<?xml version="1.0" encoding="UTF-8"?>
<testsuite xmlns:xsi="http://www.w3.org/2001/XMLSchema-instance" xsi:noNamespaceSchemaLocation="https://maven.apache.org/surefire/maven-surefire-plugin/xsd/surefire-test-report.xsd" name="org.apache.hadoop.fs.ozone.TestOzoneFileSystem" time="144.228" tests="8" errors="4" skipped="0" failures="0">
  <properties>
    <property name="awt.toolkit" value="sun.awt.X11.XToolkit"/>
    <property name="file.encoding.pkg" value="sun.io"/>
    <property name="java.specification.version" value="1.8"/>
    <property name="sun.cpu.isalist" value=""/>
    <property name="sun.jnu.encoding" value="ANSI_X3.4-1968"/>
    <property name="java.class.path" value="/workdir/hadoop-ozone/ozonefs/target/test-classes:/workdir/hadoop-ozone/ozonefs/target/classes:/home/user/.m2/repository/org/apache/hadoop/hadoop-common/3.2.0/hadoop-common-3.2.0.jar:/home/user/.m2/repository/org/apache/hadoop/hadoop-annotations/3.2.0/hadoop-annotations-3.2.0.jar:/usr/lib/jvm/java-1.8.0-openjdk-1.8.0.222.b10-1.el7_7.x86_64/jre/../lib/tools.jar:/home/user/.m2/repository/com/google/guava/guava/11.0.2/guava-11.0.2.jar:/home/user/.m2/repository/commons-cli/commons-cli/1.2/commons-cli-1.2.jar:/home/user/.m2/repository/org/apache/commons/commons-math3/3.1.1/commons-math3-3.1.1.jar:/home/user/.m2/repository/commons-codec/commons-codec/1.11/commons-codec-1.11.jar:/home/user/.m2/repository/commons-io/commons-io/2.5/commons-io-2.5.jar:/home/user/.m2/repository/commons-net/commons-net/3.6/commons-net-3.6.jar:/home/user/.m2/repository/commons-collections/commons-collections/3.2.2/commons-collections-3.2.2.jar:/home/user/.m2/repository/javax/servlet/javax.servlet-api/3.1.0/javax.servlet-api-3.1.0.jar:/home/user/.m2/repository/org/eclipse/jetty/jetty-server/9.3.25.v20180904/jetty-server-9.3.25.v20180904.jar:/home/user/.m2/repository/org/eclipse/jetty/jetty-http/9.3.25.v20180904/jetty-http-9.3.25.v20180904.jar:/home/user/.m2/repository/org/eclipse/jetty/jetty-io/9.3.25.v20180904/jetty-io-9.3.25.v20180904.jar:/home/user/.m2/repository/org/eclipse/jetty/jetty-util/9.3.25.v20180904/jetty-util-9.3.25.v20180904.jar:/home/user/.m2/repository/org/eclipse/jetty/jetty-servlet/9.3.25.v20180904/jetty-servlet-9.3.25.v20180904.jar:/home/user/.m2/repository/org/eclipse/jetty/jetty-security/9.3.25.v20180904/jetty-security-9.3.25.v20180904.jar:/home/user/.m2/repository/org/eclipse/jetty/jetty-webapp/9.3.25.v20180904/jetty-webapp-9.3.25.v20180904.jar:/home/user/.m2/repository/org/eclipse/jetty/jetty-xml/9.3.25.v20180904/jetty-xml-9.3.25.v20180904.jar:/home/user/.m2/repository/javax/servlet/jsp/jsp-api/2.1/jsp-api-2.1.jar:/home/user/.m2/repository/com/sun/jersey/jersey-core/1.19/jersey-core-1.19.jar:/home/user/.m2/repository/javax/ws/rs/jsr311-api/1.1.1/jsr311-api-1.1.1.jar:/home/user/.m2/repository/com/sun/jersey/jersey-servlet/1.19/jersey-servlet-1.19.jar:/home/user/.m2/repository/com/sun/jersey/jersey-json/1.19/jersey-json-1.19.jar:/home/user/.m2/repository/org/codehaus/jettison/jettison/1.1/jettison-1.1.jar:/home/user/.m2/repository/com/sun/xml/bind/jaxb-impl/2.3.0.1/jaxb-impl-2.3.0.1.jar:/home/user/.m2/repository/org/codehaus/jackson/jackson-core-asl/1.9.13/jackson-core-asl-1.9.13.jar:/home/user/.m2/repository/org/codehaus/jackson/jackson-mapper-asl/1.9.13/jackson-mapper-asl-1.9.13.jar:/home/user/.m2/repository/org/codehaus/jackson/jackson-jaxrs/1.9.13/jackson-jaxrs-1.9.13.jar:/home/user/.m2/repository/org/codehaus/jackson/jackson-xc/1.9.13/jackson-xc-1.9.13.jar:/home/user/.m2/repository/com/sun/jersey/jersey-server/1.19/jersey-server-1.19.jar:/home/user/.m2/repository/commons-logging/commons-logging/1.1.3/commons-logging-1.1.3.jar:/home/user/.m2/repository/log4j/log4j/1.2.17/log4j-1.2.17.jar:/home/user/.m2/repository/commons-beanutils/commons-beanutils/1.9.4/commons-beanutils-1.9.4.jar:/home/user/.m2/repository/org/apache/commons/commons-configuration2/2.1.1/commons-configuration2-2.1.1.jar:/home/user/.m2/repository/org/apache/commons/commons-lang3/3.7/commons-lang3-3.7.jar:/home/user/.m2/repository/org/apache/commons/commons-text/1.4/commons-text-1.4.jar:/home/user/.m2/repository/org/slf4j/slf4j-api/1.7.25/slf4j-api-1.7.25.jar:/home/user/.m2/repository/org/slf4j/slf4j-log4j12/1.7.25/slf4j-log4j12-1.7.25.jar:/home/user/.m2/repository/org/apache/avro/avro/1.7.7/avro-1.7.7.jar:/home/user/.m2/repository/com/thoughtworks/paranamer/paranamer/2.3/paranamer-2.3.jar:/home/user/.m2/repository/org/xerial/snappy/snappy-java/1.0.5/snappy-java-1.0.5.jar:/home/user/.m2/repository/com/google/re2j/re2j/1.1/re2j-1.1.jar:/home/user/.m2/repository/com/google/protobuf/protobuf-java/2.5.0/protobuf-java-2.5.0.jar:/home/user/.m2/repository/com/google/code/gson/gson/2.2.4/gson-2.2.4.jar:/home/user/.m2/repository/org/apache/hadoop/hadoop-auth/3.2.0/hadoop-auth-3.2.0.jar:/home/user/.m2/repository/com/nimbusds/nimbus-jose-jwt/4.41.1/nimbus-jose-jwt-4.41.1.jar:/home/user/.m2/repository/com/github/stephenc/jcip/jcip-annotations/1.0-1/jcip-annotations-1.0-1.jar:/home/user/.m2/repository/net/minidev/json-smart/2.3/json-smart-2.3.jar:/home/user/.m2/repository/net/minidev/accessors-smart/1.2/accessors-smart-1.2.jar:/home/user/.m2/repository/org/apache/curator/curator-framework/2.12.0/curator-framework-2.12.0.jar:/home/user/.m2/repository/com/jcraft/jsch/0.1.54/jsch-0.1.54.jar:/home/user/.m2/repository/org/apache/curator/curator-client/2.12.0/curator-client-2.12.0.jar:/home/user/.m2/repository/org/apache/curator/curator-recipes/2.12.0/curator-recipes-2.12.0.jar:/home/user/.m2/repository/com/google/code/findbugs/jsr305/3.0.0/jsr305-3.0.0.jar:/home/user/.m2/repository/org/apache/htrace/htrace-core4/4.1.0-incubating/htrace-core4-4.1.0-incubating.jar:/home/user/.m2/repository/org/apache/zookeeper/zookeeper/3.4.13/zookeeper-3.4.13.jar:/home/user/.m2/repository/jline/jline/0.9.94/jline-0.9.94.jar:/home/user/.m2/repository/org/apache/yetus/audience-annotations/0.5.0/audience-annotations-0.5.0.jar:/home/user/.m2/repository/org/apache/commons/commons-compress/1.4.1/commons-compress-1.4.1.jar:/home/user/.m2/repository/org/tukaani/xz/1.0/xz-1.0.jar:/home/user/.m2/repository/org/apache/kerby/kerb-simplekdc/1.0.1/kerb-simplekdc-1.0.1.jar:/home/user/.m2/repository/org/apache/kerby/kerb-client/1.0.1/kerb-client-1.0.1.jar:/home/user/.m2/repository/org/apache/kerby/kerby-config/1.0.1/kerby-config-1.0.1.jar:/home/user/.m2/repository/org/apache/kerby/kerb-core/1.0.1/kerb-core-1.0.1.jar:/home/user/.m2/repository/org/apache/kerby/kerby-pkix/1.0.1/kerby-pkix-1.0.1.jar:/home/user/.m2/repository/org/apache/kerby/kerby-asn1/1.0.1/kerby-asn1-1.0.1.jar:/home/user/.m2/repository/org/apache/kerby/kerby-util/1.0.1/kerby-util-1.0.1.jar:/home/user/.m2/repository/org/apache/kerby/kerb-common/1.0.1/kerb-common-1.0.1.jar:/home/user/.m2/repository/org/apache/kerby/kerb-crypto/1.0.1/kerb-crypto-1.0.1.jar:/home/user/.m2/repository/org/apache/kerby/kerb-util/1.0.1/kerb-util-1.0.1.jar:/home/user/.m2/repository/org/apache/kerby/token-provider/1.0.1/token-provider-1.0.1.jar:/home/user/.m2/repository/org/apache/kerby/kerb-admin/1.0.1/kerb-admin-1.0.1.jar:/home/user/.m2/repository/org/apache/kerby/kerb-server/1.0.1/kerb-server-1.0.1.jar:/home/user/.m2/repository/org/apache/kerby/kerb-identity/1.0.1/kerb-identity-1.0.1.jar:/home/user/.m2/repository/org/apache/kerby/kerby-xdr/1.0.1/kerby-xdr-1.0.1.jar:/home/user/.m2/repository/com/fasterxml/jackson/core/jackson-databind/2.9.9/jackson-databind-2.9.9.jar:/home/user/.m2/repository/com/fasterxml/jackson/core/jackson-annotations/2.9.9/jackson-annotations-2.9.9.jar:/home/user/.m2/repository/com/fasterxml/jackson/core/jackson-core/2.9.9/jackson-core-2.9.9.jar:/home/user/.m2/repository/org/codehaus/woodstox/stax2-api/3.1.4/stax2-api-3.1.4.jar:/home/user/.m2/repository/com/fasterxml/woodstox/woodstox-core/5.0.3/woodstox-core-5.0.3.jar:/home/user/.m2/repository/dnsjava/dnsjava/2.1.7/dnsjava-2.1.7.jar:/home/user/.m2/repository/org/apache/hadoop/hadoop-hdfs/3.2.0/hadoop-hdfs-3.2.0.jar:/home/user/.m2/repository/org/eclipse/jetty/jetty-util-ajax/9.3.25.v20180904/jetty-util-ajax-9.3.25.v20180904.jar:/home/user/.m2/repository/commons-daemon/commons-daemon/1.0.13/commons-daemon-1.0.13.jar:/home/user/.m2/repository/io/netty/netty/3.10.5.Final/netty-3.10.5.Final.jar:/home/user/.m2/repository/io/netty/netty-all/4.0.52.Final/netty-all-4.0.52.Final.jar:/home/user/.m2/repository/org/fusesource/leveldbjni/leveldbjni-all/1.8/leveldbjni-all-1.8.jar:/home/user/.m2/repository/org/apache/hadoop/hadoop-hdds-common/0.5.0-SNAPSHOT/hadoop-hdds-common-0.5.0-SNAPSHOT.jar:/home/user/.m2/repository/org/apache/hadoop/hadoop-hdds-config/0.5.0-SNAPSHOT/hadoop-hdds-config-0.5.0-SNAPSHOT.jar:/home/user/.m2/repository/javax/annotation/javax.annotation-api/1.2/javax.annotation-api-1.2.jar:/home/user/.m2/repository/org/apache/ratis/ratis-server/0.5.0-3f446aa-SNAPSHOT/ratis-server-0.5.0-3f446aa-SNAPSHOT.jar:/home/user/.m2/repository/org/apache/ratis/ratis-thirdparty-misc/0.2.0/ratis-thirdparty-misc-0.2.0.jar:/home/user/.m2/repository/org/apache/ratis/ratis-proto/0.5.0-3f446aa-SNAPSHOT/ratis-proto-0.5.0-3f446aa-SNAPSHOT.jar:/home/user/.m2/repository/org/apache/ratis/ratis-common/0.5.0-3f446aa-SNAPSHOT/ratis-common-0.5.0-3f446aa-SNAPSHOT.jar:/home/user/.m2/repository/org/apache/ratis/ratis-client/0.5.0-3f446aa-SNAPSHOT/ratis-client-0.5.0-3f446aa-SNAPSHOT.jar:/home/user/.m2/repository/org/apache/ratis/ratis-metrics/0.5.0-3f446aa-SNAPSHOT/ratis-metrics-0.5.0-3f446aa-SNAPSHOT.jar:/home/user/.m2/repository/com/github/joshelser/dropwizard-metrics-hadoop-metrics2-reporter/0.1.2/dropwizard-metrics-hadoop-metrics2-reporter-0.1.2.jar:/home/user/.m2/repository/io/dropwizard/metrics/metrics-jvm/3.2.5/metrics-jvm-3.2.5.jar:/home/user/.m2/repository/io/dropwizard/metrics/metrics-ganglia/3.2.5/metrics-ganglia-3.2.5.jar:/home/user/.m2/repository/info/ganglia/gmetric4j/gmetric4j/1.0.7/gmetric4j-1.0.7.jar:/home/user/.m2/repository/org/apache/ratis/ratis-netty/0.5.0-3f446aa-SNAPSHOT/ratis-netty-0.5.0-3f446aa-SNAPSHOT.jar:/home/user/.m2/repository/org/apache/ratis/ratis-grpc/0.5.0-3f446aa-SNAPSHOT/ratis-grpc-0.5.0-3f446aa-SNAPSHOT.jar:/home/user/.m2/repository/org/rocksdb/rocksdbjni/6.0.1/rocksdbjni-6.0.1.jar:/home/user/.m2/repository/org/apache/logging/log4j/log4j-api/2.11.0/log4j-api-2.11.0.jar:/home/user/.m2/repository/org/apache/logging/log4j/log4j-core/2.11.0/log4j-core-2.11.0.jar:/home/user/.m2/repository/com/lmax/disruptor/3.4.2/disruptor-3.4.2.jar:/home/user/.m2/repository/org/apache/commons/commons-pool2/2.6.0/commons-pool2-2.6.0.jar:/home/user/.m2/repository/org/bouncycastle/bcpkix-jdk15on/1.60/bcpkix-jdk15on-1.60.jar:/home/user/.m2/repository/commons-validator/commons-validator/1.6/commons-validator-1.6.jar:/home/user/.m2/repository/commons-digester/commons-digester/1.8.1/commons-digester-1.8.1.jar:/home/user/.m2/repository/io/jaegertracing/jaeger-client/0.34.0/jaeger-client-0.34.0.jar:/home/user/.m2/repository/io/jaegertracing/jaeger-thrift/0.34.0/jaeger-thrift-0.34.0.jar:/home/user/.m2/repository/org/apache/thrift/libthrift/0.12.0/libthrift-0.12.0.jar:/home/user/.m2/repository/com/squareup/okhttp3/okhttp/3.9.0/okhttp-3.9.0.jar:/home/user/.m2/repository/com/squareup/okio/okio/1.13.0/okio-1.13.0.jar:/home/user/.m2/repository/io/jaegertracing/jaeger-core/0.34.0/jaeger-core-0.34.0.jar:/home/user/.m2/repository/io/jaegertracing/jaeger-tracerresolver/0.34.0/jaeger-tracerresolver-0.34.0.jar:/home/user/.m2/repository/io/opentracing/contrib/opentracing-tracerresolver/0.1.5/opentracing-tracerresolver-0.1.5.jar:/home/user/.m2/repository/io/opentracing/opentracing-util/0.31.0/opentracing-util-0.31.0.jar:/home/user/.m2/repository/io/opentracing/opentracing-api/0.31.0/opentracing-api-0.31.0.jar:/home/user/.m2/repository/io/opentracing/opentracing-noop/0.31.0/opentracing-noop-0.31.0.jar:/home/user/.m2/repository/org/yaml/snakeyaml/1.16/snakeyaml-1.16.jar:/home/user/.m2/repository/org/apache/hadoop/hadoop-hdfs-client/3.2.0/hadoop-hdfs-client-3.2.0.jar:/home/user/.m2/repository/info/picocli/picocli/3.9.6/picocli-3.9.6.jar:/home/user/.m2/repository/org/apache/hadoop/hadoop-hdds-server-scm/0.5.0-SNAPSHOT/hadoop-hdds-server-scm-0.5.0-SNAPSHOT.jar:/home/user/.m2/repository/org/apache/hadoop/hadoop-hdds-docs/0.5.0-SNAPSHOT/hadoop-hdds-docs-0.5.0-SNAPSHOT.jar:/home/user/.m2/repository/io/dropwizard/metrics/metrics-core/3.2.4/metrics-core-3.2.4.jar:/home/user/.m2/repository/org/hamcrest/hamcrest-all/1.3/hamcrest-all-1.3.jar:/home/user/.m2/repository/org/bouncycastle/bcprov-jdk15on/1.60/bcprov-jdk15on-1.60.jar:/home/user/.m2/repository/org/apache/hadoop/hadoop-hdds-server-framework/0.5.0-SNAPSHOT/hadoop-hdds-server-framework-0.5.0-SNAPSHOT.jar:/home/user/.m2/repository/org/apache/hadoop/hadoop-ozone-ozone-manager/0.5.0-SNAPSHOT/hadoop-ozone-ozone-manager-0.5.0-SNAPSHOT.jar:/home/user/.m2/repository/org/apache/hadoop/hadoop-hdds-container-service/0.5.0-SNAPSHOT/hadoop-hdds-container-service-0.5.0-SNAPSHOT.jar:/home/user/.m2/repository/org/apache/hadoop/hadoop-hdds-client/0.5.0-SNAPSHOT/hadoop-hdds-client-0.5.0-SNAPSHOT.jar:/home/user/.m2/repository/org/apache/hadoop/hadoop-ozone-common/0.5.0-SNAPSHOT/hadoop-ozone-common-0.5.0-SNAPSHOT.jar:/home/user/.m2/repository/org/apache/hadoop/hadoop-hdds-tools/0.5.0-SNAPSHOT/hadoop-hdds-tools-0.5.0-SNAPSHOT.jar:/home/user/.m2/repository/org/xerial/sqlite-jdbc/3.25.2/sqlite-jdbc-3.25.2.jar:/home/user/.m2/repository/org/apache/httpcomponents/httpclient/4.5.2/httpclient-4.5.2.jar:/home/user/.m2/repository/org/apache/httpcomponents/httpcore/4.4.4/httpcore-4.4.4.jar:/home/user/.m2/repository/com/github/spotbugs/spotbugs/3.1.12/spotbugs-3.1.12.jar:/home/user/.m2/repository/org/ow2/asm/asm/5.0.4/asm-5.0.4.jar:/home/user/.m2/repository/org/ow2/asm/asm-analysis/7.0/asm-analysis-7.0.jar:/home/user/.m2/repository/org/ow2/asm/asm-commons/7.0/asm-commons-7.0.jar:/home/user/.m2/repository/org/ow2/asm/asm-tree/7.0/asm-tree-7.0.jar:/home/user/.m2/repository/org/ow2/asm/asm-util/7.0/asm-util-7.0.jar:/home/user/.m2/repository/org/apache/bcel/bcel/6.3/bcel-6.3.jar:/home/user/.m2/repository/net/jcip/jcip-annotations/1.0/jcip-annotations-1.0.jar:/home/user/.m2/repository/org/dom4j/dom4j/2.1.1/dom4j-2.1.1.jar:/home/user/.m2/repository/jaxen/jaxen/1.1.6/jaxen-1.1.6.jar:/home/user/.m2/repository/commons-lang/commons-lang/2.6/commons-lang-2.6.jar:/home/user/.m2/repository/com/github/spotbugs/spotbugs-annotations/3.1.12/spotbugs-annotations-3.1.12.jar:/home/user/.m2/repository/org/apache/hadoop/hadoop-common/3.2.0/hadoop-common-3.2.0-tests.jar:/home/user/.m2/repository/org/apache/hadoop/hadoop-ozone-client/0.5.0-SNAPSHOT/hadoop-ozone-client-0.5.0-SNAPSHOT.jar:/home/user/.m2/repository/org/apache/hadoop/hadoop-hdfs/3.2.0/hadoop-hdfs-3.2.0-tests.jar:/workdir/hadoop-ozone/integration-test/target/test-classes:/home/user/.m2/repository/org/apache/hadoop/hadoop-ozone-s3gateway/0.5.0-SNAPSHOT/hadoop-ozone-s3gateway-0.5.0-SNAPSHOT.jar:/home/user/.m2/repository/org/jboss/weld/servlet/weld-servlet/2.4.7.Final/weld-servlet-2.4.7.Final.jar:/home/user/.m2/repository/org/glassfish/jersey/containers/jersey-container-servlet-core/2.27/jersey-container-servlet-core-2.27.jar:/home/user/.m2/repository/org/glassfish/hk2/external/javax.inject/2.5.0-b42/javax.inject-2.5.0-b42.jar:/home/user/.m2/repository/org/glassfish/jersey/core/jersey-common/2.27/jersey-common-2.27.jar:/home/user/.m2/repository/org/glassfish/hk2/osgi-resource-locator/1.0.1/osgi-resource-locator-1.0.1.jar:/home/user/.m2/repository/javax/ws/rs/javax.ws.rs-api/2.1/javax.ws.rs-api-2.1.jar:/home/user/.m2/repository/org/glassfish/jersey/ext/cdi/jersey-cdi1x/2.27/jersey-cdi1x-2.27.jar:/home/user/.m2/repository/org/glassfish/jersey/inject/jersey-hk2/2.27/jersey-hk2-2.27.jar:/home/user/.m2/repository/org/glassfish/hk2/hk2-locator/2.5.0-b42/hk2-locator-2.5.0-b42.jar:/home/user/.m2/repository/org/javassist/javassist/3.22.0-CR2/javassist-3.22.0-CR2.jar:/home/user/.m2/repository/org/glassfish/hk2/hk2-api/2.5.0/hk2-api-2.5.0.jar:/home/user/.m2/repository/org/glassfish/hk2/external/jakarta.inject/2.5.0/jakarta.inject-2.5.0.jar:/home/user/.m2/repository/org/glassfish/hk2/hk2-utils/2.5.0/hk2-utils-2.5.0.jar:/home/user/.m2/repository/jakarta/annotation/jakarta.annotation-api/1.3.4/jakarta.annotation-api-1.3.4.jar:/home/user/.m2/repository/org/glassfish/hk2/external/aopalliance-repackaged/2.5.0/aopalliance-repackaged-2.5.0.jar:/home/user/.m2/repository/com/fasterxml/jackson/dataformat/jackson-dataformat-xml/2.9.0/jackson-dataformat-xml-2.9.0.jar:/home/user/.m2/repository/com/fasterxml/jackson/module/jackson-module-jaxb-annotations/2.9.9/jackson-module-jaxb-annotations-2.9.9.jar:/home/user/.m2/repository/javax/enterprise/cdi-api/1.2/cdi-api-1.2.jar:/home/user/.m2/repository/javax/el/javax.el-api/3.0.0/javax.el-api-3.0.0.jar:/home/user/.m2/repository/javax/interceptor/javax.interceptor-api/1.2/javax.interceptor-api-1.2.jar:/home/user/.m2/repository/javax/inject/javax.inject/1/javax.inject-1.jar:/home/user/.m2/repository/com/sun/xml/bind/jaxb-core/2.3.0.1/jaxb-core-2.3.0.1.jar:/home/user/.m2/repository/javax/xml/bind/jaxb-api/2.3.0/jaxb-api-2.3.0.jar:/home/user/.m2/repository/javax/activation/activation/1.1.1/activation-1.1.1.jar:/home/user/.m2/repository/org/apache/hadoop/hadoop-ozone-csi/0.5.0-SNAPSHOT/hadoop-ozone-csi-0.5.0-SNAPSHOT.jar:/home/user/.m2/repository/com/google/protobuf/protobuf-java-util/3.5.1/protobuf-java-util-3.5.1.jar:/home/user/.m2/repository/io/grpc/grpc-netty/1.17.1/grpc-netty-1.17.1.jar:/home/user/.m2/repository/io/grpc/grpc-core/1.17.1/grpc-core-1.17.1.jar:/home/user/.m2/repository/io/grpc/grpc-context/1.17.1/grpc-context-1.17.1.jar:/home/user/.m2/repository/com/google/errorprone/error_prone_annotations/2.2.0/error_prone_annotations-2.2.0.jar:/home/user/.m2/repository/org/codehaus/mojo/animal-sniffer-annotations/1.17/animal-sniffer-annotations-1.17.jar:/home/user/.m2/repository/io/opencensus/opencensus-api/0.17.0/opencensus-api-0.17.0.jar:/home/user/.m2/repository/io/opencensus/opencensus-contrib-grpc-metrics/0.17.0/opencensus-contrib-grpc-metrics-0.17.0.jar:/home/user/.m2/repository/io/netty/netty-codec-http2/4.1.30.Final/netty-codec-http2-4.1.30.Final.jar:/home/user/.m2/repository/io/netty/netty-codec-http/4.1.30.Final/netty-codec-http-4.1.30.Final.jar:/home/user/.m2/repository/io/netty/netty-codec/4.1.30.Final/netty-codec-4.1.30.Final.jar:/home/user/.m2/repository/io/netty/netty-handler/4.1.30.Final/netty-handler-4.1.30.Final.jar:/home/user/.m2/repository/io/netty/netty-handler-proxy/4.1.30.Final/netty-handler-proxy-4.1.30.Final.jar:/home/user/.m2/repository/io/netty/netty-codec-socks/4.1.30.Final/netty-codec-socks-4.1.30.Final.jar:/home/user/.m2/repository/io/netty/netty-transport-native-epoll/4.1.30.Final/netty-transport-native-epoll-4.1.30.Final.jar:/home/user/.m2/repository/io/netty/netty-common/4.1.30.Final/netty-common-4.1.30.Final.jar:/home/user/.m2/repository/io/netty/netty-buffer/4.1.30.Final/netty-buffer-4.1.30.Final.jar:/home/user/.m2/repository/io/netty/netty-transport/4.1.30.Final/netty-transport-4.1.30.Final.jar:/home/user/.m2/repository/io/netty/netty-resolver/4.1.30.Final/netty-resolver-4.1.30.Final.jar:/home/user/.m2/repository/io/netty/netty-transport-native-unix-common/4.1.30.Final/netty-transport-native-unix-common-4.1.30.Final.jar:/home/user/.m2/repository/io/grpc/grpc-protobuf/1.17.1/grpc-protobuf-1.17.1.jar:/home/user/.m2/repository/com/google/api/grpc/proto-google-common-protos/1.0.0/proto-google-common-protos-1.0.0.jar:/home/user/.m2/repository/io/grpc/grpc-protobuf-lite/1.17.1/grpc-protobuf-lite-1.17.1.jar:/home/user/.m2/repository/io/grpc/grpc-stub/1.17.1/grpc-stub-1.17.1.jar:/home/user/.m2/repository/org/apache/hadoop/hadoop-ozone-recon/0.5.0-SNAPSHOT/hadoop-ozone-recon-0.5.0-SNAPSHOT.jar:/home/user/.m2/repository/org/apache/hadoop/hadoop-ozone-reconcodegen/0.5.0-SNAPSHOT/hadoop-ozone-reconcodegen-0.5.0-SNAPSHOT.jar:/home/user/.m2/repository/com/google/inject/extensions/guice-multibindings/4.0/guice-multibindings-4.0.jar:/home/user/.m2/repository/com/google/inject/guice/4.0/guice-4.0.jar:/home/user/.m2/repository/aopalliance/aopalliance/1.0/aopalliance-1.0.jar:/home/user/.m2/repository/org/glassfish/jersey/containers/jersey-container-servlet/2.27/jersey-container-servlet-2.27.jar:/home/user/.m2/repository/org/glassfish/hk2/guice-bridge/2.5.0/guice-bridge-2.5.0.jar:/home/user/.m2/repository/org/glassfish/jersey/core/jersey-server/2.27/jersey-server-2.27.jar:/home/user/.m2/repository/org/glassfish/jersey/core/jersey-client/2.27/jersey-client-2.27.jar:/home/user/.m2/repository/org/glassfish/jersey/media/jersey-media-jaxb/2.27/jersey-media-jaxb-2.27.jar:/home/user/.m2/repository/javax/validation/validation-api/1.1.0.Final/validation-api-1.1.0.Final.jar:/home/user/.m2/repository/org/glassfish/jersey/media/jersey-media-json-jackson/2.27/jersey-media-json-jackson-2.27.jar:/home/user/.m2/repository/org/glassfish/jersey/ext/jersey-entity-filtering/2.27/jersey-entity-filtering-2.27.jar:/home/user/.m2/repository/com/google/inject/extensions/guice-assistedinject/4.0/guice-assistedinject-4.0.jar:/home/user/.m2/repository/org/jooq/jooq/3.11.10/jooq-3.11.10.jar:/home/user/.m2/repository/org/jooq/jooq-meta/3.11.10/jooq-meta-3.11.10.jar:/home/user/.m2/repository/org/jooq/jooq-codegen/3.11.10/jooq-codegen-3.11.10.jar:/home/user/.m2/repository/com/jolbox/bonecp/0.8.0.RELEASE/bonecp-0.8.0.RELEASE.jar:/home/user/.m2/repository/org/springframework/spring-jdbc/5.1.3.RELEASE/spring-jdbc-5.1.3.RELEASE.jar:/home/user/.m2/repository/org/springframework/spring-beans/5.1.3.RELEASE/spring-beans-5.1.3.RELEASE.jar:/home/user/.m2/repository/org/springframework/spring-core/5.1.3.RELEASE/spring-core-5.1.3.RELEASE.jar:/home/user/.m2/repository/org/springframework/spring-jcl/5.1.3.RELEASE/spring-jcl-5.1.3.RELEASE.jar:/home/user/.m2/repository/org/springframework/spring-tx/5.1.3.RELEASE/spring-tx-5.1.3.RELEASE.jar:/home/user/.m2/repository/org/mockito/mockito-all/1.10.19/mockito-all-1.10.19.jar:/home/user/.m2/repository/junit/junit/4.11/junit-4.11.jar:/home/user/.m2/repository/org/hamcrest/hamcrest-core/1.3/hamcrest-core-1.3.jar:/home/user/.m2/repository/org/apache/hadoop/hadoop-distcp/3.2.0/hadoop-distcp-3.2.0.jar:/home/user/.m2/repository/org/apache/hadoop/hadoop-distcp/3.2.0/hadoop-distcp-3.2.0-tests.jar:/home/user/.m2/repository/org/apache/hadoop/hadoop-mapreduce-client-jobclient/3.2.0/hadoop-mapreduce-client-jobclient-3.2.0.jar:/home/user/.m2/repository/org/apache/hadoop/hadoop-mapreduce-client-common/3.2.0/hadoop-mapreduce-client-common-3.2.0.jar:/home/user/.m2/repository/org/apache/hadoop/hadoop-yarn-common/3.2.0/hadoop-yarn-common-3.2.0.jar:/home/user/.m2/repository/org/apache/hadoop/hadoop-yarn-api/3.2.0/hadoop-yarn-api-3.2.0.jar:/home/user/.m2/repository/com/sun/jersey/jersey-client/1.19/jersey-client-1.19.jar:/home/user/.m2/repository/com/sun/jersey/contribs/jersey-guice/1.19/jersey-guice-1.19.jar:/home/user/.m2/repository/com/fasterxml/jackson/jaxrs/jackson-jaxrs-json-provider/2.9.9/jackson-jaxrs-json-provider-2.9.9.jar:/home/user/.m2/repository/com/fasterxml/jackson/jaxrs/jackson-jaxrs-base/2.9.9/jackson-jaxrs-base-2.9.9.jar:/home/user/.m2/repository/org/apache/hadoop/hadoop-yarn-client/3.2.0/hadoop-yarn-client-3.2.0.jar:/home/user/.m2/repository/org/apache/hadoop/hadoop-mapreduce-client-core/3.2.0/hadoop-mapreduce-client-core-3.2.0.jar:/home/user/.m2/repository/com/google/inject/extensions/guice-servlet/4.0/guice-servlet-4.0.jar:/home/user/.m2/repository/org/powermock/powermock-module-junit4/1.6.5/powermock-module-junit4-1.6.5.jar:/home/user/.m2/repository/org/powermock/powermock-module-junit4-common/1.6.5/powermock-module-junit4-common-1.6.5.jar:/home/user/.m2/repository/org/powermock/powermock-core/1.6.5/powermock-core-1.6.5.jar:/home/user/.m2/repository/org/powermock/powermock-reflect/1.6.5/powermock-reflect-1.6.5.jar:/home/user/.m2/repository/org/powermock/powermock-api-mockito/1.6.5/powermock-api-mockito-1.6.5.jar:/home/user/.m2/repository/org/mockito/mockito-core/1.10.19/mockito-core-1.10.19.jar:/home/user/.m2/repository/org/objenesis/objenesis/1.0/objenesis-1.0.jar:/home/user/.m2/repository/org/powermock/powermock-api-mockito-common/1.6.5/powermock-api-mockito-common-1.6.5.jar:/home/user/.m2/repository/org/powermock/powermock-api-support/1.6.5/powermock-api-support-1.6.5.jar:"/>
    <property name="java.vm.vendor" value="Oracle Corporation"/>
    <property name="sun.arch.data.model" value="64"/>
    <property name="test.build.dir" value="/workdir/hadoop-ozone/ozonefs/target/test-dir"/>
    <property name="test.cache.data" value=""/>
    <property name="java.vendor.url" value="http://java.oracle.com/"/>
    <property name="user.timezone" value=""/>
    <property name="java.vm.specification.version" value="1.8"/>
    <property name="os.name" value="Linux"/>
    <property name="test.build.data" value="/workdir/hadoop-ozone/ozonefs/target/test-dir"/>
    <property name="user.country" value="US"/>
    <property name="sun.java.launcher" value="SUN_STANDARD"/>
    <property name="sun.boot.library.path" value="/usr/lib/jvm/java-1.8.0-openjdk-1.8.0.222.b10-1.el7_7.x86_64/jre/lib/amd64"/>
    <property name="sun.java.command" value="/workdir/hadoop-ozone/ozonefs/target/surefire/surefirebooter9176346964803407071.jar /workdir/hadoop-ozone/ozonefs/target/surefire 2019-10-16T05-16-23_122-jvmRun1 surefire5733434531550497808tmp surefire_931206260052395757926tmp"/>
    <property name="surefire.test.class.path" value="/workdir/hadoop-ozone/ozonefs/target/test-classes:/workdir/hadoop-ozone/ozonefs/target/classes:/home/user/.m2/repository/org/apache/hadoop/hadoop-common/3.2.0/hadoop-common-3.2.0.jar:/home/user/.m2/repository/org/apache/hadoop/hadoop-annotations/3.2.0/hadoop-annotations-3.2.0.jar:/usr/lib/jvm/java-1.8.0-openjdk-1.8.0.222.b10-1.el7_7.x86_64/jre/../lib/tools.jar:/home/user/.m2/repository/com/google/guava/guava/11.0.2/guava-11.0.2.jar:/home/user/.m2/repository/commons-cli/commons-cli/1.2/commons-cli-1.2.jar:/home/user/.m2/repository/org/apache/commons/commons-math3/3.1.1/commons-math3-3.1.1.jar:/home/user/.m2/repository/commons-codec/commons-codec/1.11/commons-codec-1.11.jar:/home/user/.m2/repository/commons-io/commons-io/2.5/commons-io-2.5.jar:/home/user/.m2/repository/commons-net/commons-net/3.6/commons-net-3.6.jar:/home/user/.m2/repository/commons-collections/commons-collections/3.2.2/commons-collections-3.2.2.jar:/home/user/.m2/repository/javax/servlet/javax.servlet-api/3.1.0/javax.servlet-api-3.1.0.jar:/home/user/.m2/repository/org/eclipse/jetty/jetty-server/9.3.25.v20180904/jetty-server-9.3.25.v20180904.jar:/home/user/.m2/repository/org/eclipse/jetty/jetty-http/9.3.25.v20180904/jetty-http-9.3.25.v20180904.jar:/home/user/.m2/repository/org/eclipse/jetty/jetty-io/9.3.25.v20180904/jetty-io-9.3.25.v20180904.jar:/home/user/.m2/repository/org/eclipse/jetty/jetty-util/9.3.25.v20180904/jetty-util-9.3.25.v20180904.jar:/home/user/.m2/repository/org/eclipse/jetty/jetty-servlet/9.3.25.v20180904/jetty-servlet-9.3.25.v20180904.jar:/home/user/.m2/repository/org/eclipse/jetty/jetty-security/9.3.25.v20180904/jetty-security-9.3.25.v20180904.jar:/home/user/.m2/repository/org/eclipse/jetty/jetty-webapp/9.3.25.v20180904/jetty-webapp-9.3.25.v20180904.jar:/home/user/.m2/repository/org/eclipse/jetty/jetty-xml/9.3.25.v20180904/jetty-xml-9.3.25.v20180904.jar:/home/user/.m2/repository/javax/servlet/jsp/jsp-api/2.1/jsp-api-2.1.jar:/home/user/.m2/repository/com/sun/jersey/jersey-core/1.19/jersey-core-1.19.jar:/home/user/.m2/repository/javax/ws/rs/jsr311-api/1.1.1/jsr311-api-1.1.1.jar:/home/user/.m2/repository/com/sun/jersey/jersey-servlet/1.19/jersey-servlet-1.19.jar:/home/user/.m2/repository/com/sun/jersey/jersey-json/1.19/jersey-json-1.19.jar:/home/user/.m2/repository/org/codehaus/jettison/jettison/1.1/jettison-1.1.jar:/home/user/.m2/repository/com/sun/xml/bind/jaxb-impl/2.3.0.1/jaxb-impl-2.3.0.1.jar:/home/user/.m2/repository/org/codehaus/jackson/jackson-core-asl/1.9.13/jackson-core-asl-1.9.13.jar:/home/user/.m2/repository/org/codehaus/jackson/jackson-mapper-asl/1.9.13/jackson-mapper-asl-1.9.13.jar:/home/user/.m2/repository/org/codehaus/jackson/jackson-jaxrs/1.9.13/jackson-jaxrs-1.9.13.jar:/home/user/.m2/repository/org/codehaus/jackson/jackson-xc/1.9.13/jackson-xc-1.9.13.jar:/home/user/.m2/repository/com/sun/jersey/jersey-server/1.19/jersey-server-1.19.jar:/home/user/.m2/repository/commons-logging/commons-logging/1.1.3/commons-logging-1.1.3.jar:/home/user/.m2/repository/log4j/log4j/1.2.17/log4j-1.2.17.jar:/home/user/.m2/repository/commons-beanutils/commons-beanutils/1.9.4/commons-beanutils-1.9.4.jar:/home/user/.m2/repository/org/apache/commons/commons-configuration2/2.1.1/commons-configuration2-2.1.1.jar:/home/user/.m2/repository/org/apache/commons/commons-lang3/3.7/commons-lang3-3.7.jar:/home/user/.m2/repository/org/apache/commons/commons-text/1.4/commons-text-1.4.jar:/home/user/.m2/repository/org/slf4j/slf4j-api/1.7.25/slf4j-api-1.7.25.jar:/home/user/.m2/repository/org/slf4j/slf4j-log4j12/1.7.25/slf4j-log4j12-1.7.25.jar:/home/user/.m2/repository/org/apache/avro/avro/1.7.7/avro-1.7.7.jar:/home/user/.m2/repository/com/thoughtworks/paranamer/paranamer/2.3/paranamer-2.3.jar:/home/user/.m2/repository/org/xerial/snappy/snappy-java/1.0.5/snappy-java-1.0.5.jar:/home/user/.m2/repository/com/google/re2j/re2j/1.1/re2j-1.1.jar:/home/user/.m2/repository/com/google/protobuf/protobuf-java/2.5.0/protobuf-java-2.5.0.jar:/home/user/.m2/repository/com/google/code/gson/gson/2.2.4/gson-2.2.4.jar:/home/user/.m2/repository/org/apache/hadoop/hadoop-auth/3.2.0/hadoop-auth-3.2.0.jar:/home/user/.m2/repository/com/nimbusds/nimbus-jose-jwt/4.41.1/nimbus-jose-jwt-4.41.1.jar:/home/user/.m2/repository/com/github/stephenc/jcip/jcip-annotations/1.0-1/jcip-annotations-1.0-1.jar:/home/user/.m2/repository/net/minidev/json-smart/2.3/json-smart-2.3.jar:/home/user/.m2/repository/net/minidev/accessors-smart/1.2/accessors-smart-1.2.jar:/home/user/.m2/repository/org/apache/curator/curator-framework/2.12.0/curator-framework-2.12.0.jar:/home/user/.m2/repository/com/jcraft/jsch/0.1.54/jsch-0.1.54.jar:/home/user/.m2/repository/org/apache/curator/curator-client/2.12.0/curator-client-2.12.0.jar:/home/user/.m2/repository/org/apache/curator/curator-recipes/2.12.0/curator-recipes-2.12.0.jar:/home/user/.m2/repository/com/google/code/findbugs/jsr305/3.0.0/jsr305-3.0.0.jar:/home/user/.m2/repository/org/apache/htrace/htrace-core4/4.1.0-incubating/htrace-core4-4.1.0-incubating.jar:/home/user/.m2/repository/org/apache/zookeeper/zookeeper/3.4.13/zookeeper-3.4.13.jar:/home/user/.m2/repository/jline/jline/0.9.94/jline-0.9.94.jar:/home/user/.m2/repository/org/apache/yetus/audience-annotations/0.5.0/audience-annotations-0.5.0.jar:/home/user/.m2/repository/org/apache/commons/commons-compress/1.4.1/commons-compress-1.4.1.jar:/home/user/.m2/repository/org/tukaani/xz/1.0/xz-1.0.jar:/home/user/.m2/repository/org/apache/kerby/kerb-simplekdc/1.0.1/kerb-simplekdc-1.0.1.jar:/home/user/.m2/repository/org/apache/kerby/kerb-client/1.0.1/kerb-client-1.0.1.jar:/home/user/.m2/repository/org/apache/kerby/kerby-config/1.0.1/kerby-config-1.0.1.jar:/home/user/.m2/repository/org/apache/kerby/kerb-core/1.0.1/kerb-core-1.0.1.jar:/home/user/.m2/repository/org/apache/kerby/kerby-pkix/1.0.1/kerby-pkix-1.0.1.jar:/home/user/.m2/repository/org/apache/kerby/kerby-asn1/1.0.1/kerby-asn1-1.0.1.jar:/home/user/.m2/repository/org/apache/kerby/kerby-util/1.0.1/kerby-util-1.0.1.jar:/home/user/.m2/repository/org/apache/kerby/kerb-common/1.0.1/kerb-common-1.0.1.jar:/home/user/.m2/repository/org/apache/kerby/kerb-crypto/1.0.1/kerb-crypto-1.0.1.jar:/home/user/.m2/repository/org/apache/kerby/kerb-util/1.0.1/kerb-util-1.0.1.jar:/home/user/.m2/repository/org/apache/kerby/token-provider/1.0.1/token-provider-1.0.1.jar:/home/user/.m2/repository/org/apache/kerby/kerb-admin/1.0.1/kerb-admin-1.0.1.jar:/home/user/.m2/repository/org/apache/kerby/kerb-server/1.0.1/kerb-server-1.0.1.jar:/home/user/.m2/repository/org/apache/kerby/kerb-identity/1.0.1/kerb-identity-1.0.1.jar:/home/user/.m2/repository/org/apache/kerby/kerby-xdr/1.0.1/kerby-xdr-1.0.1.jar:/home/user/.m2/repository/com/fasterxml/jackson/core/jackson-databind/2.9.9/jackson-databind-2.9.9.jar:/home/user/.m2/repository/com/fasterxml/jackson/core/jackson-annotations/2.9.9/jackson-annotations-2.9.9.jar:/home/user/.m2/repository/com/fasterxml/jackson/core/jackson-core/2.9.9/jackson-core-2.9.9.jar:/home/user/.m2/repository/org/codehaus/woodstox/stax2-api/3.1.4/stax2-api-3.1.4.jar:/home/user/.m2/repository/com/fasterxml/woodstox/woodstox-core/5.0.3/woodstox-core-5.0.3.jar:/home/user/.m2/repository/dnsjava/dnsjava/2.1.7/dnsjava-2.1.7.jar:/home/user/.m2/repository/org/apache/hadoop/hadoop-hdfs/3.2.0/hadoop-hdfs-3.2.0.jar:/home/user/.m2/repository/org/eclipse/jetty/jetty-util-ajax/9.3.25.v20180904/jetty-util-ajax-9.3.25.v20180904.jar:/home/user/.m2/repository/commons-daemon/commons-daemon/1.0.13/commons-daemon-1.0.13.jar:/home/user/.m2/repository/io/netty/netty/3.10.5.Final/netty-3.10.5.Final.jar:/home/user/.m2/repository/io/netty/netty-all/4.0.52.Final/netty-all-4.0.52.Final.jar:/home/user/.m2/repository/org/fusesource/leveldbjni/leveldbjni-all/1.8/leveldbjni-all-1.8.jar:/home/user/.m2/repository/org/apache/hadoop/hadoop-hdds-common/0.5.0-SNAPSHOT/hadoop-hdds-common-0.5.0-SNAPSHOT.jar:/home/user/.m2/repository/org/apache/hadoop/hadoop-hdds-config/0.5.0-SNAPSHOT/hadoop-hdds-config-0.5.0-SNAPSHOT.jar:/home/user/.m2/repository/javax/annotation/javax.annotation-api/1.2/javax.annotation-api-1.2.jar:/home/user/.m2/repository/org/apache/ratis/ratis-server/0.5.0-3f446aa-SNAPSHOT/ratis-server-0.5.0-3f446aa-SNAPSHOT.jar:/home/user/.m2/repository/org/apache/ratis/ratis-thirdparty-misc/0.2.0/ratis-thirdparty-misc-0.2.0.jar:/home/user/.m2/repository/org/apache/ratis/ratis-proto/0.5.0-3f446aa-SNAPSHOT/ratis-proto-0.5.0-3f446aa-SNAPSHOT.jar:/home/user/.m2/repository/org/apache/ratis/ratis-common/0.5.0-3f446aa-SNAPSHOT/ratis-common-0.5.0-3f446aa-SNAPSHOT.jar:/home/user/.m2/repository/org/apache/ratis/ratis-client/0.5.0-3f446aa-SNAPSHOT/ratis-client-0.5.0-3f446aa-SNAPSHOT.jar:/home/user/.m2/repository/org/apache/ratis/ratis-metrics/0.5.0-3f446aa-SNAPSHOT/ratis-metrics-0.5.0-3f446aa-SNAPSHOT.jar:/home/user/.m2/repository/com/github/joshelser/dropwizard-metrics-hadoop-metrics2-reporter/0.1.2/dropwizard-metrics-hadoop-metrics2-reporter-0.1.2.jar:/home/user/.m2/repository/io/dropwizard/metrics/metrics-jvm/3.2.5/metrics-jvm-3.2.5.jar:/home/user/.m2/repository/io/dropwizard/metrics/metrics-ganglia/3.2.5/metrics-ganglia-3.2.5.jar:/home/user/.m2/repository/info/ganglia/gmetric4j/gmetric4j/1.0.7/gmetric4j-1.0.7.jar:/home/user/.m2/repository/org/apache/ratis/ratis-netty/0.5.0-3f446aa-SNAPSHOT/ratis-netty-0.5.0-3f446aa-SNAPSHOT.jar:/home/user/.m2/repository/org/apache/ratis/ratis-grpc/0.5.0-3f446aa-SNAPSHOT/ratis-grpc-0.5.0-3f446aa-SNAPSHOT.jar:/home/user/.m2/repository/org/rocksdb/rocksdbjni/6.0.1/rocksdbjni-6.0.1.jar:/home/user/.m2/repository/org/apache/logging/log4j/log4j-api/2.11.0/log4j-api-2.11.0.jar:/home/user/.m2/repository/org/apache/logging/log4j/log4j-core/2.11.0/log4j-core-2.11.0.jar:/home/user/.m2/repository/com/lmax/disruptor/3.4.2/disruptor-3.4.2.jar:/home/user/.m2/repository/org/apache/commons/commons-pool2/2.6.0/commons-pool2-2.6.0.jar:/home/user/.m2/repository/org/bouncycastle/bcpkix-jdk15on/1.60/bcpkix-jdk15on-1.60.jar:/home/user/.m2/repository/commons-validator/commons-validator/1.6/commons-validator-1.6.jar:/home/user/.m2/repository/commons-digester/commons-digester/1.8.1/commons-digester-1.8.1.jar:/home/user/.m2/repository/io/jaegertracing/jaeger-client/0.34.0/jaeger-client-0.34.0.jar:/home/user/.m2/repository/io/jaegertracing/jaeger-thrift/0.34.0/jaeger-thrift-0.34.0.jar:/home/user/.m2/repository/org/apache/thrift/libthrift/0.12.0/libthrift-0.12.0.jar:/home/user/.m2/repository/com/squareup/okhttp3/okhttp/3.9.0/okhttp-3.9.0.jar:/home/user/.m2/repository/com/squareup/okio/okio/1.13.0/okio-1.13.0.jar:/home/user/.m2/repository/io/jaegertracing/jaeger-core/0.34.0/jaeger-core-0.34.0.jar:/home/user/.m2/repository/io/jaegertracing/jaeger-tracerresolver/0.34.0/jaeger-tracerresolver-0.34.0.jar:/home/user/.m2/repository/io/opentracing/contrib/opentracing-tracerresolver/0.1.5/opentracing-tracerresolver-0.1.5.jar:/home/user/.m2/repository/io/opentracing/opentracing-util/0.31.0/opentracing-util-0.31.0.jar:/home/user/.m2/repository/io/opentracing/opentracing-api/0.31.0/opentracing-api-0.31.0.jar:/home/user/.m2/repository/io/opentracing/opentracing-noop/0.31.0/opentracing-noop-0.31.0.jar:/home/user/.m2/repository/org/yaml/snakeyaml/1.16/snakeyaml-1.16.jar:/home/user/.m2/repository/org/apache/hadoop/hadoop-hdfs-client/3.2.0/hadoop-hdfs-client-3.2.0.jar:/home/user/.m2/repository/info/picocli/picocli/3.9.6/picocli-3.9.6.jar:/home/user/.m2/repository/org/apache/hadoop/hadoop-hdds-server-scm/0.5.0-SNAPSHOT/hadoop-hdds-server-scm-0.5.0-SNAPSHOT.jar:/home/user/.m2/repository/org/apache/hadoop/hadoop-hdds-docs/0.5.0-SNAPSHOT/hadoop-hdds-docs-0.5.0-SNAPSHOT.jar:/home/user/.m2/repository/io/dropwizard/metrics/metrics-core/3.2.4/metrics-core-3.2.4.jar:/home/user/.m2/repository/org/hamcrest/hamcrest-all/1.3/hamcrest-all-1.3.jar:/home/user/.m2/repository/org/bouncycastle/bcprov-jdk15on/1.60/bcprov-jdk15on-1.60.jar:/home/user/.m2/repository/org/apache/hadoop/hadoop-hdds-server-framework/0.5.0-SNAPSHOT/hadoop-hdds-server-framework-0.5.0-SNAPSHOT.jar:/home/user/.m2/repository/org/apache/hadoop/hadoop-ozone-ozone-manager/0.5.0-SNAPSHOT/hadoop-ozone-ozone-manager-0.5.0-SNAPSHOT.jar:/home/user/.m2/repository/org/apache/hadoop/hadoop-hdds-container-service/0.5.0-SNAPSHOT/hadoop-hdds-container-service-0.5.0-SNAPSHOT.jar:/home/user/.m2/repository/org/apache/hadoop/hadoop-hdds-client/0.5.0-SNAPSHOT/hadoop-hdds-client-0.5.0-SNAPSHOT.jar:/home/user/.m2/repository/org/apache/hadoop/hadoop-ozone-common/0.5.0-SNAPSHOT/hadoop-ozone-common-0.5.0-SNAPSHOT.jar:/home/user/.m2/repository/org/apache/hadoop/hadoop-hdds-tools/0.5.0-SNAPSHOT/hadoop-hdds-tools-0.5.0-SNAPSHOT.jar:/home/user/.m2/repository/org/xerial/sqlite-jdbc/3.25.2/sqlite-jdbc-3.25.2.jar:/home/user/.m2/repository/org/apache/httpcomponents/httpclient/4.5.2/httpclient-4.5.2.jar:/home/user/.m2/repository/org/apache/httpcomponents/httpcore/4.4.4/httpcore-4.4.4.jar:/home/user/.m2/repository/com/github/spotbugs/spotbugs/3.1.12/spotbugs-3.1.12.jar:/home/user/.m2/repository/org/ow2/asm/asm/5.0.4/asm-5.0.4.jar:/home/user/.m2/repository/org/ow2/asm/asm-analysis/7.0/asm-analysis-7.0.jar:/home/user/.m2/repository/org/ow2/asm/asm-commons/7.0/asm-commons-7.0.jar:/home/user/.m2/repository/org/ow2/asm/asm-tree/7.0/asm-tree-7.0.jar:/home/user/.m2/repository/org/ow2/asm/asm-util/7.0/asm-util-7.0.jar:/home/user/.m2/repository/org/apache/bcel/bcel/6.3/bcel-6.3.jar:/home/user/.m2/repository/net/jcip/jcip-annotations/1.0/jcip-annotations-1.0.jar:/home/user/.m2/repository/org/dom4j/dom4j/2.1.1/dom4j-2.1.1.jar:/home/user/.m2/repository/jaxen/jaxen/1.1.6/jaxen-1.1.6.jar:/home/user/.m2/repository/commons-lang/commons-lang/2.6/commons-lang-2.6.jar:/home/user/.m2/repository/com/github/spotbugs/spotbugs-annotations/3.1.12/spotbugs-annotations-3.1.12.jar:/home/user/.m2/repository/org/apache/hadoop/hadoop-common/3.2.0/hadoop-common-3.2.0-tests.jar:/home/user/.m2/repository/org/apache/hadoop/hadoop-ozone-client/0.5.0-SNAPSHOT/hadoop-ozone-client-0.5.0-SNAPSHOT.jar:/home/user/.m2/repository/org/apache/hadoop/hadoop-hdfs/3.2.0/hadoop-hdfs-3.2.0-tests.jar:/workdir/hadoop-ozone/integration-test/target/test-classes:/home/user/.m2/repository/org/apache/hadoop/hadoop-ozone-s3gateway/0.5.0-SNAPSHOT/hadoop-ozone-s3gateway-0.5.0-SNAPSHOT.jar:/home/user/.m2/repository/org/jboss/weld/servlet/weld-servlet/2.4.7.Final/weld-servlet-2.4.7.Final.jar:/home/user/.m2/repository/org/glassfish/jersey/containers/jersey-container-servlet-core/2.27/jersey-container-servlet-core-2.27.jar:/home/user/.m2/repository/org/glassfish/hk2/external/javax.inject/2.5.0-b42/javax.inject-2.5.0-b42.jar:/home/user/.m2/repository/org/glassfish/jersey/core/jersey-common/2.27/jersey-common-2.27.jar:/home/user/.m2/repository/org/glassfish/hk2/osgi-resource-locator/1.0.1/osgi-resource-locator-1.0.1.jar:/home/user/.m2/repository/javax/ws/rs/javax.ws.rs-api/2.1/javax.ws.rs-api-2.1.jar:/home/user/.m2/repository/org/glassfish/jersey/ext/cdi/jersey-cdi1x/2.27/jersey-cdi1x-2.27.jar:/home/user/.m2/repository/org/glassfish/jersey/inject/jersey-hk2/2.27/jersey-hk2-2.27.jar:/home/user/.m2/repository/org/glassfish/hk2/hk2-locator/2.5.0-b42/hk2-locator-2.5.0-b42.jar:/home/user/.m2/repository/org/javassist/javassist/3.22.0-CR2/javassist-3.22.0-CR2.jar:/home/user/.m2/repository/org/glassfish/hk2/hk2-api/2.5.0/hk2-api-2.5.0.jar:/home/user/.m2/repository/org/glassfish/hk2/external/jakarta.inject/2.5.0/jakarta.inject-2.5.0.jar:/home/user/.m2/repository/org/glassfish/hk2/hk2-utils/2.5.0/hk2-utils-2.5.0.jar:/home/user/.m2/repository/jakarta/annotation/jakarta.annotation-api/1.3.4/jakarta.annotation-api-1.3.4.jar:/home/user/.m2/repository/org/glassfish/hk2/external/aopalliance-repackaged/2.5.0/aopalliance-repackaged-2.5.0.jar:/home/user/.m2/repository/com/fasterxml/jackson/dataformat/jackson-dataformat-xml/2.9.0/jackson-dataformat-xml-2.9.0.jar:/home/user/.m2/repository/com/fasterxml/jackson/module/jackson-module-jaxb-annotations/2.9.9/jackson-module-jaxb-annotations-2.9.9.jar:/home/user/.m2/repository/javax/enterprise/cdi-api/1.2/cdi-api-1.2.jar:/home/user/.m2/repository/javax/el/javax.el-api/3.0.0/javax.el-api-3.0.0.jar:/home/user/.m2/repository/javax/interceptor/javax.interceptor-api/1.2/javax.interceptor-api-1.2.jar:/home/user/.m2/repository/javax/inject/javax.inject/1/javax.inject-1.jar:/home/user/.m2/repository/com/sun/xml/bind/jaxb-core/2.3.0.1/jaxb-core-2.3.0.1.jar:/home/user/.m2/repository/javax/xml/bind/jaxb-api/2.3.0/jaxb-api-2.3.0.jar:/home/user/.m2/repository/javax/activation/activation/1.1.1/activation-1.1.1.jar:/home/user/.m2/repository/org/apache/hadoop/hadoop-ozone-csi/0.5.0-SNAPSHOT/hadoop-ozone-csi-0.5.0-SNAPSHOT.jar:/home/user/.m2/repository/com/google/protobuf/protobuf-java-util/3.5.1/protobuf-java-util-3.5.1.jar:/home/user/.m2/repository/io/grpc/grpc-netty/1.17.1/grpc-netty-1.17.1.jar:/home/user/.m2/repository/io/grpc/grpc-core/1.17.1/grpc-core-1.17.1.jar:/home/user/.m2/repository/io/grpc/grpc-context/1.17.1/grpc-context-1.17.1.jar:/home/user/.m2/repository/com/google/errorprone/error_prone_annotations/2.2.0/error_prone_annotations-2.2.0.jar:/home/user/.m2/repository/org/codehaus/mojo/animal-sniffer-annotations/1.17/animal-sniffer-annotations-1.17.jar:/home/user/.m2/repository/io/opencensus/opencensus-api/0.17.0/opencensus-api-0.17.0.jar:/home/user/.m2/repository/io/opencensus/opencensus-contrib-grpc-metrics/0.17.0/opencensus-contrib-grpc-metrics-0.17.0.jar:/home/user/.m2/repository/io/netty/netty-codec-http2/4.1.30.Final/netty-codec-http2-4.1.30.Final.jar:/home/user/.m2/repository/io/netty/netty-codec-http/4.1.30.Final/netty-codec-http-4.1.30.Final.jar:/home/user/.m2/repository/io/netty/netty-codec/4.1.30.Final/netty-codec-4.1.30.Final.jar:/home/user/.m2/repository/io/netty/netty-handler/4.1.30.Final/netty-handler-4.1.30.Final.jar:/home/user/.m2/repository/io/netty/netty-handler-proxy/4.1.30.Final/netty-handler-proxy-4.1.30.Final.jar:/home/user/.m2/repository/io/netty/netty-codec-socks/4.1.30.Final/netty-codec-socks-4.1.30.Final.jar:/home/user/.m2/repository/io/netty/netty-transport-native-epoll/4.1.30.Final/netty-transport-native-epoll-4.1.30.Final.jar:/home/user/.m2/repository/io/netty/netty-common/4.1.30.Final/netty-common-4.1.30.Final.jar:/home/user/.m2/repository/io/netty/netty-buffer/4.1.30.Final/netty-buffer-4.1.30.Final.jar:/home/user/.m2/repository/io/netty/netty-transport/4.1.30.Final/netty-transport-4.1.30.Final.jar:/home/user/.m2/repository/io/netty/netty-resolver/4.1.30.Final/netty-resolver-4.1.30.Final.jar:/home/user/.m2/repository/io/netty/netty-transport-native-unix-common/4.1.30.Final/netty-transport-native-unix-common-4.1.30.Final.jar:/home/user/.m2/repository/io/grpc/grpc-protobuf/1.17.1/grpc-protobuf-1.17.1.jar:/home/user/.m2/repository/com/google/api/grpc/proto-google-common-protos/1.0.0/proto-google-common-protos-1.0.0.jar:/home/user/.m2/repository/io/grpc/grpc-protobuf-lite/1.17.1/grpc-protobuf-lite-1.17.1.jar:/home/user/.m2/repository/io/grpc/grpc-stub/1.17.1/grpc-stub-1.17.1.jar:/home/user/.m2/repository/org/apache/hadoop/hadoop-ozone-recon/0.5.0-SNAPSHOT/hadoop-ozone-recon-0.5.0-SNAPSHOT.jar:/home/user/.m2/repository/org/apache/hadoop/hadoop-ozone-reconcodegen/0.5.0-SNAPSHOT/hadoop-ozone-reconcodegen-0.5.0-SNAPSHOT.jar:/home/user/.m2/repository/com/google/inject/extensions/guice-multibindings/4.0/guice-multibindings-4.0.jar:/home/user/.m2/repository/com/google/inject/guice/4.0/guice-4.0.jar:/home/user/.m2/repository/aopalliance/aopalliance/1.0/aopalliance-1.0.jar:/home/user/.m2/repository/org/glassfish/jersey/containers/jersey-container-servlet/2.27/jersey-container-servlet-2.27.jar:/home/user/.m2/repository/org/glassfish/hk2/guice-bridge/2.5.0/guice-bridge-2.5.0.jar:/home/user/.m2/repository/org/glassfish/jersey/core/jersey-server/2.27/jersey-server-2.27.jar:/home/user/.m2/repository/org/glassfish/jersey/core/jersey-client/2.27/jersey-client-2.27.jar:/home/user/.m2/repository/org/glassfish/jersey/media/jersey-media-jaxb/2.27/jersey-media-jaxb-2.27.jar:/home/user/.m2/repository/javax/validation/validation-api/1.1.0.Final/validation-api-1.1.0.Final.jar:/home/user/.m2/repository/org/glassfish/jersey/media/jersey-media-json-jackson/2.27/jersey-media-json-jackson-2.27.jar:/home/user/.m2/repository/org/glassfish/jersey/ext/jersey-entity-filtering/2.27/jersey-entity-filtering-2.27.jar:/home/user/.m2/repository/com/google/inject/extensions/guice-assistedinject/4.0/guice-assistedinject-4.0.jar:/home/user/.m2/repository/org/jooq/jooq/3.11.10/jooq-3.11.10.jar:/home/user/.m2/repository/org/jooq/jooq-meta/3.11.10/jooq-meta-3.11.10.jar:/home/user/.m2/repository/org/jooq/jooq-codegen/3.11.10/jooq-codegen-3.11.10.jar:/home/user/.m2/repository/com/jolbox/bonecp/0.8.0.RELEASE/bonecp-0.8.0.RELEASE.jar:/home/user/.m2/repository/org/springframework/spring-jdbc/5.1.3.RELEASE/spring-jdbc-5.1.3.RELEASE.jar:/home/user/.m2/repository/org/springframework/spring-beans/5.1.3.RELEASE/spring-beans-5.1.3.RELEASE.jar:/home/user/.m2/repository/org/springframework/spring-core/5.1.3.RELEASE/spring-core-5.1.3.RELEASE.jar:/home/user/.m2/repository/org/springframework/spring-jcl/5.1.3.RELEASE/spring-jcl-5.1.3.RELEASE.jar:/home/user/.m2/repository/org/springframework/spring-tx/5.1.3.RELEASE/spring-tx-5.1.3.RELEASE.jar:/home/user/.m2/repository/org/mockito/mockito-all/1.10.19/mockito-all-1.10.19.jar:/home/user/.m2/repository/junit/junit/4.11/junit-4.11.jar:/home/user/.m2/repository/org/hamcrest/hamcrest-core/1.3/hamcrest-core-1.3.jar:/home/user/.m2/repository/org/apache/hadoop/hadoop-distcp/3.2.0/hadoop-distcp-3.2.0.jar:/home/user/.m2/repository/org/apache/hadoop/hadoop-distcp/3.2.0/hadoop-distcp-3.2.0-tests.jar:/home/user/.m2/repository/org/apache/hadoop/hadoop-mapreduce-client-jobclient/3.2.0/hadoop-mapreduce-client-jobclient-3.2.0.jar:/home/user/.m2/repository/org/apache/hadoop/hadoop-mapreduce-client-common/3.2.0/hadoop-mapreduce-client-common-3.2.0.jar:/home/user/.m2/repository/org/apache/hadoop/hadoop-yarn-common/3.2.0/hadoop-yarn-common-3.2.0.jar:/home/user/.m2/repository/org/apache/hadoop/hadoop-yarn-api/3.2.0/hadoop-yarn-api-3.2.0.jar:/home/user/.m2/repository/com/sun/jersey/jersey-client/1.19/jersey-client-1.19.jar:/home/user/.m2/repository/com/sun/jersey/contribs/jersey-guice/1.19/jersey-guice-1.19.jar:/home/user/.m2/repository/com/fasterxml/jackson/jaxrs/jackson-jaxrs-json-provider/2.9.9/jackson-jaxrs-json-provider-2.9.9.jar:/home/user/.m2/repository/com/fasterxml/jackson/jaxrs/jackson-jaxrs-base/2.9.9/jackson-jaxrs-base-2.9.9.jar:/home/user/.m2/repository/org/apache/hadoop/hadoop-yarn-client/3.2.0/hadoop-yarn-client-3.2.0.jar:/home/user/.m2/repository/org/apache/hadoop/hadoop-mapreduce-client-core/3.2.0/hadoop-mapreduce-client-core-3.2.0.jar:/home/user/.m2/repository/com/google/inject/extensions/guice-servlet/4.0/guice-servlet-4.0.jar:/home/user/.m2/repository/org/powermock/powermock-module-junit4/1.6.5/powermock-module-junit4-1.6.5.jar:/home/user/.m2/repository/org/powermock/powermock-module-junit4-common/1.6.5/powermock-module-junit4-common-1.6.5.jar:/home/user/.m2/repository/org/powermock/powermock-core/1.6.5/powermock-core-1.6.5.jar:/home/user/.m2/repository/org/powermock/powermock-reflect/1.6.5/powermock-reflect-1.6.5.jar:/home/user/.m2/repository/org/powermock/powermock-api-mockito/1.6.5/powermock-api-mockito-1.6.5.jar:/home/user/.m2/repository/org/mockito/mockito-core/1.10.19/mockito-core-1.10.19.jar:/home/user/.m2/repository/org/objenesis/objenesis/1.0/objenesis-1.0.jar:/home/user/.m2/repository/org/powermock/powermock-api-mockito-common/1.6.5/powermock-api-mockito-common-1.6.5.jar:/home/user/.m2/repository/org/powermock/powermock-api-support/1.6.5/powermock-api-support-1.6.5.jar:"/>
    <property name="sun.cpu.endian" value="little"/>
    <property name="user.home" value="/home/user"/>
    <property name="user.language" value="en"/>
    <property name="java.specification.vendor" value="Oracle Corporation"/>
    <property name="java.home" value="/usr/lib/jvm/java-1.8.0-openjdk-1.8.0.222.b10-1.el7_7.x86_64/jre"/>
    <property name="surefire.excludesFile" value="/tools/ozone-bad-unit-tests"/>
    <property name="java.security.krb5.conf" value="/workdir/hadoop-ozone/ozonefs/target/test-classes/krb5.conf"/>
    <property name="basedir" value="/workdir/hadoop-ozone/ozonefs"/>
    <property name="file.separator" value="/"/>
    <property name="line.separator" value="&#10;"/>
    <property name="java.vm.specification.vendor" value="Oracle Corporation"/>
    <property name="java.specification.name" value="Java Platform API Specification"/>
    <property name="java.awt.graphicsenv" value="sun.awt.X11GraphicsEnvironment"/>
    <property name="surefire.real.class.path" value="/workdir/hadoop-ozone/ozonefs/target/surefire/surefirebooter9176346964803407071.jar"/>
    <property name="hadoop.log.dir" value="/workdir/hadoop-ozone/ozonefs/target/log"/>
    <property name="sun.boot.class.path" value="/usr/lib/jvm/java-1.8.0-openjdk-1.8.0.222.b10-1.el7_7.x86_64/jre/lib/resources.jar:/usr/lib/jvm/java-1.8.0-openjdk-1.8.0.222.b10-1.el7_7.x86_64/jre/lib/rt.jar:/usr/lib/jvm/java-1.8.0-openjdk-1.8.0.222.b10-1.el7_7.x86_64/jre/lib/sunrsasign.jar:/usr/lib/jvm/java-1.8.0-openjdk-1.8.0.222.b10-1.el7_7.x86_64/jre/lib/jsse.jar:/usr/lib/jvm/java-1.8.0-openjdk-1.8.0.222.b10-1.el7_7.x86_64/jre/lib/jce.jar:/usr/lib/jvm/java-1.8.0-openjdk-1.8.0.222.b10-1.el7_7.x86_64/jre/lib/charsets.jar:/usr/lib/jvm/java-1.8.0-openjdk-1.8.0.222.b10-1.el7_7.x86_64/jre/lib/jfr.jar:/usr/lib/jvm/java-1.8.0-openjdk-1.8.0.222.b10-1.el7_7.x86_64/jre/classes"/>
    <property name="sun.management.compiler" value="HotSpot 64-Bit Tiered Compilers"/>
    <property name="java.runtime.version" value="1.8.0_222-b10"/>
    <property name="java.net.preferIPv4Stack" value="true"/>
    <property name="user.name" value="jenkins1000"/>
    <property name="path.separator" value=":"/>
    <property name="java.security.egd" value="file:///dev/urandom"/>
    <property name="os.version" value="3.10.0-957.12.2.el7.x86_64"/>
    <property name="java.endorsed.dirs" value="/usr/lib/jvm/java-1.8.0-openjdk-1.8.0.222.b10-1.el7_7.x86_64/jre/lib/endorsed"/>
    <property name="java.runtime.name" value="OpenJDK Runtime Environment"/>
    <property name="file.encoding" value="ANSI_X3.4-1968"/>
    <property name="java.vm.name" value="OpenJDK 64-Bit Server VM"/>
    <property name="test.build.webapps" value=""/>
    <property name="localRepository" value="/home/user/.m2/repository"/>
    <property name="java.vendor.url.bug" value="http://bugreport.sun.com/bugreport/"/>
    <property name="java.io.tmpdir" value="/tmp"/>
    <property name="require.test.libhadoop" value=""/>
    <property name="java.version" value="1.8.0_222"/>
    <property name="user.dir" value="/workdir/hadoop-ozone/ozonefs"/>
    <property name="os.arch" value="amd64"/>
    <property name="java.vm.specification.name" value="Java Virtual Machine Specification"/>
    <property name="test.build.classes" value="/workdir/hadoop-ozone/ozonefs/target/test-classes"/>
    <property name="java.awt.printerjob" value="sun.print.PSPrinterJob"/>
    <property name="sun.os.patch.level" value="unknown"/>
    <property name="hadoop.tmp.dir" value="/workdir/hadoop-ozone/ozonefs/target/tmp"/>
    <property name="java.library.path" value="/usr/lib:/workdir/hadoop-ozone/ozonefs/target/native/target/usr/local/lib:/workdir/hadoop-ozone/ozonefs/../../hadoop-common-project/hadoop-common/target/native/target/usr/local/lib:/usr/java/packages/lib/amd64:/usr/lib64:/lib64:/lib:/usr/lib"/>
    <property name="java.vm.info" value="mixed mode"/>
    <property name="java.vendor" value="Oracle Corporation"/>
    <property name="java.vm.version" value="25.222-b10"/>
    <property name="java.ext.dirs" value="/usr/lib/jvm/java-1.8.0-openjdk-1.8.0.222.b10-1.el7_7.x86_64/jre/lib/ext:/usr/java/packages/lib/ext"/>
    <property name="sun.io.unicode.encoding" value="UnicodeLittle"/>
    <property name="java.class.version" value="52.0"/>
  </properties>
  <testcase name="testOzoneFsServiceLoader" classname="org.apache.hadoop.fs.ozone.TestOzoneFileSystem" time="21.186"/>
  <testcase name="testListStatusOnRoot" classname="org.apache.hadoop.fs.ozone.TestOzoneFileSystem" time="18.028"/>
  <testcase name="testListStatusOnSubDirs" classname="org.apache.hadoop.fs.ozone.TestOzoneFileSystem" time="17.49">
    <error message="Releasing lock on resource /volume04511/bucket77741 without acquiring lock&#10;	at org.apache.hadoop.ozone.lock.LockManager.getLockForReleasing(LockManager.java:220)&#10;	at org.apache.hadoop.ozone.lock.LockManager.release(LockManager.java:168)&#10;	at org.apache.hadoop.ozone.lock.LockManager.writeUnlock(LockManager.java:148)&#10;	at org.apache.hadoop.ozone.om.lock.OzoneManagerLock.unlock(OzoneManagerLock.java:364)&#10;	at org.apache.hadoop.ozone.om.lock.OzoneManagerLock.releaseWriteLock(OzoneManagerLock.java:329)&#10;	at org.apache.hadoop.ozone.om.request.key.OMKeyCommitRequest.validateAndUpdateCache(OMKeyCommitRequest.java:177)&#10;	at org.apache.hadoop.ozone.protocolPB.OzoneManagerProtocolServerSideTranslatorPB.submitRequestDirectlyToOM(OzoneManagerProtocolServerSideTranslatorPB.java:219)&#10;	at org.apache.hadoop.ozone.protocolPB.OzoneManagerProtocolServerSideTranslatorPB.processRequest(OzoneManagerProtocolServerSideTranslatorPB.java:134)&#10;	at org.apache.hadoop.hdds.server.OzoneProtocolMessageDispatcher.processRequest(OzoneProtocolMessageDispatcher.java:72)&#10;	at org.apache.hadoop.ozone.protocolPB.OzoneManagerProtocolServerSideTranslatorPB.submitRequest(OzoneManagerProtocolServerSideTranslatorPB.java:100)&#10;	at org.apache.hadoop.ozone.protocol.proto.OzoneManagerProtocolProtos$OzoneManagerService$2.callBlockingMethod(OzoneManagerProtocolProtos.java)&#10;	at org.apache.hadoop.ipc.ProtobufRpcEngine$Server$ProtoBufRpcInvoker.call(ProtobufRpcEngine.java:524)&#10;	at org.apache.hadoop.ipc.RPC$Server.call(RPC.java:1025)&#10;	at org.apache.hadoop.ipc.Server$RpcCall.run(Server.java:876)&#10;	at org.apache.hadoop.ipc.Server$RpcCall.run(Server.java:822)&#10;	at java.security.AccessController.doPrivileged(Native Method)&#10;	at javax.security.auth.Subject.doAs(Subject.java:422)&#10;	at org.apache.hadoop.security.UserGroupInformation.doAs(UserGroupInformation.java:1730)&#10;	at org.apache.hadoop.ipc.Server$Handler.run(Server.java:2682)&#10;" type="org.apache.hadoop.ipc.RemoteException(java.lang.IllegalMonitorStateException)">org.apache.hadoop.ipc.RemoteException(java.lang.IllegalMonitorStateException): Releasing lock on resource /volume04511/bucket77741 without acquiring lock
	at org.apache.hadoop.ozone.lock.LockManager.getLockForReleasing(LockManager.java:220)
	at org.apache.hadoop.ozone.lock.LockManager.release(LockManager.java:168)
	at org.apache.hadoop.ozone.lock.LockManager.writeUnlock(LockManager.java:148)
	at org.apache.hadoop.ozone.om.lock.OzoneManagerLock.unlock(OzoneManagerLock.java:364)
	at org.apache.hadoop.ozone.om.lock.OzoneManagerLock.releaseWriteLock(OzoneManagerLock.java:329)
	at org.apache.hadoop.ozone.om.request.key.OMKeyCommitRequest.validateAndUpdateCache(OMKeyCommitRequest.java:177)
	at org.apache.hadoop.ozone.protocolPB.OzoneManagerProtocolServerSideTranslatorPB.submitRequestDirectlyToOM(OzoneManagerProtocolServerSideTranslatorPB.java:219)
	at org.apache.hadoop.ozone.protocolPB.OzoneManagerProtocolServerSideTranslatorPB.processRequest(OzoneManagerProtocolServerSideTranslatorPB.java:134)
	at org.apache.hadoop.hdds.server.OzoneProtocolMessageDispatcher.processRequest(OzoneProtocolMessageDispatcher.java:72)
	at org.apache.hadoop.ozone.protocolPB.OzoneManagerProtocolServerSideTranslatorPB.submitRequest(OzoneManagerProtocolServerSideTranslatorPB.java:100)
	at org.apache.hadoop.ozone.protocol.proto.OzoneManagerProtocolProtos$OzoneManagerService$2.callBlockingMethod(OzoneManagerProtocolProtos.java)
	at org.apache.hadoop.ipc.ProtobufRpcEngine$Server$ProtoBufRpcInvoker.call(ProtobufRpcEngine.java:524)
	at org.apache.hadoop.ipc.RPC$Server.call(RPC.java:1025)
	at org.apache.hadoop.ipc.Server$RpcCall.run(Server.java:876)
	at org.apache.hadoop.ipc.Server$RpcCall.run(Server.java:822)
	at java.security.AccessController.doPrivileged(Native Method)
	at javax.security.auth.Subject.doAs(Subject.java:422)
	at org.apache.hadoop.security.UserGroupInformation.doAs(UserGroupInformation.java:1730)
	at org.apache.hadoop.ipc.Server$Handler.run(Server.java:2682)

	at org.apache.hadoop.ipc.Client.getRpcResponse(Client.java:1511)
	at org.apache.hadoop.ipc.Client.call(Client.java:1457)
	at org.apache.hadoop.ipc.Client.call(Client.java:1367)
	at org.apache.hadoop.ipc.ProtobufRpcEngine$Invoker.invoke(ProtobufRpcEngine.java:228)
	at org.apache.hadoop.ipc.ProtobufRpcEngine$Invoker.invoke(ProtobufRpcEngine.java:116)
	at com.sun.proxy.$Proxy37.submitRequest(Unknown Source)
	at sun.reflect.GeneratedMethodAccessor19.invoke(Unknown Source)
	at sun.reflect.DelegatingMethodAccessorImpl.invoke(DelegatingMethodAccessorImpl.java:43)
	at java.lang.reflect.Method.invoke(Method.java:498)
	at org.apache.hadoop.io.retry.RetryInvocationHandler.invokeMethod(RetryInvocationHandler.java:422)
	at org.apache.hadoop.io.retry.RetryInvocationHandler$Call.invokeMethod(RetryInvocationHandler.java:165)
	at org.apache.hadoop.io.retry.RetryInvocationHandler$Call.invoke(RetryInvocationHandler.java:157)
	at org.apache.hadoop.io.retry.RetryInvocationHandler$Call.invokeOnce(RetryInvocationHandler.java:95)
	at org.apache.hadoop.io.retry.RetryInvocationHandler.invoke(RetryInvocationHandler.java:359)
	at com.sun.proxy.$Proxy37.submitRequest(Unknown Source)
	at org.apache.hadoop.ozone.om.protocolPB.OzoneManagerProtocolClientSideTranslatorPB.submitRequest(OzoneManagerProtocolClientSideTranslatorPB.java:338)
	at org.apache.hadoop.ozone.om.protocolPB.OzoneManagerProtocolClientSideTranslatorPB.commitKey(OzoneManagerProtocolClientSideTranslatorPB.java:789)
	at sun.reflect.NativeMethodAccessorImpl.invoke0(Native Method)
	at sun.reflect.NativeMethodAccessorImpl.invoke(NativeMethodAccessorImpl.java:62)
	at sun.reflect.DelegatingMethodAccessorImpl.invoke(DelegatingMethodAccessorImpl.java:43)
	at java.lang.reflect.Method.invoke(Method.java:498)
	at org.apache.hadoop.hdds.tracing.TraceAllMethod.invoke(TraceAllMethod.java:66)
	at com.sun.proxy.$Proxy38.commitKey(Unknown Source)
	at org.apache.hadoop.ozone.client.io.BlockOutputStreamEntryPool.commitKey(BlockOutputStreamEntryPool.java:277)
	at org.apache.hadoop.ozone.client.io.KeyOutputStream.close(KeyOutputStream.java:474)
	at org.apache.hadoop.fs.ozone.OzoneFSOutputStream.close(OzoneFSOutputStream.java:56)
	at org.apache.hadoop.fs.FSDataOutputStream$PositionCache.close(FSDataOutputStream.java:72)
	at org.apache.hadoop.fs.FSDataOutputStream.close(FSDataOutputStream.java:101)
	at org.apache.hadoop.fs.contract.ContractTestUtils.createFile(ContractTestUtils.java:638)
	at org.apache.hadoop.fs.contract.ContractTestUtils.touch(ContractTestUtils.java:669)
	at org.apache.hadoop.fs.ozone.TestOzoneFileSystem.testListStatusOnSubDirs(TestOzoneFileSystem.java:251)
	at sun.reflect.NativeMethodAccessorImpl.invoke0(Native Method)
	at sun.reflect.NativeMethodAccessorImpl.invoke(NativeMethodAccessorImpl.java:62)
	at sun.reflect.DelegatingMethodAccessorImpl.invoke(DelegatingMethodAccessorImpl.java:43)
	at java.lang.reflect.Method.invoke(Method.java:498)
	at org.junit.runners.model.FrameworkMethod$1.runReflectiveCall(FrameworkMethod.java:47)
	at org.junit.internal.runners.model.ReflectiveCallable.run(ReflectiveCallable.java:12)
	at org.junit.runners.model.FrameworkMethod.invokeExplosively(FrameworkMethod.java:44)
	at org.junit.internal.runners.statements.InvokeMethod.evaluate(InvokeMethod.java:17)
	at org.junit.internal.runners.statements.RunBefores.evaluate(RunBefores.java:26)
	at org.junit.internal.runners.statements.RunAfters.evaluate(RunAfters.java:27)
	at org.junit.internal.runners.statements.FailOnTimeout$StatementThread.run(FailOnTimeout.java:74)
</error>
    <system-out><![CDATA[2019-10-16 06:57:27,983 [Thread-460] WARN  server.ServerUtils (ServerUtils.java:getScmDbDir(145)) - ozone.scm.db.dirs is not configured. We recommend adding this setting. Falling back to ozone.metadata.dirs instead.
2019-10-16 06:57:28,041 [Thread-460] WARN  server.ServerUtils (ServerUtils.java:getScmDbDir(145)) - ozone.scm.db.dirs is not configured. We recommend adding this setting. Falling back to ozone.metadata.dirs instead.
2019-10-16 06:57:28,042 [Thread-460] WARN  server.ServerUtils (ServerUtils.java:getScmDbDir(145)) - ozone.scm.db.dirs is not configured. We recommend adding this setting. Falling back to ozone.metadata.dirs instead.
2019-10-16 06:57:28,042 [Thread-460] INFO  db.DBStoreBuilder (DBStoreBuilder.java:addTable(117)) - using custom profile for table: deletedBlocks
2019-10-16 06:57:28,042 [Thread-460] INFO  db.DBStoreBuilder (DBStoreBuilder.java:processTables(168)) - Using default column profile:DBProfile.DISK for Table:deletedBlocks
2019-10-16 06:57:28,043 [Thread-460] INFO  db.DBStoreBuilder (DBStoreBuilder.java:addTable(117)) - using custom profile for table: validCerts
2019-10-16 06:57:28,043 [Thread-460] INFO  db.DBStoreBuilder (DBStoreBuilder.java:processTables(168)) - Using default column profile:DBProfile.DISK for Table:validCerts
2019-10-16 06:57:28,043 [Thread-460] INFO  db.DBStoreBuilder (DBStoreBuilder.java:addTable(117)) - using custom profile for table: revokedCerts
2019-10-16 06:57:28,043 [Thread-460] INFO  db.DBStoreBuilder (DBStoreBuilder.java:processTables(168)) - Using default column profile:DBProfile.DISK for Table:revokedCerts
2019-10-16 06:57:28,044 [Thread-460] INFO  db.DBStoreBuilder (DBStoreBuilder.java:addTable(117)) - using custom profile for table: default
2019-10-16 06:57:28,044 [Thread-460] INFO  db.DBStoreBuilder (DBStoreBuilder.java:processTables(174)) - Using default column profile:DBProfile.DISK for Table:default
2019-10-16 06:57:28,044 [Thread-460] INFO  db.DBStoreBuilder (DBStoreBuilder.java:getDbProfile(205)) - Using default options. DBProfile.DISK
2019-10-16 06:57:28,328 [Thread-460] INFO  net.NodeSchemaLoader (NodeSchemaLoader.java:loadSchemaFromFile(125)) - Loading file from sun.misc.CompoundEnumeration@79d860f0
2019-10-16 06:57:28,329 [Thread-460] INFO  net.NodeSchemaLoader (NodeSchemaLoader.java:loadSchema(171)) - Loading network topology layer schema file
2019-10-16 06:57:28,332 [Thread-460] WARN  server.ServerUtils (ServerUtils.java:sanitizeUserArgs(70)) - ozone.scm.stale.node.interval value = 300000 is larger than max = 100000 based on the key value of ozone.scm.heartbeat.thread.interval, reset to the max value 100000.
2019-10-16 06:57:28,332 [Thread-460] WARN  server.ServerUtils (ServerUtils.java:sanitizeUserArgs(70)) - ozone.scm.stale.node.interval value = 300000 is larger than max = 100000 based on the key value of ozone.scm.heartbeat.thread.interval, reset to the max value 100000.
2019-10-16 06:57:28,332 [Thread-460] INFO  node.SCMNodeManager (SCMNodeManager.java:<init>(116)) - Entering startup safe mode.
2019-10-16 06:57:28,333 [Thread-460] INFO  algorithms.ContainerPlacementPolicyFactory (ContainerPlacementPolicyFactory.java:getPolicy(57)) - Create container placement policy of type org.apache.hadoop.hdds.scm.container.placement.algorithms.SCMContainerPlacementRandom
2019-10-16 06:57:28,334 [Thread-460] WARN  server.ServerUtils (ServerUtils.java:getScmDbDir(145)) - ozone.scm.db.dirs is not configured. We recommend adding this setting. Falling back to ozone.metadata.dirs instead.
2019-10-16 06:57:28,404 [Thread-460] INFO  pipeline.SCMPipelineManager (SCMPipelineManager.java:initializePipelineState(132)) - No pipeline exists in current db
2019-10-16 06:57:28,404 [Thread-460] WARN  server.ServerUtils (ServerUtils.java:getScmDbDir(145)) - ozone.scm.db.dirs is not configured. We recommend adding this setting. Falling back to ozone.metadata.dirs instead.
2019-10-16 06:57:28,472 [Thread-460] WARN  events.EventQueue (EventQueue.java:fireEvent(183)) - No event handler registered for event TypedEvent{payloadType=SafeModeStatus, name='SafeModeStatus'}
2019-10-16 06:57:28,473 [Thread-460] INFO  ipc.CallQueueManager (CallQueueManager.java:<init>(84)) - Using callQueue: class java.util.concurrent.LinkedBlockingQueue, queueCapacity: 2000, scheduler: class org.apache.hadoop.ipc.DefaultRpcScheduler, ipcBackoff: false.
2019-10-16 06:57:28,474 [Socket Reader #1 for port 39744] INFO  ipc.Server (Server.java:run(1074)) - Starting Socket Reader #1 for port 39744
2019-10-16 06:57:28,475 [Thread-460] INFO  ipc.CallQueueManager (CallQueueManager.java:<init>(84)) - Using callQueue: class java.util.concurrent.LinkedBlockingQueue, queueCapacity: 2000, scheduler: class org.apache.hadoop.ipc.DefaultRpcScheduler, ipcBackoff: false.
2019-10-16 06:57:28,476 [Socket Reader #1 for port 38700] INFO  ipc.Server (Server.java:run(1074)) - Starting Socket Reader #1 for port 38700
2019-10-16 06:57:28,477 [Thread-460] INFO  ipc.CallQueueManager (CallQueueManager.java:<init>(84)) - Using callQueue: class java.util.concurrent.LinkedBlockingQueue, queueCapacity: 2000, scheduler: class org.apache.hadoop.ipc.DefaultRpcScheduler, ipcBackoff: false.
2019-10-16 06:57:28,478 [Socket Reader #1 for port 41676] INFO  ipc.Server (Server.java:run(1074)) - Starting Socket Reader #1 for port 41676
2019-10-16 06:57:28,480 [Thread-460] INFO  hdfs.DFSUtil (DFSUtil.java:httpServerTemplateForNNAndJN(1641)) - Starting Web-server for scm at: http://0.0.0.0:0
2019-10-16 06:57:28,483 [Thread-460] INFO  server.AuthenticationFilter (AuthenticationFilter.java:constructSecretProvider(240)) - Unable to initialize FileSignerSecretProvider, falling back to use random secrets.
2019-10-16 06:57:28,484 [Thread-460] WARN  http.HttpRequestLog (HttpRequestLog.java:getRequestLog(97)) - Jetty request log can only be enabled using Log4j
2019-10-16 06:57:28,487 [Thread-460] INFO  http.HttpServer2 (HttpServer2.java:addGlobalFilter(975)) - Added global filter 'safety' (class=org.apache.hadoop.http.HttpServer2$QuotingInputFilter)
2019-10-16 06:57:28,488 [Thread-460] INFO  http.HttpServer2 (HttpServer2.java:addFilter(948)) - Added filter static_user_filter (class=org.apache.hadoop.http.lib.StaticUserWebFilter$StaticUserFilter) to context scm
2019-10-16 06:57:28,488 [Thread-460] INFO  http.HttpServer2 (HttpServer2.java:addFilter(958)) - Added filter static_user_filter (class=org.apache.hadoop.http.lib.StaticUserWebFilter$StaticUserFilter) to context logs
2019-10-16 06:57:28,488 [Thread-460] INFO  http.HttpServer2 (HttpServer2.java:addFilter(958)) - Added filter static_user_filter (class=org.apache.hadoop.http.lib.StaticUserWebFilter$StaticUserFilter) to context static
2019-10-16 06:57:28,491 [Thread-460] INFO  server.StorageContainerManager (StorageContainerManager.java:start(772)) - StorageContainerLocationProtocol RPC server is listening at /0.0.0.0:41676
2019-10-16 06:57:28,494 [Thread-460] WARN  impl.MetricsConfig (MetricsConfig.java:loadFirst(134)) - Cannot locate configuration: tried hadoop-metrics2-storagecontainermanager.properties,hadoop-metrics2.properties
2019-10-16 06:57:28,495 [Thread-460] INFO  impl.MetricsSystemImpl (MetricsSystemImpl.java:startTimer(374)) - Scheduled Metric snapshot period at 10 second(s).
2019-10-16 06:57:28,495 [Thread-460] INFO  impl.MetricsSystemImpl (MetricsSystemImpl.java:start(191)) - StorageContainerManager metrics system started
2019-10-16 06:57:28,564 [Thread-460] WARN  impl.MetricsSystemImpl (MetricsSystemImpl.java:register(276)) - Sink prometheus already exists!
2019-10-16 06:57:28,575 [Thread-460] INFO  server.SCMClientProtocolServer (SCMClientProtocolServer.java:start(159)) - RPC server for Client  is listening at /0.0.0.0:41676
2019-10-16 06:57:28,575 [IPC Server Responder] INFO  ipc.Server (Server.java:run(1314)) - IPC Server Responder: starting
2019-10-16 06:57:28,576 [IPC Server listener on 41676] INFO  ipc.Server (Server.java:run(1153)) - IPC Server listener on 41676: starting
2019-10-16 06:57:28,579 [Thread-460] INFO  server.StorageContainerManager (StorageContainerManager.java:start(782)) - ScmBlockLocationProtocol RPC server is listening at /0.0.0.0:38700
2019-10-16 06:57:28,579 [Thread-460] INFO  server.SCMBlockProtocolServer (SCMBlockProtocolServer.java:start(146)) - RPC server for Block Protocol is listening at /0.0.0.0:38700
2019-10-16 06:57:28,580 [IPC Server Responder] INFO  ipc.Server (Server.java:run(1314)) - IPC Server Responder: starting
2019-10-16 06:57:28,580 [IPC Server listener on 38700] INFO  ipc.Server (Server.java:run(1153)) - IPC Server listener on 38700: starting
2019-10-16 06:57:28,583 [Thread-460] INFO  server.StorageContainerManager (StorageContainerManager.java:start(786)) - ScmDatanodeProtocl RPC server is listening at /0.0.0.0:39744
2019-10-16 06:57:28,583 [Thread-460] INFO  server.SCMDatanodeProtocolServer (SCMDatanodeProtocolServer.java:start(169)) - RPC server for DataNodes is listening at /0.0.0.0:39744
2019-10-16 06:57:28,583 [IPC Server Responder] INFO  ipc.Server (Server.java:run(1314)) - IPC Server Responder: starting
2019-10-16 06:57:28,583 [IPC Server listener on 39744] INFO  ipc.Server (Server.java:run(1153)) - IPC Server listener on 39744: starting
2019-10-16 06:57:28,587 [Thread-460] INFO  http.HttpServer2 (HttpServer2.java:bindListener(1191)) - Jetty bound to port 34792
2019-10-16 06:57:28,587 [Thread-460] INFO  server.Server (Server.java:doStart(351)) - jetty-9.3.25.v20180904, build timestamp: 2018-09-04T21:11:46Z, git hash: 3ce520221d0240229c862b122d2b06c12a625732
2019-10-16 06:57:28,589 [Thread-460] INFO  handler.ContextHandler (ContextHandler.java:doStart(781)) - Started o.e.j.s.ServletContextHandler@397aa708{/logs,file:///workdir/hadoop-ozone/ozonefs/target/log,AVAILABLE}
2019-10-16 06:57:28,589 [Thread-460] INFO  handler.ContextHandler (ContextHandler.java:doStart(781)) - Started o.e.j.s.ServletContextHandler@4951f6b2{/static,jar:file:/home/user/.m2/repository/org/apache/hadoop/hadoop-hdds-server-scm/0.5.0-SNAPSHOT/hadoop-hdds-server-scm-0.5.0-SNAPSHOT.jar!/webapps/static,AVAILABLE}
2019-10-16 06:57:28,632 [Thread-460] INFO  handler.ContextHandler (ContextHandler.java:doStart(781)) - Started o.e.j.w.WebAppContext@2bda5b77{/,file:///tmp/jetty-0.0.0.0-34792-scm-_-any-6321768651351557482.dir/webapp/,AVAILABLE}{/scm}
2019-10-16 06:57:28,633 [Thread-460] INFO  server.AbstractConnector (AbstractConnector.java:doStart(278)) - Started ServerConnector@334a989b{HTTP/1.1,[http/1.1]}{0.0.0.0:34792}
2019-10-16 06:57:28,633 [Thread-460] INFO  server.Server (Server.java:doStart(419)) - Started @40336ms
2019-10-16 06:57:28,633 [Thread-460] WARN  impl.MetricsSystemImpl (MetricsSystemImpl.java:register(276)) - Sink prometheus already exists!
2019-10-16 06:57:28,634 [Thread-460] INFO  server.BaseHttpServer (BaseHttpServer.java:updateConnectorAddress(215)) - HTTP server of SCM is listening at http://0.0.0.0:34792
2019-10-16 06:57:28,635 [Thread-460] WARN  server.ServerUtils (ServerUtils.java:getDBPath(222)) - ozone.om.db.dirs is not configured. We recommend adding this setting. Falling back to ozone.metadata.dirs instead.
2019-10-16 06:57:28,635 [org.apache.hadoop.util.JvmPauseMonitor$Monitor@316a2ddd] INFO  util.JvmPauseMonitor (JvmPauseMonitor.java:run(188)) - Starting JVM pause monitor
2019-10-16 06:57:28,678 [Thread-460] INFO  ha.OMHANodeDetails (OMHANodeDetails.java:loadOMHAConfig(190)) - Configuration either no ozone.om.address set. Falling back to the default OM address /127.0.0.1:0
2019-10-16 06:57:28,678 [Thread-460] INFO  ha.OMHANodeDetails (OMHANodeDetails.java:getOMNodeDetails(220)) - OM Service ID is not set. Setting it to the default ID: omServiceIdDefault
2019-10-16 06:57:28,679 [Thread-460] WARN  server.ServerUtils (ServerUtils.java:getDBPath(222)) - ozone.om.db.dirs is not configured. We recommend adding this setting. Falling back to ozone.metadata.dirs instead.
2019-10-16 06:57:28,679 [Thread-460] WARN  server.ServerUtils (ServerUtils.java:getDBPath(222)) - ozone.om.db.dirs is not configured. We recommend adding this setting. Falling back to ozone.metadata.dirs instead.
2019-10-16 06:57:28,687 [Thread-460] WARN  server.ServerUtils (ServerUtils.java:getDBPath(222)) - ozone.om.db.dirs is not configured. We recommend adding this setting. Falling back to ozone.metadata.dirs instead.
2019-10-16 06:57:28,687 [Thread-460] INFO  db.DBStoreBuilder (DBStoreBuilder.java:addTable(117)) - using custom profile for table: userTable
2019-10-16 06:57:28,687 [Thread-460] INFO  db.DBStoreBuilder (DBStoreBuilder.java:processTables(168)) - Using default column profile:DBProfile.DISK for Table:userTable
2019-10-16 06:57:28,688 [Thread-460] INFO  db.DBStoreBuilder (DBStoreBuilder.java:addTable(117)) - using custom profile for table: volumeTable
2019-10-16 06:57:28,688 [Thread-460] INFO  db.DBStoreBuilder (DBStoreBuilder.java:processTables(168)) - Using default column profile:DBProfile.DISK for Table:volumeTable
2019-10-16 06:57:28,688 [Thread-460] INFO  db.DBStoreBuilder (DBStoreBuilder.java:addTable(117)) - using custom profile for table: bucketTable
2019-10-16 06:57:28,688 [Thread-460] INFO  db.DBStoreBuilder (DBStoreBuilder.java:processTables(168)) - Using default column profile:DBProfile.DISK for Table:bucketTable
2019-10-16 06:57:28,688 [Thread-460] INFO  db.DBStoreBuilder (DBStoreBuilder.java:addTable(117)) - using custom profile for table: keyTable
2019-10-16 06:57:28,689 [Thread-460] INFO  db.DBStoreBuilder (DBStoreBuilder.java:processTables(168)) - Using default column profile:DBProfile.DISK for Table:keyTable
2019-10-16 06:57:28,689 [Thread-460] INFO  db.DBStoreBuilder (DBStoreBuilder.java:addTable(117)) - using custom profile for table: deletedTable
2019-10-16 06:57:28,689 [Thread-460] INFO  db.DBStoreBuilder (DBStoreBuilder.java:processTables(168)) - Using default column profile:DBProfile.DISK for Table:deletedTable
2019-10-16 06:57:28,689 [Thread-460] INFO  db.DBStoreBuilder (DBStoreBuilder.java:addTable(117)) - using custom profile for table: openKeyTable
2019-10-16 06:57:28,689 [Thread-460] INFO  db.DBStoreBuilder (DBStoreBuilder.java:processTables(168)) - Using default column profile:DBProfile.DISK for Table:openKeyTable
2019-10-16 06:57:28,690 [Thread-460] INFO  db.DBStoreBuilder (DBStoreBuilder.java:addTable(117)) - using custom profile for table: s3Table
2019-10-16 06:57:28,690 [Thread-460] INFO  db.DBStoreBuilder (DBStoreBuilder.java:processTables(168)) - Using default column profile:DBProfile.DISK for Table:s3Table
2019-10-16 06:57:28,690 [Thread-460] INFO  db.DBStoreBuilder (DBStoreBuilder.java:addTable(117)) - using custom profile for table: multipartInfoTable
2019-10-16 06:57:28,690 [Thread-460] INFO  db.DBStoreBuilder (DBStoreBuilder.java:processTables(168)) - Using default column profile:DBProfile.DISK for Table:multipartInfoTable
2019-10-16 06:57:28,690 [Thread-460] INFO  db.DBStoreBuilder (DBStoreBuilder.java:addTable(117)) - using custom profile for table: dTokenTable
2019-10-16 06:57:28,690 [Thread-460] INFO  db.DBStoreBuilder (DBStoreBuilder.java:processTables(168)) - Using default column profile:DBProfile.DISK for Table:dTokenTable
2019-10-16 06:57:28,691 [Thread-460] INFO  db.DBStoreBuilder (DBStoreBuilder.java:addTable(117)) - using custom profile for table: s3SecretTable
2019-10-16 06:57:28,691 [Thread-460] INFO  db.DBStoreBuilder (DBStoreBuilder.java:processTables(168)) - Using default column profile:DBProfile.DISK for Table:s3SecretTable
2019-10-16 06:57:28,691 [Thread-460] INFO  db.DBStoreBuilder (DBStoreBuilder.java:addTable(117)) - using custom profile for table: prefixTable
2019-10-16 06:57:28,691 [Thread-460] INFO  db.DBStoreBuilder (DBStoreBuilder.java:processTables(168)) - Using default column profile:DBProfile.DISK for Table:prefixTable
2019-10-16 06:57:28,692 [Thread-460] INFO  db.DBStoreBuilder (DBStoreBuilder.java:addTable(117)) - using custom profile for table: default
2019-10-16 06:57:28,692 [Thread-460] INFO  db.DBStoreBuilder (DBStoreBuilder.java:processTables(174)) - Using default column profile:DBProfile.DISK for Table:default
2019-10-16 06:57:28,692 [Thread-460] INFO  db.DBStoreBuilder (DBStoreBuilder.java:getDbProfile(205)) - Using default options. DBProfile.DISK
2019-10-16 06:57:29,580 [Thread-460] INFO  ipc.CallQueueManager (CallQueueManager.java:<init>(84)) - Using callQueue: class java.util.concurrent.LinkedBlockingQueue, queueCapacity: 2000, scheduler: class org.apache.hadoop.ipc.DefaultRpcScheduler, ipcBackoff: false.
2019-10-16 06:57:29,581 [Socket Reader #1 for port 42516] INFO  ipc.Server (Server.java:run(1074)) - Starting Socket Reader #1 for port 42516
2019-10-16 06:57:29,610 [Thread-460] INFO  om.OzoneManager (OzoneManager.java:start(1074)) - OzoneManager RPC server is listening at localhost/127.0.0.1:42516
2019-10-16 06:57:29,610 [Thread-460] INFO  impl.MetricsSystemImpl (MetricsSystemImpl.java:init(158)) - OzoneManager metrics system started (again)
2019-10-16 06:57:29,612 [IPC Server Responder] INFO  ipc.Server (Server.java:run(1314)) - IPC Server Responder: starting
2019-10-16 06:57:29,612 [IPC Server listener on 42516] INFO  ipc.Server (Server.java:run(1153)) - IPC Server listener on 42516: starting
2019-10-16 06:57:29,617 [Thread-460] INFO  hdfs.DFSUtil (DFSUtil.java:httpServerTemplateForNNAndJN(1641)) - Starting Web-server for ozoneManager at: http://0.0.0.0:0
2019-10-16 06:57:29,619 [Thread-460] INFO  server.AuthenticationFilter (AuthenticationFilter.java:constructSecretProvider(240)) - Unable to initialize FileSignerSecretProvider, falling back to use random secrets.
2019-10-16 06:57:29,620 [Thread-460] WARN  http.HttpRequestLog (HttpRequestLog.java:getRequestLog(97)) - Jetty request log can only be enabled using Log4j
2019-10-16 06:57:29,623 [Thread-460] INFO  http.HttpServer2 (HttpServer2.java:addGlobalFilter(975)) - Added global filter 'safety' (class=org.apache.hadoop.http.HttpServer2$QuotingInputFilter)
2019-10-16 06:57:29,624 [Thread-460] INFO  http.HttpServer2 (HttpServer2.java:addFilter(948)) - Added filter static_user_filter (class=org.apache.hadoop.http.lib.StaticUserWebFilter$StaticUserFilter) to context ozoneManager
2019-10-16 06:57:29,624 [Thread-460] INFO  http.HttpServer2 (HttpServer2.java:addFilter(958)) - Added filter static_user_filter (class=org.apache.hadoop.http.lib.StaticUserWebFilter$StaticUserFilter) to context static
2019-10-16 06:57:29,625 [Thread-460] INFO  http.HttpServer2 (HttpServer2.java:addFilter(958)) - Added filter static_user_filter (class=org.apache.hadoop.http.lib.StaticUserWebFilter$StaticUserFilter) to context logs
2019-10-16 06:57:29,626 [Thread-460] INFO  http.HttpServer2 (HttpServer2.java:bindListener(1191)) - Jetty bound to port 41229
2019-10-16 06:57:29,626 [Thread-460] INFO  server.Server (Server.java:doStart(351)) - jetty-9.3.25.v20180904, build timestamp: 2018-09-04T21:11:46Z, git hash: 3ce520221d0240229c862b122d2b06c12a625732
2019-10-16 06:57:29,628 [Thread-460] INFO  handler.ContextHandler (ContextHandler.java:doStart(781)) - Started o.e.j.s.ServletContextHandler@106b5df5{/logs,file:///workdir/hadoop-ozone/ozonefs/target/log,AVAILABLE}
2019-10-16 06:57:29,629 [Thread-460] INFO  handler.ContextHandler (ContextHandler.java:doStart(781)) - Started o.e.j.s.ServletContextHandler@53231f30{/static,jar:file:/home/user/.m2/repository/org/apache/hadoop/hadoop-ozone-ozone-manager/0.5.0-SNAPSHOT/hadoop-ozone-ozone-manager-0.5.0-SNAPSHOT.jar!/webapps/static,AVAILABLE}
2019-10-16 06:57:29,689 [Thread-460] INFO  handler.ContextHandler (ContextHandler.java:doStart(781)) - Started o.e.j.w.WebAppContext@ac2fecd{/,file:///tmp/jetty-0.0.0.0-41229-ozoneManager-_-any-8087136794545519159.dir/webapp/,AVAILABLE}{/ozoneManager}
2019-10-16 06:57:29,690 [Thread-460] INFO  server.AbstractConnector (AbstractConnector.java:doStart(278)) - Started ServerConnector@4c03774f{HTTP/1.1,[http/1.1]}{0.0.0.0:41229}
2019-10-16 06:57:29,691 [Thread-460] INFO  server.Server (Server.java:doStart(419)) - Started @41394ms
2019-10-16 06:57:29,691 [Thread-460] WARN  impl.MetricsSystemImpl (MetricsSystemImpl.java:register(276)) - Sink prometheus already exists!
2019-10-16 06:57:29,692 [Thread-460] INFO  server.BaseHttpServer (BaseHttpServer.java:updateConnectorAddress(215)) - HTTP server of OZONEMANAGER is listening at http://0.0.0.0:41229
2019-10-16 06:57:29,705 [Thread-460] INFO  impl.MetricsSystemImpl (MetricsSystemImpl.java:init(158)) - HddsDatanode metrics system started (again)
2019-10-16 06:57:29,708 [Thread-460] INFO  ozone.HddsDatanodeService (HddsDatanodeService.java:start(184)) - HddsDatanodeService host:pr-hdds-2312-q6qzp-1535798719 ip:192.168.69.104
2019-10-16 06:57:29,716 [Thread-460] INFO  volume.HddsVolume (HddsVolume.java:<init>(176)) - Creating Volume: /workdir/hadoop-ozone/ozonefs/target/test-dir/MiniOzoneClusterImpl-fb31fee1-15a5-46cd-9d12-d6ad84b763d9/datanode-0/data/containers/hdds of  storage type : DISK and capacity : 1482555576320
2019-10-16 06:57:29,717 [Thread-460] INFO  volume.VolumeSet (VolumeSet.java:initializeVolumeSet(170)) - Added Volume : /workdir/hadoop-ozone/ozonefs/target/test-dir/MiniOzoneClusterImpl-fb31fee1-15a5-46cd-9d12-d6ad84b763d9/datanode-0/data/containers/hdds to VolumeSet
2019-10-16 06:57:29,718 [Thread-460] INFO  volume.ThrottledAsyncChecker (ThrottledAsyncChecker.java:schedule(141)) - Scheduling a check for /workdir/hadoop-ozone/ozonefs/target/test-dir/MiniOzoneClusterImpl-fb31fee1-15a5-46cd-9d12-d6ad84b763d9/datanode-0/data/containers/hdds
2019-10-16 06:57:29,719 [Thread-460] INFO  volume.HddsVolumeChecker (HddsVolumeChecker.java:checkAllVolumes(204)) - Scheduled health check for volume /workdir/hadoop-ozone/ozonefs/target/test-dir/MiniOzoneClusterImpl-fb31fee1-15a5-46cd-9d12-d6ad84b763d9/datanode-0/data/containers/hdds
2019-10-16 06:57:29,742 [Thread-460] INFO  impl.RaftServerProxy (ConfUtils.java:logGet(43)) - raft.rpc.type = GRPC (default)
2019-10-16 06:57:29,742 [Thread-460] INFO  grpc.GrpcFactory (GrpcFactory.java:checkPooledByteBufAllocatorUseCacheForAllThreads(45)) - PERFORMANCE WARNING: useCacheForAllThreads is true that may cause Netty to create a lot garbage objects and, as a result, trigger GC.
	It is recommended to disable useCacheForAllThreads by setting -Dorg.apache.ratis.thirdparty.io.netty.allocator.useCacheForAllThreads=false in command line.
2019-10-16 06:57:29,743 [Thread-460] INFO  grpc.GrpcConfigKeys$Server (ConfUtils.java:logGet(43)) - raft.grpc.server.port = 0 (default)
2019-10-16 06:57:29,743 [Thread-460] INFO  server.GrpcService (ConfUtils.java:logGet(43)) - raft.grpc.message.size.max = 33570816 (custom)
2019-10-16 06:57:29,743 [Thread-460] INFO  server.RaftServerConfigKeys (ConfUtils.java:logGet(43)) - raft.server.log.appender.buffer.byte-limit = 33554432 (custom)
2019-10-16 06:57:29,743 [Thread-460] INFO  server.GrpcService (ConfUtils.java:logGet(43)) - raft.grpc.flow.control.window = 1MB (=1048576) (default)
2019-10-16 06:57:29,743 [Thread-460] INFO  server.RaftServerConfigKeys (ConfUtils.java:logGet(43)) - raft.server.rpc.request.timeout = 3000ms (default)
2019-10-16 06:57:29,744 [Thread-460] INFO  server.RaftServerConfigKeys (ConfUtils.java:logGet(43)) - raft.server.storage.dir = [/workdir/hadoop-ozone/ozonefs/target/test-dir/MiniOzoneClusterImpl-fb31fee1-15a5-46cd-9d12-d6ad84b763d9/datanode-0/data/ratis] (custom)
2019-10-16 06:57:29,746 [Thread-460] INFO  hdfs.DFSUtil (DFSUtil.java:httpServerTemplateForNNAndJN(1641)) - Starting Web-server for hddsDatanode at: http://0.0.0.0:0
2019-10-16 06:57:29,748 [Thread-460] INFO  server.AuthenticationFilter (AuthenticationFilter.java:constructSecretProvider(240)) - Unable to initialize FileSignerSecretProvider, falling back to use random secrets.
2019-10-16 06:57:29,748 [Thread-460] WARN  http.HttpRequestLog (HttpRequestLog.java:getRequestLog(97)) - Jetty request log can only be enabled using Log4j
2019-10-16 06:57:29,751 [Thread-460] INFO  http.HttpServer2 (HttpServer2.java:addGlobalFilter(975)) - Added global filter 'safety' (class=org.apache.hadoop.http.HttpServer2$QuotingInputFilter)
2019-10-16 06:57:29,751 [Thread-460] INFO  http.HttpServer2 (HttpServer2.java:addFilter(948)) - Added filter static_user_filter (class=org.apache.hadoop.http.lib.StaticUserWebFilter$StaticUserFilter) to context hddsDatanode
2019-10-16 06:57:29,752 [Thread-460] INFO  http.HttpServer2 (HttpServer2.java:addFilter(958)) - Added filter static_user_filter (class=org.apache.hadoop.http.lib.StaticUserWebFilter$StaticUserFilter) to context logs
2019-10-16 06:57:29,752 [Thread-460] INFO  http.HttpServer2 (HttpServer2.java:addFilter(958)) - Added filter static_user_filter (class=org.apache.hadoop.http.lib.StaticUserWebFilter$StaticUserFilter) to context static
2019-10-16 06:57:29,753 [Thread-460] INFO  http.HttpServer2 (HttpServer2.java:bindListener(1191)) - Jetty bound to port 36458
2019-10-16 06:57:29,753 [Thread-460] INFO  server.Server (Server.java:doStart(351)) - jetty-9.3.25.v20180904, build timestamp: 2018-09-04T21:11:46Z, git hash: 3ce520221d0240229c862b122d2b06c12a625732
2019-10-16 06:57:29,755 [Thread-460] INFO  handler.ContextHandler (ContextHandler.java:doStart(781)) - Started o.e.j.s.ServletContextHandler@63a31440{/logs,file:///workdir/hadoop-ozone/ozonefs/target/log,AVAILABLE}
2019-10-16 06:57:29,755 [Thread-460] INFO  handler.ContextHandler (ContextHandler.java:doStart(781)) - Started o.e.j.s.ServletContextHandler@102c9794{/static,jar:file:/home/user/.m2/repository/org/apache/hadoop/hadoop-hdds-container-service/0.5.0-SNAPSHOT/hadoop-hdds-container-service-0.5.0-SNAPSHOT.jar!/webapps/static,AVAILABLE}
2019-10-16 06:57:29,791 [Thread-460] INFO  handler.ContextHandler (ContextHandler.java:doStart(781)) - Started o.e.j.w.WebAppContext@738d17ac{/,file:///tmp/jetty-0.0.0.0-36458-hddsDatanode-_-any-3108531019317155651.dir/webapp/,AVAILABLE}{/hddsDatanode}
2019-10-16 06:57:29,792 [Thread-460] INFO  server.AbstractConnector (AbstractConnector.java:doStart(278)) - Started ServerConnector@2ce43d84{HTTP/1.1,[http/1.1]}{0.0.0.0:36458}
2019-10-16 06:57:29,792 [Thread-460] INFO  server.Server (Server.java:doStart(419)) - Started @41495ms
2019-10-16 06:57:29,793 [Thread-460] WARN  impl.MetricsSystemImpl (MetricsSystemImpl.java:register(276)) - Sink prometheus already exists!
2019-10-16 06:57:29,794 [Thread-460] INFO  server.BaseHttpServer (BaseHttpServer.java:updateConnectorAddress(215)) - HTTP server of HDDSDATANODE is listening at http://0.0.0.0:36458
2019-10-16 06:57:29,794 [Thread-460] INFO  impl.MetricsSystemImpl (MetricsSystemImpl.java:init(158)) - HddsDatanode metrics system started (again)
2019-10-16 06:57:29,798 [Thread-460] INFO  ozone.HddsDatanodeService (HddsDatanodeService.java:start(184)) - HddsDatanodeService host:pr-hdds-2312-q6qzp-1535798719 ip:192.168.69.104
2019-10-16 06:57:29,799 [org.apache.hadoop.util.JvmPauseMonitor$Monitor@9bf02d9] INFO  util.JvmPauseMonitor (JvmPauseMonitor.java:run(188)) - Starting JVM pause monitor
2019-10-16 06:57:29,802 [Datanode State Machine Thread - 0] INFO  datanode.InitDatanodeState (InitDatanodeState.java:persistContainerDatanodeDetails(140)) - DatanodeDetails is persisted to /workdir/hadoop-ozone/ozonefs/target/test-dir/MiniOzoneClusterImpl-fb31fee1-15a5-46cd-9d12-d6ad84b763d9/datanode-0/meta/datanode.id
2019-10-16 06:57:29,805 [Thread-460] INFO  volume.HddsVolume (HddsVolume.java:<init>(176)) - Creating Volume: /workdir/hadoop-ozone/ozonefs/target/test-dir/MiniOzoneClusterImpl-fb31fee1-15a5-46cd-9d12-d6ad84b763d9/datanode-1/data/containers/hdds of  storage type : DISK and capacity : 1482555576320
2019-10-16 06:57:29,805 [Thread-460] INFO  volume.VolumeSet (VolumeSet.java:initializeVolumeSet(170)) - Added Volume : /workdir/hadoop-ozone/ozonefs/target/test-dir/MiniOzoneClusterImpl-fb31fee1-15a5-46cd-9d12-d6ad84b763d9/datanode-1/data/containers/hdds to VolumeSet
2019-10-16 06:57:29,805 [Thread-460] INFO  volume.ThrottledAsyncChecker (ThrottledAsyncChecker.java:schedule(141)) - Scheduling a check for /workdir/hadoop-ozone/ozonefs/target/test-dir/MiniOzoneClusterImpl-fb31fee1-15a5-46cd-9d12-d6ad84b763d9/datanode-1/data/containers/hdds
2019-10-16 06:57:29,806 [Thread-460] INFO  volume.HddsVolumeChecker (HddsVolumeChecker.java:checkAllVolumes(204)) - Scheduled health check for volume /workdir/hadoop-ozone/ozonefs/target/test-dir/MiniOzoneClusterImpl-fb31fee1-15a5-46cd-9d12-d6ad84b763d9/datanode-1/data/containers/hdds
2019-10-16 06:57:29,829 [Thread-460] INFO  impl.RaftServerProxy (ConfUtils.java:logGet(43)) - raft.rpc.type = GRPC (default)
2019-10-16 06:57:29,829 [Thread-460] INFO  grpc.GrpcFactory (GrpcFactory.java:checkPooledByteBufAllocatorUseCacheForAllThreads(45)) - PERFORMANCE WARNING: useCacheForAllThreads is true that may cause Netty to create a lot garbage objects and, as a result, trigger GC.
	It is recommended to disable useCacheForAllThreads by setting -Dorg.apache.ratis.thirdparty.io.netty.allocator.useCacheForAllThreads=false in command line.
2019-10-16 06:57:29,829 [Thread-460] INFO  grpc.GrpcConfigKeys$Server (ConfUtils.java:logGet(43)) - raft.grpc.server.port = 0 (default)
2019-10-16 06:57:29,830 [Thread-460] INFO  server.GrpcService (ConfUtils.java:logGet(43)) - raft.grpc.message.size.max = 33570816 (custom)
2019-10-16 06:57:29,830 [Thread-460] INFO  server.RaftServerConfigKeys (ConfUtils.java:logGet(43)) - raft.server.log.appender.buffer.byte-limit = 33554432 (custom)
2019-10-16 06:57:29,830 [Thread-460] INFO  server.GrpcService (ConfUtils.java:logGet(43)) - raft.grpc.flow.control.window = 1MB (=1048576) (default)
2019-10-16 06:57:29,830 [Thread-460] INFO  server.RaftServerConfigKeys (ConfUtils.java:logGet(43)) - raft.server.rpc.request.timeout = 3000ms (default)
2019-10-16 06:57:29,831 [Thread-460] INFO  server.RaftServerConfigKeys (ConfUtils.java:logGet(43)) - raft.server.storage.dir = [/workdir/hadoop-ozone/ozonefs/target/test-dir/MiniOzoneClusterImpl-fb31fee1-15a5-46cd-9d12-d6ad84b763d9/datanode-1/data/ratis] (custom)
2019-10-16 06:57:29,832 [Thread-460] INFO  hdfs.DFSUtil (DFSUtil.java:httpServerTemplateForNNAndJN(1641)) - Starting Web-server for hddsDatanode at: http://0.0.0.0:0
2019-10-16 06:57:29,834 [Thread-460] INFO  server.AuthenticationFilter (AuthenticationFilter.java:constructSecretProvider(240)) - Unable to initialize FileSignerSecretProvider, falling back to use random secrets.
2019-10-16 06:57:29,835 [Thread-460] WARN  http.HttpRequestLog (HttpRequestLog.java:getRequestLog(97)) - Jetty request log can only be enabled using Log4j
2019-10-16 06:57:29,837 [Thread-460] INFO  http.HttpServer2 (HttpServer2.java:addGlobalFilter(975)) - Added global filter 'safety' (class=org.apache.hadoop.http.HttpServer2$QuotingInputFilter)
2019-10-16 06:57:29,838 [Thread-460] INFO  http.HttpServer2 (HttpServer2.java:addFilter(948)) - Added filter static_user_filter (class=org.apache.hadoop.http.lib.StaticUserWebFilter$StaticUserFilter) to context hddsDatanode
2019-10-16 06:57:29,838 [Thread-460] INFO  http.HttpServer2 (HttpServer2.java:addFilter(958)) - Added filter static_user_filter (class=org.apache.hadoop.http.lib.StaticUserWebFilter$StaticUserFilter) to context logs
2019-10-16 06:57:29,838 [Thread-460] INFO  http.HttpServer2 (HttpServer2.java:addFilter(958)) - Added filter static_user_filter (class=org.apache.hadoop.http.lib.StaticUserWebFilter$StaticUserFilter) to context static
2019-10-16 06:57:29,839 [Thread-460] INFO  http.HttpServer2 (HttpServer2.java:bindListener(1191)) - Jetty bound to port 37248
2019-10-16 06:57:29,839 [Thread-460] INFO  server.Server (Server.java:doStart(351)) - jetty-9.3.25.v20180904, build timestamp: 2018-09-04T21:11:46Z, git hash: 3ce520221d0240229c862b122d2b06c12a625732
2019-10-16 06:57:29,841 [Thread-460] INFO  handler.ContextHandler (ContextHandler.java:doStart(781)) - Started o.e.j.s.ServletContextHandler@6f596edc{/logs,file:///workdir/hadoop-ozone/ozonefs/target/log,AVAILABLE}
2019-10-16 06:57:29,841 [Thread-460] INFO  handler.ContextHandler (ContextHandler.java:doStart(781)) - Started o.e.j.s.ServletContextHandler@2f2dbc9{/static,jar:file:/home/user/.m2/repository/org/apache/hadoop/hadoop-hdds-container-service/0.5.0-SNAPSHOT/hadoop-hdds-container-service-0.5.0-SNAPSHOT.jar!/webapps/static,AVAILABLE}
2019-10-16 06:57:29,869 [Thread-460] INFO  handler.ContextHandler (ContextHandler.java:doStart(781)) - Started o.e.j.w.WebAppContext@427520d2{/,file:///tmp/jetty-0.0.0.0-37248-hddsDatanode-_-any-3967709089125722442.dir/webapp/,AVAILABLE}{/hddsDatanode}
2019-10-16 06:57:29,870 [Thread-460] INFO  server.AbstractConnector (AbstractConnector.java:doStart(278)) - Started ServerConnector@3cb07f7e{HTTP/1.1,[http/1.1]}{0.0.0.0:37248}
2019-10-16 06:57:29,871 [Thread-460] INFO  server.Server (Server.java:doStart(419)) - Started @41574ms
2019-10-16 06:57:29,871 [Thread-460] WARN  impl.MetricsSystemImpl (MetricsSystemImpl.java:register(276)) - Sink prometheus already exists!
2019-10-16 06:57:29,872 [Thread-460] INFO  server.BaseHttpServer (BaseHttpServer.java:updateConnectorAddress(215)) - HTTP server of HDDSDATANODE is listening at http://0.0.0.0:37248
2019-10-16 06:57:29,872 [Thread-460] INFO  impl.MetricsSystemImpl (MetricsSystemImpl.java:init(158)) - HddsDatanode metrics system started (again)
2019-10-16 06:57:29,876 [org.apache.hadoop.util.JvmPauseMonitor$Monitor@3b4889ae] INFO  util.JvmPauseMonitor (JvmPauseMonitor.java:run(188)) - Starting JVM pause monitor
2019-10-16 06:57:29,876 [Thread-460] INFO  ozone.HddsDatanodeService (HddsDatanodeService.java:start(184)) - HddsDatanodeService host:pr-hdds-2312-q6qzp-1535798719 ip:192.168.69.104
2019-10-16 06:57:29,881 [Datanode State Machine Thread - 0] INFO  datanode.InitDatanodeState (InitDatanodeState.java:persistContainerDatanodeDetails(140)) - DatanodeDetails is persisted to /workdir/hadoop-ozone/ozonefs/target/test-dir/MiniOzoneClusterImpl-fb31fee1-15a5-46cd-9d12-d6ad84b763d9/datanode-1/meta/datanode.id
2019-10-16 06:57:29,886 [Thread-460] INFO  volume.HddsVolume (HddsVolume.java:<init>(176)) - Creating Volume: /workdir/hadoop-ozone/ozonefs/target/test-dir/MiniOzoneClusterImpl-fb31fee1-15a5-46cd-9d12-d6ad84b763d9/datanode-2/data/containers/hdds of  storage type : DISK and capacity : 1482555576320
2019-10-16 06:57:29,887 [Thread-460] INFO  volume.VolumeSet (VolumeSet.java:initializeVolumeSet(170)) - Added Volume : /workdir/hadoop-ozone/ozonefs/target/test-dir/MiniOzoneClusterImpl-fb31fee1-15a5-46cd-9d12-d6ad84b763d9/datanode-2/data/containers/hdds to VolumeSet
2019-10-16 06:57:29,887 [Thread-460] INFO  volume.ThrottledAsyncChecker (ThrottledAsyncChecker.java:schedule(141)) - Scheduling a check for /workdir/hadoop-ozone/ozonefs/target/test-dir/MiniOzoneClusterImpl-fb31fee1-15a5-46cd-9d12-d6ad84b763d9/datanode-2/data/containers/hdds
2019-10-16 06:57:29,887 [Thread-460] INFO  volume.HddsVolumeChecker (HddsVolumeChecker.java:checkAllVolumes(204)) - Scheduled health check for volume /workdir/hadoop-ozone/ozonefs/target/test-dir/MiniOzoneClusterImpl-fb31fee1-15a5-46cd-9d12-d6ad84b763d9/datanode-2/data/containers/hdds
2019-10-16 06:57:29,906 [Thread-460] INFO  impl.RaftServerProxy (ConfUtils.java:logGet(43)) - raft.rpc.type = GRPC (default)
2019-10-16 06:57:29,907 [Thread-460] INFO  grpc.GrpcFactory (GrpcFactory.java:checkPooledByteBufAllocatorUseCacheForAllThreads(45)) - PERFORMANCE WARNING: useCacheForAllThreads is true that may cause Netty to create a lot garbage objects and, as a result, trigger GC.
	It is recommended to disable useCacheForAllThreads by setting -Dorg.apache.ratis.thirdparty.io.netty.allocator.useCacheForAllThreads=false in command line.
2019-10-16 06:57:29,907 [Thread-460] INFO  grpc.GrpcConfigKeys$Server (ConfUtils.java:logGet(43)) - raft.grpc.server.port = 0 (default)
2019-10-16 06:57:29,907 [Thread-460] INFO  server.GrpcService (ConfUtils.java:logGet(43)) - raft.grpc.message.size.max = 33570816 (custom)
2019-10-16 06:57:29,907 [Thread-460] INFO  server.RaftServerConfigKeys (ConfUtils.java:logGet(43)) - raft.server.log.appender.buffer.byte-limit = 33554432 (custom)
2019-10-16 06:57:29,907 [Thread-460] INFO  server.GrpcService (ConfUtils.java:logGet(43)) - raft.grpc.flow.control.window = 1MB (=1048576) (default)
2019-10-16 06:57:29,907 [Thread-460] INFO  server.RaftServerConfigKeys (ConfUtils.java:logGet(43)) - raft.server.rpc.request.timeout = 3000ms (default)
2019-10-16 06:57:29,908 [Thread-460] INFO  server.RaftServerConfigKeys (ConfUtils.java:logGet(43)) - raft.server.storage.dir = [/workdir/hadoop-ozone/ozonefs/target/test-dir/MiniOzoneClusterImpl-fb31fee1-15a5-46cd-9d12-d6ad84b763d9/datanode-2/data/ratis] (custom)
2019-10-16 06:57:29,909 [Thread-460] INFO  hdfs.DFSUtil (DFSUtil.java:httpServerTemplateForNNAndJN(1641)) - Starting Web-server for hddsDatanode at: http://0.0.0.0:0
2019-10-16 06:57:29,911 [Thread-460] INFO  server.AuthenticationFilter (AuthenticationFilter.java:constructSecretProvider(240)) - Unable to initialize FileSignerSecretProvider, falling back to use random secrets.
2019-10-16 06:57:29,911 [Thread-460] WARN  http.HttpRequestLog (HttpRequestLog.java:getRequestLog(97)) - Jetty request log can only be enabled using Log4j
2019-10-16 06:57:29,913 [Thread-460] INFO  http.HttpServer2 (HttpServer2.java:addGlobalFilter(975)) - Added global filter 'safety' (class=org.apache.hadoop.http.HttpServer2$QuotingInputFilter)
2019-10-16 06:57:29,914 [Thread-460] INFO  http.HttpServer2 (HttpServer2.java:addFilter(948)) - Added filter static_user_filter (class=org.apache.hadoop.http.lib.StaticUserWebFilter$StaticUserFilter) to context hddsDatanode
2019-10-16 06:57:29,914 [Thread-460] INFO  http.HttpServer2 (HttpServer2.java:addFilter(958)) - Added filter static_user_filter (class=org.apache.hadoop.http.lib.StaticUserWebFilter$StaticUserFilter) to context logs
2019-10-16 06:57:29,914 [Thread-460] INFO  http.HttpServer2 (HttpServer2.java:addFilter(958)) - Added filter static_user_filter (class=org.apache.hadoop.http.lib.StaticUserWebFilter$StaticUserFilter) to context static
2019-10-16 06:57:29,915 [Thread-460] INFO  http.HttpServer2 (HttpServer2.java:bindListener(1191)) - Jetty bound to port 32969
2019-10-16 06:57:29,915 [Thread-460] INFO  server.Server (Server.java:doStart(351)) - jetty-9.3.25.v20180904, build timestamp: 2018-09-04T21:11:46Z, git hash: 3ce520221d0240229c862b122d2b06c12a625732
2019-10-16 06:57:29,916 [Thread-460] INFO  handler.ContextHandler (ContextHandler.java:doStart(781)) - Started o.e.j.s.ServletContextHandler@ceba956{/logs,file:///workdir/hadoop-ozone/ozonefs/target/log,AVAILABLE}
2019-10-16 06:57:29,917 [Thread-460] INFO  handler.ContextHandler (ContextHandler.java:doStart(781)) - Started o.e.j.s.ServletContextHandler@4501fbce{/static,jar:file:/home/user/.m2/repository/org/apache/hadoop/hadoop-hdds-container-service/0.5.0-SNAPSHOT/hadoop-hdds-container-service-0.5.0-SNAPSHOT.jar!/webapps/static,AVAILABLE}
2019-10-16 06:57:29,946 [Thread-460] INFO  handler.ContextHandler (ContextHandler.java:doStart(781)) - Started o.e.j.w.WebAppContext@635085c3{/,file:///tmp/jetty-0.0.0.0-32969-hddsDatanode-_-any-2660741092583955717.dir/webapp/,AVAILABLE}{/hddsDatanode}
2019-10-16 06:57:29,946 [Thread-460] INFO  server.AbstractConnector (AbstractConnector.java:doStart(278)) - Started ServerConnector@3d5fdb53{HTTP/1.1,[http/1.1]}{0.0.0.0:32969}
2019-10-16 06:57:29,947 [Thread-460] INFO  server.Server (Server.java:doStart(419)) - Started @41651ms
2019-10-16 06:57:29,948 [Thread-460] WARN  impl.MetricsSystemImpl (MetricsSystemImpl.java:register(276)) - Sink prometheus already exists!
2019-10-16 06:57:29,948 [Thread-460] INFO  server.BaseHttpServer (BaseHttpServer.java:updateConnectorAddress(215)) - HTTP server of HDDSDATANODE is listening at http://0.0.0.0:32969
2019-10-16 06:57:29,949 [Thread-460] INFO  ozone.MiniOzoneClusterImpl (MiniOzoneClusterImpl.java:lambda$waitForClusterToBeReady$0(147)) - Waiting for cluster to be ready. Got 0 of 3 DN Heartbeats.
2019-10-16 06:57:29,950 [org.apache.hadoop.util.JvmPauseMonitor$Monitor@7e33dc89] INFO  util.JvmPauseMonitor (JvmPauseMonitor.java:run(188)) - Starting JVM pause monitor
2019-10-16 06:57:29,952 [Datanode State Machine Thread - 0] INFO  datanode.InitDatanodeState (InitDatanodeState.java:persistContainerDatanodeDetails(140)) - DatanodeDetails is persisted to /workdir/hadoop-ozone/ozonefs/target/test-dir/MiniOzoneClusterImpl-fb31fee1-15a5-46cd-9d12-d6ad84b763d9/datanode-2/meta/datanode.id
2019-10-16 06:57:30,950 [Thread-460] INFO  ozone.MiniOzoneClusterImpl (MiniOzoneClusterImpl.java:lambda$waitForClusterToBeReady$0(147)) - Waiting for cluster to be ready. Got 0 of 3 DN Heartbeats.
2019-10-16 06:57:31,824 [Datanode State Machine Thread - 0] INFO  ozoneimpl.OzoneContainer (OzoneContainer.java:start(213)) - Attempting to start container services.
2019-10-16 06:57:31,824 [Datanode State Machine Thread - 0] INFO  ozoneimpl.OzoneContainer (OzoneContainer.java:startContainerScrub(177)) - Background container scanner has been disabled.
2019-10-16 06:57:31,824 [Datanode State Machine Thread - 0] INFO  ratis.XceiverServerRatis (XceiverServerRatis.java:start(418)) - Starting XceiverServerRatis d1893424-bca9-4ee3-a7ed-99723aee90a9 at port 0
2019-10-16 06:57:31,830 [Datanode State Machine Thread - 0] INFO  impl.RaftServerProxy (RaftServerProxy.java:lambda$start$3(299)) - d1893424-bca9-4ee3-a7ed-99723aee90a9: start RPC server
2019-10-16 06:57:31,832 [Datanode State Machine Thread - 0] INFO  server.GrpcService (GrpcService.java:startImpl(158)) - d1893424-bca9-4ee3-a7ed-99723aee90a9: GrpcService started, listening on 0.0.0.0/0.0.0.0:33637
2019-10-16 06:57:31,832 [Datanode State Machine Thread - 0] INFO  ratis.XceiverServerRatis (XceiverServerRatis.java:start(428)) - XceiverServerRatis d1893424-bca9-4ee3-a7ed-99723aee90a9 is started using port 33637
2019-10-16 06:57:31,833 [Datanode State Machine Thread - 0] INFO  server.XceiverServerGrpc (XceiverServerGrpc.java:start(149)) - XceiverServerGrpc d1893424-bca9-4ee3-a7ed-99723aee90a9 is started using port 38541
2019-10-16 06:57:31,890 [Datanode State Machine Thread - 0] INFO  ozoneimpl.OzoneContainer (OzoneContainer.java:start(213)) - Attempting to start container services.
2019-10-16 06:57:31,890 [Datanode State Machine Thread - 0] INFO  ozoneimpl.OzoneContainer (OzoneContainer.java:startContainerScrub(177)) - Background container scanner has been disabled.
2019-10-16 06:57:31,891 [Datanode State Machine Thread - 0] INFO  ratis.XceiverServerRatis (XceiverServerRatis.java:start(418)) - Starting XceiverServerRatis f798aac2-2639-421a-80fe-e15728f6ca86 at port 0
2019-10-16 06:57:31,897 [Datanode State Machine Thread - 0] INFO  impl.RaftServerProxy (RaftServerProxy.java:lambda$start$3(299)) - f798aac2-2639-421a-80fe-e15728f6ca86: start RPC server
2019-10-16 06:57:31,898 [Datanode State Machine Thread - 0] INFO  server.GrpcService (GrpcService.java:startImpl(158)) - f798aac2-2639-421a-80fe-e15728f6ca86: GrpcService started, listening on 0.0.0.0/0.0.0.0:40422
2019-10-16 06:57:31,898 [Datanode State Machine Thread - 0] INFO  ratis.XceiverServerRatis (XceiverServerRatis.java:start(428)) - XceiverServerRatis f798aac2-2639-421a-80fe-e15728f6ca86 is started using port 40422
2019-10-16 06:57:31,899 [Datanode State Machine Thread - 0] INFO  server.XceiverServerGrpc (XceiverServerGrpc.java:start(149)) - XceiverServerGrpc f798aac2-2639-421a-80fe-e15728f6ca86 is started using port 37214
2019-10-16 06:57:31,951 [Thread-460] INFO  ozone.MiniOzoneClusterImpl (MiniOzoneClusterImpl.java:lambda$waitForClusterToBeReady$0(147)) - Waiting for cluster to be ready. Got 0 of 3 DN Heartbeats.
2019-10-16 06:57:31,965 [Datanode State Machine Thread - 0] INFO  ozoneimpl.OzoneContainer (OzoneContainer.java:start(213)) - Attempting to start container services.
2019-10-16 06:57:31,965 [Datanode State Machine Thread - 0] INFO  ozoneimpl.OzoneContainer (OzoneContainer.java:startContainerScrub(177)) - Background container scanner has been disabled.
2019-10-16 06:57:31,965 [Datanode State Machine Thread - 0] INFO  ratis.XceiverServerRatis (XceiverServerRatis.java:start(418)) - Starting XceiverServerRatis d7e7950c-6647-4bf5-bc57-9ca692be1a29 at port 0
2019-10-16 06:57:31,972 [Datanode State Machine Thread - 0] INFO  impl.RaftServerProxy (RaftServerProxy.java:lambda$start$3(299)) - d7e7950c-6647-4bf5-bc57-9ca692be1a29: start RPC server
2019-10-16 06:57:31,977 [Datanode State Machine Thread - 0] INFO  server.GrpcService (GrpcService.java:startImpl(158)) - d7e7950c-6647-4bf5-bc57-9ca692be1a29: GrpcService started, listening on 0.0.0.0/0.0.0.0:45492
2019-10-16 06:57:31,977 [Datanode State Machine Thread - 0] INFO  ratis.XceiverServerRatis (XceiverServerRatis.java:start(428)) - XceiverServerRatis d7e7950c-6647-4bf5-bc57-9ca692be1a29 is started using port 45492
2019-10-16 06:57:31,978 [Datanode State Machine Thread - 0] INFO  server.XceiverServerGrpc (XceiverServerGrpc.java:start(149)) - XceiverServerGrpc d7e7950c-6647-4bf5-bc57-9ca692be1a29 is started using port 45290
2019-10-16 06:57:32,951 [Thread-460] INFO  ozone.MiniOzoneClusterImpl (MiniOzoneClusterImpl.java:lambda$waitForClusterToBeReady$0(147)) - Waiting for cluster to be ready. Got 0 of 3 DN Heartbeats.
2019-10-16 06:57:33,802 [IPC Server handler 0 on 39744] INFO  net.NetworkTopology (NetworkTopologyImpl.java:add(111)) - Added a new node: /default-rack/d1893424-bca9-4ee3-a7ed-99723aee90a9
2019-10-16 06:57:33,803 [IPC Server handler 0 on 39744] INFO  node.SCMNodeManager (SCMNodeManager.java:register(268)) - Registered Data node : d1893424-bca9-4ee3-a7ed-99723aee90a9{ip: 192.168.69.104, host: pr-hdds-2312-q6qzp-1535798719, networkLocation: /default-rack, certSerialId: null}
2019-10-16 06:57:33,804 [EventQueue-NodeRegistrationContainerReportForDataNodeSafeModeRule] INFO  safemode.SCMSafeModeManager (DataNodeSafeModeRule.java:process(71)) - SCM in safe mode. 1 DataNodes registered, 1 required.
2019-10-16 06:57:33,805 [EventQueue-NodeRegistrationContainerReportForDataNodeSafeModeRule] INFO  safemode.SCMSafeModeManager (SCMSafeModeManager.java:validateSafeModeExitRules(177)) - ScmSafeModeManager, all rules are successfully validated
2019-10-16 06:57:33,805 [EventQueue-NodeRegistrationContainerReportForDataNodeSafeModeRule] INFO  safemode.SCMSafeModeManager (SCMSafeModeManager.java:exitSafeMode(193)) - SCM exiting safe mode.
2019-10-16 06:57:33,820 [grpc-default-executor-0] INFO  impl.RaftServerProxy (RaftServerProxy.java:addNew(89)) - d1893424-bca9-4ee3-a7ed-99723aee90a9: addNew group-3D9BE102F265:[d1893424-bca9-4ee3-a7ed-99723aee90a9:192.168.69.104:33637] returns group-3D9BE102F265:java.util.concurrent.CompletableFuture@64bde250[Not completed]
2019-10-16 06:57:33,822 [pool-127-thread-1] INFO  impl.RaftServerImpl (RaftServerImpl.java:<init>(104)) - d1893424-bca9-4ee3-a7ed-99723aee90a9: new RaftServerImpl for group-3D9BE102F265:[d1893424-bca9-4ee3-a7ed-99723aee90a9:192.168.69.104:33637] with ContainerStateMachine:uninitialized
2019-10-16 06:57:33,822 [pool-127-thread-1] INFO  server.RaftServerConfigKeys (ConfUtils.java:logGet(43)) - raft.server.rpc.timeout.min = 5s (custom)
2019-10-16 06:57:33,822 [pool-127-thread-1] INFO  server.RaftServerConfigKeys (ConfUtils.java:logGet(43)) - raft.server.rpc.timeout.max = 5200ms (custom)
2019-10-16 06:57:33,822 [pool-127-thread-1] INFO  server.RaftServerConfigKeys (ConfUtils.java:logGet(43)) - raft.server.rpcslowness.timeout = 120s (custom)
2019-10-16 06:57:33,822 [pool-127-thread-1] INFO  server.RaftServerConfigKeys (ConfUtils.java:logGet(43)) - raft.server.sleep.deviation.threshold = 300 (default)
2019-10-16 06:57:33,822 [pool-127-thread-1] INFO  server.RaftServerConfigKeys (ConfUtils.java:logGet(43)) - raft.server.log.appender.install.snapshot.enabled = false (custom)
2019-10-16 06:57:33,823 [pool-127-thread-1] INFO  impl.RaftServerImpl (ServerState.java:<init>(103)) - d1893424-bca9-4ee3-a7ed-99723aee90a9@group-3D9BE102F265: ConfigurationManager, init=-1: [d1893424-bca9-4ee3-a7ed-99723aee90a9:192.168.69.104:33637], old=null, confs=<EMPTY_MAP>
2019-10-16 06:57:33,823 [pool-127-thread-1] INFO  server.RaftServerConfigKeys (ConfUtils.java:logGet(43)) - raft.server.storage.dir = [/workdir/hadoop-ozone/ozonefs/target/test-dir/MiniOzoneClusterImpl-fb31fee1-15a5-46cd-9d12-d6ad84b763d9/datanode-0/data/ratis] (custom)
2019-10-16 06:57:33,823 [pool-127-thread-1] INFO  server.RaftServerConfigKeys (ConfUtils.java:logGet(43)) - raft.server.log.corruption.policy = EXCEPTION (default)
2019-10-16 06:57:33,823 [pool-127-thread-1] INFO  storage.RaftStorageDirectory (RaftStorageDirectory.java:analyzeStorage(246)) - The storage directory /workdir/hadoop-ozone/ozonefs/target/test-dir/MiniOzoneClusterImpl-fb31fee1-15a5-46cd-9d12-d6ad84b763d9/datanode-0/data/ratis/32628998-abb1-4eca-8063-3d9be102f265 does not exist. Creating ...
2019-10-16 06:57:33,848 [pool-127-thread-1] INFO  storage.RaftStorageDirectory (RaftStorageDirectory.java:tryLock(328)) - Lock on /workdir/hadoop-ozone/ozonefs/target/test-dir/MiniOzoneClusterImpl-fb31fee1-15a5-46cd-9d12-d6ad84b763d9/datanode-0/data/ratis/32628998-abb1-4eca-8063-3d9be102f265/in_use.lock acquired by nodename 15382@pr-hdds-2312-q6qzp-1535798719
2019-10-16 06:57:33,866 [pool-127-thread-1] INFO  storage.RaftStorage (RaftStorage.java:format(84)) - Storage directory /workdir/hadoop-ozone/ozonefs/target/test-dir/MiniOzoneClusterImpl-fb31fee1-15a5-46cd-9d12-d6ad84b763d9/datanode-0/data/ratis/32628998-abb1-4eca-8063-3d9be102f265 has been successfully formatted.
2019-10-16 06:57:33,866 [pool-127-thread-1] INFO  ratis.ContainerStateMachine (ContainerStateMachine.java:loadSnapshot(231)) - group-3D9BE102F265: The snapshot info is null. Setting the last applied indexto:(t:0, i:~)
2019-10-16 06:57:33,866 [pool-127-thread-1] INFO  server.RaftServerConfigKeys (ConfUtils.java:logGet(43)) - raft.server.notification.no-leader.timeout = 120s (custom)
2019-10-16 06:57:33,866 [pool-127-thread-1] INFO  server.RaftServerConfigKeys (ConfUtils.java:logGet(43)) - raft.server.log.use.memory = false (default)
2019-10-16 06:57:33,867 [pool-127-thread-1] INFO  server.RaftServerConfigKeys (ConfUtils.java:logGet(43)) - raft.server.log.purge.gap = 1000000 (custom)
2019-10-16 06:57:33,867 [pool-127-thread-1] INFO  server.RaftServerConfigKeys (ConfUtils.java:logGet(43)) - raft.server.log.appender.buffer.byte-limit = 33554432 (custom)
2019-10-16 06:57:33,867 [pool-127-thread-1] INFO  server.RaftServerConfigKeys (ConfUtils.java:logGet(43)) - raft.server.log.segment.size.max = 1048576 (custom)
2019-10-16 06:57:33,869 [pool-127-thread-1] INFO  server.RaftServerConfigKeys (ConfUtils.java:logGet(43)) - raft.server.log.segment.cache.num.max = 2 (custom)
2019-10-16 06:57:33,869 [pool-127-thread-1] INFO  segmented.SegmentedRaftLogWorker (SegmentedRaftLogWorker.java:<init>(173)) - new d1893424-bca9-4ee3-a7ed-99723aee90a9@group-3D9BE102F265-SegmentedRaftLogWorker for RaftStorage:Storage Directory /workdir/hadoop-ozone/ozonefs/target/test-dir/MiniOzoneClusterImpl-fb31fee1-15a5-46cd-9d12-d6ad84b763d9/datanode-0/data/ratis/32628998-abb1-4eca-8063-3d9be102f265
2019-10-16 06:57:33,870 [pool-127-thread-1] INFO  server.RaftServerConfigKeys (ConfUtils.java:logGet(43)) - raft.server.log.queue.byte-limit = 2147483647 (custom)
2019-10-16 06:57:33,870 [pool-127-thread-1] INFO  server.RaftServerConfigKeys (ConfUtils.java:logGet(43)) - raft.server.log.queue.element-limit = 1024 (custom)
2019-10-16 06:57:33,870 [pool-127-thread-1] INFO  server.RaftServerConfigKeys (ConfUtils.java:logGet(43)) - raft.server.log.segment.size.max = 1048576 (custom)
2019-10-16 06:57:33,870 [pool-127-thread-1] INFO  server.RaftServerConfigKeys (ConfUtils.java:logGet(43)) - raft.server.log.preallocated.size = 16384 (custom)
2019-10-16 06:57:33,870 [pool-127-thread-1] INFO  server.RaftServerConfigKeys (ConfUtils.java:logGet(43)) - raft.server.log.write.buffer.size = 33554432 (custom)
2019-10-16 06:57:33,870 [pool-127-thread-1] INFO  server.RaftServerConfigKeys (ConfUtils.java:logGet(43)) - raft.server.log.force.sync.num = 128 (default)
2019-10-16 06:57:33,870 [pool-127-thread-1] INFO  server.RaftServerConfigKeys (ConfUtils.java:logGet(43)) - raft.server.log.statemachine.data.sync = true (default)
2019-10-16 06:57:33,871 [pool-127-thread-1] INFO  server.RaftServerConfigKeys (ConfUtils.java:logGet(43)) - raft.server.log.statemachine.data.sync.timeout = 10s (default)
2019-10-16 06:57:33,871 [pool-127-thread-1] INFO  server.RaftServerConfigKeys (ConfUtils.java:logGet(43)) - raft.server.log.statemachine.data.sync.timeout.retry = -1 (default)
2019-10-16 06:57:33,871 [pool-127-thread-1] INFO  server.RaftServerConfigKeys (ConfUtils.java:logGet(43)) - raft.server.log.statemachine.data.caching.enabled = true (custom)
2019-10-16 06:57:33,872 [pool-127-thread-1] INFO  segmented.SegmentedRaftLogWorker (SegmentedRaftLogWorker.java:lambda$new$0(128)) - d1893424-bca9-4ee3-a7ed-99723aee90a9@group-3D9BE102F265-SegmentedRaftLogWorker: flushIndex: setUnconditionally 0 -> -1
2019-10-16 06:57:33,872 [pool-127-thread-1] INFO  server.RaftServerConfigKeys (ConfUtils.java:logGet(43)) - raft.server.snapshot.auto.trigger.enabled = true (custom)
2019-10-16 06:57:33,872 [pool-127-thread-1] INFO  server.RaftServerConfigKeys (ConfUtils.java:logGet(43)) - raft.server.snapshot.auto.trigger.threshold = 10000 (custom)
2019-10-16 06:57:33,872 [pool-127-thread-1] INFO  server.RaftServerConfigKeys (ConfUtils.java:logGet(43)) - raft.server.snapshot.retention.file.num = 5 (custom)
2019-10-16 06:57:33,873 [pool-127-thread-1] INFO  server.RaftServerConfigKeys (ConfUtils.java:logGet(43)) - raft.server.retrycache.expirytime = 600000ms (custom)
2019-10-16 06:57:33,876 [pool-127-thread-1] INFO  impl.RaftServerImpl (RaftServerImpl.java:start(195)) - d1893424-bca9-4ee3-a7ed-99723aee90a9@group-3D9BE102F265: start as a follower, conf=-1: [d1893424-bca9-4ee3-a7ed-99723aee90a9:192.168.69.104:33637], old=null
2019-10-16 06:57:33,877 [pool-127-thread-1] INFO  impl.RaftServerImpl (RaftServerImpl.java:setRole(184)) - d1893424-bca9-4ee3-a7ed-99723aee90a9@group-3D9BE102F265: changes role from      null to FOLLOWER at term 0 for startAsFollower
2019-10-16 06:57:33,877 [pool-127-thread-1] INFO  impl.RoleInfo (RoleInfo.java:updateAndGet(143)) - d1893424-bca9-4ee3-a7ed-99723aee90a9: start FollowerState
2019-10-16 06:57:33,877 [pool-127-thread-1] INFO  util.JmxRegister (JmxRegister.java:tryRegister(44)) - Successfully registered JMX Bean with object name Ratis:service=RaftServer,group=group-3D9BE102F265,id=d1893424-bca9-4ee3-a7ed-99723aee90a9
2019-10-16 06:57:33,877 [IPC Server handler 2 on 39744] INFO  net.NetworkTopology (NetworkTopologyImpl.java:add(111)) - Added a new node: /default-rack/f798aac2-2639-421a-80fe-e15728f6ca86
2019-10-16 06:57:33,877 [IPC Server handler 2 on 39744] INFO  node.SCMNodeManager (SCMNodeManager.java:register(268)) - Registered Data node : f798aac2-2639-421a-80fe-e15728f6ca86{ip: 192.168.69.104, host: pr-hdds-2312-q6qzp-1535798719, networkLocation: /default-rack, certSerialId: null}
2019-10-16 06:57:33,891 [RatisPipelineUtilsThread] INFO  pipeline.PipelineStateManager (PipelineStateManager.java:addPipeline(56)) - Created pipeline Pipeline[ Id: 32628998-abb1-4eca-8063-3d9be102f265, Nodes: d1893424-bca9-4ee3-a7ed-99723aee90a9{ip: 192.168.69.104, host: pr-hdds-2312-q6qzp-1535798719, networkLocation: /default-rack, certSerialId: null}, Type:RATIS, Factor:ONE, State:OPEN]
2019-10-16 06:57:33,901 [grpc-default-executor-0] INFO  impl.RaftServerProxy (RaftServerProxy.java:addNew(89)) - f798aac2-2639-421a-80fe-e15728f6ca86: addNew group-DD3EAB308F5B:[f798aac2-2639-421a-80fe-e15728f6ca86:192.168.69.104:40422] returns group-DD3EAB308F5B:java.util.concurrent.CompletableFuture@f36d1cb[Not completed]
2019-10-16 06:57:33,902 [pool-137-thread-1] INFO  impl.RaftServerImpl (RaftServerImpl.java:<init>(104)) - f798aac2-2639-421a-80fe-e15728f6ca86: new RaftServerImpl for group-DD3EAB308F5B:[f798aac2-2639-421a-80fe-e15728f6ca86:192.168.69.104:40422] with ContainerStateMachine:uninitialized
2019-10-16 06:57:33,902 [pool-137-thread-1] INFO  server.RaftServerConfigKeys (ConfUtils.java:logGet(43)) - raft.server.rpc.timeout.min = 5s (custom)
2019-10-16 06:57:33,902 [pool-137-thread-1] INFO  server.RaftServerConfigKeys (ConfUtils.java:logGet(43)) - raft.server.rpc.timeout.max = 5200ms (custom)
2019-10-16 06:57:33,903 [pool-137-thread-1] INFO  server.RaftServerConfigKeys (ConfUtils.java:logGet(43)) - raft.server.rpcslowness.timeout = 120s (custom)
2019-10-16 06:57:33,903 [pool-137-thread-1] INFO  server.RaftServerConfigKeys (ConfUtils.java:logGet(43)) - raft.server.sleep.deviation.threshold = 300 (default)
2019-10-16 06:57:33,903 [pool-137-thread-1] INFO  server.RaftServerConfigKeys (ConfUtils.java:logGet(43)) - raft.server.log.appender.install.snapshot.enabled = false (custom)
2019-10-16 06:57:33,903 [pool-137-thread-1] INFO  impl.RaftServerImpl (ServerState.java:<init>(103)) - f798aac2-2639-421a-80fe-e15728f6ca86@group-DD3EAB308F5B: ConfigurationManager, init=-1: [f798aac2-2639-421a-80fe-e15728f6ca86:192.168.69.104:40422], old=null, confs=<EMPTY_MAP>
2019-10-16 06:57:33,903 [pool-137-thread-1] INFO  server.RaftServerConfigKeys (ConfUtils.java:logGet(43)) - raft.server.storage.dir = [/workdir/hadoop-ozone/ozonefs/target/test-dir/MiniOzoneClusterImpl-fb31fee1-15a5-46cd-9d12-d6ad84b763d9/datanode-1/data/ratis] (custom)
2019-10-16 06:57:33,904 [pool-137-thread-1] INFO  server.RaftServerConfigKeys (ConfUtils.java:logGet(43)) - raft.server.log.corruption.policy = EXCEPTION (default)
2019-10-16 06:57:33,904 [pool-137-thread-1] INFO  storage.RaftStorageDirectory (RaftStorageDirectory.java:analyzeStorage(246)) - The storage directory /workdir/hadoop-ozone/ozonefs/target/test-dir/MiniOzoneClusterImpl-fb31fee1-15a5-46cd-9d12-d6ad84b763d9/datanode-1/data/ratis/e32c32a0-cca3-43c7-9823-dd3eab308f5b does not exist. Creating ...
2019-10-16 06:57:33,916 [pool-137-thread-1] INFO  storage.RaftStorageDirectory (RaftStorageDirectory.java:tryLock(328)) - Lock on /workdir/hadoop-ozone/ozonefs/target/test-dir/MiniOzoneClusterImpl-fb31fee1-15a5-46cd-9d12-d6ad84b763d9/datanode-1/data/ratis/e32c32a0-cca3-43c7-9823-dd3eab308f5b/in_use.lock acquired by nodename 15382@pr-hdds-2312-q6qzp-1535798719
2019-10-16 06:57:33,938 [pool-137-thread-1] INFO  storage.RaftStorage (RaftStorage.java:format(84)) - Storage directory /workdir/hadoop-ozone/ozonefs/target/test-dir/MiniOzoneClusterImpl-fb31fee1-15a5-46cd-9d12-d6ad84b763d9/datanode-1/data/ratis/e32c32a0-cca3-43c7-9823-dd3eab308f5b has been successfully formatted.
2019-10-16 06:57:33,938 [pool-137-thread-1] INFO  ratis.ContainerStateMachine (ContainerStateMachine.java:loadSnapshot(231)) - group-DD3EAB308F5B: The snapshot info is null. Setting the last applied indexto:(t:0, i:~)
2019-10-16 06:57:33,939 [pool-137-thread-1] INFO  server.RaftServerConfigKeys (ConfUtils.java:logGet(43)) - raft.server.notification.no-leader.timeout = 120s (custom)
2019-10-16 06:57:33,939 [pool-137-thread-1] INFO  server.RaftServerConfigKeys (ConfUtils.java:logGet(43)) - raft.server.log.use.memory = false (default)
2019-10-16 06:57:33,939 [pool-137-thread-1] INFO  server.RaftServerConfigKeys (ConfUtils.java:logGet(43)) - raft.server.log.purge.gap = 1000000 (custom)
2019-10-16 06:57:33,939 [pool-137-thread-1] INFO  server.RaftServerConfigKeys (ConfUtils.java:logGet(43)) - raft.server.log.appender.buffer.byte-limit = 33554432 (custom)
2019-10-16 06:57:33,939 [pool-137-thread-1] INFO  server.RaftServerConfigKeys (ConfUtils.java:logGet(43)) - raft.server.log.segment.size.max = 1048576 (custom)
2019-10-16 06:57:33,942 [pool-137-thread-1] INFO  server.RaftServerConfigKeys (ConfUtils.java:logGet(43)) - raft.server.log.segment.cache.num.max = 2 (custom)
2019-10-16 06:57:33,942 [pool-137-thread-1] INFO  segmented.SegmentedRaftLogWorker (SegmentedRaftLogWorker.java:<init>(173)) - new f798aac2-2639-421a-80fe-e15728f6ca86@group-DD3EAB308F5B-SegmentedRaftLogWorker for RaftStorage:Storage Directory /workdir/hadoop-ozone/ozonefs/target/test-dir/MiniOzoneClusterImpl-fb31fee1-15a5-46cd-9d12-d6ad84b763d9/datanode-1/data/ratis/e32c32a0-cca3-43c7-9823-dd3eab308f5b
2019-10-16 06:57:33,942 [pool-137-thread-1] INFO  server.RaftServerConfigKeys (ConfUtils.java:logGet(43)) - raft.server.log.queue.byte-limit = 2147483647 (custom)
2019-10-16 06:57:33,942 [pool-137-thread-1] INFO  server.RaftServerConfigKeys (ConfUtils.java:logGet(43)) - raft.server.log.queue.element-limit = 1024 (custom)
2019-10-16 06:57:33,942 [pool-137-thread-1] INFO  server.RaftServerConfigKeys (ConfUtils.java:logGet(43)) - raft.server.log.segment.size.max = 1048576 (custom)
2019-10-16 06:57:33,943 [pool-137-thread-1] INFO  server.RaftServerConfigKeys (ConfUtils.java:logGet(43)) - raft.server.log.preallocated.size = 16384 (custom)
2019-10-16 06:57:33,943 [pool-137-thread-1] INFO  server.RaftServerConfigKeys (ConfUtils.java:logGet(43)) - raft.server.log.write.buffer.size = 33554432 (custom)
2019-10-16 06:57:33,943 [pool-137-thread-1] INFO  server.RaftServerConfigKeys (ConfUtils.java:logGet(43)) - raft.server.log.force.sync.num = 128 (default)
2019-10-16 06:57:33,943 [pool-137-thread-1] INFO  server.RaftServerConfigKeys (ConfUtils.java:logGet(43)) - raft.server.log.statemachine.data.sync = true (default)
2019-10-16 06:57:33,943 [pool-137-thread-1] INFO  server.RaftServerConfigKeys (ConfUtils.java:logGet(43)) - raft.server.log.statemachine.data.sync.timeout = 10s (default)
2019-10-16 06:57:33,943 [pool-137-thread-1] INFO  server.RaftServerConfigKeys (ConfUtils.java:logGet(43)) - raft.server.log.statemachine.data.sync.timeout.retry = -1 (default)
2019-10-16 06:57:33,944 [pool-137-thread-1] INFO  server.RaftServerConfigKeys (ConfUtils.java:logGet(43)) - raft.server.log.statemachine.data.caching.enabled = true (custom)
2019-10-16 06:57:33,944 [pool-137-thread-1] INFO  segmented.SegmentedRaftLogWorker (SegmentedRaftLogWorker.java:lambda$new$0(128)) - f798aac2-2639-421a-80fe-e15728f6ca86@group-DD3EAB308F5B-SegmentedRaftLogWorker: flushIndex: setUnconditionally 0 -> -1
2019-10-16 06:57:33,945 [pool-137-thread-1] INFO  server.RaftServerConfigKeys (ConfUtils.java:logGet(43)) - raft.server.snapshot.auto.trigger.enabled = true (custom)
2019-10-16 06:57:33,945 [pool-137-thread-1] INFO  server.RaftServerConfigKeys (ConfUtils.java:logGet(43)) - raft.server.snapshot.auto.trigger.threshold = 10000 (custom)
2019-10-16 06:57:33,945 [pool-137-thread-1] INFO  server.RaftServerConfigKeys (ConfUtils.java:logGet(43)) - raft.server.snapshot.retention.file.num = 5 (custom)
2019-10-16 06:57:33,945 [pool-137-thread-1] INFO  server.RaftServerConfigKeys (ConfUtils.java:logGet(43)) - raft.server.retrycache.expirytime = 600000ms (custom)
2019-10-16 06:57:33,950 [pool-137-thread-1] INFO  impl.RaftServerImpl (RaftServerImpl.java:start(195)) - f798aac2-2639-421a-80fe-e15728f6ca86@group-DD3EAB308F5B: start as a follower, conf=-1: [f798aac2-2639-421a-80fe-e15728f6ca86:192.168.69.104:40422], old=null
2019-10-16 06:57:33,950 [pool-137-thread-1] INFO  impl.RaftServerImpl (RaftServerImpl.java:setRole(184)) - f798aac2-2639-421a-80fe-e15728f6ca86@group-DD3EAB308F5B: changes role from      null to FOLLOWER at term 0 for startAsFollower
2019-10-16 06:57:33,950 [pool-137-thread-1] INFO  impl.RoleInfo (RoleInfo.java:updateAndGet(143)) - f798aac2-2639-421a-80fe-e15728f6ca86: start FollowerState
2019-10-16 06:57:33,951 [pool-137-thread-1] INFO  util.JmxRegister (JmxRegister.java:tryRegister(44)) - Successfully registered JMX Bean with object name Ratis:service=RaftServer,group=group-DD3EAB308F5B,id=f798aac2-2639-421a-80fe-e15728f6ca86
2019-10-16 06:57:33,952 [Thread-460] INFO  ozone.MiniOzoneClusterImpl (MiniOzoneClusterImpl.java:lambda$waitForClusterToBeReady$0(147)) - Waiting for cluster to be ready. Got 2 of 3 DN Heartbeats.
2019-10-16 06:57:33,952 [IPC Server handler 5 on 39744] INFO  net.NetworkTopology (NetworkTopologyImpl.java:add(111)) - Added a new node: /default-rack/d7e7950c-6647-4bf5-bc57-9ca692be1a29
2019-10-16 06:57:33,952 [IPC Server handler 5 on 39744] INFO  node.SCMNodeManager (SCMNodeManager.java:register(268)) - Registered Data node : d7e7950c-6647-4bf5-bc57-9ca692be1a29{ip: 192.168.69.104, host: pr-hdds-2312-q6qzp-1535798719, networkLocation: /default-rack, certSerialId: null}
2019-10-16 06:57:33,957 [RatisPipelineUtilsThread] INFO  pipeline.PipelineStateManager (PipelineStateManager.java:addPipeline(56)) - Created pipeline Pipeline[ Id: e32c32a0-cca3-43c7-9823-dd3eab308f5b, Nodes: f798aac2-2639-421a-80fe-e15728f6ca86{ip: 192.168.69.104, host: pr-hdds-2312-q6qzp-1535798719, networkLocation: /default-rack, certSerialId: null}, Type:RATIS, Factor:ONE, State:OPEN]
2019-10-16 06:57:33,967 [grpc-default-executor-0] INFO  impl.RaftServerProxy (RaftServerProxy.java:addNew(89)) - d7e7950c-6647-4bf5-bc57-9ca692be1a29: addNew group-7C02A5C1D88C:[d7e7950c-6647-4bf5-bc57-9ca692be1a29:192.168.69.104:45492] returns group-7C02A5C1D88C:java.util.concurrent.CompletableFuture@2d33dca4[Not completed]
2019-10-16 06:57:33,969 [pool-147-thread-1] INFO  impl.RaftServerImpl (RaftServerImpl.java:<init>(104)) - d7e7950c-6647-4bf5-bc57-9ca692be1a29: new RaftServerImpl for group-7C02A5C1D88C:[d7e7950c-6647-4bf5-bc57-9ca692be1a29:192.168.69.104:45492] with ContainerStateMachine:uninitialized
2019-10-16 06:57:33,969 [pool-147-thread-1] INFO  server.RaftServerConfigKeys (ConfUtils.java:logGet(43)) - raft.server.rpc.timeout.min = 5s (custom)
2019-10-16 06:57:33,969 [pool-147-thread-1] INFO  server.RaftServerConfigKeys (ConfUtils.java:logGet(43)) - raft.server.rpc.timeout.max = 5200ms (custom)
2019-10-16 06:57:33,969 [pool-147-thread-1] INFO  server.RaftServerConfigKeys (ConfUtils.java:logGet(43)) - raft.server.rpcslowness.timeout = 120s (custom)
2019-10-16 06:57:33,969 [pool-147-thread-1] INFO  server.RaftServerConfigKeys (ConfUtils.java:logGet(43)) - raft.server.sleep.deviation.threshold = 300 (default)
2019-10-16 06:57:33,970 [pool-147-thread-1] INFO  server.RaftServerConfigKeys (ConfUtils.java:logGet(43)) - raft.server.log.appender.install.snapshot.enabled = false (custom)
2019-10-16 06:57:33,970 [pool-147-thread-1] INFO  impl.RaftServerImpl (ServerState.java:<init>(103)) - d7e7950c-6647-4bf5-bc57-9ca692be1a29@group-7C02A5C1D88C: ConfigurationManager, init=-1: [d7e7950c-6647-4bf5-bc57-9ca692be1a29:192.168.69.104:45492], old=null, confs=<EMPTY_MAP>
2019-10-16 06:57:33,970 [pool-147-thread-1] INFO  server.RaftServerConfigKeys (ConfUtils.java:logGet(43)) - raft.server.storage.dir = [/workdir/hadoop-ozone/ozonefs/target/test-dir/MiniOzoneClusterImpl-fb31fee1-15a5-46cd-9d12-d6ad84b763d9/datanode-2/data/ratis] (custom)
2019-10-16 06:57:33,970 [pool-147-thread-1] INFO  server.RaftServerConfigKeys (ConfUtils.java:logGet(43)) - raft.server.log.corruption.policy = EXCEPTION (default)
2019-10-16 06:57:33,970 [pool-147-thread-1] INFO  storage.RaftStorageDirectory (RaftStorageDirectory.java:analyzeStorage(246)) - The storage directory /workdir/hadoop-ozone/ozonefs/target/test-dir/MiniOzoneClusterImpl-fb31fee1-15a5-46cd-9d12-d6ad84b763d9/datanode-2/data/ratis/1603d4c3-08e2-41ef-a8a5-7c02a5c1d88c does not exist. Creating ...
2019-10-16 06:57:33,982 [pool-147-thread-1] INFO  storage.RaftStorageDirectory (RaftStorageDirectory.java:tryLock(328)) - Lock on /workdir/hadoop-ozone/ozonefs/target/test-dir/MiniOzoneClusterImpl-fb31fee1-15a5-46cd-9d12-d6ad84b763d9/datanode-2/data/ratis/1603d4c3-08e2-41ef-a8a5-7c02a5c1d88c/in_use.lock acquired by nodename 15382@pr-hdds-2312-q6qzp-1535798719
2019-10-16 06:57:33,995 [pool-147-thread-1] INFO  storage.RaftStorage (RaftStorage.java:format(84)) - Storage directory /workdir/hadoop-ozone/ozonefs/target/test-dir/MiniOzoneClusterImpl-fb31fee1-15a5-46cd-9d12-d6ad84b763d9/datanode-2/data/ratis/1603d4c3-08e2-41ef-a8a5-7c02a5c1d88c has been successfully formatted.
2019-10-16 06:57:33,995 [pool-147-thread-1] INFO  ratis.ContainerStateMachine (ContainerStateMachine.java:loadSnapshot(231)) - group-7C02A5C1D88C: The snapshot info is null. Setting the last applied indexto:(t:0, i:~)
2019-10-16 06:57:33,995 [pool-147-thread-1] INFO  server.RaftServerConfigKeys (ConfUtils.java:logGet(43)) - raft.server.notification.no-leader.timeout = 120s (custom)
2019-10-16 06:57:33,996 [pool-147-thread-1] INFO  server.RaftServerConfigKeys (ConfUtils.java:logGet(43)) - raft.server.log.use.memory = false (default)
2019-10-16 06:57:33,996 [pool-147-thread-1] INFO  server.RaftServerConfigKeys (ConfUtils.java:logGet(43)) - raft.server.log.purge.gap = 1000000 (custom)
2019-10-16 06:57:33,996 [pool-147-thread-1] INFO  server.RaftServerConfigKeys (ConfUtils.java:logGet(43)) - raft.server.log.appender.buffer.byte-limit = 33554432 (custom)
2019-10-16 06:57:33,996 [pool-147-thread-1] INFO  server.RaftServerConfigKeys (ConfUtils.java:logGet(43)) - raft.server.log.segment.size.max = 1048576 (custom)
2019-10-16 06:57:33,997 [Thread-634] INFO  impl.FollowerState (FollowerState.java:run(108)) - d1893424-bca9-4ee3-a7ed-99723aee90a9@group-3D9BE102F265-FollowerState: change to CANDIDATE, lastRpcTime:120ms, electionTimeout:120ms
2019-10-16 06:57:33,997 [pool-147-thread-1] INFO  server.RaftServerConfigKeys (ConfUtils.java:logGet(43)) - raft.server.log.segment.cache.num.max = 2 (custom)
2019-10-16 06:57:33,998 [Thread-634] INFO  impl.RoleInfo (RoleInfo.java:shutdownFollowerState(121)) - d1893424-bca9-4ee3-a7ed-99723aee90a9: shutdown FollowerState
2019-10-16 06:57:33,998 [pool-147-thread-1] INFO  segmented.SegmentedRaftLogWorker (SegmentedRaftLogWorker.java:<init>(173)) - new d7e7950c-6647-4bf5-bc57-9ca692be1a29@group-7C02A5C1D88C-SegmentedRaftLogWorker for RaftStorage:Storage Directory /workdir/hadoop-ozone/ozonefs/target/test-dir/MiniOzoneClusterImpl-fb31fee1-15a5-46cd-9d12-d6ad84b763d9/datanode-2/data/ratis/1603d4c3-08e2-41ef-a8a5-7c02a5c1d88c
2019-10-16 06:57:33,998 [Thread-634] INFO  impl.RaftServerImpl (RaftServerImpl.java:setRole(184)) - d1893424-bca9-4ee3-a7ed-99723aee90a9@group-3D9BE102F265: changes role from  FOLLOWER to CANDIDATE at term 0 for changeToCandidate
2019-10-16 06:57:33,998 [pool-147-thread-1] INFO  server.RaftServerConfigKeys (ConfUtils.java:logGet(43)) - raft.server.log.queue.byte-limit = 2147483647 (custom)
2019-10-16 06:57:33,998 [pool-147-thread-1] INFO  server.RaftServerConfigKeys (ConfUtils.java:logGet(43)) - raft.server.log.queue.element-limit = 1024 (custom)
2019-10-16 06:57:33,998 [Thread-634] INFO  impl.RoleInfo (RoleInfo.java:updateAndGet(143)) - d1893424-bca9-4ee3-a7ed-99723aee90a9: start LeaderElection
2019-10-16 06:57:33,998 [pool-147-thread-1] INFO  server.RaftServerConfigKeys (ConfUtils.java:logGet(43)) - raft.server.log.segment.size.max = 1048576 (custom)
2019-10-16 06:57:33,998 [pool-147-thread-1] INFO  server.RaftServerConfigKeys (ConfUtils.java:logGet(43)) - raft.server.log.preallocated.size = 16384 (custom)
2019-10-16 06:57:33,998 [pool-147-thread-1] INFO  server.RaftServerConfigKeys (ConfUtils.java:logGet(43)) - raft.server.log.write.buffer.size = 33554432 (custom)
2019-10-16 06:57:33,999 [pool-147-thread-1] INFO  server.RaftServerConfigKeys (ConfUtils.java:logGet(43)) - raft.server.log.force.sync.num = 128 (default)
2019-10-16 06:57:34,000 [pool-147-thread-1] INFO  server.RaftServerConfigKeys (ConfUtils.java:logGet(43)) - raft.server.log.statemachine.data.sync = true (default)
2019-10-16 06:57:34,000 [pool-147-thread-1] INFO  server.RaftServerConfigKeys (ConfUtils.java:logGet(43)) - raft.server.log.statemachine.data.sync.timeout = 10s (default)
2019-10-16 06:57:34,000 [pool-147-thread-1] INFO  server.RaftServerConfigKeys (ConfUtils.java:logGet(43)) - raft.server.log.statemachine.data.sync.timeout.retry = -1 (default)
2019-10-16 06:57:34,001 [pool-147-thread-1] INFO  server.RaftServerConfigKeys (ConfUtils.java:logGet(43)) - raft.server.log.statemachine.data.caching.enabled = true (custom)
2019-10-16 06:57:34,001 [pool-147-thread-1] INFO  segmented.SegmentedRaftLogWorker (SegmentedRaftLogWorker.java:lambda$new$0(128)) - d7e7950c-6647-4bf5-bc57-9ca692be1a29@group-7C02A5C1D88C-SegmentedRaftLogWorker: flushIndex: setUnconditionally 0 -> -1
2019-10-16 06:57:34,001 [pool-147-thread-1] INFO  server.RaftServerConfigKeys (ConfUtils.java:logGet(43)) - raft.server.snapshot.auto.trigger.enabled = true (custom)
2019-10-16 06:57:34,001 [pool-147-thread-1] INFO  server.RaftServerConfigKeys (ConfUtils.java:logGet(43)) - raft.server.snapshot.auto.trigger.threshold = 10000 (custom)
2019-10-16 06:57:34,001 [pool-147-thread-1] INFO  server.RaftServerConfigKeys (ConfUtils.java:logGet(43)) - raft.server.snapshot.retention.file.num = 5 (custom)
2019-10-16 06:57:34,001 [pool-147-thread-1] INFO  server.RaftServerConfigKeys (ConfUtils.java:logGet(43)) - raft.server.retrycache.expirytime = 600000ms (custom)
2019-10-16 06:57:34,005 [pool-147-thread-1] INFO  impl.RaftServerImpl (RaftServerImpl.java:start(195)) - d7e7950c-6647-4bf5-bc57-9ca692be1a29@group-7C02A5C1D88C: start as a follower, conf=-1: [d7e7950c-6647-4bf5-bc57-9ca692be1a29:192.168.69.104:45492], old=null
2019-10-16 06:57:34,005 [pool-147-thread-1] INFO  impl.RaftServerImpl (RaftServerImpl.java:setRole(184)) - d7e7950c-6647-4bf5-bc57-9ca692be1a29@group-7C02A5C1D88C: changes role from      null to FOLLOWER at term 0 for startAsFollower
2019-10-16 06:57:34,005 [pool-147-thread-1] INFO  impl.RoleInfo (RoleInfo.java:updateAndGet(143)) - d7e7950c-6647-4bf5-bc57-9ca692be1a29: start FollowerState
2019-10-16 06:57:34,005 [pool-147-thread-1] INFO  util.JmxRegister (JmxRegister.java:tryRegister(44)) - Successfully registered JMX Bean with object name Ratis:service=RaftServer,group=group-7C02A5C1D88C,id=d7e7950c-6647-4bf5-bc57-9ca692be1a29
2019-10-16 06:57:34,010 [RatisPipelineUtilsThread] INFO  pipeline.PipelineStateManager (PipelineStateManager.java:addPipeline(56)) - Created pipeline Pipeline[ Id: 1603d4c3-08e2-41ef-a8a5-7c02a5c1d88c, Nodes: d7e7950c-6647-4bf5-bc57-9ca692be1a29{ip: 192.168.69.104, host: pr-hdds-2312-q6qzp-1535798719, networkLocation: /default-rack, certSerialId: null}, Type:RATIS, Factor:ONE, State:OPEN]
2019-10-16 06:57:34,012 [d1893424-bca9-4ee3-a7ed-99723aee90a9@group-3D9BE102F265-LeaderElection11] INFO  impl.LeaderElection (LeaderElection.java:askForVotes(178)) - d1893424-bca9-4ee3-a7ed-99723aee90a9@group-3D9BE102F265-LeaderElection11: begin an election at term 1 for -1: [d1893424-bca9-4ee3-a7ed-99723aee90a9:192.168.69.104:33637], old=null
2019-10-16 06:57:34,013 [d1893424-bca9-4ee3-a7ed-99723aee90a9@group-3D9BE102F265-LeaderElection11] INFO  impl.RoleInfo (RoleInfo.java:shutdownLeaderElection(134)) - d1893424-bca9-4ee3-a7ed-99723aee90a9: shutdown LeaderElection
2019-10-16 06:57:34,013 [d1893424-bca9-4ee3-a7ed-99723aee90a9@group-3D9BE102F265-LeaderElection11] INFO  impl.RaftServerImpl (RaftServerImpl.java:setRole(184)) - d1893424-bca9-4ee3-a7ed-99723aee90a9@group-3D9BE102F265: changes role from CANDIDATE to LEADER at term 1 for changeToLeader
2019-10-16 06:57:34,013 [d1893424-bca9-4ee3-a7ed-99723aee90a9@group-3D9BE102F265-LeaderElection11] INFO  impl.RaftServerImpl (ServerState.java:setLeader(256)) - d1893424-bca9-4ee3-a7ed-99723aee90a9@group-3D9BE102F265: change Leader from null to d1893424-bca9-4ee3-a7ed-99723aee90a9 at term 1 for becomeLeader, leader elected after 146ms
2019-10-16 06:57:34,013 [d1893424-bca9-4ee3-a7ed-99723aee90a9@group-3D9BE102F265-LeaderElection11] INFO  server.RaftServerConfigKeys (ConfUtils.java:logGet(43)) - raft.server.staging.catchup.gap = 1000 (default)
2019-10-16 06:57:34,013 [d1893424-bca9-4ee3-a7ed-99723aee90a9@group-3D9BE102F265-LeaderElection11] INFO  server.RaftServerConfigKeys (ConfUtils.java:logGet(43)) - raft.server.rpc.sleep.time = 25ms (default)
2019-10-16 06:57:34,013 [d1893424-bca9-4ee3-a7ed-99723aee90a9@group-3D9BE102F265-LeaderElection11] INFO  server.RaftServerConfigKeys (ConfUtils.java:logGet(43)) - raft.server.write.element-limit = 4096 (default)
2019-10-16 06:57:34,013 [d1893424-bca9-4ee3-a7ed-99723aee90a9@group-3D9BE102F265-LeaderElection11] INFO  server.RaftServerConfigKeys (ConfUtils.java:logGet(43)) - raft.server.watch.timeout = 10s (default)
2019-10-16 06:57:34,014 [d1893424-bca9-4ee3-a7ed-99723aee90a9@group-3D9BE102F265-LeaderElection11] INFO  server.RaftServerConfigKeys (ConfUtils.java:logGet(43)) - raft.server.watch.timeout.denomination = 1s (default)
2019-10-16 06:57:34,014 [d1893424-bca9-4ee3-a7ed-99723aee90a9@group-3D9BE102F265-LeaderElection11] INFO  server.RaftServerConfigKeys (ConfUtils.java:logGet(43)) - raft.server.watch.element-limit = 65536 (default)
2019-10-16 06:57:34,020 [d1893424-bca9-4ee3-a7ed-99723aee90a9@group-3D9BE102F265-LeaderElection11] INFO  impl.RoleInfo (RoleInfo.java:updateAndGet(143)) - d1893424-bca9-4ee3-a7ed-99723aee90a9: start LeaderState
2019-10-16 06:57:34,020 [d1893424-bca9-4ee3-a7ed-99723aee90a9@group-3D9BE102F265-LeaderElection11] INFO  segmented.SegmentedRaftLogWorker (SegmentedRaftLogWorker.java:startLogSegment(385)) - d1893424-bca9-4ee3-a7ed-99723aee90a9@group-3D9BE102F265-SegmentedRaftLogWorker: Starting segment from index:0
2019-10-16 06:57:34,020 [d1893424-bca9-4ee3-a7ed-99723aee90a9@group-3D9BE102F265-LeaderElection11] INFO  impl.RaftServerImpl (ServerState.java:setRaftConf(357)) - d1893424-bca9-4ee3-a7ed-99723aee90a9@group-3D9BE102F265: set configuration 0: [d1893424-bca9-4ee3-a7ed-99723aee90a9:192.168.69.104:33637], old=null at 0
2019-10-16 06:57:34,051 [Thread-637] INFO  impl.FollowerState (FollowerState.java:run(108)) - f798aac2-2639-421a-80fe-e15728f6ca86@group-DD3EAB308F5B-FollowerState: change to CANDIDATE, lastRpcTime:100ms, electionTimeout:86ms
2019-10-16 06:57:34,051 [Thread-637] INFO  impl.RoleInfo (RoleInfo.java:shutdownFollowerState(121)) - f798aac2-2639-421a-80fe-e15728f6ca86: shutdown FollowerState
2019-10-16 06:57:34,051 [Thread-637] INFO  impl.RaftServerImpl (RaftServerImpl.java:setRole(184)) - f798aac2-2639-421a-80fe-e15728f6ca86@group-DD3EAB308F5B: changes role from  FOLLOWER to CANDIDATE at term 0 for changeToCandidate
2019-10-16 06:57:34,051 [Thread-637] INFO  impl.RoleInfo (RoleInfo.java:updateAndGet(143)) - f798aac2-2639-421a-80fe-e15728f6ca86: start LeaderElection
2019-10-16 06:57:34,058 [grpc-default-executor-1] INFO  impl.RaftServerProxy (RaftServerProxy.java:addNew(89)) - d1893424-bca9-4ee3-a7ed-99723aee90a9: addNew group-D75A4149EBE3:[f798aac2-2639-421a-80fe-e15728f6ca86:192.168.69.104:40422, d7e7950c-6647-4bf5-bc57-9ca692be1a29:192.168.69.104:45492, d1893424-bca9-4ee3-a7ed-99723aee90a9:192.168.69.104:33637] returns group-D75A4149EBE3:java.util.concurrent.CompletableFuture@7fb60aab[Not completed]
2019-10-16 06:57:34,058 [grpc-default-executor-2] INFO  impl.RaftServerProxy (RaftServerProxy.java:addNew(89)) - f798aac2-2639-421a-80fe-e15728f6ca86: addNew group-D75A4149EBE3:[f798aac2-2639-421a-80fe-e15728f6ca86:192.168.69.104:40422, d7e7950c-6647-4bf5-bc57-9ca692be1a29:192.168.69.104:45492, d1893424-bca9-4ee3-a7ed-99723aee90a9:192.168.69.104:33637] returns group-D75A4149EBE3:java.util.concurrent.CompletableFuture@2080ebb7[Not completed]
2019-10-16 06:57:34,060 [pool-127-thread-1] INFO  impl.RaftServerImpl (RaftServerImpl.java:<init>(104)) - d1893424-bca9-4ee3-a7ed-99723aee90a9: new RaftServerImpl for group-D75A4149EBE3:[f798aac2-2639-421a-80fe-e15728f6ca86:192.168.69.104:40422, d7e7950c-6647-4bf5-bc57-9ca692be1a29:192.168.69.104:45492, d1893424-bca9-4ee3-a7ed-99723aee90a9:192.168.69.104:33637] with ContainerStateMachine:uninitialized
2019-10-16 06:57:34,060 [grpc-default-executor-2] INFO  impl.RaftServerProxy (RaftServerProxy.java:addNew(89)) - d7e7950c-6647-4bf5-bc57-9ca692be1a29: addNew group-D75A4149EBE3:[f798aac2-2639-421a-80fe-e15728f6ca86:192.168.69.104:40422, d7e7950c-6647-4bf5-bc57-9ca692be1a29:192.168.69.104:45492, d1893424-bca9-4ee3-a7ed-99723aee90a9:192.168.69.104:33637] returns group-D75A4149EBE3:java.util.concurrent.CompletableFuture@658261c3[Not completed]
2019-10-16 06:57:34,060 [pool-127-thread-1] INFO  server.RaftServerConfigKeys (ConfUtils.java:logGet(43)) - raft.server.rpc.timeout.min = 5s (custom)
2019-10-16 06:57:34,060 [pool-127-thread-1] INFO  server.RaftServerConfigKeys (ConfUtils.java:logGet(43)) - raft.server.rpc.timeout.max = 5200ms (custom)
2019-10-16 06:57:34,060 [pool-127-thread-1] INFO  server.RaftServerConfigKeys (ConfUtils.java:logGet(43)) - raft.server.rpcslowness.timeout = 120s (custom)
2019-10-16 06:57:34,060 [pool-137-thread-1] INFO  impl.RaftServerImpl (RaftServerImpl.java:<init>(104)) - f798aac2-2639-421a-80fe-e15728f6ca86: new RaftServerImpl for group-D75A4149EBE3:[f798aac2-2639-421a-80fe-e15728f6ca86:192.168.69.104:40422, d7e7950c-6647-4bf5-bc57-9ca692be1a29:192.168.69.104:45492, d1893424-bca9-4ee3-a7ed-99723aee90a9:192.168.69.104:33637] with ContainerStateMachine:uninitialized
2019-10-16 06:57:34,060 [pool-127-thread-1] INFO  server.RaftServerConfigKeys (ConfUtils.java:logGet(43)) - raft.server.sleep.deviation.threshold = 300 (default)
2019-10-16 06:57:34,060 [pool-137-thread-1] INFO  server.RaftServerConfigKeys (ConfUtils.java:logGet(43)) - raft.server.rpc.timeout.min = 5s (custom)
2019-10-16 06:57:34,060 [pool-127-thread-1] INFO  server.RaftServerConfigKeys (ConfUtils.java:logGet(43)) - raft.server.log.appender.install.snapshot.enabled = false (custom)
2019-10-16 06:57:34,060 [pool-137-thread-1] INFO  server.RaftServerConfigKeys (ConfUtils.java:logGet(43)) - raft.server.rpc.timeout.max = 5200ms (custom)
2019-10-16 06:57:34,061 [pool-127-thread-1] INFO  impl.RaftServerImpl (ServerState.java:<init>(103)) - d1893424-bca9-4ee3-a7ed-99723aee90a9@group-D75A4149EBE3: ConfigurationManager, init=-1: [f798aac2-2639-421a-80fe-e15728f6ca86:192.168.69.104:40422, d7e7950c-6647-4bf5-bc57-9ca692be1a29:192.168.69.104:45492, d1893424-bca9-4ee3-a7ed-99723aee90a9:192.168.69.104:33637], old=null, confs=<EMPTY_MAP>
2019-10-16 06:57:34,061 [pool-137-thread-1] INFO  server.RaftServerConfigKeys (ConfUtils.java:logGet(43)) - raft.server.rpcslowness.timeout = 120s (custom)
2019-10-16 06:57:34,061 [pool-127-thread-1] INFO  server.RaftServerConfigKeys (ConfUtils.java:logGet(43)) - raft.server.storage.dir = [/workdir/hadoop-ozone/ozonefs/target/test-dir/MiniOzoneClusterImpl-fb31fee1-15a5-46cd-9d12-d6ad84b763d9/datanode-0/data/ratis] (custom)
2019-10-16 06:57:34,061 [pool-137-thread-1] INFO  server.RaftServerConfigKeys (ConfUtils.java:logGet(43)) - raft.server.sleep.deviation.threshold = 300 (default)
2019-10-16 06:57:34,061 [pool-137-thread-1] INFO  server.RaftServerConfigKeys (ConfUtils.java:logGet(43)) - raft.server.log.appender.install.snapshot.enabled = false (custom)
2019-10-16 06:57:34,061 [pool-127-thread-1] INFO  server.RaftServerConfigKeys (ConfUtils.java:logGet(43)) - raft.server.log.corruption.policy = EXCEPTION (default)
2019-10-16 06:57:34,061 [pool-137-thread-1] INFO  impl.RaftServerImpl (ServerState.java:<init>(103)) - f798aac2-2639-421a-80fe-e15728f6ca86@group-D75A4149EBE3: ConfigurationManager, init=-1: [f798aac2-2639-421a-80fe-e15728f6ca86:192.168.69.104:40422, d7e7950c-6647-4bf5-bc57-9ca692be1a29:192.168.69.104:45492, d1893424-bca9-4ee3-a7ed-99723aee90a9:192.168.69.104:33637], old=null, confs=<EMPTY_MAP>
2019-10-16 06:57:34,061 [pool-127-thread-1] INFO  storage.RaftStorageDirectory (RaftStorageDirectory.java:analyzeStorage(246)) - The storage directory /workdir/hadoop-ozone/ozonefs/target/test-dir/MiniOzoneClusterImpl-fb31fee1-15a5-46cd-9d12-d6ad84b763d9/datanode-0/data/ratis/8067b0a3-2c35-4ae5-9e57-d75a4149ebe3 does not exist. Creating ...
2019-10-16 06:57:34,061 [pool-137-thread-1] INFO  server.RaftServerConfigKeys (ConfUtils.java:logGet(43)) - raft.server.storage.dir = [/workdir/hadoop-ozone/ozonefs/target/test-dir/MiniOzoneClusterImpl-fb31fee1-15a5-46cd-9d12-d6ad84b763d9/datanode-1/data/ratis] (custom)
2019-10-16 06:57:34,062 [pool-137-thread-1] INFO  server.RaftServerConfigKeys (ConfUtils.java:logGet(43)) - raft.server.log.corruption.policy = EXCEPTION (default)
2019-10-16 06:57:34,062 [pool-137-thread-1] INFO  storage.RaftStorageDirectory (RaftStorageDirectory.java:analyzeStorage(246)) - The storage directory /workdir/hadoop-ozone/ozonefs/target/test-dir/MiniOzoneClusterImpl-fb31fee1-15a5-46cd-9d12-d6ad84b763d9/datanode-1/data/ratis/8067b0a3-2c35-4ae5-9e57-d75a4149ebe3 does not exist. Creating ...
2019-10-16 06:57:34,062 [pool-147-thread-1] INFO  impl.RaftServerImpl (RaftServerImpl.java:<init>(104)) - d7e7950c-6647-4bf5-bc57-9ca692be1a29: new RaftServerImpl for group-D75A4149EBE3:[f798aac2-2639-421a-80fe-e15728f6ca86:192.168.69.104:40422, d7e7950c-6647-4bf5-bc57-9ca692be1a29:192.168.69.104:45492, d1893424-bca9-4ee3-a7ed-99723aee90a9:192.168.69.104:33637] with ContainerStateMachine:uninitialized
2019-10-16 06:57:34,062 [pool-147-thread-1] INFO  server.RaftServerConfigKeys (ConfUtils.java:logGet(43)) - raft.server.rpc.timeout.min = 5s (custom)
2019-10-16 06:57:34,062 [pool-147-thread-1] INFO  server.RaftServerConfigKeys (ConfUtils.java:logGet(43)) - raft.server.rpc.timeout.max = 5200ms (custom)
2019-10-16 06:57:34,063 [pool-147-thread-1] INFO  server.RaftServerConfigKeys (ConfUtils.java:logGet(43)) - raft.server.rpcslowness.timeout = 120s (custom)
2019-10-16 06:57:34,063 [pool-147-thread-1] INFO  server.RaftServerConfigKeys (ConfUtils.java:logGet(43)) - raft.server.sleep.deviation.threshold = 300 (default)
2019-10-16 06:57:34,063 [pool-147-thread-1] INFO  server.RaftServerConfigKeys (ConfUtils.java:logGet(43)) - raft.server.log.appender.install.snapshot.enabled = false (custom)
2019-10-16 06:57:34,063 [pool-147-thread-1] INFO  impl.RaftServerImpl (ServerState.java:<init>(103)) - d7e7950c-6647-4bf5-bc57-9ca692be1a29@group-D75A4149EBE3: ConfigurationManager, init=-1: [f798aac2-2639-421a-80fe-e15728f6ca86:192.168.69.104:40422, d7e7950c-6647-4bf5-bc57-9ca692be1a29:192.168.69.104:45492, d1893424-bca9-4ee3-a7ed-99723aee90a9:192.168.69.104:33637], old=null, confs=<EMPTY_MAP>
2019-10-16 06:57:34,063 [pool-147-thread-1] INFO  server.RaftServerConfigKeys (ConfUtils.java:logGet(43)) - raft.server.storage.dir = [/workdir/hadoop-ozone/ozonefs/target/test-dir/MiniOzoneClusterImpl-fb31fee1-15a5-46cd-9d12-d6ad84b763d9/datanode-2/data/ratis] (custom)
2019-10-16 06:57:34,064 [pool-147-thread-1] INFO  server.RaftServerConfigKeys (ConfUtils.java:logGet(43)) - raft.server.log.corruption.policy = EXCEPTION (default)
2019-10-16 06:57:34,064 [pool-147-thread-1] INFO  storage.RaftStorageDirectory (RaftStorageDirectory.java:analyzeStorage(246)) - The storage directory /workdir/hadoop-ozone/ozonefs/target/test-dir/MiniOzoneClusterImpl-fb31fee1-15a5-46cd-9d12-d6ad84b763d9/datanode-2/data/ratis/8067b0a3-2c35-4ae5-9e57-d75a4149ebe3 does not exist. Creating ...
2019-10-16 06:57:34,076 [d1893424-bca9-4ee3-a7ed-99723aee90a9@group-3D9BE102F265-SegmentedRaftLogWorker] INFO  segmented.SegmentedRaftLogWorker (SegmentedRaftLogWorker.java:execute(576)) - d1893424-bca9-4ee3-a7ed-99723aee90a9@group-3D9BE102F265-SegmentedRaftLogWorker: created new log segment /workdir/hadoop-ozone/ozonefs/target/test-dir/MiniOzoneClusterImpl-fb31fee1-15a5-46cd-9d12-d6ad84b763d9/datanode-0/data/ratis/32628998-abb1-4eca-8063-3d9be102f265/current/log_inprogress_0
2019-10-16 06:57:34,077 [f798aac2-2639-421a-80fe-e15728f6ca86@group-DD3EAB308F5B-LeaderElection12] INFO  impl.LeaderElection (LeaderElection.java:askForVotes(178)) - f798aac2-2639-421a-80fe-e15728f6ca86@group-DD3EAB308F5B-LeaderElection12: begin an election at term 1 for -1: [f798aac2-2639-421a-80fe-e15728f6ca86:192.168.69.104:40422], old=null
2019-10-16 06:57:34,078 [f798aac2-2639-421a-80fe-e15728f6ca86@group-DD3EAB308F5B-LeaderElection12] INFO  impl.RoleInfo (RoleInfo.java:shutdownLeaderElection(134)) - f798aac2-2639-421a-80fe-e15728f6ca86: shutdown LeaderElection
2019-10-16 06:57:34,078 [f798aac2-2639-421a-80fe-e15728f6ca86@group-DD3EAB308F5B-LeaderElection12] INFO  impl.RaftServerImpl (RaftServerImpl.java:setRole(184)) - f798aac2-2639-421a-80fe-e15728f6ca86@group-DD3EAB308F5B: changes role from CANDIDATE to LEADER at term 1 for changeToLeader
2019-10-16 06:57:34,078 [f798aac2-2639-421a-80fe-e15728f6ca86@group-DD3EAB308F5B-LeaderElection12] INFO  impl.RaftServerImpl (ServerState.java:setLeader(256)) - f798aac2-2639-421a-80fe-e15728f6ca86@group-DD3EAB308F5B: change Leader from null to f798aac2-2639-421a-80fe-e15728f6ca86 at term 1 for becomeLeader, leader elected after 139ms
2019-10-16 06:57:34,078 [f798aac2-2639-421a-80fe-e15728f6ca86@group-DD3EAB308F5B-LeaderElection12] INFO  server.RaftServerConfigKeys (ConfUtils.java:logGet(43)) - raft.server.staging.catchup.gap = 1000 (default)
2019-10-16 06:57:34,078 [f798aac2-2639-421a-80fe-e15728f6ca86@group-DD3EAB308F5B-LeaderElection12] INFO  server.RaftServerConfigKeys (ConfUtils.java:logGet(43)) - raft.server.rpc.sleep.time = 25ms (default)
2019-10-16 06:57:34,078 [pool-127-thread-1] INFO  storage.RaftStorageDirectory (RaftStorageDirectory.java:tryLock(328)) - Lock on /workdir/hadoop-ozone/ozonefs/target/test-dir/MiniOzoneClusterImpl-fb31fee1-15a5-46cd-9d12-d6ad84b763d9/datanode-0/data/ratis/8067b0a3-2c35-4ae5-9e57-d75a4149ebe3/in_use.lock acquired by nodename 15382@pr-hdds-2312-q6qzp-1535798719
2019-10-16 06:57:34,078 [pool-147-thread-1] INFO  storage.RaftStorageDirectory (RaftStorageDirectory.java:tryLock(328)) - Lock on /workdir/hadoop-ozone/ozonefs/target/test-dir/MiniOzoneClusterImpl-fb31fee1-15a5-46cd-9d12-d6ad84b763d9/datanode-2/data/ratis/8067b0a3-2c35-4ae5-9e57-d75a4149ebe3/in_use.lock acquired by nodename 15382@pr-hdds-2312-q6qzp-1535798719
2019-10-16 06:57:34,078 [pool-137-thread-1] INFO  storage.RaftStorageDirectory (RaftStorageDirectory.java:tryLock(328)) - Lock on /workdir/hadoop-ozone/ozonefs/target/test-dir/MiniOzoneClusterImpl-fb31fee1-15a5-46cd-9d12-d6ad84b763d9/datanode-1/data/ratis/8067b0a3-2c35-4ae5-9e57-d75a4149ebe3/in_use.lock acquired by nodename 15382@pr-hdds-2312-q6qzp-1535798719
2019-10-16 06:57:34,079 [f798aac2-2639-421a-80fe-e15728f6ca86@group-DD3EAB308F5B-LeaderElection12] INFO  server.RaftServerConfigKeys (ConfUtils.java:logGet(43)) - raft.server.write.element-limit = 4096 (default)
2019-10-16 06:57:34,079 [f798aac2-2639-421a-80fe-e15728f6ca86@group-DD3EAB308F5B-LeaderElection12] INFO  server.RaftServerConfigKeys (ConfUtils.java:logGet(43)) - raft.server.watch.timeout = 10s (default)
2019-10-16 06:57:34,079 [f798aac2-2639-421a-80fe-e15728f6ca86@group-DD3EAB308F5B-LeaderElection12] INFO  server.RaftServerConfigKeys (ConfUtils.java:logGet(43)) - raft.server.watch.timeout.denomination = 1s (default)
2019-10-16 06:57:34,079 [f798aac2-2639-421a-80fe-e15728f6ca86@group-DD3EAB308F5B-LeaderElection12] INFO  server.RaftServerConfigKeys (ConfUtils.java:logGet(43)) - raft.server.watch.element-limit = 65536 (default)
2019-10-16 06:57:34,082 [f798aac2-2639-421a-80fe-e15728f6ca86@group-DD3EAB308F5B-LeaderElection12] INFO  impl.RoleInfo (RoleInfo.java:updateAndGet(143)) - f798aac2-2639-421a-80fe-e15728f6ca86: start LeaderState
2019-10-16 06:57:34,082 [f798aac2-2639-421a-80fe-e15728f6ca86@group-DD3EAB308F5B-LeaderElection12] INFO  segmented.SegmentedRaftLogWorker (SegmentedRaftLogWorker.java:startLogSegment(385)) - f798aac2-2639-421a-80fe-e15728f6ca86@group-DD3EAB308F5B-SegmentedRaftLogWorker: Starting segment from index:0
2019-10-16 06:57:34,083 [f798aac2-2639-421a-80fe-e15728f6ca86@group-DD3EAB308F5B-LeaderElection12] INFO  impl.RaftServerImpl (ServerState.java:setRaftConf(357)) - f798aac2-2639-421a-80fe-e15728f6ca86@group-DD3EAB308F5B: set configuration 0: [f798aac2-2639-421a-80fe-e15728f6ca86:192.168.69.104:40422], old=null at 0
2019-10-16 06:57:34,106 [pool-147-thread-1] INFO  storage.RaftStorage (RaftStorage.java:format(84)) - Storage directory /workdir/hadoop-ozone/ozonefs/target/test-dir/MiniOzoneClusterImpl-fb31fee1-15a5-46cd-9d12-d6ad84b763d9/datanode-2/data/ratis/8067b0a3-2c35-4ae5-9e57-d75a4149ebe3 has been successfully formatted.
2019-10-16 06:57:34,106 [pool-137-thread-1] INFO  storage.RaftStorage (RaftStorage.java:format(84)) - Storage directory /workdir/hadoop-ozone/ozonefs/target/test-dir/MiniOzoneClusterImpl-fb31fee1-15a5-46cd-9d12-d6ad84b763d9/datanode-1/data/ratis/8067b0a3-2c35-4ae5-9e57-d75a4149ebe3 has been successfully formatted.
2019-10-16 06:57:34,106 [pool-127-thread-1] INFO  storage.RaftStorage (RaftStorage.java:format(84)) - Storage directory /workdir/hadoop-ozone/ozonefs/target/test-dir/MiniOzoneClusterImpl-fb31fee1-15a5-46cd-9d12-d6ad84b763d9/datanode-0/data/ratis/8067b0a3-2c35-4ae5-9e57-d75a4149ebe3 has been successfully formatted.
2019-10-16 06:57:34,106 [pool-147-thread-1] INFO  ratis.ContainerStateMachine (ContainerStateMachine.java:loadSnapshot(231)) - group-D75A4149EBE3: The snapshot info is null. Setting the last applied indexto:(t:0, i:~)
2019-10-16 06:57:34,106 [pool-127-thread-1] INFO  ratis.ContainerStateMachine (ContainerStateMachine.java:loadSnapshot(231)) - group-D75A4149EBE3: The snapshot info is null. Setting the last applied indexto:(t:0, i:~)
2019-10-16 06:57:34,106 [pool-137-thread-1] INFO  ratis.ContainerStateMachine (ContainerStateMachine.java:loadSnapshot(231)) - group-D75A4149EBE3: The snapshot info is null. Setting the last applied indexto:(t:0, i:~)
2019-10-16 06:57:34,106 [pool-127-thread-1] INFO  server.RaftServerConfigKeys (ConfUtils.java:logGet(43)) - raft.server.notification.no-leader.timeout = 120s (custom)
2019-10-16 06:57:34,106 [pool-147-thread-1] INFO  server.RaftServerConfigKeys (ConfUtils.java:logGet(43)) - raft.server.notification.no-leader.timeout = 120s (custom)
2019-10-16 06:57:34,107 [pool-127-thread-1] INFO  server.RaftServerConfigKeys (ConfUtils.java:logGet(43)) - raft.server.log.use.memory = false (default)
2019-10-16 06:57:34,107 [pool-137-thread-1] INFO  server.RaftServerConfigKeys (ConfUtils.java:logGet(43)) - raft.server.notification.no-leader.timeout = 120s (custom)
2019-10-16 06:57:34,107 [pool-127-thread-1] INFO  server.RaftServerConfigKeys (ConfUtils.java:logGet(43)) - raft.server.log.purge.gap = 1000000 (custom)
2019-10-16 06:57:34,107 [pool-147-thread-1] INFO  server.RaftServerConfigKeys (ConfUtils.java:logGet(43)) - raft.server.log.use.memory = false (default)
2019-10-16 06:57:34,107 [pool-127-thread-1] INFO  server.RaftServerConfigKeys (ConfUtils.java:logGet(43)) - raft.server.log.appender.buffer.byte-limit = 33554432 (custom)
2019-10-16 06:57:34,107 [pool-137-thread-1] INFO  server.RaftServerConfigKeys (ConfUtils.java:logGet(43)) - raft.server.log.use.memory = false (default)
2019-10-16 06:57:34,107 [pool-127-thread-1] INFO  server.RaftServerConfigKeys (ConfUtils.java:logGet(43)) - raft.server.log.segment.size.max = 1048576 (custom)
2019-10-16 06:57:34,107 [pool-147-thread-1] INFO  server.RaftServerConfigKeys (ConfUtils.java:logGet(43)) - raft.server.log.purge.gap = 1000000 (custom)
2019-10-16 06:57:34,107 [pool-127-thread-1] INFO  server.RaftServerConfigKeys (ConfUtils.java:logGet(43)) - raft.server.log.segment.cache.num.max = 2 (custom)
2019-10-16 06:57:34,107 [pool-137-thread-1] INFO  server.RaftServerConfigKeys (ConfUtils.java:logGet(43)) - raft.server.log.purge.gap = 1000000 (custom)
2019-10-16 06:57:34,108 [pool-127-thread-1] INFO  segmented.SegmentedRaftLogWorker (SegmentedRaftLogWorker.java:<init>(173)) - new d1893424-bca9-4ee3-a7ed-99723aee90a9@group-D75A4149EBE3-SegmentedRaftLogWorker for RaftStorage:Storage Directory /workdir/hadoop-ozone/ozonefs/target/test-dir/MiniOzoneClusterImpl-fb31fee1-15a5-46cd-9d12-d6ad84b763d9/datanode-0/data/ratis/8067b0a3-2c35-4ae5-9e57-d75a4149ebe3
2019-10-16 06:57:34,107 [pool-147-thread-1] INFO  server.RaftServerConfigKeys (ConfUtils.java:logGet(43)) - raft.server.log.appender.buffer.byte-limit = 33554432 (custom)
2019-10-16 06:57:34,108 [pool-127-thread-1] INFO  server.RaftServerConfigKeys (ConfUtils.java:logGet(43)) - raft.server.log.queue.byte-limit = 2147483647 (custom)
2019-10-16 06:57:34,108 [pool-137-thread-1] INFO  server.RaftServerConfigKeys (ConfUtils.java:logGet(43)) - raft.server.log.appender.buffer.byte-limit = 33554432 (custom)
2019-10-16 06:57:34,108 [pool-127-thread-1] INFO  server.RaftServerConfigKeys (ConfUtils.java:logGet(43)) - raft.server.log.queue.element-limit = 1024 (custom)
2019-10-16 06:57:34,108 [pool-147-thread-1] INFO  server.RaftServerConfigKeys (ConfUtils.java:logGet(43)) - raft.server.log.segment.size.max = 1048576 (custom)
2019-10-16 06:57:34,108 [pool-127-thread-1] INFO  server.RaftServerConfigKeys (ConfUtils.java:logGet(43)) - raft.server.log.segment.size.max = 1048576 (custom)
2019-10-16 06:57:34,108 [pool-137-thread-1] INFO  server.RaftServerConfigKeys (ConfUtils.java:logGet(43)) - raft.server.log.segment.size.max = 1048576 (custom)
2019-10-16 06:57:34,108 [pool-127-thread-1] INFO  server.RaftServerConfigKeys (ConfUtils.java:logGet(43)) - raft.server.log.preallocated.size = 16384 (custom)
2019-10-16 06:57:34,108 [pool-147-thread-1] INFO  server.RaftServerConfigKeys (ConfUtils.java:logGet(43)) - raft.server.log.segment.cache.num.max = 2 (custom)
2019-10-16 06:57:34,109 [pool-127-thread-1] INFO  server.RaftServerConfigKeys (ConfUtils.java:logGet(43)) - raft.server.log.write.buffer.size = 33554432 (custom)
2019-10-16 06:57:34,109 [pool-137-thread-1] INFO  server.RaftServerConfigKeys (ConfUtils.java:logGet(43)) - raft.server.log.segment.cache.num.max = 2 (custom)
2019-10-16 06:57:34,109 [pool-127-thread-1] INFO  server.RaftServerConfigKeys (ConfUtils.java:logGet(43)) - raft.server.log.force.sync.num = 128 (default)
2019-10-16 06:57:34,109 [pool-147-thread-1] INFO  segmented.SegmentedRaftLogWorker (SegmentedRaftLogWorker.java:<init>(173)) - new d7e7950c-6647-4bf5-bc57-9ca692be1a29@group-D75A4149EBE3-SegmentedRaftLogWorker for RaftStorage:Storage Directory /workdir/hadoop-ozone/ozonefs/target/test-dir/MiniOzoneClusterImpl-fb31fee1-15a5-46cd-9d12-d6ad84b763d9/datanode-2/data/ratis/8067b0a3-2c35-4ae5-9e57-d75a4149ebe3
2019-10-16 06:57:34,109 [pool-127-thread-1] INFO  server.RaftServerConfigKeys (ConfUtils.java:logGet(43)) - raft.server.log.statemachine.data.sync = true (default)
2019-10-16 06:57:34,109 [pool-137-thread-1] INFO  segmented.SegmentedRaftLogWorker (SegmentedRaftLogWorker.java:<init>(173)) - new f798aac2-2639-421a-80fe-e15728f6ca86@group-D75A4149EBE3-SegmentedRaftLogWorker for RaftStorage:Storage Directory /workdir/hadoop-ozone/ozonefs/target/test-dir/MiniOzoneClusterImpl-fb31fee1-15a5-46cd-9d12-d6ad84b763d9/datanode-1/data/ratis/8067b0a3-2c35-4ae5-9e57-d75a4149ebe3
2019-10-16 06:57:34,109 [pool-127-thread-1] INFO  server.RaftServerConfigKeys (ConfUtils.java:logGet(43)) - raft.server.log.statemachine.data.sync.timeout = 10s (default)
2019-10-16 06:57:34,109 [pool-147-thread-1] INFO  server.RaftServerConfigKeys (ConfUtils.java:logGet(43)) - raft.server.log.queue.byte-limit = 2147483647 (custom)
2019-10-16 06:57:34,109 [pool-127-thread-1] INFO  server.RaftServerConfigKeys (ConfUtils.java:logGet(43)) - raft.server.log.statemachine.data.sync.timeout.retry = -1 (default)
2019-10-16 06:57:34,109 [pool-137-thread-1] INFO  server.RaftServerConfigKeys (ConfUtils.java:logGet(43)) - raft.server.log.queue.byte-limit = 2147483647 (custom)
2019-10-16 06:57:34,110 [pool-127-thread-1] INFO  server.RaftServerConfigKeys (ConfUtils.java:logGet(43)) - raft.server.log.statemachine.data.caching.enabled = true (custom)
2019-10-16 06:57:34,109 [pool-147-thread-1] INFO  server.RaftServerConfigKeys (ConfUtils.java:logGet(43)) - raft.server.log.queue.element-limit = 1024 (custom)
2019-10-16 06:57:34,110 [pool-137-thread-1] INFO  server.RaftServerConfigKeys (ConfUtils.java:logGet(43)) - raft.server.log.queue.element-limit = 1024 (custom)
2019-10-16 06:57:34,110 [pool-147-thread-1] INFO  server.RaftServerConfigKeys (ConfUtils.java:logGet(43)) - raft.server.log.segment.size.max = 1048576 (custom)
2019-10-16 06:57:34,110 [pool-137-thread-1] INFO  server.RaftServerConfigKeys (ConfUtils.java:logGet(43)) - raft.server.log.segment.size.max = 1048576 (custom)
2019-10-16 06:57:34,110 [pool-147-thread-1] INFO  server.RaftServerConfigKeys (ConfUtils.java:logGet(43)) - raft.server.log.preallocated.size = 16384 (custom)
2019-10-16 06:57:34,110 [pool-137-thread-1] INFO  server.RaftServerConfigKeys (ConfUtils.java:logGet(43)) - raft.server.log.preallocated.size = 16384 (custom)
2019-10-16 06:57:34,110 [pool-147-thread-1] INFO  server.RaftServerConfigKeys (ConfUtils.java:logGet(43)) - raft.server.log.write.buffer.size = 33554432 (custom)
2019-10-16 06:57:34,110 [pool-137-thread-1] INFO  server.RaftServerConfigKeys (ConfUtils.java:logGet(43)) - raft.server.log.write.buffer.size = 33554432 (custom)
2019-10-16 06:57:34,110 [pool-147-thread-1] INFO  server.RaftServerConfigKeys (ConfUtils.java:logGet(43)) - raft.server.log.force.sync.num = 128 (default)
2019-10-16 06:57:34,110 [pool-137-thread-1] INFO  server.RaftServerConfigKeys (ConfUtils.java:logGet(43)) - raft.server.log.force.sync.num = 128 (default)
2019-10-16 06:57:34,111 [pool-147-thread-1] INFO  server.RaftServerConfigKeys (ConfUtils.java:logGet(43)) - raft.server.log.statemachine.data.sync = true (default)
2019-10-16 06:57:34,111 [pool-137-thread-1] INFO  server.RaftServerConfigKeys (ConfUtils.java:logGet(43)) - raft.server.log.statemachine.data.sync = true (default)
2019-10-16 06:57:34,111 [pool-147-thread-1] INFO  server.RaftServerConfigKeys (ConfUtils.java:logGet(43)) - raft.server.log.statemachine.data.sync.timeout = 10s (default)
2019-10-16 06:57:34,111 [pool-137-thread-1] INFO  server.RaftServerConfigKeys (ConfUtils.java:logGet(43)) - raft.server.log.statemachine.data.sync.timeout = 10s (default)
2019-10-16 06:57:34,111 [pool-147-thread-1] INFO  server.RaftServerConfigKeys (ConfUtils.java:logGet(43)) - raft.server.log.statemachine.data.sync.timeout.retry = -1 (default)
2019-10-16 06:57:34,111 [pool-137-thread-1] INFO  server.RaftServerConfigKeys (ConfUtils.java:logGet(43)) - raft.server.log.statemachine.data.sync.timeout.retry = -1 (default)
2019-10-16 06:57:34,111 [pool-147-thread-1] INFO  server.RaftServerConfigKeys (ConfUtils.java:logGet(43)) - raft.server.log.statemachine.data.caching.enabled = true (custom)
2019-10-16 06:57:34,111 [pool-127-thread-1] INFO  segmented.SegmentedRaftLogWorker (SegmentedRaftLogWorker.java:lambda$new$0(128)) - d1893424-bca9-4ee3-a7ed-99723aee90a9@group-D75A4149EBE3-SegmentedRaftLogWorker: flushIndex: setUnconditionally 0 -> -1
2019-10-16 06:57:34,111 [pool-147-thread-1] INFO  segmented.SegmentedRaftLogWorker (SegmentedRaftLogWorker.java:lambda$new$0(128)) - d7e7950c-6647-4bf5-bc57-9ca692be1a29@group-D75A4149EBE3-SegmentedRaftLogWorker: flushIndex: setUnconditionally 0 -> -1
2019-10-16 06:57:34,111 [pool-137-thread-1] INFO  server.RaftServerConfigKeys (ConfUtils.java:logGet(43)) - raft.server.log.statemachine.data.caching.enabled = true (custom)
2019-10-16 06:57:34,112 [pool-127-thread-1] INFO  server.RaftServerConfigKeys (ConfUtils.java:logGet(43)) - raft.server.snapshot.auto.trigger.enabled = true (custom)
2019-10-16 06:57:34,112 [pool-127-thread-1] INFO  server.RaftServerConfigKeys (ConfUtils.java:logGet(43)) - raft.server.snapshot.auto.trigger.threshold = 10000 (custom)
2019-10-16 06:57:34,112 [pool-137-thread-1] INFO  segmented.SegmentedRaftLogWorker (SegmentedRaftLogWorker.java:lambda$new$0(128)) - f798aac2-2639-421a-80fe-e15728f6ca86@group-D75A4149EBE3-SegmentedRaftLogWorker: flushIndex: setUnconditionally 0 -> -1
2019-10-16 06:57:34,112 [pool-147-thread-1] INFO  server.RaftServerConfigKeys (ConfUtils.java:logGet(43)) - raft.server.snapshot.auto.trigger.enabled = true (custom)
2019-10-16 06:57:34,112 [pool-127-thread-1] INFO  server.RaftServerConfigKeys (ConfUtils.java:logGet(43)) - raft.server.snapshot.retention.file.num = 5 (custom)
2019-10-16 06:57:34,112 [pool-137-thread-1] INFO  server.RaftServerConfigKeys (ConfUtils.java:logGet(43)) - raft.server.snapshot.auto.trigger.enabled = true (custom)
2019-10-16 06:57:34,112 [pool-147-thread-1] INFO  server.RaftServerConfigKeys (ConfUtils.java:logGet(43)) - raft.server.snapshot.auto.trigger.threshold = 10000 (custom)
2019-10-16 06:57:34,112 [pool-137-thread-1] INFO  server.RaftServerConfigKeys (ConfUtils.java:logGet(43)) - raft.server.snapshot.auto.trigger.threshold = 10000 (custom)
2019-10-16 06:57:34,112 [pool-127-thread-1] INFO  server.RaftServerConfigKeys (ConfUtils.java:logGet(43)) - raft.server.retrycache.expirytime = 600000ms (custom)
2019-10-16 06:57:34,113 [pool-137-thread-1] INFO  server.RaftServerConfigKeys (ConfUtils.java:logGet(43)) - raft.server.snapshot.retention.file.num = 5 (custom)
2019-10-16 06:57:34,112 [pool-147-thread-1] INFO  server.RaftServerConfigKeys (ConfUtils.java:logGet(43)) - raft.server.snapshot.retention.file.num = 5 (custom)
2019-10-16 06:57:34,113 [pool-137-thread-1] INFO  server.RaftServerConfigKeys (ConfUtils.java:logGet(43)) - raft.server.retrycache.expirytime = 600000ms (custom)
2019-10-16 06:57:34,113 [pool-147-thread-1] INFO  server.RaftServerConfigKeys (ConfUtils.java:logGet(43)) - raft.server.retrycache.expirytime = 600000ms (custom)
2019-10-16 06:57:34,117 [pool-127-thread-1] INFO  impl.RaftServerImpl (RaftServerImpl.java:start(195)) - d1893424-bca9-4ee3-a7ed-99723aee90a9@group-D75A4149EBE3: start as a follower, conf=-1: [f798aac2-2639-421a-80fe-e15728f6ca86:192.168.69.104:40422, d7e7950c-6647-4bf5-bc57-9ca692be1a29:192.168.69.104:45492, d1893424-bca9-4ee3-a7ed-99723aee90a9:192.168.69.104:33637], old=null
2019-10-16 06:57:34,117 [pool-127-thread-1] INFO  impl.RaftServerImpl (RaftServerImpl.java:setRole(184)) - d1893424-bca9-4ee3-a7ed-99723aee90a9@group-D75A4149EBE3: changes role from      null to FOLLOWER at term 0 for startAsFollower
2019-10-16 06:57:34,117 [pool-137-thread-1] INFO  impl.RaftServerImpl (RaftServerImpl.java:start(195)) - f798aac2-2639-421a-80fe-e15728f6ca86@group-D75A4149EBE3: start as a follower, conf=-1: [f798aac2-2639-421a-80fe-e15728f6ca86:192.168.69.104:40422, d7e7950c-6647-4bf5-bc57-9ca692be1a29:192.168.69.104:45492, d1893424-bca9-4ee3-a7ed-99723aee90a9:192.168.69.104:33637], old=null
2019-10-16 06:57:34,117 [pool-127-thread-1] INFO  impl.RoleInfo (RoleInfo.java:updateAndGet(143)) - d1893424-bca9-4ee3-a7ed-99723aee90a9: start FollowerState
2019-10-16 06:57:34,117 [pool-147-thread-1] INFO  impl.RaftServerImpl (RaftServerImpl.java:start(195)) - d7e7950c-6647-4bf5-bc57-9ca692be1a29@group-D75A4149EBE3: start as a follower, conf=-1: [f798aac2-2639-421a-80fe-e15728f6ca86:192.168.69.104:40422, d7e7950c-6647-4bf5-bc57-9ca692be1a29:192.168.69.104:45492, d1893424-bca9-4ee3-a7ed-99723aee90a9:192.168.69.104:33637], old=null
2019-10-16 06:57:34,117 [pool-137-thread-1] INFO  impl.RaftServerImpl (RaftServerImpl.java:setRole(184)) - f798aac2-2639-421a-80fe-e15728f6ca86@group-D75A4149EBE3: changes role from      null to FOLLOWER at term 0 for startAsFollower
2019-10-16 06:57:34,117 [pool-147-thread-1] INFO  impl.RaftServerImpl (RaftServerImpl.java:setRole(184)) - d7e7950c-6647-4bf5-bc57-9ca692be1a29@group-D75A4149EBE3: changes role from      null to FOLLOWER at term 0 for startAsFollower
2019-10-16 06:57:34,117 [pool-137-thread-1] INFO  impl.RoleInfo (RoleInfo.java:updateAndGet(143)) - f798aac2-2639-421a-80fe-e15728f6ca86: start FollowerState
2019-10-16 06:57:34,117 [pool-147-thread-1] INFO  impl.RoleInfo (RoleInfo.java:updateAndGet(143)) - d7e7950c-6647-4bf5-bc57-9ca692be1a29: start FollowerState
2019-10-16 06:57:34,117 [pool-127-thread-1] INFO  util.JmxRegister (JmxRegister.java:tryRegister(44)) - Successfully registered JMX Bean with object name Ratis:service=RaftServer,group=group-D75A4149EBE3,id=d1893424-bca9-4ee3-a7ed-99723aee90a9
2019-10-16 06:57:34,118 [pool-137-thread-1] INFO  util.JmxRegister (JmxRegister.java:tryRegister(44)) - Successfully registered JMX Bean with object name Ratis:service=RaftServer,group=group-D75A4149EBE3,id=f798aac2-2639-421a-80fe-e15728f6ca86
2019-10-16 06:57:34,118 [pool-147-thread-1] INFO  util.JmxRegister (JmxRegister.java:tryRegister(44)) - Successfully registered JMX Bean with object name Ratis:service=RaftServer,group=group-D75A4149EBE3,id=d7e7950c-6647-4bf5-bc57-9ca692be1a29
2019-10-16 06:57:34,122 [f798aac2-2639-421a-80fe-e15728f6ca86@group-DD3EAB308F5B-SegmentedRaftLogWorker] INFO  segmented.SegmentedRaftLogWorker (SegmentedRaftLogWorker.java:execute(576)) - f798aac2-2639-421a-80fe-e15728f6ca86@group-DD3EAB308F5B-SegmentedRaftLogWorker: created new log segment /workdir/hadoop-ozone/ozonefs/target/test-dir/MiniOzoneClusterImpl-fb31fee1-15a5-46cd-9d12-d6ad84b763d9/datanode-1/data/ratis/e32c32a0-cca3-43c7-9823-dd3eab308f5b/current/log_inprogress_0
2019-10-16 06:57:34,127 [Thread-641] INFO  impl.FollowerState (FollowerState.java:run(108)) - d7e7950c-6647-4bf5-bc57-9ca692be1a29@group-7C02A5C1D88C-FollowerState: change to CANDIDATE, lastRpcTime:121ms, electionTimeout:121ms
2019-10-16 06:57:34,127 [Thread-641] INFO  impl.RoleInfo (RoleInfo.java:shutdownFollowerState(121)) - d7e7950c-6647-4bf5-bc57-9ca692be1a29: shutdown FollowerState
2019-10-16 06:57:34,127 [Thread-641] INFO  impl.RaftServerImpl (RaftServerImpl.java:setRole(184)) - d7e7950c-6647-4bf5-bc57-9ca692be1a29@group-7C02A5C1D88C: changes role from  FOLLOWER to CANDIDATE at term 0 for changeToCandidate
2019-10-16 06:57:34,127 [Thread-641] INFO  impl.RoleInfo (RoleInfo.java:updateAndGet(143)) - d7e7950c-6647-4bf5-bc57-9ca692be1a29: start LeaderElection
2019-10-16 06:57:34,131 [RatisPipelineUtilsThread] INFO  pipeline.PipelineStateManager (PipelineStateManager.java:addPipeline(56)) - Created pipeline Pipeline[ Id: 8067b0a3-2c35-4ae5-9e57-d75a4149ebe3, Nodes: f798aac2-2639-421a-80fe-e15728f6ca86{ip: 192.168.69.104, host: pr-hdds-2312-q6qzp-1535798719, networkLocation: /default-rack, certSerialId: null}d1893424-bca9-4ee3-a7ed-99723aee90a9{ip: 192.168.69.104, host: pr-hdds-2312-q6qzp-1535798719, networkLocation: /default-rack, certSerialId: null}d7e7950c-6647-4bf5-bc57-9ca692be1a29{ip: 192.168.69.104, host: pr-hdds-2312-q6qzp-1535798719, networkLocation: /default-rack, certSerialId: null}, Type:RATIS, Factor:THREE, State:OPEN]
2019-10-16 06:57:34,134 [d7e7950c-6647-4bf5-bc57-9ca692be1a29@group-7C02A5C1D88C-LeaderElection13] INFO  impl.LeaderElection (LeaderElection.java:askForVotes(178)) - d7e7950c-6647-4bf5-bc57-9ca692be1a29@group-7C02A5C1D88C-LeaderElection13: begin an election at term 1 for -1: [d7e7950c-6647-4bf5-bc57-9ca692be1a29:192.168.69.104:45492], old=null
2019-10-16 06:57:34,134 [d7e7950c-6647-4bf5-bc57-9ca692be1a29@group-7C02A5C1D88C-LeaderElection13] INFO  impl.RoleInfo (RoleInfo.java:shutdownLeaderElection(134)) - d7e7950c-6647-4bf5-bc57-9ca692be1a29: shutdown LeaderElection
2019-10-16 06:57:34,134 [d7e7950c-6647-4bf5-bc57-9ca692be1a29@group-7C02A5C1D88C-LeaderElection13] INFO  impl.RaftServerImpl (RaftServerImpl.java:setRole(184)) - d7e7950c-6647-4bf5-bc57-9ca692be1a29@group-7C02A5C1D88C: changes role from CANDIDATE to LEADER at term 1 for changeToLeader
2019-10-16 06:57:34,134 [d7e7950c-6647-4bf5-bc57-9ca692be1a29@group-7C02A5C1D88C-LeaderElection13] INFO  impl.RaftServerImpl (ServerState.java:setLeader(256)) - d7e7950c-6647-4bf5-bc57-9ca692be1a29@group-7C02A5C1D88C: change Leader from null to d7e7950c-6647-4bf5-bc57-9ca692be1a29 at term 1 for becomeLeader, leader elected after 138ms
2019-10-16 06:57:34,134 [d7e7950c-6647-4bf5-bc57-9ca692be1a29@group-7C02A5C1D88C-LeaderElection13] INFO  server.RaftServerConfigKeys (ConfUtils.java:logGet(43)) - raft.server.staging.catchup.gap = 1000 (default)
2019-10-16 06:57:34,135 [d7e7950c-6647-4bf5-bc57-9ca692be1a29@group-7C02A5C1D88C-LeaderElection13] INFO  server.RaftServerConfigKeys (ConfUtils.java:logGet(43)) - raft.server.rpc.sleep.time = 25ms (default)
2019-10-16 06:57:34,135 [d7e7950c-6647-4bf5-bc57-9ca692be1a29@group-7C02A5C1D88C-LeaderElection13] INFO  server.RaftServerConfigKeys (ConfUtils.java:logGet(43)) - raft.server.write.element-limit = 4096 (default)
2019-10-16 06:57:34,135 [d7e7950c-6647-4bf5-bc57-9ca692be1a29@group-7C02A5C1D88C-LeaderElection13] INFO  server.RaftServerConfigKeys (ConfUtils.java:logGet(43)) - raft.server.watch.timeout = 10s (default)
2019-10-16 06:57:34,135 [d7e7950c-6647-4bf5-bc57-9ca692be1a29@group-7C02A5C1D88C-LeaderElection13] INFO  server.RaftServerConfigKeys (ConfUtils.java:logGet(43)) - raft.server.watch.timeout.denomination = 1s (default)
2019-10-16 06:57:34,135 [d7e7950c-6647-4bf5-bc57-9ca692be1a29@group-7C02A5C1D88C-LeaderElection13] INFO  server.RaftServerConfigKeys (ConfUtils.java:logGet(43)) - raft.server.watch.element-limit = 65536 (default)
2019-10-16 06:57:34,138 [d7e7950c-6647-4bf5-bc57-9ca692be1a29@group-7C02A5C1D88C-LeaderElection13] INFO  impl.RoleInfo (RoleInfo.java:updateAndGet(143)) - d7e7950c-6647-4bf5-bc57-9ca692be1a29: start LeaderState
2019-10-16 06:57:34,139 [d7e7950c-6647-4bf5-bc57-9ca692be1a29@group-7C02A5C1D88C-LeaderElection13] INFO  segmented.SegmentedRaftLogWorker (SegmentedRaftLogWorker.java:startLogSegment(385)) - d7e7950c-6647-4bf5-bc57-9ca692be1a29@group-7C02A5C1D88C-SegmentedRaftLogWorker: Starting segment from index:0
2019-10-16 06:57:34,139 [d7e7950c-6647-4bf5-bc57-9ca692be1a29@group-7C02A5C1D88C-LeaderElection13] INFO  impl.RaftServerImpl (ServerState.java:setRaftConf(357)) - d7e7950c-6647-4bf5-bc57-9ca692be1a29@group-7C02A5C1D88C: set configuration 0: [d7e7950c-6647-4bf5-bc57-9ca692be1a29:192.168.69.104:45492], old=null at 0
2019-10-16 06:57:34,176 [d7e7950c-6647-4bf5-bc57-9ca692be1a29@group-7C02A5C1D88C-SegmentedRaftLogWorker] INFO  segmented.SegmentedRaftLogWorker (SegmentedRaftLogWorker.java:execute(576)) - d7e7950c-6647-4bf5-bc57-9ca692be1a29@group-7C02A5C1D88C-SegmentedRaftLogWorker: created new log segment /workdir/hadoop-ozone/ozonefs/target/test-dir/MiniOzoneClusterImpl-fb31fee1-15a5-46cd-9d12-d6ad84b763d9/datanode-2/data/ratis/1603d4c3-08e2-41ef-a8a5-7c02a5c1d88c/current/log_inprogress_0
2019-10-16 06:57:34,190 [Thread-651] INFO  impl.FollowerState (FollowerState.java:run(108)) - d7e7950c-6647-4bf5-bc57-9ca692be1a29@group-D75A4149EBE3-FollowerState: change to CANDIDATE, lastRpcTime:72ms, electionTimeout:72ms
2019-10-16 06:57:34,190 [Thread-651] INFO  impl.RoleInfo (RoleInfo.java:shutdownFollowerState(121)) - d7e7950c-6647-4bf5-bc57-9ca692be1a29: shutdown FollowerState
2019-10-16 06:57:34,190 [Thread-651] INFO  impl.RaftServerImpl (RaftServerImpl.java:setRole(184)) - d7e7950c-6647-4bf5-bc57-9ca692be1a29@group-D75A4149EBE3: changes role from  FOLLOWER to CANDIDATE at term 0 for changeToCandidate
2019-10-16 06:57:34,191 [Thread-651] INFO  impl.RoleInfo (RoleInfo.java:updateAndGet(143)) - d7e7950c-6647-4bf5-bc57-9ca692be1a29: start LeaderElection
2019-10-16 06:57:34,206 [d7e7950c-6647-4bf5-bc57-9ca692be1a29@group-D75A4149EBE3-LeaderElection14] INFO  impl.LeaderElection (LeaderElection.java:askForVotes(178)) - d7e7950c-6647-4bf5-bc57-9ca692be1a29@group-D75A4149EBE3-LeaderElection14: begin an election at term 1 for -1: [f798aac2-2639-421a-80fe-e15728f6ca86:192.168.69.104:40422, d7e7950c-6647-4bf5-bc57-9ca692be1a29:192.168.69.104:45492, d1893424-bca9-4ee3-a7ed-99723aee90a9:192.168.69.104:33637], old=null
2019-10-16 06:57:34,216 [grpc-default-executor-1] INFO  impl.RaftServerImpl (RaftServerImpl.java:setRole(184)) - d1893424-bca9-4ee3-a7ed-99723aee90a9@group-D75A4149EBE3: changes role from  FOLLOWER to FOLLOWER at term 1 for recognizeCandidate:d7e7950c-6647-4bf5-bc57-9ca692be1a29
2019-10-16 06:57:34,216 [grpc-default-executor-2] INFO  impl.RaftServerImpl (RaftServerImpl.java:setRole(184)) - f798aac2-2639-421a-80fe-e15728f6ca86@group-D75A4149EBE3: changes role from  FOLLOWER to FOLLOWER at term 1 for recognizeCandidate:d7e7950c-6647-4bf5-bc57-9ca692be1a29
2019-10-16 06:57:34,217 [grpc-default-executor-1] INFO  impl.RoleInfo (RoleInfo.java:shutdownFollowerState(121)) - d1893424-bca9-4ee3-a7ed-99723aee90a9: shutdown FollowerState
2019-10-16 06:57:34,217 [grpc-default-executor-2] INFO  impl.RoleInfo (RoleInfo.java:shutdownFollowerState(121)) - f798aac2-2639-421a-80fe-e15728f6ca86: shutdown FollowerState
2019-10-16 06:57:34,217 [grpc-default-executor-1] INFO  impl.RoleInfo (RoleInfo.java:updateAndGet(143)) - d1893424-bca9-4ee3-a7ed-99723aee90a9: start FollowerState
2019-10-16 06:57:34,217 [Thread-650] INFO  impl.FollowerState (FollowerState.java:run(117)) - f798aac2-2639-421a-80fe-e15728f6ca86@group-D75A4149EBE3-FollowerState was interrupted: java.lang.InterruptedException: sleep interrupted
2019-10-16 06:57:34,217 [grpc-default-executor-2] INFO  impl.RoleInfo (RoleInfo.java:updateAndGet(143)) - f798aac2-2639-421a-80fe-e15728f6ca86: start FollowerState
2019-10-16 06:57:34,217 [Thread-649] INFO  impl.FollowerState (FollowerState.java:run(117)) - d1893424-bca9-4ee3-a7ed-99723aee90a9@group-D75A4149EBE3-FollowerState was interrupted: java.lang.InterruptedException: sleep interrupted
2019-10-16 06:57:34,233 [Thread-661] INFO  impl.FollowerState (FollowerState.java:run(108)) - f798aac2-2639-421a-80fe-e15728f6ca86@group-D75A4149EBE3-FollowerState: change to CANDIDATE, lastRpcTime:15ms, electionTimeout:0ms
2019-10-16 06:57:34,233 [Thread-661] INFO  impl.RoleInfo (RoleInfo.java:shutdownFollowerState(121)) - f798aac2-2639-421a-80fe-e15728f6ca86: shutdown FollowerState
2019-10-16 06:57:34,233 [Thread-661] INFO  impl.RaftServerImpl (RaftServerImpl.java:setRole(184)) - f798aac2-2639-421a-80fe-e15728f6ca86@group-D75A4149EBE3: changes role from  FOLLOWER to CANDIDATE at term 1 for changeToCandidate
2019-10-16 06:57:34,233 [Thread-661] INFO  impl.RoleInfo (RoleInfo.java:updateAndGet(143)) - f798aac2-2639-421a-80fe-e15728f6ca86: start LeaderElection
2019-10-16 06:57:34,237 [d7e7950c-6647-4bf5-bc57-9ca692be1a29@group-D75A4149EBE3-LeaderElection14] INFO  impl.LeaderElection (LeaderElection.java:logAndReturn(56)) - d7e7950c-6647-4bf5-bc57-9ca692be1a29@group-D75A4149EBE3-LeaderElection14: Election PASSED; received 1 response(s) [d7e7950c-6647-4bf5-bc57-9ca692be1a29<-f798aac2-2639-421a-80fe-e15728f6ca86#0:OK-t1] and 0 exception(s); d7e7950c-6647-4bf5-bc57-9ca692be1a29@group-D75A4149EBE3:t1, leader=null, voted=d7e7950c-6647-4bf5-bc57-9ca692be1a29, raftlog=d7e7950c-6647-4bf5-bc57-9ca692be1a29@group-D75A4149EBE3-SegmentedRaftLog:OPENED:c-1,f-1,i0, conf=-1: [f798aac2-2639-421a-80fe-e15728f6ca86:192.168.69.104:40422, d7e7950c-6647-4bf5-bc57-9ca692be1a29:192.168.69.104:45492, d1893424-bca9-4ee3-a7ed-99723aee90a9:192.168.69.104:33637], old=null
2019-10-16 06:57:34,237 [d7e7950c-6647-4bf5-bc57-9ca692be1a29@group-D75A4149EBE3-LeaderElection14] INFO  impl.RoleInfo (RoleInfo.java:shutdownLeaderElection(134)) - d7e7950c-6647-4bf5-bc57-9ca692be1a29: shutdown LeaderElection
2019-10-16 06:57:34,238 [d7e7950c-6647-4bf5-bc57-9ca692be1a29@group-D75A4149EBE3-LeaderElection14] INFO  impl.RaftServerImpl (RaftServerImpl.java:setRole(184)) - d7e7950c-6647-4bf5-bc57-9ca692be1a29@group-D75A4149EBE3: changes role from CANDIDATE to LEADER at term 1 for changeToLeader
2019-10-16 06:57:34,238 [d7e7950c-6647-4bf5-bc57-9ca692be1a29@group-D75A4149EBE3-LeaderElection14] INFO  impl.RaftServerImpl (ServerState.java:setLeader(256)) - d7e7950c-6647-4bf5-bc57-9ca692be1a29@group-D75A4149EBE3: change Leader from null to d7e7950c-6647-4bf5-bc57-9ca692be1a29 at term 1 for becomeLeader, leader elected after 131ms
2019-10-16 06:57:34,238 [d7e7950c-6647-4bf5-bc57-9ca692be1a29@group-D75A4149EBE3-LeaderElection14] INFO  server.RaftServerConfigKeys (ConfUtils.java:logGet(43)) - raft.server.staging.catchup.gap = 1000 (default)
2019-10-16 06:57:34,239 [d7e7950c-6647-4bf5-bc57-9ca692be1a29@group-D75A4149EBE3-LeaderElection14] INFO  server.RaftServerConfigKeys (ConfUtils.java:logGet(43)) - raft.server.rpc.sleep.time = 25ms (default)
2019-10-16 06:57:34,240 [d7e7950c-6647-4bf5-bc57-9ca692be1a29@group-D75A4149EBE3-LeaderElection14] INFO  server.RaftServerConfigKeys (ConfUtils.java:logGet(43)) - raft.server.write.element-limit = 4096 (default)
2019-10-16 06:57:34,240 [d7e7950c-6647-4bf5-bc57-9ca692be1a29@group-D75A4149EBE3-LeaderElection14] INFO  server.RaftServerConfigKeys (ConfUtils.java:logGet(43)) - raft.server.watch.timeout = 10s (default)
2019-10-16 06:57:34,240 [d7e7950c-6647-4bf5-bc57-9ca692be1a29@group-D75A4149EBE3-LeaderElection14] INFO  server.RaftServerConfigKeys (ConfUtils.java:logGet(43)) - raft.server.watch.timeout.denomination = 1s (default)
2019-10-16 06:57:34,240 [d7e7950c-6647-4bf5-bc57-9ca692be1a29@group-D75A4149EBE3-LeaderElection14] INFO  server.RaftServerConfigKeys (ConfUtils.java:logGet(43)) - raft.server.watch.element-limit = 65536 (default)
2019-10-16 06:57:34,243 [d7e7950c-6647-4bf5-bc57-9ca692be1a29@group-D75A4149EBE3-LeaderElection14] INFO  server.RaftServerConfigKeys (ConfUtils.java:logGet(43)) - raft.server.log.appender.snapshot.chunk.size.max = 16MB (=16777216) (default)
2019-10-16 06:57:34,243 [d7e7950c-6647-4bf5-bc57-9ca692be1a29@group-D75A4149EBE3-LeaderElection14] INFO  server.RaftServerConfigKeys (ConfUtils.java:logGet(43)) - raft.server.log.appender.buffer.byte-limit = 33554432 (custom)
2019-10-16 06:57:34,243 [d7e7950c-6647-4bf5-bc57-9ca692be1a29@group-D75A4149EBE3-LeaderElection14] INFO  server.RaftServerConfigKeys (ConfUtils.java:logGet(43)) - raft.server.log.appender.buffer.element-limit = 1 (custom)
2019-10-16 06:57:34,244 [d7e7950c-6647-4bf5-bc57-9ca692be1a29@group-D75A4149EBE3-LeaderElection14] INFO  grpc.GrpcConfigKeys$Server (ConfUtils.java:logGet(43)) - raft.grpc.server.leader.outstanding.appends.max = 128 (default)
2019-10-16 06:57:34,244 [d7e7950c-6647-4bf5-bc57-9ca692be1a29@group-D75A4149EBE3-LeaderElection14] INFO  server.RaftServerConfigKeys (ConfUtils.java:logGet(43)) - raft.server.rpc.request.timeout = 3000ms (default)
2019-10-16 06:57:34,244 [d7e7950c-6647-4bf5-bc57-9ca692be1a29@group-D75A4149EBE3-LeaderElection14] INFO  server.RaftServerConfigKeys (ConfUtils.java:logGet(43)) - raft.server.log.appender.install.snapshot.enabled = false (custom)
2019-10-16 06:57:34,246 [Thread-660] INFO  impl.FollowerState (FollowerState.java:run(108)) - d1893424-bca9-4ee3-a7ed-99723aee90a9@group-D75A4149EBE3-FollowerState: change to CANDIDATE, lastRpcTime:29ms, electionTimeout:27ms
2019-10-16 06:57:34,247 [Thread-660] INFO  impl.RoleInfo (RoleInfo.java:shutdownFollowerState(121)) - d1893424-bca9-4ee3-a7ed-99723aee90a9: shutdown FollowerState
2019-10-16 06:57:34,247 [Thread-660] INFO  impl.RaftServerImpl (RaftServerImpl.java:setRole(184)) - d1893424-bca9-4ee3-a7ed-99723aee90a9@group-D75A4149EBE3: changes role from  FOLLOWER to CANDIDATE at term 1 for changeToCandidate
2019-10-16 06:57:34,247 [Thread-660] INFO  impl.RoleInfo (RoleInfo.java:updateAndGet(143)) - d1893424-bca9-4ee3-a7ed-99723aee90a9: start LeaderElection
2019-10-16 06:57:34,249 [d7e7950c-6647-4bf5-bc57-9ca692be1a29@group-D75A4149EBE3-LeaderElection14] INFO  server.RaftServerConfigKeys (ConfUtils.java:logGet(43)) - raft.server.log.appender.snapshot.chunk.size.max = 16MB (=16777216) (default)
2019-10-16 06:57:34,249 [f798aac2-2639-421a-80fe-e15728f6ca86@group-D75A4149EBE3-LeaderElection15] INFO  impl.LeaderElection (LeaderElection.java:askForVotes(178)) - f798aac2-2639-421a-80fe-e15728f6ca86@group-D75A4149EBE3-LeaderElection15: begin an election at term 2 for -1: [f798aac2-2639-421a-80fe-e15728f6ca86:192.168.69.104:40422, d7e7950c-6647-4bf5-bc57-9ca692be1a29:192.168.69.104:45492, d1893424-bca9-4ee3-a7ed-99723aee90a9:192.168.69.104:33637], old=null
2019-10-16 06:57:34,249 [d7e7950c-6647-4bf5-bc57-9ca692be1a29@group-D75A4149EBE3-LeaderElection14] INFO  server.RaftServerConfigKeys (ConfUtils.java:logGet(43)) - raft.server.log.appender.buffer.byte-limit = 33554432 (custom)
2019-10-16 06:57:34,250 [d7e7950c-6647-4bf5-bc57-9ca692be1a29@group-D75A4149EBE3-LeaderElection14] INFO  server.RaftServerConfigKeys (ConfUtils.java:logGet(43)) - raft.server.log.appender.buffer.element-limit = 1 (custom)
2019-10-16 06:57:34,250 [d7e7950c-6647-4bf5-bc57-9ca692be1a29@group-D75A4149EBE3-LeaderElection14] INFO  grpc.GrpcConfigKeys$Server (ConfUtils.java:logGet(43)) - raft.grpc.server.leader.outstanding.appends.max = 128 (default)
2019-10-16 06:57:34,250 [d7e7950c-6647-4bf5-bc57-9ca692be1a29@group-D75A4149EBE3-LeaderElection14] INFO  server.RaftServerConfigKeys (ConfUtils.java:logGet(43)) - raft.server.rpc.request.timeout = 3000ms (default)
2019-10-16 06:57:34,250 [d7e7950c-6647-4bf5-bc57-9ca692be1a29@group-D75A4149EBE3-LeaderElection14] INFO  server.RaftServerConfigKeys (ConfUtils.java:logGet(43)) - raft.server.log.appender.install.snapshot.enabled = false (custom)
2019-10-16 06:57:34,254 [d7e7950c-6647-4bf5-bc57-9ca692be1a29@group-D75A4149EBE3-LeaderElection14] INFO  impl.RoleInfo (RoleInfo.java:updateAndGet(143)) - d7e7950c-6647-4bf5-bc57-9ca692be1a29: start LeaderState
2019-10-16 06:57:34,254 [d7e7950c-6647-4bf5-bc57-9ca692be1a29@group-D75A4149EBE3-LeaderElection14] INFO  segmented.SegmentedRaftLogWorker (SegmentedRaftLogWorker.java:startLogSegment(385)) - d7e7950c-6647-4bf5-bc57-9ca692be1a29@group-D75A4149EBE3-SegmentedRaftLogWorker: Starting segment from index:0
2019-10-16 06:57:34,255 [d7e7950c-6647-4bf5-bc57-9ca692be1a29@group-D75A4149EBE3-LeaderElection14] INFO  impl.RaftServerImpl (ServerState.java:setRaftConf(357)) - d7e7950c-6647-4bf5-bc57-9ca692be1a29@group-D75A4149EBE3: set configuration 0: [f798aac2-2639-421a-80fe-e15728f6ca86:192.168.69.104:40422, d7e7950c-6647-4bf5-bc57-9ca692be1a29:192.168.69.104:45492, d1893424-bca9-4ee3-a7ed-99723aee90a9:192.168.69.104:33637], old=null at 0
2019-10-16 06:57:34,284 [d1893424-bca9-4ee3-a7ed-99723aee90a9@group-D75A4149EBE3-LeaderElection16] INFO  impl.LeaderElection (LeaderElection.java:askForVotes(178)) - d1893424-bca9-4ee3-a7ed-99723aee90a9@group-D75A4149EBE3-LeaderElection16: begin an election at term 2 for -1: [f798aac2-2639-421a-80fe-e15728f6ca86:192.168.69.104:40422, d7e7950c-6647-4bf5-bc57-9ca692be1a29:192.168.69.104:45492, d1893424-bca9-4ee3-a7ed-99723aee90a9:192.168.69.104:33637], old=null
2019-10-16 06:57:34,291 [Thread-663] INFO  impl.RaftServerImpl (ServerState.java:setLeader(256)) - d7e7950c-6647-4bf5-bc57-9ca692be1a29@group-D75A4149EBE3: change Leader from d7e7950c-6647-4bf5-bc57-9ca692be1a29 to null at term 2 for updateCurrentTerm
2019-10-16 06:57:34,292 [Thread-663] INFO  impl.RaftServerImpl (RaftServerImpl.java:setRole(184)) - d7e7950c-6647-4bf5-bc57-9ca692be1a29@group-D75A4149EBE3: changes role from    LEADER to FOLLOWER at term 2 for stepDown
2019-10-16 06:57:34,292 [Thread-663] INFO  impl.RoleInfo (RoleInfo.java:shutdownLeaderState(104)) - d7e7950c-6647-4bf5-bc57-9ca692be1a29: shutdown LeaderState
2019-10-16 06:57:34,294 [org.apache.ratis.server.impl.LogAppender$AppenderDaemon$$Lambda$385/458860558@442081e] WARN  server.GrpcLogAppender (GrpcLogAppender.java:mayWait(149)) - d7e7950c-6647-4bf5-bc57-9ca692be1a29@group-D75A4149EBE3->f798aac2-2639-421a-80fe-e15728f6ca86-GrpcLogAppender: Wait interrupted by java.lang.InterruptedException
2019-10-16 06:57:34,294 [org.apache.ratis.server.impl.LogAppender$AppenderDaemon$$Lambda$385/458860558@350c2955] WARN  server.GrpcLogAppender (GrpcLogAppender.java:mayWait(149)) - d7e7950c-6647-4bf5-bc57-9ca692be1a29@group-D75A4149EBE3->d1893424-bca9-4ee3-a7ed-99723aee90a9-GrpcLogAppender: Wait interrupted by java.lang.InterruptedException
2019-10-16 06:57:34,295 [Thread-663] INFO  impl.PendingRequests (PendingRequests.java:sendNotLeaderResponses(202)) - d7e7950c-6647-4bf5-bc57-9ca692be1a29@group-D75A4149EBE3-PendingRequests: sendNotLeaderResponses
2019-10-16 06:57:34,296 [d7e7950c-6647-4bf5-bc57-9ca692be1a29@group-D75A4149EBE3-SegmentedRaftLogWorker] INFO  segmented.SegmentedRaftLogWorker (SegmentedRaftLogWorker.java:execute(576)) - d7e7950c-6647-4bf5-bc57-9ca692be1a29@group-D75A4149EBE3-SegmentedRaftLogWorker: created new log segment /workdir/hadoop-ozone/ozonefs/target/test-dir/MiniOzoneClusterImpl-fb31fee1-15a5-46cd-9d12-d6ad84b763d9/datanode-2/data/ratis/8067b0a3-2c35-4ae5-9e57-d75a4149ebe3/current/log_inprogress_0
2019-10-16 06:57:34,297 [Thread-663] INFO  impl.RoleInfo (RoleInfo.java:updateAndGet(143)) - d7e7950c-6647-4bf5-bc57-9ca692be1a29: start FollowerState
2019-10-16 06:57:34,297 [grpc-default-executor-0] INFO  server.GrpcServerProtocolService (GrpcServerProtocolService.java:onCompleted(113)) - f798aac2-2639-421a-80fe-e15728f6ca86: Completed APPEND_ENTRIES, lastRequest: d7e7950c-6647-4bf5-bc57-9ca692be1a29->f798aac2-2639-421a-80fe-e15728f6ca86#0-t1, previous=(t:0, i:0), leaderCommit=-1, initializing? false, entries: <empty>
2019-10-16 06:57:34,298 [grpc-default-executor-0] INFO  server.GrpcLogAppender (GrpcLogAppender.java:onCompleted(308)) - d7e7950c-6647-4bf5-bc57-9ca692be1a29@group-D75A4149EBE3->f798aac2-2639-421a-80fe-e15728f6ca86-AppendLogResponseHandler: follower responses appendEntries COMPLETED
2019-10-16 06:57:34,301 [grpc-default-executor-0] INFO  impl.FollowerInfo (FollowerInfo.java:lambda$new$0(51)) - d7e7950c-6647-4bf5-bc57-9ca692be1a29@group-D75A4149EBE3->f798aac2-2639-421a-80fe-e15728f6ca86: nextIndex: updateUnconditionally 0 -> 0
2019-10-16 06:57:34,303 [grpc-default-executor-0] INFO  server.GrpcServerProtocolService (GrpcServerProtocolService.java:onCompleted(113)) - d1893424-bca9-4ee3-a7ed-99723aee90a9: Completed APPEND_ENTRIES, lastRequest: d7e7950c-6647-4bf5-bc57-9ca692be1a29->d1893424-bca9-4ee3-a7ed-99723aee90a9#0-t1, previous=(t:0, i:0), leaderCommit=-1, initializing? false, entries: <empty>
2019-10-16 06:57:34,311 [grpc-default-executor-0] INFO  impl.RaftServerImpl (RaftServerImpl.java:setRole(184)) - d7e7950c-6647-4bf5-bc57-9ca692be1a29@group-D75A4149EBE3: changes role from  FOLLOWER to FOLLOWER at term 2 for recognizeCandidate:d1893424-bca9-4ee3-a7ed-99723aee90a9
2019-10-16 06:57:34,311 [grpc-default-executor-0] INFO  impl.RoleInfo (RoleInfo.java:shutdownFollowerState(121)) - d7e7950c-6647-4bf5-bc57-9ca692be1a29: shutdown FollowerState
2019-10-16 06:57:34,311 [grpc-default-executor-0] INFO  impl.RoleInfo (RoleInfo.java:updateAndGet(143)) - d7e7950c-6647-4bf5-bc57-9ca692be1a29: start FollowerState
2019-10-16 06:57:34,311 [Thread-673] INFO  impl.FollowerState (FollowerState.java:run(117)) - d7e7950c-6647-4bf5-bc57-9ca692be1a29@group-D75A4149EBE3-FollowerState was interrupted: java.lang.InterruptedException: sleep interrupted
2019-10-16 06:57:34,311 [grpc-default-executor-2] INFO  impl.RaftServerImpl (RaftServerImpl.java:setRole(184)) - d7e7950c-6647-4bf5-bc57-9ca692be1a29@group-D75A4149EBE3: changes role from  FOLLOWER to FOLLOWER at term 2 for recognizeCandidate:f798aac2-2639-421a-80fe-e15728f6ca86
2019-10-16 06:57:34,312 [grpc-default-executor-2] INFO  impl.RoleInfo (RoleInfo.java:shutdownFollowerState(121)) - d7e7950c-6647-4bf5-bc57-9ca692be1a29: shutdown FollowerState
2019-10-16 06:57:34,312 [grpc-default-executor-2] INFO  impl.RoleInfo (RoleInfo.java:updateAndGet(143)) - d7e7950c-6647-4bf5-bc57-9ca692be1a29: start FollowerState
2019-10-16 06:57:34,312 [Thread-674] INFO  impl.FollowerState (FollowerState.java:run(117)) - d7e7950c-6647-4bf5-bc57-9ca692be1a29@group-D75A4149EBE3-FollowerState was interrupted: java.lang.InterruptedException: sleep interrupted
2019-10-16 06:57:34,313 [grpc-default-executor-3] INFO  server.GrpcLogAppender (GrpcLogAppender.java:onCompleted(308)) - d7e7950c-6647-4bf5-bc57-9ca692be1a29@group-D75A4149EBE3->d1893424-bca9-4ee3-a7ed-99723aee90a9-AppendLogResponseHandler: follower responses appendEntries COMPLETED
2019-10-16 06:57:34,316 [d1893424-bca9-4ee3-a7ed-99723aee90a9@group-D75A4149EBE3-LeaderElection16] INFO  impl.LeaderElection (LeaderElection.java:logAndReturn(56)) - d1893424-bca9-4ee3-a7ed-99723aee90a9@group-D75A4149EBE3-LeaderElection16: Election REJECTED; received 2 response(s) [d1893424-bca9-4ee3-a7ed-99723aee90a9<-f798aac2-2639-421a-80fe-e15728f6ca86#0:FAIL-t2, d1893424-bca9-4ee3-a7ed-99723aee90a9<-d7e7950c-6647-4bf5-bc57-9ca692be1a29#0:FAIL-t2] and 0 exception(s); d1893424-bca9-4ee3-a7ed-99723aee90a9@group-D75A4149EBE3:t2, leader=null, voted=d1893424-bca9-4ee3-a7ed-99723aee90a9, raftlog=d1893424-bca9-4ee3-a7ed-99723aee90a9@group-D75A4149EBE3-SegmentedRaftLog:OPENED:c-1,f-1,i0, conf=-1: [f798aac2-2639-421a-80fe-e15728f6ca86:192.168.69.104:40422, d7e7950c-6647-4bf5-bc57-9ca692be1a29:192.168.69.104:45492, d1893424-bca9-4ee3-a7ed-99723aee90a9:192.168.69.104:33637], old=null
2019-10-16 06:57:34,317 [d1893424-bca9-4ee3-a7ed-99723aee90a9@group-D75A4149EBE3-LeaderElection16] INFO  impl.RaftServerImpl (RaftServerImpl.java:setRole(184)) - d1893424-bca9-4ee3-a7ed-99723aee90a9@group-D75A4149EBE3: changes role from CANDIDATE to FOLLOWER at term 2 for DISCOVERED_A_NEW_TERM
2019-10-16 06:57:34,323 [d1893424-bca9-4ee3-a7ed-99723aee90a9@group-D75A4149EBE3-LeaderElection16] INFO  impl.RoleInfo (RoleInfo.java:shutdownLeaderElection(134)) - d1893424-bca9-4ee3-a7ed-99723aee90a9: shutdown LeaderElection
2019-10-16 06:57:34,323 [grpc-default-executor-3] INFO  impl.FollowerInfo (FollowerInfo.java:lambda$new$0(51)) - d7e7950c-6647-4bf5-bc57-9ca692be1a29@group-D75A4149EBE3->d1893424-bca9-4ee3-a7ed-99723aee90a9: nextIndex: updateUnconditionally 0 -> 0
2019-10-16 06:57:34,323 [d1893424-bca9-4ee3-a7ed-99723aee90a9@group-D75A4149EBE3-LeaderElection16] INFO  impl.RoleInfo (RoleInfo.java:updateAndGet(143)) - d1893424-bca9-4ee3-a7ed-99723aee90a9: start FollowerState
2019-10-16 06:57:34,325 [f798aac2-2639-421a-80fe-e15728f6ca86@group-D75A4149EBE3-LeaderElection15] INFO  impl.LeaderElection (LeaderElection.java:logAndReturn(56)) - f798aac2-2639-421a-80fe-e15728f6ca86@group-D75A4149EBE3-LeaderElection15: Election REJECTED; received 2 response(s) [f798aac2-2639-421a-80fe-e15728f6ca86<-d7e7950c-6647-4bf5-bc57-9ca692be1a29#0:FAIL-t2, f798aac2-2639-421a-80fe-e15728f6ca86<-d1893424-bca9-4ee3-a7ed-99723aee90a9#0:FAIL-t2] and 0 exception(s); f798aac2-2639-421a-80fe-e15728f6ca86@group-D75A4149EBE3:t2, leader=null, voted=f798aac2-2639-421a-80fe-e15728f6ca86, raftlog=f798aac2-2639-421a-80fe-e15728f6ca86@group-D75A4149EBE3-SegmentedRaftLog:OPENED:c-1,f-1,i0, conf=-1: [f798aac2-2639-421a-80fe-e15728f6ca86:192.168.69.104:40422, d7e7950c-6647-4bf5-bc57-9ca692be1a29:192.168.69.104:45492, d1893424-bca9-4ee3-a7ed-99723aee90a9:192.168.69.104:33637], old=null
2019-10-16 06:57:34,325 [f798aac2-2639-421a-80fe-e15728f6ca86@group-D75A4149EBE3-LeaderElection15] INFO  impl.RaftServerImpl (RaftServerImpl.java:setRole(184)) - f798aac2-2639-421a-80fe-e15728f6ca86@group-D75A4149EBE3: changes role from CANDIDATE to FOLLOWER at term 2 for DISCOVERED_A_NEW_TERM
2019-10-16 06:57:34,325 [f798aac2-2639-421a-80fe-e15728f6ca86@group-D75A4149EBE3-LeaderElection15] INFO  impl.RoleInfo (RoleInfo.java:shutdownLeaderElection(134)) - f798aac2-2639-421a-80fe-e15728f6ca86: shutdown LeaderElection
2019-10-16 06:57:34,325 [f798aac2-2639-421a-80fe-e15728f6ca86@group-D75A4149EBE3-LeaderElection15] INFO  impl.RoleInfo (RoleInfo.java:updateAndGet(143)) - f798aac2-2639-421a-80fe-e15728f6ca86: start FollowerState
2019-10-16 06:57:34,464 [Thread-677] INFO  impl.FollowerState (FollowerState.java:run(108)) - f798aac2-2639-421a-80fe-e15728f6ca86@group-D75A4149EBE3-FollowerState: change to CANDIDATE, lastRpcTime:139ms, electionTimeout:139ms
2019-10-16 06:57:34,465 [Thread-677] INFO  impl.RoleInfo (RoleInfo.java:shutdownFollowerState(121)) - f798aac2-2639-421a-80fe-e15728f6ca86: shutdown FollowerState
2019-10-16 06:57:34,465 [Thread-677] INFO  impl.RaftServerImpl (RaftServerImpl.java:setRole(184)) - f798aac2-2639-421a-80fe-e15728f6ca86@group-D75A4149EBE3: changes role from  FOLLOWER to CANDIDATE at term 2 for changeToCandidate
2019-10-16 06:57:34,465 [Thread-677] INFO  impl.RoleInfo (RoleInfo.java:updateAndGet(143)) - f798aac2-2639-421a-80fe-e15728f6ca86: start LeaderElection
2019-10-16 06:57:34,480 [f798aac2-2639-421a-80fe-e15728f6ca86@group-D75A4149EBE3-LeaderElection17] INFO  impl.LeaderElection (LeaderElection.java:askForVotes(178)) - f798aac2-2639-421a-80fe-e15728f6ca86@group-D75A4149EBE3-LeaderElection17: begin an election at term 3 for -1: [f798aac2-2639-421a-80fe-e15728f6ca86:192.168.69.104:40422, d7e7950c-6647-4bf5-bc57-9ca692be1a29:192.168.69.104:45492, d1893424-bca9-4ee3-a7ed-99723aee90a9:192.168.69.104:33637], old=null
2019-10-16 06:57:34,489 [grpc-default-executor-3] INFO  impl.RaftServerImpl (RaftServerImpl.java:setRole(184)) - d1893424-bca9-4ee3-a7ed-99723aee90a9@group-D75A4149EBE3: changes role from  FOLLOWER to FOLLOWER at term 3 for recognizeCandidate:f798aac2-2639-421a-80fe-e15728f6ca86
2019-10-16 06:57:34,489 [grpc-default-executor-2] INFO  impl.RaftServerImpl (RaftServerImpl.java:setRole(184)) - d7e7950c-6647-4bf5-bc57-9ca692be1a29@group-D75A4149EBE3: changes role from  FOLLOWER to FOLLOWER at term 3 for recognizeCandidate:f798aac2-2639-421a-80fe-e15728f6ca86
2019-10-16 06:57:34,490 [grpc-default-executor-3] INFO  impl.RoleInfo (RoleInfo.java:shutdownFollowerState(121)) - d1893424-bca9-4ee3-a7ed-99723aee90a9: shutdown FollowerState
2019-10-16 06:57:34,490 [grpc-default-executor-2] INFO  impl.RoleInfo (RoleInfo.java:shutdownFollowerState(121)) - d7e7950c-6647-4bf5-bc57-9ca692be1a29: shutdown FollowerState
2019-10-16 06:57:34,490 [Thread-676] INFO  impl.FollowerState (FollowerState.java:run(117)) - d1893424-bca9-4ee3-a7ed-99723aee90a9@group-D75A4149EBE3-FollowerState was interrupted: java.lang.InterruptedException: sleep interrupted
2019-10-16 06:57:34,490 [Thread-675] INFO  impl.FollowerState (FollowerState.java:run(117)) - d7e7950c-6647-4bf5-bc57-9ca692be1a29@group-D75A4149EBE3-FollowerState was interrupted: java.lang.InterruptedException: sleep interrupted
2019-10-16 06:57:34,490 [grpc-default-executor-3] INFO  impl.RoleInfo (RoleInfo.java:updateAndGet(143)) - d1893424-bca9-4ee3-a7ed-99723aee90a9: start FollowerState
2019-10-16 06:57:34,490 [grpc-default-executor-2] INFO  impl.RoleInfo (RoleInfo.java:updateAndGet(143)) - d7e7950c-6647-4bf5-bc57-9ca692be1a29: start FollowerState
2019-10-16 06:57:34,508 [f798aac2-2639-421a-80fe-e15728f6ca86@group-D75A4149EBE3-LeaderElection17] INFO  impl.LeaderElection (LeaderElection.java:logAndReturn(56)) - f798aac2-2639-421a-80fe-e15728f6ca86@group-D75A4149EBE3-LeaderElection17: Election PASSED; received 2 response(s) [f798aac2-2639-421a-80fe-e15728f6ca86<-d7e7950c-6647-4bf5-bc57-9ca692be1a29#0:FAIL-t3, f798aac2-2639-421a-80fe-e15728f6ca86<-d1893424-bca9-4ee3-a7ed-99723aee90a9#0:OK-t3] and 0 exception(s); f798aac2-2639-421a-80fe-e15728f6ca86@group-D75A4149EBE3:t3, leader=null, voted=f798aac2-2639-421a-80fe-e15728f6ca86, raftlog=f798aac2-2639-421a-80fe-e15728f6ca86@group-D75A4149EBE3-SegmentedRaftLog:OPENED:c-1,f-1,i0, conf=-1: [f798aac2-2639-421a-80fe-e15728f6ca86:192.168.69.104:40422, d7e7950c-6647-4bf5-bc57-9ca692be1a29:192.168.69.104:45492, d1893424-bca9-4ee3-a7ed-99723aee90a9:192.168.69.104:33637], old=null
2019-10-16 06:57:34,509 [f798aac2-2639-421a-80fe-e15728f6ca86@group-D75A4149EBE3-LeaderElection17] INFO  impl.RoleInfo (RoleInfo.java:shutdownLeaderElection(134)) - f798aac2-2639-421a-80fe-e15728f6ca86: shutdown LeaderElection
2019-10-16 06:57:34,509 [f798aac2-2639-421a-80fe-e15728f6ca86@group-D75A4149EBE3-LeaderElection17] INFO  impl.RaftServerImpl (RaftServerImpl.java:setRole(184)) - f798aac2-2639-421a-80fe-e15728f6ca86@group-D75A4149EBE3: changes role from CANDIDATE to LEADER at term 3 for changeToLeader
2019-10-16 06:57:34,509 [f798aac2-2639-421a-80fe-e15728f6ca86@group-D75A4149EBE3-LeaderElection17] INFO  impl.RaftServerImpl (ServerState.java:setLeader(256)) - f798aac2-2639-421a-80fe-e15728f6ca86@group-D75A4149EBE3: change Leader from null to f798aac2-2639-421a-80fe-e15728f6ca86 at term 3 for becomeLeader, leader elected after 402ms
2019-10-16 06:57:34,509 [f798aac2-2639-421a-80fe-e15728f6ca86@group-D75A4149EBE3-LeaderElection17] INFO  server.RaftServerConfigKeys (ConfUtils.java:logGet(43)) - raft.server.staging.catchup.gap = 1000 (default)
2019-10-16 06:57:34,509 [f798aac2-2639-421a-80fe-e15728f6ca86@group-D75A4149EBE3-LeaderElection17] INFO  server.RaftServerConfigKeys (ConfUtils.java:logGet(43)) - raft.server.rpc.sleep.time = 25ms (default)
2019-10-16 06:57:34,509 [f798aac2-2639-421a-80fe-e15728f6ca86@group-D75A4149EBE3-LeaderElection17] INFO  server.RaftServerConfigKeys (ConfUtils.java:logGet(43)) - raft.server.write.element-limit = 4096 (default)
2019-10-16 06:57:34,510 [f798aac2-2639-421a-80fe-e15728f6ca86@group-D75A4149EBE3-LeaderElection17] INFO  server.RaftServerConfigKeys (ConfUtils.java:logGet(43)) - raft.server.watch.timeout = 10s (default)
2019-10-16 06:57:34,510 [f798aac2-2639-421a-80fe-e15728f6ca86@group-D75A4149EBE3-LeaderElection17] INFO  server.RaftServerConfigKeys (ConfUtils.java:logGet(43)) - raft.server.watch.timeout.denomination = 1s (default)
2019-10-16 06:57:34,510 [f798aac2-2639-421a-80fe-e15728f6ca86@group-D75A4149EBE3-LeaderElection17] INFO  server.RaftServerConfigKeys (ConfUtils.java:logGet(43)) - raft.server.watch.element-limit = 65536 (default)
2019-10-16 06:57:34,512 [f798aac2-2639-421a-80fe-e15728f6ca86@group-D75A4149EBE3-LeaderElection17] INFO  server.RaftServerConfigKeys (ConfUtils.java:logGet(43)) - raft.server.log.appender.snapshot.chunk.size.max = 16MB (=16777216) (default)
2019-10-16 06:57:34,513 [f798aac2-2639-421a-80fe-e15728f6ca86@group-D75A4149EBE3-LeaderElection17] INFO  server.RaftServerConfigKeys (ConfUtils.java:logGet(43)) - raft.server.log.appender.buffer.byte-limit = 33554432 (custom)
2019-10-16 06:57:34,513 [f798aac2-2639-421a-80fe-e15728f6ca86@group-D75A4149EBE3-LeaderElection17] INFO  server.RaftServerConfigKeys (ConfUtils.java:logGet(43)) - raft.server.log.appender.buffer.element-limit = 1 (custom)
2019-10-16 06:57:34,513 [f798aac2-2639-421a-80fe-e15728f6ca86@group-D75A4149EBE3-LeaderElection17] INFO  grpc.GrpcConfigKeys$Server (ConfUtils.java:logGet(43)) - raft.grpc.server.leader.outstanding.appends.max = 128 (default)
2019-10-16 06:57:34,513 [f798aac2-2639-421a-80fe-e15728f6ca86@group-D75A4149EBE3-LeaderElection17] INFO  server.RaftServerConfigKeys (ConfUtils.java:logGet(43)) - raft.server.rpc.request.timeout = 3000ms (default)
2019-10-16 06:57:34,513 [f798aac2-2639-421a-80fe-e15728f6ca86@group-D75A4149EBE3-LeaderElection17] INFO  server.RaftServerConfigKeys (ConfUtils.java:logGet(43)) - raft.server.log.appender.install.snapshot.enabled = false (custom)
2019-10-16 06:57:34,516 [f798aac2-2639-421a-80fe-e15728f6ca86@group-D75A4149EBE3-LeaderElection17] INFO  server.RaftServerConfigKeys (ConfUtils.java:logGet(43)) - raft.server.log.appender.snapshot.chunk.size.max = 16MB (=16777216) (default)
2019-10-16 06:57:34,516 [f798aac2-2639-421a-80fe-e15728f6ca86@group-D75A4149EBE3-LeaderElection17] INFO  server.RaftServerConfigKeys (ConfUtils.java:logGet(43)) - raft.server.log.appender.buffer.byte-limit = 33554432 (custom)
2019-10-16 06:57:34,516 [f798aac2-2639-421a-80fe-e15728f6ca86@group-D75A4149EBE3-LeaderElection17] INFO  server.RaftServerConfigKeys (ConfUtils.java:logGet(43)) - raft.server.log.appender.buffer.element-limit = 1 (custom)
2019-10-16 06:57:34,516 [f798aac2-2639-421a-80fe-e15728f6ca86@group-D75A4149EBE3-LeaderElection17] INFO  grpc.GrpcConfigKeys$Server (ConfUtils.java:logGet(43)) - raft.grpc.server.leader.outstanding.appends.max = 128 (default)
2019-10-16 06:57:34,516 [f798aac2-2639-421a-80fe-e15728f6ca86@group-D75A4149EBE3-LeaderElection17] INFO  server.RaftServerConfigKeys (ConfUtils.java:logGet(43)) - raft.server.rpc.request.timeout = 3000ms (default)
2019-10-16 06:57:34,516 [f798aac2-2639-421a-80fe-e15728f6ca86@group-D75A4149EBE3-LeaderElection17] INFO  server.RaftServerConfigKeys (ConfUtils.java:logGet(43)) - raft.server.log.appender.install.snapshot.enabled = false (custom)
2019-10-16 06:57:34,519 [f798aac2-2639-421a-80fe-e15728f6ca86@group-D75A4149EBE3-LeaderElection17] INFO  impl.RoleInfo (RoleInfo.java:updateAndGet(143)) - f798aac2-2639-421a-80fe-e15728f6ca86: start LeaderState
2019-10-16 06:57:34,519 [f798aac2-2639-421a-80fe-e15728f6ca86@group-D75A4149EBE3-LeaderElection17] INFO  segmented.SegmentedRaftLogWorker (SegmentedRaftLogWorker.java:startLogSegment(385)) - f798aac2-2639-421a-80fe-e15728f6ca86@group-D75A4149EBE3-SegmentedRaftLogWorker: Starting segment from index:0
2019-10-16 06:57:34,520 [f798aac2-2639-421a-80fe-e15728f6ca86@group-D75A4149EBE3-LeaderElection17] INFO  impl.RaftServerImpl (ServerState.java:setRaftConf(357)) - f798aac2-2639-421a-80fe-e15728f6ca86@group-D75A4149EBE3: set configuration 0: [f798aac2-2639-421a-80fe-e15728f6ca86:192.168.69.104:40422, d7e7950c-6647-4bf5-bc57-9ca692be1a29:192.168.69.104:45492, d1893424-bca9-4ee3-a7ed-99723aee90a9:192.168.69.104:33637], old=null at 0
2019-10-16 06:57:34,522 [grpc-default-executor-2] INFO  impl.RaftServerImpl (ServerState.java:setLeader(256)) - d7e7950c-6647-4bf5-bc57-9ca692be1a29@group-D75A4149EBE3: change Leader from null to f798aac2-2639-421a-80fe-e15728f6ca86 at term 3 for appendEntries, leader elected after 230ms
2019-10-16 06:57:34,548 [grpc-default-executor-3] INFO  impl.RaftServerImpl (ServerState.java:setLeader(256)) - d1893424-bca9-4ee3-a7ed-99723aee90a9@group-D75A4149EBE3: change Leader from null to f798aac2-2639-421a-80fe-e15728f6ca86 at term 3 for appendEntries, leader elected after 441ms
2019-10-16 06:57:34,553 [grpc-default-executor-2] INFO  impl.RaftServerImpl (ServerState.java:setRaftConf(357)) - d7e7950c-6647-4bf5-bc57-9ca692be1a29@group-D75A4149EBE3: set configuration 0: [f798aac2-2639-421a-80fe-e15728f6ca86:192.168.69.104:40422, d7e7950c-6647-4bf5-bc57-9ca692be1a29:192.168.69.104:45492, d1893424-bca9-4ee3-a7ed-99723aee90a9:192.168.69.104:33637], old=null at 0
2019-10-16 06:57:34,553 [grpc-default-executor-3] INFO  impl.RaftServerImpl (ServerState.java:setRaftConf(357)) - d1893424-bca9-4ee3-a7ed-99723aee90a9@group-D75A4149EBE3: set configuration 0: [f798aac2-2639-421a-80fe-e15728f6ca86:192.168.69.104:40422, d7e7950c-6647-4bf5-bc57-9ca692be1a29:192.168.69.104:45492, d1893424-bca9-4ee3-a7ed-99723aee90a9:192.168.69.104:33637], old=null at 0
2019-10-16 06:57:34,553 [grpc-default-executor-2] INFO  segmented.SegmentedRaftLogWorker (SegmentedRaftLogWorker.java:truncate(401)) - d7e7950c-6647-4bf5-bc57-9ca692be1a29@group-D75A4149EBE3-SegmentedRaftLogWorker: Truncating segments toTruncate: null
  toDelete: [(0, 0) isOpen? true, length=0, newEndIndex=-1], start index 0
2019-10-16 06:57:34,554 [grpc-default-executor-3] INFO  segmented.SegmentedRaftLogWorker (SegmentedRaftLogWorker.java:startLogSegment(385)) - d1893424-bca9-4ee3-a7ed-99723aee90a9@group-D75A4149EBE3-SegmentedRaftLogWorker: Starting segment from index:0
2019-10-16 06:57:34,554 [grpc-default-executor-2] INFO  segmented.SegmentedRaftLogWorker (SegmentedRaftLogWorker.java:startLogSegment(385)) - d7e7950c-6647-4bf5-bc57-9ca692be1a29@group-D75A4149EBE3-SegmentedRaftLogWorker: Starting segment from index:0
2019-10-16 06:57:34,554 [d7e7950c-6647-4bf5-bc57-9ca692be1a29@group-D75A4149EBE3-SegmentedRaftLogWorker] INFO  segmented.SegmentedRaftLogWorker (SegmentedRaftLogWorker.java:execute(640)) - d7e7950c-6647-4bf5-bc57-9ca692be1a29@group-D75A4149EBE3-SegmentedRaftLogWorker: Deleted log file /workdir/hadoop-ozone/ozonefs/target/test-dir/MiniOzoneClusterImpl-fb31fee1-15a5-46cd-9d12-d6ad84b763d9/datanode-2/data/ratis/8067b0a3-2c35-4ae5-9e57-d75a4149ebe3/current/log_inprogress_0
2019-10-16 06:57:34,555 [d7e7950c-6647-4bf5-bc57-9ca692be1a29@group-D75A4149EBE3-SegmentedRaftLogWorker] INFO  segmented.SegmentedRaftLogWorker (SegmentedRaftLogWorker.java:lambda$new$0(128)) - d7e7950c-6647-4bf5-bc57-9ca692be1a29@group-D75A4149EBE3-SegmentedRaftLogWorker: flushIndex: setUnconditionally 0 -> -1
2019-10-16 06:57:34,560 [f798aac2-2639-421a-80fe-e15728f6ca86@group-D75A4149EBE3-SegmentedRaftLogWorker] INFO  segmented.SegmentedRaftLogWorker (SegmentedRaftLogWorker.java:execute(576)) - f798aac2-2639-421a-80fe-e15728f6ca86@group-D75A4149EBE3-SegmentedRaftLogWorker: created new log segment /workdir/hadoop-ozone/ozonefs/target/test-dir/MiniOzoneClusterImpl-fb31fee1-15a5-46cd-9d12-d6ad84b763d9/datanode-1/data/ratis/8067b0a3-2c35-4ae5-9e57-d75a4149ebe3/current/log_inprogress_0
2019-10-16 06:57:34,592 [d7e7950c-6647-4bf5-bc57-9ca692be1a29@group-D75A4149EBE3-SegmentedRaftLogWorker] INFO  segmented.SegmentedRaftLogWorker (SegmentedRaftLogWorker.java:execute(576)) - d7e7950c-6647-4bf5-bc57-9ca692be1a29@group-D75A4149EBE3-SegmentedRaftLogWorker: created new log segment /workdir/hadoop-ozone/ozonefs/target/test-dir/MiniOzoneClusterImpl-fb31fee1-15a5-46cd-9d12-d6ad84b763d9/datanode-2/data/ratis/8067b0a3-2c35-4ae5-9e57-d75a4149ebe3/current/log_inprogress_0
2019-10-16 06:57:34,593 [d1893424-bca9-4ee3-a7ed-99723aee90a9@group-D75A4149EBE3-SegmentedRaftLogWorker] INFO  segmented.SegmentedRaftLogWorker (SegmentedRaftLogWorker.java:execute(576)) - d1893424-bca9-4ee3-a7ed-99723aee90a9@group-D75A4149EBE3-SegmentedRaftLogWorker: created new log segment /workdir/hadoop-ozone/ozonefs/target/test-dir/MiniOzoneClusterImpl-fb31fee1-15a5-46cd-9d12-d6ad84b763d9/datanode-0/data/ratis/8067b0a3-2c35-4ae5-9e57-d75a4149ebe3/current/log_inprogress_0
2019-10-16 06:57:34,952 [Thread-460] INFO  ozone.MiniOzoneClusterImpl (MiniOzoneClusterImpl.java:lambda$waitForClusterToBeReady$0(147)) - Cluster is ready. Got 3 of 3 DN Heartbeats.
2019-10-16 06:57:34,997 [Thread-460] INFO  rpc.RpcClient (RpcClient.java:createVolume(272)) - Creating Volume: volume04511, with user17187 as owner.
2019-10-16 06:57:35,002 [IPC Server handler 3 on 42516] INFO  volume.OMVolumeCreateRequest (OMVolumeCreateRequest.java:validateAndUpdateCache(193)) - created volume:volume04511 for user:user17187
2019-10-16 06:57:35,012 [Thread-460] INFO  rpc.RpcClient (RpcClient.java:createBucket(411)) - Creating Bucket: volume04511/bucket77741, with Versioning false and Storage Type set to DISK and Encryption set to false 
2019-10-16 06:57:35,158 [IPC Server handler 11 on 42516] ERROR lock.LockManager (LockManager.java:getLockForReleasing(218)) - Trying to release the lock on /volume04511/bucket77741, which was never acquired.
2019-10-16 06:57:35,159 [IPC Server handler 11 on 42516] WARN  ipc.Server (Server.java:logException(2724)) - IPC Server handler 11 on 42516, call Call#80 Retry#0 org.apache.hadoop.ozone.om.protocol.OzoneManagerProtocol.submitRequest from 127.0.0.1:56010
java.lang.IllegalMonitorStateException: Releasing lock on resource /volume04511/bucket77741 without acquiring lock
	at org.apache.hadoop.ozone.lock.LockManager.getLockForReleasing(LockManager.java:220)
	at org.apache.hadoop.ozone.lock.LockManager.release(LockManager.java:168)
	at org.apache.hadoop.ozone.lock.LockManager.writeUnlock(LockManager.java:148)
	at org.apache.hadoop.ozone.om.lock.OzoneManagerLock.unlock(OzoneManagerLock.java:364)
	at org.apache.hadoop.ozone.om.lock.OzoneManagerLock.releaseWriteLock(OzoneManagerLock.java:329)
	at org.apache.hadoop.ozone.om.request.key.OMKeyCommitRequest.validateAndUpdateCache(OMKeyCommitRequest.java:177)
	at org.apache.hadoop.ozone.protocolPB.OzoneManagerProtocolServerSideTranslatorPB.submitRequestDirectlyToOM(OzoneManagerProtocolServerSideTranslatorPB.java:219)
	at org.apache.hadoop.ozone.protocolPB.OzoneManagerProtocolServerSideTranslatorPB.processRequest(OzoneManagerProtocolServerSideTranslatorPB.java:134)
	at org.apache.hadoop.hdds.server.OzoneProtocolMessageDispatcher.processRequest(OzoneProtocolMessageDispatcher.java:72)
	at org.apache.hadoop.ozone.protocolPB.OzoneManagerProtocolServerSideTranslatorPB.submitRequest(OzoneManagerProtocolServerSideTranslatorPB.java:100)
	at org.apache.hadoop.ozone.protocol.proto.OzoneManagerProtocolProtos$OzoneManagerService$2.callBlockingMethod(OzoneManagerProtocolProtos.java)
	at org.apache.hadoop.ipc.ProtobufRpcEngine$Server$ProtoBufRpcInvoker.call(ProtobufRpcEngine.java:524)
	at org.apache.hadoop.ipc.RPC$Server.call(RPC.java:1025)
	at org.apache.hadoop.ipc.Server$RpcCall.run(Server.java:876)
	at org.apache.hadoop.ipc.Server$RpcCall.run(Server.java:822)
	at java.security.AccessController.doPrivileged(Native Method)
	at javax.security.auth.Subject.doAs(Subject.java:422)
	at org.apache.hadoop.security.UserGroupInformation.doAs(UserGroupInformation.java:1730)
	at org.apache.hadoop.ipc.Server$Handler.run(Server.java:2682)
2019-10-16 06:57:35,165 [Thread-460] INFO  retry.RetryInvocationHandler (RetryInvocationHandler.java:log(411)) - com.google.protobuf.ServiceException: org.apache.hadoop.ipc.RemoteException(java.lang.IllegalMonitorStateException): Releasing lock on resource /volume04511/bucket77741 without acquiring lock
	at org.apache.hadoop.ozone.lock.LockManager.getLockForReleasing(LockManager.java:220)
	at org.apache.hadoop.ozone.lock.LockManager.release(LockManager.java:168)
	at org.apache.hadoop.ozone.lock.LockManager.writeUnlock(LockManager.java:148)
	at org.apache.hadoop.ozone.om.lock.OzoneManagerLock.unlock(OzoneManagerLock.java:364)
	at org.apache.hadoop.ozone.om.lock.OzoneManagerLock.releaseWriteLock(OzoneManagerLock.java:329)
	at org.apache.hadoop.ozone.om.request.key.OMKeyCommitRequest.validateAndUpdateCache(OMKeyCommitRequest.java:177)
	at org.apache.hadoop.ozone.protocolPB.OzoneManagerProtocolServerSideTranslatorPB.submitRequestDirectlyToOM(OzoneManagerProtocolServerSideTranslatorPB.java:219)
	at org.apache.hadoop.ozone.protocolPB.OzoneManagerProtocolServerSideTranslatorPB.processRequest(OzoneManagerProtocolServerSideTranslatorPB.java:134)
	at org.apache.hadoop.hdds.server.OzoneProtocolMessageDispatcher.processRequest(OzoneProtocolMessageDispatcher.java:72)
	at org.apache.hadoop.ozone.protocolPB.OzoneManagerProtocolServerSideTranslatorPB.submitRequest(OzoneManagerProtocolServerSideTranslatorPB.java:100)
	at org.apache.hadoop.ozone.protocol.proto.OzoneManagerProtocolProtos$OzoneManagerService$2.callBlockingMethod(OzoneManagerProtocolProtos.java)
	at org.apache.hadoop.ipc.ProtobufRpcEngine$Server$ProtoBufRpcInvoker.call(ProtobufRpcEngine.java:524)
	at org.apache.hadoop.ipc.RPC$Server.call(RPC.java:1025)
	at org.apache.hadoop.ipc.Server$RpcCall.run(Server.java:876)
	at org.apache.hadoop.ipc.Server$RpcCall.run(Server.java:822)
	at java.security.AccessController.doPrivileged(Native Method)
	at javax.security.auth.Subject.doAs(Subject.java:422)
	at org.apache.hadoop.security.UserGroupInformation.doAs(UserGroupInformation.java:1730)
	at org.apache.hadoop.ipc.Server$Handler.run(Server.java:2682)
, while invoking $Proxy37.submitRequest over nodeId=null,nodeAddress=localhost:42516. Trying to failover immediately.
2019-10-16 06:57:35,168 [IPC Server handler 12 on 42516] ERROR lock.LockManager (LockManager.java:getLockForReleasing(218)) - Trying to release the lock on /volume04511/bucket77741, which was never acquired.
2019-10-16 06:57:35,169 [IPC Server handler 12 on 42516] WARN  ipc.Server (Server.java:logException(2724)) - IPC Server handler 12 on 42516, call Call#80 Retry#1 org.apache.hadoop.ozone.om.protocol.OzoneManagerProtocol.submitRequest from 127.0.0.1:56010
java.lang.IllegalMonitorStateException: Releasing lock on resource /volume04511/bucket77741 without acquiring lock
	at org.apache.hadoop.ozone.lock.LockManager.getLockForReleasing(LockManager.java:220)
	at org.apache.hadoop.ozone.lock.LockManager.release(LockManager.java:168)
	at org.apache.hadoop.ozone.lock.LockManager.writeUnlock(LockManager.java:148)
	at org.apache.hadoop.ozone.om.lock.OzoneManagerLock.unlock(OzoneManagerLock.java:364)
	at org.apache.hadoop.ozone.om.lock.OzoneManagerLock.releaseWriteLock(OzoneManagerLock.java:329)
	at org.apache.hadoop.ozone.om.request.key.OMKeyCommitRequest.validateAndUpdateCache(OMKeyCommitRequest.java:177)
	at org.apache.hadoop.ozone.protocolPB.OzoneManagerProtocolServerSideTranslatorPB.submitRequestDirectlyToOM(OzoneManagerProtocolServerSideTranslatorPB.java:219)
	at org.apache.hadoop.ozone.protocolPB.OzoneManagerProtocolServerSideTranslatorPB.processRequest(OzoneManagerProtocolServerSideTranslatorPB.java:134)
	at org.apache.hadoop.hdds.server.OzoneProtocolMessageDispatcher.processRequest(OzoneProtocolMessageDispatcher.java:72)
	at org.apache.hadoop.ozone.protocolPB.OzoneManagerProtocolServerSideTranslatorPB.submitRequest(OzoneManagerProtocolServerSideTranslatorPB.java:100)
	at org.apache.hadoop.ozone.protocol.proto.OzoneManagerProtocolProtos$OzoneManagerService$2.callBlockingMethod(OzoneManagerProtocolProtos.java)
	at org.apache.hadoop.ipc.ProtobufRpcEngine$Server$ProtoBufRpcInvoker.call(ProtobufRpcEngine.java:524)
	at org.apache.hadoop.ipc.RPC$Server.call(RPC.java:1025)
	at org.apache.hadoop.ipc.Server$RpcCall.run(Server.java:876)
	at org.apache.hadoop.ipc.Server$RpcCall.run(Server.java:822)
	at java.security.AccessController.doPrivileged(Native Method)
	at javax.security.auth.Subject.doAs(Subject.java:422)
	at org.apache.hadoop.security.UserGroupInformation.doAs(UserGroupInformation.java:1730)
	at org.apache.hadoop.ipc.Server$Handler.run(Server.java:2682)
2019-10-16 06:57:35,171 [Thread-460] INFO  retry.RetryInvocationHandler (RetryInvocationHandler.java:log(411)) - com.google.protobuf.ServiceException: org.apache.hadoop.ipc.RemoteException(java.lang.IllegalMonitorStateException): Releasing lock on resource /volume04511/bucket77741 without acquiring lock
	at org.apache.hadoop.ozone.lock.LockManager.getLockForReleasing(LockManager.java:220)
	at org.apache.hadoop.ozone.lock.LockManager.release(LockManager.java:168)
	at org.apache.hadoop.ozone.lock.LockManager.writeUnlock(LockManager.java:148)
	at org.apache.hadoop.ozone.om.lock.OzoneManagerLock.unlock(OzoneManagerLock.java:364)
	at org.apache.hadoop.ozone.om.lock.OzoneManagerLock.releaseWriteLock(OzoneManagerLock.java:329)
	at org.apache.hadoop.ozone.om.request.key.OMKeyCommitRequest.validateAndUpdateCache(OMKeyCommitRequest.java:177)
	at org.apache.hadoop.ozone.protocolPB.OzoneManagerProtocolServerSideTranslatorPB.submitRequestDirectlyToOM(OzoneManagerProtocolServerSideTranslatorPB.java:219)
	at org.apache.hadoop.ozone.protocolPB.OzoneManagerProtocolServerSideTranslatorPB.processRequest(OzoneManagerProtocolServerSideTranslatorPB.java:134)
	at org.apache.hadoop.hdds.server.OzoneProtocolMessageDispatcher.processRequest(OzoneProtocolMessageDispatcher.java:72)
	at org.apache.hadoop.ozone.protocolPB.OzoneManagerProtocolServerSideTranslatorPB.submitRequest(OzoneManagerProtocolServerSideTranslatorPB.java:100)
	at org.apache.hadoop.ozone.protocol.proto.OzoneManagerProtocolProtos$OzoneManagerService$2.callBlockingMethod(OzoneManagerProtocolProtos.java)
	at org.apache.hadoop.ipc.ProtobufRpcEngine$Server$ProtoBufRpcInvoker.call(ProtobufRpcEngine.java:524)
	at org.apache.hadoop.ipc.RPC$Server.call(RPC.java:1025)
	at org.apache.hadoop.ipc.Server$RpcCall.run(Server.java:876)
	at org.apache.hadoop.ipc.Server$RpcCall.run(Server.java:822)
	at java.security.AccessController.doPrivileged(Native Method)
	at javax.security.auth.Subject.doAs(Subject.java:422)
	at org.apache.hadoop.security.UserGroupInformation.doAs(UserGroupInformation.java:1730)
	at org.apache.hadoop.ipc.Server$Handler.run(Server.java:2682)
, while invoking $Proxy37.submitRequest over nodeId=null,nodeAddress=localhost:42516 after 1 failover attempts. Trying to failover immediately.
2019-10-16 06:57:35,174 [IPC Server handler 13 on 42516] ERROR lock.LockManager (LockManager.java:getLockForReleasing(218)) - Trying to release the lock on /volume04511/bucket77741, which was never acquired.
2019-10-16 06:57:35,174 [IPC Server handler 13 on 42516] WARN  ipc.Server (Server.java:logException(2724)) - IPC Server handler 13 on 42516, call Call#80 Retry#2 org.apache.hadoop.ozone.om.protocol.OzoneManagerProtocol.submitRequest from 127.0.0.1:56010
java.lang.IllegalMonitorStateException: Releasing lock on resource /volume04511/bucket77741 without acquiring lock
	at org.apache.hadoop.ozone.lock.LockManager.getLockForReleasing(LockManager.java:220)
	at org.apache.hadoop.ozone.lock.LockManager.release(LockManager.java:168)
	at org.apache.hadoop.ozone.lock.LockManager.writeUnlock(LockManager.java:148)
	at org.apache.hadoop.ozone.om.lock.OzoneManagerLock.unlock(OzoneManagerLock.java:364)
	at org.apache.hadoop.ozone.om.lock.OzoneManagerLock.releaseWriteLock(OzoneManagerLock.java:329)
	at org.apache.hadoop.ozone.om.request.key.OMKeyCommitRequest.validateAndUpdateCache(OMKeyCommitRequest.java:177)
	at org.apache.hadoop.ozone.protocolPB.OzoneManagerProtocolServerSideTranslatorPB.submitRequestDirectlyToOM(OzoneManagerProtocolServerSideTranslatorPB.java:219)
	at org.apache.hadoop.ozone.protocolPB.OzoneManagerProtocolServerSideTranslatorPB.processRequest(OzoneManagerProtocolServerSideTranslatorPB.java:134)
	at org.apache.hadoop.hdds.server.OzoneProtocolMessageDispatcher.processRequest(OzoneProtocolMessageDispatcher.java:72)
	at org.apache.hadoop.ozone.protocolPB.OzoneManagerProtocolServerSideTranslatorPB.submitRequest(OzoneManagerProtocolServerSideTranslatorPB.java:100)
	at org.apache.hadoop.ozone.protocol.proto.OzoneManagerProtocolProtos$OzoneManagerService$2.callBlockingMethod(OzoneManagerProtocolProtos.java)
	at org.apache.hadoop.ipc.ProtobufRpcEngine$Server$ProtoBufRpcInvoker.call(ProtobufRpcEngine.java:524)
	at org.apache.hadoop.ipc.RPC$Server.call(RPC.java:1025)
	at org.apache.hadoop.ipc.Server$RpcCall.run(Server.java:876)
	at org.apache.hadoop.ipc.Server$RpcCall.run(Server.java:822)
	at java.security.AccessController.doPrivileged(Native Method)
	at javax.security.auth.Subject.doAs(Subject.java:422)
	at org.apache.hadoop.security.UserGroupInformation.doAs(UserGroupInformation.java:1730)
	at org.apache.hadoop.ipc.Server$Handler.run(Server.java:2682)
2019-10-16 06:57:35,176 [Thread-460] INFO  retry.RetryInvocationHandler (RetryInvocationHandler.java:log(411)) - com.google.protobuf.ServiceException: org.apache.hadoop.ipc.RemoteException(java.lang.IllegalMonitorStateException): Releasing lock on resource /volume04511/bucket77741 without acquiring lock
	at org.apache.hadoop.ozone.lock.LockManager.getLockForReleasing(LockManager.java:220)
	at org.apache.hadoop.ozone.lock.LockManager.release(LockManager.java:168)
	at org.apache.hadoop.ozone.lock.LockManager.writeUnlock(LockManager.java:148)
	at org.apache.hadoop.ozone.om.lock.OzoneManagerLock.unlock(OzoneManagerLock.java:364)
	at org.apache.hadoop.ozone.om.lock.OzoneManagerLock.releaseWriteLock(OzoneManagerLock.java:329)
	at org.apache.hadoop.ozone.om.request.key.OMKeyCommitRequest.validateAndUpdateCache(OMKeyCommitRequest.java:177)
	at org.apache.hadoop.ozone.protocolPB.OzoneManagerProtocolServerSideTranslatorPB.submitRequestDirectlyToOM(OzoneManagerProtocolServerSideTranslatorPB.java:219)
	at org.apache.hadoop.ozone.protocolPB.OzoneManagerProtocolServerSideTranslatorPB.processRequest(OzoneManagerProtocolServerSideTranslatorPB.java:134)
	at org.apache.hadoop.hdds.server.OzoneProtocolMessageDispatcher.processRequest(OzoneProtocolMessageDispatcher.java:72)
	at org.apache.hadoop.ozone.protocolPB.OzoneManagerProtocolServerSideTranslatorPB.submitRequest(OzoneManagerProtocolServerSideTranslatorPB.java:100)
	at org.apache.hadoop.ozone.protocol.proto.OzoneManagerProtocolProtos$OzoneManagerService$2.callBlockingMethod(OzoneManagerProtocolProtos.java)
	at org.apache.hadoop.ipc.ProtobufRpcEngine$Server$ProtoBufRpcInvoker.call(ProtobufRpcEngine.java:524)
	at org.apache.hadoop.ipc.RPC$Server.call(RPC.java:1025)
	at org.apache.hadoop.ipc.Server$RpcCall.run(Server.java:876)
	at org.apache.hadoop.ipc.Server$RpcCall.run(Server.java:822)
	at java.security.AccessController.doPrivileged(Native Method)
	at javax.security.auth.Subject.doAs(Subject.java:422)
	at org.apache.hadoop.security.UserGroupInformation.doAs(UserGroupInformation.java:1730)
	at org.apache.hadoop.ipc.Server$Handler.run(Server.java:2682)
, while invoking $Proxy37.submitRequest over nodeId=null,nodeAddress=localhost:42516 after 2 failover attempts. Trying to failover immediately.
2019-10-16 06:57:35,178 [IPC Server handler 14 on 42516] ERROR lock.LockManager (LockManager.java:getLockForReleasing(218)) - Trying to release the lock on /volume04511/bucket77741, which was never acquired.
2019-10-16 06:57:35,179 [IPC Server handler 14 on 42516] WARN  ipc.Server (Server.java:logException(2724)) - IPC Server handler 14 on 42516, call Call#80 Retry#3 org.apache.hadoop.ozone.om.protocol.OzoneManagerProtocol.submitRequest from 127.0.0.1:56010
java.lang.IllegalMonitorStateException: Releasing lock on resource /volume04511/bucket77741 without acquiring lock
	at org.apache.hadoop.ozone.lock.LockManager.getLockForReleasing(LockManager.java:220)
	at org.apache.hadoop.ozone.lock.LockManager.release(LockManager.java:168)
	at org.apache.hadoop.ozone.lock.LockManager.writeUnlock(LockManager.java:148)
	at org.apache.hadoop.ozone.om.lock.OzoneManagerLock.unlock(OzoneManagerLock.java:364)
	at org.apache.hadoop.ozone.om.lock.OzoneManagerLock.releaseWriteLock(OzoneManagerLock.java:329)
	at org.apache.hadoop.ozone.om.request.key.OMKeyCommitRequest.validateAndUpdateCache(OMKeyCommitRequest.java:177)
	at org.apache.hadoop.ozone.protocolPB.OzoneManagerProtocolServerSideTranslatorPB.submitRequestDirectlyToOM(OzoneManagerProtocolServerSideTranslatorPB.java:219)
	at org.apache.hadoop.ozone.protocolPB.OzoneManagerProtocolServerSideTranslatorPB.processRequest(OzoneManagerProtocolServerSideTranslatorPB.java:134)
	at org.apache.hadoop.hdds.server.OzoneProtocolMessageDispatcher.processRequest(OzoneProtocolMessageDispatcher.java:72)
	at org.apache.hadoop.ozone.protocolPB.OzoneManagerProtocolServerSideTranslatorPB.submitRequest(OzoneManagerProtocolServerSideTranslatorPB.java:100)
	at org.apache.hadoop.ozone.protocol.proto.OzoneManagerProtocolProtos$OzoneManagerService$2.callBlockingMethod(OzoneManagerProtocolProtos.java)
	at org.apache.hadoop.ipc.ProtobufRpcEngine$Server$ProtoBufRpcInvoker.call(ProtobufRpcEngine.java:524)
	at org.apache.hadoop.ipc.RPC$Server.call(RPC.java:1025)
	at org.apache.hadoop.ipc.Server$RpcCall.run(Server.java:876)
	at org.apache.hadoop.ipc.Server$RpcCall.run(Server.java:822)
	at java.security.AccessController.doPrivileged(Native Method)
	at javax.security.auth.Subject.doAs(Subject.java:422)
	at org.apache.hadoop.security.UserGroupInformation.doAs(UserGroupInformation.java:1730)
	at org.apache.hadoop.ipc.Server$Handler.run(Server.java:2682)
2019-10-16 06:57:35,181 [Thread-460] INFO  retry.RetryInvocationHandler (RetryInvocationHandler.java:log(411)) - com.google.protobuf.ServiceException: org.apache.hadoop.ipc.RemoteException(java.lang.IllegalMonitorStateException): Releasing lock on resource /volume04511/bucket77741 without acquiring lock
	at org.apache.hadoop.ozone.lock.LockManager.getLockForReleasing(LockManager.java:220)
	at org.apache.hadoop.ozone.lock.LockManager.release(LockManager.java:168)
	at org.apache.hadoop.ozone.lock.LockManager.writeUnlock(LockManager.java:148)
	at org.apache.hadoop.ozone.om.lock.OzoneManagerLock.unlock(OzoneManagerLock.java:364)
	at org.apache.hadoop.ozone.om.lock.OzoneManagerLock.releaseWriteLock(OzoneManagerLock.java:329)
	at org.apache.hadoop.ozone.om.request.key.OMKeyCommitRequest.validateAndUpdateCache(OMKeyCommitRequest.java:177)
	at org.apache.hadoop.ozone.protocolPB.OzoneManagerProtocolServerSideTranslatorPB.submitRequestDirectlyToOM(OzoneManagerProtocolServerSideTranslatorPB.java:219)
	at org.apache.hadoop.ozone.protocolPB.OzoneManagerProtocolServerSideTranslatorPB.processRequest(OzoneManagerProtocolServerSideTranslatorPB.java:134)
	at org.apache.hadoop.hdds.server.OzoneProtocolMessageDispatcher.processRequest(OzoneProtocolMessageDispatcher.java:72)
	at org.apache.hadoop.ozone.protocolPB.OzoneManagerProtocolServerSideTranslatorPB.submitRequest(OzoneManagerProtocolServerSideTranslatorPB.java:100)
	at org.apache.hadoop.ozone.protocol.proto.OzoneManagerProtocolProtos$OzoneManagerService$2.callBlockingMethod(OzoneManagerProtocolProtos.java)
	at org.apache.hadoop.ipc.ProtobufRpcEngine$Server$ProtoBufRpcInvoker.call(ProtobufRpcEngine.java:524)
	at org.apache.hadoop.ipc.RPC$Server.call(RPC.java:1025)
	at org.apache.hadoop.ipc.Server$RpcCall.run(Server.java:876)
	at org.apache.hadoop.ipc.Server$RpcCall.run(Server.java:822)
	at java.security.AccessController.doPrivileged(Native Method)
	at javax.security.auth.Subject.doAs(Subject.java:422)
	at org.apache.hadoop.security.UserGroupInformation.doAs(UserGroupInformation.java:1730)
	at org.apache.hadoop.ipc.Server$Handler.run(Server.java:2682)
, while invoking $Proxy37.submitRequest over nodeId=null,nodeAddress=localhost:42516 after 3 failover attempts. Trying to failover immediately.
2019-10-16 06:57:35,198 [IPC Server handler 15 on 42516] ERROR lock.LockManager (LockManager.java:getLockForReleasing(218)) - Trying to release the lock on /volume04511/bucket77741, which was never acquired.
2019-10-16 06:57:35,199 [IPC Server handler 15 on 42516] WARN  ipc.Server (Server.java:logException(2724)) - IPC Server handler 15 on 42516, call Call#80 Retry#4 org.apache.hadoop.ozone.om.protocol.OzoneManagerProtocol.submitRequest from 127.0.0.1:56010
java.lang.IllegalMonitorStateException: Releasing lock on resource /volume04511/bucket77741 without acquiring lock
	at org.apache.hadoop.ozone.lock.LockManager.getLockForReleasing(LockManager.java:220)
	at org.apache.hadoop.ozone.lock.LockManager.release(LockManager.java:168)
	at org.apache.hadoop.ozone.lock.LockManager.writeUnlock(LockManager.java:148)
	at org.apache.hadoop.ozone.om.lock.OzoneManagerLock.unlock(OzoneManagerLock.java:364)
	at org.apache.hadoop.ozone.om.lock.OzoneManagerLock.releaseWriteLock(OzoneManagerLock.java:329)
	at org.apache.hadoop.ozone.om.request.key.OMKeyCommitRequest.validateAndUpdateCache(OMKeyCommitRequest.java:177)
	at org.apache.hadoop.ozone.protocolPB.OzoneManagerProtocolServerSideTranslatorPB.submitRequestDirectlyToOM(OzoneManagerProtocolServerSideTranslatorPB.java:219)
	at org.apache.hadoop.ozone.protocolPB.OzoneManagerProtocolServerSideTranslatorPB.processRequest(OzoneManagerProtocolServerSideTranslatorPB.java:134)
	at org.apache.hadoop.hdds.server.OzoneProtocolMessageDispatcher.processRequest(OzoneProtocolMessageDispatcher.java:72)
	at org.apache.hadoop.ozone.protocolPB.OzoneManagerProtocolServerSideTranslatorPB.submitRequest(OzoneManagerProtocolServerSideTranslatorPB.java:100)
	at org.apache.hadoop.ozone.protocol.proto.OzoneManagerProtocolProtos$OzoneManagerService$2.callBlockingMethod(OzoneManagerProtocolProtos.java)
	at org.apache.hadoop.ipc.ProtobufRpcEngine$Server$ProtoBufRpcInvoker.call(ProtobufRpcEngine.java:524)
	at org.apache.hadoop.ipc.RPC$Server.call(RPC.java:1025)
	at org.apache.hadoop.ipc.Server$RpcCall.run(Server.java:876)
	at org.apache.hadoop.ipc.Server$RpcCall.run(Server.java:822)
	at java.security.AccessController.doPrivileged(Native Method)
	at javax.security.auth.Subject.doAs(Subject.java:422)
	at org.apache.hadoop.security.UserGroupInformation.doAs(UserGroupInformation.java:1730)
	at org.apache.hadoop.ipc.Server$Handler.run(Server.java:2682)
2019-10-16 06:57:35,201 [Thread-460] INFO  retry.RetryInvocationHandler (RetryInvocationHandler.java:log(411)) - com.google.protobuf.ServiceException: org.apache.hadoop.ipc.RemoteException(java.lang.IllegalMonitorStateException): Releasing lock on resource /volume04511/bucket77741 without acquiring lock
	at org.apache.hadoop.ozone.lock.LockManager.getLockForReleasing(LockManager.java:220)
	at org.apache.hadoop.ozone.lock.LockManager.release(LockManager.java:168)
	at org.apache.hadoop.ozone.lock.LockManager.writeUnlock(LockManager.java:148)
	at org.apache.hadoop.ozone.om.lock.OzoneManagerLock.unlock(OzoneManagerLock.java:364)
	at org.apache.hadoop.ozone.om.lock.OzoneManagerLock.releaseWriteLock(OzoneManagerLock.java:329)
	at org.apache.hadoop.ozone.om.request.key.OMKeyCommitRequest.validateAndUpdateCache(OMKeyCommitRequest.java:177)
	at org.apache.hadoop.ozone.protocolPB.OzoneManagerProtocolServerSideTranslatorPB.submitRequestDirectlyToOM(OzoneManagerProtocolServerSideTranslatorPB.java:219)
	at org.apache.hadoop.ozone.protocolPB.OzoneManagerProtocolServerSideTranslatorPB.processRequest(OzoneManagerProtocolServerSideTranslatorPB.java:134)
	at org.apache.hadoop.hdds.server.OzoneProtocolMessageDispatcher.processRequest(OzoneProtocolMessageDispatcher.java:72)
	at org.apache.hadoop.ozone.protocolPB.OzoneManagerProtocolServerSideTranslatorPB.submitRequest(OzoneManagerProtocolServerSideTranslatorPB.java:100)
	at org.apache.hadoop.ozone.protocol.proto.OzoneManagerProtocolProtos$OzoneManagerService$2.callBlockingMethod(OzoneManagerProtocolProtos.java)
	at org.apache.hadoop.ipc.ProtobufRpcEngine$Server$ProtoBufRpcInvoker.call(ProtobufRpcEngine.java:524)
	at org.apache.hadoop.ipc.RPC$Server.call(RPC.java:1025)
	at org.apache.hadoop.ipc.Server$RpcCall.run(Server.java:876)
	at org.apache.hadoop.ipc.Server$RpcCall.run(Server.java:822)
	at java.security.AccessController.doPrivileged(Native Method)
	at javax.security.auth.Subject.doAs(Subject.java:422)
	at org.apache.hadoop.security.UserGroupInformation.doAs(UserGroupInformation.java:1730)
	at org.apache.hadoop.ipc.Server$Handler.run(Server.java:2682)
, while invoking $Proxy37.submitRequest over nodeId=null,nodeAddress=localhost:42516 after 4 failover attempts. Trying to failover immediately.
2019-10-16 06:57:35,204 [IPC Server handler 16 on 42516] ERROR lock.LockManager (LockManager.java:getLockForReleasing(218)) - Trying to release the lock on /volume04511/bucket77741, which was never acquired.
2019-10-16 06:57:35,204 [IPC Server handler 16 on 42516] WARN  ipc.Server (Server.java:logException(2724)) - IPC Server handler 16 on 42516, call Call#80 Retry#5 org.apache.hadoop.ozone.om.protocol.OzoneManagerProtocol.submitRequest from 127.0.0.1:56010
java.lang.IllegalMonitorStateException: Releasing lock on resource /volume04511/bucket77741 without acquiring lock
	at org.apache.hadoop.ozone.lock.LockManager.getLockForReleasing(LockManager.java:220)
	at org.apache.hadoop.ozone.lock.LockManager.release(LockManager.java:168)
	at org.apache.hadoop.ozone.lock.LockManager.writeUnlock(LockManager.java:148)
	at org.apache.hadoop.ozone.om.lock.OzoneManagerLock.unlock(OzoneManagerLock.java:364)
	at org.apache.hadoop.ozone.om.lock.OzoneManagerLock.releaseWriteLock(OzoneManagerLock.java:329)
	at org.apache.hadoop.ozone.om.request.key.OMKeyCommitRequest.validateAndUpdateCache(OMKeyCommitRequest.java:177)
	at org.apache.hadoop.ozone.protocolPB.OzoneManagerProtocolServerSideTranslatorPB.submitRequestDirectlyToOM(OzoneManagerProtocolServerSideTranslatorPB.java:219)
	at org.apache.hadoop.ozone.protocolPB.OzoneManagerProtocolServerSideTranslatorPB.processRequest(OzoneManagerProtocolServerSideTranslatorPB.java:134)
	at org.apache.hadoop.hdds.server.OzoneProtocolMessageDispatcher.processRequest(OzoneProtocolMessageDispatcher.java:72)
	at org.apache.hadoop.ozone.protocolPB.OzoneManagerProtocolServerSideTranslatorPB.submitRequest(OzoneManagerProtocolServerSideTranslatorPB.java:100)
	at org.apache.hadoop.ozone.protocol.proto.OzoneManagerProtocolProtos$OzoneManagerService$2.callBlockingMethod(OzoneManagerProtocolProtos.java)
	at org.apache.hadoop.ipc.ProtobufRpcEngine$Server$ProtoBufRpcInvoker.call(ProtobufRpcEngine.java:524)
	at org.apache.hadoop.ipc.RPC$Server.call(RPC.java:1025)
	at org.apache.hadoop.ipc.Server$RpcCall.run(Server.java:876)
	at org.apache.hadoop.ipc.Server$RpcCall.run(Server.java:822)
	at java.security.AccessController.doPrivileged(Native Method)
	at javax.security.auth.Subject.doAs(Subject.java:422)
	at org.apache.hadoop.security.UserGroupInformation.doAs(UserGroupInformation.java:1730)
	at org.apache.hadoop.ipc.Server$Handler.run(Server.java:2682)
2019-10-16 06:57:35,206 [Thread-460] INFO  retry.RetryInvocationHandler (RetryInvocationHandler.java:log(411)) - com.google.protobuf.ServiceException: org.apache.hadoop.ipc.RemoteException(java.lang.IllegalMonitorStateException): Releasing lock on resource /volume04511/bucket77741 without acquiring lock
	at org.apache.hadoop.ozone.lock.LockManager.getLockForReleasing(LockManager.java:220)
	at org.apache.hadoop.ozone.lock.LockManager.release(LockManager.java:168)
	at org.apache.hadoop.ozone.lock.LockManager.writeUnlock(LockManager.java:148)
	at org.apache.hadoop.ozone.om.lock.OzoneManagerLock.unlock(OzoneManagerLock.java:364)
	at org.apache.hadoop.ozone.om.lock.OzoneManagerLock.releaseWriteLock(OzoneManagerLock.java:329)
	at org.apache.hadoop.ozone.om.request.key.OMKeyCommitRequest.validateAndUpdateCache(OMKeyCommitRequest.java:177)
	at org.apache.hadoop.ozone.protocolPB.OzoneManagerProtocolServerSideTranslatorPB.submitRequestDirectlyToOM(OzoneManagerProtocolServerSideTranslatorPB.java:219)
	at org.apache.hadoop.ozone.protocolPB.OzoneManagerProtocolServerSideTranslatorPB.processRequest(OzoneManagerProtocolServerSideTranslatorPB.java:134)
	at org.apache.hadoop.hdds.server.OzoneProtocolMessageDispatcher.processRequest(OzoneProtocolMessageDispatcher.java:72)
	at org.apache.hadoop.ozone.protocolPB.OzoneManagerProtocolServerSideTranslatorPB.submitRequest(OzoneManagerProtocolServerSideTranslatorPB.java:100)
	at org.apache.hadoop.ozone.protocol.proto.OzoneManagerProtocolProtos$OzoneManagerService$2.callBlockingMethod(OzoneManagerProtocolProtos.java)
	at org.apache.hadoop.ipc.ProtobufRpcEngine$Server$ProtoBufRpcInvoker.call(ProtobufRpcEngine.java:524)
	at org.apache.hadoop.ipc.RPC$Server.call(RPC.java:1025)
	at org.apache.hadoop.ipc.Server$RpcCall.run(Server.java:876)
	at org.apache.hadoop.ipc.Server$RpcCall.run(Server.java:822)
	at java.security.AccessController.doPrivileged(Native Method)
	at javax.security.auth.Subject.doAs(Subject.java:422)
	at org.apache.hadoop.security.UserGroupInformation.doAs(UserGroupInformation.java:1730)
	at org.apache.hadoop.ipc.Server$Handler.run(Server.java:2682)
, while invoking $Proxy37.submitRequest over nodeId=null,nodeAddress=localhost:42516 after 5 failover attempts. Trying to failover immediately.
2019-10-16 06:57:35,209 [IPC Server handler 17 on 42516] ERROR lock.LockManager (LockManager.java:getLockForReleasing(218)) - Trying to release the lock on /volume04511/bucket77741, which was never acquired.
2019-10-16 06:57:35,209 [IPC Server handler 17 on 42516] WARN  ipc.Server (Server.java:logException(2724)) - IPC Server handler 17 on 42516, call Call#80 Retry#6 org.apache.hadoop.ozone.om.protocol.OzoneManagerProtocol.submitRequest from 127.0.0.1:56010
java.lang.IllegalMonitorStateException: Releasing lock on resource /volume04511/bucket77741 without acquiring lock
	at org.apache.hadoop.ozone.lock.LockManager.getLockForReleasing(LockManager.java:220)
	at org.apache.hadoop.ozone.lock.LockManager.release(LockManager.java:168)
	at org.apache.hadoop.ozone.lock.LockManager.writeUnlock(LockManager.java:148)
	at org.apache.hadoop.ozone.om.lock.OzoneManagerLock.unlock(OzoneManagerLock.java:364)
	at org.apache.hadoop.ozone.om.lock.OzoneManagerLock.releaseWriteLock(OzoneManagerLock.java:329)
	at org.apache.hadoop.ozone.om.request.key.OMKeyCommitRequest.validateAndUpdateCache(OMKeyCommitRequest.java:177)
	at org.apache.hadoop.ozone.protocolPB.OzoneManagerProtocolServerSideTranslatorPB.submitRequestDirectlyToOM(OzoneManagerProtocolServerSideTranslatorPB.java:219)
	at org.apache.hadoop.ozone.protocolPB.OzoneManagerProtocolServerSideTranslatorPB.processRequest(OzoneManagerProtocolServerSideTranslatorPB.java:134)
	at org.apache.hadoop.hdds.server.OzoneProtocolMessageDispatcher.processRequest(OzoneProtocolMessageDispatcher.java:72)
	at org.apache.hadoop.ozone.protocolPB.OzoneManagerProtocolServerSideTranslatorPB.submitRequest(OzoneManagerProtocolServerSideTranslatorPB.java:100)
	at org.apache.hadoop.ozone.protocol.proto.OzoneManagerProtocolProtos$OzoneManagerService$2.callBlockingMethod(OzoneManagerProtocolProtos.java)
	at org.apache.hadoop.ipc.ProtobufRpcEngine$Server$ProtoBufRpcInvoker.call(ProtobufRpcEngine.java:524)
	at org.apache.hadoop.ipc.RPC$Server.call(RPC.java:1025)
	at org.apache.hadoop.ipc.Server$RpcCall.run(Server.java:876)
	at org.apache.hadoop.ipc.Server$RpcCall.run(Server.java:822)
	at java.security.AccessController.doPrivileged(Native Method)
	at javax.security.auth.Subject.doAs(Subject.java:422)
	at org.apache.hadoop.security.UserGroupInformation.doAs(UserGroupInformation.java:1730)
	at org.apache.hadoop.ipc.Server$Handler.run(Server.java:2682)
2019-10-16 06:57:35,211 [Thread-460] INFO  retry.RetryInvocationHandler (RetryInvocationHandler.java:log(411)) - com.google.protobuf.ServiceException: org.apache.hadoop.ipc.RemoteException(java.lang.IllegalMonitorStateException): Releasing lock on resource /volume04511/bucket77741 without acquiring lock
	at org.apache.hadoop.ozone.lock.LockManager.getLockForReleasing(LockManager.java:220)
	at org.apache.hadoop.ozone.lock.LockManager.release(LockManager.java:168)
	at org.apache.hadoop.ozone.lock.LockManager.writeUnlock(LockManager.java:148)
	at org.apache.hadoop.ozone.om.lock.OzoneManagerLock.unlock(OzoneManagerLock.java:364)
	at org.apache.hadoop.ozone.om.lock.OzoneManagerLock.releaseWriteLock(OzoneManagerLock.java:329)
	at org.apache.hadoop.ozone.om.request.key.OMKeyCommitRequest.validateAndUpdateCache(OMKeyCommitRequest.java:177)
	at org.apache.hadoop.ozone.protocolPB.OzoneManagerProtocolServerSideTranslatorPB.submitRequestDirectlyToOM(OzoneManagerProtocolServerSideTranslatorPB.java:219)
	at org.apache.hadoop.ozone.protocolPB.OzoneManagerProtocolServerSideTranslatorPB.processRequest(OzoneManagerProtocolServerSideTranslatorPB.java:134)
	at org.apache.hadoop.hdds.server.OzoneProtocolMessageDispatcher.processRequest(OzoneProtocolMessageDispatcher.java:72)
	at org.apache.hadoop.ozone.protocolPB.OzoneManagerProtocolServerSideTranslatorPB.submitRequest(OzoneManagerProtocolServerSideTranslatorPB.java:100)
	at org.apache.hadoop.ozone.protocol.proto.OzoneManagerProtocolProtos$OzoneManagerService$2.callBlockingMethod(OzoneManagerProtocolProtos.java)
	at org.apache.hadoop.ipc.ProtobufRpcEngine$Server$ProtoBufRpcInvoker.call(ProtobufRpcEngine.java:524)
	at org.apache.hadoop.ipc.RPC$Server.call(RPC.java:1025)
	at org.apache.hadoop.ipc.Server$RpcCall.run(Server.java:876)
	at org.apache.hadoop.ipc.Server$RpcCall.run(Server.java:822)
	at java.security.AccessController.doPrivileged(Native Method)
	at javax.security.auth.Subject.doAs(Subject.java:422)
	at org.apache.hadoop.security.UserGroupInformation.doAs(UserGroupInformation.java:1730)
	at org.apache.hadoop.ipc.Server$Handler.run(Server.java:2682)
, while invoking $Proxy37.submitRequest over nodeId=null,nodeAddress=localhost:42516 after 6 failover attempts. Trying to failover immediately.
2019-10-16 06:57:35,214 [IPC Server handler 18 on 42516] ERROR lock.LockManager (LockManager.java:getLockForReleasing(218)) - Trying to release the lock on /volume04511/bucket77741, which was never acquired.
2019-10-16 06:57:35,214 [IPC Server handler 18 on 42516] WARN  ipc.Server (Server.java:logException(2724)) - IPC Server handler 18 on 42516, call Call#80 Retry#7 org.apache.hadoop.ozone.om.protocol.OzoneManagerProtocol.submitRequest from 127.0.0.1:56010
java.lang.IllegalMonitorStateException: Releasing lock on resource /volume04511/bucket77741 without acquiring lock
	at org.apache.hadoop.ozone.lock.LockManager.getLockForReleasing(LockManager.java:220)
	at org.apache.hadoop.ozone.lock.LockManager.release(LockManager.java:168)
	at org.apache.hadoop.ozone.lock.LockManager.writeUnlock(LockManager.java:148)
	at org.apache.hadoop.ozone.om.lock.OzoneManagerLock.unlock(OzoneManagerLock.java:364)
	at org.apache.hadoop.ozone.om.lock.OzoneManagerLock.releaseWriteLock(OzoneManagerLock.java:329)
	at org.apache.hadoop.ozone.om.request.key.OMKeyCommitRequest.validateAndUpdateCache(OMKeyCommitRequest.java:177)
	at org.apache.hadoop.ozone.protocolPB.OzoneManagerProtocolServerSideTranslatorPB.submitRequestDirectlyToOM(OzoneManagerProtocolServerSideTranslatorPB.java:219)
	at org.apache.hadoop.ozone.protocolPB.OzoneManagerProtocolServerSideTranslatorPB.processRequest(OzoneManagerProtocolServerSideTranslatorPB.java:134)
	at org.apache.hadoop.hdds.server.OzoneProtocolMessageDispatcher.processRequest(OzoneProtocolMessageDispatcher.java:72)
	at org.apache.hadoop.ozone.protocolPB.OzoneManagerProtocolServerSideTranslatorPB.submitRequest(OzoneManagerProtocolServerSideTranslatorPB.java:100)
	at org.apache.hadoop.ozone.protocol.proto.OzoneManagerProtocolProtos$OzoneManagerService$2.callBlockingMethod(OzoneManagerProtocolProtos.java)
	at org.apache.hadoop.ipc.ProtobufRpcEngine$Server$ProtoBufRpcInvoker.call(ProtobufRpcEngine.java:524)
	at org.apache.hadoop.ipc.RPC$Server.call(RPC.java:1025)
	at org.apache.hadoop.ipc.Server$RpcCall.run(Server.java:876)
	at org.apache.hadoop.ipc.Server$RpcCall.run(Server.java:822)
	at java.security.AccessController.doPrivileged(Native Method)
	at javax.security.auth.Subject.doAs(Subject.java:422)
	at org.apache.hadoop.security.UserGroupInformation.doAs(UserGroupInformation.java:1730)
	at org.apache.hadoop.ipc.Server$Handler.run(Server.java:2682)
2019-10-16 06:57:35,216 [Thread-460] INFO  retry.RetryInvocationHandler (RetryInvocationHandler.java:log(411)) - com.google.protobuf.ServiceException: org.apache.hadoop.ipc.RemoteException(java.lang.IllegalMonitorStateException): Releasing lock on resource /volume04511/bucket77741 without acquiring lock
	at org.apache.hadoop.ozone.lock.LockManager.getLockForReleasing(LockManager.java:220)
	at org.apache.hadoop.ozone.lock.LockManager.release(LockManager.java:168)
	at org.apache.hadoop.ozone.lock.LockManager.writeUnlock(LockManager.java:148)
	at org.apache.hadoop.ozone.om.lock.OzoneManagerLock.unlock(OzoneManagerLock.java:364)
	at org.apache.hadoop.ozone.om.lock.OzoneManagerLock.releaseWriteLock(OzoneManagerLock.java:329)
	at org.apache.hadoop.ozone.om.request.key.OMKeyCommitRequest.validateAndUpdateCache(OMKeyCommitRequest.java:177)
	at org.apache.hadoop.ozone.protocolPB.OzoneManagerProtocolServerSideTranslatorPB.submitRequestDirectlyToOM(OzoneManagerProtocolServerSideTranslatorPB.java:219)
	at org.apache.hadoop.ozone.protocolPB.OzoneManagerProtocolServerSideTranslatorPB.processRequest(OzoneManagerProtocolServerSideTranslatorPB.java:134)
	at org.apache.hadoop.hdds.server.OzoneProtocolMessageDispatcher.processRequest(OzoneProtocolMessageDispatcher.java:72)
	at org.apache.hadoop.ozone.protocolPB.OzoneManagerProtocolServerSideTranslatorPB.submitRequest(OzoneManagerProtocolServerSideTranslatorPB.java:100)
	at org.apache.hadoop.ozone.protocol.proto.OzoneManagerProtocolProtos$OzoneManagerService$2.callBlockingMethod(OzoneManagerProtocolProtos.java)
	at org.apache.hadoop.ipc.ProtobufRpcEngine$Server$ProtoBufRpcInvoker.call(ProtobufRpcEngine.java:524)
	at org.apache.hadoop.ipc.RPC$Server.call(RPC.java:1025)
	at org.apache.hadoop.ipc.Server$RpcCall.run(Server.java:876)
	at org.apache.hadoop.ipc.Server$RpcCall.run(Server.java:822)
	at java.security.AccessController.doPrivileged(Native Method)
	at javax.security.auth.Subject.doAs(Subject.java:422)
	at org.apache.hadoop.security.UserGroupInformation.doAs(UserGroupInformation.java:1730)
	at org.apache.hadoop.ipc.Server$Handler.run(Server.java:2682)
, while invoking $Proxy37.submitRequest over nodeId=null,nodeAddress=localhost:42516 after 7 failover attempts. Trying to failover immediately.
2019-10-16 06:57:35,222 [IPC Server handler 19 on 42516] ERROR lock.LockManager (LockManager.java:getLockForReleasing(218)) - Trying to release the lock on /volume04511/bucket77741, which was never acquired.
2019-10-16 06:57:35,223 [IPC Server handler 19 on 42516] WARN  ipc.Server (Server.java:logException(2724)) - IPC Server handler 19 on 42516, call Call#80 Retry#8 org.apache.hadoop.ozone.om.protocol.OzoneManagerProtocol.submitRequest from 127.0.0.1:56010
java.lang.IllegalMonitorStateException: Releasing lock on resource /volume04511/bucket77741 without acquiring lock
	at org.apache.hadoop.ozone.lock.LockManager.getLockForReleasing(LockManager.java:220)
	at org.apache.hadoop.ozone.lock.LockManager.release(LockManager.java:168)
	at org.apache.hadoop.ozone.lock.LockManager.writeUnlock(LockManager.java:148)
	at org.apache.hadoop.ozone.om.lock.OzoneManagerLock.unlock(OzoneManagerLock.java:364)
	at org.apache.hadoop.ozone.om.lock.OzoneManagerLock.releaseWriteLock(OzoneManagerLock.java:329)
	at org.apache.hadoop.ozone.om.request.key.OMKeyCommitRequest.validateAndUpdateCache(OMKeyCommitRequest.java:177)
	at org.apache.hadoop.ozone.protocolPB.OzoneManagerProtocolServerSideTranslatorPB.submitRequestDirectlyToOM(OzoneManagerProtocolServerSideTranslatorPB.java:219)
	at org.apache.hadoop.ozone.protocolPB.OzoneManagerProtocolServerSideTranslatorPB.processRequest(OzoneManagerProtocolServerSideTranslatorPB.java:134)
	at org.apache.hadoop.hdds.server.OzoneProtocolMessageDispatcher.processRequest(OzoneProtocolMessageDispatcher.java:72)
	at org.apache.hadoop.ozone.protocolPB.OzoneManagerProtocolServerSideTranslatorPB.submitRequest(OzoneManagerProtocolServerSideTranslatorPB.java:100)
	at org.apache.hadoop.ozone.protocol.proto.OzoneManagerProtocolProtos$OzoneManagerService$2.callBlockingMethod(OzoneManagerProtocolProtos.java)
	at org.apache.hadoop.ipc.ProtobufRpcEngine$Server$ProtoBufRpcInvoker.call(ProtobufRpcEngine.java:524)
	at org.apache.hadoop.ipc.RPC$Server.call(RPC.java:1025)
	at org.apache.hadoop.ipc.Server$RpcCall.run(Server.java:876)
	at org.apache.hadoop.ipc.Server$RpcCall.run(Server.java:822)
	at java.security.AccessController.doPrivileged(Native Method)
	at javax.security.auth.Subject.doAs(Subject.java:422)
	at org.apache.hadoop.security.UserGroupInformation.doAs(UserGroupInformation.java:1730)
	at org.apache.hadoop.ipc.Server$Handler.run(Server.java:2682)
2019-10-16 06:57:35,225 [Thread-460] INFO  retry.RetryInvocationHandler (RetryInvocationHandler.java:log(411)) - com.google.protobuf.ServiceException: org.apache.hadoop.ipc.RemoteException(java.lang.IllegalMonitorStateException): Releasing lock on resource /volume04511/bucket77741 without acquiring lock
	at org.apache.hadoop.ozone.lock.LockManager.getLockForReleasing(LockManager.java:220)
	at org.apache.hadoop.ozone.lock.LockManager.release(LockManager.java:168)
	at org.apache.hadoop.ozone.lock.LockManager.writeUnlock(LockManager.java:148)
	at org.apache.hadoop.ozone.om.lock.OzoneManagerLock.unlock(OzoneManagerLock.java:364)
	at org.apache.hadoop.ozone.om.lock.OzoneManagerLock.releaseWriteLock(OzoneManagerLock.java:329)
	at org.apache.hadoop.ozone.om.request.key.OMKeyCommitRequest.validateAndUpdateCache(OMKeyCommitRequest.java:177)
	at org.apache.hadoop.ozone.protocolPB.OzoneManagerProtocolServerSideTranslatorPB.submitRequestDirectlyToOM(OzoneManagerProtocolServerSideTranslatorPB.java:219)
	at org.apache.hadoop.ozone.protocolPB.OzoneManagerProtocolServerSideTranslatorPB.processRequest(OzoneManagerProtocolServerSideTranslatorPB.java:134)
	at org.apache.hadoop.hdds.server.OzoneProtocolMessageDispatcher.processRequest(OzoneProtocolMessageDispatcher.java:72)
	at org.apache.hadoop.ozone.protocolPB.OzoneManagerProtocolServerSideTranslatorPB.submitRequest(OzoneManagerProtocolServerSideTranslatorPB.java:100)
	at org.apache.hadoop.ozone.protocol.proto.OzoneManagerProtocolProtos$OzoneManagerService$2.callBlockingMethod(OzoneManagerProtocolProtos.java)
	at org.apache.hadoop.ipc.ProtobufRpcEngine$Server$ProtoBufRpcInvoker.call(ProtobufRpcEngine.java:524)
	at org.apache.hadoop.ipc.RPC$Server.call(RPC.java:1025)
	at org.apache.hadoop.ipc.Server$RpcCall.run(Server.java:876)
	at org.apache.hadoop.ipc.Server$RpcCall.run(Server.java:822)
	at java.security.AccessController.doPrivileged(Native Method)
	at javax.security.auth.Subject.doAs(Subject.java:422)
	at org.apache.hadoop.security.UserGroupInformation.doAs(UserGroupInformation.java:1730)
	at org.apache.hadoop.ipc.Server$Handler.run(Server.java:2682)
, while invoking $Proxy37.submitRequest over nodeId=null,nodeAddress=localhost:42516 after 8 failover attempts. Trying to failover immediately.
2019-10-16 06:57:35,227 [IPC Server handler 2 on 42516] ERROR lock.LockManager (LockManager.java:getLockForReleasing(218)) - Trying to release the lock on /volume04511/bucket77741, which was never acquired.
2019-10-16 06:57:35,227 [IPC Server handler 2 on 42516] WARN  ipc.Server (Server.java:logException(2724)) - IPC Server handler 2 on 42516, call Call#80 Retry#9 org.apache.hadoop.ozone.om.protocol.OzoneManagerProtocol.submitRequest from 127.0.0.1:56010
java.lang.IllegalMonitorStateException: Releasing lock on resource /volume04511/bucket77741 without acquiring lock
	at org.apache.hadoop.ozone.lock.LockManager.getLockForReleasing(LockManager.java:220)
	at org.apache.hadoop.ozone.lock.LockManager.release(LockManager.java:168)
	at org.apache.hadoop.ozone.lock.LockManager.writeUnlock(LockManager.java:148)
	at org.apache.hadoop.ozone.om.lock.OzoneManagerLock.unlock(OzoneManagerLock.java:364)
	at org.apache.hadoop.ozone.om.lock.OzoneManagerLock.releaseWriteLock(OzoneManagerLock.java:329)
	at org.apache.hadoop.ozone.om.request.key.OMKeyCommitRequest.validateAndUpdateCache(OMKeyCommitRequest.java:177)
	at org.apache.hadoop.ozone.protocolPB.OzoneManagerProtocolServerSideTranslatorPB.submitRequestDirectlyToOM(OzoneManagerProtocolServerSideTranslatorPB.java:219)
	at org.apache.hadoop.ozone.protocolPB.OzoneManagerProtocolServerSideTranslatorPB.processRequest(OzoneManagerProtocolServerSideTranslatorPB.java:134)
	at org.apache.hadoop.hdds.server.OzoneProtocolMessageDispatcher.processRequest(OzoneProtocolMessageDispatcher.java:72)
	at org.apache.hadoop.ozone.protocolPB.OzoneManagerProtocolServerSideTranslatorPB.submitRequest(OzoneManagerProtocolServerSideTranslatorPB.java:100)
	at org.apache.hadoop.ozone.protocol.proto.OzoneManagerProtocolProtos$OzoneManagerService$2.callBlockingMethod(OzoneManagerProtocolProtos.java)
	at org.apache.hadoop.ipc.ProtobufRpcEngine$Server$ProtoBufRpcInvoker.call(ProtobufRpcEngine.java:524)
	at org.apache.hadoop.ipc.RPC$Server.call(RPC.java:1025)
	at org.apache.hadoop.ipc.Server$RpcCall.run(Server.java:876)
	at org.apache.hadoop.ipc.Server$RpcCall.run(Server.java:822)
	at java.security.AccessController.doPrivileged(Native Method)
	at javax.security.auth.Subject.doAs(Subject.java:422)
	at org.apache.hadoop.security.UserGroupInformation.doAs(UserGroupInformation.java:1730)
	at org.apache.hadoop.ipc.Server$Handler.run(Server.java:2682)
2019-10-16 06:57:35,229 [Thread-460] INFO  retry.RetryInvocationHandler (RetryInvocationHandler.java:log(411)) - com.google.protobuf.ServiceException: org.apache.hadoop.ipc.RemoteException(java.lang.IllegalMonitorStateException): Releasing lock on resource /volume04511/bucket77741 without acquiring lock
	at org.apache.hadoop.ozone.lock.LockManager.getLockForReleasing(LockManager.java:220)
	at org.apache.hadoop.ozone.lock.LockManager.release(LockManager.java:168)
	at org.apache.hadoop.ozone.lock.LockManager.writeUnlock(LockManager.java:148)
	at org.apache.hadoop.ozone.om.lock.OzoneManagerLock.unlock(OzoneManagerLock.java:364)
	at org.apache.hadoop.ozone.om.lock.OzoneManagerLock.releaseWriteLock(OzoneManagerLock.java:329)
	at org.apache.hadoop.ozone.om.request.key.OMKeyCommitRequest.validateAndUpdateCache(OMKeyCommitRequest.java:177)
	at org.apache.hadoop.ozone.protocolPB.OzoneManagerProtocolServerSideTranslatorPB.submitRequestDirectlyToOM(OzoneManagerProtocolServerSideTranslatorPB.java:219)
	at org.apache.hadoop.ozone.protocolPB.OzoneManagerProtocolServerSideTranslatorPB.processRequest(OzoneManagerProtocolServerSideTranslatorPB.java:134)
	at org.apache.hadoop.hdds.server.OzoneProtocolMessageDispatcher.processRequest(OzoneProtocolMessageDispatcher.java:72)
	at org.apache.hadoop.ozone.protocolPB.OzoneManagerProtocolServerSideTranslatorPB.submitRequest(OzoneManagerProtocolServerSideTranslatorPB.java:100)
	at org.apache.hadoop.ozone.protocol.proto.OzoneManagerProtocolProtos$OzoneManagerService$2.callBlockingMethod(OzoneManagerProtocolProtos.java)
	at org.apache.hadoop.ipc.ProtobufRpcEngine$Server$ProtoBufRpcInvoker.call(ProtobufRpcEngine.java:524)
	at org.apache.hadoop.ipc.RPC$Server.call(RPC.java:1025)
	at org.apache.hadoop.ipc.Server$RpcCall.run(Server.java:876)
	at org.apache.hadoop.ipc.Server$RpcCall.run(Server.java:822)
	at java.security.AccessController.doPrivileged(Native Method)
	at javax.security.auth.Subject.doAs(Subject.java:422)
	at org.apache.hadoop.security.UserGroupInformation.doAs(UserGroupInformation.java:1730)
	at org.apache.hadoop.ipc.Server$Handler.run(Server.java:2682)
, while invoking $Proxy37.submitRequest over nodeId=null,nodeAddress=localhost:42516 after 9 failover attempts. Trying to failover immediately.
2019-10-16 06:57:35,234 [IPC Server handler 3 on 42516] ERROR lock.LockManager (LockManager.java:getLockForReleasing(218)) - Trying to release the lock on /volume04511/bucket77741, which was never acquired.
2019-10-16 06:57:35,235 [IPC Server handler 3 on 42516] WARN  ipc.Server (Server.java:logException(2724)) - IPC Server handler 3 on 42516, call Call#80 Retry#10 org.apache.hadoop.ozone.om.protocol.OzoneManagerProtocol.submitRequest from 127.0.0.1:56010
java.lang.IllegalMonitorStateException: Releasing lock on resource /volume04511/bucket77741 without acquiring lock
	at org.apache.hadoop.ozone.lock.LockManager.getLockForReleasing(LockManager.java:220)
	at org.apache.hadoop.ozone.lock.LockManager.release(LockManager.java:168)
	at org.apache.hadoop.ozone.lock.LockManager.writeUnlock(LockManager.java:148)
	at org.apache.hadoop.ozone.om.lock.OzoneManagerLock.unlock(OzoneManagerLock.java:364)
	at org.apache.hadoop.ozone.om.lock.OzoneManagerLock.releaseWriteLock(OzoneManagerLock.java:329)
	at org.apache.hadoop.ozone.om.request.key.OMKeyCommitRequest.validateAndUpdateCache(OMKeyCommitRequest.java:177)
	at org.apache.hadoop.ozone.protocolPB.OzoneManagerProtocolServerSideTranslatorPB.submitRequestDirectlyToOM(OzoneManagerProtocolServerSideTranslatorPB.java:219)
	at org.apache.hadoop.ozone.protocolPB.OzoneManagerProtocolServerSideTranslatorPB.processRequest(OzoneManagerProtocolServerSideTranslatorPB.java:134)
	at org.apache.hadoop.hdds.server.OzoneProtocolMessageDispatcher.processRequest(OzoneProtocolMessageDispatcher.java:72)
	at org.apache.hadoop.ozone.protocolPB.OzoneManagerProtocolServerSideTranslatorPB.submitRequest(OzoneManagerProtocolServerSideTranslatorPB.java:100)
	at org.apache.hadoop.ozone.protocol.proto.OzoneManagerProtocolProtos$OzoneManagerService$2.callBlockingMethod(OzoneManagerProtocolProtos.java)
	at org.apache.hadoop.ipc.ProtobufRpcEngine$Server$ProtoBufRpcInvoker.call(ProtobufRpcEngine.java:524)
	at org.apache.hadoop.ipc.RPC$Server.call(RPC.java:1025)
	at org.apache.hadoop.ipc.Server$RpcCall.run(Server.java:876)
	at org.apache.hadoop.ipc.Server$RpcCall.run(Server.java:822)
	at java.security.AccessController.doPrivileged(Native Method)
	at javax.security.auth.Subject.doAs(Subject.java:422)
	at org.apache.hadoop.security.UserGroupInformation.doAs(UserGroupInformation.java:1730)
	at org.apache.hadoop.ipc.Server$Handler.run(Server.java:2682)
2019-10-16 06:57:35,236 [Thread-460] ERROR ha.OMFailoverProxyProvider (OzoneManagerProtocolClientSideTranslatorPB.java:getRetryAction(268)) - Failed to connect to OM. Attempted 10 retries and 10 failovers
2019-10-16 06:57:35,238 [Thread-460] INFO  ozone.MiniOzoneClusterImpl (MiniOzoneClusterImpl.java:shutdown(314)) - Shutting down the Mini Ozone Cluster
2019-10-16 06:57:35,238 [Thread-460] INFO  ozone.MiniOzoneClusterImpl (MiniOzoneClusterImpl.java:stop(330)) - Stopping the Mini Ozone Cluster
2019-10-16 06:57:35,238 [Thread-460] INFO  ozone.MiniOzoneClusterImpl (MiniOzoneClusterImpl.java:stopOM(400)) - Stopping the OzoneManager
2019-10-16 06:57:35,238 [Thread-460] INFO  ipc.Server (Server.java:stop(3082)) - Stopping server on 42516
2019-10-16 06:57:35,240 [IPC Server listener on 42516] INFO  ipc.Server (Server.java:run(1185)) - Stopping IPC Server listener on 42516
2019-10-16 06:57:35,240 [Thread-460] INFO  ratis.OzoneManagerDoubleBuffer (OzoneManagerDoubleBuffer.java:stop(250)) - Stopping OMDoubleBuffer flush thread
2019-10-16 06:57:35,241 [IPC Server Responder] INFO  ipc.Server (Server.java:run(1319)) - Stopping IPC Server Responder
2019-10-16 06:57:35,241 [OMDoubleBufferFlushThread] INFO  ratis.OzoneManagerDoubleBuffer (OzoneManagerDoubleBuffer.java:flushTransactions(193)) - OMDoubleBuffer flush thread OMDoubleBufferFlushThread is interrupted and will exit. OMDoubleBufferFlushThread
2019-10-16 06:57:35,243 [Thread-460] INFO  utils.BackgroundService (BackgroundService.java:shutdown(151)) - Shutting down service KeyDeletingService
2019-10-16 06:57:35,244 [Thread-460] INFO  handler.ContextHandler (ContextHandler.java:doStop(910)) - Stopped o.e.j.w.WebAppContext@ac2fecd{/,null,UNAVAILABLE}{/ozoneManager}
2019-10-16 06:57:35,244 [Thread-460] INFO  server.AbstractConnector (AbstractConnector.java:doStop(318)) - Stopped ServerConnector@4c03774f{HTTP/1.1,[http/1.1]}{0.0.0.0:0}
2019-10-16 06:57:35,245 [Thread-460] INFO  handler.ContextHandler (ContextHandler.java:doStop(910)) - Stopped o.e.j.s.ServletContextHandler@53231f30{/static,jar:file:/home/user/.m2/repository/org/apache/hadoop/hadoop-ozone-ozone-manager/0.5.0-SNAPSHOT/hadoop-ozone-ozone-manager-0.5.0-SNAPSHOT.jar!/webapps/static,UNAVAILABLE}
2019-10-16 06:57:35,245 [Thread-460] INFO  handler.ContextHandler (ContextHandler.java:doStop(910)) - Stopped o.e.j.s.ServletContextHandler@106b5df5{/logs,file:///workdir/hadoop-ozone/ozonefs/target/log,UNAVAILABLE}
2019-10-16 06:57:35,246 [Thread-460] INFO  ozone.MiniOzoneClusterImpl (MiniOzoneClusterImpl.java:stopDatanodes(377)) - Stopping the HddsDatanodes
2019-10-16 06:57:35,799 [Datanode State Machine Thread - 0] INFO  statemachine.DatanodeStateMachine (DatanodeStateMachine.java:lambda$startDaemon$0(350)) - Ozone container server started.
2019-10-16 06:57:35,876 [Datanode State Machine Thread - 0] INFO  statemachine.DatanodeStateMachine (DatanodeStateMachine.java:lambda$startDaemon$0(350)) - Ozone container server started.
2019-10-16 06:57:36,807 [Thread-632] INFO  container.ReplicationManager (ReplicationManager.java:start(162)) - Starting Replication Monitor Thread.
2019-10-16 06:57:36,812 [ReplicationMonitor] INFO  container.ReplicationManager (ReplicationManager.java:run(225)) - Replication Monitor Thread took 3 milliseconds for processing 1 containers.
2019-10-16 06:57:40,247 [Thread-460] INFO  ozoneimpl.OzoneContainer (OzoneContainer.java:stop(227)) - Attempting to stop container services.
2019-10-16 06:57:40,247 [ForkJoinPool.commonPool-worker-1] INFO  ozoneimpl.OzoneContainer (OzoneContainer.java:stop(227)) - Attempting to stop container services.
2019-10-16 06:57:40,248 [Thread-460] INFO  impl.RaftServerProxy (RaftServerProxy.java:lambda$close$4(314)) - f798aac2-2639-421a-80fe-e15728f6ca86: close
2019-10-16 06:57:40,248 [ForkJoinPool.commonPool-worker-1] INFO  impl.RaftServerProxy (RaftServerProxy.java:lambda$close$4(314)) - d1893424-bca9-4ee3-a7ed-99723aee90a9: close
2019-10-16 06:57:40,248 [Thread-460] INFO  impl.RaftServerImpl (RaftServerImpl.java:lambda$shutdown$3(261)) - f798aac2-2639-421a-80fe-e15728f6ca86@group-D75A4149EBE3: shutdown
2019-10-16 06:57:40,248 [ForkJoinPool.commonPool-worker-1] INFO  impl.RaftServerImpl (RaftServerImpl.java:lambda$shutdown$3(261)) - d1893424-bca9-4ee3-a7ed-99723aee90a9@group-D75A4149EBE3: shutdown
2019-10-16 06:57:40,249 [Thread-460] INFO  util.JmxRegister (JmxRegister.java:unregister(73)) - Successfully un-registered JMX Bean with object name Ratis:service=RaftServer,group=group-D75A4149EBE3,id=f798aac2-2639-421a-80fe-e15728f6ca86
2019-10-16 06:57:40,249 [ForkJoinPool.commonPool-worker-1] INFO  util.JmxRegister (JmxRegister.java:unregister(73)) - Successfully un-registered JMX Bean with object name Ratis:service=RaftServer,group=group-D75A4149EBE3,id=d1893424-bca9-4ee3-a7ed-99723aee90a9
2019-10-16 06:57:40,249 [Thread-460] INFO  impl.RoleInfo (RoleInfo.java:shutdownLeaderState(104)) - f798aac2-2639-421a-80fe-e15728f6ca86: shutdown LeaderState
2019-10-16 06:57:40,249 [ForkJoinPool.commonPool-worker-1] INFO  impl.RoleInfo (RoleInfo.java:shutdownFollowerState(121)) - d1893424-bca9-4ee3-a7ed-99723aee90a9: shutdown FollowerState
2019-10-16 06:57:40,251 [Thread-460] INFO  impl.PendingRequests (PendingRequests.java:sendNotLeaderResponses(202)) - f798aac2-2639-421a-80fe-e15728f6ca86@group-D75A4149EBE3-PendingRequests: sendNotLeaderResponses
2019-10-16 06:57:40,251 [org.apache.ratis.server.impl.LogAppender$AppenderDaemon$$Lambda$385/458860558@77ddbb46] WARN  server.GrpcLogAppender (GrpcLogAppender.java:mayWait(149)) - f798aac2-2639-421a-80fe-e15728f6ca86@group-D75A4149EBE3->d1893424-bca9-4ee3-a7ed-99723aee90a9-GrpcLogAppender: Wait interrupted by java.lang.InterruptedException
2019-10-16 06:57:40,251 [org.apache.ratis.server.impl.LogAppender$AppenderDaemon$$Lambda$385/458860558@46d15bd5] WARN  server.GrpcLogAppender (GrpcLogAppender.java:mayWait(149)) - f798aac2-2639-421a-80fe-e15728f6ca86@group-D75A4149EBE3->d7e7950c-6647-4bf5-bc57-9ca692be1a29-GrpcLogAppender: Wait interrupted by java.lang.InterruptedException
2019-10-16 06:57:40,252 [Thread-460] INFO  impl.StateMachineUpdater (StateMachineUpdater.java:stopAndJoin(136)) - f798aac2-2639-421a-80fe-e15728f6ca86@group-D75A4149EBE3-StateMachineUpdater: set stopIndex = 0
2019-10-16 06:57:40,252 [Thread-681] INFO  impl.FollowerState (FollowerState.java:run(117)) - d1893424-bca9-4ee3-a7ed-99723aee90a9@group-D75A4149EBE3-FollowerState was interrupted: java.lang.InterruptedException: sleep interrupted
2019-10-16 06:57:40,252 [ForkJoinPool.commonPool-worker-1] INFO  impl.StateMachineUpdater (StateMachineUpdater.java:stopAndJoin(136)) - d1893424-bca9-4ee3-a7ed-99723aee90a9@group-D75A4149EBE3-StateMachineUpdater: set stopIndex = 0
2019-10-16 06:57:40,253 [Thread-460] INFO  impl.RaftServerImpl (ServerState.java:close(388)) - f798aac2-2639-421a-80fe-e15728f6ca86@group-D75A4149EBE3: closes. applyIndex: 0
2019-10-16 06:57:40,254 [grpc-default-executor-2] INFO  server.GrpcServerProtocolService (GrpcServerProtocolService.java:onCompleted(113)) - d7e7950c-6647-4bf5-bc57-9ca692be1a29: Completed APPEND_ENTRIES, lastRequest: f798aac2-2639-421a-80fe-e15728f6ca86->d7e7950c-6647-4bf5-bc57-9ca692be1a29#3-t3, previous=(t:3, i:0), leaderCommit=0, initializing? false, entries: <empty>
2019-10-16 06:57:40,254 [grpc-default-executor-3] INFO  server.GrpcServerProtocolService (GrpcServerProtocolService.java:onCompleted(113)) - d1893424-bca9-4ee3-a7ed-99723aee90a9: Completed APPEND_ENTRIES, lastRequest: f798aac2-2639-421a-80fe-e15728f6ca86->d1893424-bca9-4ee3-a7ed-99723aee90a9#3-t3, previous=(t:3, i:0), leaderCommit=0, initializing? false, entries: <empty>
2019-10-16 06:57:40,254 [ForkJoinPool.commonPool-worker-1] INFO  impl.RaftServerImpl (ServerState.java:close(388)) - d1893424-bca9-4ee3-a7ed-99723aee90a9@group-D75A4149EBE3: closes. applyIndex: 0
2019-10-16 06:57:40,254 [f798aac2-2639-421a-80fe-e15728f6ca86@group-D75A4149EBE3-SegmentedRaftLogWorker] INFO  segmented.SegmentedRaftLogWorker (SegmentedRaftLogWorker.java:run(316)) - f798aac2-2639-421a-80fe-e15728f6ca86@group-D75A4149EBE3-SegmentedRaftLogWorker was interrupted, exiting. There are 0 tasks remaining in the queue.
2019-10-16 06:57:40,255 [d1893424-bca9-4ee3-a7ed-99723aee90a9@group-D75A4149EBE3-SegmentedRaftLogWorker] INFO  segmented.SegmentedRaftLogWorker (SegmentedRaftLogWorker.java:run(316)) - d1893424-bca9-4ee3-a7ed-99723aee90a9@group-D75A4149EBE3-SegmentedRaftLogWorker was interrupted, exiting. There are 0 tasks remaining in the queue.
2019-10-16 06:57:40,257 [Thread-460] INFO  segmented.SegmentedRaftLogWorker (SegmentedRaftLogWorker.java:close(224)) - f798aac2-2639-421a-80fe-e15728f6ca86@group-D75A4149EBE3-SegmentedRaftLogWorker close()
2019-10-16 06:57:40,258 [grpc-default-executor-3] INFO  server.GrpcLogAppender (GrpcLogAppender.java:onCompleted(308)) - f798aac2-2639-421a-80fe-e15728f6ca86@group-D75A4149EBE3->d7e7950c-6647-4bf5-bc57-9ca692be1a29-AppendLogResponseHandler: follower responses appendEntries COMPLETED
2019-10-16 06:57:40,258 [grpc-default-executor-2] INFO  server.GrpcLogAppender (GrpcLogAppender.java:onCompleted(308)) - f798aac2-2639-421a-80fe-e15728f6ca86@group-D75A4149EBE3->d1893424-bca9-4ee3-a7ed-99723aee90a9-AppendLogResponseHandler: follower responses appendEntries COMPLETED
2019-10-16 06:57:40,258 [ForkJoinPool.commonPool-worker-1] INFO  segmented.SegmentedRaftLogWorker (SegmentedRaftLogWorker.java:close(224)) - d1893424-bca9-4ee3-a7ed-99723aee90a9@group-D75A4149EBE3-SegmentedRaftLogWorker close()
2019-10-16 06:57:40,260 [Thread-460] INFO  impl.RaftServerImpl (RaftServerImpl.java:lambda$shutdown$3(261)) - f798aac2-2639-421a-80fe-e15728f6ca86@group-DD3EAB308F5B: shutdown
2019-10-16 06:57:40,264 [ForkJoinPool.commonPool-worker-1] INFO  impl.RaftServerImpl (RaftServerImpl.java:lambda$shutdown$3(261)) - d1893424-bca9-4ee3-a7ed-99723aee90a9@group-3D9BE102F265: shutdown
2019-10-16 06:57:40,264 [Thread-460] INFO  util.JmxRegister (JmxRegister.java:unregister(73)) - Successfully un-registered JMX Bean with object name Ratis:service=RaftServer,group=group-DD3EAB308F5B,id=f798aac2-2639-421a-80fe-e15728f6ca86
2019-10-16 06:57:40,265 [grpc-default-executor-3] INFO  impl.FollowerInfo (FollowerInfo.java:lambda$new$0(51)) - f798aac2-2639-421a-80fe-e15728f6ca86@group-D75A4149EBE3->d7e7950c-6647-4bf5-bc57-9ca692be1a29: nextIndex: updateUnconditionally 1 -> 0
2019-10-16 06:57:40,265 [ForkJoinPool.commonPool-worker-1] INFO  util.JmxRegister (JmxRegister.java:unregister(73)) - Successfully un-registered JMX Bean with object name Ratis:service=RaftServer,group=group-3D9BE102F265,id=d1893424-bca9-4ee3-a7ed-99723aee90a9
2019-10-16 06:57:40,266 [ForkJoinPool.commonPool-worker-1] INFO  impl.RoleInfo (RoleInfo.java:shutdownLeaderState(104)) - d1893424-bca9-4ee3-a7ed-99723aee90a9: shutdown LeaderState
2019-10-16 06:57:40,266 [Thread-460] INFO  impl.RoleInfo (RoleInfo.java:shutdownLeaderState(104)) - f798aac2-2639-421a-80fe-e15728f6ca86: shutdown LeaderState
2019-10-16 06:57:40,267 [ForkJoinPool.commonPool-worker-1] INFO  impl.PendingRequests (PendingRequests.java:sendNotLeaderResponses(202)) - d1893424-bca9-4ee3-a7ed-99723aee90a9@group-3D9BE102F265-PendingRequests: sendNotLeaderResponses
2019-10-16 06:57:40,266 [grpc-default-executor-2] INFO  impl.FollowerInfo (FollowerInfo.java:lambda$new$0(51)) - f798aac2-2639-421a-80fe-e15728f6ca86@group-D75A4149EBE3->d1893424-bca9-4ee3-a7ed-99723aee90a9: nextIndex: updateUnconditionally 1 -> 0
2019-10-16 06:57:40,267 [ForkJoinPool.commonPool-worker-1] INFO  impl.StateMachineUpdater (StateMachineUpdater.java:stopAndJoin(136)) - d1893424-bca9-4ee3-a7ed-99723aee90a9@group-3D9BE102F265-StateMachineUpdater: set stopIndex = 0
2019-10-16 06:57:40,267 [Thread-460] INFO  impl.PendingRequests (PendingRequests.java:sendNotLeaderResponses(202)) - f798aac2-2639-421a-80fe-e15728f6ca86@group-DD3EAB308F5B-PendingRequests: sendNotLeaderResponses
2019-10-16 06:57:40,268 [ForkJoinPool.commonPool-worker-1] INFO  impl.RaftServerImpl (ServerState.java:close(388)) - d1893424-bca9-4ee3-a7ed-99723aee90a9@group-3D9BE102F265: closes. applyIndex: 0
2019-10-16 06:57:40,268 [Thread-460] INFO  impl.StateMachineUpdater (StateMachineUpdater.java:stopAndJoin(136)) - f798aac2-2639-421a-80fe-e15728f6ca86@group-DD3EAB308F5B-StateMachineUpdater: set stopIndex = 0
2019-10-16 06:57:40,269 [Thread-460] INFO  impl.RaftServerImpl (ServerState.java:close(388)) - f798aac2-2639-421a-80fe-e15728f6ca86@group-DD3EAB308F5B: closes. applyIndex: 0
2019-10-16 06:57:40,268 [d1893424-bca9-4ee3-a7ed-99723aee90a9@group-3D9BE102F265-SegmentedRaftLogWorker] INFO  segmented.SegmentedRaftLogWorker (SegmentedRaftLogWorker.java:run(316)) - d1893424-bca9-4ee3-a7ed-99723aee90a9@group-3D9BE102F265-SegmentedRaftLogWorker was interrupted, exiting. There are 0 tasks remaining in the queue.
2019-10-16 06:57:40,269 [f798aac2-2639-421a-80fe-e15728f6ca86@group-DD3EAB308F5B-SegmentedRaftLogWorker] INFO  segmented.SegmentedRaftLogWorker (SegmentedRaftLogWorker.java:run(316)) - f798aac2-2639-421a-80fe-e15728f6ca86@group-DD3EAB308F5B-SegmentedRaftLogWorker was interrupted, exiting. There are 0 tasks remaining in the queue.
2019-10-16 06:57:40,270 [ForkJoinPool.commonPool-worker-1] INFO  segmented.SegmentedRaftLogWorker (SegmentedRaftLogWorker.java:close(224)) - d1893424-bca9-4ee3-a7ed-99723aee90a9@group-3D9BE102F265-SegmentedRaftLogWorker close()
2019-10-16 06:57:40,270 [Thread-460] INFO  segmented.SegmentedRaftLogWorker (SegmentedRaftLogWorker.java:close(224)) - f798aac2-2639-421a-80fe-e15728f6ca86@group-DD3EAB308F5B-SegmentedRaftLogWorker close()
2019-10-16 06:57:40,272 [ForkJoinPool.commonPool-worker-1] INFO  server.GrpcService (GrpcService.java:closeImpl(164)) - d1893424-bca9-4ee3-a7ed-99723aee90a9: shutdown server with port 33637 now
2019-10-16 06:57:40,273 [Thread-460] INFO  server.GrpcService (GrpcService.java:closeImpl(164)) - f798aac2-2639-421a-80fe-e15728f6ca86: shutdown server with port 40422 now
2019-10-16 06:57:40,276 [Thread-460] INFO  server.GrpcService (GrpcService.java:closeImpl(172)) - f798aac2-2639-421a-80fe-e15728f6ca86: shutdown server with port 40422 successfully
2019-10-16 06:57:40,276 [ForkJoinPool.commonPool-worker-1] INFO  server.GrpcService (GrpcService.java:closeImpl(172)) - d1893424-bca9-4ee3-a7ed-99723aee90a9: shutdown server with port 33637 successfully
2019-10-16 06:57:40,278 [refreshUsed-/workdir/hadoop-ozone/ozonefs/target/test-dir/MiniOzoneClusterImpl-fb31fee1-15a5-46cd-9d12-d6ad84b763d9/datanode-0/data/containers] WARN  fs.CachingGetSpaceUsed (CachingGetSpaceUsed.java:run(183)) - Thread Interrupted waiting to refresh disk information: sleep interrupted
2019-10-16 06:57:40,278 [refreshUsed-/workdir/hadoop-ozone/ozonefs/target/test-dir/MiniOzoneClusterImpl-fb31fee1-15a5-46cd-9d12-d6ad84b763d9/datanode-1/data/containers] WARN  fs.CachingGetSpaceUsed (CachingGetSpaceUsed.java:run(183)) - Thread Interrupted waiting to refresh disk information: sleep interrupted
2019-10-16 06:57:40,304 [ForkJoinPool.commonPool-worker-1] INFO  utils.BackgroundService (BackgroundService.java:shutdown(151)) - Shutting down service BlockDeletingService
2019-10-16 06:57:40,306 [ForkJoinPool.commonPool-worker-1] INFO  statemachine.DatanodeStateMachine (DatanodeStateMachine.java:stopDaemon(395)) - Ozone container server stopped.
2019-10-16 06:57:40,309 [ForkJoinPool.commonPool-worker-1] INFO  handler.ContextHandler (ContextHandler.java:doStop(910)) - Stopped o.e.j.w.WebAppContext@738d17ac{/,null,UNAVAILABLE}{/hddsDatanode}
2019-10-16 06:57:40,309 [Thread-460] INFO  utils.BackgroundService (BackgroundService.java:shutdown(151)) - Shutting down service BlockDeletingService
2019-10-16 06:57:40,310 [ForkJoinPool.commonPool-worker-1] INFO  server.AbstractConnector (AbstractConnector.java:doStop(318)) - Stopped ServerConnector@2ce43d84{HTTP/1.1,[http/1.1]}{0.0.0.0:0}
2019-10-16 06:57:40,310 [ForkJoinPool.commonPool-worker-1] INFO  handler.ContextHandler (ContextHandler.java:doStop(910)) - Stopped o.e.j.s.ServletContextHandler@102c9794{/static,jar:file:/home/user/.m2/repository/org/apache/hadoop/hadoop-hdds-container-service/0.5.0-SNAPSHOT/hadoop-hdds-container-service-0.5.0-SNAPSHOT.jar!/webapps/static,UNAVAILABLE}
2019-10-16 06:57:40,313 [Thread-460] INFO  statemachine.DatanodeStateMachine (DatanodeStateMachine.java:stopDaemon(395)) - Ozone container server stopped.
2019-10-16 06:57:40,313 [ForkJoinPool.commonPool-worker-1] INFO  handler.ContextHandler (ContextHandler.java:doStop(910)) - Stopped o.e.j.s.ServletContextHandler@63a31440{/logs,file:///workdir/hadoop-ozone/ozonefs/target/log,UNAVAILABLE}
2019-10-16 06:57:40,314 [Thread-460] INFO  handler.ContextHandler (ContextHandler.java:doStop(910)) - Stopped o.e.j.w.WebAppContext@427520d2{/,null,UNAVAILABLE}{/hddsDatanode}
2019-10-16 06:57:40,315 [Thread-460] INFO  server.AbstractConnector (AbstractConnector.java:doStop(318)) - Stopped ServerConnector@3cb07f7e{HTTP/1.1,[http/1.1]}{0.0.0.0:0}
2019-10-16 06:57:40,315 [Thread-460] INFO  handler.ContextHandler (ContextHandler.java:doStop(910)) - Stopped o.e.j.s.ServletContextHandler@2f2dbc9{/static,jar:file:/home/user/.m2/repository/org/apache/hadoop/hadoop-hdds-container-service/0.5.0-SNAPSHOT/hadoop-hdds-container-service-0.5.0-SNAPSHOT.jar!/webapps/static,UNAVAILABLE}
2019-10-16 06:57:40,315 [Thread-460] INFO  handler.ContextHandler (ContextHandler.java:doStop(910)) - Stopped o.e.j.s.ServletContextHandler@6f596edc{/logs,file:///workdir/hadoop-ozone/ozonefs/target/log,UNAVAILABLE}
2019-10-16 06:57:40,952 [Datanode State Machine Thread - 0] INFO  statemachine.DatanodeStateMachine (DatanodeStateMachine.java:lambda$startDaemon$0(350)) - Ozone container server started.
2019-10-16 06:57:45,315 [ForkJoinPool.commonPool-worker-1] INFO  ozoneimpl.OzoneContainer (OzoneContainer.java:stop(227)) - Attempting to stop container services.
2019-10-16 06:57:45,316 [ForkJoinPool.commonPool-worker-1] INFO  impl.RaftServerProxy (RaftServerProxy.java:lambda$close$4(314)) - d7e7950c-6647-4bf5-bc57-9ca692be1a29: close
2019-10-16 06:57:45,316 [ForkJoinPool.commonPool-worker-1] INFO  impl.RaftServerImpl (RaftServerImpl.java:lambda$shutdown$3(261)) - d7e7950c-6647-4bf5-bc57-9ca692be1a29@group-D75A4149EBE3: shutdown
2019-10-16 06:57:45,317 [ForkJoinPool.commonPool-worker-1] INFO  util.JmxRegister (JmxRegister.java:unregister(73)) - Successfully un-registered JMX Bean with object name Ratis:service=RaftServer,group=group-D75A4149EBE3,id=d7e7950c-6647-4bf5-bc57-9ca692be1a29
2019-10-16 06:57:45,317 [ForkJoinPool.commonPool-worker-1] INFO  impl.RoleInfo (RoleInfo.java:shutdownFollowerState(121)) - d7e7950c-6647-4bf5-bc57-9ca692be1a29: shutdown FollowerState
2019-10-16 06:57:45,317 [ForkJoinPool.commonPool-worker-1] INFO  impl.StateMachineUpdater (StateMachineUpdater.java:stopAndJoin(136)) - d7e7950c-6647-4bf5-bc57-9ca692be1a29@group-D75A4149EBE3-StateMachineUpdater: set stopIndex = 0
2019-10-16 06:57:45,317 [Thread-682] INFO  impl.FollowerState (FollowerState.java:run(117)) - d7e7950c-6647-4bf5-bc57-9ca692be1a29@group-D75A4149EBE3-FollowerState was interrupted: java.lang.InterruptedException: sleep interrupted
2019-10-16 06:57:45,319 [ForkJoinPool.commonPool-worker-1] INFO  impl.RaftServerImpl (ServerState.java:close(388)) - d7e7950c-6647-4bf5-bc57-9ca692be1a29@group-D75A4149EBE3: closes. applyIndex: 0
2019-10-16 06:57:45,320 [d7e7950c-6647-4bf5-bc57-9ca692be1a29@group-D75A4149EBE3-SegmentedRaftLogWorker] INFO  segmented.SegmentedRaftLogWorker (SegmentedRaftLogWorker.java:run(316)) - d7e7950c-6647-4bf5-bc57-9ca692be1a29@group-D75A4149EBE3-SegmentedRaftLogWorker was interrupted, exiting. There are 0 tasks remaining in the queue.
2019-10-16 06:57:45,321 [ForkJoinPool.commonPool-worker-1] INFO  segmented.SegmentedRaftLogWorker (SegmentedRaftLogWorker.java:close(224)) - d7e7950c-6647-4bf5-bc57-9ca692be1a29@group-D75A4149EBE3-SegmentedRaftLogWorker close()
2019-10-16 06:57:45,322 [ForkJoinPool.commonPool-worker-1] INFO  impl.RaftServerImpl (RaftServerImpl.java:lambda$shutdown$3(261)) - d7e7950c-6647-4bf5-bc57-9ca692be1a29@group-7C02A5C1D88C: shutdown
2019-10-16 06:57:45,323 [ForkJoinPool.commonPool-worker-1] INFO  util.JmxRegister (JmxRegister.java:unregister(73)) - Successfully un-registered JMX Bean with object name Ratis:service=RaftServer,group=group-7C02A5C1D88C,id=d7e7950c-6647-4bf5-bc57-9ca692be1a29
2019-10-16 06:57:45,323 [ForkJoinPool.commonPool-worker-1] INFO  impl.RoleInfo (RoleInfo.java:shutdownLeaderState(104)) - d7e7950c-6647-4bf5-bc57-9ca692be1a29: shutdown LeaderState
2019-10-16 06:57:45,323 [ForkJoinPool.commonPool-worker-1] INFO  impl.PendingRequests (PendingRequests.java:sendNotLeaderResponses(202)) - d7e7950c-6647-4bf5-bc57-9ca692be1a29@group-7C02A5C1D88C-PendingRequests: sendNotLeaderResponses
2019-10-16 06:57:45,324 [ForkJoinPool.commonPool-worker-1] INFO  impl.StateMachineUpdater (StateMachineUpdater.java:stopAndJoin(136)) - d7e7950c-6647-4bf5-bc57-9ca692be1a29@group-7C02A5C1D88C-StateMachineUpdater: set stopIndex = 0
2019-10-16 06:57:45,324 [ForkJoinPool.commonPool-worker-1] INFO  impl.RaftServerImpl (ServerState.java:close(388)) - d7e7950c-6647-4bf5-bc57-9ca692be1a29@group-7C02A5C1D88C: closes. applyIndex: 0
2019-10-16 06:57:45,324 [d7e7950c-6647-4bf5-bc57-9ca692be1a29@group-7C02A5C1D88C-SegmentedRaftLogWorker] INFO  segmented.SegmentedRaftLogWorker (SegmentedRaftLogWorker.java:run(316)) - d7e7950c-6647-4bf5-bc57-9ca692be1a29@group-7C02A5C1D88C-SegmentedRaftLogWorker was interrupted, exiting. There are 0 tasks remaining in the queue.
2019-10-16 06:57:45,325 [ForkJoinPool.commonPool-worker-1] INFO  segmented.SegmentedRaftLogWorker (SegmentedRaftLogWorker.java:close(224)) - d7e7950c-6647-4bf5-bc57-9ca692be1a29@group-7C02A5C1D88C-SegmentedRaftLogWorker close()
2019-10-16 06:57:45,327 [ForkJoinPool.commonPool-worker-1] INFO  server.GrpcService (GrpcService.java:closeImpl(164)) - d7e7950c-6647-4bf5-bc57-9ca692be1a29: shutdown server with port 45492 now
2019-10-16 06:57:45,328 [ForkJoinPool.commonPool-worker-1] INFO  server.GrpcService (GrpcService.java:closeImpl(172)) - d7e7950c-6647-4bf5-bc57-9ca692be1a29: shutdown server with port 45492 successfully
2019-10-16 06:57:45,331 [refreshUsed-/workdir/hadoop-ozone/ozonefs/target/test-dir/MiniOzoneClusterImpl-fb31fee1-15a5-46cd-9d12-d6ad84b763d9/datanode-2/data/containers] WARN  fs.CachingGetSpaceUsed (CachingGetSpaceUsed.java:run(183)) - Thread Interrupted waiting to refresh disk information: sleep interrupted
2019-10-16 06:57:45,358 [ForkJoinPool.commonPool-worker-1] INFO  utils.BackgroundService (BackgroundService.java:shutdown(151)) - Shutting down service BlockDeletingService
2019-10-16 06:57:45,361 [ForkJoinPool.commonPool-worker-1] INFO  statemachine.DatanodeStateMachine (DatanodeStateMachine.java:stopDaemon(395)) - Ozone container server stopped.
2019-10-16 06:57:45,365 [ForkJoinPool.commonPool-worker-1] INFO  handler.ContextHandler (ContextHandler.java:doStop(910)) - Stopped o.e.j.w.WebAppContext@635085c3{/,null,UNAVAILABLE}{/hddsDatanode}
2019-10-16 06:57:45,365 [ForkJoinPool.commonPool-worker-1] INFO  server.AbstractConnector (AbstractConnector.java:doStop(318)) - Stopped ServerConnector@3d5fdb53{HTTP/1.1,[http/1.1]}{0.0.0.0:0}
2019-10-16 06:57:45,366 [ForkJoinPool.commonPool-worker-1] INFO  handler.ContextHandler (ContextHandler.java:doStop(910)) - Stopped o.e.j.s.ServletContextHandler@4501fbce{/static,jar:file:/home/user/.m2/repository/org/apache/hadoop/hadoop-hdds-container-service/0.5.0-SNAPSHOT/hadoop-hdds-container-service-0.5.0-SNAPSHOT.jar!/webapps/static,UNAVAILABLE}
2019-10-16 06:57:45,367 [ForkJoinPool.commonPool-worker-1] INFO  handler.ContextHandler (ContextHandler.java:doStop(910)) - Stopped o.e.j.s.ServletContextHandler@ceba956{/logs,file:///workdir/hadoop-ozone/ozonefs/target/log,UNAVAILABLE}
2019-10-16 06:57:45,368 [Thread-460] INFO  ozone.MiniOzoneClusterImpl (MiniOzoneClusterImpl.java:stopSCM(392)) - Stopping the StorageContainerManager
2019-10-16 06:57:45,368 [Thread-460] INFO  server.StorageContainerManager (StorageContainerManager.java:stop(810)) - Stopping Replication Manager Service.
2019-10-16 06:57:45,368 [Thread-460] INFO  container.ReplicationManager (ReplicationManager.java:stop(203)) - Stopping Replication Monitor Thread.
2019-10-16 06:57:45,368 [Thread-460] INFO  server.StorageContainerManager (StorageContainerManager.java:stop(817)) - Stopping Lease Manager of the command watchers
2019-10-16 06:57:45,368 [Thread-460] INFO  server.StorageContainerManager (StorageContainerManager.java:stop(824)) - Stopping datanode service RPC server
2019-10-16 06:57:45,369 [Thread-460] INFO  server.SCMDatanodeProtocolServer (SCMDatanodeProtocolServer.java:stop(346)) - Stopping the RPC server for DataNodes
2019-10-16 06:57:45,369 [Thread-460] INFO  ipc.Server (Server.java:stop(3082)) - Stopping server on 39744
2019-10-16 06:57:45,371 [IPC Server listener on 39744] INFO  ipc.Server (Server.java:run(1185)) - Stopping IPC Server listener on 39744
2019-10-16 06:57:45,372 [IPC Server Responder] INFO  ipc.Server (Server.java:run(1319)) - Stopping IPC Server Responder
2019-10-16 06:57:45,404 [SCM Heartbeat Processing Thread - 0] WARN  node.NodeStateManager (NodeStateManager.java:scheduleNextHealthCheck(646)) - Current Thread is interrupted, shutting down HB processing thread for Node Manager.
2019-10-16 06:57:45,404 [Thread-460] INFO  server.StorageContainerManager (StorageContainerManager.java:stop(832)) - Stopping block service RPC server
2019-10-16 06:57:45,405 [Thread-460] INFO  server.SCMBlockProtocolServer (SCMBlockProtocolServer.java:stop(155)) - Stopping the RPC server for Block Protocol
2019-10-16 06:57:45,405 [Thread-460] INFO  ipc.Server (Server.java:stop(3082)) - Stopping server on 38700
2019-10-16 06:57:45,406 [IPC Server listener on 38700] INFO  ipc.Server (Server.java:run(1185)) - Stopping IPC Server listener on 38700
2019-10-16 06:57:45,407 [Thread-460] INFO  server.StorageContainerManager (StorageContainerManager.java:stop(839)) - Stopping the StorageContainerLocationProtocol RPC server
2019-10-16 06:57:45,407 [IPC Server Responder] INFO  ipc.Server (Server.java:run(1319)) - Stopping IPC Server Responder
2019-10-16 06:57:45,407 [Thread-460] INFO  server.SCMClientProtocolServer (SCMClientProtocolServer.java:stop(168)) - Stopping the RPC server for Client Protocol
2019-10-16 06:57:45,408 [Thread-460] INFO  ipc.Server (Server.java:stop(3082)) - Stopping server on 41676
2019-10-16 06:57:45,409 [Thread-460] INFO  server.StorageContainerManager (StorageContainerManager.java:stop(846)) - Stopping Storage Container Manager HTTP server.
2019-10-16 06:57:45,410 [IPC Server listener on 41676] INFO  ipc.Server (Server.java:run(1185)) - Stopping IPC Server listener on 41676
2019-10-16 06:57:45,410 [IPC Server Responder] INFO  ipc.Server (Server.java:run(1319)) - Stopping IPC Server Responder
2019-10-16 06:57:45,412 [Thread-460] INFO  handler.ContextHandler (ContextHandler.java:doStop(910)) - Stopped o.e.j.w.WebAppContext@2bda5b77{/,null,UNAVAILABLE}{/scm}
2019-10-16 06:57:45,412 [Thread-460] INFO  server.AbstractConnector (AbstractConnector.java:doStop(318)) - Stopped ServerConnector@334a989b{HTTP/1.1,[http/1.1]}{0.0.0.0:0}
2019-10-16 06:57:45,412 [Thread-460] INFO  handler.ContextHandler (ContextHandler.java:doStop(910)) - Stopped o.e.j.s.ServletContextHandler@4951f6b2{/static,jar:file:/home/user/.m2/repository/org/apache/hadoop/hadoop-hdds-server-scm/0.5.0-SNAPSHOT/hadoop-hdds-server-scm-0.5.0-SNAPSHOT.jar!/webapps/static,UNAVAILABLE}
2019-10-16 06:57:45,413 [Thread-460] INFO  handler.ContextHandler (ContextHandler.java:doStop(910)) - Stopped o.e.j.s.ServletContextHandler@397aa708{/logs,file:///workdir/hadoop-ozone/ozonefs/target/log,UNAVAILABLE}
2019-10-16 06:57:45,413 [Thread-460] INFO  server.StorageContainerManager (StorageContainerManager.java:stop(857)) - Stopping Block Manager Service.
2019-10-16 06:57:45,413 [Thread-460] INFO  utils.BackgroundService (BackgroundService.java:shutdown(151)) - Shutting down service SCMBlockDeletingService
2019-10-16 06:57:45,414 [Thread-460] INFO  utils.BackgroundService (BackgroundService.java:shutdown(151)) - Shutting down service SCMBlockDeletingService
2019-10-16 06:57:45,414 [Thread-460] INFO  server.StorageContainerManager (StorageContainerManager.java:stop(879)) - Stopping SCM Event Queue.
2019-10-16 06:57:45,418 [Thread-460] INFO  impl.MetricsSystemImpl (MetricsSystemImpl.java:stop(210)) - Stopping HddsDatanode metrics system...
2019-10-16 06:57:45,422 [Thread-460] INFO  impl.MetricsSystemImpl (MetricsSystemImpl.java:stop(216)) - HddsDatanode metrics system stopped.
]]></system-out>
  </testcase>
  <testcase name="testListStatus" classname="org.apache.hadoop.fs.ozone.TestOzoneFileSystem" time="17.105">
    <error message="Releasing lock on resource /volume64829/bucket21016 without acquiring lock&#10;	at org.apache.hadoop.ozone.lock.LockManager.getLockForReleasing(LockManager.java:220)&#10;	at org.apache.hadoop.ozone.lock.LockManager.release(LockManager.java:168)&#10;	at org.apache.hadoop.ozone.lock.LockManager.writeUnlock(LockManager.java:148)&#10;	at org.apache.hadoop.ozone.om.lock.OzoneManagerLock.unlock(OzoneManagerLock.java:364)&#10;	at org.apache.hadoop.ozone.om.lock.OzoneManagerLock.releaseWriteLock(OzoneManagerLock.java:329)&#10;	at org.apache.hadoop.ozone.om.request.key.OMKeyCommitRequest.validateAndUpdateCache(OMKeyCommitRequest.java:177)&#10;	at org.apache.hadoop.ozone.protocolPB.OzoneManagerProtocolServerSideTranslatorPB.submitRequestDirectlyToOM(OzoneManagerProtocolServerSideTranslatorPB.java:219)&#10;	at org.apache.hadoop.ozone.protocolPB.OzoneManagerProtocolServerSideTranslatorPB.processRequest(OzoneManagerProtocolServerSideTranslatorPB.java:134)&#10;	at org.apache.hadoop.hdds.server.OzoneProtocolMessageDispatcher.processRequest(OzoneProtocolMessageDispatcher.java:72)&#10;	at org.apache.hadoop.ozone.protocolPB.OzoneManagerProtocolServerSideTranslatorPB.submitRequest(OzoneManagerProtocolServerSideTranslatorPB.java:100)&#10;	at org.apache.hadoop.ozone.protocol.proto.OzoneManagerProtocolProtos$OzoneManagerService$2.callBlockingMethod(OzoneManagerProtocolProtos.java)&#10;	at org.apache.hadoop.ipc.ProtobufRpcEngine$Server$ProtoBufRpcInvoker.call(ProtobufRpcEngine.java:524)&#10;	at org.apache.hadoop.ipc.RPC$Server.call(RPC.java:1025)&#10;	at org.apache.hadoop.ipc.Server$RpcCall.run(Server.java:876)&#10;	at org.apache.hadoop.ipc.Server$RpcCall.run(Server.java:822)&#10;	at java.security.AccessController.doPrivileged(Native Method)&#10;	at javax.security.auth.Subject.doAs(Subject.java:422)&#10;	at org.apache.hadoop.security.UserGroupInformation.doAs(UserGroupInformation.java:1730)&#10;	at org.apache.hadoop.ipc.Server$Handler.run(Server.java:2682)&#10;" type="org.apache.hadoop.ipc.RemoteException(java.lang.IllegalMonitorStateException)">org.apache.hadoop.ipc.RemoteException(java.lang.IllegalMonitorStateException): Releasing lock on resource /volume64829/bucket21016 without acquiring lock
	at org.apache.hadoop.ozone.lock.LockManager.getLockForReleasing(LockManager.java:220)
	at org.apache.hadoop.ozone.lock.LockManager.release(LockManager.java:168)
	at org.apache.hadoop.ozone.lock.LockManager.writeUnlock(LockManager.java:148)
	at org.apache.hadoop.ozone.om.lock.OzoneManagerLock.unlock(OzoneManagerLock.java:364)
	at org.apache.hadoop.ozone.om.lock.OzoneManagerLock.releaseWriteLock(OzoneManagerLock.java:329)
	at org.apache.hadoop.ozone.om.request.key.OMKeyCommitRequest.validateAndUpdateCache(OMKeyCommitRequest.java:177)
	at org.apache.hadoop.ozone.protocolPB.OzoneManagerProtocolServerSideTranslatorPB.submitRequestDirectlyToOM(OzoneManagerProtocolServerSideTranslatorPB.java:219)
	at org.apache.hadoop.ozone.protocolPB.OzoneManagerProtocolServerSideTranslatorPB.processRequest(OzoneManagerProtocolServerSideTranslatorPB.java:134)
	at org.apache.hadoop.hdds.server.OzoneProtocolMessageDispatcher.processRequest(OzoneProtocolMessageDispatcher.java:72)
	at org.apache.hadoop.ozone.protocolPB.OzoneManagerProtocolServerSideTranslatorPB.submitRequest(OzoneManagerProtocolServerSideTranslatorPB.java:100)
	at org.apache.hadoop.ozone.protocol.proto.OzoneManagerProtocolProtos$OzoneManagerService$2.callBlockingMethod(OzoneManagerProtocolProtos.java)
	at org.apache.hadoop.ipc.ProtobufRpcEngine$Server$ProtoBufRpcInvoker.call(ProtobufRpcEngine.java:524)
	at org.apache.hadoop.ipc.RPC$Server.call(RPC.java:1025)
	at org.apache.hadoop.ipc.Server$RpcCall.run(Server.java:876)
	at org.apache.hadoop.ipc.Server$RpcCall.run(Server.java:822)
	at java.security.AccessController.doPrivileged(Native Method)
	at javax.security.auth.Subject.doAs(Subject.java:422)
	at org.apache.hadoop.security.UserGroupInformation.doAs(UserGroupInformation.java:1730)
	at org.apache.hadoop.ipc.Server$Handler.run(Server.java:2682)

	at org.apache.hadoop.ipc.Client.getRpcResponse(Client.java:1511)
	at org.apache.hadoop.ipc.Client.call(Client.java:1457)
	at org.apache.hadoop.ipc.Client.call(Client.java:1367)
	at org.apache.hadoop.ipc.ProtobufRpcEngine$Invoker.invoke(ProtobufRpcEngine.java:228)
	at org.apache.hadoop.ipc.ProtobufRpcEngine$Invoker.invoke(ProtobufRpcEngine.java:116)
	at com.sun.proxy.$Proxy37.submitRequest(Unknown Source)
	at sun.reflect.GeneratedMethodAccessor19.invoke(Unknown Source)
	at sun.reflect.DelegatingMethodAccessorImpl.invoke(DelegatingMethodAccessorImpl.java:43)
	at java.lang.reflect.Method.invoke(Method.java:498)
	at org.apache.hadoop.io.retry.RetryInvocationHandler.invokeMethod(RetryInvocationHandler.java:422)
	at org.apache.hadoop.io.retry.RetryInvocationHandler$Call.invokeMethod(RetryInvocationHandler.java:165)
	at org.apache.hadoop.io.retry.RetryInvocationHandler$Call.invoke(RetryInvocationHandler.java:157)
	at org.apache.hadoop.io.retry.RetryInvocationHandler$Call.invokeOnce(RetryInvocationHandler.java:95)
	at org.apache.hadoop.io.retry.RetryInvocationHandler.invoke(RetryInvocationHandler.java:359)
	at com.sun.proxy.$Proxy37.submitRequest(Unknown Source)
	at org.apache.hadoop.ozone.om.protocolPB.OzoneManagerProtocolClientSideTranslatorPB.submitRequest(OzoneManagerProtocolClientSideTranslatorPB.java:338)
	at org.apache.hadoop.ozone.om.protocolPB.OzoneManagerProtocolClientSideTranslatorPB.commitKey(OzoneManagerProtocolClientSideTranslatorPB.java:789)
	at sun.reflect.NativeMethodAccessorImpl.invoke0(Native Method)
	at sun.reflect.NativeMethodAccessorImpl.invoke(NativeMethodAccessorImpl.java:62)
	at sun.reflect.DelegatingMethodAccessorImpl.invoke(DelegatingMethodAccessorImpl.java:43)
	at java.lang.reflect.Method.invoke(Method.java:498)
	at org.apache.hadoop.hdds.tracing.TraceAllMethod.invoke(TraceAllMethod.java:66)
	at com.sun.proxy.$Proxy38.commitKey(Unknown Source)
	at org.apache.hadoop.ozone.client.io.BlockOutputStreamEntryPool.commitKey(BlockOutputStreamEntryPool.java:277)
	at org.apache.hadoop.ozone.client.io.KeyOutputStream.close(KeyOutputStream.java:474)
	at org.apache.hadoop.fs.ozone.OzoneFSOutputStream.close(OzoneFSOutputStream.java:56)
	at org.apache.hadoop.fs.FSDataOutputStream$PositionCache.close(FSDataOutputStream.java:72)
	at org.apache.hadoop.fs.FSDataOutputStream.close(FSDataOutputStream.java:101)
	at org.apache.hadoop.fs.contract.ContractTestUtils.createFile(ContractTestUtils.java:638)
	at org.apache.hadoop.fs.contract.ContractTestUtils.touch(ContractTestUtils.java:669)
	at org.apache.hadoop.fs.ozone.TestOzoneFileSystem.testListStatus(TestOzoneFileSystem.java:159)
	at sun.reflect.NativeMethodAccessorImpl.invoke0(Native Method)
	at sun.reflect.NativeMethodAccessorImpl.invoke(NativeMethodAccessorImpl.java:62)
	at sun.reflect.DelegatingMethodAccessorImpl.invoke(DelegatingMethodAccessorImpl.java:43)
	at java.lang.reflect.Method.invoke(Method.java:498)
	at org.junit.runners.model.FrameworkMethod$1.runReflectiveCall(FrameworkMethod.java:47)
	at org.junit.internal.runners.model.ReflectiveCallable.run(ReflectiveCallable.java:12)
	at org.junit.runners.model.FrameworkMethod.invokeExplosively(FrameworkMethod.java:44)
	at org.junit.internal.runners.statements.InvokeMethod.evaluate(InvokeMethod.java:17)
	at org.junit.internal.runners.statements.RunBefores.evaluate(RunBefores.java:26)
	at org.junit.internal.runners.statements.RunAfters.evaluate(RunAfters.java:27)
	at org.junit.internal.runners.statements.FailOnTimeout$StatementThread.run(FailOnTimeout.java:74)
</error>
    <system-out><![CDATA[2019-10-16 06:57:45,465 [Thread-700] WARN  server.ServerUtils (ServerUtils.java:getScmDbDir(145)) - ozone.scm.db.dirs is not configured. We recommend adding this setting. Falling back to ozone.metadata.dirs instead.
2019-10-16 06:57:45,501 [Thread-700] WARN  server.ServerUtils (ServerUtils.java:getScmDbDir(145)) - ozone.scm.db.dirs is not configured. We recommend adding this setting. Falling back to ozone.metadata.dirs instead.
2019-10-16 06:57:45,502 [Thread-700] WARN  server.ServerUtils (ServerUtils.java:getScmDbDir(145)) - ozone.scm.db.dirs is not configured. We recommend adding this setting. Falling back to ozone.metadata.dirs instead.
2019-10-16 06:57:45,503 [Thread-700] INFO  db.DBStoreBuilder (DBStoreBuilder.java:addTable(117)) - using custom profile for table: deletedBlocks
2019-10-16 06:57:45,503 [Thread-700] INFO  db.DBStoreBuilder (DBStoreBuilder.java:processTables(168)) - Using default column profile:DBProfile.DISK for Table:deletedBlocks
2019-10-16 06:57:45,503 [Thread-700] INFO  db.DBStoreBuilder (DBStoreBuilder.java:addTable(117)) - using custom profile for table: validCerts
2019-10-16 06:57:45,503 [Thread-700] INFO  db.DBStoreBuilder (DBStoreBuilder.java:processTables(168)) - Using default column profile:DBProfile.DISK for Table:validCerts
2019-10-16 06:57:45,504 [Thread-700] INFO  db.DBStoreBuilder (DBStoreBuilder.java:addTable(117)) - using custom profile for table: revokedCerts
2019-10-16 06:57:45,504 [Thread-700] INFO  db.DBStoreBuilder (DBStoreBuilder.java:processTables(168)) - Using default column profile:DBProfile.DISK for Table:revokedCerts
2019-10-16 06:57:45,504 [Thread-700] INFO  db.DBStoreBuilder (DBStoreBuilder.java:addTable(117)) - using custom profile for table: default
2019-10-16 06:57:45,504 [Thread-700] INFO  db.DBStoreBuilder (DBStoreBuilder.java:processTables(174)) - Using default column profile:DBProfile.DISK for Table:default
2019-10-16 06:57:45,504 [Thread-700] INFO  db.DBStoreBuilder (DBStoreBuilder.java:getDbProfile(205)) - Using default options. DBProfile.DISK
2019-10-16 06:57:45,668 [Thread-700] INFO  net.NodeSchemaLoader (NodeSchemaLoader.java:loadSchemaFromFile(125)) - Loading file from sun.misc.CompoundEnumeration@68183c67
2019-10-16 06:57:45,668 [Thread-700] INFO  net.NodeSchemaLoader (NodeSchemaLoader.java:loadSchema(171)) - Loading network topology layer schema file
2019-10-16 06:57:45,672 [Thread-700] WARN  server.ServerUtils (ServerUtils.java:sanitizeUserArgs(70)) - ozone.scm.stale.node.interval value = 300000 is larger than max = 100000 based on the key value of ozone.scm.heartbeat.thread.interval, reset to the max value 100000.
2019-10-16 06:57:45,672 [Thread-700] WARN  server.ServerUtils (ServerUtils.java:sanitizeUserArgs(70)) - ozone.scm.stale.node.interval value = 300000 is larger than max = 100000 based on the key value of ozone.scm.heartbeat.thread.interval, reset to the max value 100000.
2019-10-16 06:57:45,673 [Thread-700] INFO  node.SCMNodeManager (SCMNodeManager.java:<init>(116)) - Entering startup safe mode.
2019-10-16 06:57:45,673 [Thread-700] INFO  algorithms.ContainerPlacementPolicyFactory (ContainerPlacementPolicyFactory.java:getPolicy(57)) - Create container placement policy of type org.apache.hadoop.hdds.scm.container.placement.algorithms.SCMContainerPlacementRandom
2019-10-16 06:57:45,673 [Thread-700] WARN  server.ServerUtils (ServerUtils.java:getScmDbDir(145)) - ozone.scm.db.dirs is not configured. We recommend adding this setting. Falling back to ozone.metadata.dirs instead.
2019-10-16 06:57:45,728 [Thread-700] INFO  pipeline.SCMPipelineManager (SCMPipelineManager.java:initializePipelineState(132)) - No pipeline exists in current db
2019-10-16 06:57:45,728 [Thread-700] WARN  server.ServerUtils (ServerUtils.java:getScmDbDir(145)) - ozone.scm.db.dirs is not configured. We recommend adding this setting. Falling back to ozone.metadata.dirs instead.
2019-10-16 06:57:45,795 [Thread-700] WARN  events.EventQueue (EventQueue.java:fireEvent(183)) - No event handler registered for event TypedEvent{payloadType=SafeModeStatus, name='SafeModeStatus'}
2019-10-16 06:57:45,796 [Thread-700] INFO  ipc.CallQueueManager (CallQueueManager.java:<init>(84)) - Using callQueue: class java.util.concurrent.LinkedBlockingQueue, queueCapacity: 2000, scheduler: class org.apache.hadoop.ipc.DefaultRpcScheduler, ipcBackoff: false.
2019-10-16 06:57:45,797 [Socket Reader #1 for port 39581] INFO  ipc.Server (Server.java:run(1074)) - Starting Socket Reader #1 for port 39581
2019-10-16 06:57:45,798 [Thread-700] INFO  ipc.CallQueueManager (CallQueueManager.java:<init>(84)) - Using callQueue: class java.util.concurrent.LinkedBlockingQueue, queueCapacity: 2000, scheduler: class org.apache.hadoop.ipc.DefaultRpcScheduler, ipcBackoff: false.
2019-10-16 06:57:45,799 [Socket Reader #1 for port 39800] INFO  ipc.Server (Server.java:run(1074)) - Starting Socket Reader #1 for port 39800
2019-10-16 06:57:45,800 [Thread-700] INFO  ipc.CallQueueManager (CallQueueManager.java:<init>(84)) - Using callQueue: class java.util.concurrent.LinkedBlockingQueue, queueCapacity: 2000, scheduler: class org.apache.hadoop.ipc.DefaultRpcScheduler, ipcBackoff: false.
2019-10-16 06:57:45,801 [Socket Reader #1 for port 33385] INFO  ipc.Server (Server.java:run(1074)) - Starting Socket Reader #1 for port 33385
2019-10-16 06:57:45,803 [Thread-700] INFO  hdfs.DFSUtil (DFSUtil.java:httpServerTemplateForNNAndJN(1641)) - Starting Web-server for scm at: http://0.0.0.0:0
2019-10-16 06:57:45,806 [Thread-700] INFO  server.AuthenticationFilter (AuthenticationFilter.java:constructSecretProvider(240)) - Unable to initialize FileSignerSecretProvider, falling back to use random secrets.
2019-10-16 06:57:45,807 [Thread-700] WARN  http.HttpRequestLog (HttpRequestLog.java:getRequestLog(97)) - Jetty request log can only be enabled using Log4j
2019-10-16 06:57:45,809 [Thread-700] INFO  http.HttpServer2 (HttpServer2.java:addGlobalFilter(975)) - Added global filter 'safety' (class=org.apache.hadoop.http.HttpServer2$QuotingInputFilter)
2019-10-16 06:57:45,810 [Thread-700] INFO  http.HttpServer2 (HttpServer2.java:addFilter(948)) - Added filter static_user_filter (class=org.apache.hadoop.http.lib.StaticUserWebFilter$StaticUserFilter) to context scm
2019-10-16 06:57:45,811 [Thread-700] INFO  http.HttpServer2 (HttpServer2.java:addFilter(958)) - Added filter static_user_filter (class=org.apache.hadoop.http.lib.StaticUserWebFilter$StaticUserFilter) to context static
2019-10-16 06:57:45,811 [Thread-700] INFO  http.HttpServer2 (HttpServer2.java:addFilter(958)) - Added filter static_user_filter (class=org.apache.hadoop.http.lib.StaticUserWebFilter$StaticUserFilter) to context logs
2019-10-16 06:57:45,813 [Thread-700] INFO  server.StorageContainerManager (StorageContainerManager.java:start(772)) - StorageContainerLocationProtocol RPC server is listening at /0.0.0.0:33385
2019-10-16 06:57:45,816 [Thread-700] WARN  impl.MetricsConfig (MetricsConfig.java:loadFirst(134)) - Cannot locate configuration: tried hadoop-metrics2-storagecontainermanager.properties,hadoop-metrics2.properties
2019-10-16 06:57:45,819 [Thread-700] INFO  impl.MetricsSystemImpl (MetricsSystemImpl.java:startTimer(374)) - Scheduled Metric snapshot period at 10 second(s).
2019-10-16 06:57:45,819 [Thread-700] INFO  impl.MetricsSystemImpl (MetricsSystemImpl.java:start(191)) - StorageContainerManager metrics system started
2019-10-16 06:57:45,884 [Thread-700] INFO  lib.Interns (Interns.java:removeEldestEntry(50)) - Metrics intern cache overflow at 2011 for MetricsSystem={MetricsSystem=MetricsInfoImpl{name=MetricsSystem, description=MetricsSystem}, MetricsSystem record=MetricsInfoImpl{name=MetricsSystem, description=MetricsSystem record}}
2019-10-16 06:57:45,905 [Thread-700] WARN  impl.MetricsSystemImpl (MetricsSystemImpl.java:register(276)) - Sink prometheus already exists!
2019-10-16 06:57:45,915 [Thread-700] INFO  server.SCMClientProtocolServer (SCMClientProtocolServer.java:start(159)) - RPC server for Client  is listening at /0.0.0.0:33385
2019-10-16 06:57:45,916 [IPC Server Responder] INFO  ipc.Server (Server.java:run(1314)) - IPC Server Responder: starting
2019-10-16 06:57:45,916 [IPC Server listener on 33385] INFO  ipc.Server (Server.java:run(1153)) - IPC Server listener on 33385: starting
2019-10-16 06:57:45,919 [Thread-700] INFO  server.StorageContainerManager (StorageContainerManager.java:start(782)) - ScmBlockLocationProtocol RPC server is listening at /0.0.0.0:39800
2019-10-16 06:57:45,919 [Thread-700] INFO  server.SCMBlockProtocolServer (SCMBlockProtocolServer.java:start(146)) - RPC server for Block Protocol is listening at /0.0.0.0:39800
2019-10-16 06:57:45,919 [IPC Server Responder] INFO  ipc.Server (Server.java:run(1314)) - IPC Server Responder: starting
2019-10-16 06:57:45,919 [IPC Server listener on 39800] INFO  ipc.Server (Server.java:run(1153)) - IPC Server listener on 39800: starting
2019-10-16 06:57:45,923 [Thread-700] INFO  server.StorageContainerManager (StorageContainerManager.java:start(786)) - ScmDatanodeProtocl RPC server is listening at /0.0.0.0:39581
2019-10-16 06:57:45,923 [Thread-700] INFO  server.SCMDatanodeProtocolServer (SCMDatanodeProtocolServer.java:start(169)) - RPC server for DataNodes is listening at /0.0.0.0:39581
2019-10-16 06:57:45,923 [IPC Server Responder] INFO  ipc.Server (Server.java:run(1314)) - IPC Server Responder: starting
2019-10-16 06:57:45,924 [IPC Server listener on 39581] INFO  ipc.Server (Server.java:run(1153)) - IPC Server listener on 39581: starting
2019-10-16 06:57:45,927 [Thread-700] INFO  http.HttpServer2 (HttpServer2.java:bindListener(1191)) - Jetty bound to port 37170
2019-10-16 06:57:45,927 [Thread-700] INFO  server.Server (Server.java:doStart(351)) - jetty-9.3.25.v20180904, build timestamp: 2018-09-04T21:11:46Z, git hash: 3ce520221d0240229c862b122d2b06c12a625732
2019-10-16 06:57:45,929 [Thread-700] INFO  handler.ContextHandler (ContextHandler.java:doStart(781)) - Started o.e.j.s.ServletContextHandler@33169c9a{/logs,file:///workdir/hadoop-ozone/ozonefs/target/log,AVAILABLE}
2019-10-16 06:57:45,930 [Thread-700] INFO  handler.ContextHandler (ContextHandler.java:doStart(781)) - Started o.e.j.s.ServletContextHandler@70ae6887{/static,jar:file:/home/user/.m2/repository/org/apache/hadoop/hadoop-hdds-server-scm/0.5.0-SNAPSHOT/hadoop-hdds-server-scm-0.5.0-SNAPSHOT.jar!/webapps/static,AVAILABLE}
2019-10-16 06:57:45,972 [Thread-700] INFO  handler.ContextHandler (ContextHandler.java:doStart(781)) - Started o.e.j.w.WebAppContext@4ecab2a9{/,file:///tmp/jetty-0.0.0.0-37170-scm-_-any-7927028713926488841.dir/webapp/,AVAILABLE}{/scm}
2019-10-16 06:57:45,973 [Thread-700] INFO  server.AbstractConnector (AbstractConnector.java:doStart(278)) - Started ServerConnector@27193246{HTTP/1.1,[http/1.1]}{0.0.0.0:37170}
2019-10-16 06:57:45,974 [Thread-700] INFO  server.Server (Server.java:doStart(419)) - Started @57677ms
2019-10-16 06:57:45,974 [Thread-700] WARN  impl.MetricsSystemImpl (MetricsSystemImpl.java:register(276)) - Sink prometheus already exists!
2019-10-16 06:57:45,975 [Thread-700] INFO  server.BaseHttpServer (BaseHttpServer.java:updateConnectorAddress(215)) - HTTP server of SCM is listening at http://0.0.0.0:37170
2019-10-16 06:57:45,976 [Thread-700] WARN  server.ServerUtils (ServerUtils.java:getDBPath(222)) - ozone.om.db.dirs is not configured. We recommend adding this setting. Falling back to ozone.metadata.dirs instead.
2019-10-16 06:57:45,976 [org.apache.hadoop.util.JvmPauseMonitor$Monitor@582c97d7] INFO  util.JvmPauseMonitor (JvmPauseMonitor.java:run(188)) - Starting JVM pause monitor
2019-10-16 06:57:45,989 [Thread-700] INFO  ha.OMHANodeDetails (OMHANodeDetails.java:loadOMHAConfig(190)) - Configuration either no ozone.om.address set. Falling back to the default OM address /127.0.0.1:0
2019-10-16 06:57:45,990 [Thread-700] INFO  ha.OMHANodeDetails (OMHANodeDetails.java:getOMNodeDetails(220)) - OM Service ID is not set. Setting it to the default ID: omServiceIdDefault
2019-10-16 06:57:45,990 [Thread-700] WARN  server.ServerUtils (ServerUtils.java:getDBPath(222)) - ozone.om.db.dirs is not configured. We recommend adding this setting. Falling back to ozone.metadata.dirs instead.
2019-10-16 06:57:45,990 [Thread-700] WARN  server.ServerUtils (ServerUtils.java:getDBPath(222)) - ozone.om.db.dirs is not configured. We recommend adding this setting. Falling back to ozone.metadata.dirs instead.
2019-10-16 06:57:45,995 [Thread-700] WARN  server.ServerUtils (ServerUtils.java:getDBPath(222)) - ozone.om.db.dirs is not configured. We recommend adding this setting. Falling back to ozone.metadata.dirs instead.
2019-10-16 06:57:45,996 [Thread-700] INFO  db.DBStoreBuilder (DBStoreBuilder.java:addTable(117)) - using custom profile for table: userTable
2019-10-16 06:57:45,996 [Thread-700] INFO  db.DBStoreBuilder (DBStoreBuilder.java:processTables(168)) - Using default column profile:DBProfile.DISK for Table:userTable
2019-10-16 06:57:45,996 [Thread-700] INFO  db.DBStoreBuilder (DBStoreBuilder.java:addTable(117)) - using custom profile for table: volumeTable
2019-10-16 06:57:45,996 [Thread-700] INFO  db.DBStoreBuilder (DBStoreBuilder.java:processTables(168)) - Using default column profile:DBProfile.DISK for Table:volumeTable
2019-10-16 06:57:45,996 [Thread-700] INFO  db.DBStoreBuilder (DBStoreBuilder.java:addTable(117)) - using custom profile for table: bucketTable
2019-10-16 06:57:45,996 [Thread-700] INFO  db.DBStoreBuilder (DBStoreBuilder.java:processTables(168)) - Using default column profile:DBProfile.DISK for Table:bucketTable
2019-10-16 06:57:45,996 [Thread-700] INFO  db.DBStoreBuilder (DBStoreBuilder.java:addTable(117)) - using custom profile for table: keyTable
2019-10-16 06:57:45,997 [Thread-700] INFO  db.DBStoreBuilder (DBStoreBuilder.java:processTables(168)) - Using default column profile:DBProfile.DISK for Table:keyTable
2019-10-16 06:57:45,997 [Thread-700] INFO  db.DBStoreBuilder (DBStoreBuilder.java:addTable(117)) - using custom profile for table: deletedTable
2019-10-16 06:57:45,997 [Thread-700] INFO  db.DBStoreBuilder (DBStoreBuilder.java:processTables(168)) - Using default column profile:DBProfile.DISK for Table:deletedTable
2019-10-16 06:57:45,997 [Thread-700] INFO  db.DBStoreBuilder (DBStoreBuilder.java:addTable(117)) - using custom profile for table: openKeyTable
2019-10-16 06:57:45,997 [Thread-700] INFO  db.DBStoreBuilder (DBStoreBuilder.java:processTables(168)) - Using default column profile:DBProfile.DISK for Table:openKeyTable
2019-10-16 06:57:45,997 [Thread-700] INFO  db.DBStoreBuilder (DBStoreBuilder.java:addTable(117)) - using custom profile for table: s3Table
2019-10-16 06:57:45,997 [Thread-700] INFO  db.DBStoreBuilder (DBStoreBuilder.java:processTables(168)) - Using default column profile:DBProfile.DISK for Table:s3Table
2019-10-16 06:57:45,998 [Thread-700] INFO  db.DBStoreBuilder (DBStoreBuilder.java:addTable(117)) - using custom profile for table: multipartInfoTable
2019-10-16 06:57:45,998 [Thread-700] INFO  db.DBStoreBuilder (DBStoreBuilder.java:processTables(168)) - Using default column profile:DBProfile.DISK for Table:multipartInfoTable
2019-10-16 06:57:45,998 [Thread-700] INFO  db.DBStoreBuilder (DBStoreBuilder.java:addTable(117)) - using custom profile for table: dTokenTable
2019-10-16 06:57:45,998 [Thread-700] INFO  db.DBStoreBuilder (DBStoreBuilder.java:processTables(168)) - Using default column profile:DBProfile.DISK for Table:dTokenTable
2019-10-16 06:57:45,998 [Thread-700] INFO  db.DBStoreBuilder (DBStoreBuilder.java:addTable(117)) - using custom profile for table: s3SecretTable
2019-10-16 06:57:45,998 [Thread-700] INFO  db.DBStoreBuilder (DBStoreBuilder.java:processTables(168)) - Using default column profile:DBProfile.DISK for Table:s3SecretTable
2019-10-16 06:57:45,998 [Thread-700] INFO  db.DBStoreBuilder (DBStoreBuilder.java:addTable(117)) - using custom profile for table: prefixTable
2019-10-16 06:57:45,998 [Thread-700] INFO  db.DBStoreBuilder (DBStoreBuilder.java:processTables(168)) - Using default column profile:DBProfile.DISK for Table:prefixTable
2019-10-16 06:57:45,998 [Thread-700] INFO  db.DBStoreBuilder (DBStoreBuilder.java:addTable(117)) - using custom profile for table: default
2019-10-16 06:57:45,999 [Thread-700] INFO  db.DBStoreBuilder (DBStoreBuilder.java:processTables(174)) - Using default column profile:DBProfile.DISK for Table:default
2019-10-16 06:57:45,999 [Thread-700] INFO  db.DBStoreBuilder (DBStoreBuilder.java:getDbProfile(205)) - Using default options. DBProfile.DISK
2019-10-16 06:57:46,682 [Thread-700] INFO  ipc.CallQueueManager (CallQueueManager.java:<init>(84)) - Using callQueue: class java.util.concurrent.LinkedBlockingQueue, queueCapacity: 2000, scheduler: class org.apache.hadoop.ipc.DefaultRpcScheduler, ipcBackoff: false.
2019-10-16 06:57:46,683 [Socket Reader #1 for port 35664] INFO  ipc.Server (Server.java:run(1074)) - Starting Socket Reader #1 for port 35664
2019-10-16 06:57:46,710 [Thread-700] INFO  om.OzoneManager (OzoneManager.java:start(1074)) - OzoneManager RPC server is listening at localhost/127.0.0.1:35664
2019-10-16 06:57:46,710 [Thread-700] INFO  impl.MetricsSystemImpl (MetricsSystemImpl.java:init(158)) - OzoneManager metrics system started (again)
2019-10-16 06:57:46,712 [IPC Server listener on 35664] INFO  ipc.Server (Server.java:run(1153)) - IPC Server listener on 35664: starting
2019-10-16 06:57:46,712 [IPC Server Responder] INFO  ipc.Server (Server.java:run(1314)) - IPC Server Responder: starting
2019-10-16 06:57:46,717 [Thread-700] INFO  hdfs.DFSUtil (DFSUtil.java:httpServerTemplateForNNAndJN(1641)) - Starting Web-server for ozoneManager at: http://0.0.0.0:0
2019-10-16 06:57:46,720 [Thread-700] INFO  server.AuthenticationFilter (AuthenticationFilter.java:constructSecretProvider(240)) - Unable to initialize FileSignerSecretProvider, falling back to use random secrets.
2019-10-16 06:57:46,721 [Thread-700] WARN  http.HttpRequestLog (HttpRequestLog.java:getRequestLog(97)) - Jetty request log can only be enabled using Log4j
2019-10-16 06:57:46,724 [Thread-700] INFO  http.HttpServer2 (HttpServer2.java:addGlobalFilter(975)) - Added global filter 'safety' (class=org.apache.hadoop.http.HttpServer2$QuotingInputFilter)
2019-10-16 06:57:46,725 [Thread-700] INFO  http.HttpServer2 (HttpServer2.java:addFilter(948)) - Added filter static_user_filter (class=org.apache.hadoop.http.lib.StaticUserWebFilter$StaticUserFilter) to context ozoneManager
2019-10-16 06:57:46,725 [Thread-700] INFO  http.HttpServer2 (HttpServer2.java:addFilter(958)) - Added filter static_user_filter (class=org.apache.hadoop.http.lib.StaticUserWebFilter$StaticUserFilter) to context static
2019-10-16 06:57:46,725 [Thread-700] INFO  http.HttpServer2 (HttpServer2.java:addFilter(958)) - Added filter static_user_filter (class=org.apache.hadoop.http.lib.StaticUserWebFilter$StaticUserFilter) to context logs
2019-10-16 06:57:46,726 [Thread-700] INFO  http.HttpServer2 (HttpServer2.java:bindListener(1191)) - Jetty bound to port 33839
2019-10-16 06:57:46,726 [Thread-700] INFO  server.Server (Server.java:doStart(351)) - jetty-9.3.25.v20180904, build timestamp: 2018-09-04T21:11:46Z, git hash: 3ce520221d0240229c862b122d2b06c12a625732
2019-10-16 06:57:46,830 [Thread-700] INFO  handler.ContextHandler (ContextHandler.java:doStart(781)) - Started o.e.j.s.ServletContextHandler@535cd2c3{/logs,file:///workdir/hadoop-ozone/ozonefs/target/log,AVAILABLE}
2019-10-16 06:57:46,856 [Thread-700] INFO  handler.ContextHandler (ContextHandler.java:doStart(781)) - Started o.e.j.s.ServletContextHandler@1762c486{/static,jar:file:/home/user/.m2/repository/org/apache/hadoop/hadoop-ozone-ozone-manager/0.5.0-SNAPSHOT/hadoop-ozone-ozone-manager-0.5.0-SNAPSHOT.jar!/webapps/static,AVAILABLE}
2019-10-16 06:57:46,950 [Thread-700] INFO  handler.ContextHandler (ContextHandler.java:doStart(781)) - Started o.e.j.w.WebAppContext@4069493f{/,file:///tmp/jetty-0.0.0.0-33839-ozoneManager-_-any-1065232683180226809.dir/webapp/,AVAILABLE}{/ozoneManager}
2019-10-16 06:57:46,951 [Thread-700] INFO  server.AbstractConnector (AbstractConnector.java:doStart(278)) - Started ServerConnector@6b9eec5d{HTTP/1.1,[http/1.1]}{0.0.0.0:33839}
2019-10-16 06:57:46,952 [Thread-700] INFO  server.Server (Server.java:doStart(419)) - Started @58655ms
2019-10-16 06:57:46,952 [Thread-700] WARN  impl.MetricsSystemImpl (MetricsSystemImpl.java:register(276)) - Sink prometheus already exists!
2019-10-16 06:57:46,953 [Thread-700] INFO  server.BaseHttpServer (BaseHttpServer.java:updateConnectorAddress(215)) - HTTP server of OZONEMANAGER is listening at http://0.0.0.0:33839
2019-10-16 06:57:46,965 [Thread-700] INFO  impl.MetricsSystemImpl (MetricsSystemImpl.java:init(158)) - HddsDatanode metrics system started (again)
2019-10-16 06:57:46,968 [Thread-700] INFO  ozone.HddsDatanodeService (HddsDatanodeService.java:start(184)) - HddsDatanodeService host:pr-hdds-2312-q6qzp-1535798719 ip:192.168.69.104
2019-10-16 06:57:46,975 [Thread-700] INFO  volume.HddsVolume (HddsVolume.java:<init>(176)) - Creating Volume: /workdir/hadoop-ozone/ozonefs/target/test-dir/MiniOzoneClusterImpl-be24b942-68e8-4547-9fa7-2dfe0992c101/datanode-0/data/containers/hdds of  storage type : DISK and capacity : 1482555576320
2019-10-16 06:57:46,976 [Thread-700] INFO  volume.VolumeSet (VolumeSet.java:initializeVolumeSet(170)) - Added Volume : /workdir/hadoop-ozone/ozonefs/target/test-dir/MiniOzoneClusterImpl-be24b942-68e8-4547-9fa7-2dfe0992c101/datanode-0/data/containers/hdds to VolumeSet
2019-10-16 06:57:46,976 [Thread-700] INFO  volume.ThrottledAsyncChecker (ThrottledAsyncChecker.java:schedule(141)) - Scheduling a check for /workdir/hadoop-ozone/ozonefs/target/test-dir/MiniOzoneClusterImpl-be24b942-68e8-4547-9fa7-2dfe0992c101/datanode-0/data/containers/hdds
2019-10-16 06:57:46,979 [Thread-700] INFO  volume.HddsVolumeChecker (HddsVolumeChecker.java:checkAllVolumes(204)) - Scheduled health check for volume /workdir/hadoop-ozone/ozonefs/target/test-dir/MiniOzoneClusterImpl-be24b942-68e8-4547-9fa7-2dfe0992c101/datanode-0/data/containers/hdds
2019-10-16 06:57:47,005 [Thread-700] INFO  impl.RaftServerProxy (ConfUtils.java:logGet(43)) - raft.rpc.type = GRPC (default)
2019-10-16 06:57:47,005 [Thread-700] INFO  grpc.GrpcFactory (GrpcFactory.java:checkPooledByteBufAllocatorUseCacheForAllThreads(45)) - PERFORMANCE WARNING: useCacheForAllThreads is true that may cause Netty to create a lot garbage objects and, as a result, trigger GC.
	It is recommended to disable useCacheForAllThreads by setting -Dorg.apache.ratis.thirdparty.io.netty.allocator.useCacheForAllThreads=false in command line.
2019-10-16 06:57:47,005 [Thread-700] INFO  grpc.GrpcConfigKeys$Server (ConfUtils.java:logGet(43)) - raft.grpc.server.port = 0 (default)
2019-10-16 06:57:47,005 [Thread-700] INFO  server.GrpcService (ConfUtils.java:logGet(43)) - raft.grpc.message.size.max = 33570816 (custom)
2019-10-16 06:57:47,006 [Thread-700] INFO  server.RaftServerConfigKeys (ConfUtils.java:logGet(43)) - raft.server.log.appender.buffer.byte-limit = 33554432 (custom)
2019-10-16 06:57:47,006 [Thread-700] INFO  server.GrpcService (ConfUtils.java:logGet(43)) - raft.grpc.flow.control.window = 1MB (=1048576) (default)
2019-10-16 06:57:47,006 [Thread-700] INFO  server.RaftServerConfigKeys (ConfUtils.java:logGet(43)) - raft.server.rpc.request.timeout = 3000ms (default)
2019-10-16 06:57:47,007 [Thread-700] INFO  server.RaftServerConfigKeys (ConfUtils.java:logGet(43)) - raft.server.storage.dir = [/workdir/hadoop-ozone/ozonefs/target/test-dir/MiniOzoneClusterImpl-be24b942-68e8-4547-9fa7-2dfe0992c101/datanode-0/data/ratis] (custom)
2019-10-16 06:57:47,009 [Thread-700] INFO  hdfs.DFSUtil (DFSUtil.java:httpServerTemplateForNNAndJN(1641)) - Starting Web-server for hddsDatanode at: http://0.0.0.0:0
2019-10-16 06:57:47,011 [Thread-700] INFO  server.AuthenticationFilter (AuthenticationFilter.java:constructSecretProvider(240)) - Unable to initialize FileSignerSecretProvider, falling back to use random secrets.
2019-10-16 06:57:47,011 [Thread-700] WARN  http.HttpRequestLog (HttpRequestLog.java:getRequestLog(97)) - Jetty request log can only be enabled using Log4j
2019-10-16 06:57:47,013 [Thread-700] INFO  http.HttpServer2 (HttpServer2.java:addGlobalFilter(975)) - Added global filter 'safety' (class=org.apache.hadoop.http.HttpServer2$QuotingInputFilter)
2019-10-16 06:57:47,014 [Thread-700] INFO  http.HttpServer2 (HttpServer2.java:addFilter(948)) - Added filter static_user_filter (class=org.apache.hadoop.http.lib.StaticUserWebFilter$StaticUserFilter) to context hddsDatanode
2019-10-16 06:57:47,014 [Thread-700] INFO  http.HttpServer2 (HttpServer2.java:addFilter(958)) - Added filter static_user_filter (class=org.apache.hadoop.http.lib.StaticUserWebFilter$StaticUserFilter) to context static
2019-10-16 06:57:47,014 [Thread-700] INFO  http.HttpServer2 (HttpServer2.java:addFilter(958)) - Added filter static_user_filter (class=org.apache.hadoop.http.lib.StaticUserWebFilter$StaticUserFilter) to context logs
2019-10-16 06:57:47,015 [Thread-700] INFO  http.HttpServer2 (HttpServer2.java:bindListener(1191)) - Jetty bound to port 37843
2019-10-16 06:57:47,015 [Thread-700] INFO  server.Server (Server.java:doStart(351)) - jetty-9.3.25.v20180904, build timestamp: 2018-09-04T21:11:46Z, git hash: 3ce520221d0240229c862b122d2b06c12a625732
2019-10-16 06:57:47,017 [Thread-700] INFO  handler.ContextHandler (ContextHandler.java:doStart(781)) - Started o.e.j.s.ServletContextHandler@60b0b4fb{/logs,file:///workdir/hadoop-ozone/ozonefs/target/log,AVAILABLE}
2019-10-16 06:57:47,018 [Thread-700] INFO  handler.ContextHandler (ContextHandler.java:doStart(781)) - Started o.e.j.s.ServletContextHandler@5bafb6fe{/static,jar:file:/home/user/.m2/repository/org/apache/hadoop/hadoop-hdds-container-service/0.5.0-SNAPSHOT/hadoop-hdds-container-service-0.5.0-SNAPSHOT.jar!/webapps/static,AVAILABLE}
2019-10-16 06:57:47,054 [Thread-700] INFO  handler.ContextHandler (ContextHandler.java:doStart(781)) - Started o.e.j.w.WebAppContext@5e037bd7{/,file:///tmp/jetty-0.0.0.0-37843-hddsDatanode-_-any-1435188661087720169.dir/webapp/,AVAILABLE}{/hddsDatanode}
2019-10-16 06:57:47,054 [Thread-700] INFO  server.AbstractConnector (AbstractConnector.java:doStart(278)) - Started ServerConnector@4e1553f4{HTTP/1.1,[http/1.1]}{0.0.0.0:37843}
2019-10-16 06:57:47,055 [Thread-700] INFO  server.Server (Server.java:doStart(419)) - Started @58758ms
2019-10-16 06:57:47,055 [Thread-700] WARN  impl.MetricsSystemImpl (MetricsSystemImpl.java:register(276)) - Sink prometheus already exists!
2019-10-16 06:57:47,056 [Thread-700] INFO  server.BaseHttpServer (BaseHttpServer.java:updateConnectorAddress(215)) - HTTP server of HDDSDATANODE is listening at http://0.0.0.0:37843
2019-10-16 06:57:47,056 [Thread-700] INFO  impl.MetricsSystemImpl (MetricsSystemImpl.java:init(158)) - HddsDatanode metrics system started (again)
2019-10-16 06:57:47,059 [Thread-700] INFO  ozone.HddsDatanodeService (HddsDatanodeService.java:start(184)) - HddsDatanodeService host:pr-hdds-2312-q6qzp-1535798719 ip:192.168.69.104
2019-10-16 06:57:47,059 [org.apache.hadoop.util.JvmPauseMonitor$Monitor@13642d56] INFO  util.JvmPauseMonitor (JvmPauseMonitor.java:run(188)) - Starting JVM pause monitor
2019-10-16 06:57:47,061 [Datanode State Machine Thread - 0] INFO  datanode.InitDatanodeState (InitDatanodeState.java:persistContainerDatanodeDetails(140)) - DatanodeDetails is persisted to /workdir/hadoop-ozone/ozonefs/target/test-dir/MiniOzoneClusterImpl-be24b942-68e8-4547-9fa7-2dfe0992c101/datanode-0/meta/datanode.id
2019-10-16 06:57:47,067 [Thread-700] INFO  volume.HddsVolume (HddsVolume.java:<init>(176)) - Creating Volume: /workdir/hadoop-ozone/ozonefs/target/test-dir/MiniOzoneClusterImpl-be24b942-68e8-4547-9fa7-2dfe0992c101/datanode-1/data/containers/hdds of  storage type : DISK and capacity : 1482555576320
2019-10-16 06:57:47,067 [Thread-700] INFO  volume.VolumeSet (VolumeSet.java:initializeVolumeSet(170)) - Added Volume : /workdir/hadoop-ozone/ozonefs/target/test-dir/MiniOzoneClusterImpl-be24b942-68e8-4547-9fa7-2dfe0992c101/datanode-1/data/containers/hdds to VolumeSet
2019-10-16 06:57:47,067 [Thread-700] INFO  volume.ThrottledAsyncChecker (ThrottledAsyncChecker.java:schedule(141)) - Scheduling a check for /workdir/hadoop-ozone/ozonefs/target/test-dir/MiniOzoneClusterImpl-be24b942-68e8-4547-9fa7-2dfe0992c101/datanode-1/data/containers/hdds
2019-10-16 06:57:47,068 [Thread-700] INFO  volume.HddsVolumeChecker (HddsVolumeChecker.java:checkAllVolumes(204)) - Scheduled health check for volume /workdir/hadoop-ozone/ozonefs/target/test-dir/MiniOzoneClusterImpl-be24b942-68e8-4547-9fa7-2dfe0992c101/datanode-1/data/containers/hdds
2019-10-16 06:57:47,096 [Thread-700] INFO  impl.RaftServerProxy (ConfUtils.java:logGet(43)) - raft.rpc.type = GRPC (default)
2019-10-16 06:57:47,097 [Thread-700] INFO  grpc.GrpcFactory (GrpcFactory.java:checkPooledByteBufAllocatorUseCacheForAllThreads(45)) - PERFORMANCE WARNING: useCacheForAllThreads is true that may cause Netty to create a lot garbage objects and, as a result, trigger GC.
	It is recommended to disable useCacheForAllThreads by setting -Dorg.apache.ratis.thirdparty.io.netty.allocator.useCacheForAllThreads=false in command line.
2019-10-16 06:57:47,097 [Thread-700] INFO  grpc.GrpcConfigKeys$Server (ConfUtils.java:logGet(43)) - raft.grpc.server.port = 0 (default)
2019-10-16 06:57:47,097 [Thread-700] INFO  server.GrpcService (ConfUtils.java:logGet(43)) - raft.grpc.message.size.max = 33570816 (custom)
2019-10-16 06:57:47,097 [Thread-700] INFO  server.RaftServerConfigKeys (ConfUtils.java:logGet(43)) - raft.server.log.appender.buffer.byte-limit = 33554432 (custom)
2019-10-16 06:57:47,097 [Thread-700] INFO  server.GrpcService (ConfUtils.java:logGet(43)) - raft.grpc.flow.control.window = 1MB (=1048576) (default)
2019-10-16 06:57:47,098 [Thread-700] INFO  server.RaftServerConfigKeys (ConfUtils.java:logGet(43)) - raft.server.rpc.request.timeout = 3000ms (default)
2019-10-16 06:57:47,098 [Thread-700] INFO  server.RaftServerConfigKeys (ConfUtils.java:logGet(43)) - raft.server.storage.dir = [/workdir/hadoop-ozone/ozonefs/target/test-dir/MiniOzoneClusterImpl-be24b942-68e8-4547-9fa7-2dfe0992c101/datanode-1/data/ratis] (custom)
2019-10-16 06:57:47,100 [Thread-700] INFO  hdfs.DFSUtil (DFSUtil.java:httpServerTemplateForNNAndJN(1641)) - Starting Web-server for hddsDatanode at: http://0.0.0.0:0
2019-10-16 06:57:47,103 [Thread-700] INFO  server.AuthenticationFilter (AuthenticationFilter.java:constructSecretProvider(240)) - Unable to initialize FileSignerSecretProvider, falling back to use random secrets.
2019-10-16 06:57:47,103 [Thread-700] WARN  http.HttpRequestLog (HttpRequestLog.java:getRequestLog(97)) - Jetty request log can only be enabled using Log4j
2019-10-16 06:57:47,106 [Thread-700] INFO  http.HttpServer2 (HttpServer2.java:addGlobalFilter(975)) - Added global filter 'safety' (class=org.apache.hadoop.http.HttpServer2$QuotingInputFilter)
2019-10-16 06:57:47,107 [Thread-700] INFO  http.HttpServer2 (HttpServer2.java:addFilter(948)) - Added filter static_user_filter (class=org.apache.hadoop.http.lib.StaticUserWebFilter$StaticUserFilter) to context hddsDatanode
2019-10-16 06:57:47,107 [Thread-700] INFO  http.HttpServer2 (HttpServer2.java:addFilter(958)) - Added filter static_user_filter (class=org.apache.hadoop.http.lib.StaticUserWebFilter$StaticUserFilter) to context static
2019-10-16 06:57:47,107 [Thread-700] INFO  http.HttpServer2 (HttpServer2.java:addFilter(958)) - Added filter static_user_filter (class=org.apache.hadoop.http.lib.StaticUserWebFilter$StaticUserFilter) to context logs
2019-10-16 06:57:47,108 [Thread-700] INFO  http.HttpServer2 (HttpServer2.java:bindListener(1191)) - Jetty bound to port 35782
2019-10-16 06:57:47,108 [Thread-700] INFO  server.Server (Server.java:doStart(351)) - jetty-9.3.25.v20180904, build timestamp: 2018-09-04T21:11:46Z, git hash: 3ce520221d0240229c862b122d2b06c12a625732
2019-10-16 06:57:47,110 [Thread-700] INFO  handler.ContextHandler (ContextHandler.java:doStart(781)) - Started o.e.j.s.ServletContextHandler@107e4f19{/logs,file:///workdir/hadoop-ozone/ozonefs/target/log,AVAILABLE}
2019-10-16 06:57:47,111 [Thread-700] INFO  handler.ContextHandler (ContextHandler.java:doStart(781)) - Started o.e.j.s.ServletContextHandler@6dbb98a8{/static,jar:file:/home/user/.m2/repository/org/apache/hadoop/hadoop-hdds-container-service/0.5.0-SNAPSHOT/hadoop-hdds-container-service-0.5.0-SNAPSHOT.jar!/webapps/static,AVAILABLE}
2019-10-16 06:57:47,154 [Thread-700] INFO  handler.ContextHandler (ContextHandler.java:doStart(781)) - Started o.e.j.w.WebAppContext@38ef2119{/,file:///tmp/jetty-0.0.0.0-35782-hddsDatanode-_-any-3572059538925482410.dir/webapp/,AVAILABLE}{/hddsDatanode}
2019-10-16 06:57:47,155 [Thread-700] INFO  server.AbstractConnector (AbstractConnector.java:doStart(278)) - Started ServerConnector@4f88bcba{HTTP/1.1,[http/1.1]}{0.0.0.0:35782}
2019-10-16 06:57:47,156 [Thread-700] INFO  server.Server (Server.java:doStart(419)) - Started @58859ms
2019-10-16 06:57:47,156 [Thread-700] WARN  impl.MetricsSystemImpl (MetricsSystemImpl.java:register(276)) - Sink prometheus already exists!
2019-10-16 06:57:47,157 [Thread-700] INFO  server.BaseHttpServer (BaseHttpServer.java:updateConnectorAddress(215)) - HTTP server of HDDSDATANODE is listening at http://0.0.0.0:35782
2019-10-16 06:57:47,157 [Thread-700] INFO  impl.MetricsSystemImpl (MetricsSystemImpl.java:init(158)) - HddsDatanode metrics system started (again)
2019-10-16 06:57:47,160 [org.apache.hadoop.util.JvmPauseMonitor$Monitor@7aa61569] INFO  util.JvmPauseMonitor (JvmPauseMonitor.java:run(188)) - Starting JVM pause monitor
2019-10-16 06:57:47,160 [Thread-700] INFO  ozone.HddsDatanodeService (HddsDatanodeService.java:start(184)) - HddsDatanodeService host:pr-hdds-2312-q6qzp-1535798719 ip:192.168.69.104
2019-10-16 06:57:47,163 [Datanode State Machine Thread - 0] INFO  datanode.InitDatanodeState (InitDatanodeState.java:persistContainerDatanodeDetails(140)) - DatanodeDetails is persisted to /workdir/hadoop-ozone/ozonefs/target/test-dir/MiniOzoneClusterImpl-be24b942-68e8-4547-9fa7-2dfe0992c101/datanode-1/meta/datanode.id
2019-10-16 06:57:47,168 [Thread-700] INFO  volume.HddsVolume (HddsVolume.java:<init>(176)) - Creating Volume: /workdir/hadoop-ozone/ozonefs/target/test-dir/MiniOzoneClusterImpl-be24b942-68e8-4547-9fa7-2dfe0992c101/datanode-2/data/containers/hdds of  storage type : DISK and capacity : 1482555576320
2019-10-16 06:57:47,169 [Thread-700] INFO  volume.VolumeSet (VolumeSet.java:initializeVolumeSet(170)) - Added Volume : /workdir/hadoop-ozone/ozonefs/target/test-dir/MiniOzoneClusterImpl-be24b942-68e8-4547-9fa7-2dfe0992c101/datanode-2/data/containers/hdds to VolumeSet
2019-10-16 06:57:47,169 [Thread-700] INFO  volume.ThrottledAsyncChecker (ThrottledAsyncChecker.java:schedule(141)) - Scheduling a check for /workdir/hadoop-ozone/ozonefs/target/test-dir/MiniOzoneClusterImpl-be24b942-68e8-4547-9fa7-2dfe0992c101/datanode-2/data/containers/hdds
2019-10-16 06:57:47,169 [Thread-700] INFO  volume.HddsVolumeChecker (HddsVolumeChecker.java:checkAllVolumes(204)) - Scheduled health check for volume /workdir/hadoop-ozone/ozonefs/target/test-dir/MiniOzoneClusterImpl-be24b942-68e8-4547-9fa7-2dfe0992c101/datanode-2/data/containers/hdds
2019-10-16 06:57:47,190 [Thread-700] INFO  impl.RaftServerProxy (ConfUtils.java:logGet(43)) - raft.rpc.type = GRPC (default)
2019-10-16 06:57:47,190 [Thread-700] INFO  grpc.GrpcFactory (GrpcFactory.java:checkPooledByteBufAllocatorUseCacheForAllThreads(45)) - PERFORMANCE WARNING: useCacheForAllThreads is true that may cause Netty to create a lot garbage objects and, as a result, trigger GC.
	It is recommended to disable useCacheForAllThreads by setting -Dorg.apache.ratis.thirdparty.io.netty.allocator.useCacheForAllThreads=false in command line.
2019-10-16 06:57:47,190 [Thread-700] INFO  grpc.GrpcConfigKeys$Server (ConfUtils.java:logGet(43)) - raft.grpc.server.port = 0 (default)
2019-10-16 06:57:47,191 [Thread-700] INFO  server.GrpcService (ConfUtils.java:logGet(43)) - raft.grpc.message.size.max = 33570816 (custom)
2019-10-16 06:57:47,191 [Thread-700] INFO  server.RaftServerConfigKeys (ConfUtils.java:logGet(43)) - raft.server.log.appender.buffer.byte-limit = 33554432 (custom)
2019-10-16 06:57:47,191 [Thread-700] INFO  server.GrpcService (ConfUtils.java:logGet(43)) - raft.grpc.flow.control.window = 1MB (=1048576) (default)
2019-10-16 06:57:47,191 [Thread-700] INFO  server.RaftServerConfigKeys (ConfUtils.java:logGet(43)) - raft.server.rpc.request.timeout = 3000ms (default)
2019-10-16 06:57:47,191 [Thread-700] INFO  server.RaftServerConfigKeys (ConfUtils.java:logGet(43)) - raft.server.storage.dir = [/workdir/hadoop-ozone/ozonefs/target/test-dir/MiniOzoneClusterImpl-be24b942-68e8-4547-9fa7-2dfe0992c101/datanode-2/data/ratis] (custom)
2019-10-16 06:57:47,193 [Thread-700] INFO  hdfs.DFSUtil (DFSUtil.java:httpServerTemplateForNNAndJN(1641)) - Starting Web-server for hddsDatanode at: http://0.0.0.0:0
2019-10-16 06:57:47,195 [Thread-700] INFO  server.AuthenticationFilter (AuthenticationFilter.java:constructSecretProvider(240)) - Unable to initialize FileSignerSecretProvider, falling back to use random secrets.
2019-10-16 06:57:47,195 [Thread-700] WARN  http.HttpRequestLog (HttpRequestLog.java:getRequestLog(97)) - Jetty request log can only be enabled using Log4j
2019-10-16 06:57:47,197 [Thread-700] INFO  http.HttpServer2 (HttpServer2.java:addGlobalFilter(975)) - Added global filter 'safety' (class=org.apache.hadoop.http.HttpServer2$QuotingInputFilter)
2019-10-16 06:57:47,197 [Thread-700] INFO  http.HttpServer2 (HttpServer2.java:addFilter(948)) - Added filter static_user_filter (class=org.apache.hadoop.http.lib.StaticUserWebFilter$StaticUserFilter) to context hddsDatanode
2019-10-16 06:57:47,197 [Thread-700] INFO  http.HttpServer2 (HttpServer2.java:addFilter(958)) - Added filter static_user_filter (class=org.apache.hadoop.http.lib.StaticUserWebFilter$StaticUserFilter) to context static
2019-10-16 06:57:47,197 [Thread-700] INFO  http.HttpServer2 (HttpServer2.java:addFilter(958)) - Added filter static_user_filter (class=org.apache.hadoop.http.lib.StaticUserWebFilter$StaticUserFilter) to context logs
2019-10-16 06:57:47,198 [Thread-700] INFO  http.HttpServer2 (HttpServer2.java:bindListener(1191)) - Jetty bound to port 33679
2019-10-16 06:57:47,198 [Thread-700] INFO  server.Server (Server.java:doStart(351)) - jetty-9.3.25.v20180904, build timestamp: 2018-09-04T21:11:46Z, git hash: 3ce520221d0240229c862b122d2b06c12a625732
2019-10-16 06:57:47,200 [Thread-700] INFO  handler.ContextHandler (ContextHandler.java:doStart(781)) - Started o.e.j.s.ServletContextHandler@717e0263{/logs,file:///workdir/hadoop-ozone/ozonefs/target/log,AVAILABLE}
2019-10-16 06:57:47,200 [Thread-700] INFO  handler.ContextHandler (ContextHandler.java:doStart(781)) - Started o.e.j.s.ServletContextHandler@252fa9fd{/static,jar:file:/home/user/.m2/repository/org/apache/hadoop/hadoop-hdds-container-service/0.5.0-SNAPSHOT/hadoop-hdds-container-service-0.5.0-SNAPSHOT.jar!/webapps/static,AVAILABLE}
2019-10-16 06:57:47,230 [Thread-700] INFO  handler.ContextHandler (ContextHandler.java:doStart(781)) - Started o.e.j.w.WebAppContext@720b890c{/,file:///tmp/jetty-0.0.0.0-33679-hddsDatanode-_-any-6394233292380606507.dir/webapp/,AVAILABLE}{/hddsDatanode}
2019-10-16 06:57:47,231 [Thread-700] INFO  server.AbstractConnector (AbstractConnector.java:doStart(278)) - Started ServerConnector@78b95084{HTTP/1.1,[http/1.1]}{0.0.0.0:33679}
2019-10-16 06:57:47,232 [Thread-700] INFO  server.Server (Server.java:doStart(419)) - Started @58935ms
2019-10-16 06:57:47,232 [Thread-700] WARN  impl.MetricsSystemImpl (MetricsSystemImpl.java:register(276)) - Sink prometheus already exists!
2019-10-16 06:57:47,233 [Thread-700] INFO  server.BaseHttpServer (BaseHttpServer.java:updateConnectorAddress(215)) - HTTP server of HDDSDATANODE is listening at http://0.0.0.0:33679
2019-10-16 06:57:47,233 [Thread-700] INFO  ozone.MiniOzoneClusterImpl (MiniOzoneClusterImpl.java:lambda$waitForClusterToBeReady$0(147)) - Waiting for cluster to be ready. Got 0 of 3 DN Heartbeats.
2019-10-16 06:57:47,235 [org.apache.hadoop.util.JvmPauseMonitor$Monitor@758dacf] INFO  util.JvmPauseMonitor (JvmPauseMonitor.java:run(188)) - Starting JVM pause monitor
2019-10-16 06:57:47,236 [Datanode State Machine Thread - 0] INFO  datanode.InitDatanodeState (InitDatanodeState.java:persistContainerDatanodeDetails(140)) - DatanodeDetails is persisted to /workdir/hadoop-ozone/ozonefs/target/test-dir/MiniOzoneClusterImpl-be24b942-68e8-4547-9fa7-2dfe0992c101/datanode-2/meta/datanode.id
2019-10-16 06:57:48,234 [Thread-700] INFO  ozone.MiniOzoneClusterImpl (MiniOzoneClusterImpl.java:lambda$waitForClusterToBeReady$0(147)) - Waiting for cluster to be ready. Got 0 of 3 DN Heartbeats.
2019-10-16 06:57:49,080 [Datanode State Machine Thread - 0] INFO  ozoneimpl.OzoneContainer (OzoneContainer.java:start(213)) - Attempting to start container services.
2019-10-16 06:57:49,080 [Datanode State Machine Thread - 0] INFO  ozoneimpl.OzoneContainer (OzoneContainer.java:startContainerScrub(177)) - Background container scanner has been disabled.
2019-10-16 06:57:49,081 [Datanode State Machine Thread - 0] INFO  ratis.XceiverServerRatis (XceiverServerRatis.java:start(418)) - Starting XceiverServerRatis 76f342d4-a86a-47fc-aa54-2f94509c93ba at port 0
2019-10-16 06:57:49,088 [Datanode State Machine Thread - 0] INFO  impl.RaftServerProxy (RaftServerProxy.java:lambda$start$3(299)) - 76f342d4-a86a-47fc-aa54-2f94509c93ba: start RPC server
2019-10-16 06:57:49,090 [Datanode State Machine Thread - 0] INFO  server.GrpcService (GrpcService.java:startImpl(158)) - 76f342d4-a86a-47fc-aa54-2f94509c93ba: GrpcService started, listening on 0.0.0.0/0.0.0.0:46296
2019-10-16 06:57:49,091 [Datanode State Machine Thread - 0] INFO  ratis.XceiverServerRatis (XceiverServerRatis.java:start(428)) - XceiverServerRatis 76f342d4-a86a-47fc-aa54-2f94509c93ba is started using port 46296
2019-10-16 06:57:49,094 [Datanode State Machine Thread - 0] INFO  server.XceiverServerGrpc (XceiverServerGrpc.java:start(149)) - XceiverServerGrpc 76f342d4-a86a-47fc-aa54-2f94509c93ba is started using port 34822
2019-10-16 06:57:49,175 [Datanode State Machine Thread - 0] INFO  ozoneimpl.OzoneContainer (OzoneContainer.java:start(213)) - Attempting to start container services.
2019-10-16 06:57:49,175 [Datanode State Machine Thread - 0] INFO  ozoneimpl.OzoneContainer (OzoneContainer.java:startContainerScrub(177)) - Background container scanner has been disabled.
2019-10-16 06:57:49,176 [Datanode State Machine Thread - 0] INFO  ratis.XceiverServerRatis (XceiverServerRatis.java:start(418)) - Starting XceiverServerRatis fd81e216-9860-4ae9-bb70-b7f544d2aeb2 at port 0
2019-10-16 06:57:49,183 [Datanode State Machine Thread - 0] INFO  impl.RaftServerProxy (RaftServerProxy.java:lambda$start$3(299)) - fd81e216-9860-4ae9-bb70-b7f544d2aeb2: start RPC server
2019-10-16 06:57:49,184 [Datanode State Machine Thread - 0] INFO  server.GrpcService (GrpcService.java:startImpl(158)) - fd81e216-9860-4ae9-bb70-b7f544d2aeb2: GrpcService started, listening on 0.0.0.0/0.0.0.0:44985
2019-10-16 06:57:49,184 [Datanode State Machine Thread - 0] INFO  ratis.XceiverServerRatis (XceiverServerRatis.java:start(428)) - XceiverServerRatis fd81e216-9860-4ae9-bb70-b7f544d2aeb2 is started using port 44985
2019-10-16 06:57:49,185 [Datanode State Machine Thread - 0] INFO  server.XceiverServerGrpc (XceiverServerGrpc.java:start(149)) - XceiverServerGrpc fd81e216-9860-4ae9-bb70-b7f544d2aeb2 is started using port 45693
2019-10-16 06:57:49,234 [Thread-700] INFO  ozone.MiniOzoneClusterImpl (MiniOzoneClusterImpl.java:lambda$waitForClusterToBeReady$0(147)) - Waiting for cluster to be ready. Got 0 of 3 DN Heartbeats.
2019-10-16 06:57:49,257 [Datanode State Machine Thread - 0] INFO  ozoneimpl.OzoneContainer (OzoneContainer.java:start(213)) - Attempting to start container services.
2019-10-16 06:57:49,257 [Datanode State Machine Thread - 0] INFO  ozoneimpl.OzoneContainer (OzoneContainer.java:startContainerScrub(177)) - Background container scanner has been disabled.
2019-10-16 06:57:49,258 [Datanode State Machine Thread - 0] INFO  ratis.XceiverServerRatis (XceiverServerRatis.java:start(418)) - Starting XceiverServerRatis 11335fb0-a575-488f-a83c-ad4b548f39f3 at port 0
2019-10-16 06:57:49,265 [Datanode State Machine Thread - 0] INFO  impl.RaftServerProxy (RaftServerProxy.java:lambda$start$3(299)) - 11335fb0-a575-488f-a83c-ad4b548f39f3: start RPC server
2019-10-16 06:57:49,266 [Datanode State Machine Thread - 0] INFO  server.GrpcService (GrpcService.java:startImpl(158)) - 11335fb0-a575-488f-a83c-ad4b548f39f3: GrpcService started, listening on 0.0.0.0/0.0.0.0:39254
2019-10-16 06:57:49,266 [Datanode State Machine Thread - 0] INFO  ratis.XceiverServerRatis (XceiverServerRatis.java:start(428)) - XceiverServerRatis 11335fb0-a575-488f-a83c-ad4b548f39f3 is started using port 39254
2019-10-16 06:57:49,267 [Datanode State Machine Thread - 0] INFO  server.XceiverServerGrpc (XceiverServerGrpc.java:start(149)) - XceiverServerGrpc 11335fb0-a575-488f-a83c-ad4b548f39f3 is started using port 43350
2019-10-16 06:57:50,234 [Thread-700] INFO  ozone.MiniOzoneClusterImpl (MiniOzoneClusterImpl.java:lambda$waitForClusterToBeReady$0(147)) - Waiting for cluster to be ready. Got 0 of 3 DN Heartbeats.
2019-10-16 06:57:51,063 [IPC Server handler 0 on 39581] INFO  net.NetworkTopology (NetworkTopologyImpl.java:add(111)) - Added a new node: /default-rack/76f342d4-a86a-47fc-aa54-2f94509c93ba
2019-10-16 06:57:51,064 [IPC Server handler 0 on 39581] INFO  node.SCMNodeManager (SCMNodeManager.java:register(268)) - Registered Data node : 76f342d4-a86a-47fc-aa54-2f94509c93ba{ip: 192.168.69.104, host: pr-hdds-2312-q6qzp-1535798719, networkLocation: /default-rack, certSerialId: null}
2019-10-16 06:57:51,065 [EventQueue-NodeRegistrationContainerReportForDataNodeSafeModeRule] INFO  safemode.SCMSafeModeManager (DataNodeSafeModeRule.java:process(71)) - SCM in safe mode. 1 DataNodes registered, 1 required.
2019-10-16 06:57:51,067 [EventQueue-NodeRegistrationContainerReportForDataNodeSafeModeRule] INFO  safemode.SCMSafeModeManager (SCMSafeModeManager.java:validateSafeModeExitRules(177)) - ScmSafeModeManager, all rules are successfully validated
2019-10-16 06:57:51,067 [EventQueue-NodeRegistrationContainerReportForDataNodeSafeModeRule] INFO  safemode.SCMSafeModeManager (SCMSafeModeManager.java:exitSafeMode(193)) - SCM exiting safe mode.
2019-10-16 06:57:51,082 [grpc-default-executor-0] INFO  impl.RaftServerProxy (RaftServerProxy.java:addNew(89)) - 76f342d4-a86a-47fc-aa54-2f94509c93ba: addNew group-E055AE33D4AE:[76f342d4-a86a-47fc-aa54-2f94509c93ba:192.168.69.104:46296] returns group-E055AE33D4AE:java.util.concurrent.CompletableFuture@15485111[Not completed]
2019-10-16 06:57:51,084 [pool-177-thread-1] INFO  impl.RaftServerImpl (RaftServerImpl.java:<init>(104)) - 76f342d4-a86a-47fc-aa54-2f94509c93ba: new RaftServerImpl for group-E055AE33D4AE:[76f342d4-a86a-47fc-aa54-2f94509c93ba:192.168.69.104:46296] with ContainerStateMachine:uninitialized
2019-10-16 06:57:51,084 [pool-177-thread-1] INFO  server.RaftServerConfigKeys (ConfUtils.java:logGet(43)) - raft.server.rpc.timeout.min = 5s (custom)
2019-10-16 06:57:51,084 [pool-177-thread-1] INFO  server.RaftServerConfigKeys (ConfUtils.java:logGet(43)) - raft.server.rpc.timeout.max = 5200ms (custom)
2019-10-16 06:57:51,084 [pool-177-thread-1] INFO  server.RaftServerConfigKeys (ConfUtils.java:logGet(43)) - raft.server.rpcslowness.timeout = 120s (custom)
2019-10-16 06:57:51,084 [pool-177-thread-1] INFO  server.RaftServerConfigKeys (ConfUtils.java:logGet(43)) - raft.server.sleep.deviation.threshold = 300 (default)
2019-10-16 06:57:51,085 [pool-177-thread-1] INFO  server.RaftServerConfigKeys (ConfUtils.java:logGet(43)) - raft.server.log.appender.install.snapshot.enabled = false (custom)
2019-10-16 06:57:51,085 [pool-177-thread-1] INFO  impl.RaftServerImpl (ServerState.java:<init>(103)) - 76f342d4-a86a-47fc-aa54-2f94509c93ba@group-E055AE33D4AE: ConfigurationManager, init=-1: [76f342d4-a86a-47fc-aa54-2f94509c93ba:192.168.69.104:46296], old=null, confs=<EMPTY_MAP>
2019-10-16 06:57:51,085 [pool-177-thread-1] INFO  server.RaftServerConfigKeys (ConfUtils.java:logGet(43)) - raft.server.storage.dir = [/workdir/hadoop-ozone/ozonefs/target/test-dir/MiniOzoneClusterImpl-be24b942-68e8-4547-9fa7-2dfe0992c101/datanode-0/data/ratis] (custom)
2019-10-16 06:57:51,085 [pool-177-thread-1] INFO  server.RaftServerConfigKeys (ConfUtils.java:logGet(43)) - raft.server.log.corruption.policy = EXCEPTION (default)
2019-10-16 06:57:51,085 [pool-177-thread-1] INFO  storage.RaftStorageDirectory (RaftStorageDirectory.java:analyzeStorage(246)) - The storage directory /workdir/hadoop-ozone/ozonefs/target/test-dir/MiniOzoneClusterImpl-be24b942-68e8-4547-9fa7-2dfe0992c101/datanode-0/data/ratis/7943914d-f890-4a5d-a403-e055ae33d4ae does not exist. Creating ...
2019-10-16 06:57:51,103 [pool-177-thread-1] INFO  storage.RaftStorageDirectory (RaftStorageDirectory.java:tryLock(328)) - Lock on /workdir/hadoop-ozone/ozonefs/target/test-dir/MiniOzoneClusterImpl-be24b942-68e8-4547-9fa7-2dfe0992c101/datanode-0/data/ratis/7943914d-f890-4a5d-a403-e055ae33d4ae/in_use.lock acquired by nodename 15382@pr-hdds-2312-q6qzp-1535798719
2019-10-16 06:57:51,143 [pool-177-thread-1] INFO  storage.RaftStorage (RaftStorage.java:format(84)) - Storage directory /workdir/hadoop-ozone/ozonefs/target/test-dir/MiniOzoneClusterImpl-be24b942-68e8-4547-9fa7-2dfe0992c101/datanode-0/data/ratis/7943914d-f890-4a5d-a403-e055ae33d4ae has been successfully formatted.
2019-10-16 06:57:51,143 [pool-177-thread-1] INFO  ratis.ContainerStateMachine (ContainerStateMachine.java:loadSnapshot(231)) - group-E055AE33D4AE: The snapshot info is null. Setting the last applied indexto:(t:0, i:~)
2019-10-16 06:57:51,143 [pool-177-thread-1] INFO  server.RaftServerConfigKeys (ConfUtils.java:logGet(43)) - raft.server.notification.no-leader.timeout = 120s (custom)
2019-10-16 06:57:51,144 [pool-177-thread-1] INFO  server.RaftServerConfigKeys (ConfUtils.java:logGet(43)) - raft.server.log.use.memory = false (default)
2019-10-16 06:57:51,144 [pool-177-thread-1] INFO  server.RaftServerConfigKeys (ConfUtils.java:logGet(43)) - raft.server.log.purge.gap = 1000000 (custom)
2019-10-16 06:57:51,144 [pool-177-thread-1] INFO  server.RaftServerConfigKeys (ConfUtils.java:logGet(43)) - raft.server.log.appender.buffer.byte-limit = 33554432 (custom)
2019-10-16 06:57:51,144 [pool-177-thread-1] INFO  server.RaftServerConfigKeys (ConfUtils.java:logGet(43)) - raft.server.log.segment.size.max = 1048576 (custom)
2019-10-16 06:57:51,146 [pool-177-thread-1] INFO  server.RaftServerConfigKeys (ConfUtils.java:logGet(43)) - raft.server.log.segment.cache.num.max = 2 (custom)
2019-10-16 06:57:51,146 [pool-177-thread-1] INFO  segmented.SegmentedRaftLogWorker (SegmentedRaftLogWorker.java:<init>(173)) - new 76f342d4-a86a-47fc-aa54-2f94509c93ba@group-E055AE33D4AE-SegmentedRaftLogWorker for RaftStorage:Storage Directory /workdir/hadoop-ozone/ozonefs/target/test-dir/MiniOzoneClusterImpl-be24b942-68e8-4547-9fa7-2dfe0992c101/datanode-0/data/ratis/7943914d-f890-4a5d-a403-e055ae33d4ae
2019-10-16 06:57:51,146 [pool-177-thread-1] INFO  server.RaftServerConfigKeys (ConfUtils.java:logGet(43)) - raft.server.log.queue.byte-limit = 2147483647 (custom)
2019-10-16 06:57:51,146 [pool-177-thread-1] INFO  server.RaftServerConfigKeys (ConfUtils.java:logGet(43)) - raft.server.log.queue.element-limit = 1024 (custom)
2019-10-16 06:57:51,146 [pool-177-thread-1] INFO  server.RaftServerConfigKeys (ConfUtils.java:logGet(43)) - raft.server.log.segment.size.max = 1048576 (custom)
2019-10-16 06:57:51,146 [pool-177-thread-1] INFO  server.RaftServerConfigKeys (ConfUtils.java:logGet(43)) - raft.server.log.preallocated.size = 16384 (custom)
2019-10-16 06:57:51,146 [pool-177-thread-1] INFO  server.RaftServerConfigKeys (ConfUtils.java:logGet(43)) - raft.server.log.write.buffer.size = 33554432 (custom)
2019-10-16 06:57:51,147 [pool-177-thread-1] INFO  server.RaftServerConfigKeys (ConfUtils.java:logGet(43)) - raft.server.log.force.sync.num = 128 (default)
2019-10-16 06:57:51,147 [pool-177-thread-1] INFO  server.RaftServerConfigKeys (ConfUtils.java:logGet(43)) - raft.server.log.statemachine.data.sync = true (default)
2019-10-16 06:57:51,147 [pool-177-thread-1] INFO  server.RaftServerConfigKeys (ConfUtils.java:logGet(43)) - raft.server.log.statemachine.data.sync.timeout = 10s (default)
2019-10-16 06:57:51,147 [pool-177-thread-1] INFO  server.RaftServerConfigKeys (ConfUtils.java:logGet(43)) - raft.server.log.statemachine.data.sync.timeout.retry = -1 (default)
2019-10-16 06:57:51,147 [pool-177-thread-1] INFO  server.RaftServerConfigKeys (ConfUtils.java:logGet(43)) - raft.server.log.statemachine.data.caching.enabled = true (custom)
2019-10-16 06:57:51,148 [pool-177-thread-1] INFO  segmented.SegmentedRaftLogWorker (SegmentedRaftLogWorker.java:lambda$new$0(128)) - 76f342d4-a86a-47fc-aa54-2f94509c93ba@group-E055AE33D4AE-SegmentedRaftLogWorker: flushIndex: setUnconditionally 0 -> -1
2019-10-16 06:57:51,148 [pool-177-thread-1] INFO  server.RaftServerConfigKeys (ConfUtils.java:logGet(43)) - raft.server.snapshot.auto.trigger.enabled = true (custom)
2019-10-16 06:57:51,148 [pool-177-thread-1] INFO  server.RaftServerConfigKeys (ConfUtils.java:logGet(43)) - raft.server.snapshot.auto.trigger.threshold = 10000 (custom)
2019-10-16 06:57:51,148 [pool-177-thread-1] INFO  server.RaftServerConfigKeys (ConfUtils.java:logGet(43)) - raft.server.snapshot.retention.file.num = 5 (custom)
2019-10-16 06:57:51,148 [pool-177-thread-1] INFO  server.RaftServerConfigKeys (ConfUtils.java:logGet(43)) - raft.server.retrycache.expirytime = 600000ms (custom)
2019-10-16 06:57:51,151 [pool-177-thread-1] INFO  impl.RaftServerImpl (RaftServerImpl.java:start(195)) - 76f342d4-a86a-47fc-aa54-2f94509c93ba@group-E055AE33D4AE: start as a follower, conf=-1: [76f342d4-a86a-47fc-aa54-2f94509c93ba:192.168.69.104:46296], old=null
2019-10-16 06:57:51,151 [pool-177-thread-1] INFO  impl.RaftServerImpl (RaftServerImpl.java:setRole(184)) - 76f342d4-a86a-47fc-aa54-2f94509c93ba@group-E055AE33D4AE: changes role from      null to FOLLOWER at term 0 for startAsFollower
2019-10-16 06:57:51,151 [pool-177-thread-1] INFO  impl.RoleInfo (RoleInfo.java:updateAndGet(143)) - 76f342d4-a86a-47fc-aa54-2f94509c93ba: start FollowerState
2019-10-16 06:57:51,158 [pool-177-thread-1] INFO  util.JmxRegister (JmxRegister.java:tryRegister(44)) - Successfully registered JMX Bean with object name Ratis:service=RaftServer,group=group-E055AE33D4AE,id=76f342d4-a86a-47fc-aa54-2f94509c93ba
2019-10-16 06:57:51,165 [IPC Server handler 3 on 39581] INFO  net.NetworkTopology (NetworkTopologyImpl.java:add(111)) - Added a new node: /default-rack/fd81e216-9860-4ae9-bb70-b7f544d2aeb2
2019-10-16 06:57:51,165 [IPC Server handler 3 on 39581] INFO  node.SCMNodeManager (SCMNodeManager.java:register(268)) - Registered Data node : fd81e216-9860-4ae9-bb70-b7f544d2aeb2{ip: 192.168.69.104, host: pr-hdds-2312-q6qzp-1535798719, networkLocation: /default-rack, certSerialId: null}
2019-10-16 06:57:51,167 [RatisPipelineUtilsThread] INFO  pipeline.PipelineStateManager (PipelineStateManager.java:addPipeline(56)) - Created pipeline Pipeline[ Id: 7943914d-f890-4a5d-a403-e055ae33d4ae, Nodes: 76f342d4-a86a-47fc-aa54-2f94509c93ba{ip: 192.168.69.104, host: pr-hdds-2312-q6qzp-1535798719, networkLocation: /default-rack, certSerialId: null}, Type:RATIS, Factor:ONE, State:OPEN]
2019-10-16 06:57:51,175 [grpc-default-executor-0] INFO  impl.RaftServerProxy (RaftServerProxy.java:addNew(89)) - fd81e216-9860-4ae9-bb70-b7f544d2aeb2: addNew group-06FC276D744C:[fd81e216-9860-4ae9-bb70-b7f544d2aeb2:192.168.69.104:44985] returns group-06FC276D744C:java.util.concurrent.CompletableFuture@2270a3d8[Not completed]
2019-10-16 06:57:51,176 [pool-187-thread-1] INFO  impl.RaftServerImpl (RaftServerImpl.java:<init>(104)) - fd81e216-9860-4ae9-bb70-b7f544d2aeb2: new RaftServerImpl for group-06FC276D744C:[fd81e216-9860-4ae9-bb70-b7f544d2aeb2:192.168.69.104:44985] with ContainerStateMachine:uninitialized
2019-10-16 06:57:51,177 [pool-187-thread-1] INFO  server.RaftServerConfigKeys (ConfUtils.java:logGet(43)) - raft.server.rpc.timeout.min = 5s (custom)
2019-10-16 06:57:51,177 [pool-187-thread-1] INFO  server.RaftServerConfigKeys (ConfUtils.java:logGet(43)) - raft.server.rpc.timeout.max = 5200ms (custom)
2019-10-16 06:57:51,177 [pool-187-thread-1] INFO  server.RaftServerConfigKeys (ConfUtils.java:logGet(43)) - raft.server.rpcslowness.timeout = 120s (custom)
2019-10-16 06:57:51,177 [pool-187-thread-1] INFO  server.RaftServerConfigKeys (ConfUtils.java:logGet(43)) - raft.server.sleep.deviation.threshold = 300 (default)
2019-10-16 06:57:51,177 [pool-187-thread-1] INFO  server.RaftServerConfigKeys (ConfUtils.java:logGet(43)) - raft.server.log.appender.install.snapshot.enabled = false (custom)
2019-10-16 06:57:51,177 [pool-187-thread-1] INFO  impl.RaftServerImpl (ServerState.java:<init>(103)) - fd81e216-9860-4ae9-bb70-b7f544d2aeb2@group-06FC276D744C: ConfigurationManager, init=-1: [fd81e216-9860-4ae9-bb70-b7f544d2aeb2:192.168.69.104:44985], old=null, confs=<EMPTY_MAP>
2019-10-16 06:57:51,177 [pool-187-thread-1] INFO  server.RaftServerConfigKeys (ConfUtils.java:logGet(43)) - raft.server.storage.dir = [/workdir/hadoop-ozone/ozonefs/target/test-dir/MiniOzoneClusterImpl-be24b942-68e8-4547-9fa7-2dfe0992c101/datanode-1/data/ratis] (custom)
2019-10-16 06:57:51,178 [pool-187-thread-1] INFO  server.RaftServerConfigKeys (ConfUtils.java:logGet(43)) - raft.server.log.corruption.policy = EXCEPTION (default)
2019-10-16 06:57:51,178 [pool-187-thread-1] INFO  storage.RaftStorageDirectory (RaftStorageDirectory.java:analyzeStorage(246)) - The storage directory /workdir/hadoop-ozone/ozonefs/target/test-dir/MiniOzoneClusterImpl-be24b942-68e8-4547-9fa7-2dfe0992c101/datanode-1/data/ratis/1413d32e-16ee-4033-9e9e-06fc276d744c does not exist. Creating ...
2019-10-16 06:57:51,203 [pool-187-thread-1] INFO  storage.RaftStorageDirectory (RaftStorageDirectory.java:tryLock(328)) - Lock on /workdir/hadoop-ozone/ozonefs/target/test-dir/MiniOzoneClusterImpl-be24b942-68e8-4547-9fa7-2dfe0992c101/datanode-1/data/ratis/1413d32e-16ee-4033-9e9e-06fc276d744c/in_use.lock acquired by nodename 15382@pr-hdds-2312-q6qzp-1535798719
2019-10-16 06:57:51,216 [pool-187-thread-1] INFO  storage.RaftStorage (RaftStorage.java:format(84)) - Storage directory /workdir/hadoop-ozone/ozonefs/target/test-dir/MiniOzoneClusterImpl-be24b942-68e8-4547-9fa7-2dfe0992c101/datanode-1/data/ratis/1413d32e-16ee-4033-9e9e-06fc276d744c has been successfully formatted.
2019-10-16 06:57:51,216 [pool-187-thread-1] INFO  ratis.ContainerStateMachine (ContainerStateMachine.java:loadSnapshot(231)) - group-06FC276D744C: The snapshot info is null. Setting the last applied indexto:(t:0, i:~)
2019-10-16 06:57:51,217 [pool-187-thread-1] INFO  server.RaftServerConfigKeys (ConfUtils.java:logGet(43)) - raft.server.notification.no-leader.timeout = 120s (custom)
2019-10-16 06:57:51,217 [pool-187-thread-1] INFO  server.RaftServerConfigKeys (ConfUtils.java:logGet(43)) - raft.server.log.use.memory = false (default)
2019-10-16 06:57:51,217 [pool-187-thread-1] INFO  server.RaftServerConfigKeys (ConfUtils.java:logGet(43)) - raft.server.log.purge.gap = 1000000 (custom)
2019-10-16 06:57:51,217 [pool-187-thread-1] INFO  server.RaftServerConfigKeys (ConfUtils.java:logGet(43)) - raft.server.log.appender.buffer.byte-limit = 33554432 (custom)
2019-10-16 06:57:51,217 [pool-187-thread-1] INFO  server.RaftServerConfigKeys (ConfUtils.java:logGet(43)) - raft.server.log.segment.size.max = 1048576 (custom)
2019-10-16 06:57:51,219 [pool-187-thread-1] INFO  server.RaftServerConfigKeys (ConfUtils.java:logGet(43)) - raft.server.log.segment.cache.num.max = 2 (custom)
2019-10-16 06:57:51,219 [pool-187-thread-1] INFO  segmented.SegmentedRaftLogWorker (SegmentedRaftLogWorker.java:<init>(173)) - new fd81e216-9860-4ae9-bb70-b7f544d2aeb2@group-06FC276D744C-SegmentedRaftLogWorker for RaftStorage:Storage Directory /workdir/hadoop-ozone/ozonefs/target/test-dir/MiniOzoneClusterImpl-be24b942-68e8-4547-9fa7-2dfe0992c101/datanode-1/data/ratis/1413d32e-16ee-4033-9e9e-06fc276d744c
2019-10-16 06:57:51,219 [pool-187-thread-1] INFO  server.RaftServerConfigKeys (ConfUtils.java:logGet(43)) - raft.server.log.queue.byte-limit = 2147483647 (custom)
2019-10-16 06:57:51,219 [pool-187-thread-1] INFO  server.RaftServerConfigKeys (ConfUtils.java:logGet(43)) - raft.server.log.queue.element-limit = 1024 (custom)
2019-10-16 06:57:51,220 [pool-187-thread-1] INFO  server.RaftServerConfigKeys (ConfUtils.java:logGet(43)) - raft.server.log.segment.size.max = 1048576 (custom)
2019-10-16 06:57:51,220 [pool-187-thread-1] INFO  server.RaftServerConfigKeys (ConfUtils.java:logGet(43)) - raft.server.log.preallocated.size = 16384 (custom)
2019-10-16 06:57:51,220 [pool-187-thread-1] INFO  server.RaftServerConfigKeys (ConfUtils.java:logGet(43)) - raft.server.log.write.buffer.size = 33554432 (custom)
2019-10-16 06:57:51,220 [pool-187-thread-1] INFO  server.RaftServerConfigKeys (ConfUtils.java:logGet(43)) - raft.server.log.force.sync.num = 128 (default)
2019-10-16 06:57:51,220 [pool-187-thread-1] INFO  server.RaftServerConfigKeys (ConfUtils.java:logGet(43)) - raft.server.log.statemachine.data.sync = true (default)
2019-10-16 06:57:51,220 [pool-187-thread-1] INFO  server.RaftServerConfigKeys (ConfUtils.java:logGet(43)) - raft.server.log.statemachine.data.sync.timeout = 10s (default)
2019-10-16 06:57:51,220 [pool-187-thread-1] INFO  server.RaftServerConfigKeys (ConfUtils.java:logGet(43)) - raft.server.log.statemachine.data.sync.timeout.retry = -1 (default)
2019-10-16 06:57:51,221 [pool-187-thread-1] INFO  server.RaftServerConfigKeys (ConfUtils.java:logGet(43)) - raft.server.log.statemachine.data.caching.enabled = true (custom)
2019-10-16 06:57:51,221 [pool-187-thread-1] INFO  segmented.SegmentedRaftLogWorker (SegmentedRaftLogWorker.java:lambda$new$0(128)) - fd81e216-9860-4ae9-bb70-b7f544d2aeb2@group-06FC276D744C-SegmentedRaftLogWorker: flushIndex: setUnconditionally 0 -> -1
2019-10-16 06:57:51,221 [pool-187-thread-1] INFO  server.RaftServerConfigKeys (ConfUtils.java:logGet(43)) - raft.server.snapshot.auto.trigger.enabled = true (custom)
2019-10-16 06:57:51,222 [pool-187-thread-1] INFO  server.RaftServerConfigKeys (ConfUtils.java:logGet(43)) - raft.server.snapshot.auto.trigger.threshold = 10000 (custom)
2019-10-16 06:57:51,222 [pool-187-thread-1] INFO  server.RaftServerConfigKeys (ConfUtils.java:logGet(43)) - raft.server.snapshot.retention.file.num = 5 (custom)
2019-10-16 06:57:51,222 [pool-187-thread-1] INFO  server.RaftServerConfigKeys (ConfUtils.java:logGet(43)) - raft.server.retrycache.expirytime = 600000ms (custom)
2019-10-16 06:57:51,225 [pool-187-thread-1] INFO  impl.RaftServerImpl (RaftServerImpl.java:start(195)) - fd81e216-9860-4ae9-bb70-b7f544d2aeb2@group-06FC276D744C: start as a follower, conf=-1: [fd81e216-9860-4ae9-bb70-b7f544d2aeb2:192.168.69.104:44985], old=null
2019-10-16 06:57:51,225 [pool-187-thread-1] INFO  impl.RaftServerImpl (RaftServerImpl.java:setRole(184)) - fd81e216-9860-4ae9-bb70-b7f544d2aeb2@group-06FC276D744C: changes role from      null to FOLLOWER at term 0 for startAsFollower
2019-10-16 06:57:51,225 [pool-187-thread-1] INFO  impl.RoleInfo (RoleInfo.java:updateAndGet(143)) - fd81e216-9860-4ae9-bb70-b7f544d2aeb2: start FollowerState
2019-10-16 06:57:51,226 [pool-187-thread-1] INFO  util.JmxRegister (JmxRegister.java:tryRegister(44)) - Successfully registered JMX Bean with object name Ratis:service=RaftServer,group=group-06FC276D744C,id=fd81e216-9860-4ae9-bb70-b7f544d2aeb2
2019-10-16 06:57:51,232 [RatisPipelineUtilsThread] INFO  pipeline.PipelineStateManager (PipelineStateManager.java:addPipeline(56)) - Created pipeline Pipeline[ Id: 1413d32e-16ee-4033-9e9e-06fc276d744c, Nodes: fd81e216-9860-4ae9-bb70-b7f544d2aeb2{ip: 192.168.69.104, host: pr-hdds-2312-q6qzp-1535798719, networkLocation: /default-rack, certSerialId: null}, Type:RATIS, Factor:ONE, State:OPEN]
2019-10-16 06:57:51,235 [Thread-700] INFO  ozone.MiniOzoneClusterImpl (MiniOzoneClusterImpl.java:lambda$waitForClusterToBeReady$0(147)) - Waiting for cluster to be ready. Got 2 of 3 DN Heartbeats.
2019-10-16 06:57:51,236 [IPC Server handler 2 on 39581] INFO  net.NetworkTopology (NetworkTopologyImpl.java:add(111)) - Added a new node: /default-rack/11335fb0-a575-488f-a83c-ad4b548f39f3
2019-10-16 06:57:51,236 [IPC Server handler 2 on 39581] INFO  node.SCMNodeManager (SCMNodeManager.java:register(268)) - Registered Data node : 11335fb0-a575-488f-a83c-ad4b548f39f3{ip: 192.168.69.104, host: pr-hdds-2312-q6qzp-1535798719, networkLocation: /default-rack, certSerialId: null}
2019-10-16 06:57:51,244 [grpc-default-executor-0] INFO  impl.RaftServerProxy (RaftServerProxy.java:addNew(89)) - 11335fb0-a575-488f-a83c-ad4b548f39f3: addNew group-BDE61F0AA06D:[11335fb0-a575-488f-a83c-ad4b548f39f3:192.168.69.104:39254] returns group-BDE61F0AA06D:java.util.concurrent.CompletableFuture@1e3df5da[Not completed]
2019-10-16 06:57:51,246 [pool-197-thread-1] INFO  impl.RaftServerImpl (RaftServerImpl.java:<init>(104)) - 11335fb0-a575-488f-a83c-ad4b548f39f3: new RaftServerImpl for group-BDE61F0AA06D:[11335fb0-a575-488f-a83c-ad4b548f39f3:192.168.69.104:39254] with ContainerStateMachine:uninitialized
2019-10-16 06:57:51,246 [pool-197-thread-1] INFO  server.RaftServerConfigKeys (ConfUtils.java:logGet(43)) - raft.server.rpc.timeout.min = 5s (custom)
2019-10-16 06:57:51,246 [pool-197-thread-1] INFO  server.RaftServerConfigKeys (ConfUtils.java:logGet(43)) - raft.server.rpc.timeout.max = 5200ms (custom)
2019-10-16 06:57:51,246 [pool-197-thread-1] INFO  server.RaftServerConfigKeys (ConfUtils.java:logGet(43)) - raft.server.rpcslowness.timeout = 120s (custom)
2019-10-16 06:57:51,246 [pool-197-thread-1] INFO  server.RaftServerConfigKeys (ConfUtils.java:logGet(43)) - raft.server.sleep.deviation.threshold = 300 (default)
2019-10-16 06:57:51,246 [pool-197-thread-1] INFO  server.RaftServerConfigKeys (ConfUtils.java:logGet(43)) - raft.server.log.appender.install.snapshot.enabled = false (custom)
2019-10-16 06:57:51,246 [pool-197-thread-1] INFO  impl.RaftServerImpl (ServerState.java:<init>(103)) - 11335fb0-a575-488f-a83c-ad4b548f39f3@group-BDE61F0AA06D: ConfigurationManager, init=-1: [11335fb0-a575-488f-a83c-ad4b548f39f3:192.168.69.104:39254], old=null, confs=<EMPTY_MAP>
2019-10-16 06:57:51,247 [pool-197-thread-1] INFO  server.RaftServerConfigKeys (ConfUtils.java:logGet(43)) - raft.server.storage.dir = [/workdir/hadoop-ozone/ozonefs/target/test-dir/MiniOzoneClusterImpl-be24b942-68e8-4547-9fa7-2dfe0992c101/datanode-2/data/ratis] (custom)
2019-10-16 06:57:51,247 [pool-197-thread-1] INFO  server.RaftServerConfigKeys (ConfUtils.java:logGet(43)) - raft.server.log.corruption.policy = EXCEPTION (default)
2019-10-16 06:57:51,247 [pool-197-thread-1] INFO  storage.RaftStorageDirectory (RaftStorageDirectory.java:analyzeStorage(246)) - The storage directory /workdir/hadoop-ozone/ozonefs/target/test-dir/MiniOzoneClusterImpl-be24b942-68e8-4547-9fa7-2dfe0992c101/datanode-2/data/ratis/dfe25711-07fc-4022-992a-bde61f0aa06d does not exist. Creating ...
2019-10-16 06:57:51,261 [pool-197-thread-1] INFO  storage.RaftStorageDirectory (RaftStorageDirectory.java:tryLock(328)) - Lock on /workdir/hadoop-ozone/ozonefs/target/test-dir/MiniOzoneClusterImpl-be24b942-68e8-4547-9fa7-2dfe0992c101/datanode-2/data/ratis/dfe25711-07fc-4022-992a-bde61f0aa06d/in_use.lock acquired by nodename 15382@pr-hdds-2312-q6qzp-1535798719
2019-10-16 06:57:51,274 [pool-197-thread-1] INFO  storage.RaftStorage (RaftStorage.java:format(84)) - Storage directory /workdir/hadoop-ozone/ozonefs/target/test-dir/MiniOzoneClusterImpl-be24b942-68e8-4547-9fa7-2dfe0992c101/datanode-2/data/ratis/dfe25711-07fc-4022-992a-bde61f0aa06d has been successfully formatted.
2019-10-16 06:57:51,274 [pool-197-thread-1] INFO  ratis.ContainerStateMachine (ContainerStateMachine.java:loadSnapshot(231)) - group-BDE61F0AA06D: The snapshot info is null. Setting the last applied indexto:(t:0, i:~)
2019-10-16 06:57:51,274 [pool-197-thread-1] INFO  server.RaftServerConfigKeys (ConfUtils.java:logGet(43)) - raft.server.notification.no-leader.timeout = 120s (custom)
2019-10-16 06:57:51,274 [pool-197-thread-1] INFO  server.RaftServerConfigKeys (ConfUtils.java:logGet(43)) - raft.server.log.use.memory = false (default)
2019-10-16 06:57:51,274 [pool-197-thread-1] INFO  server.RaftServerConfigKeys (ConfUtils.java:logGet(43)) - raft.server.log.purge.gap = 1000000 (custom)
2019-10-16 06:57:51,275 [pool-197-thread-1] INFO  server.RaftServerConfigKeys (ConfUtils.java:logGet(43)) - raft.server.log.appender.buffer.byte-limit = 33554432 (custom)
2019-10-16 06:57:51,275 [pool-197-thread-1] INFO  server.RaftServerConfigKeys (ConfUtils.java:logGet(43)) - raft.server.log.segment.size.max = 1048576 (custom)
2019-10-16 06:57:51,277 [pool-197-thread-1] INFO  server.RaftServerConfigKeys (ConfUtils.java:logGet(43)) - raft.server.log.segment.cache.num.max = 2 (custom)
2019-10-16 06:57:51,277 [pool-197-thread-1] INFO  segmented.SegmentedRaftLogWorker (SegmentedRaftLogWorker.java:<init>(173)) - new 11335fb0-a575-488f-a83c-ad4b548f39f3@group-BDE61F0AA06D-SegmentedRaftLogWorker for RaftStorage:Storage Directory /workdir/hadoop-ozone/ozonefs/target/test-dir/MiniOzoneClusterImpl-be24b942-68e8-4547-9fa7-2dfe0992c101/datanode-2/data/ratis/dfe25711-07fc-4022-992a-bde61f0aa06d
2019-10-16 06:57:51,277 [pool-197-thread-1] INFO  server.RaftServerConfigKeys (ConfUtils.java:logGet(43)) - raft.server.log.queue.byte-limit = 2147483647 (custom)
2019-10-16 06:57:51,277 [pool-197-thread-1] INFO  server.RaftServerConfigKeys (ConfUtils.java:logGet(43)) - raft.server.log.queue.element-limit = 1024 (custom)
2019-10-16 06:57:51,277 [pool-197-thread-1] INFO  server.RaftServerConfigKeys (ConfUtils.java:logGet(43)) - raft.server.log.segment.size.max = 1048576 (custom)
2019-10-16 06:57:51,277 [pool-197-thread-1] INFO  server.RaftServerConfigKeys (ConfUtils.java:logGet(43)) - raft.server.log.preallocated.size = 16384 (custom)
2019-10-16 06:57:51,278 [pool-197-thread-1] INFO  server.RaftServerConfigKeys (ConfUtils.java:logGet(43)) - raft.server.log.write.buffer.size = 33554432 (custom)
2019-10-16 06:57:51,278 [pool-197-thread-1] INFO  server.RaftServerConfigKeys (ConfUtils.java:logGet(43)) - raft.server.log.force.sync.num = 128 (default)
2019-10-16 06:57:51,278 [pool-197-thread-1] INFO  server.RaftServerConfigKeys (ConfUtils.java:logGet(43)) - raft.server.log.statemachine.data.sync = true (default)
2019-10-16 06:57:51,278 [pool-197-thread-1] INFO  server.RaftServerConfigKeys (ConfUtils.java:logGet(43)) - raft.server.log.statemachine.data.sync.timeout = 10s (default)
2019-10-16 06:57:51,278 [pool-197-thread-1] INFO  server.RaftServerConfigKeys (ConfUtils.java:logGet(43)) - raft.server.log.statemachine.data.sync.timeout.retry = -1 (default)
2019-10-16 06:57:51,279 [pool-197-thread-1] INFO  server.RaftServerConfigKeys (ConfUtils.java:logGet(43)) - raft.server.log.statemachine.data.caching.enabled = true (custom)
2019-10-16 06:57:51,279 [pool-197-thread-1] INFO  segmented.SegmentedRaftLogWorker (SegmentedRaftLogWorker.java:lambda$new$0(128)) - 11335fb0-a575-488f-a83c-ad4b548f39f3@group-BDE61F0AA06D-SegmentedRaftLogWorker: flushIndex: setUnconditionally 0 -> -1
2019-10-16 06:57:51,279 [pool-197-thread-1] INFO  server.RaftServerConfigKeys (ConfUtils.java:logGet(43)) - raft.server.snapshot.auto.trigger.enabled = true (custom)
2019-10-16 06:57:51,279 [pool-197-thread-1] INFO  server.RaftServerConfigKeys (ConfUtils.java:logGet(43)) - raft.server.snapshot.auto.trigger.threshold = 10000 (custom)
2019-10-16 06:57:51,279 [pool-197-thread-1] INFO  server.RaftServerConfigKeys (ConfUtils.java:logGet(43)) - raft.server.snapshot.retention.file.num = 5 (custom)
2019-10-16 06:57:51,280 [pool-197-thread-1] INFO  server.RaftServerConfigKeys (ConfUtils.java:logGet(43)) - raft.server.retrycache.expirytime = 600000ms (custom)
2019-10-16 06:57:51,284 [pool-197-thread-1] INFO  impl.RaftServerImpl (RaftServerImpl.java:start(195)) - 11335fb0-a575-488f-a83c-ad4b548f39f3@group-BDE61F0AA06D: start as a follower, conf=-1: [11335fb0-a575-488f-a83c-ad4b548f39f3:192.168.69.104:39254], old=null
2019-10-16 06:57:51,284 [pool-197-thread-1] INFO  impl.RaftServerImpl (RaftServerImpl.java:setRole(184)) - 11335fb0-a575-488f-a83c-ad4b548f39f3@group-BDE61F0AA06D: changes role from      null to FOLLOWER at term 0 for startAsFollower
2019-10-16 06:57:51,284 [pool-197-thread-1] INFO  impl.RoleInfo (RoleInfo.java:updateAndGet(143)) - 11335fb0-a575-488f-a83c-ad4b548f39f3: start FollowerState
2019-10-16 06:57:51,284 [pool-197-thread-1] INFO  util.JmxRegister (JmxRegister.java:tryRegister(44)) - Successfully registered JMX Bean with object name Ratis:service=RaftServer,group=group-BDE61F0AA06D,id=11335fb0-a575-488f-a83c-ad4b548f39f3
2019-10-16 06:57:51,290 [RatisPipelineUtilsThread] INFO  pipeline.PipelineStateManager (PipelineStateManager.java:addPipeline(56)) - Created pipeline Pipeline[ Id: dfe25711-07fc-4022-992a-bde61f0aa06d, Nodes: 11335fb0-a575-488f-a83c-ad4b548f39f3{ip: 192.168.69.104, host: pr-hdds-2312-q6qzp-1535798719, networkLocation: /default-rack, certSerialId: null}, Type:RATIS, Factor:ONE, State:OPEN]
2019-10-16 06:57:51,311 [grpc-default-executor-1] INFO  impl.RaftServerProxy (RaftServerProxy.java:addNew(89)) - fd81e216-9860-4ae9-bb70-b7f544d2aeb2: addNew group-108048679794:[fd81e216-9860-4ae9-bb70-b7f544d2aeb2:192.168.69.104:44985, 76f342d4-a86a-47fc-aa54-2f94509c93ba:192.168.69.104:46296, 11335fb0-a575-488f-a83c-ad4b548f39f3:192.168.69.104:39254] returns group-108048679794:java.util.concurrent.CompletableFuture@73d6b27[Not completed]
2019-10-16 06:57:51,311 [grpc-default-executor-2] INFO  impl.RaftServerProxy (RaftServerProxy.java:addNew(89)) - 76f342d4-a86a-47fc-aa54-2f94509c93ba: addNew group-108048679794:[fd81e216-9860-4ae9-bb70-b7f544d2aeb2:192.168.69.104:44985, 76f342d4-a86a-47fc-aa54-2f94509c93ba:192.168.69.104:46296, 11335fb0-a575-488f-a83c-ad4b548f39f3:192.168.69.104:39254] returns group-108048679794:java.util.concurrent.CompletableFuture@2b980935[Not completed]
2019-10-16 06:57:51,312 [pool-177-thread-1] INFO  impl.RaftServerImpl (RaftServerImpl.java:<init>(104)) - 76f342d4-a86a-47fc-aa54-2f94509c93ba: new RaftServerImpl for group-108048679794:[fd81e216-9860-4ae9-bb70-b7f544d2aeb2:192.168.69.104:44985, 76f342d4-a86a-47fc-aa54-2f94509c93ba:192.168.69.104:46296, 11335fb0-a575-488f-a83c-ad4b548f39f3:192.168.69.104:39254] with ContainerStateMachine:uninitialized
2019-10-16 06:57:51,312 [pool-177-thread-1] INFO  server.RaftServerConfigKeys (ConfUtils.java:logGet(43)) - raft.server.rpc.timeout.min = 5s (custom)
2019-10-16 06:57:51,312 [pool-177-thread-1] INFO  server.RaftServerConfigKeys (ConfUtils.java:logGet(43)) - raft.server.rpc.timeout.max = 5200ms (custom)
2019-10-16 06:57:51,312 [grpc-default-executor-2] INFO  impl.RaftServerProxy (RaftServerProxy.java:addNew(89)) - 11335fb0-a575-488f-a83c-ad4b548f39f3: addNew group-108048679794:[fd81e216-9860-4ae9-bb70-b7f544d2aeb2:192.168.69.104:44985, 76f342d4-a86a-47fc-aa54-2f94509c93ba:192.168.69.104:46296, 11335fb0-a575-488f-a83c-ad4b548f39f3:192.168.69.104:39254] returns group-108048679794:java.util.concurrent.CompletableFuture@6e9a9222[Not completed]
2019-10-16 06:57:51,312 [pool-177-thread-1] INFO  server.RaftServerConfigKeys (ConfUtils.java:logGet(43)) - raft.server.rpcslowness.timeout = 120s (custom)
2019-10-16 06:57:51,313 [pool-177-thread-1] INFO  server.RaftServerConfigKeys (ConfUtils.java:logGet(43)) - raft.server.sleep.deviation.threshold = 300 (default)
2019-10-16 06:57:51,313 [pool-177-thread-1] INFO  server.RaftServerConfigKeys (ConfUtils.java:logGet(43)) - raft.server.log.appender.install.snapshot.enabled = false (custom)
2019-10-16 06:57:51,313 [pool-187-thread-1] INFO  impl.RaftServerImpl (RaftServerImpl.java:<init>(104)) - fd81e216-9860-4ae9-bb70-b7f544d2aeb2: new RaftServerImpl for group-108048679794:[fd81e216-9860-4ae9-bb70-b7f544d2aeb2:192.168.69.104:44985, 76f342d4-a86a-47fc-aa54-2f94509c93ba:192.168.69.104:46296, 11335fb0-a575-488f-a83c-ad4b548f39f3:192.168.69.104:39254] with ContainerStateMachine:uninitialized
2019-10-16 06:57:51,313 [pool-177-thread-1] INFO  impl.RaftServerImpl (ServerState.java:<init>(103)) - 76f342d4-a86a-47fc-aa54-2f94509c93ba@group-108048679794: ConfigurationManager, init=-1: [fd81e216-9860-4ae9-bb70-b7f544d2aeb2:192.168.69.104:44985, 76f342d4-a86a-47fc-aa54-2f94509c93ba:192.168.69.104:46296, 11335fb0-a575-488f-a83c-ad4b548f39f3:192.168.69.104:39254], old=null, confs=<EMPTY_MAP>
2019-10-16 06:57:51,313 [pool-187-thread-1] INFO  server.RaftServerConfigKeys (ConfUtils.java:logGet(43)) - raft.server.rpc.timeout.min = 5s (custom)
2019-10-16 06:57:51,313 [pool-177-thread-1] INFO  server.RaftServerConfigKeys (ConfUtils.java:logGet(43)) - raft.server.storage.dir = [/workdir/hadoop-ozone/ozonefs/target/test-dir/MiniOzoneClusterImpl-be24b942-68e8-4547-9fa7-2dfe0992c101/datanode-0/data/ratis] (custom)
2019-10-16 06:57:51,313 [pool-187-thread-1] INFO  server.RaftServerConfigKeys (ConfUtils.java:logGet(43)) - raft.server.rpc.timeout.max = 5200ms (custom)
2019-10-16 06:57:51,313 [pool-187-thread-1] INFO  server.RaftServerConfigKeys (ConfUtils.java:logGet(43)) - raft.server.rpcslowness.timeout = 120s (custom)
2019-10-16 06:57:51,313 [pool-177-thread-1] INFO  server.RaftServerConfigKeys (ConfUtils.java:logGet(43)) - raft.server.log.corruption.policy = EXCEPTION (default)
2019-10-16 06:57:51,313 [pool-187-thread-1] INFO  server.RaftServerConfigKeys (ConfUtils.java:logGet(43)) - raft.server.sleep.deviation.threshold = 300 (default)
2019-10-16 06:57:51,314 [pool-177-thread-1] INFO  storage.RaftStorageDirectory (RaftStorageDirectory.java:analyzeStorage(246)) - The storage directory /workdir/hadoop-ozone/ozonefs/target/test-dir/MiniOzoneClusterImpl-be24b942-68e8-4547-9fa7-2dfe0992c101/datanode-0/data/ratis/5174077c-68f5-4f46-8008-108048679794 does not exist. Creating ...
2019-10-16 06:57:51,314 [pool-187-thread-1] INFO  server.RaftServerConfigKeys (ConfUtils.java:logGet(43)) - raft.server.log.appender.install.snapshot.enabled = false (custom)
2019-10-16 06:57:51,314 [pool-187-thread-1] INFO  impl.RaftServerImpl (ServerState.java:<init>(103)) - fd81e216-9860-4ae9-bb70-b7f544d2aeb2@group-108048679794: ConfigurationManager, init=-1: [fd81e216-9860-4ae9-bb70-b7f544d2aeb2:192.168.69.104:44985, 76f342d4-a86a-47fc-aa54-2f94509c93ba:192.168.69.104:46296, 11335fb0-a575-488f-a83c-ad4b548f39f3:192.168.69.104:39254], old=null, confs=<EMPTY_MAP>
2019-10-16 06:57:51,314 [pool-197-thread-1] INFO  impl.RaftServerImpl (RaftServerImpl.java:<init>(104)) - 11335fb0-a575-488f-a83c-ad4b548f39f3: new RaftServerImpl for group-108048679794:[fd81e216-9860-4ae9-bb70-b7f544d2aeb2:192.168.69.104:44985, 76f342d4-a86a-47fc-aa54-2f94509c93ba:192.168.69.104:46296, 11335fb0-a575-488f-a83c-ad4b548f39f3:192.168.69.104:39254] with ContainerStateMachine:uninitialized
2019-10-16 06:57:51,314 [pool-187-thread-1] INFO  server.RaftServerConfigKeys (ConfUtils.java:logGet(43)) - raft.server.storage.dir = [/workdir/hadoop-ozone/ozonefs/target/test-dir/MiniOzoneClusterImpl-be24b942-68e8-4547-9fa7-2dfe0992c101/datanode-1/data/ratis] (custom)
2019-10-16 06:57:51,314 [pool-197-thread-1] INFO  server.RaftServerConfigKeys (ConfUtils.java:logGet(43)) - raft.server.rpc.timeout.min = 5s (custom)
2019-10-16 06:57:51,314 [pool-187-thread-1] INFO  server.RaftServerConfigKeys (ConfUtils.java:logGet(43)) - raft.server.log.corruption.policy = EXCEPTION (default)
2019-10-16 06:57:51,314 [pool-197-thread-1] INFO  server.RaftServerConfigKeys (ConfUtils.java:logGet(43)) - raft.server.rpc.timeout.max = 5200ms (custom)
2019-10-16 06:57:51,314 [pool-187-thread-1] INFO  storage.RaftStorageDirectory (RaftStorageDirectory.java:analyzeStorage(246)) - The storage directory /workdir/hadoop-ozone/ozonefs/target/test-dir/MiniOzoneClusterImpl-be24b942-68e8-4547-9fa7-2dfe0992c101/datanode-1/data/ratis/5174077c-68f5-4f46-8008-108048679794 does not exist. Creating ...
2019-10-16 06:57:51,315 [pool-197-thread-1] INFO  server.RaftServerConfigKeys (ConfUtils.java:logGet(43)) - raft.server.rpcslowness.timeout = 120s (custom)
2019-10-16 06:57:51,315 [pool-197-thread-1] INFO  server.RaftServerConfigKeys (ConfUtils.java:logGet(43)) - raft.server.sleep.deviation.threshold = 300 (default)
2019-10-16 06:57:51,315 [pool-197-thread-1] INFO  server.RaftServerConfigKeys (ConfUtils.java:logGet(43)) - raft.server.log.appender.install.snapshot.enabled = false (custom)
2019-10-16 06:57:51,315 [pool-197-thread-1] INFO  impl.RaftServerImpl (ServerState.java:<init>(103)) - 11335fb0-a575-488f-a83c-ad4b548f39f3@group-108048679794: ConfigurationManager, init=-1: [fd81e216-9860-4ae9-bb70-b7f544d2aeb2:192.168.69.104:44985, 76f342d4-a86a-47fc-aa54-2f94509c93ba:192.168.69.104:46296, 11335fb0-a575-488f-a83c-ad4b548f39f3:192.168.69.104:39254], old=null, confs=<EMPTY_MAP>
2019-10-16 06:57:51,315 [pool-197-thread-1] INFO  server.RaftServerConfigKeys (ConfUtils.java:logGet(43)) - raft.server.storage.dir = [/workdir/hadoop-ozone/ozonefs/target/test-dir/MiniOzoneClusterImpl-be24b942-68e8-4547-9fa7-2dfe0992c101/datanode-2/data/ratis] (custom)
2019-10-16 06:57:51,315 [pool-197-thread-1] INFO  server.RaftServerConfigKeys (ConfUtils.java:logGet(43)) - raft.server.log.corruption.policy = EXCEPTION (default)
2019-10-16 06:57:51,316 [pool-197-thread-1] INFO  storage.RaftStorageDirectory (RaftStorageDirectory.java:analyzeStorage(246)) - The storage directory /workdir/hadoop-ozone/ozonefs/target/test-dir/MiniOzoneClusterImpl-be24b942-68e8-4547-9fa7-2dfe0992c101/datanode-2/data/ratis/5174077c-68f5-4f46-8008-108048679794 does not exist. Creating ...
2019-10-16 06:57:51,319 [pool-177-thread-1] INFO  storage.RaftStorageDirectory (RaftStorageDirectory.java:tryLock(328)) - Lock on /workdir/hadoop-ozone/ozonefs/target/test-dir/MiniOzoneClusterImpl-be24b942-68e8-4547-9fa7-2dfe0992c101/datanode-0/data/ratis/5174077c-68f5-4f46-8008-108048679794/in_use.lock acquired by nodename 15382@pr-hdds-2312-q6qzp-1535798719
2019-10-16 06:57:51,319 [pool-187-thread-1] INFO  storage.RaftStorageDirectory (RaftStorageDirectory.java:tryLock(328)) - Lock on /workdir/hadoop-ozone/ozonefs/target/test-dir/MiniOzoneClusterImpl-be24b942-68e8-4547-9fa7-2dfe0992c101/datanode-1/data/ratis/5174077c-68f5-4f46-8008-108048679794/in_use.lock acquired by nodename 15382@pr-hdds-2312-q6qzp-1535798719
2019-10-16 06:57:51,319 [pool-197-thread-1] INFO  storage.RaftStorageDirectory (RaftStorageDirectory.java:tryLock(328)) - Lock on /workdir/hadoop-ozone/ozonefs/target/test-dir/MiniOzoneClusterImpl-be24b942-68e8-4547-9fa7-2dfe0992c101/datanode-2/data/ratis/5174077c-68f5-4f46-8008-108048679794/in_use.lock acquired by nodename 15382@pr-hdds-2312-q6qzp-1535798719
2019-10-16 06:57:51,334 [pool-177-thread-1] INFO  storage.RaftStorage (RaftStorage.java:format(84)) - Storage directory /workdir/hadoop-ozone/ozonefs/target/test-dir/MiniOzoneClusterImpl-be24b942-68e8-4547-9fa7-2dfe0992c101/datanode-0/data/ratis/5174077c-68f5-4f46-8008-108048679794 has been successfully formatted.
2019-10-16 06:57:51,334 [pool-187-thread-1] INFO  storage.RaftStorage (RaftStorage.java:format(84)) - Storage directory /workdir/hadoop-ozone/ozonefs/target/test-dir/MiniOzoneClusterImpl-be24b942-68e8-4547-9fa7-2dfe0992c101/datanode-1/data/ratis/5174077c-68f5-4f46-8008-108048679794 has been successfully formatted.
2019-10-16 06:57:51,334 [pool-197-thread-1] INFO  storage.RaftStorage (RaftStorage.java:format(84)) - Storage directory /workdir/hadoop-ozone/ozonefs/target/test-dir/MiniOzoneClusterImpl-be24b942-68e8-4547-9fa7-2dfe0992c101/datanode-2/data/ratis/5174077c-68f5-4f46-8008-108048679794 has been successfully formatted.
2019-10-16 06:57:51,334 [pool-177-thread-1] INFO  ratis.ContainerStateMachine (ContainerStateMachine.java:loadSnapshot(231)) - group-108048679794: The snapshot info is null. Setting the last applied indexto:(t:0, i:~)
2019-10-16 06:57:51,334 [pool-197-thread-1] INFO  ratis.ContainerStateMachine (ContainerStateMachine.java:loadSnapshot(231)) - group-108048679794: The snapshot info is null. Setting the last applied indexto:(t:0, i:~)
2019-10-16 06:57:51,334 [pool-187-thread-1] INFO  ratis.ContainerStateMachine (ContainerStateMachine.java:loadSnapshot(231)) - group-108048679794: The snapshot info is null. Setting the last applied indexto:(t:0, i:~)
2019-10-16 06:57:51,335 [pool-197-thread-1] INFO  server.RaftServerConfigKeys (ConfUtils.java:logGet(43)) - raft.server.notification.no-leader.timeout = 120s (custom)
2019-10-16 06:57:51,334 [pool-177-thread-1] INFO  server.RaftServerConfigKeys (ConfUtils.java:logGet(43)) - raft.server.notification.no-leader.timeout = 120s (custom)
2019-10-16 06:57:51,335 [pool-197-thread-1] INFO  server.RaftServerConfigKeys (ConfUtils.java:logGet(43)) - raft.server.log.use.memory = false (default)
2019-10-16 06:57:51,335 [pool-187-thread-1] INFO  server.RaftServerConfigKeys (ConfUtils.java:logGet(43)) - raft.server.notification.no-leader.timeout = 120s (custom)
2019-10-16 06:57:51,335 [pool-197-thread-1] INFO  server.RaftServerConfigKeys (ConfUtils.java:logGet(43)) - raft.server.log.purge.gap = 1000000 (custom)
2019-10-16 06:57:51,335 [pool-177-thread-1] INFO  server.RaftServerConfigKeys (ConfUtils.java:logGet(43)) - raft.server.log.use.memory = false (default)
2019-10-16 06:57:51,335 [pool-197-thread-1] INFO  server.RaftServerConfigKeys (ConfUtils.java:logGet(43)) - raft.server.log.appender.buffer.byte-limit = 33554432 (custom)
2019-10-16 06:57:51,335 [pool-187-thread-1] INFO  server.RaftServerConfigKeys (ConfUtils.java:logGet(43)) - raft.server.log.use.memory = false (default)
2019-10-16 06:57:51,335 [pool-197-thread-1] INFO  server.RaftServerConfigKeys (ConfUtils.java:logGet(43)) - raft.server.log.segment.size.max = 1048576 (custom)
2019-10-16 06:57:51,335 [pool-177-thread-1] INFO  server.RaftServerConfigKeys (ConfUtils.java:logGet(43)) - raft.server.log.purge.gap = 1000000 (custom)
2019-10-16 06:57:51,336 [pool-197-thread-1] INFO  server.RaftServerConfigKeys (ConfUtils.java:logGet(43)) - raft.server.log.segment.cache.num.max = 2 (custom)
2019-10-16 06:57:51,336 [pool-187-thread-1] INFO  server.RaftServerConfigKeys (ConfUtils.java:logGet(43)) - raft.server.log.purge.gap = 1000000 (custom)
2019-10-16 06:57:51,336 [pool-197-thread-1] INFO  segmented.SegmentedRaftLogWorker (SegmentedRaftLogWorker.java:<init>(173)) - new 11335fb0-a575-488f-a83c-ad4b548f39f3@group-108048679794-SegmentedRaftLogWorker for RaftStorage:Storage Directory /workdir/hadoop-ozone/ozonefs/target/test-dir/MiniOzoneClusterImpl-be24b942-68e8-4547-9fa7-2dfe0992c101/datanode-2/data/ratis/5174077c-68f5-4f46-8008-108048679794
2019-10-16 06:57:51,336 [pool-177-thread-1] INFO  server.RaftServerConfigKeys (ConfUtils.java:logGet(43)) - raft.server.log.appender.buffer.byte-limit = 33554432 (custom)
2019-10-16 06:57:51,336 [pool-197-thread-1] INFO  server.RaftServerConfigKeys (ConfUtils.java:logGet(43)) - raft.server.log.queue.byte-limit = 2147483647 (custom)
2019-10-16 06:57:51,336 [pool-187-thread-1] INFO  server.RaftServerConfigKeys (ConfUtils.java:logGet(43)) - raft.server.log.appender.buffer.byte-limit = 33554432 (custom)
2019-10-16 06:57:51,336 [pool-197-thread-1] INFO  server.RaftServerConfigKeys (ConfUtils.java:logGet(43)) - raft.server.log.queue.element-limit = 1024 (custom)
2019-10-16 06:57:51,336 [pool-177-thread-1] INFO  server.RaftServerConfigKeys (ConfUtils.java:logGet(43)) - raft.server.log.segment.size.max = 1048576 (custom)
2019-10-16 06:57:51,337 [pool-197-thread-1] INFO  server.RaftServerConfigKeys (ConfUtils.java:logGet(43)) - raft.server.log.segment.size.max = 1048576 (custom)
2019-10-16 06:57:51,337 [pool-187-thread-1] INFO  server.RaftServerConfigKeys (ConfUtils.java:logGet(43)) - raft.server.log.segment.size.max = 1048576 (custom)
2019-10-16 06:57:51,337 [pool-197-thread-1] INFO  server.RaftServerConfigKeys (ConfUtils.java:logGet(43)) - raft.server.log.preallocated.size = 16384 (custom)
2019-10-16 06:57:51,337 [pool-177-thread-1] INFO  server.RaftServerConfigKeys (ConfUtils.java:logGet(43)) - raft.server.log.segment.cache.num.max = 2 (custom)
2019-10-16 06:57:51,337 [pool-197-thread-1] INFO  server.RaftServerConfigKeys (ConfUtils.java:logGet(43)) - raft.server.log.write.buffer.size = 33554432 (custom)
2019-10-16 06:57:51,337 [pool-187-thread-1] INFO  server.RaftServerConfigKeys (ConfUtils.java:logGet(43)) - raft.server.log.segment.cache.num.max = 2 (custom)
2019-10-16 06:57:51,337 [pool-197-thread-1] INFO  server.RaftServerConfigKeys (ConfUtils.java:logGet(43)) - raft.server.log.force.sync.num = 128 (default)
2019-10-16 06:57:51,337 [pool-177-thread-1] INFO  segmented.SegmentedRaftLogWorker (SegmentedRaftLogWorker.java:<init>(173)) - new 76f342d4-a86a-47fc-aa54-2f94509c93ba@group-108048679794-SegmentedRaftLogWorker for RaftStorage:Storage Directory /workdir/hadoop-ozone/ozonefs/target/test-dir/MiniOzoneClusterImpl-be24b942-68e8-4547-9fa7-2dfe0992c101/datanode-0/data/ratis/5174077c-68f5-4f46-8008-108048679794
2019-10-16 06:57:51,338 [pool-197-thread-1] INFO  server.RaftServerConfigKeys (ConfUtils.java:logGet(43)) - raft.server.log.statemachine.data.sync = true (default)
2019-10-16 06:57:51,337 [pool-187-thread-1] INFO  segmented.SegmentedRaftLogWorker (SegmentedRaftLogWorker.java:<init>(173)) - new fd81e216-9860-4ae9-bb70-b7f544d2aeb2@group-108048679794-SegmentedRaftLogWorker for RaftStorage:Storage Directory /workdir/hadoop-ozone/ozonefs/target/test-dir/MiniOzoneClusterImpl-be24b942-68e8-4547-9fa7-2dfe0992c101/datanode-1/data/ratis/5174077c-68f5-4f46-8008-108048679794
2019-10-16 06:57:51,338 [pool-197-thread-1] INFO  server.RaftServerConfigKeys (ConfUtils.java:logGet(43)) - raft.server.log.statemachine.data.sync.timeout = 10s (default)
2019-10-16 06:57:51,338 [pool-177-thread-1] INFO  server.RaftServerConfigKeys (ConfUtils.java:logGet(43)) - raft.server.log.queue.byte-limit = 2147483647 (custom)
2019-10-16 06:57:51,338 [pool-197-thread-1] INFO  server.RaftServerConfigKeys (ConfUtils.java:logGet(43)) - raft.server.log.statemachine.data.sync.timeout.retry = -1 (default)
2019-10-16 06:57:51,338 [pool-187-thread-1] INFO  server.RaftServerConfigKeys (ConfUtils.java:logGet(43)) - raft.server.log.queue.byte-limit = 2147483647 (custom)
2019-10-16 06:57:51,338 [pool-197-thread-1] INFO  server.RaftServerConfigKeys (ConfUtils.java:logGet(43)) - raft.server.log.statemachine.data.caching.enabled = true (custom)
2019-10-16 06:57:51,338 [pool-177-thread-1] INFO  server.RaftServerConfigKeys (ConfUtils.java:logGet(43)) - raft.server.log.queue.element-limit = 1024 (custom)
2019-10-16 06:57:51,338 [pool-187-thread-1] INFO  server.RaftServerConfigKeys (ConfUtils.java:logGet(43)) - raft.server.log.queue.element-limit = 1024 (custom)
2019-10-16 06:57:51,339 [pool-197-thread-1] INFO  segmented.SegmentedRaftLogWorker (SegmentedRaftLogWorker.java:lambda$new$0(128)) - 11335fb0-a575-488f-a83c-ad4b548f39f3@group-108048679794-SegmentedRaftLogWorker: flushIndex: setUnconditionally 0 -> -1
2019-10-16 06:57:51,339 [pool-187-thread-1] INFO  server.RaftServerConfigKeys (ConfUtils.java:logGet(43)) - raft.server.log.segment.size.max = 1048576 (custom)
2019-10-16 06:57:51,339 [pool-177-thread-1] INFO  server.RaftServerConfigKeys (ConfUtils.java:logGet(43)) - raft.server.log.segment.size.max = 1048576 (custom)
2019-10-16 06:57:51,339 [pool-197-thread-1] INFO  server.RaftServerConfigKeys (ConfUtils.java:logGet(43)) - raft.server.snapshot.auto.trigger.enabled = true (custom)
2019-10-16 06:57:51,339 [pool-187-thread-1] INFO  server.RaftServerConfigKeys (ConfUtils.java:logGet(43)) - raft.server.log.preallocated.size = 16384 (custom)
2019-10-16 06:57:51,339 [pool-197-thread-1] INFO  server.RaftServerConfigKeys (ConfUtils.java:logGet(43)) - raft.server.snapshot.auto.trigger.threshold = 10000 (custom)
2019-10-16 06:57:51,339 [pool-177-thread-1] INFO  server.RaftServerConfigKeys (ConfUtils.java:logGet(43)) - raft.server.log.preallocated.size = 16384 (custom)
2019-10-16 06:57:51,339 [pool-197-thread-1] INFO  server.RaftServerConfigKeys (ConfUtils.java:logGet(43)) - raft.server.snapshot.retention.file.num = 5 (custom)
2019-10-16 06:57:51,339 [pool-187-thread-1] INFO  server.RaftServerConfigKeys (ConfUtils.java:logGet(43)) - raft.server.log.write.buffer.size = 33554432 (custom)
2019-10-16 06:57:51,340 [pool-197-thread-1] INFO  server.RaftServerConfigKeys (ConfUtils.java:logGet(43)) - raft.server.retrycache.expirytime = 600000ms (custom)
2019-10-16 06:57:51,339 [pool-177-thread-1] INFO  server.RaftServerConfigKeys (ConfUtils.java:logGet(43)) - raft.server.log.write.buffer.size = 33554432 (custom)
2019-10-16 06:57:51,340 [pool-187-thread-1] INFO  server.RaftServerConfigKeys (ConfUtils.java:logGet(43)) - raft.server.log.force.sync.num = 128 (default)
2019-10-16 06:57:51,340 [pool-177-thread-1] INFO  server.RaftServerConfigKeys (ConfUtils.java:logGet(43)) - raft.server.log.force.sync.num = 128 (default)
2019-10-16 06:57:51,340 [pool-187-thread-1] INFO  server.RaftServerConfigKeys (ConfUtils.java:logGet(43)) - raft.server.log.statemachine.data.sync = true (default)
2019-10-16 06:57:51,340 [pool-177-thread-1] INFO  server.RaftServerConfigKeys (ConfUtils.java:logGet(43)) - raft.server.log.statemachine.data.sync = true (default)
2019-10-16 06:57:51,340 [pool-187-thread-1] INFO  server.RaftServerConfigKeys (ConfUtils.java:logGet(43)) - raft.server.log.statemachine.data.sync.timeout = 10s (default)
2019-10-16 06:57:51,340 [pool-177-thread-1] INFO  server.RaftServerConfigKeys (ConfUtils.java:logGet(43)) - raft.server.log.statemachine.data.sync.timeout = 10s (default)
2019-10-16 06:57:51,340 [pool-187-thread-1] INFO  server.RaftServerConfigKeys (ConfUtils.java:logGet(43)) - raft.server.log.statemachine.data.sync.timeout.retry = -1 (default)
2019-10-16 06:57:51,341 [pool-177-thread-1] INFO  server.RaftServerConfigKeys (ConfUtils.java:logGet(43)) - raft.server.log.statemachine.data.sync.timeout.retry = -1 (default)
2019-10-16 06:57:51,341 [pool-187-thread-1] INFO  server.RaftServerConfigKeys (ConfUtils.java:logGet(43)) - raft.server.log.statemachine.data.caching.enabled = true (custom)
2019-10-16 06:57:51,341 [pool-177-thread-1] INFO  server.RaftServerConfigKeys (ConfUtils.java:logGet(43)) - raft.server.log.statemachine.data.caching.enabled = true (custom)
2019-10-16 06:57:51,341 [pool-187-thread-1] INFO  segmented.SegmentedRaftLogWorker (SegmentedRaftLogWorker.java:lambda$new$0(128)) - fd81e216-9860-4ae9-bb70-b7f544d2aeb2@group-108048679794-SegmentedRaftLogWorker: flushIndex: setUnconditionally 0 -> -1
2019-10-16 06:57:51,341 [pool-177-thread-1] INFO  segmented.SegmentedRaftLogWorker (SegmentedRaftLogWorker.java:lambda$new$0(128)) - 76f342d4-a86a-47fc-aa54-2f94509c93ba@group-108048679794-SegmentedRaftLogWorker: flushIndex: setUnconditionally 0 -> -1
2019-10-16 06:57:51,341 [pool-187-thread-1] INFO  server.RaftServerConfigKeys (ConfUtils.java:logGet(43)) - raft.server.snapshot.auto.trigger.enabled = true (custom)
2019-10-16 06:57:51,342 [pool-177-thread-1] INFO  server.RaftServerConfigKeys (ConfUtils.java:logGet(43)) - raft.server.snapshot.auto.trigger.enabled = true (custom)
2019-10-16 06:57:51,342 [pool-187-thread-1] INFO  server.RaftServerConfigKeys (ConfUtils.java:logGet(43)) - raft.server.snapshot.auto.trigger.threshold = 10000 (custom)
2019-10-16 06:57:51,342 [pool-177-thread-1] INFO  server.RaftServerConfigKeys (ConfUtils.java:logGet(43)) - raft.server.snapshot.auto.trigger.threshold = 10000 (custom)
2019-10-16 06:57:51,342 [pool-197-thread-1] INFO  impl.RaftServerImpl (RaftServerImpl.java:start(195)) - 11335fb0-a575-488f-a83c-ad4b548f39f3@group-108048679794: start as a follower, conf=-1: [fd81e216-9860-4ae9-bb70-b7f544d2aeb2:192.168.69.104:44985, 76f342d4-a86a-47fc-aa54-2f94509c93ba:192.168.69.104:46296, 11335fb0-a575-488f-a83c-ad4b548f39f3:192.168.69.104:39254], old=null
2019-10-16 06:57:51,342 [pool-187-thread-1] INFO  server.RaftServerConfigKeys (ConfUtils.java:logGet(43)) - raft.server.snapshot.retention.file.num = 5 (custom)
2019-10-16 06:57:51,342 [pool-197-thread-1] INFO  impl.RaftServerImpl (RaftServerImpl.java:setRole(184)) - 11335fb0-a575-488f-a83c-ad4b548f39f3@group-108048679794: changes role from      null to FOLLOWER at term 0 for startAsFollower
2019-10-16 06:57:51,342 [pool-187-thread-1] INFO  server.RaftServerConfigKeys (ConfUtils.java:logGet(43)) - raft.server.retrycache.expirytime = 600000ms (custom)
2019-10-16 06:57:51,342 [pool-177-thread-1] INFO  server.RaftServerConfigKeys (ConfUtils.java:logGet(43)) - raft.server.snapshot.retention.file.num = 5 (custom)
2019-10-16 06:57:51,342 [pool-197-thread-1] INFO  impl.RoleInfo (RoleInfo.java:updateAndGet(143)) - 11335fb0-a575-488f-a83c-ad4b548f39f3: start FollowerState
2019-10-16 06:57:51,342 [pool-177-thread-1] INFO  server.RaftServerConfigKeys (ConfUtils.java:logGet(43)) - raft.server.retrycache.expirytime = 600000ms (custom)
2019-10-16 06:57:51,343 [pool-197-thread-1] INFO  util.JmxRegister (JmxRegister.java:tryRegister(44)) - Successfully registered JMX Bean with object name Ratis:service=RaftServer,group=group-108048679794,id=11335fb0-a575-488f-a83c-ad4b548f39f3
2019-10-16 06:57:51,343 [Thread-874] INFO  impl.FollowerState (FollowerState.java:run(108)) - 76f342d4-a86a-47fc-aa54-2f94509c93ba@group-E055AE33D4AE-FollowerState: change to CANDIDATE, lastRpcTime:191ms, electionTimeout:185ms
2019-10-16 06:57:51,344 [Thread-874] INFO  impl.RoleInfo (RoleInfo.java:shutdownFollowerState(121)) - 76f342d4-a86a-47fc-aa54-2f94509c93ba: shutdown FollowerState
2019-10-16 06:57:51,344 [Thread-874] INFO  impl.RaftServerImpl (RaftServerImpl.java:setRole(184)) - 76f342d4-a86a-47fc-aa54-2f94509c93ba@group-E055AE33D4AE: changes role from  FOLLOWER to CANDIDATE at term 0 for changeToCandidate
2019-10-16 06:57:51,344 [Thread-874] INFO  impl.RoleInfo (RoleInfo.java:updateAndGet(143)) - 76f342d4-a86a-47fc-aa54-2f94509c93ba: start LeaderElection
2019-10-16 06:57:51,357 [pool-187-thread-1] INFO  impl.RaftServerImpl (RaftServerImpl.java:start(195)) - fd81e216-9860-4ae9-bb70-b7f544d2aeb2@group-108048679794: start as a follower, conf=-1: [fd81e216-9860-4ae9-bb70-b7f544d2aeb2:192.168.69.104:44985, 76f342d4-a86a-47fc-aa54-2f94509c93ba:192.168.69.104:46296, 11335fb0-a575-488f-a83c-ad4b548f39f3:192.168.69.104:39254], old=null
2019-10-16 06:57:51,357 [pool-187-thread-1] INFO  impl.RaftServerImpl (RaftServerImpl.java:setRole(184)) - fd81e216-9860-4ae9-bb70-b7f544d2aeb2@group-108048679794: changes role from      null to FOLLOWER at term 0 for startAsFollower
2019-10-16 06:57:51,357 [pool-177-thread-1] INFO  impl.RaftServerImpl (RaftServerImpl.java:start(195)) - 76f342d4-a86a-47fc-aa54-2f94509c93ba@group-108048679794: start as a follower, conf=-1: [fd81e216-9860-4ae9-bb70-b7f544d2aeb2:192.168.69.104:44985, 76f342d4-a86a-47fc-aa54-2f94509c93ba:192.168.69.104:46296, 11335fb0-a575-488f-a83c-ad4b548f39f3:192.168.69.104:39254], old=null
2019-10-16 06:57:51,357 [pool-187-thread-1] INFO  impl.RoleInfo (RoleInfo.java:updateAndGet(143)) - fd81e216-9860-4ae9-bb70-b7f544d2aeb2: start FollowerState
2019-10-16 06:57:51,357 [pool-177-thread-1] INFO  impl.RaftServerImpl (RaftServerImpl.java:setRole(184)) - 76f342d4-a86a-47fc-aa54-2f94509c93ba@group-108048679794: changes role from      null to FOLLOWER at term 0 for startAsFollower
2019-10-16 06:57:51,357 [pool-177-thread-1] INFO  impl.RoleInfo (RoleInfo.java:updateAndGet(143)) - 76f342d4-a86a-47fc-aa54-2f94509c93ba: start FollowerState
2019-10-16 06:57:51,357 [pool-187-thread-1] INFO  util.JmxRegister (JmxRegister.java:tryRegister(44)) - Successfully registered JMX Bean with object name Ratis:service=RaftServer,group=group-108048679794,id=fd81e216-9860-4ae9-bb70-b7f544d2aeb2
2019-10-16 06:57:51,358 [pool-177-thread-1] INFO  util.JmxRegister (JmxRegister.java:tryRegister(44)) - Successfully registered JMX Bean with object name Ratis:service=RaftServer,group=group-108048679794,id=76f342d4-a86a-47fc-aa54-2f94509c93ba
2019-10-16 06:57:51,369 [RatisPipelineUtilsThread] INFO  pipeline.PipelineStateManager (PipelineStateManager.java:addPipeline(56)) - Created pipeline Pipeline[ Id: 5174077c-68f5-4f46-8008-108048679794, Nodes: 11335fb0-a575-488f-a83c-ad4b548f39f3{ip: 192.168.69.104, host: pr-hdds-2312-q6qzp-1535798719, networkLocation: /default-rack, certSerialId: null}76f342d4-a86a-47fc-aa54-2f94509c93ba{ip: 192.168.69.104, host: pr-hdds-2312-q6qzp-1535798719, networkLocation: /default-rack, certSerialId: null}fd81e216-9860-4ae9-bb70-b7f544d2aeb2{ip: 192.168.69.104, host: pr-hdds-2312-q6qzp-1535798719, networkLocation: /default-rack, certSerialId: null}, Type:RATIS, Factor:THREE, State:OPEN]
2019-10-16 06:57:51,372 [76f342d4-a86a-47fc-aa54-2f94509c93ba@group-E055AE33D4AE-LeaderElection18] INFO  impl.LeaderElection (LeaderElection.java:askForVotes(178)) - 76f342d4-a86a-47fc-aa54-2f94509c93ba@group-E055AE33D4AE-LeaderElection18: begin an election at term 1 for -1: [76f342d4-a86a-47fc-aa54-2f94509c93ba:192.168.69.104:46296], old=null
2019-10-16 06:57:51,372 [76f342d4-a86a-47fc-aa54-2f94509c93ba@group-E055AE33D4AE-LeaderElection18] INFO  impl.RoleInfo (RoleInfo.java:shutdownLeaderElection(134)) - 76f342d4-a86a-47fc-aa54-2f94509c93ba: shutdown LeaderElection
2019-10-16 06:57:51,372 [76f342d4-a86a-47fc-aa54-2f94509c93ba@group-E055AE33D4AE-LeaderElection18] INFO  impl.RaftServerImpl (RaftServerImpl.java:setRole(184)) - 76f342d4-a86a-47fc-aa54-2f94509c93ba@group-E055AE33D4AE: changes role from CANDIDATE to LEADER at term 1 for changeToLeader
2019-10-16 06:57:51,372 [76f342d4-a86a-47fc-aa54-2f94509c93ba@group-E055AE33D4AE-LeaderElection18] INFO  impl.RaftServerImpl (ServerState.java:setLeader(256)) - 76f342d4-a86a-47fc-aa54-2f94509c93ba@group-E055AE33D4AE: change Leader from null to 76f342d4-a86a-47fc-aa54-2f94509c93ba at term 1 for becomeLeader, leader elected after 228ms
2019-10-16 06:57:51,372 [76f342d4-a86a-47fc-aa54-2f94509c93ba@group-E055AE33D4AE-LeaderElection18] INFO  server.RaftServerConfigKeys (ConfUtils.java:logGet(43)) - raft.server.staging.catchup.gap = 1000 (default)
2019-10-16 06:57:51,372 [76f342d4-a86a-47fc-aa54-2f94509c93ba@group-E055AE33D4AE-LeaderElection18] INFO  server.RaftServerConfigKeys (ConfUtils.java:logGet(43)) - raft.server.rpc.sleep.time = 25ms (default)
2019-10-16 06:57:51,373 [76f342d4-a86a-47fc-aa54-2f94509c93ba@group-E055AE33D4AE-LeaderElection18] INFO  server.RaftServerConfigKeys (ConfUtils.java:logGet(43)) - raft.server.write.element-limit = 4096 (default)
2019-10-16 06:57:51,373 [76f342d4-a86a-47fc-aa54-2f94509c93ba@group-E055AE33D4AE-LeaderElection18] INFO  server.RaftServerConfigKeys (ConfUtils.java:logGet(43)) - raft.server.watch.timeout = 10s (default)
2019-10-16 06:57:51,373 [76f342d4-a86a-47fc-aa54-2f94509c93ba@group-E055AE33D4AE-LeaderElection18] INFO  server.RaftServerConfigKeys (ConfUtils.java:logGet(43)) - raft.server.watch.timeout.denomination = 1s (default)
2019-10-16 06:57:51,373 [76f342d4-a86a-47fc-aa54-2f94509c93ba@group-E055AE33D4AE-LeaderElection18] INFO  server.RaftServerConfigKeys (ConfUtils.java:logGet(43)) - raft.server.watch.element-limit = 65536 (default)
2019-10-16 06:57:51,375 [76f342d4-a86a-47fc-aa54-2f94509c93ba@group-E055AE33D4AE-LeaderElection18] INFO  impl.RoleInfo (RoleInfo.java:updateAndGet(143)) - 76f342d4-a86a-47fc-aa54-2f94509c93ba: start LeaderState
2019-10-16 06:57:51,375 [76f342d4-a86a-47fc-aa54-2f94509c93ba@group-E055AE33D4AE-LeaderElection18] INFO  segmented.SegmentedRaftLogWorker (SegmentedRaftLogWorker.java:startLogSegment(385)) - 76f342d4-a86a-47fc-aa54-2f94509c93ba@group-E055AE33D4AE-SegmentedRaftLogWorker: Starting segment from index:0
2019-10-16 06:57:51,376 [76f342d4-a86a-47fc-aa54-2f94509c93ba@group-E055AE33D4AE-LeaderElection18] INFO  impl.RaftServerImpl (ServerState.java:setRaftConf(357)) - 76f342d4-a86a-47fc-aa54-2f94509c93ba@group-E055AE33D4AE: set configuration 0: [76f342d4-a86a-47fc-aa54-2f94509c93ba:192.168.69.104:46296], old=null at 0
2019-10-16 06:57:51,401 [Thread-880] INFO  impl.FollowerState (FollowerState.java:run(108)) - 11335fb0-a575-488f-a83c-ad4b548f39f3@group-BDE61F0AA06D-FollowerState: change to CANDIDATE, lastRpcTime:117ms, electionTimeout:100ms
2019-10-16 06:57:51,401 [Thread-877] INFO  impl.FollowerState (FollowerState.java:run(108)) - fd81e216-9860-4ae9-bb70-b7f544d2aeb2@group-06FC276D744C-FollowerState: change to CANDIDATE, lastRpcTime:175ms, electionTimeout:156ms
2019-10-16 06:57:51,401 [Thread-884] INFO  impl.FollowerState (FollowerState.java:run(108)) - 11335fb0-a575-488f-a83c-ad4b548f39f3@group-108048679794-FollowerState: change to CANDIDATE, lastRpcTime:58ms, electionTimeout:53ms
2019-10-16 06:57:51,401 [Thread-887] INFO  impl.FollowerState (FollowerState.java:run(108)) - fd81e216-9860-4ae9-bb70-b7f544d2aeb2@group-108048679794-FollowerState: change to CANDIDATE, lastRpcTime:43ms, electionTimeout:40ms
2019-10-16 06:57:51,402 [Thread-884] INFO  impl.RoleInfo (RoleInfo.java:shutdownFollowerState(121)) - 11335fb0-a575-488f-a83c-ad4b548f39f3: shutdown FollowerState
2019-10-16 06:57:51,402 [Thread-880] INFO  impl.RoleInfo (RoleInfo.java:shutdownFollowerState(121)) - 11335fb0-a575-488f-a83c-ad4b548f39f3: shutdown FollowerState
2019-10-16 06:57:51,402 [Thread-877] INFO  impl.RoleInfo (RoleInfo.java:shutdownFollowerState(121)) - fd81e216-9860-4ae9-bb70-b7f544d2aeb2: shutdown FollowerState
2019-10-16 06:57:51,402 [Thread-880] INFO  impl.RaftServerImpl (RaftServerImpl.java:setRole(184)) - 11335fb0-a575-488f-a83c-ad4b548f39f3@group-BDE61F0AA06D: changes role from  FOLLOWER to CANDIDATE at term 0 for changeToCandidate
2019-10-16 06:57:51,402 [Thread-884] INFO  impl.RaftServerImpl (RaftServerImpl.java:setRole(184)) - 11335fb0-a575-488f-a83c-ad4b548f39f3@group-108048679794: changes role from  FOLLOWER to CANDIDATE at term 0 for changeToCandidate
2019-10-16 06:57:51,402 [Thread-887] INFO  impl.RoleInfo (RoleInfo.java:shutdownFollowerState(121)) - fd81e216-9860-4ae9-bb70-b7f544d2aeb2: shutdown FollowerState
2019-10-16 06:57:51,403 [Thread-884] INFO  impl.RoleInfo (RoleInfo.java:updateAndGet(143)) - 11335fb0-a575-488f-a83c-ad4b548f39f3: start LeaderElection
2019-10-16 06:57:51,403 [Thread-880] INFO  impl.RoleInfo (RoleInfo.java:updateAndGet(143)) - 11335fb0-a575-488f-a83c-ad4b548f39f3: start LeaderElection
2019-10-16 06:57:51,402 [Thread-877] INFO  impl.RaftServerImpl (RaftServerImpl.java:setRole(184)) - fd81e216-9860-4ae9-bb70-b7f544d2aeb2@group-06FC276D744C: changes role from  FOLLOWER to CANDIDATE at term 0 for changeToCandidate
2019-10-16 06:57:51,403 [Thread-887] INFO  impl.RaftServerImpl (RaftServerImpl.java:setRole(184)) - fd81e216-9860-4ae9-bb70-b7f544d2aeb2@group-108048679794: changes role from  FOLLOWER to CANDIDATE at term 0 for changeToCandidate
2019-10-16 06:57:51,404 [Thread-877] INFO  impl.RoleInfo (RoleInfo.java:updateAndGet(143)) - fd81e216-9860-4ae9-bb70-b7f544d2aeb2: start LeaderElection
2019-10-16 06:57:51,404 [Thread-887] INFO  impl.RoleInfo (RoleInfo.java:updateAndGet(143)) - fd81e216-9860-4ae9-bb70-b7f544d2aeb2: start LeaderElection
2019-10-16 06:57:51,415 [76f342d4-a86a-47fc-aa54-2f94509c93ba@group-E055AE33D4AE-SegmentedRaftLogWorker] INFO  segmented.SegmentedRaftLogWorker (SegmentedRaftLogWorker.java:execute(576)) - 76f342d4-a86a-47fc-aa54-2f94509c93ba@group-E055AE33D4AE-SegmentedRaftLogWorker: created new log segment /workdir/hadoop-ozone/ozonefs/target/test-dir/MiniOzoneClusterImpl-be24b942-68e8-4547-9fa7-2dfe0992c101/datanode-0/data/ratis/7943914d-f890-4a5d-a403-e055ae33d4ae/current/log_inprogress_0
2019-10-16 06:57:51,438 [fd81e216-9860-4ae9-bb70-b7f544d2aeb2@group-06FC276D744C-LeaderElection21] INFO  impl.LeaderElection (LeaderElection.java:askForVotes(178)) - fd81e216-9860-4ae9-bb70-b7f544d2aeb2@group-06FC276D744C-LeaderElection21: begin an election at term 1 for -1: [fd81e216-9860-4ae9-bb70-b7f544d2aeb2:192.168.69.104:44985], old=null
2019-10-16 06:57:51,438 [11335fb0-a575-488f-a83c-ad4b548f39f3@group-BDE61F0AA06D-LeaderElection19] INFO  impl.LeaderElection (LeaderElection.java:askForVotes(178)) - 11335fb0-a575-488f-a83c-ad4b548f39f3@group-BDE61F0AA06D-LeaderElection19: begin an election at term 1 for -1: [11335fb0-a575-488f-a83c-ad4b548f39f3:192.168.69.104:39254], old=null
2019-10-16 06:57:51,438 [fd81e216-9860-4ae9-bb70-b7f544d2aeb2@group-06FC276D744C-LeaderElection21] INFO  impl.RoleInfo (RoleInfo.java:shutdownLeaderElection(134)) - fd81e216-9860-4ae9-bb70-b7f544d2aeb2: shutdown LeaderElection
2019-10-16 06:57:51,438 [fd81e216-9860-4ae9-bb70-b7f544d2aeb2@group-108048679794-LeaderElection22] INFO  impl.LeaderElection (LeaderElection.java:askForVotes(178)) - fd81e216-9860-4ae9-bb70-b7f544d2aeb2@group-108048679794-LeaderElection22: begin an election at term 1 for -1: [fd81e216-9860-4ae9-bb70-b7f544d2aeb2:192.168.69.104:44985, 76f342d4-a86a-47fc-aa54-2f94509c93ba:192.168.69.104:46296, 11335fb0-a575-488f-a83c-ad4b548f39f3:192.168.69.104:39254], old=null
2019-10-16 06:57:51,438 [11335fb0-a575-488f-a83c-ad4b548f39f3@group-108048679794-LeaderElection20] INFO  impl.LeaderElection (LeaderElection.java:askForVotes(178)) - 11335fb0-a575-488f-a83c-ad4b548f39f3@group-108048679794-LeaderElection20: begin an election at term 1 for -1: [fd81e216-9860-4ae9-bb70-b7f544d2aeb2:192.168.69.104:44985, 76f342d4-a86a-47fc-aa54-2f94509c93ba:192.168.69.104:46296, 11335fb0-a575-488f-a83c-ad4b548f39f3:192.168.69.104:39254], old=null
2019-10-16 06:57:51,438 [fd81e216-9860-4ae9-bb70-b7f544d2aeb2@group-06FC276D744C-LeaderElection21] INFO  impl.RaftServerImpl (RaftServerImpl.java:setRole(184)) - fd81e216-9860-4ae9-bb70-b7f544d2aeb2@group-06FC276D744C: changes role from CANDIDATE to LEADER at term 1 for changeToLeader
2019-10-16 06:57:51,438 [11335fb0-a575-488f-a83c-ad4b548f39f3@group-BDE61F0AA06D-LeaderElection19] INFO  impl.RoleInfo (RoleInfo.java:shutdownLeaderElection(134)) - 11335fb0-a575-488f-a83c-ad4b548f39f3: shutdown LeaderElection
2019-10-16 06:57:51,439 [fd81e216-9860-4ae9-bb70-b7f544d2aeb2@group-06FC276D744C-LeaderElection21] INFO  impl.RaftServerImpl (ServerState.java:setLeader(256)) - fd81e216-9860-4ae9-bb70-b7f544d2aeb2@group-06FC276D744C: change Leader from null to fd81e216-9860-4ae9-bb70-b7f544d2aeb2 at term 1 for becomeLeader, leader elected after 222ms
2019-10-16 06:57:51,439 [11335fb0-a575-488f-a83c-ad4b548f39f3@group-BDE61F0AA06D-LeaderElection19] INFO  impl.RaftServerImpl (RaftServerImpl.java:setRole(184)) - 11335fb0-a575-488f-a83c-ad4b548f39f3@group-BDE61F0AA06D: changes role from CANDIDATE to LEADER at term 1 for changeToLeader
2019-10-16 06:57:51,439 [fd81e216-9860-4ae9-bb70-b7f544d2aeb2@group-06FC276D744C-LeaderElection21] INFO  server.RaftServerConfigKeys (ConfUtils.java:logGet(43)) - raft.server.staging.catchup.gap = 1000 (default)
2019-10-16 06:57:51,439 [11335fb0-a575-488f-a83c-ad4b548f39f3@group-BDE61F0AA06D-LeaderElection19] INFO  impl.RaftServerImpl (ServerState.java:setLeader(256)) - 11335fb0-a575-488f-a83c-ad4b548f39f3@group-BDE61F0AA06D: change Leader from null to 11335fb0-a575-488f-a83c-ad4b548f39f3 at term 1 for becomeLeader, leader elected after 164ms
2019-10-16 06:57:51,439 [fd81e216-9860-4ae9-bb70-b7f544d2aeb2@group-06FC276D744C-LeaderElection21] INFO  server.RaftServerConfigKeys (ConfUtils.java:logGet(43)) - raft.server.rpc.sleep.time = 25ms (default)
2019-10-16 06:57:51,439 [11335fb0-a575-488f-a83c-ad4b548f39f3@group-BDE61F0AA06D-LeaderElection19] INFO  server.RaftServerConfigKeys (ConfUtils.java:logGet(43)) - raft.server.staging.catchup.gap = 1000 (default)
2019-10-16 06:57:51,440 [fd81e216-9860-4ae9-bb70-b7f544d2aeb2@group-06FC276D744C-LeaderElection21] INFO  server.RaftServerConfigKeys (ConfUtils.java:logGet(43)) - raft.server.write.element-limit = 4096 (default)
2019-10-16 06:57:51,440 [11335fb0-a575-488f-a83c-ad4b548f39f3@group-BDE61F0AA06D-LeaderElection19] INFO  server.RaftServerConfigKeys (ConfUtils.java:logGet(43)) - raft.server.rpc.sleep.time = 25ms (default)
2019-10-16 06:57:51,440 [fd81e216-9860-4ae9-bb70-b7f544d2aeb2@group-06FC276D744C-LeaderElection21] INFO  server.RaftServerConfigKeys (ConfUtils.java:logGet(43)) - raft.server.watch.timeout = 10s (default)
2019-10-16 06:57:51,441 [fd81e216-9860-4ae9-bb70-b7f544d2aeb2@group-06FC276D744C-LeaderElection21] INFO  server.RaftServerConfigKeys (ConfUtils.java:logGet(43)) - raft.server.watch.timeout.denomination = 1s (default)
2019-10-16 06:57:51,441 [11335fb0-a575-488f-a83c-ad4b548f39f3@group-BDE61F0AA06D-LeaderElection19] INFO  server.RaftServerConfigKeys (ConfUtils.java:logGet(43)) - raft.server.write.element-limit = 4096 (default)
2019-10-16 06:57:51,445 [fd81e216-9860-4ae9-bb70-b7f544d2aeb2@group-06FC276D744C-LeaderElection21] INFO  server.RaftServerConfigKeys (ConfUtils.java:logGet(43)) - raft.server.watch.element-limit = 65536 (default)
2019-10-16 06:57:51,445 [11335fb0-a575-488f-a83c-ad4b548f39f3@group-BDE61F0AA06D-LeaderElection19] INFO  server.RaftServerConfigKeys (ConfUtils.java:logGet(43)) - raft.server.watch.timeout = 10s (default)
2019-10-16 06:57:51,446 [11335fb0-a575-488f-a83c-ad4b548f39f3@group-BDE61F0AA06D-LeaderElection19] INFO  server.RaftServerConfigKeys (ConfUtils.java:logGet(43)) - raft.server.watch.timeout.denomination = 1s (default)
2019-10-16 06:57:51,446 [11335fb0-a575-488f-a83c-ad4b548f39f3@group-BDE61F0AA06D-LeaderElection19] INFO  server.RaftServerConfigKeys (ConfUtils.java:logGet(43)) - raft.server.watch.element-limit = 65536 (default)
2019-10-16 06:57:51,448 [fd81e216-9860-4ae9-bb70-b7f544d2aeb2@group-06FC276D744C-LeaderElection21] INFO  impl.RoleInfo (RoleInfo.java:updateAndGet(143)) - fd81e216-9860-4ae9-bb70-b7f544d2aeb2: start LeaderState
2019-10-16 06:57:51,449 [fd81e216-9860-4ae9-bb70-b7f544d2aeb2@group-06FC276D744C-LeaderElection21] INFO  segmented.SegmentedRaftLogWorker (SegmentedRaftLogWorker.java:startLogSegment(385)) - fd81e216-9860-4ae9-bb70-b7f544d2aeb2@group-06FC276D744C-SegmentedRaftLogWorker: Starting segment from index:0
2019-10-16 06:57:51,449 [fd81e216-9860-4ae9-bb70-b7f544d2aeb2@group-06FC276D744C-LeaderElection21] INFO  impl.RaftServerImpl (ServerState.java:setRaftConf(357)) - fd81e216-9860-4ae9-bb70-b7f544d2aeb2@group-06FC276D744C: set configuration 0: [fd81e216-9860-4ae9-bb70-b7f544d2aeb2:192.168.69.104:44985], old=null at 0
2019-10-16 06:57:51,473 [Thread-888] INFO  impl.FollowerState (FollowerState.java:run(108)) - 76f342d4-a86a-47fc-aa54-2f94509c93ba@group-108048679794-FollowerState: change to CANDIDATE, lastRpcTime:115ms, electionTimeout:102ms
2019-10-16 06:57:51,473 [Thread-888] INFO  impl.RoleInfo (RoleInfo.java:shutdownFollowerState(121)) - 76f342d4-a86a-47fc-aa54-2f94509c93ba: shutdown FollowerState
2019-10-16 06:57:51,473 [Thread-888] INFO  impl.RaftServerImpl (RaftServerImpl.java:setRole(184)) - 76f342d4-a86a-47fc-aa54-2f94509c93ba@group-108048679794: changes role from  FOLLOWER to CANDIDATE at term 0 for changeToCandidate
2019-10-16 06:57:51,474 [11335fb0-a575-488f-a83c-ad4b548f39f3@group-BDE61F0AA06D-LeaderElection19] INFO  impl.RoleInfo (RoleInfo.java:updateAndGet(143)) - 11335fb0-a575-488f-a83c-ad4b548f39f3: start LeaderState
2019-10-16 06:57:51,474 [Thread-888] INFO  impl.RoleInfo (RoleInfo.java:updateAndGet(143)) - 76f342d4-a86a-47fc-aa54-2f94509c93ba: start LeaderElection
2019-10-16 06:57:51,474 [11335fb0-a575-488f-a83c-ad4b548f39f3@group-BDE61F0AA06D-LeaderElection19] INFO  segmented.SegmentedRaftLogWorker (SegmentedRaftLogWorker.java:startLogSegment(385)) - 11335fb0-a575-488f-a83c-ad4b548f39f3@group-BDE61F0AA06D-SegmentedRaftLogWorker: Starting segment from index:0
2019-10-16 06:57:51,477 [11335fb0-a575-488f-a83c-ad4b548f39f3@group-BDE61F0AA06D-LeaderElection19] INFO  impl.RaftServerImpl (ServerState.java:setRaftConf(357)) - 11335fb0-a575-488f-a83c-ad4b548f39f3@group-BDE61F0AA06D: set configuration 0: [11335fb0-a575-488f-a83c-ad4b548f39f3:192.168.69.104:39254], old=null at 0
2019-10-16 06:57:51,504 [fd81e216-9860-4ae9-bb70-b7f544d2aeb2@group-06FC276D744C-SegmentedRaftLogWorker] INFO  segmented.SegmentedRaftLogWorker (SegmentedRaftLogWorker.java:execute(576)) - fd81e216-9860-4ae9-bb70-b7f544d2aeb2@group-06FC276D744C-SegmentedRaftLogWorker: created new log segment /workdir/hadoop-ozone/ozonefs/target/test-dir/MiniOzoneClusterImpl-be24b942-68e8-4547-9fa7-2dfe0992c101/datanode-1/data/ratis/1413d32e-16ee-4033-9e9e-06fc276d744c/current/log_inprogress_0
2019-10-16 06:57:51,519 [11335fb0-a575-488f-a83c-ad4b548f39f3@group-BDE61F0AA06D-SegmentedRaftLogWorker] INFO  segmented.SegmentedRaftLogWorker (SegmentedRaftLogWorker.java:execute(576)) - 11335fb0-a575-488f-a83c-ad4b548f39f3@group-BDE61F0AA06D-SegmentedRaftLogWorker: created new log segment /workdir/hadoop-ozone/ozonefs/target/test-dir/MiniOzoneClusterImpl-be24b942-68e8-4547-9fa7-2dfe0992c101/datanode-2/data/ratis/dfe25711-07fc-4022-992a-bde61f0aa06d/current/log_inprogress_0
2019-10-16 06:57:51,519 [76f342d4-a86a-47fc-aa54-2f94509c93ba@group-108048679794-LeaderElection23] INFO  impl.LeaderElection (LeaderElection.java:askForVotes(178)) - 76f342d4-a86a-47fc-aa54-2f94509c93ba@group-108048679794-LeaderElection23: begin an election at term 1 for -1: [fd81e216-9860-4ae9-bb70-b7f544d2aeb2:192.168.69.104:44985, 76f342d4-a86a-47fc-aa54-2f94509c93ba:192.168.69.104:46296, 11335fb0-a575-488f-a83c-ad4b548f39f3:192.168.69.104:39254], old=null
2019-10-16 06:57:51,524 [11335fb0-a575-488f-a83c-ad4b548f39f3@group-108048679794-LeaderElection20] INFO  impl.LeaderElection (LeaderElection.java:logAndReturn(56)) - 11335fb0-a575-488f-a83c-ad4b548f39f3@group-108048679794-LeaderElection20: Election TIMEOUT; received 1 response(s) [11335fb0-a575-488f-a83c-ad4b548f39f3<-fd81e216-9860-4ae9-bb70-b7f544d2aeb2#0:FAIL-t1] and 0 exception(s); 11335fb0-a575-488f-a83c-ad4b548f39f3@group-108048679794:t1, leader=null, voted=11335fb0-a575-488f-a83c-ad4b548f39f3, raftlog=11335fb0-a575-488f-a83c-ad4b548f39f3@group-108048679794-SegmentedRaftLog:OPENED:c-1,f-1,i0, conf=-1: [fd81e216-9860-4ae9-bb70-b7f544d2aeb2:192.168.69.104:44985, 76f342d4-a86a-47fc-aa54-2f94509c93ba:192.168.69.104:46296, 11335fb0-a575-488f-a83c-ad4b548f39f3:192.168.69.104:39254], old=null
2019-10-16 06:57:51,524 [fd81e216-9860-4ae9-bb70-b7f544d2aeb2@group-108048679794-LeaderElection22] INFO  impl.LeaderElection (LeaderElection.java:logAndReturn(56)) - fd81e216-9860-4ae9-bb70-b7f544d2aeb2@group-108048679794-LeaderElection22: Election REJECTED; received 2 response(s) [fd81e216-9860-4ae9-bb70-b7f544d2aeb2<-76f342d4-a86a-47fc-aa54-2f94509c93ba#0:FAIL-t1, fd81e216-9860-4ae9-bb70-b7f544d2aeb2<-11335fb0-a575-488f-a83c-ad4b548f39f3#0:FAIL-t1] and 0 exception(s); fd81e216-9860-4ae9-bb70-b7f544d2aeb2@group-108048679794:t1, leader=null, voted=fd81e216-9860-4ae9-bb70-b7f544d2aeb2, raftlog=fd81e216-9860-4ae9-bb70-b7f544d2aeb2@group-108048679794-SegmentedRaftLog:OPENED:c-1,f-1,i0, conf=-1: [fd81e216-9860-4ae9-bb70-b7f544d2aeb2:192.168.69.104:44985, 76f342d4-a86a-47fc-aa54-2f94509c93ba:192.168.69.104:46296, 11335fb0-a575-488f-a83c-ad4b548f39f3:192.168.69.104:39254], old=null
2019-10-16 06:57:51,524 [fd81e216-9860-4ae9-bb70-b7f544d2aeb2@group-108048679794-LeaderElection22] INFO  impl.RaftServerImpl (RaftServerImpl.java:setRole(184)) - fd81e216-9860-4ae9-bb70-b7f544d2aeb2@group-108048679794: changes role from CANDIDATE to FOLLOWER at term 1 for DISCOVERED_A_NEW_TERM
2019-10-16 06:57:51,525 [fd81e216-9860-4ae9-bb70-b7f544d2aeb2@group-108048679794-LeaderElection22] INFO  impl.RoleInfo (RoleInfo.java:shutdownLeaderElection(134)) - fd81e216-9860-4ae9-bb70-b7f544d2aeb2: shutdown LeaderElection
2019-10-16 06:57:51,525 [fd81e216-9860-4ae9-bb70-b7f544d2aeb2@group-108048679794-LeaderElection22] INFO  impl.RoleInfo (RoleInfo.java:updateAndGet(143)) - fd81e216-9860-4ae9-bb70-b7f544d2aeb2: start FollowerState
2019-10-16 06:57:51,534 [11335fb0-a575-488f-a83c-ad4b548f39f3@group-108048679794-LeaderElection20] INFO  impl.LeaderElection (LeaderElection.java:askForVotes(178)) - 11335fb0-a575-488f-a83c-ad4b548f39f3@group-108048679794-LeaderElection20: begin an election at term 2 for -1: [fd81e216-9860-4ae9-bb70-b7f544d2aeb2:192.168.69.104:44985, 76f342d4-a86a-47fc-aa54-2f94509c93ba:192.168.69.104:46296, 11335fb0-a575-488f-a83c-ad4b548f39f3:192.168.69.104:39254], old=null
2019-10-16 06:57:51,536 [76f342d4-a86a-47fc-aa54-2f94509c93ba@group-108048679794-LeaderElection23] INFO  impl.LeaderElection (LeaderElection.java:logAndReturn(56)) - 76f342d4-a86a-47fc-aa54-2f94509c93ba@group-108048679794-LeaderElection23: Election DISCOVERED_A_NEW_TERM; received 2 response(s) [76f342d4-a86a-47fc-aa54-2f94509c93ba<-fd81e216-9860-4ae9-bb70-b7f544d2aeb2#0:FAIL-t1, 76f342d4-a86a-47fc-aa54-2f94509c93ba<-11335fb0-a575-488f-a83c-ad4b548f39f3#0:FAIL-t2] and 0 exception(s); 76f342d4-a86a-47fc-aa54-2f94509c93ba@group-108048679794:t1, leader=null, voted=76f342d4-a86a-47fc-aa54-2f94509c93ba, raftlog=76f342d4-a86a-47fc-aa54-2f94509c93ba@group-108048679794-SegmentedRaftLog:OPENED:c-1,f-1,i0, conf=-1: [fd81e216-9860-4ae9-bb70-b7f544d2aeb2:192.168.69.104:44985, 76f342d4-a86a-47fc-aa54-2f94509c93ba:192.168.69.104:46296, 11335fb0-a575-488f-a83c-ad4b548f39f3:192.168.69.104:39254], old=null
2019-10-16 06:57:51,537 [76f342d4-a86a-47fc-aa54-2f94509c93ba@group-108048679794-LeaderElection23] INFO  impl.RaftServerImpl (RaftServerImpl.java:setRole(184)) - 76f342d4-a86a-47fc-aa54-2f94509c93ba@group-108048679794: changes role from CANDIDATE to FOLLOWER at term 2 for DISCOVERED_A_NEW_TERM
2019-10-16 06:57:51,537 [76f342d4-a86a-47fc-aa54-2f94509c93ba@group-108048679794-LeaderElection23] INFO  impl.RoleInfo (RoleInfo.java:shutdownLeaderElection(134)) - 76f342d4-a86a-47fc-aa54-2f94509c93ba: shutdown LeaderElection
2019-10-16 06:57:51,537 [76f342d4-a86a-47fc-aa54-2f94509c93ba@group-108048679794-LeaderElection23] INFO  impl.RoleInfo (RoleInfo.java:updateAndGet(143)) - 76f342d4-a86a-47fc-aa54-2f94509c93ba: start FollowerState
2019-10-16 06:57:51,538 [grpc-default-executor-2] INFO  impl.RaftServerImpl (RaftServerImpl.java:setRole(184)) - fd81e216-9860-4ae9-bb70-b7f544d2aeb2@group-108048679794: changes role from  FOLLOWER to FOLLOWER at term 2 for recognizeCandidate:11335fb0-a575-488f-a83c-ad4b548f39f3
2019-10-16 06:57:51,539 [grpc-default-executor-2] INFO  impl.RoleInfo (RoleInfo.java:shutdownFollowerState(121)) - fd81e216-9860-4ae9-bb70-b7f544d2aeb2: shutdown FollowerState
2019-10-16 06:57:51,540 [grpc-default-executor-2] INFO  impl.RoleInfo (RoleInfo.java:updateAndGet(143)) - fd81e216-9860-4ae9-bb70-b7f544d2aeb2: start FollowerState
2019-10-16 06:57:51,540 [Thread-906] INFO  impl.FollowerState (FollowerState.java:run(117)) - fd81e216-9860-4ae9-bb70-b7f544d2aeb2@group-108048679794-FollowerState was interrupted: java.lang.InterruptedException: sleep interrupted
2019-10-16 06:57:51,551 [grpc-default-executor-3] INFO  impl.RaftServerImpl (RaftServerImpl.java:setRole(184)) - 76f342d4-a86a-47fc-aa54-2f94509c93ba@group-108048679794: changes role from  FOLLOWER to FOLLOWER at term 2 for recognizeCandidate:11335fb0-a575-488f-a83c-ad4b548f39f3
2019-10-16 06:57:51,551 [grpc-default-executor-3] INFO  impl.RoleInfo (RoleInfo.java:shutdownFollowerState(121)) - 76f342d4-a86a-47fc-aa54-2f94509c93ba: shutdown FollowerState
2019-10-16 06:57:51,551 [grpc-default-executor-3] INFO  impl.RoleInfo (RoleInfo.java:updateAndGet(143)) - 76f342d4-a86a-47fc-aa54-2f94509c93ba: start FollowerState
2019-10-16 06:57:51,551 [Thread-909] INFO  impl.FollowerState (FollowerState.java:run(117)) - 76f342d4-a86a-47fc-aa54-2f94509c93ba@group-108048679794-FollowerState was interrupted: java.lang.InterruptedException: sleep interrupted
2019-10-16 06:57:51,552 [11335fb0-a575-488f-a83c-ad4b548f39f3@group-108048679794-LeaderElection20] INFO  impl.LeaderElection (LeaderElection.java:logAndReturn(56)) - 11335fb0-a575-488f-a83c-ad4b548f39f3@group-108048679794-LeaderElection20: Election PASSED; received 1 response(s) [11335fb0-a575-488f-a83c-ad4b548f39f3<-fd81e216-9860-4ae9-bb70-b7f544d2aeb2#0:OK-t2] and 0 exception(s); 11335fb0-a575-488f-a83c-ad4b548f39f3@group-108048679794:t2, leader=null, voted=11335fb0-a575-488f-a83c-ad4b548f39f3, raftlog=11335fb0-a575-488f-a83c-ad4b548f39f3@group-108048679794-SegmentedRaftLog:OPENED:c-1,f-1,i0, conf=-1: [fd81e216-9860-4ae9-bb70-b7f544d2aeb2:192.168.69.104:44985, 76f342d4-a86a-47fc-aa54-2f94509c93ba:192.168.69.104:46296, 11335fb0-a575-488f-a83c-ad4b548f39f3:192.168.69.104:39254], old=null
2019-10-16 06:57:51,552 [11335fb0-a575-488f-a83c-ad4b548f39f3@group-108048679794-LeaderElection20] INFO  impl.RoleInfo (RoleInfo.java:shutdownLeaderElection(134)) - 11335fb0-a575-488f-a83c-ad4b548f39f3: shutdown LeaderElection
2019-10-16 06:57:51,552 [11335fb0-a575-488f-a83c-ad4b548f39f3@group-108048679794-LeaderElection20] INFO  impl.RaftServerImpl (RaftServerImpl.java:setRole(184)) - 11335fb0-a575-488f-a83c-ad4b548f39f3@group-108048679794: changes role from CANDIDATE to LEADER at term 2 for changeToLeader
2019-10-16 06:57:51,552 [11335fb0-a575-488f-a83c-ad4b548f39f3@group-108048679794-LeaderElection20] INFO  impl.RaftServerImpl (ServerState.java:setLeader(256)) - 11335fb0-a575-488f-a83c-ad4b548f39f3@group-108048679794: change Leader from null to 11335fb0-a575-488f-a83c-ad4b548f39f3 at term 2 for becomeLeader, leader elected after 217ms
2019-10-16 06:57:51,553 [11335fb0-a575-488f-a83c-ad4b548f39f3@group-108048679794-LeaderElection20] INFO  server.RaftServerConfigKeys (ConfUtils.java:logGet(43)) - raft.server.staging.catchup.gap = 1000 (default)
2019-10-16 06:57:51,553 [11335fb0-a575-488f-a83c-ad4b548f39f3@group-108048679794-LeaderElection20] INFO  server.RaftServerConfigKeys (ConfUtils.java:logGet(43)) - raft.server.rpc.sleep.time = 25ms (default)
2019-10-16 06:57:51,553 [11335fb0-a575-488f-a83c-ad4b548f39f3@group-108048679794-LeaderElection20] INFO  server.RaftServerConfigKeys (ConfUtils.java:logGet(43)) - raft.server.write.element-limit = 4096 (default)
2019-10-16 06:57:51,553 [11335fb0-a575-488f-a83c-ad4b548f39f3@group-108048679794-LeaderElection20] INFO  server.RaftServerConfigKeys (ConfUtils.java:logGet(43)) - raft.server.watch.timeout = 10s (default)
2019-10-16 06:57:51,554 [11335fb0-a575-488f-a83c-ad4b548f39f3@group-108048679794-LeaderElection20] INFO  server.RaftServerConfigKeys (ConfUtils.java:logGet(43)) - raft.server.watch.timeout.denomination = 1s (default)
2019-10-16 06:57:51,554 [11335fb0-a575-488f-a83c-ad4b548f39f3@group-108048679794-LeaderElection20] INFO  server.RaftServerConfigKeys (ConfUtils.java:logGet(43)) - raft.server.watch.element-limit = 65536 (default)
2019-10-16 06:57:51,556 [11335fb0-a575-488f-a83c-ad4b548f39f3@group-108048679794-LeaderElection20] INFO  server.RaftServerConfigKeys (ConfUtils.java:logGet(43)) - raft.server.log.appender.snapshot.chunk.size.max = 16MB (=16777216) (default)
2019-10-16 06:57:51,556 [11335fb0-a575-488f-a83c-ad4b548f39f3@group-108048679794-LeaderElection20] INFO  server.RaftServerConfigKeys (ConfUtils.java:logGet(43)) - raft.server.log.appender.buffer.byte-limit = 33554432 (custom)
2019-10-16 06:57:51,556 [11335fb0-a575-488f-a83c-ad4b548f39f3@group-108048679794-LeaderElection20] INFO  server.RaftServerConfigKeys (ConfUtils.java:logGet(43)) - raft.server.log.appender.buffer.element-limit = 1 (custom)
2019-10-16 06:57:51,557 [11335fb0-a575-488f-a83c-ad4b548f39f3@group-108048679794-LeaderElection20] INFO  grpc.GrpcConfigKeys$Server (ConfUtils.java:logGet(43)) - raft.grpc.server.leader.outstanding.appends.max = 128 (default)
2019-10-16 06:57:51,557 [11335fb0-a575-488f-a83c-ad4b548f39f3@group-108048679794-LeaderElection20] INFO  server.RaftServerConfigKeys (ConfUtils.java:logGet(43)) - raft.server.rpc.request.timeout = 3000ms (default)
2019-10-16 06:57:51,557 [11335fb0-a575-488f-a83c-ad4b548f39f3@group-108048679794-LeaderElection20] INFO  server.RaftServerConfigKeys (ConfUtils.java:logGet(43)) - raft.server.log.appender.install.snapshot.enabled = false (custom)
2019-10-16 06:57:51,559 [11335fb0-a575-488f-a83c-ad4b548f39f3@group-108048679794-LeaderElection20] INFO  server.RaftServerConfigKeys (ConfUtils.java:logGet(43)) - raft.server.log.appender.snapshot.chunk.size.max = 16MB (=16777216) (default)
2019-10-16 06:57:51,559 [11335fb0-a575-488f-a83c-ad4b548f39f3@group-108048679794-LeaderElection20] INFO  server.RaftServerConfigKeys (ConfUtils.java:logGet(43)) - raft.server.log.appender.buffer.byte-limit = 33554432 (custom)
2019-10-16 06:57:51,560 [11335fb0-a575-488f-a83c-ad4b548f39f3@group-108048679794-LeaderElection20] INFO  server.RaftServerConfigKeys (ConfUtils.java:logGet(43)) - raft.server.log.appender.buffer.element-limit = 1 (custom)
2019-10-16 06:57:51,560 [11335fb0-a575-488f-a83c-ad4b548f39f3@group-108048679794-LeaderElection20] INFO  grpc.GrpcConfigKeys$Server (ConfUtils.java:logGet(43)) - raft.grpc.server.leader.outstanding.appends.max = 128 (default)
2019-10-16 06:57:51,560 [11335fb0-a575-488f-a83c-ad4b548f39f3@group-108048679794-LeaderElection20] INFO  server.RaftServerConfigKeys (ConfUtils.java:logGet(43)) - raft.server.rpc.request.timeout = 3000ms (default)
2019-10-16 06:57:51,560 [11335fb0-a575-488f-a83c-ad4b548f39f3@group-108048679794-LeaderElection20] INFO  server.RaftServerConfigKeys (ConfUtils.java:logGet(43)) - raft.server.log.appender.install.snapshot.enabled = false (custom)
2019-10-16 06:57:51,562 [11335fb0-a575-488f-a83c-ad4b548f39f3@group-108048679794-LeaderElection20] INFO  impl.RoleInfo (RoleInfo.java:updateAndGet(143)) - 11335fb0-a575-488f-a83c-ad4b548f39f3: start LeaderState
2019-10-16 06:57:51,562 [11335fb0-a575-488f-a83c-ad4b548f39f3@group-108048679794-LeaderElection20] INFO  segmented.SegmentedRaftLogWorker (SegmentedRaftLogWorker.java:startLogSegment(385)) - 11335fb0-a575-488f-a83c-ad4b548f39f3@group-108048679794-SegmentedRaftLogWorker: Starting segment from index:0
2019-10-16 06:57:51,563 [11335fb0-a575-488f-a83c-ad4b548f39f3@group-108048679794-LeaderElection20] INFO  impl.RaftServerImpl (ServerState.java:setRaftConf(357)) - 11335fb0-a575-488f-a83c-ad4b548f39f3@group-108048679794: set configuration 0: [fd81e216-9860-4ae9-bb70-b7f544d2aeb2:192.168.69.104:44985, 76f342d4-a86a-47fc-aa54-2f94509c93ba:192.168.69.104:46296, 11335fb0-a575-488f-a83c-ad4b548f39f3:192.168.69.104:39254], old=null at 0
2019-10-16 06:57:51,589 [grpc-default-executor-0] INFO  impl.RaftServerImpl (ServerState.java:setLeader(256)) - fd81e216-9860-4ae9-bb70-b7f544d2aeb2@group-108048679794: change Leader from null to 11335fb0-a575-488f-a83c-ad4b548f39f3 at term 2 for appendEntries, leader elected after 254ms
2019-10-16 06:57:51,591 [grpc-default-executor-0] INFO  impl.RaftServerImpl (ServerState.java:setLeader(256)) - 76f342d4-a86a-47fc-aa54-2f94509c93ba@group-108048679794: change Leader from null to 11335fb0-a575-488f-a83c-ad4b548f39f3 at term 2 for appendEntries, leader elected after 256ms
2019-10-16 06:57:51,593 [grpc-default-executor-0] INFO  impl.RaftServerImpl (ServerState.java:setRaftConf(357)) - fd81e216-9860-4ae9-bb70-b7f544d2aeb2@group-108048679794: set configuration 0: [fd81e216-9860-4ae9-bb70-b7f544d2aeb2:192.168.69.104:44985, 76f342d4-a86a-47fc-aa54-2f94509c93ba:192.168.69.104:46296, 11335fb0-a575-488f-a83c-ad4b548f39f3:192.168.69.104:39254], old=null at 0
2019-10-16 06:57:51,593 [grpc-default-executor-0] INFO  segmented.SegmentedRaftLogWorker (SegmentedRaftLogWorker.java:startLogSegment(385)) - fd81e216-9860-4ae9-bb70-b7f544d2aeb2@group-108048679794-SegmentedRaftLogWorker: Starting segment from index:0
2019-10-16 06:57:51,593 [grpc-default-executor-3] INFO  impl.RaftServerImpl (ServerState.java:setRaftConf(357)) - 76f342d4-a86a-47fc-aa54-2f94509c93ba@group-108048679794: set configuration 0: [fd81e216-9860-4ae9-bb70-b7f544d2aeb2:192.168.69.104:44985, 76f342d4-a86a-47fc-aa54-2f94509c93ba:192.168.69.104:46296, 11335fb0-a575-488f-a83c-ad4b548f39f3:192.168.69.104:39254], old=null at 0
2019-10-16 06:57:51,594 [grpc-default-executor-3] INFO  segmented.SegmentedRaftLogWorker (SegmentedRaftLogWorker.java:startLogSegment(385)) - 76f342d4-a86a-47fc-aa54-2f94509c93ba@group-108048679794-SegmentedRaftLogWorker: Starting segment from index:0
2019-10-16 06:57:51,599 [11335fb0-a575-488f-a83c-ad4b548f39f3@group-108048679794-SegmentedRaftLogWorker] INFO  segmented.SegmentedRaftLogWorker (SegmentedRaftLogWorker.java:execute(576)) - 11335fb0-a575-488f-a83c-ad4b548f39f3@group-108048679794-SegmentedRaftLogWorker: created new log segment /workdir/hadoop-ozone/ozonefs/target/test-dir/MiniOzoneClusterImpl-be24b942-68e8-4547-9fa7-2dfe0992c101/datanode-2/data/ratis/5174077c-68f5-4f46-8008-108048679794/current/log_inprogress_0
2019-10-16 06:57:51,643 [76f342d4-a86a-47fc-aa54-2f94509c93ba@group-108048679794-SegmentedRaftLogWorker] INFO  segmented.SegmentedRaftLogWorker (SegmentedRaftLogWorker.java:execute(576)) - 76f342d4-a86a-47fc-aa54-2f94509c93ba@group-108048679794-SegmentedRaftLogWorker: created new log segment /workdir/hadoop-ozone/ozonefs/target/test-dir/MiniOzoneClusterImpl-be24b942-68e8-4547-9fa7-2dfe0992c101/datanode-0/data/ratis/5174077c-68f5-4f46-8008-108048679794/current/log_inprogress_0
2019-10-16 06:57:51,643 [fd81e216-9860-4ae9-bb70-b7f544d2aeb2@group-108048679794-SegmentedRaftLogWorker] INFO  segmented.SegmentedRaftLogWorker (SegmentedRaftLogWorker.java:execute(576)) - fd81e216-9860-4ae9-bb70-b7f544d2aeb2@group-108048679794-SegmentedRaftLogWorker: created new log segment /workdir/hadoop-ozone/ozonefs/target/test-dir/MiniOzoneClusterImpl-be24b942-68e8-4547-9fa7-2dfe0992c101/datanode-1/data/ratis/5174077c-68f5-4f46-8008-108048679794/current/log_inprogress_0
2019-10-16 06:57:52,235 [Thread-700] INFO  ozone.MiniOzoneClusterImpl (MiniOzoneClusterImpl.java:lambda$waitForClusterToBeReady$0(147)) - Cluster is ready. Got 3 of 3 DN Heartbeats.
2019-10-16 06:57:52,273 [Thread-700] INFO  rpc.RpcClient (RpcClient.java:createVolume(272)) - Creating Volume: volume64829, with user30644 as owner.
2019-10-16 06:57:52,275 [IPC Server handler 3 on 35664] INFO  volume.OMVolumeCreateRequest (OMVolumeCreateRequest.java:validateAndUpdateCache(193)) - created volume:volume64829 for user:user30644
2019-10-16 06:57:52,282 [Thread-700] INFO  rpc.RpcClient (RpcClient.java:createBucket(411)) - Creating Bucket: volume64829/bucket21016, with Versioning false and Storage Type set to DISK and Encryption set to false 
2019-10-16 06:57:52,331 [IPC Server handler 1 on 35664] ERROR lock.LockManager (LockManager.java:getLockForReleasing(218)) - Trying to release the lock on /volume64829/bucket21016, which was never acquired.
2019-10-16 06:57:52,332 [IPC Server handler 1 on 35664] WARN  ipc.Server (Server.java:logException(2724)) - IPC Server handler 1 on 35664, call Call#107 Retry#0 org.apache.hadoop.ozone.om.protocol.OzoneManagerProtocol.submitRequest from 127.0.0.1:57030
java.lang.IllegalMonitorStateException: Releasing lock on resource /volume64829/bucket21016 without acquiring lock
	at org.apache.hadoop.ozone.lock.LockManager.getLockForReleasing(LockManager.java:220)
	at org.apache.hadoop.ozone.lock.LockManager.release(LockManager.java:168)
	at org.apache.hadoop.ozone.lock.LockManager.writeUnlock(LockManager.java:148)
	at org.apache.hadoop.ozone.om.lock.OzoneManagerLock.unlock(OzoneManagerLock.java:364)
	at org.apache.hadoop.ozone.om.lock.OzoneManagerLock.releaseWriteLock(OzoneManagerLock.java:329)
	at org.apache.hadoop.ozone.om.request.key.OMKeyCommitRequest.validateAndUpdateCache(OMKeyCommitRequest.java:177)
	at org.apache.hadoop.ozone.protocolPB.OzoneManagerProtocolServerSideTranslatorPB.submitRequestDirectlyToOM(OzoneManagerProtocolServerSideTranslatorPB.java:219)
	at org.apache.hadoop.ozone.protocolPB.OzoneManagerProtocolServerSideTranslatorPB.processRequest(OzoneManagerProtocolServerSideTranslatorPB.java:134)
	at org.apache.hadoop.hdds.server.OzoneProtocolMessageDispatcher.processRequest(OzoneProtocolMessageDispatcher.java:72)
	at org.apache.hadoop.ozone.protocolPB.OzoneManagerProtocolServerSideTranslatorPB.submitRequest(OzoneManagerProtocolServerSideTranslatorPB.java:100)
	at org.apache.hadoop.ozone.protocol.proto.OzoneManagerProtocolProtos$OzoneManagerService$2.callBlockingMethod(OzoneManagerProtocolProtos.java)
	at org.apache.hadoop.ipc.ProtobufRpcEngine$Server$ProtoBufRpcInvoker.call(ProtobufRpcEngine.java:524)
	at org.apache.hadoop.ipc.RPC$Server.call(RPC.java:1025)
	at org.apache.hadoop.ipc.Server$RpcCall.run(Server.java:876)
	at org.apache.hadoop.ipc.Server$RpcCall.run(Server.java:822)
	at java.security.AccessController.doPrivileged(Native Method)
	at javax.security.auth.Subject.doAs(Subject.java:422)
	at org.apache.hadoop.security.UserGroupInformation.doAs(UserGroupInformation.java:1730)
	at org.apache.hadoop.ipc.Server$Handler.run(Server.java:2682)
2019-10-16 06:57:52,334 [Thread-700] INFO  retry.RetryInvocationHandler (RetryInvocationHandler.java:log(411)) - com.google.protobuf.ServiceException: org.apache.hadoop.ipc.RemoteException(java.lang.IllegalMonitorStateException): Releasing lock on resource /volume64829/bucket21016 without acquiring lock
	at org.apache.hadoop.ozone.lock.LockManager.getLockForReleasing(LockManager.java:220)
	at org.apache.hadoop.ozone.lock.LockManager.release(LockManager.java:168)
	at org.apache.hadoop.ozone.lock.LockManager.writeUnlock(LockManager.java:148)
	at org.apache.hadoop.ozone.om.lock.OzoneManagerLock.unlock(OzoneManagerLock.java:364)
	at org.apache.hadoop.ozone.om.lock.OzoneManagerLock.releaseWriteLock(OzoneManagerLock.java:329)
	at org.apache.hadoop.ozone.om.request.key.OMKeyCommitRequest.validateAndUpdateCache(OMKeyCommitRequest.java:177)
	at org.apache.hadoop.ozone.protocolPB.OzoneManagerProtocolServerSideTranslatorPB.submitRequestDirectlyToOM(OzoneManagerProtocolServerSideTranslatorPB.java:219)
	at org.apache.hadoop.ozone.protocolPB.OzoneManagerProtocolServerSideTranslatorPB.processRequest(OzoneManagerProtocolServerSideTranslatorPB.java:134)
	at org.apache.hadoop.hdds.server.OzoneProtocolMessageDispatcher.processRequest(OzoneProtocolMessageDispatcher.java:72)
	at org.apache.hadoop.ozone.protocolPB.OzoneManagerProtocolServerSideTranslatorPB.submitRequest(OzoneManagerProtocolServerSideTranslatorPB.java:100)
	at org.apache.hadoop.ozone.protocol.proto.OzoneManagerProtocolProtos$OzoneManagerService$2.callBlockingMethod(OzoneManagerProtocolProtos.java)
	at org.apache.hadoop.ipc.ProtobufRpcEngine$Server$ProtoBufRpcInvoker.call(ProtobufRpcEngine.java:524)
	at org.apache.hadoop.ipc.RPC$Server.call(RPC.java:1025)
	at org.apache.hadoop.ipc.Server$RpcCall.run(Server.java:876)
	at org.apache.hadoop.ipc.Server$RpcCall.run(Server.java:822)
	at java.security.AccessController.doPrivileged(Native Method)
	at javax.security.auth.Subject.doAs(Subject.java:422)
	at org.apache.hadoop.security.UserGroupInformation.doAs(UserGroupInformation.java:1730)
	at org.apache.hadoop.ipc.Server$Handler.run(Server.java:2682)
, while invoking $Proxy37.submitRequest over nodeId=null,nodeAddress=localhost:35664. Trying to failover immediately.
2019-10-16 06:57:52,337 [IPC Server handler 10 on 35664] ERROR lock.LockManager (LockManager.java:getLockForReleasing(218)) - Trying to release the lock on /volume64829/bucket21016, which was never acquired.
2019-10-16 06:57:52,337 [IPC Server handler 10 on 35664] WARN  ipc.Server (Server.java:logException(2724)) - IPC Server handler 10 on 35664, call Call#107 Retry#1 org.apache.hadoop.ozone.om.protocol.OzoneManagerProtocol.submitRequest from 127.0.0.1:57030
java.lang.IllegalMonitorStateException: Releasing lock on resource /volume64829/bucket21016 without acquiring lock
	at org.apache.hadoop.ozone.lock.LockManager.getLockForReleasing(LockManager.java:220)
	at org.apache.hadoop.ozone.lock.LockManager.release(LockManager.java:168)
	at org.apache.hadoop.ozone.lock.LockManager.writeUnlock(LockManager.java:148)
	at org.apache.hadoop.ozone.om.lock.OzoneManagerLock.unlock(OzoneManagerLock.java:364)
	at org.apache.hadoop.ozone.om.lock.OzoneManagerLock.releaseWriteLock(OzoneManagerLock.java:329)
	at org.apache.hadoop.ozone.om.request.key.OMKeyCommitRequest.validateAndUpdateCache(OMKeyCommitRequest.java:177)
	at org.apache.hadoop.ozone.protocolPB.OzoneManagerProtocolServerSideTranslatorPB.submitRequestDirectlyToOM(OzoneManagerProtocolServerSideTranslatorPB.java:219)
	at org.apache.hadoop.ozone.protocolPB.OzoneManagerProtocolServerSideTranslatorPB.processRequest(OzoneManagerProtocolServerSideTranslatorPB.java:134)
	at org.apache.hadoop.hdds.server.OzoneProtocolMessageDispatcher.processRequest(OzoneProtocolMessageDispatcher.java:72)
	at org.apache.hadoop.ozone.protocolPB.OzoneManagerProtocolServerSideTranslatorPB.submitRequest(OzoneManagerProtocolServerSideTranslatorPB.java:100)
	at org.apache.hadoop.ozone.protocol.proto.OzoneManagerProtocolProtos$OzoneManagerService$2.callBlockingMethod(OzoneManagerProtocolProtos.java)
	at org.apache.hadoop.ipc.ProtobufRpcEngine$Server$ProtoBufRpcInvoker.call(ProtobufRpcEngine.java:524)
	at org.apache.hadoop.ipc.RPC$Server.call(RPC.java:1025)
	at org.apache.hadoop.ipc.Server$RpcCall.run(Server.java:876)
	at org.apache.hadoop.ipc.Server$RpcCall.run(Server.java:822)
	at java.security.AccessController.doPrivileged(Native Method)
	at javax.security.auth.Subject.doAs(Subject.java:422)
	at org.apache.hadoop.security.UserGroupInformation.doAs(UserGroupInformation.java:1730)
	at org.apache.hadoop.ipc.Server$Handler.run(Server.java:2682)
2019-10-16 06:57:52,339 [Thread-700] INFO  retry.RetryInvocationHandler (RetryInvocationHandler.java:log(411)) - com.google.protobuf.ServiceException: org.apache.hadoop.ipc.RemoteException(java.lang.IllegalMonitorStateException): Releasing lock on resource /volume64829/bucket21016 without acquiring lock
	at org.apache.hadoop.ozone.lock.LockManager.getLockForReleasing(LockManager.java:220)
	at org.apache.hadoop.ozone.lock.LockManager.release(LockManager.java:168)
	at org.apache.hadoop.ozone.lock.LockManager.writeUnlock(LockManager.java:148)
	at org.apache.hadoop.ozone.om.lock.OzoneManagerLock.unlock(OzoneManagerLock.java:364)
	at org.apache.hadoop.ozone.om.lock.OzoneManagerLock.releaseWriteLock(OzoneManagerLock.java:329)
	at org.apache.hadoop.ozone.om.request.key.OMKeyCommitRequest.validateAndUpdateCache(OMKeyCommitRequest.java:177)
	at org.apache.hadoop.ozone.protocolPB.OzoneManagerProtocolServerSideTranslatorPB.submitRequestDirectlyToOM(OzoneManagerProtocolServerSideTranslatorPB.java:219)
	at org.apache.hadoop.ozone.protocolPB.OzoneManagerProtocolServerSideTranslatorPB.processRequest(OzoneManagerProtocolServerSideTranslatorPB.java:134)
	at org.apache.hadoop.hdds.server.OzoneProtocolMessageDispatcher.processRequest(OzoneProtocolMessageDispatcher.java:72)
	at org.apache.hadoop.ozone.protocolPB.OzoneManagerProtocolServerSideTranslatorPB.submitRequest(OzoneManagerProtocolServerSideTranslatorPB.java:100)
	at org.apache.hadoop.ozone.protocol.proto.OzoneManagerProtocolProtos$OzoneManagerService$2.callBlockingMethod(OzoneManagerProtocolProtos.java)
	at org.apache.hadoop.ipc.ProtobufRpcEngine$Server$ProtoBufRpcInvoker.call(ProtobufRpcEngine.java:524)
	at org.apache.hadoop.ipc.RPC$Server.call(RPC.java:1025)
	at org.apache.hadoop.ipc.Server$RpcCall.run(Server.java:876)
	at org.apache.hadoop.ipc.Server$RpcCall.run(Server.java:822)
	at java.security.AccessController.doPrivileged(Native Method)
	at javax.security.auth.Subject.doAs(Subject.java:422)
	at org.apache.hadoop.security.UserGroupInformation.doAs(UserGroupInformation.java:1730)
	at org.apache.hadoop.ipc.Server$Handler.run(Server.java:2682)
, while invoking $Proxy37.submitRequest over nodeId=null,nodeAddress=localhost:35664 after 1 failover attempts. Trying to failover immediately.
2019-10-16 06:57:52,341 [IPC Server handler 11 on 35664] ERROR lock.LockManager (LockManager.java:getLockForReleasing(218)) - Trying to release the lock on /volume64829/bucket21016, which was never acquired.
2019-10-16 06:57:52,342 [IPC Server handler 11 on 35664] WARN  ipc.Server (Server.java:logException(2724)) - IPC Server handler 11 on 35664, call Call#107 Retry#2 org.apache.hadoop.ozone.om.protocol.OzoneManagerProtocol.submitRequest from 127.0.0.1:57030
java.lang.IllegalMonitorStateException: Releasing lock on resource /volume64829/bucket21016 without acquiring lock
	at org.apache.hadoop.ozone.lock.LockManager.getLockForReleasing(LockManager.java:220)
	at org.apache.hadoop.ozone.lock.LockManager.release(LockManager.java:168)
	at org.apache.hadoop.ozone.lock.LockManager.writeUnlock(LockManager.java:148)
	at org.apache.hadoop.ozone.om.lock.OzoneManagerLock.unlock(OzoneManagerLock.java:364)
	at org.apache.hadoop.ozone.om.lock.OzoneManagerLock.releaseWriteLock(OzoneManagerLock.java:329)
	at org.apache.hadoop.ozone.om.request.key.OMKeyCommitRequest.validateAndUpdateCache(OMKeyCommitRequest.java:177)
	at org.apache.hadoop.ozone.protocolPB.OzoneManagerProtocolServerSideTranslatorPB.submitRequestDirectlyToOM(OzoneManagerProtocolServerSideTranslatorPB.java:219)
	at org.apache.hadoop.ozone.protocolPB.OzoneManagerProtocolServerSideTranslatorPB.processRequest(OzoneManagerProtocolServerSideTranslatorPB.java:134)
	at org.apache.hadoop.hdds.server.OzoneProtocolMessageDispatcher.processRequest(OzoneProtocolMessageDispatcher.java:72)
	at org.apache.hadoop.ozone.protocolPB.OzoneManagerProtocolServerSideTranslatorPB.submitRequest(OzoneManagerProtocolServerSideTranslatorPB.java:100)
	at org.apache.hadoop.ozone.protocol.proto.OzoneManagerProtocolProtos$OzoneManagerService$2.callBlockingMethod(OzoneManagerProtocolProtos.java)
	at org.apache.hadoop.ipc.ProtobufRpcEngine$Server$ProtoBufRpcInvoker.call(ProtobufRpcEngine.java:524)
	at org.apache.hadoop.ipc.RPC$Server.call(RPC.java:1025)
	at org.apache.hadoop.ipc.Server$RpcCall.run(Server.java:876)
	at org.apache.hadoop.ipc.Server$RpcCall.run(Server.java:822)
	at java.security.AccessController.doPrivileged(Native Method)
	at javax.security.auth.Subject.doAs(Subject.java:422)
	at org.apache.hadoop.security.UserGroupInformation.doAs(UserGroupInformation.java:1730)
	at org.apache.hadoop.ipc.Server$Handler.run(Server.java:2682)
2019-10-16 06:57:52,344 [Thread-700] INFO  retry.RetryInvocationHandler (RetryInvocationHandler.java:log(411)) - com.google.protobuf.ServiceException: org.apache.hadoop.ipc.RemoteException(java.lang.IllegalMonitorStateException): Releasing lock on resource /volume64829/bucket21016 without acquiring lock
	at org.apache.hadoop.ozone.lock.LockManager.getLockForReleasing(LockManager.java:220)
	at org.apache.hadoop.ozone.lock.LockManager.release(LockManager.java:168)
	at org.apache.hadoop.ozone.lock.LockManager.writeUnlock(LockManager.java:148)
	at org.apache.hadoop.ozone.om.lock.OzoneManagerLock.unlock(OzoneManagerLock.java:364)
	at org.apache.hadoop.ozone.om.lock.OzoneManagerLock.releaseWriteLock(OzoneManagerLock.java:329)
	at org.apache.hadoop.ozone.om.request.key.OMKeyCommitRequest.validateAndUpdateCache(OMKeyCommitRequest.java:177)
	at org.apache.hadoop.ozone.protocolPB.OzoneManagerProtocolServerSideTranslatorPB.submitRequestDirectlyToOM(OzoneManagerProtocolServerSideTranslatorPB.java:219)
	at org.apache.hadoop.ozone.protocolPB.OzoneManagerProtocolServerSideTranslatorPB.processRequest(OzoneManagerProtocolServerSideTranslatorPB.java:134)
	at org.apache.hadoop.hdds.server.OzoneProtocolMessageDispatcher.processRequest(OzoneProtocolMessageDispatcher.java:72)
	at org.apache.hadoop.ozone.protocolPB.OzoneManagerProtocolServerSideTranslatorPB.submitRequest(OzoneManagerProtocolServerSideTranslatorPB.java:100)
	at org.apache.hadoop.ozone.protocol.proto.OzoneManagerProtocolProtos$OzoneManagerService$2.callBlockingMethod(OzoneManagerProtocolProtos.java)
	at org.apache.hadoop.ipc.ProtobufRpcEngine$Server$ProtoBufRpcInvoker.call(ProtobufRpcEngine.java:524)
	at org.apache.hadoop.ipc.RPC$Server.call(RPC.java:1025)
	at org.apache.hadoop.ipc.Server$RpcCall.run(Server.java:876)
	at org.apache.hadoop.ipc.Server$RpcCall.run(Server.java:822)
	at java.security.AccessController.doPrivileged(Native Method)
	at javax.security.auth.Subject.doAs(Subject.java:422)
	at org.apache.hadoop.security.UserGroupInformation.doAs(UserGroupInformation.java:1730)
	at org.apache.hadoop.ipc.Server$Handler.run(Server.java:2682)
, while invoking $Proxy37.submitRequest over nodeId=null,nodeAddress=localhost:35664 after 2 failover attempts. Trying to failover immediately.
2019-10-16 06:57:52,346 [IPC Server handler 12 on 35664] ERROR lock.LockManager (LockManager.java:getLockForReleasing(218)) - Trying to release the lock on /volume64829/bucket21016, which was never acquired.
2019-10-16 06:57:52,346 [IPC Server handler 12 on 35664] WARN  ipc.Server (Server.java:logException(2724)) - IPC Server handler 12 on 35664, call Call#107 Retry#3 org.apache.hadoop.ozone.om.protocol.OzoneManagerProtocol.submitRequest from 127.0.0.1:57030
java.lang.IllegalMonitorStateException: Releasing lock on resource /volume64829/bucket21016 without acquiring lock
	at org.apache.hadoop.ozone.lock.LockManager.getLockForReleasing(LockManager.java:220)
	at org.apache.hadoop.ozone.lock.LockManager.release(LockManager.java:168)
	at org.apache.hadoop.ozone.lock.LockManager.writeUnlock(LockManager.java:148)
	at org.apache.hadoop.ozone.om.lock.OzoneManagerLock.unlock(OzoneManagerLock.java:364)
	at org.apache.hadoop.ozone.om.lock.OzoneManagerLock.releaseWriteLock(OzoneManagerLock.java:329)
	at org.apache.hadoop.ozone.om.request.key.OMKeyCommitRequest.validateAndUpdateCache(OMKeyCommitRequest.java:177)
	at org.apache.hadoop.ozone.protocolPB.OzoneManagerProtocolServerSideTranslatorPB.submitRequestDirectlyToOM(OzoneManagerProtocolServerSideTranslatorPB.java:219)
	at org.apache.hadoop.ozone.protocolPB.OzoneManagerProtocolServerSideTranslatorPB.processRequest(OzoneManagerProtocolServerSideTranslatorPB.java:134)
	at org.apache.hadoop.hdds.server.OzoneProtocolMessageDispatcher.processRequest(OzoneProtocolMessageDispatcher.java:72)
	at org.apache.hadoop.ozone.protocolPB.OzoneManagerProtocolServerSideTranslatorPB.submitRequest(OzoneManagerProtocolServerSideTranslatorPB.java:100)
	at org.apache.hadoop.ozone.protocol.proto.OzoneManagerProtocolProtos$OzoneManagerService$2.callBlockingMethod(OzoneManagerProtocolProtos.java)
	at org.apache.hadoop.ipc.ProtobufRpcEngine$Server$ProtoBufRpcInvoker.call(ProtobufRpcEngine.java:524)
	at org.apache.hadoop.ipc.RPC$Server.call(RPC.java:1025)
	at org.apache.hadoop.ipc.Server$RpcCall.run(Server.java:876)
	at org.apache.hadoop.ipc.Server$RpcCall.run(Server.java:822)
	at java.security.AccessController.doPrivileged(Native Method)
	at javax.security.auth.Subject.doAs(Subject.java:422)
	at org.apache.hadoop.security.UserGroupInformation.doAs(UserGroupInformation.java:1730)
	at org.apache.hadoop.ipc.Server$Handler.run(Server.java:2682)
2019-10-16 06:57:52,348 [Thread-700] INFO  retry.RetryInvocationHandler (RetryInvocationHandler.java:log(411)) - com.google.protobuf.ServiceException: org.apache.hadoop.ipc.RemoteException(java.lang.IllegalMonitorStateException): Releasing lock on resource /volume64829/bucket21016 without acquiring lock
	at org.apache.hadoop.ozone.lock.LockManager.getLockForReleasing(LockManager.java:220)
	at org.apache.hadoop.ozone.lock.LockManager.release(LockManager.java:168)
	at org.apache.hadoop.ozone.lock.LockManager.writeUnlock(LockManager.java:148)
	at org.apache.hadoop.ozone.om.lock.OzoneManagerLock.unlock(OzoneManagerLock.java:364)
	at org.apache.hadoop.ozone.om.lock.OzoneManagerLock.releaseWriteLock(OzoneManagerLock.java:329)
	at org.apache.hadoop.ozone.om.request.key.OMKeyCommitRequest.validateAndUpdateCache(OMKeyCommitRequest.java:177)
	at org.apache.hadoop.ozone.protocolPB.OzoneManagerProtocolServerSideTranslatorPB.submitRequestDirectlyToOM(OzoneManagerProtocolServerSideTranslatorPB.java:219)
	at org.apache.hadoop.ozone.protocolPB.OzoneManagerProtocolServerSideTranslatorPB.processRequest(OzoneManagerProtocolServerSideTranslatorPB.java:134)
	at org.apache.hadoop.hdds.server.OzoneProtocolMessageDispatcher.processRequest(OzoneProtocolMessageDispatcher.java:72)
	at org.apache.hadoop.ozone.protocolPB.OzoneManagerProtocolServerSideTranslatorPB.submitRequest(OzoneManagerProtocolServerSideTranslatorPB.java:100)
	at org.apache.hadoop.ozone.protocol.proto.OzoneManagerProtocolProtos$OzoneManagerService$2.callBlockingMethod(OzoneManagerProtocolProtos.java)
	at org.apache.hadoop.ipc.ProtobufRpcEngine$Server$ProtoBufRpcInvoker.call(ProtobufRpcEngine.java:524)
	at org.apache.hadoop.ipc.RPC$Server.call(RPC.java:1025)
	at org.apache.hadoop.ipc.Server$RpcCall.run(Server.java:876)
	at org.apache.hadoop.ipc.Server$RpcCall.run(Server.java:822)
	at java.security.AccessController.doPrivileged(Native Method)
	at javax.security.auth.Subject.doAs(Subject.java:422)
	at org.apache.hadoop.security.UserGroupInformation.doAs(UserGroupInformation.java:1730)
	at org.apache.hadoop.ipc.Server$Handler.run(Server.java:2682)
, while invoking $Proxy37.submitRequest over nodeId=null,nodeAddress=localhost:35664 after 3 failover attempts. Trying to failover immediately.
2019-10-16 06:57:52,352 [IPC Server handler 14 on 35664] ERROR lock.LockManager (LockManager.java:getLockForReleasing(218)) - Trying to release the lock on /volume64829/bucket21016, which was never acquired.
2019-10-16 06:57:52,352 [IPC Server handler 14 on 35664] WARN  ipc.Server (Server.java:logException(2724)) - IPC Server handler 14 on 35664, call Call#107 Retry#4 org.apache.hadoop.ozone.om.protocol.OzoneManagerProtocol.submitRequest from 127.0.0.1:57030
java.lang.IllegalMonitorStateException: Releasing lock on resource /volume64829/bucket21016 without acquiring lock
	at org.apache.hadoop.ozone.lock.LockManager.getLockForReleasing(LockManager.java:220)
	at org.apache.hadoop.ozone.lock.LockManager.release(LockManager.java:168)
	at org.apache.hadoop.ozone.lock.LockManager.writeUnlock(LockManager.java:148)
	at org.apache.hadoop.ozone.om.lock.OzoneManagerLock.unlock(OzoneManagerLock.java:364)
	at org.apache.hadoop.ozone.om.lock.OzoneManagerLock.releaseWriteLock(OzoneManagerLock.java:329)
	at org.apache.hadoop.ozone.om.request.key.OMKeyCommitRequest.validateAndUpdateCache(OMKeyCommitRequest.java:177)
	at org.apache.hadoop.ozone.protocolPB.OzoneManagerProtocolServerSideTranslatorPB.submitRequestDirectlyToOM(OzoneManagerProtocolServerSideTranslatorPB.java:219)
	at org.apache.hadoop.ozone.protocolPB.OzoneManagerProtocolServerSideTranslatorPB.processRequest(OzoneManagerProtocolServerSideTranslatorPB.java:134)
	at org.apache.hadoop.hdds.server.OzoneProtocolMessageDispatcher.processRequest(OzoneProtocolMessageDispatcher.java:72)
	at org.apache.hadoop.ozone.protocolPB.OzoneManagerProtocolServerSideTranslatorPB.submitRequest(OzoneManagerProtocolServerSideTranslatorPB.java:100)
	at org.apache.hadoop.ozone.protocol.proto.OzoneManagerProtocolProtos$OzoneManagerService$2.callBlockingMethod(OzoneManagerProtocolProtos.java)
	at org.apache.hadoop.ipc.ProtobufRpcEngine$Server$ProtoBufRpcInvoker.call(ProtobufRpcEngine.java:524)
	at org.apache.hadoop.ipc.RPC$Server.call(RPC.java:1025)
	at org.apache.hadoop.ipc.Server$RpcCall.run(Server.java:876)
	at org.apache.hadoop.ipc.Server$RpcCall.run(Server.java:822)
	at java.security.AccessController.doPrivileged(Native Method)
	at javax.security.auth.Subject.doAs(Subject.java:422)
	at org.apache.hadoop.security.UserGroupInformation.doAs(UserGroupInformation.java:1730)
	at org.apache.hadoop.ipc.Server$Handler.run(Server.java:2682)
2019-10-16 06:57:52,354 [Thread-700] INFO  retry.RetryInvocationHandler (RetryInvocationHandler.java:log(411)) - com.google.protobuf.ServiceException: org.apache.hadoop.ipc.RemoteException(java.lang.IllegalMonitorStateException): Releasing lock on resource /volume64829/bucket21016 without acquiring lock
	at org.apache.hadoop.ozone.lock.LockManager.getLockForReleasing(LockManager.java:220)
	at org.apache.hadoop.ozone.lock.LockManager.release(LockManager.java:168)
	at org.apache.hadoop.ozone.lock.LockManager.writeUnlock(LockManager.java:148)
	at org.apache.hadoop.ozone.om.lock.OzoneManagerLock.unlock(OzoneManagerLock.java:364)
	at org.apache.hadoop.ozone.om.lock.OzoneManagerLock.releaseWriteLock(OzoneManagerLock.java:329)
	at org.apache.hadoop.ozone.om.request.key.OMKeyCommitRequest.validateAndUpdateCache(OMKeyCommitRequest.java:177)
	at org.apache.hadoop.ozone.protocolPB.OzoneManagerProtocolServerSideTranslatorPB.submitRequestDirectlyToOM(OzoneManagerProtocolServerSideTranslatorPB.java:219)
	at org.apache.hadoop.ozone.protocolPB.OzoneManagerProtocolServerSideTranslatorPB.processRequest(OzoneManagerProtocolServerSideTranslatorPB.java:134)
	at org.apache.hadoop.hdds.server.OzoneProtocolMessageDispatcher.processRequest(OzoneProtocolMessageDispatcher.java:72)
	at org.apache.hadoop.ozone.protocolPB.OzoneManagerProtocolServerSideTranslatorPB.submitRequest(OzoneManagerProtocolServerSideTranslatorPB.java:100)
	at org.apache.hadoop.ozone.protocol.proto.OzoneManagerProtocolProtos$OzoneManagerService$2.callBlockingMethod(OzoneManagerProtocolProtos.java)
	at org.apache.hadoop.ipc.ProtobufRpcEngine$Server$ProtoBufRpcInvoker.call(ProtobufRpcEngine.java:524)
	at org.apache.hadoop.ipc.RPC$Server.call(RPC.java:1025)
	at org.apache.hadoop.ipc.Server$RpcCall.run(Server.java:876)
	at org.apache.hadoop.ipc.Server$RpcCall.run(Server.java:822)
	at java.security.AccessController.doPrivileged(Native Method)
	at javax.security.auth.Subject.doAs(Subject.java:422)
	at org.apache.hadoop.security.UserGroupInformation.doAs(UserGroupInformation.java:1730)
	at org.apache.hadoop.ipc.Server$Handler.run(Server.java:2682)
, while invoking $Proxy37.submitRequest over nodeId=null,nodeAddress=localhost:35664 after 4 failover attempts. Trying to failover immediately.
2019-10-16 06:57:52,356 [IPC Server handler 13 on 35664] ERROR lock.LockManager (LockManager.java:getLockForReleasing(218)) - Trying to release the lock on /volume64829/bucket21016, which was never acquired.
2019-10-16 06:57:52,356 [IPC Server handler 13 on 35664] WARN  ipc.Server (Server.java:logException(2724)) - IPC Server handler 13 on 35664, call Call#107 Retry#5 org.apache.hadoop.ozone.om.protocol.OzoneManagerProtocol.submitRequest from 127.0.0.1:57030
java.lang.IllegalMonitorStateException: Releasing lock on resource /volume64829/bucket21016 without acquiring lock
	at org.apache.hadoop.ozone.lock.LockManager.getLockForReleasing(LockManager.java:220)
	at org.apache.hadoop.ozone.lock.LockManager.release(LockManager.java:168)
	at org.apache.hadoop.ozone.lock.LockManager.writeUnlock(LockManager.java:148)
	at org.apache.hadoop.ozone.om.lock.OzoneManagerLock.unlock(OzoneManagerLock.java:364)
	at org.apache.hadoop.ozone.om.lock.OzoneManagerLock.releaseWriteLock(OzoneManagerLock.java:329)
	at org.apache.hadoop.ozone.om.request.key.OMKeyCommitRequest.validateAndUpdateCache(OMKeyCommitRequest.java:177)
	at org.apache.hadoop.ozone.protocolPB.OzoneManagerProtocolServerSideTranslatorPB.submitRequestDirectlyToOM(OzoneManagerProtocolServerSideTranslatorPB.java:219)
	at org.apache.hadoop.ozone.protocolPB.OzoneManagerProtocolServerSideTranslatorPB.processRequest(OzoneManagerProtocolServerSideTranslatorPB.java:134)
	at org.apache.hadoop.hdds.server.OzoneProtocolMessageDispatcher.processRequest(OzoneProtocolMessageDispatcher.java:72)
	at org.apache.hadoop.ozone.protocolPB.OzoneManagerProtocolServerSideTranslatorPB.submitRequest(OzoneManagerProtocolServerSideTranslatorPB.java:100)
	at org.apache.hadoop.ozone.protocol.proto.OzoneManagerProtocolProtos$OzoneManagerService$2.callBlockingMethod(OzoneManagerProtocolProtos.java)
	at org.apache.hadoop.ipc.ProtobufRpcEngine$Server$ProtoBufRpcInvoker.call(ProtobufRpcEngine.java:524)
	at org.apache.hadoop.ipc.RPC$Server.call(RPC.java:1025)
	at org.apache.hadoop.ipc.Server$RpcCall.run(Server.java:876)
	at org.apache.hadoop.ipc.Server$RpcCall.run(Server.java:822)
	at java.security.AccessController.doPrivileged(Native Method)
	at javax.security.auth.Subject.doAs(Subject.java:422)
	at org.apache.hadoop.security.UserGroupInformation.doAs(UserGroupInformation.java:1730)
	at org.apache.hadoop.ipc.Server$Handler.run(Server.java:2682)
2019-10-16 06:57:52,358 [Thread-700] INFO  retry.RetryInvocationHandler (RetryInvocationHandler.java:log(411)) - com.google.protobuf.ServiceException: org.apache.hadoop.ipc.RemoteException(java.lang.IllegalMonitorStateException): Releasing lock on resource /volume64829/bucket21016 without acquiring lock
	at org.apache.hadoop.ozone.lock.LockManager.getLockForReleasing(LockManager.java:220)
	at org.apache.hadoop.ozone.lock.LockManager.release(LockManager.java:168)
	at org.apache.hadoop.ozone.lock.LockManager.writeUnlock(LockManager.java:148)
	at org.apache.hadoop.ozone.om.lock.OzoneManagerLock.unlock(OzoneManagerLock.java:364)
	at org.apache.hadoop.ozone.om.lock.OzoneManagerLock.releaseWriteLock(OzoneManagerLock.java:329)
	at org.apache.hadoop.ozone.om.request.key.OMKeyCommitRequest.validateAndUpdateCache(OMKeyCommitRequest.java:177)
	at org.apache.hadoop.ozone.protocolPB.OzoneManagerProtocolServerSideTranslatorPB.submitRequestDirectlyToOM(OzoneManagerProtocolServerSideTranslatorPB.java:219)
	at org.apache.hadoop.ozone.protocolPB.OzoneManagerProtocolServerSideTranslatorPB.processRequest(OzoneManagerProtocolServerSideTranslatorPB.java:134)
	at org.apache.hadoop.hdds.server.OzoneProtocolMessageDispatcher.processRequest(OzoneProtocolMessageDispatcher.java:72)
	at org.apache.hadoop.ozone.protocolPB.OzoneManagerProtocolServerSideTranslatorPB.submitRequest(OzoneManagerProtocolServerSideTranslatorPB.java:100)
	at org.apache.hadoop.ozone.protocol.proto.OzoneManagerProtocolProtos$OzoneManagerService$2.callBlockingMethod(OzoneManagerProtocolProtos.java)
	at org.apache.hadoop.ipc.ProtobufRpcEngine$Server$ProtoBufRpcInvoker.call(ProtobufRpcEngine.java:524)
	at org.apache.hadoop.ipc.RPC$Server.call(RPC.java:1025)
	at org.apache.hadoop.ipc.Server$RpcCall.run(Server.java:876)
	at org.apache.hadoop.ipc.Server$RpcCall.run(Server.java:822)
	at java.security.AccessController.doPrivileged(Native Method)
	at javax.security.auth.Subject.doAs(Subject.java:422)
	at org.apache.hadoop.security.UserGroupInformation.doAs(UserGroupInformation.java:1730)
	at org.apache.hadoop.ipc.Server$Handler.run(Server.java:2682)
, while invoking $Proxy37.submitRequest over nodeId=null,nodeAddress=localhost:35664 after 5 failover attempts. Trying to failover immediately.
2019-10-16 06:57:52,359 [IPC Server handler 15 on 35664] ERROR lock.LockManager (LockManager.java:getLockForReleasing(218)) - Trying to release the lock on /volume64829/bucket21016, which was never acquired.
2019-10-16 06:57:52,360 [IPC Server handler 15 on 35664] WARN  ipc.Server (Server.java:logException(2724)) - IPC Server handler 15 on 35664, call Call#107 Retry#6 org.apache.hadoop.ozone.om.protocol.OzoneManagerProtocol.submitRequest from 127.0.0.1:57030
java.lang.IllegalMonitorStateException: Releasing lock on resource /volume64829/bucket21016 without acquiring lock
	at org.apache.hadoop.ozone.lock.LockManager.getLockForReleasing(LockManager.java:220)
	at org.apache.hadoop.ozone.lock.LockManager.release(LockManager.java:168)
	at org.apache.hadoop.ozone.lock.LockManager.writeUnlock(LockManager.java:148)
	at org.apache.hadoop.ozone.om.lock.OzoneManagerLock.unlock(OzoneManagerLock.java:364)
	at org.apache.hadoop.ozone.om.lock.OzoneManagerLock.releaseWriteLock(OzoneManagerLock.java:329)
	at org.apache.hadoop.ozone.om.request.key.OMKeyCommitRequest.validateAndUpdateCache(OMKeyCommitRequest.java:177)
	at org.apache.hadoop.ozone.protocolPB.OzoneManagerProtocolServerSideTranslatorPB.submitRequestDirectlyToOM(OzoneManagerProtocolServerSideTranslatorPB.java:219)
	at org.apache.hadoop.ozone.protocolPB.OzoneManagerProtocolServerSideTranslatorPB.processRequest(OzoneManagerProtocolServerSideTranslatorPB.java:134)
	at org.apache.hadoop.hdds.server.OzoneProtocolMessageDispatcher.processRequest(OzoneProtocolMessageDispatcher.java:72)
	at org.apache.hadoop.ozone.protocolPB.OzoneManagerProtocolServerSideTranslatorPB.submitRequest(OzoneManagerProtocolServerSideTranslatorPB.java:100)
	at org.apache.hadoop.ozone.protocol.proto.OzoneManagerProtocolProtos$OzoneManagerService$2.callBlockingMethod(OzoneManagerProtocolProtos.java)
	at org.apache.hadoop.ipc.ProtobufRpcEngine$Server$ProtoBufRpcInvoker.call(ProtobufRpcEngine.java:524)
	at org.apache.hadoop.ipc.RPC$Server.call(RPC.java:1025)
	at org.apache.hadoop.ipc.Server$RpcCall.run(Server.java:876)
	at org.apache.hadoop.ipc.Server$RpcCall.run(Server.java:822)
	at java.security.AccessController.doPrivileged(Native Method)
	at javax.security.auth.Subject.doAs(Subject.java:422)
	at org.apache.hadoop.security.UserGroupInformation.doAs(UserGroupInformation.java:1730)
	at org.apache.hadoop.ipc.Server$Handler.run(Server.java:2682)
2019-10-16 06:57:52,361 [Thread-700] INFO  retry.RetryInvocationHandler (RetryInvocationHandler.java:log(411)) - com.google.protobuf.ServiceException: org.apache.hadoop.ipc.RemoteException(java.lang.IllegalMonitorStateException): Releasing lock on resource /volume64829/bucket21016 without acquiring lock
	at org.apache.hadoop.ozone.lock.LockManager.getLockForReleasing(LockManager.java:220)
	at org.apache.hadoop.ozone.lock.LockManager.release(LockManager.java:168)
	at org.apache.hadoop.ozone.lock.LockManager.writeUnlock(LockManager.java:148)
	at org.apache.hadoop.ozone.om.lock.OzoneManagerLock.unlock(OzoneManagerLock.java:364)
	at org.apache.hadoop.ozone.om.lock.OzoneManagerLock.releaseWriteLock(OzoneManagerLock.java:329)
	at org.apache.hadoop.ozone.om.request.key.OMKeyCommitRequest.validateAndUpdateCache(OMKeyCommitRequest.java:177)
	at org.apache.hadoop.ozone.protocolPB.OzoneManagerProtocolServerSideTranslatorPB.submitRequestDirectlyToOM(OzoneManagerProtocolServerSideTranslatorPB.java:219)
	at org.apache.hadoop.ozone.protocolPB.OzoneManagerProtocolServerSideTranslatorPB.processRequest(OzoneManagerProtocolServerSideTranslatorPB.java:134)
	at org.apache.hadoop.hdds.server.OzoneProtocolMessageDispatcher.processRequest(OzoneProtocolMessageDispatcher.java:72)
	at org.apache.hadoop.ozone.protocolPB.OzoneManagerProtocolServerSideTranslatorPB.submitRequest(OzoneManagerProtocolServerSideTranslatorPB.java:100)
	at org.apache.hadoop.ozone.protocol.proto.OzoneManagerProtocolProtos$OzoneManagerService$2.callBlockingMethod(OzoneManagerProtocolProtos.java)
	at org.apache.hadoop.ipc.ProtobufRpcEngine$Server$ProtoBufRpcInvoker.call(ProtobufRpcEngine.java:524)
	at org.apache.hadoop.ipc.RPC$Server.call(RPC.java:1025)
	at org.apache.hadoop.ipc.Server$RpcCall.run(Server.java:876)
	at org.apache.hadoop.ipc.Server$RpcCall.run(Server.java:822)
	at java.security.AccessController.doPrivileged(Native Method)
	at javax.security.auth.Subject.doAs(Subject.java:422)
	at org.apache.hadoop.security.UserGroupInformation.doAs(UserGroupInformation.java:1730)
	at org.apache.hadoop.ipc.Server$Handler.run(Server.java:2682)
, while invoking $Proxy37.submitRequest over nodeId=null,nodeAddress=localhost:35664 after 6 failover attempts. Trying to failover immediately.
2019-10-16 06:57:52,363 [IPC Server handler 16 on 35664] ERROR lock.LockManager (LockManager.java:getLockForReleasing(218)) - Trying to release the lock on /volume64829/bucket21016, which was never acquired.
2019-10-16 06:57:52,363 [IPC Server handler 16 on 35664] WARN  ipc.Server (Server.java:logException(2724)) - IPC Server handler 16 on 35664, call Call#107 Retry#7 org.apache.hadoop.ozone.om.protocol.OzoneManagerProtocol.submitRequest from 127.0.0.1:57030
java.lang.IllegalMonitorStateException: Releasing lock on resource /volume64829/bucket21016 without acquiring lock
	at org.apache.hadoop.ozone.lock.LockManager.getLockForReleasing(LockManager.java:220)
	at org.apache.hadoop.ozone.lock.LockManager.release(LockManager.java:168)
	at org.apache.hadoop.ozone.lock.LockManager.writeUnlock(LockManager.java:148)
	at org.apache.hadoop.ozone.om.lock.OzoneManagerLock.unlock(OzoneManagerLock.java:364)
	at org.apache.hadoop.ozone.om.lock.OzoneManagerLock.releaseWriteLock(OzoneManagerLock.java:329)
	at org.apache.hadoop.ozone.om.request.key.OMKeyCommitRequest.validateAndUpdateCache(OMKeyCommitRequest.java:177)
	at org.apache.hadoop.ozone.protocolPB.OzoneManagerProtocolServerSideTranslatorPB.submitRequestDirectlyToOM(OzoneManagerProtocolServerSideTranslatorPB.java:219)
	at org.apache.hadoop.ozone.protocolPB.OzoneManagerProtocolServerSideTranslatorPB.processRequest(OzoneManagerProtocolServerSideTranslatorPB.java:134)
	at org.apache.hadoop.hdds.server.OzoneProtocolMessageDispatcher.processRequest(OzoneProtocolMessageDispatcher.java:72)
	at org.apache.hadoop.ozone.protocolPB.OzoneManagerProtocolServerSideTranslatorPB.submitRequest(OzoneManagerProtocolServerSideTranslatorPB.java:100)
	at org.apache.hadoop.ozone.protocol.proto.OzoneManagerProtocolProtos$OzoneManagerService$2.callBlockingMethod(OzoneManagerProtocolProtos.java)
	at org.apache.hadoop.ipc.ProtobufRpcEngine$Server$ProtoBufRpcInvoker.call(ProtobufRpcEngine.java:524)
	at org.apache.hadoop.ipc.RPC$Server.call(RPC.java:1025)
	at org.apache.hadoop.ipc.Server$RpcCall.run(Server.java:876)
	at org.apache.hadoop.ipc.Server$RpcCall.run(Server.java:822)
	at java.security.AccessController.doPrivileged(Native Method)
	at javax.security.auth.Subject.doAs(Subject.java:422)
	at org.apache.hadoop.security.UserGroupInformation.doAs(UserGroupInformation.java:1730)
	at org.apache.hadoop.ipc.Server$Handler.run(Server.java:2682)
2019-10-16 06:57:52,365 [Thread-700] INFO  retry.RetryInvocationHandler (RetryInvocationHandler.java:log(411)) - com.google.protobuf.ServiceException: org.apache.hadoop.ipc.RemoteException(java.lang.IllegalMonitorStateException): Releasing lock on resource /volume64829/bucket21016 without acquiring lock
	at org.apache.hadoop.ozone.lock.LockManager.getLockForReleasing(LockManager.java:220)
	at org.apache.hadoop.ozone.lock.LockManager.release(LockManager.java:168)
	at org.apache.hadoop.ozone.lock.LockManager.writeUnlock(LockManager.java:148)
	at org.apache.hadoop.ozone.om.lock.OzoneManagerLock.unlock(OzoneManagerLock.java:364)
	at org.apache.hadoop.ozone.om.lock.OzoneManagerLock.releaseWriteLock(OzoneManagerLock.java:329)
	at org.apache.hadoop.ozone.om.request.key.OMKeyCommitRequest.validateAndUpdateCache(OMKeyCommitRequest.java:177)
	at org.apache.hadoop.ozone.protocolPB.OzoneManagerProtocolServerSideTranslatorPB.submitRequestDirectlyToOM(OzoneManagerProtocolServerSideTranslatorPB.java:219)
	at org.apache.hadoop.ozone.protocolPB.OzoneManagerProtocolServerSideTranslatorPB.processRequest(OzoneManagerProtocolServerSideTranslatorPB.java:134)
	at org.apache.hadoop.hdds.server.OzoneProtocolMessageDispatcher.processRequest(OzoneProtocolMessageDispatcher.java:72)
	at org.apache.hadoop.ozone.protocolPB.OzoneManagerProtocolServerSideTranslatorPB.submitRequest(OzoneManagerProtocolServerSideTranslatorPB.java:100)
	at org.apache.hadoop.ozone.protocol.proto.OzoneManagerProtocolProtos$OzoneManagerService$2.callBlockingMethod(OzoneManagerProtocolProtos.java)
	at org.apache.hadoop.ipc.ProtobufRpcEngine$Server$ProtoBufRpcInvoker.call(ProtobufRpcEngine.java:524)
	at org.apache.hadoop.ipc.RPC$Server.call(RPC.java:1025)
	at org.apache.hadoop.ipc.Server$RpcCall.run(Server.java:876)
	at org.apache.hadoop.ipc.Server$RpcCall.run(Server.java:822)
	at java.security.AccessController.doPrivileged(Native Method)
	at javax.security.auth.Subject.doAs(Subject.java:422)
	at org.apache.hadoop.security.UserGroupInformation.doAs(UserGroupInformation.java:1730)
	at org.apache.hadoop.ipc.Server$Handler.run(Server.java:2682)
, while invoking $Proxy37.submitRequest over nodeId=null,nodeAddress=localhost:35664 after 7 failover attempts. Trying to failover immediately.
2019-10-16 06:57:52,367 [IPC Server handler 17 on 35664] ERROR lock.LockManager (LockManager.java:getLockForReleasing(218)) - Trying to release the lock on /volume64829/bucket21016, which was never acquired.
2019-10-16 06:57:52,367 [IPC Server handler 17 on 35664] WARN  ipc.Server (Server.java:logException(2724)) - IPC Server handler 17 on 35664, call Call#107 Retry#8 org.apache.hadoop.ozone.om.protocol.OzoneManagerProtocol.submitRequest from 127.0.0.1:57030
java.lang.IllegalMonitorStateException: Releasing lock on resource /volume64829/bucket21016 without acquiring lock
	at org.apache.hadoop.ozone.lock.LockManager.getLockForReleasing(LockManager.java:220)
	at org.apache.hadoop.ozone.lock.LockManager.release(LockManager.java:168)
	at org.apache.hadoop.ozone.lock.LockManager.writeUnlock(LockManager.java:148)
	at org.apache.hadoop.ozone.om.lock.OzoneManagerLock.unlock(OzoneManagerLock.java:364)
	at org.apache.hadoop.ozone.om.lock.OzoneManagerLock.releaseWriteLock(OzoneManagerLock.java:329)
	at org.apache.hadoop.ozone.om.request.key.OMKeyCommitRequest.validateAndUpdateCache(OMKeyCommitRequest.java:177)
	at org.apache.hadoop.ozone.protocolPB.OzoneManagerProtocolServerSideTranslatorPB.submitRequestDirectlyToOM(OzoneManagerProtocolServerSideTranslatorPB.java:219)
	at org.apache.hadoop.ozone.protocolPB.OzoneManagerProtocolServerSideTranslatorPB.processRequest(OzoneManagerProtocolServerSideTranslatorPB.java:134)
	at org.apache.hadoop.hdds.server.OzoneProtocolMessageDispatcher.processRequest(OzoneProtocolMessageDispatcher.java:72)
	at org.apache.hadoop.ozone.protocolPB.OzoneManagerProtocolServerSideTranslatorPB.submitRequest(OzoneManagerProtocolServerSideTranslatorPB.java:100)
	at org.apache.hadoop.ozone.protocol.proto.OzoneManagerProtocolProtos$OzoneManagerService$2.callBlockingMethod(OzoneManagerProtocolProtos.java)
	at org.apache.hadoop.ipc.ProtobufRpcEngine$Server$ProtoBufRpcInvoker.call(ProtobufRpcEngine.java:524)
	at org.apache.hadoop.ipc.RPC$Server.call(RPC.java:1025)
	at org.apache.hadoop.ipc.Server$RpcCall.run(Server.java:876)
	at org.apache.hadoop.ipc.Server$RpcCall.run(Server.java:822)
	at java.security.AccessController.doPrivileged(Native Method)
	at javax.security.auth.Subject.doAs(Subject.java:422)
	at org.apache.hadoop.security.UserGroupInformation.doAs(UserGroupInformation.java:1730)
	at org.apache.hadoop.ipc.Server$Handler.run(Server.java:2682)
2019-10-16 06:57:52,376 [Thread-700] INFO  retry.RetryInvocationHandler (RetryInvocationHandler.java:log(411)) - com.google.protobuf.ServiceException: org.apache.hadoop.ipc.RemoteException(java.lang.IllegalMonitorStateException): Releasing lock on resource /volume64829/bucket21016 without acquiring lock
	at org.apache.hadoop.ozone.lock.LockManager.getLockForReleasing(LockManager.java:220)
	at org.apache.hadoop.ozone.lock.LockManager.release(LockManager.java:168)
	at org.apache.hadoop.ozone.lock.LockManager.writeUnlock(LockManager.java:148)
	at org.apache.hadoop.ozone.om.lock.OzoneManagerLock.unlock(OzoneManagerLock.java:364)
	at org.apache.hadoop.ozone.om.lock.OzoneManagerLock.releaseWriteLock(OzoneManagerLock.java:329)
	at org.apache.hadoop.ozone.om.request.key.OMKeyCommitRequest.validateAndUpdateCache(OMKeyCommitRequest.java:177)
	at org.apache.hadoop.ozone.protocolPB.OzoneManagerProtocolServerSideTranslatorPB.submitRequestDirectlyToOM(OzoneManagerProtocolServerSideTranslatorPB.java:219)
	at org.apache.hadoop.ozone.protocolPB.OzoneManagerProtocolServerSideTranslatorPB.processRequest(OzoneManagerProtocolServerSideTranslatorPB.java:134)
	at org.apache.hadoop.hdds.server.OzoneProtocolMessageDispatcher.processRequest(OzoneProtocolMessageDispatcher.java:72)
	at org.apache.hadoop.ozone.protocolPB.OzoneManagerProtocolServerSideTranslatorPB.submitRequest(OzoneManagerProtocolServerSideTranslatorPB.java:100)
	at org.apache.hadoop.ozone.protocol.proto.OzoneManagerProtocolProtos$OzoneManagerService$2.callBlockingMethod(OzoneManagerProtocolProtos.java)
	at org.apache.hadoop.ipc.ProtobufRpcEngine$Server$ProtoBufRpcInvoker.call(ProtobufRpcEngine.java:524)
	at org.apache.hadoop.ipc.RPC$Server.call(RPC.java:1025)
	at org.apache.hadoop.ipc.Server$RpcCall.run(Server.java:876)
	at org.apache.hadoop.ipc.Server$RpcCall.run(Server.java:822)
	at java.security.AccessController.doPrivileged(Native Method)
	at javax.security.auth.Subject.doAs(Subject.java:422)
	at org.apache.hadoop.security.UserGroupInformation.doAs(UserGroupInformation.java:1730)
	at org.apache.hadoop.ipc.Server$Handler.run(Server.java:2682)
, while invoking $Proxy37.submitRequest over nodeId=null,nodeAddress=localhost:35664 after 8 failover attempts. Trying to failover immediately.
2019-10-16 06:57:52,378 [IPC Server handler 18 on 35664] ERROR lock.LockManager (LockManager.java:getLockForReleasing(218)) - Trying to release the lock on /volume64829/bucket21016, which was never acquired.
2019-10-16 06:57:52,378 [IPC Server handler 18 on 35664] WARN  ipc.Server (Server.java:logException(2724)) - IPC Server handler 18 on 35664, call Call#107 Retry#9 org.apache.hadoop.ozone.om.protocol.OzoneManagerProtocol.submitRequest from 127.0.0.1:57030
java.lang.IllegalMonitorStateException: Releasing lock on resource /volume64829/bucket21016 without acquiring lock
	at org.apache.hadoop.ozone.lock.LockManager.getLockForReleasing(LockManager.java:220)
	at org.apache.hadoop.ozone.lock.LockManager.release(LockManager.java:168)
	at org.apache.hadoop.ozone.lock.LockManager.writeUnlock(LockManager.java:148)
	at org.apache.hadoop.ozone.om.lock.OzoneManagerLock.unlock(OzoneManagerLock.java:364)
	at org.apache.hadoop.ozone.om.lock.OzoneManagerLock.releaseWriteLock(OzoneManagerLock.java:329)
	at org.apache.hadoop.ozone.om.request.key.OMKeyCommitRequest.validateAndUpdateCache(OMKeyCommitRequest.java:177)
	at org.apache.hadoop.ozone.protocolPB.OzoneManagerProtocolServerSideTranslatorPB.submitRequestDirectlyToOM(OzoneManagerProtocolServerSideTranslatorPB.java:219)
	at org.apache.hadoop.ozone.protocolPB.OzoneManagerProtocolServerSideTranslatorPB.processRequest(OzoneManagerProtocolServerSideTranslatorPB.java:134)
	at org.apache.hadoop.hdds.server.OzoneProtocolMessageDispatcher.processRequest(OzoneProtocolMessageDispatcher.java:72)
	at org.apache.hadoop.ozone.protocolPB.OzoneManagerProtocolServerSideTranslatorPB.submitRequest(OzoneManagerProtocolServerSideTranslatorPB.java:100)
	at org.apache.hadoop.ozone.protocol.proto.OzoneManagerProtocolProtos$OzoneManagerService$2.callBlockingMethod(OzoneManagerProtocolProtos.java)
	at org.apache.hadoop.ipc.ProtobufRpcEngine$Server$ProtoBufRpcInvoker.call(ProtobufRpcEngine.java:524)
	at org.apache.hadoop.ipc.RPC$Server.call(RPC.java:1025)
	at org.apache.hadoop.ipc.Server$RpcCall.run(Server.java:876)
	at org.apache.hadoop.ipc.Server$RpcCall.run(Server.java:822)
	at java.security.AccessController.doPrivileged(Native Method)
	at javax.security.auth.Subject.doAs(Subject.java:422)
	at org.apache.hadoop.security.UserGroupInformation.doAs(UserGroupInformation.java:1730)
	at org.apache.hadoop.ipc.Server$Handler.run(Server.java:2682)
2019-10-16 06:57:52,380 [Thread-700] INFO  retry.RetryInvocationHandler (RetryInvocationHandler.java:log(411)) - com.google.protobuf.ServiceException: org.apache.hadoop.ipc.RemoteException(java.lang.IllegalMonitorStateException): Releasing lock on resource /volume64829/bucket21016 without acquiring lock
	at org.apache.hadoop.ozone.lock.LockManager.getLockForReleasing(LockManager.java:220)
	at org.apache.hadoop.ozone.lock.LockManager.release(LockManager.java:168)
	at org.apache.hadoop.ozone.lock.LockManager.writeUnlock(LockManager.java:148)
	at org.apache.hadoop.ozone.om.lock.OzoneManagerLock.unlock(OzoneManagerLock.java:364)
	at org.apache.hadoop.ozone.om.lock.OzoneManagerLock.releaseWriteLock(OzoneManagerLock.java:329)
	at org.apache.hadoop.ozone.om.request.key.OMKeyCommitRequest.validateAndUpdateCache(OMKeyCommitRequest.java:177)
	at org.apache.hadoop.ozone.protocolPB.OzoneManagerProtocolServerSideTranslatorPB.submitRequestDirectlyToOM(OzoneManagerProtocolServerSideTranslatorPB.java:219)
	at org.apache.hadoop.ozone.protocolPB.OzoneManagerProtocolServerSideTranslatorPB.processRequest(OzoneManagerProtocolServerSideTranslatorPB.java:134)
	at org.apache.hadoop.hdds.server.OzoneProtocolMessageDispatcher.processRequest(OzoneProtocolMessageDispatcher.java:72)
	at org.apache.hadoop.ozone.protocolPB.OzoneManagerProtocolServerSideTranslatorPB.submitRequest(OzoneManagerProtocolServerSideTranslatorPB.java:100)
	at org.apache.hadoop.ozone.protocol.proto.OzoneManagerProtocolProtos$OzoneManagerService$2.callBlockingMethod(OzoneManagerProtocolProtos.java)
	at org.apache.hadoop.ipc.ProtobufRpcEngine$Server$ProtoBufRpcInvoker.call(ProtobufRpcEngine.java:524)
	at org.apache.hadoop.ipc.RPC$Server.call(RPC.java:1025)
	at org.apache.hadoop.ipc.Server$RpcCall.run(Server.java:876)
	at org.apache.hadoop.ipc.Server$RpcCall.run(Server.java:822)
	at java.security.AccessController.doPrivileged(Native Method)
	at javax.security.auth.Subject.doAs(Subject.java:422)
	at org.apache.hadoop.security.UserGroupInformation.doAs(UserGroupInformation.java:1730)
	at org.apache.hadoop.ipc.Server$Handler.run(Server.java:2682)
, while invoking $Proxy37.submitRequest over nodeId=null,nodeAddress=localhost:35664 after 9 failover attempts. Trying to failover immediately.
2019-10-16 06:57:52,382 [IPC Server handler 19 on 35664] ERROR lock.LockManager (LockManager.java:getLockForReleasing(218)) - Trying to release the lock on /volume64829/bucket21016, which was never acquired.
2019-10-16 06:57:52,382 [IPC Server handler 19 on 35664] WARN  ipc.Server (Server.java:logException(2724)) - IPC Server handler 19 on 35664, call Call#107 Retry#10 org.apache.hadoop.ozone.om.protocol.OzoneManagerProtocol.submitRequest from 127.0.0.1:57030
java.lang.IllegalMonitorStateException: Releasing lock on resource /volume64829/bucket21016 without acquiring lock
	at org.apache.hadoop.ozone.lock.LockManager.getLockForReleasing(LockManager.java:220)
	at org.apache.hadoop.ozone.lock.LockManager.release(LockManager.java:168)
	at org.apache.hadoop.ozone.lock.LockManager.writeUnlock(LockManager.java:148)
	at org.apache.hadoop.ozone.om.lock.OzoneManagerLock.unlock(OzoneManagerLock.java:364)
	at org.apache.hadoop.ozone.om.lock.OzoneManagerLock.releaseWriteLock(OzoneManagerLock.java:329)
	at org.apache.hadoop.ozone.om.request.key.OMKeyCommitRequest.validateAndUpdateCache(OMKeyCommitRequest.java:177)
	at org.apache.hadoop.ozone.protocolPB.OzoneManagerProtocolServerSideTranslatorPB.submitRequestDirectlyToOM(OzoneManagerProtocolServerSideTranslatorPB.java:219)
	at org.apache.hadoop.ozone.protocolPB.OzoneManagerProtocolServerSideTranslatorPB.processRequest(OzoneManagerProtocolServerSideTranslatorPB.java:134)
	at org.apache.hadoop.hdds.server.OzoneProtocolMessageDispatcher.processRequest(OzoneProtocolMessageDispatcher.java:72)
	at org.apache.hadoop.ozone.protocolPB.OzoneManagerProtocolServerSideTranslatorPB.submitRequest(OzoneManagerProtocolServerSideTranslatorPB.java:100)
	at org.apache.hadoop.ozone.protocol.proto.OzoneManagerProtocolProtos$OzoneManagerService$2.callBlockingMethod(OzoneManagerProtocolProtos.java)
	at org.apache.hadoop.ipc.ProtobufRpcEngine$Server$ProtoBufRpcInvoker.call(ProtobufRpcEngine.java:524)
	at org.apache.hadoop.ipc.RPC$Server.call(RPC.java:1025)
	at org.apache.hadoop.ipc.Server$RpcCall.run(Server.java:876)
	at org.apache.hadoop.ipc.Server$RpcCall.run(Server.java:822)
	at java.security.AccessController.doPrivileged(Native Method)
	at javax.security.auth.Subject.doAs(Subject.java:422)
	at org.apache.hadoop.security.UserGroupInformation.doAs(UserGroupInformation.java:1730)
	at org.apache.hadoop.ipc.Server$Handler.run(Server.java:2682)
2019-10-16 06:57:52,384 [Thread-700] ERROR ha.OMFailoverProxyProvider (OzoneManagerProtocolClientSideTranslatorPB.java:getRetryAction(268)) - Failed to connect to OM. Attempted 10 retries and 10 failovers
2019-10-16 06:57:52,386 [Thread-700] INFO  ozone.MiniOzoneClusterImpl (MiniOzoneClusterImpl.java:shutdown(314)) - Shutting down the Mini Ozone Cluster
2019-10-16 06:57:52,386 [Thread-700] INFO  ozone.MiniOzoneClusterImpl (MiniOzoneClusterImpl.java:stop(330)) - Stopping the Mini Ozone Cluster
2019-10-16 06:57:52,387 [Thread-700] INFO  ozone.MiniOzoneClusterImpl (MiniOzoneClusterImpl.java:stopOM(400)) - Stopping the OzoneManager
2019-10-16 06:57:52,387 [Thread-700] INFO  ipc.Server (Server.java:stop(3082)) - Stopping server on 35664
2019-10-16 06:57:52,390 [IPC Server listener on 35664] INFO  ipc.Server (Server.java:run(1185)) - Stopping IPC Server listener on 35664
2019-10-16 06:57:52,390 [Thread-700] INFO  ratis.OzoneManagerDoubleBuffer (OzoneManagerDoubleBuffer.java:stop(250)) - Stopping OMDoubleBuffer flush thread
2019-10-16 06:57:52,390 [IPC Server Responder] INFO  ipc.Server (Server.java:run(1319)) - Stopping IPC Server Responder
2019-10-16 06:57:52,391 [OMDoubleBufferFlushThread] INFO  ratis.OzoneManagerDoubleBuffer (OzoneManagerDoubleBuffer.java:flushTransactions(193)) - OMDoubleBuffer flush thread OMDoubleBufferFlushThread is interrupted and will exit. OMDoubleBufferFlushThread
2019-10-16 06:57:52,392 [Thread-700] INFO  utils.BackgroundService (BackgroundService.java:shutdown(151)) - Shutting down service KeyDeletingService
2019-10-16 06:57:52,393 [Thread-700] INFO  handler.ContextHandler (ContextHandler.java:doStop(910)) - Stopped o.e.j.w.WebAppContext@4069493f{/,null,UNAVAILABLE}{/ozoneManager}
2019-10-16 06:57:52,393 [Thread-700] INFO  server.AbstractConnector (AbstractConnector.java:doStop(318)) - Stopped ServerConnector@6b9eec5d{HTTP/1.1,[http/1.1]}{0.0.0.0:0}
2019-10-16 06:57:52,394 [Thread-700] INFO  handler.ContextHandler (ContextHandler.java:doStop(910)) - Stopped o.e.j.s.ServletContextHandler@1762c486{/static,jar:file:/home/user/.m2/repository/org/apache/hadoop/hadoop-ozone-ozone-manager/0.5.0-SNAPSHOT/hadoop-ozone-ozone-manager-0.5.0-SNAPSHOT.jar!/webapps/static,UNAVAILABLE}
2019-10-16 06:57:52,394 [Thread-700] INFO  handler.ContextHandler (ContextHandler.java:doStop(910)) - Stopped o.e.j.s.ServletContextHandler@535cd2c3{/logs,file:///workdir/hadoop-ozone/ozonefs/target/log,UNAVAILABLE}
2019-10-16 06:57:52,396 [Thread-700] INFO  ozone.MiniOzoneClusterImpl (MiniOzoneClusterImpl.java:stopDatanodes(377)) - Stopping the HddsDatanodes
2019-10-16 06:57:53,059 [Datanode State Machine Thread - 0] INFO  statemachine.DatanodeStateMachine (DatanodeStateMachine.java:lambda$startDaemon$0(350)) - Ozone container server started.
2019-10-16 06:57:53,162 [Datanode State Machine Thread - 0] INFO  statemachine.DatanodeStateMachine (DatanodeStateMachine.java:lambda$startDaemon$0(350)) - Ozone container server started.
2019-10-16 06:57:54,068 [Thread-872] INFO  container.ReplicationManager (ReplicationManager.java:start(162)) - Starting Replication Monitor Thread.
2019-10-16 06:57:54,071 [ReplicationMonitor] INFO  container.ReplicationManager (ReplicationManager.java:run(225)) - Replication Monitor Thread took 0 milliseconds for processing 1 containers.
2019-10-16 06:57:57,396 [Thread-700] INFO  ozoneimpl.OzoneContainer (OzoneContainer.java:stop(227)) - Attempting to stop container services.
2019-10-16 06:57:57,396 [ForkJoinPool.commonPool-worker-0] INFO  ozoneimpl.OzoneContainer (OzoneContainer.java:stop(227)) - Attempting to stop container services.
2019-10-16 06:57:57,397 [Thread-700] INFO  impl.RaftServerProxy (RaftServerProxy.java:lambda$close$4(314)) - fd81e216-9860-4ae9-bb70-b7f544d2aeb2: close
2019-10-16 06:57:57,397 [ForkJoinPool.commonPool-worker-0] INFO  impl.RaftServerProxy (RaftServerProxy.java:lambda$close$4(314)) - 76f342d4-a86a-47fc-aa54-2f94509c93ba: close
2019-10-16 06:57:57,397 [Thread-700] INFO  impl.RaftServerImpl (RaftServerImpl.java:lambda$shutdown$3(261)) - fd81e216-9860-4ae9-bb70-b7f544d2aeb2@group-108048679794: shutdown
2019-10-16 06:57:57,397 [ForkJoinPool.commonPool-worker-0] INFO  impl.RaftServerImpl (RaftServerImpl.java:lambda$shutdown$3(261)) - 76f342d4-a86a-47fc-aa54-2f94509c93ba@group-108048679794: shutdown
2019-10-16 06:57:57,397 [Thread-700] INFO  util.JmxRegister (JmxRegister.java:unregister(73)) - Successfully un-registered JMX Bean with object name Ratis:service=RaftServer,group=group-108048679794,id=fd81e216-9860-4ae9-bb70-b7f544d2aeb2
2019-10-16 06:57:57,398 [ForkJoinPool.commonPool-worker-0] INFO  util.JmxRegister (JmxRegister.java:unregister(73)) - Successfully un-registered JMX Bean with object name Ratis:service=RaftServer,group=group-108048679794,id=76f342d4-a86a-47fc-aa54-2f94509c93ba
2019-10-16 06:57:57,398 [Thread-700] INFO  impl.RoleInfo (RoleInfo.java:shutdownFollowerState(121)) - fd81e216-9860-4ae9-bb70-b7f544d2aeb2: shutdown FollowerState
2019-10-16 06:57:57,398 [ForkJoinPool.commonPool-worker-0] INFO  impl.RoleInfo (RoleInfo.java:shutdownFollowerState(121)) - 76f342d4-a86a-47fc-aa54-2f94509c93ba: shutdown FollowerState
2019-10-16 06:57:57,398 [Thread-910] INFO  impl.FollowerState (FollowerState.java:run(117)) - fd81e216-9860-4ae9-bb70-b7f544d2aeb2@group-108048679794-FollowerState was interrupted: java.lang.InterruptedException: sleep interrupted
2019-10-16 06:57:57,399 [Thread-911] INFO  impl.FollowerState (FollowerState.java:run(117)) - 76f342d4-a86a-47fc-aa54-2f94509c93ba@group-108048679794-FollowerState was interrupted: java.lang.InterruptedException: sleep interrupted
2019-10-16 06:57:57,398 [Thread-700] INFO  impl.StateMachineUpdater (StateMachineUpdater.java:stopAndJoin(136)) - fd81e216-9860-4ae9-bb70-b7f544d2aeb2@group-108048679794-StateMachineUpdater: set stopIndex = 0
2019-10-16 06:57:57,399 [ForkJoinPool.commonPool-worker-0] INFO  impl.StateMachineUpdater (StateMachineUpdater.java:stopAndJoin(136)) - 76f342d4-a86a-47fc-aa54-2f94509c93ba@group-108048679794-StateMachineUpdater: set stopIndex = 0
2019-10-16 06:57:57,399 [Thread-700] INFO  impl.RaftServerImpl (ServerState.java:close(388)) - fd81e216-9860-4ae9-bb70-b7f544d2aeb2@group-108048679794: closes. applyIndex: 0
2019-10-16 06:57:57,399 [ForkJoinPool.commonPool-worker-0] INFO  impl.RaftServerImpl (ServerState.java:close(388)) - 76f342d4-a86a-47fc-aa54-2f94509c93ba@group-108048679794: closes. applyIndex: 0
2019-10-16 06:57:57,400 [fd81e216-9860-4ae9-bb70-b7f544d2aeb2@group-108048679794-SegmentedRaftLogWorker] INFO  segmented.SegmentedRaftLogWorker (SegmentedRaftLogWorker.java:run(316)) - fd81e216-9860-4ae9-bb70-b7f544d2aeb2@group-108048679794-SegmentedRaftLogWorker was interrupted, exiting. There are 0 tasks remaining in the queue.
2019-10-16 06:57:57,400 [76f342d4-a86a-47fc-aa54-2f94509c93ba@group-108048679794-SegmentedRaftLogWorker] INFO  segmented.SegmentedRaftLogWorker (SegmentedRaftLogWorker.java:run(316)) - 76f342d4-a86a-47fc-aa54-2f94509c93ba@group-108048679794-SegmentedRaftLogWorker was interrupted, exiting. There are 0 tasks remaining in the queue.
2019-10-16 06:57:57,402 [Thread-700] INFO  segmented.SegmentedRaftLogWorker (SegmentedRaftLogWorker.java:close(224)) - fd81e216-9860-4ae9-bb70-b7f544d2aeb2@group-108048679794-SegmentedRaftLogWorker close()
2019-10-16 06:57:57,402 [ForkJoinPool.commonPool-worker-0] INFO  segmented.SegmentedRaftLogWorker (SegmentedRaftLogWorker.java:close(224)) - 76f342d4-a86a-47fc-aa54-2f94509c93ba@group-108048679794-SegmentedRaftLogWorker close()
2019-10-16 06:57:57,407 [Thread-700] INFO  impl.RaftServerImpl (RaftServerImpl.java:lambda$shutdown$3(261)) - fd81e216-9860-4ae9-bb70-b7f544d2aeb2@group-06FC276D744C: shutdown
2019-10-16 06:57:57,408 [ForkJoinPool.commonPool-worker-0] INFO  impl.RaftServerImpl (RaftServerImpl.java:lambda$shutdown$3(261)) - 76f342d4-a86a-47fc-aa54-2f94509c93ba@group-E055AE33D4AE: shutdown
2019-10-16 06:57:57,409 [Thread-700] INFO  util.JmxRegister (JmxRegister.java:unregister(73)) - Successfully un-registered JMX Bean with object name Ratis:service=RaftServer,group=group-06FC276D744C,id=fd81e216-9860-4ae9-bb70-b7f544d2aeb2
2019-10-16 06:57:57,409 [ForkJoinPool.commonPool-worker-0] INFO  util.JmxRegister (JmxRegister.java:unregister(73)) - Successfully un-registered JMX Bean with object name Ratis:service=RaftServer,group=group-E055AE33D4AE,id=76f342d4-a86a-47fc-aa54-2f94509c93ba
2019-10-16 06:57:57,409 [Thread-700] INFO  impl.RoleInfo (RoleInfo.java:shutdownLeaderState(104)) - fd81e216-9860-4ae9-bb70-b7f544d2aeb2: shutdown LeaderState
2019-10-16 06:57:57,409 [ForkJoinPool.commonPool-worker-0] INFO  impl.RoleInfo (RoleInfo.java:shutdownLeaderState(104)) - 76f342d4-a86a-47fc-aa54-2f94509c93ba: shutdown LeaderState
2019-10-16 06:57:57,409 [Thread-700] INFO  impl.PendingRequests (PendingRequests.java:sendNotLeaderResponses(202)) - fd81e216-9860-4ae9-bb70-b7f544d2aeb2@group-06FC276D744C-PendingRequests: sendNotLeaderResponses
2019-10-16 06:57:57,410 [ForkJoinPool.commonPool-worker-0] INFO  impl.PendingRequests (PendingRequests.java:sendNotLeaderResponses(202)) - 76f342d4-a86a-47fc-aa54-2f94509c93ba@group-E055AE33D4AE-PendingRequests: sendNotLeaderResponses
2019-10-16 06:57:57,410 [Thread-700] INFO  impl.StateMachineUpdater (StateMachineUpdater.java:stopAndJoin(136)) - fd81e216-9860-4ae9-bb70-b7f544d2aeb2@group-06FC276D744C-StateMachineUpdater: set stopIndex = 0
2019-10-16 06:57:57,410 [ForkJoinPool.commonPool-worker-0] INFO  impl.StateMachineUpdater (StateMachineUpdater.java:stopAndJoin(136)) - 76f342d4-a86a-47fc-aa54-2f94509c93ba@group-E055AE33D4AE-StateMachineUpdater: set stopIndex = 0
2019-10-16 06:57:57,410 [Thread-700] INFO  impl.RaftServerImpl (ServerState.java:close(388)) - fd81e216-9860-4ae9-bb70-b7f544d2aeb2@group-06FC276D744C: closes. applyIndex: 0
2019-10-16 06:57:57,410 [ForkJoinPool.commonPool-worker-0] INFO  impl.RaftServerImpl (ServerState.java:close(388)) - 76f342d4-a86a-47fc-aa54-2f94509c93ba@group-E055AE33D4AE: closes. applyIndex: 0
2019-10-16 06:57:57,411 [fd81e216-9860-4ae9-bb70-b7f544d2aeb2@group-06FC276D744C-SegmentedRaftLogWorker] INFO  segmented.SegmentedRaftLogWorker (SegmentedRaftLogWorker.java:run(316)) - fd81e216-9860-4ae9-bb70-b7f544d2aeb2@group-06FC276D744C-SegmentedRaftLogWorker was interrupted, exiting. There are 0 tasks remaining in the queue.
2019-10-16 06:57:57,411 [76f342d4-a86a-47fc-aa54-2f94509c93ba@group-E055AE33D4AE-SegmentedRaftLogWorker] INFO  segmented.SegmentedRaftLogWorker (SegmentedRaftLogWorker.java:run(316)) - 76f342d4-a86a-47fc-aa54-2f94509c93ba@group-E055AE33D4AE-SegmentedRaftLogWorker was interrupted, exiting. There are 0 tasks remaining in the queue.
2019-10-16 06:57:57,412 [Thread-700] INFO  segmented.SegmentedRaftLogWorker (SegmentedRaftLogWorker.java:close(224)) - fd81e216-9860-4ae9-bb70-b7f544d2aeb2@group-06FC276D744C-SegmentedRaftLogWorker close()
2019-10-16 06:57:57,415 [ForkJoinPool.commonPool-worker-0] INFO  segmented.SegmentedRaftLogWorker (SegmentedRaftLogWorker.java:close(224)) - 76f342d4-a86a-47fc-aa54-2f94509c93ba@group-E055AE33D4AE-SegmentedRaftLogWorker close()
2019-10-16 06:57:57,415 [Thread-700] INFO  server.GrpcService (GrpcService.java:closeImpl(164)) - fd81e216-9860-4ae9-bb70-b7f544d2aeb2: shutdown server with port 44985 now
2019-10-16 06:57:57,416 [ForkJoinPool.commonPool-worker-0] INFO  server.GrpcService (GrpcService.java:closeImpl(164)) - 76f342d4-a86a-47fc-aa54-2f94509c93ba: shutdown server with port 46296 now
2019-10-16 06:57:57,421 [grpc-default-executor-0] WARN  server.GrpcServerProtocolService (LogUtils.java:warn(134)) - 76f342d4-a86a-47fc-aa54-2f94509c93ba: installSnapshot onError, lastRequest: 11335fb0-a575-488f-a83c-ad4b548f39f3->76f342d4-a86a-47fc-aa54-2f94509c93ba#3-t2, previous=(t:2, i:0), leaderCommit=0, initializing? false, entries: <empty>: org.apache.ratis.thirdparty.io.grpc.StatusRuntimeException: CANCELLED: cancelled before receiving half close
2019-10-16 06:57:57,421 [grpc-default-executor-2] WARN  server.GrpcServerProtocolService (LogUtils.java:warn(134)) - fd81e216-9860-4ae9-bb70-b7f544d2aeb2: installSnapshot onError, lastRequest: 11335fb0-a575-488f-a83c-ad4b548f39f3->fd81e216-9860-4ae9-bb70-b7f544d2aeb2#3-t2, previous=(t:2, i:0), leaderCommit=0, initializing? false, entries: <empty>: org.apache.ratis.thirdparty.io.grpc.StatusRuntimeException: CANCELLED: cancelled before receiving half close
2019-10-16 06:57:57,422 [ForkJoinPool.commonPool-worker-0] INFO  server.GrpcService (GrpcService.java:closeImpl(172)) - 76f342d4-a86a-47fc-aa54-2f94509c93ba: shutdown server with port 46296 successfully
2019-10-16 06:57:57,422 [grpc-default-executor-3] WARN  server.GrpcLogAppender (LogUtils.java:warn(134)) - 11335fb0-a575-488f-a83c-ad4b548f39f3@group-108048679794->fd81e216-9860-4ae9-bb70-b7f544d2aeb2-AppendLogResponseHandler: Failed appendEntries: org.apache.ratis.thirdparty.io.grpc.StatusRuntimeException: CANCELLED: HTTP/2 error code: CANCEL
Received Rst Stream
2019-10-16 06:57:57,424 [Thread-700] INFO  server.GrpcService (GrpcService.java:closeImpl(172)) - fd81e216-9860-4ae9-bb70-b7f544d2aeb2: shutdown server with port 44985 successfully
2019-10-16 06:57:57,424 [grpc-default-executor-1] WARN  server.GrpcLogAppender (LogUtils.java:warn(134)) - 11335fb0-a575-488f-a83c-ad4b548f39f3@group-108048679794->76f342d4-a86a-47fc-aa54-2f94509c93ba-AppendLogResponseHandler: Failed appendEntries: org.apache.ratis.thirdparty.io.grpc.StatusRuntimeException: CANCELLED: HTTP/2 error code: CANCEL
Received Rst Stream
2019-10-16 06:57:57,425 [refreshUsed-/workdir/hadoop-ozone/ozonefs/target/test-dir/MiniOzoneClusterImpl-be24b942-68e8-4547-9fa7-2dfe0992c101/datanode-0/data/containers] WARN  fs.CachingGetSpaceUsed (CachingGetSpaceUsed.java:run(183)) - Thread Interrupted waiting to refresh disk information: sleep interrupted
2019-10-16 06:57:57,430 [refreshUsed-/workdir/hadoop-ozone/ozonefs/target/test-dir/MiniOzoneClusterImpl-be24b942-68e8-4547-9fa7-2dfe0992c101/datanode-1/data/containers] WARN  fs.CachingGetSpaceUsed (CachingGetSpaceUsed.java:run(183)) - Thread Interrupted waiting to refresh disk information: sleep interrupted
2019-10-16 06:57:57,449 [ForkJoinPool.commonPool-worker-0] INFO  utils.BackgroundService (BackgroundService.java:shutdown(151)) - Shutting down service BlockDeletingService
2019-10-16 06:57:57,452 [ForkJoinPool.commonPool-worker-0] INFO  statemachine.DatanodeStateMachine (DatanodeStateMachine.java:stopDaemon(395)) - Ozone container server stopped.
2019-10-16 06:57:57,454 [ForkJoinPool.commonPool-worker-0] INFO  handler.ContextHandler (ContextHandler.java:doStop(910)) - Stopped o.e.j.w.WebAppContext@5e037bd7{/,null,UNAVAILABLE}{/hddsDatanode}
2019-10-16 06:57:57,455 [ForkJoinPool.commonPool-worker-0] INFO  server.AbstractConnector (AbstractConnector.java:doStop(318)) - Stopped ServerConnector@4e1553f4{HTTP/1.1,[http/1.1]}{0.0.0.0:0}
2019-10-16 06:57:57,455 [ForkJoinPool.commonPool-worker-0] INFO  handler.ContextHandler (ContextHandler.java:doStop(910)) - Stopped o.e.j.s.ServletContextHandler@5bafb6fe{/static,jar:file:/home/user/.m2/repository/org/apache/hadoop/hadoop-hdds-container-service/0.5.0-SNAPSHOT/hadoop-hdds-container-service-0.5.0-SNAPSHOT.jar!/webapps/static,UNAVAILABLE}
2019-10-16 06:57:57,456 [ForkJoinPool.commonPool-worker-0] INFO  handler.ContextHandler (ContextHandler.java:doStop(910)) - Stopped o.e.j.s.ServletContextHandler@60b0b4fb{/logs,file:///workdir/hadoop-ozone/ozonefs/target/log,UNAVAILABLE}
2019-10-16 06:57:57,460 [Thread-700] INFO  utils.BackgroundService (BackgroundService.java:shutdown(151)) - Shutting down service BlockDeletingService
2019-10-16 06:57:57,462 [Thread-700] INFO  statemachine.DatanodeStateMachine (DatanodeStateMachine.java:stopDaemon(395)) - Ozone container server stopped.
2019-10-16 06:57:57,463 [Thread-700] INFO  handler.ContextHandler (ContextHandler.java:doStop(910)) - Stopped o.e.j.w.WebAppContext@38ef2119{/,null,UNAVAILABLE}{/hddsDatanode}
2019-10-16 06:57:57,463 [Thread-700] INFO  server.AbstractConnector (AbstractConnector.java:doStop(318)) - Stopped ServerConnector@4f88bcba{HTTP/1.1,[http/1.1]}{0.0.0.0:0}
2019-10-16 06:57:57,464 [Thread-700] INFO  handler.ContextHandler (ContextHandler.java:doStop(910)) - Stopped o.e.j.s.ServletContextHandler@6dbb98a8{/static,jar:file:/home/user/.m2/repository/org/apache/hadoop/hadoop-hdds-container-service/0.5.0-SNAPSHOT/hadoop-hdds-container-service-0.5.0-SNAPSHOT.jar!/webapps/static,UNAVAILABLE}
2019-10-16 06:57:57,464 [Thread-700] INFO  handler.ContextHandler (ContextHandler.java:doStop(910)) - Stopped o.e.j.s.ServletContextHandler@107e4f19{/logs,file:///workdir/hadoop-ozone/ozonefs/target/log,UNAVAILABLE}
2019-10-16 06:57:58,234 [Datanode State Machine Thread - 0] INFO  statemachine.DatanodeStateMachine (DatanodeStateMachine.java:lambda$startDaemon$0(350)) - Ozone container server started.
2019-10-16 06:58:02,159 [java.util.concurrent.ThreadPoolExecutor$Worker@4202e7d5[State = -1, empty queue]] WARN  server.GrpcLogAppender (GrpcLogAppender.java:timeoutAppendRequest(209)) - 11335fb0-a575-488f-a83c-ad4b548f39f3@group-108048679794->76f342d4-a86a-47fc-aa54-2f94509c93ba-GrpcLogAppender: appendEntries Timeout, request=11335fb0-a575-488f-a83c-ad4b548f39f3->76f342d4-a86a-47fc-aa54-2f94509c93ba#4-t2, previous=(t:2, i:0), leaderCommit=0, initializing? false, entries: <empty>
2019-10-16 06:58:02,159 [java.util.concurrent.ThreadPoolExecutor$Worker@75cf8431[State = -1, empty queue]] WARN  server.GrpcLogAppender (GrpcLogAppender.java:timeoutAppendRequest(209)) - 11335fb0-a575-488f-a83c-ad4b548f39f3@group-108048679794->fd81e216-9860-4ae9-bb70-b7f544d2aeb2-GrpcLogAppender: appendEntries Timeout, request=11335fb0-a575-488f-a83c-ad4b548f39f3->fd81e216-9860-4ae9-bb70-b7f544d2aeb2#4-t2, previous=(t:2, i:0), leaderCommit=0, initializing? false, entries: <empty>
2019-10-16 06:58:02,457 [ForkJoinPool.commonPool-worker-0] INFO  ozoneimpl.OzoneContainer (OzoneContainer.java:stop(227)) - Attempting to stop container services.
2019-10-16 06:58:02,458 [ForkJoinPool.commonPool-worker-0] INFO  impl.RaftServerProxy (RaftServerProxy.java:lambda$close$4(314)) - 11335fb0-a575-488f-a83c-ad4b548f39f3: close
2019-10-16 06:58:02,458 [ForkJoinPool.commonPool-worker-0] INFO  impl.RaftServerImpl (RaftServerImpl.java:lambda$shutdown$3(261)) - 11335fb0-a575-488f-a83c-ad4b548f39f3@group-108048679794: shutdown
2019-10-16 06:58:02,458 [ForkJoinPool.commonPool-worker-0] INFO  util.JmxRegister (JmxRegister.java:unregister(73)) - Successfully un-registered JMX Bean with object name Ratis:service=RaftServer,group=group-108048679794,id=11335fb0-a575-488f-a83c-ad4b548f39f3
2019-10-16 06:58:02,459 [ForkJoinPool.commonPool-worker-0] INFO  impl.RoleInfo (RoleInfo.java:shutdownLeaderState(104)) - 11335fb0-a575-488f-a83c-ad4b548f39f3: shutdown LeaderState
2019-10-16 06:58:02,461 [org.apache.ratis.server.impl.LogAppender$AppenderDaemon$$Lambda$385/458860558@d624235] WARN  server.GrpcLogAppender (GrpcLogAppender.java:mayWait(149)) - 11335fb0-a575-488f-a83c-ad4b548f39f3@group-108048679794->76f342d4-a86a-47fc-aa54-2f94509c93ba-GrpcLogAppender: Wait interrupted by java.lang.InterruptedException
2019-10-16 06:58:02,461 [org.apache.ratis.server.impl.LogAppender$AppenderDaemon$$Lambda$385/458860558@5cea729e] WARN  server.GrpcLogAppender (GrpcLogAppender.java:mayWait(149)) - 11335fb0-a575-488f-a83c-ad4b548f39f3@group-108048679794->fd81e216-9860-4ae9-bb70-b7f544d2aeb2-GrpcLogAppender: Wait interrupted by java.lang.InterruptedException
2019-10-16 06:58:02,461 [ForkJoinPool.commonPool-worker-0] INFO  impl.PendingRequests (PendingRequests.java:sendNotLeaderResponses(202)) - 11335fb0-a575-488f-a83c-ad4b548f39f3@group-108048679794-PendingRequests: sendNotLeaderResponses
2019-10-16 06:58:02,461 [ForkJoinPool.commonPool-worker-0] INFO  impl.StateMachineUpdater (StateMachineUpdater.java:stopAndJoin(136)) - 11335fb0-a575-488f-a83c-ad4b548f39f3@group-108048679794-StateMachineUpdater: set stopIndex = 0
2019-10-16 06:58:02,462 [ForkJoinPool.commonPool-worker-0] INFO  impl.RaftServerImpl (ServerState.java:close(388)) - 11335fb0-a575-488f-a83c-ad4b548f39f3@group-108048679794: closes. applyIndex: 0
2019-10-16 06:58:02,462 [11335fb0-a575-488f-a83c-ad4b548f39f3@group-108048679794-SegmentedRaftLogWorker] INFO  segmented.SegmentedRaftLogWorker (SegmentedRaftLogWorker.java:run(316)) - 11335fb0-a575-488f-a83c-ad4b548f39f3@group-108048679794-SegmentedRaftLogWorker was interrupted, exiting. There are 0 tasks remaining in the queue.
2019-10-16 06:58:02,463 [ForkJoinPool.commonPool-worker-0] INFO  segmented.SegmentedRaftLogWorker (SegmentedRaftLogWorker.java:close(224)) - 11335fb0-a575-488f-a83c-ad4b548f39f3@group-108048679794-SegmentedRaftLogWorker close()
2019-10-16 06:58:02,464 [ForkJoinPool.commonPool-worker-0] INFO  impl.RaftServerImpl (RaftServerImpl.java:lambda$shutdown$3(261)) - 11335fb0-a575-488f-a83c-ad4b548f39f3@group-BDE61F0AA06D: shutdown
2019-10-16 06:58:02,464 [ForkJoinPool.commonPool-worker-0] INFO  util.JmxRegister (JmxRegister.java:unregister(73)) - Successfully un-registered JMX Bean with object name Ratis:service=RaftServer,group=group-BDE61F0AA06D,id=11335fb0-a575-488f-a83c-ad4b548f39f3
2019-10-16 06:58:02,464 [ForkJoinPool.commonPool-worker-0] INFO  impl.RoleInfo (RoleInfo.java:shutdownLeaderState(104)) - 11335fb0-a575-488f-a83c-ad4b548f39f3: shutdown LeaderState
2019-10-16 06:58:02,465 [ForkJoinPool.commonPool-worker-0] INFO  impl.PendingRequests (PendingRequests.java:sendNotLeaderResponses(202)) - 11335fb0-a575-488f-a83c-ad4b548f39f3@group-BDE61F0AA06D-PendingRequests: sendNotLeaderResponses
2019-10-16 06:58:02,465 [ForkJoinPool.commonPool-worker-0] INFO  impl.StateMachineUpdater (StateMachineUpdater.java:stopAndJoin(136)) - 11335fb0-a575-488f-a83c-ad4b548f39f3@group-BDE61F0AA06D-StateMachineUpdater: set stopIndex = 0
2019-10-16 06:58:02,465 [ForkJoinPool.commonPool-worker-0] INFO  impl.RaftServerImpl (ServerState.java:close(388)) - 11335fb0-a575-488f-a83c-ad4b548f39f3@group-BDE61F0AA06D: closes. applyIndex: 0
2019-10-16 06:58:02,466 [11335fb0-a575-488f-a83c-ad4b548f39f3@group-BDE61F0AA06D-SegmentedRaftLogWorker] INFO  segmented.SegmentedRaftLogWorker (SegmentedRaftLogWorker.java:run(316)) - 11335fb0-a575-488f-a83c-ad4b548f39f3@group-BDE61F0AA06D-SegmentedRaftLogWorker was interrupted, exiting. There are 0 tasks remaining in the queue.
2019-10-16 06:58:02,466 [ForkJoinPool.commonPool-worker-0] INFO  segmented.SegmentedRaftLogWorker (SegmentedRaftLogWorker.java:close(224)) - 11335fb0-a575-488f-a83c-ad4b548f39f3@group-BDE61F0AA06D-SegmentedRaftLogWorker close()
2019-10-16 06:58:02,467 [ForkJoinPool.commonPool-worker-0] INFO  server.GrpcService (GrpcService.java:closeImpl(164)) - 11335fb0-a575-488f-a83c-ad4b548f39f3: shutdown server with port 39254 now
2019-10-16 06:58:02,469 [ForkJoinPool.commonPool-worker-0] INFO  server.GrpcService (GrpcService.java:closeImpl(172)) - 11335fb0-a575-488f-a83c-ad4b548f39f3: shutdown server with port 39254 successfully
2019-10-16 06:58:02,471 [refreshUsed-/workdir/hadoop-ozone/ozonefs/target/test-dir/MiniOzoneClusterImpl-be24b942-68e8-4547-9fa7-2dfe0992c101/datanode-2/data/containers] WARN  fs.CachingGetSpaceUsed (CachingGetSpaceUsed.java:run(183)) - Thread Interrupted waiting to refresh disk information: sleep interrupted
2019-10-16 06:58:02,497 [ForkJoinPool.commonPool-worker-0] INFO  utils.BackgroundService (BackgroundService.java:shutdown(151)) - Shutting down service BlockDeletingService
2019-10-16 06:58:02,501 [ForkJoinPool.commonPool-worker-0] INFO  statemachine.DatanodeStateMachine (DatanodeStateMachine.java:stopDaemon(395)) - Ozone container server stopped.
2019-10-16 06:58:02,504 [ForkJoinPool.commonPool-worker-0] INFO  handler.ContextHandler (ContextHandler.java:doStop(910)) - Stopped o.e.j.w.WebAppContext@720b890c{/,null,UNAVAILABLE}{/hddsDatanode}
2019-10-16 06:58:02,505 [ForkJoinPool.commonPool-worker-0] INFO  server.AbstractConnector (AbstractConnector.java:doStop(318)) - Stopped ServerConnector@78b95084{HTTP/1.1,[http/1.1]}{0.0.0.0:0}
2019-10-16 06:58:02,505 [ForkJoinPool.commonPool-worker-0] INFO  handler.ContextHandler (ContextHandler.java:doStop(910)) - Stopped o.e.j.s.ServletContextHandler@252fa9fd{/static,jar:file:/home/user/.m2/repository/org/apache/hadoop/hadoop-hdds-container-service/0.5.0-SNAPSHOT/hadoop-hdds-container-service-0.5.0-SNAPSHOT.jar!/webapps/static,UNAVAILABLE}
2019-10-16 06:58:02,506 [ForkJoinPool.commonPool-worker-0] INFO  handler.ContextHandler (ContextHandler.java:doStop(910)) - Stopped o.e.j.s.ServletContextHandler@717e0263{/logs,file:///workdir/hadoop-ozone/ozonefs/target/log,UNAVAILABLE}
2019-10-16 06:58:02,507 [Thread-700] INFO  ozone.MiniOzoneClusterImpl (MiniOzoneClusterImpl.java:stopSCM(392)) - Stopping the StorageContainerManager
2019-10-16 06:58:02,507 [Thread-700] INFO  server.StorageContainerManager (StorageContainerManager.java:stop(810)) - Stopping Replication Manager Service.
2019-10-16 06:58:02,507 [Thread-700] INFO  container.ReplicationManager (ReplicationManager.java:stop(203)) - Stopping Replication Monitor Thread.
2019-10-16 06:58:02,508 [Thread-700] INFO  server.StorageContainerManager (StorageContainerManager.java:stop(817)) - Stopping Lease Manager of the command watchers
2019-10-16 06:58:02,508 [Thread-700] INFO  server.StorageContainerManager (StorageContainerManager.java:stop(824)) - Stopping datanode service RPC server
2019-10-16 06:58:02,508 [Thread-700] INFO  server.SCMDatanodeProtocolServer (SCMDatanodeProtocolServer.java:stop(346)) - Stopping the RPC server for DataNodes
2019-10-16 06:58:02,508 [Thread-700] INFO  ipc.Server (Server.java:stop(3082)) - Stopping server on 39581
2019-10-16 06:58:02,509 [IPC Server listener on 39581] INFO  ipc.Server (Server.java:run(1185)) - Stopping IPC Server listener on 39581
2019-10-16 06:58:02,509 [IPC Server Responder] INFO  ipc.Server (Server.java:run(1319)) - Stopping IPC Server Responder
2019-10-16 06:58:02,525 [SCM Heartbeat Processing Thread - 0] WARN  node.NodeStateManager (NodeStateManager.java:scheduleNextHealthCheck(646)) - Current Thread is interrupted, shutting down HB processing thread for Node Manager.
2019-10-16 06:58:02,525 [Thread-700] INFO  server.StorageContainerManager (StorageContainerManager.java:stop(832)) - Stopping block service RPC server
2019-10-16 06:58:02,525 [Thread-700] INFO  server.SCMBlockProtocolServer (SCMBlockProtocolServer.java:stop(155)) - Stopping the RPC server for Block Protocol
2019-10-16 06:58:02,526 [Thread-700] INFO  ipc.Server (Server.java:stop(3082)) - Stopping server on 39800
2019-10-16 06:58:02,527 [IPC Server listener on 39800] INFO  ipc.Server (Server.java:run(1185)) - Stopping IPC Server listener on 39800
2019-10-16 06:58:02,527 [Thread-700] INFO  server.StorageContainerManager (StorageContainerManager.java:stop(839)) - Stopping the StorageContainerLocationProtocol RPC server
2019-10-16 06:58:02,527 [IPC Server Responder] INFO  ipc.Server (Server.java:run(1319)) - Stopping IPC Server Responder
2019-10-16 06:58:02,528 [Thread-700] INFO  server.SCMClientProtocolServer (SCMClientProtocolServer.java:stop(168)) - Stopping the RPC server for Client Protocol
2019-10-16 06:58:02,528 [Thread-700] INFO  ipc.Server (Server.java:stop(3082)) - Stopping server on 33385
2019-10-16 06:58:02,529 [IPC Server listener on 33385] INFO  ipc.Server (Server.java:run(1185)) - Stopping IPC Server listener on 33385
2019-10-16 06:58:02,529 [Thread-700] INFO  server.StorageContainerManager (StorageContainerManager.java:stop(846)) - Stopping Storage Container Manager HTTP server.
2019-10-16 06:58:02,529 [IPC Server Responder] INFO  ipc.Server (Server.java:run(1319)) - Stopping IPC Server Responder
2019-10-16 06:58:02,531 [Thread-700] INFO  handler.ContextHandler (ContextHandler.java:doStop(910)) - Stopped o.e.j.w.WebAppContext@4ecab2a9{/,null,UNAVAILABLE}{/scm}
2019-10-16 06:58:02,532 [Thread-700] INFO  server.AbstractConnector (AbstractConnector.java:doStop(318)) - Stopped ServerConnector@27193246{HTTP/1.1,[http/1.1]}{0.0.0.0:0}
2019-10-16 06:58:02,532 [Thread-700] INFO  handler.ContextHandler (ContextHandler.java:doStop(910)) - Stopped o.e.j.s.ServletContextHandler@70ae6887{/static,jar:file:/home/user/.m2/repository/org/apache/hadoop/hadoop-hdds-server-scm/0.5.0-SNAPSHOT/hadoop-hdds-server-scm-0.5.0-SNAPSHOT.jar!/webapps/static,UNAVAILABLE}
2019-10-16 06:58:02,532 [Thread-700] INFO  handler.ContextHandler (ContextHandler.java:doStop(910)) - Stopped o.e.j.s.ServletContextHandler@33169c9a{/logs,file:///workdir/hadoop-ozone/ozonefs/target/log,UNAVAILABLE}
2019-10-16 06:58:02,533 [Thread-700] INFO  server.StorageContainerManager (StorageContainerManager.java:stop(857)) - Stopping Block Manager Service.
2019-10-16 06:58:02,533 [Thread-700] INFO  utils.BackgroundService (BackgroundService.java:shutdown(151)) - Shutting down service SCMBlockDeletingService
2019-10-16 06:58:02,533 [Thread-700] INFO  utils.BackgroundService (BackgroundService.java:shutdown(151)) - Shutting down service SCMBlockDeletingService
2019-10-16 06:58:02,533 [Thread-700] INFO  server.StorageContainerManager (StorageContainerManager.java:stop(879)) - Stopping SCM Event Queue.
2019-10-16 06:58:02,537 [Thread-700] INFO  impl.MetricsSystemImpl (MetricsSystemImpl.java:stop(210)) - Stopping HddsDatanode metrics system...
2019-10-16 06:58:02,541 [Thread-700] INFO  impl.MetricsSystemImpl (MetricsSystemImpl.java:stop(216)) - HddsDatanode metrics system stopped.
]]></system-out>
    <system-err><![CDATA[Oct 16, 2019 6:57:57 AM org.apache.ratis.thirdparty.io.grpc.internal.SerializingExecutor run
SEVERE: Exception while executing runnable org.apache.ratis.thirdparty.io.grpc.internal.ServerImpl$JumpToApplicationThreadServerStreamListener$1Closed@3c453103
org.apache.ratis.thirdparty.io.grpc.StatusRuntimeException: CANCELLED: call already cancelled
	at org.apache.ratis.thirdparty.io.grpc.Status.asRuntimeException(Status.java:517)
	at org.apache.ratis.thirdparty.io.grpc.stub.ServerCalls$ServerCallStreamObserverImpl.onCompleted(ServerCalls.java:356)
	at org.apache.ratis.grpc.server.GrpcServerProtocolService$ServerRequestStreamObserver.onError(GrpcServerProtocolService.java:121)
	at org.apache.ratis.thirdparty.io.grpc.stub.ServerCalls$StreamingServerCallHandler$StreamingServerCallListener.onCancel(ServerCalls.java:269)
	at org.apache.ratis.thirdparty.io.grpc.internal.ServerCallImpl$ServerStreamListenerImpl.closed(ServerCallImpl.java:293)
	at org.apache.ratis.thirdparty.io.grpc.internal.ServerImpl$JumpToApplicationThreadServerStreamListener$1Closed.runInContext(ServerImpl.java:741)
	at org.apache.ratis.thirdparty.io.grpc.internal.ContextRunnable.run(ContextRunnable.java:37)
	at org.apache.ratis.thirdparty.io.grpc.internal.SerializingExecutor.run(SerializingExecutor.java:123)
	at java.util.concurrent.ThreadPoolExecutor.runWorker(ThreadPoolExecutor.java:1149)
	at java.util.concurrent.ThreadPoolExecutor$Worker.run(ThreadPoolExecutor.java:624)
	at java.lang.Thread.run(Thread.java:748)

Oct 16, 2019 6:57:57 AM org.apache.ratis.thirdparty.io.grpc.internal.SerializingExecutor run
SEVERE: Exception while executing runnable org.apache.ratis.thirdparty.io.grpc.internal.ServerImpl$JumpToApplicationThreadServerStreamListener$1Closed@eb56d6d
org.apache.ratis.thirdparty.io.grpc.StatusRuntimeException: CANCELLED: call already cancelled
	at org.apache.ratis.thirdparty.io.grpc.Status.asRuntimeException(Status.java:517)
	at org.apache.ratis.thirdparty.io.grpc.stub.ServerCalls$ServerCallStreamObserverImpl.onCompleted(ServerCalls.java:356)
	at org.apache.ratis.grpc.server.GrpcServerProtocolService$ServerRequestStreamObserver.onError(GrpcServerProtocolService.java:121)
	at org.apache.ratis.thirdparty.io.grpc.stub.ServerCalls$StreamingServerCallHandler$StreamingServerCallListener.onCancel(ServerCalls.java:269)
	at org.apache.ratis.thirdparty.io.grpc.internal.ServerCallImpl$ServerStreamListenerImpl.closed(ServerCallImpl.java:293)
	at org.apache.ratis.thirdparty.io.grpc.internal.ServerImpl$JumpToApplicationThreadServerStreamListener$1Closed.runInContext(ServerImpl.java:741)
	at org.apache.ratis.thirdparty.io.grpc.internal.ContextRunnable.run(ContextRunnable.java:37)
	at org.apache.ratis.thirdparty.io.grpc.internal.SerializingExecutor.run(SerializingExecutor.java:123)
	at java.util.concurrent.ThreadPoolExecutor.runWorker(ThreadPoolExecutor.java:1149)
	at java.util.concurrent.ThreadPoolExecutor$Worker.run(ThreadPoolExecutor.java:624)
	at java.lang.Thread.run(Thread.java:748)

Oct 16, 2019 6:57:57 AM org.apache.ratis.thirdparty.io.grpc.internal.SerializingExecutor run
SEVERE: Exception while executing runnable org.apache.ratis.thirdparty.io.grpc.internal.ClientCallImpl$ClientStreamListenerImpl$1StreamClosed@26e529c5
java.lang.NullPointerException
	at org.apache.ratis.grpc.server.GrpcLogAppender$AppendLogResponseHandler.onError(GrpcLogAppender.java:303)
	at org.apache.ratis.thirdparty.io.grpc.stub.ClientCalls$StreamObserverToCallListenerAdapter.onClose(ClientCalls.java:434)
	at org.apache.ratis.thirdparty.io.grpc.PartialForwardingClientCallListener.onClose(PartialForwardingClientCallListener.java:39)
	at org.apache.ratis.thirdparty.io.grpc.ForwardingClientCallListener.onClose(ForwardingClientCallListener.java:23)
	at org.apache.ratis.thirdparty.io.grpc.ForwardingClientCallListener$SimpleForwardingClientCallListener.onClose(ForwardingClientCallListener.java:40)
	at org.apache.ratis.thirdparty.io.grpc.internal.CensusStatsModule$StatsClientInterceptor$1$1.onClose(CensusStatsModule.java:678)
	at org.apache.ratis.thirdparty.io.grpc.PartialForwardingClientCallListener.onClose(PartialForwardingClientCallListener.java:39)
	at org.apache.ratis.thirdparty.io.grpc.ForwardingClientCallListener.onClose(ForwardingClientCallListener.java:23)
	at org.apache.ratis.thirdparty.io.grpc.ForwardingClientCallListener$SimpleForwardingClientCallListener.onClose(ForwardingClientCallListener.java:40)
	at org.apache.ratis.thirdparty.io.grpc.internal.CensusTracingModule$TracingClientInterceptor$1$1.onClose(CensusTracingModule.java:397)
	at org.apache.ratis.thirdparty.io.grpc.internal.ClientCallImpl.closeObserver(ClientCallImpl.java:459)
	at org.apache.ratis.thirdparty.io.grpc.internal.ClientCallImpl.access$300(ClientCallImpl.java:63)
	at org.apache.ratis.thirdparty.io.grpc.internal.ClientCallImpl$ClientStreamListenerImpl.close(ClientCallImpl.java:546)
	at org.apache.ratis.thirdparty.io.grpc.internal.ClientCallImpl$ClientStreamListenerImpl.access$600(ClientCallImpl.java:467)
	at org.apache.ratis.thirdparty.io.grpc.internal.ClientCallImpl$ClientStreamListenerImpl$1StreamClosed.runInContext(ClientCallImpl.java:584)
	at org.apache.ratis.thirdparty.io.grpc.internal.ContextRunnable.run(ContextRunnable.java:37)
	at org.apache.ratis.thirdparty.io.grpc.internal.SerializingExecutor.run(SerializingExecutor.java:123)
	at java.util.concurrent.ThreadPoolExecutor.runWorker(ThreadPoolExecutor.java:1149)
	at java.util.concurrent.ThreadPoolExecutor$Worker.run(ThreadPoolExecutor.java:624)
	at java.lang.Thread.run(Thread.java:748)

Oct 16, 2019 6:57:57 AM org.apache.ratis.thirdparty.io.grpc.internal.SerializingExecutor run
SEVERE: Exception while executing runnable org.apache.ratis.thirdparty.io.grpc.internal.ClientCallImpl$ClientStreamListenerImpl$1StreamClosed@675d920c
java.lang.NullPointerException
	at org.apache.ratis.grpc.server.GrpcLogAppender$AppendLogResponseHandler.onError(GrpcLogAppender.java:303)
	at org.apache.ratis.thirdparty.io.grpc.stub.ClientCalls$StreamObserverToCallListenerAdapter.onClose(ClientCalls.java:434)
	at org.apache.ratis.thirdparty.io.grpc.PartialForwardingClientCallListener.onClose(PartialForwardingClientCallListener.java:39)
	at org.apache.ratis.thirdparty.io.grpc.ForwardingClientCallListener.onClose(ForwardingClientCallListener.java:23)
	at org.apache.ratis.thirdparty.io.grpc.ForwardingClientCallListener$SimpleForwardingClientCallListener.onClose(ForwardingClientCallListener.java:40)
	at org.apache.ratis.thirdparty.io.grpc.internal.CensusStatsModule$StatsClientInterceptor$1$1.onClose(CensusStatsModule.java:678)
	at org.apache.ratis.thirdparty.io.grpc.PartialForwardingClientCallListener.onClose(PartialForwardingClientCallListener.java:39)
	at org.apache.ratis.thirdparty.io.grpc.ForwardingClientCallListener.onClose(ForwardingClientCallListener.java:23)
	at org.apache.ratis.thirdparty.io.grpc.ForwardingClientCallListener$SimpleForwardingClientCallListener.onClose(ForwardingClientCallListener.java:40)
	at org.apache.ratis.thirdparty.io.grpc.internal.CensusTracingModule$TracingClientInterceptor$1$1.onClose(CensusTracingModule.java:397)
	at org.apache.ratis.thirdparty.io.grpc.internal.ClientCallImpl.closeObserver(ClientCallImpl.java:459)
	at org.apache.ratis.thirdparty.io.grpc.internal.ClientCallImpl.access$300(ClientCallImpl.java:63)
	at org.apache.ratis.thirdparty.io.grpc.internal.ClientCallImpl$ClientStreamListenerImpl.close(ClientCallImpl.java:546)
	at org.apache.ratis.thirdparty.io.grpc.internal.ClientCallImpl$ClientStreamListenerImpl.access$600(ClientCallImpl.java:467)
	at org.apache.ratis.thirdparty.io.grpc.internal.ClientCallImpl$ClientStreamListenerImpl$1StreamClosed.runInContext(ClientCallImpl.java:584)
	at org.apache.ratis.thirdparty.io.grpc.internal.ContextRunnable.run(ContextRunnable.java:37)
	at org.apache.ratis.thirdparty.io.grpc.internal.SerializingExecutor.run(SerializingExecutor.java:123)
	at java.util.concurrent.ThreadPoolExecutor.runWorker(ThreadPoolExecutor.java:1149)
	at java.util.concurrent.ThreadPoolExecutor$Worker.run(ThreadPoolExecutor.java:624)
	at java.lang.Thread.run(Thread.java:748)

]]></system-err>
  </testcase>
  <testcase name="testCreateDoesNotAddParentDirKeys" classname="org.apache.hadoop.fs.ozone.TestOzoneFileSystem" time="16.642">
    <error message="Releasing lock on resource /volume29301/bucket16893 without acquiring lock&#10;	at org.apache.hadoop.ozone.lock.LockManager.getLockForReleasing(LockManager.java:220)&#10;	at org.apache.hadoop.ozone.lock.LockManager.release(LockManager.java:168)&#10;	at org.apache.hadoop.ozone.lock.LockManager.writeUnlock(LockManager.java:148)&#10;	at org.apache.hadoop.ozone.om.lock.OzoneManagerLock.unlock(OzoneManagerLock.java:364)&#10;	at org.apache.hadoop.ozone.om.lock.OzoneManagerLock.releaseWriteLock(OzoneManagerLock.java:329)&#10;	at org.apache.hadoop.ozone.om.request.key.OMKeyCommitRequest.validateAndUpdateCache(OMKeyCommitRequest.java:177)&#10;	at org.apache.hadoop.ozone.protocolPB.OzoneManagerProtocolServerSideTranslatorPB.submitRequestDirectlyToOM(OzoneManagerProtocolServerSideTranslatorPB.java:219)&#10;	at org.apache.hadoop.ozone.protocolPB.OzoneManagerProtocolServerSideTranslatorPB.processRequest(OzoneManagerProtocolServerSideTranslatorPB.java:134)&#10;	at org.apache.hadoop.hdds.server.OzoneProtocolMessageDispatcher.processRequest(OzoneProtocolMessageDispatcher.java:72)&#10;	at org.apache.hadoop.ozone.protocolPB.OzoneManagerProtocolServerSideTranslatorPB.submitRequest(OzoneManagerProtocolServerSideTranslatorPB.java:100)&#10;	at org.apache.hadoop.ozone.protocol.proto.OzoneManagerProtocolProtos$OzoneManagerService$2.callBlockingMethod(OzoneManagerProtocolProtos.java)&#10;	at org.apache.hadoop.ipc.ProtobufRpcEngine$Server$ProtoBufRpcInvoker.call(ProtobufRpcEngine.java:524)&#10;	at org.apache.hadoop.ipc.RPC$Server.call(RPC.java:1025)&#10;	at org.apache.hadoop.ipc.Server$RpcCall.run(Server.java:876)&#10;	at org.apache.hadoop.ipc.Server$RpcCall.run(Server.java:822)&#10;	at java.security.AccessController.doPrivileged(Native Method)&#10;	at javax.security.auth.Subject.doAs(Subject.java:422)&#10;	at org.apache.hadoop.security.UserGroupInformation.doAs(UserGroupInformation.java:1730)&#10;	at org.apache.hadoop.ipc.Server$Handler.run(Server.java:2682)&#10;" type="org.apache.hadoop.ipc.RemoteException(java.lang.IllegalMonitorStateException)">org.apache.hadoop.ipc.RemoteException(java.lang.IllegalMonitorStateException): Releasing lock on resource /volume29301/bucket16893 without acquiring lock
	at org.apache.hadoop.ozone.lock.LockManager.getLockForReleasing(LockManager.java:220)
	at org.apache.hadoop.ozone.lock.LockManager.release(LockManager.java:168)
	at org.apache.hadoop.ozone.lock.LockManager.writeUnlock(LockManager.java:148)
	at org.apache.hadoop.ozone.om.lock.OzoneManagerLock.unlock(OzoneManagerLock.java:364)
	at org.apache.hadoop.ozone.om.lock.OzoneManagerLock.releaseWriteLock(OzoneManagerLock.java:329)
	at org.apache.hadoop.ozone.om.request.key.OMKeyCommitRequest.validateAndUpdateCache(OMKeyCommitRequest.java:177)
	at org.apache.hadoop.ozone.protocolPB.OzoneManagerProtocolServerSideTranslatorPB.submitRequestDirectlyToOM(OzoneManagerProtocolServerSideTranslatorPB.java:219)
	at org.apache.hadoop.ozone.protocolPB.OzoneManagerProtocolServerSideTranslatorPB.processRequest(OzoneManagerProtocolServerSideTranslatorPB.java:134)
	at org.apache.hadoop.hdds.server.OzoneProtocolMessageDispatcher.processRequest(OzoneProtocolMessageDispatcher.java:72)
	at org.apache.hadoop.ozone.protocolPB.OzoneManagerProtocolServerSideTranslatorPB.submitRequest(OzoneManagerProtocolServerSideTranslatorPB.java:100)
	at org.apache.hadoop.ozone.protocol.proto.OzoneManagerProtocolProtos$OzoneManagerService$2.callBlockingMethod(OzoneManagerProtocolProtos.java)
	at org.apache.hadoop.ipc.ProtobufRpcEngine$Server$ProtoBufRpcInvoker.call(ProtobufRpcEngine.java:524)
	at org.apache.hadoop.ipc.RPC$Server.call(RPC.java:1025)
	at org.apache.hadoop.ipc.Server$RpcCall.run(Server.java:876)
	at org.apache.hadoop.ipc.Server$RpcCall.run(Server.java:822)
	at java.security.AccessController.doPrivileged(Native Method)
	at javax.security.auth.Subject.doAs(Subject.java:422)
	at org.apache.hadoop.security.UserGroupInformation.doAs(UserGroupInformation.java:1730)
	at org.apache.hadoop.ipc.Server$Handler.run(Server.java:2682)

	at org.apache.hadoop.ipc.Client.getRpcResponse(Client.java:1511)
	at org.apache.hadoop.ipc.Client.call(Client.java:1457)
	at org.apache.hadoop.ipc.Client.call(Client.java:1367)
	at org.apache.hadoop.ipc.ProtobufRpcEngine$Invoker.invoke(ProtobufRpcEngine.java:228)
	at org.apache.hadoop.ipc.ProtobufRpcEngine$Invoker.invoke(ProtobufRpcEngine.java:116)
	at com.sun.proxy.$Proxy37.submitRequest(Unknown Source)
	at sun.reflect.GeneratedMethodAccessor19.invoke(Unknown Source)
	at sun.reflect.DelegatingMethodAccessorImpl.invoke(DelegatingMethodAccessorImpl.java:43)
	at java.lang.reflect.Method.invoke(Method.java:498)
	at org.apache.hadoop.io.retry.RetryInvocationHandler.invokeMethod(RetryInvocationHandler.java:422)
	at org.apache.hadoop.io.retry.RetryInvocationHandler$Call.invokeMethod(RetryInvocationHandler.java:165)
	at org.apache.hadoop.io.retry.RetryInvocationHandler$Call.invoke(RetryInvocationHandler.java:157)
	at org.apache.hadoop.io.retry.RetryInvocationHandler$Call.invokeOnce(RetryInvocationHandler.java:95)
	at org.apache.hadoop.io.retry.RetryInvocationHandler.invoke(RetryInvocationHandler.java:359)
	at com.sun.proxy.$Proxy37.submitRequest(Unknown Source)
	at org.apache.hadoop.ozone.om.protocolPB.OzoneManagerProtocolClientSideTranslatorPB.submitRequest(OzoneManagerProtocolClientSideTranslatorPB.java:338)
	at org.apache.hadoop.ozone.om.protocolPB.OzoneManagerProtocolClientSideTranslatorPB.commitKey(OzoneManagerProtocolClientSideTranslatorPB.java:789)
	at sun.reflect.NativeMethodAccessorImpl.invoke0(Native Method)
	at sun.reflect.NativeMethodAccessorImpl.invoke(NativeMethodAccessorImpl.java:62)
	at sun.reflect.DelegatingMethodAccessorImpl.invoke(DelegatingMethodAccessorImpl.java:43)
	at java.lang.reflect.Method.invoke(Method.java:498)
	at org.apache.hadoop.hdds.tracing.TraceAllMethod.invoke(TraceAllMethod.java:66)
	at com.sun.proxy.$Proxy38.commitKey(Unknown Source)
	at org.apache.hadoop.ozone.client.io.BlockOutputStreamEntryPool.commitKey(BlockOutputStreamEntryPool.java:277)
	at org.apache.hadoop.ozone.client.io.KeyOutputStream.close(KeyOutputStream.java:474)
	at org.apache.hadoop.fs.ozone.OzoneFSOutputStream.close(OzoneFSOutputStream.java:56)
	at org.apache.hadoop.fs.FSDataOutputStream$PositionCache.close(FSDataOutputStream.java:72)
	at org.apache.hadoop.fs.FSDataOutputStream.close(FSDataOutputStream.java:101)
	at org.apache.hadoop.fs.contract.ContractTestUtils.createFile(ContractTestUtils.java:638)
	at org.apache.hadoop.fs.contract.ContractTestUtils.touch(ContractTestUtils.java:669)
	at org.apache.hadoop.fs.ozone.TestOzoneFileSystem.testCreateDoesNotAddParentDirKeys(TestOzoneFileSystem.java:110)
	at sun.reflect.NativeMethodAccessorImpl.invoke0(Native Method)
	at sun.reflect.NativeMethodAccessorImpl.invoke(NativeMethodAccessorImpl.java:62)
	at sun.reflect.DelegatingMethodAccessorImpl.invoke(DelegatingMethodAccessorImpl.java:43)
	at java.lang.reflect.Method.invoke(Method.java:498)
	at org.junit.runners.model.FrameworkMethod$1.runReflectiveCall(FrameworkMethod.java:47)
	at org.junit.internal.runners.model.ReflectiveCallable.run(ReflectiveCallable.java:12)
	at org.junit.runners.model.FrameworkMethod.invokeExplosively(FrameworkMethod.java:44)
	at org.junit.internal.runners.statements.InvokeMethod.evaluate(InvokeMethod.java:17)
	at org.junit.internal.runners.statements.RunBefores.evaluate(RunBefores.java:26)
	at org.junit.internal.runners.statements.RunAfters.evaluate(RunAfters.java:27)
	at org.junit.internal.runners.statements.FailOnTimeout$StatementThread.run(FailOnTimeout.java:74)
</error>
    <system-out><![CDATA[2019-10-16 06:58:02,571 [Thread-929] WARN  server.ServerUtils (ServerUtils.java:getScmDbDir(145)) - ozone.scm.db.dirs is not configured. We recommend adding this setting. Falling back to ozone.metadata.dirs instead.
2019-10-16 06:58:02,585 [Thread-929] WARN  server.ServerUtils (ServerUtils.java:getScmDbDir(145)) - ozone.scm.db.dirs is not configured. We recommend adding this setting. Falling back to ozone.metadata.dirs instead.
2019-10-16 06:58:02,585 [Thread-929] WARN  server.ServerUtils (ServerUtils.java:getScmDbDir(145)) - ozone.scm.db.dirs is not configured. We recommend adding this setting. Falling back to ozone.metadata.dirs instead.
2019-10-16 06:58:02,586 [Thread-929] INFO  db.DBStoreBuilder (DBStoreBuilder.java:addTable(117)) - using custom profile for table: deletedBlocks
2019-10-16 06:58:02,586 [Thread-929] INFO  db.DBStoreBuilder (DBStoreBuilder.java:processTables(168)) - Using default column profile:DBProfile.DISK for Table:deletedBlocks
2019-10-16 06:58:02,586 [Thread-929] INFO  db.DBStoreBuilder (DBStoreBuilder.java:addTable(117)) - using custom profile for table: validCerts
2019-10-16 06:58:02,586 [Thread-929] INFO  db.DBStoreBuilder (DBStoreBuilder.java:processTables(168)) - Using default column profile:DBProfile.DISK for Table:validCerts
2019-10-16 06:58:02,586 [Thread-929] INFO  db.DBStoreBuilder (DBStoreBuilder.java:addTable(117)) - using custom profile for table: revokedCerts
2019-10-16 06:58:02,586 [Thread-929] INFO  db.DBStoreBuilder (DBStoreBuilder.java:processTables(168)) - Using default column profile:DBProfile.DISK for Table:revokedCerts
2019-10-16 06:58:02,586 [Thread-929] INFO  db.DBStoreBuilder (DBStoreBuilder.java:addTable(117)) - using custom profile for table: default
2019-10-16 06:58:02,586 [Thread-929] INFO  db.DBStoreBuilder (DBStoreBuilder.java:processTables(174)) - Using default column profile:DBProfile.DISK for Table:default
2019-10-16 06:58:02,587 [Thread-929] INFO  db.DBStoreBuilder (DBStoreBuilder.java:getDbProfile(205)) - Using default options. DBProfile.DISK
2019-10-16 06:58:02,718 [Thread-929] INFO  net.NodeSchemaLoader (NodeSchemaLoader.java:loadSchemaFromFile(125)) - Loading file from sun.misc.CompoundEnumeration@23f7b880
2019-10-16 06:58:02,719 [Thread-929] INFO  net.NodeSchemaLoader (NodeSchemaLoader.java:loadSchema(171)) - Loading network topology layer schema file
2019-10-16 06:58:02,724 [Thread-929] WARN  server.ServerUtils (ServerUtils.java:sanitizeUserArgs(70)) - ozone.scm.stale.node.interval value = 300000 is larger than max = 100000 based on the key value of ozone.scm.heartbeat.thread.interval, reset to the max value 100000.
2019-10-16 06:58:02,724 [Thread-929] WARN  server.ServerUtils (ServerUtils.java:sanitizeUserArgs(70)) - ozone.scm.stale.node.interval value = 300000 is larger than max = 100000 based on the key value of ozone.scm.heartbeat.thread.interval, reset to the max value 100000.
2019-10-16 06:58:02,725 [Thread-929] INFO  node.SCMNodeManager (SCMNodeManager.java:<init>(116)) - Entering startup safe mode.
2019-10-16 06:58:02,725 [Thread-929] INFO  algorithms.ContainerPlacementPolicyFactory (ContainerPlacementPolicyFactory.java:getPolicy(57)) - Create container placement policy of type org.apache.hadoop.hdds.scm.container.placement.algorithms.SCMContainerPlacementRandom
2019-10-16 06:58:02,726 [Thread-929] WARN  server.ServerUtils (ServerUtils.java:getScmDbDir(145)) - ozone.scm.db.dirs is not configured. We recommend adding this setting. Falling back to ozone.metadata.dirs instead.
2019-10-16 06:58:02,796 [Thread-929] INFO  pipeline.SCMPipelineManager (SCMPipelineManager.java:initializePipelineState(132)) - No pipeline exists in current db
2019-10-16 06:58:02,796 [Thread-929] WARN  server.ServerUtils (ServerUtils.java:getScmDbDir(145)) - ozone.scm.db.dirs is not configured. We recommend adding this setting. Falling back to ozone.metadata.dirs instead.
2019-10-16 06:58:02,842 [Thread-929] WARN  events.EventQueue (EventQueue.java:fireEvent(183)) - No event handler registered for event TypedEvent{payloadType=SafeModeStatus, name='SafeModeStatus'}
2019-10-16 06:58:02,843 [Thread-929] INFO  ipc.CallQueueManager (CallQueueManager.java:<init>(84)) - Using callQueue: class java.util.concurrent.LinkedBlockingQueue, queueCapacity: 2000, scheduler: class org.apache.hadoop.ipc.DefaultRpcScheduler, ipcBackoff: false.
2019-10-16 06:58:02,843 [Socket Reader #1 for port 35161] INFO  ipc.Server (Server.java:run(1074)) - Starting Socket Reader #1 for port 35161
2019-10-16 06:58:02,845 [Thread-929] INFO  ipc.CallQueueManager (CallQueueManager.java:<init>(84)) - Using callQueue: class java.util.concurrent.LinkedBlockingQueue, queueCapacity: 2000, scheduler: class org.apache.hadoop.ipc.DefaultRpcScheduler, ipcBackoff: false.
2019-10-16 06:58:02,846 [Socket Reader #1 for port 39427] INFO  ipc.Server (Server.java:run(1074)) - Starting Socket Reader #1 for port 39427
2019-10-16 06:58:02,847 [Thread-929] INFO  ipc.CallQueueManager (CallQueueManager.java:<init>(84)) - Using callQueue: class java.util.concurrent.LinkedBlockingQueue, queueCapacity: 2000, scheduler: class org.apache.hadoop.ipc.DefaultRpcScheduler, ipcBackoff: false.
2019-10-16 06:58:02,848 [Socket Reader #1 for port 43408] INFO  ipc.Server (Server.java:run(1074)) - Starting Socket Reader #1 for port 43408
2019-10-16 06:58:02,850 [Thread-929] INFO  hdfs.DFSUtil (DFSUtil.java:httpServerTemplateForNNAndJN(1641)) - Starting Web-server for scm at: http://0.0.0.0:0
2019-10-16 06:58:02,854 [Thread-929] INFO  server.AuthenticationFilter (AuthenticationFilter.java:constructSecretProvider(240)) - Unable to initialize FileSignerSecretProvider, falling back to use random secrets.
2019-10-16 06:58:02,855 [Thread-929] WARN  http.HttpRequestLog (HttpRequestLog.java:getRequestLog(97)) - Jetty request log can only be enabled using Log4j
2019-10-16 06:58:02,857 [Thread-929] INFO  http.HttpServer2 (HttpServer2.java:addGlobalFilter(975)) - Added global filter 'safety' (class=org.apache.hadoop.http.HttpServer2$QuotingInputFilter)
2019-10-16 06:58:02,858 [Thread-929] INFO  http.HttpServer2 (HttpServer2.java:addFilter(948)) - Added filter static_user_filter (class=org.apache.hadoop.http.lib.StaticUserWebFilter$StaticUserFilter) to context scm
2019-10-16 06:58:02,858 [Thread-929] INFO  http.HttpServer2 (HttpServer2.java:addFilter(958)) - Added filter static_user_filter (class=org.apache.hadoop.http.lib.StaticUserWebFilter$StaticUserFilter) to context logs
2019-10-16 06:58:02,858 [Thread-929] INFO  http.HttpServer2 (HttpServer2.java:addFilter(958)) - Added filter static_user_filter (class=org.apache.hadoop.http.lib.StaticUserWebFilter$StaticUserFilter) to context static
2019-10-16 06:58:02,860 [Thread-929] INFO  server.StorageContainerManager (StorageContainerManager.java:start(772)) - StorageContainerLocationProtocol RPC server is listening at /0.0.0.0:43408
2019-10-16 06:58:02,862 [Thread-929] WARN  impl.MetricsConfig (MetricsConfig.java:loadFirst(134)) - Cannot locate configuration: tried hadoop-metrics2-storagecontainermanager.properties,hadoop-metrics2.properties
2019-10-16 06:58:02,863 [Thread-929] INFO  impl.MetricsSystemImpl (MetricsSystemImpl.java:startTimer(374)) - Scheduled Metric snapshot period at 10 second(s).
2019-10-16 06:58:02,863 [Thread-929] INFO  impl.MetricsSystemImpl (MetricsSystemImpl.java:start(191)) - StorageContainerManager metrics system started
2019-10-16 06:58:02,881 [Thread-929] WARN  impl.MetricsSystemImpl (MetricsSystemImpl.java:register(276)) - Sink prometheus already exists!
2019-10-16 06:58:02,920 [Thread-929] INFO  server.SCMClientProtocolServer (SCMClientProtocolServer.java:start(159)) - RPC server for Client  is listening at /0.0.0.0:43408
2019-10-16 06:58:02,920 [IPC Server Responder] INFO  ipc.Server (Server.java:run(1314)) - IPC Server Responder: starting
2019-10-16 06:58:02,920 [IPC Server listener on 43408] INFO  ipc.Server (Server.java:run(1153)) - IPC Server listener on 43408: starting
2019-10-16 06:58:02,924 [Thread-929] INFO  server.StorageContainerManager (StorageContainerManager.java:start(782)) - ScmBlockLocationProtocol RPC server is listening at /0.0.0.0:39427
2019-10-16 06:58:02,924 [Thread-929] INFO  server.SCMBlockProtocolServer (SCMBlockProtocolServer.java:start(146)) - RPC server for Block Protocol is listening at /0.0.0.0:39427
2019-10-16 06:58:02,924 [IPC Server listener on 39427] INFO  ipc.Server (Server.java:run(1153)) - IPC Server listener on 39427: starting
2019-10-16 06:58:02,924 [IPC Server Responder] INFO  ipc.Server (Server.java:run(1314)) - IPC Server Responder: starting
2019-10-16 06:58:02,927 [Thread-929] INFO  server.StorageContainerManager (StorageContainerManager.java:start(786)) - ScmDatanodeProtocl RPC server is listening at /0.0.0.0:35161
2019-10-16 06:58:02,927 [Thread-929] INFO  server.SCMDatanodeProtocolServer (SCMDatanodeProtocolServer.java:start(169)) - RPC server for DataNodes is listening at /0.0.0.0:35161
2019-10-16 06:58:02,928 [IPC Server Responder] INFO  ipc.Server (Server.java:run(1314)) - IPC Server Responder: starting
2019-10-16 06:58:02,928 [IPC Server listener on 35161] INFO  ipc.Server (Server.java:run(1153)) - IPC Server listener on 35161: starting
2019-10-16 06:58:02,932 [Thread-929] INFO  http.HttpServer2 (HttpServer2.java:bindListener(1191)) - Jetty bound to port 36858
2019-10-16 06:58:02,932 [Thread-929] INFO  server.Server (Server.java:doStart(351)) - jetty-9.3.25.v20180904, build timestamp: 2018-09-04T21:11:46Z, git hash: 3ce520221d0240229c862b122d2b06c12a625732
2019-10-16 06:58:02,934 [Thread-929] INFO  handler.ContextHandler (ContextHandler.java:doStart(781)) - Started o.e.j.s.ServletContextHandler@668c78ca{/logs,file:///workdir/hadoop-ozone/ozonefs/target/log,AVAILABLE}
2019-10-16 06:58:02,934 [Thread-929] INFO  handler.ContextHandler (ContextHandler.java:doStart(781)) - Started o.e.j.s.ServletContextHandler@252332cb{/static,jar:file:/home/user/.m2/repository/org/apache/hadoop/hadoop-hdds-server-scm/0.5.0-SNAPSHOT/hadoop-hdds-server-scm-0.5.0-SNAPSHOT.jar!/webapps/static,AVAILABLE}
2019-10-16 06:58:02,974 [Thread-929] INFO  handler.ContextHandler (ContextHandler.java:doStart(781)) - Started o.e.j.w.WebAppContext@7e8652d9{/,file:///tmp/jetty-0.0.0.0-36858-scm-_-any-8361783434641756340.dir/webapp/,AVAILABLE}{/scm}
2019-10-16 06:58:02,974 [Thread-929] INFO  server.AbstractConnector (AbstractConnector.java:doStart(278)) - Started ServerConnector@3ff618ac{HTTP/1.1,[http/1.1]}{0.0.0.0:36858}
2019-10-16 06:58:02,977 [Thread-929] INFO  server.Server (Server.java:doStart(419)) - Started @74680ms
2019-10-16 06:58:02,977 [Thread-929] WARN  impl.MetricsSystemImpl (MetricsSystemImpl.java:register(276)) - Sink prometheus already exists!
2019-10-16 06:58:02,978 [Thread-929] INFO  server.BaseHttpServer (BaseHttpServer.java:updateConnectorAddress(215)) - HTTP server of SCM is listening at http://0.0.0.0:36858
2019-10-16 06:58:02,978 [Thread-929] WARN  server.ServerUtils (ServerUtils.java:getDBPath(222)) - ozone.om.db.dirs is not configured. We recommend adding this setting. Falling back to ozone.metadata.dirs instead.
2019-10-16 06:58:02,978 [org.apache.hadoop.util.JvmPauseMonitor$Monitor@7480bde1] INFO  util.JvmPauseMonitor (JvmPauseMonitor.java:run(188)) - Starting JVM pause monitor
2019-10-16 06:58:02,993 [Thread-929] INFO  ha.OMHANodeDetails (OMHANodeDetails.java:loadOMHAConfig(190)) - Configuration either no ozone.om.address set. Falling back to the default OM address /127.0.0.1:0
2019-10-16 06:58:02,993 [Thread-929] INFO  ha.OMHANodeDetails (OMHANodeDetails.java:getOMNodeDetails(220)) - OM Service ID is not set. Setting it to the default ID: omServiceIdDefault
2019-10-16 06:58:02,994 [Thread-929] WARN  server.ServerUtils (ServerUtils.java:getDBPath(222)) - ozone.om.db.dirs is not configured. We recommend adding this setting. Falling back to ozone.metadata.dirs instead.
2019-10-16 06:58:02,994 [Thread-929] WARN  server.ServerUtils (ServerUtils.java:getDBPath(222)) - ozone.om.db.dirs is not configured. We recommend adding this setting. Falling back to ozone.metadata.dirs instead.
2019-10-16 06:58:02,999 [Thread-929] WARN  server.ServerUtils (ServerUtils.java:getDBPath(222)) - ozone.om.db.dirs is not configured. We recommend adding this setting. Falling back to ozone.metadata.dirs instead.
2019-10-16 06:58:02,999 [Thread-929] INFO  db.DBStoreBuilder (DBStoreBuilder.java:addTable(117)) - using custom profile for table: userTable
2019-10-16 06:58:02,999 [Thread-929] INFO  db.DBStoreBuilder (DBStoreBuilder.java:processTables(168)) - Using default column profile:DBProfile.DISK for Table:userTable
2019-10-16 06:58:03,000 [Thread-929] INFO  db.DBStoreBuilder (DBStoreBuilder.java:addTable(117)) - using custom profile for table: volumeTable
2019-10-16 06:58:03,000 [Thread-929] INFO  db.DBStoreBuilder (DBStoreBuilder.java:processTables(168)) - Using default column profile:DBProfile.DISK for Table:volumeTable
2019-10-16 06:58:03,000 [Thread-929] INFO  db.DBStoreBuilder (DBStoreBuilder.java:addTable(117)) - using custom profile for table: bucketTable
2019-10-16 06:58:03,000 [Thread-929] INFO  db.DBStoreBuilder (DBStoreBuilder.java:processTables(168)) - Using default column profile:DBProfile.DISK for Table:bucketTable
2019-10-16 06:58:03,000 [Thread-929] INFO  db.DBStoreBuilder (DBStoreBuilder.java:addTable(117)) - using custom profile for table: keyTable
2019-10-16 06:58:03,000 [Thread-929] INFO  db.DBStoreBuilder (DBStoreBuilder.java:processTables(168)) - Using default column profile:DBProfile.DISK for Table:keyTable
2019-10-16 06:58:03,000 [Thread-929] INFO  db.DBStoreBuilder (DBStoreBuilder.java:addTable(117)) - using custom profile for table: deletedTable
2019-10-16 06:58:03,000 [Thread-929] INFO  db.DBStoreBuilder (DBStoreBuilder.java:processTables(168)) - Using default column profile:DBProfile.DISK for Table:deletedTable
2019-10-16 06:58:03,001 [Thread-929] INFO  db.DBStoreBuilder (DBStoreBuilder.java:addTable(117)) - using custom profile for table: openKeyTable
2019-10-16 06:58:03,001 [Thread-929] INFO  db.DBStoreBuilder (DBStoreBuilder.java:processTables(168)) - Using default column profile:DBProfile.DISK for Table:openKeyTable
2019-10-16 06:58:03,001 [Thread-929] INFO  db.DBStoreBuilder (DBStoreBuilder.java:addTable(117)) - using custom profile for table: s3Table
2019-10-16 06:58:03,001 [Thread-929] INFO  db.DBStoreBuilder (DBStoreBuilder.java:processTables(168)) - Using default column profile:DBProfile.DISK for Table:s3Table
2019-10-16 06:58:03,001 [Thread-929] INFO  db.DBStoreBuilder (DBStoreBuilder.java:addTable(117)) - using custom profile for table: multipartInfoTable
2019-10-16 06:58:03,001 [Thread-929] INFO  db.DBStoreBuilder (DBStoreBuilder.java:processTables(168)) - Using default column profile:DBProfile.DISK for Table:multipartInfoTable
2019-10-16 06:58:03,001 [Thread-929] INFO  db.DBStoreBuilder (DBStoreBuilder.java:addTable(117)) - using custom profile for table: dTokenTable
2019-10-16 06:58:03,001 [Thread-929] INFO  db.DBStoreBuilder (DBStoreBuilder.java:processTables(168)) - Using default column profile:DBProfile.DISK for Table:dTokenTable
2019-10-16 06:58:03,002 [Thread-929] INFO  db.DBStoreBuilder (DBStoreBuilder.java:addTable(117)) - using custom profile for table: s3SecretTable
2019-10-16 06:58:03,002 [Thread-929] INFO  db.DBStoreBuilder (DBStoreBuilder.java:processTables(168)) - Using default column profile:DBProfile.DISK for Table:s3SecretTable
2019-10-16 06:58:03,002 [Thread-929] INFO  db.DBStoreBuilder (DBStoreBuilder.java:addTable(117)) - using custom profile for table: prefixTable
2019-10-16 06:58:03,002 [Thread-929] INFO  db.DBStoreBuilder (DBStoreBuilder.java:processTables(168)) - Using default column profile:DBProfile.DISK for Table:prefixTable
2019-10-16 06:58:03,002 [Thread-929] INFO  db.DBStoreBuilder (DBStoreBuilder.java:addTable(117)) - using custom profile for table: default
2019-10-16 06:58:03,002 [Thread-929] INFO  db.DBStoreBuilder (DBStoreBuilder.java:processTables(174)) - Using default column profile:DBProfile.DISK for Table:default
2019-10-16 06:58:03,002 [Thread-929] INFO  db.DBStoreBuilder (DBStoreBuilder.java:getDbProfile(205)) - Using default options. DBProfile.DISK
2019-10-16 06:58:03,469 [Thread-929] INFO  ipc.CallQueueManager (CallQueueManager.java:<init>(84)) - Using callQueue: class java.util.concurrent.LinkedBlockingQueue, queueCapacity: 2000, scheduler: class org.apache.hadoop.ipc.DefaultRpcScheduler, ipcBackoff: false.
2019-10-16 06:58:03,470 [Socket Reader #1 for port 34944] INFO  ipc.Server (Server.java:run(1074)) - Starting Socket Reader #1 for port 34944
2019-10-16 06:58:03,498 [Thread-929] INFO  om.OzoneManager (OzoneManager.java:start(1074)) - OzoneManager RPC server is listening at localhost/127.0.0.1:34944
2019-10-16 06:58:03,498 [Thread-929] INFO  impl.MetricsSystemImpl (MetricsSystemImpl.java:init(158)) - OzoneManager metrics system started (again)
2019-10-16 06:58:03,500 [IPC Server listener on 34944] INFO  ipc.Server (Server.java:run(1153)) - IPC Server listener on 34944: starting
2019-10-16 06:58:03,500 [IPC Server Responder] INFO  ipc.Server (Server.java:run(1314)) - IPC Server Responder: starting
2019-10-16 06:58:03,505 [Thread-929] INFO  hdfs.DFSUtil (DFSUtil.java:httpServerTemplateForNNAndJN(1641)) - Starting Web-server for ozoneManager at: http://0.0.0.0:0
2019-10-16 06:58:03,507 [Thread-929] INFO  server.AuthenticationFilter (AuthenticationFilter.java:constructSecretProvider(240)) - Unable to initialize FileSignerSecretProvider, falling back to use random secrets.
2019-10-16 06:58:03,508 [Thread-929] WARN  http.HttpRequestLog (HttpRequestLog.java:getRequestLog(97)) - Jetty request log can only be enabled using Log4j
2019-10-16 06:58:03,510 [Thread-929] INFO  http.HttpServer2 (HttpServer2.java:addGlobalFilter(975)) - Added global filter 'safety' (class=org.apache.hadoop.http.HttpServer2$QuotingInputFilter)
2019-10-16 06:58:03,511 [Thread-929] INFO  http.HttpServer2 (HttpServer2.java:addFilter(948)) - Added filter static_user_filter (class=org.apache.hadoop.http.lib.StaticUserWebFilter$StaticUserFilter) to context ozoneManager
2019-10-16 06:58:03,511 [Thread-929] INFO  http.HttpServer2 (HttpServer2.java:addFilter(958)) - Added filter static_user_filter (class=org.apache.hadoop.http.lib.StaticUserWebFilter$StaticUserFilter) to context logs
2019-10-16 06:58:03,511 [Thread-929] INFO  http.HttpServer2 (HttpServer2.java:addFilter(958)) - Added filter static_user_filter (class=org.apache.hadoop.http.lib.StaticUserWebFilter$StaticUserFilter) to context static
2019-10-16 06:58:03,512 [Thread-929] INFO  http.HttpServer2 (HttpServer2.java:bindListener(1191)) - Jetty bound to port 34168
2019-10-16 06:58:03,512 [Thread-929] INFO  server.Server (Server.java:doStart(351)) - jetty-9.3.25.v20180904, build timestamp: 2018-09-04T21:11:46Z, git hash: 3ce520221d0240229c862b122d2b06c12a625732
2019-10-16 06:58:03,514 [Thread-929] INFO  handler.ContextHandler (ContextHandler.java:doStart(781)) - Started o.e.j.s.ServletContextHandler@74bb968b{/logs,file:///workdir/hadoop-ozone/ozonefs/target/log,AVAILABLE}
2019-10-16 06:58:03,515 [Thread-929] INFO  handler.ContextHandler (ContextHandler.java:doStart(781)) - Started o.e.j.s.ServletContextHandler@4ba8dde3{/static,jar:file:/home/user/.m2/repository/org/apache/hadoop/hadoop-ozone-ozone-manager/0.5.0-SNAPSHOT/hadoop-ozone-ozone-manager-0.5.0-SNAPSHOT.jar!/webapps/static,AVAILABLE}
2019-10-16 06:58:03,576 [Thread-929] INFO  handler.ContextHandler (ContextHandler.java:doStart(781)) - Started o.e.j.w.WebAppContext@95d2e2e{/,file:///tmp/jetty-0.0.0.0-34168-ozoneManager-_-any-3631798392651232504.dir/webapp/,AVAILABLE}{/ozoneManager}
2019-10-16 06:58:03,576 [Thread-929] INFO  server.AbstractConnector (AbstractConnector.java:doStart(278)) - Started ServerConnector@6fa43e9c{HTTP/1.1,[http/1.1]}{0.0.0.0:34168}
2019-10-16 06:58:03,577 [Thread-929] INFO  server.Server (Server.java:doStart(419)) - Started @75280ms
2019-10-16 06:58:03,577 [Thread-929] WARN  impl.MetricsSystemImpl (MetricsSystemImpl.java:register(276)) - Sink prometheus already exists!
2019-10-16 06:58:03,578 [Thread-929] INFO  server.BaseHttpServer (BaseHttpServer.java:updateConnectorAddress(215)) - HTTP server of OZONEMANAGER is listening at http://0.0.0.0:34168
2019-10-16 06:58:03,589 [Thread-929] INFO  impl.MetricsSystemImpl (MetricsSystemImpl.java:init(158)) - HddsDatanode metrics system started (again)
2019-10-16 06:58:03,593 [Thread-929] INFO  ozone.HddsDatanodeService (HddsDatanodeService.java:start(184)) - HddsDatanodeService host:pr-hdds-2312-q6qzp-1535798719 ip:192.168.69.104
2019-10-16 06:58:03,601 [Thread-929] INFO  volume.HddsVolume (HddsVolume.java:<init>(176)) - Creating Volume: /workdir/hadoop-ozone/ozonefs/target/test-dir/MiniOzoneClusterImpl-f6b83367-9255-4ea4-9a8f-b3bdc2ce550f/datanode-0/data/containers/hdds of  storage type : DISK and capacity : 1482555576320
2019-10-16 06:58:03,602 [Thread-929] INFO  volume.VolumeSet (VolumeSet.java:initializeVolumeSet(170)) - Added Volume : /workdir/hadoop-ozone/ozonefs/target/test-dir/MiniOzoneClusterImpl-f6b83367-9255-4ea4-9a8f-b3bdc2ce550f/datanode-0/data/containers/hdds to VolumeSet
2019-10-16 06:58:03,602 [Thread-929] INFO  volume.ThrottledAsyncChecker (ThrottledAsyncChecker.java:schedule(141)) - Scheduling a check for /workdir/hadoop-ozone/ozonefs/target/test-dir/MiniOzoneClusterImpl-f6b83367-9255-4ea4-9a8f-b3bdc2ce550f/datanode-0/data/containers/hdds
2019-10-16 06:58:03,602 [Thread-929] INFO  volume.HddsVolumeChecker (HddsVolumeChecker.java:checkAllVolumes(204)) - Scheduled health check for volume /workdir/hadoop-ozone/ozonefs/target/test-dir/MiniOzoneClusterImpl-f6b83367-9255-4ea4-9a8f-b3bdc2ce550f/datanode-0/data/containers/hdds
2019-10-16 06:58:03,629 [Thread-929] INFO  impl.RaftServerProxy (ConfUtils.java:logGet(43)) - raft.rpc.type = GRPC (default)
2019-10-16 06:58:03,629 [Thread-929] INFO  grpc.GrpcFactory (GrpcFactory.java:checkPooledByteBufAllocatorUseCacheForAllThreads(45)) - PERFORMANCE WARNING: useCacheForAllThreads is true that may cause Netty to create a lot garbage objects and, as a result, trigger GC.
	It is recommended to disable useCacheForAllThreads by setting -Dorg.apache.ratis.thirdparty.io.netty.allocator.useCacheForAllThreads=false in command line.
2019-10-16 06:58:03,629 [Thread-929] INFO  grpc.GrpcConfigKeys$Server (ConfUtils.java:logGet(43)) - raft.grpc.server.port = 0 (default)
2019-10-16 06:58:03,629 [Thread-929] INFO  server.GrpcService (ConfUtils.java:logGet(43)) - raft.grpc.message.size.max = 33570816 (custom)
2019-10-16 06:58:03,630 [Thread-929] INFO  server.RaftServerConfigKeys (ConfUtils.java:logGet(43)) - raft.server.log.appender.buffer.byte-limit = 33554432 (custom)
2019-10-16 06:58:03,630 [Thread-929] INFO  server.GrpcService (ConfUtils.java:logGet(43)) - raft.grpc.flow.control.window = 1MB (=1048576) (default)
2019-10-16 06:58:03,630 [Thread-929] INFO  server.RaftServerConfigKeys (ConfUtils.java:logGet(43)) - raft.server.rpc.request.timeout = 3000ms (default)
2019-10-16 06:58:03,631 [Thread-929] INFO  server.RaftServerConfigKeys (ConfUtils.java:logGet(43)) - raft.server.storage.dir = [/workdir/hadoop-ozone/ozonefs/target/test-dir/MiniOzoneClusterImpl-f6b83367-9255-4ea4-9a8f-b3bdc2ce550f/datanode-0/data/ratis] (custom)
2019-10-16 06:58:03,632 [Thread-929] INFO  hdfs.DFSUtil (DFSUtil.java:httpServerTemplateForNNAndJN(1641)) - Starting Web-server for hddsDatanode at: http://0.0.0.0:0
2019-10-16 06:58:03,634 [Thread-929] INFO  server.AuthenticationFilter (AuthenticationFilter.java:constructSecretProvider(240)) - Unable to initialize FileSignerSecretProvider, falling back to use random secrets.
2019-10-16 06:58:03,635 [Thread-929] WARN  http.HttpRequestLog (HttpRequestLog.java:getRequestLog(97)) - Jetty request log can only be enabled using Log4j
2019-10-16 06:58:03,636 [Thread-929] INFO  http.HttpServer2 (HttpServer2.java:addGlobalFilter(975)) - Added global filter 'safety' (class=org.apache.hadoop.http.HttpServer2$QuotingInputFilter)
2019-10-16 06:58:03,637 [Thread-929] INFO  http.HttpServer2 (HttpServer2.java:addFilter(948)) - Added filter static_user_filter (class=org.apache.hadoop.http.lib.StaticUserWebFilter$StaticUserFilter) to context hddsDatanode
2019-10-16 06:58:03,637 [Thread-929] INFO  http.HttpServer2 (HttpServer2.java:addFilter(958)) - Added filter static_user_filter (class=org.apache.hadoop.http.lib.StaticUserWebFilter$StaticUserFilter) to context static
2019-10-16 06:58:03,637 [Thread-929] INFO  http.HttpServer2 (HttpServer2.java:addFilter(958)) - Added filter static_user_filter (class=org.apache.hadoop.http.lib.StaticUserWebFilter$StaticUserFilter) to context logs
2019-10-16 06:58:03,638 [Thread-929] INFO  http.HttpServer2 (HttpServer2.java:bindListener(1191)) - Jetty bound to port 40689
2019-10-16 06:58:03,638 [Thread-929] INFO  server.Server (Server.java:doStart(351)) - jetty-9.3.25.v20180904, build timestamp: 2018-09-04T21:11:46Z, git hash: 3ce520221d0240229c862b122d2b06c12a625732
2019-10-16 06:58:03,640 [Thread-929] INFO  handler.ContextHandler (ContextHandler.java:doStart(781)) - Started o.e.j.s.ServletContextHandler@e4f067{/logs,file:///workdir/hadoop-ozone/ozonefs/target/log,AVAILABLE}
2019-10-16 06:58:03,641 [Thread-929] INFO  handler.ContextHandler (ContextHandler.java:doStart(781)) - Started o.e.j.s.ServletContextHandler@18c207a0{/static,jar:file:/home/user/.m2/repository/org/apache/hadoop/hadoop-hdds-container-service/0.5.0-SNAPSHOT/hadoop-hdds-container-service-0.5.0-SNAPSHOT.jar!/webapps/static,AVAILABLE}
2019-10-16 06:58:03,675 [Thread-929] INFO  handler.ContextHandler (ContextHandler.java:doStart(781)) - Started o.e.j.w.WebAppContext@3d8dcd63{/,file:///tmp/jetty-0.0.0.0-40689-hddsDatanode-_-any-7451276030026185874.dir/webapp/,AVAILABLE}{/hddsDatanode}
2019-10-16 06:58:03,676 [Thread-929] INFO  server.AbstractConnector (AbstractConnector.java:doStart(278)) - Started ServerConnector@5fb681fd{HTTP/1.1,[http/1.1]}{0.0.0.0:40689}
2019-10-16 06:58:03,677 [Thread-929] INFO  server.Server (Server.java:doStart(419)) - Started @75380ms
2019-10-16 06:58:03,677 [Thread-929] WARN  impl.MetricsSystemImpl (MetricsSystemImpl.java:register(276)) - Sink prometheus already exists!
2019-10-16 06:58:03,678 [Thread-929] INFO  server.BaseHttpServer (BaseHttpServer.java:updateConnectorAddress(215)) - HTTP server of HDDSDATANODE is listening at http://0.0.0.0:40689
2019-10-16 06:58:03,678 [Thread-929] INFO  impl.MetricsSystemImpl (MetricsSystemImpl.java:init(158)) - HddsDatanode metrics system started (again)
2019-10-16 06:58:03,681 [Thread-929] INFO  ozone.HddsDatanodeService (HddsDatanodeService.java:start(184)) - HddsDatanodeService host:pr-hdds-2312-q6qzp-1535798719 ip:192.168.69.104
2019-10-16 06:58:03,681 [org.apache.hadoop.util.JvmPauseMonitor$Monitor@4152458d] INFO  util.JvmPauseMonitor (JvmPauseMonitor.java:run(188)) - Starting JVM pause monitor
2019-10-16 06:58:03,683 [Datanode State Machine Thread - 0] INFO  datanode.InitDatanodeState (InitDatanodeState.java:persistContainerDatanodeDetails(140)) - DatanodeDetails is persisted to /workdir/hadoop-ozone/ozonefs/target/test-dir/MiniOzoneClusterImpl-f6b83367-9255-4ea4-9a8f-b3bdc2ce550f/datanode-0/meta/datanode.id
2019-10-16 06:58:03,689 [Thread-929] INFO  volume.HddsVolume (HddsVolume.java:<init>(176)) - Creating Volume: /workdir/hadoop-ozone/ozonefs/target/test-dir/MiniOzoneClusterImpl-f6b83367-9255-4ea4-9a8f-b3bdc2ce550f/datanode-1/data/containers/hdds of  storage type : DISK and capacity : 1482555576320
2019-10-16 06:58:03,689 [Thread-929] INFO  volume.VolumeSet (VolumeSet.java:initializeVolumeSet(170)) - Added Volume : /workdir/hadoop-ozone/ozonefs/target/test-dir/MiniOzoneClusterImpl-f6b83367-9255-4ea4-9a8f-b3bdc2ce550f/datanode-1/data/containers/hdds to VolumeSet
2019-10-16 06:58:03,689 [Thread-929] INFO  volume.ThrottledAsyncChecker (ThrottledAsyncChecker.java:schedule(141)) - Scheduling a check for /workdir/hadoop-ozone/ozonefs/target/test-dir/MiniOzoneClusterImpl-f6b83367-9255-4ea4-9a8f-b3bdc2ce550f/datanode-1/data/containers/hdds
2019-10-16 06:58:03,690 [Thread-929] INFO  volume.HddsVolumeChecker (HddsVolumeChecker.java:checkAllVolumes(204)) - Scheduled health check for volume /workdir/hadoop-ozone/ozonefs/target/test-dir/MiniOzoneClusterImpl-f6b83367-9255-4ea4-9a8f-b3bdc2ce550f/datanode-1/data/containers/hdds
2019-10-16 06:58:03,709 [Thread-929] INFO  impl.RaftServerProxy (ConfUtils.java:logGet(43)) - raft.rpc.type = GRPC (default)
2019-10-16 06:58:03,709 [Thread-929] INFO  grpc.GrpcFactory (GrpcFactory.java:checkPooledByteBufAllocatorUseCacheForAllThreads(45)) - PERFORMANCE WARNING: useCacheForAllThreads is true that may cause Netty to create a lot garbage objects and, as a result, trigger GC.
	It is recommended to disable useCacheForAllThreads by setting -Dorg.apache.ratis.thirdparty.io.netty.allocator.useCacheForAllThreads=false in command line.
2019-10-16 06:58:03,709 [Thread-929] INFO  grpc.GrpcConfigKeys$Server (ConfUtils.java:logGet(43)) - raft.grpc.server.port = 0 (default)
2019-10-16 06:58:03,710 [Thread-929] INFO  server.GrpcService (ConfUtils.java:logGet(43)) - raft.grpc.message.size.max = 33570816 (custom)
2019-10-16 06:58:03,710 [Thread-929] INFO  server.RaftServerConfigKeys (ConfUtils.java:logGet(43)) - raft.server.log.appender.buffer.byte-limit = 33554432 (custom)
2019-10-16 06:58:03,710 [Thread-929] INFO  server.GrpcService (ConfUtils.java:logGet(43)) - raft.grpc.flow.control.window = 1MB (=1048576) (default)
2019-10-16 06:58:03,710 [Thread-929] INFO  server.RaftServerConfigKeys (ConfUtils.java:logGet(43)) - raft.server.rpc.request.timeout = 3000ms (default)
2019-10-16 06:58:03,710 [Thread-929] INFO  server.RaftServerConfigKeys (ConfUtils.java:logGet(43)) - raft.server.storage.dir = [/workdir/hadoop-ozone/ozonefs/target/test-dir/MiniOzoneClusterImpl-f6b83367-9255-4ea4-9a8f-b3bdc2ce550f/datanode-1/data/ratis] (custom)
2019-10-16 06:58:03,712 [Thread-929] INFO  hdfs.DFSUtil (DFSUtil.java:httpServerTemplateForNNAndJN(1641)) - Starting Web-server for hddsDatanode at: http://0.0.0.0:0
2019-10-16 06:58:03,713 [Thread-929] INFO  server.AuthenticationFilter (AuthenticationFilter.java:constructSecretProvider(240)) - Unable to initialize FileSignerSecretProvider, falling back to use random secrets.
2019-10-16 06:58:03,714 [Thread-929] WARN  http.HttpRequestLog (HttpRequestLog.java:getRequestLog(97)) - Jetty request log can only be enabled using Log4j
2019-10-16 06:58:03,715 [Thread-929] INFO  http.HttpServer2 (HttpServer2.java:addGlobalFilter(975)) - Added global filter 'safety' (class=org.apache.hadoop.http.HttpServer2$QuotingInputFilter)
2019-10-16 06:58:03,716 [Thread-929] INFO  http.HttpServer2 (HttpServer2.java:addFilter(948)) - Added filter static_user_filter (class=org.apache.hadoop.http.lib.StaticUserWebFilter$StaticUserFilter) to context hddsDatanode
2019-10-16 06:58:03,716 [Thread-929] INFO  http.HttpServer2 (HttpServer2.java:addFilter(958)) - Added filter static_user_filter (class=org.apache.hadoop.http.lib.StaticUserWebFilter$StaticUserFilter) to context static
2019-10-16 06:58:03,716 [Thread-929] INFO  http.HttpServer2 (HttpServer2.java:addFilter(958)) - Added filter static_user_filter (class=org.apache.hadoop.http.lib.StaticUserWebFilter$StaticUserFilter) to context logs
2019-10-16 06:58:03,717 [Thread-929] INFO  http.HttpServer2 (HttpServer2.java:bindListener(1191)) - Jetty bound to port 37969
2019-10-16 06:58:03,717 [Thread-929] INFO  server.Server (Server.java:doStart(351)) - jetty-9.3.25.v20180904, build timestamp: 2018-09-04T21:11:46Z, git hash: 3ce520221d0240229c862b122d2b06c12a625732
2019-10-16 06:58:03,719 [Thread-929] INFO  handler.ContextHandler (ContextHandler.java:doStart(781)) - Started o.e.j.s.ServletContextHandler@2512d559{/logs,file:///workdir/hadoop-ozone/ozonefs/target/log,AVAILABLE}
2019-10-16 06:58:03,719 [Thread-929] INFO  handler.ContextHandler (ContextHandler.java:doStart(781)) - Started o.e.j.s.ServletContextHandler@386a7840{/static,jar:file:/home/user/.m2/repository/org/apache/hadoop/hadoop-hdds-container-service/0.5.0-SNAPSHOT/hadoop-hdds-container-service-0.5.0-SNAPSHOT.jar!/webapps/static,AVAILABLE}
2019-10-16 06:58:03,748 [Thread-929] INFO  handler.ContextHandler (ContextHandler.java:doStart(781)) - Started o.e.j.w.WebAppContext@606c9d17{/,file:///tmp/jetty-0.0.0.0-37969-hddsDatanode-_-any-6285895673556365082.dir/webapp/,AVAILABLE}{/hddsDatanode}
2019-10-16 06:58:03,748 [Thread-929] INFO  server.AbstractConnector (AbstractConnector.java:doStart(278)) - Started ServerConnector@48343639{HTTP/1.1,[http/1.1]}{0.0.0.0:37969}
2019-10-16 06:58:03,749 [Thread-929] INFO  server.Server (Server.java:doStart(419)) - Started @75452ms
2019-10-16 06:58:03,749 [Thread-929] WARN  impl.MetricsSystemImpl (MetricsSystemImpl.java:register(276)) - Sink prometheus already exists!
2019-10-16 06:58:03,750 [Thread-929] INFO  server.BaseHttpServer (BaseHttpServer.java:updateConnectorAddress(215)) - HTTP server of HDDSDATANODE is listening at http://0.0.0.0:37969
2019-10-16 06:58:03,750 [Thread-929] INFO  impl.MetricsSystemImpl (MetricsSystemImpl.java:init(158)) - HddsDatanode metrics system started (again)
2019-10-16 06:58:03,753 [org.apache.hadoop.util.JvmPauseMonitor$Monitor@7e745896] INFO  util.JvmPauseMonitor (JvmPauseMonitor.java:run(188)) - Starting JVM pause monitor
2019-10-16 06:58:03,754 [Thread-929] INFO  ozone.HddsDatanodeService (HddsDatanodeService.java:start(184)) - HddsDatanodeService host:pr-hdds-2312-q6qzp-1535798719 ip:192.168.69.104
2019-10-16 06:58:03,756 [Datanode State Machine Thread - 0] INFO  datanode.InitDatanodeState (InitDatanodeState.java:persistContainerDatanodeDetails(140)) - DatanodeDetails is persisted to /workdir/hadoop-ozone/ozonefs/target/test-dir/MiniOzoneClusterImpl-f6b83367-9255-4ea4-9a8f-b3bdc2ce550f/datanode-1/meta/datanode.id
2019-10-16 06:58:03,761 [Thread-929] INFO  volume.HddsVolume (HddsVolume.java:<init>(176)) - Creating Volume: /workdir/hadoop-ozone/ozonefs/target/test-dir/MiniOzoneClusterImpl-f6b83367-9255-4ea4-9a8f-b3bdc2ce550f/datanode-2/data/containers/hdds of  storage type : DISK and capacity : 1482555576320
2019-10-16 06:58:03,761 [Thread-929] INFO  volume.VolumeSet (VolumeSet.java:initializeVolumeSet(170)) - Added Volume : /workdir/hadoop-ozone/ozonefs/target/test-dir/MiniOzoneClusterImpl-f6b83367-9255-4ea4-9a8f-b3bdc2ce550f/datanode-2/data/containers/hdds to VolumeSet
2019-10-16 06:58:03,761 [Thread-929] INFO  volume.ThrottledAsyncChecker (ThrottledAsyncChecker.java:schedule(141)) - Scheduling a check for /workdir/hadoop-ozone/ozonefs/target/test-dir/MiniOzoneClusterImpl-f6b83367-9255-4ea4-9a8f-b3bdc2ce550f/datanode-2/data/containers/hdds
2019-10-16 06:58:03,762 [Thread-929] INFO  volume.HddsVolumeChecker (HddsVolumeChecker.java:checkAllVolumes(204)) - Scheduled health check for volume /workdir/hadoop-ozone/ozonefs/target/test-dir/MiniOzoneClusterImpl-f6b83367-9255-4ea4-9a8f-b3bdc2ce550f/datanode-2/data/containers/hdds
2019-10-16 06:58:03,779 [Thread-929] INFO  impl.RaftServerProxy (ConfUtils.java:logGet(43)) - raft.rpc.type = GRPC (default)
2019-10-16 06:58:03,779 [Thread-929] INFO  grpc.GrpcFactory (GrpcFactory.java:checkPooledByteBufAllocatorUseCacheForAllThreads(45)) - PERFORMANCE WARNING: useCacheForAllThreads is true that may cause Netty to create a lot garbage objects and, as a result, trigger GC.
	It is recommended to disable useCacheForAllThreads by setting -Dorg.apache.ratis.thirdparty.io.netty.allocator.useCacheForAllThreads=false in command line.
2019-10-16 06:58:03,779 [Thread-929] INFO  grpc.GrpcConfigKeys$Server (ConfUtils.java:logGet(43)) - raft.grpc.server.port = 0 (default)
2019-10-16 06:58:03,780 [Thread-929] INFO  server.GrpcService (ConfUtils.java:logGet(43)) - raft.grpc.message.size.max = 33570816 (custom)
2019-10-16 06:58:03,780 [Thread-929] INFO  server.RaftServerConfigKeys (ConfUtils.java:logGet(43)) - raft.server.log.appender.buffer.byte-limit = 33554432 (custom)
2019-10-16 06:58:03,780 [Thread-929] INFO  server.GrpcService (ConfUtils.java:logGet(43)) - raft.grpc.flow.control.window = 1MB (=1048576) (default)
2019-10-16 06:58:03,780 [Thread-929] INFO  server.RaftServerConfigKeys (ConfUtils.java:logGet(43)) - raft.server.rpc.request.timeout = 3000ms (default)
2019-10-16 06:58:03,780 [Thread-929] INFO  server.RaftServerConfigKeys (ConfUtils.java:logGet(43)) - raft.server.storage.dir = [/workdir/hadoop-ozone/ozonefs/target/test-dir/MiniOzoneClusterImpl-f6b83367-9255-4ea4-9a8f-b3bdc2ce550f/datanode-2/data/ratis] (custom)
2019-10-16 06:58:03,782 [Thread-929] INFO  hdfs.DFSUtil (DFSUtil.java:httpServerTemplateForNNAndJN(1641)) - Starting Web-server for hddsDatanode at: http://0.0.0.0:0
2019-10-16 06:58:03,783 [Thread-929] INFO  server.AuthenticationFilter (AuthenticationFilter.java:constructSecretProvider(240)) - Unable to initialize FileSignerSecretProvider, falling back to use random secrets.
2019-10-16 06:58:03,783 [Thread-929] WARN  http.HttpRequestLog (HttpRequestLog.java:getRequestLog(97)) - Jetty request log can only be enabled using Log4j
2019-10-16 06:58:03,785 [Thread-929] INFO  http.HttpServer2 (HttpServer2.java:addGlobalFilter(975)) - Added global filter 'safety' (class=org.apache.hadoop.http.HttpServer2$QuotingInputFilter)
2019-10-16 06:58:03,785 [Thread-929] INFO  http.HttpServer2 (HttpServer2.java:addFilter(948)) - Added filter static_user_filter (class=org.apache.hadoop.http.lib.StaticUserWebFilter$StaticUserFilter) to context hddsDatanode
2019-10-16 06:58:03,785 [Thread-929] INFO  http.HttpServer2 (HttpServer2.java:addFilter(958)) - Added filter static_user_filter (class=org.apache.hadoop.http.lib.StaticUserWebFilter$StaticUserFilter) to context logs
2019-10-16 06:58:03,786 [Thread-929] INFO  http.HttpServer2 (HttpServer2.java:addFilter(958)) - Added filter static_user_filter (class=org.apache.hadoop.http.lib.StaticUserWebFilter$StaticUserFilter) to context static
2019-10-16 06:58:03,786 [Thread-929] INFO  http.HttpServer2 (HttpServer2.java:bindListener(1191)) - Jetty bound to port 38030
2019-10-16 06:58:03,786 [Thread-929] INFO  server.Server (Server.java:doStart(351)) - jetty-9.3.25.v20180904, build timestamp: 2018-09-04T21:11:46Z, git hash: 3ce520221d0240229c862b122d2b06c12a625732
2019-10-16 06:58:03,788 [Thread-929] INFO  handler.ContextHandler (ContextHandler.java:doStart(781)) - Started o.e.j.s.ServletContextHandler@b406f50{/logs,file:///workdir/hadoop-ozone/ozonefs/target/log,AVAILABLE}
2019-10-16 06:58:03,788 [Thread-929] INFO  handler.ContextHandler (ContextHandler.java:doStart(781)) - Started o.e.j.s.ServletContextHandler@2d049764{/static,jar:file:/home/user/.m2/repository/org/apache/hadoop/hadoop-hdds-container-service/0.5.0-SNAPSHOT/hadoop-hdds-container-service-0.5.0-SNAPSHOT.jar!/webapps/static,AVAILABLE}
2019-10-16 06:58:03,815 [Thread-929] INFO  handler.ContextHandler (ContextHandler.java:doStart(781)) - Started o.e.j.w.WebAppContext@69f34032{/,file:///tmp/jetty-0.0.0.0-38030-hddsDatanode-_-any-1919482524308963668.dir/webapp/,AVAILABLE}{/hddsDatanode}
2019-10-16 06:58:03,816 [Thread-929] INFO  server.AbstractConnector (AbstractConnector.java:doStart(278)) - Started ServerConnector@4b0ecc3f{HTTP/1.1,[http/1.1]}{0.0.0.0:38030}
2019-10-16 06:58:03,817 [Thread-929] INFO  server.Server (Server.java:doStart(419)) - Started @75520ms
2019-10-16 06:58:03,817 [Thread-929] WARN  impl.MetricsSystemImpl (MetricsSystemImpl.java:register(276)) - Sink prometheus already exists!
2019-10-16 06:58:03,818 [Thread-929] INFO  server.BaseHttpServer (BaseHttpServer.java:updateConnectorAddress(215)) - HTTP server of HDDSDATANODE is listening at http://0.0.0.0:38030
2019-10-16 06:58:03,818 [Thread-929] INFO  ozone.MiniOzoneClusterImpl (MiniOzoneClusterImpl.java:lambda$waitForClusterToBeReady$0(147)) - Waiting for cluster to be ready. Got 0 of 3 DN Heartbeats.
2019-10-16 06:58:03,819 [org.apache.hadoop.util.JvmPauseMonitor$Monitor@26ef607b] INFO  util.JvmPauseMonitor (JvmPauseMonitor.java:run(188)) - Starting JVM pause monitor
2019-10-16 06:58:03,821 [Datanode State Machine Thread - 0] INFO  datanode.InitDatanodeState (InitDatanodeState.java:persistContainerDatanodeDetails(140)) - DatanodeDetails is persisted to /workdir/hadoop-ozone/ozonefs/target/test-dir/MiniOzoneClusterImpl-f6b83367-9255-4ea4-9a8f-b3bdc2ce550f/datanode-2/meta/datanode.id
2019-10-16 06:58:04,660 [java.util.concurrent.ThreadPoolExecutor$Worker@75cf8431[State = -1, empty queue]] WARN  server.GrpcLogAppender (GrpcLogAppender.java:timeoutAppendRequest(209)) - 11335fb0-a575-488f-a83c-ad4b548f39f3@group-108048679794->fd81e216-9860-4ae9-bb70-b7f544d2aeb2-GrpcLogAppender: appendEntries Timeout, request=11335fb0-a575-488f-a83c-ad4b548f39f3->fd81e216-9860-4ae9-bb70-b7f544d2aeb2#5-t2, previous=(t:2, i:0), leaderCommit=0, initializing? false, entries: <empty>
2019-10-16 06:58:04,660 [java.util.concurrent.ThreadPoolExecutor$Worker@4202e7d5[State = -1, empty queue]] WARN  server.GrpcLogAppender (GrpcLogAppender.java:timeoutAppendRequest(209)) - 11335fb0-a575-488f-a83c-ad4b548f39f3@group-108048679794->76f342d4-a86a-47fc-aa54-2f94509c93ba-GrpcLogAppender: appendEntries Timeout, request=11335fb0-a575-488f-a83c-ad4b548f39f3->76f342d4-a86a-47fc-aa54-2f94509c93ba#5-t2, previous=(t:2, i:0), leaderCommit=0, initializing? false, entries: <empty>
2019-10-16 06:58:04,818 [Thread-929] INFO  ozone.MiniOzoneClusterImpl (MiniOzoneClusterImpl.java:lambda$waitForClusterToBeReady$0(147)) - Waiting for cluster to be ready. Got 0 of 3 DN Heartbeats.
2019-10-16 06:58:05,700 [Datanode State Machine Thread - 0] INFO  ozoneimpl.OzoneContainer (OzoneContainer.java:start(213)) - Attempting to start container services.
2019-10-16 06:58:05,701 [Datanode State Machine Thread - 0] INFO  ozoneimpl.OzoneContainer (OzoneContainer.java:startContainerScrub(177)) - Background container scanner has been disabled.
2019-10-16 06:58:05,701 [Datanode State Machine Thread - 0] INFO  ratis.XceiverServerRatis (XceiverServerRatis.java:start(418)) - Starting XceiverServerRatis 0d57dd7d-c984-49c3-8f07-3b730a00bd72 at port 0
2019-10-16 06:58:05,706 [Datanode State Machine Thread - 0] INFO  impl.RaftServerProxy (RaftServerProxy.java:lambda$start$3(299)) - 0d57dd7d-c984-49c3-8f07-3b730a00bd72: start RPC server
2019-10-16 06:58:05,709 [Datanode State Machine Thread - 0] INFO  server.GrpcService (GrpcService.java:startImpl(158)) - 0d57dd7d-c984-49c3-8f07-3b730a00bd72: GrpcService started, listening on 0.0.0.0/0.0.0.0:38784
2019-10-16 06:58:05,709 [Datanode State Machine Thread - 0] INFO  ratis.XceiverServerRatis (XceiverServerRatis.java:start(428)) - XceiverServerRatis 0d57dd7d-c984-49c3-8f07-3b730a00bd72 is started using port 38784
2019-10-16 06:58:05,709 [Datanode State Machine Thread - 0] INFO  server.XceiverServerGrpc (XceiverServerGrpc.java:start(149)) - XceiverServerGrpc 0d57dd7d-c984-49c3-8f07-3b730a00bd72 is started using port 35216
2019-10-16 06:58:05,769 [Datanode State Machine Thread - 0] INFO  ozoneimpl.OzoneContainer (OzoneContainer.java:start(213)) - Attempting to start container services.
2019-10-16 06:58:05,770 [Datanode State Machine Thread - 0] INFO  ozoneimpl.OzoneContainer (OzoneContainer.java:startContainerScrub(177)) - Background container scanner has been disabled.
2019-10-16 06:58:05,770 [Datanode State Machine Thread - 0] INFO  ratis.XceiverServerRatis (XceiverServerRatis.java:start(418)) - Starting XceiverServerRatis 9a7b04b9-ecb0-402e-9b1a-70c07d66a0c5 at port 0
2019-10-16 06:58:05,778 [Datanode State Machine Thread - 0] INFO  impl.RaftServerProxy (RaftServerProxy.java:lambda$start$3(299)) - 9a7b04b9-ecb0-402e-9b1a-70c07d66a0c5: start RPC server
2019-10-16 06:58:05,779 [Datanode State Machine Thread - 0] INFO  server.GrpcService (GrpcService.java:startImpl(158)) - 9a7b04b9-ecb0-402e-9b1a-70c07d66a0c5: GrpcService started, listening on 0.0.0.0/0.0.0.0:38170
2019-10-16 06:58:05,780 [Datanode State Machine Thread - 0] INFO  ratis.XceiverServerRatis (XceiverServerRatis.java:start(428)) - XceiverServerRatis 9a7b04b9-ecb0-402e-9b1a-70c07d66a0c5 is started using port 38170
2019-10-16 06:58:05,781 [Datanode State Machine Thread - 0] INFO  server.XceiverServerGrpc (XceiverServerGrpc.java:start(149)) - XceiverServerGrpc 9a7b04b9-ecb0-402e-9b1a-70c07d66a0c5 is started using port 39504
2019-10-16 06:58:05,819 [Thread-929] INFO  ozone.MiniOzoneClusterImpl (MiniOzoneClusterImpl.java:lambda$waitForClusterToBeReady$0(147)) - Waiting for cluster to be ready. Got 0 of 3 DN Heartbeats.
2019-10-16 06:58:05,835 [Datanode State Machine Thread - 0] INFO  ozoneimpl.OzoneContainer (OzoneContainer.java:start(213)) - Attempting to start container services.
2019-10-16 06:58:05,835 [Datanode State Machine Thread - 0] INFO  ozoneimpl.OzoneContainer (OzoneContainer.java:startContainerScrub(177)) - Background container scanner has been disabled.
2019-10-16 06:58:05,835 [Datanode State Machine Thread - 0] INFO  ratis.XceiverServerRatis (XceiverServerRatis.java:start(418)) - Starting XceiverServerRatis 63c66ddc-1ed7-4ff3-88f9-e66aa086e06a at port 0
2019-10-16 06:58:05,843 [Datanode State Machine Thread - 0] INFO  impl.RaftServerProxy (RaftServerProxy.java:lambda$start$3(299)) - 63c66ddc-1ed7-4ff3-88f9-e66aa086e06a: start RPC server
2019-10-16 06:58:05,844 [Datanode State Machine Thread - 0] INFO  server.GrpcService (GrpcService.java:startImpl(158)) - 63c66ddc-1ed7-4ff3-88f9-e66aa086e06a: GrpcService started, listening on 0.0.0.0/0.0.0.0:45386
2019-10-16 06:58:05,844 [Datanode State Machine Thread - 0] INFO  ratis.XceiverServerRatis (XceiverServerRatis.java:start(428)) - XceiverServerRatis 63c66ddc-1ed7-4ff3-88f9-e66aa086e06a is started using port 45386
2019-10-16 06:58:05,845 [Datanode State Machine Thread - 0] INFO  server.XceiverServerGrpc (XceiverServerGrpc.java:start(149)) - XceiverServerGrpc 63c66ddc-1ed7-4ff3-88f9-e66aa086e06a is started using port 32799
2019-10-16 06:58:06,819 [Thread-929] INFO  ozone.MiniOzoneClusterImpl (MiniOzoneClusterImpl.java:lambda$waitForClusterToBeReady$0(147)) - Waiting for cluster to be ready. Got 0 of 3 DN Heartbeats.
2019-10-16 06:58:07,685 [IPC Server handler 1 on 35161] INFO  net.NetworkTopology (NetworkTopologyImpl.java:add(111)) - Added a new node: /default-rack/0d57dd7d-c984-49c3-8f07-3b730a00bd72
2019-10-16 06:58:07,686 [IPC Server handler 1 on 35161] INFO  node.SCMNodeManager (SCMNodeManager.java:register(268)) - Registered Data node : 0d57dd7d-c984-49c3-8f07-3b730a00bd72{ip: 192.168.69.104, host: pr-hdds-2312-q6qzp-1535798719, networkLocation: /default-rack, certSerialId: null}
2019-10-16 06:58:07,687 [EventQueue-NodeRegistrationContainerReportForDataNodeSafeModeRule] INFO  safemode.SCMSafeModeManager (DataNodeSafeModeRule.java:process(71)) - SCM in safe mode. 1 DataNodes registered, 1 required.
2019-10-16 06:58:07,688 [EventQueue-NodeRegistrationContainerReportForDataNodeSafeModeRule] INFO  safemode.SCMSafeModeManager (SCMSafeModeManager.java:validateSafeModeExitRules(177)) - ScmSafeModeManager, all rules are successfully validated
2019-10-16 06:58:07,688 [EventQueue-NodeRegistrationContainerReportForDataNodeSafeModeRule] INFO  safemode.SCMSafeModeManager (SCMSafeModeManager.java:exitSafeMode(193)) - SCM exiting safe mode.
2019-10-16 06:58:07,698 [grpc-default-executor-0] INFO  impl.RaftServerProxy (RaftServerProxy.java:addNew(89)) - 0d57dd7d-c984-49c3-8f07-3b730a00bd72: addNew group-7506D08E39A4:[0d57dd7d-c984-49c3-8f07-3b730a00bd72:192.168.69.104:38784] returns group-7506D08E39A4:java.util.concurrent.CompletableFuture@fc055ac[Not completed]
2019-10-16 06:58:07,699 [pool-227-thread-1] INFO  impl.RaftServerImpl (RaftServerImpl.java:<init>(104)) - 0d57dd7d-c984-49c3-8f07-3b730a00bd72: new RaftServerImpl for group-7506D08E39A4:[0d57dd7d-c984-49c3-8f07-3b730a00bd72:192.168.69.104:38784] with ContainerStateMachine:uninitialized
2019-10-16 06:58:07,699 [pool-227-thread-1] INFO  server.RaftServerConfigKeys (ConfUtils.java:logGet(43)) - raft.server.rpc.timeout.min = 5s (custom)
2019-10-16 06:58:07,699 [pool-227-thread-1] INFO  server.RaftServerConfigKeys (ConfUtils.java:logGet(43)) - raft.server.rpc.timeout.max = 5200ms (custom)
2019-10-16 06:58:07,700 [pool-227-thread-1] INFO  server.RaftServerConfigKeys (ConfUtils.java:logGet(43)) - raft.server.rpcslowness.timeout = 120s (custom)
2019-10-16 06:58:07,700 [pool-227-thread-1] INFO  server.RaftServerConfigKeys (ConfUtils.java:logGet(43)) - raft.server.sleep.deviation.threshold = 300 (default)
2019-10-16 06:58:07,700 [pool-227-thread-1] INFO  server.RaftServerConfigKeys (ConfUtils.java:logGet(43)) - raft.server.log.appender.install.snapshot.enabled = false (custom)
2019-10-16 06:58:07,700 [pool-227-thread-1] INFO  impl.RaftServerImpl (ServerState.java:<init>(103)) - 0d57dd7d-c984-49c3-8f07-3b730a00bd72@group-7506D08E39A4: ConfigurationManager, init=-1: [0d57dd7d-c984-49c3-8f07-3b730a00bd72:192.168.69.104:38784], old=null, confs=<EMPTY_MAP>
2019-10-16 06:58:07,700 [pool-227-thread-1] INFO  server.RaftServerConfigKeys (ConfUtils.java:logGet(43)) - raft.server.storage.dir = [/workdir/hadoop-ozone/ozonefs/target/test-dir/MiniOzoneClusterImpl-f6b83367-9255-4ea4-9a8f-b3bdc2ce550f/datanode-0/data/ratis] (custom)
2019-10-16 06:58:07,700 [pool-227-thread-1] INFO  server.RaftServerConfigKeys (ConfUtils.java:logGet(43)) - raft.server.log.corruption.policy = EXCEPTION (default)
2019-10-16 06:58:07,701 [pool-227-thread-1] INFO  storage.RaftStorageDirectory (RaftStorageDirectory.java:analyzeStorage(246)) - The storage directory /workdir/hadoop-ozone/ozonefs/target/test-dir/MiniOzoneClusterImpl-f6b83367-9255-4ea4-9a8f-b3bdc2ce550f/datanode-0/data/ratis/6e20bd60-ee46-433e-82c1-7506d08e39a4 does not exist. Creating ...
2019-10-16 06:58:07,713 [pool-227-thread-1] INFO  storage.RaftStorageDirectory (RaftStorageDirectory.java:tryLock(328)) - Lock on /workdir/hadoop-ozone/ozonefs/target/test-dir/MiniOzoneClusterImpl-f6b83367-9255-4ea4-9a8f-b3bdc2ce550f/datanode-0/data/ratis/6e20bd60-ee46-433e-82c1-7506d08e39a4/in_use.lock acquired by nodename 15382@pr-hdds-2312-q6qzp-1535798719
2019-10-16 06:58:07,727 [pool-227-thread-1] INFO  storage.RaftStorage (RaftStorage.java:format(84)) - Storage directory /workdir/hadoop-ozone/ozonefs/target/test-dir/MiniOzoneClusterImpl-f6b83367-9255-4ea4-9a8f-b3bdc2ce550f/datanode-0/data/ratis/6e20bd60-ee46-433e-82c1-7506d08e39a4 has been successfully formatted.
2019-10-16 06:58:07,727 [pool-227-thread-1] INFO  ratis.ContainerStateMachine (ContainerStateMachine.java:loadSnapshot(231)) - group-7506D08E39A4: The snapshot info is null. Setting the last applied indexto:(t:0, i:~)
2019-10-16 06:58:07,727 [pool-227-thread-1] INFO  server.RaftServerConfigKeys (ConfUtils.java:logGet(43)) - raft.server.notification.no-leader.timeout = 120s (custom)
2019-10-16 06:58:07,727 [pool-227-thread-1] INFO  server.RaftServerConfigKeys (ConfUtils.java:logGet(43)) - raft.server.log.use.memory = false (default)
2019-10-16 06:58:07,727 [pool-227-thread-1] INFO  server.RaftServerConfigKeys (ConfUtils.java:logGet(43)) - raft.server.log.purge.gap = 1000000 (custom)
2019-10-16 06:58:07,728 [pool-227-thread-1] INFO  server.RaftServerConfigKeys (ConfUtils.java:logGet(43)) - raft.server.log.appender.buffer.byte-limit = 33554432 (custom)
2019-10-16 06:58:07,728 [pool-227-thread-1] INFO  server.RaftServerConfigKeys (ConfUtils.java:logGet(43)) - raft.server.log.segment.size.max = 1048576 (custom)
2019-10-16 06:58:07,729 [pool-227-thread-1] INFO  server.RaftServerConfigKeys (ConfUtils.java:logGet(43)) - raft.server.log.segment.cache.num.max = 2 (custom)
2019-10-16 06:58:07,729 [pool-227-thread-1] INFO  segmented.SegmentedRaftLogWorker (SegmentedRaftLogWorker.java:<init>(173)) - new 0d57dd7d-c984-49c3-8f07-3b730a00bd72@group-7506D08E39A4-SegmentedRaftLogWorker for RaftStorage:Storage Directory /workdir/hadoop-ozone/ozonefs/target/test-dir/MiniOzoneClusterImpl-f6b83367-9255-4ea4-9a8f-b3bdc2ce550f/datanode-0/data/ratis/6e20bd60-ee46-433e-82c1-7506d08e39a4
2019-10-16 06:58:07,729 [pool-227-thread-1] INFO  server.RaftServerConfigKeys (ConfUtils.java:logGet(43)) - raft.server.log.queue.byte-limit = 2147483647 (custom)
2019-10-16 06:58:07,730 [pool-227-thread-1] INFO  server.RaftServerConfigKeys (ConfUtils.java:logGet(43)) - raft.server.log.queue.element-limit = 1024 (custom)
2019-10-16 06:58:07,730 [pool-227-thread-1] INFO  server.RaftServerConfigKeys (ConfUtils.java:logGet(43)) - raft.server.log.segment.size.max = 1048576 (custom)
2019-10-16 06:58:07,730 [pool-227-thread-1] INFO  server.RaftServerConfigKeys (ConfUtils.java:logGet(43)) - raft.server.log.preallocated.size = 16384 (custom)
2019-10-16 06:58:07,730 [pool-227-thread-1] INFO  server.RaftServerConfigKeys (ConfUtils.java:logGet(43)) - raft.server.log.write.buffer.size = 33554432 (custom)
2019-10-16 06:58:07,730 [pool-227-thread-1] INFO  server.RaftServerConfigKeys (ConfUtils.java:logGet(43)) - raft.server.log.force.sync.num = 128 (default)
2019-10-16 06:58:07,730 [pool-227-thread-1] INFO  server.RaftServerConfigKeys (ConfUtils.java:logGet(43)) - raft.server.log.statemachine.data.sync = true (default)
2019-10-16 06:58:07,730 [pool-227-thread-1] INFO  server.RaftServerConfigKeys (ConfUtils.java:logGet(43)) - raft.server.log.statemachine.data.sync.timeout = 10s (default)
2019-10-16 06:58:07,730 [pool-227-thread-1] INFO  server.RaftServerConfigKeys (ConfUtils.java:logGet(43)) - raft.server.log.statemachine.data.sync.timeout.retry = -1 (default)
2019-10-16 06:58:07,731 [pool-227-thread-1] INFO  server.RaftServerConfigKeys (ConfUtils.java:logGet(43)) - raft.server.log.statemachine.data.caching.enabled = true (custom)
2019-10-16 06:58:07,731 [pool-227-thread-1] INFO  segmented.SegmentedRaftLogWorker (SegmentedRaftLogWorker.java:lambda$new$0(128)) - 0d57dd7d-c984-49c3-8f07-3b730a00bd72@group-7506D08E39A4-SegmentedRaftLogWorker: flushIndex: setUnconditionally 0 -> -1
2019-10-16 06:58:07,731 [pool-227-thread-1] INFO  server.RaftServerConfigKeys (ConfUtils.java:logGet(43)) - raft.server.snapshot.auto.trigger.enabled = true (custom)
2019-10-16 06:58:07,731 [pool-227-thread-1] INFO  server.RaftServerConfigKeys (ConfUtils.java:logGet(43)) - raft.server.snapshot.auto.trigger.threshold = 10000 (custom)
2019-10-16 06:58:07,731 [pool-227-thread-1] INFO  server.RaftServerConfigKeys (ConfUtils.java:logGet(43)) - raft.server.snapshot.retention.file.num = 5 (custom)
2019-10-16 06:58:07,732 [pool-227-thread-1] INFO  server.RaftServerConfigKeys (ConfUtils.java:logGet(43)) - raft.server.retrycache.expirytime = 600000ms (custom)
2019-10-16 06:58:07,734 [pool-227-thread-1] INFO  impl.RaftServerImpl (RaftServerImpl.java:start(195)) - 0d57dd7d-c984-49c3-8f07-3b730a00bd72@group-7506D08E39A4: start as a follower, conf=-1: [0d57dd7d-c984-49c3-8f07-3b730a00bd72:192.168.69.104:38784], old=null
2019-10-16 06:58:07,734 [pool-227-thread-1] INFO  impl.RaftServerImpl (RaftServerImpl.java:setRole(184)) - 0d57dd7d-c984-49c3-8f07-3b730a00bd72@group-7506D08E39A4: changes role from      null to FOLLOWER at term 0 for startAsFollower
2019-10-16 06:58:07,734 [pool-227-thread-1] INFO  impl.RoleInfo (RoleInfo.java:updateAndGet(143)) - 0d57dd7d-c984-49c3-8f07-3b730a00bd72: start FollowerState
2019-10-16 06:58:07,735 [pool-227-thread-1] INFO  util.JmxRegister (JmxRegister.java:tryRegister(44)) - Successfully registered JMX Bean with object name Ratis:service=RaftServer,group=group-7506D08E39A4,id=0d57dd7d-c984-49c3-8f07-3b730a00bd72
2019-10-16 06:58:07,740 [RatisPipelineUtilsThread] INFO  pipeline.PipelineStateManager (PipelineStateManager.java:addPipeline(56)) - Created pipeline Pipeline[ Id: 6e20bd60-ee46-433e-82c1-7506d08e39a4, Nodes: 0d57dd7d-c984-49c3-8f07-3b730a00bd72{ip: 192.168.69.104, host: pr-hdds-2312-q6qzp-1535798719, networkLocation: /default-rack, certSerialId: null}, Type:RATIS, Factor:ONE, State:OPEN]
2019-10-16 06:58:07,755 [IPC Server handler 0 on 35161] INFO  net.NetworkTopology (NetworkTopologyImpl.java:add(111)) - Added a new node: /default-rack/9a7b04b9-ecb0-402e-9b1a-70c07d66a0c5
2019-10-16 06:58:07,755 [IPC Server handler 0 on 35161] INFO  node.SCMNodeManager (SCMNodeManager.java:register(268)) - Registered Data node : 9a7b04b9-ecb0-402e-9b1a-70c07d66a0c5{ip: 192.168.69.104, host: pr-hdds-2312-q6qzp-1535798719, networkLocation: /default-rack, certSerialId: null}
2019-10-16 06:58:07,763 [grpc-default-executor-0] INFO  impl.RaftServerProxy (RaftServerProxy.java:addNew(89)) - 9a7b04b9-ecb0-402e-9b1a-70c07d66a0c5: addNew group-C4B9F5E001D8:[9a7b04b9-ecb0-402e-9b1a-70c07d66a0c5:192.168.69.104:38170] returns group-C4B9F5E001D8:java.util.concurrent.CompletableFuture@628fee2b[Not completed]
2019-10-16 06:58:07,765 [pool-237-thread-1] INFO  impl.RaftServerImpl (RaftServerImpl.java:<init>(104)) - 9a7b04b9-ecb0-402e-9b1a-70c07d66a0c5: new RaftServerImpl for group-C4B9F5E001D8:[9a7b04b9-ecb0-402e-9b1a-70c07d66a0c5:192.168.69.104:38170] with ContainerStateMachine:uninitialized
2019-10-16 06:58:07,765 [pool-237-thread-1] INFO  server.RaftServerConfigKeys (ConfUtils.java:logGet(43)) - raft.server.rpc.timeout.min = 5s (custom)
2019-10-16 06:58:07,765 [pool-237-thread-1] INFO  server.RaftServerConfigKeys (ConfUtils.java:logGet(43)) - raft.server.rpc.timeout.max = 5200ms (custom)
2019-10-16 06:58:07,765 [pool-237-thread-1] INFO  server.RaftServerConfigKeys (ConfUtils.java:logGet(43)) - raft.server.rpcslowness.timeout = 120s (custom)
2019-10-16 06:58:07,765 [pool-237-thread-1] INFO  server.RaftServerConfigKeys (ConfUtils.java:logGet(43)) - raft.server.sleep.deviation.threshold = 300 (default)
2019-10-16 06:58:07,766 [pool-237-thread-1] INFO  server.RaftServerConfigKeys (ConfUtils.java:logGet(43)) - raft.server.log.appender.install.snapshot.enabled = false (custom)
2019-10-16 06:58:07,766 [pool-237-thread-1] INFO  impl.RaftServerImpl (ServerState.java:<init>(103)) - 9a7b04b9-ecb0-402e-9b1a-70c07d66a0c5@group-C4B9F5E001D8: ConfigurationManager, init=-1: [9a7b04b9-ecb0-402e-9b1a-70c07d66a0c5:192.168.69.104:38170], old=null, confs=<EMPTY_MAP>
2019-10-16 06:58:07,766 [pool-237-thread-1] INFO  server.RaftServerConfigKeys (ConfUtils.java:logGet(43)) - raft.server.storage.dir = [/workdir/hadoop-ozone/ozonefs/target/test-dir/MiniOzoneClusterImpl-f6b83367-9255-4ea4-9a8f-b3bdc2ce550f/datanode-1/data/ratis] (custom)
2019-10-16 06:58:07,766 [pool-237-thread-1] INFO  server.RaftServerConfigKeys (ConfUtils.java:logGet(43)) - raft.server.log.corruption.policy = EXCEPTION (default)
2019-10-16 06:58:07,767 [pool-237-thread-1] INFO  storage.RaftStorageDirectory (RaftStorageDirectory.java:analyzeStorage(246)) - The storage directory /workdir/hadoop-ozone/ozonefs/target/test-dir/MiniOzoneClusterImpl-f6b83367-9255-4ea4-9a8f-b3bdc2ce550f/datanode-1/data/ratis/eaa2f531-4808-45e4-8cee-c4b9f5e001d8 does not exist. Creating ...
2019-10-16 06:58:07,779 [pool-237-thread-1] INFO  storage.RaftStorageDirectory (RaftStorageDirectory.java:tryLock(328)) - Lock on /workdir/hadoop-ozone/ozonefs/target/test-dir/MiniOzoneClusterImpl-f6b83367-9255-4ea4-9a8f-b3bdc2ce550f/datanode-1/data/ratis/eaa2f531-4808-45e4-8cee-c4b9f5e001d8/in_use.lock acquired by nodename 15382@pr-hdds-2312-q6qzp-1535798719
2019-10-16 06:58:07,792 [pool-237-thread-1] INFO  storage.RaftStorage (RaftStorage.java:format(84)) - Storage directory /workdir/hadoop-ozone/ozonefs/target/test-dir/MiniOzoneClusterImpl-f6b83367-9255-4ea4-9a8f-b3bdc2ce550f/datanode-1/data/ratis/eaa2f531-4808-45e4-8cee-c4b9f5e001d8 has been successfully formatted.
2019-10-16 06:58:07,792 [pool-237-thread-1] INFO  ratis.ContainerStateMachine (ContainerStateMachine.java:loadSnapshot(231)) - group-C4B9F5E001D8: The snapshot info is null. Setting the last applied indexto:(t:0, i:~)
2019-10-16 06:58:07,792 [pool-237-thread-1] INFO  server.RaftServerConfigKeys (ConfUtils.java:logGet(43)) - raft.server.notification.no-leader.timeout = 120s (custom)
2019-10-16 06:58:07,792 [pool-237-thread-1] INFO  server.RaftServerConfigKeys (ConfUtils.java:logGet(43)) - raft.server.log.use.memory = false (default)
2019-10-16 06:58:07,793 [pool-237-thread-1] INFO  server.RaftServerConfigKeys (ConfUtils.java:logGet(43)) - raft.server.log.purge.gap = 1000000 (custom)
2019-10-16 06:58:07,793 [pool-237-thread-1] INFO  server.RaftServerConfigKeys (ConfUtils.java:logGet(43)) - raft.server.log.appender.buffer.byte-limit = 33554432 (custom)
2019-10-16 06:58:07,793 [pool-237-thread-1] INFO  server.RaftServerConfigKeys (ConfUtils.java:logGet(43)) - raft.server.log.segment.size.max = 1048576 (custom)
2019-10-16 06:58:07,795 [pool-237-thread-1] INFO  server.RaftServerConfigKeys (ConfUtils.java:logGet(43)) - raft.server.log.segment.cache.num.max = 2 (custom)
2019-10-16 06:58:07,795 [pool-237-thread-1] INFO  segmented.SegmentedRaftLogWorker (SegmentedRaftLogWorker.java:<init>(173)) - new 9a7b04b9-ecb0-402e-9b1a-70c07d66a0c5@group-C4B9F5E001D8-SegmentedRaftLogWorker for RaftStorage:Storage Directory /workdir/hadoop-ozone/ozonefs/target/test-dir/MiniOzoneClusterImpl-f6b83367-9255-4ea4-9a8f-b3bdc2ce550f/datanode-1/data/ratis/eaa2f531-4808-45e4-8cee-c4b9f5e001d8
2019-10-16 06:58:07,795 [pool-237-thread-1] INFO  server.RaftServerConfigKeys (ConfUtils.java:logGet(43)) - raft.server.log.queue.byte-limit = 2147483647 (custom)
2019-10-16 06:58:07,795 [pool-237-thread-1] INFO  server.RaftServerConfigKeys (ConfUtils.java:logGet(43)) - raft.server.log.queue.element-limit = 1024 (custom)
2019-10-16 06:58:07,795 [pool-237-thread-1] INFO  server.RaftServerConfigKeys (ConfUtils.java:logGet(43)) - raft.server.log.segment.size.max = 1048576 (custom)
2019-10-16 06:58:07,795 [pool-237-thread-1] INFO  server.RaftServerConfigKeys (ConfUtils.java:logGet(43)) - raft.server.log.preallocated.size = 16384 (custom)
2019-10-16 06:58:07,795 [pool-237-thread-1] INFO  server.RaftServerConfigKeys (ConfUtils.java:logGet(43)) - raft.server.log.write.buffer.size = 33554432 (custom)
2019-10-16 06:58:07,796 [pool-237-thread-1] INFO  server.RaftServerConfigKeys (ConfUtils.java:logGet(43)) - raft.server.log.force.sync.num = 128 (default)
2019-10-16 06:58:07,796 [pool-237-thread-1] INFO  server.RaftServerConfigKeys (ConfUtils.java:logGet(43)) - raft.server.log.statemachine.data.sync = true (default)
2019-10-16 06:58:07,796 [pool-237-thread-1] INFO  server.RaftServerConfigKeys (ConfUtils.java:logGet(43)) - raft.server.log.statemachine.data.sync.timeout = 10s (default)
2019-10-16 06:58:07,796 [pool-237-thread-1] INFO  server.RaftServerConfigKeys (ConfUtils.java:logGet(43)) - raft.server.log.statemachine.data.sync.timeout.retry = -1 (default)
2019-10-16 06:58:07,796 [pool-237-thread-1] INFO  server.RaftServerConfigKeys (ConfUtils.java:logGet(43)) - raft.server.log.statemachine.data.caching.enabled = true (custom)
2019-10-16 06:58:07,797 [pool-237-thread-1] INFO  segmented.SegmentedRaftLogWorker (SegmentedRaftLogWorker.java:lambda$new$0(128)) - 9a7b04b9-ecb0-402e-9b1a-70c07d66a0c5@group-C4B9F5E001D8-SegmentedRaftLogWorker: flushIndex: setUnconditionally 0 -> -1
2019-10-16 06:58:07,797 [pool-237-thread-1] INFO  server.RaftServerConfigKeys (ConfUtils.java:logGet(43)) - raft.server.snapshot.auto.trigger.enabled = true (custom)
2019-10-16 06:58:07,797 [pool-237-thread-1] INFO  server.RaftServerConfigKeys (ConfUtils.java:logGet(43)) - raft.server.snapshot.auto.trigger.threshold = 10000 (custom)
2019-10-16 06:58:07,797 [pool-237-thread-1] INFO  server.RaftServerConfigKeys (ConfUtils.java:logGet(43)) - raft.server.snapshot.retention.file.num = 5 (custom)
2019-10-16 06:58:07,797 [pool-237-thread-1] INFO  server.RaftServerConfigKeys (ConfUtils.java:logGet(43)) - raft.server.retrycache.expirytime = 600000ms (custom)
2019-10-16 06:58:07,801 [pool-237-thread-1] INFO  impl.RaftServerImpl (RaftServerImpl.java:start(195)) - 9a7b04b9-ecb0-402e-9b1a-70c07d66a0c5@group-C4B9F5E001D8: start as a follower, conf=-1: [9a7b04b9-ecb0-402e-9b1a-70c07d66a0c5:192.168.69.104:38170], old=null
2019-10-16 06:58:07,801 [pool-237-thread-1] INFO  impl.RaftServerImpl (RaftServerImpl.java:setRole(184)) - 9a7b04b9-ecb0-402e-9b1a-70c07d66a0c5@group-C4B9F5E001D8: changes role from      null to FOLLOWER at term 0 for startAsFollower
2019-10-16 06:58:07,801 [pool-237-thread-1] INFO  impl.RoleInfo (RoleInfo.java:updateAndGet(143)) - 9a7b04b9-ecb0-402e-9b1a-70c07d66a0c5: start FollowerState
2019-10-16 06:58:07,801 [pool-237-thread-1] INFO  util.JmxRegister (JmxRegister.java:tryRegister(44)) - Successfully registered JMX Bean with object name Ratis:service=RaftServer,group=group-C4B9F5E001D8,id=9a7b04b9-ecb0-402e-9b1a-70c07d66a0c5
2019-10-16 06:58:07,806 [Thread-1106] INFO  impl.FollowerState (FollowerState.java:run(108)) - 9a7b04b9-ecb0-402e-9b1a-70c07d66a0c5@group-C4B9F5E001D8-FollowerState: change to CANDIDATE, lastRpcTime:4ms, electionTimeout:4ms
2019-10-16 06:58:07,806 [Thread-1106] INFO  impl.RoleInfo (RoleInfo.java:shutdownFollowerState(121)) - 9a7b04b9-ecb0-402e-9b1a-70c07d66a0c5: shutdown FollowerState
2019-10-16 06:58:07,806 [Thread-1106] INFO  impl.RaftServerImpl (RaftServerImpl.java:setRole(184)) - 9a7b04b9-ecb0-402e-9b1a-70c07d66a0c5@group-C4B9F5E001D8: changes role from  FOLLOWER to CANDIDATE at term 0 for changeToCandidate
2019-10-16 06:58:07,806 [Thread-1106] INFO  impl.RoleInfo (RoleInfo.java:updateAndGet(143)) - 9a7b04b9-ecb0-402e-9b1a-70c07d66a0c5: start LeaderElection
2019-10-16 06:58:07,809 [RatisPipelineUtilsThread] INFO  pipeline.PipelineStateManager (PipelineStateManager.java:addPipeline(56)) - Created pipeline Pipeline[ Id: eaa2f531-4808-45e4-8cee-c4b9f5e001d8, Nodes: 9a7b04b9-ecb0-402e-9b1a-70c07d66a0c5{ip: 192.168.69.104, host: pr-hdds-2312-q6qzp-1535798719, networkLocation: /default-rack, certSerialId: null}, Type:RATIS, Factor:ONE, State:OPEN]
2019-10-16 06:58:07,819 [Thread-929] INFO  ozone.MiniOzoneClusterImpl (MiniOzoneClusterImpl.java:lambda$waitForClusterToBeReady$0(147)) - Waiting for cluster to be ready. Got 2 of 3 DN Heartbeats.
2019-10-16 06:58:07,820 [IPC Server handler 3 on 35161] INFO  net.NetworkTopology (NetworkTopologyImpl.java:add(111)) - Added a new node: /default-rack/63c66ddc-1ed7-4ff3-88f9-e66aa086e06a
2019-10-16 06:58:07,820 [IPC Server handler 3 on 35161] INFO  node.SCMNodeManager (SCMNodeManager.java:register(268)) - Registered Data node : 63c66ddc-1ed7-4ff3-88f9-e66aa086e06a{ip: 192.168.69.104, host: pr-hdds-2312-q6qzp-1535798719, networkLocation: /default-rack, certSerialId: null}
2019-10-16 06:58:07,825 [9a7b04b9-ecb0-402e-9b1a-70c07d66a0c5@group-C4B9F5E001D8-LeaderElection24] INFO  impl.LeaderElection (LeaderElection.java:askForVotes(178)) - 9a7b04b9-ecb0-402e-9b1a-70c07d66a0c5@group-C4B9F5E001D8-LeaderElection24: begin an election at term 1 for -1: [9a7b04b9-ecb0-402e-9b1a-70c07d66a0c5:192.168.69.104:38170], old=null
2019-10-16 06:58:07,825 [9a7b04b9-ecb0-402e-9b1a-70c07d66a0c5@group-C4B9F5E001D8-LeaderElection24] INFO  impl.RoleInfo (RoleInfo.java:shutdownLeaderElection(134)) - 9a7b04b9-ecb0-402e-9b1a-70c07d66a0c5: shutdown LeaderElection
2019-10-16 06:58:07,825 [9a7b04b9-ecb0-402e-9b1a-70c07d66a0c5@group-C4B9F5E001D8-LeaderElection24] INFO  impl.RaftServerImpl (RaftServerImpl.java:setRole(184)) - 9a7b04b9-ecb0-402e-9b1a-70c07d66a0c5@group-C4B9F5E001D8: changes role from CANDIDATE to LEADER at term 1 for changeToLeader
2019-10-16 06:58:07,825 [9a7b04b9-ecb0-402e-9b1a-70c07d66a0c5@group-C4B9F5E001D8-LeaderElection24] INFO  impl.RaftServerImpl (ServerState.java:setLeader(256)) - 9a7b04b9-ecb0-402e-9b1a-70c07d66a0c5@group-C4B9F5E001D8: change Leader from null to 9a7b04b9-ecb0-402e-9b1a-70c07d66a0c5 at term 1 for becomeLeader, leader elected after 33ms
2019-10-16 06:58:07,826 [9a7b04b9-ecb0-402e-9b1a-70c07d66a0c5@group-C4B9F5E001D8-LeaderElection24] INFO  server.RaftServerConfigKeys (ConfUtils.java:logGet(43)) - raft.server.staging.catchup.gap = 1000 (default)
2019-10-16 06:58:07,826 [9a7b04b9-ecb0-402e-9b1a-70c07d66a0c5@group-C4B9F5E001D8-LeaderElection24] INFO  server.RaftServerConfigKeys (ConfUtils.java:logGet(43)) - raft.server.rpc.sleep.time = 25ms (default)
2019-10-16 06:58:07,826 [9a7b04b9-ecb0-402e-9b1a-70c07d66a0c5@group-C4B9F5E001D8-LeaderElection24] INFO  server.RaftServerConfigKeys (ConfUtils.java:logGet(43)) - raft.server.write.element-limit = 4096 (default)
2019-10-16 06:58:07,826 [9a7b04b9-ecb0-402e-9b1a-70c07d66a0c5@group-C4B9F5E001D8-LeaderElection24] INFO  server.RaftServerConfigKeys (ConfUtils.java:logGet(43)) - raft.server.watch.timeout = 10s (default)
2019-10-16 06:58:07,827 [9a7b04b9-ecb0-402e-9b1a-70c07d66a0c5@group-C4B9F5E001D8-LeaderElection24] INFO  server.RaftServerConfigKeys (ConfUtils.java:logGet(43)) - raft.server.watch.timeout.denomination = 1s (default)
2019-10-16 06:58:07,827 [9a7b04b9-ecb0-402e-9b1a-70c07d66a0c5@group-C4B9F5E001D8-LeaderElection24] INFO  server.RaftServerConfigKeys (ConfUtils.java:logGet(43)) - raft.server.watch.element-limit = 65536 (default)
2019-10-16 06:58:07,829 [9a7b04b9-ecb0-402e-9b1a-70c07d66a0c5@group-C4B9F5E001D8-LeaderElection24] INFO  impl.RoleInfo (RoleInfo.java:updateAndGet(143)) - 9a7b04b9-ecb0-402e-9b1a-70c07d66a0c5: start LeaderState
2019-10-16 06:58:07,829 [9a7b04b9-ecb0-402e-9b1a-70c07d66a0c5@group-C4B9F5E001D8-LeaderElection24] INFO  segmented.SegmentedRaftLogWorker (SegmentedRaftLogWorker.java:startLogSegment(385)) - 9a7b04b9-ecb0-402e-9b1a-70c07d66a0c5@group-C4B9F5E001D8-SegmentedRaftLogWorker: Starting segment from index:0
2019-10-16 06:58:07,830 [9a7b04b9-ecb0-402e-9b1a-70c07d66a0c5@group-C4B9F5E001D8-LeaderElection24] INFO  impl.RaftServerImpl (ServerState.java:setRaftConf(357)) - 9a7b04b9-ecb0-402e-9b1a-70c07d66a0c5@group-C4B9F5E001D8: set configuration 0: [9a7b04b9-ecb0-402e-9b1a-70c07d66a0c5:192.168.69.104:38170], old=null at 0
2019-10-16 06:58:07,862 [Thread-1103] INFO  impl.FollowerState (FollowerState.java:run(108)) - 0d57dd7d-c984-49c3-8f07-3b730a00bd72@group-7506D08E39A4-FollowerState: change to CANDIDATE, lastRpcTime:127ms, electionTimeout:112ms
2019-10-16 06:58:07,862 [grpc-default-executor-0] INFO  impl.RaftServerProxy (RaftServerProxy.java:addNew(89)) - 63c66ddc-1ed7-4ff3-88f9-e66aa086e06a: addNew group-F59A83A4DB60:[63c66ddc-1ed7-4ff3-88f9-e66aa086e06a:192.168.69.104:45386] returns group-F59A83A4DB60:java.util.concurrent.CompletableFuture@64e860cd[Not completed]
2019-10-16 06:58:07,862 [Thread-1103] INFO  impl.RoleInfo (RoleInfo.java:shutdownFollowerState(121)) - 0d57dd7d-c984-49c3-8f07-3b730a00bd72: shutdown FollowerState
2019-10-16 06:58:07,863 [Thread-1103] INFO  impl.RaftServerImpl (RaftServerImpl.java:setRole(184)) - 0d57dd7d-c984-49c3-8f07-3b730a00bd72@group-7506D08E39A4: changes role from  FOLLOWER to CANDIDATE at term 0 for changeToCandidate
2019-10-16 06:58:07,863 [Thread-1103] INFO  impl.RoleInfo (RoleInfo.java:updateAndGet(143)) - 0d57dd7d-c984-49c3-8f07-3b730a00bd72: start LeaderElection
2019-10-16 06:58:07,867 [pool-247-thread-1] INFO  impl.RaftServerImpl (RaftServerImpl.java:<init>(104)) - 63c66ddc-1ed7-4ff3-88f9-e66aa086e06a: new RaftServerImpl for group-F59A83A4DB60:[63c66ddc-1ed7-4ff3-88f9-e66aa086e06a:192.168.69.104:45386] with ContainerStateMachine:uninitialized
2019-10-16 06:58:07,867 [pool-247-thread-1] INFO  server.RaftServerConfigKeys (ConfUtils.java:logGet(43)) - raft.server.rpc.timeout.min = 5s (custom)
2019-10-16 06:58:07,867 [pool-247-thread-1] INFO  server.RaftServerConfigKeys (ConfUtils.java:logGet(43)) - raft.server.rpc.timeout.max = 5200ms (custom)
2019-10-16 06:58:07,867 [pool-247-thread-1] INFO  server.RaftServerConfigKeys (ConfUtils.java:logGet(43)) - raft.server.rpcslowness.timeout = 120s (custom)
2019-10-16 06:58:07,867 [pool-247-thread-1] INFO  server.RaftServerConfigKeys (ConfUtils.java:logGet(43)) - raft.server.sleep.deviation.threshold = 300 (default)
2019-10-16 06:58:07,867 [pool-247-thread-1] INFO  server.RaftServerConfigKeys (ConfUtils.java:logGet(43)) - raft.server.log.appender.install.snapshot.enabled = false (custom)
2019-10-16 06:58:07,868 [pool-247-thread-1] INFO  impl.RaftServerImpl (ServerState.java:<init>(103)) - 63c66ddc-1ed7-4ff3-88f9-e66aa086e06a@group-F59A83A4DB60: ConfigurationManager, init=-1: [63c66ddc-1ed7-4ff3-88f9-e66aa086e06a:192.168.69.104:45386], old=null, confs=<EMPTY_MAP>
2019-10-16 06:58:07,868 [pool-247-thread-1] INFO  server.RaftServerConfigKeys (ConfUtils.java:logGet(43)) - raft.server.storage.dir = [/workdir/hadoop-ozone/ozonefs/target/test-dir/MiniOzoneClusterImpl-f6b83367-9255-4ea4-9a8f-b3bdc2ce550f/datanode-2/data/ratis] (custom)
2019-10-16 06:58:07,868 [pool-247-thread-1] INFO  server.RaftServerConfigKeys (ConfUtils.java:logGet(43)) - raft.server.log.corruption.policy = EXCEPTION (default)
2019-10-16 06:58:07,868 [pool-247-thread-1] INFO  storage.RaftStorageDirectory (RaftStorageDirectory.java:analyzeStorage(246)) - The storage directory /workdir/hadoop-ozone/ozonefs/target/test-dir/MiniOzoneClusterImpl-f6b83367-9255-4ea4-9a8f-b3bdc2ce550f/datanode-2/data/ratis/2842a065-23bd-4112-bf30-f59a83a4db60 does not exist. Creating ...
2019-10-16 06:58:07,873 [pool-247-thread-1] INFO  storage.RaftStorageDirectory (RaftStorageDirectory.java:tryLock(328)) - Lock on /workdir/hadoop-ozone/ozonefs/target/test-dir/MiniOzoneClusterImpl-f6b83367-9255-4ea4-9a8f-b3bdc2ce550f/datanode-2/data/ratis/2842a065-23bd-4112-bf30-f59a83a4db60/in_use.lock acquired by nodename 15382@pr-hdds-2312-q6qzp-1535798719
2019-10-16 06:58:07,873 [9a7b04b9-ecb0-402e-9b1a-70c07d66a0c5@group-C4B9F5E001D8-SegmentedRaftLogWorker] INFO  segmented.SegmentedRaftLogWorker (SegmentedRaftLogWorker.java:execute(576)) - 9a7b04b9-ecb0-402e-9b1a-70c07d66a0c5@group-C4B9F5E001D8-SegmentedRaftLogWorker: created new log segment /workdir/hadoop-ozone/ozonefs/target/test-dir/MiniOzoneClusterImpl-f6b83367-9255-4ea4-9a8f-b3bdc2ce550f/datanode-1/data/ratis/eaa2f531-4808-45e4-8cee-c4b9f5e001d8/current/log_inprogress_0
2019-10-16 06:58:07,874 [0d57dd7d-c984-49c3-8f07-3b730a00bd72@group-7506D08E39A4-LeaderElection25] INFO  impl.LeaderElection (LeaderElection.java:askForVotes(178)) - 0d57dd7d-c984-49c3-8f07-3b730a00bd72@group-7506D08E39A4-LeaderElection25: begin an election at term 1 for -1: [0d57dd7d-c984-49c3-8f07-3b730a00bd72:192.168.69.104:38784], old=null
2019-10-16 06:58:07,874 [0d57dd7d-c984-49c3-8f07-3b730a00bd72@group-7506D08E39A4-LeaderElection25] INFO  impl.RoleInfo (RoleInfo.java:shutdownLeaderElection(134)) - 0d57dd7d-c984-49c3-8f07-3b730a00bd72: shutdown LeaderElection
2019-10-16 06:58:07,874 [0d57dd7d-c984-49c3-8f07-3b730a00bd72@group-7506D08E39A4-LeaderElection25] INFO  impl.RaftServerImpl (RaftServerImpl.java:setRole(184)) - 0d57dd7d-c984-49c3-8f07-3b730a00bd72@group-7506D08E39A4: changes role from CANDIDATE to LEADER at term 1 for changeToLeader
2019-10-16 06:58:07,874 [0d57dd7d-c984-49c3-8f07-3b730a00bd72@group-7506D08E39A4-LeaderElection25] INFO  impl.RaftServerImpl (ServerState.java:setLeader(256)) - 0d57dd7d-c984-49c3-8f07-3b730a00bd72@group-7506D08E39A4: change Leader from null to 0d57dd7d-c984-49c3-8f07-3b730a00bd72 at term 1 for becomeLeader, leader elected after 146ms
2019-10-16 06:58:07,874 [0d57dd7d-c984-49c3-8f07-3b730a00bd72@group-7506D08E39A4-LeaderElection25] INFO  server.RaftServerConfigKeys (ConfUtils.java:logGet(43)) - raft.server.staging.catchup.gap = 1000 (default)
2019-10-16 06:58:07,874 [0d57dd7d-c984-49c3-8f07-3b730a00bd72@group-7506D08E39A4-LeaderElection25] INFO  server.RaftServerConfigKeys (ConfUtils.java:logGet(43)) - raft.server.rpc.sleep.time = 25ms (default)
2019-10-16 06:58:07,874 [0d57dd7d-c984-49c3-8f07-3b730a00bd72@group-7506D08E39A4-LeaderElection25] INFO  server.RaftServerConfigKeys (ConfUtils.java:logGet(43)) - raft.server.write.element-limit = 4096 (default)
2019-10-16 06:58:07,875 [0d57dd7d-c984-49c3-8f07-3b730a00bd72@group-7506D08E39A4-LeaderElection25] INFO  server.RaftServerConfigKeys (ConfUtils.java:logGet(43)) - raft.server.watch.timeout = 10s (default)
2019-10-16 06:58:07,875 [0d57dd7d-c984-49c3-8f07-3b730a00bd72@group-7506D08E39A4-LeaderElection25] INFO  server.RaftServerConfigKeys (ConfUtils.java:logGet(43)) - raft.server.watch.timeout.denomination = 1s (default)
2019-10-16 06:58:07,875 [0d57dd7d-c984-49c3-8f07-3b730a00bd72@group-7506D08E39A4-LeaderElection25] INFO  server.RaftServerConfigKeys (ConfUtils.java:logGet(43)) - raft.server.watch.element-limit = 65536 (default)
2019-10-16 06:58:07,877 [0d57dd7d-c984-49c3-8f07-3b730a00bd72@group-7506D08E39A4-LeaderElection25] INFO  impl.RoleInfo (RoleInfo.java:updateAndGet(143)) - 0d57dd7d-c984-49c3-8f07-3b730a00bd72: start LeaderState
2019-10-16 06:58:07,877 [0d57dd7d-c984-49c3-8f07-3b730a00bd72@group-7506D08E39A4-LeaderElection25] INFO  segmented.SegmentedRaftLogWorker (SegmentedRaftLogWorker.java:startLogSegment(385)) - 0d57dd7d-c984-49c3-8f07-3b730a00bd72@group-7506D08E39A4-SegmentedRaftLogWorker: Starting segment from index:0
2019-10-16 06:58:07,877 [pool-247-thread-1] INFO  storage.RaftStorage (RaftStorage.java:format(84)) - Storage directory /workdir/hadoop-ozone/ozonefs/target/test-dir/MiniOzoneClusterImpl-f6b83367-9255-4ea4-9a8f-b3bdc2ce550f/datanode-2/data/ratis/2842a065-23bd-4112-bf30-f59a83a4db60 has been successfully formatted.
2019-10-16 06:58:07,877 [0d57dd7d-c984-49c3-8f07-3b730a00bd72@group-7506D08E39A4-LeaderElection25] INFO  impl.RaftServerImpl (ServerState.java:setRaftConf(357)) - 0d57dd7d-c984-49c3-8f07-3b730a00bd72@group-7506D08E39A4: set configuration 0: [0d57dd7d-c984-49c3-8f07-3b730a00bd72:192.168.69.104:38784], old=null at 0
2019-10-16 06:58:07,878 [pool-247-thread-1] INFO  ratis.ContainerStateMachine (ContainerStateMachine.java:loadSnapshot(231)) - group-F59A83A4DB60: The snapshot info is null. Setting the last applied indexto:(t:0, i:~)
2019-10-16 06:58:07,878 [pool-247-thread-1] INFO  server.RaftServerConfigKeys (ConfUtils.java:logGet(43)) - raft.server.notification.no-leader.timeout = 120s (custom)
2019-10-16 06:58:07,878 [pool-247-thread-1] INFO  server.RaftServerConfigKeys (ConfUtils.java:logGet(43)) - raft.server.log.use.memory = false (default)
2019-10-16 06:58:07,878 [pool-247-thread-1] INFO  server.RaftServerConfigKeys (ConfUtils.java:logGet(43)) - raft.server.log.purge.gap = 1000000 (custom)
2019-10-16 06:58:07,878 [pool-247-thread-1] INFO  server.RaftServerConfigKeys (ConfUtils.java:logGet(43)) - raft.server.log.appender.buffer.byte-limit = 33554432 (custom)
2019-10-16 06:58:07,879 [pool-247-thread-1] INFO  server.RaftServerConfigKeys (ConfUtils.java:logGet(43)) - raft.server.log.segment.size.max = 1048576 (custom)
2019-10-16 06:58:07,880 [pool-247-thread-1] INFO  server.RaftServerConfigKeys (ConfUtils.java:logGet(43)) - raft.server.log.segment.cache.num.max = 2 (custom)
2019-10-16 06:58:07,880 [pool-247-thread-1] INFO  segmented.SegmentedRaftLogWorker (SegmentedRaftLogWorker.java:<init>(173)) - new 63c66ddc-1ed7-4ff3-88f9-e66aa086e06a@group-F59A83A4DB60-SegmentedRaftLogWorker for RaftStorage:Storage Directory /workdir/hadoop-ozone/ozonefs/target/test-dir/MiniOzoneClusterImpl-f6b83367-9255-4ea4-9a8f-b3bdc2ce550f/datanode-2/data/ratis/2842a065-23bd-4112-bf30-f59a83a4db60
2019-10-16 06:58:07,880 [pool-247-thread-1] INFO  server.RaftServerConfigKeys (ConfUtils.java:logGet(43)) - raft.server.log.queue.byte-limit = 2147483647 (custom)
2019-10-16 06:58:07,880 [pool-247-thread-1] INFO  server.RaftServerConfigKeys (ConfUtils.java:logGet(43)) - raft.server.log.queue.element-limit = 1024 (custom)
2019-10-16 06:58:07,880 [pool-247-thread-1] INFO  server.RaftServerConfigKeys (ConfUtils.java:logGet(43)) - raft.server.log.segment.size.max = 1048576 (custom)
2019-10-16 06:58:07,880 [pool-247-thread-1] INFO  server.RaftServerConfigKeys (ConfUtils.java:logGet(43)) - raft.server.log.preallocated.size = 16384 (custom)
2019-10-16 06:58:07,880 [pool-247-thread-1] INFO  server.RaftServerConfigKeys (ConfUtils.java:logGet(43)) - raft.server.log.write.buffer.size = 33554432 (custom)
2019-10-16 06:58:07,881 [pool-247-thread-1] INFO  server.RaftServerConfigKeys (ConfUtils.java:logGet(43)) - raft.server.log.force.sync.num = 128 (default)
2019-10-16 06:58:07,881 [pool-247-thread-1] INFO  server.RaftServerConfigKeys (ConfUtils.java:logGet(43)) - raft.server.log.statemachine.data.sync = true (default)
2019-10-16 06:58:07,881 [pool-247-thread-1] INFO  server.RaftServerConfigKeys (ConfUtils.java:logGet(43)) - raft.server.log.statemachine.data.sync.timeout = 10s (default)
2019-10-16 06:58:07,881 [pool-247-thread-1] INFO  server.RaftServerConfigKeys (ConfUtils.java:logGet(43)) - raft.server.log.statemachine.data.sync.timeout.retry = -1 (default)
2019-10-16 06:58:07,881 [pool-247-thread-1] INFO  server.RaftServerConfigKeys (ConfUtils.java:logGet(43)) - raft.server.log.statemachine.data.caching.enabled = true (custom)
2019-10-16 06:58:07,882 [pool-247-thread-1] INFO  segmented.SegmentedRaftLogWorker (SegmentedRaftLogWorker.java:lambda$new$0(128)) - 63c66ddc-1ed7-4ff3-88f9-e66aa086e06a@group-F59A83A4DB60-SegmentedRaftLogWorker: flushIndex: setUnconditionally 0 -> -1
2019-10-16 06:58:07,882 [pool-247-thread-1] INFO  server.RaftServerConfigKeys (ConfUtils.java:logGet(43)) - raft.server.snapshot.auto.trigger.enabled = true (custom)
2019-10-16 06:58:07,882 [pool-247-thread-1] INFO  server.RaftServerConfigKeys (ConfUtils.java:logGet(43)) - raft.server.snapshot.auto.trigger.threshold = 10000 (custom)
2019-10-16 06:58:07,882 [pool-247-thread-1] INFO  server.RaftServerConfigKeys (ConfUtils.java:logGet(43)) - raft.server.snapshot.retention.file.num = 5 (custom)
2019-10-16 06:58:07,882 [pool-247-thread-1] INFO  server.RaftServerConfigKeys (ConfUtils.java:logGet(43)) - raft.server.retrycache.expirytime = 600000ms (custom)
2019-10-16 06:58:07,885 [pool-247-thread-1] INFO  impl.RaftServerImpl (RaftServerImpl.java:start(195)) - 63c66ddc-1ed7-4ff3-88f9-e66aa086e06a@group-F59A83A4DB60: start as a follower, conf=-1: [63c66ddc-1ed7-4ff3-88f9-e66aa086e06a:192.168.69.104:45386], old=null
2019-10-16 06:58:07,885 [pool-247-thread-1] INFO  impl.RaftServerImpl (RaftServerImpl.java:setRole(184)) - 63c66ddc-1ed7-4ff3-88f9-e66aa086e06a@group-F59A83A4DB60: changes role from      null to FOLLOWER at term 0 for startAsFollower
2019-10-16 06:58:07,885 [pool-247-thread-1] INFO  impl.RoleInfo (RoleInfo.java:updateAndGet(143)) - 63c66ddc-1ed7-4ff3-88f9-e66aa086e06a: start FollowerState
2019-10-16 06:58:07,885 [pool-247-thread-1] INFO  util.JmxRegister (JmxRegister.java:tryRegister(44)) - Successfully registered JMX Bean with object name Ratis:service=RaftServer,group=group-F59A83A4DB60,id=63c66ddc-1ed7-4ff3-88f9-e66aa086e06a
2019-10-16 06:58:07,890 [RatisPipelineUtilsThread] INFO  pipeline.PipelineStateManager (PipelineStateManager.java:addPipeline(56)) - Created pipeline Pipeline[ Id: 2842a065-23bd-4112-bf30-f59a83a4db60, Nodes: 63c66ddc-1ed7-4ff3-88f9-e66aa086e06a{ip: 192.168.69.104, host: pr-hdds-2312-q6qzp-1535798719, networkLocation: /default-rack, certSerialId: null}, Type:RATIS, Factor:ONE, State:OPEN]
2019-10-16 06:58:07,915 [grpc-default-executor-0] INFO  impl.RaftServerProxy (RaftServerProxy.java:addNew(89)) - 0d57dd7d-c984-49c3-8f07-3b730a00bd72: addNew group-D7357BEB07B7:[9a7b04b9-ecb0-402e-9b1a-70c07d66a0c5:192.168.69.104:38170, 63c66ddc-1ed7-4ff3-88f9-e66aa086e06a:192.168.69.104:45386, 0d57dd7d-c984-49c3-8f07-3b730a00bd72:192.168.69.104:38784] returns group-D7357BEB07B7:java.util.concurrent.CompletableFuture@37d32d85[Not completed]
2019-10-16 06:58:07,915 [grpc-default-executor-2] INFO  impl.RaftServerProxy (RaftServerProxy.java:addNew(89)) - 63c66ddc-1ed7-4ff3-88f9-e66aa086e06a: addNew group-D7357BEB07B7:[9a7b04b9-ecb0-402e-9b1a-70c07d66a0c5:192.168.69.104:38170, 63c66ddc-1ed7-4ff3-88f9-e66aa086e06a:192.168.69.104:45386, 0d57dd7d-c984-49c3-8f07-3b730a00bd72:192.168.69.104:38784] returns group-D7357BEB07B7:java.util.concurrent.CompletableFuture@4d23c3f3[Not completed]
2019-10-16 06:58:07,915 [grpc-default-executor-1] INFO  impl.RaftServerProxy (RaftServerProxy.java:addNew(89)) - 9a7b04b9-ecb0-402e-9b1a-70c07d66a0c5: addNew group-D7357BEB07B7:[9a7b04b9-ecb0-402e-9b1a-70c07d66a0c5:192.168.69.104:38170, 63c66ddc-1ed7-4ff3-88f9-e66aa086e06a:192.168.69.104:45386, 0d57dd7d-c984-49c3-8f07-3b730a00bd72:192.168.69.104:38784] returns group-D7357BEB07B7:java.util.concurrent.CompletableFuture@24d571d9[Not completed]
2019-10-16 06:58:07,917 [pool-237-thread-1] INFO  impl.RaftServerImpl (RaftServerImpl.java:<init>(104)) - 9a7b04b9-ecb0-402e-9b1a-70c07d66a0c5: new RaftServerImpl for group-D7357BEB07B7:[9a7b04b9-ecb0-402e-9b1a-70c07d66a0c5:192.168.69.104:38170, 63c66ddc-1ed7-4ff3-88f9-e66aa086e06a:192.168.69.104:45386, 0d57dd7d-c984-49c3-8f07-3b730a00bd72:192.168.69.104:38784] with ContainerStateMachine:uninitialized
2019-10-16 06:58:07,917 [pool-237-thread-1] INFO  server.RaftServerConfigKeys (ConfUtils.java:logGet(43)) - raft.server.rpc.timeout.min = 5s (custom)
2019-10-16 06:58:07,917 [pool-237-thread-1] INFO  server.RaftServerConfigKeys (ConfUtils.java:logGet(43)) - raft.server.rpc.timeout.max = 5200ms (custom)
2019-10-16 06:58:07,917 [pool-237-thread-1] INFO  server.RaftServerConfigKeys (ConfUtils.java:logGet(43)) - raft.server.rpcslowness.timeout = 120s (custom)
2019-10-16 06:58:07,917 [pool-237-thread-1] INFO  server.RaftServerConfigKeys (ConfUtils.java:logGet(43)) - raft.server.sleep.deviation.threshold = 300 (default)
2019-10-16 06:58:07,917 [pool-237-thread-1] INFO  server.RaftServerConfigKeys (ConfUtils.java:logGet(43)) - raft.server.log.appender.install.snapshot.enabled = false (custom)
2019-10-16 06:58:07,917 [pool-227-thread-1] INFO  impl.RaftServerImpl (RaftServerImpl.java:<init>(104)) - 0d57dd7d-c984-49c3-8f07-3b730a00bd72: new RaftServerImpl for group-D7357BEB07B7:[9a7b04b9-ecb0-402e-9b1a-70c07d66a0c5:192.168.69.104:38170, 63c66ddc-1ed7-4ff3-88f9-e66aa086e06a:192.168.69.104:45386, 0d57dd7d-c984-49c3-8f07-3b730a00bd72:192.168.69.104:38784] with ContainerStateMachine:uninitialized
2019-10-16 06:58:07,917 [pool-237-thread-1] INFO  impl.RaftServerImpl (ServerState.java:<init>(103)) - 9a7b04b9-ecb0-402e-9b1a-70c07d66a0c5@group-D7357BEB07B7: ConfigurationManager, init=-1: [9a7b04b9-ecb0-402e-9b1a-70c07d66a0c5:192.168.69.104:38170, 63c66ddc-1ed7-4ff3-88f9-e66aa086e06a:192.168.69.104:45386, 0d57dd7d-c984-49c3-8f07-3b730a00bd72:192.168.69.104:38784], old=null, confs=<EMPTY_MAP>
2019-10-16 06:58:07,918 [pool-227-thread-1] INFO  server.RaftServerConfigKeys (ConfUtils.java:logGet(43)) - raft.server.rpc.timeout.min = 5s (custom)
2019-10-16 06:58:07,918 [pool-237-thread-1] INFO  server.RaftServerConfigKeys (ConfUtils.java:logGet(43)) - raft.server.storage.dir = [/workdir/hadoop-ozone/ozonefs/target/test-dir/MiniOzoneClusterImpl-f6b83367-9255-4ea4-9a8f-b3bdc2ce550f/datanode-1/data/ratis] (custom)
2019-10-16 06:58:07,918 [pool-227-thread-1] INFO  server.RaftServerConfigKeys (ConfUtils.java:logGet(43)) - raft.server.rpc.timeout.max = 5200ms (custom)
2019-10-16 06:58:07,918 [pool-247-thread-1] INFO  impl.RaftServerImpl (RaftServerImpl.java:<init>(104)) - 63c66ddc-1ed7-4ff3-88f9-e66aa086e06a: new RaftServerImpl for group-D7357BEB07B7:[9a7b04b9-ecb0-402e-9b1a-70c07d66a0c5:192.168.69.104:38170, 63c66ddc-1ed7-4ff3-88f9-e66aa086e06a:192.168.69.104:45386, 0d57dd7d-c984-49c3-8f07-3b730a00bd72:192.168.69.104:38784] with ContainerStateMachine:uninitialized
2019-10-16 06:58:07,918 [pool-237-thread-1] INFO  server.RaftServerConfigKeys (ConfUtils.java:logGet(43)) - raft.server.log.corruption.policy = EXCEPTION (default)
2019-10-16 06:58:07,918 [pool-227-thread-1] INFO  server.RaftServerConfigKeys (ConfUtils.java:logGet(43)) - raft.server.rpcslowness.timeout = 120s (custom)
2019-10-16 06:58:07,918 [pool-237-thread-1] INFO  storage.RaftStorageDirectory (RaftStorageDirectory.java:analyzeStorage(246)) - The storage directory /workdir/hadoop-ozone/ozonefs/target/test-dir/MiniOzoneClusterImpl-f6b83367-9255-4ea4-9a8f-b3bdc2ce550f/datanode-1/data/ratis/fb25b2d6-4750-4ed6-b961-d7357beb07b7 does not exist. Creating ...
2019-10-16 06:58:07,918 [pool-247-thread-1] INFO  server.RaftServerConfigKeys (ConfUtils.java:logGet(43)) - raft.server.rpc.timeout.min = 5s (custom)
2019-10-16 06:58:07,918 [pool-227-thread-1] INFO  server.RaftServerConfigKeys (ConfUtils.java:logGet(43)) - raft.server.sleep.deviation.threshold = 300 (default)
2019-10-16 06:58:07,918 [pool-247-thread-1] INFO  server.RaftServerConfigKeys (ConfUtils.java:logGet(43)) - raft.server.rpc.timeout.max = 5200ms (custom)
2019-10-16 06:58:07,918 [pool-227-thread-1] INFO  server.RaftServerConfigKeys (ConfUtils.java:logGet(43)) - raft.server.log.appender.install.snapshot.enabled = false (custom)
2019-10-16 06:58:07,918 [pool-247-thread-1] INFO  server.RaftServerConfigKeys (ConfUtils.java:logGet(43)) - raft.server.rpcslowness.timeout = 120s (custom)
2019-10-16 06:58:07,919 [pool-227-thread-1] INFO  impl.RaftServerImpl (ServerState.java:<init>(103)) - 0d57dd7d-c984-49c3-8f07-3b730a00bd72@group-D7357BEB07B7: ConfigurationManager, init=-1: [9a7b04b9-ecb0-402e-9b1a-70c07d66a0c5:192.168.69.104:38170, 63c66ddc-1ed7-4ff3-88f9-e66aa086e06a:192.168.69.104:45386, 0d57dd7d-c984-49c3-8f07-3b730a00bd72:192.168.69.104:38784], old=null, confs=<EMPTY_MAP>
2019-10-16 06:58:07,919 [pool-247-thread-1] INFO  server.RaftServerConfigKeys (ConfUtils.java:logGet(43)) - raft.server.sleep.deviation.threshold = 300 (default)
2019-10-16 06:58:07,919 [pool-227-thread-1] INFO  server.RaftServerConfigKeys (ConfUtils.java:logGet(43)) - raft.server.storage.dir = [/workdir/hadoop-ozone/ozonefs/target/test-dir/MiniOzoneClusterImpl-f6b83367-9255-4ea4-9a8f-b3bdc2ce550f/datanode-0/data/ratis] (custom)
2019-10-16 06:58:07,919 [pool-247-thread-1] INFO  server.RaftServerConfigKeys (ConfUtils.java:logGet(43)) - raft.server.log.appender.install.snapshot.enabled = false (custom)
2019-10-16 06:58:07,919 [pool-247-thread-1] INFO  impl.RaftServerImpl (ServerState.java:<init>(103)) - 63c66ddc-1ed7-4ff3-88f9-e66aa086e06a@group-D7357BEB07B7: ConfigurationManager, init=-1: [9a7b04b9-ecb0-402e-9b1a-70c07d66a0c5:192.168.69.104:38170, 63c66ddc-1ed7-4ff3-88f9-e66aa086e06a:192.168.69.104:45386, 0d57dd7d-c984-49c3-8f07-3b730a00bd72:192.168.69.104:38784], old=null, confs=<EMPTY_MAP>
2019-10-16 06:58:07,919 [pool-247-thread-1] INFO  server.RaftServerConfigKeys (ConfUtils.java:logGet(43)) - raft.server.storage.dir = [/workdir/hadoop-ozone/ozonefs/target/test-dir/MiniOzoneClusterImpl-f6b83367-9255-4ea4-9a8f-b3bdc2ce550f/datanode-2/data/ratis] (custom)
2019-10-16 06:58:07,919 [0d57dd7d-c984-49c3-8f07-3b730a00bd72@group-7506D08E39A4-SegmentedRaftLogWorker] INFO  segmented.SegmentedRaftLogWorker (SegmentedRaftLogWorker.java:execute(576)) - 0d57dd7d-c984-49c3-8f07-3b730a00bd72@group-7506D08E39A4-SegmentedRaftLogWorker: created new log segment /workdir/hadoop-ozone/ozonefs/target/test-dir/MiniOzoneClusterImpl-f6b83367-9255-4ea4-9a8f-b3bdc2ce550f/datanode-0/data/ratis/6e20bd60-ee46-433e-82c1-7506d08e39a4/current/log_inprogress_0
2019-10-16 06:58:07,919 [pool-227-thread-1] INFO  server.RaftServerConfigKeys (ConfUtils.java:logGet(43)) - raft.server.log.corruption.policy = EXCEPTION (default)
2019-10-16 06:58:07,919 [pool-247-thread-1] INFO  server.RaftServerConfigKeys (ConfUtils.java:logGet(43)) - raft.server.log.corruption.policy = EXCEPTION (default)
2019-10-16 06:58:07,920 [pool-227-thread-1] INFO  storage.RaftStorageDirectory (RaftStorageDirectory.java:analyzeStorage(246)) - The storage directory /workdir/hadoop-ozone/ozonefs/target/test-dir/MiniOzoneClusterImpl-f6b83367-9255-4ea4-9a8f-b3bdc2ce550f/datanode-0/data/ratis/fb25b2d6-4750-4ed6-b961-d7357beb07b7 does not exist. Creating ...
2019-10-16 06:58:07,920 [pool-247-thread-1] INFO  storage.RaftStorageDirectory (RaftStorageDirectory.java:analyzeStorage(246)) - The storage directory /workdir/hadoop-ozone/ozonefs/target/test-dir/MiniOzoneClusterImpl-f6b83367-9255-4ea4-9a8f-b3bdc2ce550f/datanode-2/data/ratis/fb25b2d6-4750-4ed6-b961-d7357beb07b7 does not exist. Creating ...
2019-10-16 06:58:07,923 [pool-237-thread-1] INFO  storage.RaftStorageDirectory (RaftStorageDirectory.java:tryLock(328)) - Lock on /workdir/hadoop-ozone/ozonefs/target/test-dir/MiniOzoneClusterImpl-f6b83367-9255-4ea4-9a8f-b3bdc2ce550f/datanode-1/data/ratis/fb25b2d6-4750-4ed6-b961-d7357beb07b7/in_use.lock acquired by nodename 15382@pr-hdds-2312-q6qzp-1535798719
2019-10-16 06:58:07,926 [pool-227-thread-1] INFO  storage.RaftStorageDirectory (RaftStorageDirectory.java:tryLock(328)) - Lock on /workdir/hadoop-ozone/ozonefs/target/test-dir/MiniOzoneClusterImpl-f6b83367-9255-4ea4-9a8f-b3bdc2ce550f/datanode-0/data/ratis/fb25b2d6-4750-4ed6-b961-d7357beb07b7/in_use.lock acquired by nodename 15382@pr-hdds-2312-q6qzp-1535798719
2019-10-16 06:58:07,926 [pool-247-thread-1] INFO  storage.RaftStorageDirectory (RaftStorageDirectory.java:tryLock(328)) - Lock on /workdir/hadoop-ozone/ozonefs/target/test-dir/MiniOzoneClusterImpl-f6b83367-9255-4ea4-9a8f-b3bdc2ce550f/datanode-2/data/ratis/fb25b2d6-4750-4ed6-b961-d7357beb07b7/in_use.lock acquired by nodename 15382@pr-hdds-2312-q6qzp-1535798719
2019-10-16 06:58:07,978 [Thread-1113] INFO  impl.FollowerState (FollowerState.java:run(108)) - 63c66ddc-1ed7-4ff3-88f9-e66aa086e06a@group-F59A83A4DB60-FollowerState: change to CANDIDATE, lastRpcTime:92ms, electionTimeout:92ms
2019-10-16 06:58:07,978 [Thread-1113] INFO  impl.RoleInfo (RoleInfo.java:shutdownFollowerState(121)) - 63c66ddc-1ed7-4ff3-88f9-e66aa086e06a: shutdown FollowerState
2019-10-16 06:58:07,978 [Thread-1113] INFO  impl.RaftServerImpl (RaftServerImpl.java:setRole(184)) - 63c66ddc-1ed7-4ff3-88f9-e66aa086e06a@group-F59A83A4DB60: changes role from  FOLLOWER to CANDIDATE at term 0 for changeToCandidate
2019-10-16 06:58:07,978 [Thread-1113] INFO  impl.RoleInfo (RoleInfo.java:updateAndGet(143)) - 63c66ddc-1ed7-4ff3-88f9-e66aa086e06a: start LeaderElection
2019-10-16 06:58:08,012 [pool-237-thread-1] INFO  storage.RaftStorage (RaftStorage.java:format(84)) - Storage directory /workdir/hadoop-ozone/ozonefs/target/test-dir/MiniOzoneClusterImpl-f6b83367-9255-4ea4-9a8f-b3bdc2ce550f/datanode-1/data/ratis/fb25b2d6-4750-4ed6-b961-d7357beb07b7 has been successfully formatted.
2019-10-16 06:58:08,012 [pool-237-thread-1] INFO  ratis.ContainerStateMachine (ContainerStateMachine.java:loadSnapshot(231)) - group-D7357BEB07B7: The snapshot info is null. Setting the last applied indexto:(t:0, i:~)
2019-10-16 06:58:08,012 [pool-237-thread-1] INFO  server.RaftServerConfigKeys (ConfUtils.java:logGet(43)) - raft.server.notification.no-leader.timeout = 120s (custom)
2019-10-16 06:58:08,012 [pool-237-thread-1] INFO  server.RaftServerConfigKeys (ConfUtils.java:logGet(43)) - raft.server.log.use.memory = false (default)
2019-10-16 06:58:08,012 [pool-237-thread-1] INFO  server.RaftServerConfigKeys (ConfUtils.java:logGet(43)) - raft.server.log.purge.gap = 1000000 (custom)
2019-10-16 06:58:08,012 [pool-237-thread-1] INFO  server.RaftServerConfigKeys (ConfUtils.java:logGet(43)) - raft.server.log.appender.buffer.byte-limit = 33554432 (custom)
2019-10-16 06:58:08,013 [pool-237-thread-1] INFO  server.RaftServerConfigKeys (ConfUtils.java:logGet(43)) - raft.server.log.segment.size.max = 1048576 (custom)
2019-10-16 06:58:08,013 [pool-237-thread-1] INFO  server.RaftServerConfigKeys (ConfUtils.java:logGet(43)) - raft.server.log.segment.cache.num.max = 2 (custom)
2019-10-16 06:58:08,013 [pool-237-thread-1] INFO  segmented.SegmentedRaftLogWorker (SegmentedRaftLogWorker.java:<init>(173)) - new 9a7b04b9-ecb0-402e-9b1a-70c07d66a0c5@group-D7357BEB07B7-SegmentedRaftLogWorker for RaftStorage:Storage Directory /workdir/hadoop-ozone/ozonefs/target/test-dir/MiniOzoneClusterImpl-f6b83367-9255-4ea4-9a8f-b3bdc2ce550f/datanode-1/data/ratis/fb25b2d6-4750-4ed6-b961-d7357beb07b7
2019-10-16 06:58:08,013 [pool-237-thread-1] INFO  server.RaftServerConfigKeys (ConfUtils.java:logGet(43)) - raft.server.log.queue.byte-limit = 2147483647 (custom)
2019-10-16 06:58:08,013 [pool-237-thread-1] INFO  server.RaftServerConfigKeys (ConfUtils.java:logGet(43)) - raft.server.log.queue.element-limit = 1024 (custom)
2019-10-16 06:58:08,013 [pool-237-thread-1] INFO  server.RaftServerConfigKeys (ConfUtils.java:logGet(43)) - raft.server.log.segment.size.max = 1048576 (custom)
2019-10-16 06:58:08,013 [pool-237-thread-1] INFO  server.RaftServerConfigKeys (ConfUtils.java:logGet(43)) - raft.server.log.preallocated.size = 16384 (custom)
2019-10-16 06:58:08,013 [pool-237-thread-1] INFO  server.RaftServerConfigKeys (ConfUtils.java:logGet(43)) - raft.server.log.write.buffer.size = 33554432 (custom)
2019-10-16 06:58:08,013 [pool-237-thread-1] INFO  server.RaftServerConfigKeys (ConfUtils.java:logGet(43)) - raft.server.log.force.sync.num = 128 (default)
2019-10-16 06:58:08,013 [pool-237-thread-1] INFO  server.RaftServerConfigKeys (ConfUtils.java:logGet(43)) - raft.server.log.statemachine.data.sync = true (default)
2019-10-16 06:58:08,013 [pool-237-thread-1] INFO  server.RaftServerConfigKeys (ConfUtils.java:logGet(43)) - raft.server.log.statemachine.data.sync.timeout = 10s (default)
2019-10-16 06:58:08,013 [pool-237-thread-1] INFO  server.RaftServerConfigKeys (ConfUtils.java:logGet(43)) - raft.server.log.statemachine.data.sync.timeout.retry = -1 (default)
2019-10-16 06:58:08,014 [pool-237-thread-1] INFO  server.RaftServerConfigKeys (ConfUtils.java:logGet(43)) - raft.server.log.statemachine.data.caching.enabled = true (custom)
2019-10-16 06:58:08,014 [pool-237-thread-1] INFO  segmented.SegmentedRaftLogWorker (SegmentedRaftLogWorker.java:lambda$new$0(128)) - 9a7b04b9-ecb0-402e-9b1a-70c07d66a0c5@group-D7357BEB07B7-SegmentedRaftLogWorker: flushIndex: setUnconditionally 0 -> -1
2019-10-16 06:58:08,014 [pool-237-thread-1] INFO  server.RaftServerConfigKeys (ConfUtils.java:logGet(43)) - raft.server.snapshot.auto.trigger.enabled = true (custom)
2019-10-16 06:58:08,014 [pool-237-thread-1] INFO  server.RaftServerConfigKeys (ConfUtils.java:logGet(43)) - raft.server.snapshot.auto.trigger.threshold = 10000 (custom)
2019-10-16 06:58:08,014 [pool-237-thread-1] INFO  server.RaftServerConfigKeys (ConfUtils.java:logGet(43)) - raft.server.snapshot.retention.file.num = 5 (custom)
2019-10-16 06:58:08,014 [pool-237-thread-1] INFO  server.RaftServerConfigKeys (ConfUtils.java:logGet(43)) - raft.server.retrycache.expirytime = 600000ms (custom)
2019-10-16 06:58:08,016 [pool-237-thread-1] INFO  impl.RaftServerImpl (RaftServerImpl.java:start(195)) - 9a7b04b9-ecb0-402e-9b1a-70c07d66a0c5@group-D7357BEB07B7: start as a follower, conf=-1: [9a7b04b9-ecb0-402e-9b1a-70c07d66a0c5:192.168.69.104:38170, 63c66ddc-1ed7-4ff3-88f9-e66aa086e06a:192.168.69.104:45386, 0d57dd7d-c984-49c3-8f07-3b730a00bd72:192.168.69.104:38784], old=null
2019-10-16 06:58:08,016 [pool-237-thread-1] INFO  impl.RaftServerImpl (RaftServerImpl.java:setRole(184)) - 9a7b04b9-ecb0-402e-9b1a-70c07d66a0c5@group-D7357BEB07B7: changes role from      null to FOLLOWER at term 0 for startAsFollower
2019-10-16 06:58:08,016 [pool-237-thread-1] INFO  impl.RoleInfo (RoleInfo.java:updateAndGet(143)) - 9a7b04b9-ecb0-402e-9b1a-70c07d66a0c5: start FollowerState
2019-10-16 06:58:08,016 [pool-237-thread-1] INFO  util.JmxRegister (JmxRegister.java:tryRegister(44)) - Successfully registered JMX Bean with object name Ratis:service=RaftServer,group=group-D7357BEB07B7,id=9a7b04b9-ecb0-402e-9b1a-70c07d66a0c5
2019-10-16 06:58:08,027 [Thread-1117] INFO  impl.FollowerState (FollowerState.java:run(108)) - 9a7b04b9-ecb0-402e-9b1a-70c07d66a0c5@group-D7357BEB07B7-FollowerState: change to CANDIDATE, lastRpcTime:11ms, electionTimeout:11ms
2019-10-16 06:58:08,027 [Thread-1117] INFO  impl.RoleInfo (RoleInfo.java:shutdownFollowerState(121)) - 9a7b04b9-ecb0-402e-9b1a-70c07d66a0c5: shutdown FollowerState
2019-10-16 06:58:08,027 [Thread-1117] INFO  impl.RaftServerImpl (RaftServerImpl.java:setRole(184)) - 9a7b04b9-ecb0-402e-9b1a-70c07d66a0c5@group-D7357BEB07B7: changes role from  FOLLOWER to CANDIDATE at term 0 for changeToCandidate
2019-10-16 06:58:08,028 [Thread-1117] INFO  impl.RoleInfo (RoleInfo.java:updateAndGet(143)) - 9a7b04b9-ecb0-402e-9b1a-70c07d66a0c5: start LeaderElection
2019-10-16 06:58:08,502 [pool-227-thread-1] INFO  storage.RaftStorage (RaftStorage.java:format(84)) - Storage directory /workdir/hadoop-ozone/ozonefs/target/test-dir/MiniOzoneClusterImpl-f6b83367-9255-4ea4-9a8f-b3bdc2ce550f/datanode-0/data/ratis/fb25b2d6-4750-4ed6-b961-d7357beb07b7 has been successfully formatted.
2019-10-16 06:58:08,502 [pool-247-thread-1] INFO  storage.RaftStorage (RaftStorage.java:format(84)) - Storage directory /workdir/hadoop-ozone/ozonefs/target/test-dir/MiniOzoneClusterImpl-f6b83367-9255-4ea4-9a8f-b3bdc2ce550f/datanode-2/data/ratis/fb25b2d6-4750-4ed6-b961-d7357beb07b7 has been successfully formatted.
2019-10-16 06:58:08,503 [pool-227-thread-1] INFO  ratis.ContainerStateMachine (ContainerStateMachine.java:loadSnapshot(231)) - group-D7357BEB07B7: The snapshot info is null. Setting the last applied indexto:(t:0, i:~)
2019-10-16 06:58:08,503 [pool-247-thread-1] INFO  ratis.ContainerStateMachine (ContainerStateMachine.java:loadSnapshot(231)) - group-D7357BEB07B7: The snapshot info is null. Setting the last applied indexto:(t:0, i:~)
2019-10-16 06:58:08,503 [pool-227-thread-1] INFO  server.RaftServerConfigKeys (ConfUtils.java:logGet(43)) - raft.server.notification.no-leader.timeout = 120s (custom)
2019-10-16 06:58:08,503 [pool-247-thread-1] INFO  server.RaftServerConfigKeys (ConfUtils.java:logGet(43)) - raft.server.notification.no-leader.timeout = 120s (custom)
2019-10-16 06:58:08,503 [pool-227-thread-1] INFO  server.RaftServerConfigKeys (ConfUtils.java:logGet(43)) - raft.server.log.use.memory = false (default)
2019-10-16 06:58:08,503 [pool-247-thread-1] INFO  server.RaftServerConfigKeys (ConfUtils.java:logGet(43)) - raft.server.log.use.memory = false (default)
2019-10-16 06:58:08,503 [pool-227-thread-1] INFO  server.RaftServerConfigKeys (ConfUtils.java:logGet(43)) - raft.server.log.purge.gap = 1000000 (custom)
2019-10-16 06:58:08,504 [pool-247-thread-1] INFO  server.RaftServerConfigKeys (ConfUtils.java:logGet(43)) - raft.server.log.purge.gap = 1000000 (custom)
2019-10-16 06:58:08,504 [pool-227-thread-1] INFO  server.RaftServerConfigKeys (ConfUtils.java:logGet(43)) - raft.server.log.appender.buffer.byte-limit = 33554432 (custom)
2019-10-16 06:58:08,504 [pool-247-thread-1] INFO  server.RaftServerConfigKeys (ConfUtils.java:logGet(43)) - raft.server.log.appender.buffer.byte-limit = 33554432 (custom)
2019-10-16 06:58:08,504 [pool-227-thread-1] INFO  server.RaftServerConfigKeys (ConfUtils.java:logGet(43)) - raft.server.log.segment.size.max = 1048576 (custom)
2019-10-16 06:58:08,504 [pool-247-thread-1] INFO  server.RaftServerConfigKeys (ConfUtils.java:logGet(43)) - raft.server.log.segment.size.max = 1048576 (custom)
2019-10-16 06:58:08,504 [pool-227-thread-1] INFO  server.RaftServerConfigKeys (ConfUtils.java:logGet(43)) - raft.server.log.segment.cache.num.max = 2 (custom)
2019-10-16 06:58:08,504 [pool-247-thread-1] INFO  server.RaftServerConfigKeys (ConfUtils.java:logGet(43)) - raft.server.log.segment.cache.num.max = 2 (custom)
2019-10-16 06:58:08,504 [pool-227-thread-1] INFO  segmented.SegmentedRaftLogWorker (SegmentedRaftLogWorker.java:<init>(173)) - new 0d57dd7d-c984-49c3-8f07-3b730a00bd72@group-D7357BEB07B7-SegmentedRaftLogWorker for RaftStorage:Storage Directory /workdir/hadoop-ozone/ozonefs/target/test-dir/MiniOzoneClusterImpl-f6b83367-9255-4ea4-9a8f-b3bdc2ce550f/datanode-0/data/ratis/fb25b2d6-4750-4ed6-b961-d7357beb07b7
2019-10-16 06:58:08,505 [pool-247-thread-1] INFO  segmented.SegmentedRaftLogWorker (SegmentedRaftLogWorker.java:<init>(173)) - new 63c66ddc-1ed7-4ff3-88f9-e66aa086e06a@group-D7357BEB07B7-SegmentedRaftLogWorker for RaftStorage:Storage Directory /workdir/hadoop-ozone/ozonefs/target/test-dir/MiniOzoneClusterImpl-f6b83367-9255-4ea4-9a8f-b3bdc2ce550f/datanode-2/data/ratis/fb25b2d6-4750-4ed6-b961-d7357beb07b7
2019-10-16 06:58:08,505 [pool-227-thread-1] INFO  server.RaftServerConfigKeys (ConfUtils.java:logGet(43)) - raft.server.log.queue.byte-limit = 2147483647 (custom)
2019-10-16 06:58:08,505 [pool-247-thread-1] INFO  server.RaftServerConfigKeys (ConfUtils.java:logGet(43)) - raft.server.log.queue.byte-limit = 2147483647 (custom)
2019-10-16 06:58:08,505 [pool-227-thread-1] INFO  server.RaftServerConfigKeys (ConfUtils.java:logGet(43)) - raft.server.log.queue.element-limit = 1024 (custom)
2019-10-16 06:58:08,505 [pool-247-thread-1] INFO  server.RaftServerConfigKeys (ConfUtils.java:logGet(43)) - raft.server.log.queue.element-limit = 1024 (custom)
2019-10-16 06:58:08,505 [pool-227-thread-1] INFO  server.RaftServerConfigKeys (ConfUtils.java:logGet(43)) - raft.server.log.segment.size.max = 1048576 (custom)
2019-10-16 06:58:08,506 [pool-247-thread-1] INFO  server.RaftServerConfigKeys (ConfUtils.java:logGet(43)) - raft.server.log.segment.size.max = 1048576 (custom)
2019-10-16 06:58:08,506 [pool-227-thread-1] INFO  server.RaftServerConfigKeys (ConfUtils.java:logGet(43)) - raft.server.log.preallocated.size = 16384 (custom)
2019-10-16 06:58:08,506 [pool-247-thread-1] INFO  server.RaftServerConfigKeys (ConfUtils.java:logGet(43)) - raft.server.log.preallocated.size = 16384 (custom)
2019-10-16 06:58:08,506 [pool-227-thread-1] INFO  server.RaftServerConfigKeys (ConfUtils.java:logGet(43)) - raft.server.log.write.buffer.size = 33554432 (custom)
2019-10-16 06:58:08,506 [pool-247-thread-1] INFO  server.RaftServerConfigKeys (ConfUtils.java:logGet(43)) - raft.server.log.write.buffer.size = 33554432 (custom)
2019-10-16 06:58:08,506 [pool-227-thread-1] INFO  server.RaftServerConfigKeys (ConfUtils.java:logGet(43)) - raft.server.log.force.sync.num = 128 (default)
2019-10-16 06:58:08,506 [pool-247-thread-1] INFO  server.RaftServerConfigKeys (ConfUtils.java:logGet(43)) - raft.server.log.force.sync.num = 128 (default)
2019-10-16 06:58:08,506 [pool-227-thread-1] INFO  server.RaftServerConfigKeys (ConfUtils.java:logGet(43)) - raft.server.log.statemachine.data.sync = true (default)
2019-10-16 06:58:08,507 [pool-247-thread-1] INFO  server.RaftServerConfigKeys (ConfUtils.java:logGet(43)) - raft.server.log.statemachine.data.sync = true (default)
2019-10-16 06:58:08,507 [pool-227-thread-1] INFO  server.RaftServerConfigKeys (ConfUtils.java:logGet(43)) - raft.server.log.statemachine.data.sync.timeout = 10s (default)
2019-10-16 06:58:08,507 [pool-247-thread-1] INFO  server.RaftServerConfigKeys (ConfUtils.java:logGet(43)) - raft.server.log.statemachine.data.sync.timeout = 10s (default)
2019-10-16 06:58:08,507 [pool-227-thread-1] INFO  server.RaftServerConfigKeys (ConfUtils.java:logGet(43)) - raft.server.log.statemachine.data.sync.timeout.retry = -1 (default)
2019-10-16 06:58:08,507 [pool-247-thread-1] INFO  server.RaftServerConfigKeys (ConfUtils.java:logGet(43)) - raft.server.log.statemachine.data.sync.timeout.retry = -1 (default)
2019-10-16 06:58:08,507 [pool-227-thread-1] INFO  server.RaftServerConfigKeys (ConfUtils.java:logGet(43)) - raft.server.log.statemachine.data.caching.enabled = true (custom)
2019-10-16 06:58:08,507 [pool-247-thread-1] INFO  server.RaftServerConfigKeys (ConfUtils.java:logGet(43)) - raft.server.log.statemachine.data.caching.enabled = true (custom)
2019-10-16 06:58:08,516 [63c66ddc-1ed7-4ff3-88f9-e66aa086e06a@group-F59A83A4DB60-LeaderElection26] INFO  impl.LeaderElection (LeaderElection.java:askForVotes(178)) - 63c66ddc-1ed7-4ff3-88f9-e66aa086e06a@group-F59A83A4DB60-LeaderElection26: begin an election at term 1 for -1: [63c66ddc-1ed7-4ff3-88f9-e66aa086e06a:192.168.69.104:45386], old=null
2019-10-16 06:58:08,516 [pool-247-thread-1] INFO  segmented.SegmentedRaftLogWorker (SegmentedRaftLogWorker.java:lambda$new$0(128)) - 63c66ddc-1ed7-4ff3-88f9-e66aa086e06a@group-D7357BEB07B7-SegmentedRaftLogWorker: flushIndex: setUnconditionally 0 -> -1
2019-10-16 06:58:08,516 [9a7b04b9-ecb0-402e-9b1a-70c07d66a0c5@group-D7357BEB07B7-LeaderElection27] INFO  impl.LeaderElection (LeaderElection.java:askForVotes(178)) - 9a7b04b9-ecb0-402e-9b1a-70c07d66a0c5@group-D7357BEB07B7-LeaderElection27: begin an election at term 1 for -1: [9a7b04b9-ecb0-402e-9b1a-70c07d66a0c5:192.168.69.104:38170, 63c66ddc-1ed7-4ff3-88f9-e66aa086e06a:192.168.69.104:45386, 0d57dd7d-c984-49c3-8f07-3b730a00bd72:192.168.69.104:38784], old=null
2019-10-16 06:58:08,516 [63c66ddc-1ed7-4ff3-88f9-e66aa086e06a@group-F59A83A4DB60-LeaderElection26] INFO  impl.RoleInfo (RoleInfo.java:shutdownLeaderElection(134)) - 63c66ddc-1ed7-4ff3-88f9-e66aa086e06a: shutdown LeaderElection
2019-10-16 06:58:08,517 [pool-247-thread-1] INFO  server.RaftServerConfigKeys (ConfUtils.java:logGet(43)) - raft.server.snapshot.auto.trigger.enabled = true (custom)
2019-10-16 06:58:08,517 [63c66ddc-1ed7-4ff3-88f9-e66aa086e06a@group-F59A83A4DB60-LeaderElection26] INFO  impl.RaftServerImpl (RaftServerImpl.java:setRole(184)) - 63c66ddc-1ed7-4ff3-88f9-e66aa086e06a@group-F59A83A4DB60: changes role from CANDIDATE to LEADER at term 1 for changeToLeader
2019-10-16 06:58:08,517 [pool-247-thread-1] INFO  server.RaftServerConfigKeys (ConfUtils.java:logGet(43)) - raft.server.snapshot.auto.trigger.threshold = 10000 (custom)
2019-10-16 06:58:08,517 [pool-227-thread-1] INFO  segmented.SegmentedRaftLogWorker (SegmentedRaftLogWorker.java:lambda$new$0(128)) - 0d57dd7d-c984-49c3-8f07-3b730a00bd72@group-D7357BEB07B7-SegmentedRaftLogWorker: flushIndex: setUnconditionally 0 -> -1
2019-10-16 06:58:08,517 [63c66ddc-1ed7-4ff3-88f9-e66aa086e06a@group-F59A83A4DB60-LeaderElection26] INFO  impl.RaftServerImpl (ServerState.java:setLeader(256)) - 63c66ddc-1ed7-4ff3-88f9-e66aa086e06a@group-F59A83A4DB60: change Leader from null to 63c66ddc-1ed7-4ff3-88f9-e66aa086e06a at term 1 for becomeLeader, leader elected after 639ms
2019-10-16 06:58:08,517 [pool-247-thread-1] INFO  server.RaftServerConfigKeys (ConfUtils.java:logGet(43)) - raft.server.snapshot.retention.file.num = 5 (custom)
2019-10-16 06:58:08,517 [pool-227-thread-1] INFO  server.RaftServerConfigKeys (ConfUtils.java:logGet(43)) - raft.server.snapshot.auto.trigger.enabled = true (custom)
2019-10-16 06:58:08,517 [63c66ddc-1ed7-4ff3-88f9-e66aa086e06a@group-F59A83A4DB60-LeaderElection26] INFO  server.RaftServerConfigKeys (ConfUtils.java:logGet(43)) - raft.server.staging.catchup.gap = 1000 (default)
2019-10-16 06:58:08,517 [pool-227-thread-1] INFO  server.RaftServerConfigKeys (ConfUtils.java:logGet(43)) - raft.server.snapshot.auto.trigger.threshold = 10000 (custom)
2019-10-16 06:58:08,517 [pool-247-thread-1] INFO  server.RaftServerConfigKeys (ConfUtils.java:logGet(43)) - raft.server.retrycache.expirytime = 600000ms (custom)
2019-10-16 06:58:08,518 [pool-227-thread-1] INFO  server.RaftServerConfigKeys (ConfUtils.java:logGet(43)) - raft.server.snapshot.retention.file.num = 5 (custom)
2019-10-16 06:58:08,518 [63c66ddc-1ed7-4ff3-88f9-e66aa086e06a@group-F59A83A4DB60-LeaderElection26] INFO  server.RaftServerConfigKeys (ConfUtils.java:logGet(43)) - raft.server.rpc.sleep.time = 25ms (default)
2019-10-16 06:58:08,518 [pool-227-thread-1] INFO  server.RaftServerConfigKeys (ConfUtils.java:logGet(43)) - raft.server.retrycache.expirytime = 600000ms (custom)
2019-10-16 06:58:08,518 [63c66ddc-1ed7-4ff3-88f9-e66aa086e06a@group-F59A83A4DB60-LeaderElection26] INFO  server.RaftServerConfigKeys (ConfUtils.java:logGet(43)) - raft.server.write.element-limit = 4096 (default)
2019-10-16 06:58:08,518 [63c66ddc-1ed7-4ff3-88f9-e66aa086e06a@group-F59A83A4DB60-LeaderElection26] INFO  server.RaftServerConfigKeys (ConfUtils.java:logGet(43)) - raft.server.watch.timeout = 10s (default)
2019-10-16 06:58:08,518 [63c66ddc-1ed7-4ff3-88f9-e66aa086e06a@group-F59A83A4DB60-LeaderElection26] INFO  server.RaftServerConfigKeys (ConfUtils.java:logGet(43)) - raft.server.watch.timeout.denomination = 1s (default)
2019-10-16 06:58:08,518 [63c66ddc-1ed7-4ff3-88f9-e66aa086e06a@group-F59A83A4DB60-LeaderElection26] INFO  server.RaftServerConfigKeys (ConfUtils.java:logGet(43)) - raft.server.watch.element-limit = 65536 (default)
2019-10-16 06:58:08,522 [pool-247-thread-1] INFO  impl.RaftServerImpl (RaftServerImpl.java:start(195)) - 63c66ddc-1ed7-4ff3-88f9-e66aa086e06a@group-D7357BEB07B7: start as a follower, conf=-1: [9a7b04b9-ecb0-402e-9b1a-70c07d66a0c5:192.168.69.104:38170, 63c66ddc-1ed7-4ff3-88f9-e66aa086e06a:192.168.69.104:45386, 0d57dd7d-c984-49c3-8f07-3b730a00bd72:192.168.69.104:38784], old=null
2019-10-16 06:58:08,522 [pool-247-thread-1] INFO  impl.RaftServerImpl (RaftServerImpl.java:setRole(184)) - 63c66ddc-1ed7-4ff3-88f9-e66aa086e06a@group-D7357BEB07B7: changes role from      null to FOLLOWER at term 0 for startAsFollower
2019-10-16 06:58:08,523 [pool-227-thread-1] INFO  impl.RaftServerImpl (RaftServerImpl.java:start(195)) - 0d57dd7d-c984-49c3-8f07-3b730a00bd72@group-D7357BEB07B7: start as a follower, conf=-1: [9a7b04b9-ecb0-402e-9b1a-70c07d66a0c5:192.168.69.104:38170, 63c66ddc-1ed7-4ff3-88f9-e66aa086e06a:192.168.69.104:45386, 0d57dd7d-c984-49c3-8f07-3b730a00bd72:192.168.69.104:38784], old=null
2019-10-16 06:58:08,523 [63c66ddc-1ed7-4ff3-88f9-e66aa086e06a@group-F59A83A4DB60-LeaderElection26] INFO  impl.RoleInfo (RoleInfo.java:updateAndGet(143)) - 63c66ddc-1ed7-4ff3-88f9-e66aa086e06a: start LeaderState
2019-10-16 06:58:08,523 [pool-247-thread-1] INFO  impl.RoleInfo (RoleInfo.java:updateAndGet(143)) - 63c66ddc-1ed7-4ff3-88f9-e66aa086e06a: start FollowerState
2019-10-16 06:58:08,523 [pool-227-thread-1] INFO  impl.RaftServerImpl (RaftServerImpl.java:setRole(184)) - 0d57dd7d-c984-49c3-8f07-3b730a00bd72@group-D7357BEB07B7: changes role from      null to FOLLOWER at term 0 for startAsFollower
2019-10-16 06:58:08,523 [63c66ddc-1ed7-4ff3-88f9-e66aa086e06a@group-F59A83A4DB60-LeaderElection26] INFO  segmented.SegmentedRaftLogWorker (SegmentedRaftLogWorker.java:startLogSegment(385)) - 63c66ddc-1ed7-4ff3-88f9-e66aa086e06a@group-F59A83A4DB60-SegmentedRaftLogWorker: Starting segment from index:0
2019-10-16 06:58:08,523 [pool-247-thread-1] INFO  util.JmxRegister (JmxRegister.java:tryRegister(44)) - Successfully registered JMX Bean with object name Ratis:service=RaftServer,group=group-D7357BEB07B7,id=63c66ddc-1ed7-4ff3-88f9-e66aa086e06a
2019-10-16 06:58:08,523 [pool-227-thread-1] INFO  impl.RoleInfo (RoleInfo.java:updateAndGet(143)) - 0d57dd7d-c984-49c3-8f07-3b730a00bd72: start FollowerState
2019-10-16 06:58:08,524 [63c66ddc-1ed7-4ff3-88f9-e66aa086e06a@group-F59A83A4DB60-LeaderElection26] INFO  impl.RaftServerImpl (ServerState.java:setRaftConf(357)) - 63c66ddc-1ed7-4ff3-88f9-e66aa086e06a@group-F59A83A4DB60: set configuration 0: [63c66ddc-1ed7-4ff3-88f9-e66aa086e06a:192.168.69.104:45386], old=null at 0
2019-10-16 06:58:08,524 [pool-227-thread-1] INFO  util.JmxRegister (JmxRegister.java:tryRegister(44)) - Successfully registered JMX Bean with object name Ratis:service=RaftServer,group=group-D7357BEB07B7,id=0d57dd7d-c984-49c3-8f07-3b730a00bd72
2019-10-16 06:58:08,551 [grpc-default-executor-1] INFO  impl.RaftServerImpl (RaftServerImpl.java:setRole(184)) - 63c66ddc-1ed7-4ff3-88f9-e66aa086e06a@group-D7357BEB07B7: changes role from  FOLLOWER to FOLLOWER at term 1 for recognizeCandidate:9a7b04b9-ecb0-402e-9b1a-70c07d66a0c5
2019-10-16 06:58:08,551 [grpc-default-executor-1] INFO  impl.RoleInfo (RoleInfo.java:shutdownFollowerState(121)) - 63c66ddc-1ed7-4ff3-88f9-e66aa086e06a: shutdown FollowerState
2019-10-16 06:58:08,551 [grpc-default-executor-1] INFO  impl.RoleInfo (RoleInfo.java:updateAndGet(143)) - 63c66ddc-1ed7-4ff3-88f9-e66aa086e06a: start FollowerState
2019-10-16 06:58:08,551 [Thread-1125] INFO  impl.FollowerState (FollowerState.java:run(117)) - 63c66ddc-1ed7-4ff3-88f9-e66aa086e06a@group-D7357BEB07B7-FollowerState was interrupted: java.lang.InterruptedException: sleep interrupted
2019-10-16 06:58:08,552 [grpc-default-executor-2] WARN  server.GrpcServerProtocolService (LogUtils.java:warn(134)) - 0d57dd7d-c984-49c3-8f07-3b730a00bd72: Failed requestVote 9a7b04b9-ecb0-402e-9b1a-70c07d66a0c5->0d57dd7d-c984-49c3-8f07-3b730a00bd72#0: org.apache.ratis.protocol.ServerNotReadyException: 0d57dd7d-c984-49c3-8f07-3b730a00bd72@group-D7357BEB07B7 is not in [RUNNING]: current state is STARTING
2019-10-16 06:58:08,558 [RatisPipelineUtilsThread] INFO  pipeline.PipelineStateManager (PipelineStateManager.java:addPipeline(56)) - Created pipeline Pipeline[ Id: fb25b2d6-4750-4ed6-b961-d7357beb07b7, Nodes: 63c66ddc-1ed7-4ff3-88f9-e66aa086e06a{ip: 192.168.69.104, host: pr-hdds-2312-q6qzp-1535798719, networkLocation: /default-rack, certSerialId: null}9a7b04b9-ecb0-402e-9b1a-70c07d66a0c5{ip: 192.168.69.104, host: pr-hdds-2312-q6qzp-1535798719, networkLocation: /default-rack, certSerialId: null}0d57dd7d-c984-49c3-8f07-3b730a00bd72{ip: 192.168.69.104, host: pr-hdds-2312-q6qzp-1535798719, networkLocation: /default-rack, certSerialId: null}, Type:RATIS, Factor:THREE, State:OPEN]
2019-10-16 06:58:08,569 [63c66ddc-1ed7-4ff3-88f9-e66aa086e06a@group-F59A83A4DB60-SegmentedRaftLogWorker] INFO  segmented.SegmentedRaftLogWorker (SegmentedRaftLogWorker.java:execute(576)) - 63c66ddc-1ed7-4ff3-88f9-e66aa086e06a@group-F59A83A4DB60-SegmentedRaftLogWorker: created new log segment /workdir/hadoop-ozone/ozonefs/target/test-dir/MiniOzoneClusterImpl-f6b83367-9255-4ea4-9a8f-b3bdc2ce550f/datanode-2/data/ratis/2842a065-23bd-4112-bf30-f59a83a4db60/current/log_inprogress_0
2019-10-16 06:58:08,571 [9a7b04b9-ecb0-402e-9b1a-70c07d66a0c5@group-D7357BEB07B7-LeaderElection27] INFO  impl.LeaderElection (LeaderElection.java:logAndReturn(56)) - 9a7b04b9-ecb0-402e-9b1a-70c07d66a0c5@group-D7357BEB07B7-LeaderElection27: Election PASSED; received 1 response(s) [9a7b04b9-ecb0-402e-9b1a-70c07d66a0c5<-63c66ddc-1ed7-4ff3-88f9-e66aa086e06a#0:OK-t1] and 0 exception(s); 9a7b04b9-ecb0-402e-9b1a-70c07d66a0c5@group-D7357BEB07B7:t1, leader=null, voted=9a7b04b9-ecb0-402e-9b1a-70c07d66a0c5, raftlog=9a7b04b9-ecb0-402e-9b1a-70c07d66a0c5@group-D7357BEB07B7-SegmentedRaftLog:OPENED:c-1,f-1,i0, conf=-1: [9a7b04b9-ecb0-402e-9b1a-70c07d66a0c5:192.168.69.104:38170, 63c66ddc-1ed7-4ff3-88f9-e66aa086e06a:192.168.69.104:45386, 0d57dd7d-c984-49c3-8f07-3b730a00bd72:192.168.69.104:38784], old=null
2019-10-16 06:58:08,574 [9a7b04b9-ecb0-402e-9b1a-70c07d66a0c5@group-D7357BEB07B7-LeaderElection27] INFO  impl.RoleInfo (RoleInfo.java:shutdownLeaderElection(134)) - 9a7b04b9-ecb0-402e-9b1a-70c07d66a0c5: shutdown LeaderElection
2019-10-16 06:58:08,574 [9a7b04b9-ecb0-402e-9b1a-70c07d66a0c5@group-D7357BEB07B7-LeaderElection27] INFO  impl.RaftServerImpl (RaftServerImpl.java:setRole(184)) - 9a7b04b9-ecb0-402e-9b1a-70c07d66a0c5@group-D7357BEB07B7: changes role from CANDIDATE to LEADER at term 1 for changeToLeader
2019-10-16 06:58:08,574 [9a7b04b9-ecb0-402e-9b1a-70c07d66a0c5@group-D7357BEB07B7-LeaderElection27] INFO  impl.RaftServerImpl (ServerState.java:setLeader(256)) - 9a7b04b9-ecb0-402e-9b1a-70c07d66a0c5@group-D7357BEB07B7: change Leader from null to 9a7b04b9-ecb0-402e-9b1a-70c07d66a0c5 at term 1 for becomeLeader, leader elected after 561ms
2019-10-16 06:58:08,574 [9a7b04b9-ecb0-402e-9b1a-70c07d66a0c5@group-D7357BEB07B7-LeaderElection27] INFO  server.RaftServerConfigKeys (ConfUtils.java:logGet(43)) - raft.server.staging.catchup.gap = 1000 (default)
2019-10-16 06:58:08,574 [9a7b04b9-ecb0-402e-9b1a-70c07d66a0c5@group-D7357BEB07B7-LeaderElection27] INFO  server.RaftServerConfigKeys (ConfUtils.java:logGet(43)) - raft.server.rpc.sleep.time = 25ms (default)
2019-10-16 06:58:08,574 [9a7b04b9-ecb0-402e-9b1a-70c07d66a0c5@group-D7357BEB07B7-LeaderElection27] INFO  server.RaftServerConfigKeys (ConfUtils.java:logGet(43)) - raft.server.write.element-limit = 4096 (default)
2019-10-16 06:58:08,574 [9a7b04b9-ecb0-402e-9b1a-70c07d66a0c5@group-D7357BEB07B7-LeaderElection27] INFO  server.RaftServerConfigKeys (ConfUtils.java:logGet(43)) - raft.server.watch.timeout = 10s (default)
2019-10-16 06:58:08,574 [9a7b04b9-ecb0-402e-9b1a-70c07d66a0c5@group-D7357BEB07B7-LeaderElection27] INFO  server.RaftServerConfigKeys (ConfUtils.java:logGet(43)) - raft.server.watch.timeout.denomination = 1s (default)
2019-10-16 06:58:08,575 [9a7b04b9-ecb0-402e-9b1a-70c07d66a0c5@group-D7357BEB07B7-LeaderElection27] INFO  server.RaftServerConfigKeys (ConfUtils.java:logGet(43)) - raft.server.watch.element-limit = 65536 (default)
2019-10-16 06:58:08,577 [9a7b04b9-ecb0-402e-9b1a-70c07d66a0c5@group-D7357BEB07B7-LeaderElection27] INFO  server.RaftServerConfigKeys (ConfUtils.java:logGet(43)) - raft.server.log.appender.snapshot.chunk.size.max = 16MB (=16777216) (default)
2019-10-16 06:58:08,577 [9a7b04b9-ecb0-402e-9b1a-70c07d66a0c5@group-D7357BEB07B7-LeaderElection27] INFO  server.RaftServerConfigKeys (ConfUtils.java:logGet(43)) - raft.server.log.appender.buffer.byte-limit = 33554432 (custom)
2019-10-16 06:58:08,577 [9a7b04b9-ecb0-402e-9b1a-70c07d66a0c5@group-D7357BEB07B7-LeaderElection27] INFO  server.RaftServerConfigKeys (ConfUtils.java:logGet(43)) - raft.server.log.appender.buffer.element-limit = 1 (custom)
2019-10-16 06:58:08,577 [9a7b04b9-ecb0-402e-9b1a-70c07d66a0c5@group-D7357BEB07B7-LeaderElection27] INFO  grpc.GrpcConfigKeys$Server (ConfUtils.java:logGet(43)) - raft.grpc.server.leader.outstanding.appends.max = 128 (default)
2019-10-16 06:58:08,578 [9a7b04b9-ecb0-402e-9b1a-70c07d66a0c5@group-D7357BEB07B7-LeaderElection27] INFO  server.RaftServerConfigKeys (ConfUtils.java:logGet(43)) - raft.server.rpc.request.timeout = 3000ms (default)
2019-10-16 06:58:08,578 [9a7b04b9-ecb0-402e-9b1a-70c07d66a0c5@group-D7357BEB07B7-LeaderElection27] INFO  server.RaftServerConfigKeys (ConfUtils.java:logGet(43)) - raft.server.log.appender.install.snapshot.enabled = false (custom)
2019-10-16 06:58:08,580 [9a7b04b9-ecb0-402e-9b1a-70c07d66a0c5@group-D7357BEB07B7-LeaderElection27] INFO  server.RaftServerConfigKeys (ConfUtils.java:logGet(43)) - raft.server.log.appender.snapshot.chunk.size.max = 16MB (=16777216) (default)
2019-10-16 06:58:08,581 [9a7b04b9-ecb0-402e-9b1a-70c07d66a0c5@group-D7357BEB07B7-LeaderElection27] INFO  server.RaftServerConfigKeys (ConfUtils.java:logGet(43)) - raft.server.log.appender.buffer.byte-limit = 33554432 (custom)
2019-10-16 06:58:08,581 [9a7b04b9-ecb0-402e-9b1a-70c07d66a0c5@group-D7357BEB07B7-LeaderElection27] INFO  server.RaftServerConfigKeys (ConfUtils.java:logGet(43)) - raft.server.log.appender.buffer.element-limit = 1 (custom)
2019-10-16 06:58:08,581 [9a7b04b9-ecb0-402e-9b1a-70c07d66a0c5@group-D7357BEB07B7-LeaderElection27] INFO  grpc.GrpcConfigKeys$Server (ConfUtils.java:logGet(43)) - raft.grpc.server.leader.outstanding.appends.max = 128 (default)
2019-10-16 06:58:08,581 [9a7b04b9-ecb0-402e-9b1a-70c07d66a0c5@group-D7357BEB07B7-LeaderElection27] INFO  server.RaftServerConfigKeys (ConfUtils.java:logGet(43)) - raft.server.rpc.request.timeout = 3000ms (default)
2019-10-16 06:58:08,581 [9a7b04b9-ecb0-402e-9b1a-70c07d66a0c5@group-D7357BEB07B7-LeaderElection27] INFO  server.RaftServerConfigKeys (ConfUtils.java:logGet(43)) - raft.server.log.appender.install.snapshot.enabled = false (custom)
2019-10-16 06:58:08,584 [9a7b04b9-ecb0-402e-9b1a-70c07d66a0c5@group-D7357BEB07B7-LeaderElection27] INFO  impl.RoleInfo (RoleInfo.java:updateAndGet(143)) - 9a7b04b9-ecb0-402e-9b1a-70c07d66a0c5: start LeaderState
2019-10-16 06:58:08,584 [9a7b04b9-ecb0-402e-9b1a-70c07d66a0c5@group-D7357BEB07B7-LeaderElection27] INFO  segmented.SegmentedRaftLogWorker (SegmentedRaftLogWorker.java:startLogSegment(385)) - 9a7b04b9-ecb0-402e-9b1a-70c07d66a0c5@group-D7357BEB07B7-SegmentedRaftLogWorker: Starting segment from index:0
2019-10-16 06:58:08,585 [9a7b04b9-ecb0-402e-9b1a-70c07d66a0c5@group-D7357BEB07B7-LeaderElection27] INFO  impl.RaftServerImpl (ServerState.java:setRaftConf(357)) - 9a7b04b9-ecb0-402e-9b1a-70c07d66a0c5@group-D7357BEB07B7: set configuration 0: [9a7b04b9-ecb0-402e-9b1a-70c07d66a0c5:192.168.69.104:38170, 63c66ddc-1ed7-4ff3-88f9-e66aa086e06a:192.168.69.104:45386, 0d57dd7d-c984-49c3-8f07-3b730a00bd72:192.168.69.104:38784], old=null at 0
2019-10-16 06:58:08,587 [grpc-default-executor-1] INFO  impl.RaftServerImpl (ServerState.java:setLeader(256)) - 63c66ddc-1ed7-4ff3-88f9-e66aa086e06a@group-D7357BEB07B7: change Leader from null to 9a7b04b9-ecb0-402e-9b1a-70c07d66a0c5 at term 1 for appendEntries, leader elected after 83ms
2019-10-16 06:58:08,614 [grpc-default-executor-1] INFO  impl.RaftServerImpl (ServerState.java:setRaftConf(357)) - 63c66ddc-1ed7-4ff3-88f9-e66aa086e06a@group-D7357BEB07B7: set configuration 0: [9a7b04b9-ecb0-402e-9b1a-70c07d66a0c5:192.168.69.104:38170, 63c66ddc-1ed7-4ff3-88f9-e66aa086e06a:192.168.69.104:45386, 0d57dd7d-c984-49c3-8f07-3b730a00bd72:192.168.69.104:38784], old=null at 0
2019-10-16 06:58:08,614 [grpc-default-executor-1] INFO  segmented.SegmentedRaftLogWorker (SegmentedRaftLogWorker.java:startLogSegment(385)) - 63c66ddc-1ed7-4ff3-88f9-e66aa086e06a@group-D7357BEB07B7-SegmentedRaftLogWorker: Starting segment from index:0
2019-10-16 06:58:08,640 [9a7b04b9-ecb0-402e-9b1a-70c07d66a0c5@group-D7357BEB07B7-SegmentedRaftLogWorker] INFO  segmented.SegmentedRaftLogWorker (SegmentedRaftLogWorker.java:execute(576)) - 9a7b04b9-ecb0-402e-9b1a-70c07d66a0c5@group-D7357BEB07B7-SegmentedRaftLogWorker: created new log segment /workdir/hadoop-ozone/ozonefs/target/test-dir/MiniOzoneClusterImpl-f6b83367-9255-4ea4-9a8f-b3bdc2ce550f/datanode-1/data/ratis/fb25b2d6-4750-4ed6-b961-d7357beb07b7/current/log_inprogress_0
2019-10-16 06:58:08,640 [grpc-default-executor-2] INFO  impl.RaftServerImpl (ServerState.java:setLeader(256)) - 0d57dd7d-c984-49c3-8f07-3b730a00bd72@group-D7357BEB07B7: change Leader from null to 9a7b04b9-ecb0-402e-9b1a-70c07d66a0c5 at term 1 for appendEntries, leader elected after 136ms
2019-10-16 06:58:08,645 [grpc-default-executor-2] INFO  impl.RaftServerImpl (ServerState.java:setRaftConf(357)) - 0d57dd7d-c984-49c3-8f07-3b730a00bd72@group-D7357BEB07B7: set configuration 0: [9a7b04b9-ecb0-402e-9b1a-70c07d66a0c5:192.168.69.104:38170, 63c66ddc-1ed7-4ff3-88f9-e66aa086e06a:192.168.69.104:45386, 0d57dd7d-c984-49c3-8f07-3b730a00bd72:192.168.69.104:38784], old=null at 0
2019-10-16 06:58:08,645 [grpc-default-executor-2] INFO  segmented.SegmentedRaftLogWorker (SegmentedRaftLogWorker.java:startLogSegment(385)) - 0d57dd7d-c984-49c3-8f07-3b730a00bd72@group-D7357BEB07B7-SegmentedRaftLogWorker: Starting segment from index:0
2019-10-16 06:58:08,652 [63c66ddc-1ed7-4ff3-88f9-e66aa086e06a@group-D7357BEB07B7-SegmentedRaftLogWorker] INFO  segmented.SegmentedRaftLogWorker (SegmentedRaftLogWorker.java:execute(576)) - 63c66ddc-1ed7-4ff3-88f9-e66aa086e06a@group-D7357BEB07B7-SegmentedRaftLogWorker: created new log segment /workdir/hadoop-ozone/ozonefs/target/test-dir/MiniOzoneClusterImpl-f6b83367-9255-4ea4-9a8f-b3bdc2ce550f/datanode-2/data/ratis/fb25b2d6-4750-4ed6-b961-d7357beb07b7/current/log_inprogress_0
2019-10-16 06:58:08,692 [0d57dd7d-c984-49c3-8f07-3b730a00bd72@group-D7357BEB07B7-SegmentedRaftLogWorker] INFO  segmented.SegmentedRaftLogWorker (SegmentedRaftLogWorker.java:execute(576)) - 0d57dd7d-c984-49c3-8f07-3b730a00bd72@group-D7357BEB07B7-SegmentedRaftLogWorker: created new log segment /workdir/hadoop-ozone/ozonefs/target/test-dir/MiniOzoneClusterImpl-f6b83367-9255-4ea4-9a8f-b3bdc2ce550f/datanode-0/data/ratis/fb25b2d6-4750-4ed6-b961-d7357beb07b7/current/log_inprogress_0
2019-10-16 06:58:08,820 [Thread-929] INFO  ozone.MiniOzoneClusterImpl (MiniOzoneClusterImpl.java:lambda$waitForClusterToBeReady$0(147)) - Cluster is ready. Got 3 of 3 DN Heartbeats.
2019-10-16 06:58:08,865 [Thread-929] INFO  rpc.RpcClient (RpcClient.java:createVolume(272)) - Creating Volume: volume29301, with user40785 as owner.
2019-10-16 06:58:08,867 [IPC Server handler 0 on 34944] INFO  volume.OMVolumeCreateRequest (OMVolumeCreateRequest.java:validateAndUpdateCache(193)) - created volume:volume29301 for user:user40785
2019-10-16 06:58:08,875 [Thread-929] INFO  rpc.RpcClient (RpcClient.java:createBucket(411)) - Creating Bucket: volume29301/bucket16893, with Versioning false and Storage Type set to DISK and Encryption set to false 
2019-10-16 06:58:08,927 [IPC Server handler 9 on 34944] ERROR lock.LockManager (LockManager.java:getLockForReleasing(218)) - Trying to release the lock on /volume29301/bucket16893, which was never acquired.
2019-10-16 06:58:08,928 [IPC Server handler 9 on 34944] WARN  ipc.Server (Server.java:logException(2724)) - IPC Server handler 9 on 34944, call Call#134 Retry#0 org.apache.hadoop.ozone.om.protocol.OzoneManagerProtocol.submitRequest from 127.0.0.1:45292
java.lang.IllegalMonitorStateException: Releasing lock on resource /volume29301/bucket16893 without acquiring lock
	at org.apache.hadoop.ozone.lock.LockManager.getLockForReleasing(LockManager.java:220)
	at org.apache.hadoop.ozone.lock.LockManager.release(LockManager.java:168)
	at org.apache.hadoop.ozone.lock.LockManager.writeUnlock(LockManager.java:148)
	at org.apache.hadoop.ozone.om.lock.OzoneManagerLock.unlock(OzoneManagerLock.java:364)
	at org.apache.hadoop.ozone.om.lock.OzoneManagerLock.releaseWriteLock(OzoneManagerLock.java:329)
	at org.apache.hadoop.ozone.om.request.key.OMKeyCommitRequest.validateAndUpdateCache(OMKeyCommitRequest.java:177)
	at org.apache.hadoop.ozone.protocolPB.OzoneManagerProtocolServerSideTranslatorPB.submitRequestDirectlyToOM(OzoneManagerProtocolServerSideTranslatorPB.java:219)
	at org.apache.hadoop.ozone.protocolPB.OzoneManagerProtocolServerSideTranslatorPB.processRequest(OzoneManagerProtocolServerSideTranslatorPB.java:134)
	at org.apache.hadoop.hdds.server.OzoneProtocolMessageDispatcher.processRequest(OzoneProtocolMessageDispatcher.java:72)
	at org.apache.hadoop.ozone.protocolPB.OzoneManagerProtocolServerSideTranslatorPB.submitRequest(OzoneManagerProtocolServerSideTranslatorPB.java:100)
	at org.apache.hadoop.ozone.protocol.proto.OzoneManagerProtocolProtos$OzoneManagerService$2.callBlockingMethod(OzoneManagerProtocolProtos.java)
	at org.apache.hadoop.ipc.ProtobufRpcEngine$Server$ProtoBufRpcInvoker.call(ProtobufRpcEngine.java:524)
	at org.apache.hadoop.ipc.RPC$Server.call(RPC.java:1025)
	at org.apache.hadoop.ipc.Server$RpcCall.run(Server.java:876)
	at org.apache.hadoop.ipc.Server$RpcCall.run(Server.java:822)
	at java.security.AccessController.doPrivileged(Native Method)
	at javax.security.auth.Subject.doAs(Subject.java:422)
	at org.apache.hadoop.security.UserGroupInformation.doAs(UserGroupInformation.java:1730)
	at org.apache.hadoop.ipc.Server$Handler.run(Server.java:2682)
2019-10-16 06:58:08,932 [Thread-929] INFO  retry.RetryInvocationHandler (RetryInvocationHandler.java:log(411)) - com.google.protobuf.ServiceException: org.apache.hadoop.ipc.RemoteException(java.lang.IllegalMonitorStateException): Releasing lock on resource /volume29301/bucket16893 without acquiring lock
	at org.apache.hadoop.ozone.lock.LockManager.getLockForReleasing(LockManager.java:220)
	at org.apache.hadoop.ozone.lock.LockManager.release(LockManager.java:168)
	at org.apache.hadoop.ozone.lock.LockManager.writeUnlock(LockManager.java:148)
	at org.apache.hadoop.ozone.om.lock.OzoneManagerLock.unlock(OzoneManagerLock.java:364)
	at org.apache.hadoop.ozone.om.lock.OzoneManagerLock.releaseWriteLock(OzoneManagerLock.java:329)
	at org.apache.hadoop.ozone.om.request.key.OMKeyCommitRequest.validateAndUpdateCache(OMKeyCommitRequest.java:177)
	at org.apache.hadoop.ozone.protocolPB.OzoneManagerProtocolServerSideTranslatorPB.submitRequestDirectlyToOM(OzoneManagerProtocolServerSideTranslatorPB.java:219)
	at org.apache.hadoop.ozone.protocolPB.OzoneManagerProtocolServerSideTranslatorPB.processRequest(OzoneManagerProtocolServerSideTranslatorPB.java:134)
	at org.apache.hadoop.hdds.server.OzoneProtocolMessageDispatcher.processRequest(OzoneProtocolMessageDispatcher.java:72)
	at org.apache.hadoop.ozone.protocolPB.OzoneManagerProtocolServerSideTranslatorPB.submitRequest(OzoneManagerProtocolServerSideTranslatorPB.java:100)
	at org.apache.hadoop.ozone.protocol.proto.OzoneManagerProtocolProtos$OzoneManagerService$2.callBlockingMethod(OzoneManagerProtocolProtos.java)
	at org.apache.hadoop.ipc.ProtobufRpcEngine$Server$ProtoBufRpcInvoker.call(ProtobufRpcEngine.java:524)
	at org.apache.hadoop.ipc.RPC$Server.call(RPC.java:1025)
	at org.apache.hadoop.ipc.Server$RpcCall.run(Server.java:876)
	at org.apache.hadoop.ipc.Server$RpcCall.run(Server.java:822)
	at java.security.AccessController.doPrivileged(Native Method)
	at javax.security.auth.Subject.doAs(Subject.java:422)
	at org.apache.hadoop.security.UserGroupInformation.doAs(UserGroupInformation.java:1730)
	at org.apache.hadoop.ipc.Server$Handler.run(Server.java:2682)
, while invoking $Proxy37.submitRequest over nodeId=null,nodeAddress=localhost:34944. Trying to failover immediately.
2019-10-16 06:58:08,933 [IPC Server handler 10 on 34944] ERROR lock.LockManager (LockManager.java:getLockForReleasing(218)) - Trying to release the lock on /volume29301/bucket16893, which was never acquired.
2019-10-16 06:58:08,933 [IPC Server handler 10 on 34944] WARN  ipc.Server (Server.java:logException(2724)) - IPC Server handler 10 on 34944, call Call#134 Retry#1 org.apache.hadoop.ozone.om.protocol.OzoneManagerProtocol.submitRequest from 127.0.0.1:45292
java.lang.IllegalMonitorStateException: Releasing lock on resource /volume29301/bucket16893 without acquiring lock
	at org.apache.hadoop.ozone.lock.LockManager.getLockForReleasing(LockManager.java:220)
	at org.apache.hadoop.ozone.lock.LockManager.release(LockManager.java:168)
	at org.apache.hadoop.ozone.lock.LockManager.writeUnlock(LockManager.java:148)
	at org.apache.hadoop.ozone.om.lock.OzoneManagerLock.unlock(OzoneManagerLock.java:364)
	at org.apache.hadoop.ozone.om.lock.OzoneManagerLock.releaseWriteLock(OzoneManagerLock.java:329)
	at org.apache.hadoop.ozone.om.request.key.OMKeyCommitRequest.validateAndUpdateCache(OMKeyCommitRequest.java:177)
	at org.apache.hadoop.ozone.protocolPB.OzoneManagerProtocolServerSideTranslatorPB.submitRequestDirectlyToOM(OzoneManagerProtocolServerSideTranslatorPB.java:219)
	at org.apache.hadoop.ozone.protocolPB.OzoneManagerProtocolServerSideTranslatorPB.processRequest(OzoneManagerProtocolServerSideTranslatorPB.java:134)
	at org.apache.hadoop.hdds.server.OzoneProtocolMessageDispatcher.processRequest(OzoneProtocolMessageDispatcher.java:72)
	at org.apache.hadoop.ozone.protocolPB.OzoneManagerProtocolServerSideTranslatorPB.submitRequest(OzoneManagerProtocolServerSideTranslatorPB.java:100)
	at org.apache.hadoop.ozone.protocol.proto.OzoneManagerProtocolProtos$OzoneManagerService$2.callBlockingMethod(OzoneManagerProtocolProtos.java)
	at org.apache.hadoop.ipc.ProtobufRpcEngine$Server$ProtoBufRpcInvoker.call(ProtobufRpcEngine.java:524)
	at org.apache.hadoop.ipc.RPC$Server.call(RPC.java:1025)
	at org.apache.hadoop.ipc.Server$RpcCall.run(Server.java:876)
	at org.apache.hadoop.ipc.Server$RpcCall.run(Server.java:822)
	at java.security.AccessController.doPrivileged(Native Method)
	at javax.security.auth.Subject.doAs(Subject.java:422)
	at org.apache.hadoop.security.UserGroupInformation.doAs(UserGroupInformation.java:1730)
	at org.apache.hadoop.ipc.Server$Handler.run(Server.java:2682)
2019-10-16 06:58:08,935 [Thread-929] INFO  retry.RetryInvocationHandler (RetryInvocationHandler.java:log(411)) - com.google.protobuf.ServiceException: org.apache.hadoop.ipc.RemoteException(java.lang.IllegalMonitorStateException): Releasing lock on resource /volume29301/bucket16893 without acquiring lock
	at org.apache.hadoop.ozone.lock.LockManager.getLockForReleasing(LockManager.java:220)
	at org.apache.hadoop.ozone.lock.LockManager.release(LockManager.java:168)
	at org.apache.hadoop.ozone.lock.LockManager.writeUnlock(LockManager.java:148)
	at org.apache.hadoop.ozone.om.lock.OzoneManagerLock.unlock(OzoneManagerLock.java:364)
	at org.apache.hadoop.ozone.om.lock.OzoneManagerLock.releaseWriteLock(OzoneManagerLock.java:329)
	at org.apache.hadoop.ozone.om.request.key.OMKeyCommitRequest.validateAndUpdateCache(OMKeyCommitRequest.java:177)
	at org.apache.hadoop.ozone.protocolPB.OzoneManagerProtocolServerSideTranslatorPB.submitRequestDirectlyToOM(OzoneManagerProtocolServerSideTranslatorPB.java:219)
	at org.apache.hadoop.ozone.protocolPB.OzoneManagerProtocolServerSideTranslatorPB.processRequest(OzoneManagerProtocolServerSideTranslatorPB.java:134)
	at org.apache.hadoop.hdds.server.OzoneProtocolMessageDispatcher.processRequest(OzoneProtocolMessageDispatcher.java:72)
	at org.apache.hadoop.ozone.protocolPB.OzoneManagerProtocolServerSideTranslatorPB.submitRequest(OzoneManagerProtocolServerSideTranslatorPB.java:100)
	at org.apache.hadoop.ozone.protocol.proto.OzoneManagerProtocolProtos$OzoneManagerService$2.callBlockingMethod(OzoneManagerProtocolProtos.java)
	at org.apache.hadoop.ipc.ProtobufRpcEngine$Server$ProtoBufRpcInvoker.call(ProtobufRpcEngine.java:524)
	at org.apache.hadoop.ipc.RPC$Server.call(RPC.java:1025)
	at org.apache.hadoop.ipc.Server$RpcCall.run(Server.java:876)
	at org.apache.hadoop.ipc.Server$RpcCall.run(Server.java:822)
	at java.security.AccessController.doPrivileged(Native Method)
	at javax.security.auth.Subject.doAs(Subject.java:422)
	at org.apache.hadoop.security.UserGroupInformation.doAs(UserGroupInformation.java:1730)
	at org.apache.hadoop.ipc.Server$Handler.run(Server.java:2682)
, while invoking $Proxy37.submitRequest over nodeId=null,nodeAddress=localhost:34944 after 1 failover attempts. Trying to failover immediately.
2019-10-16 06:58:08,938 [IPC Server handler 11 on 34944] ERROR lock.LockManager (LockManager.java:getLockForReleasing(218)) - Trying to release the lock on /volume29301/bucket16893, which was never acquired.
2019-10-16 06:58:08,938 [IPC Server handler 11 on 34944] WARN  ipc.Server (Server.java:logException(2724)) - IPC Server handler 11 on 34944, call Call#134 Retry#2 org.apache.hadoop.ozone.om.protocol.OzoneManagerProtocol.submitRequest from 127.0.0.1:45292
java.lang.IllegalMonitorStateException: Releasing lock on resource /volume29301/bucket16893 without acquiring lock
	at org.apache.hadoop.ozone.lock.LockManager.getLockForReleasing(LockManager.java:220)
	at org.apache.hadoop.ozone.lock.LockManager.release(LockManager.java:168)
	at org.apache.hadoop.ozone.lock.LockManager.writeUnlock(LockManager.java:148)
	at org.apache.hadoop.ozone.om.lock.OzoneManagerLock.unlock(OzoneManagerLock.java:364)
	at org.apache.hadoop.ozone.om.lock.OzoneManagerLock.releaseWriteLock(OzoneManagerLock.java:329)
	at org.apache.hadoop.ozone.om.request.key.OMKeyCommitRequest.validateAndUpdateCache(OMKeyCommitRequest.java:177)
	at org.apache.hadoop.ozone.protocolPB.OzoneManagerProtocolServerSideTranslatorPB.submitRequestDirectlyToOM(OzoneManagerProtocolServerSideTranslatorPB.java:219)
	at org.apache.hadoop.ozone.protocolPB.OzoneManagerProtocolServerSideTranslatorPB.processRequest(OzoneManagerProtocolServerSideTranslatorPB.java:134)
	at org.apache.hadoop.hdds.server.OzoneProtocolMessageDispatcher.processRequest(OzoneProtocolMessageDispatcher.java:72)
	at org.apache.hadoop.ozone.protocolPB.OzoneManagerProtocolServerSideTranslatorPB.submitRequest(OzoneManagerProtocolServerSideTranslatorPB.java:100)
	at org.apache.hadoop.ozone.protocol.proto.OzoneManagerProtocolProtos$OzoneManagerService$2.callBlockingMethod(OzoneManagerProtocolProtos.java)
	at org.apache.hadoop.ipc.ProtobufRpcEngine$Server$ProtoBufRpcInvoker.call(ProtobufRpcEngine.java:524)
	at org.apache.hadoop.ipc.RPC$Server.call(RPC.java:1025)
	at org.apache.hadoop.ipc.Server$RpcCall.run(Server.java:876)
	at org.apache.hadoop.ipc.Server$RpcCall.run(Server.java:822)
	at java.security.AccessController.doPrivileged(Native Method)
	at javax.security.auth.Subject.doAs(Subject.java:422)
	at org.apache.hadoop.security.UserGroupInformation.doAs(UserGroupInformation.java:1730)
	at org.apache.hadoop.ipc.Server$Handler.run(Server.java:2682)
2019-10-16 06:58:08,941 [Thread-929] INFO  retry.RetryInvocationHandler (RetryInvocationHandler.java:log(411)) - com.google.protobuf.ServiceException: org.apache.hadoop.ipc.RemoteException(java.lang.IllegalMonitorStateException): Releasing lock on resource /volume29301/bucket16893 without acquiring lock
	at org.apache.hadoop.ozone.lock.LockManager.getLockForReleasing(LockManager.java:220)
	at org.apache.hadoop.ozone.lock.LockManager.release(LockManager.java:168)
	at org.apache.hadoop.ozone.lock.LockManager.writeUnlock(LockManager.java:148)
	at org.apache.hadoop.ozone.om.lock.OzoneManagerLock.unlock(OzoneManagerLock.java:364)
	at org.apache.hadoop.ozone.om.lock.OzoneManagerLock.releaseWriteLock(OzoneManagerLock.java:329)
	at org.apache.hadoop.ozone.om.request.key.OMKeyCommitRequest.validateAndUpdateCache(OMKeyCommitRequest.java:177)
	at org.apache.hadoop.ozone.protocolPB.OzoneManagerProtocolServerSideTranslatorPB.submitRequestDirectlyToOM(OzoneManagerProtocolServerSideTranslatorPB.java:219)
	at org.apache.hadoop.ozone.protocolPB.OzoneManagerProtocolServerSideTranslatorPB.processRequest(OzoneManagerProtocolServerSideTranslatorPB.java:134)
	at org.apache.hadoop.hdds.server.OzoneProtocolMessageDispatcher.processRequest(OzoneProtocolMessageDispatcher.java:72)
	at org.apache.hadoop.ozone.protocolPB.OzoneManagerProtocolServerSideTranslatorPB.submitRequest(OzoneManagerProtocolServerSideTranslatorPB.java:100)
	at org.apache.hadoop.ozone.protocol.proto.OzoneManagerProtocolProtos$OzoneManagerService$2.callBlockingMethod(OzoneManagerProtocolProtos.java)
	at org.apache.hadoop.ipc.ProtobufRpcEngine$Server$ProtoBufRpcInvoker.call(ProtobufRpcEngine.java:524)
	at org.apache.hadoop.ipc.RPC$Server.call(RPC.java:1025)
	at org.apache.hadoop.ipc.Server$RpcCall.run(Server.java:876)
	at org.apache.hadoop.ipc.Server$RpcCall.run(Server.java:822)
	at java.security.AccessController.doPrivileged(Native Method)
	at javax.security.auth.Subject.doAs(Subject.java:422)
	at org.apache.hadoop.security.UserGroupInformation.doAs(UserGroupInformation.java:1730)
	at org.apache.hadoop.ipc.Server$Handler.run(Server.java:2682)
, while invoking $Proxy37.submitRequest over nodeId=null,nodeAddress=localhost:34944 after 2 failover attempts. Trying to failover immediately.
2019-10-16 06:58:08,943 [IPC Server handler 12 on 34944] ERROR lock.LockManager (LockManager.java:getLockForReleasing(218)) - Trying to release the lock on /volume29301/bucket16893, which was never acquired.
2019-10-16 06:58:08,943 [IPC Server handler 12 on 34944] WARN  ipc.Server (Server.java:logException(2724)) - IPC Server handler 12 on 34944, call Call#134 Retry#3 org.apache.hadoop.ozone.om.protocol.OzoneManagerProtocol.submitRequest from 127.0.0.1:45292
java.lang.IllegalMonitorStateException: Releasing lock on resource /volume29301/bucket16893 without acquiring lock
	at org.apache.hadoop.ozone.lock.LockManager.getLockForReleasing(LockManager.java:220)
	at org.apache.hadoop.ozone.lock.LockManager.release(LockManager.java:168)
	at org.apache.hadoop.ozone.lock.LockManager.writeUnlock(LockManager.java:148)
	at org.apache.hadoop.ozone.om.lock.OzoneManagerLock.unlock(OzoneManagerLock.java:364)
	at org.apache.hadoop.ozone.om.lock.OzoneManagerLock.releaseWriteLock(OzoneManagerLock.java:329)
	at org.apache.hadoop.ozone.om.request.key.OMKeyCommitRequest.validateAndUpdateCache(OMKeyCommitRequest.java:177)
	at org.apache.hadoop.ozone.protocolPB.OzoneManagerProtocolServerSideTranslatorPB.submitRequestDirectlyToOM(OzoneManagerProtocolServerSideTranslatorPB.java:219)
	at org.apache.hadoop.ozone.protocolPB.OzoneManagerProtocolServerSideTranslatorPB.processRequest(OzoneManagerProtocolServerSideTranslatorPB.java:134)
	at org.apache.hadoop.hdds.server.OzoneProtocolMessageDispatcher.processRequest(OzoneProtocolMessageDispatcher.java:72)
	at org.apache.hadoop.ozone.protocolPB.OzoneManagerProtocolServerSideTranslatorPB.submitRequest(OzoneManagerProtocolServerSideTranslatorPB.java:100)
	at org.apache.hadoop.ozone.protocol.proto.OzoneManagerProtocolProtos$OzoneManagerService$2.callBlockingMethod(OzoneManagerProtocolProtos.java)
	at org.apache.hadoop.ipc.ProtobufRpcEngine$Server$ProtoBufRpcInvoker.call(ProtobufRpcEngine.java:524)
	at org.apache.hadoop.ipc.RPC$Server.call(RPC.java:1025)
	at org.apache.hadoop.ipc.Server$RpcCall.run(Server.java:876)
	at org.apache.hadoop.ipc.Server$RpcCall.run(Server.java:822)
	at java.security.AccessController.doPrivileged(Native Method)
	at javax.security.auth.Subject.doAs(Subject.java:422)
	at org.apache.hadoop.security.UserGroupInformation.doAs(UserGroupInformation.java:1730)
	at org.apache.hadoop.ipc.Server$Handler.run(Server.java:2682)
2019-10-16 06:58:08,945 [Thread-929] INFO  retry.RetryInvocationHandler (RetryInvocationHandler.java:log(411)) - com.google.protobuf.ServiceException: org.apache.hadoop.ipc.RemoteException(java.lang.IllegalMonitorStateException): Releasing lock on resource /volume29301/bucket16893 without acquiring lock
	at org.apache.hadoop.ozone.lock.LockManager.getLockForReleasing(LockManager.java:220)
	at org.apache.hadoop.ozone.lock.LockManager.release(LockManager.java:168)
	at org.apache.hadoop.ozone.lock.LockManager.writeUnlock(LockManager.java:148)
	at org.apache.hadoop.ozone.om.lock.OzoneManagerLock.unlock(OzoneManagerLock.java:364)
	at org.apache.hadoop.ozone.om.lock.OzoneManagerLock.releaseWriteLock(OzoneManagerLock.java:329)
	at org.apache.hadoop.ozone.om.request.key.OMKeyCommitRequest.validateAndUpdateCache(OMKeyCommitRequest.java:177)
	at org.apache.hadoop.ozone.protocolPB.OzoneManagerProtocolServerSideTranslatorPB.submitRequestDirectlyToOM(OzoneManagerProtocolServerSideTranslatorPB.java:219)
	at org.apache.hadoop.ozone.protocolPB.OzoneManagerProtocolServerSideTranslatorPB.processRequest(OzoneManagerProtocolServerSideTranslatorPB.java:134)
	at org.apache.hadoop.hdds.server.OzoneProtocolMessageDispatcher.processRequest(OzoneProtocolMessageDispatcher.java:72)
	at org.apache.hadoop.ozone.protocolPB.OzoneManagerProtocolServerSideTranslatorPB.submitRequest(OzoneManagerProtocolServerSideTranslatorPB.java:100)
	at org.apache.hadoop.ozone.protocol.proto.OzoneManagerProtocolProtos$OzoneManagerService$2.callBlockingMethod(OzoneManagerProtocolProtos.java)
	at org.apache.hadoop.ipc.ProtobufRpcEngine$Server$ProtoBufRpcInvoker.call(ProtobufRpcEngine.java:524)
	at org.apache.hadoop.ipc.RPC$Server.call(RPC.java:1025)
	at org.apache.hadoop.ipc.Server$RpcCall.run(Server.java:876)
	at org.apache.hadoop.ipc.Server$RpcCall.run(Server.java:822)
	at java.security.AccessController.doPrivileged(Native Method)
	at javax.security.auth.Subject.doAs(Subject.java:422)
	at org.apache.hadoop.security.UserGroupInformation.doAs(UserGroupInformation.java:1730)
	at org.apache.hadoop.ipc.Server$Handler.run(Server.java:2682)
, while invoking $Proxy37.submitRequest over nodeId=null,nodeAddress=localhost:34944 after 3 failover attempts. Trying to failover immediately.
2019-10-16 06:58:08,948 [IPC Server handler 13 on 34944] ERROR lock.LockManager (LockManager.java:getLockForReleasing(218)) - Trying to release the lock on /volume29301/bucket16893, which was never acquired.
2019-10-16 06:58:08,948 [IPC Server handler 13 on 34944] WARN  ipc.Server (Server.java:logException(2724)) - IPC Server handler 13 on 34944, call Call#134 Retry#4 org.apache.hadoop.ozone.om.protocol.OzoneManagerProtocol.submitRequest from 127.0.0.1:45292
java.lang.IllegalMonitorStateException: Releasing lock on resource /volume29301/bucket16893 without acquiring lock
	at org.apache.hadoop.ozone.lock.LockManager.getLockForReleasing(LockManager.java:220)
	at org.apache.hadoop.ozone.lock.LockManager.release(LockManager.java:168)
	at org.apache.hadoop.ozone.lock.LockManager.writeUnlock(LockManager.java:148)
	at org.apache.hadoop.ozone.om.lock.OzoneManagerLock.unlock(OzoneManagerLock.java:364)
	at org.apache.hadoop.ozone.om.lock.OzoneManagerLock.releaseWriteLock(OzoneManagerLock.java:329)
	at org.apache.hadoop.ozone.om.request.key.OMKeyCommitRequest.validateAndUpdateCache(OMKeyCommitRequest.java:177)
	at org.apache.hadoop.ozone.protocolPB.OzoneManagerProtocolServerSideTranslatorPB.submitRequestDirectlyToOM(OzoneManagerProtocolServerSideTranslatorPB.java:219)
	at org.apache.hadoop.ozone.protocolPB.OzoneManagerProtocolServerSideTranslatorPB.processRequest(OzoneManagerProtocolServerSideTranslatorPB.java:134)
	at org.apache.hadoop.hdds.server.OzoneProtocolMessageDispatcher.processRequest(OzoneProtocolMessageDispatcher.java:72)
	at org.apache.hadoop.ozone.protocolPB.OzoneManagerProtocolServerSideTranslatorPB.submitRequest(OzoneManagerProtocolServerSideTranslatorPB.java:100)
	at org.apache.hadoop.ozone.protocol.proto.OzoneManagerProtocolProtos$OzoneManagerService$2.callBlockingMethod(OzoneManagerProtocolProtos.java)
	at org.apache.hadoop.ipc.ProtobufRpcEngine$Server$ProtoBufRpcInvoker.call(ProtobufRpcEngine.java:524)
	at org.apache.hadoop.ipc.RPC$Server.call(RPC.java:1025)
	at org.apache.hadoop.ipc.Server$RpcCall.run(Server.java:876)
	at org.apache.hadoop.ipc.Server$RpcCall.run(Server.java:822)
	at java.security.AccessController.doPrivileged(Native Method)
	at javax.security.auth.Subject.doAs(Subject.java:422)
	at org.apache.hadoop.security.UserGroupInformation.doAs(UserGroupInformation.java:1730)
	at org.apache.hadoop.ipc.Server$Handler.run(Server.java:2682)
2019-10-16 06:58:08,952 [Thread-929] INFO  retry.RetryInvocationHandler (RetryInvocationHandler.java:log(411)) - com.google.protobuf.ServiceException: org.apache.hadoop.ipc.RemoteException(java.lang.IllegalMonitorStateException): Releasing lock on resource /volume29301/bucket16893 without acquiring lock
	at org.apache.hadoop.ozone.lock.LockManager.getLockForReleasing(LockManager.java:220)
	at org.apache.hadoop.ozone.lock.LockManager.release(LockManager.java:168)
	at org.apache.hadoop.ozone.lock.LockManager.writeUnlock(LockManager.java:148)
	at org.apache.hadoop.ozone.om.lock.OzoneManagerLock.unlock(OzoneManagerLock.java:364)
	at org.apache.hadoop.ozone.om.lock.OzoneManagerLock.releaseWriteLock(OzoneManagerLock.java:329)
	at org.apache.hadoop.ozone.om.request.key.OMKeyCommitRequest.validateAndUpdateCache(OMKeyCommitRequest.java:177)
	at org.apache.hadoop.ozone.protocolPB.OzoneManagerProtocolServerSideTranslatorPB.submitRequestDirectlyToOM(OzoneManagerProtocolServerSideTranslatorPB.java:219)
	at org.apache.hadoop.ozone.protocolPB.OzoneManagerProtocolServerSideTranslatorPB.processRequest(OzoneManagerProtocolServerSideTranslatorPB.java:134)
	at org.apache.hadoop.hdds.server.OzoneProtocolMessageDispatcher.processRequest(OzoneProtocolMessageDispatcher.java:72)
	at org.apache.hadoop.ozone.protocolPB.OzoneManagerProtocolServerSideTranslatorPB.submitRequest(OzoneManagerProtocolServerSideTranslatorPB.java:100)
	at org.apache.hadoop.ozone.protocol.proto.OzoneManagerProtocolProtos$OzoneManagerService$2.callBlockingMethod(OzoneManagerProtocolProtos.java)
	at org.apache.hadoop.ipc.ProtobufRpcEngine$Server$ProtoBufRpcInvoker.call(ProtobufRpcEngine.java:524)
	at org.apache.hadoop.ipc.RPC$Server.call(RPC.java:1025)
	at org.apache.hadoop.ipc.Server$RpcCall.run(Server.java:876)
	at org.apache.hadoop.ipc.Server$RpcCall.run(Server.java:822)
	at java.security.AccessController.doPrivileged(Native Method)
	at javax.security.auth.Subject.doAs(Subject.java:422)
	at org.apache.hadoop.security.UserGroupInformation.doAs(UserGroupInformation.java:1730)
	at org.apache.hadoop.ipc.Server$Handler.run(Server.java:2682)
, while invoking $Proxy37.submitRequest over nodeId=null,nodeAddress=localhost:34944 after 4 failover attempts. Trying to failover immediately.
2019-10-16 06:58:08,954 [IPC Server handler 14 on 34944] ERROR lock.LockManager (LockManager.java:getLockForReleasing(218)) - Trying to release the lock on /volume29301/bucket16893, which was never acquired.
2019-10-16 06:58:08,954 [IPC Server handler 14 on 34944] WARN  ipc.Server (Server.java:logException(2724)) - IPC Server handler 14 on 34944, call Call#134 Retry#5 org.apache.hadoop.ozone.om.protocol.OzoneManagerProtocol.submitRequest from 127.0.0.1:45292
java.lang.IllegalMonitorStateException: Releasing lock on resource /volume29301/bucket16893 without acquiring lock
	at org.apache.hadoop.ozone.lock.LockManager.getLockForReleasing(LockManager.java:220)
	at org.apache.hadoop.ozone.lock.LockManager.release(LockManager.java:168)
	at org.apache.hadoop.ozone.lock.LockManager.writeUnlock(LockManager.java:148)
	at org.apache.hadoop.ozone.om.lock.OzoneManagerLock.unlock(OzoneManagerLock.java:364)
	at org.apache.hadoop.ozone.om.lock.OzoneManagerLock.releaseWriteLock(OzoneManagerLock.java:329)
	at org.apache.hadoop.ozone.om.request.key.OMKeyCommitRequest.validateAndUpdateCache(OMKeyCommitRequest.java:177)
	at org.apache.hadoop.ozone.protocolPB.OzoneManagerProtocolServerSideTranslatorPB.submitRequestDirectlyToOM(OzoneManagerProtocolServerSideTranslatorPB.java:219)
	at org.apache.hadoop.ozone.protocolPB.OzoneManagerProtocolServerSideTranslatorPB.processRequest(OzoneManagerProtocolServerSideTranslatorPB.java:134)
	at org.apache.hadoop.hdds.server.OzoneProtocolMessageDispatcher.processRequest(OzoneProtocolMessageDispatcher.java:72)
	at org.apache.hadoop.ozone.protocolPB.OzoneManagerProtocolServerSideTranslatorPB.submitRequest(OzoneManagerProtocolServerSideTranslatorPB.java:100)
	at org.apache.hadoop.ozone.protocol.proto.OzoneManagerProtocolProtos$OzoneManagerService$2.callBlockingMethod(OzoneManagerProtocolProtos.java)
	at org.apache.hadoop.ipc.ProtobufRpcEngine$Server$ProtoBufRpcInvoker.call(ProtobufRpcEngine.java:524)
	at org.apache.hadoop.ipc.RPC$Server.call(RPC.java:1025)
	at org.apache.hadoop.ipc.Server$RpcCall.run(Server.java:876)
	at org.apache.hadoop.ipc.Server$RpcCall.run(Server.java:822)
	at java.security.AccessController.doPrivileged(Native Method)
	at javax.security.auth.Subject.doAs(Subject.java:422)
	at org.apache.hadoop.security.UserGroupInformation.doAs(UserGroupInformation.java:1730)
	at org.apache.hadoop.ipc.Server$Handler.run(Server.java:2682)
2019-10-16 06:58:08,957 [Thread-929] INFO  retry.RetryInvocationHandler (RetryInvocationHandler.java:log(411)) - com.google.protobuf.ServiceException: org.apache.hadoop.ipc.RemoteException(java.lang.IllegalMonitorStateException): Releasing lock on resource /volume29301/bucket16893 without acquiring lock
	at org.apache.hadoop.ozone.lock.LockManager.getLockForReleasing(LockManager.java:220)
	at org.apache.hadoop.ozone.lock.LockManager.release(LockManager.java:168)
	at org.apache.hadoop.ozone.lock.LockManager.writeUnlock(LockManager.java:148)
	at org.apache.hadoop.ozone.om.lock.OzoneManagerLock.unlock(OzoneManagerLock.java:364)
	at org.apache.hadoop.ozone.om.lock.OzoneManagerLock.releaseWriteLock(OzoneManagerLock.java:329)
	at org.apache.hadoop.ozone.om.request.key.OMKeyCommitRequest.validateAndUpdateCache(OMKeyCommitRequest.java:177)
	at org.apache.hadoop.ozone.protocolPB.OzoneManagerProtocolServerSideTranslatorPB.submitRequestDirectlyToOM(OzoneManagerProtocolServerSideTranslatorPB.java:219)
	at org.apache.hadoop.ozone.protocolPB.OzoneManagerProtocolServerSideTranslatorPB.processRequest(OzoneManagerProtocolServerSideTranslatorPB.java:134)
	at org.apache.hadoop.hdds.server.OzoneProtocolMessageDispatcher.processRequest(OzoneProtocolMessageDispatcher.java:72)
	at org.apache.hadoop.ozone.protocolPB.OzoneManagerProtocolServerSideTranslatorPB.submitRequest(OzoneManagerProtocolServerSideTranslatorPB.java:100)
	at org.apache.hadoop.ozone.protocol.proto.OzoneManagerProtocolProtos$OzoneManagerService$2.callBlockingMethod(OzoneManagerProtocolProtos.java)
	at org.apache.hadoop.ipc.ProtobufRpcEngine$Server$ProtoBufRpcInvoker.call(ProtobufRpcEngine.java:524)
	at org.apache.hadoop.ipc.RPC$Server.call(RPC.java:1025)
	at org.apache.hadoop.ipc.Server$RpcCall.run(Server.java:876)
	at org.apache.hadoop.ipc.Server$RpcCall.run(Server.java:822)
	at java.security.AccessController.doPrivileged(Native Method)
	at javax.security.auth.Subject.doAs(Subject.java:422)
	at org.apache.hadoop.security.UserGroupInformation.doAs(UserGroupInformation.java:1730)
	at org.apache.hadoop.ipc.Server$Handler.run(Server.java:2682)
, while invoking $Proxy37.submitRequest over nodeId=null,nodeAddress=localhost:34944 after 5 failover attempts. Trying to failover immediately.
2019-10-16 06:58:08,959 [IPC Server handler 15 on 34944] ERROR lock.LockManager (LockManager.java:getLockForReleasing(218)) - Trying to release the lock on /volume29301/bucket16893, which was never acquired.
2019-10-16 06:58:08,959 [IPC Server handler 15 on 34944] WARN  ipc.Server (Server.java:logException(2724)) - IPC Server handler 15 on 34944, call Call#134 Retry#6 org.apache.hadoop.ozone.om.protocol.OzoneManagerProtocol.submitRequest from 127.0.0.1:45292
java.lang.IllegalMonitorStateException: Releasing lock on resource /volume29301/bucket16893 without acquiring lock
	at org.apache.hadoop.ozone.lock.LockManager.getLockForReleasing(LockManager.java:220)
	at org.apache.hadoop.ozone.lock.LockManager.release(LockManager.java:168)
	at org.apache.hadoop.ozone.lock.LockManager.writeUnlock(LockManager.java:148)
	at org.apache.hadoop.ozone.om.lock.OzoneManagerLock.unlock(OzoneManagerLock.java:364)
	at org.apache.hadoop.ozone.om.lock.OzoneManagerLock.releaseWriteLock(OzoneManagerLock.java:329)
	at org.apache.hadoop.ozone.om.request.key.OMKeyCommitRequest.validateAndUpdateCache(OMKeyCommitRequest.java:177)
	at org.apache.hadoop.ozone.protocolPB.OzoneManagerProtocolServerSideTranslatorPB.submitRequestDirectlyToOM(OzoneManagerProtocolServerSideTranslatorPB.java:219)
	at org.apache.hadoop.ozone.protocolPB.OzoneManagerProtocolServerSideTranslatorPB.processRequest(OzoneManagerProtocolServerSideTranslatorPB.java:134)
	at org.apache.hadoop.hdds.server.OzoneProtocolMessageDispatcher.processRequest(OzoneProtocolMessageDispatcher.java:72)
	at org.apache.hadoop.ozone.protocolPB.OzoneManagerProtocolServerSideTranslatorPB.submitRequest(OzoneManagerProtocolServerSideTranslatorPB.java:100)
	at org.apache.hadoop.ozone.protocol.proto.OzoneManagerProtocolProtos$OzoneManagerService$2.callBlockingMethod(OzoneManagerProtocolProtos.java)
	at org.apache.hadoop.ipc.ProtobufRpcEngine$Server$ProtoBufRpcInvoker.call(ProtobufRpcEngine.java:524)
	at org.apache.hadoop.ipc.RPC$Server.call(RPC.java:1025)
	at org.apache.hadoop.ipc.Server$RpcCall.run(Server.java:876)
	at org.apache.hadoop.ipc.Server$RpcCall.run(Server.java:822)
	at java.security.AccessController.doPrivileged(Native Method)
	at javax.security.auth.Subject.doAs(Subject.java:422)
	at org.apache.hadoop.security.UserGroupInformation.doAs(UserGroupInformation.java:1730)
	at org.apache.hadoop.ipc.Server$Handler.run(Server.java:2682)
2019-10-16 06:58:08,962 [Thread-929] INFO  retry.RetryInvocationHandler (RetryInvocationHandler.java:log(411)) - com.google.protobuf.ServiceException: org.apache.hadoop.ipc.RemoteException(java.lang.IllegalMonitorStateException): Releasing lock on resource /volume29301/bucket16893 without acquiring lock
	at org.apache.hadoop.ozone.lock.LockManager.getLockForReleasing(LockManager.java:220)
	at org.apache.hadoop.ozone.lock.LockManager.release(LockManager.java:168)
	at org.apache.hadoop.ozone.lock.LockManager.writeUnlock(LockManager.java:148)
	at org.apache.hadoop.ozone.om.lock.OzoneManagerLock.unlock(OzoneManagerLock.java:364)
	at org.apache.hadoop.ozone.om.lock.OzoneManagerLock.releaseWriteLock(OzoneManagerLock.java:329)
	at org.apache.hadoop.ozone.om.request.key.OMKeyCommitRequest.validateAndUpdateCache(OMKeyCommitRequest.java:177)
	at org.apache.hadoop.ozone.protocolPB.OzoneManagerProtocolServerSideTranslatorPB.submitRequestDirectlyToOM(OzoneManagerProtocolServerSideTranslatorPB.java:219)
	at org.apache.hadoop.ozone.protocolPB.OzoneManagerProtocolServerSideTranslatorPB.processRequest(OzoneManagerProtocolServerSideTranslatorPB.java:134)
	at org.apache.hadoop.hdds.server.OzoneProtocolMessageDispatcher.processRequest(OzoneProtocolMessageDispatcher.java:72)
	at org.apache.hadoop.ozone.protocolPB.OzoneManagerProtocolServerSideTranslatorPB.submitRequest(OzoneManagerProtocolServerSideTranslatorPB.java:100)
	at org.apache.hadoop.ozone.protocol.proto.OzoneManagerProtocolProtos$OzoneManagerService$2.callBlockingMethod(OzoneManagerProtocolProtos.java)
	at org.apache.hadoop.ipc.ProtobufRpcEngine$Server$ProtoBufRpcInvoker.call(ProtobufRpcEngine.java:524)
	at org.apache.hadoop.ipc.RPC$Server.call(RPC.java:1025)
	at org.apache.hadoop.ipc.Server$RpcCall.run(Server.java:876)
	at org.apache.hadoop.ipc.Server$RpcCall.run(Server.java:822)
	at java.security.AccessController.doPrivileged(Native Method)
	at javax.security.auth.Subject.doAs(Subject.java:422)
	at org.apache.hadoop.security.UserGroupInformation.doAs(UserGroupInformation.java:1730)
	at org.apache.hadoop.ipc.Server$Handler.run(Server.java:2682)
, while invoking $Proxy37.submitRequest over nodeId=null,nodeAddress=localhost:34944 after 6 failover attempts. Trying to failover immediately.
2019-10-16 06:58:08,964 [IPC Server handler 16 on 34944] ERROR lock.LockManager (LockManager.java:getLockForReleasing(218)) - Trying to release the lock on /volume29301/bucket16893, which was never acquired.
2019-10-16 06:58:08,964 [IPC Server handler 16 on 34944] WARN  ipc.Server (Server.java:logException(2724)) - IPC Server handler 16 on 34944, call Call#134 Retry#7 org.apache.hadoop.ozone.om.protocol.OzoneManagerProtocol.submitRequest from 127.0.0.1:45292
java.lang.IllegalMonitorStateException: Releasing lock on resource /volume29301/bucket16893 without acquiring lock
	at org.apache.hadoop.ozone.lock.LockManager.getLockForReleasing(LockManager.java:220)
	at org.apache.hadoop.ozone.lock.LockManager.release(LockManager.java:168)
	at org.apache.hadoop.ozone.lock.LockManager.writeUnlock(LockManager.java:148)
	at org.apache.hadoop.ozone.om.lock.OzoneManagerLock.unlock(OzoneManagerLock.java:364)
	at org.apache.hadoop.ozone.om.lock.OzoneManagerLock.releaseWriteLock(OzoneManagerLock.java:329)
	at org.apache.hadoop.ozone.om.request.key.OMKeyCommitRequest.validateAndUpdateCache(OMKeyCommitRequest.java:177)
	at org.apache.hadoop.ozone.protocolPB.OzoneManagerProtocolServerSideTranslatorPB.submitRequestDirectlyToOM(OzoneManagerProtocolServerSideTranslatorPB.java:219)
	at org.apache.hadoop.ozone.protocolPB.OzoneManagerProtocolServerSideTranslatorPB.processRequest(OzoneManagerProtocolServerSideTranslatorPB.java:134)
	at org.apache.hadoop.hdds.server.OzoneProtocolMessageDispatcher.processRequest(OzoneProtocolMessageDispatcher.java:72)
	at org.apache.hadoop.ozone.protocolPB.OzoneManagerProtocolServerSideTranslatorPB.submitRequest(OzoneManagerProtocolServerSideTranslatorPB.java:100)
	at org.apache.hadoop.ozone.protocol.proto.OzoneManagerProtocolProtos$OzoneManagerService$2.callBlockingMethod(OzoneManagerProtocolProtos.java)
	at org.apache.hadoop.ipc.ProtobufRpcEngine$Server$ProtoBufRpcInvoker.call(ProtobufRpcEngine.java:524)
	at org.apache.hadoop.ipc.RPC$Server.call(RPC.java:1025)
	at org.apache.hadoop.ipc.Server$RpcCall.run(Server.java:876)
	at org.apache.hadoop.ipc.Server$RpcCall.run(Server.java:822)
	at java.security.AccessController.doPrivileged(Native Method)
	at javax.security.auth.Subject.doAs(Subject.java:422)
	at org.apache.hadoop.security.UserGroupInformation.doAs(UserGroupInformation.java:1730)
	at org.apache.hadoop.ipc.Server$Handler.run(Server.java:2682)
2019-10-16 06:58:08,966 [Thread-929] INFO  retry.RetryInvocationHandler (RetryInvocationHandler.java:log(411)) - com.google.protobuf.ServiceException: org.apache.hadoop.ipc.RemoteException(java.lang.IllegalMonitorStateException): Releasing lock on resource /volume29301/bucket16893 without acquiring lock
	at org.apache.hadoop.ozone.lock.LockManager.getLockForReleasing(LockManager.java:220)
	at org.apache.hadoop.ozone.lock.LockManager.release(LockManager.java:168)
	at org.apache.hadoop.ozone.lock.LockManager.writeUnlock(LockManager.java:148)
	at org.apache.hadoop.ozone.om.lock.OzoneManagerLock.unlock(OzoneManagerLock.java:364)
	at org.apache.hadoop.ozone.om.lock.OzoneManagerLock.releaseWriteLock(OzoneManagerLock.java:329)
	at org.apache.hadoop.ozone.om.request.key.OMKeyCommitRequest.validateAndUpdateCache(OMKeyCommitRequest.java:177)
	at org.apache.hadoop.ozone.protocolPB.OzoneManagerProtocolServerSideTranslatorPB.submitRequestDirectlyToOM(OzoneManagerProtocolServerSideTranslatorPB.java:219)
	at org.apache.hadoop.ozone.protocolPB.OzoneManagerProtocolServerSideTranslatorPB.processRequest(OzoneManagerProtocolServerSideTranslatorPB.java:134)
	at org.apache.hadoop.hdds.server.OzoneProtocolMessageDispatcher.processRequest(OzoneProtocolMessageDispatcher.java:72)
	at org.apache.hadoop.ozone.protocolPB.OzoneManagerProtocolServerSideTranslatorPB.submitRequest(OzoneManagerProtocolServerSideTranslatorPB.java:100)
	at org.apache.hadoop.ozone.protocol.proto.OzoneManagerProtocolProtos$OzoneManagerService$2.callBlockingMethod(OzoneManagerProtocolProtos.java)
	at org.apache.hadoop.ipc.ProtobufRpcEngine$Server$ProtoBufRpcInvoker.call(ProtobufRpcEngine.java:524)
	at org.apache.hadoop.ipc.RPC$Server.call(RPC.java:1025)
	at org.apache.hadoop.ipc.Server$RpcCall.run(Server.java:876)
	at org.apache.hadoop.ipc.Server$RpcCall.run(Server.java:822)
	at java.security.AccessController.doPrivileged(Native Method)
	at javax.security.auth.Subject.doAs(Subject.java:422)
	at org.apache.hadoop.security.UserGroupInformation.doAs(UserGroupInformation.java:1730)
	at org.apache.hadoop.ipc.Server$Handler.run(Server.java:2682)
, while invoking $Proxy37.submitRequest over nodeId=null,nodeAddress=localhost:34944 after 7 failover attempts. Trying to failover immediately.
2019-10-16 06:58:08,969 [IPC Server handler 17 on 34944] ERROR lock.LockManager (LockManager.java:getLockForReleasing(218)) - Trying to release the lock on /volume29301/bucket16893, which was never acquired.
2019-10-16 06:58:08,969 [IPC Server handler 17 on 34944] WARN  ipc.Server (Server.java:logException(2724)) - IPC Server handler 17 on 34944, call Call#134 Retry#8 org.apache.hadoop.ozone.om.protocol.OzoneManagerProtocol.submitRequest from 127.0.0.1:45292
java.lang.IllegalMonitorStateException: Releasing lock on resource /volume29301/bucket16893 without acquiring lock
	at org.apache.hadoop.ozone.lock.LockManager.getLockForReleasing(LockManager.java:220)
	at org.apache.hadoop.ozone.lock.LockManager.release(LockManager.java:168)
	at org.apache.hadoop.ozone.lock.LockManager.writeUnlock(LockManager.java:148)
	at org.apache.hadoop.ozone.om.lock.OzoneManagerLock.unlock(OzoneManagerLock.java:364)
	at org.apache.hadoop.ozone.om.lock.OzoneManagerLock.releaseWriteLock(OzoneManagerLock.java:329)
	at org.apache.hadoop.ozone.om.request.key.OMKeyCommitRequest.validateAndUpdateCache(OMKeyCommitRequest.java:177)
	at org.apache.hadoop.ozone.protocolPB.OzoneManagerProtocolServerSideTranslatorPB.submitRequestDirectlyToOM(OzoneManagerProtocolServerSideTranslatorPB.java:219)
	at org.apache.hadoop.ozone.protocolPB.OzoneManagerProtocolServerSideTranslatorPB.processRequest(OzoneManagerProtocolServerSideTranslatorPB.java:134)
	at org.apache.hadoop.hdds.server.OzoneProtocolMessageDispatcher.processRequest(OzoneProtocolMessageDispatcher.java:72)
	at org.apache.hadoop.ozone.protocolPB.OzoneManagerProtocolServerSideTranslatorPB.submitRequest(OzoneManagerProtocolServerSideTranslatorPB.java:100)
	at org.apache.hadoop.ozone.protocol.proto.OzoneManagerProtocolProtos$OzoneManagerService$2.callBlockingMethod(OzoneManagerProtocolProtos.java)
	at org.apache.hadoop.ipc.ProtobufRpcEngine$Server$ProtoBufRpcInvoker.call(ProtobufRpcEngine.java:524)
	at org.apache.hadoop.ipc.RPC$Server.call(RPC.java:1025)
	at org.apache.hadoop.ipc.Server$RpcCall.run(Server.java:876)
	at org.apache.hadoop.ipc.Server$RpcCall.run(Server.java:822)
	at java.security.AccessController.doPrivileged(Native Method)
	at javax.security.auth.Subject.doAs(Subject.java:422)
	at org.apache.hadoop.security.UserGroupInformation.doAs(UserGroupInformation.java:1730)
	at org.apache.hadoop.ipc.Server$Handler.run(Server.java:2682)
2019-10-16 06:58:08,972 [Thread-929] INFO  retry.RetryInvocationHandler (RetryInvocationHandler.java:log(411)) - com.google.protobuf.ServiceException: org.apache.hadoop.ipc.RemoteException(java.lang.IllegalMonitorStateException): Releasing lock on resource /volume29301/bucket16893 without acquiring lock
	at org.apache.hadoop.ozone.lock.LockManager.getLockForReleasing(LockManager.java:220)
	at org.apache.hadoop.ozone.lock.LockManager.release(LockManager.java:168)
	at org.apache.hadoop.ozone.lock.LockManager.writeUnlock(LockManager.java:148)
	at org.apache.hadoop.ozone.om.lock.OzoneManagerLock.unlock(OzoneManagerLock.java:364)
	at org.apache.hadoop.ozone.om.lock.OzoneManagerLock.releaseWriteLock(OzoneManagerLock.java:329)
	at org.apache.hadoop.ozone.om.request.key.OMKeyCommitRequest.validateAndUpdateCache(OMKeyCommitRequest.java:177)
	at org.apache.hadoop.ozone.protocolPB.OzoneManagerProtocolServerSideTranslatorPB.submitRequestDirectlyToOM(OzoneManagerProtocolServerSideTranslatorPB.java:219)
	at org.apache.hadoop.ozone.protocolPB.OzoneManagerProtocolServerSideTranslatorPB.processRequest(OzoneManagerProtocolServerSideTranslatorPB.java:134)
	at org.apache.hadoop.hdds.server.OzoneProtocolMessageDispatcher.processRequest(OzoneProtocolMessageDispatcher.java:72)
	at org.apache.hadoop.ozone.protocolPB.OzoneManagerProtocolServerSideTranslatorPB.submitRequest(OzoneManagerProtocolServerSideTranslatorPB.java:100)
	at org.apache.hadoop.ozone.protocol.proto.OzoneManagerProtocolProtos$OzoneManagerService$2.callBlockingMethod(OzoneManagerProtocolProtos.java)
	at org.apache.hadoop.ipc.ProtobufRpcEngine$Server$ProtoBufRpcInvoker.call(ProtobufRpcEngine.java:524)
	at org.apache.hadoop.ipc.RPC$Server.call(RPC.java:1025)
	at org.apache.hadoop.ipc.Server$RpcCall.run(Server.java:876)
	at org.apache.hadoop.ipc.Server$RpcCall.run(Server.java:822)
	at java.security.AccessController.doPrivileged(Native Method)
	at javax.security.auth.Subject.doAs(Subject.java:422)
	at org.apache.hadoop.security.UserGroupInformation.doAs(UserGroupInformation.java:1730)
	at org.apache.hadoop.ipc.Server$Handler.run(Server.java:2682)
, while invoking $Proxy37.submitRequest over nodeId=null,nodeAddress=localhost:34944 after 8 failover attempts. Trying to failover immediately.
2019-10-16 06:58:08,975 [IPC Server handler 18 on 34944] ERROR lock.LockManager (LockManager.java:getLockForReleasing(218)) - Trying to release the lock on /volume29301/bucket16893, which was never acquired.
2019-10-16 06:58:08,975 [IPC Server handler 18 on 34944] WARN  ipc.Server (Server.java:logException(2724)) - IPC Server handler 18 on 34944, call Call#134 Retry#9 org.apache.hadoop.ozone.om.protocol.OzoneManagerProtocol.submitRequest from 127.0.0.1:45292
java.lang.IllegalMonitorStateException: Releasing lock on resource /volume29301/bucket16893 without acquiring lock
	at org.apache.hadoop.ozone.lock.LockManager.getLockForReleasing(LockManager.java:220)
	at org.apache.hadoop.ozone.lock.LockManager.release(LockManager.java:168)
	at org.apache.hadoop.ozone.lock.LockManager.writeUnlock(LockManager.java:148)
	at org.apache.hadoop.ozone.om.lock.OzoneManagerLock.unlock(OzoneManagerLock.java:364)
	at org.apache.hadoop.ozone.om.lock.OzoneManagerLock.releaseWriteLock(OzoneManagerLock.java:329)
	at org.apache.hadoop.ozone.om.request.key.OMKeyCommitRequest.validateAndUpdateCache(OMKeyCommitRequest.java:177)
	at org.apache.hadoop.ozone.protocolPB.OzoneManagerProtocolServerSideTranslatorPB.submitRequestDirectlyToOM(OzoneManagerProtocolServerSideTranslatorPB.java:219)
	at org.apache.hadoop.ozone.protocolPB.OzoneManagerProtocolServerSideTranslatorPB.processRequest(OzoneManagerProtocolServerSideTranslatorPB.java:134)
	at org.apache.hadoop.hdds.server.OzoneProtocolMessageDispatcher.processRequest(OzoneProtocolMessageDispatcher.java:72)
	at org.apache.hadoop.ozone.protocolPB.OzoneManagerProtocolServerSideTranslatorPB.submitRequest(OzoneManagerProtocolServerSideTranslatorPB.java:100)
	at org.apache.hadoop.ozone.protocol.proto.OzoneManagerProtocolProtos$OzoneManagerService$2.callBlockingMethod(OzoneManagerProtocolProtos.java)
	at org.apache.hadoop.ipc.ProtobufRpcEngine$Server$ProtoBufRpcInvoker.call(ProtobufRpcEngine.java:524)
	at org.apache.hadoop.ipc.RPC$Server.call(RPC.java:1025)
	at org.apache.hadoop.ipc.Server$RpcCall.run(Server.java:876)
	at org.apache.hadoop.ipc.Server$RpcCall.run(Server.java:822)
	at java.security.AccessController.doPrivileged(Native Method)
	at javax.security.auth.Subject.doAs(Subject.java:422)
	at org.apache.hadoop.security.UserGroupInformation.doAs(UserGroupInformation.java:1730)
	at org.apache.hadoop.ipc.Server$Handler.run(Server.java:2682)
2019-10-16 06:58:08,977 [Thread-929] INFO  retry.RetryInvocationHandler (RetryInvocationHandler.java:log(411)) - com.google.protobuf.ServiceException: org.apache.hadoop.ipc.RemoteException(java.lang.IllegalMonitorStateException): Releasing lock on resource /volume29301/bucket16893 without acquiring lock
	at org.apache.hadoop.ozone.lock.LockManager.getLockForReleasing(LockManager.java:220)
	at org.apache.hadoop.ozone.lock.LockManager.release(LockManager.java:168)
	at org.apache.hadoop.ozone.lock.LockManager.writeUnlock(LockManager.java:148)
	at org.apache.hadoop.ozone.om.lock.OzoneManagerLock.unlock(OzoneManagerLock.java:364)
	at org.apache.hadoop.ozone.om.lock.OzoneManagerLock.releaseWriteLock(OzoneManagerLock.java:329)
	at org.apache.hadoop.ozone.om.request.key.OMKeyCommitRequest.validateAndUpdateCache(OMKeyCommitRequest.java:177)
	at org.apache.hadoop.ozone.protocolPB.OzoneManagerProtocolServerSideTranslatorPB.submitRequestDirectlyToOM(OzoneManagerProtocolServerSideTranslatorPB.java:219)
	at org.apache.hadoop.ozone.protocolPB.OzoneManagerProtocolServerSideTranslatorPB.processRequest(OzoneManagerProtocolServerSideTranslatorPB.java:134)
	at org.apache.hadoop.hdds.server.OzoneProtocolMessageDispatcher.processRequest(OzoneProtocolMessageDispatcher.java:72)
	at org.apache.hadoop.ozone.protocolPB.OzoneManagerProtocolServerSideTranslatorPB.submitRequest(OzoneManagerProtocolServerSideTranslatorPB.java:100)
	at org.apache.hadoop.ozone.protocol.proto.OzoneManagerProtocolProtos$OzoneManagerService$2.callBlockingMethod(OzoneManagerProtocolProtos.java)
	at org.apache.hadoop.ipc.ProtobufRpcEngine$Server$ProtoBufRpcInvoker.call(ProtobufRpcEngine.java:524)
	at org.apache.hadoop.ipc.RPC$Server.call(RPC.java:1025)
	at org.apache.hadoop.ipc.Server$RpcCall.run(Server.java:876)
	at org.apache.hadoop.ipc.Server$RpcCall.run(Server.java:822)
	at java.security.AccessController.doPrivileged(Native Method)
	at javax.security.auth.Subject.doAs(Subject.java:422)
	at org.apache.hadoop.security.UserGroupInformation.doAs(UserGroupInformation.java:1730)
	at org.apache.hadoop.ipc.Server$Handler.run(Server.java:2682)
, while invoking $Proxy37.submitRequest over nodeId=null,nodeAddress=localhost:34944 after 9 failover attempts. Trying to failover immediately.
2019-10-16 06:58:08,980 [IPC Server handler 19 on 34944] ERROR lock.LockManager (LockManager.java:getLockForReleasing(218)) - Trying to release the lock on /volume29301/bucket16893, which was never acquired.
2019-10-16 06:58:08,980 [IPC Server handler 19 on 34944] WARN  ipc.Server (Server.java:logException(2724)) - IPC Server handler 19 on 34944, call Call#134 Retry#10 org.apache.hadoop.ozone.om.protocol.OzoneManagerProtocol.submitRequest from 127.0.0.1:45292
java.lang.IllegalMonitorStateException: Releasing lock on resource /volume29301/bucket16893 without acquiring lock
	at org.apache.hadoop.ozone.lock.LockManager.getLockForReleasing(LockManager.java:220)
	at org.apache.hadoop.ozone.lock.LockManager.release(LockManager.java:168)
	at org.apache.hadoop.ozone.lock.LockManager.writeUnlock(LockManager.java:148)
	at org.apache.hadoop.ozone.om.lock.OzoneManagerLock.unlock(OzoneManagerLock.java:364)
	at org.apache.hadoop.ozone.om.lock.OzoneManagerLock.releaseWriteLock(OzoneManagerLock.java:329)
	at org.apache.hadoop.ozone.om.request.key.OMKeyCommitRequest.validateAndUpdateCache(OMKeyCommitRequest.java:177)
	at org.apache.hadoop.ozone.protocolPB.OzoneManagerProtocolServerSideTranslatorPB.submitRequestDirectlyToOM(OzoneManagerProtocolServerSideTranslatorPB.java:219)
	at org.apache.hadoop.ozone.protocolPB.OzoneManagerProtocolServerSideTranslatorPB.processRequest(OzoneManagerProtocolServerSideTranslatorPB.java:134)
	at org.apache.hadoop.hdds.server.OzoneProtocolMessageDispatcher.processRequest(OzoneProtocolMessageDispatcher.java:72)
	at org.apache.hadoop.ozone.protocolPB.OzoneManagerProtocolServerSideTranslatorPB.submitRequest(OzoneManagerProtocolServerSideTranslatorPB.java:100)
	at org.apache.hadoop.ozone.protocol.proto.OzoneManagerProtocolProtos$OzoneManagerService$2.callBlockingMethod(OzoneManagerProtocolProtos.java)
	at org.apache.hadoop.ipc.ProtobufRpcEngine$Server$ProtoBufRpcInvoker.call(ProtobufRpcEngine.java:524)
	at org.apache.hadoop.ipc.RPC$Server.call(RPC.java:1025)
	at org.apache.hadoop.ipc.Server$RpcCall.run(Server.java:876)
	at org.apache.hadoop.ipc.Server$RpcCall.run(Server.java:822)
	at java.security.AccessController.doPrivileged(Native Method)
	at javax.security.auth.Subject.doAs(Subject.java:422)
	at org.apache.hadoop.security.UserGroupInformation.doAs(UserGroupInformation.java:1730)
	at org.apache.hadoop.ipc.Server$Handler.run(Server.java:2682)
2019-10-16 06:58:08,982 [Thread-929] ERROR ha.OMFailoverProxyProvider (OzoneManagerProtocolClientSideTranslatorPB.java:getRetryAction(268)) - Failed to connect to OM. Attempted 10 retries and 10 failovers
2019-10-16 06:58:08,983 [Thread-929] INFO  ozone.MiniOzoneClusterImpl (MiniOzoneClusterImpl.java:shutdown(314)) - Shutting down the Mini Ozone Cluster
2019-10-16 06:58:08,983 [Thread-929] INFO  ozone.MiniOzoneClusterImpl (MiniOzoneClusterImpl.java:stop(330)) - Stopping the Mini Ozone Cluster
2019-10-16 06:58:08,983 [Thread-929] INFO  ozone.MiniOzoneClusterImpl (MiniOzoneClusterImpl.java:stopOM(400)) - Stopping the OzoneManager
2019-10-16 06:58:08,983 [Thread-929] INFO  ipc.Server (Server.java:stop(3082)) - Stopping server on 34944
2019-10-16 06:58:08,986 [IPC Server listener on 34944] INFO  ipc.Server (Server.java:run(1185)) - Stopping IPC Server listener on 34944
2019-10-16 06:58:08,986 [IPC Server Responder] INFO  ipc.Server (Server.java:run(1319)) - Stopping IPC Server Responder
2019-10-16 06:58:08,986 [Thread-929] INFO  ratis.OzoneManagerDoubleBuffer (OzoneManagerDoubleBuffer.java:stop(250)) - Stopping OMDoubleBuffer flush thread
2019-10-16 06:58:08,988 [OMDoubleBufferFlushThread] INFO  ratis.OzoneManagerDoubleBuffer (OzoneManagerDoubleBuffer.java:flushTransactions(193)) - OMDoubleBuffer flush thread OMDoubleBufferFlushThread is interrupted and will exit. OMDoubleBufferFlushThread
2019-10-16 06:58:08,989 [Thread-929] INFO  utils.BackgroundService (BackgroundService.java:shutdown(151)) - Shutting down service KeyDeletingService
2019-10-16 06:58:08,990 [Thread-929] INFO  handler.ContextHandler (ContextHandler.java:doStop(910)) - Stopped o.e.j.w.WebAppContext@95d2e2e{/,null,UNAVAILABLE}{/ozoneManager}
2019-10-16 06:58:08,990 [Thread-929] INFO  server.AbstractConnector (AbstractConnector.java:doStop(318)) - Stopped ServerConnector@6fa43e9c{HTTP/1.1,[http/1.1]}{0.0.0.0:0}
2019-10-16 06:58:08,991 [Thread-929] INFO  handler.ContextHandler (ContextHandler.java:doStop(910)) - Stopped o.e.j.s.ServletContextHandler@4ba8dde3{/static,jar:file:/home/user/.m2/repository/org/apache/hadoop/hadoop-ozone-ozone-manager/0.5.0-SNAPSHOT/hadoop-ozone-ozone-manager-0.5.0-SNAPSHOT.jar!/webapps/static,UNAVAILABLE}
2019-10-16 06:58:08,991 [Thread-929] INFO  handler.ContextHandler (ContextHandler.java:doStop(910)) - Stopped o.e.j.s.ServletContextHandler@74bb968b{/logs,file:///workdir/hadoop-ozone/ozonefs/target/log,UNAVAILABLE}
2019-10-16 06:58:08,992 [Thread-929] INFO  ozone.MiniOzoneClusterImpl (MiniOzoneClusterImpl.java:stopDatanodes(377)) - Stopping the HddsDatanodes
2019-10-16 06:58:09,682 [Datanode State Machine Thread - 0] INFO  statemachine.DatanodeStateMachine (DatanodeStateMachine.java:lambda$startDaemon$0(350)) - Ozone container server started.
2019-10-16 06:58:09,753 [Datanode State Machine Thread - 0] INFO  statemachine.DatanodeStateMachine (DatanodeStateMachine.java:lambda$startDaemon$0(350)) - Ozone container server started.
2019-10-16 06:58:10,689 [Thread-1101] INFO  container.ReplicationManager (ReplicationManager.java:start(162)) - Starting Replication Monitor Thread.
2019-10-16 06:58:10,692 [ReplicationMonitor] INFO  container.ReplicationManager (ReplicationManager.java:run(225)) - Replication Monitor Thread took 1 milliseconds for processing 1 containers.
2019-10-16 06:58:13,993 [Thread-929] INFO  ozoneimpl.OzoneContainer (OzoneContainer.java:stop(227)) - Attempting to stop container services.
2019-10-16 06:58:13,993 [ForkJoinPool.commonPool-worker-1] INFO  ozoneimpl.OzoneContainer (OzoneContainer.java:stop(227)) - Attempting to stop container services.
2019-10-16 06:58:13,993 [Thread-929] INFO  impl.RaftServerProxy (RaftServerProxy.java:lambda$close$4(314)) - 9a7b04b9-ecb0-402e-9b1a-70c07d66a0c5: close
2019-10-16 06:58:13,994 [ForkJoinPool.commonPool-worker-1] INFO  impl.RaftServerProxy (RaftServerProxy.java:lambda$close$4(314)) - 0d57dd7d-c984-49c3-8f07-3b730a00bd72: close
2019-10-16 06:58:13,994 [Thread-929] INFO  impl.RaftServerImpl (RaftServerImpl.java:lambda$shutdown$3(261)) - 9a7b04b9-ecb0-402e-9b1a-70c07d66a0c5@group-C4B9F5E001D8: shutdown
2019-10-16 06:58:13,994 [ForkJoinPool.commonPool-worker-1] INFO  impl.RaftServerImpl (RaftServerImpl.java:lambda$shutdown$3(261)) - 0d57dd7d-c984-49c3-8f07-3b730a00bd72@group-7506D08E39A4: shutdown
2019-10-16 06:58:13,994 [Thread-929] INFO  util.JmxRegister (JmxRegister.java:unregister(73)) - Successfully un-registered JMX Bean with object name Ratis:service=RaftServer,group=group-C4B9F5E001D8,id=9a7b04b9-ecb0-402e-9b1a-70c07d66a0c5
2019-10-16 06:58:13,994 [ForkJoinPool.commonPool-worker-1] INFO  util.JmxRegister (JmxRegister.java:unregister(73)) - Successfully un-registered JMX Bean with object name Ratis:service=RaftServer,group=group-7506D08E39A4,id=0d57dd7d-c984-49c3-8f07-3b730a00bd72
2019-10-16 06:58:13,995 [Thread-929] INFO  impl.RoleInfo (RoleInfo.java:shutdownLeaderState(104)) - 9a7b04b9-ecb0-402e-9b1a-70c07d66a0c5: shutdown LeaderState
2019-10-16 06:58:13,995 [ForkJoinPool.commonPool-worker-1] INFO  impl.RoleInfo (RoleInfo.java:shutdownLeaderState(104)) - 0d57dd7d-c984-49c3-8f07-3b730a00bd72: shutdown LeaderState
2019-10-16 06:58:13,995 [Thread-929] INFO  impl.PendingRequests (PendingRequests.java:sendNotLeaderResponses(202)) - 9a7b04b9-ecb0-402e-9b1a-70c07d66a0c5@group-C4B9F5E001D8-PendingRequests: sendNotLeaderResponses
2019-10-16 06:58:13,995 [ForkJoinPool.commonPool-worker-1] INFO  impl.PendingRequests (PendingRequests.java:sendNotLeaderResponses(202)) - 0d57dd7d-c984-49c3-8f07-3b730a00bd72@group-7506D08E39A4-PendingRequests: sendNotLeaderResponses
2019-10-16 06:58:13,996 [Thread-929] INFO  impl.StateMachineUpdater (StateMachineUpdater.java:stopAndJoin(136)) - 9a7b04b9-ecb0-402e-9b1a-70c07d66a0c5@group-C4B9F5E001D8-StateMachineUpdater: set stopIndex = 0
2019-10-16 06:58:13,996 [ForkJoinPool.commonPool-worker-1] INFO  impl.StateMachineUpdater (StateMachineUpdater.java:stopAndJoin(136)) - 0d57dd7d-c984-49c3-8f07-3b730a00bd72@group-7506D08E39A4-StateMachineUpdater: set stopIndex = 0
2019-10-16 06:58:13,996 [Thread-929] INFO  impl.RaftServerImpl (ServerState.java:close(388)) - 9a7b04b9-ecb0-402e-9b1a-70c07d66a0c5@group-C4B9F5E001D8: closes. applyIndex: 0
2019-10-16 06:58:13,996 [ForkJoinPool.commonPool-worker-1] INFO  impl.RaftServerImpl (ServerState.java:close(388)) - 0d57dd7d-c984-49c3-8f07-3b730a00bd72@group-7506D08E39A4: closes. applyIndex: 0
2019-10-16 06:58:13,997 [9a7b04b9-ecb0-402e-9b1a-70c07d66a0c5@group-C4B9F5E001D8-SegmentedRaftLogWorker] INFO  segmented.SegmentedRaftLogWorker (SegmentedRaftLogWorker.java:run(316)) - 9a7b04b9-ecb0-402e-9b1a-70c07d66a0c5@group-C4B9F5E001D8-SegmentedRaftLogWorker was interrupted, exiting. There are 0 tasks remaining in the queue.
2019-10-16 06:58:13,997 [0d57dd7d-c984-49c3-8f07-3b730a00bd72@group-7506D08E39A4-SegmentedRaftLogWorker] INFO  segmented.SegmentedRaftLogWorker (SegmentedRaftLogWorker.java:run(316)) - 0d57dd7d-c984-49c3-8f07-3b730a00bd72@group-7506D08E39A4-SegmentedRaftLogWorker was interrupted, exiting. There are 0 tasks remaining in the queue.
2019-10-16 06:58:13,999 [Thread-929] INFO  segmented.SegmentedRaftLogWorker (SegmentedRaftLogWorker.java:close(224)) - 9a7b04b9-ecb0-402e-9b1a-70c07d66a0c5@group-C4B9F5E001D8-SegmentedRaftLogWorker close()
2019-10-16 06:58:14,000 [ForkJoinPool.commonPool-worker-1] INFO  segmented.SegmentedRaftLogWorker (SegmentedRaftLogWorker.java:close(224)) - 0d57dd7d-c984-49c3-8f07-3b730a00bd72@group-7506D08E39A4-SegmentedRaftLogWorker close()
2019-10-16 06:58:14,002 [Thread-929] INFO  impl.RaftServerImpl (RaftServerImpl.java:lambda$shutdown$3(261)) - 9a7b04b9-ecb0-402e-9b1a-70c07d66a0c5@group-D7357BEB07B7: shutdown
2019-10-16 06:58:14,004 [ForkJoinPool.commonPool-worker-1] INFO  impl.RaftServerImpl (RaftServerImpl.java:lambda$shutdown$3(261)) - 0d57dd7d-c984-49c3-8f07-3b730a00bd72@group-D7357BEB07B7: shutdown
2019-10-16 06:58:14,004 [Thread-929] INFO  util.JmxRegister (JmxRegister.java:unregister(73)) - Successfully un-registered JMX Bean with object name Ratis:service=RaftServer,group=group-D7357BEB07B7,id=9a7b04b9-ecb0-402e-9b1a-70c07d66a0c5
2019-10-16 06:58:14,004 [ForkJoinPool.commonPool-worker-1] INFO  util.JmxRegister (JmxRegister.java:unregister(73)) - Successfully un-registered JMX Bean with object name Ratis:service=RaftServer,group=group-D7357BEB07B7,id=0d57dd7d-c984-49c3-8f07-3b730a00bd72
2019-10-16 06:58:14,004 [Thread-929] INFO  impl.RoleInfo (RoleInfo.java:shutdownLeaderState(104)) - 9a7b04b9-ecb0-402e-9b1a-70c07d66a0c5: shutdown LeaderState
2019-10-16 06:58:14,004 [ForkJoinPool.commonPool-worker-1] INFO  impl.RoleInfo (RoleInfo.java:shutdownFollowerState(121)) - 0d57dd7d-c984-49c3-8f07-3b730a00bd72: shutdown FollowerState
2019-10-16 06:58:14,007 [Thread-929] INFO  impl.PendingRequests (PendingRequests.java:sendNotLeaderResponses(202)) - 9a7b04b9-ecb0-402e-9b1a-70c07d66a0c5@group-D7357BEB07B7-PendingRequests: sendNotLeaderResponses
2019-10-16 06:58:14,007 [org.apache.ratis.server.impl.LogAppender$AppenderDaemon$$Lambda$385/458860558@775e5047] WARN  server.GrpcLogAppender (GrpcLogAppender.java:mayWait(149)) - 9a7b04b9-ecb0-402e-9b1a-70c07d66a0c5@group-D7357BEB07B7->63c66ddc-1ed7-4ff3-88f9-e66aa086e06a-GrpcLogAppender: Wait interrupted by java.lang.InterruptedException
2019-10-16 06:58:14,007 [org.apache.ratis.server.impl.LogAppender$AppenderDaemon$$Lambda$385/458860558@4663065e] WARN  server.GrpcLogAppender (GrpcLogAppender.java:mayWait(149)) - 9a7b04b9-ecb0-402e-9b1a-70c07d66a0c5@group-D7357BEB07B7->0d57dd7d-c984-49c3-8f07-3b730a00bd72-GrpcLogAppender: Wait interrupted by java.lang.InterruptedException
2019-10-16 06:58:14,008 [Thread-929] INFO  impl.StateMachineUpdater (StateMachineUpdater.java:stopAndJoin(136)) - 9a7b04b9-ecb0-402e-9b1a-70c07d66a0c5@group-D7357BEB07B7-StateMachineUpdater: set stopIndex = 0
2019-10-16 06:58:14,007 [Thread-1126] INFO  impl.FollowerState (FollowerState.java:run(117)) - 0d57dd7d-c984-49c3-8f07-3b730a00bd72@group-D7357BEB07B7-FollowerState was interrupted: java.lang.InterruptedException: sleep interrupted
2019-10-16 06:58:14,007 [ForkJoinPool.commonPool-worker-1] INFO  impl.StateMachineUpdater (StateMachineUpdater.java:stopAndJoin(136)) - 0d57dd7d-c984-49c3-8f07-3b730a00bd72@group-D7357BEB07B7-StateMachineUpdater: set stopIndex = 0
2019-10-16 06:58:14,009 [grpc-default-executor-1] INFO  server.GrpcServerProtocolService (GrpcServerProtocolService.java:onCompleted(113)) - 63c66ddc-1ed7-4ff3-88f9-e66aa086e06a: Completed APPEND_ENTRIES, lastRequest: 9a7b04b9-ecb0-402e-9b1a-70c07d66a0c5->63c66ddc-1ed7-4ff3-88f9-e66aa086e06a#3-t1, previous=(t:1, i:0), leaderCommit=0, initializing? false, entries: <empty>
2019-10-16 06:58:14,008 [grpc-default-executor-2] INFO  server.GrpcServerProtocolService (GrpcServerProtocolService.java:onCompleted(113)) - 0d57dd7d-c984-49c3-8f07-3b730a00bd72: Completed APPEND_ENTRIES, lastRequest: 9a7b04b9-ecb0-402e-9b1a-70c07d66a0c5->0d57dd7d-c984-49c3-8f07-3b730a00bd72#3-t1, previous=(t:1, i:0), leaderCommit=0, initializing? false, entries: <empty>
2019-10-16 06:58:14,008 [Thread-929] INFO  impl.RaftServerImpl (ServerState.java:close(388)) - 9a7b04b9-ecb0-402e-9b1a-70c07d66a0c5@group-D7357BEB07B7: closes. applyIndex: 0
2019-10-16 06:58:14,009 [ForkJoinPool.commonPool-worker-1] INFO  impl.RaftServerImpl (ServerState.java:close(388)) - 0d57dd7d-c984-49c3-8f07-3b730a00bd72@group-D7357BEB07B7: closes. applyIndex: 0
2019-10-16 06:58:14,009 [9a7b04b9-ecb0-402e-9b1a-70c07d66a0c5@group-D7357BEB07B7-SegmentedRaftLogWorker] INFO  segmented.SegmentedRaftLogWorker (SegmentedRaftLogWorker.java:run(316)) - 9a7b04b9-ecb0-402e-9b1a-70c07d66a0c5@group-D7357BEB07B7-SegmentedRaftLogWorker was interrupted, exiting. There are 0 tasks remaining in the queue.
2019-10-16 06:58:14,010 [grpc-default-executor-1] INFO  server.GrpcLogAppender (GrpcLogAppender.java:onCompleted(308)) - 9a7b04b9-ecb0-402e-9b1a-70c07d66a0c5@group-D7357BEB07B7->0d57dd7d-c984-49c3-8f07-3b730a00bd72-AppendLogResponseHandler: follower responses appendEntries COMPLETED
2019-10-16 06:58:14,009 [grpc-default-executor-2] INFO  server.GrpcLogAppender (GrpcLogAppender.java:onCompleted(308)) - 9a7b04b9-ecb0-402e-9b1a-70c07d66a0c5@group-D7357BEB07B7->63c66ddc-1ed7-4ff3-88f9-e66aa086e06a-AppendLogResponseHandler: follower responses appendEntries COMPLETED
2019-10-16 06:58:14,011 [Thread-929] INFO  segmented.SegmentedRaftLogWorker (SegmentedRaftLogWorker.java:close(224)) - 9a7b04b9-ecb0-402e-9b1a-70c07d66a0c5@group-D7357BEB07B7-SegmentedRaftLogWorker close()
2019-10-16 06:58:14,010 [0d57dd7d-c984-49c3-8f07-3b730a00bd72@group-D7357BEB07B7-SegmentedRaftLogWorker] INFO  segmented.SegmentedRaftLogWorker (SegmentedRaftLogWorker.java:run(316)) - 0d57dd7d-c984-49c3-8f07-3b730a00bd72@group-D7357BEB07B7-SegmentedRaftLogWorker was interrupted, exiting. There are 0 tasks remaining in the queue.
2019-10-16 06:58:14,014 [grpc-default-executor-1] INFO  impl.FollowerInfo (FollowerInfo.java:lambda$new$0(51)) - 9a7b04b9-ecb0-402e-9b1a-70c07d66a0c5@group-D7357BEB07B7->0d57dd7d-c984-49c3-8f07-3b730a00bd72: nextIndex: updateUnconditionally 1 -> 0
2019-10-16 06:58:14,020 [Thread-929] INFO  server.GrpcService (GrpcService.java:closeImpl(164)) - 9a7b04b9-ecb0-402e-9b1a-70c07d66a0c5: shutdown server with port 38170 now
2019-10-16 06:58:14,021 [grpc-default-executor-2] INFO  impl.FollowerInfo (FollowerInfo.java:lambda$new$0(51)) - 9a7b04b9-ecb0-402e-9b1a-70c07d66a0c5@group-D7357BEB07B7->63c66ddc-1ed7-4ff3-88f9-e66aa086e06a: nextIndex: updateUnconditionally 1 -> 0
2019-10-16 06:58:14,022 [Thread-929] INFO  server.GrpcService (GrpcService.java:closeImpl(172)) - 9a7b04b9-ecb0-402e-9b1a-70c07d66a0c5: shutdown server with port 38170 successfully
2019-10-16 06:58:14,029 [ForkJoinPool.commonPool-worker-1] INFO  segmented.SegmentedRaftLogWorker (SegmentedRaftLogWorker.java:close(224)) - 0d57dd7d-c984-49c3-8f07-3b730a00bd72@group-D7357BEB07B7-SegmentedRaftLogWorker close()
2019-10-16 06:58:14,029 [refreshUsed-/workdir/hadoop-ozone/ozonefs/target/test-dir/MiniOzoneClusterImpl-f6b83367-9255-4ea4-9a8f-b3bdc2ce550f/datanode-1/data/containers] WARN  fs.CachingGetSpaceUsed (CachingGetSpaceUsed.java:run(183)) - Thread Interrupted waiting to refresh disk information: sleep interrupted
2019-10-16 06:58:14,033 [ForkJoinPool.commonPool-worker-1] INFO  server.GrpcService (GrpcService.java:closeImpl(164)) - 0d57dd7d-c984-49c3-8f07-3b730a00bd72: shutdown server with port 38784 now
2019-10-16 06:58:14,034 [ForkJoinPool.commonPool-worker-1] INFO  server.GrpcService (GrpcService.java:closeImpl(172)) - 0d57dd7d-c984-49c3-8f07-3b730a00bd72: shutdown server with port 38784 successfully
2019-10-16 06:58:14,035 [refreshUsed-/workdir/hadoop-ozone/ozonefs/target/test-dir/MiniOzoneClusterImpl-f6b83367-9255-4ea4-9a8f-b3bdc2ce550f/datanode-0/data/containers] WARN  fs.CachingGetSpaceUsed (CachingGetSpaceUsed.java:run(183)) - Thread Interrupted waiting to refresh disk information: sleep interrupted
2019-10-16 06:58:14,057 [Thread-929] INFO  utils.BackgroundService (BackgroundService.java:shutdown(151)) - Shutting down service BlockDeletingService
2019-10-16 06:58:14,060 [Thread-929] INFO  statemachine.DatanodeStateMachine (DatanodeStateMachine.java:stopDaemon(395)) - Ozone container server stopped.
2019-10-16 06:58:14,061 [Thread-929] INFO  handler.ContextHandler (ContextHandler.java:doStop(910)) - Stopped o.e.j.w.WebAppContext@606c9d17{/,null,UNAVAILABLE}{/hddsDatanode}
2019-10-16 06:58:14,061 [Thread-929] INFO  server.AbstractConnector (AbstractConnector.java:doStop(318)) - Stopped ServerConnector@48343639{HTTP/1.1,[http/1.1]}{0.0.0.0:0}
2019-10-16 06:58:14,062 [Thread-929] INFO  handler.ContextHandler (ContextHandler.java:doStop(910)) - Stopped o.e.j.s.ServletContextHandler@386a7840{/static,jar:file:/home/user/.m2/repository/org/apache/hadoop/hadoop-hdds-container-service/0.5.0-SNAPSHOT/hadoop-hdds-container-service-0.5.0-SNAPSHOT.jar!/webapps/static,UNAVAILABLE}
2019-10-16 06:58:14,062 [Thread-929] INFO  handler.ContextHandler (ContextHandler.java:doStop(910)) - Stopped o.e.j.s.ServletContextHandler@2512d559{/logs,file:///workdir/hadoop-ozone/ozonefs/target/log,UNAVAILABLE}
2019-10-16 06:58:14,062 [ForkJoinPool.commonPool-worker-1] INFO  utils.BackgroundService (BackgroundService.java:shutdown(151)) - Shutting down service BlockDeletingService
2019-10-16 06:58:14,065 [ForkJoinPool.commonPool-worker-1] INFO  statemachine.DatanodeStateMachine (DatanodeStateMachine.java:stopDaemon(395)) - Ozone container server stopped.
2019-10-16 06:58:14,068 [ForkJoinPool.commonPool-worker-1] INFO  handler.ContextHandler (ContextHandler.java:doStop(910)) - Stopped o.e.j.w.WebAppContext@3d8dcd63{/,null,UNAVAILABLE}{/hddsDatanode}
2019-10-16 06:58:14,068 [ForkJoinPool.commonPool-worker-1] INFO  server.AbstractConnector (AbstractConnector.java:doStop(318)) - Stopped ServerConnector@5fb681fd{HTTP/1.1,[http/1.1]}{0.0.0.0:0}
2019-10-16 06:58:14,071 [ForkJoinPool.commonPool-worker-1] INFO  handler.ContextHandler (ContextHandler.java:doStop(910)) - Stopped o.e.j.s.ServletContextHandler@18c207a0{/static,jar:file:/home/user/.m2/repository/org/apache/hadoop/hadoop-hdds-container-service/0.5.0-SNAPSHOT/hadoop-hdds-container-service-0.5.0-SNAPSHOT.jar!/webapps/static,UNAVAILABLE}
2019-10-16 06:58:14,072 [ForkJoinPool.commonPool-worker-1] INFO  handler.ContextHandler (ContextHandler.java:doStop(910)) - Stopped o.e.j.s.ServletContextHandler@e4f067{/logs,file:///workdir/hadoop-ozone/ozonefs/target/log,UNAVAILABLE}
2019-10-16 06:58:14,820 [Datanode State Machine Thread - 0] INFO  statemachine.DatanodeStateMachine (DatanodeStateMachine.java:lambda$startDaemon$0(350)) - Ozone container server started.
2019-10-16 06:58:18,746 [Thread-1127] INFO  impl.FollowerState (FollowerState.java:run(108)) - 63c66ddc-1ed7-4ff3-88f9-e66aa086e06a@group-D7357BEB07B7-FollowerState: change to CANDIDATE, lastRpcTime:5074ms, electionTimeout:5055ms
2019-10-16 06:58:18,746 [Thread-1127] INFO  impl.RoleInfo (RoleInfo.java:shutdownFollowerState(121)) - 63c66ddc-1ed7-4ff3-88f9-e66aa086e06a: shutdown FollowerState
2019-10-16 06:58:18,747 [Thread-1127] INFO  impl.RaftServerImpl (RaftServerImpl.java:setRole(184)) - 63c66ddc-1ed7-4ff3-88f9-e66aa086e06a@group-D7357BEB07B7: changes role from  FOLLOWER to CANDIDATE at term 1 for changeToCandidate
2019-10-16 06:58:18,747 [Thread-1127] INFO  impl.RoleInfo (RoleInfo.java:updateAndGet(143)) - 63c66ddc-1ed7-4ff3-88f9-e66aa086e06a: start LeaderElection
2019-10-16 06:58:18,747 [63c66ddc-1ed7-4ff3-88f9-e66aa086e06a@group-D7357BEB07B7-LeaderElection28] INFO  impl.RaftServerImpl (ServerState.java:setLeader(256)) - 63c66ddc-1ed7-4ff3-88f9-e66aa086e06a@group-D7357BEB07B7: change Leader from 9a7b04b9-ecb0-402e-9b1a-70c07d66a0c5 to null at term 1 for initElection
2019-10-16 06:58:18,780 [63c66ddc-1ed7-4ff3-88f9-e66aa086e06a@group-D7357BEB07B7-LeaderElection28] INFO  impl.LeaderElection (LeaderElection.java:askForVotes(178)) - 63c66ddc-1ed7-4ff3-88f9-e66aa086e06a@group-D7357BEB07B7-LeaderElection28: begin an election at term 2 for 0: [9a7b04b9-ecb0-402e-9b1a-70c07d66a0c5:192.168.69.104:38170, 63c66ddc-1ed7-4ff3-88f9-e66aa086e06a:192.168.69.104:45386, 0d57dd7d-c984-49c3-8f07-3b730a00bd72:192.168.69.104:38784], old=null
2019-10-16 06:58:18,793 [63c66ddc-1ed7-4ff3-88f9-e66aa086e06a@group-D7357BEB07B7-LeaderElection28] INFO  impl.LeaderElection (LogUtils.java:infoOrTrace(149)) - 63c66ddc-1ed7-4ff3-88f9-e66aa086e06a@group-D7357BEB07B7-LeaderElection28 got exception when requesting votes: {}
java.util.concurrent.ExecutionException: org.apache.ratis.thirdparty.io.grpc.StatusRuntimeException: UNAVAILABLE: io exception
	at java.util.concurrent.FutureTask.report(FutureTask.java:122)
	at java.util.concurrent.FutureTask.get(FutureTask.java:192)
	at org.apache.ratis.server.impl.LeaderElection.waitForResults(LeaderElection.java:259)
	at org.apache.ratis.server.impl.LeaderElection.askForVotes(LeaderElection.java:197)
	at org.apache.ratis.server.impl.LeaderElection.run(LeaderElection.java:133)
	at java.lang.Thread.run(Thread.java:748)
Caused by: org.apache.ratis.thirdparty.io.grpc.StatusRuntimeException: UNAVAILABLE: io exception
	at org.apache.ratis.thirdparty.io.grpc.stub.ClientCalls.toStatusRuntimeException(ClientCalls.java:233)
	at org.apache.ratis.thirdparty.io.grpc.stub.ClientCalls.getUnchecked(ClientCalls.java:214)
	at org.apache.ratis.thirdparty.io.grpc.stub.ClientCalls.blockingUnaryCall(ClientCalls.java:139)
	at org.apache.ratis.proto.grpc.RaftServerProtocolServiceGrpc$RaftServerProtocolServiceBlockingStub.requestVote(RaftServerProtocolServiceGrpc.java:265)
	at org.apache.ratis.grpc.server.GrpcServerProtocolClient.requestVote(GrpcServerProtocolClient.java:99)
	at org.apache.ratis.grpc.server.GrpcService.requestVote(GrpcService.java:204)
	at org.apache.ratis.server.impl.LeaderElection.lambda$submitRequests$1(LeaderElection.java:234)
	at java.util.concurrent.FutureTask.run(FutureTask.java:266)
	at java.util.concurrent.Executors$RunnableAdapter.call(Executors.java:511)
	at java.util.concurrent.FutureTask.run(FutureTask.java:266)
	at java.util.concurrent.ThreadPoolExecutor.runWorker(ThreadPoolExecutor.java:1149)
	at java.util.concurrent.ThreadPoolExecutor$Worker.run(ThreadPoolExecutor.java:624)
	... 1 more
Caused by: org.apache.ratis.thirdparty.io.netty.channel.AbstractChannel$AnnotatedConnectException: Connection refused: /192.168.69.104:38170
	at sun.nio.ch.SocketChannelImpl.checkConnect(Native Method)
	at sun.nio.ch.SocketChannelImpl.finishConnect(SocketChannelImpl.java:717)
	at org.apache.ratis.thirdparty.io.netty.channel.socket.nio.NioSocketChannel.doFinishConnect(NioSocketChannel.java:327)
	at org.apache.ratis.thirdparty.io.netty.channel.nio.AbstractNioChannel$AbstractNioUnsafe.finishConnect(AbstractNioChannel.java:340)
	at org.apache.ratis.thirdparty.io.netty.channel.nio.NioEventLoop.processSelectedKey(NioEventLoop.java:632)
	at org.apache.ratis.thirdparty.io.netty.channel.nio.NioEventLoop.processSelectedKeysOptimized(NioEventLoop.java:579)
	at org.apache.ratis.thirdparty.io.netty.channel.nio.NioEventLoop.processSelectedKeys(NioEventLoop.java:496)
	at org.apache.ratis.thirdparty.io.netty.channel.nio.NioEventLoop.run(NioEventLoop.java:458)
	at org.apache.ratis.thirdparty.io.netty.util.concurrent.SingleThreadEventExecutor$5.run(SingleThreadEventExecutor.java:897)
	at org.apache.ratis.thirdparty.io.netty.util.concurrent.FastThreadLocalRunnable.run(FastThreadLocalRunnable.java:30)
	... 1 more
Caused by: java.net.ConnectException: Connection refused
	... 11 more
2019-10-16 06:58:18,795 [63c66ddc-1ed7-4ff3-88f9-e66aa086e06a@group-D7357BEB07B7-LeaderElection28] INFO  impl.LeaderElection (LogUtils.java:infoOrTrace(149)) - 63c66ddc-1ed7-4ff3-88f9-e66aa086e06a@group-D7357BEB07B7-LeaderElection28 got exception when requesting votes: {}
java.util.concurrent.ExecutionException: org.apache.ratis.thirdparty.io.grpc.StatusRuntimeException: UNAVAILABLE: io exception
	at java.util.concurrent.FutureTask.report(FutureTask.java:122)
	at java.util.concurrent.FutureTask.get(FutureTask.java:192)
	at org.apache.ratis.server.impl.LeaderElection.waitForResults(LeaderElection.java:259)
	at org.apache.ratis.server.impl.LeaderElection.askForVotes(LeaderElection.java:197)
	at org.apache.ratis.server.impl.LeaderElection.run(LeaderElection.java:133)
	at java.lang.Thread.run(Thread.java:748)
Caused by: org.apache.ratis.thirdparty.io.grpc.StatusRuntimeException: UNAVAILABLE: io exception
	at org.apache.ratis.thirdparty.io.grpc.stub.ClientCalls.toStatusRuntimeException(ClientCalls.java:233)
	at org.apache.ratis.thirdparty.io.grpc.stub.ClientCalls.getUnchecked(ClientCalls.java:214)
	at org.apache.ratis.thirdparty.io.grpc.stub.ClientCalls.blockingUnaryCall(ClientCalls.java:139)
	at org.apache.ratis.proto.grpc.RaftServerProtocolServiceGrpc$RaftServerProtocolServiceBlockingStub.requestVote(RaftServerProtocolServiceGrpc.java:265)
	at org.apache.ratis.grpc.server.GrpcServerProtocolClient.requestVote(GrpcServerProtocolClient.java:99)
	at org.apache.ratis.grpc.server.GrpcService.requestVote(GrpcService.java:204)
	at org.apache.ratis.server.impl.LeaderElection.lambda$submitRequests$1(LeaderElection.java:234)
	at java.util.concurrent.FutureTask.run(FutureTask.java:266)
	at java.util.concurrent.Executors$RunnableAdapter.call(Executors.java:511)
	at java.util.concurrent.FutureTask.run(FutureTask.java:266)
	at java.util.concurrent.ThreadPoolExecutor.runWorker(ThreadPoolExecutor.java:1149)
	at java.util.concurrent.ThreadPoolExecutor$Worker.run(ThreadPoolExecutor.java:624)
	... 1 more
Caused by: org.apache.ratis.thirdparty.io.netty.channel.AbstractChannel$AnnotatedConnectException: Connection refused: /192.168.69.104:38784
	at sun.nio.ch.SocketChannelImpl.checkConnect(Native Method)
	at sun.nio.ch.SocketChannelImpl.finishConnect(SocketChannelImpl.java:717)
	at org.apache.ratis.thirdparty.io.netty.channel.socket.nio.NioSocketChannel.doFinishConnect(NioSocketChannel.java:327)
	at org.apache.ratis.thirdparty.io.netty.channel.nio.AbstractNioChannel$AbstractNioUnsafe.finishConnect(AbstractNioChannel.java:340)
	at org.apache.ratis.thirdparty.io.netty.channel.nio.NioEventLoop.processSelectedKey(NioEventLoop.java:632)
	at org.apache.ratis.thirdparty.io.netty.channel.nio.NioEventLoop.processSelectedKeysOptimized(NioEventLoop.java:579)
	at org.apache.ratis.thirdparty.io.netty.channel.nio.NioEventLoop.processSelectedKeys(NioEventLoop.java:496)
	at org.apache.ratis.thirdparty.io.netty.channel.nio.NioEventLoop.run(NioEventLoop.java:458)
	at org.apache.ratis.thirdparty.io.netty.util.concurrent.SingleThreadEventExecutor$5.run(SingleThreadEventExecutor.java:897)
	at org.apache.ratis.thirdparty.io.netty.util.concurrent.FastThreadLocalRunnable.run(FastThreadLocalRunnable.java:30)
	... 1 more
Caused by: java.net.ConnectException: Connection refused
	... 11 more
2019-10-16 06:58:18,796 [63c66ddc-1ed7-4ff3-88f9-e66aa086e06a@group-D7357BEB07B7-LeaderElection28] INFO  impl.LeaderElection (LeaderElection.java:logAndReturn(56)) - 63c66ddc-1ed7-4ff3-88f9-e66aa086e06a@group-D7357BEB07B7-LeaderElection28: Election REJECTED; received 0 response(s) [] and 2 exception(s); 63c66ddc-1ed7-4ff3-88f9-e66aa086e06a@group-D7357BEB07B7:t2, leader=null, voted=63c66ddc-1ed7-4ff3-88f9-e66aa086e06a, raftlog=63c66ddc-1ed7-4ff3-88f9-e66aa086e06a@group-D7357BEB07B7-SegmentedRaftLog:OPENED:c0,f0,i0, conf=0: [9a7b04b9-ecb0-402e-9b1a-70c07d66a0c5:192.168.69.104:38170, 63c66ddc-1ed7-4ff3-88f9-e66aa086e06a:192.168.69.104:45386, 0d57dd7d-c984-49c3-8f07-3b730a00bd72:192.168.69.104:38784], old=null
2019-10-16 06:58:18,796 [63c66ddc-1ed7-4ff3-88f9-e66aa086e06a@group-D7357BEB07B7-LeaderElection28] INFO  impl.LeaderElection (LogUtils.java:infoOrTrace(149)) -   Exception 0: {}
java.util.concurrent.ExecutionException: org.apache.ratis.thirdparty.io.grpc.StatusRuntimeException: UNAVAILABLE: io exception
	at java.util.concurrent.FutureTask.report(FutureTask.java:122)
	at java.util.concurrent.FutureTask.get(FutureTask.java:192)
	at org.apache.ratis.server.impl.LeaderElection.waitForResults(LeaderElection.java:259)
	at org.apache.ratis.server.impl.LeaderElection.askForVotes(LeaderElection.java:197)
	at org.apache.ratis.server.impl.LeaderElection.run(LeaderElection.java:133)
	at java.lang.Thread.run(Thread.java:748)
Caused by: org.apache.ratis.thirdparty.io.grpc.StatusRuntimeException: UNAVAILABLE: io exception
	at org.apache.ratis.thirdparty.io.grpc.stub.ClientCalls.toStatusRuntimeException(ClientCalls.java:233)
	at org.apache.ratis.thirdparty.io.grpc.stub.ClientCalls.getUnchecked(ClientCalls.java:214)
	at org.apache.ratis.thirdparty.io.grpc.stub.ClientCalls.blockingUnaryCall(ClientCalls.java:139)
	at org.apache.ratis.proto.grpc.RaftServerProtocolServiceGrpc$RaftServerProtocolServiceBlockingStub.requestVote(RaftServerProtocolServiceGrpc.java:265)
	at org.apache.ratis.grpc.server.GrpcServerProtocolClient.requestVote(GrpcServerProtocolClient.java:99)
	at org.apache.ratis.grpc.server.GrpcService.requestVote(GrpcService.java:204)
	at org.apache.ratis.server.impl.LeaderElection.lambda$submitRequests$1(LeaderElection.java:234)
	at java.util.concurrent.FutureTask.run(FutureTask.java:266)
	at java.util.concurrent.Executors$RunnableAdapter.call(Executors.java:511)
	at java.util.concurrent.FutureTask.run(FutureTask.java:266)
	at java.util.concurrent.ThreadPoolExecutor.runWorker(ThreadPoolExecutor.java:1149)
	at java.util.concurrent.ThreadPoolExecutor$Worker.run(ThreadPoolExecutor.java:624)
	... 1 more
Caused by: org.apache.ratis.thirdparty.io.netty.channel.AbstractChannel$AnnotatedConnectException: Connection refused: /192.168.69.104:38170
	at sun.nio.ch.SocketChannelImpl.checkConnect(Native Method)
	at sun.nio.ch.SocketChannelImpl.finishConnect(SocketChannelImpl.java:717)
	at org.apache.ratis.thirdparty.io.netty.channel.socket.nio.NioSocketChannel.doFinishConnect(NioSocketChannel.java:327)
	at org.apache.ratis.thirdparty.io.netty.channel.nio.AbstractNioChannel$AbstractNioUnsafe.finishConnect(AbstractNioChannel.java:340)
	at org.apache.ratis.thirdparty.io.netty.channel.nio.NioEventLoop.processSelectedKey(NioEventLoop.java:632)
	at org.apache.ratis.thirdparty.io.netty.channel.nio.NioEventLoop.processSelectedKeysOptimized(NioEventLoop.java:579)
	at org.apache.ratis.thirdparty.io.netty.channel.nio.NioEventLoop.processSelectedKeys(NioEventLoop.java:496)
	at org.apache.ratis.thirdparty.io.netty.channel.nio.NioEventLoop.run(NioEventLoop.java:458)
	at org.apache.ratis.thirdparty.io.netty.util.concurrent.SingleThreadEventExecutor$5.run(SingleThreadEventExecutor.java:897)
	at org.apache.ratis.thirdparty.io.netty.util.concurrent.FastThreadLocalRunnable.run(FastThreadLocalRunnable.java:30)
	... 1 more
Caused by: java.net.ConnectException: Connection refused
	... 11 more
2019-10-16 06:58:18,796 [63c66ddc-1ed7-4ff3-88f9-e66aa086e06a@group-D7357BEB07B7-LeaderElection28] INFO  impl.LeaderElection (LogUtils.java:infoOrTrace(149)) -   Exception 1: {}
java.util.concurrent.ExecutionException: org.apache.ratis.thirdparty.io.grpc.StatusRuntimeException: UNAVAILABLE: io exception
	at java.util.concurrent.FutureTask.report(FutureTask.java:122)
	at java.util.concurrent.FutureTask.get(FutureTask.java:192)
	at org.apache.ratis.server.impl.LeaderElection.waitForResults(LeaderElection.java:259)
	at org.apache.ratis.server.impl.LeaderElection.askForVotes(LeaderElection.java:197)
	at org.apache.ratis.server.impl.LeaderElection.run(LeaderElection.java:133)
	at java.lang.Thread.run(Thread.java:748)
Caused by: org.apache.ratis.thirdparty.io.grpc.StatusRuntimeException: UNAVAILABLE: io exception
	at org.apache.ratis.thirdparty.io.grpc.stub.ClientCalls.toStatusRuntimeException(ClientCalls.java:233)
	at org.apache.ratis.thirdparty.io.grpc.stub.ClientCalls.getUnchecked(ClientCalls.java:214)
	at org.apache.ratis.thirdparty.io.grpc.stub.ClientCalls.blockingUnaryCall(ClientCalls.java:139)
	at org.apache.ratis.proto.grpc.RaftServerProtocolServiceGrpc$RaftServerProtocolServiceBlockingStub.requestVote(RaftServerProtocolServiceGrpc.java:265)
	at org.apache.ratis.grpc.server.GrpcServerProtocolClient.requestVote(GrpcServerProtocolClient.java:99)
	at org.apache.ratis.grpc.server.GrpcService.requestVote(GrpcService.java:204)
	at org.apache.ratis.server.impl.LeaderElection.lambda$submitRequests$1(LeaderElection.java:234)
	at java.util.concurrent.FutureTask.run(FutureTask.java:266)
	at java.util.concurrent.Executors$RunnableAdapter.call(Executors.java:511)
	at java.util.concurrent.FutureTask.run(FutureTask.java:266)
	at java.util.concurrent.ThreadPoolExecutor.runWorker(ThreadPoolExecutor.java:1149)
	at java.util.concurrent.ThreadPoolExecutor$Worker.run(ThreadPoolExecutor.java:624)
	... 1 more
Caused by: org.apache.ratis.thirdparty.io.netty.channel.AbstractChannel$AnnotatedConnectException: Connection refused: /192.168.69.104:38784
	at sun.nio.ch.SocketChannelImpl.checkConnect(Native Method)
	at sun.nio.ch.SocketChannelImpl.finishConnect(SocketChannelImpl.java:717)
	at org.apache.ratis.thirdparty.io.netty.channel.socket.nio.NioSocketChannel.doFinishConnect(NioSocketChannel.java:327)
	at org.apache.ratis.thirdparty.io.netty.channel.nio.AbstractNioChannel$AbstractNioUnsafe.finishConnect(AbstractNioChannel.java:340)
	at org.apache.ratis.thirdparty.io.netty.channel.nio.NioEventLoop.processSelectedKey(NioEventLoop.java:632)
	at org.apache.ratis.thirdparty.io.netty.channel.nio.NioEventLoop.processSelectedKeysOptimized(NioEventLoop.java:579)
	at org.apache.ratis.thirdparty.io.netty.channel.nio.NioEventLoop.processSelectedKeys(NioEventLoop.java:496)
	at org.apache.ratis.thirdparty.io.netty.channel.nio.NioEventLoop.run(NioEventLoop.java:458)
	at org.apache.ratis.thirdparty.io.netty.util.concurrent.SingleThreadEventExecutor$5.run(SingleThreadEventExecutor.java:897)
	at org.apache.ratis.thirdparty.io.netty.util.concurrent.FastThreadLocalRunnable.run(FastThreadLocalRunnable.java:30)
	... 1 more
Caused by: java.net.ConnectException: Connection refused
	... 11 more
2019-10-16 06:58:18,797 [63c66ddc-1ed7-4ff3-88f9-e66aa086e06a@group-D7357BEB07B7-LeaderElection28] INFO  impl.RaftServerImpl (RaftServerImpl.java:setRole(184)) - 63c66ddc-1ed7-4ff3-88f9-e66aa086e06a@group-D7357BEB07B7: changes role from CANDIDATE to FOLLOWER at term 2 for DISCOVERED_A_NEW_TERM
2019-10-16 06:58:18,797 [63c66ddc-1ed7-4ff3-88f9-e66aa086e06a@group-D7357BEB07B7-LeaderElection28] INFO  impl.RoleInfo (RoleInfo.java:shutdownLeaderElection(134)) - 63c66ddc-1ed7-4ff3-88f9-e66aa086e06a: shutdown LeaderElection
2019-10-16 06:58:18,797 [63c66ddc-1ed7-4ff3-88f9-e66aa086e06a@group-D7357BEB07B7-LeaderElection28] INFO  impl.RoleInfo (RoleInfo.java:updateAndGet(143)) - 63c66ddc-1ed7-4ff3-88f9-e66aa086e06a: start FollowerState
2019-10-16 06:58:19,065 [Thread-929] INFO  ozoneimpl.OzoneContainer (OzoneContainer.java:stop(227)) - Attempting to stop container services.
2019-10-16 06:58:19,071 [Thread-929] INFO  impl.RaftServerProxy (RaftServerProxy.java:lambda$close$4(314)) - 63c66ddc-1ed7-4ff3-88f9-e66aa086e06a: close
2019-10-16 06:58:19,072 [Thread-929] INFO  impl.RaftServerImpl (RaftServerImpl.java:lambda$shutdown$3(261)) - 63c66ddc-1ed7-4ff3-88f9-e66aa086e06a@group-F59A83A4DB60: shutdown
2019-10-16 06:58:19,072 [ForkJoinPool.commonPool-worker-0] INFO  impl.RaftServerImpl (RaftServerImpl.java:lambda$shutdown$3(261)) - 63c66ddc-1ed7-4ff3-88f9-e66aa086e06a@group-D7357BEB07B7: shutdown
2019-10-16 06:58:19,072 [Thread-929] INFO  util.JmxRegister (JmxRegister.java:unregister(73)) - Successfully un-registered JMX Bean with object name Ratis:service=RaftServer,group=group-F59A83A4DB60,id=63c66ddc-1ed7-4ff3-88f9-e66aa086e06a
2019-10-16 06:58:19,072 [ForkJoinPool.commonPool-worker-0] INFO  util.JmxRegister (JmxRegister.java:unregister(73)) - Successfully un-registered JMX Bean with object name Ratis:service=RaftServer,group=group-D7357BEB07B7,id=63c66ddc-1ed7-4ff3-88f9-e66aa086e06a
2019-10-16 06:58:19,073 [Thread-929] INFO  impl.RoleInfo (RoleInfo.java:shutdownLeaderState(104)) - 63c66ddc-1ed7-4ff3-88f9-e66aa086e06a: shutdown LeaderState
2019-10-16 06:58:19,073 [ForkJoinPool.commonPool-worker-0] INFO  impl.RoleInfo (RoleInfo.java:shutdownFollowerState(121)) - 63c66ddc-1ed7-4ff3-88f9-e66aa086e06a: shutdown FollowerState
2019-10-16 06:58:19,073 [Thread-929] INFO  impl.PendingRequests (PendingRequests.java:sendNotLeaderResponses(202)) - 63c66ddc-1ed7-4ff3-88f9-e66aa086e06a@group-F59A83A4DB60-PendingRequests: sendNotLeaderResponses
2019-10-16 06:58:19,073 [Thread-1150] INFO  impl.FollowerState (FollowerState.java:run(117)) - 63c66ddc-1ed7-4ff3-88f9-e66aa086e06a@group-D7357BEB07B7-FollowerState was interrupted: java.lang.InterruptedException: sleep interrupted
2019-10-16 06:58:19,073 [ForkJoinPool.commonPool-worker-0] INFO  impl.StateMachineUpdater (StateMachineUpdater.java:stopAndJoin(136)) - 63c66ddc-1ed7-4ff3-88f9-e66aa086e06a@group-D7357BEB07B7-StateMachineUpdater: set stopIndex = 0
2019-10-16 06:58:19,074 [Thread-929] INFO  impl.StateMachineUpdater (StateMachineUpdater.java:stopAndJoin(136)) - 63c66ddc-1ed7-4ff3-88f9-e66aa086e06a@group-F59A83A4DB60-StateMachineUpdater: set stopIndex = 0
2019-10-16 06:58:19,074 [Thread-929] INFO  impl.RaftServerImpl (ServerState.java:close(388)) - 63c66ddc-1ed7-4ff3-88f9-e66aa086e06a@group-F59A83A4DB60: closes. applyIndex: 0
2019-10-16 06:58:19,074 [ForkJoinPool.commonPool-worker-0] INFO  impl.RaftServerImpl (ServerState.java:close(388)) - 63c66ddc-1ed7-4ff3-88f9-e66aa086e06a@group-D7357BEB07B7: closes. applyIndex: 0
2019-10-16 06:58:19,075 [63c66ddc-1ed7-4ff3-88f9-e66aa086e06a@group-F59A83A4DB60-SegmentedRaftLogWorker] INFO  segmented.SegmentedRaftLogWorker (SegmentedRaftLogWorker.java:run(316)) - 63c66ddc-1ed7-4ff3-88f9-e66aa086e06a@group-F59A83A4DB60-SegmentedRaftLogWorker was interrupted, exiting. There are 0 tasks remaining in the queue.
2019-10-16 06:58:19,075 [63c66ddc-1ed7-4ff3-88f9-e66aa086e06a@group-D7357BEB07B7-SegmentedRaftLogWorker] INFO  segmented.SegmentedRaftLogWorker (SegmentedRaftLogWorker.java:run(316)) - 63c66ddc-1ed7-4ff3-88f9-e66aa086e06a@group-D7357BEB07B7-SegmentedRaftLogWorker was interrupted, exiting. There are 0 tasks remaining in the queue.
2019-10-16 06:58:19,075 [Thread-929] INFO  segmented.SegmentedRaftLogWorker (SegmentedRaftLogWorker.java:close(224)) - 63c66ddc-1ed7-4ff3-88f9-e66aa086e06a@group-F59A83A4DB60-SegmentedRaftLogWorker close()
2019-10-16 06:58:19,075 [ForkJoinPool.commonPool-worker-0] INFO  segmented.SegmentedRaftLogWorker (SegmentedRaftLogWorker.java:close(224)) - 63c66ddc-1ed7-4ff3-88f9-e66aa086e06a@group-D7357BEB07B7-SegmentedRaftLogWorker close()
2019-10-16 06:58:19,078 [Thread-929] INFO  server.GrpcService (GrpcService.java:closeImpl(164)) - 63c66ddc-1ed7-4ff3-88f9-e66aa086e06a: shutdown server with port 45386 now
2019-10-16 06:58:19,080 [Thread-929] INFO  server.GrpcService (GrpcService.java:closeImpl(172)) - 63c66ddc-1ed7-4ff3-88f9-e66aa086e06a: shutdown server with port 45386 successfully
2019-10-16 06:58:19,082 [refreshUsed-/workdir/hadoop-ozone/ozonefs/target/test-dir/MiniOzoneClusterImpl-f6b83367-9255-4ea4-9a8f-b3bdc2ce550f/datanode-2/data/containers] WARN  fs.CachingGetSpaceUsed (CachingGetSpaceUsed.java:run(183)) - Thread Interrupted waiting to refresh disk information: sleep interrupted
2019-10-16 06:58:19,110 [Thread-929] INFO  utils.BackgroundService (BackgroundService.java:shutdown(151)) - Shutting down service BlockDeletingService
2019-10-16 06:58:19,112 [Thread-929] INFO  statemachine.DatanodeStateMachine (DatanodeStateMachine.java:stopDaemon(395)) - Ozone container server stopped.
2019-10-16 06:58:19,113 [Thread-929] INFO  handler.ContextHandler (ContextHandler.java:doStop(910)) - Stopped o.e.j.w.WebAppContext@69f34032{/,null,UNAVAILABLE}{/hddsDatanode}
2019-10-16 06:58:19,114 [Thread-929] INFO  server.AbstractConnector (AbstractConnector.java:doStop(318)) - Stopped ServerConnector@4b0ecc3f{HTTP/1.1,[http/1.1]}{0.0.0.0:0}
2019-10-16 06:58:19,114 [Thread-929] INFO  handler.ContextHandler (ContextHandler.java:doStop(910)) - Stopped o.e.j.s.ServletContextHandler@2d049764{/static,jar:file:/home/user/.m2/repository/org/apache/hadoop/hadoop-hdds-container-service/0.5.0-SNAPSHOT/hadoop-hdds-container-service-0.5.0-SNAPSHOT.jar!/webapps/static,UNAVAILABLE}
2019-10-16 06:58:19,115 [Thread-929] INFO  handler.ContextHandler (ContextHandler.java:doStop(910)) - Stopped o.e.j.s.ServletContextHandler@b406f50{/logs,file:///workdir/hadoop-ozone/ozonefs/target/log,UNAVAILABLE}
2019-10-16 06:58:19,115 [Thread-929] INFO  ozone.MiniOzoneClusterImpl (MiniOzoneClusterImpl.java:stopSCM(392)) - Stopping the StorageContainerManager
2019-10-16 06:58:19,115 [Thread-929] INFO  server.StorageContainerManager (StorageContainerManager.java:stop(810)) - Stopping Replication Manager Service.
2019-10-16 06:58:19,116 [Thread-929] INFO  container.ReplicationManager (ReplicationManager.java:stop(203)) - Stopping Replication Monitor Thread.
2019-10-16 06:58:19,116 [Thread-929] INFO  server.StorageContainerManager (StorageContainerManager.java:stop(817)) - Stopping Lease Manager of the command watchers
2019-10-16 06:58:19,116 [Thread-929] INFO  server.StorageContainerManager (StorageContainerManager.java:stop(824)) - Stopping datanode service RPC server
2019-10-16 06:58:19,116 [Thread-929] INFO  server.SCMDatanodeProtocolServer (SCMDatanodeProtocolServer.java:stop(346)) - Stopping the RPC server for DataNodes
2019-10-16 06:58:19,116 [Thread-929] INFO  ipc.Server (Server.java:stop(3082)) - Stopping server on 35161
2019-10-16 06:58:19,119 [IPC Server listener on 35161] INFO  ipc.Server (Server.java:run(1185)) - Stopping IPC Server listener on 35161
2019-10-16 06:58:19,119 [IPC Server Responder] INFO  ipc.Server (Server.java:run(1319)) - Stopping IPC Server Responder
2019-10-16 06:58:19,167 [SCM Heartbeat Processing Thread - 0] WARN  node.NodeStateManager (NodeStateManager.java:scheduleNextHealthCheck(646)) - Current Thread is interrupted, shutting down HB processing thread for Node Manager.
2019-10-16 06:58:19,167 [Thread-929] INFO  server.StorageContainerManager (StorageContainerManager.java:stop(832)) - Stopping block service RPC server
2019-10-16 06:58:19,167 [Thread-929] INFO  server.SCMBlockProtocolServer (SCMBlockProtocolServer.java:stop(155)) - Stopping the RPC server for Block Protocol
2019-10-16 06:58:19,168 [Thread-929] INFO  ipc.Server (Server.java:stop(3082)) - Stopping server on 39427
2019-10-16 06:58:19,169 [IPC Server listener on 39427] INFO  ipc.Server (Server.java:run(1185)) - Stopping IPC Server listener on 39427
2019-10-16 06:58:19,169 [IPC Server Responder] INFO  ipc.Server (Server.java:run(1319)) - Stopping IPC Server Responder
2019-10-16 06:58:19,169 [Thread-929] INFO  server.StorageContainerManager (StorageContainerManager.java:stop(839)) - Stopping the StorageContainerLocationProtocol RPC server
2019-10-16 06:58:19,170 [Thread-929] INFO  server.SCMClientProtocolServer (SCMClientProtocolServer.java:stop(168)) - Stopping the RPC server for Client Protocol
2019-10-16 06:58:19,170 [Thread-929] INFO  ipc.Server (Server.java:stop(3082)) - Stopping server on 43408
2019-10-16 06:58:19,171 [IPC Server listener on 43408] INFO  ipc.Server (Server.java:run(1185)) - Stopping IPC Server listener on 43408
2019-10-16 06:58:19,171 [IPC Server Responder] INFO  ipc.Server (Server.java:run(1319)) - Stopping IPC Server Responder
2019-10-16 06:58:19,171 [Thread-929] INFO  server.StorageContainerManager (StorageContainerManager.java:stop(846)) - Stopping Storage Container Manager HTTP server.
2019-10-16 06:58:19,173 [Thread-929] INFO  handler.ContextHandler (ContextHandler.java:doStop(910)) - Stopped o.e.j.w.WebAppContext@7e8652d9{/,null,UNAVAILABLE}{/scm}
2019-10-16 06:58:19,174 [Thread-929] INFO  server.AbstractConnector (AbstractConnector.java:doStop(318)) - Stopped ServerConnector@3ff618ac{HTTP/1.1,[http/1.1]}{0.0.0.0:0}
2019-10-16 06:58:19,174 [Thread-929] INFO  handler.ContextHandler (ContextHandler.java:doStop(910)) - Stopped o.e.j.s.ServletContextHandler@252332cb{/static,jar:file:/home/user/.m2/repository/org/apache/hadoop/hadoop-hdds-server-scm/0.5.0-SNAPSHOT/hadoop-hdds-server-scm-0.5.0-SNAPSHOT.jar!/webapps/static,UNAVAILABLE}
2019-10-16 06:58:19,175 [Thread-929] INFO  handler.ContextHandler (ContextHandler.java:doStop(910)) - Stopped o.e.j.s.ServletContextHandler@668c78ca{/logs,file:///workdir/hadoop-ozone/ozonefs/target/log,UNAVAILABLE}
2019-10-16 06:58:19,175 [Thread-929] INFO  server.StorageContainerManager (StorageContainerManager.java:stop(857)) - Stopping Block Manager Service.
2019-10-16 06:58:19,175 [Thread-929] INFO  utils.BackgroundService (BackgroundService.java:shutdown(151)) - Shutting down service SCMBlockDeletingService
2019-10-16 06:58:19,176 [Thread-929] INFO  utils.BackgroundService (BackgroundService.java:shutdown(151)) - Shutting down service SCMBlockDeletingService
2019-10-16 06:58:19,176 [Thread-929] INFO  server.StorageContainerManager (StorageContainerManager.java:stop(879)) - Stopping SCM Event Queue.
2019-10-16 06:58:19,179 [Thread-929] INFO  impl.MetricsSystemImpl (MetricsSystemImpl.java:stop(210)) - Stopping HddsDatanode metrics system...
2019-10-16 06:58:19,183 [Thread-929] INFO  impl.MetricsSystemImpl (MetricsSystemImpl.java:stop(216)) - HddsDatanode metrics system stopped.
]]></system-out>
  </testcase>
  <testcase name="testDeleteCreatesFakeParentDir" classname="org.apache.hadoop.fs.ozone.TestOzoneFileSystem" time="16.536">
    <error message="Releasing lock on resource /volume82620/bucket01404 without acquiring lock&#10;	at org.apache.hadoop.ozone.lock.LockManager.getLockForReleasing(LockManager.java:220)&#10;	at org.apache.hadoop.ozone.lock.LockManager.release(LockManager.java:168)&#10;	at org.apache.hadoop.ozone.lock.LockManager.writeUnlock(LockManager.java:148)&#10;	at org.apache.hadoop.ozone.om.lock.OzoneManagerLock.unlock(OzoneManagerLock.java:364)&#10;	at org.apache.hadoop.ozone.om.lock.OzoneManagerLock.releaseWriteLock(OzoneManagerLock.java:329)&#10;	at org.apache.hadoop.ozone.om.request.key.OMKeyCommitRequest.validateAndUpdateCache(OMKeyCommitRequest.java:177)&#10;	at org.apache.hadoop.ozone.protocolPB.OzoneManagerProtocolServerSideTranslatorPB.submitRequestDirectlyToOM(OzoneManagerProtocolServerSideTranslatorPB.java:219)&#10;	at org.apache.hadoop.ozone.protocolPB.OzoneManagerProtocolServerSideTranslatorPB.processRequest(OzoneManagerProtocolServerSideTranslatorPB.java:134)&#10;	at org.apache.hadoop.hdds.server.OzoneProtocolMessageDispatcher.processRequest(OzoneProtocolMessageDispatcher.java:72)&#10;	at org.apache.hadoop.ozone.protocolPB.OzoneManagerProtocolServerSideTranslatorPB.submitRequest(OzoneManagerProtocolServerSideTranslatorPB.java:100)&#10;	at org.apache.hadoop.ozone.protocol.proto.OzoneManagerProtocolProtos$OzoneManagerService$2.callBlockingMethod(OzoneManagerProtocolProtos.java)&#10;	at org.apache.hadoop.ipc.ProtobufRpcEngine$Server$ProtoBufRpcInvoker.call(ProtobufRpcEngine.java:524)&#10;	at org.apache.hadoop.ipc.RPC$Server.call(RPC.java:1025)&#10;	at org.apache.hadoop.ipc.Server$RpcCall.run(Server.java:876)&#10;	at org.apache.hadoop.ipc.Server$RpcCall.run(Server.java:822)&#10;	at java.security.AccessController.doPrivileged(Native Method)&#10;	at javax.security.auth.Subject.doAs(Subject.java:422)&#10;	at org.apache.hadoop.security.UserGroupInformation.doAs(UserGroupInformation.java:1730)&#10;	at org.apache.hadoop.ipc.Server$Handler.run(Server.java:2682)&#10;" type="org.apache.hadoop.ipc.RemoteException(java.lang.IllegalMonitorStateException)">org.apache.hadoop.ipc.RemoteException(java.lang.IllegalMonitorStateException): Releasing lock on resource /volume82620/bucket01404 without acquiring lock
	at org.apache.hadoop.ozone.lock.LockManager.getLockForReleasing(LockManager.java:220)
	at org.apache.hadoop.ozone.lock.LockManager.release(LockManager.java:168)
	at org.apache.hadoop.ozone.lock.LockManager.writeUnlock(LockManager.java:148)
	at org.apache.hadoop.ozone.om.lock.OzoneManagerLock.unlock(OzoneManagerLock.java:364)
	at org.apache.hadoop.ozone.om.lock.OzoneManagerLock.releaseWriteLock(OzoneManagerLock.java:329)
	at org.apache.hadoop.ozone.om.request.key.OMKeyCommitRequest.validateAndUpdateCache(OMKeyCommitRequest.java:177)
	at org.apache.hadoop.ozone.protocolPB.OzoneManagerProtocolServerSideTranslatorPB.submitRequestDirectlyToOM(OzoneManagerProtocolServerSideTranslatorPB.java:219)
	at org.apache.hadoop.ozone.protocolPB.OzoneManagerProtocolServerSideTranslatorPB.processRequest(OzoneManagerProtocolServerSideTranslatorPB.java:134)
	at org.apache.hadoop.hdds.server.OzoneProtocolMessageDispatcher.processRequest(OzoneProtocolMessageDispatcher.java:72)
	at org.apache.hadoop.ozone.protocolPB.OzoneManagerProtocolServerSideTranslatorPB.submitRequest(OzoneManagerProtocolServerSideTranslatorPB.java:100)
	at org.apache.hadoop.ozone.protocol.proto.OzoneManagerProtocolProtos$OzoneManagerService$2.callBlockingMethod(OzoneManagerProtocolProtos.java)
	at org.apache.hadoop.ipc.ProtobufRpcEngine$Server$ProtoBufRpcInvoker.call(ProtobufRpcEngine.java:524)
	at org.apache.hadoop.ipc.RPC$Server.call(RPC.java:1025)
	at org.apache.hadoop.ipc.Server$RpcCall.run(Server.java:876)
	at org.apache.hadoop.ipc.Server$RpcCall.run(Server.java:822)
	at java.security.AccessController.doPrivileged(Native Method)
	at javax.security.auth.Subject.doAs(Subject.java:422)
	at org.apache.hadoop.security.UserGroupInformation.doAs(UserGroupInformation.java:1730)
	at org.apache.hadoop.ipc.Server$Handler.run(Server.java:2682)

	at org.apache.hadoop.ipc.Client.getRpcResponse(Client.java:1511)
	at org.apache.hadoop.ipc.Client.call(Client.java:1457)
	at org.apache.hadoop.ipc.Client.call(Client.java:1367)
	at org.apache.hadoop.ipc.ProtobufRpcEngine$Invoker.invoke(ProtobufRpcEngine.java:228)
	at org.apache.hadoop.ipc.ProtobufRpcEngine$Invoker.invoke(ProtobufRpcEngine.java:116)
	at com.sun.proxy.$Proxy37.submitRequest(Unknown Source)
	at sun.reflect.GeneratedMethodAccessor19.invoke(Unknown Source)
	at sun.reflect.DelegatingMethodAccessorImpl.invoke(DelegatingMethodAccessorImpl.java:43)
	at java.lang.reflect.Method.invoke(Method.java:498)
	at org.apache.hadoop.io.retry.RetryInvocationHandler.invokeMethod(RetryInvocationHandler.java:422)
	at org.apache.hadoop.io.retry.RetryInvocationHandler$Call.invokeMethod(RetryInvocationHandler.java:165)
	at org.apache.hadoop.io.retry.RetryInvocationHandler$Call.invoke(RetryInvocationHandler.java:157)
	at org.apache.hadoop.io.retry.RetryInvocationHandler$Call.invokeOnce(RetryInvocationHandler.java:95)
	at org.apache.hadoop.io.retry.RetryInvocationHandler.invoke(RetryInvocationHandler.java:359)
	at com.sun.proxy.$Proxy37.submitRequest(Unknown Source)
	at org.apache.hadoop.ozone.om.protocolPB.OzoneManagerProtocolClientSideTranslatorPB.submitRequest(OzoneManagerProtocolClientSideTranslatorPB.java:338)
	at org.apache.hadoop.ozone.om.protocolPB.OzoneManagerProtocolClientSideTranslatorPB.commitKey(OzoneManagerProtocolClientSideTranslatorPB.java:789)
	at sun.reflect.NativeMethodAccessorImpl.invoke0(Native Method)
	at sun.reflect.NativeMethodAccessorImpl.invoke(NativeMethodAccessorImpl.java:62)
	at sun.reflect.DelegatingMethodAccessorImpl.invoke(DelegatingMethodAccessorImpl.java:43)
	at java.lang.reflect.Method.invoke(Method.java:498)
	at org.apache.hadoop.hdds.tracing.TraceAllMethod.invoke(TraceAllMethod.java:66)
	at com.sun.proxy.$Proxy38.commitKey(Unknown Source)
	at org.apache.hadoop.ozone.client.io.BlockOutputStreamEntryPool.commitKey(BlockOutputStreamEntryPool.java:277)
	at org.apache.hadoop.ozone.client.io.KeyOutputStream.close(KeyOutputStream.java:474)
	at org.apache.hadoop.fs.ozone.OzoneFSOutputStream.close(OzoneFSOutputStream.java:56)
	at org.apache.hadoop.fs.FSDataOutputStream$PositionCache.close(FSDataOutputStream.java:72)
	at org.apache.hadoop.fs.FSDataOutputStream.close(FSDataOutputStream.java:101)
	at org.apache.hadoop.fs.contract.ContractTestUtils.createFile(ContractTestUtils.java:638)
	at org.apache.hadoop.fs.contract.ContractTestUtils.touch(ContractTestUtils.java:669)
	at org.apache.hadoop.fs.ozone.TestOzoneFileSystem.testDeleteCreatesFakeParentDir(TestOzoneFileSystem.java:134)
	at sun.reflect.NativeMethodAccessorImpl.invoke0(Native Method)
	at sun.reflect.NativeMethodAccessorImpl.invoke(NativeMethodAccessorImpl.java:62)
	at sun.reflect.DelegatingMethodAccessorImpl.invoke(DelegatingMethodAccessorImpl.java:43)
	at java.lang.reflect.Method.invoke(Method.java:498)
	at org.junit.runners.model.FrameworkMethod$1.runReflectiveCall(FrameworkMethod.java:47)
	at org.junit.internal.runners.model.ReflectiveCallable.run(ReflectiveCallable.java:12)
	at org.junit.runners.model.FrameworkMethod.invokeExplosively(FrameworkMethod.java:44)
	at org.junit.internal.runners.statements.InvokeMethod.evaluate(InvokeMethod.java:17)
	at org.junit.internal.runners.statements.RunBefores.evaluate(RunBefores.java:26)
	at org.junit.internal.runners.statements.RunAfters.evaluate(RunAfters.java:27)
	at org.junit.internal.runners.statements.FailOnTimeout$StatementThread.run(FailOnTimeout.java:74)
</error>
    <system-out><![CDATA[2019-10-16 06:58:19,210 [Thread-1151] WARN  server.ServerUtils (ServerUtils.java:getScmDbDir(145)) - ozone.scm.db.dirs is not configured. We recommend adding this setting. Falling back to ozone.metadata.dirs instead.
2019-10-16 06:58:19,224 [Thread-1151] WARN  server.ServerUtils (ServerUtils.java:getScmDbDir(145)) - ozone.scm.db.dirs is not configured. We recommend adding this setting. Falling back to ozone.metadata.dirs instead.
2019-10-16 06:58:19,224 [Thread-1151] WARN  server.ServerUtils (ServerUtils.java:getScmDbDir(145)) - ozone.scm.db.dirs is not configured. We recommend adding this setting. Falling back to ozone.metadata.dirs instead.
2019-10-16 06:58:19,225 [Thread-1151] INFO  db.DBStoreBuilder (DBStoreBuilder.java:addTable(117)) - using custom profile for table: deletedBlocks
2019-10-16 06:58:19,225 [Thread-1151] INFO  db.DBStoreBuilder (DBStoreBuilder.java:processTables(168)) - Using default column profile:DBProfile.DISK for Table:deletedBlocks
2019-10-16 06:58:19,225 [Thread-1151] INFO  db.DBStoreBuilder (DBStoreBuilder.java:addTable(117)) - using custom profile for table: validCerts
2019-10-16 06:58:19,225 [Thread-1151] INFO  db.DBStoreBuilder (DBStoreBuilder.java:processTables(168)) - Using default column profile:DBProfile.DISK for Table:validCerts
2019-10-16 06:58:19,225 [Thread-1151] INFO  db.DBStoreBuilder (DBStoreBuilder.java:addTable(117)) - using custom profile for table: revokedCerts
2019-10-16 06:58:19,225 [Thread-1151] INFO  db.DBStoreBuilder (DBStoreBuilder.java:processTables(168)) - Using default column profile:DBProfile.DISK for Table:revokedCerts
2019-10-16 06:58:19,225 [Thread-1151] INFO  db.DBStoreBuilder (DBStoreBuilder.java:addTable(117)) - using custom profile for table: default
2019-10-16 06:58:19,225 [Thread-1151] INFO  db.DBStoreBuilder (DBStoreBuilder.java:processTables(174)) - Using default column profile:DBProfile.DISK for Table:default
2019-10-16 06:58:19,226 [Thread-1151] INFO  db.DBStoreBuilder (DBStoreBuilder.java:getDbProfile(205)) - Using default options. DBProfile.DISK
2019-10-16 06:58:19,360 [Thread-1151] INFO  net.NodeSchemaLoader (NodeSchemaLoader.java:loadSchemaFromFile(125)) - Loading file from sun.misc.CompoundEnumeration@411bebd7
2019-10-16 06:58:19,360 [Thread-1151] INFO  net.NodeSchemaLoader (NodeSchemaLoader.java:loadSchema(171)) - Loading network topology layer schema file
2019-10-16 06:58:19,364 [Thread-1151] WARN  server.ServerUtils (ServerUtils.java:sanitizeUserArgs(70)) - ozone.scm.stale.node.interval value = 300000 is larger than max = 100000 based on the key value of ozone.scm.heartbeat.thread.interval, reset to the max value 100000.
2019-10-16 06:58:19,364 [Thread-1151] WARN  server.ServerUtils (ServerUtils.java:sanitizeUserArgs(70)) - ozone.scm.stale.node.interval value = 300000 is larger than max = 100000 based on the key value of ozone.scm.heartbeat.thread.interval, reset to the max value 100000.
2019-10-16 06:58:19,364 [Thread-1151] INFO  node.SCMNodeManager (SCMNodeManager.java:<init>(116)) - Entering startup safe mode.
2019-10-16 06:58:19,365 [Thread-1151] INFO  algorithms.ContainerPlacementPolicyFactory (ContainerPlacementPolicyFactory.java:getPolicy(57)) - Create container placement policy of type org.apache.hadoop.hdds.scm.container.placement.algorithms.SCMContainerPlacementRandom
2019-10-16 06:58:19,365 [Thread-1151] WARN  server.ServerUtils (ServerUtils.java:getScmDbDir(145)) - ozone.scm.db.dirs is not configured. We recommend adding this setting. Falling back to ozone.metadata.dirs instead.
2019-10-16 06:58:19,392 [Thread-1151] INFO  pipeline.SCMPipelineManager (SCMPipelineManager.java:initializePipelineState(132)) - No pipeline exists in current db
2019-10-16 06:58:19,392 [Thread-1151] WARN  server.ServerUtils (ServerUtils.java:getScmDbDir(145)) - ozone.scm.db.dirs is not configured. We recommend adding this setting. Falling back to ozone.metadata.dirs instead.
2019-10-16 06:58:19,456 [Thread-1151] WARN  events.EventQueue (EventQueue.java:fireEvent(183)) - No event handler registered for event TypedEvent{payloadType=SafeModeStatus, name='SafeModeStatus'}
2019-10-16 06:58:19,457 [Thread-1151] INFO  ipc.CallQueueManager (CallQueueManager.java:<init>(84)) - Using callQueue: class java.util.concurrent.LinkedBlockingQueue, queueCapacity: 2000, scheduler: class org.apache.hadoop.ipc.DefaultRpcScheduler, ipcBackoff: false.
2019-10-16 06:58:19,458 [Socket Reader #1 for port 35107] INFO  ipc.Server (Server.java:run(1074)) - Starting Socket Reader #1 for port 35107
2019-10-16 06:58:19,459 [Thread-1151] INFO  ipc.CallQueueManager (CallQueueManager.java:<init>(84)) - Using callQueue: class java.util.concurrent.LinkedBlockingQueue, queueCapacity: 2000, scheduler: class org.apache.hadoop.ipc.DefaultRpcScheduler, ipcBackoff: false.
2019-10-16 06:58:19,460 [Socket Reader #1 for port 46547] INFO  ipc.Server (Server.java:run(1074)) - Starting Socket Reader #1 for port 46547
2019-10-16 06:58:19,461 [Thread-1151] INFO  ipc.CallQueueManager (CallQueueManager.java:<init>(84)) - Using callQueue: class java.util.concurrent.LinkedBlockingQueue, queueCapacity: 2000, scheduler: class org.apache.hadoop.ipc.DefaultRpcScheduler, ipcBackoff: false.
2019-10-16 06:58:19,461 [Socket Reader #1 for port 39270] INFO  ipc.Server (Server.java:run(1074)) - Starting Socket Reader #1 for port 39270
2019-10-16 06:58:19,466 [Thread-1151] INFO  hdfs.DFSUtil (DFSUtil.java:httpServerTemplateForNNAndJN(1641)) - Starting Web-server for scm at: http://0.0.0.0:0
2019-10-16 06:58:19,468 [Thread-1151] INFO  server.AuthenticationFilter (AuthenticationFilter.java:constructSecretProvider(240)) - Unable to initialize FileSignerSecretProvider, falling back to use random secrets.
2019-10-16 06:58:19,469 [Thread-1151] WARN  http.HttpRequestLog (HttpRequestLog.java:getRequestLog(97)) - Jetty request log can only be enabled using Log4j
2019-10-16 06:58:19,471 [Thread-1151] INFO  http.HttpServer2 (HttpServer2.java:addGlobalFilter(975)) - Added global filter 'safety' (class=org.apache.hadoop.http.HttpServer2$QuotingInputFilter)
2019-10-16 06:58:19,471 [Thread-1151] INFO  http.HttpServer2 (HttpServer2.java:addFilter(948)) - Added filter static_user_filter (class=org.apache.hadoop.http.lib.StaticUserWebFilter$StaticUserFilter) to context scm
2019-10-16 06:58:19,471 [Thread-1151] INFO  http.HttpServer2 (HttpServer2.java:addFilter(958)) - Added filter static_user_filter (class=org.apache.hadoop.http.lib.StaticUserWebFilter$StaticUserFilter) to context logs
2019-10-16 06:58:19,472 [Thread-1151] INFO  http.HttpServer2 (HttpServer2.java:addFilter(958)) - Added filter static_user_filter (class=org.apache.hadoop.http.lib.StaticUserWebFilter$StaticUserFilter) to context static
2019-10-16 06:58:19,473 [Thread-1151] INFO  server.StorageContainerManager (StorageContainerManager.java:start(772)) - StorageContainerLocationProtocol RPC server is listening at /0.0.0.0:39270
2019-10-16 06:58:19,475 [Thread-1151] WARN  impl.MetricsConfig (MetricsConfig.java:loadFirst(134)) - Cannot locate configuration: tried hadoop-metrics2-storagecontainermanager.properties,hadoop-metrics2.properties
2019-10-16 06:58:19,476 [Thread-1151] INFO  impl.MetricsSystemImpl (MetricsSystemImpl.java:startTimer(374)) - Scheduled Metric snapshot period at 10 second(s).
2019-10-16 06:58:19,476 [Thread-1151] INFO  impl.MetricsSystemImpl (MetricsSystemImpl.java:start(191)) - StorageContainerManager metrics system started
2019-10-16 06:58:19,501 [Thread-1151] WARN  impl.MetricsSystemImpl (MetricsSystemImpl.java:register(276)) - Sink prometheus already exists!
2019-10-16 06:58:19,564 [Thread-1151] INFO  server.SCMClientProtocolServer (SCMClientProtocolServer.java:start(159)) - RPC server for Client  is listening at /0.0.0.0:39270
2019-10-16 06:58:19,564 [IPC Server Responder] INFO  ipc.Server (Server.java:run(1314)) - IPC Server Responder: starting
2019-10-16 06:58:19,564 [IPC Server listener on 39270] INFO  ipc.Server (Server.java:run(1153)) - IPC Server listener on 39270: starting
2019-10-16 06:58:19,568 [Thread-1151] INFO  server.StorageContainerManager (StorageContainerManager.java:start(782)) - ScmBlockLocationProtocol RPC server is listening at /0.0.0.0:46547
2019-10-16 06:58:19,568 [Thread-1151] INFO  server.SCMBlockProtocolServer (SCMBlockProtocolServer.java:start(146)) - RPC server for Block Protocol is listening at /0.0.0.0:46547
2019-10-16 06:58:19,568 [IPC Server Responder] INFO  ipc.Server (Server.java:run(1314)) - IPC Server Responder: starting
2019-10-16 06:58:19,568 [IPC Server listener on 46547] INFO  ipc.Server (Server.java:run(1153)) - IPC Server listener on 46547: starting
2019-10-16 06:58:19,571 [Thread-1151] INFO  server.StorageContainerManager (StorageContainerManager.java:start(786)) - ScmDatanodeProtocl RPC server is listening at /0.0.0.0:35107
2019-10-16 06:58:19,572 [Thread-1151] INFO  server.SCMDatanodeProtocolServer (SCMDatanodeProtocolServer.java:start(169)) - RPC server for DataNodes is listening at /0.0.0.0:35107
2019-10-16 06:58:19,572 [IPC Server Responder] INFO  ipc.Server (Server.java:run(1314)) - IPC Server Responder: starting
2019-10-16 06:58:19,575 [IPC Server listener on 35107] INFO  ipc.Server (Server.java:run(1153)) - IPC Server listener on 35107: starting
2019-10-16 06:58:19,579 [Thread-1151] INFO  http.HttpServer2 (HttpServer2.java:bindListener(1191)) - Jetty bound to port 45290
2019-10-16 06:58:19,579 [Thread-1151] INFO  server.Server (Server.java:doStart(351)) - jetty-9.3.25.v20180904, build timestamp: 2018-09-04T21:11:46Z, git hash: 3ce520221d0240229c862b122d2b06c12a625732
2019-10-16 06:58:19,580 [Thread-1151] INFO  handler.ContextHandler (ContextHandler.java:doStart(781)) - Started o.e.j.s.ServletContextHandler@6e4e8ae7{/logs,file:///workdir/hadoop-ozone/ozonefs/target/log,AVAILABLE}
2019-10-16 06:58:19,581 [Thread-1151] INFO  handler.ContextHandler (ContextHandler.java:doStart(781)) - Started o.e.j.s.ServletContextHandler@7c6e1353{/static,jar:file:/home/user/.m2/repository/org/apache/hadoop/hadoop-hdds-server-scm/0.5.0-SNAPSHOT/hadoop-hdds-server-scm-0.5.0-SNAPSHOT.jar!/webapps/static,AVAILABLE}
2019-10-16 06:58:19,620 [Thread-1151] INFO  handler.ContextHandler (ContextHandler.java:doStart(781)) - Started o.e.j.w.WebAppContext@6ee17388{/,file:///tmp/jetty-0.0.0.0-45290-scm-_-any-8666640046197164897.dir/webapp/,AVAILABLE}{/scm}
2019-10-16 06:58:19,621 [Thread-1151] INFO  server.AbstractConnector (AbstractConnector.java:doStart(278)) - Started ServerConnector@2607240c{HTTP/1.1,[http/1.1]}{0.0.0.0:45290}
2019-10-16 06:58:19,622 [Thread-1151] INFO  server.Server (Server.java:doStart(419)) - Started @91325ms
2019-10-16 06:58:19,622 [Thread-1151] WARN  impl.MetricsSystemImpl (MetricsSystemImpl.java:register(276)) - Sink prometheus already exists!
2019-10-16 06:58:19,623 [Thread-1151] INFO  server.BaseHttpServer (BaseHttpServer.java:updateConnectorAddress(215)) - HTTP server of SCM is listening at http://0.0.0.0:45290
2019-10-16 06:58:19,623 [Thread-1151] WARN  server.ServerUtils (ServerUtils.java:getDBPath(222)) - ozone.om.db.dirs is not configured. We recommend adding this setting. Falling back to ozone.metadata.dirs instead.
2019-10-16 06:58:19,624 [org.apache.hadoop.util.JvmPauseMonitor$Monitor@7dcccf83] INFO  util.JvmPauseMonitor (JvmPauseMonitor.java:run(188)) - Starting JVM pause monitor
2019-10-16 06:58:19,638 [Thread-1151] INFO  ha.OMHANodeDetails (OMHANodeDetails.java:loadOMHAConfig(190)) - Configuration either no ozone.om.address set. Falling back to the default OM address /127.0.0.1:0
2019-10-16 06:58:19,638 [Thread-1151] INFO  ha.OMHANodeDetails (OMHANodeDetails.java:getOMNodeDetails(220)) - OM Service ID is not set. Setting it to the default ID: omServiceIdDefault
2019-10-16 06:58:19,638 [Thread-1151] WARN  server.ServerUtils (ServerUtils.java:getDBPath(222)) - ozone.om.db.dirs is not configured. We recommend adding this setting. Falling back to ozone.metadata.dirs instead.
2019-10-16 06:58:19,638 [Thread-1151] WARN  server.ServerUtils (ServerUtils.java:getDBPath(222)) - ozone.om.db.dirs is not configured. We recommend adding this setting. Falling back to ozone.metadata.dirs instead.
2019-10-16 06:58:19,650 [Thread-1151] WARN  server.ServerUtils (ServerUtils.java:getDBPath(222)) - ozone.om.db.dirs is not configured. We recommend adding this setting. Falling back to ozone.metadata.dirs instead.
2019-10-16 06:58:19,650 [Thread-1151] INFO  db.DBStoreBuilder (DBStoreBuilder.java:addTable(117)) - using custom profile for table: userTable
2019-10-16 06:58:19,650 [Thread-1151] INFO  db.DBStoreBuilder (DBStoreBuilder.java:processTables(168)) - Using default column profile:DBProfile.DISK for Table:userTable
2019-10-16 06:58:19,650 [Thread-1151] INFO  db.DBStoreBuilder (DBStoreBuilder.java:addTable(117)) - using custom profile for table: volumeTable
2019-10-16 06:58:19,651 [Thread-1151] INFO  db.DBStoreBuilder (DBStoreBuilder.java:processTables(168)) - Using default column profile:DBProfile.DISK for Table:volumeTable
2019-10-16 06:58:19,651 [Thread-1151] INFO  db.DBStoreBuilder (DBStoreBuilder.java:addTable(117)) - using custom profile for table: bucketTable
2019-10-16 06:58:19,651 [Thread-1151] INFO  db.DBStoreBuilder (DBStoreBuilder.java:processTables(168)) - Using default column profile:DBProfile.DISK for Table:bucketTable
2019-10-16 06:58:19,651 [Thread-1151] INFO  db.DBStoreBuilder (DBStoreBuilder.java:addTable(117)) - using custom profile for table: keyTable
2019-10-16 06:58:19,651 [Thread-1151] INFO  db.DBStoreBuilder (DBStoreBuilder.java:processTables(168)) - Using default column profile:DBProfile.DISK for Table:keyTable
2019-10-16 06:58:19,651 [Thread-1151] INFO  db.DBStoreBuilder (DBStoreBuilder.java:addTable(117)) - using custom profile for table: deletedTable
2019-10-16 06:58:19,651 [Thread-1151] INFO  db.DBStoreBuilder (DBStoreBuilder.java:processTables(168)) - Using default column profile:DBProfile.DISK for Table:deletedTable
2019-10-16 06:58:19,651 [Thread-1151] INFO  db.DBStoreBuilder (DBStoreBuilder.java:addTable(117)) - using custom profile for table: openKeyTable
2019-10-16 06:58:19,652 [Thread-1151] INFO  db.DBStoreBuilder (DBStoreBuilder.java:processTables(168)) - Using default column profile:DBProfile.DISK for Table:openKeyTable
2019-10-16 06:58:19,652 [Thread-1151] INFO  db.DBStoreBuilder (DBStoreBuilder.java:addTable(117)) - using custom profile for table: s3Table
2019-10-16 06:58:19,652 [Thread-1151] INFO  db.DBStoreBuilder (DBStoreBuilder.java:processTables(168)) - Using default column profile:DBProfile.DISK for Table:s3Table
2019-10-16 06:58:19,652 [Thread-1151] INFO  db.DBStoreBuilder (DBStoreBuilder.java:addTable(117)) - using custom profile for table: multipartInfoTable
2019-10-16 06:58:19,652 [Thread-1151] INFO  db.DBStoreBuilder (DBStoreBuilder.java:processTables(168)) - Using default column profile:DBProfile.DISK for Table:multipartInfoTable
2019-10-16 06:58:19,652 [Thread-1151] INFO  db.DBStoreBuilder (DBStoreBuilder.java:addTable(117)) - using custom profile for table: dTokenTable
2019-10-16 06:58:19,652 [Thread-1151] INFO  db.DBStoreBuilder (DBStoreBuilder.java:processTables(168)) - Using default column profile:DBProfile.DISK for Table:dTokenTable
2019-10-16 06:58:19,652 [Thread-1151] INFO  db.DBStoreBuilder (DBStoreBuilder.java:addTable(117)) - using custom profile for table: s3SecretTable
2019-10-16 06:58:19,652 [Thread-1151] INFO  db.DBStoreBuilder (DBStoreBuilder.java:processTables(168)) - Using default column profile:DBProfile.DISK for Table:s3SecretTable
2019-10-16 06:58:19,653 [Thread-1151] INFO  db.DBStoreBuilder (DBStoreBuilder.java:addTable(117)) - using custom profile for table: prefixTable
2019-10-16 06:58:19,653 [Thread-1151] INFO  db.DBStoreBuilder (DBStoreBuilder.java:processTables(168)) - Using default column profile:DBProfile.DISK for Table:prefixTable
2019-10-16 06:58:19,653 [Thread-1151] INFO  db.DBStoreBuilder (DBStoreBuilder.java:addTable(117)) - using custom profile for table: default
2019-10-16 06:58:19,653 [Thread-1151] INFO  db.DBStoreBuilder (DBStoreBuilder.java:processTables(174)) - Using default column profile:DBProfile.DISK for Table:default
2019-10-16 06:58:19,653 [Thread-1151] INFO  db.DBStoreBuilder (DBStoreBuilder.java:getDbProfile(205)) - Using default options. DBProfile.DISK
2019-10-16 06:58:20,060 [Thread-1151] INFO  ipc.CallQueueManager (CallQueueManager.java:<init>(84)) - Using callQueue: class java.util.concurrent.LinkedBlockingQueue, queueCapacity: 2000, scheduler: class org.apache.hadoop.ipc.DefaultRpcScheduler, ipcBackoff: false.
2019-10-16 06:58:20,061 [Socket Reader #1 for port 45947] INFO  ipc.Server (Server.java:run(1074)) - Starting Socket Reader #1 for port 45947
2019-10-16 06:58:20,093 [Thread-1151] INFO  om.OzoneManager (OzoneManager.java:start(1074)) - OzoneManager RPC server is listening at localhost/127.0.0.1:45947
2019-10-16 06:58:20,093 [Thread-1151] INFO  impl.MetricsSystemImpl (MetricsSystemImpl.java:init(158)) - OzoneManager metrics system started (again)
2019-10-16 06:58:20,094 [IPC Server listener on 45947] INFO  ipc.Server (Server.java:run(1153)) - IPC Server listener on 45947: starting
2019-10-16 06:58:20,094 [IPC Server Responder] INFO  ipc.Server (Server.java:run(1314)) - IPC Server Responder: starting
2019-10-16 06:58:20,100 [Thread-1151] INFO  hdfs.DFSUtil (DFSUtil.java:httpServerTemplateForNNAndJN(1641)) - Starting Web-server for ozoneManager at: http://0.0.0.0:0
2019-10-16 06:58:20,102 [Thread-1151] INFO  server.AuthenticationFilter (AuthenticationFilter.java:constructSecretProvider(240)) - Unable to initialize FileSignerSecretProvider, falling back to use random secrets.
2019-10-16 06:58:20,103 [Thread-1151] WARN  http.HttpRequestLog (HttpRequestLog.java:getRequestLog(97)) - Jetty request log can only be enabled using Log4j
2019-10-16 06:58:20,105 [Thread-1151] INFO  http.HttpServer2 (HttpServer2.java:addGlobalFilter(975)) - Added global filter 'safety' (class=org.apache.hadoop.http.HttpServer2$QuotingInputFilter)
2019-10-16 06:58:20,106 [Thread-1151] INFO  http.HttpServer2 (HttpServer2.java:addFilter(948)) - Added filter static_user_filter (class=org.apache.hadoop.http.lib.StaticUserWebFilter$StaticUserFilter) to context ozoneManager
2019-10-16 06:58:20,106 [Thread-1151] INFO  http.HttpServer2 (HttpServer2.java:addFilter(958)) - Added filter static_user_filter (class=org.apache.hadoop.http.lib.StaticUserWebFilter$StaticUserFilter) to context logs
2019-10-16 06:58:20,106 [Thread-1151] INFO  http.HttpServer2 (HttpServer2.java:addFilter(958)) - Added filter static_user_filter (class=org.apache.hadoop.http.lib.StaticUserWebFilter$StaticUserFilter) to context static
2019-10-16 06:58:20,107 [Thread-1151] INFO  http.HttpServer2 (HttpServer2.java:bindListener(1191)) - Jetty bound to port 40686
2019-10-16 06:58:20,107 [Thread-1151] INFO  server.Server (Server.java:doStart(351)) - jetty-9.3.25.v20180904, build timestamp: 2018-09-04T21:11:46Z, git hash: 3ce520221d0240229c862b122d2b06c12a625732
2019-10-16 06:58:20,109 [Thread-1151] INFO  handler.ContextHandler (ContextHandler.java:doStart(781)) - Started o.e.j.s.ServletContextHandler@747dce0b{/logs,file:///workdir/hadoop-ozone/ozonefs/target/log,AVAILABLE}
2019-10-16 06:58:20,109 [Thread-1151] INFO  handler.ContextHandler (ContextHandler.java:doStart(781)) - Started o.e.j.s.ServletContextHandler@365e9565{/static,jar:file:/home/user/.m2/repository/org/apache/hadoop/hadoop-ozone-ozone-manager/0.5.0-SNAPSHOT/hadoop-ozone-ozone-manager-0.5.0-SNAPSHOT.jar!/webapps/static,AVAILABLE}
2019-10-16 06:58:20,168 [Thread-1151] INFO  handler.ContextHandler (ContextHandler.java:doStart(781)) - Started o.e.j.w.WebAppContext@916567e{/,file:///tmp/jetty-0.0.0.0-40686-ozoneManager-_-any-2937775423137646617.dir/webapp/,AVAILABLE}{/ozoneManager}
2019-10-16 06:58:20,168 [Thread-1151] INFO  server.AbstractConnector (AbstractConnector.java:doStart(278)) - Started ServerConnector@105ed28e{HTTP/1.1,[http/1.1]}{0.0.0.0:40686}
2019-10-16 06:58:20,169 [Thread-1151] INFO  server.Server (Server.java:doStart(419)) - Started @91872ms
2019-10-16 06:58:20,169 [Thread-1151] WARN  impl.MetricsSystemImpl (MetricsSystemImpl.java:register(276)) - Sink prometheus already exists!
2019-10-16 06:58:20,171 [Thread-1151] INFO  server.BaseHttpServer (BaseHttpServer.java:updateConnectorAddress(215)) - HTTP server of OZONEMANAGER is listening at http://0.0.0.0:40686
2019-10-16 06:58:20,179 [Thread-1151] INFO  impl.MetricsSystemImpl (MetricsSystemImpl.java:init(158)) - HddsDatanode metrics system started (again)
2019-10-16 06:58:20,183 [Thread-1151] INFO  ozone.HddsDatanodeService (HddsDatanodeService.java:start(184)) - HddsDatanodeService host:pr-hdds-2312-q6qzp-1535798719 ip:192.168.69.104
2019-10-16 06:58:20,190 [Thread-1151] INFO  volume.HddsVolume (HddsVolume.java:<init>(176)) - Creating Volume: /workdir/hadoop-ozone/ozonefs/target/test-dir/MiniOzoneClusterImpl-fe450875-4a1a-482c-b3f5-23769c645c4a/datanode-0/data/containers/hdds of  storage type : DISK and capacity : 1482555576320
2019-10-16 06:58:20,190 [Thread-1151] INFO  volume.VolumeSet (VolumeSet.java:initializeVolumeSet(170)) - Added Volume : /workdir/hadoop-ozone/ozonefs/target/test-dir/MiniOzoneClusterImpl-fe450875-4a1a-482c-b3f5-23769c645c4a/datanode-0/data/containers/hdds to VolumeSet
2019-10-16 06:58:20,190 [Thread-1151] INFO  volume.ThrottledAsyncChecker (ThrottledAsyncChecker.java:schedule(141)) - Scheduling a check for /workdir/hadoop-ozone/ozonefs/target/test-dir/MiniOzoneClusterImpl-fe450875-4a1a-482c-b3f5-23769c645c4a/datanode-0/data/containers/hdds
2019-10-16 06:58:20,190 [Thread-1151] INFO  volume.HddsVolumeChecker (HddsVolumeChecker.java:checkAllVolumes(204)) - Scheduled health check for volume /workdir/hadoop-ozone/ozonefs/target/test-dir/MiniOzoneClusterImpl-fe450875-4a1a-482c-b3f5-23769c645c4a/datanode-0/data/containers/hdds
2019-10-16 06:58:20,209 [Thread-1151] INFO  impl.RaftServerProxy (ConfUtils.java:logGet(43)) - raft.rpc.type = GRPC (default)
2019-10-16 06:58:20,209 [Thread-1151] INFO  grpc.GrpcFactory (GrpcFactory.java:checkPooledByteBufAllocatorUseCacheForAllThreads(45)) - PERFORMANCE WARNING: useCacheForAllThreads is true that may cause Netty to create a lot garbage objects and, as a result, trigger GC.
	It is recommended to disable useCacheForAllThreads by setting -Dorg.apache.ratis.thirdparty.io.netty.allocator.useCacheForAllThreads=false in command line.
2019-10-16 06:58:20,209 [Thread-1151] INFO  grpc.GrpcConfigKeys$Server (ConfUtils.java:logGet(43)) - raft.grpc.server.port = 0 (default)
2019-10-16 06:58:20,209 [Thread-1151] INFO  server.GrpcService (ConfUtils.java:logGet(43)) - raft.grpc.message.size.max = 33570816 (custom)
2019-10-16 06:58:20,209 [Thread-1151] INFO  server.RaftServerConfigKeys (ConfUtils.java:logGet(43)) - raft.server.log.appender.buffer.byte-limit = 33554432 (custom)
2019-10-16 06:58:20,210 [Thread-1151] INFO  server.GrpcService (ConfUtils.java:logGet(43)) - raft.grpc.flow.control.window = 1MB (=1048576) (default)
2019-10-16 06:58:20,210 [Thread-1151] INFO  server.RaftServerConfigKeys (ConfUtils.java:logGet(43)) - raft.server.rpc.request.timeout = 3000ms (default)
2019-10-16 06:58:20,210 [Thread-1151] INFO  server.RaftServerConfigKeys (ConfUtils.java:logGet(43)) - raft.server.storage.dir = [/workdir/hadoop-ozone/ozonefs/target/test-dir/MiniOzoneClusterImpl-fe450875-4a1a-482c-b3f5-23769c645c4a/datanode-0/data/ratis] (custom)
2019-10-16 06:58:20,213 [Thread-1151] INFO  hdfs.DFSUtil (DFSUtil.java:httpServerTemplateForNNAndJN(1641)) - Starting Web-server for hddsDatanode at: http://0.0.0.0:0
2019-10-16 06:58:20,214 [Thread-1151] INFO  server.AuthenticationFilter (AuthenticationFilter.java:constructSecretProvider(240)) - Unable to initialize FileSignerSecretProvider, falling back to use random secrets.
2019-10-16 06:58:20,214 [Thread-1151] WARN  http.HttpRequestLog (HttpRequestLog.java:getRequestLog(97)) - Jetty request log can only be enabled using Log4j
2019-10-16 06:58:20,216 [Thread-1151] INFO  http.HttpServer2 (HttpServer2.java:addGlobalFilter(975)) - Added global filter 'safety' (class=org.apache.hadoop.http.HttpServer2$QuotingInputFilter)
2019-10-16 06:58:20,216 [Thread-1151] INFO  http.HttpServer2 (HttpServer2.java:addFilter(948)) - Added filter static_user_filter (class=org.apache.hadoop.http.lib.StaticUserWebFilter$StaticUserFilter) to context hddsDatanode
2019-10-16 06:58:20,216 [Thread-1151] INFO  http.HttpServer2 (HttpServer2.java:addFilter(958)) - Added filter static_user_filter (class=org.apache.hadoop.http.lib.StaticUserWebFilter$StaticUserFilter) to context logs
2019-10-16 06:58:20,216 [Thread-1151] INFO  http.HttpServer2 (HttpServer2.java:addFilter(958)) - Added filter static_user_filter (class=org.apache.hadoop.http.lib.StaticUserWebFilter$StaticUserFilter) to context static
2019-10-16 06:58:20,217 [Thread-1151] INFO  http.HttpServer2 (HttpServer2.java:bindListener(1191)) - Jetty bound to port 42604
2019-10-16 06:58:20,217 [Thread-1151] INFO  server.Server (Server.java:doStart(351)) - jetty-9.3.25.v20180904, build timestamp: 2018-09-04T21:11:46Z, git hash: 3ce520221d0240229c862b122d2b06c12a625732
2019-10-16 06:58:20,219 [Thread-1151] INFO  handler.ContextHandler (ContextHandler.java:doStart(781)) - Started o.e.j.s.ServletContextHandler@7a6cedeb{/logs,file:///workdir/hadoop-ozone/ozonefs/target/log,AVAILABLE}
2019-10-16 06:58:20,219 [Thread-1151] INFO  handler.ContextHandler (ContextHandler.java:doStart(781)) - Started o.e.j.s.ServletContextHandler@a5afaf4{/static,jar:file:/home/user/.m2/repository/org/apache/hadoop/hadoop-hdds-container-service/0.5.0-SNAPSHOT/hadoop-hdds-container-service-0.5.0-SNAPSHOT.jar!/webapps/static,AVAILABLE}
2019-10-16 06:58:20,247 [Thread-1151] INFO  handler.ContextHandler (ContextHandler.java:doStart(781)) - Started o.e.j.w.WebAppContext@7149dfdb{/,file:///tmp/jetty-0.0.0.0-42604-hddsDatanode-_-any-6573022975370465143.dir/webapp/,AVAILABLE}{/hddsDatanode}
2019-10-16 06:58:20,247 [Thread-1151] INFO  server.AbstractConnector (AbstractConnector.java:doStart(278)) - Started ServerConnector@25bcf79c{HTTP/1.1,[http/1.1]}{0.0.0.0:42604}
2019-10-16 06:58:20,248 [Thread-1151] INFO  server.Server (Server.java:doStart(419)) - Started @91951ms
2019-10-16 06:58:20,248 [Thread-1151] WARN  impl.MetricsSystemImpl (MetricsSystemImpl.java:register(276)) - Sink prometheus already exists!
2019-10-16 06:58:20,249 [Thread-1151] INFO  server.BaseHttpServer (BaseHttpServer.java:updateConnectorAddress(215)) - HTTP server of HDDSDATANODE is listening at http://0.0.0.0:42604
2019-10-16 06:58:20,249 [Thread-1151] INFO  impl.MetricsSystemImpl (MetricsSystemImpl.java:init(158)) - HddsDatanode metrics system started (again)
2019-10-16 06:58:20,252 [org.apache.hadoop.util.JvmPauseMonitor$Monitor@34fdc4ca] INFO  util.JvmPauseMonitor (JvmPauseMonitor.java:run(188)) - Starting JVM pause monitor
2019-10-16 06:58:20,253 [Thread-1151] INFO  ozone.HddsDatanodeService (HddsDatanodeService.java:start(184)) - HddsDatanodeService host:pr-hdds-2312-q6qzp-1535798719 ip:192.168.69.104
2019-10-16 06:58:20,256 [Datanode State Machine Thread - 0] INFO  datanode.InitDatanodeState (InitDatanodeState.java:persistContainerDatanodeDetails(140)) - DatanodeDetails is persisted to /workdir/hadoop-ozone/ozonefs/target/test-dir/MiniOzoneClusterImpl-fe450875-4a1a-482c-b3f5-23769c645c4a/datanode-0/meta/datanode.id
2019-10-16 06:58:20,259 [Thread-1151] INFO  volume.HddsVolume (HddsVolume.java:<init>(176)) - Creating Volume: /workdir/hadoop-ozone/ozonefs/target/test-dir/MiniOzoneClusterImpl-fe450875-4a1a-482c-b3f5-23769c645c4a/datanode-1/data/containers/hdds of  storage type : DISK and capacity : 1482555576320
2019-10-16 06:58:20,259 [Thread-1151] INFO  volume.VolumeSet (VolumeSet.java:initializeVolumeSet(170)) - Added Volume : /workdir/hadoop-ozone/ozonefs/target/test-dir/MiniOzoneClusterImpl-fe450875-4a1a-482c-b3f5-23769c645c4a/datanode-1/data/containers/hdds to VolumeSet
2019-10-16 06:58:20,259 [Thread-1151] INFO  volume.ThrottledAsyncChecker (ThrottledAsyncChecker.java:schedule(141)) - Scheduling a check for /workdir/hadoop-ozone/ozonefs/target/test-dir/MiniOzoneClusterImpl-fe450875-4a1a-482c-b3f5-23769c645c4a/datanode-1/data/containers/hdds
2019-10-16 06:58:20,259 [Thread-1151] INFO  volume.HddsVolumeChecker (HddsVolumeChecker.java:checkAllVolumes(204)) - Scheduled health check for volume /workdir/hadoop-ozone/ozonefs/target/test-dir/MiniOzoneClusterImpl-fe450875-4a1a-482c-b3f5-23769c645c4a/datanode-1/data/containers/hdds
2019-10-16 06:58:20,277 [Thread-1151] INFO  impl.RaftServerProxy (ConfUtils.java:logGet(43)) - raft.rpc.type = GRPC (default)
2019-10-16 06:58:20,277 [Thread-1151] INFO  grpc.GrpcFactory (GrpcFactory.java:checkPooledByteBufAllocatorUseCacheForAllThreads(45)) - PERFORMANCE WARNING: useCacheForAllThreads is true that may cause Netty to create a lot garbage objects and, as a result, trigger GC.
	It is recommended to disable useCacheForAllThreads by setting -Dorg.apache.ratis.thirdparty.io.netty.allocator.useCacheForAllThreads=false in command line.
2019-10-16 06:58:20,277 [Thread-1151] INFO  grpc.GrpcConfigKeys$Server (ConfUtils.java:logGet(43)) - raft.grpc.server.port = 0 (default)
2019-10-16 06:58:20,277 [Thread-1151] INFO  server.GrpcService (ConfUtils.java:logGet(43)) - raft.grpc.message.size.max = 33570816 (custom)
2019-10-16 06:58:20,277 [Thread-1151] INFO  server.RaftServerConfigKeys (ConfUtils.java:logGet(43)) - raft.server.log.appender.buffer.byte-limit = 33554432 (custom)
2019-10-16 06:58:20,277 [Thread-1151] INFO  server.GrpcService (ConfUtils.java:logGet(43)) - raft.grpc.flow.control.window = 1MB (=1048576) (default)
2019-10-16 06:58:20,278 [Thread-1151] INFO  server.RaftServerConfigKeys (ConfUtils.java:logGet(43)) - raft.server.rpc.request.timeout = 3000ms (default)
2019-10-16 06:58:20,278 [Thread-1151] INFO  server.RaftServerConfigKeys (ConfUtils.java:logGet(43)) - raft.server.storage.dir = [/workdir/hadoop-ozone/ozonefs/target/test-dir/MiniOzoneClusterImpl-fe450875-4a1a-482c-b3f5-23769c645c4a/datanode-1/data/ratis] (custom)
2019-10-16 06:58:20,279 [Thread-1151] INFO  hdfs.DFSUtil (DFSUtil.java:httpServerTemplateForNNAndJN(1641)) - Starting Web-server for hddsDatanode at: http://0.0.0.0:0
2019-10-16 06:58:20,281 [Thread-1151] INFO  server.AuthenticationFilter (AuthenticationFilter.java:constructSecretProvider(240)) - Unable to initialize FileSignerSecretProvider, falling back to use random secrets.
2019-10-16 06:58:20,281 [Thread-1151] WARN  http.HttpRequestLog (HttpRequestLog.java:getRequestLog(97)) - Jetty request log can only be enabled using Log4j
2019-10-16 06:58:20,283 [Thread-1151] INFO  http.HttpServer2 (HttpServer2.java:addGlobalFilter(975)) - Added global filter 'safety' (class=org.apache.hadoop.http.HttpServer2$QuotingInputFilter)
2019-10-16 06:58:20,283 [Thread-1151] INFO  http.HttpServer2 (HttpServer2.java:addFilter(948)) - Added filter static_user_filter (class=org.apache.hadoop.http.lib.StaticUserWebFilter$StaticUserFilter) to context hddsDatanode
2019-10-16 06:58:20,283 [Thread-1151] INFO  http.HttpServer2 (HttpServer2.java:addFilter(958)) - Added filter static_user_filter (class=org.apache.hadoop.http.lib.StaticUserWebFilter$StaticUserFilter) to context static
2019-10-16 06:58:20,283 [Thread-1151] INFO  http.HttpServer2 (HttpServer2.java:addFilter(958)) - Added filter static_user_filter (class=org.apache.hadoop.http.lib.StaticUserWebFilter$StaticUserFilter) to context logs
2019-10-16 06:58:20,284 [Thread-1151] INFO  http.HttpServer2 (HttpServer2.java:bindListener(1191)) - Jetty bound to port 33170
2019-10-16 06:58:20,284 [Thread-1151] INFO  server.Server (Server.java:doStart(351)) - jetty-9.3.25.v20180904, build timestamp: 2018-09-04T21:11:46Z, git hash: 3ce520221d0240229c862b122d2b06c12a625732
2019-10-16 06:58:20,286 [Thread-1151] INFO  handler.ContextHandler (ContextHandler.java:doStart(781)) - Started o.e.j.s.ServletContextHandler@519775b3{/logs,file:///workdir/hadoop-ozone/ozonefs/target/log,AVAILABLE}
2019-10-16 06:58:20,286 [Thread-1151] INFO  handler.ContextHandler (ContextHandler.java:doStart(781)) - Started o.e.j.s.ServletContextHandler@2e73196{/static,jar:file:/home/user/.m2/repository/org/apache/hadoop/hadoop-hdds-container-service/0.5.0-SNAPSHOT/hadoop-hdds-container-service-0.5.0-SNAPSHOT.jar!/webapps/static,AVAILABLE}
2019-10-16 06:58:20,314 [Thread-1151] INFO  handler.ContextHandler (ContextHandler.java:doStart(781)) - Started o.e.j.w.WebAppContext@6c59c078{/,file:///tmp/jetty-0.0.0.0-33170-hddsDatanode-_-any-1328208752825780373.dir/webapp/,AVAILABLE}{/hddsDatanode}
2019-10-16 06:58:20,314 [Thread-1151] INFO  server.AbstractConnector (AbstractConnector.java:doStart(278)) - Started ServerConnector@72df6b1c{HTTP/1.1,[http/1.1]}{0.0.0.0:33170}
2019-10-16 06:58:20,315 [Thread-1151] INFO  server.Server (Server.java:doStart(419)) - Started @92018ms
2019-10-16 06:58:20,316 [Thread-1151] WARN  impl.MetricsSystemImpl (MetricsSystemImpl.java:register(276)) - Sink prometheus already exists!
2019-10-16 06:58:20,317 [Thread-1151] INFO  server.BaseHttpServer (BaseHttpServer.java:updateConnectorAddress(215)) - HTTP server of HDDSDATANODE is listening at http://0.0.0.0:33170
2019-10-16 06:58:20,317 [Thread-1151] INFO  impl.MetricsSystemImpl (MetricsSystemImpl.java:init(158)) - HddsDatanode metrics system started (again)
2019-10-16 06:58:20,320 [org.apache.hadoop.util.JvmPauseMonitor$Monitor@277c8cbf] INFO  util.JvmPauseMonitor (JvmPauseMonitor.java:run(188)) - Starting JVM pause monitor
2019-10-16 06:58:20,320 [Thread-1151] INFO  ozone.HddsDatanodeService (HddsDatanodeService.java:start(184)) - HddsDatanodeService host:pr-hdds-2312-q6qzp-1535798719 ip:192.168.69.104
2019-10-16 06:58:20,322 [Datanode State Machine Thread - 0] INFO  datanode.InitDatanodeState (InitDatanodeState.java:persistContainerDatanodeDetails(140)) - DatanodeDetails is persisted to /workdir/hadoop-ozone/ozonefs/target/test-dir/MiniOzoneClusterImpl-fe450875-4a1a-482c-b3f5-23769c645c4a/datanode-1/meta/datanode.id
2019-10-16 06:58:20,327 [Thread-1151] INFO  volume.HddsVolume (HddsVolume.java:<init>(176)) - Creating Volume: /workdir/hadoop-ozone/ozonefs/target/test-dir/MiniOzoneClusterImpl-fe450875-4a1a-482c-b3f5-23769c645c4a/datanode-2/data/containers/hdds of  storage type : DISK and capacity : 1482555576320
2019-10-16 06:58:20,327 [Thread-1151] INFO  volume.VolumeSet (VolumeSet.java:initializeVolumeSet(170)) - Added Volume : /workdir/hadoop-ozone/ozonefs/target/test-dir/MiniOzoneClusterImpl-fe450875-4a1a-482c-b3f5-23769c645c4a/datanode-2/data/containers/hdds to VolumeSet
2019-10-16 06:58:20,327 [Thread-1151] INFO  volume.ThrottledAsyncChecker (ThrottledAsyncChecker.java:schedule(141)) - Scheduling a check for /workdir/hadoop-ozone/ozonefs/target/test-dir/MiniOzoneClusterImpl-fe450875-4a1a-482c-b3f5-23769c645c4a/datanode-2/data/containers/hdds
2019-10-16 06:58:20,328 [Thread-1151] INFO  volume.HddsVolumeChecker (HddsVolumeChecker.java:checkAllVolumes(204)) - Scheduled health check for volume /workdir/hadoop-ozone/ozonefs/target/test-dir/MiniOzoneClusterImpl-fe450875-4a1a-482c-b3f5-23769c645c4a/datanode-2/data/containers/hdds
2019-10-16 06:58:20,346 [Thread-1151] INFO  impl.RaftServerProxy (ConfUtils.java:logGet(43)) - raft.rpc.type = GRPC (default)
2019-10-16 06:58:20,346 [Thread-1151] INFO  grpc.GrpcFactory (GrpcFactory.java:checkPooledByteBufAllocatorUseCacheForAllThreads(45)) - PERFORMANCE WARNING: useCacheForAllThreads is true that may cause Netty to create a lot garbage objects and, as a result, trigger GC.
	It is recommended to disable useCacheForAllThreads by setting -Dorg.apache.ratis.thirdparty.io.netty.allocator.useCacheForAllThreads=false in command line.
2019-10-16 06:58:20,346 [Thread-1151] INFO  grpc.GrpcConfigKeys$Server (ConfUtils.java:logGet(43)) - raft.grpc.server.port = 0 (default)
2019-10-16 06:58:20,346 [Thread-1151] INFO  server.GrpcService (ConfUtils.java:logGet(43)) - raft.grpc.message.size.max = 33570816 (custom)
2019-10-16 06:58:20,346 [Thread-1151] INFO  server.RaftServerConfigKeys (ConfUtils.java:logGet(43)) - raft.server.log.appender.buffer.byte-limit = 33554432 (custom)
2019-10-16 06:58:20,346 [Thread-1151] INFO  server.GrpcService (ConfUtils.java:logGet(43)) - raft.grpc.flow.control.window = 1MB (=1048576) (default)
2019-10-16 06:58:20,346 [Thread-1151] INFO  server.RaftServerConfigKeys (ConfUtils.java:logGet(43)) - raft.server.rpc.request.timeout = 3000ms (default)
2019-10-16 06:58:20,347 [Thread-1151] INFO  server.RaftServerConfigKeys (ConfUtils.java:logGet(43)) - raft.server.storage.dir = [/workdir/hadoop-ozone/ozonefs/target/test-dir/MiniOzoneClusterImpl-fe450875-4a1a-482c-b3f5-23769c645c4a/datanode-2/data/ratis] (custom)
2019-10-16 06:58:20,348 [Thread-1151] INFO  hdfs.DFSUtil (DFSUtil.java:httpServerTemplateForNNAndJN(1641)) - Starting Web-server for hddsDatanode at: http://0.0.0.0:0
2019-10-16 06:58:20,349 [Thread-1151] INFO  server.AuthenticationFilter (AuthenticationFilter.java:constructSecretProvider(240)) - Unable to initialize FileSignerSecretProvider, falling back to use random secrets.
2019-10-16 06:58:20,350 [Thread-1151] WARN  http.HttpRequestLog (HttpRequestLog.java:getRequestLog(97)) - Jetty request log can only be enabled using Log4j
2019-10-16 06:58:20,351 [Thread-1151] INFO  http.HttpServer2 (HttpServer2.java:addGlobalFilter(975)) - Added global filter 'safety' (class=org.apache.hadoop.http.HttpServer2$QuotingInputFilter)
2019-10-16 06:58:20,352 [Thread-1151] INFO  http.HttpServer2 (HttpServer2.java:addFilter(948)) - Added filter static_user_filter (class=org.apache.hadoop.http.lib.StaticUserWebFilter$StaticUserFilter) to context hddsDatanode
2019-10-16 06:58:20,352 [Thread-1151] INFO  http.HttpServer2 (HttpServer2.java:addFilter(958)) - Added filter static_user_filter (class=org.apache.hadoop.http.lib.StaticUserWebFilter$StaticUserFilter) to context static
2019-10-16 06:58:20,352 [Thread-1151] INFO  http.HttpServer2 (HttpServer2.java:addFilter(958)) - Added filter static_user_filter (class=org.apache.hadoop.http.lib.StaticUserWebFilter$StaticUserFilter) to context logs
2019-10-16 06:58:20,353 [Thread-1151] INFO  http.HttpServer2 (HttpServer2.java:bindListener(1191)) - Jetty bound to port 41255
2019-10-16 06:58:20,353 [Thread-1151] INFO  server.Server (Server.java:doStart(351)) - jetty-9.3.25.v20180904, build timestamp: 2018-09-04T21:11:46Z, git hash: 3ce520221d0240229c862b122d2b06c12a625732
2019-10-16 06:58:20,354 [Thread-1151] INFO  handler.ContextHandler (ContextHandler.java:doStart(781)) - Started o.e.j.s.ServletContextHandler@2bc9839d{/logs,file:///workdir/hadoop-ozone/ozonefs/target/log,AVAILABLE}
2019-10-16 06:58:20,355 [Thread-1151] INFO  handler.ContextHandler (ContextHandler.java:doStart(781)) - Started o.e.j.s.ServletContextHandler@5d567ba4{/static,jar:file:/home/user/.m2/repository/org/apache/hadoop/hadoop-hdds-container-service/0.5.0-SNAPSHOT/hadoop-hdds-container-service-0.5.0-SNAPSHOT.jar!/webapps/static,AVAILABLE}
2019-10-16 06:58:20,382 [Thread-1151] INFO  handler.ContextHandler (ContextHandler.java:doStart(781)) - Started o.e.j.w.WebAppContext@11e74e95{/,file:///tmp/jetty-0.0.0.0-41255-hddsDatanode-_-any-9034281976628003849.dir/webapp/,AVAILABLE}{/hddsDatanode}
2019-10-16 06:58:20,383 [Thread-1151] INFO  server.AbstractConnector (AbstractConnector.java:doStart(278)) - Started ServerConnector@41e9a9ca{HTTP/1.1,[http/1.1]}{0.0.0.0:41255}
2019-10-16 06:58:20,384 [Thread-1151] INFO  server.Server (Server.java:doStart(419)) - Started @92087ms
2019-10-16 06:58:20,384 [Thread-1151] WARN  impl.MetricsSystemImpl (MetricsSystemImpl.java:register(276)) - Sink prometheus already exists!
2019-10-16 06:58:20,385 [Thread-1151] INFO  server.BaseHttpServer (BaseHttpServer.java:updateConnectorAddress(215)) - HTTP server of HDDSDATANODE is listening at http://0.0.0.0:41255
2019-10-16 06:58:20,385 [Thread-1151] INFO  ozone.MiniOzoneClusterImpl (MiniOzoneClusterImpl.java:lambda$waitForClusterToBeReady$0(147)) - Waiting for cluster to be ready. Got 0 of 3 DN Heartbeats.
2019-10-16 06:58:20,386 [org.apache.hadoop.util.JvmPauseMonitor$Monitor@dcf6098] INFO  util.JvmPauseMonitor (JvmPauseMonitor.java:run(188)) - Starting JVM pause monitor
2019-10-16 06:58:20,387 [Datanode State Machine Thread - 0] INFO  datanode.InitDatanodeState (InitDatanodeState.java:persistContainerDatanodeDetails(140)) - DatanodeDetails is persisted to /workdir/hadoop-ozone/ozonefs/target/test-dir/MiniOzoneClusterImpl-fe450875-4a1a-482c-b3f5-23769c645c4a/datanode-2/meta/datanode.id
2019-10-16 06:58:21,385 [Thread-1151] INFO  ozone.MiniOzoneClusterImpl (MiniOzoneClusterImpl.java:lambda$waitForClusterToBeReady$0(147)) - Waiting for cluster to be ready. Got 0 of 3 DN Heartbeats.
2019-10-16 06:58:22,270 [Datanode State Machine Thread - 0] INFO  ozoneimpl.OzoneContainer (OzoneContainer.java:start(213)) - Attempting to start container services.
2019-10-16 06:58:22,271 [Datanode State Machine Thread - 0] INFO  ozoneimpl.OzoneContainer (OzoneContainer.java:startContainerScrub(177)) - Background container scanner has been disabled.
2019-10-16 06:58:22,271 [Datanode State Machine Thread - 0] INFO  ratis.XceiverServerRatis (XceiverServerRatis.java:start(418)) - Starting XceiverServerRatis 73e75fb6-f1d7-4311-b684-bd95d4e816a1 at port 0
2019-10-16 06:58:22,277 [Datanode State Machine Thread - 0] INFO  impl.RaftServerProxy (RaftServerProxy.java:lambda$start$3(299)) - 73e75fb6-f1d7-4311-b684-bd95d4e816a1: start RPC server
2019-10-16 06:58:22,279 [Datanode State Machine Thread - 0] INFO  server.GrpcService (GrpcService.java:startImpl(158)) - 73e75fb6-f1d7-4311-b684-bd95d4e816a1: GrpcService started, listening on 0.0.0.0/0.0.0.0:34728
2019-10-16 06:58:22,279 [Datanode State Machine Thread - 0] INFO  ratis.XceiverServerRatis (XceiverServerRatis.java:start(428)) - XceiverServerRatis 73e75fb6-f1d7-4311-b684-bd95d4e816a1 is started using port 34728
2019-10-16 06:58:22,279 [Datanode State Machine Thread - 0] INFO  server.XceiverServerGrpc (XceiverServerGrpc.java:start(149)) - XceiverServerGrpc 73e75fb6-f1d7-4311-b684-bd95d4e816a1 is started using port 41755
2019-10-16 06:58:22,334 [Datanode State Machine Thread - 0] INFO  ozoneimpl.OzoneContainer (OzoneContainer.java:start(213)) - Attempting to start container services.
2019-10-16 06:58:22,334 [Datanode State Machine Thread - 0] INFO  ozoneimpl.OzoneContainer (OzoneContainer.java:startContainerScrub(177)) - Background container scanner has been disabled.
2019-10-16 06:58:22,334 [Datanode State Machine Thread - 0] INFO  ratis.XceiverServerRatis (XceiverServerRatis.java:start(418)) - Starting XceiverServerRatis 39c5c445-cd83-4942-987d-d462f81a24e8 at port 0
2019-10-16 06:58:22,340 [Datanode State Machine Thread - 0] INFO  impl.RaftServerProxy (RaftServerProxy.java:lambda$start$3(299)) - 39c5c445-cd83-4942-987d-d462f81a24e8: start RPC server
2019-10-16 06:58:22,341 [Datanode State Machine Thread - 0] INFO  server.GrpcService (GrpcService.java:startImpl(158)) - 39c5c445-cd83-4942-987d-d462f81a24e8: GrpcService started, listening on 0.0.0.0/0.0.0.0:40343
2019-10-16 06:58:22,342 [Datanode State Machine Thread - 0] INFO  ratis.XceiverServerRatis (XceiverServerRatis.java:start(428)) - XceiverServerRatis 39c5c445-cd83-4942-987d-d462f81a24e8 is started using port 40343
2019-10-16 06:58:22,342 [Datanode State Machine Thread - 0] INFO  server.XceiverServerGrpc (XceiverServerGrpc.java:start(149)) - XceiverServerGrpc 39c5c445-cd83-4942-987d-d462f81a24e8 is started using port 36421
2019-10-16 06:58:22,386 [Thread-1151] INFO  ozone.MiniOzoneClusterImpl (MiniOzoneClusterImpl.java:lambda$waitForClusterToBeReady$0(147)) - Waiting for cluster to be ready. Got 0 of 3 DN Heartbeats.
2019-10-16 06:58:22,400 [Datanode State Machine Thread - 0] INFO  ozoneimpl.OzoneContainer (OzoneContainer.java:start(213)) - Attempting to start container services.
2019-10-16 06:58:22,400 [Datanode State Machine Thread - 0] INFO  ozoneimpl.OzoneContainer (OzoneContainer.java:startContainerScrub(177)) - Background container scanner has been disabled.
2019-10-16 06:58:22,400 [Datanode State Machine Thread - 0] INFO  ratis.XceiverServerRatis (XceiverServerRatis.java:start(418)) - Starting XceiverServerRatis 317a9921-db1c-43a7-b546-bfd5748728d7 at port 0
2019-10-16 06:58:22,406 [Datanode State Machine Thread - 0] INFO  impl.RaftServerProxy (RaftServerProxy.java:lambda$start$3(299)) - 317a9921-db1c-43a7-b546-bfd5748728d7: start RPC server
2019-10-16 06:58:22,407 [Datanode State Machine Thread - 0] INFO  server.GrpcService (GrpcService.java:startImpl(158)) - 317a9921-db1c-43a7-b546-bfd5748728d7: GrpcService started, listening on 0.0.0.0/0.0.0.0:33231
2019-10-16 06:58:22,407 [Datanode State Machine Thread - 0] INFO  ratis.XceiverServerRatis (XceiverServerRatis.java:start(428)) - XceiverServerRatis 317a9921-db1c-43a7-b546-bfd5748728d7 is started using port 33231
2019-10-16 06:58:22,407 [Datanode State Machine Thread - 0] INFO  server.XceiverServerGrpc (XceiverServerGrpc.java:start(149)) - XceiverServerGrpc 317a9921-db1c-43a7-b546-bfd5748728d7 is started using port 34237
2019-10-16 06:58:23,386 [Thread-1151] INFO  ozone.MiniOzoneClusterImpl (MiniOzoneClusterImpl.java:lambda$waitForClusterToBeReady$0(147)) - Waiting for cluster to be ready. Got 0 of 3 DN Heartbeats.
2019-10-16 06:58:24,256 [IPC Server handler 1 on 35107] INFO  net.NetworkTopology (NetworkTopologyImpl.java:add(111)) - Added a new node: /default-rack/73e75fb6-f1d7-4311-b684-bd95d4e816a1
2019-10-16 06:58:24,258 [IPC Server handler 1 on 35107] INFO  node.SCMNodeManager (SCMNodeManager.java:register(268)) - Registered Data node : 73e75fb6-f1d7-4311-b684-bd95d4e816a1{ip: 192.168.69.104, host: pr-hdds-2312-q6qzp-1535798719, networkLocation: /default-rack, certSerialId: null}
2019-10-16 06:58:24,258 [EventQueue-NodeRegistrationContainerReportForDataNodeSafeModeRule] INFO  safemode.SCMSafeModeManager (DataNodeSafeModeRule.java:process(71)) - SCM in safe mode. 1 DataNodes registered, 1 required.
2019-10-16 06:58:24,260 [EventQueue-NodeRegistrationContainerReportForDataNodeSafeModeRule] INFO  safemode.SCMSafeModeManager (SCMSafeModeManager.java:validateSafeModeExitRules(177)) - ScmSafeModeManager, all rules are successfully validated
2019-10-16 06:58:24,260 [EventQueue-NodeRegistrationContainerReportForDataNodeSafeModeRule] INFO  safemode.SCMSafeModeManager (SCMSafeModeManager.java:exitSafeMode(193)) - SCM exiting safe mode.
2019-10-16 06:58:24,269 [grpc-default-executor-0] INFO  impl.RaftServerProxy (RaftServerProxy.java:addNew(89)) - 73e75fb6-f1d7-4311-b684-bd95d4e816a1: addNew group-EACCB30472C0:[73e75fb6-f1d7-4311-b684-bd95d4e816a1:192.168.69.104:34728] returns group-EACCB30472C0:java.util.concurrent.CompletableFuture@162944d2[Not completed]
2019-10-16 06:58:24,270 [pool-277-thread-1] INFO  impl.RaftServerImpl (RaftServerImpl.java:<init>(104)) - 73e75fb6-f1d7-4311-b684-bd95d4e816a1: new RaftServerImpl for group-EACCB30472C0:[73e75fb6-f1d7-4311-b684-bd95d4e816a1:192.168.69.104:34728] with ContainerStateMachine:uninitialized
2019-10-16 06:58:24,270 [pool-277-thread-1] INFO  server.RaftServerConfigKeys (ConfUtils.java:logGet(43)) - raft.server.rpc.timeout.min = 5s (custom)
2019-10-16 06:58:24,270 [pool-277-thread-1] INFO  server.RaftServerConfigKeys (ConfUtils.java:logGet(43)) - raft.server.rpc.timeout.max = 5200ms (custom)
2019-10-16 06:58:24,270 [pool-277-thread-1] INFO  server.RaftServerConfigKeys (ConfUtils.java:logGet(43)) - raft.server.rpcslowness.timeout = 120s (custom)
2019-10-16 06:58:24,270 [pool-277-thread-1] INFO  server.RaftServerConfigKeys (ConfUtils.java:logGet(43)) - raft.server.sleep.deviation.threshold = 300 (default)
2019-10-16 06:58:24,271 [pool-277-thread-1] INFO  server.RaftServerConfigKeys (ConfUtils.java:logGet(43)) - raft.server.log.appender.install.snapshot.enabled = false (custom)
2019-10-16 06:58:24,271 [pool-277-thread-1] INFO  impl.RaftServerImpl (ServerState.java:<init>(103)) - 73e75fb6-f1d7-4311-b684-bd95d4e816a1@group-EACCB30472C0: ConfigurationManager, init=-1: [73e75fb6-f1d7-4311-b684-bd95d4e816a1:192.168.69.104:34728], old=null, confs=<EMPTY_MAP>
2019-10-16 06:58:24,271 [pool-277-thread-1] INFO  server.RaftServerConfigKeys (ConfUtils.java:logGet(43)) - raft.server.storage.dir = [/workdir/hadoop-ozone/ozonefs/target/test-dir/MiniOzoneClusterImpl-fe450875-4a1a-482c-b3f5-23769c645c4a/datanode-0/data/ratis] (custom)
2019-10-16 06:58:24,271 [pool-277-thread-1] INFO  server.RaftServerConfigKeys (ConfUtils.java:logGet(43)) - raft.server.log.corruption.policy = EXCEPTION (default)
2019-10-16 06:58:24,271 [pool-277-thread-1] INFO  storage.RaftStorageDirectory (RaftStorageDirectory.java:analyzeStorage(246)) - The storage directory /workdir/hadoop-ozone/ozonefs/target/test-dir/MiniOzoneClusterImpl-fe450875-4a1a-482c-b3f5-23769c645c4a/datanode-0/data/ratis/67bdb4a9-4fa8-4779-ae6b-eaccb30472c0 does not exist. Creating ...
2019-10-16 06:58:24,284 [pool-277-thread-1] INFO  storage.RaftStorageDirectory (RaftStorageDirectory.java:tryLock(328)) - Lock on /workdir/hadoop-ozone/ozonefs/target/test-dir/MiniOzoneClusterImpl-fe450875-4a1a-482c-b3f5-23769c645c4a/datanode-0/data/ratis/67bdb4a9-4fa8-4779-ae6b-eaccb30472c0/in_use.lock acquired by nodename 15382@pr-hdds-2312-q6qzp-1535798719
2019-10-16 06:58:24,305 [pool-277-thread-1] INFO  storage.RaftStorage (RaftStorage.java:format(84)) - Storage directory /workdir/hadoop-ozone/ozonefs/target/test-dir/MiniOzoneClusterImpl-fe450875-4a1a-482c-b3f5-23769c645c4a/datanode-0/data/ratis/67bdb4a9-4fa8-4779-ae6b-eaccb30472c0 has been successfully formatted.
2019-10-16 06:58:24,305 [pool-277-thread-1] INFO  ratis.ContainerStateMachine (ContainerStateMachine.java:loadSnapshot(231)) - group-EACCB30472C0: The snapshot info is null. Setting the last applied indexto:(t:0, i:~)
2019-10-16 06:58:24,305 [pool-277-thread-1] INFO  server.RaftServerConfigKeys (ConfUtils.java:logGet(43)) - raft.server.notification.no-leader.timeout = 120s (custom)
2019-10-16 06:58:24,305 [pool-277-thread-1] INFO  server.RaftServerConfigKeys (ConfUtils.java:logGet(43)) - raft.server.log.use.memory = false (default)
2019-10-16 06:58:24,305 [pool-277-thread-1] INFO  server.RaftServerConfigKeys (ConfUtils.java:logGet(43)) - raft.server.log.purge.gap = 1000000 (custom)
2019-10-16 06:58:24,305 [pool-277-thread-1] INFO  server.RaftServerConfigKeys (ConfUtils.java:logGet(43)) - raft.server.log.appender.buffer.byte-limit = 33554432 (custom)
2019-10-16 06:58:24,305 [pool-277-thread-1] INFO  server.RaftServerConfigKeys (ConfUtils.java:logGet(43)) - raft.server.log.segment.size.max = 1048576 (custom)
2019-10-16 06:58:24,307 [pool-277-thread-1] INFO  server.RaftServerConfigKeys (ConfUtils.java:logGet(43)) - raft.server.log.segment.cache.num.max = 2 (custom)
2019-10-16 06:58:24,307 [pool-277-thread-1] INFO  segmented.SegmentedRaftLogWorker (SegmentedRaftLogWorker.java:<init>(173)) - new 73e75fb6-f1d7-4311-b684-bd95d4e816a1@group-EACCB30472C0-SegmentedRaftLogWorker for RaftStorage:Storage Directory /workdir/hadoop-ozone/ozonefs/target/test-dir/MiniOzoneClusterImpl-fe450875-4a1a-482c-b3f5-23769c645c4a/datanode-0/data/ratis/67bdb4a9-4fa8-4779-ae6b-eaccb30472c0
2019-10-16 06:58:24,307 [pool-277-thread-1] INFO  server.RaftServerConfigKeys (ConfUtils.java:logGet(43)) - raft.server.log.queue.byte-limit = 2147483647 (custom)
2019-10-16 06:58:24,307 [pool-277-thread-1] INFO  server.RaftServerConfigKeys (ConfUtils.java:logGet(43)) - raft.server.log.queue.element-limit = 1024 (custom)
2019-10-16 06:58:24,307 [pool-277-thread-1] INFO  server.RaftServerConfigKeys (ConfUtils.java:logGet(43)) - raft.server.log.segment.size.max = 1048576 (custom)
2019-10-16 06:58:24,307 [pool-277-thread-1] INFO  server.RaftServerConfigKeys (ConfUtils.java:logGet(43)) - raft.server.log.preallocated.size = 16384 (custom)
2019-10-16 06:58:24,307 [pool-277-thread-1] INFO  server.RaftServerConfigKeys (ConfUtils.java:logGet(43)) - raft.server.log.write.buffer.size = 33554432 (custom)
2019-10-16 06:58:24,307 [pool-277-thread-1] INFO  server.RaftServerConfigKeys (ConfUtils.java:logGet(43)) - raft.server.log.force.sync.num = 128 (default)
2019-10-16 06:58:24,307 [pool-277-thread-1] INFO  server.RaftServerConfigKeys (ConfUtils.java:logGet(43)) - raft.server.log.statemachine.data.sync = true (default)
2019-10-16 06:58:24,307 [pool-277-thread-1] INFO  server.RaftServerConfigKeys (ConfUtils.java:logGet(43)) - raft.server.log.statemachine.data.sync.timeout = 10s (default)
2019-10-16 06:58:24,308 [pool-277-thread-1] INFO  server.RaftServerConfigKeys (ConfUtils.java:logGet(43)) - raft.server.log.statemachine.data.sync.timeout.retry = -1 (default)
2019-10-16 06:58:24,308 [pool-277-thread-1] INFO  server.RaftServerConfigKeys (ConfUtils.java:logGet(43)) - raft.server.log.statemachine.data.caching.enabled = true (custom)
2019-10-16 06:58:24,308 [pool-277-thread-1] INFO  segmented.SegmentedRaftLogWorker (SegmentedRaftLogWorker.java:lambda$new$0(128)) - 73e75fb6-f1d7-4311-b684-bd95d4e816a1@group-EACCB30472C0-SegmentedRaftLogWorker: flushIndex: setUnconditionally 0 -> -1
2019-10-16 06:58:24,308 [pool-277-thread-1] INFO  server.RaftServerConfigKeys (ConfUtils.java:logGet(43)) - raft.server.snapshot.auto.trigger.enabled = true (custom)
2019-10-16 06:58:24,308 [pool-277-thread-1] INFO  server.RaftServerConfigKeys (ConfUtils.java:logGet(43)) - raft.server.snapshot.auto.trigger.threshold = 10000 (custom)
2019-10-16 06:58:24,309 [pool-277-thread-1] INFO  server.RaftServerConfigKeys (ConfUtils.java:logGet(43)) - raft.server.snapshot.retention.file.num = 5 (custom)
2019-10-16 06:58:24,309 [pool-277-thread-1] INFO  server.RaftServerConfigKeys (ConfUtils.java:logGet(43)) - raft.server.retrycache.expirytime = 600000ms (custom)
2019-10-16 06:58:24,311 [pool-277-thread-1] INFO  impl.RaftServerImpl (RaftServerImpl.java:start(195)) - 73e75fb6-f1d7-4311-b684-bd95d4e816a1@group-EACCB30472C0: start as a follower, conf=-1: [73e75fb6-f1d7-4311-b684-bd95d4e816a1:192.168.69.104:34728], old=null
2019-10-16 06:58:24,311 [pool-277-thread-1] INFO  impl.RaftServerImpl (RaftServerImpl.java:setRole(184)) - 73e75fb6-f1d7-4311-b684-bd95d4e816a1@group-EACCB30472C0: changes role from      null to FOLLOWER at term 0 for startAsFollower
2019-10-16 06:58:24,311 [pool-277-thread-1] INFO  impl.RoleInfo (RoleInfo.java:updateAndGet(143)) - 73e75fb6-f1d7-4311-b684-bd95d4e816a1: start FollowerState
2019-10-16 06:58:24,311 [pool-277-thread-1] INFO  util.JmxRegister (JmxRegister.java:tryRegister(44)) - Successfully registered JMX Bean with object name Ratis:service=RaftServer,group=group-EACCB30472C0,id=73e75fb6-f1d7-4311-b684-bd95d4e816a1
2019-10-16 06:58:24,316 [RatisPipelineUtilsThread] INFO  pipeline.PipelineStateManager (PipelineStateManager.java:addPipeline(56)) - Created pipeline Pipeline[ Id: 67bdb4a9-4fa8-4779-ae6b-eaccb30472c0, Nodes: 73e75fb6-f1d7-4311-b684-bd95d4e816a1{ip: 192.168.69.104, host: pr-hdds-2312-q6qzp-1535798719, networkLocation: /default-rack, certSerialId: null}, Type:RATIS, Factor:ONE, State:OPEN]
2019-10-16 06:58:24,321 [IPC Server handler 0 on 35107] INFO  net.NetworkTopology (NetworkTopologyImpl.java:add(111)) - Added a new node: /default-rack/39c5c445-cd83-4942-987d-d462f81a24e8
2019-10-16 06:58:24,321 [IPC Server handler 0 on 35107] INFO  node.SCMNodeManager (SCMNodeManager.java:register(268)) - Registered Data node : 39c5c445-cd83-4942-987d-d462f81a24e8{ip: 192.168.69.104, host: pr-hdds-2312-q6qzp-1535798719, networkLocation: /default-rack, certSerialId: null}
2019-10-16 06:58:24,328 [grpc-default-executor-0] INFO  impl.RaftServerProxy (RaftServerProxy.java:addNew(89)) - 39c5c445-cd83-4942-987d-d462f81a24e8: addNew group-A68EF22AE276:[39c5c445-cd83-4942-987d-d462f81a24e8:192.168.69.104:40343] returns group-A68EF22AE276:java.util.concurrent.CompletableFuture@2a5575d1[Not completed]
2019-10-16 06:58:24,331 [pool-287-thread-1] INFO  impl.RaftServerImpl (RaftServerImpl.java:<init>(104)) - 39c5c445-cd83-4942-987d-d462f81a24e8: new RaftServerImpl for group-A68EF22AE276:[39c5c445-cd83-4942-987d-d462f81a24e8:192.168.69.104:40343] with ContainerStateMachine:uninitialized
2019-10-16 06:58:24,331 [pool-287-thread-1] INFO  server.RaftServerConfigKeys (ConfUtils.java:logGet(43)) - raft.server.rpc.timeout.min = 5s (custom)
2019-10-16 06:58:24,331 [pool-287-thread-1] INFO  server.RaftServerConfigKeys (ConfUtils.java:logGet(43)) - raft.server.rpc.timeout.max = 5200ms (custom)
2019-10-16 06:58:24,331 [pool-287-thread-1] INFO  server.RaftServerConfigKeys (ConfUtils.java:logGet(43)) - raft.server.rpcslowness.timeout = 120s (custom)
2019-10-16 06:58:24,331 [pool-287-thread-1] INFO  server.RaftServerConfigKeys (ConfUtils.java:logGet(43)) - raft.server.sleep.deviation.threshold = 300 (default)
2019-10-16 06:58:24,332 [pool-287-thread-1] INFO  server.RaftServerConfigKeys (ConfUtils.java:logGet(43)) - raft.server.log.appender.install.snapshot.enabled = false (custom)
2019-10-16 06:58:24,332 [pool-287-thread-1] INFO  impl.RaftServerImpl (ServerState.java:<init>(103)) - 39c5c445-cd83-4942-987d-d462f81a24e8@group-A68EF22AE276: ConfigurationManager, init=-1: [39c5c445-cd83-4942-987d-d462f81a24e8:192.168.69.104:40343], old=null, confs=<EMPTY_MAP>
2019-10-16 06:58:24,332 [pool-287-thread-1] INFO  server.RaftServerConfigKeys (ConfUtils.java:logGet(43)) - raft.server.storage.dir = [/workdir/hadoop-ozone/ozonefs/target/test-dir/MiniOzoneClusterImpl-fe450875-4a1a-482c-b3f5-23769c645c4a/datanode-1/data/ratis] (custom)
2019-10-16 06:58:24,332 [pool-287-thread-1] INFO  server.RaftServerConfigKeys (ConfUtils.java:logGet(43)) - raft.server.log.corruption.policy = EXCEPTION (default)
2019-10-16 06:58:24,333 [pool-287-thread-1] INFO  storage.RaftStorageDirectory (RaftStorageDirectory.java:analyzeStorage(246)) - The storage directory /workdir/hadoop-ozone/ozonefs/target/test-dir/MiniOzoneClusterImpl-fe450875-4a1a-482c-b3f5-23769c645c4a/datanode-1/data/ratis/d9da2408-e534-49b1-9963-a68ef22ae276 does not exist. Creating ...
2019-10-16 06:58:24,357 [pool-287-thread-1] INFO  storage.RaftStorageDirectory (RaftStorageDirectory.java:tryLock(328)) - Lock on /workdir/hadoop-ozone/ozonefs/target/test-dir/MiniOzoneClusterImpl-fe450875-4a1a-482c-b3f5-23769c645c4a/datanode-1/data/ratis/d9da2408-e534-49b1-9963-a68ef22ae276/in_use.lock acquired by nodename 15382@pr-hdds-2312-q6qzp-1535798719
2019-10-16 06:58:24,383 [pool-287-thread-1] INFO  storage.RaftStorage (RaftStorage.java:format(84)) - Storage directory /workdir/hadoop-ozone/ozonefs/target/test-dir/MiniOzoneClusterImpl-fe450875-4a1a-482c-b3f5-23769c645c4a/datanode-1/data/ratis/d9da2408-e534-49b1-9963-a68ef22ae276 has been successfully formatted.
2019-10-16 06:58:24,383 [pool-287-thread-1] INFO  ratis.ContainerStateMachine (ContainerStateMachine.java:loadSnapshot(231)) - group-A68EF22AE276: The snapshot info is null. Setting the last applied indexto:(t:0, i:~)
2019-10-16 06:58:24,383 [pool-287-thread-1] INFO  server.RaftServerConfigKeys (ConfUtils.java:logGet(43)) - raft.server.notification.no-leader.timeout = 120s (custom)
2019-10-16 06:58:24,383 [pool-287-thread-1] INFO  server.RaftServerConfigKeys (ConfUtils.java:logGet(43)) - raft.server.log.use.memory = false (default)
2019-10-16 06:58:24,383 [pool-287-thread-1] INFO  server.RaftServerConfigKeys (ConfUtils.java:logGet(43)) - raft.server.log.purge.gap = 1000000 (custom)
2019-10-16 06:58:24,384 [pool-287-thread-1] INFO  server.RaftServerConfigKeys (ConfUtils.java:logGet(43)) - raft.server.log.appender.buffer.byte-limit = 33554432 (custom)
2019-10-16 06:58:24,384 [pool-287-thread-1] INFO  server.RaftServerConfigKeys (ConfUtils.java:logGet(43)) - raft.server.log.segment.size.max = 1048576 (custom)
2019-10-16 06:58:24,386 [pool-287-thread-1] INFO  server.RaftServerConfigKeys (ConfUtils.java:logGet(43)) - raft.server.log.segment.cache.num.max = 2 (custom)
2019-10-16 06:58:24,386 [pool-287-thread-1] INFO  segmented.SegmentedRaftLogWorker (SegmentedRaftLogWorker.java:<init>(173)) - new 39c5c445-cd83-4942-987d-d462f81a24e8@group-A68EF22AE276-SegmentedRaftLogWorker for RaftStorage:Storage Directory /workdir/hadoop-ozone/ozonefs/target/test-dir/MiniOzoneClusterImpl-fe450875-4a1a-482c-b3f5-23769c645c4a/datanode-1/data/ratis/d9da2408-e534-49b1-9963-a68ef22ae276
2019-10-16 06:58:24,386 [pool-287-thread-1] INFO  server.RaftServerConfigKeys (ConfUtils.java:logGet(43)) - raft.server.log.queue.byte-limit = 2147483647 (custom)
2019-10-16 06:58:24,386 [pool-287-thread-1] INFO  server.RaftServerConfigKeys (ConfUtils.java:logGet(43)) - raft.server.log.queue.element-limit = 1024 (custom)
2019-10-16 06:58:24,386 [Thread-1151] INFO  ozone.MiniOzoneClusterImpl (MiniOzoneClusterImpl.java:lambda$waitForClusterToBeReady$0(147)) - Waiting for cluster to be ready. Got 2 of 3 DN Heartbeats.
2019-10-16 06:58:24,386 [pool-287-thread-1] INFO  server.RaftServerConfigKeys (ConfUtils.java:logGet(43)) - raft.server.log.segment.size.max = 1048576 (custom)
2019-10-16 06:58:24,387 [pool-287-thread-1] INFO  server.RaftServerConfigKeys (ConfUtils.java:logGet(43)) - raft.server.log.preallocated.size = 16384 (custom)
2019-10-16 06:58:24,387 [pool-287-thread-1] INFO  server.RaftServerConfigKeys (ConfUtils.java:logGet(43)) - raft.server.log.write.buffer.size = 33554432 (custom)
2019-10-16 06:58:24,387 [pool-287-thread-1] INFO  server.RaftServerConfigKeys (ConfUtils.java:logGet(43)) - raft.server.log.force.sync.num = 128 (default)
2019-10-16 06:58:24,387 [IPC Server handler 2 on 35107] INFO  net.NetworkTopology (NetworkTopologyImpl.java:add(111)) - Added a new node: /default-rack/317a9921-db1c-43a7-b546-bfd5748728d7
2019-10-16 06:58:24,387 [pool-287-thread-1] INFO  server.RaftServerConfigKeys (ConfUtils.java:logGet(43)) - raft.server.log.statemachine.data.sync = true (default)
2019-10-16 06:58:24,387 [IPC Server handler 2 on 35107] INFO  node.SCMNodeManager (SCMNodeManager.java:register(268)) - Registered Data node : 317a9921-db1c-43a7-b546-bfd5748728d7{ip: 192.168.69.104, host: pr-hdds-2312-q6qzp-1535798719, networkLocation: /default-rack, certSerialId: null}
2019-10-16 06:58:24,388 [pool-287-thread-1] INFO  server.RaftServerConfigKeys (ConfUtils.java:logGet(43)) - raft.server.log.statemachine.data.sync.timeout = 10s (default)
2019-10-16 06:58:24,388 [pool-287-thread-1] INFO  server.RaftServerConfigKeys (ConfUtils.java:logGet(43)) - raft.server.log.statemachine.data.sync.timeout.retry = -1 (default)
2019-10-16 06:58:24,388 [pool-287-thread-1] INFO  server.RaftServerConfigKeys (ConfUtils.java:logGet(43)) - raft.server.log.statemachine.data.caching.enabled = true (custom)
2019-10-16 06:58:24,389 [pool-287-thread-1] INFO  segmented.SegmentedRaftLogWorker (SegmentedRaftLogWorker.java:lambda$new$0(128)) - 39c5c445-cd83-4942-987d-d462f81a24e8@group-A68EF22AE276-SegmentedRaftLogWorker: flushIndex: setUnconditionally 0 -> -1
2019-10-16 06:58:24,389 [pool-287-thread-1] INFO  server.RaftServerConfigKeys (ConfUtils.java:logGet(43)) - raft.server.snapshot.auto.trigger.enabled = true (custom)
2019-10-16 06:58:24,389 [pool-287-thread-1] INFO  server.RaftServerConfigKeys (ConfUtils.java:logGet(43)) - raft.server.snapshot.auto.trigger.threshold = 10000 (custom)
2019-10-16 06:58:24,389 [pool-287-thread-1] INFO  server.RaftServerConfigKeys (ConfUtils.java:logGet(43)) - raft.server.snapshot.retention.file.num = 5 (custom)
2019-10-16 06:58:24,390 [pool-287-thread-1] INFO  server.RaftServerConfigKeys (ConfUtils.java:logGet(43)) - raft.server.retrycache.expirytime = 600000ms (custom)
2019-10-16 06:58:24,393 [pool-287-thread-1] INFO  impl.RaftServerImpl (RaftServerImpl.java:start(195)) - 39c5c445-cd83-4942-987d-d462f81a24e8@group-A68EF22AE276: start as a follower, conf=-1: [39c5c445-cd83-4942-987d-d462f81a24e8:192.168.69.104:40343], old=null
2019-10-16 06:58:24,393 [pool-287-thread-1] INFO  impl.RaftServerImpl (RaftServerImpl.java:setRole(184)) - 39c5c445-cd83-4942-987d-d462f81a24e8@group-A68EF22AE276: changes role from      null to FOLLOWER at term 0 for startAsFollower
2019-10-16 06:58:24,393 [pool-287-thread-1] INFO  impl.RoleInfo (RoleInfo.java:updateAndGet(143)) - 39c5c445-cd83-4942-987d-d462f81a24e8: start FollowerState
2019-10-16 06:58:24,394 [pool-287-thread-1] INFO  util.JmxRegister (JmxRegister.java:tryRegister(44)) - Successfully registered JMX Bean with object name Ratis:service=RaftServer,group=group-A68EF22AE276,id=39c5c445-cd83-4942-987d-d462f81a24e8
2019-10-16 06:58:24,398 [RatisPipelineUtilsThread] INFO  pipeline.PipelineStateManager (PipelineStateManager.java:addPipeline(56)) - Created pipeline Pipeline[ Id: d9da2408-e534-49b1-9963-a68ef22ae276, Nodes: 39c5c445-cd83-4942-987d-d462f81a24e8{ip: 192.168.69.104, host: pr-hdds-2312-q6qzp-1535798719, networkLocation: /default-rack, certSerialId: null}, Type:RATIS, Factor:ONE, State:OPEN]
2019-10-16 06:58:24,406 [grpc-default-executor-0] INFO  impl.RaftServerProxy (RaftServerProxy.java:addNew(89)) - 317a9921-db1c-43a7-b546-bfd5748728d7: addNew group-01B3F018CA1B:[317a9921-db1c-43a7-b546-bfd5748728d7:192.168.69.104:33231] returns group-01B3F018CA1B:java.util.concurrent.CompletableFuture@30abaef7[Not completed]
2019-10-16 06:58:24,407 [pool-297-thread-1] INFO  impl.RaftServerImpl (RaftServerImpl.java:<init>(104)) - 317a9921-db1c-43a7-b546-bfd5748728d7: new RaftServerImpl for group-01B3F018CA1B:[317a9921-db1c-43a7-b546-bfd5748728d7:192.168.69.104:33231] with ContainerStateMachine:uninitialized
2019-10-16 06:58:24,408 [pool-297-thread-1] INFO  server.RaftServerConfigKeys (ConfUtils.java:logGet(43)) - raft.server.rpc.timeout.min = 5s (custom)
2019-10-16 06:58:24,408 [pool-297-thread-1] INFO  server.RaftServerConfigKeys (ConfUtils.java:logGet(43)) - raft.server.rpc.timeout.max = 5200ms (custom)
2019-10-16 06:58:24,408 [pool-297-thread-1] INFO  server.RaftServerConfigKeys (ConfUtils.java:logGet(43)) - raft.server.rpcslowness.timeout = 120s (custom)
2019-10-16 06:58:24,408 [pool-297-thread-1] INFO  server.RaftServerConfigKeys (ConfUtils.java:logGet(43)) - raft.server.sleep.deviation.threshold = 300 (default)
2019-10-16 06:58:24,408 [pool-297-thread-1] INFO  server.RaftServerConfigKeys (ConfUtils.java:logGet(43)) - raft.server.log.appender.install.snapshot.enabled = false (custom)
2019-10-16 06:58:24,408 [pool-297-thread-1] INFO  impl.RaftServerImpl (ServerState.java:<init>(103)) - 317a9921-db1c-43a7-b546-bfd5748728d7@group-01B3F018CA1B: ConfigurationManager, init=-1: [317a9921-db1c-43a7-b546-bfd5748728d7:192.168.69.104:33231], old=null, confs=<EMPTY_MAP>
2019-10-16 06:58:24,408 [pool-297-thread-1] INFO  server.RaftServerConfigKeys (ConfUtils.java:logGet(43)) - raft.server.storage.dir = [/workdir/hadoop-ozone/ozonefs/target/test-dir/MiniOzoneClusterImpl-fe450875-4a1a-482c-b3f5-23769c645c4a/datanode-2/data/ratis] (custom)
2019-10-16 06:58:24,409 [pool-297-thread-1] INFO  server.RaftServerConfigKeys (ConfUtils.java:logGet(43)) - raft.server.log.corruption.policy = EXCEPTION (default)
2019-10-16 06:58:24,409 [pool-297-thread-1] INFO  storage.RaftStorageDirectory (RaftStorageDirectory.java:analyzeStorage(246)) - The storage directory /workdir/hadoop-ozone/ozonefs/target/test-dir/MiniOzoneClusterImpl-fe450875-4a1a-482c-b3f5-23769c645c4a/datanode-2/data/ratis/89155d7a-cd85-4cd6-9d6f-01b3f018ca1b does not exist. Creating ...
2019-10-16 06:58:24,419 [Thread-1325] INFO  impl.FollowerState (FollowerState.java:run(108)) - 73e75fb6-f1d7-4311-b684-bd95d4e816a1@group-EACCB30472C0-FollowerState: change to CANDIDATE, lastRpcTime:108ms, electionTimeout:108ms
2019-10-16 06:58:24,419 [Thread-1325] INFO  impl.RoleInfo (RoleInfo.java:shutdownFollowerState(121)) - 73e75fb6-f1d7-4311-b684-bd95d4e816a1: shutdown FollowerState
2019-10-16 06:58:24,420 [Thread-1325] INFO  impl.RaftServerImpl (RaftServerImpl.java:setRole(184)) - 73e75fb6-f1d7-4311-b684-bd95d4e816a1@group-EACCB30472C0: changes role from  FOLLOWER to CANDIDATE at term 0 for changeToCandidate
2019-10-16 06:58:24,420 [Thread-1325] INFO  impl.RoleInfo (RoleInfo.java:updateAndGet(143)) - 73e75fb6-f1d7-4311-b684-bd95d4e816a1: start LeaderElection
2019-10-16 06:58:24,422 [pool-297-thread-1] INFO  storage.RaftStorageDirectory (RaftStorageDirectory.java:tryLock(328)) - Lock on /workdir/hadoop-ozone/ozonefs/target/test-dir/MiniOzoneClusterImpl-fe450875-4a1a-482c-b3f5-23769c645c4a/datanode-2/data/ratis/89155d7a-cd85-4cd6-9d6f-01b3f018ca1b/in_use.lock acquired by nodename 15382@pr-hdds-2312-q6qzp-1535798719
2019-10-16 06:58:24,436 [pool-297-thread-1] INFO  storage.RaftStorage (RaftStorage.java:format(84)) - Storage directory /workdir/hadoop-ozone/ozonefs/target/test-dir/MiniOzoneClusterImpl-fe450875-4a1a-482c-b3f5-23769c645c4a/datanode-2/data/ratis/89155d7a-cd85-4cd6-9d6f-01b3f018ca1b has been successfully formatted.
2019-10-16 06:58:24,436 [73e75fb6-f1d7-4311-b684-bd95d4e816a1@group-EACCB30472C0-LeaderElection29] INFO  impl.LeaderElection (LeaderElection.java:askForVotes(178)) - 73e75fb6-f1d7-4311-b684-bd95d4e816a1@group-EACCB30472C0-LeaderElection29: begin an election at term 1 for -1: [73e75fb6-f1d7-4311-b684-bd95d4e816a1:192.168.69.104:34728], old=null
2019-10-16 06:58:24,436 [pool-297-thread-1] INFO  ratis.ContainerStateMachine (ContainerStateMachine.java:loadSnapshot(231)) - group-01B3F018CA1B: The snapshot info is null. Setting the last applied indexto:(t:0, i:~)
2019-10-16 06:58:24,436 [73e75fb6-f1d7-4311-b684-bd95d4e816a1@group-EACCB30472C0-LeaderElection29] INFO  impl.RoleInfo (RoleInfo.java:shutdownLeaderElection(134)) - 73e75fb6-f1d7-4311-b684-bd95d4e816a1: shutdown LeaderElection
2019-10-16 06:58:24,436 [pool-297-thread-1] INFO  server.RaftServerConfigKeys (ConfUtils.java:logGet(43)) - raft.server.notification.no-leader.timeout = 120s (custom)
2019-10-16 06:58:24,436 [73e75fb6-f1d7-4311-b684-bd95d4e816a1@group-EACCB30472C0-LeaderElection29] INFO  impl.RaftServerImpl (RaftServerImpl.java:setRole(184)) - 73e75fb6-f1d7-4311-b684-bd95d4e816a1@group-EACCB30472C0: changes role from CANDIDATE to LEADER at term 1 for changeToLeader
2019-10-16 06:58:24,437 [pool-297-thread-1] INFO  server.RaftServerConfigKeys (ConfUtils.java:logGet(43)) - raft.server.log.use.memory = false (default)
2019-10-16 06:58:24,437 [73e75fb6-f1d7-4311-b684-bd95d4e816a1@group-EACCB30472C0-LeaderElection29] INFO  impl.RaftServerImpl (ServerState.java:setLeader(256)) - 73e75fb6-f1d7-4311-b684-bd95d4e816a1@group-EACCB30472C0: change Leader from null to 73e75fb6-f1d7-4311-b684-bd95d4e816a1 at term 1 for becomeLeader, leader elected after 131ms
2019-10-16 06:58:24,437 [pool-297-thread-1] INFO  server.RaftServerConfigKeys (ConfUtils.java:logGet(43)) - raft.server.log.purge.gap = 1000000 (custom)
2019-10-16 06:58:24,437 [73e75fb6-f1d7-4311-b684-bd95d4e816a1@group-EACCB30472C0-LeaderElection29] INFO  server.RaftServerConfigKeys (ConfUtils.java:logGet(43)) - raft.server.staging.catchup.gap = 1000 (default)
2019-10-16 06:58:24,437 [pool-297-thread-1] INFO  server.RaftServerConfigKeys (ConfUtils.java:logGet(43)) - raft.server.log.appender.buffer.byte-limit = 33554432 (custom)
2019-10-16 06:58:24,437 [73e75fb6-f1d7-4311-b684-bd95d4e816a1@group-EACCB30472C0-LeaderElection29] INFO  server.RaftServerConfigKeys (ConfUtils.java:logGet(43)) - raft.server.rpc.sleep.time = 25ms (default)
2019-10-16 06:58:24,437 [pool-297-thread-1] INFO  server.RaftServerConfigKeys (ConfUtils.java:logGet(43)) - raft.server.log.segment.size.max = 1048576 (custom)
2019-10-16 06:58:24,437 [73e75fb6-f1d7-4311-b684-bd95d4e816a1@group-EACCB30472C0-LeaderElection29] INFO  server.RaftServerConfigKeys (ConfUtils.java:logGet(43)) - raft.server.write.element-limit = 4096 (default)
2019-10-16 06:58:24,438 [73e75fb6-f1d7-4311-b684-bd95d4e816a1@group-EACCB30472C0-LeaderElection29] INFO  server.RaftServerConfigKeys (ConfUtils.java:logGet(43)) - raft.server.watch.timeout = 10s (default)
2019-10-16 06:58:24,438 [73e75fb6-f1d7-4311-b684-bd95d4e816a1@group-EACCB30472C0-LeaderElection29] INFO  server.RaftServerConfigKeys (ConfUtils.java:logGet(43)) - raft.server.watch.timeout.denomination = 1s (default)
2019-10-16 06:58:24,438 [73e75fb6-f1d7-4311-b684-bd95d4e816a1@group-EACCB30472C0-LeaderElection29] INFO  server.RaftServerConfigKeys (ConfUtils.java:logGet(43)) - raft.server.watch.element-limit = 65536 (default)
2019-10-16 06:58:24,439 [pool-297-thread-1] INFO  server.RaftServerConfigKeys (ConfUtils.java:logGet(43)) - raft.server.log.segment.cache.num.max = 2 (custom)
2019-10-16 06:58:24,439 [pool-297-thread-1] INFO  segmented.SegmentedRaftLogWorker (SegmentedRaftLogWorker.java:<init>(173)) - new 317a9921-db1c-43a7-b546-bfd5748728d7@group-01B3F018CA1B-SegmentedRaftLogWorker for RaftStorage:Storage Directory /workdir/hadoop-ozone/ozonefs/target/test-dir/MiniOzoneClusterImpl-fe450875-4a1a-482c-b3f5-23769c645c4a/datanode-2/data/ratis/89155d7a-cd85-4cd6-9d6f-01b3f018ca1b
2019-10-16 06:58:24,439 [pool-297-thread-1] INFO  server.RaftServerConfigKeys (ConfUtils.java:logGet(43)) - raft.server.log.queue.byte-limit = 2147483647 (custom)
2019-10-16 06:58:24,440 [pool-297-thread-1] INFO  server.RaftServerConfigKeys (ConfUtils.java:logGet(43)) - raft.server.log.queue.element-limit = 1024 (custom)
2019-10-16 06:58:24,440 [pool-297-thread-1] INFO  server.RaftServerConfigKeys (ConfUtils.java:logGet(43)) - raft.server.log.segment.size.max = 1048576 (custom)
2019-10-16 06:58:24,440 [pool-297-thread-1] INFO  server.RaftServerConfigKeys (ConfUtils.java:logGet(43)) - raft.server.log.preallocated.size = 16384 (custom)
2019-10-16 06:58:24,440 [pool-297-thread-1] INFO  server.RaftServerConfigKeys (ConfUtils.java:logGet(43)) - raft.server.log.write.buffer.size = 33554432 (custom)
2019-10-16 06:58:24,440 [73e75fb6-f1d7-4311-b684-bd95d4e816a1@group-EACCB30472C0-LeaderElection29] INFO  impl.RoleInfo (RoleInfo.java:updateAndGet(143)) - 73e75fb6-f1d7-4311-b684-bd95d4e816a1: start LeaderState
2019-10-16 06:58:24,440 [pool-297-thread-1] INFO  server.RaftServerConfigKeys (ConfUtils.java:logGet(43)) - raft.server.log.force.sync.num = 128 (default)
2019-10-16 06:58:24,440 [pool-297-thread-1] INFO  server.RaftServerConfigKeys (ConfUtils.java:logGet(43)) - raft.server.log.statemachine.data.sync = true (default)
2019-10-16 06:58:24,440 [pool-297-thread-1] INFO  server.RaftServerConfigKeys (ConfUtils.java:logGet(43)) - raft.server.log.statemachine.data.sync.timeout = 10s (default)
2019-10-16 06:58:24,440 [73e75fb6-f1d7-4311-b684-bd95d4e816a1@group-EACCB30472C0-LeaderElection29] INFO  segmented.SegmentedRaftLogWorker (SegmentedRaftLogWorker.java:startLogSegment(385)) - 73e75fb6-f1d7-4311-b684-bd95d4e816a1@group-EACCB30472C0-SegmentedRaftLogWorker: Starting segment from index:0
2019-10-16 06:58:24,440 [pool-297-thread-1] INFO  server.RaftServerConfigKeys (ConfUtils.java:logGet(43)) - raft.server.log.statemachine.data.sync.timeout.retry = -1 (default)
2019-10-16 06:58:24,441 [pool-297-thread-1] INFO  server.RaftServerConfigKeys (ConfUtils.java:logGet(43)) - raft.server.log.statemachine.data.caching.enabled = true (custom)
2019-10-16 06:58:24,441 [73e75fb6-f1d7-4311-b684-bd95d4e816a1@group-EACCB30472C0-LeaderElection29] INFO  impl.RaftServerImpl (ServerState.java:setRaftConf(357)) - 73e75fb6-f1d7-4311-b684-bd95d4e816a1@group-EACCB30472C0: set configuration 0: [73e75fb6-f1d7-4311-b684-bd95d4e816a1:192.168.69.104:34728], old=null at 0
2019-10-16 06:58:24,441 [pool-297-thread-1] INFO  segmented.SegmentedRaftLogWorker (SegmentedRaftLogWorker.java:lambda$new$0(128)) - 317a9921-db1c-43a7-b546-bfd5748728d7@group-01B3F018CA1B-SegmentedRaftLogWorker: flushIndex: setUnconditionally 0 -> -1
2019-10-16 06:58:24,441 [pool-297-thread-1] INFO  server.RaftServerConfigKeys (ConfUtils.java:logGet(43)) - raft.server.snapshot.auto.trigger.enabled = true (custom)
2019-10-16 06:58:24,441 [pool-297-thread-1] INFO  server.RaftServerConfigKeys (ConfUtils.java:logGet(43)) - raft.server.snapshot.auto.trigger.threshold = 10000 (custom)
2019-10-16 06:58:24,442 [pool-297-thread-1] INFO  server.RaftServerConfigKeys (ConfUtils.java:logGet(43)) - raft.server.snapshot.retention.file.num = 5 (custom)
2019-10-16 06:58:24,442 [pool-297-thread-1] INFO  server.RaftServerConfigKeys (ConfUtils.java:logGet(43)) - raft.server.retrycache.expirytime = 600000ms (custom)
2019-10-16 06:58:24,444 [pool-297-thread-1] INFO  impl.RaftServerImpl (RaftServerImpl.java:start(195)) - 317a9921-db1c-43a7-b546-bfd5748728d7@group-01B3F018CA1B: start as a follower, conf=-1: [317a9921-db1c-43a7-b546-bfd5748728d7:192.168.69.104:33231], old=null
2019-10-16 06:58:24,445 [pool-297-thread-1] INFO  impl.RaftServerImpl (RaftServerImpl.java:setRole(184)) - 317a9921-db1c-43a7-b546-bfd5748728d7@group-01B3F018CA1B: changes role from      null to FOLLOWER at term 0 for startAsFollower
2019-10-16 06:58:24,445 [pool-297-thread-1] INFO  impl.RoleInfo (RoleInfo.java:updateAndGet(143)) - 317a9921-db1c-43a7-b546-bfd5748728d7: start FollowerState
2019-10-16 06:58:24,445 [pool-297-thread-1] INFO  util.JmxRegister (JmxRegister.java:tryRegister(44)) - Successfully registered JMX Bean with object name Ratis:service=RaftServer,group=group-01B3F018CA1B,id=317a9921-db1c-43a7-b546-bfd5748728d7
2019-10-16 06:58:24,449 [RatisPipelineUtilsThread] INFO  pipeline.PipelineStateManager (PipelineStateManager.java:addPipeline(56)) - Created pipeline Pipeline[ Id: 89155d7a-cd85-4cd6-9d6f-01b3f018ca1b, Nodes: 317a9921-db1c-43a7-b546-bfd5748728d7{ip: 192.168.69.104, host: pr-hdds-2312-q6qzp-1535798719, networkLocation: /default-rack, certSerialId: null}, Type:RATIS, Factor:ONE, State:OPEN]
2019-10-16 06:58:24,477 [grpc-default-executor-1] INFO  impl.RaftServerProxy (RaftServerProxy.java:addNew(89)) - 39c5c445-cd83-4942-987d-d462f81a24e8: addNew group-1BF4C328EE0E:[73e75fb6-f1d7-4311-b684-bd95d4e816a1:192.168.69.104:34728, 317a9921-db1c-43a7-b546-bfd5748728d7:192.168.69.104:33231, 39c5c445-cd83-4942-987d-d462f81a24e8:192.168.69.104:40343] returns group-1BF4C328EE0E:java.util.concurrent.CompletableFuture@688e820b[Not completed]
2019-10-16 06:58:24,477 [grpc-default-executor-2] INFO  impl.RaftServerProxy (RaftServerProxy.java:addNew(89)) - 317a9921-db1c-43a7-b546-bfd5748728d7: addNew group-1BF4C328EE0E:[73e75fb6-f1d7-4311-b684-bd95d4e816a1:192.168.69.104:34728, 317a9921-db1c-43a7-b546-bfd5748728d7:192.168.69.104:33231, 39c5c445-cd83-4942-987d-d462f81a24e8:192.168.69.104:40343] returns group-1BF4C328EE0E:java.util.concurrent.CompletableFuture@3e3b3f9e[Not completed]
2019-10-16 06:58:24,478 [grpc-default-executor-2] INFO  impl.RaftServerProxy (RaftServerProxy.java:addNew(89)) - 73e75fb6-f1d7-4311-b684-bd95d4e816a1: addNew group-1BF4C328EE0E:[73e75fb6-f1d7-4311-b684-bd95d4e816a1:192.168.69.104:34728, 317a9921-db1c-43a7-b546-bfd5748728d7:192.168.69.104:33231, 39c5c445-cd83-4942-987d-d462f81a24e8:192.168.69.104:40343] returns group-1BF4C328EE0E:java.util.concurrent.CompletableFuture@7b39b63d[Not completed]
2019-10-16 06:58:24,478 [pool-297-thread-1] INFO  impl.RaftServerImpl (RaftServerImpl.java:<init>(104)) - 317a9921-db1c-43a7-b546-bfd5748728d7: new RaftServerImpl for group-1BF4C328EE0E:[73e75fb6-f1d7-4311-b684-bd95d4e816a1:192.168.69.104:34728, 317a9921-db1c-43a7-b546-bfd5748728d7:192.168.69.104:33231, 39c5c445-cd83-4942-987d-d462f81a24e8:192.168.69.104:40343] with ContainerStateMachine:uninitialized
2019-10-16 06:58:24,478 [pool-297-thread-1] INFO  server.RaftServerConfigKeys (ConfUtils.java:logGet(43)) - raft.server.rpc.timeout.min = 5s (custom)
2019-10-16 06:58:24,479 [pool-297-thread-1] INFO  server.RaftServerConfigKeys (ConfUtils.java:logGet(43)) - raft.server.rpc.timeout.max = 5200ms (custom)
2019-10-16 06:58:24,479 [pool-297-thread-1] INFO  server.RaftServerConfigKeys (ConfUtils.java:logGet(43)) - raft.server.rpcslowness.timeout = 120s (custom)
2019-10-16 06:58:24,479 [pool-297-thread-1] INFO  server.RaftServerConfigKeys (ConfUtils.java:logGet(43)) - raft.server.sleep.deviation.threshold = 300 (default)
2019-10-16 06:58:24,479 [pool-297-thread-1] INFO  server.RaftServerConfigKeys (ConfUtils.java:logGet(43)) - raft.server.log.appender.install.snapshot.enabled = false (custom)
2019-10-16 06:58:24,479 [pool-297-thread-1] INFO  impl.RaftServerImpl (ServerState.java:<init>(103)) - 317a9921-db1c-43a7-b546-bfd5748728d7@group-1BF4C328EE0E: ConfigurationManager, init=-1: [73e75fb6-f1d7-4311-b684-bd95d4e816a1:192.168.69.104:34728, 317a9921-db1c-43a7-b546-bfd5748728d7:192.168.69.104:33231, 39c5c445-cd83-4942-987d-d462f81a24e8:192.168.69.104:40343], old=null, confs=<EMPTY_MAP>
2019-10-16 06:58:24,479 [pool-297-thread-1] INFO  server.RaftServerConfigKeys (ConfUtils.java:logGet(43)) - raft.server.storage.dir = [/workdir/hadoop-ozone/ozonefs/target/test-dir/MiniOzoneClusterImpl-fe450875-4a1a-482c-b3f5-23769c645c4a/datanode-2/data/ratis] (custom)
2019-10-16 06:58:24,479 [pool-287-thread-1] INFO  impl.RaftServerImpl (RaftServerImpl.java:<init>(104)) - 39c5c445-cd83-4942-987d-d462f81a24e8: new RaftServerImpl for group-1BF4C328EE0E:[73e75fb6-f1d7-4311-b684-bd95d4e816a1:192.168.69.104:34728, 317a9921-db1c-43a7-b546-bfd5748728d7:192.168.69.104:33231, 39c5c445-cd83-4942-987d-d462f81a24e8:192.168.69.104:40343] with ContainerStateMachine:uninitialized
2019-10-16 06:58:24,480 [pool-297-thread-1] INFO  server.RaftServerConfigKeys (ConfUtils.java:logGet(43)) - raft.server.log.corruption.policy = EXCEPTION (default)
2019-10-16 06:58:24,480 [pool-287-thread-1] INFO  server.RaftServerConfigKeys (ConfUtils.java:logGet(43)) - raft.server.rpc.timeout.min = 5s (custom)
2019-10-16 06:58:24,480 [pool-297-thread-1] INFO  storage.RaftStorageDirectory (RaftStorageDirectory.java:analyzeStorage(246)) - The storage directory /workdir/hadoop-ozone/ozonefs/target/test-dir/MiniOzoneClusterImpl-fe450875-4a1a-482c-b3f5-23769c645c4a/datanode-2/data/ratis/6f963c97-4f65-4a5c-bba6-1bf4c328ee0e does not exist. Creating ...
2019-10-16 06:58:24,480 [pool-287-thread-1] INFO  server.RaftServerConfigKeys (ConfUtils.java:logGet(43)) - raft.server.rpc.timeout.max = 5200ms (custom)
2019-10-16 06:58:24,480 [pool-277-thread-1] INFO  impl.RaftServerImpl (RaftServerImpl.java:<init>(104)) - 73e75fb6-f1d7-4311-b684-bd95d4e816a1: new RaftServerImpl for group-1BF4C328EE0E:[73e75fb6-f1d7-4311-b684-bd95d4e816a1:192.168.69.104:34728, 317a9921-db1c-43a7-b546-bfd5748728d7:192.168.69.104:33231, 39c5c445-cd83-4942-987d-d462f81a24e8:192.168.69.104:40343] with ContainerStateMachine:uninitialized
2019-10-16 06:58:24,480 [pool-287-thread-1] INFO  server.RaftServerConfigKeys (ConfUtils.java:logGet(43)) - raft.server.rpcslowness.timeout = 120s (custom)
2019-10-16 06:58:24,480 [pool-277-thread-1] INFO  server.RaftServerConfigKeys (ConfUtils.java:logGet(43)) - raft.server.rpc.timeout.min = 5s (custom)
2019-10-16 06:58:24,480 [pool-287-thread-1] INFO  server.RaftServerConfigKeys (ConfUtils.java:logGet(43)) - raft.server.sleep.deviation.threshold = 300 (default)
2019-10-16 06:58:24,481 [pool-277-thread-1] INFO  server.RaftServerConfigKeys (ConfUtils.java:logGet(43)) - raft.server.rpc.timeout.max = 5200ms (custom)
2019-10-16 06:58:24,481 [pool-287-thread-1] INFO  server.RaftServerConfigKeys (ConfUtils.java:logGet(43)) - raft.server.log.appender.install.snapshot.enabled = false (custom)
2019-10-16 06:58:24,481 [pool-277-thread-1] INFO  server.RaftServerConfigKeys (ConfUtils.java:logGet(43)) - raft.server.rpcslowness.timeout = 120s (custom)
2019-10-16 06:58:24,481 [pool-287-thread-1] INFO  impl.RaftServerImpl (ServerState.java:<init>(103)) - 39c5c445-cd83-4942-987d-d462f81a24e8@group-1BF4C328EE0E: ConfigurationManager, init=-1: [73e75fb6-f1d7-4311-b684-bd95d4e816a1:192.168.69.104:34728, 317a9921-db1c-43a7-b546-bfd5748728d7:192.168.69.104:33231, 39c5c445-cd83-4942-987d-d462f81a24e8:192.168.69.104:40343], old=null, confs=<EMPTY_MAP>
2019-10-16 06:58:24,481 [pool-277-thread-1] INFO  server.RaftServerConfigKeys (ConfUtils.java:logGet(43)) - raft.server.sleep.deviation.threshold = 300 (default)
2019-10-16 06:58:24,481 [pool-277-thread-1] INFO  server.RaftServerConfigKeys (ConfUtils.java:logGet(43)) - raft.server.log.appender.install.snapshot.enabled = false (custom)
2019-10-16 06:58:24,481 [pool-287-thread-1] INFO  server.RaftServerConfigKeys (ConfUtils.java:logGet(43)) - raft.server.storage.dir = [/workdir/hadoop-ozone/ozonefs/target/test-dir/MiniOzoneClusterImpl-fe450875-4a1a-482c-b3f5-23769c645c4a/datanode-1/data/ratis] (custom)
2019-10-16 06:58:24,481 [pool-277-thread-1] INFO  impl.RaftServerImpl (ServerState.java:<init>(103)) - 73e75fb6-f1d7-4311-b684-bd95d4e816a1@group-1BF4C328EE0E: ConfigurationManager, init=-1: [73e75fb6-f1d7-4311-b684-bd95d4e816a1:192.168.69.104:34728, 317a9921-db1c-43a7-b546-bfd5748728d7:192.168.69.104:33231, 39c5c445-cd83-4942-987d-d462f81a24e8:192.168.69.104:40343], old=null, confs=<EMPTY_MAP>
2019-10-16 06:58:24,482 [pool-277-thread-1] INFO  server.RaftServerConfigKeys (ConfUtils.java:logGet(43)) - raft.server.storage.dir = [/workdir/hadoop-ozone/ozonefs/target/test-dir/MiniOzoneClusterImpl-fe450875-4a1a-482c-b3f5-23769c645c4a/datanode-0/data/ratis] (custom)
2019-10-16 06:58:24,482 [pool-287-thread-1] INFO  server.RaftServerConfigKeys (ConfUtils.java:logGet(43)) - raft.server.log.corruption.policy = EXCEPTION (default)
2019-10-16 06:58:24,482 [pool-277-thread-1] INFO  server.RaftServerConfigKeys (ConfUtils.java:logGet(43)) - raft.server.log.corruption.policy = EXCEPTION (default)
2019-10-16 06:58:24,482 [pool-287-thread-1] INFO  storage.RaftStorageDirectory (RaftStorageDirectory.java:analyzeStorage(246)) - The storage directory /workdir/hadoop-ozone/ozonefs/target/test-dir/MiniOzoneClusterImpl-fe450875-4a1a-482c-b3f5-23769c645c4a/datanode-1/data/ratis/6f963c97-4f65-4a5c-bba6-1bf4c328ee0e does not exist. Creating ...
2019-10-16 06:58:24,482 [pool-277-thread-1] INFO  storage.RaftStorageDirectory (RaftStorageDirectory.java:analyzeStorage(246)) - The storage directory /workdir/hadoop-ozone/ozonefs/target/test-dir/MiniOzoneClusterImpl-fe450875-4a1a-482c-b3f5-23769c645c4a/datanode-0/data/ratis/6f963c97-4f65-4a5c-bba6-1bf4c328ee0e does not exist. Creating ...
2019-10-16 06:58:24,486 [pool-297-thread-1] INFO  storage.RaftStorageDirectory (RaftStorageDirectory.java:tryLock(328)) - Lock on /workdir/hadoop-ozone/ozonefs/target/test-dir/MiniOzoneClusterImpl-fe450875-4a1a-482c-b3f5-23769c645c4a/datanode-2/data/ratis/6f963c97-4f65-4a5c-bba6-1bf4c328ee0e/in_use.lock acquired by nodename 15382@pr-hdds-2312-q6qzp-1535798719
2019-10-16 06:58:24,486 [pool-287-thread-1] INFO  storage.RaftStorageDirectory (RaftStorageDirectory.java:tryLock(328)) - Lock on /workdir/hadoop-ozone/ozonefs/target/test-dir/MiniOzoneClusterImpl-fe450875-4a1a-482c-b3f5-23769c645c4a/datanode-1/data/ratis/6f963c97-4f65-4a5c-bba6-1bf4c328ee0e/in_use.lock acquired by nodename 15382@pr-hdds-2312-q6qzp-1535798719
2019-10-16 06:58:24,486 [73e75fb6-f1d7-4311-b684-bd95d4e816a1@group-EACCB30472C0-SegmentedRaftLogWorker] INFO  segmented.SegmentedRaftLogWorker (SegmentedRaftLogWorker.java:execute(576)) - 73e75fb6-f1d7-4311-b684-bd95d4e816a1@group-EACCB30472C0-SegmentedRaftLogWorker: created new log segment /workdir/hadoop-ozone/ozonefs/target/test-dir/MiniOzoneClusterImpl-fe450875-4a1a-482c-b3f5-23769c645c4a/datanode-0/data/ratis/67bdb4a9-4fa8-4779-ae6b-eaccb30472c0/current/log_inprogress_0
2019-10-16 06:58:24,486 [pool-277-thread-1] INFO  storage.RaftStorageDirectory (RaftStorageDirectory.java:tryLock(328)) - Lock on /workdir/hadoop-ozone/ozonefs/target/test-dir/MiniOzoneClusterImpl-fe450875-4a1a-482c-b3f5-23769c645c4a/datanode-0/data/ratis/6f963c97-4f65-4a5c-bba6-1bf4c328ee0e/in_use.lock acquired by nodename 15382@pr-hdds-2312-q6qzp-1535798719
2019-10-16 06:58:24,499 [pool-287-thread-1] INFO  storage.RaftStorage (RaftStorage.java:format(84)) - Storage directory /workdir/hadoop-ozone/ozonefs/target/test-dir/MiniOzoneClusterImpl-fe450875-4a1a-482c-b3f5-23769c645c4a/datanode-1/data/ratis/6f963c97-4f65-4a5c-bba6-1bf4c328ee0e has been successfully formatted.
2019-10-16 06:58:24,499 [pool-297-thread-1] INFO  storage.RaftStorage (RaftStorage.java:format(84)) - Storage directory /workdir/hadoop-ozone/ozonefs/target/test-dir/MiniOzoneClusterImpl-fe450875-4a1a-482c-b3f5-23769c645c4a/datanode-2/data/ratis/6f963c97-4f65-4a5c-bba6-1bf4c328ee0e has been successfully formatted.
2019-10-16 06:58:24,499 [pool-277-thread-1] INFO  storage.RaftStorage (RaftStorage.java:format(84)) - Storage directory /workdir/hadoop-ozone/ozonefs/target/test-dir/MiniOzoneClusterImpl-fe450875-4a1a-482c-b3f5-23769c645c4a/datanode-0/data/ratis/6f963c97-4f65-4a5c-bba6-1bf4c328ee0e has been successfully formatted.
2019-10-16 06:58:24,499 [pool-287-thread-1] INFO  ratis.ContainerStateMachine (ContainerStateMachine.java:loadSnapshot(231)) - group-1BF4C328EE0E: The snapshot info is null. Setting the last applied indexto:(t:0, i:~)
2019-10-16 06:58:24,500 [pool-277-thread-1] INFO  ratis.ContainerStateMachine (ContainerStateMachine.java:loadSnapshot(231)) - group-1BF4C328EE0E: The snapshot info is null. Setting the last applied indexto:(t:0, i:~)
2019-10-16 06:58:24,500 [pool-297-thread-1] INFO  ratis.ContainerStateMachine (ContainerStateMachine.java:loadSnapshot(231)) - group-1BF4C328EE0E: The snapshot info is null. Setting the last applied indexto:(t:0, i:~)
2019-10-16 06:58:24,500 [pool-277-thread-1] INFO  server.RaftServerConfigKeys (ConfUtils.java:logGet(43)) - raft.server.notification.no-leader.timeout = 120s (custom)
2019-10-16 06:58:24,500 [pool-287-thread-1] INFO  server.RaftServerConfigKeys (ConfUtils.java:logGet(43)) - raft.server.notification.no-leader.timeout = 120s (custom)
2019-10-16 06:58:24,500 [pool-277-thread-1] INFO  server.RaftServerConfigKeys (ConfUtils.java:logGet(43)) - raft.server.log.use.memory = false (default)
2019-10-16 06:58:24,500 [pool-297-thread-1] INFO  server.RaftServerConfigKeys (ConfUtils.java:logGet(43)) - raft.server.notification.no-leader.timeout = 120s (custom)
2019-10-16 06:58:24,500 [pool-277-thread-1] INFO  server.RaftServerConfigKeys (ConfUtils.java:logGet(43)) - raft.server.log.purge.gap = 1000000 (custom)
2019-10-16 06:58:24,500 [pool-287-thread-1] INFO  server.RaftServerConfigKeys (ConfUtils.java:logGet(43)) - raft.server.log.use.memory = false (default)
2019-10-16 06:58:24,500 [pool-277-thread-1] INFO  server.RaftServerConfigKeys (ConfUtils.java:logGet(43)) - raft.server.log.appender.buffer.byte-limit = 33554432 (custom)
2019-10-16 06:58:24,500 [pool-297-thread-1] INFO  server.RaftServerConfigKeys (ConfUtils.java:logGet(43)) - raft.server.log.use.memory = false (default)
2019-10-16 06:58:24,500 [pool-277-thread-1] INFO  server.RaftServerConfigKeys (ConfUtils.java:logGet(43)) - raft.server.log.segment.size.max = 1048576 (custom)
2019-10-16 06:58:24,500 [pool-287-thread-1] INFO  server.RaftServerConfigKeys (ConfUtils.java:logGet(43)) - raft.server.log.purge.gap = 1000000 (custom)
2019-10-16 06:58:24,501 [pool-277-thread-1] INFO  server.RaftServerConfigKeys (ConfUtils.java:logGet(43)) - raft.server.log.segment.cache.num.max = 2 (custom)
2019-10-16 06:58:24,501 [pool-297-thread-1] INFO  server.RaftServerConfigKeys (ConfUtils.java:logGet(43)) - raft.server.log.purge.gap = 1000000 (custom)
2019-10-16 06:58:24,501 [pool-277-thread-1] INFO  segmented.SegmentedRaftLogWorker (SegmentedRaftLogWorker.java:<init>(173)) - new 73e75fb6-f1d7-4311-b684-bd95d4e816a1@group-1BF4C328EE0E-SegmentedRaftLogWorker for RaftStorage:Storage Directory /workdir/hadoop-ozone/ozonefs/target/test-dir/MiniOzoneClusterImpl-fe450875-4a1a-482c-b3f5-23769c645c4a/datanode-0/data/ratis/6f963c97-4f65-4a5c-bba6-1bf4c328ee0e
2019-10-16 06:58:24,501 [pool-287-thread-1] INFO  server.RaftServerConfigKeys (ConfUtils.java:logGet(43)) - raft.server.log.appender.buffer.byte-limit = 33554432 (custom)
2019-10-16 06:58:24,501 [pool-277-thread-1] INFO  server.RaftServerConfigKeys (ConfUtils.java:logGet(43)) - raft.server.log.queue.byte-limit = 2147483647 (custom)
2019-10-16 06:58:24,501 [pool-297-thread-1] INFO  server.RaftServerConfigKeys (ConfUtils.java:logGet(43)) - raft.server.log.appender.buffer.byte-limit = 33554432 (custom)
2019-10-16 06:58:24,501 [pool-277-thread-1] INFO  server.RaftServerConfigKeys (ConfUtils.java:logGet(43)) - raft.server.log.queue.element-limit = 1024 (custom)
2019-10-16 06:58:24,501 [pool-287-thread-1] INFO  server.RaftServerConfigKeys (ConfUtils.java:logGet(43)) - raft.server.log.segment.size.max = 1048576 (custom)
2019-10-16 06:58:24,501 [pool-277-thread-1] INFO  server.RaftServerConfigKeys (ConfUtils.java:logGet(43)) - raft.server.log.segment.size.max = 1048576 (custom)
2019-10-16 06:58:24,501 [pool-297-thread-1] INFO  server.RaftServerConfigKeys (ConfUtils.java:logGet(43)) - raft.server.log.segment.size.max = 1048576 (custom)
2019-10-16 06:58:24,502 [pool-277-thread-1] INFO  server.RaftServerConfigKeys (ConfUtils.java:logGet(43)) - raft.server.log.preallocated.size = 16384 (custom)
2019-10-16 06:58:24,501 [pool-287-thread-1] INFO  server.RaftServerConfigKeys (ConfUtils.java:logGet(43)) - raft.server.log.segment.cache.num.max = 2 (custom)
2019-10-16 06:58:24,502 [pool-277-thread-1] INFO  server.RaftServerConfigKeys (ConfUtils.java:logGet(43)) - raft.server.log.write.buffer.size = 33554432 (custom)
2019-10-16 06:58:24,502 [pool-297-thread-1] INFO  server.RaftServerConfigKeys (ConfUtils.java:logGet(43)) - raft.server.log.segment.cache.num.max = 2 (custom)
2019-10-16 06:58:24,502 [pool-277-thread-1] INFO  server.RaftServerConfigKeys (ConfUtils.java:logGet(43)) - raft.server.log.force.sync.num = 128 (default)
2019-10-16 06:58:24,502 [pool-287-thread-1] INFO  segmented.SegmentedRaftLogWorker (SegmentedRaftLogWorker.java:<init>(173)) - new 39c5c445-cd83-4942-987d-d462f81a24e8@group-1BF4C328EE0E-SegmentedRaftLogWorker for RaftStorage:Storage Directory /workdir/hadoop-ozone/ozonefs/target/test-dir/MiniOzoneClusterImpl-fe450875-4a1a-482c-b3f5-23769c645c4a/datanode-1/data/ratis/6f963c97-4f65-4a5c-bba6-1bf4c328ee0e
2019-10-16 06:58:24,502 [pool-277-thread-1] INFO  server.RaftServerConfigKeys (ConfUtils.java:logGet(43)) - raft.server.log.statemachine.data.sync = true (default)
2019-10-16 06:58:24,502 [pool-297-thread-1] INFO  segmented.SegmentedRaftLogWorker (SegmentedRaftLogWorker.java:<init>(173)) - new 317a9921-db1c-43a7-b546-bfd5748728d7@group-1BF4C328EE0E-SegmentedRaftLogWorker for RaftStorage:Storage Directory /workdir/hadoop-ozone/ozonefs/target/test-dir/MiniOzoneClusterImpl-fe450875-4a1a-482c-b3f5-23769c645c4a/datanode-2/data/ratis/6f963c97-4f65-4a5c-bba6-1bf4c328ee0e
2019-10-16 06:58:24,502 [pool-277-thread-1] INFO  server.RaftServerConfigKeys (ConfUtils.java:logGet(43)) - raft.server.log.statemachine.data.sync.timeout = 10s (default)
2019-10-16 06:58:24,502 [pool-287-thread-1] INFO  server.RaftServerConfigKeys (ConfUtils.java:logGet(43)) - raft.server.log.queue.byte-limit = 2147483647 (custom)
2019-10-16 06:58:24,503 [pool-277-thread-1] INFO  server.RaftServerConfigKeys (ConfUtils.java:logGet(43)) - raft.server.log.statemachine.data.sync.timeout.retry = -1 (default)
2019-10-16 06:58:24,502 [pool-297-thread-1] INFO  server.RaftServerConfigKeys (ConfUtils.java:logGet(43)) - raft.server.log.queue.byte-limit = 2147483647 (custom)
2019-10-16 06:58:24,503 [pool-277-thread-1] INFO  server.RaftServerConfigKeys (ConfUtils.java:logGet(43)) - raft.server.log.statemachine.data.caching.enabled = true (custom)
2019-10-16 06:58:24,503 [pool-287-thread-1] INFO  server.RaftServerConfigKeys (ConfUtils.java:logGet(43)) - raft.server.log.queue.element-limit = 1024 (custom)
2019-10-16 06:58:24,503 [pool-297-thread-1] INFO  server.RaftServerConfigKeys (ConfUtils.java:logGet(43)) - raft.server.log.queue.element-limit = 1024 (custom)
2019-10-16 06:58:24,503 [pool-277-thread-1] INFO  segmented.SegmentedRaftLogWorker (SegmentedRaftLogWorker.java:lambda$new$0(128)) - 73e75fb6-f1d7-4311-b684-bd95d4e816a1@group-1BF4C328EE0E-SegmentedRaftLogWorker: flushIndex: setUnconditionally 0 -> -1
2019-10-16 06:58:24,503 [pool-287-thread-1] INFO  server.RaftServerConfigKeys (ConfUtils.java:logGet(43)) - raft.server.log.segment.size.max = 1048576 (custom)
2019-10-16 06:58:24,503 [pool-297-thread-1] INFO  server.RaftServerConfigKeys (ConfUtils.java:logGet(43)) - raft.server.log.segment.size.max = 1048576 (custom)
2019-10-16 06:58:24,503 [pool-277-thread-1] INFO  server.RaftServerConfigKeys (ConfUtils.java:logGet(43)) - raft.server.snapshot.auto.trigger.enabled = true (custom)
2019-10-16 06:58:24,503 [pool-287-thread-1] INFO  server.RaftServerConfigKeys (ConfUtils.java:logGet(43)) - raft.server.log.preallocated.size = 16384 (custom)
2019-10-16 06:58:24,504 [pool-277-thread-1] INFO  server.RaftServerConfigKeys (ConfUtils.java:logGet(43)) - raft.server.snapshot.auto.trigger.threshold = 10000 (custom)
2019-10-16 06:58:24,504 [pool-297-thread-1] INFO  server.RaftServerConfigKeys (ConfUtils.java:logGet(43)) - raft.server.log.preallocated.size = 16384 (custom)
2019-10-16 06:58:24,504 [pool-277-thread-1] INFO  server.RaftServerConfigKeys (ConfUtils.java:logGet(43)) - raft.server.snapshot.retention.file.num = 5 (custom)
2019-10-16 06:58:24,504 [pool-287-thread-1] INFO  server.RaftServerConfigKeys (ConfUtils.java:logGet(43)) - raft.server.log.write.buffer.size = 33554432 (custom)
2019-10-16 06:58:24,504 [pool-277-thread-1] INFO  server.RaftServerConfigKeys (ConfUtils.java:logGet(43)) - raft.server.retrycache.expirytime = 600000ms (custom)
2019-10-16 06:58:24,504 [pool-297-thread-1] INFO  server.RaftServerConfigKeys (ConfUtils.java:logGet(43)) - raft.server.log.write.buffer.size = 33554432 (custom)
2019-10-16 06:58:24,504 [pool-287-thread-1] INFO  server.RaftServerConfigKeys (ConfUtils.java:logGet(43)) - raft.server.log.force.sync.num = 128 (default)
2019-10-16 06:58:24,504 [pool-297-thread-1] INFO  server.RaftServerConfigKeys (ConfUtils.java:logGet(43)) - raft.server.log.force.sync.num = 128 (default)
2019-10-16 06:58:24,505 [pool-287-thread-1] INFO  server.RaftServerConfigKeys (ConfUtils.java:logGet(43)) - raft.server.log.statemachine.data.sync = true (default)
2019-10-16 06:58:24,505 [pool-297-thread-1] INFO  server.RaftServerConfigKeys (ConfUtils.java:logGet(43)) - raft.server.log.statemachine.data.sync = true (default)
2019-10-16 06:58:24,505 [pool-287-thread-1] INFO  server.RaftServerConfigKeys (ConfUtils.java:logGet(43)) - raft.server.log.statemachine.data.sync.timeout = 10s (default)
2019-10-16 06:58:24,505 [pool-297-thread-1] INFO  server.RaftServerConfigKeys (ConfUtils.java:logGet(43)) - raft.server.log.statemachine.data.sync.timeout = 10s (default)
2019-10-16 06:58:24,505 [pool-287-thread-1] INFO  server.RaftServerConfigKeys (ConfUtils.java:logGet(43)) - raft.server.log.statemachine.data.sync.timeout.retry = -1 (default)
2019-10-16 06:58:24,505 [pool-297-thread-1] INFO  server.RaftServerConfigKeys (ConfUtils.java:logGet(43)) - raft.server.log.statemachine.data.sync.timeout.retry = -1 (default)
2019-10-16 06:58:24,505 [pool-287-thread-1] INFO  server.RaftServerConfigKeys (ConfUtils.java:logGet(43)) - raft.server.log.statemachine.data.caching.enabled = true (custom)
2019-10-16 06:58:24,505 [pool-297-thread-1] INFO  server.RaftServerConfigKeys (ConfUtils.java:logGet(43)) - raft.server.log.statemachine.data.caching.enabled = true (custom)
2019-10-16 06:58:24,506 [pool-277-thread-1] INFO  impl.RaftServerImpl (RaftServerImpl.java:start(195)) - 73e75fb6-f1d7-4311-b684-bd95d4e816a1@group-1BF4C328EE0E: start as a follower, conf=-1: [73e75fb6-f1d7-4311-b684-bd95d4e816a1:192.168.69.104:34728, 317a9921-db1c-43a7-b546-bfd5748728d7:192.168.69.104:33231, 39c5c445-cd83-4942-987d-d462f81a24e8:192.168.69.104:40343], old=null
2019-10-16 06:58:24,506 [pool-287-thread-1] INFO  segmented.SegmentedRaftLogWorker (SegmentedRaftLogWorker.java:lambda$new$0(128)) - 39c5c445-cd83-4942-987d-d462f81a24e8@group-1BF4C328EE0E-SegmentedRaftLogWorker: flushIndex: setUnconditionally 0 -> -1
2019-10-16 06:58:24,506 [pool-277-thread-1] INFO  impl.RaftServerImpl (RaftServerImpl.java:setRole(184)) - 73e75fb6-f1d7-4311-b684-bd95d4e816a1@group-1BF4C328EE0E: changes role from      null to FOLLOWER at term 0 for startAsFollower
2019-10-16 06:58:24,506 [pool-297-thread-1] INFO  segmented.SegmentedRaftLogWorker (SegmentedRaftLogWorker.java:lambda$new$0(128)) - 317a9921-db1c-43a7-b546-bfd5748728d7@group-1BF4C328EE0E-SegmentedRaftLogWorker: flushIndex: setUnconditionally 0 -> -1
2019-10-16 06:58:24,506 [pool-277-thread-1] INFO  impl.RoleInfo (RoleInfo.java:updateAndGet(143)) - 73e75fb6-f1d7-4311-b684-bd95d4e816a1: start FollowerState
2019-10-16 06:58:24,506 [pool-287-thread-1] INFO  server.RaftServerConfigKeys (ConfUtils.java:logGet(43)) - raft.server.snapshot.auto.trigger.enabled = true (custom)
2019-10-16 06:58:24,506 [pool-297-thread-1] INFO  server.RaftServerConfigKeys (ConfUtils.java:logGet(43)) - raft.server.snapshot.auto.trigger.enabled = true (custom)
2019-10-16 06:58:24,506 [pool-287-thread-1] INFO  server.RaftServerConfigKeys (ConfUtils.java:logGet(43)) - raft.server.snapshot.auto.trigger.threshold = 10000 (custom)
2019-10-16 06:58:24,506 [pool-277-thread-1] INFO  util.JmxRegister (JmxRegister.java:tryRegister(44)) - Successfully registered JMX Bean with object name Ratis:service=RaftServer,group=group-1BF4C328EE0E,id=73e75fb6-f1d7-4311-b684-bd95d4e816a1
2019-10-16 06:58:24,506 [pool-287-thread-1] INFO  server.RaftServerConfigKeys (ConfUtils.java:logGet(43)) - raft.server.snapshot.retention.file.num = 5 (custom)
2019-10-16 06:58:24,506 [pool-297-thread-1] INFO  server.RaftServerConfigKeys (ConfUtils.java:logGet(43)) - raft.server.snapshot.auto.trigger.threshold = 10000 (custom)
2019-10-16 06:58:24,507 [pool-287-thread-1] INFO  server.RaftServerConfigKeys (ConfUtils.java:logGet(43)) - raft.server.retrycache.expirytime = 600000ms (custom)
2019-10-16 06:58:24,507 [pool-297-thread-1] INFO  server.RaftServerConfigKeys (ConfUtils.java:logGet(43)) - raft.server.snapshot.retention.file.num = 5 (custom)
2019-10-16 06:58:24,507 [pool-297-thread-1] INFO  server.RaftServerConfigKeys (ConfUtils.java:logGet(43)) - raft.server.retrycache.expirytime = 600000ms (custom)
2019-10-16 06:58:24,510 [pool-297-thread-1] INFO  impl.RaftServerImpl (RaftServerImpl.java:start(195)) - 317a9921-db1c-43a7-b546-bfd5748728d7@group-1BF4C328EE0E: start as a follower, conf=-1: [73e75fb6-f1d7-4311-b684-bd95d4e816a1:192.168.69.104:34728, 317a9921-db1c-43a7-b546-bfd5748728d7:192.168.69.104:33231, 39c5c445-cd83-4942-987d-d462f81a24e8:192.168.69.104:40343], old=null
2019-10-16 06:58:24,510 [pool-287-thread-1] INFO  impl.RaftServerImpl (RaftServerImpl.java:start(195)) - 39c5c445-cd83-4942-987d-d462f81a24e8@group-1BF4C328EE0E: start as a follower, conf=-1: [73e75fb6-f1d7-4311-b684-bd95d4e816a1:192.168.69.104:34728, 317a9921-db1c-43a7-b546-bfd5748728d7:192.168.69.104:33231, 39c5c445-cd83-4942-987d-d462f81a24e8:192.168.69.104:40343], old=null
2019-10-16 06:58:24,510 [pool-297-thread-1] INFO  impl.RaftServerImpl (RaftServerImpl.java:setRole(184)) - 317a9921-db1c-43a7-b546-bfd5748728d7@group-1BF4C328EE0E: changes role from      null to FOLLOWER at term 0 for startAsFollower
2019-10-16 06:58:24,510 [pool-287-thread-1] INFO  impl.RaftServerImpl (RaftServerImpl.java:setRole(184)) - 39c5c445-cd83-4942-987d-d462f81a24e8@group-1BF4C328EE0E: changes role from      null to FOLLOWER at term 0 for startAsFollower
2019-10-16 06:58:24,510 [pool-297-thread-1] INFO  impl.RoleInfo (RoleInfo.java:updateAndGet(143)) - 317a9921-db1c-43a7-b546-bfd5748728d7: start FollowerState
2019-10-16 06:58:24,510 [pool-287-thread-1] INFO  impl.RoleInfo (RoleInfo.java:updateAndGet(143)) - 39c5c445-cd83-4942-987d-d462f81a24e8: start FollowerState
2019-10-16 06:58:24,511 [pool-297-thread-1] INFO  util.JmxRegister (JmxRegister.java:tryRegister(44)) - Successfully registered JMX Bean with object name Ratis:service=RaftServer,group=group-1BF4C328EE0E,id=317a9921-db1c-43a7-b546-bfd5748728d7
2019-10-16 06:58:24,511 [pool-287-thread-1] INFO  util.JmxRegister (JmxRegister.java:tryRegister(44)) - Successfully registered JMX Bean with object name Ratis:service=RaftServer,group=group-1BF4C328EE0E,id=39c5c445-cd83-4942-987d-d462f81a24e8
2019-10-16 06:58:24,516 [RatisPipelineUtilsThread] INFO  pipeline.PipelineStateManager (PipelineStateManager.java:addPipeline(56)) - Created pipeline Pipeline[ Id: 6f963c97-4f65-4a5c-bba6-1bf4c328ee0e, Nodes: 317a9921-db1c-43a7-b546-bfd5748728d7{ip: 192.168.69.104, host: pr-hdds-2312-q6qzp-1535798719, networkLocation: /default-rack, certSerialId: null}39c5c445-cd83-4942-987d-d462f81a24e8{ip: 192.168.69.104, host: pr-hdds-2312-q6qzp-1535798719, networkLocation: /default-rack, certSerialId: null}73e75fb6-f1d7-4311-b684-bd95d4e816a1{ip: 192.168.69.104, host: pr-hdds-2312-q6qzp-1535798719, networkLocation: /default-rack, certSerialId: null}, Type:RATIS, Factor:THREE, State:OPEN]
2019-10-16 06:58:24,594 [Thread-1328] INFO  impl.FollowerState (FollowerState.java:run(108)) - 39c5c445-cd83-4942-987d-d462f81a24e8@group-A68EF22AE276-FollowerState: change to CANDIDATE, lastRpcTime:200ms, electionTimeout:200ms
2019-10-16 06:58:24,594 [Thread-1328] INFO  impl.RoleInfo (RoleInfo.java:shutdownFollowerState(121)) - 39c5c445-cd83-4942-987d-d462f81a24e8: shutdown FollowerState
2019-10-16 06:58:24,594 [Thread-1328] INFO  impl.RaftServerImpl (RaftServerImpl.java:setRole(184)) - 39c5c445-cd83-4942-987d-d462f81a24e8@group-A68EF22AE276: changes role from  FOLLOWER to CANDIDATE at term 0 for changeToCandidate
2019-10-16 06:58:24,594 [Thread-1328] INFO  impl.RoleInfo (RoleInfo.java:updateAndGet(143)) - 39c5c445-cd83-4942-987d-d462f81a24e8: start LeaderElection
2019-10-16 06:58:24,597 [Thread-1333] INFO  impl.FollowerState (FollowerState.java:run(108)) - 317a9921-db1c-43a7-b546-bfd5748728d7@group-01B3F018CA1B-FollowerState: change to CANDIDATE, lastRpcTime:151ms, electionTimeout:150ms
2019-10-16 06:58:24,599 [Thread-1333] INFO  impl.RoleInfo (RoleInfo.java:shutdownFollowerState(121)) - 317a9921-db1c-43a7-b546-bfd5748728d7: shutdown FollowerState
2019-10-16 06:58:24,599 [Thread-1333] INFO  impl.RaftServerImpl (RaftServerImpl.java:setRole(184)) - 317a9921-db1c-43a7-b546-bfd5748728d7@group-01B3F018CA1B: changes role from  FOLLOWER to CANDIDATE at term 0 for changeToCandidate
2019-10-16 06:58:24,599 [Thread-1333] INFO  impl.RoleInfo (RoleInfo.java:updateAndGet(143)) - 317a9921-db1c-43a7-b546-bfd5748728d7: start LeaderElection
2019-10-16 06:58:24,613 [39c5c445-cd83-4942-987d-d462f81a24e8@group-A68EF22AE276-LeaderElection30] INFO  impl.LeaderElection (LeaderElection.java:askForVotes(178)) - 39c5c445-cd83-4942-987d-d462f81a24e8@group-A68EF22AE276-LeaderElection30: begin an election at term 1 for -1: [39c5c445-cd83-4942-987d-d462f81a24e8:192.168.69.104:40343], old=null
2019-10-16 06:58:24,613 [317a9921-db1c-43a7-b546-bfd5748728d7@group-01B3F018CA1B-LeaderElection31] INFO  impl.LeaderElection (LeaderElection.java:askForVotes(178)) - 317a9921-db1c-43a7-b546-bfd5748728d7@group-01B3F018CA1B-LeaderElection31: begin an election at term 1 for -1: [317a9921-db1c-43a7-b546-bfd5748728d7:192.168.69.104:33231], old=null
2019-10-16 06:58:24,613 [39c5c445-cd83-4942-987d-d462f81a24e8@group-A68EF22AE276-LeaderElection30] INFO  impl.RoleInfo (RoleInfo.java:shutdownLeaderElection(134)) - 39c5c445-cd83-4942-987d-d462f81a24e8: shutdown LeaderElection
2019-10-16 06:58:24,613 [317a9921-db1c-43a7-b546-bfd5748728d7@group-01B3F018CA1B-LeaderElection31] INFO  impl.RoleInfo (RoleInfo.java:shutdownLeaderElection(134)) - 317a9921-db1c-43a7-b546-bfd5748728d7: shutdown LeaderElection
2019-10-16 06:58:24,613 [39c5c445-cd83-4942-987d-d462f81a24e8@group-A68EF22AE276-LeaderElection30] INFO  impl.RaftServerImpl (RaftServerImpl.java:setRole(184)) - 39c5c445-cd83-4942-987d-d462f81a24e8@group-A68EF22AE276: changes role from CANDIDATE to LEADER at term 1 for changeToLeader
2019-10-16 06:58:24,614 [317a9921-db1c-43a7-b546-bfd5748728d7@group-01B3F018CA1B-LeaderElection31] INFO  impl.RaftServerImpl (RaftServerImpl.java:setRole(184)) - 317a9921-db1c-43a7-b546-bfd5748728d7@group-01B3F018CA1B: changes role from CANDIDATE to LEADER at term 1 for changeToLeader
2019-10-16 06:58:24,614 [39c5c445-cd83-4942-987d-d462f81a24e8@group-A68EF22AE276-LeaderElection30] INFO  impl.RaftServerImpl (ServerState.java:setLeader(256)) - 39c5c445-cd83-4942-987d-d462f81a24e8@group-A68EF22AE276: change Leader from null to 39c5c445-cd83-4942-987d-d462f81a24e8 at term 1 for becomeLeader, leader elected after 230ms
2019-10-16 06:58:24,614 [317a9921-db1c-43a7-b546-bfd5748728d7@group-01B3F018CA1B-LeaderElection31] INFO  impl.RaftServerImpl (ServerState.java:setLeader(256)) - 317a9921-db1c-43a7-b546-bfd5748728d7@group-01B3F018CA1B: change Leader from null to 317a9921-db1c-43a7-b546-bfd5748728d7 at term 1 for becomeLeader, leader elected after 177ms
2019-10-16 06:58:24,614 [39c5c445-cd83-4942-987d-d462f81a24e8@group-A68EF22AE276-LeaderElection30] INFO  server.RaftServerConfigKeys (ConfUtils.java:logGet(43)) - raft.server.staging.catchup.gap = 1000 (default)
2019-10-16 06:58:24,614 [317a9921-db1c-43a7-b546-bfd5748728d7@group-01B3F018CA1B-LeaderElection31] INFO  server.RaftServerConfigKeys (ConfUtils.java:logGet(43)) - raft.server.staging.catchup.gap = 1000 (default)
2019-10-16 06:58:24,614 [39c5c445-cd83-4942-987d-d462f81a24e8@group-A68EF22AE276-LeaderElection30] INFO  server.RaftServerConfigKeys (ConfUtils.java:logGet(43)) - raft.server.rpc.sleep.time = 25ms (default)
2019-10-16 06:58:24,614 [317a9921-db1c-43a7-b546-bfd5748728d7@group-01B3F018CA1B-LeaderElection31] INFO  server.RaftServerConfigKeys (ConfUtils.java:logGet(43)) - raft.server.rpc.sleep.time = 25ms (default)
2019-10-16 06:58:24,615 [39c5c445-cd83-4942-987d-d462f81a24e8@group-A68EF22AE276-LeaderElection30] INFO  server.RaftServerConfigKeys (ConfUtils.java:logGet(43)) - raft.server.write.element-limit = 4096 (default)
2019-10-16 06:58:24,615 [317a9921-db1c-43a7-b546-bfd5748728d7@group-01B3F018CA1B-LeaderElection31] INFO  server.RaftServerConfigKeys (ConfUtils.java:logGet(43)) - raft.server.write.element-limit = 4096 (default)
2019-10-16 06:58:24,615 [39c5c445-cd83-4942-987d-d462f81a24e8@group-A68EF22AE276-LeaderElection30] INFO  server.RaftServerConfigKeys (ConfUtils.java:logGet(43)) - raft.server.watch.timeout = 10s (default)
2019-10-16 06:58:24,615 [317a9921-db1c-43a7-b546-bfd5748728d7@group-01B3F018CA1B-LeaderElection31] INFO  server.RaftServerConfigKeys (ConfUtils.java:logGet(43)) - raft.server.watch.timeout = 10s (default)
2019-10-16 06:58:24,615 [39c5c445-cd83-4942-987d-d462f81a24e8@group-A68EF22AE276-LeaderElection30] INFO  server.RaftServerConfigKeys (ConfUtils.java:logGet(43)) - raft.server.watch.timeout.denomination = 1s (default)
2019-10-16 06:58:24,615 [317a9921-db1c-43a7-b546-bfd5748728d7@group-01B3F018CA1B-LeaderElection31] INFO  server.RaftServerConfigKeys (ConfUtils.java:logGet(43)) - raft.server.watch.timeout.denomination = 1s (default)
2019-10-16 06:58:24,615 [39c5c445-cd83-4942-987d-d462f81a24e8@group-A68EF22AE276-LeaderElection30] INFO  server.RaftServerConfigKeys (ConfUtils.java:logGet(43)) - raft.server.watch.element-limit = 65536 (default)
2019-10-16 06:58:24,615 [317a9921-db1c-43a7-b546-bfd5748728d7@group-01B3F018CA1B-LeaderElection31] INFO  server.RaftServerConfigKeys (ConfUtils.java:logGet(43)) - raft.server.watch.element-limit = 65536 (default)
2019-10-16 06:58:24,618 [39c5c445-cd83-4942-987d-d462f81a24e8@group-A68EF22AE276-LeaderElection30] INFO  impl.RoleInfo (RoleInfo.java:updateAndGet(143)) - 39c5c445-cd83-4942-987d-d462f81a24e8: start LeaderState
2019-10-16 06:58:24,619 [317a9921-db1c-43a7-b546-bfd5748728d7@group-01B3F018CA1B-LeaderElection31] INFO  impl.RoleInfo (RoleInfo.java:updateAndGet(143)) - 317a9921-db1c-43a7-b546-bfd5748728d7: start LeaderState
2019-10-16 06:58:24,619 [39c5c445-cd83-4942-987d-d462f81a24e8@group-A68EF22AE276-LeaderElection30] INFO  segmented.SegmentedRaftLogWorker (SegmentedRaftLogWorker.java:startLogSegment(385)) - 39c5c445-cd83-4942-987d-d462f81a24e8@group-A68EF22AE276-SegmentedRaftLogWorker: Starting segment from index:0
2019-10-16 06:58:24,619 [317a9921-db1c-43a7-b546-bfd5748728d7@group-01B3F018CA1B-LeaderElection31] INFO  segmented.SegmentedRaftLogWorker (SegmentedRaftLogWorker.java:startLogSegment(385)) - 317a9921-db1c-43a7-b546-bfd5748728d7@group-01B3F018CA1B-SegmentedRaftLogWorker: Starting segment from index:0
2019-10-16 06:58:24,619 [39c5c445-cd83-4942-987d-d462f81a24e8@group-A68EF22AE276-LeaderElection30] INFO  impl.RaftServerImpl (ServerState.java:setRaftConf(357)) - 39c5c445-cd83-4942-987d-d462f81a24e8@group-A68EF22AE276: set configuration 0: [39c5c445-cd83-4942-987d-d462f81a24e8:192.168.69.104:40343], old=null at 0
2019-10-16 06:58:24,620 [317a9921-db1c-43a7-b546-bfd5748728d7@group-01B3F018CA1B-LeaderElection31] INFO  impl.RaftServerImpl (ServerState.java:setRaftConf(357)) - 317a9921-db1c-43a7-b546-bfd5748728d7@group-01B3F018CA1B: set configuration 0: [317a9921-db1c-43a7-b546-bfd5748728d7:192.168.69.104:33231], old=null at 0
2019-10-16 06:58:24,658 [39c5c445-cd83-4942-987d-d462f81a24e8@group-A68EF22AE276-SegmentedRaftLogWorker] INFO  segmented.SegmentedRaftLogWorker (SegmentedRaftLogWorker.java:execute(576)) - 39c5c445-cd83-4942-987d-d462f81a24e8@group-A68EF22AE276-SegmentedRaftLogWorker: created new log segment /workdir/hadoop-ozone/ozonefs/target/test-dir/MiniOzoneClusterImpl-fe450875-4a1a-482c-b3f5-23769c645c4a/datanode-1/data/ratis/d9da2408-e534-49b1-9963-a68ef22ae276/current/log_inprogress_0
2019-10-16 06:58:24,658 [317a9921-db1c-43a7-b546-bfd5748728d7@group-01B3F018CA1B-SegmentedRaftLogWorker] INFO  segmented.SegmentedRaftLogWorker (SegmentedRaftLogWorker.java:execute(576)) - 317a9921-db1c-43a7-b546-bfd5748728d7@group-01B3F018CA1B-SegmentedRaftLogWorker: created new log segment /workdir/hadoop-ozone/ozonefs/target/test-dir/MiniOzoneClusterImpl-fe450875-4a1a-482c-b3f5-23769c645c4a/datanode-2/data/ratis/89155d7a-cd85-4cd6-9d6f-01b3f018ca1b/current/log_inprogress_0
2019-10-16 06:58:24,664 [Thread-1341] INFO  impl.FollowerState (FollowerState.java:run(108)) - 39c5c445-cd83-4942-987d-d462f81a24e8@group-1BF4C328EE0E-FollowerState: change to CANDIDATE, lastRpcTime:153ms, electionTimeout:153ms
2019-10-16 06:58:24,664 [Thread-1341] INFO  impl.RoleInfo (RoleInfo.java:shutdownFollowerState(121)) - 39c5c445-cd83-4942-987d-d462f81a24e8: shutdown FollowerState
2019-10-16 06:58:24,664 [Thread-1341] INFO  impl.RaftServerImpl (RaftServerImpl.java:setRole(184)) - 39c5c445-cd83-4942-987d-d462f81a24e8@group-1BF4C328EE0E: changes role from  FOLLOWER to CANDIDATE at term 0 for changeToCandidate
2019-10-16 06:58:24,665 [Thread-1341] INFO  impl.RoleInfo (RoleInfo.java:updateAndGet(143)) - 39c5c445-cd83-4942-987d-d462f81a24e8: start LeaderElection
2019-10-16 06:58:24,668 [Thread-1336] INFO  impl.FollowerState (FollowerState.java:run(108)) - 73e75fb6-f1d7-4311-b684-bd95d4e816a1@group-1BF4C328EE0E-FollowerState: change to CANDIDATE, lastRpcTime:161ms, electionTimeout:161ms
2019-10-16 06:58:24,668 [Thread-1336] INFO  impl.RoleInfo (RoleInfo.java:shutdownFollowerState(121)) - 73e75fb6-f1d7-4311-b684-bd95d4e816a1: shutdown FollowerState
2019-10-16 06:58:24,668 [Thread-1336] INFO  impl.RaftServerImpl (RaftServerImpl.java:setRole(184)) - 73e75fb6-f1d7-4311-b684-bd95d4e816a1@group-1BF4C328EE0E: changes role from  FOLLOWER to CANDIDATE at term 0 for changeToCandidate
2019-10-16 06:58:24,668 [Thread-1336] INFO  impl.RoleInfo (RoleInfo.java:updateAndGet(143)) - 73e75fb6-f1d7-4311-b684-bd95d4e816a1: start LeaderElection
2019-10-16 06:58:24,671 [39c5c445-cd83-4942-987d-d462f81a24e8@group-1BF4C328EE0E-LeaderElection32] INFO  impl.LeaderElection (LeaderElection.java:askForVotes(178)) - 39c5c445-cd83-4942-987d-d462f81a24e8@group-1BF4C328EE0E-LeaderElection32: begin an election at term 1 for -1: [73e75fb6-f1d7-4311-b684-bd95d4e816a1:192.168.69.104:34728, 317a9921-db1c-43a7-b546-bfd5748728d7:192.168.69.104:33231, 39c5c445-cd83-4942-987d-d462f81a24e8:192.168.69.104:40343], old=null
2019-10-16 06:58:24,679 [grpc-default-executor-2] INFO  impl.RaftServerImpl (RaftServerImpl.java:setRole(184)) - 317a9921-db1c-43a7-b546-bfd5748728d7@group-1BF4C328EE0E: changes role from  FOLLOWER to FOLLOWER at term 1 for recognizeCandidate:39c5c445-cd83-4942-987d-d462f81a24e8
2019-10-16 06:58:24,679 [grpc-default-executor-2] INFO  impl.RoleInfo (RoleInfo.java:shutdownFollowerState(121)) - 317a9921-db1c-43a7-b546-bfd5748728d7: shutdown FollowerState
2019-10-16 06:58:24,679 [grpc-default-executor-2] INFO  impl.RoleInfo (RoleInfo.java:updateAndGet(143)) - 317a9921-db1c-43a7-b546-bfd5748728d7: start FollowerState
2019-10-16 06:58:24,679 [Thread-1340] INFO  impl.FollowerState (FollowerState.java:run(117)) - 317a9921-db1c-43a7-b546-bfd5748728d7@group-1BF4C328EE0E-FollowerState was interrupted: java.lang.InterruptedException: sleep interrupted
2019-10-16 06:58:24,684 [73e75fb6-f1d7-4311-b684-bd95d4e816a1@group-1BF4C328EE0E-LeaderElection33] INFO  impl.LeaderElection (LeaderElection.java:askForVotes(178)) - 73e75fb6-f1d7-4311-b684-bd95d4e816a1@group-1BF4C328EE0E-LeaderElection33: begin an election at term 1 for -1: [73e75fb6-f1d7-4311-b684-bd95d4e816a1:192.168.69.104:34728, 317a9921-db1c-43a7-b546-bfd5748728d7:192.168.69.104:33231, 39c5c445-cd83-4942-987d-d462f81a24e8:192.168.69.104:40343], old=null
2019-10-16 06:58:24,686 [39c5c445-cd83-4942-987d-d462f81a24e8@group-1BF4C328EE0E-LeaderElection32] INFO  impl.LeaderElection (LeaderElection.java:logAndReturn(56)) - 39c5c445-cd83-4942-987d-d462f81a24e8@group-1BF4C328EE0E-LeaderElection32: Election PASSED; received 2 response(s) [39c5c445-cd83-4942-987d-d462f81a24e8<-73e75fb6-f1d7-4311-b684-bd95d4e816a1#0:FAIL-t1, 39c5c445-cd83-4942-987d-d462f81a24e8<-317a9921-db1c-43a7-b546-bfd5748728d7#0:OK-t1] and 0 exception(s); 39c5c445-cd83-4942-987d-d462f81a24e8@group-1BF4C328EE0E:t1, leader=null, voted=39c5c445-cd83-4942-987d-d462f81a24e8, raftlog=39c5c445-cd83-4942-987d-d462f81a24e8@group-1BF4C328EE0E-SegmentedRaftLog:OPENED:c-1,f-1,i0, conf=-1: [73e75fb6-f1d7-4311-b684-bd95d4e816a1:192.168.69.104:34728, 317a9921-db1c-43a7-b546-bfd5748728d7:192.168.69.104:33231, 39c5c445-cd83-4942-987d-d462f81a24e8:192.168.69.104:40343], old=null
2019-10-16 06:58:24,686 [39c5c445-cd83-4942-987d-d462f81a24e8@group-1BF4C328EE0E-LeaderElection32] INFO  impl.RoleInfo (RoleInfo.java:shutdownLeaderElection(134)) - 39c5c445-cd83-4942-987d-d462f81a24e8: shutdown LeaderElection
2019-10-16 06:58:24,686 [39c5c445-cd83-4942-987d-d462f81a24e8@group-1BF4C328EE0E-LeaderElection32] INFO  impl.RaftServerImpl (RaftServerImpl.java:setRole(184)) - 39c5c445-cd83-4942-987d-d462f81a24e8@group-1BF4C328EE0E: changes role from CANDIDATE to LEADER at term 1 for changeToLeader
2019-10-16 06:58:24,687 [39c5c445-cd83-4942-987d-d462f81a24e8@group-1BF4C328EE0E-LeaderElection32] INFO  impl.RaftServerImpl (ServerState.java:setLeader(256)) - 39c5c445-cd83-4942-987d-d462f81a24e8@group-1BF4C328EE0E: change Leader from null to 39c5c445-cd83-4942-987d-d462f81a24e8 at term 1 for becomeLeader, leader elected after 186ms
2019-10-16 06:58:24,687 [39c5c445-cd83-4942-987d-d462f81a24e8@group-1BF4C328EE0E-LeaderElection32] INFO  server.RaftServerConfigKeys (ConfUtils.java:logGet(43)) - raft.server.staging.catchup.gap = 1000 (default)
2019-10-16 06:58:24,687 [39c5c445-cd83-4942-987d-d462f81a24e8@group-1BF4C328EE0E-LeaderElection32] INFO  server.RaftServerConfigKeys (ConfUtils.java:logGet(43)) - raft.server.rpc.sleep.time = 25ms (default)
2019-10-16 06:58:24,687 [39c5c445-cd83-4942-987d-d462f81a24e8@group-1BF4C328EE0E-LeaderElection32] INFO  server.RaftServerConfigKeys (ConfUtils.java:logGet(43)) - raft.server.write.element-limit = 4096 (default)
2019-10-16 06:58:24,687 [39c5c445-cd83-4942-987d-d462f81a24e8@group-1BF4C328EE0E-LeaderElection32] INFO  server.RaftServerConfigKeys (ConfUtils.java:logGet(43)) - raft.server.watch.timeout = 10s (default)
2019-10-16 06:58:24,687 [39c5c445-cd83-4942-987d-d462f81a24e8@group-1BF4C328EE0E-LeaderElection32] INFO  server.RaftServerConfigKeys (ConfUtils.java:logGet(43)) - raft.server.watch.timeout.denomination = 1s (default)
2019-10-16 06:58:24,688 [39c5c445-cd83-4942-987d-d462f81a24e8@group-1BF4C328EE0E-LeaderElection32] INFO  server.RaftServerConfigKeys (ConfUtils.java:logGet(43)) - raft.server.watch.element-limit = 65536 (default)
2019-10-16 06:58:24,691 [39c5c445-cd83-4942-987d-d462f81a24e8@group-1BF4C328EE0E-LeaderElection32] INFO  server.RaftServerConfigKeys (ConfUtils.java:logGet(43)) - raft.server.log.appender.snapshot.chunk.size.max = 16MB (=16777216) (default)
2019-10-16 06:58:24,691 [39c5c445-cd83-4942-987d-d462f81a24e8@group-1BF4C328EE0E-LeaderElection32] INFO  server.RaftServerConfigKeys (ConfUtils.java:logGet(43)) - raft.server.log.appender.buffer.byte-limit = 33554432 (custom)
2019-10-16 06:58:24,691 [39c5c445-cd83-4942-987d-d462f81a24e8@group-1BF4C328EE0E-LeaderElection32] INFO  server.RaftServerConfigKeys (ConfUtils.java:logGet(43)) - raft.server.log.appender.buffer.element-limit = 1 (custom)
2019-10-16 06:58:24,692 [39c5c445-cd83-4942-987d-d462f81a24e8@group-1BF4C328EE0E-LeaderElection32] INFO  grpc.GrpcConfigKeys$Server (ConfUtils.java:logGet(43)) - raft.grpc.server.leader.outstanding.appends.max = 128 (default)
2019-10-16 06:58:24,692 [39c5c445-cd83-4942-987d-d462f81a24e8@group-1BF4C328EE0E-LeaderElection32] INFO  server.RaftServerConfigKeys (ConfUtils.java:logGet(43)) - raft.server.rpc.request.timeout = 3000ms (default)
2019-10-16 06:58:24,692 [39c5c445-cd83-4942-987d-d462f81a24e8@group-1BF4C328EE0E-LeaderElection32] INFO  server.RaftServerConfigKeys (ConfUtils.java:logGet(43)) - raft.server.log.appender.install.snapshot.enabled = false (custom)
2019-10-16 06:58:24,694 [39c5c445-cd83-4942-987d-d462f81a24e8@group-1BF4C328EE0E-LeaderElection32] INFO  server.RaftServerConfigKeys (ConfUtils.java:logGet(43)) - raft.server.log.appender.snapshot.chunk.size.max = 16MB (=16777216) (default)
2019-10-16 06:58:24,695 [39c5c445-cd83-4942-987d-d462f81a24e8@group-1BF4C328EE0E-LeaderElection32] INFO  server.RaftServerConfigKeys (ConfUtils.java:logGet(43)) - raft.server.log.appender.buffer.byte-limit = 33554432 (custom)
2019-10-16 06:58:24,695 [39c5c445-cd83-4942-987d-d462f81a24e8@group-1BF4C328EE0E-LeaderElection32] INFO  server.RaftServerConfigKeys (ConfUtils.java:logGet(43)) - raft.server.log.appender.buffer.element-limit = 1 (custom)
2019-10-16 06:58:24,695 [39c5c445-cd83-4942-987d-d462f81a24e8@group-1BF4C328EE0E-LeaderElection32] INFO  grpc.GrpcConfigKeys$Server (ConfUtils.java:logGet(43)) - raft.grpc.server.leader.outstanding.appends.max = 128 (default)
2019-10-16 06:58:24,695 [39c5c445-cd83-4942-987d-d462f81a24e8@group-1BF4C328EE0E-LeaderElection32] INFO  server.RaftServerConfigKeys (ConfUtils.java:logGet(43)) - raft.server.rpc.request.timeout = 3000ms (default)
2019-10-16 06:58:24,695 [39c5c445-cd83-4942-987d-d462f81a24e8@group-1BF4C328EE0E-LeaderElection32] INFO  server.RaftServerConfigKeys (ConfUtils.java:logGet(43)) - raft.server.log.appender.install.snapshot.enabled = false (custom)
2019-10-16 06:58:24,698 [39c5c445-cd83-4942-987d-d462f81a24e8@group-1BF4C328EE0E-LeaderElection32] INFO  impl.RoleInfo (RoleInfo.java:updateAndGet(143)) - 39c5c445-cd83-4942-987d-d462f81a24e8: start LeaderState
2019-10-16 06:58:24,698 [39c5c445-cd83-4942-987d-d462f81a24e8@group-1BF4C328EE0E-LeaderElection32] INFO  segmented.SegmentedRaftLogWorker (SegmentedRaftLogWorker.java:startLogSegment(385)) - 39c5c445-cd83-4942-987d-d462f81a24e8@group-1BF4C328EE0E-SegmentedRaftLogWorker: Starting segment from index:0
2019-10-16 06:58:24,699 [39c5c445-cd83-4942-987d-d462f81a24e8@group-1BF4C328EE0E-LeaderElection32] INFO  impl.RaftServerImpl (ServerState.java:setRaftConf(357)) - 39c5c445-cd83-4942-987d-d462f81a24e8@group-1BF4C328EE0E: set configuration 0: [73e75fb6-f1d7-4311-b684-bd95d4e816a1:192.168.69.104:34728, 317a9921-db1c-43a7-b546-bfd5748728d7:192.168.69.104:33231, 39c5c445-cd83-4942-987d-d462f81a24e8:192.168.69.104:40343], old=null at 0
2019-10-16 06:58:24,699 [grpc-default-executor-1] INFO  impl.RaftServerImpl (RaftServerImpl.java:requestVote(776)) - 39c5c445-cd83-4942-987d-d462f81a24e8@group-1BF4C328EE0E-   LEADER: Withhold vote from candidate 73e75fb6-f1d7-4311-b684-bd95d4e816a1 with term 1. State: leader=39c5c445-cd83-4942-987d-d462f81a24e8, term=1, lastRpcElapsed=null
2019-10-16 06:58:24,730 [73e75fb6-f1d7-4311-b684-bd95d4e816a1@group-1BF4C328EE0E-LeaderElection33] INFO  impl.LeaderElection (LeaderElection.java:logAndReturn(56)) - 73e75fb6-f1d7-4311-b684-bd95d4e816a1@group-1BF4C328EE0E-LeaderElection33: Election TIMEOUT; received 1 response(s) [73e75fb6-f1d7-4311-b684-bd95d4e816a1<-317a9921-db1c-43a7-b546-bfd5748728d7#0:FAIL-t1] and 0 exception(s); 73e75fb6-f1d7-4311-b684-bd95d4e816a1@group-1BF4C328EE0E:t1, leader=null, voted=73e75fb6-f1d7-4311-b684-bd95d4e816a1, raftlog=73e75fb6-f1d7-4311-b684-bd95d4e816a1@group-1BF4C328EE0E-SegmentedRaftLog:OPENED:c-1,f-1,i0, conf=-1: [73e75fb6-f1d7-4311-b684-bd95d4e816a1:192.168.69.104:34728, 317a9921-db1c-43a7-b546-bfd5748728d7:192.168.69.104:33231, 39c5c445-cd83-4942-987d-d462f81a24e8:192.168.69.104:40343], old=null
2019-10-16 06:58:24,732 [grpc-default-executor-2] INFO  impl.RaftServerImpl (ServerState.java:setLeader(256)) - 317a9921-db1c-43a7-b546-bfd5748728d7@group-1BF4C328EE0E: change Leader from null to 39c5c445-cd83-4942-987d-d462f81a24e8 at term 1 for appendEntries, leader elected after 232ms
2019-10-16 06:58:24,737 [grpc-default-executor-2] INFO  impl.RaftServerImpl (ServerState.java:setRaftConf(357)) - 317a9921-db1c-43a7-b546-bfd5748728d7@group-1BF4C328EE0E: set configuration 0: [73e75fb6-f1d7-4311-b684-bd95d4e816a1:192.168.69.104:34728, 317a9921-db1c-43a7-b546-bfd5748728d7:192.168.69.104:33231, 39c5c445-cd83-4942-987d-d462f81a24e8:192.168.69.104:40343], old=null at 0
2019-10-16 06:58:24,737 [grpc-default-executor-2] INFO  segmented.SegmentedRaftLogWorker (SegmentedRaftLogWorker.java:startLogSegment(385)) - 317a9921-db1c-43a7-b546-bfd5748728d7@group-1BF4C328EE0E-SegmentedRaftLogWorker: Starting segment from index:0
2019-10-16 06:58:24,743 [39c5c445-cd83-4942-987d-d462f81a24e8@group-1BF4C328EE0E-SegmentedRaftLogWorker] INFO  segmented.SegmentedRaftLogWorker (SegmentedRaftLogWorker.java:execute(576)) - 39c5c445-cd83-4942-987d-d462f81a24e8@group-1BF4C328EE0E-SegmentedRaftLogWorker: created new log segment /workdir/hadoop-ozone/ozonefs/target/test-dir/MiniOzoneClusterImpl-fe450875-4a1a-482c-b3f5-23769c645c4a/datanode-1/data/ratis/6f963c97-4f65-4a5c-bba6-1bf4c328ee0e/current/log_inprogress_0
2019-10-16 06:58:24,743 [73e75fb6-f1d7-4311-b684-bd95d4e816a1@group-1BF4C328EE0E-LeaderElection33] INFO  impl.LeaderElection (LeaderElection.java:askForVotes(178)) - 73e75fb6-f1d7-4311-b684-bd95d4e816a1@group-1BF4C328EE0E-LeaderElection33: begin an election at term 2 for -1: [73e75fb6-f1d7-4311-b684-bd95d4e816a1:192.168.69.104:34728, 317a9921-db1c-43a7-b546-bfd5748728d7:192.168.69.104:33231, 39c5c445-cd83-4942-987d-d462f81a24e8:192.168.69.104:40343], old=null
2019-10-16 06:58:24,768 [Thread-1355] INFO  impl.RaftServerImpl (ServerState.java:setLeader(256)) - 39c5c445-cd83-4942-987d-d462f81a24e8@group-1BF4C328EE0E: change Leader from 39c5c445-cd83-4942-987d-d462f81a24e8 to null at term 2 for updateCurrentTerm
2019-10-16 06:58:24,769 [Thread-1355] INFO  impl.RaftServerImpl (RaftServerImpl.java:setRole(184)) - 39c5c445-cd83-4942-987d-d462f81a24e8@group-1BF4C328EE0E: changes role from    LEADER to FOLLOWER at term 2 for stepDown
2019-10-16 06:58:24,769 [Thread-1355] INFO  impl.RoleInfo (RoleInfo.java:shutdownLeaderState(104)) - 39c5c445-cd83-4942-987d-d462f81a24e8: shutdown LeaderState
2019-10-16 06:58:24,771 [org.apache.ratis.server.impl.LogAppender$AppenderDaemon$$Lambda$385/458860558@3ec5f659] WARN  server.GrpcLogAppender (GrpcLogAppender.java:mayWait(149)) - 39c5c445-cd83-4942-987d-d462f81a24e8@group-1BF4C328EE0E->73e75fb6-f1d7-4311-b684-bd95d4e816a1-GrpcLogAppender: Wait interrupted by java.lang.InterruptedException
2019-10-16 06:58:24,771 [org.apache.ratis.server.impl.LogAppender$AppenderDaemon$$Lambda$385/458860558@6f2fe118] WARN  server.GrpcLogAppender (GrpcLogAppender.java:mayWait(149)) - 39c5c445-cd83-4942-987d-d462f81a24e8@group-1BF4C328EE0E->317a9921-db1c-43a7-b546-bfd5748728d7-GrpcLogAppender: Wait interrupted by java.lang.InterruptedException
2019-10-16 06:58:24,772 [Thread-1355] INFO  impl.PendingRequests (PendingRequests.java:sendNotLeaderResponses(202)) - 39c5c445-cd83-4942-987d-d462f81a24e8@group-1BF4C328EE0E-PendingRequests: sendNotLeaderResponses
2019-10-16 06:58:24,772 [grpc-default-executor-1] INFO  server.GrpcServerProtocolService (GrpcServerProtocolService.java:onCompleted(113)) - 73e75fb6-f1d7-4311-b684-bd95d4e816a1: Completed APPEND_ENTRIES, lastRequest: 39c5c445-cd83-4942-987d-d462f81a24e8->73e75fb6-f1d7-4311-b684-bd95d4e816a1#0-t1, previous=(t:0, i:0), leaderCommit=-1, initializing? false, entries: <empty>
2019-10-16 06:58:24,772 [Thread-1355] INFO  impl.RoleInfo (RoleInfo.java:updateAndGet(143)) - 39c5c445-cd83-4942-987d-d462f81a24e8: start FollowerState
2019-10-16 06:58:24,774 [grpc-default-executor-1] INFO  server.GrpcServerProtocolService (GrpcServerProtocolService.java:onCompleted(113)) - 317a9921-db1c-43a7-b546-bfd5748728d7: Completed APPEND_ENTRIES, lastRequest: 39c5c445-cd83-4942-987d-d462f81a24e8->317a9921-db1c-43a7-b546-bfd5748728d7#1-t1, previous=(t:0, i:0), leaderCommit=-1, initializing? false, entries: size=1, first=(t:1, i:0), CONFIGURATIONENTRY
2019-10-16 06:58:24,775 [grpc-default-executor-3] INFO  impl.RaftServerImpl (ServerState.java:setLeader(256)) - 317a9921-db1c-43a7-b546-bfd5748728d7@group-1BF4C328EE0E: change Leader from 39c5c445-cd83-4942-987d-d462f81a24e8 to null at term 2 for updateCurrentTerm
2019-10-16 06:58:24,775 [grpc-default-executor-4] INFO  server.GrpcLogAppender (GrpcLogAppender.java:onCompleted(308)) - 39c5c445-cd83-4942-987d-d462f81a24e8@group-1BF4C328EE0E->73e75fb6-f1d7-4311-b684-bd95d4e816a1-AppendLogResponseHandler: follower responses appendEntries COMPLETED
2019-10-16 06:58:24,775 [grpc-default-executor-1] INFO  server.GrpcLogAppender (GrpcLogAppender.java:onCompleted(308)) - 39c5c445-cd83-4942-987d-d462f81a24e8@group-1BF4C328EE0E->317a9921-db1c-43a7-b546-bfd5748728d7-AppendLogResponseHandler: follower responses appendEntries COMPLETED
2019-10-16 06:58:24,775 [grpc-default-executor-3] INFO  impl.RaftServerImpl (RaftServerImpl.java:setRole(184)) - 317a9921-db1c-43a7-b546-bfd5748728d7@group-1BF4C328EE0E: changes role from  FOLLOWER to FOLLOWER at term 2 for recognizeCandidate:73e75fb6-f1d7-4311-b684-bd95d4e816a1
2019-10-16 06:58:24,776 [grpc-default-executor-3] INFO  impl.RoleInfo (RoleInfo.java:shutdownFollowerState(121)) - 317a9921-db1c-43a7-b546-bfd5748728d7: shutdown FollowerState
2019-10-16 06:58:24,777 [grpc-default-executor-4] INFO  impl.FollowerInfo (FollowerInfo.java:lambda$new$0(51)) - 39c5c445-cd83-4942-987d-d462f81a24e8@group-1BF4C328EE0E->73e75fb6-f1d7-4311-b684-bd95d4e816a1: nextIndex: updateUnconditionally 0 -> 0
2019-10-16 06:58:24,778 [Thread-1352] INFO  impl.FollowerState (FollowerState.java:run(117)) - 317a9921-db1c-43a7-b546-bfd5748728d7@group-1BF4C328EE0E-FollowerState was interrupted: java.lang.InterruptedException: sleep interrupted
2019-10-16 06:58:24,778 [grpc-default-executor-3] INFO  impl.RoleInfo (RoleInfo.java:updateAndGet(143)) - 317a9921-db1c-43a7-b546-bfd5748728d7: start FollowerState
2019-10-16 06:58:24,778 [grpc-default-executor-1] INFO  impl.FollowerInfo (FollowerInfo.java:lambda$new$0(51)) - 39c5c445-cd83-4942-987d-d462f81a24e8@group-1BF4C328EE0E->317a9921-db1c-43a7-b546-bfd5748728d7: nextIndex: updateUnconditionally 1 -> 0
2019-10-16 06:58:24,780 [317a9921-db1c-43a7-b546-bfd5748728d7@group-1BF4C328EE0E-SegmentedRaftLogWorker] INFO  segmented.SegmentedRaftLogWorker (SegmentedRaftLogWorker.java:execute(576)) - 317a9921-db1c-43a7-b546-bfd5748728d7@group-1BF4C328EE0E-SegmentedRaftLogWorker: created new log segment /workdir/hadoop-ozone/ozonefs/target/test-dir/MiniOzoneClusterImpl-fe450875-4a1a-482c-b3f5-23769c645c4a/datanode-2/data/ratis/6f963c97-4f65-4a5c-bba6-1bf4c328ee0e/current/log_inprogress_0
2019-10-16 06:58:24,780 [grpc-default-executor-2] INFO  impl.RaftServerImpl (RaftServerImpl.java:setRole(184)) - 39c5c445-cd83-4942-987d-d462f81a24e8@group-1BF4C328EE0E: changes role from  FOLLOWER to FOLLOWER at term 2 for recognizeCandidate:73e75fb6-f1d7-4311-b684-bd95d4e816a1
2019-10-16 06:58:24,781 [grpc-default-executor-2] INFO  impl.RoleInfo (RoleInfo.java:shutdownFollowerState(121)) - 39c5c445-cd83-4942-987d-d462f81a24e8: shutdown FollowerState
2019-10-16 06:58:24,781 [grpc-default-executor-2] INFO  impl.RoleInfo (RoleInfo.java:updateAndGet(143)) - 39c5c445-cd83-4942-987d-d462f81a24e8: start FollowerState
2019-10-16 06:58:24,781 [Thread-1363] INFO  impl.FollowerState (FollowerState.java:run(117)) - 39c5c445-cd83-4942-987d-d462f81a24e8@group-1BF4C328EE0E-FollowerState was interrupted: java.lang.InterruptedException: sleep interrupted
2019-10-16 06:58:24,783 [73e75fb6-f1d7-4311-b684-bd95d4e816a1@group-1BF4C328EE0E-LeaderElection33] INFO  impl.LeaderElection (LeaderElection.java:logAndReturn(56)) - 73e75fb6-f1d7-4311-b684-bd95d4e816a1@group-1BF4C328EE0E-LeaderElection33: Election REJECTED; received 2 response(s) [73e75fb6-f1d7-4311-b684-bd95d4e816a1<-317a9921-db1c-43a7-b546-bfd5748728d7#0:FAIL-t2, 73e75fb6-f1d7-4311-b684-bd95d4e816a1<-39c5c445-cd83-4942-987d-d462f81a24e8#0:FAIL-t2] and 0 exception(s); 73e75fb6-f1d7-4311-b684-bd95d4e816a1@group-1BF4C328EE0E:t2, leader=null, voted=73e75fb6-f1d7-4311-b684-bd95d4e816a1, raftlog=73e75fb6-f1d7-4311-b684-bd95d4e816a1@group-1BF4C328EE0E-SegmentedRaftLog:OPENED:c-1,f-1,i0, conf=-1: [73e75fb6-f1d7-4311-b684-bd95d4e816a1:192.168.69.104:34728, 317a9921-db1c-43a7-b546-bfd5748728d7:192.168.69.104:33231, 39c5c445-cd83-4942-987d-d462f81a24e8:192.168.69.104:40343], old=null
2019-10-16 06:58:24,783 [73e75fb6-f1d7-4311-b684-bd95d4e816a1@group-1BF4C328EE0E-LeaderElection33] INFO  impl.RaftServerImpl (RaftServerImpl.java:setRole(184)) - 73e75fb6-f1d7-4311-b684-bd95d4e816a1@group-1BF4C328EE0E: changes role from CANDIDATE to FOLLOWER at term 2 for DISCOVERED_A_NEW_TERM
2019-10-16 06:58:24,783 [73e75fb6-f1d7-4311-b684-bd95d4e816a1@group-1BF4C328EE0E-LeaderElection33] INFO  impl.RoleInfo (RoleInfo.java:shutdownLeaderElection(134)) - 73e75fb6-f1d7-4311-b684-bd95d4e816a1: shutdown LeaderElection
2019-10-16 06:58:24,783 [73e75fb6-f1d7-4311-b684-bd95d4e816a1@group-1BF4C328EE0E-LeaderElection33] INFO  impl.RoleInfo (RoleInfo.java:updateAndGet(143)) - 73e75fb6-f1d7-4311-b684-bd95d4e816a1: start FollowerState
2019-10-16 06:58:24,962 [Thread-1367] INFO  impl.FollowerState (FollowerState.java:run(108)) - 73e75fb6-f1d7-4311-b684-bd95d4e816a1@group-1BF4C328EE0E-FollowerState: change to CANDIDATE, lastRpcTime:178ms, electionTimeout:178ms
2019-10-16 06:58:24,964 [Thread-1367] INFO  impl.RoleInfo (RoleInfo.java:shutdownFollowerState(121)) - 73e75fb6-f1d7-4311-b684-bd95d4e816a1: shutdown FollowerState
2019-10-16 06:58:24,964 [Thread-1367] INFO  impl.RaftServerImpl (RaftServerImpl.java:setRole(184)) - 73e75fb6-f1d7-4311-b684-bd95d4e816a1@group-1BF4C328EE0E: changes role from  FOLLOWER to CANDIDATE at term 2 for changeToCandidate
2019-10-16 06:58:24,964 [Thread-1367] INFO  impl.RoleInfo (RoleInfo.java:updateAndGet(143)) - 73e75fb6-f1d7-4311-b684-bd95d4e816a1: start LeaderElection
2019-10-16 06:58:24,979 [73e75fb6-f1d7-4311-b684-bd95d4e816a1@group-1BF4C328EE0E-LeaderElection34] INFO  impl.LeaderElection (LeaderElection.java:askForVotes(178)) - 73e75fb6-f1d7-4311-b684-bd95d4e816a1@group-1BF4C328EE0E-LeaderElection34: begin an election at term 3 for -1: [73e75fb6-f1d7-4311-b684-bd95d4e816a1:192.168.69.104:34728, 317a9921-db1c-43a7-b546-bfd5748728d7:192.168.69.104:33231, 39c5c445-cd83-4942-987d-d462f81a24e8:192.168.69.104:40343], old=null
2019-10-16 06:58:24,982 [grpc-default-executor-3] INFO  impl.RaftServerImpl (RaftServerImpl.java:setRole(184)) - 39c5c445-cd83-4942-987d-d462f81a24e8@group-1BF4C328EE0E: changes role from  FOLLOWER to FOLLOWER at term 3 for recognizeCandidate:73e75fb6-f1d7-4311-b684-bd95d4e816a1
2019-10-16 06:58:24,982 [grpc-default-executor-3] INFO  impl.RoleInfo (RoleInfo.java:shutdownFollowerState(121)) - 39c5c445-cd83-4942-987d-d462f81a24e8: shutdown FollowerState
2019-10-16 06:58:24,982 [grpc-default-executor-2] INFO  impl.RaftServerImpl (RaftServerImpl.java:setRole(184)) - 317a9921-db1c-43a7-b546-bfd5748728d7@group-1BF4C328EE0E: changes role from  FOLLOWER to FOLLOWER at term 3 for recognizeCandidate:73e75fb6-f1d7-4311-b684-bd95d4e816a1
2019-10-16 06:58:24,982 [grpc-default-executor-2] INFO  impl.RoleInfo (RoleInfo.java:shutdownFollowerState(121)) - 317a9921-db1c-43a7-b546-bfd5748728d7: shutdown FollowerState
2019-10-16 06:58:24,982 [grpc-default-executor-3] INFO  impl.RoleInfo (RoleInfo.java:updateAndGet(143)) - 39c5c445-cd83-4942-987d-d462f81a24e8: start FollowerState
2019-10-16 06:58:24,982 [Thread-1365] INFO  impl.FollowerState (FollowerState.java:run(117)) - 39c5c445-cd83-4942-987d-d462f81a24e8@group-1BF4C328EE0E-FollowerState was interrupted: java.lang.InterruptedException: sleep interrupted
2019-10-16 06:58:24,983 [Thread-1364] INFO  impl.FollowerState (FollowerState.java:run(117)) - 317a9921-db1c-43a7-b546-bfd5748728d7@group-1BF4C328EE0E-FollowerState was interrupted: java.lang.InterruptedException: sleep interrupted
2019-10-16 06:58:24,983 [grpc-default-executor-2] INFO  impl.RoleInfo (RoleInfo.java:updateAndGet(143)) - 317a9921-db1c-43a7-b546-bfd5748728d7: start FollowerState
2019-10-16 06:58:24,997 [73e75fb6-f1d7-4311-b684-bd95d4e816a1@group-1BF4C328EE0E-LeaderElection34] INFO  impl.LeaderElection (LeaderElection.java:logAndReturn(56)) - 73e75fb6-f1d7-4311-b684-bd95d4e816a1@group-1BF4C328EE0E-LeaderElection34: Election REJECTED; received 2 response(s) [73e75fb6-f1d7-4311-b684-bd95d4e816a1<-317a9921-db1c-43a7-b546-bfd5748728d7#0:FAIL-t3, 73e75fb6-f1d7-4311-b684-bd95d4e816a1<-39c5c445-cd83-4942-987d-d462f81a24e8#0:FAIL-t3] and 0 exception(s); 73e75fb6-f1d7-4311-b684-bd95d4e816a1@group-1BF4C328EE0E:t3, leader=null, voted=73e75fb6-f1d7-4311-b684-bd95d4e816a1, raftlog=73e75fb6-f1d7-4311-b684-bd95d4e816a1@group-1BF4C328EE0E-SegmentedRaftLog:OPENED:c-1,f-1,i0, conf=-1: [73e75fb6-f1d7-4311-b684-bd95d4e816a1:192.168.69.104:34728, 317a9921-db1c-43a7-b546-bfd5748728d7:192.168.69.104:33231, 39c5c445-cd83-4942-987d-d462f81a24e8:192.168.69.104:40343], old=null
2019-10-16 06:58:24,998 [73e75fb6-f1d7-4311-b684-bd95d4e816a1@group-1BF4C328EE0E-LeaderElection34] INFO  impl.RaftServerImpl (RaftServerImpl.java:setRole(184)) - 73e75fb6-f1d7-4311-b684-bd95d4e816a1@group-1BF4C328EE0E: changes role from CANDIDATE to FOLLOWER at term 3 for DISCOVERED_A_NEW_TERM
2019-10-16 06:58:24,998 [73e75fb6-f1d7-4311-b684-bd95d4e816a1@group-1BF4C328EE0E-LeaderElection34] INFO  impl.RoleInfo (RoleInfo.java:shutdownLeaderElection(134)) - 73e75fb6-f1d7-4311-b684-bd95d4e816a1: shutdown LeaderElection
2019-10-16 06:58:24,998 [73e75fb6-f1d7-4311-b684-bd95d4e816a1@group-1BF4C328EE0E-LeaderElection34] INFO  impl.RoleInfo (RoleInfo.java:updateAndGet(143)) - 73e75fb6-f1d7-4311-b684-bd95d4e816a1: start FollowerState
2019-10-16 06:58:25,198 [Thread-1373] INFO  impl.FollowerState (FollowerState.java:run(108)) - 73e75fb6-f1d7-4311-b684-bd95d4e816a1@group-1BF4C328EE0E-FollowerState: change to CANDIDATE, lastRpcTime:200ms, electionTimeout:200ms
2019-10-16 06:58:25,200 [Thread-1373] INFO  impl.RoleInfo (RoleInfo.java:shutdownFollowerState(121)) - 73e75fb6-f1d7-4311-b684-bd95d4e816a1: shutdown FollowerState
2019-10-16 06:58:25,200 [Thread-1373] INFO  impl.RaftServerImpl (RaftServerImpl.java:setRole(184)) - 73e75fb6-f1d7-4311-b684-bd95d4e816a1@group-1BF4C328EE0E: changes role from  FOLLOWER to CANDIDATE at term 3 for changeToCandidate
2019-10-16 06:58:25,200 [Thread-1373] INFO  impl.RoleInfo (RoleInfo.java:updateAndGet(143)) - 73e75fb6-f1d7-4311-b684-bd95d4e816a1: start LeaderElection
2019-10-16 06:58:25,214 [73e75fb6-f1d7-4311-b684-bd95d4e816a1@group-1BF4C328EE0E-LeaderElection35] INFO  impl.LeaderElection (LeaderElection.java:askForVotes(178)) - 73e75fb6-f1d7-4311-b684-bd95d4e816a1@group-1BF4C328EE0E-LeaderElection35: begin an election at term 4 for -1: [73e75fb6-f1d7-4311-b684-bd95d4e816a1:192.168.69.104:34728, 317a9921-db1c-43a7-b546-bfd5748728d7:192.168.69.104:33231, 39c5c445-cd83-4942-987d-d462f81a24e8:192.168.69.104:40343], old=null
2019-10-16 06:58:25,217 [grpc-default-executor-3] INFO  impl.RaftServerImpl (RaftServerImpl.java:setRole(184)) - 39c5c445-cd83-4942-987d-d462f81a24e8@group-1BF4C328EE0E: changes role from  FOLLOWER to FOLLOWER at term 4 for recognizeCandidate:73e75fb6-f1d7-4311-b684-bd95d4e816a1
2019-10-16 06:58:25,217 [grpc-default-executor-2] INFO  impl.RaftServerImpl (RaftServerImpl.java:setRole(184)) - 317a9921-db1c-43a7-b546-bfd5748728d7@group-1BF4C328EE0E: changes role from  FOLLOWER to FOLLOWER at term 4 for recognizeCandidate:73e75fb6-f1d7-4311-b684-bd95d4e816a1
2019-10-16 06:58:25,217 [grpc-default-executor-3] INFO  impl.RoleInfo (RoleInfo.java:shutdownFollowerState(121)) - 39c5c445-cd83-4942-987d-d462f81a24e8: shutdown FollowerState
2019-10-16 06:58:25,217 [grpc-default-executor-2] INFO  impl.RoleInfo (RoleInfo.java:shutdownFollowerState(121)) - 317a9921-db1c-43a7-b546-bfd5748728d7: shutdown FollowerState
2019-10-16 06:58:25,217 [Thread-1371] INFO  impl.FollowerState (FollowerState.java:run(117)) - 39c5c445-cd83-4942-987d-d462f81a24e8@group-1BF4C328EE0E-FollowerState was interrupted: java.lang.InterruptedException: sleep interrupted
2019-10-16 06:58:25,217 [Thread-1372] INFO  impl.FollowerState (FollowerState.java:run(117)) - 317a9921-db1c-43a7-b546-bfd5748728d7@group-1BF4C328EE0E-FollowerState was interrupted: java.lang.InterruptedException: sleep interrupted
2019-10-16 06:58:25,217 [grpc-default-executor-3] INFO  impl.RoleInfo (RoleInfo.java:updateAndGet(143)) - 39c5c445-cd83-4942-987d-d462f81a24e8: start FollowerState
2019-10-16 06:58:25,217 [grpc-default-executor-2] INFO  impl.RoleInfo (RoleInfo.java:updateAndGet(143)) - 317a9921-db1c-43a7-b546-bfd5748728d7: start FollowerState
2019-10-16 06:58:25,233 [73e75fb6-f1d7-4311-b684-bd95d4e816a1@group-1BF4C328EE0E-LeaderElection35] INFO  impl.LeaderElection (LeaderElection.java:logAndReturn(56)) - 73e75fb6-f1d7-4311-b684-bd95d4e816a1@group-1BF4C328EE0E-LeaderElection35: Election REJECTED; received 2 response(s) [73e75fb6-f1d7-4311-b684-bd95d4e816a1<-317a9921-db1c-43a7-b546-bfd5748728d7#0:FAIL-t4, 73e75fb6-f1d7-4311-b684-bd95d4e816a1<-39c5c445-cd83-4942-987d-d462f81a24e8#0:FAIL-t4] and 0 exception(s); 73e75fb6-f1d7-4311-b684-bd95d4e816a1@group-1BF4C328EE0E:t4, leader=null, voted=73e75fb6-f1d7-4311-b684-bd95d4e816a1, raftlog=73e75fb6-f1d7-4311-b684-bd95d4e816a1@group-1BF4C328EE0E-SegmentedRaftLog:OPENED:c-1,f-1,i0, conf=-1: [73e75fb6-f1d7-4311-b684-bd95d4e816a1:192.168.69.104:34728, 317a9921-db1c-43a7-b546-bfd5748728d7:192.168.69.104:33231, 39c5c445-cd83-4942-987d-d462f81a24e8:192.168.69.104:40343], old=null
2019-10-16 06:58:25,233 [73e75fb6-f1d7-4311-b684-bd95d4e816a1@group-1BF4C328EE0E-LeaderElection35] INFO  impl.RaftServerImpl (RaftServerImpl.java:setRole(184)) - 73e75fb6-f1d7-4311-b684-bd95d4e816a1@group-1BF4C328EE0E: changes role from CANDIDATE to FOLLOWER at term 4 for DISCOVERED_A_NEW_TERM
2019-10-16 06:58:25,233 [73e75fb6-f1d7-4311-b684-bd95d4e816a1@group-1BF4C328EE0E-LeaderElection35] INFO  impl.RoleInfo (RoleInfo.java:shutdownLeaderElection(134)) - 73e75fb6-f1d7-4311-b684-bd95d4e816a1: shutdown LeaderElection
2019-10-16 06:58:25,233 [73e75fb6-f1d7-4311-b684-bd95d4e816a1@group-1BF4C328EE0E-LeaderElection35] INFO  impl.RoleInfo (RoleInfo.java:updateAndGet(143)) - 73e75fb6-f1d7-4311-b684-bd95d4e816a1: start FollowerState
2019-10-16 06:58:25,321 [Thread-1379] INFO  impl.FollowerState (FollowerState.java:run(108)) - 73e75fb6-f1d7-4311-b684-bd95d4e816a1@group-1BF4C328EE0E-FollowerState: change to CANDIDATE, lastRpcTime:87ms, electionTimeout:87ms
2019-10-16 06:58:25,327 [Thread-1379] INFO  impl.RoleInfo (RoleInfo.java:shutdownFollowerState(121)) - 73e75fb6-f1d7-4311-b684-bd95d4e816a1: shutdown FollowerState
2019-10-16 06:58:25,327 [Thread-1379] INFO  impl.RaftServerImpl (RaftServerImpl.java:setRole(184)) - 73e75fb6-f1d7-4311-b684-bd95d4e816a1@group-1BF4C328EE0E: changes role from  FOLLOWER to CANDIDATE at term 4 for changeToCandidate
2019-10-16 06:58:25,327 [Thread-1379] INFO  impl.RoleInfo (RoleInfo.java:updateAndGet(143)) - 73e75fb6-f1d7-4311-b684-bd95d4e816a1: start LeaderElection
2019-10-16 06:58:25,341 [73e75fb6-f1d7-4311-b684-bd95d4e816a1@group-1BF4C328EE0E-LeaderElection36] INFO  impl.LeaderElection (LeaderElection.java:askForVotes(178)) - 73e75fb6-f1d7-4311-b684-bd95d4e816a1@group-1BF4C328EE0E-LeaderElection36: begin an election at term 5 for -1: [73e75fb6-f1d7-4311-b684-bd95d4e816a1:192.168.69.104:34728, 317a9921-db1c-43a7-b546-bfd5748728d7:192.168.69.104:33231, 39c5c445-cd83-4942-987d-d462f81a24e8:192.168.69.104:40343], old=null
2019-10-16 06:58:25,345 [grpc-default-executor-3] INFO  impl.RaftServerImpl (RaftServerImpl.java:setRole(184)) - 39c5c445-cd83-4942-987d-d462f81a24e8@group-1BF4C328EE0E: changes role from  FOLLOWER to FOLLOWER at term 5 for recognizeCandidate:73e75fb6-f1d7-4311-b684-bd95d4e816a1
2019-10-16 06:58:25,345 [grpc-default-executor-2] INFO  impl.RaftServerImpl (RaftServerImpl.java:setRole(184)) - 317a9921-db1c-43a7-b546-bfd5748728d7@group-1BF4C328EE0E: changes role from  FOLLOWER to FOLLOWER at term 5 for recognizeCandidate:73e75fb6-f1d7-4311-b684-bd95d4e816a1
2019-10-16 06:58:25,345 [grpc-default-executor-3] INFO  impl.RoleInfo (RoleInfo.java:shutdownFollowerState(121)) - 39c5c445-cd83-4942-987d-d462f81a24e8: shutdown FollowerState
2019-10-16 06:58:25,345 [grpc-default-executor-2] INFO  impl.RoleInfo (RoleInfo.java:shutdownFollowerState(121)) - 317a9921-db1c-43a7-b546-bfd5748728d7: shutdown FollowerState
2019-10-16 06:58:25,345 [grpc-default-executor-3] INFO  impl.RoleInfo (RoleInfo.java:updateAndGet(143)) - 39c5c445-cd83-4942-987d-d462f81a24e8: start FollowerState
2019-10-16 06:58:25,345 [grpc-default-executor-2] INFO  impl.RoleInfo (RoleInfo.java:updateAndGet(143)) - 317a9921-db1c-43a7-b546-bfd5748728d7: start FollowerState
2019-10-16 06:58:25,345 [Thread-1378] INFO  impl.FollowerState (FollowerState.java:run(117)) - 317a9921-db1c-43a7-b546-bfd5748728d7@group-1BF4C328EE0E-FollowerState was interrupted: java.lang.InterruptedException: sleep interrupted
2019-10-16 06:58:25,345 [Thread-1377] INFO  impl.FollowerState (FollowerState.java:run(117)) - 39c5c445-cd83-4942-987d-d462f81a24e8@group-1BF4C328EE0E-FollowerState was interrupted: java.lang.InterruptedException: sleep interrupted
2019-10-16 06:58:25,368 [73e75fb6-f1d7-4311-b684-bd95d4e816a1@group-1BF4C328EE0E-LeaderElection36] INFO  impl.LeaderElection (LeaderElection.java:logAndReturn(56)) - 73e75fb6-f1d7-4311-b684-bd95d4e816a1@group-1BF4C328EE0E-LeaderElection36: Election REJECTED; received 2 response(s) [73e75fb6-f1d7-4311-b684-bd95d4e816a1<-317a9921-db1c-43a7-b546-bfd5748728d7#0:FAIL-t5, 73e75fb6-f1d7-4311-b684-bd95d4e816a1<-39c5c445-cd83-4942-987d-d462f81a24e8#0:FAIL-t5] and 0 exception(s); 73e75fb6-f1d7-4311-b684-bd95d4e816a1@group-1BF4C328EE0E:t5, leader=null, voted=73e75fb6-f1d7-4311-b684-bd95d4e816a1, raftlog=73e75fb6-f1d7-4311-b684-bd95d4e816a1@group-1BF4C328EE0E-SegmentedRaftLog:OPENED:c-1,f-1,i0, conf=-1: [73e75fb6-f1d7-4311-b684-bd95d4e816a1:192.168.69.104:34728, 317a9921-db1c-43a7-b546-bfd5748728d7:192.168.69.104:33231, 39c5c445-cd83-4942-987d-d462f81a24e8:192.168.69.104:40343], old=null
2019-10-16 06:58:25,368 [73e75fb6-f1d7-4311-b684-bd95d4e816a1@group-1BF4C328EE0E-LeaderElection36] INFO  impl.RaftServerImpl (RaftServerImpl.java:setRole(184)) - 73e75fb6-f1d7-4311-b684-bd95d4e816a1@group-1BF4C328EE0E: changes role from CANDIDATE to FOLLOWER at term 5 for DISCOVERED_A_NEW_TERM
2019-10-16 06:58:25,368 [73e75fb6-f1d7-4311-b684-bd95d4e816a1@group-1BF4C328EE0E-LeaderElection36] INFO  impl.RoleInfo (RoleInfo.java:shutdownLeaderElection(134)) - 73e75fb6-f1d7-4311-b684-bd95d4e816a1: shutdown LeaderElection
2019-10-16 06:58:25,368 [73e75fb6-f1d7-4311-b684-bd95d4e816a1@group-1BF4C328EE0E-LeaderElection36] INFO  impl.RoleInfo (RoleInfo.java:updateAndGet(143)) - 73e75fb6-f1d7-4311-b684-bd95d4e816a1: start FollowerState
2019-10-16 06:58:25,387 [Thread-1151] INFO  ozone.MiniOzoneClusterImpl (MiniOzoneClusterImpl.java:lambda$waitForClusterToBeReady$0(147)) - Cluster is ready. Got 3 of 3 DN Heartbeats.
2019-10-16 06:58:25,409 [Thread-1385] INFO  impl.FollowerState (FollowerState.java:run(108)) - 73e75fb6-f1d7-4311-b684-bd95d4e816a1@group-1BF4C328EE0E-FollowerState: change to CANDIDATE, lastRpcTime:40ms, electionTimeout:40ms
2019-10-16 06:58:25,410 [Thread-1385] INFO  impl.RoleInfo (RoleInfo.java:shutdownFollowerState(121)) - 73e75fb6-f1d7-4311-b684-bd95d4e816a1: shutdown FollowerState
2019-10-16 06:58:25,410 [Thread-1385] INFO  impl.RaftServerImpl (RaftServerImpl.java:setRole(184)) - 73e75fb6-f1d7-4311-b684-bd95d4e816a1@group-1BF4C328EE0E: changes role from  FOLLOWER to CANDIDATE at term 5 for changeToCandidate
2019-10-16 06:58:25,410 [Thread-1385] INFO  impl.RoleInfo (RoleInfo.java:updateAndGet(143)) - 73e75fb6-f1d7-4311-b684-bd95d4e816a1: start LeaderElection
2019-10-16 06:58:25,425 [73e75fb6-f1d7-4311-b684-bd95d4e816a1@group-1BF4C328EE0E-LeaderElection37] INFO  impl.LeaderElection (LeaderElection.java:askForVotes(178)) - 73e75fb6-f1d7-4311-b684-bd95d4e816a1@group-1BF4C328EE0E-LeaderElection37: begin an election at term 6 for -1: [73e75fb6-f1d7-4311-b684-bd95d4e816a1:192.168.69.104:34728, 317a9921-db1c-43a7-b546-bfd5748728d7:192.168.69.104:33231, 39c5c445-cd83-4942-987d-d462f81a24e8:192.168.69.104:40343], old=null
2019-10-16 06:58:25,425 [Thread-1151] INFO  rpc.RpcClient (RpcClient.java:createVolume(272)) - Creating Volume: volume82620, with user35678 as owner.
2019-10-16 06:58:25,428 [grpc-default-executor-2] INFO  impl.RaftServerImpl (RaftServerImpl.java:setRole(184)) - 39c5c445-cd83-4942-987d-d462f81a24e8@group-1BF4C328EE0E: changes role from  FOLLOWER to FOLLOWER at term 6 for recognizeCandidate:73e75fb6-f1d7-4311-b684-bd95d4e816a1
2019-10-16 06:58:25,428 [IPC Server handler 1 on 45947] INFO  volume.OMVolumeCreateRequest (OMVolumeCreateRequest.java:validateAndUpdateCache(193)) - created volume:volume82620 for user:user35678
2019-10-16 06:58:25,428 [grpc-default-executor-2] INFO  impl.RoleInfo (RoleInfo.java:shutdownFollowerState(121)) - 39c5c445-cd83-4942-987d-d462f81a24e8: shutdown FollowerState
2019-10-16 06:58:25,428 [grpc-default-executor-3] INFO  impl.RaftServerImpl (RaftServerImpl.java:setRole(184)) - 317a9921-db1c-43a7-b546-bfd5748728d7@group-1BF4C328EE0E: changes role from  FOLLOWER to FOLLOWER at term 6 for recognizeCandidate:73e75fb6-f1d7-4311-b684-bd95d4e816a1
2019-10-16 06:58:25,428 [Thread-1383] INFO  impl.FollowerState (FollowerState.java:run(117)) - 39c5c445-cd83-4942-987d-d462f81a24e8@group-1BF4C328EE0E-FollowerState was interrupted: java.lang.InterruptedException: sleep interrupted
2019-10-16 06:58:25,428 [grpc-default-executor-2] INFO  impl.RoleInfo (RoleInfo.java:updateAndGet(143)) - 39c5c445-cd83-4942-987d-d462f81a24e8: start FollowerState
2019-10-16 06:58:25,428 [grpc-default-executor-3] INFO  impl.RoleInfo (RoleInfo.java:shutdownFollowerState(121)) - 317a9921-db1c-43a7-b546-bfd5748728d7: shutdown FollowerState
2019-10-16 06:58:25,429 [Thread-1384] INFO  impl.FollowerState (FollowerState.java:run(117)) - 317a9921-db1c-43a7-b546-bfd5748728d7@group-1BF4C328EE0E-FollowerState was interrupted: java.lang.InterruptedException: sleep interrupted
2019-10-16 06:58:25,429 [grpc-default-executor-3] INFO  impl.RoleInfo (RoleInfo.java:updateAndGet(143)) - 317a9921-db1c-43a7-b546-bfd5748728d7: start FollowerState
2019-10-16 06:58:25,436 [Thread-1151] INFO  rpc.RpcClient (RpcClient.java:createBucket(411)) - Creating Bucket: volume82620/bucket01404, with Versioning false and Storage Type set to DISK and Encryption set to false 
2019-10-16 06:58:25,444 [73e75fb6-f1d7-4311-b684-bd95d4e816a1@group-1BF4C328EE0E-LeaderElection37] INFO  impl.LeaderElection (LeaderElection.java:logAndReturn(56)) - 73e75fb6-f1d7-4311-b684-bd95d4e816a1@group-1BF4C328EE0E-LeaderElection37: Election REJECTED; received 2 response(s) [73e75fb6-f1d7-4311-b684-bd95d4e816a1<-317a9921-db1c-43a7-b546-bfd5748728d7#0:FAIL-t6, 73e75fb6-f1d7-4311-b684-bd95d4e816a1<-39c5c445-cd83-4942-987d-d462f81a24e8#0:FAIL-t6] and 0 exception(s); 73e75fb6-f1d7-4311-b684-bd95d4e816a1@group-1BF4C328EE0E:t6, leader=null, voted=73e75fb6-f1d7-4311-b684-bd95d4e816a1, raftlog=73e75fb6-f1d7-4311-b684-bd95d4e816a1@group-1BF4C328EE0E-SegmentedRaftLog:OPENED:c-1,f-1,i0, conf=-1: [73e75fb6-f1d7-4311-b684-bd95d4e816a1:192.168.69.104:34728, 317a9921-db1c-43a7-b546-bfd5748728d7:192.168.69.104:33231, 39c5c445-cd83-4942-987d-d462f81a24e8:192.168.69.104:40343], old=null
2019-10-16 06:58:25,445 [73e75fb6-f1d7-4311-b684-bd95d4e816a1@group-1BF4C328EE0E-LeaderElection37] INFO  impl.RaftServerImpl (RaftServerImpl.java:setRole(184)) - 73e75fb6-f1d7-4311-b684-bd95d4e816a1@group-1BF4C328EE0E: changes role from CANDIDATE to FOLLOWER at term 6 for DISCOVERED_A_NEW_TERM
2019-10-16 06:58:25,445 [73e75fb6-f1d7-4311-b684-bd95d4e816a1@group-1BF4C328EE0E-LeaderElection37] INFO  impl.RoleInfo (RoleInfo.java:shutdownLeaderElection(134)) - 73e75fb6-f1d7-4311-b684-bd95d4e816a1: shutdown LeaderElection
2019-10-16 06:58:25,445 [73e75fb6-f1d7-4311-b684-bd95d4e816a1@group-1BF4C328EE0E-LeaderElection37] INFO  impl.RoleInfo (RoleInfo.java:updateAndGet(143)) - 73e75fb6-f1d7-4311-b684-bd95d4e816a1: start FollowerState
2019-10-16 06:58:25,482 [IPC Server handler 9 on 45947] ERROR lock.LockManager (LockManager.java:getLockForReleasing(218)) - Trying to release the lock on /volume82620/bucket01404, which was never acquired.
2019-10-16 06:58:25,483 [IPC Server handler 9 on 45947] WARN  ipc.Server (Server.java:logException(2724)) - IPC Server handler 9 on 45947, call Call#161 Retry#0 org.apache.hadoop.ozone.om.protocol.OzoneManagerProtocol.submitRequest from 127.0.0.1:56316
java.lang.IllegalMonitorStateException: Releasing lock on resource /volume82620/bucket01404 without acquiring lock
	at org.apache.hadoop.ozone.lock.LockManager.getLockForReleasing(LockManager.java:220)
	at org.apache.hadoop.ozone.lock.LockManager.release(LockManager.java:168)
	at org.apache.hadoop.ozone.lock.LockManager.writeUnlock(LockManager.java:148)
	at org.apache.hadoop.ozone.om.lock.OzoneManagerLock.unlock(OzoneManagerLock.java:364)
	at org.apache.hadoop.ozone.om.lock.OzoneManagerLock.releaseWriteLock(OzoneManagerLock.java:329)
	at org.apache.hadoop.ozone.om.request.key.OMKeyCommitRequest.validateAndUpdateCache(OMKeyCommitRequest.java:177)
	at org.apache.hadoop.ozone.protocolPB.OzoneManagerProtocolServerSideTranslatorPB.submitRequestDirectlyToOM(OzoneManagerProtocolServerSideTranslatorPB.java:219)
	at org.apache.hadoop.ozone.protocolPB.OzoneManagerProtocolServerSideTranslatorPB.processRequest(OzoneManagerProtocolServerSideTranslatorPB.java:134)
	at org.apache.hadoop.hdds.server.OzoneProtocolMessageDispatcher.processRequest(OzoneProtocolMessageDispatcher.java:72)
	at org.apache.hadoop.ozone.protocolPB.OzoneManagerProtocolServerSideTranslatorPB.submitRequest(OzoneManagerProtocolServerSideTranslatorPB.java:100)
	at org.apache.hadoop.ozone.protocol.proto.OzoneManagerProtocolProtos$OzoneManagerService$2.callBlockingMethod(OzoneManagerProtocolProtos.java)
	at org.apache.hadoop.ipc.ProtobufRpcEngine$Server$ProtoBufRpcInvoker.call(ProtobufRpcEngine.java:524)
	at org.apache.hadoop.ipc.RPC$Server.call(RPC.java:1025)
	at org.apache.hadoop.ipc.Server$RpcCall.run(Server.java:876)
	at org.apache.hadoop.ipc.Server$RpcCall.run(Server.java:822)
	at java.security.AccessController.doPrivileged(Native Method)
	at javax.security.auth.Subject.doAs(Subject.java:422)
	at org.apache.hadoop.security.UserGroupInformation.doAs(UserGroupInformation.java:1730)
	at org.apache.hadoop.ipc.Server$Handler.run(Server.java:2682)
2019-10-16 06:58:25,486 [Thread-1151] INFO  retry.RetryInvocationHandler (RetryInvocationHandler.java:log(411)) - com.google.protobuf.ServiceException: org.apache.hadoop.ipc.RemoteException(java.lang.IllegalMonitorStateException): Releasing lock on resource /volume82620/bucket01404 without acquiring lock
	at org.apache.hadoop.ozone.lock.LockManager.getLockForReleasing(LockManager.java:220)
	at org.apache.hadoop.ozone.lock.LockManager.release(LockManager.java:168)
	at org.apache.hadoop.ozone.lock.LockManager.writeUnlock(LockManager.java:148)
	at org.apache.hadoop.ozone.om.lock.OzoneManagerLock.unlock(OzoneManagerLock.java:364)
	at org.apache.hadoop.ozone.om.lock.OzoneManagerLock.releaseWriteLock(OzoneManagerLock.java:329)
	at org.apache.hadoop.ozone.om.request.key.OMKeyCommitRequest.validateAndUpdateCache(OMKeyCommitRequest.java:177)
	at org.apache.hadoop.ozone.protocolPB.OzoneManagerProtocolServerSideTranslatorPB.submitRequestDirectlyToOM(OzoneManagerProtocolServerSideTranslatorPB.java:219)
	at org.apache.hadoop.ozone.protocolPB.OzoneManagerProtocolServerSideTranslatorPB.processRequest(OzoneManagerProtocolServerSideTranslatorPB.java:134)
	at org.apache.hadoop.hdds.server.OzoneProtocolMessageDispatcher.processRequest(OzoneProtocolMessageDispatcher.java:72)
	at org.apache.hadoop.ozone.protocolPB.OzoneManagerProtocolServerSideTranslatorPB.submitRequest(OzoneManagerProtocolServerSideTranslatorPB.java:100)
	at org.apache.hadoop.ozone.protocol.proto.OzoneManagerProtocolProtos$OzoneManagerService$2.callBlockingMethod(OzoneManagerProtocolProtos.java)
	at org.apache.hadoop.ipc.ProtobufRpcEngine$Server$ProtoBufRpcInvoker.call(ProtobufRpcEngine.java:524)
	at org.apache.hadoop.ipc.RPC$Server.call(RPC.java:1025)
	at org.apache.hadoop.ipc.Server$RpcCall.run(Server.java:876)
	at org.apache.hadoop.ipc.Server$RpcCall.run(Server.java:822)
	at java.security.AccessController.doPrivileged(Native Method)
	at javax.security.auth.Subject.doAs(Subject.java:422)
	at org.apache.hadoop.security.UserGroupInformation.doAs(UserGroupInformation.java:1730)
	at org.apache.hadoop.ipc.Server$Handler.run(Server.java:2682)
, while invoking $Proxy37.submitRequest over nodeId=null,nodeAddress=localhost:45947. Trying to failover immediately.
2019-10-16 06:58:25,487 [IPC Server handler 11 on 45947] ERROR lock.LockManager (LockManager.java:getLockForReleasing(218)) - Trying to release the lock on /volume82620/bucket01404, which was never acquired.
2019-10-16 06:58:25,487 [IPC Server handler 11 on 45947] WARN  ipc.Server (Server.java:logException(2724)) - IPC Server handler 11 on 45947, call Call#161 Retry#1 org.apache.hadoop.ozone.om.protocol.OzoneManagerProtocol.submitRequest from 127.0.0.1:56316
java.lang.IllegalMonitorStateException: Releasing lock on resource /volume82620/bucket01404 without acquiring lock
	at org.apache.hadoop.ozone.lock.LockManager.getLockForReleasing(LockManager.java:220)
	at org.apache.hadoop.ozone.lock.LockManager.release(LockManager.java:168)
	at org.apache.hadoop.ozone.lock.LockManager.writeUnlock(LockManager.java:148)
	at org.apache.hadoop.ozone.om.lock.OzoneManagerLock.unlock(OzoneManagerLock.java:364)
	at org.apache.hadoop.ozone.om.lock.OzoneManagerLock.releaseWriteLock(OzoneManagerLock.java:329)
	at org.apache.hadoop.ozone.om.request.key.OMKeyCommitRequest.validateAndUpdateCache(OMKeyCommitRequest.java:177)
	at org.apache.hadoop.ozone.protocolPB.OzoneManagerProtocolServerSideTranslatorPB.submitRequestDirectlyToOM(OzoneManagerProtocolServerSideTranslatorPB.java:219)
	at org.apache.hadoop.ozone.protocolPB.OzoneManagerProtocolServerSideTranslatorPB.processRequest(OzoneManagerProtocolServerSideTranslatorPB.java:134)
	at org.apache.hadoop.hdds.server.OzoneProtocolMessageDispatcher.processRequest(OzoneProtocolMessageDispatcher.java:72)
	at org.apache.hadoop.ozone.protocolPB.OzoneManagerProtocolServerSideTranslatorPB.submitRequest(OzoneManagerProtocolServerSideTranslatorPB.java:100)
	at org.apache.hadoop.ozone.protocol.proto.OzoneManagerProtocolProtos$OzoneManagerService$2.callBlockingMethod(OzoneManagerProtocolProtos.java)
	at org.apache.hadoop.ipc.ProtobufRpcEngine$Server$ProtoBufRpcInvoker.call(ProtobufRpcEngine.java:524)
	at org.apache.hadoop.ipc.RPC$Server.call(RPC.java:1025)
	at org.apache.hadoop.ipc.Server$RpcCall.run(Server.java:876)
	at org.apache.hadoop.ipc.Server$RpcCall.run(Server.java:822)
	at java.security.AccessController.doPrivileged(Native Method)
	at javax.security.auth.Subject.doAs(Subject.java:422)
	at org.apache.hadoop.security.UserGroupInformation.doAs(UserGroupInformation.java:1730)
	at org.apache.hadoop.ipc.Server$Handler.run(Server.java:2682)
2019-10-16 06:58:25,489 [Thread-1151] INFO  retry.RetryInvocationHandler (RetryInvocationHandler.java:log(411)) - com.google.protobuf.ServiceException: org.apache.hadoop.ipc.RemoteException(java.lang.IllegalMonitorStateException): Releasing lock on resource /volume82620/bucket01404 without acquiring lock
	at org.apache.hadoop.ozone.lock.LockManager.getLockForReleasing(LockManager.java:220)
	at org.apache.hadoop.ozone.lock.LockManager.release(LockManager.java:168)
	at org.apache.hadoop.ozone.lock.LockManager.writeUnlock(LockManager.java:148)
	at org.apache.hadoop.ozone.om.lock.OzoneManagerLock.unlock(OzoneManagerLock.java:364)
	at org.apache.hadoop.ozone.om.lock.OzoneManagerLock.releaseWriteLock(OzoneManagerLock.java:329)
	at org.apache.hadoop.ozone.om.request.key.OMKeyCommitRequest.validateAndUpdateCache(OMKeyCommitRequest.java:177)
	at org.apache.hadoop.ozone.protocolPB.OzoneManagerProtocolServerSideTranslatorPB.submitRequestDirectlyToOM(OzoneManagerProtocolServerSideTranslatorPB.java:219)
	at org.apache.hadoop.ozone.protocolPB.OzoneManagerProtocolServerSideTranslatorPB.processRequest(OzoneManagerProtocolServerSideTranslatorPB.java:134)
	at org.apache.hadoop.hdds.server.OzoneProtocolMessageDispatcher.processRequest(OzoneProtocolMessageDispatcher.java:72)
	at org.apache.hadoop.ozone.protocolPB.OzoneManagerProtocolServerSideTranslatorPB.submitRequest(OzoneManagerProtocolServerSideTranslatorPB.java:100)
	at org.apache.hadoop.ozone.protocol.proto.OzoneManagerProtocolProtos$OzoneManagerService$2.callBlockingMethod(OzoneManagerProtocolProtos.java)
	at org.apache.hadoop.ipc.ProtobufRpcEngine$Server$ProtoBufRpcInvoker.call(ProtobufRpcEngine.java:524)
	at org.apache.hadoop.ipc.RPC$Server.call(RPC.java:1025)
	at org.apache.hadoop.ipc.Server$RpcCall.run(Server.java:876)
	at org.apache.hadoop.ipc.Server$RpcCall.run(Server.java:822)
	at java.security.AccessController.doPrivileged(Native Method)
	at javax.security.auth.Subject.doAs(Subject.java:422)
	at org.apache.hadoop.security.UserGroupInformation.doAs(UserGroupInformation.java:1730)
	at org.apache.hadoop.ipc.Server$Handler.run(Server.java:2682)
, while invoking $Proxy37.submitRequest over nodeId=null,nodeAddress=localhost:45947 after 1 failover attempts. Trying to failover immediately.
2019-10-16 06:58:25,491 [IPC Server handler 10 on 45947] ERROR lock.LockManager (LockManager.java:getLockForReleasing(218)) - Trying to release the lock on /volume82620/bucket01404, which was never acquired.
2019-10-16 06:58:25,491 [IPC Server handler 10 on 45947] WARN  ipc.Server (Server.java:logException(2724)) - IPC Server handler 10 on 45947, call Call#161 Retry#2 org.apache.hadoop.ozone.om.protocol.OzoneManagerProtocol.submitRequest from 127.0.0.1:56316
java.lang.IllegalMonitorStateException: Releasing lock on resource /volume82620/bucket01404 without acquiring lock
	at org.apache.hadoop.ozone.lock.LockManager.getLockForReleasing(LockManager.java:220)
	at org.apache.hadoop.ozone.lock.LockManager.release(LockManager.java:168)
	at org.apache.hadoop.ozone.lock.LockManager.writeUnlock(LockManager.java:148)
	at org.apache.hadoop.ozone.om.lock.OzoneManagerLock.unlock(OzoneManagerLock.java:364)
	at org.apache.hadoop.ozone.om.lock.OzoneManagerLock.releaseWriteLock(OzoneManagerLock.java:329)
	at org.apache.hadoop.ozone.om.request.key.OMKeyCommitRequest.validateAndUpdateCache(OMKeyCommitRequest.java:177)
	at org.apache.hadoop.ozone.protocolPB.OzoneManagerProtocolServerSideTranslatorPB.submitRequestDirectlyToOM(OzoneManagerProtocolServerSideTranslatorPB.java:219)
	at org.apache.hadoop.ozone.protocolPB.OzoneManagerProtocolServerSideTranslatorPB.processRequest(OzoneManagerProtocolServerSideTranslatorPB.java:134)
	at org.apache.hadoop.hdds.server.OzoneProtocolMessageDispatcher.processRequest(OzoneProtocolMessageDispatcher.java:72)
	at org.apache.hadoop.ozone.protocolPB.OzoneManagerProtocolServerSideTranslatorPB.submitRequest(OzoneManagerProtocolServerSideTranslatorPB.java:100)
	at org.apache.hadoop.ozone.protocol.proto.OzoneManagerProtocolProtos$OzoneManagerService$2.callBlockingMethod(OzoneManagerProtocolProtos.java)
	at org.apache.hadoop.ipc.ProtobufRpcEngine$Server$ProtoBufRpcInvoker.call(ProtobufRpcEngine.java:524)
	at org.apache.hadoop.ipc.RPC$Server.call(RPC.java:1025)
	at org.apache.hadoop.ipc.Server$RpcCall.run(Server.java:876)
	at org.apache.hadoop.ipc.Server$RpcCall.run(Server.java:822)
	at java.security.AccessController.doPrivileged(Native Method)
	at javax.security.auth.Subject.doAs(Subject.java:422)
	at org.apache.hadoop.security.UserGroupInformation.doAs(UserGroupInformation.java:1730)
	at org.apache.hadoop.ipc.Server$Handler.run(Server.java:2682)
2019-10-16 06:58:25,493 [Thread-1151] INFO  retry.RetryInvocationHandler (RetryInvocationHandler.java:log(411)) - com.google.protobuf.ServiceException: org.apache.hadoop.ipc.RemoteException(java.lang.IllegalMonitorStateException): Releasing lock on resource /volume82620/bucket01404 without acquiring lock
	at org.apache.hadoop.ozone.lock.LockManager.getLockForReleasing(LockManager.java:220)
	at org.apache.hadoop.ozone.lock.LockManager.release(LockManager.java:168)
	at org.apache.hadoop.ozone.lock.LockManager.writeUnlock(LockManager.java:148)
	at org.apache.hadoop.ozone.om.lock.OzoneManagerLock.unlock(OzoneManagerLock.java:364)
	at org.apache.hadoop.ozone.om.lock.OzoneManagerLock.releaseWriteLock(OzoneManagerLock.java:329)
	at org.apache.hadoop.ozone.om.request.key.OMKeyCommitRequest.validateAndUpdateCache(OMKeyCommitRequest.java:177)
	at org.apache.hadoop.ozone.protocolPB.OzoneManagerProtocolServerSideTranslatorPB.submitRequestDirectlyToOM(OzoneManagerProtocolServerSideTranslatorPB.java:219)
	at org.apache.hadoop.ozone.protocolPB.OzoneManagerProtocolServerSideTranslatorPB.processRequest(OzoneManagerProtocolServerSideTranslatorPB.java:134)
	at org.apache.hadoop.hdds.server.OzoneProtocolMessageDispatcher.processRequest(OzoneProtocolMessageDispatcher.java:72)
	at org.apache.hadoop.ozone.protocolPB.OzoneManagerProtocolServerSideTranslatorPB.submitRequest(OzoneManagerProtocolServerSideTranslatorPB.java:100)
	at org.apache.hadoop.ozone.protocol.proto.OzoneManagerProtocolProtos$OzoneManagerService$2.callBlockingMethod(OzoneManagerProtocolProtos.java)
	at org.apache.hadoop.ipc.ProtobufRpcEngine$Server$ProtoBufRpcInvoker.call(ProtobufRpcEngine.java:524)
	at org.apache.hadoop.ipc.RPC$Server.call(RPC.java:1025)
	at org.apache.hadoop.ipc.Server$RpcCall.run(Server.java:876)
	at org.apache.hadoop.ipc.Server$RpcCall.run(Server.java:822)
	at java.security.AccessController.doPrivileged(Native Method)
	at javax.security.auth.Subject.doAs(Subject.java:422)
	at org.apache.hadoop.security.UserGroupInformation.doAs(UserGroupInformation.java:1730)
	at org.apache.hadoop.ipc.Server$Handler.run(Server.java:2682)
, while invoking $Proxy37.submitRequest over nodeId=null,nodeAddress=localhost:45947 after 2 failover attempts. Trying to failover immediately.
2019-10-16 06:58:25,496 [IPC Server handler 12 on 45947] ERROR lock.LockManager (LockManager.java:getLockForReleasing(218)) - Trying to release the lock on /volume82620/bucket01404, which was never acquired.
2019-10-16 06:58:25,496 [IPC Server handler 12 on 45947] WARN  ipc.Server (Server.java:logException(2724)) - IPC Server handler 12 on 45947, call Call#161 Retry#3 org.apache.hadoop.ozone.om.protocol.OzoneManagerProtocol.submitRequest from 127.0.0.1:56316
java.lang.IllegalMonitorStateException: Releasing lock on resource /volume82620/bucket01404 without acquiring lock
	at org.apache.hadoop.ozone.lock.LockManager.getLockForReleasing(LockManager.java:220)
	at org.apache.hadoop.ozone.lock.LockManager.release(LockManager.java:168)
	at org.apache.hadoop.ozone.lock.LockManager.writeUnlock(LockManager.java:148)
	at org.apache.hadoop.ozone.om.lock.OzoneManagerLock.unlock(OzoneManagerLock.java:364)
	at org.apache.hadoop.ozone.om.lock.OzoneManagerLock.releaseWriteLock(OzoneManagerLock.java:329)
	at org.apache.hadoop.ozone.om.request.key.OMKeyCommitRequest.validateAndUpdateCache(OMKeyCommitRequest.java:177)
	at org.apache.hadoop.ozone.protocolPB.OzoneManagerProtocolServerSideTranslatorPB.submitRequestDirectlyToOM(OzoneManagerProtocolServerSideTranslatorPB.java:219)
	at org.apache.hadoop.ozone.protocolPB.OzoneManagerProtocolServerSideTranslatorPB.processRequest(OzoneManagerProtocolServerSideTranslatorPB.java:134)
	at org.apache.hadoop.hdds.server.OzoneProtocolMessageDispatcher.processRequest(OzoneProtocolMessageDispatcher.java:72)
	at org.apache.hadoop.ozone.protocolPB.OzoneManagerProtocolServerSideTranslatorPB.submitRequest(OzoneManagerProtocolServerSideTranslatorPB.java:100)
	at org.apache.hadoop.ozone.protocol.proto.OzoneManagerProtocolProtos$OzoneManagerService$2.callBlockingMethod(OzoneManagerProtocolProtos.java)
	at org.apache.hadoop.ipc.ProtobufRpcEngine$Server$ProtoBufRpcInvoker.call(ProtobufRpcEngine.java:524)
	at org.apache.hadoop.ipc.RPC$Server.call(RPC.java:1025)
	at org.apache.hadoop.ipc.Server$RpcCall.run(Server.java:876)
	at org.apache.hadoop.ipc.Server$RpcCall.run(Server.java:822)
	at java.security.AccessController.doPrivileged(Native Method)
	at javax.security.auth.Subject.doAs(Subject.java:422)
	at org.apache.hadoop.security.UserGroupInformation.doAs(UserGroupInformation.java:1730)
	at org.apache.hadoop.ipc.Server$Handler.run(Server.java:2682)
2019-10-16 06:58:25,498 [Thread-1151] INFO  retry.RetryInvocationHandler (RetryInvocationHandler.java:log(411)) - com.google.protobuf.ServiceException: org.apache.hadoop.ipc.RemoteException(java.lang.IllegalMonitorStateException): Releasing lock on resource /volume82620/bucket01404 without acquiring lock
	at org.apache.hadoop.ozone.lock.LockManager.getLockForReleasing(LockManager.java:220)
	at org.apache.hadoop.ozone.lock.LockManager.release(LockManager.java:168)
	at org.apache.hadoop.ozone.lock.LockManager.writeUnlock(LockManager.java:148)
	at org.apache.hadoop.ozone.om.lock.OzoneManagerLock.unlock(OzoneManagerLock.java:364)
	at org.apache.hadoop.ozone.om.lock.OzoneManagerLock.releaseWriteLock(OzoneManagerLock.java:329)
	at org.apache.hadoop.ozone.om.request.key.OMKeyCommitRequest.validateAndUpdateCache(OMKeyCommitRequest.java:177)
	at org.apache.hadoop.ozone.protocolPB.OzoneManagerProtocolServerSideTranslatorPB.submitRequestDirectlyToOM(OzoneManagerProtocolServerSideTranslatorPB.java:219)
	at org.apache.hadoop.ozone.protocolPB.OzoneManagerProtocolServerSideTranslatorPB.processRequest(OzoneManagerProtocolServerSideTranslatorPB.java:134)
	at org.apache.hadoop.hdds.server.OzoneProtocolMessageDispatcher.processRequest(OzoneProtocolMessageDispatcher.java:72)
	at org.apache.hadoop.ozone.protocolPB.OzoneManagerProtocolServerSideTranslatorPB.submitRequest(OzoneManagerProtocolServerSideTranslatorPB.java:100)
	at org.apache.hadoop.ozone.protocol.proto.OzoneManagerProtocolProtos$OzoneManagerService$2.callBlockingMethod(OzoneManagerProtocolProtos.java)
	at org.apache.hadoop.ipc.ProtobufRpcEngine$Server$ProtoBufRpcInvoker.call(ProtobufRpcEngine.java:524)
	at org.apache.hadoop.ipc.RPC$Server.call(RPC.java:1025)
	at org.apache.hadoop.ipc.Server$RpcCall.run(Server.java:876)
	at org.apache.hadoop.ipc.Server$RpcCall.run(Server.java:822)
	at java.security.AccessController.doPrivileged(Native Method)
	at javax.security.auth.Subject.doAs(Subject.java:422)
	at org.apache.hadoop.security.UserGroupInformation.doAs(UserGroupInformation.java:1730)
	at org.apache.hadoop.ipc.Server$Handler.run(Server.java:2682)
, while invoking $Proxy37.submitRequest over nodeId=null,nodeAddress=localhost:45947 after 3 failover attempts. Trying to failover immediately.
2019-10-16 06:58:25,500 [IPC Server handler 13 on 45947] ERROR lock.LockManager (LockManager.java:getLockForReleasing(218)) - Trying to release the lock on /volume82620/bucket01404, which was never acquired.
2019-10-16 06:58:25,500 [IPC Server handler 13 on 45947] WARN  ipc.Server (Server.java:logException(2724)) - IPC Server handler 13 on 45947, call Call#161 Retry#4 org.apache.hadoop.ozone.om.protocol.OzoneManagerProtocol.submitRequest from 127.0.0.1:56316
java.lang.IllegalMonitorStateException: Releasing lock on resource /volume82620/bucket01404 without acquiring lock
	at org.apache.hadoop.ozone.lock.LockManager.getLockForReleasing(LockManager.java:220)
	at org.apache.hadoop.ozone.lock.LockManager.release(LockManager.java:168)
	at org.apache.hadoop.ozone.lock.LockManager.writeUnlock(LockManager.java:148)
	at org.apache.hadoop.ozone.om.lock.OzoneManagerLock.unlock(OzoneManagerLock.java:364)
	at org.apache.hadoop.ozone.om.lock.OzoneManagerLock.releaseWriteLock(OzoneManagerLock.java:329)
	at org.apache.hadoop.ozone.om.request.key.OMKeyCommitRequest.validateAndUpdateCache(OMKeyCommitRequest.java:177)
	at org.apache.hadoop.ozone.protocolPB.OzoneManagerProtocolServerSideTranslatorPB.submitRequestDirectlyToOM(OzoneManagerProtocolServerSideTranslatorPB.java:219)
	at org.apache.hadoop.ozone.protocolPB.OzoneManagerProtocolServerSideTranslatorPB.processRequest(OzoneManagerProtocolServerSideTranslatorPB.java:134)
	at org.apache.hadoop.hdds.server.OzoneProtocolMessageDispatcher.processRequest(OzoneProtocolMessageDispatcher.java:72)
	at org.apache.hadoop.ozone.protocolPB.OzoneManagerProtocolServerSideTranslatorPB.submitRequest(OzoneManagerProtocolServerSideTranslatorPB.java:100)
	at org.apache.hadoop.ozone.protocol.proto.OzoneManagerProtocolProtos$OzoneManagerService$2.callBlockingMethod(OzoneManagerProtocolProtos.java)
	at org.apache.hadoop.ipc.ProtobufRpcEngine$Server$ProtoBufRpcInvoker.call(ProtobufRpcEngine.java:524)
	at org.apache.hadoop.ipc.RPC$Server.call(RPC.java:1025)
	at org.apache.hadoop.ipc.Server$RpcCall.run(Server.java:876)
	at org.apache.hadoop.ipc.Server$RpcCall.run(Server.java:822)
	at java.security.AccessController.doPrivileged(Native Method)
	at javax.security.auth.Subject.doAs(Subject.java:422)
	at org.apache.hadoop.security.UserGroupInformation.doAs(UserGroupInformation.java:1730)
	at org.apache.hadoop.ipc.Server$Handler.run(Server.java:2682)
2019-10-16 06:58:25,501 [Thread-1151] INFO  retry.RetryInvocationHandler (RetryInvocationHandler.java:log(411)) - com.google.protobuf.ServiceException: org.apache.hadoop.ipc.RemoteException(java.lang.IllegalMonitorStateException): Releasing lock on resource /volume82620/bucket01404 without acquiring lock
	at org.apache.hadoop.ozone.lock.LockManager.getLockForReleasing(LockManager.java:220)
	at org.apache.hadoop.ozone.lock.LockManager.release(LockManager.java:168)
	at org.apache.hadoop.ozone.lock.LockManager.writeUnlock(LockManager.java:148)
	at org.apache.hadoop.ozone.om.lock.OzoneManagerLock.unlock(OzoneManagerLock.java:364)
	at org.apache.hadoop.ozone.om.lock.OzoneManagerLock.releaseWriteLock(OzoneManagerLock.java:329)
	at org.apache.hadoop.ozone.om.request.key.OMKeyCommitRequest.validateAndUpdateCache(OMKeyCommitRequest.java:177)
	at org.apache.hadoop.ozone.protocolPB.OzoneManagerProtocolServerSideTranslatorPB.submitRequestDirectlyToOM(OzoneManagerProtocolServerSideTranslatorPB.java:219)
	at org.apache.hadoop.ozone.protocolPB.OzoneManagerProtocolServerSideTranslatorPB.processRequest(OzoneManagerProtocolServerSideTranslatorPB.java:134)
	at org.apache.hadoop.hdds.server.OzoneProtocolMessageDispatcher.processRequest(OzoneProtocolMessageDispatcher.java:72)
	at org.apache.hadoop.ozone.protocolPB.OzoneManagerProtocolServerSideTranslatorPB.submitRequest(OzoneManagerProtocolServerSideTranslatorPB.java:100)
	at org.apache.hadoop.ozone.protocol.proto.OzoneManagerProtocolProtos$OzoneManagerService$2.callBlockingMethod(OzoneManagerProtocolProtos.java)
	at org.apache.hadoop.ipc.ProtobufRpcEngine$Server$ProtoBufRpcInvoker.call(ProtobufRpcEngine.java:524)
	at org.apache.hadoop.ipc.RPC$Server.call(RPC.java:1025)
	at org.apache.hadoop.ipc.Server$RpcCall.run(Server.java:876)
	at org.apache.hadoop.ipc.Server$RpcCall.run(Server.java:822)
	at java.security.AccessController.doPrivileged(Native Method)
	at javax.security.auth.Subject.doAs(Subject.java:422)
	at org.apache.hadoop.security.UserGroupInformation.doAs(UserGroupInformation.java:1730)
	at org.apache.hadoop.ipc.Server$Handler.run(Server.java:2682)
, while invoking $Proxy37.submitRequest over nodeId=null,nodeAddress=localhost:45947 after 4 failover attempts. Trying to failover immediately.
2019-10-16 06:58:25,503 [IPC Server handler 14 on 45947] ERROR lock.LockManager (LockManager.java:getLockForReleasing(218)) - Trying to release the lock on /volume82620/bucket01404, which was never acquired.
2019-10-16 06:58:25,504 [IPC Server handler 14 on 45947] WARN  ipc.Server (Server.java:logException(2724)) - IPC Server handler 14 on 45947, call Call#161 Retry#5 org.apache.hadoop.ozone.om.protocol.OzoneManagerProtocol.submitRequest from 127.0.0.1:56316
java.lang.IllegalMonitorStateException: Releasing lock on resource /volume82620/bucket01404 without acquiring lock
	at org.apache.hadoop.ozone.lock.LockManager.getLockForReleasing(LockManager.java:220)
	at org.apache.hadoop.ozone.lock.LockManager.release(LockManager.java:168)
	at org.apache.hadoop.ozone.lock.LockManager.writeUnlock(LockManager.java:148)
	at org.apache.hadoop.ozone.om.lock.OzoneManagerLock.unlock(OzoneManagerLock.java:364)
	at org.apache.hadoop.ozone.om.lock.OzoneManagerLock.releaseWriteLock(OzoneManagerLock.java:329)
	at org.apache.hadoop.ozone.om.request.key.OMKeyCommitRequest.validateAndUpdateCache(OMKeyCommitRequest.java:177)
	at org.apache.hadoop.ozone.protocolPB.OzoneManagerProtocolServerSideTranslatorPB.submitRequestDirectlyToOM(OzoneManagerProtocolServerSideTranslatorPB.java:219)
	at org.apache.hadoop.ozone.protocolPB.OzoneManagerProtocolServerSideTranslatorPB.processRequest(OzoneManagerProtocolServerSideTranslatorPB.java:134)
	at org.apache.hadoop.hdds.server.OzoneProtocolMessageDispatcher.processRequest(OzoneProtocolMessageDispatcher.java:72)
	at org.apache.hadoop.ozone.protocolPB.OzoneManagerProtocolServerSideTranslatorPB.submitRequest(OzoneManagerProtocolServerSideTranslatorPB.java:100)
	at org.apache.hadoop.ozone.protocol.proto.OzoneManagerProtocolProtos$OzoneManagerService$2.callBlockingMethod(OzoneManagerProtocolProtos.java)
	at org.apache.hadoop.ipc.ProtobufRpcEngine$Server$ProtoBufRpcInvoker.call(ProtobufRpcEngine.java:524)
	at org.apache.hadoop.ipc.RPC$Server.call(RPC.java:1025)
	at org.apache.hadoop.ipc.Server$RpcCall.run(Server.java:876)
	at org.apache.hadoop.ipc.Server$RpcCall.run(Server.java:822)
	at java.security.AccessController.doPrivileged(Native Method)
	at javax.security.auth.Subject.doAs(Subject.java:422)
	at org.apache.hadoop.security.UserGroupInformation.doAs(UserGroupInformation.java:1730)
	at org.apache.hadoop.ipc.Server$Handler.run(Server.java:2682)
2019-10-16 06:58:25,506 [Thread-1151] INFO  retry.RetryInvocationHandler (RetryInvocationHandler.java:log(411)) - com.google.protobuf.ServiceException: org.apache.hadoop.ipc.RemoteException(java.lang.IllegalMonitorStateException): Releasing lock on resource /volume82620/bucket01404 without acquiring lock
	at org.apache.hadoop.ozone.lock.LockManager.getLockForReleasing(LockManager.java:220)
	at org.apache.hadoop.ozone.lock.LockManager.release(LockManager.java:168)
	at org.apache.hadoop.ozone.lock.LockManager.writeUnlock(LockManager.java:148)
	at org.apache.hadoop.ozone.om.lock.OzoneManagerLock.unlock(OzoneManagerLock.java:364)
	at org.apache.hadoop.ozone.om.lock.OzoneManagerLock.releaseWriteLock(OzoneManagerLock.java:329)
	at org.apache.hadoop.ozone.om.request.key.OMKeyCommitRequest.validateAndUpdateCache(OMKeyCommitRequest.java:177)
	at org.apache.hadoop.ozone.protocolPB.OzoneManagerProtocolServerSideTranslatorPB.submitRequestDirectlyToOM(OzoneManagerProtocolServerSideTranslatorPB.java:219)
	at org.apache.hadoop.ozone.protocolPB.OzoneManagerProtocolServerSideTranslatorPB.processRequest(OzoneManagerProtocolServerSideTranslatorPB.java:134)
	at org.apache.hadoop.hdds.server.OzoneProtocolMessageDispatcher.processRequest(OzoneProtocolMessageDispatcher.java:72)
	at org.apache.hadoop.ozone.protocolPB.OzoneManagerProtocolServerSideTranslatorPB.submitRequest(OzoneManagerProtocolServerSideTranslatorPB.java:100)
	at org.apache.hadoop.ozone.protocol.proto.OzoneManagerProtocolProtos$OzoneManagerService$2.callBlockingMethod(OzoneManagerProtocolProtos.java)
	at org.apache.hadoop.ipc.ProtobufRpcEngine$Server$ProtoBufRpcInvoker.call(ProtobufRpcEngine.java:524)
	at org.apache.hadoop.ipc.RPC$Server.call(RPC.java:1025)
	at org.apache.hadoop.ipc.Server$RpcCall.run(Server.java:876)
	at org.apache.hadoop.ipc.Server$RpcCall.run(Server.java:822)
	at java.security.AccessController.doPrivileged(Native Method)
	at javax.security.auth.Subject.doAs(Subject.java:422)
	at org.apache.hadoop.security.UserGroupInformation.doAs(UserGroupInformation.java:1730)
	at org.apache.hadoop.ipc.Server$Handler.run(Server.java:2682)
, while invoking $Proxy37.submitRequest over nodeId=null,nodeAddress=localhost:45947 after 5 failover attempts. Trying to failover immediately.
2019-10-16 06:58:25,507 [IPC Server handler 15 on 45947] ERROR lock.LockManager (LockManager.java:getLockForReleasing(218)) - Trying to release the lock on /volume82620/bucket01404, which was never acquired.
2019-10-16 06:58:25,508 [IPC Server handler 15 on 45947] WARN  ipc.Server (Server.java:logException(2724)) - IPC Server handler 15 on 45947, call Call#161 Retry#6 org.apache.hadoop.ozone.om.protocol.OzoneManagerProtocol.submitRequest from 127.0.0.1:56316
java.lang.IllegalMonitorStateException: Releasing lock on resource /volume82620/bucket01404 without acquiring lock
	at org.apache.hadoop.ozone.lock.LockManager.getLockForReleasing(LockManager.java:220)
	at org.apache.hadoop.ozone.lock.LockManager.release(LockManager.java:168)
	at org.apache.hadoop.ozone.lock.LockManager.writeUnlock(LockManager.java:148)
	at org.apache.hadoop.ozone.om.lock.OzoneManagerLock.unlock(OzoneManagerLock.java:364)
	at org.apache.hadoop.ozone.om.lock.OzoneManagerLock.releaseWriteLock(OzoneManagerLock.java:329)
	at org.apache.hadoop.ozone.om.request.key.OMKeyCommitRequest.validateAndUpdateCache(OMKeyCommitRequest.java:177)
	at org.apache.hadoop.ozone.protocolPB.OzoneManagerProtocolServerSideTranslatorPB.submitRequestDirectlyToOM(OzoneManagerProtocolServerSideTranslatorPB.java:219)
	at org.apache.hadoop.ozone.protocolPB.OzoneManagerProtocolServerSideTranslatorPB.processRequest(OzoneManagerProtocolServerSideTranslatorPB.java:134)
	at org.apache.hadoop.hdds.server.OzoneProtocolMessageDispatcher.processRequest(OzoneProtocolMessageDispatcher.java:72)
	at org.apache.hadoop.ozone.protocolPB.OzoneManagerProtocolServerSideTranslatorPB.submitRequest(OzoneManagerProtocolServerSideTranslatorPB.java:100)
	at org.apache.hadoop.ozone.protocol.proto.OzoneManagerProtocolProtos$OzoneManagerService$2.callBlockingMethod(OzoneManagerProtocolProtos.java)
	at org.apache.hadoop.ipc.ProtobufRpcEngine$Server$ProtoBufRpcInvoker.call(ProtobufRpcEngine.java:524)
	at org.apache.hadoop.ipc.RPC$Server.call(RPC.java:1025)
	at org.apache.hadoop.ipc.Server$RpcCall.run(Server.java:876)
	at org.apache.hadoop.ipc.Server$RpcCall.run(Server.java:822)
	at java.security.AccessController.doPrivileged(Native Method)
	at javax.security.auth.Subject.doAs(Subject.java:422)
	at org.apache.hadoop.security.UserGroupInformation.doAs(UserGroupInformation.java:1730)
	at org.apache.hadoop.ipc.Server$Handler.run(Server.java:2682)
2019-10-16 06:58:25,509 [Thread-1151] INFO  retry.RetryInvocationHandler (RetryInvocationHandler.java:log(411)) - com.google.protobuf.ServiceException: org.apache.hadoop.ipc.RemoteException(java.lang.IllegalMonitorStateException): Releasing lock on resource /volume82620/bucket01404 without acquiring lock
	at org.apache.hadoop.ozone.lock.LockManager.getLockForReleasing(LockManager.java:220)
	at org.apache.hadoop.ozone.lock.LockManager.release(LockManager.java:168)
	at org.apache.hadoop.ozone.lock.LockManager.writeUnlock(LockManager.java:148)
	at org.apache.hadoop.ozone.om.lock.OzoneManagerLock.unlock(OzoneManagerLock.java:364)
	at org.apache.hadoop.ozone.om.lock.OzoneManagerLock.releaseWriteLock(OzoneManagerLock.java:329)
	at org.apache.hadoop.ozone.om.request.key.OMKeyCommitRequest.validateAndUpdateCache(OMKeyCommitRequest.java:177)
	at org.apache.hadoop.ozone.protocolPB.OzoneManagerProtocolServerSideTranslatorPB.submitRequestDirectlyToOM(OzoneManagerProtocolServerSideTranslatorPB.java:219)
	at org.apache.hadoop.ozone.protocolPB.OzoneManagerProtocolServerSideTranslatorPB.processRequest(OzoneManagerProtocolServerSideTranslatorPB.java:134)
	at org.apache.hadoop.hdds.server.OzoneProtocolMessageDispatcher.processRequest(OzoneProtocolMessageDispatcher.java:72)
	at org.apache.hadoop.ozone.protocolPB.OzoneManagerProtocolServerSideTranslatorPB.submitRequest(OzoneManagerProtocolServerSideTranslatorPB.java:100)
	at org.apache.hadoop.ozone.protocol.proto.OzoneManagerProtocolProtos$OzoneManagerService$2.callBlockingMethod(OzoneManagerProtocolProtos.java)
	at org.apache.hadoop.ipc.ProtobufRpcEngine$Server$ProtoBufRpcInvoker.call(ProtobufRpcEngine.java:524)
	at org.apache.hadoop.ipc.RPC$Server.call(RPC.java:1025)
	at org.apache.hadoop.ipc.Server$RpcCall.run(Server.java:876)
	at org.apache.hadoop.ipc.Server$RpcCall.run(Server.java:822)
	at java.security.AccessController.doPrivileged(Native Method)
	at javax.security.auth.Subject.doAs(Subject.java:422)
	at org.apache.hadoop.security.UserGroupInformation.doAs(UserGroupInformation.java:1730)
	at org.apache.hadoop.ipc.Server$Handler.run(Server.java:2682)
, while invoking $Proxy37.submitRequest over nodeId=null,nodeAddress=localhost:45947 after 6 failover attempts. Trying to failover immediately.
2019-10-16 06:58:25,512 [IPC Server handler 16 on 45947] ERROR lock.LockManager (LockManager.java:getLockForReleasing(218)) - Trying to release the lock on /volume82620/bucket01404, which was never acquired.
2019-10-16 06:58:25,512 [IPC Server handler 16 on 45947] WARN  ipc.Server (Server.java:logException(2724)) - IPC Server handler 16 on 45947, call Call#161 Retry#7 org.apache.hadoop.ozone.om.protocol.OzoneManagerProtocol.submitRequest from 127.0.0.1:56316
java.lang.IllegalMonitorStateException: Releasing lock on resource /volume82620/bucket01404 without acquiring lock
	at org.apache.hadoop.ozone.lock.LockManager.getLockForReleasing(LockManager.java:220)
	at org.apache.hadoop.ozone.lock.LockManager.release(LockManager.java:168)
	at org.apache.hadoop.ozone.lock.LockManager.writeUnlock(LockManager.java:148)
	at org.apache.hadoop.ozone.om.lock.OzoneManagerLock.unlock(OzoneManagerLock.java:364)
	at org.apache.hadoop.ozone.om.lock.OzoneManagerLock.releaseWriteLock(OzoneManagerLock.java:329)
	at org.apache.hadoop.ozone.om.request.key.OMKeyCommitRequest.validateAndUpdateCache(OMKeyCommitRequest.java:177)
	at org.apache.hadoop.ozone.protocolPB.OzoneManagerProtocolServerSideTranslatorPB.submitRequestDirectlyToOM(OzoneManagerProtocolServerSideTranslatorPB.java:219)
	at org.apache.hadoop.ozone.protocolPB.OzoneManagerProtocolServerSideTranslatorPB.processRequest(OzoneManagerProtocolServerSideTranslatorPB.java:134)
	at org.apache.hadoop.hdds.server.OzoneProtocolMessageDispatcher.processRequest(OzoneProtocolMessageDispatcher.java:72)
	at org.apache.hadoop.ozone.protocolPB.OzoneManagerProtocolServerSideTranslatorPB.submitRequest(OzoneManagerProtocolServerSideTranslatorPB.java:100)
	at org.apache.hadoop.ozone.protocol.proto.OzoneManagerProtocolProtos$OzoneManagerService$2.callBlockingMethod(OzoneManagerProtocolProtos.java)
	at org.apache.hadoop.ipc.ProtobufRpcEngine$Server$ProtoBufRpcInvoker.call(ProtobufRpcEngine.java:524)
	at org.apache.hadoop.ipc.RPC$Server.call(RPC.java:1025)
	at org.apache.hadoop.ipc.Server$RpcCall.run(Server.java:876)
	at org.apache.hadoop.ipc.Server$RpcCall.run(Server.java:822)
	at java.security.AccessController.doPrivileged(Native Method)
	at javax.security.auth.Subject.doAs(Subject.java:422)
	at org.apache.hadoop.security.UserGroupInformation.doAs(UserGroupInformation.java:1730)
	at org.apache.hadoop.ipc.Server$Handler.run(Server.java:2682)
2019-10-16 06:58:25,514 [Thread-1151] INFO  retry.RetryInvocationHandler (RetryInvocationHandler.java:log(411)) - com.google.protobuf.ServiceException: org.apache.hadoop.ipc.RemoteException(java.lang.IllegalMonitorStateException): Releasing lock on resource /volume82620/bucket01404 without acquiring lock
	at org.apache.hadoop.ozone.lock.LockManager.getLockForReleasing(LockManager.java:220)
	at org.apache.hadoop.ozone.lock.LockManager.release(LockManager.java:168)
	at org.apache.hadoop.ozone.lock.LockManager.writeUnlock(LockManager.java:148)
	at org.apache.hadoop.ozone.om.lock.OzoneManagerLock.unlock(OzoneManagerLock.java:364)
	at org.apache.hadoop.ozone.om.lock.OzoneManagerLock.releaseWriteLock(OzoneManagerLock.java:329)
	at org.apache.hadoop.ozone.om.request.key.OMKeyCommitRequest.validateAndUpdateCache(OMKeyCommitRequest.java:177)
	at org.apache.hadoop.ozone.protocolPB.OzoneManagerProtocolServerSideTranslatorPB.submitRequestDirectlyToOM(OzoneManagerProtocolServerSideTranslatorPB.java:219)
	at org.apache.hadoop.ozone.protocolPB.OzoneManagerProtocolServerSideTranslatorPB.processRequest(OzoneManagerProtocolServerSideTranslatorPB.java:134)
	at org.apache.hadoop.hdds.server.OzoneProtocolMessageDispatcher.processRequest(OzoneProtocolMessageDispatcher.java:72)
	at org.apache.hadoop.ozone.protocolPB.OzoneManagerProtocolServerSideTranslatorPB.submitRequest(OzoneManagerProtocolServerSideTranslatorPB.java:100)
	at org.apache.hadoop.ozone.protocol.proto.OzoneManagerProtocolProtos$OzoneManagerService$2.callBlockingMethod(OzoneManagerProtocolProtos.java)
	at org.apache.hadoop.ipc.ProtobufRpcEngine$Server$ProtoBufRpcInvoker.call(ProtobufRpcEngine.java:524)
	at org.apache.hadoop.ipc.RPC$Server.call(RPC.java:1025)
	at org.apache.hadoop.ipc.Server$RpcCall.run(Server.java:876)
	at org.apache.hadoop.ipc.Server$RpcCall.run(Server.java:822)
	at java.security.AccessController.doPrivileged(Native Method)
	at javax.security.auth.Subject.doAs(Subject.java:422)
	at org.apache.hadoop.security.UserGroupInformation.doAs(UserGroupInformation.java:1730)
	at org.apache.hadoop.ipc.Server$Handler.run(Server.java:2682)
, while invoking $Proxy37.submitRequest over nodeId=null,nodeAddress=localhost:45947 after 7 failover attempts. Trying to failover immediately.
2019-10-16 06:58:25,516 [IPC Server handler 18 on 45947] ERROR lock.LockManager (LockManager.java:getLockForReleasing(218)) - Trying to release the lock on /volume82620/bucket01404, which was never acquired.
2019-10-16 06:58:25,517 [IPC Server handler 18 on 45947] WARN  ipc.Server (Server.java:logException(2724)) - IPC Server handler 18 on 45947, call Call#161 Retry#8 org.apache.hadoop.ozone.om.protocol.OzoneManagerProtocol.submitRequest from 127.0.0.1:56316
java.lang.IllegalMonitorStateException: Releasing lock on resource /volume82620/bucket01404 without acquiring lock
	at org.apache.hadoop.ozone.lock.LockManager.getLockForReleasing(LockManager.java:220)
	at org.apache.hadoop.ozone.lock.LockManager.release(LockManager.java:168)
	at org.apache.hadoop.ozone.lock.LockManager.writeUnlock(LockManager.java:148)
	at org.apache.hadoop.ozone.om.lock.OzoneManagerLock.unlock(OzoneManagerLock.java:364)
	at org.apache.hadoop.ozone.om.lock.OzoneManagerLock.releaseWriteLock(OzoneManagerLock.java:329)
	at org.apache.hadoop.ozone.om.request.key.OMKeyCommitRequest.validateAndUpdateCache(OMKeyCommitRequest.java:177)
	at org.apache.hadoop.ozone.protocolPB.OzoneManagerProtocolServerSideTranslatorPB.submitRequestDirectlyToOM(OzoneManagerProtocolServerSideTranslatorPB.java:219)
	at org.apache.hadoop.ozone.protocolPB.OzoneManagerProtocolServerSideTranslatorPB.processRequest(OzoneManagerProtocolServerSideTranslatorPB.java:134)
	at org.apache.hadoop.hdds.server.OzoneProtocolMessageDispatcher.processRequest(OzoneProtocolMessageDispatcher.java:72)
	at org.apache.hadoop.ozone.protocolPB.OzoneManagerProtocolServerSideTranslatorPB.submitRequest(OzoneManagerProtocolServerSideTranslatorPB.java:100)
	at org.apache.hadoop.ozone.protocol.proto.OzoneManagerProtocolProtos$OzoneManagerService$2.callBlockingMethod(OzoneManagerProtocolProtos.java)
	at org.apache.hadoop.ipc.ProtobufRpcEngine$Server$ProtoBufRpcInvoker.call(ProtobufRpcEngine.java:524)
	at org.apache.hadoop.ipc.RPC$Server.call(RPC.java:1025)
	at org.apache.hadoop.ipc.Server$RpcCall.run(Server.java:876)
	at org.apache.hadoop.ipc.Server$RpcCall.run(Server.java:822)
	at java.security.AccessController.doPrivileged(Native Method)
	at javax.security.auth.Subject.doAs(Subject.java:422)
	at org.apache.hadoop.security.UserGroupInformation.doAs(UserGroupInformation.java:1730)
	at org.apache.hadoop.ipc.Server$Handler.run(Server.java:2682)
2019-10-16 06:58:25,519 [Thread-1151] INFO  retry.RetryInvocationHandler (RetryInvocationHandler.java:log(411)) - com.google.protobuf.ServiceException: org.apache.hadoop.ipc.RemoteException(java.lang.IllegalMonitorStateException): Releasing lock on resource /volume82620/bucket01404 without acquiring lock
	at org.apache.hadoop.ozone.lock.LockManager.getLockForReleasing(LockManager.java:220)
	at org.apache.hadoop.ozone.lock.LockManager.release(LockManager.java:168)
	at org.apache.hadoop.ozone.lock.LockManager.writeUnlock(LockManager.java:148)
	at org.apache.hadoop.ozone.om.lock.OzoneManagerLock.unlock(OzoneManagerLock.java:364)
	at org.apache.hadoop.ozone.om.lock.OzoneManagerLock.releaseWriteLock(OzoneManagerLock.java:329)
	at org.apache.hadoop.ozone.om.request.key.OMKeyCommitRequest.validateAndUpdateCache(OMKeyCommitRequest.java:177)
	at org.apache.hadoop.ozone.protocolPB.OzoneManagerProtocolServerSideTranslatorPB.submitRequestDirectlyToOM(OzoneManagerProtocolServerSideTranslatorPB.java:219)
	at org.apache.hadoop.ozone.protocolPB.OzoneManagerProtocolServerSideTranslatorPB.processRequest(OzoneManagerProtocolServerSideTranslatorPB.java:134)
	at org.apache.hadoop.hdds.server.OzoneProtocolMessageDispatcher.processRequest(OzoneProtocolMessageDispatcher.java:72)
	at org.apache.hadoop.ozone.protocolPB.OzoneManagerProtocolServerSideTranslatorPB.submitRequest(OzoneManagerProtocolServerSideTranslatorPB.java:100)
	at org.apache.hadoop.ozone.protocol.proto.OzoneManagerProtocolProtos$OzoneManagerService$2.callBlockingMethod(OzoneManagerProtocolProtos.java)
	at org.apache.hadoop.ipc.ProtobufRpcEngine$Server$ProtoBufRpcInvoker.call(ProtobufRpcEngine.java:524)
	at org.apache.hadoop.ipc.RPC$Server.call(RPC.java:1025)
	at org.apache.hadoop.ipc.Server$RpcCall.run(Server.java:876)
	at org.apache.hadoop.ipc.Server$RpcCall.run(Server.java:822)
	at java.security.AccessController.doPrivileged(Native Method)
	at javax.security.auth.Subject.doAs(Subject.java:422)
	at org.apache.hadoop.security.UserGroupInformation.doAs(UserGroupInformation.java:1730)
	at org.apache.hadoop.ipc.Server$Handler.run(Server.java:2682)
, while invoking $Proxy37.submitRequest over nodeId=null,nodeAddress=localhost:45947 after 8 failover attempts. Trying to failover immediately.
2019-10-16 06:58:25,521 [IPC Server handler 17 on 45947] ERROR lock.LockManager (LockManager.java:getLockForReleasing(218)) - Trying to release the lock on /volume82620/bucket01404, which was never acquired.
2019-10-16 06:58:25,521 [IPC Server handler 17 on 45947] WARN  ipc.Server (Server.java:logException(2724)) - IPC Server handler 17 on 45947, call Call#161 Retry#9 org.apache.hadoop.ozone.om.protocol.OzoneManagerProtocol.submitRequest from 127.0.0.1:56316
java.lang.IllegalMonitorStateException: Releasing lock on resource /volume82620/bucket01404 without acquiring lock
	at org.apache.hadoop.ozone.lock.LockManager.getLockForReleasing(LockManager.java:220)
	at org.apache.hadoop.ozone.lock.LockManager.release(LockManager.java:168)
	at org.apache.hadoop.ozone.lock.LockManager.writeUnlock(LockManager.java:148)
	at org.apache.hadoop.ozone.om.lock.OzoneManagerLock.unlock(OzoneManagerLock.java:364)
	at org.apache.hadoop.ozone.om.lock.OzoneManagerLock.releaseWriteLock(OzoneManagerLock.java:329)
	at org.apache.hadoop.ozone.om.request.key.OMKeyCommitRequest.validateAndUpdateCache(OMKeyCommitRequest.java:177)
	at org.apache.hadoop.ozone.protocolPB.OzoneManagerProtocolServerSideTranslatorPB.submitRequestDirectlyToOM(OzoneManagerProtocolServerSideTranslatorPB.java:219)
	at org.apache.hadoop.ozone.protocolPB.OzoneManagerProtocolServerSideTranslatorPB.processRequest(OzoneManagerProtocolServerSideTranslatorPB.java:134)
	at org.apache.hadoop.hdds.server.OzoneProtocolMessageDispatcher.processRequest(OzoneProtocolMessageDispatcher.java:72)
	at org.apache.hadoop.ozone.protocolPB.OzoneManagerProtocolServerSideTranslatorPB.submitRequest(OzoneManagerProtocolServerSideTranslatorPB.java:100)
	at org.apache.hadoop.ozone.protocol.proto.OzoneManagerProtocolProtos$OzoneManagerService$2.callBlockingMethod(OzoneManagerProtocolProtos.java)
	at org.apache.hadoop.ipc.ProtobufRpcEngine$Server$ProtoBufRpcInvoker.call(ProtobufRpcEngine.java:524)
	at org.apache.hadoop.ipc.RPC$Server.call(RPC.java:1025)
	at org.apache.hadoop.ipc.Server$RpcCall.run(Server.java:876)
	at org.apache.hadoop.ipc.Server$RpcCall.run(Server.java:822)
	at java.security.AccessController.doPrivileged(Native Method)
	at javax.security.auth.Subject.doAs(Subject.java:422)
	at org.apache.hadoop.security.UserGroupInformation.doAs(UserGroupInformation.java:1730)
	at org.apache.hadoop.ipc.Server$Handler.run(Server.java:2682)
2019-10-16 06:58:25,523 [Thread-1151] INFO  retry.RetryInvocationHandler (RetryInvocationHandler.java:log(411)) - com.google.protobuf.ServiceException: org.apache.hadoop.ipc.RemoteException(java.lang.IllegalMonitorStateException): Releasing lock on resource /volume82620/bucket01404 without acquiring lock
	at org.apache.hadoop.ozone.lock.LockManager.getLockForReleasing(LockManager.java:220)
	at org.apache.hadoop.ozone.lock.LockManager.release(LockManager.java:168)
	at org.apache.hadoop.ozone.lock.LockManager.writeUnlock(LockManager.java:148)
	at org.apache.hadoop.ozone.om.lock.OzoneManagerLock.unlock(OzoneManagerLock.java:364)
	at org.apache.hadoop.ozone.om.lock.OzoneManagerLock.releaseWriteLock(OzoneManagerLock.java:329)
	at org.apache.hadoop.ozone.om.request.key.OMKeyCommitRequest.validateAndUpdateCache(OMKeyCommitRequest.java:177)
	at org.apache.hadoop.ozone.protocolPB.OzoneManagerProtocolServerSideTranslatorPB.submitRequestDirectlyToOM(OzoneManagerProtocolServerSideTranslatorPB.java:219)
	at org.apache.hadoop.ozone.protocolPB.OzoneManagerProtocolServerSideTranslatorPB.processRequest(OzoneManagerProtocolServerSideTranslatorPB.java:134)
	at org.apache.hadoop.hdds.server.OzoneProtocolMessageDispatcher.processRequest(OzoneProtocolMessageDispatcher.java:72)
	at org.apache.hadoop.ozone.protocolPB.OzoneManagerProtocolServerSideTranslatorPB.submitRequest(OzoneManagerProtocolServerSideTranslatorPB.java:100)
	at org.apache.hadoop.ozone.protocol.proto.OzoneManagerProtocolProtos$OzoneManagerService$2.callBlockingMethod(OzoneManagerProtocolProtos.java)
	at org.apache.hadoop.ipc.ProtobufRpcEngine$Server$ProtoBufRpcInvoker.call(ProtobufRpcEngine.java:524)
	at org.apache.hadoop.ipc.RPC$Server.call(RPC.java:1025)
	at org.apache.hadoop.ipc.Server$RpcCall.run(Server.java:876)
	at org.apache.hadoop.ipc.Server$RpcCall.run(Server.java:822)
	at java.security.AccessController.doPrivileged(Native Method)
	at javax.security.auth.Subject.doAs(Subject.java:422)
	at org.apache.hadoop.security.UserGroupInformation.doAs(UserGroupInformation.java:1730)
	at org.apache.hadoop.ipc.Server$Handler.run(Server.java:2682)
, while invoking $Proxy37.submitRequest over nodeId=null,nodeAddress=localhost:45947 after 9 failover attempts. Trying to failover immediately.
2019-10-16 06:58:25,524 [IPC Server handler 19 on 45947] ERROR lock.LockManager (LockManager.java:getLockForReleasing(218)) - Trying to release the lock on /volume82620/bucket01404, which was never acquired.
2019-10-16 06:58:25,525 [IPC Server handler 19 on 45947] WARN  ipc.Server (Server.java:logException(2724)) - IPC Server handler 19 on 45947, call Call#161 Retry#10 org.apache.hadoop.ozone.om.protocol.OzoneManagerProtocol.submitRequest from 127.0.0.1:56316
java.lang.IllegalMonitorStateException: Releasing lock on resource /volume82620/bucket01404 without acquiring lock
	at org.apache.hadoop.ozone.lock.LockManager.getLockForReleasing(LockManager.java:220)
	at org.apache.hadoop.ozone.lock.LockManager.release(LockManager.java:168)
	at org.apache.hadoop.ozone.lock.LockManager.writeUnlock(LockManager.java:148)
	at org.apache.hadoop.ozone.om.lock.OzoneManagerLock.unlock(OzoneManagerLock.java:364)
	at org.apache.hadoop.ozone.om.lock.OzoneManagerLock.releaseWriteLock(OzoneManagerLock.java:329)
	at org.apache.hadoop.ozone.om.request.key.OMKeyCommitRequest.validateAndUpdateCache(OMKeyCommitRequest.java:177)
	at org.apache.hadoop.ozone.protocolPB.OzoneManagerProtocolServerSideTranslatorPB.submitRequestDirectlyToOM(OzoneManagerProtocolServerSideTranslatorPB.java:219)
	at org.apache.hadoop.ozone.protocolPB.OzoneManagerProtocolServerSideTranslatorPB.processRequest(OzoneManagerProtocolServerSideTranslatorPB.java:134)
	at org.apache.hadoop.hdds.server.OzoneProtocolMessageDispatcher.processRequest(OzoneProtocolMessageDispatcher.java:72)
	at org.apache.hadoop.ozone.protocolPB.OzoneManagerProtocolServerSideTranslatorPB.submitRequest(OzoneManagerProtocolServerSideTranslatorPB.java:100)
	at org.apache.hadoop.ozone.protocol.proto.OzoneManagerProtocolProtos$OzoneManagerService$2.callBlockingMethod(OzoneManagerProtocolProtos.java)
	at org.apache.hadoop.ipc.ProtobufRpcEngine$Server$ProtoBufRpcInvoker.call(ProtobufRpcEngine.java:524)
	at org.apache.hadoop.ipc.RPC$Server.call(RPC.java:1025)
	at org.apache.hadoop.ipc.Server$RpcCall.run(Server.java:876)
	at org.apache.hadoop.ipc.Server$RpcCall.run(Server.java:822)
	at java.security.AccessController.doPrivileged(Native Method)
	at javax.security.auth.Subject.doAs(Subject.java:422)
	at org.apache.hadoop.security.UserGroupInformation.doAs(UserGroupInformation.java:1730)
	at org.apache.hadoop.ipc.Server$Handler.run(Server.java:2682)
2019-10-16 06:58:25,526 [Thread-1151] ERROR ha.OMFailoverProxyProvider (OzoneManagerProtocolClientSideTranslatorPB.java:getRetryAction(268)) - Failed to connect to OM. Attempted 10 retries and 10 failovers
2019-10-16 06:58:25,527 [Thread-1151] INFO  ozone.MiniOzoneClusterImpl (MiniOzoneClusterImpl.java:shutdown(314)) - Shutting down the Mini Ozone Cluster
2019-10-16 06:58:25,528 [Thread-1151] INFO  ozone.MiniOzoneClusterImpl (MiniOzoneClusterImpl.java:stop(330)) - Stopping the Mini Ozone Cluster
2019-10-16 06:58:25,528 [Thread-1151] INFO  ozone.MiniOzoneClusterImpl (MiniOzoneClusterImpl.java:stopOM(400)) - Stopping the OzoneManager
2019-10-16 06:58:25,528 [Thread-1151] INFO  ipc.Server (Server.java:stop(3082)) - Stopping server on 45947
2019-10-16 06:58:25,530 [IPC Server listener on 45947] INFO  ipc.Server (Server.java:run(1185)) - Stopping IPC Server listener on 45947
2019-10-16 06:58:25,530 [Thread-1151] INFO  ratis.OzoneManagerDoubleBuffer (OzoneManagerDoubleBuffer.java:stop(250)) - Stopping OMDoubleBuffer flush thread
2019-10-16 06:58:25,530 [IPC Server Responder] INFO  ipc.Server (Server.java:run(1319)) - Stopping IPC Server Responder
2019-10-16 06:58:25,532 [OMDoubleBufferFlushThread] INFO  ratis.OzoneManagerDoubleBuffer (OzoneManagerDoubleBuffer.java:flushTransactions(193)) - OMDoubleBuffer flush thread OMDoubleBufferFlushThread is interrupted and will exit. OMDoubleBufferFlushThread
2019-10-16 06:58:25,532 [Thread-1151] INFO  utils.BackgroundService (BackgroundService.java:shutdown(151)) - Shutting down service KeyDeletingService
2019-10-16 06:58:25,535 [Thread-1151] INFO  handler.ContextHandler (ContextHandler.java:doStop(910)) - Stopped o.e.j.w.WebAppContext@916567e{/,null,UNAVAILABLE}{/ozoneManager}
2019-10-16 06:58:25,536 [Thread-1151] INFO  server.AbstractConnector (AbstractConnector.java:doStop(318)) - Stopped ServerConnector@105ed28e{HTTP/1.1,[http/1.1]}{0.0.0.0:0}
2019-10-16 06:58:25,536 [Thread-1151] INFO  handler.ContextHandler (ContextHandler.java:doStop(910)) - Stopped o.e.j.s.ServletContextHandler@365e9565{/static,jar:file:/home/user/.m2/repository/org/apache/hadoop/hadoop-ozone-ozone-manager/0.5.0-SNAPSHOT/hadoop-ozone-ozone-manager-0.5.0-SNAPSHOT.jar!/webapps/static,UNAVAILABLE}
2019-10-16 06:58:25,536 [Thread-1151] INFO  handler.ContextHandler (ContextHandler.java:doStop(910)) - Stopped o.e.j.s.ServletContextHandler@747dce0b{/logs,file:///workdir/hadoop-ozone/ozonefs/target/log,UNAVAILABLE}
2019-10-16 06:58:25,538 [Thread-1151] INFO  ozone.MiniOzoneClusterImpl (MiniOzoneClusterImpl.java:stopDatanodes(377)) - Stopping the HddsDatanodes
2019-10-16 06:58:25,584 [Thread-1394] INFO  impl.FollowerState (FollowerState.java:run(108)) - 73e75fb6-f1d7-4311-b684-bd95d4e816a1@group-1BF4C328EE0E-FollowerState: change to CANDIDATE, lastRpcTime:139ms, electionTimeout:139ms
2019-10-16 06:58:25,584 [Thread-1394] INFO  impl.RoleInfo (RoleInfo.java:shutdownFollowerState(121)) - 73e75fb6-f1d7-4311-b684-bd95d4e816a1: shutdown FollowerState
2019-10-16 06:58:25,584 [Thread-1394] INFO  impl.RaftServerImpl (RaftServerImpl.java:setRole(184)) - 73e75fb6-f1d7-4311-b684-bd95d4e816a1@group-1BF4C328EE0E: changes role from  FOLLOWER to CANDIDATE at term 6 for changeToCandidate
2019-10-16 06:58:25,585 [Thread-1394] INFO  impl.RoleInfo (RoleInfo.java:updateAndGet(143)) - 73e75fb6-f1d7-4311-b684-bd95d4e816a1: start LeaderElection
2019-10-16 06:58:25,599 [73e75fb6-f1d7-4311-b684-bd95d4e816a1@group-1BF4C328EE0E-LeaderElection38] INFO  impl.LeaderElection (LeaderElection.java:askForVotes(178)) - 73e75fb6-f1d7-4311-b684-bd95d4e816a1@group-1BF4C328EE0E-LeaderElection38: begin an election at term 7 for -1: [73e75fb6-f1d7-4311-b684-bd95d4e816a1:192.168.69.104:34728, 317a9921-db1c-43a7-b546-bfd5748728d7:192.168.69.104:33231, 39c5c445-cd83-4942-987d-d462f81a24e8:192.168.69.104:40343], old=null
2019-10-16 06:58:25,604 [grpc-default-executor-2] INFO  impl.RaftServerImpl (RaftServerImpl.java:setRole(184)) - 39c5c445-cd83-4942-987d-d462f81a24e8@group-1BF4C328EE0E: changes role from  FOLLOWER to FOLLOWER at term 7 for recognizeCandidate:73e75fb6-f1d7-4311-b684-bd95d4e816a1
2019-10-16 06:58:25,604 [grpc-default-executor-2] INFO  impl.RoleInfo (RoleInfo.java:shutdownFollowerState(121)) - 39c5c445-cd83-4942-987d-d462f81a24e8: shutdown FollowerState
2019-10-16 06:58:25,604 [grpc-default-executor-3] INFO  impl.RaftServerImpl (RaftServerImpl.java:setRole(184)) - 317a9921-db1c-43a7-b546-bfd5748728d7@group-1BF4C328EE0E: changes role from  FOLLOWER to FOLLOWER at term 7 for recognizeCandidate:73e75fb6-f1d7-4311-b684-bd95d4e816a1
2019-10-16 06:58:25,604 [Thread-1392] INFO  impl.FollowerState (FollowerState.java:run(117)) - 39c5c445-cd83-4942-987d-d462f81a24e8@group-1BF4C328EE0E-FollowerState was interrupted: java.lang.InterruptedException: sleep interrupted
2019-10-16 06:58:25,604 [grpc-default-executor-2] INFO  impl.RoleInfo (RoleInfo.java:updateAndGet(143)) - 39c5c445-cd83-4942-987d-d462f81a24e8: start FollowerState
2019-10-16 06:58:25,604 [grpc-default-executor-3] INFO  impl.RoleInfo (RoleInfo.java:shutdownFollowerState(121)) - 317a9921-db1c-43a7-b546-bfd5748728d7: shutdown FollowerState
2019-10-16 06:58:25,604 [Thread-1393] INFO  impl.FollowerState (FollowerState.java:run(117)) - 317a9921-db1c-43a7-b546-bfd5748728d7@group-1BF4C328EE0E-FollowerState was interrupted: java.lang.InterruptedException: sleep interrupted
2019-10-16 06:58:25,604 [grpc-default-executor-3] INFO  impl.RoleInfo (RoleInfo.java:updateAndGet(143)) - 317a9921-db1c-43a7-b546-bfd5748728d7: start FollowerState
2019-10-16 06:58:25,620 [73e75fb6-f1d7-4311-b684-bd95d4e816a1@group-1BF4C328EE0E-LeaderElection38] INFO  impl.LeaderElection (LeaderElection.java:logAndReturn(56)) - 73e75fb6-f1d7-4311-b684-bd95d4e816a1@group-1BF4C328EE0E-LeaderElection38: Election REJECTED; received 2 response(s) [73e75fb6-f1d7-4311-b684-bd95d4e816a1<-317a9921-db1c-43a7-b546-bfd5748728d7#0:FAIL-t7, 73e75fb6-f1d7-4311-b684-bd95d4e816a1<-39c5c445-cd83-4942-987d-d462f81a24e8#0:FAIL-t7] and 0 exception(s); 73e75fb6-f1d7-4311-b684-bd95d4e816a1@group-1BF4C328EE0E:t7, leader=null, voted=73e75fb6-f1d7-4311-b684-bd95d4e816a1, raftlog=73e75fb6-f1d7-4311-b684-bd95d4e816a1@group-1BF4C328EE0E-SegmentedRaftLog:OPENED:c-1,f-1,i0, conf=-1: [73e75fb6-f1d7-4311-b684-bd95d4e816a1:192.168.69.104:34728, 317a9921-db1c-43a7-b546-bfd5748728d7:192.168.69.104:33231, 39c5c445-cd83-4942-987d-d462f81a24e8:192.168.69.104:40343], old=null
2019-10-16 06:58:25,620 [73e75fb6-f1d7-4311-b684-bd95d4e816a1@group-1BF4C328EE0E-LeaderElection38] INFO  impl.RaftServerImpl (RaftServerImpl.java:setRole(184)) - 73e75fb6-f1d7-4311-b684-bd95d4e816a1@group-1BF4C328EE0E: changes role from CANDIDATE to FOLLOWER at term 7 for DISCOVERED_A_NEW_TERM
2019-10-16 06:58:25,620 [73e75fb6-f1d7-4311-b684-bd95d4e816a1@group-1BF4C328EE0E-LeaderElection38] INFO  impl.RoleInfo (RoleInfo.java:shutdownLeaderElection(134)) - 73e75fb6-f1d7-4311-b684-bd95d4e816a1: shutdown LeaderElection
2019-10-16 06:58:25,620 [73e75fb6-f1d7-4311-b684-bd95d4e816a1@group-1BF4C328EE0E-LeaderElection38] INFO  impl.RoleInfo (RoleInfo.java:updateAndGet(143)) - 73e75fb6-f1d7-4311-b684-bd95d4e816a1: start FollowerState
2019-10-16 06:58:25,757 [Thread-1400] INFO  impl.FollowerState (FollowerState.java:run(108)) - 73e75fb6-f1d7-4311-b684-bd95d4e816a1@group-1BF4C328EE0E-FollowerState: change to CANDIDATE, lastRpcTime:137ms, electionTimeout:137ms
2019-10-16 06:58:25,759 [Thread-1400] INFO  impl.RoleInfo (RoleInfo.java:shutdownFollowerState(121)) - 73e75fb6-f1d7-4311-b684-bd95d4e816a1: shutdown FollowerState
2019-10-16 06:58:25,759 [Thread-1400] INFO  impl.RaftServerImpl (RaftServerImpl.java:setRole(184)) - 73e75fb6-f1d7-4311-b684-bd95d4e816a1@group-1BF4C328EE0E: changes role from  FOLLOWER to CANDIDATE at term 7 for changeToCandidate
2019-10-16 06:58:25,759 [Thread-1400] INFO  impl.RoleInfo (RoleInfo.java:updateAndGet(143)) - 73e75fb6-f1d7-4311-b684-bd95d4e816a1: start LeaderElection
2019-10-16 06:58:25,772 [73e75fb6-f1d7-4311-b684-bd95d4e816a1@group-1BF4C328EE0E-LeaderElection39] INFO  impl.LeaderElection (LeaderElection.java:askForVotes(178)) - 73e75fb6-f1d7-4311-b684-bd95d4e816a1@group-1BF4C328EE0E-LeaderElection39: begin an election at term 8 for -1: [73e75fb6-f1d7-4311-b684-bd95d4e816a1:192.168.69.104:34728, 317a9921-db1c-43a7-b546-bfd5748728d7:192.168.69.104:33231, 39c5c445-cd83-4942-987d-d462f81a24e8:192.168.69.104:40343], old=null
2019-10-16 06:58:25,775 [grpc-default-executor-3] INFO  impl.RaftServerImpl (RaftServerImpl.java:setRole(184)) - 39c5c445-cd83-4942-987d-d462f81a24e8@group-1BF4C328EE0E: changes role from  FOLLOWER to FOLLOWER at term 8 for recognizeCandidate:73e75fb6-f1d7-4311-b684-bd95d4e816a1
2019-10-16 06:58:25,775 [grpc-default-executor-2] INFO  impl.RaftServerImpl (RaftServerImpl.java:setRole(184)) - 317a9921-db1c-43a7-b546-bfd5748728d7@group-1BF4C328EE0E: changes role from  FOLLOWER to FOLLOWER at term 8 for recognizeCandidate:73e75fb6-f1d7-4311-b684-bd95d4e816a1
2019-10-16 06:58:25,775 [grpc-default-executor-3] INFO  impl.RoleInfo (RoleInfo.java:shutdownFollowerState(121)) - 39c5c445-cd83-4942-987d-d462f81a24e8: shutdown FollowerState
2019-10-16 06:58:25,775 [73e75fb6-f1d7-4311-b684-bd95d4e816a1@group-1BF4C328EE0E-LeaderElection39] INFO  impl.LeaderElection (LeaderElection.java:logAndReturn(56)) - 73e75fb6-f1d7-4311-b684-bd95d4e816a1@group-1BF4C328EE0E-LeaderElection39: Election TIMEOUT; received 0 response(s) [] and 0 exception(s); 73e75fb6-f1d7-4311-b684-bd95d4e816a1@group-1BF4C328EE0E:t8, leader=null, voted=73e75fb6-f1d7-4311-b684-bd95d4e816a1, raftlog=73e75fb6-f1d7-4311-b684-bd95d4e816a1@group-1BF4C328EE0E-SegmentedRaftLog:OPENED:c-1,f-1,i0, conf=-1: [73e75fb6-f1d7-4311-b684-bd95d4e816a1:192.168.69.104:34728, 317a9921-db1c-43a7-b546-bfd5748728d7:192.168.69.104:33231, 39c5c445-cd83-4942-987d-d462f81a24e8:192.168.69.104:40343], old=null
2019-10-16 06:58:25,775 [grpc-default-executor-3] INFO  impl.RoleInfo (RoleInfo.java:updateAndGet(143)) - 39c5c445-cd83-4942-987d-d462f81a24e8: start FollowerState
2019-10-16 06:58:25,775 [Thread-1398] INFO  impl.FollowerState (FollowerState.java:run(117)) - 39c5c445-cd83-4942-987d-d462f81a24e8@group-1BF4C328EE0E-FollowerState was interrupted: java.lang.InterruptedException: sleep interrupted
2019-10-16 06:58:25,775 [grpc-default-executor-2] INFO  impl.RoleInfo (RoleInfo.java:shutdownFollowerState(121)) - 317a9921-db1c-43a7-b546-bfd5748728d7: shutdown FollowerState
2019-10-16 06:58:25,777 [grpc-default-executor-2] INFO  impl.RoleInfo (RoleInfo.java:updateAndGet(143)) - 317a9921-db1c-43a7-b546-bfd5748728d7: start FollowerState
2019-10-16 06:58:25,777 [Thread-1399] INFO  impl.FollowerState (FollowerState.java:run(117)) - 317a9921-db1c-43a7-b546-bfd5748728d7@group-1BF4C328EE0E-FollowerState was interrupted: java.lang.InterruptedException: sleep interrupted
2019-10-16 06:58:25,790 [73e75fb6-f1d7-4311-b684-bd95d4e816a1@group-1BF4C328EE0E-LeaderElection39] INFO  impl.LeaderElection (LeaderElection.java:askForVotes(178)) - 73e75fb6-f1d7-4311-b684-bd95d4e816a1@group-1BF4C328EE0E-LeaderElection39: begin an election at term 9 for -1: [73e75fb6-f1d7-4311-b684-bd95d4e816a1:192.168.69.104:34728, 317a9921-db1c-43a7-b546-bfd5748728d7:192.168.69.104:33231, 39c5c445-cd83-4942-987d-d462f81a24e8:192.168.69.104:40343], old=null
2019-10-16 06:58:25,794 [grpc-default-executor-2] INFO  impl.RaftServerImpl (RaftServerImpl.java:setRole(184)) - 317a9921-db1c-43a7-b546-bfd5748728d7@group-1BF4C328EE0E: changes role from  FOLLOWER to FOLLOWER at term 9 for recognizeCandidate:73e75fb6-f1d7-4311-b684-bd95d4e816a1
2019-10-16 06:58:25,794 [grpc-default-executor-3] INFO  impl.RaftServerImpl (RaftServerImpl.java:setRole(184)) - 39c5c445-cd83-4942-987d-d462f81a24e8@group-1BF4C328EE0E: changes role from  FOLLOWER to FOLLOWER at term 9 for recognizeCandidate:73e75fb6-f1d7-4311-b684-bd95d4e816a1
2019-10-16 06:58:25,794 [grpc-default-executor-3] INFO  impl.RoleInfo (RoleInfo.java:shutdownFollowerState(121)) - 39c5c445-cd83-4942-987d-d462f81a24e8: shutdown FollowerState
2019-10-16 06:58:25,794 [grpc-default-executor-2] INFO  impl.RoleInfo (RoleInfo.java:shutdownFollowerState(121)) - 317a9921-db1c-43a7-b546-bfd5748728d7: shutdown FollowerState
2019-10-16 06:58:25,794 [Thread-1404] INFO  impl.FollowerState (FollowerState.java:run(117)) - 39c5c445-cd83-4942-987d-d462f81a24e8@group-1BF4C328EE0E-FollowerState was interrupted: java.lang.InterruptedException: sleep interrupted
2019-10-16 06:58:25,794 [grpc-default-executor-3] INFO  impl.RoleInfo (RoleInfo.java:updateAndGet(143)) - 39c5c445-cd83-4942-987d-d462f81a24e8: start FollowerState
2019-10-16 06:58:25,794 [grpc-default-executor-2] INFO  impl.RoleInfo (RoleInfo.java:updateAndGet(143)) - 317a9921-db1c-43a7-b546-bfd5748728d7: start FollowerState
2019-10-16 06:58:25,794 [Thread-1405] INFO  impl.FollowerState (FollowerState.java:run(117)) - 317a9921-db1c-43a7-b546-bfd5748728d7@group-1BF4C328EE0E-FollowerState was interrupted: java.lang.InterruptedException: sleep interrupted
2019-10-16 06:58:25,809 [73e75fb6-f1d7-4311-b684-bd95d4e816a1@group-1BF4C328EE0E-LeaderElection39] INFO  impl.LeaderElection (LeaderElection.java:logAndReturn(56)) - 73e75fb6-f1d7-4311-b684-bd95d4e816a1@group-1BF4C328EE0E-LeaderElection39: Election REJECTED; received 2 response(s) [73e75fb6-f1d7-4311-b684-bd95d4e816a1<-317a9921-db1c-43a7-b546-bfd5748728d7#0:FAIL-t9, 73e75fb6-f1d7-4311-b684-bd95d4e816a1<-39c5c445-cd83-4942-987d-d462f81a24e8#0:FAIL-t9] and 0 exception(s); 73e75fb6-f1d7-4311-b684-bd95d4e816a1@group-1BF4C328EE0E:t9, leader=null, voted=73e75fb6-f1d7-4311-b684-bd95d4e816a1, raftlog=73e75fb6-f1d7-4311-b684-bd95d4e816a1@group-1BF4C328EE0E-SegmentedRaftLog:OPENED:c-1,f-1,i0, conf=-1: [73e75fb6-f1d7-4311-b684-bd95d4e816a1:192.168.69.104:34728, 317a9921-db1c-43a7-b546-bfd5748728d7:192.168.69.104:33231, 39c5c445-cd83-4942-987d-d462f81a24e8:192.168.69.104:40343], old=null
2019-10-16 06:58:25,809 [73e75fb6-f1d7-4311-b684-bd95d4e816a1@group-1BF4C328EE0E-LeaderElection39] INFO  impl.RaftServerImpl (RaftServerImpl.java:setRole(184)) - 73e75fb6-f1d7-4311-b684-bd95d4e816a1@group-1BF4C328EE0E: changes role from CANDIDATE to FOLLOWER at term 9 for DISCOVERED_A_NEW_TERM
2019-10-16 06:58:25,809 [73e75fb6-f1d7-4311-b684-bd95d4e816a1@group-1BF4C328EE0E-LeaderElection39] INFO  impl.RoleInfo (RoleInfo.java:shutdownLeaderElection(134)) - 73e75fb6-f1d7-4311-b684-bd95d4e816a1: shutdown LeaderElection
2019-10-16 06:58:25,810 [73e75fb6-f1d7-4311-b684-bd95d4e816a1@group-1BF4C328EE0E-LeaderElection39] INFO  impl.RoleInfo (RoleInfo.java:updateAndGet(143)) - 73e75fb6-f1d7-4311-b684-bd95d4e816a1: start FollowerState
2019-10-16 06:58:25,821 [Thread-1410] INFO  impl.FollowerState (FollowerState.java:run(108)) - 73e75fb6-f1d7-4311-b684-bd95d4e816a1@group-1BF4C328EE0E-FollowerState: change to CANDIDATE, lastRpcTime:11ms, electionTimeout:11ms
2019-10-16 06:58:25,822 [Thread-1410] INFO  impl.RoleInfo (RoleInfo.java:shutdownFollowerState(121)) - 73e75fb6-f1d7-4311-b684-bd95d4e816a1: shutdown FollowerState
2019-10-16 06:58:25,822 [Thread-1410] INFO  impl.RaftServerImpl (RaftServerImpl.java:setRole(184)) - 73e75fb6-f1d7-4311-b684-bd95d4e816a1@group-1BF4C328EE0E: changes role from  FOLLOWER to CANDIDATE at term 9 for changeToCandidate
2019-10-16 06:58:25,822 [Thread-1410] INFO  impl.RoleInfo (RoleInfo.java:updateAndGet(143)) - 73e75fb6-f1d7-4311-b684-bd95d4e816a1: start LeaderElection
2019-10-16 06:58:25,835 [73e75fb6-f1d7-4311-b684-bd95d4e816a1@group-1BF4C328EE0E-LeaderElection40] INFO  impl.LeaderElection (LeaderElection.java:askForVotes(178)) - 73e75fb6-f1d7-4311-b684-bd95d4e816a1@group-1BF4C328EE0E-LeaderElection40: begin an election at term 10 for -1: [73e75fb6-f1d7-4311-b684-bd95d4e816a1:192.168.69.104:34728, 317a9921-db1c-43a7-b546-bfd5748728d7:192.168.69.104:33231, 39c5c445-cd83-4942-987d-d462f81a24e8:192.168.69.104:40343], old=null
2019-10-16 06:58:25,837 [grpc-default-executor-2] INFO  impl.RaftServerImpl (RaftServerImpl.java:setRole(184)) - 39c5c445-cd83-4942-987d-d462f81a24e8@group-1BF4C328EE0E: changes role from  FOLLOWER to FOLLOWER at term 10 for recognizeCandidate:73e75fb6-f1d7-4311-b684-bd95d4e816a1
2019-10-16 06:58:25,837 [grpc-default-executor-2] INFO  impl.RoleInfo (RoleInfo.java:shutdownFollowerState(121)) - 39c5c445-cd83-4942-987d-d462f81a24e8: shutdown FollowerState
2019-10-16 06:58:25,838 [grpc-default-executor-2] INFO  impl.RoleInfo (RoleInfo.java:updateAndGet(143)) - 39c5c445-cd83-4942-987d-d462f81a24e8: start FollowerState
2019-10-16 06:58:25,838 [Thread-1408] INFO  impl.FollowerState (FollowerState.java:run(117)) - 39c5c445-cd83-4942-987d-d462f81a24e8@group-1BF4C328EE0E-FollowerState was interrupted: java.lang.InterruptedException: sleep interrupted
2019-10-16 06:58:25,838 [grpc-default-executor-3] INFO  impl.RaftServerImpl (RaftServerImpl.java:setRole(184)) - 317a9921-db1c-43a7-b546-bfd5748728d7@group-1BF4C328EE0E: changes role from  FOLLOWER to FOLLOWER at term 10 for recognizeCandidate:73e75fb6-f1d7-4311-b684-bd95d4e816a1
2019-10-16 06:58:25,838 [grpc-default-executor-3] INFO  impl.RoleInfo (RoleInfo.java:shutdownFollowerState(121)) - 317a9921-db1c-43a7-b546-bfd5748728d7: shutdown FollowerState
2019-10-16 06:58:25,838 [grpc-default-executor-3] INFO  impl.RoleInfo (RoleInfo.java:updateAndGet(143)) - 317a9921-db1c-43a7-b546-bfd5748728d7: start FollowerState
2019-10-16 06:58:25,838 [Thread-1409] INFO  impl.FollowerState (FollowerState.java:run(117)) - 317a9921-db1c-43a7-b546-bfd5748728d7@group-1BF4C328EE0E-FollowerState was interrupted: java.lang.InterruptedException: sleep interrupted
2019-10-16 06:58:25,854 [73e75fb6-f1d7-4311-b684-bd95d4e816a1@group-1BF4C328EE0E-LeaderElection40] INFO  impl.LeaderElection (LeaderElection.java:logAndReturn(56)) - 73e75fb6-f1d7-4311-b684-bd95d4e816a1@group-1BF4C328EE0E-LeaderElection40: Election REJECTED; received 2 response(s) [73e75fb6-f1d7-4311-b684-bd95d4e816a1<-317a9921-db1c-43a7-b546-bfd5748728d7#0:FAIL-t10, 73e75fb6-f1d7-4311-b684-bd95d4e816a1<-39c5c445-cd83-4942-987d-d462f81a24e8#0:FAIL-t10] and 0 exception(s); 73e75fb6-f1d7-4311-b684-bd95d4e816a1@group-1BF4C328EE0E:t10, leader=null, voted=73e75fb6-f1d7-4311-b684-bd95d4e816a1, raftlog=73e75fb6-f1d7-4311-b684-bd95d4e816a1@group-1BF4C328EE0E-SegmentedRaftLog:OPENED:c-1,f-1,i0, conf=-1: [73e75fb6-f1d7-4311-b684-bd95d4e816a1:192.168.69.104:34728, 317a9921-db1c-43a7-b546-bfd5748728d7:192.168.69.104:33231, 39c5c445-cd83-4942-987d-d462f81a24e8:192.168.69.104:40343], old=null
2019-10-16 06:58:25,854 [73e75fb6-f1d7-4311-b684-bd95d4e816a1@group-1BF4C328EE0E-LeaderElection40] INFO  impl.RaftServerImpl (RaftServerImpl.java:setRole(184)) - 73e75fb6-f1d7-4311-b684-bd95d4e816a1@group-1BF4C328EE0E: changes role from CANDIDATE to FOLLOWER at term 10 for DISCOVERED_A_NEW_TERM
2019-10-16 06:58:25,854 [73e75fb6-f1d7-4311-b684-bd95d4e816a1@group-1BF4C328EE0E-LeaderElection40] INFO  impl.RoleInfo (RoleInfo.java:shutdownLeaderElection(134)) - 73e75fb6-f1d7-4311-b684-bd95d4e816a1: shutdown LeaderElection
2019-10-16 06:58:25,854 [73e75fb6-f1d7-4311-b684-bd95d4e816a1@group-1BF4C328EE0E-LeaderElection40] INFO  impl.RoleInfo (RoleInfo.java:updateAndGet(143)) - 73e75fb6-f1d7-4311-b684-bd95d4e816a1: start FollowerState
2019-10-16 06:58:25,861 [Thread-1416] INFO  impl.FollowerState (FollowerState.java:run(108)) - 73e75fb6-f1d7-4311-b684-bd95d4e816a1@group-1BF4C328EE0E-FollowerState: change to CANDIDATE, lastRpcTime:6ms, electionTimeout:6ms
2019-10-16 06:58:25,862 [Thread-1416] INFO  impl.RoleInfo (RoleInfo.java:shutdownFollowerState(121)) - 73e75fb6-f1d7-4311-b684-bd95d4e816a1: shutdown FollowerState
2019-10-16 06:58:25,862 [Thread-1416] INFO  impl.RaftServerImpl (RaftServerImpl.java:setRole(184)) - 73e75fb6-f1d7-4311-b684-bd95d4e816a1@group-1BF4C328EE0E: changes role from  FOLLOWER to CANDIDATE at term 10 for changeToCandidate
2019-10-16 06:58:25,862 [Thread-1416] INFO  impl.RoleInfo (RoleInfo.java:updateAndGet(143)) - 73e75fb6-f1d7-4311-b684-bd95d4e816a1: start LeaderElection
2019-10-16 06:58:25,875 [73e75fb6-f1d7-4311-b684-bd95d4e816a1@group-1BF4C328EE0E-LeaderElection41] INFO  impl.LeaderElection (LeaderElection.java:askForVotes(178)) - 73e75fb6-f1d7-4311-b684-bd95d4e816a1@group-1BF4C328EE0E-LeaderElection41: begin an election at term 11 for -1: [73e75fb6-f1d7-4311-b684-bd95d4e816a1:192.168.69.104:34728, 317a9921-db1c-43a7-b546-bfd5748728d7:192.168.69.104:33231, 39c5c445-cd83-4942-987d-d462f81a24e8:192.168.69.104:40343], old=null
2019-10-16 06:58:25,878 [grpc-default-executor-3] INFO  impl.RaftServerImpl (RaftServerImpl.java:setRole(184)) - 317a9921-db1c-43a7-b546-bfd5748728d7@group-1BF4C328EE0E: changes role from  FOLLOWER to FOLLOWER at term 11 for recognizeCandidate:73e75fb6-f1d7-4311-b684-bd95d4e816a1
2019-10-16 06:58:25,878 [grpc-default-executor-3] INFO  impl.RoleInfo (RoleInfo.java:shutdownFollowerState(121)) - 317a9921-db1c-43a7-b546-bfd5748728d7: shutdown FollowerState
2019-10-16 06:58:25,878 [grpc-default-executor-3] INFO  impl.RoleInfo (RoleInfo.java:updateAndGet(143)) - 317a9921-db1c-43a7-b546-bfd5748728d7: start FollowerState
2019-10-16 06:58:25,878 [Thread-1415] INFO  impl.FollowerState (FollowerState.java:run(117)) - 317a9921-db1c-43a7-b546-bfd5748728d7@group-1BF4C328EE0E-FollowerState was interrupted: java.lang.InterruptedException: sleep interrupted
2019-10-16 06:58:25,878 [grpc-default-executor-2] INFO  impl.RaftServerImpl (RaftServerImpl.java:setRole(184)) - 39c5c445-cd83-4942-987d-d462f81a24e8@group-1BF4C328EE0E: changes role from  FOLLOWER to FOLLOWER at term 11 for recognizeCandidate:73e75fb6-f1d7-4311-b684-bd95d4e816a1
2019-10-16 06:58:25,879 [grpc-default-executor-2] INFO  impl.RoleInfo (RoleInfo.java:shutdownFollowerState(121)) - 39c5c445-cd83-4942-987d-d462f81a24e8: shutdown FollowerState
2019-10-16 06:58:25,879 [grpc-default-executor-2] INFO  impl.RoleInfo (RoleInfo.java:updateAndGet(143)) - 39c5c445-cd83-4942-987d-d462f81a24e8: start FollowerState
2019-10-16 06:58:25,879 [Thread-1414] INFO  impl.FollowerState (FollowerState.java:run(117)) - 39c5c445-cd83-4942-987d-d462f81a24e8@group-1BF4C328EE0E-FollowerState was interrupted: java.lang.InterruptedException: sleep interrupted
2019-10-16 06:58:25,893 [73e75fb6-f1d7-4311-b684-bd95d4e816a1@group-1BF4C328EE0E-LeaderElection41] INFO  impl.LeaderElection (LeaderElection.java:logAndReturn(56)) - 73e75fb6-f1d7-4311-b684-bd95d4e816a1@group-1BF4C328EE0E-LeaderElection41: Election REJECTED; received 2 response(s) [73e75fb6-f1d7-4311-b684-bd95d4e816a1<-317a9921-db1c-43a7-b546-bfd5748728d7#0:FAIL-t11, 73e75fb6-f1d7-4311-b684-bd95d4e816a1<-39c5c445-cd83-4942-987d-d462f81a24e8#0:FAIL-t11] and 0 exception(s); 73e75fb6-f1d7-4311-b684-bd95d4e816a1@group-1BF4C328EE0E:t11, leader=null, voted=73e75fb6-f1d7-4311-b684-bd95d4e816a1, raftlog=73e75fb6-f1d7-4311-b684-bd95d4e816a1@group-1BF4C328EE0E-SegmentedRaftLog:OPENED:c-1,f-1,i0, conf=-1: [73e75fb6-f1d7-4311-b684-bd95d4e816a1:192.168.69.104:34728, 317a9921-db1c-43a7-b546-bfd5748728d7:192.168.69.104:33231, 39c5c445-cd83-4942-987d-d462f81a24e8:192.168.69.104:40343], old=null
2019-10-16 06:58:25,893 [73e75fb6-f1d7-4311-b684-bd95d4e816a1@group-1BF4C328EE0E-LeaderElection41] INFO  impl.RaftServerImpl (RaftServerImpl.java:setRole(184)) - 73e75fb6-f1d7-4311-b684-bd95d4e816a1@group-1BF4C328EE0E: changes role from CANDIDATE to FOLLOWER at term 11 for DISCOVERED_A_NEW_TERM
2019-10-16 06:58:25,894 [73e75fb6-f1d7-4311-b684-bd95d4e816a1@group-1BF4C328EE0E-LeaderElection41] INFO  impl.RoleInfo (RoleInfo.java:shutdownLeaderElection(134)) - 73e75fb6-f1d7-4311-b684-bd95d4e816a1: shutdown LeaderElection
2019-10-16 06:58:25,894 [73e75fb6-f1d7-4311-b684-bd95d4e816a1@group-1BF4C328EE0E-LeaderElection41] INFO  impl.RoleInfo (RoleInfo.java:updateAndGet(143)) - 73e75fb6-f1d7-4311-b684-bd95d4e816a1: start FollowerState
2019-10-16 06:58:26,054 [Thread-1422] INFO  impl.FollowerState (FollowerState.java:run(108)) - 73e75fb6-f1d7-4311-b684-bd95d4e816a1@group-1BF4C328EE0E-FollowerState: change to CANDIDATE, lastRpcTime:160ms, electionTimeout:160ms
2019-10-16 06:58:26,056 [Thread-1422] INFO  impl.RoleInfo (RoleInfo.java:shutdownFollowerState(121)) - 73e75fb6-f1d7-4311-b684-bd95d4e816a1: shutdown FollowerState
2019-10-16 06:58:26,056 [Thread-1422] INFO  impl.RaftServerImpl (RaftServerImpl.java:setRole(184)) - 73e75fb6-f1d7-4311-b684-bd95d4e816a1@group-1BF4C328EE0E: changes role from  FOLLOWER to CANDIDATE at term 11 for changeToCandidate
2019-10-16 06:58:26,056 [Thread-1422] INFO  impl.RoleInfo (RoleInfo.java:updateAndGet(143)) - 73e75fb6-f1d7-4311-b684-bd95d4e816a1: start LeaderElection
2019-10-16 06:58:26,091 [73e75fb6-f1d7-4311-b684-bd95d4e816a1@group-1BF4C328EE0E-LeaderElection42] INFO  impl.LeaderElection (LeaderElection.java:askForVotes(178)) - 73e75fb6-f1d7-4311-b684-bd95d4e816a1@group-1BF4C328EE0E-LeaderElection42: begin an election at term 12 for -1: [73e75fb6-f1d7-4311-b684-bd95d4e816a1:192.168.69.104:34728, 317a9921-db1c-43a7-b546-bfd5748728d7:192.168.69.104:33231, 39c5c445-cd83-4942-987d-d462f81a24e8:192.168.69.104:40343], old=null
2019-10-16 06:58:26,096 [grpc-default-executor-3] INFO  impl.RaftServerImpl (RaftServerImpl.java:setRole(184)) - 317a9921-db1c-43a7-b546-bfd5748728d7@group-1BF4C328EE0E: changes role from  FOLLOWER to FOLLOWER at term 12 for recognizeCandidate:73e75fb6-f1d7-4311-b684-bd95d4e816a1
2019-10-16 06:58:26,096 [grpc-default-executor-2] INFO  impl.RaftServerImpl (RaftServerImpl.java:setRole(184)) - 39c5c445-cd83-4942-987d-d462f81a24e8@group-1BF4C328EE0E: changes role from  FOLLOWER to FOLLOWER at term 12 for recognizeCandidate:73e75fb6-f1d7-4311-b684-bd95d4e816a1
2019-10-16 06:58:26,096 [grpc-default-executor-3] INFO  impl.RoleInfo (RoleInfo.java:shutdownFollowerState(121)) - 317a9921-db1c-43a7-b546-bfd5748728d7: shutdown FollowerState
2019-10-16 06:58:26,096 [grpc-default-executor-2] INFO  impl.RoleInfo (RoleInfo.java:shutdownFollowerState(121)) - 39c5c445-cd83-4942-987d-d462f81a24e8: shutdown FollowerState
2019-10-16 06:58:26,097 [Thread-1420] INFO  impl.FollowerState (FollowerState.java:run(117)) - 317a9921-db1c-43a7-b546-bfd5748728d7@group-1BF4C328EE0E-FollowerState was interrupted: java.lang.InterruptedException: sleep interrupted
2019-10-16 06:58:26,097 [Thread-1421] INFO  impl.FollowerState (FollowerState.java:run(117)) - 39c5c445-cd83-4942-987d-d462f81a24e8@group-1BF4C328EE0E-FollowerState was interrupted: java.lang.InterruptedException: sleep interrupted
2019-10-16 06:58:26,097 [grpc-default-executor-3] INFO  impl.RoleInfo (RoleInfo.java:updateAndGet(143)) - 317a9921-db1c-43a7-b546-bfd5748728d7: start FollowerState
2019-10-16 06:58:26,097 [grpc-default-executor-2] INFO  impl.RoleInfo (RoleInfo.java:updateAndGet(143)) - 39c5c445-cd83-4942-987d-d462f81a24e8: start FollowerState
2019-10-16 06:58:26,112 [73e75fb6-f1d7-4311-b684-bd95d4e816a1@group-1BF4C328EE0E-LeaderElection42] INFO  impl.LeaderElection (LeaderElection.java:logAndReturn(56)) - 73e75fb6-f1d7-4311-b684-bd95d4e816a1@group-1BF4C328EE0E-LeaderElection42: Election REJECTED; received 2 response(s) [73e75fb6-f1d7-4311-b684-bd95d4e816a1<-317a9921-db1c-43a7-b546-bfd5748728d7#0:FAIL-t12, 73e75fb6-f1d7-4311-b684-bd95d4e816a1<-39c5c445-cd83-4942-987d-d462f81a24e8#0:FAIL-t12] and 0 exception(s); 73e75fb6-f1d7-4311-b684-bd95d4e816a1@group-1BF4C328EE0E:t12, leader=null, voted=73e75fb6-f1d7-4311-b684-bd95d4e816a1, raftlog=73e75fb6-f1d7-4311-b684-bd95d4e816a1@group-1BF4C328EE0E-SegmentedRaftLog:OPENED:c-1,f-1,i0, conf=-1: [73e75fb6-f1d7-4311-b684-bd95d4e816a1:192.168.69.104:34728, 317a9921-db1c-43a7-b546-bfd5748728d7:192.168.69.104:33231, 39c5c445-cd83-4942-987d-d462f81a24e8:192.168.69.104:40343], old=null
2019-10-16 06:58:26,113 [73e75fb6-f1d7-4311-b684-bd95d4e816a1@group-1BF4C328EE0E-LeaderElection42] INFO  impl.RaftServerImpl (RaftServerImpl.java:setRole(184)) - 73e75fb6-f1d7-4311-b684-bd95d4e816a1@group-1BF4C328EE0E: changes role from CANDIDATE to FOLLOWER at term 12 for DISCOVERED_A_NEW_TERM
2019-10-16 06:58:26,113 [73e75fb6-f1d7-4311-b684-bd95d4e816a1@group-1BF4C328EE0E-LeaderElection42] INFO  impl.RoleInfo (RoleInfo.java:shutdownLeaderElection(134)) - 73e75fb6-f1d7-4311-b684-bd95d4e816a1: shutdown LeaderElection
2019-10-16 06:58:26,113 [73e75fb6-f1d7-4311-b684-bd95d4e816a1@group-1BF4C328EE0E-LeaderElection42] INFO  impl.RoleInfo (RoleInfo.java:updateAndGet(143)) - 73e75fb6-f1d7-4311-b684-bd95d4e816a1: start FollowerState
2019-10-16 06:58:26,252 [Datanode State Machine Thread - 0] INFO  statemachine.DatanodeStateMachine (DatanodeStateMachine.java:lambda$startDaemon$0(350)) - Ozone container server started.
2019-10-16 06:58:26,275 [Thread-1428] INFO  impl.FollowerState (FollowerState.java:run(108)) - 73e75fb6-f1d7-4311-b684-bd95d4e816a1@group-1BF4C328EE0E-FollowerState: change to CANDIDATE, lastRpcTime:162ms, electionTimeout:162ms
2019-10-16 06:58:26,275 [Thread-1428] INFO  impl.RoleInfo (RoleInfo.java:shutdownFollowerState(121)) - 73e75fb6-f1d7-4311-b684-bd95d4e816a1: shutdown FollowerState
2019-10-16 06:58:26,276 [Thread-1428] INFO  impl.RaftServerImpl (RaftServerImpl.java:setRole(184)) - 73e75fb6-f1d7-4311-b684-bd95d4e816a1@group-1BF4C328EE0E: changes role from  FOLLOWER to CANDIDATE at term 12 for changeToCandidate
2019-10-16 06:58:26,276 [Thread-1428] INFO  impl.RoleInfo (RoleInfo.java:updateAndGet(143)) - 73e75fb6-f1d7-4311-b684-bd95d4e816a1: start LeaderElection
2019-10-16 06:58:26,289 [73e75fb6-f1d7-4311-b684-bd95d4e816a1@group-1BF4C328EE0E-LeaderElection43] INFO  impl.LeaderElection (LeaderElection.java:askForVotes(178)) - 73e75fb6-f1d7-4311-b684-bd95d4e816a1@group-1BF4C328EE0E-LeaderElection43: begin an election at term 13 for -1: [73e75fb6-f1d7-4311-b684-bd95d4e816a1:192.168.69.104:34728, 317a9921-db1c-43a7-b546-bfd5748728d7:192.168.69.104:33231, 39c5c445-cd83-4942-987d-d462f81a24e8:192.168.69.104:40343], old=null
2019-10-16 06:58:26,292 [grpc-default-executor-3] INFO  impl.RaftServerImpl (RaftServerImpl.java:setRole(184)) - 317a9921-db1c-43a7-b546-bfd5748728d7@group-1BF4C328EE0E: changes role from  FOLLOWER to FOLLOWER at term 13 for recognizeCandidate:73e75fb6-f1d7-4311-b684-bd95d4e816a1
2019-10-16 06:58:26,293 [grpc-default-executor-3] INFO  impl.RoleInfo (RoleInfo.java:shutdownFollowerState(121)) - 317a9921-db1c-43a7-b546-bfd5748728d7: shutdown FollowerState
2019-10-16 06:58:26,293 [grpc-default-executor-3] INFO  impl.RoleInfo (RoleInfo.java:updateAndGet(143)) - 317a9921-db1c-43a7-b546-bfd5748728d7: start FollowerState
2019-10-16 06:58:26,293 [Thread-1426] INFO  impl.FollowerState (FollowerState.java:run(117)) - 317a9921-db1c-43a7-b546-bfd5748728d7@group-1BF4C328EE0E-FollowerState was interrupted: java.lang.InterruptedException: sleep interrupted
2019-10-16 06:58:26,293 [grpc-default-executor-2] INFO  impl.RaftServerImpl (RaftServerImpl.java:setRole(184)) - 39c5c445-cd83-4942-987d-d462f81a24e8@group-1BF4C328EE0E: changes role from  FOLLOWER to FOLLOWER at term 13 for recognizeCandidate:73e75fb6-f1d7-4311-b684-bd95d4e816a1
2019-10-16 06:58:26,293 [grpc-default-executor-2] INFO  impl.RoleInfo (RoleInfo.java:shutdownFollowerState(121)) - 39c5c445-cd83-4942-987d-d462f81a24e8: shutdown FollowerState
2019-10-16 06:58:26,294 [grpc-default-executor-2] INFO  impl.RoleInfo (RoleInfo.java:updateAndGet(143)) - 39c5c445-cd83-4942-987d-d462f81a24e8: start FollowerState
2019-10-16 06:58:26,294 [Thread-1427] INFO  impl.FollowerState (FollowerState.java:run(117)) - 39c5c445-cd83-4942-987d-d462f81a24e8@group-1BF4C328EE0E-FollowerState was interrupted: java.lang.InterruptedException: sleep interrupted
2019-10-16 06:58:26,310 [73e75fb6-f1d7-4311-b684-bd95d4e816a1@group-1BF4C328EE0E-LeaderElection43] INFO  impl.LeaderElection (LeaderElection.java:logAndReturn(56)) - 73e75fb6-f1d7-4311-b684-bd95d4e816a1@group-1BF4C328EE0E-LeaderElection43: Election REJECTED; received 2 response(s) [73e75fb6-f1d7-4311-b684-bd95d4e816a1<-317a9921-db1c-43a7-b546-bfd5748728d7#0:FAIL-t13, 73e75fb6-f1d7-4311-b684-bd95d4e816a1<-39c5c445-cd83-4942-987d-d462f81a24e8#0:FAIL-t13] and 0 exception(s); 73e75fb6-f1d7-4311-b684-bd95d4e816a1@group-1BF4C328EE0E:t13, leader=null, voted=73e75fb6-f1d7-4311-b684-bd95d4e816a1, raftlog=73e75fb6-f1d7-4311-b684-bd95d4e816a1@group-1BF4C328EE0E-SegmentedRaftLog:OPENED:c-1,f-1,i0, conf=-1: [73e75fb6-f1d7-4311-b684-bd95d4e816a1:192.168.69.104:34728, 317a9921-db1c-43a7-b546-bfd5748728d7:192.168.69.104:33231, 39c5c445-cd83-4942-987d-d462f81a24e8:192.168.69.104:40343], old=null
2019-10-16 06:58:26,310 [73e75fb6-f1d7-4311-b684-bd95d4e816a1@group-1BF4C328EE0E-LeaderElection43] INFO  impl.RaftServerImpl (RaftServerImpl.java:setRole(184)) - 73e75fb6-f1d7-4311-b684-bd95d4e816a1@group-1BF4C328EE0E: changes role from CANDIDATE to FOLLOWER at term 13 for DISCOVERED_A_NEW_TERM
2019-10-16 06:58:26,310 [73e75fb6-f1d7-4311-b684-bd95d4e816a1@group-1BF4C328EE0E-LeaderElection43] INFO  impl.RoleInfo (RoleInfo.java:shutdownLeaderElection(134)) - 73e75fb6-f1d7-4311-b684-bd95d4e816a1: shutdown LeaderElection
2019-10-16 06:58:26,310 [73e75fb6-f1d7-4311-b684-bd95d4e816a1@group-1BF4C328EE0E-LeaderElection43] INFO  impl.RoleInfo (RoleInfo.java:updateAndGet(143)) - 73e75fb6-f1d7-4311-b684-bd95d4e816a1: start FollowerState
2019-10-16 06:58:26,319 [Datanode State Machine Thread - 0] INFO  statemachine.DatanodeStateMachine (DatanodeStateMachine.java:lambda$startDaemon$0(350)) - Ozone container server started.
2019-10-16 06:58:26,399 [Thread-1434] INFO  impl.FollowerState (FollowerState.java:run(108)) - 73e75fb6-f1d7-4311-b684-bd95d4e816a1@group-1BF4C328EE0E-FollowerState: change to CANDIDATE, lastRpcTime:88ms, electionTimeout:88ms
2019-10-16 06:58:26,399 [Thread-1434] INFO  impl.RoleInfo (RoleInfo.java:shutdownFollowerState(121)) - 73e75fb6-f1d7-4311-b684-bd95d4e816a1: shutdown FollowerState
2019-10-16 06:58:26,399 [Thread-1434] INFO  impl.RaftServerImpl (RaftServerImpl.java:setRole(184)) - 73e75fb6-f1d7-4311-b684-bd95d4e816a1@group-1BF4C328EE0E: changes role from  FOLLOWER to CANDIDATE at term 13 for changeToCandidate
2019-10-16 06:58:26,399 [Thread-1434] INFO  impl.RoleInfo (RoleInfo.java:updateAndGet(143)) - 73e75fb6-f1d7-4311-b684-bd95d4e816a1: start LeaderElection
2019-10-16 06:58:26,413 [73e75fb6-f1d7-4311-b684-bd95d4e816a1@group-1BF4C328EE0E-LeaderElection44] INFO  impl.LeaderElection (LeaderElection.java:askForVotes(178)) - 73e75fb6-f1d7-4311-b684-bd95d4e816a1@group-1BF4C328EE0E-LeaderElection44: begin an election at term 14 for -1: [73e75fb6-f1d7-4311-b684-bd95d4e816a1:192.168.69.104:34728, 317a9921-db1c-43a7-b546-bfd5748728d7:192.168.69.104:33231, 39c5c445-cd83-4942-987d-d462f81a24e8:192.168.69.104:40343], old=null
2019-10-16 06:58:26,417 [grpc-default-executor-3] INFO  impl.RaftServerImpl (RaftServerImpl.java:setRole(184)) - 317a9921-db1c-43a7-b546-bfd5748728d7@group-1BF4C328EE0E: changes role from  FOLLOWER to FOLLOWER at term 14 for recognizeCandidate:73e75fb6-f1d7-4311-b684-bd95d4e816a1
2019-10-16 06:58:26,417 [grpc-default-executor-3] INFO  impl.RoleInfo (RoleInfo.java:shutdownFollowerState(121)) - 317a9921-db1c-43a7-b546-bfd5748728d7: shutdown FollowerState
2019-10-16 06:58:26,417 [grpc-default-executor-2] INFO  impl.RaftServerImpl (RaftServerImpl.java:setRole(184)) - 39c5c445-cd83-4942-987d-d462f81a24e8@group-1BF4C328EE0E: changes role from  FOLLOWER to FOLLOWER at term 14 for recognizeCandidate:73e75fb6-f1d7-4311-b684-bd95d4e816a1
2019-10-16 06:58:26,417 [grpc-default-executor-3] INFO  impl.RoleInfo (RoleInfo.java:updateAndGet(143)) - 317a9921-db1c-43a7-b546-bfd5748728d7: start FollowerState
2019-10-16 06:58:26,417 [Thread-1432] INFO  impl.FollowerState (FollowerState.java:run(117)) - 317a9921-db1c-43a7-b546-bfd5748728d7@group-1BF4C328EE0E-FollowerState was interrupted: java.lang.InterruptedException: sleep interrupted
2019-10-16 06:58:26,417 [grpc-default-executor-2] INFO  impl.RoleInfo (RoleInfo.java:shutdownFollowerState(121)) - 39c5c445-cd83-4942-987d-d462f81a24e8: shutdown FollowerState
2019-10-16 06:58:26,418 [Thread-1433] INFO  impl.FollowerState (FollowerState.java:run(117)) - 39c5c445-cd83-4942-987d-d462f81a24e8@group-1BF4C328EE0E-FollowerState was interrupted: java.lang.InterruptedException: sleep interrupted
2019-10-16 06:58:26,418 [grpc-default-executor-2] INFO  impl.RoleInfo (RoleInfo.java:updateAndGet(143)) - 39c5c445-cd83-4942-987d-d462f81a24e8: start FollowerState
2019-10-16 06:58:26,432 [73e75fb6-f1d7-4311-b684-bd95d4e816a1@group-1BF4C328EE0E-LeaderElection44] INFO  impl.LeaderElection (LeaderElection.java:logAndReturn(56)) - 73e75fb6-f1d7-4311-b684-bd95d4e816a1@group-1BF4C328EE0E-LeaderElection44: Election REJECTED; received 2 response(s) [73e75fb6-f1d7-4311-b684-bd95d4e816a1<-317a9921-db1c-43a7-b546-bfd5748728d7#0:FAIL-t14, 73e75fb6-f1d7-4311-b684-bd95d4e816a1<-39c5c445-cd83-4942-987d-d462f81a24e8#0:FAIL-t14] and 0 exception(s); 73e75fb6-f1d7-4311-b684-bd95d4e816a1@group-1BF4C328EE0E:t14, leader=null, voted=73e75fb6-f1d7-4311-b684-bd95d4e816a1, raftlog=73e75fb6-f1d7-4311-b684-bd95d4e816a1@group-1BF4C328EE0E-SegmentedRaftLog:OPENED:c-1,f-1,i0, conf=-1: [73e75fb6-f1d7-4311-b684-bd95d4e816a1:192.168.69.104:34728, 317a9921-db1c-43a7-b546-bfd5748728d7:192.168.69.104:33231, 39c5c445-cd83-4942-987d-d462f81a24e8:192.168.69.104:40343], old=null
2019-10-16 06:58:26,432 [73e75fb6-f1d7-4311-b684-bd95d4e816a1@group-1BF4C328EE0E-LeaderElection44] INFO  impl.RaftServerImpl (RaftServerImpl.java:setRole(184)) - 73e75fb6-f1d7-4311-b684-bd95d4e816a1@group-1BF4C328EE0E: changes role from CANDIDATE to FOLLOWER at term 14 for DISCOVERED_A_NEW_TERM
2019-10-16 06:58:26,433 [73e75fb6-f1d7-4311-b684-bd95d4e816a1@group-1BF4C328EE0E-LeaderElection44] INFO  impl.RoleInfo (RoleInfo.java:shutdownLeaderElection(134)) - 73e75fb6-f1d7-4311-b684-bd95d4e816a1: shutdown LeaderElection
2019-10-16 06:58:26,433 [73e75fb6-f1d7-4311-b684-bd95d4e816a1@group-1BF4C328EE0E-LeaderElection44] INFO  impl.RoleInfo (RoleInfo.java:updateAndGet(143)) - 73e75fb6-f1d7-4311-b684-bd95d4e816a1: start FollowerState
2019-10-16 06:58:26,480 [Thread-1440] INFO  impl.FollowerState (FollowerState.java:run(108)) - 73e75fb6-f1d7-4311-b684-bd95d4e816a1@group-1BF4C328EE0E-FollowerState: change to CANDIDATE, lastRpcTime:47ms, electionTimeout:47ms
2019-10-16 06:58:26,480 [Thread-1440] INFO  impl.RoleInfo (RoleInfo.java:shutdownFollowerState(121)) - 73e75fb6-f1d7-4311-b684-bd95d4e816a1: shutdown FollowerState
2019-10-16 06:58:26,480 [Thread-1440] INFO  impl.RaftServerImpl (RaftServerImpl.java:setRole(184)) - 73e75fb6-f1d7-4311-b684-bd95d4e816a1@group-1BF4C328EE0E: changes role from  FOLLOWER to CANDIDATE at term 14 for changeToCandidate
2019-10-16 06:58:26,480 [Thread-1440] INFO  impl.RoleInfo (RoleInfo.java:updateAndGet(143)) - 73e75fb6-f1d7-4311-b684-bd95d4e816a1: start LeaderElection
2019-10-16 06:58:26,493 [73e75fb6-f1d7-4311-b684-bd95d4e816a1@group-1BF4C328EE0E-LeaderElection45] INFO  impl.LeaderElection (LeaderElection.java:askForVotes(178)) - 73e75fb6-f1d7-4311-b684-bd95d4e816a1@group-1BF4C328EE0E-LeaderElection45: begin an election at term 15 for -1: [73e75fb6-f1d7-4311-b684-bd95d4e816a1:192.168.69.104:34728, 317a9921-db1c-43a7-b546-bfd5748728d7:192.168.69.104:33231, 39c5c445-cd83-4942-987d-d462f81a24e8:192.168.69.104:40343], old=null
2019-10-16 06:58:26,496 [grpc-default-executor-2] INFO  impl.RaftServerImpl (RaftServerImpl.java:setRole(184)) - 317a9921-db1c-43a7-b546-bfd5748728d7@group-1BF4C328EE0E: changes role from  FOLLOWER to FOLLOWER at term 15 for recognizeCandidate:73e75fb6-f1d7-4311-b684-bd95d4e816a1
2019-10-16 06:58:26,496 [grpc-default-executor-2] INFO  impl.RoleInfo (RoleInfo.java:shutdownFollowerState(121)) - 317a9921-db1c-43a7-b546-bfd5748728d7: shutdown FollowerState
2019-10-16 06:58:26,496 [grpc-default-executor-3] INFO  impl.RaftServerImpl (RaftServerImpl.java:setRole(184)) - 39c5c445-cd83-4942-987d-d462f81a24e8@group-1BF4C328EE0E: changes role from  FOLLOWER to FOLLOWER at term 15 for recognizeCandidate:73e75fb6-f1d7-4311-b684-bd95d4e816a1
2019-10-16 06:58:26,496 [grpc-default-executor-2] INFO  impl.RoleInfo (RoleInfo.java:updateAndGet(143)) - 317a9921-db1c-43a7-b546-bfd5748728d7: start FollowerState
2019-10-16 06:58:26,496 [Thread-1438] INFO  impl.FollowerState (FollowerState.java:run(117)) - 317a9921-db1c-43a7-b546-bfd5748728d7@group-1BF4C328EE0E-FollowerState was interrupted: java.lang.InterruptedException: sleep interrupted
2019-10-16 06:58:26,496 [grpc-default-executor-3] INFO  impl.RoleInfo (RoleInfo.java:shutdownFollowerState(121)) - 39c5c445-cd83-4942-987d-d462f81a24e8: shutdown FollowerState
2019-10-16 06:58:26,497 [grpc-default-executor-3] INFO  impl.RoleInfo (RoleInfo.java:updateAndGet(143)) - 39c5c445-cd83-4942-987d-d462f81a24e8: start FollowerState
2019-10-16 06:58:26,497 [Thread-1439] INFO  impl.FollowerState (FollowerState.java:run(117)) - 39c5c445-cd83-4942-987d-d462f81a24e8@group-1BF4C328EE0E-FollowerState was interrupted: java.lang.InterruptedException: sleep interrupted
2019-10-16 06:58:26,512 [73e75fb6-f1d7-4311-b684-bd95d4e816a1@group-1BF4C328EE0E-LeaderElection45] INFO  impl.LeaderElection (LeaderElection.java:logAndReturn(56)) - 73e75fb6-f1d7-4311-b684-bd95d4e816a1@group-1BF4C328EE0E-LeaderElection45: Election REJECTED; received 2 response(s) [73e75fb6-f1d7-4311-b684-bd95d4e816a1<-317a9921-db1c-43a7-b546-bfd5748728d7#0:FAIL-t15, 73e75fb6-f1d7-4311-b684-bd95d4e816a1<-39c5c445-cd83-4942-987d-d462f81a24e8#0:FAIL-t15] and 0 exception(s); 73e75fb6-f1d7-4311-b684-bd95d4e816a1@group-1BF4C328EE0E:t15, leader=null, voted=73e75fb6-f1d7-4311-b684-bd95d4e816a1, raftlog=73e75fb6-f1d7-4311-b684-bd95d4e816a1@group-1BF4C328EE0E-SegmentedRaftLog:OPENED:c-1,f-1,i0, conf=-1: [73e75fb6-f1d7-4311-b684-bd95d4e816a1:192.168.69.104:34728, 317a9921-db1c-43a7-b546-bfd5748728d7:192.168.69.104:33231, 39c5c445-cd83-4942-987d-d462f81a24e8:192.168.69.104:40343], old=null
2019-10-16 06:58:26,512 [73e75fb6-f1d7-4311-b684-bd95d4e816a1@group-1BF4C328EE0E-LeaderElection45] INFO  impl.RaftServerImpl (RaftServerImpl.java:setRole(184)) - 73e75fb6-f1d7-4311-b684-bd95d4e816a1@group-1BF4C328EE0E: changes role from CANDIDATE to FOLLOWER at term 15 for DISCOVERED_A_NEW_TERM
2019-10-16 06:58:26,512 [73e75fb6-f1d7-4311-b684-bd95d4e816a1@group-1BF4C328EE0E-LeaderElection45] INFO  impl.RoleInfo (RoleInfo.java:shutdownLeaderElection(134)) - 73e75fb6-f1d7-4311-b684-bd95d4e816a1: shutdown LeaderElection
2019-10-16 06:58:26,512 [73e75fb6-f1d7-4311-b684-bd95d4e816a1@group-1BF4C328EE0E-LeaderElection45] INFO  impl.RoleInfo (RoleInfo.java:updateAndGet(143)) - 73e75fb6-f1d7-4311-b684-bd95d4e816a1: start FollowerState
2019-10-16 06:58:26,676 [Thread-1446] INFO  impl.FollowerState (FollowerState.java:run(108)) - 73e75fb6-f1d7-4311-b684-bd95d4e816a1@group-1BF4C328EE0E-FollowerState: change to CANDIDATE, lastRpcTime:163ms, electionTimeout:163ms
2019-10-16 06:58:26,676 [Thread-1446] INFO  impl.RoleInfo (RoleInfo.java:shutdownFollowerState(121)) - 73e75fb6-f1d7-4311-b684-bd95d4e816a1: shutdown FollowerState
2019-10-16 06:58:26,676 [Thread-1446] INFO  impl.RaftServerImpl (RaftServerImpl.java:setRole(184)) - 73e75fb6-f1d7-4311-b684-bd95d4e816a1@group-1BF4C328EE0E: changes role from  FOLLOWER to CANDIDATE at term 15 for changeToCandidate
2019-10-16 06:58:26,676 [Thread-1446] INFO  impl.RoleInfo (RoleInfo.java:updateAndGet(143)) - 73e75fb6-f1d7-4311-b684-bd95d4e816a1: start LeaderElection
2019-10-16 06:58:26,689 [73e75fb6-f1d7-4311-b684-bd95d4e816a1@group-1BF4C328EE0E-LeaderElection46] INFO  impl.LeaderElection (LeaderElection.java:askForVotes(178)) - 73e75fb6-f1d7-4311-b684-bd95d4e816a1@group-1BF4C328EE0E-LeaderElection46: begin an election at term 16 for -1: [73e75fb6-f1d7-4311-b684-bd95d4e816a1:192.168.69.104:34728, 317a9921-db1c-43a7-b546-bfd5748728d7:192.168.69.104:33231, 39c5c445-cd83-4942-987d-d462f81a24e8:192.168.69.104:40343], old=null
2019-10-16 06:58:26,696 [grpc-default-executor-3] INFO  impl.RaftServerImpl (RaftServerImpl.java:setRole(184)) - 39c5c445-cd83-4942-987d-d462f81a24e8@group-1BF4C328EE0E: changes role from  FOLLOWER to FOLLOWER at term 16 for recognizeCandidate:73e75fb6-f1d7-4311-b684-bd95d4e816a1
2019-10-16 06:58:26,696 [grpc-default-executor-3] INFO  impl.RoleInfo (RoleInfo.java:shutdownFollowerState(121)) - 39c5c445-cd83-4942-987d-d462f81a24e8: shutdown FollowerState
2019-10-16 06:58:26,696 [grpc-default-executor-2] INFO  impl.RaftServerImpl (RaftServerImpl.java:setRole(184)) - 317a9921-db1c-43a7-b546-bfd5748728d7@group-1BF4C328EE0E: changes role from  FOLLOWER to FOLLOWER at term 16 for recognizeCandidate:73e75fb6-f1d7-4311-b684-bd95d4e816a1
2019-10-16 06:58:26,696 [Thread-1445] INFO  impl.FollowerState (FollowerState.java:run(117)) - 39c5c445-cd83-4942-987d-d462f81a24e8@group-1BF4C328EE0E-FollowerState was interrupted: java.lang.InterruptedException: sleep interrupted
2019-10-16 06:58:26,696 [grpc-default-executor-2] INFO  impl.RoleInfo (RoleInfo.java:shutdownFollowerState(121)) - 317a9921-db1c-43a7-b546-bfd5748728d7: shutdown FollowerState
2019-10-16 06:58:26,696 [grpc-default-executor-3] INFO  impl.RoleInfo (RoleInfo.java:updateAndGet(143)) - 39c5c445-cd83-4942-987d-d462f81a24e8: start FollowerState
2019-10-16 06:58:26,697 [grpc-default-executor-2] INFO  impl.RoleInfo (RoleInfo.java:updateAndGet(143)) - 317a9921-db1c-43a7-b546-bfd5748728d7: start FollowerState
2019-10-16 06:58:26,697 [Thread-1444] INFO  impl.FollowerState (FollowerState.java:run(117)) - 317a9921-db1c-43a7-b546-bfd5748728d7@group-1BF4C328EE0E-FollowerState was interrupted: java.lang.InterruptedException: sleep interrupted
2019-10-16 06:58:26,711 [73e75fb6-f1d7-4311-b684-bd95d4e816a1@group-1BF4C328EE0E-LeaderElection46] INFO  impl.LeaderElection (LeaderElection.java:logAndReturn(56)) - 73e75fb6-f1d7-4311-b684-bd95d4e816a1@group-1BF4C328EE0E-LeaderElection46: Election REJECTED; received 2 response(s) [73e75fb6-f1d7-4311-b684-bd95d4e816a1<-317a9921-db1c-43a7-b546-bfd5748728d7#0:FAIL-t16, 73e75fb6-f1d7-4311-b684-bd95d4e816a1<-39c5c445-cd83-4942-987d-d462f81a24e8#0:FAIL-t16] and 0 exception(s); 73e75fb6-f1d7-4311-b684-bd95d4e816a1@group-1BF4C328EE0E:t16, leader=null, voted=73e75fb6-f1d7-4311-b684-bd95d4e816a1, raftlog=73e75fb6-f1d7-4311-b684-bd95d4e816a1@group-1BF4C328EE0E-SegmentedRaftLog:OPENED:c-1,f-1,i0, conf=-1: [73e75fb6-f1d7-4311-b684-bd95d4e816a1:192.168.69.104:34728, 317a9921-db1c-43a7-b546-bfd5748728d7:192.168.69.104:33231, 39c5c445-cd83-4942-987d-d462f81a24e8:192.168.69.104:40343], old=null
2019-10-16 06:58:26,711 [73e75fb6-f1d7-4311-b684-bd95d4e816a1@group-1BF4C328EE0E-LeaderElection46] INFO  impl.RaftServerImpl (RaftServerImpl.java:setRole(184)) - 73e75fb6-f1d7-4311-b684-bd95d4e816a1@group-1BF4C328EE0E: changes role from CANDIDATE to FOLLOWER at term 16 for DISCOVERED_A_NEW_TERM
2019-10-16 06:58:26,711 [73e75fb6-f1d7-4311-b684-bd95d4e816a1@group-1BF4C328EE0E-LeaderElection46] INFO  impl.RoleInfo (RoleInfo.java:shutdownLeaderElection(134)) - 73e75fb6-f1d7-4311-b684-bd95d4e816a1: shutdown LeaderElection
2019-10-16 06:58:26,712 [73e75fb6-f1d7-4311-b684-bd95d4e816a1@group-1BF4C328EE0E-LeaderElection46] INFO  impl.RoleInfo (RoleInfo.java:updateAndGet(143)) - 73e75fb6-f1d7-4311-b684-bd95d4e816a1: start FollowerState
2019-10-16 06:58:26,839 [Thread-1452] INFO  impl.FollowerState (FollowerState.java:run(108)) - 73e75fb6-f1d7-4311-b684-bd95d4e816a1@group-1BF4C328EE0E-FollowerState: change to CANDIDATE, lastRpcTime:127ms, electionTimeout:127ms
2019-10-16 06:58:26,839 [Thread-1452] INFO  impl.RoleInfo (RoleInfo.java:shutdownFollowerState(121)) - 73e75fb6-f1d7-4311-b684-bd95d4e816a1: shutdown FollowerState
2019-10-16 06:58:26,839 [Thread-1452] INFO  impl.RaftServerImpl (RaftServerImpl.java:setRole(184)) - 73e75fb6-f1d7-4311-b684-bd95d4e816a1@group-1BF4C328EE0E: changes role from  FOLLOWER to CANDIDATE at term 16 for changeToCandidate
2019-10-16 06:58:26,839 [Thread-1452] INFO  impl.RoleInfo (RoleInfo.java:updateAndGet(143)) - 73e75fb6-f1d7-4311-b684-bd95d4e816a1: start LeaderElection
2019-10-16 06:58:26,852 [73e75fb6-f1d7-4311-b684-bd95d4e816a1@group-1BF4C328EE0E-LeaderElection47] INFO  impl.LeaderElection (LeaderElection.java:askForVotes(178)) - 73e75fb6-f1d7-4311-b684-bd95d4e816a1@group-1BF4C328EE0E-LeaderElection47: begin an election at term 17 for -1: [73e75fb6-f1d7-4311-b684-bd95d4e816a1:192.168.69.104:34728, 317a9921-db1c-43a7-b546-bfd5748728d7:192.168.69.104:33231, 39c5c445-cd83-4942-987d-d462f81a24e8:192.168.69.104:40343], old=null
2019-10-16 06:58:26,855 [grpc-default-executor-3] INFO  impl.RaftServerImpl (RaftServerImpl.java:setRole(184)) - 317a9921-db1c-43a7-b546-bfd5748728d7@group-1BF4C328EE0E: changes role from  FOLLOWER to FOLLOWER at term 17 for recognizeCandidate:73e75fb6-f1d7-4311-b684-bd95d4e816a1
2019-10-16 06:58:26,855 [grpc-default-executor-3] INFO  impl.RoleInfo (RoleInfo.java:shutdownFollowerState(121)) - 317a9921-db1c-43a7-b546-bfd5748728d7: shutdown FollowerState
2019-10-16 06:58:26,855 [grpc-default-executor-2] INFO  impl.RaftServerImpl (RaftServerImpl.java:setRole(184)) - 39c5c445-cd83-4942-987d-d462f81a24e8@group-1BF4C328EE0E: changes role from  FOLLOWER to FOLLOWER at term 17 for recognizeCandidate:73e75fb6-f1d7-4311-b684-bd95d4e816a1
2019-10-16 06:58:26,855 [Thread-1451] INFO  impl.FollowerState (FollowerState.java:run(117)) - 317a9921-db1c-43a7-b546-bfd5748728d7@group-1BF4C328EE0E-FollowerState was interrupted: java.lang.InterruptedException: sleep interrupted
2019-10-16 06:58:26,855 [grpc-default-executor-3] INFO  impl.RoleInfo (RoleInfo.java:updateAndGet(143)) - 317a9921-db1c-43a7-b546-bfd5748728d7: start FollowerState
2019-10-16 06:58:26,855 [grpc-default-executor-2] INFO  impl.RoleInfo (RoleInfo.java:shutdownFollowerState(121)) - 39c5c445-cd83-4942-987d-d462f81a24e8: shutdown FollowerState
2019-10-16 06:58:26,855 [grpc-default-executor-2] INFO  impl.RoleInfo (RoleInfo.java:updateAndGet(143)) - 39c5c445-cd83-4942-987d-d462f81a24e8: start FollowerState
2019-10-16 06:58:26,855 [Thread-1450] INFO  impl.FollowerState (FollowerState.java:run(117)) - 39c5c445-cd83-4942-987d-d462f81a24e8@group-1BF4C328EE0E-FollowerState was interrupted: java.lang.InterruptedException: sleep interrupted
2019-10-16 06:58:26,873 [73e75fb6-f1d7-4311-b684-bd95d4e816a1@group-1BF4C328EE0E-LeaderElection47] INFO  impl.LeaderElection (LeaderElection.java:logAndReturn(56)) - 73e75fb6-f1d7-4311-b684-bd95d4e816a1@group-1BF4C328EE0E-LeaderElection47: Election REJECTED; received 2 response(s) [73e75fb6-f1d7-4311-b684-bd95d4e816a1<-317a9921-db1c-43a7-b546-bfd5748728d7#0:FAIL-t17, 73e75fb6-f1d7-4311-b684-bd95d4e816a1<-39c5c445-cd83-4942-987d-d462f81a24e8#0:FAIL-t17] and 0 exception(s); 73e75fb6-f1d7-4311-b684-bd95d4e816a1@group-1BF4C328EE0E:t17, leader=null, voted=73e75fb6-f1d7-4311-b684-bd95d4e816a1, raftlog=73e75fb6-f1d7-4311-b684-bd95d4e816a1@group-1BF4C328EE0E-SegmentedRaftLog:OPENED:c-1,f-1,i0, conf=-1: [73e75fb6-f1d7-4311-b684-bd95d4e816a1:192.168.69.104:34728, 317a9921-db1c-43a7-b546-bfd5748728d7:192.168.69.104:33231, 39c5c445-cd83-4942-987d-d462f81a24e8:192.168.69.104:40343], old=null
2019-10-16 06:58:26,873 [73e75fb6-f1d7-4311-b684-bd95d4e816a1@group-1BF4C328EE0E-LeaderElection47] INFO  impl.RaftServerImpl (RaftServerImpl.java:setRole(184)) - 73e75fb6-f1d7-4311-b684-bd95d4e816a1@group-1BF4C328EE0E: changes role from CANDIDATE to FOLLOWER at term 17 for DISCOVERED_A_NEW_TERM
2019-10-16 06:58:26,873 [73e75fb6-f1d7-4311-b684-bd95d4e816a1@group-1BF4C328EE0E-LeaderElection47] INFO  impl.RoleInfo (RoleInfo.java:shutdownLeaderElection(134)) - 73e75fb6-f1d7-4311-b684-bd95d4e816a1: shutdown LeaderElection
2019-10-16 06:58:26,873 [73e75fb6-f1d7-4311-b684-bd95d4e816a1@group-1BF4C328EE0E-LeaderElection47] INFO  impl.RoleInfo (RoleInfo.java:updateAndGet(143)) - 73e75fb6-f1d7-4311-b684-bd95d4e816a1: start FollowerState
2019-10-16 06:58:27,042 [Thread-1458] INFO  impl.FollowerState (FollowerState.java:run(108)) - 73e75fb6-f1d7-4311-b684-bd95d4e816a1@group-1BF4C328EE0E-FollowerState: change to CANDIDATE, lastRpcTime:168ms, electionTimeout:168ms
2019-10-16 06:58:27,042 [Thread-1458] INFO  impl.RoleInfo (RoleInfo.java:shutdownFollowerState(121)) - 73e75fb6-f1d7-4311-b684-bd95d4e816a1: shutdown FollowerState
2019-10-16 06:58:27,042 [Thread-1458] INFO  impl.RaftServerImpl (RaftServerImpl.java:setRole(184)) - 73e75fb6-f1d7-4311-b684-bd95d4e816a1@group-1BF4C328EE0E: changes role from  FOLLOWER to CANDIDATE at term 17 for changeToCandidate
2019-10-16 06:58:27,042 [Thread-1458] INFO  impl.RoleInfo (RoleInfo.java:updateAndGet(143)) - 73e75fb6-f1d7-4311-b684-bd95d4e816a1: start LeaderElection
2019-10-16 06:58:27,064 [73e75fb6-f1d7-4311-b684-bd95d4e816a1@group-1BF4C328EE0E-LeaderElection48] INFO  impl.LeaderElection (LeaderElection.java:askForVotes(178)) - 73e75fb6-f1d7-4311-b684-bd95d4e816a1@group-1BF4C328EE0E-LeaderElection48: begin an election at term 18 for -1: [73e75fb6-f1d7-4311-b684-bd95d4e816a1:192.168.69.104:34728, 317a9921-db1c-43a7-b546-bfd5748728d7:192.168.69.104:33231, 39c5c445-cd83-4942-987d-d462f81a24e8:192.168.69.104:40343], old=null
2019-10-16 06:58:27,069 [grpc-default-executor-3] INFO  impl.RaftServerImpl (RaftServerImpl.java:setRole(184)) - 317a9921-db1c-43a7-b546-bfd5748728d7@group-1BF4C328EE0E: changes role from  FOLLOWER to FOLLOWER at term 18 for recognizeCandidate:73e75fb6-f1d7-4311-b684-bd95d4e816a1
2019-10-16 06:58:27,069 [grpc-default-executor-2] INFO  impl.RaftServerImpl (RaftServerImpl.java:setRole(184)) - 39c5c445-cd83-4942-987d-d462f81a24e8@group-1BF4C328EE0E: changes role from  FOLLOWER to FOLLOWER at term 18 for recognizeCandidate:73e75fb6-f1d7-4311-b684-bd95d4e816a1
2019-10-16 06:58:27,069 [grpc-default-executor-3] INFO  impl.RoleInfo (RoleInfo.java:shutdownFollowerState(121)) - 317a9921-db1c-43a7-b546-bfd5748728d7: shutdown FollowerState
2019-10-16 06:58:27,069 [grpc-default-executor-2] INFO  impl.RoleInfo (RoleInfo.java:shutdownFollowerState(121)) - 39c5c445-cd83-4942-987d-d462f81a24e8: shutdown FollowerState
2019-10-16 06:58:27,069 [Thread-1456] INFO  impl.FollowerState (FollowerState.java:run(117)) - 317a9921-db1c-43a7-b546-bfd5748728d7@group-1BF4C328EE0E-FollowerState was interrupted: java.lang.InterruptedException: sleep interrupted
2019-10-16 06:58:27,069 [grpc-default-executor-2] INFO  impl.RoleInfo (RoleInfo.java:updateAndGet(143)) - 39c5c445-cd83-4942-987d-d462f81a24e8: start FollowerState
2019-10-16 06:58:27,069 [grpc-default-executor-3] INFO  impl.RoleInfo (RoleInfo.java:updateAndGet(143)) - 317a9921-db1c-43a7-b546-bfd5748728d7: start FollowerState
2019-10-16 06:58:27,069 [Thread-1457] INFO  impl.FollowerState (FollowerState.java:run(117)) - 39c5c445-cd83-4942-987d-d462f81a24e8@group-1BF4C328EE0E-FollowerState was interrupted: java.lang.InterruptedException: sleep interrupted
2019-10-16 06:58:27,096 [73e75fb6-f1d7-4311-b684-bd95d4e816a1@group-1BF4C328EE0E-LeaderElection48] INFO  impl.LeaderElection (LeaderElection.java:logAndReturn(56)) - 73e75fb6-f1d7-4311-b684-bd95d4e816a1@group-1BF4C328EE0E-LeaderElection48: Election REJECTED; received 2 response(s) [73e75fb6-f1d7-4311-b684-bd95d4e816a1<-317a9921-db1c-43a7-b546-bfd5748728d7#0:FAIL-t18, 73e75fb6-f1d7-4311-b684-bd95d4e816a1<-39c5c445-cd83-4942-987d-d462f81a24e8#0:FAIL-t18] and 0 exception(s); 73e75fb6-f1d7-4311-b684-bd95d4e816a1@group-1BF4C328EE0E:t18, leader=null, voted=73e75fb6-f1d7-4311-b684-bd95d4e816a1, raftlog=73e75fb6-f1d7-4311-b684-bd95d4e816a1@group-1BF4C328EE0E-SegmentedRaftLog:OPENED:c-1,f-1,i0, conf=-1: [73e75fb6-f1d7-4311-b684-bd95d4e816a1:192.168.69.104:34728, 317a9921-db1c-43a7-b546-bfd5748728d7:192.168.69.104:33231, 39c5c445-cd83-4942-987d-d462f81a24e8:192.168.69.104:40343], old=null
2019-10-16 06:58:27,096 [73e75fb6-f1d7-4311-b684-bd95d4e816a1@group-1BF4C328EE0E-LeaderElection48] INFO  impl.RaftServerImpl (RaftServerImpl.java:setRole(184)) - 73e75fb6-f1d7-4311-b684-bd95d4e816a1@group-1BF4C328EE0E: changes role from CANDIDATE to FOLLOWER at term 18 for DISCOVERED_A_NEW_TERM
2019-10-16 06:58:27,096 [73e75fb6-f1d7-4311-b684-bd95d4e816a1@group-1BF4C328EE0E-LeaderElection48] INFO  impl.RoleInfo (RoleInfo.java:shutdownLeaderElection(134)) - 73e75fb6-f1d7-4311-b684-bd95d4e816a1: shutdown LeaderElection
2019-10-16 06:58:27,097 [73e75fb6-f1d7-4311-b684-bd95d4e816a1@group-1BF4C328EE0E-LeaderElection48] INFO  impl.RoleInfo (RoleInfo.java:updateAndGet(143)) - 73e75fb6-f1d7-4311-b684-bd95d4e816a1: start FollowerState
2019-10-16 06:58:27,248 [Thread-1464] INFO  impl.FollowerState (FollowerState.java:run(108)) - 73e75fb6-f1d7-4311-b684-bd95d4e816a1@group-1BF4C328EE0E-FollowerState: change to CANDIDATE, lastRpcTime:151ms, electionTimeout:151ms
2019-10-16 06:58:27,248 [Thread-1464] INFO  impl.RoleInfo (RoleInfo.java:shutdownFollowerState(121)) - 73e75fb6-f1d7-4311-b684-bd95d4e816a1: shutdown FollowerState
2019-10-16 06:58:27,248 [Thread-1464] INFO  impl.RaftServerImpl (RaftServerImpl.java:setRole(184)) - 73e75fb6-f1d7-4311-b684-bd95d4e816a1@group-1BF4C328EE0E: changes role from  FOLLOWER to CANDIDATE at term 18 for changeToCandidate
2019-10-16 06:58:27,248 [Thread-1464] INFO  impl.RoleInfo (RoleInfo.java:updateAndGet(143)) - 73e75fb6-f1d7-4311-b684-bd95d4e816a1: start LeaderElection
2019-10-16 06:58:27,261 [Thread-1323] INFO  container.ReplicationManager (ReplicationManager.java:start(162)) - Starting Replication Monitor Thread.
2019-10-16 06:58:27,264 [73e75fb6-f1d7-4311-b684-bd95d4e816a1@group-1BF4C328EE0E-LeaderElection49] INFO  impl.LeaderElection (LeaderElection.java:askForVotes(178)) - 73e75fb6-f1d7-4311-b684-bd95d4e816a1@group-1BF4C328EE0E-LeaderElection49: begin an election at term 19 for -1: [73e75fb6-f1d7-4311-b684-bd95d4e816a1:192.168.69.104:34728, 317a9921-db1c-43a7-b546-bfd5748728d7:192.168.69.104:33231, 39c5c445-cd83-4942-987d-d462f81a24e8:192.168.69.104:40343], old=null
2019-10-16 06:58:27,264 [ReplicationMonitor] INFO  container.ReplicationManager (ReplicationManager.java:run(225)) - Replication Monitor Thread took 0 milliseconds for processing 1 containers.
2019-10-16 06:58:27,266 [grpc-default-executor-3] INFO  impl.RaftServerImpl (RaftServerImpl.java:setRole(184)) - 39c5c445-cd83-4942-987d-d462f81a24e8@group-1BF4C328EE0E: changes role from  FOLLOWER to FOLLOWER at term 19 for recognizeCandidate:73e75fb6-f1d7-4311-b684-bd95d4e816a1
2019-10-16 06:58:27,266 [grpc-default-executor-2] INFO  impl.RaftServerImpl (RaftServerImpl.java:setRole(184)) - 317a9921-db1c-43a7-b546-bfd5748728d7@group-1BF4C328EE0E: changes role from  FOLLOWER to FOLLOWER at term 19 for recognizeCandidate:73e75fb6-f1d7-4311-b684-bd95d4e816a1
2019-10-16 06:58:27,267 [grpc-default-executor-3] INFO  impl.RoleInfo (RoleInfo.java:shutdownFollowerState(121)) - 39c5c445-cd83-4942-987d-d462f81a24e8: shutdown FollowerState
2019-10-16 06:58:27,267 [grpc-default-executor-2] INFO  impl.RoleInfo (RoleInfo.java:shutdownFollowerState(121)) - 317a9921-db1c-43a7-b546-bfd5748728d7: shutdown FollowerState
2019-10-16 06:58:27,267 [Thread-1463] INFO  impl.FollowerState (FollowerState.java:run(117)) - 39c5c445-cd83-4942-987d-d462f81a24e8@group-1BF4C328EE0E-FollowerState was interrupted: java.lang.InterruptedException: sleep interrupted
2019-10-16 06:58:27,267 [grpc-default-executor-3] INFO  impl.RoleInfo (RoleInfo.java:updateAndGet(143)) - 39c5c445-cd83-4942-987d-d462f81a24e8: start FollowerState
2019-10-16 06:58:27,267 [grpc-default-executor-2] INFO  impl.RoleInfo (RoleInfo.java:updateAndGet(143)) - 317a9921-db1c-43a7-b546-bfd5748728d7: start FollowerState
2019-10-16 06:58:27,267 [Thread-1462] INFO  impl.FollowerState (FollowerState.java:run(117)) - 317a9921-db1c-43a7-b546-bfd5748728d7@group-1BF4C328EE0E-FollowerState was interrupted: java.lang.InterruptedException: sleep interrupted
2019-10-16 06:58:27,282 [73e75fb6-f1d7-4311-b684-bd95d4e816a1@group-1BF4C328EE0E-LeaderElection49] INFO  impl.LeaderElection (LeaderElection.java:logAndReturn(56)) - 73e75fb6-f1d7-4311-b684-bd95d4e816a1@group-1BF4C328EE0E-LeaderElection49: Election REJECTED; received 2 response(s) [73e75fb6-f1d7-4311-b684-bd95d4e816a1<-317a9921-db1c-43a7-b546-bfd5748728d7#0:FAIL-t19, 73e75fb6-f1d7-4311-b684-bd95d4e816a1<-39c5c445-cd83-4942-987d-d462f81a24e8#0:FAIL-t19] and 0 exception(s); 73e75fb6-f1d7-4311-b684-bd95d4e816a1@group-1BF4C328EE0E:t19, leader=null, voted=73e75fb6-f1d7-4311-b684-bd95d4e816a1, raftlog=73e75fb6-f1d7-4311-b684-bd95d4e816a1@group-1BF4C328EE0E-SegmentedRaftLog:OPENED:c-1,f-1,i0, conf=-1: [73e75fb6-f1d7-4311-b684-bd95d4e816a1:192.168.69.104:34728, 317a9921-db1c-43a7-b546-bfd5748728d7:192.168.69.104:33231, 39c5c445-cd83-4942-987d-d462f81a24e8:192.168.69.104:40343], old=null
2019-10-16 06:58:27,283 [73e75fb6-f1d7-4311-b684-bd95d4e816a1@group-1BF4C328EE0E-LeaderElection49] INFO  impl.RaftServerImpl (RaftServerImpl.java:setRole(184)) - 73e75fb6-f1d7-4311-b684-bd95d4e816a1@group-1BF4C328EE0E: changes role from CANDIDATE to FOLLOWER at term 19 for DISCOVERED_A_NEW_TERM
2019-10-16 06:58:27,283 [73e75fb6-f1d7-4311-b684-bd95d4e816a1@group-1BF4C328EE0E-LeaderElection49] INFO  impl.RoleInfo (RoleInfo.java:shutdownLeaderElection(134)) - 73e75fb6-f1d7-4311-b684-bd95d4e816a1: shutdown LeaderElection
2019-10-16 06:58:27,283 [73e75fb6-f1d7-4311-b684-bd95d4e816a1@group-1BF4C328EE0E-LeaderElection49] INFO  impl.RoleInfo (RoleInfo.java:updateAndGet(143)) - 73e75fb6-f1d7-4311-b684-bd95d4e816a1: start FollowerState
2019-10-16 06:58:27,385 [Thread-1471] INFO  impl.FollowerState (FollowerState.java:run(108)) - 73e75fb6-f1d7-4311-b684-bd95d4e816a1@group-1BF4C328EE0E-FollowerState: change to CANDIDATE, lastRpcTime:102ms, electionTimeout:102ms
2019-10-16 06:58:27,385 [Thread-1471] INFO  impl.RoleInfo (RoleInfo.java:shutdownFollowerState(121)) - 73e75fb6-f1d7-4311-b684-bd95d4e816a1: shutdown FollowerState
2019-10-16 06:58:27,386 [Thread-1471] INFO  impl.RaftServerImpl (RaftServerImpl.java:setRole(184)) - 73e75fb6-f1d7-4311-b684-bd95d4e816a1@group-1BF4C328EE0E: changes role from  FOLLOWER to CANDIDATE at term 19 for changeToCandidate
2019-10-16 06:58:27,386 [Thread-1471] INFO  impl.RoleInfo (RoleInfo.java:updateAndGet(143)) - 73e75fb6-f1d7-4311-b684-bd95d4e816a1: start LeaderElection
2019-10-16 06:58:27,406 [73e75fb6-f1d7-4311-b684-bd95d4e816a1@group-1BF4C328EE0E-LeaderElection50] INFO  impl.LeaderElection (LeaderElection.java:askForVotes(178)) - 73e75fb6-f1d7-4311-b684-bd95d4e816a1@group-1BF4C328EE0E-LeaderElection50: begin an election at term 20 for -1: [73e75fb6-f1d7-4311-b684-bd95d4e816a1:192.168.69.104:34728, 317a9921-db1c-43a7-b546-bfd5748728d7:192.168.69.104:33231, 39c5c445-cd83-4942-987d-d462f81a24e8:192.168.69.104:40343], old=null
2019-10-16 06:58:27,410 [grpc-default-executor-3] INFO  impl.RaftServerImpl (RaftServerImpl.java:setRole(184)) - 317a9921-db1c-43a7-b546-bfd5748728d7@group-1BF4C328EE0E: changes role from  FOLLOWER to FOLLOWER at term 20 for recognizeCandidate:73e75fb6-f1d7-4311-b684-bd95d4e816a1
2019-10-16 06:58:27,410 [grpc-default-executor-2] INFO  impl.RaftServerImpl (RaftServerImpl.java:setRole(184)) - 39c5c445-cd83-4942-987d-d462f81a24e8@group-1BF4C328EE0E: changes role from  FOLLOWER to FOLLOWER at term 20 for recognizeCandidate:73e75fb6-f1d7-4311-b684-bd95d4e816a1
2019-10-16 06:58:27,410 [grpc-default-executor-3] INFO  impl.RoleInfo (RoleInfo.java:shutdownFollowerState(121)) - 317a9921-db1c-43a7-b546-bfd5748728d7: shutdown FollowerState
2019-10-16 06:58:27,410 [grpc-default-executor-2] INFO  impl.RoleInfo (RoleInfo.java:shutdownFollowerState(121)) - 39c5c445-cd83-4942-987d-d462f81a24e8: shutdown FollowerState
2019-10-16 06:58:27,410 [Thread-1470] INFO  impl.FollowerState (FollowerState.java:run(117)) - 317a9921-db1c-43a7-b546-bfd5748728d7@group-1BF4C328EE0E-FollowerState was interrupted: java.lang.InterruptedException: sleep interrupted
2019-10-16 06:58:27,411 [Thread-1469] INFO  impl.FollowerState (FollowerState.java:run(117)) - 39c5c445-cd83-4942-987d-d462f81a24e8@group-1BF4C328EE0E-FollowerState was interrupted: java.lang.InterruptedException: sleep interrupted
2019-10-16 06:58:27,410 [grpc-default-executor-3] INFO  impl.RoleInfo (RoleInfo.java:updateAndGet(143)) - 317a9921-db1c-43a7-b546-bfd5748728d7: start FollowerState
2019-10-16 06:58:27,410 [grpc-default-executor-2] INFO  impl.RoleInfo (RoleInfo.java:updateAndGet(143)) - 39c5c445-cd83-4942-987d-d462f81a24e8: start FollowerState
2019-10-16 06:58:27,426 [73e75fb6-f1d7-4311-b684-bd95d4e816a1@group-1BF4C328EE0E-LeaderElection50] INFO  impl.LeaderElection (LeaderElection.java:logAndReturn(56)) - 73e75fb6-f1d7-4311-b684-bd95d4e816a1@group-1BF4C328EE0E-LeaderElection50: Election REJECTED; received 2 response(s) [73e75fb6-f1d7-4311-b684-bd95d4e816a1<-317a9921-db1c-43a7-b546-bfd5748728d7#0:FAIL-t20, 73e75fb6-f1d7-4311-b684-bd95d4e816a1<-39c5c445-cd83-4942-987d-d462f81a24e8#0:FAIL-t20] and 0 exception(s); 73e75fb6-f1d7-4311-b684-bd95d4e816a1@group-1BF4C328EE0E:t20, leader=null, voted=73e75fb6-f1d7-4311-b684-bd95d4e816a1, raftlog=73e75fb6-f1d7-4311-b684-bd95d4e816a1@group-1BF4C328EE0E-SegmentedRaftLog:OPENED:c-1,f-1,i0, conf=-1: [73e75fb6-f1d7-4311-b684-bd95d4e816a1:192.168.69.104:34728, 317a9921-db1c-43a7-b546-bfd5748728d7:192.168.69.104:33231, 39c5c445-cd83-4942-987d-d462f81a24e8:192.168.69.104:40343], old=null
2019-10-16 06:58:27,426 [73e75fb6-f1d7-4311-b684-bd95d4e816a1@group-1BF4C328EE0E-LeaderElection50] INFO  impl.RaftServerImpl (RaftServerImpl.java:setRole(184)) - 73e75fb6-f1d7-4311-b684-bd95d4e816a1@group-1BF4C328EE0E: changes role from CANDIDATE to FOLLOWER at term 20 for DISCOVERED_A_NEW_TERM
2019-10-16 06:58:27,427 [73e75fb6-f1d7-4311-b684-bd95d4e816a1@group-1BF4C328EE0E-LeaderElection50] INFO  impl.RoleInfo (RoleInfo.java:shutdownLeaderElection(134)) - 73e75fb6-f1d7-4311-b684-bd95d4e816a1: shutdown LeaderElection
2019-10-16 06:58:27,427 [73e75fb6-f1d7-4311-b684-bd95d4e816a1@group-1BF4C328EE0E-LeaderElection50] INFO  impl.RoleInfo (RoleInfo.java:updateAndGet(143)) - 73e75fb6-f1d7-4311-b684-bd95d4e816a1: start FollowerState
2019-10-16 06:58:27,462 [Thread-1477] INFO  impl.FollowerState (FollowerState.java:run(108)) - 73e75fb6-f1d7-4311-b684-bd95d4e816a1@group-1BF4C328EE0E-FollowerState: change to CANDIDATE, lastRpcTime:35ms, electionTimeout:35ms
2019-10-16 06:58:27,462 [Thread-1477] INFO  impl.RoleInfo (RoleInfo.java:shutdownFollowerState(121)) - 73e75fb6-f1d7-4311-b684-bd95d4e816a1: shutdown FollowerState
2019-10-16 06:58:27,462 [Thread-1477] INFO  impl.RaftServerImpl (RaftServerImpl.java:setRole(184)) - 73e75fb6-f1d7-4311-b684-bd95d4e816a1@group-1BF4C328EE0E: changes role from  FOLLOWER to CANDIDATE at term 20 for changeToCandidate
2019-10-16 06:58:27,462 [Thread-1477] INFO  impl.RoleInfo (RoleInfo.java:updateAndGet(143)) - 73e75fb6-f1d7-4311-b684-bd95d4e816a1: start LeaderElection
2019-10-16 06:58:27,476 [73e75fb6-f1d7-4311-b684-bd95d4e816a1@group-1BF4C328EE0E-LeaderElection51] INFO  impl.LeaderElection (LeaderElection.java:askForVotes(178)) - 73e75fb6-f1d7-4311-b684-bd95d4e816a1@group-1BF4C328EE0E-LeaderElection51: begin an election at term 21 for -1: [73e75fb6-f1d7-4311-b684-bd95d4e816a1:192.168.69.104:34728, 317a9921-db1c-43a7-b546-bfd5748728d7:192.168.69.104:33231, 39c5c445-cd83-4942-987d-d462f81a24e8:192.168.69.104:40343], old=null
2019-10-16 06:58:27,478 [grpc-default-executor-3] INFO  impl.RaftServerImpl (RaftServerImpl.java:setRole(184)) - 317a9921-db1c-43a7-b546-bfd5748728d7@group-1BF4C328EE0E: changes role from  FOLLOWER to FOLLOWER at term 21 for recognizeCandidate:73e75fb6-f1d7-4311-b684-bd95d4e816a1
2019-10-16 06:58:27,478 [grpc-default-executor-2] INFO  impl.RaftServerImpl (RaftServerImpl.java:setRole(184)) - 39c5c445-cd83-4942-987d-d462f81a24e8@group-1BF4C328EE0E: changes role from  FOLLOWER to FOLLOWER at term 21 for recognizeCandidate:73e75fb6-f1d7-4311-b684-bd95d4e816a1
2019-10-16 06:58:27,478 [grpc-default-executor-3] INFO  impl.RoleInfo (RoleInfo.java:shutdownFollowerState(121)) - 317a9921-db1c-43a7-b546-bfd5748728d7: shutdown FollowerState
2019-10-16 06:58:27,478 [grpc-default-executor-2] INFO  impl.RoleInfo (RoleInfo.java:shutdownFollowerState(121)) - 39c5c445-cd83-4942-987d-d462f81a24e8: shutdown FollowerState
2019-10-16 06:58:27,478 [Thread-1475] INFO  impl.FollowerState (FollowerState.java:run(117)) - 317a9921-db1c-43a7-b546-bfd5748728d7@group-1BF4C328EE0E-FollowerState was interrupted: java.lang.InterruptedException: sleep interrupted
2019-10-16 06:58:27,478 [grpc-default-executor-3] INFO  impl.RoleInfo (RoleInfo.java:updateAndGet(143)) - 317a9921-db1c-43a7-b546-bfd5748728d7: start FollowerState
2019-10-16 06:58:27,479 [Thread-1476] INFO  impl.FollowerState (FollowerState.java:run(117)) - 39c5c445-cd83-4942-987d-d462f81a24e8@group-1BF4C328EE0E-FollowerState was interrupted: java.lang.InterruptedException: sleep interrupted
2019-10-16 06:58:27,479 [grpc-default-executor-2] INFO  impl.RoleInfo (RoleInfo.java:updateAndGet(143)) - 39c5c445-cd83-4942-987d-d462f81a24e8: start FollowerState
2019-10-16 06:58:27,494 [73e75fb6-f1d7-4311-b684-bd95d4e816a1@group-1BF4C328EE0E-LeaderElection51] INFO  impl.LeaderElection (LeaderElection.java:logAndReturn(56)) - 73e75fb6-f1d7-4311-b684-bd95d4e816a1@group-1BF4C328EE0E-LeaderElection51: Election REJECTED; received 2 response(s) [73e75fb6-f1d7-4311-b684-bd95d4e816a1<-317a9921-db1c-43a7-b546-bfd5748728d7#0:FAIL-t21, 73e75fb6-f1d7-4311-b684-bd95d4e816a1<-39c5c445-cd83-4942-987d-d462f81a24e8#0:FAIL-t21] and 0 exception(s); 73e75fb6-f1d7-4311-b684-bd95d4e816a1@group-1BF4C328EE0E:t21, leader=null, voted=73e75fb6-f1d7-4311-b684-bd95d4e816a1, raftlog=73e75fb6-f1d7-4311-b684-bd95d4e816a1@group-1BF4C328EE0E-SegmentedRaftLog:OPENED:c-1,f-1,i0, conf=-1: [73e75fb6-f1d7-4311-b684-bd95d4e816a1:192.168.69.104:34728, 317a9921-db1c-43a7-b546-bfd5748728d7:192.168.69.104:33231, 39c5c445-cd83-4942-987d-d462f81a24e8:192.168.69.104:40343], old=null
2019-10-16 06:58:27,494 [73e75fb6-f1d7-4311-b684-bd95d4e816a1@group-1BF4C328EE0E-LeaderElection51] INFO  impl.RaftServerImpl (RaftServerImpl.java:setRole(184)) - 73e75fb6-f1d7-4311-b684-bd95d4e816a1@group-1BF4C328EE0E: changes role from CANDIDATE to FOLLOWER at term 21 for DISCOVERED_A_NEW_TERM
2019-10-16 06:58:27,494 [73e75fb6-f1d7-4311-b684-bd95d4e816a1@group-1BF4C328EE0E-LeaderElection51] INFO  impl.RoleInfo (RoleInfo.java:shutdownLeaderElection(134)) - 73e75fb6-f1d7-4311-b684-bd95d4e816a1: shutdown LeaderElection
2019-10-16 06:58:27,494 [73e75fb6-f1d7-4311-b684-bd95d4e816a1@group-1BF4C328EE0E-LeaderElection51] INFO  impl.RoleInfo (RoleInfo.java:updateAndGet(143)) - 73e75fb6-f1d7-4311-b684-bd95d4e816a1: start FollowerState
2019-10-16 06:58:27,550 [Thread-1483] INFO  impl.FollowerState (FollowerState.java:run(108)) - 73e75fb6-f1d7-4311-b684-bd95d4e816a1@group-1BF4C328EE0E-FollowerState: change to CANDIDATE, lastRpcTime:55ms, electionTimeout:55ms
2019-10-16 06:58:27,550 [Thread-1483] INFO  impl.RoleInfo (RoleInfo.java:shutdownFollowerState(121)) - 73e75fb6-f1d7-4311-b684-bd95d4e816a1: shutdown FollowerState
2019-10-16 06:58:27,550 [Thread-1483] INFO  impl.RaftServerImpl (RaftServerImpl.java:setRole(184)) - 73e75fb6-f1d7-4311-b684-bd95d4e816a1@group-1BF4C328EE0E: changes role from  FOLLOWER to CANDIDATE at term 21 for changeToCandidate
2019-10-16 06:58:27,550 [Thread-1483] INFO  impl.RoleInfo (RoleInfo.java:updateAndGet(143)) - 73e75fb6-f1d7-4311-b684-bd95d4e816a1: start LeaderElection
2019-10-16 06:58:27,563 [73e75fb6-f1d7-4311-b684-bd95d4e816a1@group-1BF4C328EE0E-LeaderElection52] INFO  impl.LeaderElection (LeaderElection.java:askForVotes(178)) - 73e75fb6-f1d7-4311-b684-bd95d4e816a1@group-1BF4C328EE0E-LeaderElection52: begin an election at term 22 for -1: [73e75fb6-f1d7-4311-b684-bd95d4e816a1:192.168.69.104:34728, 317a9921-db1c-43a7-b546-bfd5748728d7:192.168.69.104:33231, 39c5c445-cd83-4942-987d-d462f81a24e8:192.168.69.104:40343], old=null
2019-10-16 06:58:27,568 [grpc-default-executor-2] INFO  impl.RaftServerImpl (RaftServerImpl.java:setRole(184)) - 39c5c445-cd83-4942-987d-d462f81a24e8@group-1BF4C328EE0E: changes role from  FOLLOWER to FOLLOWER at term 22 for recognizeCandidate:73e75fb6-f1d7-4311-b684-bd95d4e816a1
2019-10-16 06:58:27,568 [grpc-default-executor-3] INFO  impl.RaftServerImpl (RaftServerImpl.java:setRole(184)) - 317a9921-db1c-43a7-b546-bfd5748728d7@group-1BF4C328EE0E: changes role from  FOLLOWER to FOLLOWER at term 22 for recognizeCandidate:73e75fb6-f1d7-4311-b684-bd95d4e816a1
2019-10-16 06:58:27,568 [grpc-default-executor-2] INFO  impl.RoleInfo (RoleInfo.java:shutdownFollowerState(121)) - 39c5c445-cd83-4942-987d-d462f81a24e8: shutdown FollowerState
2019-10-16 06:58:27,568 [grpc-default-executor-3] INFO  impl.RoleInfo (RoleInfo.java:shutdownFollowerState(121)) - 317a9921-db1c-43a7-b546-bfd5748728d7: shutdown FollowerState
2019-10-16 06:58:27,568 [grpc-default-executor-2] INFO  impl.RoleInfo (RoleInfo.java:updateAndGet(143)) - 39c5c445-cd83-4942-987d-d462f81a24e8: start FollowerState
2019-10-16 06:58:27,568 [Thread-1482] INFO  impl.FollowerState (FollowerState.java:run(117)) - 39c5c445-cd83-4942-987d-d462f81a24e8@group-1BF4C328EE0E-FollowerState was interrupted: java.lang.InterruptedException: sleep interrupted
2019-10-16 06:58:27,568 [Thread-1481] INFO  impl.FollowerState (FollowerState.java:run(117)) - 317a9921-db1c-43a7-b546-bfd5748728d7@group-1BF4C328EE0E-FollowerState was interrupted: java.lang.InterruptedException: sleep interrupted
2019-10-16 06:58:27,568 [grpc-default-executor-3] INFO  impl.RoleInfo (RoleInfo.java:updateAndGet(143)) - 317a9921-db1c-43a7-b546-bfd5748728d7: start FollowerState
2019-10-16 06:58:27,591 [73e75fb6-f1d7-4311-b684-bd95d4e816a1@group-1BF4C328EE0E-LeaderElection52] INFO  impl.LeaderElection (LeaderElection.java:logAndReturn(56)) - 73e75fb6-f1d7-4311-b684-bd95d4e816a1@group-1BF4C328EE0E-LeaderElection52: Election REJECTED; received 2 response(s) [73e75fb6-f1d7-4311-b684-bd95d4e816a1<-317a9921-db1c-43a7-b546-bfd5748728d7#0:FAIL-t22, 73e75fb6-f1d7-4311-b684-bd95d4e816a1<-39c5c445-cd83-4942-987d-d462f81a24e8#0:FAIL-t22] and 0 exception(s); 73e75fb6-f1d7-4311-b684-bd95d4e816a1@group-1BF4C328EE0E:t22, leader=null, voted=73e75fb6-f1d7-4311-b684-bd95d4e816a1, raftlog=73e75fb6-f1d7-4311-b684-bd95d4e816a1@group-1BF4C328EE0E-SegmentedRaftLog:OPENED:c-1,f-1,i0, conf=-1: [73e75fb6-f1d7-4311-b684-bd95d4e816a1:192.168.69.104:34728, 317a9921-db1c-43a7-b546-bfd5748728d7:192.168.69.104:33231, 39c5c445-cd83-4942-987d-d462f81a24e8:192.168.69.104:40343], old=null
2019-10-16 06:58:27,591 [73e75fb6-f1d7-4311-b684-bd95d4e816a1@group-1BF4C328EE0E-LeaderElection52] INFO  impl.RaftServerImpl (RaftServerImpl.java:setRole(184)) - 73e75fb6-f1d7-4311-b684-bd95d4e816a1@group-1BF4C328EE0E: changes role from CANDIDATE to FOLLOWER at term 22 for DISCOVERED_A_NEW_TERM
2019-10-16 06:58:27,591 [73e75fb6-f1d7-4311-b684-bd95d4e816a1@group-1BF4C328EE0E-LeaderElection52] INFO  impl.RoleInfo (RoleInfo.java:shutdownLeaderElection(134)) - 73e75fb6-f1d7-4311-b684-bd95d4e816a1: shutdown LeaderElection
2019-10-16 06:58:27,591 [73e75fb6-f1d7-4311-b684-bd95d4e816a1@group-1BF4C328EE0E-LeaderElection52] INFO  impl.RoleInfo (RoleInfo.java:updateAndGet(143)) - 73e75fb6-f1d7-4311-b684-bd95d4e816a1: start FollowerState
2019-10-16 06:58:27,780 [Thread-1489] INFO  impl.FollowerState (FollowerState.java:run(108)) - 73e75fb6-f1d7-4311-b684-bd95d4e816a1@group-1BF4C328EE0E-FollowerState: change to CANDIDATE, lastRpcTime:188ms, electionTimeout:188ms
2019-10-16 06:58:27,780 [Thread-1489] INFO  impl.RoleInfo (RoleInfo.java:shutdownFollowerState(121)) - 73e75fb6-f1d7-4311-b684-bd95d4e816a1: shutdown FollowerState
2019-10-16 06:58:27,780 [Thread-1489] INFO  impl.RaftServerImpl (RaftServerImpl.java:setRole(184)) - 73e75fb6-f1d7-4311-b684-bd95d4e816a1@group-1BF4C328EE0E: changes role from  FOLLOWER to CANDIDATE at term 22 for changeToCandidate
2019-10-16 06:58:27,780 [Thread-1489] INFO  impl.RoleInfo (RoleInfo.java:updateAndGet(143)) - 73e75fb6-f1d7-4311-b684-bd95d4e816a1: start LeaderElection
2019-10-16 06:58:27,795 [73e75fb6-f1d7-4311-b684-bd95d4e816a1@group-1BF4C328EE0E-LeaderElection53] INFO  impl.LeaderElection (LeaderElection.java:askForVotes(178)) - 73e75fb6-f1d7-4311-b684-bd95d4e816a1@group-1BF4C328EE0E-LeaderElection53: begin an election at term 23 for -1: [73e75fb6-f1d7-4311-b684-bd95d4e816a1:192.168.69.104:34728, 317a9921-db1c-43a7-b546-bfd5748728d7:192.168.69.104:33231, 39c5c445-cd83-4942-987d-d462f81a24e8:192.168.69.104:40343], old=null
2019-10-16 06:58:27,797 [grpc-default-executor-2] INFO  impl.RaftServerImpl (RaftServerImpl.java:setRole(184)) - 317a9921-db1c-43a7-b546-bfd5748728d7@group-1BF4C328EE0E: changes role from  FOLLOWER to FOLLOWER at term 23 for recognizeCandidate:73e75fb6-f1d7-4311-b684-bd95d4e816a1
2019-10-16 06:58:27,797 [grpc-default-executor-3] INFO  impl.RaftServerImpl (RaftServerImpl.java:setRole(184)) - 39c5c445-cd83-4942-987d-d462f81a24e8@group-1BF4C328EE0E: changes role from  FOLLOWER to FOLLOWER at term 23 for recognizeCandidate:73e75fb6-f1d7-4311-b684-bd95d4e816a1
2019-10-16 06:58:27,798 [grpc-default-executor-3] INFO  impl.RoleInfo (RoleInfo.java:shutdownFollowerState(121)) - 39c5c445-cd83-4942-987d-d462f81a24e8: shutdown FollowerState
2019-10-16 06:58:27,798 [grpc-default-executor-2] INFO  impl.RoleInfo (RoleInfo.java:shutdownFollowerState(121)) - 317a9921-db1c-43a7-b546-bfd5748728d7: shutdown FollowerState
2019-10-16 06:58:27,798 [Thread-1487] INFO  impl.FollowerState (FollowerState.java:run(117)) - 39c5c445-cd83-4942-987d-d462f81a24e8@group-1BF4C328EE0E-FollowerState was interrupted: java.lang.InterruptedException: sleep interrupted
2019-10-16 06:58:27,798 [grpc-default-executor-3] INFO  impl.RoleInfo (RoleInfo.java:updateAndGet(143)) - 39c5c445-cd83-4942-987d-d462f81a24e8: start FollowerState
2019-10-16 06:58:27,798 [grpc-default-executor-2] INFO  impl.RoleInfo (RoleInfo.java:updateAndGet(143)) - 317a9921-db1c-43a7-b546-bfd5748728d7: start FollowerState
2019-10-16 06:58:27,798 [Thread-1488] INFO  impl.FollowerState (FollowerState.java:run(117)) - 317a9921-db1c-43a7-b546-bfd5748728d7@group-1BF4C328EE0E-FollowerState was interrupted: java.lang.InterruptedException: sleep interrupted
2019-10-16 06:58:27,813 [73e75fb6-f1d7-4311-b684-bd95d4e816a1@group-1BF4C328EE0E-LeaderElection53] INFO  impl.LeaderElection (LeaderElection.java:logAndReturn(56)) - 73e75fb6-f1d7-4311-b684-bd95d4e816a1@group-1BF4C328EE0E-LeaderElection53: Election REJECTED; received 2 response(s) [73e75fb6-f1d7-4311-b684-bd95d4e816a1<-317a9921-db1c-43a7-b546-bfd5748728d7#0:FAIL-t23, 73e75fb6-f1d7-4311-b684-bd95d4e816a1<-39c5c445-cd83-4942-987d-d462f81a24e8#0:FAIL-t23] and 0 exception(s); 73e75fb6-f1d7-4311-b684-bd95d4e816a1@group-1BF4C328EE0E:t23, leader=null, voted=73e75fb6-f1d7-4311-b684-bd95d4e816a1, raftlog=73e75fb6-f1d7-4311-b684-bd95d4e816a1@group-1BF4C328EE0E-SegmentedRaftLog:OPENED:c-1,f-1,i0, conf=-1: [73e75fb6-f1d7-4311-b684-bd95d4e816a1:192.168.69.104:34728, 317a9921-db1c-43a7-b546-bfd5748728d7:192.168.69.104:33231, 39c5c445-cd83-4942-987d-d462f81a24e8:192.168.69.104:40343], old=null
2019-10-16 06:58:27,813 [73e75fb6-f1d7-4311-b684-bd95d4e816a1@group-1BF4C328EE0E-LeaderElection53] INFO  impl.RaftServerImpl (RaftServerImpl.java:setRole(184)) - 73e75fb6-f1d7-4311-b684-bd95d4e816a1@group-1BF4C328EE0E: changes role from CANDIDATE to FOLLOWER at term 23 for DISCOVERED_A_NEW_TERM
2019-10-16 06:58:27,813 [73e75fb6-f1d7-4311-b684-bd95d4e816a1@group-1BF4C328EE0E-LeaderElection53] INFO  impl.RoleInfo (RoleInfo.java:shutdownLeaderElection(134)) - 73e75fb6-f1d7-4311-b684-bd95d4e816a1: shutdown LeaderElection
2019-10-16 06:58:27,813 [73e75fb6-f1d7-4311-b684-bd95d4e816a1@group-1BF4C328EE0E-LeaderElection53] INFO  impl.RoleInfo (RoleInfo.java:updateAndGet(143)) - 73e75fb6-f1d7-4311-b684-bd95d4e816a1: start FollowerState
2019-10-16 06:58:27,836 [Thread-1495] INFO  impl.FollowerState (FollowerState.java:run(108)) - 73e75fb6-f1d7-4311-b684-bd95d4e816a1@group-1BF4C328EE0E-FollowerState: change to CANDIDATE, lastRpcTime:22ms, electionTimeout:22ms
2019-10-16 06:58:27,836 [Thread-1495] INFO  impl.RoleInfo (RoleInfo.java:shutdownFollowerState(121)) - 73e75fb6-f1d7-4311-b684-bd95d4e816a1: shutdown FollowerState
2019-10-16 06:58:27,836 [Thread-1495] INFO  impl.RaftServerImpl (RaftServerImpl.java:setRole(184)) - 73e75fb6-f1d7-4311-b684-bd95d4e816a1@group-1BF4C328EE0E: changes role from  FOLLOWER to CANDIDATE at term 23 for changeToCandidate
2019-10-16 06:58:27,836 [Thread-1495] INFO  impl.RoleInfo (RoleInfo.java:updateAndGet(143)) - 73e75fb6-f1d7-4311-b684-bd95d4e816a1: start LeaderElection
2019-10-16 06:58:27,850 [73e75fb6-f1d7-4311-b684-bd95d4e816a1@group-1BF4C328EE0E-LeaderElection54] INFO  impl.LeaderElection (LeaderElection.java:askForVotes(178)) - 73e75fb6-f1d7-4311-b684-bd95d4e816a1@group-1BF4C328EE0E-LeaderElection54: begin an election at term 24 for -1: [73e75fb6-f1d7-4311-b684-bd95d4e816a1:192.168.69.104:34728, 317a9921-db1c-43a7-b546-bfd5748728d7:192.168.69.104:33231, 39c5c445-cd83-4942-987d-d462f81a24e8:192.168.69.104:40343], old=null
2019-10-16 06:58:27,853 [grpc-default-executor-2] INFO  impl.RaftServerImpl (RaftServerImpl.java:setRole(184)) - 317a9921-db1c-43a7-b546-bfd5748728d7@group-1BF4C328EE0E: changes role from  FOLLOWER to FOLLOWER at term 24 for recognizeCandidate:73e75fb6-f1d7-4311-b684-bd95d4e816a1
2019-10-16 06:58:27,853 [grpc-default-executor-3] INFO  impl.RaftServerImpl (RaftServerImpl.java:setRole(184)) - 39c5c445-cd83-4942-987d-d462f81a24e8@group-1BF4C328EE0E: changes role from  FOLLOWER to FOLLOWER at term 24 for recognizeCandidate:73e75fb6-f1d7-4311-b684-bd95d4e816a1
2019-10-16 06:58:27,854 [grpc-default-executor-3] INFO  impl.RoleInfo (RoleInfo.java:shutdownFollowerState(121)) - 39c5c445-cd83-4942-987d-d462f81a24e8: shutdown FollowerState
2019-10-16 06:58:27,853 [grpc-default-executor-2] INFO  impl.RoleInfo (RoleInfo.java:shutdownFollowerState(121)) - 317a9921-db1c-43a7-b546-bfd5748728d7: shutdown FollowerState
2019-10-16 06:58:27,854 [Thread-1493] INFO  impl.FollowerState (FollowerState.java:run(117)) - 39c5c445-cd83-4942-987d-d462f81a24e8@group-1BF4C328EE0E-FollowerState was interrupted: java.lang.InterruptedException: sleep interrupted
2019-10-16 06:58:27,854 [Thread-1494] INFO  impl.FollowerState (FollowerState.java:run(117)) - 317a9921-db1c-43a7-b546-bfd5748728d7@group-1BF4C328EE0E-FollowerState was interrupted: java.lang.InterruptedException: sleep interrupted
2019-10-16 06:58:27,854 [grpc-default-executor-3] INFO  impl.RoleInfo (RoleInfo.java:updateAndGet(143)) - 39c5c445-cd83-4942-987d-d462f81a24e8: start FollowerState
2019-10-16 06:58:27,854 [grpc-default-executor-2] INFO  impl.RoleInfo (RoleInfo.java:updateAndGet(143)) - 317a9921-db1c-43a7-b546-bfd5748728d7: start FollowerState
2019-10-16 06:58:27,869 [73e75fb6-f1d7-4311-b684-bd95d4e816a1@group-1BF4C328EE0E-LeaderElection54] INFO  impl.LeaderElection (LeaderElection.java:logAndReturn(56)) - 73e75fb6-f1d7-4311-b684-bd95d4e816a1@group-1BF4C328EE0E-LeaderElection54: Election REJECTED; received 2 response(s) [73e75fb6-f1d7-4311-b684-bd95d4e816a1<-317a9921-db1c-43a7-b546-bfd5748728d7#0:FAIL-t24, 73e75fb6-f1d7-4311-b684-bd95d4e816a1<-39c5c445-cd83-4942-987d-d462f81a24e8#0:FAIL-t24] and 0 exception(s); 73e75fb6-f1d7-4311-b684-bd95d4e816a1@group-1BF4C328EE0E:t24, leader=null, voted=73e75fb6-f1d7-4311-b684-bd95d4e816a1, raftlog=73e75fb6-f1d7-4311-b684-bd95d4e816a1@group-1BF4C328EE0E-SegmentedRaftLog:OPENED:c-1,f-1,i0, conf=-1: [73e75fb6-f1d7-4311-b684-bd95d4e816a1:192.168.69.104:34728, 317a9921-db1c-43a7-b546-bfd5748728d7:192.168.69.104:33231, 39c5c445-cd83-4942-987d-d462f81a24e8:192.168.69.104:40343], old=null
2019-10-16 06:58:27,869 [73e75fb6-f1d7-4311-b684-bd95d4e816a1@group-1BF4C328EE0E-LeaderElection54] INFO  impl.RaftServerImpl (RaftServerImpl.java:setRole(184)) - 73e75fb6-f1d7-4311-b684-bd95d4e816a1@group-1BF4C328EE0E: changes role from CANDIDATE to FOLLOWER at term 24 for DISCOVERED_A_NEW_TERM
2019-10-16 06:58:27,869 [73e75fb6-f1d7-4311-b684-bd95d4e816a1@group-1BF4C328EE0E-LeaderElection54] INFO  impl.RoleInfo (RoleInfo.java:shutdownLeaderElection(134)) - 73e75fb6-f1d7-4311-b684-bd95d4e816a1: shutdown LeaderElection
2019-10-16 06:58:27,869 [73e75fb6-f1d7-4311-b684-bd95d4e816a1@group-1BF4C328EE0E-LeaderElection54] INFO  impl.RoleInfo (RoleInfo.java:updateAndGet(143)) - 73e75fb6-f1d7-4311-b684-bd95d4e816a1: start FollowerState
2019-10-16 06:58:27,974 [Thread-1501] INFO  impl.FollowerState (FollowerState.java:run(108)) - 73e75fb6-f1d7-4311-b684-bd95d4e816a1@group-1BF4C328EE0E-FollowerState: change to CANDIDATE, lastRpcTime:104ms, electionTimeout:104ms
2019-10-16 06:58:27,974 [Thread-1501] INFO  impl.RoleInfo (RoleInfo.java:shutdownFollowerState(121)) - 73e75fb6-f1d7-4311-b684-bd95d4e816a1: shutdown FollowerState
2019-10-16 06:58:27,974 [Thread-1501] INFO  impl.RaftServerImpl (RaftServerImpl.java:setRole(184)) - 73e75fb6-f1d7-4311-b684-bd95d4e816a1@group-1BF4C328EE0E: changes role from  FOLLOWER to CANDIDATE at term 24 for changeToCandidate
2019-10-16 06:58:27,974 [Thread-1501] INFO  impl.RoleInfo (RoleInfo.java:updateAndGet(143)) - 73e75fb6-f1d7-4311-b684-bd95d4e816a1: start LeaderElection
2019-10-16 06:58:27,989 [73e75fb6-f1d7-4311-b684-bd95d4e816a1@group-1BF4C328EE0E-LeaderElection55] INFO  impl.LeaderElection (LeaderElection.java:askForVotes(178)) - 73e75fb6-f1d7-4311-b684-bd95d4e816a1@group-1BF4C328EE0E-LeaderElection55: begin an election at term 25 for -1: [73e75fb6-f1d7-4311-b684-bd95d4e816a1:192.168.69.104:34728, 317a9921-db1c-43a7-b546-bfd5748728d7:192.168.69.104:33231, 39c5c445-cd83-4942-987d-d462f81a24e8:192.168.69.104:40343], old=null
2019-10-16 06:58:27,992 [grpc-default-executor-2] INFO  impl.RaftServerImpl (RaftServerImpl.java:setRole(184)) - 39c5c445-cd83-4942-987d-d462f81a24e8@group-1BF4C328EE0E: changes role from  FOLLOWER to FOLLOWER at term 25 for recognizeCandidate:73e75fb6-f1d7-4311-b684-bd95d4e816a1
2019-10-16 06:58:27,992 [grpc-default-executor-3] INFO  impl.RaftServerImpl (RaftServerImpl.java:setRole(184)) - 317a9921-db1c-43a7-b546-bfd5748728d7@group-1BF4C328EE0E: changes role from  FOLLOWER to FOLLOWER at term 25 for recognizeCandidate:73e75fb6-f1d7-4311-b684-bd95d4e816a1
2019-10-16 06:58:27,992 [grpc-default-executor-2] INFO  impl.RoleInfo (RoleInfo.java:shutdownFollowerState(121)) - 39c5c445-cd83-4942-987d-d462f81a24e8: shutdown FollowerState
2019-10-16 06:58:27,992 [grpc-default-executor-3] INFO  impl.RoleInfo (RoleInfo.java:shutdownFollowerState(121)) - 317a9921-db1c-43a7-b546-bfd5748728d7: shutdown FollowerState
2019-10-16 06:58:27,992 [Thread-1499] INFO  impl.FollowerState (FollowerState.java:run(117)) - 39c5c445-cd83-4942-987d-d462f81a24e8@group-1BF4C328EE0E-FollowerState was interrupted: java.lang.InterruptedException: sleep interrupted
2019-10-16 06:58:27,992 [grpc-default-executor-2] INFO  impl.RoleInfo (RoleInfo.java:updateAndGet(143)) - 39c5c445-cd83-4942-987d-d462f81a24e8: start FollowerState
2019-10-16 06:58:27,993 [Thread-1500] INFO  impl.FollowerState (FollowerState.java:run(117)) - 317a9921-db1c-43a7-b546-bfd5748728d7@group-1BF4C328EE0E-FollowerState was interrupted: java.lang.InterruptedException: sleep interrupted
2019-10-16 06:58:27,993 [grpc-default-executor-3] INFO  impl.RoleInfo (RoleInfo.java:updateAndGet(143)) - 317a9921-db1c-43a7-b546-bfd5748728d7: start FollowerState
2019-10-16 06:58:28,031 [73e75fb6-f1d7-4311-b684-bd95d4e816a1@group-1BF4C328EE0E-LeaderElection55] INFO  impl.LeaderElection (LeaderElection.java:logAndReturn(56)) - 73e75fb6-f1d7-4311-b684-bd95d4e816a1@group-1BF4C328EE0E-LeaderElection55: Election REJECTED; received 2 response(s) [73e75fb6-f1d7-4311-b684-bd95d4e816a1<-317a9921-db1c-43a7-b546-bfd5748728d7#0:FAIL-t25, 73e75fb6-f1d7-4311-b684-bd95d4e816a1<-39c5c445-cd83-4942-987d-d462f81a24e8#0:FAIL-t25] and 0 exception(s); 73e75fb6-f1d7-4311-b684-bd95d4e816a1@group-1BF4C328EE0E:t25, leader=null, voted=73e75fb6-f1d7-4311-b684-bd95d4e816a1, raftlog=73e75fb6-f1d7-4311-b684-bd95d4e816a1@group-1BF4C328EE0E-SegmentedRaftLog:OPENED:c-1,f-1,i0, conf=-1: [73e75fb6-f1d7-4311-b684-bd95d4e816a1:192.168.69.104:34728, 317a9921-db1c-43a7-b546-bfd5748728d7:192.168.69.104:33231, 39c5c445-cd83-4942-987d-d462f81a24e8:192.168.69.104:40343], old=null
2019-10-16 06:58:28,031 [73e75fb6-f1d7-4311-b684-bd95d4e816a1@group-1BF4C328EE0E-LeaderElection55] INFO  impl.RaftServerImpl (RaftServerImpl.java:setRole(184)) - 73e75fb6-f1d7-4311-b684-bd95d4e816a1@group-1BF4C328EE0E: changes role from CANDIDATE to FOLLOWER at term 25 for DISCOVERED_A_NEW_TERM
2019-10-16 06:58:28,031 [73e75fb6-f1d7-4311-b684-bd95d4e816a1@group-1BF4C328EE0E-LeaderElection55] INFO  impl.RoleInfo (RoleInfo.java:shutdownLeaderElection(134)) - 73e75fb6-f1d7-4311-b684-bd95d4e816a1: shutdown LeaderElection
2019-10-16 06:58:28,031 [73e75fb6-f1d7-4311-b684-bd95d4e816a1@group-1BF4C328EE0E-LeaderElection55] INFO  impl.RoleInfo (RoleInfo.java:updateAndGet(143)) - 73e75fb6-f1d7-4311-b684-bd95d4e816a1: start FollowerState
2019-10-16 06:58:28,056 [Thread-1507] INFO  impl.FollowerState (FollowerState.java:run(108)) - 73e75fb6-f1d7-4311-b684-bd95d4e816a1@group-1BF4C328EE0E-FollowerState: change to CANDIDATE, lastRpcTime:24ms, electionTimeout:24ms
2019-10-16 06:58:28,056 [Thread-1507] INFO  impl.RoleInfo (RoleInfo.java:shutdownFollowerState(121)) - 73e75fb6-f1d7-4311-b684-bd95d4e816a1: shutdown FollowerState
2019-10-16 06:58:28,056 [Thread-1507] INFO  impl.RaftServerImpl (RaftServerImpl.java:setRole(184)) - 73e75fb6-f1d7-4311-b684-bd95d4e816a1@group-1BF4C328EE0E: changes role from  FOLLOWER to CANDIDATE at term 25 for changeToCandidate
2019-10-16 06:58:28,056 [Thread-1507] INFO  impl.RoleInfo (RoleInfo.java:updateAndGet(143)) - 73e75fb6-f1d7-4311-b684-bd95d4e816a1: start LeaderElection
2019-10-16 06:58:28,070 [73e75fb6-f1d7-4311-b684-bd95d4e816a1@group-1BF4C328EE0E-LeaderElection56] INFO  impl.LeaderElection (LeaderElection.java:askForVotes(178)) - 73e75fb6-f1d7-4311-b684-bd95d4e816a1@group-1BF4C328EE0E-LeaderElection56: begin an election at term 26 for -1: [73e75fb6-f1d7-4311-b684-bd95d4e816a1:192.168.69.104:34728, 317a9921-db1c-43a7-b546-bfd5748728d7:192.168.69.104:33231, 39c5c445-cd83-4942-987d-d462f81a24e8:192.168.69.104:40343], old=null
2019-10-16 06:58:28,075 [grpc-default-executor-2] INFO  impl.RaftServerImpl (RaftServerImpl.java:setRole(184)) - 317a9921-db1c-43a7-b546-bfd5748728d7@group-1BF4C328EE0E: changes role from  FOLLOWER to FOLLOWER at term 26 for recognizeCandidate:73e75fb6-f1d7-4311-b684-bd95d4e816a1
2019-10-16 06:58:28,075 [grpc-default-executor-2] INFO  impl.RoleInfo (RoleInfo.java:shutdownFollowerState(121)) - 317a9921-db1c-43a7-b546-bfd5748728d7: shutdown FollowerState
2019-10-16 06:58:28,075 [grpc-default-executor-3] INFO  impl.RaftServerImpl (RaftServerImpl.java:setRole(184)) - 39c5c445-cd83-4942-987d-d462f81a24e8@group-1BF4C328EE0E: changes role from  FOLLOWER to FOLLOWER at term 26 for recognizeCandidate:73e75fb6-f1d7-4311-b684-bd95d4e816a1
2019-10-16 06:58:28,075 [Thread-1506] INFO  impl.FollowerState (FollowerState.java:run(117)) - 317a9921-db1c-43a7-b546-bfd5748728d7@group-1BF4C328EE0E-FollowerState was interrupted: java.lang.InterruptedException: sleep interrupted
2019-10-16 06:58:28,075 [grpc-default-executor-2] INFO  impl.RoleInfo (RoleInfo.java:updateAndGet(143)) - 317a9921-db1c-43a7-b546-bfd5748728d7: start FollowerState
2019-10-16 06:58:28,075 [grpc-default-executor-3] INFO  impl.RoleInfo (RoleInfo.java:shutdownFollowerState(121)) - 39c5c445-cd83-4942-987d-d462f81a24e8: shutdown FollowerState
2019-10-16 06:58:28,076 [grpc-default-executor-3] INFO  impl.RoleInfo (RoleInfo.java:updateAndGet(143)) - 39c5c445-cd83-4942-987d-d462f81a24e8: start FollowerState
2019-10-16 06:58:28,076 [Thread-1505] INFO  impl.FollowerState (FollowerState.java:run(117)) - 39c5c445-cd83-4942-987d-d462f81a24e8@group-1BF4C328EE0E-FollowerState was interrupted: java.lang.InterruptedException: sleep interrupted
2019-10-16 06:58:28,091 [73e75fb6-f1d7-4311-b684-bd95d4e816a1@group-1BF4C328EE0E-LeaderElection56] INFO  impl.LeaderElection (LeaderElection.java:logAndReturn(56)) - 73e75fb6-f1d7-4311-b684-bd95d4e816a1@group-1BF4C328EE0E-LeaderElection56: Election REJECTED; received 2 response(s) [73e75fb6-f1d7-4311-b684-bd95d4e816a1<-317a9921-db1c-43a7-b546-bfd5748728d7#0:FAIL-t26, 73e75fb6-f1d7-4311-b684-bd95d4e816a1<-39c5c445-cd83-4942-987d-d462f81a24e8#0:FAIL-t26] and 0 exception(s); 73e75fb6-f1d7-4311-b684-bd95d4e816a1@group-1BF4C328EE0E:t26, leader=null, voted=73e75fb6-f1d7-4311-b684-bd95d4e816a1, raftlog=73e75fb6-f1d7-4311-b684-bd95d4e816a1@group-1BF4C328EE0E-SegmentedRaftLog:OPENED:c-1,f-1,i0, conf=-1: [73e75fb6-f1d7-4311-b684-bd95d4e816a1:192.168.69.104:34728, 317a9921-db1c-43a7-b546-bfd5748728d7:192.168.69.104:33231, 39c5c445-cd83-4942-987d-d462f81a24e8:192.168.69.104:40343], old=null
2019-10-16 06:58:28,091 [73e75fb6-f1d7-4311-b684-bd95d4e816a1@group-1BF4C328EE0E-LeaderElection56] INFO  impl.RaftServerImpl (RaftServerImpl.java:setRole(184)) - 73e75fb6-f1d7-4311-b684-bd95d4e816a1@group-1BF4C328EE0E: changes role from CANDIDATE to FOLLOWER at term 26 for DISCOVERED_A_NEW_TERM
2019-10-16 06:58:28,091 [73e75fb6-f1d7-4311-b684-bd95d4e816a1@group-1BF4C328EE0E-LeaderElection56] INFO  impl.RoleInfo (RoleInfo.java:shutdownLeaderElection(134)) - 73e75fb6-f1d7-4311-b684-bd95d4e816a1: shutdown LeaderElection
2019-10-16 06:58:28,092 [73e75fb6-f1d7-4311-b684-bd95d4e816a1@group-1BF4C328EE0E-LeaderElection56] INFO  impl.RoleInfo (RoleInfo.java:updateAndGet(143)) - 73e75fb6-f1d7-4311-b684-bd95d4e816a1: start FollowerState
2019-10-16 06:58:28,278 [Thread-1513] INFO  impl.FollowerState (FollowerState.java:run(108)) - 73e75fb6-f1d7-4311-b684-bd95d4e816a1@group-1BF4C328EE0E-FollowerState: change to CANDIDATE, lastRpcTime:186ms, electionTimeout:186ms
2019-10-16 06:58:28,278 [Thread-1513] INFO  impl.RoleInfo (RoleInfo.java:shutdownFollowerState(121)) - 73e75fb6-f1d7-4311-b684-bd95d4e816a1: shutdown FollowerState
2019-10-16 06:58:28,278 [Thread-1513] INFO  impl.RaftServerImpl (RaftServerImpl.java:setRole(184)) - 73e75fb6-f1d7-4311-b684-bd95d4e816a1@group-1BF4C328EE0E: changes role from  FOLLOWER to CANDIDATE at term 26 for changeToCandidate
2019-10-16 06:58:28,279 [Thread-1513] INFO  impl.RoleInfo (RoleInfo.java:updateAndGet(143)) - 73e75fb6-f1d7-4311-b684-bd95d4e816a1: start LeaderElection
2019-10-16 06:58:28,304 [73e75fb6-f1d7-4311-b684-bd95d4e816a1@group-1BF4C328EE0E-LeaderElection57] INFO  impl.LeaderElection (LeaderElection.java:askForVotes(178)) - 73e75fb6-f1d7-4311-b684-bd95d4e816a1@group-1BF4C328EE0E-LeaderElection57: begin an election at term 27 for -1: [73e75fb6-f1d7-4311-b684-bd95d4e816a1:192.168.69.104:34728, 317a9921-db1c-43a7-b546-bfd5748728d7:192.168.69.104:33231, 39c5c445-cd83-4942-987d-d462f81a24e8:192.168.69.104:40343], old=null
2019-10-16 06:58:28,307 [grpc-default-executor-3] INFO  impl.RaftServerImpl (RaftServerImpl.java:setRole(184)) - 317a9921-db1c-43a7-b546-bfd5748728d7@group-1BF4C328EE0E: changes role from  FOLLOWER to FOLLOWER at term 27 for recognizeCandidate:73e75fb6-f1d7-4311-b684-bd95d4e816a1
2019-10-16 06:58:28,307 [grpc-default-executor-2] INFO  impl.RaftServerImpl (RaftServerImpl.java:setRole(184)) - 39c5c445-cd83-4942-987d-d462f81a24e8@group-1BF4C328EE0E: changes role from  FOLLOWER to FOLLOWER at term 27 for recognizeCandidate:73e75fb6-f1d7-4311-b684-bd95d4e816a1
2019-10-16 06:58:28,307 [grpc-default-executor-3] INFO  impl.RoleInfo (RoleInfo.java:shutdownFollowerState(121)) - 317a9921-db1c-43a7-b546-bfd5748728d7: shutdown FollowerState
2019-10-16 06:58:28,307 [grpc-default-executor-2] INFO  impl.RoleInfo (RoleInfo.java:shutdownFollowerState(121)) - 39c5c445-cd83-4942-987d-d462f81a24e8: shutdown FollowerState
2019-10-16 06:58:28,307 [grpc-default-executor-3] INFO  impl.RoleInfo (RoleInfo.java:updateAndGet(143)) - 317a9921-db1c-43a7-b546-bfd5748728d7: start FollowerState
2019-10-16 06:58:28,307 [Thread-1511] INFO  impl.FollowerState (FollowerState.java:run(117)) - 317a9921-db1c-43a7-b546-bfd5748728d7@group-1BF4C328EE0E-FollowerState was interrupted: java.lang.InterruptedException: sleep interrupted
2019-10-16 06:58:28,308 [Thread-1512] INFO  impl.FollowerState (FollowerState.java:run(117)) - 39c5c445-cd83-4942-987d-d462f81a24e8@group-1BF4C328EE0E-FollowerState was interrupted: java.lang.InterruptedException: sleep interrupted
2019-10-16 06:58:28,307 [grpc-default-executor-2] INFO  impl.RoleInfo (RoleInfo.java:updateAndGet(143)) - 39c5c445-cd83-4942-987d-d462f81a24e8: start FollowerState
2019-10-16 06:58:28,323 [73e75fb6-f1d7-4311-b684-bd95d4e816a1@group-1BF4C328EE0E-LeaderElection57] INFO  impl.LeaderElection (LeaderElection.java:logAndReturn(56)) - 73e75fb6-f1d7-4311-b684-bd95d4e816a1@group-1BF4C328EE0E-LeaderElection57: Election REJECTED; received 2 response(s) [73e75fb6-f1d7-4311-b684-bd95d4e816a1<-317a9921-db1c-43a7-b546-bfd5748728d7#0:FAIL-t27, 73e75fb6-f1d7-4311-b684-bd95d4e816a1<-39c5c445-cd83-4942-987d-d462f81a24e8#0:FAIL-t27] and 0 exception(s); 73e75fb6-f1d7-4311-b684-bd95d4e816a1@group-1BF4C328EE0E:t27, leader=null, voted=73e75fb6-f1d7-4311-b684-bd95d4e816a1, raftlog=73e75fb6-f1d7-4311-b684-bd95d4e816a1@group-1BF4C328EE0E-SegmentedRaftLog:OPENED:c-1,f-1,i0, conf=-1: [73e75fb6-f1d7-4311-b684-bd95d4e816a1:192.168.69.104:34728, 317a9921-db1c-43a7-b546-bfd5748728d7:192.168.69.104:33231, 39c5c445-cd83-4942-987d-d462f81a24e8:192.168.69.104:40343], old=null
2019-10-16 06:58:28,323 [73e75fb6-f1d7-4311-b684-bd95d4e816a1@group-1BF4C328EE0E-LeaderElection57] INFO  impl.RaftServerImpl (RaftServerImpl.java:setRole(184)) - 73e75fb6-f1d7-4311-b684-bd95d4e816a1@group-1BF4C328EE0E: changes role from CANDIDATE to FOLLOWER at term 27 for DISCOVERED_A_NEW_TERM
2019-10-16 06:58:28,323 [73e75fb6-f1d7-4311-b684-bd95d4e816a1@group-1BF4C328EE0E-LeaderElection57] INFO  impl.RoleInfo (RoleInfo.java:shutdownLeaderElection(134)) - 73e75fb6-f1d7-4311-b684-bd95d4e816a1: shutdown LeaderElection
2019-10-16 06:58:28,323 [73e75fb6-f1d7-4311-b684-bd95d4e816a1@group-1BF4C328EE0E-LeaderElection57] INFO  impl.RoleInfo (RoleInfo.java:updateAndGet(143)) - 73e75fb6-f1d7-4311-b684-bd95d4e816a1: start FollowerState
2019-10-16 06:58:28,409 [Thread-1519] INFO  impl.FollowerState (FollowerState.java:run(108)) - 73e75fb6-f1d7-4311-b684-bd95d4e816a1@group-1BF4C328EE0E-FollowerState: change to CANDIDATE, lastRpcTime:85ms, electionTimeout:85ms
2019-10-16 06:58:28,409 [Thread-1519] INFO  impl.RoleInfo (RoleInfo.java:shutdownFollowerState(121)) - 73e75fb6-f1d7-4311-b684-bd95d4e816a1: shutdown FollowerState
2019-10-16 06:58:28,409 [Thread-1519] INFO  impl.RaftServerImpl (RaftServerImpl.java:setRole(184)) - 73e75fb6-f1d7-4311-b684-bd95d4e816a1@group-1BF4C328EE0E: changes role from  FOLLOWER to CANDIDATE at term 27 for changeToCandidate
2019-10-16 06:58:28,409 [Thread-1519] INFO  impl.RoleInfo (RoleInfo.java:updateAndGet(143)) - 73e75fb6-f1d7-4311-b684-bd95d4e816a1: start LeaderElection
2019-10-16 06:58:28,422 [73e75fb6-f1d7-4311-b684-bd95d4e816a1@group-1BF4C328EE0E-LeaderElection58] INFO  impl.LeaderElection (LeaderElection.java:askForVotes(178)) - 73e75fb6-f1d7-4311-b684-bd95d4e816a1@group-1BF4C328EE0E-LeaderElection58: begin an election at term 28 for -1: [73e75fb6-f1d7-4311-b684-bd95d4e816a1:192.168.69.104:34728, 317a9921-db1c-43a7-b546-bfd5748728d7:192.168.69.104:33231, 39c5c445-cd83-4942-987d-d462f81a24e8:192.168.69.104:40343], old=null
2019-10-16 06:58:28,425 [grpc-default-executor-3] INFO  impl.RaftServerImpl (RaftServerImpl.java:setRole(184)) - 317a9921-db1c-43a7-b546-bfd5748728d7@group-1BF4C328EE0E: changes role from  FOLLOWER to FOLLOWER at term 28 for recognizeCandidate:73e75fb6-f1d7-4311-b684-bd95d4e816a1
2019-10-16 06:58:28,426 [grpc-default-executor-3] INFO  impl.RoleInfo (RoleInfo.java:shutdownFollowerState(121)) - 317a9921-db1c-43a7-b546-bfd5748728d7: shutdown FollowerState
2019-10-16 06:58:28,426 [grpc-default-executor-3] INFO  impl.RoleInfo (RoleInfo.java:updateAndGet(143)) - 317a9921-db1c-43a7-b546-bfd5748728d7: start FollowerState
2019-10-16 06:58:28,426 [grpc-default-executor-2] INFO  impl.RaftServerImpl (RaftServerImpl.java:setRole(184)) - 39c5c445-cd83-4942-987d-d462f81a24e8@group-1BF4C328EE0E: changes role from  FOLLOWER to FOLLOWER at term 28 for recognizeCandidate:73e75fb6-f1d7-4311-b684-bd95d4e816a1
2019-10-16 06:58:28,426 [Thread-1517] INFO  impl.FollowerState (FollowerState.java:run(117)) - 317a9921-db1c-43a7-b546-bfd5748728d7@group-1BF4C328EE0E-FollowerState was interrupted: java.lang.InterruptedException: sleep interrupted
2019-10-16 06:58:28,426 [grpc-default-executor-2] INFO  impl.RoleInfo (RoleInfo.java:shutdownFollowerState(121)) - 39c5c445-cd83-4942-987d-d462f81a24e8: shutdown FollowerState
2019-10-16 06:58:28,426 [Thread-1518] INFO  impl.FollowerState (FollowerState.java:run(117)) - 39c5c445-cd83-4942-987d-d462f81a24e8@group-1BF4C328EE0E-FollowerState was interrupted: java.lang.InterruptedException: sleep interrupted
2019-10-16 06:58:28,426 [grpc-default-executor-2] INFO  impl.RoleInfo (RoleInfo.java:updateAndGet(143)) - 39c5c445-cd83-4942-987d-d462f81a24e8: start FollowerState
2019-10-16 06:58:28,441 [73e75fb6-f1d7-4311-b684-bd95d4e816a1@group-1BF4C328EE0E-LeaderElection58] INFO  impl.LeaderElection (LeaderElection.java:logAndReturn(56)) - 73e75fb6-f1d7-4311-b684-bd95d4e816a1@group-1BF4C328EE0E-LeaderElection58: Election REJECTED; received 2 response(s) [73e75fb6-f1d7-4311-b684-bd95d4e816a1<-317a9921-db1c-43a7-b546-bfd5748728d7#0:FAIL-t28, 73e75fb6-f1d7-4311-b684-bd95d4e816a1<-39c5c445-cd83-4942-987d-d462f81a24e8#0:FAIL-t28] and 0 exception(s); 73e75fb6-f1d7-4311-b684-bd95d4e816a1@group-1BF4C328EE0E:t28, leader=null, voted=73e75fb6-f1d7-4311-b684-bd95d4e816a1, raftlog=73e75fb6-f1d7-4311-b684-bd95d4e816a1@group-1BF4C328EE0E-SegmentedRaftLog:OPENED:c-1,f-1,i0, conf=-1: [73e75fb6-f1d7-4311-b684-bd95d4e816a1:192.168.69.104:34728, 317a9921-db1c-43a7-b546-bfd5748728d7:192.168.69.104:33231, 39c5c445-cd83-4942-987d-d462f81a24e8:192.168.69.104:40343], old=null
2019-10-16 06:58:28,441 [73e75fb6-f1d7-4311-b684-bd95d4e816a1@group-1BF4C328EE0E-LeaderElection58] INFO  impl.RaftServerImpl (RaftServerImpl.java:setRole(184)) - 73e75fb6-f1d7-4311-b684-bd95d4e816a1@group-1BF4C328EE0E: changes role from CANDIDATE to FOLLOWER at term 28 for DISCOVERED_A_NEW_TERM
2019-10-16 06:58:28,441 [73e75fb6-f1d7-4311-b684-bd95d4e816a1@group-1BF4C328EE0E-LeaderElection58] INFO  impl.RoleInfo (RoleInfo.java:shutdownLeaderElection(134)) - 73e75fb6-f1d7-4311-b684-bd95d4e816a1: shutdown LeaderElection
2019-10-16 06:58:28,441 [73e75fb6-f1d7-4311-b684-bd95d4e816a1@group-1BF4C328EE0E-LeaderElection58] INFO  impl.RoleInfo (RoleInfo.java:updateAndGet(143)) - 73e75fb6-f1d7-4311-b684-bd95d4e816a1: start FollowerState
2019-10-16 06:58:28,450 [Thread-1525] INFO  impl.FollowerState (FollowerState.java:run(108)) - 73e75fb6-f1d7-4311-b684-bd95d4e816a1@group-1BF4C328EE0E-FollowerState: change to CANDIDATE, lastRpcTime:8ms, electionTimeout:8ms
2019-10-16 06:58:28,450 [Thread-1525] INFO  impl.RoleInfo (RoleInfo.java:shutdownFollowerState(121)) - 73e75fb6-f1d7-4311-b684-bd95d4e816a1: shutdown FollowerState
2019-10-16 06:58:28,450 [Thread-1525] INFO  impl.RaftServerImpl (RaftServerImpl.java:setRole(184)) - 73e75fb6-f1d7-4311-b684-bd95d4e816a1@group-1BF4C328EE0E: changes role from  FOLLOWER to CANDIDATE at term 28 for changeToCandidate
2019-10-16 06:58:28,450 [Thread-1525] INFO  impl.RoleInfo (RoleInfo.java:updateAndGet(143)) - 73e75fb6-f1d7-4311-b684-bd95d4e816a1: start LeaderElection
2019-10-16 06:58:28,463 [73e75fb6-f1d7-4311-b684-bd95d4e816a1@group-1BF4C328EE0E-LeaderElection59] INFO  impl.LeaderElection (LeaderElection.java:askForVotes(178)) - 73e75fb6-f1d7-4311-b684-bd95d4e816a1@group-1BF4C328EE0E-LeaderElection59: begin an election at term 29 for -1: [73e75fb6-f1d7-4311-b684-bd95d4e816a1:192.168.69.104:34728, 317a9921-db1c-43a7-b546-bfd5748728d7:192.168.69.104:33231, 39c5c445-cd83-4942-987d-d462f81a24e8:192.168.69.104:40343], old=null
2019-10-16 06:58:28,465 [grpc-default-executor-3] INFO  impl.RaftServerImpl (RaftServerImpl.java:setRole(184)) - 317a9921-db1c-43a7-b546-bfd5748728d7@group-1BF4C328EE0E: changes role from  FOLLOWER to FOLLOWER at term 29 for recognizeCandidate:73e75fb6-f1d7-4311-b684-bd95d4e816a1
2019-10-16 06:58:28,465 [grpc-default-executor-3] INFO  impl.RoleInfo (RoleInfo.java:shutdownFollowerState(121)) - 317a9921-db1c-43a7-b546-bfd5748728d7: shutdown FollowerState
2019-10-16 06:58:28,465 [grpc-default-executor-3] INFO  impl.RoleInfo (RoleInfo.java:updateAndGet(143)) - 317a9921-db1c-43a7-b546-bfd5748728d7: start FollowerState
2019-10-16 06:58:28,465 [Thread-1523] INFO  impl.FollowerState (FollowerState.java:run(117)) - 317a9921-db1c-43a7-b546-bfd5748728d7@group-1BF4C328EE0E-FollowerState was interrupted: java.lang.InterruptedException: sleep interrupted
2019-10-16 06:58:28,465 [grpc-default-executor-2] INFO  impl.RaftServerImpl (RaftServerImpl.java:setRole(184)) - 39c5c445-cd83-4942-987d-d462f81a24e8@group-1BF4C328EE0E: changes role from  FOLLOWER to FOLLOWER at term 29 for recognizeCandidate:73e75fb6-f1d7-4311-b684-bd95d4e816a1
2019-10-16 06:58:28,466 [grpc-default-executor-2] INFO  impl.RoleInfo (RoleInfo.java:shutdownFollowerState(121)) - 39c5c445-cd83-4942-987d-d462f81a24e8: shutdown FollowerState
2019-10-16 06:58:28,466 [grpc-default-executor-2] INFO  impl.RoleInfo (RoleInfo.java:updateAndGet(143)) - 39c5c445-cd83-4942-987d-d462f81a24e8: start FollowerState
2019-10-16 06:58:28,466 [Thread-1524] INFO  impl.FollowerState (FollowerState.java:run(117)) - 39c5c445-cd83-4942-987d-d462f81a24e8@group-1BF4C328EE0E-FollowerState was interrupted: java.lang.InterruptedException: sleep interrupted
2019-10-16 06:58:28,477 [73e75fb6-f1d7-4311-b684-bd95d4e816a1@group-1BF4C328EE0E-LeaderElection59] INFO  impl.LeaderElection (LeaderElection.java:logAndReturn(56)) - 73e75fb6-f1d7-4311-b684-bd95d4e816a1@group-1BF4C328EE0E-LeaderElection59: Election REJECTED; received 2 response(s) [73e75fb6-f1d7-4311-b684-bd95d4e816a1<-317a9921-db1c-43a7-b546-bfd5748728d7#0:FAIL-t29, 73e75fb6-f1d7-4311-b684-bd95d4e816a1<-39c5c445-cd83-4942-987d-d462f81a24e8#0:FAIL-t29] and 0 exception(s); 73e75fb6-f1d7-4311-b684-bd95d4e816a1@group-1BF4C328EE0E:t29, leader=null, voted=73e75fb6-f1d7-4311-b684-bd95d4e816a1, raftlog=73e75fb6-f1d7-4311-b684-bd95d4e816a1@group-1BF4C328EE0E-SegmentedRaftLog:OPENED:c-1,f-1,i0, conf=-1: [73e75fb6-f1d7-4311-b684-bd95d4e816a1:192.168.69.104:34728, 317a9921-db1c-43a7-b546-bfd5748728d7:192.168.69.104:33231, 39c5c445-cd83-4942-987d-d462f81a24e8:192.168.69.104:40343], old=null
2019-10-16 06:58:28,477 [73e75fb6-f1d7-4311-b684-bd95d4e816a1@group-1BF4C328EE0E-LeaderElection59] INFO  impl.RaftServerImpl (RaftServerImpl.java:setRole(184)) - 73e75fb6-f1d7-4311-b684-bd95d4e816a1@group-1BF4C328EE0E: changes role from CANDIDATE to FOLLOWER at term 29 for DISCOVERED_A_NEW_TERM
2019-10-16 06:58:28,478 [73e75fb6-f1d7-4311-b684-bd95d4e816a1@group-1BF4C328EE0E-LeaderElection59] INFO  impl.RoleInfo (RoleInfo.java:shutdownLeaderElection(134)) - 73e75fb6-f1d7-4311-b684-bd95d4e816a1: shutdown LeaderElection
2019-10-16 06:58:28,478 [73e75fb6-f1d7-4311-b684-bd95d4e816a1@group-1BF4C328EE0E-LeaderElection59] INFO  impl.RoleInfo (RoleInfo.java:updateAndGet(143)) - 73e75fb6-f1d7-4311-b684-bd95d4e816a1: start FollowerState
2019-10-16 06:58:28,484 [Thread-1531] INFO  impl.FollowerState (FollowerState.java:run(108)) - 73e75fb6-f1d7-4311-b684-bd95d4e816a1@group-1BF4C328EE0E-FollowerState: change to CANDIDATE, lastRpcTime:6ms, electionTimeout:6ms
2019-10-16 06:58:28,484 [Thread-1531] INFO  impl.RoleInfo (RoleInfo.java:shutdownFollowerState(121)) - 73e75fb6-f1d7-4311-b684-bd95d4e816a1: shutdown FollowerState
2019-10-16 06:58:28,484 [Thread-1531] INFO  impl.RaftServerImpl (RaftServerImpl.java:setRole(184)) - 73e75fb6-f1d7-4311-b684-bd95d4e816a1@group-1BF4C328EE0E: changes role from  FOLLOWER to CANDIDATE at term 29 for changeToCandidate
2019-10-16 06:58:28,484 [Thread-1531] INFO  impl.RoleInfo (RoleInfo.java:updateAndGet(143)) - 73e75fb6-f1d7-4311-b684-bd95d4e816a1: start LeaderElection
2019-10-16 06:58:28,497 [73e75fb6-f1d7-4311-b684-bd95d4e816a1@group-1BF4C328EE0E-LeaderElection60] INFO  impl.LeaderElection (LeaderElection.java:askForVotes(178)) - 73e75fb6-f1d7-4311-b684-bd95d4e816a1@group-1BF4C328EE0E-LeaderElection60: begin an election at term 30 for -1: [73e75fb6-f1d7-4311-b684-bd95d4e816a1:192.168.69.104:34728, 317a9921-db1c-43a7-b546-bfd5748728d7:192.168.69.104:33231, 39c5c445-cd83-4942-987d-d462f81a24e8:192.168.69.104:40343], old=null
2019-10-16 06:58:28,503 [grpc-default-executor-3] INFO  impl.RaftServerImpl (RaftServerImpl.java:setRole(184)) - 39c5c445-cd83-4942-987d-d462f81a24e8@group-1BF4C328EE0E: changes role from  FOLLOWER to FOLLOWER at term 30 for recognizeCandidate:73e75fb6-f1d7-4311-b684-bd95d4e816a1
2019-10-16 06:58:28,503 [grpc-default-executor-2] INFO  impl.RaftServerImpl (RaftServerImpl.java:setRole(184)) - 317a9921-db1c-43a7-b546-bfd5748728d7@group-1BF4C328EE0E: changes role from  FOLLOWER to FOLLOWER at term 30 for recognizeCandidate:73e75fb6-f1d7-4311-b684-bd95d4e816a1
2019-10-16 06:58:28,503 [grpc-default-executor-3] INFO  impl.RoleInfo (RoleInfo.java:shutdownFollowerState(121)) - 39c5c445-cd83-4942-987d-d462f81a24e8: shutdown FollowerState
2019-10-16 06:58:28,503 [grpc-default-executor-2] INFO  impl.RoleInfo (RoleInfo.java:shutdownFollowerState(121)) - 317a9921-db1c-43a7-b546-bfd5748728d7: shutdown FollowerState
2019-10-16 06:58:28,503 [grpc-default-executor-3] INFO  impl.RoleInfo (RoleInfo.java:updateAndGet(143)) - 39c5c445-cd83-4942-987d-d462f81a24e8: start FollowerState
2019-10-16 06:58:28,503 [Thread-1530] INFO  impl.FollowerState (FollowerState.java:run(117)) - 39c5c445-cd83-4942-987d-d462f81a24e8@group-1BF4C328EE0E-FollowerState was interrupted: java.lang.InterruptedException: sleep interrupted
2019-10-16 06:58:28,503 [Thread-1529] INFO  impl.FollowerState (FollowerState.java:run(117)) - 317a9921-db1c-43a7-b546-bfd5748728d7@group-1BF4C328EE0E-FollowerState was interrupted: java.lang.InterruptedException: sleep interrupted
2019-10-16 06:58:28,503 [grpc-default-executor-2] INFO  impl.RoleInfo (RoleInfo.java:updateAndGet(143)) - 317a9921-db1c-43a7-b546-bfd5748728d7: start FollowerState
2019-10-16 06:58:28,519 [73e75fb6-f1d7-4311-b684-bd95d4e816a1@group-1BF4C328EE0E-LeaderElection60] INFO  impl.LeaderElection (LeaderElection.java:logAndReturn(56)) - 73e75fb6-f1d7-4311-b684-bd95d4e816a1@group-1BF4C328EE0E-LeaderElection60: Election REJECTED; received 2 response(s) [73e75fb6-f1d7-4311-b684-bd95d4e816a1<-317a9921-db1c-43a7-b546-bfd5748728d7#0:FAIL-t30, 73e75fb6-f1d7-4311-b684-bd95d4e816a1<-39c5c445-cd83-4942-987d-d462f81a24e8#0:FAIL-t30] and 0 exception(s); 73e75fb6-f1d7-4311-b684-bd95d4e816a1@group-1BF4C328EE0E:t30, leader=null, voted=73e75fb6-f1d7-4311-b684-bd95d4e816a1, raftlog=73e75fb6-f1d7-4311-b684-bd95d4e816a1@group-1BF4C328EE0E-SegmentedRaftLog:OPENED:c-1,f-1,i0, conf=-1: [73e75fb6-f1d7-4311-b684-bd95d4e816a1:192.168.69.104:34728, 317a9921-db1c-43a7-b546-bfd5748728d7:192.168.69.104:33231, 39c5c445-cd83-4942-987d-d462f81a24e8:192.168.69.104:40343], old=null
2019-10-16 06:58:28,519 [73e75fb6-f1d7-4311-b684-bd95d4e816a1@group-1BF4C328EE0E-LeaderElection60] INFO  impl.RaftServerImpl (RaftServerImpl.java:setRole(184)) - 73e75fb6-f1d7-4311-b684-bd95d4e816a1@group-1BF4C328EE0E: changes role from CANDIDATE to FOLLOWER at term 30 for DISCOVERED_A_NEW_TERM
2019-10-16 06:58:28,519 [73e75fb6-f1d7-4311-b684-bd95d4e816a1@group-1BF4C328EE0E-LeaderElection60] INFO  impl.RoleInfo (RoleInfo.java:shutdownLeaderElection(134)) - 73e75fb6-f1d7-4311-b684-bd95d4e816a1: shutdown LeaderElection
2019-10-16 06:58:28,519 [73e75fb6-f1d7-4311-b684-bd95d4e816a1@group-1BF4C328EE0E-LeaderElection60] INFO  impl.RoleInfo (RoleInfo.java:updateAndGet(143)) - 73e75fb6-f1d7-4311-b684-bd95d4e816a1: start FollowerState
2019-10-16 06:58:28,520 [Thread-1537] INFO  impl.FollowerState (FollowerState.java:run(108)) - 73e75fb6-f1d7-4311-b684-bd95d4e816a1@group-1BF4C328EE0E-FollowerState: change to CANDIDATE, lastRpcTime:0ms, electionTimeout:0ms
2019-10-16 06:58:28,520 [Thread-1537] INFO  impl.RoleInfo (RoleInfo.java:shutdownFollowerState(121)) - 73e75fb6-f1d7-4311-b684-bd95d4e816a1: shutdown FollowerState
2019-10-16 06:58:28,520 [Thread-1537] INFO  impl.RaftServerImpl (RaftServerImpl.java:setRole(184)) - 73e75fb6-f1d7-4311-b684-bd95d4e816a1@group-1BF4C328EE0E: changes role from  FOLLOWER to CANDIDATE at term 30 for changeToCandidate
2019-10-16 06:58:28,520 [Thread-1537] INFO  impl.RoleInfo (RoleInfo.java:updateAndGet(143)) - 73e75fb6-f1d7-4311-b684-bd95d4e816a1: start LeaderElection
2019-10-16 06:58:28,535 [73e75fb6-f1d7-4311-b684-bd95d4e816a1@group-1BF4C328EE0E-LeaderElection61] INFO  impl.LeaderElection (LeaderElection.java:askForVotes(178)) - 73e75fb6-f1d7-4311-b684-bd95d4e816a1@group-1BF4C328EE0E-LeaderElection61: begin an election at term 31 for -1: [73e75fb6-f1d7-4311-b684-bd95d4e816a1:192.168.69.104:34728, 317a9921-db1c-43a7-b546-bfd5748728d7:192.168.69.104:33231, 39c5c445-cd83-4942-987d-d462f81a24e8:192.168.69.104:40343], old=null
2019-10-16 06:58:28,537 [grpc-default-executor-3] INFO  impl.RaftServerImpl (RaftServerImpl.java:setRole(184)) - 317a9921-db1c-43a7-b546-bfd5748728d7@group-1BF4C328EE0E: changes role from  FOLLOWER to FOLLOWER at term 31 for recognizeCandidate:73e75fb6-f1d7-4311-b684-bd95d4e816a1
2019-10-16 06:58:28,537 [grpc-default-executor-2] INFO  impl.RaftServerImpl (RaftServerImpl.java:setRole(184)) - 39c5c445-cd83-4942-987d-d462f81a24e8@group-1BF4C328EE0E: changes role from  FOLLOWER to FOLLOWER at term 31 for recognizeCandidate:73e75fb6-f1d7-4311-b684-bd95d4e816a1
2019-10-16 06:58:28,537 [grpc-default-executor-3] INFO  impl.RoleInfo (RoleInfo.java:shutdownFollowerState(121)) - 317a9921-db1c-43a7-b546-bfd5748728d7: shutdown FollowerState
2019-10-16 06:58:28,537 [grpc-default-executor-2] INFO  impl.RoleInfo (RoleInfo.java:shutdownFollowerState(121)) - 39c5c445-cd83-4942-987d-d462f81a24e8: shutdown FollowerState
2019-10-16 06:58:28,537 [Thread-1536] INFO  impl.FollowerState (FollowerState.java:run(117)) - 317a9921-db1c-43a7-b546-bfd5748728d7@group-1BF4C328EE0E-FollowerState was interrupted: java.lang.InterruptedException: sleep interrupted
2019-10-16 06:58:28,537 [grpc-default-executor-3] INFO  impl.RoleInfo (RoleInfo.java:updateAndGet(143)) - 317a9921-db1c-43a7-b546-bfd5748728d7: start FollowerState
2019-10-16 06:58:28,537 [Thread-1535] INFO  impl.FollowerState (FollowerState.java:run(117)) - 39c5c445-cd83-4942-987d-d462f81a24e8@group-1BF4C328EE0E-FollowerState was interrupted: java.lang.InterruptedException: sleep interrupted
2019-10-16 06:58:28,537 [grpc-default-executor-2] INFO  impl.RoleInfo (RoleInfo.java:updateAndGet(143)) - 39c5c445-cd83-4942-987d-d462f81a24e8: start FollowerState
2019-10-16 06:58:28,552 [73e75fb6-f1d7-4311-b684-bd95d4e816a1@group-1BF4C328EE0E-LeaderElection61] INFO  impl.LeaderElection (LeaderElection.java:logAndReturn(56)) - 73e75fb6-f1d7-4311-b684-bd95d4e816a1@group-1BF4C328EE0E-LeaderElection61: Election REJECTED; received 2 response(s) [73e75fb6-f1d7-4311-b684-bd95d4e816a1<-317a9921-db1c-43a7-b546-bfd5748728d7#0:FAIL-t31, 73e75fb6-f1d7-4311-b684-bd95d4e816a1<-39c5c445-cd83-4942-987d-d462f81a24e8#0:FAIL-t31] and 0 exception(s); 73e75fb6-f1d7-4311-b684-bd95d4e816a1@group-1BF4C328EE0E:t31, leader=null, voted=73e75fb6-f1d7-4311-b684-bd95d4e816a1, raftlog=73e75fb6-f1d7-4311-b684-bd95d4e816a1@group-1BF4C328EE0E-SegmentedRaftLog:OPENED:c-1,f-1,i0, conf=-1: [73e75fb6-f1d7-4311-b684-bd95d4e816a1:192.168.69.104:34728, 317a9921-db1c-43a7-b546-bfd5748728d7:192.168.69.104:33231, 39c5c445-cd83-4942-987d-d462f81a24e8:192.168.69.104:40343], old=null
2019-10-16 06:58:28,552 [73e75fb6-f1d7-4311-b684-bd95d4e816a1@group-1BF4C328EE0E-LeaderElection61] INFO  impl.RaftServerImpl (RaftServerImpl.java:setRole(184)) - 73e75fb6-f1d7-4311-b684-bd95d4e816a1@group-1BF4C328EE0E: changes role from CANDIDATE to FOLLOWER at term 31 for DISCOVERED_A_NEW_TERM
2019-10-16 06:58:28,552 [73e75fb6-f1d7-4311-b684-bd95d4e816a1@group-1BF4C328EE0E-LeaderElection61] INFO  impl.RoleInfo (RoleInfo.java:shutdownLeaderElection(134)) - 73e75fb6-f1d7-4311-b684-bd95d4e816a1: shutdown LeaderElection
2019-10-16 06:58:28,552 [73e75fb6-f1d7-4311-b684-bd95d4e816a1@group-1BF4C328EE0E-LeaderElection61] INFO  impl.RoleInfo (RoleInfo.java:updateAndGet(143)) - 73e75fb6-f1d7-4311-b684-bd95d4e816a1: start FollowerState
2019-10-16 06:58:28,700 [Thread-1543] INFO  impl.FollowerState (FollowerState.java:run(108)) - 73e75fb6-f1d7-4311-b684-bd95d4e816a1@group-1BF4C328EE0E-FollowerState: change to CANDIDATE, lastRpcTime:147ms, electionTimeout:147ms
2019-10-16 06:58:28,700 [Thread-1543] INFO  impl.RoleInfo (RoleInfo.java:shutdownFollowerState(121)) - 73e75fb6-f1d7-4311-b684-bd95d4e816a1: shutdown FollowerState
2019-10-16 06:58:28,700 [Thread-1543] INFO  impl.RaftServerImpl (RaftServerImpl.java:setRole(184)) - 73e75fb6-f1d7-4311-b684-bd95d4e816a1@group-1BF4C328EE0E: changes role from  FOLLOWER to CANDIDATE at term 31 for changeToCandidate
2019-10-16 06:58:28,700 [Thread-1543] INFO  impl.RoleInfo (RoleInfo.java:updateAndGet(143)) - 73e75fb6-f1d7-4311-b684-bd95d4e816a1: start LeaderElection
2019-10-16 06:58:28,722 [73e75fb6-f1d7-4311-b684-bd95d4e816a1@group-1BF4C328EE0E-LeaderElection62] INFO  impl.LeaderElection (LeaderElection.java:askForVotes(178)) - 73e75fb6-f1d7-4311-b684-bd95d4e816a1@group-1BF4C328EE0E-LeaderElection62: begin an election at term 32 for -1: [73e75fb6-f1d7-4311-b684-bd95d4e816a1:192.168.69.104:34728, 317a9921-db1c-43a7-b546-bfd5748728d7:192.168.69.104:33231, 39c5c445-cd83-4942-987d-d462f81a24e8:192.168.69.104:40343], old=null
2019-10-16 06:58:28,725 [grpc-default-executor-3] INFO  impl.RaftServerImpl (RaftServerImpl.java:setRole(184)) - 317a9921-db1c-43a7-b546-bfd5748728d7@group-1BF4C328EE0E: changes role from  FOLLOWER to FOLLOWER at term 32 for recognizeCandidate:73e75fb6-f1d7-4311-b684-bd95d4e816a1
2019-10-16 06:58:28,725 [grpc-default-executor-2] INFO  impl.RaftServerImpl (RaftServerImpl.java:setRole(184)) - 39c5c445-cd83-4942-987d-d462f81a24e8@group-1BF4C328EE0E: changes role from  FOLLOWER to FOLLOWER at term 32 for recognizeCandidate:73e75fb6-f1d7-4311-b684-bd95d4e816a1
2019-10-16 06:58:28,725 [grpc-default-executor-3] INFO  impl.RoleInfo (RoleInfo.java:shutdownFollowerState(121)) - 317a9921-db1c-43a7-b546-bfd5748728d7: shutdown FollowerState
2019-10-16 06:58:28,725 [grpc-default-executor-2] INFO  impl.RoleInfo (RoleInfo.java:shutdownFollowerState(121)) - 39c5c445-cd83-4942-987d-d462f81a24e8: shutdown FollowerState
2019-10-16 06:58:28,725 [Thread-1541] INFO  impl.FollowerState (FollowerState.java:run(117)) - 317a9921-db1c-43a7-b546-bfd5748728d7@group-1BF4C328EE0E-FollowerState was interrupted: java.lang.InterruptedException: sleep interrupted
2019-10-16 06:58:28,725 [grpc-default-executor-3] INFO  impl.RoleInfo (RoleInfo.java:updateAndGet(143)) - 317a9921-db1c-43a7-b546-bfd5748728d7: start FollowerState
2019-10-16 06:58:28,725 [Thread-1542] INFO  impl.FollowerState (FollowerState.java:run(117)) - 39c5c445-cd83-4942-987d-d462f81a24e8@group-1BF4C328EE0E-FollowerState was interrupted: java.lang.InterruptedException: sleep interrupted
2019-10-16 06:58:28,725 [grpc-default-executor-2] INFO  impl.RoleInfo (RoleInfo.java:updateAndGet(143)) - 39c5c445-cd83-4942-987d-d462f81a24e8: start FollowerState
2019-10-16 06:58:28,740 [73e75fb6-f1d7-4311-b684-bd95d4e816a1@group-1BF4C328EE0E-LeaderElection62] INFO  impl.LeaderElection (LeaderElection.java:logAndReturn(56)) - 73e75fb6-f1d7-4311-b684-bd95d4e816a1@group-1BF4C328EE0E-LeaderElection62: Election REJECTED; received 2 response(s) [73e75fb6-f1d7-4311-b684-bd95d4e816a1<-317a9921-db1c-43a7-b546-bfd5748728d7#0:FAIL-t32, 73e75fb6-f1d7-4311-b684-bd95d4e816a1<-39c5c445-cd83-4942-987d-d462f81a24e8#0:FAIL-t32] and 0 exception(s); 73e75fb6-f1d7-4311-b684-bd95d4e816a1@group-1BF4C328EE0E:t32, leader=null, voted=73e75fb6-f1d7-4311-b684-bd95d4e816a1, raftlog=73e75fb6-f1d7-4311-b684-bd95d4e816a1@group-1BF4C328EE0E-SegmentedRaftLog:OPENED:c-1,f-1,i0, conf=-1: [73e75fb6-f1d7-4311-b684-bd95d4e816a1:192.168.69.104:34728, 317a9921-db1c-43a7-b546-bfd5748728d7:192.168.69.104:33231, 39c5c445-cd83-4942-987d-d462f81a24e8:192.168.69.104:40343], old=null
2019-10-16 06:58:28,740 [73e75fb6-f1d7-4311-b684-bd95d4e816a1@group-1BF4C328EE0E-LeaderElection62] INFO  impl.RaftServerImpl (RaftServerImpl.java:setRole(184)) - 73e75fb6-f1d7-4311-b684-bd95d4e816a1@group-1BF4C328EE0E: changes role from CANDIDATE to FOLLOWER at term 32 for DISCOVERED_A_NEW_TERM
2019-10-16 06:58:28,740 [73e75fb6-f1d7-4311-b684-bd95d4e816a1@group-1BF4C328EE0E-LeaderElection62] INFO  impl.RoleInfo (RoleInfo.java:shutdownLeaderElection(134)) - 73e75fb6-f1d7-4311-b684-bd95d4e816a1: shutdown LeaderElection
2019-10-16 06:58:28,740 [73e75fb6-f1d7-4311-b684-bd95d4e816a1@group-1BF4C328EE0E-LeaderElection62] INFO  impl.RoleInfo (RoleInfo.java:updateAndGet(143)) - 73e75fb6-f1d7-4311-b684-bd95d4e816a1: start FollowerState
2019-10-16 06:58:28,922 [Thread-1549] INFO  impl.FollowerState (FollowerState.java:run(108)) - 73e75fb6-f1d7-4311-b684-bd95d4e816a1@group-1BF4C328EE0E-FollowerState: change to CANDIDATE, lastRpcTime:181ms, electionTimeout:181ms
2019-10-16 06:58:28,922 [Thread-1549] INFO  impl.RoleInfo (RoleInfo.java:shutdownFollowerState(121)) - 73e75fb6-f1d7-4311-b684-bd95d4e816a1: shutdown FollowerState
2019-10-16 06:58:28,922 [Thread-1549] INFO  impl.RaftServerImpl (RaftServerImpl.java:setRole(184)) - 73e75fb6-f1d7-4311-b684-bd95d4e816a1@group-1BF4C328EE0E: changes role from  FOLLOWER to CANDIDATE at term 32 for changeToCandidate
2019-10-16 06:58:28,922 [Thread-1549] INFO  impl.RoleInfo (RoleInfo.java:updateAndGet(143)) - 73e75fb6-f1d7-4311-b684-bd95d4e816a1: start LeaderElection
2019-10-16 06:58:28,935 [73e75fb6-f1d7-4311-b684-bd95d4e816a1@group-1BF4C328EE0E-LeaderElection63] INFO  impl.LeaderElection (LeaderElection.java:askForVotes(178)) - 73e75fb6-f1d7-4311-b684-bd95d4e816a1@group-1BF4C328EE0E-LeaderElection63: begin an election at term 33 for -1: [73e75fb6-f1d7-4311-b684-bd95d4e816a1:192.168.69.104:34728, 317a9921-db1c-43a7-b546-bfd5748728d7:192.168.69.104:33231, 39c5c445-cd83-4942-987d-d462f81a24e8:192.168.69.104:40343], old=null
2019-10-16 06:58:28,939 [grpc-default-executor-2] INFO  impl.RaftServerImpl (RaftServerImpl.java:setRole(184)) - 317a9921-db1c-43a7-b546-bfd5748728d7@group-1BF4C328EE0E: changes role from  FOLLOWER to FOLLOWER at term 33 for recognizeCandidate:73e75fb6-f1d7-4311-b684-bd95d4e816a1
2019-10-16 06:58:28,939 [grpc-default-executor-3] INFO  impl.RaftServerImpl (RaftServerImpl.java:setRole(184)) - 39c5c445-cd83-4942-987d-d462f81a24e8@group-1BF4C328EE0E: changes role from  FOLLOWER to FOLLOWER at term 33 for recognizeCandidate:73e75fb6-f1d7-4311-b684-bd95d4e816a1
2019-10-16 06:58:28,939 [grpc-default-executor-2] INFO  impl.RoleInfo (RoleInfo.java:shutdownFollowerState(121)) - 317a9921-db1c-43a7-b546-bfd5748728d7: shutdown FollowerState
2019-10-16 06:58:28,939 [grpc-default-executor-3] INFO  impl.RoleInfo (RoleInfo.java:shutdownFollowerState(121)) - 39c5c445-cd83-4942-987d-d462f81a24e8: shutdown FollowerState
2019-10-16 06:58:28,939 [Thread-1547] INFO  impl.FollowerState (FollowerState.java:run(117)) - 317a9921-db1c-43a7-b546-bfd5748728d7@group-1BF4C328EE0E-FollowerState was interrupted: java.lang.InterruptedException: sleep interrupted
2019-10-16 06:58:28,939 [Thread-1548] INFO  impl.FollowerState (FollowerState.java:run(117)) - 39c5c445-cd83-4942-987d-d462f81a24e8@group-1BF4C328EE0E-FollowerState was interrupted: java.lang.InterruptedException: sleep interrupted
2019-10-16 06:58:28,939 [grpc-default-executor-3] INFO  impl.RoleInfo (RoleInfo.java:updateAndGet(143)) - 39c5c445-cd83-4942-987d-d462f81a24e8: start FollowerState
2019-10-16 06:58:28,939 [grpc-default-executor-2] INFO  impl.RoleInfo (RoleInfo.java:updateAndGet(143)) - 317a9921-db1c-43a7-b546-bfd5748728d7: start FollowerState
2019-10-16 06:58:28,954 [73e75fb6-f1d7-4311-b684-bd95d4e816a1@group-1BF4C328EE0E-LeaderElection63] INFO  impl.LeaderElection (LeaderElection.java:logAndReturn(56)) - 73e75fb6-f1d7-4311-b684-bd95d4e816a1@group-1BF4C328EE0E-LeaderElection63: Election REJECTED; received 2 response(s) [73e75fb6-f1d7-4311-b684-bd95d4e816a1<-317a9921-db1c-43a7-b546-bfd5748728d7#0:FAIL-t33, 73e75fb6-f1d7-4311-b684-bd95d4e816a1<-39c5c445-cd83-4942-987d-d462f81a24e8#0:FAIL-t33] and 0 exception(s); 73e75fb6-f1d7-4311-b684-bd95d4e816a1@group-1BF4C328EE0E:t33, leader=null, voted=73e75fb6-f1d7-4311-b684-bd95d4e816a1, raftlog=73e75fb6-f1d7-4311-b684-bd95d4e816a1@group-1BF4C328EE0E-SegmentedRaftLog:OPENED:c-1,f-1,i0, conf=-1: [73e75fb6-f1d7-4311-b684-bd95d4e816a1:192.168.69.104:34728, 317a9921-db1c-43a7-b546-bfd5748728d7:192.168.69.104:33231, 39c5c445-cd83-4942-987d-d462f81a24e8:192.168.69.104:40343], old=null
2019-10-16 06:58:28,954 [73e75fb6-f1d7-4311-b684-bd95d4e816a1@group-1BF4C328EE0E-LeaderElection63] INFO  impl.RaftServerImpl (RaftServerImpl.java:setRole(184)) - 73e75fb6-f1d7-4311-b684-bd95d4e816a1@group-1BF4C328EE0E: changes role from CANDIDATE to FOLLOWER at term 33 for DISCOVERED_A_NEW_TERM
2019-10-16 06:58:28,954 [73e75fb6-f1d7-4311-b684-bd95d4e816a1@group-1BF4C328EE0E-LeaderElection63] INFO  impl.RoleInfo (RoleInfo.java:shutdownLeaderElection(134)) - 73e75fb6-f1d7-4311-b684-bd95d4e816a1: shutdown LeaderElection
2019-10-16 06:58:28,955 [73e75fb6-f1d7-4311-b684-bd95d4e816a1@group-1BF4C328EE0E-LeaderElection63] INFO  impl.RoleInfo (RoleInfo.java:updateAndGet(143)) - 73e75fb6-f1d7-4311-b684-bd95d4e816a1: start FollowerState
2019-10-16 06:58:28,969 [Thread-1555] INFO  impl.FollowerState (FollowerState.java:run(108)) - 73e75fb6-f1d7-4311-b684-bd95d4e816a1@group-1BF4C328EE0E-FollowerState: change to CANDIDATE, lastRpcTime:14ms, electionTimeout:14ms
2019-10-16 06:58:28,969 [Thread-1555] INFO  impl.RoleInfo (RoleInfo.java:shutdownFollowerState(121)) - 73e75fb6-f1d7-4311-b684-bd95d4e816a1: shutdown FollowerState
2019-10-16 06:58:28,969 [Thread-1555] INFO  impl.RaftServerImpl (RaftServerImpl.java:setRole(184)) - 73e75fb6-f1d7-4311-b684-bd95d4e816a1@group-1BF4C328EE0E: changes role from  FOLLOWER to CANDIDATE at term 33 for changeToCandidate
2019-10-16 06:58:28,969 [Thread-1555] INFO  impl.RoleInfo (RoleInfo.java:updateAndGet(143)) - 73e75fb6-f1d7-4311-b684-bd95d4e816a1: start LeaderElection
2019-10-16 06:58:28,983 [73e75fb6-f1d7-4311-b684-bd95d4e816a1@group-1BF4C328EE0E-LeaderElection64] INFO  impl.LeaderElection (LeaderElection.java:askForVotes(178)) - 73e75fb6-f1d7-4311-b684-bd95d4e816a1@group-1BF4C328EE0E-LeaderElection64: begin an election at term 34 for -1: [73e75fb6-f1d7-4311-b684-bd95d4e816a1:192.168.69.104:34728, 317a9921-db1c-43a7-b546-bfd5748728d7:192.168.69.104:33231, 39c5c445-cd83-4942-987d-d462f81a24e8:192.168.69.104:40343], old=null
2019-10-16 06:58:28,990 [grpc-default-executor-2] INFO  impl.RaftServerImpl (RaftServerImpl.java:setRole(184)) - 39c5c445-cd83-4942-987d-d462f81a24e8@group-1BF4C328EE0E: changes role from  FOLLOWER to FOLLOWER at term 34 for recognizeCandidate:73e75fb6-f1d7-4311-b684-bd95d4e816a1
2019-10-16 06:58:28,990 [grpc-default-executor-2] INFO  impl.RoleInfo (RoleInfo.java:shutdownFollowerState(121)) - 39c5c445-cd83-4942-987d-d462f81a24e8: shutdown FollowerState
2019-10-16 06:58:28,990 [grpc-default-executor-3] INFO  impl.RaftServerImpl (RaftServerImpl.java:setRole(184)) - 317a9921-db1c-43a7-b546-bfd5748728d7@group-1BF4C328EE0E: changes role from  FOLLOWER to FOLLOWER at term 34 for recognizeCandidate:73e75fb6-f1d7-4311-b684-bd95d4e816a1
2019-10-16 06:58:28,990 [grpc-default-executor-2] INFO  impl.RoleInfo (RoleInfo.java:updateAndGet(143)) - 39c5c445-cd83-4942-987d-d462f81a24e8: start FollowerState
2019-10-16 06:58:28,991 [Thread-1554] INFO  impl.FollowerState (FollowerState.java:run(117)) - 39c5c445-cd83-4942-987d-d462f81a24e8@group-1BF4C328EE0E-FollowerState was interrupted: java.lang.InterruptedException: sleep interrupted
2019-10-16 06:58:28,990 [grpc-default-executor-3] INFO  impl.RoleInfo (RoleInfo.java:shutdownFollowerState(121)) - 317a9921-db1c-43a7-b546-bfd5748728d7: shutdown FollowerState
2019-10-16 06:58:28,991 [grpc-default-executor-3] INFO  impl.RoleInfo (RoleInfo.java:updateAndGet(143)) - 317a9921-db1c-43a7-b546-bfd5748728d7: start FollowerState
2019-10-16 06:58:28,991 [Thread-1553] INFO  impl.FollowerState (FollowerState.java:run(117)) - 317a9921-db1c-43a7-b546-bfd5748728d7@group-1BF4C328EE0E-FollowerState was interrupted: java.lang.InterruptedException: sleep interrupted
2019-10-16 06:58:29,006 [73e75fb6-f1d7-4311-b684-bd95d4e816a1@group-1BF4C328EE0E-LeaderElection64] INFO  impl.LeaderElection (LeaderElection.java:logAndReturn(56)) - 73e75fb6-f1d7-4311-b684-bd95d4e816a1@group-1BF4C328EE0E-LeaderElection64: Election REJECTED; received 2 response(s) [73e75fb6-f1d7-4311-b684-bd95d4e816a1<-317a9921-db1c-43a7-b546-bfd5748728d7#0:FAIL-t34, 73e75fb6-f1d7-4311-b684-bd95d4e816a1<-39c5c445-cd83-4942-987d-d462f81a24e8#0:FAIL-t34] and 0 exception(s); 73e75fb6-f1d7-4311-b684-bd95d4e816a1@group-1BF4C328EE0E:t34, leader=null, voted=73e75fb6-f1d7-4311-b684-bd95d4e816a1, raftlog=73e75fb6-f1d7-4311-b684-bd95d4e816a1@group-1BF4C328EE0E-SegmentedRaftLog:OPENED:c-1,f-1,i0, conf=-1: [73e75fb6-f1d7-4311-b684-bd95d4e816a1:192.168.69.104:34728, 317a9921-db1c-43a7-b546-bfd5748728d7:192.168.69.104:33231, 39c5c445-cd83-4942-987d-d462f81a24e8:192.168.69.104:40343], old=null
2019-10-16 06:58:29,006 [73e75fb6-f1d7-4311-b684-bd95d4e816a1@group-1BF4C328EE0E-LeaderElection64] INFO  impl.RaftServerImpl (RaftServerImpl.java:setRole(184)) - 73e75fb6-f1d7-4311-b684-bd95d4e816a1@group-1BF4C328EE0E: changes role from CANDIDATE to FOLLOWER at term 34 for DISCOVERED_A_NEW_TERM
2019-10-16 06:58:29,006 [73e75fb6-f1d7-4311-b684-bd95d4e816a1@group-1BF4C328EE0E-LeaderElection64] INFO  impl.RoleInfo (RoleInfo.java:shutdownLeaderElection(134)) - 73e75fb6-f1d7-4311-b684-bd95d4e816a1: shutdown LeaderElection
2019-10-16 06:58:29,006 [73e75fb6-f1d7-4311-b684-bd95d4e816a1@group-1BF4C328EE0E-LeaderElection64] INFO  impl.RoleInfo (RoleInfo.java:updateAndGet(143)) - 73e75fb6-f1d7-4311-b684-bd95d4e816a1: start FollowerState
2019-10-16 06:58:29,106 [Thread-1561] INFO  impl.FollowerState (FollowerState.java:run(108)) - 73e75fb6-f1d7-4311-b684-bd95d4e816a1@group-1BF4C328EE0E-FollowerState: change to CANDIDATE, lastRpcTime:99ms, electionTimeout:99ms
2019-10-16 06:58:29,106 [Thread-1561] INFO  impl.RoleInfo (RoleInfo.java:shutdownFollowerState(121)) - 73e75fb6-f1d7-4311-b684-bd95d4e816a1: shutdown FollowerState
2019-10-16 06:58:29,106 [Thread-1561] INFO  impl.RaftServerImpl (RaftServerImpl.java:setRole(184)) - 73e75fb6-f1d7-4311-b684-bd95d4e816a1@group-1BF4C328EE0E: changes role from  FOLLOWER to CANDIDATE at term 34 for changeToCandidate
2019-10-16 06:58:29,106 [Thread-1561] INFO  impl.RoleInfo (RoleInfo.java:updateAndGet(143)) - 73e75fb6-f1d7-4311-b684-bd95d4e816a1: start LeaderElection
2019-10-16 06:58:29,120 [73e75fb6-f1d7-4311-b684-bd95d4e816a1@group-1BF4C328EE0E-LeaderElection65] INFO  impl.LeaderElection (LeaderElection.java:askForVotes(178)) - 73e75fb6-f1d7-4311-b684-bd95d4e816a1@group-1BF4C328EE0E-LeaderElection65: begin an election at term 35 for -1: [73e75fb6-f1d7-4311-b684-bd95d4e816a1:192.168.69.104:34728, 317a9921-db1c-43a7-b546-bfd5748728d7:192.168.69.104:33231, 39c5c445-cd83-4942-987d-d462f81a24e8:192.168.69.104:40343], old=null
2019-10-16 06:58:29,123 [grpc-default-executor-3] INFO  impl.RaftServerImpl (RaftServerImpl.java:setRole(184)) - 317a9921-db1c-43a7-b546-bfd5748728d7@group-1BF4C328EE0E: changes role from  FOLLOWER to FOLLOWER at term 35 for recognizeCandidate:73e75fb6-f1d7-4311-b684-bd95d4e816a1
2019-10-16 06:58:29,123 [grpc-default-executor-2] INFO  impl.RaftServerImpl (RaftServerImpl.java:setRole(184)) - 39c5c445-cd83-4942-987d-d462f81a24e8@group-1BF4C328EE0E: changes role from  FOLLOWER to FOLLOWER at term 35 for recognizeCandidate:73e75fb6-f1d7-4311-b684-bd95d4e816a1
2019-10-16 06:58:29,124 [grpc-default-executor-3] INFO  impl.RoleInfo (RoleInfo.java:shutdownFollowerState(121)) - 317a9921-db1c-43a7-b546-bfd5748728d7: shutdown FollowerState
2019-10-16 06:58:29,124 [grpc-default-executor-2] INFO  impl.RoleInfo (RoleInfo.java:shutdownFollowerState(121)) - 39c5c445-cd83-4942-987d-d462f81a24e8: shutdown FollowerState
2019-10-16 06:58:29,124 [Thread-1560] INFO  impl.FollowerState (FollowerState.java:run(117)) - 317a9921-db1c-43a7-b546-bfd5748728d7@group-1BF4C328EE0E-FollowerState was interrupted: java.lang.InterruptedException: sleep interrupted
2019-10-16 06:58:29,124 [grpc-default-executor-3] INFO  impl.RoleInfo (RoleInfo.java:updateAndGet(143)) - 317a9921-db1c-43a7-b546-bfd5748728d7: start FollowerState
2019-10-16 06:58:29,124 [Thread-1559] INFO  impl.FollowerState (FollowerState.java:run(117)) - 39c5c445-cd83-4942-987d-d462f81a24e8@group-1BF4C328EE0E-FollowerState was interrupted: java.lang.InterruptedException: sleep interrupted
2019-10-16 06:58:29,124 [grpc-default-executor-2] INFO  impl.RoleInfo (RoleInfo.java:updateAndGet(143)) - 39c5c445-cd83-4942-987d-d462f81a24e8: start FollowerState
2019-10-16 06:58:29,130 [73e75fb6-f1d7-4311-b684-bd95d4e816a1@group-1BF4C328EE0E-LeaderElection65] INFO  impl.LeaderElection (LeaderElection.java:logAndReturn(56)) - 73e75fb6-f1d7-4311-b684-bd95d4e816a1@group-1BF4C328EE0E-LeaderElection65: Election TIMEOUT; received 0 response(s) [] and 0 exception(s); 73e75fb6-f1d7-4311-b684-bd95d4e816a1@group-1BF4C328EE0E:t35, leader=null, voted=73e75fb6-f1d7-4311-b684-bd95d4e816a1, raftlog=73e75fb6-f1d7-4311-b684-bd95d4e816a1@group-1BF4C328EE0E-SegmentedRaftLog:OPENED:c-1,f-1,i0, conf=-1: [73e75fb6-f1d7-4311-b684-bd95d4e816a1:192.168.69.104:34728, 317a9921-db1c-43a7-b546-bfd5748728d7:192.168.69.104:33231, 39c5c445-cd83-4942-987d-d462f81a24e8:192.168.69.104:40343], old=null
2019-10-16 06:58:29,138 [73e75fb6-f1d7-4311-b684-bd95d4e816a1@group-1BF4C328EE0E-LeaderElection65] INFO  impl.LeaderElection (LeaderElection.java:askForVotes(178)) - 73e75fb6-f1d7-4311-b684-bd95d4e816a1@group-1BF4C328EE0E-LeaderElection65: begin an election at term 36 for -1: [73e75fb6-f1d7-4311-b684-bd95d4e816a1:192.168.69.104:34728, 317a9921-db1c-43a7-b546-bfd5748728d7:192.168.69.104:33231, 39c5c445-cd83-4942-987d-d462f81a24e8:192.168.69.104:40343], old=null
2019-10-16 06:58:29,142 [grpc-default-executor-3] INFO  impl.RaftServerImpl (RaftServerImpl.java:setRole(184)) - 317a9921-db1c-43a7-b546-bfd5748728d7@group-1BF4C328EE0E: changes role from  FOLLOWER to FOLLOWER at term 36 for recognizeCandidate:73e75fb6-f1d7-4311-b684-bd95d4e816a1
2019-10-16 06:58:29,142 [grpc-default-executor-3] INFO  impl.RoleInfo (RoleInfo.java:shutdownFollowerState(121)) - 317a9921-db1c-43a7-b546-bfd5748728d7: shutdown FollowerState
2019-10-16 06:58:29,142 [grpc-default-executor-2] INFO  impl.RaftServerImpl (RaftServerImpl.java:setRole(184)) - 39c5c445-cd83-4942-987d-d462f81a24e8@group-1BF4C328EE0E: changes role from  FOLLOWER to FOLLOWER at term 36 for recognizeCandidate:73e75fb6-f1d7-4311-b684-bd95d4e816a1
2019-10-16 06:58:29,142 [Thread-1565] INFO  impl.FollowerState (FollowerState.java:run(117)) - 317a9921-db1c-43a7-b546-bfd5748728d7@group-1BF4C328EE0E-FollowerState was interrupted: java.lang.InterruptedException: sleep interrupted
2019-10-16 06:58:29,142 [grpc-default-executor-3] INFO  impl.RoleInfo (RoleInfo.java:updateAndGet(143)) - 317a9921-db1c-43a7-b546-bfd5748728d7: start FollowerState
2019-10-16 06:58:29,142 [grpc-default-executor-2] INFO  impl.RoleInfo (RoleInfo.java:shutdownFollowerState(121)) - 39c5c445-cd83-4942-987d-d462f81a24e8: shutdown FollowerState
2019-10-16 06:58:29,143 [grpc-default-executor-2] INFO  impl.RoleInfo (RoleInfo.java:updateAndGet(143)) - 39c5c445-cd83-4942-987d-d462f81a24e8: start FollowerState
2019-10-16 06:58:29,143 [Thread-1566] INFO  impl.FollowerState (FollowerState.java:run(117)) - 39c5c445-cd83-4942-987d-d462f81a24e8@group-1BF4C328EE0E-FollowerState was interrupted: java.lang.InterruptedException: sleep interrupted
2019-10-16 06:58:29,157 [73e75fb6-f1d7-4311-b684-bd95d4e816a1@group-1BF4C328EE0E-LeaderElection65] INFO  impl.LeaderElection (LeaderElection.java:logAndReturn(56)) - 73e75fb6-f1d7-4311-b684-bd95d4e816a1@group-1BF4C328EE0E-LeaderElection65: Election REJECTED; received 2 response(s) [73e75fb6-f1d7-4311-b684-bd95d4e816a1<-317a9921-db1c-43a7-b546-bfd5748728d7#0:FAIL-t36, 73e75fb6-f1d7-4311-b684-bd95d4e816a1<-39c5c445-cd83-4942-987d-d462f81a24e8#0:FAIL-t36] and 0 exception(s); 73e75fb6-f1d7-4311-b684-bd95d4e816a1@group-1BF4C328EE0E:t36, leader=null, voted=73e75fb6-f1d7-4311-b684-bd95d4e816a1, raftlog=73e75fb6-f1d7-4311-b684-bd95d4e816a1@group-1BF4C328EE0E-SegmentedRaftLog:OPENED:c-1,f-1,i0, conf=-1: [73e75fb6-f1d7-4311-b684-bd95d4e816a1:192.168.69.104:34728, 317a9921-db1c-43a7-b546-bfd5748728d7:192.168.69.104:33231, 39c5c445-cd83-4942-987d-d462f81a24e8:192.168.69.104:40343], old=null
2019-10-16 06:58:29,157 [73e75fb6-f1d7-4311-b684-bd95d4e816a1@group-1BF4C328EE0E-LeaderElection65] INFO  impl.RaftServerImpl (RaftServerImpl.java:setRole(184)) - 73e75fb6-f1d7-4311-b684-bd95d4e816a1@group-1BF4C328EE0E: changes role from CANDIDATE to FOLLOWER at term 36 for DISCOVERED_A_NEW_TERM
2019-10-16 06:58:29,157 [73e75fb6-f1d7-4311-b684-bd95d4e816a1@group-1BF4C328EE0E-LeaderElection65] INFO  impl.RoleInfo (RoleInfo.java:shutdownLeaderElection(134)) - 73e75fb6-f1d7-4311-b684-bd95d4e816a1: shutdown LeaderElection
2019-10-16 06:58:29,157 [73e75fb6-f1d7-4311-b684-bd95d4e816a1@group-1BF4C328EE0E-LeaderElection65] INFO  impl.RoleInfo (RoleInfo.java:updateAndGet(143)) - 73e75fb6-f1d7-4311-b684-bd95d4e816a1: start FollowerState
2019-10-16 06:58:29,247 [Thread-1571] INFO  impl.FollowerState (FollowerState.java:run(108)) - 73e75fb6-f1d7-4311-b684-bd95d4e816a1@group-1BF4C328EE0E-FollowerState: change to CANDIDATE, lastRpcTime:89ms, electionTimeout:89ms
2019-10-16 06:58:29,247 [Thread-1571] INFO  impl.RoleInfo (RoleInfo.java:shutdownFollowerState(121)) - 73e75fb6-f1d7-4311-b684-bd95d4e816a1: shutdown FollowerState
2019-10-16 06:58:29,247 [Thread-1571] INFO  impl.RaftServerImpl (RaftServerImpl.java:setRole(184)) - 73e75fb6-f1d7-4311-b684-bd95d4e816a1@group-1BF4C328EE0E: changes role from  FOLLOWER to CANDIDATE at term 36 for changeToCandidate
2019-10-16 06:58:29,247 [Thread-1571] INFO  impl.RoleInfo (RoleInfo.java:updateAndGet(143)) - 73e75fb6-f1d7-4311-b684-bd95d4e816a1: start LeaderElection
2019-10-16 06:58:29,260 [73e75fb6-f1d7-4311-b684-bd95d4e816a1@group-1BF4C328EE0E-LeaderElection66] INFO  impl.LeaderElection (LeaderElection.java:askForVotes(178)) - 73e75fb6-f1d7-4311-b684-bd95d4e816a1@group-1BF4C328EE0E-LeaderElection66: begin an election at term 37 for -1: [73e75fb6-f1d7-4311-b684-bd95d4e816a1:192.168.69.104:34728, 317a9921-db1c-43a7-b546-bfd5748728d7:192.168.69.104:33231, 39c5c445-cd83-4942-987d-d462f81a24e8:192.168.69.104:40343], old=null
2019-10-16 06:58:29,264 [grpc-default-executor-3] INFO  impl.RaftServerImpl (RaftServerImpl.java:setRole(184)) - 317a9921-db1c-43a7-b546-bfd5748728d7@group-1BF4C328EE0E: changes role from  FOLLOWER to FOLLOWER at term 37 for recognizeCandidate:73e75fb6-f1d7-4311-b684-bd95d4e816a1
2019-10-16 06:58:29,264 [grpc-default-executor-3] INFO  impl.RoleInfo (RoleInfo.java:shutdownFollowerState(121)) - 317a9921-db1c-43a7-b546-bfd5748728d7: shutdown FollowerState
2019-10-16 06:58:29,264 [grpc-default-executor-2] INFO  impl.RaftServerImpl (RaftServerImpl.java:setRole(184)) - 39c5c445-cd83-4942-987d-d462f81a24e8@group-1BF4C328EE0E: changes role from  FOLLOWER to FOLLOWER at term 37 for recognizeCandidate:73e75fb6-f1d7-4311-b684-bd95d4e816a1
2019-10-16 06:58:29,265 [Thread-1569] INFO  impl.FollowerState (FollowerState.java:run(117)) - 317a9921-db1c-43a7-b546-bfd5748728d7@group-1BF4C328EE0E-FollowerState was interrupted: java.lang.InterruptedException: sleep interrupted
2019-10-16 06:58:29,265 [grpc-default-executor-3] INFO  impl.RoleInfo (RoleInfo.java:updateAndGet(143)) - 317a9921-db1c-43a7-b546-bfd5748728d7: start FollowerState
2019-10-16 06:58:29,265 [grpc-default-executor-2] INFO  impl.RoleInfo (RoleInfo.java:shutdownFollowerState(121)) - 39c5c445-cd83-4942-987d-d462f81a24e8: shutdown FollowerState
2019-10-16 06:58:29,265 [grpc-default-executor-2] INFO  impl.RoleInfo (RoleInfo.java:updateAndGet(143)) - 39c5c445-cd83-4942-987d-d462f81a24e8: start FollowerState
2019-10-16 06:58:29,265 [Thread-1570] INFO  impl.FollowerState (FollowerState.java:run(117)) - 39c5c445-cd83-4942-987d-d462f81a24e8@group-1BF4C328EE0E-FollowerState was interrupted: java.lang.InterruptedException: sleep interrupted
2019-10-16 06:58:29,279 [73e75fb6-f1d7-4311-b684-bd95d4e816a1@group-1BF4C328EE0E-LeaderElection66] INFO  impl.LeaderElection (LeaderElection.java:logAndReturn(56)) - 73e75fb6-f1d7-4311-b684-bd95d4e816a1@group-1BF4C328EE0E-LeaderElection66: Election REJECTED; received 2 response(s) [73e75fb6-f1d7-4311-b684-bd95d4e816a1<-317a9921-db1c-43a7-b546-bfd5748728d7#0:FAIL-t37, 73e75fb6-f1d7-4311-b684-bd95d4e816a1<-39c5c445-cd83-4942-987d-d462f81a24e8#0:FAIL-t37] and 0 exception(s); 73e75fb6-f1d7-4311-b684-bd95d4e816a1@group-1BF4C328EE0E:t37, leader=null, voted=73e75fb6-f1d7-4311-b684-bd95d4e816a1, raftlog=73e75fb6-f1d7-4311-b684-bd95d4e816a1@group-1BF4C328EE0E-SegmentedRaftLog:OPENED:c-1,f-1,i0, conf=-1: [73e75fb6-f1d7-4311-b684-bd95d4e816a1:192.168.69.104:34728, 317a9921-db1c-43a7-b546-bfd5748728d7:192.168.69.104:33231, 39c5c445-cd83-4942-987d-d462f81a24e8:192.168.69.104:40343], old=null
2019-10-16 06:58:29,279 [73e75fb6-f1d7-4311-b684-bd95d4e816a1@group-1BF4C328EE0E-LeaderElection66] INFO  impl.RaftServerImpl (RaftServerImpl.java:setRole(184)) - 73e75fb6-f1d7-4311-b684-bd95d4e816a1@group-1BF4C328EE0E: changes role from CANDIDATE to FOLLOWER at term 37 for DISCOVERED_A_NEW_TERM
2019-10-16 06:58:29,279 [73e75fb6-f1d7-4311-b684-bd95d4e816a1@group-1BF4C328EE0E-LeaderElection66] INFO  impl.RoleInfo (RoleInfo.java:shutdownLeaderElection(134)) - 73e75fb6-f1d7-4311-b684-bd95d4e816a1: shutdown LeaderElection
2019-10-16 06:58:29,280 [73e75fb6-f1d7-4311-b684-bd95d4e816a1@group-1BF4C328EE0E-LeaderElection66] INFO  impl.RoleInfo (RoleInfo.java:updateAndGet(143)) - 73e75fb6-f1d7-4311-b684-bd95d4e816a1: start FollowerState
2019-10-16 06:58:29,423 [Thread-1577] INFO  impl.FollowerState (FollowerState.java:run(108)) - 73e75fb6-f1d7-4311-b684-bd95d4e816a1@group-1BF4C328EE0E-FollowerState: change to CANDIDATE, lastRpcTime:143ms, electionTimeout:143ms
2019-10-16 06:58:29,423 [Thread-1577] INFO  impl.RoleInfo (RoleInfo.java:shutdownFollowerState(121)) - 73e75fb6-f1d7-4311-b684-bd95d4e816a1: shutdown FollowerState
2019-10-16 06:58:29,423 [Thread-1577] INFO  impl.RaftServerImpl (RaftServerImpl.java:setRole(184)) - 73e75fb6-f1d7-4311-b684-bd95d4e816a1@group-1BF4C328EE0E: changes role from  FOLLOWER to CANDIDATE at term 37 for changeToCandidate
2019-10-16 06:58:29,423 [Thread-1577] INFO  impl.RoleInfo (RoleInfo.java:updateAndGet(143)) - 73e75fb6-f1d7-4311-b684-bd95d4e816a1: start LeaderElection
2019-10-16 06:58:29,437 [73e75fb6-f1d7-4311-b684-bd95d4e816a1@group-1BF4C328EE0E-LeaderElection67] INFO  impl.LeaderElection (LeaderElection.java:askForVotes(178)) - 73e75fb6-f1d7-4311-b684-bd95d4e816a1@group-1BF4C328EE0E-LeaderElection67: begin an election at term 38 for -1: [73e75fb6-f1d7-4311-b684-bd95d4e816a1:192.168.69.104:34728, 317a9921-db1c-43a7-b546-bfd5748728d7:192.168.69.104:33231, 39c5c445-cd83-4942-987d-d462f81a24e8:192.168.69.104:40343], old=null
2019-10-16 06:58:29,440 [grpc-default-executor-2] INFO  impl.RaftServerImpl (RaftServerImpl.java:setRole(184)) - 39c5c445-cd83-4942-987d-d462f81a24e8@group-1BF4C328EE0E: changes role from  FOLLOWER to FOLLOWER at term 38 for recognizeCandidate:73e75fb6-f1d7-4311-b684-bd95d4e816a1
2019-10-16 06:58:29,440 [grpc-default-executor-3] INFO  impl.RaftServerImpl (RaftServerImpl.java:setRole(184)) - 317a9921-db1c-43a7-b546-bfd5748728d7@group-1BF4C328EE0E: changes role from  FOLLOWER to FOLLOWER at term 38 for recognizeCandidate:73e75fb6-f1d7-4311-b684-bd95d4e816a1
2019-10-16 06:58:29,440 [grpc-default-executor-2] INFO  impl.RoleInfo (RoleInfo.java:shutdownFollowerState(121)) - 39c5c445-cd83-4942-987d-d462f81a24e8: shutdown FollowerState
2019-10-16 06:58:29,440 [grpc-default-executor-3] INFO  impl.RoleInfo (RoleInfo.java:shutdownFollowerState(121)) - 317a9921-db1c-43a7-b546-bfd5748728d7: shutdown FollowerState
2019-10-16 06:58:29,440 [Thread-1576] INFO  impl.FollowerState (FollowerState.java:run(117)) - 39c5c445-cd83-4942-987d-d462f81a24e8@group-1BF4C328EE0E-FollowerState was interrupted: java.lang.InterruptedException: sleep interrupted
2019-10-16 06:58:29,440 [grpc-default-executor-2] INFO  impl.RoleInfo (RoleInfo.java:updateAndGet(143)) - 39c5c445-cd83-4942-987d-d462f81a24e8: start FollowerState
2019-10-16 06:58:29,440 [Thread-1575] INFO  impl.FollowerState (FollowerState.java:run(117)) - 317a9921-db1c-43a7-b546-bfd5748728d7@group-1BF4C328EE0E-FollowerState was interrupted: java.lang.InterruptedException: sleep interrupted
2019-10-16 06:58:29,440 [grpc-default-executor-3] INFO  impl.RoleInfo (RoleInfo.java:updateAndGet(143)) - 317a9921-db1c-43a7-b546-bfd5748728d7: start FollowerState
2019-10-16 06:58:29,455 [73e75fb6-f1d7-4311-b684-bd95d4e816a1@group-1BF4C328EE0E-LeaderElection67] INFO  impl.LeaderElection (LeaderElection.java:logAndReturn(56)) - 73e75fb6-f1d7-4311-b684-bd95d4e816a1@group-1BF4C328EE0E-LeaderElection67: Election REJECTED; received 2 response(s) [73e75fb6-f1d7-4311-b684-bd95d4e816a1<-317a9921-db1c-43a7-b546-bfd5748728d7#0:FAIL-t38, 73e75fb6-f1d7-4311-b684-bd95d4e816a1<-39c5c445-cd83-4942-987d-d462f81a24e8#0:FAIL-t38] and 0 exception(s); 73e75fb6-f1d7-4311-b684-bd95d4e816a1@group-1BF4C328EE0E:t38, leader=null, voted=73e75fb6-f1d7-4311-b684-bd95d4e816a1, raftlog=73e75fb6-f1d7-4311-b684-bd95d4e816a1@group-1BF4C328EE0E-SegmentedRaftLog:OPENED:c-1,f-1,i0, conf=-1: [73e75fb6-f1d7-4311-b684-bd95d4e816a1:192.168.69.104:34728, 317a9921-db1c-43a7-b546-bfd5748728d7:192.168.69.104:33231, 39c5c445-cd83-4942-987d-d462f81a24e8:192.168.69.104:40343], old=null
2019-10-16 06:58:29,455 [73e75fb6-f1d7-4311-b684-bd95d4e816a1@group-1BF4C328EE0E-LeaderElection67] INFO  impl.RaftServerImpl (RaftServerImpl.java:setRole(184)) - 73e75fb6-f1d7-4311-b684-bd95d4e816a1@group-1BF4C328EE0E: changes role from CANDIDATE to FOLLOWER at term 38 for DISCOVERED_A_NEW_TERM
2019-10-16 06:58:29,455 [73e75fb6-f1d7-4311-b684-bd95d4e816a1@group-1BF4C328EE0E-LeaderElection67] INFO  impl.RoleInfo (RoleInfo.java:shutdownLeaderElection(134)) - 73e75fb6-f1d7-4311-b684-bd95d4e816a1: shutdown LeaderElection
2019-10-16 06:58:29,456 [73e75fb6-f1d7-4311-b684-bd95d4e816a1@group-1BF4C328EE0E-LeaderElection67] INFO  impl.RoleInfo (RoleInfo.java:updateAndGet(143)) - 73e75fb6-f1d7-4311-b684-bd95d4e816a1: start FollowerState
2019-10-16 06:58:29,491 [Thread-1583] INFO  impl.FollowerState (FollowerState.java:run(108)) - 73e75fb6-f1d7-4311-b684-bd95d4e816a1@group-1BF4C328EE0E-FollowerState: change to CANDIDATE, lastRpcTime:35ms, electionTimeout:35ms
2019-10-16 06:58:29,491 [Thread-1583] INFO  impl.RoleInfo (RoleInfo.java:shutdownFollowerState(121)) - 73e75fb6-f1d7-4311-b684-bd95d4e816a1: shutdown FollowerState
2019-10-16 06:58:29,491 [Thread-1583] INFO  impl.RaftServerImpl (RaftServerImpl.java:setRole(184)) - 73e75fb6-f1d7-4311-b684-bd95d4e816a1@group-1BF4C328EE0E: changes role from  FOLLOWER to CANDIDATE at term 38 for changeToCandidate
2019-10-16 06:58:29,491 [Thread-1583] INFO  impl.RoleInfo (RoleInfo.java:updateAndGet(143)) - 73e75fb6-f1d7-4311-b684-bd95d4e816a1: start LeaderElection
2019-10-16 06:58:29,504 [73e75fb6-f1d7-4311-b684-bd95d4e816a1@group-1BF4C328EE0E-LeaderElection68] INFO  impl.LeaderElection (LeaderElection.java:askForVotes(178)) - 73e75fb6-f1d7-4311-b684-bd95d4e816a1@group-1BF4C328EE0E-LeaderElection68: begin an election at term 39 for -1: [73e75fb6-f1d7-4311-b684-bd95d4e816a1:192.168.69.104:34728, 317a9921-db1c-43a7-b546-bfd5748728d7:192.168.69.104:33231, 39c5c445-cd83-4942-987d-d462f81a24e8:192.168.69.104:40343], old=null
2019-10-16 06:58:29,508 [grpc-default-executor-2] INFO  impl.RaftServerImpl (RaftServerImpl.java:setRole(184)) - 317a9921-db1c-43a7-b546-bfd5748728d7@group-1BF4C328EE0E: changes role from  FOLLOWER to FOLLOWER at term 39 for recognizeCandidate:73e75fb6-f1d7-4311-b684-bd95d4e816a1
2019-10-16 06:58:29,508 [grpc-default-executor-2] INFO  impl.RoleInfo (RoleInfo.java:shutdownFollowerState(121)) - 317a9921-db1c-43a7-b546-bfd5748728d7: shutdown FollowerState
2019-10-16 06:58:29,509 [grpc-default-executor-2] INFO  impl.RoleInfo (RoleInfo.java:updateAndGet(143)) - 317a9921-db1c-43a7-b546-bfd5748728d7: start FollowerState
2019-10-16 06:58:29,509 [Thread-1582] INFO  impl.FollowerState (FollowerState.java:run(117)) - 317a9921-db1c-43a7-b546-bfd5748728d7@group-1BF4C328EE0E-FollowerState was interrupted: java.lang.InterruptedException: sleep interrupted
2019-10-16 06:58:29,509 [grpc-default-executor-3] INFO  impl.RaftServerImpl (RaftServerImpl.java:setRole(184)) - 39c5c445-cd83-4942-987d-d462f81a24e8@group-1BF4C328EE0E: changes role from  FOLLOWER to FOLLOWER at term 39 for recognizeCandidate:73e75fb6-f1d7-4311-b684-bd95d4e816a1
2019-10-16 06:58:29,509 [grpc-default-executor-3] INFO  impl.RoleInfo (RoleInfo.java:shutdownFollowerState(121)) - 39c5c445-cd83-4942-987d-d462f81a24e8: shutdown FollowerState
2019-10-16 06:58:29,509 [grpc-default-executor-3] INFO  impl.RoleInfo (RoleInfo.java:updateAndGet(143)) - 39c5c445-cd83-4942-987d-d462f81a24e8: start FollowerState
2019-10-16 06:58:29,509 [Thread-1581] INFO  impl.FollowerState (FollowerState.java:run(117)) - 39c5c445-cd83-4942-987d-d462f81a24e8@group-1BF4C328EE0E-FollowerState was interrupted: java.lang.InterruptedException: sleep interrupted
2019-10-16 06:58:29,523 [73e75fb6-f1d7-4311-b684-bd95d4e816a1@group-1BF4C328EE0E-LeaderElection68] INFO  impl.LeaderElection (LeaderElection.java:logAndReturn(56)) - 73e75fb6-f1d7-4311-b684-bd95d4e816a1@group-1BF4C328EE0E-LeaderElection68: Election REJECTED; received 2 response(s) [73e75fb6-f1d7-4311-b684-bd95d4e816a1<-317a9921-db1c-43a7-b546-bfd5748728d7#0:FAIL-t39, 73e75fb6-f1d7-4311-b684-bd95d4e816a1<-39c5c445-cd83-4942-987d-d462f81a24e8#0:FAIL-t39] and 0 exception(s); 73e75fb6-f1d7-4311-b684-bd95d4e816a1@group-1BF4C328EE0E:t39, leader=null, voted=73e75fb6-f1d7-4311-b684-bd95d4e816a1, raftlog=73e75fb6-f1d7-4311-b684-bd95d4e816a1@group-1BF4C328EE0E-SegmentedRaftLog:OPENED:c-1,f-1,i0, conf=-1: [73e75fb6-f1d7-4311-b684-bd95d4e816a1:192.168.69.104:34728, 317a9921-db1c-43a7-b546-bfd5748728d7:192.168.69.104:33231, 39c5c445-cd83-4942-987d-d462f81a24e8:192.168.69.104:40343], old=null
2019-10-16 06:58:29,524 [73e75fb6-f1d7-4311-b684-bd95d4e816a1@group-1BF4C328EE0E-LeaderElection68] INFO  impl.RaftServerImpl (RaftServerImpl.java:setRole(184)) - 73e75fb6-f1d7-4311-b684-bd95d4e816a1@group-1BF4C328EE0E: changes role from CANDIDATE to FOLLOWER at term 39 for DISCOVERED_A_NEW_TERM
2019-10-16 06:58:29,524 [73e75fb6-f1d7-4311-b684-bd95d4e816a1@group-1BF4C328EE0E-LeaderElection68] INFO  impl.RoleInfo (RoleInfo.java:shutdownLeaderElection(134)) - 73e75fb6-f1d7-4311-b684-bd95d4e816a1: shutdown LeaderElection
2019-10-16 06:58:29,524 [73e75fb6-f1d7-4311-b684-bd95d4e816a1@group-1BF4C328EE0E-LeaderElection68] INFO  impl.RoleInfo (RoleInfo.java:updateAndGet(143)) - 73e75fb6-f1d7-4311-b684-bd95d4e816a1: start FollowerState
2019-10-16 06:58:29,526 [Thread-1589] INFO  impl.FollowerState (FollowerState.java:run(108)) - 73e75fb6-f1d7-4311-b684-bd95d4e816a1@group-1BF4C328EE0E-FollowerState: change to CANDIDATE, lastRpcTime:2ms, electionTimeout:2ms
2019-10-16 06:58:29,526 [Thread-1589] INFO  impl.RoleInfo (RoleInfo.java:shutdownFollowerState(121)) - 73e75fb6-f1d7-4311-b684-bd95d4e816a1: shutdown FollowerState
2019-10-16 06:58:29,526 [Thread-1589] INFO  impl.RaftServerImpl (RaftServerImpl.java:setRole(184)) - 73e75fb6-f1d7-4311-b684-bd95d4e816a1@group-1BF4C328EE0E: changes role from  FOLLOWER to CANDIDATE at term 39 for changeToCandidate
2019-10-16 06:58:29,526 [Thread-1589] INFO  impl.RoleInfo (RoleInfo.java:updateAndGet(143)) - 73e75fb6-f1d7-4311-b684-bd95d4e816a1: start LeaderElection
2019-10-16 06:58:29,540 [73e75fb6-f1d7-4311-b684-bd95d4e816a1@group-1BF4C328EE0E-LeaderElection69] INFO  impl.LeaderElection (LeaderElection.java:askForVotes(178)) - 73e75fb6-f1d7-4311-b684-bd95d4e816a1@group-1BF4C328EE0E-LeaderElection69: begin an election at term 40 for -1: [73e75fb6-f1d7-4311-b684-bd95d4e816a1:192.168.69.104:34728, 317a9921-db1c-43a7-b546-bfd5748728d7:192.168.69.104:33231, 39c5c445-cd83-4942-987d-d462f81a24e8:192.168.69.104:40343], old=null
2019-10-16 06:58:29,542 [grpc-default-executor-3] INFO  impl.RaftServerImpl (RaftServerImpl.java:setRole(184)) - 317a9921-db1c-43a7-b546-bfd5748728d7@group-1BF4C328EE0E: changes role from  FOLLOWER to FOLLOWER at term 40 for recognizeCandidate:73e75fb6-f1d7-4311-b684-bd95d4e816a1
2019-10-16 06:58:29,542 [grpc-default-executor-3] INFO  impl.RoleInfo (RoleInfo.java:shutdownFollowerState(121)) - 317a9921-db1c-43a7-b546-bfd5748728d7: shutdown FollowerState
2019-10-16 06:58:29,542 [grpc-default-executor-3] INFO  impl.RoleInfo (RoleInfo.java:updateAndGet(143)) - 317a9921-db1c-43a7-b546-bfd5748728d7: start FollowerState
2019-10-16 06:58:29,542 [grpc-default-executor-2] INFO  impl.RaftServerImpl (RaftServerImpl.java:setRole(184)) - 39c5c445-cd83-4942-987d-d462f81a24e8@group-1BF4C328EE0E: changes role from  FOLLOWER to FOLLOWER at term 40 for recognizeCandidate:73e75fb6-f1d7-4311-b684-bd95d4e816a1
2019-10-16 06:58:29,542 [Thread-1587] INFO  impl.FollowerState (FollowerState.java:run(117)) - 317a9921-db1c-43a7-b546-bfd5748728d7@group-1BF4C328EE0E-FollowerState was interrupted: java.lang.InterruptedException: sleep interrupted
2019-10-16 06:58:29,542 [grpc-default-executor-2] INFO  impl.RoleInfo (RoleInfo.java:shutdownFollowerState(121)) - 39c5c445-cd83-4942-987d-d462f81a24e8: shutdown FollowerState
2019-10-16 06:58:29,543 [grpc-default-executor-2] INFO  impl.RoleInfo (RoleInfo.java:updateAndGet(143)) - 39c5c445-cd83-4942-987d-d462f81a24e8: start FollowerState
2019-10-16 06:58:29,543 [Thread-1588] INFO  impl.FollowerState (FollowerState.java:run(117)) - 39c5c445-cd83-4942-987d-d462f81a24e8@group-1BF4C328EE0E-FollowerState was interrupted: java.lang.InterruptedException: sleep interrupted
2019-10-16 06:58:29,558 [73e75fb6-f1d7-4311-b684-bd95d4e816a1@group-1BF4C328EE0E-LeaderElection69] INFO  impl.LeaderElection (LeaderElection.java:logAndReturn(56)) - 73e75fb6-f1d7-4311-b684-bd95d4e816a1@group-1BF4C328EE0E-LeaderElection69: Election REJECTED; received 2 response(s) [73e75fb6-f1d7-4311-b684-bd95d4e816a1<-317a9921-db1c-43a7-b546-bfd5748728d7#0:FAIL-t40, 73e75fb6-f1d7-4311-b684-bd95d4e816a1<-39c5c445-cd83-4942-987d-d462f81a24e8#0:FAIL-t40] and 0 exception(s); 73e75fb6-f1d7-4311-b684-bd95d4e816a1@group-1BF4C328EE0E:t40, leader=null, voted=73e75fb6-f1d7-4311-b684-bd95d4e816a1, raftlog=73e75fb6-f1d7-4311-b684-bd95d4e816a1@group-1BF4C328EE0E-SegmentedRaftLog:OPENED:c-1,f-1,i0, conf=-1: [73e75fb6-f1d7-4311-b684-bd95d4e816a1:192.168.69.104:34728, 317a9921-db1c-43a7-b546-bfd5748728d7:192.168.69.104:33231, 39c5c445-cd83-4942-987d-d462f81a24e8:192.168.69.104:40343], old=null
2019-10-16 06:58:29,559 [73e75fb6-f1d7-4311-b684-bd95d4e816a1@group-1BF4C328EE0E-LeaderElection69] INFO  impl.RaftServerImpl (RaftServerImpl.java:setRole(184)) - 73e75fb6-f1d7-4311-b684-bd95d4e816a1@group-1BF4C328EE0E: changes role from CANDIDATE to FOLLOWER at term 40 for DISCOVERED_A_NEW_TERM
2019-10-16 06:58:29,560 [73e75fb6-f1d7-4311-b684-bd95d4e816a1@group-1BF4C328EE0E-LeaderElection69] INFO  impl.RoleInfo (RoleInfo.java:shutdownLeaderElection(134)) - 73e75fb6-f1d7-4311-b684-bd95d4e816a1: shutdown LeaderElection
2019-10-16 06:58:29,560 [73e75fb6-f1d7-4311-b684-bd95d4e816a1@group-1BF4C328EE0E-LeaderElection69] INFO  impl.RoleInfo (RoleInfo.java:updateAndGet(143)) - 73e75fb6-f1d7-4311-b684-bd95d4e816a1: start FollowerState
2019-10-16 06:58:29,731 [Thread-1595] INFO  impl.FollowerState (FollowerState.java:run(108)) - 73e75fb6-f1d7-4311-b684-bd95d4e816a1@group-1BF4C328EE0E-FollowerState: change to CANDIDATE, lastRpcTime:170ms, electionTimeout:170ms
2019-10-16 06:58:29,731 [Thread-1595] INFO  impl.RoleInfo (RoleInfo.java:shutdownFollowerState(121)) - 73e75fb6-f1d7-4311-b684-bd95d4e816a1: shutdown FollowerState
2019-10-16 06:58:29,731 [Thread-1595] INFO  impl.RaftServerImpl (RaftServerImpl.java:setRole(184)) - 73e75fb6-f1d7-4311-b684-bd95d4e816a1@group-1BF4C328EE0E: changes role from  FOLLOWER to CANDIDATE at term 40 for changeToCandidate
2019-10-16 06:58:29,732 [Thread-1595] INFO  impl.RoleInfo (RoleInfo.java:updateAndGet(143)) - 73e75fb6-f1d7-4311-b684-bd95d4e816a1: start LeaderElection
2019-10-16 06:58:29,745 [73e75fb6-f1d7-4311-b684-bd95d4e816a1@group-1BF4C328EE0E-LeaderElection70] INFO  impl.LeaderElection (LeaderElection.java:askForVotes(178)) - 73e75fb6-f1d7-4311-b684-bd95d4e816a1@group-1BF4C328EE0E-LeaderElection70: begin an election at term 41 for -1: [73e75fb6-f1d7-4311-b684-bd95d4e816a1:192.168.69.104:34728, 317a9921-db1c-43a7-b546-bfd5748728d7:192.168.69.104:33231, 39c5c445-cd83-4942-987d-d462f81a24e8:192.168.69.104:40343], old=null
2019-10-16 06:58:29,753 [grpc-default-executor-2] INFO  impl.RaftServerImpl (RaftServerImpl.java:setRole(184)) - 39c5c445-cd83-4942-987d-d462f81a24e8@group-1BF4C328EE0E: changes role from  FOLLOWER to FOLLOWER at term 41 for recognizeCandidate:73e75fb6-f1d7-4311-b684-bd95d4e816a1
2019-10-16 06:58:29,753 [grpc-default-executor-3] INFO  impl.RaftServerImpl (RaftServerImpl.java:setRole(184)) - 317a9921-db1c-43a7-b546-bfd5748728d7@group-1BF4C328EE0E: changes role from  FOLLOWER to FOLLOWER at term 41 for recognizeCandidate:73e75fb6-f1d7-4311-b684-bd95d4e816a1
2019-10-16 06:58:29,753 [grpc-default-executor-2] INFO  impl.RoleInfo (RoleInfo.java:shutdownFollowerState(121)) - 39c5c445-cd83-4942-987d-d462f81a24e8: shutdown FollowerState
2019-10-16 06:58:29,753 [grpc-default-executor-3] INFO  impl.RoleInfo (RoleInfo.java:shutdownFollowerState(121)) - 317a9921-db1c-43a7-b546-bfd5748728d7: shutdown FollowerState
2019-10-16 06:58:29,754 [grpc-default-executor-2] INFO  impl.RoleInfo (RoleInfo.java:updateAndGet(143)) - 39c5c445-cd83-4942-987d-d462f81a24e8: start FollowerState
2019-10-16 06:58:29,754 [grpc-default-executor-3] INFO  impl.RoleInfo (RoleInfo.java:updateAndGet(143)) - 317a9921-db1c-43a7-b546-bfd5748728d7: start FollowerState
2019-10-16 06:58:29,754 [Thread-1594] INFO  impl.FollowerState (FollowerState.java:run(117)) - 39c5c445-cd83-4942-987d-d462f81a24e8@group-1BF4C328EE0E-FollowerState was interrupted: java.lang.InterruptedException: sleep interrupted
2019-10-16 06:58:29,754 [Thread-1593] INFO  impl.FollowerState (FollowerState.java:run(117)) - 317a9921-db1c-43a7-b546-bfd5748728d7@group-1BF4C328EE0E-FollowerState was interrupted: java.lang.InterruptedException: sleep interrupted
2019-10-16 06:58:29,771 [73e75fb6-f1d7-4311-b684-bd95d4e816a1@group-1BF4C328EE0E-LeaderElection70] INFO  impl.LeaderElection (LeaderElection.java:logAndReturn(56)) - 73e75fb6-f1d7-4311-b684-bd95d4e816a1@group-1BF4C328EE0E-LeaderElection70: Election REJECTED; received 2 response(s) [73e75fb6-f1d7-4311-b684-bd95d4e816a1<-317a9921-db1c-43a7-b546-bfd5748728d7#0:FAIL-t41, 73e75fb6-f1d7-4311-b684-bd95d4e816a1<-39c5c445-cd83-4942-987d-d462f81a24e8#0:FAIL-t41] and 0 exception(s); 73e75fb6-f1d7-4311-b684-bd95d4e816a1@group-1BF4C328EE0E:t41, leader=null, voted=73e75fb6-f1d7-4311-b684-bd95d4e816a1, raftlog=73e75fb6-f1d7-4311-b684-bd95d4e816a1@group-1BF4C328EE0E-SegmentedRaftLog:OPENED:c-1,f-1,i0, conf=-1: [73e75fb6-f1d7-4311-b684-bd95d4e816a1:192.168.69.104:34728, 317a9921-db1c-43a7-b546-bfd5748728d7:192.168.69.104:33231, 39c5c445-cd83-4942-987d-d462f81a24e8:192.168.69.104:40343], old=null
2019-10-16 06:58:29,772 [73e75fb6-f1d7-4311-b684-bd95d4e816a1@group-1BF4C328EE0E-LeaderElection70] INFO  impl.RaftServerImpl (RaftServerImpl.java:setRole(184)) - 73e75fb6-f1d7-4311-b684-bd95d4e816a1@group-1BF4C328EE0E: changes role from CANDIDATE to FOLLOWER at term 41 for DISCOVERED_A_NEW_TERM
2019-10-16 06:58:29,772 [73e75fb6-f1d7-4311-b684-bd95d4e816a1@group-1BF4C328EE0E-LeaderElection70] INFO  impl.RoleInfo (RoleInfo.java:shutdownLeaderElection(134)) - 73e75fb6-f1d7-4311-b684-bd95d4e816a1: shutdown LeaderElection
2019-10-16 06:58:29,772 [73e75fb6-f1d7-4311-b684-bd95d4e816a1@group-1BF4C328EE0E-LeaderElection70] INFO  impl.RoleInfo (RoleInfo.java:updateAndGet(143)) - 73e75fb6-f1d7-4311-b684-bd95d4e816a1: start FollowerState
2019-10-16 06:58:29,958 [Thread-1601] INFO  impl.FollowerState (FollowerState.java:run(108)) - 73e75fb6-f1d7-4311-b684-bd95d4e816a1@group-1BF4C328EE0E-FollowerState: change to CANDIDATE, lastRpcTime:185ms, electionTimeout:185ms
2019-10-16 06:58:29,958 [Thread-1601] INFO  impl.RoleInfo (RoleInfo.java:shutdownFollowerState(121)) - 73e75fb6-f1d7-4311-b684-bd95d4e816a1: shutdown FollowerState
2019-10-16 06:58:29,958 [Thread-1601] INFO  impl.RaftServerImpl (RaftServerImpl.java:setRole(184)) - 73e75fb6-f1d7-4311-b684-bd95d4e816a1@group-1BF4C328EE0E: changes role from  FOLLOWER to CANDIDATE at term 41 for changeToCandidate
2019-10-16 06:58:29,958 [Thread-1601] INFO  impl.RoleInfo (RoleInfo.java:updateAndGet(143)) - 73e75fb6-f1d7-4311-b684-bd95d4e816a1: start LeaderElection
2019-10-16 06:58:29,972 [73e75fb6-f1d7-4311-b684-bd95d4e816a1@group-1BF4C328EE0E-LeaderElection71] INFO  impl.LeaderElection (LeaderElection.java:askForVotes(178)) - 73e75fb6-f1d7-4311-b684-bd95d4e816a1@group-1BF4C328EE0E-LeaderElection71: begin an election at term 42 for -1: [73e75fb6-f1d7-4311-b684-bd95d4e816a1:192.168.69.104:34728, 317a9921-db1c-43a7-b546-bfd5748728d7:192.168.69.104:33231, 39c5c445-cd83-4942-987d-d462f81a24e8:192.168.69.104:40343], old=null
2019-10-16 06:58:29,975 [grpc-default-executor-3] INFO  impl.RaftServerImpl (RaftServerImpl.java:setRole(184)) - 39c5c445-cd83-4942-987d-d462f81a24e8@group-1BF4C328EE0E: changes role from  FOLLOWER to FOLLOWER at term 42 for recognizeCandidate:73e75fb6-f1d7-4311-b684-bd95d4e816a1
2019-10-16 06:58:29,975 [grpc-default-executor-2] INFO  impl.RaftServerImpl (RaftServerImpl.java:setRole(184)) - 317a9921-db1c-43a7-b546-bfd5748728d7@group-1BF4C328EE0E: changes role from  FOLLOWER to FOLLOWER at term 42 for recognizeCandidate:73e75fb6-f1d7-4311-b684-bd95d4e816a1
2019-10-16 06:58:29,976 [grpc-default-executor-3] INFO  impl.RoleInfo (RoleInfo.java:shutdownFollowerState(121)) - 39c5c445-cd83-4942-987d-d462f81a24e8: shutdown FollowerState
2019-10-16 06:58:29,976 [grpc-default-executor-2] INFO  impl.RoleInfo (RoleInfo.java:shutdownFollowerState(121)) - 317a9921-db1c-43a7-b546-bfd5748728d7: shutdown FollowerState
2019-10-16 06:58:29,976 [grpc-default-executor-3] INFO  impl.RoleInfo (RoleInfo.java:updateAndGet(143)) - 39c5c445-cd83-4942-987d-d462f81a24e8: start FollowerState
2019-10-16 06:58:29,976 [Thread-1600] INFO  impl.FollowerState (FollowerState.java:run(117)) - 317a9921-db1c-43a7-b546-bfd5748728d7@group-1BF4C328EE0E-FollowerState was interrupted: java.lang.InterruptedException: sleep interrupted
2019-10-16 06:58:29,976 [grpc-default-executor-2] INFO  impl.RoleInfo (RoleInfo.java:updateAndGet(143)) - 317a9921-db1c-43a7-b546-bfd5748728d7: start FollowerState
2019-10-16 06:58:29,976 [Thread-1599] INFO  impl.FollowerState (FollowerState.java:run(117)) - 39c5c445-cd83-4942-987d-d462f81a24e8@group-1BF4C328EE0E-FollowerState was interrupted: java.lang.InterruptedException: sleep interrupted
2019-10-16 06:58:29,986 [73e75fb6-f1d7-4311-b684-bd95d4e816a1@group-1BF4C328EE0E-LeaderElection71] INFO  impl.LeaderElection (LeaderElection.java:logAndReturn(56)) - 73e75fb6-f1d7-4311-b684-bd95d4e816a1@group-1BF4C328EE0E-LeaderElection71: Election REJECTED; received 2 response(s) [73e75fb6-f1d7-4311-b684-bd95d4e816a1<-317a9921-db1c-43a7-b546-bfd5748728d7#0:FAIL-t42, 73e75fb6-f1d7-4311-b684-bd95d4e816a1<-39c5c445-cd83-4942-987d-d462f81a24e8#0:FAIL-t42] and 0 exception(s); 73e75fb6-f1d7-4311-b684-bd95d4e816a1@group-1BF4C328EE0E:t42, leader=null, voted=73e75fb6-f1d7-4311-b684-bd95d4e816a1, raftlog=73e75fb6-f1d7-4311-b684-bd95d4e816a1@group-1BF4C328EE0E-SegmentedRaftLog:OPENED:c-1,f-1,i0, conf=-1: [73e75fb6-f1d7-4311-b684-bd95d4e816a1:192.168.69.104:34728, 317a9921-db1c-43a7-b546-bfd5748728d7:192.168.69.104:33231, 39c5c445-cd83-4942-987d-d462f81a24e8:192.168.69.104:40343], old=null
2019-10-16 06:58:29,986 [73e75fb6-f1d7-4311-b684-bd95d4e816a1@group-1BF4C328EE0E-LeaderElection71] INFO  impl.RaftServerImpl (RaftServerImpl.java:setRole(184)) - 73e75fb6-f1d7-4311-b684-bd95d4e816a1@group-1BF4C328EE0E: changes role from CANDIDATE to FOLLOWER at term 42 for DISCOVERED_A_NEW_TERM
2019-10-16 06:58:29,986 [73e75fb6-f1d7-4311-b684-bd95d4e816a1@group-1BF4C328EE0E-LeaderElection71] INFO  impl.RoleInfo (RoleInfo.java:shutdownLeaderElection(134)) - 73e75fb6-f1d7-4311-b684-bd95d4e816a1: shutdown LeaderElection
2019-10-16 06:58:29,986 [73e75fb6-f1d7-4311-b684-bd95d4e816a1@group-1BF4C328EE0E-LeaderElection71] INFO  impl.RoleInfo (RoleInfo.java:updateAndGet(143)) - 73e75fb6-f1d7-4311-b684-bd95d4e816a1: start FollowerState
2019-10-16 06:58:30,008 [Thread-1607] INFO  impl.FollowerState (FollowerState.java:run(108)) - 73e75fb6-f1d7-4311-b684-bd95d4e816a1@group-1BF4C328EE0E-FollowerState: change to CANDIDATE, lastRpcTime:21ms, electionTimeout:21ms
2019-10-16 06:58:30,008 [Thread-1607] INFO  impl.RoleInfo (RoleInfo.java:shutdownFollowerState(121)) - 73e75fb6-f1d7-4311-b684-bd95d4e816a1: shutdown FollowerState
2019-10-16 06:58:30,008 [Thread-1607] INFO  impl.RaftServerImpl (RaftServerImpl.java:setRole(184)) - 73e75fb6-f1d7-4311-b684-bd95d4e816a1@group-1BF4C328EE0E: changes role from  FOLLOWER to CANDIDATE at term 42 for changeToCandidate
2019-10-16 06:58:30,008 [Thread-1607] INFO  impl.RoleInfo (RoleInfo.java:updateAndGet(143)) - 73e75fb6-f1d7-4311-b684-bd95d4e816a1: start LeaderElection
2019-10-16 06:58:30,022 [73e75fb6-f1d7-4311-b684-bd95d4e816a1@group-1BF4C328EE0E-LeaderElection72] INFO  impl.LeaderElection (LeaderElection.java:askForVotes(178)) - 73e75fb6-f1d7-4311-b684-bd95d4e816a1@group-1BF4C328EE0E-LeaderElection72: begin an election at term 43 for -1: [73e75fb6-f1d7-4311-b684-bd95d4e816a1:192.168.69.104:34728, 317a9921-db1c-43a7-b546-bfd5748728d7:192.168.69.104:33231, 39c5c445-cd83-4942-987d-d462f81a24e8:192.168.69.104:40343], old=null
2019-10-16 06:58:30,024 [grpc-default-executor-3] INFO  impl.RaftServerImpl (RaftServerImpl.java:setRole(184)) - 317a9921-db1c-43a7-b546-bfd5748728d7@group-1BF4C328EE0E: changes role from  FOLLOWER to FOLLOWER at term 43 for recognizeCandidate:73e75fb6-f1d7-4311-b684-bd95d4e816a1
2019-10-16 06:58:30,024 [grpc-default-executor-3] INFO  impl.RoleInfo (RoleInfo.java:shutdownFollowerState(121)) - 317a9921-db1c-43a7-b546-bfd5748728d7: shutdown FollowerState
2019-10-16 06:58:30,024 [grpc-default-executor-3] INFO  impl.RoleInfo (RoleInfo.java:updateAndGet(143)) - 317a9921-db1c-43a7-b546-bfd5748728d7: start FollowerState
2019-10-16 06:58:30,024 [Thread-1606] INFO  impl.FollowerState (FollowerState.java:run(117)) - 317a9921-db1c-43a7-b546-bfd5748728d7@group-1BF4C328EE0E-FollowerState was interrupted: java.lang.InterruptedException: sleep interrupted
2019-10-16 06:58:30,025 [grpc-default-executor-2] INFO  impl.RaftServerImpl (RaftServerImpl.java:setRole(184)) - 39c5c445-cd83-4942-987d-d462f81a24e8@group-1BF4C328EE0E: changes role from  FOLLOWER to FOLLOWER at term 43 for recognizeCandidate:73e75fb6-f1d7-4311-b684-bd95d4e816a1
2019-10-16 06:58:30,025 [grpc-default-executor-2] INFO  impl.RoleInfo (RoleInfo.java:shutdownFollowerState(121)) - 39c5c445-cd83-4942-987d-d462f81a24e8: shutdown FollowerState
2019-10-16 06:58:30,025 [grpc-default-executor-2] INFO  impl.RoleInfo (RoleInfo.java:updateAndGet(143)) - 39c5c445-cd83-4942-987d-d462f81a24e8: start FollowerState
2019-10-16 06:58:30,025 [Thread-1605] INFO  impl.FollowerState (FollowerState.java:run(117)) - 39c5c445-cd83-4942-987d-d462f81a24e8@group-1BF4C328EE0E-FollowerState was interrupted: java.lang.InterruptedException: sleep interrupted
2019-10-16 06:58:30,039 [73e75fb6-f1d7-4311-b684-bd95d4e816a1@group-1BF4C328EE0E-LeaderElection72] INFO  impl.LeaderElection (LeaderElection.java:logAndReturn(56)) - 73e75fb6-f1d7-4311-b684-bd95d4e816a1@group-1BF4C328EE0E-LeaderElection72: Election REJECTED; received 2 response(s) [73e75fb6-f1d7-4311-b684-bd95d4e816a1<-317a9921-db1c-43a7-b546-bfd5748728d7#0:FAIL-t43, 73e75fb6-f1d7-4311-b684-bd95d4e816a1<-39c5c445-cd83-4942-987d-d462f81a24e8#0:FAIL-t43] and 0 exception(s); 73e75fb6-f1d7-4311-b684-bd95d4e816a1@group-1BF4C328EE0E:t43, leader=null, voted=73e75fb6-f1d7-4311-b684-bd95d4e816a1, raftlog=73e75fb6-f1d7-4311-b684-bd95d4e816a1@group-1BF4C328EE0E-SegmentedRaftLog:OPENED:c-1,f-1,i0, conf=-1: [73e75fb6-f1d7-4311-b684-bd95d4e816a1:192.168.69.104:34728, 317a9921-db1c-43a7-b546-bfd5748728d7:192.168.69.104:33231, 39c5c445-cd83-4942-987d-d462f81a24e8:192.168.69.104:40343], old=null
2019-10-16 06:58:30,039 [73e75fb6-f1d7-4311-b684-bd95d4e816a1@group-1BF4C328EE0E-LeaderElection72] INFO  impl.RaftServerImpl (RaftServerImpl.java:setRole(184)) - 73e75fb6-f1d7-4311-b684-bd95d4e816a1@group-1BF4C328EE0E: changes role from CANDIDATE to FOLLOWER at term 43 for DISCOVERED_A_NEW_TERM
2019-10-16 06:58:30,039 [73e75fb6-f1d7-4311-b684-bd95d4e816a1@group-1BF4C328EE0E-LeaderElection72] INFO  impl.RoleInfo (RoleInfo.java:shutdownLeaderElection(134)) - 73e75fb6-f1d7-4311-b684-bd95d4e816a1: shutdown LeaderElection
2019-10-16 06:58:30,039 [73e75fb6-f1d7-4311-b684-bd95d4e816a1@group-1BF4C328EE0E-LeaderElection72] INFO  impl.RoleInfo (RoleInfo.java:updateAndGet(143)) - 73e75fb6-f1d7-4311-b684-bd95d4e816a1: start FollowerState
2019-10-16 06:58:30,124 [Thread-1613] INFO  impl.FollowerState (FollowerState.java:run(108)) - 73e75fb6-f1d7-4311-b684-bd95d4e816a1@group-1BF4C328EE0E-FollowerState: change to CANDIDATE, lastRpcTime:85ms, electionTimeout:85ms
2019-10-16 06:58:30,125 [Thread-1613] INFO  impl.RoleInfo (RoleInfo.java:shutdownFollowerState(121)) - 73e75fb6-f1d7-4311-b684-bd95d4e816a1: shutdown FollowerState
2019-10-16 06:58:30,125 [Thread-1613] INFO  impl.RaftServerImpl (RaftServerImpl.java:setRole(184)) - 73e75fb6-f1d7-4311-b684-bd95d4e816a1@group-1BF4C328EE0E: changes role from  FOLLOWER to CANDIDATE at term 43 for changeToCandidate
2019-10-16 06:58:30,125 [Thread-1613] INFO  impl.RoleInfo (RoleInfo.java:updateAndGet(143)) - 73e75fb6-f1d7-4311-b684-bd95d4e816a1: start LeaderElection
2019-10-16 06:58:30,147 [73e75fb6-f1d7-4311-b684-bd95d4e816a1@group-1BF4C328EE0E-LeaderElection73] INFO  impl.LeaderElection (LeaderElection.java:askForVotes(178)) - 73e75fb6-f1d7-4311-b684-bd95d4e816a1@group-1BF4C328EE0E-LeaderElection73: begin an election at term 44 for -1: [73e75fb6-f1d7-4311-b684-bd95d4e816a1:192.168.69.104:34728, 317a9921-db1c-43a7-b546-bfd5748728d7:192.168.69.104:33231, 39c5c445-cd83-4942-987d-d462f81a24e8:192.168.69.104:40343], old=null
2019-10-16 06:58:30,150 [grpc-default-executor-2] INFO  impl.RaftServerImpl (RaftServerImpl.java:setRole(184)) - 317a9921-db1c-43a7-b546-bfd5748728d7@group-1BF4C328EE0E: changes role from  FOLLOWER to FOLLOWER at term 44 for recognizeCandidate:73e75fb6-f1d7-4311-b684-bd95d4e816a1
2019-10-16 06:58:30,150 [grpc-default-executor-2] INFO  impl.RoleInfo (RoleInfo.java:shutdownFollowerState(121)) - 317a9921-db1c-43a7-b546-bfd5748728d7: shutdown FollowerState
2019-10-16 06:58:30,150 [grpc-default-executor-3] INFO  impl.RaftServerImpl (RaftServerImpl.java:setRole(184)) - 39c5c445-cd83-4942-987d-d462f81a24e8@group-1BF4C328EE0E: changes role from  FOLLOWER to FOLLOWER at term 44 for recognizeCandidate:73e75fb6-f1d7-4311-b684-bd95d4e816a1
2019-10-16 06:58:30,150 [grpc-default-executor-2] INFO  impl.RoleInfo (RoleInfo.java:updateAndGet(143)) - 317a9921-db1c-43a7-b546-bfd5748728d7: start FollowerState
2019-10-16 06:58:30,150 [Thread-1611] INFO  impl.FollowerState (FollowerState.java:run(117)) - 317a9921-db1c-43a7-b546-bfd5748728d7@group-1BF4C328EE0E-FollowerState was interrupted: java.lang.InterruptedException: sleep interrupted
2019-10-16 06:58:30,150 [grpc-default-executor-3] INFO  impl.RoleInfo (RoleInfo.java:shutdownFollowerState(121)) - 39c5c445-cd83-4942-987d-d462f81a24e8: shutdown FollowerState
2019-10-16 06:58:30,151 [grpc-default-executor-3] INFO  impl.RoleInfo (RoleInfo.java:updateAndGet(143)) - 39c5c445-cd83-4942-987d-d462f81a24e8: start FollowerState
2019-10-16 06:58:30,151 [Thread-1612] INFO  impl.FollowerState (FollowerState.java:run(117)) - 39c5c445-cd83-4942-987d-d462f81a24e8@group-1BF4C328EE0E-FollowerState was interrupted: java.lang.InterruptedException: sleep interrupted
2019-10-16 06:58:30,165 [73e75fb6-f1d7-4311-b684-bd95d4e816a1@group-1BF4C328EE0E-LeaderElection73] INFO  impl.LeaderElection (LeaderElection.java:logAndReturn(56)) - 73e75fb6-f1d7-4311-b684-bd95d4e816a1@group-1BF4C328EE0E-LeaderElection73: Election REJECTED; received 2 response(s) [73e75fb6-f1d7-4311-b684-bd95d4e816a1<-317a9921-db1c-43a7-b546-bfd5748728d7#0:FAIL-t44, 73e75fb6-f1d7-4311-b684-bd95d4e816a1<-39c5c445-cd83-4942-987d-d462f81a24e8#0:FAIL-t44] and 0 exception(s); 73e75fb6-f1d7-4311-b684-bd95d4e816a1@group-1BF4C328EE0E:t44, leader=null, voted=73e75fb6-f1d7-4311-b684-bd95d4e816a1, raftlog=73e75fb6-f1d7-4311-b684-bd95d4e816a1@group-1BF4C328EE0E-SegmentedRaftLog:OPENED:c-1,f-1,i0, conf=-1: [73e75fb6-f1d7-4311-b684-bd95d4e816a1:192.168.69.104:34728, 317a9921-db1c-43a7-b546-bfd5748728d7:192.168.69.104:33231, 39c5c445-cd83-4942-987d-d462f81a24e8:192.168.69.104:40343], old=null
2019-10-16 06:58:30,165 [73e75fb6-f1d7-4311-b684-bd95d4e816a1@group-1BF4C328EE0E-LeaderElection73] INFO  impl.RaftServerImpl (RaftServerImpl.java:setRole(184)) - 73e75fb6-f1d7-4311-b684-bd95d4e816a1@group-1BF4C328EE0E: changes role from CANDIDATE to FOLLOWER at term 44 for DISCOVERED_A_NEW_TERM
2019-10-16 06:58:30,165 [73e75fb6-f1d7-4311-b684-bd95d4e816a1@group-1BF4C328EE0E-LeaderElection73] INFO  impl.RoleInfo (RoleInfo.java:shutdownLeaderElection(134)) - 73e75fb6-f1d7-4311-b684-bd95d4e816a1: shutdown LeaderElection
2019-10-16 06:58:30,166 [73e75fb6-f1d7-4311-b684-bd95d4e816a1@group-1BF4C328EE0E-LeaderElection73] INFO  impl.RoleInfo (RoleInfo.java:updateAndGet(143)) - 73e75fb6-f1d7-4311-b684-bd95d4e816a1: start FollowerState
2019-10-16 06:58:30,182 [Thread-1619] INFO  impl.FollowerState (FollowerState.java:run(108)) - 73e75fb6-f1d7-4311-b684-bd95d4e816a1@group-1BF4C328EE0E-FollowerState: change to CANDIDATE, lastRpcTime:16ms, electionTimeout:16ms
2019-10-16 06:58:30,182 [Thread-1619] INFO  impl.RoleInfo (RoleInfo.java:shutdownFollowerState(121)) - 73e75fb6-f1d7-4311-b684-bd95d4e816a1: shutdown FollowerState
2019-10-16 06:58:30,182 [Thread-1619] INFO  impl.RaftServerImpl (RaftServerImpl.java:setRole(184)) - 73e75fb6-f1d7-4311-b684-bd95d4e816a1@group-1BF4C328EE0E: changes role from  FOLLOWER to CANDIDATE at term 44 for changeToCandidate
2019-10-16 06:58:30,183 [Thread-1619] INFO  impl.RoleInfo (RoleInfo.java:updateAndGet(143)) - 73e75fb6-f1d7-4311-b684-bd95d4e816a1: start LeaderElection
2019-10-16 06:58:30,196 [73e75fb6-f1d7-4311-b684-bd95d4e816a1@group-1BF4C328EE0E-LeaderElection74] INFO  impl.LeaderElection (LeaderElection.java:askForVotes(178)) - 73e75fb6-f1d7-4311-b684-bd95d4e816a1@group-1BF4C328EE0E-LeaderElection74: begin an election at term 45 for -1: [73e75fb6-f1d7-4311-b684-bd95d4e816a1:192.168.69.104:34728, 317a9921-db1c-43a7-b546-bfd5748728d7:192.168.69.104:33231, 39c5c445-cd83-4942-987d-d462f81a24e8:192.168.69.104:40343], old=null
2019-10-16 06:58:30,199 [grpc-default-executor-3] INFO  impl.RaftServerImpl (RaftServerImpl.java:setRole(184)) - 317a9921-db1c-43a7-b546-bfd5748728d7@group-1BF4C328EE0E: changes role from  FOLLOWER to FOLLOWER at term 45 for recognizeCandidate:73e75fb6-f1d7-4311-b684-bd95d4e816a1
2019-10-16 06:58:30,199 [grpc-default-executor-3] INFO  impl.RoleInfo (RoleInfo.java:shutdownFollowerState(121)) - 317a9921-db1c-43a7-b546-bfd5748728d7: shutdown FollowerState
2019-10-16 06:58:30,199 [grpc-default-executor-2] INFO  impl.RaftServerImpl (RaftServerImpl.java:setRole(184)) - 39c5c445-cd83-4942-987d-d462f81a24e8@group-1BF4C328EE0E: changes role from  FOLLOWER to FOLLOWER at term 45 for recognizeCandidate:73e75fb6-f1d7-4311-b684-bd95d4e816a1
2019-10-16 06:58:30,199 [Thread-1617] INFO  impl.FollowerState (FollowerState.java:run(117)) - 317a9921-db1c-43a7-b546-bfd5748728d7@group-1BF4C328EE0E-FollowerState was interrupted: java.lang.InterruptedException: sleep interrupted
2019-10-16 06:58:30,199 [grpc-default-executor-3] INFO  impl.RoleInfo (RoleInfo.java:updateAndGet(143)) - 317a9921-db1c-43a7-b546-bfd5748728d7: start FollowerState
2019-10-16 06:58:30,199 [grpc-default-executor-2] INFO  impl.RoleInfo (RoleInfo.java:shutdownFollowerState(121)) - 39c5c445-cd83-4942-987d-d462f81a24e8: shutdown FollowerState
2019-10-16 06:58:30,200 [grpc-default-executor-2] INFO  impl.RoleInfo (RoleInfo.java:updateAndGet(143)) - 39c5c445-cd83-4942-987d-d462f81a24e8: start FollowerState
2019-10-16 06:58:30,200 [Thread-1618] INFO  impl.FollowerState (FollowerState.java:run(117)) - 39c5c445-cd83-4942-987d-d462f81a24e8@group-1BF4C328EE0E-FollowerState was interrupted: java.lang.InterruptedException: sleep interrupted
2019-10-16 06:58:30,214 [73e75fb6-f1d7-4311-b684-bd95d4e816a1@group-1BF4C328EE0E-LeaderElection74] INFO  impl.LeaderElection (LeaderElection.java:logAndReturn(56)) - 73e75fb6-f1d7-4311-b684-bd95d4e816a1@group-1BF4C328EE0E-LeaderElection74: Election REJECTED; received 2 response(s) [73e75fb6-f1d7-4311-b684-bd95d4e816a1<-317a9921-db1c-43a7-b546-bfd5748728d7#0:FAIL-t45, 73e75fb6-f1d7-4311-b684-bd95d4e816a1<-39c5c445-cd83-4942-987d-d462f81a24e8#0:FAIL-t45] and 0 exception(s); 73e75fb6-f1d7-4311-b684-bd95d4e816a1@group-1BF4C328EE0E:t45, leader=null, voted=73e75fb6-f1d7-4311-b684-bd95d4e816a1, raftlog=73e75fb6-f1d7-4311-b684-bd95d4e816a1@group-1BF4C328EE0E-SegmentedRaftLog:OPENED:c-1,f-1,i0, conf=-1: [73e75fb6-f1d7-4311-b684-bd95d4e816a1:192.168.69.104:34728, 317a9921-db1c-43a7-b546-bfd5748728d7:192.168.69.104:33231, 39c5c445-cd83-4942-987d-d462f81a24e8:192.168.69.104:40343], old=null
2019-10-16 06:58:30,215 [73e75fb6-f1d7-4311-b684-bd95d4e816a1@group-1BF4C328EE0E-LeaderElection74] INFO  impl.RaftServerImpl (RaftServerImpl.java:setRole(184)) - 73e75fb6-f1d7-4311-b684-bd95d4e816a1@group-1BF4C328EE0E: changes role from CANDIDATE to FOLLOWER at term 45 for DISCOVERED_A_NEW_TERM
2019-10-16 06:58:30,215 [73e75fb6-f1d7-4311-b684-bd95d4e816a1@group-1BF4C328EE0E-LeaderElection74] INFO  impl.RoleInfo (RoleInfo.java:shutdownLeaderElection(134)) - 73e75fb6-f1d7-4311-b684-bd95d4e816a1: shutdown LeaderElection
2019-10-16 06:58:30,215 [73e75fb6-f1d7-4311-b684-bd95d4e816a1@group-1BF4C328EE0E-LeaderElection74] INFO  impl.RoleInfo (RoleInfo.java:updateAndGet(143)) - 73e75fb6-f1d7-4311-b684-bd95d4e816a1: start FollowerState
2019-10-16 06:58:30,218 [Thread-1625] INFO  impl.FollowerState (FollowerState.java:run(108)) - 73e75fb6-f1d7-4311-b684-bd95d4e816a1@group-1BF4C328EE0E-FollowerState: change to CANDIDATE, lastRpcTime:3ms, electionTimeout:3ms
2019-10-16 06:58:30,219 [Thread-1625] INFO  impl.RoleInfo (RoleInfo.java:shutdownFollowerState(121)) - 73e75fb6-f1d7-4311-b684-bd95d4e816a1: shutdown FollowerState
2019-10-16 06:58:30,219 [Thread-1625] INFO  impl.RaftServerImpl (RaftServerImpl.java:setRole(184)) - 73e75fb6-f1d7-4311-b684-bd95d4e816a1@group-1BF4C328EE0E: changes role from  FOLLOWER to CANDIDATE at term 45 for changeToCandidate
2019-10-16 06:58:30,219 [Thread-1625] INFO  impl.RoleInfo (RoleInfo.java:updateAndGet(143)) - 73e75fb6-f1d7-4311-b684-bd95d4e816a1: start LeaderElection
2019-10-16 06:58:30,232 [73e75fb6-f1d7-4311-b684-bd95d4e816a1@group-1BF4C328EE0E-LeaderElection75] INFO  impl.LeaderElection (LeaderElection.java:askForVotes(178)) - 73e75fb6-f1d7-4311-b684-bd95d4e816a1@group-1BF4C328EE0E-LeaderElection75: begin an election at term 46 for -1: [73e75fb6-f1d7-4311-b684-bd95d4e816a1:192.168.69.104:34728, 317a9921-db1c-43a7-b546-bfd5748728d7:192.168.69.104:33231, 39c5c445-cd83-4942-987d-d462f81a24e8:192.168.69.104:40343], old=null
2019-10-16 06:58:30,234 [grpc-default-executor-3] INFO  impl.RaftServerImpl (RaftServerImpl.java:setRole(184)) - 317a9921-db1c-43a7-b546-bfd5748728d7@group-1BF4C328EE0E: changes role from  FOLLOWER to FOLLOWER at term 46 for recognizeCandidate:73e75fb6-f1d7-4311-b684-bd95d4e816a1
2019-10-16 06:58:30,234 [grpc-default-executor-3] INFO  impl.RoleInfo (RoleInfo.java:shutdownFollowerState(121)) - 317a9921-db1c-43a7-b546-bfd5748728d7: shutdown FollowerState
2019-10-16 06:58:30,234 [grpc-default-executor-2] INFO  impl.RaftServerImpl (RaftServerImpl.java:setRole(184)) - 39c5c445-cd83-4942-987d-d462f81a24e8@group-1BF4C328EE0E: changes role from  FOLLOWER to FOLLOWER at term 46 for recognizeCandidate:73e75fb6-f1d7-4311-b684-bd95d4e816a1
2019-10-16 06:58:30,234 [Thread-1623] INFO  impl.FollowerState (FollowerState.java:run(117)) - 317a9921-db1c-43a7-b546-bfd5748728d7@group-1BF4C328EE0E-FollowerState was interrupted: java.lang.InterruptedException: sleep interrupted
2019-10-16 06:58:30,234 [grpc-default-executor-3] INFO  impl.RoleInfo (RoleInfo.java:updateAndGet(143)) - 317a9921-db1c-43a7-b546-bfd5748728d7: start FollowerState
2019-10-16 06:58:30,234 [grpc-default-executor-2] INFO  impl.RoleInfo (RoleInfo.java:shutdownFollowerState(121)) - 39c5c445-cd83-4942-987d-d462f81a24e8: shutdown FollowerState
2019-10-16 06:58:30,235 [grpc-default-executor-2] INFO  impl.RoleInfo (RoleInfo.java:updateAndGet(143)) - 39c5c445-cd83-4942-987d-d462f81a24e8: start FollowerState
2019-10-16 06:58:30,235 [Thread-1624] INFO  impl.FollowerState (FollowerState.java:run(117)) - 39c5c445-cd83-4942-987d-d462f81a24e8@group-1BF4C328EE0E-FollowerState was interrupted: java.lang.InterruptedException: sleep interrupted
2019-10-16 06:58:30,247 [73e75fb6-f1d7-4311-b684-bd95d4e816a1@group-1BF4C328EE0E-LeaderElection75] INFO  impl.LeaderElection (LeaderElection.java:logAndReturn(56)) - 73e75fb6-f1d7-4311-b684-bd95d4e816a1@group-1BF4C328EE0E-LeaderElection75: Election REJECTED; received 2 response(s) [73e75fb6-f1d7-4311-b684-bd95d4e816a1<-317a9921-db1c-43a7-b546-bfd5748728d7#0:FAIL-t46, 73e75fb6-f1d7-4311-b684-bd95d4e816a1<-39c5c445-cd83-4942-987d-d462f81a24e8#0:FAIL-t46] and 0 exception(s); 73e75fb6-f1d7-4311-b684-bd95d4e816a1@group-1BF4C328EE0E:t46, leader=null, voted=73e75fb6-f1d7-4311-b684-bd95d4e816a1, raftlog=73e75fb6-f1d7-4311-b684-bd95d4e816a1@group-1BF4C328EE0E-SegmentedRaftLog:OPENED:c-1,f-1,i0, conf=-1: [73e75fb6-f1d7-4311-b684-bd95d4e816a1:192.168.69.104:34728, 317a9921-db1c-43a7-b546-bfd5748728d7:192.168.69.104:33231, 39c5c445-cd83-4942-987d-d462f81a24e8:192.168.69.104:40343], old=null
2019-10-16 06:58:30,247 [73e75fb6-f1d7-4311-b684-bd95d4e816a1@group-1BF4C328EE0E-LeaderElection75] INFO  impl.RaftServerImpl (RaftServerImpl.java:setRole(184)) - 73e75fb6-f1d7-4311-b684-bd95d4e816a1@group-1BF4C328EE0E: changes role from CANDIDATE to FOLLOWER at term 46 for DISCOVERED_A_NEW_TERM
2019-10-16 06:58:30,247 [73e75fb6-f1d7-4311-b684-bd95d4e816a1@group-1BF4C328EE0E-LeaderElection75] INFO  impl.RoleInfo (RoleInfo.java:shutdownLeaderElection(134)) - 73e75fb6-f1d7-4311-b684-bd95d4e816a1: shutdown LeaderElection
2019-10-16 06:58:30,247 [73e75fb6-f1d7-4311-b684-bd95d4e816a1@group-1BF4C328EE0E-LeaderElection75] INFO  impl.RoleInfo (RoleInfo.java:updateAndGet(143)) - 73e75fb6-f1d7-4311-b684-bd95d4e816a1: start FollowerState
2019-10-16 06:58:30,276 [Thread-1631] INFO  impl.FollowerState (FollowerState.java:run(108)) - 73e75fb6-f1d7-4311-b684-bd95d4e816a1@group-1BF4C328EE0E-FollowerState: change to CANDIDATE, lastRpcTime:28ms, electionTimeout:28ms
2019-10-16 06:58:30,276 [Thread-1631] INFO  impl.RoleInfo (RoleInfo.java:shutdownFollowerState(121)) - 73e75fb6-f1d7-4311-b684-bd95d4e816a1: shutdown FollowerState
2019-10-16 06:58:30,276 [Thread-1631] INFO  impl.RaftServerImpl (RaftServerImpl.java:setRole(184)) - 73e75fb6-f1d7-4311-b684-bd95d4e816a1@group-1BF4C328EE0E: changes role from  FOLLOWER to CANDIDATE at term 46 for changeToCandidate
2019-10-16 06:58:30,276 [Thread-1631] INFO  impl.RoleInfo (RoleInfo.java:updateAndGet(143)) - 73e75fb6-f1d7-4311-b684-bd95d4e816a1: start LeaderElection
2019-10-16 06:58:30,290 [73e75fb6-f1d7-4311-b684-bd95d4e816a1@group-1BF4C328EE0E-LeaderElection76] INFO  impl.LeaderElection (LeaderElection.java:askForVotes(178)) - 73e75fb6-f1d7-4311-b684-bd95d4e816a1@group-1BF4C328EE0E-LeaderElection76: begin an election at term 47 for -1: [73e75fb6-f1d7-4311-b684-bd95d4e816a1:192.168.69.104:34728, 317a9921-db1c-43a7-b546-bfd5748728d7:192.168.69.104:33231, 39c5c445-cd83-4942-987d-d462f81a24e8:192.168.69.104:40343], old=null
2019-10-16 06:58:30,291 [grpc-default-executor-3] INFO  impl.RaftServerImpl (RaftServerImpl.java:setRole(184)) - 39c5c445-cd83-4942-987d-d462f81a24e8@group-1BF4C328EE0E: changes role from  FOLLOWER to FOLLOWER at term 47 for recognizeCandidate:73e75fb6-f1d7-4311-b684-bd95d4e816a1
2019-10-16 06:58:30,292 [grpc-default-executor-3] INFO  impl.RoleInfo (RoleInfo.java:shutdownFollowerState(121)) - 39c5c445-cd83-4942-987d-d462f81a24e8: shutdown FollowerState
2019-10-16 06:58:30,291 [grpc-default-executor-2] INFO  impl.RaftServerImpl (RaftServerImpl.java:setRole(184)) - 317a9921-db1c-43a7-b546-bfd5748728d7@group-1BF4C328EE0E: changes role from  FOLLOWER to FOLLOWER at term 47 for recognizeCandidate:73e75fb6-f1d7-4311-b684-bd95d4e816a1
2019-10-16 06:58:30,292 [grpc-default-executor-2] INFO  impl.RoleInfo (RoleInfo.java:shutdownFollowerState(121)) - 317a9921-db1c-43a7-b546-bfd5748728d7: shutdown FollowerState
2019-10-16 06:58:30,292 [Thread-1630] INFO  impl.FollowerState (FollowerState.java:run(117)) - 39c5c445-cd83-4942-987d-d462f81a24e8@group-1BF4C328EE0E-FollowerState was interrupted: java.lang.InterruptedException: sleep interrupted
2019-10-16 06:58:30,292 [grpc-default-executor-3] INFO  impl.RoleInfo (RoleInfo.java:updateAndGet(143)) - 39c5c445-cd83-4942-987d-d462f81a24e8: start FollowerState
2019-10-16 06:58:30,292 [grpc-default-executor-2] INFO  impl.RoleInfo (RoleInfo.java:updateAndGet(143)) - 317a9921-db1c-43a7-b546-bfd5748728d7: start FollowerState
2019-10-16 06:58:30,292 [Thread-1629] INFO  impl.FollowerState (FollowerState.java:run(117)) - 317a9921-db1c-43a7-b546-bfd5748728d7@group-1BF4C328EE0E-FollowerState was interrupted: java.lang.InterruptedException: sleep interrupted
2019-10-16 06:58:30,307 [73e75fb6-f1d7-4311-b684-bd95d4e816a1@group-1BF4C328EE0E-LeaderElection76] INFO  impl.LeaderElection (LeaderElection.java:logAndReturn(56)) - 73e75fb6-f1d7-4311-b684-bd95d4e816a1@group-1BF4C328EE0E-LeaderElection76: Election REJECTED; received 2 response(s) [73e75fb6-f1d7-4311-b684-bd95d4e816a1<-317a9921-db1c-43a7-b546-bfd5748728d7#0:FAIL-t47, 73e75fb6-f1d7-4311-b684-bd95d4e816a1<-39c5c445-cd83-4942-987d-d462f81a24e8#0:FAIL-t47] and 0 exception(s); 73e75fb6-f1d7-4311-b684-bd95d4e816a1@group-1BF4C328EE0E:t47, leader=null, voted=73e75fb6-f1d7-4311-b684-bd95d4e816a1, raftlog=73e75fb6-f1d7-4311-b684-bd95d4e816a1@group-1BF4C328EE0E-SegmentedRaftLog:OPENED:c-1,f-1,i0, conf=-1: [73e75fb6-f1d7-4311-b684-bd95d4e816a1:192.168.69.104:34728, 317a9921-db1c-43a7-b546-bfd5748728d7:192.168.69.104:33231, 39c5c445-cd83-4942-987d-d462f81a24e8:192.168.69.104:40343], old=null
2019-10-16 06:58:30,307 [73e75fb6-f1d7-4311-b684-bd95d4e816a1@group-1BF4C328EE0E-LeaderElection76] INFO  impl.RaftServerImpl (RaftServerImpl.java:setRole(184)) - 73e75fb6-f1d7-4311-b684-bd95d4e816a1@group-1BF4C328EE0E: changes role from CANDIDATE to FOLLOWER at term 47 for DISCOVERED_A_NEW_TERM
2019-10-16 06:58:30,307 [73e75fb6-f1d7-4311-b684-bd95d4e816a1@group-1BF4C328EE0E-LeaderElection76] INFO  impl.RoleInfo (RoleInfo.java:shutdownLeaderElection(134)) - 73e75fb6-f1d7-4311-b684-bd95d4e816a1: shutdown LeaderElection
2019-10-16 06:58:30,307 [73e75fb6-f1d7-4311-b684-bd95d4e816a1@group-1BF4C328EE0E-LeaderElection76] INFO  impl.RoleInfo (RoleInfo.java:updateAndGet(143)) - 73e75fb6-f1d7-4311-b684-bd95d4e816a1: start FollowerState
2019-10-16 06:58:30,406 [Thread-1637] INFO  impl.FollowerState (FollowerState.java:run(108)) - 73e75fb6-f1d7-4311-b684-bd95d4e816a1@group-1BF4C328EE0E-FollowerState: change to CANDIDATE, lastRpcTime:99ms, electionTimeout:99ms
2019-10-16 06:58:30,406 [Thread-1637] INFO  impl.RoleInfo (RoleInfo.java:shutdownFollowerState(121)) - 73e75fb6-f1d7-4311-b684-bd95d4e816a1: shutdown FollowerState
2019-10-16 06:58:30,406 [Thread-1637] INFO  impl.RaftServerImpl (RaftServerImpl.java:setRole(184)) - 73e75fb6-f1d7-4311-b684-bd95d4e816a1@group-1BF4C328EE0E: changes role from  FOLLOWER to CANDIDATE at term 47 for changeToCandidate
2019-10-16 06:58:30,407 [Thread-1637] INFO  impl.RoleInfo (RoleInfo.java:updateAndGet(143)) - 73e75fb6-f1d7-4311-b684-bd95d4e816a1: start LeaderElection
2019-10-16 06:58:30,421 [73e75fb6-f1d7-4311-b684-bd95d4e816a1@group-1BF4C328EE0E-LeaderElection77] INFO  impl.LeaderElection (LeaderElection.java:askForVotes(178)) - 73e75fb6-f1d7-4311-b684-bd95d4e816a1@group-1BF4C328EE0E-LeaderElection77: begin an election at term 48 for -1: [73e75fb6-f1d7-4311-b684-bd95d4e816a1:192.168.69.104:34728, 317a9921-db1c-43a7-b546-bfd5748728d7:192.168.69.104:33231, 39c5c445-cd83-4942-987d-d462f81a24e8:192.168.69.104:40343], old=null
2019-10-16 06:58:30,423 [grpc-default-executor-2] INFO  impl.RaftServerImpl (RaftServerImpl.java:setRole(184)) - 317a9921-db1c-43a7-b546-bfd5748728d7@group-1BF4C328EE0E: changes role from  FOLLOWER to FOLLOWER at term 48 for recognizeCandidate:73e75fb6-f1d7-4311-b684-bd95d4e816a1
2019-10-16 06:58:30,423 [grpc-default-executor-3] INFO  impl.RaftServerImpl (RaftServerImpl.java:setRole(184)) - 39c5c445-cd83-4942-987d-d462f81a24e8@group-1BF4C328EE0E: changes role from  FOLLOWER to FOLLOWER at term 48 for recognizeCandidate:73e75fb6-f1d7-4311-b684-bd95d4e816a1
2019-10-16 06:58:30,423 [grpc-default-executor-2] INFO  impl.RoleInfo (RoleInfo.java:shutdownFollowerState(121)) - 317a9921-db1c-43a7-b546-bfd5748728d7: shutdown FollowerState
2019-10-16 06:58:30,424 [grpc-default-executor-3] INFO  impl.RoleInfo (RoleInfo.java:shutdownFollowerState(121)) - 39c5c445-cd83-4942-987d-d462f81a24e8: shutdown FollowerState
2019-10-16 06:58:30,424 [Thread-1636] INFO  impl.FollowerState (FollowerState.java:run(117)) - 317a9921-db1c-43a7-b546-bfd5748728d7@group-1BF4C328EE0E-FollowerState was interrupted: java.lang.InterruptedException: sleep interrupted
2019-10-16 06:58:30,424 [grpc-default-executor-2] INFO  impl.RoleInfo (RoleInfo.java:updateAndGet(143)) - 317a9921-db1c-43a7-b546-bfd5748728d7: start FollowerState
2019-10-16 06:58:30,424 [Thread-1635] INFO  impl.FollowerState (FollowerState.java:run(117)) - 39c5c445-cd83-4942-987d-d462f81a24e8@group-1BF4C328EE0E-FollowerState was interrupted: java.lang.InterruptedException: sleep interrupted
2019-10-16 06:58:30,424 [grpc-default-executor-3] INFO  impl.RoleInfo (RoleInfo.java:updateAndGet(143)) - 39c5c445-cd83-4942-987d-d462f81a24e8: start FollowerState
2019-10-16 06:58:30,426 [73e75fb6-f1d7-4311-b684-bd95d4e816a1@group-1BF4C328EE0E-LeaderElection77] INFO  impl.LeaderElection (LeaderElection.java:logAndReturn(56)) - 73e75fb6-f1d7-4311-b684-bd95d4e816a1@group-1BF4C328EE0E-LeaderElection77: Election TIMEOUT; received 0 response(s) [] and 0 exception(s); 73e75fb6-f1d7-4311-b684-bd95d4e816a1@group-1BF4C328EE0E:t48, leader=null, voted=73e75fb6-f1d7-4311-b684-bd95d4e816a1, raftlog=73e75fb6-f1d7-4311-b684-bd95d4e816a1@group-1BF4C328EE0E-SegmentedRaftLog:OPENED:c-1,f-1,i0, conf=-1: [73e75fb6-f1d7-4311-b684-bd95d4e816a1:192.168.69.104:34728, 317a9921-db1c-43a7-b546-bfd5748728d7:192.168.69.104:33231, 39c5c445-cd83-4942-987d-d462f81a24e8:192.168.69.104:40343], old=null
2019-10-16 06:58:30,450 [73e75fb6-f1d7-4311-b684-bd95d4e816a1@group-1BF4C328EE0E-LeaderElection77] INFO  impl.LeaderElection (LeaderElection.java:askForVotes(178)) - 73e75fb6-f1d7-4311-b684-bd95d4e816a1@group-1BF4C328EE0E-LeaderElection77: begin an election at term 49 for -1: [73e75fb6-f1d7-4311-b684-bd95d4e816a1:192.168.69.104:34728, 317a9921-db1c-43a7-b546-bfd5748728d7:192.168.69.104:33231, 39c5c445-cd83-4942-987d-d462f81a24e8:192.168.69.104:40343], old=null
2019-10-16 06:58:30,452 [grpc-default-executor-3] INFO  impl.RaftServerImpl (RaftServerImpl.java:setRole(184)) - 39c5c445-cd83-4942-987d-d462f81a24e8@group-1BF4C328EE0E: changes role from  FOLLOWER to FOLLOWER at term 49 for recognizeCandidate:73e75fb6-f1d7-4311-b684-bd95d4e816a1
2019-10-16 06:58:30,452 [grpc-default-executor-3] INFO  impl.RoleInfo (RoleInfo.java:shutdownFollowerState(121)) - 39c5c445-cd83-4942-987d-d462f81a24e8: shutdown FollowerState
2019-10-16 06:58:30,452 [grpc-default-executor-2] INFO  impl.RaftServerImpl (RaftServerImpl.java:setRole(184)) - 317a9921-db1c-43a7-b546-bfd5748728d7@group-1BF4C328EE0E: changes role from  FOLLOWER to FOLLOWER at term 49 for recognizeCandidate:73e75fb6-f1d7-4311-b684-bd95d4e816a1
2019-10-16 06:58:30,452 [grpc-default-executor-3] INFO  impl.RoleInfo (RoleInfo.java:updateAndGet(143)) - 39c5c445-cd83-4942-987d-d462f81a24e8: start FollowerState
2019-10-16 06:58:30,452 [Thread-1642] INFO  impl.FollowerState (FollowerState.java:run(117)) - 39c5c445-cd83-4942-987d-d462f81a24e8@group-1BF4C328EE0E-FollowerState was interrupted: java.lang.InterruptedException: sleep interrupted
2019-10-16 06:58:30,452 [grpc-default-executor-2] INFO  impl.RoleInfo (RoleInfo.java:shutdownFollowerState(121)) - 317a9921-db1c-43a7-b546-bfd5748728d7: shutdown FollowerState
2019-10-16 06:58:30,453 [grpc-default-executor-2] INFO  impl.RoleInfo (RoleInfo.java:updateAndGet(143)) - 317a9921-db1c-43a7-b546-bfd5748728d7: start FollowerState
2019-10-16 06:58:30,453 [Thread-1641] INFO  impl.FollowerState (FollowerState.java:run(117)) - 317a9921-db1c-43a7-b546-bfd5748728d7@group-1BF4C328EE0E-FollowerState was interrupted: java.lang.InterruptedException: sleep interrupted
2019-10-16 06:58:30,467 [73e75fb6-f1d7-4311-b684-bd95d4e816a1@group-1BF4C328EE0E-LeaderElection77] INFO  impl.LeaderElection (LeaderElection.java:logAndReturn(56)) - 73e75fb6-f1d7-4311-b684-bd95d4e816a1@group-1BF4C328EE0E-LeaderElection77: Election REJECTED; received 2 response(s) [73e75fb6-f1d7-4311-b684-bd95d4e816a1<-317a9921-db1c-43a7-b546-bfd5748728d7#0:FAIL-t49, 73e75fb6-f1d7-4311-b684-bd95d4e816a1<-39c5c445-cd83-4942-987d-d462f81a24e8#0:FAIL-t49] and 0 exception(s); 73e75fb6-f1d7-4311-b684-bd95d4e816a1@group-1BF4C328EE0E:t49, leader=null, voted=73e75fb6-f1d7-4311-b684-bd95d4e816a1, raftlog=73e75fb6-f1d7-4311-b684-bd95d4e816a1@group-1BF4C328EE0E-SegmentedRaftLog:OPENED:c-1,f-1,i0, conf=-1: [73e75fb6-f1d7-4311-b684-bd95d4e816a1:192.168.69.104:34728, 317a9921-db1c-43a7-b546-bfd5748728d7:192.168.69.104:33231, 39c5c445-cd83-4942-987d-d462f81a24e8:192.168.69.104:40343], old=null
2019-10-16 06:58:30,467 [73e75fb6-f1d7-4311-b684-bd95d4e816a1@group-1BF4C328EE0E-LeaderElection77] INFO  impl.RaftServerImpl (RaftServerImpl.java:setRole(184)) - 73e75fb6-f1d7-4311-b684-bd95d4e816a1@group-1BF4C328EE0E: changes role from CANDIDATE to FOLLOWER at term 49 for DISCOVERED_A_NEW_TERM
2019-10-16 06:58:30,467 [73e75fb6-f1d7-4311-b684-bd95d4e816a1@group-1BF4C328EE0E-LeaderElection77] INFO  impl.RoleInfo (RoleInfo.java:shutdownLeaderElection(134)) - 73e75fb6-f1d7-4311-b684-bd95d4e816a1: shutdown LeaderElection
2019-10-16 06:58:30,467 [73e75fb6-f1d7-4311-b684-bd95d4e816a1@group-1BF4C328EE0E-LeaderElection77] INFO  impl.RoleInfo (RoleInfo.java:updateAndGet(143)) - 73e75fb6-f1d7-4311-b684-bd95d4e816a1: start FollowerState
2019-10-16 06:58:30,539 [ForkJoinPool.commonPool-worker-1] INFO  ozoneimpl.OzoneContainer (OzoneContainer.java:stop(227)) - Attempting to stop container services.
2019-10-16 06:58:30,539 [Thread-1151] INFO  ozoneimpl.OzoneContainer (OzoneContainer.java:stop(227)) - Attempting to stop container services.
2019-10-16 06:58:30,540 [ForkJoinPool.commonPool-worker-1] INFO  impl.RaftServerProxy (RaftServerProxy.java:lambda$close$4(314)) - 73e75fb6-f1d7-4311-b684-bd95d4e816a1: close
2019-10-16 06:58:30,540 [Thread-1151] INFO  impl.RaftServerProxy (RaftServerProxy.java:lambda$close$4(314)) - 39c5c445-cd83-4942-987d-d462f81a24e8: close
2019-10-16 06:58:30,540 [ForkJoinPool.commonPool-worker-1] INFO  impl.RaftServerImpl (RaftServerImpl.java:lambda$shutdown$3(261)) - 73e75fb6-f1d7-4311-b684-bd95d4e816a1@group-EACCB30472C0: shutdown
2019-10-16 06:58:30,540 [Thread-1151] INFO  impl.RaftServerImpl (RaftServerImpl.java:lambda$shutdown$3(261)) - 39c5c445-cd83-4942-987d-d462f81a24e8@group-A68EF22AE276: shutdown
2019-10-16 06:58:30,541 [ForkJoinPool.commonPool-worker-1] INFO  util.JmxRegister (JmxRegister.java:unregister(73)) - Successfully un-registered JMX Bean with object name Ratis:service=RaftServer,group=group-EACCB30472C0,id=73e75fb6-f1d7-4311-b684-bd95d4e816a1
2019-10-16 06:58:30,541 [Thread-1151] INFO  util.JmxRegister (JmxRegister.java:unregister(73)) - Successfully un-registered JMX Bean with object name Ratis:service=RaftServer,group=group-A68EF22AE276,id=39c5c445-cd83-4942-987d-d462f81a24e8
2019-10-16 06:58:30,541 [ForkJoinPool.commonPool-worker-1] INFO  impl.RoleInfo (RoleInfo.java:shutdownLeaderState(104)) - 73e75fb6-f1d7-4311-b684-bd95d4e816a1: shutdown LeaderState
2019-10-16 06:58:30,541 [Thread-1151] INFO  impl.RoleInfo (RoleInfo.java:shutdownLeaderState(104)) - 39c5c445-cd83-4942-987d-d462f81a24e8: shutdown LeaderState
2019-10-16 06:58:30,542 [ForkJoinPool.commonPool-worker-1] INFO  impl.PendingRequests (PendingRequests.java:sendNotLeaderResponses(202)) - 73e75fb6-f1d7-4311-b684-bd95d4e816a1@group-EACCB30472C0-PendingRequests: sendNotLeaderResponses
2019-10-16 06:58:30,542 [Thread-1151] INFO  impl.PendingRequests (PendingRequests.java:sendNotLeaderResponses(202)) - 39c5c445-cd83-4942-987d-d462f81a24e8@group-A68EF22AE276-PendingRequests: sendNotLeaderResponses
2019-10-16 06:58:30,542 [ForkJoinPool.commonPool-worker-1] INFO  impl.StateMachineUpdater (StateMachineUpdater.java:stopAndJoin(136)) - 73e75fb6-f1d7-4311-b684-bd95d4e816a1@group-EACCB30472C0-StateMachineUpdater: set stopIndex = 0
2019-10-16 06:58:30,542 [Thread-1151] INFO  impl.StateMachineUpdater (StateMachineUpdater.java:stopAndJoin(136)) - 39c5c445-cd83-4942-987d-d462f81a24e8@group-A68EF22AE276-StateMachineUpdater: set stopIndex = 0
2019-10-16 06:58:30,543 [ForkJoinPool.commonPool-worker-1] INFO  impl.RaftServerImpl (ServerState.java:close(388)) - 73e75fb6-f1d7-4311-b684-bd95d4e816a1@group-EACCB30472C0: closes. applyIndex: 0
2019-10-16 06:58:30,543 [Thread-1151] INFO  impl.RaftServerImpl (ServerState.java:close(388)) - 39c5c445-cd83-4942-987d-d462f81a24e8@group-A68EF22AE276: closes. applyIndex: 0
2019-10-16 06:58:30,543 [73e75fb6-f1d7-4311-b684-bd95d4e816a1@group-EACCB30472C0-SegmentedRaftLogWorker] INFO  segmented.SegmentedRaftLogWorker (SegmentedRaftLogWorker.java:run(316)) - 73e75fb6-f1d7-4311-b684-bd95d4e816a1@group-EACCB30472C0-SegmentedRaftLogWorker was interrupted, exiting. There are 0 tasks remaining in the queue.
2019-10-16 06:58:30,543 [39c5c445-cd83-4942-987d-d462f81a24e8@group-A68EF22AE276-SegmentedRaftLogWorker] INFO  segmented.SegmentedRaftLogWorker (SegmentedRaftLogWorker.java:run(316)) - 39c5c445-cd83-4942-987d-d462f81a24e8@group-A68EF22AE276-SegmentedRaftLogWorker was interrupted, exiting. There are 0 tasks remaining in the queue.
2019-10-16 06:58:30,546 [ForkJoinPool.commonPool-worker-1] INFO  segmented.SegmentedRaftLogWorker (SegmentedRaftLogWorker.java:close(224)) - 73e75fb6-f1d7-4311-b684-bd95d4e816a1@group-EACCB30472C0-SegmentedRaftLogWorker close()
2019-10-16 06:58:30,546 [Thread-1151] INFO  segmented.SegmentedRaftLogWorker (SegmentedRaftLogWorker.java:close(224)) - 39c5c445-cd83-4942-987d-d462f81a24e8@group-A68EF22AE276-SegmentedRaftLogWorker close()
2019-10-16 06:58:30,549 [ForkJoinPool.commonPool-worker-1] INFO  impl.RaftServerImpl (RaftServerImpl.java:lambda$shutdown$3(261)) - 73e75fb6-f1d7-4311-b684-bd95d4e816a1@group-1BF4C328EE0E: shutdown
2019-10-16 06:58:30,551 [Thread-1151] INFO  impl.RaftServerImpl (RaftServerImpl.java:lambda$shutdown$3(261)) - 39c5c445-cd83-4942-987d-d462f81a24e8@group-1BF4C328EE0E: shutdown
2019-10-16 06:58:30,551 [ForkJoinPool.commonPool-worker-1] INFO  util.JmxRegister (JmxRegister.java:unregister(73)) - Successfully un-registered JMX Bean with object name Ratis:service=RaftServer,group=group-1BF4C328EE0E,id=73e75fb6-f1d7-4311-b684-bd95d4e816a1
2019-10-16 06:58:30,551 [Thread-1151] INFO  util.JmxRegister (JmxRegister.java:unregister(73)) - Successfully un-registered JMX Bean with object name Ratis:service=RaftServer,group=group-1BF4C328EE0E,id=39c5c445-cd83-4942-987d-d462f81a24e8
2019-10-16 06:58:30,551 [ForkJoinPool.commonPool-worker-1] INFO  impl.RoleInfo (RoleInfo.java:shutdownFollowerState(121)) - 73e75fb6-f1d7-4311-b684-bd95d4e816a1: shutdown FollowerState
2019-10-16 06:58:30,551 [Thread-1151] INFO  impl.RoleInfo (RoleInfo.java:shutdownFollowerState(121)) - 39c5c445-cd83-4942-987d-d462f81a24e8: shutdown FollowerState
2019-10-16 06:58:30,552 [Thread-1647] INFO  impl.FollowerState (FollowerState.java:run(117)) - 73e75fb6-f1d7-4311-b684-bd95d4e816a1@group-1BF4C328EE0E-FollowerState was interrupted: java.lang.InterruptedException: sleep interrupted
2019-10-16 06:58:30,552 [ForkJoinPool.commonPool-worker-1] INFO  impl.StateMachineUpdater (StateMachineUpdater.java:stopAndJoin(136)) - 73e75fb6-f1d7-4311-b684-bd95d4e816a1@group-1BF4C328EE0E-StateMachineUpdater: set stopIndex = -1
2019-10-16 06:58:30,552 [ForkJoinPool.commonPool-worker-1] INFO  impl.RaftServerImpl (ServerState.java:close(388)) - 73e75fb6-f1d7-4311-b684-bd95d4e816a1@group-1BF4C328EE0E: closes. applyIndex: -1
2019-10-16 06:58:30,552 [Thread-1645] INFO  impl.FollowerState (FollowerState.java:run(117)) - 39c5c445-cd83-4942-987d-d462f81a24e8@group-1BF4C328EE0E-FollowerState was interrupted: java.lang.InterruptedException: sleep interrupted
2019-10-16 06:58:30,552 [Thread-1151] INFO  impl.StateMachineUpdater (StateMachineUpdater.java:stopAndJoin(136)) - 39c5c445-cd83-4942-987d-d462f81a24e8@group-1BF4C328EE0E-StateMachineUpdater: set stopIndex = -1
2019-10-16 06:58:30,553 [Thread-1151] INFO  impl.RaftServerImpl (ServerState.java:close(388)) - 39c5c445-cd83-4942-987d-d462f81a24e8@group-1BF4C328EE0E: closes. applyIndex: -1
2019-10-16 06:58:30,552 [73e75fb6-f1d7-4311-b684-bd95d4e816a1@group-1BF4C328EE0E-SegmentedRaftLogWorker] INFO  segmented.SegmentedRaftLogWorker (SegmentedRaftLogWorker.java:run(316)) - 73e75fb6-f1d7-4311-b684-bd95d4e816a1@group-1BF4C328EE0E-SegmentedRaftLogWorker was interrupted, exiting. There are 0 tasks remaining in the queue.
2019-10-16 06:58:30,553 [39c5c445-cd83-4942-987d-d462f81a24e8@group-1BF4C328EE0E-SegmentedRaftLogWorker] INFO  segmented.SegmentedRaftLogWorker (SegmentedRaftLogWorker.java:run(316)) - 39c5c445-cd83-4942-987d-d462f81a24e8@group-1BF4C328EE0E-SegmentedRaftLogWorker was interrupted, exiting. There are 0 tasks remaining in the queue.
2019-10-16 06:58:30,553 [ForkJoinPool.commonPool-worker-1] INFO  segmented.SegmentedRaftLogWorker (SegmentedRaftLogWorker.java:close(224)) - 73e75fb6-f1d7-4311-b684-bd95d4e816a1@group-1BF4C328EE0E-SegmentedRaftLogWorker close()
2019-10-16 06:58:30,554 [Thread-1151] INFO  segmented.SegmentedRaftLogWorker (SegmentedRaftLogWorker.java:close(224)) - 39c5c445-cd83-4942-987d-d462f81a24e8@group-1BF4C328EE0E-SegmentedRaftLogWorker close()
2019-10-16 06:58:30,556 [ForkJoinPool.commonPool-worker-1] INFO  server.GrpcService (GrpcService.java:closeImpl(164)) - 73e75fb6-f1d7-4311-b684-bd95d4e816a1: shutdown server with port 34728 now
2019-10-16 06:58:30,559 [Thread-1151] INFO  server.GrpcService (GrpcService.java:closeImpl(164)) - 39c5c445-cd83-4942-987d-d462f81a24e8: shutdown server with port 40343 now
2019-10-16 06:58:30,563 [Thread-1151] INFO  server.GrpcService (GrpcService.java:closeImpl(172)) - 39c5c445-cd83-4942-987d-d462f81a24e8: shutdown server with port 40343 successfully
2019-10-16 06:58:30,563 [ForkJoinPool.commonPool-worker-1] INFO  server.GrpcService (GrpcService.java:closeImpl(172)) - 73e75fb6-f1d7-4311-b684-bd95d4e816a1: shutdown server with port 34728 successfully
2019-10-16 06:58:30,566 [refreshUsed-/workdir/hadoop-ozone/ozonefs/target/test-dir/MiniOzoneClusterImpl-fe450875-4a1a-482c-b3f5-23769c645c4a/datanode-1/data/containers] WARN  fs.CachingGetSpaceUsed (CachingGetSpaceUsed.java:run(183)) - Thread Interrupted waiting to refresh disk information: sleep interrupted
2019-10-16 06:58:30,566 [refreshUsed-/workdir/hadoop-ozone/ozonefs/target/test-dir/MiniOzoneClusterImpl-fe450875-4a1a-482c-b3f5-23769c645c4a/datanode-0/data/containers] WARN  fs.CachingGetSpaceUsed (CachingGetSpaceUsed.java:run(183)) - Thread Interrupted waiting to refresh disk information: sleep interrupted
2019-10-16 06:58:30,598 [Thread-1151] INFO  utils.BackgroundService (BackgroundService.java:shutdown(151)) - Shutting down service BlockDeletingService
2019-10-16 06:58:30,605 [Thread-1151] INFO  statemachine.DatanodeStateMachine (DatanodeStateMachine.java:stopDaemon(395)) - Ozone container server stopped.
2019-10-16 06:58:30,605 [ForkJoinPool.commonPool-worker-1] INFO  utils.BackgroundService (BackgroundService.java:shutdown(151)) - Shutting down service BlockDeletingService
2019-10-16 06:58:30,609 [ForkJoinPool.commonPool-worker-1] INFO  statemachine.DatanodeStateMachine (DatanodeStateMachine.java:stopDaemon(395)) - Ozone container server stopped.
2019-10-16 06:58:30,612 [Thread-1151] INFO  handler.ContextHandler (ContextHandler.java:doStop(910)) - Stopped o.e.j.w.WebAppContext@6c59c078{/,null,UNAVAILABLE}{/hddsDatanode}
2019-10-16 06:58:30,612 [ForkJoinPool.commonPool-worker-1] INFO  handler.ContextHandler (ContextHandler.java:doStop(910)) - Stopped o.e.j.w.WebAppContext@7149dfdb{/,null,UNAVAILABLE}{/hddsDatanode}
2019-10-16 06:58:30,613 [ForkJoinPool.commonPool-worker-1] INFO  server.AbstractConnector (AbstractConnector.java:doStop(318)) - Stopped ServerConnector@25bcf79c{HTTP/1.1,[http/1.1]}{0.0.0.0:0}
2019-10-16 06:58:30,613 [Thread-1151] INFO  server.AbstractConnector (AbstractConnector.java:doStop(318)) - Stopped ServerConnector@72df6b1c{HTTP/1.1,[http/1.1]}{0.0.0.0:0}
2019-10-16 06:58:30,614 [ForkJoinPool.commonPool-worker-1] INFO  handler.ContextHandler (ContextHandler.java:doStop(910)) - Stopped o.e.j.s.ServletContextHandler@a5afaf4{/static,jar:file:/home/user/.m2/repository/org/apache/hadoop/hadoop-hdds-container-service/0.5.0-SNAPSHOT/hadoop-hdds-container-service-0.5.0-SNAPSHOT.jar!/webapps/static,UNAVAILABLE}
2019-10-16 06:58:30,614 [Thread-1151] INFO  handler.ContextHandler (ContextHandler.java:doStop(910)) - Stopped o.e.j.s.ServletContextHandler@2e73196{/static,jar:file:/home/user/.m2/repository/org/apache/hadoop/hadoop-hdds-container-service/0.5.0-SNAPSHOT/hadoop-hdds-container-service-0.5.0-SNAPSHOT.jar!/webapps/static,UNAVAILABLE}
2019-10-16 06:58:30,615 [Thread-1151] INFO  handler.ContextHandler (ContextHandler.java:doStop(910)) - Stopped o.e.j.s.ServletContextHandler@519775b3{/logs,file:///workdir/hadoop-ozone/ozonefs/target/log,UNAVAILABLE}
2019-10-16 06:58:30,615 [ForkJoinPool.commonPool-worker-1] INFO  handler.ContextHandler (ContextHandler.java:doStop(910)) - Stopped o.e.j.s.ServletContextHandler@7a6cedeb{/logs,file:///workdir/hadoop-ozone/ozonefs/target/log,UNAVAILABLE}
2019-10-16 06:58:31,387 [Datanode State Machine Thread - 0] INFO  statemachine.DatanodeStateMachine (DatanodeStateMachine.java:lambda$startDaemon$0(350)) - Ozone container server started.
2019-10-16 06:58:35,474 [Thread-1646] INFO  impl.FollowerState (FollowerState.java:run(108)) - 317a9921-db1c-43a7-b546-bfd5748728d7@group-1BF4C328EE0E-FollowerState: change to CANDIDATE, lastRpcTime:5021ms, electionTimeout:5021ms
2019-10-16 06:58:35,475 [Thread-1646] INFO  impl.RoleInfo (RoleInfo.java:shutdownFollowerState(121)) - 317a9921-db1c-43a7-b546-bfd5748728d7: shutdown FollowerState
2019-10-16 06:58:35,475 [Thread-1646] INFO  impl.RaftServerImpl (RaftServerImpl.java:setRole(184)) - 317a9921-db1c-43a7-b546-bfd5748728d7@group-1BF4C328EE0E: changes role from  FOLLOWER to CANDIDATE at term 49 for changeToCandidate
2019-10-16 06:58:35,475 [Thread-1646] INFO  impl.RoleInfo (RoleInfo.java:updateAndGet(143)) - 317a9921-db1c-43a7-b546-bfd5748728d7: start LeaderElection
2019-10-16 06:58:35,502 [317a9921-db1c-43a7-b546-bfd5748728d7@group-1BF4C328EE0E-LeaderElection78] INFO  impl.LeaderElection (LeaderElection.java:askForVotes(178)) - 317a9921-db1c-43a7-b546-bfd5748728d7@group-1BF4C328EE0E-LeaderElection78: begin an election at term 50 for 0: [73e75fb6-f1d7-4311-b684-bd95d4e816a1:192.168.69.104:34728, 317a9921-db1c-43a7-b546-bfd5748728d7:192.168.69.104:33231, 39c5c445-cd83-4942-987d-d462f81a24e8:192.168.69.104:40343], old=null
2019-10-16 06:58:35,506 [317a9921-db1c-43a7-b546-bfd5748728d7@group-1BF4C328EE0E-LeaderElection78] INFO  impl.LeaderElection (LogUtils.java:infoOrTrace(149)) - 317a9921-db1c-43a7-b546-bfd5748728d7@group-1BF4C328EE0E-LeaderElection78 got exception when requesting votes: {}
java.util.concurrent.ExecutionException: org.apache.ratis.thirdparty.io.grpc.StatusRuntimeException: UNAVAILABLE: io exception
	at java.util.concurrent.FutureTask.report(FutureTask.java:122)
	at java.util.concurrent.FutureTask.get(FutureTask.java:192)
	at org.apache.ratis.server.impl.LeaderElection.waitForResults(LeaderElection.java:259)
	at org.apache.ratis.server.impl.LeaderElection.askForVotes(LeaderElection.java:197)
	at org.apache.ratis.server.impl.LeaderElection.run(LeaderElection.java:133)
	at java.lang.Thread.run(Thread.java:748)
Caused by: org.apache.ratis.thirdparty.io.grpc.StatusRuntimeException: UNAVAILABLE: io exception
	at org.apache.ratis.thirdparty.io.grpc.stub.ClientCalls.toStatusRuntimeException(ClientCalls.java:233)
	at org.apache.ratis.thirdparty.io.grpc.stub.ClientCalls.getUnchecked(ClientCalls.java:214)
	at org.apache.ratis.thirdparty.io.grpc.stub.ClientCalls.blockingUnaryCall(ClientCalls.java:139)
	at org.apache.ratis.proto.grpc.RaftServerProtocolServiceGrpc$RaftServerProtocolServiceBlockingStub.requestVote(RaftServerProtocolServiceGrpc.java:265)
	at org.apache.ratis.grpc.server.GrpcServerProtocolClient.requestVote(GrpcServerProtocolClient.java:99)
	at org.apache.ratis.grpc.server.GrpcService.requestVote(GrpcService.java:204)
	at org.apache.ratis.server.impl.LeaderElection.lambda$submitRequests$1(LeaderElection.java:234)
	at java.util.concurrent.FutureTask.run(FutureTask.java:266)
	at java.util.concurrent.Executors$RunnableAdapter.call(Executors.java:511)
	at java.util.concurrent.FutureTask.run(FutureTask.java:266)
	at java.util.concurrent.ThreadPoolExecutor.runWorker(ThreadPoolExecutor.java:1149)
	at java.util.concurrent.ThreadPoolExecutor$Worker.run(ThreadPoolExecutor.java:624)
	... 1 more
Caused by: org.apache.ratis.thirdparty.io.netty.channel.AbstractChannel$AnnotatedConnectException: Connection refused: /192.168.69.104:34728
	at sun.nio.ch.SocketChannelImpl.checkConnect(Native Method)
	at sun.nio.ch.SocketChannelImpl.finishConnect(SocketChannelImpl.java:717)
	at org.apache.ratis.thirdparty.io.netty.channel.socket.nio.NioSocketChannel.doFinishConnect(NioSocketChannel.java:327)
	at org.apache.ratis.thirdparty.io.netty.channel.nio.AbstractNioChannel$AbstractNioUnsafe.finishConnect(AbstractNioChannel.java:340)
	at org.apache.ratis.thirdparty.io.netty.channel.nio.NioEventLoop.processSelectedKey(NioEventLoop.java:632)
	at org.apache.ratis.thirdparty.io.netty.channel.nio.NioEventLoop.processSelectedKeysOptimized(NioEventLoop.java:579)
	at org.apache.ratis.thirdparty.io.netty.channel.nio.NioEventLoop.processSelectedKeys(NioEventLoop.java:496)
	at org.apache.ratis.thirdparty.io.netty.channel.nio.NioEventLoop.run(NioEventLoop.java:458)
	at org.apache.ratis.thirdparty.io.netty.util.concurrent.SingleThreadEventExecutor$5.run(SingleThreadEventExecutor.java:897)
	at org.apache.ratis.thirdparty.io.netty.util.concurrent.FastThreadLocalRunnable.run(FastThreadLocalRunnable.java:30)
	... 1 more
Caused by: java.net.ConnectException: Connection refused
	... 11 more
2019-10-16 06:58:35,508 [317a9921-db1c-43a7-b546-bfd5748728d7@group-1BF4C328EE0E-LeaderElection78] INFO  impl.LeaderElection (LogUtils.java:infoOrTrace(149)) - 317a9921-db1c-43a7-b546-bfd5748728d7@group-1BF4C328EE0E-LeaderElection78 got exception when requesting votes: {}
java.util.concurrent.ExecutionException: org.apache.ratis.thirdparty.io.grpc.StatusRuntimeException: UNAVAILABLE: io exception
	at java.util.concurrent.FutureTask.report(FutureTask.java:122)
	at java.util.concurrent.FutureTask.get(FutureTask.java:192)
	at org.apache.ratis.server.impl.LeaderElection.waitForResults(LeaderElection.java:259)
	at org.apache.ratis.server.impl.LeaderElection.askForVotes(LeaderElection.java:197)
	at org.apache.ratis.server.impl.LeaderElection.run(LeaderElection.java:133)
	at java.lang.Thread.run(Thread.java:748)
Caused by: org.apache.ratis.thirdparty.io.grpc.StatusRuntimeException: UNAVAILABLE: io exception
	at org.apache.ratis.thirdparty.io.grpc.stub.ClientCalls.toStatusRuntimeException(ClientCalls.java:233)
	at org.apache.ratis.thirdparty.io.grpc.stub.ClientCalls.getUnchecked(ClientCalls.java:214)
	at org.apache.ratis.thirdparty.io.grpc.stub.ClientCalls.blockingUnaryCall(ClientCalls.java:139)
	at org.apache.ratis.proto.grpc.RaftServerProtocolServiceGrpc$RaftServerProtocolServiceBlockingStub.requestVote(RaftServerProtocolServiceGrpc.java:265)
	at org.apache.ratis.grpc.server.GrpcServerProtocolClient.requestVote(GrpcServerProtocolClient.java:99)
	at org.apache.ratis.grpc.server.GrpcService.requestVote(GrpcService.java:204)
	at org.apache.ratis.server.impl.LeaderElection.lambda$submitRequests$1(LeaderElection.java:234)
	at java.util.concurrent.FutureTask.run(FutureTask.java:266)
	at java.util.concurrent.Executors$RunnableAdapter.call(Executors.java:511)
	at java.util.concurrent.FutureTask.run(FutureTask.java:266)
	at java.util.concurrent.ThreadPoolExecutor.runWorker(ThreadPoolExecutor.java:1149)
	at java.util.concurrent.ThreadPoolExecutor$Worker.run(ThreadPoolExecutor.java:624)
	... 1 more
Caused by: org.apache.ratis.thirdparty.io.netty.channel.AbstractChannel$AnnotatedConnectException: Connection refused: /192.168.69.104:40343
	at sun.nio.ch.SocketChannelImpl.checkConnect(Native Method)
	at sun.nio.ch.SocketChannelImpl.finishConnect(SocketChannelImpl.java:717)
	at org.apache.ratis.thirdparty.io.netty.channel.socket.nio.NioSocketChannel.doFinishConnect(NioSocketChannel.java:327)
	at org.apache.ratis.thirdparty.io.netty.channel.nio.AbstractNioChannel$AbstractNioUnsafe.finishConnect(AbstractNioChannel.java:340)
	at org.apache.ratis.thirdparty.io.netty.channel.nio.NioEventLoop.processSelectedKey(NioEventLoop.java:632)
	at org.apache.ratis.thirdparty.io.netty.channel.nio.NioEventLoop.processSelectedKeysOptimized(NioEventLoop.java:579)
	at org.apache.ratis.thirdparty.io.netty.channel.nio.NioEventLoop.processSelectedKeys(NioEventLoop.java:496)
	at org.apache.ratis.thirdparty.io.netty.channel.nio.NioEventLoop.run(NioEventLoop.java:458)
	at org.apache.ratis.thirdparty.io.netty.util.concurrent.SingleThreadEventExecutor$5.run(SingleThreadEventExecutor.java:897)
	at org.apache.ratis.thirdparty.io.netty.util.concurrent.FastThreadLocalRunnable.run(FastThreadLocalRunnable.java:30)
	... 1 more
Caused by: java.net.ConnectException: Connection refused
	... 11 more
2019-10-16 06:58:35,510 [317a9921-db1c-43a7-b546-bfd5748728d7@group-1BF4C328EE0E-LeaderElection78] INFO  impl.LeaderElection (LeaderElection.java:logAndReturn(56)) - 317a9921-db1c-43a7-b546-bfd5748728d7@group-1BF4C328EE0E-LeaderElection78: Election REJECTED; received 0 response(s) [] and 2 exception(s); 317a9921-db1c-43a7-b546-bfd5748728d7@group-1BF4C328EE0E:t50, leader=null, voted=317a9921-db1c-43a7-b546-bfd5748728d7, raftlog=317a9921-db1c-43a7-b546-bfd5748728d7@group-1BF4C328EE0E-SegmentedRaftLog:OPENED:c-1,f0,i0, conf=0: [73e75fb6-f1d7-4311-b684-bd95d4e816a1:192.168.69.104:34728, 317a9921-db1c-43a7-b546-bfd5748728d7:192.168.69.104:33231, 39c5c445-cd83-4942-987d-d462f81a24e8:192.168.69.104:40343], old=null
2019-10-16 06:58:35,510 [317a9921-db1c-43a7-b546-bfd5748728d7@group-1BF4C328EE0E-LeaderElection78] INFO  impl.LeaderElection (LogUtils.java:infoOrTrace(149)) -   Exception 0: {}
java.util.concurrent.ExecutionException: org.apache.ratis.thirdparty.io.grpc.StatusRuntimeException: UNAVAILABLE: io exception
	at java.util.concurrent.FutureTask.report(FutureTask.java:122)
	at java.util.concurrent.FutureTask.get(FutureTask.java:192)
	at org.apache.ratis.server.impl.LeaderElection.waitForResults(LeaderElection.java:259)
	at org.apache.ratis.server.impl.LeaderElection.askForVotes(LeaderElection.java:197)
	at org.apache.ratis.server.impl.LeaderElection.run(LeaderElection.java:133)
	at java.lang.Thread.run(Thread.java:748)
Caused by: org.apache.ratis.thirdparty.io.grpc.StatusRuntimeException: UNAVAILABLE: io exception
	at org.apache.ratis.thirdparty.io.grpc.stub.ClientCalls.toStatusRuntimeException(ClientCalls.java:233)
	at org.apache.ratis.thirdparty.io.grpc.stub.ClientCalls.getUnchecked(ClientCalls.java:214)
	at org.apache.ratis.thirdparty.io.grpc.stub.ClientCalls.blockingUnaryCall(ClientCalls.java:139)
	at org.apache.ratis.proto.grpc.RaftServerProtocolServiceGrpc$RaftServerProtocolServiceBlockingStub.requestVote(RaftServerProtocolServiceGrpc.java:265)
	at org.apache.ratis.grpc.server.GrpcServerProtocolClient.requestVote(GrpcServerProtocolClient.java:99)
	at org.apache.ratis.grpc.server.GrpcService.requestVote(GrpcService.java:204)
	at org.apache.ratis.server.impl.LeaderElection.lambda$submitRequests$1(LeaderElection.java:234)
	at java.util.concurrent.FutureTask.run(FutureTask.java:266)
	at java.util.concurrent.Executors$RunnableAdapter.call(Executors.java:511)
	at java.util.concurrent.FutureTask.run(FutureTask.java:266)
	at java.util.concurrent.ThreadPoolExecutor.runWorker(ThreadPoolExecutor.java:1149)
	at java.util.concurrent.ThreadPoolExecutor$Worker.run(ThreadPoolExecutor.java:624)
	... 1 more
Caused by: org.apache.ratis.thirdparty.io.netty.channel.AbstractChannel$AnnotatedConnectException: Connection refused: /192.168.69.104:34728
	at sun.nio.ch.SocketChannelImpl.checkConnect(Native Method)
	at sun.nio.ch.SocketChannelImpl.finishConnect(SocketChannelImpl.java:717)
	at org.apache.ratis.thirdparty.io.netty.channel.socket.nio.NioSocketChannel.doFinishConnect(NioSocketChannel.java:327)
	at org.apache.ratis.thirdparty.io.netty.channel.nio.AbstractNioChannel$AbstractNioUnsafe.finishConnect(AbstractNioChannel.java:340)
	at org.apache.ratis.thirdparty.io.netty.channel.nio.NioEventLoop.processSelectedKey(NioEventLoop.java:632)
	at org.apache.ratis.thirdparty.io.netty.channel.nio.NioEventLoop.processSelectedKeysOptimized(NioEventLoop.java:579)
	at org.apache.ratis.thirdparty.io.netty.channel.nio.NioEventLoop.processSelectedKeys(NioEventLoop.java:496)
	at org.apache.ratis.thirdparty.io.netty.channel.nio.NioEventLoop.run(NioEventLoop.java:458)
	at org.apache.ratis.thirdparty.io.netty.util.concurrent.SingleThreadEventExecutor$5.run(SingleThreadEventExecutor.java:897)
	at org.apache.ratis.thirdparty.io.netty.util.concurrent.FastThreadLocalRunnable.run(FastThreadLocalRunnable.java:30)
	... 1 more
Caused by: java.net.ConnectException: Connection refused
	... 11 more
2019-10-16 06:58:35,510 [317a9921-db1c-43a7-b546-bfd5748728d7@group-1BF4C328EE0E-LeaderElection78] INFO  impl.LeaderElection (LogUtils.java:infoOrTrace(149)) -   Exception 1: {}
java.util.concurrent.ExecutionException: org.apache.ratis.thirdparty.io.grpc.StatusRuntimeException: UNAVAILABLE: io exception
	at java.util.concurrent.FutureTask.report(FutureTask.java:122)
	at java.util.concurrent.FutureTask.get(FutureTask.java:192)
	at org.apache.ratis.server.impl.LeaderElection.waitForResults(LeaderElection.java:259)
	at org.apache.ratis.server.impl.LeaderElection.askForVotes(LeaderElection.java:197)
	at org.apache.ratis.server.impl.LeaderElection.run(LeaderElection.java:133)
	at java.lang.Thread.run(Thread.java:748)
Caused by: org.apache.ratis.thirdparty.io.grpc.StatusRuntimeException: UNAVAILABLE: io exception
	at org.apache.ratis.thirdparty.io.grpc.stub.ClientCalls.toStatusRuntimeException(ClientCalls.java:233)
	at org.apache.ratis.thirdparty.io.grpc.stub.ClientCalls.getUnchecked(ClientCalls.java:214)
	at org.apache.ratis.thirdparty.io.grpc.stub.ClientCalls.blockingUnaryCall(ClientCalls.java:139)
	at org.apache.ratis.proto.grpc.RaftServerProtocolServiceGrpc$RaftServerProtocolServiceBlockingStub.requestVote(RaftServerProtocolServiceGrpc.java:265)
	at org.apache.ratis.grpc.server.GrpcServerProtocolClient.requestVote(GrpcServerProtocolClient.java:99)
	at org.apache.ratis.grpc.server.GrpcService.requestVote(GrpcService.java:204)
	at org.apache.ratis.server.impl.LeaderElection.lambda$submitRequests$1(LeaderElection.java:234)
	at java.util.concurrent.FutureTask.run(FutureTask.java:266)
	at java.util.concurrent.Executors$RunnableAdapter.call(Executors.java:511)
	at java.util.concurrent.FutureTask.run(FutureTask.java:266)
	at java.util.concurrent.ThreadPoolExecutor.runWorker(ThreadPoolExecutor.java:1149)
	at java.util.concurrent.ThreadPoolExecutor$Worker.run(ThreadPoolExecutor.java:624)
	... 1 more
Caused by: org.apache.ratis.thirdparty.io.netty.channel.AbstractChannel$AnnotatedConnectException: Connection refused: /192.168.69.104:40343
	at sun.nio.ch.SocketChannelImpl.checkConnect(Native Method)
	at sun.nio.ch.SocketChannelImpl.finishConnect(SocketChannelImpl.java:717)
	at org.apache.ratis.thirdparty.io.netty.channel.socket.nio.NioSocketChannel.doFinishConnect(NioSocketChannel.java:327)
	at org.apache.ratis.thirdparty.io.netty.channel.nio.AbstractNioChannel$AbstractNioUnsafe.finishConnect(AbstractNioChannel.java:340)
	at org.apache.ratis.thirdparty.io.netty.channel.nio.NioEventLoop.processSelectedKey(NioEventLoop.java:632)
	at org.apache.ratis.thirdparty.io.netty.channel.nio.NioEventLoop.processSelectedKeysOptimized(NioEventLoop.java:579)
	at org.apache.ratis.thirdparty.io.netty.channel.nio.NioEventLoop.processSelectedKeys(NioEventLoop.java:496)
	at org.apache.ratis.thirdparty.io.netty.channel.nio.NioEventLoop.run(NioEventLoop.java:458)
	at org.apache.ratis.thirdparty.io.netty.util.concurrent.SingleThreadEventExecutor$5.run(SingleThreadEventExecutor.java:897)
	at org.apache.ratis.thirdparty.io.netty.util.concurrent.FastThreadLocalRunnable.run(FastThreadLocalRunnable.java:30)
	... 1 more
Caused by: java.net.ConnectException: Connection refused
	... 11 more
2019-10-16 06:58:35,511 [317a9921-db1c-43a7-b546-bfd5748728d7@group-1BF4C328EE0E-LeaderElection78] INFO  impl.RaftServerImpl (RaftServerImpl.java:setRole(184)) - 317a9921-db1c-43a7-b546-bfd5748728d7@group-1BF4C328EE0E: changes role from CANDIDATE to FOLLOWER at term 50 for DISCOVERED_A_NEW_TERM
2019-10-16 06:58:35,511 [317a9921-db1c-43a7-b546-bfd5748728d7@group-1BF4C328EE0E-LeaderElection78] INFO  impl.RoleInfo (RoleInfo.java:shutdownLeaderElection(134)) - 317a9921-db1c-43a7-b546-bfd5748728d7: shutdown LeaderElection
2019-10-16 06:58:35,511 [317a9921-db1c-43a7-b546-bfd5748728d7@group-1BF4C328EE0E-LeaderElection78] INFO  impl.RoleInfo (RoleInfo.java:updateAndGet(143)) - 317a9921-db1c-43a7-b546-bfd5748728d7: start FollowerState
2019-10-16 06:58:35,617 [Thread-1151] INFO  ozoneimpl.OzoneContainer (OzoneContainer.java:stop(227)) - Attempting to stop container services.
2019-10-16 06:58:35,617 [Thread-1151] INFO  impl.RaftServerProxy (RaftServerProxy.java:lambda$close$4(314)) - 317a9921-db1c-43a7-b546-bfd5748728d7: close
2019-10-16 06:58:35,618 [Thread-1151] INFO  impl.RaftServerImpl (RaftServerImpl.java:lambda$shutdown$3(261)) - 317a9921-db1c-43a7-b546-bfd5748728d7@group-01B3F018CA1B: shutdown
2019-10-16 06:58:35,618 [Thread-1151] INFO  util.JmxRegister (JmxRegister.java:unregister(73)) - Successfully un-registered JMX Bean with object name Ratis:service=RaftServer,group=group-01B3F018CA1B,id=317a9921-db1c-43a7-b546-bfd5748728d7
2019-10-16 06:58:35,618 [Thread-1151] INFO  impl.RoleInfo (RoleInfo.java:shutdownLeaderState(104)) - 317a9921-db1c-43a7-b546-bfd5748728d7: shutdown LeaderState
2019-10-16 06:58:35,618 [ForkJoinPool.commonPool-worker-0] INFO  impl.RaftServerImpl (RaftServerImpl.java:lambda$shutdown$3(261)) - 317a9921-db1c-43a7-b546-bfd5748728d7@group-1BF4C328EE0E: shutdown
2019-10-16 06:58:35,618 [Thread-1151] INFO  impl.PendingRequests (PendingRequests.java:sendNotLeaderResponses(202)) - 317a9921-db1c-43a7-b546-bfd5748728d7@group-01B3F018CA1B-PendingRequests: sendNotLeaderResponses
2019-10-16 06:58:35,619 [ForkJoinPool.commonPool-worker-0] INFO  util.JmxRegister (JmxRegister.java:unregister(73)) - Successfully un-registered JMX Bean with object name Ratis:service=RaftServer,group=group-1BF4C328EE0E,id=317a9921-db1c-43a7-b546-bfd5748728d7
2019-10-16 06:58:35,619 [Thread-1151] INFO  impl.StateMachineUpdater (StateMachineUpdater.java:stopAndJoin(136)) - 317a9921-db1c-43a7-b546-bfd5748728d7@group-01B3F018CA1B-StateMachineUpdater: set stopIndex = 0
2019-10-16 06:58:35,619 [ForkJoinPool.commonPool-worker-0] INFO  impl.RoleInfo (RoleInfo.java:shutdownFollowerState(121)) - 317a9921-db1c-43a7-b546-bfd5748728d7: shutdown FollowerState
2019-10-16 06:58:35,619 [Thread-1151] INFO  impl.RaftServerImpl (ServerState.java:close(388)) - 317a9921-db1c-43a7-b546-bfd5748728d7@group-01B3F018CA1B: closes. applyIndex: 0
2019-10-16 06:58:35,619 [Thread-1651] INFO  impl.FollowerState (FollowerState.java:run(117)) - 317a9921-db1c-43a7-b546-bfd5748728d7@group-1BF4C328EE0E-FollowerState was interrupted: java.lang.InterruptedException: sleep interrupted
2019-10-16 06:58:35,619 [ForkJoinPool.commonPool-worker-0] INFO  impl.StateMachineUpdater (StateMachineUpdater.java:stopAndJoin(136)) - 317a9921-db1c-43a7-b546-bfd5748728d7@group-1BF4C328EE0E-StateMachineUpdater: set stopIndex = -1
2019-10-16 06:58:35,620 [317a9921-db1c-43a7-b546-bfd5748728d7@group-01B3F018CA1B-SegmentedRaftLogWorker] INFO  segmented.SegmentedRaftLogWorker (SegmentedRaftLogWorker.java:run(316)) - 317a9921-db1c-43a7-b546-bfd5748728d7@group-01B3F018CA1B-SegmentedRaftLogWorker was interrupted, exiting. There are 0 tasks remaining in the queue.
2019-10-16 06:58:35,620 [ForkJoinPool.commonPool-worker-0] INFO  impl.RaftServerImpl (ServerState.java:close(388)) - 317a9921-db1c-43a7-b546-bfd5748728d7@group-1BF4C328EE0E: closes. applyIndex: -1
2019-10-16 06:58:35,621 [Thread-1151] INFO  segmented.SegmentedRaftLogWorker (SegmentedRaftLogWorker.java:close(224)) - 317a9921-db1c-43a7-b546-bfd5748728d7@group-01B3F018CA1B-SegmentedRaftLogWorker close()
2019-10-16 06:58:35,621 [317a9921-db1c-43a7-b546-bfd5748728d7@group-1BF4C328EE0E-SegmentedRaftLogWorker] INFO  segmented.SegmentedRaftLogWorker (SegmentedRaftLogWorker.java:run(316)) - 317a9921-db1c-43a7-b546-bfd5748728d7@group-1BF4C328EE0E-SegmentedRaftLogWorker was interrupted, exiting. There are 0 tasks remaining in the queue.
2019-10-16 06:58:35,624 [ForkJoinPool.commonPool-worker-0] INFO  segmented.SegmentedRaftLogWorker (SegmentedRaftLogWorker.java:close(224)) - 317a9921-db1c-43a7-b546-bfd5748728d7@group-1BF4C328EE0E-SegmentedRaftLogWorker close()
2019-10-16 06:58:35,626 [Thread-1151] INFO  server.GrpcService (GrpcService.java:closeImpl(164)) - 317a9921-db1c-43a7-b546-bfd5748728d7: shutdown server with port 33231 now
2019-10-16 06:58:35,628 [Thread-1151] INFO  server.GrpcService (GrpcService.java:closeImpl(172)) - 317a9921-db1c-43a7-b546-bfd5748728d7: shutdown server with port 33231 successfully
2019-10-16 06:58:35,631 [refreshUsed-/workdir/hadoop-ozone/ozonefs/target/test-dir/MiniOzoneClusterImpl-fe450875-4a1a-482c-b3f5-23769c645c4a/datanode-2/data/containers] WARN  fs.CachingGetSpaceUsed (CachingGetSpaceUsed.java:run(183)) - Thread Interrupted waiting to refresh disk information: sleep interrupted
2019-10-16 06:58:35,655 [Thread-1151] INFO  utils.BackgroundService (BackgroundService.java:shutdown(151)) - Shutting down service BlockDeletingService
2019-10-16 06:58:35,658 [Thread-1151] INFO  statemachine.DatanodeStateMachine (DatanodeStateMachine.java:stopDaemon(395)) - Ozone container server stopped.
2019-10-16 06:58:35,659 [Thread-1151] INFO  handler.ContextHandler (ContextHandler.java:doStop(910)) - Stopped o.e.j.w.WebAppContext@11e74e95{/,null,UNAVAILABLE}{/hddsDatanode}
2019-10-16 06:58:35,659 [Thread-1151] INFO  server.AbstractConnector (AbstractConnector.java:doStop(318)) - Stopped ServerConnector@41e9a9ca{HTTP/1.1,[http/1.1]}{0.0.0.0:0}
2019-10-16 06:58:35,659 [Thread-1151] INFO  handler.ContextHandler (ContextHandler.java:doStop(910)) - Stopped o.e.j.s.ServletContextHandler@5d567ba4{/static,jar:file:/home/user/.m2/repository/org/apache/hadoop/hadoop-hdds-container-service/0.5.0-SNAPSHOT/hadoop-hdds-container-service-0.5.0-SNAPSHOT.jar!/webapps/static,UNAVAILABLE}
2019-10-16 06:58:35,660 [Thread-1151] INFO  handler.ContextHandler (ContextHandler.java:doStop(910)) - Stopped o.e.j.s.ServletContextHandler@2bc9839d{/logs,file:///workdir/hadoop-ozone/ozonefs/target/log,UNAVAILABLE}
2019-10-16 06:58:35,661 [Thread-1151] INFO  ozone.MiniOzoneClusterImpl (MiniOzoneClusterImpl.java:stopSCM(392)) - Stopping the StorageContainerManager
2019-10-16 06:58:35,661 [Thread-1151] INFO  server.StorageContainerManager (StorageContainerManager.java:stop(810)) - Stopping Replication Manager Service.
2019-10-16 06:58:35,661 [Thread-1151] INFO  container.ReplicationManager (ReplicationManager.java:stop(203)) - Stopping Replication Monitor Thread.
2019-10-16 06:58:35,661 [Thread-1151] INFO  server.StorageContainerManager (StorageContainerManager.java:stop(817)) - Stopping Lease Manager of the command watchers
2019-10-16 06:58:35,661 [Thread-1151] INFO  server.StorageContainerManager (StorageContainerManager.java:stop(824)) - Stopping datanode service RPC server
2019-10-16 06:58:35,661 [Thread-1151] INFO  server.SCMDatanodeProtocolServer (SCMDatanodeProtocolServer.java:stop(346)) - Stopping the RPC server for DataNodes
2019-10-16 06:58:35,661 [Thread-1151] INFO  ipc.Server (Server.java:stop(3082)) - Stopping server on 35107
2019-10-16 06:58:35,664 [IPC Server listener on 35107] INFO  ipc.Server (Server.java:run(1185)) - Stopping IPC Server listener on 35107
2019-10-16 06:58:35,665 [IPC Server Responder] INFO  ipc.Server (Server.java:run(1319)) - Stopping IPC Server Responder
2019-10-16 06:58:35,689 [SCM Heartbeat Processing Thread - 0] WARN  node.NodeStateManager (NodeStateManager.java:scheduleNextHealthCheck(646)) - Current Thread is interrupted, shutting down HB processing thread for Node Manager.
2019-10-16 06:58:35,689 [Thread-1151] INFO  server.StorageContainerManager (StorageContainerManager.java:stop(832)) - Stopping block service RPC server
2019-10-16 06:58:35,689 [Thread-1151] INFO  server.SCMBlockProtocolServer (SCMBlockProtocolServer.java:stop(155)) - Stopping the RPC server for Block Protocol
2019-10-16 06:58:35,689 [Thread-1151] INFO  ipc.Server (Server.java:stop(3082)) - Stopping server on 46547
2019-10-16 06:58:35,694 [IPC Server listener on 46547] INFO  ipc.Server (Server.java:run(1185)) - Stopping IPC Server listener on 46547
2019-10-16 06:58:35,695 [Thread-1151] INFO  server.StorageContainerManager (StorageContainerManager.java:stop(839)) - Stopping the StorageContainerLocationProtocol RPC server
2019-10-16 06:58:35,695 [IPC Server Responder] INFO  ipc.Server (Server.java:run(1319)) - Stopping IPC Server Responder
2019-10-16 06:58:35,696 [Thread-1151] INFO  server.SCMClientProtocolServer (SCMClientProtocolServer.java:stop(168)) - Stopping the RPC server for Client Protocol
2019-10-16 06:58:35,696 [Thread-1151] INFO  ipc.Server (Server.java:stop(3082)) - Stopping server on 39270
2019-10-16 06:58:35,699 [IPC Server listener on 39270] INFO  ipc.Server (Server.java:run(1185)) - Stopping IPC Server listener on 39270
2019-10-16 06:58:35,699 [Thread-1151] INFO  server.StorageContainerManager (StorageContainerManager.java:stop(846)) - Stopping Storage Container Manager HTTP server.
2019-10-16 06:58:35,700 [IPC Server Responder] INFO  ipc.Server (Server.java:run(1319)) - Stopping IPC Server Responder
2019-10-16 06:58:35,702 [Thread-1151] INFO  handler.ContextHandler (ContextHandler.java:doStop(910)) - Stopped o.e.j.w.WebAppContext@6ee17388{/,null,UNAVAILABLE}{/scm}
2019-10-16 06:58:35,702 [Thread-1151] INFO  server.AbstractConnector (AbstractConnector.java:doStop(318)) - Stopped ServerConnector@2607240c{HTTP/1.1,[http/1.1]}{0.0.0.0:0}
2019-10-16 06:58:35,702 [Thread-1151] INFO  handler.ContextHandler (ContextHandler.java:doStop(910)) - Stopped o.e.j.s.ServletContextHandler@7c6e1353{/static,jar:file:/home/user/.m2/repository/org/apache/hadoop/hadoop-hdds-server-scm/0.5.0-SNAPSHOT/hadoop-hdds-server-scm-0.5.0-SNAPSHOT.jar!/webapps/static,UNAVAILABLE}
2019-10-16 06:58:35,703 [Thread-1151] INFO  handler.ContextHandler (ContextHandler.java:doStop(910)) - Stopped o.e.j.s.ServletContextHandler@6e4e8ae7{/logs,file:///workdir/hadoop-ozone/ozonefs/target/log,UNAVAILABLE}
2019-10-16 06:58:35,703 [Thread-1151] INFO  server.StorageContainerManager (StorageContainerManager.java:stop(857)) - Stopping Block Manager Service.
2019-10-16 06:58:35,704 [Thread-1151] INFO  utils.BackgroundService (BackgroundService.java:shutdown(151)) - Shutting down service SCMBlockDeletingService
2019-10-16 06:58:35,704 [Thread-1151] INFO  utils.BackgroundService (BackgroundService.java:shutdown(151)) - Shutting down service SCMBlockDeletingService
2019-10-16 06:58:35,704 [Thread-1151] INFO  server.StorageContainerManager (StorageContainerManager.java:stop(879)) - Stopping SCM Event Queue.
2019-10-16 06:58:35,709 [Thread-1151] INFO  impl.MetricsSystemImpl (MetricsSystemImpl.java:stop(210)) - Stopping HddsDatanode metrics system...
2019-10-16 06:58:35,716 [Thread-1151] INFO  impl.MetricsSystemImpl (MetricsSystemImpl.java:stop(216)) - HddsDatanode metrics system stopped.
]]></system-out>
  </testcase>
  <testcase name="testNonExplicitlyCreatedPathExistsAfterItsLeafsWereRemoved" classname="org.apache.hadoop.fs.ozone.TestOzoneFileSystem" time="16.996"/>
  <testcase name="testListStatusOnLargeDirectory" classname="org.apache.hadoop.fs.ozone.TestOzoneFileSystem" time="20.158"/>
</testsuite>