<?xml version="1.0" encoding="UTF-8"?>
<testsuite xmlns:xsi="http://www.w3.org/2001/XMLSchema-instance" xsi:noNamespaceSchemaLocation="https://maven.apache.org/surefire/maven-surefire-plugin/xsd/surefire-test-report.xsd" name="org.apache.hadoop.fs.ozone.TestOzoneFileInterfaces" time="209.656" tests="12" errors="2" skipped="0" failures="0">
  <properties>
    <property name="awt.toolkit" value="sun.awt.X11.XToolkit"/>
    <property name="file.encoding.pkg" value="sun.io"/>
    <property name="java.specification.version" value="1.8"/>
    <property name="sun.cpu.isalist" value=""/>
    <property name="sun.jnu.encoding" value="ANSI_X3.4-1968"/>
    <property name="java.class.path" value="/workdir/hadoop-ozone/ozonefs/target/test-classes:/workdir/hadoop-ozone/ozonefs/target/classes:/home/user/.m2/repository/org/apache/hadoop/hadoop-common/3.2.0/hadoop-common-3.2.0.jar:/home/user/.m2/repository/org/apache/hadoop/hadoop-annotations/3.2.0/hadoop-annotations-3.2.0.jar:/usr/lib/jvm/java-1.8.0-openjdk-1.8.0.222.b10-1.el7_7.x86_64/jre/../lib/tools.jar:/home/user/.m2/repository/com/google/guava/guava/11.0.2/guava-11.0.2.jar:/home/user/.m2/repository/commons-cli/commons-cli/1.2/commons-cli-1.2.jar:/home/user/.m2/repository/org/apache/commons/commons-math3/3.1.1/commons-math3-3.1.1.jar:/home/user/.m2/repository/commons-codec/commons-codec/1.11/commons-codec-1.11.jar:/home/user/.m2/repository/commons-io/commons-io/2.5/commons-io-2.5.jar:/home/user/.m2/repository/commons-net/commons-net/3.6/commons-net-3.6.jar:/home/user/.m2/repository/commons-collections/commons-collections/3.2.2/commons-collections-3.2.2.jar:/home/user/.m2/repository/javax/servlet/javax.servlet-api/3.1.0/javax.servlet-api-3.1.0.jar:/home/user/.m2/repository/org/eclipse/jetty/jetty-server/9.3.25.v20180904/jetty-server-9.3.25.v20180904.jar:/home/user/.m2/repository/org/eclipse/jetty/jetty-http/9.3.25.v20180904/jetty-http-9.3.25.v20180904.jar:/home/user/.m2/repository/org/eclipse/jetty/jetty-io/9.3.25.v20180904/jetty-io-9.3.25.v20180904.jar:/home/user/.m2/repository/org/eclipse/jetty/jetty-util/9.3.25.v20180904/jetty-util-9.3.25.v20180904.jar:/home/user/.m2/repository/org/eclipse/jetty/jetty-servlet/9.3.25.v20180904/jetty-servlet-9.3.25.v20180904.jar:/home/user/.m2/repository/org/eclipse/jetty/jetty-security/9.3.25.v20180904/jetty-security-9.3.25.v20180904.jar:/home/user/.m2/repository/org/eclipse/jetty/jetty-webapp/9.3.25.v20180904/jetty-webapp-9.3.25.v20180904.jar:/home/user/.m2/repository/org/eclipse/jetty/jetty-xml/9.3.25.v20180904/jetty-xml-9.3.25.v20180904.jar:/home/user/.m2/repository/javax/servlet/jsp/jsp-api/2.1/jsp-api-2.1.jar:/home/user/.m2/repository/com/sun/jersey/jersey-core/1.19/jersey-core-1.19.jar:/home/user/.m2/repository/javax/ws/rs/jsr311-api/1.1.1/jsr311-api-1.1.1.jar:/home/user/.m2/repository/com/sun/jersey/jersey-servlet/1.19/jersey-servlet-1.19.jar:/home/user/.m2/repository/com/sun/jersey/jersey-json/1.19/jersey-json-1.19.jar:/home/user/.m2/repository/org/codehaus/jettison/jettison/1.1/jettison-1.1.jar:/home/user/.m2/repository/com/sun/xml/bind/jaxb-impl/2.3.0.1/jaxb-impl-2.3.0.1.jar:/home/user/.m2/repository/org/codehaus/jackson/jackson-core-asl/1.9.13/jackson-core-asl-1.9.13.jar:/home/user/.m2/repository/org/codehaus/jackson/jackson-mapper-asl/1.9.13/jackson-mapper-asl-1.9.13.jar:/home/user/.m2/repository/org/codehaus/jackson/jackson-jaxrs/1.9.13/jackson-jaxrs-1.9.13.jar:/home/user/.m2/repository/org/codehaus/jackson/jackson-xc/1.9.13/jackson-xc-1.9.13.jar:/home/user/.m2/repository/com/sun/jersey/jersey-server/1.19/jersey-server-1.19.jar:/home/user/.m2/repository/commons-logging/commons-logging/1.1.3/commons-logging-1.1.3.jar:/home/user/.m2/repository/log4j/log4j/1.2.17/log4j-1.2.17.jar:/home/user/.m2/repository/commons-beanutils/commons-beanutils/1.9.4/commons-beanutils-1.9.4.jar:/home/user/.m2/repository/org/apache/commons/commons-configuration2/2.1.1/commons-configuration2-2.1.1.jar:/home/user/.m2/repository/org/apache/commons/commons-lang3/3.7/commons-lang3-3.7.jar:/home/user/.m2/repository/org/apache/commons/commons-text/1.4/commons-text-1.4.jar:/home/user/.m2/repository/org/slf4j/slf4j-api/1.7.25/slf4j-api-1.7.25.jar:/home/user/.m2/repository/org/slf4j/slf4j-log4j12/1.7.25/slf4j-log4j12-1.7.25.jar:/home/user/.m2/repository/org/apache/avro/avro/1.7.7/avro-1.7.7.jar:/home/user/.m2/repository/com/thoughtworks/paranamer/paranamer/2.3/paranamer-2.3.jar:/home/user/.m2/repository/org/xerial/snappy/snappy-java/1.0.5/snappy-java-1.0.5.jar:/home/user/.m2/repository/com/google/re2j/re2j/1.1/re2j-1.1.jar:/home/user/.m2/repository/com/google/protobuf/protobuf-java/2.5.0/protobuf-java-2.5.0.jar:/home/user/.m2/repository/com/google/code/gson/gson/2.2.4/gson-2.2.4.jar:/home/user/.m2/repository/org/apache/hadoop/hadoop-auth/3.2.0/hadoop-auth-3.2.0.jar:/home/user/.m2/repository/com/nimbusds/nimbus-jose-jwt/4.41.1/nimbus-jose-jwt-4.41.1.jar:/home/user/.m2/repository/com/github/stephenc/jcip/jcip-annotations/1.0-1/jcip-annotations-1.0-1.jar:/home/user/.m2/repository/net/minidev/json-smart/2.3/json-smart-2.3.jar:/home/user/.m2/repository/net/minidev/accessors-smart/1.2/accessors-smart-1.2.jar:/home/user/.m2/repository/org/apache/curator/curator-framework/2.12.0/curator-framework-2.12.0.jar:/home/user/.m2/repository/com/jcraft/jsch/0.1.54/jsch-0.1.54.jar:/home/user/.m2/repository/org/apache/curator/curator-client/2.12.0/curator-client-2.12.0.jar:/home/user/.m2/repository/org/apache/curator/curator-recipes/2.12.0/curator-recipes-2.12.0.jar:/home/user/.m2/repository/com/google/code/findbugs/jsr305/3.0.0/jsr305-3.0.0.jar:/home/user/.m2/repository/org/apache/htrace/htrace-core4/4.1.0-incubating/htrace-core4-4.1.0-incubating.jar:/home/user/.m2/repository/org/apache/zookeeper/zookeeper/3.4.13/zookeeper-3.4.13.jar:/home/user/.m2/repository/jline/jline/0.9.94/jline-0.9.94.jar:/home/user/.m2/repository/org/apache/yetus/audience-annotations/0.5.0/audience-annotations-0.5.0.jar:/home/user/.m2/repository/org/apache/commons/commons-compress/1.4.1/commons-compress-1.4.1.jar:/home/user/.m2/repository/org/tukaani/xz/1.0/xz-1.0.jar:/home/user/.m2/repository/org/apache/kerby/kerb-simplekdc/1.0.1/kerb-simplekdc-1.0.1.jar:/home/user/.m2/repository/org/apache/kerby/kerb-client/1.0.1/kerb-client-1.0.1.jar:/home/user/.m2/repository/org/apache/kerby/kerby-config/1.0.1/kerby-config-1.0.1.jar:/home/user/.m2/repository/org/apache/kerby/kerb-core/1.0.1/kerb-core-1.0.1.jar:/home/user/.m2/repository/org/apache/kerby/kerby-pkix/1.0.1/kerby-pkix-1.0.1.jar:/home/user/.m2/repository/org/apache/kerby/kerby-asn1/1.0.1/kerby-asn1-1.0.1.jar:/home/user/.m2/repository/org/apache/kerby/kerby-util/1.0.1/kerby-util-1.0.1.jar:/home/user/.m2/repository/org/apache/kerby/kerb-common/1.0.1/kerb-common-1.0.1.jar:/home/user/.m2/repository/org/apache/kerby/kerb-crypto/1.0.1/kerb-crypto-1.0.1.jar:/home/user/.m2/repository/org/apache/kerby/kerb-util/1.0.1/kerb-util-1.0.1.jar:/home/user/.m2/repository/org/apache/kerby/token-provider/1.0.1/token-provider-1.0.1.jar:/home/user/.m2/repository/org/apache/kerby/kerb-admin/1.0.1/kerb-admin-1.0.1.jar:/home/user/.m2/repository/org/apache/kerby/kerb-server/1.0.1/kerb-server-1.0.1.jar:/home/user/.m2/repository/org/apache/kerby/kerb-identity/1.0.1/kerb-identity-1.0.1.jar:/home/user/.m2/repository/org/apache/kerby/kerby-xdr/1.0.1/kerby-xdr-1.0.1.jar:/home/user/.m2/repository/com/fasterxml/jackson/core/jackson-databind/2.9.9/jackson-databind-2.9.9.jar:/home/user/.m2/repository/com/fasterxml/jackson/core/jackson-annotations/2.9.9/jackson-annotations-2.9.9.jar:/home/user/.m2/repository/com/fasterxml/jackson/core/jackson-core/2.9.9/jackson-core-2.9.9.jar:/home/user/.m2/repository/org/codehaus/woodstox/stax2-api/3.1.4/stax2-api-3.1.4.jar:/home/user/.m2/repository/com/fasterxml/woodstox/woodstox-core/5.0.3/woodstox-core-5.0.3.jar:/home/user/.m2/repository/dnsjava/dnsjava/2.1.7/dnsjava-2.1.7.jar:/home/user/.m2/repository/org/apache/hadoop/hadoop-hdfs/3.2.0/hadoop-hdfs-3.2.0.jar:/home/user/.m2/repository/org/eclipse/jetty/jetty-util-ajax/9.3.25.v20180904/jetty-util-ajax-9.3.25.v20180904.jar:/home/user/.m2/repository/commons-daemon/commons-daemon/1.0.13/commons-daemon-1.0.13.jar:/home/user/.m2/repository/io/netty/netty/3.10.5.Final/netty-3.10.5.Final.jar:/home/user/.m2/repository/io/netty/netty-all/4.0.52.Final/netty-all-4.0.52.Final.jar:/home/user/.m2/repository/org/fusesource/leveldbjni/leveldbjni-all/1.8/leveldbjni-all-1.8.jar:/home/user/.m2/repository/org/apache/hadoop/hadoop-hdds-common/0.5.0-SNAPSHOT/hadoop-hdds-common-0.5.0-SNAPSHOT.jar:/home/user/.m2/repository/org/apache/hadoop/hadoop-hdds-config/0.5.0-SNAPSHOT/hadoop-hdds-config-0.5.0-SNAPSHOT.jar:/home/user/.m2/repository/javax/annotation/javax.annotation-api/1.2/javax.annotation-api-1.2.jar:/home/user/.m2/repository/org/apache/ratis/ratis-server/0.5.0-3f446aa-SNAPSHOT/ratis-server-0.5.0-3f446aa-SNAPSHOT.jar:/home/user/.m2/repository/org/apache/ratis/ratis-thirdparty-misc/0.2.0/ratis-thirdparty-misc-0.2.0.jar:/home/user/.m2/repository/org/apache/ratis/ratis-proto/0.5.0-3f446aa-SNAPSHOT/ratis-proto-0.5.0-3f446aa-SNAPSHOT.jar:/home/user/.m2/repository/org/apache/ratis/ratis-common/0.5.0-3f446aa-SNAPSHOT/ratis-common-0.5.0-3f446aa-SNAPSHOT.jar:/home/user/.m2/repository/org/apache/ratis/ratis-client/0.5.0-3f446aa-SNAPSHOT/ratis-client-0.5.0-3f446aa-SNAPSHOT.jar:/home/user/.m2/repository/org/apache/ratis/ratis-metrics/0.5.0-3f446aa-SNAPSHOT/ratis-metrics-0.5.0-3f446aa-SNAPSHOT.jar:/home/user/.m2/repository/com/github/joshelser/dropwizard-metrics-hadoop-metrics2-reporter/0.1.2/dropwizard-metrics-hadoop-metrics2-reporter-0.1.2.jar:/home/user/.m2/repository/io/dropwizard/metrics/metrics-jvm/3.2.5/metrics-jvm-3.2.5.jar:/home/user/.m2/repository/io/dropwizard/metrics/metrics-ganglia/3.2.5/metrics-ganglia-3.2.5.jar:/home/user/.m2/repository/info/ganglia/gmetric4j/gmetric4j/1.0.7/gmetric4j-1.0.7.jar:/home/user/.m2/repository/org/apache/ratis/ratis-netty/0.5.0-3f446aa-SNAPSHOT/ratis-netty-0.5.0-3f446aa-SNAPSHOT.jar:/home/user/.m2/repository/org/apache/ratis/ratis-grpc/0.5.0-3f446aa-SNAPSHOT/ratis-grpc-0.5.0-3f446aa-SNAPSHOT.jar:/home/user/.m2/repository/org/rocksdb/rocksdbjni/6.0.1/rocksdbjni-6.0.1.jar:/home/user/.m2/repository/org/apache/logging/log4j/log4j-api/2.11.0/log4j-api-2.11.0.jar:/home/user/.m2/repository/org/apache/logging/log4j/log4j-core/2.11.0/log4j-core-2.11.0.jar:/home/user/.m2/repository/com/lmax/disruptor/3.4.2/disruptor-3.4.2.jar:/home/user/.m2/repository/org/apache/commons/commons-pool2/2.6.0/commons-pool2-2.6.0.jar:/home/user/.m2/repository/org/bouncycastle/bcpkix-jdk15on/1.60/bcpkix-jdk15on-1.60.jar:/home/user/.m2/repository/commons-validator/commons-validator/1.6/commons-validator-1.6.jar:/home/user/.m2/repository/commons-digester/commons-digester/1.8.1/commons-digester-1.8.1.jar:/home/user/.m2/repository/io/jaegertracing/jaeger-client/0.34.0/jaeger-client-0.34.0.jar:/home/user/.m2/repository/io/jaegertracing/jaeger-thrift/0.34.0/jaeger-thrift-0.34.0.jar:/home/user/.m2/repository/org/apache/thrift/libthrift/0.12.0/libthrift-0.12.0.jar:/home/user/.m2/repository/com/squareup/okhttp3/okhttp/3.9.0/okhttp-3.9.0.jar:/home/user/.m2/repository/com/squareup/okio/okio/1.13.0/okio-1.13.0.jar:/home/user/.m2/repository/io/jaegertracing/jaeger-core/0.34.0/jaeger-core-0.34.0.jar:/home/user/.m2/repository/io/jaegertracing/jaeger-tracerresolver/0.34.0/jaeger-tracerresolver-0.34.0.jar:/home/user/.m2/repository/io/opentracing/contrib/opentracing-tracerresolver/0.1.5/opentracing-tracerresolver-0.1.5.jar:/home/user/.m2/repository/io/opentracing/opentracing-util/0.31.0/opentracing-util-0.31.0.jar:/home/user/.m2/repository/io/opentracing/opentracing-api/0.31.0/opentracing-api-0.31.0.jar:/home/user/.m2/repository/io/opentracing/opentracing-noop/0.31.0/opentracing-noop-0.31.0.jar:/home/user/.m2/repository/org/yaml/snakeyaml/1.16/snakeyaml-1.16.jar:/home/user/.m2/repository/org/apache/hadoop/hadoop-hdfs-client/3.2.0/hadoop-hdfs-client-3.2.0.jar:/home/user/.m2/repository/info/picocli/picocli/3.9.6/picocli-3.9.6.jar:/home/user/.m2/repository/org/apache/hadoop/hadoop-hdds-server-scm/0.5.0-SNAPSHOT/hadoop-hdds-server-scm-0.5.0-SNAPSHOT.jar:/home/user/.m2/repository/org/apache/hadoop/hadoop-hdds-docs/0.5.0-SNAPSHOT/hadoop-hdds-docs-0.5.0-SNAPSHOT.jar:/home/user/.m2/repository/io/dropwizard/metrics/metrics-core/3.2.4/metrics-core-3.2.4.jar:/home/user/.m2/repository/org/hamcrest/hamcrest-all/1.3/hamcrest-all-1.3.jar:/home/user/.m2/repository/org/bouncycastle/bcprov-jdk15on/1.60/bcprov-jdk15on-1.60.jar:/home/user/.m2/repository/org/apache/hadoop/hadoop-hdds-server-framework/0.5.0-SNAPSHOT/hadoop-hdds-server-framework-0.5.0-SNAPSHOT.jar:/home/user/.m2/repository/org/apache/hadoop/hadoop-ozone-ozone-manager/0.5.0-SNAPSHOT/hadoop-ozone-ozone-manager-0.5.0-SNAPSHOT.jar:/home/user/.m2/repository/org/apache/hadoop/hadoop-hdds-container-service/0.5.0-SNAPSHOT/hadoop-hdds-container-service-0.5.0-SNAPSHOT.jar:/home/user/.m2/repository/org/apache/hadoop/hadoop-hdds-client/0.5.0-SNAPSHOT/hadoop-hdds-client-0.5.0-SNAPSHOT.jar:/home/user/.m2/repository/org/apache/hadoop/hadoop-ozone-common/0.5.0-SNAPSHOT/hadoop-ozone-common-0.5.0-SNAPSHOT.jar:/home/user/.m2/repository/org/apache/hadoop/hadoop-hdds-tools/0.5.0-SNAPSHOT/hadoop-hdds-tools-0.5.0-SNAPSHOT.jar:/home/user/.m2/repository/org/xerial/sqlite-jdbc/3.25.2/sqlite-jdbc-3.25.2.jar:/home/user/.m2/repository/org/apache/httpcomponents/httpclient/4.5.2/httpclient-4.5.2.jar:/home/user/.m2/repository/org/apache/httpcomponents/httpcore/4.4.4/httpcore-4.4.4.jar:/home/user/.m2/repository/com/github/spotbugs/spotbugs/3.1.12/spotbugs-3.1.12.jar:/home/user/.m2/repository/org/ow2/asm/asm/5.0.4/asm-5.0.4.jar:/home/user/.m2/repository/org/ow2/asm/asm-analysis/7.0/asm-analysis-7.0.jar:/home/user/.m2/repository/org/ow2/asm/asm-commons/7.0/asm-commons-7.0.jar:/home/user/.m2/repository/org/ow2/asm/asm-tree/7.0/asm-tree-7.0.jar:/home/user/.m2/repository/org/ow2/asm/asm-util/7.0/asm-util-7.0.jar:/home/user/.m2/repository/org/apache/bcel/bcel/6.3/bcel-6.3.jar:/home/user/.m2/repository/net/jcip/jcip-annotations/1.0/jcip-annotations-1.0.jar:/home/user/.m2/repository/org/dom4j/dom4j/2.1.1/dom4j-2.1.1.jar:/home/user/.m2/repository/jaxen/jaxen/1.1.6/jaxen-1.1.6.jar:/home/user/.m2/repository/commons-lang/commons-lang/2.6/commons-lang-2.6.jar:/home/user/.m2/repository/com/github/spotbugs/spotbugs-annotations/3.1.12/spotbugs-annotations-3.1.12.jar:/home/user/.m2/repository/org/apache/hadoop/hadoop-common/3.2.0/hadoop-common-3.2.0-tests.jar:/home/user/.m2/repository/org/apache/hadoop/hadoop-ozone-client/0.5.0-SNAPSHOT/hadoop-ozone-client-0.5.0-SNAPSHOT.jar:/home/user/.m2/repository/org/apache/hadoop/hadoop-hdfs/3.2.0/hadoop-hdfs-3.2.0-tests.jar:/workdir/hadoop-ozone/integration-test/target/test-classes:/home/user/.m2/repository/org/apache/hadoop/hadoop-ozone-s3gateway/0.5.0-SNAPSHOT/hadoop-ozone-s3gateway-0.5.0-SNAPSHOT.jar:/home/user/.m2/repository/org/jboss/weld/servlet/weld-servlet/2.4.7.Final/weld-servlet-2.4.7.Final.jar:/home/user/.m2/repository/org/glassfish/jersey/containers/jersey-container-servlet-core/2.27/jersey-container-servlet-core-2.27.jar:/home/user/.m2/repository/org/glassfish/hk2/external/javax.inject/2.5.0-b42/javax.inject-2.5.0-b42.jar:/home/user/.m2/repository/org/glassfish/jersey/core/jersey-common/2.27/jersey-common-2.27.jar:/home/user/.m2/repository/org/glassfish/hk2/osgi-resource-locator/1.0.1/osgi-resource-locator-1.0.1.jar:/home/user/.m2/repository/javax/ws/rs/javax.ws.rs-api/2.1/javax.ws.rs-api-2.1.jar:/home/user/.m2/repository/org/glassfish/jersey/ext/cdi/jersey-cdi1x/2.27/jersey-cdi1x-2.27.jar:/home/user/.m2/repository/org/glassfish/jersey/inject/jersey-hk2/2.27/jersey-hk2-2.27.jar:/home/user/.m2/repository/org/glassfish/hk2/hk2-locator/2.5.0-b42/hk2-locator-2.5.0-b42.jar:/home/user/.m2/repository/org/javassist/javassist/3.22.0-CR2/javassist-3.22.0-CR2.jar:/home/user/.m2/repository/org/glassfish/hk2/hk2-api/2.5.0/hk2-api-2.5.0.jar:/home/user/.m2/repository/org/glassfish/hk2/external/jakarta.inject/2.5.0/jakarta.inject-2.5.0.jar:/home/user/.m2/repository/org/glassfish/hk2/hk2-utils/2.5.0/hk2-utils-2.5.0.jar:/home/user/.m2/repository/jakarta/annotation/jakarta.annotation-api/1.3.4/jakarta.annotation-api-1.3.4.jar:/home/user/.m2/repository/org/glassfish/hk2/external/aopalliance-repackaged/2.5.0/aopalliance-repackaged-2.5.0.jar:/home/user/.m2/repository/com/fasterxml/jackson/dataformat/jackson-dataformat-xml/2.9.0/jackson-dataformat-xml-2.9.0.jar:/home/user/.m2/repository/com/fasterxml/jackson/module/jackson-module-jaxb-annotations/2.9.9/jackson-module-jaxb-annotations-2.9.9.jar:/home/user/.m2/repository/javax/enterprise/cdi-api/1.2/cdi-api-1.2.jar:/home/user/.m2/repository/javax/el/javax.el-api/3.0.0/javax.el-api-3.0.0.jar:/home/user/.m2/repository/javax/interceptor/javax.interceptor-api/1.2/javax.interceptor-api-1.2.jar:/home/user/.m2/repository/javax/inject/javax.inject/1/javax.inject-1.jar:/home/user/.m2/repository/com/sun/xml/bind/jaxb-core/2.3.0.1/jaxb-core-2.3.0.1.jar:/home/user/.m2/repository/javax/xml/bind/jaxb-api/2.3.0/jaxb-api-2.3.0.jar:/home/user/.m2/repository/javax/activation/activation/1.1.1/activation-1.1.1.jar:/home/user/.m2/repository/org/apache/hadoop/hadoop-ozone-csi/0.5.0-SNAPSHOT/hadoop-ozone-csi-0.5.0-SNAPSHOT.jar:/home/user/.m2/repository/com/google/protobuf/protobuf-java-util/3.5.1/protobuf-java-util-3.5.1.jar:/home/user/.m2/repository/io/grpc/grpc-netty/1.17.1/grpc-netty-1.17.1.jar:/home/user/.m2/repository/io/grpc/grpc-core/1.17.1/grpc-core-1.17.1.jar:/home/user/.m2/repository/io/grpc/grpc-context/1.17.1/grpc-context-1.17.1.jar:/home/user/.m2/repository/com/google/errorprone/error_prone_annotations/2.2.0/error_prone_annotations-2.2.0.jar:/home/user/.m2/repository/org/codehaus/mojo/animal-sniffer-annotations/1.17/animal-sniffer-annotations-1.17.jar:/home/user/.m2/repository/io/opencensus/opencensus-api/0.17.0/opencensus-api-0.17.0.jar:/home/user/.m2/repository/io/opencensus/opencensus-contrib-grpc-metrics/0.17.0/opencensus-contrib-grpc-metrics-0.17.0.jar:/home/user/.m2/repository/io/netty/netty-codec-http2/4.1.30.Final/netty-codec-http2-4.1.30.Final.jar:/home/user/.m2/repository/io/netty/netty-codec-http/4.1.30.Final/netty-codec-http-4.1.30.Final.jar:/home/user/.m2/repository/io/netty/netty-codec/4.1.30.Final/netty-codec-4.1.30.Final.jar:/home/user/.m2/repository/io/netty/netty-handler/4.1.30.Final/netty-handler-4.1.30.Final.jar:/home/user/.m2/repository/io/netty/netty-handler-proxy/4.1.30.Final/netty-handler-proxy-4.1.30.Final.jar:/home/user/.m2/repository/io/netty/netty-codec-socks/4.1.30.Final/netty-codec-socks-4.1.30.Final.jar:/home/user/.m2/repository/io/netty/netty-transport-native-epoll/4.1.30.Final/netty-transport-native-epoll-4.1.30.Final.jar:/home/user/.m2/repository/io/netty/netty-common/4.1.30.Final/netty-common-4.1.30.Final.jar:/home/user/.m2/repository/io/netty/netty-buffer/4.1.30.Final/netty-buffer-4.1.30.Final.jar:/home/user/.m2/repository/io/netty/netty-transport/4.1.30.Final/netty-transport-4.1.30.Final.jar:/home/user/.m2/repository/io/netty/netty-resolver/4.1.30.Final/netty-resolver-4.1.30.Final.jar:/home/user/.m2/repository/io/netty/netty-transport-native-unix-common/4.1.30.Final/netty-transport-native-unix-common-4.1.30.Final.jar:/home/user/.m2/repository/io/grpc/grpc-protobuf/1.17.1/grpc-protobuf-1.17.1.jar:/home/user/.m2/repository/com/google/api/grpc/proto-google-common-protos/1.0.0/proto-google-common-protos-1.0.0.jar:/home/user/.m2/repository/io/grpc/grpc-protobuf-lite/1.17.1/grpc-protobuf-lite-1.17.1.jar:/home/user/.m2/repository/io/grpc/grpc-stub/1.17.1/grpc-stub-1.17.1.jar:/home/user/.m2/repository/org/apache/hadoop/hadoop-ozone-recon/0.5.0-SNAPSHOT/hadoop-ozone-recon-0.5.0-SNAPSHOT.jar:/home/user/.m2/repository/org/apache/hadoop/hadoop-ozone-reconcodegen/0.5.0-SNAPSHOT/hadoop-ozone-reconcodegen-0.5.0-SNAPSHOT.jar:/home/user/.m2/repository/com/google/inject/extensions/guice-multibindings/4.0/guice-multibindings-4.0.jar:/home/user/.m2/repository/com/google/inject/guice/4.0/guice-4.0.jar:/home/user/.m2/repository/aopalliance/aopalliance/1.0/aopalliance-1.0.jar:/home/user/.m2/repository/org/glassfish/jersey/containers/jersey-container-servlet/2.27/jersey-container-servlet-2.27.jar:/home/user/.m2/repository/org/glassfish/hk2/guice-bridge/2.5.0/guice-bridge-2.5.0.jar:/home/user/.m2/repository/org/glassfish/jersey/core/jersey-server/2.27/jersey-server-2.27.jar:/home/user/.m2/repository/org/glassfish/jersey/core/jersey-client/2.27/jersey-client-2.27.jar:/home/user/.m2/repository/org/glassfish/jersey/media/jersey-media-jaxb/2.27/jersey-media-jaxb-2.27.jar:/home/user/.m2/repository/javax/validation/validation-api/1.1.0.Final/validation-api-1.1.0.Final.jar:/home/user/.m2/repository/org/glassfish/jersey/media/jersey-media-json-jackson/2.27/jersey-media-json-jackson-2.27.jar:/home/user/.m2/repository/org/glassfish/jersey/ext/jersey-entity-filtering/2.27/jersey-entity-filtering-2.27.jar:/home/user/.m2/repository/com/google/inject/extensions/guice-assistedinject/4.0/guice-assistedinject-4.0.jar:/home/user/.m2/repository/org/jooq/jooq/3.11.10/jooq-3.11.10.jar:/home/user/.m2/repository/org/jooq/jooq-meta/3.11.10/jooq-meta-3.11.10.jar:/home/user/.m2/repository/org/jooq/jooq-codegen/3.11.10/jooq-codegen-3.11.10.jar:/home/user/.m2/repository/com/jolbox/bonecp/0.8.0.RELEASE/bonecp-0.8.0.RELEASE.jar:/home/user/.m2/repository/org/springframework/spring-jdbc/5.1.3.RELEASE/spring-jdbc-5.1.3.RELEASE.jar:/home/user/.m2/repository/org/springframework/spring-beans/5.1.3.RELEASE/spring-beans-5.1.3.RELEASE.jar:/home/user/.m2/repository/org/springframework/spring-core/5.1.3.RELEASE/spring-core-5.1.3.RELEASE.jar:/home/user/.m2/repository/org/springframework/spring-jcl/5.1.3.RELEASE/spring-jcl-5.1.3.RELEASE.jar:/home/user/.m2/repository/org/springframework/spring-tx/5.1.3.RELEASE/spring-tx-5.1.3.RELEASE.jar:/home/user/.m2/repository/org/mockito/mockito-all/1.10.19/mockito-all-1.10.19.jar:/home/user/.m2/repository/junit/junit/4.11/junit-4.11.jar:/home/user/.m2/repository/org/hamcrest/hamcrest-core/1.3/hamcrest-core-1.3.jar:/home/user/.m2/repository/org/apache/hadoop/hadoop-distcp/3.2.0/hadoop-distcp-3.2.0.jar:/home/user/.m2/repository/org/apache/hadoop/hadoop-distcp/3.2.0/hadoop-distcp-3.2.0-tests.jar:/home/user/.m2/repository/org/apache/hadoop/hadoop-mapreduce-client-jobclient/3.2.0/hadoop-mapreduce-client-jobclient-3.2.0.jar:/home/user/.m2/repository/org/apache/hadoop/hadoop-mapreduce-client-common/3.2.0/hadoop-mapreduce-client-common-3.2.0.jar:/home/user/.m2/repository/org/apache/hadoop/hadoop-yarn-common/3.2.0/hadoop-yarn-common-3.2.0.jar:/home/user/.m2/repository/org/apache/hadoop/hadoop-yarn-api/3.2.0/hadoop-yarn-api-3.2.0.jar:/home/user/.m2/repository/com/sun/jersey/jersey-client/1.19/jersey-client-1.19.jar:/home/user/.m2/repository/com/sun/jersey/contribs/jersey-guice/1.19/jersey-guice-1.19.jar:/home/user/.m2/repository/com/fasterxml/jackson/jaxrs/jackson-jaxrs-json-provider/2.9.9/jackson-jaxrs-json-provider-2.9.9.jar:/home/user/.m2/repository/com/fasterxml/jackson/jaxrs/jackson-jaxrs-base/2.9.9/jackson-jaxrs-base-2.9.9.jar:/home/user/.m2/repository/org/apache/hadoop/hadoop-yarn-client/3.2.0/hadoop-yarn-client-3.2.0.jar:/home/user/.m2/repository/org/apache/hadoop/hadoop-mapreduce-client-core/3.2.0/hadoop-mapreduce-client-core-3.2.0.jar:/home/user/.m2/repository/com/google/inject/extensions/guice-servlet/4.0/guice-servlet-4.0.jar:/home/user/.m2/repository/org/powermock/powermock-module-junit4/1.6.5/powermock-module-junit4-1.6.5.jar:/home/user/.m2/repository/org/powermock/powermock-module-junit4-common/1.6.5/powermock-module-junit4-common-1.6.5.jar:/home/user/.m2/repository/org/powermock/powermock-core/1.6.5/powermock-core-1.6.5.jar:/home/user/.m2/repository/org/powermock/powermock-reflect/1.6.5/powermock-reflect-1.6.5.jar:/home/user/.m2/repository/org/powermock/powermock-api-mockito/1.6.5/powermock-api-mockito-1.6.5.jar:/home/user/.m2/repository/org/mockito/mockito-core/1.10.19/mockito-core-1.10.19.jar:/home/user/.m2/repository/org/objenesis/objenesis/1.0/objenesis-1.0.jar:/home/user/.m2/repository/org/powermock/powermock-api-mockito-common/1.6.5/powermock-api-mockito-common-1.6.5.jar:/home/user/.m2/repository/org/powermock/powermock-api-support/1.6.5/powermock-api-support-1.6.5.jar:"/>
    <property name="java.vm.vendor" value="Oracle Corporation"/>
    <property name="sun.arch.data.model" value="64"/>
    <property name="test.build.dir" value="/workdir/hadoop-ozone/ozonefs/target/test-dir"/>
    <property name="test.cache.data" value=""/>
    <property name="java.vendor.url" value="http://java.oracle.com/"/>
    <property name="user.timezone" value=""/>
    <property name="java.vm.specification.version" value="1.8"/>
    <property name="os.name" value="Linux"/>
    <property name="test.build.data" value="/workdir/hadoop-ozone/ozonefs/target/test-dir"/>
    <property name="user.country" value="US"/>
    <property name="sun.java.launcher" value="SUN_STANDARD"/>
    <property name="sun.boot.library.path" value="/usr/lib/jvm/java-1.8.0-openjdk-1.8.0.222.b10-1.el7_7.x86_64/jre/lib/amd64"/>
    <property name="sun.java.command" value="/workdir/hadoop-ozone/ozonefs/target/surefire/surefirebooter5666000582747596686.jar /workdir/hadoop-ozone/ozonefs/target/surefire 2019-10-16T05-16-23_122-jvmRun1 surefire8466758132238063982tmp surefire_965661416251085753310tmp"/>
    <property name="surefire.test.class.path" value="/workdir/hadoop-ozone/ozonefs/target/test-classes:/workdir/hadoop-ozone/ozonefs/target/classes:/home/user/.m2/repository/org/apache/hadoop/hadoop-common/3.2.0/hadoop-common-3.2.0.jar:/home/user/.m2/repository/org/apache/hadoop/hadoop-annotations/3.2.0/hadoop-annotations-3.2.0.jar:/usr/lib/jvm/java-1.8.0-openjdk-1.8.0.222.b10-1.el7_7.x86_64/jre/../lib/tools.jar:/home/user/.m2/repository/com/google/guava/guava/11.0.2/guava-11.0.2.jar:/home/user/.m2/repository/commons-cli/commons-cli/1.2/commons-cli-1.2.jar:/home/user/.m2/repository/org/apache/commons/commons-math3/3.1.1/commons-math3-3.1.1.jar:/home/user/.m2/repository/commons-codec/commons-codec/1.11/commons-codec-1.11.jar:/home/user/.m2/repository/commons-io/commons-io/2.5/commons-io-2.5.jar:/home/user/.m2/repository/commons-net/commons-net/3.6/commons-net-3.6.jar:/home/user/.m2/repository/commons-collections/commons-collections/3.2.2/commons-collections-3.2.2.jar:/home/user/.m2/repository/javax/servlet/javax.servlet-api/3.1.0/javax.servlet-api-3.1.0.jar:/home/user/.m2/repository/org/eclipse/jetty/jetty-server/9.3.25.v20180904/jetty-server-9.3.25.v20180904.jar:/home/user/.m2/repository/org/eclipse/jetty/jetty-http/9.3.25.v20180904/jetty-http-9.3.25.v20180904.jar:/home/user/.m2/repository/org/eclipse/jetty/jetty-io/9.3.25.v20180904/jetty-io-9.3.25.v20180904.jar:/home/user/.m2/repository/org/eclipse/jetty/jetty-util/9.3.25.v20180904/jetty-util-9.3.25.v20180904.jar:/home/user/.m2/repository/org/eclipse/jetty/jetty-servlet/9.3.25.v20180904/jetty-servlet-9.3.25.v20180904.jar:/home/user/.m2/repository/org/eclipse/jetty/jetty-security/9.3.25.v20180904/jetty-security-9.3.25.v20180904.jar:/home/user/.m2/repository/org/eclipse/jetty/jetty-webapp/9.3.25.v20180904/jetty-webapp-9.3.25.v20180904.jar:/home/user/.m2/repository/org/eclipse/jetty/jetty-xml/9.3.25.v20180904/jetty-xml-9.3.25.v20180904.jar:/home/user/.m2/repository/javax/servlet/jsp/jsp-api/2.1/jsp-api-2.1.jar:/home/user/.m2/repository/com/sun/jersey/jersey-core/1.19/jersey-core-1.19.jar:/home/user/.m2/repository/javax/ws/rs/jsr311-api/1.1.1/jsr311-api-1.1.1.jar:/home/user/.m2/repository/com/sun/jersey/jersey-servlet/1.19/jersey-servlet-1.19.jar:/home/user/.m2/repository/com/sun/jersey/jersey-json/1.19/jersey-json-1.19.jar:/home/user/.m2/repository/org/codehaus/jettison/jettison/1.1/jettison-1.1.jar:/home/user/.m2/repository/com/sun/xml/bind/jaxb-impl/2.3.0.1/jaxb-impl-2.3.0.1.jar:/home/user/.m2/repository/org/codehaus/jackson/jackson-core-asl/1.9.13/jackson-core-asl-1.9.13.jar:/home/user/.m2/repository/org/codehaus/jackson/jackson-mapper-asl/1.9.13/jackson-mapper-asl-1.9.13.jar:/home/user/.m2/repository/org/codehaus/jackson/jackson-jaxrs/1.9.13/jackson-jaxrs-1.9.13.jar:/home/user/.m2/repository/org/codehaus/jackson/jackson-xc/1.9.13/jackson-xc-1.9.13.jar:/home/user/.m2/repository/com/sun/jersey/jersey-server/1.19/jersey-server-1.19.jar:/home/user/.m2/repository/commons-logging/commons-logging/1.1.3/commons-logging-1.1.3.jar:/home/user/.m2/repository/log4j/log4j/1.2.17/log4j-1.2.17.jar:/home/user/.m2/repository/commons-beanutils/commons-beanutils/1.9.4/commons-beanutils-1.9.4.jar:/home/user/.m2/repository/org/apache/commons/commons-configuration2/2.1.1/commons-configuration2-2.1.1.jar:/home/user/.m2/repository/org/apache/commons/commons-lang3/3.7/commons-lang3-3.7.jar:/home/user/.m2/repository/org/apache/commons/commons-text/1.4/commons-text-1.4.jar:/home/user/.m2/repository/org/slf4j/slf4j-api/1.7.25/slf4j-api-1.7.25.jar:/home/user/.m2/repository/org/slf4j/slf4j-log4j12/1.7.25/slf4j-log4j12-1.7.25.jar:/home/user/.m2/repository/org/apache/avro/avro/1.7.7/avro-1.7.7.jar:/home/user/.m2/repository/com/thoughtworks/paranamer/paranamer/2.3/paranamer-2.3.jar:/home/user/.m2/repository/org/xerial/snappy/snappy-java/1.0.5/snappy-java-1.0.5.jar:/home/user/.m2/repository/com/google/re2j/re2j/1.1/re2j-1.1.jar:/home/user/.m2/repository/com/google/protobuf/protobuf-java/2.5.0/protobuf-java-2.5.0.jar:/home/user/.m2/repository/com/google/code/gson/gson/2.2.4/gson-2.2.4.jar:/home/user/.m2/repository/org/apache/hadoop/hadoop-auth/3.2.0/hadoop-auth-3.2.0.jar:/home/user/.m2/repository/com/nimbusds/nimbus-jose-jwt/4.41.1/nimbus-jose-jwt-4.41.1.jar:/home/user/.m2/repository/com/github/stephenc/jcip/jcip-annotations/1.0-1/jcip-annotations-1.0-1.jar:/home/user/.m2/repository/net/minidev/json-smart/2.3/json-smart-2.3.jar:/home/user/.m2/repository/net/minidev/accessors-smart/1.2/accessors-smart-1.2.jar:/home/user/.m2/repository/org/apache/curator/curator-framework/2.12.0/curator-framework-2.12.0.jar:/home/user/.m2/repository/com/jcraft/jsch/0.1.54/jsch-0.1.54.jar:/home/user/.m2/repository/org/apache/curator/curator-client/2.12.0/curator-client-2.12.0.jar:/home/user/.m2/repository/org/apache/curator/curator-recipes/2.12.0/curator-recipes-2.12.0.jar:/home/user/.m2/repository/com/google/code/findbugs/jsr305/3.0.0/jsr305-3.0.0.jar:/home/user/.m2/repository/org/apache/htrace/htrace-core4/4.1.0-incubating/htrace-core4-4.1.0-incubating.jar:/home/user/.m2/repository/org/apache/zookeeper/zookeeper/3.4.13/zookeeper-3.4.13.jar:/home/user/.m2/repository/jline/jline/0.9.94/jline-0.9.94.jar:/home/user/.m2/repository/org/apache/yetus/audience-annotations/0.5.0/audience-annotations-0.5.0.jar:/home/user/.m2/repository/org/apache/commons/commons-compress/1.4.1/commons-compress-1.4.1.jar:/home/user/.m2/repository/org/tukaani/xz/1.0/xz-1.0.jar:/home/user/.m2/repository/org/apache/kerby/kerb-simplekdc/1.0.1/kerb-simplekdc-1.0.1.jar:/home/user/.m2/repository/org/apache/kerby/kerb-client/1.0.1/kerb-client-1.0.1.jar:/home/user/.m2/repository/org/apache/kerby/kerby-config/1.0.1/kerby-config-1.0.1.jar:/home/user/.m2/repository/org/apache/kerby/kerb-core/1.0.1/kerb-core-1.0.1.jar:/home/user/.m2/repository/org/apache/kerby/kerby-pkix/1.0.1/kerby-pkix-1.0.1.jar:/home/user/.m2/repository/org/apache/kerby/kerby-asn1/1.0.1/kerby-asn1-1.0.1.jar:/home/user/.m2/repository/org/apache/kerby/kerby-util/1.0.1/kerby-util-1.0.1.jar:/home/user/.m2/repository/org/apache/kerby/kerb-common/1.0.1/kerb-common-1.0.1.jar:/home/user/.m2/repository/org/apache/kerby/kerb-crypto/1.0.1/kerb-crypto-1.0.1.jar:/home/user/.m2/repository/org/apache/kerby/kerb-util/1.0.1/kerb-util-1.0.1.jar:/home/user/.m2/repository/org/apache/kerby/token-provider/1.0.1/token-provider-1.0.1.jar:/home/user/.m2/repository/org/apache/kerby/kerb-admin/1.0.1/kerb-admin-1.0.1.jar:/home/user/.m2/repository/org/apache/kerby/kerb-server/1.0.1/kerb-server-1.0.1.jar:/home/user/.m2/repository/org/apache/kerby/kerb-identity/1.0.1/kerb-identity-1.0.1.jar:/home/user/.m2/repository/org/apache/kerby/kerby-xdr/1.0.1/kerby-xdr-1.0.1.jar:/home/user/.m2/repository/com/fasterxml/jackson/core/jackson-databind/2.9.9/jackson-databind-2.9.9.jar:/home/user/.m2/repository/com/fasterxml/jackson/core/jackson-annotations/2.9.9/jackson-annotations-2.9.9.jar:/home/user/.m2/repository/com/fasterxml/jackson/core/jackson-core/2.9.9/jackson-core-2.9.9.jar:/home/user/.m2/repository/org/codehaus/woodstox/stax2-api/3.1.4/stax2-api-3.1.4.jar:/home/user/.m2/repository/com/fasterxml/woodstox/woodstox-core/5.0.3/woodstox-core-5.0.3.jar:/home/user/.m2/repository/dnsjava/dnsjava/2.1.7/dnsjava-2.1.7.jar:/home/user/.m2/repository/org/apache/hadoop/hadoop-hdfs/3.2.0/hadoop-hdfs-3.2.0.jar:/home/user/.m2/repository/org/eclipse/jetty/jetty-util-ajax/9.3.25.v20180904/jetty-util-ajax-9.3.25.v20180904.jar:/home/user/.m2/repository/commons-daemon/commons-daemon/1.0.13/commons-daemon-1.0.13.jar:/home/user/.m2/repository/io/netty/netty/3.10.5.Final/netty-3.10.5.Final.jar:/home/user/.m2/repository/io/netty/netty-all/4.0.52.Final/netty-all-4.0.52.Final.jar:/home/user/.m2/repository/org/fusesource/leveldbjni/leveldbjni-all/1.8/leveldbjni-all-1.8.jar:/home/user/.m2/repository/org/apache/hadoop/hadoop-hdds-common/0.5.0-SNAPSHOT/hadoop-hdds-common-0.5.0-SNAPSHOT.jar:/home/user/.m2/repository/org/apache/hadoop/hadoop-hdds-config/0.5.0-SNAPSHOT/hadoop-hdds-config-0.5.0-SNAPSHOT.jar:/home/user/.m2/repository/javax/annotation/javax.annotation-api/1.2/javax.annotation-api-1.2.jar:/home/user/.m2/repository/org/apache/ratis/ratis-server/0.5.0-3f446aa-SNAPSHOT/ratis-server-0.5.0-3f446aa-SNAPSHOT.jar:/home/user/.m2/repository/org/apache/ratis/ratis-thirdparty-misc/0.2.0/ratis-thirdparty-misc-0.2.0.jar:/home/user/.m2/repository/org/apache/ratis/ratis-proto/0.5.0-3f446aa-SNAPSHOT/ratis-proto-0.5.0-3f446aa-SNAPSHOT.jar:/home/user/.m2/repository/org/apache/ratis/ratis-common/0.5.0-3f446aa-SNAPSHOT/ratis-common-0.5.0-3f446aa-SNAPSHOT.jar:/home/user/.m2/repository/org/apache/ratis/ratis-client/0.5.0-3f446aa-SNAPSHOT/ratis-client-0.5.0-3f446aa-SNAPSHOT.jar:/home/user/.m2/repository/org/apache/ratis/ratis-metrics/0.5.0-3f446aa-SNAPSHOT/ratis-metrics-0.5.0-3f446aa-SNAPSHOT.jar:/home/user/.m2/repository/com/github/joshelser/dropwizard-metrics-hadoop-metrics2-reporter/0.1.2/dropwizard-metrics-hadoop-metrics2-reporter-0.1.2.jar:/home/user/.m2/repository/io/dropwizard/metrics/metrics-jvm/3.2.5/metrics-jvm-3.2.5.jar:/home/user/.m2/repository/io/dropwizard/metrics/metrics-ganglia/3.2.5/metrics-ganglia-3.2.5.jar:/home/user/.m2/repository/info/ganglia/gmetric4j/gmetric4j/1.0.7/gmetric4j-1.0.7.jar:/home/user/.m2/repository/org/apache/ratis/ratis-netty/0.5.0-3f446aa-SNAPSHOT/ratis-netty-0.5.0-3f446aa-SNAPSHOT.jar:/home/user/.m2/repository/org/apache/ratis/ratis-grpc/0.5.0-3f446aa-SNAPSHOT/ratis-grpc-0.5.0-3f446aa-SNAPSHOT.jar:/home/user/.m2/repository/org/rocksdb/rocksdbjni/6.0.1/rocksdbjni-6.0.1.jar:/home/user/.m2/repository/org/apache/logging/log4j/log4j-api/2.11.0/log4j-api-2.11.0.jar:/home/user/.m2/repository/org/apache/logging/log4j/log4j-core/2.11.0/log4j-core-2.11.0.jar:/home/user/.m2/repository/com/lmax/disruptor/3.4.2/disruptor-3.4.2.jar:/home/user/.m2/repository/org/apache/commons/commons-pool2/2.6.0/commons-pool2-2.6.0.jar:/home/user/.m2/repository/org/bouncycastle/bcpkix-jdk15on/1.60/bcpkix-jdk15on-1.60.jar:/home/user/.m2/repository/commons-validator/commons-validator/1.6/commons-validator-1.6.jar:/home/user/.m2/repository/commons-digester/commons-digester/1.8.1/commons-digester-1.8.1.jar:/home/user/.m2/repository/io/jaegertracing/jaeger-client/0.34.0/jaeger-client-0.34.0.jar:/home/user/.m2/repository/io/jaegertracing/jaeger-thrift/0.34.0/jaeger-thrift-0.34.0.jar:/home/user/.m2/repository/org/apache/thrift/libthrift/0.12.0/libthrift-0.12.0.jar:/home/user/.m2/repository/com/squareup/okhttp3/okhttp/3.9.0/okhttp-3.9.0.jar:/home/user/.m2/repository/com/squareup/okio/okio/1.13.0/okio-1.13.0.jar:/home/user/.m2/repository/io/jaegertracing/jaeger-core/0.34.0/jaeger-core-0.34.0.jar:/home/user/.m2/repository/io/jaegertracing/jaeger-tracerresolver/0.34.0/jaeger-tracerresolver-0.34.0.jar:/home/user/.m2/repository/io/opentracing/contrib/opentracing-tracerresolver/0.1.5/opentracing-tracerresolver-0.1.5.jar:/home/user/.m2/repository/io/opentracing/opentracing-util/0.31.0/opentracing-util-0.31.0.jar:/home/user/.m2/repository/io/opentracing/opentracing-api/0.31.0/opentracing-api-0.31.0.jar:/home/user/.m2/repository/io/opentracing/opentracing-noop/0.31.0/opentracing-noop-0.31.0.jar:/home/user/.m2/repository/org/yaml/snakeyaml/1.16/snakeyaml-1.16.jar:/home/user/.m2/repository/org/apache/hadoop/hadoop-hdfs-client/3.2.0/hadoop-hdfs-client-3.2.0.jar:/home/user/.m2/repository/info/picocli/picocli/3.9.6/picocli-3.9.6.jar:/home/user/.m2/repository/org/apache/hadoop/hadoop-hdds-server-scm/0.5.0-SNAPSHOT/hadoop-hdds-server-scm-0.5.0-SNAPSHOT.jar:/home/user/.m2/repository/org/apache/hadoop/hadoop-hdds-docs/0.5.0-SNAPSHOT/hadoop-hdds-docs-0.5.0-SNAPSHOT.jar:/home/user/.m2/repository/io/dropwizard/metrics/metrics-core/3.2.4/metrics-core-3.2.4.jar:/home/user/.m2/repository/org/hamcrest/hamcrest-all/1.3/hamcrest-all-1.3.jar:/home/user/.m2/repository/org/bouncycastle/bcprov-jdk15on/1.60/bcprov-jdk15on-1.60.jar:/home/user/.m2/repository/org/apache/hadoop/hadoop-hdds-server-framework/0.5.0-SNAPSHOT/hadoop-hdds-server-framework-0.5.0-SNAPSHOT.jar:/home/user/.m2/repository/org/apache/hadoop/hadoop-ozone-ozone-manager/0.5.0-SNAPSHOT/hadoop-ozone-ozone-manager-0.5.0-SNAPSHOT.jar:/home/user/.m2/repository/org/apache/hadoop/hadoop-hdds-container-service/0.5.0-SNAPSHOT/hadoop-hdds-container-service-0.5.0-SNAPSHOT.jar:/home/user/.m2/repository/org/apache/hadoop/hadoop-hdds-client/0.5.0-SNAPSHOT/hadoop-hdds-client-0.5.0-SNAPSHOT.jar:/home/user/.m2/repository/org/apache/hadoop/hadoop-ozone-common/0.5.0-SNAPSHOT/hadoop-ozone-common-0.5.0-SNAPSHOT.jar:/home/user/.m2/repository/org/apache/hadoop/hadoop-hdds-tools/0.5.0-SNAPSHOT/hadoop-hdds-tools-0.5.0-SNAPSHOT.jar:/home/user/.m2/repository/org/xerial/sqlite-jdbc/3.25.2/sqlite-jdbc-3.25.2.jar:/home/user/.m2/repository/org/apache/httpcomponents/httpclient/4.5.2/httpclient-4.5.2.jar:/home/user/.m2/repository/org/apache/httpcomponents/httpcore/4.4.4/httpcore-4.4.4.jar:/home/user/.m2/repository/com/github/spotbugs/spotbugs/3.1.12/spotbugs-3.1.12.jar:/home/user/.m2/repository/org/ow2/asm/asm/5.0.4/asm-5.0.4.jar:/home/user/.m2/repository/org/ow2/asm/asm-analysis/7.0/asm-analysis-7.0.jar:/home/user/.m2/repository/org/ow2/asm/asm-commons/7.0/asm-commons-7.0.jar:/home/user/.m2/repository/org/ow2/asm/asm-tree/7.0/asm-tree-7.0.jar:/home/user/.m2/repository/org/ow2/asm/asm-util/7.0/asm-util-7.0.jar:/home/user/.m2/repository/org/apache/bcel/bcel/6.3/bcel-6.3.jar:/home/user/.m2/repository/net/jcip/jcip-annotations/1.0/jcip-annotations-1.0.jar:/home/user/.m2/repository/org/dom4j/dom4j/2.1.1/dom4j-2.1.1.jar:/home/user/.m2/repository/jaxen/jaxen/1.1.6/jaxen-1.1.6.jar:/home/user/.m2/repository/commons-lang/commons-lang/2.6/commons-lang-2.6.jar:/home/user/.m2/repository/com/github/spotbugs/spotbugs-annotations/3.1.12/spotbugs-annotations-3.1.12.jar:/home/user/.m2/repository/org/apache/hadoop/hadoop-common/3.2.0/hadoop-common-3.2.0-tests.jar:/home/user/.m2/repository/org/apache/hadoop/hadoop-ozone-client/0.5.0-SNAPSHOT/hadoop-ozone-client-0.5.0-SNAPSHOT.jar:/home/user/.m2/repository/org/apache/hadoop/hadoop-hdfs/3.2.0/hadoop-hdfs-3.2.0-tests.jar:/workdir/hadoop-ozone/integration-test/target/test-classes:/home/user/.m2/repository/org/apache/hadoop/hadoop-ozone-s3gateway/0.5.0-SNAPSHOT/hadoop-ozone-s3gateway-0.5.0-SNAPSHOT.jar:/home/user/.m2/repository/org/jboss/weld/servlet/weld-servlet/2.4.7.Final/weld-servlet-2.4.7.Final.jar:/home/user/.m2/repository/org/glassfish/jersey/containers/jersey-container-servlet-core/2.27/jersey-container-servlet-core-2.27.jar:/home/user/.m2/repository/org/glassfish/hk2/external/javax.inject/2.5.0-b42/javax.inject-2.5.0-b42.jar:/home/user/.m2/repository/org/glassfish/jersey/core/jersey-common/2.27/jersey-common-2.27.jar:/home/user/.m2/repository/org/glassfish/hk2/osgi-resource-locator/1.0.1/osgi-resource-locator-1.0.1.jar:/home/user/.m2/repository/javax/ws/rs/javax.ws.rs-api/2.1/javax.ws.rs-api-2.1.jar:/home/user/.m2/repository/org/glassfish/jersey/ext/cdi/jersey-cdi1x/2.27/jersey-cdi1x-2.27.jar:/home/user/.m2/repository/org/glassfish/jersey/inject/jersey-hk2/2.27/jersey-hk2-2.27.jar:/home/user/.m2/repository/org/glassfish/hk2/hk2-locator/2.5.0-b42/hk2-locator-2.5.0-b42.jar:/home/user/.m2/repository/org/javassist/javassist/3.22.0-CR2/javassist-3.22.0-CR2.jar:/home/user/.m2/repository/org/glassfish/hk2/hk2-api/2.5.0/hk2-api-2.5.0.jar:/home/user/.m2/repository/org/glassfish/hk2/external/jakarta.inject/2.5.0/jakarta.inject-2.5.0.jar:/home/user/.m2/repository/org/glassfish/hk2/hk2-utils/2.5.0/hk2-utils-2.5.0.jar:/home/user/.m2/repository/jakarta/annotation/jakarta.annotation-api/1.3.4/jakarta.annotation-api-1.3.4.jar:/home/user/.m2/repository/org/glassfish/hk2/external/aopalliance-repackaged/2.5.0/aopalliance-repackaged-2.5.0.jar:/home/user/.m2/repository/com/fasterxml/jackson/dataformat/jackson-dataformat-xml/2.9.0/jackson-dataformat-xml-2.9.0.jar:/home/user/.m2/repository/com/fasterxml/jackson/module/jackson-module-jaxb-annotations/2.9.9/jackson-module-jaxb-annotations-2.9.9.jar:/home/user/.m2/repository/javax/enterprise/cdi-api/1.2/cdi-api-1.2.jar:/home/user/.m2/repository/javax/el/javax.el-api/3.0.0/javax.el-api-3.0.0.jar:/home/user/.m2/repository/javax/interceptor/javax.interceptor-api/1.2/javax.interceptor-api-1.2.jar:/home/user/.m2/repository/javax/inject/javax.inject/1/javax.inject-1.jar:/home/user/.m2/repository/com/sun/xml/bind/jaxb-core/2.3.0.1/jaxb-core-2.3.0.1.jar:/home/user/.m2/repository/javax/xml/bind/jaxb-api/2.3.0/jaxb-api-2.3.0.jar:/home/user/.m2/repository/javax/activation/activation/1.1.1/activation-1.1.1.jar:/home/user/.m2/repository/org/apache/hadoop/hadoop-ozone-csi/0.5.0-SNAPSHOT/hadoop-ozone-csi-0.5.0-SNAPSHOT.jar:/home/user/.m2/repository/com/google/protobuf/protobuf-java-util/3.5.1/protobuf-java-util-3.5.1.jar:/home/user/.m2/repository/io/grpc/grpc-netty/1.17.1/grpc-netty-1.17.1.jar:/home/user/.m2/repository/io/grpc/grpc-core/1.17.1/grpc-core-1.17.1.jar:/home/user/.m2/repository/io/grpc/grpc-context/1.17.1/grpc-context-1.17.1.jar:/home/user/.m2/repository/com/google/errorprone/error_prone_annotations/2.2.0/error_prone_annotations-2.2.0.jar:/home/user/.m2/repository/org/codehaus/mojo/animal-sniffer-annotations/1.17/animal-sniffer-annotations-1.17.jar:/home/user/.m2/repository/io/opencensus/opencensus-api/0.17.0/opencensus-api-0.17.0.jar:/home/user/.m2/repository/io/opencensus/opencensus-contrib-grpc-metrics/0.17.0/opencensus-contrib-grpc-metrics-0.17.0.jar:/home/user/.m2/repository/io/netty/netty-codec-http2/4.1.30.Final/netty-codec-http2-4.1.30.Final.jar:/home/user/.m2/repository/io/netty/netty-codec-http/4.1.30.Final/netty-codec-http-4.1.30.Final.jar:/home/user/.m2/repository/io/netty/netty-codec/4.1.30.Final/netty-codec-4.1.30.Final.jar:/home/user/.m2/repository/io/netty/netty-handler/4.1.30.Final/netty-handler-4.1.30.Final.jar:/home/user/.m2/repository/io/netty/netty-handler-proxy/4.1.30.Final/netty-handler-proxy-4.1.30.Final.jar:/home/user/.m2/repository/io/netty/netty-codec-socks/4.1.30.Final/netty-codec-socks-4.1.30.Final.jar:/home/user/.m2/repository/io/netty/netty-transport-native-epoll/4.1.30.Final/netty-transport-native-epoll-4.1.30.Final.jar:/home/user/.m2/repository/io/netty/netty-common/4.1.30.Final/netty-common-4.1.30.Final.jar:/home/user/.m2/repository/io/netty/netty-buffer/4.1.30.Final/netty-buffer-4.1.30.Final.jar:/home/user/.m2/repository/io/netty/netty-transport/4.1.30.Final/netty-transport-4.1.30.Final.jar:/home/user/.m2/repository/io/netty/netty-resolver/4.1.30.Final/netty-resolver-4.1.30.Final.jar:/home/user/.m2/repository/io/netty/netty-transport-native-unix-common/4.1.30.Final/netty-transport-native-unix-common-4.1.30.Final.jar:/home/user/.m2/repository/io/grpc/grpc-protobuf/1.17.1/grpc-protobuf-1.17.1.jar:/home/user/.m2/repository/com/google/api/grpc/proto-google-common-protos/1.0.0/proto-google-common-protos-1.0.0.jar:/home/user/.m2/repository/io/grpc/grpc-protobuf-lite/1.17.1/grpc-protobuf-lite-1.17.1.jar:/home/user/.m2/repository/io/grpc/grpc-stub/1.17.1/grpc-stub-1.17.1.jar:/home/user/.m2/repository/org/apache/hadoop/hadoop-ozone-recon/0.5.0-SNAPSHOT/hadoop-ozone-recon-0.5.0-SNAPSHOT.jar:/home/user/.m2/repository/org/apache/hadoop/hadoop-ozone-reconcodegen/0.5.0-SNAPSHOT/hadoop-ozone-reconcodegen-0.5.0-SNAPSHOT.jar:/home/user/.m2/repository/com/google/inject/extensions/guice-multibindings/4.0/guice-multibindings-4.0.jar:/home/user/.m2/repository/com/google/inject/guice/4.0/guice-4.0.jar:/home/user/.m2/repository/aopalliance/aopalliance/1.0/aopalliance-1.0.jar:/home/user/.m2/repository/org/glassfish/jersey/containers/jersey-container-servlet/2.27/jersey-container-servlet-2.27.jar:/home/user/.m2/repository/org/glassfish/hk2/guice-bridge/2.5.0/guice-bridge-2.5.0.jar:/home/user/.m2/repository/org/glassfish/jersey/core/jersey-server/2.27/jersey-server-2.27.jar:/home/user/.m2/repository/org/glassfish/jersey/core/jersey-client/2.27/jersey-client-2.27.jar:/home/user/.m2/repository/org/glassfish/jersey/media/jersey-media-jaxb/2.27/jersey-media-jaxb-2.27.jar:/home/user/.m2/repository/javax/validation/validation-api/1.1.0.Final/validation-api-1.1.0.Final.jar:/home/user/.m2/repository/org/glassfish/jersey/media/jersey-media-json-jackson/2.27/jersey-media-json-jackson-2.27.jar:/home/user/.m2/repository/org/glassfish/jersey/ext/jersey-entity-filtering/2.27/jersey-entity-filtering-2.27.jar:/home/user/.m2/repository/com/google/inject/extensions/guice-assistedinject/4.0/guice-assistedinject-4.0.jar:/home/user/.m2/repository/org/jooq/jooq/3.11.10/jooq-3.11.10.jar:/home/user/.m2/repository/org/jooq/jooq-meta/3.11.10/jooq-meta-3.11.10.jar:/home/user/.m2/repository/org/jooq/jooq-codegen/3.11.10/jooq-codegen-3.11.10.jar:/home/user/.m2/repository/com/jolbox/bonecp/0.8.0.RELEASE/bonecp-0.8.0.RELEASE.jar:/home/user/.m2/repository/org/springframework/spring-jdbc/5.1.3.RELEASE/spring-jdbc-5.1.3.RELEASE.jar:/home/user/.m2/repository/org/springframework/spring-beans/5.1.3.RELEASE/spring-beans-5.1.3.RELEASE.jar:/home/user/.m2/repository/org/springframework/spring-core/5.1.3.RELEASE/spring-core-5.1.3.RELEASE.jar:/home/user/.m2/repository/org/springframework/spring-jcl/5.1.3.RELEASE/spring-jcl-5.1.3.RELEASE.jar:/home/user/.m2/repository/org/springframework/spring-tx/5.1.3.RELEASE/spring-tx-5.1.3.RELEASE.jar:/home/user/.m2/repository/org/mockito/mockito-all/1.10.19/mockito-all-1.10.19.jar:/home/user/.m2/repository/junit/junit/4.11/junit-4.11.jar:/home/user/.m2/repository/org/hamcrest/hamcrest-core/1.3/hamcrest-core-1.3.jar:/home/user/.m2/repository/org/apache/hadoop/hadoop-distcp/3.2.0/hadoop-distcp-3.2.0.jar:/home/user/.m2/repository/org/apache/hadoop/hadoop-distcp/3.2.0/hadoop-distcp-3.2.0-tests.jar:/home/user/.m2/repository/org/apache/hadoop/hadoop-mapreduce-client-jobclient/3.2.0/hadoop-mapreduce-client-jobclient-3.2.0.jar:/home/user/.m2/repository/org/apache/hadoop/hadoop-mapreduce-client-common/3.2.0/hadoop-mapreduce-client-common-3.2.0.jar:/home/user/.m2/repository/org/apache/hadoop/hadoop-yarn-common/3.2.0/hadoop-yarn-common-3.2.0.jar:/home/user/.m2/repository/org/apache/hadoop/hadoop-yarn-api/3.2.0/hadoop-yarn-api-3.2.0.jar:/home/user/.m2/repository/com/sun/jersey/jersey-client/1.19/jersey-client-1.19.jar:/home/user/.m2/repository/com/sun/jersey/contribs/jersey-guice/1.19/jersey-guice-1.19.jar:/home/user/.m2/repository/com/fasterxml/jackson/jaxrs/jackson-jaxrs-json-provider/2.9.9/jackson-jaxrs-json-provider-2.9.9.jar:/home/user/.m2/repository/com/fasterxml/jackson/jaxrs/jackson-jaxrs-base/2.9.9/jackson-jaxrs-base-2.9.9.jar:/home/user/.m2/repository/org/apache/hadoop/hadoop-yarn-client/3.2.0/hadoop-yarn-client-3.2.0.jar:/home/user/.m2/repository/org/apache/hadoop/hadoop-mapreduce-client-core/3.2.0/hadoop-mapreduce-client-core-3.2.0.jar:/home/user/.m2/repository/com/google/inject/extensions/guice-servlet/4.0/guice-servlet-4.0.jar:/home/user/.m2/repository/org/powermock/powermock-module-junit4/1.6.5/powermock-module-junit4-1.6.5.jar:/home/user/.m2/repository/org/powermock/powermock-module-junit4-common/1.6.5/powermock-module-junit4-common-1.6.5.jar:/home/user/.m2/repository/org/powermock/powermock-core/1.6.5/powermock-core-1.6.5.jar:/home/user/.m2/repository/org/powermock/powermock-reflect/1.6.5/powermock-reflect-1.6.5.jar:/home/user/.m2/repository/org/powermock/powermock-api-mockito/1.6.5/powermock-api-mockito-1.6.5.jar:/home/user/.m2/repository/org/mockito/mockito-core/1.10.19/mockito-core-1.10.19.jar:/home/user/.m2/repository/org/objenesis/objenesis/1.0/objenesis-1.0.jar:/home/user/.m2/repository/org/powermock/powermock-api-mockito-common/1.6.5/powermock-api-mockito-common-1.6.5.jar:/home/user/.m2/repository/org/powermock/powermock-api-support/1.6.5/powermock-api-support-1.6.5.jar:"/>
    <property name="sun.cpu.endian" value="little"/>
    <property name="user.home" value="/home/user"/>
    <property name="user.language" value="en"/>
    <property name="java.specification.vendor" value="Oracle Corporation"/>
    <property name="java.home" value="/usr/lib/jvm/java-1.8.0-openjdk-1.8.0.222.b10-1.el7_7.x86_64/jre"/>
    <property name="surefire.excludesFile" value="/tools/ozone-bad-unit-tests"/>
    <property name="java.security.krb5.conf" value="/workdir/hadoop-ozone/ozonefs/target/test-classes/krb5.conf"/>
    <property name="basedir" value="/workdir/hadoop-ozone/ozonefs"/>
    <property name="file.separator" value="/"/>
    <property name="line.separator" value="&#10;"/>
    <property name="java.vm.specification.vendor" value="Oracle Corporation"/>
    <property name="java.specification.name" value="Java Platform API Specification"/>
    <property name="java.awt.graphicsenv" value="sun.awt.X11GraphicsEnvironment"/>
    <property name="surefire.real.class.path" value="/workdir/hadoop-ozone/ozonefs/target/surefire/surefirebooter5666000582747596686.jar"/>
    <property name="hadoop.log.dir" value="/workdir/hadoop-ozone/ozonefs/target/log"/>
    <property name="sun.boot.class.path" value="/usr/lib/jvm/java-1.8.0-openjdk-1.8.0.222.b10-1.el7_7.x86_64/jre/lib/resources.jar:/usr/lib/jvm/java-1.8.0-openjdk-1.8.0.222.b10-1.el7_7.x86_64/jre/lib/rt.jar:/usr/lib/jvm/java-1.8.0-openjdk-1.8.0.222.b10-1.el7_7.x86_64/jre/lib/sunrsasign.jar:/usr/lib/jvm/java-1.8.0-openjdk-1.8.0.222.b10-1.el7_7.x86_64/jre/lib/jsse.jar:/usr/lib/jvm/java-1.8.0-openjdk-1.8.0.222.b10-1.el7_7.x86_64/jre/lib/jce.jar:/usr/lib/jvm/java-1.8.0-openjdk-1.8.0.222.b10-1.el7_7.x86_64/jre/lib/charsets.jar:/usr/lib/jvm/java-1.8.0-openjdk-1.8.0.222.b10-1.el7_7.x86_64/jre/lib/jfr.jar:/usr/lib/jvm/java-1.8.0-openjdk-1.8.0.222.b10-1.el7_7.x86_64/jre/classes"/>
    <property name="sun.management.compiler" value="HotSpot 64-Bit Tiered Compilers"/>
    <property name="java.runtime.version" value="1.8.0_222-b10"/>
    <property name="java.net.preferIPv4Stack" value="true"/>
    <property name="user.name" value="jenkins1000"/>
    <property name="path.separator" value=":"/>
    <property name="java.security.egd" value="file:///dev/urandom"/>
    <property name="os.version" value="3.10.0-957.12.2.el7.x86_64"/>
    <property name="java.endorsed.dirs" value="/usr/lib/jvm/java-1.8.0-openjdk-1.8.0.222.b10-1.el7_7.x86_64/jre/lib/endorsed"/>
    <property name="java.runtime.name" value="OpenJDK Runtime Environment"/>
    <property name="file.encoding" value="ANSI_X3.4-1968"/>
    <property name="java.vm.name" value="OpenJDK 64-Bit Server VM"/>
    <property name="test.build.webapps" value=""/>
    <property name="localRepository" value="/home/user/.m2/repository"/>
    <property name="java.vendor.url.bug" value="http://bugreport.sun.com/bugreport/"/>
    <property name="java.io.tmpdir" value="/tmp"/>
    <property name="require.test.libhadoop" value=""/>
    <property name="java.version" value="1.8.0_222"/>
    <property name="user.dir" value="/workdir/hadoop-ozone/ozonefs"/>
    <property name="os.arch" value="amd64"/>
    <property name="java.vm.specification.name" value="Java Virtual Machine Specification"/>
    <property name="test.build.classes" value="/workdir/hadoop-ozone/ozonefs/target/test-classes"/>
    <property name="java.awt.printerjob" value="sun.print.PSPrinterJob"/>
    <property name="sun.os.patch.level" value="unknown"/>
    <property name="hadoop.tmp.dir" value="/workdir/hadoop-ozone/ozonefs/target/tmp"/>
    <property name="java.library.path" value="/usr/lib:/workdir/hadoop-ozone/ozonefs/target/native/target/usr/local/lib:/workdir/hadoop-ozone/ozonefs/../../hadoop-common-project/hadoop-common/target/native/target/usr/local/lib:/usr/java/packages/lib/amd64:/usr/lib64:/lib64:/lib:/usr/lib"/>
    <property name="java.vm.info" value="mixed mode"/>
    <property name="java.vendor" value="Oracle Corporation"/>
    <property name="java.vm.version" value="25.222-b10"/>
    <property name="java.ext.dirs" value="/usr/lib/jvm/java-1.8.0-openjdk-1.8.0.222.b10-1.el7_7.x86_64/jre/lib/ext:/usr/java/packages/lib/ext"/>
    <property name="sun.io.unicode.encoding" value="UnicodeLittle"/>
    <property name="java.class.version" value="52.0"/>
  </properties>
  <testcase name="testOzoneManagerFileSystemInterface[0]" classname="org.apache.hadoop.fs.ozone.TestOzoneFileInterfaces" time="20.971"/>
  <testcase name="testListStatus[0]" classname="org.apache.hadoop.fs.ozone.TestOzoneFileInterfaces" time="16.73"/>
  <testcase name="testDirectory[0]" classname="org.apache.hadoop.fs.ozone.TestOzoneFileInterfaces" time="16.808"/>
  <testcase name="testPathToKey[0]" classname="org.apache.hadoop.fs.ozone.TestOzoneFileInterfaces" time="16.761"/>
  <testcase name="testFileSystemInit[0]" classname="org.apache.hadoop.fs.ozone.TestOzoneFileInterfaces" time="16.687"/>
  <testcase name="testOzFsReadWrite[0]" classname="org.apache.hadoop.fs.ozone.TestOzoneFileInterfaces" time="19.268">
    <error message="Releasing lock on resource /mwffqszrhu/sdzkkzfjxw without acquiring lock&#10;	at org.apache.hadoop.ozone.lock.LockManager.getLockForReleasing(LockManager.java:220)&#10;	at org.apache.hadoop.ozone.lock.LockManager.release(LockManager.java:168)&#10;	at org.apache.hadoop.ozone.lock.LockManager.writeUnlock(LockManager.java:148)&#10;	at org.apache.hadoop.ozone.om.lock.OzoneManagerLock.unlock(OzoneManagerLock.java:364)&#10;	at org.apache.hadoop.ozone.om.lock.OzoneManagerLock.releaseWriteLock(OzoneManagerLock.java:329)&#10;	at org.apache.hadoop.ozone.om.request.key.OMKeyCommitRequest.validateAndUpdateCache(OMKeyCommitRequest.java:177)&#10;	at org.apache.hadoop.ozone.protocolPB.OzoneManagerProtocolServerSideTranslatorPB.submitRequestDirectlyToOM(OzoneManagerProtocolServerSideTranslatorPB.java:219)&#10;	at org.apache.hadoop.ozone.protocolPB.OzoneManagerProtocolServerSideTranslatorPB.processRequest(OzoneManagerProtocolServerSideTranslatorPB.java:134)&#10;	at org.apache.hadoop.hdds.server.OzoneProtocolMessageDispatcher.processRequest(OzoneProtocolMessageDispatcher.java:72)&#10;	at org.apache.hadoop.ozone.protocolPB.OzoneManagerProtocolServerSideTranslatorPB.submitRequest(OzoneManagerProtocolServerSideTranslatorPB.java:100)&#10;	at org.apache.hadoop.ozone.protocol.proto.OzoneManagerProtocolProtos$OzoneManagerService$2.callBlockingMethod(OzoneManagerProtocolProtos.java)&#10;	at org.apache.hadoop.ipc.ProtobufRpcEngine$Server$ProtoBufRpcInvoker.call(ProtobufRpcEngine.java:524)&#10;	at org.apache.hadoop.ipc.RPC$Server.call(RPC.java:1025)&#10;	at org.apache.hadoop.ipc.Server$RpcCall.run(Server.java:876)&#10;	at org.apache.hadoop.ipc.Server$RpcCall.run(Server.java:822)&#10;	at java.security.AccessController.doPrivileged(Native Method)&#10;	at javax.security.auth.Subject.doAs(Subject.java:422)&#10;	at org.apache.hadoop.security.UserGroupInformation.doAs(UserGroupInformation.java:1730)&#10;	at org.apache.hadoop.ipc.Server$Handler.run(Server.java:2682)&#10;" type="org.apache.hadoop.ipc.RemoteException(java.lang.IllegalMonitorStateException)">org.apache.hadoop.ipc.RemoteException(java.lang.IllegalMonitorStateException): Releasing lock on resource /mwffqszrhu/sdzkkzfjxw without acquiring lock
	at org.apache.hadoop.ozone.lock.LockManager.getLockForReleasing(LockManager.java:220)
	at org.apache.hadoop.ozone.lock.LockManager.release(LockManager.java:168)
	at org.apache.hadoop.ozone.lock.LockManager.writeUnlock(LockManager.java:148)
	at org.apache.hadoop.ozone.om.lock.OzoneManagerLock.unlock(OzoneManagerLock.java:364)
	at org.apache.hadoop.ozone.om.lock.OzoneManagerLock.releaseWriteLock(OzoneManagerLock.java:329)
	at org.apache.hadoop.ozone.om.request.key.OMKeyCommitRequest.validateAndUpdateCache(OMKeyCommitRequest.java:177)
	at org.apache.hadoop.ozone.protocolPB.OzoneManagerProtocolServerSideTranslatorPB.submitRequestDirectlyToOM(OzoneManagerProtocolServerSideTranslatorPB.java:219)
	at org.apache.hadoop.ozone.protocolPB.OzoneManagerProtocolServerSideTranslatorPB.processRequest(OzoneManagerProtocolServerSideTranslatorPB.java:134)
	at org.apache.hadoop.hdds.server.OzoneProtocolMessageDispatcher.processRequest(OzoneProtocolMessageDispatcher.java:72)
	at org.apache.hadoop.ozone.protocolPB.OzoneManagerProtocolServerSideTranslatorPB.submitRequest(OzoneManagerProtocolServerSideTranslatorPB.java:100)
	at org.apache.hadoop.ozone.protocol.proto.OzoneManagerProtocolProtos$OzoneManagerService$2.callBlockingMethod(OzoneManagerProtocolProtos.java)
	at org.apache.hadoop.ipc.ProtobufRpcEngine$Server$ProtoBufRpcInvoker.call(ProtobufRpcEngine.java:524)
	at org.apache.hadoop.ipc.RPC$Server.call(RPC.java:1025)
	at org.apache.hadoop.ipc.Server$RpcCall.run(Server.java:876)
	at org.apache.hadoop.ipc.Server$RpcCall.run(Server.java:822)
	at java.security.AccessController.doPrivileged(Native Method)
	at javax.security.auth.Subject.doAs(Subject.java:422)
	at org.apache.hadoop.security.UserGroupInformation.doAs(UserGroupInformation.java:1730)
	at org.apache.hadoop.ipc.Server$Handler.run(Server.java:2682)

	at org.apache.hadoop.ipc.Client.getRpcResponse(Client.java:1511)
	at org.apache.hadoop.ipc.Client.call(Client.java:1457)
	at org.apache.hadoop.ipc.Client.call(Client.java:1367)
	at org.apache.hadoop.ipc.ProtobufRpcEngine$Invoker.invoke(ProtobufRpcEngine.java:228)
	at org.apache.hadoop.ipc.ProtobufRpcEngine$Invoker.invoke(ProtobufRpcEngine.java:116)
	at com.sun.proxy.$Proxy38.submitRequest(Unknown Source)
	at sun.reflect.GeneratedMethodAccessor20.invoke(Unknown Source)
	at sun.reflect.DelegatingMethodAccessorImpl.invoke(DelegatingMethodAccessorImpl.java:43)
	at java.lang.reflect.Method.invoke(Method.java:498)
	at org.apache.hadoop.io.retry.RetryInvocationHandler.invokeMethod(RetryInvocationHandler.java:422)
	at org.apache.hadoop.io.retry.RetryInvocationHandler$Call.invokeMethod(RetryInvocationHandler.java:165)
	at org.apache.hadoop.io.retry.RetryInvocationHandler$Call.invoke(RetryInvocationHandler.java:157)
	at org.apache.hadoop.io.retry.RetryInvocationHandler$Call.invokeOnce(RetryInvocationHandler.java:95)
	at org.apache.hadoop.io.retry.RetryInvocationHandler.invoke(RetryInvocationHandler.java:359)
	at com.sun.proxy.$Proxy38.submitRequest(Unknown Source)
	at org.apache.hadoop.ozone.om.protocolPB.OzoneManagerProtocolClientSideTranslatorPB.submitRequest(OzoneManagerProtocolClientSideTranslatorPB.java:338)
	at org.apache.hadoop.ozone.om.protocolPB.OzoneManagerProtocolClientSideTranslatorPB.commitKey(OzoneManagerProtocolClientSideTranslatorPB.java:789)
	at sun.reflect.NativeMethodAccessorImpl.invoke0(Native Method)
	at sun.reflect.NativeMethodAccessorImpl.invoke(NativeMethodAccessorImpl.java:62)
	at sun.reflect.DelegatingMethodAccessorImpl.invoke(DelegatingMethodAccessorImpl.java:43)
	at java.lang.reflect.Method.invoke(Method.java:498)
	at org.apache.hadoop.hdds.tracing.TraceAllMethod.invoke(TraceAllMethod.java:66)
	at com.sun.proxy.$Proxy39.commitKey(Unknown Source)
	at org.apache.hadoop.ozone.client.io.BlockOutputStreamEntryPool.commitKey(BlockOutputStreamEntryPool.java:277)
	at org.apache.hadoop.ozone.client.io.KeyOutputStream.close(KeyOutputStream.java:474)
	at org.apache.hadoop.fs.ozone.OzoneFSOutputStream.close(OzoneFSOutputStream.java:56)
	at org.apache.hadoop.fs.FSDataOutputStream$PositionCache.close(FSDataOutputStream.java:72)
	at org.apache.hadoop.fs.FSDataOutputStream.close(FSDataOutputStream.java:101)
	at org.apache.hadoop.fs.ozone.TestOzoneFileInterfaces.testOzFsReadWrite(TestOzoneFileInterfaces.java:171)
	at sun.reflect.NativeMethodAccessorImpl.invoke0(Native Method)
	at sun.reflect.NativeMethodAccessorImpl.invoke(NativeMethodAccessorImpl.java:62)
	at sun.reflect.DelegatingMethodAccessorImpl.invoke(DelegatingMethodAccessorImpl.java:43)
	at java.lang.reflect.Method.invoke(Method.java:498)
	at org.junit.runners.model.FrameworkMethod$1.runReflectiveCall(FrameworkMethod.java:47)
	at org.junit.internal.runners.model.ReflectiveCallable.run(ReflectiveCallable.java:12)
	at org.junit.runners.model.FrameworkMethod.invokeExplosively(FrameworkMethod.java:44)
	at org.junit.internal.runners.statements.InvokeMethod.evaluate(InvokeMethod.java:17)
	at org.junit.internal.runners.statements.RunBefores.evaluate(RunBefores.java:26)
	at org.junit.internal.runners.statements.RunAfters.evaluate(RunAfters.java:27)
	at org.junit.runners.ParentRunner.runLeaf(ParentRunner.java:271)
	at org.junit.runners.BlockJUnit4ClassRunner.runChild(BlockJUnit4ClassRunner.java:70)
	at org.junit.runners.BlockJUnit4ClassRunner.runChild(BlockJUnit4ClassRunner.java:50)
	at org.junit.runners.ParentRunner$3.run(ParentRunner.java:238)
	at org.junit.runners.ParentRunner$1.schedule(ParentRunner.java:63)
	at org.junit.runners.ParentRunner.runChildren(ParentRunner.java:236)
	at org.junit.runners.ParentRunner.access$000(ParentRunner.java:53)
	at org.junit.runners.ParentRunner$2.evaluate(ParentRunner.java:229)
	at org.junit.runners.ParentRunner.run(ParentRunner.java:309)
	at org.junit.runners.Suite.runChild(Suite.java:127)
	at org.junit.runners.Suite.runChild(Suite.java:26)
	at org.junit.runners.ParentRunner$3.run(ParentRunner.java:238)
	at org.junit.runners.ParentRunner$1.schedule(ParentRunner.java:63)
	at org.junit.runners.ParentRunner.runChildren(ParentRunner.java:236)
	at org.junit.runners.ParentRunner.access$000(ParentRunner.java:53)
	at org.junit.runners.ParentRunner$2.evaluate(ParentRunner.java:229)
	at org.junit.runners.ParentRunner.run(ParentRunner.java:309)
	at org.apache.maven.surefire.junit4.JUnit4Provider.execute(JUnit4Provider.java:365)
	at org.apache.maven.surefire.junit4.JUnit4Provider.executeWithRerun(JUnit4Provider.java:273)
	at org.apache.maven.surefire.junit4.JUnit4Provider.executeTestSet(JUnit4Provider.java:238)
	at org.apache.maven.surefire.junit4.JUnit4Provider.invoke(JUnit4Provider.java:159)
	at org.apache.maven.surefire.booter.ForkedBooter.invokeProviderInSameClassLoader(ForkedBooter.java:384)
	at org.apache.maven.surefire.booter.ForkedBooter.runSuitesInProcess(ForkedBooter.java:345)
	at org.apache.maven.surefire.booter.ForkedBooter.execute(ForkedBooter.java:126)
	at org.apache.maven.surefire.booter.ForkedBooter.main(ForkedBooter.java:418)
</error>
    <system-out><![CDATA[2019-10-16 07:04:37,518 [main] WARN  server.ServerUtils (ServerUtils.java:getScmDbDir(145)) - ozone.scm.db.dirs is not configured. We recommend adding this setting. Falling back to ozone.metadata.dirs instead.
2019-10-16 07:04:37,542 [main] WARN  server.ServerUtils (ServerUtils.java:getScmDbDir(145)) - ozone.scm.db.dirs is not configured. We recommend adding this setting. Falling back to ozone.metadata.dirs instead.
2019-10-16 07:04:37,542 [main] WARN  server.ServerUtils (ServerUtils.java:getScmDbDir(145)) - ozone.scm.db.dirs is not configured. We recommend adding this setting. Falling back to ozone.metadata.dirs instead.
2019-10-16 07:04:37,543 [main] INFO  db.DBStoreBuilder (DBStoreBuilder.java:addTable(117)) - using custom profile for table: deletedBlocks
2019-10-16 07:04:37,543 [main] INFO  db.DBStoreBuilder (DBStoreBuilder.java:processTables(168)) - Using default column profile:DBProfile.DISK for Table:deletedBlocks
2019-10-16 07:04:37,544 [main] INFO  db.DBStoreBuilder (DBStoreBuilder.java:addTable(117)) - using custom profile for table: validCerts
2019-10-16 07:04:37,544 [main] INFO  db.DBStoreBuilder (DBStoreBuilder.java:processTables(168)) - Using default column profile:DBProfile.DISK for Table:validCerts
2019-10-16 07:04:37,544 [main] INFO  db.DBStoreBuilder (DBStoreBuilder.java:addTable(117)) - using custom profile for table: revokedCerts
2019-10-16 07:04:37,544 [main] INFO  db.DBStoreBuilder (DBStoreBuilder.java:processTables(168)) - Using default column profile:DBProfile.DISK for Table:revokedCerts
2019-10-16 07:04:37,544 [main] INFO  db.DBStoreBuilder (DBStoreBuilder.java:addTable(117)) - using custom profile for table: default
2019-10-16 07:04:37,545 [main] INFO  db.DBStoreBuilder (DBStoreBuilder.java:processTables(174)) - Using default column profile:DBProfile.DISK for Table:default
2019-10-16 07:04:37,545 [main] INFO  db.DBStoreBuilder (DBStoreBuilder.java:getDbProfile(205)) - Using default options. DBProfile.DISK
2019-10-16 07:04:37,759 [main] INFO  net.NodeSchemaLoader (NodeSchemaLoader.java:loadSchemaFromFile(125)) - Loading file from sun.misc.CompoundEnumeration@26457986
2019-10-16 07:04:37,760 [main] INFO  net.NodeSchemaLoader (NodeSchemaLoader.java:loadSchema(171)) - Loading network topology layer schema file
2019-10-16 07:04:37,765 [main] WARN  server.ServerUtils (ServerUtils.java:sanitizeUserArgs(70)) - ozone.scm.stale.node.interval value = 300000 is larger than max = 100000 based on the key value of ozone.scm.heartbeat.thread.interval, reset to the max value 100000.
2019-10-16 07:04:37,766 [main] WARN  server.ServerUtils (ServerUtils.java:sanitizeUserArgs(70)) - ozone.scm.stale.node.interval value = 300000 is larger than max = 100000 based on the key value of ozone.scm.heartbeat.thread.interval, reset to the max value 100000.
2019-10-16 07:04:37,766 [main] INFO  node.SCMNodeManager (SCMNodeManager.java:<init>(116)) - Entering startup safe mode.
2019-10-16 07:04:37,767 [main] INFO  algorithms.ContainerPlacementPolicyFactory (ContainerPlacementPolicyFactory.java:getPolicy(57)) - Create container placement policy of type org.apache.hadoop.hdds.scm.container.placement.algorithms.SCMContainerPlacementRandom
2019-10-16 07:04:37,767 [main] WARN  server.ServerUtils (ServerUtils.java:getScmDbDir(145)) - ozone.scm.db.dirs is not configured. We recommend adding this setting. Falling back to ozone.metadata.dirs instead.
2019-10-16 07:04:37,836 [main] INFO  pipeline.SCMPipelineManager (SCMPipelineManager.java:initializePipelineState(132)) - No pipeline exists in current db
2019-10-16 07:04:37,837 [main] WARN  server.ServerUtils (ServerUtils.java:getScmDbDir(145)) - ozone.scm.db.dirs is not configured. We recommend adding this setting. Falling back to ozone.metadata.dirs instead.
2019-10-16 07:04:37,900 [main] WARN  events.EventQueue (EventQueue.java:fireEvent(183)) - No event handler registered for event TypedEvent{payloadType=SafeModeStatus, name='SafeModeStatus'}
2019-10-16 07:04:37,902 [main] INFO  ipc.CallQueueManager (CallQueueManager.java:<init>(84)) - Using callQueue: class java.util.concurrent.LinkedBlockingQueue, queueCapacity: 2000, scheduler: class org.apache.hadoop.ipc.DefaultRpcScheduler, ipcBackoff: false.
2019-10-16 07:04:37,903 [Socket Reader #1 for port 46778] INFO  ipc.Server (Server.java:run(1074)) - Starting Socket Reader #1 for port 46778
2019-10-16 07:04:37,906 [main] INFO  ipc.CallQueueManager (CallQueueManager.java:<init>(84)) - Using callQueue: class java.util.concurrent.LinkedBlockingQueue, queueCapacity: 2000, scheduler: class org.apache.hadoop.ipc.DefaultRpcScheduler, ipcBackoff: false.
2019-10-16 07:04:37,907 [Socket Reader #1 for port 33267] INFO  ipc.Server (Server.java:run(1074)) - Starting Socket Reader #1 for port 33267
2019-10-16 07:04:37,908 [main] INFO  ipc.CallQueueManager (CallQueueManager.java:<init>(84)) - Using callQueue: class java.util.concurrent.LinkedBlockingQueue, queueCapacity: 2000, scheduler: class org.apache.hadoop.ipc.DefaultRpcScheduler, ipcBackoff: false.
2019-10-16 07:04:37,910 [Socket Reader #1 for port 36399] INFO  ipc.Server (Server.java:run(1074)) - Starting Socket Reader #1 for port 36399
2019-10-16 07:04:37,913 [main] INFO  hdfs.DFSUtil (DFSUtil.java:httpServerTemplateForNNAndJN(1641)) - Starting Web-server for scm at: http://0.0.0.0:0
2019-10-16 07:04:37,916 [main] INFO  server.AuthenticationFilter (AuthenticationFilter.java:constructSecretProvider(240)) - Unable to initialize FileSignerSecretProvider, falling back to use random secrets.
2019-10-16 07:04:37,917 [main] WARN  http.HttpRequestLog (HttpRequestLog.java:getRequestLog(97)) - Jetty request log can only be enabled using Log4j
2019-10-16 07:04:37,920 [main] INFO  http.HttpServer2 (HttpServer2.java:addGlobalFilter(975)) - Added global filter 'safety' (class=org.apache.hadoop.http.HttpServer2$QuotingInputFilter)
2019-10-16 07:04:37,920 [main] INFO  http.HttpServer2 (HttpServer2.java:addFilter(948)) - Added filter static_user_filter (class=org.apache.hadoop.http.lib.StaticUserWebFilter$StaticUserFilter) to context scm
2019-10-16 07:04:37,921 [main] INFO  http.HttpServer2 (HttpServer2.java:addFilter(958)) - Added filter static_user_filter (class=org.apache.hadoop.http.lib.StaticUserWebFilter$StaticUserFilter) to context static
2019-10-16 07:04:37,921 [main] INFO  http.HttpServer2 (HttpServer2.java:addFilter(958)) - Added filter static_user_filter (class=org.apache.hadoop.http.lib.StaticUserWebFilter$StaticUserFilter) to context logs
2019-10-16 07:04:37,922 [main] INFO  server.StorageContainerManager (StorageContainerManager.java:start(772)) - StorageContainerLocationProtocol RPC server is listening at /0.0.0.0:36399
2019-10-16 07:04:37,925 [main] WARN  impl.MetricsConfig (MetricsConfig.java:loadFirst(134)) - Cannot locate configuration: tried hadoop-metrics2-storagecontainermanager.properties,hadoop-metrics2.properties
2019-10-16 07:04:37,925 [main] INFO  impl.MetricsSystemImpl (MetricsSystemImpl.java:startTimer(374)) - Scheduled Metric snapshot period at 10 second(s).
2019-10-16 07:04:37,926 [main] INFO  impl.MetricsSystemImpl (MetricsSystemImpl.java:start(191)) - StorageContainerManager metrics system started
2019-10-16 07:04:37,952 [main] WARN  impl.MetricsSystemImpl (MetricsSystemImpl.java:register(276)) - Sink prometheus already exists!
2019-10-16 07:04:38,002 [main] INFO  server.SCMClientProtocolServer (SCMClientProtocolServer.java:start(159)) - RPC server for Client  is listening at /0.0.0.0:36399
2019-10-16 07:04:38,003 [IPC Server Responder] INFO  ipc.Server (Server.java:run(1314)) - IPC Server Responder: starting
2019-10-16 07:04:38,003 [IPC Server listener on 36399] INFO  ipc.Server (Server.java:run(1153)) - IPC Server listener on 36399: starting
2019-10-16 07:04:38,007 [main] INFO  server.StorageContainerManager (StorageContainerManager.java:start(782)) - ScmBlockLocationProtocol RPC server is listening at /0.0.0.0:33267
2019-10-16 07:04:38,007 [main] INFO  server.SCMBlockProtocolServer (SCMBlockProtocolServer.java:start(146)) - RPC server for Block Protocol is listening at /0.0.0.0:33267
2019-10-16 07:04:38,007 [IPC Server Responder] INFO  ipc.Server (Server.java:run(1314)) - IPC Server Responder: starting
2019-10-16 07:04:38,007 [IPC Server listener on 33267] INFO  ipc.Server (Server.java:run(1153)) - IPC Server listener on 33267: starting
2019-10-16 07:04:38,011 [main] INFO  server.StorageContainerManager (StorageContainerManager.java:start(786)) - ScmDatanodeProtocl RPC server is listening at /0.0.0.0:46778
2019-10-16 07:04:38,011 [main] INFO  server.SCMDatanodeProtocolServer (SCMDatanodeProtocolServer.java:start(169)) - RPC server for DataNodes is listening at /0.0.0.0:46778
2019-10-16 07:04:38,011 [IPC Server Responder] INFO  ipc.Server (Server.java:run(1314)) - IPC Server Responder: starting
2019-10-16 07:04:38,012 [IPC Server listener on 46778] INFO  ipc.Server (Server.java:run(1153)) - IPC Server listener on 46778: starting
2019-10-16 07:04:38,015 [main] INFO  http.HttpServer2 (HttpServer2.java:bindListener(1191)) - Jetty bound to port 45101
2019-10-16 07:04:38,015 [main] INFO  server.Server (Server.java:doStart(351)) - jetty-9.3.25.v20180904, build timestamp: 2018-09-04T21:11:46Z, git hash: 3ce520221d0240229c862b122d2b06c12a625732
2019-10-16 07:04:38,017 [main] INFO  handler.ContextHandler (ContextHandler.java:doStart(781)) - Started o.e.j.s.ServletContextHandler@18dcb8a7{/logs,file:///workdir/hadoop-ozone/ozonefs/target/log,AVAILABLE}
2019-10-16 07:04:38,018 [main] INFO  handler.ContextHandler (ContextHandler.java:doStart(781)) - Started o.e.j.s.ServletContextHandler@5a14e60d{/static,jar:file:/home/user/.m2/repository/org/apache/hadoop/hadoop-hdds-server-scm/0.5.0-SNAPSHOT/hadoop-hdds-server-scm-0.5.0-SNAPSHOT.jar!/webapps/static,AVAILABLE}
2019-10-16 07:04:38,055 [main] INFO  handler.ContextHandler (ContextHandler.java:doStart(781)) - Started o.e.j.w.WebAppContext@62b6c045{/,file:///tmp/jetty-0.0.0.0-45101-scm-_-any-5205923470021969007.dir/webapp/,AVAILABLE}{/scm}
2019-10-16 07:04:38,056 [main] INFO  server.AbstractConnector (AbstractConnector.java:doStart(278)) - Started ServerConnector@58f254b1{HTTP/1.1,[http/1.1]}{0.0.0.0:45101}
2019-10-16 07:04:38,057 [main] INFO  server.Server (Server.java:doStart(419)) - Started @88895ms
2019-10-16 07:04:38,057 [main] WARN  impl.MetricsSystemImpl (MetricsSystemImpl.java:register(276)) - Sink prometheus already exists!
2019-10-16 07:04:38,059 [main] INFO  server.BaseHttpServer (BaseHttpServer.java:updateConnectorAddress(215)) - HTTP server of SCM is listening at http://0.0.0.0:45101
2019-10-16 07:04:38,060 [main] WARN  server.ServerUtils (ServerUtils.java:getDBPath(222)) - ozone.om.db.dirs is not configured. We recommend adding this setting. Falling back to ozone.metadata.dirs instead.
2019-10-16 07:04:38,060 [org.apache.hadoop.util.JvmPauseMonitor$Monitor@240f350a] INFO  util.JvmPauseMonitor (JvmPauseMonitor.java:run(188)) - Starting JVM pause monitor
2019-10-16 07:04:38,073 [main] INFO  ha.OMHANodeDetails (OMHANodeDetails.java:loadOMHAConfig(190)) - Configuration either no ozone.om.address set. Falling back to the default OM address /127.0.0.1:0
2019-10-16 07:04:38,073 [main] INFO  ha.OMHANodeDetails (OMHANodeDetails.java:getOMNodeDetails(220)) - OM Service ID is not set. Setting it to the default ID: omServiceIdDefault
2019-10-16 07:04:38,074 [main] WARN  server.ServerUtils (ServerUtils.java:getDBPath(222)) - ozone.om.db.dirs is not configured. We recommend adding this setting. Falling back to ozone.metadata.dirs instead.
2019-10-16 07:04:38,074 [main] WARN  server.ServerUtils (ServerUtils.java:getDBPath(222)) - ozone.om.db.dirs is not configured. We recommend adding this setting. Falling back to ozone.metadata.dirs instead.
2019-10-16 07:04:38,084 [main] WARN  server.ServerUtils (ServerUtils.java:getDBPath(222)) - ozone.om.db.dirs is not configured. We recommend adding this setting. Falling back to ozone.metadata.dirs instead.
2019-10-16 07:04:38,085 [main] INFO  db.DBStoreBuilder (DBStoreBuilder.java:addTable(117)) - using custom profile for table: userTable
2019-10-16 07:04:38,085 [main] INFO  db.DBStoreBuilder (DBStoreBuilder.java:processTables(168)) - Using default column profile:DBProfile.DISK for Table:userTable
2019-10-16 07:04:38,085 [main] INFO  db.DBStoreBuilder (DBStoreBuilder.java:addTable(117)) - using custom profile for table: volumeTable
2019-10-16 07:04:38,085 [main] INFO  db.DBStoreBuilder (DBStoreBuilder.java:processTables(168)) - Using default column profile:DBProfile.DISK for Table:volumeTable
2019-10-16 07:04:38,085 [main] INFO  db.DBStoreBuilder (DBStoreBuilder.java:addTable(117)) - using custom profile for table: bucketTable
2019-10-16 07:04:38,085 [main] INFO  db.DBStoreBuilder (DBStoreBuilder.java:processTables(168)) - Using default column profile:DBProfile.DISK for Table:bucketTable
2019-10-16 07:04:38,086 [main] INFO  db.DBStoreBuilder (DBStoreBuilder.java:addTable(117)) - using custom profile for table: keyTable
2019-10-16 07:04:38,086 [main] INFO  db.DBStoreBuilder (DBStoreBuilder.java:processTables(168)) - Using default column profile:DBProfile.DISK for Table:keyTable
2019-10-16 07:04:38,086 [main] INFO  db.DBStoreBuilder (DBStoreBuilder.java:addTable(117)) - using custom profile for table: deletedTable
2019-10-16 07:04:38,086 [main] INFO  db.DBStoreBuilder (DBStoreBuilder.java:processTables(168)) - Using default column profile:DBProfile.DISK for Table:deletedTable
2019-10-16 07:04:38,086 [main] INFO  db.DBStoreBuilder (DBStoreBuilder.java:addTable(117)) - using custom profile for table: openKeyTable
2019-10-16 07:04:38,086 [main] INFO  db.DBStoreBuilder (DBStoreBuilder.java:processTables(168)) - Using default column profile:DBProfile.DISK for Table:openKeyTable
2019-10-16 07:04:38,086 [main] INFO  db.DBStoreBuilder (DBStoreBuilder.java:addTable(117)) - using custom profile for table: s3Table
2019-10-16 07:04:38,086 [main] INFO  db.DBStoreBuilder (DBStoreBuilder.java:processTables(168)) - Using default column profile:DBProfile.DISK for Table:s3Table
2019-10-16 07:04:38,087 [main] INFO  db.DBStoreBuilder (DBStoreBuilder.java:addTable(117)) - using custom profile for table: multipartInfoTable
2019-10-16 07:04:38,087 [main] INFO  db.DBStoreBuilder (DBStoreBuilder.java:processTables(168)) - Using default column profile:DBProfile.DISK for Table:multipartInfoTable
2019-10-16 07:04:38,087 [main] INFO  db.DBStoreBuilder (DBStoreBuilder.java:addTable(117)) - using custom profile for table: dTokenTable
2019-10-16 07:04:38,087 [main] INFO  db.DBStoreBuilder (DBStoreBuilder.java:processTables(168)) - Using default column profile:DBProfile.DISK for Table:dTokenTable
2019-10-16 07:04:38,087 [main] INFO  db.DBStoreBuilder (DBStoreBuilder.java:addTable(117)) - using custom profile for table: s3SecretTable
2019-10-16 07:04:38,087 [main] INFO  db.DBStoreBuilder (DBStoreBuilder.java:processTables(168)) - Using default column profile:DBProfile.DISK for Table:s3SecretTable
2019-10-16 07:04:38,087 [main] INFO  db.DBStoreBuilder (DBStoreBuilder.java:addTable(117)) - using custom profile for table: prefixTable
2019-10-16 07:04:38,087 [main] INFO  db.DBStoreBuilder (DBStoreBuilder.java:processTables(168)) - Using default column profile:DBProfile.DISK for Table:prefixTable
2019-10-16 07:04:38,088 [main] INFO  db.DBStoreBuilder (DBStoreBuilder.java:addTable(117)) - using custom profile for table: default
2019-10-16 07:04:38,088 [main] INFO  db.DBStoreBuilder (DBStoreBuilder.java:processTables(174)) - Using default column profile:DBProfile.DISK for Table:default
2019-10-16 07:04:38,088 [main] INFO  db.DBStoreBuilder (DBStoreBuilder.java:getDbProfile(205)) - Using default options. DBProfile.DISK
2019-10-16 07:04:38,620 [main] INFO  ipc.CallQueueManager (CallQueueManager.java:<init>(84)) - Using callQueue: class java.util.concurrent.LinkedBlockingQueue, queueCapacity: 2000, scheduler: class org.apache.hadoop.ipc.DefaultRpcScheduler, ipcBackoff: false.
2019-10-16 07:04:38,621 [Socket Reader #1 for port 44727] INFO  ipc.Server (Server.java:run(1074)) - Starting Socket Reader #1 for port 44727
2019-10-16 07:04:38,640 [main] INFO  om.OzoneManager (OzoneManager.java:start(1074)) - OzoneManager RPC server is listening at localhost/127.0.0.1:44727
2019-10-16 07:04:38,641 [main] INFO  impl.MetricsSystemImpl (MetricsSystemImpl.java:init(158)) - OzoneManager metrics system started (again)
2019-10-16 07:04:38,643 [IPC Server Responder] INFO  ipc.Server (Server.java:run(1314)) - IPC Server Responder: starting
2019-10-16 07:04:38,643 [IPC Server listener on 44727] INFO  ipc.Server (Server.java:run(1153)) - IPC Server listener on 44727: starting
2019-10-16 07:04:38,651 [main] INFO  hdfs.DFSUtil (DFSUtil.java:httpServerTemplateForNNAndJN(1641)) - Starting Web-server for ozoneManager at: http://0.0.0.0:0
2019-10-16 07:04:38,654 [main] INFO  server.AuthenticationFilter (AuthenticationFilter.java:constructSecretProvider(240)) - Unable to initialize FileSignerSecretProvider, falling back to use random secrets.
2019-10-16 07:04:38,654 [main] WARN  http.HttpRequestLog (HttpRequestLog.java:getRequestLog(97)) - Jetty request log can only be enabled using Log4j
2019-10-16 07:04:38,657 [main] INFO  http.HttpServer2 (HttpServer2.java:addGlobalFilter(975)) - Added global filter 'safety' (class=org.apache.hadoop.http.HttpServer2$QuotingInputFilter)
2019-10-16 07:04:38,658 [main] INFO  http.HttpServer2 (HttpServer2.java:addFilter(948)) - Added filter static_user_filter (class=org.apache.hadoop.http.lib.StaticUserWebFilter$StaticUserFilter) to context ozoneManager
2019-10-16 07:04:38,658 [main] INFO  http.HttpServer2 (HttpServer2.java:addFilter(958)) - Added filter static_user_filter (class=org.apache.hadoop.http.lib.StaticUserWebFilter$StaticUserFilter) to context static
2019-10-16 07:04:38,658 [main] INFO  http.HttpServer2 (HttpServer2.java:addFilter(958)) - Added filter static_user_filter (class=org.apache.hadoop.http.lib.StaticUserWebFilter$StaticUserFilter) to context logs
2019-10-16 07:04:38,659 [main] INFO  http.HttpServer2 (HttpServer2.java:bindListener(1191)) - Jetty bound to port 43419
2019-10-16 07:04:38,659 [main] INFO  server.Server (Server.java:doStart(351)) - jetty-9.3.25.v20180904, build timestamp: 2018-09-04T21:11:46Z, git hash: 3ce520221d0240229c862b122d2b06c12a625732
2019-10-16 07:04:38,661 [main] INFO  handler.ContextHandler (ContextHandler.java:doStart(781)) - Started o.e.j.s.ServletContextHandler@191a0351{/logs,file:///workdir/hadoop-ozone/ozonefs/target/log,AVAILABLE}
2019-10-16 07:04:38,662 [main] INFO  handler.ContextHandler (ContextHandler.java:doStart(781)) - Started o.e.j.s.ServletContextHandler@51ba952e{/static,jar:file:/home/user/.m2/repository/org/apache/hadoop/hadoop-ozone-ozone-manager/0.5.0-SNAPSHOT/hadoop-ozone-ozone-manager-0.5.0-SNAPSHOT.jar!/webapps/static,AVAILABLE}
2019-10-16 07:04:38,721 [main] INFO  handler.ContextHandler (ContextHandler.java:doStart(781)) - Started o.e.j.w.WebAppContext@1118d539{/,file:///tmp/jetty-0.0.0.0-43419-ozoneManager-_-any-198013203943642299.dir/webapp/,AVAILABLE}{/ozoneManager}
2019-10-16 07:04:38,721 [main] INFO  server.AbstractConnector (AbstractConnector.java:doStart(278)) - Started ServerConnector@601d6622{HTTP/1.1,[http/1.1]}{0.0.0.0:43419}
2019-10-16 07:04:38,723 [main] INFO  server.Server (Server.java:doStart(419)) - Started @89561ms
2019-10-16 07:04:38,723 [main] WARN  impl.MetricsSystemImpl (MetricsSystemImpl.java:register(276)) - Sink prometheus already exists!
2019-10-16 07:04:38,724 [main] INFO  server.BaseHttpServer (BaseHttpServer.java:updateConnectorAddress(215)) - HTTP server of OZONEMANAGER is listening at http://0.0.0.0:43419
2019-10-16 07:04:38,732 [main] INFO  impl.MetricsSystemImpl (MetricsSystemImpl.java:init(158)) - HddsDatanode metrics system started (again)
2019-10-16 07:04:38,735 [main] INFO  ozone.HddsDatanodeService (HddsDatanodeService.java:start(184)) - HddsDatanodeService host:pr-hdds-2312-q6qzp-1535798719 ip:192.168.69.104
2019-10-16 07:04:38,744 [main] INFO  volume.HddsVolume (HddsVolume.java:<init>(176)) - Creating Volume: /workdir/hadoop-ozone/ozonefs/target/test-dir/MiniOzoneClusterImpl-95452fb2-cc0a-41df-83f6-d45a8763a348/datanode-0/data/containers/hdds of  storage type : DISK and capacity : 1482555576320
2019-10-16 07:04:38,744 [main] INFO  volume.VolumeSet (VolumeSet.java:initializeVolumeSet(170)) - Added Volume : /workdir/hadoop-ozone/ozonefs/target/test-dir/MiniOzoneClusterImpl-95452fb2-cc0a-41df-83f6-d45a8763a348/datanode-0/data/containers/hdds to VolumeSet
2019-10-16 07:04:38,744 [main] INFO  volume.ThrottledAsyncChecker (ThrottledAsyncChecker.java:schedule(141)) - Scheduling a check for /workdir/hadoop-ozone/ozonefs/target/test-dir/MiniOzoneClusterImpl-95452fb2-cc0a-41df-83f6-d45a8763a348/datanode-0/data/containers/hdds
2019-10-16 07:04:38,745 [main] INFO  volume.HddsVolumeChecker (HddsVolumeChecker.java:checkAllVolumes(204)) - Scheduled health check for volume /workdir/hadoop-ozone/ozonefs/target/test-dir/MiniOzoneClusterImpl-95452fb2-cc0a-41df-83f6-d45a8763a348/datanode-0/data/containers/hdds
2019-10-16 07:04:38,764 [main] INFO  impl.RaftServerProxy (ConfUtils.java:logGet(43)) - raft.rpc.type = GRPC (default)
2019-10-16 07:04:38,764 [main] INFO  grpc.GrpcFactory (GrpcFactory.java:checkPooledByteBufAllocatorUseCacheForAllThreads(45)) - PERFORMANCE WARNING: useCacheForAllThreads is true that may cause Netty to create a lot garbage objects and, as a result, trigger GC.
	It is recommended to disable useCacheForAllThreads by setting -Dorg.apache.ratis.thirdparty.io.netty.allocator.useCacheForAllThreads=false in command line.
2019-10-16 07:04:38,764 [main] INFO  grpc.GrpcConfigKeys$Server (ConfUtils.java:logGet(43)) - raft.grpc.server.port = 0 (default)
2019-10-16 07:04:38,765 [main] INFO  server.GrpcService (ConfUtils.java:logGet(43)) - raft.grpc.message.size.max = 33570816 (custom)
2019-10-16 07:04:38,765 [main] INFO  server.RaftServerConfigKeys (ConfUtils.java:logGet(43)) - raft.server.log.appender.buffer.byte-limit = 33554432 (custom)
2019-10-16 07:04:38,765 [main] INFO  server.GrpcService (ConfUtils.java:logGet(43)) - raft.grpc.flow.control.window = 1MB (=1048576) (default)
2019-10-16 07:04:38,765 [main] INFO  server.RaftServerConfigKeys (ConfUtils.java:logGet(43)) - raft.server.rpc.request.timeout = 3000ms (default)
2019-10-16 07:04:38,766 [main] INFO  server.RaftServerConfigKeys (ConfUtils.java:logGet(43)) - raft.server.storage.dir = [/workdir/hadoop-ozone/ozonefs/target/test-dir/MiniOzoneClusterImpl-95452fb2-cc0a-41df-83f6-d45a8763a348/datanode-0/data/ratis] (custom)
2019-10-16 07:04:38,768 [main] INFO  hdfs.DFSUtil (DFSUtil.java:httpServerTemplateForNNAndJN(1641)) - Starting Web-server for hddsDatanode at: http://0.0.0.0:0
2019-10-16 07:04:38,770 [main] INFO  server.AuthenticationFilter (AuthenticationFilter.java:constructSecretProvider(240)) - Unable to initialize FileSignerSecretProvider, falling back to use random secrets.
2019-10-16 07:04:38,770 [main] WARN  http.HttpRequestLog (HttpRequestLog.java:getRequestLog(97)) - Jetty request log can only be enabled using Log4j
2019-10-16 07:04:38,772 [main] INFO  http.HttpServer2 (HttpServer2.java:addGlobalFilter(975)) - Added global filter 'safety' (class=org.apache.hadoop.http.HttpServer2$QuotingInputFilter)
2019-10-16 07:04:38,772 [main] INFO  http.HttpServer2 (HttpServer2.java:addFilter(948)) - Added filter static_user_filter (class=org.apache.hadoop.http.lib.StaticUserWebFilter$StaticUserFilter) to context hddsDatanode
2019-10-16 07:04:38,772 [main] INFO  http.HttpServer2 (HttpServer2.java:addFilter(958)) - Added filter static_user_filter (class=org.apache.hadoop.http.lib.StaticUserWebFilter$StaticUserFilter) to context static
2019-10-16 07:04:38,772 [main] INFO  http.HttpServer2 (HttpServer2.java:addFilter(958)) - Added filter static_user_filter (class=org.apache.hadoop.http.lib.StaticUserWebFilter$StaticUserFilter) to context logs
2019-10-16 07:04:38,773 [main] INFO  http.HttpServer2 (HttpServer2.java:bindListener(1191)) - Jetty bound to port 33020
2019-10-16 07:04:38,773 [main] INFO  server.Server (Server.java:doStart(351)) - jetty-9.3.25.v20180904, build timestamp: 2018-09-04T21:11:46Z, git hash: 3ce520221d0240229c862b122d2b06c12a625732
2019-10-16 07:04:38,775 [main] INFO  handler.ContextHandler (ContextHandler.java:doStart(781)) - Started o.e.j.s.ServletContextHandler@463afa6e{/logs,file:///workdir/hadoop-ozone/ozonefs/target/log,AVAILABLE}
2019-10-16 07:04:38,775 [main] INFO  handler.ContextHandler (ContextHandler.java:doStart(781)) - Started o.e.j.s.ServletContextHandler@7ccd611e{/static,jar:file:/home/user/.m2/repository/org/apache/hadoop/hadoop-hdds-container-service/0.5.0-SNAPSHOT/hadoop-hdds-container-service-0.5.0-SNAPSHOT.jar!/webapps/static,AVAILABLE}
2019-10-16 07:04:38,798 [main] INFO  handler.ContextHandler (ContextHandler.java:doStart(781)) - Started o.e.j.w.WebAppContext@3b0d3a63{/,file:///tmp/jetty-0.0.0.0-33020-hddsDatanode-_-any-6315228737764298838.dir/webapp/,AVAILABLE}{/hddsDatanode}
2019-10-16 07:04:38,799 [main] INFO  server.AbstractConnector (AbstractConnector.java:doStart(278)) - Started ServerConnector@50598a1a{HTTP/1.1,[http/1.1]}{0.0.0.0:33020}
2019-10-16 07:04:38,800 [main] INFO  server.Server (Server.java:doStart(419)) - Started @89638ms
2019-10-16 07:04:38,800 [main] WARN  impl.MetricsSystemImpl (MetricsSystemImpl.java:register(276)) - Sink prometheus already exists!
2019-10-16 07:04:38,801 [main] INFO  server.BaseHttpServer (BaseHttpServer.java:updateConnectorAddress(215)) - HTTP server of HDDSDATANODE is listening at http://0.0.0.0:33020
2019-10-16 07:04:38,801 [main] INFO  impl.MetricsSystemImpl (MetricsSystemImpl.java:init(158)) - HddsDatanode metrics system started (again)
2019-10-16 07:04:38,804 [org.apache.hadoop.util.JvmPauseMonitor$Monitor@13ade890] INFO  util.JvmPauseMonitor (JvmPauseMonitor.java:run(188)) - Starting JVM pause monitor
2019-10-16 07:04:38,805 [main] INFO  ozone.HddsDatanodeService (HddsDatanodeService.java:start(184)) - HddsDatanodeService host:pr-hdds-2312-q6qzp-1535798719 ip:192.168.69.104
2019-10-16 07:04:38,808 [Datanode State Machine Thread - 0] INFO  datanode.InitDatanodeState (InitDatanodeState.java:persistContainerDatanodeDetails(140)) - DatanodeDetails is persisted to /workdir/hadoop-ozone/ozonefs/target/test-dir/MiniOzoneClusterImpl-95452fb2-cc0a-41df-83f6-d45a8763a348/datanode-0/meta/datanode.id
2019-10-16 07:04:38,811 [main] INFO  volume.HddsVolume (HddsVolume.java:<init>(176)) - Creating Volume: /workdir/hadoop-ozone/ozonefs/target/test-dir/MiniOzoneClusterImpl-95452fb2-cc0a-41df-83f6-d45a8763a348/datanode-1/data/containers/hdds of  storage type : DISK and capacity : 1482555576320
2019-10-16 07:04:38,812 [main] INFO  volume.VolumeSet (VolumeSet.java:initializeVolumeSet(170)) - Added Volume : /workdir/hadoop-ozone/ozonefs/target/test-dir/MiniOzoneClusterImpl-95452fb2-cc0a-41df-83f6-d45a8763a348/datanode-1/data/containers/hdds to VolumeSet
2019-10-16 07:04:38,812 [main] INFO  volume.ThrottledAsyncChecker (ThrottledAsyncChecker.java:schedule(141)) - Scheduling a check for /workdir/hadoop-ozone/ozonefs/target/test-dir/MiniOzoneClusterImpl-95452fb2-cc0a-41df-83f6-d45a8763a348/datanode-1/data/containers/hdds
2019-10-16 07:04:38,812 [main] INFO  volume.HddsVolumeChecker (HddsVolumeChecker.java:checkAllVolumes(204)) - Scheduled health check for volume /workdir/hadoop-ozone/ozonefs/target/test-dir/MiniOzoneClusterImpl-95452fb2-cc0a-41df-83f6-d45a8763a348/datanode-1/data/containers/hdds
2019-10-16 07:04:38,829 [main] INFO  impl.RaftServerProxy (ConfUtils.java:logGet(43)) - raft.rpc.type = GRPC (default)
2019-10-16 07:04:38,829 [main] INFO  grpc.GrpcFactory (GrpcFactory.java:checkPooledByteBufAllocatorUseCacheForAllThreads(45)) - PERFORMANCE WARNING: useCacheForAllThreads is true that may cause Netty to create a lot garbage objects and, as a result, trigger GC.
	It is recommended to disable useCacheForAllThreads by setting -Dorg.apache.ratis.thirdparty.io.netty.allocator.useCacheForAllThreads=false in command line.
2019-10-16 07:04:38,829 [main] INFO  grpc.GrpcConfigKeys$Server (ConfUtils.java:logGet(43)) - raft.grpc.server.port = 0 (default)
2019-10-16 07:04:38,829 [main] INFO  server.GrpcService (ConfUtils.java:logGet(43)) - raft.grpc.message.size.max = 33570816 (custom)
2019-10-16 07:04:38,829 [main] INFO  server.RaftServerConfigKeys (ConfUtils.java:logGet(43)) - raft.server.log.appender.buffer.byte-limit = 33554432 (custom)
2019-10-16 07:04:38,829 [main] INFO  server.GrpcService (ConfUtils.java:logGet(43)) - raft.grpc.flow.control.window = 1MB (=1048576) (default)
2019-10-16 07:04:38,829 [main] INFO  server.RaftServerConfigKeys (ConfUtils.java:logGet(43)) - raft.server.rpc.request.timeout = 3000ms (default)
2019-10-16 07:04:38,830 [main] INFO  server.RaftServerConfigKeys (ConfUtils.java:logGet(43)) - raft.server.storage.dir = [/workdir/hadoop-ozone/ozonefs/target/test-dir/MiniOzoneClusterImpl-95452fb2-cc0a-41df-83f6-d45a8763a348/datanode-1/data/ratis] (custom)
2019-10-16 07:04:38,831 [main] INFO  hdfs.DFSUtil (DFSUtil.java:httpServerTemplateForNNAndJN(1641)) - Starting Web-server for hddsDatanode at: http://0.0.0.0:0
2019-10-16 07:04:38,833 [main] INFO  server.AuthenticationFilter (AuthenticationFilter.java:constructSecretProvider(240)) - Unable to initialize FileSignerSecretProvider, falling back to use random secrets.
2019-10-16 07:04:38,833 [main] WARN  http.HttpRequestLog (HttpRequestLog.java:getRequestLog(97)) - Jetty request log can only be enabled using Log4j
2019-10-16 07:04:38,834 [main] INFO  http.HttpServer2 (HttpServer2.java:addGlobalFilter(975)) - Added global filter 'safety' (class=org.apache.hadoop.http.HttpServer2$QuotingInputFilter)
2019-10-16 07:04:38,835 [main] INFO  http.HttpServer2 (HttpServer2.java:addFilter(948)) - Added filter static_user_filter (class=org.apache.hadoop.http.lib.StaticUserWebFilter$StaticUserFilter) to context hddsDatanode
2019-10-16 07:04:38,835 [main] INFO  http.HttpServer2 (HttpServer2.java:addFilter(958)) - Added filter static_user_filter (class=org.apache.hadoop.http.lib.StaticUserWebFilter$StaticUserFilter) to context static
2019-10-16 07:04:38,835 [main] INFO  http.HttpServer2 (HttpServer2.java:addFilter(958)) - Added filter static_user_filter (class=org.apache.hadoop.http.lib.StaticUserWebFilter$StaticUserFilter) to context logs
2019-10-16 07:04:38,836 [main] INFO  http.HttpServer2 (HttpServer2.java:bindListener(1191)) - Jetty bound to port 32965
2019-10-16 07:04:38,836 [main] INFO  server.Server (Server.java:doStart(351)) - jetty-9.3.25.v20180904, build timestamp: 2018-09-04T21:11:46Z, git hash: 3ce520221d0240229c862b122d2b06c12a625732
2019-10-16 07:04:38,837 [main] INFO  handler.ContextHandler (ContextHandler.java:doStart(781)) - Started o.e.j.s.ServletContextHandler@6222391a{/logs,file:///workdir/hadoop-ozone/ozonefs/target/log,AVAILABLE}
2019-10-16 07:04:38,838 [main] INFO  handler.ContextHandler (ContextHandler.java:doStart(781)) - Started o.e.j.s.ServletContextHandler@d2708a7{/static,jar:file:/home/user/.m2/repository/org/apache/hadoop/hadoop-hdds-container-service/0.5.0-SNAPSHOT/hadoop-hdds-container-service-0.5.0-SNAPSHOT.jar!/webapps/static,AVAILABLE}
2019-10-16 07:04:38,860 [main] INFO  handler.ContextHandler (ContextHandler.java:doStart(781)) - Started o.e.j.w.WebAppContext@3fb450d7{/,file:///tmp/jetty-0.0.0.0-32965-hddsDatanode-_-any-6115603419522998683.dir/webapp/,AVAILABLE}{/hddsDatanode}
2019-10-16 07:04:38,860 [main] INFO  server.AbstractConnector (AbstractConnector.java:doStart(278)) - Started ServerConnector@4b7ed03e{HTTP/1.1,[http/1.1]}{0.0.0.0:32965}
2019-10-16 07:04:38,861 [main] INFO  server.Server (Server.java:doStart(419)) - Started @89700ms
2019-10-16 07:04:38,861 [main] WARN  impl.MetricsSystemImpl (MetricsSystemImpl.java:register(276)) - Sink prometheus already exists!
2019-10-16 07:04:38,862 [main] INFO  server.BaseHttpServer (BaseHttpServer.java:updateConnectorAddress(215)) - HTTP server of HDDSDATANODE is listening at http://0.0.0.0:32965
2019-10-16 07:04:38,862 [main] INFO  impl.MetricsSystemImpl (MetricsSystemImpl.java:init(158)) - HddsDatanode metrics system started (again)
2019-10-16 07:04:38,865 [org.apache.hadoop.util.JvmPauseMonitor$Monitor@6214a3e3] INFO  util.JvmPauseMonitor (JvmPauseMonitor.java:run(188)) - Starting JVM pause monitor
2019-10-16 07:04:38,865 [main] INFO  ozone.HddsDatanodeService (HddsDatanodeService.java:start(184)) - HddsDatanodeService host:pr-hdds-2312-q6qzp-1535798719 ip:192.168.69.104
2019-10-16 07:04:38,866 [Datanode State Machine Thread - 0] INFO  datanode.InitDatanodeState (InitDatanodeState.java:persistContainerDatanodeDetails(140)) - DatanodeDetails is persisted to /workdir/hadoop-ozone/ozonefs/target/test-dir/MiniOzoneClusterImpl-95452fb2-cc0a-41df-83f6-d45a8763a348/datanode-1/meta/datanode.id
2019-10-16 07:04:38,872 [main] INFO  volume.HddsVolume (HddsVolume.java:<init>(176)) - Creating Volume: /workdir/hadoop-ozone/ozonefs/target/test-dir/MiniOzoneClusterImpl-95452fb2-cc0a-41df-83f6-d45a8763a348/datanode-2/data/containers/hdds of  storage type : DISK and capacity : 1482555576320
2019-10-16 07:04:38,872 [main] INFO  volume.VolumeSet (VolumeSet.java:initializeVolumeSet(170)) - Added Volume : /workdir/hadoop-ozone/ozonefs/target/test-dir/MiniOzoneClusterImpl-95452fb2-cc0a-41df-83f6-d45a8763a348/datanode-2/data/containers/hdds to VolumeSet
2019-10-16 07:04:38,873 [main] INFO  volume.ThrottledAsyncChecker (ThrottledAsyncChecker.java:schedule(141)) - Scheduling a check for /workdir/hadoop-ozone/ozonefs/target/test-dir/MiniOzoneClusterImpl-95452fb2-cc0a-41df-83f6-d45a8763a348/datanode-2/data/containers/hdds
2019-10-16 07:04:38,873 [main] INFO  volume.HddsVolumeChecker (HddsVolumeChecker.java:checkAllVolumes(204)) - Scheduled health check for volume /workdir/hadoop-ozone/ozonefs/target/test-dir/MiniOzoneClusterImpl-95452fb2-cc0a-41df-83f6-d45a8763a348/datanode-2/data/containers/hdds
2019-10-16 07:04:38,888 [main] INFO  impl.RaftServerProxy (ConfUtils.java:logGet(43)) - raft.rpc.type = GRPC (default)
2019-10-16 07:04:38,888 [main] INFO  grpc.GrpcFactory (GrpcFactory.java:checkPooledByteBufAllocatorUseCacheForAllThreads(45)) - PERFORMANCE WARNING: useCacheForAllThreads is true that may cause Netty to create a lot garbage objects and, as a result, trigger GC.
	It is recommended to disable useCacheForAllThreads by setting -Dorg.apache.ratis.thirdparty.io.netty.allocator.useCacheForAllThreads=false in command line.
2019-10-16 07:04:38,888 [main] INFO  grpc.GrpcConfigKeys$Server (ConfUtils.java:logGet(43)) - raft.grpc.server.port = 0 (default)
2019-10-16 07:04:38,888 [main] INFO  server.GrpcService (ConfUtils.java:logGet(43)) - raft.grpc.message.size.max = 33570816 (custom)
2019-10-16 07:04:38,888 [main] INFO  server.RaftServerConfigKeys (ConfUtils.java:logGet(43)) - raft.server.log.appender.buffer.byte-limit = 33554432 (custom)
2019-10-16 07:04:38,889 [main] INFO  server.GrpcService (ConfUtils.java:logGet(43)) - raft.grpc.flow.control.window = 1MB (=1048576) (default)
2019-10-16 07:04:38,889 [main] INFO  server.RaftServerConfigKeys (ConfUtils.java:logGet(43)) - raft.server.rpc.request.timeout = 3000ms (default)
2019-10-16 07:04:38,889 [main] INFO  server.RaftServerConfigKeys (ConfUtils.java:logGet(43)) - raft.server.storage.dir = [/workdir/hadoop-ozone/ozonefs/target/test-dir/MiniOzoneClusterImpl-95452fb2-cc0a-41df-83f6-d45a8763a348/datanode-2/data/ratis] (custom)
2019-10-16 07:04:38,894 [main] INFO  hdfs.DFSUtil (DFSUtil.java:httpServerTemplateForNNAndJN(1641)) - Starting Web-server for hddsDatanode at: http://0.0.0.0:0
2019-10-16 07:04:38,896 [main] INFO  server.AuthenticationFilter (AuthenticationFilter.java:constructSecretProvider(240)) - Unable to initialize FileSignerSecretProvider, falling back to use random secrets.
2019-10-16 07:04:38,897 [main] WARN  http.HttpRequestLog (HttpRequestLog.java:getRequestLog(97)) - Jetty request log can only be enabled using Log4j
2019-10-16 07:04:38,900 [main] INFO  http.HttpServer2 (HttpServer2.java:addGlobalFilter(975)) - Added global filter 'safety' (class=org.apache.hadoop.http.HttpServer2$QuotingInputFilter)
2019-10-16 07:04:38,901 [main] INFO  http.HttpServer2 (HttpServer2.java:addFilter(948)) - Added filter static_user_filter (class=org.apache.hadoop.http.lib.StaticUserWebFilter$StaticUserFilter) to context hddsDatanode
2019-10-16 07:04:38,901 [main] INFO  http.HttpServer2 (HttpServer2.java:addFilter(958)) - Added filter static_user_filter (class=org.apache.hadoop.http.lib.StaticUserWebFilter$StaticUserFilter) to context logs
2019-10-16 07:04:38,901 [main] INFO  http.HttpServer2 (HttpServer2.java:addFilter(958)) - Added filter static_user_filter (class=org.apache.hadoop.http.lib.StaticUserWebFilter$StaticUserFilter) to context static
2019-10-16 07:04:38,902 [main] INFO  http.HttpServer2 (HttpServer2.java:bindListener(1191)) - Jetty bound to port 37143
2019-10-16 07:04:38,902 [main] INFO  server.Server (Server.java:doStart(351)) - jetty-9.3.25.v20180904, build timestamp: 2018-09-04T21:11:46Z, git hash: 3ce520221d0240229c862b122d2b06c12a625732
2019-10-16 07:04:38,904 [main] INFO  handler.ContextHandler (ContextHandler.java:doStart(781)) - Started o.e.j.s.ServletContextHandler@70881123{/logs,file:///workdir/hadoop-ozone/ozonefs/target/log,AVAILABLE}
2019-10-16 07:04:38,904 [main] INFO  handler.ContextHandler (ContextHandler.java:doStart(781)) - Started o.e.j.s.ServletContextHandler@5e905f2c{/static,jar:file:/home/user/.m2/repository/org/apache/hadoop/hadoop-hdds-container-service/0.5.0-SNAPSHOT/hadoop-hdds-container-service-0.5.0-SNAPSHOT.jar!/webapps/static,AVAILABLE}
2019-10-16 07:04:38,944 [main] INFO  handler.ContextHandler (ContextHandler.java:doStart(781)) - Started o.e.j.w.WebAppContext@6d4a82{/,file:///tmp/jetty-0.0.0.0-37143-hddsDatanode-_-any-5152026901643140332.dir/webapp/,AVAILABLE}{/hddsDatanode}
2019-10-16 07:04:38,945 [main] INFO  server.AbstractConnector (AbstractConnector.java:doStart(278)) - Started ServerConnector@14f060b8{HTTP/1.1,[http/1.1]}{0.0.0.0:37143}
2019-10-16 07:04:38,946 [main] INFO  server.Server (Server.java:doStart(419)) - Started @89784ms
2019-10-16 07:04:38,946 [main] WARN  impl.MetricsSystemImpl (MetricsSystemImpl.java:register(276)) - Sink prometheus already exists!
2019-10-16 07:04:38,947 [main] INFO  server.BaseHttpServer (BaseHttpServer.java:updateConnectorAddress(215)) - HTTP server of HDDSDATANODE is listening at http://0.0.0.0:37143
2019-10-16 07:04:38,947 [main] INFO  ozone.MiniOzoneClusterImpl (MiniOzoneClusterImpl.java:lambda$waitForClusterToBeReady$0(147)) - Waiting for cluster to be ready. Got 0 of 3 DN Heartbeats.
2019-10-16 07:04:38,948 [org.apache.hadoop.util.JvmPauseMonitor$Monitor@4b9bf281] INFO  util.JvmPauseMonitor (JvmPauseMonitor.java:run(188)) - Starting JVM pause monitor
2019-10-16 07:04:38,950 [Datanode State Machine Thread - 0] INFO  datanode.InitDatanodeState (InitDatanodeState.java:persistContainerDatanodeDetails(140)) - DatanodeDetails is persisted to /workdir/hadoop-ozone/ozonefs/target/test-dir/MiniOzoneClusterImpl-95452fb2-cc0a-41df-83f6-d45a8763a348/datanode-2/meta/datanode.id
2019-10-16 07:04:39,947 [main] INFO  ozone.MiniOzoneClusterImpl (MiniOzoneClusterImpl.java:lambda$waitForClusterToBeReady$0(147)) - Waiting for cluster to be ready. Got 0 of 3 DN Heartbeats.
2019-10-16 07:04:40,814 [Datanode State Machine Thread - 0] INFO  ozoneimpl.OzoneContainer (OzoneContainer.java:start(213)) - Attempting to start container services.
2019-10-16 07:04:40,816 [Datanode State Machine Thread - 0] INFO  ozoneimpl.OzoneContainer (OzoneContainer.java:startContainerScrub(177)) - Background container scanner has been disabled.
2019-10-16 07:04:40,817 [Datanode State Machine Thread - 0] INFO  ratis.XceiverServerRatis (XceiverServerRatis.java:start(418)) - Starting XceiverServerRatis b5302d60-ac4a-4299-a5d4-a96d6362c2b9 at port 0
2019-10-16 07:04:40,825 [Datanode State Machine Thread - 0] INFO  impl.RaftServerProxy (RaftServerProxy.java:lambda$start$3(299)) - b5302d60-ac4a-4299-a5d4-a96d6362c2b9: start RPC server
2019-10-16 07:04:40,830 [Datanode State Machine Thread - 0] INFO  server.GrpcService (GrpcService.java:startImpl(158)) - b5302d60-ac4a-4299-a5d4-a96d6362c2b9: GrpcService started, listening on 0.0.0.0/0.0.0.0:35014
2019-10-16 07:04:40,830 [Datanode State Machine Thread - 0] INFO  ratis.XceiverServerRatis (XceiverServerRatis.java:start(428)) - XceiverServerRatis b5302d60-ac4a-4299-a5d4-a96d6362c2b9 is started using port 35014
2019-10-16 07:04:40,830 [Datanode State Machine Thread - 0] INFO  server.XceiverServerGrpc (XceiverServerGrpc.java:start(149)) - XceiverServerGrpc b5302d60-ac4a-4299-a5d4-a96d6362c2b9 is started using port 36025
2019-10-16 07:04:40,880 [Datanode State Machine Thread - 0] INFO  ozoneimpl.OzoneContainer (OzoneContainer.java:start(213)) - Attempting to start container services.
2019-10-16 07:04:40,881 [Datanode State Machine Thread - 0] INFO  ozoneimpl.OzoneContainer (OzoneContainer.java:startContainerScrub(177)) - Background container scanner has been disabled.
2019-10-16 07:04:40,881 [Datanode State Machine Thread - 0] INFO  ratis.XceiverServerRatis (XceiverServerRatis.java:start(418)) - Starting XceiverServerRatis d9e715d4-26a3-4aaf-ba7a-4a4b2917804f at port 0
2019-10-16 07:04:40,888 [Datanode State Machine Thread - 0] INFO  impl.RaftServerProxy (RaftServerProxy.java:lambda$start$3(299)) - d9e715d4-26a3-4aaf-ba7a-4a4b2917804f: start RPC server
2019-10-16 07:04:40,890 [Datanode State Machine Thread - 0] INFO  server.GrpcService (GrpcService.java:startImpl(158)) - d9e715d4-26a3-4aaf-ba7a-4a4b2917804f: GrpcService started, listening on 0.0.0.0/0.0.0.0:33750
2019-10-16 07:04:40,890 [Datanode State Machine Thread - 0] INFO  ratis.XceiverServerRatis (XceiverServerRatis.java:start(428)) - XceiverServerRatis d9e715d4-26a3-4aaf-ba7a-4a4b2917804f is started using port 33750
2019-10-16 07:04:40,892 [Datanode State Machine Thread - 0] INFO  server.XceiverServerGrpc (XceiverServerGrpc.java:start(149)) - XceiverServerGrpc d9e715d4-26a3-4aaf-ba7a-4a4b2917804f is started using port 33119
2019-10-16 07:04:40,948 [main] INFO  ozone.MiniOzoneClusterImpl (MiniOzoneClusterImpl.java:lambda$waitForClusterToBeReady$0(147)) - Waiting for cluster to be ready. Got 0 of 3 DN Heartbeats.
2019-10-16 07:04:40,953 [Datanode State Machine Thread - 0] INFO  ozoneimpl.OzoneContainer (OzoneContainer.java:start(213)) - Attempting to start container services.
2019-10-16 07:04:40,953 [Datanode State Machine Thread - 0] INFO  ozoneimpl.OzoneContainer (OzoneContainer.java:startContainerScrub(177)) - Background container scanner has been disabled.
2019-10-16 07:04:40,953 [Datanode State Machine Thread - 0] INFO  ratis.XceiverServerRatis (XceiverServerRatis.java:start(418)) - Starting XceiverServerRatis 4cf87072-25ee-4787-92a3-b2afc0dd8746 at port 0
2019-10-16 07:04:40,961 [Datanode State Machine Thread - 0] INFO  impl.RaftServerProxy (RaftServerProxy.java:lambda$start$3(299)) - 4cf87072-25ee-4787-92a3-b2afc0dd8746: start RPC server
2019-10-16 07:04:40,963 [Datanode State Machine Thread - 0] INFO  server.GrpcService (GrpcService.java:startImpl(158)) - 4cf87072-25ee-4787-92a3-b2afc0dd8746: GrpcService started, listening on 0.0.0.0/0.0.0.0:42085
2019-10-16 07:04:40,963 [Datanode State Machine Thread - 0] INFO  ratis.XceiverServerRatis (XceiverServerRatis.java:start(428)) - XceiverServerRatis 4cf87072-25ee-4787-92a3-b2afc0dd8746 is started using port 42085
2019-10-16 07:04:40,964 [Datanode State Machine Thread - 0] INFO  server.XceiverServerGrpc (XceiverServerGrpc.java:start(149)) - XceiverServerGrpc 4cf87072-25ee-4787-92a3-b2afc0dd8746 is started using port 42442
2019-10-16 07:04:41,949 [main] INFO  ozone.MiniOzoneClusterImpl (MiniOzoneClusterImpl.java:lambda$waitForClusterToBeReady$0(147)) - Waiting for cluster to be ready. Got 0 of 3 DN Heartbeats.
2019-10-16 07:04:42,809 [IPC Server handler 0 on 46778] INFO  net.NetworkTopology (NetworkTopologyImpl.java:add(111)) - Added a new node: /default-rack/b5302d60-ac4a-4299-a5d4-a96d6362c2b9
2019-10-16 07:04:42,811 [IPC Server handler 0 on 46778] INFO  node.SCMNodeManager (SCMNodeManager.java:register(268)) - Registered Data node : b5302d60-ac4a-4299-a5d4-a96d6362c2b9{ip: 192.168.69.104, host: pr-hdds-2312-q6qzp-1535798719, networkLocation: /default-rack, certSerialId: null}
2019-10-16 07:04:42,812 [EventQueue-NodeRegistrationContainerReportForDataNodeSafeModeRule] INFO  safemode.SCMSafeModeManager (DataNodeSafeModeRule.java:process(71)) - SCM in safe mode. 1 DataNodes registered, 1 required.
2019-10-16 07:04:42,813 [EventQueue-NodeRegistrationContainerReportForDataNodeSafeModeRule] INFO  safemode.SCMSafeModeManager (SCMSafeModeManager.java:validateSafeModeExitRules(177)) - ScmSafeModeManager, all rules are successfully validated
2019-10-16 07:04:42,813 [EventQueue-NodeRegistrationContainerReportForDataNodeSafeModeRule] INFO  safemode.SCMSafeModeManager (SCMSafeModeManager.java:exitSafeMode(193)) - SCM exiting safe mode.
2019-10-16 07:04:42,824 [grpc-default-executor-0] INFO  impl.RaftServerProxy (RaftServerProxy.java:addNew(89)) - b5302d60-ac4a-4299-a5d4-a96d6362c2b9: addNew group-34C39C4332E6:[b5302d60-ac4a-4299-a5d4-a96d6362c2b9:192.168.69.104:35014] returns group-34C39C4332E6:java.util.concurrent.CompletableFuture@27d2347e[Not completed]
2019-10-16 07:04:42,827 [pool-277-thread-1] INFO  impl.RaftServerImpl (RaftServerImpl.java:<init>(104)) - b5302d60-ac4a-4299-a5d4-a96d6362c2b9: new RaftServerImpl for group-34C39C4332E6:[b5302d60-ac4a-4299-a5d4-a96d6362c2b9:192.168.69.104:35014] with ContainerStateMachine:uninitialized
2019-10-16 07:04:42,827 [pool-277-thread-1] INFO  server.RaftServerConfigKeys (ConfUtils.java:logGet(43)) - raft.server.rpc.timeout.min = 5s (custom)
2019-10-16 07:04:42,827 [pool-277-thread-1] INFO  server.RaftServerConfigKeys (ConfUtils.java:logGet(43)) - raft.server.rpc.timeout.max = 5200ms (custom)
2019-10-16 07:04:42,827 [pool-277-thread-1] INFO  server.RaftServerConfigKeys (ConfUtils.java:logGet(43)) - raft.server.rpcslowness.timeout = 120s (custom)
2019-10-16 07:04:42,827 [pool-277-thread-1] INFO  server.RaftServerConfigKeys (ConfUtils.java:logGet(43)) - raft.server.sleep.deviation.threshold = 300 (default)
2019-10-16 07:04:42,828 [pool-277-thread-1] INFO  server.RaftServerConfigKeys (ConfUtils.java:logGet(43)) - raft.server.log.appender.install.snapshot.enabled = false (custom)
2019-10-16 07:04:42,828 [pool-277-thread-1] INFO  impl.RaftServerImpl (ServerState.java:<init>(103)) - b5302d60-ac4a-4299-a5d4-a96d6362c2b9@group-34C39C4332E6: ConfigurationManager, init=-1: [b5302d60-ac4a-4299-a5d4-a96d6362c2b9:192.168.69.104:35014], old=null, confs=<EMPTY_MAP>
2019-10-16 07:04:42,828 [pool-277-thread-1] INFO  server.RaftServerConfigKeys (ConfUtils.java:logGet(43)) - raft.server.storage.dir = [/workdir/hadoop-ozone/ozonefs/target/test-dir/MiniOzoneClusterImpl-95452fb2-cc0a-41df-83f6-d45a8763a348/datanode-0/data/ratis] (custom)
2019-10-16 07:04:42,829 [pool-277-thread-1] INFO  server.RaftServerConfigKeys (ConfUtils.java:logGet(43)) - raft.server.log.corruption.policy = EXCEPTION (default)
2019-10-16 07:04:42,829 [pool-277-thread-1] INFO  storage.RaftStorageDirectory (RaftStorageDirectory.java:analyzeStorage(246)) - The storage directory /workdir/hadoop-ozone/ozonefs/target/test-dir/MiniOzoneClusterImpl-95452fb2-cc0a-41df-83f6-d45a8763a348/datanode-0/data/ratis/81fc26d8-18cc-4eee-b07a-34c39c4332e6 does not exist. Creating ...
2019-10-16 07:04:42,843 [pool-277-thread-1] INFO  storage.RaftStorageDirectory (RaftStorageDirectory.java:tryLock(328)) - Lock on /workdir/hadoop-ozone/ozonefs/target/test-dir/MiniOzoneClusterImpl-95452fb2-cc0a-41df-83f6-d45a8763a348/datanode-0/data/ratis/81fc26d8-18cc-4eee-b07a-34c39c4332e6/in_use.lock acquired by nodename 1122@pr-hdds-2312-q6qzp-1535798719
2019-10-16 07:04:42,867 [IPC Server handler 1 on 46778] INFO  net.NetworkTopology (NetworkTopologyImpl.java:add(111)) - Added a new node: /default-rack/d9e715d4-26a3-4aaf-ba7a-4a4b2917804f
2019-10-16 07:04:42,867 [IPC Server handler 1 on 46778] INFO  node.SCMNodeManager (SCMNodeManager.java:register(268)) - Registered Data node : d9e715d4-26a3-4aaf-ba7a-4a4b2917804f{ip: 192.168.69.104, host: pr-hdds-2312-q6qzp-1535798719, networkLocation: /default-rack, certSerialId: null}
2019-10-16 07:04:42,868 [pool-277-thread-1] INFO  storage.RaftStorage (RaftStorage.java:format(84)) - Storage directory /workdir/hadoop-ozone/ozonefs/target/test-dir/MiniOzoneClusterImpl-95452fb2-cc0a-41df-83f6-d45a8763a348/datanode-0/data/ratis/81fc26d8-18cc-4eee-b07a-34c39c4332e6 has been successfully formatted.
2019-10-16 07:04:42,869 [pool-277-thread-1] INFO  ratis.ContainerStateMachine (ContainerStateMachine.java:loadSnapshot(231)) - group-34C39C4332E6: The snapshot info is null. Setting the last applied indexto:(t:0, i:~)
2019-10-16 07:04:42,869 [pool-277-thread-1] INFO  server.RaftServerConfigKeys (ConfUtils.java:logGet(43)) - raft.server.notification.no-leader.timeout = 120s (custom)
2019-10-16 07:04:42,869 [pool-277-thread-1] INFO  server.RaftServerConfigKeys (ConfUtils.java:logGet(43)) - raft.server.log.use.memory = false (default)
2019-10-16 07:04:42,869 [pool-277-thread-1] INFO  server.RaftServerConfigKeys (ConfUtils.java:logGet(43)) - raft.server.log.purge.gap = 1000000 (custom)
2019-10-16 07:04:42,869 [pool-277-thread-1] INFO  server.RaftServerConfigKeys (ConfUtils.java:logGet(43)) - raft.server.log.appender.buffer.byte-limit = 33554432 (custom)
2019-10-16 07:04:42,870 [pool-277-thread-1] INFO  server.RaftServerConfigKeys (ConfUtils.java:logGet(43)) - raft.server.log.segment.size.max = 1048576 (custom)
2019-10-16 07:04:42,872 [pool-277-thread-1] INFO  server.RaftServerConfigKeys (ConfUtils.java:logGet(43)) - raft.server.log.segment.cache.num.max = 2 (custom)
2019-10-16 07:04:42,872 [pool-277-thread-1] INFO  segmented.SegmentedRaftLogWorker (SegmentedRaftLogWorker.java:<init>(173)) - new b5302d60-ac4a-4299-a5d4-a96d6362c2b9@group-34C39C4332E6-SegmentedRaftLogWorker for RaftStorage:Storage Directory /workdir/hadoop-ozone/ozonefs/target/test-dir/MiniOzoneClusterImpl-95452fb2-cc0a-41df-83f6-d45a8763a348/datanode-0/data/ratis/81fc26d8-18cc-4eee-b07a-34c39c4332e6
2019-10-16 07:04:42,872 [pool-277-thread-1] INFO  server.RaftServerConfigKeys (ConfUtils.java:logGet(43)) - raft.server.log.queue.byte-limit = 2147483647 (custom)
2019-10-16 07:04:42,872 [pool-277-thread-1] INFO  server.RaftServerConfigKeys (ConfUtils.java:logGet(43)) - raft.server.log.queue.element-limit = 1024 (custom)
2019-10-16 07:04:42,872 [pool-277-thread-1] INFO  server.RaftServerConfigKeys (ConfUtils.java:logGet(43)) - raft.server.log.segment.size.max = 1048576 (custom)
2019-10-16 07:04:42,872 [pool-277-thread-1] INFO  server.RaftServerConfigKeys (ConfUtils.java:logGet(43)) - raft.server.log.preallocated.size = 16384 (custom)
2019-10-16 07:04:42,873 [pool-277-thread-1] INFO  server.RaftServerConfigKeys (ConfUtils.java:logGet(43)) - raft.server.log.write.buffer.size = 33554432 (custom)
2019-10-16 07:04:42,873 [pool-277-thread-1] INFO  server.RaftServerConfigKeys (ConfUtils.java:logGet(43)) - raft.server.log.force.sync.num = 128 (default)
2019-10-16 07:04:42,873 [pool-277-thread-1] INFO  server.RaftServerConfigKeys (ConfUtils.java:logGet(43)) - raft.server.log.statemachine.data.sync = true (default)
2019-10-16 07:04:42,873 [pool-277-thread-1] INFO  server.RaftServerConfigKeys (ConfUtils.java:logGet(43)) - raft.server.log.statemachine.data.sync.timeout = 10s (default)
2019-10-16 07:04:42,873 [pool-277-thread-1] INFO  server.RaftServerConfigKeys (ConfUtils.java:logGet(43)) - raft.server.log.statemachine.data.sync.timeout.retry = -1 (default)
2019-10-16 07:04:42,873 [pool-277-thread-1] INFO  server.RaftServerConfigKeys (ConfUtils.java:logGet(43)) - raft.server.log.statemachine.data.caching.enabled = true (custom)
2019-10-16 07:04:42,874 [pool-277-thread-1] INFO  segmented.SegmentedRaftLogWorker (SegmentedRaftLogWorker.java:lambda$new$0(128)) - b5302d60-ac4a-4299-a5d4-a96d6362c2b9@group-34C39C4332E6-SegmentedRaftLogWorker: flushIndex: setUnconditionally 0 -> -1
2019-10-16 07:04:42,874 [pool-277-thread-1] INFO  server.RaftServerConfigKeys (ConfUtils.java:logGet(43)) - raft.server.snapshot.auto.trigger.enabled = true (custom)
2019-10-16 07:04:42,874 [pool-277-thread-1] INFO  server.RaftServerConfigKeys (ConfUtils.java:logGet(43)) - raft.server.snapshot.auto.trigger.threshold = 10000 (custom)
2019-10-16 07:04:42,874 [pool-277-thread-1] INFO  server.RaftServerConfigKeys (ConfUtils.java:logGet(43)) - raft.server.snapshot.retention.file.num = 5 (custom)
2019-10-16 07:04:42,874 [pool-277-thread-1] INFO  server.RaftServerConfigKeys (ConfUtils.java:logGet(43)) - raft.server.retrycache.expirytime = 600000ms (custom)
2019-10-16 07:04:42,878 [pool-277-thread-1] INFO  impl.RaftServerImpl (RaftServerImpl.java:start(195)) - b5302d60-ac4a-4299-a5d4-a96d6362c2b9@group-34C39C4332E6: start as a follower, conf=-1: [b5302d60-ac4a-4299-a5d4-a96d6362c2b9:192.168.69.104:35014], old=null
2019-10-16 07:04:42,878 [pool-277-thread-1] INFO  impl.RaftServerImpl (RaftServerImpl.java:setRole(184)) - b5302d60-ac4a-4299-a5d4-a96d6362c2b9@group-34C39C4332E6: changes role from      null to FOLLOWER at term 0 for startAsFollower
2019-10-16 07:04:42,879 [pool-277-thread-1] INFO  impl.RoleInfo (RoleInfo.java:updateAndGet(143)) - b5302d60-ac4a-4299-a5d4-a96d6362c2b9: start FollowerState
2019-10-16 07:04:42,879 [pool-277-thread-1] INFO  util.JmxRegister (JmxRegister.java:tryRegister(44)) - Successfully registered JMX Bean with object name Ratis:service=RaftServer,group=group-34C39C4332E6,id=b5302d60-ac4a-4299-a5d4-a96d6362c2b9
2019-10-16 07:04:42,887 [RatisPipelineUtilsThread] INFO  pipeline.PipelineStateManager (PipelineStateManager.java:addPipeline(56)) - Created pipeline Pipeline[ Id: 81fc26d8-18cc-4eee-b07a-34c39c4332e6, Nodes: b5302d60-ac4a-4299-a5d4-a96d6362c2b9{ip: 192.168.69.104, host: pr-hdds-2312-q6qzp-1535798719, networkLocation: /default-rack, certSerialId: null}, Type:RATIS, Factor:ONE, State:OPEN]
2019-10-16 07:04:42,896 [grpc-default-executor-0] INFO  impl.RaftServerProxy (RaftServerProxy.java:addNew(89)) - d9e715d4-26a3-4aaf-ba7a-4a4b2917804f: addNew group-FB0CD607C623:[d9e715d4-26a3-4aaf-ba7a-4a4b2917804f:192.168.69.104:33750] returns group-FB0CD607C623:java.util.concurrent.CompletableFuture@713a70ac[Not completed]
2019-10-16 07:04:42,898 [pool-287-thread-1] INFO  impl.RaftServerImpl (RaftServerImpl.java:<init>(104)) - d9e715d4-26a3-4aaf-ba7a-4a4b2917804f: new RaftServerImpl for group-FB0CD607C623:[d9e715d4-26a3-4aaf-ba7a-4a4b2917804f:192.168.69.104:33750] with ContainerStateMachine:uninitialized
2019-10-16 07:04:42,898 [pool-287-thread-1] INFO  server.RaftServerConfigKeys (ConfUtils.java:logGet(43)) - raft.server.rpc.timeout.min = 5s (custom)
2019-10-16 07:04:42,898 [pool-287-thread-1] INFO  server.RaftServerConfigKeys (ConfUtils.java:logGet(43)) - raft.server.rpc.timeout.max = 5200ms (custom)
2019-10-16 07:04:42,898 [pool-287-thread-1] INFO  server.RaftServerConfigKeys (ConfUtils.java:logGet(43)) - raft.server.rpcslowness.timeout = 120s (custom)
2019-10-16 07:04:42,898 [pool-287-thread-1] INFO  server.RaftServerConfigKeys (ConfUtils.java:logGet(43)) - raft.server.sleep.deviation.threshold = 300 (default)
2019-10-16 07:04:42,898 [pool-287-thread-1] INFO  server.RaftServerConfigKeys (ConfUtils.java:logGet(43)) - raft.server.log.appender.install.snapshot.enabled = false (custom)
2019-10-16 07:04:42,899 [pool-287-thread-1] INFO  impl.RaftServerImpl (ServerState.java:<init>(103)) - d9e715d4-26a3-4aaf-ba7a-4a4b2917804f@group-FB0CD607C623: ConfigurationManager, init=-1: [d9e715d4-26a3-4aaf-ba7a-4a4b2917804f:192.168.69.104:33750], old=null, confs=<EMPTY_MAP>
2019-10-16 07:04:42,899 [pool-287-thread-1] INFO  server.RaftServerConfigKeys (ConfUtils.java:logGet(43)) - raft.server.storage.dir = [/workdir/hadoop-ozone/ozonefs/target/test-dir/MiniOzoneClusterImpl-95452fb2-cc0a-41df-83f6-d45a8763a348/datanode-1/data/ratis] (custom)
2019-10-16 07:04:42,899 [pool-287-thread-1] INFO  server.RaftServerConfigKeys (ConfUtils.java:logGet(43)) - raft.server.log.corruption.policy = EXCEPTION (default)
2019-10-16 07:04:42,899 [pool-287-thread-1] INFO  storage.RaftStorageDirectory (RaftStorageDirectory.java:analyzeStorage(246)) - The storage directory /workdir/hadoop-ozone/ozonefs/target/test-dir/MiniOzoneClusterImpl-95452fb2-cc0a-41df-83f6-d45a8763a348/datanode-1/data/ratis/c40ccc89-029b-4282-a3c9-fb0cd607c623 does not exist. Creating ...
2019-10-16 07:04:42,925 [pool-287-thread-1] INFO  storage.RaftStorageDirectory (RaftStorageDirectory.java:tryLock(328)) - Lock on /workdir/hadoop-ozone/ozonefs/target/test-dir/MiniOzoneClusterImpl-95452fb2-cc0a-41df-83f6-d45a8763a348/datanode-1/data/ratis/c40ccc89-029b-4282-a3c9-fb0cd607c623/in_use.lock acquired by nodename 1122@pr-hdds-2312-q6qzp-1535798719
2019-10-16 07:04:42,949 [IPC Server handler 2 on 46778] INFO  net.NetworkTopology (NetworkTopologyImpl.java:add(111)) - Added a new node: /default-rack/4cf87072-25ee-4787-92a3-b2afc0dd8746
2019-10-16 07:04:42,949 [IPC Server handler 2 on 46778] INFO  node.SCMNodeManager (SCMNodeManager.java:register(268)) - Registered Data node : 4cf87072-25ee-4787-92a3-b2afc0dd8746{ip: 192.168.69.104, host: pr-hdds-2312-q6qzp-1535798719, networkLocation: /default-rack, certSerialId: null}
2019-10-16 07:04:42,949 [main] INFO  ozone.MiniOzoneClusterImpl (MiniOzoneClusterImpl.java:lambda$waitForClusterToBeReady$0(147)) - Cluster is ready. Got 3 of 3 DN Heartbeats.
2019-10-16 07:04:42,951 [pool-287-thread-1] INFO  storage.RaftStorage (RaftStorage.java:format(84)) - Storage directory /workdir/hadoop-ozone/ozonefs/target/test-dir/MiniOzoneClusterImpl-95452fb2-cc0a-41df-83f6-d45a8763a348/datanode-1/data/ratis/c40ccc89-029b-4282-a3c9-fb0cd607c623 has been successfully formatted.
2019-10-16 07:04:42,952 [pool-287-thread-1] INFO  ratis.ContainerStateMachine (ContainerStateMachine.java:loadSnapshot(231)) - group-FB0CD607C623: The snapshot info is null. Setting the last applied indexto:(t:0, i:~)
2019-10-16 07:04:42,954 [pool-287-thread-1] INFO  server.RaftServerConfigKeys (ConfUtils.java:logGet(43)) - raft.server.notification.no-leader.timeout = 120s (custom)
2019-10-16 07:04:42,956 [pool-287-thread-1] INFO  server.RaftServerConfigKeys (ConfUtils.java:logGet(43)) - raft.server.log.use.memory = false (default)
2019-10-16 07:04:42,956 [pool-287-thread-1] INFO  server.RaftServerConfigKeys (ConfUtils.java:logGet(43)) - raft.server.log.purge.gap = 1000000 (custom)
2019-10-16 07:04:42,956 [pool-287-thread-1] INFO  server.RaftServerConfigKeys (ConfUtils.java:logGet(43)) - raft.server.log.appender.buffer.byte-limit = 33554432 (custom)
2019-10-16 07:04:42,956 [pool-287-thread-1] INFO  server.RaftServerConfigKeys (ConfUtils.java:logGet(43)) - raft.server.log.segment.size.max = 1048576 (custom)
2019-10-16 07:04:42,960 [pool-287-thread-1] INFO  server.RaftServerConfigKeys (ConfUtils.java:logGet(43)) - raft.server.log.segment.cache.num.max = 2 (custom)
2019-10-16 07:04:42,960 [pool-287-thread-1] INFO  segmented.SegmentedRaftLogWorker (SegmentedRaftLogWorker.java:<init>(173)) - new d9e715d4-26a3-4aaf-ba7a-4a4b2917804f@group-FB0CD607C623-SegmentedRaftLogWorker for RaftStorage:Storage Directory /workdir/hadoop-ozone/ozonefs/target/test-dir/MiniOzoneClusterImpl-95452fb2-cc0a-41df-83f6-d45a8763a348/datanode-1/data/ratis/c40ccc89-029b-4282-a3c9-fb0cd607c623
2019-10-16 07:04:42,960 [pool-287-thread-1] INFO  server.RaftServerConfigKeys (ConfUtils.java:logGet(43)) - raft.server.log.queue.byte-limit = 2147483647 (custom)
2019-10-16 07:04:42,961 [pool-287-thread-1] INFO  server.RaftServerConfigKeys (ConfUtils.java:logGet(43)) - raft.server.log.queue.element-limit = 1024 (custom)
2019-10-16 07:04:42,961 [pool-287-thread-1] INFO  server.RaftServerConfigKeys (ConfUtils.java:logGet(43)) - raft.server.log.segment.size.max = 1048576 (custom)
2019-10-16 07:04:42,961 [pool-287-thread-1] INFO  server.RaftServerConfigKeys (ConfUtils.java:logGet(43)) - raft.server.log.preallocated.size = 16384 (custom)
2019-10-16 07:04:42,961 [pool-287-thread-1] INFO  server.RaftServerConfigKeys (ConfUtils.java:logGet(43)) - raft.server.log.write.buffer.size = 33554432 (custom)
2019-10-16 07:04:42,962 [pool-287-thread-1] INFO  server.RaftServerConfigKeys (ConfUtils.java:logGet(43)) - raft.server.log.force.sync.num = 128 (default)
2019-10-16 07:04:42,967 [pool-287-thread-1] INFO  server.RaftServerConfigKeys (ConfUtils.java:logGet(43)) - raft.server.log.statemachine.data.sync = true (default)
2019-10-16 07:04:42,968 [pool-287-thread-1] INFO  server.RaftServerConfigKeys (ConfUtils.java:logGet(43)) - raft.server.log.statemachine.data.sync.timeout = 10s (default)
2019-10-16 07:04:42,968 [pool-287-thread-1] INFO  server.RaftServerConfigKeys (ConfUtils.java:logGet(43)) - raft.server.log.statemachine.data.sync.timeout.retry = -1 (default)
2019-10-16 07:04:42,969 [pool-287-thread-1] INFO  server.RaftServerConfigKeys (ConfUtils.java:logGet(43)) - raft.server.log.statemachine.data.caching.enabled = true (custom)
2019-10-16 07:04:42,969 [pool-287-thread-1] INFO  segmented.SegmentedRaftLogWorker (SegmentedRaftLogWorker.java:lambda$new$0(128)) - d9e715d4-26a3-4aaf-ba7a-4a4b2917804f@group-FB0CD607C623-SegmentedRaftLogWorker: flushIndex: setUnconditionally 0 -> -1
2019-10-16 07:04:42,969 [pool-287-thread-1] INFO  server.RaftServerConfigKeys (ConfUtils.java:logGet(43)) - raft.server.snapshot.auto.trigger.enabled = true (custom)
2019-10-16 07:04:42,969 [pool-287-thread-1] INFO  server.RaftServerConfigKeys (ConfUtils.java:logGet(43)) - raft.server.snapshot.auto.trigger.threshold = 10000 (custom)
2019-10-16 07:04:42,969 [pool-287-thread-1] INFO  server.RaftServerConfigKeys (ConfUtils.java:logGet(43)) - raft.server.snapshot.retention.file.num = 5 (custom)
2019-10-16 07:04:42,970 [pool-287-thread-1] INFO  server.RaftServerConfigKeys (ConfUtils.java:logGet(43)) - raft.server.retrycache.expirytime = 600000ms (custom)
2019-10-16 07:04:42,974 [pool-287-thread-1] INFO  impl.RaftServerImpl (RaftServerImpl.java:start(195)) - d9e715d4-26a3-4aaf-ba7a-4a4b2917804f@group-FB0CD607C623: start as a follower, conf=-1: [d9e715d4-26a3-4aaf-ba7a-4a4b2917804f:192.168.69.104:33750], old=null
2019-10-16 07:04:42,974 [pool-287-thread-1] INFO  impl.RaftServerImpl (RaftServerImpl.java:setRole(184)) - d9e715d4-26a3-4aaf-ba7a-4a4b2917804f@group-FB0CD607C623: changes role from      null to FOLLOWER at term 0 for startAsFollower
2019-10-16 07:04:42,975 [pool-287-thread-1] INFO  impl.RoleInfo (RoleInfo.java:updateAndGet(143)) - d9e715d4-26a3-4aaf-ba7a-4a4b2917804f: start FollowerState
2019-10-16 07:04:42,975 [pool-287-thread-1] INFO  util.JmxRegister (JmxRegister.java:tryRegister(44)) - Successfully registered JMX Bean with object name Ratis:service=RaftServer,group=group-FB0CD607C623,id=d9e715d4-26a3-4aaf-ba7a-4a4b2917804f
2019-10-16 07:04:42,980 [RatisPipelineUtilsThread] INFO  pipeline.PipelineStateManager (PipelineStateManager.java:addPipeline(56)) - Created pipeline Pipeline[ Id: c40ccc89-029b-4282-a3c9-fb0cd607c623, Nodes: d9e715d4-26a3-4aaf-ba7a-4a4b2917804f{ip: 192.168.69.104, host: pr-hdds-2312-q6qzp-1535798719, networkLocation: /default-rack, certSerialId: null}, Type:RATIS, Factor:ONE, State:OPEN]
2019-10-16 07:04:42,989 [grpc-default-executor-0] INFO  impl.RaftServerProxy (RaftServerProxy.java:addNew(89)) - 4cf87072-25ee-4787-92a3-b2afc0dd8746: addNew group-4ED696EA3CCB:[4cf87072-25ee-4787-92a3-b2afc0dd8746:192.168.69.104:42085] returns group-4ED696EA3CCB:java.util.concurrent.CompletableFuture@48232cf8[Not completed]
2019-10-16 07:04:42,993 [pool-297-thread-1] INFO  impl.RaftServerImpl (RaftServerImpl.java:<init>(104)) - 4cf87072-25ee-4787-92a3-b2afc0dd8746: new RaftServerImpl for group-4ED696EA3CCB:[4cf87072-25ee-4787-92a3-b2afc0dd8746:192.168.69.104:42085] with ContainerStateMachine:uninitialized
2019-10-16 07:04:42,993 [pool-297-thread-1] INFO  server.RaftServerConfigKeys (ConfUtils.java:logGet(43)) - raft.server.rpc.timeout.min = 5s (custom)
2019-10-16 07:04:42,993 [pool-297-thread-1] INFO  server.RaftServerConfigKeys (ConfUtils.java:logGet(43)) - raft.server.rpc.timeout.max = 5200ms (custom)
2019-10-16 07:04:42,993 [pool-297-thread-1] INFO  server.RaftServerConfigKeys (ConfUtils.java:logGet(43)) - raft.server.rpcslowness.timeout = 120s (custom)
2019-10-16 07:04:42,993 [pool-297-thread-1] INFO  server.RaftServerConfigKeys (ConfUtils.java:logGet(43)) - raft.server.sleep.deviation.threshold = 300 (default)
2019-10-16 07:04:42,994 [pool-297-thread-1] INFO  server.RaftServerConfigKeys (ConfUtils.java:logGet(43)) - raft.server.log.appender.install.snapshot.enabled = false (custom)
2019-10-16 07:04:42,994 [pool-297-thread-1] INFO  impl.RaftServerImpl (ServerState.java:<init>(103)) - 4cf87072-25ee-4787-92a3-b2afc0dd8746@group-4ED696EA3CCB: ConfigurationManager, init=-1: [4cf87072-25ee-4787-92a3-b2afc0dd8746:192.168.69.104:42085], old=null, confs=<EMPTY_MAP>
2019-10-16 07:04:42,994 [pool-297-thread-1] INFO  server.RaftServerConfigKeys (ConfUtils.java:logGet(43)) - raft.server.storage.dir = [/workdir/hadoop-ozone/ozonefs/target/test-dir/MiniOzoneClusterImpl-95452fb2-cc0a-41df-83f6-d45a8763a348/datanode-2/data/ratis] (custom)
2019-10-16 07:04:42,994 [pool-297-thread-1] INFO  server.RaftServerConfigKeys (ConfUtils.java:logGet(43)) - raft.server.log.corruption.policy = EXCEPTION (default)
2019-10-16 07:04:42,995 [pool-297-thread-1] INFO  storage.RaftStorageDirectory (RaftStorageDirectory.java:analyzeStorage(246)) - The storage directory /workdir/hadoop-ozone/ozonefs/target/test-dir/MiniOzoneClusterImpl-95452fb2-cc0a-41df-83f6-d45a8763a348/datanode-2/data/ratis/5f6a2734-424c-4ef8-95f7-4ed696ea3ccb does not exist. Creating ...
2019-10-16 07:04:42,996 [main] INFO  rpc.RpcClient (RpcClient.java:createVolume(272)) - Creating Volume: mwffqszrhu, with user36541 as owner.
2019-10-16 07:04:42,999 [IPC Server handler 0 on 44727] INFO  volume.OMVolumeCreateRequest (OMVolumeCreateRequest.java:validateAndUpdateCache(193)) - created volume:mwffqszrhu for user:user36541
2019-10-16 07:04:43,000 [Thread-2241] INFO  impl.FollowerState (FollowerState.java:run(108)) - b5302d60-ac4a-4299-a5d4-a96d6362c2b9@group-34C39C4332E6-FollowerState: change to CANDIDATE, lastRpcTime:121ms, electionTimeout:121ms
2019-10-16 07:04:43,000 [Thread-2241] INFO  impl.RoleInfo (RoleInfo.java:shutdownFollowerState(121)) - b5302d60-ac4a-4299-a5d4-a96d6362c2b9: shutdown FollowerState
2019-10-16 07:04:43,001 [Thread-2241] INFO  impl.RaftServerImpl (RaftServerImpl.java:setRole(184)) - b5302d60-ac4a-4299-a5d4-a96d6362c2b9@group-34C39C4332E6: changes role from  FOLLOWER to CANDIDATE at term 0 for changeToCandidate
2019-10-16 07:04:43,001 [Thread-2241] INFO  impl.RoleInfo (RoleInfo.java:updateAndGet(143)) - b5302d60-ac4a-4299-a5d4-a96d6362c2b9: start LeaderElection
2019-10-16 07:04:43,010 [main] INFO  rpc.RpcClient (RpcClient.java:createBucket(411)) - Creating Bucket: mwffqszrhu/sdzkkzfjxw, with Versioning false and Storage Type set to DISK and Encryption set to false 
2019-10-16 07:04:43,011 [pool-297-thread-1] INFO  storage.RaftStorageDirectory (RaftStorageDirectory.java:tryLock(328)) - Lock on /workdir/hadoop-ozone/ozonefs/target/test-dir/MiniOzoneClusterImpl-95452fb2-cc0a-41df-83f6-d45a8763a348/datanode-2/data/ratis/5f6a2734-424c-4ef8-95f7-4ed696ea3ccb/in_use.lock acquired by nodename 1122@pr-hdds-2312-q6qzp-1535798719
2019-10-16 07:04:43,012 [b5302d60-ac4a-4299-a5d4-a96d6362c2b9@group-34C39C4332E6-LeaderElection195] INFO  impl.LeaderElection (LeaderElection.java:askForVotes(178)) - b5302d60-ac4a-4299-a5d4-a96d6362c2b9@group-34C39C4332E6-LeaderElection195: begin an election at term 1 for -1: [b5302d60-ac4a-4299-a5d4-a96d6362c2b9:192.168.69.104:35014], old=null
2019-10-16 07:04:43,012 [b5302d60-ac4a-4299-a5d4-a96d6362c2b9@group-34C39C4332E6-LeaderElection195] INFO  impl.RoleInfo (RoleInfo.java:shutdownLeaderElection(134)) - b5302d60-ac4a-4299-a5d4-a96d6362c2b9: shutdown LeaderElection
2019-10-16 07:04:43,012 [b5302d60-ac4a-4299-a5d4-a96d6362c2b9@group-34C39C4332E6-LeaderElection195] INFO  impl.RaftServerImpl (RaftServerImpl.java:setRole(184)) - b5302d60-ac4a-4299-a5d4-a96d6362c2b9@group-34C39C4332E6: changes role from CANDIDATE to LEADER at term 1 for changeToLeader
2019-10-16 07:04:43,012 [b5302d60-ac4a-4299-a5d4-a96d6362c2b9@group-34C39C4332E6-LeaderElection195] INFO  impl.RaftServerImpl (ServerState.java:setLeader(256)) - b5302d60-ac4a-4299-a5d4-a96d6362c2b9@group-34C39C4332E6: change Leader from null to b5302d60-ac4a-4299-a5d4-a96d6362c2b9 at term 1 for becomeLeader, leader elected after 143ms
2019-10-16 07:04:43,012 [b5302d60-ac4a-4299-a5d4-a96d6362c2b9@group-34C39C4332E6-LeaderElection195] INFO  server.RaftServerConfigKeys (ConfUtils.java:logGet(43)) - raft.server.staging.catchup.gap = 1000 (default)
2019-10-16 07:04:43,012 [b5302d60-ac4a-4299-a5d4-a96d6362c2b9@group-34C39C4332E6-LeaderElection195] INFO  server.RaftServerConfigKeys (ConfUtils.java:logGet(43)) - raft.server.rpc.sleep.time = 25ms (default)
2019-10-16 07:04:43,013 [b5302d60-ac4a-4299-a5d4-a96d6362c2b9@group-34C39C4332E6-LeaderElection195] INFO  server.RaftServerConfigKeys (ConfUtils.java:logGet(43)) - raft.server.write.element-limit = 4096 (default)
2019-10-16 07:04:43,013 [b5302d60-ac4a-4299-a5d4-a96d6362c2b9@group-34C39C4332E6-LeaderElection195] INFO  server.RaftServerConfigKeys (ConfUtils.java:logGet(43)) - raft.server.watch.timeout = 10s (default)
2019-10-16 07:04:43,013 [b5302d60-ac4a-4299-a5d4-a96d6362c2b9@group-34C39C4332E6-LeaderElection195] INFO  server.RaftServerConfigKeys (ConfUtils.java:logGet(43)) - raft.server.watch.timeout.denomination = 1s (default)
2019-10-16 07:04:43,013 [b5302d60-ac4a-4299-a5d4-a96d6362c2b9@group-34C39C4332E6-LeaderElection195] INFO  server.RaftServerConfigKeys (ConfUtils.java:logGet(43)) - raft.server.watch.element-limit = 65536 (default)
2019-10-16 07:04:43,015 [b5302d60-ac4a-4299-a5d4-a96d6362c2b9@group-34C39C4332E6-LeaderElection195] INFO  impl.RoleInfo (RoleInfo.java:updateAndGet(143)) - b5302d60-ac4a-4299-a5d4-a96d6362c2b9: start LeaderState
2019-10-16 07:04:43,015 [b5302d60-ac4a-4299-a5d4-a96d6362c2b9@group-34C39C4332E6-LeaderElection195] INFO  segmented.SegmentedRaftLogWorker (SegmentedRaftLogWorker.java:startLogSegment(385)) - b5302d60-ac4a-4299-a5d4-a96d6362c2b9@group-34C39C4332E6-SegmentedRaftLogWorker: Starting segment from index:0
2019-10-16 07:04:43,016 [pool-297-thread-1] INFO  storage.RaftStorage (RaftStorage.java:format(84)) - Storage directory /workdir/hadoop-ozone/ozonefs/target/test-dir/MiniOzoneClusterImpl-95452fb2-cc0a-41df-83f6-d45a8763a348/datanode-2/data/ratis/5f6a2734-424c-4ef8-95f7-4ed696ea3ccb has been successfully formatted.
2019-10-16 07:04:43,016 [pool-297-thread-1] INFO  ratis.ContainerStateMachine (ContainerStateMachine.java:loadSnapshot(231)) - group-4ED696EA3CCB: The snapshot info is null. Setting the last applied indexto:(t:0, i:~)
2019-10-16 07:04:43,016 [pool-297-thread-1] INFO  server.RaftServerConfigKeys (ConfUtils.java:logGet(43)) - raft.server.notification.no-leader.timeout = 120s (custom)
2019-10-16 07:04:43,016 [b5302d60-ac4a-4299-a5d4-a96d6362c2b9@group-34C39C4332E6-LeaderElection195] INFO  impl.RaftServerImpl (ServerState.java:setRaftConf(357)) - b5302d60-ac4a-4299-a5d4-a96d6362c2b9@group-34C39C4332E6: set configuration 0: [b5302d60-ac4a-4299-a5d4-a96d6362c2b9:192.168.69.104:35014], old=null at 0
2019-10-16 07:04:43,016 [pool-297-thread-1] INFO  server.RaftServerConfigKeys (ConfUtils.java:logGet(43)) - raft.server.log.use.memory = false (default)
2019-10-16 07:04:43,017 [pool-297-thread-1] INFO  server.RaftServerConfigKeys (ConfUtils.java:logGet(43)) - raft.server.log.purge.gap = 1000000 (custom)
2019-10-16 07:04:43,017 [pool-297-thread-1] INFO  server.RaftServerConfigKeys (ConfUtils.java:logGet(43)) - raft.server.log.appender.buffer.byte-limit = 33554432 (custom)
2019-10-16 07:04:43,017 [pool-297-thread-1] INFO  server.RaftServerConfigKeys (ConfUtils.java:logGet(43)) - raft.server.log.segment.size.max = 1048576 (custom)
2019-10-16 07:04:43,019 [pool-297-thread-1] INFO  server.RaftServerConfigKeys (ConfUtils.java:logGet(43)) - raft.server.log.segment.cache.num.max = 2 (custom)
2019-10-16 07:04:43,019 [pool-297-thread-1] INFO  segmented.SegmentedRaftLogWorker (SegmentedRaftLogWorker.java:<init>(173)) - new 4cf87072-25ee-4787-92a3-b2afc0dd8746@group-4ED696EA3CCB-SegmentedRaftLogWorker for RaftStorage:Storage Directory /workdir/hadoop-ozone/ozonefs/target/test-dir/MiniOzoneClusterImpl-95452fb2-cc0a-41df-83f6-d45a8763a348/datanode-2/data/ratis/5f6a2734-424c-4ef8-95f7-4ed696ea3ccb
2019-10-16 07:04:43,019 [pool-297-thread-1] INFO  server.RaftServerConfigKeys (ConfUtils.java:logGet(43)) - raft.server.log.queue.byte-limit = 2147483647 (custom)
2019-10-16 07:04:43,019 [pool-297-thread-1] INFO  server.RaftServerConfigKeys (ConfUtils.java:logGet(43)) - raft.server.log.queue.element-limit = 1024 (custom)
2019-10-16 07:04:43,019 [pool-297-thread-1] INFO  server.RaftServerConfigKeys (ConfUtils.java:logGet(43)) - raft.server.log.segment.size.max = 1048576 (custom)
2019-10-16 07:04:43,019 [pool-297-thread-1] INFO  server.RaftServerConfigKeys (ConfUtils.java:logGet(43)) - raft.server.log.preallocated.size = 16384 (custom)
2019-10-16 07:04:43,020 [pool-297-thread-1] INFO  server.RaftServerConfigKeys (ConfUtils.java:logGet(43)) - raft.server.log.write.buffer.size = 33554432 (custom)
2019-10-16 07:04:43,020 [pool-297-thread-1] INFO  server.RaftServerConfigKeys (ConfUtils.java:logGet(43)) - raft.server.log.force.sync.num = 128 (default)
2019-10-16 07:04:43,020 [pool-297-thread-1] INFO  server.RaftServerConfigKeys (ConfUtils.java:logGet(43)) - raft.server.log.statemachine.data.sync = true (default)
2019-10-16 07:04:43,020 [pool-297-thread-1] INFO  server.RaftServerConfigKeys (ConfUtils.java:logGet(43)) - raft.server.log.statemachine.data.sync.timeout = 10s (default)
2019-10-16 07:04:43,020 [pool-297-thread-1] INFO  server.RaftServerConfigKeys (ConfUtils.java:logGet(43)) - raft.server.log.statemachine.data.sync.timeout.retry = -1 (default)
2019-10-16 07:04:43,020 [pool-297-thread-1] INFO  server.RaftServerConfigKeys (ConfUtils.java:logGet(43)) - raft.server.log.statemachine.data.caching.enabled = true (custom)
2019-10-16 07:04:43,021 [pool-297-thread-1] INFO  segmented.SegmentedRaftLogWorker (SegmentedRaftLogWorker.java:lambda$new$0(128)) - 4cf87072-25ee-4787-92a3-b2afc0dd8746@group-4ED696EA3CCB-SegmentedRaftLogWorker: flushIndex: setUnconditionally 0 -> -1
2019-10-16 07:04:43,021 [pool-297-thread-1] INFO  server.RaftServerConfigKeys (ConfUtils.java:logGet(43)) - raft.server.snapshot.auto.trigger.enabled = true (custom)
2019-10-16 07:04:43,021 [pool-297-thread-1] INFO  server.RaftServerConfigKeys (ConfUtils.java:logGet(43)) - raft.server.snapshot.auto.trigger.threshold = 10000 (custom)
2019-10-16 07:04:43,021 [pool-297-thread-1] INFO  server.RaftServerConfigKeys (ConfUtils.java:logGet(43)) - raft.server.snapshot.retention.file.num = 5 (custom)
2019-10-16 07:04:43,021 [pool-297-thread-1] INFO  server.RaftServerConfigKeys (ConfUtils.java:logGet(43)) - raft.server.retrycache.expirytime = 600000ms (custom)
2019-10-16 07:04:43,025 [pool-297-thread-1] INFO  impl.RaftServerImpl (RaftServerImpl.java:start(195)) - 4cf87072-25ee-4787-92a3-b2afc0dd8746@group-4ED696EA3CCB: start as a follower, conf=-1: [4cf87072-25ee-4787-92a3-b2afc0dd8746:192.168.69.104:42085], old=null
2019-10-16 07:04:43,025 [pool-297-thread-1] INFO  impl.RaftServerImpl (RaftServerImpl.java:setRole(184)) - 4cf87072-25ee-4787-92a3-b2afc0dd8746@group-4ED696EA3CCB: changes role from      null to FOLLOWER at term 0 for startAsFollower
2019-10-16 07:04:43,025 [pool-297-thread-1] INFO  impl.RoleInfo (RoleInfo.java:updateAndGet(143)) - 4cf87072-25ee-4787-92a3-b2afc0dd8746: start FollowerState
2019-10-16 07:04:43,025 [pool-297-thread-1] INFO  util.JmxRegister (JmxRegister.java:tryRegister(44)) - Successfully registered JMX Bean with object name Ratis:service=RaftServer,group=group-4ED696EA3CCB,id=4cf87072-25ee-4787-92a3-b2afc0dd8746
2019-10-16 07:04:43,052 [RatisPipelineUtilsThread] INFO  pipeline.PipelineStateManager (PipelineStateManager.java:addPipeline(56)) - Created pipeline Pipeline[ Id: 5f6a2734-424c-4ef8-95f7-4ed696ea3ccb, Nodes: 4cf87072-25ee-4787-92a3-b2afc0dd8746{ip: 192.168.69.104, host: pr-hdds-2312-q6qzp-1535798719, networkLocation: /default-rack, certSerialId: null}, Type:RATIS, Factor:ONE, State:OPEN]
2019-10-16 07:04:43,057 [b5302d60-ac4a-4299-a5d4-a96d6362c2b9@group-34C39C4332E6-SegmentedRaftLogWorker] INFO  segmented.SegmentedRaftLogWorker (SegmentedRaftLogWorker.java:execute(576)) - b5302d60-ac4a-4299-a5d4-a96d6362c2b9@group-34C39C4332E6-SegmentedRaftLogWorker: created new log segment /workdir/hadoop-ozone/ozonefs/target/test-dir/MiniOzoneClusterImpl-95452fb2-cc0a-41df-83f6-d45a8763a348/datanode-0/data/ratis/81fc26d8-18cc-4eee-b07a-34c39c4332e6/current/log_inprogress_0
2019-10-16 07:04:43,064 [grpc-default-executor-2] INFO  impl.RaftServerProxy (RaftServerProxy.java:addNew(89)) - d9e715d4-26a3-4aaf-ba7a-4a4b2917804f: addNew group-4E02754E8B28:[d9e715d4-26a3-4aaf-ba7a-4a4b2917804f:192.168.69.104:33750, 4cf87072-25ee-4787-92a3-b2afc0dd8746:192.168.69.104:42085, b5302d60-ac4a-4299-a5d4-a96d6362c2b9:192.168.69.104:35014] returns group-4E02754E8B28:java.util.concurrent.CompletableFuture@72a0ec4f[Not completed]
2019-10-16 07:04:43,064 [grpc-default-executor-1] INFO  impl.RaftServerProxy (RaftServerProxy.java:addNew(89)) - 4cf87072-25ee-4787-92a3-b2afc0dd8746: addNew group-4E02754E8B28:[d9e715d4-26a3-4aaf-ba7a-4a4b2917804f:192.168.69.104:33750, 4cf87072-25ee-4787-92a3-b2afc0dd8746:192.168.69.104:42085, b5302d60-ac4a-4299-a5d4-a96d6362c2b9:192.168.69.104:35014] returns group-4E02754E8B28:java.util.concurrent.CompletableFuture@4899097d[Not completed]
2019-10-16 07:04:43,064 [grpc-default-executor-0] INFO  impl.RaftServerProxy (RaftServerProxy.java:addNew(89)) - b5302d60-ac4a-4299-a5d4-a96d6362c2b9: addNew group-4E02754E8B28:[d9e715d4-26a3-4aaf-ba7a-4a4b2917804f:192.168.69.104:33750, 4cf87072-25ee-4787-92a3-b2afc0dd8746:192.168.69.104:42085, b5302d60-ac4a-4299-a5d4-a96d6362c2b9:192.168.69.104:35014] returns group-4E02754E8B28:java.util.concurrent.CompletableFuture@43b37075[Not completed]
2019-10-16 07:04:43,066 [pool-297-thread-1] INFO  impl.RaftServerImpl (RaftServerImpl.java:<init>(104)) - 4cf87072-25ee-4787-92a3-b2afc0dd8746: new RaftServerImpl for group-4E02754E8B28:[d9e715d4-26a3-4aaf-ba7a-4a4b2917804f:192.168.69.104:33750, 4cf87072-25ee-4787-92a3-b2afc0dd8746:192.168.69.104:42085, b5302d60-ac4a-4299-a5d4-a96d6362c2b9:192.168.69.104:35014] with ContainerStateMachine:uninitialized
2019-10-16 07:04:43,066 [pool-297-thread-1] INFO  server.RaftServerConfigKeys (ConfUtils.java:logGet(43)) - raft.server.rpc.timeout.min = 5s (custom)
2019-10-16 07:04:43,066 [pool-297-thread-1] INFO  server.RaftServerConfigKeys (ConfUtils.java:logGet(43)) - raft.server.rpc.timeout.max = 5200ms (custom)
2019-10-16 07:04:43,066 [pool-297-thread-1] INFO  server.RaftServerConfigKeys (ConfUtils.java:logGet(43)) - raft.server.rpcslowness.timeout = 120s (custom)
2019-10-16 07:04:43,066 [pool-297-thread-1] INFO  server.RaftServerConfigKeys (ConfUtils.java:logGet(43)) - raft.server.sleep.deviation.threshold = 300 (default)
2019-10-16 07:04:43,066 [pool-297-thread-1] INFO  server.RaftServerConfigKeys (ConfUtils.java:logGet(43)) - raft.server.log.appender.install.snapshot.enabled = false (custom)
2019-10-16 07:04:43,066 [pool-297-thread-1] INFO  impl.RaftServerImpl (ServerState.java:<init>(103)) - 4cf87072-25ee-4787-92a3-b2afc0dd8746@group-4E02754E8B28: ConfigurationManager, init=-1: [d9e715d4-26a3-4aaf-ba7a-4a4b2917804f:192.168.69.104:33750, 4cf87072-25ee-4787-92a3-b2afc0dd8746:192.168.69.104:42085, b5302d60-ac4a-4299-a5d4-a96d6362c2b9:192.168.69.104:35014], old=null, confs=<EMPTY_MAP>
2019-10-16 07:04:43,066 [pool-297-thread-1] INFO  server.RaftServerConfigKeys (ConfUtils.java:logGet(43)) - raft.server.storage.dir = [/workdir/hadoop-ozone/ozonefs/target/test-dir/MiniOzoneClusterImpl-95452fb2-cc0a-41df-83f6-d45a8763a348/datanode-2/data/ratis] (custom)
2019-10-16 07:04:43,067 [pool-287-thread-1] INFO  impl.RaftServerImpl (RaftServerImpl.java:<init>(104)) - d9e715d4-26a3-4aaf-ba7a-4a4b2917804f: new RaftServerImpl for group-4E02754E8B28:[d9e715d4-26a3-4aaf-ba7a-4a4b2917804f:192.168.69.104:33750, 4cf87072-25ee-4787-92a3-b2afc0dd8746:192.168.69.104:42085, b5302d60-ac4a-4299-a5d4-a96d6362c2b9:192.168.69.104:35014] with ContainerStateMachine:uninitialized
2019-10-16 07:04:43,067 [pool-297-thread-1] INFO  server.RaftServerConfigKeys (ConfUtils.java:logGet(43)) - raft.server.log.corruption.policy = EXCEPTION (default)
2019-10-16 07:04:43,067 [pool-287-thread-1] INFO  server.RaftServerConfigKeys (ConfUtils.java:logGet(43)) - raft.server.rpc.timeout.min = 5s (custom)
2019-10-16 07:04:43,067 [pool-297-thread-1] INFO  storage.RaftStorageDirectory (RaftStorageDirectory.java:analyzeStorage(246)) - The storage directory /workdir/hadoop-ozone/ozonefs/target/test-dir/MiniOzoneClusterImpl-95452fb2-cc0a-41df-83f6-d45a8763a348/datanode-2/data/ratis/d9e8360e-d05c-425b-8364-4e02754e8b28 does not exist. Creating ...
2019-10-16 07:04:43,067 [pool-287-thread-1] INFO  server.RaftServerConfigKeys (ConfUtils.java:logGet(43)) - raft.server.rpc.timeout.max = 5200ms (custom)
2019-10-16 07:04:43,067 [pool-277-thread-1] INFO  impl.RaftServerImpl (RaftServerImpl.java:<init>(104)) - b5302d60-ac4a-4299-a5d4-a96d6362c2b9: new RaftServerImpl for group-4E02754E8B28:[d9e715d4-26a3-4aaf-ba7a-4a4b2917804f:192.168.69.104:33750, 4cf87072-25ee-4787-92a3-b2afc0dd8746:192.168.69.104:42085, b5302d60-ac4a-4299-a5d4-a96d6362c2b9:192.168.69.104:35014] with ContainerStateMachine:uninitialized
2019-10-16 07:04:43,067 [pool-287-thread-1] INFO  server.RaftServerConfigKeys (ConfUtils.java:logGet(43)) - raft.server.rpcslowness.timeout = 120s (custom)
2019-10-16 07:04:43,067 [pool-277-thread-1] INFO  server.RaftServerConfigKeys (ConfUtils.java:logGet(43)) - raft.server.rpc.timeout.min = 5s (custom)
2019-10-16 07:04:43,068 [pool-287-thread-1] INFO  server.RaftServerConfigKeys (ConfUtils.java:logGet(43)) - raft.server.sleep.deviation.threshold = 300 (default)
2019-10-16 07:04:43,068 [pool-277-thread-1] INFO  server.RaftServerConfigKeys (ConfUtils.java:logGet(43)) - raft.server.rpc.timeout.max = 5200ms (custom)
2019-10-16 07:04:43,068 [pool-287-thread-1] INFO  server.RaftServerConfigKeys (ConfUtils.java:logGet(43)) - raft.server.log.appender.install.snapshot.enabled = false (custom)
2019-10-16 07:04:43,068 [pool-277-thread-1] INFO  server.RaftServerConfigKeys (ConfUtils.java:logGet(43)) - raft.server.rpcslowness.timeout = 120s (custom)
2019-10-16 07:04:43,068 [pool-287-thread-1] INFO  impl.RaftServerImpl (ServerState.java:<init>(103)) - d9e715d4-26a3-4aaf-ba7a-4a4b2917804f@group-4E02754E8B28: ConfigurationManager, init=-1: [d9e715d4-26a3-4aaf-ba7a-4a4b2917804f:192.168.69.104:33750, 4cf87072-25ee-4787-92a3-b2afc0dd8746:192.168.69.104:42085, b5302d60-ac4a-4299-a5d4-a96d6362c2b9:192.168.69.104:35014], old=null, confs=<EMPTY_MAP>
2019-10-16 07:04:43,068 [pool-277-thread-1] INFO  server.RaftServerConfigKeys (ConfUtils.java:logGet(43)) - raft.server.sleep.deviation.threshold = 300 (default)
2019-10-16 07:04:43,068 [pool-287-thread-1] INFO  server.RaftServerConfigKeys (ConfUtils.java:logGet(43)) - raft.server.storage.dir = [/workdir/hadoop-ozone/ozonefs/target/test-dir/MiniOzoneClusterImpl-95452fb2-cc0a-41df-83f6-d45a8763a348/datanode-1/data/ratis] (custom)
2019-10-16 07:04:43,068 [pool-277-thread-1] INFO  server.RaftServerConfigKeys (ConfUtils.java:logGet(43)) - raft.server.log.appender.install.snapshot.enabled = false (custom)
2019-10-16 07:04:43,069 [pool-277-thread-1] INFO  impl.RaftServerImpl (ServerState.java:<init>(103)) - b5302d60-ac4a-4299-a5d4-a96d6362c2b9@group-4E02754E8B28: ConfigurationManager, init=-1: [d9e715d4-26a3-4aaf-ba7a-4a4b2917804f:192.168.69.104:33750, 4cf87072-25ee-4787-92a3-b2afc0dd8746:192.168.69.104:42085, b5302d60-ac4a-4299-a5d4-a96d6362c2b9:192.168.69.104:35014], old=null, confs=<EMPTY_MAP>
2019-10-16 07:04:43,069 [pool-287-thread-1] INFO  server.RaftServerConfigKeys (ConfUtils.java:logGet(43)) - raft.server.log.corruption.policy = EXCEPTION (default)
2019-10-16 07:04:43,069 [pool-277-thread-1] INFO  server.RaftServerConfigKeys (ConfUtils.java:logGet(43)) - raft.server.storage.dir = [/workdir/hadoop-ozone/ozonefs/target/test-dir/MiniOzoneClusterImpl-95452fb2-cc0a-41df-83f6-d45a8763a348/datanode-0/data/ratis] (custom)
2019-10-16 07:04:43,069 [pool-287-thread-1] INFO  storage.RaftStorageDirectory (RaftStorageDirectory.java:analyzeStorage(246)) - The storage directory /workdir/hadoop-ozone/ozonefs/target/test-dir/MiniOzoneClusterImpl-95452fb2-cc0a-41df-83f6-d45a8763a348/datanode-1/data/ratis/d9e8360e-d05c-425b-8364-4e02754e8b28 does not exist. Creating ...
2019-10-16 07:04:43,069 [pool-277-thread-1] INFO  server.RaftServerConfigKeys (ConfUtils.java:logGet(43)) - raft.server.log.corruption.policy = EXCEPTION (default)
2019-10-16 07:04:43,070 [pool-277-thread-1] INFO  storage.RaftStorageDirectory (RaftStorageDirectory.java:analyzeStorage(246)) - The storage directory /workdir/hadoop-ozone/ozonefs/target/test-dir/MiniOzoneClusterImpl-95452fb2-cc0a-41df-83f6-d45a8763a348/datanode-0/data/ratis/d9e8360e-d05c-425b-8364-4e02754e8b28 does not exist. Creating ...
2019-10-16 07:04:43,073 [pool-287-thread-1] INFO  storage.RaftStorageDirectory (RaftStorageDirectory.java:tryLock(328)) - Lock on /workdir/hadoop-ozone/ozonefs/target/test-dir/MiniOzoneClusterImpl-95452fb2-cc0a-41df-83f6-d45a8763a348/datanode-1/data/ratis/d9e8360e-d05c-425b-8364-4e02754e8b28/in_use.lock acquired by nodename 1122@pr-hdds-2312-q6qzp-1535798719
2019-10-16 07:04:43,073 [pool-297-thread-1] INFO  storage.RaftStorageDirectory (RaftStorageDirectory.java:tryLock(328)) - Lock on /workdir/hadoop-ozone/ozonefs/target/test-dir/MiniOzoneClusterImpl-95452fb2-cc0a-41df-83f6-d45a8763a348/datanode-2/data/ratis/d9e8360e-d05c-425b-8364-4e02754e8b28/in_use.lock acquired by nodename 1122@pr-hdds-2312-q6qzp-1535798719
2019-10-16 07:04:43,073 [pool-277-thread-1] INFO  storage.RaftStorageDirectory (RaftStorageDirectory.java:tryLock(328)) - Lock on /workdir/hadoop-ozone/ozonefs/target/test-dir/MiniOzoneClusterImpl-95452fb2-cc0a-41df-83f6-d45a8763a348/datanode-0/data/ratis/d9e8360e-d05c-425b-8364-4e02754e8b28/in_use.lock acquired by nodename 1122@pr-hdds-2312-q6qzp-1535798719
2019-10-16 07:04:43,096 [pool-297-thread-1] INFO  storage.RaftStorage (RaftStorage.java:format(84)) - Storage directory /workdir/hadoop-ozone/ozonefs/target/test-dir/MiniOzoneClusterImpl-95452fb2-cc0a-41df-83f6-d45a8763a348/datanode-2/data/ratis/d9e8360e-d05c-425b-8364-4e02754e8b28 has been successfully formatted.
2019-10-16 07:04:43,096 [pool-277-thread-1] INFO  storage.RaftStorage (RaftStorage.java:format(84)) - Storage directory /workdir/hadoop-ozone/ozonefs/target/test-dir/MiniOzoneClusterImpl-95452fb2-cc0a-41df-83f6-d45a8763a348/datanode-0/data/ratis/d9e8360e-d05c-425b-8364-4e02754e8b28 has been successfully formatted.
2019-10-16 07:04:43,096 [pool-297-thread-1] INFO  ratis.ContainerStateMachine (ContainerStateMachine.java:loadSnapshot(231)) - group-4E02754E8B28: The snapshot info is null. Setting the last applied indexto:(t:0, i:~)
2019-10-16 07:04:43,096 [pool-287-thread-1] INFO  storage.RaftStorage (RaftStorage.java:format(84)) - Storage directory /workdir/hadoop-ozone/ozonefs/target/test-dir/MiniOzoneClusterImpl-95452fb2-cc0a-41df-83f6-d45a8763a348/datanode-1/data/ratis/d9e8360e-d05c-425b-8364-4e02754e8b28 has been successfully formatted.
2019-10-16 07:04:43,096 [pool-277-thread-1] INFO  ratis.ContainerStateMachine (ContainerStateMachine.java:loadSnapshot(231)) - group-4E02754E8B28: The snapshot info is null. Setting the last applied indexto:(t:0, i:~)
2019-10-16 07:04:43,096 [pool-297-thread-1] INFO  server.RaftServerConfigKeys (ConfUtils.java:logGet(43)) - raft.server.notification.no-leader.timeout = 120s (custom)
2019-10-16 07:04:43,096 [pool-277-thread-1] INFO  server.RaftServerConfigKeys (ConfUtils.java:logGet(43)) - raft.server.notification.no-leader.timeout = 120s (custom)
2019-10-16 07:04:43,096 [pool-287-thread-1] INFO  ratis.ContainerStateMachine (ContainerStateMachine.java:loadSnapshot(231)) - group-4E02754E8B28: The snapshot info is null. Setting the last applied indexto:(t:0, i:~)
2019-10-16 07:04:43,097 [pool-277-thread-1] INFO  server.RaftServerConfigKeys (ConfUtils.java:logGet(43)) - raft.server.log.use.memory = false (default)
2019-10-16 07:04:43,096 [pool-297-thread-1] INFO  server.RaftServerConfigKeys (ConfUtils.java:logGet(43)) - raft.server.log.use.memory = false (default)
2019-10-16 07:04:43,097 [pool-277-thread-1] INFO  server.RaftServerConfigKeys (ConfUtils.java:logGet(43)) - raft.server.log.purge.gap = 1000000 (custom)
2019-10-16 07:04:43,097 [pool-287-thread-1] INFO  server.RaftServerConfigKeys (ConfUtils.java:logGet(43)) - raft.server.notification.no-leader.timeout = 120s (custom)
2019-10-16 07:04:43,097 [pool-277-thread-1] INFO  server.RaftServerConfigKeys (ConfUtils.java:logGet(43)) - raft.server.log.appender.buffer.byte-limit = 33554432 (custom)
2019-10-16 07:04:43,097 [pool-297-thread-1] INFO  server.RaftServerConfigKeys (ConfUtils.java:logGet(43)) - raft.server.log.purge.gap = 1000000 (custom)
2019-10-16 07:04:43,097 [pool-277-thread-1] INFO  server.RaftServerConfigKeys (ConfUtils.java:logGet(43)) - raft.server.log.segment.size.max = 1048576 (custom)
2019-10-16 07:04:43,097 [pool-287-thread-1] INFO  server.RaftServerConfigKeys (ConfUtils.java:logGet(43)) - raft.server.log.use.memory = false (default)
2019-10-16 07:04:43,098 [pool-277-thread-1] INFO  server.RaftServerConfigKeys (ConfUtils.java:logGet(43)) - raft.server.log.segment.cache.num.max = 2 (custom)
2019-10-16 07:04:43,097 [pool-297-thread-1] INFO  server.RaftServerConfigKeys (ConfUtils.java:logGet(43)) - raft.server.log.appender.buffer.byte-limit = 33554432 (custom)
2019-10-16 07:04:43,098 [pool-277-thread-1] INFO  segmented.SegmentedRaftLogWorker (SegmentedRaftLogWorker.java:<init>(173)) - new b5302d60-ac4a-4299-a5d4-a96d6362c2b9@group-4E02754E8B28-SegmentedRaftLogWorker for RaftStorage:Storage Directory /workdir/hadoop-ozone/ozonefs/target/test-dir/MiniOzoneClusterImpl-95452fb2-cc0a-41df-83f6-d45a8763a348/datanode-0/data/ratis/d9e8360e-d05c-425b-8364-4e02754e8b28
2019-10-16 07:04:43,098 [pool-287-thread-1] INFO  server.RaftServerConfigKeys (ConfUtils.java:logGet(43)) - raft.server.log.purge.gap = 1000000 (custom)
2019-10-16 07:04:43,098 [pool-277-thread-1] INFO  server.RaftServerConfigKeys (ConfUtils.java:logGet(43)) - raft.server.log.queue.byte-limit = 2147483647 (custom)
2019-10-16 07:04:43,098 [pool-297-thread-1] INFO  server.RaftServerConfigKeys (ConfUtils.java:logGet(43)) - raft.server.log.segment.size.max = 1048576 (custom)
2019-10-16 07:04:43,098 [pool-277-thread-1] INFO  server.RaftServerConfigKeys (ConfUtils.java:logGet(43)) - raft.server.log.queue.element-limit = 1024 (custom)
2019-10-16 07:04:43,098 [pool-287-thread-1] INFO  server.RaftServerConfigKeys (ConfUtils.java:logGet(43)) - raft.server.log.appender.buffer.byte-limit = 33554432 (custom)
2019-10-16 07:04:43,099 [pool-277-thread-1] INFO  server.RaftServerConfigKeys (ConfUtils.java:logGet(43)) - raft.server.log.segment.size.max = 1048576 (custom)
2019-10-16 07:04:43,098 [pool-297-thread-1] INFO  server.RaftServerConfigKeys (ConfUtils.java:logGet(43)) - raft.server.log.segment.cache.num.max = 2 (custom)
2019-10-16 07:04:43,099 [pool-277-thread-1] INFO  server.RaftServerConfigKeys (ConfUtils.java:logGet(43)) - raft.server.log.preallocated.size = 16384 (custom)
2019-10-16 07:04:43,099 [pool-287-thread-1] INFO  server.RaftServerConfigKeys (ConfUtils.java:logGet(43)) - raft.server.log.segment.size.max = 1048576 (custom)
2019-10-16 07:04:43,099 [pool-277-thread-1] INFO  server.RaftServerConfigKeys (ConfUtils.java:logGet(43)) - raft.server.log.write.buffer.size = 33554432 (custom)
2019-10-16 07:04:43,099 [pool-297-thread-1] INFO  segmented.SegmentedRaftLogWorker (SegmentedRaftLogWorker.java:<init>(173)) - new 4cf87072-25ee-4787-92a3-b2afc0dd8746@group-4E02754E8B28-SegmentedRaftLogWorker for RaftStorage:Storage Directory /workdir/hadoop-ozone/ozonefs/target/test-dir/MiniOzoneClusterImpl-95452fb2-cc0a-41df-83f6-d45a8763a348/datanode-2/data/ratis/d9e8360e-d05c-425b-8364-4e02754e8b28
2019-10-16 07:04:43,099 [pool-277-thread-1] INFO  server.RaftServerConfigKeys (ConfUtils.java:logGet(43)) - raft.server.log.force.sync.num = 128 (default)
2019-10-16 07:04:43,099 [pool-287-thread-1] INFO  server.RaftServerConfigKeys (ConfUtils.java:logGet(43)) - raft.server.log.segment.cache.num.max = 2 (custom)
2019-10-16 07:04:43,100 [pool-277-thread-1] INFO  server.RaftServerConfigKeys (ConfUtils.java:logGet(43)) - raft.server.log.statemachine.data.sync = true (default)
2019-10-16 07:04:43,099 [pool-297-thread-1] INFO  server.RaftServerConfigKeys (ConfUtils.java:logGet(43)) - raft.server.log.queue.byte-limit = 2147483647 (custom)
2019-10-16 07:04:43,100 [pool-277-thread-1] INFO  server.RaftServerConfigKeys (ConfUtils.java:logGet(43)) - raft.server.log.statemachine.data.sync.timeout = 10s (default)
2019-10-16 07:04:43,100 [pool-287-thread-1] INFO  segmented.SegmentedRaftLogWorker (SegmentedRaftLogWorker.java:<init>(173)) - new d9e715d4-26a3-4aaf-ba7a-4a4b2917804f@group-4E02754E8B28-SegmentedRaftLogWorker for RaftStorage:Storage Directory /workdir/hadoop-ozone/ozonefs/target/test-dir/MiniOzoneClusterImpl-95452fb2-cc0a-41df-83f6-d45a8763a348/datanode-1/data/ratis/d9e8360e-d05c-425b-8364-4e02754e8b28
2019-10-16 07:04:43,100 [pool-277-thread-1] INFO  server.RaftServerConfigKeys (ConfUtils.java:logGet(43)) - raft.server.log.statemachine.data.sync.timeout.retry = -1 (default)
2019-10-16 07:04:43,100 [pool-297-thread-1] INFO  server.RaftServerConfigKeys (ConfUtils.java:logGet(43)) - raft.server.log.queue.element-limit = 1024 (custom)
2019-10-16 07:04:43,100 [pool-287-thread-1] INFO  server.RaftServerConfigKeys (ConfUtils.java:logGet(43)) - raft.server.log.queue.byte-limit = 2147483647 (custom)
2019-10-16 07:04:43,100 [pool-277-thread-1] INFO  server.RaftServerConfigKeys (ConfUtils.java:logGet(43)) - raft.server.log.statemachine.data.caching.enabled = true (custom)
2019-10-16 07:04:43,100 [pool-297-thread-1] INFO  server.RaftServerConfigKeys (ConfUtils.java:logGet(43)) - raft.server.log.segment.size.max = 1048576 (custom)
2019-10-16 07:04:43,101 [pool-287-thread-1] INFO  server.RaftServerConfigKeys (ConfUtils.java:logGet(43)) - raft.server.log.queue.element-limit = 1024 (custom)
2019-10-16 07:04:43,101 [pool-297-thread-1] INFO  server.RaftServerConfigKeys (ConfUtils.java:logGet(43)) - raft.server.log.preallocated.size = 16384 (custom)
2019-10-16 07:04:43,101 [pool-287-thread-1] INFO  server.RaftServerConfigKeys (ConfUtils.java:logGet(43)) - raft.server.log.segment.size.max = 1048576 (custom)
2019-10-16 07:04:43,101 [pool-277-thread-1] INFO  segmented.SegmentedRaftLogWorker (SegmentedRaftLogWorker.java:lambda$new$0(128)) - b5302d60-ac4a-4299-a5d4-a96d6362c2b9@group-4E02754E8B28-SegmentedRaftLogWorker: flushIndex: setUnconditionally 0 -> -1
2019-10-16 07:04:43,101 [pool-287-thread-1] INFO  server.RaftServerConfigKeys (ConfUtils.java:logGet(43)) - raft.server.log.preallocated.size = 16384 (custom)
2019-10-16 07:04:43,101 [pool-297-thread-1] INFO  server.RaftServerConfigKeys (ConfUtils.java:logGet(43)) - raft.server.log.write.buffer.size = 33554432 (custom)
2019-10-16 07:04:43,102 [pool-277-thread-1] INFO  server.RaftServerConfigKeys (ConfUtils.java:logGet(43)) - raft.server.snapshot.auto.trigger.enabled = true (custom)
2019-10-16 07:04:43,102 [pool-287-thread-1] INFO  server.RaftServerConfigKeys (ConfUtils.java:logGet(43)) - raft.server.log.write.buffer.size = 33554432 (custom)
2019-10-16 07:04:43,102 [pool-277-thread-1] INFO  server.RaftServerConfigKeys (ConfUtils.java:logGet(43)) - raft.server.snapshot.auto.trigger.threshold = 10000 (custom)
2019-10-16 07:04:43,102 [pool-297-thread-1] INFO  server.RaftServerConfigKeys (ConfUtils.java:logGet(43)) - raft.server.log.force.sync.num = 128 (default)
2019-10-16 07:04:43,102 [pool-277-thread-1] INFO  server.RaftServerConfigKeys (ConfUtils.java:logGet(43)) - raft.server.snapshot.retention.file.num = 5 (custom)
2019-10-16 07:04:43,102 [pool-287-thread-1] INFO  server.RaftServerConfigKeys (ConfUtils.java:logGet(43)) - raft.server.log.force.sync.num = 128 (default)
2019-10-16 07:04:43,102 [pool-277-thread-1] INFO  server.RaftServerConfigKeys (ConfUtils.java:logGet(43)) - raft.server.retrycache.expirytime = 600000ms (custom)
2019-10-16 07:04:43,102 [pool-297-thread-1] INFO  server.RaftServerConfigKeys (ConfUtils.java:logGet(43)) - raft.server.log.statemachine.data.sync = true (default)
2019-10-16 07:04:43,102 [pool-287-thread-1] INFO  server.RaftServerConfigKeys (ConfUtils.java:logGet(43)) - raft.server.log.statemachine.data.sync = true (default)
2019-10-16 07:04:43,103 [pool-297-thread-1] INFO  server.RaftServerConfigKeys (ConfUtils.java:logGet(43)) - raft.server.log.statemachine.data.sync.timeout = 10s (default)
2019-10-16 07:04:43,103 [pool-287-thread-1] INFO  server.RaftServerConfigKeys (ConfUtils.java:logGet(43)) - raft.server.log.statemachine.data.sync.timeout = 10s (default)
2019-10-16 07:04:43,103 [pool-297-thread-1] INFO  server.RaftServerConfigKeys (ConfUtils.java:logGet(43)) - raft.server.log.statemachine.data.sync.timeout.retry = -1 (default)
2019-10-16 07:04:43,103 [pool-287-thread-1] INFO  server.RaftServerConfigKeys (ConfUtils.java:logGet(43)) - raft.server.log.statemachine.data.sync.timeout.retry = -1 (default)
2019-10-16 07:04:43,103 [pool-297-thread-1] INFO  server.RaftServerConfigKeys (ConfUtils.java:logGet(43)) - raft.server.log.statemachine.data.caching.enabled = true (custom)
2019-10-16 07:04:43,103 [pool-287-thread-1] INFO  server.RaftServerConfigKeys (ConfUtils.java:logGet(43)) - raft.server.log.statemachine.data.caching.enabled = true (custom)
2019-10-16 07:04:43,104 [pool-297-thread-1] INFO  segmented.SegmentedRaftLogWorker (SegmentedRaftLogWorker.java:lambda$new$0(128)) - 4cf87072-25ee-4787-92a3-b2afc0dd8746@group-4E02754E8B28-SegmentedRaftLogWorker: flushIndex: setUnconditionally 0 -> -1
2019-10-16 07:04:43,104 [pool-287-thread-1] INFO  segmented.SegmentedRaftLogWorker (SegmentedRaftLogWorker.java:lambda$new$0(128)) - d9e715d4-26a3-4aaf-ba7a-4a4b2917804f@group-4E02754E8B28-SegmentedRaftLogWorker: flushIndex: setUnconditionally 0 -> -1
2019-10-16 07:04:43,104 [pool-297-thread-1] INFO  server.RaftServerConfigKeys (ConfUtils.java:logGet(43)) - raft.server.snapshot.auto.trigger.enabled = true (custom)
2019-10-16 07:04:43,104 [pool-297-thread-1] INFO  server.RaftServerConfigKeys (ConfUtils.java:logGet(43)) - raft.server.snapshot.auto.trigger.threshold = 10000 (custom)
2019-10-16 07:04:43,104 [pool-297-thread-1] INFO  server.RaftServerConfigKeys (ConfUtils.java:logGet(43)) - raft.server.snapshot.retention.file.num = 5 (custom)
2019-10-16 07:04:43,104 [pool-287-thread-1] INFO  server.RaftServerConfigKeys (ConfUtils.java:logGet(43)) - raft.server.snapshot.auto.trigger.enabled = true (custom)
2019-10-16 07:04:43,104 [pool-297-thread-1] INFO  server.RaftServerConfigKeys (ConfUtils.java:logGet(43)) - raft.server.retrycache.expirytime = 600000ms (custom)
2019-10-16 07:04:43,104 [pool-287-thread-1] INFO  server.RaftServerConfigKeys (ConfUtils.java:logGet(43)) - raft.server.snapshot.auto.trigger.threshold = 10000 (custom)
2019-10-16 07:04:43,104 [pool-287-thread-1] INFO  server.RaftServerConfigKeys (ConfUtils.java:logGet(43)) - raft.server.snapshot.retention.file.num = 5 (custom)
2019-10-16 07:04:43,105 [pool-287-thread-1] INFO  server.RaftServerConfigKeys (ConfUtils.java:logGet(43)) - raft.server.retrycache.expirytime = 600000ms (custom)
2019-10-16 07:04:43,105 [pool-277-thread-1] INFO  impl.RaftServerImpl (RaftServerImpl.java:start(195)) - b5302d60-ac4a-4299-a5d4-a96d6362c2b9@group-4E02754E8B28: start as a follower, conf=-1: [d9e715d4-26a3-4aaf-ba7a-4a4b2917804f:192.168.69.104:33750, 4cf87072-25ee-4787-92a3-b2afc0dd8746:192.168.69.104:42085, b5302d60-ac4a-4299-a5d4-a96d6362c2b9:192.168.69.104:35014], old=null
2019-10-16 07:04:43,105 [pool-277-thread-1] INFO  impl.RaftServerImpl (RaftServerImpl.java:setRole(184)) - b5302d60-ac4a-4299-a5d4-a96d6362c2b9@group-4E02754E8B28: changes role from      null to FOLLOWER at term 0 for startAsFollower
2019-10-16 07:04:43,105 [pool-277-thread-1] INFO  impl.RoleInfo (RoleInfo.java:updateAndGet(143)) - b5302d60-ac4a-4299-a5d4-a96d6362c2b9: start FollowerState
2019-10-16 07:04:43,106 [pool-277-thread-1] INFO  util.JmxRegister (JmxRegister.java:tryRegister(44)) - Successfully registered JMX Bean with object name Ratis:service=RaftServer,group=group-4E02754E8B28,id=b5302d60-ac4a-4299-a5d4-a96d6362c2b9
2019-10-16 07:04:43,106 [pool-297-thread-1] INFO  impl.RaftServerImpl (RaftServerImpl.java:start(195)) - 4cf87072-25ee-4787-92a3-b2afc0dd8746@group-4E02754E8B28: start as a follower, conf=-1: [d9e715d4-26a3-4aaf-ba7a-4a4b2917804f:192.168.69.104:33750, 4cf87072-25ee-4787-92a3-b2afc0dd8746:192.168.69.104:42085, b5302d60-ac4a-4299-a5d4-a96d6362c2b9:192.168.69.104:35014], old=null
2019-10-16 07:04:43,106 [pool-297-thread-1] INFO  impl.RaftServerImpl (RaftServerImpl.java:setRole(184)) - 4cf87072-25ee-4787-92a3-b2afc0dd8746@group-4E02754E8B28: changes role from      null to FOLLOWER at term 0 for startAsFollower
2019-10-16 07:04:43,106 [pool-297-thread-1] INFO  impl.RoleInfo (RoleInfo.java:updateAndGet(143)) - 4cf87072-25ee-4787-92a3-b2afc0dd8746: start FollowerState
2019-10-16 07:04:43,107 [pool-297-thread-1] INFO  util.JmxRegister (JmxRegister.java:tryRegister(44)) - Successfully registered JMX Bean with object name Ratis:service=RaftServer,group=group-4E02754E8B28,id=4cf87072-25ee-4787-92a3-b2afc0dd8746
2019-10-16 07:04:43,110 [Thread-2246] INFO  impl.FollowerState (FollowerState.java:run(108)) - d9e715d4-26a3-4aaf-ba7a-4a4b2917804f@group-FB0CD607C623-FollowerState: change to CANDIDATE, lastRpcTime:133ms, electionTimeout:133ms
2019-10-16 07:04:43,110 [pool-287-thread-1] INFO  impl.RaftServerImpl (RaftServerImpl.java:start(195)) - d9e715d4-26a3-4aaf-ba7a-4a4b2917804f@group-4E02754E8B28: start as a follower, conf=-1: [d9e715d4-26a3-4aaf-ba7a-4a4b2917804f:192.168.69.104:33750, 4cf87072-25ee-4787-92a3-b2afc0dd8746:192.168.69.104:42085, b5302d60-ac4a-4299-a5d4-a96d6362c2b9:192.168.69.104:35014], old=null
2019-10-16 07:04:43,110 [Thread-2246] INFO  impl.RoleInfo (RoleInfo.java:shutdownFollowerState(121)) - d9e715d4-26a3-4aaf-ba7a-4a4b2917804f: shutdown FollowerState
2019-10-16 07:04:43,111 [pool-287-thread-1] INFO  impl.RaftServerImpl (RaftServerImpl.java:setRole(184)) - d9e715d4-26a3-4aaf-ba7a-4a4b2917804f@group-4E02754E8B28: changes role from      null to FOLLOWER at term 0 for startAsFollower
2019-10-16 07:04:43,111 [Thread-2246] INFO  impl.RaftServerImpl (RaftServerImpl.java:setRole(184)) - d9e715d4-26a3-4aaf-ba7a-4a4b2917804f@group-FB0CD607C623: changes role from  FOLLOWER to CANDIDATE at term 0 for changeToCandidate
2019-10-16 07:04:43,111 [pool-287-thread-1] INFO  impl.RoleInfo (RoleInfo.java:updateAndGet(143)) - d9e715d4-26a3-4aaf-ba7a-4a4b2917804f: start FollowerState
2019-10-16 07:04:43,111 [Thread-2246] INFO  impl.RoleInfo (RoleInfo.java:updateAndGet(143)) - d9e715d4-26a3-4aaf-ba7a-4a4b2917804f: start LeaderElection
2019-10-16 07:04:43,111 [pool-287-thread-1] INFO  util.JmxRegister (JmxRegister.java:tryRegister(44)) - Successfully registered JMX Bean with object name Ratis:service=RaftServer,group=group-4E02754E8B28,id=d9e715d4-26a3-4aaf-ba7a-4a4b2917804f
2019-10-16 07:04:43,121 [RatisPipelineUtilsThread] INFO  pipeline.PipelineStateManager (PipelineStateManager.java:addPipeline(56)) - Created pipeline Pipeline[ Id: d9e8360e-d05c-425b-8364-4e02754e8b28, Nodes: b5302d60-ac4a-4299-a5d4-a96d6362c2b9{ip: 192.168.69.104, host: pr-hdds-2312-q6qzp-1535798719, networkLocation: /default-rack, certSerialId: null}4cf87072-25ee-4787-92a3-b2afc0dd8746{ip: 192.168.69.104, host: pr-hdds-2312-q6qzp-1535798719, networkLocation: /default-rack, certSerialId: null}d9e715d4-26a3-4aaf-ba7a-4a4b2917804f{ip: 192.168.69.104, host: pr-hdds-2312-q6qzp-1535798719, networkLocation: /default-rack, certSerialId: null}, Type:RATIS, Factor:THREE, State:OPEN]
2019-10-16 07:04:43,136 [d9e715d4-26a3-4aaf-ba7a-4a4b2917804f@group-FB0CD607C623-LeaderElection196] INFO  impl.LeaderElection (LeaderElection.java:askForVotes(178)) - d9e715d4-26a3-4aaf-ba7a-4a4b2917804f@group-FB0CD607C623-LeaderElection196: begin an election at term 1 for -1: [d9e715d4-26a3-4aaf-ba7a-4a4b2917804f:192.168.69.104:33750], old=null
2019-10-16 07:04:43,136 [d9e715d4-26a3-4aaf-ba7a-4a4b2917804f@group-FB0CD607C623-LeaderElection196] INFO  impl.RoleInfo (RoleInfo.java:shutdownLeaderElection(134)) - d9e715d4-26a3-4aaf-ba7a-4a4b2917804f: shutdown LeaderElection
2019-10-16 07:04:43,136 [d9e715d4-26a3-4aaf-ba7a-4a4b2917804f@group-FB0CD607C623-LeaderElection196] INFO  impl.RaftServerImpl (RaftServerImpl.java:setRole(184)) - d9e715d4-26a3-4aaf-ba7a-4a4b2917804f@group-FB0CD607C623: changes role from CANDIDATE to LEADER at term 1 for changeToLeader
2019-10-16 07:04:43,136 [d9e715d4-26a3-4aaf-ba7a-4a4b2917804f@group-FB0CD607C623-LeaderElection196] INFO  impl.RaftServerImpl (ServerState.java:setLeader(256)) - d9e715d4-26a3-4aaf-ba7a-4a4b2917804f@group-FB0CD607C623: change Leader from null to d9e715d4-26a3-4aaf-ba7a-4a4b2917804f at term 1 for becomeLeader, leader elected after 184ms
2019-10-16 07:04:43,136 [d9e715d4-26a3-4aaf-ba7a-4a4b2917804f@group-FB0CD607C623-LeaderElection196] INFO  server.RaftServerConfigKeys (ConfUtils.java:logGet(43)) - raft.server.staging.catchup.gap = 1000 (default)
2019-10-16 07:04:43,137 [d9e715d4-26a3-4aaf-ba7a-4a4b2917804f@group-FB0CD607C623-LeaderElection196] INFO  server.RaftServerConfigKeys (ConfUtils.java:logGet(43)) - raft.server.rpc.sleep.time = 25ms (default)
2019-10-16 07:04:43,137 [d9e715d4-26a3-4aaf-ba7a-4a4b2917804f@group-FB0CD607C623-LeaderElection196] INFO  server.RaftServerConfigKeys (ConfUtils.java:logGet(43)) - raft.server.write.element-limit = 4096 (default)
2019-10-16 07:04:43,137 [d9e715d4-26a3-4aaf-ba7a-4a4b2917804f@group-FB0CD607C623-LeaderElection196] INFO  server.RaftServerConfigKeys (ConfUtils.java:logGet(43)) - raft.server.watch.timeout = 10s (default)
2019-10-16 07:04:43,137 [d9e715d4-26a3-4aaf-ba7a-4a4b2917804f@group-FB0CD607C623-LeaderElection196] INFO  server.RaftServerConfigKeys (ConfUtils.java:logGet(43)) - raft.server.watch.timeout.denomination = 1s (default)
2019-10-16 07:04:43,137 [d9e715d4-26a3-4aaf-ba7a-4a4b2917804f@group-FB0CD607C623-LeaderElection196] INFO  server.RaftServerConfigKeys (ConfUtils.java:logGet(43)) - raft.server.watch.element-limit = 65536 (default)
2019-10-16 07:04:43,139 [d9e715d4-26a3-4aaf-ba7a-4a4b2917804f@group-FB0CD607C623-LeaderElection196] INFO  impl.RoleInfo (RoleInfo.java:updateAndGet(143)) - d9e715d4-26a3-4aaf-ba7a-4a4b2917804f: start LeaderState
2019-10-16 07:04:43,140 [d9e715d4-26a3-4aaf-ba7a-4a4b2917804f@group-FB0CD607C623-LeaderElection196] INFO  segmented.SegmentedRaftLogWorker (SegmentedRaftLogWorker.java:startLogSegment(385)) - d9e715d4-26a3-4aaf-ba7a-4a4b2917804f@group-FB0CD607C623-SegmentedRaftLogWorker: Starting segment from index:0
2019-10-16 07:04:43,140 [d9e715d4-26a3-4aaf-ba7a-4a4b2917804f@group-FB0CD607C623-LeaderElection196] INFO  impl.RaftServerImpl (ServerState.java:setRaftConf(357)) - d9e715d4-26a3-4aaf-ba7a-4a4b2917804f@group-FB0CD607C623: set configuration 0: [d9e715d4-26a3-4aaf-ba7a-4a4b2917804f:192.168.69.104:33750], old=null at 0
2019-10-16 07:04:43,173 [Thread-2257] INFO  impl.FollowerState (FollowerState.java:run(108)) - b5302d60-ac4a-4299-a5d4-a96d6362c2b9@group-4E02754E8B28-FollowerState: change to CANDIDATE, lastRpcTime:67ms, electionTimeout:67ms
2019-10-16 07:04:43,173 [Thread-2257] INFO  impl.RoleInfo (RoleInfo.java:shutdownFollowerState(121)) - b5302d60-ac4a-4299-a5d4-a96d6362c2b9: shutdown FollowerState
2019-10-16 07:04:43,173 [Thread-2257] INFO  impl.RaftServerImpl (RaftServerImpl.java:setRole(184)) - b5302d60-ac4a-4299-a5d4-a96d6362c2b9@group-4E02754E8B28: changes role from  FOLLOWER to CANDIDATE at term 0 for changeToCandidate
2019-10-16 07:04:43,173 [Thread-2257] INFO  impl.RoleInfo (RoleInfo.java:updateAndGet(143)) - b5302d60-ac4a-4299-a5d4-a96d6362c2b9: start LeaderElection
2019-10-16 07:04:43,188 [Thread-2252] INFO  impl.FollowerState (FollowerState.java:run(108)) - 4cf87072-25ee-4787-92a3-b2afc0dd8746@group-4ED696EA3CCB-FollowerState: change to CANDIDATE, lastRpcTime:163ms, electionTimeout:163ms
2019-10-16 07:04:43,189 [Thread-2252] INFO  impl.RoleInfo (RoleInfo.java:shutdownFollowerState(121)) - 4cf87072-25ee-4787-92a3-b2afc0dd8746: shutdown FollowerState
2019-10-16 07:04:43,189 [Thread-2252] INFO  impl.RaftServerImpl (RaftServerImpl.java:setRole(184)) - 4cf87072-25ee-4787-92a3-b2afc0dd8746@group-4ED696EA3CCB: changes role from  FOLLOWER to CANDIDATE at term 0 for changeToCandidate
2019-10-16 07:04:43,189 [Thread-2252] INFO  impl.RoleInfo (RoleInfo.java:updateAndGet(143)) - 4cf87072-25ee-4787-92a3-b2afc0dd8746: start LeaderElection
2019-10-16 07:04:43,191 [d9e715d4-26a3-4aaf-ba7a-4a4b2917804f@group-FB0CD607C623-SegmentedRaftLogWorker] INFO  segmented.SegmentedRaftLogWorker (SegmentedRaftLogWorker.java:execute(576)) - d9e715d4-26a3-4aaf-ba7a-4a4b2917804f@group-FB0CD607C623-SegmentedRaftLogWorker: created new log segment /workdir/hadoop-ozone/ozonefs/target/test-dir/MiniOzoneClusterImpl-95452fb2-cc0a-41df-83f6-d45a8763a348/datanode-1/data/ratis/c40ccc89-029b-4282-a3c9-fb0cd607c623/current/log_inprogress_0
2019-10-16 07:04:43,191 [b5302d60-ac4a-4299-a5d4-a96d6362c2b9@group-4E02754E8B28-LeaderElection197] INFO  impl.LeaderElection (LeaderElection.java:askForVotes(178)) - b5302d60-ac4a-4299-a5d4-a96d6362c2b9@group-4E02754E8B28-LeaderElection197: begin an election at term 1 for -1: [d9e715d4-26a3-4aaf-ba7a-4a4b2917804f:192.168.69.104:33750, 4cf87072-25ee-4787-92a3-b2afc0dd8746:192.168.69.104:42085, b5302d60-ac4a-4299-a5d4-a96d6362c2b9:192.168.69.104:35014], old=null
2019-10-16 07:04:43,198 [grpc-default-executor-0] INFO  impl.RaftServerImpl (RaftServerImpl.java:setRole(184)) - d9e715d4-26a3-4aaf-ba7a-4a4b2917804f@group-4E02754E8B28: changes role from  FOLLOWER to FOLLOWER at term 1 for recognizeCandidate:b5302d60-ac4a-4299-a5d4-a96d6362c2b9
2019-10-16 07:04:43,198 [grpc-default-executor-0] INFO  impl.RoleInfo (RoleInfo.java:shutdownFollowerState(121)) - d9e715d4-26a3-4aaf-ba7a-4a4b2917804f: shutdown FollowerState
2019-10-16 07:04:43,199 [grpc-default-executor-1] INFO  impl.RaftServerImpl (RaftServerImpl.java:setRole(184)) - 4cf87072-25ee-4787-92a3-b2afc0dd8746@group-4E02754E8B28: changes role from  FOLLOWER to FOLLOWER at term 1 for recognizeCandidate:b5302d60-ac4a-4299-a5d4-a96d6362c2b9
2019-10-16 07:04:43,199 [grpc-default-executor-1] INFO  impl.RoleInfo (RoleInfo.java:shutdownFollowerState(121)) - 4cf87072-25ee-4787-92a3-b2afc0dd8746: shutdown FollowerState
2019-10-16 07:04:43,199 [grpc-default-executor-0] INFO  impl.RoleInfo (RoleInfo.java:updateAndGet(143)) - d9e715d4-26a3-4aaf-ba7a-4a4b2917804f: start FollowerState
2019-10-16 07:04:43,199 [Thread-2258] INFO  impl.FollowerState (FollowerState.java:run(117)) - 4cf87072-25ee-4787-92a3-b2afc0dd8746@group-4E02754E8B28-FollowerState was interrupted: java.lang.InterruptedException: sleep interrupted
2019-10-16 07:04:43,199 [grpc-default-executor-1] INFO  impl.RoleInfo (RoleInfo.java:updateAndGet(143)) - 4cf87072-25ee-4787-92a3-b2afc0dd8746: start FollowerState
2019-10-16 07:04:43,199 [Thread-2259] INFO  impl.FollowerState (FollowerState.java:run(117)) - d9e715d4-26a3-4aaf-ba7a-4a4b2917804f@group-4E02754E8B28-FollowerState was interrupted: java.lang.InterruptedException: sleep interrupted
2019-10-16 07:04:43,206 [4cf87072-25ee-4787-92a3-b2afc0dd8746@group-4ED696EA3CCB-LeaderElection198] INFO  impl.LeaderElection (LeaderElection.java:askForVotes(178)) - 4cf87072-25ee-4787-92a3-b2afc0dd8746@group-4ED696EA3CCB-LeaderElection198: begin an election at term 1 for -1: [4cf87072-25ee-4787-92a3-b2afc0dd8746:192.168.69.104:42085], old=null
2019-10-16 07:04:43,206 [4cf87072-25ee-4787-92a3-b2afc0dd8746@group-4ED696EA3CCB-LeaderElection198] INFO  impl.RoleInfo (RoleInfo.java:shutdownLeaderElection(134)) - 4cf87072-25ee-4787-92a3-b2afc0dd8746: shutdown LeaderElection
2019-10-16 07:04:43,206 [4cf87072-25ee-4787-92a3-b2afc0dd8746@group-4ED696EA3CCB-LeaderElection198] INFO  impl.RaftServerImpl (RaftServerImpl.java:setRole(184)) - 4cf87072-25ee-4787-92a3-b2afc0dd8746@group-4ED696EA3CCB: changes role from CANDIDATE to LEADER at term 1 for changeToLeader
2019-10-16 07:04:43,207 [4cf87072-25ee-4787-92a3-b2afc0dd8746@group-4ED696EA3CCB-LeaderElection198] INFO  impl.RaftServerImpl (ServerState.java:setLeader(256)) - 4cf87072-25ee-4787-92a3-b2afc0dd8746@group-4ED696EA3CCB: change Leader from null to 4cf87072-25ee-4787-92a3-b2afc0dd8746 at term 1 for becomeLeader, leader elected after 190ms
2019-10-16 07:04:43,207 [4cf87072-25ee-4787-92a3-b2afc0dd8746@group-4ED696EA3CCB-LeaderElection198] INFO  server.RaftServerConfigKeys (ConfUtils.java:logGet(43)) - raft.server.staging.catchup.gap = 1000 (default)
2019-10-16 07:04:43,207 [4cf87072-25ee-4787-92a3-b2afc0dd8746@group-4ED696EA3CCB-LeaderElection198] INFO  server.RaftServerConfigKeys (ConfUtils.java:logGet(43)) - raft.server.rpc.sleep.time = 25ms (default)
2019-10-16 07:04:43,207 [4cf87072-25ee-4787-92a3-b2afc0dd8746@group-4ED696EA3CCB-LeaderElection198] INFO  server.RaftServerConfigKeys (ConfUtils.java:logGet(43)) - raft.server.write.element-limit = 4096 (default)
2019-10-16 07:04:43,207 [4cf87072-25ee-4787-92a3-b2afc0dd8746@group-4ED696EA3CCB-LeaderElection198] INFO  server.RaftServerConfigKeys (ConfUtils.java:logGet(43)) - raft.server.watch.timeout = 10s (default)
2019-10-16 07:04:43,207 [4cf87072-25ee-4787-92a3-b2afc0dd8746@group-4ED696EA3CCB-LeaderElection198] INFO  server.RaftServerConfigKeys (ConfUtils.java:logGet(43)) - raft.server.watch.timeout.denomination = 1s (default)
2019-10-16 07:04:43,207 [4cf87072-25ee-4787-92a3-b2afc0dd8746@group-4ED696EA3CCB-LeaderElection198] INFO  server.RaftServerConfigKeys (ConfUtils.java:logGet(43)) - raft.server.watch.element-limit = 65536 (default)
2019-10-16 07:04:43,209 [4cf87072-25ee-4787-92a3-b2afc0dd8746@group-4ED696EA3CCB-LeaderElection198] INFO  impl.RoleInfo (RoleInfo.java:updateAndGet(143)) - 4cf87072-25ee-4787-92a3-b2afc0dd8746: start LeaderState
2019-10-16 07:04:43,209 [4cf87072-25ee-4787-92a3-b2afc0dd8746@group-4ED696EA3CCB-LeaderElection198] INFO  segmented.SegmentedRaftLogWorker (SegmentedRaftLogWorker.java:startLogSegment(385)) - 4cf87072-25ee-4787-92a3-b2afc0dd8746@group-4ED696EA3CCB-SegmentedRaftLogWorker: Starting segment from index:0
2019-10-16 07:04:43,210 [4cf87072-25ee-4787-92a3-b2afc0dd8746@group-4ED696EA3CCB-LeaderElection198] INFO  impl.RaftServerImpl (ServerState.java:setRaftConf(357)) - 4cf87072-25ee-4787-92a3-b2afc0dd8746@group-4ED696EA3CCB: set configuration 0: [4cf87072-25ee-4787-92a3-b2afc0dd8746:192.168.69.104:42085], old=null at 0
2019-10-16 07:04:43,246 [b5302d60-ac4a-4299-a5d4-a96d6362c2b9@group-4E02754E8B28-LeaderElection197] INFO  impl.LeaderElection (LeaderElection.java:logAndReturn(56)) - b5302d60-ac4a-4299-a5d4-a96d6362c2b9@group-4E02754E8B28-LeaderElection197: Election TIMEOUT; received 0 response(s) [] and 0 exception(s); b5302d60-ac4a-4299-a5d4-a96d6362c2b9@group-4E02754E8B28:t1, leader=null, voted=b5302d60-ac4a-4299-a5d4-a96d6362c2b9, raftlog=b5302d60-ac4a-4299-a5d4-a96d6362c2b9@group-4E02754E8B28-SegmentedRaftLog:OPENED:c-1,f-1,i0, conf=-1: [d9e715d4-26a3-4aaf-ba7a-4a4b2917804f:192.168.69.104:33750, 4cf87072-25ee-4787-92a3-b2afc0dd8746:192.168.69.104:42085, b5302d60-ac4a-4299-a5d4-a96d6362c2b9:192.168.69.104:35014], old=null
2019-10-16 07:04:43,262 [Thread-2270] INFO  impl.FollowerState (FollowerState.java:run(108)) - 4cf87072-25ee-4787-92a3-b2afc0dd8746@group-4E02754E8B28-FollowerState: change to CANDIDATE, lastRpcTime:62ms, electionTimeout:61ms
2019-10-16 07:04:43,262 [Thread-2270] INFO  impl.RoleInfo (RoleInfo.java:shutdownFollowerState(121)) - 4cf87072-25ee-4787-92a3-b2afc0dd8746: shutdown FollowerState
2019-10-16 07:04:43,262 [Thread-2270] INFO  impl.RaftServerImpl (RaftServerImpl.java:setRole(184)) - 4cf87072-25ee-4787-92a3-b2afc0dd8746@group-4E02754E8B28: changes role from  FOLLOWER to CANDIDATE at term 1 for changeToCandidate
2019-10-16 07:04:43,262 [Thread-2270] INFO  impl.RoleInfo (RoleInfo.java:updateAndGet(143)) - 4cf87072-25ee-4787-92a3-b2afc0dd8746: start LeaderElection
2019-10-16 07:04:43,264 [main] INFO  impl.MetricsSystemImpl (MetricsSystemImpl.java:init(158)) - XceiverClientMetrics metrics system started (again)
2019-10-16 07:04:43,270 [4cf87072-25ee-4787-92a3-b2afc0dd8746@group-4ED696EA3CCB-SegmentedRaftLogWorker] INFO  segmented.SegmentedRaftLogWorker (SegmentedRaftLogWorker.java:execute(576)) - 4cf87072-25ee-4787-92a3-b2afc0dd8746@group-4ED696EA3CCB-SegmentedRaftLogWorker: created new log segment /workdir/hadoop-ozone/ozonefs/target/test-dir/MiniOzoneClusterImpl-95452fb2-cc0a-41df-83f6-d45a8763a348/datanode-2/data/ratis/5f6a2734-424c-4ef8-95f7-4ed696ea3ccb/current/log_inprogress_0
2019-10-16 07:04:43,270 [b5302d60-ac4a-4299-a5d4-a96d6362c2b9@group-4E02754E8B28-LeaderElection197] INFO  impl.LeaderElection (LeaderElection.java:askForVotes(178)) - b5302d60-ac4a-4299-a5d4-a96d6362c2b9@group-4E02754E8B28-LeaderElection197: begin an election at term 2 for -1: [d9e715d4-26a3-4aaf-ba7a-4a4b2917804f:192.168.69.104:33750, 4cf87072-25ee-4787-92a3-b2afc0dd8746:192.168.69.104:42085, b5302d60-ac4a-4299-a5d4-a96d6362c2b9:192.168.69.104:35014], old=null
2019-10-16 07:04:43,272 [grpc-default-executor-0] INFO  impl.RaftServerImpl (RaftServerImpl.java:setRole(184)) - d9e715d4-26a3-4aaf-ba7a-4a4b2917804f@group-4E02754E8B28: changes role from  FOLLOWER to FOLLOWER at term 2 for recognizeCandidate:b5302d60-ac4a-4299-a5d4-a96d6362c2b9
2019-10-16 07:04:43,272 [grpc-default-executor-0] INFO  impl.RoleInfo (RoleInfo.java:shutdownFollowerState(121)) - d9e715d4-26a3-4aaf-ba7a-4a4b2917804f: shutdown FollowerState
2019-10-16 07:04:43,272 [grpc-default-executor-0] INFO  impl.RoleInfo (RoleInfo.java:updateAndGet(143)) - d9e715d4-26a3-4aaf-ba7a-4a4b2917804f: start FollowerState
2019-10-16 07:04:43,272 [Thread-2269] INFO  impl.FollowerState (FollowerState.java:run(117)) - d9e715d4-26a3-4aaf-ba7a-4a4b2917804f@group-4E02754E8B28-FollowerState was interrupted: java.lang.InterruptedException: sleep interrupted
2019-10-16 07:04:43,274 [4cf87072-25ee-4787-92a3-b2afc0dd8746@group-4E02754E8B28-LeaderElection199] INFO  impl.LeaderElection (LeaderElection.java:askForVotes(178)) - 4cf87072-25ee-4787-92a3-b2afc0dd8746@group-4E02754E8B28-LeaderElection199: begin an election at term 2 for -1: [d9e715d4-26a3-4aaf-ba7a-4a4b2917804f:192.168.69.104:33750, 4cf87072-25ee-4787-92a3-b2afc0dd8746:192.168.69.104:42085, b5302d60-ac4a-4299-a5d4-a96d6362c2b9:192.168.69.104:35014], old=null
2019-10-16 07:04:43,287 [b5302d60-ac4a-4299-a5d4-a96d6362c2b9@group-4E02754E8B28-LeaderElection197] INFO  impl.LeaderElection (LeaderElection.java:logAndReturn(56)) - b5302d60-ac4a-4299-a5d4-a96d6362c2b9@group-4E02754E8B28-LeaderElection197: Election PASSED; received 2 response(s) [b5302d60-ac4a-4299-a5d4-a96d6362c2b9<-d9e715d4-26a3-4aaf-ba7a-4a4b2917804f#0:OK-t2, b5302d60-ac4a-4299-a5d4-a96d6362c2b9<-4cf87072-25ee-4787-92a3-b2afc0dd8746#0:FAIL-t2] and 0 exception(s); b5302d60-ac4a-4299-a5d4-a96d6362c2b9@group-4E02754E8B28:t2, leader=null, voted=b5302d60-ac4a-4299-a5d4-a96d6362c2b9, raftlog=b5302d60-ac4a-4299-a5d4-a96d6362c2b9@group-4E02754E8B28-SegmentedRaftLog:OPENED:c-1,f-1,i0, conf=-1: [d9e715d4-26a3-4aaf-ba7a-4a4b2917804f:192.168.69.104:33750, 4cf87072-25ee-4787-92a3-b2afc0dd8746:192.168.69.104:42085, b5302d60-ac4a-4299-a5d4-a96d6362c2b9:192.168.69.104:35014], old=null
2019-10-16 07:04:43,287 [b5302d60-ac4a-4299-a5d4-a96d6362c2b9@group-4E02754E8B28-LeaderElection197] INFO  impl.RoleInfo (RoleInfo.java:shutdownLeaderElection(134)) - b5302d60-ac4a-4299-a5d4-a96d6362c2b9: shutdown LeaderElection
2019-10-16 07:04:43,287 [b5302d60-ac4a-4299-a5d4-a96d6362c2b9@group-4E02754E8B28-LeaderElection197] INFO  impl.RaftServerImpl (RaftServerImpl.java:setRole(184)) - b5302d60-ac4a-4299-a5d4-a96d6362c2b9@group-4E02754E8B28: changes role from CANDIDATE to LEADER at term 2 for changeToLeader
2019-10-16 07:04:43,287 [4cf87072-25ee-4787-92a3-b2afc0dd8746@group-4E02754E8B28-LeaderElection199] INFO  impl.LeaderElection (LeaderElection.java:logAndReturn(56)) - 4cf87072-25ee-4787-92a3-b2afc0dd8746@group-4E02754E8B28-LeaderElection199: Election REJECTED; received 2 response(s) [4cf87072-25ee-4787-92a3-b2afc0dd8746<-d9e715d4-26a3-4aaf-ba7a-4a4b2917804f#0:FAIL-t2, 4cf87072-25ee-4787-92a3-b2afc0dd8746<-b5302d60-ac4a-4299-a5d4-a96d6362c2b9#0:FAIL-t2] and 0 exception(s); 4cf87072-25ee-4787-92a3-b2afc0dd8746@group-4E02754E8B28:t2, leader=null, voted=4cf87072-25ee-4787-92a3-b2afc0dd8746, raftlog=4cf87072-25ee-4787-92a3-b2afc0dd8746@group-4E02754E8B28-SegmentedRaftLog:OPENED:c-1,f-1,i0, conf=-1: [d9e715d4-26a3-4aaf-ba7a-4a4b2917804f:192.168.69.104:33750, 4cf87072-25ee-4787-92a3-b2afc0dd8746:192.168.69.104:42085, b5302d60-ac4a-4299-a5d4-a96d6362c2b9:192.168.69.104:35014], old=null
2019-10-16 07:04:43,287 [b5302d60-ac4a-4299-a5d4-a96d6362c2b9@group-4E02754E8B28-LeaderElection197] INFO  impl.RaftServerImpl (ServerState.java:setLeader(256)) - b5302d60-ac4a-4299-a5d4-a96d6362c2b9@group-4E02754E8B28: change Leader from null to b5302d60-ac4a-4299-a5d4-a96d6362c2b9 at term 2 for becomeLeader, leader elected after 190ms
2019-10-16 07:04:43,287 [4cf87072-25ee-4787-92a3-b2afc0dd8746@group-4E02754E8B28-LeaderElection199] INFO  impl.RaftServerImpl (RaftServerImpl.java:setRole(184)) - 4cf87072-25ee-4787-92a3-b2afc0dd8746@group-4E02754E8B28: changes role from CANDIDATE to FOLLOWER at term 2 for DISCOVERED_A_NEW_TERM
2019-10-16 07:04:43,287 [b5302d60-ac4a-4299-a5d4-a96d6362c2b9@group-4E02754E8B28-LeaderElection197] INFO  server.RaftServerConfigKeys (ConfUtils.java:logGet(43)) - raft.server.staging.catchup.gap = 1000 (default)
2019-10-16 07:04:43,287 [4cf87072-25ee-4787-92a3-b2afc0dd8746@group-4E02754E8B28-LeaderElection199] INFO  impl.RoleInfo (RoleInfo.java:shutdownLeaderElection(134)) - 4cf87072-25ee-4787-92a3-b2afc0dd8746: shutdown LeaderElection
2019-10-16 07:04:43,287 [b5302d60-ac4a-4299-a5d4-a96d6362c2b9@group-4E02754E8B28-LeaderElection197] INFO  server.RaftServerConfigKeys (ConfUtils.java:logGet(43)) - raft.server.rpc.sleep.time = 25ms (default)
2019-10-16 07:04:43,287 [4cf87072-25ee-4787-92a3-b2afc0dd8746@group-4E02754E8B28-LeaderElection199] INFO  impl.RoleInfo (RoleInfo.java:updateAndGet(143)) - 4cf87072-25ee-4787-92a3-b2afc0dd8746: start FollowerState
2019-10-16 07:04:43,288 [b5302d60-ac4a-4299-a5d4-a96d6362c2b9@group-4E02754E8B28-LeaderElection197] INFO  server.RaftServerConfigKeys (ConfUtils.java:logGet(43)) - raft.server.write.element-limit = 4096 (default)
2019-10-16 07:04:43,288 [b5302d60-ac4a-4299-a5d4-a96d6362c2b9@group-4E02754E8B28-LeaderElection197] INFO  server.RaftServerConfigKeys (ConfUtils.java:logGet(43)) - raft.server.watch.timeout = 10s (default)
2019-10-16 07:04:43,288 [b5302d60-ac4a-4299-a5d4-a96d6362c2b9@group-4E02754E8B28-LeaderElection197] INFO  server.RaftServerConfigKeys (ConfUtils.java:logGet(43)) - raft.server.watch.timeout.denomination = 1s (default)
2019-10-16 07:04:43,288 [b5302d60-ac4a-4299-a5d4-a96d6362c2b9@group-4E02754E8B28-LeaderElection197] INFO  server.RaftServerConfigKeys (ConfUtils.java:logGet(43)) - raft.server.watch.element-limit = 65536 (default)
2019-10-16 07:04:43,290 [b5302d60-ac4a-4299-a5d4-a96d6362c2b9@group-4E02754E8B28-LeaderElection197] INFO  server.RaftServerConfigKeys (ConfUtils.java:logGet(43)) - raft.server.log.appender.snapshot.chunk.size.max = 16MB (=16777216) (default)
2019-10-16 07:04:43,290 [b5302d60-ac4a-4299-a5d4-a96d6362c2b9@group-4E02754E8B28-LeaderElection197] INFO  server.RaftServerConfigKeys (ConfUtils.java:logGet(43)) - raft.server.log.appender.buffer.byte-limit = 33554432 (custom)
2019-10-16 07:04:43,290 [b5302d60-ac4a-4299-a5d4-a96d6362c2b9@group-4E02754E8B28-LeaderElection197] INFO  server.RaftServerConfigKeys (ConfUtils.java:logGet(43)) - raft.server.log.appender.buffer.element-limit = 1 (custom)
2019-10-16 07:04:43,290 [b5302d60-ac4a-4299-a5d4-a96d6362c2b9@group-4E02754E8B28-LeaderElection197] INFO  grpc.GrpcConfigKeys$Server (ConfUtils.java:logGet(43)) - raft.grpc.server.leader.outstanding.appends.max = 128 (default)
2019-10-16 07:04:43,291 [b5302d60-ac4a-4299-a5d4-a96d6362c2b9@group-4E02754E8B28-LeaderElection197] INFO  server.RaftServerConfigKeys (ConfUtils.java:logGet(43)) - raft.server.rpc.request.timeout = 3000ms (default)
2019-10-16 07:04:43,291 [b5302d60-ac4a-4299-a5d4-a96d6362c2b9@group-4E02754E8B28-LeaderElection197] INFO  server.RaftServerConfigKeys (ConfUtils.java:logGet(43)) - raft.server.log.appender.install.snapshot.enabled = false (custom)
2019-10-16 07:04:43,292 [b5302d60-ac4a-4299-a5d4-a96d6362c2b9@group-4E02754E8B28-LeaderElection197] INFO  server.RaftServerConfigKeys (ConfUtils.java:logGet(43)) - raft.server.log.appender.snapshot.chunk.size.max = 16MB (=16777216) (default)
2019-10-16 07:04:43,293 [b5302d60-ac4a-4299-a5d4-a96d6362c2b9@group-4E02754E8B28-LeaderElection197] INFO  server.RaftServerConfigKeys (ConfUtils.java:logGet(43)) - raft.server.log.appender.buffer.byte-limit = 33554432 (custom)
2019-10-16 07:04:43,293 [b5302d60-ac4a-4299-a5d4-a96d6362c2b9@group-4E02754E8B28-LeaderElection197] INFO  server.RaftServerConfigKeys (ConfUtils.java:logGet(43)) - raft.server.log.appender.buffer.element-limit = 1 (custom)
2019-10-16 07:04:43,293 [b5302d60-ac4a-4299-a5d4-a96d6362c2b9@group-4E02754E8B28-LeaderElection197] INFO  grpc.GrpcConfigKeys$Server (ConfUtils.java:logGet(43)) - raft.grpc.server.leader.outstanding.appends.max = 128 (default)
2019-10-16 07:04:43,293 [b5302d60-ac4a-4299-a5d4-a96d6362c2b9@group-4E02754E8B28-LeaderElection197] INFO  server.RaftServerConfigKeys (ConfUtils.java:logGet(43)) - raft.server.rpc.request.timeout = 3000ms (default)
2019-10-16 07:04:43,293 [b5302d60-ac4a-4299-a5d4-a96d6362c2b9@group-4E02754E8B28-LeaderElection197] INFO  server.RaftServerConfigKeys (ConfUtils.java:logGet(43)) - raft.server.log.appender.install.snapshot.enabled = false (custom)
2019-10-16 07:04:43,295 [b5302d60-ac4a-4299-a5d4-a96d6362c2b9@group-4E02754E8B28-LeaderElection197] INFO  impl.RoleInfo (RoleInfo.java:updateAndGet(143)) - b5302d60-ac4a-4299-a5d4-a96d6362c2b9: start LeaderState
2019-10-16 07:04:43,295 [b5302d60-ac4a-4299-a5d4-a96d6362c2b9@group-4E02754E8B28-LeaderElection197] INFO  segmented.SegmentedRaftLogWorker (SegmentedRaftLogWorker.java:startLogSegment(385)) - b5302d60-ac4a-4299-a5d4-a96d6362c2b9@group-4E02754E8B28-SegmentedRaftLogWorker: Starting segment from index:0
2019-10-16 07:04:43,296 [b5302d60-ac4a-4299-a5d4-a96d6362c2b9@group-4E02754E8B28-LeaderElection197] INFO  impl.RaftServerImpl (ServerState.java:setRaftConf(357)) - b5302d60-ac4a-4299-a5d4-a96d6362c2b9@group-4E02754E8B28: set configuration 0: [d9e715d4-26a3-4aaf-ba7a-4a4b2917804f:192.168.69.104:33750, 4cf87072-25ee-4787-92a3-b2afc0dd8746:192.168.69.104:42085, b5302d60-ac4a-4299-a5d4-a96d6362c2b9:192.168.69.104:35014], old=null at 0
2019-10-16 07:04:43,297 [grpc-default-executor-2] INFO  impl.RaftServerImpl (ServerState.java:setLeader(256)) - 4cf87072-25ee-4787-92a3-b2afc0dd8746@group-4E02754E8B28: change Leader from null to b5302d60-ac4a-4299-a5d4-a96d6362c2b9 at term 2 for appendEntries, leader elected after 201ms
2019-10-16 07:04:43,297 [grpc-default-executor-0] INFO  impl.RaftServerImpl (ServerState.java:setLeader(256)) - d9e715d4-26a3-4aaf-ba7a-4a4b2917804f@group-4E02754E8B28: change Leader from null to b5302d60-ac4a-4299-a5d4-a96d6362c2b9 at term 2 for appendEntries, leader elected after 200ms
2019-10-16 07:04:43,300 [grpc-default-executor-0] INFO  impl.RaftServerImpl (ServerState.java:setRaftConf(357)) - d9e715d4-26a3-4aaf-ba7a-4a4b2917804f@group-4E02754E8B28: set configuration 0: [d9e715d4-26a3-4aaf-ba7a-4a4b2917804f:192.168.69.104:33750, 4cf87072-25ee-4787-92a3-b2afc0dd8746:192.168.69.104:42085, b5302d60-ac4a-4299-a5d4-a96d6362c2b9:192.168.69.104:35014], old=null at 0
2019-10-16 07:04:43,300 [grpc-default-executor-2] INFO  impl.RaftServerImpl (ServerState.java:setRaftConf(357)) - 4cf87072-25ee-4787-92a3-b2afc0dd8746@group-4E02754E8B28: set configuration 0: [d9e715d4-26a3-4aaf-ba7a-4a4b2917804f:192.168.69.104:33750, 4cf87072-25ee-4787-92a3-b2afc0dd8746:192.168.69.104:42085, b5302d60-ac4a-4299-a5d4-a96d6362c2b9:192.168.69.104:35014], old=null at 0
2019-10-16 07:04:43,300 [grpc-default-executor-0] INFO  segmented.SegmentedRaftLogWorker (SegmentedRaftLogWorker.java:startLogSegment(385)) - d9e715d4-26a3-4aaf-ba7a-4a4b2917804f@group-4E02754E8B28-SegmentedRaftLogWorker: Starting segment from index:0
2019-10-16 07:04:43,301 [grpc-default-executor-2] INFO  segmented.SegmentedRaftLogWorker (SegmentedRaftLogWorker.java:startLogSegment(385)) - 4cf87072-25ee-4787-92a3-b2afc0dd8746@group-4E02754E8B28-SegmentedRaftLogWorker: Starting segment from index:0
2019-10-16 07:04:43,364 [d9e715d4-26a3-4aaf-ba7a-4a4b2917804f@group-4E02754E8B28-SegmentedRaftLogWorker] INFO  segmented.SegmentedRaftLogWorker (SegmentedRaftLogWorker.java:execute(576)) - d9e715d4-26a3-4aaf-ba7a-4a4b2917804f@group-4E02754E8B28-SegmentedRaftLogWorker: created new log segment /workdir/hadoop-ozone/ozonefs/target/test-dir/MiniOzoneClusterImpl-95452fb2-cc0a-41df-83f6-d45a8763a348/datanode-1/data/ratis/d9e8360e-d05c-425b-8364-4e02754e8b28/current/log_inprogress_0
2019-10-16 07:04:43,364 [b5302d60-ac4a-4299-a5d4-a96d6362c2b9@group-4E02754E8B28-SegmentedRaftLogWorker] INFO  segmented.SegmentedRaftLogWorker (SegmentedRaftLogWorker.java:execute(576)) - b5302d60-ac4a-4299-a5d4-a96d6362c2b9@group-4E02754E8B28-SegmentedRaftLogWorker: created new log segment /workdir/hadoop-ozone/ozonefs/target/test-dir/MiniOzoneClusterImpl-95452fb2-cc0a-41df-83f6-d45a8763a348/datanode-0/data/ratis/d9e8360e-d05c-425b-8364-4e02754e8b28/current/log_inprogress_0
2019-10-16 07:04:43,364 [4cf87072-25ee-4787-92a3-b2afc0dd8746@group-4E02754E8B28-SegmentedRaftLogWorker] INFO  segmented.SegmentedRaftLogWorker (SegmentedRaftLogWorker.java:execute(576)) - 4cf87072-25ee-4787-92a3-b2afc0dd8746@group-4E02754E8B28-SegmentedRaftLogWorker: created new log segment /workdir/hadoop-ozone/ozonefs/target/test-dir/MiniOzoneClusterImpl-95452fb2-cc0a-41df-83f6-d45a8763a348/datanode-2/data/ratis/d9e8360e-d05c-425b-8364-4e02754e8b28/current/log_inprogress_0
2019-10-16 07:04:45,815 [Thread-2239] INFO  container.ReplicationManager (ReplicationManager.java:start(162)) - Starting Replication Monitor Thread.
2019-10-16 07:04:45,818 [ReplicationMonitor] INFO  container.ReplicationManager (ReplicationManager.java:run(225)) - Replication Monitor Thread took 1 milliseconds for processing 1 containers.
2019-10-16 07:04:45,888 [IPC Server handler 1 on 44727] ERROR lock.LockManager (LockManager.java:getLockForReleasing(218)) - Trying to release the lock on /mwffqszrhu/sdzkkzfjxw, which was never acquired.
2019-10-16 07:04:45,889 [IPC Server handler 1 on 44727] WARN  ipc.Server (Server.java:logException(2724)) - IPC Server handler 1 on 44727, call Call#163 Retry#0 org.apache.hadoop.ozone.om.protocol.OzoneManagerProtocol.submitRequest from 127.0.0.1:53008
java.lang.IllegalMonitorStateException: Releasing lock on resource /mwffqszrhu/sdzkkzfjxw without acquiring lock
	at org.apache.hadoop.ozone.lock.LockManager.getLockForReleasing(LockManager.java:220)
	at org.apache.hadoop.ozone.lock.LockManager.release(LockManager.java:168)
	at org.apache.hadoop.ozone.lock.LockManager.writeUnlock(LockManager.java:148)
	at org.apache.hadoop.ozone.om.lock.OzoneManagerLock.unlock(OzoneManagerLock.java:364)
	at org.apache.hadoop.ozone.om.lock.OzoneManagerLock.releaseWriteLock(OzoneManagerLock.java:329)
	at org.apache.hadoop.ozone.om.request.key.OMKeyCommitRequest.validateAndUpdateCache(OMKeyCommitRequest.java:177)
	at org.apache.hadoop.ozone.protocolPB.OzoneManagerProtocolServerSideTranslatorPB.submitRequestDirectlyToOM(OzoneManagerProtocolServerSideTranslatorPB.java:219)
	at org.apache.hadoop.ozone.protocolPB.OzoneManagerProtocolServerSideTranslatorPB.processRequest(OzoneManagerProtocolServerSideTranslatorPB.java:134)
	at org.apache.hadoop.hdds.server.OzoneProtocolMessageDispatcher.processRequest(OzoneProtocolMessageDispatcher.java:72)
	at org.apache.hadoop.ozone.protocolPB.OzoneManagerProtocolServerSideTranslatorPB.submitRequest(OzoneManagerProtocolServerSideTranslatorPB.java:100)
	at org.apache.hadoop.ozone.protocol.proto.OzoneManagerProtocolProtos$OzoneManagerService$2.callBlockingMethod(OzoneManagerProtocolProtos.java)
	at org.apache.hadoop.ipc.ProtobufRpcEngine$Server$ProtoBufRpcInvoker.call(ProtobufRpcEngine.java:524)
	at org.apache.hadoop.ipc.RPC$Server.call(RPC.java:1025)
	at org.apache.hadoop.ipc.Server$RpcCall.run(Server.java:876)
	at org.apache.hadoop.ipc.Server$RpcCall.run(Server.java:822)
	at java.security.AccessController.doPrivileged(Native Method)
	at javax.security.auth.Subject.doAs(Subject.java:422)
	at org.apache.hadoop.security.UserGroupInformation.doAs(UserGroupInformation.java:1730)
	at org.apache.hadoop.ipc.Server$Handler.run(Server.java:2682)
2019-10-16 07:04:45,896 [main] INFO  retry.RetryInvocationHandler (RetryInvocationHandler.java:log(411)) - com.google.protobuf.ServiceException: org.apache.hadoop.ipc.RemoteException(java.lang.IllegalMonitorStateException): Releasing lock on resource /mwffqszrhu/sdzkkzfjxw without acquiring lock
	at org.apache.hadoop.ozone.lock.LockManager.getLockForReleasing(LockManager.java:220)
	at org.apache.hadoop.ozone.lock.LockManager.release(LockManager.java:168)
	at org.apache.hadoop.ozone.lock.LockManager.writeUnlock(LockManager.java:148)
	at org.apache.hadoop.ozone.om.lock.OzoneManagerLock.unlock(OzoneManagerLock.java:364)
	at org.apache.hadoop.ozone.om.lock.OzoneManagerLock.releaseWriteLock(OzoneManagerLock.java:329)
	at org.apache.hadoop.ozone.om.request.key.OMKeyCommitRequest.validateAndUpdateCache(OMKeyCommitRequest.java:177)
	at org.apache.hadoop.ozone.protocolPB.OzoneManagerProtocolServerSideTranslatorPB.submitRequestDirectlyToOM(OzoneManagerProtocolServerSideTranslatorPB.java:219)
	at org.apache.hadoop.ozone.protocolPB.OzoneManagerProtocolServerSideTranslatorPB.processRequest(OzoneManagerProtocolServerSideTranslatorPB.java:134)
	at org.apache.hadoop.hdds.server.OzoneProtocolMessageDispatcher.processRequest(OzoneProtocolMessageDispatcher.java:72)
	at org.apache.hadoop.ozone.protocolPB.OzoneManagerProtocolServerSideTranslatorPB.submitRequest(OzoneManagerProtocolServerSideTranslatorPB.java:100)
	at org.apache.hadoop.ozone.protocol.proto.OzoneManagerProtocolProtos$OzoneManagerService$2.callBlockingMethod(OzoneManagerProtocolProtos.java)
	at org.apache.hadoop.ipc.ProtobufRpcEngine$Server$ProtoBufRpcInvoker.call(ProtobufRpcEngine.java:524)
	at org.apache.hadoop.ipc.RPC$Server.call(RPC.java:1025)
	at org.apache.hadoop.ipc.Server$RpcCall.run(Server.java:876)
	at org.apache.hadoop.ipc.Server$RpcCall.run(Server.java:822)
	at java.security.AccessController.doPrivileged(Native Method)
	at javax.security.auth.Subject.doAs(Subject.java:422)
	at org.apache.hadoop.security.UserGroupInformation.doAs(UserGroupInformation.java:1730)
	at org.apache.hadoop.ipc.Server$Handler.run(Server.java:2682)
, while invoking $Proxy38.submitRequest over nodeId=null,nodeAddress=localhost:44727. Trying to failover immediately.
2019-10-16 07:04:45,901 [IPC Server handler 0 on 44727] ERROR lock.LockManager (LockManager.java:getLockForReleasing(218)) - Trying to release the lock on /mwffqszrhu/sdzkkzfjxw, which was never acquired.
2019-10-16 07:04:45,901 [IPC Server handler 0 on 44727] WARN  ipc.Server (Server.java:logException(2724)) - IPC Server handler 0 on 44727, call Call#163 Retry#1 org.apache.hadoop.ozone.om.protocol.OzoneManagerProtocol.submitRequest from 127.0.0.1:53008
java.lang.IllegalMonitorStateException: Releasing lock on resource /mwffqszrhu/sdzkkzfjxw without acquiring lock
	at org.apache.hadoop.ozone.lock.LockManager.getLockForReleasing(LockManager.java:220)
	at org.apache.hadoop.ozone.lock.LockManager.release(LockManager.java:168)
	at org.apache.hadoop.ozone.lock.LockManager.writeUnlock(LockManager.java:148)
	at org.apache.hadoop.ozone.om.lock.OzoneManagerLock.unlock(OzoneManagerLock.java:364)
	at org.apache.hadoop.ozone.om.lock.OzoneManagerLock.releaseWriteLock(OzoneManagerLock.java:329)
	at org.apache.hadoop.ozone.om.request.key.OMKeyCommitRequest.validateAndUpdateCache(OMKeyCommitRequest.java:177)
	at org.apache.hadoop.ozone.protocolPB.OzoneManagerProtocolServerSideTranslatorPB.submitRequestDirectlyToOM(OzoneManagerProtocolServerSideTranslatorPB.java:219)
	at org.apache.hadoop.ozone.protocolPB.OzoneManagerProtocolServerSideTranslatorPB.processRequest(OzoneManagerProtocolServerSideTranslatorPB.java:134)
	at org.apache.hadoop.hdds.server.OzoneProtocolMessageDispatcher.processRequest(OzoneProtocolMessageDispatcher.java:72)
	at org.apache.hadoop.ozone.protocolPB.OzoneManagerProtocolServerSideTranslatorPB.submitRequest(OzoneManagerProtocolServerSideTranslatorPB.java:100)
	at org.apache.hadoop.ozone.protocol.proto.OzoneManagerProtocolProtos$OzoneManagerService$2.callBlockingMethod(OzoneManagerProtocolProtos.java)
	at org.apache.hadoop.ipc.ProtobufRpcEngine$Server$ProtoBufRpcInvoker.call(ProtobufRpcEngine.java:524)
	at org.apache.hadoop.ipc.RPC$Server.call(RPC.java:1025)
	at org.apache.hadoop.ipc.Server$RpcCall.run(Server.java:876)
	at org.apache.hadoop.ipc.Server$RpcCall.run(Server.java:822)
	at java.security.AccessController.doPrivileged(Native Method)
	at javax.security.auth.Subject.doAs(Subject.java:422)
	at org.apache.hadoop.security.UserGroupInformation.doAs(UserGroupInformation.java:1730)
	at org.apache.hadoop.ipc.Server$Handler.run(Server.java:2682)
2019-10-16 07:04:45,904 [main] INFO  retry.RetryInvocationHandler (RetryInvocationHandler.java:log(411)) - com.google.protobuf.ServiceException: org.apache.hadoop.ipc.RemoteException(java.lang.IllegalMonitorStateException): Releasing lock on resource /mwffqszrhu/sdzkkzfjxw without acquiring lock
	at org.apache.hadoop.ozone.lock.LockManager.getLockForReleasing(LockManager.java:220)
	at org.apache.hadoop.ozone.lock.LockManager.release(LockManager.java:168)
	at org.apache.hadoop.ozone.lock.LockManager.writeUnlock(LockManager.java:148)
	at org.apache.hadoop.ozone.om.lock.OzoneManagerLock.unlock(OzoneManagerLock.java:364)
	at org.apache.hadoop.ozone.om.lock.OzoneManagerLock.releaseWriteLock(OzoneManagerLock.java:329)
	at org.apache.hadoop.ozone.om.request.key.OMKeyCommitRequest.validateAndUpdateCache(OMKeyCommitRequest.java:177)
	at org.apache.hadoop.ozone.protocolPB.OzoneManagerProtocolServerSideTranslatorPB.submitRequestDirectlyToOM(OzoneManagerProtocolServerSideTranslatorPB.java:219)
	at org.apache.hadoop.ozone.protocolPB.OzoneManagerProtocolServerSideTranslatorPB.processRequest(OzoneManagerProtocolServerSideTranslatorPB.java:134)
	at org.apache.hadoop.hdds.server.OzoneProtocolMessageDispatcher.processRequest(OzoneProtocolMessageDispatcher.java:72)
	at org.apache.hadoop.ozone.protocolPB.OzoneManagerProtocolServerSideTranslatorPB.submitRequest(OzoneManagerProtocolServerSideTranslatorPB.java:100)
	at org.apache.hadoop.ozone.protocol.proto.OzoneManagerProtocolProtos$OzoneManagerService$2.callBlockingMethod(OzoneManagerProtocolProtos.java)
	at org.apache.hadoop.ipc.ProtobufRpcEngine$Server$ProtoBufRpcInvoker.call(ProtobufRpcEngine.java:524)
	at org.apache.hadoop.ipc.RPC$Server.call(RPC.java:1025)
	at org.apache.hadoop.ipc.Server$RpcCall.run(Server.java:876)
	at org.apache.hadoop.ipc.Server$RpcCall.run(Server.java:822)
	at java.security.AccessController.doPrivileged(Native Method)
	at javax.security.auth.Subject.doAs(Subject.java:422)
	at org.apache.hadoop.security.UserGroupInformation.doAs(UserGroupInformation.java:1730)
	at org.apache.hadoop.ipc.Server$Handler.run(Server.java:2682)
, while invoking $Proxy38.submitRequest over nodeId=null,nodeAddress=localhost:44727 after 1 failover attempts. Trying to failover immediately.
2019-10-16 07:04:45,910 [IPC Server handler 3 on 44727] ERROR lock.LockManager (LockManager.java:getLockForReleasing(218)) - Trying to release the lock on /mwffqszrhu/sdzkkzfjxw, which was never acquired.
2019-10-16 07:04:45,910 [IPC Server handler 3 on 44727] WARN  ipc.Server (Server.java:logException(2724)) - IPC Server handler 3 on 44727, call Call#163 Retry#2 org.apache.hadoop.ozone.om.protocol.OzoneManagerProtocol.submitRequest from 127.0.0.1:53008
java.lang.IllegalMonitorStateException: Releasing lock on resource /mwffqszrhu/sdzkkzfjxw without acquiring lock
	at org.apache.hadoop.ozone.lock.LockManager.getLockForReleasing(LockManager.java:220)
	at org.apache.hadoop.ozone.lock.LockManager.release(LockManager.java:168)
	at org.apache.hadoop.ozone.lock.LockManager.writeUnlock(LockManager.java:148)
	at org.apache.hadoop.ozone.om.lock.OzoneManagerLock.unlock(OzoneManagerLock.java:364)
	at org.apache.hadoop.ozone.om.lock.OzoneManagerLock.releaseWriteLock(OzoneManagerLock.java:329)
	at org.apache.hadoop.ozone.om.request.key.OMKeyCommitRequest.validateAndUpdateCache(OMKeyCommitRequest.java:177)
	at org.apache.hadoop.ozone.protocolPB.OzoneManagerProtocolServerSideTranslatorPB.submitRequestDirectlyToOM(OzoneManagerProtocolServerSideTranslatorPB.java:219)
	at org.apache.hadoop.ozone.protocolPB.OzoneManagerProtocolServerSideTranslatorPB.processRequest(OzoneManagerProtocolServerSideTranslatorPB.java:134)
	at org.apache.hadoop.hdds.server.OzoneProtocolMessageDispatcher.processRequest(OzoneProtocolMessageDispatcher.java:72)
	at org.apache.hadoop.ozone.protocolPB.OzoneManagerProtocolServerSideTranslatorPB.submitRequest(OzoneManagerProtocolServerSideTranslatorPB.java:100)
	at org.apache.hadoop.ozone.protocol.proto.OzoneManagerProtocolProtos$OzoneManagerService$2.callBlockingMethod(OzoneManagerProtocolProtos.java)
	at org.apache.hadoop.ipc.ProtobufRpcEngine$Server$ProtoBufRpcInvoker.call(ProtobufRpcEngine.java:524)
	at org.apache.hadoop.ipc.RPC$Server.call(RPC.java:1025)
	at org.apache.hadoop.ipc.Server$RpcCall.run(Server.java:876)
	at org.apache.hadoop.ipc.Server$RpcCall.run(Server.java:822)
	at java.security.AccessController.doPrivileged(Native Method)
	at javax.security.auth.Subject.doAs(Subject.java:422)
	at org.apache.hadoop.security.UserGroupInformation.doAs(UserGroupInformation.java:1730)
	at org.apache.hadoop.ipc.Server$Handler.run(Server.java:2682)
2019-10-16 07:04:45,912 [main] INFO  retry.RetryInvocationHandler (RetryInvocationHandler.java:log(411)) - com.google.protobuf.ServiceException: org.apache.hadoop.ipc.RemoteException(java.lang.IllegalMonitorStateException): Releasing lock on resource /mwffqszrhu/sdzkkzfjxw without acquiring lock
	at org.apache.hadoop.ozone.lock.LockManager.getLockForReleasing(LockManager.java:220)
	at org.apache.hadoop.ozone.lock.LockManager.release(LockManager.java:168)
	at org.apache.hadoop.ozone.lock.LockManager.writeUnlock(LockManager.java:148)
	at org.apache.hadoop.ozone.om.lock.OzoneManagerLock.unlock(OzoneManagerLock.java:364)
	at org.apache.hadoop.ozone.om.lock.OzoneManagerLock.releaseWriteLock(OzoneManagerLock.java:329)
	at org.apache.hadoop.ozone.om.request.key.OMKeyCommitRequest.validateAndUpdateCache(OMKeyCommitRequest.java:177)
	at org.apache.hadoop.ozone.protocolPB.OzoneManagerProtocolServerSideTranslatorPB.submitRequestDirectlyToOM(OzoneManagerProtocolServerSideTranslatorPB.java:219)
	at org.apache.hadoop.ozone.protocolPB.OzoneManagerProtocolServerSideTranslatorPB.processRequest(OzoneManagerProtocolServerSideTranslatorPB.java:134)
	at org.apache.hadoop.hdds.server.OzoneProtocolMessageDispatcher.processRequest(OzoneProtocolMessageDispatcher.java:72)
	at org.apache.hadoop.ozone.protocolPB.OzoneManagerProtocolServerSideTranslatorPB.submitRequest(OzoneManagerProtocolServerSideTranslatorPB.java:100)
	at org.apache.hadoop.ozone.protocol.proto.OzoneManagerProtocolProtos$OzoneManagerService$2.callBlockingMethod(OzoneManagerProtocolProtos.java)
	at org.apache.hadoop.ipc.ProtobufRpcEngine$Server$ProtoBufRpcInvoker.call(ProtobufRpcEngine.java:524)
	at org.apache.hadoop.ipc.RPC$Server.call(RPC.java:1025)
	at org.apache.hadoop.ipc.Server$RpcCall.run(Server.java:876)
	at org.apache.hadoop.ipc.Server$RpcCall.run(Server.java:822)
	at java.security.AccessController.doPrivileged(Native Method)
	at javax.security.auth.Subject.doAs(Subject.java:422)
	at org.apache.hadoop.security.UserGroupInformation.doAs(UserGroupInformation.java:1730)
	at org.apache.hadoop.ipc.Server$Handler.run(Server.java:2682)
, while invoking $Proxy38.submitRequest over nodeId=null,nodeAddress=localhost:44727 after 2 failover attempts. Trying to failover immediately.
2019-10-16 07:04:45,915 [IPC Server handler 4 on 44727] ERROR lock.LockManager (LockManager.java:getLockForReleasing(218)) - Trying to release the lock on /mwffqszrhu/sdzkkzfjxw, which was never acquired.
2019-10-16 07:04:45,915 [IPC Server handler 4 on 44727] WARN  ipc.Server (Server.java:logException(2724)) - IPC Server handler 4 on 44727, call Call#163 Retry#3 org.apache.hadoop.ozone.om.protocol.OzoneManagerProtocol.submitRequest from 127.0.0.1:53008
java.lang.IllegalMonitorStateException: Releasing lock on resource /mwffqszrhu/sdzkkzfjxw without acquiring lock
	at org.apache.hadoop.ozone.lock.LockManager.getLockForReleasing(LockManager.java:220)
	at org.apache.hadoop.ozone.lock.LockManager.release(LockManager.java:168)
	at org.apache.hadoop.ozone.lock.LockManager.writeUnlock(LockManager.java:148)
	at org.apache.hadoop.ozone.om.lock.OzoneManagerLock.unlock(OzoneManagerLock.java:364)
	at org.apache.hadoop.ozone.om.lock.OzoneManagerLock.releaseWriteLock(OzoneManagerLock.java:329)
	at org.apache.hadoop.ozone.om.request.key.OMKeyCommitRequest.validateAndUpdateCache(OMKeyCommitRequest.java:177)
	at org.apache.hadoop.ozone.protocolPB.OzoneManagerProtocolServerSideTranslatorPB.submitRequestDirectlyToOM(OzoneManagerProtocolServerSideTranslatorPB.java:219)
	at org.apache.hadoop.ozone.protocolPB.OzoneManagerProtocolServerSideTranslatorPB.processRequest(OzoneManagerProtocolServerSideTranslatorPB.java:134)
	at org.apache.hadoop.hdds.server.OzoneProtocolMessageDispatcher.processRequest(OzoneProtocolMessageDispatcher.java:72)
	at org.apache.hadoop.ozone.protocolPB.OzoneManagerProtocolServerSideTranslatorPB.submitRequest(OzoneManagerProtocolServerSideTranslatorPB.java:100)
	at org.apache.hadoop.ozone.protocol.proto.OzoneManagerProtocolProtos$OzoneManagerService$2.callBlockingMethod(OzoneManagerProtocolProtos.java)
	at org.apache.hadoop.ipc.ProtobufRpcEngine$Server$ProtoBufRpcInvoker.call(ProtobufRpcEngine.java:524)
	at org.apache.hadoop.ipc.RPC$Server.call(RPC.java:1025)
	at org.apache.hadoop.ipc.Server$RpcCall.run(Server.java:876)
	at org.apache.hadoop.ipc.Server$RpcCall.run(Server.java:822)
	at java.security.AccessController.doPrivileged(Native Method)
	at javax.security.auth.Subject.doAs(Subject.java:422)
	at org.apache.hadoop.security.UserGroupInformation.doAs(UserGroupInformation.java:1730)
	at org.apache.hadoop.ipc.Server$Handler.run(Server.java:2682)
2019-10-16 07:04:45,917 [main] INFO  retry.RetryInvocationHandler (RetryInvocationHandler.java:log(411)) - com.google.protobuf.ServiceException: org.apache.hadoop.ipc.RemoteException(java.lang.IllegalMonitorStateException): Releasing lock on resource /mwffqszrhu/sdzkkzfjxw without acquiring lock
	at org.apache.hadoop.ozone.lock.LockManager.getLockForReleasing(LockManager.java:220)
	at org.apache.hadoop.ozone.lock.LockManager.release(LockManager.java:168)
	at org.apache.hadoop.ozone.lock.LockManager.writeUnlock(LockManager.java:148)
	at org.apache.hadoop.ozone.om.lock.OzoneManagerLock.unlock(OzoneManagerLock.java:364)
	at org.apache.hadoop.ozone.om.lock.OzoneManagerLock.releaseWriteLock(OzoneManagerLock.java:329)
	at org.apache.hadoop.ozone.om.request.key.OMKeyCommitRequest.validateAndUpdateCache(OMKeyCommitRequest.java:177)
	at org.apache.hadoop.ozone.protocolPB.OzoneManagerProtocolServerSideTranslatorPB.submitRequestDirectlyToOM(OzoneManagerProtocolServerSideTranslatorPB.java:219)
	at org.apache.hadoop.ozone.protocolPB.OzoneManagerProtocolServerSideTranslatorPB.processRequest(OzoneManagerProtocolServerSideTranslatorPB.java:134)
	at org.apache.hadoop.hdds.server.OzoneProtocolMessageDispatcher.processRequest(OzoneProtocolMessageDispatcher.java:72)
	at org.apache.hadoop.ozone.protocolPB.OzoneManagerProtocolServerSideTranslatorPB.submitRequest(OzoneManagerProtocolServerSideTranslatorPB.java:100)
	at org.apache.hadoop.ozone.protocol.proto.OzoneManagerProtocolProtos$OzoneManagerService$2.callBlockingMethod(OzoneManagerProtocolProtos.java)
	at org.apache.hadoop.ipc.ProtobufRpcEngine$Server$ProtoBufRpcInvoker.call(ProtobufRpcEngine.java:524)
	at org.apache.hadoop.ipc.RPC$Server.call(RPC.java:1025)
	at org.apache.hadoop.ipc.Server$RpcCall.run(Server.java:876)
	at org.apache.hadoop.ipc.Server$RpcCall.run(Server.java:822)
	at java.security.AccessController.doPrivileged(Native Method)
	at javax.security.auth.Subject.doAs(Subject.java:422)
	at org.apache.hadoop.security.UserGroupInformation.doAs(UserGroupInformation.java:1730)
	at org.apache.hadoop.ipc.Server$Handler.run(Server.java:2682)
, while invoking $Proxy38.submitRequest over nodeId=null,nodeAddress=localhost:44727 after 3 failover attempts. Trying to failover immediately.
2019-10-16 07:04:45,919 [IPC Server handler 5 on 44727] ERROR lock.LockManager (LockManager.java:getLockForReleasing(218)) - Trying to release the lock on /mwffqszrhu/sdzkkzfjxw, which was never acquired.
2019-10-16 07:04:45,919 [IPC Server handler 5 on 44727] WARN  ipc.Server (Server.java:logException(2724)) - IPC Server handler 5 on 44727, call Call#163 Retry#4 org.apache.hadoop.ozone.om.protocol.OzoneManagerProtocol.submitRequest from 127.0.0.1:53008
java.lang.IllegalMonitorStateException: Releasing lock on resource /mwffqszrhu/sdzkkzfjxw without acquiring lock
	at org.apache.hadoop.ozone.lock.LockManager.getLockForReleasing(LockManager.java:220)
	at org.apache.hadoop.ozone.lock.LockManager.release(LockManager.java:168)
	at org.apache.hadoop.ozone.lock.LockManager.writeUnlock(LockManager.java:148)
	at org.apache.hadoop.ozone.om.lock.OzoneManagerLock.unlock(OzoneManagerLock.java:364)
	at org.apache.hadoop.ozone.om.lock.OzoneManagerLock.releaseWriteLock(OzoneManagerLock.java:329)
	at org.apache.hadoop.ozone.om.request.key.OMKeyCommitRequest.validateAndUpdateCache(OMKeyCommitRequest.java:177)
	at org.apache.hadoop.ozone.protocolPB.OzoneManagerProtocolServerSideTranslatorPB.submitRequestDirectlyToOM(OzoneManagerProtocolServerSideTranslatorPB.java:219)
	at org.apache.hadoop.ozone.protocolPB.OzoneManagerProtocolServerSideTranslatorPB.processRequest(OzoneManagerProtocolServerSideTranslatorPB.java:134)
	at org.apache.hadoop.hdds.server.OzoneProtocolMessageDispatcher.processRequest(OzoneProtocolMessageDispatcher.java:72)
	at org.apache.hadoop.ozone.protocolPB.OzoneManagerProtocolServerSideTranslatorPB.submitRequest(OzoneManagerProtocolServerSideTranslatorPB.java:100)
	at org.apache.hadoop.ozone.protocol.proto.OzoneManagerProtocolProtos$OzoneManagerService$2.callBlockingMethod(OzoneManagerProtocolProtos.java)
	at org.apache.hadoop.ipc.ProtobufRpcEngine$Server$ProtoBufRpcInvoker.call(ProtobufRpcEngine.java:524)
	at org.apache.hadoop.ipc.RPC$Server.call(RPC.java:1025)
	at org.apache.hadoop.ipc.Server$RpcCall.run(Server.java:876)
	at org.apache.hadoop.ipc.Server$RpcCall.run(Server.java:822)
	at java.security.AccessController.doPrivileged(Native Method)
	at javax.security.auth.Subject.doAs(Subject.java:422)
	at org.apache.hadoop.security.UserGroupInformation.doAs(UserGroupInformation.java:1730)
	at org.apache.hadoop.ipc.Server$Handler.run(Server.java:2682)
2019-10-16 07:04:45,921 [main] INFO  retry.RetryInvocationHandler (RetryInvocationHandler.java:log(411)) - com.google.protobuf.ServiceException: org.apache.hadoop.ipc.RemoteException(java.lang.IllegalMonitorStateException): Releasing lock on resource /mwffqszrhu/sdzkkzfjxw without acquiring lock
	at org.apache.hadoop.ozone.lock.LockManager.getLockForReleasing(LockManager.java:220)
	at org.apache.hadoop.ozone.lock.LockManager.release(LockManager.java:168)
	at org.apache.hadoop.ozone.lock.LockManager.writeUnlock(LockManager.java:148)
	at org.apache.hadoop.ozone.om.lock.OzoneManagerLock.unlock(OzoneManagerLock.java:364)
	at org.apache.hadoop.ozone.om.lock.OzoneManagerLock.releaseWriteLock(OzoneManagerLock.java:329)
	at org.apache.hadoop.ozone.om.request.key.OMKeyCommitRequest.validateAndUpdateCache(OMKeyCommitRequest.java:177)
	at org.apache.hadoop.ozone.protocolPB.OzoneManagerProtocolServerSideTranslatorPB.submitRequestDirectlyToOM(OzoneManagerProtocolServerSideTranslatorPB.java:219)
	at org.apache.hadoop.ozone.protocolPB.OzoneManagerProtocolServerSideTranslatorPB.processRequest(OzoneManagerProtocolServerSideTranslatorPB.java:134)
	at org.apache.hadoop.hdds.server.OzoneProtocolMessageDispatcher.processRequest(OzoneProtocolMessageDispatcher.java:72)
	at org.apache.hadoop.ozone.protocolPB.OzoneManagerProtocolServerSideTranslatorPB.submitRequest(OzoneManagerProtocolServerSideTranslatorPB.java:100)
	at org.apache.hadoop.ozone.protocol.proto.OzoneManagerProtocolProtos$OzoneManagerService$2.callBlockingMethod(OzoneManagerProtocolProtos.java)
	at org.apache.hadoop.ipc.ProtobufRpcEngine$Server$ProtoBufRpcInvoker.call(ProtobufRpcEngine.java:524)
	at org.apache.hadoop.ipc.RPC$Server.call(RPC.java:1025)
	at org.apache.hadoop.ipc.Server$RpcCall.run(Server.java:876)
	at org.apache.hadoop.ipc.Server$RpcCall.run(Server.java:822)
	at java.security.AccessController.doPrivileged(Native Method)
	at javax.security.auth.Subject.doAs(Subject.java:422)
	at org.apache.hadoop.security.UserGroupInformation.doAs(UserGroupInformation.java:1730)
	at org.apache.hadoop.ipc.Server$Handler.run(Server.java:2682)
, while invoking $Proxy38.submitRequest over nodeId=null,nodeAddress=localhost:44727 after 4 failover attempts. Trying to failover immediately.
2019-10-16 07:04:45,924 [IPC Server handler 2 on 44727] ERROR lock.LockManager (LockManager.java:getLockForReleasing(218)) - Trying to release the lock on /mwffqszrhu/sdzkkzfjxw, which was never acquired.
2019-10-16 07:04:45,924 [IPC Server handler 2 on 44727] WARN  ipc.Server (Server.java:logException(2724)) - IPC Server handler 2 on 44727, call Call#163 Retry#5 org.apache.hadoop.ozone.om.protocol.OzoneManagerProtocol.submitRequest from 127.0.0.1:53008
java.lang.IllegalMonitorStateException: Releasing lock on resource /mwffqszrhu/sdzkkzfjxw without acquiring lock
	at org.apache.hadoop.ozone.lock.LockManager.getLockForReleasing(LockManager.java:220)
	at org.apache.hadoop.ozone.lock.LockManager.release(LockManager.java:168)
	at org.apache.hadoop.ozone.lock.LockManager.writeUnlock(LockManager.java:148)
	at org.apache.hadoop.ozone.om.lock.OzoneManagerLock.unlock(OzoneManagerLock.java:364)
	at org.apache.hadoop.ozone.om.lock.OzoneManagerLock.releaseWriteLock(OzoneManagerLock.java:329)
	at org.apache.hadoop.ozone.om.request.key.OMKeyCommitRequest.validateAndUpdateCache(OMKeyCommitRequest.java:177)
	at org.apache.hadoop.ozone.protocolPB.OzoneManagerProtocolServerSideTranslatorPB.submitRequestDirectlyToOM(OzoneManagerProtocolServerSideTranslatorPB.java:219)
	at org.apache.hadoop.ozone.protocolPB.OzoneManagerProtocolServerSideTranslatorPB.processRequest(OzoneManagerProtocolServerSideTranslatorPB.java:134)
	at org.apache.hadoop.hdds.server.OzoneProtocolMessageDispatcher.processRequest(OzoneProtocolMessageDispatcher.java:72)
	at org.apache.hadoop.ozone.protocolPB.OzoneManagerProtocolServerSideTranslatorPB.submitRequest(OzoneManagerProtocolServerSideTranslatorPB.java:100)
	at org.apache.hadoop.ozone.protocol.proto.OzoneManagerProtocolProtos$OzoneManagerService$2.callBlockingMethod(OzoneManagerProtocolProtos.java)
	at org.apache.hadoop.ipc.ProtobufRpcEngine$Server$ProtoBufRpcInvoker.call(ProtobufRpcEngine.java:524)
	at org.apache.hadoop.ipc.RPC$Server.call(RPC.java:1025)
	at org.apache.hadoop.ipc.Server$RpcCall.run(Server.java:876)
	at org.apache.hadoop.ipc.Server$RpcCall.run(Server.java:822)
	at java.security.AccessController.doPrivileged(Native Method)
	at javax.security.auth.Subject.doAs(Subject.java:422)
	at org.apache.hadoop.security.UserGroupInformation.doAs(UserGroupInformation.java:1730)
	at org.apache.hadoop.ipc.Server$Handler.run(Server.java:2682)
2019-10-16 07:04:45,926 [main] INFO  retry.RetryInvocationHandler (RetryInvocationHandler.java:log(411)) - com.google.protobuf.ServiceException: org.apache.hadoop.ipc.RemoteException(java.lang.IllegalMonitorStateException): Releasing lock on resource /mwffqszrhu/sdzkkzfjxw without acquiring lock
	at org.apache.hadoop.ozone.lock.LockManager.getLockForReleasing(LockManager.java:220)
	at org.apache.hadoop.ozone.lock.LockManager.release(LockManager.java:168)
	at org.apache.hadoop.ozone.lock.LockManager.writeUnlock(LockManager.java:148)
	at org.apache.hadoop.ozone.om.lock.OzoneManagerLock.unlock(OzoneManagerLock.java:364)
	at org.apache.hadoop.ozone.om.lock.OzoneManagerLock.releaseWriteLock(OzoneManagerLock.java:329)
	at org.apache.hadoop.ozone.om.request.key.OMKeyCommitRequest.validateAndUpdateCache(OMKeyCommitRequest.java:177)
	at org.apache.hadoop.ozone.protocolPB.OzoneManagerProtocolServerSideTranslatorPB.submitRequestDirectlyToOM(OzoneManagerProtocolServerSideTranslatorPB.java:219)
	at org.apache.hadoop.ozone.protocolPB.OzoneManagerProtocolServerSideTranslatorPB.processRequest(OzoneManagerProtocolServerSideTranslatorPB.java:134)
	at org.apache.hadoop.hdds.server.OzoneProtocolMessageDispatcher.processRequest(OzoneProtocolMessageDispatcher.java:72)
	at org.apache.hadoop.ozone.protocolPB.OzoneManagerProtocolServerSideTranslatorPB.submitRequest(OzoneManagerProtocolServerSideTranslatorPB.java:100)
	at org.apache.hadoop.ozone.protocol.proto.OzoneManagerProtocolProtos$OzoneManagerService$2.callBlockingMethod(OzoneManagerProtocolProtos.java)
	at org.apache.hadoop.ipc.ProtobufRpcEngine$Server$ProtoBufRpcInvoker.call(ProtobufRpcEngine.java:524)
	at org.apache.hadoop.ipc.RPC$Server.call(RPC.java:1025)
	at org.apache.hadoop.ipc.Server$RpcCall.run(Server.java:876)
	at org.apache.hadoop.ipc.Server$RpcCall.run(Server.java:822)
	at java.security.AccessController.doPrivileged(Native Method)
	at javax.security.auth.Subject.doAs(Subject.java:422)
	at org.apache.hadoop.security.UserGroupInformation.doAs(UserGroupInformation.java:1730)
	at org.apache.hadoop.ipc.Server$Handler.run(Server.java:2682)
, while invoking $Proxy38.submitRequest over nodeId=null,nodeAddress=localhost:44727 after 5 failover attempts. Trying to failover immediately.
2019-10-16 07:04:45,929 [IPC Server handler 7 on 44727] ERROR lock.LockManager (LockManager.java:getLockForReleasing(218)) - Trying to release the lock on /mwffqszrhu/sdzkkzfjxw, which was never acquired.
2019-10-16 07:04:45,929 [IPC Server handler 7 on 44727] WARN  ipc.Server (Server.java:logException(2724)) - IPC Server handler 7 on 44727, call Call#163 Retry#6 org.apache.hadoop.ozone.om.protocol.OzoneManagerProtocol.submitRequest from 127.0.0.1:53008
java.lang.IllegalMonitorStateException: Releasing lock on resource /mwffqszrhu/sdzkkzfjxw without acquiring lock
	at org.apache.hadoop.ozone.lock.LockManager.getLockForReleasing(LockManager.java:220)
	at org.apache.hadoop.ozone.lock.LockManager.release(LockManager.java:168)
	at org.apache.hadoop.ozone.lock.LockManager.writeUnlock(LockManager.java:148)
	at org.apache.hadoop.ozone.om.lock.OzoneManagerLock.unlock(OzoneManagerLock.java:364)
	at org.apache.hadoop.ozone.om.lock.OzoneManagerLock.releaseWriteLock(OzoneManagerLock.java:329)
	at org.apache.hadoop.ozone.om.request.key.OMKeyCommitRequest.validateAndUpdateCache(OMKeyCommitRequest.java:177)
	at org.apache.hadoop.ozone.protocolPB.OzoneManagerProtocolServerSideTranslatorPB.submitRequestDirectlyToOM(OzoneManagerProtocolServerSideTranslatorPB.java:219)
	at org.apache.hadoop.ozone.protocolPB.OzoneManagerProtocolServerSideTranslatorPB.processRequest(OzoneManagerProtocolServerSideTranslatorPB.java:134)
	at org.apache.hadoop.hdds.server.OzoneProtocolMessageDispatcher.processRequest(OzoneProtocolMessageDispatcher.java:72)
	at org.apache.hadoop.ozone.protocolPB.OzoneManagerProtocolServerSideTranslatorPB.submitRequest(OzoneManagerProtocolServerSideTranslatorPB.java:100)
	at org.apache.hadoop.ozone.protocol.proto.OzoneManagerProtocolProtos$OzoneManagerService$2.callBlockingMethod(OzoneManagerProtocolProtos.java)
	at org.apache.hadoop.ipc.ProtobufRpcEngine$Server$ProtoBufRpcInvoker.call(ProtobufRpcEngine.java:524)
	at org.apache.hadoop.ipc.RPC$Server.call(RPC.java:1025)
	at org.apache.hadoop.ipc.Server$RpcCall.run(Server.java:876)
	at org.apache.hadoop.ipc.Server$RpcCall.run(Server.java:822)
	at java.security.AccessController.doPrivileged(Native Method)
	at javax.security.auth.Subject.doAs(Subject.java:422)
	at org.apache.hadoop.security.UserGroupInformation.doAs(UserGroupInformation.java:1730)
	at org.apache.hadoop.ipc.Server$Handler.run(Server.java:2682)
2019-10-16 07:04:45,931 [main] INFO  retry.RetryInvocationHandler (RetryInvocationHandler.java:log(411)) - com.google.protobuf.ServiceException: org.apache.hadoop.ipc.RemoteException(java.lang.IllegalMonitorStateException): Releasing lock on resource /mwffqszrhu/sdzkkzfjxw without acquiring lock
	at org.apache.hadoop.ozone.lock.LockManager.getLockForReleasing(LockManager.java:220)
	at org.apache.hadoop.ozone.lock.LockManager.release(LockManager.java:168)
	at org.apache.hadoop.ozone.lock.LockManager.writeUnlock(LockManager.java:148)
	at org.apache.hadoop.ozone.om.lock.OzoneManagerLock.unlock(OzoneManagerLock.java:364)
	at org.apache.hadoop.ozone.om.lock.OzoneManagerLock.releaseWriteLock(OzoneManagerLock.java:329)
	at org.apache.hadoop.ozone.om.request.key.OMKeyCommitRequest.validateAndUpdateCache(OMKeyCommitRequest.java:177)
	at org.apache.hadoop.ozone.protocolPB.OzoneManagerProtocolServerSideTranslatorPB.submitRequestDirectlyToOM(OzoneManagerProtocolServerSideTranslatorPB.java:219)
	at org.apache.hadoop.ozone.protocolPB.OzoneManagerProtocolServerSideTranslatorPB.processRequest(OzoneManagerProtocolServerSideTranslatorPB.java:134)
	at org.apache.hadoop.hdds.server.OzoneProtocolMessageDispatcher.processRequest(OzoneProtocolMessageDispatcher.java:72)
	at org.apache.hadoop.ozone.protocolPB.OzoneManagerProtocolServerSideTranslatorPB.submitRequest(OzoneManagerProtocolServerSideTranslatorPB.java:100)
	at org.apache.hadoop.ozone.protocol.proto.OzoneManagerProtocolProtos$OzoneManagerService$2.callBlockingMethod(OzoneManagerProtocolProtos.java)
	at org.apache.hadoop.ipc.ProtobufRpcEngine$Server$ProtoBufRpcInvoker.call(ProtobufRpcEngine.java:524)
	at org.apache.hadoop.ipc.RPC$Server.call(RPC.java:1025)
	at org.apache.hadoop.ipc.Server$RpcCall.run(Server.java:876)
	at org.apache.hadoop.ipc.Server$RpcCall.run(Server.java:822)
	at java.security.AccessController.doPrivileged(Native Method)
	at javax.security.auth.Subject.doAs(Subject.java:422)
	at org.apache.hadoop.security.UserGroupInformation.doAs(UserGroupInformation.java:1730)
	at org.apache.hadoop.ipc.Server$Handler.run(Server.java:2682)
, while invoking $Proxy38.submitRequest over nodeId=null,nodeAddress=localhost:44727 after 6 failover attempts. Trying to failover immediately.
2019-10-16 07:04:45,944 [IPC Server handler 8 on 44727] ERROR lock.LockManager (LockManager.java:getLockForReleasing(218)) - Trying to release the lock on /mwffqszrhu/sdzkkzfjxw, which was never acquired.
2019-10-16 07:04:45,944 [IPC Server handler 8 on 44727] WARN  ipc.Server (Server.java:logException(2724)) - IPC Server handler 8 on 44727, call Call#163 Retry#7 org.apache.hadoop.ozone.om.protocol.OzoneManagerProtocol.submitRequest from 127.0.0.1:53008
java.lang.IllegalMonitorStateException: Releasing lock on resource /mwffqszrhu/sdzkkzfjxw without acquiring lock
	at org.apache.hadoop.ozone.lock.LockManager.getLockForReleasing(LockManager.java:220)
	at org.apache.hadoop.ozone.lock.LockManager.release(LockManager.java:168)
	at org.apache.hadoop.ozone.lock.LockManager.writeUnlock(LockManager.java:148)
	at org.apache.hadoop.ozone.om.lock.OzoneManagerLock.unlock(OzoneManagerLock.java:364)
	at org.apache.hadoop.ozone.om.lock.OzoneManagerLock.releaseWriteLock(OzoneManagerLock.java:329)
	at org.apache.hadoop.ozone.om.request.key.OMKeyCommitRequest.validateAndUpdateCache(OMKeyCommitRequest.java:177)
	at org.apache.hadoop.ozone.protocolPB.OzoneManagerProtocolServerSideTranslatorPB.submitRequestDirectlyToOM(OzoneManagerProtocolServerSideTranslatorPB.java:219)
	at org.apache.hadoop.ozone.protocolPB.OzoneManagerProtocolServerSideTranslatorPB.processRequest(OzoneManagerProtocolServerSideTranslatorPB.java:134)
	at org.apache.hadoop.hdds.server.OzoneProtocolMessageDispatcher.processRequest(OzoneProtocolMessageDispatcher.java:72)
	at org.apache.hadoop.ozone.protocolPB.OzoneManagerProtocolServerSideTranslatorPB.submitRequest(OzoneManagerProtocolServerSideTranslatorPB.java:100)
	at org.apache.hadoop.ozone.protocol.proto.OzoneManagerProtocolProtos$OzoneManagerService$2.callBlockingMethod(OzoneManagerProtocolProtos.java)
	at org.apache.hadoop.ipc.ProtobufRpcEngine$Server$ProtoBufRpcInvoker.call(ProtobufRpcEngine.java:524)
	at org.apache.hadoop.ipc.RPC$Server.call(RPC.java:1025)
	at org.apache.hadoop.ipc.Server$RpcCall.run(Server.java:876)
	at org.apache.hadoop.ipc.Server$RpcCall.run(Server.java:822)
	at java.security.AccessController.doPrivileged(Native Method)
	at javax.security.auth.Subject.doAs(Subject.java:422)
	at org.apache.hadoop.security.UserGroupInformation.doAs(UserGroupInformation.java:1730)
	at org.apache.hadoop.ipc.Server$Handler.run(Server.java:2682)
2019-10-16 07:04:45,946 [main] INFO  retry.RetryInvocationHandler (RetryInvocationHandler.java:log(411)) - com.google.protobuf.ServiceException: org.apache.hadoop.ipc.RemoteException(java.lang.IllegalMonitorStateException): Releasing lock on resource /mwffqszrhu/sdzkkzfjxw without acquiring lock
	at org.apache.hadoop.ozone.lock.LockManager.getLockForReleasing(LockManager.java:220)
	at org.apache.hadoop.ozone.lock.LockManager.release(LockManager.java:168)
	at org.apache.hadoop.ozone.lock.LockManager.writeUnlock(LockManager.java:148)
	at org.apache.hadoop.ozone.om.lock.OzoneManagerLock.unlock(OzoneManagerLock.java:364)
	at org.apache.hadoop.ozone.om.lock.OzoneManagerLock.releaseWriteLock(OzoneManagerLock.java:329)
	at org.apache.hadoop.ozone.om.request.key.OMKeyCommitRequest.validateAndUpdateCache(OMKeyCommitRequest.java:177)
	at org.apache.hadoop.ozone.protocolPB.OzoneManagerProtocolServerSideTranslatorPB.submitRequestDirectlyToOM(OzoneManagerProtocolServerSideTranslatorPB.java:219)
	at org.apache.hadoop.ozone.protocolPB.OzoneManagerProtocolServerSideTranslatorPB.processRequest(OzoneManagerProtocolServerSideTranslatorPB.java:134)
	at org.apache.hadoop.hdds.server.OzoneProtocolMessageDispatcher.processRequest(OzoneProtocolMessageDispatcher.java:72)
	at org.apache.hadoop.ozone.protocolPB.OzoneManagerProtocolServerSideTranslatorPB.submitRequest(OzoneManagerProtocolServerSideTranslatorPB.java:100)
	at org.apache.hadoop.ozone.protocol.proto.OzoneManagerProtocolProtos$OzoneManagerService$2.callBlockingMethod(OzoneManagerProtocolProtos.java)
	at org.apache.hadoop.ipc.ProtobufRpcEngine$Server$ProtoBufRpcInvoker.call(ProtobufRpcEngine.java:524)
	at org.apache.hadoop.ipc.RPC$Server.call(RPC.java:1025)
	at org.apache.hadoop.ipc.Server$RpcCall.run(Server.java:876)
	at org.apache.hadoop.ipc.Server$RpcCall.run(Server.java:822)
	at java.security.AccessController.doPrivileged(Native Method)
	at javax.security.auth.Subject.doAs(Subject.java:422)
	at org.apache.hadoop.security.UserGroupInformation.doAs(UserGroupInformation.java:1730)
	at org.apache.hadoop.ipc.Server$Handler.run(Server.java:2682)
, while invoking $Proxy38.submitRequest over nodeId=null,nodeAddress=localhost:44727 after 7 failover attempts. Trying to failover immediately.
2019-10-16 07:04:45,948 [IPC Server handler 10 on 44727] ERROR lock.LockManager (LockManager.java:getLockForReleasing(218)) - Trying to release the lock on /mwffqszrhu/sdzkkzfjxw, which was never acquired.
2019-10-16 07:04:45,949 [IPC Server handler 10 on 44727] WARN  ipc.Server (Server.java:logException(2724)) - IPC Server handler 10 on 44727, call Call#163 Retry#8 org.apache.hadoop.ozone.om.protocol.OzoneManagerProtocol.submitRequest from 127.0.0.1:53008
java.lang.IllegalMonitorStateException: Releasing lock on resource /mwffqszrhu/sdzkkzfjxw without acquiring lock
	at org.apache.hadoop.ozone.lock.LockManager.getLockForReleasing(LockManager.java:220)
	at org.apache.hadoop.ozone.lock.LockManager.release(LockManager.java:168)
	at org.apache.hadoop.ozone.lock.LockManager.writeUnlock(LockManager.java:148)
	at org.apache.hadoop.ozone.om.lock.OzoneManagerLock.unlock(OzoneManagerLock.java:364)
	at org.apache.hadoop.ozone.om.lock.OzoneManagerLock.releaseWriteLock(OzoneManagerLock.java:329)
	at org.apache.hadoop.ozone.om.request.key.OMKeyCommitRequest.validateAndUpdateCache(OMKeyCommitRequest.java:177)
	at org.apache.hadoop.ozone.protocolPB.OzoneManagerProtocolServerSideTranslatorPB.submitRequestDirectlyToOM(OzoneManagerProtocolServerSideTranslatorPB.java:219)
	at org.apache.hadoop.ozone.protocolPB.OzoneManagerProtocolServerSideTranslatorPB.processRequest(OzoneManagerProtocolServerSideTranslatorPB.java:134)
	at org.apache.hadoop.hdds.server.OzoneProtocolMessageDispatcher.processRequest(OzoneProtocolMessageDispatcher.java:72)
	at org.apache.hadoop.ozone.protocolPB.OzoneManagerProtocolServerSideTranslatorPB.submitRequest(OzoneManagerProtocolServerSideTranslatorPB.java:100)
	at org.apache.hadoop.ozone.protocol.proto.OzoneManagerProtocolProtos$OzoneManagerService$2.callBlockingMethod(OzoneManagerProtocolProtos.java)
	at org.apache.hadoop.ipc.ProtobufRpcEngine$Server$ProtoBufRpcInvoker.call(ProtobufRpcEngine.java:524)
	at org.apache.hadoop.ipc.RPC$Server.call(RPC.java:1025)
	at org.apache.hadoop.ipc.Server$RpcCall.run(Server.java:876)
	at org.apache.hadoop.ipc.Server$RpcCall.run(Server.java:822)
	at java.security.AccessController.doPrivileged(Native Method)
	at javax.security.auth.Subject.doAs(Subject.java:422)
	at org.apache.hadoop.security.UserGroupInformation.doAs(UserGroupInformation.java:1730)
	at org.apache.hadoop.ipc.Server$Handler.run(Server.java:2682)
2019-10-16 07:04:45,951 [main] INFO  retry.RetryInvocationHandler (RetryInvocationHandler.java:log(411)) - com.google.protobuf.ServiceException: org.apache.hadoop.ipc.RemoteException(java.lang.IllegalMonitorStateException): Releasing lock on resource /mwffqszrhu/sdzkkzfjxw without acquiring lock
	at org.apache.hadoop.ozone.lock.LockManager.getLockForReleasing(LockManager.java:220)
	at org.apache.hadoop.ozone.lock.LockManager.release(LockManager.java:168)
	at org.apache.hadoop.ozone.lock.LockManager.writeUnlock(LockManager.java:148)
	at org.apache.hadoop.ozone.om.lock.OzoneManagerLock.unlock(OzoneManagerLock.java:364)
	at org.apache.hadoop.ozone.om.lock.OzoneManagerLock.releaseWriteLock(OzoneManagerLock.java:329)
	at org.apache.hadoop.ozone.om.request.key.OMKeyCommitRequest.validateAndUpdateCache(OMKeyCommitRequest.java:177)
	at org.apache.hadoop.ozone.protocolPB.OzoneManagerProtocolServerSideTranslatorPB.submitRequestDirectlyToOM(OzoneManagerProtocolServerSideTranslatorPB.java:219)
	at org.apache.hadoop.ozone.protocolPB.OzoneManagerProtocolServerSideTranslatorPB.processRequest(OzoneManagerProtocolServerSideTranslatorPB.java:134)
	at org.apache.hadoop.hdds.server.OzoneProtocolMessageDispatcher.processRequest(OzoneProtocolMessageDispatcher.java:72)
	at org.apache.hadoop.ozone.protocolPB.OzoneManagerProtocolServerSideTranslatorPB.submitRequest(OzoneManagerProtocolServerSideTranslatorPB.java:100)
	at org.apache.hadoop.ozone.protocol.proto.OzoneManagerProtocolProtos$OzoneManagerService$2.callBlockingMethod(OzoneManagerProtocolProtos.java)
	at org.apache.hadoop.ipc.ProtobufRpcEngine$Server$ProtoBufRpcInvoker.call(ProtobufRpcEngine.java:524)
	at org.apache.hadoop.ipc.RPC$Server.call(RPC.java:1025)
	at org.apache.hadoop.ipc.Server$RpcCall.run(Server.java:876)
	at org.apache.hadoop.ipc.Server$RpcCall.run(Server.java:822)
	at java.security.AccessController.doPrivileged(Native Method)
	at javax.security.auth.Subject.doAs(Subject.java:422)
	at org.apache.hadoop.security.UserGroupInformation.doAs(UserGroupInformation.java:1730)
	at org.apache.hadoop.ipc.Server$Handler.run(Server.java:2682)
, while invoking $Proxy38.submitRequest over nodeId=null,nodeAddress=localhost:44727 after 8 failover attempts. Trying to failover immediately.
2019-10-16 07:04:45,954 [IPC Server handler 6 on 44727] ERROR lock.LockManager (LockManager.java:getLockForReleasing(218)) - Trying to release the lock on /mwffqszrhu/sdzkkzfjxw, which was never acquired.
2019-10-16 07:04:45,954 [IPC Server handler 6 on 44727] WARN  ipc.Server (Server.java:logException(2724)) - IPC Server handler 6 on 44727, call Call#163 Retry#9 org.apache.hadoop.ozone.om.protocol.OzoneManagerProtocol.submitRequest from 127.0.0.1:53008
java.lang.IllegalMonitorStateException: Releasing lock on resource /mwffqszrhu/sdzkkzfjxw without acquiring lock
	at org.apache.hadoop.ozone.lock.LockManager.getLockForReleasing(LockManager.java:220)
	at org.apache.hadoop.ozone.lock.LockManager.release(LockManager.java:168)
	at org.apache.hadoop.ozone.lock.LockManager.writeUnlock(LockManager.java:148)
	at org.apache.hadoop.ozone.om.lock.OzoneManagerLock.unlock(OzoneManagerLock.java:364)
	at org.apache.hadoop.ozone.om.lock.OzoneManagerLock.releaseWriteLock(OzoneManagerLock.java:329)
	at org.apache.hadoop.ozone.om.request.key.OMKeyCommitRequest.validateAndUpdateCache(OMKeyCommitRequest.java:177)
	at org.apache.hadoop.ozone.protocolPB.OzoneManagerProtocolServerSideTranslatorPB.submitRequestDirectlyToOM(OzoneManagerProtocolServerSideTranslatorPB.java:219)
	at org.apache.hadoop.ozone.protocolPB.OzoneManagerProtocolServerSideTranslatorPB.processRequest(OzoneManagerProtocolServerSideTranslatorPB.java:134)
	at org.apache.hadoop.hdds.server.OzoneProtocolMessageDispatcher.processRequest(OzoneProtocolMessageDispatcher.java:72)
	at org.apache.hadoop.ozone.protocolPB.OzoneManagerProtocolServerSideTranslatorPB.submitRequest(OzoneManagerProtocolServerSideTranslatorPB.java:100)
	at org.apache.hadoop.ozone.protocol.proto.OzoneManagerProtocolProtos$OzoneManagerService$2.callBlockingMethod(OzoneManagerProtocolProtos.java)
	at org.apache.hadoop.ipc.ProtobufRpcEngine$Server$ProtoBufRpcInvoker.call(ProtobufRpcEngine.java:524)
	at org.apache.hadoop.ipc.RPC$Server.call(RPC.java:1025)
	at org.apache.hadoop.ipc.Server$RpcCall.run(Server.java:876)
	at org.apache.hadoop.ipc.Server$RpcCall.run(Server.java:822)
	at java.security.AccessController.doPrivileged(Native Method)
	at javax.security.auth.Subject.doAs(Subject.java:422)
	at org.apache.hadoop.security.UserGroupInformation.doAs(UserGroupInformation.java:1730)
	at org.apache.hadoop.ipc.Server$Handler.run(Server.java:2682)
2019-10-16 07:04:45,956 [main] INFO  retry.RetryInvocationHandler (RetryInvocationHandler.java:log(411)) - com.google.protobuf.ServiceException: org.apache.hadoop.ipc.RemoteException(java.lang.IllegalMonitorStateException): Releasing lock on resource /mwffqszrhu/sdzkkzfjxw without acquiring lock
	at org.apache.hadoop.ozone.lock.LockManager.getLockForReleasing(LockManager.java:220)
	at org.apache.hadoop.ozone.lock.LockManager.release(LockManager.java:168)
	at org.apache.hadoop.ozone.lock.LockManager.writeUnlock(LockManager.java:148)
	at org.apache.hadoop.ozone.om.lock.OzoneManagerLock.unlock(OzoneManagerLock.java:364)
	at org.apache.hadoop.ozone.om.lock.OzoneManagerLock.releaseWriteLock(OzoneManagerLock.java:329)
	at org.apache.hadoop.ozone.om.request.key.OMKeyCommitRequest.validateAndUpdateCache(OMKeyCommitRequest.java:177)
	at org.apache.hadoop.ozone.protocolPB.OzoneManagerProtocolServerSideTranslatorPB.submitRequestDirectlyToOM(OzoneManagerProtocolServerSideTranslatorPB.java:219)
	at org.apache.hadoop.ozone.protocolPB.OzoneManagerProtocolServerSideTranslatorPB.processRequest(OzoneManagerProtocolServerSideTranslatorPB.java:134)
	at org.apache.hadoop.hdds.server.OzoneProtocolMessageDispatcher.processRequest(OzoneProtocolMessageDispatcher.java:72)
	at org.apache.hadoop.ozone.protocolPB.OzoneManagerProtocolServerSideTranslatorPB.submitRequest(OzoneManagerProtocolServerSideTranslatorPB.java:100)
	at org.apache.hadoop.ozone.protocol.proto.OzoneManagerProtocolProtos$OzoneManagerService$2.callBlockingMethod(OzoneManagerProtocolProtos.java)
	at org.apache.hadoop.ipc.ProtobufRpcEngine$Server$ProtoBufRpcInvoker.call(ProtobufRpcEngine.java:524)
	at org.apache.hadoop.ipc.RPC$Server.call(RPC.java:1025)
	at org.apache.hadoop.ipc.Server$RpcCall.run(Server.java:876)
	at org.apache.hadoop.ipc.Server$RpcCall.run(Server.java:822)
	at java.security.AccessController.doPrivileged(Native Method)
	at javax.security.auth.Subject.doAs(Subject.java:422)
	at org.apache.hadoop.security.UserGroupInformation.doAs(UserGroupInformation.java:1730)
	at org.apache.hadoop.ipc.Server$Handler.run(Server.java:2682)
, while invoking $Proxy38.submitRequest over nodeId=null,nodeAddress=localhost:44727 after 9 failover attempts. Trying to failover immediately.
2019-10-16 07:04:45,964 [IPC Server handler 11 on 44727] ERROR lock.LockManager (LockManager.java:getLockForReleasing(218)) - Trying to release the lock on /mwffqszrhu/sdzkkzfjxw, which was never acquired.
2019-10-16 07:04:45,964 [IPC Server handler 11 on 44727] WARN  ipc.Server (Server.java:logException(2724)) - IPC Server handler 11 on 44727, call Call#163 Retry#10 org.apache.hadoop.ozone.om.protocol.OzoneManagerProtocol.submitRequest from 127.0.0.1:53008
java.lang.IllegalMonitorStateException: Releasing lock on resource /mwffqszrhu/sdzkkzfjxw without acquiring lock
	at org.apache.hadoop.ozone.lock.LockManager.getLockForReleasing(LockManager.java:220)
	at org.apache.hadoop.ozone.lock.LockManager.release(LockManager.java:168)
	at org.apache.hadoop.ozone.lock.LockManager.writeUnlock(LockManager.java:148)
	at org.apache.hadoop.ozone.om.lock.OzoneManagerLock.unlock(OzoneManagerLock.java:364)
	at org.apache.hadoop.ozone.om.lock.OzoneManagerLock.releaseWriteLock(OzoneManagerLock.java:329)
	at org.apache.hadoop.ozone.om.request.key.OMKeyCommitRequest.validateAndUpdateCache(OMKeyCommitRequest.java:177)
	at org.apache.hadoop.ozone.protocolPB.OzoneManagerProtocolServerSideTranslatorPB.submitRequestDirectlyToOM(OzoneManagerProtocolServerSideTranslatorPB.java:219)
	at org.apache.hadoop.ozone.protocolPB.OzoneManagerProtocolServerSideTranslatorPB.processRequest(OzoneManagerProtocolServerSideTranslatorPB.java:134)
	at org.apache.hadoop.hdds.server.OzoneProtocolMessageDispatcher.processRequest(OzoneProtocolMessageDispatcher.java:72)
	at org.apache.hadoop.ozone.protocolPB.OzoneManagerProtocolServerSideTranslatorPB.submitRequest(OzoneManagerProtocolServerSideTranslatorPB.java:100)
	at org.apache.hadoop.ozone.protocol.proto.OzoneManagerProtocolProtos$OzoneManagerService$2.callBlockingMethod(OzoneManagerProtocolProtos.java)
	at org.apache.hadoop.ipc.ProtobufRpcEngine$Server$ProtoBufRpcInvoker.call(ProtobufRpcEngine.java:524)
	at org.apache.hadoop.ipc.RPC$Server.call(RPC.java:1025)
	at org.apache.hadoop.ipc.Server$RpcCall.run(Server.java:876)
	at org.apache.hadoop.ipc.Server$RpcCall.run(Server.java:822)
	at java.security.AccessController.doPrivileged(Native Method)
	at javax.security.auth.Subject.doAs(Subject.java:422)
	at org.apache.hadoop.security.UserGroupInformation.doAs(UserGroupInformation.java:1730)
	at org.apache.hadoop.ipc.Server$Handler.run(Server.java:2682)
2019-10-16 07:04:45,967 [main] ERROR ha.OMFailoverProxyProvider (OzoneManagerProtocolClientSideTranslatorPB.java:getRetryAction(268)) - Failed to connect to OM. Attempted 10 retries and 10 failovers
2019-10-16 07:04:45,968 [main] INFO  ozone.MiniOzoneClusterImpl (MiniOzoneClusterImpl.java:shutdown(314)) - Shutting down the Mini Ozone Cluster
2019-10-16 07:04:45,968 [main] INFO  ozone.MiniOzoneClusterImpl (MiniOzoneClusterImpl.java:stop(330)) - Stopping the Mini Ozone Cluster
2019-10-16 07:04:45,968 [main] INFO  ozone.MiniOzoneClusterImpl (MiniOzoneClusterImpl.java:stopOM(400)) - Stopping the OzoneManager
2019-10-16 07:04:45,968 [main] INFO  ipc.Server (Server.java:stop(3082)) - Stopping server on 44727
2019-10-16 07:04:45,974 [main] INFO  ratis.OzoneManagerDoubleBuffer (OzoneManagerDoubleBuffer.java:stop(250)) - Stopping OMDoubleBuffer flush thread
2019-10-16 07:04:45,974 [IPC Server listener on 44727] INFO  ipc.Server (Server.java:run(1185)) - Stopping IPC Server listener on 44727
2019-10-16 07:04:45,974 [IPC Server Responder] INFO  ipc.Server (Server.java:run(1319)) - Stopping IPC Server Responder
2019-10-16 07:04:45,974 [OMDoubleBufferFlushThread] INFO  ratis.OzoneManagerDoubleBuffer (OzoneManagerDoubleBuffer.java:flushTransactions(193)) - OMDoubleBuffer flush thread OMDoubleBufferFlushThread is interrupted and will exit. OMDoubleBufferFlushThread
2019-10-16 07:04:45,974 [main] INFO  utils.BackgroundService (BackgroundService.java:shutdown(151)) - Shutting down service KeyDeletingService
2019-10-16 07:04:45,978 [main] INFO  handler.ContextHandler (ContextHandler.java:doStop(910)) - Stopped o.e.j.w.WebAppContext@1118d539{/,null,UNAVAILABLE}{/ozoneManager}
2019-10-16 07:04:45,978 [main] INFO  server.AbstractConnector (AbstractConnector.java:doStop(318)) - Stopped ServerConnector@601d6622{HTTP/1.1,[http/1.1]}{0.0.0.0:0}
2019-10-16 07:04:45,979 [main] INFO  handler.ContextHandler (ContextHandler.java:doStop(910)) - Stopped o.e.j.s.ServletContextHandler@51ba952e{/static,jar:file:/home/user/.m2/repository/org/apache/hadoop/hadoop-ozone-ozone-manager/0.5.0-SNAPSHOT/hadoop-ozone-ozone-manager-0.5.0-SNAPSHOT.jar!/webapps/static,UNAVAILABLE}
2019-10-16 07:04:45,979 [main] INFO  handler.ContextHandler (ContextHandler.java:doStop(910)) - Stopped o.e.j.s.ServletContextHandler@191a0351{/logs,file:///workdir/hadoop-ozone/ozonefs/target/log,UNAVAILABLE}
2019-10-16 07:04:45,982 [main] INFO  ozone.MiniOzoneClusterImpl (MiniOzoneClusterImpl.java:stopDatanodes(377)) - Stopping the HddsDatanodes
2019-10-16 07:04:46,650 [Datanode State Machine Thread - 0] INFO  statemachine.DatanodeStateMachine (DatanodeStateMachine.java:lambda$startDaemon$0(350)) - Ozone container server started.
2019-10-16 07:04:46,650 [Datanode State Machine Thread - 0] INFO  statemachine.DatanodeStateMachine (DatanodeStateMachine.java:lambda$startDaemon$0(350)) - Ozone container server started.
2019-10-16 07:04:50,983 [main] INFO  ozoneimpl.OzoneContainer (OzoneContainer.java:stop(227)) - Attempting to stop container services.
2019-10-16 07:04:50,983 [ForkJoinPool.commonPool-worker-0] INFO  ozoneimpl.OzoneContainer (OzoneContainer.java:stop(227)) - Attempting to stop container services.
2019-10-16 07:04:50,984 [main] INFO  impl.RaftServerProxy (RaftServerProxy.java:lambda$close$4(314)) - d9e715d4-26a3-4aaf-ba7a-4a4b2917804f: close
2019-10-16 07:04:50,984 [ForkJoinPool.commonPool-worker-0] INFO  impl.RaftServerProxy (RaftServerProxy.java:lambda$close$4(314)) - b5302d60-ac4a-4299-a5d4-a96d6362c2b9: close
2019-10-16 07:04:50,984 [main] INFO  impl.RaftServerImpl (RaftServerImpl.java:lambda$shutdown$3(261)) - d9e715d4-26a3-4aaf-ba7a-4a4b2917804f@group-4E02754E8B28: shutdown
2019-10-16 07:04:50,984 [ForkJoinPool.commonPool-worker-0] INFO  impl.RaftServerImpl (RaftServerImpl.java:lambda$shutdown$3(261)) - b5302d60-ac4a-4299-a5d4-a96d6362c2b9@group-4E02754E8B28: shutdown
2019-10-16 07:04:50,985 [main] INFO  util.JmxRegister (JmxRegister.java:unregister(73)) - Successfully un-registered JMX Bean with object name Ratis:service=RaftServer,group=group-4E02754E8B28,id=d9e715d4-26a3-4aaf-ba7a-4a4b2917804f
2019-10-16 07:04:50,985 [ForkJoinPool.commonPool-worker-0] INFO  util.JmxRegister (JmxRegister.java:unregister(73)) - Successfully un-registered JMX Bean with object name Ratis:service=RaftServer,group=group-4E02754E8B28,id=b5302d60-ac4a-4299-a5d4-a96d6362c2b9
2019-10-16 07:04:50,985 [main] INFO  impl.RoleInfo (RoleInfo.java:shutdownFollowerState(121)) - d9e715d4-26a3-4aaf-ba7a-4a4b2917804f: shutdown FollowerState
2019-10-16 07:04:50,986 [ForkJoinPool.commonPool-worker-0] INFO  impl.RoleInfo (RoleInfo.java:shutdownLeaderState(104)) - b5302d60-ac4a-4299-a5d4-a96d6362c2b9: shutdown LeaderState
2019-10-16 07:04:50,986 [Thread-2275] INFO  impl.FollowerState (FollowerState.java:run(117)) - d9e715d4-26a3-4aaf-ba7a-4a4b2917804f@group-4E02754E8B28-FollowerState was interrupted: java.lang.InterruptedException: sleep interrupted
2019-10-16 07:04:50,990 [ForkJoinPool.commonPool-worker-0] INFO  impl.PendingRequests (PendingRequests.java:sendNotLeaderResponses(202)) - b5302d60-ac4a-4299-a5d4-a96d6362c2b9@group-4E02754E8B28-PendingRequests: sendNotLeaderResponses
2019-10-16 07:04:50,986 [main] INFO  impl.StateMachineUpdater (StateMachineUpdater.java:stopAndJoin(136)) - d9e715d4-26a3-4aaf-ba7a-4a4b2917804f@group-4E02754E8B28-StateMachineUpdater: set stopIndex = 4
2019-10-16 07:04:50,994 [ForkJoinPool.commonPool-worker-0] INFO  impl.StateMachineUpdater (StateMachineUpdater.java:stopAndJoin(136)) - b5302d60-ac4a-4299-a5d4-a96d6362c2b9@group-4E02754E8B28-StateMachineUpdater: set stopIndex = 4
2019-10-16 07:04:50,990 [org.apache.ratis.server.impl.LogAppender$AppenderDaemon$$Lambda$437/1079840606@33ae0051] WARN  server.GrpcLogAppender (GrpcLogAppender.java:mayWait(149)) - b5302d60-ac4a-4299-a5d4-a96d6362c2b9@group-4E02754E8B28->d9e715d4-26a3-4aaf-ba7a-4a4b2917804f-GrpcLogAppender: Wait interrupted by java.lang.InterruptedException
2019-10-16 07:04:50,990 [org.apache.ratis.server.impl.LogAppender$AppenderDaemon$$Lambda$437/1079840606@62c97c7a] WARN  server.GrpcLogAppender (GrpcLogAppender.java:mayWait(149)) - b5302d60-ac4a-4299-a5d4-a96d6362c2b9@group-4E02754E8B28->4cf87072-25ee-4787-92a3-b2afc0dd8746-GrpcLogAppender: Wait interrupted by java.lang.InterruptedException
2019-10-16 07:04:50,986 [d9e715d4-26a3-4aaf-ba7a-4a4b2917804f@group-4E02754E8B28-StateMachineUpdater] INFO  ratis.ContainerStateMachine (ContainerStateMachine.java:takeSnapshot(294)) - group-4E02754E8B28: Taking a snapshot at:(t:2, i:3) file /workdir/hadoop-ozone/ozonefs/target/test-dir/MiniOzoneClusterImpl-95452fb2-cc0a-41df-83f6-d45a8763a348/datanode-1/data/ratis/d9e8360e-d05c-425b-8364-4e02754e8b28/sm/snapshot.2_3
2019-10-16 07:04:50,994 [b5302d60-ac4a-4299-a5d4-a96d6362c2b9@group-4E02754E8B28-StateMachineUpdater] INFO  ratis.ContainerStateMachine (ContainerStateMachine.java:takeSnapshot(294)) - group-4E02754E8B28: Taking a snapshot at:(t:2, i:4) file /workdir/hadoop-ozone/ozonefs/target/test-dir/MiniOzoneClusterImpl-95452fb2-cc0a-41df-83f6-d45a8763a348/datanode-0/data/ratis/d9e8360e-d05c-425b-8364-4e02754e8b28/sm/snapshot.2_4
2019-10-16 07:04:50,995 [grpc-default-executor-0] INFO  server.GrpcServerProtocolService (GrpcServerProtocolService.java:onCompleted(113)) - 4cf87072-25ee-4787-92a3-b2afc0dd8746: Completed APPEND_ENTRIES, lastRequest: b5302d60-ac4a-4299-a5d4-a96d6362c2b9->4cf87072-25ee-4787-92a3-b2afc0dd8746#7-t2, previous=(t:2, i:4), leaderCommit=4, initializing? false, entries: <empty>
2019-10-16 07:04:50,996 [grpc-default-executor-0] INFO  server.GrpcServerProtocolService (GrpcServerProtocolService.java:onCompleted(113)) - d9e715d4-26a3-4aaf-ba7a-4a4b2917804f: Completed APPEND_ENTRIES, lastRequest: b5302d60-ac4a-4299-a5d4-a96d6362c2b9->d9e715d4-26a3-4aaf-ba7a-4a4b2917804f#7-t2, previous=(t:2, i:4), leaderCommit=4, initializing? false, entries: <empty>
2019-10-16 07:04:50,996 [grpc-default-executor-2] INFO  server.GrpcLogAppender (GrpcLogAppender.java:onCompleted(308)) - b5302d60-ac4a-4299-a5d4-a96d6362c2b9@group-4E02754E8B28->4cf87072-25ee-4787-92a3-b2afc0dd8746-AppendLogResponseHandler: follower responses appendEntries COMPLETED
2019-10-16 07:04:50,996 [grpc-default-executor-0] INFO  server.GrpcLogAppender (GrpcLogAppender.java:onCompleted(308)) - b5302d60-ac4a-4299-a5d4-a96d6362c2b9@group-4E02754E8B28->d9e715d4-26a3-4aaf-ba7a-4a4b2917804f-AppendLogResponseHandler: follower responses appendEntries COMPLETED
2019-10-16 07:04:50,999 [grpc-default-executor-2] INFO  impl.FollowerInfo (FollowerInfo.java:lambda$new$0(51)) - b5302d60-ac4a-4299-a5d4-a96d6362c2b9@group-4E02754E8B28->4cf87072-25ee-4787-92a3-b2afc0dd8746: nextIndex: updateUnconditionally 5 -> 4
2019-10-16 07:04:51,000 [grpc-default-executor-0] INFO  impl.FollowerInfo (FollowerInfo.java:lambda$new$0(51)) - b5302d60-ac4a-4299-a5d4-a96d6362c2b9@group-4E02754E8B28->d9e715d4-26a3-4aaf-ba7a-4a4b2917804f: nextIndex: updateUnconditionally 5 -> 4
2019-10-16 07:04:51,127 [b5302d60-ac4a-4299-a5d4-a96d6362c2b9@group-4E02754E8B28-StateMachineUpdater] INFO  ratis.ContainerStateMachine (ContainerStateMachine.java:takeSnapshot(305)) - group-4E02754E8B28: Finished taking a snapshot at:(t:2, i:4) file:/workdir/hadoop-ozone/ozonefs/target/test-dir/MiniOzoneClusterImpl-95452fb2-cc0a-41df-83f6-d45a8763a348/datanode-0/data/ratis/d9e8360e-d05c-425b-8364-4e02754e8b28/sm/snapshot.2_4 time:132
2019-10-16 07:04:51,127 [d9e715d4-26a3-4aaf-ba7a-4a4b2917804f@group-4E02754E8B28-StateMachineUpdater] INFO  ratis.ContainerStateMachine (ContainerStateMachine.java:takeSnapshot(305)) - group-4E02754E8B28: Finished taking a snapshot at:(t:2, i:3) file:/workdir/hadoop-ozone/ozonefs/target/test-dir/MiniOzoneClusterImpl-95452fb2-cc0a-41df-83f6-d45a8763a348/datanode-1/data/ratis/d9e8360e-d05c-425b-8364-4e02754e8b28/sm/snapshot.2_3 time:140
2019-10-16 07:04:51,133 [d9e715d4-26a3-4aaf-ba7a-4a4b2917804f@group-4E02754E8B28-StateMachineUpdater] INFO  impl.StateMachineUpdater (StateMachineUpdater.java:takeSnapshot(269)) - d9e715d4-26a3-4aaf-ba7a-4a4b2917804f@group-4E02754E8B28-StateMachineUpdater: Took a snapshot at index 3
2019-10-16 07:04:51,133 [b5302d60-ac4a-4299-a5d4-a96d6362c2b9@group-4E02754E8B28-StateMachineUpdater] INFO  impl.StateMachineUpdater (StateMachineUpdater.java:takeSnapshot(269)) - b5302d60-ac4a-4299-a5d4-a96d6362c2b9@group-4E02754E8B28-StateMachineUpdater: Took a snapshot at index 4
2019-10-16 07:04:51,133 [d9e715d4-26a3-4aaf-ba7a-4a4b2917804f@group-4E02754E8B28-StateMachineUpdater] INFO  impl.StateMachineUpdater (StateMachineUpdater.java:lambda$new$0(84)) - d9e715d4-26a3-4aaf-ba7a-4a4b2917804f@group-4E02754E8B28-StateMachineUpdater: snapshotIndex: updateIncreasingly -1 -> 3
2019-10-16 07:04:51,133 [b5302d60-ac4a-4299-a5d4-a96d6362c2b9@group-4E02754E8B28-StateMachineUpdater] INFO  impl.StateMachineUpdater (StateMachineUpdater.java:lambda$new$0(84)) - b5302d60-ac4a-4299-a5d4-a96d6362c2b9@group-4E02754E8B28-StateMachineUpdater: snapshotIndex: updateIncreasingly -1 -> 4
2019-10-16 07:04:51,137 [d9e715d4-26a3-4aaf-ba7a-4a4b2917804f@group-4E02754E8B28-StateMachineUpdater] INFO  ratis.ContainerStateMachine (ContainerStateMachine.java:takeSnapshot(294)) - group-4E02754E8B28: Taking a snapshot at:(t:2, i:3) file /workdir/hadoop-ozone/ozonefs/target/test-dir/MiniOzoneClusterImpl-95452fb2-cc0a-41df-83f6-d45a8763a348/datanode-1/data/ratis/d9e8360e-d05c-425b-8364-4e02754e8b28/sm/snapshot.2_3
2019-10-16 07:04:51,137 [ForkJoinPool.commonPool-worker-0] INFO  impl.RaftServerImpl (ServerState.java:close(388)) - b5302d60-ac4a-4299-a5d4-a96d6362c2b9@group-4E02754E8B28: closes. applyIndex: 4
2019-10-16 07:04:51,137 [b5302d60-ac4a-4299-a5d4-a96d6362c2b9@group-4E02754E8B28-SegmentedRaftLogWorker] INFO  segmented.SegmentedRaftLogWorker (SegmentedRaftLogWorker.java:run(316)) - b5302d60-ac4a-4299-a5d4-a96d6362c2b9@group-4E02754E8B28-SegmentedRaftLogWorker was interrupted, exiting. There are 0 tasks remaining in the queue.
2019-10-16 07:04:51,139 [ForkJoinPool.commonPool-worker-0] INFO  segmented.SegmentedRaftLogWorker (SegmentedRaftLogWorker.java:close(224)) - b5302d60-ac4a-4299-a5d4-a96d6362c2b9@group-4E02754E8B28-SegmentedRaftLogWorker close()
2019-10-16 07:04:51,142 [ForkJoinPool.commonPool-worker-0] INFO  impl.RaftServerImpl (RaftServerImpl.java:lambda$shutdown$3(261)) - b5302d60-ac4a-4299-a5d4-a96d6362c2b9@group-34C39C4332E6: shutdown
2019-10-16 07:04:51,142 [ForkJoinPool.commonPool-worker-0] INFO  util.JmxRegister (JmxRegister.java:unregister(73)) - Successfully un-registered JMX Bean with object name Ratis:service=RaftServer,group=group-34C39C4332E6,id=b5302d60-ac4a-4299-a5d4-a96d6362c2b9
2019-10-16 07:04:51,142 [ForkJoinPool.commonPool-worker-0] INFO  impl.RoleInfo (RoleInfo.java:shutdownLeaderState(104)) - b5302d60-ac4a-4299-a5d4-a96d6362c2b9: shutdown LeaderState
2019-10-16 07:04:51,142 [ForkJoinPool.commonPool-worker-0] INFO  impl.PendingRequests (PendingRequests.java:sendNotLeaderResponses(202)) - b5302d60-ac4a-4299-a5d4-a96d6362c2b9@group-34C39C4332E6-PendingRequests: sendNotLeaderResponses
2019-10-16 07:04:51,143 [ForkJoinPool.commonPool-worker-0] INFO  impl.StateMachineUpdater (StateMachineUpdater.java:stopAndJoin(136)) - b5302d60-ac4a-4299-a5d4-a96d6362c2b9@group-34C39C4332E6-StateMachineUpdater: set stopIndex = 0
2019-10-16 07:04:51,143 [ForkJoinPool.commonPool-worker-0] INFO  impl.RaftServerImpl (ServerState.java:close(388)) - b5302d60-ac4a-4299-a5d4-a96d6362c2b9@group-34C39C4332E6: closes. applyIndex: 0
2019-10-16 07:04:51,143 [b5302d60-ac4a-4299-a5d4-a96d6362c2b9@group-34C39C4332E6-SegmentedRaftLogWorker] INFO  segmented.SegmentedRaftLogWorker (SegmentedRaftLogWorker.java:run(316)) - b5302d60-ac4a-4299-a5d4-a96d6362c2b9@group-34C39C4332E6-SegmentedRaftLogWorker was interrupted, exiting. There are 0 tasks remaining in the queue.
2019-10-16 07:04:51,145 [ForkJoinPool.commonPool-worker-0] INFO  segmented.SegmentedRaftLogWorker (SegmentedRaftLogWorker.java:close(224)) - b5302d60-ac4a-4299-a5d4-a96d6362c2b9@group-34C39C4332E6-SegmentedRaftLogWorker close()
2019-10-16 07:04:51,147 [ForkJoinPool.commonPool-worker-0] INFO  server.GrpcService (GrpcService.java:closeImpl(164)) - b5302d60-ac4a-4299-a5d4-a96d6362c2b9: shutdown server with port 35014 now
2019-10-16 07:04:51,148 [ForkJoinPool.commonPool-worker-0] INFO  server.GrpcService (GrpcService.java:closeImpl(172)) - b5302d60-ac4a-4299-a5d4-a96d6362c2b9: shutdown server with port 35014 successfully
2019-10-16 07:04:51,151 [d9e715d4-26a3-4aaf-ba7a-4a4b2917804f@group-4E02754E8B28-StateMachineUpdater] INFO  ratis.ContainerStateMachine (ContainerStateMachine.java:takeSnapshot(305)) - group-4E02754E8B28: Finished taking a snapshot at:(t:2, i:3) file:/workdir/hadoop-ozone/ozonefs/target/test-dir/MiniOzoneClusterImpl-95452fb2-cc0a-41df-83f6-d45a8763a348/datanode-1/data/ratis/d9e8360e-d05c-425b-8364-4e02754e8b28/sm/snapshot.2_3 time:14
2019-10-16 07:04:51,151 [refreshUsed-/workdir/hadoop-ozone/ozonefs/target/test-dir/MiniOzoneClusterImpl-95452fb2-cc0a-41df-83f6-d45a8763a348/datanode-0/data/containers] WARN  fs.CachingGetSpaceUsed (CachingGetSpaceUsed.java:run(183)) - Thread Interrupted waiting to refresh disk information: sleep interrupted
2019-10-16 07:04:51,152 [d9e715d4-26a3-4aaf-ba7a-4a4b2917804f@group-4E02754E8B28-StateMachineUpdater] INFO  impl.StateMachineUpdater (StateMachineUpdater.java:takeSnapshot(269)) - d9e715d4-26a3-4aaf-ba7a-4a4b2917804f@group-4E02754E8B28-StateMachineUpdater: Took a snapshot at index 3
2019-10-16 07:04:51,152 [d9e715d4-26a3-4aaf-ba7a-4a4b2917804f@group-4E02754E8B28-StateMachineUpdater] INFO  impl.StateMachineUpdater (StateMachineUpdater.java:lambda$new$0(84)) - d9e715d4-26a3-4aaf-ba7a-4a4b2917804f@group-4E02754E8B28-StateMachineUpdater: snapshotIndex: updateIncreasingly 3 -> 3
2019-10-16 07:04:51,152 [main] INFO  impl.RaftServerImpl (ServerState.java:close(388)) - d9e715d4-26a3-4aaf-ba7a-4a4b2917804f@group-4E02754E8B28: closes. applyIndex: 4
2019-10-16 07:04:51,153 [d9e715d4-26a3-4aaf-ba7a-4a4b2917804f@group-4E02754E8B28-SegmentedRaftLogWorker] INFO  segmented.SegmentedRaftLogWorker (SegmentedRaftLogWorker.java:run(316)) - d9e715d4-26a3-4aaf-ba7a-4a4b2917804f@group-4E02754E8B28-SegmentedRaftLogWorker was interrupted, exiting. There are 0 tasks remaining in the queue.
2019-10-16 07:04:51,155 [main] INFO  segmented.SegmentedRaftLogWorker (SegmentedRaftLogWorker.java:close(224)) - d9e715d4-26a3-4aaf-ba7a-4a4b2917804f@group-4E02754E8B28-SegmentedRaftLogWorker close()
2019-10-16 07:04:51,157 [main] INFO  impl.RaftServerImpl (RaftServerImpl.java:lambda$shutdown$3(261)) - d9e715d4-26a3-4aaf-ba7a-4a4b2917804f@group-FB0CD607C623: shutdown
2019-10-16 07:04:51,157 [main] INFO  util.JmxRegister (JmxRegister.java:unregister(73)) - Successfully un-registered JMX Bean with object name Ratis:service=RaftServer,group=group-FB0CD607C623,id=d9e715d4-26a3-4aaf-ba7a-4a4b2917804f
2019-10-16 07:04:51,158 [main] INFO  impl.RoleInfo (RoleInfo.java:shutdownLeaderState(104)) - d9e715d4-26a3-4aaf-ba7a-4a4b2917804f: shutdown LeaderState
2019-10-16 07:04:51,158 [main] INFO  impl.PendingRequests (PendingRequests.java:sendNotLeaderResponses(202)) - d9e715d4-26a3-4aaf-ba7a-4a4b2917804f@group-FB0CD607C623-PendingRequests: sendNotLeaderResponses
2019-10-16 07:04:51,159 [main] INFO  impl.StateMachineUpdater (StateMachineUpdater.java:stopAndJoin(136)) - d9e715d4-26a3-4aaf-ba7a-4a4b2917804f@group-FB0CD607C623-StateMachineUpdater: set stopIndex = 0
2019-10-16 07:04:51,159 [main] INFO  impl.RaftServerImpl (ServerState.java:close(388)) - d9e715d4-26a3-4aaf-ba7a-4a4b2917804f@group-FB0CD607C623: closes. applyIndex: 0
2019-10-16 07:04:51,159 [d9e715d4-26a3-4aaf-ba7a-4a4b2917804f@group-FB0CD607C623-SegmentedRaftLogWorker] INFO  segmented.SegmentedRaftLogWorker (SegmentedRaftLogWorker.java:run(316)) - d9e715d4-26a3-4aaf-ba7a-4a4b2917804f@group-FB0CD607C623-SegmentedRaftLogWorker was interrupted, exiting. There are 0 tasks remaining in the queue.
2019-10-16 07:04:51,161 [main] INFO  segmented.SegmentedRaftLogWorker (SegmentedRaftLogWorker.java:close(224)) - d9e715d4-26a3-4aaf-ba7a-4a4b2917804f@group-FB0CD607C623-SegmentedRaftLogWorker close()
2019-10-16 07:04:51,163 [main] INFO  server.GrpcService (GrpcService.java:closeImpl(164)) - d9e715d4-26a3-4aaf-ba7a-4a4b2917804f: shutdown server with port 33750 now
2019-10-16 07:04:51,164 [main] INFO  server.GrpcService (GrpcService.java:closeImpl(172)) - d9e715d4-26a3-4aaf-ba7a-4a4b2917804f: shutdown server with port 33750 successfully
2019-10-16 07:04:51,166 [refreshUsed-/workdir/hadoop-ozone/ozonefs/target/test-dir/MiniOzoneClusterImpl-95452fb2-cc0a-41df-83f6-d45a8763a348/datanode-1/data/containers] WARN  fs.CachingGetSpaceUsed (CachingGetSpaceUsed.java:run(183)) - Thread Interrupted waiting to refresh disk information: sleep interrupted
2019-10-16 07:04:51,185 [ForkJoinPool.commonPool-worker-0] INFO  utils.BackgroundService (BackgroundService.java:shutdown(151)) - Shutting down service BlockDeletingService
2019-10-16 07:04:51,196 [ForkJoinPool.commonPool-worker-0] INFO  statemachine.DatanodeStateMachine (DatanodeStateMachine.java:stopDaemon(395)) - Ozone container server stopped.
2019-10-16 07:04:51,200 [ForkJoinPool.commonPool-worker-0] INFO  handler.ContextHandler (ContextHandler.java:doStop(910)) - Stopped o.e.j.w.WebAppContext@3b0d3a63{/,null,UNAVAILABLE}{/hddsDatanode}
2019-10-16 07:04:51,200 [ForkJoinPool.commonPool-worker-0] INFO  server.AbstractConnector (AbstractConnector.java:doStop(318)) - Stopped ServerConnector@50598a1a{HTTP/1.1,[http/1.1]}{0.0.0.0:0}
2019-10-16 07:04:51,201 [ForkJoinPool.commonPool-worker-0] INFO  handler.ContextHandler (ContextHandler.java:doStop(910)) - Stopped o.e.j.s.ServletContextHandler@7ccd611e{/static,jar:file:/home/user/.m2/repository/org/apache/hadoop/hadoop-hdds-container-service/0.5.0-SNAPSHOT/hadoop-hdds-container-service-0.5.0-SNAPSHOT.jar!/webapps/static,UNAVAILABLE}
2019-10-16 07:04:51,202 [ForkJoinPool.commonPool-worker-0] INFO  handler.ContextHandler (ContextHandler.java:doStop(910)) - Stopped o.e.j.s.ServletContextHandler@463afa6e{/logs,file:///workdir/hadoop-ozone/ozonefs/target/log,UNAVAILABLE}
2019-10-16 07:04:51,211 [main] INFO  utils.BackgroundService (BackgroundService.java:shutdown(151)) - Shutting down service BlockDeletingService
2019-10-16 07:04:51,214 [main] INFO  statemachine.DatanodeStateMachine (DatanodeStateMachine.java:stopDaemon(395)) - Ozone container server stopped.
2019-10-16 07:04:51,215 [main] INFO  handler.ContextHandler (ContextHandler.java:doStop(910)) - Stopped o.e.j.w.WebAppContext@3fb450d7{/,null,UNAVAILABLE}{/hddsDatanode}
2019-10-16 07:04:51,216 [main] INFO  server.AbstractConnector (AbstractConnector.java:doStop(318)) - Stopped ServerConnector@4b7ed03e{HTTP/1.1,[http/1.1]}{0.0.0.0:0}
2019-10-16 07:04:51,216 [main] INFO  handler.ContextHandler (ContextHandler.java:doStop(910)) - Stopped o.e.j.s.ServletContextHandler@d2708a7{/static,jar:file:/home/user/.m2/repository/org/apache/hadoop/hadoop-hdds-container-service/0.5.0-SNAPSHOT/hadoop-hdds-container-service-0.5.0-SNAPSHOT.jar!/webapps/static,UNAVAILABLE}
2019-10-16 07:04:51,217 [main] INFO  handler.ContextHandler (ContextHandler.java:doStop(910)) - Stopped o.e.j.s.ServletContextHandler@6222391a{/logs,file:///workdir/hadoop-ozone/ozonefs/target/log,UNAVAILABLE}
2019-10-16 07:04:51,650 [Datanode State Machine Thread - 0] INFO  statemachine.DatanodeStateMachine (DatanodeStateMachine.java:lambda$startDaemon$0(350)) - Ozone container server started.
2019-10-16 07:04:56,205 [ForkJoinPool.commonPool-worker-0] INFO  ozoneimpl.OzoneContainer (OzoneContainer.java:stop(227)) - Attempting to stop container services.
2019-10-16 07:04:56,206 [ForkJoinPool.commonPool-worker-0] INFO  impl.RaftServerProxy (RaftServerProxy.java:lambda$close$4(314)) - 4cf87072-25ee-4787-92a3-b2afc0dd8746: close
2019-10-16 07:04:56,206 [ForkJoinPool.commonPool-worker-0] INFO  impl.RaftServerImpl (RaftServerImpl.java:lambda$shutdown$3(261)) - 4cf87072-25ee-4787-92a3-b2afc0dd8746@group-4E02754E8B28: shutdown
2019-10-16 07:04:56,206 [ForkJoinPool.commonPool-worker-0] INFO  util.JmxRegister (JmxRegister.java:unregister(73)) - Successfully un-registered JMX Bean with object name Ratis:service=RaftServer,group=group-4E02754E8B28,id=4cf87072-25ee-4787-92a3-b2afc0dd8746
2019-10-16 07:04:56,207 [ForkJoinPool.commonPool-worker-0] INFO  impl.RoleInfo (RoleInfo.java:shutdownFollowerState(121)) - 4cf87072-25ee-4787-92a3-b2afc0dd8746: shutdown FollowerState
2019-10-16 07:04:56,207 [ForkJoinPool.commonPool-worker-0] INFO  impl.StateMachineUpdater (StateMachineUpdater.java:stopAndJoin(136)) - 4cf87072-25ee-4787-92a3-b2afc0dd8746@group-4E02754E8B28-StateMachineUpdater: set stopIndex = 4
2019-10-16 07:04:56,207 [Thread-2278] INFO  impl.FollowerState (FollowerState.java:run(117)) - 4cf87072-25ee-4787-92a3-b2afc0dd8746@group-4E02754E8B28-FollowerState was interrupted: java.lang.InterruptedException: sleep interrupted
2019-10-16 07:04:56,208 [4cf87072-25ee-4787-92a3-b2afc0dd8746@group-4E02754E8B28-StateMachineUpdater] INFO  ratis.ContainerStateMachine (ContainerStateMachine.java:takeSnapshot(294)) - group-4E02754E8B28: Taking a snapshot at:(t:2, i:3) file /workdir/hadoop-ozone/ozonefs/target/test-dir/MiniOzoneClusterImpl-95452fb2-cc0a-41df-83f6-d45a8763a348/datanode-2/data/ratis/d9e8360e-d05c-425b-8364-4e02754e8b28/sm/snapshot.2_3
2019-10-16 07:04:56,234 [4cf87072-25ee-4787-92a3-b2afc0dd8746@group-4E02754E8B28-StateMachineUpdater] INFO  ratis.ContainerStateMachine (ContainerStateMachine.java:takeSnapshot(305)) - group-4E02754E8B28: Finished taking a snapshot at:(t:2, i:3) file:/workdir/hadoop-ozone/ozonefs/target/test-dir/MiniOzoneClusterImpl-95452fb2-cc0a-41df-83f6-d45a8763a348/datanode-2/data/ratis/d9e8360e-d05c-425b-8364-4e02754e8b28/sm/snapshot.2_3 time:27
2019-10-16 07:04:56,236 [4cf87072-25ee-4787-92a3-b2afc0dd8746@group-4E02754E8B28-StateMachineUpdater] INFO  impl.StateMachineUpdater (StateMachineUpdater.java:takeSnapshot(269)) - 4cf87072-25ee-4787-92a3-b2afc0dd8746@group-4E02754E8B28-StateMachineUpdater: Took a snapshot at index 3
2019-10-16 07:04:56,236 [4cf87072-25ee-4787-92a3-b2afc0dd8746@group-4E02754E8B28-StateMachineUpdater] INFO  impl.StateMachineUpdater (StateMachineUpdater.java:lambda$new$0(84)) - 4cf87072-25ee-4787-92a3-b2afc0dd8746@group-4E02754E8B28-StateMachineUpdater: snapshotIndex: updateIncreasingly -1 -> 3
2019-10-16 07:04:56,237 [4cf87072-25ee-4787-92a3-b2afc0dd8746@group-4E02754E8B28-StateMachineUpdater] INFO  ratis.ContainerStateMachine (ContainerStateMachine.java:takeSnapshot(294)) - group-4E02754E8B28: Taking a snapshot at:(t:2, i:3) file /workdir/hadoop-ozone/ozonefs/target/test-dir/MiniOzoneClusterImpl-95452fb2-cc0a-41df-83f6-d45a8763a348/datanode-2/data/ratis/d9e8360e-d05c-425b-8364-4e02754e8b28/sm/snapshot.2_3
2019-10-16 07:04:56,261 [4cf87072-25ee-4787-92a3-b2afc0dd8746@group-4E02754E8B28-StateMachineUpdater] INFO  ratis.ContainerStateMachine (ContainerStateMachine.java:takeSnapshot(305)) - group-4E02754E8B28: Finished taking a snapshot at:(t:2, i:3) file:/workdir/hadoop-ozone/ozonefs/target/test-dir/MiniOzoneClusterImpl-95452fb2-cc0a-41df-83f6-d45a8763a348/datanode-2/data/ratis/d9e8360e-d05c-425b-8364-4e02754e8b28/sm/snapshot.2_3 time:25
2019-10-16 07:04:56,262 [4cf87072-25ee-4787-92a3-b2afc0dd8746@group-4E02754E8B28-StateMachineUpdater] INFO  impl.StateMachineUpdater (StateMachineUpdater.java:takeSnapshot(269)) - 4cf87072-25ee-4787-92a3-b2afc0dd8746@group-4E02754E8B28-StateMachineUpdater: Took a snapshot at index 3
2019-10-16 07:04:56,262 [4cf87072-25ee-4787-92a3-b2afc0dd8746@group-4E02754E8B28-StateMachineUpdater] INFO  impl.StateMachineUpdater (StateMachineUpdater.java:lambda$new$0(84)) - 4cf87072-25ee-4787-92a3-b2afc0dd8746@group-4E02754E8B28-StateMachineUpdater: snapshotIndex: updateIncreasingly 3 -> 3
2019-10-16 07:04:56,262 [ForkJoinPool.commonPool-worker-0] INFO  impl.RaftServerImpl (ServerState.java:close(388)) - 4cf87072-25ee-4787-92a3-b2afc0dd8746@group-4E02754E8B28: closes. applyIndex: 4
2019-10-16 07:04:56,263 [4cf87072-25ee-4787-92a3-b2afc0dd8746@group-4E02754E8B28-SegmentedRaftLogWorker] INFO  segmented.SegmentedRaftLogWorker (SegmentedRaftLogWorker.java:run(316)) - 4cf87072-25ee-4787-92a3-b2afc0dd8746@group-4E02754E8B28-SegmentedRaftLogWorker was interrupted, exiting. There are 0 tasks remaining in the queue.
2019-10-16 07:04:56,264 [ForkJoinPool.commonPool-worker-0] INFO  segmented.SegmentedRaftLogWorker (SegmentedRaftLogWorker.java:close(224)) - 4cf87072-25ee-4787-92a3-b2afc0dd8746@group-4E02754E8B28-SegmentedRaftLogWorker close()
2019-10-16 07:04:56,266 [ForkJoinPool.commonPool-worker-0] INFO  impl.RaftServerImpl (RaftServerImpl.java:lambda$shutdown$3(261)) - 4cf87072-25ee-4787-92a3-b2afc0dd8746@group-4ED696EA3CCB: shutdown
2019-10-16 07:04:56,267 [ForkJoinPool.commonPool-worker-0] INFO  util.JmxRegister (JmxRegister.java:unregister(73)) - Successfully un-registered JMX Bean with object name Ratis:service=RaftServer,group=group-4ED696EA3CCB,id=4cf87072-25ee-4787-92a3-b2afc0dd8746
2019-10-16 07:04:56,267 [ForkJoinPool.commonPool-worker-0] INFO  impl.RoleInfo (RoleInfo.java:shutdownLeaderState(104)) - 4cf87072-25ee-4787-92a3-b2afc0dd8746: shutdown LeaderState
2019-10-16 07:04:56,267 [ForkJoinPool.commonPool-worker-0] INFO  impl.PendingRequests (PendingRequests.java:sendNotLeaderResponses(202)) - 4cf87072-25ee-4787-92a3-b2afc0dd8746@group-4ED696EA3CCB-PendingRequests: sendNotLeaderResponses
2019-10-16 07:04:56,268 [ForkJoinPool.commonPool-worker-0] INFO  impl.StateMachineUpdater (StateMachineUpdater.java:stopAndJoin(136)) - 4cf87072-25ee-4787-92a3-b2afc0dd8746@group-4ED696EA3CCB-StateMachineUpdater: set stopIndex = 0
2019-10-16 07:04:56,268 [ForkJoinPool.commonPool-worker-0] INFO  impl.RaftServerImpl (ServerState.java:close(388)) - 4cf87072-25ee-4787-92a3-b2afc0dd8746@group-4ED696EA3CCB: closes. applyIndex: 0
2019-10-16 07:04:56,269 [4cf87072-25ee-4787-92a3-b2afc0dd8746@group-4ED696EA3CCB-SegmentedRaftLogWorker] INFO  segmented.SegmentedRaftLogWorker (SegmentedRaftLogWorker.java:run(316)) - 4cf87072-25ee-4787-92a3-b2afc0dd8746@group-4ED696EA3CCB-SegmentedRaftLogWorker was interrupted, exiting. There are 0 tasks remaining in the queue.
2019-10-16 07:04:56,270 [ForkJoinPool.commonPool-worker-0] INFO  segmented.SegmentedRaftLogWorker (SegmentedRaftLogWorker.java:close(224)) - 4cf87072-25ee-4787-92a3-b2afc0dd8746@group-4ED696EA3CCB-SegmentedRaftLogWorker close()
2019-10-16 07:04:56,272 [ForkJoinPool.commonPool-worker-0] INFO  server.GrpcService (GrpcService.java:closeImpl(164)) - 4cf87072-25ee-4787-92a3-b2afc0dd8746: shutdown server with port 42085 now
2019-10-16 07:04:56,275 [ForkJoinPool.commonPool-worker-0] INFO  server.GrpcService (GrpcService.java:closeImpl(172)) - 4cf87072-25ee-4787-92a3-b2afc0dd8746: shutdown server with port 42085 successfully
2019-10-16 07:04:56,281 [refreshUsed-/workdir/hadoop-ozone/ozonefs/target/test-dir/MiniOzoneClusterImpl-95452fb2-cc0a-41df-83f6-d45a8763a348/datanode-2/data/containers] WARN  fs.CachingGetSpaceUsed (CachingGetSpaceUsed.java:run(183)) - Thread Interrupted waiting to refresh disk information: sleep interrupted
2019-10-16 07:04:56,649 [ForkJoinPool.commonPool-worker-0] INFO  utils.BackgroundService (BackgroundService.java:shutdown(151)) - Shutting down service BlockDeletingService
2019-10-16 07:04:56,653 [ForkJoinPool.commonPool-worker-0] INFO  statemachine.DatanodeStateMachine (DatanodeStateMachine.java:stopDaemon(395)) - Ozone container server stopped.
2019-10-16 07:04:56,656 [ForkJoinPool.commonPool-worker-0] INFO  handler.ContextHandler (ContextHandler.java:doStop(910)) - Stopped o.e.j.w.WebAppContext@6d4a82{/,null,UNAVAILABLE}{/hddsDatanode}
2019-10-16 07:04:56,657 [ForkJoinPool.commonPool-worker-0] INFO  server.AbstractConnector (AbstractConnector.java:doStop(318)) - Stopped ServerConnector@14f060b8{HTTP/1.1,[http/1.1]}{0.0.0.0:0}
2019-10-16 07:04:56,658 [ForkJoinPool.commonPool-worker-0] INFO  handler.ContextHandler (ContextHandler.java:doStop(910)) - Stopped o.e.j.s.ServletContextHandler@5e905f2c{/static,jar:file:/home/user/.m2/repository/org/apache/hadoop/hadoop-hdds-container-service/0.5.0-SNAPSHOT/hadoop-hdds-container-service-0.5.0-SNAPSHOT.jar!/webapps/static,UNAVAILABLE}
2019-10-16 07:04:56,659 [ForkJoinPool.commonPool-worker-0] INFO  handler.ContextHandler (ContextHandler.java:doStop(910)) - Stopped o.e.j.s.ServletContextHandler@70881123{/logs,file:///workdir/hadoop-ozone/ozonefs/target/log,UNAVAILABLE}
2019-10-16 07:04:56,660 [main] INFO  ozone.MiniOzoneClusterImpl (MiniOzoneClusterImpl.java:stopSCM(392)) - Stopping the StorageContainerManager
2019-10-16 07:04:56,661 [main] INFO  server.StorageContainerManager (StorageContainerManager.java:stop(810)) - Stopping Replication Manager Service.
2019-10-16 07:04:56,661 [main] INFO  container.ReplicationManager (ReplicationManager.java:stop(203)) - Stopping Replication Monitor Thread.
2019-10-16 07:04:56,661 [main] INFO  server.StorageContainerManager (StorageContainerManager.java:stop(817)) - Stopping Lease Manager of the command watchers
2019-10-16 07:04:56,661 [main] INFO  server.StorageContainerManager (StorageContainerManager.java:stop(824)) - Stopping datanode service RPC server
2019-10-16 07:04:56,661 [main] INFO  server.SCMDatanodeProtocolServer (SCMDatanodeProtocolServer.java:stop(346)) - Stopping the RPC server for DataNodes
2019-10-16 07:04:56,662 [main] INFO  ipc.Server (Server.java:stop(3082)) - Stopping server on 46778
2019-10-16 07:04:56,664 [IPC Server listener on 46778] INFO  ipc.Server (Server.java:run(1185)) - Stopping IPC Server listener on 46778
2019-10-16 07:04:56,664 [IPC Server Responder] INFO  ipc.Server (Server.java:run(1319)) - Stopping IPC Server Responder
2019-10-16 07:04:56,698 [SCM Heartbeat Processing Thread - 0] WARN  node.NodeStateManager (NodeStateManager.java:scheduleNextHealthCheck(646)) - Current Thread is interrupted, shutting down HB processing thread for Node Manager.
2019-10-16 07:04:56,699 [main] INFO  server.StorageContainerManager (StorageContainerManager.java:stop(832)) - Stopping block service RPC server
2019-10-16 07:04:56,699 [main] INFO  server.SCMBlockProtocolServer (SCMBlockProtocolServer.java:stop(155)) - Stopping the RPC server for Block Protocol
2019-10-16 07:04:56,699 [main] INFO  ipc.Server (Server.java:stop(3082)) - Stopping server on 33267
2019-10-16 07:04:56,701 [IPC Server listener on 33267] INFO  ipc.Server (Server.java:run(1185)) - Stopping IPC Server listener on 33267
2019-10-16 07:04:56,701 [main] INFO  server.StorageContainerManager (StorageContainerManager.java:stop(839)) - Stopping the StorageContainerLocationProtocol RPC server
2019-10-16 07:04:56,702 [IPC Server Responder] INFO  ipc.Server (Server.java:run(1319)) - Stopping IPC Server Responder
2019-10-16 07:04:56,703 [main] INFO  server.SCMClientProtocolServer (SCMClientProtocolServer.java:stop(168)) - Stopping the RPC server for Client Protocol
2019-10-16 07:04:56,703 [main] INFO  ipc.Server (Server.java:stop(3082)) - Stopping server on 36399
2019-10-16 07:04:56,705 [IPC Server listener on 36399] INFO  ipc.Server (Server.java:run(1185)) - Stopping IPC Server listener on 36399
2019-10-16 07:04:56,708 [main] INFO  server.StorageContainerManager (StorageContainerManager.java:stop(846)) - Stopping Storage Container Manager HTTP server.
2019-10-16 07:04:56,709 [IPC Server Responder] INFO  ipc.Server (Server.java:run(1319)) - Stopping IPC Server Responder
2019-10-16 07:04:56,711 [main] INFO  handler.ContextHandler (ContextHandler.java:doStop(910)) - Stopped o.e.j.w.WebAppContext@62b6c045{/,null,UNAVAILABLE}{/scm}
2019-10-16 07:04:56,712 [main] INFO  server.AbstractConnector (AbstractConnector.java:doStop(318)) - Stopped ServerConnector@58f254b1{HTTP/1.1,[http/1.1]}{0.0.0.0:0}
2019-10-16 07:04:56,712 [main] INFO  handler.ContextHandler (ContextHandler.java:doStop(910)) - Stopped o.e.j.s.ServletContextHandler@5a14e60d{/static,jar:file:/home/user/.m2/repository/org/apache/hadoop/hadoop-hdds-server-scm/0.5.0-SNAPSHOT/hadoop-hdds-server-scm-0.5.0-SNAPSHOT.jar!/webapps/static,UNAVAILABLE}
2019-10-16 07:04:56,713 [main] INFO  handler.ContextHandler (ContextHandler.java:doStop(910)) - Stopped o.e.j.s.ServletContextHandler@18dcb8a7{/logs,file:///workdir/hadoop-ozone/ozonefs/target/log,UNAVAILABLE}
2019-10-16 07:04:56,714 [main] INFO  server.StorageContainerManager (StorageContainerManager.java:stop(857)) - Stopping Block Manager Service.
2019-10-16 07:04:56,714 [main] INFO  utils.BackgroundService (BackgroundService.java:shutdown(151)) - Shutting down service SCMBlockDeletingService
2019-10-16 07:04:56,715 [main] INFO  utils.BackgroundService (BackgroundService.java:shutdown(151)) - Shutting down service SCMBlockDeletingService
2019-10-16 07:04:56,715 [main] INFO  server.StorageContainerManager (StorageContainerManager.java:stop(879)) - Stopping SCM Event Queue.
2019-10-16 07:04:56,719 [main] INFO  impl.MetricsSystemImpl (MetricsSystemImpl.java:stop(210)) - Stopping XceiverClientMetrics metrics system...
2019-10-16 07:04:56,723 [main] INFO  impl.MetricsSystemImpl (MetricsSystemImpl.java:stop(216)) - XceiverClientMetrics metrics system stopped.
]]></system-out>
  </testcase>
  <testcase name="testOzoneManagerFileSystemInterface[1]" classname="org.apache.hadoop.fs.ozone.TestOzoneFileInterfaces" time="16.885"/>
  <testcase name="testListStatus[1]" classname="org.apache.hadoop.fs.ozone.TestOzoneFileInterfaces" time="16.921"/>
  <testcase name="testDirectory[1]" classname="org.apache.hadoop.fs.ozone.TestOzoneFileInterfaces" time="16.839"/>
  <testcase name="testPathToKey[1]" classname="org.apache.hadoop.fs.ozone.TestOzoneFileInterfaces" time="17.333"/>
  <testcase name="testFileSystemInit[1]" classname="org.apache.hadoop.fs.ozone.TestOzoneFileInterfaces" time="16.973"/>
  <testcase name="testOzFsReadWrite[1]" classname="org.apache.hadoop.fs.ozone.TestOzoneFileInterfaces" time="17.404">
    <error message="Releasing lock on resource /anlroscckj/rditfttwle without acquiring lock&#10;	at org.apache.hadoop.ozone.lock.LockManager.getLockForReleasing(LockManager.java:220)&#10;	at org.apache.hadoop.ozone.lock.LockManager.release(LockManager.java:168)&#10;	at org.apache.hadoop.ozone.lock.LockManager.writeUnlock(LockManager.java:148)&#10;	at org.apache.hadoop.ozone.om.lock.OzoneManagerLock.unlock(OzoneManagerLock.java:364)&#10;	at org.apache.hadoop.ozone.om.lock.OzoneManagerLock.releaseWriteLock(OzoneManagerLock.java:329)&#10;	at org.apache.hadoop.ozone.om.request.key.OMKeyCommitRequest.validateAndUpdateCache(OMKeyCommitRequest.java:177)&#10;	at org.apache.hadoop.ozone.protocolPB.OzoneManagerProtocolServerSideTranslatorPB.submitRequestDirectlyToOM(OzoneManagerProtocolServerSideTranslatorPB.java:219)&#10;	at org.apache.hadoop.ozone.protocolPB.OzoneManagerProtocolServerSideTranslatorPB.processRequest(OzoneManagerProtocolServerSideTranslatorPB.java:134)&#10;	at org.apache.hadoop.hdds.server.OzoneProtocolMessageDispatcher.processRequest(OzoneProtocolMessageDispatcher.java:72)&#10;	at org.apache.hadoop.ozone.protocolPB.OzoneManagerProtocolServerSideTranslatorPB.submitRequest(OzoneManagerProtocolServerSideTranslatorPB.java:100)&#10;	at org.apache.hadoop.ozone.protocol.proto.OzoneManagerProtocolProtos$OzoneManagerService$2.callBlockingMethod(OzoneManagerProtocolProtos.java)&#10;	at org.apache.hadoop.ipc.ProtobufRpcEngine$Server$ProtoBufRpcInvoker.call(ProtobufRpcEngine.java:524)&#10;	at org.apache.hadoop.ipc.RPC$Server.call(RPC.java:1025)&#10;	at org.apache.hadoop.ipc.Server$RpcCall.run(Server.java:876)&#10;	at org.apache.hadoop.ipc.Server$RpcCall.run(Server.java:822)&#10;	at java.security.AccessController.doPrivileged(Native Method)&#10;	at javax.security.auth.Subject.doAs(Subject.java:422)&#10;	at org.apache.hadoop.security.UserGroupInformation.doAs(UserGroupInformation.java:1730)&#10;	at org.apache.hadoop.ipc.Server$Handler.run(Server.java:2682)&#10;" type="org.apache.hadoop.ipc.RemoteException(java.lang.IllegalMonitorStateException)">org.apache.hadoop.ipc.RemoteException(java.lang.IllegalMonitorStateException): Releasing lock on resource /anlroscckj/rditfttwle without acquiring lock
	at org.apache.hadoop.ozone.lock.LockManager.getLockForReleasing(LockManager.java:220)
	at org.apache.hadoop.ozone.lock.LockManager.release(LockManager.java:168)
	at org.apache.hadoop.ozone.lock.LockManager.writeUnlock(LockManager.java:148)
	at org.apache.hadoop.ozone.om.lock.OzoneManagerLock.unlock(OzoneManagerLock.java:364)
	at org.apache.hadoop.ozone.om.lock.OzoneManagerLock.releaseWriteLock(OzoneManagerLock.java:329)
	at org.apache.hadoop.ozone.om.request.key.OMKeyCommitRequest.validateAndUpdateCache(OMKeyCommitRequest.java:177)
	at org.apache.hadoop.ozone.protocolPB.OzoneManagerProtocolServerSideTranslatorPB.submitRequestDirectlyToOM(OzoneManagerProtocolServerSideTranslatorPB.java:219)
	at org.apache.hadoop.ozone.protocolPB.OzoneManagerProtocolServerSideTranslatorPB.processRequest(OzoneManagerProtocolServerSideTranslatorPB.java:134)
	at org.apache.hadoop.hdds.server.OzoneProtocolMessageDispatcher.processRequest(OzoneProtocolMessageDispatcher.java:72)
	at org.apache.hadoop.ozone.protocolPB.OzoneManagerProtocolServerSideTranslatorPB.submitRequest(OzoneManagerProtocolServerSideTranslatorPB.java:100)
	at org.apache.hadoop.ozone.protocol.proto.OzoneManagerProtocolProtos$OzoneManagerService$2.callBlockingMethod(OzoneManagerProtocolProtos.java)
	at org.apache.hadoop.ipc.ProtobufRpcEngine$Server$ProtoBufRpcInvoker.call(ProtobufRpcEngine.java:524)
	at org.apache.hadoop.ipc.RPC$Server.call(RPC.java:1025)
	at org.apache.hadoop.ipc.Server$RpcCall.run(Server.java:876)
	at org.apache.hadoop.ipc.Server$RpcCall.run(Server.java:822)
	at java.security.AccessController.doPrivileged(Native Method)
	at javax.security.auth.Subject.doAs(Subject.java:422)
	at org.apache.hadoop.security.UserGroupInformation.doAs(UserGroupInformation.java:1730)
	at org.apache.hadoop.ipc.Server$Handler.run(Server.java:2682)

	at org.apache.hadoop.ipc.Client.getRpcResponse(Client.java:1511)
	at org.apache.hadoop.ipc.Client.call(Client.java:1457)
	at org.apache.hadoop.ipc.Client.call(Client.java:1367)
	at org.apache.hadoop.ipc.ProtobufRpcEngine$Invoker.invoke(ProtobufRpcEngine.java:228)
	at org.apache.hadoop.ipc.ProtobufRpcEngine$Invoker.invoke(ProtobufRpcEngine.java:116)
	at com.sun.proxy.$Proxy38.submitRequest(Unknown Source)
	at sun.reflect.GeneratedMethodAccessor20.invoke(Unknown Source)
	at sun.reflect.DelegatingMethodAccessorImpl.invoke(DelegatingMethodAccessorImpl.java:43)
	at java.lang.reflect.Method.invoke(Method.java:498)
	at org.apache.hadoop.io.retry.RetryInvocationHandler.invokeMethod(RetryInvocationHandler.java:422)
	at org.apache.hadoop.io.retry.RetryInvocationHandler$Call.invokeMethod(RetryInvocationHandler.java:165)
	at org.apache.hadoop.io.retry.RetryInvocationHandler$Call.invoke(RetryInvocationHandler.java:157)
	at org.apache.hadoop.io.retry.RetryInvocationHandler$Call.invokeOnce(RetryInvocationHandler.java:95)
	at org.apache.hadoop.io.retry.RetryInvocationHandler.invoke(RetryInvocationHandler.java:359)
	at com.sun.proxy.$Proxy38.submitRequest(Unknown Source)
	at org.apache.hadoop.ozone.om.protocolPB.OzoneManagerProtocolClientSideTranslatorPB.submitRequest(OzoneManagerProtocolClientSideTranslatorPB.java:338)
	at org.apache.hadoop.ozone.om.protocolPB.OzoneManagerProtocolClientSideTranslatorPB.commitKey(OzoneManagerProtocolClientSideTranslatorPB.java:789)
	at sun.reflect.NativeMethodAccessorImpl.invoke0(Native Method)
	at sun.reflect.NativeMethodAccessorImpl.invoke(NativeMethodAccessorImpl.java:62)
	at sun.reflect.DelegatingMethodAccessorImpl.invoke(DelegatingMethodAccessorImpl.java:43)
	at java.lang.reflect.Method.invoke(Method.java:498)
	at org.apache.hadoop.hdds.tracing.TraceAllMethod.invoke(TraceAllMethod.java:66)
	at com.sun.proxy.$Proxy39.commitKey(Unknown Source)
	at org.apache.hadoop.ozone.client.io.BlockOutputStreamEntryPool.commitKey(BlockOutputStreamEntryPool.java:277)
	at org.apache.hadoop.ozone.client.io.KeyOutputStream.close(KeyOutputStream.java:474)
	at org.apache.hadoop.fs.ozone.OzoneFSOutputStream.close(OzoneFSOutputStream.java:56)
	at org.apache.hadoop.fs.FSDataOutputStream$PositionCache.close(FSDataOutputStream.java:72)
	at org.apache.hadoop.fs.FSDataOutputStream.close(FSDataOutputStream.java:101)
	at org.apache.hadoop.fs.ozone.TestOzoneFileInterfaces.testOzFsReadWrite(TestOzoneFileInterfaces.java:171)
	at sun.reflect.NativeMethodAccessorImpl.invoke0(Native Method)
	at sun.reflect.NativeMethodAccessorImpl.invoke(NativeMethodAccessorImpl.java:62)
	at sun.reflect.DelegatingMethodAccessorImpl.invoke(DelegatingMethodAccessorImpl.java:43)
	at java.lang.reflect.Method.invoke(Method.java:498)
	at org.junit.runners.model.FrameworkMethod$1.runReflectiveCall(FrameworkMethod.java:47)
	at org.junit.internal.runners.model.ReflectiveCallable.run(ReflectiveCallable.java:12)
	at org.junit.runners.model.FrameworkMethod.invokeExplosively(FrameworkMethod.java:44)
	at org.junit.internal.runners.statements.InvokeMethod.evaluate(InvokeMethod.java:17)
	at org.junit.internal.runners.statements.RunBefores.evaluate(RunBefores.java:26)
	at org.junit.internal.runners.statements.RunAfters.evaluate(RunAfters.java:27)
	at org.junit.runners.ParentRunner.runLeaf(ParentRunner.java:271)
	at org.junit.runners.BlockJUnit4ClassRunner.runChild(BlockJUnit4ClassRunner.java:70)
	at org.junit.runners.BlockJUnit4ClassRunner.runChild(BlockJUnit4ClassRunner.java:50)
	at org.junit.runners.ParentRunner$3.run(ParentRunner.java:238)
	at org.junit.runners.ParentRunner$1.schedule(ParentRunner.java:63)
	at org.junit.runners.ParentRunner.runChildren(ParentRunner.java:236)
	at org.junit.runners.ParentRunner.access$000(ParentRunner.java:53)
	at org.junit.runners.ParentRunner$2.evaluate(ParentRunner.java:229)
	at org.junit.runners.ParentRunner.run(ParentRunner.java:309)
	at org.junit.runners.Suite.runChild(Suite.java:127)
	at org.junit.runners.Suite.runChild(Suite.java:26)
	at org.junit.runners.ParentRunner$3.run(ParentRunner.java:238)
	at org.junit.runners.ParentRunner$1.schedule(ParentRunner.java:63)
	at org.junit.runners.ParentRunner.runChildren(ParentRunner.java:236)
	at org.junit.runners.ParentRunner.access$000(ParentRunner.java:53)
	at org.junit.runners.ParentRunner$2.evaluate(ParentRunner.java:229)
	at org.junit.runners.ParentRunner.run(ParentRunner.java:309)
	at org.apache.maven.surefire.junit4.JUnit4Provider.execute(JUnit4Provider.java:365)
	at org.apache.maven.surefire.junit4.JUnit4Provider.executeWithRerun(JUnit4Provider.java:273)
	at org.apache.maven.surefire.junit4.JUnit4Provider.executeTestSet(JUnit4Provider.java:238)
	at org.apache.maven.surefire.junit4.JUnit4Provider.invoke(JUnit4Provider.java:159)
	at org.apache.maven.surefire.booter.ForkedBooter.invokeProviderInSameClassLoader(ForkedBooter.java:384)
	at org.apache.maven.surefire.booter.ForkedBooter.runSuitesInProcess(ForkedBooter.java:345)
	at org.apache.maven.surefire.booter.ForkedBooter.execute(ForkedBooter.java:126)
	at org.apache.maven.surefire.booter.ForkedBooter.main(ForkedBooter.java:418)
</error>
    <system-out><![CDATA[2019-10-16 07:06:21,733 [main] WARN  server.ServerUtils (ServerUtils.java:getScmDbDir(145)) - ozone.scm.db.dirs is not configured. We recommend adding this setting. Falling back to ozone.metadata.dirs instead.
2019-10-16 07:06:21,747 [main] WARN  server.ServerUtils (ServerUtils.java:getScmDbDir(145)) - ozone.scm.db.dirs is not configured. We recommend adding this setting. Falling back to ozone.metadata.dirs instead.
2019-10-16 07:06:21,748 [main] WARN  server.ServerUtils (ServerUtils.java:getScmDbDir(145)) - ozone.scm.db.dirs is not configured. We recommend adding this setting. Falling back to ozone.metadata.dirs instead.
2019-10-16 07:06:21,748 [main] INFO  db.DBStoreBuilder (DBStoreBuilder.java:addTable(117)) - using custom profile for table: deletedBlocks
2019-10-16 07:06:21,748 [main] INFO  db.DBStoreBuilder (DBStoreBuilder.java:processTables(168)) - Using default column profile:DBProfile.DISK for Table:deletedBlocks
2019-10-16 07:06:21,749 [main] INFO  db.DBStoreBuilder (DBStoreBuilder.java:addTable(117)) - using custom profile for table: validCerts
2019-10-16 07:06:21,749 [main] INFO  db.DBStoreBuilder (DBStoreBuilder.java:processTables(168)) - Using default column profile:DBProfile.DISK for Table:validCerts
2019-10-16 07:06:21,749 [main] INFO  db.DBStoreBuilder (DBStoreBuilder.java:addTable(117)) - using custom profile for table: revokedCerts
2019-10-16 07:06:21,749 [main] INFO  db.DBStoreBuilder (DBStoreBuilder.java:processTables(168)) - Using default column profile:DBProfile.DISK for Table:revokedCerts
2019-10-16 07:06:21,749 [main] INFO  db.DBStoreBuilder (DBStoreBuilder.java:addTable(117)) - using custom profile for table: default
2019-10-16 07:06:21,749 [main] INFO  db.DBStoreBuilder (DBStoreBuilder.java:processTables(174)) - Using default column profile:DBProfile.DISK for Table:default
2019-10-16 07:06:21,750 [main] INFO  db.DBStoreBuilder (DBStoreBuilder.java:getDbProfile(205)) - Using default options. DBProfile.DISK
2019-10-16 07:06:21,924 [main] INFO  net.NodeSchemaLoader (NodeSchemaLoader.java:loadSchemaFromFile(125)) - Loading file from sun.misc.CompoundEnumeration@4b9f7edc
2019-10-16 07:06:21,925 [main] INFO  net.NodeSchemaLoader (NodeSchemaLoader.java:loadSchema(171)) - Loading network topology layer schema file
2019-10-16 07:06:21,931 [main] WARN  server.ServerUtils (ServerUtils.java:sanitizeUserArgs(70)) - ozone.scm.stale.node.interval value = 300000 is larger than max = 100000 based on the key value of ozone.scm.heartbeat.thread.interval, reset to the max value 100000.
2019-10-16 07:06:21,931 [main] WARN  server.ServerUtils (ServerUtils.java:sanitizeUserArgs(70)) - ozone.scm.stale.node.interval value = 300000 is larger than max = 100000 based on the key value of ozone.scm.heartbeat.thread.interval, reset to the max value 100000.
2019-10-16 07:06:21,931 [main] INFO  node.SCMNodeManager (SCMNodeManager.java:<init>(116)) - Entering startup safe mode.
2019-10-16 07:06:21,932 [main] INFO  algorithms.ContainerPlacementPolicyFactory (ContainerPlacementPolicyFactory.java:getPolicy(57)) - Create container placement policy of type org.apache.hadoop.hdds.scm.container.placement.algorithms.SCMContainerPlacementRandom
2019-10-16 07:06:21,932 [main] WARN  server.ServerUtils (ServerUtils.java:getScmDbDir(145)) - ozone.scm.db.dirs is not configured. We recommend adding this setting. Falling back to ozone.metadata.dirs instead.
2019-10-16 07:06:22,007 [main] INFO  pipeline.SCMPipelineManager (SCMPipelineManager.java:initializePipelineState(132)) - No pipeline exists in current db
2019-10-16 07:06:22,008 [main] WARN  server.ServerUtils (ServerUtils.java:getScmDbDir(145)) - ozone.scm.db.dirs is not configured. We recommend adding this setting. Falling back to ozone.metadata.dirs instead.
2019-10-16 07:06:22,079 [main] WARN  events.EventQueue (EventQueue.java:fireEvent(183)) - No event handler registered for event TypedEvent{payloadType=SafeModeStatus, name='SafeModeStatus'}
2019-10-16 07:06:22,080 [main] INFO  ipc.CallQueueManager (CallQueueManager.java:<init>(84)) - Using callQueue: class java.util.concurrent.LinkedBlockingQueue, queueCapacity: 2000, scheduler: class org.apache.hadoop.ipc.DefaultRpcScheduler, ipcBackoff: false.
2019-10-16 07:06:22,081 [Socket Reader #1 for port 42153] INFO  ipc.Server (Server.java:run(1074)) - Starting Socket Reader #1 for port 42153
2019-10-16 07:06:22,084 [main] INFO  ipc.CallQueueManager (CallQueueManager.java:<init>(84)) - Using callQueue: class java.util.concurrent.LinkedBlockingQueue, queueCapacity: 2000, scheduler: class org.apache.hadoop.ipc.DefaultRpcScheduler, ipcBackoff: false.
2019-10-16 07:06:22,085 [Socket Reader #1 for port 34617] INFO  ipc.Server (Server.java:run(1074)) - Starting Socket Reader #1 for port 34617
2019-10-16 07:06:22,087 [main] INFO  ipc.CallQueueManager (CallQueueManager.java:<init>(84)) - Using callQueue: class java.util.concurrent.LinkedBlockingQueue, queueCapacity: 2000, scheduler: class org.apache.hadoop.ipc.DefaultRpcScheduler, ipcBackoff: false.
2019-10-16 07:06:22,088 [Socket Reader #1 for port 42588] INFO  ipc.Server (Server.java:run(1074)) - Starting Socket Reader #1 for port 42588
2019-10-16 07:06:22,091 [main] INFO  hdfs.DFSUtil (DFSUtil.java:httpServerTemplateForNNAndJN(1641)) - Starting Web-server for scm at: http://0.0.0.0:0
2019-10-16 07:06:22,094 [main] INFO  server.AuthenticationFilter (AuthenticationFilter.java:constructSecretProvider(240)) - Unable to initialize FileSignerSecretProvider, falling back to use random secrets.
2019-10-16 07:06:22,095 [main] WARN  http.HttpRequestLog (HttpRequestLog.java:getRequestLog(97)) - Jetty request log can only be enabled using Log4j
2019-10-16 07:06:22,097 [main] INFO  http.HttpServer2 (HttpServer2.java:addGlobalFilter(975)) - Added global filter 'safety' (class=org.apache.hadoop.http.HttpServer2$QuotingInputFilter)
2019-10-16 07:06:22,098 [main] INFO  http.HttpServer2 (HttpServer2.java:addFilter(948)) - Added filter static_user_filter (class=org.apache.hadoop.http.lib.StaticUserWebFilter$StaticUserFilter) to context scm
2019-10-16 07:06:22,098 [main] INFO  http.HttpServer2 (HttpServer2.java:addFilter(958)) - Added filter static_user_filter (class=org.apache.hadoop.http.lib.StaticUserWebFilter$StaticUserFilter) to context static
2019-10-16 07:06:22,099 [main] INFO  http.HttpServer2 (HttpServer2.java:addFilter(958)) - Added filter static_user_filter (class=org.apache.hadoop.http.lib.StaticUserWebFilter$StaticUserFilter) to context logs
2019-10-16 07:06:22,101 [main] INFO  server.StorageContainerManager (StorageContainerManager.java:start(772)) - StorageContainerLocationProtocol RPC server is listening at /0.0.0.0:42588
2019-10-16 07:06:22,104 [main] WARN  impl.MetricsConfig (MetricsConfig.java:loadFirst(134)) - Cannot locate configuration: tried hadoop-metrics2-storagecontainermanager.properties,hadoop-metrics2.properties
2019-10-16 07:06:22,105 [main] INFO  impl.MetricsSystemImpl (MetricsSystemImpl.java:startTimer(374)) - Scheduled Metric snapshot period at 10 second(s).
2019-10-16 07:06:22,105 [main] INFO  impl.MetricsSystemImpl (MetricsSystemImpl.java:start(191)) - StorageContainerManager metrics system started
2019-10-16 07:06:22,268 [main] WARN  impl.MetricsSystemImpl (MetricsSystemImpl.java:register(276)) - Sink prometheus already exists!
2019-10-16 07:06:22,360 [main] INFO  server.SCMClientProtocolServer (SCMClientProtocolServer.java:start(159)) - RPC server for Client  is listening at /0.0.0.0:42588
2019-10-16 07:06:22,361 [IPC Server Responder] INFO  ipc.Server (Server.java:run(1314)) - IPC Server Responder: starting
2019-10-16 07:06:22,361 [IPC Server listener on 42588] INFO  ipc.Server (Server.java:run(1153)) - IPC Server listener on 42588: starting
2019-10-16 07:06:22,366 [main] INFO  server.StorageContainerManager (StorageContainerManager.java:start(782)) - ScmBlockLocationProtocol RPC server is listening at /0.0.0.0:34617
2019-10-16 07:06:22,366 [main] INFO  server.SCMBlockProtocolServer (SCMBlockProtocolServer.java:start(146)) - RPC server for Block Protocol is listening at /0.0.0.0:34617
2019-10-16 07:06:22,366 [IPC Server Responder] INFO  ipc.Server (Server.java:run(1314)) - IPC Server Responder: starting
2019-10-16 07:06:22,367 [IPC Server listener on 34617] INFO  ipc.Server (Server.java:run(1153)) - IPC Server listener on 34617: starting
2019-10-16 07:06:22,371 [main] INFO  server.StorageContainerManager (StorageContainerManager.java:start(786)) - ScmDatanodeProtocl RPC server is listening at /0.0.0.0:42153
2019-10-16 07:06:22,371 [main] INFO  server.SCMDatanodeProtocolServer (SCMDatanodeProtocolServer.java:start(169)) - RPC server for DataNodes is listening at /0.0.0.0:42153
2019-10-16 07:06:22,372 [IPC Server Responder] INFO  ipc.Server (Server.java:run(1314)) - IPC Server Responder: starting
2019-10-16 07:06:22,372 [IPC Server listener on 42153] INFO  ipc.Server (Server.java:run(1153)) - IPC Server listener on 42153: starting
2019-10-16 07:06:22,378 [main] INFO  http.HttpServer2 (HttpServer2.java:bindListener(1191)) - Jetty bound to port 35444
2019-10-16 07:06:22,378 [main] INFO  server.Server (Server.java:doStart(351)) - jetty-9.3.25.v20180904, build timestamp: 2018-09-04T21:11:46Z, git hash: 3ce520221d0240229c862b122d2b06c12a625732
2019-10-16 07:06:22,380 [main] INFO  handler.ContextHandler (ContextHandler.java:doStart(781)) - Started o.e.j.s.ServletContextHandler@713e7d9a{/logs,file:///workdir/hadoop-ozone/ozonefs/target/log,AVAILABLE}
2019-10-16 07:06:22,380 [main] INFO  handler.ContextHandler (ContextHandler.java:doStart(781)) - Started o.e.j.s.ServletContextHandler@846b47{/static,jar:file:/home/user/.m2/repository/org/apache/hadoop/hadoop-hdds-server-scm/0.5.0-SNAPSHOT/hadoop-hdds-server-scm-0.5.0-SNAPSHOT.jar!/webapps/static,AVAILABLE}
2019-10-16 07:06:22,437 [main] INFO  handler.ContextHandler (ContextHandler.java:doStart(781)) - Started o.e.j.w.WebAppContext@7e3d168e{/,file:///tmp/jetty-0.0.0.0-35444-scm-_-any-8663473561696061419.dir/webapp/,AVAILABLE}{/scm}
2019-10-16 07:06:22,437 [main] INFO  server.AbstractConnector (AbstractConnector.java:doStart(278)) - Started ServerConnector@149b53fa{HTTP/1.1,[http/1.1]}{0.0.0.0:35444}
2019-10-16 07:06:22,438 [main] INFO  server.Server (Server.java:doStart(419)) - Started @193276ms
2019-10-16 07:06:22,439 [main] WARN  impl.MetricsSystemImpl (MetricsSystemImpl.java:register(276)) - Sink prometheus already exists!
2019-10-16 07:06:22,440 [main] INFO  server.BaseHttpServer (BaseHttpServer.java:updateConnectorAddress(215)) - HTTP server of SCM is listening at http://0.0.0.0:35444
2019-10-16 07:06:22,441 [main] WARN  server.ServerUtils (ServerUtils.java:getDBPath(222)) - ozone.om.db.dirs is not configured. We recommend adding this setting. Falling back to ozone.metadata.dirs instead.
2019-10-16 07:06:22,442 [org.apache.hadoop.util.JvmPauseMonitor$Monitor@751686aa] INFO  util.JvmPauseMonitor (JvmPauseMonitor.java:run(188)) - Starting JVM pause monitor
2019-10-16 07:06:22,457 [main] INFO  ha.OMHANodeDetails (OMHANodeDetails.java:loadOMHAConfig(190)) - Configuration either no ozone.om.address set. Falling back to the default OM address /127.0.0.1:0
2019-10-16 07:06:22,457 [main] INFO  ha.OMHANodeDetails (OMHANodeDetails.java:getOMNodeDetails(220)) - OM Service ID is not set. Setting it to the default ID: omServiceIdDefault
2019-10-16 07:06:22,458 [main] WARN  server.ServerUtils (ServerUtils.java:getDBPath(222)) - ozone.om.db.dirs is not configured. We recommend adding this setting. Falling back to ozone.metadata.dirs instead.
2019-10-16 07:06:22,458 [main] WARN  server.ServerUtils (ServerUtils.java:getDBPath(222)) - ozone.om.db.dirs is not configured. We recommend adding this setting. Falling back to ozone.metadata.dirs instead.
2019-10-16 07:06:22,466 [main] WARN  server.ServerUtils (ServerUtils.java:getDBPath(222)) - ozone.om.db.dirs is not configured. We recommend adding this setting. Falling back to ozone.metadata.dirs instead.
2019-10-16 07:06:22,467 [main] INFO  db.DBStoreBuilder (DBStoreBuilder.java:addTable(117)) - using custom profile for table: userTable
2019-10-16 07:06:22,467 [main] INFO  db.DBStoreBuilder (DBStoreBuilder.java:processTables(168)) - Using default column profile:DBProfile.DISK for Table:userTable
2019-10-16 07:06:22,467 [main] INFO  db.DBStoreBuilder (DBStoreBuilder.java:addTable(117)) - using custom profile for table: volumeTable
2019-10-16 07:06:22,467 [main] INFO  db.DBStoreBuilder (DBStoreBuilder.java:processTables(168)) - Using default column profile:DBProfile.DISK for Table:volumeTable
2019-10-16 07:06:22,468 [main] INFO  db.DBStoreBuilder (DBStoreBuilder.java:addTable(117)) - using custom profile for table: bucketTable
2019-10-16 07:06:22,468 [main] INFO  db.DBStoreBuilder (DBStoreBuilder.java:processTables(168)) - Using default column profile:DBProfile.DISK for Table:bucketTable
2019-10-16 07:06:22,468 [main] INFO  db.DBStoreBuilder (DBStoreBuilder.java:addTable(117)) - using custom profile for table: keyTable
2019-10-16 07:06:22,468 [main] INFO  db.DBStoreBuilder (DBStoreBuilder.java:processTables(168)) - Using default column profile:DBProfile.DISK for Table:keyTable
2019-10-16 07:06:22,469 [main] INFO  db.DBStoreBuilder (DBStoreBuilder.java:addTable(117)) - using custom profile for table: deletedTable
2019-10-16 07:06:22,469 [main] INFO  db.DBStoreBuilder (DBStoreBuilder.java:processTables(168)) - Using default column profile:DBProfile.DISK for Table:deletedTable
2019-10-16 07:06:22,469 [main] INFO  db.DBStoreBuilder (DBStoreBuilder.java:addTable(117)) - using custom profile for table: openKeyTable
2019-10-16 07:06:22,469 [main] INFO  db.DBStoreBuilder (DBStoreBuilder.java:processTables(168)) - Using default column profile:DBProfile.DISK for Table:openKeyTable
2019-10-16 07:06:22,470 [main] INFO  db.DBStoreBuilder (DBStoreBuilder.java:addTable(117)) - using custom profile for table: s3Table
2019-10-16 07:06:22,470 [main] INFO  db.DBStoreBuilder (DBStoreBuilder.java:processTables(168)) - Using default column profile:DBProfile.DISK for Table:s3Table
2019-10-16 07:06:22,470 [main] INFO  db.DBStoreBuilder (DBStoreBuilder.java:addTable(117)) - using custom profile for table: multipartInfoTable
2019-10-16 07:06:22,470 [main] INFO  db.DBStoreBuilder (DBStoreBuilder.java:processTables(168)) - Using default column profile:DBProfile.DISK for Table:multipartInfoTable
2019-10-16 07:06:22,471 [main] INFO  db.DBStoreBuilder (DBStoreBuilder.java:addTable(117)) - using custom profile for table: dTokenTable
2019-10-16 07:06:22,471 [main] INFO  db.DBStoreBuilder (DBStoreBuilder.java:processTables(168)) - Using default column profile:DBProfile.DISK for Table:dTokenTable
2019-10-16 07:06:22,471 [main] INFO  db.DBStoreBuilder (DBStoreBuilder.java:addTable(117)) - using custom profile for table: s3SecretTable
2019-10-16 07:06:22,471 [main] INFO  db.DBStoreBuilder (DBStoreBuilder.java:processTables(168)) - Using default column profile:DBProfile.DISK for Table:s3SecretTable
2019-10-16 07:06:22,472 [main] INFO  db.DBStoreBuilder (DBStoreBuilder.java:addTable(117)) - using custom profile for table: prefixTable
2019-10-16 07:06:22,472 [main] INFO  db.DBStoreBuilder (DBStoreBuilder.java:processTables(168)) - Using default column profile:DBProfile.DISK for Table:prefixTable
2019-10-16 07:06:22,472 [main] INFO  db.DBStoreBuilder (DBStoreBuilder.java:addTable(117)) - using custom profile for table: default
2019-10-16 07:06:22,472 [main] INFO  db.DBStoreBuilder (DBStoreBuilder.java:processTables(174)) - Using default column profile:DBProfile.DISK for Table:default
2019-10-16 07:06:22,473 [main] INFO  db.DBStoreBuilder (DBStoreBuilder.java:getDbProfile(205)) - Using default options. DBProfile.DISK
2019-10-16 07:06:22,946 [main] INFO  ipc.CallQueueManager (CallQueueManager.java:<init>(84)) - Using callQueue: class java.util.concurrent.LinkedBlockingQueue, queueCapacity: 2000, scheduler: class org.apache.hadoop.ipc.DefaultRpcScheduler, ipcBackoff: false.
2019-10-16 07:06:22,947 [Socket Reader #1 for port 35603] INFO  ipc.Server (Server.java:run(1074)) - Starting Socket Reader #1 for port 35603
2019-10-16 07:06:22,975 [main] INFO  om.OzoneManager (OzoneManager.java:start(1074)) - OzoneManager RPC server is listening at localhost/127.0.0.1:35603
2019-10-16 07:06:22,976 [main] INFO  impl.MetricsSystemImpl (MetricsSystemImpl.java:init(158)) - OzoneManager metrics system started (again)
2019-10-16 07:06:22,978 [IPC Server Responder] INFO  ipc.Server (Server.java:run(1314)) - IPC Server Responder: starting
2019-10-16 07:06:22,979 [IPC Server listener on 35603] INFO  ipc.Server (Server.java:run(1153)) - IPC Server listener on 35603: starting
2019-10-16 07:06:22,990 [main] INFO  hdfs.DFSUtil (DFSUtil.java:httpServerTemplateForNNAndJN(1641)) - Starting Web-server for ozoneManager at: http://0.0.0.0:0
2019-10-16 07:06:22,992 [main] INFO  server.AuthenticationFilter (AuthenticationFilter.java:constructSecretProvider(240)) - Unable to initialize FileSignerSecretProvider, falling back to use random secrets.
2019-10-16 07:06:22,993 [main] WARN  http.HttpRequestLog (HttpRequestLog.java:getRequestLog(97)) - Jetty request log can only be enabled using Log4j
2019-10-16 07:06:22,995 [main] INFO  http.HttpServer2 (HttpServer2.java:addGlobalFilter(975)) - Added global filter 'safety' (class=org.apache.hadoop.http.HttpServer2$QuotingInputFilter)
2019-10-16 07:06:22,996 [main] INFO  http.HttpServer2 (HttpServer2.java:addFilter(948)) - Added filter static_user_filter (class=org.apache.hadoop.http.lib.StaticUserWebFilter$StaticUserFilter) to context ozoneManager
2019-10-16 07:06:22,996 [main] INFO  http.HttpServer2 (HttpServer2.java:addFilter(958)) - Added filter static_user_filter (class=org.apache.hadoop.http.lib.StaticUserWebFilter$StaticUserFilter) to context logs
2019-10-16 07:06:22,996 [main] INFO  http.HttpServer2 (HttpServer2.java:addFilter(958)) - Added filter static_user_filter (class=org.apache.hadoop.http.lib.StaticUserWebFilter$StaticUserFilter) to context static
2019-10-16 07:06:22,997 [main] INFO  http.HttpServer2 (HttpServer2.java:bindListener(1191)) - Jetty bound to port 32933
2019-10-16 07:06:22,997 [main] INFO  server.Server (Server.java:doStart(351)) - jetty-9.3.25.v20180904, build timestamp: 2018-09-04T21:11:46Z, git hash: 3ce520221d0240229c862b122d2b06c12a625732
2019-10-16 07:06:22,999 [main] INFO  handler.ContextHandler (ContextHandler.java:doStart(781)) - Started o.e.j.s.ServletContextHandler@4ede035e{/logs,file:///workdir/hadoop-ozone/ozonefs/target/log,AVAILABLE}
2019-10-16 07:06:23,000 [main] INFO  handler.ContextHandler (ContextHandler.java:doStart(781)) - Started o.e.j.s.ServletContextHandler@4272d8cf{/static,jar:file:/home/user/.m2/repository/org/apache/hadoop/hadoop-ozone-ozone-manager/0.5.0-SNAPSHOT/hadoop-ozone-ozone-manager-0.5.0-SNAPSHOT.jar!/webapps/static,AVAILABLE}
2019-10-16 07:06:23,068 [main] INFO  handler.ContextHandler (ContextHandler.java:doStart(781)) - Started o.e.j.w.WebAppContext@6b0325d0{/,file:///tmp/jetty-0.0.0.0-32933-ozoneManager-_-any-879843665941310172.dir/webapp/,AVAILABLE}{/ozoneManager}
2019-10-16 07:06:23,068 [main] INFO  server.AbstractConnector (AbstractConnector.java:doStart(278)) - Started ServerConnector@70439c3{HTTP/1.1,[http/1.1]}{0.0.0.0:32933}
2019-10-16 07:06:23,068 [main] INFO  server.Server (Server.java:doStart(419)) - Started @193907ms
2019-10-16 07:06:23,070 [main] WARN  impl.MetricsSystemImpl (MetricsSystemImpl.java:register(276)) - Sink prometheus already exists!
2019-10-16 07:06:23,071 [main] INFO  server.BaseHttpServer (BaseHttpServer.java:updateConnectorAddress(215)) - HTTP server of OZONEMANAGER is listening at http://0.0.0.0:32933
2019-10-16 07:06:23,081 [main] INFO  impl.MetricsSystemImpl (MetricsSystemImpl.java:init(158)) - HddsDatanode metrics system started (again)
2019-10-16 07:06:23,089 [main] INFO  ozone.HddsDatanodeService (HddsDatanodeService.java:start(184)) - HddsDatanodeService host:pr-hdds-2312-q6qzp-1535798719 ip:192.168.69.104
2019-10-16 07:06:23,099 [main] INFO  volume.HddsVolume (HddsVolume.java:<init>(176)) - Creating Volume: /workdir/hadoop-ozone/ozonefs/target/test-dir/MiniOzoneClusterImpl-aa1b42a7-2a53-4ea8-8c69-54e91c4860b6/datanode-0/data/containers/hdds of  storage type : DISK and capacity : 1482555576320
2019-10-16 07:06:23,099 [main] INFO  volume.VolumeSet (VolumeSet.java:initializeVolumeSet(170)) - Added Volume : /workdir/hadoop-ozone/ozonefs/target/test-dir/MiniOzoneClusterImpl-aa1b42a7-2a53-4ea8-8c69-54e91c4860b6/datanode-0/data/containers/hdds to VolumeSet
2019-10-16 07:06:23,099 [main] INFO  volume.ThrottledAsyncChecker (ThrottledAsyncChecker.java:schedule(141)) - Scheduling a check for /workdir/hadoop-ozone/ozonefs/target/test-dir/MiniOzoneClusterImpl-aa1b42a7-2a53-4ea8-8c69-54e91c4860b6/datanode-0/data/containers/hdds
2019-10-16 07:06:23,100 [main] INFO  volume.HddsVolumeChecker (HddsVolumeChecker.java:checkAllVolumes(204)) - Scheduled health check for volume /workdir/hadoop-ozone/ozonefs/target/test-dir/MiniOzoneClusterImpl-aa1b42a7-2a53-4ea8-8c69-54e91c4860b6/datanode-0/data/containers/hdds
2019-10-16 07:06:23,123 [main] INFO  impl.RaftServerProxy (ConfUtils.java:logGet(43)) - raft.rpc.type = GRPC (default)
2019-10-16 07:06:23,123 [main] INFO  grpc.GrpcFactory (GrpcFactory.java:checkPooledByteBufAllocatorUseCacheForAllThreads(45)) - PERFORMANCE WARNING: useCacheForAllThreads is true that may cause Netty to create a lot garbage objects and, as a result, trigger GC.
	It is recommended to disable useCacheForAllThreads by setting -Dorg.apache.ratis.thirdparty.io.netty.allocator.useCacheForAllThreads=false in command line.
2019-10-16 07:06:23,124 [main] INFO  grpc.GrpcConfigKeys$Server (ConfUtils.java:logGet(43)) - raft.grpc.server.port = 0 (default)
2019-10-16 07:06:23,124 [main] INFO  server.GrpcService (ConfUtils.java:logGet(43)) - raft.grpc.message.size.max = 33570816 (custom)
2019-10-16 07:06:23,124 [main] INFO  server.RaftServerConfigKeys (ConfUtils.java:logGet(43)) - raft.server.log.appender.buffer.byte-limit = 33554432 (custom)
2019-10-16 07:06:23,124 [main] INFO  server.GrpcService (ConfUtils.java:logGet(43)) - raft.grpc.flow.control.window = 1MB (=1048576) (default)
2019-10-16 07:06:23,124 [main] INFO  server.RaftServerConfigKeys (ConfUtils.java:logGet(43)) - raft.server.rpc.request.timeout = 3000ms (default)
2019-10-16 07:06:23,125 [main] INFO  server.RaftServerConfigKeys (ConfUtils.java:logGet(43)) - raft.server.storage.dir = [/workdir/hadoop-ozone/ozonefs/target/test-dir/MiniOzoneClusterImpl-aa1b42a7-2a53-4ea8-8c69-54e91c4860b6/datanode-0/data/ratis] (custom)
2019-10-16 07:06:23,127 [main] INFO  hdfs.DFSUtil (DFSUtil.java:httpServerTemplateForNNAndJN(1641)) - Starting Web-server for hddsDatanode at: http://0.0.0.0:0
2019-10-16 07:06:23,128 [main] INFO  server.AuthenticationFilter (AuthenticationFilter.java:constructSecretProvider(240)) - Unable to initialize FileSignerSecretProvider, falling back to use random secrets.
2019-10-16 07:06:23,128 [main] WARN  http.HttpRequestLog (HttpRequestLog.java:getRequestLog(97)) - Jetty request log can only be enabled using Log4j
2019-10-16 07:06:23,130 [main] INFO  http.HttpServer2 (HttpServer2.java:addGlobalFilter(975)) - Added global filter 'safety' (class=org.apache.hadoop.http.HttpServer2$QuotingInputFilter)
2019-10-16 07:06:23,131 [main] INFO  http.HttpServer2 (HttpServer2.java:addFilter(948)) - Added filter static_user_filter (class=org.apache.hadoop.http.lib.StaticUserWebFilter$StaticUserFilter) to context hddsDatanode
2019-10-16 07:06:23,131 [main] INFO  http.HttpServer2 (HttpServer2.java:addFilter(958)) - Added filter static_user_filter (class=org.apache.hadoop.http.lib.StaticUserWebFilter$StaticUserFilter) to context static
2019-10-16 07:06:23,131 [main] INFO  http.HttpServer2 (HttpServer2.java:addFilter(958)) - Added filter static_user_filter (class=org.apache.hadoop.http.lib.StaticUserWebFilter$StaticUserFilter) to context logs
2019-10-16 07:06:23,132 [main] INFO  http.HttpServer2 (HttpServer2.java:bindListener(1191)) - Jetty bound to port 36675
2019-10-16 07:06:23,132 [main] INFO  server.Server (Server.java:doStart(351)) - jetty-9.3.25.v20180904, build timestamp: 2018-09-04T21:11:46Z, git hash: 3ce520221d0240229c862b122d2b06c12a625732
2019-10-16 07:06:23,134 [main] INFO  handler.ContextHandler (ContextHandler.java:doStart(781)) - Started o.e.j.s.ServletContextHandler@5c79c5ec{/logs,file:///workdir/hadoop-ozone/ozonefs/target/log,AVAILABLE}
2019-10-16 07:06:23,134 [main] INFO  handler.ContextHandler (ContextHandler.java:doStart(781)) - Started o.e.j.s.ServletContextHandler@5bbf744b{/static,jar:file:/home/user/.m2/repository/org/apache/hadoop/hadoop-hdds-container-service/0.5.0-SNAPSHOT/hadoop-hdds-container-service-0.5.0-SNAPSHOT.jar!/webapps/static,AVAILABLE}
2019-10-16 07:06:23,168 [main] INFO  handler.ContextHandler (ContextHandler.java:doStart(781)) - Started o.e.j.w.WebAppContext@2336cd91{/,file:///tmp/jetty-0.0.0.0-36675-hddsDatanode-_-any-3006820289432539619.dir/webapp/,AVAILABLE}{/hddsDatanode}
2019-10-16 07:06:23,168 [main] INFO  server.AbstractConnector (AbstractConnector.java:doStart(278)) - Started ServerConnector@4a944af9{HTTP/1.1,[http/1.1]}{0.0.0.0:36675}
2019-10-16 07:06:23,170 [main] INFO  server.Server (Server.java:doStart(419)) - Started @194008ms
2019-10-16 07:06:23,170 [main] WARN  impl.MetricsSystemImpl (MetricsSystemImpl.java:register(276)) - Sink prometheus already exists!
2019-10-16 07:06:23,171 [main] INFO  server.BaseHttpServer (BaseHttpServer.java:updateConnectorAddress(215)) - HTTP server of HDDSDATANODE is listening at http://0.0.0.0:36675
2019-10-16 07:06:23,171 [main] INFO  impl.MetricsSystemImpl (MetricsSystemImpl.java:init(158)) - HddsDatanode metrics system started (again)
2019-10-16 07:06:23,178 [org.apache.hadoop.util.JvmPauseMonitor$Monitor@62ce54f1] INFO  util.JvmPauseMonitor (JvmPauseMonitor.java:run(188)) - Starting JVM pause monitor
2019-10-16 07:06:23,178 [main] INFO  ozone.HddsDatanodeService (HddsDatanodeService.java:start(184)) - HddsDatanodeService host:pr-hdds-2312-q6qzp-1535798719 ip:192.168.69.104
2019-10-16 07:06:23,180 [Datanode State Machine Thread - 0] INFO  datanode.InitDatanodeState (InitDatanodeState.java:persistContainerDatanodeDetails(140)) - DatanodeDetails is persisted to /workdir/hadoop-ozone/ozonefs/target/test-dir/MiniOzoneClusterImpl-aa1b42a7-2a53-4ea8-8c69-54e91c4860b6/datanode-0/meta/datanode.id
2019-10-16 07:06:23,187 [main] INFO  volume.HddsVolume (HddsVolume.java:<init>(176)) - Creating Volume: /workdir/hadoop-ozone/ozonefs/target/test-dir/MiniOzoneClusterImpl-aa1b42a7-2a53-4ea8-8c69-54e91c4860b6/datanode-1/data/containers/hdds of  storage type : DISK and capacity : 1482555576320
2019-10-16 07:06:23,187 [main] INFO  volume.VolumeSet (VolumeSet.java:initializeVolumeSet(170)) - Added Volume : /workdir/hadoop-ozone/ozonefs/target/test-dir/MiniOzoneClusterImpl-aa1b42a7-2a53-4ea8-8c69-54e91c4860b6/datanode-1/data/containers/hdds to VolumeSet
2019-10-16 07:06:23,187 [main] INFO  volume.ThrottledAsyncChecker (ThrottledAsyncChecker.java:schedule(141)) - Scheduling a check for /workdir/hadoop-ozone/ozonefs/target/test-dir/MiniOzoneClusterImpl-aa1b42a7-2a53-4ea8-8c69-54e91c4860b6/datanode-1/data/containers/hdds
2019-10-16 07:06:23,187 [main] INFO  volume.HddsVolumeChecker (HddsVolumeChecker.java:checkAllVolumes(204)) - Scheduled health check for volume /workdir/hadoop-ozone/ozonefs/target/test-dir/MiniOzoneClusterImpl-aa1b42a7-2a53-4ea8-8c69-54e91c4860b6/datanode-1/data/containers/hdds
2019-10-16 07:06:23,206 [main] INFO  impl.RaftServerProxy (ConfUtils.java:logGet(43)) - raft.rpc.type = GRPC (default)
2019-10-16 07:06:23,206 [main] INFO  grpc.GrpcFactory (GrpcFactory.java:checkPooledByteBufAllocatorUseCacheForAllThreads(45)) - PERFORMANCE WARNING: useCacheForAllThreads is true that may cause Netty to create a lot garbage objects and, as a result, trigger GC.
	It is recommended to disable useCacheForAllThreads by setting -Dorg.apache.ratis.thirdparty.io.netty.allocator.useCacheForAllThreads=false in command line.
2019-10-16 07:06:23,206 [main] INFO  grpc.GrpcConfigKeys$Server (ConfUtils.java:logGet(43)) - raft.grpc.server.port = 0 (default)
2019-10-16 07:06:23,206 [main] INFO  server.GrpcService (ConfUtils.java:logGet(43)) - raft.grpc.message.size.max = 33570816 (custom)
2019-10-16 07:06:23,206 [main] INFO  server.RaftServerConfigKeys (ConfUtils.java:logGet(43)) - raft.server.log.appender.buffer.byte-limit = 33554432 (custom)
2019-10-16 07:06:23,207 [main] INFO  server.GrpcService (ConfUtils.java:logGet(43)) - raft.grpc.flow.control.window = 1MB (=1048576) (default)
2019-10-16 07:06:23,207 [main] INFO  server.RaftServerConfigKeys (ConfUtils.java:logGet(43)) - raft.server.rpc.request.timeout = 3000ms (default)
2019-10-16 07:06:23,207 [main] INFO  server.RaftServerConfigKeys (ConfUtils.java:logGet(43)) - raft.server.storage.dir = [/workdir/hadoop-ozone/ozonefs/target/test-dir/MiniOzoneClusterImpl-aa1b42a7-2a53-4ea8-8c69-54e91c4860b6/datanode-1/data/ratis] (custom)
2019-10-16 07:06:23,209 [main] INFO  hdfs.DFSUtil (DFSUtil.java:httpServerTemplateForNNAndJN(1641)) - Starting Web-server for hddsDatanode at: http://0.0.0.0:0
2019-10-16 07:06:23,210 [main] INFO  server.AuthenticationFilter (AuthenticationFilter.java:constructSecretProvider(240)) - Unable to initialize FileSignerSecretProvider, falling back to use random secrets.
2019-10-16 07:06:23,210 [main] WARN  http.HttpRequestLog (HttpRequestLog.java:getRequestLog(97)) - Jetty request log can only be enabled using Log4j
2019-10-16 07:06:23,211 [main] INFO  http.HttpServer2 (HttpServer2.java:addGlobalFilter(975)) - Added global filter 'safety' (class=org.apache.hadoop.http.HttpServer2$QuotingInputFilter)
2019-10-16 07:06:23,212 [main] INFO  http.HttpServer2 (HttpServer2.java:addFilter(948)) - Added filter static_user_filter (class=org.apache.hadoop.http.lib.StaticUserWebFilter$StaticUserFilter) to context hddsDatanode
2019-10-16 07:06:23,212 [main] INFO  http.HttpServer2 (HttpServer2.java:addFilter(958)) - Added filter static_user_filter (class=org.apache.hadoop.http.lib.StaticUserWebFilter$StaticUserFilter) to context static
2019-10-16 07:06:23,212 [main] INFO  http.HttpServer2 (HttpServer2.java:addFilter(958)) - Added filter static_user_filter (class=org.apache.hadoop.http.lib.StaticUserWebFilter$StaticUserFilter) to context logs
2019-10-16 07:06:23,212 [main] INFO  http.HttpServer2 (HttpServer2.java:bindListener(1191)) - Jetty bound to port 40203
2019-10-16 07:06:23,213 [main] INFO  server.Server (Server.java:doStart(351)) - jetty-9.3.25.v20180904, build timestamp: 2018-09-04T21:11:46Z, git hash: 3ce520221d0240229c862b122d2b06c12a625732
2019-10-16 07:06:23,214 [main] INFO  handler.ContextHandler (ContextHandler.java:doStart(781)) - Started o.e.j.s.ServletContextHandler@6b3b2c34{/logs,file:///workdir/hadoop-ozone/ozonefs/target/log,AVAILABLE}
2019-10-16 07:06:23,214 [main] INFO  handler.ContextHandler (ContextHandler.java:doStart(781)) - Started o.e.j.s.ServletContextHandler@407f2029{/static,jar:file:/home/user/.m2/repository/org/apache/hadoop/hadoop-hdds-container-service/0.5.0-SNAPSHOT/hadoop-hdds-container-service-0.5.0-SNAPSHOT.jar!/webapps/static,AVAILABLE}
2019-10-16 07:06:23,242 [main] INFO  handler.ContextHandler (ContextHandler.java:doStart(781)) - Started o.e.j.w.WebAppContext@3a48c398{/,file:///tmp/jetty-0.0.0.0-40203-hddsDatanode-_-any-6909374833006986849.dir/webapp/,AVAILABLE}{/hddsDatanode}
2019-10-16 07:06:23,242 [main] INFO  server.AbstractConnector (AbstractConnector.java:doStart(278)) - Started ServerConnector@1b4ba615{HTTP/1.1,[http/1.1]}{0.0.0.0:40203}
2019-10-16 07:06:23,244 [main] INFO  server.Server (Server.java:doStart(419)) - Started @194082ms
2019-10-16 07:06:23,244 [main] WARN  impl.MetricsSystemImpl (MetricsSystemImpl.java:register(276)) - Sink prometheus already exists!
2019-10-16 07:06:23,245 [main] INFO  server.BaseHttpServer (BaseHttpServer.java:updateConnectorAddress(215)) - HTTP server of HDDSDATANODE is listening at http://0.0.0.0:40203
2019-10-16 07:06:23,245 [main] INFO  impl.MetricsSystemImpl (MetricsSystemImpl.java:init(158)) - HddsDatanode metrics system started (again)
2019-10-16 07:06:23,252 [main] INFO  ozone.HddsDatanodeService (HddsDatanodeService.java:start(184)) - HddsDatanodeService host:pr-hdds-2312-q6qzp-1535798719 ip:192.168.69.104
2019-10-16 07:06:23,252 [org.apache.hadoop.util.JvmPauseMonitor$Monitor@35c912d8] INFO  util.JvmPauseMonitor (JvmPauseMonitor.java:run(188)) - Starting JVM pause monitor
2019-10-16 07:06:23,253 [Datanode State Machine Thread - 0] INFO  datanode.InitDatanodeState (InitDatanodeState.java:persistContainerDatanodeDetails(140)) - DatanodeDetails is persisted to /workdir/hadoop-ozone/ozonefs/target/test-dir/MiniOzoneClusterImpl-aa1b42a7-2a53-4ea8-8c69-54e91c4860b6/datanode-1/meta/datanode.id
2019-10-16 07:06:23,258 [main] INFO  volume.HddsVolume (HddsVolume.java:<init>(176)) - Creating Volume: /workdir/hadoop-ozone/ozonefs/target/test-dir/MiniOzoneClusterImpl-aa1b42a7-2a53-4ea8-8c69-54e91c4860b6/datanode-2/data/containers/hdds of  storage type : DISK and capacity : 1482555576320
2019-10-16 07:06:23,258 [main] INFO  volume.VolumeSet (VolumeSet.java:initializeVolumeSet(170)) - Added Volume : /workdir/hadoop-ozone/ozonefs/target/test-dir/MiniOzoneClusterImpl-aa1b42a7-2a53-4ea8-8c69-54e91c4860b6/datanode-2/data/containers/hdds to VolumeSet
2019-10-16 07:06:23,259 [main] INFO  volume.ThrottledAsyncChecker (ThrottledAsyncChecker.java:schedule(141)) - Scheduling a check for /workdir/hadoop-ozone/ozonefs/target/test-dir/MiniOzoneClusterImpl-aa1b42a7-2a53-4ea8-8c69-54e91c4860b6/datanode-2/data/containers/hdds
2019-10-16 07:06:23,259 [main] INFO  volume.HddsVolumeChecker (HddsVolumeChecker.java:checkAllVolumes(204)) - Scheduled health check for volume /workdir/hadoop-ozone/ozonefs/target/test-dir/MiniOzoneClusterImpl-aa1b42a7-2a53-4ea8-8c69-54e91c4860b6/datanode-2/data/containers/hdds
2019-10-16 07:06:23,277 [main] INFO  impl.RaftServerProxy (ConfUtils.java:logGet(43)) - raft.rpc.type = GRPC (default)
2019-10-16 07:06:23,277 [main] INFO  grpc.GrpcFactory (GrpcFactory.java:checkPooledByteBufAllocatorUseCacheForAllThreads(45)) - PERFORMANCE WARNING: useCacheForAllThreads is true that may cause Netty to create a lot garbage objects and, as a result, trigger GC.
	It is recommended to disable useCacheForAllThreads by setting -Dorg.apache.ratis.thirdparty.io.netty.allocator.useCacheForAllThreads=false in command line.
2019-10-16 07:06:23,277 [main] INFO  grpc.GrpcConfigKeys$Server (ConfUtils.java:logGet(43)) - raft.grpc.server.port = 0 (default)
2019-10-16 07:06:23,277 [main] INFO  server.GrpcService (ConfUtils.java:logGet(43)) - raft.grpc.message.size.max = 33570816 (custom)
2019-10-16 07:06:23,277 [main] INFO  server.RaftServerConfigKeys (ConfUtils.java:logGet(43)) - raft.server.log.appender.buffer.byte-limit = 33554432 (custom)
2019-10-16 07:06:23,277 [main] INFO  server.GrpcService (ConfUtils.java:logGet(43)) - raft.grpc.flow.control.window = 1MB (=1048576) (default)
2019-10-16 07:06:23,278 [main] INFO  server.RaftServerConfigKeys (ConfUtils.java:logGet(43)) - raft.server.rpc.request.timeout = 3000ms (default)
2019-10-16 07:06:23,278 [main] INFO  server.RaftServerConfigKeys (ConfUtils.java:logGet(43)) - raft.server.storage.dir = [/workdir/hadoop-ozone/ozonefs/target/test-dir/MiniOzoneClusterImpl-aa1b42a7-2a53-4ea8-8c69-54e91c4860b6/datanode-2/data/ratis] (custom)
2019-10-16 07:06:23,279 [main] INFO  hdfs.DFSUtil (DFSUtil.java:httpServerTemplateForNNAndJN(1641)) - Starting Web-server for hddsDatanode at: http://0.0.0.0:0
2019-10-16 07:06:23,280 [main] INFO  server.AuthenticationFilter (AuthenticationFilter.java:constructSecretProvider(240)) - Unable to initialize FileSignerSecretProvider, falling back to use random secrets.
2019-10-16 07:06:23,281 [main] WARN  http.HttpRequestLog (HttpRequestLog.java:getRequestLog(97)) - Jetty request log can only be enabled using Log4j
2019-10-16 07:06:23,282 [main] INFO  http.HttpServer2 (HttpServer2.java:addGlobalFilter(975)) - Added global filter 'safety' (class=org.apache.hadoop.http.HttpServer2$QuotingInputFilter)
2019-10-16 07:06:23,282 [main] INFO  http.HttpServer2 (HttpServer2.java:addFilter(948)) - Added filter static_user_filter (class=org.apache.hadoop.http.lib.StaticUserWebFilter$StaticUserFilter) to context hddsDatanode
2019-10-16 07:06:23,283 [main] INFO  http.HttpServer2 (HttpServer2.java:addFilter(958)) - Added filter static_user_filter (class=org.apache.hadoop.http.lib.StaticUserWebFilter$StaticUserFilter) to context logs
2019-10-16 07:06:23,283 [main] INFO  http.HttpServer2 (HttpServer2.java:addFilter(958)) - Added filter static_user_filter (class=org.apache.hadoop.http.lib.StaticUserWebFilter$StaticUserFilter) to context static
2019-10-16 07:06:23,283 [main] INFO  http.HttpServer2 (HttpServer2.java:bindListener(1191)) - Jetty bound to port 42283
2019-10-16 07:06:23,283 [main] INFO  server.Server (Server.java:doStart(351)) - jetty-9.3.25.v20180904, build timestamp: 2018-09-04T21:11:46Z, git hash: 3ce520221d0240229c862b122d2b06c12a625732
2019-10-16 07:06:23,285 [main] INFO  handler.ContextHandler (ContextHandler.java:doStart(781)) - Started o.e.j.s.ServletContextHandler@1a67f8b4{/logs,file:///workdir/hadoop-ozone/ozonefs/target/log,AVAILABLE}
2019-10-16 07:06:23,285 [main] INFO  handler.ContextHandler (ContextHandler.java:doStart(781)) - Started o.e.j.s.ServletContextHandler@326706d{/static,jar:file:/home/user/.m2/repository/org/apache/hadoop/hadoop-hdds-container-service/0.5.0-SNAPSHOT/hadoop-hdds-container-service-0.5.0-SNAPSHOT.jar!/webapps/static,AVAILABLE}
2019-10-16 07:06:23,313 [main] INFO  handler.ContextHandler (ContextHandler.java:doStart(781)) - Started o.e.j.w.WebAppContext@1b485c8b{/,file:///tmp/jetty-0.0.0.0-42283-hddsDatanode-_-any-3928110752530163502.dir/webapp/,AVAILABLE}{/hddsDatanode}
2019-10-16 07:06:23,313 [main] INFO  server.AbstractConnector (AbstractConnector.java:doStart(278)) - Started ServerConnector@59b98ad1{HTTP/1.1,[http/1.1]}{0.0.0.0:42283}
2019-10-16 07:06:23,315 [main] INFO  server.Server (Server.java:doStart(419)) - Started @194153ms
2019-10-16 07:06:23,315 [main] WARN  impl.MetricsSystemImpl (MetricsSystemImpl.java:register(276)) - Sink prometheus already exists!
2019-10-16 07:06:23,316 [main] INFO  server.BaseHttpServer (BaseHttpServer.java:updateConnectorAddress(215)) - HTTP server of HDDSDATANODE is listening at http://0.0.0.0:42283
2019-10-16 07:06:23,316 [main] INFO  ozone.MiniOzoneClusterImpl (MiniOzoneClusterImpl.java:lambda$waitForClusterToBeReady$0(147)) - Waiting for cluster to be ready. Got 0 of 3 DN Heartbeats.
2019-10-16 07:06:23,317 [org.apache.hadoop.util.JvmPauseMonitor$Monitor@97b9939] INFO  util.JvmPauseMonitor (JvmPauseMonitor.java:run(188)) - Starting JVM pause monitor
2019-10-16 07:06:23,318 [Datanode State Machine Thread - 0] INFO  datanode.InitDatanodeState (InitDatanodeState.java:persistContainerDatanodeDetails(140)) - DatanodeDetails is persisted to /workdir/hadoop-ozone/ozonefs/target/test-dir/MiniOzoneClusterImpl-aa1b42a7-2a53-4ea8-8c69-54e91c4860b6/datanode-2/meta/datanode.id
2019-10-16 07:06:23,933 [java.util.concurrent.ThreadPoolExecutor$Worker@3a9c89d8[State = -1, empty queue]] WARN  server.GrpcLogAppender (GrpcLogAppender.java:timeoutAppendRequest(209)) - 0f93c314-7c13-4723-a3a1-fbf9492074b9@group-B71C765BB910->bcc1a53b-cb85-4fda-b81d-162ebd6e9a5c-GrpcLogAppender: appendEntries Timeout, request=0f93c314-7c13-4723-a3a1-fbf9492074b9->bcc1a53b-cb85-4fda-b81d-162ebd6e9a5c#5-t4, previous=(t:4, i:0), leaderCommit=0, initializing? false, entries: <empty>
2019-10-16 07:06:23,933 [java.util.concurrent.ThreadPoolExecutor$Worker@7ba9ffe9[State = -1, empty queue]] WARN  server.GrpcLogAppender (GrpcLogAppender.java:timeoutAppendRequest(209)) - 0f93c314-7c13-4723-a3a1-fbf9492074b9@group-B71C765BB910->265be081-9d1c-45e5-8f12-d87dc6b16ca3-GrpcLogAppender: appendEntries Timeout, request=0f93c314-7c13-4723-a3a1-fbf9492074b9->265be081-9d1c-45e5-8f12-d87dc6b16ca3#5-t4, previous=(t:4, i:0), leaderCommit=0, initializing? false, entries: <empty>
2019-10-16 07:06:24,316 [main] INFO  ozone.MiniOzoneClusterImpl (MiniOzoneClusterImpl.java:lambda$waitForClusterToBeReady$0(147)) - Waiting for cluster to be ready. Got 0 of 3 DN Heartbeats.
2019-10-16 07:06:25,214 [Datanode State Machine Thread - 0] INFO  ozoneimpl.OzoneContainer (OzoneContainer.java:start(213)) - Attempting to start container services.
2019-10-16 07:06:25,214 [Datanode State Machine Thread - 0] INFO  ozoneimpl.OzoneContainer (OzoneContainer.java:startContainerScrub(177)) - Background container scanner has been disabled.
2019-10-16 07:06:25,214 [Datanode State Machine Thread - 0] INFO  ratis.XceiverServerRatis (XceiverServerRatis.java:start(418)) - Starting XceiverServerRatis 2e493d31-d4d8-4961-8762-7cf4c421b4ae at port 0
2019-10-16 07:06:25,221 [Datanode State Machine Thread - 0] INFO  impl.RaftServerProxy (RaftServerProxy.java:lambda$start$3(299)) - 2e493d31-d4d8-4961-8762-7cf4c421b4ae: start RPC server
2019-10-16 07:06:25,223 [Datanode State Machine Thread - 0] INFO  server.GrpcService (GrpcService.java:startImpl(158)) - 2e493d31-d4d8-4961-8762-7cf4c421b4ae: GrpcService started, listening on 0.0.0.0/0.0.0.0:36241
2019-10-16 07:06:25,223 [Datanode State Machine Thread - 0] INFO  ratis.XceiverServerRatis (XceiverServerRatis.java:start(428)) - XceiverServerRatis 2e493d31-d4d8-4961-8762-7cf4c421b4ae is started using port 36241
2019-10-16 07:06:25,224 [Datanode State Machine Thread - 0] INFO  server.XceiverServerGrpc (XceiverServerGrpc.java:start(149)) - XceiverServerGrpc 2e493d31-d4d8-4961-8762-7cf4c421b4ae is started using port 41892
2019-10-16 07:06:25,280 [Datanode State Machine Thread - 0] INFO  ozoneimpl.OzoneContainer (OzoneContainer.java:start(213)) - Attempting to start container services.
2019-10-16 07:06:25,280 [Datanode State Machine Thread - 0] INFO  ozoneimpl.OzoneContainer (OzoneContainer.java:startContainerScrub(177)) - Background container scanner has been disabled.
2019-10-16 07:06:25,281 [Datanode State Machine Thread - 0] INFO  ratis.XceiverServerRatis (XceiverServerRatis.java:start(418)) - Starting XceiverServerRatis 6d9295f6-65ef-4431-8043-df12a16d7afc at port 0
2019-10-16 07:06:25,288 [Datanode State Machine Thread - 0] INFO  impl.RaftServerProxy (RaftServerProxy.java:lambda$start$3(299)) - 6d9295f6-65ef-4431-8043-df12a16d7afc: start RPC server
2019-10-16 07:06:25,288 [Datanode State Machine Thread - 0] INFO  server.GrpcService (GrpcService.java:startImpl(158)) - 6d9295f6-65ef-4431-8043-df12a16d7afc: GrpcService started, listening on 0.0.0.0/0.0.0.0:44109
2019-10-16 07:06:25,289 [Datanode State Machine Thread - 0] INFO  ratis.XceiverServerRatis (XceiverServerRatis.java:start(428)) - XceiverServerRatis 6d9295f6-65ef-4431-8043-df12a16d7afc is started using port 44109
2019-10-16 07:06:25,289 [Datanode State Machine Thread - 0] INFO  server.XceiverServerGrpc (XceiverServerGrpc.java:start(149)) - XceiverServerGrpc 6d9295f6-65ef-4431-8043-df12a16d7afc is started using port 39306
2019-10-16 07:06:25,317 [main] INFO  ozone.MiniOzoneClusterImpl (MiniOzoneClusterImpl.java:lambda$waitForClusterToBeReady$0(147)) - Waiting for cluster to be ready. Got 0 of 3 DN Heartbeats.
2019-10-16 07:06:25,333 [Datanode State Machine Thread - 0] INFO  ozoneimpl.OzoneContainer (OzoneContainer.java:start(213)) - Attempting to start container services.
2019-10-16 07:06:25,333 [Datanode State Machine Thread - 0] INFO  ozoneimpl.OzoneContainer (OzoneContainer.java:startContainerScrub(177)) - Background container scanner has been disabled.
2019-10-16 07:06:25,333 [Datanode State Machine Thread - 0] INFO  ratis.XceiverServerRatis (XceiverServerRatis.java:start(418)) - Starting XceiverServerRatis e95dbc8d-7ac3-4cb1-8346-3625e49ac32c at port 0
2019-10-16 07:06:25,340 [Datanode State Machine Thread - 0] INFO  impl.RaftServerProxy (RaftServerProxy.java:lambda$start$3(299)) - e95dbc8d-7ac3-4cb1-8346-3625e49ac32c: start RPC server
2019-10-16 07:06:25,340 [Datanode State Machine Thread - 0] INFO  server.GrpcService (GrpcService.java:startImpl(158)) - e95dbc8d-7ac3-4cb1-8346-3625e49ac32c: GrpcService started, listening on 0.0.0.0/0.0.0.0:42471
2019-10-16 07:06:25,340 [Datanode State Machine Thread - 0] INFO  ratis.XceiverServerRatis (XceiverServerRatis.java:start(428)) - XceiverServerRatis e95dbc8d-7ac3-4cb1-8346-3625e49ac32c is started using port 42471
2019-10-16 07:06:25,341 [Datanode State Machine Thread - 0] INFO  server.XceiverServerGrpc (XceiverServerGrpc.java:start(149)) - XceiverServerGrpc e95dbc8d-7ac3-4cb1-8346-3625e49ac32c is started using port 40473
2019-10-16 07:06:26,317 [main] INFO  ozone.MiniOzoneClusterImpl (MiniOzoneClusterImpl.java:lambda$waitForClusterToBeReady$0(147)) - Waiting for cluster to be ready. Got 0 of 3 DN Heartbeats.
2019-10-16 07:06:27,182 [IPC Server handler 0 on 42153] INFO  net.NetworkTopology (NetworkTopologyImpl.java:add(111)) - Added a new node: /default-rack/2e493d31-d4d8-4961-8762-7cf4c421b4ae
2019-10-16 07:06:27,184 [IPC Server handler 0 on 42153] INFO  node.SCMNodeManager (SCMNodeManager.java:register(268)) - Registered Data node : 2e493d31-d4d8-4961-8762-7cf4c421b4ae{ip: 192.168.69.104, host: pr-hdds-2312-q6qzp-1535798719, networkLocation: /default-rack, certSerialId: null}
2019-10-16 07:06:27,185 [EventQueue-NodeRegistrationContainerReportForDataNodeSafeModeRule] INFO  safemode.SCMSafeModeManager (DataNodeSafeModeRule.java:process(71)) - SCM in safe mode. 1 DataNodes registered, 1 required.
2019-10-16 07:06:27,186 [EventQueue-NodeRegistrationContainerReportForContainerSafeModeRule] INFO  safemode.SCMSafeModeManager (SCMSafeModeManager.java:validateSafeModeExitRules(177)) - ScmSafeModeManager, all rules are successfully validated
2019-10-16 07:06:27,187 [EventQueue-NodeRegistrationContainerReportForContainerSafeModeRule] INFO  safemode.SCMSafeModeManager (SCMSafeModeManager.java:exitSafeMode(193)) - SCM exiting safe mode.
2019-10-16 07:06:27,197 [grpc-default-executor-0] INFO  impl.RaftServerProxy (RaftServerProxy.java:addNew(89)) - 2e493d31-d4d8-4961-8762-7cf4c421b4ae: addNew group-F0EC2519A7B3:[2e493d31-d4d8-4961-8762-7cf4c421b4ae:192.168.69.104:36241] returns group-F0EC2519A7B3:java.util.concurrent.CompletableFuture@78fb888a[Not completed]
2019-10-16 07:06:27,198 [pool-578-thread-1] INFO  impl.RaftServerImpl (RaftServerImpl.java:<init>(104)) - 2e493d31-d4d8-4961-8762-7cf4c421b4ae: new RaftServerImpl for group-F0EC2519A7B3:[2e493d31-d4d8-4961-8762-7cf4c421b4ae:192.168.69.104:36241] with ContainerStateMachine:uninitialized
2019-10-16 07:06:27,198 [pool-578-thread-1] INFO  server.RaftServerConfigKeys (ConfUtils.java:logGet(43)) - raft.server.rpc.timeout.min = 5s (custom)
2019-10-16 07:06:27,198 [pool-578-thread-1] INFO  server.RaftServerConfigKeys (ConfUtils.java:logGet(43)) - raft.server.rpc.timeout.max = 5200ms (custom)
2019-10-16 07:06:27,198 [pool-578-thread-1] INFO  server.RaftServerConfigKeys (ConfUtils.java:logGet(43)) - raft.server.rpcslowness.timeout = 120s (custom)
2019-10-16 07:06:27,198 [pool-578-thread-1] INFO  server.RaftServerConfigKeys (ConfUtils.java:logGet(43)) - raft.server.sleep.deviation.threshold = 300 (default)
2019-10-16 07:06:27,198 [pool-578-thread-1] INFO  server.RaftServerConfigKeys (ConfUtils.java:logGet(43)) - raft.server.log.appender.install.snapshot.enabled = false (custom)
2019-10-16 07:06:27,199 [pool-578-thread-1] INFO  impl.RaftServerImpl (ServerState.java:<init>(103)) - 2e493d31-d4d8-4961-8762-7cf4c421b4ae@group-F0EC2519A7B3: ConfigurationManager, init=-1: [2e493d31-d4d8-4961-8762-7cf4c421b4ae:192.168.69.104:36241], old=null, confs=<EMPTY_MAP>
2019-10-16 07:06:27,199 [pool-578-thread-1] INFO  server.RaftServerConfigKeys (ConfUtils.java:logGet(43)) - raft.server.storage.dir = [/workdir/hadoop-ozone/ozonefs/target/test-dir/MiniOzoneClusterImpl-aa1b42a7-2a53-4ea8-8c69-54e91c4860b6/datanode-0/data/ratis] (custom)
2019-10-16 07:06:27,199 [pool-578-thread-1] INFO  server.RaftServerConfigKeys (ConfUtils.java:logGet(43)) - raft.server.log.corruption.policy = EXCEPTION (default)
2019-10-16 07:06:27,200 [pool-578-thread-1] INFO  storage.RaftStorageDirectory (RaftStorageDirectory.java:analyzeStorage(246)) - The storage directory /workdir/hadoop-ozone/ozonefs/target/test-dir/MiniOzoneClusterImpl-aa1b42a7-2a53-4ea8-8c69-54e91c4860b6/datanode-0/data/ratis/3577eada-1e46-4cd9-89a8-f0ec2519a7b3 does not exist. Creating ...
2019-10-16 07:06:27,204 [pool-578-thread-1] INFO  storage.RaftStorageDirectory (RaftStorageDirectory.java:tryLock(328)) - Lock on /workdir/hadoop-ozone/ozonefs/target/test-dir/MiniOzoneClusterImpl-aa1b42a7-2a53-4ea8-8c69-54e91c4860b6/datanode-0/data/ratis/3577eada-1e46-4cd9-89a8-f0ec2519a7b3/in_use.lock acquired by nodename 1122@pr-hdds-2312-q6qzp-1535798719
2019-10-16 07:06:27,230 [pool-578-thread-1] INFO  storage.RaftStorage (RaftStorage.java:format(84)) - Storage directory /workdir/hadoop-ozone/ozonefs/target/test-dir/MiniOzoneClusterImpl-aa1b42a7-2a53-4ea8-8c69-54e91c4860b6/datanode-0/data/ratis/3577eada-1e46-4cd9-89a8-f0ec2519a7b3 has been successfully formatted.
2019-10-16 07:06:27,231 [pool-578-thread-1] INFO  ratis.ContainerStateMachine (ContainerStateMachine.java:loadSnapshot(231)) - group-F0EC2519A7B3: The snapshot info is null. Setting the last applied indexto:(t:0, i:~)
2019-10-16 07:06:27,231 [pool-578-thread-1] INFO  server.RaftServerConfigKeys (ConfUtils.java:logGet(43)) - raft.server.notification.no-leader.timeout = 120s (custom)
2019-10-16 07:06:27,231 [pool-578-thread-1] INFO  server.RaftServerConfigKeys (ConfUtils.java:logGet(43)) - raft.server.log.use.memory = false (default)
2019-10-16 07:06:27,231 [pool-578-thread-1] INFO  server.RaftServerConfigKeys (ConfUtils.java:logGet(43)) - raft.server.log.purge.gap = 1000000 (custom)
2019-10-16 07:06:27,231 [pool-578-thread-1] INFO  server.RaftServerConfigKeys (ConfUtils.java:logGet(43)) - raft.server.log.appender.buffer.byte-limit = 33554432 (custom)
2019-10-16 07:06:27,232 [pool-578-thread-1] INFO  server.RaftServerConfigKeys (ConfUtils.java:logGet(43)) - raft.server.log.segment.size.max = 1048576 (custom)
2019-10-16 07:06:27,233 [pool-578-thread-1] INFO  server.RaftServerConfigKeys (ConfUtils.java:logGet(43)) - raft.server.log.segment.cache.num.max = 2 (custom)
2019-10-16 07:06:27,233 [pool-578-thread-1] INFO  segmented.SegmentedRaftLogWorker (SegmentedRaftLogWorker.java:<init>(173)) - new 2e493d31-d4d8-4961-8762-7cf4c421b4ae@group-F0EC2519A7B3-SegmentedRaftLogWorker for RaftStorage:Storage Directory /workdir/hadoop-ozone/ozonefs/target/test-dir/MiniOzoneClusterImpl-aa1b42a7-2a53-4ea8-8c69-54e91c4860b6/datanode-0/data/ratis/3577eada-1e46-4cd9-89a8-f0ec2519a7b3
2019-10-16 07:06:27,233 [pool-578-thread-1] INFO  server.RaftServerConfigKeys (ConfUtils.java:logGet(43)) - raft.server.log.queue.byte-limit = 2147483647 (custom)
2019-10-16 07:06:27,233 [pool-578-thread-1] INFO  server.RaftServerConfigKeys (ConfUtils.java:logGet(43)) - raft.server.log.queue.element-limit = 1024 (custom)
2019-10-16 07:06:27,233 [pool-578-thread-1] INFO  server.RaftServerConfigKeys (ConfUtils.java:logGet(43)) - raft.server.log.segment.size.max = 1048576 (custom)
2019-10-16 07:06:27,234 [pool-578-thread-1] INFO  server.RaftServerConfigKeys (ConfUtils.java:logGet(43)) - raft.server.log.preallocated.size = 16384 (custom)
2019-10-16 07:06:27,234 [pool-578-thread-1] INFO  server.RaftServerConfigKeys (ConfUtils.java:logGet(43)) - raft.server.log.write.buffer.size = 33554432 (custom)
2019-10-16 07:06:27,234 [pool-578-thread-1] INFO  server.RaftServerConfigKeys (ConfUtils.java:logGet(43)) - raft.server.log.force.sync.num = 128 (default)
2019-10-16 07:06:27,234 [pool-578-thread-1] INFO  server.RaftServerConfigKeys (ConfUtils.java:logGet(43)) - raft.server.log.statemachine.data.sync = true (default)
2019-10-16 07:06:27,234 [pool-578-thread-1] INFO  server.RaftServerConfigKeys (ConfUtils.java:logGet(43)) - raft.server.log.statemachine.data.sync.timeout = 10s (default)
2019-10-16 07:06:27,234 [pool-578-thread-1] INFO  server.RaftServerConfigKeys (ConfUtils.java:logGet(43)) - raft.server.log.statemachine.data.sync.timeout.retry = -1 (default)
2019-10-16 07:06:27,234 [pool-578-thread-1] INFO  server.RaftServerConfigKeys (ConfUtils.java:logGet(43)) - raft.server.log.statemachine.data.caching.enabled = true (custom)
2019-10-16 07:06:27,235 [pool-578-thread-1] INFO  segmented.SegmentedRaftLogWorker (SegmentedRaftLogWorker.java:lambda$new$0(128)) - 2e493d31-d4d8-4961-8762-7cf4c421b4ae@group-F0EC2519A7B3-SegmentedRaftLogWorker: flushIndex: setUnconditionally 0 -> -1
2019-10-16 07:06:27,235 [pool-578-thread-1] INFO  server.RaftServerConfigKeys (ConfUtils.java:logGet(43)) - raft.server.snapshot.auto.trigger.enabled = true (custom)
2019-10-16 07:06:27,235 [pool-578-thread-1] INFO  server.RaftServerConfigKeys (ConfUtils.java:logGet(43)) - raft.server.snapshot.auto.trigger.threshold = 10000 (custom)
2019-10-16 07:06:27,235 [pool-578-thread-1] INFO  server.RaftServerConfigKeys (ConfUtils.java:logGet(43)) - raft.server.snapshot.retention.file.num = 5 (custom)
2019-10-16 07:06:27,235 [pool-578-thread-1] INFO  server.RaftServerConfigKeys (ConfUtils.java:logGet(43)) - raft.server.retrycache.expirytime = 600000ms (custom)
2019-10-16 07:06:27,238 [pool-578-thread-1] INFO  impl.RaftServerImpl (RaftServerImpl.java:start(195)) - 2e493d31-d4d8-4961-8762-7cf4c421b4ae@group-F0EC2519A7B3: start as a follower, conf=-1: [2e493d31-d4d8-4961-8762-7cf4c421b4ae:192.168.69.104:36241], old=null
2019-10-16 07:06:27,238 [pool-578-thread-1] INFO  impl.RaftServerImpl (RaftServerImpl.java:setRole(184)) - 2e493d31-d4d8-4961-8762-7cf4c421b4ae@group-F0EC2519A7B3: changes role from      null to FOLLOWER at term 0 for startAsFollower
2019-10-16 07:06:27,238 [pool-578-thread-1] INFO  impl.RoleInfo (RoleInfo.java:updateAndGet(143)) - 2e493d31-d4d8-4961-8762-7cf4c421b4ae: start FollowerState
2019-10-16 07:06:27,238 [pool-578-thread-1] INFO  util.JmxRegister (JmxRegister.java:tryRegister(44)) - Successfully registered JMX Bean with object name Ratis:service=RaftServer,group=group-F0EC2519A7B3,id=2e493d31-d4d8-4961-8762-7cf4c421b4ae
2019-10-16 07:06:27,244 [RatisPipelineUtilsThread] INFO  pipeline.PipelineStateManager (PipelineStateManager.java:addPipeline(56)) - Created pipeline Pipeline[ Id: 3577eada-1e46-4cd9-89a8-f0ec2519a7b3, Nodes: 2e493d31-d4d8-4961-8762-7cf4c421b4ae{ip: 192.168.69.104, host: pr-hdds-2312-q6qzp-1535798719, networkLocation: /default-rack, certSerialId: null}, Type:RATIS, Factor:ONE, State:OPEN]
2019-10-16 07:06:27,253 [IPC Server handler 2 on 42153] INFO  net.NetworkTopology (NetworkTopologyImpl.java:add(111)) - Added a new node: /default-rack/6d9295f6-65ef-4431-8043-df12a16d7afc
2019-10-16 07:06:27,253 [IPC Server handler 2 on 42153] INFO  node.SCMNodeManager (SCMNodeManager.java:register(268)) - Registered Data node : 6d9295f6-65ef-4431-8043-df12a16d7afc{ip: 192.168.69.104, host: pr-hdds-2312-q6qzp-1535798719, networkLocation: /default-rack, certSerialId: null}
2019-10-16 07:06:27,260 [grpc-default-executor-0] INFO  impl.RaftServerProxy (RaftServerProxy.java:addNew(89)) - 6d9295f6-65ef-4431-8043-df12a16d7afc: addNew group-C92B60746087:[6d9295f6-65ef-4431-8043-df12a16d7afc:192.168.69.104:44109] returns group-C92B60746087:java.util.concurrent.CompletableFuture@3c4f171e[Not completed]
2019-10-16 07:06:27,261 [pool-588-thread-1] INFO  impl.RaftServerImpl (RaftServerImpl.java:<init>(104)) - 6d9295f6-65ef-4431-8043-df12a16d7afc: new RaftServerImpl for group-C92B60746087:[6d9295f6-65ef-4431-8043-df12a16d7afc:192.168.69.104:44109] with ContainerStateMachine:uninitialized
2019-10-16 07:06:27,262 [pool-588-thread-1] INFO  server.RaftServerConfigKeys (ConfUtils.java:logGet(43)) - raft.server.rpc.timeout.min = 5s (custom)
2019-10-16 07:06:27,262 [pool-588-thread-1] INFO  server.RaftServerConfigKeys (ConfUtils.java:logGet(43)) - raft.server.rpc.timeout.max = 5200ms (custom)
2019-10-16 07:06:27,262 [pool-588-thread-1] INFO  server.RaftServerConfigKeys (ConfUtils.java:logGet(43)) - raft.server.rpcslowness.timeout = 120s (custom)
2019-10-16 07:06:27,262 [pool-588-thread-1] INFO  server.RaftServerConfigKeys (ConfUtils.java:logGet(43)) - raft.server.sleep.deviation.threshold = 300 (default)
2019-10-16 07:06:27,262 [pool-588-thread-1] INFO  server.RaftServerConfigKeys (ConfUtils.java:logGet(43)) - raft.server.log.appender.install.snapshot.enabled = false (custom)
2019-10-16 07:06:27,262 [pool-588-thread-1] INFO  impl.RaftServerImpl (ServerState.java:<init>(103)) - 6d9295f6-65ef-4431-8043-df12a16d7afc@group-C92B60746087: ConfigurationManager, init=-1: [6d9295f6-65ef-4431-8043-df12a16d7afc:192.168.69.104:44109], old=null, confs=<EMPTY_MAP>
2019-10-16 07:06:27,262 [pool-588-thread-1] INFO  server.RaftServerConfigKeys (ConfUtils.java:logGet(43)) - raft.server.storage.dir = [/workdir/hadoop-ozone/ozonefs/target/test-dir/MiniOzoneClusterImpl-aa1b42a7-2a53-4ea8-8c69-54e91c4860b6/datanode-1/data/ratis] (custom)
2019-10-16 07:06:27,263 [pool-588-thread-1] INFO  server.RaftServerConfigKeys (ConfUtils.java:logGet(43)) - raft.server.log.corruption.policy = EXCEPTION (default)
2019-10-16 07:06:27,263 [pool-588-thread-1] INFO  storage.RaftStorageDirectory (RaftStorageDirectory.java:analyzeStorage(246)) - The storage directory /workdir/hadoop-ozone/ozonefs/target/test-dir/MiniOzoneClusterImpl-aa1b42a7-2a53-4ea8-8c69-54e91c4860b6/datanode-1/data/ratis/8763fa8d-8489-4fe8-bc26-c92b60746087 does not exist. Creating ...
2019-10-16 07:06:27,276 [pool-588-thread-1] INFO  storage.RaftStorageDirectory (RaftStorageDirectory.java:tryLock(328)) - Lock on /workdir/hadoop-ozone/ozonefs/target/test-dir/MiniOzoneClusterImpl-aa1b42a7-2a53-4ea8-8c69-54e91c4860b6/datanode-1/data/ratis/8763fa8d-8489-4fe8-bc26-c92b60746087/in_use.lock acquired by nodename 1122@pr-hdds-2312-q6qzp-1535798719
2019-10-16 07:06:27,289 [pool-588-thread-1] INFO  storage.RaftStorage (RaftStorage.java:format(84)) - Storage directory /workdir/hadoop-ozone/ozonefs/target/test-dir/MiniOzoneClusterImpl-aa1b42a7-2a53-4ea8-8c69-54e91c4860b6/datanode-1/data/ratis/8763fa8d-8489-4fe8-bc26-c92b60746087 has been successfully formatted.
2019-10-16 07:06:27,289 [pool-588-thread-1] INFO  ratis.ContainerStateMachine (ContainerStateMachine.java:loadSnapshot(231)) - group-C92B60746087: The snapshot info is null. Setting the last applied indexto:(t:0, i:~)
2019-10-16 07:06:27,289 [pool-588-thread-1] INFO  server.RaftServerConfigKeys (ConfUtils.java:logGet(43)) - raft.server.notification.no-leader.timeout = 120s (custom)
2019-10-16 07:06:27,289 [pool-588-thread-1] INFO  server.RaftServerConfigKeys (ConfUtils.java:logGet(43)) - raft.server.log.use.memory = false (default)
2019-10-16 07:06:27,290 [pool-588-thread-1] INFO  server.RaftServerConfigKeys (ConfUtils.java:logGet(43)) - raft.server.log.purge.gap = 1000000 (custom)
2019-10-16 07:06:27,290 [pool-588-thread-1] INFO  server.RaftServerConfigKeys (ConfUtils.java:logGet(43)) - raft.server.log.appender.buffer.byte-limit = 33554432 (custom)
2019-10-16 07:06:27,290 [pool-588-thread-1] INFO  server.RaftServerConfigKeys (ConfUtils.java:logGet(43)) - raft.server.log.segment.size.max = 1048576 (custom)
2019-10-16 07:06:27,291 [pool-588-thread-1] INFO  server.RaftServerConfigKeys (ConfUtils.java:logGet(43)) - raft.server.log.segment.cache.num.max = 2 (custom)
2019-10-16 07:06:27,291 [pool-588-thread-1] INFO  segmented.SegmentedRaftLogWorker (SegmentedRaftLogWorker.java:<init>(173)) - new 6d9295f6-65ef-4431-8043-df12a16d7afc@group-C92B60746087-SegmentedRaftLogWorker for RaftStorage:Storage Directory /workdir/hadoop-ozone/ozonefs/target/test-dir/MiniOzoneClusterImpl-aa1b42a7-2a53-4ea8-8c69-54e91c4860b6/datanode-1/data/ratis/8763fa8d-8489-4fe8-bc26-c92b60746087
2019-10-16 07:06:27,291 [pool-588-thread-1] INFO  server.RaftServerConfigKeys (ConfUtils.java:logGet(43)) - raft.server.log.queue.byte-limit = 2147483647 (custom)
2019-10-16 07:06:27,292 [pool-588-thread-1] INFO  server.RaftServerConfigKeys (ConfUtils.java:logGet(43)) - raft.server.log.queue.element-limit = 1024 (custom)
2019-10-16 07:06:27,292 [pool-588-thread-1] INFO  server.RaftServerConfigKeys (ConfUtils.java:logGet(43)) - raft.server.log.segment.size.max = 1048576 (custom)
2019-10-16 07:06:27,292 [pool-588-thread-1] INFO  server.RaftServerConfigKeys (ConfUtils.java:logGet(43)) - raft.server.log.preallocated.size = 16384 (custom)
2019-10-16 07:06:27,292 [pool-588-thread-1] INFO  server.RaftServerConfigKeys (ConfUtils.java:logGet(43)) - raft.server.log.write.buffer.size = 33554432 (custom)
2019-10-16 07:06:27,292 [pool-588-thread-1] INFO  server.RaftServerConfigKeys (ConfUtils.java:logGet(43)) - raft.server.log.force.sync.num = 128 (default)
2019-10-16 07:06:27,292 [pool-588-thread-1] INFO  server.RaftServerConfigKeys (ConfUtils.java:logGet(43)) - raft.server.log.statemachine.data.sync = true (default)
2019-10-16 07:06:27,292 [pool-588-thread-1] INFO  server.RaftServerConfigKeys (ConfUtils.java:logGet(43)) - raft.server.log.statemachine.data.sync.timeout = 10s (default)
2019-10-16 07:06:27,292 [pool-588-thread-1] INFO  server.RaftServerConfigKeys (ConfUtils.java:logGet(43)) - raft.server.log.statemachine.data.sync.timeout.retry = -1 (default)
2019-10-16 07:06:27,293 [pool-588-thread-1] INFO  server.RaftServerConfigKeys (ConfUtils.java:logGet(43)) - raft.server.log.statemachine.data.caching.enabled = true (custom)
2019-10-16 07:06:27,293 [pool-588-thread-1] INFO  segmented.SegmentedRaftLogWorker (SegmentedRaftLogWorker.java:lambda$new$0(128)) - 6d9295f6-65ef-4431-8043-df12a16d7afc@group-C92B60746087-SegmentedRaftLogWorker: flushIndex: setUnconditionally 0 -> -1
2019-10-16 07:06:27,293 [pool-588-thread-1] INFO  server.RaftServerConfigKeys (ConfUtils.java:logGet(43)) - raft.server.snapshot.auto.trigger.enabled = true (custom)
2019-10-16 07:06:27,293 [pool-588-thread-1] INFO  server.RaftServerConfigKeys (ConfUtils.java:logGet(43)) - raft.server.snapshot.auto.trigger.threshold = 10000 (custom)
2019-10-16 07:06:27,294 [pool-588-thread-1] INFO  server.RaftServerConfigKeys (ConfUtils.java:logGet(43)) - raft.server.snapshot.retention.file.num = 5 (custom)
2019-10-16 07:06:27,294 [pool-588-thread-1] INFO  server.RaftServerConfigKeys (ConfUtils.java:logGet(43)) - raft.server.retrycache.expirytime = 600000ms (custom)
2019-10-16 07:06:27,297 [pool-588-thread-1] INFO  impl.RaftServerImpl (RaftServerImpl.java:start(195)) - 6d9295f6-65ef-4431-8043-df12a16d7afc@group-C92B60746087: start as a follower, conf=-1: [6d9295f6-65ef-4431-8043-df12a16d7afc:192.168.69.104:44109], old=null
2019-10-16 07:06:27,297 [pool-588-thread-1] INFO  impl.RaftServerImpl (RaftServerImpl.java:setRole(184)) - 6d9295f6-65ef-4431-8043-df12a16d7afc@group-C92B60746087: changes role from      null to FOLLOWER at term 0 for startAsFollower
2019-10-16 07:06:27,297 [pool-588-thread-1] INFO  impl.RoleInfo (RoleInfo.java:updateAndGet(143)) - 6d9295f6-65ef-4431-8043-df12a16d7afc: start FollowerState
2019-10-16 07:06:27,298 [pool-588-thread-1] INFO  util.JmxRegister (JmxRegister.java:tryRegister(44)) - Successfully registered JMX Bean with object name Ratis:service=RaftServer,group=group-C92B60746087,id=6d9295f6-65ef-4431-8043-df12a16d7afc
2019-10-16 07:06:27,302 [Thread-4169] INFO  impl.FollowerState (FollowerState.java:run(108)) - 2e493d31-d4d8-4961-8762-7cf4c421b4ae@group-F0EC2519A7B3-FollowerState: change to CANDIDATE, lastRpcTime:63ms, electionTimeout:63ms
2019-10-16 07:06:27,302 [Thread-4169] INFO  impl.RoleInfo (RoleInfo.java:shutdownFollowerState(121)) - 2e493d31-d4d8-4961-8762-7cf4c421b4ae: shutdown FollowerState
2019-10-16 07:06:27,302 [Thread-4169] INFO  impl.RaftServerImpl (RaftServerImpl.java:setRole(184)) - 2e493d31-d4d8-4961-8762-7cf4c421b4ae@group-F0EC2519A7B3: changes role from  FOLLOWER to CANDIDATE at term 0 for changeToCandidate
2019-10-16 07:06:27,302 [Thread-4169] INFO  impl.RoleInfo (RoleInfo.java:updateAndGet(143)) - 2e493d31-d4d8-4961-8762-7cf4c421b4ae: start LeaderElection
2019-10-16 07:06:27,306 [RatisPipelineUtilsThread] INFO  pipeline.PipelineStateManager (PipelineStateManager.java:addPipeline(56)) - Created pipeline Pipeline[ Id: 8763fa8d-8489-4fe8-bc26-c92b60746087, Nodes: 6d9295f6-65ef-4431-8043-df12a16d7afc{ip: 192.168.69.104, host: pr-hdds-2312-q6qzp-1535798719, networkLocation: /default-rack, certSerialId: null}, Type:RATIS, Factor:ONE, State:OPEN]
2019-10-16 07:06:27,317 [main] INFO  ozone.MiniOzoneClusterImpl (MiniOzoneClusterImpl.java:lambda$waitForClusterToBeReady$0(147)) - Waiting for cluster to be ready. Got 2 of 3 DN Heartbeats.
2019-10-16 07:06:27,318 [IPC Server handler 3 on 42153] INFO  net.NetworkTopology (NetworkTopologyImpl.java:add(111)) - Added a new node: /default-rack/e95dbc8d-7ac3-4cb1-8346-3625e49ac32c
2019-10-16 07:06:27,318 [IPC Server handler 3 on 42153] INFO  node.SCMNodeManager (SCMNodeManager.java:register(268)) - Registered Data node : e95dbc8d-7ac3-4cb1-8346-3625e49ac32c{ip: 192.168.69.104, host: pr-hdds-2312-q6qzp-1535798719, networkLocation: /default-rack, certSerialId: null}
2019-10-16 07:06:27,325 [grpc-default-executor-0] INFO  impl.RaftServerProxy (RaftServerProxy.java:addNew(89)) - e95dbc8d-7ac3-4cb1-8346-3625e49ac32c: addNew group-273425B4580E:[e95dbc8d-7ac3-4cb1-8346-3625e49ac32c:192.168.69.104:42471] returns group-273425B4580E:java.util.concurrent.CompletableFuture@63f8264d[Not completed]
2019-10-16 07:06:27,326 [pool-598-thread-1] INFO  impl.RaftServerImpl (RaftServerImpl.java:<init>(104)) - e95dbc8d-7ac3-4cb1-8346-3625e49ac32c: new RaftServerImpl for group-273425B4580E:[e95dbc8d-7ac3-4cb1-8346-3625e49ac32c:192.168.69.104:42471] with ContainerStateMachine:uninitialized
2019-10-16 07:06:27,326 [pool-598-thread-1] INFO  server.RaftServerConfigKeys (ConfUtils.java:logGet(43)) - raft.server.rpc.timeout.min = 5s (custom)
2019-10-16 07:06:27,326 [pool-598-thread-1] INFO  server.RaftServerConfigKeys (ConfUtils.java:logGet(43)) - raft.server.rpc.timeout.max = 5200ms (custom)
2019-10-16 07:06:27,326 [2e493d31-d4d8-4961-8762-7cf4c421b4ae@group-F0EC2519A7B3-LeaderElection315] INFO  impl.LeaderElection (LeaderElection.java:askForVotes(178)) - 2e493d31-d4d8-4961-8762-7cf4c421b4ae@group-F0EC2519A7B3-LeaderElection315: begin an election at term 1 for -1: [2e493d31-d4d8-4961-8762-7cf4c421b4ae:192.168.69.104:36241], old=null
2019-10-16 07:06:27,326 [pool-598-thread-1] INFO  server.RaftServerConfigKeys (ConfUtils.java:logGet(43)) - raft.server.rpcslowness.timeout = 120s (custom)
2019-10-16 07:06:27,326 [2e493d31-d4d8-4961-8762-7cf4c421b4ae@group-F0EC2519A7B3-LeaderElection315] INFO  impl.RoleInfo (RoleInfo.java:shutdownLeaderElection(134)) - 2e493d31-d4d8-4961-8762-7cf4c421b4ae: shutdown LeaderElection
2019-10-16 07:06:27,327 [pool-598-thread-1] INFO  server.RaftServerConfigKeys (ConfUtils.java:logGet(43)) - raft.server.sleep.deviation.threshold = 300 (default)
2019-10-16 07:06:27,327 [2e493d31-d4d8-4961-8762-7cf4c421b4ae@group-F0EC2519A7B3-LeaderElection315] INFO  impl.RaftServerImpl (RaftServerImpl.java:setRole(184)) - 2e493d31-d4d8-4961-8762-7cf4c421b4ae@group-F0EC2519A7B3: changes role from CANDIDATE to LEADER at term 1 for changeToLeader
2019-10-16 07:06:27,327 [pool-598-thread-1] INFO  server.RaftServerConfigKeys (ConfUtils.java:logGet(43)) - raft.server.log.appender.install.snapshot.enabled = false (custom)
2019-10-16 07:06:27,327 [2e493d31-d4d8-4961-8762-7cf4c421b4ae@group-F0EC2519A7B3-LeaderElection315] INFO  impl.RaftServerImpl (ServerState.java:setLeader(256)) - 2e493d31-d4d8-4961-8762-7cf4c421b4ae@group-F0EC2519A7B3: change Leader from null to 2e493d31-d4d8-4961-8762-7cf4c421b4ae at term 1 for becomeLeader, leader elected after 95ms
2019-10-16 07:06:27,327 [pool-598-thread-1] INFO  impl.RaftServerImpl (ServerState.java:<init>(103)) - e95dbc8d-7ac3-4cb1-8346-3625e49ac32c@group-273425B4580E: ConfigurationManager, init=-1: [e95dbc8d-7ac3-4cb1-8346-3625e49ac32c:192.168.69.104:42471], old=null, confs=<EMPTY_MAP>
2019-10-16 07:06:27,327 [2e493d31-d4d8-4961-8762-7cf4c421b4ae@group-F0EC2519A7B3-LeaderElection315] INFO  server.RaftServerConfigKeys (ConfUtils.java:logGet(43)) - raft.server.staging.catchup.gap = 1000 (default)
2019-10-16 07:06:27,327 [pool-598-thread-1] INFO  server.RaftServerConfigKeys (ConfUtils.java:logGet(43)) - raft.server.storage.dir = [/workdir/hadoop-ozone/ozonefs/target/test-dir/MiniOzoneClusterImpl-aa1b42a7-2a53-4ea8-8c69-54e91c4860b6/datanode-2/data/ratis] (custom)
2019-10-16 07:06:27,327 [2e493d31-d4d8-4961-8762-7cf4c421b4ae@group-F0EC2519A7B3-LeaderElection315] INFO  server.RaftServerConfigKeys (ConfUtils.java:logGet(43)) - raft.server.rpc.sleep.time = 25ms (default)
2019-10-16 07:06:27,327 [pool-598-thread-1] INFO  server.RaftServerConfigKeys (ConfUtils.java:logGet(43)) - raft.server.log.corruption.policy = EXCEPTION (default)
2019-10-16 07:06:27,327 [2e493d31-d4d8-4961-8762-7cf4c421b4ae@group-F0EC2519A7B3-LeaderElection315] INFO  server.RaftServerConfigKeys (ConfUtils.java:logGet(43)) - raft.server.write.element-limit = 4096 (default)
2019-10-16 07:06:27,328 [2e493d31-d4d8-4961-8762-7cf4c421b4ae@group-F0EC2519A7B3-LeaderElection315] INFO  server.RaftServerConfigKeys (ConfUtils.java:logGet(43)) - raft.server.watch.timeout = 10s (default)
2019-10-16 07:06:27,328 [pool-598-thread-1] INFO  storage.RaftStorageDirectory (RaftStorageDirectory.java:analyzeStorage(246)) - The storage directory /workdir/hadoop-ozone/ozonefs/target/test-dir/MiniOzoneClusterImpl-aa1b42a7-2a53-4ea8-8c69-54e91c4860b6/datanode-2/data/ratis/2c5333fb-11be-4648-81e7-273425b4580e does not exist. Creating ...
2019-10-16 07:06:27,328 [2e493d31-d4d8-4961-8762-7cf4c421b4ae@group-F0EC2519A7B3-LeaderElection315] INFO  server.RaftServerConfigKeys (ConfUtils.java:logGet(43)) - raft.server.watch.timeout.denomination = 1s (default)
2019-10-16 07:06:27,328 [2e493d31-d4d8-4961-8762-7cf4c421b4ae@group-F0EC2519A7B3-LeaderElection315] INFO  server.RaftServerConfigKeys (ConfUtils.java:logGet(43)) - raft.server.watch.element-limit = 65536 (default)
2019-10-16 07:06:27,329 [2e493d31-d4d8-4961-8762-7cf4c421b4ae@group-F0EC2519A7B3-LeaderElection315] INFO  impl.RoleInfo (RoleInfo.java:updateAndGet(143)) - 2e493d31-d4d8-4961-8762-7cf4c421b4ae: start LeaderState
2019-10-16 07:06:27,330 [2e493d31-d4d8-4961-8762-7cf4c421b4ae@group-F0EC2519A7B3-LeaderElection315] INFO  segmented.SegmentedRaftLogWorker (SegmentedRaftLogWorker.java:startLogSegment(385)) - 2e493d31-d4d8-4961-8762-7cf4c421b4ae@group-F0EC2519A7B3-SegmentedRaftLogWorker: Starting segment from index:0
2019-10-16 07:06:27,330 [2e493d31-d4d8-4961-8762-7cf4c421b4ae@group-F0EC2519A7B3-LeaderElection315] INFO  impl.RaftServerImpl (ServerState.java:setRaftConf(357)) - 2e493d31-d4d8-4961-8762-7cf4c421b4ae@group-F0EC2519A7B3: set configuration 0: [2e493d31-d4d8-4961-8762-7cf4c421b4ae:192.168.69.104:36241], old=null at 0
2019-10-16 07:06:27,351 [pool-598-thread-1] INFO  storage.RaftStorageDirectory (RaftStorageDirectory.java:tryLock(328)) - Lock on /workdir/hadoop-ozone/ozonefs/target/test-dir/MiniOzoneClusterImpl-aa1b42a7-2a53-4ea8-8c69-54e91c4860b6/datanode-2/data/ratis/2c5333fb-11be-4648-81e7-273425b4580e/in_use.lock acquired by nodename 1122@pr-hdds-2312-q6qzp-1535798719
2019-10-16 07:06:27,379 [pool-598-thread-1] INFO  storage.RaftStorage (RaftStorage.java:format(84)) - Storage directory /workdir/hadoop-ozone/ozonefs/target/test-dir/MiniOzoneClusterImpl-aa1b42a7-2a53-4ea8-8c69-54e91c4860b6/datanode-2/data/ratis/2c5333fb-11be-4648-81e7-273425b4580e has been successfully formatted.
2019-10-16 07:06:27,379 [pool-598-thread-1] INFO  ratis.ContainerStateMachine (ContainerStateMachine.java:loadSnapshot(231)) - group-273425B4580E: The snapshot info is null. Setting the last applied indexto:(t:0, i:~)
2019-10-16 07:06:27,380 [pool-598-thread-1] INFO  server.RaftServerConfigKeys (ConfUtils.java:logGet(43)) - raft.server.notification.no-leader.timeout = 120s (custom)
2019-10-16 07:06:27,380 [pool-598-thread-1] INFO  server.RaftServerConfigKeys (ConfUtils.java:logGet(43)) - raft.server.log.use.memory = false (default)
2019-10-16 07:06:27,380 [pool-598-thread-1] INFO  server.RaftServerConfigKeys (ConfUtils.java:logGet(43)) - raft.server.log.purge.gap = 1000000 (custom)
2019-10-16 07:06:27,380 [pool-598-thread-1] INFO  server.RaftServerConfigKeys (ConfUtils.java:logGet(43)) - raft.server.log.appender.buffer.byte-limit = 33554432 (custom)
2019-10-16 07:06:27,380 [pool-598-thread-1] INFO  server.RaftServerConfigKeys (ConfUtils.java:logGet(43)) - raft.server.log.segment.size.max = 1048576 (custom)
2019-10-16 07:06:27,381 [2e493d31-d4d8-4961-8762-7cf4c421b4ae@group-F0EC2519A7B3-SegmentedRaftLogWorker] INFO  segmented.SegmentedRaftLogWorker (SegmentedRaftLogWorker.java:execute(576)) - 2e493d31-d4d8-4961-8762-7cf4c421b4ae@group-F0EC2519A7B3-SegmentedRaftLogWorker: created new log segment /workdir/hadoop-ozone/ozonefs/target/test-dir/MiniOzoneClusterImpl-aa1b42a7-2a53-4ea8-8c69-54e91c4860b6/datanode-0/data/ratis/3577eada-1e46-4cd9-89a8-f0ec2519a7b3/current/log_inprogress_0
2019-10-16 07:06:27,381 [pool-598-thread-1] INFO  server.RaftServerConfigKeys (ConfUtils.java:logGet(43)) - raft.server.log.segment.cache.num.max = 2 (custom)
2019-10-16 07:06:27,382 [pool-598-thread-1] INFO  segmented.SegmentedRaftLogWorker (SegmentedRaftLogWorker.java:<init>(173)) - new e95dbc8d-7ac3-4cb1-8346-3625e49ac32c@group-273425B4580E-SegmentedRaftLogWorker for RaftStorage:Storage Directory /workdir/hadoop-ozone/ozonefs/target/test-dir/MiniOzoneClusterImpl-aa1b42a7-2a53-4ea8-8c69-54e91c4860b6/datanode-2/data/ratis/2c5333fb-11be-4648-81e7-273425b4580e
2019-10-16 07:06:27,382 [pool-598-thread-1] INFO  server.RaftServerConfigKeys (ConfUtils.java:logGet(43)) - raft.server.log.queue.byte-limit = 2147483647 (custom)
2019-10-16 07:06:27,382 [pool-598-thread-1] INFO  server.RaftServerConfigKeys (ConfUtils.java:logGet(43)) - raft.server.log.queue.element-limit = 1024 (custom)
2019-10-16 07:06:27,382 [pool-598-thread-1] INFO  server.RaftServerConfigKeys (ConfUtils.java:logGet(43)) - raft.server.log.segment.size.max = 1048576 (custom)
2019-10-16 07:06:27,382 [pool-598-thread-1] INFO  server.RaftServerConfigKeys (ConfUtils.java:logGet(43)) - raft.server.log.preallocated.size = 16384 (custom)
2019-10-16 07:06:27,382 [pool-598-thread-1] INFO  server.RaftServerConfigKeys (ConfUtils.java:logGet(43)) - raft.server.log.write.buffer.size = 33554432 (custom)
2019-10-16 07:06:27,382 [pool-598-thread-1] INFO  server.RaftServerConfigKeys (ConfUtils.java:logGet(43)) - raft.server.log.force.sync.num = 128 (default)
2019-10-16 07:06:27,382 [pool-598-thread-1] INFO  server.RaftServerConfigKeys (ConfUtils.java:logGet(43)) - raft.server.log.statemachine.data.sync = true (default)
2019-10-16 07:06:27,382 [pool-598-thread-1] INFO  server.RaftServerConfigKeys (ConfUtils.java:logGet(43)) - raft.server.log.statemachine.data.sync.timeout = 10s (default)
2019-10-16 07:06:27,382 [pool-598-thread-1] INFO  server.RaftServerConfigKeys (ConfUtils.java:logGet(43)) - raft.server.log.statemachine.data.sync.timeout.retry = -1 (default)
2019-10-16 07:06:27,383 [pool-598-thread-1] INFO  server.RaftServerConfigKeys (ConfUtils.java:logGet(43)) - raft.server.log.statemachine.data.caching.enabled = true (custom)
2019-10-16 07:06:27,383 [pool-598-thread-1] INFO  segmented.SegmentedRaftLogWorker (SegmentedRaftLogWorker.java:lambda$new$0(128)) - e95dbc8d-7ac3-4cb1-8346-3625e49ac32c@group-273425B4580E-SegmentedRaftLogWorker: flushIndex: setUnconditionally 0 -> -1
2019-10-16 07:06:27,383 [pool-598-thread-1] INFO  server.RaftServerConfigKeys (ConfUtils.java:logGet(43)) - raft.server.snapshot.auto.trigger.enabled = true (custom)
2019-10-16 07:06:27,383 [pool-598-thread-1] INFO  server.RaftServerConfigKeys (ConfUtils.java:logGet(43)) - raft.server.snapshot.auto.trigger.threshold = 10000 (custom)
2019-10-16 07:06:27,383 [pool-598-thread-1] INFO  server.RaftServerConfigKeys (ConfUtils.java:logGet(43)) - raft.server.snapshot.retention.file.num = 5 (custom)
2019-10-16 07:06:27,384 [pool-598-thread-1] INFO  server.RaftServerConfigKeys (ConfUtils.java:logGet(43)) - raft.server.retrycache.expirytime = 600000ms (custom)
2019-10-16 07:06:27,386 [pool-598-thread-1] INFO  impl.RaftServerImpl (RaftServerImpl.java:start(195)) - e95dbc8d-7ac3-4cb1-8346-3625e49ac32c@group-273425B4580E: start as a follower, conf=-1: [e95dbc8d-7ac3-4cb1-8346-3625e49ac32c:192.168.69.104:42471], old=null
2019-10-16 07:06:27,386 [pool-598-thread-1] INFO  impl.RaftServerImpl (RaftServerImpl.java:setRole(184)) - e95dbc8d-7ac3-4cb1-8346-3625e49ac32c@group-273425B4580E: changes role from      null to FOLLOWER at term 0 for startAsFollower
2019-10-16 07:06:27,386 [pool-598-thread-1] INFO  impl.RoleInfo (RoleInfo.java:updateAndGet(143)) - e95dbc8d-7ac3-4cb1-8346-3625e49ac32c: start FollowerState
2019-10-16 07:06:27,386 [pool-598-thread-1] INFO  util.JmxRegister (JmxRegister.java:tryRegister(44)) - Successfully registered JMX Bean with object name Ratis:service=RaftServer,group=group-273425B4580E,id=e95dbc8d-7ac3-4cb1-8346-3625e49ac32c
2019-10-16 07:06:27,392 [RatisPipelineUtilsThread] INFO  pipeline.PipelineStateManager (PipelineStateManager.java:addPipeline(56)) - Created pipeline Pipeline[ Id: 2c5333fb-11be-4648-81e7-273425b4580e, Nodes: e95dbc8d-7ac3-4cb1-8346-3625e49ac32c{ip: 192.168.69.104, host: pr-hdds-2312-q6qzp-1535798719, networkLocation: /default-rack, certSerialId: null}, Type:RATIS, Factor:ONE, State:OPEN]
2019-10-16 07:06:27,408 [grpc-default-executor-1] INFO  impl.RaftServerProxy (RaftServerProxy.java:addNew(89)) - 2e493d31-d4d8-4961-8762-7cf4c421b4ae: addNew group-85AC724FAAF6:[e95dbc8d-7ac3-4cb1-8346-3625e49ac32c:192.168.69.104:42471, 6d9295f6-65ef-4431-8043-df12a16d7afc:192.168.69.104:44109, 2e493d31-d4d8-4961-8762-7cf4c421b4ae:192.168.69.104:36241] returns group-85AC724FAAF6:java.util.concurrent.CompletableFuture@729d3a17[Not completed]
2019-10-16 07:06:27,408 [grpc-default-executor-0] INFO  impl.RaftServerProxy (RaftServerProxy.java:addNew(89)) - 6d9295f6-65ef-4431-8043-df12a16d7afc: addNew group-85AC724FAAF6:[e95dbc8d-7ac3-4cb1-8346-3625e49ac32c:192.168.69.104:42471, 6d9295f6-65ef-4431-8043-df12a16d7afc:192.168.69.104:44109, 2e493d31-d4d8-4961-8762-7cf4c421b4ae:192.168.69.104:36241] returns group-85AC724FAAF6:java.util.concurrent.CompletableFuture@1c9a0bb8[Not completed]
2019-10-16 07:06:27,408 [grpc-default-executor-2] INFO  impl.RaftServerProxy (RaftServerProxy.java:addNew(89)) - e95dbc8d-7ac3-4cb1-8346-3625e49ac32c: addNew group-85AC724FAAF6:[e95dbc8d-7ac3-4cb1-8346-3625e49ac32c:192.168.69.104:42471, 6d9295f6-65ef-4431-8043-df12a16d7afc:192.168.69.104:44109, 2e493d31-d4d8-4961-8762-7cf4c421b4ae:192.168.69.104:36241] returns group-85AC724FAAF6:java.util.concurrent.CompletableFuture@2585924d[Not completed]
2019-10-16 07:06:27,409 [pool-578-thread-1] INFO  impl.RaftServerImpl (RaftServerImpl.java:<init>(104)) - 2e493d31-d4d8-4961-8762-7cf4c421b4ae: new RaftServerImpl for group-85AC724FAAF6:[e95dbc8d-7ac3-4cb1-8346-3625e49ac32c:192.168.69.104:42471, 6d9295f6-65ef-4431-8043-df12a16d7afc:192.168.69.104:44109, 2e493d31-d4d8-4961-8762-7cf4c421b4ae:192.168.69.104:36241] with ContainerStateMachine:uninitialized
2019-10-16 07:06:27,409 [pool-578-thread-1] INFO  server.RaftServerConfigKeys (ConfUtils.java:logGet(43)) - raft.server.rpc.timeout.min = 5s (custom)
2019-10-16 07:06:27,409 [pool-598-thread-1] INFO  impl.RaftServerImpl (RaftServerImpl.java:<init>(104)) - e95dbc8d-7ac3-4cb1-8346-3625e49ac32c: new RaftServerImpl for group-85AC724FAAF6:[e95dbc8d-7ac3-4cb1-8346-3625e49ac32c:192.168.69.104:42471, 6d9295f6-65ef-4431-8043-df12a16d7afc:192.168.69.104:44109, 2e493d31-d4d8-4961-8762-7cf4c421b4ae:192.168.69.104:36241] with ContainerStateMachine:uninitialized
2019-10-16 07:06:27,409 [pool-578-thread-1] INFO  server.RaftServerConfigKeys (ConfUtils.java:logGet(43)) - raft.server.rpc.timeout.max = 5200ms (custom)
2019-10-16 07:06:27,409 [pool-598-thread-1] INFO  server.RaftServerConfigKeys (ConfUtils.java:logGet(43)) - raft.server.rpc.timeout.min = 5s (custom)
2019-10-16 07:06:27,409 [pool-578-thread-1] INFO  server.RaftServerConfigKeys (ConfUtils.java:logGet(43)) - raft.server.rpcslowness.timeout = 120s (custom)
2019-10-16 07:06:27,409 [pool-588-thread-1] INFO  impl.RaftServerImpl (RaftServerImpl.java:<init>(104)) - 6d9295f6-65ef-4431-8043-df12a16d7afc: new RaftServerImpl for group-85AC724FAAF6:[e95dbc8d-7ac3-4cb1-8346-3625e49ac32c:192.168.69.104:42471, 6d9295f6-65ef-4431-8043-df12a16d7afc:192.168.69.104:44109, 2e493d31-d4d8-4961-8762-7cf4c421b4ae:192.168.69.104:36241] with ContainerStateMachine:uninitialized
2019-10-16 07:06:27,409 [pool-578-thread-1] INFO  server.RaftServerConfigKeys (ConfUtils.java:logGet(43)) - raft.server.sleep.deviation.threshold = 300 (default)
2019-10-16 07:06:27,410 [pool-578-thread-1] INFO  server.RaftServerConfigKeys (ConfUtils.java:logGet(43)) - raft.server.log.appender.install.snapshot.enabled = false (custom)
2019-10-16 07:06:27,409 [pool-598-thread-1] INFO  server.RaftServerConfigKeys (ConfUtils.java:logGet(43)) - raft.server.rpc.timeout.max = 5200ms (custom)
2019-10-16 07:06:27,410 [pool-578-thread-1] INFO  impl.RaftServerImpl (ServerState.java:<init>(103)) - 2e493d31-d4d8-4961-8762-7cf4c421b4ae@group-85AC724FAAF6: ConfigurationManager, init=-1: [e95dbc8d-7ac3-4cb1-8346-3625e49ac32c:192.168.69.104:42471, 6d9295f6-65ef-4431-8043-df12a16d7afc:192.168.69.104:44109, 2e493d31-d4d8-4961-8762-7cf4c421b4ae:192.168.69.104:36241], old=null, confs=<EMPTY_MAP>
2019-10-16 07:06:27,410 [pool-588-thread-1] INFO  server.RaftServerConfigKeys (ConfUtils.java:logGet(43)) - raft.server.rpc.timeout.min = 5s (custom)
2019-10-16 07:06:27,410 [pool-578-thread-1] INFO  server.RaftServerConfigKeys (ConfUtils.java:logGet(43)) - raft.server.storage.dir = [/workdir/hadoop-ozone/ozonefs/target/test-dir/MiniOzoneClusterImpl-aa1b42a7-2a53-4ea8-8c69-54e91c4860b6/datanode-0/data/ratis] (custom)
2019-10-16 07:06:27,410 [pool-598-thread-1] INFO  server.RaftServerConfigKeys (ConfUtils.java:logGet(43)) - raft.server.rpcslowness.timeout = 120s (custom)
2019-10-16 07:06:27,410 [pool-588-thread-1] INFO  server.RaftServerConfigKeys (ConfUtils.java:logGet(43)) - raft.server.rpc.timeout.max = 5200ms (custom)
2019-10-16 07:06:27,410 [pool-578-thread-1] INFO  server.RaftServerConfigKeys (ConfUtils.java:logGet(43)) - raft.server.log.corruption.policy = EXCEPTION (default)
2019-10-16 07:06:27,410 [pool-598-thread-1] INFO  server.RaftServerConfigKeys (ConfUtils.java:logGet(43)) - raft.server.sleep.deviation.threshold = 300 (default)
2019-10-16 07:06:27,410 [pool-588-thread-1] INFO  server.RaftServerConfigKeys (ConfUtils.java:logGet(43)) - raft.server.rpcslowness.timeout = 120s (custom)
2019-10-16 07:06:27,411 [pool-578-thread-1] INFO  storage.RaftStorageDirectory (RaftStorageDirectory.java:analyzeStorage(246)) - The storage directory /workdir/hadoop-ozone/ozonefs/target/test-dir/MiniOzoneClusterImpl-aa1b42a7-2a53-4ea8-8c69-54e91c4860b6/datanode-0/data/ratis/e352fb23-ce5d-468b-938d-85ac724faaf6 does not exist. Creating ...
2019-10-16 07:06:27,411 [pool-598-thread-1] INFO  server.RaftServerConfigKeys (ConfUtils.java:logGet(43)) - raft.server.log.appender.install.snapshot.enabled = false (custom)
2019-10-16 07:06:27,411 [pool-588-thread-1] INFO  server.RaftServerConfigKeys (ConfUtils.java:logGet(43)) - raft.server.sleep.deviation.threshold = 300 (default)
2019-10-16 07:06:27,411 [pool-598-thread-1] INFO  impl.RaftServerImpl (ServerState.java:<init>(103)) - e95dbc8d-7ac3-4cb1-8346-3625e49ac32c@group-85AC724FAAF6: ConfigurationManager, init=-1: [e95dbc8d-7ac3-4cb1-8346-3625e49ac32c:192.168.69.104:42471, 6d9295f6-65ef-4431-8043-df12a16d7afc:192.168.69.104:44109, 2e493d31-d4d8-4961-8762-7cf4c421b4ae:192.168.69.104:36241], old=null, confs=<EMPTY_MAP>
2019-10-16 07:06:27,411 [pool-588-thread-1] INFO  server.RaftServerConfigKeys (ConfUtils.java:logGet(43)) - raft.server.log.appender.install.snapshot.enabled = false (custom)
2019-10-16 07:06:27,411 [pool-598-thread-1] INFO  server.RaftServerConfigKeys (ConfUtils.java:logGet(43)) - raft.server.storage.dir = [/workdir/hadoop-ozone/ozonefs/target/test-dir/MiniOzoneClusterImpl-aa1b42a7-2a53-4ea8-8c69-54e91c4860b6/datanode-2/data/ratis] (custom)
2019-10-16 07:06:27,411 [pool-588-thread-1] INFO  impl.RaftServerImpl (ServerState.java:<init>(103)) - 6d9295f6-65ef-4431-8043-df12a16d7afc@group-85AC724FAAF6: ConfigurationManager, init=-1: [e95dbc8d-7ac3-4cb1-8346-3625e49ac32c:192.168.69.104:42471, 6d9295f6-65ef-4431-8043-df12a16d7afc:192.168.69.104:44109, 2e493d31-d4d8-4961-8762-7cf4c421b4ae:192.168.69.104:36241], old=null, confs=<EMPTY_MAP>
2019-10-16 07:06:27,411 [pool-588-thread-1] INFO  server.RaftServerConfigKeys (ConfUtils.java:logGet(43)) - raft.server.storage.dir = [/workdir/hadoop-ozone/ozonefs/target/test-dir/MiniOzoneClusterImpl-aa1b42a7-2a53-4ea8-8c69-54e91c4860b6/datanode-1/data/ratis] (custom)
2019-10-16 07:06:27,411 [pool-598-thread-1] INFO  server.RaftServerConfigKeys (ConfUtils.java:logGet(43)) - raft.server.log.corruption.policy = EXCEPTION (default)
2019-10-16 07:06:27,411 [pool-588-thread-1] INFO  server.RaftServerConfigKeys (ConfUtils.java:logGet(43)) - raft.server.log.corruption.policy = EXCEPTION (default)
2019-10-16 07:06:27,412 [pool-598-thread-1] INFO  storage.RaftStorageDirectory (RaftStorageDirectory.java:analyzeStorage(246)) - The storage directory /workdir/hadoop-ozone/ozonefs/target/test-dir/MiniOzoneClusterImpl-aa1b42a7-2a53-4ea8-8c69-54e91c4860b6/datanode-2/data/ratis/e352fb23-ce5d-468b-938d-85ac724faaf6 does not exist. Creating ...
2019-10-16 07:06:27,412 [pool-588-thread-1] INFO  storage.RaftStorageDirectory (RaftStorageDirectory.java:analyzeStorage(246)) - The storage directory /workdir/hadoop-ozone/ozonefs/target/test-dir/MiniOzoneClusterImpl-aa1b42a7-2a53-4ea8-8c69-54e91c4860b6/datanode-1/data/ratis/e352fb23-ce5d-468b-938d-85ac724faaf6 does not exist. Creating ...
2019-10-16 07:06:27,427 [pool-598-thread-1] INFO  storage.RaftStorageDirectory (RaftStorageDirectory.java:tryLock(328)) - Lock on /workdir/hadoop-ozone/ozonefs/target/test-dir/MiniOzoneClusterImpl-aa1b42a7-2a53-4ea8-8c69-54e91c4860b6/datanode-2/data/ratis/e352fb23-ce5d-468b-938d-85ac724faaf6/in_use.lock acquired by nodename 1122@pr-hdds-2312-q6qzp-1535798719
2019-10-16 07:06:27,427 [pool-588-thread-1] INFO  storage.RaftStorageDirectory (RaftStorageDirectory.java:tryLock(328)) - Lock on /workdir/hadoop-ozone/ozonefs/target/test-dir/MiniOzoneClusterImpl-aa1b42a7-2a53-4ea8-8c69-54e91c4860b6/datanode-1/data/ratis/e352fb23-ce5d-468b-938d-85ac724faaf6/in_use.lock acquired by nodename 1122@pr-hdds-2312-q6qzp-1535798719
2019-10-16 07:06:27,427 [pool-578-thread-1] INFO  storage.RaftStorageDirectory (RaftStorageDirectory.java:tryLock(328)) - Lock on /workdir/hadoop-ozone/ozonefs/target/test-dir/MiniOzoneClusterImpl-aa1b42a7-2a53-4ea8-8c69-54e91c4860b6/datanode-0/data/ratis/e352fb23-ce5d-468b-938d-85ac724faaf6/in_use.lock acquired by nodename 1122@pr-hdds-2312-q6qzp-1535798719
2019-10-16 07:06:27,452 [pool-598-thread-1] INFO  storage.RaftStorage (RaftStorage.java:format(84)) - Storage directory /workdir/hadoop-ozone/ozonefs/target/test-dir/MiniOzoneClusterImpl-aa1b42a7-2a53-4ea8-8c69-54e91c4860b6/datanode-2/data/ratis/e352fb23-ce5d-468b-938d-85ac724faaf6 has been successfully formatted.
2019-10-16 07:06:27,452 [pool-578-thread-1] INFO  storage.RaftStorage (RaftStorage.java:format(84)) - Storage directory /workdir/hadoop-ozone/ozonefs/target/test-dir/MiniOzoneClusterImpl-aa1b42a7-2a53-4ea8-8c69-54e91c4860b6/datanode-0/data/ratis/e352fb23-ce5d-468b-938d-85ac724faaf6 has been successfully formatted.
2019-10-16 07:06:27,452 [pool-598-thread-1] INFO  ratis.ContainerStateMachine (ContainerStateMachine.java:loadSnapshot(231)) - group-85AC724FAAF6: The snapshot info is null. Setting the last applied indexto:(t:0, i:~)
2019-10-16 07:06:27,452 [pool-598-thread-1] INFO  server.RaftServerConfigKeys (ConfUtils.java:logGet(43)) - raft.server.notification.no-leader.timeout = 120s (custom)
2019-10-16 07:06:27,452 [pool-588-thread-1] INFO  storage.RaftStorage (RaftStorage.java:format(84)) - Storage directory /workdir/hadoop-ozone/ozonefs/target/test-dir/MiniOzoneClusterImpl-aa1b42a7-2a53-4ea8-8c69-54e91c4860b6/datanode-1/data/ratis/e352fb23-ce5d-468b-938d-85ac724faaf6 has been successfully formatted.
2019-10-16 07:06:27,452 [pool-598-thread-1] INFO  server.RaftServerConfigKeys (ConfUtils.java:logGet(43)) - raft.server.log.use.memory = false (default)
2019-10-16 07:06:27,452 [pool-578-thread-1] INFO  ratis.ContainerStateMachine (ContainerStateMachine.java:loadSnapshot(231)) - group-85AC724FAAF6: The snapshot info is null. Setting the last applied indexto:(t:0, i:~)
2019-10-16 07:06:27,453 [pool-588-thread-1] INFO  ratis.ContainerStateMachine (ContainerStateMachine.java:loadSnapshot(231)) - group-85AC724FAAF6: The snapshot info is null. Setting the last applied indexto:(t:0, i:~)
2019-10-16 07:06:27,453 [pool-598-thread-1] INFO  server.RaftServerConfigKeys (ConfUtils.java:logGet(43)) - raft.server.log.purge.gap = 1000000 (custom)
2019-10-16 07:06:27,453 [pool-588-thread-1] INFO  server.RaftServerConfigKeys (ConfUtils.java:logGet(43)) - raft.server.notification.no-leader.timeout = 120s (custom)
2019-10-16 07:06:27,453 [pool-578-thread-1] INFO  server.RaftServerConfigKeys (ConfUtils.java:logGet(43)) - raft.server.notification.no-leader.timeout = 120s (custom)
2019-10-16 07:06:27,453 [pool-588-thread-1] INFO  server.RaftServerConfigKeys (ConfUtils.java:logGet(43)) - raft.server.log.use.memory = false (default)
2019-10-16 07:06:27,453 [pool-598-thread-1] INFO  server.RaftServerConfigKeys (ConfUtils.java:logGet(43)) - raft.server.log.appender.buffer.byte-limit = 33554432 (custom)
2019-10-16 07:06:27,454 [pool-588-thread-1] INFO  server.RaftServerConfigKeys (ConfUtils.java:logGet(43)) - raft.server.log.purge.gap = 1000000 (custom)
2019-10-16 07:06:27,453 [pool-578-thread-1] INFO  server.RaftServerConfigKeys (ConfUtils.java:logGet(43)) - raft.server.log.use.memory = false (default)
2019-10-16 07:06:27,454 [pool-588-thread-1] INFO  server.RaftServerConfigKeys (ConfUtils.java:logGet(43)) - raft.server.log.appender.buffer.byte-limit = 33554432 (custom)
2019-10-16 07:06:27,454 [pool-598-thread-1] INFO  server.RaftServerConfigKeys (ConfUtils.java:logGet(43)) - raft.server.log.segment.size.max = 1048576 (custom)
2019-10-16 07:06:27,454 [pool-588-thread-1] INFO  server.RaftServerConfigKeys (ConfUtils.java:logGet(43)) - raft.server.log.segment.size.max = 1048576 (custom)
2019-10-16 07:06:27,454 [pool-578-thread-1] INFO  server.RaftServerConfigKeys (ConfUtils.java:logGet(43)) - raft.server.log.purge.gap = 1000000 (custom)
2019-10-16 07:06:27,454 [pool-588-thread-1] INFO  server.RaftServerConfigKeys (ConfUtils.java:logGet(43)) - raft.server.log.segment.cache.num.max = 2 (custom)
2019-10-16 07:06:27,454 [pool-598-thread-1] INFO  server.RaftServerConfigKeys (ConfUtils.java:logGet(43)) - raft.server.log.segment.cache.num.max = 2 (custom)
2019-10-16 07:06:27,455 [pool-588-thread-1] INFO  segmented.SegmentedRaftLogWorker (SegmentedRaftLogWorker.java:<init>(173)) - new 6d9295f6-65ef-4431-8043-df12a16d7afc@group-85AC724FAAF6-SegmentedRaftLogWorker for RaftStorage:Storage Directory /workdir/hadoop-ozone/ozonefs/target/test-dir/MiniOzoneClusterImpl-aa1b42a7-2a53-4ea8-8c69-54e91c4860b6/datanode-1/data/ratis/e352fb23-ce5d-468b-938d-85ac724faaf6
2019-10-16 07:06:27,454 [pool-578-thread-1] INFO  server.RaftServerConfigKeys (ConfUtils.java:logGet(43)) - raft.server.log.appender.buffer.byte-limit = 33554432 (custom)
2019-10-16 07:06:27,455 [pool-588-thread-1] INFO  server.RaftServerConfigKeys (ConfUtils.java:logGet(43)) - raft.server.log.queue.byte-limit = 2147483647 (custom)
2019-10-16 07:06:27,455 [pool-598-thread-1] INFO  segmented.SegmentedRaftLogWorker (SegmentedRaftLogWorker.java:<init>(173)) - new e95dbc8d-7ac3-4cb1-8346-3625e49ac32c@group-85AC724FAAF6-SegmentedRaftLogWorker for RaftStorage:Storage Directory /workdir/hadoop-ozone/ozonefs/target/test-dir/MiniOzoneClusterImpl-aa1b42a7-2a53-4ea8-8c69-54e91c4860b6/datanode-2/data/ratis/e352fb23-ce5d-468b-938d-85ac724faaf6
2019-10-16 07:06:27,455 [pool-588-thread-1] INFO  server.RaftServerConfigKeys (ConfUtils.java:logGet(43)) - raft.server.log.queue.element-limit = 1024 (custom)
2019-10-16 07:06:27,455 [pool-578-thread-1] INFO  server.RaftServerConfigKeys (ConfUtils.java:logGet(43)) - raft.server.log.segment.size.max = 1048576 (custom)
2019-10-16 07:06:27,455 [pool-588-thread-1] INFO  server.RaftServerConfigKeys (ConfUtils.java:logGet(43)) - raft.server.log.segment.size.max = 1048576 (custom)
2019-10-16 07:06:27,455 [pool-588-thread-1] INFO  server.RaftServerConfigKeys (ConfUtils.java:logGet(43)) - raft.server.log.preallocated.size = 16384 (custom)
2019-10-16 07:06:27,455 [pool-598-thread-1] INFO  server.RaftServerConfigKeys (ConfUtils.java:logGet(43)) - raft.server.log.queue.byte-limit = 2147483647 (custom)
2019-10-16 07:06:27,456 [pool-588-thread-1] INFO  server.RaftServerConfigKeys (ConfUtils.java:logGet(43)) - raft.server.log.write.buffer.size = 33554432 (custom)
2019-10-16 07:06:27,455 [pool-578-thread-1] INFO  server.RaftServerConfigKeys (ConfUtils.java:logGet(43)) - raft.server.log.segment.cache.num.max = 2 (custom)
2019-10-16 07:06:27,456 [pool-588-thread-1] INFO  server.RaftServerConfigKeys (ConfUtils.java:logGet(43)) - raft.server.log.force.sync.num = 128 (default)
2019-10-16 07:06:27,456 [pool-598-thread-1] INFO  server.RaftServerConfigKeys (ConfUtils.java:logGet(43)) - raft.server.log.queue.element-limit = 1024 (custom)
2019-10-16 07:06:27,456 [pool-588-thread-1] INFO  server.RaftServerConfigKeys (ConfUtils.java:logGet(43)) - raft.server.log.statemachine.data.sync = true (default)
2019-10-16 07:06:27,456 [pool-578-thread-1] INFO  segmented.SegmentedRaftLogWorker (SegmentedRaftLogWorker.java:<init>(173)) - new 2e493d31-d4d8-4961-8762-7cf4c421b4ae@group-85AC724FAAF6-SegmentedRaftLogWorker for RaftStorage:Storage Directory /workdir/hadoop-ozone/ozonefs/target/test-dir/MiniOzoneClusterImpl-aa1b42a7-2a53-4ea8-8c69-54e91c4860b6/datanode-0/data/ratis/e352fb23-ce5d-468b-938d-85ac724faaf6
2019-10-16 07:06:27,456 [pool-588-thread-1] INFO  server.RaftServerConfigKeys (ConfUtils.java:logGet(43)) - raft.server.log.statemachine.data.sync.timeout = 10s (default)
2019-10-16 07:06:27,457 [pool-588-thread-1] INFO  server.RaftServerConfigKeys (ConfUtils.java:logGet(43)) - raft.server.log.statemachine.data.sync.timeout.retry = -1 (default)
2019-10-16 07:06:27,456 [pool-598-thread-1] INFO  server.RaftServerConfigKeys (ConfUtils.java:logGet(43)) - raft.server.log.segment.size.max = 1048576 (custom)
2019-10-16 07:06:27,457 [pool-588-thread-1] INFO  server.RaftServerConfigKeys (ConfUtils.java:logGet(43)) - raft.server.log.statemachine.data.caching.enabled = true (custom)
2019-10-16 07:06:27,456 [pool-578-thread-1] INFO  server.RaftServerConfigKeys (ConfUtils.java:logGet(43)) - raft.server.log.queue.byte-limit = 2147483647 (custom)
2019-10-16 07:06:27,457 [pool-598-thread-1] INFO  server.RaftServerConfigKeys (ConfUtils.java:logGet(43)) - raft.server.log.preallocated.size = 16384 (custom)
2019-10-16 07:06:27,457 [pool-588-thread-1] INFO  segmented.SegmentedRaftLogWorker (SegmentedRaftLogWorker.java:lambda$new$0(128)) - 6d9295f6-65ef-4431-8043-df12a16d7afc@group-85AC724FAAF6-SegmentedRaftLogWorker: flushIndex: setUnconditionally 0 -> -1
2019-10-16 07:06:27,457 [pool-578-thread-1] INFO  server.RaftServerConfigKeys (ConfUtils.java:logGet(43)) - raft.server.log.queue.element-limit = 1024 (custom)
2019-10-16 07:06:27,457 [pool-598-thread-1] INFO  server.RaftServerConfigKeys (ConfUtils.java:logGet(43)) - raft.server.log.write.buffer.size = 33554432 (custom)
2019-10-16 07:06:27,457 [pool-588-thread-1] INFO  server.RaftServerConfigKeys (ConfUtils.java:logGet(43)) - raft.server.snapshot.auto.trigger.enabled = true (custom)
2019-10-16 07:06:27,457 [pool-578-thread-1] INFO  server.RaftServerConfigKeys (ConfUtils.java:logGet(43)) - raft.server.log.segment.size.max = 1048576 (custom)
2019-10-16 07:06:27,458 [pool-588-thread-1] INFO  server.RaftServerConfigKeys (ConfUtils.java:logGet(43)) - raft.server.snapshot.auto.trigger.threshold = 10000 (custom)
2019-10-16 07:06:27,458 [pool-598-thread-1] INFO  server.RaftServerConfigKeys (ConfUtils.java:logGet(43)) - raft.server.log.force.sync.num = 128 (default)
2019-10-16 07:06:27,458 [pool-588-thread-1] INFO  server.RaftServerConfigKeys (ConfUtils.java:logGet(43)) - raft.server.snapshot.retention.file.num = 5 (custom)
2019-10-16 07:06:27,458 [pool-578-thread-1] INFO  server.RaftServerConfigKeys (ConfUtils.java:logGet(43)) - raft.server.log.preallocated.size = 16384 (custom)
2019-10-16 07:06:27,458 [pool-588-thread-1] INFO  server.RaftServerConfigKeys (ConfUtils.java:logGet(43)) - raft.server.retrycache.expirytime = 600000ms (custom)
2019-10-16 07:06:27,458 [pool-598-thread-1] INFO  server.RaftServerConfigKeys (ConfUtils.java:logGet(43)) - raft.server.log.statemachine.data.sync = true (default)
2019-10-16 07:06:27,458 [pool-578-thread-1] INFO  server.RaftServerConfigKeys (ConfUtils.java:logGet(43)) - raft.server.log.write.buffer.size = 33554432 (custom)
2019-10-16 07:06:27,459 [pool-598-thread-1] INFO  server.RaftServerConfigKeys (ConfUtils.java:logGet(43)) - raft.server.log.statemachine.data.sync.timeout = 10s (default)
2019-10-16 07:06:27,459 [pool-578-thread-1] INFO  server.RaftServerConfigKeys (ConfUtils.java:logGet(43)) - raft.server.log.force.sync.num = 128 (default)
2019-10-16 07:06:27,459 [pool-598-thread-1] INFO  server.RaftServerConfigKeys (ConfUtils.java:logGet(43)) - raft.server.log.statemachine.data.sync.timeout.retry = -1 (default)
2019-10-16 07:06:27,459 [pool-578-thread-1] INFO  server.RaftServerConfigKeys (ConfUtils.java:logGet(43)) - raft.server.log.statemachine.data.sync = true (default)
2019-10-16 07:06:27,459 [pool-598-thread-1] INFO  server.RaftServerConfigKeys (ConfUtils.java:logGet(43)) - raft.server.log.statemachine.data.caching.enabled = true (custom)
2019-10-16 07:06:27,459 [pool-578-thread-1] INFO  server.RaftServerConfigKeys (ConfUtils.java:logGet(43)) - raft.server.log.statemachine.data.sync.timeout = 10s (default)
2019-10-16 07:06:27,459 [pool-578-thread-1] INFO  server.RaftServerConfigKeys (ConfUtils.java:logGet(43)) - raft.server.log.statemachine.data.sync.timeout.retry = -1 (default)
2019-10-16 07:06:27,459 [pool-598-thread-1] INFO  segmented.SegmentedRaftLogWorker (SegmentedRaftLogWorker.java:lambda$new$0(128)) - e95dbc8d-7ac3-4cb1-8346-3625e49ac32c@group-85AC724FAAF6-SegmentedRaftLogWorker: flushIndex: setUnconditionally 0 -> -1
2019-10-16 07:06:27,459 [pool-578-thread-1] INFO  server.RaftServerConfigKeys (ConfUtils.java:logGet(43)) - raft.server.log.statemachine.data.caching.enabled = true (custom)
2019-10-16 07:06:27,460 [pool-598-thread-1] INFO  server.RaftServerConfigKeys (ConfUtils.java:logGet(43)) - raft.server.snapshot.auto.trigger.enabled = true (custom)
2019-10-16 07:06:27,460 [pool-578-thread-1] INFO  segmented.SegmentedRaftLogWorker (SegmentedRaftLogWorker.java:lambda$new$0(128)) - 2e493d31-d4d8-4961-8762-7cf4c421b4ae@group-85AC724FAAF6-SegmentedRaftLogWorker: flushIndex: setUnconditionally 0 -> -1
2019-10-16 07:06:27,460 [pool-588-thread-1] INFO  impl.RaftServerImpl (RaftServerImpl.java:start(195)) - 6d9295f6-65ef-4431-8043-df12a16d7afc@group-85AC724FAAF6: start as a follower, conf=-1: [e95dbc8d-7ac3-4cb1-8346-3625e49ac32c:192.168.69.104:42471, 6d9295f6-65ef-4431-8043-df12a16d7afc:192.168.69.104:44109, 2e493d31-d4d8-4961-8762-7cf4c421b4ae:192.168.69.104:36241], old=null
2019-10-16 07:06:27,460 [pool-598-thread-1] INFO  server.RaftServerConfigKeys (ConfUtils.java:logGet(43)) - raft.server.snapshot.auto.trigger.threshold = 10000 (custom)
2019-10-16 07:06:27,460 [pool-578-thread-1] INFO  server.RaftServerConfigKeys (ConfUtils.java:logGet(43)) - raft.server.snapshot.auto.trigger.enabled = true (custom)
2019-10-16 07:06:27,460 [pool-588-thread-1] INFO  impl.RaftServerImpl (RaftServerImpl.java:setRole(184)) - 6d9295f6-65ef-4431-8043-df12a16d7afc@group-85AC724FAAF6: changes role from      null to FOLLOWER at term 0 for startAsFollower
2019-10-16 07:06:27,460 [pool-578-thread-1] INFO  server.RaftServerConfigKeys (ConfUtils.java:logGet(43)) - raft.server.snapshot.auto.trigger.threshold = 10000 (custom)
2019-10-16 07:06:27,460 [pool-598-thread-1] INFO  server.RaftServerConfigKeys (ConfUtils.java:logGet(43)) - raft.server.snapshot.retention.file.num = 5 (custom)
2019-10-16 07:06:27,461 [pool-578-thread-1] INFO  server.RaftServerConfigKeys (ConfUtils.java:logGet(43)) - raft.server.snapshot.retention.file.num = 5 (custom)
2019-10-16 07:06:27,460 [pool-588-thread-1] INFO  impl.RoleInfo (RoleInfo.java:updateAndGet(143)) - 6d9295f6-65ef-4431-8043-df12a16d7afc: start FollowerState
2019-10-16 07:06:27,461 [pool-578-thread-1] INFO  server.RaftServerConfigKeys (ConfUtils.java:logGet(43)) - raft.server.retrycache.expirytime = 600000ms (custom)
2019-10-16 07:06:27,461 [pool-598-thread-1] INFO  server.RaftServerConfigKeys (ConfUtils.java:logGet(43)) - raft.server.retrycache.expirytime = 600000ms (custom)
2019-10-16 07:06:27,461 [pool-588-thread-1] INFO  util.JmxRegister (JmxRegister.java:tryRegister(44)) - Successfully registered JMX Bean with object name Ratis:service=RaftServer,group=group-85AC724FAAF6,id=6d9295f6-65ef-4431-8043-df12a16d7afc
2019-10-16 07:06:27,464 [pool-578-thread-1] INFO  impl.RaftServerImpl (RaftServerImpl.java:start(195)) - 2e493d31-d4d8-4961-8762-7cf4c421b4ae@group-85AC724FAAF6: start as a follower, conf=-1: [e95dbc8d-7ac3-4cb1-8346-3625e49ac32c:192.168.69.104:42471, 6d9295f6-65ef-4431-8043-df12a16d7afc:192.168.69.104:44109, 2e493d31-d4d8-4961-8762-7cf4c421b4ae:192.168.69.104:36241], old=null
2019-10-16 07:06:27,464 [pool-578-thread-1] INFO  impl.RaftServerImpl (RaftServerImpl.java:setRole(184)) - 2e493d31-d4d8-4961-8762-7cf4c421b4ae@group-85AC724FAAF6: changes role from      null to FOLLOWER at term 0 for startAsFollower
2019-10-16 07:06:27,464 [pool-578-thread-1] INFO  impl.RoleInfo (RoleInfo.java:updateAndGet(143)) - 2e493d31-d4d8-4961-8762-7cf4c421b4ae: start FollowerState
2019-10-16 07:06:27,465 [pool-578-thread-1] INFO  util.JmxRegister (JmxRegister.java:tryRegister(44)) - Successfully registered JMX Bean with object name Ratis:service=RaftServer,group=group-85AC724FAAF6,id=2e493d31-d4d8-4961-8762-7cf4c421b4ae
2019-10-16 07:06:27,465 [pool-598-thread-1] INFO  impl.RaftServerImpl (RaftServerImpl.java:start(195)) - e95dbc8d-7ac3-4cb1-8346-3625e49ac32c@group-85AC724FAAF6: start as a follower, conf=-1: [e95dbc8d-7ac3-4cb1-8346-3625e49ac32c:192.168.69.104:42471, 6d9295f6-65ef-4431-8043-df12a16d7afc:192.168.69.104:44109, 2e493d31-d4d8-4961-8762-7cf4c421b4ae:192.168.69.104:36241], old=null
2019-10-16 07:06:27,465 [pool-598-thread-1] INFO  impl.RaftServerImpl (RaftServerImpl.java:setRole(184)) - e95dbc8d-7ac3-4cb1-8346-3625e49ac32c@group-85AC724FAAF6: changes role from      null to FOLLOWER at term 0 for startAsFollower
2019-10-16 07:06:27,465 [pool-598-thread-1] INFO  impl.RoleInfo (RoleInfo.java:updateAndGet(143)) - e95dbc8d-7ac3-4cb1-8346-3625e49ac32c: start FollowerState
2019-10-16 07:06:27,466 [pool-598-thread-1] INFO  util.JmxRegister (JmxRegister.java:tryRegister(44)) - Successfully registered JMX Bean with object name Ratis:service=RaftServer,group=group-85AC724FAAF6,id=e95dbc8d-7ac3-4cb1-8346-3625e49ac32c
2019-10-16 07:06:27,471 [Thread-4180] INFO  impl.FollowerState (FollowerState.java:run(108)) - 6d9295f6-65ef-4431-8043-df12a16d7afc@group-85AC724FAAF6-FollowerState: change to CANDIDATE, lastRpcTime:10ms, electionTimeout:9ms
2019-10-16 07:06:27,471 [Thread-4180] INFO  impl.RoleInfo (RoleInfo.java:shutdownFollowerState(121)) - 6d9295f6-65ef-4431-8043-df12a16d7afc: shutdown FollowerState
2019-10-16 07:06:27,471 [Thread-4180] INFO  impl.RaftServerImpl (RaftServerImpl.java:setRole(184)) - 6d9295f6-65ef-4431-8043-df12a16d7afc@group-85AC724FAAF6: changes role from  FOLLOWER to CANDIDATE at term 0 for changeToCandidate
2019-10-16 07:06:27,471 [Thread-4180] INFO  impl.RoleInfo (RoleInfo.java:updateAndGet(143)) - 6d9295f6-65ef-4431-8043-df12a16d7afc: start LeaderElection
2019-10-16 07:06:27,477 [Thread-4183] INFO  impl.FollowerState (FollowerState.java:run(108)) - 2e493d31-d4d8-4961-8762-7cf4c421b4ae@group-85AC724FAAF6-FollowerState: change to CANDIDATE, lastRpcTime:12ms, electionTimeout:12ms
2019-10-16 07:06:27,477 [Thread-4183] INFO  impl.RoleInfo (RoleInfo.java:shutdownFollowerState(121)) - 2e493d31-d4d8-4961-8762-7cf4c421b4ae: shutdown FollowerState
2019-10-16 07:06:27,477 [Thread-4183] INFO  impl.RaftServerImpl (RaftServerImpl.java:setRole(184)) - 2e493d31-d4d8-4961-8762-7cf4c421b4ae@group-85AC724FAAF6: changes role from  FOLLOWER to CANDIDATE at term 0 for changeToCandidate
2019-10-16 07:06:27,477 [Thread-4183] INFO  impl.RoleInfo (RoleInfo.java:updateAndGet(143)) - 2e493d31-d4d8-4961-8762-7cf4c421b4ae: start LeaderElection
2019-10-16 07:06:27,481 [RatisPipelineUtilsThread] INFO  pipeline.PipelineStateManager (PipelineStateManager.java:addPipeline(56)) - Created pipeline Pipeline[ Id: e352fb23-ce5d-468b-938d-85ac724faaf6, Nodes: e95dbc8d-7ac3-4cb1-8346-3625e49ac32c{ip: 192.168.69.104, host: pr-hdds-2312-q6qzp-1535798719, networkLocation: /default-rack, certSerialId: null}2e493d31-d4d8-4961-8762-7cf4c421b4ae{ip: 192.168.69.104, host: pr-hdds-2312-q6qzp-1535798719, networkLocation: /default-rack, certSerialId: null}6d9295f6-65ef-4431-8043-df12a16d7afc{ip: 192.168.69.104, host: pr-hdds-2312-q6qzp-1535798719, networkLocation: /default-rack, certSerialId: null}, Type:RATIS, Factor:THREE, State:OPEN]
2019-10-16 07:06:27,498 [Thread-4172] INFO  impl.FollowerState (FollowerState.java:run(108)) - 6d9295f6-65ef-4431-8043-df12a16d7afc@group-C92B60746087-FollowerState: change to CANDIDATE, lastRpcTime:200ms, electionTimeout:200ms
2019-10-16 07:06:27,498 [Thread-4172] INFO  impl.RoleInfo (RoleInfo.java:shutdownFollowerState(121)) - 6d9295f6-65ef-4431-8043-df12a16d7afc: shutdown FollowerState
2019-10-16 07:06:27,498 [Thread-4172] INFO  impl.RaftServerImpl (RaftServerImpl.java:setRole(184)) - 6d9295f6-65ef-4431-8043-df12a16d7afc@group-C92B60746087: changes role from  FOLLOWER to CANDIDATE at term 0 for changeToCandidate
2019-10-16 07:06:27,498 [Thread-4172] INFO  impl.RoleInfo (RoleInfo.java:updateAndGet(143)) - 6d9295f6-65ef-4431-8043-df12a16d7afc: start LeaderElection
2019-10-16 07:06:27,502 [2e493d31-d4d8-4961-8762-7cf4c421b4ae@group-85AC724FAAF6-LeaderElection317] INFO  impl.LeaderElection (LeaderElection.java:askForVotes(178)) - 2e493d31-d4d8-4961-8762-7cf4c421b4ae@group-85AC724FAAF6-LeaderElection317: begin an election at term 1 for -1: [e95dbc8d-7ac3-4cb1-8346-3625e49ac32c:192.168.69.104:42471, 6d9295f6-65ef-4431-8043-df12a16d7afc:192.168.69.104:44109, 2e493d31-d4d8-4961-8762-7cf4c421b4ae:192.168.69.104:36241], old=null
2019-10-16 07:06:27,502 [6d9295f6-65ef-4431-8043-df12a16d7afc@group-85AC724FAAF6-LeaderElection316] INFO  impl.LeaderElection (LeaderElection.java:askForVotes(178)) - 6d9295f6-65ef-4431-8043-df12a16d7afc@group-85AC724FAAF6-LeaderElection316: begin an election at term 1 for -1: [e95dbc8d-7ac3-4cb1-8346-3625e49ac32c:192.168.69.104:42471, 6d9295f6-65ef-4431-8043-df12a16d7afc:192.168.69.104:44109, 2e493d31-d4d8-4961-8762-7cf4c421b4ae:192.168.69.104:36241], old=null
2019-10-16 07:06:27,515 [grpc-default-executor-1] INFO  impl.RaftServerImpl (RaftServerImpl.java:setRole(184)) - e95dbc8d-7ac3-4cb1-8346-3625e49ac32c@group-85AC724FAAF6: changes role from  FOLLOWER to FOLLOWER at term 1 for recognizeCandidate:6d9295f6-65ef-4431-8043-df12a16d7afc
2019-10-16 07:06:27,515 [grpc-default-executor-1] INFO  impl.RoleInfo (RoleInfo.java:shutdownFollowerState(121)) - e95dbc8d-7ac3-4cb1-8346-3625e49ac32c: shutdown FollowerState
2019-10-16 07:06:27,515 [grpc-default-executor-1] INFO  impl.RoleInfo (RoleInfo.java:updateAndGet(143)) - e95dbc8d-7ac3-4cb1-8346-3625e49ac32c: start FollowerState
2019-10-16 07:06:27,515 [Thread-4184] INFO  impl.FollowerState (FollowerState.java:run(117)) - e95dbc8d-7ac3-4cb1-8346-3625e49ac32c@group-85AC724FAAF6-FollowerState was interrupted: java.lang.InterruptedException: sleep interrupted
2019-10-16 07:06:27,526 [6d9295f6-65ef-4431-8043-df12a16d7afc@group-C92B60746087-LeaderElection318] INFO  impl.LeaderElection (LeaderElection.java:askForVotes(178)) - 6d9295f6-65ef-4431-8043-df12a16d7afc@group-C92B60746087-LeaderElection318: begin an election at term 1 for -1: [6d9295f6-65ef-4431-8043-df12a16d7afc:192.168.69.104:44109], old=null
2019-10-16 07:06:27,527 [6d9295f6-65ef-4431-8043-df12a16d7afc@group-C92B60746087-LeaderElection318] INFO  impl.RoleInfo (RoleInfo.java:shutdownLeaderElection(134)) - 6d9295f6-65ef-4431-8043-df12a16d7afc: shutdown LeaderElection
2019-10-16 07:06:27,527 [6d9295f6-65ef-4431-8043-df12a16d7afc@group-C92B60746087-LeaderElection318] INFO  impl.RaftServerImpl (RaftServerImpl.java:setRole(184)) - 6d9295f6-65ef-4431-8043-df12a16d7afc@group-C92B60746087: changes role from CANDIDATE to LEADER at term 1 for changeToLeader
2019-10-16 07:06:27,527 [6d9295f6-65ef-4431-8043-df12a16d7afc@group-C92B60746087-LeaderElection318] INFO  impl.RaftServerImpl (ServerState.java:setLeader(256)) - 6d9295f6-65ef-4431-8043-df12a16d7afc@group-C92B60746087: change Leader from null to 6d9295f6-65ef-4431-8043-df12a16d7afc at term 1 for becomeLeader, leader elected after 237ms
2019-10-16 07:06:27,527 [6d9295f6-65ef-4431-8043-df12a16d7afc@group-C92B60746087-LeaderElection318] INFO  server.RaftServerConfigKeys (ConfUtils.java:logGet(43)) - raft.server.staging.catchup.gap = 1000 (default)
2019-10-16 07:06:27,527 [6d9295f6-65ef-4431-8043-df12a16d7afc@group-C92B60746087-LeaderElection318] INFO  server.RaftServerConfigKeys (ConfUtils.java:logGet(43)) - raft.server.rpc.sleep.time = 25ms (default)
2019-10-16 07:06:27,527 [6d9295f6-65ef-4431-8043-df12a16d7afc@group-C92B60746087-LeaderElection318] INFO  server.RaftServerConfigKeys (ConfUtils.java:logGet(43)) - raft.server.write.element-limit = 4096 (default)
2019-10-16 07:06:27,527 [6d9295f6-65ef-4431-8043-df12a16d7afc@group-C92B60746087-LeaderElection318] INFO  server.RaftServerConfigKeys (ConfUtils.java:logGet(43)) - raft.server.watch.timeout = 10s (default)
2019-10-16 07:06:27,527 [6d9295f6-65ef-4431-8043-df12a16d7afc@group-C92B60746087-LeaderElection318] INFO  server.RaftServerConfigKeys (ConfUtils.java:logGet(43)) - raft.server.watch.timeout.denomination = 1s (default)
2019-10-16 07:06:27,528 [6d9295f6-65ef-4431-8043-df12a16d7afc@group-C92B60746087-LeaderElection318] INFO  server.RaftServerConfigKeys (ConfUtils.java:logGet(43)) - raft.server.watch.element-limit = 65536 (default)
2019-10-16 07:06:27,530 [6d9295f6-65ef-4431-8043-df12a16d7afc@group-C92B60746087-LeaderElection318] INFO  impl.RoleInfo (RoleInfo.java:updateAndGet(143)) - 6d9295f6-65ef-4431-8043-df12a16d7afc: start LeaderState
2019-10-16 07:06:27,531 [6d9295f6-65ef-4431-8043-df12a16d7afc@group-C92B60746087-LeaderElection318] INFO  segmented.SegmentedRaftLogWorker (SegmentedRaftLogWorker.java:startLogSegment(385)) - 6d9295f6-65ef-4431-8043-df12a16d7afc@group-C92B60746087-SegmentedRaftLogWorker: Starting segment from index:0
2019-10-16 07:06:27,534 [2e493d31-d4d8-4961-8762-7cf4c421b4ae@group-85AC724FAAF6-LeaderElection317] INFO  impl.LeaderElection (LeaderElection.java:logAndReturn(56)) - 2e493d31-d4d8-4961-8762-7cf4c421b4ae@group-85AC724FAAF6-LeaderElection317: Election REJECTED; received 2 response(s) [2e493d31-d4d8-4961-8762-7cf4c421b4ae<-6d9295f6-65ef-4431-8043-df12a16d7afc#0:FAIL-t1, 2e493d31-d4d8-4961-8762-7cf4c421b4ae<-e95dbc8d-7ac3-4cb1-8346-3625e49ac32c#0:FAIL-t1] and 0 exception(s); 2e493d31-d4d8-4961-8762-7cf4c421b4ae@group-85AC724FAAF6:t1, leader=null, voted=2e493d31-d4d8-4961-8762-7cf4c421b4ae, raftlog=2e493d31-d4d8-4961-8762-7cf4c421b4ae@group-85AC724FAAF6-SegmentedRaftLog:OPENED:c-1,f-1,i0, conf=-1: [e95dbc8d-7ac3-4cb1-8346-3625e49ac32c:192.168.69.104:42471, 6d9295f6-65ef-4431-8043-df12a16d7afc:192.168.69.104:44109, 2e493d31-d4d8-4961-8762-7cf4c421b4ae:192.168.69.104:36241], old=null
2019-10-16 07:06:27,534 [6d9295f6-65ef-4431-8043-df12a16d7afc@group-C92B60746087-LeaderElection318] INFO  impl.RaftServerImpl (ServerState.java:setRaftConf(357)) - 6d9295f6-65ef-4431-8043-df12a16d7afc@group-C92B60746087: set configuration 0: [6d9295f6-65ef-4431-8043-df12a16d7afc:192.168.69.104:44109], old=null at 0
2019-10-16 07:06:27,534 [2e493d31-d4d8-4961-8762-7cf4c421b4ae@group-85AC724FAAF6-LeaderElection317] INFO  impl.RaftServerImpl (RaftServerImpl.java:setRole(184)) - 2e493d31-d4d8-4961-8762-7cf4c421b4ae@group-85AC724FAAF6: changes role from CANDIDATE to FOLLOWER at term 1 for DISCOVERED_A_NEW_TERM
2019-10-16 07:06:27,534 [6d9295f6-65ef-4431-8043-df12a16d7afc@group-85AC724FAAF6-LeaderElection316] INFO  impl.LeaderElection (LeaderElection.java:logAndReturn(56)) - 6d9295f6-65ef-4431-8043-df12a16d7afc@group-85AC724FAAF6-LeaderElection316: Election PASSED; received 2 response(s) [6d9295f6-65ef-4431-8043-df12a16d7afc<-e95dbc8d-7ac3-4cb1-8346-3625e49ac32c#0:OK-t1, 6d9295f6-65ef-4431-8043-df12a16d7afc<-2e493d31-d4d8-4961-8762-7cf4c421b4ae#0:FAIL-t1] and 0 exception(s); 6d9295f6-65ef-4431-8043-df12a16d7afc@group-85AC724FAAF6:t1, leader=null, voted=6d9295f6-65ef-4431-8043-df12a16d7afc, raftlog=6d9295f6-65ef-4431-8043-df12a16d7afc@group-85AC724FAAF6-SegmentedRaftLog:OPENED:c-1,f-1,i0, conf=-1: [e95dbc8d-7ac3-4cb1-8346-3625e49ac32c:192.168.69.104:42471, 6d9295f6-65ef-4431-8043-df12a16d7afc:192.168.69.104:44109, 2e493d31-d4d8-4961-8762-7cf4c421b4ae:192.168.69.104:36241], old=null
2019-10-16 07:06:27,534 [2e493d31-d4d8-4961-8762-7cf4c421b4ae@group-85AC724FAAF6-LeaderElection317] INFO  impl.RoleInfo (RoleInfo.java:shutdownLeaderElection(134)) - 2e493d31-d4d8-4961-8762-7cf4c421b4ae: shutdown LeaderElection
2019-10-16 07:06:27,535 [6d9295f6-65ef-4431-8043-df12a16d7afc@group-85AC724FAAF6-LeaderElection316] INFO  impl.RoleInfo (RoleInfo.java:shutdownLeaderElection(134)) - 6d9295f6-65ef-4431-8043-df12a16d7afc: shutdown LeaderElection
2019-10-16 07:06:27,535 [2e493d31-d4d8-4961-8762-7cf4c421b4ae@group-85AC724FAAF6-LeaderElection317] INFO  impl.RoleInfo (RoleInfo.java:updateAndGet(143)) - 2e493d31-d4d8-4961-8762-7cf4c421b4ae: start FollowerState
2019-10-16 07:06:27,535 [6d9295f6-65ef-4431-8043-df12a16d7afc@group-85AC724FAAF6-LeaderElection316] INFO  impl.RaftServerImpl (RaftServerImpl.java:setRole(184)) - 6d9295f6-65ef-4431-8043-df12a16d7afc@group-85AC724FAAF6: changes role from CANDIDATE to LEADER at term 1 for changeToLeader
2019-10-16 07:06:27,535 [6d9295f6-65ef-4431-8043-df12a16d7afc@group-85AC724FAAF6-LeaderElection316] INFO  impl.RaftServerImpl (ServerState.java:setLeader(256)) - 6d9295f6-65ef-4431-8043-df12a16d7afc@group-85AC724FAAF6: change Leader from null to 6d9295f6-65ef-4431-8043-df12a16d7afc at term 1 for becomeLeader, leader elected after 82ms
2019-10-16 07:06:27,535 [6d9295f6-65ef-4431-8043-df12a16d7afc@group-85AC724FAAF6-LeaderElection316] INFO  server.RaftServerConfigKeys (ConfUtils.java:logGet(43)) - raft.server.staging.catchup.gap = 1000 (default)
2019-10-16 07:06:27,535 [6d9295f6-65ef-4431-8043-df12a16d7afc@group-85AC724FAAF6-LeaderElection316] INFO  server.RaftServerConfigKeys (ConfUtils.java:logGet(43)) - raft.server.rpc.sleep.time = 25ms (default)
2019-10-16 07:06:27,536 [6d9295f6-65ef-4431-8043-df12a16d7afc@group-85AC724FAAF6-LeaderElection316] INFO  server.RaftServerConfigKeys (ConfUtils.java:logGet(43)) - raft.server.write.element-limit = 4096 (default)
2019-10-16 07:06:27,536 [6d9295f6-65ef-4431-8043-df12a16d7afc@group-85AC724FAAF6-LeaderElection316] INFO  server.RaftServerConfigKeys (ConfUtils.java:logGet(43)) - raft.server.watch.timeout = 10s (default)
2019-10-16 07:06:27,536 [6d9295f6-65ef-4431-8043-df12a16d7afc@group-85AC724FAAF6-LeaderElection316] INFO  server.RaftServerConfigKeys (ConfUtils.java:logGet(43)) - raft.server.watch.timeout.denomination = 1s (default)
2019-10-16 07:06:27,536 [6d9295f6-65ef-4431-8043-df12a16d7afc@group-85AC724FAAF6-LeaderElection316] INFO  server.RaftServerConfigKeys (ConfUtils.java:logGet(43)) - raft.server.watch.element-limit = 65536 (default)
2019-10-16 07:06:27,538 [6d9295f6-65ef-4431-8043-df12a16d7afc@group-85AC724FAAF6-LeaderElection316] INFO  server.RaftServerConfigKeys (ConfUtils.java:logGet(43)) - raft.server.log.appender.snapshot.chunk.size.max = 16MB (=16777216) (default)
2019-10-16 07:06:27,538 [6d9295f6-65ef-4431-8043-df12a16d7afc@group-85AC724FAAF6-LeaderElection316] INFO  server.RaftServerConfigKeys (ConfUtils.java:logGet(43)) - raft.server.log.appender.buffer.byte-limit = 33554432 (custom)
2019-10-16 07:06:27,538 [6d9295f6-65ef-4431-8043-df12a16d7afc@group-85AC724FAAF6-LeaderElection316] INFO  server.RaftServerConfigKeys (ConfUtils.java:logGet(43)) - raft.server.log.appender.buffer.element-limit = 1 (custom)
2019-10-16 07:06:27,539 [6d9295f6-65ef-4431-8043-df12a16d7afc@group-85AC724FAAF6-LeaderElection316] INFO  grpc.GrpcConfigKeys$Server (ConfUtils.java:logGet(43)) - raft.grpc.server.leader.outstanding.appends.max = 128 (default)
2019-10-16 07:06:27,539 [6d9295f6-65ef-4431-8043-df12a16d7afc@group-85AC724FAAF6-LeaderElection316] INFO  server.RaftServerConfigKeys (ConfUtils.java:logGet(43)) - raft.server.rpc.request.timeout = 3000ms (default)
2019-10-16 07:06:27,539 [6d9295f6-65ef-4431-8043-df12a16d7afc@group-85AC724FAAF6-LeaderElection316] INFO  server.RaftServerConfigKeys (ConfUtils.java:logGet(43)) - raft.server.log.appender.install.snapshot.enabled = false (custom)
2019-10-16 07:06:27,540 [6d9295f6-65ef-4431-8043-df12a16d7afc@group-85AC724FAAF6-LeaderElection316] INFO  server.RaftServerConfigKeys (ConfUtils.java:logGet(43)) - raft.server.log.appender.snapshot.chunk.size.max = 16MB (=16777216) (default)
2019-10-16 07:06:27,540 [6d9295f6-65ef-4431-8043-df12a16d7afc@group-85AC724FAAF6-LeaderElection316] INFO  server.RaftServerConfigKeys (ConfUtils.java:logGet(43)) - raft.server.log.appender.buffer.byte-limit = 33554432 (custom)
2019-10-16 07:06:27,541 [6d9295f6-65ef-4431-8043-df12a16d7afc@group-85AC724FAAF6-LeaderElection316] INFO  server.RaftServerConfigKeys (ConfUtils.java:logGet(43)) - raft.server.log.appender.buffer.element-limit = 1 (custom)
2019-10-16 07:06:27,541 [6d9295f6-65ef-4431-8043-df12a16d7afc@group-85AC724FAAF6-LeaderElection316] INFO  grpc.GrpcConfigKeys$Server (ConfUtils.java:logGet(43)) - raft.grpc.server.leader.outstanding.appends.max = 128 (default)
2019-10-16 07:06:27,541 [6d9295f6-65ef-4431-8043-df12a16d7afc@group-85AC724FAAF6-LeaderElection316] INFO  server.RaftServerConfigKeys (ConfUtils.java:logGet(43)) - raft.server.rpc.request.timeout = 3000ms (default)
2019-10-16 07:06:27,541 [6d9295f6-65ef-4431-8043-df12a16d7afc@group-85AC724FAAF6-LeaderElection316] INFO  server.RaftServerConfigKeys (ConfUtils.java:logGet(43)) - raft.server.log.appender.install.snapshot.enabled = false (custom)
2019-10-16 07:06:27,542 [6d9295f6-65ef-4431-8043-df12a16d7afc@group-85AC724FAAF6-LeaderElection316] INFO  impl.RoleInfo (RoleInfo.java:updateAndGet(143)) - 6d9295f6-65ef-4431-8043-df12a16d7afc: start LeaderState
2019-10-16 07:06:27,543 [6d9295f6-65ef-4431-8043-df12a16d7afc@group-85AC724FAAF6-LeaderElection316] INFO  segmented.SegmentedRaftLogWorker (SegmentedRaftLogWorker.java:startLogSegment(385)) - 6d9295f6-65ef-4431-8043-df12a16d7afc@group-85AC724FAAF6-SegmentedRaftLogWorker: Starting segment from index:0
2019-10-16 07:06:27,543 [6d9295f6-65ef-4431-8043-df12a16d7afc@group-85AC724FAAF6-LeaderElection316] INFO  impl.RaftServerImpl (ServerState.java:setRaftConf(357)) - 6d9295f6-65ef-4431-8043-df12a16d7afc@group-85AC724FAAF6: set configuration 0: [e95dbc8d-7ac3-4cb1-8346-3625e49ac32c:192.168.69.104:42471, 6d9295f6-65ef-4431-8043-df12a16d7afc:192.168.69.104:44109, 2e493d31-d4d8-4961-8762-7cf4c421b4ae:192.168.69.104:36241], old=null at 0
2019-10-16 07:06:27,544 [Thread-4177] INFO  impl.FollowerState (FollowerState.java:run(108)) - e95dbc8d-7ac3-4cb1-8346-3625e49ac32c@group-273425B4580E-FollowerState: change to CANDIDATE, lastRpcTime:158ms, electionTimeout:158ms
2019-10-16 07:06:27,544 [Thread-4177] INFO  impl.RoleInfo (RoleInfo.java:shutdownFollowerState(121)) - e95dbc8d-7ac3-4cb1-8346-3625e49ac32c: shutdown FollowerState
2019-10-16 07:06:27,545 [Thread-4177] INFO  impl.RaftServerImpl (RaftServerImpl.java:setRole(184)) - e95dbc8d-7ac3-4cb1-8346-3625e49ac32c@group-273425B4580E: changes role from  FOLLOWER to CANDIDATE at term 0 for changeToCandidate
2019-10-16 07:06:27,545 [Thread-4177] INFO  impl.RoleInfo (RoleInfo.java:updateAndGet(143)) - e95dbc8d-7ac3-4cb1-8346-3625e49ac32c: start LeaderElection
2019-10-16 07:06:27,580 [grpc-default-executor-1] INFO  impl.RaftServerImpl (ServerState.java:setLeader(256)) - 2e493d31-d4d8-4961-8762-7cf4c421b4ae@group-85AC724FAAF6: change Leader from null to 6d9295f6-65ef-4431-8043-df12a16d7afc at term 1 for appendEntries, leader elected after 127ms
2019-10-16 07:06:27,580 [grpc-default-executor-0] INFO  impl.RaftServerImpl (ServerState.java:setLeader(256)) - e95dbc8d-7ac3-4cb1-8346-3625e49ac32c@group-85AC724FAAF6: change Leader from null to 6d9295f6-65ef-4431-8043-df12a16d7afc at term 1 for appendEntries, leader elected after 127ms
2019-10-16 07:06:27,583 [grpc-default-executor-1] INFO  impl.RaftServerImpl (ServerState.java:setRaftConf(357)) - 2e493d31-d4d8-4961-8762-7cf4c421b4ae@group-85AC724FAAF6: set configuration 0: [e95dbc8d-7ac3-4cb1-8346-3625e49ac32c:192.168.69.104:42471, 6d9295f6-65ef-4431-8043-df12a16d7afc:192.168.69.104:44109, 2e493d31-d4d8-4961-8762-7cf4c421b4ae:192.168.69.104:36241], old=null at 0
2019-10-16 07:06:27,583 [grpc-default-executor-0] INFO  impl.RaftServerImpl (ServerState.java:setRaftConf(357)) - e95dbc8d-7ac3-4cb1-8346-3625e49ac32c@group-85AC724FAAF6: set configuration 0: [e95dbc8d-7ac3-4cb1-8346-3625e49ac32c:192.168.69.104:42471, 6d9295f6-65ef-4431-8043-df12a16d7afc:192.168.69.104:44109, 2e493d31-d4d8-4961-8762-7cf4c421b4ae:192.168.69.104:36241], old=null at 0
2019-10-16 07:06:27,583 [grpc-default-executor-1] INFO  segmented.SegmentedRaftLogWorker (SegmentedRaftLogWorker.java:startLogSegment(385)) - 2e493d31-d4d8-4961-8762-7cf4c421b4ae@group-85AC724FAAF6-SegmentedRaftLogWorker: Starting segment from index:0
2019-10-16 07:06:27,583 [grpc-default-executor-0] INFO  segmented.SegmentedRaftLogWorker (SegmentedRaftLogWorker.java:startLogSegment(385)) - e95dbc8d-7ac3-4cb1-8346-3625e49ac32c@group-85AC724FAAF6-SegmentedRaftLogWorker: Starting segment from index:0
2019-10-16 07:06:27,593 [6d9295f6-65ef-4431-8043-df12a16d7afc@group-C92B60746087-SegmentedRaftLogWorker] INFO  segmented.SegmentedRaftLogWorker (SegmentedRaftLogWorker.java:execute(576)) - 6d9295f6-65ef-4431-8043-df12a16d7afc@group-C92B60746087-SegmentedRaftLogWorker: created new log segment /workdir/hadoop-ozone/ozonefs/target/test-dir/MiniOzoneClusterImpl-aa1b42a7-2a53-4ea8-8c69-54e91c4860b6/datanode-1/data/ratis/8763fa8d-8489-4fe8-bc26-c92b60746087/current/log_inprogress_0
2019-10-16 07:06:27,593 [e95dbc8d-7ac3-4cb1-8346-3625e49ac32c@group-273425B4580E-LeaderElection319] INFO  impl.LeaderElection (LeaderElection.java:askForVotes(178)) - e95dbc8d-7ac3-4cb1-8346-3625e49ac32c@group-273425B4580E-LeaderElection319: begin an election at term 1 for -1: [e95dbc8d-7ac3-4cb1-8346-3625e49ac32c:192.168.69.104:42471], old=null
2019-10-16 07:06:27,593 [6d9295f6-65ef-4431-8043-df12a16d7afc@group-85AC724FAAF6-SegmentedRaftLogWorker] INFO  segmented.SegmentedRaftLogWorker (SegmentedRaftLogWorker.java:execute(576)) - 6d9295f6-65ef-4431-8043-df12a16d7afc@group-85AC724FAAF6-SegmentedRaftLogWorker: created new log segment /workdir/hadoop-ozone/ozonefs/target/test-dir/MiniOzoneClusterImpl-aa1b42a7-2a53-4ea8-8c69-54e91c4860b6/datanode-1/data/ratis/e352fb23-ce5d-468b-938d-85ac724faaf6/current/log_inprogress_0
2019-10-16 07:06:27,593 [e95dbc8d-7ac3-4cb1-8346-3625e49ac32c@group-273425B4580E-LeaderElection319] INFO  impl.RoleInfo (RoleInfo.java:shutdownLeaderElection(134)) - e95dbc8d-7ac3-4cb1-8346-3625e49ac32c: shutdown LeaderElection
2019-10-16 07:06:27,593 [e95dbc8d-7ac3-4cb1-8346-3625e49ac32c@group-273425B4580E-LeaderElection319] INFO  impl.RaftServerImpl (RaftServerImpl.java:setRole(184)) - e95dbc8d-7ac3-4cb1-8346-3625e49ac32c@group-273425B4580E: changes role from CANDIDATE to LEADER at term 1 for changeToLeader
2019-10-16 07:06:27,593 [e95dbc8d-7ac3-4cb1-8346-3625e49ac32c@group-273425B4580E-LeaderElection319] INFO  impl.RaftServerImpl (ServerState.java:setLeader(256)) - e95dbc8d-7ac3-4cb1-8346-3625e49ac32c@group-273425B4580E: change Leader from null to e95dbc8d-7ac3-4cb1-8346-3625e49ac32c at term 1 for becomeLeader, leader elected after 213ms
2019-10-16 07:06:27,593 [e95dbc8d-7ac3-4cb1-8346-3625e49ac32c@group-273425B4580E-LeaderElection319] INFO  server.RaftServerConfigKeys (ConfUtils.java:logGet(43)) - raft.server.staging.catchup.gap = 1000 (default)
2019-10-16 07:06:27,593 [e95dbc8d-7ac3-4cb1-8346-3625e49ac32c@group-273425B4580E-LeaderElection319] INFO  server.RaftServerConfigKeys (ConfUtils.java:logGet(43)) - raft.server.rpc.sleep.time = 25ms (default)
2019-10-16 07:06:27,594 [e95dbc8d-7ac3-4cb1-8346-3625e49ac32c@group-273425B4580E-LeaderElection319] INFO  server.RaftServerConfigKeys (ConfUtils.java:logGet(43)) - raft.server.write.element-limit = 4096 (default)
2019-10-16 07:06:27,594 [e95dbc8d-7ac3-4cb1-8346-3625e49ac32c@group-273425B4580E-LeaderElection319] INFO  server.RaftServerConfigKeys (ConfUtils.java:logGet(43)) - raft.server.watch.timeout = 10s (default)
2019-10-16 07:06:27,594 [e95dbc8d-7ac3-4cb1-8346-3625e49ac32c@group-273425B4580E-LeaderElection319] INFO  server.RaftServerConfigKeys (ConfUtils.java:logGet(43)) - raft.server.watch.timeout.denomination = 1s (default)
2019-10-16 07:06:27,594 [e95dbc8d-7ac3-4cb1-8346-3625e49ac32c@group-273425B4580E-LeaderElection319] INFO  server.RaftServerConfigKeys (ConfUtils.java:logGet(43)) - raft.server.watch.element-limit = 65536 (default)
2019-10-16 07:06:27,595 [e95dbc8d-7ac3-4cb1-8346-3625e49ac32c@group-273425B4580E-LeaderElection319] INFO  impl.RoleInfo (RoleInfo.java:updateAndGet(143)) - e95dbc8d-7ac3-4cb1-8346-3625e49ac32c: start LeaderState
2019-10-16 07:06:27,595 [e95dbc8d-7ac3-4cb1-8346-3625e49ac32c@group-273425B4580E-LeaderElection319] INFO  segmented.SegmentedRaftLogWorker (SegmentedRaftLogWorker.java:startLogSegment(385)) - e95dbc8d-7ac3-4cb1-8346-3625e49ac32c@group-273425B4580E-SegmentedRaftLogWorker: Starting segment from index:0
2019-10-16 07:06:27,596 [e95dbc8d-7ac3-4cb1-8346-3625e49ac32c@group-273425B4580E-LeaderElection319] INFO  impl.RaftServerImpl (ServerState.java:setRaftConf(357)) - e95dbc8d-7ac3-4cb1-8346-3625e49ac32c@group-273425B4580E: set configuration 0: [e95dbc8d-7ac3-4cb1-8346-3625e49ac32c:192.168.69.104:42471], old=null at 0
2019-10-16 07:06:27,621 [2e493d31-d4d8-4961-8762-7cf4c421b4ae@group-85AC724FAAF6-SegmentedRaftLogWorker] INFO  segmented.SegmentedRaftLogWorker (SegmentedRaftLogWorker.java:execute(576)) - 2e493d31-d4d8-4961-8762-7cf4c421b4ae@group-85AC724FAAF6-SegmentedRaftLogWorker: created new log segment /workdir/hadoop-ozone/ozonefs/target/test-dir/MiniOzoneClusterImpl-aa1b42a7-2a53-4ea8-8c69-54e91c4860b6/datanode-0/data/ratis/e352fb23-ce5d-468b-938d-85ac724faaf6/current/log_inprogress_0
2019-10-16 07:06:27,623 [e95dbc8d-7ac3-4cb1-8346-3625e49ac32c@group-85AC724FAAF6-SegmentedRaftLogWorker] INFO  segmented.SegmentedRaftLogWorker (SegmentedRaftLogWorker.java:execute(576)) - e95dbc8d-7ac3-4cb1-8346-3625e49ac32c@group-85AC724FAAF6-SegmentedRaftLogWorker: created new log segment /workdir/hadoop-ozone/ozonefs/target/test-dir/MiniOzoneClusterImpl-aa1b42a7-2a53-4ea8-8c69-54e91c4860b6/datanode-2/data/ratis/e352fb23-ce5d-468b-938d-85ac724faaf6/current/log_inprogress_0
2019-10-16 07:06:27,652 [e95dbc8d-7ac3-4cb1-8346-3625e49ac32c@group-273425B4580E-SegmentedRaftLogWorker] INFO  segmented.SegmentedRaftLogWorker (SegmentedRaftLogWorker.java:execute(576)) - e95dbc8d-7ac3-4cb1-8346-3625e49ac32c@group-273425B4580E-SegmentedRaftLogWorker: created new log segment /workdir/hadoop-ozone/ozonefs/target/test-dir/MiniOzoneClusterImpl-aa1b42a7-2a53-4ea8-8c69-54e91c4860b6/datanode-2/data/ratis/2c5333fb-11be-4648-81e7-273425b4580e/current/log_inprogress_0
2019-10-16 07:06:28,318 [main] INFO  ozone.MiniOzoneClusterImpl (MiniOzoneClusterImpl.java:lambda$waitForClusterToBeReady$0(147)) - Cluster is ready. Got 3 of 3 DN Heartbeats.
2019-10-16 07:06:28,361 [main] INFO  rpc.RpcClient (RpcClient.java:createVolume(272)) - Creating Volume: anlroscckj, with user66280 as owner.
2019-10-16 07:06:28,364 [IPC Server handler 3 on 35603] INFO  volume.OMVolumeCreateRequest (OMVolumeCreateRequest.java:validateAndUpdateCache(193)) - created volume:anlroscckj for user:user66280
2019-10-16 07:06:28,373 [main] INFO  rpc.RpcClient (RpcClient.java:createBucket(411)) - Creating Bucket: anlroscckj/rditfttwle, with Versioning false and Storage Type set to DISK and Encryption set to false 
2019-10-16 07:06:28,699 [IPC Server handler 9 on 35603] ERROR lock.LockManager (LockManager.java:getLockForReleasing(218)) - Trying to release the lock on /anlroscckj/rditfttwle, which was never acquired.
2019-10-16 07:06:28,700 [IPC Server handler 9 on 35603] WARN  ipc.Server (Server.java:logException(2724)) - IPC Server handler 9 on 35603, call Call#326 Retry#0 org.apache.hadoop.ozone.om.protocol.OzoneManagerProtocol.submitRequest from 127.0.0.1:40380
java.lang.IllegalMonitorStateException: Releasing lock on resource /anlroscckj/rditfttwle without acquiring lock
	at org.apache.hadoop.ozone.lock.LockManager.getLockForReleasing(LockManager.java:220)
	at org.apache.hadoop.ozone.lock.LockManager.release(LockManager.java:168)
	at org.apache.hadoop.ozone.lock.LockManager.writeUnlock(LockManager.java:148)
	at org.apache.hadoop.ozone.om.lock.OzoneManagerLock.unlock(OzoneManagerLock.java:364)
	at org.apache.hadoop.ozone.om.lock.OzoneManagerLock.releaseWriteLock(OzoneManagerLock.java:329)
	at org.apache.hadoop.ozone.om.request.key.OMKeyCommitRequest.validateAndUpdateCache(OMKeyCommitRequest.java:177)
	at org.apache.hadoop.ozone.protocolPB.OzoneManagerProtocolServerSideTranslatorPB.submitRequestDirectlyToOM(OzoneManagerProtocolServerSideTranslatorPB.java:219)
	at org.apache.hadoop.ozone.protocolPB.OzoneManagerProtocolServerSideTranslatorPB.processRequest(OzoneManagerProtocolServerSideTranslatorPB.java:134)
	at org.apache.hadoop.hdds.server.OzoneProtocolMessageDispatcher.processRequest(OzoneProtocolMessageDispatcher.java:72)
	at org.apache.hadoop.ozone.protocolPB.OzoneManagerProtocolServerSideTranslatorPB.submitRequest(OzoneManagerProtocolServerSideTranslatorPB.java:100)
	at org.apache.hadoop.ozone.protocol.proto.OzoneManagerProtocolProtos$OzoneManagerService$2.callBlockingMethod(OzoneManagerProtocolProtos.java)
	at org.apache.hadoop.ipc.ProtobufRpcEngine$Server$ProtoBufRpcInvoker.call(ProtobufRpcEngine.java:524)
	at org.apache.hadoop.ipc.RPC$Server.call(RPC.java:1025)
	at org.apache.hadoop.ipc.Server$RpcCall.run(Server.java:876)
	at org.apache.hadoop.ipc.Server$RpcCall.run(Server.java:822)
	at java.security.AccessController.doPrivileged(Native Method)
	at javax.security.auth.Subject.doAs(Subject.java:422)
	at org.apache.hadoop.security.UserGroupInformation.doAs(UserGroupInformation.java:1730)
	at org.apache.hadoop.ipc.Server$Handler.run(Server.java:2682)
2019-10-16 07:06:28,702 [main] INFO  retry.RetryInvocationHandler (RetryInvocationHandler.java:log(411)) - com.google.protobuf.ServiceException: org.apache.hadoop.ipc.RemoteException(java.lang.IllegalMonitorStateException): Releasing lock on resource /anlroscckj/rditfttwle without acquiring lock
	at org.apache.hadoop.ozone.lock.LockManager.getLockForReleasing(LockManager.java:220)
	at org.apache.hadoop.ozone.lock.LockManager.release(LockManager.java:168)
	at org.apache.hadoop.ozone.lock.LockManager.writeUnlock(LockManager.java:148)
	at org.apache.hadoop.ozone.om.lock.OzoneManagerLock.unlock(OzoneManagerLock.java:364)
	at org.apache.hadoop.ozone.om.lock.OzoneManagerLock.releaseWriteLock(OzoneManagerLock.java:329)
	at org.apache.hadoop.ozone.om.request.key.OMKeyCommitRequest.validateAndUpdateCache(OMKeyCommitRequest.java:177)
	at org.apache.hadoop.ozone.protocolPB.OzoneManagerProtocolServerSideTranslatorPB.submitRequestDirectlyToOM(OzoneManagerProtocolServerSideTranslatorPB.java:219)
	at org.apache.hadoop.ozone.protocolPB.OzoneManagerProtocolServerSideTranslatorPB.processRequest(OzoneManagerProtocolServerSideTranslatorPB.java:134)
	at org.apache.hadoop.hdds.server.OzoneProtocolMessageDispatcher.processRequest(OzoneProtocolMessageDispatcher.java:72)
	at org.apache.hadoop.ozone.protocolPB.OzoneManagerProtocolServerSideTranslatorPB.submitRequest(OzoneManagerProtocolServerSideTranslatorPB.java:100)
	at org.apache.hadoop.ozone.protocol.proto.OzoneManagerProtocolProtos$OzoneManagerService$2.callBlockingMethod(OzoneManagerProtocolProtos.java)
	at org.apache.hadoop.ipc.ProtobufRpcEngine$Server$ProtoBufRpcInvoker.call(ProtobufRpcEngine.java:524)
	at org.apache.hadoop.ipc.RPC$Server.call(RPC.java:1025)
	at org.apache.hadoop.ipc.Server$RpcCall.run(Server.java:876)
	at org.apache.hadoop.ipc.Server$RpcCall.run(Server.java:822)
	at java.security.AccessController.doPrivileged(Native Method)
	at javax.security.auth.Subject.doAs(Subject.java:422)
	at org.apache.hadoop.security.UserGroupInformation.doAs(UserGroupInformation.java:1730)
	at org.apache.hadoop.ipc.Server$Handler.run(Server.java:2682)
, while invoking $Proxy38.submitRequest over nodeId=null,nodeAddress=localhost:35603. Trying to failover immediately.
2019-10-16 07:06:28,704 [IPC Server handler 10 on 35603] ERROR lock.LockManager (LockManager.java:getLockForReleasing(218)) - Trying to release the lock on /anlroscckj/rditfttwle, which was never acquired.
2019-10-16 07:06:28,704 [IPC Server handler 10 on 35603] WARN  ipc.Server (Server.java:logException(2724)) - IPC Server handler 10 on 35603, call Call#326 Retry#1 org.apache.hadoop.ozone.om.protocol.OzoneManagerProtocol.submitRequest from 127.0.0.1:40380
java.lang.IllegalMonitorStateException: Releasing lock on resource /anlroscckj/rditfttwle without acquiring lock
	at org.apache.hadoop.ozone.lock.LockManager.getLockForReleasing(LockManager.java:220)
	at org.apache.hadoop.ozone.lock.LockManager.release(LockManager.java:168)
	at org.apache.hadoop.ozone.lock.LockManager.writeUnlock(LockManager.java:148)
	at org.apache.hadoop.ozone.om.lock.OzoneManagerLock.unlock(OzoneManagerLock.java:364)
	at org.apache.hadoop.ozone.om.lock.OzoneManagerLock.releaseWriteLock(OzoneManagerLock.java:329)
	at org.apache.hadoop.ozone.om.request.key.OMKeyCommitRequest.validateAndUpdateCache(OMKeyCommitRequest.java:177)
	at org.apache.hadoop.ozone.protocolPB.OzoneManagerProtocolServerSideTranslatorPB.submitRequestDirectlyToOM(OzoneManagerProtocolServerSideTranslatorPB.java:219)
	at org.apache.hadoop.ozone.protocolPB.OzoneManagerProtocolServerSideTranslatorPB.processRequest(OzoneManagerProtocolServerSideTranslatorPB.java:134)
	at org.apache.hadoop.hdds.server.OzoneProtocolMessageDispatcher.processRequest(OzoneProtocolMessageDispatcher.java:72)
	at org.apache.hadoop.ozone.protocolPB.OzoneManagerProtocolServerSideTranslatorPB.submitRequest(OzoneManagerProtocolServerSideTranslatorPB.java:100)
	at org.apache.hadoop.ozone.protocol.proto.OzoneManagerProtocolProtos$OzoneManagerService$2.callBlockingMethod(OzoneManagerProtocolProtos.java)
	at org.apache.hadoop.ipc.ProtobufRpcEngine$Server$ProtoBufRpcInvoker.call(ProtobufRpcEngine.java:524)
	at org.apache.hadoop.ipc.RPC$Server.call(RPC.java:1025)
	at org.apache.hadoop.ipc.Server$RpcCall.run(Server.java:876)
	at org.apache.hadoop.ipc.Server$RpcCall.run(Server.java:822)
	at java.security.AccessController.doPrivileged(Native Method)
	at javax.security.auth.Subject.doAs(Subject.java:422)
	at org.apache.hadoop.security.UserGroupInformation.doAs(UserGroupInformation.java:1730)
	at org.apache.hadoop.ipc.Server$Handler.run(Server.java:2682)
2019-10-16 07:06:28,706 [main] INFO  retry.RetryInvocationHandler (RetryInvocationHandler.java:log(411)) - com.google.protobuf.ServiceException: org.apache.hadoop.ipc.RemoteException(java.lang.IllegalMonitorStateException): Releasing lock on resource /anlroscckj/rditfttwle without acquiring lock
	at org.apache.hadoop.ozone.lock.LockManager.getLockForReleasing(LockManager.java:220)
	at org.apache.hadoop.ozone.lock.LockManager.release(LockManager.java:168)
	at org.apache.hadoop.ozone.lock.LockManager.writeUnlock(LockManager.java:148)
	at org.apache.hadoop.ozone.om.lock.OzoneManagerLock.unlock(OzoneManagerLock.java:364)
	at org.apache.hadoop.ozone.om.lock.OzoneManagerLock.releaseWriteLock(OzoneManagerLock.java:329)
	at org.apache.hadoop.ozone.om.request.key.OMKeyCommitRequest.validateAndUpdateCache(OMKeyCommitRequest.java:177)
	at org.apache.hadoop.ozone.protocolPB.OzoneManagerProtocolServerSideTranslatorPB.submitRequestDirectlyToOM(OzoneManagerProtocolServerSideTranslatorPB.java:219)
	at org.apache.hadoop.ozone.protocolPB.OzoneManagerProtocolServerSideTranslatorPB.processRequest(OzoneManagerProtocolServerSideTranslatorPB.java:134)
	at org.apache.hadoop.hdds.server.OzoneProtocolMessageDispatcher.processRequest(OzoneProtocolMessageDispatcher.java:72)
	at org.apache.hadoop.ozone.protocolPB.OzoneManagerProtocolServerSideTranslatorPB.submitRequest(OzoneManagerProtocolServerSideTranslatorPB.java:100)
	at org.apache.hadoop.ozone.protocol.proto.OzoneManagerProtocolProtos$OzoneManagerService$2.callBlockingMethod(OzoneManagerProtocolProtos.java)
	at org.apache.hadoop.ipc.ProtobufRpcEngine$Server$ProtoBufRpcInvoker.call(ProtobufRpcEngine.java:524)
	at org.apache.hadoop.ipc.RPC$Server.call(RPC.java:1025)
	at org.apache.hadoop.ipc.Server$RpcCall.run(Server.java:876)
	at org.apache.hadoop.ipc.Server$RpcCall.run(Server.java:822)
	at java.security.AccessController.doPrivileged(Native Method)
	at javax.security.auth.Subject.doAs(Subject.java:422)
	at org.apache.hadoop.security.UserGroupInformation.doAs(UserGroupInformation.java:1730)
	at org.apache.hadoop.ipc.Server$Handler.run(Server.java:2682)
, while invoking $Proxy38.submitRequest over nodeId=null,nodeAddress=localhost:35603 after 1 failover attempts. Trying to failover immediately.
2019-10-16 07:06:28,709 [IPC Server handler 11 on 35603] ERROR lock.LockManager (LockManager.java:getLockForReleasing(218)) - Trying to release the lock on /anlroscckj/rditfttwle, which was never acquired.
2019-10-16 07:06:28,709 [IPC Server handler 11 on 35603] WARN  ipc.Server (Server.java:logException(2724)) - IPC Server handler 11 on 35603, call Call#326 Retry#2 org.apache.hadoop.ozone.om.protocol.OzoneManagerProtocol.submitRequest from 127.0.0.1:40380
java.lang.IllegalMonitorStateException: Releasing lock on resource /anlroscckj/rditfttwle without acquiring lock
	at org.apache.hadoop.ozone.lock.LockManager.getLockForReleasing(LockManager.java:220)
	at org.apache.hadoop.ozone.lock.LockManager.release(LockManager.java:168)
	at org.apache.hadoop.ozone.lock.LockManager.writeUnlock(LockManager.java:148)
	at org.apache.hadoop.ozone.om.lock.OzoneManagerLock.unlock(OzoneManagerLock.java:364)
	at org.apache.hadoop.ozone.om.lock.OzoneManagerLock.releaseWriteLock(OzoneManagerLock.java:329)
	at org.apache.hadoop.ozone.om.request.key.OMKeyCommitRequest.validateAndUpdateCache(OMKeyCommitRequest.java:177)
	at org.apache.hadoop.ozone.protocolPB.OzoneManagerProtocolServerSideTranslatorPB.submitRequestDirectlyToOM(OzoneManagerProtocolServerSideTranslatorPB.java:219)
	at org.apache.hadoop.ozone.protocolPB.OzoneManagerProtocolServerSideTranslatorPB.processRequest(OzoneManagerProtocolServerSideTranslatorPB.java:134)
	at org.apache.hadoop.hdds.server.OzoneProtocolMessageDispatcher.processRequest(OzoneProtocolMessageDispatcher.java:72)
	at org.apache.hadoop.ozone.protocolPB.OzoneManagerProtocolServerSideTranslatorPB.submitRequest(OzoneManagerProtocolServerSideTranslatorPB.java:100)
	at org.apache.hadoop.ozone.protocol.proto.OzoneManagerProtocolProtos$OzoneManagerService$2.callBlockingMethod(OzoneManagerProtocolProtos.java)
	at org.apache.hadoop.ipc.ProtobufRpcEngine$Server$ProtoBufRpcInvoker.call(ProtobufRpcEngine.java:524)
	at org.apache.hadoop.ipc.RPC$Server.call(RPC.java:1025)
	at org.apache.hadoop.ipc.Server$RpcCall.run(Server.java:876)
	at org.apache.hadoop.ipc.Server$RpcCall.run(Server.java:822)
	at java.security.AccessController.doPrivileged(Native Method)
	at javax.security.auth.Subject.doAs(Subject.java:422)
	at org.apache.hadoop.security.UserGroupInformation.doAs(UserGroupInformation.java:1730)
	at org.apache.hadoop.ipc.Server$Handler.run(Server.java:2682)
2019-10-16 07:06:28,711 [main] INFO  retry.RetryInvocationHandler (RetryInvocationHandler.java:log(411)) - com.google.protobuf.ServiceException: org.apache.hadoop.ipc.RemoteException(java.lang.IllegalMonitorStateException): Releasing lock on resource /anlroscckj/rditfttwle without acquiring lock
	at org.apache.hadoop.ozone.lock.LockManager.getLockForReleasing(LockManager.java:220)
	at org.apache.hadoop.ozone.lock.LockManager.release(LockManager.java:168)
	at org.apache.hadoop.ozone.lock.LockManager.writeUnlock(LockManager.java:148)
	at org.apache.hadoop.ozone.om.lock.OzoneManagerLock.unlock(OzoneManagerLock.java:364)
	at org.apache.hadoop.ozone.om.lock.OzoneManagerLock.releaseWriteLock(OzoneManagerLock.java:329)
	at org.apache.hadoop.ozone.om.request.key.OMKeyCommitRequest.validateAndUpdateCache(OMKeyCommitRequest.java:177)
	at org.apache.hadoop.ozone.protocolPB.OzoneManagerProtocolServerSideTranslatorPB.submitRequestDirectlyToOM(OzoneManagerProtocolServerSideTranslatorPB.java:219)
	at org.apache.hadoop.ozone.protocolPB.OzoneManagerProtocolServerSideTranslatorPB.processRequest(OzoneManagerProtocolServerSideTranslatorPB.java:134)
	at org.apache.hadoop.hdds.server.OzoneProtocolMessageDispatcher.processRequest(OzoneProtocolMessageDispatcher.java:72)
	at org.apache.hadoop.ozone.protocolPB.OzoneManagerProtocolServerSideTranslatorPB.submitRequest(OzoneManagerProtocolServerSideTranslatorPB.java:100)
	at org.apache.hadoop.ozone.protocol.proto.OzoneManagerProtocolProtos$OzoneManagerService$2.callBlockingMethod(OzoneManagerProtocolProtos.java)
	at org.apache.hadoop.ipc.ProtobufRpcEngine$Server$ProtoBufRpcInvoker.call(ProtobufRpcEngine.java:524)
	at org.apache.hadoop.ipc.RPC$Server.call(RPC.java:1025)
	at org.apache.hadoop.ipc.Server$RpcCall.run(Server.java:876)
	at org.apache.hadoop.ipc.Server$RpcCall.run(Server.java:822)
	at java.security.AccessController.doPrivileged(Native Method)
	at javax.security.auth.Subject.doAs(Subject.java:422)
	at org.apache.hadoop.security.UserGroupInformation.doAs(UserGroupInformation.java:1730)
	at org.apache.hadoop.ipc.Server$Handler.run(Server.java:2682)
, while invoking $Proxy38.submitRequest over nodeId=null,nodeAddress=localhost:35603 after 2 failover attempts. Trying to failover immediately.
2019-10-16 07:06:28,712 [IPC Server handler 12 on 35603] ERROR lock.LockManager (LockManager.java:getLockForReleasing(218)) - Trying to release the lock on /anlroscckj/rditfttwle, which was never acquired.
2019-10-16 07:06:28,713 [IPC Server handler 12 on 35603] WARN  ipc.Server (Server.java:logException(2724)) - IPC Server handler 12 on 35603, call Call#326 Retry#3 org.apache.hadoop.ozone.om.protocol.OzoneManagerProtocol.submitRequest from 127.0.0.1:40380
java.lang.IllegalMonitorStateException: Releasing lock on resource /anlroscckj/rditfttwle without acquiring lock
	at org.apache.hadoop.ozone.lock.LockManager.getLockForReleasing(LockManager.java:220)
	at org.apache.hadoop.ozone.lock.LockManager.release(LockManager.java:168)
	at org.apache.hadoop.ozone.lock.LockManager.writeUnlock(LockManager.java:148)
	at org.apache.hadoop.ozone.om.lock.OzoneManagerLock.unlock(OzoneManagerLock.java:364)
	at org.apache.hadoop.ozone.om.lock.OzoneManagerLock.releaseWriteLock(OzoneManagerLock.java:329)
	at org.apache.hadoop.ozone.om.request.key.OMKeyCommitRequest.validateAndUpdateCache(OMKeyCommitRequest.java:177)
	at org.apache.hadoop.ozone.protocolPB.OzoneManagerProtocolServerSideTranslatorPB.submitRequestDirectlyToOM(OzoneManagerProtocolServerSideTranslatorPB.java:219)
	at org.apache.hadoop.ozone.protocolPB.OzoneManagerProtocolServerSideTranslatorPB.processRequest(OzoneManagerProtocolServerSideTranslatorPB.java:134)
	at org.apache.hadoop.hdds.server.OzoneProtocolMessageDispatcher.processRequest(OzoneProtocolMessageDispatcher.java:72)
	at org.apache.hadoop.ozone.protocolPB.OzoneManagerProtocolServerSideTranslatorPB.submitRequest(OzoneManagerProtocolServerSideTranslatorPB.java:100)
	at org.apache.hadoop.ozone.protocol.proto.OzoneManagerProtocolProtos$OzoneManagerService$2.callBlockingMethod(OzoneManagerProtocolProtos.java)
	at org.apache.hadoop.ipc.ProtobufRpcEngine$Server$ProtoBufRpcInvoker.call(ProtobufRpcEngine.java:524)
	at org.apache.hadoop.ipc.RPC$Server.call(RPC.java:1025)
	at org.apache.hadoop.ipc.Server$RpcCall.run(Server.java:876)
	at org.apache.hadoop.ipc.Server$RpcCall.run(Server.java:822)
	at java.security.AccessController.doPrivileged(Native Method)
	at javax.security.auth.Subject.doAs(Subject.java:422)
	at org.apache.hadoop.security.UserGroupInformation.doAs(UserGroupInformation.java:1730)
	at org.apache.hadoop.ipc.Server$Handler.run(Server.java:2682)
2019-10-16 07:06:28,714 [main] INFO  retry.RetryInvocationHandler (RetryInvocationHandler.java:log(411)) - com.google.protobuf.ServiceException: org.apache.hadoop.ipc.RemoteException(java.lang.IllegalMonitorStateException): Releasing lock on resource /anlroscckj/rditfttwle without acquiring lock
	at org.apache.hadoop.ozone.lock.LockManager.getLockForReleasing(LockManager.java:220)
	at org.apache.hadoop.ozone.lock.LockManager.release(LockManager.java:168)
	at org.apache.hadoop.ozone.lock.LockManager.writeUnlock(LockManager.java:148)
	at org.apache.hadoop.ozone.om.lock.OzoneManagerLock.unlock(OzoneManagerLock.java:364)
	at org.apache.hadoop.ozone.om.lock.OzoneManagerLock.releaseWriteLock(OzoneManagerLock.java:329)
	at org.apache.hadoop.ozone.om.request.key.OMKeyCommitRequest.validateAndUpdateCache(OMKeyCommitRequest.java:177)
	at org.apache.hadoop.ozone.protocolPB.OzoneManagerProtocolServerSideTranslatorPB.submitRequestDirectlyToOM(OzoneManagerProtocolServerSideTranslatorPB.java:219)
	at org.apache.hadoop.ozone.protocolPB.OzoneManagerProtocolServerSideTranslatorPB.processRequest(OzoneManagerProtocolServerSideTranslatorPB.java:134)
	at org.apache.hadoop.hdds.server.OzoneProtocolMessageDispatcher.processRequest(OzoneProtocolMessageDispatcher.java:72)
	at org.apache.hadoop.ozone.protocolPB.OzoneManagerProtocolServerSideTranslatorPB.submitRequest(OzoneManagerProtocolServerSideTranslatorPB.java:100)
	at org.apache.hadoop.ozone.protocol.proto.OzoneManagerProtocolProtos$OzoneManagerService$2.callBlockingMethod(OzoneManagerProtocolProtos.java)
	at org.apache.hadoop.ipc.ProtobufRpcEngine$Server$ProtoBufRpcInvoker.call(ProtobufRpcEngine.java:524)
	at org.apache.hadoop.ipc.RPC$Server.call(RPC.java:1025)
	at org.apache.hadoop.ipc.Server$RpcCall.run(Server.java:876)
	at org.apache.hadoop.ipc.Server$RpcCall.run(Server.java:822)
	at java.security.AccessController.doPrivileged(Native Method)
	at javax.security.auth.Subject.doAs(Subject.java:422)
	at org.apache.hadoop.security.UserGroupInformation.doAs(UserGroupInformation.java:1730)
	at org.apache.hadoop.ipc.Server$Handler.run(Server.java:2682)
, while invoking $Proxy38.submitRequest over nodeId=null,nodeAddress=localhost:35603 after 3 failover attempts. Trying to failover immediately.
2019-10-16 07:06:28,718 [IPC Server handler 13 on 35603] ERROR lock.LockManager (LockManager.java:getLockForReleasing(218)) - Trying to release the lock on /anlroscckj/rditfttwle, which was never acquired.
2019-10-16 07:06:28,718 [IPC Server handler 13 on 35603] WARN  ipc.Server (Server.java:logException(2724)) - IPC Server handler 13 on 35603, call Call#326 Retry#4 org.apache.hadoop.ozone.om.protocol.OzoneManagerProtocol.submitRequest from 127.0.0.1:40380
java.lang.IllegalMonitorStateException: Releasing lock on resource /anlroscckj/rditfttwle without acquiring lock
	at org.apache.hadoop.ozone.lock.LockManager.getLockForReleasing(LockManager.java:220)
	at org.apache.hadoop.ozone.lock.LockManager.release(LockManager.java:168)
	at org.apache.hadoop.ozone.lock.LockManager.writeUnlock(LockManager.java:148)
	at org.apache.hadoop.ozone.om.lock.OzoneManagerLock.unlock(OzoneManagerLock.java:364)
	at org.apache.hadoop.ozone.om.lock.OzoneManagerLock.releaseWriteLock(OzoneManagerLock.java:329)
	at org.apache.hadoop.ozone.om.request.key.OMKeyCommitRequest.validateAndUpdateCache(OMKeyCommitRequest.java:177)
	at org.apache.hadoop.ozone.protocolPB.OzoneManagerProtocolServerSideTranslatorPB.submitRequestDirectlyToOM(OzoneManagerProtocolServerSideTranslatorPB.java:219)
	at org.apache.hadoop.ozone.protocolPB.OzoneManagerProtocolServerSideTranslatorPB.processRequest(OzoneManagerProtocolServerSideTranslatorPB.java:134)
	at org.apache.hadoop.hdds.server.OzoneProtocolMessageDispatcher.processRequest(OzoneProtocolMessageDispatcher.java:72)
	at org.apache.hadoop.ozone.protocolPB.OzoneManagerProtocolServerSideTranslatorPB.submitRequest(OzoneManagerProtocolServerSideTranslatorPB.java:100)
	at org.apache.hadoop.ozone.protocol.proto.OzoneManagerProtocolProtos$OzoneManagerService$2.callBlockingMethod(OzoneManagerProtocolProtos.java)
	at org.apache.hadoop.ipc.ProtobufRpcEngine$Server$ProtoBufRpcInvoker.call(ProtobufRpcEngine.java:524)
	at org.apache.hadoop.ipc.RPC$Server.call(RPC.java:1025)
	at org.apache.hadoop.ipc.Server$RpcCall.run(Server.java:876)
	at org.apache.hadoop.ipc.Server$RpcCall.run(Server.java:822)
	at java.security.AccessController.doPrivileged(Native Method)
	at javax.security.auth.Subject.doAs(Subject.java:422)
	at org.apache.hadoop.security.UserGroupInformation.doAs(UserGroupInformation.java:1730)
	at org.apache.hadoop.ipc.Server$Handler.run(Server.java:2682)
2019-10-16 07:06:28,720 [main] INFO  retry.RetryInvocationHandler (RetryInvocationHandler.java:log(411)) - com.google.protobuf.ServiceException: org.apache.hadoop.ipc.RemoteException(java.lang.IllegalMonitorStateException): Releasing lock on resource /anlroscckj/rditfttwle without acquiring lock
	at org.apache.hadoop.ozone.lock.LockManager.getLockForReleasing(LockManager.java:220)
	at org.apache.hadoop.ozone.lock.LockManager.release(LockManager.java:168)
	at org.apache.hadoop.ozone.lock.LockManager.writeUnlock(LockManager.java:148)
	at org.apache.hadoop.ozone.om.lock.OzoneManagerLock.unlock(OzoneManagerLock.java:364)
	at org.apache.hadoop.ozone.om.lock.OzoneManagerLock.releaseWriteLock(OzoneManagerLock.java:329)
	at org.apache.hadoop.ozone.om.request.key.OMKeyCommitRequest.validateAndUpdateCache(OMKeyCommitRequest.java:177)
	at org.apache.hadoop.ozone.protocolPB.OzoneManagerProtocolServerSideTranslatorPB.submitRequestDirectlyToOM(OzoneManagerProtocolServerSideTranslatorPB.java:219)
	at org.apache.hadoop.ozone.protocolPB.OzoneManagerProtocolServerSideTranslatorPB.processRequest(OzoneManagerProtocolServerSideTranslatorPB.java:134)
	at org.apache.hadoop.hdds.server.OzoneProtocolMessageDispatcher.processRequest(OzoneProtocolMessageDispatcher.java:72)
	at org.apache.hadoop.ozone.protocolPB.OzoneManagerProtocolServerSideTranslatorPB.submitRequest(OzoneManagerProtocolServerSideTranslatorPB.java:100)
	at org.apache.hadoop.ozone.protocol.proto.OzoneManagerProtocolProtos$OzoneManagerService$2.callBlockingMethod(OzoneManagerProtocolProtos.java)
	at org.apache.hadoop.ipc.ProtobufRpcEngine$Server$ProtoBufRpcInvoker.call(ProtobufRpcEngine.java:524)
	at org.apache.hadoop.ipc.RPC$Server.call(RPC.java:1025)
	at org.apache.hadoop.ipc.Server$RpcCall.run(Server.java:876)
	at org.apache.hadoop.ipc.Server$RpcCall.run(Server.java:822)
	at java.security.AccessController.doPrivileged(Native Method)
	at javax.security.auth.Subject.doAs(Subject.java:422)
	at org.apache.hadoop.security.UserGroupInformation.doAs(UserGroupInformation.java:1730)
	at org.apache.hadoop.ipc.Server$Handler.run(Server.java:2682)
, while invoking $Proxy38.submitRequest over nodeId=null,nodeAddress=localhost:35603 after 4 failover attempts. Trying to failover immediately.
2019-10-16 07:06:28,722 [IPC Server handler 14 on 35603] ERROR lock.LockManager (LockManager.java:getLockForReleasing(218)) - Trying to release the lock on /anlroscckj/rditfttwle, which was never acquired.
2019-10-16 07:06:28,722 [IPC Server handler 14 on 35603] WARN  ipc.Server (Server.java:logException(2724)) - IPC Server handler 14 on 35603, call Call#326 Retry#5 org.apache.hadoop.ozone.om.protocol.OzoneManagerProtocol.submitRequest from 127.0.0.1:40380
java.lang.IllegalMonitorStateException: Releasing lock on resource /anlroscckj/rditfttwle without acquiring lock
	at org.apache.hadoop.ozone.lock.LockManager.getLockForReleasing(LockManager.java:220)
	at org.apache.hadoop.ozone.lock.LockManager.release(LockManager.java:168)
	at org.apache.hadoop.ozone.lock.LockManager.writeUnlock(LockManager.java:148)
	at org.apache.hadoop.ozone.om.lock.OzoneManagerLock.unlock(OzoneManagerLock.java:364)
	at org.apache.hadoop.ozone.om.lock.OzoneManagerLock.releaseWriteLock(OzoneManagerLock.java:329)
	at org.apache.hadoop.ozone.om.request.key.OMKeyCommitRequest.validateAndUpdateCache(OMKeyCommitRequest.java:177)
	at org.apache.hadoop.ozone.protocolPB.OzoneManagerProtocolServerSideTranslatorPB.submitRequestDirectlyToOM(OzoneManagerProtocolServerSideTranslatorPB.java:219)
	at org.apache.hadoop.ozone.protocolPB.OzoneManagerProtocolServerSideTranslatorPB.processRequest(OzoneManagerProtocolServerSideTranslatorPB.java:134)
	at org.apache.hadoop.hdds.server.OzoneProtocolMessageDispatcher.processRequest(OzoneProtocolMessageDispatcher.java:72)
	at org.apache.hadoop.ozone.protocolPB.OzoneManagerProtocolServerSideTranslatorPB.submitRequest(OzoneManagerProtocolServerSideTranslatorPB.java:100)
	at org.apache.hadoop.ozone.protocol.proto.OzoneManagerProtocolProtos$OzoneManagerService$2.callBlockingMethod(OzoneManagerProtocolProtos.java)
	at org.apache.hadoop.ipc.ProtobufRpcEngine$Server$ProtoBufRpcInvoker.call(ProtobufRpcEngine.java:524)
	at org.apache.hadoop.ipc.RPC$Server.call(RPC.java:1025)
	at org.apache.hadoop.ipc.Server$RpcCall.run(Server.java:876)
	at org.apache.hadoop.ipc.Server$RpcCall.run(Server.java:822)
	at java.security.AccessController.doPrivileged(Native Method)
	at javax.security.auth.Subject.doAs(Subject.java:422)
	at org.apache.hadoop.security.UserGroupInformation.doAs(UserGroupInformation.java:1730)
	at org.apache.hadoop.ipc.Server$Handler.run(Server.java:2682)
2019-10-16 07:06:28,723 [main] INFO  retry.RetryInvocationHandler (RetryInvocationHandler.java:log(411)) - com.google.protobuf.ServiceException: org.apache.hadoop.ipc.RemoteException(java.lang.IllegalMonitorStateException): Releasing lock on resource /anlroscckj/rditfttwle without acquiring lock
	at org.apache.hadoop.ozone.lock.LockManager.getLockForReleasing(LockManager.java:220)
	at org.apache.hadoop.ozone.lock.LockManager.release(LockManager.java:168)
	at org.apache.hadoop.ozone.lock.LockManager.writeUnlock(LockManager.java:148)
	at org.apache.hadoop.ozone.om.lock.OzoneManagerLock.unlock(OzoneManagerLock.java:364)
	at org.apache.hadoop.ozone.om.lock.OzoneManagerLock.releaseWriteLock(OzoneManagerLock.java:329)
	at org.apache.hadoop.ozone.om.request.key.OMKeyCommitRequest.validateAndUpdateCache(OMKeyCommitRequest.java:177)
	at org.apache.hadoop.ozone.protocolPB.OzoneManagerProtocolServerSideTranslatorPB.submitRequestDirectlyToOM(OzoneManagerProtocolServerSideTranslatorPB.java:219)
	at org.apache.hadoop.ozone.protocolPB.OzoneManagerProtocolServerSideTranslatorPB.processRequest(OzoneManagerProtocolServerSideTranslatorPB.java:134)
	at org.apache.hadoop.hdds.server.OzoneProtocolMessageDispatcher.processRequest(OzoneProtocolMessageDispatcher.java:72)
	at org.apache.hadoop.ozone.protocolPB.OzoneManagerProtocolServerSideTranslatorPB.submitRequest(OzoneManagerProtocolServerSideTranslatorPB.java:100)
	at org.apache.hadoop.ozone.protocol.proto.OzoneManagerProtocolProtos$OzoneManagerService$2.callBlockingMethod(OzoneManagerProtocolProtos.java)
	at org.apache.hadoop.ipc.ProtobufRpcEngine$Server$ProtoBufRpcInvoker.call(ProtobufRpcEngine.java:524)
	at org.apache.hadoop.ipc.RPC$Server.call(RPC.java:1025)
	at org.apache.hadoop.ipc.Server$RpcCall.run(Server.java:876)
	at org.apache.hadoop.ipc.Server$RpcCall.run(Server.java:822)
	at java.security.AccessController.doPrivileged(Native Method)
	at javax.security.auth.Subject.doAs(Subject.java:422)
	at org.apache.hadoop.security.UserGroupInformation.doAs(UserGroupInformation.java:1730)
	at org.apache.hadoop.ipc.Server$Handler.run(Server.java:2682)
, while invoking $Proxy38.submitRequest over nodeId=null,nodeAddress=localhost:35603 after 5 failover attempts. Trying to failover immediately.
2019-10-16 07:06:28,726 [IPC Server handler 16 on 35603] ERROR lock.LockManager (LockManager.java:getLockForReleasing(218)) - Trying to release the lock on /anlroscckj/rditfttwle, which was never acquired.
2019-10-16 07:06:28,726 [IPC Server handler 16 on 35603] WARN  ipc.Server (Server.java:logException(2724)) - IPC Server handler 16 on 35603, call Call#326 Retry#6 org.apache.hadoop.ozone.om.protocol.OzoneManagerProtocol.submitRequest from 127.0.0.1:40380
java.lang.IllegalMonitorStateException: Releasing lock on resource /anlroscckj/rditfttwle without acquiring lock
	at org.apache.hadoop.ozone.lock.LockManager.getLockForReleasing(LockManager.java:220)
	at org.apache.hadoop.ozone.lock.LockManager.release(LockManager.java:168)
	at org.apache.hadoop.ozone.lock.LockManager.writeUnlock(LockManager.java:148)
	at org.apache.hadoop.ozone.om.lock.OzoneManagerLock.unlock(OzoneManagerLock.java:364)
	at org.apache.hadoop.ozone.om.lock.OzoneManagerLock.releaseWriteLock(OzoneManagerLock.java:329)
	at org.apache.hadoop.ozone.om.request.key.OMKeyCommitRequest.validateAndUpdateCache(OMKeyCommitRequest.java:177)
	at org.apache.hadoop.ozone.protocolPB.OzoneManagerProtocolServerSideTranslatorPB.submitRequestDirectlyToOM(OzoneManagerProtocolServerSideTranslatorPB.java:219)
	at org.apache.hadoop.ozone.protocolPB.OzoneManagerProtocolServerSideTranslatorPB.processRequest(OzoneManagerProtocolServerSideTranslatorPB.java:134)
	at org.apache.hadoop.hdds.server.OzoneProtocolMessageDispatcher.processRequest(OzoneProtocolMessageDispatcher.java:72)
	at org.apache.hadoop.ozone.protocolPB.OzoneManagerProtocolServerSideTranslatorPB.submitRequest(OzoneManagerProtocolServerSideTranslatorPB.java:100)
	at org.apache.hadoop.ozone.protocol.proto.OzoneManagerProtocolProtos$OzoneManagerService$2.callBlockingMethod(OzoneManagerProtocolProtos.java)
	at org.apache.hadoop.ipc.ProtobufRpcEngine$Server$ProtoBufRpcInvoker.call(ProtobufRpcEngine.java:524)
	at org.apache.hadoop.ipc.RPC$Server.call(RPC.java:1025)
	at org.apache.hadoop.ipc.Server$RpcCall.run(Server.java:876)
	at org.apache.hadoop.ipc.Server$RpcCall.run(Server.java:822)
	at java.security.AccessController.doPrivileged(Native Method)
	at javax.security.auth.Subject.doAs(Subject.java:422)
	at org.apache.hadoop.security.UserGroupInformation.doAs(UserGroupInformation.java:1730)
	at org.apache.hadoop.ipc.Server$Handler.run(Server.java:2682)
2019-10-16 07:06:28,728 [main] INFO  retry.RetryInvocationHandler (RetryInvocationHandler.java:log(411)) - com.google.protobuf.ServiceException: org.apache.hadoop.ipc.RemoteException(java.lang.IllegalMonitorStateException): Releasing lock on resource /anlroscckj/rditfttwle without acquiring lock
	at org.apache.hadoop.ozone.lock.LockManager.getLockForReleasing(LockManager.java:220)
	at org.apache.hadoop.ozone.lock.LockManager.release(LockManager.java:168)
	at org.apache.hadoop.ozone.lock.LockManager.writeUnlock(LockManager.java:148)
	at org.apache.hadoop.ozone.om.lock.OzoneManagerLock.unlock(OzoneManagerLock.java:364)
	at org.apache.hadoop.ozone.om.lock.OzoneManagerLock.releaseWriteLock(OzoneManagerLock.java:329)
	at org.apache.hadoop.ozone.om.request.key.OMKeyCommitRequest.validateAndUpdateCache(OMKeyCommitRequest.java:177)
	at org.apache.hadoop.ozone.protocolPB.OzoneManagerProtocolServerSideTranslatorPB.submitRequestDirectlyToOM(OzoneManagerProtocolServerSideTranslatorPB.java:219)
	at org.apache.hadoop.ozone.protocolPB.OzoneManagerProtocolServerSideTranslatorPB.processRequest(OzoneManagerProtocolServerSideTranslatorPB.java:134)
	at org.apache.hadoop.hdds.server.OzoneProtocolMessageDispatcher.processRequest(OzoneProtocolMessageDispatcher.java:72)
	at org.apache.hadoop.ozone.protocolPB.OzoneManagerProtocolServerSideTranslatorPB.submitRequest(OzoneManagerProtocolServerSideTranslatorPB.java:100)
	at org.apache.hadoop.ozone.protocol.proto.OzoneManagerProtocolProtos$OzoneManagerService$2.callBlockingMethod(OzoneManagerProtocolProtos.java)
	at org.apache.hadoop.ipc.ProtobufRpcEngine$Server$ProtoBufRpcInvoker.call(ProtobufRpcEngine.java:524)
	at org.apache.hadoop.ipc.RPC$Server.call(RPC.java:1025)
	at org.apache.hadoop.ipc.Server$RpcCall.run(Server.java:876)
	at org.apache.hadoop.ipc.Server$RpcCall.run(Server.java:822)
	at java.security.AccessController.doPrivileged(Native Method)
	at javax.security.auth.Subject.doAs(Subject.java:422)
	at org.apache.hadoop.security.UserGroupInformation.doAs(UserGroupInformation.java:1730)
	at org.apache.hadoop.ipc.Server$Handler.run(Server.java:2682)
, while invoking $Proxy38.submitRequest over nodeId=null,nodeAddress=localhost:35603 after 6 failover attempts. Trying to failover immediately.
2019-10-16 07:06:28,730 [IPC Server handler 15 on 35603] ERROR lock.LockManager (LockManager.java:getLockForReleasing(218)) - Trying to release the lock on /anlroscckj/rditfttwle, which was never acquired.
2019-10-16 07:06:28,730 [IPC Server handler 15 on 35603] WARN  ipc.Server (Server.java:logException(2724)) - IPC Server handler 15 on 35603, call Call#326 Retry#7 org.apache.hadoop.ozone.om.protocol.OzoneManagerProtocol.submitRequest from 127.0.0.1:40380
java.lang.IllegalMonitorStateException: Releasing lock on resource /anlroscckj/rditfttwle without acquiring lock
	at org.apache.hadoop.ozone.lock.LockManager.getLockForReleasing(LockManager.java:220)
	at org.apache.hadoop.ozone.lock.LockManager.release(LockManager.java:168)
	at org.apache.hadoop.ozone.lock.LockManager.writeUnlock(LockManager.java:148)
	at org.apache.hadoop.ozone.om.lock.OzoneManagerLock.unlock(OzoneManagerLock.java:364)
	at org.apache.hadoop.ozone.om.lock.OzoneManagerLock.releaseWriteLock(OzoneManagerLock.java:329)
	at org.apache.hadoop.ozone.om.request.key.OMKeyCommitRequest.validateAndUpdateCache(OMKeyCommitRequest.java:177)
	at org.apache.hadoop.ozone.protocolPB.OzoneManagerProtocolServerSideTranslatorPB.submitRequestDirectlyToOM(OzoneManagerProtocolServerSideTranslatorPB.java:219)
	at org.apache.hadoop.ozone.protocolPB.OzoneManagerProtocolServerSideTranslatorPB.processRequest(OzoneManagerProtocolServerSideTranslatorPB.java:134)
	at org.apache.hadoop.hdds.server.OzoneProtocolMessageDispatcher.processRequest(OzoneProtocolMessageDispatcher.java:72)
	at org.apache.hadoop.ozone.protocolPB.OzoneManagerProtocolServerSideTranslatorPB.submitRequest(OzoneManagerProtocolServerSideTranslatorPB.java:100)
	at org.apache.hadoop.ozone.protocol.proto.OzoneManagerProtocolProtos$OzoneManagerService$2.callBlockingMethod(OzoneManagerProtocolProtos.java)
	at org.apache.hadoop.ipc.ProtobufRpcEngine$Server$ProtoBufRpcInvoker.call(ProtobufRpcEngine.java:524)
	at org.apache.hadoop.ipc.RPC$Server.call(RPC.java:1025)
	at org.apache.hadoop.ipc.Server$RpcCall.run(Server.java:876)
	at org.apache.hadoop.ipc.Server$RpcCall.run(Server.java:822)
	at java.security.AccessController.doPrivileged(Native Method)
	at javax.security.auth.Subject.doAs(Subject.java:422)
	at org.apache.hadoop.security.UserGroupInformation.doAs(UserGroupInformation.java:1730)
	at org.apache.hadoop.ipc.Server$Handler.run(Server.java:2682)
2019-10-16 07:06:28,731 [main] INFO  retry.RetryInvocationHandler (RetryInvocationHandler.java:log(411)) - com.google.protobuf.ServiceException: org.apache.hadoop.ipc.RemoteException(java.lang.IllegalMonitorStateException): Releasing lock on resource /anlroscckj/rditfttwle without acquiring lock
	at org.apache.hadoop.ozone.lock.LockManager.getLockForReleasing(LockManager.java:220)
	at org.apache.hadoop.ozone.lock.LockManager.release(LockManager.java:168)
	at org.apache.hadoop.ozone.lock.LockManager.writeUnlock(LockManager.java:148)
	at org.apache.hadoop.ozone.om.lock.OzoneManagerLock.unlock(OzoneManagerLock.java:364)
	at org.apache.hadoop.ozone.om.lock.OzoneManagerLock.releaseWriteLock(OzoneManagerLock.java:329)
	at org.apache.hadoop.ozone.om.request.key.OMKeyCommitRequest.validateAndUpdateCache(OMKeyCommitRequest.java:177)
	at org.apache.hadoop.ozone.protocolPB.OzoneManagerProtocolServerSideTranslatorPB.submitRequestDirectlyToOM(OzoneManagerProtocolServerSideTranslatorPB.java:219)
	at org.apache.hadoop.ozone.protocolPB.OzoneManagerProtocolServerSideTranslatorPB.processRequest(OzoneManagerProtocolServerSideTranslatorPB.java:134)
	at org.apache.hadoop.hdds.server.OzoneProtocolMessageDispatcher.processRequest(OzoneProtocolMessageDispatcher.java:72)
	at org.apache.hadoop.ozone.protocolPB.OzoneManagerProtocolServerSideTranslatorPB.submitRequest(OzoneManagerProtocolServerSideTranslatorPB.java:100)
	at org.apache.hadoop.ozone.protocol.proto.OzoneManagerProtocolProtos$OzoneManagerService$2.callBlockingMethod(OzoneManagerProtocolProtos.java)
	at org.apache.hadoop.ipc.ProtobufRpcEngine$Server$ProtoBufRpcInvoker.call(ProtobufRpcEngine.java:524)
	at org.apache.hadoop.ipc.RPC$Server.call(RPC.java:1025)
	at org.apache.hadoop.ipc.Server$RpcCall.run(Server.java:876)
	at org.apache.hadoop.ipc.Server$RpcCall.run(Server.java:822)
	at java.security.AccessController.doPrivileged(Native Method)
	at javax.security.auth.Subject.doAs(Subject.java:422)
	at org.apache.hadoop.security.UserGroupInformation.doAs(UserGroupInformation.java:1730)
	at org.apache.hadoop.ipc.Server$Handler.run(Server.java:2682)
, while invoking $Proxy38.submitRequest over nodeId=null,nodeAddress=localhost:35603 after 7 failover attempts. Trying to failover immediately.
2019-10-16 07:06:28,733 [IPC Server handler 17 on 35603] ERROR lock.LockManager (LockManager.java:getLockForReleasing(218)) - Trying to release the lock on /anlroscckj/rditfttwle, which was never acquired.
2019-10-16 07:06:28,733 [IPC Server handler 17 on 35603] WARN  ipc.Server (Server.java:logException(2724)) - IPC Server handler 17 on 35603, call Call#326 Retry#8 org.apache.hadoop.ozone.om.protocol.OzoneManagerProtocol.submitRequest from 127.0.0.1:40380
java.lang.IllegalMonitorStateException: Releasing lock on resource /anlroscckj/rditfttwle without acquiring lock
	at org.apache.hadoop.ozone.lock.LockManager.getLockForReleasing(LockManager.java:220)
	at org.apache.hadoop.ozone.lock.LockManager.release(LockManager.java:168)
	at org.apache.hadoop.ozone.lock.LockManager.writeUnlock(LockManager.java:148)
	at org.apache.hadoop.ozone.om.lock.OzoneManagerLock.unlock(OzoneManagerLock.java:364)
	at org.apache.hadoop.ozone.om.lock.OzoneManagerLock.releaseWriteLock(OzoneManagerLock.java:329)
	at org.apache.hadoop.ozone.om.request.key.OMKeyCommitRequest.validateAndUpdateCache(OMKeyCommitRequest.java:177)
	at org.apache.hadoop.ozone.protocolPB.OzoneManagerProtocolServerSideTranslatorPB.submitRequestDirectlyToOM(OzoneManagerProtocolServerSideTranslatorPB.java:219)
	at org.apache.hadoop.ozone.protocolPB.OzoneManagerProtocolServerSideTranslatorPB.processRequest(OzoneManagerProtocolServerSideTranslatorPB.java:134)
	at org.apache.hadoop.hdds.server.OzoneProtocolMessageDispatcher.processRequest(OzoneProtocolMessageDispatcher.java:72)
	at org.apache.hadoop.ozone.protocolPB.OzoneManagerProtocolServerSideTranslatorPB.submitRequest(OzoneManagerProtocolServerSideTranslatorPB.java:100)
	at org.apache.hadoop.ozone.protocol.proto.OzoneManagerProtocolProtos$OzoneManagerService$2.callBlockingMethod(OzoneManagerProtocolProtos.java)
	at org.apache.hadoop.ipc.ProtobufRpcEngine$Server$ProtoBufRpcInvoker.call(ProtobufRpcEngine.java:524)
	at org.apache.hadoop.ipc.RPC$Server.call(RPC.java:1025)
	at org.apache.hadoop.ipc.Server$RpcCall.run(Server.java:876)
	at org.apache.hadoop.ipc.Server$RpcCall.run(Server.java:822)
	at java.security.AccessController.doPrivileged(Native Method)
	at javax.security.auth.Subject.doAs(Subject.java:422)
	at org.apache.hadoop.security.UserGroupInformation.doAs(UserGroupInformation.java:1730)
	at org.apache.hadoop.ipc.Server$Handler.run(Server.java:2682)
2019-10-16 07:06:28,747 [main] INFO  retry.RetryInvocationHandler (RetryInvocationHandler.java:log(411)) - com.google.protobuf.ServiceException: org.apache.hadoop.ipc.RemoteException(java.lang.IllegalMonitorStateException): Releasing lock on resource /anlroscckj/rditfttwle without acquiring lock
	at org.apache.hadoop.ozone.lock.LockManager.getLockForReleasing(LockManager.java:220)
	at org.apache.hadoop.ozone.lock.LockManager.release(LockManager.java:168)
	at org.apache.hadoop.ozone.lock.LockManager.writeUnlock(LockManager.java:148)
	at org.apache.hadoop.ozone.om.lock.OzoneManagerLock.unlock(OzoneManagerLock.java:364)
	at org.apache.hadoop.ozone.om.lock.OzoneManagerLock.releaseWriteLock(OzoneManagerLock.java:329)
	at org.apache.hadoop.ozone.om.request.key.OMKeyCommitRequest.validateAndUpdateCache(OMKeyCommitRequest.java:177)
	at org.apache.hadoop.ozone.protocolPB.OzoneManagerProtocolServerSideTranslatorPB.submitRequestDirectlyToOM(OzoneManagerProtocolServerSideTranslatorPB.java:219)
	at org.apache.hadoop.ozone.protocolPB.OzoneManagerProtocolServerSideTranslatorPB.processRequest(OzoneManagerProtocolServerSideTranslatorPB.java:134)
	at org.apache.hadoop.hdds.server.OzoneProtocolMessageDispatcher.processRequest(OzoneProtocolMessageDispatcher.java:72)
	at org.apache.hadoop.ozone.protocolPB.OzoneManagerProtocolServerSideTranslatorPB.submitRequest(OzoneManagerProtocolServerSideTranslatorPB.java:100)
	at org.apache.hadoop.ozone.protocol.proto.OzoneManagerProtocolProtos$OzoneManagerService$2.callBlockingMethod(OzoneManagerProtocolProtos.java)
	at org.apache.hadoop.ipc.ProtobufRpcEngine$Server$ProtoBufRpcInvoker.call(ProtobufRpcEngine.java:524)
	at org.apache.hadoop.ipc.RPC$Server.call(RPC.java:1025)
	at org.apache.hadoop.ipc.Server$RpcCall.run(Server.java:876)
	at org.apache.hadoop.ipc.Server$RpcCall.run(Server.java:822)
	at java.security.AccessController.doPrivileged(Native Method)
	at javax.security.auth.Subject.doAs(Subject.java:422)
	at org.apache.hadoop.security.UserGroupInformation.doAs(UserGroupInformation.java:1730)
	at org.apache.hadoop.ipc.Server$Handler.run(Server.java:2682)
, while invoking $Proxy38.submitRequest over nodeId=null,nodeAddress=localhost:35603 after 8 failover attempts. Trying to failover immediately.
2019-10-16 07:06:28,749 [IPC Server handler 18 on 35603] ERROR lock.LockManager (LockManager.java:getLockForReleasing(218)) - Trying to release the lock on /anlroscckj/rditfttwle, which was never acquired.
2019-10-16 07:06:28,750 [IPC Server handler 18 on 35603] WARN  ipc.Server (Server.java:logException(2724)) - IPC Server handler 18 on 35603, call Call#326 Retry#9 org.apache.hadoop.ozone.om.protocol.OzoneManagerProtocol.submitRequest from 127.0.0.1:40380
java.lang.IllegalMonitorStateException: Releasing lock on resource /anlroscckj/rditfttwle without acquiring lock
	at org.apache.hadoop.ozone.lock.LockManager.getLockForReleasing(LockManager.java:220)
	at org.apache.hadoop.ozone.lock.LockManager.release(LockManager.java:168)
	at org.apache.hadoop.ozone.lock.LockManager.writeUnlock(LockManager.java:148)
	at org.apache.hadoop.ozone.om.lock.OzoneManagerLock.unlock(OzoneManagerLock.java:364)
	at org.apache.hadoop.ozone.om.lock.OzoneManagerLock.releaseWriteLock(OzoneManagerLock.java:329)
	at org.apache.hadoop.ozone.om.request.key.OMKeyCommitRequest.validateAndUpdateCache(OMKeyCommitRequest.java:177)
	at org.apache.hadoop.ozone.protocolPB.OzoneManagerProtocolServerSideTranslatorPB.submitRequestDirectlyToOM(OzoneManagerProtocolServerSideTranslatorPB.java:219)
	at org.apache.hadoop.ozone.protocolPB.OzoneManagerProtocolServerSideTranslatorPB.processRequest(OzoneManagerProtocolServerSideTranslatorPB.java:134)
	at org.apache.hadoop.hdds.server.OzoneProtocolMessageDispatcher.processRequest(OzoneProtocolMessageDispatcher.java:72)
	at org.apache.hadoop.ozone.protocolPB.OzoneManagerProtocolServerSideTranslatorPB.submitRequest(OzoneManagerProtocolServerSideTranslatorPB.java:100)
	at org.apache.hadoop.ozone.protocol.proto.OzoneManagerProtocolProtos$OzoneManagerService$2.callBlockingMethod(OzoneManagerProtocolProtos.java)
	at org.apache.hadoop.ipc.ProtobufRpcEngine$Server$ProtoBufRpcInvoker.call(ProtobufRpcEngine.java:524)
	at org.apache.hadoop.ipc.RPC$Server.call(RPC.java:1025)
	at org.apache.hadoop.ipc.Server$RpcCall.run(Server.java:876)
	at org.apache.hadoop.ipc.Server$RpcCall.run(Server.java:822)
	at java.security.AccessController.doPrivileged(Native Method)
	at javax.security.auth.Subject.doAs(Subject.java:422)
	at org.apache.hadoop.security.UserGroupInformation.doAs(UserGroupInformation.java:1730)
	at org.apache.hadoop.ipc.Server$Handler.run(Server.java:2682)
2019-10-16 07:06:28,751 [main] INFO  retry.RetryInvocationHandler (RetryInvocationHandler.java:log(411)) - com.google.protobuf.ServiceException: org.apache.hadoop.ipc.RemoteException(java.lang.IllegalMonitorStateException): Releasing lock on resource /anlroscckj/rditfttwle without acquiring lock
	at org.apache.hadoop.ozone.lock.LockManager.getLockForReleasing(LockManager.java:220)
	at org.apache.hadoop.ozone.lock.LockManager.release(LockManager.java:168)
	at org.apache.hadoop.ozone.lock.LockManager.writeUnlock(LockManager.java:148)
	at org.apache.hadoop.ozone.om.lock.OzoneManagerLock.unlock(OzoneManagerLock.java:364)
	at org.apache.hadoop.ozone.om.lock.OzoneManagerLock.releaseWriteLock(OzoneManagerLock.java:329)
	at org.apache.hadoop.ozone.om.request.key.OMKeyCommitRequest.validateAndUpdateCache(OMKeyCommitRequest.java:177)
	at org.apache.hadoop.ozone.protocolPB.OzoneManagerProtocolServerSideTranslatorPB.submitRequestDirectlyToOM(OzoneManagerProtocolServerSideTranslatorPB.java:219)
	at org.apache.hadoop.ozone.protocolPB.OzoneManagerProtocolServerSideTranslatorPB.processRequest(OzoneManagerProtocolServerSideTranslatorPB.java:134)
	at org.apache.hadoop.hdds.server.OzoneProtocolMessageDispatcher.processRequest(OzoneProtocolMessageDispatcher.java:72)
	at org.apache.hadoop.ozone.protocolPB.OzoneManagerProtocolServerSideTranslatorPB.submitRequest(OzoneManagerProtocolServerSideTranslatorPB.java:100)
	at org.apache.hadoop.ozone.protocol.proto.OzoneManagerProtocolProtos$OzoneManagerService$2.callBlockingMethod(OzoneManagerProtocolProtos.java)
	at org.apache.hadoop.ipc.ProtobufRpcEngine$Server$ProtoBufRpcInvoker.call(ProtobufRpcEngine.java:524)
	at org.apache.hadoop.ipc.RPC$Server.call(RPC.java:1025)
	at org.apache.hadoop.ipc.Server$RpcCall.run(Server.java:876)
	at org.apache.hadoop.ipc.Server$RpcCall.run(Server.java:822)
	at java.security.AccessController.doPrivileged(Native Method)
	at javax.security.auth.Subject.doAs(Subject.java:422)
	at org.apache.hadoop.security.UserGroupInformation.doAs(UserGroupInformation.java:1730)
	at org.apache.hadoop.ipc.Server$Handler.run(Server.java:2682)
, while invoking $Proxy38.submitRequest over nodeId=null,nodeAddress=localhost:35603 after 9 failover attempts. Trying to failover immediately.
2019-10-16 07:06:28,753 [IPC Server handler 19 on 35603] ERROR lock.LockManager (LockManager.java:getLockForReleasing(218)) - Trying to release the lock on /anlroscckj/rditfttwle, which was never acquired.
2019-10-16 07:06:28,753 [IPC Server handler 19 on 35603] WARN  ipc.Server (Server.java:logException(2724)) - IPC Server handler 19 on 35603, call Call#326 Retry#10 org.apache.hadoop.ozone.om.protocol.OzoneManagerProtocol.submitRequest from 127.0.0.1:40380
java.lang.IllegalMonitorStateException: Releasing lock on resource /anlroscckj/rditfttwle without acquiring lock
	at org.apache.hadoop.ozone.lock.LockManager.getLockForReleasing(LockManager.java:220)
	at org.apache.hadoop.ozone.lock.LockManager.release(LockManager.java:168)
	at org.apache.hadoop.ozone.lock.LockManager.writeUnlock(LockManager.java:148)
	at org.apache.hadoop.ozone.om.lock.OzoneManagerLock.unlock(OzoneManagerLock.java:364)
	at org.apache.hadoop.ozone.om.lock.OzoneManagerLock.releaseWriteLock(OzoneManagerLock.java:329)
	at org.apache.hadoop.ozone.om.request.key.OMKeyCommitRequest.validateAndUpdateCache(OMKeyCommitRequest.java:177)
	at org.apache.hadoop.ozone.protocolPB.OzoneManagerProtocolServerSideTranslatorPB.submitRequestDirectlyToOM(OzoneManagerProtocolServerSideTranslatorPB.java:219)
	at org.apache.hadoop.ozone.protocolPB.OzoneManagerProtocolServerSideTranslatorPB.processRequest(OzoneManagerProtocolServerSideTranslatorPB.java:134)
	at org.apache.hadoop.hdds.server.OzoneProtocolMessageDispatcher.processRequest(OzoneProtocolMessageDispatcher.java:72)
	at org.apache.hadoop.ozone.protocolPB.OzoneManagerProtocolServerSideTranslatorPB.submitRequest(OzoneManagerProtocolServerSideTranslatorPB.java:100)
	at org.apache.hadoop.ozone.protocol.proto.OzoneManagerProtocolProtos$OzoneManagerService$2.callBlockingMethod(OzoneManagerProtocolProtos.java)
	at org.apache.hadoop.ipc.ProtobufRpcEngine$Server$ProtoBufRpcInvoker.call(ProtobufRpcEngine.java:524)
	at org.apache.hadoop.ipc.RPC$Server.call(RPC.java:1025)
	at org.apache.hadoop.ipc.Server$RpcCall.run(Server.java:876)
	at org.apache.hadoop.ipc.Server$RpcCall.run(Server.java:822)
	at java.security.AccessController.doPrivileged(Native Method)
	at javax.security.auth.Subject.doAs(Subject.java:422)
	at org.apache.hadoop.security.UserGroupInformation.doAs(UserGroupInformation.java:1730)
	at org.apache.hadoop.ipc.Server$Handler.run(Server.java:2682)
2019-10-16 07:06:28,755 [main] ERROR ha.OMFailoverProxyProvider (OzoneManagerProtocolClientSideTranslatorPB.java:getRetryAction(268)) - Failed to connect to OM. Attempted 10 retries and 10 failovers
2019-10-16 07:06:28,755 [main] INFO  ozone.MiniOzoneClusterImpl (MiniOzoneClusterImpl.java:shutdown(314)) - Shutting down the Mini Ozone Cluster
2019-10-16 07:06:28,755 [main] INFO  ozone.MiniOzoneClusterImpl (MiniOzoneClusterImpl.java:stop(330)) - Stopping the Mini Ozone Cluster
2019-10-16 07:06:28,755 [main] INFO  ozone.MiniOzoneClusterImpl (MiniOzoneClusterImpl.java:stopOM(400)) - Stopping the OzoneManager
2019-10-16 07:06:28,756 [main] INFO  ipc.Server (Server.java:stop(3082)) - Stopping server on 35603
2019-10-16 07:06:28,760 [IPC Server listener on 35603] INFO  ipc.Server (Server.java:run(1185)) - Stopping IPC Server listener on 35603
2019-10-16 07:06:28,760 [main] INFO  ratis.OzoneManagerDoubleBuffer (OzoneManagerDoubleBuffer.java:stop(250)) - Stopping OMDoubleBuffer flush thread
2019-10-16 07:06:28,761 [IPC Server Responder] INFO  ipc.Server (Server.java:run(1319)) - Stopping IPC Server Responder
2019-10-16 07:06:28,762 [OMDoubleBufferFlushThread] INFO  ratis.OzoneManagerDoubleBuffer (OzoneManagerDoubleBuffer.java:flushTransactions(193)) - OMDoubleBuffer flush thread OMDoubleBufferFlushThread is interrupted and will exit. OMDoubleBufferFlushThread
2019-10-16 07:06:28,762 [main] INFO  utils.BackgroundService (BackgroundService.java:shutdown(151)) - Shutting down service KeyDeletingService
2019-10-16 07:06:28,764 [main] INFO  handler.ContextHandler (ContextHandler.java:doStop(910)) - Stopped o.e.j.w.WebAppContext@6b0325d0{/,null,UNAVAILABLE}{/ozoneManager}
2019-10-16 07:06:28,764 [main] INFO  server.AbstractConnector (AbstractConnector.java:doStop(318)) - Stopped ServerConnector@70439c3{HTTP/1.1,[http/1.1]}{0.0.0.0:0}
2019-10-16 07:06:28,765 [main] INFO  handler.ContextHandler (ContextHandler.java:doStop(910)) - Stopped o.e.j.s.ServletContextHandler@4272d8cf{/static,jar:file:/home/user/.m2/repository/org/apache/hadoop/hadoop-ozone-ozone-manager/0.5.0-SNAPSHOT/hadoop-ozone-ozone-manager-0.5.0-SNAPSHOT.jar!/webapps/static,UNAVAILABLE}
2019-10-16 07:06:28,765 [main] INFO  handler.ContextHandler (ContextHandler.java:doStop(910)) - Stopped o.e.j.s.ServletContextHandler@4ede035e{/logs,file:///workdir/hadoop-ozone/ozonefs/target/log,UNAVAILABLE}
2019-10-16 07:06:28,767 [main] INFO  ozone.MiniOzoneClusterImpl (MiniOzoneClusterImpl.java:stopDatanodes(377)) - Stopping the HddsDatanodes
2019-10-16 07:06:29,592 [Datanode State Machine Thread - 0] INFO  statemachine.DatanodeStateMachine (DatanodeStateMachine.java:lambda$startDaemon$0(350)) - Ozone container server started.
2019-10-16 07:06:29,592 [Datanode State Machine Thread - 0] INFO  statemachine.DatanodeStateMachine (DatanodeStateMachine.java:lambda$startDaemon$0(350)) - Ozone container server started.
2019-10-16 07:06:30,188 [Thread-4167] INFO  container.ReplicationManager (ReplicationManager.java:start(162)) - Starting Replication Monitor Thread.
2019-10-16 07:06:30,191 [ReplicationMonitor] INFO  container.ReplicationManager (ReplicationManager.java:run(225)) - Replication Monitor Thread took 1 milliseconds for processing 1 containers.
2019-10-16 07:06:33,768 [main] INFO  ozoneimpl.OzoneContainer (OzoneContainer.java:stop(227)) - Attempting to stop container services.
2019-10-16 07:06:33,768 [ForkJoinPool.commonPool-worker-1] INFO  ozoneimpl.OzoneContainer (OzoneContainer.java:stop(227)) - Attempting to stop container services.
2019-10-16 07:06:33,769 [main] INFO  impl.RaftServerProxy (RaftServerProxy.java:lambda$close$4(314)) - 6d9295f6-65ef-4431-8043-df12a16d7afc: close
2019-10-16 07:06:33,769 [ForkJoinPool.commonPool-worker-1] INFO  impl.RaftServerProxy (RaftServerProxy.java:lambda$close$4(314)) - 2e493d31-d4d8-4961-8762-7cf4c421b4ae: close
2019-10-16 07:06:33,770 [main] INFO  impl.RaftServerImpl (RaftServerImpl.java:lambda$shutdown$3(261)) - 6d9295f6-65ef-4431-8043-df12a16d7afc@group-C92B60746087: shutdown
2019-10-16 07:06:33,770 [ForkJoinPool.commonPool-worker-1] INFO  impl.RaftServerImpl (RaftServerImpl.java:lambda$shutdown$3(261)) - 2e493d31-d4d8-4961-8762-7cf4c421b4ae@group-F0EC2519A7B3: shutdown
2019-10-16 07:06:33,770 [main] INFO  util.JmxRegister (JmxRegister.java:unregister(73)) - Successfully un-registered JMX Bean with object name Ratis:service=RaftServer,group=group-C92B60746087,id=6d9295f6-65ef-4431-8043-df12a16d7afc
2019-10-16 07:06:33,770 [ForkJoinPool.commonPool-worker-1] INFO  util.JmxRegister (JmxRegister.java:unregister(73)) - Successfully un-registered JMX Bean with object name Ratis:service=RaftServer,group=group-F0EC2519A7B3,id=2e493d31-d4d8-4961-8762-7cf4c421b4ae
2019-10-16 07:06:33,771 [main] INFO  impl.RoleInfo (RoleInfo.java:shutdownLeaderState(104)) - 6d9295f6-65ef-4431-8043-df12a16d7afc: shutdown LeaderState
2019-10-16 07:06:33,771 [ForkJoinPool.commonPool-worker-1] INFO  impl.RoleInfo (RoleInfo.java:shutdownLeaderState(104)) - 2e493d31-d4d8-4961-8762-7cf4c421b4ae: shutdown LeaderState
2019-10-16 07:06:33,772 [main] INFO  impl.PendingRequests (PendingRequests.java:sendNotLeaderResponses(202)) - 6d9295f6-65ef-4431-8043-df12a16d7afc@group-C92B60746087-PendingRequests: sendNotLeaderResponses
2019-10-16 07:06:33,772 [ForkJoinPool.commonPool-worker-1] INFO  impl.PendingRequests (PendingRequests.java:sendNotLeaderResponses(202)) - 2e493d31-d4d8-4961-8762-7cf4c421b4ae@group-F0EC2519A7B3-PendingRequests: sendNotLeaderResponses
2019-10-16 07:06:33,772 [ForkJoinPool.commonPool-worker-1] INFO  impl.StateMachineUpdater (StateMachineUpdater.java:stopAndJoin(136)) - 2e493d31-d4d8-4961-8762-7cf4c421b4ae@group-F0EC2519A7B3-StateMachineUpdater: set stopIndex = 0
2019-10-16 07:06:33,772 [main] INFO  impl.StateMachineUpdater (StateMachineUpdater.java:stopAndJoin(136)) - 6d9295f6-65ef-4431-8043-df12a16d7afc@group-C92B60746087-StateMachineUpdater: set stopIndex = 0
2019-10-16 07:06:33,773 [main] INFO  impl.RaftServerImpl (ServerState.java:close(388)) - 6d9295f6-65ef-4431-8043-df12a16d7afc@group-C92B60746087: closes. applyIndex: 0
2019-10-16 07:06:33,773 [ForkJoinPool.commonPool-worker-1] INFO  impl.RaftServerImpl (ServerState.java:close(388)) - 2e493d31-d4d8-4961-8762-7cf4c421b4ae@group-F0EC2519A7B3: closes. applyIndex: 0
2019-10-16 07:06:33,774 [2e493d31-d4d8-4961-8762-7cf4c421b4ae@group-F0EC2519A7B3-SegmentedRaftLogWorker] INFO  segmented.SegmentedRaftLogWorker (SegmentedRaftLogWorker.java:run(316)) - 2e493d31-d4d8-4961-8762-7cf4c421b4ae@group-F0EC2519A7B3-SegmentedRaftLogWorker was interrupted, exiting. There are 0 tasks remaining in the queue.
2019-10-16 07:06:33,774 [6d9295f6-65ef-4431-8043-df12a16d7afc@group-C92B60746087-SegmentedRaftLogWorker] INFO  segmented.SegmentedRaftLogWorker (SegmentedRaftLogWorker.java:run(316)) - 6d9295f6-65ef-4431-8043-df12a16d7afc@group-C92B60746087-SegmentedRaftLogWorker was interrupted, exiting. There are 0 tasks remaining in the queue.
2019-10-16 07:06:33,778 [main] INFO  segmented.SegmentedRaftLogWorker (SegmentedRaftLogWorker.java:close(224)) - 6d9295f6-65ef-4431-8043-df12a16d7afc@group-C92B60746087-SegmentedRaftLogWorker close()
2019-10-16 07:06:33,778 [ForkJoinPool.commonPool-worker-1] INFO  segmented.SegmentedRaftLogWorker (SegmentedRaftLogWorker.java:close(224)) - 2e493d31-d4d8-4961-8762-7cf4c421b4ae@group-F0EC2519A7B3-SegmentedRaftLogWorker close()
2019-10-16 07:06:33,781 [main] INFO  impl.RaftServerImpl (RaftServerImpl.java:lambda$shutdown$3(261)) - 6d9295f6-65ef-4431-8043-df12a16d7afc@group-85AC724FAAF6: shutdown
2019-10-16 07:06:33,784 [ForkJoinPool.commonPool-worker-1] INFO  impl.RaftServerImpl (RaftServerImpl.java:lambda$shutdown$3(261)) - 2e493d31-d4d8-4961-8762-7cf4c421b4ae@group-85AC724FAAF6: shutdown
2019-10-16 07:06:33,784 [main] INFO  util.JmxRegister (JmxRegister.java:unregister(73)) - Successfully un-registered JMX Bean with object name Ratis:service=RaftServer,group=group-85AC724FAAF6,id=6d9295f6-65ef-4431-8043-df12a16d7afc
2019-10-16 07:06:33,785 [ForkJoinPool.commonPool-worker-1] INFO  util.JmxRegister (JmxRegister.java:unregister(73)) - Successfully un-registered JMX Bean with object name Ratis:service=RaftServer,group=group-85AC724FAAF6,id=2e493d31-d4d8-4961-8762-7cf4c421b4ae
2019-10-16 07:06:33,785 [main] INFO  impl.RoleInfo (RoleInfo.java:shutdownLeaderState(104)) - 6d9295f6-65ef-4431-8043-df12a16d7afc: shutdown LeaderState
2019-10-16 07:06:33,785 [ForkJoinPool.commonPool-worker-1] INFO  impl.RoleInfo (RoleInfo.java:shutdownFollowerState(121)) - 2e493d31-d4d8-4961-8762-7cf4c421b4ae: shutdown FollowerState
2019-10-16 07:06:33,788 [org.apache.ratis.server.impl.LogAppender$AppenderDaemon$$Lambda$437/1079840606@3dc49205] WARN  server.GrpcLogAppender (GrpcLogAppender.java:mayWait(149)) - 6d9295f6-65ef-4431-8043-df12a16d7afc@group-85AC724FAAF6->e95dbc8d-7ac3-4cb1-8346-3625e49ac32c-GrpcLogAppender: Wait interrupted by java.lang.InterruptedException
2019-10-16 07:06:33,788 [org.apache.ratis.server.impl.LogAppender$AppenderDaemon$$Lambda$437/1079840606@cb30c55] WARN  server.GrpcLogAppender (GrpcLogAppender.java:mayWait(149)) - 6d9295f6-65ef-4431-8043-df12a16d7afc@group-85AC724FAAF6->2e493d31-d4d8-4961-8762-7cf4c421b4ae-GrpcLogAppender: Wait interrupted by java.lang.InterruptedException
2019-10-16 07:06:33,788 [main] INFO  impl.PendingRequests (PendingRequests.java:sendNotLeaderResponses(202)) - 6d9295f6-65ef-4431-8043-df12a16d7afc@group-85AC724FAAF6-PendingRequests: sendNotLeaderResponses
2019-10-16 07:06:33,789 [2e493d31-d4d8-4961-8762-7cf4c421b4ae@group-85AC724FAAF6-StateMachineUpdater] INFO  ratis.ContainerStateMachine (ContainerStateMachine.java:takeSnapshot(294)) - group-85AC724FAAF6: Taking a snapshot at:(t:1, i:3) file /workdir/hadoop-ozone/ozonefs/target/test-dir/MiniOzoneClusterImpl-aa1b42a7-2a53-4ea8-8c69-54e91c4860b6/datanode-0/data/ratis/e352fb23-ce5d-468b-938d-85ac724faaf6/sm/snapshot.1_3
2019-10-16 07:06:33,788 [Thread-4197] INFO  impl.FollowerState (FollowerState.java:run(117)) - 2e493d31-d4d8-4961-8762-7cf4c421b4ae@group-85AC724FAAF6-FollowerState was interrupted: java.lang.InterruptedException: sleep interrupted
2019-10-16 07:06:33,794 [main] INFO  impl.StateMachineUpdater (StateMachineUpdater.java:stopAndJoin(136)) - 6d9295f6-65ef-4431-8043-df12a16d7afc@group-85AC724FAAF6-StateMachineUpdater: set stopIndex = 4
2019-10-16 07:06:33,788 [ForkJoinPool.commonPool-worker-1] INFO  impl.StateMachineUpdater (StateMachineUpdater.java:stopAndJoin(136)) - 2e493d31-d4d8-4961-8762-7cf4c421b4ae@group-85AC724FAAF6-StateMachineUpdater: set stopIndex = 4
2019-10-16 07:06:33,794 [6d9295f6-65ef-4431-8043-df12a16d7afc@group-85AC724FAAF6-StateMachineUpdater] INFO  ratis.ContainerStateMachine (ContainerStateMachine.java:takeSnapshot(294)) - group-85AC724FAAF6: Taking a snapshot at:(t:1, i:4) file /workdir/hadoop-ozone/ozonefs/target/test-dir/MiniOzoneClusterImpl-aa1b42a7-2a53-4ea8-8c69-54e91c4860b6/datanode-1/data/ratis/e352fb23-ce5d-468b-938d-85ac724faaf6/sm/snapshot.1_4
2019-10-16 07:06:33,789 [grpc-default-executor-3] INFO  server.GrpcServerProtocolService (GrpcServerProtocolService.java:onCompleted(113)) - 2e493d31-d4d8-4961-8762-7cf4c421b4ae: Completed APPEND_ENTRIES, lastRequest: 6d9295f6-65ef-4431-8043-df12a16d7afc->2e493d31-d4d8-4961-8762-7cf4c421b4ae#7-t1, previous=(t:1, i:4), leaderCommit=4, initializing? false, entries: <empty>
2019-10-16 07:06:33,789 [grpc-default-executor-0] INFO  server.GrpcServerProtocolService (GrpcServerProtocolService.java:onCompleted(113)) - e95dbc8d-7ac3-4cb1-8346-3625e49ac32c: Completed APPEND_ENTRIES, lastRequest: 6d9295f6-65ef-4431-8043-df12a16d7afc->e95dbc8d-7ac3-4cb1-8346-3625e49ac32c#7-t1, previous=(t:1, i:4), leaderCommit=4, initializing? false, entries: <empty>
2019-10-16 07:06:33,795 [grpc-default-executor-0] INFO  server.GrpcLogAppender (GrpcLogAppender.java:onCompleted(308)) - 6d9295f6-65ef-4431-8043-df12a16d7afc@group-85AC724FAAF6->2e493d31-d4d8-4961-8762-7cf4c421b4ae-AppendLogResponseHandler: follower responses appendEntries COMPLETED
2019-10-16 07:06:33,797 [grpc-default-executor-3] INFO  server.GrpcLogAppender (GrpcLogAppender.java:onCompleted(308)) - 6d9295f6-65ef-4431-8043-df12a16d7afc@group-85AC724FAAF6->e95dbc8d-7ac3-4cb1-8346-3625e49ac32c-AppendLogResponseHandler: follower responses appendEntries COMPLETED
2019-10-16 07:06:33,798 [grpc-default-executor-0] INFO  impl.FollowerInfo (FollowerInfo.java:lambda$new$0(51)) - 6d9295f6-65ef-4431-8043-df12a16d7afc@group-85AC724FAAF6->2e493d31-d4d8-4961-8762-7cf4c421b4ae: nextIndex: updateUnconditionally 5 -> 4
2019-10-16 07:06:33,800 [grpc-default-executor-3] INFO  impl.FollowerInfo (FollowerInfo.java:lambda$new$0(51)) - 6d9295f6-65ef-4431-8043-df12a16d7afc@group-85AC724FAAF6->e95dbc8d-7ac3-4cb1-8346-3625e49ac32c: nextIndex: updateUnconditionally 5 -> 4
2019-10-16 07:06:33,836 [6d9295f6-65ef-4431-8043-df12a16d7afc@group-85AC724FAAF6-StateMachineUpdater] INFO  ratis.ContainerStateMachine (ContainerStateMachine.java:takeSnapshot(305)) - group-85AC724FAAF6: Finished taking a snapshot at:(t:1, i:4) file:/workdir/hadoop-ozone/ozonefs/target/test-dir/MiniOzoneClusterImpl-aa1b42a7-2a53-4ea8-8c69-54e91c4860b6/datanode-1/data/ratis/e352fb23-ce5d-468b-938d-85ac724faaf6/sm/snapshot.1_4 time:42
2019-10-16 07:06:33,836 [2e493d31-d4d8-4961-8762-7cf4c421b4ae@group-85AC724FAAF6-StateMachineUpdater] INFO  ratis.ContainerStateMachine (ContainerStateMachine.java:takeSnapshot(305)) - group-85AC724FAAF6: Finished taking a snapshot at:(t:1, i:3) file:/workdir/hadoop-ozone/ozonefs/target/test-dir/MiniOzoneClusterImpl-aa1b42a7-2a53-4ea8-8c69-54e91c4860b6/datanode-0/data/ratis/e352fb23-ce5d-468b-938d-85ac724faaf6/sm/snapshot.1_3 time:48
2019-10-16 07:06:33,837 [2e493d31-d4d8-4961-8762-7cf4c421b4ae@group-85AC724FAAF6-StateMachineUpdater] INFO  impl.StateMachineUpdater (StateMachineUpdater.java:takeSnapshot(269)) - 2e493d31-d4d8-4961-8762-7cf4c421b4ae@group-85AC724FAAF6-StateMachineUpdater: Took a snapshot at index 3
2019-10-16 07:06:33,837 [6d9295f6-65ef-4431-8043-df12a16d7afc@group-85AC724FAAF6-StateMachineUpdater] INFO  impl.StateMachineUpdater (StateMachineUpdater.java:takeSnapshot(269)) - 6d9295f6-65ef-4431-8043-df12a16d7afc@group-85AC724FAAF6-StateMachineUpdater: Took a snapshot at index 4
2019-10-16 07:06:33,837 [2e493d31-d4d8-4961-8762-7cf4c421b4ae@group-85AC724FAAF6-StateMachineUpdater] INFO  impl.StateMachineUpdater (StateMachineUpdater.java:lambda$new$0(84)) - 2e493d31-d4d8-4961-8762-7cf4c421b4ae@group-85AC724FAAF6-StateMachineUpdater: snapshotIndex: updateIncreasingly -1 -> 3
2019-10-16 07:06:33,837 [6d9295f6-65ef-4431-8043-df12a16d7afc@group-85AC724FAAF6-StateMachineUpdater] INFO  impl.StateMachineUpdater (StateMachineUpdater.java:lambda$new$0(84)) - 6d9295f6-65ef-4431-8043-df12a16d7afc@group-85AC724FAAF6-StateMachineUpdater: snapshotIndex: updateIncreasingly -1 -> 4
2019-10-16 07:06:33,838 [2e493d31-d4d8-4961-8762-7cf4c421b4ae@group-85AC724FAAF6-StateMachineUpdater] INFO  ratis.ContainerStateMachine (ContainerStateMachine.java:takeSnapshot(294)) - group-85AC724FAAF6: Taking a snapshot at:(t:1, i:3) file /workdir/hadoop-ozone/ozonefs/target/test-dir/MiniOzoneClusterImpl-aa1b42a7-2a53-4ea8-8c69-54e91c4860b6/datanode-0/data/ratis/e352fb23-ce5d-468b-938d-85ac724faaf6/sm/snapshot.1_3
2019-10-16 07:06:33,839 [main] INFO  impl.RaftServerImpl (ServerState.java:close(388)) - 6d9295f6-65ef-4431-8043-df12a16d7afc@group-85AC724FAAF6: closes. applyIndex: 4
2019-10-16 07:06:33,839 [6d9295f6-65ef-4431-8043-df12a16d7afc@group-85AC724FAAF6-SegmentedRaftLogWorker] INFO  segmented.SegmentedRaftLogWorker (SegmentedRaftLogWorker.java:run(316)) - 6d9295f6-65ef-4431-8043-df12a16d7afc@group-85AC724FAAF6-SegmentedRaftLogWorker was interrupted, exiting. There are 0 tasks remaining in the queue.
2019-10-16 07:06:33,843 [main] INFO  segmented.SegmentedRaftLogWorker (SegmentedRaftLogWorker.java:close(224)) - 6d9295f6-65ef-4431-8043-df12a16d7afc@group-85AC724FAAF6-SegmentedRaftLogWorker close()
2019-10-16 07:06:33,847 [main] INFO  server.GrpcService (GrpcService.java:closeImpl(164)) - 6d9295f6-65ef-4431-8043-df12a16d7afc: shutdown server with port 44109 now
2019-10-16 07:06:33,848 [main] INFO  server.GrpcService (GrpcService.java:closeImpl(172)) - 6d9295f6-65ef-4431-8043-df12a16d7afc: shutdown server with port 44109 successfully
2019-10-16 07:06:33,852 [refreshUsed-/workdir/hadoop-ozone/ozonefs/target/test-dir/MiniOzoneClusterImpl-aa1b42a7-2a53-4ea8-8c69-54e91c4860b6/datanode-1/data/containers] WARN  fs.CachingGetSpaceUsed (CachingGetSpaceUsed.java:run(183)) - Thread Interrupted waiting to refresh disk information: sleep interrupted
2019-10-16 07:06:33,853 [2e493d31-d4d8-4961-8762-7cf4c421b4ae@group-85AC724FAAF6-StateMachineUpdater] INFO  ratis.ContainerStateMachine (ContainerStateMachine.java:takeSnapshot(305)) - group-85AC724FAAF6: Finished taking a snapshot at:(t:1, i:3) file:/workdir/hadoop-ozone/ozonefs/target/test-dir/MiniOzoneClusterImpl-aa1b42a7-2a53-4ea8-8c69-54e91c4860b6/datanode-0/data/ratis/e352fb23-ce5d-468b-938d-85ac724faaf6/sm/snapshot.1_3 time:14
2019-10-16 07:06:33,853 [2e493d31-d4d8-4961-8762-7cf4c421b4ae@group-85AC724FAAF6-StateMachineUpdater] INFO  impl.StateMachineUpdater (StateMachineUpdater.java:takeSnapshot(269)) - 2e493d31-d4d8-4961-8762-7cf4c421b4ae@group-85AC724FAAF6-StateMachineUpdater: Took a snapshot at index 3
2019-10-16 07:06:33,854 [2e493d31-d4d8-4961-8762-7cf4c421b4ae@group-85AC724FAAF6-StateMachineUpdater] INFO  impl.StateMachineUpdater (StateMachineUpdater.java:lambda$new$0(84)) - 2e493d31-d4d8-4961-8762-7cf4c421b4ae@group-85AC724FAAF6-StateMachineUpdater: snapshotIndex: updateIncreasingly 3 -> 3
2019-10-16 07:06:33,854 [ForkJoinPool.commonPool-worker-1] INFO  impl.RaftServerImpl (ServerState.java:close(388)) - 2e493d31-d4d8-4961-8762-7cf4c421b4ae@group-85AC724FAAF6: closes. applyIndex: 4
2019-10-16 07:06:33,855 [2e493d31-d4d8-4961-8762-7cf4c421b4ae@group-85AC724FAAF6-SegmentedRaftLogWorker] INFO  segmented.SegmentedRaftLogWorker (SegmentedRaftLogWorker.java:run(316)) - 2e493d31-d4d8-4961-8762-7cf4c421b4ae@group-85AC724FAAF6-SegmentedRaftLogWorker was interrupted, exiting. There are 0 tasks remaining in the queue.
2019-10-16 07:06:33,857 [ForkJoinPool.commonPool-worker-1] INFO  segmented.SegmentedRaftLogWorker (SegmentedRaftLogWorker.java:close(224)) - 2e493d31-d4d8-4961-8762-7cf4c421b4ae@group-85AC724FAAF6-SegmentedRaftLogWorker close()
2019-10-16 07:06:33,860 [ForkJoinPool.commonPool-worker-1] INFO  server.GrpcService (GrpcService.java:closeImpl(164)) - 2e493d31-d4d8-4961-8762-7cf4c421b4ae: shutdown server with port 36241 now
2019-10-16 07:06:33,864 [ForkJoinPool.commonPool-worker-1] INFO  server.GrpcService (GrpcService.java:closeImpl(172)) - 2e493d31-d4d8-4961-8762-7cf4c421b4ae: shutdown server with port 36241 successfully
2019-10-16 07:06:33,867 [refreshUsed-/workdir/hadoop-ozone/ozonefs/target/test-dir/MiniOzoneClusterImpl-aa1b42a7-2a53-4ea8-8c69-54e91c4860b6/datanode-0/data/containers] WARN  fs.CachingGetSpaceUsed (CachingGetSpaceUsed.java:run(183)) - Thread Interrupted waiting to refresh disk information: sleep interrupted
2019-10-16 07:06:33,886 [main] INFO  utils.BackgroundService (BackgroundService.java:shutdown(151)) - Shutting down service BlockDeletingService
2019-10-16 07:06:33,890 [main] INFO  statemachine.DatanodeStateMachine (DatanodeStateMachine.java:stopDaemon(395)) - Ozone container server stopped.
2019-10-16 07:06:33,892 [main] INFO  handler.ContextHandler (ContextHandler.java:doStop(910)) - Stopped o.e.j.w.WebAppContext@3a48c398{/,null,UNAVAILABLE}{/hddsDatanode}
2019-10-16 07:06:33,892 [ForkJoinPool.commonPool-worker-1] INFO  utils.BackgroundService (BackgroundService.java:shutdown(151)) - Shutting down service BlockDeletingService
2019-10-16 07:06:33,893 [main] INFO  server.AbstractConnector (AbstractConnector.java:doStop(318)) - Stopped ServerConnector@1b4ba615{HTTP/1.1,[http/1.1]}{0.0.0.0:0}
2019-10-16 07:06:33,896 [ForkJoinPool.commonPool-worker-1] INFO  statemachine.DatanodeStateMachine (DatanodeStateMachine.java:stopDaemon(395)) - Ozone container server stopped.
2019-10-16 07:06:33,896 [main] INFO  handler.ContextHandler (ContextHandler.java:doStop(910)) - Stopped o.e.j.s.ServletContextHandler@407f2029{/static,jar:file:/home/user/.m2/repository/org/apache/hadoop/hadoop-hdds-container-service/0.5.0-SNAPSHOT/hadoop-hdds-container-service-0.5.0-SNAPSHOT.jar!/webapps/static,UNAVAILABLE}
2019-10-16 07:06:33,899 [main] INFO  handler.ContextHandler (ContextHandler.java:doStop(910)) - Stopped o.e.j.s.ServletContextHandler@6b3b2c34{/logs,file:///workdir/hadoop-ozone/ozonefs/target/log,UNAVAILABLE}
2019-10-16 07:06:33,900 [ForkJoinPool.commonPool-worker-1] INFO  handler.ContextHandler (ContextHandler.java:doStop(910)) - Stopped o.e.j.w.WebAppContext@2336cd91{/,null,UNAVAILABLE}{/hddsDatanode}
2019-10-16 07:06:33,901 [ForkJoinPool.commonPool-worker-1] INFO  server.AbstractConnector (AbstractConnector.java:doStop(318)) - Stopped ServerConnector@4a944af9{HTTP/1.1,[http/1.1]}{0.0.0.0:0}
2019-10-16 07:06:33,902 [ForkJoinPool.commonPool-worker-1] INFO  handler.ContextHandler (ContextHandler.java:doStop(910)) - Stopped o.e.j.s.ServletContextHandler@5bbf744b{/static,jar:file:/home/user/.m2/repository/org/apache/hadoop/hadoop-hdds-container-service/0.5.0-SNAPSHOT/hadoop-hdds-container-service-0.5.0-SNAPSHOT.jar!/webapps/static,UNAVAILABLE}
2019-10-16 07:06:33,903 [ForkJoinPool.commonPool-worker-1] INFO  handler.ContextHandler (ContextHandler.java:doStop(910)) - Stopped o.e.j.s.ServletContextHandler@5c79c5ec{/logs,file:///workdir/hadoop-ozone/ozonefs/target/log,UNAVAILABLE}
2019-10-16 07:06:34,594 [Datanode State Machine Thread - 0] INFO  statemachine.DatanodeStateMachine (DatanodeStateMachine.java:lambda$startDaemon$0(350)) - Ozone container server started.
2019-10-16 07:06:38,902 [main] INFO  ozoneimpl.OzoneContainer (OzoneContainer.java:stop(227)) - Attempting to stop container services.
2019-10-16 07:06:38,903 [main] INFO  impl.RaftServerProxy (RaftServerProxy.java:lambda$close$4(314)) - e95dbc8d-7ac3-4cb1-8346-3625e49ac32c: close
2019-10-16 07:06:38,904 [main] INFO  impl.RaftServerImpl (RaftServerImpl.java:lambda$shutdown$3(261)) - e95dbc8d-7ac3-4cb1-8346-3625e49ac32c@group-273425B4580E: shutdown
2019-10-16 07:06:38,904 [ForkJoinPool.commonPool-worker-0] INFO  impl.RaftServerImpl (RaftServerImpl.java:lambda$shutdown$3(261)) - e95dbc8d-7ac3-4cb1-8346-3625e49ac32c@group-85AC724FAAF6: shutdown
2019-10-16 07:06:38,904 [main] INFO  util.JmxRegister (JmxRegister.java:unregister(73)) - Successfully un-registered JMX Bean with object name Ratis:service=RaftServer,group=group-273425B4580E,id=e95dbc8d-7ac3-4cb1-8346-3625e49ac32c
2019-10-16 07:06:38,904 [ForkJoinPool.commonPool-worker-0] INFO  util.JmxRegister (JmxRegister.java:unregister(73)) - Successfully un-registered JMX Bean with object name Ratis:service=RaftServer,group=group-85AC724FAAF6,id=e95dbc8d-7ac3-4cb1-8346-3625e49ac32c
2019-10-16 07:06:38,905 [main] INFO  impl.RoleInfo (RoleInfo.java:shutdownLeaderState(104)) - e95dbc8d-7ac3-4cb1-8346-3625e49ac32c: shutdown LeaderState
2019-10-16 07:06:38,905 [ForkJoinPool.commonPool-worker-0] INFO  impl.RoleInfo (RoleInfo.java:shutdownFollowerState(121)) - e95dbc8d-7ac3-4cb1-8346-3625e49ac32c: shutdown FollowerState
2019-10-16 07:06:38,905 [main] INFO  impl.PendingRequests (PendingRequests.java:sendNotLeaderResponses(202)) - e95dbc8d-7ac3-4cb1-8346-3625e49ac32c@group-273425B4580E-PendingRequests: sendNotLeaderResponses
2019-10-16 07:06:38,906 [e95dbc8d-7ac3-4cb1-8346-3625e49ac32c@group-85AC724FAAF6-StateMachineUpdater] INFO  ratis.ContainerStateMachine (ContainerStateMachine.java:takeSnapshot(294)) - group-85AC724FAAF6: Taking a snapshot at:(t:1, i:3) file /workdir/hadoop-ozone/ozonefs/target/test-dir/MiniOzoneClusterImpl-aa1b42a7-2a53-4ea8-8c69-54e91c4860b6/datanode-2/data/ratis/e352fb23-ce5d-468b-938d-85ac724faaf6/sm/snapshot.1_3
2019-10-16 07:06:38,906 [main] INFO  impl.StateMachineUpdater (StateMachineUpdater.java:stopAndJoin(136)) - e95dbc8d-7ac3-4cb1-8346-3625e49ac32c@group-273425B4580E-StateMachineUpdater: set stopIndex = 0
2019-10-16 07:06:38,906 [main] INFO  impl.RaftServerImpl (ServerState.java:close(388)) - e95dbc8d-7ac3-4cb1-8346-3625e49ac32c@group-273425B4580E: closes. applyIndex: 0
2019-10-16 07:06:38,905 [Thread-4195] INFO  impl.FollowerState (FollowerState.java:run(117)) - e95dbc8d-7ac3-4cb1-8346-3625e49ac32c@group-85AC724FAAF6-FollowerState was interrupted: java.lang.InterruptedException: sleep interrupted
2019-10-16 07:06:38,905 [ForkJoinPool.commonPool-worker-0] INFO  impl.StateMachineUpdater (StateMachineUpdater.java:stopAndJoin(136)) - e95dbc8d-7ac3-4cb1-8346-3625e49ac32c@group-85AC724FAAF6-StateMachineUpdater: set stopIndex = 4
2019-10-16 07:06:38,907 [e95dbc8d-7ac3-4cb1-8346-3625e49ac32c@group-273425B4580E-SegmentedRaftLogWorker] INFO  segmented.SegmentedRaftLogWorker (SegmentedRaftLogWorker.java:run(316)) - e95dbc8d-7ac3-4cb1-8346-3625e49ac32c@group-273425B4580E-SegmentedRaftLogWorker was interrupted, exiting. There are 0 tasks remaining in the queue.
2019-10-16 07:06:38,918 [main] INFO  segmented.SegmentedRaftLogWorker (SegmentedRaftLogWorker.java:close(224)) - e95dbc8d-7ac3-4cb1-8346-3625e49ac32c@group-273425B4580E-SegmentedRaftLogWorker close()
2019-10-16 07:06:38,922 [e95dbc8d-7ac3-4cb1-8346-3625e49ac32c@group-85AC724FAAF6-StateMachineUpdater] INFO  ratis.ContainerStateMachine (ContainerStateMachine.java:takeSnapshot(305)) - group-85AC724FAAF6: Finished taking a snapshot at:(t:1, i:3) file:/workdir/hadoop-ozone/ozonefs/target/test-dir/MiniOzoneClusterImpl-aa1b42a7-2a53-4ea8-8c69-54e91c4860b6/datanode-2/data/ratis/e352fb23-ce5d-468b-938d-85ac724faaf6/sm/snapshot.1_3 time:16
2019-10-16 07:06:38,922 [e95dbc8d-7ac3-4cb1-8346-3625e49ac32c@group-85AC724FAAF6-StateMachineUpdater] INFO  impl.StateMachineUpdater (StateMachineUpdater.java:takeSnapshot(269)) - e95dbc8d-7ac3-4cb1-8346-3625e49ac32c@group-85AC724FAAF6-StateMachineUpdater: Took a snapshot at index 3
2019-10-16 07:06:38,922 [e95dbc8d-7ac3-4cb1-8346-3625e49ac32c@group-85AC724FAAF6-StateMachineUpdater] INFO  impl.StateMachineUpdater (StateMachineUpdater.java:lambda$new$0(84)) - e95dbc8d-7ac3-4cb1-8346-3625e49ac32c@group-85AC724FAAF6-StateMachineUpdater: snapshotIndex: updateIncreasingly -1 -> 3
2019-10-16 07:06:38,923 [e95dbc8d-7ac3-4cb1-8346-3625e49ac32c@group-85AC724FAAF6-StateMachineUpdater] INFO  ratis.ContainerStateMachine (ContainerStateMachine.java:takeSnapshot(294)) - group-85AC724FAAF6: Taking a snapshot at:(t:1, i:3) file /workdir/hadoop-ozone/ozonefs/target/test-dir/MiniOzoneClusterImpl-aa1b42a7-2a53-4ea8-8c69-54e91c4860b6/datanode-2/data/ratis/e352fb23-ce5d-468b-938d-85ac724faaf6/sm/snapshot.1_3
2019-10-16 07:06:38,940 [e95dbc8d-7ac3-4cb1-8346-3625e49ac32c@group-85AC724FAAF6-StateMachineUpdater] INFO  ratis.ContainerStateMachine (ContainerStateMachine.java:takeSnapshot(305)) - group-85AC724FAAF6: Finished taking a snapshot at:(t:1, i:3) file:/workdir/hadoop-ozone/ozonefs/target/test-dir/MiniOzoneClusterImpl-aa1b42a7-2a53-4ea8-8c69-54e91c4860b6/datanode-2/data/ratis/e352fb23-ce5d-468b-938d-85ac724faaf6/sm/snapshot.1_3 time:18
2019-10-16 07:06:38,941 [e95dbc8d-7ac3-4cb1-8346-3625e49ac32c@group-85AC724FAAF6-StateMachineUpdater] INFO  impl.StateMachineUpdater (StateMachineUpdater.java:takeSnapshot(269)) - e95dbc8d-7ac3-4cb1-8346-3625e49ac32c@group-85AC724FAAF6-StateMachineUpdater: Took a snapshot at index 3
2019-10-16 07:06:38,941 [e95dbc8d-7ac3-4cb1-8346-3625e49ac32c@group-85AC724FAAF6-StateMachineUpdater] INFO  impl.StateMachineUpdater (StateMachineUpdater.java:lambda$new$0(84)) - e95dbc8d-7ac3-4cb1-8346-3625e49ac32c@group-85AC724FAAF6-StateMachineUpdater: snapshotIndex: updateIncreasingly 3 -> 3
2019-10-16 07:06:38,941 [ForkJoinPool.commonPool-worker-0] INFO  impl.RaftServerImpl (ServerState.java:close(388)) - e95dbc8d-7ac3-4cb1-8346-3625e49ac32c@group-85AC724FAAF6: closes. applyIndex: 4
2019-10-16 07:06:38,941 [e95dbc8d-7ac3-4cb1-8346-3625e49ac32c@group-85AC724FAAF6-SegmentedRaftLogWorker] INFO  segmented.SegmentedRaftLogWorker (SegmentedRaftLogWorker.java:run(316)) - e95dbc8d-7ac3-4cb1-8346-3625e49ac32c@group-85AC724FAAF6-SegmentedRaftLogWorker was interrupted, exiting. There are 0 tasks remaining in the queue.
2019-10-16 07:06:38,943 [ForkJoinPool.commonPool-worker-0] INFO  segmented.SegmentedRaftLogWorker (SegmentedRaftLogWorker.java:close(224)) - e95dbc8d-7ac3-4cb1-8346-3625e49ac32c@group-85AC724FAAF6-SegmentedRaftLogWorker close()
2019-10-16 07:06:38,946 [main] INFO  server.GrpcService (GrpcService.java:closeImpl(164)) - e95dbc8d-7ac3-4cb1-8346-3625e49ac32c: shutdown server with port 42471 now
2019-10-16 07:06:38,947 [main] INFO  server.GrpcService (GrpcService.java:closeImpl(172)) - e95dbc8d-7ac3-4cb1-8346-3625e49ac32c: shutdown server with port 42471 successfully
2019-10-16 07:06:38,949 [refreshUsed-/workdir/hadoop-ozone/ozonefs/target/test-dir/MiniOzoneClusterImpl-aa1b42a7-2a53-4ea8-8c69-54e91c4860b6/datanode-2/data/containers] WARN  fs.CachingGetSpaceUsed (CachingGetSpaceUsed.java:run(183)) - Thread Interrupted waiting to refresh disk information: sleep interrupted
2019-10-16 07:06:38,978 [main] INFO  utils.BackgroundService (BackgroundService.java:shutdown(151)) - Shutting down service BlockDeletingService
2019-10-16 07:06:38,982 [main] INFO  statemachine.DatanodeStateMachine (DatanodeStateMachine.java:stopDaemon(395)) - Ozone container server stopped.
2019-10-16 07:06:38,983 [main] INFO  handler.ContextHandler (ContextHandler.java:doStop(910)) - Stopped o.e.j.w.WebAppContext@1b485c8b{/,null,UNAVAILABLE}{/hddsDatanode}
2019-10-16 07:06:38,984 [main] INFO  server.AbstractConnector (AbstractConnector.java:doStop(318)) - Stopped ServerConnector@59b98ad1{HTTP/1.1,[http/1.1]}{0.0.0.0:0}
2019-10-16 07:06:38,984 [main] INFO  handler.ContextHandler (ContextHandler.java:doStop(910)) - Stopped o.e.j.s.ServletContextHandler@326706d{/static,jar:file:/home/user/.m2/repository/org/apache/hadoop/hadoop-hdds-container-service/0.5.0-SNAPSHOT/hadoop-hdds-container-service-0.5.0-SNAPSHOT.jar!/webapps/static,UNAVAILABLE}
2019-10-16 07:06:38,985 [main] INFO  handler.ContextHandler (ContextHandler.java:doStop(910)) - Stopped o.e.j.s.ServletContextHandler@1a67f8b4{/logs,file:///workdir/hadoop-ozone/ozonefs/target/log,UNAVAILABLE}
2019-10-16 07:06:38,986 [main] INFO  ozone.MiniOzoneClusterImpl (MiniOzoneClusterImpl.java:stopSCM(392)) - Stopping the StorageContainerManager
2019-10-16 07:06:38,986 [main] INFO  server.StorageContainerManager (StorageContainerManager.java:stop(810)) - Stopping Replication Manager Service.
2019-10-16 07:06:38,986 [main] INFO  container.ReplicationManager (ReplicationManager.java:stop(203)) - Stopping Replication Monitor Thread.
2019-10-16 07:06:38,987 [main] INFO  server.StorageContainerManager (StorageContainerManager.java:stop(817)) - Stopping Lease Manager of the command watchers
2019-10-16 07:06:38,987 [main] INFO  server.StorageContainerManager (StorageContainerManager.java:stop(824)) - Stopping datanode service RPC server
2019-10-16 07:06:38,987 [main] INFO  server.SCMDatanodeProtocolServer (SCMDatanodeProtocolServer.java:stop(346)) - Stopping the RPC server for DataNodes
2019-10-16 07:06:38,987 [main] INFO  ipc.Server (Server.java:stop(3082)) - Stopping server on 42153
2019-10-16 07:06:38,990 [IPC Server listener on 42153] INFO  ipc.Server (Server.java:run(1185)) - Stopping IPC Server listener on 42153
2019-10-16 07:06:38,990 [IPC Server Responder] INFO  ipc.Server (Server.java:run(1319)) - Stopping IPC Server Responder
2019-10-16 07:06:39,061 [SCM Heartbeat Processing Thread - 0] WARN  node.NodeStateManager (NodeStateManager.java:scheduleNextHealthCheck(646)) - Current Thread is interrupted, shutting down HB processing thread for Node Manager.
2019-10-16 07:06:39,061 [main] INFO  server.StorageContainerManager (StorageContainerManager.java:stop(832)) - Stopping block service RPC server
2019-10-16 07:06:39,061 [main] INFO  server.SCMBlockProtocolServer (SCMBlockProtocolServer.java:stop(155)) - Stopping the RPC server for Block Protocol
2019-10-16 07:06:39,061 [main] INFO  ipc.Server (Server.java:stop(3082)) - Stopping server on 34617
2019-10-16 07:06:39,064 [IPC Server listener on 34617] INFO  ipc.Server (Server.java:run(1185)) - Stopping IPC Server listener on 34617
2019-10-16 07:06:39,064 [main] INFO  server.StorageContainerManager (StorageContainerManager.java:stop(839)) - Stopping the StorageContainerLocationProtocol RPC server
2019-10-16 07:06:39,064 [IPC Server Responder] INFO  ipc.Server (Server.java:run(1319)) - Stopping IPC Server Responder
2019-10-16 07:06:39,066 [main] INFO  server.SCMClientProtocolServer (SCMClientProtocolServer.java:stop(168)) - Stopping the RPC server for Client Protocol
2019-10-16 07:06:39,066 [main] INFO  ipc.Server (Server.java:stop(3082)) - Stopping server on 42588
2019-10-16 07:06:39,068 [IPC Server listener on 42588] INFO  ipc.Server (Server.java:run(1185)) - Stopping IPC Server listener on 42588
2019-10-16 07:06:39,068 [main] INFO  server.StorageContainerManager (StorageContainerManager.java:stop(846)) - Stopping Storage Container Manager HTTP server.
2019-10-16 07:06:39,069 [IPC Server Responder] INFO  ipc.Server (Server.java:run(1319)) - Stopping IPC Server Responder
2019-10-16 07:06:39,070 [main] INFO  handler.ContextHandler (ContextHandler.java:doStop(910)) - Stopped o.e.j.w.WebAppContext@7e3d168e{/,null,UNAVAILABLE}{/scm}
2019-10-16 07:06:39,071 [main] INFO  server.AbstractConnector (AbstractConnector.java:doStop(318)) - Stopped ServerConnector@149b53fa{HTTP/1.1,[http/1.1]}{0.0.0.0:0}
2019-10-16 07:06:39,071 [main] INFO  handler.ContextHandler (ContextHandler.java:doStop(910)) - Stopped o.e.j.s.ServletContextHandler@846b47{/static,jar:file:/home/user/.m2/repository/org/apache/hadoop/hadoop-hdds-server-scm/0.5.0-SNAPSHOT/hadoop-hdds-server-scm-0.5.0-SNAPSHOT.jar!/webapps/static,UNAVAILABLE}
2019-10-16 07:06:39,071 [main] INFO  handler.ContextHandler (ContextHandler.java:doStop(910)) - Stopped o.e.j.s.ServletContextHandler@713e7d9a{/logs,file:///workdir/hadoop-ozone/ozonefs/target/log,UNAVAILABLE}
2019-10-16 07:06:39,072 [main] INFO  server.StorageContainerManager (StorageContainerManager.java:stop(857)) - Stopping Block Manager Service.
2019-10-16 07:06:39,072 [main] INFO  utils.BackgroundService (BackgroundService.java:shutdown(151)) - Shutting down service SCMBlockDeletingService
2019-10-16 07:06:39,073 [main] INFO  utils.BackgroundService (BackgroundService.java:shutdown(151)) - Shutting down service SCMBlockDeletingService
2019-10-16 07:06:39,073 [main] INFO  server.StorageContainerManager (StorageContainerManager.java:stop(879)) - Stopping SCM Event Queue.
2019-10-16 07:06:39,091 [main] INFO  impl.MetricsSystemImpl (MetricsSystemImpl.java:stop(210)) - Stopping HddsDatanode metrics system...
2019-10-16 07:06:39,100 [main] INFO  impl.MetricsSystemImpl (MetricsSystemImpl.java:stop(216)) - HddsDatanode metrics system stopped.
]]></system-out>
  </testcase>
</testsuite>