<?xml version="1.0" encoding="UTF-8"?>
<testsuite xmlns:xsi="http://www.w3.org/2001/XMLSchema-instance" xsi:noNamespaceSchemaLocation="https://maven.apache.org/surefire/maven-surefire-plugin/xsd/surefire-test-report.xsd" name="org.apache.hadoop.ozone.client.rpc.TestBlockOutputStreamWithFailures" time="729.314" tests="8" errors="0" skipped="0" failures="1">
  <properties>
    <property name="awt.toolkit" value="sun.awt.X11.XToolkit"/>
    <property name="file.encoding.pkg" value="sun.io"/>
    <property name="java.specification.version" value="1.8"/>
    <property name="sun.cpu.isalist" value=""/>
    <property name="sun.jnu.encoding" value="UTF-8"/>
    <property name="java.class.path" value="/workdir/hadoop-ozone/integration-test/target/test-classes:/workdir/hadoop-ozone/integration-test/target/classes:/home/user/.m2/repository/org/apache/hadoop/hadoop-ozone-common/0.5.0-SNAPSHOT/hadoop-ozone-common-0.5.0-SNAPSHOT.jar:/home/user/.m2/repository/org/apache/commons/commons-compress/1.4.1/commons-compress-1.4.1.jar:/home/user/.m2/repository/org/tukaani/xz/1.0/xz-1.0.jar:/home/user/.m2/repository/org/apache/hadoop/hadoop-common/3.2.0/hadoop-common-3.2.0.jar:/home/user/.m2/repository/org/apache/hadoop/hadoop-hdfs/3.2.0/hadoop-hdfs-3.2.0.jar:/home/user/.m2/repository/org/apache/hadoop/hadoop-hdfs-client/3.2.0/hadoop-hdfs-client-3.2.0.jar:/home/user/.m2/repository/com/fasterxml/jackson/core/jackson-annotations/2.9.9/jackson-annotations-2.9.9.jar:/home/user/.m2/repository/org/apache/hadoop/hadoop-hdds-common/0.5.0-SNAPSHOT/hadoop-hdds-common-0.5.0-SNAPSHOT.jar:/home/user/.m2/repository/javax/annotation/javax.annotation-api/1.2/javax.annotation-api-1.2.jar:/home/user/.m2/repository/org/apache/ratis/ratis-server/0.5.0-201fc85-SNAPSHOT/ratis-server-0.5.0-201fc85-SNAPSHOT.jar:/home/user/.m2/repository/org/apache/ratis/ratis-thirdparty-misc/0.2.0/ratis-thirdparty-misc-0.2.0.jar:/home/user/.m2/repository/org/apache/ratis/ratis-proto/0.5.0-201fc85-SNAPSHOT/ratis-proto-0.5.0-201fc85-SNAPSHOT.jar:/home/user/.m2/repository/org/apache/ratis/ratis-common/0.5.0-201fc85-SNAPSHOT/ratis-common-0.5.0-201fc85-SNAPSHOT.jar:/home/user/.m2/repository/org/apache/ratis/ratis-client/0.5.0-201fc85-SNAPSHOT/ratis-client-0.5.0-201fc85-SNAPSHOT.jar:/home/user/.m2/repository/org/apache/ratis/ratis-metrics/0.5.0-201fc85-SNAPSHOT/ratis-metrics-0.5.0-201fc85-SNAPSHOT.jar:/home/user/.m2/repository/com/github/joshelser/dropwizard-metrics-hadoop-metrics2-reporter/0.1.2/dropwizard-metrics-hadoop-metrics2-reporter-0.1.2.jar:/home/user/.m2/repository/io/dropwizard/metrics/metrics-jvm/3.2.5/metrics-jvm-3.2.5.jar:/home/user/.m2/repository/io/dropwizard/metrics/metrics-ganglia/3.2.5/metrics-ganglia-3.2.5.jar:/home/user/.m2/repository/info/ganglia/gmetric4j/gmetric4j/1.0.7/gmetric4j-1.0.7.jar:/home/user/.m2/repository/org/apache/ratis/ratis-netty/0.5.0-201fc85-SNAPSHOT/ratis-netty-0.5.0-201fc85-SNAPSHOT.jar:/home/user/.m2/repository/org/apache/ratis/ratis-grpc/0.5.0-201fc85-SNAPSHOT/ratis-grpc-0.5.0-201fc85-SNAPSHOT.jar:/home/user/.m2/repository/org/rocksdb/rocksdbjni/6.0.1/rocksdbjni-6.0.1.jar:/home/user/.m2/repository/org/apache/logging/log4j/log4j-api/2.11.0/log4j-api-2.11.0.jar:/home/user/.m2/repository/org/apache/logging/log4j/log4j-core/2.11.0/log4j-core-2.11.0.jar:/home/user/.m2/repository/com/lmax/disruptor/3.4.2/disruptor-3.4.2.jar:/home/user/.m2/repository/org/apache/commons/commons-pool2/2.6.0/commons-pool2-2.6.0.jar:/home/user/.m2/repository/org/bouncycastle/bcpkix-jdk15on/1.60/bcpkix-jdk15on-1.60.jar:/home/user/.m2/repository/commons-validator/commons-validator/1.6/commons-validator-1.6.jar:/home/user/.m2/repository/commons-digester/commons-digester/1.8.1/commons-digester-1.8.1.jar:/home/user/.m2/repository/io/jaegertracing/jaeger-client/0.34.0/jaeger-client-0.34.0.jar:/home/user/.m2/repository/io/jaegertracing/jaeger-thrift/0.34.0/jaeger-thrift-0.34.0.jar:/home/user/.m2/repository/org/apache/thrift/libthrift/0.12.0/libthrift-0.12.0.jar:/home/user/.m2/repository/com/squareup/okhttp3/okhttp/3.9.0/okhttp-3.9.0.jar:/home/user/.m2/repository/com/squareup/okio/okio/1.13.0/okio-1.13.0.jar:/home/user/.m2/repository/io/jaegertracing/jaeger-core/0.34.0/jaeger-core-0.34.0.jar:/home/user/.m2/repository/io/jaegertracing/jaeger-tracerresolver/0.34.0/jaeger-tracerresolver-0.34.0.jar:/home/user/.m2/repository/io/opentracing/contrib/opentracing-tracerresolver/0.1.5/opentracing-tracerresolver-0.1.5.jar:/home/user/.m2/repository/io/opentracing/opentracing-util/0.31.0/opentracing-util-0.31.0.jar:/home/user/.m2/repository/io/opentracing/opentracing-api/0.31.0/opentracing-api-0.31.0.jar:/home/user/.m2/repository/io/opentracing/opentracing-noop/0.31.0/opentracing-noop-0.31.0.jar:/home/user/.m2/repository/org/apache/hadoop/hadoop-hdds-server-framework/0.5.0-SNAPSHOT/hadoop-hdds-server-framework-0.5.0-SNAPSHOT.jar:/home/user/.m2/repository/org/apache/hadoop/hadoop-hdds-container-service/0.5.0-SNAPSHOT/hadoop-hdds-container-service-0.5.0-SNAPSHOT.jar:/home/user/.m2/repository/org/apache/hadoop/hadoop-hdds-client/0.5.0-SNAPSHOT/hadoop-hdds-client-0.5.0-SNAPSHOT.jar:/home/user/.m2/repository/org/apache/hadoop/hadoop-hdds-tools/0.5.0-SNAPSHOT/hadoop-hdds-tools-0.5.0-SNAPSHOT.jar:/home/user/.m2/repository/org/apache/hadoop/hadoop-hdds-server-scm/0.5.0-SNAPSHOT/hadoop-hdds-server-scm-0.5.0-SNAPSHOT.jar:/home/user/.m2/repository/org/apache/hadoop/hadoop-hdds-docs/0.5.0-SNAPSHOT/hadoop-hdds-docs-0.5.0-SNAPSHOT.jar:/home/user/.m2/repository/io/dropwizard/metrics/metrics-core/3.2.4/metrics-core-3.2.4.jar:/home/user/.m2/repository/org/hamcrest/hamcrest-all/1.3/hamcrest-all-1.3.jar:/home/user/.m2/repository/org/bouncycastle/bcprov-jdk15on/1.60/bcprov-jdk15on-1.60.jar:/home/user/.m2/repository/info/picocli/picocli/3.9.6/picocli-3.9.6.jar:/home/user/.m2/repository/com/google/protobuf/protobuf-java/2.5.0/protobuf-java-2.5.0.jar:/home/user/.m2/repository/com/google/guava/guava/11.0.2/guava-11.0.2.jar:/home/user/.m2/repository/org/apache/hadoop/hadoop-ozone-ozone-manager/0.5.0-SNAPSHOT/hadoop-ozone-ozone-manager-0.5.0-SNAPSHOT.jar:/home/user/.m2/repository/org/apache/hadoop/hadoop-minikdc/3.2.0/hadoop-minikdc-3.2.0.jar:/home/user/.m2/repository/commons-io/commons-io/2.5/commons-io-2.5.jar:/home/user/.m2/repository/org/apache/kerby/kerb-simplekdc/1.0.1/kerb-simplekdc-1.0.1.jar:/home/user/.m2/repository/org/apache/kerby/kerb-client/1.0.1/kerb-client-1.0.1.jar:/home/user/.m2/repository/org/apache/kerby/kerby-config/1.0.1/kerby-config-1.0.1.jar:/home/user/.m2/repository/org/apache/kerby/kerb-core/1.0.1/kerb-core-1.0.1.jar:/home/user/.m2/repository/org/apache/kerby/kerby-pkix/1.0.1/kerby-pkix-1.0.1.jar:/home/user/.m2/repository/org/apache/kerby/kerby-asn1/1.0.1/kerby-asn1-1.0.1.jar:/home/user/.m2/repository/org/apache/kerby/kerby-util/1.0.1/kerby-util-1.0.1.jar:/home/user/.m2/repository/org/apache/kerby/kerb-common/1.0.1/kerb-common-1.0.1.jar:/home/user/.m2/repository/org/apache/kerby/kerb-crypto/1.0.1/kerb-crypto-1.0.1.jar:/home/user/.m2/repository/org/apache/kerby/kerb-util/1.0.1/kerb-util-1.0.1.jar:/home/user/.m2/repository/org/apache/kerby/token-provider/1.0.1/token-provider-1.0.1.jar:/home/user/.m2/repository/org/apache/kerby/kerb-admin/1.0.1/kerb-admin-1.0.1.jar:/home/user/.m2/repository/org/apache/kerby/kerb-server/1.0.1/kerb-server-1.0.1.jar:/home/user/.m2/repository/org/apache/kerby/kerb-identity/1.0.1/kerb-identity-1.0.1.jar:/home/user/.m2/repository/org/apache/kerby/kerby-xdr/1.0.1/kerby-xdr-1.0.1.jar:/home/user/.m2/repository/org/slf4j/slf4j-log4j12/1.7.25/slf4j-log4j12-1.7.25.jar:/home/user/.m2/repository/org/apache/hadoop/hadoop-ozone-s3gateway/0.5.0-SNAPSHOT/hadoop-ozone-s3gateway-0.5.0-SNAPSHOT.jar:/home/user/.m2/repository/org/jboss/weld/servlet/weld-servlet/2.4.7.Final/weld-servlet-2.4.7.Final.jar:/home/user/.m2/repository/org/glassfish/jersey/containers/jersey-container-servlet-core/2.27/jersey-container-servlet-core-2.27.jar:/home/user/.m2/repository/org/glassfish/hk2/external/javax.inject/2.5.0-b42/javax.inject-2.5.0-b42.jar:/home/user/.m2/repository/org/glassfish/jersey/core/jersey-common/2.27/jersey-common-2.27.jar:/home/user/.m2/repository/org/glassfish/hk2/osgi-resource-locator/1.0.1/osgi-resource-locator-1.0.1.jar:/home/user/.m2/repository/javax/ws/rs/javax.ws.rs-api/2.1/javax.ws.rs-api-2.1.jar:/home/user/.m2/repository/org/glassfish/jersey/ext/cdi/jersey-cdi1x/2.27/jersey-cdi1x-2.27.jar:/home/user/.m2/repository/org/glassfish/jersey/inject/jersey-hk2/2.27/jersey-hk2-2.27.jar:/home/user/.m2/repository/org/glassfish/hk2/hk2-locator/2.5.0-b42/hk2-locator-2.5.0-b42.jar:/home/user/.m2/repository/org/javassist/javassist/3.22.0-CR2/javassist-3.22.0-CR2.jar:/home/user/.m2/repository/org/glassfish/hk2/hk2-api/2.5.0/hk2-api-2.5.0.jar:/home/user/.m2/repository/org/glassfish/hk2/external/jakarta.inject/2.5.0/jakarta.inject-2.5.0.jar:/home/user/.m2/repository/org/glassfish/hk2/hk2-utils/2.5.0/hk2-utils-2.5.0.jar:/home/user/.m2/repository/jakarta/annotation/jakarta.annotation-api/1.3.4/jakarta.annotation-api-1.3.4.jar:/home/user/.m2/repository/org/glassfish/hk2/external/aopalliance-repackaged/2.5.0/aopalliance-repackaged-2.5.0.jar:/home/user/.m2/repository/com/fasterxml/jackson/dataformat/jackson-dataformat-xml/2.9.0/jackson-dataformat-xml-2.9.0.jar:/home/user/.m2/repository/com/fasterxml/jackson/core/jackson-core/2.9.9/jackson-core-2.9.9.jar:/home/user/.m2/repository/com/fasterxml/jackson/module/jackson-module-jaxb-annotations/2.9.9/jackson-module-jaxb-annotations-2.9.9.jar:/home/user/.m2/repository/javax/enterprise/cdi-api/1.2/cdi-api-1.2.jar:/home/user/.m2/repository/javax/el/javax.el-api/3.0.0/javax.el-api-3.0.0.jar:/home/user/.m2/repository/javax/interceptor/javax.interceptor-api/1.2/javax.interceptor-api-1.2.jar:/home/user/.m2/repository/javax/inject/javax.inject/1/javax.inject-1.jar:/home/user/.m2/repository/com/sun/xml/bind/jaxb-impl/2.3.0.1/jaxb-impl-2.3.0.1.jar:/home/user/.m2/repository/com/sun/xml/bind/jaxb-core/2.3.0.1/jaxb-core-2.3.0.1.jar:/home/user/.m2/repository/javax/xml/bind/jaxb-api/2.3.0/jaxb-api-2.3.0.jar:/home/user/.m2/repository/javax/activation/activation/1.1.1/activation-1.1.1.jar:/home/user/.m2/repository/org/apache/hadoop/hadoop-ozone-csi/0.5.0-SNAPSHOT/hadoop-ozone-csi-0.5.0-SNAPSHOT.jar:/home/user/.m2/repository/com/google/protobuf/protobuf-java-util/3.5.1/protobuf-java-util-3.5.1.jar:/home/user/.m2/repository/org/apache/hadoop/hadoop-hdds-config/0.5.0-SNAPSHOT/hadoop-hdds-config-0.5.0-SNAPSHOT.jar:/home/user/.m2/repository/io/grpc/grpc-netty/1.17.1/grpc-netty-1.17.1.jar:/home/user/.m2/repository/io/grpc/grpc-core/1.17.1/grpc-core-1.17.1.jar:/home/user/.m2/repository/io/grpc/grpc-context/1.17.1/grpc-context-1.17.1.jar:/home/user/.m2/repository/com/google/errorprone/error_prone_annotations/2.2.0/error_prone_annotations-2.2.0.jar:/home/user/.m2/repository/org/codehaus/mojo/animal-sniffer-annotations/1.17/animal-sniffer-annotations-1.17.jar:/home/user/.m2/repository/io/opencensus/opencensus-api/0.17.0/opencensus-api-0.17.0.jar:/home/user/.m2/repository/io/opencensus/opencensus-contrib-grpc-metrics/0.17.0/opencensus-contrib-grpc-metrics-0.17.0.jar:/home/user/.m2/repository/io/netty/netty-codec-http2/4.1.30.Final/netty-codec-http2-4.1.30.Final.jar:/home/user/.m2/repository/io/netty/netty-codec-http/4.1.30.Final/netty-codec-http-4.1.30.Final.jar:/home/user/.m2/repository/io/netty/netty-codec/4.1.30.Final/netty-codec-4.1.30.Final.jar:/home/user/.m2/repository/io/netty/netty-handler/4.1.30.Final/netty-handler-4.1.30.Final.jar:/home/user/.m2/repository/io/netty/netty-handler-proxy/4.1.30.Final/netty-handler-proxy-4.1.30.Final.jar:/home/user/.m2/repository/io/netty/netty-codec-socks/4.1.30.Final/netty-codec-socks-4.1.30.Final.jar:/home/user/.m2/repository/io/netty/netty-transport-native-epoll/4.1.30.Final/netty-transport-native-epoll-4.1.30.Final.jar:/home/user/.m2/repository/io/netty/netty-common/4.1.30.Final/netty-common-4.1.30.Final.jar:/home/user/.m2/repository/io/netty/netty-buffer/4.1.30.Final/netty-buffer-4.1.30.Final.jar:/home/user/.m2/repository/io/netty/netty-transport/4.1.30.Final/netty-transport-4.1.30.Final.jar:/home/user/.m2/repository/io/netty/netty-resolver/4.1.30.Final/netty-resolver-4.1.30.Final.jar:/home/user/.m2/repository/io/netty/netty-transport-native-unix-common/4.1.30.Final/netty-transport-native-unix-common-4.1.30.Final.jar:/home/user/.m2/repository/io/grpc/grpc-protobuf/1.17.1/grpc-protobuf-1.17.1.jar:/home/user/.m2/repository/com/google/api/grpc/proto-google-common-protos/1.0.0/proto-google-common-protos-1.0.0.jar:/home/user/.m2/repository/io/grpc/grpc-protobuf-lite/1.17.1/grpc-protobuf-lite-1.17.1.jar:/home/user/.m2/repository/io/grpc/grpc-stub/1.17.1/grpc-stub-1.17.1.jar:/home/user/.m2/repository/org/apache/hadoop/hadoop-ozone-recon/0.5.0-SNAPSHOT/hadoop-ozone-recon-0.5.0-SNAPSHOT.jar:/home/user/.m2/repository/org/apache/hadoop/hadoop-ozone-reconcodegen/0.5.0-SNAPSHOT/hadoop-ozone-reconcodegen-0.5.0-SNAPSHOT.jar:/home/user/.m2/repository/com/google/inject/extensions/guice-multibindings/4.0/guice-multibindings-4.0.jar:/home/user/.m2/repository/com/google/inject/guice/4.0/guice-4.0.jar:/home/user/.m2/repository/aopalliance/aopalliance/1.0/aopalliance-1.0.jar:/home/user/.m2/repository/com/google/inject/extensions/guice-servlet/4.0/guice-servlet-4.0.jar:/home/user/.m2/repository/org/glassfish/jersey/containers/jersey-container-servlet/2.27/jersey-container-servlet-2.27.jar:/home/user/.m2/repository/org/glassfish/hk2/guice-bridge/2.5.0/guice-bridge-2.5.0.jar:/home/user/.m2/repository/org/glassfish/jersey/core/jersey-server/2.27/jersey-server-2.27.jar:/home/user/.m2/repository/org/glassfish/jersey/core/jersey-client/2.27/jersey-client-2.27.jar:/home/user/.m2/repository/org/glassfish/jersey/media/jersey-media-jaxb/2.27/jersey-media-jaxb-2.27.jar:/home/user/.m2/repository/javax/validation/validation-api/1.1.0.Final/validation-api-1.1.0.Final.jar:/home/user/.m2/repository/org/glassfish/jersey/media/jersey-media-json-jackson/2.27/jersey-media-json-jackson-2.27.jar:/home/user/.m2/repository/org/glassfish/jersey/ext/jersey-entity-filtering/2.27/jersey-entity-filtering-2.27.jar:/home/user/.m2/repository/com/google/inject/extensions/guice-assistedinject/4.0/guice-assistedinject-4.0.jar:/home/user/.m2/repository/org/jooq/jooq/3.11.10/jooq-3.11.10.jar:/home/user/.m2/repository/org/jooq/jooq-meta/3.11.10/jooq-meta-3.11.10.jar:/home/user/.m2/repository/org/jooq/jooq-codegen/3.11.10/jooq-codegen-3.11.10.jar:/home/user/.m2/repository/com/jolbox/bonecp/0.8.0.RELEASE/bonecp-0.8.0.RELEASE.jar:/home/user/.m2/repository/org/xerial/sqlite-jdbc/3.25.2/sqlite-jdbc-3.25.2.jar:/home/user/.m2/repository/org/springframework/spring-jdbc/5.1.3.RELEASE/spring-jdbc-5.1.3.RELEASE.jar:/home/user/.m2/repository/org/springframework/spring-beans/5.1.3.RELEASE/spring-beans-5.1.3.RELEASE.jar:/home/user/.m2/repository/org/springframework/spring-core/5.1.3.RELEASE/spring-core-5.1.3.RELEASE.jar:/home/user/.m2/repository/org/springframework/spring-jcl/5.1.3.RELEASE/spring-jcl-5.1.3.RELEASE.jar:/home/user/.m2/repository/org/springframework/spring-tx/5.1.3.RELEASE/spring-tx-5.1.3.RELEASE.jar:/home/user/.m2/repository/org/apache/hadoop/hadoop-ozone-client/0.5.0-SNAPSHOT/hadoop-ozone-client-0.5.0-SNAPSHOT.jar:/home/user/.m2/repository/commons-lang/commons-lang/2.6/commons-lang-2.6.jar:/home/user/.m2/repository/org/apache/hadoop/hadoop-ozone-ozone-manager/0.5.0-SNAPSHOT/hadoop-ozone-ozone-manager-0.5.0-SNAPSHOT-tests.jar:/home/user/.m2/repository/junit/junit/4.11/junit-4.11.jar:/home/user/.m2/repository/org/hamcrest/hamcrest-core/1.3/hamcrest-core-1.3.jar:/home/user/.m2/repository/org/openjdk/jmh/jmh-core/1.19/jmh-core-1.19.jar:/home/user/.m2/repository/net/sf/jopt-simple/jopt-simple/4.6/jopt-simple-4.6.jar:/home/user/.m2/repository/org/apache/commons/commons-math3/3.1.1/commons-math3-3.1.1.jar:/home/user/.m2/repository/org/openjdk/jmh/jmh-generator-annprocess/1.19/jmh-generator-annprocess-1.19.jar:/home/user/.m2/repository/org/mockito/mockito-all/1.8.5/mockito-all-1.8.5.jar:/home/user/.m2/repository/org/apache/hadoop/hadoop-kms/3.2.0/hadoop-kms-3.2.0.jar:/home/user/.m2/repository/org/apache/hadoop/hadoop-auth/3.2.0/hadoop-auth-3.2.0.jar:/home/user/.m2/repository/com/nimbusds/nimbus-jose-jwt/4.41.1/nimbus-jose-jwt-4.41.1.jar:/home/user/.m2/repository/com/github/stephenc/jcip/jcip-annotations/1.0-1/jcip-annotations-1.0-1.jar:/home/user/.m2/repository/net/minidev/json-smart/2.3/json-smart-2.3.jar:/home/user/.m2/repository/net/minidev/accessors-smart/1.2/accessors-smart-1.2.jar:/home/user/.m2/repository/org/ow2/asm/asm/5.0.4/asm-5.0.4.jar:/home/user/.m2/repository/org/apache/curator/curator-framework/2.12.0/curator-framework-2.12.0.jar:/home/user/.m2/repository/com/sun/jersey/jersey-core/1.19/jersey-core-1.19.jar:/home/user/.m2/repository/javax/ws/rs/jsr311-api/1.1.1/jsr311-api-1.1.1.jar:/home/user/.m2/repository/com/sun/jersey/jersey-server/1.19/jersey-server-1.19.jar:/home/user/.m2/repository/javax/servlet/javax.servlet-api/3.1.0/javax.servlet-api-3.1.0.jar:/home/user/.m2/repository/org/eclipse/jetty/jetty-server/9.3.25.v20180904/jetty-server-9.3.25.v20180904.jar:/home/user/.m2/repository/org/eclipse/jetty/jetty-http/9.3.25.v20180904/jetty-http-9.3.25.v20180904.jar:/home/user/.m2/repository/org/eclipse/jetty/jetty-io/9.3.25.v20180904/jetty-io-9.3.25.v20180904.jar:/home/user/.m2/repository/org/eclipse/jetty/jetty-webapp/9.3.25.v20180904/jetty-webapp-9.3.25.v20180904.jar:/home/user/.m2/repository/org/eclipse/jetty/jetty-xml/9.3.25.v20180904/jetty-xml-9.3.25.v20180904.jar:/home/user/.m2/repository/log4j/log4j/1.2.17/log4j-1.2.17.jar:/home/user/.m2/repository/org/slf4j/slf4j-api/1.7.25/slf4j-api-1.7.25.jar:/home/user/.m2/repository/org/slf4j/jul-to-slf4j/1.7.25/jul-to-slf4j-1.7.25.jar:/home/user/.m2/repository/org/eclipse/jetty/jetty-util/9.3.25.v20180904/jetty-util-9.3.25.v20180904.jar:/home/user/.m2/repository/com/fasterxml/jackson/core/jackson-databind/2.9.9/jackson-databind-2.9.9.jar:/home/user/.m2/repository/org/apache/hadoop/hadoop-kms/3.2.0/hadoop-kms-3.2.0-tests.jar:/home/user/.m2/repository/org/apache/hadoop/hadoop-hdds-server-scm/0.5.0-SNAPSHOT/hadoop-hdds-server-scm-0.5.0-SNAPSHOT-tests.jar:/home/user/.m2/repository/org/apache/hadoop/hadoop-hdds-container-service/0.5.0-SNAPSHOT/hadoop-hdds-container-service-0.5.0-SNAPSHOT-tests.jar:/home/user/.m2/repository/org/yaml/snakeyaml/1.16/snakeyaml-1.16.jar:/home/user/.m2/repository/org/apache/hadoop/hadoop-common/3.2.0/hadoop-common-3.2.0-tests.jar:/home/user/.m2/repository/org/apache/hadoop/hadoop-annotations/3.2.0/hadoop-annotations-3.2.0.jar:/usr/lib/jvm/java-1.8-openjdk/jre/../lib/tools.jar:/home/user/.m2/repository/commons-cli/commons-cli/1.2/commons-cli-1.2.jar:/home/user/.m2/repository/org/apache/httpcomponents/httpclient/4.5.2/httpclient-4.5.2.jar:/home/user/.m2/repository/org/apache/httpcomponents/httpcore/4.4.4/httpcore-4.4.4.jar:/home/user/.m2/repository/commons-codec/commons-codec/1.11/commons-codec-1.11.jar:/home/user/.m2/repository/commons-net/commons-net/3.6/commons-net-3.6.jar:/home/user/.m2/repository/commons-collections/commons-collections/3.2.2/commons-collections-3.2.2.jar:/home/user/.m2/repository/org/eclipse/jetty/jetty-servlet/9.3.25.v20180904/jetty-servlet-9.3.25.v20180904.jar:/home/user/.m2/repository/org/eclipse/jetty/jetty-security/9.3.25.v20180904/jetty-security-9.3.25.v20180904.jar:/home/user/.m2/repository/javax/servlet/jsp/jsp-api/2.1/jsp-api-2.1.jar:/home/user/.m2/repository/com/sun/jersey/jersey-servlet/1.19/jersey-servlet-1.19.jar:/home/user/.m2/repository/com/sun/jersey/jersey-json/1.19/jersey-json-1.19.jar:/home/user/.m2/repository/org/codehaus/jettison/jettison/1.1/jettison-1.1.jar:/home/user/.m2/repository/org/codehaus/jackson/jackson-core-asl/1.9.13/jackson-core-asl-1.9.13.jar:/home/user/.m2/repository/org/codehaus/jackson/jackson-mapper-asl/1.9.13/jackson-mapper-asl-1.9.13.jar:/home/user/.m2/repository/org/codehaus/jackson/jackson-jaxrs/1.9.13/jackson-jaxrs-1.9.13.jar:/home/user/.m2/repository/org/codehaus/jackson/jackson-xc/1.9.13/jackson-xc-1.9.13.jar:/home/user/.m2/repository/commons-logging/commons-logging/1.1.3/commons-logging-1.1.3.jar:/home/user/.m2/repository/commons-beanutils/commons-beanutils/1.9.4/commons-beanutils-1.9.4.jar:/home/user/.m2/repository/org/apache/commons/commons-configuration2/2.1.1/commons-configuration2-2.1.1.jar:/home/user/.m2/repository/org/apache/commons/commons-lang3/3.7/commons-lang3-3.7.jar:/home/user/.m2/repository/org/apache/commons/commons-text/1.4/commons-text-1.4.jar:/home/user/.m2/repository/org/apache/avro/avro/1.7.7/avro-1.7.7.jar:/home/user/.m2/repository/com/thoughtworks/paranamer/paranamer/2.3/paranamer-2.3.jar:/home/user/.m2/repository/org/xerial/snappy/snappy-java/1.0.5/snappy-java-1.0.5.jar:/home/user/.m2/repository/com/google/re2j/re2j/1.1/re2j-1.1.jar:/home/user/.m2/repository/com/google/code/gson/gson/2.2.4/gson-2.2.4.jar:/home/user/.m2/repository/com/jcraft/jsch/0.1.54/jsch-0.1.54.jar:/home/user/.m2/repository/org/apache/curator/curator-client/2.12.0/curator-client-2.12.0.jar:/home/user/.m2/repository/org/apache/curator/curator-recipes/2.12.0/curator-recipes-2.12.0.jar:/home/user/.m2/repository/com/google/code/findbugs/jsr305/3.0.0/jsr305-3.0.0.jar:/home/user/.m2/repository/org/apache/htrace/htrace-core4/4.1.0-incubating/htrace-core4-4.1.0-incubating.jar:/home/user/.m2/repository/org/apache/zookeeper/zookeeper/3.4.13/zookeeper-3.4.13.jar:/home/user/.m2/repository/jline/jline/0.9.94/jline-0.9.94.jar:/home/user/.m2/repository/org/apache/yetus/audience-annotations/0.5.0/audience-annotations-0.5.0.jar:/home/user/.m2/repository/org/codehaus/woodstox/stax2-api/3.1.4/stax2-api-3.1.4.jar:/home/user/.m2/repository/com/fasterxml/woodstox/woodstox-core/5.0.3/woodstox-core-5.0.3.jar:/home/user/.m2/repository/dnsjava/dnsjava/2.1.7/dnsjava-2.1.7.jar:/home/user/.m2/repository/org/apache/hadoop/hadoop-hdfs/3.2.0/hadoop-hdfs-3.2.0-tests.jar:/home/user/.m2/repository/org/eclipse/jetty/jetty-util-ajax/9.3.25.v20180904/jetty-util-ajax-9.3.25.v20180904.jar:/home/user/.m2/repository/commons-daemon/commons-daemon/1.0.13/commons-daemon-1.0.13.jar:/home/user/.m2/repository/io/netty/netty/3.10.5.Final/netty-3.10.5.Final.jar:/home/user/.m2/repository/io/netty/netty-all/4.0.52.Final/netty-all-4.0.52.Final.jar:/home/user/.m2/repository/org/fusesource/leveldbjni/leveldbjni-all/1.8/leveldbjni-all-1.8.jar:"/>
    <property name="java.vm.vendor" value="IcedTea"/>
    <property name="sun.arch.data.model" value="64"/>
    <property name="test.build.dir" value="/workdir/hadoop-ozone/integration-test/target/test-dir"/>
    <property name="test.cache.data" value=""/>
    <property name="java.vendor.url" value="https://icedtea.classpath.org"/>
    <property name="user.timezone" value=""/>
    <property name="java.vm.specification.version" value="1.8"/>
    <property name="os.name" value="Linux"/>
    <property name="test.build.data" value="/workdir/hadoop-ozone/integration-test/target/test-dir"/>
    <property name="user.country" value="US"/>
    <property name="sun.java.launcher" value="SUN_STANDARD"/>
    <property name="sun.boot.library.path" value="/usr/lib/jvm/java-1.8-openjdk/jre/lib/amd64"/>
    <property name="sun.java.command" value="/workdir/hadoop-ozone/integration-test/target/surefire/surefirebooter8895516746592969133.jar /workdir/hadoop-ozone/integration-test/target/surefire 2019-10-01T23-37-09_404-jvmRun1 surefire5634454596822822696tmp surefire_633353664844862651019tmp"/>
    <property name="test" value="!TestMiniChaosOzoneCluster"/>
    <property name="surefire.test.class.path" value="/workdir/hadoop-ozone/integration-test/target/test-classes:/workdir/hadoop-ozone/integration-test/target/classes:/home/user/.m2/repository/org/apache/hadoop/hadoop-ozone-common/0.5.0-SNAPSHOT/hadoop-ozone-common-0.5.0-SNAPSHOT.jar:/home/user/.m2/repository/org/apache/commons/commons-compress/1.4.1/commons-compress-1.4.1.jar:/home/user/.m2/repository/org/tukaani/xz/1.0/xz-1.0.jar:/home/user/.m2/repository/org/apache/hadoop/hadoop-common/3.2.0/hadoop-common-3.2.0.jar:/home/user/.m2/repository/org/apache/hadoop/hadoop-hdfs/3.2.0/hadoop-hdfs-3.2.0.jar:/home/user/.m2/repository/org/apache/hadoop/hadoop-hdfs-client/3.2.0/hadoop-hdfs-client-3.2.0.jar:/home/user/.m2/repository/com/fasterxml/jackson/core/jackson-annotations/2.9.9/jackson-annotations-2.9.9.jar:/home/user/.m2/repository/org/apache/hadoop/hadoop-hdds-common/0.5.0-SNAPSHOT/hadoop-hdds-common-0.5.0-SNAPSHOT.jar:/home/user/.m2/repository/javax/annotation/javax.annotation-api/1.2/javax.annotation-api-1.2.jar:/home/user/.m2/repository/org/apache/ratis/ratis-server/0.5.0-201fc85-SNAPSHOT/ratis-server-0.5.0-201fc85-SNAPSHOT.jar:/home/user/.m2/repository/org/apache/ratis/ratis-thirdparty-misc/0.2.0/ratis-thirdparty-misc-0.2.0.jar:/home/user/.m2/repository/org/apache/ratis/ratis-proto/0.5.0-201fc85-SNAPSHOT/ratis-proto-0.5.0-201fc85-SNAPSHOT.jar:/home/user/.m2/repository/org/apache/ratis/ratis-common/0.5.0-201fc85-SNAPSHOT/ratis-common-0.5.0-201fc85-SNAPSHOT.jar:/home/user/.m2/repository/org/apache/ratis/ratis-client/0.5.0-201fc85-SNAPSHOT/ratis-client-0.5.0-201fc85-SNAPSHOT.jar:/home/user/.m2/repository/org/apache/ratis/ratis-metrics/0.5.0-201fc85-SNAPSHOT/ratis-metrics-0.5.0-201fc85-SNAPSHOT.jar:/home/user/.m2/repository/com/github/joshelser/dropwizard-metrics-hadoop-metrics2-reporter/0.1.2/dropwizard-metrics-hadoop-metrics2-reporter-0.1.2.jar:/home/user/.m2/repository/io/dropwizard/metrics/metrics-jvm/3.2.5/metrics-jvm-3.2.5.jar:/home/user/.m2/repository/io/dropwizard/metrics/metrics-ganglia/3.2.5/metrics-ganglia-3.2.5.jar:/home/user/.m2/repository/info/ganglia/gmetric4j/gmetric4j/1.0.7/gmetric4j-1.0.7.jar:/home/user/.m2/repository/org/apache/ratis/ratis-netty/0.5.0-201fc85-SNAPSHOT/ratis-netty-0.5.0-201fc85-SNAPSHOT.jar:/home/user/.m2/repository/org/apache/ratis/ratis-grpc/0.5.0-201fc85-SNAPSHOT/ratis-grpc-0.5.0-201fc85-SNAPSHOT.jar:/home/user/.m2/repository/org/rocksdb/rocksdbjni/6.0.1/rocksdbjni-6.0.1.jar:/home/user/.m2/repository/org/apache/logging/log4j/log4j-api/2.11.0/log4j-api-2.11.0.jar:/home/user/.m2/repository/org/apache/logging/log4j/log4j-core/2.11.0/log4j-core-2.11.0.jar:/home/user/.m2/repository/com/lmax/disruptor/3.4.2/disruptor-3.4.2.jar:/home/user/.m2/repository/org/apache/commons/commons-pool2/2.6.0/commons-pool2-2.6.0.jar:/home/user/.m2/repository/org/bouncycastle/bcpkix-jdk15on/1.60/bcpkix-jdk15on-1.60.jar:/home/user/.m2/repository/commons-validator/commons-validator/1.6/commons-validator-1.6.jar:/home/user/.m2/repository/commons-digester/commons-digester/1.8.1/commons-digester-1.8.1.jar:/home/user/.m2/repository/io/jaegertracing/jaeger-client/0.34.0/jaeger-client-0.34.0.jar:/home/user/.m2/repository/io/jaegertracing/jaeger-thrift/0.34.0/jaeger-thrift-0.34.0.jar:/home/user/.m2/repository/org/apache/thrift/libthrift/0.12.0/libthrift-0.12.0.jar:/home/user/.m2/repository/com/squareup/okhttp3/okhttp/3.9.0/okhttp-3.9.0.jar:/home/user/.m2/repository/com/squareup/okio/okio/1.13.0/okio-1.13.0.jar:/home/user/.m2/repository/io/jaegertracing/jaeger-core/0.34.0/jaeger-core-0.34.0.jar:/home/user/.m2/repository/io/jaegertracing/jaeger-tracerresolver/0.34.0/jaeger-tracerresolver-0.34.0.jar:/home/user/.m2/repository/io/opentracing/contrib/opentracing-tracerresolver/0.1.5/opentracing-tracerresolver-0.1.5.jar:/home/user/.m2/repository/io/opentracing/opentracing-util/0.31.0/opentracing-util-0.31.0.jar:/home/user/.m2/repository/io/opentracing/opentracing-api/0.31.0/opentracing-api-0.31.0.jar:/home/user/.m2/repository/io/opentracing/opentracing-noop/0.31.0/opentracing-noop-0.31.0.jar:/home/user/.m2/repository/org/apache/hadoop/hadoop-hdds-server-framework/0.5.0-SNAPSHOT/hadoop-hdds-server-framework-0.5.0-SNAPSHOT.jar:/home/user/.m2/repository/org/apache/hadoop/hadoop-hdds-container-service/0.5.0-SNAPSHOT/hadoop-hdds-container-service-0.5.0-SNAPSHOT.jar:/home/user/.m2/repository/org/apache/hadoop/hadoop-hdds-client/0.5.0-SNAPSHOT/hadoop-hdds-client-0.5.0-SNAPSHOT.jar:/home/user/.m2/repository/org/apache/hadoop/hadoop-hdds-tools/0.5.0-SNAPSHOT/hadoop-hdds-tools-0.5.0-SNAPSHOT.jar:/home/user/.m2/repository/org/apache/hadoop/hadoop-hdds-server-scm/0.5.0-SNAPSHOT/hadoop-hdds-server-scm-0.5.0-SNAPSHOT.jar:/home/user/.m2/repository/org/apache/hadoop/hadoop-hdds-docs/0.5.0-SNAPSHOT/hadoop-hdds-docs-0.5.0-SNAPSHOT.jar:/home/user/.m2/repository/io/dropwizard/metrics/metrics-core/3.2.4/metrics-core-3.2.4.jar:/home/user/.m2/repository/org/hamcrest/hamcrest-all/1.3/hamcrest-all-1.3.jar:/home/user/.m2/repository/org/bouncycastle/bcprov-jdk15on/1.60/bcprov-jdk15on-1.60.jar:/home/user/.m2/repository/info/picocli/picocli/3.9.6/picocli-3.9.6.jar:/home/user/.m2/repository/com/google/protobuf/protobuf-java/2.5.0/protobuf-java-2.5.0.jar:/home/user/.m2/repository/com/google/guava/guava/11.0.2/guava-11.0.2.jar:/home/user/.m2/repository/org/apache/hadoop/hadoop-ozone-ozone-manager/0.5.0-SNAPSHOT/hadoop-ozone-ozone-manager-0.5.0-SNAPSHOT.jar:/home/user/.m2/repository/org/apache/hadoop/hadoop-minikdc/3.2.0/hadoop-minikdc-3.2.0.jar:/home/user/.m2/repository/commons-io/commons-io/2.5/commons-io-2.5.jar:/home/user/.m2/repository/org/apache/kerby/kerb-simplekdc/1.0.1/kerb-simplekdc-1.0.1.jar:/home/user/.m2/repository/org/apache/kerby/kerb-client/1.0.1/kerb-client-1.0.1.jar:/home/user/.m2/repository/org/apache/kerby/kerby-config/1.0.1/kerby-config-1.0.1.jar:/home/user/.m2/repository/org/apache/kerby/kerb-core/1.0.1/kerb-core-1.0.1.jar:/home/user/.m2/repository/org/apache/kerby/kerby-pkix/1.0.1/kerby-pkix-1.0.1.jar:/home/user/.m2/repository/org/apache/kerby/kerby-asn1/1.0.1/kerby-asn1-1.0.1.jar:/home/user/.m2/repository/org/apache/kerby/kerby-util/1.0.1/kerby-util-1.0.1.jar:/home/user/.m2/repository/org/apache/kerby/kerb-common/1.0.1/kerb-common-1.0.1.jar:/home/user/.m2/repository/org/apache/kerby/kerb-crypto/1.0.1/kerb-crypto-1.0.1.jar:/home/user/.m2/repository/org/apache/kerby/kerb-util/1.0.1/kerb-util-1.0.1.jar:/home/user/.m2/repository/org/apache/kerby/token-provider/1.0.1/token-provider-1.0.1.jar:/home/user/.m2/repository/org/apache/kerby/kerb-admin/1.0.1/kerb-admin-1.0.1.jar:/home/user/.m2/repository/org/apache/kerby/kerb-server/1.0.1/kerb-server-1.0.1.jar:/home/user/.m2/repository/org/apache/kerby/kerb-identity/1.0.1/kerb-identity-1.0.1.jar:/home/user/.m2/repository/org/apache/kerby/kerby-xdr/1.0.1/kerby-xdr-1.0.1.jar:/home/user/.m2/repository/org/slf4j/slf4j-log4j12/1.7.25/slf4j-log4j12-1.7.25.jar:/home/user/.m2/repository/org/apache/hadoop/hadoop-ozone-s3gateway/0.5.0-SNAPSHOT/hadoop-ozone-s3gateway-0.5.0-SNAPSHOT.jar:/home/user/.m2/repository/org/jboss/weld/servlet/weld-servlet/2.4.7.Final/weld-servlet-2.4.7.Final.jar:/home/user/.m2/repository/org/glassfish/jersey/containers/jersey-container-servlet-core/2.27/jersey-container-servlet-core-2.27.jar:/home/user/.m2/repository/org/glassfish/hk2/external/javax.inject/2.5.0-b42/javax.inject-2.5.0-b42.jar:/home/user/.m2/repository/org/glassfish/jersey/core/jersey-common/2.27/jersey-common-2.27.jar:/home/user/.m2/repository/org/glassfish/hk2/osgi-resource-locator/1.0.1/osgi-resource-locator-1.0.1.jar:/home/user/.m2/repository/javax/ws/rs/javax.ws.rs-api/2.1/javax.ws.rs-api-2.1.jar:/home/user/.m2/repository/org/glassfish/jersey/ext/cdi/jersey-cdi1x/2.27/jersey-cdi1x-2.27.jar:/home/user/.m2/repository/org/glassfish/jersey/inject/jersey-hk2/2.27/jersey-hk2-2.27.jar:/home/user/.m2/repository/org/glassfish/hk2/hk2-locator/2.5.0-b42/hk2-locator-2.5.0-b42.jar:/home/user/.m2/repository/org/javassist/javassist/3.22.0-CR2/javassist-3.22.0-CR2.jar:/home/user/.m2/repository/org/glassfish/hk2/hk2-api/2.5.0/hk2-api-2.5.0.jar:/home/user/.m2/repository/org/glassfish/hk2/external/jakarta.inject/2.5.0/jakarta.inject-2.5.0.jar:/home/user/.m2/repository/org/glassfish/hk2/hk2-utils/2.5.0/hk2-utils-2.5.0.jar:/home/user/.m2/repository/jakarta/annotation/jakarta.annotation-api/1.3.4/jakarta.annotation-api-1.3.4.jar:/home/user/.m2/repository/org/glassfish/hk2/external/aopalliance-repackaged/2.5.0/aopalliance-repackaged-2.5.0.jar:/home/user/.m2/repository/com/fasterxml/jackson/dataformat/jackson-dataformat-xml/2.9.0/jackson-dataformat-xml-2.9.0.jar:/home/user/.m2/repository/com/fasterxml/jackson/core/jackson-core/2.9.9/jackson-core-2.9.9.jar:/home/user/.m2/repository/com/fasterxml/jackson/module/jackson-module-jaxb-annotations/2.9.9/jackson-module-jaxb-annotations-2.9.9.jar:/home/user/.m2/repository/javax/enterprise/cdi-api/1.2/cdi-api-1.2.jar:/home/user/.m2/repository/javax/el/javax.el-api/3.0.0/javax.el-api-3.0.0.jar:/home/user/.m2/repository/javax/interceptor/javax.interceptor-api/1.2/javax.interceptor-api-1.2.jar:/home/user/.m2/repository/javax/inject/javax.inject/1/javax.inject-1.jar:/home/user/.m2/repository/com/sun/xml/bind/jaxb-impl/2.3.0.1/jaxb-impl-2.3.0.1.jar:/home/user/.m2/repository/com/sun/xml/bind/jaxb-core/2.3.0.1/jaxb-core-2.3.0.1.jar:/home/user/.m2/repository/javax/xml/bind/jaxb-api/2.3.0/jaxb-api-2.3.0.jar:/home/user/.m2/repository/javax/activation/activation/1.1.1/activation-1.1.1.jar:/home/user/.m2/repository/org/apache/hadoop/hadoop-ozone-csi/0.5.0-SNAPSHOT/hadoop-ozone-csi-0.5.0-SNAPSHOT.jar:/home/user/.m2/repository/com/google/protobuf/protobuf-java-util/3.5.1/protobuf-java-util-3.5.1.jar:/home/user/.m2/repository/org/apache/hadoop/hadoop-hdds-config/0.5.0-SNAPSHOT/hadoop-hdds-config-0.5.0-SNAPSHOT.jar:/home/user/.m2/repository/io/grpc/grpc-netty/1.17.1/grpc-netty-1.17.1.jar:/home/user/.m2/repository/io/grpc/grpc-core/1.17.1/grpc-core-1.17.1.jar:/home/user/.m2/repository/io/grpc/grpc-context/1.17.1/grpc-context-1.17.1.jar:/home/user/.m2/repository/com/google/errorprone/error_prone_annotations/2.2.0/error_prone_annotations-2.2.0.jar:/home/user/.m2/repository/org/codehaus/mojo/animal-sniffer-annotations/1.17/animal-sniffer-annotations-1.17.jar:/home/user/.m2/repository/io/opencensus/opencensus-api/0.17.0/opencensus-api-0.17.0.jar:/home/user/.m2/repository/io/opencensus/opencensus-contrib-grpc-metrics/0.17.0/opencensus-contrib-grpc-metrics-0.17.0.jar:/home/user/.m2/repository/io/netty/netty-codec-http2/4.1.30.Final/netty-codec-http2-4.1.30.Final.jar:/home/user/.m2/repository/io/netty/netty-codec-http/4.1.30.Final/netty-codec-http-4.1.30.Final.jar:/home/user/.m2/repository/io/netty/netty-codec/4.1.30.Final/netty-codec-4.1.30.Final.jar:/home/user/.m2/repository/io/netty/netty-handler/4.1.30.Final/netty-handler-4.1.30.Final.jar:/home/user/.m2/repository/io/netty/netty-handler-proxy/4.1.30.Final/netty-handler-proxy-4.1.30.Final.jar:/home/user/.m2/repository/io/netty/netty-codec-socks/4.1.30.Final/netty-codec-socks-4.1.30.Final.jar:/home/user/.m2/repository/io/netty/netty-transport-native-epoll/4.1.30.Final/netty-transport-native-epoll-4.1.30.Final.jar:/home/user/.m2/repository/io/netty/netty-common/4.1.30.Final/netty-common-4.1.30.Final.jar:/home/user/.m2/repository/io/netty/netty-buffer/4.1.30.Final/netty-buffer-4.1.30.Final.jar:/home/user/.m2/repository/io/netty/netty-transport/4.1.30.Final/netty-transport-4.1.30.Final.jar:/home/user/.m2/repository/io/netty/netty-resolver/4.1.30.Final/netty-resolver-4.1.30.Final.jar:/home/user/.m2/repository/io/netty/netty-transport-native-unix-common/4.1.30.Final/netty-transport-native-unix-common-4.1.30.Final.jar:/home/user/.m2/repository/io/grpc/grpc-protobuf/1.17.1/grpc-protobuf-1.17.1.jar:/home/user/.m2/repository/com/google/api/grpc/proto-google-common-protos/1.0.0/proto-google-common-protos-1.0.0.jar:/home/user/.m2/repository/io/grpc/grpc-protobuf-lite/1.17.1/grpc-protobuf-lite-1.17.1.jar:/home/user/.m2/repository/io/grpc/grpc-stub/1.17.1/grpc-stub-1.17.1.jar:/home/user/.m2/repository/org/apache/hadoop/hadoop-ozone-recon/0.5.0-SNAPSHOT/hadoop-ozone-recon-0.5.0-SNAPSHOT.jar:/home/user/.m2/repository/org/apache/hadoop/hadoop-ozone-reconcodegen/0.5.0-SNAPSHOT/hadoop-ozone-reconcodegen-0.5.0-SNAPSHOT.jar:/home/user/.m2/repository/com/google/inject/extensions/guice-multibindings/4.0/guice-multibindings-4.0.jar:/home/user/.m2/repository/com/google/inject/guice/4.0/guice-4.0.jar:/home/user/.m2/repository/aopalliance/aopalliance/1.0/aopalliance-1.0.jar:/home/user/.m2/repository/com/google/inject/extensions/guice-servlet/4.0/guice-servlet-4.0.jar:/home/user/.m2/repository/org/glassfish/jersey/containers/jersey-container-servlet/2.27/jersey-container-servlet-2.27.jar:/home/user/.m2/repository/org/glassfish/hk2/guice-bridge/2.5.0/guice-bridge-2.5.0.jar:/home/user/.m2/repository/org/glassfish/jersey/core/jersey-server/2.27/jersey-server-2.27.jar:/home/user/.m2/repository/org/glassfish/jersey/core/jersey-client/2.27/jersey-client-2.27.jar:/home/user/.m2/repository/org/glassfish/jersey/media/jersey-media-jaxb/2.27/jersey-media-jaxb-2.27.jar:/home/user/.m2/repository/javax/validation/validation-api/1.1.0.Final/validation-api-1.1.0.Final.jar:/home/user/.m2/repository/org/glassfish/jersey/media/jersey-media-json-jackson/2.27/jersey-media-json-jackson-2.27.jar:/home/user/.m2/repository/org/glassfish/jersey/ext/jersey-entity-filtering/2.27/jersey-entity-filtering-2.27.jar:/home/user/.m2/repository/com/google/inject/extensions/guice-assistedinject/4.0/guice-assistedinject-4.0.jar:/home/user/.m2/repository/org/jooq/jooq/3.11.10/jooq-3.11.10.jar:/home/user/.m2/repository/org/jooq/jooq-meta/3.11.10/jooq-meta-3.11.10.jar:/home/user/.m2/repository/org/jooq/jooq-codegen/3.11.10/jooq-codegen-3.11.10.jar:/home/user/.m2/repository/com/jolbox/bonecp/0.8.0.RELEASE/bonecp-0.8.0.RELEASE.jar:/home/user/.m2/repository/org/xerial/sqlite-jdbc/3.25.2/sqlite-jdbc-3.25.2.jar:/home/user/.m2/repository/org/springframework/spring-jdbc/5.1.3.RELEASE/spring-jdbc-5.1.3.RELEASE.jar:/home/user/.m2/repository/org/springframework/spring-beans/5.1.3.RELEASE/spring-beans-5.1.3.RELEASE.jar:/home/user/.m2/repository/org/springframework/spring-core/5.1.3.RELEASE/spring-core-5.1.3.RELEASE.jar:/home/user/.m2/repository/org/springframework/spring-jcl/5.1.3.RELEASE/spring-jcl-5.1.3.RELEASE.jar:/home/user/.m2/repository/org/springframework/spring-tx/5.1.3.RELEASE/spring-tx-5.1.3.RELEASE.jar:/home/user/.m2/repository/org/apache/hadoop/hadoop-ozone-client/0.5.0-SNAPSHOT/hadoop-ozone-client-0.5.0-SNAPSHOT.jar:/home/user/.m2/repository/commons-lang/commons-lang/2.6/commons-lang-2.6.jar:/home/user/.m2/repository/org/apache/hadoop/hadoop-ozone-ozone-manager/0.5.0-SNAPSHOT/hadoop-ozone-ozone-manager-0.5.0-SNAPSHOT-tests.jar:/home/user/.m2/repository/junit/junit/4.11/junit-4.11.jar:/home/user/.m2/repository/org/hamcrest/hamcrest-core/1.3/hamcrest-core-1.3.jar:/home/user/.m2/repository/org/openjdk/jmh/jmh-core/1.19/jmh-core-1.19.jar:/home/user/.m2/repository/net/sf/jopt-simple/jopt-simple/4.6/jopt-simple-4.6.jar:/home/user/.m2/repository/org/apache/commons/commons-math3/3.1.1/commons-math3-3.1.1.jar:/home/user/.m2/repository/org/openjdk/jmh/jmh-generator-annprocess/1.19/jmh-generator-annprocess-1.19.jar:/home/user/.m2/repository/org/mockito/mockito-all/1.8.5/mockito-all-1.8.5.jar:/home/user/.m2/repository/org/apache/hadoop/hadoop-kms/3.2.0/hadoop-kms-3.2.0.jar:/home/user/.m2/repository/org/apache/hadoop/hadoop-auth/3.2.0/hadoop-auth-3.2.0.jar:/home/user/.m2/repository/com/nimbusds/nimbus-jose-jwt/4.41.1/nimbus-jose-jwt-4.41.1.jar:/home/user/.m2/repository/com/github/stephenc/jcip/jcip-annotations/1.0-1/jcip-annotations-1.0-1.jar:/home/user/.m2/repository/net/minidev/json-smart/2.3/json-smart-2.3.jar:/home/user/.m2/repository/net/minidev/accessors-smart/1.2/accessors-smart-1.2.jar:/home/user/.m2/repository/org/ow2/asm/asm/5.0.4/asm-5.0.4.jar:/home/user/.m2/repository/org/apache/curator/curator-framework/2.12.0/curator-framework-2.12.0.jar:/home/user/.m2/repository/com/sun/jersey/jersey-core/1.19/jersey-core-1.19.jar:/home/user/.m2/repository/javax/ws/rs/jsr311-api/1.1.1/jsr311-api-1.1.1.jar:/home/user/.m2/repository/com/sun/jersey/jersey-server/1.19/jersey-server-1.19.jar:/home/user/.m2/repository/javax/servlet/javax.servlet-api/3.1.0/javax.servlet-api-3.1.0.jar:/home/user/.m2/repository/org/eclipse/jetty/jetty-server/9.3.25.v20180904/jetty-server-9.3.25.v20180904.jar:/home/user/.m2/repository/org/eclipse/jetty/jetty-http/9.3.25.v20180904/jetty-http-9.3.25.v20180904.jar:/home/user/.m2/repository/org/eclipse/jetty/jetty-io/9.3.25.v20180904/jetty-io-9.3.25.v20180904.jar:/home/user/.m2/repository/org/eclipse/jetty/jetty-webapp/9.3.25.v20180904/jetty-webapp-9.3.25.v20180904.jar:/home/user/.m2/repository/org/eclipse/jetty/jetty-xml/9.3.25.v20180904/jetty-xml-9.3.25.v20180904.jar:/home/user/.m2/repository/log4j/log4j/1.2.17/log4j-1.2.17.jar:/home/user/.m2/repository/org/slf4j/slf4j-api/1.7.25/slf4j-api-1.7.25.jar:/home/user/.m2/repository/org/slf4j/jul-to-slf4j/1.7.25/jul-to-slf4j-1.7.25.jar:/home/user/.m2/repository/org/eclipse/jetty/jetty-util/9.3.25.v20180904/jetty-util-9.3.25.v20180904.jar:/home/user/.m2/repository/com/fasterxml/jackson/core/jackson-databind/2.9.9/jackson-databind-2.9.9.jar:/home/user/.m2/repository/org/apache/hadoop/hadoop-kms/3.2.0/hadoop-kms-3.2.0-tests.jar:/home/user/.m2/repository/org/apache/hadoop/hadoop-hdds-server-scm/0.5.0-SNAPSHOT/hadoop-hdds-server-scm-0.5.0-SNAPSHOT-tests.jar:/home/user/.m2/repository/org/apache/hadoop/hadoop-hdds-container-service/0.5.0-SNAPSHOT/hadoop-hdds-container-service-0.5.0-SNAPSHOT-tests.jar:/home/user/.m2/repository/org/yaml/snakeyaml/1.16/snakeyaml-1.16.jar:/home/user/.m2/repository/org/apache/hadoop/hadoop-common/3.2.0/hadoop-common-3.2.0-tests.jar:/home/user/.m2/repository/org/apache/hadoop/hadoop-annotations/3.2.0/hadoop-annotations-3.2.0.jar:/usr/lib/jvm/java-1.8-openjdk/jre/../lib/tools.jar:/home/user/.m2/repository/commons-cli/commons-cli/1.2/commons-cli-1.2.jar:/home/user/.m2/repository/org/apache/httpcomponents/httpclient/4.5.2/httpclient-4.5.2.jar:/home/user/.m2/repository/org/apache/httpcomponents/httpcore/4.4.4/httpcore-4.4.4.jar:/home/user/.m2/repository/commons-codec/commons-codec/1.11/commons-codec-1.11.jar:/home/user/.m2/repository/commons-net/commons-net/3.6/commons-net-3.6.jar:/home/user/.m2/repository/commons-collections/commons-collections/3.2.2/commons-collections-3.2.2.jar:/home/user/.m2/repository/org/eclipse/jetty/jetty-servlet/9.3.25.v20180904/jetty-servlet-9.3.25.v20180904.jar:/home/user/.m2/repository/org/eclipse/jetty/jetty-security/9.3.25.v20180904/jetty-security-9.3.25.v20180904.jar:/home/user/.m2/repository/javax/servlet/jsp/jsp-api/2.1/jsp-api-2.1.jar:/home/user/.m2/repository/com/sun/jersey/jersey-servlet/1.19/jersey-servlet-1.19.jar:/home/user/.m2/repository/com/sun/jersey/jersey-json/1.19/jersey-json-1.19.jar:/home/user/.m2/repository/org/codehaus/jettison/jettison/1.1/jettison-1.1.jar:/home/user/.m2/repository/org/codehaus/jackson/jackson-core-asl/1.9.13/jackson-core-asl-1.9.13.jar:/home/user/.m2/repository/org/codehaus/jackson/jackson-mapper-asl/1.9.13/jackson-mapper-asl-1.9.13.jar:/home/user/.m2/repository/org/codehaus/jackson/jackson-jaxrs/1.9.13/jackson-jaxrs-1.9.13.jar:/home/user/.m2/repository/org/codehaus/jackson/jackson-xc/1.9.13/jackson-xc-1.9.13.jar:/home/user/.m2/repository/commons-logging/commons-logging/1.1.3/commons-logging-1.1.3.jar:/home/user/.m2/repository/commons-beanutils/commons-beanutils/1.9.4/commons-beanutils-1.9.4.jar:/home/user/.m2/repository/org/apache/commons/commons-configuration2/2.1.1/commons-configuration2-2.1.1.jar:/home/user/.m2/repository/org/apache/commons/commons-lang3/3.7/commons-lang3-3.7.jar:/home/user/.m2/repository/org/apache/commons/commons-text/1.4/commons-text-1.4.jar:/home/user/.m2/repository/org/apache/avro/avro/1.7.7/avro-1.7.7.jar:/home/user/.m2/repository/com/thoughtworks/paranamer/paranamer/2.3/paranamer-2.3.jar:/home/user/.m2/repository/org/xerial/snappy/snappy-java/1.0.5/snappy-java-1.0.5.jar:/home/user/.m2/repository/com/google/re2j/re2j/1.1/re2j-1.1.jar:/home/user/.m2/repository/com/google/code/gson/gson/2.2.4/gson-2.2.4.jar:/home/user/.m2/repository/com/jcraft/jsch/0.1.54/jsch-0.1.54.jar:/home/user/.m2/repository/org/apache/curator/curator-client/2.12.0/curator-client-2.12.0.jar:/home/user/.m2/repository/org/apache/curator/curator-recipes/2.12.0/curator-recipes-2.12.0.jar:/home/user/.m2/repository/com/google/code/findbugs/jsr305/3.0.0/jsr305-3.0.0.jar:/home/user/.m2/repository/org/apache/htrace/htrace-core4/4.1.0-incubating/htrace-core4-4.1.0-incubating.jar:/home/user/.m2/repository/org/apache/zookeeper/zookeeper/3.4.13/zookeeper-3.4.13.jar:/home/user/.m2/repository/jline/jline/0.9.94/jline-0.9.94.jar:/home/user/.m2/repository/org/apache/yetus/audience-annotations/0.5.0/audience-annotations-0.5.0.jar:/home/user/.m2/repository/org/codehaus/woodstox/stax2-api/3.1.4/stax2-api-3.1.4.jar:/home/user/.m2/repository/com/fasterxml/woodstox/woodstox-core/5.0.3/woodstox-core-5.0.3.jar:/home/user/.m2/repository/dnsjava/dnsjava/2.1.7/dnsjava-2.1.7.jar:/home/user/.m2/repository/org/apache/hadoop/hadoop-hdfs/3.2.0/hadoop-hdfs-3.2.0-tests.jar:/home/user/.m2/repository/org/eclipse/jetty/jetty-util-ajax/9.3.25.v20180904/jetty-util-ajax-9.3.25.v20180904.jar:/home/user/.m2/repository/commons-daemon/commons-daemon/1.0.13/commons-daemon-1.0.13.jar:/home/user/.m2/repository/io/netty/netty/3.10.5.Final/netty-3.10.5.Final.jar:/home/user/.m2/repository/io/netty/netty-all/4.0.52.Final/netty-all-4.0.52.Final.jar:/home/user/.m2/repository/org/fusesource/leveldbjni/leveldbjni-all/1.8/leveldbjni-all-1.8.jar:"/>
    <property name="sun.cpu.endian" value="little"/>
    <property name="user.home" value="/home/user"/>
    <property name="user.language" value="en"/>
    <property name="java.specification.vendor" value="Oracle Corporation"/>
    <property name="java.home" value="/usr/lib/jvm/java-1.8-openjdk/jre"/>
    <property name="java.security.krb5.conf" value="/workdir/hadoop-ozone/integration-test/target/test-classes/krb5.conf"/>
    <property name="basedir" value="/workdir/hadoop-ozone/integration-test"/>
    <property name="file.separator" value="/"/>
    <property name="line.separator" value="&#10;"/>
    <property name="java.vm.specification.vendor" value="Oracle Corporation"/>
    <property name="java.specification.name" value="Java Platform API Specification"/>
    <property name="java.awt.graphicsenv" value="sun.awt.X11GraphicsEnvironment"/>
    <property name="surefire.real.class.path" value="/workdir/hadoop-ozone/integration-test/target/surefire/surefirebooter8895516746592969133.jar"/>
    <property name="hadoop.log.dir" value="/workdir/hadoop-ozone/integration-test/target/log"/>
    <property name="sun.boot.class.path" value="/usr/lib/jvm/java-1.8-openjdk/jre/lib/resources.jar:/usr/lib/jvm/java-1.8-openjdk/jre/lib/rt.jar:/usr/lib/jvm/java-1.8-openjdk/jre/lib/sunrsasign.jar:/usr/lib/jvm/java-1.8-openjdk/jre/lib/jsse.jar:/usr/lib/jvm/java-1.8-openjdk/jre/lib/jce.jar:/usr/lib/jvm/java-1.8-openjdk/jre/lib/charsets.jar:/usr/lib/jvm/java-1.8-openjdk/jre/lib/jfr.jar:/usr/lib/jvm/java-1.8-openjdk/jre/classes"/>
    <property name="sun.management.compiler" value="HotSpot 64-Bit Tiered Compilers"/>
    <property name="java.runtime.version" value="1.8.0_212-b04"/>
    <property name="java.net.preferIPv4Stack" value="true"/>
    <property name="user.name" value="jenkins1000"/>
    <property name="path.separator" value=":"/>
    <property name="java.security.egd" value="file:///dev/urandom"/>
    <property name="os.version" value="3.10.0-957.12.2.el7.x86_64"/>
    <property name="java.endorsed.dirs" value="/usr/lib/jvm/java-1.8-openjdk/jre/lib/endorsed"/>
    <property name="java.runtime.name" value="OpenJDK Runtime Environment"/>
    <property name="file.encoding" value="UTF-8"/>
    <property name="java.vm.name" value="OpenJDK 64-Bit Server VM"/>
    <property name="test.build.webapps" value=""/>
    <property name="localRepository" value="/home/user/.m2/repository"/>
    <property name="java.vendor.url.bug" value="https://icedtea.classpath.org/bugzilla"/>
    <property name="java.io.tmpdir" value="/tmp"/>
    <property name="require.test.libhadoop" value=""/>
    <property name="java.version" value="1.8.0_212"/>
    <property name="user.dir" value="/workdir/hadoop-ozone/integration-test"/>
    <property name="os.arch" value="amd64"/>
    <property name="java.vm.specification.name" value="Java Virtual Machine Specification"/>
    <property name="test.build.classes" value="/workdir/hadoop-ozone/integration-test/target/test-classes"/>
    <property name="java.awt.printerjob" value="sun.print.PSPrinterJob"/>
    <property name="sun.os.patch.level" value="unknown"/>
    <property name="hadoop.tmp.dir" value="/workdir/hadoop-ozone/integration-test/target/tmp"/>
    <property name="java.library.path" value="/usr/lib/jvm/java-1.8-openjdk/jre/lib/amd64/server:/usr/lib/jvm/java-1.8-openjdk/jre/lib/amd64:/usr/lib/jvm/java-1.8-openjdk/jre/../lib/amd64:/workdir/hadoop-ozone/integration-test/target/native/target/usr/local/lib:/workdir/hadoop-ozone/integration-test/../../hadoop-common-project/hadoop-common/target/native/target/usr/local/lib:/usr/java/packages/lib/amd64:/usr/lib64:/lib64:/lib:/usr/lib"/>
    <property name="java.vm.info" value="mixed mode"/>
    <property name="java.vendor" value="IcedTea"/>
    <property name="java.vm.version" value="25.212-b04"/>
    <property name="java.ext.dirs" value="/usr/lib/jvm/java-1.8-openjdk/jre/lib/ext:/usr/java/packages/lib/ext"/>
    <property name="sun.io.unicode.encoding" value="UnicodeLittle"/>
    <property name="java.class.version" value="52.0"/>
  </properties>
  <testcase name="test2DatanodesFailure" classname="org.apache.hadoop.ozone.client.rpc.TestBlockOutputStreamWithFailures" time="110.974"/>
  <testcase name="testDatanodeFailureWithPreAllocation" classname="org.apache.hadoop.ozone.client.rpc.TestBlockOutputStreamWithFailures" time="222.118"/>
  <testcase name="testDatanodeFailureWithSingleNodeRatis" classname="org.apache.hadoop.ozone.client.rpc.TestBlockOutputStreamWithFailures" time="221.48"/>
  <testcase name="testWatchForCommitWithSingleNodeRatis" classname="org.apache.hadoop.ozone.client.rpc.TestBlockOutputStreamWithFailures" time="35.422"/>
  <testcase name="testWatchForCommitDatanodeFailure" classname="org.apache.hadoop.ozone.client.rpc.TestBlockOutputStreamWithFailures" time="32.867"/>
  <testcase name="testFailureWithPrimeSizedData" classname="org.apache.hadoop.ozone.client.rpc.TestBlockOutputStreamWithFailures" time="34.732"/>
  <testcase name="testWatchForCommitWithCloseContainerException" classname="org.apache.hadoop.ozone.client.rpc.TestBlockOutputStreamWithFailures" time="33.726"/>
  <testcase name="testExceptionDuringClose" classname="org.apache.hadoop.ozone.client.rpc.TestBlockOutputStreamWithFailures" time="37.744">
    <failure message="expected:&lt;92&gt; but was:&lt;94&gt;" type="java.lang.AssertionError"><![CDATA[java.lang.AssertionError: expected:<92> but was:<94>
	at org.junit.Assert.fail(Assert.java:88)
	at org.junit.Assert.failNotEquals(Assert.java:743)
	at org.junit.Assert.assertEquals(Assert.java:118)
	at org.junit.Assert.assertEquals(Assert.java:555)
	at org.junit.Assert.assertEquals(Assert.java:542)
	at org.apache.hadoop.ozone.client.rpc.TestBlockOutputStreamWithFailures.testExceptionDuringClose(TestBlockOutputStreamWithFailures.java:769)
	at sun.reflect.NativeMethodAccessorImpl.invoke0(Native Method)
	at sun.reflect.NativeMethodAccessorImpl.invoke(NativeMethodAccessorImpl.java:62)
	at sun.reflect.DelegatingMethodAccessorImpl.invoke(DelegatingMethodAccessorImpl.java:43)
	at java.lang.reflect.Method.invoke(Method.java:498)
	at org.junit.runners.model.FrameworkMethod$1.runReflectiveCall(FrameworkMethod.java:47)
	at org.junit.internal.runners.model.ReflectiveCallable.run(ReflectiveCallable.java:12)
	at org.junit.runners.model.FrameworkMethod.invokeExplosively(FrameworkMethod.java:44)
	at org.junit.internal.runners.statements.InvokeMethod.evaluate(InvokeMethod.java:17)
	at org.junit.internal.runners.statements.RunBefores.evaluate(RunBefores.java:26)
	at org.junit.internal.runners.statements.RunAfters.evaluate(RunAfters.java:27)
	at org.junit.runners.ParentRunner.runLeaf(ParentRunner.java:271)
	at org.junit.runners.BlockJUnit4ClassRunner.runChild(BlockJUnit4ClassRunner.java:70)
	at org.junit.runners.BlockJUnit4ClassRunner.runChild(BlockJUnit4ClassRunner.java:50)
	at org.junit.runners.ParentRunner$3.run(ParentRunner.java:238)
	at org.junit.runners.ParentRunner$1.schedule(ParentRunner.java:63)
	at org.junit.runners.ParentRunner.runChildren(ParentRunner.java:236)
	at org.junit.runners.ParentRunner.access$000(ParentRunner.java:53)
	at org.junit.runners.ParentRunner$2.evaluate(ParentRunner.java:229)
	at org.junit.runners.ParentRunner.run(ParentRunner.java:309)
	at org.apache.maven.surefire.junit4.JUnit4Provider.execute(JUnit4Provider.java:365)
	at org.apache.maven.surefire.junit4.JUnit4Provider.executeWithRerun(JUnit4Provider.java:273)
	at org.apache.maven.surefire.junit4.JUnit4Provider.executeTestSet(JUnit4Provider.java:238)
	at org.apache.maven.surefire.junit4.JUnit4Provider.invoke(JUnit4Provider.java:159)
	at org.apache.maven.surefire.booter.ForkedBooter.invokeProviderInSameClassLoader(ForkedBooter.java:384)
	at org.apache.maven.surefire.booter.ForkedBooter.runSuitesInProcess(ForkedBooter.java:345)
	at org.apache.maven.surefire.booter.ForkedBooter.execute(ForkedBooter.java:126)
	at org.apache.maven.surefire.booter.ForkedBooter.main(ForkedBooter.java:418)
]]></failure>
    <system-out><![CDATA[2019-10-02 00:33:25,055 [main] WARN  server.ServerUtils (ServerUtils.java:getScmDbDir(145)) - ozone.scm.db.dirs is not configured. We recommend adding this setting. Falling back to ozone.metadata.dirs instead.
2019-10-02 00:33:25,070 [main] WARN  server.ServerUtils (ServerUtils.java:getScmDbDir(145)) - ozone.scm.db.dirs is not configured. We recommend adding this setting. Falling back to ozone.metadata.dirs instead.
2019-10-02 00:33:25,071 [main] WARN  server.ServerUtils (ServerUtils.java:getScmDbDir(145)) - ozone.scm.db.dirs is not configured. We recommend adding this setting. Falling back to ozone.metadata.dirs instead.
2019-10-02 00:33:25,071 [main] INFO  db.DBStoreBuilder (DBStoreBuilder.java:addTable(110)) - using custom profile for table: deletedBlocks
2019-10-02 00:33:25,071 [main] INFO  db.DBStoreBuilder (DBStoreBuilder.java:processTables(161)) - Using default column profile:DBProfile.DISK for Table:deletedBlocks
2019-10-02 00:33:25,071 [main] INFO  db.DBStoreBuilder (DBStoreBuilder.java:addTable(110)) - using custom profile for table: validCerts
2019-10-02 00:33:25,072 [main] INFO  db.DBStoreBuilder (DBStoreBuilder.java:processTables(161)) - Using default column profile:DBProfile.DISK for Table:validCerts
2019-10-02 00:33:25,072 [main] INFO  db.DBStoreBuilder (DBStoreBuilder.java:addTable(110)) - using custom profile for table: revokedCerts
2019-10-02 00:33:25,072 [main] INFO  db.DBStoreBuilder (DBStoreBuilder.java:processTables(161)) - Using default column profile:DBProfile.DISK for Table:revokedCerts
2019-10-02 00:33:25,072 [main] INFO  db.DBStoreBuilder (DBStoreBuilder.java:addTable(110)) - using custom profile for table: default
2019-10-02 00:33:25,072 [main] INFO  db.DBStoreBuilder (DBStoreBuilder.java:processTables(167)) - Using default column profile:DBProfile.DISK for Table:default
2019-10-02 00:33:25,073 [main] INFO  db.DBStoreBuilder (DBStoreBuilder.java:getDbProfile(198)) - Using default options. DBProfile.DISK
2019-10-02 00:33:25,224 [main] INFO  net.NodeSchemaLoader (NodeSchemaLoader.java:loadSchemaFromFile(125)) - Loading file from sun.misc.CompoundEnumeration@d3cce46
2019-10-02 00:33:25,224 [main] INFO  net.NodeSchemaLoader (NodeSchemaLoader.java:loadSchema(171)) - Loading network topology layer schema file
2019-10-02 00:33:25,232 [main] INFO  node.SCMNodeManager (SCMNodeManager.java:<init>(114)) - Entering startup safe mode.
2019-10-02 00:33:25,233 [main] INFO  algorithms.ContainerPlacementPolicyFactory (ContainerPlacementPolicyFactory.java:getPolicy(57)) - Create container placement policy of type org.apache.hadoop.hdds.scm.container.placement.algorithms.SCMContainerPlacementRandom
2019-10-02 00:33:25,233 [main] WARN  server.ServerUtils (ServerUtils.java:getScmDbDir(145)) - ozone.scm.db.dirs is not configured. We recommend adding this setting. Falling back to ozone.metadata.dirs instead.
2019-10-02 00:33:25,280 [main] INFO  pipeline.SCMPipelineManager (SCMPipelineManager.java:initializePipelineState(132)) - No pipeline exists in current db
2019-10-02 00:33:25,280 [main] WARN  server.ServerUtils (ServerUtils.java:getScmDbDir(145)) - ozone.scm.db.dirs is not configured. We recommend adding this setting. Falling back to ozone.metadata.dirs instead.
2019-10-02 00:33:25,329 [main] WARN  events.EventQueue (EventQueue.java:fireEvent(183)) - No event handler registered for event TypedEvent{payloadType=SafeModeStatus, name='SafeModeStatus'}
2019-10-02 00:33:25,330 [main] INFO  ipc.CallQueueManager (CallQueueManager.java:<init>(84)) - Using callQueue: class java.util.concurrent.LinkedBlockingQueue, queueCapacity: 2000, scheduler: class org.apache.hadoop.ipc.DefaultRpcScheduler, ipcBackoff: false.
2019-10-02 00:33:25,331 [Socket Reader #1 for port 38200] INFO  ipc.Server (Server.java:run(1074)) - Starting Socket Reader #1 for port 38200
2019-10-02 00:33:25,334 [main] INFO  ipc.CallQueueManager (CallQueueManager.java:<init>(84)) - Using callQueue: class java.util.concurrent.LinkedBlockingQueue, queueCapacity: 2000, scheduler: class org.apache.hadoop.ipc.DefaultRpcScheduler, ipcBackoff: false.
2019-10-02 00:33:25,335 [Socket Reader #1 for port 33654] INFO  ipc.Server (Server.java:run(1074)) - Starting Socket Reader #1 for port 33654
2019-10-02 00:33:25,341 [main] INFO  ipc.CallQueueManager (CallQueueManager.java:<init>(84)) - Using callQueue: class java.util.concurrent.LinkedBlockingQueue, queueCapacity: 2000, scheduler: class org.apache.hadoop.ipc.DefaultRpcScheduler, ipcBackoff: false.
2019-10-02 00:33:25,342 [Socket Reader #1 for port 41703] INFO  ipc.Server (Server.java:run(1074)) - Starting Socket Reader #1 for port 41703
2019-10-02 00:33:25,345 [main] INFO  hdfs.DFSUtil (DFSUtil.java:httpServerTemplateForNNAndJN(1641)) - Starting Web-server for scm at: http://0.0.0.0:0
2019-10-02 00:33:25,347 [main] INFO  server.AuthenticationFilter (AuthenticationFilter.java:constructSecretProvider(240)) - Unable to initialize FileSignerSecretProvider, falling back to use random secrets.
2019-10-02 00:33:25,348 [main] WARN  http.HttpRequestLog (HttpRequestLog.java:getRequestLog(97)) - Jetty request log can only be enabled using Log4j
2019-10-02 00:33:25,351 [main] INFO  http.HttpServer2 (HttpServer2.java:addGlobalFilter(975)) - Added global filter 'safety' (class=org.apache.hadoop.http.HttpServer2$QuotingInputFilter)
2019-10-02 00:33:25,352 [main] INFO  http.HttpServer2 (HttpServer2.java:addFilter(948)) - Added filter static_user_filter (class=org.apache.hadoop.http.lib.StaticUserWebFilter$StaticUserFilter) to context scm
2019-10-02 00:33:25,352 [main] INFO  http.HttpServer2 (HttpServer2.java:addFilter(958)) - Added filter static_user_filter (class=org.apache.hadoop.http.lib.StaticUserWebFilter$StaticUserFilter) to context static
2019-10-02 00:33:25,352 [main] INFO  http.HttpServer2 (HttpServer2.java:addFilter(958)) - Added filter static_user_filter (class=org.apache.hadoop.http.lib.StaticUserWebFilter$StaticUserFilter) to context logs
2019-10-02 00:33:25,354 [main] INFO  server.StorageContainerManager (StorageContainerManager.java:start(770)) - StorageContainerLocationProtocol RPC server is listening at /0.0.0.0:41703
2019-10-02 00:33:25,357 [main] WARN  impl.MetricsConfig (MetricsConfig.java:loadFirst(134)) - Cannot locate configuration: tried hadoop-metrics2-storagecontainermanager.properties,hadoop-metrics2.properties
2019-10-02 00:33:25,359 [main] INFO  impl.MetricsSystemImpl (MetricsSystemImpl.java:startTimer(374)) - Scheduled Metric snapshot period at 10 second(s).
2019-10-02 00:33:25,359 [main] INFO  impl.MetricsSystemImpl (MetricsSystemImpl.java:start(191)) - StorageContainerManager metrics system started
2019-10-02 00:33:25,694 [main] WARN  impl.MetricsSystemImpl (MetricsSystemImpl.java:register(276)) - Sink prometheus already exists!
2019-10-02 00:33:25,820 [main] INFO  server.SCMClientProtocolServer (SCMClientProtocolServer.java:start(150)) - RPC server for Client  is listening at /0.0.0.0:41703
2019-10-02 00:33:25,821 [IPC Server Responder] INFO  ipc.Server (Server.java:run(1314)) - IPC Server Responder: starting
2019-10-02 00:33:25,821 [IPC Server listener on 41703] INFO  ipc.Server (Server.java:run(1153)) - IPC Server listener on 41703: starting
2019-10-02 00:33:25,827 [main] INFO  server.StorageContainerManager (StorageContainerManager.java:start(780)) - ScmBlockLocationProtocol RPC server is listening at /0.0.0.0:33654
2019-10-02 00:33:25,827 [main] INFO  server.SCMBlockProtocolServer (SCMBlockProtocolServer.java:start(146)) - RPC server for Block Protocol is listening at /0.0.0.0:33654
2019-10-02 00:33:25,828 [IPC Server Responder] INFO  ipc.Server (Server.java:run(1314)) - IPC Server Responder: starting
2019-10-02 00:33:25,828 [IPC Server listener on 33654] INFO  ipc.Server (Server.java:run(1153)) - IPC Server listener on 33654: starting
2019-10-02 00:33:25,833 [main] INFO  server.StorageContainerManager (StorageContainerManager.java:start(784)) - ScmDatanodeProtocl RPC server is listening at /0.0.0.0:38200
2019-10-02 00:33:25,833 [main] INFO  server.SCMDatanodeProtocolServer (SCMDatanodeProtocolServer.java:start(191)) - RPC server for DataNodes is listening at /0.0.0.0:38200
2019-10-02 00:33:25,834 [IPC Server Responder] INFO  ipc.Server (Server.java:run(1314)) - IPC Server Responder: starting
2019-10-02 00:33:25,835 [IPC Server listener on 38200] INFO  ipc.Server (Server.java:run(1153)) - IPC Server listener on 38200: starting
2019-10-02 00:33:25,839 [main] INFO  http.HttpServer2 (HttpServer2.java:bindListener(1191)) - Jetty bound to port 42569
2019-10-02 00:33:25,840 [main] INFO  server.Server (Server.java:doStart(351)) - jetty-9.3.25.v20180904, build timestamp: 2018-09-04T21:11:46Z, git hash: 3ce520221d0240229c862b122d2b06c12a625732
2019-10-02 00:33:25,842 [main] INFO  handler.ContextHandler (ContextHandler.java:doStart(781)) - Started o.e.j.s.ServletContextHandler@2d2fc130{/logs,file:///workdir/hadoop-ozone/integration-test/target/log,AVAILABLE}
2019-10-02 00:33:25,842 [main] INFO  handler.ContextHandler (ContextHandler.java:doStart(781)) - Started o.e.j.s.ServletContextHandler@6d001fbe{/static,file:///workdir/hadoop-ozone/integration-test/target/test-classes/webapps/static,AVAILABLE}
2019-10-02 00:33:25,848 [main] INFO  handler.ContextHandler (ContextHandler.java:doStart(781)) - Started o.e.j.w.WebAppContext@1410d645{/,file:///workdir/hadoop-ozone/integration-test/target/test-classes/webapps/scm/,AVAILABLE}{/scm}
2019-10-02 00:33:25,848 [main] INFO  server.AbstractConnector (AbstractConnector.java:doStart(278)) - Started ServerConnector@4ccdacf5{HTTP/1.1,[http/1.1]}{0.0.0.0:42569}
2019-10-02 00:33:25,853 [main] INFO  server.Server (Server.java:doStart(419)) - Started @692728ms
2019-10-02 00:33:25,854 [main] WARN  impl.MetricsSystemImpl (MetricsSystemImpl.java:register(276)) - Sink prometheus already exists!
2019-10-02 00:33:25,855 [main] INFO  server.BaseHttpServer (BaseHttpServer.java:updateConnectorAddress(215)) - HTTP server of SCM is listening at http://0.0.0.0:42569
2019-10-02 00:33:25,855 [main] WARN  server.ServerUtils (ServerUtils.java:getDBPath(222)) - ozone.om.db.dirs is not configured. We recommend adding this setting. Falling back to ozone.metadata.dirs instead.
2019-10-02 00:33:25,857 [org.apache.hadoop.util.JvmPauseMonitor$Monitor@1a0d313] INFO  util.JvmPauseMonitor (JvmPauseMonitor.java:run(188)) - Starting JVM pause monitor
2019-10-02 00:33:25,870 [main] WARN  server.ServerUtils (ServerUtils.java:getDBPath(222)) - ozone.om.db.dirs is not configured. We recommend adding this setting. Falling back to ozone.metadata.dirs instead.
2019-10-02 00:33:25,870 [main] WARN  server.ServerUtils (ServerUtils.java:getDBPath(222)) - ozone.om.db.dirs is not configured. We recommend adding this setting. Falling back to ozone.metadata.dirs instead.
2019-10-02 00:33:25,871 [main] INFO  om.OzoneManager (OzoneManager.java:setOMNodeDetails(652)) - OM Service ID is not set. Setting it to the default ID: omServiceIdDefault
2019-10-02 00:33:25,871 [main] INFO  om.OzoneManager (OzoneManager.java:setOMNodeDetails(658)) - OM Node ID is not set. Setting it to the OmStorage's OmID: c42eab70-94f8-4ea3-b9c2-9dfa687a1d14
2019-10-02 00:33:25,871 [main] INFO  om.OzoneManager (OzoneManager.java:loadOMHAConfigs(609)) - Found matching OM address with OMServiceId: null, OMNodeId: null, RPC Address: localhost:0 and Ratis port: 9872
2019-10-02 00:33:25,882 [main] WARN  server.ServerUtils (ServerUtils.java:getDBPath(222)) - ozone.om.db.dirs is not configured. We recommend adding this setting. Falling back to ozone.metadata.dirs instead.
2019-10-02 00:33:25,882 [main] INFO  db.DBStoreBuilder (DBStoreBuilder.java:addTable(110)) - using custom profile for table: userTable
2019-10-02 00:33:25,882 [main] INFO  db.DBStoreBuilder (DBStoreBuilder.java:processTables(161)) - Using default column profile:DBProfile.DISK for Table:userTable
2019-10-02 00:33:25,883 [main] INFO  db.DBStoreBuilder (DBStoreBuilder.java:addTable(110)) - using custom profile for table: volumeTable
2019-10-02 00:33:25,883 [main] INFO  db.DBStoreBuilder (DBStoreBuilder.java:processTables(161)) - Using default column profile:DBProfile.DISK for Table:volumeTable
2019-10-02 00:33:25,883 [main] INFO  db.DBStoreBuilder (DBStoreBuilder.java:addTable(110)) - using custom profile for table: bucketTable
2019-10-02 00:33:25,883 [main] INFO  db.DBStoreBuilder (DBStoreBuilder.java:processTables(161)) - Using default column profile:DBProfile.DISK for Table:bucketTable
2019-10-02 00:33:25,884 [main] INFO  db.DBStoreBuilder (DBStoreBuilder.java:addTable(110)) - using custom profile for table: keyTable
2019-10-02 00:33:25,884 [main] INFO  db.DBStoreBuilder (DBStoreBuilder.java:processTables(161)) - Using default column profile:DBProfile.DISK for Table:keyTable
2019-10-02 00:33:25,884 [main] INFO  db.DBStoreBuilder (DBStoreBuilder.java:addTable(110)) - using custom profile for table: deletedTable
2019-10-02 00:33:25,885 [main] INFO  db.DBStoreBuilder (DBStoreBuilder.java:processTables(161)) - Using default column profile:DBProfile.DISK for Table:deletedTable
2019-10-02 00:33:25,885 [main] INFO  db.DBStoreBuilder (DBStoreBuilder.java:addTable(110)) - using custom profile for table: openKeyTable
2019-10-02 00:33:25,885 [main] INFO  db.DBStoreBuilder (DBStoreBuilder.java:processTables(161)) - Using default column profile:DBProfile.DISK for Table:openKeyTable
2019-10-02 00:33:25,886 [main] INFO  db.DBStoreBuilder (DBStoreBuilder.java:addTable(110)) - using custom profile for table: s3Table
2019-10-02 00:33:25,886 [main] INFO  db.DBStoreBuilder (DBStoreBuilder.java:processTables(161)) - Using default column profile:DBProfile.DISK for Table:s3Table
2019-10-02 00:33:25,886 [main] INFO  db.DBStoreBuilder (DBStoreBuilder.java:addTable(110)) - using custom profile for table: multipartInfoTable
2019-10-02 00:33:25,887 [main] INFO  db.DBStoreBuilder (DBStoreBuilder.java:processTables(161)) - Using default column profile:DBProfile.DISK for Table:multipartInfoTable
2019-10-02 00:33:25,887 [main] INFO  db.DBStoreBuilder (DBStoreBuilder.java:addTable(110)) - using custom profile for table: dTokenTable
2019-10-02 00:33:25,887 [main] INFO  db.DBStoreBuilder (DBStoreBuilder.java:processTables(161)) - Using default column profile:DBProfile.DISK for Table:dTokenTable
2019-10-02 00:33:25,887 [main] INFO  db.DBStoreBuilder (DBStoreBuilder.java:addTable(110)) - using custom profile for table: s3SecretTable
2019-10-02 00:33:25,887 [main] INFO  db.DBStoreBuilder (DBStoreBuilder.java:processTables(161)) - Using default column profile:DBProfile.DISK for Table:s3SecretTable
2019-10-02 00:33:25,888 [main] INFO  db.DBStoreBuilder (DBStoreBuilder.java:addTable(110)) - using custom profile for table: prefixTable
2019-10-02 00:33:25,888 [main] INFO  db.DBStoreBuilder (DBStoreBuilder.java:processTables(161)) - Using default column profile:DBProfile.DISK for Table:prefixTable
2019-10-02 00:33:25,888 [main] INFO  db.DBStoreBuilder (DBStoreBuilder.java:addTable(110)) - using custom profile for table: default
2019-10-02 00:33:25,889 [main] INFO  db.DBStoreBuilder (DBStoreBuilder.java:processTables(167)) - Using default column profile:DBProfile.DISK for Table:default
2019-10-02 00:33:25,889 [main] INFO  db.DBStoreBuilder (DBStoreBuilder.java:getDbProfile(198)) - Using default options. DBProfile.DISK
2019-10-02 00:33:26,348 [main] INFO  ipc.CallQueueManager (CallQueueManager.java:<init>(84)) - Using callQueue: class java.util.concurrent.LinkedBlockingQueue, queueCapacity: 2000, scheduler: class org.apache.hadoop.ipc.DefaultRpcScheduler, ipcBackoff: false.
2019-10-02 00:33:26,349 [Socket Reader #1 for port 40964] INFO  ipc.Server (Server.java:run(1074)) - Starting Socket Reader #1 for port 40964
2019-10-02 00:33:26,364 [main] INFO  om.OzoneManager (OzoneManager.java:start(1243)) - OzoneManager RPC server is listening at localhost/127.0.0.1:40964
2019-10-02 00:33:26,364 [main] INFO  impl.MetricsSystemImpl (MetricsSystemImpl.java:init(158)) - OzoneManager metrics system started (again)
2019-10-02 00:33:26,365 [IPC Server Responder] INFO  ipc.Server (Server.java:run(1314)) - IPC Server Responder: starting
2019-10-02 00:33:26,366 [IPC Server listener on 40964] INFO  ipc.Server (Server.java:run(1153)) - IPC Server listener on 40964: starting
2019-10-02 00:33:26,376 [main] INFO  hdfs.DFSUtil (DFSUtil.java:httpServerTemplateForNNAndJN(1641)) - Starting Web-server for ozoneManager at: http://0.0.0.0:0
2019-10-02 00:33:26,378 [main] INFO  server.AuthenticationFilter (AuthenticationFilter.java:constructSecretProvider(240)) - Unable to initialize FileSignerSecretProvider, falling back to use random secrets.
2019-10-02 00:33:26,378 [main] WARN  http.HttpRequestLog (HttpRequestLog.java:getRequestLog(97)) - Jetty request log can only be enabled using Log4j
2019-10-02 00:33:26,380 [main] INFO  http.HttpServer2 (HttpServer2.java:addGlobalFilter(975)) - Added global filter 'safety' (class=org.apache.hadoop.http.HttpServer2$QuotingInputFilter)
2019-10-02 00:33:26,380 [main] INFO  http.HttpServer2 (HttpServer2.java:addFilter(948)) - Added filter static_user_filter (class=org.apache.hadoop.http.lib.StaticUserWebFilter$StaticUserFilter) to context ozoneManager
2019-10-02 00:33:26,380 [main] INFO  http.HttpServer2 (HttpServer2.java:addFilter(958)) - Added filter static_user_filter (class=org.apache.hadoop.http.lib.StaticUserWebFilter$StaticUserFilter) to context static
2019-10-02 00:33:26,381 [main] INFO  http.HttpServer2 (HttpServer2.java:addFilter(958)) - Added filter static_user_filter (class=org.apache.hadoop.http.lib.StaticUserWebFilter$StaticUserFilter) to context logs
2019-10-02 00:33:26,381 [main] INFO  http.HttpServer2 (HttpServer2.java:bindListener(1191)) - Jetty bound to port 43106
2019-10-02 00:33:26,381 [main] INFO  server.Server (Server.java:doStart(351)) - jetty-9.3.25.v20180904, build timestamp: 2018-09-04T21:11:46Z, git hash: 3ce520221d0240229c862b122d2b06c12a625732
2019-10-02 00:33:26,383 [main] INFO  handler.ContextHandler (ContextHandler.java:doStart(781)) - Started o.e.j.s.ServletContextHandler@48632f69{/logs,file:///workdir/hadoop-ozone/integration-test/target/log,AVAILABLE}
2019-10-02 00:33:26,383 [main] INFO  handler.ContextHandler (ContextHandler.java:doStart(781)) - Started o.e.j.s.ServletContextHandler@5350ab17{/static,file:///workdir/hadoop-ozone/integration-test/target/test-classes/webapps/static,AVAILABLE}
2019-10-02 00:33:26,387 [main] INFO  handler.ContextHandler (ContextHandler.java:doStart(781)) - Started o.e.j.w.WebAppContext@4005e485{/,file:///workdir/hadoop-ozone/integration-test/target/test-classes/webapps/ozoneManager/,AVAILABLE}{/ozoneManager}
2019-10-02 00:33:26,387 [main] INFO  server.AbstractConnector (AbstractConnector.java:doStart(278)) - Started ServerConnector@5f5c187d{HTTP/1.1,[http/1.1]}{0.0.0.0:43106}
2019-10-02 00:33:26,390 [main] INFO  server.Server (Server.java:doStart(419)) - Started @693264ms
2019-10-02 00:33:26,390 [main] WARN  impl.MetricsSystemImpl (MetricsSystemImpl.java:register(276)) - Sink prometheus already exists!
2019-10-02 00:33:26,391 [main] INFO  server.BaseHttpServer (BaseHttpServer.java:updateConnectorAddress(215)) - HTTP server of OZONEMANAGER is listening at http://0.0.0.0:43106
2019-10-02 00:33:26,404 [main] INFO  impl.MetricsSystemImpl (MetricsSystemImpl.java:init(158)) - HddsDatanode metrics system started (again)
2019-10-02 00:33:26,411 [main] INFO  ozone.HddsDatanodeService (HddsDatanodeService.java:start(184)) - HddsDatanodeService host:pr-hdds-1984-s47sn-1814639636 ip:192.168.151.67
2019-10-02 00:33:26,419 [main] INFO  volume.HddsVolume (HddsVolume.java:<init>(176)) - Creating Volume: /workdir/hadoop-ozone/integration-test/target/test-dir/MiniOzoneClusterImpl-fc2f9b79-8358-4999-9ef3-38efab3cd552/datanode-0/data/containers/hdds of  storage type : DISK and capacity : 1482555576320
2019-10-02 00:33:26,419 [main] INFO  volume.VolumeSet (VolumeSet.java:initializeVolumeSet(170)) - Added Volume : /workdir/hadoop-ozone/integration-test/target/test-dir/MiniOzoneClusterImpl-fc2f9b79-8358-4999-9ef3-38efab3cd552/datanode-0/data/containers/hdds to VolumeSet
2019-10-02 00:33:26,419 [main] INFO  volume.ThrottledAsyncChecker (ThrottledAsyncChecker.java:schedule(139)) - Scheduling a check for org.apache.hadoop.ozone.container.common.volume.HddsVolume@3e39e0fb
2019-10-02 00:33:26,420 [main] INFO  volume.HddsVolumeChecker (HddsVolumeChecker.java:checkAllVolumes(202)) - Scheduled health check for volume org.apache.hadoop.ozone.container.common.volume.HddsVolume@3e39e0fb
2019-10-02 00:33:26,433 [main] INFO  impl.RaftServerProxy (ConfUtils.java:logGet(43)) - raft.rpc.type = GRPC (default)
2019-10-02 00:33:26,433 [main] INFO  grpc.GrpcFactory (GrpcFactory.java:checkPooledByteBufAllocatorUseCacheForAllThreads(45)) - PERFORMANCE WARNING: useCacheForAllThreads is true that may cause Netty to create a lot garbage objects and, as a result, trigger GC.
	It is recommended to disable useCacheForAllThreads by setting -Dorg.apache.ratis.thirdparty.io.netty.allocator.useCacheForAllThreads=false in command line.
2019-10-02 00:33:26,433 [main] INFO  grpc.GrpcConfigKeys$Server (ConfUtils.java:logGet(43)) - raft.grpc.server.port = 0 (default)
2019-10-02 00:33:26,433 [main] INFO  server.GrpcService (ConfUtils.java:logGet(43)) - raft.grpc.message.size.max = 33570816 (custom)
2019-10-02 00:33:26,434 [main] INFO  server.RaftServerConfigKeys (ConfUtils.java:logGet(43)) - raft.server.log.appender.buffer.byte-limit = 33554432 (custom)
2019-10-02 00:33:26,434 [main] INFO  server.GrpcService (ConfUtils.java:logGet(43)) - raft.grpc.flow.control.window = 1MB (=1048576) (default)
2019-10-02 00:33:26,434 [main] INFO  server.RaftServerConfigKeys (ConfUtils.java:logGet(43)) - raft.server.rpc.request.timeout = 3000ms (default)
2019-10-02 00:33:26,434 [main] INFO  server.RaftServerConfigKeys (ConfUtils.java:logGet(43)) - raft.server.storage.dir = [/workdir/hadoop-ozone/integration-test/target/test-dir/MiniOzoneClusterImpl-fc2f9b79-8358-4999-9ef3-38efab3cd552/datanode-0/data/ratis] (custom)
2019-10-02 00:33:26,436 [main] INFO  hdfs.DFSUtil (DFSUtil.java:httpServerTemplateForNNAndJN(1641)) - Starting Web-server for hddsDatanode at: http://0.0.0.0:0
2019-10-02 00:33:26,437 [main] INFO  server.AuthenticationFilter (AuthenticationFilter.java:constructSecretProvider(240)) - Unable to initialize FileSignerSecretProvider, falling back to use random secrets.
2019-10-02 00:33:26,437 [main] WARN  http.HttpRequestLog (HttpRequestLog.java:getRequestLog(97)) - Jetty request log can only be enabled using Log4j
2019-10-02 00:33:26,438 [main] INFO  http.HttpServer2 (HttpServer2.java:addGlobalFilter(975)) - Added global filter 'safety' (class=org.apache.hadoop.http.HttpServer2$QuotingInputFilter)
2019-10-02 00:33:26,439 [main] INFO  http.HttpServer2 (HttpServer2.java:addFilter(948)) - Added filter static_user_filter (class=org.apache.hadoop.http.lib.StaticUserWebFilter$StaticUserFilter) to context hddsDatanode
2019-10-02 00:33:26,439 [main] INFO  http.HttpServer2 (HttpServer2.java:addFilter(958)) - Added filter static_user_filter (class=org.apache.hadoop.http.lib.StaticUserWebFilter$StaticUserFilter) to context static
2019-10-02 00:33:26,439 [main] INFO  http.HttpServer2 (HttpServer2.java:addFilter(958)) - Added filter static_user_filter (class=org.apache.hadoop.http.lib.StaticUserWebFilter$StaticUserFilter) to context logs
2019-10-02 00:33:26,439 [main] INFO  http.HttpServer2 (HttpServer2.java:bindListener(1191)) - Jetty bound to port 39595
2019-10-02 00:33:26,440 [main] INFO  server.Server (Server.java:doStart(351)) - jetty-9.3.25.v20180904, build timestamp: 2018-09-04T21:11:46Z, git hash: 3ce520221d0240229c862b122d2b06c12a625732
2019-10-02 00:33:26,441 [main] INFO  handler.ContextHandler (ContextHandler.java:doStart(781)) - Started o.e.j.s.ServletContextHandler@7d088813{/logs,file:///workdir/hadoop-ozone/integration-test/target/log,AVAILABLE}
2019-10-02 00:33:26,441 [main] INFO  handler.ContextHandler (ContextHandler.java:doStart(781)) - Started o.e.j.s.ServletContextHandler@3b0ed98a{/static,jar:file:/home/user/.m2/repository/org/apache/hadoop/hadoop-hdds-container-service/0.5.0-SNAPSHOT/hadoop-hdds-container-service-0.5.0-SNAPSHOT.jar!/webapps/static,AVAILABLE}
2019-10-02 00:33:26,468 [main] INFO  handler.ContextHandler (ContextHandler.java:doStart(781)) - Started o.e.j.w.WebAppContext@7657d90b{/,file:///tmp/jetty-0.0.0.0-39595-hddsDatanode-_-any-1687584557344574772.dir/webapp/,AVAILABLE}{/hddsDatanode}
2019-10-02 00:33:26,468 [main] INFO  server.AbstractConnector (AbstractConnector.java:doStart(278)) - Started ServerConnector@3f0c6b3c{HTTP/1.1,[http/1.1]}{0.0.0.0:39595}
2019-10-02 00:33:26,470 [main] INFO  server.Server (Server.java:doStart(419)) - Started @693345ms
2019-10-02 00:33:26,470 [main] WARN  impl.MetricsSystemImpl (MetricsSystemImpl.java:register(276)) - Sink prometheus already exists!
2019-10-02 00:33:26,471 [main] INFO  server.BaseHttpServer (BaseHttpServer.java:updateConnectorAddress(215)) - HTTP server of HDDSDATANODE is listening at http://0.0.0.0:39595
2019-10-02 00:33:26,471 [main] INFO  impl.MetricsSystemImpl (MetricsSystemImpl.java:init(158)) - HddsDatanode metrics system started (again)
2019-10-02 00:33:26,478 [org.apache.hadoop.util.JvmPauseMonitor$Monitor@169956b5] INFO  util.JvmPauseMonitor (JvmPauseMonitor.java:run(188)) - Starting JVM pause monitor
2019-10-02 00:33:26,478 [main] INFO  ozone.HddsDatanodeService (HddsDatanodeService.java:start(184)) - HddsDatanodeService host:pr-hdds-1984-s47sn-1814639636 ip:192.168.151.67
2019-10-02 00:33:26,480 [Datanode State Machine Thread - 0] INFO  datanode.InitDatanodeState (InitDatanodeState.java:persistContainerDatanodeDetails(140)) - DatanodeDetails is persisted to /workdir/hadoop-ozone/integration-test/target/test-dir/MiniOzoneClusterImpl-fc2f9b79-8358-4999-9ef3-38efab3cd552/datanode-0/meta/datanode.id
2019-10-02 00:33:26,486 [main] INFO  volume.HddsVolume (HddsVolume.java:<init>(176)) - Creating Volume: /workdir/hadoop-ozone/integration-test/target/test-dir/MiniOzoneClusterImpl-fc2f9b79-8358-4999-9ef3-38efab3cd552/datanode-1/data/containers/hdds of  storage type : DISK and capacity : 1482555576320
2019-10-02 00:33:26,486 [main] INFO  volume.VolumeSet (VolumeSet.java:initializeVolumeSet(170)) - Added Volume : /workdir/hadoop-ozone/integration-test/target/test-dir/MiniOzoneClusterImpl-fc2f9b79-8358-4999-9ef3-38efab3cd552/datanode-1/data/containers/hdds to VolumeSet
2019-10-02 00:33:26,487 [main] INFO  volume.ThrottledAsyncChecker (ThrottledAsyncChecker.java:schedule(139)) - Scheduling a check for org.apache.hadoop.ozone.container.common.volume.HddsVolume@6cd2cb2
2019-10-02 00:33:26,487 [main] INFO  volume.HddsVolumeChecker (HddsVolumeChecker.java:checkAllVolumes(202)) - Scheduled health check for volume org.apache.hadoop.ozone.container.common.volume.HddsVolume@6cd2cb2
2019-10-02 00:33:26,499 [main] INFO  impl.RaftServerProxy (ConfUtils.java:logGet(43)) - raft.rpc.type = GRPC (default)
2019-10-02 00:33:26,499 [main] INFO  grpc.GrpcFactory (GrpcFactory.java:checkPooledByteBufAllocatorUseCacheForAllThreads(45)) - PERFORMANCE WARNING: useCacheForAllThreads is true that may cause Netty to create a lot garbage objects and, as a result, trigger GC.
	It is recommended to disable useCacheForAllThreads by setting -Dorg.apache.ratis.thirdparty.io.netty.allocator.useCacheForAllThreads=false in command line.
2019-10-02 00:33:26,500 [main] INFO  grpc.GrpcConfigKeys$Server (ConfUtils.java:logGet(43)) - raft.grpc.server.port = 0 (default)
2019-10-02 00:33:26,500 [main] INFO  server.GrpcService (ConfUtils.java:logGet(43)) - raft.grpc.message.size.max = 33570816 (custom)
2019-10-02 00:33:26,500 [main] INFO  server.RaftServerConfigKeys (ConfUtils.java:logGet(43)) - raft.server.log.appender.buffer.byte-limit = 33554432 (custom)
2019-10-02 00:33:26,500 [main] INFO  server.GrpcService (ConfUtils.java:logGet(43)) - raft.grpc.flow.control.window = 1MB (=1048576) (default)
2019-10-02 00:33:26,500 [main] INFO  server.RaftServerConfigKeys (ConfUtils.java:logGet(43)) - raft.server.rpc.request.timeout = 3000ms (default)
2019-10-02 00:33:26,501 [main] INFO  server.RaftServerConfigKeys (ConfUtils.java:logGet(43)) - raft.server.storage.dir = [/workdir/hadoop-ozone/integration-test/target/test-dir/MiniOzoneClusterImpl-fc2f9b79-8358-4999-9ef3-38efab3cd552/datanode-1/data/ratis] (custom)
2019-10-02 00:33:26,502 [main] INFO  hdfs.DFSUtil (DFSUtil.java:httpServerTemplateForNNAndJN(1641)) - Starting Web-server for hddsDatanode at: http://0.0.0.0:0
2019-10-02 00:33:26,503 [main] INFO  server.AuthenticationFilter (AuthenticationFilter.java:constructSecretProvider(240)) - Unable to initialize FileSignerSecretProvider, falling back to use random secrets.
2019-10-02 00:33:26,503 [main] WARN  http.HttpRequestLog (HttpRequestLog.java:getRequestLog(97)) - Jetty request log can only be enabled using Log4j
2019-10-02 00:33:26,504 [main] INFO  http.HttpServer2 (HttpServer2.java:addGlobalFilter(975)) - Added global filter 'safety' (class=org.apache.hadoop.http.HttpServer2$QuotingInputFilter)
2019-10-02 00:33:26,504 [main] INFO  http.HttpServer2 (HttpServer2.java:addFilter(948)) - Added filter static_user_filter (class=org.apache.hadoop.http.lib.StaticUserWebFilter$StaticUserFilter) to context hddsDatanode
2019-10-02 00:33:26,504 [main] INFO  http.HttpServer2 (HttpServer2.java:addFilter(958)) - Added filter static_user_filter (class=org.apache.hadoop.http.lib.StaticUserWebFilter$StaticUserFilter) to context static
2019-10-02 00:33:26,504 [main] INFO  http.HttpServer2 (HttpServer2.java:addFilter(958)) - Added filter static_user_filter (class=org.apache.hadoop.http.lib.StaticUserWebFilter$StaticUserFilter) to context logs
2019-10-02 00:33:26,505 [main] INFO  http.HttpServer2 (HttpServer2.java:bindListener(1191)) - Jetty bound to port 41984
2019-10-02 00:33:26,505 [main] INFO  server.Server (Server.java:doStart(351)) - jetty-9.3.25.v20180904, build timestamp: 2018-09-04T21:11:46Z, git hash: 3ce520221d0240229c862b122d2b06c12a625732
2019-10-02 00:33:26,506 [main] INFO  handler.ContextHandler (ContextHandler.java:doStart(781)) - Started o.e.j.s.ServletContextHandler@27dc335a{/logs,file:///workdir/hadoop-ozone/integration-test/target/log,AVAILABLE}
2019-10-02 00:33:26,507 [main] INFO  handler.ContextHandler (ContextHandler.java:doStart(781)) - Started o.e.j.s.ServletContextHandler@915d7c4{/static,jar:file:/home/user/.m2/repository/org/apache/hadoop/hadoop-hdds-container-service/0.5.0-SNAPSHOT/hadoop-hdds-container-service-0.5.0-SNAPSHOT.jar!/webapps/static,AVAILABLE}
2019-10-02 00:33:26,533 [main] INFO  handler.ContextHandler (ContextHandler.java:doStart(781)) - Started o.e.j.w.WebAppContext@6cf047cf{/,file:///tmp/jetty-0.0.0.0-41984-hddsDatanode-_-any-768508050805490900.dir/webapp/,AVAILABLE}{/hddsDatanode}
2019-10-02 00:33:26,534 [main] INFO  server.AbstractConnector (AbstractConnector.java:doStart(278)) - Started ServerConnector@1c92a549{HTTP/1.1,[http/1.1]}{0.0.0.0:41984}
2019-10-02 00:33:26,534 [main] INFO  server.Server (Server.java:doStart(419)) - Started @693408ms
2019-10-02 00:33:26,536 [main] WARN  impl.MetricsSystemImpl (MetricsSystemImpl.java:register(276)) - Sink prometheus already exists!
2019-10-02 00:33:26,537 [main] INFO  server.BaseHttpServer (BaseHttpServer.java:updateConnectorAddress(215)) - HTTP server of HDDSDATANODE is listening at http://0.0.0.0:41984
2019-10-02 00:33:26,537 [main] INFO  impl.MetricsSystemImpl (MetricsSystemImpl.java:init(158)) - HddsDatanode metrics system started (again)
2019-10-02 00:33:26,544 [org.apache.hadoop.util.JvmPauseMonitor$Monitor@4ab75339] INFO  util.JvmPauseMonitor (JvmPauseMonitor.java:run(188)) - Starting JVM pause monitor
2019-10-02 00:33:26,544 [main] INFO  ozone.HddsDatanodeService (HddsDatanodeService.java:start(184)) - HddsDatanodeService host:pr-hdds-1984-s47sn-1814639636 ip:192.168.151.67
2019-10-02 00:33:26,545 [Datanode State Machine Thread - 0] INFO  datanode.InitDatanodeState (InitDatanodeState.java:persistContainerDatanodeDetails(140)) - DatanodeDetails is persisted to /workdir/hadoop-ozone/integration-test/target/test-dir/MiniOzoneClusterImpl-fc2f9b79-8358-4999-9ef3-38efab3cd552/datanode-1/meta/datanode.id
2019-10-02 00:33:26,547 [grpc-default-worker-ELG-3-1] WARN  nio.NioEventLoop (NioEventLoop.java:select(786)) - Selector.select() returned prematurely {} times in a row; rebuilding Selector {}.
2019-10-02 00:33:26,547 [grpc-default-worker-ELG-3-1] INFO  nio.NioEventLoop (NioEventLoop.java:rebuildSelector0(396)) - Migrated 0 channel(s) to the new Selector.
2019-10-02 00:33:26,552 [main] INFO  volume.HddsVolume (HddsVolume.java:<init>(176)) - Creating Volume: /workdir/hadoop-ozone/integration-test/target/test-dir/MiniOzoneClusterImpl-fc2f9b79-8358-4999-9ef3-38efab3cd552/datanode-2/data/containers/hdds of  storage type : DISK and capacity : 1482555576320
2019-10-02 00:33:26,552 [main] INFO  volume.VolumeSet (VolumeSet.java:initializeVolumeSet(170)) - Added Volume : /workdir/hadoop-ozone/integration-test/target/test-dir/MiniOzoneClusterImpl-fc2f9b79-8358-4999-9ef3-38efab3cd552/datanode-2/data/containers/hdds to VolumeSet
2019-10-02 00:33:26,552 [main] INFO  volume.ThrottledAsyncChecker (ThrottledAsyncChecker.java:schedule(139)) - Scheduling a check for org.apache.hadoop.ozone.container.common.volume.HddsVolume@5d2e6f62
2019-10-02 00:33:26,553 [main] INFO  volume.HddsVolumeChecker (HddsVolumeChecker.java:checkAllVolumes(202)) - Scheduled health check for volume org.apache.hadoop.ozone.container.common.volume.HddsVolume@5d2e6f62
2019-10-02 00:33:26,565 [main] INFO  impl.RaftServerProxy (ConfUtils.java:logGet(43)) - raft.rpc.type = GRPC (default)
2019-10-02 00:33:26,565 [main] INFO  grpc.GrpcFactory (GrpcFactory.java:checkPooledByteBufAllocatorUseCacheForAllThreads(45)) - PERFORMANCE WARNING: useCacheForAllThreads is true that may cause Netty to create a lot garbage objects and, as a result, trigger GC.
	It is recommended to disable useCacheForAllThreads by setting -Dorg.apache.ratis.thirdparty.io.netty.allocator.useCacheForAllThreads=false in command line.
2019-10-02 00:33:26,566 [main] INFO  grpc.GrpcConfigKeys$Server (ConfUtils.java:logGet(43)) - raft.grpc.server.port = 0 (default)
2019-10-02 00:33:26,566 [main] INFO  server.GrpcService (ConfUtils.java:logGet(43)) - raft.grpc.message.size.max = 33570816 (custom)
2019-10-02 00:33:26,566 [main] INFO  server.RaftServerConfigKeys (ConfUtils.java:logGet(43)) - raft.server.log.appender.buffer.byte-limit = 33554432 (custom)
2019-10-02 00:33:26,566 [main] INFO  server.GrpcService (ConfUtils.java:logGet(43)) - raft.grpc.flow.control.window = 1MB (=1048576) (default)
2019-10-02 00:33:26,566 [main] INFO  server.RaftServerConfigKeys (ConfUtils.java:logGet(43)) - raft.server.rpc.request.timeout = 3000ms (default)
2019-10-02 00:33:26,566 [main] INFO  server.RaftServerConfigKeys (ConfUtils.java:logGet(43)) - raft.server.storage.dir = [/workdir/hadoop-ozone/integration-test/target/test-dir/MiniOzoneClusterImpl-fc2f9b79-8358-4999-9ef3-38efab3cd552/datanode-2/data/ratis] (custom)
2019-10-02 00:33:26,567 [main] INFO  hdfs.DFSUtil (DFSUtil.java:httpServerTemplateForNNAndJN(1641)) - Starting Web-server for hddsDatanode at: http://0.0.0.0:0
2019-10-02 00:33:26,568 [main] INFO  server.AuthenticationFilter (AuthenticationFilter.java:constructSecretProvider(240)) - Unable to initialize FileSignerSecretProvider, falling back to use random secrets.
2019-10-02 00:33:26,569 [main] WARN  http.HttpRequestLog (HttpRequestLog.java:getRequestLog(97)) - Jetty request log can only be enabled using Log4j
2019-10-02 00:33:26,570 [main] INFO  http.HttpServer2 (HttpServer2.java:addGlobalFilter(975)) - Added global filter 'safety' (class=org.apache.hadoop.http.HttpServer2$QuotingInputFilter)
2019-10-02 00:33:26,570 [main] INFO  http.HttpServer2 (HttpServer2.java:addFilter(948)) - Added filter static_user_filter (class=org.apache.hadoop.http.lib.StaticUserWebFilter$StaticUserFilter) to context hddsDatanode
2019-10-02 00:33:26,570 [main] INFO  http.HttpServer2 (HttpServer2.java:addFilter(958)) - Added filter static_user_filter (class=org.apache.hadoop.http.lib.StaticUserWebFilter$StaticUserFilter) to context static
2019-10-02 00:33:26,570 [main] INFO  http.HttpServer2 (HttpServer2.java:addFilter(958)) - Added filter static_user_filter (class=org.apache.hadoop.http.lib.StaticUserWebFilter$StaticUserFilter) to context logs
2019-10-02 00:33:26,571 [main] INFO  http.HttpServer2 (HttpServer2.java:bindListener(1191)) - Jetty bound to port 36805
2019-10-02 00:33:26,571 [main] INFO  server.Server (Server.java:doStart(351)) - jetty-9.3.25.v20180904, build timestamp: 2018-09-04T21:11:46Z, git hash: 3ce520221d0240229c862b122d2b06c12a625732
2019-10-02 00:33:26,572 [main] INFO  handler.ContextHandler (ContextHandler.java:doStart(781)) - Started o.e.j.s.ServletContextHandler@5efe5b25{/logs,file:///workdir/hadoop-ozone/integration-test/target/log,AVAILABLE}
2019-10-02 00:33:26,573 [main] INFO  handler.ContextHandler (ContextHandler.java:doStart(781)) - Started o.e.j.s.ServletContextHandler@1f0e2bdc{/static,jar:file:/home/user/.m2/repository/org/apache/hadoop/hadoop-hdds-container-service/0.5.0-SNAPSHOT/hadoop-hdds-container-service-0.5.0-SNAPSHOT.jar!/webapps/static,AVAILABLE}
2019-10-02 00:33:26,599 [main] INFO  handler.ContextHandler (ContextHandler.java:doStart(781)) - Started o.e.j.w.WebAppContext@166e5a6d{/,file:///tmp/jetty-0.0.0.0-36805-hddsDatanode-_-any-6299207832051200069.dir/webapp/,AVAILABLE}{/hddsDatanode}
2019-10-02 00:33:26,600 [main] INFO  server.AbstractConnector (AbstractConnector.java:doStart(278)) - Started ServerConnector@1d55dd21{HTTP/1.1,[http/1.1]}{0.0.0.0:36805}
2019-10-02 00:33:26,600 [main] INFO  server.Server (Server.java:doStart(419)) - Started @693474ms
2019-10-02 00:33:26,602 [main] WARN  impl.MetricsSystemImpl (MetricsSystemImpl.java:register(276)) - Sink prometheus already exists!
2019-10-02 00:33:26,603 [main] INFO  server.BaseHttpServer (BaseHttpServer.java:updateConnectorAddress(215)) - HTTP server of HDDSDATANODE is listening at http://0.0.0.0:36805
2019-10-02 00:33:26,603 [main] INFO  impl.MetricsSystemImpl (MetricsSystemImpl.java:init(158)) - HddsDatanode metrics system started (again)
2019-10-02 00:33:26,610 [org.apache.hadoop.util.JvmPauseMonitor$Monitor@1953548e] INFO  util.JvmPauseMonitor (JvmPauseMonitor.java:run(188)) - Starting JVM pause monitor
2019-10-02 00:33:26,611 [Datanode State Machine Thread - 0] INFO  datanode.InitDatanodeState (InitDatanodeState.java:persistContainerDatanodeDetails(140)) - DatanodeDetails is persisted to /workdir/hadoop-ozone/integration-test/target/test-dir/MiniOzoneClusterImpl-fc2f9b79-8358-4999-9ef3-38efab3cd552/datanode-2/meta/datanode.id
2019-10-02 00:33:26,611 [main] INFO  ozone.HddsDatanodeService (HddsDatanodeService.java:start(184)) - HddsDatanodeService host:pr-hdds-1984-s47sn-1814639636 ip:192.168.151.67
2019-10-02 00:33:26,618 [main] INFO  volume.HddsVolume (HddsVolume.java:<init>(176)) - Creating Volume: /workdir/hadoop-ozone/integration-test/target/test-dir/MiniOzoneClusterImpl-fc2f9b79-8358-4999-9ef3-38efab3cd552/datanode-3/data/containers/hdds of  storage type : DISK and capacity : 1482555576320
2019-10-02 00:33:26,618 [main] INFO  volume.VolumeSet (VolumeSet.java:initializeVolumeSet(170)) - Added Volume : /workdir/hadoop-ozone/integration-test/target/test-dir/MiniOzoneClusterImpl-fc2f9b79-8358-4999-9ef3-38efab3cd552/datanode-3/data/containers/hdds to VolumeSet
2019-10-02 00:33:26,618 [main] INFO  volume.ThrottledAsyncChecker (ThrottledAsyncChecker.java:schedule(139)) - Scheduling a check for org.apache.hadoop.ozone.container.common.volume.HddsVolume@75d97e18
2019-10-02 00:33:26,618 [main] INFO  volume.HddsVolumeChecker (HddsVolumeChecker.java:checkAllVolumes(202)) - Scheduled health check for volume org.apache.hadoop.ozone.container.common.volume.HddsVolume@75d97e18
2019-10-02 00:33:26,631 [main] INFO  impl.RaftServerProxy (ConfUtils.java:logGet(43)) - raft.rpc.type = GRPC (default)
2019-10-02 00:33:26,631 [main] INFO  grpc.GrpcFactory (GrpcFactory.java:checkPooledByteBufAllocatorUseCacheForAllThreads(45)) - PERFORMANCE WARNING: useCacheForAllThreads is true that may cause Netty to create a lot garbage objects and, as a result, trigger GC.
	It is recommended to disable useCacheForAllThreads by setting -Dorg.apache.ratis.thirdparty.io.netty.allocator.useCacheForAllThreads=false in command line.
2019-10-02 00:33:26,631 [main] INFO  grpc.GrpcConfigKeys$Server (ConfUtils.java:logGet(43)) - raft.grpc.server.port = 0 (default)
2019-10-02 00:33:26,631 [main] INFO  server.GrpcService (ConfUtils.java:logGet(43)) - raft.grpc.message.size.max = 33570816 (custom)
2019-10-02 00:33:26,632 [main] INFO  server.RaftServerConfigKeys (ConfUtils.java:logGet(43)) - raft.server.log.appender.buffer.byte-limit = 33554432 (custom)
2019-10-02 00:33:26,632 [main] INFO  server.GrpcService (ConfUtils.java:logGet(43)) - raft.grpc.flow.control.window = 1MB (=1048576) (default)
2019-10-02 00:33:26,632 [main] INFO  server.RaftServerConfigKeys (ConfUtils.java:logGet(43)) - raft.server.rpc.request.timeout = 3000ms (default)
2019-10-02 00:33:26,632 [main] INFO  server.RaftServerConfigKeys (ConfUtils.java:logGet(43)) - raft.server.storage.dir = [/workdir/hadoop-ozone/integration-test/target/test-dir/MiniOzoneClusterImpl-fc2f9b79-8358-4999-9ef3-38efab3cd552/datanode-3/data/ratis] (custom)
2019-10-02 00:33:26,633 [main] INFO  hdfs.DFSUtil (DFSUtil.java:httpServerTemplateForNNAndJN(1641)) - Starting Web-server for hddsDatanode at: http://0.0.0.0:0
2019-10-02 00:33:26,634 [main] INFO  server.AuthenticationFilter (AuthenticationFilter.java:constructSecretProvider(240)) - Unable to initialize FileSignerSecretProvider, falling back to use random secrets.
2019-10-02 00:33:26,634 [main] WARN  http.HttpRequestLog (HttpRequestLog.java:getRequestLog(97)) - Jetty request log can only be enabled using Log4j
2019-10-02 00:33:26,635 [main] INFO  http.HttpServer2 (HttpServer2.java:addGlobalFilter(975)) - Added global filter 'safety' (class=org.apache.hadoop.http.HttpServer2$QuotingInputFilter)
2019-10-02 00:33:26,636 [main] INFO  http.HttpServer2 (HttpServer2.java:addFilter(948)) - Added filter static_user_filter (class=org.apache.hadoop.http.lib.StaticUserWebFilter$StaticUserFilter) to context hddsDatanode
2019-10-02 00:33:26,636 [main] INFO  http.HttpServer2 (HttpServer2.java:addFilter(958)) - Added filter static_user_filter (class=org.apache.hadoop.http.lib.StaticUserWebFilter$StaticUserFilter) to context static
2019-10-02 00:33:26,636 [main] INFO  http.HttpServer2 (HttpServer2.java:addFilter(958)) - Added filter static_user_filter (class=org.apache.hadoop.http.lib.StaticUserWebFilter$StaticUserFilter) to context logs
2019-10-02 00:33:26,636 [main] INFO  http.HttpServer2 (HttpServer2.java:bindListener(1191)) - Jetty bound to port 44480
2019-10-02 00:33:26,637 [main] INFO  server.Server (Server.java:doStart(351)) - jetty-9.3.25.v20180904, build timestamp: 2018-09-04T21:11:46Z, git hash: 3ce520221d0240229c862b122d2b06c12a625732
2019-10-02 00:33:26,638 [main] INFO  handler.ContextHandler (ContextHandler.java:doStart(781)) - Started o.e.j.s.ServletContextHandler@31d4b3e8{/logs,file:///workdir/hadoop-ozone/integration-test/target/log,AVAILABLE}
2019-10-02 00:33:26,638 [main] INFO  handler.ContextHandler (ContextHandler.java:doStart(781)) - Started o.e.j.s.ServletContextHandler@1fc1c7e{/static,jar:file:/home/user/.m2/repository/org/apache/hadoop/hadoop-hdds-container-service/0.5.0-SNAPSHOT/hadoop-hdds-container-service-0.5.0-SNAPSHOT.jar!/webapps/static,AVAILABLE}
2019-10-02 00:33:26,664 [main] INFO  handler.ContextHandler (ContextHandler.java:doStart(781)) - Started o.e.j.w.WebAppContext@4ad1a276{/,file:///tmp/jetty-0.0.0.0-44480-hddsDatanode-_-any-9179728320304284306.dir/webapp/,AVAILABLE}{/hddsDatanode}
2019-10-02 00:33:26,665 [main] INFO  server.AbstractConnector (AbstractConnector.java:doStart(278)) - Started ServerConnector@4a833595{HTTP/1.1,[http/1.1]}{0.0.0.0:44480}
2019-10-02 00:33:26,665 [main] INFO  server.Server (Server.java:doStart(419)) - Started @693539ms
2019-10-02 00:33:26,667 [main] WARN  impl.MetricsSystemImpl (MetricsSystemImpl.java:register(276)) - Sink prometheus already exists!
2019-10-02 00:33:26,667 [main] INFO  server.BaseHttpServer (BaseHttpServer.java:updateConnectorAddress(215)) - HTTP server of HDDSDATANODE is listening at http://0.0.0.0:44480
2019-10-02 00:33:26,668 [main] INFO  impl.MetricsSystemImpl (MetricsSystemImpl.java:init(158)) - HddsDatanode metrics system started (again)
2019-10-02 00:33:26,675 [org.apache.hadoop.util.JvmPauseMonitor$Monitor@7e5a352b] INFO  util.JvmPauseMonitor (JvmPauseMonitor.java:run(188)) - Starting JVM pause monitor
2019-10-02 00:33:26,676 [main] INFO  ozone.HddsDatanodeService (HddsDatanodeService.java:start(184)) - HddsDatanodeService host:pr-hdds-1984-s47sn-1814639636 ip:192.168.151.67
2019-10-02 00:33:26,677 [Datanode State Machine Thread - 0] INFO  datanode.InitDatanodeState (InitDatanodeState.java:persistContainerDatanodeDetails(140)) - DatanodeDetails is persisted to /workdir/hadoop-ozone/integration-test/target/test-dir/MiniOzoneClusterImpl-fc2f9b79-8358-4999-9ef3-38efab3cd552/datanode-3/meta/datanode.id
2019-10-02 00:33:26,683 [main] INFO  volume.HddsVolume (HddsVolume.java:<init>(176)) - Creating Volume: /workdir/hadoop-ozone/integration-test/target/test-dir/MiniOzoneClusterImpl-fc2f9b79-8358-4999-9ef3-38efab3cd552/datanode-4/data/containers/hdds of  storage type : DISK and capacity : 1482555576320
2019-10-02 00:33:26,683 [main] INFO  volume.VolumeSet (VolumeSet.java:initializeVolumeSet(170)) - Added Volume : /workdir/hadoop-ozone/integration-test/target/test-dir/MiniOzoneClusterImpl-fc2f9b79-8358-4999-9ef3-38efab3cd552/datanode-4/data/containers/hdds to VolumeSet
2019-10-02 00:33:26,683 [main] INFO  volume.ThrottledAsyncChecker (ThrottledAsyncChecker.java:schedule(139)) - Scheduling a check for org.apache.hadoop.ozone.container.common.volume.HddsVolume@299fc582
2019-10-02 00:33:26,684 [main] INFO  volume.HddsVolumeChecker (HddsVolumeChecker.java:checkAllVolumes(202)) - Scheduled health check for volume org.apache.hadoop.ozone.container.common.volume.HddsVolume@299fc582
2019-10-02 00:33:26,696 [main] INFO  impl.RaftServerProxy (ConfUtils.java:logGet(43)) - raft.rpc.type = GRPC (default)
2019-10-02 00:33:26,696 [main] INFO  grpc.GrpcFactory (GrpcFactory.java:checkPooledByteBufAllocatorUseCacheForAllThreads(45)) - PERFORMANCE WARNING: useCacheForAllThreads is true that may cause Netty to create a lot garbage objects and, as a result, trigger GC.
	It is recommended to disable useCacheForAllThreads by setting -Dorg.apache.ratis.thirdparty.io.netty.allocator.useCacheForAllThreads=false in command line.
2019-10-02 00:33:26,696 [main] INFO  grpc.GrpcConfigKeys$Server (ConfUtils.java:logGet(43)) - raft.grpc.server.port = 0 (default)
2019-10-02 00:33:26,696 [main] INFO  server.GrpcService (ConfUtils.java:logGet(43)) - raft.grpc.message.size.max = 33570816 (custom)
2019-10-02 00:33:26,697 [main] INFO  server.RaftServerConfigKeys (ConfUtils.java:logGet(43)) - raft.server.log.appender.buffer.byte-limit = 33554432 (custom)
2019-10-02 00:33:26,697 [main] INFO  server.GrpcService (ConfUtils.java:logGet(43)) - raft.grpc.flow.control.window = 1MB (=1048576) (default)
2019-10-02 00:33:26,697 [main] INFO  server.RaftServerConfigKeys (ConfUtils.java:logGet(43)) - raft.server.rpc.request.timeout = 3000ms (default)
2019-10-02 00:33:26,697 [main] INFO  server.RaftServerConfigKeys (ConfUtils.java:logGet(43)) - raft.server.storage.dir = [/workdir/hadoop-ozone/integration-test/target/test-dir/MiniOzoneClusterImpl-fc2f9b79-8358-4999-9ef3-38efab3cd552/datanode-4/data/ratis] (custom)
2019-10-02 00:33:26,698 [main] INFO  hdfs.DFSUtil (DFSUtil.java:httpServerTemplateForNNAndJN(1641)) - Starting Web-server for hddsDatanode at: http://0.0.0.0:0
2019-10-02 00:33:26,699 [main] INFO  server.AuthenticationFilter (AuthenticationFilter.java:constructSecretProvider(240)) - Unable to initialize FileSignerSecretProvider, falling back to use random secrets.
2019-10-02 00:33:26,699 [main] WARN  http.HttpRequestLog (HttpRequestLog.java:getRequestLog(97)) - Jetty request log can only be enabled using Log4j
2019-10-02 00:33:26,700 [main] INFO  http.HttpServer2 (HttpServer2.java:addGlobalFilter(975)) - Added global filter 'safety' (class=org.apache.hadoop.http.HttpServer2$QuotingInputFilter)
2019-10-02 00:33:26,700 [main] INFO  http.HttpServer2 (HttpServer2.java:addFilter(948)) - Added filter static_user_filter (class=org.apache.hadoop.http.lib.StaticUserWebFilter$StaticUserFilter) to context hddsDatanode
2019-10-02 00:33:26,701 [main] INFO  http.HttpServer2 (HttpServer2.java:addFilter(958)) - Added filter static_user_filter (class=org.apache.hadoop.http.lib.StaticUserWebFilter$StaticUserFilter) to context logs
2019-10-02 00:33:26,701 [main] INFO  http.HttpServer2 (HttpServer2.java:addFilter(958)) - Added filter static_user_filter (class=org.apache.hadoop.http.lib.StaticUserWebFilter$StaticUserFilter) to context static
2019-10-02 00:33:26,701 [main] INFO  http.HttpServer2 (HttpServer2.java:bindListener(1191)) - Jetty bound to port 43352
2019-10-02 00:33:26,701 [main] INFO  server.Server (Server.java:doStart(351)) - jetty-9.3.25.v20180904, build timestamp: 2018-09-04T21:11:46Z, git hash: 3ce520221d0240229c862b122d2b06c12a625732
2019-10-02 00:33:26,703 [main] INFO  handler.ContextHandler (ContextHandler.java:doStart(781)) - Started o.e.j.s.ServletContextHandler@12aa519b{/logs,file:///workdir/hadoop-ozone/integration-test/target/log,AVAILABLE}
2019-10-02 00:33:26,703 [main] INFO  handler.ContextHandler (ContextHandler.java:doStart(781)) - Started o.e.j.s.ServletContextHandler@6113a26f{/static,jar:file:/home/user/.m2/repository/org/apache/hadoop/hadoop-hdds-container-service/0.5.0-SNAPSHOT/hadoop-hdds-container-service-0.5.0-SNAPSHOT.jar!/webapps/static,AVAILABLE}
2019-10-02 00:33:26,729 [main] INFO  handler.ContextHandler (ContextHandler.java:doStart(781)) - Started o.e.j.w.WebAppContext@618f627b{/,file:///tmp/jetty-0.0.0.0-43352-hddsDatanode-_-any-7910957329755674440.dir/webapp/,AVAILABLE}{/hddsDatanode}
2019-10-02 00:33:26,730 [main] INFO  server.AbstractConnector (AbstractConnector.java:doStart(278)) - Started ServerConnector@10745a02{HTTP/1.1,[http/1.1]}{0.0.0.0:43352}
2019-10-02 00:33:26,730 [main] INFO  server.Server (Server.java:doStart(419)) - Started @693604ms
2019-10-02 00:33:26,732 [main] WARN  impl.MetricsSystemImpl (MetricsSystemImpl.java:register(276)) - Sink prometheus already exists!
2019-10-02 00:33:26,733 [main] INFO  server.BaseHttpServer (BaseHttpServer.java:updateConnectorAddress(215)) - HTTP server of HDDSDATANODE is listening at http://0.0.0.0:43352
2019-10-02 00:33:26,733 [main] INFO  impl.MetricsSystemImpl (MetricsSystemImpl.java:init(158)) - HddsDatanode metrics system started (again)
2019-10-02 00:33:26,741 [org.apache.hadoop.util.JvmPauseMonitor$Monitor@2c33b1aa] INFO  util.JvmPauseMonitor (JvmPauseMonitor.java:run(188)) - Starting JVM pause monitor
2019-10-02 00:33:26,742 [main] INFO  ozone.HddsDatanodeService (HddsDatanodeService.java:start(184)) - HddsDatanodeService host:pr-hdds-1984-s47sn-1814639636 ip:192.168.151.67
2019-10-02 00:33:26,742 [Datanode State Machine Thread - 0] INFO  datanode.InitDatanodeState (InitDatanodeState.java:persistContainerDatanodeDetails(140)) - DatanodeDetails is persisted to /workdir/hadoop-ozone/integration-test/target/test-dir/MiniOzoneClusterImpl-fc2f9b79-8358-4999-9ef3-38efab3cd552/datanode-4/meta/datanode.id
2019-10-02 00:33:26,750 [main] INFO  volume.HddsVolume (HddsVolume.java:<init>(176)) - Creating Volume: /workdir/hadoop-ozone/integration-test/target/test-dir/MiniOzoneClusterImpl-fc2f9b79-8358-4999-9ef3-38efab3cd552/datanode-5/data/containers/hdds of  storage type : DISK and capacity : 1482555576320
2019-10-02 00:33:26,750 [main] INFO  volume.VolumeSet (VolumeSet.java:initializeVolumeSet(170)) - Added Volume : /workdir/hadoop-ozone/integration-test/target/test-dir/MiniOzoneClusterImpl-fc2f9b79-8358-4999-9ef3-38efab3cd552/datanode-5/data/containers/hdds to VolumeSet
2019-10-02 00:33:26,750 [main] INFO  volume.ThrottledAsyncChecker (ThrottledAsyncChecker.java:schedule(139)) - Scheduling a check for org.apache.hadoop.ozone.container.common.volume.HddsVolume@580c17a0
2019-10-02 00:33:26,750 [main] INFO  volume.HddsVolumeChecker (HddsVolumeChecker.java:checkAllVolumes(202)) - Scheduled health check for volume org.apache.hadoop.ozone.container.common.volume.HddsVolume@580c17a0
2019-10-02 00:33:26,763 [main] INFO  impl.RaftServerProxy (ConfUtils.java:logGet(43)) - raft.rpc.type = GRPC (default)
2019-10-02 00:33:26,763 [main] INFO  grpc.GrpcFactory (GrpcFactory.java:checkPooledByteBufAllocatorUseCacheForAllThreads(45)) - PERFORMANCE WARNING: useCacheForAllThreads is true that may cause Netty to create a lot garbage objects and, as a result, trigger GC.
	It is recommended to disable useCacheForAllThreads by setting -Dorg.apache.ratis.thirdparty.io.netty.allocator.useCacheForAllThreads=false in command line.
2019-10-02 00:33:26,763 [main] INFO  grpc.GrpcConfigKeys$Server (ConfUtils.java:logGet(43)) - raft.grpc.server.port = 0 (default)
2019-10-02 00:33:26,764 [main] INFO  server.GrpcService (ConfUtils.java:logGet(43)) - raft.grpc.message.size.max = 33570816 (custom)
2019-10-02 00:33:26,764 [main] INFO  server.RaftServerConfigKeys (ConfUtils.java:logGet(43)) - raft.server.log.appender.buffer.byte-limit = 33554432 (custom)
2019-10-02 00:33:26,764 [main] INFO  server.GrpcService (ConfUtils.java:logGet(43)) - raft.grpc.flow.control.window = 1MB (=1048576) (default)
2019-10-02 00:33:26,764 [main] INFO  server.RaftServerConfigKeys (ConfUtils.java:logGet(43)) - raft.server.rpc.request.timeout = 3000ms (default)
2019-10-02 00:33:26,764 [main] INFO  server.RaftServerConfigKeys (ConfUtils.java:logGet(43)) - raft.server.storage.dir = [/workdir/hadoop-ozone/integration-test/target/test-dir/MiniOzoneClusterImpl-fc2f9b79-8358-4999-9ef3-38efab3cd552/datanode-5/data/ratis] (custom)
2019-10-02 00:33:26,765 [main] INFO  hdfs.DFSUtil (DFSUtil.java:httpServerTemplateForNNAndJN(1641)) - Starting Web-server for hddsDatanode at: http://0.0.0.0:0
2019-10-02 00:33:26,766 [main] INFO  server.AuthenticationFilter (AuthenticationFilter.java:constructSecretProvider(240)) - Unable to initialize FileSignerSecretProvider, falling back to use random secrets.
2019-10-02 00:33:26,766 [main] WARN  http.HttpRequestLog (HttpRequestLog.java:getRequestLog(97)) - Jetty request log can only be enabled using Log4j
2019-10-02 00:33:26,767 [main] INFO  http.HttpServer2 (HttpServer2.java:addGlobalFilter(975)) - Added global filter 'safety' (class=org.apache.hadoop.http.HttpServer2$QuotingInputFilter)
2019-10-02 00:33:26,768 [main] INFO  http.HttpServer2 (HttpServer2.java:addFilter(948)) - Added filter static_user_filter (class=org.apache.hadoop.http.lib.StaticUserWebFilter$StaticUserFilter) to context hddsDatanode
2019-10-02 00:33:26,768 [main] INFO  http.HttpServer2 (HttpServer2.java:addFilter(958)) - Added filter static_user_filter (class=org.apache.hadoop.http.lib.StaticUserWebFilter$StaticUserFilter) to context logs
2019-10-02 00:33:26,768 [main] INFO  http.HttpServer2 (HttpServer2.java:addFilter(958)) - Added filter static_user_filter (class=org.apache.hadoop.http.lib.StaticUserWebFilter$StaticUserFilter) to context static
2019-10-02 00:33:26,769 [main] INFO  http.HttpServer2 (HttpServer2.java:bindListener(1191)) - Jetty bound to port 38360
2019-10-02 00:33:26,769 [main] INFO  server.Server (Server.java:doStart(351)) - jetty-9.3.25.v20180904, build timestamp: 2018-09-04T21:11:46Z, git hash: 3ce520221d0240229c862b122d2b06c12a625732
2019-10-02 00:33:26,770 [main] INFO  handler.ContextHandler (ContextHandler.java:doStart(781)) - Started o.e.j.s.ServletContextHandler@2830315f{/logs,file:///workdir/hadoop-ozone/integration-test/target/log,AVAILABLE}
2019-10-02 00:33:26,770 [main] INFO  handler.ContextHandler (ContextHandler.java:doStart(781)) - Started o.e.j.s.ServletContextHandler@75452aea{/static,jar:file:/home/user/.m2/repository/org/apache/hadoop/hadoop-hdds-container-service/0.5.0-SNAPSHOT/hadoop-hdds-container-service-0.5.0-SNAPSHOT.jar!/webapps/static,AVAILABLE}
2019-10-02 00:33:26,797 [main] INFO  handler.ContextHandler (ContextHandler.java:doStart(781)) - Started o.e.j.w.WebAppContext@7858d31d{/,file:///tmp/jetty-0.0.0.0-38360-hddsDatanode-_-any-3823238982732426918.dir/webapp/,AVAILABLE}{/hddsDatanode}
2019-10-02 00:33:26,797 [main] INFO  server.AbstractConnector (AbstractConnector.java:doStart(278)) - Started ServerConnector@782e6b40{HTTP/1.1,[http/1.1]}{0.0.0.0:38360}
2019-10-02 00:33:26,797 [main] INFO  server.Server (Server.java:doStart(419)) - Started @693672ms
2019-10-02 00:33:26,800 [main] WARN  impl.MetricsSystemImpl (MetricsSystemImpl.java:register(276)) - Sink prometheus already exists!
2019-10-02 00:33:26,801 [main] INFO  server.BaseHttpServer (BaseHttpServer.java:updateConnectorAddress(215)) - HTTP server of HDDSDATANODE is listening at http://0.0.0.0:38360
2019-10-02 00:33:26,801 [main] INFO  impl.MetricsSystemImpl (MetricsSystemImpl.java:init(158)) - HddsDatanode metrics system started (again)
2019-10-02 00:33:26,810 [org.apache.hadoop.util.JvmPauseMonitor$Monitor@78e5fae2] INFO  util.JvmPauseMonitor (JvmPauseMonitor.java:run(188)) - Starting JVM pause monitor
2019-10-02 00:33:26,810 [main] INFO  ozone.HddsDatanodeService (HddsDatanodeService.java:start(184)) - HddsDatanodeService host:pr-hdds-1984-s47sn-1814639636 ip:192.168.151.67
2019-10-02 00:33:26,811 [Datanode State Machine Thread - 0] INFO  datanode.InitDatanodeState (InitDatanodeState.java:persistContainerDatanodeDetails(140)) - DatanodeDetails is persisted to /workdir/hadoop-ozone/integration-test/target/test-dir/MiniOzoneClusterImpl-fc2f9b79-8358-4999-9ef3-38efab3cd552/datanode-5/meta/datanode.id
2019-10-02 00:33:26,818 [main] INFO  volume.HddsVolume (HddsVolume.java:<init>(176)) - Creating Volume: /workdir/hadoop-ozone/integration-test/target/test-dir/MiniOzoneClusterImpl-fc2f9b79-8358-4999-9ef3-38efab3cd552/datanode-6/data/containers/hdds of  storage type : DISK and capacity : 1482555576320
2019-10-02 00:33:26,818 [main] INFO  volume.VolumeSet (VolumeSet.java:initializeVolumeSet(170)) - Added Volume : /workdir/hadoop-ozone/integration-test/target/test-dir/MiniOzoneClusterImpl-fc2f9b79-8358-4999-9ef3-38efab3cd552/datanode-6/data/containers/hdds to VolumeSet
2019-10-02 00:33:26,818 [main] INFO  volume.ThrottledAsyncChecker (ThrottledAsyncChecker.java:schedule(139)) - Scheduling a check for org.apache.hadoop.ozone.container.common.volume.HddsVolume@2c815fdc
2019-10-02 00:33:26,819 [main] INFO  volume.HddsVolumeChecker (HddsVolumeChecker.java:checkAllVolumes(202)) - Scheduled health check for volume org.apache.hadoop.ozone.container.common.volume.HddsVolume@2c815fdc
2019-10-02 00:33:26,833 [main] INFO  impl.RaftServerProxy (ConfUtils.java:logGet(43)) - raft.rpc.type = GRPC (default)
2019-10-02 00:33:26,833 [main] INFO  grpc.GrpcFactory (GrpcFactory.java:checkPooledByteBufAllocatorUseCacheForAllThreads(45)) - PERFORMANCE WARNING: useCacheForAllThreads is true that may cause Netty to create a lot garbage objects and, as a result, trigger GC.
	It is recommended to disable useCacheForAllThreads by setting -Dorg.apache.ratis.thirdparty.io.netty.allocator.useCacheForAllThreads=false in command line.
2019-10-02 00:33:26,833 [main] INFO  grpc.GrpcConfigKeys$Server (ConfUtils.java:logGet(43)) - raft.grpc.server.port = 0 (default)
2019-10-02 00:33:26,834 [main] INFO  server.GrpcService (ConfUtils.java:logGet(43)) - raft.grpc.message.size.max = 33570816 (custom)
2019-10-02 00:33:26,834 [main] INFO  server.RaftServerConfigKeys (ConfUtils.java:logGet(43)) - raft.server.log.appender.buffer.byte-limit = 33554432 (custom)
2019-10-02 00:33:26,834 [main] INFO  server.GrpcService (ConfUtils.java:logGet(43)) - raft.grpc.flow.control.window = 1MB (=1048576) (default)
2019-10-02 00:33:26,834 [main] INFO  server.RaftServerConfigKeys (ConfUtils.java:logGet(43)) - raft.server.rpc.request.timeout = 3000ms (default)
2019-10-02 00:33:26,834 [main] INFO  server.RaftServerConfigKeys (ConfUtils.java:logGet(43)) - raft.server.storage.dir = [/workdir/hadoop-ozone/integration-test/target/test-dir/MiniOzoneClusterImpl-fc2f9b79-8358-4999-9ef3-38efab3cd552/datanode-6/data/ratis] (custom)
2019-10-02 00:33:26,835 [main] INFO  hdfs.DFSUtil (DFSUtil.java:httpServerTemplateForNNAndJN(1641)) - Starting Web-server for hddsDatanode at: http://0.0.0.0:0
2019-10-02 00:33:26,836 [main] INFO  server.AuthenticationFilter (AuthenticationFilter.java:constructSecretProvider(240)) - Unable to initialize FileSignerSecretProvider, falling back to use random secrets.
2019-10-02 00:33:26,836 [main] WARN  http.HttpRequestLog (HttpRequestLog.java:getRequestLog(97)) - Jetty request log can only be enabled using Log4j
2019-10-02 00:33:26,837 [main] INFO  http.HttpServer2 (HttpServer2.java:addGlobalFilter(975)) - Added global filter 'safety' (class=org.apache.hadoop.http.HttpServer2$QuotingInputFilter)
2019-10-02 00:33:26,838 [main] INFO  http.HttpServer2 (HttpServer2.java:addFilter(948)) - Added filter static_user_filter (class=org.apache.hadoop.http.lib.StaticUserWebFilter$StaticUserFilter) to context hddsDatanode
2019-10-02 00:33:26,838 [main] INFO  http.HttpServer2 (HttpServer2.java:addFilter(958)) - Added filter static_user_filter (class=org.apache.hadoop.http.lib.StaticUserWebFilter$StaticUserFilter) to context static
2019-10-02 00:33:26,838 [main] INFO  http.HttpServer2 (HttpServer2.java:addFilter(958)) - Added filter static_user_filter (class=org.apache.hadoop.http.lib.StaticUserWebFilter$StaticUserFilter) to context logs
2019-10-02 00:33:26,838 [main] INFO  http.HttpServer2 (HttpServer2.java:bindListener(1191)) - Jetty bound to port 32814
2019-10-02 00:33:26,839 [main] INFO  server.Server (Server.java:doStart(351)) - jetty-9.3.25.v20180904, build timestamp: 2018-09-04T21:11:46Z, git hash: 3ce520221d0240229c862b122d2b06c12a625732
2019-10-02 00:33:26,840 [main] INFO  handler.ContextHandler (ContextHandler.java:doStart(781)) - Started o.e.j.s.ServletContextHandler@7417ef4f{/logs,file:///workdir/hadoop-ozone/integration-test/target/log,AVAILABLE}
2019-10-02 00:33:26,840 [main] INFO  handler.ContextHandler (ContextHandler.java:doStart(781)) - Started o.e.j.s.ServletContextHandler@4fa8bebb{/static,jar:file:/home/user/.m2/repository/org/apache/hadoop/hadoop-hdds-container-service/0.5.0-SNAPSHOT/hadoop-hdds-container-service-0.5.0-SNAPSHOT.jar!/webapps/static,AVAILABLE}
2019-10-02 00:33:26,876 [main] INFO  handler.ContextHandler (ContextHandler.java:doStart(781)) - Started o.e.j.w.WebAppContext@101c15ad{/,file:///tmp/jetty-0.0.0.0-32814-hddsDatanode-_-any-1599853381519397492.dir/webapp/,AVAILABLE}{/hddsDatanode}
2019-10-02 00:33:26,877 [main] INFO  server.AbstractConnector (AbstractConnector.java:doStart(278)) - Started ServerConnector@6068ebb2{HTTP/1.1,[http/1.1]}{0.0.0.0:32814}
2019-10-02 00:33:26,879 [main] INFO  server.Server (Server.java:doStart(419)) - Started @693754ms
2019-10-02 00:33:26,879 [main] WARN  impl.MetricsSystemImpl (MetricsSystemImpl.java:register(276)) - Sink prometheus already exists!
2019-10-02 00:33:26,880 [main] INFO  server.BaseHttpServer (BaseHttpServer.java:updateConnectorAddress(215)) - HTTP server of HDDSDATANODE is listening at http://0.0.0.0:32814
2019-10-02 00:33:26,880 [main] INFO  ozone.MiniOzoneClusterImpl (MiniOzoneClusterImpl.java:lambda$waitForClusterToBeReady$0(147)) - Waiting for cluster to be ready. Got 0 of 7 DN Heartbeats.
2019-10-02 00:33:26,881 [org.apache.hadoop.util.JvmPauseMonitor$Monitor@22690f27] INFO  util.JvmPauseMonitor (JvmPauseMonitor.java:run(188)) - Starting JVM pause monitor
2019-10-02 00:33:26,883 [Datanode State Machine Thread - 0] INFO  datanode.InitDatanodeState (InitDatanodeState.java:persistContainerDatanodeDetails(140)) - DatanodeDetails is persisted to /workdir/hadoop-ozone/integration-test/target/test-dir/MiniOzoneClusterImpl-fc2f9b79-8358-4999-9ef3-38efab3cd552/datanode-6/meta/datanode.id
2019-10-02 00:33:27,881 [main] INFO  ozone.MiniOzoneClusterImpl (MiniOzoneClusterImpl.java:lambda$waitForClusterToBeReady$0(147)) - Waiting for cluster to be ready. Got 0 of 7 DN Heartbeats.
2019-10-02 00:33:28,507 [Datanode State Machine Thread - 0] INFO  ozoneimpl.OzoneContainer (OzoneContainer.java:start(217)) - Attempting to start container services.
2019-10-02 00:33:28,508 [Datanode State Machine Thread - 0] INFO  ozoneimpl.OzoneContainer (OzoneContainer.java:startContainerScrub(179)) - Background container scanner has been disabled.
2019-10-02 00:33:28,508 [Datanode State Machine Thread - 0] INFO  ratis.XceiverServerRatis (XceiverServerRatis.java:start(417)) - Starting XceiverServerRatis d5e39aa1-85df-4773-97f0-1a350615e09b at port 0
2019-10-02 00:33:28,514 [Datanode State Machine Thread - 0] INFO  impl.RaftServerProxy (RaftServerProxy.java:lambda$start$3(299)) - d5e39aa1-85df-4773-97f0-1a350615e09b: start RPC server
2019-10-02 00:33:28,516 [Datanode State Machine Thread - 0] INFO  server.GrpcService (GrpcService.java:startImpl(158)) - d5e39aa1-85df-4773-97f0-1a350615e09b: GrpcService started, listening on 0.0.0.0/0.0.0.0:40090
2019-10-02 00:33:28,517 [Datanode State Machine Thread - 0] INFO  ratis.XceiverServerRatis (XceiverServerRatis.java:start(427)) - XceiverServerRatis d5e39aa1-85df-4773-97f0-1a350615e09b is started using port 40090
2019-10-02 00:33:28,519 [Datanode State Machine Thread - 0] INFO  server.XceiverServerGrpc (XceiverServerGrpc.java:start(149)) - XceiverServerGrpc d5e39aa1-85df-4773-97f0-1a350615e09b is started using port 34005
2019-10-02 00:33:28,559 [Datanode State Machine Thread - 0] INFO  ozoneimpl.OzoneContainer (OzoneContainer.java:start(217)) - Attempting to start container services.
2019-10-02 00:33:28,559 [Datanode State Machine Thread - 0] INFO  ozoneimpl.OzoneContainer (OzoneContainer.java:startContainerScrub(179)) - Background container scanner has been disabled.
2019-10-02 00:33:28,559 [Datanode State Machine Thread - 0] INFO  ratis.XceiverServerRatis (XceiverServerRatis.java:start(417)) - Starting XceiverServerRatis 59358f5f-cb81-417d-afdc-c941a2597248 at port 0
2019-10-02 00:33:28,566 [Datanode State Machine Thread - 0] INFO  impl.RaftServerProxy (RaftServerProxy.java:lambda$start$3(299)) - 59358f5f-cb81-417d-afdc-c941a2597248: start RPC server
2019-10-02 00:33:28,566 [Datanode State Machine Thread - 0] INFO  server.GrpcService (GrpcService.java:startImpl(158)) - 59358f5f-cb81-417d-afdc-c941a2597248: GrpcService started, listening on 0.0.0.0/0.0.0.0:32898
2019-10-02 00:33:28,567 [Datanode State Machine Thread - 0] INFO  ratis.XceiverServerRatis (XceiverServerRatis.java:start(427)) - XceiverServerRatis 59358f5f-cb81-417d-afdc-c941a2597248 is started using port 32898
2019-10-02 00:33:28,577 [Datanode State Machine Thread - 0] INFO  server.XceiverServerGrpc (XceiverServerGrpc.java:start(149)) - XceiverServerGrpc 59358f5f-cb81-417d-afdc-c941a2597248 is started using port 33621
2019-10-02 00:33:28,624 [Datanode State Machine Thread - 0] INFO  ozoneimpl.OzoneContainer (OzoneContainer.java:start(217)) - Attempting to start container services.
2019-10-02 00:33:28,624 [Datanode State Machine Thread - 0] INFO  ozoneimpl.OzoneContainer (OzoneContainer.java:startContainerScrub(179)) - Background container scanner has been disabled.
2019-10-02 00:33:28,625 [Datanode State Machine Thread - 0] INFO  ratis.XceiverServerRatis (XceiverServerRatis.java:start(417)) - Starting XceiverServerRatis 7dac08de-4677-4d75-96f1-007ade40e620 at port 0
2019-10-02 00:33:28,631 [Datanode State Machine Thread - 0] INFO  impl.RaftServerProxy (RaftServerProxy.java:lambda$start$3(299)) - 7dac08de-4677-4d75-96f1-007ade40e620: start RPC server
2019-10-02 00:33:28,632 [Datanode State Machine Thread - 0] INFO  server.GrpcService (GrpcService.java:startImpl(158)) - 7dac08de-4677-4d75-96f1-007ade40e620: GrpcService started, listening on 0.0.0.0/0.0.0.0:33140
2019-10-02 00:33:28,632 [Datanode State Machine Thread - 0] INFO  ratis.XceiverServerRatis (XceiverServerRatis.java:start(427)) - XceiverServerRatis 7dac08de-4677-4d75-96f1-007ade40e620 is started using port 33140
2019-10-02 00:33:28,649 [Datanode State Machine Thread - 0] INFO  server.XceiverServerGrpc (XceiverServerGrpc.java:start(149)) - XceiverServerGrpc 7dac08de-4677-4d75-96f1-007ade40e620 is started using port 46089
2019-10-02 00:33:28,690 [Datanode State Machine Thread - 0] INFO  ozoneimpl.OzoneContainer (OzoneContainer.java:start(217)) - Attempting to start container services.
2019-10-02 00:33:28,690 [Datanode State Machine Thread - 0] INFO  ozoneimpl.OzoneContainer (OzoneContainer.java:startContainerScrub(179)) - Background container scanner has been disabled.
2019-10-02 00:33:28,690 [Datanode State Machine Thread - 0] INFO  ratis.XceiverServerRatis (XceiverServerRatis.java:start(417)) - Starting XceiverServerRatis 5d64d55d-1a89-4955-9a32-8fdd897ba959 at port 0
2019-10-02 00:33:28,697 [Datanode State Machine Thread - 0] INFO  impl.RaftServerProxy (RaftServerProxy.java:lambda$start$3(299)) - 5d64d55d-1a89-4955-9a32-8fdd897ba959: start RPC server
2019-10-02 00:33:28,698 [Datanode State Machine Thread - 0] INFO  server.GrpcService (GrpcService.java:startImpl(158)) - 5d64d55d-1a89-4955-9a32-8fdd897ba959: GrpcService started, listening on 0.0.0.0/0.0.0.0:45178
2019-10-02 00:33:28,698 [Datanode State Machine Thread - 0] INFO  ratis.XceiverServerRatis (XceiverServerRatis.java:start(427)) - XceiverServerRatis 5d64d55d-1a89-4955-9a32-8fdd897ba959 is started using port 45178
2019-10-02 00:33:28,698 [Datanode State Machine Thread - 0] INFO  server.XceiverServerGrpc (XceiverServerGrpc.java:start(149)) - XceiverServerGrpc 5d64d55d-1a89-4955-9a32-8fdd897ba959 is started using port 39777
2019-10-02 00:33:28,755 [Datanode State Machine Thread - 0] INFO  ozoneimpl.OzoneContainer (OzoneContainer.java:start(217)) - Attempting to start container services.
2019-10-02 00:33:28,755 [Datanode State Machine Thread - 0] INFO  ozoneimpl.OzoneContainer (OzoneContainer.java:startContainerScrub(179)) - Background container scanner has been disabled.
2019-10-02 00:33:28,755 [Datanode State Machine Thread - 0] INFO  ratis.XceiverServerRatis (XceiverServerRatis.java:start(417)) - Starting XceiverServerRatis b49824c3-84dc-4655-ab2f-e554c4afe7ab at port 0
2019-10-02 00:33:28,761 [Datanode State Machine Thread - 0] INFO  impl.RaftServerProxy (RaftServerProxy.java:lambda$start$3(299)) - b49824c3-84dc-4655-ab2f-e554c4afe7ab: start RPC server
2019-10-02 00:33:28,764 [Datanode State Machine Thread - 0] INFO  server.GrpcService (GrpcService.java:startImpl(158)) - b49824c3-84dc-4655-ab2f-e554c4afe7ab: GrpcService started, listening on 0.0.0.0/0.0.0.0:45672
2019-10-02 00:33:28,764 [Datanode State Machine Thread - 0] INFO  ratis.XceiverServerRatis (XceiverServerRatis.java:start(427)) - XceiverServerRatis b49824c3-84dc-4655-ab2f-e554c4afe7ab is started using port 45672
2019-10-02 00:33:28,765 [Datanode State Machine Thread - 0] INFO  server.XceiverServerGrpc (XceiverServerGrpc.java:start(149)) - XceiverServerGrpc b49824c3-84dc-4655-ab2f-e554c4afe7ab is started using port 33186
2019-10-02 00:33:28,822 [Datanode State Machine Thread - 0] INFO  ozoneimpl.OzoneContainer (OzoneContainer.java:start(217)) - Attempting to start container services.
2019-10-02 00:33:28,822 [Datanode State Machine Thread - 0] INFO  ozoneimpl.OzoneContainer (OzoneContainer.java:startContainerScrub(179)) - Background container scanner has been disabled.
2019-10-02 00:33:28,822 [Datanode State Machine Thread - 0] INFO  ratis.XceiverServerRatis (XceiverServerRatis.java:start(417)) - Starting XceiverServerRatis bde9f098-4939-4e8a-8a59-5f73d74d5e56 at port 0
2019-10-02 00:33:28,831 [Datanode State Machine Thread - 0] INFO  impl.RaftServerProxy (RaftServerProxy.java:lambda$start$3(299)) - bde9f098-4939-4e8a-8a59-5f73d74d5e56: start RPC server
2019-10-02 00:33:28,832 [Datanode State Machine Thread - 0] INFO  server.GrpcService (GrpcService.java:startImpl(158)) - bde9f098-4939-4e8a-8a59-5f73d74d5e56: GrpcService started, listening on 0.0.0.0/0.0.0.0:37903
2019-10-02 00:33:28,832 [Datanode State Machine Thread - 0] INFO  ratis.XceiverServerRatis (XceiverServerRatis.java:start(427)) - XceiverServerRatis bde9f098-4939-4e8a-8a59-5f73d74d5e56 is started using port 37903
2019-10-02 00:33:28,833 [Datanode State Machine Thread - 0] INFO  server.XceiverServerGrpc (XceiverServerGrpc.java:start(149)) - XceiverServerGrpc bde9f098-4939-4e8a-8a59-5f73d74d5e56 is started using port 41260
2019-10-02 00:33:28,882 [main] INFO  ozone.MiniOzoneClusterImpl (MiniOzoneClusterImpl.java:lambda$waitForClusterToBeReady$0(147)) - Waiting for cluster to be ready. Got 0 of 7 DN Heartbeats.
2019-10-02 00:33:28,894 [Datanode State Machine Thread - 0] INFO  ozoneimpl.OzoneContainer (OzoneContainer.java:start(217)) - Attempting to start container services.
2019-10-02 00:33:28,894 [Datanode State Machine Thread - 0] INFO  ozoneimpl.OzoneContainer (OzoneContainer.java:startContainerScrub(179)) - Background container scanner has been disabled.
2019-10-02 00:33:28,894 [Datanode State Machine Thread - 0] INFO  ratis.XceiverServerRatis (XceiverServerRatis.java:start(417)) - Starting XceiverServerRatis f0106f71-445d-4a55-8ec3-61519ab99b40 at port 0
2019-10-02 00:33:28,901 [Datanode State Machine Thread - 0] INFO  impl.RaftServerProxy (RaftServerProxy.java:lambda$start$3(299)) - f0106f71-445d-4a55-8ec3-61519ab99b40: start RPC server
2019-10-02 00:33:28,905 [Datanode State Machine Thread - 0] INFO  server.GrpcService (GrpcService.java:startImpl(158)) - f0106f71-445d-4a55-8ec3-61519ab99b40: GrpcService started, listening on 0.0.0.0/0.0.0.0:43261
2019-10-02 00:33:28,905 [Datanode State Machine Thread - 0] INFO  ratis.XceiverServerRatis (XceiverServerRatis.java:start(427)) - XceiverServerRatis f0106f71-445d-4a55-8ec3-61519ab99b40 is started using port 43261
2019-10-02 00:33:28,906 [Datanode State Machine Thread - 0] INFO  server.XceiverServerGrpc (XceiverServerGrpc.java:start(149)) - XceiverServerGrpc f0106f71-445d-4a55-8ec3-61519ab99b40 is started using port 35413
2019-10-02 00:33:29,882 [main] INFO  ozone.MiniOzoneClusterImpl (MiniOzoneClusterImpl.java:lambda$waitForClusterToBeReady$0(147)) - Waiting for cluster to be ready. Got 0 of 7 DN Heartbeats.
2019-10-02 00:33:30,508 [IPC Server handler 2 on 38200] INFO  net.NetworkTopology (NetworkTopologyImpl.java:add(111)) - Added a new node: /default-rack/d5e39aa1-85df-4773-97f0-1a350615e09b
2019-10-02 00:33:30,516 [IPC Server handler 2 on 38200] INFO  node.SCMNodeManager (SCMNodeManager.java:register(266)) - Registered Data node : d5e39aa1-85df-4773-97f0-1a350615e09b{ip: 192.168.151.67, host: pr-hdds-1984-s47sn-1814639636, networkLocation: /default-rack, certSerialId: null}
2019-10-02 00:33:30,517 [EventQueue-NodeRegistrationContainerReportForDataNodeSafeModeRule] INFO  safemode.SCMSafeModeManager (DataNodeSafeModeRule.java:process(71)) - SCM in safe mode. 1 DataNodes registered, 1 required.
2019-10-02 00:33:30,520 [EventQueue-NodeRegistrationContainerReportForDataNodeSafeModeRule] INFO  safemode.SCMSafeModeManager (SCMSafeModeManager.java:validateSafeModeExitRules(177)) - ScmSafeModeManager, all rules are successfully validated
2019-10-02 00:33:30,520 [EventQueue-NodeRegistrationContainerReportForDataNodeSafeModeRule] INFO  safemode.SCMSafeModeManager (SCMSafeModeManager.java:exitSafeMode(193)) - SCM exiting safe mode.
2019-10-02 00:33:30,531 [grpc-default-executor-4] INFO  impl.RaftServerProxy (RaftServerProxy.java:addNew(89)) - d5e39aa1-85df-4773-97f0-1a350615e09b: addNew group-9517DB106655:[d5e39aa1-85df-4773-97f0-1a350615e09b:192.168.151.67:40090] returns group-9517DB106655:java.util.concurrent.CompletableFuture@75464162[Not completed]
2019-10-02 00:33:30,535 [pool-679-thread-1] INFO  impl.RaftServerImpl (RaftServerImpl.java:<init>(95)) - d5e39aa1-85df-4773-97f0-1a350615e09b: new RaftServerImpl for group-9517DB106655:[d5e39aa1-85df-4773-97f0-1a350615e09b:192.168.151.67:40090] with ContainerStateMachine:uninitialized
2019-10-02 00:33:30,535 [pool-679-thread-1] INFO  server.RaftServerConfigKeys (ConfUtils.java:logGet(43)) - raft.server.rpc.timeout.min = 5s (custom)
2019-10-02 00:33:30,535 [pool-679-thread-1] INFO  server.RaftServerConfigKeys (ConfUtils.java:logGet(43)) - raft.server.rpc.timeout.max = 5200ms (custom)
2019-10-02 00:33:30,535 [pool-679-thread-1] INFO  server.RaftServerConfigKeys (ConfUtils.java:logGet(43)) - raft.server.rpcslowness.timeout = 120s (custom)
2019-10-02 00:33:30,535 [pool-679-thread-1] INFO  server.RaftServerConfigKeys (ConfUtils.java:logGet(43)) - raft.server.sleep.deviation.threshold = 300 (default)
2019-10-02 00:33:30,535 [pool-679-thread-1] INFO  server.RaftServerConfigKeys (ConfUtils.java:logGet(43)) - raft.server.log.appender.install.snapshot.enabled = false (custom)
2019-10-02 00:33:30,536 [pool-679-thread-1] INFO  impl.RaftServerImpl (ServerState.java:<init>(103)) - d5e39aa1-85df-4773-97f0-1a350615e09b@group-9517DB106655: ConfigurationManager, init=-1: [d5e39aa1-85df-4773-97f0-1a350615e09b:192.168.151.67:40090], old=null, confs=<EMPTY_MAP>
2019-10-02 00:33:30,536 [pool-679-thread-1] INFO  server.RaftServerConfigKeys (ConfUtils.java:logGet(43)) - raft.server.storage.dir = [/workdir/hadoop-ozone/integration-test/target/test-dir/MiniOzoneClusterImpl-fc2f9b79-8358-4999-9ef3-38efab3cd552/datanode-0/data/ratis] (custom)
2019-10-02 00:33:30,536 [pool-679-thread-1] INFO  server.RaftServerConfigKeys (ConfUtils.java:logGet(43)) - raft.server.log.corruption.policy = EXCEPTION (default)
2019-10-02 00:33:30,537 [pool-679-thread-1] INFO  storage.RaftStorageDirectory (RaftStorageDirectory.java:analyzeStorage(246)) - The storage directory /workdir/hadoop-ozone/integration-test/target/test-dir/MiniOzoneClusterImpl-fc2f9b79-8358-4999-9ef3-38efab3cd552/datanode-0/data/ratis/b72b484c-4b1d-48f9-972c-9517db106655 does not exist. Creating ...
2019-10-02 00:33:30,544 [IPC Server handler 0 on 38200] INFO  net.NetworkTopology (NetworkTopologyImpl.java:add(111)) - Added a new node: /default-rack/59358f5f-cb81-417d-afdc-c941a2597248
2019-10-02 00:33:30,544 [IPC Server handler 0 on 38200] INFO  node.SCMNodeManager (SCMNodeManager.java:register(266)) - Registered Data node : 59358f5f-cb81-417d-afdc-c941a2597248{ip: 192.168.151.67, host: pr-hdds-1984-s47sn-1814639636, networkLocation: /default-rack, certSerialId: null}
2019-10-02 00:33:30,550 [pool-679-thread-1] INFO  storage.RaftStorageDirectory (RaftStorageDirectory.java:tryLock(328)) - Lock on /workdir/hadoop-ozone/integration-test/target/test-dir/MiniOzoneClusterImpl-fc2f9b79-8358-4999-9ef3-38efab3cd552/datanode-0/data/ratis/b72b484c-4b1d-48f9-972c-9517db106655/in_use.lock acquired by nodename 22954@pr-hdds-1984-s47sn-1814639636
2019-10-02 00:33:30,563 [pool-679-thread-1] INFO  storage.RaftStorage (RaftStorage.java:format(84)) - Storage directory /workdir/hadoop-ozone/integration-test/target/test-dir/MiniOzoneClusterImpl-fc2f9b79-8358-4999-9ef3-38efab3cd552/datanode-0/data/ratis/b72b484c-4b1d-48f9-972c-9517db106655 has been successfully formatted.
2019-10-02 00:33:30,563 [pool-679-thread-1] INFO  ratis.ContainerStateMachine (ContainerStateMachine.java:loadSnapshot(230)) - group-9517DB106655: The snapshot info is null. Setting the last applied indexto:(t:0, i:~)
2019-10-02 00:33:30,563 [pool-679-thread-1] INFO  server.RaftServerConfigKeys (ConfUtils.java:logGet(43)) - raft.server.notification.no-leader.timeout = 120s (custom)
2019-10-02 00:33:30,563 [pool-679-thread-1] INFO  server.RaftServerConfigKeys (ConfUtils.java:logGet(43)) - raft.server.log.use.memory = false (default)
2019-10-02 00:33:30,563 [pool-679-thread-1] INFO  server.RaftServerConfigKeys (ConfUtils.java:logGet(43)) - raft.server.log.purge.gap = 1000000 (custom)
2019-10-02 00:33:30,563 [pool-679-thread-1] INFO  server.RaftServerConfigKeys (ConfUtils.java:logGet(43)) - raft.server.log.appender.buffer.byte-limit = 33554432 (custom)
2019-10-02 00:33:30,563 [pool-679-thread-1] INFO  server.RaftServerConfigKeys (ConfUtils.java:logGet(43)) - raft.server.log.segment.size.max = 1048576 (custom)
2019-10-02 00:33:30,565 [pool-679-thread-1] INFO  server.RaftServerConfigKeys (ConfUtils.java:logGet(43)) - raft.server.log.segment.cache.num.max = 2 (custom)
2019-10-02 00:33:30,565 [pool-679-thread-1] INFO  segmented.SegmentedRaftLogWorker (SegmentedRaftLogWorker.java:<init>(173)) - new d5e39aa1-85df-4773-97f0-1a350615e09b@group-9517DB106655-SegmentedRaftLogWorker for RaftStorage:Storage Directory /workdir/hadoop-ozone/integration-test/target/test-dir/MiniOzoneClusterImpl-fc2f9b79-8358-4999-9ef3-38efab3cd552/datanode-0/data/ratis/b72b484c-4b1d-48f9-972c-9517db106655
2019-10-02 00:33:30,565 [pool-679-thread-1] INFO  server.RaftServerConfigKeys (ConfUtils.java:logGet(43)) - raft.server.log.queue.byte-limit = 2147483647 (custom)
2019-10-02 00:33:30,565 [pool-679-thread-1] INFO  server.RaftServerConfigKeys (ConfUtils.java:logGet(43)) - raft.server.log.queue.element-limit = 1024 (custom)
2019-10-02 00:33:30,565 [pool-679-thread-1] INFO  server.RaftServerConfigKeys (ConfUtils.java:logGet(43)) - raft.server.log.segment.size.max = 1048576 (custom)
2019-10-02 00:33:30,566 [pool-679-thread-1] INFO  server.RaftServerConfigKeys (ConfUtils.java:logGet(43)) - raft.server.log.preallocated.size = 16384 (custom)
2019-10-02 00:33:30,566 [pool-679-thread-1] INFO  server.RaftServerConfigKeys (ConfUtils.java:logGet(43)) - raft.server.log.write.buffer.size = 33554432 (custom)
2019-10-02 00:33:30,566 [pool-679-thread-1] INFO  server.RaftServerConfigKeys (ConfUtils.java:logGet(43)) - raft.server.log.force.sync.num = 128 (default)
2019-10-02 00:33:30,566 [pool-679-thread-1] INFO  server.RaftServerConfigKeys (ConfUtils.java:logGet(43)) - raft.server.log.statemachine.data.sync = true (default)
2019-10-02 00:33:30,566 [pool-679-thread-1] INFO  server.RaftServerConfigKeys (ConfUtils.java:logGet(43)) - raft.server.log.statemachine.data.sync.timeout = 10s (default)
2019-10-02 00:33:30,566 [pool-679-thread-1] INFO  server.RaftServerConfigKeys (ConfUtils.java:logGet(43)) - raft.server.log.statemachine.data.sync.timeout.retry = -1 (default)
2019-10-02 00:33:30,566 [pool-679-thread-1] INFO  server.RaftServerConfigKeys (ConfUtils.java:logGet(43)) - raft.server.log.statemachine.data.caching.enabled = true (custom)
2019-10-02 00:33:30,567 [pool-679-thread-1] INFO  segmented.SegmentedRaftLogWorker (SegmentedRaftLogWorker.java:lambda$new$0(128)) - d5e39aa1-85df-4773-97f0-1a350615e09b@group-9517DB106655-SegmentedRaftLogWorker: flushIndex: setUnconditionally 0 -> -1
2019-10-02 00:33:30,567 [pool-679-thread-1] INFO  server.RaftServerConfigKeys (ConfUtils.java:logGet(43)) - raft.server.snapshot.auto.trigger.enabled = true (custom)
2019-10-02 00:33:30,567 [pool-679-thread-1] INFO  server.RaftServerConfigKeys (ConfUtils.java:logGet(43)) - raft.server.snapshot.auto.trigger.threshold = 10000 (custom)
2019-10-02 00:33:30,567 [pool-679-thread-1] INFO  server.RaftServerConfigKeys (ConfUtils.java:logGet(43)) - raft.server.snapshot.retention.file.num = 5 (custom)
2019-10-02 00:33:30,567 [pool-679-thread-1] INFO  server.RaftServerConfigKeys (ConfUtils.java:logGet(43)) - raft.server.retrycache.expirytime = 600000ms (custom)
2019-10-02 00:33:30,568 [pool-679-thread-1] INFO  impl.RaftServerImpl (RaftServerImpl.java:start(181)) - d5e39aa1-85df-4773-97f0-1a350615e09b@group-9517DB106655: start as a follower, conf=-1: [d5e39aa1-85df-4773-97f0-1a350615e09b:192.168.151.67:40090], old=null
2019-10-02 00:33:30,568 [pool-679-thread-1] INFO  impl.RaftServerImpl (RaftServerImpl.java:setRole(170)) - d5e39aa1-85df-4773-97f0-1a350615e09b@group-9517DB106655: changes role from      null to FOLLOWER at term 0 for startAsFollower
2019-10-02 00:33:30,569 [pool-679-thread-1] INFO  impl.RoleInfo (RoleInfo.java:updateAndGet(143)) - d5e39aa1-85df-4773-97f0-1a350615e09b: start FollowerState
2019-10-02 00:33:30,569 [pool-679-thread-1] INFO  util.JmxRegister (JmxRegister.java:tryRegister(44)) - Successfully registered JMX Bean with object name Ratis:service=RaftServer,group=group-9517DB106655,id=d5e39aa1-85df-4773-97f0-1a350615e09b
2019-10-02 00:33:30,573 [RatisPipelineUtilsThread] INFO  pipeline.PipelineStateManager (PipelineStateManager.java:addPipeline(56)) - Created pipeline Pipeline[ Id: b72b484c-4b1d-48f9-972c-9517db106655, Nodes: d5e39aa1-85df-4773-97f0-1a350615e09b{ip: 192.168.151.67, host: pr-hdds-1984-s47sn-1814639636, networkLocation: /default-rack, certSerialId: null}, Type:RATIS, Factor:ONE, State:OPEN]
2019-10-02 00:33:30,580 [grpc-default-executor-7] INFO  impl.RaftServerProxy (RaftServerProxy.java:addNew(89)) - 59358f5f-cb81-417d-afdc-c941a2597248: addNew group-3F1D72D42A3F:[59358f5f-cb81-417d-afdc-c941a2597248:192.168.151.67:32898] returns group-3F1D72D42A3F:java.util.concurrent.CompletableFuture@5f958c87[Not completed]
2019-10-02 00:33:30,581 [pool-689-thread-1] INFO  impl.RaftServerImpl (RaftServerImpl.java:<init>(95)) - 59358f5f-cb81-417d-afdc-c941a2597248: new RaftServerImpl for group-3F1D72D42A3F:[59358f5f-cb81-417d-afdc-c941a2597248:192.168.151.67:32898] with ContainerStateMachine:uninitialized
2019-10-02 00:33:30,581 [pool-689-thread-1] INFO  server.RaftServerConfigKeys (ConfUtils.java:logGet(43)) - raft.server.rpc.timeout.min = 5s (custom)
2019-10-02 00:33:30,581 [pool-689-thread-1] INFO  server.RaftServerConfigKeys (ConfUtils.java:logGet(43)) - raft.server.rpc.timeout.max = 5200ms (custom)
2019-10-02 00:33:30,581 [pool-689-thread-1] INFO  server.RaftServerConfigKeys (ConfUtils.java:logGet(43)) - raft.server.rpcslowness.timeout = 120s (custom)
2019-10-02 00:33:30,581 [pool-689-thread-1] INFO  server.RaftServerConfigKeys (ConfUtils.java:logGet(43)) - raft.server.sleep.deviation.threshold = 300 (default)
2019-10-02 00:33:30,581 [pool-689-thread-1] INFO  server.RaftServerConfigKeys (ConfUtils.java:logGet(43)) - raft.server.log.appender.install.snapshot.enabled = false (custom)
2019-10-02 00:33:30,582 [pool-689-thread-1] INFO  impl.RaftServerImpl (ServerState.java:<init>(103)) - 59358f5f-cb81-417d-afdc-c941a2597248@group-3F1D72D42A3F: ConfigurationManager, init=-1: [59358f5f-cb81-417d-afdc-c941a2597248:192.168.151.67:32898], old=null, confs=<EMPTY_MAP>
2019-10-02 00:33:30,582 [pool-689-thread-1] INFO  server.RaftServerConfigKeys (ConfUtils.java:logGet(43)) - raft.server.storage.dir = [/workdir/hadoop-ozone/integration-test/target/test-dir/MiniOzoneClusterImpl-fc2f9b79-8358-4999-9ef3-38efab3cd552/datanode-1/data/ratis] (custom)
2019-10-02 00:33:30,582 [pool-689-thread-1] INFO  server.RaftServerConfigKeys (ConfUtils.java:logGet(43)) - raft.server.log.corruption.policy = EXCEPTION (default)
2019-10-02 00:33:30,582 [pool-689-thread-1] INFO  storage.RaftStorageDirectory (RaftStorageDirectory.java:analyzeStorage(246)) - The storage directory /workdir/hadoop-ozone/integration-test/target/test-dir/MiniOzoneClusterImpl-fc2f9b79-8358-4999-9ef3-38efab3cd552/datanode-1/data/ratis/9fc029bb-3c1d-41bb-ae1a-3f1d72d42a3f does not exist. Creating ...
2019-10-02 00:33:30,595 [pool-689-thread-1] INFO  storage.RaftStorageDirectory (RaftStorageDirectory.java:tryLock(328)) - Lock on /workdir/hadoop-ozone/integration-test/target/test-dir/MiniOzoneClusterImpl-fc2f9b79-8358-4999-9ef3-38efab3cd552/datanode-1/data/ratis/9fc029bb-3c1d-41bb-ae1a-3f1d72d42a3f/in_use.lock acquired by nodename 22954@pr-hdds-1984-s47sn-1814639636
2019-10-02 00:33:30,607 [pool-689-thread-1] INFO  storage.RaftStorage (RaftStorage.java:format(84)) - Storage directory /workdir/hadoop-ozone/integration-test/target/test-dir/MiniOzoneClusterImpl-fc2f9b79-8358-4999-9ef3-38efab3cd552/datanode-1/data/ratis/9fc029bb-3c1d-41bb-ae1a-3f1d72d42a3f has been successfully formatted.
2019-10-02 00:33:30,608 [pool-689-thread-1] INFO  ratis.ContainerStateMachine (ContainerStateMachine.java:loadSnapshot(230)) - group-3F1D72D42A3F: The snapshot info is null. Setting the last applied indexto:(t:0, i:~)
2019-10-02 00:33:30,608 [pool-689-thread-1] INFO  server.RaftServerConfigKeys (ConfUtils.java:logGet(43)) - raft.server.notification.no-leader.timeout = 120s (custom)
2019-10-02 00:33:30,608 [pool-689-thread-1] INFO  server.RaftServerConfigKeys (ConfUtils.java:logGet(43)) - raft.server.log.use.memory = false (default)
2019-10-02 00:33:30,608 [pool-689-thread-1] INFO  server.RaftServerConfigKeys (ConfUtils.java:logGet(43)) - raft.server.log.purge.gap = 1000000 (custom)
2019-10-02 00:33:30,608 [pool-689-thread-1] INFO  server.RaftServerConfigKeys (ConfUtils.java:logGet(43)) - raft.server.log.appender.buffer.byte-limit = 33554432 (custom)
2019-10-02 00:33:30,608 [pool-689-thread-1] INFO  server.RaftServerConfigKeys (ConfUtils.java:logGet(43)) - raft.server.log.segment.size.max = 1048576 (custom)
2019-10-02 00:33:30,610 [pool-689-thread-1] INFO  server.RaftServerConfigKeys (ConfUtils.java:logGet(43)) - raft.server.log.segment.cache.num.max = 2 (custom)
2019-10-02 00:33:30,610 [pool-689-thread-1] INFO  segmented.SegmentedRaftLogWorker (SegmentedRaftLogWorker.java:<init>(173)) - new 59358f5f-cb81-417d-afdc-c941a2597248@group-3F1D72D42A3F-SegmentedRaftLogWorker for RaftStorage:Storage Directory /workdir/hadoop-ozone/integration-test/target/test-dir/MiniOzoneClusterImpl-fc2f9b79-8358-4999-9ef3-38efab3cd552/datanode-1/data/ratis/9fc029bb-3c1d-41bb-ae1a-3f1d72d42a3f
2019-10-02 00:33:30,610 [pool-689-thread-1] INFO  server.RaftServerConfigKeys (ConfUtils.java:logGet(43)) - raft.server.log.queue.byte-limit = 2147483647 (custom)
2019-10-02 00:33:30,610 [pool-689-thread-1] INFO  server.RaftServerConfigKeys (ConfUtils.java:logGet(43)) - raft.server.log.queue.element-limit = 1024 (custom)
2019-10-02 00:33:30,610 [pool-689-thread-1] INFO  server.RaftServerConfigKeys (ConfUtils.java:logGet(43)) - raft.server.log.segment.size.max = 1048576 (custom)
2019-10-02 00:33:30,610 [pool-689-thread-1] INFO  server.RaftServerConfigKeys (ConfUtils.java:logGet(43)) - raft.server.log.preallocated.size = 16384 (custom)
2019-10-02 00:33:30,610 [pool-689-thread-1] INFO  server.RaftServerConfigKeys (ConfUtils.java:logGet(43)) - raft.server.log.write.buffer.size = 33554432 (custom)
2019-10-02 00:33:30,610 [pool-689-thread-1] INFO  server.RaftServerConfigKeys (ConfUtils.java:logGet(43)) - raft.server.log.force.sync.num = 128 (default)
2019-10-02 00:33:30,611 [pool-689-thread-1] INFO  server.RaftServerConfigKeys (ConfUtils.java:logGet(43)) - raft.server.log.statemachine.data.sync = true (default)
2019-10-02 00:33:30,611 [pool-689-thread-1] INFO  server.RaftServerConfigKeys (ConfUtils.java:logGet(43)) - raft.server.log.statemachine.data.sync.timeout = 10s (default)
2019-10-02 00:33:30,611 [pool-689-thread-1] INFO  server.RaftServerConfigKeys (ConfUtils.java:logGet(43)) - raft.server.log.statemachine.data.sync.timeout.retry = -1 (default)
2019-10-02 00:33:30,611 [IPC Server handler 3 on 38200] INFO  net.NetworkTopology (NetworkTopologyImpl.java:add(111)) - Added a new node: /default-rack/7dac08de-4677-4d75-96f1-007ade40e620
2019-10-02 00:33:30,611 [pool-689-thread-1] INFO  server.RaftServerConfigKeys (ConfUtils.java:logGet(43)) - raft.server.log.statemachine.data.caching.enabled = true (custom)
2019-10-02 00:33:30,611 [IPC Server handler 3 on 38200] INFO  node.SCMNodeManager (SCMNodeManager.java:register(266)) - Registered Data node : 7dac08de-4677-4d75-96f1-007ade40e620{ip: 192.168.151.67, host: pr-hdds-1984-s47sn-1814639636, networkLocation: /default-rack, certSerialId: null}
2019-10-02 00:33:30,612 [pool-689-thread-1] INFO  segmented.SegmentedRaftLogWorker (SegmentedRaftLogWorker.java:lambda$new$0(128)) - 59358f5f-cb81-417d-afdc-c941a2597248@group-3F1D72D42A3F-SegmentedRaftLogWorker: flushIndex: setUnconditionally 0 -> -1
2019-10-02 00:33:30,612 [pool-689-thread-1] INFO  server.RaftServerConfigKeys (ConfUtils.java:logGet(43)) - raft.server.snapshot.auto.trigger.enabled = true (custom)
2019-10-02 00:33:30,612 [pool-689-thread-1] INFO  server.RaftServerConfigKeys (ConfUtils.java:logGet(43)) - raft.server.snapshot.auto.trigger.threshold = 10000 (custom)
2019-10-02 00:33:30,612 [pool-689-thread-1] INFO  server.RaftServerConfigKeys (ConfUtils.java:logGet(43)) - raft.server.snapshot.retention.file.num = 5 (custom)
2019-10-02 00:33:30,612 [pool-689-thread-1] INFO  server.RaftServerConfigKeys (ConfUtils.java:logGet(43)) - raft.server.retrycache.expirytime = 600000ms (custom)
2019-10-02 00:33:30,614 [pool-689-thread-1] INFO  impl.RaftServerImpl (RaftServerImpl.java:start(181)) - 59358f5f-cb81-417d-afdc-c941a2597248@group-3F1D72D42A3F: start as a follower, conf=-1: [59358f5f-cb81-417d-afdc-c941a2597248:192.168.151.67:32898], old=null
2019-10-02 00:33:30,614 [pool-689-thread-1] INFO  impl.RaftServerImpl (RaftServerImpl.java:setRole(170)) - 59358f5f-cb81-417d-afdc-c941a2597248@group-3F1D72D42A3F: changes role from      null to FOLLOWER at term 0 for startAsFollower
2019-10-02 00:33:30,614 [pool-689-thread-1] INFO  impl.RoleInfo (RoleInfo.java:updateAndGet(143)) - 59358f5f-cb81-417d-afdc-c941a2597248: start FollowerState
2019-10-02 00:33:30,614 [pool-689-thread-1] INFO  util.JmxRegister (JmxRegister.java:tryRegister(44)) - Successfully registered JMX Bean with object name Ratis:service=RaftServer,group=group-3F1D72D42A3F,id=59358f5f-cb81-417d-afdc-c941a2597248
2019-10-02 00:33:30,617 [RatisPipelineUtilsThread] INFO  pipeline.PipelineStateManager (PipelineStateManager.java:addPipeline(56)) - Created pipeline Pipeline[ Id: 9fc029bb-3c1d-41bb-ae1a-3f1d72d42a3f, Nodes: 59358f5f-cb81-417d-afdc-c941a2597248{ip: 192.168.151.67, host: pr-hdds-1984-s47sn-1814639636, networkLocation: /default-rack, certSerialId: null}, Type:RATIS, Factor:ONE, State:OPEN]
2019-10-02 00:33:30,625 [grpc-default-executor-7] INFO  impl.RaftServerProxy (RaftServerProxy.java:addNew(89)) - 7dac08de-4677-4d75-96f1-007ade40e620: addNew group-CBD9C3A6C80A:[7dac08de-4677-4d75-96f1-007ade40e620:192.168.151.67:33140] returns group-CBD9C3A6C80A:java.util.concurrent.CompletableFuture@4ad55353[Not completed]
2019-10-02 00:33:30,626 [pool-699-thread-1] INFO  impl.RaftServerImpl (RaftServerImpl.java:<init>(95)) - 7dac08de-4677-4d75-96f1-007ade40e620: new RaftServerImpl for group-CBD9C3A6C80A:[7dac08de-4677-4d75-96f1-007ade40e620:192.168.151.67:33140] with ContainerStateMachine:uninitialized
2019-10-02 00:33:30,626 [pool-699-thread-1] INFO  server.RaftServerConfigKeys (ConfUtils.java:logGet(43)) - raft.server.rpc.timeout.min = 5s (custom)
2019-10-02 00:33:30,627 [pool-699-thread-1] INFO  server.RaftServerConfigKeys (ConfUtils.java:logGet(43)) - raft.server.rpc.timeout.max = 5200ms (custom)
2019-10-02 00:33:30,627 [pool-699-thread-1] INFO  server.RaftServerConfigKeys (ConfUtils.java:logGet(43)) - raft.server.rpcslowness.timeout = 120s (custom)
2019-10-02 00:33:30,627 [pool-699-thread-1] INFO  server.RaftServerConfigKeys (ConfUtils.java:logGet(43)) - raft.server.sleep.deviation.threshold = 300 (default)
2019-10-02 00:33:30,627 [pool-699-thread-1] INFO  server.RaftServerConfigKeys (ConfUtils.java:logGet(43)) - raft.server.log.appender.install.snapshot.enabled = false (custom)
2019-10-02 00:33:30,627 [pool-699-thread-1] INFO  impl.RaftServerImpl (ServerState.java:<init>(103)) - 7dac08de-4677-4d75-96f1-007ade40e620@group-CBD9C3A6C80A: ConfigurationManager, init=-1: [7dac08de-4677-4d75-96f1-007ade40e620:192.168.151.67:33140], old=null, confs=<EMPTY_MAP>
2019-10-02 00:33:30,627 [pool-699-thread-1] INFO  server.RaftServerConfigKeys (ConfUtils.java:logGet(43)) - raft.server.storage.dir = [/workdir/hadoop-ozone/integration-test/target/test-dir/MiniOzoneClusterImpl-fc2f9b79-8358-4999-9ef3-38efab3cd552/datanode-2/data/ratis] (custom)
2019-10-02 00:33:30,627 [pool-699-thread-1] INFO  server.RaftServerConfigKeys (ConfUtils.java:logGet(43)) - raft.server.log.corruption.policy = EXCEPTION (default)
2019-10-02 00:33:30,628 [pool-699-thread-1] INFO  storage.RaftStorageDirectory (RaftStorageDirectory.java:analyzeStorage(246)) - The storage directory /workdir/hadoop-ozone/integration-test/target/test-dir/MiniOzoneClusterImpl-fc2f9b79-8358-4999-9ef3-38efab3cd552/datanode-2/data/ratis/50a111ff-2608-4273-b56f-cbd9c3a6c80a does not exist. Creating ...
2019-10-02 00:33:30,641 [pool-699-thread-1] INFO  storage.RaftStorageDirectory (RaftStorageDirectory.java:tryLock(328)) - Lock on /workdir/hadoop-ozone/integration-test/target/test-dir/MiniOzoneClusterImpl-fc2f9b79-8358-4999-9ef3-38efab3cd552/datanode-2/data/ratis/50a111ff-2608-4273-b56f-cbd9c3a6c80a/in_use.lock acquired by nodename 22954@pr-hdds-1984-s47sn-1814639636
2019-10-02 00:33:30,654 [pool-699-thread-1] INFO  storage.RaftStorage (RaftStorage.java:format(84)) - Storage directory /workdir/hadoop-ozone/integration-test/target/test-dir/MiniOzoneClusterImpl-fc2f9b79-8358-4999-9ef3-38efab3cd552/datanode-2/data/ratis/50a111ff-2608-4273-b56f-cbd9c3a6c80a has been successfully formatted.
2019-10-02 00:33:30,654 [pool-699-thread-1] INFO  ratis.ContainerStateMachine (ContainerStateMachine.java:loadSnapshot(230)) - group-CBD9C3A6C80A: The snapshot info is null. Setting the last applied indexto:(t:0, i:~)
2019-10-02 00:33:30,654 [pool-699-thread-1] INFO  server.RaftServerConfigKeys (ConfUtils.java:logGet(43)) - raft.server.notification.no-leader.timeout = 120s (custom)
2019-10-02 00:33:30,654 [pool-699-thread-1] INFO  server.RaftServerConfigKeys (ConfUtils.java:logGet(43)) - raft.server.log.use.memory = false (default)
2019-10-02 00:33:30,654 [pool-699-thread-1] INFO  server.RaftServerConfigKeys (ConfUtils.java:logGet(43)) - raft.server.log.purge.gap = 1000000 (custom)
2019-10-02 00:33:30,654 [pool-699-thread-1] INFO  server.RaftServerConfigKeys (ConfUtils.java:logGet(43)) - raft.server.log.appender.buffer.byte-limit = 33554432 (custom)
2019-10-02 00:33:30,655 [pool-699-thread-1] INFO  server.RaftServerConfigKeys (ConfUtils.java:logGet(43)) - raft.server.log.segment.size.max = 1048576 (custom)
2019-10-02 00:33:30,657 [pool-699-thread-1] INFO  server.RaftServerConfigKeys (ConfUtils.java:logGet(43)) - raft.server.log.segment.cache.num.max = 2 (custom)
2019-10-02 00:33:30,657 [pool-699-thread-1] INFO  segmented.SegmentedRaftLogWorker (SegmentedRaftLogWorker.java:<init>(173)) - new 7dac08de-4677-4d75-96f1-007ade40e620@group-CBD9C3A6C80A-SegmentedRaftLogWorker for RaftStorage:Storage Directory /workdir/hadoop-ozone/integration-test/target/test-dir/MiniOzoneClusterImpl-fc2f9b79-8358-4999-9ef3-38efab3cd552/datanode-2/data/ratis/50a111ff-2608-4273-b56f-cbd9c3a6c80a
2019-10-02 00:33:30,657 [pool-699-thread-1] INFO  server.RaftServerConfigKeys (ConfUtils.java:logGet(43)) - raft.server.log.queue.byte-limit = 2147483647 (custom)
2019-10-02 00:33:30,657 [pool-699-thread-1] INFO  server.RaftServerConfigKeys (ConfUtils.java:logGet(43)) - raft.server.log.queue.element-limit = 1024 (custom)
2019-10-02 00:33:30,657 [pool-699-thread-1] INFO  server.RaftServerConfigKeys (ConfUtils.java:logGet(43)) - raft.server.log.segment.size.max = 1048576 (custom)
2019-10-02 00:33:30,657 [pool-699-thread-1] INFO  server.RaftServerConfigKeys (ConfUtils.java:logGet(43)) - raft.server.log.preallocated.size = 16384 (custom)
2019-10-02 00:33:30,658 [pool-699-thread-1] INFO  server.RaftServerConfigKeys (ConfUtils.java:logGet(43)) - raft.server.log.write.buffer.size = 33554432 (custom)
2019-10-02 00:33:30,658 [pool-699-thread-1] INFO  server.RaftServerConfigKeys (ConfUtils.java:logGet(43)) - raft.server.log.force.sync.num = 128 (default)
2019-10-02 00:33:30,658 [pool-699-thread-1] INFO  server.RaftServerConfigKeys (ConfUtils.java:logGet(43)) - raft.server.log.statemachine.data.sync = true (default)
2019-10-02 00:33:30,658 [pool-699-thread-1] INFO  server.RaftServerConfigKeys (ConfUtils.java:logGet(43)) - raft.server.log.statemachine.data.sync.timeout = 10s (default)
2019-10-02 00:33:30,658 [pool-699-thread-1] INFO  server.RaftServerConfigKeys (ConfUtils.java:logGet(43)) - raft.server.log.statemachine.data.sync.timeout.retry = -1 (default)
2019-10-02 00:33:30,658 [pool-699-thread-1] INFO  server.RaftServerConfigKeys (ConfUtils.java:logGet(43)) - raft.server.log.statemachine.data.caching.enabled = true (custom)
2019-10-02 00:33:30,659 [pool-699-thread-1] INFO  segmented.SegmentedRaftLogWorker (SegmentedRaftLogWorker.java:lambda$new$0(128)) - 7dac08de-4677-4d75-96f1-007ade40e620@group-CBD9C3A6C80A-SegmentedRaftLogWorker: flushIndex: setUnconditionally 0 -> -1
2019-10-02 00:33:30,659 [pool-699-thread-1] INFO  server.RaftServerConfigKeys (ConfUtils.java:logGet(43)) - raft.server.snapshot.auto.trigger.enabled = true (custom)
2019-10-02 00:33:30,659 [pool-699-thread-1] INFO  server.RaftServerConfigKeys (ConfUtils.java:logGet(43)) - raft.server.snapshot.auto.trigger.threshold = 10000 (custom)
2019-10-02 00:33:30,659 [pool-699-thread-1] INFO  server.RaftServerConfigKeys (ConfUtils.java:logGet(43)) - raft.server.snapshot.retention.file.num = 5 (custom)
2019-10-02 00:33:30,659 [pool-699-thread-1] INFO  server.RaftServerConfigKeys (ConfUtils.java:logGet(43)) - raft.server.retrycache.expirytime = 600000ms (custom)
2019-10-02 00:33:30,661 [pool-699-thread-1] INFO  impl.RaftServerImpl (RaftServerImpl.java:start(181)) - 7dac08de-4677-4d75-96f1-007ade40e620@group-CBD9C3A6C80A: start as a follower, conf=-1: [7dac08de-4677-4d75-96f1-007ade40e620:192.168.151.67:33140], old=null
2019-10-02 00:33:30,661 [pool-699-thread-1] INFO  impl.RaftServerImpl (RaftServerImpl.java:setRole(170)) - 7dac08de-4677-4d75-96f1-007ade40e620@group-CBD9C3A6C80A: changes role from      null to FOLLOWER at term 0 for startAsFollower
2019-10-02 00:33:30,661 [pool-699-thread-1] INFO  impl.RoleInfo (RoleInfo.java:updateAndGet(143)) - 7dac08de-4677-4d75-96f1-007ade40e620: start FollowerState
2019-10-02 00:33:30,661 [pool-699-thread-1] INFO  util.JmxRegister (JmxRegister.java:tryRegister(44)) - Successfully registered JMX Bean with object name Ratis:service=RaftServer,group=group-CBD9C3A6C80A,id=7dac08de-4677-4d75-96f1-007ade40e620
2019-10-02 00:33:30,665 [RatisPipelineUtilsThread] INFO  pipeline.PipelineStateManager (PipelineStateManager.java:addPipeline(56)) - Created pipeline Pipeline[ Id: 50a111ff-2608-4273-b56f-cbd9c3a6c80a, Nodes: 7dac08de-4677-4d75-96f1-007ade40e620{ip: 192.168.151.67, host: pr-hdds-1984-s47sn-1814639636, networkLocation: /default-rack, certSerialId: null}, Type:RATIS, Factor:ONE, State:OPEN]
2019-10-02 00:33:30,677 [IPC Server handler 4 on 38200] INFO  net.NetworkTopology (NetworkTopologyImpl.java:add(111)) - Added a new node: /default-rack/5d64d55d-1a89-4955-9a32-8fdd897ba959
2019-10-02 00:33:30,677 [IPC Server handler 4 on 38200] INFO  node.SCMNodeManager (SCMNodeManager.java:register(266)) - Registered Data node : 5d64d55d-1a89-4955-9a32-8fdd897ba959{ip: 192.168.151.67, host: pr-hdds-1984-s47sn-1814639636, networkLocation: /default-rack, certSerialId: null}
2019-10-02 00:33:30,677 [grpc-default-executor-7] INFO  impl.RaftServerProxy (RaftServerProxy.java:addNew(89)) - 59358f5f-cb81-417d-afdc-c941a2597248: addNew group-279D9FBAAF60:[59358f5f-cb81-417d-afdc-c941a2597248:192.168.151.67:32898, 7dac08de-4677-4d75-96f1-007ade40e620:192.168.151.67:33140, d5e39aa1-85df-4773-97f0-1a350615e09b:192.168.151.67:40090] returns group-279D9FBAAF60:java.util.concurrent.CompletableFuture@34f8a5fc[Not completed]
2019-10-02 00:33:30,678 [grpc-default-executor-7] INFO  impl.RaftServerProxy (RaftServerProxy.java:addNew(89)) - d5e39aa1-85df-4773-97f0-1a350615e09b: addNew group-279D9FBAAF60:[59358f5f-cb81-417d-afdc-c941a2597248:192.168.151.67:32898, 7dac08de-4677-4d75-96f1-007ade40e620:192.168.151.67:33140, d5e39aa1-85df-4773-97f0-1a350615e09b:192.168.151.67:40090] returns group-279D9FBAAF60:java.util.concurrent.CompletableFuture@545737fb[Not completed]
2019-10-02 00:33:30,678 [grpc-default-executor-4] INFO  impl.RaftServerProxy (RaftServerProxy.java:addNew(89)) - 7dac08de-4677-4d75-96f1-007ade40e620: addNew group-279D9FBAAF60:[59358f5f-cb81-417d-afdc-c941a2597248:192.168.151.67:32898, 7dac08de-4677-4d75-96f1-007ade40e620:192.168.151.67:33140, d5e39aa1-85df-4773-97f0-1a350615e09b:192.168.151.67:40090] returns group-279D9FBAAF60:java.util.concurrent.CompletableFuture@63f846c8[Not completed]
2019-10-02 00:33:30,678 [pool-689-thread-1] INFO  impl.RaftServerImpl (RaftServerImpl.java:<init>(95)) - 59358f5f-cb81-417d-afdc-c941a2597248: new RaftServerImpl for group-279D9FBAAF60:[59358f5f-cb81-417d-afdc-c941a2597248:192.168.151.67:32898, 7dac08de-4677-4d75-96f1-007ade40e620:192.168.151.67:33140, d5e39aa1-85df-4773-97f0-1a350615e09b:192.168.151.67:40090] with ContainerStateMachine:uninitialized
2019-10-02 00:33:30,679 [pool-689-thread-1] INFO  server.RaftServerConfigKeys (ConfUtils.java:logGet(43)) - raft.server.rpc.timeout.min = 5s (custom)
2019-10-02 00:33:30,679 [pool-689-thread-1] INFO  server.RaftServerConfigKeys (ConfUtils.java:logGet(43)) - raft.server.rpc.timeout.max = 5200ms (custom)
2019-10-02 00:33:30,679 [pool-689-thread-1] INFO  server.RaftServerConfigKeys (ConfUtils.java:logGet(43)) - raft.server.rpcslowness.timeout = 120s (custom)
2019-10-02 00:33:30,679 [pool-689-thread-1] INFO  server.RaftServerConfigKeys (ConfUtils.java:logGet(43)) - raft.server.sleep.deviation.threshold = 300 (default)
2019-10-02 00:33:30,679 [pool-689-thread-1] INFO  server.RaftServerConfigKeys (ConfUtils.java:logGet(43)) - raft.server.log.appender.install.snapshot.enabled = false (custom)
2019-10-02 00:33:30,679 [pool-689-thread-1] INFO  impl.RaftServerImpl (ServerState.java:<init>(103)) - 59358f5f-cb81-417d-afdc-c941a2597248@group-279D9FBAAF60: ConfigurationManager, init=-1: [59358f5f-cb81-417d-afdc-c941a2597248:192.168.151.67:32898, 7dac08de-4677-4d75-96f1-007ade40e620:192.168.151.67:33140, d5e39aa1-85df-4773-97f0-1a350615e09b:192.168.151.67:40090], old=null, confs=<EMPTY_MAP>
2019-10-02 00:33:30,679 [pool-679-thread-1] INFO  impl.RaftServerImpl (RaftServerImpl.java:<init>(95)) - d5e39aa1-85df-4773-97f0-1a350615e09b: new RaftServerImpl for group-279D9FBAAF60:[59358f5f-cb81-417d-afdc-c941a2597248:192.168.151.67:32898, 7dac08de-4677-4d75-96f1-007ade40e620:192.168.151.67:33140, d5e39aa1-85df-4773-97f0-1a350615e09b:192.168.151.67:40090] with ContainerStateMachine:uninitialized
2019-10-02 00:33:30,679 [pool-689-thread-1] INFO  server.RaftServerConfigKeys (ConfUtils.java:logGet(43)) - raft.server.storage.dir = [/workdir/hadoop-ozone/integration-test/target/test-dir/MiniOzoneClusterImpl-fc2f9b79-8358-4999-9ef3-38efab3cd552/datanode-1/data/ratis] (custom)
2019-10-02 00:33:30,679 [pool-679-thread-1] INFO  server.RaftServerConfigKeys (ConfUtils.java:logGet(43)) - raft.server.rpc.timeout.min = 5s (custom)
2019-10-02 00:33:30,680 [pool-689-thread-1] INFO  server.RaftServerConfigKeys (ConfUtils.java:logGet(43)) - raft.server.log.corruption.policy = EXCEPTION (default)
2019-10-02 00:33:30,680 [pool-679-thread-1] INFO  server.RaftServerConfigKeys (ConfUtils.java:logGet(43)) - raft.server.rpc.timeout.max = 5200ms (custom)
2019-10-02 00:33:30,680 [pool-689-thread-1] INFO  storage.RaftStorageDirectory (RaftStorageDirectory.java:analyzeStorage(246)) - The storage directory /workdir/hadoop-ozone/integration-test/target/test-dir/MiniOzoneClusterImpl-fc2f9b79-8358-4999-9ef3-38efab3cd552/datanode-1/data/ratis/f2736389-b944-43b2-bbf3-279d9fbaaf60 does not exist. Creating ...
2019-10-02 00:33:30,680 [pool-699-thread-1] INFO  impl.RaftServerImpl (RaftServerImpl.java:<init>(95)) - 7dac08de-4677-4d75-96f1-007ade40e620: new RaftServerImpl for group-279D9FBAAF60:[59358f5f-cb81-417d-afdc-c941a2597248:192.168.151.67:32898, 7dac08de-4677-4d75-96f1-007ade40e620:192.168.151.67:33140, d5e39aa1-85df-4773-97f0-1a350615e09b:192.168.151.67:40090] with ContainerStateMachine:uninitialized
2019-10-02 00:33:30,680 [pool-679-thread-1] INFO  server.RaftServerConfigKeys (ConfUtils.java:logGet(43)) - raft.server.rpcslowness.timeout = 120s (custom)
2019-10-02 00:33:30,680 [pool-699-thread-1] INFO  server.RaftServerConfigKeys (ConfUtils.java:logGet(43)) - raft.server.rpc.timeout.min = 5s (custom)
2019-10-02 00:33:30,680 [pool-679-thread-1] INFO  server.RaftServerConfigKeys (ConfUtils.java:logGet(43)) - raft.server.sleep.deviation.threshold = 300 (default)
2019-10-02 00:33:30,680 [pool-699-thread-1] INFO  server.RaftServerConfigKeys (ConfUtils.java:logGet(43)) - raft.server.rpc.timeout.max = 5200ms (custom)
2019-10-02 00:33:30,681 [pool-679-thread-1] INFO  server.RaftServerConfigKeys (ConfUtils.java:logGet(43)) - raft.server.log.appender.install.snapshot.enabled = false (custom)
2019-10-02 00:33:30,681 [pool-699-thread-1] INFO  server.RaftServerConfigKeys (ConfUtils.java:logGet(43)) - raft.server.rpcslowness.timeout = 120s (custom)
2019-10-02 00:33:30,681 [pool-679-thread-1] INFO  impl.RaftServerImpl (ServerState.java:<init>(103)) - d5e39aa1-85df-4773-97f0-1a350615e09b@group-279D9FBAAF60: ConfigurationManager, init=-1: [59358f5f-cb81-417d-afdc-c941a2597248:192.168.151.67:32898, 7dac08de-4677-4d75-96f1-007ade40e620:192.168.151.67:33140, d5e39aa1-85df-4773-97f0-1a350615e09b:192.168.151.67:40090], old=null, confs=<EMPTY_MAP>
2019-10-02 00:33:30,681 [pool-699-thread-1] INFO  server.RaftServerConfigKeys (ConfUtils.java:logGet(43)) - raft.server.sleep.deviation.threshold = 300 (default)
2019-10-02 00:33:30,681 [pool-679-thread-1] INFO  server.RaftServerConfigKeys (ConfUtils.java:logGet(43)) - raft.server.storage.dir = [/workdir/hadoop-ozone/integration-test/target/test-dir/MiniOzoneClusterImpl-fc2f9b79-8358-4999-9ef3-38efab3cd552/datanode-0/data/ratis] (custom)
2019-10-02 00:33:30,681 [pool-699-thread-1] INFO  server.RaftServerConfigKeys (ConfUtils.java:logGet(43)) - raft.server.log.appender.install.snapshot.enabled = false (custom)
2019-10-02 00:33:30,681 [pool-699-thread-1] INFO  impl.RaftServerImpl (ServerState.java:<init>(103)) - 7dac08de-4677-4d75-96f1-007ade40e620@group-279D9FBAAF60: ConfigurationManager, init=-1: [59358f5f-cb81-417d-afdc-c941a2597248:192.168.151.67:32898, 7dac08de-4677-4d75-96f1-007ade40e620:192.168.151.67:33140, d5e39aa1-85df-4773-97f0-1a350615e09b:192.168.151.67:40090], old=null, confs=<EMPTY_MAP>
2019-10-02 00:33:30,681 [pool-679-thread-1] INFO  server.RaftServerConfigKeys (ConfUtils.java:logGet(43)) - raft.server.log.corruption.policy = EXCEPTION (default)
2019-10-02 00:33:30,681 [pool-699-thread-1] INFO  server.RaftServerConfigKeys (ConfUtils.java:logGet(43)) - raft.server.storage.dir = [/workdir/hadoop-ozone/integration-test/target/test-dir/MiniOzoneClusterImpl-fc2f9b79-8358-4999-9ef3-38efab3cd552/datanode-2/data/ratis] (custom)
2019-10-02 00:33:30,682 [pool-679-thread-1] INFO  storage.RaftStorageDirectory (RaftStorageDirectory.java:analyzeStorage(246)) - The storage directory /workdir/hadoop-ozone/integration-test/target/test-dir/MiniOzoneClusterImpl-fc2f9b79-8358-4999-9ef3-38efab3cd552/datanode-0/data/ratis/f2736389-b944-43b2-bbf3-279d9fbaaf60 does not exist. Creating ...
2019-10-02 00:33:30,682 [pool-699-thread-1] INFO  server.RaftServerConfigKeys (ConfUtils.java:logGet(43)) - raft.server.log.corruption.policy = EXCEPTION (default)
2019-10-02 00:33:30,682 [pool-699-thread-1] INFO  storage.RaftStorageDirectory (RaftStorageDirectory.java:analyzeStorage(246)) - The storage directory /workdir/hadoop-ozone/integration-test/target/test-dir/MiniOzoneClusterImpl-fc2f9b79-8358-4999-9ef3-38efab3cd552/datanode-2/data/ratis/f2736389-b944-43b2-bbf3-279d9fbaaf60 does not exist. Creating ...
2019-10-02 00:33:30,693 [pool-689-thread-1] INFO  storage.RaftStorageDirectory (RaftStorageDirectory.java:tryLock(328)) - Lock on /workdir/hadoop-ozone/integration-test/target/test-dir/MiniOzoneClusterImpl-fc2f9b79-8358-4999-9ef3-38efab3cd552/datanode-1/data/ratis/f2736389-b944-43b2-bbf3-279d9fbaaf60/in_use.lock acquired by nodename 22954@pr-hdds-1984-s47sn-1814639636
2019-10-02 00:33:30,693 [pool-679-thread-1] INFO  storage.RaftStorageDirectory (RaftStorageDirectory.java:tryLock(328)) - Lock on /workdir/hadoop-ozone/integration-test/target/test-dir/MiniOzoneClusterImpl-fc2f9b79-8358-4999-9ef3-38efab3cd552/datanode-0/data/ratis/f2736389-b944-43b2-bbf3-279d9fbaaf60/in_use.lock acquired by nodename 22954@pr-hdds-1984-s47sn-1814639636
2019-10-02 00:33:30,693 [pool-699-thread-1] INFO  storage.RaftStorageDirectory (RaftStorageDirectory.java:tryLock(328)) - Lock on /workdir/hadoop-ozone/integration-test/target/test-dir/MiniOzoneClusterImpl-fc2f9b79-8358-4999-9ef3-38efab3cd552/datanode-2/data/ratis/f2736389-b944-43b2-bbf3-279d9fbaaf60/in_use.lock acquired by nodename 22954@pr-hdds-1984-s47sn-1814639636
2019-10-02 00:33:30,724 [pool-689-thread-1] INFO  storage.RaftStorage (RaftStorage.java:format(84)) - Storage directory /workdir/hadoop-ozone/integration-test/target/test-dir/MiniOzoneClusterImpl-fc2f9b79-8358-4999-9ef3-38efab3cd552/datanode-1/data/ratis/f2736389-b944-43b2-bbf3-279d9fbaaf60 has been successfully formatted.
2019-10-02 00:33:30,724 [pool-679-thread-1] INFO  storage.RaftStorage (RaftStorage.java:format(84)) - Storage directory /workdir/hadoop-ozone/integration-test/target/test-dir/MiniOzoneClusterImpl-fc2f9b79-8358-4999-9ef3-38efab3cd552/datanode-0/data/ratis/f2736389-b944-43b2-bbf3-279d9fbaaf60 has been successfully formatted.
2019-10-02 00:33:30,724 [pool-699-thread-1] INFO  storage.RaftStorage (RaftStorage.java:format(84)) - Storage directory /workdir/hadoop-ozone/integration-test/target/test-dir/MiniOzoneClusterImpl-fc2f9b79-8358-4999-9ef3-38efab3cd552/datanode-2/data/ratis/f2736389-b944-43b2-bbf3-279d9fbaaf60 has been successfully formatted.
2019-10-02 00:33:30,724 [pool-679-thread-1] INFO  ratis.ContainerStateMachine (ContainerStateMachine.java:loadSnapshot(230)) - group-279D9FBAAF60: The snapshot info is null. Setting the last applied indexto:(t:0, i:~)
2019-10-02 00:33:30,724 [pool-689-thread-1] INFO  ratis.ContainerStateMachine (ContainerStateMachine.java:loadSnapshot(230)) - group-279D9FBAAF60: The snapshot info is null. Setting the last applied indexto:(t:0, i:~)
2019-10-02 00:33:30,725 [pool-679-thread-1] INFO  server.RaftServerConfigKeys (ConfUtils.java:logGet(43)) - raft.server.notification.no-leader.timeout = 120s (custom)
2019-10-02 00:33:30,724 [pool-699-thread-1] INFO  ratis.ContainerStateMachine (ContainerStateMachine.java:loadSnapshot(230)) - group-279D9FBAAF60: The snapshot info is null. Setting the last applied indexto:(t:0, i:~)
2019-10-02 00:33:30,725 [pool-679-thread-1] INFO  server.RaftServerConfigKeys (ConfUtils.java:logGet(43)) - raft.server.log.use.memory = false (default)
2019-10-02 00:33:30,725 [pool-689-thread-1] INFO  server.RaftServerConfigKeys (ConfUtils.java:logGet(43)) - raft.server.notification.no-leader.timeout = 120s (custom)
2019-10-02 00:33:30,725 [pool-679-thread-1] INFO  server.RaftServerConfigKeys (ConfUtils.java:logGet(43)) - raft.server.log.purge.gap = 1000000 (custom)
2019-10-02 00:33:30,725 [pool-679-thread-1] INFO  server.RaftServerConfigKeys (ConfUtils.java:logGet(43)) - raft.server.log.appender.buffer.byte-limit = 33554432 (custom)
2019-10-02 00:33:30,725 [pool-699-thread-1] INFO  server.RaftServerConfigKeys (ConfUtils.java:logGet(43)) - raft.server.notification.no-leader.timeout = 120s (custom)
2019-10-02 00:33:30,726 [pool-679-thread-1] INFO  server.RaftServerConfigKeys (ConfUtils.java:logGet(43)) - raft.server.log.segment.size.max = 1048576 (custom)
2019-10-02 00:33:30,725 [pool-689-thread-1] INFO  server.RaftServerConfigKeys (ConfUtils.java:logGet(43)) - raft.server.log.use.memory = false (default)
2019-10-02 00:33:30,726 [pool-679-thread-1] INFO  server.RaftServerConfigKeys (ConfUtils.java:logGet(43)) - raft.server.log.segment.cache.num.max = 2 (custom)
2019-10-02 00:33:30,726 [pool-699-thread-1] INFO  server.RaftServerConfigKeys (ConfUtils.java:logGet(43)) - raft.server.log.use.memory = false (default)
2019-10-02 00:33:30,726 [pool-679-thread-1] INFO  segmented.SegmentedRaftLogWorker (SegmentedRaftLogWorker.java:<init>(173)) - new d5e39aa1-85df-4773-97f0-1a350615e09b@group-279D9FBAAF60-SegmentedRaftLogWorker for RaftStorage:Storage Directory /workdir/hadoop-ozone/integration-test/target/test-dir/MiniOzoneClusterImpl-fc2f9b79-8358-4999-9ef3-38efab3cd552/datanode-0/data/ratis/f2736389-b944-43b2-bbf3-279d9fbaaf60
2019-10-02 00:33:30,726 [pool-689-thread-1] INFO  server.RaftServerConfigKeys (ConfUtils.java:logGet(43)) - raft.server.log.purge.gap = 1000000 (custom)
2019-10-02 00:33:30,726 [pool-679-thread-1] INFO  server.RaftServerConfigKeys (ConfUtils.java:logGet(43)) - raft.server.log.queue.byte-limit = 2147483647 (custom)
2019-10-02 00:33:30,727 [pool-679-thread-1] INFO  server.RaftServerConfigKeys (ConfUtils.java:logGet(43)) - raft.server.log.queue.element-limit = 1024 (custom)
2019-10-02 00:33:30,726 [pool-699-thread-1] INFO  server.RaftServerConfigKeys (ConfUtils.java:logGet(43)) - raft.server.log.purge.gap = 1000000 (custom)
2019-10-02 00:33:30,727 [pool-679-thread-1] INFO  server.RaftServerConfigKeys (ConfUtils.java:logGet(43)) - raft.server.log.segment.size.max = 1048576 (custom)
2019-10-02 00:33:30,727 [pool-679-thread-1] INFO  server.RaftServerConfigKeys (ConfUtils.java:logGet(43)) - raft.server.log.preallocated.size = 16384 (custom)
2019-10-02 00:33:30,726 [pool-689-thread-1] INFO  server.RaftServerConfigKeys (ConfUtils.java:logGet(43)) - raft.server.log.appender.buffer.byte-limit = 33554432 (custom)
2019-10-02 00:33:30,727 [pool-679-thread-1] INFO  server.RaftServerConfigKeys (ConfUtils.java:logGet(43)) - raft.server.log.write.buffer.size = 33554432 (custom)
2019-10-02 00:33:30,727 [pool-699-thread-1] INFO  server.RaftServerConfigKeys (ConfUtils.java:logGet(43)) - raft.server.log.appender.buffer.byte-limit = 33554432 (custom)
2019-10-02 00:33:30,727 [pool-679-thread-1] INFO  server.RaftServerConfigKeys (ConfUtils.java:logGet(43)) - raft.server.log.force.sync.num = 128 (default)
2019-10-02 00:33:30,727 [pool-689-thread-1] INFO  server.RaftServerConfigKeys (ConfUtils.java:logGet(43)) - raft.server.log.segment.size.max = 1048576 (custom)
2019-10-02 00:33:30,728 [pool-679-thread-1] INFO  server.RaftServerConfigKeys (ConfUtils.java:logGet(43)) - raft.server.log.statemachine.data.sync = true (default)
2019-10-02 00:33:30,728 [pool-679-thread-1] INFO  server.RaftServerConfigKeys (ConfUtils.java:logGet(43)) - raft.server.log.statemachine.data.sync.timeout = 10s (default)
2019-10-02 00:33:30,728 [pool-699-thread-1] INFO  server.RaftServerConfigKeys (ConfUtils.java:logGet(43)) - raft.server.log.segment.size.max = 1048576 (custom)
2019-10-02 00:33:30,728 [pool-679-thread-1] INFO  server.RaftServerConfigKeys (ConfUtils.java:logGet(43)) - raft.server.log.statemachine.data.sync.timeout.retry = -1 (default)
2019-10-02 00:33:30,728 [pool-689-thread-1] INFO  server.RaftServerConfigKeys (ConfUtils.java:logGet(43)) - raft.server.log.segment.cache.num.max = 2 (custom)
2019-10-02 00:33:30,729 [pool-679-thread-1] INFO  server.RaftServerConfigKeys (ConfUtils.java:logGet(43)) - raft.server.log.statemachine.data.caching.enabled = true (custom)
2019-10-02 00:33:30,728 [pool-699-thread-1] INFO  server.RaftServerConfigKeys (ConfUtils.java:logGet(43)) - raft.server.log.segment.cache.num.max = 2 (custom)
2019-10-02 00:33:30,729 [pool-689-thread-1] INFO  segmented.SegmentedRaftLogWorker (SegmentedRaftLogWorker.java:<init>(173)) - new 59358f5f-cb81-417d-afdc-c941a2597248@group-279D9FBAAF60-SegmentedRaftLogWorker for RaftStorage:Storage Directory /workdir/hadoop-ozone/integration-test/target/test-dir/MiniOzoneClusterImpl-fc2f9b79-8358-4999-9ef3-38efab3cd552/datanode-1/data/ratis/f2736389-b944-43b2-bbf3-279d9fbaaf60
2019-10-02 00:33:30,729 [pool-699-thread-1] INFO  segmented.SegmentedRaftLogWorker (SegmentedRaftLogWorker.java:<init>(173)) - new 7dac08de-4677-4d75-96f1-007ade40e620@group-279D9FBAAF60-SegmentedRaftLogWorker for RaftStorage:Storage Directory /workdir/hadoop-ozone/integration-test/target/test-dir/MiniOzoneClusterImpl-fc2f9b79-8358-4999-9ef3-38efab3cd552/datanode-2/data/ratis/f2736389-b944-43b2-bbf3-279d9fbaaf60
2019-10-02 00:33:30,729 [pool-679-thread-1] INFO  segmented.SegmentedRaftLogWorker (SegmentedRaftLogWorker.java:lambda$new$0(128)) - d5e39aa1-85df-4773-97f0-1a350615e09b@group-279D9FBAAF60-SegmentedRaftLogWorker: flushIndex: setUnconditionally 0 -> -1
2019-10-02 00:33:30,729 [pool-699-thread-1] INFO  server.RaftServerConfigKeys (ConfUtils.java:logGet(43)) - raft.server.log.queue.byte-limit = 2147483647 (custom)
2019-10-02 00:33:30,729 [pool-689-thread-1] INFO  server.RaftServerConfigKeys (ConfUtils.java:logGet(43)) - raft.server.log.queue.byte-limit = 2147483647 (custom)
2019-10-02 00:33:30,730 [pool-679-thread-1] INFO  server.RaftServerConfigKeys (ConfUtils.java:logGet(43)) - raft.server.snapshot.auto.trigger.enabled = true (custom)
2019-10-02 00:33:30,730 [pool-699-thread-1] INFO  server.RaftServerConfigKeys (ConfUtils.java:logGet(43)) - raft.server.log.queue.element-limit = 1024 (custom)
2019-10-02 00:33:30,730 [pool-679-thread-1] INFO  server.RaftServerConfigKeys (ConfUtils.java:logGet(43)) - raft.server.snapshot.auto.trigger.threshold = 10000 (custom)
2019-10-02 00:33:30,730 [pool-689-thread-1] INFO  server.RaftServerConfigKeys (ConfUtils.java:logGet(43)) - raft.server.log.queue.element-limit = 1024 (custom)
2019-10-02 00:33:30,730 [pool-679-thread-1] INFO  server.RaftServerConfigKeys (ConfUtils.java:logGet(43)) - raft.server.snapshot.retention.file.num = 5 (custom)
2019-10-02 00:33:30,730 [pool-699-thread-1] INFO  server.RaftServerConfigKeys (ConfUtils.java:logGet(43)) - raft.server.log.segment.size.max = 1048576 (custom)
2019-10-02 00:33:30,730 [pool-679-thread-1] INFO  server.RaftServerConfigKeys (ConfUtils.java:logGet(43)) - raft.server.retrycache.expirytime = 600000ms (custom)
2019-10-02 00:33:30,730 [pool-689-thread-1] INFO  server.RaftServerConfigKeys (ConfUtils.java:logGet(43)) - raft.server.log.segment.size.max = 1048576 (custom)
2019-10-02 00:33:30,730 [pool-699-thread-1] INFO  server.RaftServerConfigKeys (ConfUtils.java:logGet(43)) - raft.server.log.preallocated.size = 16384 (custom)
2019-10-02 00:33:30,731 [pool-689-thread-1] INFO  server.RaftServerConfigKeys (ConfUtils.java:logGet(43)) - raft.server.log.preallocated.size = 16384 (custom)
2019-10-02 00:33:30,731 [pool-699-thread-1] INFO  server.RaftServerConfigKeys (ConfUtils.java:logGet(43)) - raft.server.log.write.buffer.size = 33554432 (custom)
2019-10-02 00:33:30,731 [pool-689-thread-1] INFO  server.RaftServerConfigKeys (ConfUtils.java:logGet(43)) - raft.server.log.write.buffer.size = 33554432 (custom)
2019-10-02 00:33:30,731 [pool-699-thread-1] INFO  server.RaftServerConfigKeys (ConfUtils.java:logGet(43)) - raft.server.log.force.sync.num = 128 (default)
2019-10-02 00:33:30,731 [pool-689-thread-1] INFO  server.RaftServerConfigKeys (ConfUtils.java:logGet(43)) - raft.server.log.force.sync.num = 128 (default)
2019-10-02 00:33:30,731 [pool-699-thread-1] INFO  server.RaftServerConfigKeys (ConfUtils.java:logGet(43)) - raft.server.log.statemachine.data.sync = true (default)
2019-10-02 00:33:30,731 [pool-689-thread-1] INFO  server.RaftServerConfigKeys (ConfUtils.java:logGet(43)) - raft.server.log.statemachine.data.sync = true (default)
2019-10-02 00:33:30,732 [pool-699-thread-1] INFO  server.RaftServerConfigKeys (ConfUtils.java:logGet(43)) - raft.server.log.statemachine.data.sync.timeout = 10s (default)
2019-10-02 00:33:30,732 [pool-689-thread-1] INFO  server.RaftServerConfigKeys (ConfUtils.java:logGet(43)) - raft.server.log.statemachine.data.sync.timeout = 10s (default)
2019-10-02 00:33:30,732 [pool-699-thread-1] INFO  server.RaftServerConfigKeys (ConfUtils.java:logGet(43)) - raft.server.log.statemachine.data.sync.timeout.retry = -1 (default)
2019-10-02 00:33:30,732 [pool-689-thread-1] INFO  server.RaftServerConfigKeys (ConfUtils.java:logGet(43)) - raft.server.log.statemachine.data.sync.timeout.retry = -1 (default)
2019-10-02 00:33:30,732 [pool-699-thread-1] INFO  server.RaftServerConfigKeys (ConfUtils.java:logGet(43)) - raft.server.log.statemachine.data.caching.enabled = true (custom)
2019-10-02 00:33:30,732 [pool-679-thread-1] INFO  impl.RaftServerImpl (RaftServerImpl.java:start(181)) - d5e39aa1-85df-4773-97f0-1a350615e09b@group-279D9FBAAF60: start as a follower, conf=-1: [59358f5f-cb81-417d-afdc-c941a2597248:192.168.151.67:32898, 7dac08de-4677-4d75-96f1-007ade40e620:192.168.151.67:33140, d5e39aa1-85df-4773-97f0-1a350615e09b:192.168.151.67:40090], old=null
2019-10-02 00:33:30,732 [pool-689-thread-1] INFO  server.RaftServerConfigKeys (ConfUtils.java:logGet(43)) - raft.server.log.statemachine.data.caching.enabled = true (custom)
2019-10-02 00:33:30,733 [pool-699-thread-1] INFO  segmented.SegmentedRaftLogWorker (SegmentedRaftLogWorker.java:lambda$new$0(128)) - 7dac08de-4677-4d75-96f1-007ade40e620@group-279D9FBAAF60-SegmentedRaftLogWorker: flushIndex: setUnconditionally 0 -> -1
2019-10-02 00:33:30,733 [pool-679-thread-1] INFO  impl.RaftServerImpl (RaftServerImpl.java:setRole(170)) - d5e39aa1-85df-4773-97f0-1a350615e09b@group-279D9FBAAF60: changes role from      null to FOLLOWER at term 0 for startAsFollower
2019-10-02 00:33:30,733 [pool-689-thread-1] INFO  segmented.SegmentedRaftLogWorker (SegmentedRaftLogWorker.java:lambda$new$0(128)) - 59358f5f-cb81-417d-afdc-c941a2597248@group-279D9FBAAF60-SegmentedRaftLogWorker: flushIndex: setUnconditionally 0 -> -1
2019-10-02 00:33:30,733 [pool-679-thread-1] INFO  impl.RoleInfo (RoleInfo.java:updateAndGet(143)) - d5e39aa1-85df-4773-97f0-1a350615e09b: start FollowerState
2019-10-02 00:33:30,733 [pool-699-thread-1] INFO  server.RaftServerConfigKeys (ConfUtils.java:logGet(43)) - raft.server.snapshot.auto.trigger.enabled = true (custom)
2019-10-02 00:33:30,733 [pool-689-thread-1] INFO  server.RaftServerConfigKeys (ConfUtils.java:logGet(43)) - raft.server.snapshot.auto.trigger.enabled = true (custom)
2019-10-02 00:33:30,734 [pool-679-thread-1] INFO  util.JmxRegister (JmxRegister.java:tryRegister(44)) - Successfully registered JMX Bean with object name Ratis:service=RaftServer,group=group-279D9FBAAF60,id=d5e39aa1-85df-4773-97f0-1a350615e09b
2019-10-02 00:33:30,733 [pool-699-thread-1] INFO  server.RaftServerConfigKeys (ConfUtils.java:logGet(43)) - raft.server.snapshot.auto.trigger.threshold = 10000 (custom)
2019-10-02 00:33:30,734 [pool-689-thread-1] INFO  server.RaftServerConfigKeys (ConfUtils.java:logGet(43)) - raft.server.snapshot.auto.trigger.threshold = 10000 (custom)
2019-10-02 00:33:30,734 [pool-699-thread-1] INFO  server.RaftServerConfigKeys (ConfUtils.java:logGet(43)) - raft.server.snapshot.retention.file.num = 5 (custom)
2019-10-02 00:33:30,734 [pool-689-thread-1] INFO  server.RaftServerConfigKeys (ConfUtils.java:logGet(43)) - raft.server.snapshot.retention.file.num = 5 (custom)
2019-10-02 00:33:30,734 [pool-699-thread-1] INFO  server.RaftServerConfigKeys (ConfUtils.java:logGet(43)) - raft.server.retrycache.expirytime = 600000ms (custom)
2019-10-02 00:33:30,734 [pool-689-thread-1] INFO  server.RaftServerConfigKeys (ConfUtils.java:logGet(43)) - raft.server.retrycache.expirytime = 600000ms (custom)
2019-10-02 00:33:30,738 [pool-689-thread-1] INFO  impl.RaftServerImpl (RaftServerImpl.java:start(181)) - 59358f5f-cb81-417d-afdc-c941a2597248@group-279D9FBAAF60: start as a follower, conf=-1: [59358f5f-cb81-417d-afdc-c941a2597248:192.168.151.67:32898, 7dac08de-4677-4d75-96f1-007ade40e620:192.168.151.67:33140, d5e39aa1-85df-4773-97f0-1a350615e09b:192.168.151.67:40090], old=null
2019-10-02 00:33:30,738 [pool-699-thread-1] INFO  impl.RaftServerImpl (RaftServerImpl.java:start(181)) - 7dac08de-4677-4d75-96f1-007ade40e620@group-279D9FBAAF60: start as a follower, conf=-1: [59358f5f-cb81-417d-afdc-c941a2597248:192.168.151.67:32898, 7dac08de-4677-4d75-96f1-007ade40e620:192.168.151.67:33140, d5e39aa1-85df-4773-97f0-1a350615e09b:192.168.151.67:40090], old=null
2019-10-02 00:33:30,738 [pool-689-thread-1] INFO  impl.RaftServerImpl (RaftServerImpl.java:setRole(170)) - 59358f5f-cb81-417d-afdc-c941a2597248@group-279D9FBAAF60: changes role from      null to FOLLOWER at term 0 for startAsFollower
2019-10-02 00:33:30,738 [pool-699-thread-1] INFO  impl.RaftServerImpl (RaftServerImpl.java:setRole(170)) - 7dac08de-4677-4d75-96f1-007ade40e620@group-279D9FBAAF60: changes role from      null to FOLLOWER at term 0 for startAsFollower
2019-10-02 00:33:30,738 [pool-689-thread-1] INFO  impl.RoleInfo (RoleInfo.java:updateAndGet(143)) - 59358f5f-cb81-417d-afdc-c941a2597248: start FollowerState
2019-10-02 00:33:30,738 [pool-699-thread-1] INFO  impl.RoleInfo (RoleInfo.java:updateAndGet(143)) - 7dac08de-4677-4d75-96f1-007ade40e620: start FollowerState
2019-10-02 00:33:30,738 [pool-689-thread-1] INFO  util.JmxRegister (JmxRegister.java:tryRegister(44)) - Successfully registered JMX Bean with object name Ratis:service=RaftServer,group=group-279D9FBAAF60,id=59358f5f-cb81-417d-afdc-c941a2597248
2019-10-02 00:33:30,739 [pool-699-thread-1] INFO  util.JmxRegister (JmxRegister.java:tryRegister(44)) - Successfully registered JMX Bean with object name Ratis:service=RaftServer,group=group-279D9FBAAF60,id=7dac08de-4677-4d75-96f1-007ade40e620
2019-10-02 00:33:30,742 [IPC Server handler 5 on 38200] INFO  net.NetworkTopology (NetworkTopologyImpl.java:add(111)) - Added a new node: /default-rack/b49824c3-84dc-4655-ab2f-e554c4afe7ab
2019-10-02 00:33:30,742 [IPC Server handler 5 on 38200] INFO  node.SCMNodeManager (SCMNodeManager.java:register(266)) - Registered Data node : b49824c3-84dc-4655-ab2f-e554c4afe7ab{ip: 192.168.151.67, host: pr-hdds-1984-s47sn-1814639636, networkLocation: /default-rack, certSerialId: null}
2019-10-02 00:33:30,743 [RatisPipelineUtilsThread] INFO  pipeline.PipelineStateManager (PipelineStateManager.java:addPipeline(56)) - Created pipeline Pipeline[ Id: f2736389-b944-43b2-bbf3-279d9fbaaf60, Nodes: d5e39aa1-85df-4773-97f0-1a350615e09b{ip: 192.168.151.67, host: pr-hdds-1984-s47sn-1814639636, networkLocation: /default-rack, certSerialId: null}59358f5f-cb81-417d-afdc-c941a2597248{ip: 192.168.151.67, host: pr-hdds-1984-s47sn-1814639636, networkLocation: /default-rack, certSerialId: null}7dac08de-4677-4d75-96f1-007ade40e620{ip: 192.168.151.67, host: pr-hdds-1984-s47sn-1814639636, networkLocation: /default-rack, certSerialId: null}, Type:RATIS, Factor:THREE, State:OPEN]
2019-10-02 00:33:30,754 [grpc-default-executor-4] INFO  impl.RaftServerProxy (RaftServerProxy.java:addNew(89)) - 5d64d55d-1a89-4955-9a32-8fdd897ba959: addNew group-71DC6A674E3B:[5d64d55d-1a89-4955-9a32-8fdd897ba959:192.168.151.67:45178] returns group-71DC6A674E3B:java.util.concurrent.CompletableFuture@2c35d4ee[Not completed]
2019-10-02 00:33:30,756 [pool-709-thread-1] INFO  impl.RaftServerImpl (RaftServerImpl.java:<init>(95)) - 5d64d55d-1a89-4955-9a32-8fdd897ba959: new RaftServerImpl for group-71DC6A674E3B:[5d64d55d-1a89-4955-9a32-8fdd897ba959:192.168.151.67:45178] with ContainerStateMachine:uninitialized
2019-10-02 00:33:30,759 [pool-709-thread-1] INFO  server.RaftServerConfigKeys (ConfUtils.java:logGet(43)) - raft.server.rpc.timeout.min = 5s (custom)
2019-10-02 00:33:30,759 [pool-709-thread-1] INFO  server.RaftServerConfigKeys (ConfUtils.java:logGet(43)) - raft.server.rpc.timeout.max = 5200ms (custom)
2019-10-02 00:33:30,759 [pool-709-thread-1] INFO  server.RaftServerConfigKeys (ConfUtils.java:logGet(43)) - raft.server.rpcslowness.timeout = 120s (custom)
2019-10-02 00:33:30,759 [pool-709-thread-1] INFO  server.RaftServerConfigKeys (ConfUtils.java:logGet(43)) - raft.server.sleep.deviation.threshold = 300 (default)
2019-10-02 00:33:30,759 [pool-709-thread-1] INFO  server.RaftServerConfigKeys (ConfUtils.java:logGet(43)) - raft.server.log.appender.install.snapshot.enabled = false (custom)
2019-10-02 00:33:30,759 [pool-709-thread-1] INFO  impl.RaftServerImpl (ServerState.java:<init>(103)) - 5d64d55d-1a89-4955-9a32-8fdd897ba959@group-71DC6A674E3B: ConfigurationManager, init=-1: [5d64d55d-1a89-4955-9a32-8fdd897ba959:192.168.151.67:45178], old=null, confs=<EMPTY_MAP>
2019-10-02 00:33:30,759 [pool-709-thread-1] INFO  server.RaftServerConfigKeys (ConfUtils.java:logGet(43)) - raft.server.storage.dir = [/workdir/hadoop-ozone/integration-test/target/test-dir/MiniOzoneClusterImpl-fc2f9b79-8358-4999-9ef3-38efab3cd552/datanode-3/data/ratis] (custom)
2019-10-02 00:33:30,760 [pool-709-thread-1] INFO  server.RaftServerConfigKeys (ConfUtils.java:logGet(43)) - raft.server.log.corruption.policy = EXCEPTION (default)
2019-10-02 00:33:30,760 [pool-709-thread-1] INFO  storage.RaftStorageDirectory (RaftStorageDirectory.java:analyzeStorage(246)) - The storage directory /workdir/hadoop-ozone/integration-test/target/test-dir/MiniOzoneClusterImpl-fc2f9b79-8358-4999-9ef3-38efab3cd552/datanode-3/data/ratis/5031c601-c54c-4e0d-bfd7-71dc6a674e3b does not exist. Creating ...
2019-10-02 00:33:30,773 [pool-709-thread-1] INFO  storage.RaftStorageDirectory (RaftStorageDirectory.java:tryLock(328)) - Lock on /workdir/hadoop-ozone/integration-test/target/test-dir/MiniOzoneClusterImpl-fc2f9b79-8358-4999-9ef3-38efab3cd552/datanode-3/data/ratis/5031c601-c54c-4e0d-bfd7-71dc6a674e3b/in_use.lock acquired by nodename 22954@pr-hdds-1984-s47sn-1814639636
2019-10-02 00:33:30,786 [pool-709-thread-1] INFO  storage.RaftStorage (RaftStorage.java:format(84)) - Storage directory /workdir/hadoop-ozone/integration-test/target/test-dir/MiniOzoneClusterImpl-fc2f9b79-8358-4999-9ef3-38efab3cd552/datanode-3/data/ratis/5031c601-c54c-4e0d-bfd7-71dc6a674e3b has been successfully formatted.
2019-10-02 00:33:30,786 [pool-709-thread-1] INFO  ratis.ContainerStateMachine (ContainerStateMachine.java:loadSnapshot(230)) - group-71DC6A674E3B: The snapshot info is null. Setting the last applied indexto:(t:0, i:~)
2019-10-02 00:33:30,786 [pool-709-thread-1] INFO  server.RaftServerConfigKeys (ConfUtils.java:logGet(43)) - raft.server.notification.no-leader.timeout = 120s (custom)
2019-10-02 00:33:30,786 [pool-709-thread-1] INFO  server.RaftServerConfigKeys (ConfUtils.java:logGet(43)) - raft.server.log.use.memory = false (default)
2019-10-02 00:33:30,786 [pool-709-thread-1] INFO  server.RaftServerConfigKeys (ConfUtils.java:logGet(43)) - raft.server.log.purge.gap = 1000000 (custom)
2019-10-02 00:33:30,786 [pool-709-thread-1] INFO  server.RaftServerConfigKeys (ConfUtils.java:logGet(43)) - raft.server.log.appender.buffer.byte-limit = 33554432 (custom)
2019-10-02 00:33:30,787 [pool-709-thread-1] INFO  server.RaftServerConfigKeys (ConfUtils.java:logGet(43)) - raft.server.log.segment.size.max = 1048576 (custom)
2019-10-02 00:33:30,788 [pool-709-thread-1] INFO  server.RaftServerConfigKeys (ConfUtils.java:logGet(43)) - raft.server.log.segment.cache.num.max = 2 (custom)
2019-10-02 00:33:30,788 [pool-709-thread-1] INFO  segmented.SegmentedRaftLogWorker (SegmentedRaftLogWorker.java:<init>(173)) - new 5d64d55d-1a89-4955-9a32-8fdd897ba959@group-71DC6A674E3B-SegmentedRaftLogWorker for RaftStorage:Storage Directory /workdir/hadoop-ozone/integration-test/target/test-dir/MiniOzoneClusterImpl-fc2f9b79-8358-4999-9ef3-38efab3cd552/datanode-3/data/ratis/5031c601-c54c-4e0d-bfd7-71dc6a674e3b
2019-10-02 00:33:30,788 [pool-709-thread-1] INFO  server.RaftServerConfigKeys (ConfUtils.java:logGet(43)) - raft.server.log.queue.byte-limit = 2147483647 (custom)
2019-10-02 00:33:30,788 [pool-709-thread-1] INFO  server.RaftServerConfigKeys (ConfUtils.java:logGet(43)) - raft.server.log.queue.element-limit = 1024 (custom)
2019-10-02 00:33:30,789 [pool-709-thread-1] INFO  server.RaftServerConfigKeys (ConfUtils.java:logGet(43)) - raft.server.log.segment.size.max = 1048576 (custom)
2019-10-02 00:33:30,789 [pool-709-thread-1] INFO  server.RaftServerConfigKeys (ConfUtils.java:logGet(43)) - raft.server.log.preallocated.size = 16384 (custom)
2019-10-02 00:33:30,789 [pool-709-thread-1] INFO  server.RaftServerConfigKeys (ConfUtils.java:logGet(43)) - raft.server.log.write.buffer.size = 33554432 (custom)
2019-10-02 00:33:30,789 [pool-709-thread-1] INFO  server.RaftServerConfigKeys (ConfUtils.java:logGet(43)) - raft.server.log.force.sync.num = 128 (default)
2019-10-02 00:33:30,789 [pool-709-thread-1] INFO  server.RaftServerConfigKeys (ConfUtils.java:logGet(43)) - raft.server.log.statemachine.data.sync = true (default)
2019-10-02 00:33:30,789 [pool-709-thread-1] INFO  server.RaftServerConfigKeys (ConfUtils.java:logGet(43)) - raft.server.log.statemachine.data.sync.timeout = 10s (default)
2019-10-02 00:33:30,789 [pool-709-thread-1] INFO  server.RaftServerConfigKeys (ConfUtils.java:logGet(43)) - raft.server.log.statemachine.data.sync.timeout.retry = -1 (default)
2019-10-02 00:33:30,790 [pool-709-thread-1] INFO  server.RaftServerConfigKeys (ConfUtils.java:logGet(43)) - raft.server.log.statemachine.data.caching.enabled = true (custom)
2019-10-02 00:33:30,790 [pool-709-thread-1] INFO  segmented.SegmentedRaftLogWorker (SegmentedRaftLogWorker.java:lambda$new$0(128)) - 5d64d55d-1a89-4955-9a32-8fdd897ba959@group-71DC6A674E3B-SegmentedRaftLogWorker: flushIndex: setUnconditionally 0 -> -1
2019-10-02 00:33:30,790 [pool-709-thread-1] INFO  server.RaftServerConfigKeys (ConfUtils.java:logGet(43)) - raft.server.snapshot.auto.trigger.enabled = true (custom)
2019-10-02 00:33:30,791 [pool-709-thread-1] INFO  server.RaftServerConfigKeys (ConfUtils.java:logGet(43)) - raft.server.snapshot.auto.trigger.threshold = 10000 (custom)
2019-10-02 00:33:30,791 [pool-709-thread-1] INFO  server.RaftServerConfigKeys (ConfUtils.java:logGet(43)) - raft.server.snapshot.retention.file.num = 5 (custom)
2019-10-02 00:33:30,791 [pool-709-thread-1] INFO  server.RaftServerConfigKeys (ConfUtils.java:logGet(43)) - raft.server.retrycache.expirytime = 600000ms (custom)
2019-10-02 00:33:30,793 [pool-709-thread-1] INFO  impl.RaftServerImpl (RaftServerImpl.java:start(181)) - 5d64d55d-1a89-4955-9a32-8fdd897ba959@group-71DC6A674E3B: start as a follower, conf=-1: [5d64d55d-1a89-4955-9a32-8fdd897ba959:192.168.151.67:45178], old=null
2019-10-02 00:33:30,793 [pool-709-thread-1] INFO  impl.RaftServerImpl (RaftServerImpl.java:setRole(170)) - 5d64d55d-1a89-4955-9a32-8fdd897ba959@group-71DC6A674E3B: changes role from      null to FOLLOWER at term 0 for startAsFollower
2019-10-02 00:33:30,793 [pool-709-thread-1] INFO  impl.RoleInfo (RoleInfo.java:updateAndGet(143)) - 5d64d55d-1a89-4955-9a32-8fdd897ba959: start FollowerState
2019-10-02 00:33:30,793 [pool-709-thread-1] INFO  util.JmxRegister (JmxRegister.java:tryRegister(44)) - Successfully registered JMX Bean with object name Ratis:service=RaftServer,group=group-71DC6A674E3B,id=5d64d55d-1a89-4955-9a32-8fdd897ba959
2019-10-02 00:33:30,797 [RatisPipelineUtilsThread] INFO  pipeline.PipelineStateManager (PipelineStateManager.java:addPipeline(56)) - Created pipeline Pipeline[ Id: 5031c601-c54c-4e0d-bfd7-71dc6a674e3b, Nodes: 5d64d55d-1a89-4955-9a32-8fdd897ba959{ip: 192.168.151.67, host: pr-hdds-1984-s47sn-1814639636, networkLocation: /default-rack, certSerialId: null}, Type:RATIS, Factor:ONE, State:OPEN]
2019-10-02 00:33:30,804 [grpc-default-executor-4] INFO  impl.RaftServerProxy (RaftServerProxy.java:addNew(89)) - b49824c3-84dc-4655-ab2f-e554c4afe7ab: addNew group-147ECC0257D7:[b49824c3-84dc-4655-ab2f-e554c4afe7ab:192.168.151.67:45672] returns group-147ECC0257D7:java.util.concurrent.CompletableFuture@5d37b9d4[Not completed]
2019-10-02 00:33:30,805 [pool-719-thread-1] INFO  impl.RaftServerImpl (RaftServerImpl.java:<init>(95)) - b49824c3-84dc-4655-ab2f-e554c4afe7ab: new RaftServerImpl for group-147ECC0257D7:[b49824c3-84dc-4655-ab2f-e554c4afe7ab:192.168.151.67:45672] with ContainerStateMachine:uninitialized
2019-10-02 00:33:30,805 [pool-719-thread-1] INFO  server.RaftServerConfigKeys (ConfUtils.java:logGet(43)) - raft.server.rpc.timeout.min = 5s (custom)
2019-10-02 00:33:30,805 [pool-719-thread-1] INFO  server.RaftServerConfigKeys (ConfUtils.java:logGet(43)) - raft.server.rpc.timeout.max = 5200ms (custom)
2019-10-02 00:33:30,805 [pool-719-thread-1] INFO  server.RaftServerConfigKeys (ConfUtils.java:logGet(43)) - raft.server.rpcslowness.timeout = 120s (custom)
2019-10-02 00:33:30,805 [pool-719-thread-1] INFO  server.RaftServerConfigKeys (ConfUtils.java:logGet(43)) - raft.server.sleep.deviation.threshold = 300 (default)
2019-10-02 00:33:30,805 [pool-719-thread-1] INFO  server.RaftServerConfigKeys (ConfUtils.java:logGet(43)) - raft.server.log.appender.install.snapshot.enabled = false (custom)
2019-10-02 00:33:30,805 [pool-719-thread-1] INFO  impl.RaftServerImpl (ServerState.java:<init>(103)) - b49824c3-84dc-4655-ab2f-e554c4afe7ab@group-147ECC0257D7: ConfigurationManager, init=-1: [b49824c3-84dc-4655-ab2f-e554c4afe7ab:192.168.151.67:45672], old=null, confs=<EMPTY_MAP>
2019-10-02 00:33:30,805 [pool-719-thread-1] INFO  server.RaftServerConfigKeys (ConfUtils.java:logGet(43)) - raft.server.storage.dir = [/workdir/hadoop-ozone/integration-test/target/test-dir/MiniOzoneClusterImpl-fc2f9b79-8358-4999-9ef3-38efab3cd552/datanode-4/data/ratis] (custom)
2019-10-02 00:33:30,805 [pool-719-thread-1] INFO  server.RaftServerConfigKeys (ConfUtils.java:logGet(43)) - raft.server.log.corruption.policy = EXCEPTION (default)
2019-10-02 00:33:30,806 [pool-719-thread-1] INFO  storage.RaftStorageDirectory (RaftStorageDirectory.java:analyzeStorage(246)) - The storage directory /workdir/hadoop-ozone/integration-test/target/test-dir/MiniOzoneClusterImpl-fc2f9b79-8358-4999-9ef3-38efab3cd552/datanode-4/data/ratis/42d021c3-dbb8-4977-b011-147ecc0257d7 does not exist. Creating ...
2019-10-02 00:33:30,811 [IPC Server handler 19 on 38200] INFO  net.NetworkTopology (NetworkTopologyImpl.java:add(111)) - Added a new node: /default-rack/bde9f098-4939-4e8a-8a59-5f73d74d5e56
2019-10-02 00:33:30,811 [IPC Server handler 19 on 38200] INFO  node.SCMNodeManager (SCMNodeManager.java:register(266)) - Registered Data node : bde9f098-4939-4e8a-8a59-5f73d74d5e56{ip: 192.168.151.67, host: pr-hdds-1984-s47sn-1814639636, networkLocation: /default-rack, certSerialId: null}
2019-10-02 00:33:30,818 [pool-719-thread-1] INFO  storage.RaftStorageDirectory (RaftStorageDirectory.java:tryLock(328)) - Lock on /workdir/hadoop-ozone/integration-test/target/test-dir/MiniOzoneClusterImpl-fc2f9b79-8358-4999-9ef3-38efab3cd552/datanode-4/data/ratis/42d021c3-dbb8-4977-b011-147ecc0257d7/in_use.lock acquired by nodename 22954@pr-hdds-1984-s47sn-1814639636
2019-10-02 00:33:30,834 [pool-719-thread-1] INFO  storage.RaftStorage (RaftStorage.java:format(84)) - Storage directory /workdir/hadoop-ozone/integration-test/target/test-dir/MiniOzoneClusterImpl-fc2f9b79-8358-4999-9ef3-38efab3cd552/datanode-4/data/ratis/42d021c3-dbb8-4977-b011-147ecc0257d7 has been successfully formatted.
2019-10-02 00:33:30,834 [pool-719-thread-1] INFO  ratis.ContainerStateMachine (ContainerStateMachine.java:loadSnapshot(230)) - group-147ECC0257D7: The snapshot info is null. Setting the last applied indexto:(t:0, i:~)
2019-10-02 00:33:30,834 [pool-719-thread-1] INFO  server.RaftServerConfigKeys (ConfUtils.java:logGet(43)) - raft.server.notification.no-leader.timeout = 120s (custom)
2019-10-02 00:33:30,834 [pool-719-thread-1] INFO  server.RaftServerConfigKeys (ConfUtils.java:logGet(43)) - raft.server.log.use.memory = false (default)
2019-10-02 00:33:30,835 [pool-719-thread-1] INFO  server.RaftServerConfigKeys (ConfUtils.java:logGet(43)) - raft.server.log.purge.gap = 1000000 (custom)
2019-10-02 00:33:30,835 [pool-719-thread-1] INFO  server.RaftServerConfigKeys (ConfUtils.java:logGet(43)) - raft.server.log.appender.buffer.byte-limit = 33554432 (custom)
2019-10-02 00:33:30,835 [pool-719-thread-1] INFO  server.RaftServerConfigKeys (ConfUtils.java:logGet(43)) - raft.server.log.segment.size.max = 1048576 (custom)
2019-10-02 00:33:30,836 [pool-719-thread-1] INFO  server.RaftServerConfigKeys (ConfUtils.java:logGet(43)) - raft.server.log.segment.cache.num.max = 2 (custom)
2019-10-02 00:33:30,836 [pool-719-thread-1] INFO  segmented.SegmentedRaftLogWorker (SegmentedRaftLogWorker.java:<init>(173)) - new b49824c3-84dc-4655-ab2f-e554c4afe7ab@group-147ECC0257D7-SegmentedRaftLogWorker for RaftStorage:Storage Directory /workdir/hadoop-ozone/integration-test/target/test-dir/MiniOzoneClusterImpl-fc2f9b79-8358-4999-9ef3-38efab3cd552/datanode-4/data/ratis/42d021c3-dbb8-4977-b011-147ecc0257d7
2019-10-02 00:33:30,836 [pool-719-thread-1] INFO  server.RaftServerConfigKeys (ConfUtils.java:logGet(43)) - raft.server.log.queue.byte-limit = 2147483647 (custom)
2019-10-02 00:33:30,836 [pool-719-thread-1] INFO  server.RaftServerConfigKeys (ConfUtils.java:logGet(43)) - raft.server.log.queue.element-limit = 1024 (custom)
2019-10-02 00:33:30,836 [pool-719-thread-1] INFO  server.RaftServerConfigKeys (ConfUtils.java:logGet(43)) - raft.server.log.segment.size.max = 1048576 (custom)
2019-10-02 00:33:30,837 [pool-719-thread-1] INFO  server.RaftServerConfigKeys (ConfUtils.java:logGet(43)) - raft.server.log.preallocated.size = 16384 (custom)
2019-10-02 00:33:30,837 [pool-719-thread-1] INFO  server.RaftServerConfigKeys (ConfUtils.java:logGet(43)) - raft.server.log.write.buffer.size = 33554432 (custom)
2019-10-02 00:33:30,837 [pool-719-thread-1] INFO  server.RaftServerConfigKeys (ConfUtils.java:logGet(43)) - raft.server.log.force.sync.num = 128 (default)
2019-10-02 00:33:30,837 [pool-719-thread-1] INFO  server.RaftServerConfigKeys (ConfUtils.java:logGet(43)) - raft.server.log.statemachine.data.sync = true (default)
2019-10-02 00:33:30,837 [pool-719-thread-1] INFO  server.RaftServerConfigKeys (ConfUtils.java:logGet(43)) - raft.server.log.statemachine.data.sync.timeout = 10s (default)
2019-10-02 00:33:30,837 [pool-719-thread-1] INFO  server.RaftServerConfigKeys (ConfUtils.java:logGet(43)) - raft.server.log.statemachine.data.sync.timeout.retry = -1 (default)
2019-10-02 00:33:30,837 [pool-719-thread-1] INFO  server.RaftServerConfigKeys (ConfUtils.java:logGet(43)) - raft.server.log.statemachine.data.caching.enabled = true (custom)
2019-10-02 00:33:30,838 [pool-719-thread-1] INFO  segmented.SegmentedRaftLogWorker (SegmentedRaftLogWorker.java:lambda$new$0(128)) - b49824c3-84dc-4655-ab2f-e554c4afe7ab@group-147ECC0257D7-SegmentedRaftLogWorker: flushIndex: setUnconditionally 0 -> -1
2019-10-02 00:33:30,838 [pool-719-thread-1] INFO  server.RaftServerConfigKeys (ConfUtils.java:logGet(43)) - raft.server.snapshot.auto.trigger.enabled = true (custom)
2019-10-02 00:33:30,838 [pool-719-thread-1] INFO  server.RaftServerConfigKeys (ConfUtils.java:logGet(43)) - raft.server.snapshot.auto.trigger.threshold = 10000 (custom)
2019-10-02 00:33:30,838 [pool-719-thread-1] INFO  server.RaftServerConfigKeys (ConfUtils.java:logGet(43)) - raft.server.snapshot.retention.file.num = 5 (custom)
2019-10-02 00:33:30,838 [pool-719-thread-1] INFO  server.RaftServerConfigKeys (ConfUtils.java:logGet(43)) - raft.server.retrycache.expirytime = 600000ms (custom)
2019-10-02 00:33:30,839 [pool-719-thread-1] INFO  impl.RaftServerImpl (RaftServerImpl.java:start(181)) - b49824c3-84dc-4655-ab2f-e554c4afe7ab@group-147ECC0257D7: start as a follower, conf=-1: [b49824c3-84dc-4655-ab2f-e554c4afe7ab:192.168.151.67:45672], old=null
2019-10-02 00:33:30,840 [pool-719-thread-1] INFO  impl.RaftServerImpl (RaftServerImpl.java:setRole(170)) - b49824c3-84dc-4655-ab2f-e554c4afe7ab@group-147ECC0257D7: changes role from      null to FOLLOWER at term 0 for startAsFollower
2019-10-02 00:33:30,840 [pool-719-thread-1] INFO  impl.RoleInfo (RoleInfo.java:updateAndGet(143)) - b49824c3-84dc-4655-ab2f-e554c4afe7ab: start FollowerState
2019-10-02 00:33:30,840 [pool-719-thread-1] INFO  util.JmxRegister (JmxRegister.java:tryRegister(44)) - Successfully registered JMX Bean with object name Ratis:service=RaftServer,group=group-147ECC0257D7,id=b49824c3-84dc-4655-ab2f-e554c4afe7ab
2019-10-02 00:33:30,843 [RatisPipelineUtilsThread] INFO  pipeline.PipelineStateManager (PipelineStateManager.java:addPipeline(56)) - Created pipeline Pipeline[ Id: 42d021c3-dbb8-4977-b011-147ecc0257d7, Nodes: b49824c3-84dc-4655-ab2f-e554c4afe7ab{ip: 192.168.151.67, host: pr-hdds-1984-s47sn-1814639636, networkLocation: /default-rack, certSerialId: null}, Type:RATIS, Factor:ONE, State:OPEN]
2019-10-02 00:33:30,849 [grpc-default-executor-4] INFO  impl.RaftServerProxy (RaftServerProxy.java:addNew(89)) - bde9f098-4939-4e8a-8a59-5f73d74d5e56: addNew group-160C4C33B8D3:[bde9f098-4939-4e8a-8a59-5f73d74d5e56:192.168.151.67:37903] returns group-160C4C33B8D3:java.util.concurrent.CompletableFuture@6c6e9ca1[Not completed]
2019-10-02 00:33:30,850 [pool-729-thread-1] INFO  impl.RaftServerImpl (RaftServerImpl.java:<init>(95)) - bde9f098-4939-4e8a-8a59-5f73d74d5e56: new RaftServerImpl for group-160C4C33B8D3:[bde9f098-4939-4e8a-8a59-5f73d74d5e56:192.168.151.67:37903] with ContainerStateMachine:uninitialized
2019-10-02 00:33:30,850 [pool-729-thread-1] INFO  server.RaftServerConfigKeys (ConfUtils.java:logGet(43)) - raft.server.rpc.timeout.min = 5s (custom)
2019-10-02 00:33:30,850 [pool-729-thread-1] INFO  server.RaftServerConfigKeys (ConfUtils.java:logGet(43)) - raft.server.rpc.timeout.max = 5200ms (custom)
2019-10-02 00:33:30,851 [pool-729-thread-1] INFO  server.RaftServerConfigKeys (ConfUtils.java:logGet(43)) - raft.server.rpcslowness.timeout = 120s (custom)
2019-10-02 00:33:30,851 [pool-729-thread-1] INFO  server.RaftServerConfigKeys (ConfUtils.java:logGet(43)) - raft.server.sleep.deviation.threshold = 300 (default)
2019-10-02 00:33:30,851 [pool-729-thread-1] INFO  server.RaftServerConfigKeys (ConfUtils.java:logGet(43)) - raft.server.log.appender.install.snapshot.enabled = false (custom)
2019-10-02 00:33:30,851 [pool-729-thread-1] INFO  impl.RaftServerImpl (ServerState.java:<init>(103)) - bde9f098-4939-4e8a-8a59-5f73d74d5e56@group-160C4C33B8D3: ConfigurationManager, init=-1: [bde9f098-4939-4e8a-8a59-5f73d74d5e56:192.168.151.67:37903], old=null, confs=<EMPTY_MAP>
2019-10-02 00:33:30,851 [pool-729-thread-1] INFO  server.RaftServerConfigKeys (ConfUtils.java:logGet(43)) - raft.server.storage.dir = [/workdir/hadoop-ozone/integration-test/target/test-dir/MiniOzoneClusterImpl-fc2f9b79-8358-4999-9ef3-38efab3cd552/datanode-5/data/ratis] (custom)
2019-10-02 00:33:30,852 [pool-729-thread-1] INFO  server.RaftServerConfigKeys (ConfUtils.java:logGet(43)) - raft.server.log.corruption.policy = EXCEPTION (default)
2019-10-02 00:33:30,852 [pool-729-thread-1] INFO  storage.RaftStorageDirectory (RaftStorageDirectory.java:analyzeStorage(246)) - The storage directory /workdir/hadoop-ozone/integration-test/target/test-dir/MiniOzoneClusterImpl-fc2f9b79-8358-4999-9ef3-38efab3cd552/datanode-5/data/ratis/b18e30a1-c8c7-48ef-98aa-160c4c33b8d3 does not exist. Creating ...
2019-10-02 00:33:30,865 [pool-729-thread-1] INFO  storage.RaftStorageDirectory (RaftStorageDirectory.java:tryLock(328)) - Lock on /workdir/hadoop-ozone/integration-test/target/test-dir/MiniOzoneClusterImpl-fc2f9b79-8358-4999-9ef3-38efab3cd552/datanode-5/data/ratis/b18e30a1-c8c7-48ef-98aa-160c4c33b8d3/in_use.lock acquired by nodename 22954@pr-hdds-1984-s47sn-1814639636
2019-10-02 00:33:30,878 [pool-729-thread-1] INFO  storage.RaftStorage (RaftStorage.java:format(84)) - Storage directory /workdir/hadoop-ozone/integration-test/target/test-dir/MiniOzoneClusterImpl-fc2f9b79-8358-4999-9ef3-38efab3cd552/datanode-5/data/ratis/b18e30a1-c8c7-48ef-98aa-160c4c33b8d3 has been successfully formatted.
2019-10-02 00:33:30,878 [pool-729-thread-1] INFO  ratis.ContainerStateMachine (ContainerStateMachine.java:loadSnapshot(230)) - group-160C4C33B8D3: The snapshot info is null. Setting the last applied indexto:(t:0, i:~)
2019-10-02 00:33:30,878 [pool-729-thread-1] INFO  server.RaftServerConfigKeys (ConfUtils.java:logGet(43)) - raft.server.notification.no-leader.timeout = 120s (custom)
2019-10-02 00:33:30,879 [pool-729-thread-1] INFO  server.RaftServerConfigKeys (ConfUtils.java:logGet(43)) - raft.server.log.use.memory = false (default)
2019-10-02 00:33:30,879 [pool-729-thread-1] INFO  server.RaftServerConfigKeys (ConfUtils.java:logGet(43)) - raft.server.log.purge.gap = 1000000 (custom)
2019-10-02 00:33:30,879 [pool-729-thread-1] INFO  server.RaftServerConfigKeys (ConfUtils.java:logGet(43)) - raft.server.log.appender.buffer.byte-limit = 33554432 (custom)
2019-10-02 00:33:30,879 [pool-729-thread-1] INFO  server.RaftServerConfigKeys (ConfUtils.java:logGet(43)) - raft.server.log.segment.size.max = 1048576 (custom)
2019-10-02 00:33:30,880 [pool-729-thread-1] INFO  server.RaftServerConfigKeys (ConfUtils.java:logGet(43)) - raft.server.log.segment.cache.num.max = 2 (custom)
2019-10-02 00:33:30,881 [pool-729-thread-1] INFO  segmented.SegmentedRaftLogWorker (SegmentedRaftLogWorker.java:<init>(173)) - new bde9f098-4939-4e8a-8a59-5f73d74d5e56@group-160C4C33B8D3-SegmentedRaftLogWorker for RaftStorage:Storage Directory /workdir/hadoop-ozone/integration-test/target/test-dir/MiniOzoneClusterImpl-fc2f9b79-8358-4999-9ef3-38efab3cd552/datanode-5/data/ratis/b18e30a1-c8c7-48ef-98aa-160c4c33b8d3
2019-10-02 00:33:30,881 [pool-729-thread-1] INFO  server.RaftServerConfigKeys (ConfUtils.java:logGet(43)) - raft.server.log.queue.byte-limit = 2147483647 (custom)
2019-10-02 00:33:30,881 [pool-729-thread-1] INFO  server.RaftServerConfigKeys (ConfUtils.java:logGet(43)) - raft.server.log.queue.element-limit = 1024 (custom)
2019-10-02 00:33:30,881 [pool-729-thread-1] INFO  server.RaftServerConfigKeys (ConfUtils.java:logGet(43)) - raft.server.log.segment.size.max = 1048576 (custom)
2019-10-02 00:33:30,881 [pool-729-thread-1] INFO  server.RaftServerConfigKeys (ConfUtils.java:logGet(43)) - raft.server.log.preallocated.size = 16384 (custom)
2019-10-02 00:33:30,881 [pool-729-thread-1] INFO  server.RaftServerConfigKeys (ConfUtils.java:logGet(43)) - raft.server.log.write.buffer.size = 33554432 (custom)
2019-10-02 00:33:30,881 [pool-729-thread-1] INFO  server.RaftServerConfigKeys (ConfUtils.java:logGet(43)) - raft.server.log.force.sync.num = 128 (default)
2019-10-02 00:33:30,881 [pool-729-thread-1] INFO  server.RaftServerConfigKeys (ConfUtils.java:logGet(43)) - raft.server.log.statemachine.data.sync = true (default)
2019-10-02 00:33:30,882 [pool-729-thread-1] INFO  server.RaftServerConfigKeys (ConfUtils.java:logGet(43)) - raft.server.log.statemachine.data.sync.timeout = 10s (default)
2019-10-02 00:33:30,882 [pool-729-thread-1] INFO  server.RaftServerConfigKeys (ConfUtils.java:logGet(43)) - raft.server.log.statemachine.data.sync.timeout.retry = -1 (default)
2019-10-02 00:33:30,882 [IPC Server handler 1 on 38200] INFO  net.NetworkTopology (NetworkTopologyImpl.java:add(111)) - Added a new node: /default-rack/f0106f71-445d-4a55-8ec3-61519ab99b40
2019-10-02 00:33:30,882 [IPC Server handler 1 on 38200] INFO  node.SCMNodeManager (SCMNodeManager.java:register(266)) - Registered Data node : f0106f71-445d-4a55-8ec3-61519ab99b40{ip: 192.168.151.67, host: pr-hdds-1984-s47sn-1814639636, networkLocation: /default-rack, certSerialId: null}
2019-10-02 00:33:30,882 [pool-729-thread-1] INFO  server.RaftServerConfigKeys (ConfUtils.java:logGet(43)) - raft.server.log.statemachine.data.caching.enabled = true (custom)
2019-10-02 00:33:30,882 [pool-729-thread-1] INFO  segmented.SegmentedRaftLogWorker (SegmentedRaftLogWorker.java:lambda$new$0(128)) - bde9f098-4939-4e8a-8a59-5f73d74d5e56@group-160C4C33B8D3-SegmentedRaftLogWorker: flushIndex: setUnconditionally 0 -> -1
2019-10-02 00:33:30,883 [main] INFO  ozone.MiniOzoneClusterImpl (MiniOzoneClusterImpl.java:lambda$waitForClusterToBeReady$0(147)) - Cluster is ready. Got 7 of 7 DN Heartbeats.
2019-10-02 00:33:30,883 [pool-729-thread-1] INFO  server.RaftServerConfigKeys (ConfUtils.java:logGet(43)) - raft.server.snapshot.auto.trigger.enabled = true (custom)
2019-10-02 00:33:30,883 [pool-729-thread-1] INFO  server.RaftServerConfigKeys (ConfUtils.java:logGet(43)) - raft.server.snapshot.auto.trigger.threshold = 10000 (custom)
2019-10-02 00:33:30,883 [pool-729-thread-1] INFO  server.RaftServerConfigKeys (ConfUtils.java:logGet(43)) - raft.server.snapshot.retention.file.num = 5 (custom)
2019-10-02 00:33:30,883 [pool-729-thread-1] INFO  server.RaftServerConfigKeys (ConfUtils.java:logGet(43)) - raft.server.retrycache.expirytime = 600000ms (custom)
2019-10-02 00:33:30,885 [pool-729-thread-1] INFO  impl.RaftServerImpl (RaftServerImpl.java:start(181)) - bde9f098-4939-4e8a-8a59-5f73d74d5e56@group-160C4C33B8D3: start as a follower, conf=-1: [bde9f098-4939-4e8a-8a59-5f73d74d5e56:192.168.151.67:37903], old=null
2019-10-02 00:33:30,885 [pool-729-thread-1] INFO  impl.RaftServerImpl (RaftServerImpl.java:setRole(170)) - bde9f098-4939-4e8a-8a59-5f73d74d5e56@group-160C4C33B8D3: changes role from      null to FOLLOWER at term 0 for startAsFollower
2019-10-02 00:33:30,886 [pool-729-thread-1] INFO  impl.RoleInfo (RoleInfo.java:updateAndGet(143)) - bde9f098-4939-4e8a-8a59-5f73d74d5e56: start FollowerState
2019-10-02 00:33:30,886 [pool-729-thread-1] INFO  util.JmxRegister (JmxRegister.java:tryRegister(44)) - Successfully registered JMX Bean with object name Ratis:service=RaftServer,group=group-160C4C33B8D3,id=bde9f098-4939-4e8a-8a59-5f73d74d5e56
2019-10-02 00:33:30,895 [RatisPipelineUtilsThread] INFO  pipeline.PipelineStateManager (PipelineStateManager.java:addPipeline(56)) - Created pipeline Pipeline[ Id: b18e30a1-c8c7-48ef-98aa-160c4c33b8d3, Nodes: bde9f098-4939-4e8a-8a59-5f73d74d5e56{ip: 192.168.151.67, host: pr-hdds-1984-s47sn-1814639636, networkLocation: /default-rack, certSerialId: null}, Type:RATIS, Factor:ONE, State:OPEN]
2019-10-02 00:33:30,926 [grpc-default-executor-4] INFO  impl.RaftServerProxy (RaftServerProxy.java:addNew(89)) - f0106f71-445d-4a55-8ec3-61519ab99b40: addNew group-4409579C01D7:[f0106f71-445d-4a55-8ec3-61519ab99b40:192.168.151.67:43261] returns group-4409579C01D7:java.util.concurrent.CompletableFuture@49ee11b[Not completed]
2019-10-02 00:33:30,933 [pool-739-thread-1] INFO  impl.RaftServerImpl (RaftServerImpl.java:<init>(95)) - f0106f71-445d-4a55-8ec3-61519ab99b40: new RaftServerImpl for group-4409579C01D7:[f0106f71-445d-4a55-8ec3-61519ab99b40:192.168.151.67:43261] with ContainerStateMachine:uninitialized
2019-10-02 00:33:30,933 [pool-739-thread-1] INFO  server.RaftServerConfigKeys (ConfUtils.java:logGet(43)) - raft.server.rpc.timeout.min = 5s (custom)
2019-10-02 00:33:30,933 [pool-739-thread-1] INFO  server.RaftServerConfigKeys (ConfUtils.java:logGet(43)) - raft.server.rpc.timeout.max = 5200ms (custom)
2019-10-02 00:33:30,933 [pool-739-thread-1] INFO  server.RaftServerConfigKeys (ConfUtils.java:logGet(43)) - raft.server.rpcslowness.timeout = 120s (custom)
2019-10-02 00:33:30,933 [pool-739-thread-1] INFO  server.RaftServerConfigKeys (ConfUtils.java:logGet(43)) - raft.server.sleep.deviation.threshold = 300 (default)
2019-10-02 00:33:30,933 [pool-739-thread-1] INFO  server.RaftServerConfigKeys (ConfUtils.java:logGet(43)) - raft.server.log.appender.install.snapshot.enabled = false (custom)
2019-10-02 00:33:30,933 [pool-739-thread-1] INFO  impl.RaftServerImpl (ServerState.java:<init>(103)) - f0106f71-445d-4a55-8ec3-61519ab99b40@group-4409579C01D7: ConfigurationManager, init=-1: [f0106f71-445d-4a55-8ec3-61519ab99b40:192.168.151.67:43261], old=null, confs=<EMPTY_MAP>
2019-10-02 00:33:30,933 [pool-739-thread-1] INFO  server.RaftServerConfigKeys (ConfUtils.java:logGet(43)) - raft.server.storage.dir = [/workdir/hadoop-ozone/integration-test/target/test-dir/MiniOzoneClusterImpl-fc2f9b79-8358-4999-9ef3-38efab3cd552/datanode-6/data/ratis] (custom)
2019-10-02 00:33:30,934 [pool-739-thread-1] INFO  server.RaftServerConfigKeys (ConfUtils.java:logGet(43)) - raft.server.log.corruption.policy = EXCEPTION (default)
2019-10-02 00:33:30,934 [pool-739-thread-1] INFO  storage.RaftStorageDirectory (RaftStorageDirectory.java:analyzeStorage(246)) - The storage directory /workdir/hadoop-ozone/integration-test/target/test-dir/MiniOzoneClusterImpl-fc2f9b79-8358-4999-9ef3-38efab3cd552/datanode-6/data/ratis/357cb659-e52b-4eab-a961-4409579c01d7 does not exist. Creating ...
2019-10-02 00:33:30,935 [main] INFO  rpc.RpcClient (RpcClient.java:createVolume(276)) - Creating Volume: testblockoutputstream, with jenkins1000 as owner.
2019-10-02 00:33:30,938 [IPC Server handler 1 on 40964] INFO  volume.OMVolumeCreateRequest (OMVolumeCreateRequest.java:validateAndUpdateCache(194)) - created volume:testblockoutputstream for user:jenkins1000
2019-10-02 00:33:30,961 [pool-739-thread-1] INFO  storage.RaftStorageDirectory (RaftStorageDirectory.java:tryLock(328)) - Lock on /workdir/hadoop-ozone/integration-test/target/test-dir/MiniOzoneClusterImpl-fc2f9b79-8358-4999-9ef3-38efab3cd552/datanode-6/data/ratis/357cb659-e52b-4eab-a961-4409579c01d7/in_use.lock acquired by nodename 22954@pr-hdds-1984-s47sn-1814639636
2019-10-02 00:33:30,961 [main] INFO  rpc.RpcClient (RpcClient.java:createBucket(415)) - Creating Bucket: testblockoutputstream/testblockoutputstream, with Versioning false and Storage Type set to DISK and Encryption set to false 
2019-10-02 00:33:30,975 [pool-739-thread-1] INFO  storage.RaftStorage (RaftStorage.java:format(84)) - Storage directory /workdir/hadoop-ozone/integration-test/target/test-dir/MiniOzoneClusterImpl-fc2f9b79-8358-4999-9ef3-38efab3cd552/datanode-6/data/ratis/357cb659-e52b-4eab-a961-4409579c01d7 has been successfully formatted.
2019-10-02 00:33:30,976 [pool-739-thread-1] INFO  ratis.ContainerStateMachine (ContainerStateMachine.java:loadSnapshot(230)) - group-4409579C01D7: The snapshot info is null. Setting the last applied indexto:(t:0, i:~)
2019-10-02 00:33:30,976 [pool-739-thread-1] INFO  server.RaftServerConfigKeys (ConfUtils.java:logGet(43)) - raft.server.notification.no-leader.timeout = 120s (custom)
2019-10-02 00:33:30,976 [pool-739-thread-1] INFO  server.RaftServerConfigKeys (ConfUtils.java:logGet(43)) - raft.server.log.use.memory = false (default)
2019-10-02 00:33:30,976 [pool-739-thread-1] INFO  server.RaftServerConfigKeys (ConfUtils.java:logGet(43)) - raft.server.log.purge.gap = 1000000 (custom)
2019-10-02 00:33:30,976 [pool-739-thread-1] INFO  server.RaftServerConfigKeys (ConfUtils.java:logGet(43)) - raft.server.log.appender.buffer.byte-limit = 33554432 (custom)
2019-10-02 00:33:30,976 [pool-739-thread-1] INFO  server.RaftServerConfigKeys (ConfUtils.java:logGet(43)) - raft.server.log.segment.size.max = 1048576 (custom)
2019-10-02 00:33:30,978 [pool-739-thread-1] INFO  server.RaftServerConfigKeys (ConfUtils.java:logGet(43)) - raft.server.log.segment.cache.num.max = 2 (custom)
2019-10-02 00:33:30,978 [pool-739-thread-1] INFO  segmented.SegmentedRaftLogWorker (SegmentedRaftLogWorker.java:<init>(173)) - new f0106f71-445d-4a55-8ec3-61519ab99b40@group-4409579C01D7-SegmentedRaftLogWorker for RaftStorage:Storage Directory /workdir/hadoop-ozone/integration-test/target/test-dir/MiniOzoneClusterImpl-fc2f9b79-8358-4999-9ef3-38efab3cd552/datanode-6/data/ratis/357cb659-e52b-4eab-a961-4409579c01d7
2019-10-02 00:33:30,978 [pool-739-thread-1] INFO  server.RaftServerConfigKeys (ConfUtils.java:logGet(43)) - raft.server.log.queue.byte-limit = 2147483647 (custom)
2019-10-02 00:33:30,978 [pool-739-thread-1] INFO  server.RaftServerConfigKeys (ConfUtils.java:logGet(43)) - raft.server.log.queue.element-limit = 1024 (custom)
2019-10-02 00:33:30,978 [pool-739-thread-1] INFO  server.RaftServerConfigKeys (ConfUtils.java:logGet(43)) - raft.server.log.segment.size.max = 1048576 (custom)
2019-10-02 00:33:30,978 [pool-739-thread-1] INFO  server.RaftServerConfigKeys (ConfUtils.java:logGet(43)) - raft.server.log.preallocated.size = 16384 (custom)
2019-10-02 00:33:30,978 [pool-739-thread-1] INFO  server.RaftServerConfigKeys (ConfUtils.java:logGet(43)) - raft.server.log.write.buffer.size = 33554432 (custom)
2019-10-02 00:33:30,978 [pool-739-thread-1] INFO  server.RaftServerConfigKeys (ConfUtils.java:logGet(43)) - raft.server.log.force.sync.num = 128 (default)
2019-10-02 00:33:30,978 [pool-739-thread-1] INFO  server.RaftServerConfigKeys (ConfUtils.java:logGet(43)) - raft.server.log.statemachine.data.sync = true (default)
2019-10-02 00:33:30,978 [pool-739-thread-1] INFO  server.RaftServerConfigKeys (ConfUtils.java:logGet(43)) - raft.server.log.statemachine.data.sync.timeout = 10s (default)
2019-10-02 00:33:30,978 [pool-739-thread-1] INFO  server.RaftServerConfigKeys (ConfUtils.java:logGet(43)) - raft.server.log.statemachine.data.sync.timeout.retry = -1 (default)
2019-10-02 00:33:30,979 [pool-739-thread-1] INFO  server.RaftServerConfigKeys (ConfUtils.java:logGet(43)) - raft.server.log.statemachine.data.caching.enabled = true (custom)
2019-10-02 00:33:30,979 [pool-739-thread-1] INFO  segmented.SegmentedRaftLogWorker (SegmentedRaftLogWorker.java:lambda$new$0(128)) - f0106f71-445d-4a55-8ec3-61519ab99b40@group-4409579C01D7-SegmentedRaftLogWorker: flushIndex: setUnconditionally 0 -> -1
2019-10-02 00:33:30,979 [pool-739-thread-1] INFO  server.RaftServerConfigKeys (ConfUtils.java:logGet(43)) - raft.server.snapshot.auto.trigger.enabled = true (custom)
2019-10-02 00:33:30,979 [pool-739-thread-1] INFO  server.RaftServerConfigKeys (ConfUtils.java:logGet(43)) - raft.server.snapshot.auto.trigger.threshold = 10000 (custom)
2019-10-02 00:33:30,979 [pool-739-thread-1] INFO  server.RaftServerConfigKeys (ConfUtils.java:logGet(43)) - raft.server.snapshot.retention.file.num = 5 (custom)
2019-10-02 00:33:30,980 [pool-739-thread-1] INFO  server.RaftServerConfigKeys (ConfUtils.java:logGet(43)) - raft.server.retrycache.expirytime = 600000ms (custom)
2019-10-02 00:33:30,981 [pool-739-thread-1] INFO  impl.RaftServerImpl (RaftServerImpl.java:start(181)) - f0106f71-445d-4a55-8ec3-61519ab99b40@group-4409579C01D7: start as a follower, conf=-1: [f0106f71-445d-4a55-8ec3-61519ab99b40:192.168.151.67:43261], old=null
2019-10-02 00:33:30,981 [pool-739-thread-1] INFO  impl.RaftServerImpl (RaftServerImpl.java:setRole(170)) - f0106f71-445d-4a55-8ec3-61519ab99b40@group-4409579C01D7: changes role from      null to FOLLOWER at term 0 for startAsFollower
2019-10-02 00:33:30,981 [pool-739-thread-1] INFO  impl.RoleInfo (RoleInfo.java:updateAndGet(143)) - f0106f71-445d-4a55-8ec3-61519ab99b40: start FollowerState
2019-10-02 00:33:30,981 [pool-739-thread-1] INFO  util.JmxRegister (JmxRegister.java:tryRegister(44)) - Successfully registered JMX Bean with object name Ratis:service=RaftServer,group=group-4409579C01D7,id=f0106f71-445d-4a55-8ec3-61519ab99b40
2019-10-02 00:33:30,984 [RatisPipelineUtilsThread] INFO  pipeline.PipelineStateManager (PipelineStateManager.java:addPipeline(56)) - Created pipeline Pipeline[ Id: 357cb659-e52b-4eab-a961-4409579c01d7, Nodes: f0106f71-445d-4a55-8ec3-61519ab99b40{ip: 192.168.151.67, host: pr-hdds-1984-s47sn-1814639636, networkLocation: /default-rack, certSerialId: null}, Type:RATIS, Factor:ONE, State:OPEN]
2019-10-02 00:33:30,996 [grpc-default-executor-4] INFO  impl.RaftServerProxy (RaftServerProxy.java:addNew(89)) - bde9f098-4939-4e8a-8a59-5f73d74d5e56: addNew group-A760887A3757:[5d64d55d-1a89-4955-9a32-8fdd897ba959:192.168.151.67:45178, bde9f098-4939-4e8a-8a59-5f73d74d5e56:192.168.151.67:37903, f0106f71-445d-4a55-8ec3-61519ab99b40:192.168.151.67:43261] returns group-A760887A3757:java.util.concurrent.CompletableFuture@55be5175[Not completed]
2019-10-02 00:33:30,996 [grpc-default-executor-4] INFO  impl.RaftServerProxy (RaftServerProxy.java:addNew(89)) - 5d64d55d-1a89-4955-9a32-8fdd897ba959: addNew group-A760887A3757:[5d64d55d-1a89-4955-9a32-8fdd897ba959:192.168.151.67:45178, bde9f098-4939-4e8a-8a59-5f73d74d5e56:192.168.151.67:37903, f0106f71-445d-4a55-8ec3-61519ab99b40:192.168.151.67:43261] returns group-A760887A3757:java.util.concurrent.CompletableFuture@26dbe4e0[Not completed]
2019-10-02 00:33:30,997 [grpc-default-executor-7] INFO  impl.RaftServerProxy (RaftServerProxy.java:addNew(89)) - f0106f71-445d-4a55-8ec3-61519ab99b40: addNew group-A760887A3757:[5d64d55d-1a89-4955-9a32-8fdd897ba959:192.168.151.67:45178, bde9f098-4939-4e8a-8a59-5f73d74d5e56:192.168.151.67:37903, f0106f71-445d-4a55-8ec3-61519ab99b40:192.168.151.67:43261] returns group-A760887A3757:java.util.concurrent.CompletableFuture@3852109f[Not completed]
2019-10-02 00:33:30,997 [pool-729-thread-1] INFO  impl.RaftServerImpl (RaftServerImpl.java:<init>(95)) - bde9f098-4939-4e8a-8a59-5f73d74d5e56: new RaftServerImpl for group-A760887A3757:[5d64d55d-1a89-4955-9a32-8fdd897ba959:192.168.151.67:45178, bde9f098-4939-4e8a-8a59-5f73d74d5e56:192.168.151.67:37903, f0106f71-445d-4a55-8ec3-61519ab99b40:192.168.151.67:43261] with ContainerStateMachine:uninitialized
2019-10-02 00:33:30,997 [pool-729-thread-1] INFO  server.RaftServerConfigKeys (ConfUtils.java:logGet(43)) - raft.server.rpc.timeout.min = 5s (custom)
2019-10-02 00:33:30,998 [pool-729-thread-1] INFO  server.RaftServerConfigKeys (ConfUtils.java:logGet(43)) - raft.server.rpc.timeout.max = 5200ms (custom)
2019-10-02 00:33:30,998 [pool-739-thread-1] INFO  impl.RaftServerImpl (RaftServerImpl.java:<init>(95)) - f0106f71-445d-4a55-8ec3-61519ab99b40: new RaftServerImpl for group-A760887A3757:[5d64d55d-1a89-4955-9a32-8fdd897ba959:192.168.151.67:45178, bde9f098-4939-4e8a-8a59-5f73d74d5e56:192.168.151.67:37903, f0106f71-445d-4a55-8ec3-61519ab99b40:192.168.151.67:43261] with ContainerStateMachine:uninitialized
2019-10-02 00:33:30,998 [pool-729-thread-1] INFO  server.RaftServerConfigKeys (ConfUtils.java:logGet(43)) - raft.server.rpcslowness.timeout = 120s (custom)
2019-10-02 00:33:30,998 [pool-739-thread-1] INFO  server.RaftServerConfigKeys (ConfUtils.java:logGet(43)) - raft.server.rpc.timeout.min = 5s (custom)
2019-10-02 00:33:30,998 [pool-709-thread-1] INFO  impl.RaftServerImpl (RaftServerImpl.java:<init>(95)) - 5d64d55d-1a89-4955-9a32-8fdd897ba959: new RaftServerImpl for group-A760887A3757:[5d64d55d-1a89-4955-9a32-8fdd897ba959:192.168.151.67:45178, bde9f098-4939-4e8a-8a59-5f73d74d5e56:192.168.151.67:37903, f0106f71-445d-4a55-8ec3-61519ab99b40:192.168.151.67:43261] with ContainerStateMachine:uninitialized
2019-10-02 00:33:30,998 [pool-729-thread-1] INFO  server.RaftServerConfigKeys (ConfUtils.java:logGet(43)) - raft.server.sleep.deviation.threshold = 300 (default)
2019-10-02 00:33:30,998 [pool-709-thread-1] INFO  server.RaftServerConfigKeys (ConfUtils.java:logGet(43)) - raft.server.rpc.timeout.min = 5s (custom)
2019-10-02 00:33:30,998 [pool-739-thread-1] INFO  server.RaftServerConfigKeys (ConfUtils.java:logGet(43)) - raft.server.rpc.timeout.max = 5200ms (custom)
2019-10-02 00:33:30,998 [pool-709-thread-1] INFO  server.RaftServerConfigKeys (ConfUtils.java:logGet(43)) - raft.server.rpc.timeout.max = 5200ms (custom)
2019-10-02 00:33:30,998 [pool-729-thread-1] INFO  server.RaftServerConfigKeys (ConfUtils.java:logGet(43)) - raft.server.log.appender.install.snapshot.enabled = false (custom)
2019-10-02 00:33:30,999 [pool-709-thread-1] INFO  server.RaftServerConfigKeys (ConfUtils.java:logGet(43)) - raft.server.rpcslowness.timeout = 120s (custom)
2019-10-02 00:33:30,998 [pool-739-thread-1] INFO  server.RaftServerConfigKeys (ConfUtils.java:logGet(43)) - raft.server.rpcslowness.timeout = 120s (custom)
2019-10-02 00:33:30,999 [pool-709-thread-1] INFO  server.RaftServerConfigKeys (ConfUtils.java:logGet(43)) - raft.server.sleep.deviation.threshold = 300 (default)
2019-10-02 00:33:30,999 [pool-729-thread-1] INFO  impl.RaftServerImpl (ServerState.java:<init>(103)) - bde9f098-4939-4e8a-8a59-5f73d74d5e56@group-A760887A3757: ConfigurationManager, init=-1: [5d64d55d-1a89-4955-9a32-8fdd897ba959:192.168.151.67:45178, bde9f098-4939-4e8a-8a59-5f73d74d5e56:192.168.151.67:37903, f0106f71-445d-4a55-8ec3-61519ab99b40:192.168.151.67:43261], old=null, confs=<EMPTY_MAP>
2019-10-02 00:33:30,999 [pool-709-thread-1] INFO  server.RaftServerConfigKeys (ConfUtils.java:logGet(43)) - raft.server.log.appender.install.snapshot.enabled = false (custom)
2019-10-02 00:33:30,999 [pool-739-thread-1] INFO  server.RaftServerConfigKeys (ConfUtils.java:logGet(43)) - raft.server.sleep.deviation.threshold = 300 (default)
2019-10-02 00:33:30,999 [pool-709-thread-1] INFO  impl.RaftServerImpl (ServerState.java:<init>(103)) - 5d64d55d-1a89-4955-9a32-8fdd897ba959@group-A760887A3757: ConfigurationManager, init=-1: [5d64d55d-1a89-4955-9a32-8fdd897ba959:192.168.151.67:45178, bde9f098-4939-4e8a-8a59-5f73d74d5e56:192.168.151.67:37903, f0106f71-445d-4a55-8ec3-61519ab99b40:192.168.151.67:43261], old=null, confs=<EMPTY_MAP>
2019-10-02 00:33:30,999 [pool-729-thread-1] INFO  server.RaftServerConfigKeys (ConfUtils.java:logGet(43)) - raft.server.storage.dir = [/workdir/hadoop-ozone/integration-test/target/test-dir/MiniOzoneClusterImpl-fc2f9b79-8358-4999-9ef3-38efab3cd552/datanode-5/data/ratis] (custom)
2019-10-02 00:33:30,999 [pool-709-thread-1] INFO  server.RaftServerConfigKeys (ConfUtils.java:logGet(43)) - raft.server.storage.dir = [/workdir/hadoop-ozone/integration-test/target/test-dir/MiniOzoneClusterImpl-fc2f9b79-8358-4999-9ef3-38efab3cd552/datanode-3/data/ratis] (custom)
2019-10-02 00:33:30,999 [pool-739-thread-1] INFO  server.RaftServerConfigKeys (ConfUtils.java:logGet(43)) - raft.server.log.appender.install.snapshot.enabled = false (custom)
2019-10-02 00:33:31,000 [pool-729-thread-1] INFO  server.RaftServerConfigKeys (ConfUtils.java:logGet(43)) - raft.server.log.corruption.policy = EXCEPTION (default)
2019-10-02 00:33:31,000 [pool-709-thread-1] INFO  server.RaftServerConfigKeys (ConfUtils.java:logGet(43)) - raft.server.log.corruption.policy = EXCEPTION (default)
2019-10-02 00:33:31,000 [pool-739-thread-1] INFO  impl.RaftServerImpl (ServerState.java:<init>(103)) - f0106f71-445d-4a55-8ec3-61519ab99b40@group-A760887A3757: ConfigurationManager, init=-1: [5d64d55d-1a89-4955-9a32-8fdd897ba959:192.168.151.67:45178, bde9f098-4939-4e8a-8a59-5f73d74d5e56:192.168.151.67:37903, f0106f71-445d-4a55-8ec3-61519ab99b40:192.168.151.67:43261], old=null, confs=<EMPTY_MAP>
2019-10-02 00:33:31,000 [pool-729-thread-1] INFO  storage.RaftStorageDirectory (RaftStorageDirectory.java:analyzeStorage(246)) - The storage directory /workdir/hadoop-ozone/integration-test/target/test-dir/MiniOzoneClusterImpl-fc2f9b79-8358-4999-9ef3-38efab3cd552/datanode-5/data/ratis/09cf32c0-5d63-4d7a-9c4c-a760887a3757 does not exist. Creating ...
2019-10-02 00:33:31,000 [pool-739-thread-1] INFO  server.RaftServerConfigKeys (ConfUtils.java:logGet(43)) - raft.server.storage.dir = [/workdir/hadoop-ozone/integration-test/target/test-dir/MiniOzoneClusterImpl-fc2f9b79-8358-4999-9ef3-38efab3cd552/datanode-6/data/ratis] (custom)
2019-10-02 00:33:31,000 [pool-709-thread-1] INFO  storage.RaftStorageDirectory (RaftStorageDirectory.java:analyzeStorage(246)) - The storage directory /workdir/hadoop-ozone/integration-test/target/test-dir/MiniOzoneClusterImpl-fc2f9b79-8358-4999-9ef3-38efab3cd552/datanode-3/data/ratis/09cf32c0-5d63-4d7a-9c4c-a760887a3757 does not exist. Creating ...
2019-10-02 00:33:31,000 [pool-739-thread-1] INFO  server.RaftServerConfigKeys (ConfUtils.java:logGet(43)) - raft.server.log.corruption.policy = EXCEPTION (default)
2019-10-02 00:33:31,001 [pool-739-thread-1] INFO  storage.RaftStorageDirectory (RaftStorageDirectory.java:analyzeStorage(246)) - The storage directory /workdir/hadoop-ozone/integration-test/target/test-dir/MiniOzoneClusterImpl-fc2f9b79-8358-4999-9ef3-38efab3cd552/datanode-6/data/ratis/09cf32c0-5d63-4d7a-9c4c-a760887a3757 does not exist. Creating ...
2019-10-02 00:33:31,014 [pool-739-thread-1] INFO  storage.RaftStorageDirectory (RaftStorageDirectory.java:tryLock(328)) - Lock on /workdir/hadoop-ozone/integration-test/target/test-dir/MiniOzoneClusterImpl-fc2f9b79-8358-4999-9ef3-38efab3cd552/datanode-6/data/ratis/09cf32c0-5d63-4d7a-9c4c-a760887a3757/in_use.lock acquired by nodename 22954@pr-hdds-1984-s47sn-1814639636
2019-10-02 00:33:31,014 [pool-729-thread-1] INFO  storage.RaftStorageDirectory (RaftStorageDirectory.java:tryLock(328)) - Lock on /workdir/hadoop-ozone/integration-test/target/test-dir/MiniOzoneClusterImpl-fc2f9b79-8358-4999-9ef3-38efab3cd552/datanode-5/data/ratis/09cf32c0-5d63-4d7a-9c4c-a760887a3757/in_use.lock acquired by nodename 22954@pr-hdds-1984-s47sn-1814639636
2019-10-02 00:33:31,014 [pool-709-thread-1] INFO  storage.RaftStorageDirectory (RaftStorageDirectory.java:tryLock(328)) - Lock on /workdir/hadoop-ozone/integration-test/target/test-dir/MiniOzoneClusterImpl-fc2f9b79-8358-4999-9ef3-38efab3cd552/datanode-3/data/ratis/09cf32c0-5d63-4d7a-9c4c-a760887a3757/in_use.lock acquired by nodename 22954@pr-hdds-1984-s47sn-1814639636
2019-10-02 00:33:31,028 [pool-739-thread-1] INFO  storage.RaftStorage (RaftStorage.java:format(84)) - Storage directory /workdir/hadoop-ozone/integration-test/target/test-dir/MiniOzoneClusterImpl-fc2f9b79-8358-4999-9ef3-38efab3cd552/datanode-6/data/ratis/09cf32c0-5d63-4d7a-9c4c-a760887a3757 has been successfully formatted.
2019-10-02 00:33:31,028 [pool-729-thread-1] INFO  storage.RaftStorage (RaftStorage.java:format(84)) - Storage directory /workdir/hadoop-ozone/integration-test/target/test-dir/MiniOzoneClusterImpl-fc2f9b79-8358-4999-9ef3-38efab3cd552/datanode-5/data/ratis/09cf32c0-5d63-4d7a-9c4c-a760887a3757 has been successfully formatted.
2019-10-02 00:33:31,028 [pool-709-thread-1] INFO  storage.RaftStorage (RaftStorage.java:format(84)) - Storage directory /workdir/hadoop-ozone/integration-test/target/test-dir/MiniOzoneClusterImpl-fc2f9b79-8358-4999-9ef3-38efab3cd552/datanode-3/data/ratis/09cf32c0-5d63-4d7a-9c4c-a760887a3757 has been successfully formatted.
2019-10-02 00:33:31,028 [pool-729-thread-1] INFO  ratis.ContainerStateMachine (ContainerStateMachine.java:loadSnapshot(230)) - group-A760887A3757: The snapshot info is null. Setting the last applied indexto:(t:0, i:~)
2019-10-02 00:33:31,028 [pool-739-thread-1] INFO  ratis.ContainerStateMachine (ContainerStateMachine.java:loadSnapshot(230)) - group-A760887A3757: The snapshot info is null. Setting the last applied indexto:(t:0, i:~)
2019-10-02 00:33:31,028 [pool-729-thread-1] INFO  server.RaftServerConfigKeys (ConfUtils.java:logGet(43)) - raft.server.notification.no-leader.timeout = 120s (custom)
2019-10-02 00:33:31,028 [pool-709-thread-1] INFO  ratis.ContainerStateMachine (ContainerStateMachine.java:loadSnapshot(230)) - group-A760887A3757: The snapshot info is null. Setting the last applied indexto:(t:0, i:~)
2019-10-02 00:33:31,028 [pool-729-thread-1] INFO  server.RaftServerConfigKeys (ConfUtils.java:logGet(43)) - raft.server.log.use.memory = false (default)
2019-10-02 00:33:31,028 [pool-739-thread-1] INFO  server.RaftServerConfigKeys (ConfUtils.java:logGet(43)) - raft.server.notification.no-leader.timeout = 120s (custom)
2019-10-02 00:33:31,028 [pool-729-thread-1] INFO  server.RaftServerConfigKeys (ConfUtils.java:logGet(43)) - raft.server.log.purge.gap = 1000000 (custom)
2019-10-02 00:33:31,028 [pool-709-thread-1] INFO  server.RaftServerConfigKeys (ConfUtils.java:logGet(43)) - raft.server.notification.no-leader.timeout = 120s (custom)
2019-10-02 00:33:31,029 [pool-729-thread-1] INFO  server.RaftServerConfigKeys (ConfUtils.java:logGet(43)) - raft.server.log.appender.buffer.byte-limit = 33554432 (custom)
2019-10-02 00:33:31,029 [pool-739-thread-1] INFO  server.RaftServerConfigKeys (ConfUtils.java:logGet(43)) - raft.server.log.use.memory = false (default)
2019-10-02 00:33:31,029 [pool-729-thread-1] INFO  server.RaftServerConfigKeys (ConfUtils.java:logGet(43)) - raft.server.log.segment.size.max = 1048576 (custom)
2019-10-02 00:33:31,029 [pool-709-thread-1] INFO  server.RaftServerConfigKeys (ConfUtils.java:logGet(43)) - raft.server.log.use.memory = false (default)
2019-10-02 00:33:31,029 [pool-729-thread-1] INFO  server.RaftServerConfigKeys (ConfUtils.java:logGet(43)) - raft.server.log.segment.cache.num.max = 2 (custom)
2019-10-02 00:33:31,029 [pool-739-thread-1] INFO  server.RaftServerConfigKeys (ConfUtils.java:logGet(43)) - raft.server.log.purge.gap = 1000000 (custom)
2019-10-02 00:33:31,029 [pool-729-thread-1] INFO  segmented.SegmentedRaftLogWorker (SegmentedRaftLogWorker.java:<init>(173)) - new bde9f098-4939-4e8a-8a59-5f73d74d5e56@group-A760887A3757-SegmentedRaftLogWorker for RaftStorage:Storage Directory /workdir/hadoop-ozone/integration-test/target/test-dir/MiniOzoneClusterImpl-fc2f9b79-8358-4999-9ef3-38efab3cd552/datanode-5/data/ratis/09cf32c0-5d63-4d7a-9c4c-a760887a3757
2019-10-02 00:33:31,029 [pool-729-thread-1] INFO  server.RaftServerConfigKeys (ConfUtils.java:logGet(43)) - raft.server.log.queue.byte-limit = 2147483647 (custom)
2019-10-02 00:33:31,029 [pool-709-thread-1] INFO  server.RaftServerConfigKeys (ConfUtils.java:logGet(43)) - raft.server.log.purge.gap = 1000000 (custom)
2019-10-02 00:33:31,029 [pool-729-thread-1] INFO  server.RaftServerConfigKeys (ConfUtils.java:logGet(43)) - raft.server.log.queue.element-limit = 1024 (custom)
2019-10-02 00:33:31,029 [pool-739-thread-1] INFO  server.RaftServerConfigKeys (ConfUtils.java:logGet(43)) - raft.server.log.appender.buffer.byte-limit = 33554432 (custom)
2019-10-02 00:33:31,030 [pool-729-thread-1] INFO  server.RaftServerConfigKeys (ConfUtils.java:logGet(43)) - raft.server.log.segment.size.max = 1048576 (custom)
2019-10-02 00:33:31,030 [pool-709-thread-1] INFO  server.RaftServerConfigKeys (ConfUtils.java:logGet(43)) - raft.server.log.appender.buffer.byte-limit = 33554432 (custom)
2019-10-02 00:33:31,030 [pool-729-thread-1] INFO  server.RaftServerConfigKeys (ConfUtils.java:logGet(43)) - raft.server.log.preallocated.size = 16384 (custom)
2019-10-02 00:33:31,030 [pool-739-thread-1] INFO  server.RaftServerConfigKeys (ConfUtils.java:logGet(43)) - raft.server.log.segment.size.max = 1048576 (custom)
2019-10-02 00:33:31,030 [pool-729-thread-1] INFO  server.RaftServerConfigKeys (ConfUtils.java:logGet(43)) - raft.server.log.write.buffer.size = 33554432 (custom)
2019-10-02 00:33:31,030 [pool-709-thread-1] INFO  server.RaftServerConfigKeys (ConfUtils.java:logGet(43)) - raft.server.log.segment.size.max = 1048576 (custom)
2019-10-02 00:33:31,030 [pool-729-thread-1] INFO  server.RaftServerConfigKeys (ConfUtils.java:logGet(43)) - raft.server.log.force.sync.num = 128 (default)
2019-10-02 00:33:31,030 [pool-739-thread-1] INFO  server.RaftServerConfigKeys (ConfUtils.java:logGet(43)) - raft.server.log.segment.cache.num.max = 2 (custom)
2019-10-02 00:33:31,030 [pool-729-thread-1] INFO  server.RaftServerConfigKeys (ConfUtils.java:logGet(43)) - raft.server.log.statemachine.data.sync = true (default)
2019-10-02 00:33:31,030 [pool-709-thread-1] INFO  server.RaftServerConfigKeys (ConfUtils.java:logGet(43)) - raft.server.log.segment.cache.num.max = 2 (custom)
2019-10-02 00:33:31,031 [pool-729-thread-1] INFO  server.RaftServerConfigKeys (ConfUtils.java:logGet(43)) - raft.server.log.statemachine.data.sync.timeout = 10s (default)
2019-10-02 00:33:31,031 [pool-739-thread-1] INFO  segmented.SegmentedRaftLogWorker (SegmentedRaftLogWorker.java:<init>(173)) - new f0106f71-445d-4a55-8ec3-61519ab99b40@group-A760887A3757-SegmentedRaftLogWorker for RaftStorage:Storage Directory /workdir/hadoop-ozone/integration-test/target/test-dir/MiniOzoneClusterImpl-fc2f9b79-8358-4999-9ef3-38efab3cd552/datanode-6/data/ratis/09cf32c0-5d63-4d7a-9c4c-a760887a3757
2019-10-02 00:33:31,031 [pool-729-thread-1] INFO  server.RaftServerConfigKeys (ConfUtils.java:logGet(43)) - raft.server.log.statemachine.data.sync.timeout.retry = -1 (default)
2019-10-02 00:33:31,031 [pool-709-thread-1] INFO  segmented.SegmentedRaftLogWorker (SegmentedRaftLogWorker.java:<init>(173)) - new 5d64d55d-1a89-4955-9a32-8fdd897ba959@group-A760887A3757-SegmentedRaftLogWorker for RaftStorage:Storage Directory /workdir/hadoop-ozone/integration-test/target/test-dir/MiniOzoneClusterImpl-fc2f9b79-8358-4999-9ef3-38efab3cd552/datanode-3/data/ratis/09cf32c0-5d63-4d7a-9c4c-a760887a3757
2019-10-02 00:33:31,031 [pool-729-thread-1] INFO  server.RaftServerConfigKeys (ConfUtils.java:logGet(43)) - raft.server.log.statemachine.data.caching.enabled = true (custom)
2019-10-02 00:33:31,031 [pool-739-thread-1] INFO  server.RaftServerConfigKeys (ConfUtils.java:logGet(43)) - raft.server.log.queue.byte-limit = 2147483647 (custom)
2019-10-02 00:33:31,031 [pool-709-thread-1] INFO  server.RaftServerConfigKeys (ConfUtils.java:logGet(43)) - raft.server.log.queue.byte-limit = 2147483647 (custom)
2019-10-02 00:33:31,031 [pool-729-thread-1] INFO  segmented.SegmentedRaftLogWorker (SegmentedRaftLogWorker.java:lambda$new$0(128)) - bde9f098-4939-4e8a-8a59-5f73d74d5e56@group-A760887A3757-SegmentedRaftLogWorker: flushIndex: setUnconditionally 0 -> -1
2019-10-02 00:33:31,031 [pool-739-thread-1] INFO  server.RaftServerConfigKeys (ConfUtils.java:logGet(43)) - raft.server.log.queue.element-limit = 1024 (custom)
2019-10-02 00:33:31,031 [pool-709-thread-1] INFO  server.RaftServerConfigKeys (ConfUtils.java:logGet(43)) - raft.server.log.queue.element-limit = 1024 (custom)
2019-10-02 00:33:31,032 [pool-729-thread-1] INFO  server.RaftServerConfigKeys (ConfUtils.java:logGet(43)) - raft.server.snapshot.auto.trigger.enabled = true (custom)
2019-10-02 00:33:31,032 [pool-739-thread-1] INFO  server.RaftServerConfigKeys (ConfUtils.java:logGet(43)) - raft.server.log.segment.size.max = 1048576 (custom)
2019-10-02 00:33:31,032 [pool-729-thread-1] INFO  server.RaftServerConfigKeys (ConfUtils.java:logGet(43)) - raft.server.snapshot.auto.trigger.threshold = 10000 (custom)
2019-10-02 00:33:31,032 [pool-709-thread-1] INFO  server.RaftServerConfigKeys (ConfUtils.java:logGet(43)) - raft.server.log.segment.size.max = 1048576 (custom)
2019-10-02 00:33:31,032 [pool-729-thread-1] INFO  server.RaftServerConfigKeys (ConfUtils.java:logGet(43)) - raft.server.snapshot.retention.file.num = 5 (custom)
2019-10-02 00:33:31,032 [pool-739-thread-1] INFO  server.RaftServerConfigKeys (ConfUtils.java:logGet(43)) - raft.server.log.preallocated.size = 16384 (custom)
2019-10-02 00:33:31,032 [pool-729-thread-1] INFO  server.RaftServerConfigKeys (ConfUtils.java:logGet(43)) - raft.server.retrycache.expirytime = 600000ms (custom)
2019-10-02 00:33:31,032 [pool-709-thread-1] INFO  server.RaftServerConfigKeys (ConfUtils.java:logGet(43)) - raft.server.log.preallocated.size = 16384 (custom)
2019-10-02 00:33:31,032 [pool-739-thread-1] INFO  server.RaftServerConfigKeys (ConfUtils.java:logGet(43)) - raft.server.log.write.buffer.size = 33554432 (custom)
2019-10-02 00:33:31,032 [pool-709-thread-1] INFO  server.RaftServerConfigKeys (ConfUtils.java:logGet(43)) - raft.server.log.write.buffer.size = 33554432 (custom)
2019-10-02 00:33:31,032 [pool-739-thread-1] INFO  server.RaftServerConfigKeys (ConfUtils.java:logGet(43)) - raft.server.log.force.sync.num = 128 (default)
2019-10-02 00:33:31,033 [pool-709-thread-1] INFO  server.RaftServerConfigKeys (ConfUtils.java:logGet(43)) - raft.server.log.force.sync.num = 128 (default)
2019-10-02 00:33:31,033 [pool-739-thread-1] INFO  server.RaftServerConfigKeys (ConfUtils.java:logGet(43)) - raft.server.log.statemachine.data.sync = true (default)
2019-10-02 00:33:31,033 [pool-709-thread-1] INFO  server.RaftServerConfigKeys (ConfUtils.java:logGet(43)) - raft.server.log.statemachine.data.sync = true (default)
2019-10-02 00:33:31,033 [pool-739-thread-1] INFO  server.RaftServerConfigKeys (ConfUtils.java:logGet(43)) - raft.server.log.statemachine.data.sync.timeout = 10s (default)
2019-10-02 00:33:31,033 [pool-709-thread-1] INFO  server.RaftServerConfigKeys (ConfUtils.java:logGet(43)) - raft.server.log.statemachine.data.sync.timeout = 10s (default)
2019-10-02 00:33:31,033 [pool-739-thread-1] INFO  server.RaftServerConfigKeys (ConfUtils.java:logGet(43)) - raft.server.log.statemachine.data.sync.timeout.retry = -1 (default)
2019-10-02 00:33:31,033 [pool-709-thread-1] INFO  server.RaftServerConfigKeys (ConfUtils.java:logGet(43)) - raft.server.log.statemachine.data.sync.timeout.retry = -1 (default)
2019-10-02 00:33:31,033 [pool-739-thread-1] INFO  server.RaftServerConfigKeys (ConfUtils.java:logGet(43)) - raft.server.log.statemachine.data.caching.enabled = true (custom)
2019-10-02 00:33:31,033 [pool-709-thread-1] INFO  server.RaftServerConfigKeys (ConfUtils.java:logGet(43)) - raft.server.log.statemachine.data.caching.enabled = true (custom)
2019-10-02 00:33:31,034 [pool-729-thread-1] INFO  impl.RaftServerImpl (RaftServerImpl.java:start(181)) - bde9f098-4939-4e8a-8a59-5f73d74d5e56@group-A760887A3757: start as a follower, conf=-1: [5d64d55d-1a89-4955-9a32-8fdd897ba959:192.168.151.67:45178, bde9f098-4939-4e8a-8a59-5f73d74d5e56:192.168.151.67:37903, f0106f71-445d-4a55-8ec3-61519ab99b40:192.168.151.67:43261], old=null
2019-10-02 00:33:31,034 [pool-709-thread-1] INFO  segmented.SegmentedRaftLogWorker (SegmentedRaftLogWorker.java:lambda$new$0(128)) - 5d64d55d-1a89-4955-9a32-8fdd897ba959@group-A760887A3757-SegmentedRaftLogWorker: flushIndex: setUnconditionally 0 -> -1
2019-10-02 00:33:31,034 [pool-739-thread-1] INFO  segmented.SegmentedRaftLogWorker (SegmentedRaftLogWorker.java:lambda$new$0(128)) - f0106f71-445d-4a55-8ec3-61519ab99b40@group-A760887A3757-SegmentedRaftLogWorker: flushIndex: setUnconditionally 0 -> -1
2019-10-02 00:33:31,034 [pool-729-thread-1] INFO  impl.RaftServerImpl (RaftServerImpl.java:setRole(170)) - bde9f098-4939-4e8a-8a59-5f73d74d5e56@group-A760887A3757: changes role from      null to FOLLOWER at term 0 for startAsFollower
2019-10-02 00:33:31,034 [pool-709-thread-1] INFO  server.RaftServerConfigKeys (ConfUtils.java:logGet(43)) - raft.server.snapshot.auto.trigger.enabled = true (custom)
2019-10-02 00:33:31,034 [pool-729-thread-1] INFO  impl.RoleInfo (RoleInfo.java:updateAndGet(143)) - bde9f098-4939-4e8a-8a59-5f73d74d5e56: start FollowerState
2019-10-02 00:33:31,034 [pool-739-thread-1] INFO  server.RaftServerConfigKeys (ConfUtils.java:logGet(43)) - raft.server.snapshot.auto.trigger.enabled = true (custom)
2019-10-02 00:33:31,034 [pool-709-thread-1] INFO  server.RaftServerConfigKeys (ConfUtils.java:logGet(43)) - raft.server.snapshot.auto.trigger.threshold = 10000 (custom)
2019-10-02 00:33:31,034 [pool-739-thread-1] INFO  server.RaftServerConfigKeys (ConfUtils.java:logGet(43)) - raft.server.snapshot.auto.trigger.threshold = 10000 (custom)
2019-10-02 00:33:31,034 [pool-729-thread-1] INFO  util.JmxRegister (JmxRegister.java:tryRegister(44)) - Successfully registered JMX Bean with object name Ratis:service=RaftServer,group=group-A760887A3757,id=bde9f098-4939-4e8a-8a59-5f73d74d5e56
2019-10-02 00:33:31,034 [pool-709-thread-1] INFO  server.RaftServerConfigKeys (ConfUtils.java:logGet(43)) - raft.server.snapshot.retention.file.num = 5 (custom)
2019-10-02 00:33:31,034 [pool-739-thread-1] INFO  server.RaftServerConfigKeys (ConfUtils.java:logGet(43)) - raft.server.snapshot.retention.file.num = 5 (custom)
2019-10-02 00:33:31,035 [pool-709-thread-1] INFO  server.RaftServerConfigKeys (ConfUtils.java:logGet(43)) - raft.server.retrycache.expirytime = 600000ms (custom)
2019-10-02 00:33:31,035 [pool-739-thread-1] INFO  server.RaftServerConfigKeys (ConfUtils.java:logGet(43)) - raft.server.retrycache.expirytime = 600000ms (custom)
2019-10-02 00:33:31,038 [pool-709-thread-1] INFO  impl.RaftServerImpl (RaftServerImpl.java:start(181)) - 5d64d55d-1a89-4955-9a32-8fdd897ba959@group-A760887A3757: start as a follower, conf=-1: [5d64d55d-1a89-4955-9a32-8fdd897ba959:192.168.151.67:45178, bde9f098-4939-4e8a-8a59-5f73d74d5e56:192.168.151.67:37903, f0106f71-445d-4a55-8ec3-61519ab99b40:192.168.151.67:43261], old=null
2019-10-02 00:33:31,038 [pool-709-thread-1] INFO  impl.RaftServerImpl (RaftServerImpl.java:setRole(170)) - 5d64d55d-1a89-4955-9a32-8fdd897ba959@group-A760887A3757: changes role from      null to FOLLOWER at term 0 for startAsFollower
2019-10-02 00:33:31,038 [pool-709-thread-1] INFO  impl.RoleInfo (RoleInfo.java:updateAndGet(143)) - 5d64d55d-1a89-4955-9a32-8fdd897ba959: start FollowerState
2019-10-02 00:33:31,038 [pool-739-thread-1] INFO  impl.RaftServerImpl (RaftServerImpl.java:start(181)) - f0106f71-445d-4a55-8ec3-61519ab99b40@group-A760887A3757: start as a follower, conf=-1: [5d64d55d-1a89-4955-9a32-8fdd897ba959:192.168.151.67:45178, bde9f098-4939-4e8a-8a59-5f73d74d5e56:192.168.151.67:37903, f0106f71-445d-4a55-8ec3-61519ab99b40:192.168.151.67:43261], old=null
2019-10-02 00:33:31,038 [pool-709-thread-1] INFO  util.JmxRegister (JmxRegister.java:tryRegister(44)) - Successfully registered JMX Bean with object name Ratis:service=RaftServer,group=group-A760887A3757,id=5d64d55d-1a89-4955-9a32-8fdd897ba959
2019-10-02 00:33:31,038 [pool-739-thread-1] INFO  impl.RaftServerImpl (RaftServerImpl.java:setRole(170)) - f0106f71-445d-4a55-8ec3-61519ab99b40@group-A760887A3757: changes role from      null to FOLLOWER at term 0 for startAsFollower
2019-10-02 00:33:31,039 [pool-739-thread-1] INFO  impl.RoleInfo (RoleInfo.java:updateAndGet(143)) - f0106f71-445d-4a55-8ec3-61519ab99b40: start FollowerState
2019-10-02 00:33:31,039 [pool-739-thread-1] INFO  util.JmxRegister (JmxRegister.java:tryRegister(44)) - Successfully registered JMX Bean with object name Ratis:service=RaftServer,group=group-A760887A3757,id=f0106f71-445d-4a55-8ec3-61519ab99b40
2019-10-02 00:33:31,042 [RatisPipelineUtilsThread] INFO  pipeline.PipelineStateManager (PipelineStateManager.java:addPipeline(56)) - Created pipeline Pipeline[ Id: 09cf32c0-5d63-4d7a-9c4c-a760887a3757, Nodes: f0106f71-445d-4a55-8ec3-61519ab99b40{ip: 192.168.151.67, host: pr-hdds-1984-s47sn-1814639636, networkLocation: /default-rack, certSerialId: null}bde9f098-4939-4e8a-8a59-5f73d74d5e56{ip: 192.168.151.67, host: pr-hdds-1984-s47sn-1814639636, networkLocation: /default-rack, certSerialId: null}5d64d55d-1a89-4955-9a32-8fdd897ba959{ip: 192.168.151.67, host: pr-hdds-1984-s47sn-1814639636, networkLocation: /default-rack, certSerialId: null}, Type:RATIS, Factor:THREE, State:OPEN]
2019-10-02 00:33:33,524 [Thread-4560] INFO  container.ReplicationManager (ReplicationManager.java:start(162)) - Starting Replication Monitor Thread.
2019-10-02 00:33:33,530 [ReplicationMonitor] INFO  container.ReplicationManager (ReplicationManager.java:run(225)) - Replication Monitor Thread took 1 milliseconds for processing 1 containers.
2019-10-02 00:33:35,606 [Thread-4564] INFO  impl.FollowerState (FollowerState.java:run(108)) - d5e39aa1-85df-4773-97f0-1a350615e09b@group-9517DB106655-FollowerState: change to CANDIDATE, lastRpcTime:5037ms, electionTimeout:5037ms
2019-10-02 00:33:35,607 [Thread-4564] INFO  impl.RoleInfo (RoleInfo.java:shutdownFollowerState(121)) - d5e39aa1-85df-4773-97f0-1a350615e09b: shutdown FollowerState
2019-10-02 00:33:35,607 [Thread-4564] INFO  impl.RaftServerImpl (RaftServerImpl.java:setRole(170)) - d5e39aa1-85df-4773-97f0-1a350615e09b@group-9517DB106655: changes role from  FOLLOWER to CANDIDATE at term 0 for changeToCandidate
2019-10-02 00:33:35,607 [Thread-4564] INFO  impl.RoleInfo (RoleInfo.java:updateAndGet(143)) - d5e39aa1-85df-4773-97f0-1a350615e09b: start LeaderElection
2019-10-02 00:33:35,630 [d5e39aa1-85df-4773-97f0-1a350615e09b@group-9517DB106655-LeaderElection106] INFO  impl.LeaderElection (LeaderElection.java:askForVotes(178)) - d5e39aa1-85df-4773-97f0-1a350615e09b@group-9517DB106655-LeaderElection106: begin an election at term 1 for -1: [d5e39aa1-85df-4773-97f0-1a350615e09b:192.168.151.67:40090], old=null
2019-10-02 00:33:35,630 [d5e39aa1-85df-4773-97f0-1a350615e09b@group-9517DB106655-LeaderElection106] INFO  impl.RoleInfo (RoleInfo.java:shutdownLeaderElection(134)) - d5e39aa1-85df-4773-97f0-1a350615e09b: shutdown LeaderElection
2019-10-02 00:33:35,630 [d5e39aa1-85df-4773-97f0-1a350615e09b@group-9517DB106655-LeaderElection106] INFO  impl.RaftServerImpl (RaftServerImpl.java:setRole(170)) - d5e39aa1-85df-4773-97f0-1a350615e09b@group-9517DB106655: changes role from CANDIDATE to LEADER at term 1 for changeToLeader
2019-10-02 00:33:35,630 [d5e39aa1-85df-4773-97f0-1a350615e09b@group-9517DB106655-LeaderElection106] INFO  impl.RaftServerImpl (ServerState.java:setLeader(255)) - d5e39aa1-85df-4773-97f0-1a350615e09b@group-9517DB106655: change Leader from null to d5e39aa1-85df-4773-97f0-1a350615e09b at term 1 for becomeLeader, leader elected after 5067ms
2019-10-02 00:33:35,631 [d5e39aa1-85df-4773-97f0-1a350615e09b@group-9517DB106655-LeaderElection106] INFO  server.RaftServerConfigKeys (ConfUtils.java:logGet(43)) - raft.server.staging.catchup.gap = 1000 (default)
2019-10-02 00:33:35,631 [d5e39aa1-85df-4773-97f0-1a350615e09b@group-9517DB106655-LeaderElection106] INFO  server.RaftServerConfigKeys (ConfUtils.java:logGet(43)) - raft.server.rpc.sleep.time = 25ms (default)
2019-10-02 00:33:35,631 [d5e39aa1-85df-4773-97f0-1a350615e09b@group-9517DB106655-LeaderElection106] INFO  server.RaftServerConfigKeys (ConfUtils.java:logGet(43)) - raft.server.write.element-limit = 4096 (default)
2019-10-02 00:33:35,631 [d5e39aa1-85df-4773-97f0-1a350615e09b@group-9517DB106655-LeaderElection106] INFO  server.RaftServerConfigKeys (ConfUtils.java:logGet(43)) - raft.server.watch.timeout = 10s (default)
2019-10-02 00:33:35,631 [d5e39aa1-85df-4773-97f0-1a350615e09b@group-9517DB106655-LeaderElection106] INFO  server.RaftServerConfigKeys (ConfUtils.java:logGet(43)) - raft.server.watch.timeout.denomination = 1s (default)
2019-10-02 00:33:35,631 [d5e39aa1-85df-4773-97f0-1a350615e09b@group-9517DB106655-LeaderElection106] INFO  server.RaftServerConfigKeys (ConfUtils.java:logGet(43)) - raft.server.watch.element-limit = 65536 (default)
2019-10-02 00:33:35,633 [d5e39aa1-85df-4773-97f0-1a350615e09b@group-9517DB106655-LeaderElection106] INFO  impl.RoleInfo (RoleInfo.java:updateAndGet(143)) - d5e39aa1-85df-4773-97f0-1a350615e09b: start LeaderState
2019-10-02 00:33:35,634 [d5e39aa1-85df-4773-97f0-1a350615e09b@group-9517DB106655-LeaderElection106] INFO  segmented.SegmentedRaftLogWorker (SegmentedRaftLogWorker.java:startLogSegment(385)) - d5e39aa1-85df-4773-97f0-1a350615e09b@group-9517DB106655-SegmentedRaftLogWorker: Starting segment from index:0
2019-10-02 00:33:35,634 [d5e39aa1-85df-4773-97f0-1a350615e09b@group-9517DB106655-LeaderElection106] INFO  impl.RaftServerImpl (ServerState.java:setRaftConf(356)) - d5e39aa1-85df-4773-97f0-1a350615e09b@group-9517DB106655: set configuration 0: [d5e39aa1-85df-4773-97f0-1a350615e09b:192.168.151.67:40090], old=null at 0
2019-10-02 00:33:35,681 [Thread-4567] INFO  impl.FollowerState (FollowerState.java:run(108)) - 59358f5f-cb81-417d-afdc-c941a2597248@group-3F1D72D42A3F-FollowerState: change to CANDIDATE, lastRpcTime:5067ms, electionTimeout:5067ms
2019-10-02 00:33:35,681 [d5e39aa1-85df-4773-97f0-1a350615e09b@group-9517DB106655-SegmentedRaftLogWorker] INFO  segmented.SegmentedRaftLogWorker (SegmentedRaftLogWorker.java:execute(574)) - d5e39aa1-85df-4773-97f0-1a350615e09b@group-9517DB106655-SegmentedRaftLogWorker: created new log segment /workdir/hadoop-ozone/integration-test/target/test-dir/MiniOzoneClusterImpl-fc2f9b79-8358-4999-9ef3-38efab3cd552/datanode-0/data/ratis/b72b484c-4b1d-48f9-972c-9517db106655/current/log_inprogress_0
2019-10-02 00:33:35,682 [Thread-4567] INFO  impl.RoleInfo (RoleInfo.java:shutdownFollowerState(121)) - 59358f5f-cb81-417d-afdc-c941a2597248: shutdown FollowerState
2019-10-02 00:33:35,682 [Thread-4567] INFO  impl.RaftServerImpl (RaftServerImpl.java:setRole(170)) - 59358f5f-cb81-417d-afdc-c941a2597248@group-3F1D72D42A3F: changes role from  FOLLOWER to CANDIDATE at term 0 for changeToCandidate
2019-10-02 00:33:35,682 [Thread-4567] INFO  impl.RoleInfo (RoleInfo.java:updateAndGet(143)) - 59358f5f-cb81-417d-afdc-c941a2597248: start LeaderElection
2019-10-02 00:33:35,695 [59358f5f-cb81-417d-afdc-c941a2597248@group-3F1D72D42A3F-LeaderElection107] INFO  impl.LeaderElection (LeaderElection.java:askForVotes(178)) - 59358f5f-cb81-417d-afdc-c941a2597248@group-3F1D72D42A3F-LeaderElection107: begin an election at term 1 for -1: [59358f5f-cb81-417d-afdc-c941a2597248:192.168.151.67:32898], old=null
2019-10-02 00:33:35,695 [59358f5f-cb81-417d-afdc-c941a2597248@group-3F1D72D42A3F-LeaderElection107] INFO  impl.RoleInfo (RoleInfo.java:shutdownLeaderElection(134)) - 59358f5f-cb81-417d-afdc-c941a2597248: shutdown LeaderElection
2019-10-02 00:33:35,695 [59358f5f-cb81-417d-afdc-c941a2597248@group-3F1D72D42A3F-LeaderElection107] INFO  impl.RaftServerImpl (RaftServerImpl.java:setRole(170)) - 59358f5f-cb81-417d-afdc-c941a2597248@group-3F1D72D42A3F: changes role from CANDIDATE to LEADER at term 1 for changeToLeader
2019-10-02 00:33:35,695 [59358f5f-cb81-417d-afdc-c941a2597248@group-3F1D72D42A3F-LeaderElection107] INFO  impl.RaftServerImpl (ServerState.java:setLeader(255)) - 59358f5f-cb81-417d-afdc-c941a2597248@group-3F1D72D42A3F: change Leader from null to 59358f5f-cb81-417d-afdc-c941a2597248 at term 1 for becomeLeader, leader elected after 5087ms
2019-10-02 00:33:35,695 [59358f5f-cb81-417d-afdc-c941a2597248@group-3F1D72D42A3F-LeaderElection107] INFO  server.RaftServerConfigKeys (ConfUtils.java:logGet(43)) - raft.server.staging.catchup.gap = 1000 (default)
2019-10-02 00:33:35,696 [59358f5f-cb81-417d-afdc-c941a2597248@group-3F1D72D42A3F-LeaderElection107] INFO  server.RaftServerConfigKeys (ConfUtils.java:logGet(43)) - raft.server.rpc.sleep.time = 25ms (default)
2019-10-02 00:33:35,696 [59358f5f-cb81-417d-afdc-c941a2597248@group-3F1D72D42A3F-LeaderElection107] INFO  server.RaftServerConfigKeys (ConfUtils.java:logGet(43)) - raft.server.write.element-limit = 4096 (default)
2019-10-02 00:33:35,696 [59358f5f-cb81-417d-afdc-c941a2597248@group-3F1D72D42A3F-LeaderElection107] INFO  server.RaftServerConfigKeys (ConfUtils.java:logGet(43)) - raft.server.watch.timeout = 10s (default)
2019-10-02 00:33:35,696 [59358f5f-cb81-417d-afdc-c941a2597248@group-3F1D72D42A3F-LeaderElection107] INFO  server.RaftServerConfigKeys (ConfUtils.java:logGet(43)) - raft.server.watch.timeout.denomination = 1s (default)
2019-10-02 00:33:35,696 [59358f5f-cb81-417d-afdc-c941a2597248@group-3F1D72D42A3F-LeaderElection107] INFO  server.RaftServerConfigKeys (ConfUtils.java:logGet(43)) - raft.server.watch.element-limit = 65536 (default)
2019-10-02 00:33:35,698 [59358f5f-cb81-417d-afdc-c941a2597248@group-3F1D72D42A3F-LeaderElection107] INFO  impl.RoleInfo (RoleInfo.java:updateAndGet(143)) - 59358f5f-cb81-417d-afdc-c941a2597248: start LeaderState
2019-10-02 00:33:35,698 [59358f5f-cb81-417d-afdc-c941a2597248@group-3F1D72D42A3F-LeaderElection107] INFO  segmented.SegmentedRaftLogWorker (SegmentedRaftLogWorker.java:startLogSegment(385)) - 59358f5f-cb81-417d-afdc-c941a2597248@group-3F1D72D42A3F-SegmentedRaftLogWorker: Starting segment from index:0
2019-10-02 00:33:35,698 [59358f5f-cb81-417d-afdc-c941a2597248@group-3F1D72D42A3F-LeaderElection107] INFO  impl.RaftServerImpl (ServerState.java:setRaftConf(356)) - 59358f5f-cb81-417d-afdc-c941a2597248@group-3F1D72D42A3F: set configuration 0: [59358f5f-cb81-417d-afdc-c941a2597248:192.168.151.67:32898], old=null at 0
2019-10-02 00:33:35,733 [Thread-4570] INFO  impl.FollowerState (FollowerState.java:run(108)) - 7dac08de-4677-4d75-96f1-007ade40e620@group-CBD9C3A6C80A-FollowerState: change to CANDIDATE, lastRpcTime:5071ms, electionTimeout:5071ms
2019-10-02 00:33:35,733 [Thread-4570] INFO  impl.RoleInfo (RoleInfo.java:shutdownFollowerState(121)) - 7dac08de-4677-4d75-96f1-007ade40e620: shutdown FollowerState
2019-10-02 00:33:35,733 [Thread-4570] INFO  impl.RaftServerImpl (RaftServerImpl.java:setRole(170)) - 7dac08de-4677-4d75-96f1-007ade40e620@group-CBD9C3A6C80A: changes role from  FOLLOWER to CANDIDATE at term 0 for changeToCandidate
2019-10-02 00:33:35,733 [Thread-4570] INFO  impl.RoleInfo (RoleInfo.java:updateAndGet(143)) - 7dac08de-4677-4d75-96f1-007ade40e620: start LeaderElection
2019-10-02 00:33:35,737 [59358f5f-cb81-417d-afdc-c941a2597248@group-3F1D72D42A3F-SegmentedRaftLogWorker] INFO  segmented.SegmentedRaftLogWorker (SegmentedRaftLogWorker.java:execute(574)) - 59358f5f-cb81-417d-afdc-c941a2597248@group-3F1D72D42A3F-SegmentedRaftLogWorker: created new log segment /workdir/hadoop-ozone/integration-test/target/test-dir/MiniOzoneClusterImpl-fc2f9b79-8358-4999-9ef3-38efab3cd552/datanode-1/data/ratis/9fc029bb-3c1d-41bb-ae1a-3f1d72d42a3f/current/log_inprogress_0
2019-10-02 00:33:35,756 [7dac08de-4677-4d75-96f1-007ade40e620@group-CBD9C3A6C80A-LeaderElection108] INFO  impl.LeaderElection (LeaderElection.java:askForVotes(178)) - 7dac08de-4677-4d75-96f1-007ade40e620@group-CBD9C3A6C80A-LeaderElection108: begin an election at term 1 for -1: [7dac08de-4677-4d75-96f1-007ade40e620:192.168.151.67:33140], old=null
2019-10-02 00:33:35,756 [7dac08de-4677-4d75-96f1-007ade40e620@group-CBD9C3A6C80A-LeaderElection108] INFO  impl.RoleInfo (RoleInfo.java:shutdownLeaderElection(134)) - 7dac08de-4677-4d75-96f1-007ade40e620: shutdown LeaderElection
2019-10-02 00:33:35,756 [7dac08de-4677-4d75-96f1-007ade40e620@group-CBD9C3A6C80A-LeaderElection108] INFO  impl.RaftServerImpl (RaftServerImpl.java:setRole(170)) - 7dac08de-4677-4d75-96f1-007ade40e620@group-CBD9C3A6C80A: changes role from CANDIDATE to LEADER at term 1 for changeToLeader
2019-10-02 00:33:35,756 [7dac08de-4677-4d75-96f1-007ade40e620@group-CBD9C3A6C80A-LeaderElection108] INFO  impl.RaftServerImpl (ServerState.java:setLeader(255)) - 7dac08de-4677-4d75-96f1-007ade40e620@group-CBD9C3A6C80A: change Leader from null to 7dac08de-4677-4d75-96f1-007ade40e620 at term 1 for becomeLeader, leader elected after 5101ms
2019-10-02 00:33:35,756 [7dac08de-4677-4d75-96f1-007ade40e620@group-CBD9C3A6C80A-LeaderElection108] INFO  server.RaftServerConfigKeys (ConfUtils.java:logGet(43)) - raft.server.staging.catchup.gap = 1000 (default)
2019-10-02 00:33:35,756 [7dac08de-4677-4d75-96f1-007ade40e620@group-CBD9C3A6C80A-LeaderElection108] INFO  server.RaftServerConfigKeys (ConfUtils.java:logGet(43)) - raft.server.rpc.sleep.time = 25ms (default)
2019-10-02 00:33:35,756 [7dac08de-4677-4d75-96f1-007ade40e620@group-CBD9C3A6C80A-LeaderElection108] INFO  server.RaftServerConfigKeys (ConfUtils.java:logGet(43)) - raft.server.write.element-limit = 4096 (default)
2019-10-02 00:33:35,757 [7dac08de-4677-4d75-96f1-007ade40e620@group-CBD9C3A6C80A-LeaderElection108] INFO  server.RaftServerConfigKeys (ConfUtils.java:logGet(43)) - raft.server.watch.timeout = 10s (default)
2019-10-02 00:33:35,757 [7dac08de-4677-4d75-96f1-007ade40e620@group-CBD9C3A6C80A-LeaderElection108] INFO  server.RaftServerConfigKeys (ConfUtils.java:logGet(43)) - raft.server.watch.timeout.denomination = 1s (default)
2019-10-02 00:33:35,757 [7dac08de-4677-4d75-96f1-007ade40e620@group-CBD9C3A6C80A-LeaderElection108] INFO  server.RaftServerConfigKeys (ConfUtils.java:logGet(43)) - raft.server.watch.element-limit = 65536 (default)
2019-10-02 00:33:35,759 [7dac08de-4677-4d75-96f1-007ade40e620@group-CBD9C3A6C80A-LeaderElection108] INFO  impl.RoleInfo (RoleInfo.java:updateAndGet(143)) - 7dac08de-4677-4d75-96f1-007ade40e620: start LeaderState
2019-10-02 00:33:35,759 [7dac08de-4677-4d75-96f1-007ade40e620@group-CBD9C3A6C80A-LeaderElection108] INFO  segmented.SegmentedRaftLogWorker (SegmentedRaftLogWorker.java:startLogSegment(385)) - 7dac08de-4677-4d75-96f1-007ade40e620@group-CBD9C3A6C80A-SegmentedRaftLogWorker: Starting segment from index:0
2019-10-02 00:33:35,760 [7dac08de-4677-4d75-96f1-007ade40e620@group-CBD9C3A6C80A-LeaderElection108] INFO  impl.RaftServerImpl (ServerState.java:setRaftConf(356)) - 7dac08de-4677-4d75-96f1-007ade40e620@group-CBD9C3A6C80A: set configuration 0: [7dac08de-4677-4d75-96f1-007ade40e620:192.168.151.67:33140], old=null at 0
2019-10-02 00:33:35,776 [Thread-4578] INFO  impl.FollowerState (FollowerState.java:run(108)) - 7dac08de-4677-4d75-96f1-007ade40e620@group-279D9FBAAF60-FollowerState: change to CANDIDATE, lastRpcTime:5037ms, electionTimeout:5037ms
2019-10-02 00:33:35,776 [Thread-4578] INFO  impl.RoleInfo (RoleInfo.java:shutdownFollowerState(121)) - 7dac08de-4677-4d75-96f1-007ade40e620: shutdown FollowerState
2019-10-02 00:33:35,776 [Thread-4578] INFO  impl.RaftServerImpl (RaftServerImpl.java:setRole(170)) - 7dac08de-4677-4d75-96f1-007ade40e620@group-279D9FBAAF60: changes role from  FOLLOWER to CANDIDATE at term 0 for changeToCandidate
2019-10-02 00:33:35,776 [Thread-4578] INFO  impl.RoleInfo (RoleInfo.java:updateAndGet(143)) - 7dac08de-4677-4d75-96f1-007ade40e620: start LeaderElection
2019-10-02 00:33:35,777 [Thread-4573] INFO  impl.FollowerState (FollowerState.java:run(108)) - d5e39aa1-85df-4773-97f0-1a350615e09b@group-279D9FBAAF60-FollowerState: change to CANDIDATE, lastRpcTime:5043ms, electionTimeout:5043ms
2019-10-02 00:33:35,787 [Thread-4573] INFO  impl.RoleInfo (RoleInfo.java:shutdownFollowerState(121)) - d5e39aa1-85df-4773-97f0-1a350615e09b: shutdown FollowerState
2019-10-02 00:33:35,790 [7dac08de-4677-4d75-96f1-007ade40e620@group-CBD9C3A6C80A-SegmentedRaftLogWorker] INFO  segmented.SegmentedRaftLogWorker (SegmentedRaftLogWorker.java:execute(574)) - 7dac08de-4677-4d75-96f1-007ade40e620@group-CBD9C3A6C80A-SegmentedRaftLogWorker: created new log segment /workdir/hadoop-ozone/integration-test/target/test-dir/MiniOzoneClusterImpl-fc2f9b79-8358-4999-9ef3-38efab3cd552/datanode-2/data/ratis/50a111ff-2608-4273-b56f-cbd9c3a6c80a/current/log_inprogress_0
2019-10-02 00:33:35,790 [Thread-4573] INFO  impl.RaftServerImpl (RaftServerImpl.java:setRole(170)) - d5e39aa1-85df-4773-97f0-1a350615e09b@group-279D9FBAAF60: changes role from  FOLLOWER to CANDIDATE at term 0 for changeToCandidate
2019-10-02 00:33:35,790 [Thread-4573] INFO  impl.RoleInfo (RoleInfo.java:updateAndGet(143)) - d5e39aa1-85df-4773-97f0-1a350615e09b: start LeaderElection
2019-10-02 00:33:35,793 [7dac08de-4677-4d75-96f1-007ade40e620@group-279D9FBAAF60-LeaderElection109] INFO  impl.LeaderElection (LeaderElection.java:askForVotes(178)) - 7dac08de-4677-4d75-96f1-007ade40e620@group-279D9FBAAF60-LeaderElection109: begin an election at term 1 for -1: [59358f5f-cb81-417d-afdc-c941a2597248:192.168.151.67:32898, 7dac08de-4677-4d75-96f1-007ade40e620:192.168.151.67:33140, d5e39aa1-85df-4773-97f0-1a350615e09b:192.168.151.67:40090], old=null
2019-10-02 00:33:35,801 [grpc-default-executor-7] INFO  impl.RaftServerImpl (RaftServerImpl.java:setRole(170)) - 59358f5f-cb81-417d-afdc-c941a2597248@group-279D9FBAAF60: changes role from  FOLLOWER to FOLLOWER at term 1 for recognizeCandidate:7dac08de-4677-4d75-96f1-007ade40e620
2019-10-02 00:33:35,801 [d5e39aa1-85df-4773-97f0-1a350615e09b@group-279D9FBAAF60-LeaderElection110] INFO  impl.LeaderElection (LeaderElection.java:askForVotes(178)) - d5e39aa1-85df-4773-97f0-1a350615e09b@group-279D9FBAAF60-LeaderElection110: begin an election at term 1 for -1: [59358f5f-cb81-417d-afdc-c941a2597248:192.168.151.67:32898, 7dac08de-4677-4d75-96f1-007ade40e620:192.168.151.67:33140, d5e39aa1-85df-4773-97f0-1a350615e09b:192.168.151.67:40090], old=null
2019-10-02 00:33:35,801 [grpc-default-executor-7] INFO  impl.RoleInfo (RoleInfo.java:shutdownFollowerState(121)) - 59358f5f-cb81-417d-afdc-c941a2597248: shutdown FollowerState
2019-10-02 00:33:35,801 [grpc-default-executor-7] INFO  impl.RoleInfo (RoleInfo.java:updateAndGet(143)) - 59358f5f-cb81-417d-afdc-c941a2597248: start FollowerState
2019-10-02 00:33:35,801 [Thread-4577] INFO  impl.FollowerState (FollowerState.java:run(117)) - 59358f5f-cb81-417d-afdc-c941a2597248@group-279D9FBAAF60-FollowerState was interrupted: java.lang.InterruptedException: sleep interrupted
2019-10-02 00:33:35,810 [7dac08de-4677-4d75-96f1-007ade40e620@group-279D9FBAAF60-LeaderElection109] INFO  impl.LeaderElection (LeaderElection.java:logAndReturn(56)) - 7dac08de-4677-4d75-96f1-007ade40e620@group-279D9FBAAF60-LeaderElection109: Election PASSED; received 2 response(s) [7dac08de-4677-4d75-96f1-007ade40e620<-59358f5f-cb81-417d-afdc-c941a2597248#0:OK-t1, 7dac08de-4677-4d75-96f1-007ade40e620<-d5e39aa1-85df-4773-97f0-1a350615e09b#0:FAIL-t1] and 0 exception(s); 7dac08de-4677-4d75-96f1-007ade40e620@group-279D9FBAAF60:t1, leader=null, voted=7dac08de-4677-4d75-96f1-007ade40e620, raftlog=7dac08de-4677-4d75-96f1-007ade40e620@group-279D9FBAAF60-SegmentedRaftLog:OPENED:c-1,f-1,i0, conf=-1: [59358f5f-cb81-417d-afdc-c941a2597248:192.168.151.67:32898, 7dac08de-4677-4d75-96f1-007ade40e620:192.168.151.67:33140, d5e39aa1-85df-4773-97f0-1a350615e09b:192.168.151.67:40090], old=null
2019-10-02 00:33:35,810 [7dac08de-4677-4d75-96f1-007ade40e620@group-279D9FBAAF60-LeaderElection109] INFO  impl.RoleInfo (RoleInfo.java:shutdownLeaderElection(134)) - 7dac08de-4677-4d75-96f1-007ade40e620: shutdown LeaderElection
2019-10-02 00:33:35,811 [7dac08de-4677-4d75-96f1-007ade40e620@group-279D9FBAAF60-LeaderElection109] INFO  impl.RaftServerImpl (RaftServerImpl.java:setRole(170)) - 7dac08de-4677-4d75-96f1-007ade40e620@group-279D9FBAAF60: changes role from CANDIDATE to LEADER at term 1 for changeToLeader
2019-10-02 00:33:35,811 [d5e39aa1-85df-4773-97f0-1a350615e09b@group-279D9FBAAF60-LeaderElection110] INFO  impl.LeaderElection (LeaderElection.java:logAndReturn(56)) - d5e39aa1-85df-4773-97f0-1a350615e09b@group-279D9FBAAF60-LeaderElection110: Election REJECTED; received 2 response(s) [d5e39aa1-85df-4773-97f0-1a350615e09b<-59358f5f-cb81-417d-afdc-c941a2597248#0:FAIL-t1, d5e39aa1-85df-4773-97f0-1a350615e09b<-7dac08de-4677-4d75-96f1-007ade40e620#0:FAIL-t1] and 0 exception(s); d5e39aa1-85df-4773-97f0-1a350615e09b@group-279D9FBAAF60:t1, leader=null, voted=d5e39aa1-85df-4773-97f0-1a350615e09b, raftlog=d5e39aa1-85df-4773-97f0-1a350615e09b@group-279D9FBAAF60-SegmentedRaftLog:OPENED:c-1,f-1,i0, conf=-1: [59358f5f-cb81-417d-afdc-c941a2597248:192.168.151.67:32898, 7dac08de-4677-4d75-96f1-007ade40e620:192.168.151.67:33140, d5e39aa1-85df-4773-97f0-1a350615e09b:192.168.151.67:40090], old=null
2019-10-02 00:33:35,811 [7dac08de-4677-4d75-96f1-007ade40e620@group-279D9FBAAF60-LeaderElection109] INFO  impl.RaftServerImpl (ServerState.java:setLeader(255)) - 7dac08de-4677-4d75-96f1-007ade40e620@group-279D9FBAAF60: change Leader from null to 7dac08de-4677-4d75-96f1-007ade40e620 at term 1 for becomeLeader, leader elected after 5085ms
2019-10-02 00:33:35,814 [d5e39aa1-85df-4773-97f0-1a350615e09b@group-279D9FBAAF60-LeaderElection110] INFO  impl.RaftServerImpl (RaftServerImpl.java:setRole(170)) - d5e39aa1-85df-4773-97f0-1a350615e09b@group-279D9FBAAF60: changes role from CANDIDATE to FOLLOWER at term 1 for DISCOVERED_A_NEW_TERM
2019-10-02 00:33:35,814 [7dac08de-4677-4d75-96f1-007ade40e620@group-279D9FBAAF60-LeaderElection109] INFO  server.RaftServerConfigKeys (ConfUtils.java:logGet(43)) - raft.server.staging.catchup.gap = 1000 (default)
2019-10-02 00:33:35,817 [d5e39aa1-85df-4773-97f0-1a350615e09b@group-279D9FBAAF60-LeaderElection110] INFO  impl.RoleInfo (RoleInfo.java:shutdownLeaderElection(134)) - d5e39aa1-85df-4773-97f0-1a350615e09b: shutdown LeaderElection
2019-10-02 00:33:35,817 [7dac08de-4677-4d75-96f1-007ade40e620@group-279D9FBAAF60-LeaderElection109] INFO  server.RaftServerConfigKeys (ConfUtils.java:logGet(43)) - raft.server.rpc.sleep.time = 25ms (default)
2019-10-02 00:33:35,818 [d5e39aa1-85df-4773-97f0-1a350615e09b@group-279D9FBAAF60-LeaderElection110] INFO  impl.RoleInfo (RoleInfo.java:updateAndGet(143)) - d5e39aa1-85df-4773-97f0-1a350615e09b: start FollowerState
2019-10-02 00:33:35,818 [7dac08de-4677-4d75-96f1-007ade40e620@group-279D9FBAAF60-LeaderElection109] INFO  server.RaftServerConfigKeys (ConfUtils.java:logGet(43)) - raft.server.write.element-limit = 4096 (default)
2019-10-02 00:33:35,818 [7dac08de-4677-4d75-96f1-007ade40e620@group-279D9FBAAF60-LeaderElection109] INFO  server.RaftServerConfigKeys (ConfUtils.java:logGet(43)) - raft.server.watch.timeout = 10s (default)
2019-10-02 00:33:35,818 [7dac08de-4677-4d75-96f1-007ade40e620@group-279D9FBAAF60-LeaderElection109] INFO  server.RaftServerConfigKeys (ConfUtils.java:logGet(43)) - raft.server.watch.timeout.denomination = 1s (default)
2019-10-02 00:33:35,818 [7dac08de-4677-4d75-96f1-007ade40e620@group-279D9FBAAF60-LeaderElection109] INFO  server.RaftServerConfigKeys (ConfUtils.java:logGet(43)) - raft.server.watch.element-limit = 65536 (default)
2019-10-02 00:33:35,820 [7dac08de-4677-4d75-96f1-007ade40e620@group-279D9FBAAF60-LeaderElection109] INFO  server.RaftServerConfigKeys (ConfUtils.java:logGet(43)) - raft.server.log.appender.snapshot.chunk.size.max = 16MB (=16777216) (default)
2019-10-02 00:33:35,821 [7dac08de-4677-4d75-96f1-007ade40e620@group-279D9FBAAF60-LeaderElection109] INFO  server.RaftServerConfigKeys (ConfUtils.java:logGet(43)) - raft.server.log.appender.buffer.byte-limit = 33554432 (custom)
2019-10-02 00:33:35,821 [7dac08de-4677-4d75-96f1-007ade40e620@group-279D9FBAAF60-LeaderElection109] INFO  server.RaftServerConfigKeys (ConfUtils.java:logGet(43)) - raft.server.log.appender.buffer.element-limit = 1 (custom)
2019-10-02 00:33:35,821 [7dac08de-4677-4d75-96f1-007ade40e620@group-279D9FBAAF60-LeaderElection109] INFO  grpc.GrpcConfigKeys$Server (ConfUtils.java:logGet(43)) - raft.grpc.server.leader.outstanding.appends.max = 128 (default)
2019-10-02 00:33:35,821 [7dac08de-4677-4d75-96f1-007ade40e620@group-279D9FBAAF60-LeaderElection109] INFO  server.RaftServerConfigKeys (ConfUtils.java:logGet(43)) - raft.server.rpc.request.timeout = 3000ms (default)
2019-10-02 00:33:35,821 [7dac08de-4677-4d75-96f1-007ade40e620@group-279D9FBAAF60-LeaderElection109] INFO  server.RaftServerConfigKeys (ConfUtils.java:logGet(43)) - raft.server.log.appender.install.snapshot.enabled = false (custom)
2019-10-02 00:33:35,822 [7dac08de-4677-4d75-96f1-007ade40e620@group-279D9FBAAF60-LeaderElection109] INFO  server.RaftServerConfigKeys (ConfUtils.java:logGet(43)) - raft.server.log.appender.snapshot.chunk.size.max = 16MB (=16777216) (default)
2019-10-02 00:33:35,822 [7dac08de-4677-4d75-96f1-007ade40e620@group-279D9FBAAF60-LeaderElection109] INFO  server.RaftServerConfigKeys (ConfUtils.java:logGet(43)) - raft.server.log.appender.buffer.byte-limit = 33554432 (custom)
2019-10-02 00:33:35,822 [7dac08de-4677-4d75-96f1-007ade40e620@group-279D9FBAAF60-LeaderElection109] INFO  server.RaftServerConfigKeys (ConfUtils.java:logGet(43)) - raft.server.log.appender.buffer.element-limit = 1 (custom)
2019-10-02 00:33:35,822 [7dac08de-4677-4d75-96f1-007ade40e620@group-279D9FBAAF60-LeaderElection109] INFO  grpc.GrpcConfigKeys$Server (ConfUtils.java:logGet(43)) - raft.grpc.server.leader.outstanding.appends.max = 128 (default)
2019-10-02 00:33:35,822 [7dac08de-4677-4d75-96f1-007ade40e620@group-279D9FBAAF60-LeaderElection109] INFO  server.RaftServerConfigKeys (ConfUtils.java:logGet(43)) - raft.server.rpc.request.timeout = 3000ms (default)
2019-10-02 00:33:35,823 [7dac08de-4677-4d75-96f1-007ade40e620@group-279D9FBAAF60-LeaderElection109] INFO  server.RaftServerConfigKeys (ConfUtils.java:logGet(43)) - raft.server.log.appender.install.snapshot.enabled = false (custom)
2019-10-02 00:33:35,823 [7dac08de-4677-4d75-96f1-007ade40e620@group-279D9FBAAF60-LeaderElection109] INFO  impl.RoleInfo (RoleInfo.java:updateAndGet(143)) - 7dac08de-4677-4d75-96f1-007ade40e620: start LeaderState
2019-10-02 00:33:35,823 [7dac08de-4677-4d75-96f1-007ade40e620@group-279D9FBAAF60-LeaderElection109] INFO  segmented.SegmentedRaftLogWorker (SegmentedRaftLogWorker.java:startLogSegment(385)) - 7dac08de-4677-4d75-96f1-007ade40e620@group-279D9FBAAF60-SegmentedRaftLogWorker: Starting segment from index:0
2019-10-02 00:33:35,824 [7dac08de-4677-4d75-96f1-007ade40e620@group-279D9FBAAF60-LeaderElection109] INFO  impl.RaftServerImpl (ServerState.java:setRaftConf(356)) - 7dac08de-4677-4d75-96f1-007ade40e620@group-279D9FBAAF60: set configuration 0: [59358f5f-cb81-417d-afdc-c941a2597248:192.168.151.67:32898, 7dac08de-4677-4d75-96f1-007ade40e620:192.168.151.67:33140, d5e39aa1-85df-4773-97f0-1a350615e09b:192.168.151.67:40090], old=null at 0
2019-10-02 00:33:35,825 [grpc-default-executor-4] INFO  impl.RaftServerImpl (ServerState.java:setLeader(255)) - d5e39aa1-85df-4773-97f0-1a350615e09b@group-279D9FBAAF60: change Leader from null to 7dac08de-4677-4d75-96f1-007ade40e620 at term 1 for appendEntries, leader elected after 5100ms
2019-10-02 00:33:35,825 [grpc-default-executor-7] INFO  impl.RaftServerImpl (ServerState.java:setLeader(255)) - 59358f5f-cb81-417d-afdc-c941a2597248@group-279D9FBAAF60: change Leader from null to 7dac08de-4677-4d75-96f1-007ade40e620 at term 1 for appendEntries, leader elected after 5100ms
2019-10-02 00:33:35,827 [grpc-default-executor-7] INFO  impl.RaftServerImpl (ServerState.java:setRaftConf(356)) - d5e39aa1-85df-4773-97f0-1a350615e09b@group-279D9FBAAF60: set configuration 0: [59358f5f-cb81-417d-afdc-c941a2597248:192.168.151.67:32898, 7dac08de-4677-4d75-96f1-007ade40e620:192.168.151.67:33140, d5e39aa1-85df-4773-97f0-1a350615e09b:192.168.151.67:40090], old=null at 0
2019-10-02 00:33:35,828 [grpc-default-executor-4] INFO  impl.RaftServerImpl (ServerState.java:setRaftConf(356)) - 59358f5f-cb81-417d-afdc-c941a2597248@group-279D9FBAAF60: set configuration 0: [59358f5f-cb81-417d-afdc-c941a2597248:192.168.151.67:32898, 7dac08de-4677-4d75-96f1-007ade40e620:192.168.151.67:33140, d5e39aa1-85df-4773-97f0-1a350615e09b:192.168.151.67:40090], old=null at 0
2019-10-02 00:33:35,828 [grpc-default-executor-7] INFO  segmented.SegmentedRaftLogWorker (SegmentedRaftLogWorker.java:startLogSegment(385)) - d5e39aa1-85df-4773-97f0-1a350615e09b@group-279D9FBAAF60-SegmentedRaftLogWorker: Starting segment from index:0
2019-10-02 00:33:35,828 [grpc-default-executor-4] INFO  segmented.SegmentedRaftLogWorker (SegmentedRaftLogWorker.java:startLogSegment(385)) - 59358f5f-cb81-417d-afdc-c941a2597248@group-279D9FBAAF60-SegmentedRaftLogWorker: Starting segment from index:0
2019-10-02 00:33:35,860 [d5e39aa1-85df-4773-97f0-1a350615e09b@group-279D9FBAAF60-SegmentedRaftLogWorker] INFO  segmented.SegmentedRaftLogWorker (SegmentedRaftLogWorker.java:execute(574)) - d5e39aa1-85df-4773-97f0-1a350615e09b@group-279D9FBAAF60-SegmentedRaftLogWorker: created new log segment /workdir/hadoop-ozone/integration-test/target/test-dir/MiniOzoneClusterImpl-fc2f9b79-8358-4999-9ef3-38efab3cd552/datanode-0/data/ratis/f2736389-b944-43b2-bbf3-279d9fbaaf60/current/log_inprogress_0
2019-10-02 00:33:35,860 [7dac08de-4677-4d75-96f1-007ade40e620@group-279D9FBAAF60-SegmentedRaftLogWorker] INFO  segmented.SegmentedRaftLogWorker (SegmentedRaftLogWorker.java:execute(574)) - 7dac08de-4677-4d75-96f1-007ade40e620@group-279D9FBAAF60-SegmentedRaftLogWorker: created new log segment /workdir/hadoop-ozone/integration-test/target/test-dir/MiniOzoneClusterImpl-fc2f9b79-8358-4999-9ef3-38efab3cd552/datanode-2/data/ratis/f2736389-b944-43b2-bbf3-279d9fbaaf60/current/log_inprogress_0
2019-10-02 00:33:35,861 [Thread-4585] INFO  impl.FollowerState (FollowerState.java:run(108)) - b49824c3-84dc-4655-ab2f-e554c4afe7ab@group-147ECC0257D7-FollowerState: change to CANDIDATE, lastRpcTime:5021ms, electionTimeout:5021ms
2019-10-02 00:33:35,861 [Thread-4585] INFO  impl.RoleInfo (RoleInfo.java:shutdownFollowerState(121)) - b49824c3-84dc-4655-ab2f-e554c4afe7ab: shutdown FollowerState
2019-10-02 00:33:35,861 [Thread-4585] INFO  impl.RaftServerImpl (RaftServerImpl.java:setRole(170)) - b49824c3-84dc-4655-ab2f-e554c4afe7ab@group-147ECC0257D7: changes role from  FOLLOWER to CANDIDATE at term 0 for changeToCandidate
2019-10-02 00:33:35,861 [Thread-4585] INFO  impl.RoleInfo (RoleInfo.java:updateAndGet(143)) - b49824c3-84dc-4655-ab2f-e554c4afe7ab: start LeaderElection
2019-10-02 00:33:35,870 [59358f5f-cb81-417d-afdc-c941a2597248@group-279D9FBAAF60-SegmentedRaftLogWorker] INFO  segmented.SegmentedRaftLogWorker (SegmentedRaftLogWorker.java:execute(574)) - 59358f5f-cb81-417d-afdc-c941a2597248@group-279D9FBAAF60-SegmentedRaftLogWorker: created new log segment /workdir/hadoop-ozone/integration-test/target/test-dir/MiniOzoneClusterImpl-fc2f9b79-8358-4999-9ef3-38efab3cd552/datanode-1/data/ratis/f2736389-b944-43b2-bbf3-279d9fbaaf60/current/log_inprogress_0
2019-10-02 00:33:35,873 [b49824c3-84dc-4655-ab2f-e554c4afe7ab@group-147ECC0257D7-LeaderElection111] INFO  impl.LeaderElection (LeaderElection.java:askForVotes(178)) - b49824c3-84dc-4655-ab2f-e554c4afe7ab@group-147ECC0257D7-LeaderElection111: begin an election at term 1 for -1: [b49824c3-84dc-4655-ab2f-e554c4afe7ab:192.168.151.67:45672], old=null
2019-10-02 00:33:35,873 [b49824c3-84dc-4655-ab2f-e554c4afe7ab@group-147ECC0257D7-LeaderElection111] INFO  impl.RoleInfo (RoleInfo.java:shutdownLeaderElection(134)) - b49824c3-84dc-4655-ab2f-e554c4afe7ab: shutdown LeaderElection
2019-10-02 00:33:35,873 [b49824c3-84dc-4655-ab2f-e554c4afe7ab@group-147ECC0257D7-LeaderElection111] INFO  impl.RaftServerImpl (RaftServerImpl.java:setRole(170)) - b49824c3-84dc-4655-ab2f-e554c4afe7ab@group-147ECC0257D7: changes role from CANDIDATE to LEADER at term 1 for changeToLeader
2019-10-02 00:33:35,873 [b49824c3-84dc-4655-ab2f-e554c4afe7ab@group-147ECC0257D7-LeaderElection111] INFO  impl.RaftServerImpl (ServerState.java:setLeader(255)) - b49824c3-84dc-4655-ab2f-e554c4afe7ab@group-147ECC0257D7: change Leader from null to b49824c3-84dc-4655-ab2f-e554c4afe7ab at term 1 for becomeLeader, leader elected after 5039ms
2019-10-02 00:33:35,874 [b49824c3-84dc-4655-ab2f-e554c4afe7ab@group-147ECC0257D7-LeaderElection111] INFO  server.RaftServerConfigKeys (ConfUtils.java:logGet(43)) - raft.server.staging.catchup.gap = 1000 (default)
2019-10-02 00:33:35,874 [b49824c3-84dc-4655-ab2f-e554c4afe7ab@group-147ECC0257D7-LeaderElection111] INFO  server.RaftServerConfigKeys (ConfUtils.java:logGet(43)) - raft.server.rpc.sleep.time = 25ms (default)
2019-10-02 00:33:35,874 [b49824c3-84dc-4655-ab2f-e554c4afe7ab@group-147ECC0257D7-LeaderElection111] INFO  server.RaftServerConfigKeys (ConfUtils.java:logGet(43)) - raft.server.write.element-limit = 4096 (default)
2019-10-02 00:33:35,874 [b49824c3-84dc-4655-ab2f-e554c4afe7ab@group-147ECC0257D7-LeaderElection111] INFO  server.RaftServerConfigKeys (ConfUtils.java:logGet(43)) - raft.server.watch.timeout = 10s (default)
2019-10-02 00:33:35,874 [b49824c3-84dc-4655-ab2f-e554c4afe7ab@group-147ECC0257D7-LeaderElection111] INFO  server.RaftServerConfigKeys (ConfUtils.java:logGet(43)) - raft.server.watch.timeout.denomination = 1s (default)
2019-10-02 00:33:35,875 [b49824c3-84dc-4655-ab2f-e554c4afe7ab@group-147ECC0257D7-LeaderElection111] INFO  server.RaftServerConfigKeys (ConfUtils.java:logGet(43)) - raft.server.watch.element-limit = 65536 (default)
2019-10-02 00:33:35,877 [b49824c3-84dc-4655-ab2f-e554c4afe7ab@group-147ECC0257D7-LeaderElection111] INFO  impl.RoleInfo (RoleInfo.java:updateAndGet(143)) - b49824c3-84dc-4655-ab2f-e554c4afe7ab: start LeaderState
2019-10-02 00:33:35,877 [b49824c3-84dc-4655-ab2f-e554c4afe7ab@group-147ECC0257D7-LeaderElection111] INFO  segmented.SegmentedRaftLogWorker (SegmentedRaftLogWorker.java:startLogSegment(385)) - b49824c3-84dc-4655-ab2f-e554c4afe7ab@group-147ECC0257D7-SegmentedRaftLogWorker: Starting segment from index:0
2019-10-02 00:33:35,878 [b49824c3-84dc-4655-ab2f-e554c4afe7ab@group-147ECC0257D7-LeaderElection111] INFO  impl.RaftServerImpl (ServerState.java:setRaftConf(356)) - b49824c3-84dc-4655-ab2f-e554c4afe7ab@group-147ECC0257D7: set configuration 0: [b49824c3-84dc-4655-ab2f-e554c4afe7ab:192.168.151.67:45672], old=null at 0
2019-10-02 00:33:35,921 [b49824c3-84dc-4655-ab2f-e554c4afe7ab@group-147ECC0257D7-SegmentedRaftLogWorker] INFO  segmented.SegmentedRaftLogWorker (SegmentedRaftLogWorker.java:execute(574)) - b49824c3-84dc-4655-ab2f-e554c4afe7ab@group-147ECC0257D7-SegmentedRaftLogWorker: created new log segment /workdir/hadoop-ozone/integration-test/target/test-dir/MiniOzoneClusterImpl-fc2f9b79-8358-4999-9ef3-38efab3cd552/datanode-4/data/ratis/42d021c3-dbb8-4977-b011-147ecc0257d7/current/log_inprogress_0
2019-10-02 00:33:35,966 [Thread-4582] INFO  impl.FollowerState (FollowerState.java:run(108)) - 5d64d55d-1a89-4955-9a32-8fdd897ba959@group-71DC6A674E3B-FollowerState: change to CANDIDATE, lastRpcTime:5173ms, electionTimeout:5173ms
2019-10-02 00:33:35,967 [Thread-4582] INFO  impl.RoleInfo (RoleInfo.java:shutdownFollowerState(121)) - 5d64d55d-1a89-4955-9a32-8fdd897ba959: shutdown FollowerState
2019-10-02 00:33:35,967 [Thread-4582] INFO  impl.RaftServerImpl (RaftServerImpl.java:setRole(170)) - 5d64d55d-1a89-4955-9a32-8fdd897ba959@group-71DC6A674E3B: changes role from  FOLLOWER to CANDIDATE at term 0 for changeToCandidate
2019-10-02 00:33:35,967 [Thread-4582] INFO  impl.RoleInfo (RoleInfo.java:updateAndGet(143)) - 5d64d55d-1a89-4955-9a32-8fdd897ba959: start LeaderElection
2019-10-02 00:33:35,989 [5d64d55d-1a89-4955-9a32-8fdd897ba959@group-71DC6A674E3B-LeaderElection112] INFO  impl.LeaderElection (LeaderElection.java:askForVotes(178)) - 5d64d55d-1a89-4955-9a32-8fdd897ba959@group-71DC6A674E3B-LeaderElection112: begin an election at term 1 for -1: [5d64d55d-1a89-4955-9a32-8fdd897ba959:192.168.151.67:45178], old=null
2019-10-02 00:33:35,989 [5d64d55d-1a89-4955-9a32-8fdd897ba959@group-71DC6A674E3B-LeaderElection112] INFO  impl.RoleInfo (RoleInfo.java:shutdownLeaderElection(134)) - 5d64d55d-1a89-4955-9a32-8fdd897ba959: shutdown LeaderElection
2019-10-02 00:33:35,990 [5d64d55d-1a89-4955-9a32-8fdd897ba959@group-71DC6A674E3B-LeaderElection112] INFO  impl.RaftServerImpl (RaftServerImpl.java:setRole(170)) - 5d64d55d-1a89-4955-9a32-8fdd897ba959@group-71DC6A674E3B: changes role from CANDIDATE to LEADER at term 1 for changeToLeader
2019-10-02 00:33:35,990 [5d64d55d-1a89-4955-9a32-8fdd897ba959@group-71DC6A674E3B-LeaderElection112] INFO  impl.RaftServerImpl (ServerState.java:setLeader(255)) - 5d64d55d-1a89-4955-9a32-8fdd897ba959@group-71DC6A674E3B: change Leader from null to 5d64d55d-1a89-4955-9a32-8fdd897ba959 at term 1 for becomeLeader, leader elected after 5203ms
2019-10-02 00:33:35,990 [5d64d55d-1a89-4955-9a32-8fdd897ba959@group-71DC6A674E3B-LeaderElection112] INFO  server.RaftServerConfigKeys (ConfUtils.java:logGet(43)) - raft.server.staging.catchup.gap = 1000 (default)
2019-10-02 00:33:35,990 [5d64d55d-1a89-4955-9a32-8fdd897ba959@group-71DC6A674E3B-LeaderElection112] INFO  server.RaftServerConfigKeys (ConfUtils.java:logGet(43)) - raft.server.rpc.sleep.time = 25ms (default)
2019-10-02 00:33:35,990 [5d64d55d-1a89-4955-9a32-8fdd897ba959@group-71DC6A674E3B-LeaderElection112] INFO  server.RaftServerConfigKeys (ConfUtils.java:logGet(43)) - raft.server.write.element-limit = 4096 (default)
2019-10-02 00:33:35,990 [5d64d55d-1a89-4955-9a32-8fdd897ba959@group-71DC6A674E3B-LeaderElection112] INFO  server.RaftServerConfigKeys (ConfUtils.java:logGet(43)) - raft.server.watch.timeout = 10s (default)
2019-10-02 00:33:35,991 [5d64d55d-1a89-4955-9a32-8fdd897ba959@group-71DC6A674E3B-LeaderElection112] INFO  server.RaftServerConfigKeys (ConfUtils.java:logGet(43)) - raft.server.watch.timeout.denomination = 1s (default)
2019-10-02 00:33:35,991 [5d64d55d-1a89-4955-9a32-8fdd897ba959@group-71DC6A674E3B-LeaderElection112] INFO  server.RaftServerConfigKeys (ConfUtils.java:logGet(43)) - raft.server.watch.element-limit = 65536 (default)
2019-10-02 00:33:35,993 [5d64d55d-1a89-4955-9a32-8fdd897ba959@group-71DC6A674E3B-LeaderElection112] INFO  impl.RoleInfo (RoleInfo.java:updateAndGet(143)) - 5d64d55d-1a89-4955-9a32-8fdd897ba959: start LeaderState
2019-10-02 00:33:36,220 [5d64d55d-1a89-4955-9a32-8fdd897ba959@group-71DC6A674E3B-LeaderElection112] INFO  segmented.SegmentedRaftLogWorker (SegmentedRaftLogWorker.java:startLogSegment(385)) - 5d64d55d-1a89-4955-9a32-8fdd897ba959@group-71DC6A674E3B-SegmentedRaftLogWorker: Starting segment from index:0
2019-10-02 00:33:36,227 [Thread-4600] INFO  impl.FollowerState (FollowerState.java:run(108)) - 5d64d55d-1a89-4955-9a32-8fdd897ba959@group-A760887A3757-FollowerState: change to CANDIDATE, lastRpcTime:5189ms, electionTimeout:5166ms
2019-10-02 00:33:36,228 [Thread-4601] INFO  impl.FollowerState (FollowerState.java:run(108)) - f0106f71-445d-4a55-8ec3-61519ab99b40@group-A760887A3757-FollowerState: change to CANDIDATE, lastRpcTime:5189ms, electionTimeout:5093ms
2019-10-02 00:33:36,228 [Thread-4596] INFO  impl.FollowerState (FollowerState.java:run(108)) - bde9f098-4939-4e8a-8a59-5f73d74d5e56@group-A760887A3757-FollowerState: change to CANDIDATE, lastRpcTime:5193ms, electionTimeout:5100ms
2019-10-02 00:33:36,228 [Thread-4593] INFO  impl.FollowerState (FollowerState.java:run(108)) - f0106f71-445d-4a55-8ec3-61519ab99b40@group-4409579C01D7-FollowerState: change to CANDIDATE, lastRpcTime:5247ms, electionTimeout:5054ms
2019-10-02 00:33:36,228 [Thread-4601] INFO  impl.RoleInfo (RoleInfo.java:shutdownFollowerState(121)) - f0106f71-445d-4a55-8ec3-61519ab99b40: shutdown FollowerState
2019-10-02 00:33:36,228 [Thread-4600] INFO  impl.RoleInfo (RoleInfo.java:shutdownFollowerState(121)) - 5d64d55d-1a89-4955-9a32-8fdd897ba959: shutdown FollowerState
2019-10-02 00:33:36,228 [Thread-4588] INFO  impl.FollowerState (FollowerState.java:run(108)) - bde9f098-4939-4e8a-8a59-5f73d74d5e56@group-160C4C33B8D3-FollowerState: change to CANDIDATE, lastRpcTime:5342ms, electionTimeout:5193ms
2019-10-02 00:33:36,235 [Thread-4600] INFO  impl.RaftServerImpl (RaftServerImpl.java:setRole(170)) - 5d64d55d-1a89-4955-9a32-8fdd897ba959@group-A760887A3757: changes role from  FOLLOWER to CANDIDATE at term 0 for changeToCandidate
2019-10-02 00:33:36,235 [Thread-4601] INFO  impl.RaftServerImpl (RaftServerImpl.java:setRole(170)) - f0106f71-445d-4a55-8ec3-61519ab99b40@group-A760887A3757: changes role from  FOLLOWER to CANDIDATE at term 0 for changeToCandidate
2019-10-02 00:33:36,235 [Thread-4593] INFO  impl.RoleInfo (RoleInfo.java:shutdownFollowerState(121)) - f0106f71-445d-4a55-8ec3-61519ab99b40: shutdown FollowerState
2019-10-02 00:33:36,228 [Thread-4596] INFO  impl.RoleInfo (RoleInfo.java:shutdownFollowerState(121)) - bde9f098-4939-4e8a-8a59-5f73d74d5e56: shutdown FollowerState
2019-10-02 00:33:36,228 [5d64d55d-1a89-4955-9a32-8fdd897ba959@group-71DC6A674E3B-LeaderElection112] INFO  impl.RaftServerImpl (ServerState.java:setRaftConf(356)) - 5d64d55d-1a89-4955-9a32-8fdd897ba959@group-71DC6A674E3B: set configuration 0: [5d64d55d-1a89-4955-9a32-8fdd897ba959:192.168.151.67:45178], old=null at 0
2019-10-02 00:33:36,242 [Thread-4596] INFO  impl.RaftServerImpl (RaftServerImpl.java:setRole(170)) - bde9f098-4939-4e8a-8a59-5f73d74d5e56@group-A760887A3757: changes role from  FOLLOWER to CANDIDATE at term 0 for changeToCandidate
2019-10-02 00:33:36,242 [Thread-4593] INFO  impl.RaftServerImpl (RaftServerImpl.java:setRole(170)) - f0106f71-445d-4a55-8ec3-61519ab99b40@group-4409579C01D7: changes role from  FOLLOWER to CANDIDATE at term 0 for changeToCandidate
2019-10-02 00:33:36,242 [Thread-4601] INFO  impl.RoleInfo (RoleInfo.java:updateAndGet(143)) - f0106f71-445d-4a55-8ec3-61519ab99b40: start LeaderElection
2019-10-02 00:33:36,242 [Thread-4600] INFO  impl.RoleInfo (RoleInfo.java:updateAndGet(143)) - 5d64d55d-1a89-4955-9a32-8fdd897ba959: start LeaderElection
2019-10-02 00:33:36,242 [Thread-4588] INFO  impl.RoleInfo (RoleInfo.java:shutdownFollowerState(121)) - bde9f098-4939-4e8a-8a59-5f73d74d5e56: shutdown FollowerState
2019-10-02 00:33:36,243 [Thread-4593] INFO  impl.RoleInfo (RoleInfo.java:updateAndGet(143)) - f0106f71-445d-4a55-8ec3-61519ab99b40: start LeaderElection
2019-10-02 00:33:36,243 [Thread-4596] INFO  impl.RoleInfo (RoleInfo.java:updateAndGet(143)) - bde9f098-4939-4e8a-8a59-5f73d74d5e56: start LeaderElection
2019-10-02 00:33:36,243 [Thread-4588] INFO  impl.RaftServerImpl (RaftServerImpl.java:setRole(170)) - bde9f098-4939-4e8a-8a59-5f73d74d5e56@group-160C4C33B8D3: changes role from  FOLLOWER to CANDIDATE at term 0 for changeToCandidate
2019-10-02 00:33:36,247 [Thread-4588] INFO  impl.RoleInfo (RoleInfo.java:updateAndGet(143)) - bde9f098-4939-4e8a-8a59-5f73d74d5e56: start LeaderElection
2019-10-02 00:33:36,347 [5d64d55d-1a89-4955-9a32-8fdd897ba959@group-71DC6A674E3B-SegmentedRaftLogWorker] INFO  segmented.SegmentedRaftLogWorker (SegmentedRaftLogWorker.java:execute(574)) - 5d64d55d-1a89-4955-9a32-8fdd897ba959@group-71DC6A674E3B-SegmentedRaftLogWorker: created new log segment /workdir/hadoop-ozone/integration-test/target/test-dir/MiniOzoneClusterImpl-fc2f9b79-8358-4999-9ef3-38efab3cd552/datanode-3/data/ratis/5031c601-c54c-4e0d-bfd7-71dc6a674e3b/current/log_inprogress_0
2019-10-02 00:33:36,372 [f0106f71-445d-4a55-8ec3-61519ab99b40@group-4409579C01D7-LeaderElection116] INFO  impl.LeaderElection (LeaderElection.java:askForVotes(178)) - f0106f71-445d-4a55-8ec3-61519ab99b40@group-4409579C01D7-LeaderElection116: begin an election at term 1 for -1: [f0106f71-445d-4a55-8ec3-61519ab99b40:192.168.151.67:43261], old=null
2019-10-02 00:33:36,372 [5d64d55d-1a89-4955-9a32-8fdd897ba959@group-A760887A3757-LeaderElection113] INFO  impl.LeaderElection (LeaderElection.java:askForVotes(178)) - 5d64d55d-1a89-4955-9a32-8fdd897ba959@group-A760887A3757-LeaderElection113: begin an election at term 1 for -1: [5d64d55d-1a89-4955-9a32-8fdd897ba959:192.168.151.67:45178, bde9f098-4939-4e8a-8a59-5f73d74d5e56:192.168.151.67:37903, f0106f71-445d-4a55-8ec3-61519ab99b40:192.168.151.67:43261], old=null
2019-10-02 00:33:36,372 [f0106f71-445d-4a55-8ec3-61519ab99b40@group-4409579C01D7-LeaderElection116] INFO  impl.RoleInfo (RoleInfo.java:shutdownLeaderElection(134)) - f0106f71-445d-4a55-8ec3-61519ab99b40: shutdown LeaderElection
2019-10-02 00:33:36,372 [bde9f098-4939-4e8a-8a59-5f73d74d5e56@group-160C4C33B8D3-LeaderElection117] INFO  impl.LeaderElection (LeaderElection.java:askForVotes(178)) - bde9f098-4939-4e8a-8a59-5f73d74d5e56@group-160C4C33B8D3-LeaderElection117: begin an election at term 1 for -1: [bde9f098-4939-4e8a-8a59-5f73d74d5e56:192.168.151.67:37903], old=null
2019-10-02 00:33:36,372 [f0106f71-445d-4a55-8ec3-61519ab99b40@group-A760887A3757-LeaderElection114] INFO  impl.LeaderElection (LeaderElection.java:askForVotes(178)) - f0106f71-445d-4a55-8ec3-61519ab99b40@group-A760887A3757-LeaderElection114: begin an election at term 1 for -1: [5d64d55d-1a89-4955-9a32-8fdd897ba959:192.168.151.67:45178, bde9f098-4939-4e8a-8a59-5f73d74d5e56:192.168.151.67:37903, f0106f71-445d-4a55-8ec3-61519ab99b40:192.168.151.67:43261], old=null
2019-10-02 00:33:36,372 [bde9f098-4939-4e8a-8a59-5f73d74d5e56@group-A760887A3757-LeaderElection115] INFO  impl.LeaderElection (LeaderElection.java:askForVotes(178)) - bde9f098-4939-4e8a-8a59-5f73d74d5e56@group-A760887A3757-LeaderElection115: begin an election at term 1 for -1: [5d64d55d-1a89-4955-9a32-8fdd897ba959:192.168.151.67:45178, bde9f098-4939-4e8a-8a59-5f73d74d5e56:192.168.151.67:37903, f0106f71-445d-4a55-8ec3-61519ab99b40:192.168.151.67:43261], old=null
2019-10-02 00:33:36,376 [bde9f098-4939-4e8a-8a59-5f73d74d5e56@group-160C4C33B8D3-LeaderElection117] INFO  impl.RoleInfo (RoleInfo.java:shutdownLeaderElection(134)) - bde9f098-4939-4e8a-8a59-5f73d74d5e56: shutdown LeaderElection
2019-10-02 00:33:36,376 [f0106f71-445d-4a55-8ec3-61519ab99b40@group-4409579C01D7-LeaderElection116] INFO  impl.RaftServerImpl (RaftServerImpl.java:setRole(170)) - f0106f71-445d-4a55-8ec3-61519ab99b40@group-4409579C01D7: changes role from CANDIDATE to LEADER at term 1 for changeToLeader
2019-10-02 00:33:36,376 [bde9f098-4939-4e8a-8a59-5f73d74d5e56@group-160C4C33B8D3-LeaderElection117] INFO  impl.RaftServerImpl (RaftServerImpl.java:setRole(170)) - bde9f098-4939-4e8a-8a59-5f73d74d5e56@group-160C4C33B8D3: changes role from CANDIDATE to LEADER at term 1 for changeToLeader
2019-10-02 00:33:36,376 [f0106f71-445d-4a55-8ec3-61519ab99b40@group-4409579C01D7-LeaderElection116] INFO  impl.RaftServerImpl (ServerState.java:setLeader(255)) - f0106f71-445d-4a55-8ec3-61519ab99b40@group-4409579C01D7: change Leader from null to f0106f71-445d-4a55-8ec3-61519ab99b40 at term 1 for becomeLeader, leader elected after 5400ms
2019-10-02 00:33:36,380 [bde9f098-4939-4e8a-8a59-5f73d74d5e56@group-160C4C33B8D3-LeaderElection117] INFO  impl.RaftServerImpl (ServerState.java:setLeader(255)) - bde9f098-4939-4e8a-8a59-5f73d74d5e56@group-160C4C33B8D3: change Leader from null to bde9f098-4939-4e8a-8a59-5f73d74d5e56 at term 1 for becomeLeader, leader elected after 5501ms
2019-10-02 00:33:36,380 [f0106f71-445d-4a55-8ec3-61519ab99b40@group-4409579C01D7-LeaderElection116] INFO  server.RaftServerConfigKeys (ConfUtils.java:logGet(43)) - raft.server.staging.catchup.gap = 1000 (default)
2019-10-02 00:33:36,380 [bde9f098-4939-4e8a-8a59-5f73d74d5e56@group-160C4C33B8D3-LeaderElection117] INFO  server.RaftServerConfigKeys (ConfUtils.java:logGet(43)) - raft.server.staging.catchup.gap = 1000 (default)
2019-10-02 00:33:36,380 [f0106f71-445d-4a55-8ec3-61519ab99b40@group-4409579C01D7-LeaderElection116] INFO  server.RaftServerConfigKeys (ConfUtils.java:logGet(43)) - raft.server.rpc.sleep.time = 25ms (default)
2019-10-02 00:33:36,450 [bde9f098-4939-4e8a-8a59-5f73d74d5e56@group-160C4C33B8D3-LeaderElection117] INFO  server.RaftServerConfigKeys (ConfUtils.java:logGet(43)) - raft.server.rpc.sleep.time = 25ms (default)
2019-10-02 00:33:36,451 [f0106f71-445d-4a55-8ec3-61519ab99b40@group-4409579C01D7-LeaderElection116] INFO  server.RaftServerConfigKeys (ConfUtils.java:logGet(43)) - raft.server.write.element-limit = 4096 (default)
2019-10-02 00:33:36,451 [bde9f098-4939-4e8a-8a59-5f73d74d5e56@group-160C4C33B8D3-LeaderElection117] INFO  server.RaftServerConfigKeys (ConfUtils.java:logGet(43)) - raft.server.write.element-limit = 4096 (default)
2019-10-02 00:33:36,451 [f0106f71-445d-4a55-8ec3-61519ab99b40@group-4409579C01D7-LeaderElection116] INFO  server.RaftServerConfigKeys (ConfUtils.java:logGet(43)) - raft.server.watch.timeout = 10s (default)
2019-10-02 00:33:36,451 [bde9f098-4939-4e8a-8a59-5f73d74d5e56@group-160C4C33B8D3-LeaderElection117] INFO  server.RaftServerConfigKeys (ConfUtils.java:logGet(43)) - raft.server.watch.timeout = 10s (default)
2019-10-02 00:33:36,451 [f0106f71-445d-4a55-8ec3-61519ab99b40@group-4409579C01D7-LeaderElection116] INFO  server.RaftServerConfigKeys (ConfUtils.java:logGet(43)) - raft.server.watch.timeout.denomination = 1s (default)
2019-10-02 00:33:36,451 [bde9f098-4939-4e8a-8a59-5f73d74d5e56@group-160C4C33B8D3-LeaderElection117] INFO  server.RaftServerConfigKeys (ConfUtils.java:logGet(43)) - raft.server.watch.timeout.denomination = 1s (default)
2019-10-02 00:33:36,454 [f0106f71-445d-4a55-8ec3-61519ab99b40@group-4409579C01D7-LeaderElection116] INFO  server.RaftServerConfigKeys (ConfUtils.java:logGet(43)) - raft.server.watch.element-limit = 65536 (default)
2019-10-02 00:33:36,454 [bde9f098-4939-4e8a-8a59-5f73d74d5e56@group-160C4C33B8D3-LeaderElection117] INFO  server.RaftServerConfigKeys (ConfUtils.java:logGet(43)) - raft.server.watch.element-limit = 65536 (default)
2019-10-02 00:33:36,466 [f0106f71-445d-4a55-8ec3-61519ab99b40@group-4409579C01D7-LeaderElection116] INFO  impl.RoleInfo (RoleInfo.java:updateAndGet(143)) - f0106f71-445d-4a55-8ec3-61519ab99b40: start LeaderState
2019-10-02 00:33:36,466 [bde9f098-4939-4e8a-8a59-5f73d74d5e56@group-160C4C33B8D3-LeaderElection117] INFO  impl.RoleInfo (RoleInfo.java:updateAndGet(143)) - bde9f098-4939-4e8a-8a59-5f73d74d5e56: start LeaderState
2019-10-02 00:33:36,466 [bde9f098-4939-4e8a-8a59-5f73d74d5e56@group-160C4C33B8D3-LeaderElection117] INFO  segmented.SegmentedRaftLogWorker (SegmentedRaftLogWorker.java:startLogSegment(385)) - bde9f098-4939-4e8a-8a59-5f73d74d5e56@group-160C4C33B8D3-SegmentedRaftLogWorker: Starting segment from index:0
2019-10-02 00:33:36,466 [f0106f71-445d-4a55-8ec3-61519ab99b40@group-4409579C01D7-LeaderElection116] INFO  segmented.SegmentedRaftLogWorker (SegmentedRaftLogWorker.java:startLogSegment(385)) - f0106f71-445d-4a55-8ec3-61519ab99b40@group-4409579C01D7-SegmentedRaftLogWorker: Starting segment from index:0
2019-10-02 00:33:36,467 [bde9f098-4939-4e8a-8a59-5f73d74d5e56@group-160C4C33B8D3-LeaderElection117] INFO  impl.RaftServerImpl (ServerState.java:setRaftConf(356)) - bde9f098-4939-4e8a-8a59-5f73d74d5e56@group-160C4C33B8D3: set configuration 0: [bde9f098-4939-4e8a-8a59-5f73d74d5e56:192.168.151.67:37903], old=null at 0
2019-10-02 00:33:36,467 [f0106f71-445d-4a55-8ec3-61519ab99b40@group-4409579C01D7-LeaderElection116] INFO  impl.RaftServerImpl (ServerState.java:setRaftConf(356)) - f0106f71-445d-4a55-8ec3-61519ab99b40@group-4409579C01D7: set configuration 0: [f0106f71-445d-4a55-8ec3-61519ab99b40:192.168.151.67:43261], old=null at 0
2019-10-02 00:33:36,518 [bde9f098-4939-4e8a-8a59-5f73d74d5e56@group-A760887A3757-LeaderElection115] INFO  impl.LeaderElection (LeaderElection.java:logAndReturn(56)) - bde9f098-4939-4e8a-8a59-5f73d74d5e56@group-A760887A3757-LeaderElection115: Election REJECTED; received 2 response(s) [bde9f098-4939-4e8a-8a59-5f73d74d5e56<-5d64d55d-1a89-4955-9a32-8fdd897ba959#0:FAIL-t1, bde9f098-4939-4e8a-8a59-5f73d74d5e56<-f0106f71-445d-4a55-8ec3-61519ab99b40#0:FAIL-t1] and 0 exception(s); bde9f098-4939-4e8a-8a59-5f73d74d5e56@group-A760887A3757:t1, leader=null, voted=bde9f098-4939-4e8a-8a59-5f73d74d5e56, raftlog=bde9f098-4939-4e8a-8a59-5f73d74d5e56@group-A760887A3757-SegmentedRaftLog:OPENED:c-1,f-1,i0, conf=-1: [5d64d55d-1a89-4955-9a32-8fdd897ba959:192.168.151.67:45178, bde9f098-4939-4e8a-8a59-5f73d74d5e56:192.168.151.67:37903, f0106f71-445d-4a55-8ec3-61519ab99b40:192.168.151.67:43261], old=null
2019-10-02 00:33:36,518 [bde9f098-4939-4e8a-8a59-5f73d74d5e56@group-A760887A3757-LeaderElection115] INFO  impl.RaftServerImpl (RaftServerImpl.java:setRole(170)) - bde9f098-4939-4e8a-8a59-5f73d74d5e56@group-A760887A3757: changes role from CANDIDATE to FOLLOWER at term 1 for DISCOVERED_A_NEW_TERM
2019-10-02 00:33:36,518 [bde9f098-4939-4e8a-8a59-5f73d74d5e56@group-A760887A3757-LeaderElection115] INFO  impl.RoleInfo (RoleInfo.java:shutdownLeaderElection(134)) - bde9f098-4939-4e8a-8a59-5f73d74d5e56: shutdown LeaderElection
2019-10-02 00:33:36,518 [bde9f098-4939-4e8a-8a59-5f73d74d5e56@group-A760887A3757-LeaderElection115] INFO  impl.RoleInfo (RoleInfo.java:updateAndGet(143)) - bde9f098-4939-4e8a-8a59-5f73d74d5e56: start FollowerState
2019-10-02 00:33:36,519 [f0106f71-445d-4a55-8ec3-61519ab99b40@group-A760887A3757-LeaderElection114] INFO  impl.LeaderElection (LeaderElection.java:logAndReturn(56)) - f0106f71-445d-4a55-8ec3-61519ab99b40@group-A760887A3757-LeaderElection114: Election REJECTED; received 2 response(s) [f0106f71-445d-4a55-8ec3-61519ab99b40<-5d64d55d-1a89-4955-9a32-8fdd897ba959#0:FAIL-t1, f0106f71-445d-4a55-8ec3-61519ab99b40<-bde9f098-4939-4e8a-8a59-5f73d74d5e56#0:FAIL-t1] and 0 exception(s); f0106f71-445d-4a55-8ec3-61519ab99b40@group-A760887A3757:t1, leader=null, voted=f0106f71-445d-4a55-8ec3-61519ab99b40, raftlog=f0106f71-445d-4a55-8ec3-61519ab99b40@group-A760887A3757-SegmentedRaftLog:OPENED:c-1,f-1,i0, conf=-1: [5d64d55d-1a89-4955-9a32-8fdd897ba959:192.168.151.67:45178, bde9f098-4939-4e8a-8a59-5f73d74d5e56:192.168.151.67:37903, f0106f71-445d-4a55-8ec3-61519ab99b40:192.168.151.67:43261], old=null
2019-10-02 00:33:36,523 [bde9f098-4939-4e8a-8a59-5f73d74d5e56@group-160C4C33B8D3-SegmentedRaftLogWorker] INFO  segmented.SegmentedRaftLogWorker (SegmentedRaftLogWorker.java:execute(574)) - bde9f098-4939-4e8a-8a59-5f73d74d5e56@group-160C4C33B8D3-SegmentedRaftLogWorker: created new log segment /workdir/hadoop-ozone/integration-test/target/test-dir/MiniOzoneClusterImpl-fc2f9b79-8358-4999-9ef3-38efab3cd552/datanode-5/data/ratis/b18e30a1-c8c7-48ef-98aa-160c4c33b8d3/current/log_inprogress_0
2019-10-02 00:33:36,523 [f0106f71-445d-4a55-8ec3-61519ab99b40@group-A760887A3757-LeaderElection114] INFO  impl.RaftServerImpl (RaftServerImpl.java:setRole(170)) - f0106f71-445d-4a55-8ec3-61519ab99b40@group-A760887A3757: changes role from CANDIDATE to FOLLOWER at term 1 for DISCOVERED_A_NEW_TERM
2019-10-02 00:33:36,532 [f0106f71-445d-4a55-8ec3-61519ab99b40@group-A760887A3757-LeaderElection114] INFO  impl.RoleInfo (RoleInfo.java:shutdownLeaderElection(134)) - f0106f71-445d-4a55-8ec3-61519ab99b40: shutdown LeaderElection
2019-10-02 00:33:36,523 [f0106f71-445d-4a55-8ec3-61519ab99b40@group-4409579C01D7-SegmentedRaftLogWorker] INFO  segmented.SegmentedRaftLogWorker (SegmentedRaftLogWorker.java:execute(574)) - f0106f71-445d-4a55-8ec3-61519ab99b40@group-4409579C01D7-SegmentedRaftLogWorker: created new log segment /workdir/hadoop-ozone/integration-test/target/test-dir/MiniOzoneClusterImpl-fc2f9b79-8358-4999-9ef3-38efab3cd552/datanode-6/data/ratis/357cb659-e52b-4eab-a961-4409579c01d7/current/log_inprogress_0
2019-10-02 00:33:36,536 [f0106f71-445d-4a55-8ec3-61519ab99b40@group-A760887A3757-LeaderElection114] INFO  impl.RoleInfo (RoleInfo.java:updateAndGet(143)) - f0106f71-445d-4a55-8ec3-61519ab99b40: start FollowerState
2019-10-02 00:33:36,536 [5d64d55d-1a89-4955-9a32-8fdd897ba959@group-A760887A3757-LeaderElection113] INFO  impl.LeaderElection (LeaderElection.java:logAndReturn(56)) - 5d64d55d-1a89-4955-9a32-8fdd897ba959@group-A760887A3757-LeaderElection113: Election REJECTED; received 2 response(s) [5d64d55d-1a89-4955-9a32-8fdd897ba959<-bde9f098-4939-4e8a-8a59-5f73d74d5e56#0:FAIL-t1, 5d64d55d-1a89-4955-9a32-8fdd897ba959<-f0106f71-445d-4a55-8ec3-61519ab99b40#0:FAIL-t1] and 0 exception(s); 5d64d55d-1a89-4955-9a32-8fdd897ba959@group-A760887A3757:t1, leader=null, voted=5d64d55d-1a89-4955-9a32-8fdd897ba959, raftlog=5d64d55d-1a89-4955-9a32-8fdd897ba959@group-A760887A3757-SegmentedRaftLog:OPENED:c-1,f-1,i0, conf=-1: [5d64d55d-1a89-4955-9a32-8fdd897ba959:192.168.151.67:45178, bde9f098-4939-4e8a-8a59-5f73d74d5e56:192.168.151.67:37903, f0106f71-445d-4a55-8ec3-61519ab99b40:192.168.151.67:43261], old=null
2019-10-02 00:33:36,536 [5d64d55d-1a89-4955-9a32-8fdd897ba959@group-A760887A3757-LeaderElection113] INFO  impl.RaftServerImpl (RaftServerImpl.java:setRole(170)) - 5d64d55d-1a89-4955-9a32-8fdd897ba959@group-A760887A3757: changes role from CANDIDATE to FOLLOWER at term 1 for DISCOVERED_A_NEW_TERM
2019-10-02 00:33:36,536 [5d64d55d-1a89-4955-9a32-8fdd897ba959@group-A760887A3757-LeaderElection113] INFO  impl.RoleInfo (RoleInfo.java:shutdownLeaderElection(134)) - 5d64d55d-1a89-4955-9a32-8fdd897ba959: shutdown LeaderElection
2019-10-02 00:33:36,536 [5d64d55d-1a89-4955-9a32-8fdd897ba959@group-A760887A3757-LeaderElection113] INFO  impl.RoleInfo (RoleInfo.java:updateAndGet(143)) - 5d64d55d-1a89-4955-9a32-8fdd897ba959: start FollowerState
2019-10-02 00:33:36,729 [EventQueue-CloseContainerForCloseContainerEventHandler] INFO  container.CloseContainerEventHandler (CloseContainerEventHandler.java:onMessage(61)) - Close container Event triggered for container : #1
2019-10-02 00:33:36,734 [EventQueue-CloseContainerForCloseContainerEventHandler] INFO  container.CloseContainerEventHandler (CloseContainerEventHandler.java:onMessage(61)) - Close container Event triggered for container : #1
2019-10-02 00:33:36,734 [EventQueue-CloseContainerForCloseContainerEventHandler] INFO  container.CloseContainerEventHandler (CloseContainerEventHandler.java:onMessage(61)) - Close container Event triggered for container : #1
2019-10-02 00:33:38,686 [RatisApplyTransactionExecutor 1] INFO  interfaces.Container (KeyValueContainer.java:flushAndSyncDB(386)) - Container 1 is synced with bcsId 4.
2019-10-02 00:33:38,686 [RatisApplyTransactionExecutor 1] INFO  interfaces.Container (KeyValueContainer.java:flushAndSyncDB(386)) - Container 1 is synced with bcsId 4.
2019-10-02 00:33:38,687 [RatisApplyTransactionExecutor 1] INFO  interfaces.Container (KeyValueContainer.java:flushAndSyncDB(386)) - Container 1 is synced with bcsId 4.
2019-10-02 00:33:38,687 [RatisApplyTransactionExecutor 1] INFO  interfaces.Container (KeyValueContainer.java:flushAndSyncDB(386)) - Container 1 is synced with bcsId 4.
2019-10-02 00:33:38,687 [RatisApplyTransactionExecutor 1] INFO  interfaces.Container (KeyValueContainer.java:flushAndSyncDB(386)) - Container 1 is synced with bcsId 4.
2019-10-02 00:33:38,687 [RatisApplyTransactionExecutor 1] INFO  interfaces.Container (KeyValueContainer.java:flushAndSyncDB(386)) - Container 1 is synced with bcsId 4.
2019-10-02 00:33:38,701 [RatisApplyTransactionExecutor 1] INFO  interfaces.Container (KeyValueContainer.java:close(335)) - Container 1 is closed with bcsId 4.
2019-10-02 00:33:38,701 [RatisApplyTransactionExecutor 1] INFO  interfaces.Container (KeyValueContainer.java:close(335)) - Container 1 is closed with bcsId 4.
2019-10-02 00:33:38,701 [RatisApplyTransactionExecutor 1] INFO  interfaces.Container (KeyValueContainer.java:close(335)) - Container 1 is closed with bcsId 4.
2019-10-02 00:33:38,702 [EventQueue-IncrementalContainerReportForIncrementalContainerReportHandler] INFO  container.IncrementalContainerReportHandler (AbstractContainerReportHandler.java:updateContainerState(176)) - Moving container #1 to CLOSED state, datanode 59358f5f-cb81-417d-afdc-c941a2597248{ip: 192.168.151.67, host: pr-hdds-1984-s47sn-1814639636, networkLocation: /default-rack, certSerialId: null} reported CLOSED replica.
00:33:38.734 [grpc-default-executor-4] ERROR DNAudit - user=null | ip=null | op=WRITE_CHUNK {blockData=conID: 1 locID: 102889974074310678 bcsId: 4} | ret=FAILURE
org.apache.hadoop.hdds.scm.container.common.helpers.ContainerNotOpenException: Container 1 in CLOSED state
	at org.apache.hadoop.ozone.container.common.impl.HddsDispatcher.validateContainerCommand(HddsDispatcher.java:434) ~[hadoop-hdds-container-service-0.5.0-SNAPSHOT.jar:?]
	at org.apache.hadoop.ozone.container.common.transport.server.ratis.ContainerStateMachine.startTransaction(ContainerStateMachine.java:315) ~[hadoop-hdds-container-service-0.5.0-SNAPSHOT.jar:?]
	at org.apache.ratis.server.impl.RaftServerImpl.submitClientRequestAsync(RaftServerImpl.java:569) ~[ratis-server-0.5.0-201fc85-SNAPSHOT.jar:0.5.0-201fc85-SNAPSHOT]
	at org.apache.ratis.server.impl.RaftServerProxy.lambda$submitClientRequestAsync$7(RaftServerProxy.java:333) ~[ratis-server-0.5.0-201fc85-SNAPSHOT.jar:0.5.0-201fc85-SNAPSHOT]
	at org.apache.ratis.server.impl.RaftServerProxy.lambda$null$5(RaftServerProxy.java:328) ~[ratis-server-0.5.0-201fc85-SNAPSHOT.jar:0.5.0-201fc85-SNAPSHOT]
	at org.apache.ratis.util.JavaUtils.callAsUnchecked(JavaUtils.java:109) ~[ratis-common-0.5.0-201fc85-SNAPSHOT.jar:0.5.0-201fc85-SNAPSHOT]
	at org.apache.ratis.server.impl.RaftServerProxy.lambda$submitRequest$6(RaftServerProxy.java:328) ~[ratis-server-0.5.0-201fc85-SNAPSHOT.jar:0.5.0-201fc85-SNAPSHOT]
	at java.util.concurrent.CompletableFuture.uniComposeStage(CompletableFuture.java:981) ~[?:1.8.0_212]
	at java.util.concurrent.CompletableFuture.thenCompose(CompletableFuture.java:2124) ~[?:1.8.0_212]
	at org.apache.ratis.server.impl.RaftServerProxy.submitRequest(RaftServerProxy.java:327) ~[ratis-server-0.5.0-201fc85-SNAPSHOT.jar:0.5.0-201fc85-SNAPSHOT]
	at org.apache.ratis.server.impl.RaftServerProxy.submitClientRequestAsync(RaftServerProxy.java:333) ~[ratis-server-0.5.0-201fc85-SNAPSHOT.jar:0.5.0-201fc85-SNAPSHOT]
	at org.apache.ratis.grpc.client.GrpcClientProtocolService$RequestStreamObserver.processClientRequest(GrpcClientProtocolService.java:220) ~[ratis-grpc-0.5.0-201fc85-SNAPSHOT.jar:0.5.0-201fc85-SNAPSHOT]
	at org.apache.ratis.grpc.client.GrpcClientProtocolService$OrderedRequestStreamObserver.processClientRequest(GrpcClientProtocolService.java:326) ~[ratis-grpc-0.5.0-201fc85-SNAPSHOT.jar:0.5.0-201fc85-SNAPSHOT]
	at org.apache.ratis.util.SlidingWindow$Server.processRequestsFromHead(SlidingWindow.java:429) [ratis-common-0.5.0-201fc85-SNAPSHOT.jar:0.5.0-201fc85-SNAPSHOT]
	at org.apache.ratis.util.SlidingWindow$Server.receivedRequest(SlidingWindow.java:421) [ratis-common-0.5.0-201fc85-SNAPSHOT.jar:0.5.0-201fc85-SNAPSHOT]
	at org.apache.ratis.grpc.client.GrpcClientProtocolService$OrderedRequestStreamObserver.processClientRequest(GrpcClientProtocolService.java:345) [ratis-grpc-0.5.0-201fc85-SNAPSHOT.jar:0.5.0-201fc85-SNAPSHOT]
	at org.apache.ratis.grpc.client.GrpcClientProtocolService$RequestStreamObserver.onNext(GrpcClientProtocolService.java:240) [ratis-grpc-0.5.0-201fc85-SNAPSHOT.jar:0.5.0-201fc85-SNAPSHOT]
	at org.apache.ratis.grpc.client.GrpcClientProtocolService$RequestStreamObserver.onNext(GrpcClientProtocolService.java:168) [ratis-grpc-0.5.0-201fc85-SNAPSHOT.jar:0.5.0-201fc85-SNAPSHOT]
	at org.apache.ratis.thirdparty.io.grpc.stub.ServerCalls$StreamingServerCallHandler$StreamingServerCallListener.onMessage(ServerCalls.java:248) [ratis-thirdparty-misc-0.2.0.jar:0.2.0]
	at org.apache.ratis.thirdparty.io.grpc.internal.ServerCallImpl$ServerStreamListenerImpl.messagesAvailable(ServerCallImpl.java:263) [ratis-thirdparty-misc-0.2.0.jar:0.2.0]
	at org.apache.ratis.thirdparty.io.grpc.internal.ServerImpl$JumpToApplicationThreadServerStreamListener$1MessagesAvailable.runInContext(ServerImpl.java:686) [ratis-thirdparty-misc-0.2.0.jar:0.2.0]
	at org.apache.ratis.thirdparty.io.grpc.internal.ContextRunnable.run(ContextRunnable.java:37) [ratis-thirdparty-misc-0.2.0.jar:0.2.0]
	at org.apache.ratis.thirdparty.io.grpc.internal.SerializingExecutor.run(SerializingExecutor.java:123) [ratis-thirdparty-misc-0.2.0.jar:0.2.0]
	at java.util.concurrent.ThreadPoolExecutor.runWorker(ThreadPoolExecutor.java:1149) [?:1.8.0_212]
	at java.util.concurrent.ThreadPoolExecutor$Worker.run(ThreadPoolExecutor.java:624) [?:1.8.0_212]
	at java.lang.Thread.run(Thread.java:748) [?:1.8.0_212]
00:33:38.736 [grpc-default-executor-4] ERROR DNAudit - user=null | ip=null | op=WRITE_CHUNK {blockData=conID: 1 locID: 102889974074310678 bcsId: 4} | ret=FAILURE
org.apache.hadoop.hdds.scm.container.common.helpers.ContainerNotOpenException: Container 1 in CLOSED state
	at org.apache.hadoop.ozone.container.common.impl.HddsDispatcher.validateContainerCommand(HddsDispatcher.java:434) ~[hadoop-hdds-container-service-0.5.0-SNAPSHOT.jar:?]
	at org.apache.hadoop.ozone.container.common.transport.server.ratis.ContainerStateMachine.startTransaction(ContainerStateMachine.java:315) ~[hadoop-hdds-container-service-0.5.0-SNAPSHOT.jar:?]
	at org.apache.ratis.server.impl.RaftServerImpl.submitClientRequestAsync(RaftServerImpl.java:569) ~[ratis-server-0.5.0-201fc85-SNAPSHOT.jar:0.5.0-201fc85-SNAPSHOT]
	at org.apache.ratis.server.impl.RaftServerProxy.lambda$submitClientRequestAsync$7(RaftServerProxy.java:333) ~[ratis-server-0.5.0-201fc85-SNAPSHOT.jar:0.5.0-201fc85-SNAPSHOT]
	at org.apache.ratis.server.impl.RaftServerProxy.lambda$null$5(RaftServerProxy.java:328) ~[ratis-server-0.5.0-201fc85-SNAPSHOT.jar:0.5.0-201fc85-SNAPSHOT]
	at org.apache.ratis.util.JavaUtils.callAsUnchecked(JavaUtils.java:109) ~[ratis-common-0.5.0-201fc85-SNAPSHOT.jar:0.5.0-201fc85-SNAPSHOT]
	at org.apache.ratis.server.impl.RaftServerProxy.lambda$submitRequest$6(RaftServerProxy.java:328) ~[ratis-server-0.5.0-201fc85-SNAPSHOT.jar:0.5.0-201fc85-SNAPSHOT]
	at java.util.concurrent.CompletableFuture.uniComposeStage(CompletableFuture.java:981) ~[?:1.8.0_212]
	at java.util.concurrent.CompletableFuture.thenCompose(CompletableFuture.java:2124) ~[?:1.8.0_212]
	at org.apache.ratis.server.impl.RaftServerProxy.submitRequest(RaftServerProxy.java:327) ~[ratis-server-0.5.0-201fc85-SNAPSHOT.jar:0.5.0-201fc85-SNAPSHOT]
	at org.apache.ratis.server.impl.RaftServerProxy.submitClientRequestAsync(RaftServerProxy.java:333) ~[ratis-server-0.5.0-201fc85-SNAPSHOT.jar:0.5.0-201fc85-SNAPSHOT]
	at org.apache.ratis.grpc.client.GrpcClientProtocolService$RequestStreamObserver.processClientRequest(GrpcClientProtocolService.java:220) ~[ratis-grpc-0.5.0-201fc85-SNAPSHOT.jar:0.5.0-201fc85-SNAPSHOT]
	at org.apache.ratis.grpc.client.GrpcClientProtocolService$OrderedRequestStreamObserver.processClientRequest(GrpcClientProtocolService.java:326) ~[ratis-grpc-0.5.0-201fc85-SNAPSHOT.jar:0.5.0-201fc85-SNAPSHOT]
	at org.apache.ratis.util.SlidingWindow$Server.processRequestsFromHead(SlidingWindow.java:429) [ratis-common-0.5.0-201fc85-SNAPSHOT.jar:0.5.0-201fc85-SNAPSHOT]
	at org.apache.ratis.util.SlidingWindow$Server.receivedRequest(SlidingWindow.java:421) [ratis-common-0.5.0-201fc85-SNAPSHOT.jar:0.5.0-201fc85-SNAPSHOT]
	at org.apache.ratis.grpc.client.GrpcClientProtocolService$OrderedRequestStreamObserver.processClientRequest(GrpcClientProtocolService.java:345) [ratis-grpc-0.5.0-201fc85-SNAPSHOT.jar:0.5.0-201fc85-SNAPSHOT]
	at org.apache.ratis.grpc.client.GrpcClientProtocolService$RequestStreamObserver.onNext(GrpcClientProtocolService.java:240) [ratis-grpc-0.5.0-201fc85-SNAPSHOT.jar:0.5.0-201fc85-SNAPSHOT]
	at org.apache.ratis.grpc.client.GrpcClientProtocolService$RequestStreamObserver.onNext(GrpcClientProtocolService.java:168) [ratis-grpc-0.5.0-201fc85-SNAPSHOT.jar:0.5.0-201fc85-SNAPSHOT]
	at org.apache.ratis.thirdparty.io.grpc.stub.ServerCalls$StreamingServerCallHandler$StreamingServerCallListener.onMessage(ServerCalls.java:248) [ratis-thirdparty-misc-0.2.0.jar:0.2.0]
	at org.apache.ratis.thirdparty.io.grpc.internal.ServerCallImpl$ServerStreamListenerImpl.messagesAvailable(ServerCallImpl.java:263) [ratis-thirdparty-misc-0.2.0.jar:0.2.0]
	at org.apache.ratis.thirdparty.io.grpc.internal.ServerImpl$JumpToApplicationThreadServerStreamListener$1MessagesAvailable.runInContext(ServerImpl.java:686) [ratis-thirdparty-misc-0.2.0.jar:0.2.0]
	at org.apache.ratis.thirdparty.io.grpc.internal.ContextRunnable.run(ContextRunnable.java:37) [ratis-thirdparty-misc-0.2.0.jar:0.2.0]
	at org.apache.ratis.thirdparty.io.grpc.internal.SerializingExecutor.run(SerializingExecutor.java:123) [ratis-thirdparty-misc-0.2.0.jar:0.2.0]
	at java.util.concurrent.ThreadPoolExecutor.runWorker(ThreadPoolExecutor.java:1149) [?:1.8.0_212]
	at java.util.concurrent.ThreadPoolExecutor$Worker.run(ThreadPoolExecutor.java:624) [?:1.8.0_212]
	at java.lang.Thread.run(Thread.java:748) [?:1.8.0_212]
00:33:38.760 [grpc-default-executor-4] ERROR DNAudit - user=null | ip=null | op=PUT_BLOCK {blockData=[blockId=conID: 1 locID: 102889974074310678 bcsId: 0,size=334]} | ret=FAILURE
org.apache.hadoop.hdds.scm.container.common.helpers.ContainerNotOpenException: Container 1 in CLOSED state
	at org.apache.hadoop.ozone.container.common.impl.HddsDispatcher.validateContainerCommand(HddsDispatcher.java:434) ~[hadoop-hdds-container-service-0.5.0-SNAPSHOT.jar:?]
	at org.apache.hadoop.ozone.container.common.transport.server.ratis.ContainerStateMachine.startTransaction(ContainerStateMachine.java:315) ~[hadoop-hdds-container-service-0.5.0-SNAPSHOT.jar:?]
	at org.apache.ratis.server.impl.RaftServerImpl.submitClientRequestAsync(RaftServerImpl.java:569) ~[ratis-server-0.5.0-201fc85-SNAPSHOT.jar:0.5.0-201fc85-SNAPSHOT]
	at org.apache.ratis.server.impl.RaftServerProxy.lambda$submitClientRequestAsync$7(RaftServerProxy.java:333) ~[ratis-server-0.5.0-201fc85-SNAPSHOT.jar:0.5.0-201fc85-SNAPSHOT]
	at org.apache.ratis.server.impl.RaftServerProxy.lambda$null$5(RaftServerProxy.java:328) ~[ratis-server-0.5.0-201fc85-SNAPSHOT.jar:0.5.0-201fc85-SNAPSHOT]
	at org.apache.ratis.util.JavaUtils.callAsUnchecked(JavaUtils.java:109) ~[ratis-common-0.5.0-201fc85-SNAPSHOT.jar:0.5.0-201fc85-SNAPSHOT]
	at org.apache.ratis.server.impl.RaftServerProxy.lambda$submitRequest$6(RaftServerProxy.java:328) ~[ratis-server-0.5.0-201fc85-SNAPSHOT.jar:0.5.0-201fc85-SNAPSHOT]
	at java.util.concurrent.CompletableFuture.uniComposeStage(CompletableFuture.java:981) ~[?:1.8.0_212]
	at java.util.concurrent.CompletableFuture.thenCompose(CompletableFuture.java:2124) ~[?:1.8.0_212]
	at org.apache.ratis.server.impl.RaftServerProxy.submitRequest(RaftServerProxy.java:327) ~[ratis-server-0.5.0-201fc85-SNAPSHOT.jar:0.5.0-201fc85-SNAPSHOT]
	at org.apache.ratis.server.impl.RaftServerProxy.submitClientRequestAsync(RaftServerProxy.java:333) ~[ratis-server-0.5.0-201fc85-SNAPSHOT.jar:0.5.0-201fc85-SNAPSHOT]
	at org.apache.ratis.grpc.client.GrpcClientProtocolService$RequestStreamObserver.processClientRequest(GrpcClientProtocolService.java:220) ~[ratis-grpc-0.5.0-201fc85-SNAPSHOT.jar:0.5.0-201fc85-SNAPSHOT]
	at org.apache.ratis.grpc.client.GrpcClientProtocolService$OrderedRequestStreamObserver.processClientRequest(GrpcClientProtocolService.java:326) ~[ratis-grpc-0.5.0-201fc85-SNAPSHOT.jar:0.5.0-201fc85-SNAPSHOT]
	at org.apache.ratis.util.SlidingWindow$Server.processRequestsFromHead(SlidingWindow.java:429) [ratis-common-0.5.0-201fc85-SNAPSHOT.jar:0.5.0-201fc85-SNAPSHOT]
	at org.apache.ratis.util.SlidingWindow$Server.receivedRequest(SlidingWindow.java:421) [ratis-common-0.5.0-201fc85-SNAPSHOT.jar:0.5.0-201fc85-SNAPSHOT]
	at org.apache.ratis.grpc.client.GrpcClientProtocolService$OrderedRequestStreamObserver.processClientRequest(GrpcClientProtocolService.java:345) [ratis-grpc-0.5.0-201fc85-SNAPSHOT.jar:0.5.0-201fc85-SNAPSHOT]
	at org.apache.ratis.grpc.client.GrpcClientProtocolService$RequestStreamObserver.onNext(GrpcClientProtocolService.java:240) [ratis-grpc-0.5.0-201fc85-SNAPSHOT.jar:0.5.0-201fc85-SNAPSHOT]
	at org.apache.ratis.grpc.client.GrpcClientProtocolService$RequestStreamObserver.onNext(GrpcClientProtocolService.java:168) [ratis-grpc-0.5.0-201fc85-SNAPSHOT.jar:0.5.0-201fc85-SNAPSHOT]
	at org.apache.ratis.thirdparty.io.grpc.stub.ServerCalls$StreamingServerCallHandler$StreamingServerCallListener.onMessage(ServerCalls.java:248) [ratis-thirdparty-misc-0.2.0.jar:0.2.0]
	at org.apache.ratis.thirdparty.io.grpc.internal.ServerCallImpl$ServerStreamListenerImpl.messagesAvailable(ServerCallImpl.java:263) [ratis-thirdparty-misc-0.2.0.jar:0.2.0]
	at org.apache.ratis.thirdparty.io.grpc.internal.ServerImpl$JumpToApplicationThreadServerStreamListener$1MessagesAvailable.runInContext(ServerImpl.java:686) [ratis-thirdparty-misc-0.2.0.jar:0.2.0]
	at org.apache.ratis.thirdparty.io.grpc.internal.ContextRunnable.run(ContextRunnable.java:37) [ratis-thirdparty-misc-0.2.0.jar:0.2.0]
	at org.apache.ratis.thirdparty.io.grpc.internal.SerializingExecutor.run(SerializingExecutor.java:123) [ratis-thirdparty-misc-0.2.0.jar:0.2.0]
	at java.util.concurrent.ThreadPoolExecutor.runWorker(ThreadPoolExecutor.java:1149) [?:1.8.0_212]
	at java.util.concurrent.ThreadPoolExecutor$Worker.run(ThreadPoolExecutor.java:624) [?:1.8.0_212]
	at java.lang.Thread.run(Thread.java:748) [?:1.8.0_212]
2019-10-02 00:33:39,947 [main] WARN  scm.XceiverClientRatis (XceiverClientRatis.java:watchForCommit(292)) - 3 way commit failed on pipeline Pipeline[ Id: f2736389-b944-43b2-bbf3-279d9fbaaf60, Nodes: d5e39aa1-85df-4773-97f0-1a350615e09b{ip: 192.168.151.67, host: pr-hdds-1984-s47sn-1814639636, networkLocation: /default-rack, certSerialId: null}59358f5f-cb81-417d-afdc-c941a2597248{ip: 192.168.151.67, host: pr-hdds-1984-s47sn-1814639636, networkLocation: /default-rack, certSerialId: null}7dac08de-4677-4d75-96f1-007ade40e620{ip: 192.168.151.67, host: pr-hdds-1984-s47sn-1814639636, networkLocation: /default-rack, certSerialId: null}, Type:RATIS, Factor:THREE, State:OPEN]
java.util.concurrent.TimeoutException
	at java.util.concurrent.CompletableFuture.timedGet(CompletableFuture.java:1771)
	at java.util.concurrent.CompletableFuture.get(CompletableFuture.java:1915)
	at org.apache.hadoop.hdds.scm.XceiverClientRatis.watchForCommit(XceiverClientRatis.java:289)
	at org.apache.hadoop.hdds.scm.storage.CommitWatcher.watchForCommit(CommitWatcher.java:194)
	at org.apache.hadoop.hdds.scm.storage.CommitWatcher.watchOnLastIndex(CommitWatcher.java:157)
	at org.apache.hadoop.hdds.scm.storage.BlockOutputStream.watchForCommit(BlockOutputStream.java:347)
	at org.apache.hadoop.hdds.scm.storage.BlockOutputStream.handleFlush(BlockOutputStream.java:479)
	at org.apache.hadoop.hdds.scm.storage.BlockOutputStream.close(BlockOutputStream.java:493)
	at org.apache.hadoop.ozone.client.io.BlockOutputStreamEntry.close(BlockOutputStreamEntry.java:143)
	at org.apache.hadoop.ozone.client.io.KeyOutputStream.handleFlushOrClose(KeyOutputStream.java:435)
	at org.apache.hadoop.ozone.client.io.KeyOutputStream.close(KeyOutputStream.java:473)
	at org.apache.hadoop.ozone.client.io.OzoneOutputStream.close(OzoneOutputStream.java:60)
	at org.apache.hadoop.ozone.client.rpc.TestBlockOutputStreamWithFailures.testExceptionDuringClose(TestBlockOutputStreamWithFailures.java:754)
	at sun.reflect.NativeMethodAccessorImpl.invoke0(Native Method)
	at sun.reflect.NativeMethodAccessorImpl.invoke(NativeMethodAccessorImpl.java:62)
	at sun.reflect.DelegatingMethodAccessorImpl.invoke(DelegatingMethodAccessorImpl.java:43)
	at java.lang.reflect.Method.invoke(Method.java:498)
	at org.junit.runners.model.FrameworkMethod$1.runReflectiveCall(FrameworkMethod.java:47)
	at org.junit.internal.runners.model.ReflectiveCallable.run(ReflectiveCallable.java:12)
	at org.junit.runners.model.FrameworkMethod.invokeExplosively(FrameworkMethod.java:44)
	at org.junit.internal.runners.statements.InvokeMethod.evaluate(InvokeMethod.java:17)
	at org.junit.internal.runners.statements.RunBefores.evaluate(RunBefores.java:26)
	at org.junit.internal.runners.statements.RunAfters.evaluate(RunAfters.java:27)
	at org.junit.runners.ParentRunner.runLeaf(ParentRunner.java:271)
	at org.junit.runners.BlockJUnit4ClassRunner.runChild(BlockJUnit4ClassRunner.java:70)
	at org.junit.runners.BlockJUnit4ClassRunner.runChild(BlockJUnit4ClassRunner.java:50)
	at org.junit.runners.ParentRunner$3.run(ParentRunner.java:238)
	at org.junit.runners.ParentRunner$1.schedule(ParentRunner.java:63)
	at org.junit.runners.ParentRunner.runChildren(ParentRunner.java:236)
	at org.junit.runners.ParentRunner.access$000(ParentRunner.java:53)
	at org.junit.runners.ParentRunner$2.evaluate(ParentRunner.java:229)
	at org.junit.runners.ParentRunner.run(ParentRunner.java:309)
	at org.apache.maven.surefire.junit4.JUnit4Provider.execute(JUnit4Provider.java:365)
	at org.apache.maven.surefire.junit4.JUnit4Provider.executeWithRerun(JUnit4Provider.java:273)
	at org.apache.maven.surefire.junit4.JUnit4Provider.executeTestSet(JUnit4Provider.java:238)
	at org.apache.maven.surefire.junit4.JUnit4Provider.invoke(JUnit4Provider.java:159)
	at org.apache.maven.surefire.booter.ForkedBooter.invokeProviderInSameClassLoader(ForkedBooter.java:384)
	at org.apache.maven.surefire.booter.ForkedBooter.runSuitesInProcess(ForkedBooter.java:345)
	at org.apache.maven.surefire.booter.ForkedBooter.execute(ForkedBooter.java:126)
	at org.apache.maven.surefire.booter.ForkedBooter.main(ForkedBooter.java:418)
2019-10-02 00:33:40,952 [main] WARN  storage.CommitWatcher (CommitWatcher.java:watchForCommit(203)) - watchForCommit failed for index 11
java.util.concurrent.TimeoutException
	at java.util.concurrent.CompletableFuture.timedGet(CompletableFuture.java:1771)
	at java.util.concurrent.CompletableFuture.get(CompletableFuture.java:1915)
	at org.apache.hadoop.hdds.scm.XceiverClientRatis.watchForCommit(XceiverClientRatis.java:298)
	at org.apache.hadoop.hdds.scm.storage.CommitWatcher.watchForCommit(CommitWatcher.java:194)
	at org.apache.hadoop.hdds.scm.storage.CommitWatcher.watchOnLastIndex(CommitWatcher.java:157)
	at org.apache.hadoop.hdds.scm.storage.BlockOutputStream.watchForCommit(BlockOutputStream.java:347)
	at org.apache.hadoop.hdds.scm.storage.BlockOutputStream.handleFlush(BlockOutputStream.java:479)
	at org.apache.hadoop.hdds.scm.storage.BlockOutputStream.close(BlockOutputStream.java:493)
	at org.apache.hadoop.ozone.client.io.BlockOutputStreamEntry.close(BlockOutputStreamEntry.java:143)
	at org.apache.hadoop.ozone.client.io.KeyOutputStream.handleFlushOrClose(KeyOutputStream.java:435)
	at org.apache.hadoop.ozone.client.io.KeyOutputStream.close(KeyOutputStream.java:473)
	at org.apache.hadoop.ozone.client.io.OzoneOutputStream.close(OzoneOutputStream.java:60)
	at org.apache.hadoop.ozone.client.rpc.TestBlockOutputStreamWithFailures.testExceptionDuringClose(TestBlockOutputStreamWithFailures.java:754)
	at sun.reflect.NativeMethodAccessorImpl.invoke0(Native Method)
	at sun.reflect.NativeMethodAccessorImpl.invoke(NativeMethodAccessorImpl.java:62)
	at sun.reflect.DelegatingMethodAccessorImpl.invoke(DelegatingMethodAccessorImpl.java:43)
	at java.lang.reflect.Method.invoke(Method.java:498)
	at org.junit.runners.model.FrameworkMethod$1.runReflectiveCall(FrameworkMethod.java:47)
	at org.junit.internal.runners.model.ReflectiveCallable.run(ReflectiveCallable.java:12)
	at org.junit.runners.model.FrameworkMethod.invokeExplosively(FrameworkMethod.java:44)
	at org.junit.internal.runners.statements.InvokeMethod.evaluate(InvokeMethod.java:17)
	at org.junit.internal.runners.statements.RunBefores.evaluate(RunBefores.java:26)
	at org.junit.internal.runners.statements.RunAfters.evaluate(RunAfters.java:27)
	at org.junit.runners.ParentRunner.runLeaf(ParentRunner.java:271)
	at org.junit.runners.BlockJUnit4ClassRunner.runChild(BlockJUnit4ClassRunner.java:70)
	at org.junit.runners.BlockJUnit4ClassRunner.runChild(BlockJUnit4ClassRunner.java:50)
	at org.junit.runners.ParentRunner$3.run(ParentRunner.java:238)
	at org.junit.runners.ParentRunner$1.schedule(ParentRunner.java:63)
	at org.junit.runners.ParentRunner.runChildren(ParentRunner.java:236)
	at org.junit.runners.ParentRunner.access$000(ParentRunner.java:53)
	at org.junit.runners.ParentRunner$2.evaluate(ParentRunner.java:229)
	at org.junit.runners.ParentRunner.run(ParentRunner.java:309)
	at org.apache.maven.surefire.junit4.JUnit4Provider.execute(JUnit4Provider.java:365)
	at org.apache.maven.surefire.junit4.JUnit4Provider.executeWithRerun(JUnit4Provider.java:273)
	at org.apache.maven.surefire.junit4.JUnit4Provider.executeTestSet(JUnit4Provider.java:238)
	at org.apache.maven.surefire.junit4.JUnit4Provider.invoke(JUnit4Provider.java:159)
	at org.apache.maven.surefire.booter.ForkedBooter.invokeProviderInSameClassLoader(ForkedBooter.java:384)
	at org.apache.maven.surefire.booter.ForkedBooter.runSuitesInProcess(ForkedBooter.java:345)
	at org.apache.maven.surefire.booter.ForkedBooter.execute(ForkedBooter.java:126)
	at org.apache.maven.surefire.booter.ForkedBooter.main(ForkedBooter.java:418)
2019-10-02 00:33:40,954 [main] WARN  io.KeyOutputStream (KeyOutputStream.java:handleException(274)) - Encountered exception java.io.IOException: Unexpected Storage Container Exception: java.io.IOException: Unexpected Storage Container Exception: java.util.concurrent.TimeoutException on the pipeline Pipeline[ Id: f2736389-b944-43b2-bbf3-279d9fbaaf60, Nodes: d5e39aa1-85df-4773-97f0-1a350615e09b{ip: 192.168.151.67, host: pr-hdds-1984-s47sn-1814639636, networkLocation: /default-rack, certSerialId: null}59358f5f-cb81-417d-afdc-c941a2597248{ip: 192.168.151.67, host: pr-hdds-1984-s47sn-1814639636, networkLocation: /default-rack, certSerialId: null}7dac08de-4677-4d75-96f1-007ade40e620{ip: 192.168.151.67, host: pr-hdds-1984-s47sn-1814639636, networkLocation: /default-rack, certSerialId: null}, Type:RATIS, Factor:THREE, State:OPEN]. The last committed block length is 0, uncommitted data length is 167 retry count 0
2019-10-02 00:33:41,616 [Thread-4670] INFO  impl.FollowerState (FollowerState.java:run(108)) - f0106f71-445d-4a55-8ec3-61519ab99b40@group-A760887A3757-FollowerState: change to CANDIDATE, lastRpcTime:5080ms, electionTimeout:5080ms
2019-10-02 00:33:41,622 [Thread-4670] INFO  impl.RoleInfo (RoleInfo.java:shutdownFollowerState(121)) - f0106f71-445d-4a55-8ec3-61519ab99b40: shutdown FollowerState
2019-10-02 00:33:41,622 [Thread-4670] INFO  impl.RaftServerImpl (RaftServerImpl.java:setRole(170)) - f0106f71-445d-4a55-8ec3-61519ab99b40@group-A760887A3757: changes role from  FOLLOWER to CANDIDATE at term 1 for changeToCandidate
2019-10-02 00:33:41,622 [Thread-4670] INFO  impl.RoleInfo (RoleInfo.java:updateAndGet(143)) - f0106f71-445d-4a55-8ec3-61519ab99b40: start LeaderElection
2019-10-02 00:33:41,640 [f0106f71-445d-4a55-8ec3-61519ab99b40@group-A760887A3757-LeaderElection118] INFO  impl.LeaderElection (LeaderElection.java:askForVotes(178)) - f0106f71-445d-4a55-8ec3-61519ab99b40@group-A760887A3757-LeaderElection118: begin an election at term 2 for -1: [5d64d55d-1a89-4955-9a32-8fdd897ba959:192.168.151.67:45178, bde9f098-4939-4e8a-8a59-5f73d74d5e56:192.168.151.67:37903, f0106f71-445d-4a55-8ec3-61519ab99b40:192.168.151.67:43261], old=null
2019-10-02 00:33:41,646 [grpc-default-executor-4] INFO  impl.RaftServerImpl (RaftServerImpl.java:setRole(170)) - bde9f098-4939-4e8a-8a59-5f73d74d5e56@group-A760887A3757: changes role from  FOLLOWER to FOLLOWER at term 2 for recognizeCandidate:f0106f71-445d-4a55-8ec3-61519ab99b40
2019-10-02 00:33:41,646 [grpc-default-executor-7] INFO  impl.RaftServerImpl (RaftServerImpl.java:setRole(170)) - 5d64d55d-1a89-4955-9a32-8fdd897ba959@group-A760887A3757: changes role from  FOLLOWER to FOLLOWER at term 2 for recognizeCandidate:f0106f71-445d-4a55-8ec3-61519ab99b40
2019-10-02 00:33:41,646 [grpc-default-executor-4] INFO  impl.RoleInfo (RoleInfo.java:shutdownFollowerState(121)) - bde9f098-4939-4e8a-8a59-5f73d74d5e56: shutdown FollowerState
2019-10-02 00:33:41,646 [grpc-default-executor-7] INFO  impl.RoleInfo (RoleInfo.java:shutdownFollowerState(121)) - 5d64d55d-1a89-4955-9a32-8fdd897ba959: shutdown FollowerState
2019-10-02 00:33:41,646 [grpc-default-executor-4] INFO  impl.RoleInfo (RoleInfo.java:updateAndGet(143)) - bde9f098-4939-4e8a-8a59-5f73d74d5e56: start FollowerState
2019-10-02 00:33:41,647 [Thread-4671] INFO  impl.FollowerState (FollowerState.java:run(117)) - 5d64d55d-1a89-4955-9a32-8fdd897ba959@group-A760887A3757-FollowerState was interrupted: java.lang.InterruptedException: sleep interrupted
2019-10-02 00:33:41,646 [Thread-4669] INFO  impl.FollowerState (FollowerState.java:run(117)) - bde9f098-4939-4e8a-8a59-5f73d74d5e56@group-A760887A3757-FollowerState was interrupted: java.lang.InterruptedException: sleep interrupted
2019-10-02 00:33:41,646 [grpc-default-executor-7] INFO  impl.RoleInfo (RoleInfo.java:updateAndGet(143)) - 5d64d55d-1a89-4955-9a32-8fdd897ba959: start FollowerState
2019-10-02 00:33:41,668 [f0106f71-445d-4a55-8ec3-61519ab99b40@group-A760887A3757-LeaderElection118] INFO  impl.LeaderElection (LeaderElection.java:logAndReturn(56)) - f0106f71-445d-4a55-8ec3-61519ab99b40@group-A760887A3757-LeaderElection118: Election PASSED; received 1 response(s) [f0106f71-445d-4a55-8ec3-61519ab99b40<-bde9f098-4939-4e8a-8a59-5f73d74d5e56#0:OK-t2] and 0 exception(s); f0106f71-445d-4a55-8ec3-61519ab99b40@group-A760887A3757:t2, leader=null, voted=f0106f71-445d-4a55-8ec3-61519ab99b40, raftlog=f0106f71-445d-4a55-8ec3-61519ab99b40@group-A760887A3757-SegmentedRaftLog:OPENED:c-1,f-1,i0, conf=-1: [5d64d55d-1a89-4955-9a32-8fdd897ba959:192.168.151.67:45178, bde9f098-4939-4e8a-8a59-5f73d74d5e56:192.168.151.67:37903, f0106f71-445d-4a55-8ec3-61519ab99b40:192.168.151.67:43261], old=null
2019-10-02 00:33:41,668 [f0106f71-445d-4a55-8ec3-61519ab99b40@group-A760887A3757-LeaderElection118] INFO  impl.RoleInfo (RoleInfo.java:shutdownLeaderElection(134)) - f0106f71-445d-4a55-8ec3-61519ab99b40: shutdown LeaderElection
2019-10-02 00:33:41,669 [f0106f71-445d-4a55-8ec3-61519ab99b40@group-A760887A3757-LeaderElection118] INFO  impl.RaftServerImpl (RaftServerImpl.java:setRole(170)) - f0106f71-445d-4a55-8ec3-61519ab99b40@group-A760887A3757: changes role from CANDIDATE to LEADER at term 2 for changeToLeader
2019-10-02 00:33:41,669 [f0106f71-445d-4a55-8ec3-61519ab99b40@group-A760887A3757-LeaderElection118] INFO  impl.RaftServerImpl (ServerState.java:setLeader(255)) - f0106f71-445d-4a55-8ec3-61519ab99b40@group-A760887A3757: change Leader from null to f0106f71-445d-4a55-8ec3-61519ab99b40 at term 2 for becomeLeader, leader elected after 10640ms
2019-10-02 00:33:41,669 [f0106f71-445d-4a55-8ec3-61519ab99b40@group-A760887A3757-LeaderElection118] INFO  server.RaftServerConfigKeys (ConfUtils.java:logGet(43)) - raft.server.staging.catchup.gap = 1000 (default)
2019-10-02 00:33:41,669 [f0106f71-445d-4a55-8ec3-61519ab99b40@group-A760887A3757-LeaderElection118] INFO  server.RaftServerConfigKeys (ConfUtils.java:logGet(43)) - raft.server.rpc.sleep.time = 25ms (default)
2019-10-02 00:33:41,669 [f0106f71-445d-4a55-8ec3-61519ab99b40@group-A760887A3757-LeaderElection118] INFO  server.RaftServerConfigKeys (ConfUtils.java:logGet(43)) - raft.server.write.element-limit = 4096 (default)
2019-10-02 00:33:41,670 [f0106f71-445d-4a55-8ec3-61519ab99b40@group-A760887A3757-LeaderElection118] INFO  server.RaftServerConfigKeys (ConfUtils.java:logGet(43)) - raft.server.watch.timeout = 10s (default)
2019-10-02 00:33:41,670 [f0106f71-445d-4a55-8ec3-61519ab99b40@group-A760887A3757-LeaderElection118] INFO  server.RaftServerConfigKeys (ConfUtils.java:logGet(43)) - raft.server.watch.timeout.denomination = 1s (default)
2019-10-02 00:33:41,670 [f0106f71-445d-4a55-8ec3-61519ab99b40@group-A760887A3757-LeaderElection118] INFO  server.RaftServerConfigKeys (ConfUtils.java:logGet(43)) - raft.server.watch.element-limit = 65536 (default)
2019-10-02 00:33:41,672 [f0106f71-445d-4a55-8ec3-61519ab99b40@group-A760887A3757-LeaderElection118] INFO  server.RaftServerConfigKeys (ConfUtils.java:logGet(43)) - raft.server.log.appender.snapshot.chunk.size.max = 16MB (=16777216) (default)
2019-10-02 00:33:41,673 [f0106f71-445d-4a55-8ec3-61519ab99b40@group-A760887A3757-LeaderElection118] INFO  server.RaftServerConfigKeys (ConfUtils.java:logGet(43)) - raft.server.log.appender.buffer.byte-limit = 33554432 (custom)
2019-10-02 00:33:41,673 [f0106f71-445d-4a55-8ec3-61519ab99b40@group-A760887A3757-LeaderElection118] INFO  server.RaftServerConfigKeys (ConfUtils.java:logGet(43)) - raft.server.log.appender.buffer.element-limit = 1 (custom)
2019-10-02 00:33:41,673 [f0106f71-445d-4a55-8ec3-61519ab99b40@group-A760887A3757-LeaderElection118] INFO  grpc.GrpcConfigKeys$Server (ConfUtils.java:logGet(43)) - raft.grpc.server.leader.outstanding.appends.max = 128 (default)
2019-10-02 00:33:41,674 [f0106f71-445d-4a55-8ec3-61519ab99b40@group-A760887A3757-LeaderElection118] INFO  server.RaftServerConfigKeys (ConfUtils.java:logGet(43)) - raft.server.rpc.request.timeout = 3000ms (default)
2019-10-02 00:33:41,674 [f0106f71-445d-4a55-8ec3-61519ab99b40@group-A760887A3757-LeaderElection118] INFO  server.RaftServerConfigKeys (ConfUtils.java:logGet(43)) - raft.server.log.appender.install.snapshot.enabled = false (custom)
2019-10-02 00:33:41,674 [f0106f71-445d-4a55-8ec3-61519ab99b40@group-A760887A3757-LeaderElection118] INFO  server.RaftServerConfigKeys (ConfUtils.java:logGet(43)) - raft.server.log.appender.snapshot.chunk.size.max = 16MB (=16777216) (default)
2019-10-02 00:33:41,674 [f0106f71-445d-4a55-8ec3-61519ab99b40@group-A760887A3757-LeaderElection118] INFO  server.RaftServerConfigKeys (ConfUtils.java:logGet(43)) - raft.server.log.appender.buffer.byte-limit = 33554432 (custom)
2019-10-02 00:33:41,674 [f0106f71-445d-4a55-8ec3-61519ab99b40@group-A760887A3757-LeaderElection118] INFO  server.RaftServerConfigKeys (ConfUtils.java:logGet(43)) - raft.server.log.appender.buffer.element-limit = 1 (custom)
2019-10-02 00:33:41,675 [f0106f71-445d-4a55-8ec3-61519ab99b40@group-A760887A3757-LeaderElection118] INFO  grpc.GrpcConfigKeys$Server (ConfUtils.java:logGet(43)) - raft.grpc.server.leader.outstanding.appends.max = 128 (default)
2019-10-02 00:33:41,675 [f0106f71-445d-4a55-8ec3-61519ab99b40@group-A760887A3757-LeaderElection118] INFO  server.RaftServerConfigKeys (ConfUtils.java:logGet(43)) - raft.server.rpc.request.timeout = 3000ms (default)
2019-10-02 00:33:41,675 [f0106f71-445d-4a55-8ec3-61519ab99b40@group-A760887A3757-LeaderElection118] INFO  server.RaftServerConfigKeys (ConfUtils.java:logGet(43)) - raft.server.log.appender.install.snapshot.enabled = false (custom)
2019-10-02 00:33:41,675 [f0106f71-445d-4a55-8ec3-61519ab99b40@group-A760887A3757-LeaderElection118] INFO  impl.RoleInfo (RoleInfo.java:updateAndGet(143)) - f0106f71-445d-4a55-8ec3-61519ab99b40: start LeaderState
2019-10-02 00:33:41,675 [f0106f71-445d-4a55-8ec3-61519ab99b40@group-A760887A3757-LeaderElection118] INFO  segmented.SegmentedRaftLogWorker (SegmentedRaftLogWorker.java:startLogSegment(385)) - f0106f71-445d-4a55-8ec3-61519ab99b40@group-A760887A3757-SegmentedRaftLogWorker: Starting segment from index:0
2019-10-02 00:33:41,676 [f0106f71-445d-4a55-8ec3-61519ab99b40@group-A760887A3757-LeaderElection118] INFO  impl.RaftServerImpl (ServerState.java:setRaftConf(356)) - f0106f71-445d-4a55-8ec3-61519ab99b40@group-A760887A3757: set configuration 0: [5d64d55d-1a89-4955-9a32-8fdd897ba959:192.168.151.67:45178, bde9f098-4939-4e8a-8a59-5f73d74d5e56:192.168.151.67:37903, f0106f71-445d-4a55-8ec3-61519ab99b40:192.168.151.67:43261], old=null at 0
2019-10-02 00:33:41,678 [grpc-default-executor-7] INFO  impl.RaftServerImpl (ServerState.java:setLeader(255)) - 5d64d55d-1a89-4955-9a32-8fdd897ba959@group-A760887A3757: change Leader from null to f0106f71-445d-4a55-8ec3-61519ab99b40 at term 2 for appendEntries, leader elected after 10649ms
2019-10-02 00:33:41,711 [grpc-default-executor-7] INFO  impl.RaftServerImpl (ServerState.java:setLeader(255)) - bde9f098-4939-4e8a-8a59-5f73d74d5e56@group-A760887A3757: change Leader from null to f0106f71-445d-4a55-8ec3-61519ab99b40 at term 2 for appendEntries, leader elected after 10683ms
2019-10-02 00:33:41,713 [grpc-default-executor-7] INFO  impl.RaftServerImpl (ServerState.java:setRaftConf(356)) - 5d64d55d-1a89-4955-9a32-8fdd897ba959@group-A760887A3757: set configuration 0: [5d64d55d-1a89-4955-9a32-8fdd897ba959:192.168.151.67:45178, bde9f098-4939-4e8a-8a59-5f73d74d5e56:192.168.151.67:37903, f0106f71-445d-4a55-8ec3-61519ab99b40:192.168.151.67:43261], old=null at 0
2019-10-02 00:33:41,713 [grpc-default-executor-7] INFO  segmented.SegmentedRaftLogWorker (SegmentedRaftLogWorker.java:startLogSegment(385)) - 5d64d55d-1a89-4955-9a32-8fdd897ba959@group-A760887A3757-SegmentedRaftLogWorker: Starting segment from index:0
2019-10-02 00:33:41,713 [grpc-default-executor-4] INFO  impl.RaftServerImpl (ServerState.java:setRaftConf(356)) - bde9f098-4939-4e8a-8a59-5f73d74d5e56@group-A760887A3757: set configuration 0: [5d64d55d-1a89-4955-9a32-8fdd897ba959:192.168.151.67:45178, bde9f098-4939-4e8a-8a59-5f73d74d5e56:192.168.151.67:37903, f0106f71-445d-4a55-8ec3-61519ab99b40:192.168.151.67:43261], old=null at 0
2019-10-02 00:33:41,713 [grpc-default-executor-4] INFO  segmented.SegmentedRaftLogWorker (SegmentedRaftLogWorker.java:startLogSegment(385)) - bde9f098-4939-4e8a-8a59-5f73d74d5e56@group-A760887A3757-SegmentedRaftLogWorker: Starting segment from index:0
2019-10-02 00:33:41,723 [f0106f71-445d-4a55-8ec3-61519ab99b40@group-A760887A3757-SegmentedRaftLogWorker] INFO  segmented.SegmentedRaftLogWorker (SegmentedRaftLogWorker.java:execute(574)) - f0106f71-445d-4a55-8ec3-61519ab99b40@group-A760887A3757-SegmentedRaftLogWorker: created new log segment /workdir/hadoop-ozone/integration-test/target/test-dir/MiniOzoneClusterImpl-fc2f9b79-8358-4999-9ef3-38efab3cd552/datanode-6/data/ratis/09cf32c0-5d63-4d7a-9c4c-a760887a3757/current/log_inprogress_0
2019-10-02 00:33:41,760 [bde9f098-4939-4e8a-8a59-5f73d74d5e56@group-A760887A3757-SegmentedRaftLogWorker] INFO  segmented.SegmentedRaftLogWorker (SegmentedRaftLogWorker.java:execute(574)) - bde9f098-4939-4e8a-8a59-5f73d74d5e56@group-A760887A3757-SegmentedRaftLogWorker: created new log segment /workdir/hadoop-ozone/integration-test/target/test-dir/MiniOzoneClusterImpl-fc2f9b79-8358-4999-9ef3-38efab3cd552/datanode-5/data/ratis/09cf32c0-5d63-4d7a-9c4c-a760887a3757/current/log_inprogress_0
2019-10-02 00:33:41,760 [5d64d55d-1a89-4955-9a32-8fdd897ba959@group-A760887A3757-SegmentedRaftLogWorker] INFO  segmented.SegmentedRaftLogWorker (SegmentedRaftLogWorker.java:execute(574)) - 5d64d55d-1a89-4955-9a32-8fdd897ba959@group-A760887A3757-SegmentedRaftLogWorker: created new log segment /workdir/hadoop-ozone/integration-test/target/test-dir/MiniOzoneClusterImpl-fc2f9b79-8358-4999-9ef3-38efab3cd552/datanode-3/data/ratis/09cf32c0-5d63-4d7a-9c4c-a760887a3757/current/log_inprogress_0
2019-10-02 00:33:42,193 [main] INFO  ozone.MiniOzoneClusterImpl (MiniOzoneClusterImpl.java:shutdown(314)) - Shutting down the Mini Ozone Cluster
2019-10-02 00:33:42,193 [main] INFO  ozone.MiniOzoneClusterImpl (MiniOzoneClusterImpl.java:stop(330)) - Stopping the Mini Ozone Cluster
2019-10-02 00:33:42,193 [main] INFO  ozone.MiniOzoneClusterImpl (MiniOzoneClusterImpl.java:stopOM(400)) - Stopping the OzoneManager
2019-10-02 00:33:42,193 [main] INFO  ipc.Server (Server.java:stop(3082)) - Stopping server on 40964
2019-10-02 00:33:42,213 [IPC Server listener on 40964] INFO  ipc.Server (Server.java:run(1185)) - Stopping IPC Server listener on 40964
2019-10-02 00:33:42,213 [IPC Server Responder] INFO  ipc.Server (Server.java:run(1319)) - Stopping IPC Server Responder
2019-10-02 00:33:42,213 [main] INFO  ratis.OzoneManagerDoubleBuffer (OzoneManagerDoubleBuffer.java:stop(248)) - Stopping OMDoubleBuffer flush thread
2019-10-02 00:33:42,221 [OMDoubleBufferFlushThread] INFO  ratis.OzoneManagerDoubleBuffer (OzoneManagerDoubleBuffer.java:flushTransactions(191)) - OMDoubleBuffer flush thread OMDoubleBufferFlushThread is interrupted and will exit. OMDoubleBufferFlushThread
2019-10-02 00:33:42,228 [main] INFO  utils.BackgroundService (BackgroundService.java:shutdown(148)) - Shutting down service KeyDeletingService
2019-10-02 00:33:42,242 [main] INFO  handler.ContextHandler (ContextHandler.java:doStop(910)) - Stopped o.e.j.w.WebAppContext@4005e485{/,null,UNAVAILABLE}{/ozoneManager}
2019-10-02 00:33:42,243 [main] INFO  server.AbstractConnector (AbstractConnector.java:doStop(318)) - Stopped ServerConnector@5f5c187d{HTTP/1.1,[http/1.1]}{0.0.0.0:0}
2019-10-02 00:33:42,244 [main] INFO  handler.ContextHandler (ContextHandler.java:doStop(910)) - Stopped o.e.j.s.ServletContextHandler@5350ab17{/static,file:///workdir/hadoop-ozone/integration-test/target/test-classes/webapps/static,UNAVAILABLE}
2019-10-02 00:33:42,244 [main] INFO  handler.ContextHandler (ContextHandler.java:doStop(910)) - Stopped o.e.j.s.ServletContextHandler@48632f69{/logs,file:///workdir/hadoop-ozone/integration-test/target/log,UNAVAILABLE}
2019-10-02 00:33:42,246 [main] INFO  ozone.MiniOzoneClusterImpl (MiniOzoneClusterImpl.java:stopDatanodes(377)) - Stopping the HddsDatanodes
2019-10-02 00:33:42,746 [Datanode State Machine Thread - 0] INFO  statemachine.DatanodeStateMachine (DatanodeStateMachine.java:lambda$startDaemon$0(350)) - Ozone container server started.
2019-10-02 00:33:42,879 [Datanode State Machine Thread - 0] INFO  statemachine.DatanodeStateMachine (DatanodeStateMachine.java:lambda$startDaemon$0(350)) - Ozone container server started.
2019-10-02 00:33:46,770 [EventQueue-StaleNodeForStaleNodeHandler] INFO  node.StaleNodeHandler (StaleNodeHandler.java:onMessage(58)) - Datanode b49824c3-84dc-4655-ab2f-e554c4afe7ab{ip: 192.168.151.67, host: pr-hdds-1984-s47sn-1814639636, networkLocation: /default-rack, certSerialId: null} moved to stale state. Finalizing its pipelines [PipelineID=42d021c3-dbb8-4977-b011-147ecc0257d7]
2019-10-02 00:33:46,771 [EventQueue-StaleNodeForStaleNodeHandler] INFO  pipeline.SCMPipelineManager (SCMPipelineManager.java:finalizeAndDestroyPipeline(315)) - destroying pipeline:Pipeline[ Id: 42d021c3-dbb8-4977-b011-147ecc0257d7, Nodes: b49824c3-84dc-4655-ab2f-e554c4afe7ab{ip: 192.168.151.67, host: pr-hdds-1984-s47sn-1814639636, networkLocation: /default-rack, certSerialId: null}, Type:RATIS, Factor:ONE, State:OPEN]
2019-10-02 00:33:46,772 [EventQueue-StaleNodeForStaleNodeHandler] INFO  pipeline.PipelineStateManager (PipelineStateManager.java:finalizePipeline(123)) - Pipeline Pipeline[ Id: 42d021c3-dbb8-4977-b011-147ecc0257d7, Nodes: b49824c3-84dc-4655-ab2f-e554c4afe7ab{ip: 192.168.151.67, host: pr-hdds-1984-s47sn-1814639636, networkLocation: /default-rack, certSerialId: null}, Type:RATIS, Factor:ONE, State:CLOSED] moved to CLOSED state
2019-10-02 00:33:46,973 [EventQueue-StaleNodeForStaleNodeHandler] INFO  node.StaleNodeHandler (StaleNodeHandler.java:onMessage(58)) - Datanode 59358f5f-cb81-417d-afdc-c941a2597248{ip: 192.168.151.67, host: pr-hdds-1984-s47sn-1814639636, networkLocation: /default-rack, certSerialId: null} moved to stale state. Finalizing its pipelines [PipelineID=9fc029bb-3c1d-41bb-ae1a-3f1d72d42a3f, PipelineID=f2736389-b944-43b2-bbf3-279d9fbaaf60]
2019-10-02 00:33:46,973 [EventQueue-StaleNodeForStaleNodeHandler] INFO  pipeline.SCMPipelineManager (SCMPipelineManager.java:finalizeAndDestroyPipeline(315)) - destroying pipeline:Pipeline[ Id: 9fc029bb-3c1d-41bb-ae1a-3f1d72d42a3f, Nodes: 59358f5f-cb81-417d-afdc-c941a2597248{ip: 192.168.151.67, host: pr-hdds-1984-s47sn-1814639636, networkLocation: /default-rack, certSerialId: null}, Type:RATIS, Factor:ONE, State:OPEN]
2019-10-02 00:33:46,973 [EventQueue-StaleNodeForStaleNodeHandler] INFO  pipeline.PipelineStateManager (PipelineStateManager.java:finalizePipeline(123)) - Pipeline Pipeline[ Id: 9fc029bb-3c1d-41bb-ae1a-3f1d72d42a3f, Nodes: 59358f5f-cb81-417d-afdc-c941a2597248{ip: 192.168.151.67, host: pr-hdds-1984-s47sn-1814639636, networkLocation: /default-rack, certSerialId: null}, Type:RATIS, Factor:ONE, State:CLOSED] moved to CLOSED state
2019-10-02 00:33:46,974 [EventQueue-StaleNodeForStaleNodeHandler] INFO  pipeline.SCMPipelineManager (SCMPipelineManager.java:finalizeAndDestroyPipeline(315)) - destroying pipeline:Pipeline[ Id: f2736389-b944-43b2-bbf3-279d9fbaaf60, Nodes: d5e39aa1-85df-4773-97f0-1a350615e09b{ip: 192.168.151.67, host: pr-hdds-1984-s47sn-1814639636, networkLocation: /default-rack, certSerialId: null}59358f5f-cb81-417d-afdc-c941a2597248{ip: 192.168.151.67, host: pr-hdds-1984-s47sn-1814639636, networkLocation: /default-rack, certSerialId: null}7dac08de-4677-4d75-96f1-007ade40e620{ip: 192.168.151.67, host: pr-hdds-1984-s47sn-1814639636, networkLocation: /default-rack, certSerialId: null}, Type:RATIS, Factor:THREE, State:OPEN]
2019-10-02 00:33:46,974 [EventQueue-StaleNodeForStaleNodeHandler] INFO  pipeline.PipelineStateManager (PipelineStateManager.java:finalizePipeline(123)) - Pipeline Pipeline[ Id: f2736389-b944-43b2-bbf3-279d9fbaaf60, Nodes: d5e39aa1-85df-4773-97f0-1a350615e09b{ip: 192.168.151.67, host: pr-hdds-1984-s47sn-1814639636, networkLocation: /default-rack, certSerialId: null}59358f5f-cb81-417d-afdc-c941a2597248{ip: 192.168.151.67, host: pr-hdds-1984-s47sn-1814639636, networkLocation: /default-rack, certSerialId: null}7dac08de-4677-4d75-96f1-007ade40e620{ip: 192.168.151.67, host: pr-hdds-1984-s47sn-1814639636, networkLocation: /default-rack, certSerialId: null}, Type:RATIS, Factor:THREE, State:CLOSED] moved to CLOSED state
2019-10-02 00:33:46,975 [EventQueue-CloseContainerForCloseContainerEventHandler] INFO  container.CloseContainerEventHandler (CloseContainerEventHandler.java:onMessage(61)) - Close container Event triggered for container : #2
2019-10-02 00:33:47,248 [main] INFO  ozoneimpl.OzoneContainer (OzoneContainer.java:stop(231)) - Attempting to stop container services.
2019-10-02 00:33:47,248 [ForkJoinPool.commonPool-worker-0] INFO  ozoneimpl.OzoneContainer (OzoneContainer.java:stop(231)) - Attempting to stop container services.
2019-10-02 00:33:47,252 [main] INFO  impl.RaftServerProxy (RaftServerProxy.java:lambda$close$4(314)) - b49824c3-84dc-4655-ab2f-e554c4afe7ab: close
2019-10-02 00:33:47,252 [ForkJoinPool.commonPool-worker-0] INFO  impl.RaftServerProxy (RaftServerProxy.java:lambda$close$4(314)) - 59358f5f-cb81-417d-afdc-c941a2597248: close
2019-10-02 00:33:47,253 [main] INFO  impl.RaftServerImpl (RaftServerImpl.java:lambda$shutdown$3(247)) - b49824c3-84dc-4655-ab2f-e554c4afe7ab@group-147ECC0257D7: shutdown
2019-10-02 00:33:47,253 [ForkJoinPool.commonPool-worker-0] INFO  impl.RaftServerImpl (RaftServerImpl.java:lambda$shutdown$3(247)) - 59358f5f-cb81-417d-afdc-c941a2597248@group-3F1D72D42A3F: shutdown
2019-10-02 00:33:47,253 [main] INFO  util.JmxRegister (JmxRegister.java:unregister(73)) - Successfully un-registered JMX Bean with object name Ratis:service=RaftServer,group=group-147ECC0257D7,id=b49824c3-84dc-4655-ab2f-e554c4afe7ab
2019-10-02 00:33:47,254 [ForkJoinPool.commonPool-worker-0] INFO  util.JmxRegister (JmxRegister.java:unregister(73)) - Successfully un-registered JMX Bean with object name Ratis:service=RaftServer,group=group-3F1D72D42A3F,id=59358f5f-cb81-417d-afdc-c941a2597248
2019-10-02 00:33:47,254 [main] INFO  impl.RoleInfo (RoleInfo.java:shutdownLeaderState(104)) - b49824c3-84dc-4655-ab2f-e554c4afe7ab: shutdown LeaderState
2019-10-02 00:33:47,254 [ForkJoinPool.commonPool-worker-0] INFO  impl.RoleInfo (RoleInfo.java:shutdownLeaderState(104)) - 59358f5f-cb81-417d-afdc-c941a2597248: shutdown LeaderState
2019-10-02 00:33:47,255 [main] INFO  impl.PendingRequests (PendingRequests.java:sendNotLeaderResponses(202)) - b49824c3-84dc-4655-ab2f-e554c4afe7ab@group-147ECC0257D7-PendingRequests: sendNotLeaderResponses
2019-10-02 00:33:47,255 [ForkJoinPool.commonPool-worker-0] INFO  impl.PendingRequests (PendingRequests.java:sendNotLeaderResponses(202)) - 59358f5f-cb81-417d-afdc-c941a2597248@group-3F1D72D42A3F-PendingRequests: sendNotLeaderResponses
2019-10-02 00:33:47,256 [main] INFO  impl.StateMachineUpdater (StateMachineUpdater.java:stopAndJoin(136)) - b49824c3-84dc-4655-ab2f-e554c4afe7ab@group-147ECC0257D7-StateMachineUpdater: set stopIndex = 0
2019-10-02 00:33:47,256 [ForkJoinPool.commonPool-worker-0] INFO  impl.StateMachineUpdater (StateMachineUpdater.java:stopAndJoin(136)) - 59358f5f-cb81-417d-afdc-c941a2597248@group-3F1D72D42A3F-StateMachineUpdater: set stopIndex = 0
2019-10-02 00:33:47,256 [main] INFO  impl.RaftServerImpl (ServerState.java:close(387)) - b49824c3-84dc-4655-ab2f-e554c4afe7ab@group-147ECC0257D7: closes. applyIndex: 0
2019-10-02 00:33:47,256 [ForkJoinPool.commonPool-worker-0] INFO  impl.RaftServerImpl (ServerState.java:close(387)) - 59358f5f-cb81-417d-afdc-c941a2597248@group-3F1D72D42A3F: closes. applyIndex: 0
2019-10-02 00:33:47,257 [b49824c3-84dc-4655-ab2f-e554c4afe7ab@group-147ECC0257D7-SegmentedRaftLogWorker] INFO  segmented.SegmentedRaftLogWorker (SegmentedRaftLogWorker.java:run(316)) - b49824c3-84dc-4655-ab2f-e554c4afe7ab@group-147ECC0257D7-SegmentedRaftLogWorker was interrupted, exiting. There are 0 tasks remaining in the queue.
2019-10-02 00:33:47,257 [59358f5f-cb81-417d-afdc-c941a2597248@group-3F1D72D42A3F-SegmentedRaftLogWorker] INFO  segmented.SegmentedRaftLogWorker (SegmentedRaftLogWorker.java:run(316)) - 59358f5f-cb81-417d-afdc-c941a2597248@group-3F1D72D42A3F-SegmentedRaftLogWorker was interrupted, exiting. There are 0 tasks remaining in the queue.
2019-10-02 00:33:47,260 [main] INFO  segmented.SegmentedRaftLogWorker (SegmentedRaftLogWorker.java:close(224)) - b49824c3-84dc-4655-ab2f-e554c4afe7ab@group-147ECC0257D7-SegmentedRaftLogWorker close()
2019-10-02 00:33:47,260 [ForkJoinPool.commonPool-worker-0] INFO  segmented.SegmentedRaftLogWorker (SegmentedRaftLogWorker.java:close(224)) - 59358f5f-cb81-417d-afdc-c941a2597248@group-3F1D72D42A3F-SegmentedRaftLogWorker close()
2019-10-02 00:33:47,264 [main] INFO  server.GrpcService (GrpcService.java:closeImpl(164)) - b49824c3-84dc-4655-ab2f-e554c4afe7ab: shutdown server with port 45672 now
2019-10-02 00:33:47,267 [ForkJoinPool.commonPool-worker-0] INFO  impl.RaftServerImpl (RaftServerImpl.java:lambda$shutdown$3(247)) - 59358f5f-cb81-417d-afdc-c941a2597248@group-279D9FBAAF60: shutdown
2019-10-02 00:33:47,270 [main] INFO  server.GrpcService (GrpcService.java:closeImpl(172)) - b49824c3-84dc-4655-ab2f-e554c4afe7ab: shutdown server with port 45672 successfully
2019-10-02 00:33:47,270 [ForkJoinPool.commonPool-worker-0] INFO  util.JmxRegister (JmxRegister.java:unregister(73)) - Successfully un-registered JMX Bean with object name Ratis:service=RaftServer,group=group-279D9FBAAF60,id=59358f5f-cb81-417d-afdc-c941a2597248
2019-10-02 00:33:47,271 [ForkJoinPool.commonPool-worker-0] INFO  impl.RoleInfo (RoleInfo.java:shutdownFollowerState(121)) - 59358f5f-cb81-417d-afdc-c941a2597248: shutdown FollowerState
2019-10-02 00:33:47,272 [ForkJoinPool.commonPool-worker-0] INFO  impl.StateMachineUpdater (StateMachineUpdater.java:stopAndJoin(136)) - 59358f5f-cb81-417d-afdc-c941a2597248@group-279D9FBAAF60-StateMachineUpdater: set stopIndex = 13
2019-10-02 00:33:47,272 [Thread-4637] INFO  impl.FollowerState (FollowerState.java:run(117)) - 59358f5f-cb81-417d-afdc-c941a2597248@group-279D9FBAAF60-FollowerState was interrupted: java.lang.InterruptedException: sleep interrupted
2019-10-02 00:33:47,272 [59358f5f-cb81-417d-afdc-c941a2597248@group-279D9FBAAF60-StateMachineUpdater] INFO  ratis.ContainerStateMachine (ContainerStateMachine.java:takeSnapshot(289)) - group-279D9FBAAF60: Taking a snapshot at:(t:1, i:13) file /workdir/hadoop-ozone/integration-test/target/test-dir/MiniOzoneClusterImpl-fc2f9b79-8358-4999-9ef3-38efab3cd552/datanode-1/data/ratis/f2736389-b944-43b2-bbf3-279d9fbaaf60/sm/snapshot.1_13
2019-10-02 00:33:47,276 [refreshUsed-/workdir/hadoop-ozone/integration-test/target/test-dir/MiniOzoneClusterImpl-fc2f9b79-8358-4999-9ef3-38efab3cd552/datanode-4/data/containers] WARN  fs.CachingGetSpaceUsed (CachingGetSpaceUsed.java:run(183)) - Thread Interrupted waiting to refresh disk information: sleep interrupted
2019-10-02 00:33:47,278 [59358f5f-cb81-417d-afdc-c941a2597248@group-279D9FBAAF60-StateMachineUpdater] INFO  ratis.ContainerStateMachine (ContainerStateMachine.java:takeSnapshot(300)) - group-279D9FBAAF60: Finished taking a snapshot at:(t:1, i:13) file:/workdir/hadoop-ozone/integration-test/target/test-dir/MiniOzoneClusterImpl-fc2f9b79-8358-4999-9ef3-38efab3cd552/datanode-1/data/ratis/f2736389-b944-43b2-bbf3-279d9fbaaf60/sm/snapshot.1_13 time:6
2019-10-02 00:33:47,279 [59358f5f-cb81-417d-afdc-c941a2597248@group-279D9FBAAF60-StateMachineUpdater] INFO  impl.StateMachineUpdater (StateMachineUpdater.java:takeSnapshot(269)) - 59358f5f-cb81-417d-afdc-c941a2597248@group-279D9FBAAF60-StateMachineUpdater: Took a snapshot at index 13
2019-10-02 00:33:47,279 [59358f5f-cb81-417d-afdc-c941a2597248@group-279D9FBAAF60-StateMachineUpdater] INFO  impl.StateMachineUpdater (StateMachineUpdater.java:lambda$new$0(84)) - 59358f5f-cb81-417d-afdc-c941a2597248@group-279D9FBAAF60-StateMachineUpdater: snapshotIndex: updateIncreasingly -1 -> 13
2019-10-02 00:33:47,279 [ForkJoinPool.commonPool-worker-0] INFO  impl.RaftServerImpl (ServerState.java:close(387)) - 59358f5f-cb81-417d-afdc-c941a2597248@group-279D9FBAAF60: closes. applyIndex: 13
2019-10-02 00:33:47,280 [59358f5f-cb81-417d-afdc-c941a2597248@group-279D9FBAAF60-SegmentedRaftLogWorker] INFO  segmented.SegmentedRaftLogWorker (SegmentedRaftLogWorker.java:run(316)) - 59358f5f-cb81-417d-afdc-c941a2597248@group-279D9FBAAF60-SegmentedRaftLogWorker was interrupted, exiting. There are 0 tasks remaining in the queue.
2019-10-02 00:33:47,282 [ForkJoinPool.commonPool-worker-0] INFO  segmented.SegmentedRaftLogWorker (SegmentedRaftLogWorker.java:close(224)) - 59358f5f-cb81-417d-afdc-c941a2597248@group-279D9FBAAF60-SegmentedRaftLogWorker close()
2019-10-02 00:33:47,286 [ForkJoinPool.commonPool-worker-0] INFO  server.GrpcService (GrpcService.java:closeImpl(164)) - 59358f5f-cb81-417d-afdc-c941a2597248: shutdown server with port 32898 now
2019-10-02 00:33:47,287 [ForkJoinPool.commonPool-worker-0] INFO  server.GrpcService (GrpcService.java:closeImpl(172)) - 59358f5f-cb81-417d-afdc-c941a2597248: shutdown server with port 32898 successfully
2019-10-02 00:33:47,287 [grpc-default-executor-7] WARN  server.GrpcServerProtocolService (LogUtils.java:warn(134)) - 59358f5f-cb81-417d-afdc-c941a2597248: installSnapshot onError, lastRequest: 7dac08de-4677-4d75-96f1-007ade40e620->59358f5f-cb81-417d-afdc-c941a2597248#17-t1, previous=(t:1, i:13), leaderCommit=13, initializing? false, entries: <empty>: org.apache.ratis.thirdparty.io.grpc.StatusRuntimeException: CANCELLED: cancelled before receiving half close
2019-10-02 00:33:47,287 [grpc-default-executor-9] WARN  server.GrpcLogAppender (LogUtils.java:warn(134)) - 7dac08de-4677-4d75-96f1-007ade40e620@group-279D9FBAAF60->59358f5f-cb81-417d-afdc-c941a2597248-AppendLogResponseHandler: Failed appendEntries: org.apache.ratis.thirdparty.io.grpc.StatusRuntimeException: CANCELLED: HTTP/2 error code: CANCEL
Received Rst Stream
2019-10-02 00:33:47,288 [grpc-default-executor-9] INFO  impl.FollowerInfo (FollowerInfo.java:lambda$new$0(51)) - 7dac08de-4677-4d75-96f1-007ade40e620@group-279D9FBAAF60->59358f5f-cb81-417d-afdc-c941a2597248: nextIndex: updateUnconditionally 14 -> 13
2019-10-02 00:33:47,290 [refreshUsed-/workdir/hadoop-ozone/integration-test/target/test-dir/MiniOzoneClusterImpl-fc2f9b79-8358-4999-9ef3-38efab3cd552/datanode-1/data/containers] WARN  fs.CachingGetSpaceUsed (CachingGetSpaceUsed.java:run(183)) - Thread Interrupted waiting to refresh disk information: sleep interrupted
2019-10-02 00:33:47,307 [main] INFO  utils.BackgroundService (BackgroundService.java:shutdown(148)) - Shutting down service BlockDeletingService
2019-10-02 00:33:47,323 [main] INFO  statemachine.DatanodeStateMachine (DatanodeStateMachine.java:stopDaemon(395)) - Ozone container server stopped.
2019-10-02 00:33:47,325 [ForkJoinPool.commonPool-worker-0] INFO  utils.BackgroundService (BackgroundService.java:shutdown(148)) - Shutting down service BlockDeletingService
2019-10-02 00:33:47,327 [main] INFO  handler.ContextHandler (ContextHandler.java:doStop(910)) - Stopped o.e.j.w.WebAppContext@618f627b{/,null,UNAVAILABLE}{/hddsDatanode}
2019-10-02 00:33:47,329 [ForkJoinPool.commonPool-worker-0] INFO  statemachine.DatanodeStateMachine (DatanodeStateMachine.java:stopDaemon(395)) - Ozone container server stopped.
2019-10-02 00:33:47,335 [ForkJoinPool.commonPool-worker-0] INFO  handler.ContextHandler (ContextHandler.java:doStop(910)) - Stopped o.e.j.w.WebAppContext@6cf047cf{/,null,UNAVAILABLE}{/hddsDatanode}
2019-10-02 00:33:47,335 [main] INFO  server.AbstractConnector (AbstractConnector.java:doStop(318)) - Stopped ServerConnector@10745a02{HTTP/1.1,[http/1.1]}{0.0.0.0:0}
2019-10-02 00:33:47,335 [ForkJoinPool.commonPool-worker-0] INFO  server.AbstractConnector (AbstractConnector.java:doStop(318)) - Stopped ServerConnector@1c92a549{HTTP/1.1,[http/1.1]}{0.0.0.0:0}
2019-10-02 00:33:47,336 [main] INFO  handler.ContextHandler (ContextHandler.java:doStop(910)) - Stopped o.e.j.s.ServletContextHandler@6113a26f{/static,jar:file:/home/user/.m2/repository/org/apache/hadoop/hadoop-hdds-container-service/0.5.0-SNAPSHOT/hadoop-hdds-container-service-0.5.0-SNAPSHOT.jar!/webapps/static,UNAVAILABLE}
2019-10-02 00:33:47,337 [ForkJoinPool.commonPool-worker-0] INFO  handler.ContextHandler (ContextHandler.java:doStop(910)) - Stopped o.e.j.s.ServletContextHandler@915d7c4{/static,jar:file:/home/user/.m2/repository/org/apache/hadoop/hadoop-hdds-container-service/0.5.0-SNAPSHOT/hadoop-hdds-container-service-0.5.0-SNAPSHOT.jar!/webapps/static,UNAVAILABLE}
2019-10-02 00:33:47,338 [main] INFO  handler.ContextHandler (ContextHandler.java:doStop(910)) - Stopped o.e.j.s.ServletContextHandler@12aa519b{/logs,file:///workdir/hadoop-ozone/integration-test/target/log,UNAVAILABLE}
2019-10-02 00:33:47,340 [ForkJoinPool.commonPool-worker-0] INFO  handler.ContextHandler (ContextHandler.java:doStop(910)) - Stopped o.e.j.s.ServletContextHandler@27dc335a{/logs,file:///workdir/hadoop-ozone/integration-test/target/log,UNAVAILABLE}
2019-10-02 00:33:47,893 [Datanode State Machine Thread - 0] INFO  statemachine.DatanodeStateMachine (DatanodeStateMachine.java:lambda$startDaemon$0(350)) - Ozone container server started.
2019-10-02 00:33:48,109 [Datanode State Machine Thread - 0] INFO  statemachine.DatanodeStateMachine (DatanodeStateMachine.java:lambda$startDaemon$0(350)) - Ozone container server started.
2019-10-02 00:33:48,921 [grpc-default-executor-7] WARN  server.GrpcLogAppender (LogUtils.java:warn(134)) - 7dac08de-4677-4d75-96f1-007ade40e620@group-279D9FBAAF60->59358f5f-cb81-417d-afdc-c941a2597248-AppendLogResponseHandler: Failed appendEntries: org.apache.ratis.thirdparty.io.grpc.StatusRuntimeException: UNAVAILABLE: io exception
2019-10-02 00:33:48,922 [grpc-default-executor-7] INFO  impl.FollowerInfo (FollowerInfo.java:lambda$new$0(51)) - 7dac08de-4677-4d75-96f1-007ade40e620@group-279D9FBAAF60->59358f5f-cb81-417d-afdc-c941a2597248: nextIndex: updateUnconditionally 13 -> 12
2019-10-02 00:33:51,423 [grpc-default-executor-7] WARN  server.GrpcLogAppender (LogUtils.java:warn(134)) - 7dac08de-4677-4d75-96f1-007ade40e620@group-279D9FBAAF60->59358f5f-cb81-417d-afdc-c941a2597248-AppendLogResponseHandler: Failed appendEntries: org.apache.ratis.thirdparty.io.grpc.StatusRuntimeException: UNAVAILABLE: io exception
2019-10-02 00:33:51,425 [grpc-default-executor-7] INFO  impl.FollowerInfo (FollowerInfo.java:lambda$new$0(51)) - 7dac08de-4677-4d75-96f1-007ade40e620@group-279D9FBAAF60->59358f5f-cb81-417d-afdc-c941a2597248: nextIndex: updateUnconditionally 12 -> 11
2019-10-02 00:33:51,980 [EventQueue-StaleNodeForStaleNodeHandler] INFO  node.StaleNodeHandler (StaleNodeHandler.java:onMessage(58)) - Datanode 7dac08de-4677-4d75-96f1-007ade40e620{ip: 192.168.151.67, host: pr-hdds-1984-s47sn-1814639636, networkLocation: /default-rack, certSerialId: null} moved to stale state. Finalizing its pipelines [PipelineID=f2736389-b944-43b2-bbf3-279d9fbaaf60, PipelineID=50a111ff-2608-4273-b56f-cbd9c3a6c80a]
2019-10-02 00:33:51,981 [EventQueue-StaleNodeForStaleNodeHandler] INFO  pipeline.SCMPipelineManager (SCMPipelineManager.java:finalizeAndDestroyPipeline(315)) - destroying pipeline:Pipeline[ Id: f2736389-b944-43b2-bbf3-279d9fbaaf60, Nodes: d5e39aa1-85df-4773-97f0-1a350615e09b{ip: 192.168.151.67, host: pr-hdds-1984-s47sn-1814639636, networkLocation: /default-rack, certSerialId: null}59358f5f-cb81-417d-afdc-c941a2597248{ip: 192.168.151.67, host: pr-hdds-1984-s47sn-1814639636, networkLocation: /default-rack, certSerialId: null}7dac08de-4677-4d75-96f1-007ade40e620{ip: 192.168.151.67, host: pr-hdds-1984-s47sn-1814639636, networkLocation: /default-rack, certSerialId: null}, Type:RATIS, Factor:THREE, State:CLOSED]
2019-10-02 00:33:51,982 [EventQueue-StaleNodeForStaleNodeHandler] INFO  pipeline.SCMPipelineManager (SCMPipelineManager.java:finalizeAndDestroyPipeline(315)) - destroying pipeline:Pipeline[ Id: 50a111ff-2608-4273-b56f-cbd9c3a6c80a, Nodes: 7dac08de-4677-4d75-96f1-007ade40e620{ip: 192.168.151.67, host: pr-hdds-1984-s47sn-1814639636, networkLocation: /default-rack, certSerialId: null}, Type:RATIS, Factor:ONE, State:OPEN]
2019-10-02 00:33:51,982 [EventQueue-StaleNodeForStaleNodeHandler] INFO  pipeline.PipelineStateManager (PipelineStateManager.java:finalizePipeline(123)) - Pipeline Pipeline[ Id: 50a111ff-2608-4273-b56f-cbd9c3a6c80a, Nodes: 7dac08de-4677-4d75-96f1-007ade40e620{ip: 192.168.151.67, host: pr-hdds-1984-s47sn-1814639636, networkLocation: /default-rack, certSerialId: null}, Type:RATIS, Factor:ONE, State:CLOSED] moved to CLOSED state
2019-10-02 00:33:52,180 [EventQueue-StaleNodeForStaleNodeHandler] INFO  node.StaleNodeHandler (StaleNodeHandler.java:onMessage(58)) - Datanode 5d64d55d-1a89-4955-9a32-8fdd897ba959{ip: 192.168.151.67, host: pr-hdds-1984-s47sn-1814639636, networkLocation: /default-rack, certSerialId: null} moved to stale state. Finalizing its pipelines [PipelineID=5031c601-c54c-4e0d-bfd7-71dc6a674e3b, PipelineID=09cf32c0-5d63-4d7a-9c4c-a760887a3757]
2019-10-02 00:33:52,181 [EventQueue-StaleNodeForStaleNodeHandler] INFO  pipeline.SCMPipelineManager (SCMPipelineManager.java:finalizeAndDestroyPipeline(315)) - destroying pipeline:Pipeline[ Id: 5031c601-c54c-4e0d-bfd7-71dc6a674e3b, Nodes: 5d64d55d-1a89-4955-9a32-8fdd897ba959{ip: 192.168.151.67, host: pr-hdds-1984-s47sn-1814639636, networkLocation: /default-rack, certSerialId: null}, Type:RATIS, Factor:ONE, State:OPEN]
2019-10-02 00:33:52,181 [EventQueue-StaleNodeForStaleNodeHandler] INFO  pipeline.PipelineStateManager (PipelineStateManager.java:finalizePipeline(123)) - Pipeline Pipeline[ Id: 5031c601-c54c-4e0d-bfd7-71dc6a674e3b, Nodes: 5d64d55d-1a89-4955-9a32-8fdd897ba959{ip: 192.168.151.67, host: pr-hdds-1984-s47sn-1814639636, networkLocation: /default-rack, certSerialId: null}, Type:RATIS, Factor:ONE, State:CLOSED] moved to CLOSED state
2019-10-02 00:33:52,181 [EventQueue-StaleNodeForStaleNodeHandler] INFO  pipeline.SCMPipelineManager (SCMPipelineManager.java:finalizeAndDestroyPipeline(315)) - destroying pipeline:Pipeline[ Id: 09cf32c0-5d63-4d7a-9c4c-a760887a3757, Nodes: f0106f71-445d-4a55-8ec3-61519ab99b40{ip: 192.168.151.67, host: pr-hdds-1984-s47sn-1814639636, networkLocation: /default-rack, certSerialId: null}bde9f098-4939-4e8a-8a59-5f73d74d5e56{ip: 192.168.151.67, host: pr-hdds-1984-s47sn-1814639636, networkLocation: /default-rack, certSerialId: null}5d64d55d-1a89-4955-9a32-8fdd897ba959{ip: 192.168.151.67, host: pr-hdds-1984-s47sn-1814639636, networkLocation: /default-rack, certSerialId: null}, Type:RATIS, Factor:THREE, State:OPEN]
2019-10-02 00:33:52,182 [EventQueue-StaleNodeForStaleNodeHandler] INFO  pipeline.PipelineStateManager (PipelineStateManager.java:finalizePipeline(123)) - Pipeline Pipeline[ Id: 09cf32c0-5d63-4d7a-9c4c-a760887a3757, Nodes: f0106f71-445d-4a55-8ec3-61519ab99b40{ip: 192.168.151.67, host: pr-hdds-1984-s47sn-1814639636, networkLocation: /default-rack, certSerialId: null}bde9f098-4939-4e8a-8a59-5f73d74d5e56{ip: 192.168.151.67, host: pr-hdds-1984-s47sn-1814639636, networkLocation: /default-rack, certSerialId: null}5d64d55d-1a89-4955-9a32-8fdd897ba959{ip: 192.168.151.67, host: pr-hdds-1984-s47sn-1814639636, networkLocation: /default-rack, certSerialId: null}, Type:RATIS, Factor:THREE, State:CLOSED] moved to CLOSED state
2019-10-02 00:33:52,182 [EventQueue-CloseContainerForCloseContainerEventHandler] INFO  container.CloseContainerEventHandler (CloseContainerEventHandler.java:onMessage(61)) - Close container Event triggered for container : #3
2019-10-02 00:33:52,343 [ForkJoinPool.commonPool-worker-0] INFO  ozoneimpl.OzoneContainer (OzoneContainer.java:stop(231)) - Attempting to stop container services.
2019-10-02 00:33:52,343 [main] INFO  ozoneimpl.OzoneContainer (OzoneContainer.java:stop(231)) - Attempting to stop container services.
2019-10-02 00:33:52,348 [ForkJoinPool.commonPool-worker-0] INFO  impl.RaftServerProxy (RaftServerProxy.java:lambda$close$4(314)) - 7dac08de-4677-4d75-96f1-007ade40e620: close
2019-10-02 00:33:52,348 [main] INFO  impl.RaftServerProxy (RaftServerProxy.java:lambda$close$4(314)) - 5d64d55d-1a89-4955-9a32-8fdd897ba959: close
2019-10-02 00:33:52,349 [ForkJoinPool.commonPool-worker-0] INFO  impl.RaftServerImpl (RaftServerImpl.java:lambda$shutdown$3(247)) - 7dac08de-4677-4d75-96f1-007ade40e620@group-279D9FBAAF60: shutdown
2019-10-02 00:33:52,349 [main] INFO  impl.RaftServerImpl (RaftServerImpl.java:lambda$shutdown$3(247)) - 5d64d55d-1a89-4955-9a32-8fdd897ba959@group-71DC6A674E3B: shutdown
2019-10-02 00:33:52,349 [ForkJoinPool.commonPool-worker-0] INFO  util.JmxRegister (JmxRegister.java:unregister(73)) - Successfully un-registered JMX Bean with object name Ratis:service=RaftServer,group=group-279D9FBAAF60,id=7dac08de-4677-4d75-96f1-007ade40e620
2019-10-02 00:33:52,350 [main] INFO  util.JmxRegister (JmxRegister.java:unregister(73)) - Successfully un-registered JMX Bean with object name Ratis:service=RaftServer,group=group-71DC6A674E3B,id=5d64d55d-1a89-4955-9a32-8fdd897ba959
2019-10-02 00:33:52,350 [ForkJoinPool.commonPool-worker-0] INFO  impl.RoleInfo (RoleInfo.java:shutdownLeaderState(104)) - 7dac08de-4677-4d75-96f1-007ade40e620: shutdown LeaderState
2019-10-02 00:33:52,350 [main] INFO  impl.RoleInfo (RoleInfo.java:shutdownLeaderState(104)) - 5d64d55d-1a89-4955-9a32-8fdd897ba959: shutdown LeaderState
2019-10-02 00:33:52,354 [org.apache.ratis.server.impl.LogAppender$AppenderDaemon$$Lambda$499/391306371@1270fd4c] WARN  server.GrpcLogAppender (GrpcLogAppender.java:mayWait(143)) - 7dac08de-4677-4d75-96f1-007ade40e620@group-279D9FBAAF60->59358f5f-cb81-417d-afdc-c941a2597248-GrpcLogAppender: Wait interrupted by java.lang.InterruptedException
2019-10-02 00:33:52,357 [org.apache.ratis.server.impl.LogAppender$AppenderDaemon$$Lambda$499/391306371@1fe2c206] WARN  server.GrpcLogAppender (GrpcLogAppender.java:mayWait(143)) - 7dac08de-4677-4d75-96f1-007ade40e620@group-279D9FBAAF60->d5e39aa1-85df-4773-97f0-1a350615e09b-GrpcLogAppender: Wait interrupted by java.lang.InterruptedException
2019-10-02 00:33:52,357 [ForkJoinPool.commonPool-worker-0] INFO  impl.PendingRequests (PendingRequests.java:sendNotLeaderResponses(202)) - 7dac08de-4677-4d75-96f1-007ade40e620@group-279D9FBAAF60-PendingRequests: sendNotLeaderResponses
2019-10-02 00:33:52,357 [main] INFO  impl.PendingRequests (PendingRequests.java:sendNotLeaderResponses(202)) - 5d64d55d-1a89-4955-9a32-8fdd897ba959@group-71DC6A674E3B-PendingRequests: sendNotLeaderResponses
2019-10-02 00:33:52,363 [grpc-default-executor-7] INFO  server.GrpcServerProtocolService (GrpcServerProtocolService.java:onCompleted(113)) - d5e39aa1-85df-4773-97f0-1a350615e09b: Completed APPEND_ENTRIES, lastRequest: 7dac08de-4677-4d75-96f1-007ade40e620->d5e39aa1-85df-4773-97f0-1a350615e09b#19-t1, previous=(t:1, i:13), leaderCommit=13, initializing? false, entries: <empty>
2019-10-02 00:33:52,364 [ForkJoinPool.commonPool-worker-0] INFO  impl.StateMachineUpdater (StateMachineUpdater.java:stopAndJoin(136)) - 7dac08de-4677-4d75-96f1-007ade40e620@group-279D9FBAAF60-StateMachineUpdater: set stopIndex = 13
2019-10-02 00:33:52,363 [main] INFO  impl.StateMachineUpdater (StateMachineUpdater.java:stopAndJoin(136)) - 5d64d55d-1a89-4955-9a32-8fdd897ba959@group-71DC6A674E3B-StateMachineUpdater: set stopIndex = 0
2019-10-02 00:33:52,364 [grpc-default-executor-9] INFO  server.GrpcLogAppender (GrpcLogAppender.java:onCompleted(293)) - 7dac08de-4677-4d75-96f1-007ade40e620@group-279D9FBAAF60->d5e39aa1-85df-4773-97f0-1a350615e09b-AppendLogResponseHandler: follower responses appendEntries COMPLETED
2019-10-02 00:33:52,364 [7dac08de-4677-4d75-96f1-007ade40e620@group-279D9FBAAF60-StateMachineUpdater] INFO  ratis.ContainerStateMachine (ContainerStateMachine.java:takeSnapshot(289)) - group-279D9FBAAF60: Taking a snapshot at:(t:1, i:13) file /workdir/hadoop-ozone/integration-test/target/test-dir/MiniOzoneClusterImpl-fc2f9b79-8358-4999-9ef3-38efab3cd552/datanode-2/data/ratis/f2736389-b944-43b2-bbf3-279d9fbaaf60/sm/snapshot.1_13
2019-10-02 00:33:52,364 [main] INFO  impl.RaftServerImpl (ServerState.java:close(387)) - 5d64d55d-1a89-4955-9a32-8fdd897ba959@group-71DC6A674E3B: closes. applyIndex: 0
2019-10-02 00:33:52,365 [grpc-default-executor-9] INFO  impl.FollowerInfo (FollowerInfo.java:lambda$new$0(51)) - 7dac08de-4677-4d75-96f1-007ade40e620@group-279D9FBAAF60->d5e39aa1-85df-4773-97f0-1a350615e09b: nextIndex: updateUnconditionally 14 -> 13
2019-10-02 00:33:52,366 [5d64d55d-1a89-4955-9a32-8fdd897ba959@group-71DC6A674E3B-SegmentedRaftLogWorker] INFO  segmented.SegmentedRaftLogWorker (SegmentedRaftLogWorker.java:run(316)) - 5d64d55d-1a89-4955-9a32-8fdd897ba959@group-71DC6A674E3B-SegmentedRaftLogWorker was interrupted, exiting. There are 0 tasks remaining in the queue.
2019-10-02 00:33:52,369 [main] INFO  segmented.SegmentedRaftLogWorker (SegmentedRaftLogWorker.java:close(224)) - 5d64d55d-1a89-4955-9a32-8fdd897ba959@group-71DC6A674E3B-SegmentedRaftLogWorker close()
2019-10-02 00:33:52,375 [main] INFO  impl.RaftServerImpl (RaftServerImpl.java:lambda$shutdown$3(247)) - 5d64d55d-1a89-4955-9a32-8fdd897ba959@group-A760887A3757: shutdown
2019-10-02 00:33:52,376 [main] INFO  util.JmxRegister (JmxRegister.java:unregister(73)) - Successfully un-registered JMX Bean with object name Ratis:service=RaftServer,group=group-A760887A3757,id=5d64d55d-1a89-4955-9a32-8fdd897ba959
2019-10-02 00:33:52,376 [main] INFO  impl.RoleInfo (RoleInfo.java:shutdownFollowerState(121)) - 5d64d55d-1a89-4955-9a32-8fdd897ba959: shutdown FollowerState
2019-10-02 00:33:52,376 [main] INFO  impl.StateMachineUpdater (StateMachineUpdater.java:stopAndJoin(136)) - 5d64d55d-1a89-4955-9a32-8fdd897ba959@group-A760887A3757-StateMachineUpdater: set stopIndex = 6
2019-10-02 00:33:52,377 [Thread-4742] INFO  impl.FollowerState (FollowerState.java:run(117)) - 5d64d55d-1a89-4955-9a32-8fdd897ba959@group-A760887A3757-FollowerState was interrupted: java.lang.InterruptedException: sleep interrupted
2019-10-02 00:33:52,377 [5d64d55d-1a89-4955-9a32-8fdd897ba959@group-A760887A3757-StateMachineUpdater] INFO  ratis.ContainerStateMachine (ContainerStateMachine.java:takeSnapshot(289)) - group-A760887A3757: Taking a snapshot at:(t:2, i:4) file /workdir/hadoop-ozone/integration-test/target/test-dir/MiniOzoneClusterImpl-fc2f9b79-8358-4999-9ef3-38efab3cd552/datanode-3/data/ratis/09cf32c0-5d63-4d7a-9c4c-a760887a3757/sm/snapshot.2_4
2019-10-02 00:33:52,380 [7dac08de-4677-4d75-96f1-007ade40e620@group-279D9FBAAF60-StateMachineUpdater] INFO  ratis.ContainerStateMachine (ContainerStateMachine.java:takeSnapshot(300)) - group-279D9FBAAF60: Finished taking a snapshot at:(t:1, i:13) file:/workdir/hadoop-ozone/integration-test/target/test-dir/MiniOzoneClusterImpl-fc2f9b79-8358-4999-9ef3-38efab3cd552/datanode-2/data/ratis/f2736389-b944-43b2-bbf3-279d9fbaaf60/sm/snapshot.1_13 time:17
2019-10-02 00:33:52,380 [7dac08de-4677-4d75-96f1-007ade40e620@group-279D9FBAAF60-StateMachineUpdater] INFO  impl.StateMachineUpdater (StateMachineUpdater.java:takeSnapshot(269)) - 7dac08de-4677-4d75-96f1-007ade40e620@group-279D9FBAAF60-StateMachineUpdater: Took a snapshot at index 13
2019-10-02 00:33:52,380 [7dac08de-4677-4d75-96f1-007ade40e620@group-279D9FBAAF60-StateMachineUpdater] INFO  impl.StateMachineUpdater (StateMachineUpdater.java:lambda$new$0(84)) - 7dac08de-4677-4d75-96f1-007ade40e620@group-279D9FBAAF60-StateMachineUpdater: snapshotIndex: updateIncreasingly -1 -> 13
2019-10-02 00:33:52,381 [ForkJoinPool.commonPool-worker-0] INFO  impl.RaftServerImpl (ServerState.java:close(387)) - 7dac08de-4677-4d75-96f1-007ade40e620@group-279D9FBAAF60: closes. applyIndex: 13
2019-10-02 00:33:52,381 [7dac08de-4677-4d75-96f1-007ade40e620@group-279D9FBAAF60-SegmentedRaftLogWorker] INFO  segmented.SegmentedRaftLogWorker (SegmentedRaftLogWorker.java:run(316)) - 7dac08de-4677-4d75-96f1-007ade40e620@group-279D9FBAAF60-SegmentedRaftLogWorker was interrupted, exiting. There are 0 tasks remaining in the queue.
2019-10-02 00:33:52,384 [5d64d55d-1a89-4955-9a32-8fdd897ba959@group-A760887A3757-StateMachineUpdater] INFO  ratis.ContainerStateMachine (ContainerStateMachine.java:takeSnapshot(300)) - group-A760887A3757: Finished taking a snapshot at:(t:2, i:4) file:/workdir/hadoop-ozone/integration-test/target/test-dir/MiniOzoneClusterImpl-fc2f9b79-8358-4999-9ef3-38efab3cd552/datanode-3/data/ratis/09cf32c0-5d63-4d7a-9c4c-a760887a3757/sm/snapshot.2_4 time:8
2019-10-02 00:33:52,384 [ForkJoinPool.commonPool-worker-0] INFO  segmented.SegmentedRaftLogWorker (SegmentedRaftLogWorker.java:close(224)) - 7dac08de-4677-4d75-96f1-007ade40e620@group-279D9FBAAF60-SegmentedRaftLogWorker close()
2019-10-02 00:33:52,385 [5d64d55d-1a89-4955-9a32-8fdd897ba959@group-A760887A3757-StateMachineUpdater] INFO  impl.StateMachineUpdater (StateMachineUpdater.java:takeSnapshot(269)) - 5d64d55d-1a89-4955-9a32-8fdd897ba959@group-A760887A3757-StateMachineUpdater: Took a snapshot at index 4
2019-10-02 00:33:52,390 [ForkJoinPool.commonPool-worker-0] INFO  impl.RaftServerImpl (RaftServerImpl.java:lambda$shutdown$3(247)) - 7dac08de-4677-4d75-96f1-007ade40e620@group-CBD9C3A6C80A: shutdown
2019-10-02 00:33:52,390 [5d64d55d-1a89-4955-9a32-8fdd897ba959@group-A760887A3757-StateMachineUpdater] INFO  impl.StateMachineUpdater (StateMachineUpdater.java:lambda$new$0(84)) - 5d64d55d-1a89-4955-9a32-8fdd897ba959@group-A760887A3757-StateMachineUpdater: snapshotIndex: updateIncreasingly -1 -> 4
2019-10-02 00:33:52,390 [ForkJoinPool.commonPool-worker-0] INFO  util.JmxRegister (JmxRegister.java:unregister(73)) - Successfully un-registered JMX Bean with object name Ratis:service=RaftServer,group=group-CBD9C3A6C80A,id=7dac08de-4677-4d75-96f1-007ade40e620
2019-10-02 00:33:52,391 [5d64d55d-1a89-4955-9a32-8fdd897ba959@group-A760887A3757-StateMachineUpdater] INFO  ratis.ContainerStateMachine (ContainerStateMachine.java:takeSnapshot(289)) - group-A760887A3757: Taking a snapshot at:(t:2, i:4) file /workdir/hadoop-ozone/integration-test/target/test-dir/MiniOzoneClusterImpl-fc2f9b79-8358-4999-9ef3-38efab3cd552/datanode-3/data/ratis/09cf32c0-5d63-4d7a-9c4c-a760887a3757/sm/snapshot.2_4
2019-10-02 00:33:52,391 [ForkJoinPool.commonPool-worker-0] INFO  impl.RoleInfo (RoleInfo.java:shutdownLeaderState(104)) - 7dac08de-4677-4d75-96f1-007ade40e620: shutdown LeaderState
2019-10-02 00:33:52,391 [ForkJoinPool.commonPool-worker-0] INFO  impl.PendingRequests (PendingRequests.java:sendNotLeaderResponses(202)) - 7dac08de-4677-4d75-96f1-007ade40e620@group-CBD9C3A6C80A-PendingRequests: sendNotLeaderResponses
2019-10-02 00:33:52,391 [ForkJoinPool.commonPool-worker-0] INFO  impl.StateMachineUpdater (StateMachineUpdater.java:stopAndJoin(136)) - 7dac08de-4677-4d75-96f1-007ade40e620@group-CBD9C3A6C80A-StateMachineUpdater: set stopIndex = 0
2019-10-02 00:33:52,392 [ForkJoinPool.commonPool-worker-0] INFO  impl.RaftServerImpl (ServerState.java:close(387)) - 7dac08de-4677-4d75-96f1-007ade40e620@group-CBD9C3A6C80A: closes. applyIndex: 0
2019-10-02 00:33:52,392 [7dac08de-4677-4d75-96f1-007ade40e620@group-CBD9C3A6C80A-SegmentedRaftLogWorker] INFO  segmented.SegmentedRaftLogWorker (SegmentedRaftLogWorker.java:run(316)) - 7dac08de-4677-4d75-96f1-007ade40e620@group-CBD9C3A6C80A-SegmentedRaftLogWorker was interrupted, exiting. There are 0 tasks remaining in the queue.
2019-10-02 00:33:52,395 [ForkJoinPool.commonPool-worker-0] INFO  segmented.SegmentedRaftLogWorker (SegmentedRaftLogWorker.java:close(224)) - 7dac08de-4677-4d75-96f1-007ade40e620@group-CBD9C3A6C80A-SegmentedRaftLogWorker close()
2019-10-02 00:33:52,395 [5d64d55d-1a89-4955-9a32-8fdd897ba959@group-A760887A3757-StateMachineUpdater] INFO  ratis.ContainerStateMachine (ContainerStateMachine.java:takeSnapshot(300)) - group-A760887A3757: Finished taking a snapshot at:(t:2, i:4) file:/workdir/hadoop-ozone/integration-test/target/test-dir/MiniOzoneClusterImpl-fc2f9b79-8358-4999-9ef3-38efab3cd552/datanode-3/data/ratis/09cf32c0-5d63-4d7a-9c4c-a760887a3757/sm/snapshot.2_4 time:5
2019-10-02 00:33:52,400 [ForkJoinPool.commonPool-worker-0] INFO  server.GrpcService (GrpcService.java:closeImpl(164)) - 7dac08de-4677-4d75-96f1-007ade40e620: shutdown server with port 33140 now
2019-10-02 00:33:52,401 [5d64d55d-1a89-4955-9a32-8fdd897ba959@group-A760887A3757-StateMachineUpdater] INFO  impl.StateMachineUpdater (StateMachineUpdater.java:takeSnapshot(269)) - 5d64d55d-1a89-4955-9a32-8fdd897ba959@group-A760887A3757-StateMachineUpdater: Took a snapshot at index 4
2019-10-02 00:33:52,401 [5d64d55d-1a89-4955-9a32-8fdd897ba959@group-A760887A3757-StateMachineUpdater] INFO  impl.StateMachineUpdater (StateMachineUpdater.java:lambda$new$0(84)) - 5d64d55d-1a89-4955-9a32-8fdd897ba959@group-A760887A3757-StateMachineUpdater: snapshotIndex: updateIncreasingly 4 -> 4
2019-10-02 00:33:52,401 [main] INFO  impl.RaftServerImpl (ServerState.java:close(387)) - 5d64d55d-1a89-4955-9a32-8fdd897ba959@group-A760887A3757: closes. applyIndex: 6
2019-10-02 00:33:52,402 [5d64d55d-1a89-4955-9a32-8fdd897ba959@group-A760887A3757-SegmentedRaftLogWorker] INFO  segmented.SegmentedRaftLogWorker (SegmentedRaftLogWorker.java:run(316)) - 5d64d55d-1a89-4955-9a32-8fdd897ba959@group-A760887A3757-SegmentedRaftLogWorker was interrupted, exiting. There are 0 tasks remaining in the queue.
2019-10-02 00:33:52,402 [ForkJoinPool.commonPool-worker-0] INFO  server.GrpcService (GrpcService.java:closeImpl(172)) - 7dac08de-4677-4d75-96f1-007ade40e620: shutdown server with port 33140 successfully
2019-10-02 00:33:52,402 [grpc-default-executor-7] WARN  client.GrpcClientProtocolService (LogUtils.java:warn(134)) - 3-UnorderedRequestStreamObserver3: onError: org.apache.ratis.thirdparty.io.grpc.StatusRuntimeException: CANCELLED: cancelled before receiving half close
2019-10-02 00:33:52,404 [main] INFO  segmented.SegmentedRaftLogWorker (SegmentedRaftLogWorker.java:close(224)) - 5d64d55d-1a89-4955-9a32-8fdd897ba959@group-A760887A3757-SegmentedRaftLogWorker close()
2019-10-02 00:33:52,426 [main] INFO  server.GrpcService (GrpcService.java:closeImpl(164)) - 5d64d55d-1a89-4955-9a32-8fdd897ba959: shutdown server with port 45178 now
2019-10-02 00:33:52,428 [grpc-default-executor-4] WARN  server.GrpcServerProtocolService (LogUtils.java:warn(134)) - 5d64d55d-1a89-4955-9a32-8fdd897ba959: installSnapshot onError, lastRequest: f0106f71-445d-4a55-8ec3-61519ab99b40->5d64d55d-1a89-4955-9a32-8fdd897ba959#11-t2, previous=(t:2, i:6), leaderCommit=6, initializing? false, entries: <empty>: org.apache.ratis.thirdparty.io.grpc.StatusRuntimeException: CANCELLED: cancelled before receiving half close
2019-10-02 00:33:52,428 [main] INFO  server.GrpcService (GrpcService.java:closeImpl(172)) - 5d64d55d-1a89-4955-9a32-8fdd897ba959: shutdown server with port 45178 successfully
2019-10-02 00:33:52,428 [refreshUsed-/workdir/hadoop-ozone/integration-test/target/test-dir/MiniOzoneClusterImpl-fc2f9b79-8358-4999-9ef3-38efab3cd552/datanode-2/data/containers] WARN  fs.CachingGetSpaceUsed (CachingGetSpaceUsed.java:run(183)) - Thread Interrupted waiting to refresh disk information: sleep interrupted
2019-10-02 00:33:52,428 [grpc-default-executor-9] WARN  server.GrpcLogAppender (LogUtils.java:warn(134)) - f0106f71-445d-4a55-8ec3-61519ab99b40@group-A760887A3757->5d64d55d-1a89-4955-9a32-8fdd897ba959-AppendLogResponseHandler: Failed appendEntries: org.apache.ratis.thirdparty.io.grpc.StatusRuntimeException: CANCELLED: HTTP/2 error code: CANCEL
Received Rst Stream
2019-10-02 00:33:52,429 [grpc-default-executor-9] INFO  impl.FollowerInfo (FollowerInfo.java:lambda$new$0(51)) - f0106f71-445d-4a55-8ec3-61519ab99b40@group-A760887A3757->5d64d55d-1a89-4955-9a32-8fdd897ba959: nextIndex: updateUnconditionally 7 -> 6
2019-10-02 00:33:52,436 [refreshUsed-/workdir/hadoop-ozone/integration-test/target/test-dir/MiniOzoneClusterImpl-fc2f9b79-8358-4999-9ef3-38efab3cd552/datanode-3/data/containers] WARN  fs.CachingGetSpaceUsed (CachingGetSpaceUsed.java:run(183)) - Thread Interrupted waiting to refresh disk information: sleep interrupted
2019-10-02 00:33:52,447 [ForkJoinPool.commonPool-worker-0] INFO  utils.BackgroundService (BackgroundService.java:shutdown(148)) - Shutting down service BlockDeletingService
2019-10-02 00:33:52,452 [ForkJoinPool.commonPool-worker-0] INFO  statemachine.DatanodeStateMachine (DatanodeStateMachine.java:stopDaemon(395)) - Ozone container server stopped.
2019-10-02 00:33:52,459 [ForkJoinPool.commonPool-worker-0] INFO  handler.ContextHandler (ContextHandler.java:doStop(910)) - Stopped o.e.j.w.WebAppContext@166e5a6d{/,null,UNAVAILABLE}{/hddsDatanode}
2019-10-02 00:33:52,460 [ForkJoinPool.commonPool-worker-0] INFO  server.AbstractConnector (AbstractConnector.java:doStop(318)) - Stopped ServerConnector@1d55dd21{HTTP/1.1,[http/1.1]}{0.0.0.0:0}
2019-10-02 00:33:52,462 [ForkJoinPool.commonPool-worker-0] INFO  handler.ContextHandler (ContextHandler.java:doStop(910)) - Stopped o.e.j.s.ServletContextHandler@1f0e2bdc{/static,jar:file:/home/user/.m2/repository/org/apache/hadoop/hadoop-hdds-container-service/0.5.0-SNAPSHOT/hadoop-hdds-container-service-0.5.0-SNAPSHOT.jar!/webapps/static,UNAVAILABLE}
2019-10-02 00:33:52,464 [ForkJoinPool.commonPool-worker-0] INFO  handler.ContextHandler (ContextHandler.java:doStop(910)) - Stopped o.e.j.s.ServletContextHandler@5efe5b25{/logs,file:///workdir/hadoop-ozone/integration-test/target/log,UNAVAILABLE}
2019-10-02 00:33:52,466 [main] INFO  utils.BackgroundService (BackgroundService.java:shutdown(148)) - Shutting down service BlockDeletingService
2019-10-02 00:33:52,471 [main] INFO  statemachine.DatanodeStateMachine (DatanodeStateMachine.java:stopDaemon(395)) - Ozone container server stopped.
2019-10-02 00:33:52,472 [main] INFO  handler.ContextHandler (ContextHandler.java:doStop(910)) - Stopped o.e.j.w.WebAppContext@4ad1a276{/,null,UNAVAILABLE}{/hddsDatanode}
2019-10-02 00:33:52,473 [main] INFO  server.AbstractConnector (AbstractConnector.java:doStop(318)) - Stopped ServerConnector@4a833595{HTTP/1.1,[http/1.1]}{0.0.0.0:0}
2019-10-02 00:33:52,473 [main] INFO  handler.ContextHandler (ContextHandler.java:doStop(910)) - Stopped o.e.j.s.ServletContextHandler@1fc1c7e{/static,jar:file:/home/user/.m2/repository/org/apache/hadoop/hadoop-hdds-container-service/0.5.0-SNAPSHOT/hadoop-hdds-container-service-0.5.0-SNAPSHOT.jar!/webapps/static,UNAVAILABLE}
2019-10-02 00:33:52,474 [main] INFO  handler.ContextHandler (ContextHandler.java:doStop(910)) - Stopped o.e.j.s.ServletContextHandler@31d4b3e8{/logs,file:///workdir/hadoop-ozone/integration-test/target/log,UNAVAILABLE}
2019-10-02 00:33:52,899 [Datanode State Machine Thread - 0] INFO  statemachine.DatanodeStateMachine (DatanodeStateMachine.java:lambda$startDaemon$0(350)) - Ozone container server started.
2019-10-02 00:33:53,110 [Datanode State Machine Thread - 0] INFO  statemachine.DatanodeStateMachine (DatanodeStateMachine.java:lambda$startDaemon$0(350)) - Ozone container server started.
2019-10-02 00:33:54,670 [grpc-default-executor-9] WARN  server.GrpcLogAppender (LogUtils.java:warn(134)) - f0106f71-445d-4a55-8ec3-61519ab99b40@group-A760887A3757->5d64d55d-1a89-4955-9a32-8fdd897ba959-AppendLogResponseHandler: Failed appendEntries: org.apache.ratis.thirdparty.io.grpc.StatusRuntimeException: UNAVAILABLE: io exception
2019-10-02 00:33:54,670 [grpc-default-executor-9] INFO  impl.FollowerInfo (FollowerInfo.java:lambda$new$0(51)) - f0106f71-445d-4a55-8ec3-61519ab99b40@group-A760887A3757->5d64d55d-1a89-4955-9a32-8fdd897ba959: nextIndex: updateUnconditionally 6 -> 5
2019-10-02 00:33:56,987 [EventQueue-StaleNodeForStaleNodeHandler] INFO  node.StaleNodeHandler (StaleNodeHandler.java:onMessage(58)) - Datanode d5e39aa1-85df-4773-97f0-1a350615e09b{ip: 192.168.151.67, host: pr-hdds-1984-s47sn-1814639636, networkLocation: /default-rack, certSerialId: null} moved to stale state. Finalizing its pipelines [PipelineID=f2736389-b944-43b2-bbf3-279d9fbaaf60, PipelineID=b72b484c-4b1d-48f9-972c-9517db106655]
2019-10-02 00:33:56,989 [EventQueue-StaleNodeForStaleNodeHandler] INFO  pipeline.SCMPipelineManager (SCMPipelineManager.java:finalizeAndDestroyPipeline(315)) - destroying pipeline:Pipeline[ Id: f2736389-b944-43b2-bbf3-279d9fbaaf60, Nodes: d5e39aa1-85df-4773-97f0-1a350615e09b{ip: 192.168.151.67, host: pr-hdds-1984-s47sn-1814639636, networkLocation: /default-rack, certSerialId: null}59358f5f-cb81-417d-afdc-c941a2597248{ip: 192.168.151.67, host: pr-hdds-1984-s47sn-1814639636, networkLocation: /default-rack, certSerialId: null}7dac08de-4677-4d75-96f1-007ade40e620{ip: 192.168.151.67, host: pr-hdds-1984-s47sn-1814639636, networkLocation: /default-rack, certSerialId: null}, Type:RATIS, Factor:THREE, State:CLOSED]
2019-10-02 00:33:56,990 [EventQueue-StaleNodeForStaleNodeHandler] INFO  pipeline.SCMPipelineManager (SCMPipelineManager.java:finalizeAndDestroyPipeline(315)) - destroying pipeline:Pipeline[ Id: b72b484c-4b1d-48f9-972c-9517db106655, Nodes: d5e39aa1-85df-4773-97f0-1a350615e09b{ip: 192.168.151.67, host: pr-hdds-1984-s47sn-1814639636, networkLocation: /default-rack, certSerialId: null}, Type:RATIS, Factor:ONE, State:OPEN]
2019-10-02 00:33:56,990 [EventQueue-StaleNodeForStaleNodeHandler] INFO  pipeline.PipelineStateManager (PipelineStateManager.java:finalizePipeline(123)) - Pipeline Pipeline[ Id: b72b484c-4b1d-48f9-972c-9517db106655, Nodes: d5e39aa1-85df-4773-97f0-1a350615e09b{ip: 192.168.151.67, host: pr-hdds-1984-s47sn-1814639636, networkLocation: /default-rack, certSerialId: null}, Type:RATIS, Factor:ONE, State:CLOSED] moved to CLOSED state
2019-10-02 00:33:57,174 [grpc-default-executor-7] WARN  server.GrpcLogAppender (LogUtils.java:warn(134)) - f0106f71-445d-4a55-8ec3-61519ab99b40@group-A760887A3757->5d64d55d-1a89-4955-9a32-8fdd897ba959-AppendLogResponseHandler: Failed appendEntries: org.apache.ratis.thirdparty.io.grpc.StatusRuntimeException: UNAVAILABLE: io exception
2019-10-02 00:33:57,182 [grpc-default-executor-7] INFO  impl.FollowerInfo (FollowerInfo.java:lambda$new$0(51)) - f0106f71-445d-4a55-8ec3-61519ab99b40@group-A760887A3757->5d64d55d-1a89-4955-9a32-8fdd897ba959: nextIndex: updateUnconditionally 5 -> 4
2019-10-02 00:33:57,186 [EventQueue-StaleNodeForStaleNodeHandler] INFO  node.StaleNodeHandler (StaleNodeHandler.java:onMessage(58)) - Datanode f0106f71-445d-4a55-8ec3-61519ab99b40{ip: 192.168.151.67, host: pr-hdds-1984-s47sn-1814639636, networkLocation: /default-rack, certSerialId: null} moved to stale state. Finalizing its pipelines [PipelineID=357cb659-e52b-4eab-a961-4409579c01d7, PipelineID=09cf32c0-5d63-4d7a-9c4c-a760887a3757]
2019-10-02 00:33:57,187 [EventQueue-StaleNodeForStaleNodeHandler] INFO  pipeline.SCMPipelineManager (SCMPipelineManager.java:finalizeAndDestroyPipeline(315)) - destroying pipeline:Pipeline[ Id: 357cb659-e52b-4eab-a961-4409579c01d7, Nodes: f0106f71-445d-4a55-8ec3-61519ab99b40{ip: 192.168.151.67, host: pr-hdds-1984-s47sn-1814639636, networkLocation: /default-rack, certSerialId: null}, Type:RATIS, Factor:ONE, State:OPEN]
2019-10-02 00:33:57,187 [EventQueue-StaleNodeForStaleNodeHandler] INFO  pipeline.PipelineStateManager (PipelineStateManager.java:finalizePipeline(123)) - Pipeline Pipeline[ Id: 357cb659-e52b-4eab-a961-4409579c01d7, Nodes: f0106f71-445d-4a55-8ec3-61519ab99b40{ip: 192.168.151.67, host: pr-hdds-1984-s47sn-1814639636, networkLocation: /default-rack, certSerialId: null}, Type:RATIS, Factor:ONE, State:CLOSED] moved to CLOSED state
2019-10-02 00:33:57,187 [EventQueue-StaleNodeForStaleNodeHandler] INFO  pipeline.SCMPipelineManager (SCMPipelineManager.java:finalizeAndDestroyPipeline(315)) - destroying pipeline:Pipeline[ Id: 09cf32c0-5d63-4d7a-9c4c-a760887a3757, Nodes: f0106f71-445d-4a55-8ec3-61519ab99b40{ip: 192.168.151.67, host: pr-hdds-1984-s47sn-1814639636, networkLocation: /default-rack, certSerialId: null}bde9f098-4939-4e8a-8a59-5f73d74d5e56{ip: 192.168.151.67, host: pr-hdds-1984-s47sn-1814639636, networkLocation: /default-rack, certSerialId: null}5d64d55d-1a89-4955-9a32-8fdd897ba959{ip: 192.168.151.67, host: pr-hdds-1984-s47sn-1814639636, networkLocation: /default-rack, certSerialId: null}, Type:RATIS, Factor:THREE, State:CLOSED]
2019-10-02 00:33:57,467 [ForkJoinPool.commonPool-worker-0] INFO  ozoneimpl.OzoneContainer (OzoneContainer.java:stop(231)) - Attempting to stop container services.
2019-10-02 00:33:57,467 [ForkJoinPool.commonPool-worker-0] INFO  impl.RaftServerProxy (RaftServerProxy.java:lambda$close$4(314)) - d5e39aa1-85df-4773-97f0-1a350615e09b: close
2019-10-02 00:33:57,467 [ForkJoinPool.commonPool-worker-0] INFO  impl.RaftServerImpl (RaftServerImpl.java:lambda$shutdown$3(247)) - d5e39aa1-85df-4773-97f0-1a350615e09b@group-279D9FBAAF60: shutdown
2019-10-02 00:33:57,468 [ForkJoinPool.commonPool-worker-0] INFO  util.JmxRegister (JmxRegister.java:unregister(73)) - Successfully un-registered JMX Bean with object name Ratis:service=RaftServer,group=group-279D9FBAAF60,id=d5e39aa1-85df-4773-97f0-1a350615e09b
2019-10-02 00:33:57,468 [ForkJoinPool.commonPool-worker-0] INFO  impl.RoleInfo (RoleInfo.java:shutdownFollowerState(121)) - d5e39aa1-85df-4773-97f0-1a350615e09b: shutdown FollowerState
2019-10-02 00:33:57,468 [ForkJoinPool.commonPool-worker-0] INFO  impl.StateMachineUpdater (StateMachineUpdater.java:stopAndJoin(136)) - d5e39aa1-85df-4773-97f0-1a350615e09b@group-279D9FBAAF60-StateMachineUpdater: set stopIndex = 13
2019-10-02 00:33:57,468 [Thread-4639] INFO  impl.FollowerState (FollowerState.java:run(117)) - d5e39aa1-85df-4773-97f0-1a350615e09b@group-279D9FBAAF60-FollowerState was interrupted: java.lang.InterruptedException: sleep interrupted
2019-10-02 00:33:57,474 [d5e39aa1-85df-4773-97f0-1a350615e09b@group-279D9FBAAF60-StateMachineUpdater] INFO  ratis.ContainerStateMachine (ContainerStateMachine.java:takeSnapshot(289)) - group-279D9FBAAF60: Taking a snapshot at:(t:1, i:13) file /workdir/hadoop-ozone/integration-test/target/test-dir/MiniOzoneClusterImpl-fc2f9b79-8358-4999-9ef3-38efab3cd552/datanode-0/data/ratis/f2736389-b944-43b2-bbf3-279d9fbaaf60/sm/snapshot.1_13
2019-10-02 00:33:57,479 [main] INFO  ozoneimpl.OzoneContainer (OzoneContainer.java:stop(231)) - Attempting to stop container services.
2019-10-02 00:33:57,480 [main] INFO  impl.RaftServerProxy (RaftServerProxy.java:lambda$close$4(314)) - f0106f71-445d-4a55-8ec3-61519ab99b40: close
2019-10-02 00:33:57,480 [main] INFO  impl.RaftServerImpl (RaftServerImpl.java:lambda$shutdown$3(247)) - f0106f71-445d-4a55-8ec3-61519ab99b40@group-4409579C01D7: shutdown
2019-10-02 00:33:57,481 [main] INFO  util.JmxRegister (JmxRegister.java:unregister(73)) - Successfully un-registered JMX Bean with object name Ratis:service=RaftServer,group=group-4409579C01D7,id=f0106f71-445d-4a55-8ec3-61519ab99b40
2019-10-02 00:33:57,481 [main] INFO  impl.RoleInfo (RoleInfo.java:shutdownLeaderState(104)) - f0106f71-445d-4a55-8ec3-61519ab99b40: shutdown LeaderState
2019-10-02 00:33:57,482 [main] INFO  impl.PendingRequests (PendingRequests.java:sendNotLeaderResponses(202)) - f0106f71-445d-4a55-8ec3-61519ab99b40@group-4409579C01D7-PendingRequests: sendNotLeaderResponses
2019-10-02 00:33:57,482 [main] INFO  impl.StateMachineUpdater (StateMachineUpdater.java:stopAndJoin(136)) - f0106f71-445d-4a55-8ec3-61519ab99b40@group-4409579C01D7-StateMachineUpdater: set stopIndex = 0
2019-10-02 00:33:57,483 [main] INFO  impl.RaftServerImpl (ServerState.java:close(387)) - f0106f71-445d-4a55-8ec3-61519ab99b40@group-4409579C01D7: closes. applyIndex: 0
2019-10-02 00:33:57,484 [f0106f71-445d-4a55-8ec3-61519ab99b40@group-4409579C01D7-SegmentedRaftLogWorker] INFO  segmented.SegmentedRaftLogWorker (SegmentedRaftLogWorker.java:run(316)) - f0106f71-445d-4a55-8ec3-61519ab99b40@group-4409579C01D7-SegmentedRaftLogWorker was interrupted, exiting. There are 0 tasks remaining in the queue.
2019-10-02 00:33:57,488 [main] INFO  segmented.SegmentedRaftLogWorker (SegmentedRaftLogWorker.java:close(224)) - f0106f71-445d-4a55-8ec3-61519ab99b40@group-4409579C01D7-SegmentedRaftLogWorker close()
2019-10-02 00:33:57,488 [d5e39aa1-85df-4773-97f0-1a350615e09b@group-279D9FBAAF60-StateMachineUpdater] INFO  ratis.ContainerStateMachine (ContainerStateMachine.java:takeSnapshot(300)) - group-279D9FBAAF60: Finished taking a snapshot at:(t:1, i:13) file:/workdir/hadoop-ozone/integration-test/target/test-dir/MiniOzoneClusterImpl-fc2f9b79-8358-4999-9ef3-38efab3cd552/datanode-0/data/ratis/f2736389-b944-43b2-bbf3-279d9fbaaf60/sm/snapshot.1_13 time:17
2019-10-02 00:33:57,491 [main] INFO  impl.RaftServerImpl (RaftServerImpl.java:lambda$shutdown$3(247)) - f0106f71-445d-4a55-8ec3-61519ab99b40@group-A760887A3757: shutdown
2019-10-02 00:33:57,491 [d5e39aa1-85df-4773-97f0-1a350615e09b@group-279D9FBAAF60-StateMachineUpdater] INFO  impl.StateMachineUpdater (StateMachineUpdater.java:takeSnapshot(269)) - d5e39aa1-85df-4773-97f0-1a350615e09b@group-279D9FBAAF60-StateMachineUpdater: Took a snapshot at index 13
2019-10-02 00:33:57,491 [main] INFO  util.JmxRegister (JmxRegister.java:unregister(73)) - Successfully un-registered JMX Bean with object name Ratis:service=RaftServer,group=group-A760887A3757,id=f0106f71-445d-4a55-8ec3-61519ab99b40
2019-10-02 00:33:57,492 [d5e39aa1-85df-4773-97f0-1a350615e09b@group-279D9FBAAF60-StateMachineUpdater] INFO  impl.StateMachineUpdater (StateMachineUpdater.java:lambda$new$0(84)) - d5e39aa1-85df-4773-97f0-1a350615e09b@group-279D9FBAAF60-StateMachineUpdater: snapshotIndex: updateIncreasingly -1 -> 13
2019-10-02 00:33:57,492 [main] INFO  impl.RoleInfo (RoleInfo.java:shutdownLeaderState(104)) - f0106f71-445d-4a55-8ec3-61519ab99b40: shutdown LeaderState
2019-10-02 00:33:57,492 [ForkJoinPool.commonPool-worker-0] INFO  impl.RaftServerImpl (ServerState.java:close(387)) - d5e39aa1-85df-4773-97f0-1a350615e09b@group-279D9FBAAF60: closes. applyIndex: 13
2019-10-02 00:33:57,497 [org.apache.ratis.server.impl.LogAppender$AppenderDaemon$$Lambda$499/391306371@43b43ecc] WARN  server.GrpcLogAppender (GrpcLogAppender.java:mayWait(143)) - f0106f71-445d-4a55-8ec3-61519ab99b40@group-A760887A3757->bde9f098-4939-4e8a-8a59-5f73d74d5e56-GrpcLogAppender: Wait interrupted by java.lang.InterruptedException
2019-10-02 00:33:57,497 [org.apache.ratis.server.impl.LogAppender$AppenderDaemon$$Lambda$499/391306371@4f0b6c09] WARN  server.GrpcLogAppender (GrpcLogAppender.java:mayWait(143)) - f0106f71-445d-4a55-8ec3-61519ab99b40@group-A760887A3757->5d64d55d-1a89-4955-9a32-8fdd897ba959-GrpcLogAppender: Wait interrupted by java.lang.InterruptedException
2019-10-02 00:33:57,497 [d5e39aa1-85df-4773-97f0-1a350615e09b@group-279D9FBAAF60-SegmentedRaftLogWorker] INFO  segmented.SegmentedRaftLogWorker (SegmentedRaftLogWorker.java:run(316)) - d5e39aa1-85df-4773-97f0-1a350615e09b@group-279D9FBAAF60-SegmentedRaftLogWorker was interrupted, exiting. There are 0 tasks remaining in the queue.
2019-10-02 00:33:57,497 [main] INFO  impl.PendingRequests (PendingRequests.java:sendNotLeaderResponses(202)) - f0106f71-445d-4a55-8ec3-61519ab99b40@group-A760887A3757-PendingRequests: sendNotLeaderResponses
2019-10-02 00:33:57,501 [ForkJoinPool.commonPool-worker-0] INFO  segmented.SegmentedRaftLogWorker (SegmentedRaftLogWorker.java:close(224)) - d5e39aa1-85df-4773-97f0-1a350615e09b@group-279D9FBAAF60-SegmentedRaftLogWorker close()
2019-10-02 00:33:57,508 [ForkJoinPool.commonPool-worker-0] INFO  impl.RaftServerImpl (RaftServerImpl.java:lambda$shutdown$3(247)) - d5e39aa1-85df-4773-97f0-1a350615e09b@group-9517DB106655: shutdown
2019-10-02 00:33:57,509 [ForkJoinPool.commonPool-worker-0] INFO  util.JmxRegister (JmxRegister.java:unregister(73)) - Successfully un-registered JMX Bean with object name Ratis:service=RaftServer,group=group-9517DB106655,id=d5e39aa1-85df-4773-97f0-1a350615e09b
2019-10-02 00:33:57,509 [grpc-default-executor-9] INFO  server.GrpcServerProtocolService (GrpcServerProtocolService.java:onCompleted(113)) - bde9f098-4939-4e8a-8a59-5f73d74d5e56: Completed APPEND_ENTRIES, lastRequest: f0106f71-445d-4a55-8ec3-61519ab99b40->bde9f098-4939-4e8a-8a59-5f73d74d5e56#13-t2, previous=(t:2, i:6), leaderCommit=6, initializing? false, entries: <empty>
2019-10-02 00:33:57,509 [f0106f71-445d-4a55-8ec3-61519ab99b40@group-A760887A3757-StateMachineUpdater] INFO  ratis.ContainerStateMachine (ContainerStateMachine.java:takeSnapshot(289)) - group-A760887A3757: Taking a snapshot at:(t:2, i:6) file /workdir/hadoop-ozone/integration-test/target/test-dir/MiniOzoneClusterImpl-fc2f9b79-8358-4999-9ef3-38efab3cd552/datanode-6/data/ratis/09cf32c0-5d63-4d7a-9c4c-a760887a3757/sm/snapshot.2_6
2019-10-02 00:33:57,509 [main] INFO  impl.StateMachineUpdater (StateMachineUpdater.java:stopAndJoin(136)) - f0106f71-445d-4a55-8ec3-61519ab99b40@group-A760887A3757-StateMachineUpdater: set stopIndex = 6
2019-10-02 00:33:57,509 [ForkJoinPool.commonPool-worker-0] INFO  impl.RoleInfo (RoleInfo.java:shutdownLeaderState(104)) - d5e39aa1-85df-4773-97f0-1a350615e09b: shutdown LeaderState
2019-10-02 00:33:57,510 [grpc-default-executor-7] INFO  server.GrpcLogAppender (GrpcLogAppender.java:onCompleted(293)) - f0106f71-445d-4a55-8ec3-61519ab99b40@group-A760887A3757->bde9f098-4939-4e8a-8a59-5f73d74d5e56-AppendLogResponseHandler: follower responses appendEntries COMPLETED
2019-10-02 00:33:57,510 [ForkJoinPool.commonPool-worker-0] INFO  impl.PendingRequests (PendingRequests.java:sendNotLeaderResponses(202)) - d5e39aa1-85df-4773-97f0-1a350615e09b@group-9517DB106655-PendingRequests: sendNotLeaderResponses
2019-10-02 00:33:57,511 [ForkJoinPool.commonPool-worker-0] INFO  impl.StateMachineUpdater (StateMachineUpdater.java:stopAndJoin(136)) - d5e39aa1-85df-4773-97f0-1a350615e09b@group-9517DB106655-StateMachineUpdater: set stopIndex = 0
2019-10-02 00:33:57,511 [grpc-default-executor-7] INFO  impl.FollowerInfo (FollowerInfo.java:lambda$new$0(51)) - f0106f71-445d-4a55-8ec3-61519ab99b40@group-A760887A3757->bde9f098-4939-4e8a-8a59-5f73d74d5e56: nextIndex: updateUnconditionally 7 -> 6
2019-10-02 00:33:57,511 [ForkJoinPool.commonPool-worker-0] INFO  impl.RaftServerImpl (ServerState.java:close(387)) - d5e39aa1-85df-4773-97f0-1a350615e09b@group-9517DB106655: closes. applyIndex: 0
2019-10-02 00:33:57,512 [d5e39aa1-85df-4773-97f0-1a350615e09b@group-9517DB106655-SegmentedRaftLogWorker] INFO  segmented.SegmentedRaftLogWorker (SegmentedRaftLogWorker.java:run(316)) - d5e39aa1-85df-4773-97f0-1a350615e09b@group-9517DB106655-SegmentedRaftLogWorker was interrupted, exiting. There are 0 tasks remaining in the queue.
2019-10-02 00:33:57,514 [ForkJoinPool.commonPool-worker-0] INFO  segmented.SegmentedRaftLogWorker (SegmentedRaftLogWorker.java:close(224)) - d5e39aa1-85df-4773-97f0-1a350615e09b@group-9517DB106655-SegmentedRaftLogWorker close()
2019-10-02 00:33:57,531 [ForkJoinPool.commonPool-worker-0] INFO  server.GrpcService (GrpcService.java:closeImpl(164)) - d5e39aa1-85df-4773-97f0-1a350615e09b: shutdown server with port 40090 now
2019-10-02 00:33:57,532 [f0106f71-445d-4a55-8ec3-61519ab99b40@group-A760887A3757-StateMachineUpdater] INFO  ratis.ContainerStateMachine (ContainerStateMachine.java:takeSnapshot(300)) - group-A760887A3757: Finished taking a snapshot at:(t:2, i:6) file:/workdir/hadoop-ozone/integration-test/target/test-dir/MiniOzoneClusterImpl-fc2f9b79-8358-4999-9ef3-38efab3cd552/datanode-6/data/ratis/09cf32c0-5d63-4d7a-9c4c-a760887a3757/sm/snapshot.2_6 time:22
2019-10-02 00:33:57,532 [ForkJoinPool.commonPool-worker-0] INFO  server.GrpcService (GrpcService.java:closeImpl(172)) - d5e39aa1-85df-4773-97f0-1a350615e09b: shutdown server with port 40090 successfully
2019-10-02 00:33:57,532 [f0106f71-445d-4a55-8ec3-61519ab99b40@group-A760887A3757-StateMachineUpdater] INFO  impl.StateMachineUpdater (StateMachineUpdater.java:takeSnapshot(269)) - f0106f71-445d-4a55-8ec3-61519ab99b40@group-A760887A3757-StateMachineUpdater: Took a snapshot at index 6
2019-10-02 00:33:57,532 [f0106f71-445d-4a55-8ec3-61519ab99b40@group-A760887A3757-StateMachineUpdater] INFO  impl.StateMachineUpdater (StateMachineUpdater.java:lambda$new$0(84)) - f0106f71-445d-4a55-8ec3-61519ab99b40@group-A760887A3757-StateMachineUpdater: snapshotIndex: updateIncreasingly -1 -> 6
2019-10-02 00:33:57,533 [main] INFO  impl.RaftServerImpl (ServerState.java:close(387)) - f0106f71-445d-4a55-8ec3-61519ab99b40@group-A760887A3757: closes. applyIndex: 6
2019-10-02 00:33:57,534 [f0106f71-445d-4a55-8ec3-61519ab99b40@group-A760887A3757-SegmentedRaftLogWorker] INFO  segmented.SegmentedRaftLogWorker (SegmentedRaftLogWorker.java:run(316)) - f0106f71-445d-4a55-8ec3-61519ab99b40@group-A760887A3757-SegmentedRaftLogWorker was interrupted, exiting. There are 0 tasks remaining in the queue.
2019-10-02 00:33:57,535 [main] INFO  segmented.SegmentedRaftLogWorker (SegmentedRaftLogWorker.java:close(224)) - f0106f71-445d-4a55-8ec3-61519ab99b40@group-A760887A3757-SegmentedRaftLogWorker close()
2019-10-02 00:33:57,535 [refreshUsed-/workdir/hadoop-ozone/integration-test/target/test-dir/MiniOzoneClusterImpl-fc2f9b79-8358-4999-9ef3-38efab3cd552/datanode-0/data/containers] WARN  fs.CachingGetSpaceUsed (CachingGetSpaceUsed.java:run(183)) - Thread Interrupted waiting to refresh disk information: sleep interrupted
2019-10-02 00:33:57,535 [main] INFO  server.GrpcService (GrpcService.java:closeImpl(164)) - f0106f71-445d-4a55-8ec3-61519ab99b40: shutdown server with port 43261 now
2019-10-02 00:33:57,536 [main] INFO  server.GrpcService (GrpcService.java:closeImpl(172)) - f0106f71-445d-4a55-8ec3-61519ab99b40: shutdown server with port 43261 successfully
2019-10-02 00:33:57,540 [refreshUsed-/workdir/hadoop-ozone/integration-test/target/test-dir/MiniOzoneClusterImpl-fc2f9b79-8358-4999-9ef3-38efab3cd552/datanode-6/data/containers] WARN  fs.CachingGetSpaceUsed (CachingGetSpaceUsed.java:run(183)) - Thread Interrupted waiting to refresh disk information: sleep interrupted
2019-10-02 00:33:57,562 [ForkJoinPool.commonPool-worker-0] INFO  utils.BackgroundService (BackgroundService.java:shutdown(148)) - Shutting down service BlockDeletingService
2019-10-02 00:33:57,566 [ForkJoinPool.commonPool-worker-0] INFO  statemachine.DatanodeStateMachine (DatanodeStateMachine.java:stopDaemon(395)) - Ozone container server stopped.
2019-10-02 00:33:57,572 [main] INFO  utils.BackgroundService (BackgroundService.java:shutdown(148)) - Shutting down service BlockDeletingService
2019-10-02 00:33:57,572 [ForkJoinPool.commonPool-worker-0] INFO  handler.ContextHandler (ContextHandler.java:doStop(910)) - Stopped o.e.j.w.WebAppContext@7657d90b{/,null,UNAVAILABLE}{/hddsDatanode}
2019-10-02 00:33:57,576 [main] INFO  statemachine.DatanodeStateMachine (DatanodeStateMachine.java:stopDaemon(395)) - Ozone container server stopped.
2019-10-02 00:33:57,577 [ForkJoinPool.commonPool-worker-0] INFO  server.AbstractConnector (AbstractConnector.java:doStop(318)) - Stopped ServerConnector@3f0c6b3c{HTTP/1.1,[http/1.1]}{0.0.0.0:0}
2019-10-02 00:33:57,577 [main] INFO  handler.ContextHandler (ContextHandler.java:doStop(910)) - Stopped o.e.j.w.WebAppContext@101c15ad{/,null,UNAVAILABLE}{/hddsDatanode}
2019-10-02 00:33:57,582 [ForkJoinPool.commonPool-worker-0] INFO  handler.ContextHandler (ContextHandler.java:doStop(910)) - Stopped o.e.j.s.ServletContextHandler@3b0ed98a{/static,jar:file:/home/user/.m2/repository/org/apache/hadoop/hadoop-hdds-container-service/0.5.0-SNAPSHOT/hadoop-hdds-container-service-0.5.0-SNAPSHOT.jar!/webapps/static,UNAVAILABLE}
2019-10-02 00:33:57,583 [main] INFO  server.AbstractConnector (AbstractConnector.java:doStop(318)) - Stopped ServerConnector@6068ebb2{HTTP/1.1,[http/1.1]}{0.0.0.0:0}
2019-10-02 00:33:57,583 [ForkJoinPool.commonPool-worker-0] INFO  handler.ContextHandler (ContextHandler.java:doStop(910)) - Stopped o.e.j.s.ServletContextHandler@7d088813{/logs,file:///workdir/hadoop-ozone/integration-test/target/log,UNAVAILABLE}
2019-10-02 00:33:57,584 [main] INFO  handler.ContextHandler (ContextHandler.java:doStop(910)) - Stopped o.e.j.s.ServletContextHandler@4fa8bebb{/static,jar:file:/home/user/.m2/repository/org/apache/hadoop/hadoop-hdds-container-service/0.5.0-SNAPSHOT/hadoop-hdds-container-service-0.5.0-SNAPSHOT.jar!/webapps/static,UNAVAILABLE}
2019-10-02 00:33:57,585 [main] INFO  handler.ContextHandler (ContextHandler.java:doStop(910)) - Stopped o.e.j.s.ServletContextHandler@7417ef4f{/logs,file:///workdir/hadoop-ozone/integration-test/target/log,UNAVAILABLE}
2019-10-02 00:33:58,140 [Datanode State Machine Thread - 0] INFO  statemachine.DatanodeStateMachine (DatanodeStateMachine.java:lambda$startDaemon$0(350)) - Ozone container server started.
2019-10-02 00:34:02,193 [EventQueue-StaleNodeForStaleNodeHandler] INFO  node.StaleNodeHandler (StaleNodeHandler.java:onMessage(58)) - Datanode bde9f098-4939-4e8a-8a59-5f73d74d5e56{ip: 192.168.151.67, host: pr-hdds-1984-s47sn-1814639636, networkLocation: /default-rack, certSerialId: null} moved to stale state. Finalizing its pipelines [PipelineID=b18e30a1-c8c7-48ef-98aa-160c4c33b8d3, PipelineID=09cf32c0-5d63-4d7a-9c4c-a760887a3757]
2019-10-02 00:34:02,194 [EventQueue-StaleNodeForStaleNodeHandler] INFO  pipeline.SCMPipelineManager (SCMPipelineManager.java:finalizeAndDestroyPipeline(315)) - destroying pipeline:Pipeline[ Id: b18e30a1-c8c7-48ef-98aa-160c4c33b8d3, Nodes: bde9f098-4939-4e8a-8a59-5f73d74d5e56{ip: 192.168.151.67, host: pr-hdds-1984-s47sn-1814639636, networkLocation: /default-rack, certSerialId: null}, Type:RATIS, Factor:ONE, State:OPEN]
2019-10-02 00:34:02,195 [EventQueue-StaleNodeForStaleNodeHandler] INFO  pipeline.PipelineStateManager (PipelineStateManager.java:finalizePipeline(123)) - Pipeline Pipeline[ Id: b18e30a1-c8c7-48ef-98aa-160c4c33b8d3, Nodes: bde9f098-4939-4e8a-8a59-5f73d74d5e56{ip: 192.168.151.67, host: pr-hdds-1984-s47sn-1814639636, networkLocation: /default-rack, certSerialId: null}, Type:RATIS, Factor:ONE, State:CLOSED] moved to CLOSED state
2019-10-02 00:34:02,195 [EventQueue-StaleNodeForStaleNodeHandler] INFO  pipeline.SCMPipelineManager (SCMPipelineManager.java:finalizeAndDestroyPipeline(315)) - destroying pipeline:Pipeline[ Id: 09cf32c0-5d63-4d7a-9c4c-a760887a3757, Nodes: f0106f71-445d-4a55-8ec3-61519ab99b40{ip: 192.168.151.67, host: pr-hdds-1984-s47sn-1814639636, networkLocation: /default-rack, certSerialId: null}bde9f098-4939-4e8a-8a59-5f73d74d5e56{ip: 192.168.151.67, host: pr-hdds-1984-s47sn-1814639636, networkLocation: /default-rack, certSerialId: null}5d64d55d-1a89-4955-9a32-8fdd897ba959{ip: 192.168.151.67, host: pr-hdds-1984-s47sn-1814639636, networkLocation: /default-rack, certSerialId: null}, Type:RATIS, Factor:THREE, State:CLOSED]
2019-10-02 00:34:02,587 [ForkJoinPool.commonPool-worker-0] INFO  ozoneimpl.OzoneContainer (OzoneContainer.java:stop(231)) - Attempting to stop container services.
2019-10-02 00:34:02,587 [ForkJoinPool.commonPool-worker-0] INFO  impl.RaftServerProxy (RaftServerProxy.java:lambda$close$4(314)) - bde9f098-4939-4e8a-8a59-5f73d74d5e56: close
2019-10-02 00:34:02,588 [ForkJoinPool.commonPool-worker-0] INFO  impl.RaftServerImpl (RaftServerImpl.java:lambda$shutdown$3(247)) - bde9f098-4939-4e8a-8a59-5f73d74d5e56@group-160C4C33B8D3: shutdown
2019-10-02 00:34:02,588 [ForkJoinPool.commonPool-worker-0] INFO  util.JmxRegister (JmxRegister.java:unregister(73)) - Successfully un-registered JMX Bean with object name Ratis:service=RaftServer,group=group-160C4C33B8D3,id=bde9f098-4939-4e8a-8a59-5f73d74d5e56
2019-10-02 00:34:02,588 [ForkJoinPool.commonPool-worker-0] INFO  impl.RoleInfo (RoleInfo.java:shutdownLeaderState(104)) - bde9f098-4939-4e8a-8a59-5f73d74d5e56: shutdown LeaderState
2019-10-02 00:34:02,589 [ForkJoinPool.commonPool-worker-0] INFO  impl.PendingRequests (PendingRequests.java:sendNotLeaderResponses(202)) - bde9f098-4939-4e8a-8a59-5f73d74d5e56@group-160C4C33B8D3-PendingRequests: sendNotLeaderResponses
2019-10-02 00:34:02,589 [ForkJoinPool.commonPool-worker-0] INFO  impl.StateMachineUpdater (StateMachineUpdater.java:stopAndJoin(136)) - bde9f098-4939-4e8a-8a59-5f73d74d5e56@group-160C4C33B8D3-StateMachineUpdater: set stopIndex = 0
2019-10-02 00:34:02,590 [ForkJoinPool.commonPool-worker-0] INFO  impl.RaftServerImpl (ServerState.java:close(387)) - bde9f098-4939-4e8a-8a59-5f73d74d5e56@group-160C4C33B8D3: closes. applyIndex: 0
2019-10-02 00:34:02,590 [bde9f098-4939-4e8a-8a59-5f73d74d5e56@group-160C4C33B8D3-SegmentedRaftLogWorker] INFO  segmented.SegmentedRaftLogWorker (SegmentedRaftLogWorker.java:run(316)) - bde9f098-4939-4e8a-8a59-5f73d74d5e56@group-160C4C33B8D3-SegmentedRaftLogWorker was interrupted, exiting. There are 0 tasks remaining in the queue.
2019-10-02 00:34:02,595 [ForkJoinPool.commonPool-worker-0] INFO  segmented.SegmentedRaftLogWorker (SegmentedRaftLogWorker.java:close(224)) - bde9f098-4939-4e8a-8a59-5f73d74d5e56@group-160C4C33B8D3-SegmentedRaftLogWorker close()
2019-10-02 00:34:02,595 [ForkJoinPool.commonPool-worker-0] INFO  impl.RaftServerImpl (RaftServerImpl.java:lambda$shutdown$3(247)) - bde9f098-4939-4e8a-8a59-5f73d74d5e56@group-A760887A3757: shutdown
2019-10-02 00:34:02,595 [ForkJoinPool.commonPool-worker-0] INFO  util.JmxRegister (JmxRegister.java:unregister(73)) - Successfully un-registered JMX Bean with object name Ratis:service=RaftServer,group=group-A760887A3757,id=bde9f098-4939-4e8a-8a59-5f73d74d5e56
2019-10-02 00:34:02,595 [ForkJoinPool.commonPool-worker-0] INFO  impl.RoleInfo (RoleInfo.java:shutdownFollowerState(121)) - bde9f098-4939-4e8a-8a59-5f73d74d5e56: shutdown FollowerState
2019-10-02 00:34:02,595 [ForkJoinPool.commonPool-worker-0] INFO  impl.StateMachineUpdater (StateMachineUpdater.java:stopAndJoin(136)) - bde9f098-4939-4e8a-8a59-5f73d74d5e56@group-A760887A3757-StateMachineUpdater: set stopIndex = 6
2019-10-02 00:34:02,596 [bde9f098-4939-4e8a-8a59-5f73d74d5e56@group-A760887A3757-StateMachineUpdater] INFO  ratis.ContainerStateMachine (ContainerStateMachine.java:takeSnapshot(289)) - group-A760887A3757: Taking a snapshot at:(t:2, i:4) file /workdir/hadoop-ozone/integration-test/target/test-dir/MiniOzoneClusterImpl-fc2f9b79-8358-4999-9ef3-38efab3cd552/datanode-5/data/ratis/09cf32c0-5d63-4d7a-9c4c-a760887a3757/sm/snapshot.2_4
2019-10-02 00:34:02,596 [Thread-4741] INFO  impl.FollowerState (FollowerState.java:run(117)) - bde9f098-4939-4e8a-8a59-5f73d74d5e56@group-A760887A3757-FollowerState was interrupted: java.lang.InterruptedException: sleep interrupted
2019-10-02 00:34:02,608 [bde9f098-4939-4e8a-8a59-5f73d74d5e56@group-A760887A3757-StateMachineUpdater] INFO  ratis.ContainerStateMachine (ContainerStateMachine.java:takeSnapshot(300)) - group-A760887A3757: Finished taking a snapshot at:(t:2, i:4) file:/workdir/hadoop-ozone/integration-test/target/test-dir/MiniOzoneClusterImpl-fc2f9b79-8358-4999-9ef3-38efab3cd552/datanode-5/data/ratis/09cf32c0-5d63-4d7a-9c4c-a760887a3757/sm/snapshot.2_4 time:13
2019-10-02 00:34:02,609 [bde9f098-4939-4e8a-8a59-5f73d74d5e56@group-A760887A3757-StateMachineUpdater] INFO  impl.StateMachineUpdater (StateMachineUpdater.java:takeSnapshot(269)) - bde9f098-4939-4e8a-8a59-5f73d74d5e56@group-A760887A3757-StateMachineUpdater: Took a snapshot at index 4
2019-10-02 00:34:02,609 [bde9f098-4939-4e8a-8a59-5f73d74d5e56@group-A760887A3757-StateMachineUpdater] INFO  impl.StateMachineUpdater (StateMachineUpdater.java:lambda$new$0(84)) - bde9f098-4939-4e8a-8a59-5f73d74d5e56@group-A760887A3757-StateMachineUpdater: snapshotIndex: updateIncreasingly -1 -> 4
2019-10-02 00:34:02,609 [bde9f098-4939-4e8a-8a59-5f73d74d5e56@group-A760887A3757-StateMachineUpdater] INFO  ratis.ContainerStateMachine (ContainerStateMachine.java:takeSnapshot(289)) - group-A760887A3757: Taking a snapshot at:(t:2, i:4) file /workdir/hadoop-ozone/integration-test/target/test-dir/MiniOzoneClusterImpl-fc2f9b79-8358-4999-9ef3-38efab3cd552/datanode-5/data/ratis/09cf32c0-5d63-4d7a-9c4c-a760887a3757/sm/snapshot.2_4
2019-10-02 00:34:02,621 [bde9f098-4939-4e8a-8a59-5f73d74d5e56@group-A760887A3757-StateMachineUpdater] INFO  ratis.ContainerStateMachine (ContainerStateMachine.java:takeSnapshot(300)) - group-A760887A3757: Finished taking a snapshot at:(t:2, i:4) file:/workdir/hadoop-ozone/integration-test/target/test-dir/MiniOzoneClusterImpl-fc2f9b79-8358-4999-9ef3-38efab3cd552/datanode-5/data/ratis/09cf32c0-5d63-4d7a-9c4c-a760887a3757/sm/snapshot.2_4 time:12
2019-10-02 00:34:02,621 [bde9f098-4939-4e8a-8a59-5f73d74d5e56@group-A760887A3757-StateMachineUpdater] INFO  impl.StateMachineUpdater (StateMachineUpdater.java:takeSnapshot(269)) - bde9f098-4939-4e8a-8a59-5f73d74d5e56@group-A760887A3757-StateMachineUpdater: Took a snapshot at index 4
2019-10-02 00:34:02,621 [bde9f098-4939-4e8a-8a59-5f73d74d5e56@group-A760887A3757-StateMachineUpdater] INFO  impl.StateMachineUpdater (StateMachineUpdater.java:lambda$new$0(84)) - bde9f098-4939-4e8a-8a59-5f73d74d5e56@group-A760887A3757-StateMachineUpdater: snapshotIndex: updateIncreasingly 4 -> 4
2019-10-02 00:34:02,622 [ForkJoinPool.commonPool-worker-0] INFO  impl.RaftServerImpl (ServerState.java:close(387)) - bde9f098-4939-4e8a-8a59-5f73d74d5e56@group-A760887A3757: closes. applyIndex: 6
2019-10-02 00:34:02,622 [bde9f098-4939-4e8a-8a59-5f73d74d5e56@group-A760887A3757-SegmentedRaftLogWorker] INFO  segmented.SegmentedRaftLogWorker (SegmentedRaftLogWorker.java:run(316)) - bde9f098-4939-4e8a-8a59-5f73d74d5e56@group-A760887A3757-SegmentedRaftLogWorker was interrupted, exiting. There are 0 tasks remaining in the queue.
2019-10-02 00:34:02,622 [ForkJoinPool.commonPool-worker-0] INFO  segmented.SegmentedRaftLogWorker (SegmentedRaftLogWorker.java:close(224)) - bde9f098-4939-4e8a-8a59-5f73d74d5e56@group-A760887A3757-SegmentedRaftLogWorker close()
2019-10-02 00:34:02,623 [ForkJoinPool.commonPool-worker-0] INFO  server.GrpcService (GrpcService.java:closeImpl(164)) - bde9f098-4939-4e8a-8a59-5f73d74d5e56: shutdown server with port 37903 now
2019-10-02 00:34:02,623 [ForkJoinPool.commonPool-worker-0] INFO  server.GrpcService (GrpcService.java:closeImpl(172)) - bde9f098-4939-4e8a-8a59-5f73d74d5e56: shutdown server with port 37903 successfully
2019-10-02 00:34:02,626 [refreshUsed-/workdir/hadoop-ozone/integration-test/target/test-dir/MiniOzoneClusterImpl-fc2f9b79-8358-4999-9ef3-38efab3cd552/datanode-5/data/containers] WARN  fs.CachingGetSpaceUsed (CachingGetSpaceUsed.java:run(183)) - Thread Interrupted waiting to refresh disk information: sleep interrupted
2019-10-02 00:34:02,648 [ForkJoinPool.commonPool-worker-0] INFO  utils.BackgroundService (BackgroundService.java:shutdown(148)) - Shutting down service BlockDeletingService
2019-10-02 00:34:02,651 [ForkJoinPool.commonPool-worker-0] INFO  statemachine.DatanodeStateMachine (DatanodeStateMachine.java:stopDaemon(395)) - Ozone container server stopped.
2019-10-02 00:34:02,655 [ForkJoinPool.commonPool-worker-0] INFO  handler.ContextHandler (ContextHandler.java:doStop(910)) - Stopped o.e.j.w.WebAppContext@7858d31d{/,null,UNAVAILABLE}{/hddsDatanode}
2019-10-02 00:34:02,657 [ForkJoinPool.commonPool-worker-0] INFO  server.AbstractConnector (AbstractConnector.java:doStop(318)) - Stopped ServerConnector@782e6b40{HTTP/1.1,[http/1.1]}{0.0.0.0:0}
2019-10-02 00:34:02,657 [ForkJoinPool.commonPool-worker-0] INFO  handler.ContextHandler (ContextHandler.java:doStop(910)) - Stopped o.e.j.s.ServletContextHandler@75452aea{/static,jar:file:/home/user/.m2/repository/org/apache/hadoop/hadoop-hdds-container-service/0.5.0-SNAPSHOT/hadoop-hdds-container-service-0.5.0-SNAPSHOT.jar!/webapps/static,UNAVAILABLE}
2019-10-02 00:34:02,657 [ForkJoinPool.commonPool-worker-0] INFO  handler.ContextHandler (ContextHandler.java:doStop(910)) - Stopped o.e.j.s.ServletContextHandler@2830315f{/logs,file:///workdir/hadoop-ozone/integration-test/target/log,UNAVAILABLE}
2019-10-02 00:34:02,662 [main] INFO  ozone.MiniOzoneClusterImpl (MiniOzoneClusterImpl.java:stopSCM(392)) - Stopping the StorageContainerManager
2019-10-02 00:34:02,662 [main] INFO  server.StorageContainerManager (StorageContainerManager.java:stop(808)) - Stopping Replication Manager Service.
2019-10-02 00:34:02,662 [main] INFO  container.ReplicationManager (ReplicationManager.java:stop(203)) - Stopping Replication Monitor Thread.
2019-10-02 00:34:02,662 [main] INFO  server.StorageContainerManager (StorageContainerManager.java:stop(815)) - Stopping Lease Manager of the command watchers
2019-10-02 00:34:02,663 [main] INFO  server.StorageContainerManager (StorageContainerManager.java:stop(822)) - Stopping datanode service RPC server
2019-10-02 00:34:02,663 [main] INFO  server.SCMDatanodeProtocolServer (SCMDatanodeProtocolServer.java:stop(367)) - Stopping the RPC server for DataNodes
2019-10-02 00:34:02,663 [main] INFO  ipc.Server (Server.java:stop(3082)) - Stopping server on 38200
2019-10-02 00:34:02,667 [IPC Server listener on 38200] INFO  ipc.Server (Server.java:run(1185)) - Stopping IPC Server listener on 38200
2019-10-02 00:34:02,667 [IPC Server Responder] INFO  ipc.Server (Server.java:run(1319)) - Stopping IPC Server Responder
2019-10-02 00:34:02,694 [SCM Heartbeat Processing Thread - 0] WARN  node.NodeStateManager (NodeStateManager.java:scheduleNextHealthCheck(646)) - Current Thread is interrupted, shutting down HB processing thread for Node Manager.
2019-10-02 00:34:02,694 [main] INFO  server.StorageContainerManager (StorageContainerManager.java:stop(830)) - Stopping block service RPC server
2019-10-02 00:34:02,695 [main] INFO  server.SCMBlockProtocolServer (SCMBlockProtocolServer.java:stop(155)) - Stopping the RPC server for Block Protocol
2019-10-02 00:34:02,695 [main] INFO  ipc.Server (Server.java:stop(3082)) - Stopping server on 33654
2019-10-02 00:34:02,697 [IPC Server listener on 33654] INFO  ipc.Server (Server.java:run(1185)) - Stopping IPC Server listener on 33654
2019-10-02 00:34:02,698 [main] INFO  server.StorageContainerManager (StorageContainerManager.java:stop(837)) - Stopping the StorageContainerLocationProtocol RPC server
2019-10-02 00:34:02,698 [main] INFO  server.SCMClientProtocolServer (SCMClientProtocolServer.java:stop(158)) - Stopping the RPC server for Client Protocol
2019-10-02 00:34:02,698 [IPC Server Responder] INFO  ipc.Server (Server.java:run(1319)) - Stopping IPC Server Responder
2019-10-02 00:34:02,698 [main] INFO  ipc.Server (Server.java:stop(3082)) - Stopping server on 41703
2019-10-02 00:34:02,708 [IPC Server listener on 41703] INFO  ipc.Server (Server.java:run(1185)) - Stopping IPC Server listener on 41703
2019-10-02 00:34:02,709 [main] INFO  server.StorageContainerManager (StorageContainerManager.java:stop(844)) - Stopping Storage Container Manager HTTP server.
2019-10-02 00:34:02,709 [IPC Server Responder] INFO  ipc.Server (Server.java:run(1319)) - Stopping IPC Server Responder
2019-10-02 00:34:02,709 [main] INFO  handler.ContextHandler (ContextHandler.java:doStop(910)) - Stopped o.e.j.w.WebAppContext@1410d645{/,null,UNAVAILABLE}{/scm}
2019-10-02 00:34:02,711 [main] INFO  server.AbstractConnector (AbstractConnector.java:doStop(318)) - Stopped ServerConnector@4ccdacf5{HTTP/1.1,[http/1.1]}{0.0.0.0:0}
2019-10-02 00:34:02,711 [main] INFO  handler.ContextHandler (ContextHandler.java:doStop(910)) - Stopped o.e.j.s.ServletContextHandler@6d001fbe{/static,file:///workdir/hadoop-ozone/integration-test/target/test-classes/webapps/static,UNAVAILABLE}
2019-10-02 00:34:02,711 [main] INFO  handler.ContextHandler (ContextHandler.java:doStop(910)) - Stopped o.e.j.s.ServletContextHandler@2d2fc130{/logs,file:///workdir/hadoop-ozone/integration-test/target/log,UNAVAILABLE}
2019-10-02 00:34:02,712 [main] INFO  server.StorageContainerManager (StorageContainerManager.java:stop(855)) - Stopping Block Manager Service.
2019-10-02 00:34:02,712 [main] INFO  utils.BackgroundService (BackgroundService.java:shutdown(148)) - Shutting down service SCMBlockDeletingService
2019-10-02 00:34:02,712 [main] INFO  utils.BackgroundService (BackgroundService.java:shutdown(148)) - Shutting down service SCMBlockDeletingService
2019-10-02 00:34:02,713 [main] INFO  server.StorageContainerManager (StorageContainerManager.java:stop(877)) - Stopping SCM Event Queue.
2019-10-02 00:34:02,724 [main] INFO  impl.MetricsSystemImpl (MetricsSystemImpl.java:stop(210)) - Stopping HddsDatanode metrics system...
2019-10-02 00:34:02,749 [main] INFO  impl.MetricsSystemImpl (MetricsSystemImpl.java:stop(216)) - HddsDatanode metrics system stopped.
]]></system-out>
    <system-err><![CDATA[Oct 02, 2019 12:33:36 AM org.apache.ratis.thirdparty.io.grpc.internal.ManagedChannelOrphanWrapper$ManagedChannelReference cleanQueue
SEVERE: *~*~*~ Channel ManagedChannelImpl{logId=3536, target=192.168.151.67:36004} was not shutdown properly!!! ~*~*~*
    Make sure to call shutdown()/shutdownNow() and wait until awaitTermination() returns true.
java.lang.RuntimeException: ManagedChannel allocation site
	at org.apache.ratis.thirdparty.io.grpc.internal.ManagedChannelOrphanWrapper$ManagedChannelReference.<init>(ManagedChannelOrphanWrapper.java:103)
	at org.apache.ratis.thirdparty.io.grpc.internal.ManagedChannelOrphanWrapper.<init>(ManagedChannelOrphanWrapper.java:53)
	at org.apache.ratis.thirdparty.io.grpc.internal.ManagedChannelOrphanWrapper.<init>(ManagedChannelOrphanWrapper.java:44)
	at org.apache.ratis.thirdparty.io.grpc.internal.AbstractManagedChannelImplBuilder.build(AbstractManagedChannelImplBuilder.java:411)
	at org.apache.ratis.grpc.client.GrpcClientProtocolClient.<init>(GrpcClientProtocolClient.java:128)
	at org.apache.ratis.grpc.client.GrpcClientRpc.lambda$new$0(GrpcClientRpc.java:55)
	at org.apache.ratis.util.PeerProxyMap$PeerAndProxy.lambda$getProxy$0(PeerProxyMap.java:61)
	at org.apache.ratis.util.LifeCycle.startAndTransition(LifeCycle.java:202)
	at org.apache.ratis.util.PeerProxyMap$PeerAndProxy.getProxy(PeerProxyMap.java:60)
	at org.apache.ratis.util.PeerProxyMap.getProxy(PeerProxyMap.java:108)
	at org.apache.ratis.grpc.client.GrpcClientRpc.sendRequestAsync(GrpcClientRpc.java:66)
	at org.apache.ratis.client.impl.OrderedAsync.sendRequest(OrderedAsync.java:208)
	at org.apache.ratis.client.impl.OrderedAsync.sendRequestWithRetry(OrderedAsync.java:169)
	at org.apache.ratis.util.SlidingWindow$Client.sendOrDelayRequest(SlidingWindow.java:278)
	at org.apache.ratis.util.SlidingWindow$Client.retry(SlidingWindow.java:294)
	at org.apache.ratis.client.impl.OrderedAsync.lambda$scheduleWithTimeout$7(OrderedAsync.java:195)
	at org.apache.ratis.util.TimeoutScheduler.lambda$onTimeout$0(TimeoutScheduler.java:113)
	at org.apache.ratis.util.TimeoutScheduler.lambda$onTimeout$1(TimeoutScheduler.java:133)
	at org.apache.ratis.util.LogUtils.runAndLog(LogUtils.java:50)
	at org.apache.ratis.util.LogUtils$1.run(LogUtils.java:91)
	at java.util.concurrent.Executors$RunnableAdapter.call(Executors.java:511)
	at java.util.concurrent.FutureTask.run(FutureTask.java:266)
	at java.util.concurrent.ScheduledThreadPoolExecutor$ScheduledFutureTask.access$201(ScheduledThreadPoolExecutor.java:180)
	at java.util.concurrent.ScheduledThreadPoolExecutor$ScheduledFutureTask.run(ScheduledThreadPoolExecutor.java:293)
	at java.util.concurrent.ThreadPoolExecutor.runWorker(ThreadPoolExecutor.java:1149)
	at java.util.concurrent.ThreadPoolExecutor$Worker.run(ThreadPoolExecutor.java:624)
	at java.lang.Thread.run(Thread.java:748)

Oct 02, 2019 12:33:36 AM org.apache.ratis.thirdparty.io.grpc.internal.ManagedChannelOrphanWrapper$ManagedChannelReference cleanQueue
SEVERE: *~*~*~ Channel ManagedChannelImpl{logId=3906, target=192.168.151.67:36430} was not shutdown properly!!! ~*~*~*
    Make sure to call shutdown()/shutdownNow() and wait until awaitTermination() returns true.
java.lang.RuntimeException: ManagedChannel allocation site
	at org.apache.ratis.thirdparty.io.grpc.internal.ManagedChannelOrphanWrapper$ManagedChannelReference.<init>(ManagedChannelOrphanWrapper.java:103)
	at org.apache.ratis.thirdparty.io.grpc.internal.ManagedChannelOrphanWrapper.<init>(ManagedChannelOrphanWrapper.java:53)
	at org.apache.ratis.thirdparty.io.grpc.internal.ManagedChannelOrphanWrapper.<init>(ManagedChannelOrphanWrapper.java:44)
	at org.apache.ratis.thirdparty.io.grpc.internal.AbstractManagedChannelImplBuilder.build(AbstractManagedChannelImplBuilder.java:411)
	at org.apache.hadoop.hdds.scm.XceiverClientGrpc.connectToDatanode(XceiverClientGrpc.java:181)
	at org.apache.hadoop.hdds.scm.XceiverClientGrpc.reconnect(XceiverClientGrpc.java:429)
	at org.apache.hadoop.hdds.scm.XceiverClientGrpc.sendCommandAsync(XceiverClientGrpc.java:378)
	at org.apache.hadoop.hdds.scm.XceiverClientGrpc.sendCommandWithRetry(XceiverClientGrpc.java:291)
	at org.apache.hadoop.hdds.scm.XceiverClientGrpc.sendCommandWithTraceIDAndRetry(XceiverClientGrpc.java:257)
	at org.apache.hadoop.hdds.scm.XceiverClientGrpc.sendCommand(XceiverClientGrpc.java:240)
	at org.apache.hadoop.hdds.scm.storage.ContainerProtocolCalls.readChunk(ContainerProtocolCalls.java:245)
	at org.apache.hadoop.hdds.scm.storage.ChunkInputStream.readChunk(ChunkInputStream.java:335)
	at org.apache.hadoop.hdds.scm.storage.ChunkInputStream.readChunkFromContainer(ChunkInputStream.java:307)
	at org.apache.hadoop.hdds.scm.storage.ChunkInputStream.prepareRead(ChunkInputStream.java:259)
	at org.apache.hadoop.hdds.scm.storage.ChunkInputStream.read(ChunkInputStream.java:144)
	at org.apache.hadoop.hdds.scm.storage.BlockInputStream.read(BlockInputStream.java:239)
	at org.apache.hadoop.ozone.client.io.KeyInputStream.read(KeyInputStream.java:171)
	at org.apache.hadoop.ozone.client.io.OzoneInputStream.read(OzoneInputStream.java:47)
	at java.io.InputStream.read(InputStream.java:101)
	at org.apache.hadoop.ozone.container.ContainerTestHelper.validateData(ContainerTestHelper.java:714)
	at org.apache.hadoop.ozone.client.rpc.TestBlockOutputStreamWithFailures.validateData(TestBlockOutputStreamWithFailures.java:1216)
	at org.apache.hadoop.ozone.client.rpc.TestBlockOutputStreamWithFailures.testWatchForCommitWithCloseContainerException(TestBlockOutputStreamWithFailures.java:260)
	at sun.reflect.NativeMethodAccessorImpl.invoke0(Native Method)
	at sun.reflect.NativeMethodAccessorImpl.invoke(NativeMethodAccessorImpl.java:62)
	at sun.reflect.DelegatingMethodAccessorImpl.invoke(DelegatingMethodAccessorImpl.java:43)
	at java.lang.reflect.Method.invoke(Method.java:498)
	at org.junit.runners.model.FrameworkMethod$1.runReflectiveCall(FrameworkMethod.java:47)
	at org.junit.internal.runners.model.ReflectiveCallable.run(ReflectiveCallable.java:12)
	at org.junit.runners.model.FrameworkMethod.invokeExplosively(FrameworkMethod.java:44)
	at org.junit.internal.runners.statements.InvokeMethod.evaluate(InvokeMethod.java:17)
	at org.junit.internal.runners.statements.RunBefores.evaluate(RunBefores.java:26)
	at org.junit.internal.runners.statements.RunAfters.evaluate(RunAfters.java:27)
	at org.junit.runners.ParentRunner.runLeaf(ParentRunner.java:271)
	at org.junit.runners.BlockJUnit4ClassRunner.runChild(BlockJUnit4ClassRunner.java:70)
	at org.junit.runners.BlockJUnit4ClassRunner.runChild(BlockJUnit4ClassRunner.java:50)
	at org.junit.runners.ParentRunner$3.run(ParentRunner.java:238)
	at org.junit.runners.ParentRunner$1.schedule(ParentRunner.java:63)
	at org.junit.runners.ParentRunner.runChildren(ParentRunner.java:236)
	at org.junit.runners.ParentRunner.access$000(ParentRunner.java:53)
	at org.junit.runners.ParentRunner$2.evaluate(ParentRunner.java:229)
	at org.junit.runners.ParentRunner.run(ParentRunner.java:309)
	at org.apache.maven.surefire.junit4.JUnit4Provider.execute(JUnit4Provider.java:365)
	at org.apache.maven.surefire.junit4.JUnit4Provider.executeWithRerun(JUnit4Provider.java:273)
	at org.apache.maven.surefire.junit4.JUnit4Provider.executeTestSet(JUnit4Provider.java:238)
	at org.apache.maven.surefire.junit4.JUnit4Provider.invoke(JUnit4Provider.java:159)
	at org.apache.maven.surefire.booter.ForkedBooter.invokeProviderInSameClassLoader(ForkedBooter.java:384)
	at org.apache.maven.surefire.booter.ForkedBooter.runSuitesInProcess(ForkedBooter.java:345)
	at org.apache.maven.surefire.booter.ForkedBooter.execute(ForkedBooter.java:126)
	at org.apache.maven.surefire.booter.ForkedBooter.main(ForkedBooter.java:418)

Oct 02, 2019 12:33:36 AM org.apache.ratis.thirdparty.io.grpc.internal.ManagedChannelOrphanWrapper$ManagedChannelReference cleanQueue
SEVERE: *~*~*~ Channel ManagedChannelImpl{logId=3558, target=192.168.151.67:34128} was not shutdown properly!!! ~*~*~*
    Make sure to call shutdown()/shutdownNow() and wait until awaitTermination() returns true.
java.lang.RuntimeException: ManagedChannel allocation site
	at org.apache.ratis.thirdparty.io.grpc.internal.ManagedChannelOrphanWrapper$ManagedChannelReference.<init>(ManagedChannelOrphanWrapper.java:103)
	at org.apache.ratis.thirdparty.io.grpc.internal.ManagedChannelOrphanWrapper.<init>(ManagedChannelOrphanWrapper.java:53)
	at org.apache.ratis.thirdparty.io.grpc.internal.ManagedChannelOrphanWrapper.<init>(ManagedChannelOrphanWrapper.java:44)
	at org.apache.ratis.thirdparty.io.grpc.internal.AbstractManagedChannelImplBuilder.build(AbstractManagedChannelImplBuilder.java:411)
	at org.apache.hadoop.hdds.scm.XceiverClientGrpc.connectToDatanode(XceiverClientGrpc.java:181)
	at org.apache.hadoop.hdds.scm.XceiverClientGrpc.reconnect(XceiverClientGrpc.java:429)
	at org.apache.hadoop.hdds.scm.XceiverClientGrpc.sendCommandAsync(XceiverClientGrpc.java:378)
	at org.apache.hadoop.hdds.scm.XceiverClientGrpc.sendCommandWithRetry(XceiverClientGrpc.java:291)
	at org.apache.hadoop.hdds.scm.XceiverClientGrpc.sendCommandWithTraceIDAndRetry(XceiverClientGrpc.java:257)
	at org.apache.hadoop.hdds.scm.XceiverClientGrpc.sendCommand(XceiverClientGrpc.java:240)
	at org.apache.hadoop.hdds.scm.storage.ContainerProtocolCalls.readChunk(ContainerProtocolCalls.java:245)
	at org.apache.hadoop.hdds.scm.storage.ChunkInputStream.readChunk(ChunkInputStream.java:335)
	at org.apache.hadoop.hdds.scm.storage.ChunkInputStream.readChunkFromContainer(ChunkInputStream.java:307)
	at org.apache.hadoop.hdds.scm.storage.ChunkInputStream.prepareRead(ChunkInputStream.java:259)
	at org.apache.hadoop.hdds.scm.storage.ChunkInputStream.read(ChunkInputStream.java:144)
	at org.apache.hadoop.hdds.scm.storage.BlockInputStream.read(BlockInputStream.java:239)
	at org.apache.hadoop.ozone.client.io.KeyInputStream.read(KeyInputStream.java:171)
	at org.apache.hadoop.ozone.client.io.OzoneInputStream.read(OzoneInputStream.java:47)
	at java.io.InputStream.read(InputStream.java:101)
	at org.apache.hadoop.ozone.container.ContainerTestHelper.validateData(ContainerTestHelper.java:714)
	at org.apache.hadoop.ozone.client.rpc.TestBlockOutputStreamWithFailures.validateData(TestBlockOutputStreamWithFailures.java:1216)
	at org.apache.hadoop.ozone.client.rpc.TestBlockOutputStreamWithFailures.testFailureWithPrimeSizedData(TestBlockOutputStreamWithFailures.java:662)
	at sun.reflect.NativeMethodAccessorImpl.invoke0(Native Method)
	at sun.reflect.NativeMethodAccessorImpl.invoke(NativeMethodAccessorImpl.java:62)
	at sun.reflect.DelegatingMethodAccessorImpl.invoke(DelegatingMethodAccessorImpl.java:43)
	at java.lang.reflect.Method.invoke(Method.java:498)
	at org.junit.runners.model.FrameworkMethod$1.runReflectiveCall(FrameworkMethod.java:47)
	at org.junit.internal.runners.model.ReflectiveCallable.run(ReflectiveCallable.java:12)
	at org.junit.runners.model.FrameworkMethod.invokeExplosively(FrameworkMethod.java:44)
	at org.junit.internal.runners.statements.InvokeMethod.evaluate(InvokeMethod.java:17)
	at org.junit.internal.runners.statements.RunBefores.evaluate(RunBefores.java:26)
	at org.junit.internal.runners.statements.RunAfters.evaluate(RunAfters.java:27)
	at org.junit.runners.ParentRunner.runLeaf(ParentRunner.java:271)
	at org.junit.runners.BlockJUnit4ClassRunner.runChild(BlockJUnit4ClassRunner.java:70)
	at org.junit.runners.BlockJUnit4ClassRunner.runChild(BlockJUnit4ClassRunner.java:50)
	at org.junit.runners.ParentRunner$3.run(ParentRunner.java:238)
	at org.junit.runners.ParentRunner$1.schedule(ParentRunner.java:63)
	at org.junit.runners.ParentRunner.runChildren(ParentRunner.java:236)
	at org.junit.runners.ParentRunner.access$000(ParentRunner.java:53)
	at org.junit.runners.ParentRunner$2.evaluate(ParentRunner.java:229)
	at org.junit.runners.ParentRunner.run(ParentRunner.java:309)
	at org.apache.maven.surefire.junit4.JUnit4Provider.execute(JUnit4Provider.java:365)
	at org.apache.maven.surefire.junit4.JUnit4Provider.executeWithRerun(JUnit4Provider.java:273)
	at org.apache.maven.surefire.junit4.JUnit4Provider.executeTestSet(JUnit4Provider.java:238)
	at org.apache.maven.surefire.junit4.JUnit4Provider.invoke(JUnit4Provider.java:159)
	at org.apache.maven.surefire.booter.ForkedBooter.invokeProviderInSameClassLoader(ForkedBooter.java:384)
	at org.apache.maven.surefire.booter.ForkedBooter.runSuitesInProcess(ForkedBooter.java:345)
	at org.apache.maven.surefire.booter.ForkedBooter.execute(ForkedBooter.java:126)
	at org.apache.maven.surefire.booter.ForkedBooter.main(ForkedBooter.java:418)

Oct 02, 2019 12:33:36 AM org.apache.ratis.thirdparty.io.grpc.internal.ManagedChannelOrphanWrapper$ManagedChannelReference cleanQueue
SEVERE: *~*~*~ Channel ManagedChannelImpl{logId=3925, target=192.168.151.67:36606} was not shutdown properly!!! ~*~*~*
    Make sure to call shutdown()/shutdownNow() and wait until awaitTermination() returns true.
java.lang.RuntimeException: ManagedChannel allocation site
	at org.apache.ratis.thirdparty.io.grpc.internal.ManagedChannelOrphanWrapper$ManagedChannelReference.<init>(ManagedChannelOrphanWrapper.java:103)
	at org.apache.ratis.thirdparty.io.grpc.internal.ManagedChannelOrphanWrapper.<init>(ManagedChannelOrphanWrapper.java:53)
	at org.apache.ratis.thirdparty.io.grpc.internal.ManagedChannelOrphanWrapper.<init>(ManagedChannelOrphanWrapper.java:44)
	at org.apache.ratis.thirdparty.io.grpc.internal.AbstractManagedChannelImplBuilder.build(AbstractManagedChannelImplBuilder.java:411)
	at org.apache.hadoop.hdds.scm.XceiverClientGrpc.connectToDatanode(XceiverClientGrpc.java:181)
	at org.apache.hadoop.hdds.scm.XceiverClientGrpc.reconnect(XceiverClientGrpc.java:429)
	at org.apache.hadoop.hdds.scm.XceiverClientGrpc.sendCommandAsync(XceiverClientGrpc.java:378)
	at org.apache.hadoop.hdds.scm.XceiverClientGrpc.sendCommandWithRetry(XceiverClientGrpc.java:291)
	at org.apache.hadoop.hdds.scm.XceiverClientGrpc.sendCommandWithTraceIDAndRetry(XceiverClientGrpc.java:257)
	at org.apache.hadoop.hdds.scm.XceiverClientGrpc.sendCommand(XceiverClientGrpc.java:240)
	at org.apache.hadoop.hdds.scm.storage.ContainerProtocolCalls.readChunk(ContainerProtocolCalls.java:245)
	at org.apache.hadoop.hdds.scm.storage.ChunkInputStream.readChunk(ChunkInputStream.java:335)
	at org.apache.hadoop.hdds.scm.storage.ChunkInputStream.readChunkFromContainer(ChunkInputStream.java:307)
	at org.apache.hadoop.hdds.scm.storage.ChunkInputStream.prepareRead(ChunkInputStream.java:259)
	at org.apache.hadoop.hdds.scm.storage.ChunkInputStream.read(ChunkInputStream.java:144)
	at org.apache.hadoop.hdds.scm.storage.BlockInputStream.read(BlockInputStream.java:239)
	at org.apache.hadoop.ozone.client.io.KeyInputStream.read(KeyInputStream.java:171)
	at org.apache.hadoop.ozone.client.io.OzoneInputStream.read(OzoneInputStream.java:47)
	at java.io.InputStream.read(InputStream.java:101)
	at org.apache.hadoop.ozone.container.ContainerTestHelper.validateData(ContainerTestHelper.java:714)
	at org.apache.hadoop.ozone.client.rpc.TestBlockOutputStreamWithFailures.validateData(TestBlockOutputStreamWithFailures.java:1216)
	at org.apache.hadoop.ozone.client.rpc.TestBlockOutputStreamWithFailures.testWatchForCommitWithCloseContainerException(TestBlockOutputStreamWithFailures.java:260)
	at sun.reflect.NativeMethodAccessorImpl.invoke0(Native Method)
	at sun.reflect.NativeMethodAccessorImpl.invoke(NativeMethodAccessorImpl.java:62)
	at sun.reflect.DelegatingMethodAccessorImpl.invoke(DelegatingMethodAccessorImpl.java:43)
	at java.lang.reflect.Method.invoke(Method.java:498)
	at org.junit.runners.model.FrameworkMethod$1.runReflectiveCall(FrameworkMethod.java:47)
	at org.junit.internal.runners.model.ReflectiveCallable.run(ReflectiveCallable.java:12)
	at org.junit.runners.model.FrameworkMethod.invokeExplosively(FrameworkMethod.java:44)
	at org.junit.internal.runners.statements.InvokeMethod.evaluate(InvokeMethod.java:17)
	at org.junit.internal.runners.statements.RunBefores.evaluate(RunBefores.java:26)
	at org.junit.internal.runners.statements.RunAfters.evaluate(RunAfters.java:27)
	at org.junit.runners.ParentRunner.runLeaf(ParentRunner.java:271)
	at org.junit.runners.BlockJUnit4ClassRunner.runChild(BlockJUnit4ClassRunner.java:70)
	at org.junit.runners.BlockJUnit4ClassRunner.runChild(BlockJUnit4ClassRunner.java:50)
	at org.junit.runners.ParentRunner$3.run(ParentRunner.java:238)
	at org.junit.runners.ParentRunner$1.schedule(ParentRunner.java:63)
	at org.junit.runners.ParentRunner.runChildren(ParentRunner.java:236)
	at org.junit.runners.ParentRunner.access$000(ParentRunner.java:53)
	at org.junit.runners.ParentRunner$2.evaluate(ParentRunner.java:229)
	at org.junit.runners.ParentRunner.run(ParentRunner.java:309)
	at org.apache.maven.surefire.junit4.JUnit4Provider.execute(JUnit4Provider.java:365)
	at org.apache.maven.surefire.junit4.JUnit4Provider.executeWithRerun(JUnit4Provider.java:273)
	at org.apache.maven.surefire.junit4.JUnit4Provider.executeTestSet(JUnit4Provider.java:238)
	at org.apache.maven.surefire.junit4.JUnit4Provider.invoke(JUnit4Provider.java:159)
	at org.apache.maven.surefire.booter.ForkedBooter.invokeProviderInSameClassLoader(ForkedBooter.java:384)
	at org.apache.maven.surefire.booter.ForkedBooter.runSuitesInProcess(ForkedBooter.java:345)
	at org.apache.maven.surefire.booter.ForkedBooter.execute(ForkedBooter.java:126)
	at org.apache.maven.surefire.booter.ForkedBooter.main(ForkedBooter.java:418)

Oct 02, 2019 12:33:36 AM org.apache.ratis.thirdparty.io.grpc.internal.ManagedChannelOrphanWrapper$ManagedChannelReference cleanQueue
SEVERE: *~*~*~ Channel ManagedChannelImpl{logId=3901, target=192.168.151.67:36606} was not shutdown properly!!! ~*~*~*
    Make sure to call shutdown()/shutdownNow() and wait until awaitTermination() returns true.
java.lang.RuntimeException: ManagedChannel allocation site
	at org.apache.ratis.thirdparty.io.grpc.internal.ManagedChannelOrphanWrapper$ManagedChannelReference.<init>(ManagedChannelOrphanWrapper.java:103)
	at org.apache.ratis.thirdparty.io.grpc.internal.ManagedChannelOrphanWrapper.<init>(ManagedChannelOrphanWrapper.java:53)
	at org.apache.ratis.thirdparty.io.grpc.internal.ManagedChannelOrphanWrapper.<init>(ManagedChannelOrphanWrapper.java:44)
	at org.apache.ratis.thirdparty.io.grpc.internal.AbstractManagedChannelImplBuilder.build(AbstractManagedChannelImplBuilder.java:411)
	at org.apache.hadoop.hdds.scm.XceiverClientGrpc.connectToDatanode(XceiverClientGrpc.java:181)
	at org.apache.hadoop.hdds.scm.XceiverClientGrpc.reconnect(XceiverClientGrpc.java:429)
	at org.apache.hadoop.hdds.scm.XceiverClientGrpc.sendCommandAsync(XceiverClientGrpc.java:378)
	at org.apache.hadoop.hdds.scm.XceiverClientGrpc.sendCommandWithRetry(XceiverClientGrpc.java:291)
	at org.apache.hadoop.hdds.scm.XceiverClientGrpc.sendCommandWithTraceIDAndRetry(XceiverClientGrpc.java:257)
	at org.apache.hadoop.hdds.scm.XceiverClientGrpc.sendCommand(XceiverClientGrpc.java:240)
	at org.apache.hadoop.hdds.scm.storage.ContainerProtocolCalls.readChunk(ContainerProtocolCalls.java:245)
	at org.apache.hadoop.hdds.scm.storage.ChunkInputStream.readChunk(ChunkInputStream.java:335)
	at org.apache.hadoop.hdds.scm.storage.ChunkInputStream.readChunkFromContainer(ChunkInputStream.java:307)
	at org.apache.hadoop.hdds.scm.storage.ChunkInputStream.prepareRead(ChunkInputStream.java:259)
	at org.apache.hadoop.hdds.scm.storage.ChunkInputStream.read(ChunkInputStream.java:144)
	at org.apache.hadoop.hdds.scm.storage.BlockInputStream.read(BlockInputStream.java:239)
	at org.apache.hadoop.ozone.client.io.KeyInputStream.read(KeyInputStream.java:171)
	at org.apache.hadoop.ozone.client.io.OzoneInputStream.read(OzoneInputStream.java:47)
	at java.io.InputStream.read(InputStream.java:101)
	at org.apache.hadoop.ozone.container.ContainerTestHelper.validateData(ContainerTestHelper.java:714)
	at org.apache.hadoop.ozone.client.rpc.TestBlockOutputStreamWithFailures.validateData(TestBlockOutputStreamWithFailures.java:1216)
	at org.apache.hadoop.ozone.client.rpc.TestBlockOutputStreamWithFailures.testWatchForCommitWithCloseContainerException(TestBlockOutputStreamWithFailures.java:260)
	at sun.reflect.NativeMethodAccessorImpl.invoke0(Native Method)
	at sun.reflect.NativeMethodAccessorImpl.invoke(NativeMethodAccessorImpl.java:62)
	at sun.reflect.DelegatingMethodAccessorImpl.invoke(DelegatingMethodAccessorImpl.java:43)
	at java.lang.reflect.Method.invoke(Method.java:498)
	at org.junit.runners.model.FrameworkMethod$1.runReflectiveCall(FrameworkMethod.java:47)
	at org.junit.internal.runners.model.ReflectiveCallable.run(ReflectiveCallable.java:12)
	at org.junit.runners.model.FrameworkMethod.invokeExplosively(FrameworkMethod.java:44)
	at org.junit.internal.runners.statements.InvokeMethod.evaluate(InvokeMethod.java:17)
	at org.junit.internal.runners.statements.RunBefores.evaluate(RunBefores.java:26)
	at org.junit.internal.runners.statements.RunAfters.evaluate(RunAfters.java:27)
	at org.junit.runners.ParentRunner.runLeaf(ParentRunner.java:271)
	at org.junit.runners.BlockJUnit4ClassRunner.runChild(BlockJUnit4ClassRunner.java:70)
	at org.junit.runners.BlockJUnit4ClassRunner.runChild(BlockJUnit4ClassRunner.java:50)
	at org.junit.runners.ParentRunner$3.run(ParentRunner.java:238)
	at org.junit.runners.ParentRunner$1.schedule(ParentRunner.java:63)
	at org.junit.runners.ParentRunner.runChildren(ParentRunner.java:236)
	at org.junit.runners.ParentRunner.access$000(ParentRunner.java:53)
	at org.junit.runners.ParentRunner$2.evaluate(ParentRunner.java:229)
	at org.junit.runners.ParentRunner.run(ParentRunner.java:309)
	at org.apache.maven.surefire.junit4.JUnit4Provider.execute(JUnit4Provider.java:365)
	at org.apache.maven.surefire.junit4.JUnit4Provider.executeWithRerun(JUnit4Provider.java:273)
	at org.apache.maven.surefire.junit4.JUnit4Provider.executeTestSet(JUnit4Provider.java:238)
	at org.apache.maven.surefire.junit4.JUnit4Provider.invoke(JUnit4Provider.java:159)
	at org.apache.maven.surefire.booter.ForkedBooter.invokeProviderInSameClassLoader(ForkedBooter.java:384)
	at org.apache.maven.surefire.booter.ForkedBooter.runSuitesInProcess(ForkedBooter.java:345)
	at org.apache.maven.surefire.booter.ForkedBooter.execute(ForkedBooter.java:126)
	at org.apache.maven.surefire.booter.ForkedBooter.main(ForkedBooter.java:418)

Oct 02, 2019 12:33:36 AM org.apache.ratis.thirdparty.io.grpc.internal.ManagedChannelOrphanWrapper$ManagedChannelReference cleanQueue
SEVERE: *~*~*~ Channel ManagedChannelImpl{logId=3915, target=192.168.151.67:36430} was not shutdown properly!!! ~*~*~*
    Make sure to call shutdown()/shutdownNow() and wait until awaitTermination() returns true.
java.lang.RuntimeException: ManagedChannel allocation site
	at org.apache.ratis.thirdparty.io.grpc.internal.ManagedChannelOrphanWrapper$ManagedChannelReference.<init>(ManagedChannelOrphanWrapper.java:103)
	at org.apache.ratis.thirdparty.io.grpc.internal.ManagedChannelOrphanWrapper.<init>(ManagedChannelOrphanWrapper.java:53)
	at org.apache.ratis.thirdparty.io.grpc.internal.ManagedChannelOrphanWrapper.<init>(ManagedChannelOrphanWrapper.java:44)
	at org.apache.ratis.thirdparty.io.grpc.internal.AbstractManagedChannelImplBuilder.build(AbstractManagedChannelImplBuilder.java:411)
	at org.apache.hadoop.hdds.scm.XceiverClientGrpc.connectToDatanode(XceiverClientGrpc.java:181)
	at org.apache.hadoop.hdds.scm.XceiverClientGrpc.reconnect(XceiverClientGrpc.java:429)
	at org.apache.hadoop.hdds.scm.XceiverClientGrpc.sendCommandAsync(XceiverClientGrpc.java:378)
	at org.apache.hadoop.hdds.scm.XceiverClientGrpc.sendCommandWithRetry(XceiverClientGrpc.java:291)
	at org.apache.hadoop.hdds.scm.XceiverClientGrpc.sendCommandWithTraceIDAndRetry(XceiverClientGrpc.java:257)
	at org.apache.hadoop.hdds.scm.XceiverClientGrpc.sendCommand(XceiverClientGrpc.java:240)
	at org.apache.hadoop.hdds.scm.storage.ContainerProtocolCalls.getBlock(ContainerProtocolCalls.java:118)
	at org.apache.hadoop.hdds.scm.storage.BlockInputStream.getChunkInfos(BlockInputStream.java:167)
	at org.apache.hadoop.hdds.scm.storage.BlockInputStream.initialize(BlockInputStream.java:118)
	at org.apache.hadoop.hdds.scm.storage.BlockInputStream.read(BlockInputStream.java:222)
	at org.apache.hadoop.ozone.client.io.KeyInputStream.read(KeyInputStream.java:171)
	at org.apache.hadoop.ozone.client.io.OzoneInputStream.read(OzoneInputStream.java:47)
	at java.io.InputStream.read(InputStream.java:101)
	at org.apache.hadoop.ozone.container.ContainerTestHelper.validateData(ContainerTestHelper.java:714)
	at org.apache.hadoop.ozone.client.rpc.TestBlockOutputStreamWithFailures.validateData(TestBlockOutputStreamWithFailures.java:1216)
	at org.apache.hadoop.ozone.client.rpc.TestBlockOutputStreamWithFailures.testWatchForCommitWithCloseContainerException(TestBlockOutputStreamWithFailures.java:260)
	at sun.reflect.NativeMethodAccessorImpl.invoke0(Native Method)
	at sun.reflect.NativeMethodAccessorImpl.invoke(NativeMethodAccessorImpl.java:62)
	at sun.reflect.DelegatingMethodAccessorImpl.invoke(DelegatingMethodAccessorImpl.java:43)
	at java.lang.reflect.Method.invoke(Method.java:498)
	at org.junit.runners.model.FrameworkMethod$1.runReflectiveCall(FrameworkMethod.java:47)
	at org.junit.internal.runners.model.ReflectiveCallable.run(ReflectiveCallable.java:12)
	at org.junit.runners.model.FrameworkMethod.invokeExplosively(FrameworkMethod.java:44)
	at org.junit.internal.runners.statements.InvokeMethod.evaluate(InvokeMethod.java:17)
	at org.junit.internal.runners.statements.RunBefores.evaluate(RunBefores.java:26)
	at org.junit.internal.runners.statements.RunAfters.evaluate(RunAfters.java:27)
	at org.junit.runners.ParentRunner.runLeaf(ParentRunner.java:271)
	at org.junit.runners.BlockJUnit4ClassRunner.runChild(BlockJUnit4ClassRunner.java:70)
	at org.junit.runners.BlockJUnit4ClassRunner.runChild(BlockJUnit4ClassRunner.java:50)
	at org.junit.runners.ParentRunner$3.run(ParentRunner.java:238)
	at org.junit.runners.ParentRunner$1.schedule(ParentRunner.java:63)
	at org.junit.runners.ParentRunner.runChildren(ParentRunner.java:236)
	at org.junit.runners.ParentRunner.access$000(ParentRunner.java:53)
	at org.junit.runners.ParentRunner$2.evaluate(ParentRunner.java:229)
	at org.junit.runners.ParentRunner.run(ParentRunner.java:309)
	at org.apache.maven.surefire.junit4.JUnit4Provider.execute(JUnit4Provider.java:365)
	at org.apache.maven.surefire.junit4.JUnit4Provider.executeWithRerun(JUnit4Provider.java:273)
	at org.apache.maven.surefire.junit4.JUnit4Provider.executeTestSet(JUnit4Provider.java:238)
	at org.apache.maven.surefire.junit4.JUnit4Provider.invoke(JUnit4Provider.java:159)
	at org.apache.maven.surefire.booter.ForkedBooter.invokeProviderInSameClassLoader(ForkedBooter.java:384)
	at org.apache.maven.surefire.booter.ForkedBooter.runSuitesInProcess(ForkedBooter.java:345)
	at org.apache.maven.surefire.booter.ForkedBooter.execute(ForkedBooter.java:126)
	at org.apache.maven.surefire.booter.ForkedBooter.main(ForkedBooter.java:418)

Oct 02, 2019 12:33:36 AM org.apache.ratis.thirdparty.io.grpc.internal.ManagedChannelOrphanWrapper$ManagedChannelReference cleanQueue
SEVERE: *~*~*~ Channel ManagedChannelImpl{logId=3568, target=192.168.151.67:36121} was not shutdown properly!!! ~*~*~*
    Make sure to call shutdown()/shutdownNow() and wait until awaitTermination() returns true.
java.lang.RuntimeException: ManagedChannel allocation site
	at org.apache.ratis.thirdparty.io.grpc.internal.ManagedChannelOrphanWrapper$ManagedChannelReference.<init>(ManagedChannelOrphanWrapper.java:103)
	at org.apache.ratis.thirdparty.io.grpc.internal.ManagedChannelOrphanWrapper.<init>(ManagedChannelOrphanWrapper.java:53)
	at org.apache.ratis.thirdparty.io.grpc.internal.ManagedChannelOrphanWrapper.<init>(ManagedChannelOrphanWrapper.java:44)
	at org.apache.ratis.thirdparty.io.grpc.internal.AbstractManagedChannelImplBuilder.build(AbstractManagedChannelImplBuilder.java:411)
	at org.apache.hadoop.hdds.scm.XceiverClientGrpc.connectToDatanode(XceiverClientGrpc.java:181)
	at org.apache.hadoop.hdds.scm.XceiverClientGrpc.reconnect(XceiverClientGrpc.java:429)
	at org.apache.hadoop.hdds.scm.XceiverClientGrpc.sendCommandAsync(XceiverClientGrpc.java:378)
	at org.apache.hadoop.hdds.scm.XceiverClientGrpc.sendCommandWithRetry(XceiverClientGrpc.java:291)
	at org.apache.hadoop.hdds.scm.XceiverClientGrpc.sendCommandWithTraceIDAndRetry(XceiverClientGrpc.java:257)
	at org.apache.hadoop.hdds.scm.XceiverClientGrpc.sendCommand(XceiverClientGrpc.java:240)
	at org.apache.hadoop.hdds.scm.storage.ContainerProtocolCalls.readChunk(ContainerProtocolCalls.java:245)
	at org.apache.hadoop.hdds.scm.storage.ChunkInputStream.readChunk(ChunkInputStream.java:335)
	at org.apache.hadoop.hdds.scm.storage.ChunkInputStream.readChunkFromContainer(ChunkInputStream.java:307)
	at org.apache.hadoop.hdds.scm.storage.ChunkInputStream.prepareRead(ChunkInputStream.java:259)
	at org.apache.hadoop.hdds.scm.storage.ChunkInputStream.read(ChunkInputStream.java:144)
	at org.apache.hadoop.hdds.scm.storage.BlockInputStream.read(BlockInputStream.java:239)
	at org.apache.hadoop.ozone.client.io.KeyInputStream.read(KeyInputStream.java:171)
	at org.apache.hadoop.ozone.client.io.OzoneInputStream.read(OzoneInputStream.java:47)
	at java.io.InputStream.read(InputStream.java:101)
	at org.apache.hadoop.ozone.container.ContainerTestHelper.validateData(ContainerTestHelper.java:714)
	at org.apache.hadoop.ozone.client.rpc.TestBlockOutputStreamWithFailures.validateData(TestBlockOutputStreamWithFailures.java:1216)
	at org.apache.hadoop.ozone.client.rpc.TestBlockOutputStreamWithFailures.testFailureWithPrimeSizedData(TestBlockOutputStreamWithFailures.java:662)
	at sun.reflect.NativeMethodAccessorImpl.invoke0(Native Method)
	at sun.reflect.NativeMethodAccessorImpl.invoke(NativeMethodAccessorImpl.java:62)
	at sun.reflect.DelegatingMethodAccessorImpl.invoke(DelegatingMethodAccessorImpl.java:43)
	at java.lang.reflect.Method.invoke(Method.java:498)
	at org.junit.runners.model.FrameworkMethod$1.runReflectiveCall(FrameworkMethod.java:47)
	at org.junit.internal.runners.model.ReflectiveCallable.run(ReflectiveCallable.java:12)
	at org.junit.runners.model.FrameworkMethod.invokeExplosively(FrameworkMethod.java:44)
	at org.junit.internal.runners.statements.InvokeMethod.evaluate(InvokeMethod.java:17)
	at org.junit.internal.runners.statements.RunBefores.evaluate(RunBefores.java:26)
	at org.junit.internal.runners.statements.RunAfters.evaluate(RunAfters.java:27)
	at org.junit.runners.ParentRunner.runLeaf(ParentRunner.java:271)
	at org.junit.runners.BlockJUnit4ClassRunner.runChild(BlockJUnit4ClassRunner.java:70)
	at org.junit.runners.BlockJUnit4ClassRunner.runChild(BlockJUnit4ClassRunner.java:50)
	at org.junit.runners.ParentRunner$3.run(ParentRunner.java:238)
	at org.junit.runners.ParentRunner$1.schedule(ParentRunner.java:63)
	at org.junit.runners.ParentRunner.runChildren(ParentRunner.java:236)
	at org.junit.runners.ParentRunner.access$000(ParentRunner.java:53)
	at org.junit.runners.ParentRunner$2.evaluate(ParentRunner.java:229)
	at org.junit.runners.ParentRunner.run(ParentRunner.java:309)
	at org.apache.maven.surefire.junit4.JUnit4Provider.execute(JUnit4Provider.java:365)
	at org.apache.maven.surefire.junit4.JUnit4Provider.executeWithRerun(JUnit4Provider.java:273)
	at org.apache.maven.surefire.junit4.JUnit4Provider.executeTestSet(JUnit4Provider.java:238)
	at org.apache.maven.surefire.junit4.JUnit4Provider.invoke(JUnit4Provider.java:159)
	at org.apache.maven.surefire.booter.ForkedBooter.invokeProviderInSameClassLoader(ForkedBooter.java:384)
	at org.apache.maven.surefire.booter.ForkedBooter.runSuitesInProcess(ForkedBooter.java:345)
	at org.apache.maven.surefire.booter.ForkedBooter.execute(ForkedBooter.java:126)
	at org.apache.maven.surefire.booter.ForkedBooter.main(ForkedBooter.java:418)

Oct 02, 2019 12:33:36 AM org.apache.ratis.thirdparty.io.grpc.internal.ManagedChannelOrphanWrapper$ManagedChannelReference cleanQueue
SEVERE: *~*~*~ Channel ManagedChannelImpl{logId=3553, target=192.168.151.67:36121} was not shutdown properly!!! ~*~*~*
    Make sure to call shutdown()/shutdownNow() and wait until awaitTermination() returns true.
java.lang.RuntimeException: ManagedChannel allocation site
	at org.apache.ratis.thirdparty.io.grpc.internal.ManagedChannelOrphanWrapper$ManagedChannelReference.<init>(ManagedChannelOrphanWrapper.java:103)
	at org.apache.ratis.thirdparty.io.grpc.internal.ManagedChannelOrphanWrapper.<init>(ManagedChannelOrphanWrapper.java:53)
	at org.apache.ratis.thirdparty.io.grpc.internal.ManagedChannelOrphanWrapper.<init>(ManagedChannelOrphanWrapper.java:44)
	at org.apache.ratis.thirdparty.io.grpc.internal.AbstractManagedChannelImplBuilder.build(AbstractManagedChannelImplBuilder.java:411)
	at org.apache.hadoop.hdds.scm.XceiverClientGrpc.connectToDatanode(XceiverClientGrpc.java:181)
	at org.apache.hadoop.hdds.scm.XceiverClientGrpc.reconnect(XceiverClientGrpc.java:429)
	at org.apache.hadoop.hdds.scm.XceiverClientGrpc.sendCommandAsync(XceiverClientGrpc.java:378)
	at org.apache.hadoop.hdds.scm.XceiverClientGrpc.sendCommandWithRetry(XceiverClientGrpc.java:291)
	at org.apache.hadoop.hdds.scm.XceiverClientGrpc.sendCommandWithTraceIDAndRetry(XceiverClientGrpc.java:257)
	at org.apache.hadoop.hdds.scm.XceiverClientGrpc.sendCommand(XceiverClientGrpc.java:240)
	at org.apache.hadoop.hdds.scm.storage.ContainerProtocolCalls.getBlock(ContainerProtocolCalls.java:118)
	at org.apache.hadoop.hdds.scm.storage.BlockInputStream.getChunkInfos(BlockInputStream.java:167)
	at org.apache.hadoop.hdds.scm.storage.BlockInputStream.initialize(BlockInputStream.java:118)
	at org.apache.hadoop.hdds.scm.storage.BlockInputStream.read(BlockInputStream.java:222)
	at org.apache.hadoop.ozone.client.io.KeyInputStream.read(KeyInputStream.java:171)
	at org.apache.hadoop.ozone.client.io.OzoneInputStream.read(OzoneInputStream.java:47)
	at java.io.InputStream.read(InputStream.java:101)
	at org.apache.hadoop.ozone.container.ContainerTestHelper.validateData(ContainerTestHelper.java:714)
	at org.apache.hadoop.ozone.client.rpc.TestBlockOutputStreamWithFailures.validateData(TestBlockOutputStreamWithFailures.java:1216)
	at org.apache.hadoop.ozone.client.rpc.TestBlockOutputStreamWithFailures.testFailureWithPrimeSizedData(TestBlockOutputStreamWithFailures.java:662)
	at sun.reflect.NativeMethodAccessorImpl.invoke0(Native Method)
	at sun.reflect.NativeMethodAccessorImpl.invoke(NativeMethodAccessorImpl.java:62)
	at sun.reflect.DelegatingMethodAccessorImpl.invoke(DelegatingMethodAccessorImpl.java:43)
	at java.lang.reflect.Method.invoke(Method.java:498)
	at org.junit.runners.model.FrameworkMethod$1.runReflectiveCall(FrameworkMethod.java:47)
	at org.junit.internal.runners.model.ReflectiveCallable.run(ReflectiveCallable.java:12)
	at org.junit.runners.model.FrameworkMethod.invokeExplosively(FrameworkMethod.java:44)
	at org.junit.internal.runners.statements.InvokeMethod.evaluate(InvokeMethod.java:17)
	at org.junit.internal.runners.statements.RunBefores.evaluate(RunBefores.java:26)
	at org.junit.internal.runners.statements.RunAfters.evaluate(RunAfters.java:27)
	at org.junit.runners.ParentRunner.runLeaf(ParentRunner.java:271)
	at org.junit.runners.BlockJUnit4ClassRunner.runChild(BlockJUnit4ClassRunner.java:70)
	at org.junit.runners.BlockJUnit4ClassRunner.runChild(BlockJUnit4ClassRunner.java:50)
	at org.junit.runners.ParentRunner$3.run(ParentRunner.java:238)
	at org.junit.runners.ParentRunner$1.schedule(ParentRunner.java:63)
	at org.junit.runners.ParentRunner.runChildren(ParentRunner.java:236)
	at org.junit.runners.ParentRunner.access$000(ParentRunner.java:53)
	at org.junit.runners.ParentRunner$2.evaluate(ParentRunner.java:229)
	at org.junit.runners.ParentRunner.run(ParentRunner.java:309)
	at org.apache.maven.surefire.junit4.JUnit4Provider.execute(JUnit4Provider.java:365)
	at org.apache.maven.surefire.junit4.JUnit4Provider.executeWithRerun(JUnit4Provider.java:273)
	at org.apache.maven.surefire.junit4.JUnit4Provider.executeTestSet(JUnit4Provider.java:238)
	at org.apache.maven.surefire.junit4.JUnit4Provider.invoke(JUnit4Provider.java:159)
	at org.apache.maven.surefire.booter.ForkedBooter.invokeProviderInSameClassLoader(ForkedBooter.java:384)
	at org.apache.maven.surefire.booter.ForkedBooter.runSuitesInProcess(ForkedBooter.java:345)
	at org.apache.maven.surefire.booter.ForkedBooter.execute(ForkedBooter.java:126)
	at org.apache.maven.surefire.booter.ForkedBooter.main(ForkedBooter.java:418)

Oct 02, 2019 12:33:36 AM org.apache.ratis.thirdparty.io.grpc.internal.ManagedChannelOrphanWrapper$ManagedChannelReference cleanQueue
SEVERE: *~*~*~ Channel ManagedChannelImpl{logId=3896, target=192.168.151.67:44484} was not shutdown properly!!! ~*~*~*
    Make sure to call shutdown()/shutdownNow() and wait until awaitTermination() returns true.
java.lang.RuntimeException: ManagedChannel allocation site
	at org.apache.ratis.thirdparty.io.grpc.internal.ManagedChannelOrphanWrapper$ManagedChannelReference.<init>(ManagedChannelOrphanWrapper.java:103)
	at org.apache.ratis.thirdparty.io.grpc.internal.ManagedChannelOrphanWrapper.<init>(ManagedChannelOrphanWrapper.java:53)
	at org.apache.ratis.thirdparty.io.grpc.internal.ManagedChannelOrphanWrapper.<init>(ManagedChannelOrphanWrapper.java:44)
	at org.apache.ratis.thirdparty.io.grpc.internal.AbstractManagedChannelImplBuilder.build(AbstractManagedChannelImplBuilder.java:411)
	at org.apache.hadoop.hdds.scm.XceiverClientGrpc.connectToDatanode(XceiverClientGrpc.java:181)
	at org.apache.hadoop.hdds.scm.XceiverClientGrpc.reconnect(XceiverClientGrpc.java:429)
	at org.apache.hadoop.hdds.scm.XceiverClientGrpc.sendCommandAsync(XceiverClientGrpc.java:378)
	at org.apache.hadoop.hdds.scm.XceiverClientGrpc.sendCommandWithRetry(XceiverClientGrpc.java:291)
	at org.apache.hadoop.hdds.scm.XceiverClientGrpc.sendCommandWithTraceIDAndRetry(XceiverClientGrpc.java:257)
	at org.apache.hadoop.hdds.scm.XceiverClientGrpc.sendCommand(XceiverClientGrpc.java:240)
	at org.apache.hadoop.hdds.scm.storage.ContainerProtocolCalls.getBlock(ContainerProtocolCalls.java:118)
	at org.apache.hadoop.hdds.scm.storage.BlockInputStream.getChunkInfos(BlockInputStream.java:167)
	at org.apache.hadoop.hdds.scm.storage.BlockInputStream.initialize(BlockInputStream.java:118)
	at org.apache.hadoop.hdds.scm.storage.BlockInputStream.read(BlockInputStream.java:222)
	at org.apache.hadoop.ozone.client.io.KeyInputStream.read(KeyInputStream.java:171)
	at org.apache.hadoop.ozone.client.io.OzoneInputStream.read(OzoneInputStream.java:47)
	at java.io.InputStream.read(InputStream.java:101)
	at org.apache.hadoop.ozone.container.ContainerTestHelper.validateData(ContainerTestHelper.java:714)
	at org.apache.hadoop.ozone.client.rpc.TestBlockOutputStreamWithFailures.validateData(TestBlockOutputStreamWithFailures.java:1216)
	at org.apache.hadoop.ozone.client.rpc.TestBlockOutputStreamWithFailures.testWatchForCommitWithCloseContainerException(TestBlockOutputStreamWithFailures.java:260)
	at sun.reflect.NativeMethodAccessorImpl.invoke0(Native Method)
	at sun.reflect.NativeMethodAccessorImpl.invoke(NativeMethodAccessorImpl.java:62)
	at sun.reflect.DelegatingMethodAccessorImpl.invoke(DelegatingMethodAccessorImpl.java:43)
	at java.lang.reflect.Method.invoke(Method.java:498)
	at org.junit.runners.model.FrameworkMethod$1.runReflectiveCall(FrameworkMethod.java:47)
	at org.junit.internal.runners.model.ReflectiveCallable.run(ReflectiveCallable.java:12)
	at org.junit.runners.model.FrameworkMethod.invokeExplosively(FrameworkMethod.java:44)
	at org.junit.internal.runners.statements.InvokeMethod.evaluate(InvokeMethod.java:17)
	at org.junit.internal.runners.statements.RunBefores.evaluate(RunBefores.java:26)
	at org.junit.internal.runners.statements.RunAfters.evaluate(RunAfters.java:27)
	at org.junit.runners.ParentRunner.runLeaf(ParentRunner.java:271)
	at org.junit.runners.BlockJUnit4ClassRunner.runChild(BlockJUnit4ClassRunner.java:70)
	at org.junit.runners.BlockJUnit4ClassRunner.runChild(BlockJUnit4ClassRunner.java:50)
	at org.junit.runners.ParentRunner$3.run(ParentRunner.java:238)
	at org.junit.runners.ParentRunner$1.schedule(ParentRunner.java:63)
	at org.junit.runners.ParentRunner.runChildren(ParentRunner.java:236)
	at org.junit.runners.ParentRunner.access$000(ParentRunner.java:53)
	at org.junit.runners.ParentRunner$2.evaluate(ParentRunner.java:229)
	at org.junit.runners.ParentRunner.run(ParentRunner.java:309)
	at org.apache.maven.surefire.junit4.JUnit4Provider.execute(JUnit4Provider.java:365)
	at org.apache.maven.surefire.junit4.JUnit4Provider.executeWithRerun(JUnit4Provider.java:273)
	at org.apache.maven.surefire.junit4.JUnit4Provider.executeTestSet(JUnit4Provider.java:238)
	at org.apache.maven.surefire.junit4.JUnit4Provider.invoke(JUnit4Provider.java:159)
	at org.apache.maven.surefire.booter.ForkedBooter.invokeProviderInSameClassLoader(ForkedBooter.java:384)
	at org.apache.maven.surefire.booter.ForkedBooter.runSuitesInProcess(ForkedBooter.java:345)
	at org.apache.maven.surefire.booter.ForkedBooter.execute(ForkedBooter.java:126)
	at org.apache.maven.surefire.booter.ForkedBooter.main(ForkedBooter.java:418)

Oct 02, 2019 12:33:36 AM org.apache.ratis.thirdparty.io.grpc.internal.ManagedChannelOrphanWrapper$ManagedChannelReference cleanQueue
SEVERE: *~*~*~ Channel ManagedChannelImpl{logId=3563, target=192.168.151.67:34128} was not shutdown properly!!! ~*~*~*
    Make sure to call shutdown()/shutdownNow() and wait until awaitTermination() returns true.
java.lang.RuntimeException: ManagedChannel allocation site
	at org.apache.ratis.thirdparty.io.grpc.internal.ManagedChannelOrphanWrapper$ManagedChannelReference.<init>(ManagedChannelOrphanWrapper.java:103)
	at org.apache.ratis.thirdparty.io.grpc.internal.ManagedChannelOrphanWrapper.<init>(ManagedChannelOrphanWrapper.java:53)
	at org.apache.ratis.thirdparty.io.grpc.internal.ManagedChannelOrphanWrapper.<init>(ManagedChannelOrphanWrapper.java:44)
	at org.apache.ratis.thirdparty.io.grpc.internal.AbstractManagedChannelImplBuilder.build(AbstractManagedChannelImplBuilder.java:411)
	at org.apache.hadoop.hdds.scm.XceiverClientGrpc.connectToDatanode(XceiverClientGrpc.java:181)
	at org.apache.hadoop.hdds.scm.XceiverClientGrpc.reconnect(XceiverClientGrpc.java:429)
	at org.apache.hadoop.hdds.scm.XceiverClientGrpc.sendCommandAsync(XceiverClientGrpc.java:378)
	at org.apache.hadoop.hdds.scm.XceiverClientGrpc.sendCommandWithRetry(XceiverClientGrpc.java:291)
	at org.apache.hadoop.hdds.scm.XceiverClientGrpc.sendCommandWithTraceIDAndRetry(XceiverClientGrpc.java:257)
	at org.apache.hadoop.hdds.scm.XceiverClientGrpc.sendCommand(XceiverClientGrpc.java:240)
	at org.apache.hadoop.hdds.scm.storage.ContainerProtocolCalls.getBlock(ContainerProtocolCalls.java:118)
	at org.apache.hadoop.hdds.scm.storage.BlockInputStream.getChunkInfos(BlockInputStream.java:167)
	at org.apache.hadoop.hdds.scm.storage.BlockInputStream.initialize(BlockInputStream.java:118)
	at org.apache.hadoop.hdds.scm.storage.BlockInputStream.read(BlockInputStream.java:222)
	at org.apache.hadoop.ozone.client.io.KeyInputStream.read(KeyInputStream.java:171)
	at org.apache.hadoop.ozone.client.io.OzoneInputStream.read(OzoneInputStream.java:47)
	at java.io.InputStream.read(InputStream.java:101)
	at org.apache.hadoop.ozone.container.ContainerTestHelper.validateData(ContainerTestHelper.java:714)
	at org.apache.hadoop.ozone.client.rpc.TestBlockOutputStreamWithFailures.validateData(TestBlockOutputStreamWithFailures.java:1216)
	at org.apache.hadoop.ozone.client.rpc.TestBlockOutputStreamWithFailures.testFailureWithPrimeSizedData(TestBlockOutputStreamWithFailures.java:662)
	at sun.reflect.NativeMethodAccessorImpl.invoke0(Native Method)
	at sun.reflect.NativeMethodAccessorImpl.invoke(NativeMethodAccessorImpl.java:62)
	at sun.reflect.DelegatingMethodAccessorImpl.invoke(DelegatingMethodAccessorImpl.java:43)
	at java.lang.reflect.Method.invoke(Method.java:498)
	at org.junit.runners.model.FrameworkMethod$1.runReflectiveCall(FrameworkMethod.java:47)
	at org.junit.internal.runners.model.ReflectiveCallable.run(ReflectiveCallable.java:12)
	at org.junit.runners.model.FrameworkMethod.invokeExplosively(FrameworkMethod.java:44)
	at org.junit.internal.runners.statements.InvokeMethod.evaluate(InvokeMethod.java:17)
	at org.junit.internal.runners.statements.RunBefores.evaluate(RunBefores.java:26)
	at org.junit.internal.runners.statements.RunAfters.evaluate(RunAfters.java:27)
	at org.junit.runners.ParentRunner.runLeaf(ParentRunner.java:271)
	at org.junit.runners.BlockJUnit4ClassRunner.runChild(BlockJUnit4ClassRunner.java:70)
	at org.junit.runners.BlockJUnit4ClassRunner.runChild(BlockJUnit4ClassRunner.java:50)
	at org.junit.runners.ParentRunner$3.run(ParentRunner.java:238)
	at org.junit.runners.ParentRunner$1.schedule(ParentRunner.java:63)
	at org.junit.runners.ParentRunner.runChildren(ParentRunner.java:236)
	at org.junit.runners.ParentRunner.access$000(ParentRunner.java:53)
	at org.junit.runners.ParentRunner$2.evaluate(ParentRunner.java:229)
	at org.junit.runners.ParentRunner.run(ParentRunner.java:309)
	at org.apache.maven.surefire.junit4.JUnit4Provider.execute(JUnit4Provider.java:365)
	at org.apache.maven.surefire.junit4.JUnit4Provider.executeWithRerun(JUnit4Provider.java:273)
	at org.apache.maven.surefire.junit4.JUnit4Provider.executeTestSet(JUnit4Provider.java:238)
	at org.apache.maven.surefire.junit4.JUnit4Provider.invoke(JUnit4Provider.java:159)
	at org.apache.maven.surefire.booter.ForkedBooter.invokeProviderInSameClassLoader(ForkedBooter.java:384)
	at org.apache.maven.surefire.booter.ForkedBooter.runSuitesInProcess(ForkedBooter.java:345)
	at org.apache.maven.surefire.booter.ForkedBooter.execute(ForkedBooter.java:126)
	at org.apache.maven.surefire.booter.ForkedBooter.main(ForkedBooter.java:418)

Oct 02, 2019 12:33:36 AM org.apache.ratis.thirdparty.io.grpc.internal.ManagedChannelOrphanWrapper$ManagedChannelReference cleanQueue
SEVERE: *~*~*~ Channel ManagedChannelImpl{logId=3863, target=192.168.151.67:33454} was not shutdown properly!!! ~*~*~*
    Make sure to call shutdown()/shutdownNow() and wait until awaitTermination() returns true.
java.lang.RuntimeException: ManagedChannel allocation site
	at org.apache.ratis.thirdparty.io.grpc.internal.ManagedChannelOrphanWrapper$ManagedChannelReference.<init>(ManagedChannelOrphanWrapper.java:103)
	at org.apache.ratis.thirdparty.io.grpc.internal.ManagedChannelOrphanWrapper.<init>(ManagedChannelOrphanWrapper.java:53)
	at org.apache.ratis.thirdparty.io.grpc.internal.ManagedChannelOrphanWrapper.<init>(ManagedChannelOrphanWrapper.java:44)
	at org.apache.ratis.thirdparty.io.grpc.internal.AbstractManagedChannelImplBuilder.build(AbstractManagedChannelImplBuilder.java:411)
	at org.apache.ratis.grpc.client.GrpcClientProtocolClient.<init>(GrpcClientProtocolClient.java:128)
	at org.apache.ratis.grpc.client.GrpcClientRpc.lambda$new$0(GrpcClientRpc.java:55)
	at org.apache.ratis.util.PeerProxyMap$PeerAndProxy.lambda$getProxy$0(PeerProxyMap.java:61)
	at org.apache.ratis.util.LifeCycle.startAndTransition(LifeCycle.java:202)
	at org.apache.ratis.util.PeerProxyMap$PeerAndProxy.getProxy(PeerProxyMap.java:60)
	at org.apache.ratis.util.PeerProxyMap.getProxy(PeerProxyMap.java:108)
	at org.apache.ratis.grpc.client.GrpcClientRpc.sendRequestAsync(GrpcClientRpc.java:66)
	at org.apache.ratis.client.impl.OrderedAsync.sendRequest(OrderedAsync.java:208)
	at org.apache.ratis.client.impl.OrderedAsync.sendRequestWithRetry(OrderedAsync.java:169)
	at org.apache.ratis.util.SlidingWindow$Client.sendOrDelayRequest(SlidingWindow.java:278)
	at org.apache.ratis.util.SlidingWindow$Client.retry(SlidingWindow.java:294)
	at org.apache.ratis.client.impl.OrderedAsync.lambda$scheduleWithTimeout$7(OrderedAsync.java:195)
	at org.apache.ratis.util.TimeoutScheduler.lambda$onTimeout$0(TimeoutScheduler.java:113)
	at org.apache.ratis.util.TimeoutScheduler.lambda$onTimeout$1(TimeoutScheduler.java:133)
	at org.apache.ratis.util.LogUtils.runAndLog(LogUtils.java:50)
	at org.apache.ratis.util.LogUtils$1.run(LogUtils.java:91)
	at java.util.concurrent.Executors$RunnableAdapter.call(Executors.java:511)
	at java.util.concurrent.FutureTask.run(FutureTask.java:266)
	at java.util.concurrent.ScheduledThreadPoolExecutor$ScheduledFutureTask.access$201(ScheduledThreadPoolExecutor.java:180)
	at java.util.concurrent.ScheduledThreadPoolExecutor$ScheduledFutureTask.run(ScheduledThreadPoolExecutor.java:293)
	at java.util.concurrent.ThreadPoolExecutor.runWorker(ThreadPoolExecutor.java:1149)
	at java.util.concurrent.ThreadPoolExecutor$Worker.run(ThreadPoolExecutor.java:624)
	at java.lang.Thread.run(Thread.java:748)

Oct 02, 2019 12:33:36 AM org.apache.ratis.thirdparty.io.grpc.internal.ManagedChannelOrphanWrapper$ManagedChannelReference cleanQueue
SEVERE: *~*~*~ Channel ManagedChannelImpl{logId=3920, target=192.168.151.67:44484} was not shutdown properly!!! ~*~*~*
    Make sure to call shutdown()/shutdownNow() and wait until awaitTermination() returns true.
java.lang.RuntimeException: ManagedChannel allocation site
	at org.apache.ratis.thirdparty.io.grpc.internal.ManagedChannelOrphanWrapper$ManagedChannelReference.<init>(ManagedChannelOrphanWrapper.java:103)
	at org.apache.ratis.thirdparty.io.grpc.internal.ManagedChannelOrphanWrapper.<init>(ManagedChannelOrphanWrapper.java:53)
	at org.apache.ratis.thirdparty.io.grpc.internal.ManagedChannelOrphanWrapper.<init>(ManagedChannelOrphanWrapper.java:44)
	at org.apache.ratis.thirdparty.io.grpc.internal.AbstractManagedChannelImplBuilder.build(AbstractManagedChannelImplBuilder.java:411)
	at org.apache.hadoop.hdds.scm.XceiverClientGrpc.connectToDatanode(XceiverClientGrpc.java:181)
	at org.apache.hadoop.hdds.scm.XceiverClientGrpc.reconnect(XceiverClientGrpc.java:429)
	at org.apache.hadoop.hdds.scm.XceiverClientGrpc.sendCommandAsync(XceiverClientGrpc.java:378)
	at org.apache.hadoop.hdds.scm.XceiverClientGrpc.sendCommandWithRetry(XceiverClientGrpc.java:291)
	at org.apache.hadoop.hdds.scm.XceiverClientGrpc.sendCommandWithTraceIDAndRetry(XceiverClientGrpc.java:257)
	at org.apache.hadoop.hdds.scm.XceiverClientGrpc.sendCommand(XceiverClientGrpc.java:240)
	at org.apache.hadoop.hdds.scm.storage.ContainerProtocolCalls.readChunk(ContainerProtocolCalls.java:245)
	at org.apache.hadoop.hdds.scm.storage.ChunkInputStream.readChunk(ChunkInputStream.java:335)
	at org.apache.hadoop.hdds.scm.storage.ChunkInputStream.readChunkFromContainer(ChunkInputStream.java:307)
	at org.apache.hadoop.hdds.scm.storage.ChunkInputStream.prepareRead(ChunkInputStream.java:259)
	at org.apache.hadoop.hdds.scm.storage.ChunkInputStream.read(ChunkInputStream.java:144)
	at org.apache.hadoop.hdds.scm.storage.BlockInputStream.read(BlockInputStream.java:239)
	at org.apache.hadoop.ozone.client.io.KeyInputStream.read(KeyInputStream.java:171)
	at org.apache.hadoop.ozone.client.io.OzoneInputStream.read(OzoneInputStream.java:47)
	at java.io.InputStream.read(InputStream.java:101)
	at org.apache.hadoop.ozone.container.ContainerTestHelper.validateData(ContainerTestHelper.java:714)
	at org.apache.hadoop.ozone.client.rpc.TestBlockOutputStreamWithFailures.validateData(TestBlockOutputStreamWithFailures.java:1216)
	at org.apache.hadoop.ozone.client.rpc.TestBlockOutputStreamWithFailures.testWatchForCommitWithCloseContainerException(TestBlockOutputStreamWithFailures.java:260)
	at sun.reflect.NativeMethodAccessorImpl.invoke0(Native Method)
	at sun.reflect.NativeMethodAccessorImpl.invoke(NativeMethodAccessorImpl.java:62)
	at sun.reflect.DelegatingMethodAccessorImpl.invoke(DelegatingMethodAccessorImpl.java:43)
	at java.lang.reflect.Method.invoke(Method.java:498)
	at org.junit.runners.model.FrameworkMethod$1.runReflectiveCall(FrameworkMethod.java:47)
	at org.junit.internal.runners.model.ReflectiveCallable.run(ReflectiveCallable.java:12)
	at org.junit.runners.model.FrameworkMethod.invokeExplosively(FrameworkMethod.java:44)
	at org.junit.internal.runners.statements.InvokeMethod.evaluate(InvokeMethod.java:17)
	at org.junit.internal.runners.statements.RunBefores.evaluate(RunBefores.java:26)
	at org.junit.internal.runners.statements.RunAfters.evaluate(RunAfters.java:27)
	at org.junit.runners.ParentRunner.runLeaf(ParentRunner.java:271)
	at org.junit.runners.BlockJUnit4ClassRunner.runChild(BlockJUnit4ClassRunner.java:70)
	at org.junit.runners.BlockJUnit4ClassRunner.runChild(BlockJUnit4ClassRunner.java:50)
	at org.junit.runners.ParentRunner$3.run(ParentRunner.java:238)
	at org.junit.runners.ParentRunner$1.schedule(ParentRunner.java:63)
	at org.junit.runners.ParentRunner.runChildren(ParentRunner.java:236)
	at org.junit.runners.ParentRunner.access$000(ParentRunner.java:53)
	at org.junit.runners.ParentRunner$2.evaluate(ParentRunner.java:229)
	at org.junit.runners.ParentRunner.run(ParentRunner.java:309)
	at org.apache.maven.surefire.junit4.JUnit4Provider.execute(JUnit4Provider.java:365)
	at org.apache.maven.surefire.junit4.JUnit4Provider.executeWithRerun(JUnit4Provider.java:273)
	at org.apache.maven.surefire.junit4.JUnit4Provider.executeTestSet(JUnit4Provider.java:238)
	at org.apache.maven.surefire.junit4.JUnit4Provider.invoke(JUnit4Provider.java:159)
	at org.apache.maven.surefire.booter.ForkedBooter.invokeProviderInSameClassLoader(ForkedBooter.java:384)
	at org.apache.maven.surefire.booter.ForkedBooter.runSuitesInProcess(ForkedBooter.java:345)
	at org.apache.maven.surefire.booter.ForkedBooter.execute(ForkedBooter.java:126)
	at org.apache.maven.surefire.booter.ForkedBooter.main(ForkedBooter.java:418)

Oct 02, 2019 12:33:47 AM org.apache.ratis.thirdparty.io.grpc.internal.SerializingExecutor run
SEVERE: Exception while executing runnable org.apache.ratis.thirdparty.io.grpc.internal.ServerImpl$JumpToApplicationThreadServerStreamListener$1Closed@4c8948c6
org.apache.ratis.thirdparty.io.grpc.StatusRuntimeException: CANCELLED: call already cancelled
	at org.apache.ratis.thirdparty.io.grpc.Status.asRuntimeException(Status.java:517)
	at org.apache.ratis.thirdparty.io.grpc.stub.ServerCalls$ServerCallStreamObserverImpl.onCompleted(ServerCalls.java:356)
	at org.apache.ratis.grpc.server.GrpcServerProtocolService$ServerRequestStreamObserver.onError(GrpcServerProtocolService.java:121)
	at org.apache.ratis.thirdparty.io.grpc.stub.ServerCalls$StreamingServerCallHandler$StreamingServerCallListener.onCancel(ServerCalls.java:269)
	at org.apache.ratis.thirdparty.io.grpc.internal.ServerCallImpl$ServerStreamListenerImpl.closed(ServerCallImpl.java:293)
	at org.apache.ratis.thirdparty.io.grpc.internal.ServerImpl$JumpToApplicationThreadServerStreamListener$1Closed.runInContext(ServerImpl.java:741)
	at org.apache.ratis.thirdparty.io.grpc.internal.ContextRunnable.run(ContextRunnable.java:37)
	at org.apache.ratis.thirdparty.io.grpc.internal.SerializingExecutor.run(SerializingExecutor.java:123)
	at java.util.concurrent.ThreadPoolExecutor.runWorker(ThreadPoolExecutor.java:1149)
	at java.util.concurrent.ThreadPoolExecutor$Worker.run(ThreadPoolExecutor.java:624)
	at java.lang.Thread.run(Thread.java:748)

Oct 02, 2019 12:33:52 AM org.apache.ratis.thirdparty.io.grpc.internal.SerializingExecutor run
SEVERE: Exception while executing runnable org.apache.ratis.thirdparty.io.grpc.internal.ServerImpl$JumpToApplicationThreadServerStreamListener$1Closed@2f7bdbf0
org.apache.ratis.thirdparty.io.grpc.StatusRuntimeException: CANCELLED: call already cancelled
	at org.apache.ratis.thirdparty.io.grpc.Status.asRuntimeException(Status.java:517)
	at org.apache.ratis.thirdparty.io.grpc.stub.ServerCalls$ServerCallStreamObserverImpl.onCompleted(ServerCalls.java:356)
	at org.apache.ratis.grpc.server.GrpcServerProtocolService$ServerRequestStreamObserver.onError(GrpcServerProtocolService.java:121)
	at org.apache.ratis.thirdparty.io.grpc.stub.ServerCalls$StreamingServerCallHandler$StreamingServerCallListener.onCancel(ServerCalls.java:269)
	at org.apache.ratis.thirdparty.io.grpc.internal.ServerCallImpl$ServerStreamListenerImpl.closed(ServerCallImpl.java:293)
	at org.apache.ratis.thirdparty.io.grpc.internal.ServerImpl$JumpToApplicationThreadServerStreamListener$1Closed.runInContext(ServerImpl.java:741)
	at org.apache.ratis.thirdparty.io.grpc.internal.ContextRunnable.run(ContextRunnable.java:37)
	at org.apache.ratis.thirdparty.io.grpc.internal.SerializingExecutor.run(SerializingExecutor.java:123)
	at java.util.concurrent.ThreadPoolExecutor.runWorker(ThreadPoolExecutor.java:1149)
	at java.util.concurrent.ThreadPoolExecutor$Worker.run(ThreadPoolExecutor.java:624)
	at java.lang.Thread.run(Thread.java:748)

]]></system-err>
  </testcase>
</testsuite>