<?xml version="1.0" encoding="UTF-8"?>
<testsuite xmlns:xsi="http://www.w3.org/2001/XMLSchema-instance" xsi:noNamespaceSchemaLocation="https://maven.apache.org/surefire/maven-surefire-plugin/xsd/surefire-test-report.xsd" name="org.apache.hadoop.ozone.client.rpc.TestWatchForCommit" time="228.918" tests="5" errors="1" skipped="0" failures="1">
  <properties>
    <property name="awt.toolkit" value="sun.awt.X11.XToolkit"/>
    <property name="file.encoding.pkg" value="sun.io"/>
    <property name="java.specification.version" value="1.8"/>
    <property name="sun.cpu.isalist" value=""/>
    <property name="sun.jnu.encoding" value="UTF-8"/>
    <property name="java.class.path" value="/workdir/hadoop-ozone/integration-test/target/test-classes:/workdir/hadoop-ozone/integration-test/target/classes:/home/user/.m2/repository/org/apache/hadoop/hadoop-ozone-common/0.5.0-SNAPSHOT/hadoop-ozone-common-0.5.0-SNAPSHOT.jar:/home/user/.m2/repository/org/apache/commons/commons-compress/1.4.1/commons-compress-1.4.1.jar:/home/user/.m2/repository/org/tukaani/xz/1.0/xz-1.0.jar:/home/user/.m2/repository/org/apache/hadoop/hadoop-common/3.2.0/hadoop-common-3.2.0.jar:/home/user/.m2/repository/org/apache/hadoop/hadoop-hdfs/3.2.0/hadoop-hdfs-3.2.0.jar:/home/user/.m2/repository/org/apache/hadoop/hadoop-hdfs-client/3.2.0/hadoop-hdfs-client-3.2.0.jar:/home/user/.m2/repository/com/fasterxml/jackson/core/jackson-annotations/2.9.9/jackson-annotations-2.9.9.jar:/home/user/.m2/repository/org/apache/hadoop/hadoop-hdds-common/0.5.0-SNAPSHOT/hadoop-hdds-common-0.5.0-SNAPSHOT.jar:/home/user/.m2/repository/javax/annotation/javax.annotation-api/1.2/javax.annotation-api-1.2.jar:/home/user/.m2/repository/org/apache/ratis/ratis-server/0.5.0-201fc85-SNAPSHOT/ratis-server-0.5.0-201fc85-SNAPSHOT.jar:/home/user/.m2/repository/org/apache/ratis/ratis-thirdparty-misc/0.2.0/ratis-thirdparty-misc-0.2.0.jar:/home/user/.m2/repository/org/apache/ratis/ratis-proto/0.5.0-201fc85-SNAPSHOT/ratis-proto-0.5.0-201fc85-SNAPSHOT.jar:/home/user/.m2/repository/org/apache/ratis/ratis-common/0.5.0-201fc85-SNAPSHOT/ratis-common-0.5.0-201fc85-SNAPSHOT.jar:/home/user/.m2/repository/org/apache/ratis/ratis-client/0.5.0-201fc85-SNAPSHOT/ratis-client-0.5.0-201fc85-SNAPSHOT.jar:/home/user/.m2/repository/org/apache/ratis/ratis-metrics/0.5.0-201fc85-SNAPSHOT/ratis-metrics-0.5.0-201fc85-SNAPSHOT.jar:/home/user/.m2/repository/com/github/joshelser/dropwizard-metrics-hadoop-metrics2-reporter/0.1.2/dropwizard-metrics-hadoop-metrics2-reporter-0.1.2.jar:/home/user/.m2/repository/io/dropwizard/metrics/metrics-jvm/3.2.5/metrics-jvm-3.2.5.jar:/home/user/.m2/repository/io/dropwizard/metrics/metrics-ganglia/3.2.5/metrics-ganglia-3.2.5.jar:/home/user/.m2/repository/info/ganglia/gmetric4j/gmetric4j/1.0.7/gmetric4j-1.0.7.jar:/home/user/.m2/repository/org/apache/ratis/ratis-netty/0.5.0-201fc85-SNAPSHOT/ratis-netty-0.5.0-201fc85-SNAPSHOT.jar:/home/user/.m2/repository/org/apache/ratis/ratis-grpc/0.5.0-201fc85-SNAPSHOT/ratis-grpc-0.5.0-201fc85-SNAPSHOT.jar:/home/user/.m2/repository/org/rocksdb/rocksdbjni/6.0.1/rocksdbjni-6.0.1.jar:/home/user/.m2/repository/org/apache/logging/log4j/log4j-api/2.11.0/log4j-api-2.11.0.jar:/home/user/.m2/repository/org/apache/logging/log4j/log4j-core/2.11.0/log4j-core-2.11.0.jar:/home/user/.m2/repository/com/lmax/disruptor/3.4.2/disruptor-3.4.2.jar:/home/user/.m2/repository/org/apache/commons/commons-pool2/2.6.0/commons-pool2-2.6.0.jar:/home/user/.m2/repository/org/bouncycastle/bcpkix-jdk15on/1.60/bcpkix-jdk15on-1.60.jar:/home/user/.m2/repository/commons-validator/commons-validator/1.6/commons-validator-1.6.jar:/home/user/.m2/repository/commons-digester/commons-digester/1.8.1/commons-digester-1.8.1.jar:/home/user/.m2/repository/io/jaegertracing/jaeger-client/0.34.0/jaeger-client-0.34.0.jar:/home/user/.m2/repository/io/jaegertracing/jaeger-thrift/0.34.0/jaeger-thrift-0.34.0.jar:/home/user/.m2/repository/org/apache/thrift/libthrift/0.12.0/libthrift-0.12.0.jar:/home/user/.m2/repository/com/squareup/okhttp3/okhttp/3.9.0/okhttp-3.9.0.jar:/home/user/.m2/repository/com/squareup/okio/okio/1.13.0/okio-1.13.0.jar:/home/user/.m2/repository/io/jaegertracing/jaeger-core/0.34.0/jaeger-core-0.34.0.jar:/home/user/.m2/repository/io/jaegertracing/jaeger-tracerresolver/0.34.0/jaeger-tracerresolver-0.34.0.jar:/home/user/.m2/repository/io/opentracing/contrib/opentracing-tracerresolver/0.1.5/opentracing-tracerresolver-0.1.5.jar:/home/user/.m2/repository/io/opentracing/opentracing-util/0.31.0/opentracing-util-0.31.0.jar:/home/user/.m2/repository/io/opentracing/opentracing-api/0.31.0/opentracing-api-0.31.0.jar:/home/user/.m2/repository/io/opentracing/opentracing-noop/0.31.0/opentracing-noop-0.31.0.jar:/home/user/.m2/repository/org/apache/hadoop/hadoop-hdds-server-framework/0.5.0-SNAPSHOT/hadoop-hdds-server-framework-0.5.0-SNAPSHOT.jar:/home/user/.m2/repository/org/apache/hadoop/hadoop-hdds-container-service/0.5.0-SNAPSHOT/hadoop-hdds-container-service-0.5.0-SNAPSHOT.jar:/home/user/.m2/repository/org/apache/hadoop/hadoop-hdds-client/0.5.0-SNAPSHOT/hadoop-hdds-client-0.5.0-SNAPSHOT.jar:/home/user/.m2/repository/org/apache/hadoop/hadoop-hdds-tools/0.5.0-SNAPSHOT/hadoop-hdds-tools-0.5.0-SNAPSHOT.jar:/home/user/.m2/repository/org/apache/hadoop/hadoop-hdds-server-scm/0.5.0-SNAPSHOT/hadoop-hdds-server-scm-0.5.0-SNAPSHOT.jar:/home/user/.m2/repository/org/apache/hadoop/hadoop-hdds-docs/0.5.0-SNAPSHOT/hadoop-hdds-docs-0.5.0-SNAPSHOT.jar:/home/user/.m2/repository/io/dropwizard/metrics/metrics-core/3.2.4/metrics-core-3.2.4.jar:/home/user/.m2/repository/org/hamcrest/hamcrest-all/1.3/hamcrest-all-1.3.jar:/home/user/.m2/repository/org/bouncycastle/bcprov-jdk15on/1.60/bcprov-jdk15on-1.60.jar:/home/user/.m2/repository/info/picocli/picocli/3.9.6/picocli-3.9.6.jar:/home/user/.m2/repository/com/google/protobuf/protobuf-java/2.5.0/protobuf-java-2.5.0.jar:/home/user/.m2/repository/com/google/guava/guava/11.0.2/guava-11.0.2.jar:/home/user/.m2/repository/org/apache/hadoop/hadoop-ozone-ozone-manager/0.5.0-SNAPSHOT/hadoop-ozone-ozone-manager-0.5.0-SNAPSHOT.jar:/home/user/.m2/repository/org/apache/hadoop/hadoop-minikdc/3.2.0/hadoop-minikdc-3.2.0.jar:/home/user/.m2/repository/commons-io/commons-io/2.5/commons-io-2.5.jar:/home/user/.m2/repository/org/apache/kerby/kerb-simplekdc/1.0.1/kerb-simplekdc-1.0.1.jar:/home/user/.m2/repository/org/apache/kerby/kerb-client/1.0.1/kerb-client-1.0.1.jar:/home/user/.m2/repository/org/apache/kerby/kerby-config/1.0.1/kerby-config-1.0.1.jar:/home/user/.m2/repository/org/apache/kerby/kerb-core/1.0.1/kerb-core-1.0.1.jar:/home/user/.m2/repository/org/apache/kerby/kerby-pkix/1.0.1/kerby-pkix-1.0.1.jar:/home/user/.m2/repository/org/apache/kerby/kerby-asn1/1.0.1/kerby-asn1-1.0.1.jar:/home/user/.m2/repository/org/apache/kerby/kerby-util/1.0.1/kerby-util-1.0.1.jar:/home/user/.m2/repository/org/apache/kerby/kerb-common/1.0.1/kerb-common-1.0.1.jar:/home/user/.m2/repository/org/apache/kerby/kerb-crypto/1.0.1/kerb-crypto-1.0.1.jar:/home/user/.m2/repository/org/apache/kerby/kerb-util/1.0.1/kerb-util-1.0.1.jar:/home/user/.m2/repository/org/apache/kerby/token-provider/1.0.1/token-provider-1.0.1.jar:/home/user/.m2/repository/org/apache/kerby/kerb-admin/1.0.1/kerb-admin-1.0.1.jar:/home/user/.m2/repository/org/apache/kerby/kerb-server/1.0.1/kerb-server-1.0.1.jar:/home/user/.m2/repository/org/apache/kerby/kerb-identity/1.0.1/kerb-identity-1.0.1.jar:/home/user/.m2/repository/org/apache/kerby/kerby-xdr/1.0.1/kerby-xdr-1.0.1.jar:/home/user/.m2/repository/org/slf4j/slf4j-log4j12/1.7.25/slf4j-log4j12-1.7.25.jar:/home/user/.m2/repository/org/apache/hadoop/hadoop-ozone-s3gateway/0.5.0-SNAPSHOT/hadoop-ozone-s3gateway-0.5.0-SNAPSHOT.jar:/home/user/.m2/repository/org/jboss/weld/servlet/weld-servlet/2.4.7.Final/weld-servlet-2.4.7.Final.jar:/home/user/.m2/repository/org/glassfish/jersey/containers/jersey-container-servlet-core/2.27/jersey-container-servlet-core-2.27.jar:/home/user/.m2/repository/org/glassfish/hk2/external/javax.inject/2.5.0-b42/javax.inject-2.5.0-b42.jar:/home/user/.m2/repository/org/glassfish/jersey/core/jersey-common/2.27/jersey-common-2.27.jar:/home/user/.m2/repository/org/glassfish/hk2/osgi-resource-locator/1.0.1/osgi-resource-locator-1.0.1.jar:/home/user/.m2/repository/javax/ws/rs/javax.ws.rs-api/2.1/javax.ws.rs-api-2.1.jar:/home/user/.m2/repository/org/glassfish/jersey/ext/cdi/jersey-cdi1x/2.27/jersey-cdi1x-2.27.jar:/home/user/.m2/repository/org/glassfish/jersey/inject/jersey-hk2/2.27/jersey-hk2-2.27.jar:/home/user/.m2/repository/org/glassfish/hk2/hk2-locator/2.5.0-b42/hk2-locator-2.5.0-b42.jar:/home/user/.m2/repository/org/javassist/javassist/3.22.0-CR2/javassist-3.22.0-CR2.jar:/home/user/.m2/repository/org/glassfish/hk2/hk2-api/2.5.0/hk2-api-2.5.0.jar:/home/user/.m2/repository/org/glassfish/hk2/external/jakarta.inject/2.5.0/jakarta.inject-2.5.0.jar:/home/user/.m2/repository/org/glassfish/hk2/hk2-utils/2.5.0/hk2-utils-2.5.0.jar:/home/user/.m2/repository/jakarta/annotation/jakarta.annotation-api/1.3.4/jakarta.annotation-api-1.3.4.jar:/home/user/.m2/repository/org/glassfish/hk2/external/aopalliance-repackaged/2.5.0/aopalliance-repackaged-2.5.0.jar:/home/user/.m2/repository/com/fasterxml/jackson/dataformat/jackson-dataformat-xml/2.9.0/jackson-dataformat-xml-2.9.0.jar:/home/user/.m2/repository/com/fasterxml/jackson/core/jackson-core/2.9.9/jackson-core-2.9.9.jar:/home/user/.m2/repository/com/fasterxml/jackson/module/jackson-module-jaxb-annotations/2.9.9/jackson-module-jaxb-annotations-2.9.9.jar:/home/user/.m2/repository/javax/enterprise/cdi-api/1.2/cdi-api-1.2.jar:/home/user/.m2/repository/javax/el/javax.el-api/3.0.0/javax.el-api-3.0.0.jar:/home/user/.m2/repository/javax/interceptor/javax.interceptor-api/1.2/javax.interceptor-api-1.2.jar:/home/user/.m2/repository/javax/inject/javax.inject/1/javax.inject-1.jar:/home/user/.m2/repository/com/sun/xml/bind/jaxb-impl/2.3.0.1/jaxb-impl-2.3.0.1.jar:/home/user/.m2/repository/com/sun/xml/bind/jaxb-core/2.3.0.1/jaxb-core-2.3.0.1.jar:/home/user/.m2/repository/javax/xml/bind/jaxb-api/2.3.0/jaxb-api-2.3.0.jar:/home/user/.m2/repository/javax/activation/activation/1.1.1/activation-1.1.1.jar:/home/user/.m2/repository/org/apache/hadoop/hadoop-ozone-csi/0.5.0-SNAPSHOT/hadoop-ozone-csi-0.5.0-SNAPSHOT.jar:/home/user/.m2/repository/com/google/protobuf/protobuf-java-util/3.5.1/protobuf-java-util-3.5.1.jar:/home/user/.m2/repository/org/apache/hadoop/hadoop-hdds-config/0.5.0-SNAPSHOT/hadoop-hdds-config-0.5.0-SNAPSHOT.jar:/home/user/.m2/repository/io/grpc/grpc-netty/1.17.1/grpc-netty-1.17.1.jar:/home/user/.m2/repository/io/grpc/grpc-core/1.17.1/grpc-core-1.17.1.jar:/home/user/.m2/repository/io/grpc/grpc-context/1.17.1/grpc-context-1.17.1.jar:/home/user/.m2/repository/com/google/errorprone/error_prone_annotations/2.2.0/error_prone_annotations-2.2.0.jar:/home/user/.m2/repository/org/codehaus/mojo/animal-sniffer-annotations/1.17/animal-sniffer-annotations-1.17.jar:/home/user/.m2/repository/io/opencensus/opencensus-api/0.17.0/opencensus-api-0.17.0.jar:/home/user/.m2/repository/io/opencensus/opencensus-contrib-grpc-metrics/0.17.0/opencensus-contrib-grpc-metrics-0.17.0.jar:/home/user/.m2/repository/io/netty/netty-codec-http2/4.1.30.Final/netty-codec-http2-4.1.30.Final.jar:/home/user/.m2/repository/io/netty/netty-codec-http/4.1.30.Final/netty-codec-http-4.1.30.Final.jar:/home/user/.m2/repository/io/netty/netty-codec/4.1.30.Final/netty-codec-4.1.30.Final.jar:/home/user/.m2/repository/io/netty/netty-handler/4.1.30.Final/netty-handler-4.1.30.Final.jar:/home/user/.m2/repository/io/netty/netty-handler-proxy/4.1.30.Final/netty-handler-proxy-4.1.30.Final.jar:/home/user/.m2/repository/io/netty/netty-codec-socks/4.1.30.Final/netty-codec-socks-4.1.30.Final.jar:/home/user/.m2/repository/io/netty/netty-transport-native-epoll/4.1.30.Final/netty-transport-native-epoll-4.1.30.Final.jar:/home/user/.m2/repository/io/netty/netty-common/4.1.30.Final/netty-common-4.1.30.Final.jar:/home/user/.m2/repository/io/netty/netty-buffer/4.1.30.Final/netty-buffer-4.1.30.Final.jar:/home/user/.m2/repository/io/netty/netty-transport/4.1.30.Final/netty-transport-4.1.30.Final.jar:/home/user/.m2/repository/io/netty/netty-resolver/4.1.30.Final/netty-resolver-4.1.30.Final.jar:/home/user/.m2/repository/io/netty/netty-transport-native-unix-common/4.1.30.Final/netty-transport-native-unix-common-4.1.30.Final.jar:/home/user/.m2/repository/io/grpc/grpc-protobuf/1.17.1/grpc-protobuf-1.17.1.jar:/home/user/.m2/repository/com/google/api/grpc/proto-google-common-protos/1.0.0/proto-google-common-protos-1.0.0.jar:/home/user/.m2/repository/io/grpc/grpc-protobuf-lite/1.17.1/grpc-protobuf-lite-1.17.1.jar:/home/user/.m2/repository/io/grpc/grpc-stub/1.17.1/grpc-stub-1.17.1.jar:/home/user/.m2/repository/org/apache/hadoop/hadoop-ozone-recon/0.5.0-SNAPSHOT/hadoop-ozone-recon-0.5.0-SNAPSHOT.jar:/home/user/.m2/repository/org/apache/hadoop/hadoop-ozone-reconcodegen/0.5.0-SNAPSHOT/hadoop-ozone-reconcodegen-0.5.0-SNAPSHOT.jar:/home/user/.m2/repository/com/google/inject/extensions/guice-multibindings/4.0/guice-multibindings-4.0.jar:/home/user/.m2/repository/com/google/inject/guice/4.0/guice-4.0.jar:/home/user/.m2/repository/aopalliance/aopalliance/1.0/aopalliance-1.0.jar:/home/user/.m2/repository/com/google/inject/extensions/guice-servlet/4.0/guice-servlet-4.0.jar:/home/user/.m2/repository/org/glassfish/jersey/containers/jersey-container-servlet/2.27/jersey-container-servlet-2.27.jar:/home/user/.m2/repository/org/glassfish/hk2/guice-bridge/2.5.0/guice-bridge-2.5.0.jar:/home/user/.m2/repository/org/glassfish/jersey/core/jersey-server/2.27/jersey-server-2.27.jar:/home/user/.m2/repository/org/glassfish/jersey/core/jersey-client/2.27/jersey-client-2.27.jar:/home/user/.m2/repository/org/glassfish/jersey/media/jersey-media-jaxb/2.27/jersey-media-jaxb-2.27.jar:/home/user/.m2/repository/javax/validation/validation-api/1.1.0.Final/validation-api-1.1.0.Final.jar:/home/user/.m2/repository/org/glassfish/jersey/media/jersey-media-json-jackson/2.27/jersey-media-json-jackson-2.27.jar:/home/user/.m2/repository/org/glassfish/jersey/ext/jersey-entity-filtering/2.27/jersey-entity-filtering-2.27.jar:/home/user/.m2/repository/com/google/inject/extensions/guice-assistedinject/4.0/guice-assistedinject-4.0.jar:/home/user/.m2/repository/org/jooq/jooq/3.11.10/jooq-3.11.10.jar:/home/user/.m2/repository/org/jooq/jooq-meta/3.11.10/jooq-meta-3.11.10.jar:/home/user/.m2/repository/org/jooq/jooq-codegen/3.11.10/jooq-codegen-3.11.10.jar:/home/user/.m2/repository/com/jolbox/bonecp/0.8.0.RELEASE/bonecp-0.8.0.RELEASE.jar:/home/user/.m2/repository/org/xerial/sqlite-jdbc/3.25.2/sqlite-jdbc-3.25.2.jar:/home/user/.m2/repository/org/springframework/spring-jdbc/5.1.3.RELEASE/spring-jdbc-5.1.3.RELEASE.jar:/home/user/.m2/repository/org/springframework/spring-beans/5.1.3.RELEASE/spring-beans-5.1.3.RELEASE.jar:/home/user/.m2/repository/org/springframework/spring-core/5.1.3.RELEASE/spring-core-5.1.3.RELEASE.jar:/home/user/.m2/repository/org/springframework/spring-jcl/5.1.3.RELEASE/spring-jcl-5.1.3.RELEASE.jar:/home/user/.m2/repository/org/springframework/spring-tx/5.1.3.RELEASE/spring-tx-5.1.3.RELEASE.jar:/home/user/.m2/repository/org/apache/hadoop/hadoop-ozone-client/0.5.0-SNAPSHOT/hadoop-ozone-client-0.5.0-SNAPSHOT.jar:/home/user/.m2/repository/commons-lang/commons-lang/2.6/commons-lang-2.6.jar:/home/user/.m2/repository/org/apache/hadoop/hadoop-ozone-ozone-manager/0.5.0-SNAPSHOT/hadoop-ozone-ozone-manager-0.5.0-SNAPSHOT-tests.jar:/home/user/.m2/repository/junit/junit/4.11/junit-4.11.jar:/home/user/.m2/repository/org/hamcrest/hamcrest-core/1.3/hamcrest-core-1.3.jar:/home/user/.m2/repository/org/openjdk/jmh/jmh-core/1.19/jmh-core-1.19.jar:/home/user/.m2/repository/net/sf/jopt-simple/jopt-simple/4.6/jopt-simple-4.6.jar:/home/user/.m2/repository/org/apache/commons/commons-math3/3.1.1/commons-math3-3.1.1.jar:/home/user/.m2/repository/org/openjdk/jmh/jmh-generator-annprocess/1.19/jmh-generator-annprocess-1.19.jar:/home/user/.m2/repository/org/mockito/mockito-all/1.8.5/mockito-all-1.8.5.jar:/home/user/.m2/repository/org/apache/hadoop/hadoop-kms/3.2.0/hadoop-kms-3.2.0.jar:/home/user/.m2/repository/org/apache/hadoop/hadoop-auth/3.2.0/hadoop-auth-3.2.0.jar:/home/user/.m2/repository/com/nimbusds/nimbus-jose-jwt/4.41.1/nimbus-jose-jwt-4.41.1.jar:/home/user/.m2/repository/com/github/stephenc/jcip/jcip-annotations/1.0-1/jcip-annotations-1.0-1.jar:/home/user/.m2/repository/net/minidev/json-smart/2.3/json-smart-2.3.jar:/home/user/.m2/repository/net/minidev/accessors-smart/1.2/accessors-smart-1.2.jar:/home/user/.m2/repository/org/ow2/asm/asm/5.0.4/asm-5.0.4.jar:/home/user/.m2/repository/org/apache/curator/curator-framework/2.12.0/curator-framework-2.12.0.jar:/home/user/.m2/repository/com/sun/jersey/jersey-core/1.19/jersey-core-1.19.jar:/home/user/.m2/repository/javax/ws/rs/jsr311-api/1.1.1/jsr311-api-1.1.1.jar:/home/user/.m2/repository/com/sun/jersey/jersey-server/1.19/jersey-server-1.19.jar:/home/user/.m2/repository/javax/servlet/javax.servlet-api/3.1.0/javax.servlet-api-3.1.0.jar:/home/user/.m2/repository/org/eclipse/jetty/jetty-server/9.3.25.v20180904/jetty-server-9.3.25.v20180904.jar:/home/user/.m2/repository/org/eclipse/jetty/jetty-http/9.3.25.v20180904/jetty-http-9.3.25.v20180904.jar:/home/user/.m2/repository/org/eclipse/jetty/jetty-io/9.3.25.v20180904/jetty-io-9.3.25.v20180904.jar:/home/user/.m2/repository/org/eclipse/jetty/jetty-webapp/9.3.25.v20180904/jetty-webapp-9.3.25.v20180904.jar:/home/user/.m2/repository/org/eclipse/jetty/jetty-xml/9.3.25.v20180904/jetty-xml-9.3.25.v20180904.jar:/home/user/.m2/repository/log4j/log4j/1.2.17/log4j-1.2.17.jar:/home/user/.m2/repository/org/slf4j/slf4j-api/1.7.25/slf4j-api-1.7.25.jar:/home/user/.m2/repository/org/slf4j/jul-to-slf4j/1.7.25/jul-to-slf4j-1.7.25.jar:/home/user/.m2/repository/org/eclipse/jetty/jetty-util/9.3.25.v20180904/jetty-util-9.3.25.v20180904.jar:/home/user/.m2/repository/com/fasterxml/jackson/core/jackson-databind/2.9.9/jackson-databind-2.9.9.jar:/home/user/.m2/repository/org/apache/hadoop/hadoop-kms/3.2.0/hadoop-kms-3.2.0-tests.jar:/home/user/.m2/repository/org/apache/hadoop/hadoop-hdds-server-scm/0.5.0-SNAPSHOT/hadoop-hdds-server-scm-0.5.0-SNAPSHOT-tests.jar:/home/user/.m2/repository/org/apache/hadoop/hadoop-hdds-container-service/0.5.0-SNAPSHOT/hadoop-hdds-container-service-0.5.0-SNAPSHOT-tests.jar:/home/user/.m2/repository/org/yaml/snakeyaml/1.16/snakeyaml-1.16.jar:/home/user/.m2/repository/org/apache/hadoop/hadoop-common/3.2.0/hadoop-common-3.2.0-tests.jar:/home/user/.m2/repository/org/apache/hadoop/hadoop-annotations/3.2.0/hadoop-annotations-3.2.0.jar:/usr/lib/jvm/java-1.8-openjdk/jre/../lib/tools.jar:/home/user/.m2/repository/commons-cli/commons-cli/1.2/commons-cli-1.2.jar:/home/user/.m2/repository/org/apache/httpcomponents/httpclient/4.5.2/httpclient-4.5.2.jar:/home/user/.m2/repository/org/apache/httpcomponents/httpcore/4.4.4/httpcore-4.4.4.jar:/home/user/.m2/repository/commons-codec/commons-codec/1.11/commons-codec-1.11.jar:/home/user/.m2/repository/commons-net/commons-net/3.6/commons-net-3.6.jar:/home/user/.m2/repository/commons-collections/commons-collections/3.2.2/commons-collections-3.2.2.jar:/home/user/.m2/repository/org/eclipse/jetty/jetty-servlet/9.3.25.v20180904/jetty-servlet-9.3.25.v20180904.jar:/home/user/.m2/repository/org/eclipse/jetty/jetty-security/9.3.25.v20180904/jetty-security-9.3.25.v20180904.jar:/home/user/.m2/repository/javax/servlet/jsp/jsp-api/2.1/jsp-api-2.1.jar:/home/user/.m2/repository/com/sun/jersey/jersey-servlet/1.19/jersey-servlet-1.19.jar:/home/user/.m2/repository/com/sun/jersey/jersey-json/1.19/jersey-json-1.19.jar:/home/user/.m2/repository/org/codehaus/jettison/jettison/1.1/jettison-1.1.jar:/home/user/.m2/repository/org/codehaus/jackson/jackson-core-asl/1.9.13/jackson-core-asl-1.9.13.jar:/home/user/.m2/repository/org/codehaus/jackson/jackson-mapper-asl/1.9.13/jackson-mapper-asl-1.9.13.jar:/home/user/.m2/repository/org/codehaus/jackson/jackson-jaxrs/1.9.13/jackson-jaxrs-1.9.13.jar:/home/user/.m2/repository/org/codehaus/jackson/jackson-xc/1.9.13/jackson-xc-1.9.13.jar:/home/user/.m2/repository/commons-logging/commons-logging/1.1.3/commons-logging-1.1.3.jar:/home/user/.m2/repository/commons-beanutils/commons-beanutils/1.9.4/commons-beanutils-1.9.4.jar:/home/user/.m2/repository/org/apache/commons/commons-configuration2/2.1.1/commons-configuration2-2.1.1.jar:/home/user/.m2/repository/org/apache/commons/commons-lang3/3.7/commons-lang3-3.7.jar:/home/user/.m2/repository/org/apache/commons/commons-text/1.4/commons-text-1.4.jar:/home/user/.m2/repository/org/apache/avro/avro/1.7.7/avro-1.7.7.jar:/home/user/.m2/repository/com/thoughtworks/paranamer/paranamer/2.3/paranamer-2.3.jar:/home/user/.m2/repository/org/xerial/snappy/snappy-java/1.0.5/snappy-java-1.0.5.jar:/home/user/.m2/repository/com/google/re2j/re2j/1.1/re2j-1.1.jar:/home/user/.m2/repository/com/google/code/gson/gson/2.2.4/gson-2.2.4.jar:/home/user/.m2/repository/com/jcraft/jsch/0.1.54/jsch-0.1.54.jar:/home/user/.m2/repository/org/apache/curator/curator-client/2.12.0/curator-client-2.12.0.jar:/home/user/.m2/repository/org/apache/curator/curator-recipes/2.12.0/curator-recipes-2.12.0.jar:/home/user/.m2/repository/com/google/code/findbugs/jsr305/3.0.0/jsr305-3.0.0.jar:/home/user/.m2/repository/org/apache/htrace/htrace-core4/4.1.0-incubating/htrace-core4-4.1.0-incubating.jar:/home/user/.m2/repository/org/apache/zookeeper/zookeeper/3.4.13/zookeeper-3.4.13.jar:/home/user/.m2/repository/jline/jline/0.9.94/jline-0.9.94.jar:/home/user/.m2/repository/org/apache/yetus/audience-annotations/0.5.0/audience-annotations-0.5.0.jar:/home/user/.m2/repository/org/codehaus/woodstox/stax2-api/3.1.4/stax2-api-3.1.4.jar:/home/user/.m2/repository/com/fasterxml/woodstox/woodstox-core/5.0.3/woodstox-core-5.0.3.jar:/home/user/.m2/repository/dnsjava/dnsjava/2.1.7/dnsjava-2.1.7.jar:/home/user/.m2/repository/org/apache/hadoop/hadoop-hdfs/3.2.0/hadoop-hdfs-3.2.0-tests.jar:/home/user/.m2/repository/org/eclipse/jetty/jetty-util-ajax/9.3.25.v20180904/jetty-util-ajax-9.3.25.v20180904.jar:/home/user/.m2/repository/commons-daemon/commons-daemon/1.0.13/commons-daemon-1.0.13.jar:/home/user/.m2/repository/io/netty/netty/3.10.5.Final/netty-3.10.5.Final.jar:/home/user/.m2/repository/io/netty/netty-all/4.0.52.Final/netty-all-4.0.52.Final.jar:/home/user/.m2/repository/org/fusesource/leveldbjni/leveldbjni-all/1.8/leveldbjni-all-1.8.jar:"/>
    <property name="java.vm.vendor" value="IcedTea"/>
    <property name="sun.arch.data.model" value="64"/>
    <property name="test.build.dir" value="/workdir/hadoop-ozone/integration-test/target/test-dir"/>
    <property name="test.cache.data" value=""/>
    <property name="java.vendor.url" value="https://icedtea.classpath.org"/>
    <property name="user.timezone" value=""/>
    <property name="java.vm.specification.version" value="1.8"/>
    <property name="os.name" value="Linux"/>
    <property name="test.build.data" value="/workdir/hadoop-ozone/integration-test/target/test-dir"/>
    <property name="user.country" value="US"/>
    <property name="sun.java.launcher" value="SUN_STANDARD"/>
    <property name="sun.boot.library.path" value="/usr/lib/jvm/java-1.8-openjdk/jre/lib/amd64"/>
    <property name="sun.java.command" value="/workdir/hadoop-ozone/integration-test/target/surefire/surefirebooter1484634648245509229.jar /workdir/hadoop-ozone/integration-test/target/surefire 2019-10-01T23-37-09_404-jvmRun1 surefire2629840268294465677tmp surefire_755636925225651559531tmp"/>
    <property name="test" value="!TestMiniChaosOzoneCluster"/>
    <property name="surefire.test.class.path" value="/workdir/hadoop-ozone/integration-test/target/test-classes:/workdir/hadoop-ozone/integration-test/target/classes:/home/user/.m2/repository/org/apache/hadoop/hadoop-ozone-common/0.5.0-SNAPSHOT/hadoop-ozone-common-0.5.0-SNAPSHOT.jar:/home/user/.m2/repository/org/apache/commons/commons-compress/1.4.1/commons-compress-1.4.1.jar:/home/user/.m2/repository/org/tukaani/xz/1.0/xz-1.0.jar:/home/user/.m2/repository/org/apache/hadoop/hadoop-common/3.2.0/hadoop-common-3.2.0.jar:/home/user/.m2/repository/org/apache/hadoop/hadoop-hdfs/3.2.0/hadoop-hdfs-3.2.0.jar:/home/user/.m2/repository/org/apache/hadoop/hadoop-hdfs-client/3.2.0/hadoop-hdfs-client-3.2.0.jar:/home/user/.m2/repository/com/fasterxml/jackson/core/jackson-annotations/2.9.9/jackson-annotations-2.9.9.jar:/home/user/.m2/repository/org/apache/hadoop/hadoop-hdds-common/0.5.0-SNAPSHOT/hadoop-hdds-common-0.5.0-SNAPSHOT.jar:/home/user/.m2/repository/javax/annotation/javax.annotation-api/1.2/javax.annotation-api-1.2.jar:/home/user/.m2/repository/org/apache/ratis/ratis-server/0.5.0-201fc85-SNAPSHOT/ratis-server-0.5.0-201fc85-SNAPSHOT.jar:/home/user/.m2/repository/org/apache/ratis/ratis-thirdparty-misc/0.2.0/ratis-thirdparty-misc-0.2.0.jar:/home/user/.m2/repository/org/apache/ratis/ratis-proto/0.5.0-201fc85-SNAPSHOT/ratis-proto-0.5.0-201fc85-SNAPSHOT.jar:/home/user/.m2/repository/org/apache/ratis/ratis-common/0.5.0-201fc85-SNAPSHOT/ratis-common-0.5.0-201fc85-SNAPSHOT.jar:/home/user/.m2/repository/org/apache/ratis/ratis-client/0.5.0-201fc85-SNAPSHOT/ratis-client-0.5.0-201fc85-SNAPSHOT.jar:/home/user/.m2/repository/org/apache/ratis/ratis-metrics/0.5.0-201fc85-SNAPSHOT/ratis-metrics-0.5.0-201fc85-SNAPSHOT.jar:/home/user/.m2/repository/com/github/joshelser/dropwizard-metrics-hadoop-metrics2-reporter/0.1.2/dropwizard-metrics-hadoop-metrics2-reporter-0.1.2.jar:/home/user/.m2/repository/io/dropwizard/metrics/metrics-jvm/3.2.5/metrics-jvm-3.2.5.jar:/home/user/.m2/repository/io/dropwizard/metrics/metrics-ganglia/3.2.5/metrics-ganglia-3.2.5.jar:/home/user/.m2/repository/info/ganglia/gmetric4j/gmetric4j/1.0.7/gmetric4j-1.0.7.jar:/home/user/.m2/repository/org/apache/ratis/ratis-netty/0.5.0-201fc85-SNAPSHOT/ratis-netty-0.5.0-201fc85-SNAPSHOT.jar:/home/user/.m2/repository/org/apache/ratis/ratis-grpc/0.5.0-201fc85-SNAPSHOT/ratis-grpc-0.5.0-201fc85-SNAPSHOT.jar:/home/user/.m2/repository/org/rocksdb/rocksdbjni/6.0.1/rocksdbjni-6.0.1.jar:/home/user/.m2/repository/org/apache/logging/log4j/log4j-api/2.11.0/log4j-api-2.11.0.jar:/home/user/.m2/repository/org/apache/logging/log4j/log4j-core/2.11.0/log4j-core-2.11.0.jar:/home/user/.m2/repository/com/lmax/disruptor/3.4.2/disruptor-3.4.2.jar:/home/user/.m2/repository/org/apache/commons/commons-pool2/2.6.0/commons-pool2-2.6.0.jar:/home/user/.m2/repository/org/bouncycastle/bcpkix-jdk15on/1.60/bcpkix-jdk15on-1.60.jar:/home/user/.m2/repository/commons-validator/commons-validator/1.6/commons-validator-1.6.jar:/home/user/.m2/repository/commons-digester/commons-digester/1.8.1/commons-digester-1.8.1.jar:/home/user/.m2/repository/io/jaegertracing/jaeger-client/0.34.0/jaeger-client-0.34.0.jar:/home/user/.m2/repository/io/jaegertracing/jaeger-thrift/0.34.0/jaeger-thrift-0.34.0.jar:/home/user/.m2/repository/org/apache/thrift/libthrift/0.12.0/libthrift-0.12.0.jar:/home/user/.m2/repository/com/squareup/okhttp3/okhttp/3.9.0/okhttp-3.9.0.jar:/home/user/.m2/repository/com/squareup/okio/okio/1.13.0/okio-1.13.0.jar:/home/user/.m2/repository/io/jaegertracing/jaeger-core/0.34.0/jaeger-core-0.34.0.jar:/home/user/.m2/repository/io/jaegertracing/jaeger-tracerresolver/0.34.0/jaeger-tracerresolver-0.34.0.jar:/home/user/.m2/repository/io/opentracing/contrib/opentracing-tracerresolver/0.1.5/opentracing-tracerresolver-0.1.5.jar:/home/user/.m2/repository/io/opentracing/opentracing-util/0.31.0/opentracing-util-0.31.0.jar:/home/user/.m2/repository/io/opentracing/opentracing-api/0.31.0/opentracing-api-0.31.0.jar:/home/user/.m2/repository/io/opentracing/opentracing-noop/0.31.0/opentracing-noop-0.31.0.jar:/home/user/.m2/repository/org/apache/hadoop/hadoop-hdds-server-framework/0.5.0-SNAPSHOT/hadoop-hdds-server-framework-0.5.0-SNAPSHOT.jar:/home/user/.m2/repository/org/apache/hadoop/hadoop-hdds-container-service/0.5.0-SNAPSHOT/hadoop-hdds-container-service-0.5.0-SNAPSHOT.jar:/home/user/.m2/repository/org/apache/hadoop/hadoop-hdds-client/0.5.0-SNAPSHOT/hadoop-hdds-client-0.5.0-SNAPSHOT.jar:/home/user/.m2/repository/org/apache/hadoop/hadoop-hdds-tools/0.5.0-SNAPSHOT/hadoop-hdds-tools-0.5.0-SNAPSHOT.jar:/home/user/.m2/repository/org/apache/hadoop/hadoop-hdds-server-scm/0.5.0-SNAPSHOT/hadoop-hdds-server-scm-0.5.0-SNAPSHOT.jar:/home/user/.m2/repository/org/apache/hadoop/hadoop-hdds-docs/0.5.0-SNAPSHOT/hadoop-hdds-docs-0.5.0-SNAPSHOT.jar:/home/user/.m2/repository/io/dropwizard/metrics/metrics-core/3.2.4/metrics-core-3.2.4.jar:/home/user/.m2/repository/org/hamcrest/hamcrest-all/1.3/hamcrest-all-1.3.jar:/home/user/.m2/repository/org/bouncycastle/bcprov-jdk15on/1.60/bcprov-jdk15on-1.60.jar:/home/user/.m2/repository/info/picocli/picocli/3.9.6/picocli-3.9.6.jar:/home/user/.m2/repository/com/google/protobuf/protobuf-java/2.5.0/protobuf-java-2.5.0.jar:/home/user/.m2/repository/com/google/guava/guava/11.0.2/guava-11.0.2.jar:/home/user/.m2/repository/org/apache/hadoop/hadoop-ozone-ozone-manager/0.5.0-SNAPSHOT/hadoop-ozone-ozone-manager-0.5.0-SNAPSHOT.jar:/home/user/.m2/repository/org/apache/hadoop/hadoop-minikdc/3.2.0/hadoop-minikdc-3.2.0.jar:/home/user/.m2/repository/commons-io/commons-io/2.5/commons-io-2.5.jar:/home/user/.m2/repository/org/apache/kerby/kerb-simplekdc/1.0.1/kerb-simplekdc-1.0.1.jar:/home/user/.m2/repository/org/apache/kerby/kerb-client/1.0.1/kerb-client-1.0.1.jar:/home/user/.m2/repository/org/apache/kerby/kerby-config/1.0.1/kerby-config-1.0.1.jar:/home/user/.m2/repository/org/apache/kerby/kerb-core/1.0.1/kerb-core-1.0.1.jar:/home/user/.m2/repository/org/apache/kerby/kerby-pkix/1.0.1/kerby-pkix-1.0.1.jar:/home/user/.m2/repository/org/apache/kerby/kerby-asn1/1.0.1/kerby-asn1-1.0.1.jar:/home/user/.m2/repository/org/apache/kerby/kerby-util/1.0.1/kerby-util-1.0.1.jar:/home/user/.m2/repository/org/apache/kerby/kerb-common/1.0.1/kerb-common-1.0.1.jar:/home/user/.m2/repository/org/apache/kerby/kerb-crypto/1.0.1/kerb-crypto-1.0.1.jar:/home/user/.m2/repository/org/apache/kerby/kerb-util/1.0.1/kerb-util-1.0.1.jar:/home/user/.m2/repository/org/apache/kerby/token-provider/1.0.1/token-provider-1.0.1.jar:/home/user/.m2/repository/org/apache/kerby/kerb-admin/1.0.1/kerb-admin-1.0.1.jar:/home/user/.m2/repository/org/apache/kerby/kerb-server/1.0.1/kerb-server-1.0.1.jar:/home/user/.m2/repository/org/apache/kerby/kerb-identity/1.0.1/kerb-identity-1.0.1.jar:/home/user/.m2/repository/org/apache/kerby/kerby-xdr/1.0.1/kerby-xdr-1.0.1.jar:/home/user/.m2/repository/org/slf4j/slf4j-log4j12/1.7.25/slf4j-log4j12-1.7.25.jar:/home/user/.m2/repository/org/apache/hadoop/hadoop-ozone-s3gateway/0.5.0-SNAPSHOT/hadoop-ozone-s3gateway-0.5.0-SNAPSHOT.jar:/home/user/.m2/repository/org/jboss/weld/servlet/weld-servlet/2.4.7.Final/weld-servlet-2.4.7.Final.jar:/home/user/.m2/repository/org/glassfish/jersey/containers/jersey-container-servlet-core/2.27/jersey-container-servlet-core-2.27.jar:/home/user/.m2/repository/org/glassfish/hk2/external/javax.inject/2.5.0-b42/javax.inject-2.5.0-b42.jar:/home/user/.m2/repository/org/glassfish/jersey/core/jersey-common/2.27/jersey-common-2.27.jar:/home/user/.m2/repository/org/glassfish/hk2/osgi-resource-locator/1.0.1/osgi-resource-locator-1.0.1.jar:/home/user/.m2/repository/javax/ws/rs/javax.ws.rs-api/2.1/javax.ws.rs-api-2.1.jar:/home/user/.m2/repository/org/glassfish/jersey/ext/cdi/jersey-cdi1x/2.27/jersey-cdi1x-2.27.jar:/home/user/.m2/repository/org/glassfish/jersey/inject/jersey-hk2/2.27/jersey-hk2-2.27.jar:/home/user/.m2/repository/org/glassfish/hk2/hk2-locator/2.5.0-b42/hk2-locator-2.5.0-b42.jar:/home/user/.m2/repository/org/javassist/javassist/3.22.0-CR2/javassist-3.22.0-CR2.jar:/home/user/.m2/repository/org/glassfish/hk2/hk2-api/2.5.0/hk2-api-2.5.0.jar:/home/user/.m2/repository/org/glassfish/hk2/external/jakarta.inject/2.5.0/jakarta.inject-2.5.0.jar:/home/user/.m2/repository/org/glassfish/hk2/hk2-utils/2.5.0/hk2-utils-2.5.0.jar:/home/user/.m2/repository/jakarta/annotation/jakarta.annotation-api/1.3.4/jakarta.annotation-api-1.3.4.jar:/home/user/.m2/repository/org/glassfish/hk2/external/aopalliance-repackaged/2.5.0/aopalliance-repackaged-2.5.0.jar:/home/user/.m2/repository/com/fasterxml/jackson/dataformat/jackson-dataformat-xml/2.9.0/jackson-dataformat-xml-2.9.0.jar:/home/user/.m2/repository/com/fasterxml/jackson/core/jackson-core/2.9.9/jackson-core-2.9.9.jar:/home/user/.m2/repository/com/fasterxml/jackson/module/jackson-module-jaxb-annotations/2.9.9/jackson-module-jaxb-annotations-2.9.9.jar:/home/user/.m2/repository/javax/enterprise/cdi-api/1.2/cdi-api-1.2.jar:/home/user/.m2/repository/javax/el/javax.el-api/3.0.0/javax.el-api-3.0.0.jar:/home/user/.m2/repository/javax/interceptor/javax.interceptor-api/1.2/javax.interceptor-api-1.2.jar:/home/user/.m2/repository/javax/inject/javax.inject/1/javax.inject-1.jar:/home/user/.m2/repository/com/sun/xml/bind/jaxb-impl/2.3.0.1/jaxb-impl-2.3.0.1.jar:/home/user/.m2/repository/com/sun/xml/bind/jaxb-core/2.3.0.1/jaxb-core-2.3.0.1.jar:/home/user/.m2/repository/javax/xml/bind/jaxb-api/2.3.0/jaxb-api-2.3.0.jar:/home/user/.m2/repository/javax/activation/activation/1.1.1/activation-1.1.1.jar:/home/user/.m2/repository/org/apache/hadoop/hadoop-ozone-csi/0.5.0-SNAPSHOT/hadoop-ozone-csi-0.5.0-SNAPSHOT.jar:/home/user/.m2/repository/com/google/protobuf/protobuf-java-util/3.5.1/protobuf-java-util-3.5.1.jar:/home/user/.m2/repository/org/apache/hadoop/hadoop-hdds-config/0.5.0-SNAPSHOT/hadoop-hdds-config-0.5.0-SNAPSHOT.jar:/home/user/.m2/repository/io/grpc/grpc-netty/1.17.1/grpc-netty-1.17.1.jar:/home/user/.m2/repository/io/grpc/grpc-core/1.17.1/grpc-core-1.17.1.jar:/home/user/.m2/repository/io/grpc/grpc-context/1.17.1/grpc-context-1.17.1.jar:/home/user/.m2/repository/com/google/errorprone/error_prone_annotations/2.2.0/error_prone_annotations-2.2.0.jar:/home/user/.m2/repository/org/codehaus/mojo/animal-sniffer-annotations/1.17/animal-sniffer-annotations-1.17.jar:/home/user/.m2/repository/io/opencensus/opencensus-api/0.17.0/opencensus-api-0.17.0.jar:/home/user/.m2/repository/io/opencensus/opencensus-contrib-grpc-metrics/0.17.0/opencensus-contrib-grpc-metrics-0.17.0.jar:/home/user/.m2/repository/io/netty/netty-codec-http2/4.1.30.Final/netty-codec-http2-4.1.30.Final.jar:/home/user/.m2/repository/io/netty/netty-codec-http/4.1.30.Final/netty-codec-http-4.1.30.Final.jar:/home/user/.m2/repository/io/netty/netty-codec/4.1.30.Final/netty-codec-4.1.30.Final.jar:/home/user/.m2/repository/io/netty/netty-handler/4.1.30.Final/netty-handler-4.1.30.Final.jar:/home/user/.m2/repository/io/netty/netty-handler-proxy/4.1.30.Final/netty-handler-proxy-4.1.30.Final.jar:/home/user/.m2/repository/io/netty/netty-codec-socks/4.1.30.Final/netty-codec-socks-4.1.30.Final.jar:/home/user/.m2/repository/io/netty/netty-transport-native-epoll/4.1.30.Final/netty-transport-native-epoll-4.1.30.Final.jar:/home/user/.m2/repository/io/netty/netty-common/4.1.30.Final/netty-common-4.1.30.Final.jar:/home/user/.m2/repository/io/netty/netty-buffer/4.1.30.Final/netty-buffer-4.1.30.Final.jar:/home/user/.m2/repository/io/netty/netty-transport/4.1.30.Final/netty-transport-4.1.30.Final.jar:/home/user/.m2/repository/io/netty/netty-resolver/4.1.30.Final/netty-resolver-4.1.30.Final.jar:/home/user/.m2/repository/io/netty/netty-transport-native-unix-common/4.1.30.Final/netty-transport-native-unix-common-4.1.30.Final.jar:/home/user/.m2/repository/io/grpc/grpc-protobuf/1.17.1/grpc-protobuf-1.17.1.jar:/home/user/.m2/repository/com/google/api/grpc/proto-google-common-protos/1.0.0/proto-google-common-protos-1.0.0.jar:/home/user/.m2/repository/io/grpc/grpc-protobuf-lite/1.17.1/grpc-protobuf-lite-1.17.1.jar:/home/user/.m2/repository/io/grpc/grpc-stub/1.17.1/grpc-stub-1.17.1.jar:/home/user/.m2/repository/org/apache/hadoop/hadoop-ozone-recon/0.5.0-SNAPSHOT/hadoop-ozone-recon-0.5.0-SNAPSHOT.jar:/home/user/.m2/repository/org/apache/hadoop/hadoop-ozone-reconcodegen/0.5.0-SNAPSHOT/hadoop-ozone-reconcodegen-0.5.0-SNAPSHOT.jar:/home/user/.m2/repository/com/google/inject/extensions/guice-multibindings/4.0/guice-multibindings-4.0.jar:/home/user/.m2/repository/com/google/inject/guice/4.0/guice-4.0.jar:/home/user/.m2/repository/aopalliance/aopalliance/1.0/aopalliance-1.0.jar:/home/user/.m2/repository/com/google/inject/extensions/guice-servlet/4.0/guice-servlet-4.0.jar:/home/user/.m2/repository/org/glassfish/jersey/containers/jersey-container-servlet/2.27/jersey-container-servlet-2.27.jar:/home/user/.m2/repository/org/glassfish/hk2/guice-bridge/2.5.0/guice-bridge-2.5.0.jar:/home/user/.m2/repository/org/glassfish/jersey/core/jersey-server/2.27/jersey-server-2.27.jar:/home/user/.m2/repository/org/glassfish/jersey/core/jersey-client/2.27/jersey-client-2.27.jar:/home/user/.m2/repository/org/glassfish/jersey/media/jersey-media-jaxb/2.27/jersey-media-jaxb-2.27.jar:/home/user/.m2/repository/javax/validation/validation-api/1.1.0.Final/validation-api-1.1.0.Final.jar:/home/user/.m2/repository/org/glassfish/jersey/media/jersey-media-json-jackson/2.27/jersey-media-json-jackson-2.27.jar:/home/user/.m2/repository/org/glassfish/jersey/ext/jersey-entity-filtering/2.27/jersey-entity-filtering-2.27.jar:/home/user/.m2/repository/com/google/inject/extensions/guice-assistedinject/4.0/guice-assistedinject-4.0.jar:/home/user/.m2/repository/org/jooq/jooq/3.11.10/jooq-3.11.10.jar:/home/user/.m2/repository/org/jooq/jooq-meta/3.11.10/jooq-meta-3.11.10.jar:/home/user/.m2/repository/org/jooq/jooq-codegen/3.11.10/jooq-codegen-3.11.10.jar:/home/user/.m2/repository/com/jolbox/bonecp/0.8.0.RELEASE/bonecp-0.8.0.RELEASE.jar:/home/user/.m2/repository/org/xerial/sqlite-jdbc/3.25.2/sqlite-jdbc-3.25.2.jar:/home/user/.m2/repository/org/springframework/spring-jdbc/5.1.3.RELEASE/spring-jdbc-5.1.3.RELEASE.jar:/home/user/.m2/repository/org/springframework/spring-beans/5.1.3.RELEASE/spring-beans-5.1.3.RELEASE.jar:/home/user/.m2/repository/org/springframework/spring-core/5.1.3.RELEASE/spring-core-5.1.3.RELEASE.jar:/home/user/.m2/repository/org/springframework/spring-jcl/5.1.3.RELEASE/spring-jcl-5.1.3.RELEASE.jar:/home/user/.m2/repository/org/springframework/spring-tx/5.1.3.RELEASE/spring-tx-5.1.3.RELEASE.jar:/home/user/.m2/repository/org/apache/hadoop/hadoop-ozone-client/0.5.0-SNAPSHOT/hadoop-ozone-client-0.5.0-SNAPSHOT.jar:/home/user/.m2/repository/commons-lang/commons-lang/2.6/commons-lang-2.6.jar:/home/user/.m2/repository/org/apache/hadoop/hadoop-ozone-ozone-manager/0.5.0-SNAPSHOT/hadoop-ozone-ozone-manager-0.5.0-SNAPSHOT-tests.jar:/home/user/.m2/repository/junit/junit/4.11/junit-4.11.jar:/home/user/.m2/repository/org/hamcrest/hamcrest-core/1.3/hamcrest-core-1.3.jar:/home/user/.m2/repository/org/openjdk/jmh/jmh-core/1.19/jmh-core-1.19.jar:/home/user/.m2/repository/net/sf/jopt-simple/jopt-simple/4.6/jopt-simple-4.6.jar:/home/user/.m2/repository/org/apache/commons/commons-math3/3.1.1/commons-math3-3.1.1.jar:/home/user/.m2/repository/org/openjdk/jmh/jmh-generator-annprocess/1.19/jmh-generator-annprocess-1.19.jar:/home/user/.m2/repository/org/mockito/mockito-all/1.8.5/mockito-all-1.8.5.jar:/home/user/.m2/repository/org/apache/hadoop/hadoop-kms/3.2.0/hadoop-kms-3.2.0.jar:/home/user/.m2/repository/org/apache/hadoop/hadoop-auth/3.2.0/hadoop-auth-3.2.0.jar:/home/user/.m2/repository/com/nimbusds/nimbus-jose-jwt/4.41.1/nimbus-jose-jwt-4.41.1.jar:/home/user/.m2/repository/com/github/stephenc/jcip/jcip-annotations/1.0-1/jcip-annotations-1.0-1.jar:/home/user/.m2/repository/net/minidev/json-smart/2.3/json-smart-2.3.jar:/home/user/.m2/repository/net/minidev/accessors-smart/1.2/accessors-smart-1.2.jar:/home/user/.m2/repository/org/ow2/asm/asm/5.0.4/asm-5.0.4.jar:/home/user/.m2/repository/org/apache/curator/curator-framework/2.12.0/curator-framework-2.12.0.jar:/home/user/.m2/repository/com/sun/jersey/jersey-core/1.19/jersey-core-1.19.jar:/home/user/.m2/repository/javax/ws/rs/jsr311-api/1.1.1/jsr311-api-1.1.1.jar:/home/user/.m2/repository/com/sun/jersey/jersey-server/1.19/jersey-server-1.19.jar:/home/user/.m2/repository/javax/servlet/javax.servlet-api/3.1.0/javax.servlet-api-3.1.0.jar:/home/user/.m2/repository/org/eclipse/jetty/jetty-server/9.3.25.v20180904/jetty-server-9.3.25.v20180904.jar:/home/user/.m2/repository/org/eclipse/jetty/jetty-http/9.3.25.v20180904/jetty-http-9.3.25.v20180904.jar:/home/user/.m2/repository/org/eclipse/jetty/jetty-io/9.3.25.v20180904/jetty-io-9.3.25.v20180904.jar:/home/user/.m2/repository/org/eclipse/jetty/jetty-webapp/9.3.25.v20180904/jetty-webapp-9.3.25.v20180904.jar:/home/user/.m2/repository/org/eclipse/jetty/jetty-xml/9.3.25.v20180904/jetty-xml-9.3.25.v20180904.jar:/home/user/.m2/repository/log4j/log4j/1.2.17/log4j-1.2.17.jar:/home/user/.m2/repository/org/slf4j/slf4j-api/1.7.25/slf4j-api-1.7.25.jar:/home/user/.m2/repository/org/slf4j/jul-to-slf4j/1.7.25/jul-to-slf4j-1.7.25.jar:/home/user/.m2/repository/org/eclipse/jetty/jetty-util/9.3.25.v20180904/jetty-util-9.3.25.v20180904.jar:/home/user/.m2/repository/com/fasterxml/jackson/core/jackson-databind/2.9.9/jackson-databind-2.9.9.jar:/home/user/.m2/repository/org/apache/hadoop/hadoop-kms/3.2.0/hadoop-kms-3.2.0-tests.jar:/home/user/.m2/repository/org/apache/hadoop/hadoop-hdds-server-scm/0.5.0-SNAPSHOT/hadoop-hdds-server-scm-0.5.0-SNAPSHOT-tests.jar:/home/user/.m2/repository/org/apache/hadoop/hadoop-hdds-container-service/0.5.0-SNAPSHOT/hadoop-hdds-container-service-0.5.0-SNAPSHOT-tests.jar:/home/user/.m2/repository/org/yaml/snakeyaml/1.16/snakeyaml-1.16.jar:/home/user/.m2/repository/org/apache/hadoop/hadoop-common/3.2.0/hadoop-common-3.2.0-tests.jar:/home/user/.m2/repository/org/apache/hadoop/hadoop-annotations/3.2.0/hadoop-annotations-3.2.0.jar:/usr/lib/jvm/java-1.8-openjdk/jre/../lib/tools.jar:/home/user/.m2/repository/commons-cli/commons-cli/1.2/commons-cli-1.2.jar:/home/user/.m2/repository/org/apache/httpcomponents/httpclient/4.5.2/httpclient-4.5.2.jar:/home/user/.m2/repository/org/apache/httpcomponents/httpcore/4.4.4/httpcore-4.4.4.jar:/home/user/.m2/repository/commons-codec/commons-codec/1.11/commons-codec-1.11.jar:/home/user/.m2/repository/commons-net/commons-net/3.6/commons-net-3.6.jar:/home/user/.m2/repository/commons-collections/commons-collections/3.2.2/commons-collections-3.2.2.jar:/home/user/.m2/repository/org/eclipse/jetty/jetty-servlet/9.3.25.v20180904/jetty-servlet-9.3.25.v20180904.jar:/home/user/.m2/repository/org/eclipse/jetty/jetty-security/9.3.25.v20180904/jetty-security-9.3.25.v20180904.jar:/home/user/.m2/repository/javax/servlet/jsp/jsp-api/2.1/jsp-api-2.1.jar:/home/user/.m2/repository/com/sun/jersey/jersey-servlet/1.19/jersey-servlet-1.19.jar:/home/user/.m2/repository/com/sun/jersey/jersey-json/1.19/jersey-json-1.19.jar:/home/user/.m2/repository/org/codehaus/jettison/jettison/1.1/jettison-1.1.jar:/home/user/.m2/repository/org/codehaus/jackson/jackson-core-asl/1.9.13/jackson-core-asl-1.9.13.jar:/home/user/.m2/repository/org/codehaus/jackson/jackson-mapper-asl/1.9.13/jackson-mapper-asl-1.9.13.jar:/home/user/.m2/repository/org/codehaus/jackson/jackson-jaxrs/1.9.13/jackson-jaxrs-1.9.13.jar:/home/user/.m2/repository/org/codehaus/jackson/jackson-xc/1.9.13/jackson-xc-1.9.13.jar:/home/user/.m2/repository/commons-logging/commons-logging/1.1.3/commons-logging-1.1.3.jar:/home/user/.m2/repository/commons-beanutils/commons-beanutils/1.9.4/commons-beanutils-1.9.4.jar:/home/user/.m2/repository/org/apache/commons/commons-configuration2/2.1.1/commons-configuration2-2.1.1.jar:/home/user/.m2/repository/org/apache/commons/commons-lang3/3.7/commons-lang3-3.7.jar:/home/user/.m2/repository/org/apache/commons/commons-text/1.4/commons-text-1.4.jar:/home/user/.m2/repository/org/apache/avro/avro/1.7.7/avro-1.7.7.jar:/home/user/.m2/repository/com/thoughtworks/paranamer/paranamer/2.3/paranamer-2.3.jar:/home/user/.m2/repository/org/xerial/snappy/snappy-java/1.0.5/snappy-java-1.0.5.jar:/home/user/.m2/repository/com/google/re2j/re2j/1.1/re2j-1.1.jar:/home/user/.m2/repository/com/google/code/gson/gson/2.2.4/gson-2.2.4.jar:/home/user/.m2/repository/com/jcraft/jsch/0.1.54/jsch-0.1.54.jar:/home/user/.m2/repository/org/apache/curator/curator-client/2.12.0/curator-client-2.12.0.jar:/home/user/.m2/repository/org/apache/curator/curator-recipes/2.12.0/curator-recipes-2.12.0.jar:/home/user/.m2/repository/com/google/code/findbugs/jsr305/3.0.0/jsr305-3.0.0.jar:/home/user/.m2/repository/org/apache/htrace/htrace-core4/4.1.0-incubating/htrace-core4-4.1.0-incubating.jar:/home/user/.m2/repository/org/apache/zookeeper/zookeeper/3.4.13/zookeeper-3.4.13.jar:/home/user/.m2/repository/jline/jline/0.9.94/jline-0.9.94.jar:/home/user/.m2/repository/org/apache/yetus/audience-annotations/0.5.0/audience-annotations-0.5.0.jar:/home/user/.m2/repository/org/codehaus/woodstox/stax2-api/3.1.4/stax2-api-3.1.4.jar:/home/user/.m2/repository/com/fasterxml/woodstox/woodstox-core/5.0.3/woodstox-core-5.0.3.jar:/home/user/.m2/repository/dnsjava/dnsjava/2.1.7/dnsjava-2.1.7.jar:/home/user/.m2/repository/org/apache/hadoop/hadoop-hdfs/3.2.0/hadoop-hdfs-3.2.0-tests.jar:/home/user/.m2/repository/org/eclipse/jetty/jetty-util-ajax/9.3.25.v20180904/jetty-util-ajax-9.3.25.v20180904.jar:/home/user/.m2/repository/commons-daemon/commons-daemon/1.0.13/commons-daemon-1.0.13.jar:/home/user/.m2/repository/io/netty/netty/3.10.5.Final/netty-3.10.5.Final.jar:/home/user/.m2/repository/io/netty/netty-all/4.0.52.Final/netty-all-4.0.52.Final.jar:/home/user/.m2/repository/org/fusesource/leveldbjni/leveldbjni-all/1.8/leveldbjni-all-1.8.jar:"/>
    <property name="sun.cpu.endian" value="little"/>
    <property name="user.home" value="/home/user"/>
    <property name="user.language" value="en"/>
    <property name="java.specification.vendor" value="Oracle Corporation"/>
    <property name="java.home" value="/usr/lib/jvm/java-1.8-openjdk/jre"/>
    <property name="java.security.krb5.conf" value="/workdir/hadoop-ozone/integration-test/target/test-classes/krb5.conf"/>
    <property name="basedir" value="/workdir/hadoop-ozone/integration-test"/>
    <property name="file.separator" value="/"/>
    <property name="line.separator" value="&#10;"/>
    <property name="java.vm.specification.vendor" value="Oracle Corporation"/>
    <property name="java.specification.name" value="Java Platform API Specification"/>
    <property name="java.awt.graphicsenv" value="sun.awt.X11GraphicsEnvironment"/>
    <property name="surefire.real.class.path" value="/workdir/hadoop-ozone/integration-test/target/surefire/surefirebooter1484634648245509229.jar"/>
    <property name="hadoop.log.dir" value="/workdir/hadoop-ozone/integration-test/target/log"/>
    <property name="sun.boot.class.path" value="/usr/lib/jvm/java-1.8-openjdk/jre/lib/resources.jar:/usr/lib/jvm/java-1.8-openjdk/jre/lib/rt.jar:/usr/lib/jvm/java-1.8-openjdk/jre/lib/sunrsasign.jar:/usr/lib/jvm/java-1.8-openjdk/jre/lib/jsse.jar:/usr/lib/jvm/java-1.8-openjdk/jre/lib/jce.jar:/usr/lib/jvm/java-1.8-openjdk/jre/lib/charsets.jar:/usr/lib/jvm/java-1.8-openjdk/jre/lib/jfr.jar:/usr/lib/jvm/java-1.8-openjdk/jre/classes"/>
    <property name="sun.management.compiler" value="HotSpot 64-Bit Tiered Compilers"/>
    <property name="java.runtime.version" value="1.8.0_212-b04"/>
    <property name="java.net.preferIPv4Stack" value="true"/>
    <property name="user.name" value="jenkins1000"/>
    <property name="path.separator" value=":"/>
    <property name="java.security.egd" value="file:///dev/urandom"/>
    <property name="os.version" value="3.10.0-957.12.2.el7.x86_64"/>
    <property name="java.endorsed.dirs" value="/usr/lib/jvm/java-1.8-openjdk/jre/lib/endorsed"/>
    <property name="java.runtime.name" value="OpenJDK Runtime Environment"/>
    <property name="file.encoding" value="UTF-8"/>
    <property name="java.vm.name" value="OpenJDK 64-Bit Server VM"/>
    <property name="test.build.webapps" value=""/>
    <property name="localRepository" value="/home/user/.m2/repository"/>
    <property name="java.vendor.url.bug" value="https://icedtea.classpath.org/bugzilla"/>
    <property name="java.io.tmpdir" value="/tmp"/>
    <property name="require.test.libhadoop" value=""/>
    <property name="java.version" value="1.8.0_212"/>
    <property name="user.dir" value="/workdir/hadoop-ozone/integration-test"/>
    <property name="os.arch" value="amd64"/>
    <property name="java.vm.specification.name" value="Java Virtual Machine Specification"/>
    <property name="test.build.classes" value="/workdir/hadoop-ozone/integration-test/target/test-classes"/>
    <property name="java.awt.printerjob" value="sun.print.PSPrinterJob"/>
    <property name="sun.os.patch.level" value="unknown"/>
    <property name="hadoop.tmp.dir" value="/workdir/hadoop-ozone/integration-test/target/tmp"/>
    <property name="java.library.path" value="/usr/lib/jvm/java-1.8-openjdk/jre/lib/amd64/server:/usr/lib/jvm/java-1.8-openjdk/jre/lib/amd64:/usr/lib/jvm/java-1.8-openjdk/jre/../lib/amd64:/workdir/hadoop-ozone/integration-test/target/native/target/usr/local/lib:/workdir/hadoop-ozone/integration-test/../../hadoop-common-project/hadoop-common/target/native/target/usr/local/lib:/usr/java/packages/lib/amd64:/usr/lib64:/lib64:/lib:/usr/lib"/>
    <property name="java.vm.info" value="mixed mode"/>
    <property name="java.vendor" value="IcedTea"/>
    <property name="java.vm.version" value="25.212-b04"/>
    <property name="java.ext.dirs" value="/usr/lib/jvm/java-1.8-openjdk/jre/lib/ext:/usr/java/packages/lib/ext"/>
    <property name="sun.io.unicode.encoding" value="UnicodeLittle"/>
    <property name="java.class.version" value="52.0"/>
  </properties>
  <testcase name="testWatchForCommitWithKeyWrite" classname="org.apache.hadoop.ozone.client.rpc.TestWatchForCommit" time="59.116"/>
  <testcase name="testWatchForCommitWithSmallerTimeoutValue" classname="org.apache.hadoop.ozone.client.rpc.TestWatchForCommit" time="53.189"/>
  <testcase name="testWatchForCommitForRetryfailure" classname="org.apache.hadoop.ozone.client.rpc.TestWatchForCommit" time="61.156">
    <failure type="java.lang.AssertionError">java.lang.AssertionError
	at org.junit.Assert.fail(Assert.java:86)
	at org.junit.Assert.assertTrue(Assert.java:41)
	at org.junit.Assert.assertTrue(Assert.java:52)
	at org.apache.hadoop.ozone.client.rpc.TestWatchForCommit.testWatchForCommitForRetryfailure(TestWatchForCommit.java:348)
	at sun.reflect.NativeMethodAccessorImpl.invoke0(Native Method)
	at sun.reflect.NativeMethodAccessorImpl.invoke(NativeMethodAccessorImpl.java:62)
	at sun.reflect.DelegatingMethodAccessorImpl.invoke(DelegatingMethodAccessorImpl.java:43)
	at java.lang.reflect.Method.invoke(Method.java:498)
	at org.junit.runners.model.FrameworkMethod$1.runReflectiveCall(FrameworkMethod.java:47)
	at org.junit.internal.runners.model.ReflectiveCallable.run(ReflectiveCallable.java:12)
	at org.junit.runners.model.FrameworkMethod.invokeExplosively(FrameworkMethod.java:44)
	at org.junit.internal.runners.statements.InvokeMethod.evaluate(InvokeMethod.java:17)
	at org.junit.runners.ParentRunner.runLeaf(ParentRunner.java:271)
	at org.junit.runners.BlockJUnit4ClassRunner.runChild(BlockJUnit4ClassRunner.java:70)
	at org.junit.runners.BlockJUnit4ClassRunner.runChild(BlockJUnit4ClassRunner.java:50)
	at org.junit.runners.ParentRunner$3.run(ParentRunner.java:238)
	at org.junit.runners.ParentRunner$1.schedule(ParentRunner.java:63)
	at org.junit.runners.ParentRunner.runChildren(ParentRunner.java:236)
	at org.junit.runners.ParentRunner.access$000(ParentRunner.java:53)
	at org.junit.runners.ParentRunner$2.evaluate(ParentRunner.java:229)
	at org.junit.runners.ParentRunner.run(ParentRunner.java:309)
	at org.apache.maven.surefire.junit4.JUnit4Provider.execute(JUnit4Provider.java:365)
	at org.apache.maven.surefire.junit4.JUnit4Provider.executeWithRerun(JUnit4Provider.java:273)
	at org.apache.maven.surefire.junit4.JUnit4Provider.executeTestSet(JUnit4Provider.java:238)
	at org.apache.maven.surefire.junit4.JUnit4Provider.invoke(JUnit4Provider.java:159)
	at org.apache.maven.surefire.booter.ForkedBooter.invokeProviderInSameClassLoader(ForkedBooter.java:384)
	at org.apache.maven.surefire.booter.ForkedBooter.runSuitesInProcess(ForkedBooter.java:345)
	at org.apache.maven.surefire.booter.ForkedBooter.execute(ForkedBooter.java:126)
	at org.apache.maven.surefire.booter.ForkedBooter.main(ForkedBooter.java:418)
</failure>
    <system-out><![CDATA[2019-10-02 00:47:53,607 [main] WARN  server.ServerUtils (ServerUtils.java:getScmDbDir(145)) - ozone.scm.db.dirs is not configured. We recommend adding this setting. Falling back to ozone.metadata.dirs instead.
2019-10-02 00:47:53,622 [main] WARN  server.ServerUtils (ServerUtils.java:getScmDbDir(145)) - ozone.scm.db.dirs is not configured. We recommend adding this setting. Falling back to ozone.metadata.dirs instead.
2019-10-02 00:47:53,623 [main] WARN  server.ServerUtils (ServerUtils.java:getScmDbDir(145)) - ozone.scm.db.dirs is not configured. We recommend adding this setting. Falling back to ozone.metadata.dirs instead.
2019-10-02 00:47:53,623 [main] INFO  db.DBStoreBuilder (DBStoreBuilder.java:addTable(110)) - using custom profile for table: deletedBlocks
2019-10-02 00:47:53,623 [main] INFO  db.DBStoreBuilder (DBStoreBuilder.java:processTables(161)) - Using default column profile:DBProfile.DISK for Table:deletedBlocks
2019-10-02 00:47:53,624 [main] INFO  db.DBStoreBuilder (DBStoreBuilder.java:addTable(110)) - using custom profile for table: validCerts
2019-10-02 00:47:53,624 [main] INFO  db.DBStoreBuilder (DBStoreBuilder.java:processTables(161)) - Using default column profile:DBProfile.DISK for Table:validCerts
2019-10-02 00:47:53,624 [main] INFO  db.DBStoreBuilder (DBStoreBuilder.java:addTable(110)) - using custom profile for table: revokedCerts
2019-10-02 00:47:53,624 [main] INFO  db.DBStoreBuilder (DBStoreBuilder.java:processTables(161)) - Using default column profile:DBProfile.DISK for Table:revokedCerts
2019-10-02 00:47:53,625 [main] INFO  db.DBStoreBuilder (DBStoreBuilder.java:addTable(110)) - using custom profile for table: default
2019-10-02 00:47:53,625 [main] INFO  db.DBStoreBuilder (DBStoreBuilder.java:processTables(167)) - Using default column profile:DBProfile.DISK for Table:default
2019-10-02 00:47:53,625 [main] INFO  db.DBStoreBuilder (DBStoreBuilder.java:getDbProfile(198)) - Using default options. DBProfile.DISK
2019-10-02 00:47:53,791 [main] INFO  net.NodeSchemaLoader (NodeSchemaLoader.java:loadSchemaFromFile(125)) - Loading file from sun.misc.CompoundEnumeration@6f5e16cf
2019-10-02 00:47:53,791 [main] INFO  net.NodeSchemaLoader (NodeSchemaLoader.java:loadSchema(171)) - Loading network topology layer schema file
2019-10-02 00:47:53,798 [main] WARN  server.ServerUtils (ServerUtils.java:sanitizeUserArgs(70)) - ozone.scm.stale.node.interval value = 300000 is larger than max = 100000 based on the key value of ozone.scm.heartbeat.thread.interval, reset to the max value 100000.
2019-10-02 00:47:53,799 [main] WARN  server.ServerUtils (ServerUtils.java:sanitizeUserArgs(70)) - ozone.scm.stale.node.interval value = 300000 is larger than max = 100000 based on the key value of ozone.scm.heartbeat.thread.interval, reset to the max value 100000.
2019-10-02 00:47:53,799 [main] INFO  node.SCMNodeManager (SCMNodeManager.java:<init>(114)) - Entering startup safe mode.
2019-10-02 00:47:53,800 [main] INFO  algorithms.ContainerPlacementPolicyFactory (ContainerPlacementPolicyFactory.java:getPolicy(57)) - Create container placement policy of type org.apache.hadoop.hdds.scm.container.placement.algorithms.SCMContainerPlacementRandom
2019-10-02 00:47:53,801 [main] WARN  server.ServerUtils (ServerUtils.java:getScmDbDir(145)) - ozone.scm.db.dirs is not configured. We recommend adding this setting. Falling back to ozone.metadata.dirs instead.
2019-10-02 00:47:53,852 [main] INFO  pipeline.SCMPipelineManager (SCMPipelineManager.java:initializePipelineState(132)) - No pipeline exists in current db
2019-10-02 00:47:53,852 [main] WARN  server.ServerUtils (ServerUtils.java:getScmDbDir(145)) - ozone.scm.db.dirs is not configured. We recommend adding this setting. Falling back to ozone.metadata.dirs instead.
2019-10-02 00:47:53,895 [main] WARN  events.EventQueue (EventQueue.java:fireEvent(183)) - No event handler registered for event TypedEvent{payloadType=SafeModeStatus, name='SafeModeStatus'}
2019-10-02 00:47:53,896 [main] INFO  ipc.CallQueueManager (CallQueueManager.java:<init>(84)) - Using callQueue: class java.util.concurrent.LinkedBlockingQueue, queueCapacity: 2000, scheduler: class org.apache.hadoop.ipc.DefaultRpcScheduler, ipcBackoff: false.
2019-10-02 00:47:53,897 [Socket Reader #1 for port 35343] INFO  ipc.Server (Server.java:run(1074)) - Starting Socket Reader #1 for port 35343
2019-10-02 00:47:53,900 [main] INFO  ipc.CallQueueManager (CallQueueManager.java:<init>(84)) - Using callQueue: class java.util.concurrent.LinkedBlockingQueue, queueCapacity: 2000, scheduler: class org.apache.hadoop.ipc.DefaultRpcScheduler, ipcBackoff: false.
2019-10-02 00:47:53,901 [Socket Reader #1 for port 46768] INFO  ipc.Server (Server.java:run(1074)) - Starting Socket Reader #1 for port 46768
2019-10-02 00:47:53,902 [main] INFO  ipc.CallQueueManager (CallQueueManager.java:<init>(84)) - Using callQueue: class java.util.concurrent.LinkedBlockingQueue, queueCapacity: 2000, scheduler: class org.apache.hadoop.ipc.DefaultRpcScheduler, ipcBackoff: false.
2019-10-02 00:47:53,903 [Socket Reader #1 for port 45049] INFO  ipc.Server (Server.java:run(1074)) - Starting Socket Reader #1 for port 45049
2019-10-02 00:47:53,905 [main] INFO  hdfs.DFSUtil (DFSUtil.java:httpServerTemplateForNNAndJN(1641)) - Starting Web-server for scm at: http://0.0.0.0:0
2019-10-02 00:47:53,907 [main] INFO  server.AuthenticationFilter (AuthenticationFilter.java:constructSecretProvider(240)) - Unable to initialize FileSignerSecretProvider, falling back to use random secrets.
2019-10-02 00:47:53,908 [main] WARN  http.HttpRequestLog (HttpRequestLog.java:getRequestLog(97)) - Jetty request log can only be enabled using Log4j
2019-10-02 00:47:53,910 [main] INFO  http.HttpServer2 (HttpServer2.java:addGlobalFilter(975)) - Added global filter 'safety' (class=org.apache.hadoop.http.HttpServer2$QuotingInputFilter)
2019-10-02 00:47:53,911 [main] INFO  http.HttpServer2 (HttpServer2.java:addFilter(948)) - Added filter static_user_filter (class=org.apache.hadoop.http.lib.StaticUserWebFilter$StaticUserFilter) to context scm
2019-10-02 00:47:53,911 [main] INFO  http.HttpServer2 (HttpServer2.java:addFilter(958)) - Added filter static_user_filter (class=org.apache.hadoop.http.lib.StaticUserWebFilter$StaticUserFilter) to context static
2019-10-02 00:47:53,911 [main] INFO  http.HttpServer2 (HttpServer2.java:addFilter(958)) - Added filter static_user_filter (class=org.apache.hadoop.http.lib.StaticUserWebFilter$StaticUserFilter) to context logs
2019-10-02 00:47:53,913 [main] INFO  server.StorageContainerManager (StorageContainerManager.java:start(770)) - StorageContainerLocationProtocol RPC server is listening at /0.0.0.0:45049
2019-10-02 00:47:53,916 [main] WARN  impl.MetricsConfig (MetricsConfig.java:loadFirst(134)) - Cannot locate configuration: tried hadoop-metrics2-storagecontainermanager.properties,hadoop-metrics2.properties
2019-10-02 00:47:53,917 [main] INFO  impl.MetricsSystemImpl (MetricsSystemImpl.java:startTimer(374)) - Scheduled Metric snapshot period at 10 second(s).
2019-10-02 00:47:53,917 [main] INFO  impl.MetricsSystemImpl (MetricsSystemImpl.java:start(191)) - StorageContainerManager metrics system started
2019-10-02 00:47:53,947 [main] INFO  lib.Interns (Interns.java:removeEldestEntry(50)) - Metrics intern cache overflow at 2011 for MetricsSystem={MetricsSystem=MetricsInfoImpl{name=MetricsSystem, description=MetricsSystem}, MetricsSystem record=MetricsInfoImpl{name=MetricsSystem, description=MetricsSystem record}}
2019-10-02 00:47:53,953 [main] WARN  impl.MetricsSystemImpl (MetricsSystemImpl.java:register(276)) - Sink prometheus already exists!
2019-10-02 00:47:54,017 [main] INFO  server.SCMClientProtocolServer (SCMClientProtocolServer.java:start(150)) - RPC server for Client  is listening at /0.0.0.0:45049
2019-10-02 00:47:54,017 [IPC Server Responder] INFO  ipc.Server (Server.java:run(1314)) - IPC Server Responder: starting
2019-10-02 00:47:54,017 [IPC Server listener on 45049] INFO  ipc.Server (Server.java:run(1153)) - IPC Server listener on 45049: starting
2019-10-02 00:47:54,022 [main] INFO  server.StorageContainerManager (StorageContainerManager.java:start(780)) - ScmBlockLocationProtocol RPC server is listening at /0.0.0.0:46768
2019-10-02 00:47:54,023 [main] INFO  server.SCMBlockProtocolServer (SCMBlockProtocolServer.java:start(146)) - RPC server for Block Protocol is listening at /0.0.0.0:46768
2019-10-02 00:47:54,023 [IPC Server Responder] INFO  ipc.Server (Server.java:run(1314)) - IPC Server Responder: starting
2019-10-02 00:47:54,025 [IPC Server listener on 46768] INFO  ipc.Server (Server.java:run(1153)) - IPC Server listener on 46768: starting
2019-10-02 00:47:54,028 [main] INFO  server.StorageContainerManager (StorageContainerManager.java:start(784)) - ScmDatanodeProtocl RPC server is listening at /0.0.0.0:35343
2019-10-02 00:47:54,029 [main] INFO  server.SCMDatanodeProtocolServer (SCMDatanodeProtocolServer.java:start(191)) - RPC server for DataNodes is listening at /0.0.0.0:35343
2019-10-02 00:47:54,029 [IPC Server Responder] INFO  ipc.Server (Server.java:run(1314)) - IPC Server Responder: starting
2019-10-02 00:47:54,029 [IPC Server listener on 35343] INFO  ipc.Server (Server.java:run(1153)) - IPC Server listener on 35343: starting
2019-10-02 00:47:54,034 [main] INFO  http.HttpServer2 (HttpServer2.java:bindListener(1191)) - Jetty bound to port 32897
2019-10-02 00:47:54,034 [main] INFO  server.Server (Server.java:doStart(351)) - jetty-9.3.25.v20180904, build timestamp: 2018-09-04T21:11:46Z, git hash: 3ce520221d0240229c862b122d2b06c12a625732
2019-10-02 00:47:54,036 [main] INFO  handler.ContextHandler (ContextHandler.java:doStart(781)) - Started o.e.j.s.ServletContextHandler@70a898b0{/logs,file:///workdir/hadoop-ozone/integration-test/target/log,AVAILABLE}
2019-10-02 00:47:54,037 [main] INFO  handler.ContextHandler (ContextHandler.java:doStart(781)) - Started o.e.j.s.ServletContextHandler@54336976{/static,file:///workdir/hadoop-ozone/integration-test/target/test-classes/webapps/static,AVAILABLE}
2019-10-02 00:47:54,042 [main] INFO  handler.ContextHandler (ContextHandler.java:doStart(781)) - Started o.e.j.w.WebAppContext@25f61c2c{/,file:///workdir/hadoop-ozone/integration-test/target/test-classes/webapps/scm/,AVAILABLE}{/scm}
2019-10-02 00:47:54,042 [main] INFO  server.AbstractConnector (AbstractConnector.java:doStart(278)) - Started ServerConnector@72bd2871{HTTP/1.1,[http/1.1]}{0.0.0.0:32897}
2019-10-02 00:47:54,043 [main] INFO  server.Server (Server.java:doStart(419)) - Started @113216ms
2019-10-02 00:47:54,044 [main] WARN  impl.MetricsSystemImpl (MetricsSystemImpl.java:register(276)) - Sink prometheus already exists!
2019-10-02 00:47:54,045 [main] INFO  server.BaseHttpServer (BaseHttpServer.java:updateConnectorAddress(215)) - HTTP server of SCM is listening at http://0.0.0.0:32897
2019-10-02 00:47:54,046 [main] WARN  server.ServerUtils (ServerUtils.java:getDBPath(222)) - ozone.om.db.dirs is not configured. We recommend adding this setting. Falling back to ozone.metadata.dirs instead.
2019-10-02 00:47:54,046 [org.apache.hadoop.util.JvmPauseMonitor$Monitor@2d2b6960] INFO  util.JvmPauseMonitor (JvmPauseMonitor.java:run(188)) - Starting JVM pause monitor
2019-10-02 00:47:54,060 [main] WARN  server.ServerUtils (ServerUtils.java:getDBPath(222)) - ozone.om.db.dirs is not configured. We recommend adding this setting. Falling back to ozone.metadata.dirs instead.
2019-10-02 00:47:54,061 [main] WARN  server.ServerUtils (ServerUtils.java:getDBPath(222)) - ozone.om.db.dirs is not configured. We recommend adding this setting. Falling back to ozone.metadata.dirs instead.
2019-10-02 00:47:54,061 [main] INFO  om.OzoneManager (OzoneManager.java:setOMNodeDetails(652)) - OM Service ID is not set. Setting it to the default ID: omServiceIdDefault
2019-10-02 00:47:54,062 [main] INFO  om.OzoneManager (OzoneManager.java:setOMNodeDetails(658)) - OM Node ID is not set. Setting it to the OmStorage's OmID: 4a046955-9f1a-4b0e-8a13-c06aedfd7af8
2019-10-02 00:47:54,062 [main] INFO  om.OzoneManager (OzoneManager.java:loadOMHAConfigs(609)) - Found matching OM address with OMServiceId: null, OMNodeId: null, RPC Address: localhost:0 and Ratis port: 9872
2019-10-02 00:47:54,070 [main] WARN  server.ServerUtils (ServerUtils.java:getDBPath(222)) - ozone.om.db.dirs is not configured. We recommend adding this setting. Falling back to ozone.metadata.dirs instead.
2019-10-02 00:47:54,071 [main] INFO  db.DBStoreBuilder (DBStoreBuilder.java:addTable(110)) - using custom profile for table: userTable
2019-10-02 00:47:54,071 [main] INFO  db.DBStoreBuilder (DBStoreBuilder.java:processTables(161)) - Using default column profile:DBProfile.DISK for Table:userTable
2019-10-02 00:47:54,072 [main] INFO  db.DBStoreBuilder (DBStoreBuilder.java:addTable(110)) - using custom profile for table: volumeTable
2019-10-02 00:47:54,072 [main] INFO  db.DBStoreBuilder (DBStoreBuilder.java:processTables(161)) - Using default column profile:DBProfile.DISK for Table:volumeTable
2019-10-02 00:47:54,072 [main] INFO  db.DBStoreBuilder (DBStoreBuilder.java:addTable(110)) - using custom profile for table: bucketTable
2019-10-02 00:47:54,072 [main] INFO  db.DBStoreBuilder (DBStoreBuilder.java:processTables(161)) - Using default column profile:DBProfile.DISK for Table:bucketTable
2019-10-02 00:47:54,073 [main] INFO  db.DBStoreBuilder (DBStoreBuilder.java:addTable(110)) - using custom profile for table: keyTable
2019-10-02 00:47:54,073 [main] INFO  db.DBStoreBuilder (DBStoreBuilder.java:processTables(161)) - Using default column profile:DBProfile.DISK for Table:keyTable
2019-10-02 00:47:54,073 [main] INFO  db.DBStoreBuilder (DBStoreBuilder.java:addTable(110)) - using custom profile for table: deletedTable
2019-10-02 00:47:54,073 [main] INFO  db.DBStoreBuilder (DBStoreBuilder.java:processTables(161)) - Using default column profile:DBProfile.DISK for Table:deletedTable
2019-10-02 00:47:54,074 [main] INFO  db.DBStoreBuilder (DBStoreBuilder.java:addTable(110)) - using custom profile for table: openKeyTable
2019-10-02 00:47:54,074 [main] INFO  db.DBStoreBuilder (DBStoreBuilder.java:processTables(161)) - Using default column profile:DBProfile.DISK for Table:openKeyTable
2019-10-02 00:47:54,074 [main] INFO  db.DBStoreBuilder (DBStoreBuilder.java:addTable(110)) - using custom profile for table: s3Table
2019-10-02 00:47:54,074 [main] INFO  db.DBStoreBuilder (DBStoreBuilder.java:processTables(161)) - Using default column profile:DBProfile.DISK for Table:s3Table
2019-10-02 00:47:54,075 [main] INFO  db.DBStoreBuilder (DBStoreBuilder.java:addTable(110)) - using custom profile for table: multipartInfoTable
2019-10-02 00:47:54,075 [main] INFO  db.DBStoreBuilder (DBStoreBuilder.java:processTables(161)) - Using default column profile:DBProfile.DISK for Table:multipartInfoTable
2019-10-02 00:47:54,075 [main] INFO  db.DBStoreBuilder (DBStoreBuilder.java:addTable(110)) - using custom profile for table: dTokenTable
2019-10-02 00:47:54,076 [main] INFO  db.DBStoreBuilder (DBStoreBuilder.java:processTables(161)) - Using default column profile:DBProfile.DISK for Table:dTokenTable
2019-10-02 00:47:54,076 [main] INFO  db.DBStoreBuilder (DBStoreBuilder.java:addTable(110)) - using custom profile for table: s3SecretTable
2019-10-02 00:47:54,076 [main] INFO  db.DBStoreBuilder (DBStoreBuilder.java:processTables(161)) - Using default column profile:DBProfile.DISK for Table:s3SecretTable
2019-10-02 00:47:54,076 [main] INFO  db.DBStoreBuilder (DBStoreBuilder.java:addTable(110)) - using custom profile for table: prefixTable
2019-10-02 00:47:54,077 [main] INFO  db.DBStoreBuilder (DBStoreBuilder.java:processTables(161)) - Using default column profile:DBProfile.DISK for Table:prefixTable
2019-10-02 00:47:54,077 [main] INFO  db.DBStoreBuilder (DBStoreBuilder.java:addTable(110)) - using custom profile for table: default
2019-10-02 00:47:54,077 [main] INFO  db.DBStoreBuilder (DBStoreBuilder.java:processTables(167)) - Using default column profile:DBProfile.DISK for Table:default
2019-10-02 00:47:54,077 [main] INFO  db.DBStoreBuilder (DBStoreBuilder.java:getDbProfile(198)) - Using default options. DBProfile.DISK
2019-10-02 00:47:54,579 [main] INFO  ipc.CallQueueManager (CallQueueManager.java:<init>(84)) - Using callQueue: class java.util.concurrent.LinkedBlockingQueue, queueCapacity: 2000, scheduler: class org.apache.hadoop.ipc.DefaultRpcScheduler, ipcBackoff: false.
2019-10-02 00:47:54,580 [Socket Reader #1 for port 44732] INFO  ipc.Server (Server.java:run(1074)) - Starting Socket Reader #1 for port 44732
2019-10-02 00:47:54,596 [main] INFO  om.OzoneManager (OzoneManager.java:start(1243)) - OzoneManager RPC server is listening at localhost/127.0.0.1:44732
2019-10-02 00:47:54,596 [main] INFO  impl.MetricsSystemImpl (MetricsSystemImpl.java:init(158)) - OzoneManager metrics system started (again)
2019-10-02 00:47:54,597 [IPC Server Responder] INFO  ipc.Server (Server.java:run(1314)) - IPC Server Responder: starting
2019-10-02 00:47:54,597 [IPC Server listener on 44732] INFO  ipc.Server (Server.java:run(1153)) - IPC Server listener on 44732: starting
2019-10-02 00:47:54,604 [main] INFO  hdfs.DFSUtil (DFSUtil.java:httpServerTemplateForNNAndJN(1641)) - Starting Web-server for ozoneManager at: http://0.0.0.0:0
2019-10-02 00:47:54,606 [main] INFO  server.AuthenticationFilter (AuthenticationFilter.java:constructSecretProvider(240)) - Unable to initialize FileSignerSecretProvider, falling back to use random secrets.
2019-10-02 00:47:54,606 [main] WARN  http.HttpRequestLog (HttpRequestLog.java:getRequestLog(97)) - Jetty request log can only be enabled using Log4j
2019-10-02 00:47:54,609 [main] INFO  http.HttpServer2 (HttpServer2.java:addGlobalFilter(975)) - Added global filter 'safety' (class=org.apache.hadoop.http.HttpServer2$QuotingInputFilter)
2019-10-02 00:47:54,610 [main] INFO  http.HttpServer2 (HttpServer2.java:addFilter(948)) - Added filter static_user_filter (class=org.apache.hadoop.http.lib.StaticUserWebFilter$StaticUserFilter) to context ozoneManager
2019-10-02 00:47:54,610 [main] INFO  http.HttpServer2 (HttpServer2.java:addFilter(958)) - Added filter static_user_filter (class=org.apache.hadoop.http.lib.StaticUserWebFilter$StaticUserFilter) to context logs
2019-10-02 00:47:54,610 [main] INFO  http.HttpServer2 (HttpServer2.java:addFilter(958)) - Added filter static_user_filter (class=org.apache.hadoop.http.lib.StaticUserWebFilter$StaticUserFilter) to context static
2019-10-02 00:47:54,611 [main] INFO  http.HttpServer2 (HttpServer2.java:bindListener(1191)) - Jetty bound to port 41310
2019-10-02 00:47:54,611 [main] INFO  server.Server (Server.java:doStart(351)) - jetty-9.3.25.v20180904, build timestamp: 2018-09-04T21:11:46Z, git hash: 3ce520221d0240229c862b122d2b06c12a625732
2019-10-02 00:47:54,613 [main] INFO  handler.ContextHandler (ContextHandler.java:doStart(781)) - Started o.e.j.s.ServletContextHandler@43ecfeb5{/logs,file:///workdir/hadoop-ozone/integration-test/target/log,AVAILABLE}
2019-10-02 00:47:54,614 [main] INFO  handler.ContextHandler (ContextHandler.java:doStart(781)) - Started o.e.j.s.ServletContextHandler@53940e2f{/static,file:///workdir/hadoop-ozone/integration-test/target/test-classes/webapps/static,AVAILABLE}
2019-10-02 00:47:54,619 [main] INFO  handler.ContextHandler (ContextHandler.java:doStart(781)) - Started o.e.j.w.WebAppContext@1235151c{/,file:///workdir/hadoop-ozone/integration-test/target/test-classes/webapps/ozoneManager/,AVAILABLE}{/ozoneManager}
2019-10-02 00:47:54,620 [main] INFO  server.AbstractConnector (AbstractConnector.java:doStart(278)) - Started ServerConnector@5a1f778{HTTP/1.1,[http/1.1]}{0.0.0.0:41310}
2019-10-02 00:47:54,621 [main] INFO  server.Server (Server.java:doStart(419)) - Started @113793ms
2019-10-02 00:47:54,621 [main] WARN  impl.MetricsSystemImpl (MetricsSystemImpl.java:register(276)) - Sink prometheus already exists!
2019-10-02 00:47:54,622 [main] INFO  server.BaseHttpServer (BaseHttpServer.java:updateConnectorAddress(215)) - HTTP server of OZONEMANAGER is listening at http://0.0.0.0:41310
2019-10-02 00:47:54,643 [main] INFO  impl.MetricsSystemImpl (MetricsSystemImpl.java:init(158)) - HddsDatanode metrics system started (again)
2019-10-02 00:47:54,646 [main] INFO  ozone.HddsDatanodeService (HddsDatanodeService.java:start(184)) - HddsDatanodeService host:pr-hdds-1984-s47sn-1814639636 ip:192.168.151.67
2019-10-02 00:47:54,653 [main] INFO  volume.HddsVolume (HddsVolume.java:<init>(176)) - Creating Volume: /workdir/hadoop-ozone/integration-test/target/test-dir/MiniOzoneClusterImpl-788e85c3-1b40-40de-b00b-4bdf35f5c40e/datanode-0/data/containers/hdds of  storage type : DISK and capacity : 1482555576320
2019-10-02 00:47:54,654 [main] INFO  volume.VolumeSet (VolumeSet.java:initializeVolumeSet(170)) - Added Volume : /workdir/hadoop-ozone/integration-test/target/test-dir/MiniOzoneClusterImpl-788e85c3-1b40-40de-b00b-4bdf35f5c40e/datanode-0/data/containers/hdds to VolumeSet
2019-10-02 00:47:54,654 [main] INFO  volume.ThrottledAsyncChecker (ThrottledAsyncChecker.java:schedule(139)) - Scheduling a check for org.apache.hadoop.ozone.container.common.volume.HddsVolume@6393bf8b
2019-10-02 00:47:54,655 [main] INFO  volume.HddsVolumeChecker (HddsVolumeChecker.java:checkAllVolumes(202)) - Scheduled health check for volume org.apache.hadoop.ozone.container.common.volume.HddsVolume@6393bf8b
2019-10-02 00:47:54,675 [main] INFO  impl.RaftServerProxy (ConfUtils.java:logGet(43)) - raft.rpc.type = GRPC (default)
2019-10-02 00:47:54,676 [main] INFO  grpc.GrpcFactory (GrpcFactory.java:checkPooledByteBufAllocatorUseCacheForAllThreads(45)) - PERFORMANCE WARNING: useCacheForAllThreads is true that may cause Netty to create a lot garbage objects and, as a result, trigger GC.
	It is recommended to disable useCacheForAllThreads by setting -Dorg.apache.ratis.thirdparty.io.netty.allocator.useCacheForAllThreads=false in command line.
2019-10-02 00:47:54,676 [main] INFO  grpc.GrpcConfigKeys$Server (ConfUtils.java:logGet(43)) - raft.grpc.server.port = 0 (default)
2019-10-02 00:47:54,677 [main] INFO  server.GrpcService (ConfUtils.java:logGet(43)) - raft.grpc.message.size.max = 33570816 (custom)
2019-10-02 00:47:54,677 [main] INFO  server.RaftServerConfigKeys (ConfUtils.java:logGet(43)) - raft.server.log.appender.buffer.byte-limit = 33554432 (custom)
2019-10-02 00:47:54,677 [main] INFO  server.GrpcService (ConfUtils.java:logGet(43)) - raft.grpc.flow.control.window = 1MB (=1048576) (default)
2019-10-02 00:47:54,678 [main] INFO  server.RaftServerConfigKeys (ConfUtils.java:logGet(43)) - raft.server.rpc.request.timeout = 3000ms (default)
2019-10-02 00:47:54,678 [main] INFO  server.RaftServerConfigKeys (ConfUtils.java:logGet(43)) - raft.server.storage.dir = [/workdir/hadoop-ozone/integration-test/target/test-dir/MiniOzoneClusterImpl-788e85c3-1b40-40de-b00b-4bdf35f5c40e/datanode-0/data/ratis] (custom)
2019-10-02 00:47:54,680 [main] INFO  hdfs.DFSUtil (DFSUtil.java:httpServerTemplateForNNAndJN(1641)) - Starting Web-server for hddsDatanode at: http://0.0.0.0:0
2019-10-02 00:47:54,686 [main] INFO  server.AuthenticationFilter (AuthenticationFilter.java:constructSecretProvider(240)) - Unable to initialize FileSignerSecretProvider, falling back to use random secrets.
2019-10-02 00:47:54,687 [main] WARN  http.HttpRequestLog (HttpRequestLog.java:getRequestLog(97)) - Jetty request log can only be enabled using Log4j
2019-10-02 00:47:54,688 [main] INFO  http.HttpServer2 (HttpServer2.java:addGlobalFilter(975)) - Added global filter 'safety' (class=org.apache.hadoop.http.HttpServer2$QuotingInputFilter)
2019-10-02 00:47:54,689 [main] INFO  http.HttpServer2 (HttpServer2.java:addFilter(948)) - Added filter static_user_filter (class=org.apache.hadoop.http.lib.StaticUserWebFilter$StaticUserFilter) to context hddsDatanode
2019-10-02 00:47:54,689 [main] INFO  http.HttpServer2 (HttpServer2.java:addFilter(958)) - Added filter static_user_filter (class=org.apache.hadoop.http.lib.StaticUserWebFilter$StaticUserFilter) to context logs
2019-10-02 00:47:54,689 [main] INFO  http.HttpServer2 (HttpServer2.java:addFilter(958)) - Added filter static_user_filter (class=org.apache.hadoop.http.lib.StaticUserWebFilter$StaticUserFilter) to context static
2019-10-02 00:47:54,690 [main] INFO  http.HttpServer2 (HttpServer2.java:bindListener(1191)) - Jetty bound to port 44411
2019-10-02 00:47:54,691 [main] INFO  server.Server (Server.java:doStart(351)) - jetty-9.3.25.v20180904, build timestamp: 2018-09-04T21:11:46Z, git hash: 3ce520221d0240229c862b122d2b06c12a625732
2019-10-02 00:47:54,693 [main] INFO  handler.ContextHandler (ContextHandler.java:doStart(781)) - Started o.e.j.s.ServletContextHandler@10244722{/logs,file:///workdir/hadoop-ozone/integration-test/target/log,AVAILABLE}
2019-10-02 00:47:54,694 [main] INFO  handler.ContextHandler (ContextHandler.java:doStart(781)) - Started o.e.j.s.ServletContextHandler@721d8ab5{/static,jar:file:/home/user/.m2/repository/org/apache/hadoop/hadoop-hdds-container-service/0.5.0-SNAPSHOT/hadoop-hdds-container-service-0.5.0-SNAPSHOT.jar!/webapps/static,AVAILABLE}
2019-10-02 00:47:54,733 [main] INFO  handler.ContextHandler (ContextHandler.java:doStart(781)) - Started o.e.j.w.WebAppContext@5ae1c281{/,file:///tmp/jetty-0.0.0.0-44411-hddsDatanode-_-any-7627380017683876064.dir/webapp/,AVAILABLE}{/hddsDatanode}
2019-10-02 00:47:54,733 [main] INFO  server.AbstractConnector (AbstractConnector.java:doStart(278)) - Started ServerConnector@4ac8768e{HTTP/1.1,[http/1.1]}{0.0.0.0:44411}
2019-10-02 00:47:54,737 [main] INFO  server.Server (Server.java:doStart(419)) - Started @113909ms
2019-10-02 00:47:54,737 [main] WARN  impl.MetricsSystemImpl (MetricsSystemImpl.java:register(276)) - Sink prometheus already exists!
2019-10-02 00:47:54,738 [main] INFO  server.BaseHttpServer (BaseHttpServer.java:updateConnectorAddress(215)) - HTTP server of HDDSDATANODE is listening at http://0.0.0.0:44411
2019-10-02 00:47:54,738 [main] INFO  impl.MetricsSystemImpl (MetricsSystemImpl.java:init(158)) - HddsDatanode metrics system started (again)
2019-10-02 00:47:54,741 [org.apache.hadoop.util.JvmPauseMonitor$Monitor@726e8746] INFO  util.JvmPauseMonitor (JvmPauseMonitor.java:run(188)) - Starting JVM pause monitor
2019-10-02 00:47:54,742 [main] INFO  ozone.HddsDatanodeService (HddsDatanodeService.java:start(184)) - HddsDatanodeService host:pr-hdds-1984-s47sn-1814639636 ip:192.168.151.67
2019-10-02 00:47:54,744 [Datanode State Machine Thread - 0] INFO  datanode.InitDatanodeState (InitDatanodeState.java:persistContainerDatanodeDetails(140)) - DatanodeDetails is persisted to /workdir/hadoop-ozone/integration-test/target/test-dir/MiniOzoneClusterImpl-788e85c3-1b40-40de-b00b-4bdf35f5c40e/datanode-0/meta/datanode.id
2019-10-02 00:47:54,749 [main] INFO  volume.HddsVolume (HddsVolume.java:<init>(176)) - Creating Volume: /workdir/hadoop-ozone/integration-test/target/test-dir/MiniOzoneClusterImpl-788e85c3-1b40-40de-b00b-4bdf35f5c40e/datanode-1/data/containers/hdds of  storage type : DISK and capacity : 1482555576320
2019-10-02 00:47:54,749 [main] INFO  volume.VolumeSet (VolumeSet.java:initializeVolumeSet(170)) - Added Volume : /workdir/hadoop-ozone/integration-test/target/test-dir/MiniOzoneClusterImpl-788e85c3-1b40-40de-b00b-4bdf35f5c40e/datanode-1/data/containers/hdds to VolumeSet
2019-10-02 00:47:54,749 [main] INFO  volume.ThrottledAsyncChecker (ThrottledAsyncChecker.java:schedule(139)) - Scheduling a check for org.apache.hadoop.ozone.container.common.volume.HddsVolume@9accff0
2019-10-02 00:47:54,750 [main] INFO  volume.HddsVolumeChecker (HddsVolumeChecker.java:checkAllVolumes(202)) - Scheduled health check for volume org.apache.hadoop.ozone.container.common.volume.HddsVolume@9accff0
2019-10-02 00:47:54,766 [main] INFO  impl.RaftServerProxy (ConfUtils.java:logGet(43)) - raft.rpc.type = GRPC (default)
2019-10-02 00:47:54,766 [main] INFO  grpc.GrpcFactory (GrpcFactory.java:checkPooledByteBufAllocatorUseCacheForAllThreads(45)) - PERFORMANCE WARNING: useCacheForAllThreads is true that may cause Netty to create a lot garbage objects and, as a result, trigger GC.
	It is recommended to disable useCacheForAllThreads by setting -Dorg.apache.ratis.thirdparty.io.netty.allocator.useCacheForAllThreads=false in command line.
2019-10-02 00:47:54,766 [main] INFO  grpc.GrpcConfigKeys$Server (ConfUtils.java:logGet(43)) - raft.grpc.server.port = 0 (default)
2019-10-02 00:47:54,766 [main] INFO  server.GrpcService (ConfUtils.java:logGet(43)) - raft.grpc.message.size.max = 33570816 (custom)
2019-10-02 00:47:54,766 [main] INFO  server.RaftServerConfigKeys (ConfUtils.java:logGet(43)) - raft.server.log.appender.buffer.byte-limit = 33554432 (custom)
2019-10-02 00:47:54,767 [main] INFO  server.GrpcService (ConfUtils.java:logGet(43)) - raft.grpc.flow.control.window = 1MB (=1048576) (default)
2019-10-02 00:47:54,767 [main] INFO  server.RaftServerConfigKeys (ConfUtils.java:logGet(43)) - raft.server.rpc.request.timeout = 3000ms (default)
2019-10-02 00:47:54,767 [main] INFO  server.RaftServerConfigKeys (ConfUtils.java:logGet(43)) - raft.server.storage.dir = [/workdir/hadoop-ozone/integration-test/target/test-dir/MiniOzoneClusterImpl-788e85c3-1b40-40de-b00b-4bdf35f5c40e/datanode-1/data/ratis] (custom)
2019-10-02 00:47:54,770 [main] INFO  hdfs.DFSUtil (DFSUtil.java:httpServerTemplateForNNAndJN(1641)) - Starting Web-server for hddsDatanode at: http://0.0.0.0:0
2019-10-02 00:47:54,771 [main] INFO  server.AuthenticationFilter (AuthenticationFilter.java:constructSecretProvider(240)) - Unable to initialize FileSignerSecretProvider, falling back to use random secrets.
2019-10-02 00:47:54,771 [main] WARN  http.HttpRequestLog (HttpRequestLog.java:getRequestLog(97)) - Jetty request log can only be enabled using Log4j
2019-10-02 00:47:54,773 [main] INFO  http.HttpServer2 (HttpServer2.java:addGlobalFilter(975)) - Added global filter 'safety' (class=org.apache.hadoop.http.HttpServer2$QuotingInputFilter)
2019-10-02 00:47:54,773 [main] INFO  http.HttpServer2 (HttpServer2.java:addFilter(948)) - Added filter static_user_filter (class=org.apache.hadoop.http.lib.StaticUserWebFilter$StaticUserFilter) to context hddsDatanode
2019-10-02 00:47:54,773 [main] INFO  http.HttpServer2 (HttpServer2.java:addFilter(958)) - Added filter static_user_filter (class=org.apache.hadoop.http.lib.StaticUserWebFilter$StaticUserFilter) to context static
2019-10-02 00:47:54,774 [main] INFO  http.HttpServer2 (HttpServer2.java:addFilter(958)) - Added filter static_user_filter (class=org.apache.hadoop.http.lib.StaticUserWebFilter$StaticUserFilter) to context logs
2019-10-02 00:47:54,774 [main] INFO  http.HttpServer2 (HttpServer2.java:bindListener(1191)) - Jetty bound to port 41632
2019-10-02 00:47:54,774 [main] INFO  server.Server (Server.java:doStart(351)) - jetty-9.3.25.v20180904, build timestamp: 2018-09-04T21:11:46Z, git hash: 3ce520221d0240229c862b122d2b06c12a625732
2019-10-02 00:47:54,776 [main] INFO  handler.ContextHandler (ContextHandler.java:doStart(781)) - Started o.e.j.s.ServletContextHandler@606a1bc4{/logs,file:///workdir/hadoop-ozone/integration-test/target/log,AVAILABLE}
2019-10-02 00:47:54,777 [main] INFO  handler.ContextHandler (ContextHandler.java:doStart(781)) - Started o.e.j.s.ServletContextHandler@44dc7b7d{/static,jar:file:/home/user/.m2/repository/org/apache/hadoop/hadoop-hdds-container-service/0.5.0-SNAPSHOT/hadoop-hdds-container-service-0.5.0-SNAPSHOT.jar!/webapps/static,AVAILABLE}
2019-10-02 00:47:54,806 [main] INFO  handler.ContextHandler (ContextHandler.java:doStart(781)) - Started o.e.j.w.WebAppContext@46fb0c33{/,file:///tmp/jetty-0.0.0.0-41632-hddsDatanode-_-any-4632327888729328908.dir/webapp/,AVAILABLE}{/hddsDatanode}
2019-10-02 00:47:54,806 [main] INFO  server.AbstractConnector (AbstractConnector.java:doStart(278)) - Started ServerConnector@3b009e7b{HTTP/1.1,[http/1.1]}{0.0.0.0:41632}
2019-10-02 00:47:54,807 [main] INFO  server.Server (Server.java:doStart(419)) - Started @113979ms
2019-10-02 00:47:54,807 [main] WARN  impl.MetricsSystemImpl (MetricsSystemImpl.java:register(276)) - Sink prometheus already exists!
2019-10-02 00:47:54,808 [main] INFO  server.BaseHttpServer (BaseHttpServer.java:updateConnectorAddress(215)) - HTTP server of HDDSDATANODE is listening at http://0.0.0.0:41632
2019-10-02 00:47:54,808 [main] INFO  impl.MetricsSystemImpl (MetricsSystemImpl.java:init(158)) - HddsDatanode metrics system started (again)
2019-10-02 00:47:54,811 [main] INFO  ozone.HddsDatanodeService (HddsDatanodeService.java:start(184)) - HddsDatanodeService host:pr-hdds-1984-s47sn-1814639636 ip:192.168.151.67
2019-10-02 00:47:54,811 [org.apache.hadoop.util.JvmPauseMonitor$Monitor@5d4703f] INFO  util.JvmPauseMonitor (JvmPauseMonitor.java:run(188)) - Starting JVM pause monitor
2019-10-02 00:47:54,814 [Datanode State Machine Thread - 0] INFO  datanode.InitDatanodeState (InitDatanodeState.java:persistContainerDatanodeDetails(140)) - DatanodeDetails is persisted to /workdir/hadoop-ozone/integration-test/target/test-dir/MiniOzoneClusterImpl-788e85c3-1b40-40de-b00b-4bdf35f5c40e/datanode-1/meta/datanode.id
2019-10-02 00:47:54,818 [main] INFO  volume.HddsVolume (HddsVolume.java:<init>(176)) - Creating Volume: /workdir/hadoop-ozone/integration-test/target/test-dir/MiniOzoneClusterImpl-788e85c3-1b40-40de-b00b-4bdf35f5c40e/datanode-2/data/containers/hdds of  storage type : DISK and capacity : 1482555576320
2019-10-02 00:47:54,819 [main] INFO  volume.VolumeSet (VolumeSet.java:initializeVolumeSet(170)) - Added Volume : /workdir/hadoop-ozone/integration-test/target/test-dir/MiniOzoneClusterImpl-788e85c3-1b40-40de-b00b-4bdf35f5c40e/datanode-2/data/containers/hdds to VolumeSet
2019-10-02 00:47:54,820 [main] INFO  volume.ThrottledAsyncChecker (ThrottledAsyncChecker.java:schedule(139)) - Scheduling a check for org.apache.hadoop.ozone.container.common.volume.HddsVolume@22d7fd41
2019-10-02 00:47:54,821 [main] INFO  volume.HddsVolumeChecker (HddsVolumeChecker.java:checkAllVolumes(202)) - Scheduled health check for volume org.apache.hadoop.ozone.container.common.volume.HddsVolume@22d7fd41
2019-10-02 00:47:54,841 [main] INFO  impl.RaftServerProxy (ConfUtils.java:logGet(43)) - raft.rpc.type = GRPC (default)
2019-10-02 00:47:54,842 [main] INFO  grpc.GrpcFactory (GrpcFactory.java:checkPooledByteBufAllocatorUseCacheForAllThreads(45)) - PERFORMANCE WARNING: useCacheForAllThreads is true that may cause Netty to create a lot garbage objects and, as a result, trigger GC.
	It is recommended to disable useCacheForAllThreads by setting -Dorg.apache.ratis.thirdparty.io.netty.allocator.useCacheForAllThreads=false in command line.
2019-10-02 00:47:54,842 [main] INFO  grpc.GrpcConfigKeys$Server (ConfUtils.java:logGet(43)) - raft.grpc.server.port = 0 (default)
2019-10-02 00:47:54,842 [main] INFO  server.GrpcService (ConfUtils.java:logGet(43)) - raft.grpc.message.size.max = 33570816 (custom)
2019-10-02 00:47:54,843 [main] INFO  server.RaftServerConfigKeys (ConfUtils.java:logGet(43)) - raft.server.log.appender.buffer.byte-limit = 33554432 (custom)
2019-10-02 00:47:54,843 [main] INFO  server.GrpcService (ConfUtils.java:logGet(43)) - raft.grpc.flow.control.window = 1MB (=1048576) (default)
2019-10-02 00:47:54,843 [main] INFO  server.RaftServerConfigKeys (ConfUtils.java:logGet(43)) - raft.server.rpc.request.timeout = 3000ms (default)
2019-10-02 00:47:54,844 [main] INFO  server.RaftServerConfigKeys (ConfUtils.java:logGet(43)) - raft.server.storage.dir = [/workdir/hadoop-ozone/integration-test/target/test-dir/MiniOzoneClusterImpl-788e85c3-1b40-40de-b00b-4bdf35f5c40e/datanode-2/data/ratis] (custom)
2019-10-02 00:47:54,846 [main] INFO  hdfs.DFSUtil (DFSUtil.java:httpServerTemplateForNNAndJN(1641)) - Starting Web-server for hddsDatanode at: http://0.0.0.0:0
2019-10-02 00:47:54,847 [main] INFO  server.AuthenticationFilter (AuthenticationFilter.java:constructSecretProvider(240)) - Unable to initialize FileSignerSecretProvider, falling back to use random secrets.
2019-10-02 00:47:54,848 [main] WARN  http.HttpRequestLog (HttpRequestLog.java:getRequestLog(97)) - Jetty request log can only be enabled using Log4j
2019-10-02 00:47:54,850 [main] INFO  http.HttpServer2 (HttpServer2.java:addGlobalFilter(975)) - Added global filter 'safety' (class=org.apache.hadoop.http.HttpServer2$QuotingInputFilter)
2019-10-02 00:47:54,850 [main] INFO  http.HttpServer2 (HttpServer2.java:addFilter(948)) - Added filter static_user_filter (class=org.apache.hadoop.http.lib.StaticUserWebFilter$StaticUserFilter) to context hddsDatanode
2019-10-02 00:47:54,851 [main] INFO  http.HttpServer2 (HttpServer2.java:addFilter(958)) - Added filter static_user_filter (class=org.apache.hadoop.http.lib.StaticUserWebFilter$StaticUserFilter) to context logs
2019-10-02 00:47:54,851 [main] INFO  http.HttpServer2 (HttpServer2.java:addFilter(958)) - Added filter static_user_filter (class=org.apache.hadoop.http.lib.StaticUserWebFilter$StaticUserFilter) to context static
2019-10-02 00:47:54,852 [main] INFO  http.HttpServer2 (HttpServer2.java:bindListener(1191)) - Jetty bound to port 37516
2019-10-02 00:47:54,852 [main] INFO  server.Server (Server.java:doStart(351)) - jetty-9.3.25.v20180904, build timestamp: 2018-09-04T21:11:46Z, git hash: 3ce520221d0240229c862b122d2b06c12a625732
2019-10-02 00:47:54,854 [main] INFO  handler.ContextHandler (ContextHandler.java:doStart(781)) - Started o.e.j.s.ServletContextHandler@6eb089e6{/logs,file:///workdir/hadoop-ozone/integration-test/target/log,AVAILABLE}
2019-10-02 00:47:54,854 [main] INFO  handler.ContextHandler (ContextHandler.java:doStart(781)) - Started o.e.j.s.ServletContextHandler@3bc69ce9{/static,jar:file:/home/user/.m2/repository/org/apache/hadoop/hadoop-hdds-container-service/0.5.0-SNAPSHOT/hadoop-hdds-container-service-0.5.0-SNAPSHOT.jar!/webapps/static,AVAILABLE}
2019-10-02 00:47:54,897 [main] INFO  handler.ContextHandler (ContextHandler.java:doStart(781)) - Started o.e.j.w.WebAppContext@7741d346{/,file:///tmp/jetty-0.0.0.0-37516-hddsDatanode-_-any-6716898937127004774.dir/webapp/,AVAILABLE}{/hddsDatanode}
2019-10-02 00:47:54,897 [main] INFO  server.AbstractConnector (AbstractConnector.java:doStart(278)) - Started ServerConnector@52454457{HTTP/1.1,[http/1.1]}{0.0.0.0:37516}
2019-10-02 00:47:54,899 [main] INFO  server.Server (Server.java:doStart(419)) - Started @114071ms
2019-10-02 00:47:54,899 [main] WARN  impl.MetricsSystemImpl (MetricsSystemImpl.java:register(276)) - Sink prometheus already exists!
2019-10-02 00:47:54,900 [main] INFO  server.BaseHttpServer (BaseHttpServer.java:updateConnectorAddress(215)) - HTTP server of HDDSDATANODE is listening at http://0.0.0.0:37516
2019-10-02 00:47:54,900 [main] INFO  impl.MetricsSystemImpl (MetricsSystemImpl.java:init(158)) - HddsDatanode metrics system started (again)
2019-10-02 00:47:54,904 [org.apache.hadoop.util.JvmPauseMonitor$Monitor@5ced7ca3] INFO  util.JvmPauseMonitor (JvmPauseMonitor.java:run(188)) - Starting JVM pause monitor
2019-10-02 00:47:54,904 [main] INFO  ozone.HddsDatanodeService (HddsDatanodeService.java:start(184)) - HddsDatanodeService host:pr-hdds-1984-s47sn-1814639636 ip:192.168.151.67
2019-10-02 00:47:54,906 [Datanode State Machine Thread - 0] INFO  datanode.InitDatanodeState (InitDatanodeState.java:persistContainerDatanodeDetails(140)) - DatanodeDetails is persisted to /workdir/hadoop-ozone/integration-test/target/test-dir/MiniOzoneClusterImpl-788e85c3-1b40-40de-b00b-4bdf35f5c40e/datanode-2/meta/datanode.id
2019-10-02 00:47:54,911 [main] INFO  volume.HddsVolume (HddsVolume.java:<init>(176)) - Creating Volume: /workdir/hadoop-ozone/integration-test/target/test-dir/MiniOzoneClusterImpl-788e85c3-1b40-40de-b00b-4bdf35f5c40e/datanode-3/data/containers/hdds of  storage type : DISK and capacity : 1482555576320
2019-10-02 00:47:54,911 [main] INFO  volume.VolumeSet (VolumeSet.java:initializeVolumeSet(170)) - Added Volume : /workdir/hadoop-ozone/integration-test/target/test-dir/MiniOzoneClusterImpl-788e85c3-1b40-40de-b00b-4bdf35f5c40e/datanode-3/data/containers/hdds to VolumeSet
2019-10-02 00:47:54,911 [main] INFO  volume.ThrottledAsyncChecker (ThrottledAsyncChecker.java:schedule(139)) - Scheduling a check for org.apache.hadoop.ozone.container.common.volume.HddsVolume@7a682d35
2019-10-02 00:47:54,912 [main] INFO  volume.HddsVolumeChecker (HddsVolumeChecker.java:checkAllVolumes(202)) - Scheduled health check for volume org.apache.hadoop.ozone.container.common.volume.HddsVolume@7a682d35
2019-10-02 00:47:54,927 [main] INFO  impl.RaftServerProxy (ConfUtils.java:logGet(43)) - raft.rpc.type = GRPC (default)
2019-10-02 00:47:54,928 [main] INFO  grpc.GrpcFactory (GrpcFactory.java:checkPooledByteBufAllocatorUseCacheForAllThreads(45)) - PERFORMANCE WARNING: useCacheForAllThreads is true that may cause Netty to create a lot garbage objects and, as a result, trigger GC.
	It is recommended to disable useCacheForAllThreads by setting -Dorg.apache.ratis.thirdparty.io.netty.allocator.useCacheForAllThreads=false in command line.
2019-10-02 00:47:54,928 [main] INFO  grpc.GrpcConfigKeys$Server (ConfUtils.java:logGet(43)) - raft.grpc.server.port = 0 (default)
2019-10-02 00:47:54,928 [main] INFO  server.GrpcService (ConfUtils.java:logGet(43)) - raft.grpc.message.size.max = 33570816 (custom)
2019-10-02 00:47:54,928 [main] INFO  server.RaftServerConfigKeys (ConfUtils.java:logGet(43)) - raft.server.log.appender.buffer.byte-limit = 33554432 (custom)
2019-10-02 00:47:54,929 [main] INFO  server.GrpcService (ConfUtils.java:logGet(43)) - raft.grpc.flow.control.window = 1MB (=1048576) (default)
2019-10-02 00:47:54,929 [main] INFO  server.RaftServerConfigKeys (ConfUtils.java:logGet(43)) - raft.server.rpc.request.timeout = 3000ms (default)
2019-10-02 00:47:54,930 [main] INFO  server.RaftServerConfigKeys (ConfUtils.java:logGet(43)) - raft.server.storage.dir = [/workdir/hadoop-ozone/integration-test/target/test-dir/MiniOzoneClusterImpl-788e85c3-1b40-40de-b00b-4bdf35f5c40e/datanode-3/data/ratis] (custom)
2019-10-02 00:47:54,931 [main] INFO  hdfs.DFSUtil (DFSUtil.java:httpServerTemplateForNNAndJN(1641)) - Starting Web-server for hddsDatanode at: http://0.0.0.0:0
2019-10-02 00:47:54,932 [main] INFO  server.AuthenticationFilter (AuthenticationFilter.java:constructSecretProvider(240)) - Unable to initialize FileSignerSecretProvider, falling back to use random secrets.
2019-10-02 00:47:54,933 [main] WARN  http.HttpRequestLog (HttpRequestLog.java:getRequestLog(97)) - Jetty request log can only be enabled using Log4j
2019-10-02 00:47:54,935 [main] INFO  http.HttpServer2 (HttpServer2.java:addGlobalFilter(975)) - Added global filter 'safety' (class=org.apache.hadoop.http.HttpServer2$QuotingInputFilter)
2019-10-02 00:47:54,935 [main] INFO  http.HttpServer2 (HttpServer2.java:addFilter(948)) - Added filter static_user_filter (class=org.apache.hadoop.http.lib.StaticUserWebFilter$StaticUserFilter) to context hddsDatanode
2019-10-02 00:47:54,935 [main] INFO  http.HttpServer2 (HttpServer2.java:addFilter(958)) - Added filter static_user_filter (class=org.apache.hadoop.http.lib.StaticUserWebFilter$StaticUserFilter) to context logs
2019-10-02 00:47:54,936 [main] INFO  http.HttpServer2 (HttpServer2.java:addFilter(958)) - Added filter static_user_filter (class=org.apache.hadoop.http.lib.StaticUserWebFilter$StaticUserFilter) to context static
2019-10-02 00:47:54,936 [main] INFO  http.HttpServer2 (HttpServer2.java:bindListener(1191)) - Jetty bound to port 34489
2019-10-02 00:47:54,937 [main] INFO  server.Server (Server.java:doStart(351)) - jetty-9.3.25.v20180904, build timestamp: 2018-09-04T21:11:46Z, git hash: 3ce520221d0240229c862b122d2b06c12a625732
2019-10-02 00:47:54,939 [main] INFO  handler.ContextHandler (ContextHandler.java:doStart(781)) - Started o.e.j.s.ServletContextHandler@4538856f{/logs,file:///workdir/hadoop-ozone/integration-test/target/log,AVAILABLE}
2019-10-02 00:47:54,939 [main] INFO  handler.ContextHandler (ContextHandler.java:doStart(781)) - Started o.e.j.s.ServletContextHandler@74b86971{/static,jar:file:/home/user/.m2/repository/org/apache/hadoop/hadoop-hdds-container-service/0.5.0-SNAPSHOT/hadoop-hdds-container-service-0.5.0-SNAPSHOT.jar!/webapps/static,AVAILABLE}
2019-10-02 00:47:54,980 [main] INFO  handler.ContextHandler (ContextHandler.java:doStart(781)) - Started o.e.j.w.WebAppContext@286855ea{/,file:///tmp/jetty-0.0.0.0-34489-hddsDatanode-_-any-496868659727921705.dir/webapp/,AVAILABLE}{/hddsDatanode}
2019-10-02 00:47:54,981 [main] INFO  server.AbstractConnector (AbstractConnector.java:doStart(278)) - Started ServerConnector@64aeaf29{HTTP/1.1,[http/1.1]}{0.0.0.0:34489}
2019-10-02 00:47:54,982 [main] INFO  server.Server (Server.java:doStart(419)) - Started @114154ms
2019-10-02 00:47:54,982 [main] WARN  impl.MetricsSystemImpl (MetricsSystemImpl.java:register(276)) - Sink prometheus already exists!
2019-10-02 00:47:54,983 [main] INFO  server.BaseHttpServer (BaseHttpServer.java:updateConnectorAddress(215)) - HTTP server of HDDSDATANODE is listening at http://0.0.0.0:34489
2019-10-02 00:47:54,983 [main] INFO  impl.MetricsSystemImpl (MetricsSystemImpl.java:init(158)) - HddsDatanode metrics system started (again)
2019-10-02 00:47:54,987 [org.apache.hadoop.util.JvmPauseMonitor$Monitor@4ca65439] INFO  util.JvmPauseMonitor (JvmPauseMonitor.java:run(188)) - Starting JVM pause monitor
2019-10-02 00:47:54,988 [main] INFO  ozone.HddsDatanodeService (HddsDatanodeService.java:start(184)) - HddsDatanodeService host:pr-hdds-1984-s47sn-1814639636 ip:192.168.151.67
2019-10-02 00:47:54,988 [Datanode State Machine Thread - 0] INFO  datanode.InitDatanodeState (InitDatanodeState.java:persistContainerDatanodeDetails(140)) - DatanodeDetails is persisted to /workdir/hadoop-ozone/integration-test/target/test-dir/MiniOzoneClusterImpl-788e85c3-1b40-40de-b00b-4bdf35f5c40e/datanode-3/meta/datanode.id
2019-10-02 00:47:54,999 [main] INFO  volume.HddsVolume (HddsVolume.java:<init>(176)) - Creating Volume: /workdir/hadoop-ozone/integration-test/target/test-dir/MiniOzoneClusterImpl-788e85c3-1b40-40de-b00b-4bdf35f5c40e/datanode-4/data/containers/hdds of  storage type : DISK and capacity : 1482555576320
2019-10-02 00:47:54,999 [main] INFO  volume.VolumeSet (VolumeSet.java:initializeVolumeSet(170)) - Added Volume : /workdir/hadoop-ozone/integration-test/target/test-dir/MiniOzoneClusterImpl-788e85c3-1b40-40de-b00b-4bdf35f5c40e/datanode-4/data/containers/hdds to VolumeSet
2019-10-02 00:47:54,999 [main] INFO  volume.ThrottledAsyncChecker (ThrottledAsyncChecker.java:schedule(139)) - Scheduling a check for org.apache.hadoop.ozone.container.common.volume.HddsVolume@45843650
2019-10-02 00:47:55,000 [main] INFO  volume.HddsVolumeChecker (HddsVolumeChecker.java:checkAllVolumes(202)) - Scheduled health check for volume org.apache.hadoop.ozone.container.common.volume.HddsVolume@45843650
2019-10-02 00:47:55,016 [main] INFO  impl.RaftServerProxy (ConfUtils.java:logGet(43)) - raft.rpc.type = GRPC (default)
2019-10-02 00:47:55,017 [main] INFO  grpc.GrpcFactory (GrpcFactory.java:checkPooledByteBufAllocatorUseCacheForAllThreads(45)) - PERFORMANCE WARNING: useCacheForAllThreads is true that may cause Netty to create a lot garbage objects and, as a result, trigger GC.
	It is recommended to disable useCacheForAllThreads by setting -Dorg.apache.ratis.thirdparty.io.netty.allocator.useCacheForAllThreads=false in command line.
2019-10-02 00:47:55,017 [main] INFO  grpc.GrpcConfigKeys$Server (ConfUtils.java:logGet(43)) - raft.grpc.server.port = 0 (default)
2019-10-02 00:47:55,017 [main] INFO  server.GrpcService (ConfUtils.java:logGet(43)) - raft.grpc.message.size.max = 33570816 (custom)
2019-10-02 00:47:55,017 [main] INFO  server.RaftServerConfigKeys (ConfUtils.java:logGet(43)) - raft.server.log.appender.buffer.byte-limit = 33554432 (custom)
2019-10-02 00:47:55,018 [main] INFO  server.GrpcService (ConfUtils.java:logGet(43)) - raft.grpc.flow.control.window = 1MB (=1048576) (default)
2019-10-02 00:47:55,018 [main] INFO  server.RaftServerConfigKeys (ConfUtils.java:logGet(43)) - raft.server.rpc.request.timeout = 3000ms (default)
2019-10-02 00:47:55,019 [main] INFO  server.RaftServerConfigKeys (ConfUtils.java:logGet(43)) - raft.server.storage.dir = [/workdir/hadoop-ozone/integration-test/target/test-dir/MiniOzoneClusterImpl-788e85c3-1b40-40de-b00b-4bdf35f5c40e/datanode-4/data/ratis] (custom)
2019-10-02 00:47:55,020 [main] INFO  hdfs.DFSUtil (DFSUtil.java:httpServerTemplateForNNAndJN(1641)) - Starting Web-server for hddsDatanode at: http://0.0.0.0:0
2019-10-02 00:47:55,022 [main] INFO  server.AuthenticationFilter (AuthenticationFilter.java:constructSecretProvider(240)) - Unable to initialize FileSignerSecretProvider, falling back to use random secrets.
2019-10-02 00:47:55,022 [main] WARN  http.HttpRequestLog (HttpRequestLog.java:getRequestLog(97)) - Jetty request log can only be enabled using Log4j
2019-10-02 00:47:55,024 [main] INFO  http.HttpServer2 (HttpServer2.java:addGlobalFilter(975)) - Added global filter 'safety' (class=org.apache.hadoop.http.HttpServer2$QuotingInputFilter)
2019-10-02 00:47:55,025 [main] INFO  http.HttpServer2 (HttpServer2.java:addFilter(948)) - Added filter static_user_filter (class=org.apache.hadoop.http.lib.StaticUserWebFilter$StaticUserFilter) to context hddsDatanode
2019-10-02 00:47:55,025 [main] INFO  http.HttpServer2 (HttpServer2.java:addFilter(958)) - Added filter static_user_filter (class=org.apache.hadoop.http.lib.StaticUserWebFilter$StaticUserFilter) to context static
2019-10-02 00:47:55,025 [main] INFO  http.HttpServer2 (HttpServer2.java:addFilter(958)) - Added filter static_user_filter (class=org.apache.hadoop.http.lib.StaticUserWebFilter$StaticUserFilter) to context logs
2019-10-02 00:47:55,026 [main] INFO  http.HttpServer2 (HttpServer2.java:bindListener(1191)) - Jetty bound to port 41854
2019-10-02 00:47:55,026 [main] INFO  server.Server (Server.java:doStart(351)) - jetty-9.3.25.v20180904, build timestamp: 2018-09-04T21:11:46Z, git hash: 3ce520221d0240229c862b122d2b06c12a625732
2019-10-02 00:47:55,028 [main] INFO  handler.ContextHandler (ContextHandler.java:doStart(781)) - Started o.e.j.s.ServletContextHandler@2ba1209b{/logs,file:///workdir/hadoop-ozone/integration-test/target/log,AVAILABLE}
2019-10-02 00:47:55,029 [main] INFO  handler.ContextHandler (ContextHandler.java:doStart(781)) - Started o.e.j.s.ServletContextHandler@58fd1214{/static,jar:file:/home/user/.m2/repository/org/apache/hadoop/hadoop-hdds-container-service/0.5.0-SNAPSHOT/hadoop-hdds-container-service-0.5.0-SNAPSHOT.jar!/webapps/static,AVAILABLE}
2019-10-02 00:47:55,068 [main] INFO  handler.ContextHandler (ContextHandler.java:doStart(781)) - Started o.e.j.w.WebAppContext@588545ac{/,file:///tmp/jetty-0.0.0.0-41854-hddsDatanode-_-any-1548466926595419332.dir/webapp/,AVAILABLE}{/hddsDatanode}
2019-10-02 00:47:55,069 [main] INFO  server.AbstractConnector (AbstractConnector.java:doStart(278)) - Started ServerConnector@2b08772d{HTTP/1.1,[http/1.1]}{0.0.0.0:41854}
2019-10-02 00:47:55,070 [main] INFO  server.Server (Server.java:doStart(419)) - Started @114242ms
2019-10-02 00:47:55,070 [main] WARN  impl.MetricsSystemImpl (MetricsSystemImpl.java:register(276)) - Sink prometheus already exists!
2019-10-02 00:47:55,071 [main] INFO  server.BaseHttpServer (BaseHttpServer.java:updateConnectorAddress(215)) - HTTP server of HDDSDATANODE is listening at http://0.0.0.0:41854
2019-10-02 00:47:55,071 [main] INFO  impl.MetricsSystemImpl (MetricsSystemImpl.java:init(158)) - HddsDatanode metrics system started (again)
2019-10-02 00:47:55,075 [org.apache.hadoop.util.JvmPauseMonitor$Monitor@4504c964] INFO  util.JvmPauseMonitor (JvmPauseMonitor.java:run(188)) - Starting JVM pause monitor
2019-10-02 00:47:55,076 [main] INFO  ozone.HddsDatanodeService (HddsDatanodeService.java:start(184)) - HddsDatanodeService host:pr-hdds-1984-s47sn-1814639636 ip:192.168.151.67
2019-10-02 00:47:55,077 [Datanode State Machine Thread - 0] INFO  datanode.InitDatanodeState (InitDatanodeState.java:persistContainerDatanodeDetails(140)) - DatanodeDetails is persisted to /workdir/hadoop-ozone/integration-test/target/test-dir/MiniOzoneClusterImpl-788e85c3-1b40-40de-b00b-4bdf35f5c40e/datanode-4/meta/datanode.id
2019-10-02 00:47:55,082 [main] INFO  volume.HddsVolume (HddsVolume.java:<init>(176)) - Creating Volume: /workdir/hadoop-ozone/integration-test/target/test-dir/MiniOzoneClusterImpl-788e85c3-1b40-40de-b00b-4bdf35f5c40e/datanode-5/data/containers/hdds of  storage type : DISK and capacity : 1482555576320
2019-10-02 00:47:55,082 [main] INFO  volume.VolumeSet (VolumeSet.java:initializeVolumeSet(170)) - Added Volume : /workdir/hadoop-ozone/integration-test/target/test-dir/MiniOzoneClusterImpl-788e85c3-1b40-40de-b00b-4bdf35f5c40e/datanode-5/data/containers/hdds to VolumeSet
2019-10-02 00:47:55,083 [main] INFO  volume.ThrottledAsyncChecker (ThrottledAsyncChecker.java:schedule(139)) - Scheduling a check for org.apache.hadoop.ozone.container.common.volume.HddsVolume@5042e3d0
2019-10-02 00:47:55,083 [main] INFO  volume.HddsVolumeChecker (HddsVolumeChecker.java:checkAllVolumes(202)) - Scheduled health check for volume org.apache.hadoop.ozone.container.common.volume.HddsVolume@5042e3d0
2019-10-02 00:47:55,097 [main] INFO  impl.RaftServerProxy (ConfUtils.java:logGet(43)) - raft.rpc.type = GRPC (default)
2019-10-02 00:47:55,098 [main] INFO  grpc.GrpcFactory (GrpcFactory.java:checkPooledByteBufAllocatorUseCacheForAllThreads(45)) - PERFORMANCE WARNING: useCacheForAllThreads is true that may cause Netty to create a lot garbage objects and, as a result, trigger GC.
	It is recommended to disable useCacheForAllThreads by setting -Dorg.apache.ratis.thirdparty.io.netty.allocator.useCacheForAllThreads=false in command line.
2019-10-02 00:47:55,098 [main] INFO  grpc.GrpcConfigKeys$Server (ConfUtils.java:logGet(43)) - raft.grpc.server.port = 0 (default)
2019-10-02 00:47:55,098 [main] INFO  server.GrpcService (ConfUtils.java:logGet(43)) - raft.grpc.message.size.max = 33570816 (custom)
2019-10-02 00:47:55,098 [main] INFO  server.RaftServerConfigKeys (ConfUtils.java:logGet(43)) - raft.server.log.appender.buffer.byte-limit = 33554432 (custom)
2019-10-02 00:47:55,099 [main] INFO  server.GrpcService (ConfUtils.java:logGet(43)) - raft.grpc.flow.control.window = 1MB (=1048576) (default)
2019-10-02 00:47:55,099 [main] INFO  server.RaftServerConfigKeys (ConfUtils.java:logGet(43)) - raft.server.rpc.request.timeout = 3000ms (default)
2019-10-02 00:47:55,099 [main] INFO  server.RaftServerConfigKeys (ConfUtils.java:logGet(43)) - raft.server.storage.dir = [/workdir/hadoop-ozone/integration-test/target/test-dir/MiniOzoneClusterImpl-788e85c3-1b40-40de-b00b-4bdf35f5c40e/datanode-5/data/ratis] (custom)
2019-10-02 00:47:55,101 [main] INFO  hdfs.DFSUtil (DFSUtil.java:httpServerTemplateForNNAndJN(1641)) - Starting Web-server for hddsDatanode at: http://0.0.0.0:0
2019-10-02 00:47:55,102 [main] INFO  server.AuthenticationFilter (AuthenticationFilter.java:constructSecretProvider(240)) - Unable to initialize FileSignerSecretProvider, falling back to use random secrets.
2019-10-02 00:47:55,103 [main] WARN  http.HttpRequestLog (HttpRequestLog.java:getRequestLog(97)) - Jetty request log can only be enabled using Log4j
2019-10-02 00:47:55,104 [main] INFO  http.HttpServer2 (HttpServer2.java:addGlobalFilter(975)) - Added global filter 'safety' (class=org.apache.hadoop.http.HttpServer2$QuotingInputFilter)
2019-10-02 00:47:55,105 [main] INFO  http.HttpServer2 (HttpServer2.java:addFilter(948)) - Added filter static_user_filter (class=org.apache.hadoop.http.lib.StaticUserWebFilter$StaticUserFilter) to context hddsDatanode
2019-10-02 00:47:55,105 [main] INFO  http.HttpServer2 (HttpServer2.java:addFilter(958)) - Added filter static_user_filter (class=org.apache.hadoop.http.lib.StaticUserWebFilter$StaticUserFilter) to context static
2019-10-02 00:47:55,105 [main] INFO  http.HttpServer2 (HttpServer2.java:addFilter(958)) - Added filter static_user_filter (class=org.apache.hadoop.http.lib.StaticUserWebFilter$StaticUserFilter) to context logs
2019-10-02 00:47:55,106 [main] INFO  http.HttpServer2 (HttpServer2.java:bindListener(1191)) - Jetty bound to port 34333
2019-10-02 00:47:55,106 [main] INFO  server.Server (Server.java:doStart(351)) - jetty-9.3.25.v20180904, build timestamp: 2018-09-04T21:11:46Z, git hash: 3ce520221d0240229c862b122d2b06c12a625732
2019-10-02 00:47:55,107 [main] INFO  handler.ContextHandler (ContextHandler.java:doStart(781)) - Started o.e.j.s.ServletContextHandler@5a0e0886{/logs,file:///workdir/hadoop-ozone/integration-test/target/log,AVAILABLE}
2019-10-02 00:47:55,108 [main] INFO  handler.ContextHandler (ContextHandler.java:doStart(781)) - Started o.e.j.s.ServletContextHandler@4293e066{/static,jar:file:/home/user/.m2/repository/org/apache/hadoop/hadoop-hdds-container-service/0.5.0-SNAPSHOT/hadoop-hdds-container-service-0.5.0-SNAPSHOT.jar!/webapps/static,AVAILABLE}
2019-10-02 00:47:55,137 [main] INFO  handler.ContextHandler (ContextHandler.java:doStart(781)) - Started o.e.j.w.WebAppContext@11d2dd2d{/,file:///tmp/jetty-0.0.0.0-34333-hddsDatanode-_-any-6993152528434182807.dir/webapp/,AVAILABLE}{/hddsDatanode}
2019-10-02 00:47:55,138 [main] INFO  server.AbstractConnector (AbstractConnector.java:doStart(278)) - Started ServerConnector@cde8c6c{HTTP/1.1,[http/1.1]}{0.0.0.0:34333}
2019-10-02 00:47:55,140 [main] INFO  server.Server (Server.java:doStart(419)) - Started @114312ms
2019-10-02 00:47:55,140 [main] WARN  impl.MetricsSystemImpl (MetricsSystemImpl.java:register(276)) - Sink prometheus already exists!
2019-10-02 00:47:55,141 [main] INFO  server.BaseHttpServer (BaseHttpServer.java:updateConnectorAddress(215)) - HTTP server of HDDSDATANODE is listening at http://0.0.0.0:34333
2019-10-02 00:47:55,141 [main] INFO  impl.MetricsSystemImpl (MetricsSystemImpl.java:init(158)) - HddsDatanode metrics system started (again)
2019-10-02 00:47:55,145 [org.apache.hadoop.util.JvmPauseMonitor$Monitor@22113a2a] INFO  util.JvmPauseMonitor (JvmPauseMonitor.java:run(188)) - Starting JVM pause monitor
2019-10-02 00:47:55,146 [main] INFO  ozone.HddsDatanodeService (HddsDatanodeService.java:start(184)) - HddsDatanodeService host:pr-hdds-1984-s47sn-1814639636 ip:192.168.151.67
2019-10-02 00:47:55,147 [Datanode State Machine Thread - 0] INFO  datanode.InitDatanodeState (InitDatanodeState.java:persistContainerDatanodeDetails(140)) - DatanodeDetails is persisted to /workdir/hadoop-ozone/integration-test/target/test-dir/MiniOzoneClusterImpl-788e85c3-1b40-40de-b00b-4bdf35f5c40e/datanode-5/meta/datanode.id
2019-10-02 00:47:55,153 [main] INFO  volume.HddsVolume (HddsVolume.java:<init>(176)) - Creating Volume: /workdir/hadoop-ozone/integration-test/target/test-dir/MiniOzoneClusterImpl-788e85c3-1b40-40de-b00b-4bdf35f5c40e/datanode-6/data/containers/hdds of  storage type : DISK and capacity : 1482555576320
2019-10-02 00:47:55,153 [main] INFO  volume.VolumeSet (VolumeSet.java:initializeVolumeSet(170)) - Added Volume : /workdir/hadoop-ozone/integration-test/target/test-dir/MiniOzoneClusterImpl-788e85c3-1b40-40de-b00b-4bdf35f5c40e/datanode-6/data/containers/hdds to VolumeSet
2019-10-02 00:47:55,153 [main] INFO  volume.ThrottledAsyncChecker (ThrottledAsyncChecker.java:schedule(139)) - Scheduling a check for org.apache.hadoop.ozone.container.common.volume.HddsVolume@125d47c4
2019-10-02 00:47:55,154 [main] INFO  volume.HddsVolumeChecker (HddsVolumeChecker.java:checkAllVolumes(202)) - Scheduled health check for volume org.apache.hadoop.ozone.container.common.volume.HddsVolume@125d47c4
2019-10-02 00:47:55,169 [main] INFO  impl.RaftServerProxy (ConfUtils.java:logGet(43)) - raft.rpc.type = GRPC (default)
2019-10-02 00:47:55,169 [main] INFO  grpc.GrpcFactory (GrpcFactory.java:checkPooledByteBufAllocatorUseCacheForAllThreads(45)) - PERFORMANCE WARNING: useCacheForAllThreads is true that may cause Netty to create a lot garbage objects and, as a result, trigger GC.
	It is recommended to disable useCacheForAllThreads by setting -Dorg.apache.ratis.thirdparty.io.netty.allocator.useCacheForAllThreads=false in command line.
2019-10-02 00:47:55,169 [main] INFO  grpc.GrpcConfigKeys$Server (ConfUtils.java:logGet(43)) - raft.grpc.server.port = 0 (default)
2019-10-02 00:47:55,169 [main] INFO  server.GrpcService (ConfUtils.java:logGet(43)) - raft.grpc.message.size.max = 33570816 (custom)
2019-10-02 00:47:55,170 [main] INFO  server.RaftServerConfigKeys (ConfUtils.java:logGet(43)) - raft.server.log.appender.buffer.byte-limit = 33554432 (custom)
2019-10-02 00:47:55,170 [main] INFO  server.GrpcService (ConfUtils.java:logGet(43)) - raft.grpc.flow.control.window = 1MB (=1048576) (default)
2019-10-02 00:47:55,170 [main] INFO  server.RaftServerConfigKeys (ConfUtils.java:logGet(43)) - raft.server.rpc.request.timeout = 3000ms (default)
2019-10-02 00:47:55,170 [main] INFO  server.RaftServerConfigKeys (ConfUtils.java:logGet(43)) - raft.server.storage.dir = [/workdir/hadoop-ozone/integration-test/target/test-dir/MiniOzoneClusterImpl-788e85c3-1b40-40de-b00b-4bdf35f5c40e/datanode-6/data/ratis] (custom)
2019-10-02 00:47:55,172 [main] INFO  hdfs.DFSUtil (DFSUtil.java:httpServerTemplateForNNAndJN(1641)) - Starting Web-server for hddsDatanode at: http://0.0.0.0:0
2019-10-02 00:47:55,173 [main] INFO  server.AuthenticationFilter (AuthenticationFilter.java:constructSecretProvider(240)) - Unable to initialize FileSignerSecretProvider, falling back to use random secrets.
2019-10-02 00:47:55,173 [main] WARN  http.HttpRequestLog (HttpRequestLog.java:getRequestLog(97)) - Jetty request log can only be enabled using Log4j
2019-10-02 00:47:55,175 [main] INFO  http.HttpServer2 (HttpServer2.java:addGlobalFilter(975)) - Added global filter 'safety' (class=org.apache.hadoop.http.HttpServer2$QuotingInputFilter)
2019-10-02 00:47:55,175 [main] INFO  http.HttpServer2 (HttpServer2.java:addFilter(948)) - Added filter static_user_filter (class=org.apache.hadoop.http.lib.StaticUserWebFilter$StaticUserFilter) to context hddsDatanode
2019-10-02 00:47:55,175 [main] INFO  http.HttpServer2 (HttpServer2.java:addFilter(958)) - Added filter static_user_filter (class=org.apache.hadoop.http.lib.StaticUserWebFilter$StaticUserFilter) to context static
2019-10-02 00:47:55,176 [main] INFO  http.HttpServer2 (HttpServer2.java:addFilter(958)) - Added filter static_user_filter (class=org.apache.hadoop.http.lib.StaticUserWebFilter$StaticUserFilter) to context logs
2019-10-02 00:47:55,176 [main] INFO  http.HttpServer2 (HttpServer2.java:bindListener(1191)) - Jetty bound to port 35849
2019-10-02 00:47:55,176 [main] INFO  server.Server (Server.java:doStart(351)) - jetty-9.3.25.v20180904, build timestamp: 2018-09-04T21:11:46Z, git hash: 3ce520221d0240229c862b122d2b06c12a625732
2019-10-02 00:47:55,178 [main] INFO  handler.ContextHandler (ContextHandler.java:doStart(781)) - Started o.e.j.s.ServletContextHandler@62b475e2{/logs,file:///workdir/hadoop-ozone/integration-test/target/log,AVAILABLE}
2019-10-02 00:47:55,178 [main] INFO  handler.ContextHandler (ContextHandler.java:doStart(781)) - Started o.e.j.s.ServletContextHandler@1c61eda5{/static,jar:file:/home/user/.m2/repository/org/apache/hadoop/hadoop-hdds-container-service/0.5.0-SNAPSHOT/hadoop-hdds-container-service-0.5.0-SNAPSHOT.jar!/webapps/static,AVAILABLE}
2019-10-02 00:47:55,220 [main] INFO  handler.ContextHandler (ContextHandler.java:doStart(781)) - Started o.e.j.w.WebAppContext@62b3a2f6{/,file:///tmp/jetty-0.0.0.0-35849-hddsDatanode-_-any-4034149111105952534.dir/webapp/,AVAILABLE}{/hddsDatanode}
2019-10-02 00:47:55,221 [main] INFO  server.AbstractConnector (AbstractConnector.java:doStart(278)) - Started ServerConnector@202898d7{HTTP/1.1,[http/1.1]}{0.0.0.0:35849}
2019-10-02 00:47:55,223 [main] INFO  server.Server (Server.java:doStart(419)) - Started @114395ms
2019-10-02 00:47:55,223 [main] WARN  impl.MetricsSystemImpl (MetricsSystemImpl.java:register(276)) - Sink prometheus already exists!
2019-10-02 00:47:55,224 [main] INFO  server.BaseHttpServer (BaseHttpServer.java:updateConnectorAddress(215)) - HTTP server of HDDSDATANODE is listening at http://0.0.0.0:35849
2019-10-02 00:47:55,224 [main] INFO  ozone.MiniOzoneClusterImpl (MiniOzoneClusterImpl.java:lambda$waitForClusterToBeReady$0(147)) - Waiting for cluster to be ready. Got 0 of 7 DN Heartbeats.
2019-10-02 00:47:55,226 [org.apache.hadoop.util.JvmPauseMonitor$Monitor@6872b087] INFO  util.JvmPauseMonitor (JvmPauseMonitor.java:run(188)) - Starting JVM pause monitor
2019-10-02 00:47:55,228 [Datanode State Machine Thread - 0] INFO  datanode.InitDatanodeState (InitDatanodeState.java:persistContainerDatanodeDetails(140)) - DatanodeDetails is persisted to /workdir/hadoop-ozone/integration-test/target/test-dir/MiniOzoneClusterImpl-788e85c3-1b40-40de-b00b-4bdf35f5c40e/datanode-6/meta/datanode.id
2019-10-02 00:47:56,225 [main] INFO  ozone.MiniOzoneClusterImpl (MiniOzoneClusterImpl.java:lambda$waitForClusterToBeReady$0(147)) - Waiting for cluster to be ready. Got 0 of 7 DN Heartbeats.
2019-10-02 00:47:56,770 [Datanode State Machine Thread - 0] INFO  ozoneimpl.OzoneContainer (OzoneContainer.java:start(217)) - Attempting to start container services.
2019-10-02 00:47:56,771 [Datanode State Machine Thread - 0] INFO  ozoneimpl.OzoneContainer (OzoneContainer.java:startContainerScrub(179)) - Background container scanner has been disabled.
2019-10-02 00:47:56,771 [Datanode State Machine Thread - 0] INFO  ratis.XceiverServerRatis (XceiverServerRatis.java:start(417)) - Starting XceiverServerRatis f0c86e92-032b-42fd-b9b7-8c6530d6a6ab at port 0
2019-10-02 00:47:56,778 [Datanode State Machine Thread - 0] INFO  impl.RaftServerProxy (RaftServerProxy.java:lambda$start$3(299)) - f0c86e92-032b-42fd-b9b7-8c6530d6a6ab: start RPC server
2019-10-02 00:47:56,780 [Datanode State Machine Thread - 0] INFO  server.GrpcService (GrpcService.java:startImpl(158)) - f0c86e92-032b-42fd-b9b7-8c6530d6a6ab: GrpcService started, listening on 0.0.0.0/0.0.0.0:42027
2019-10-02 00:47:56,780 [Datanode State Machine Thread - 0] INFO  ratis.XceiverServerRatis (XceiverServerRatis.java:start(427)) - XceiverServerRatis f0c86e92-032b-42fd-b9b7-8c6530d6a6ab is started using port 42027
2019-10-02 00:47:56,783 [Datanode State Machine Thread - 0] INFO  server.XceiverServerGrpc (XceiverServerGrpc.java:start(149)) - XceiverServerGrpc f0c86e92-032b-42fd-b9b7-8c6530d6a6ab is started using port 38702
2019-10-02 00:47:56,829 [Datanode State Machine Thread - 0] INFO  ozoneimpl.OzoneContainer (OzoneContainer.java:start(217)) - Attempting to start container services.
2019-10-02 00:47:56,832 [Datanode State Machine Thread - 0] INFO  ozoneimpl.OzoneContainer (OzoneContainer.java:startContainerScrub(179)) - Background container scanner has been disabled.
2019-10-02 00:47:56,832 [Datanode State Machine Thread - 0] INFO  ratis.XceiverServerRatis (XceiverServerRatis.java:start(417)) - Starting XceiverServerRatis 1a5146b9-310d-447a-8c6c-9bc3e23dff82 at port 0
2019-10-02 00:47:56,840 [Datanode State Machine Thread - 0] INFO  impl.RaftServerProxy (RaftServerProxy.java:lambda$start$3(299)) - 1a5146b9-310d-447a-8c6c-9bc3e23dff82: start RPC server
2019-10-02 00:47:56,841 [Datanode State Machine Thread - 0] INFO  server.GrpcService (GrpcService.java:startImpl(158)) - 1a5146b9-310d-447a-8c6c-9bc3e23dff82: GrpcService started, listening on 0.0.0.0/0.0.0.0:44165
2019-10-02 00:47:56,841 [Datanode State Machine Thread - 0] INFO  ratis.XceiverServerRatis (XceiverServerRatis.java:start(427)) - XceiverServerRatis 1a5146b9-310d-447a-8c6c-9bc3e23dff82 is started using port 44165
2019-10-02 00:47:56,843 [Datanode State Machine Thread - 0] INFO  server.XceiverServerGrpc (XceiverServerGrpc.java:start(149)) - XceiverServerGrpc 1a5146b9-310d-447a-8c6c-9bc3e23dff82 is started using port 41303
2019-10-02 00:47:56,923 [Datanode State Machine Thread - 0] INFO  ozoneimpl.OzoneContainer (OzoneContainer.java:start(217)) - Attempting to start container services.
2019-10-02 00:47:56,924 [Datanode State Machine Thread - 0] INFO  ozoneimpl.OzoneContainer (OzoneContainer.java:startContainerScrub(179)) - Background container scanner has been disabled.
2019-10-02 00:47:56,924 [Datanode State Machine Thread - 0] INFO  ratis.XceiverServerRatis (XceiverServerRatis.java:start(417)) - Starting XceiverServerRatis 9585e4e1-586e-442e-9cea-1465c4d86f2f at port 0
2019-10-02 00:47:56,931 [Datanode State Machine Thread - 0] INFO  impl.RaftServerProxy (RaftServerProxy.java:lambda$start$3(299)) - 9585e4e1-586e-442e-9cea-1465c4d86f2f: start RPC server
2019-10-02 00:47:56,932 [Datanode State Machine Thread - 0] INFO  server.GrpcService (GrpcService.java:startImpl(158)) - 9585e4e1-586e-442e-9cea-1465c4d86f2f: GrpcService started, listening on 0.0.0.0/0.0.0.0:46668
2019-10-02 00:47:56,932 [Datanode State Machine Thread - 0] INFO  ratis.XceiverServerRatis (XceiverServerRatis.java:start(427)) - XceiverServerRatis 9585e4e1-586e-442e-9cea-1465c4d86f2f is started using port 46668
2019-10-02 00:47:56,933 [Datanode State Machine Thread - 0] INFO  server.XceiverServerGrpc (XceiverServerGrpc.java:start(149)) - XceiverServerGrpc 9585e4e1-586e-442e-9cea-1465c4d86f2f is started using port 45833
2019-10-02 00:47:57,001 [Datanode State Machine Thread - 0] INFO  ozoneimpl.OzoneContainer (OzoneContainer.java:start(217)) - Attempting to start container services.
2019-10-02 00:47:57,001 [Datanode State Machine Thread - 0] INFO  ozoneimpl.OzoneContainer (OzoneContainer.java:startContainerScrub(179)) - Background container scanner has been disabled.
2019-10-02 00:47:57,001 [Datanode State Machine Thread - 0] INFO  ratis.XceiverServerRatis (XceiverServerRatis.java:start(417)) - Starting XceiverServerRatis 606d7063-c0d8-44bb-93d5-0ebc9d43d35b at port 0
2019-10-02 00:47:57,009 [Datanode State Machine Thread - 0] INFO  impl.RaftServerProxy (RaftServerProxy.java:lambda$start$3(299)) - 606d7063-c0d8-44bb-93d5-0ebc9d43d35b: start RPC server
2019-10-02 00:47:57,012 [Datanode State Machine Thread - 0] INFO  server.GrpcService (GrpcService.java:startImpl(158)) - 606d7063-c0d8-44bb-93d5-0ebc9d43d35b: GrpcService started, listening on 0.0.0.0/0.0.0.0:40878
2019-10-02 00:47:57,012 [Datanode State Machine Thread - 0] INFO  ratis.XceiverServerRatis (XceiverServerRatis.java:start(427)) - XceiverServerRatis 606d7063-c0d8-44bb-93d5-0ebc9d43d35b is started using port 40878
2019-10-02 00:47:57,013 [Datanode State Machine Thread - 0] INFO  server.XceiverServerGrpc (XceiverServerGrpc.java:start(149)) - XceiverServerGrpc 606d7063-c0d8-44bb-93d5-0ebc9d43d35b is started using port 36371
2019-10-02 00:47:57,090 [Datanode State Machine Thread - 0] INFO  ozoneimpl.OzoneContainer (OzoneContainer.java:start(217)) - Attempting to start container services.
2019-10-02 00:47:57,090 [Datanode State Machine Thread - 0] INFO  ozoneimpl.OzoneContainer (OzoneContainer.java:startContainerScrub(179)) - Background container scanner has been disabled.
2019-10-02 00:47:57,090 [Datanode State Machine Thread - 0] INFO  ratis.XceiverServerRatis (XceiverServerRatis.java:start(417)) - Starting XceiverServerRatis af6070a4-3762-485e-9446-832ab43fcf65 at port 0
2019-10-02 00:47:57,096 [Datanode State Machine Thread - 0] INFO  impl.RaftServerProxy (RaftServerProxy.java:lambda$start$3(299)) - af6070a4-3762-485e-9446-832ab43fcf65: start RPC server
2019-10-02 00:47:57,098 [Datanode State Machine Thread - 0] INFO  server.GrpcService (GrpcService.java:startImpl(158)) - af6070a4-3762-485e-9446-832ab43fcf65: GrpcService started, listening on 0.0.0.0/0.0.0.0:40658
2019-10-02 00:47:57,099 [Datanode State Machine Thread - 0] INFO  ratis.XceiverServerRatis (XceiverServerRatis.java:start(427)) - XceiverServerRatis af6070a4-3762-485e-9446-832ab43fcf65 is started using port 40658
2019-10-02 00:47:57,099 [Datanode State Machine Thread - 0] INFO  server.XceiverServerGrpc (XceiverServerGrpc.java:start(149)) - XceiverServerGrpc af6070a4-3762-485e-9446-832ab43fcf65 is started using port 36465
2019-10-02 00:47:57,159 [Datanode State Machine Thread - 0] INFO  ozoneimpl.OzoneContainer (OzoneContainer.java:start(217)) - Attempting to start container services.
2019-10-02 00:47:57,160 [Datanode State Machine Thread - 0] INFO  ozoneimpl.OzoneContainer (OzoneContainer.java:startContainerScrub(179)) - Background container scanner has been disabled.
2019-10-02 00:47:57,160 [Datanode State Machine Thread - 0] INFO  ratis.XceiverServerRatis (XceiverServerRatis.java:start(417)) - Starting XceiverServerRatis 069cc059-e5ec-4d1e-9acb-16348c281124 at port 0
2019-10-02 00:47:57,168 [Datanode State Machine Thread - 0] INFO  impl.RaftServerProxy (RaftServerProxy.java:lambda$start$3(299)) - 069cc059-e5ec-4d1e-9acb-16348c281124: start RPC server
2019-10-02 00:47:57,171 [Datanode State Machine Thread - 0] INFO  server.GrpcService (GrpcService.java:startImpl(158)) - 069cc059-e5ec-4d1e-9acb-16348c281124: GrpcService started, listening on 0.0.0.0/0.0.0.0:34692
2019-10-02 00:47:57,171 [Datanode State Machine Thread - 0] INFO  ratis.XceiverServerRatis (XceiverServerRatis.java:start(427)) - XceiverServerRatis 069cc059-e5ec-4d1e-9acb-16348c281124 is started using port 34692
2019-10-02 00:47:57,172 [Datanode State Machine Thread - 0] INFO  server.XceiverServerGrpc (XceiverServerGrpc.java:start(149)) - XceiverServerGrpc 069cc059-e5ec-4d1e-9acb-16348c281124 is started using port 35224
2019-10-02 00:47:57,225 [main] INFO  ozone.MiniOzoneClusterImpl (MiniOzoneClusterImpl.java:lambda$waitForClusterToBeReady$0(147)) - Waiting for cluster to be ready. Got 0 of 7 DN Heartbeats.
2019-10-02 00:47:57,239 [Datanode State Machine Thread - 0] INFO  ozoneimpl.OzoneContainer (OzoneContainer.java:start(217)) - Attempting to start container services.
2019-10-02 00:47:57,239 [Datanode State Machine Thread - 0] INFO  ozoneimpl.OzoneContainer (OzoneContainer.java:startContainerScrub(179)) - Background container scanner has been disabled.
2019-10-02 00:47:57,239 [Datanode State Machine Thread - 0] INFO  ratis.XceiverServerRatis (XceiverServerRatis.java:start(417)) - Starting XceiverServerRatis 502fb85b-a29e-44f8-b2d1-a1b35ff790ca at port 0
2019-10-02 00:47:57,246 [Datanode State Machine Thread - 0] INFO  impl.RaftServerProxy (RaftServerProxy.java:lambda$start$3(299)) - 502fb85b-a29e-44f8-b2d1-a1b35ff790ca: start RPC server
2019-10-02 00:47:57,246 [Datanode State Machine Thread - 0] INFO  server.GrpcService (GrpcService.java:startImpl(158)) - 502fb85b-a29e-44f8-b2d1-a1b35ff790ca: GrpcService started, listening on 0.0.0.0/0.0.0.0:36254
2019-10-02 00:47:57,247 [Datanode State Machine Thread - 0] INFO  ratis.XceiverServerRatis (XceiverServerRatis.java:start(427)) - XceiverServerRatis 502fb85b-a29e-44f8-b2d1-a1b35ff790ca is started using port 36254
2019-10-02 00:47:57,247 [Datanode State Machine Thread - 0] INFO  server.XceiverServerGrpc (XceiverServerGrpc.java:start(149)) - XceiverServerGrpc 502fb85b-a29e-44f8-b2d1-a1b35ff790ca is started using port 46042
2019-10-02 00:47:58,226 [main] INFO  ozone.MiniOzoneClusterImpl (MiniOzoneClusterImpl.java:lambda$waitForClusterToBeReady$0(147)) - Waiting for cluster to be ready. Got 0 of 7 DN Heartbeats.
2019-10-02 00:47:58,747 [IPC Server handler 2 on 35343] INFO  net.NetworkTopology (NetworkTopologyImpl.java:add(111)) - Added a new node: /default-rack/f0c86e92-032b-42fd-b9b7-8c6530d6a6ab
2019-10-02 00:47:58,750 [IPC Server handler 2 on 35343] INFO  node.SCMNodeManager (SCMNodeManager.java:register(266)) - Registered Data node : f0c86e92-032b-42fd-b9b7-8c6530d6a6ab{ip: 192.168.151.67, host: pr-hdds-1984-s47sn-1814639636, networkLocation: /default-rack, certSerialId: null}
2019-10-02 00:47:58,751 [EventQueue-NodeRegistrationContainerReportForDataNodeSafeModeRule] INFO  safemode.SCMSafeModeManager (DataNodeSafeModeRule.java:process(71)) - SCM in safe mode. 1 DataNodes registered, 1 required.
2019-10-02 00:47:58,753 [EventQueue-NodeRegistrationContainerReportForDataNodeSafeModeRule] INFO  safemode.SCMSafeModeManager (SCMSafeModeManager.java:validateSafeModeExitRules(177)) - ScmSafeModeManager, all rules are successfully validated
2019-10-02 00:47:58,754 [EventQueue-NodeRegistrationContainerReportForDataNodeSafeModeRule] INFO  safemode.SCMSafeModeManager (SCMSafeModeManager.java:exitSafeMode(193)) - SCM exiting safe mode.
2019-10-02 00:47:58,766 [grpc-default-executor-2] INFO  impl.RaftServerProxy (RaftServerProxy.java:addNew(89)) - f0c86e92-032b-42fd-b9b7-8c6530d6a6ab: addNew group-8DE96E4F4452:[f0c86e92-032b-42fd-b9b7-8c6530d6a6ab:192.168.151.67:42027] returns group-8DE96E4F4452:java.util.concurrent.CompletableFuture@7bec329d[Not completed]
2019-10-02 00:47:58,771 [pool-207-thread-1] INFO  impl.RaftServerImpl (RaftServerImpl.java:<init>(95)) - f0c86e92-032b-42fd-b9b7-8c6530d6a6ab: new RaftServerImpl for group-8DE96E4F4452:[f0c86e92-032b-42fd-b9b7-8c6530d6a6ab:192.168.151.67:42027] with ContainerStateMachine:uninitialized
2019-10-02 00:47:58,771 [pool-207-thread-1] INFO  server.RaftServerConfigKeys (ConfUtils.java:logGet(43)) - raft.server.rpc.timeout.min = 5s (custom)
2019-10-02 00:47:58,771 [pool-207-thread-1] INFO  server.RaftServerConfigKeys (ConfUtils.java:logGet(43)) - raft.server.rpc.timeout.max = 5200ms (custom)
2019-10-02 00:47:58,771 [pool-207-thread-1] INFO  server.RaftServerConfigKeys (ConfUtils.java:logGet(43)) - raft.server.rpcslowness.timeout = 120s (custom)
2019-10-02 00:47:58,771 [pool-207-thread-1] INFO  server.RaftServerConfigKeys (ConfUtils.java:logGet(43)) - raft.server.sleep.deviation.threshold = 300 (default)
2019-10-02 00:47:58,772 [pool-207-thread-1] INFO  server.RaftServerConfigKeys (ConfUtils.java:logGet(43)) - raft.server.log.appender.install.snapshot.enabled = false (custom)
2019-10-02 00:47:58,772 [pool-207-thread-1] INFO  impl.RaftServerImpl (ServerState.java:<init>(103)) - f0c86e92-032b-42fd-b9b7-8c6530d6a6ab@group-8DE96E4F4452: ConfigurationManager, init=-1: [f0c86e92-032b-42fd-b9b7-8c6530d6a6ab:192.168.151.67:42027], old=null, confs=<EMPTY_MAP>
2019-10-02 00:47:58,772 [pool-207-thread-1] INFO  server.RaftServerConfigKeys (ConfUtils.java:logGet(43)) - raft.server.storage.dir = [/workdir/hadoop-ozone/integration-test/target/test-dir/MiniOzoneClusterImpl-788e85c3-1b40-40de-b00b-4bdf35f5c40e/datanode-0/data/ratis] (custom)
2019-10-02 00:47:58,773 [pool-207-thread-1] INFO  server.RaftServerConfigKeys (ConfUtils.java:logGet(43)) - raft.server.log.corruption.policy = EXCEPTION (default)
2019-10-02 00:47:58,773 [pool-207-thread-1] INFO  storage.RaftStorageDirectory (RaftStorageDirectory.java:analyzeStorage(246)) - The storage directory /workdir/hadoop-ozone/integration-test/target/test-dir/MiniOzoneClusterImpl-788e85c3-1b40-40de-b00b-4bdf35f5c40e/datanode-0/data/ratis/59ec86f9-4964-48f1-a2f7-8de96e4f4452 does not exist. Creating ...
2019-10-02 00:47:58,787 [pool-207-thread-1] INFO  storage.RaftStorageDirectory (RaftStorageDirectory.java:tryLock(328)) - Lock on /workdir/hadoop-ozone/integration-test/target/test-dir/MiniOzoneClusterImpl-788e85c3-1b40-40de-b00b-4bdf35f5c40e/datanode-0/data/ratis/59ec86f9-4964-48f1-a2f7-8de96e4f4452/in_use.lock acquired by nodename 25347@pr-hdds-1984-s47sn-1814639636
2019-10-02 00:47:58,800 [pool-207-thread-1] INFO  storage.RaftStorage (RaftStorage.java:format(84)) - Storage directory /workdir/hadoop-ozone/integration-test/target/test-dir/MiniOzoneClusterImpl-788e85c3-1b40-40de-b00b-4bdf35f5c40e/datanode-0/data/ratis/59ec86f9-4964-48f1-a2f7-8de96e4f4452 has been successfully formatted.
2019-10-02 00:47:58,801 [pool-207-thread-1] INFO  ratis.ContainerStateMachine (ContainerStateMachine.java:loadSnapshot(230)) - group-8DE96E4F4452: The snapshot info is null. Setting the last applied indexto:(t:0, i:~)
2019-10-02 00:47:58,801 [pool-207-thread-1] INFO  server.RaftServerConfigKeys (ConfUtils.java:logGet(43)) - raft.server.notification.no-leader.timeout = 120s (custom)
2019-10-02 00:47:58,801 [pool-207-thread-1] INFO  server.RaftServerConfigKeys (ConfUtils.java:logGet(43)) - raft.server.log.use.memory = false (default)
2019-10-02 00:47:58,802 [pool-207-thread-1] INFO  server.RaftServerConfigKeys (ConfUtils.java:logGet(43)) - raft.server.log.purge.gap = 1000000 (custom)
2019-10-02 00:47:58,802 [pool-207-thread-1] INFO  server.RaftServerConfigKeys (ConfUtils.java:logGet(43)) - raft.server.log.appender.buffer.byte-limit = 33554432 (custom)
2019-10-02 00:47:58,802 [pool-207-thread-1] INFO  server.RaftServerConfigKeys (ConfUtils.java:logGet(43)) - raft.server.log.segment.size.max = 1048576 (custom)
2019-10-02 00:47:58,805 [pool-207-thread-1] INFO  server.RaftServerConfigKeys (ConfUtils.java:logGet(43)) - raft.server.log.segment.cache.num.max = 2 (custom)
2019-10-02 00:47:58,805 [pool-207-thread-1] INFO  segmented.SegmentedRaftLogWorker (SegmentedRaftLogWorker.java:<init>(173)) - new f0c86e92-032b-42fd-b9b7-8c6530d6a6ab@group-8DE96E4F4452-SegmentedRaftLogWorker for RaftStorage:Storage Directory /workdir/hadoop-ozone/integration-test/target/test-dir/MiniOzoneClusterImpl-788e85c3-1b40-40de-b00b-4bdf35f5c40e/datanode-0/data/ratis/59ec86f9-4964-48f1-a2f7-8de96e4f4452
2019-10-02 00:47:58,805 [pool-207-thread-1] INFO  server.RaftServerConfigKeys (ConfUtils.java:logGet(43)) - raft.server.log.queue.byte-limit = 2147483647 (custom)
2019-10-02 00:47:58,805 [pool-207-thread-1] INFO  server.RaftServerConfigKeys (ConfUtils.java:logGet(43)) - raft.server.log.queue.element-limit = 1024 (custom)
2019-10-02 00:47:58,806 [pool-207-thread-1] INFO  server.RaftServerConfigKeys (ConfUtils.java:logGet(43)) - raft.server.log.segment.size.max = 1048576 (custom)
2019-10-02 00:47:58,806 [pool-207-thread-1] INFO  server.RaftServerConfigKeys (ConfUtils.java:logGet(43)) - raft.server.log.preallocated.size = 16384 (custom)
2019-10-02 00:47:58,806 [pool-207-thread-1] INFO  server.RaftServerConfigKeys (ConfUtils.java:logGet(43)) - raft.server.log.write.buffer.size = 33554432 (custom)
2019-10-02 00:47:58,806 [pool-207-thread-1] INFO  server.RaftServerConfigKeys (ConfUtils.java:logGet(43)) - raft.server.log.force.sync.num = 128 (default)
2019-10-02 00:47:58,806 [pool-207-thread-1] INFO  server.RaftServerConfigKeys (ConfUtils.java:logGet(43)) - raft.server.log.statemachine.data.sync = true (default)
2019-10-02 00:47:58,806 [pool-207-thread-1] INFO  server.RaftServerConfigKeys (ConfUtils.java:logGet(43)) - raft.server.log.statemachine.data.sync.timeout = 10s (default)
2019-10-02 00:47:58,806 [pool-207-thread-1] INFO  server.RaftServerConfigKeys (ConfUtils.java:logGet(43)) - raft.server.log.statemachine.data.sync.timeout.retry = -1 (default)
2019-10-02 00:47:58,807 [pool-207-thread-1] INFO  server.RaftServerConfigKeys (ConfUtils.java:logGet(43)) - raft.server.log.statemachine.data.caching.enabled = true (custom)
2019-10-02 00:47:58,807 [pool-207-thread-1] INFO  segmented.SegmentedRaftLogWorker (SegmentedRaftLogWorker.java:lambda$new$0(128)) - f0c86e92-032b-42fd-b9b7-8c6530d6a6ab@group-8DE96E4F4452-SegmentedRaftLogWorker: flushIndex: setUnconditionally 0 -> -1
2019-10-02 00:47:58,808 [pool-207-thread-1] INFO  server.RaftServerConfigKeys (ConfUtils.java:logGet(43)) - raft.server.snapshot.auto.trigger.enabled = true (custom)
2019-10-02 00:47:58,808 [pool-207-thread-1] INFO  server.RaftServerConfigKeys (ConfUtils.java:logGet(43)) - raft.server.snapshot.auto.trigger.threshold = 10000 (custom)
2019-10-02 00:47:58,808 [pool-207-thread-1] INFO  server.RaftServerConfigKeys (ConfUtils.java:logGet(43)) - raft.server.snapshot.retention.file.num = 5 (custom)
2019-10-02 00:47:58,808 [pool-207-thread-1] INFO  server.RaftServerConfigKeys (ConfUtils.java:logGet(43)) - raft.server.retrycache.expirytime = 600000ms (custom)
2019-10-02 00:47:58,810 [pool-207-thread-1] INFO  impl.RaftServerImpl (RaftServerImpl.java:start(181)) - f0c86e92-032b-42fd-b9b7-8c6530d6a6ab@group-8DE96E4F4452: start as a follower, conf=-1: [f0c86e92-032b-42fd-b9b7-8c6530d6a6ab:192.168.151.67:42027], old=null
2019-10-02 00:47:58,810 [pool-207-thread-1] INFO  impl.RaftServerImpl (RaftServerImpl.java:setRole(170)) - f0c86e92-032b-42fd-b9b7-8c6530d6a6ab@group-8DE96E4F4452: changes role from      null to FOLLOWER at term 0 for startAsFollower
2019-10-02 00:47:58,810 [pool-207-thread-1] INFO  impl.RoleInfo (RoleInfo.java:updateAndGet(143)) - f0c86e92-032b-42fd-b9b7-8c6530d6a6ab: start FollowerState
2019-10-02 00:47:58,811 [pool-207-thread-1] INFO  util.JmxRegister (JmxRegister.java:tryRegister(44)) - Successfully registered JMX Bean with object name Ratis:service=RaftServer,group=group-8DE96E4F4452,id=f0c86e92-032b-42fd-b9b7-8c6530d6a6ab
2019-10-02 00:47:58,813 [IPC Server handler 5 on 35343] INFO  net.NetworkTopology (NetworkTopologyImpl.java:add(111)) - Added a new node: /default-rack/1a5146b9-310d-447a-8c6c-9bc3e23dff82
2019-10-02 00:47:58,813 [IPC Server handler 5 on 35343] INFO  node.SCMNodeManager (SCMNodeManager.java:register(266)) - Registered Data node : 1a5146b9-310d-447a-8c6c-9bc3e23dff82{ip: 192.168.151.67, host: pr-hdds-1984-s47sn-1814639636, networkLocation: /default-rack, certSerialId: null}
2019-10-02 00:47:58,816 [RatisPipelineUtilsThread] INFO  pipeline.PipelineStateManager (PipelineStateManager.java:addPipeline(56)) - Created pipeline Pipeline[ Id: 59ec86f9-4964-48f1-a2f7-8de96e4f4452, Nodes: f0c86e92-032b-42fd-b9b7-8c6530d6a6ab{ip: 192.168.151.67, host: pr-hdds-1984-s47sn-1814639636, networkLocation: /default-rack, certSerialId: null}, Type:RATIS, Factor:ONE, State:OPEN]
2019-10-02 00:47:58,838 [grpc-default-executor-2] INFO  impl.RaftServerProxy (RaftServerProxy.java:addNew(89)) - 1a5146b9-310d-447a-8c6c-9bc3e23dff82: addNew group-3074C0232EB7:[1a5146b9-310d-447a-8c6c-9bc3e23dff82:192.168.151.67:44165] returns group-3074C0232EB7:java.util.concurrent.CompletableFuture@2dac7e2[Not completed]
2019-10-02 00:47:58,839 [pool-217-thread-1] INFO  impl.RaftServerImpl (RaftServerImpl.java:<init>(95)) - 1a5146b9-310d-447a-8c6c-9bc3e23dff82: new RaftServerImpl for group-3074C0232EB7:[1a5146b9-310d-447a-8c6c-9bc3e23dff82:192.168.151.67:44165] with ContainerStateMachine:uninitialized
2019-10-02 00:47:58,839 [pool-217-thread-1] INFO  server.RaftServerConfigKeys (ConfUtils.java:logGet(43)) - raft.server.rpc.timeout.min = 5s (custom)
2019-10-02 00:47:58,839 [pool-217-thread-1] INFO  server.RaftServerConfigKeys (ConfUtils.java:logGet(43)) - raft.server.rpc.timeout.max = 5200ms (custom)
2019-10-02 00:47:58,839 [pool-217-thread-1] INFO  server.RaftServerConfigKeys (ConfUtils.java:logGet(43)) - raft.server.rpcslowness.timeout = 120s (custom)
2019-10-02 00:47:58,839 [pool-217-thread-1] INFO  server.RaftServerConfigKeys (ConfUtils.java:logGet(43)) - raft.server.sleep.deviation.threshold = 300 (default)
2019-10-02 00:47:58,839 [pool-217-thread-1] INFO  server.RaftServerConfigKeys (ConfUtils.java:logGet(43)) - raft.server.log.appender.install.snapshot.enabled = false (custom)
2019-10-02 00:47:58,840 [pool-217-thread-1] INFO  impl.RaftServerImpl (ServerState.java:<init>(103)) - 1a5146b9-310d-447a-8c6c-9bc3e23dff82@group-3074C0232EB7: ConfigurationManager, init=-1: [1a5146b9-310d-447a-8c6c-9bc3e23dff82:192.168.151.67:44165], old=null, confs=<EMPTY_MAP>
2019-10-02 00:47:58,840 [pool-217-thread-1] INFO  server.RaftServerConfigKeys (ConfUtils.java:logGet(43)) - raft.server.storage.dir = [/workdir/hadoop-ozone/integration-test/target/test-dir/MiniOzoneClusterImpl-788e85c3-1b40-40de-b00b-4bdf35f5c40e/datanode-1/data/ratis] (custom)
2019-10-02 00:47:58,840 [pool-217-thread-1] INFO  server.RaftServerConfigKeys (ConfUtils.java:logGet(43)) - raft.server.log.corruption.policy = EXCEPTION (default)
2019-10-02 00:47:58,840 [pool-217-thread-1] INFO  storage.RaftStorageDirectory (RaftStorageDirectory.java:analyzeStorage(246)) - The storage directory /workdir/hadoop-ozone/integration-test/target/test-dir/MiniOzoneClusterImpl-788e85c3-1b40-40de-b00b-4bdf35f5c40e/datanode-1/data/ratis/a653ab6e-a28f-4133-a979-3074c0232eb7 does not exist. Creating ...
2019-10-02 00:47:58,861 [pool-217-thread-1] INFO  storage.RaftStorageDirectory (RaftStorageDirectory.java:tryLock(328)) - Lock on /workdir/hadoop-ozone/integration-test/target/test-dir/MiniOzoneClusterImpl-788e85c3-1b40-40de-b00b-4bdf35f5c40e/datanode-1/data/ratis/a653ab6e-a28f-4133-a979-3074c0232eb7/in_use.lock acquired by nodename 25347@pr-hdds-1984-s47sn-1814639636
2019-10-02 00:47:58,875 [pool-217-thread-1] INFO  storage.RaftStorage (RaftStorage.java:format(84)) - Storage directory /workdir/hadoop-ozone/integration-test/target/test-dir/MiniOzoneClusterImpl-788e85c3-1b40-40de-b00b-4bdf35f5c40e/datanode-1/data/ratis/a653ab6e-a28f-4133-a979-3074c0232eb7 has been successfully formatted.
2019-10-02 00:47:58,875 [pool-217-thread-1] INFO  ratis.ContainerStateMachine (ContainerStateMachine.java:loadSnapshot(230)) - group-3074C0232EB7: The snapshot info is null. Setting the last applied indexto:(t:0, i:~)
2019-10-02 00:47:58,875 [pool-217-thread-1] INFO  server.RaftServerConfigKeys (ConfUtils.java:logGet(43)) - raft.server.notification.no-leader.timeout = 120s (custom)
2019-10-02 00:47:58,875 [pool-217-thread-1] INFO  server.RaftServerConfigKeys (ConfUtils.java:logGet(43)) - raft.server.log.use.memory = false (default)
2019-10-02 00:47:58,875 [pool-217-thread-1] INFO  server.RaftServerConfigKeys (ConfUtils.java:logGet(43)) - raft.server.log.purge.gap = 1000000 (custom)
2019-10-02 00:47:58,876 [pool-217-thread-1] INFO  server.RaftServerConfigKeys (ConfUtils.java:logGet(43)) - raft.server.log.appender.buffer.byte-limit = 33554432 (custom)
2019-10-02 00:47:58,876 [pool-217-thread-1] INFO  server.RaftServerConfigKeys (ConfUtils.java:logGet(43)) - raft.server.log.segment.size.max = 1048576 (custom)
2019-10-02 00:47:58,878 [pool-217-thread-1] INFO  server.RaftServerConfigKeys (ConfUtils.java:logGet(43)) - raft.server.log.segment.cache.num.max = 2 (custom)
2019-10-02 00:47:58,878 [pool-217-thread-1] INFO  segmented.SegmentedRaftLogWorker (SegmentedRaftLogWorker.java:<init>(173)) - new 1a5146b9-310d-447a-8c6c-9bc3e23dff82@group-3074C0232EB7-SegmentedRaftLogWorker for RaftStorage:Storage Directory /workdir/hadoop-ozone/integration-test/target/test-dir/MiniOzoneClusterImpl-788e85c3-1b40-40de-b00b-4bdf35f5c40e/datanode-1/data/ratis/a653ab6e-a28f-4133-a979-3074c0232eb7
2019-10-02 00:47:58,878 [pool-217-thread-1] INFO  server.RaftServerConfigKeys (ConfUtils.java:logGet(43)) - raft.server.log.queue.byte-limit = 2147483647 (custom)
2019-10-02 00:47:58,879 [pool-217-thread-1] INFO  server.RaftServerConfigKeys (ConfUtils.java:logGet(43)) - raft.server.log.queue.element-limit = 1024 (custom)
2019-10-02 00:47:58,879 [pool-217-thread-1] INFO  server.RaftServerConfigKeys (ConfUtils.java:logGet(43)) - raft.server.log.segment.size.max = 1048576 (custom)
2019-10-02 00:47:58,879 [pool-217-thread-1] INFO  server.RaftServerConfigKeys (ConfUtils.java:logGet(43)) - raft.server.log.preallocated.size = 16384 (custom)
2019-10-02 00:47:58,879 [pool-217-thread-1] INFO  server.RaftServerConfigKeys (ConfUtils.java:logGet(43)) - raft.server.log.write.buffer.size = 33554432 (custom)
2019-10-02 00:47:58,879 [pool-217-thread-1] INFO  server.RaftServerConfigKeys (ConfUtils.java:logGet(43)) - raft.server.log.force.sync.num = 128 (default)
2019-10-02 00:47:58,879 [pool-217-thread-1] INFO  server.RaftServerConfigKeys (ConfUtils.java:logGet(43)) - raft.server.log.statemachine.data.sync = true (default)
2019-10-02 00:47:58,880 [pool-217-thread-1] INFO  server.RaftServerConfigKeys (ConfUtils.java:logGet(43)) - raft.server.log.statemachine.data.sync.timeout = 10s (default)
2019-10-02 00:47:58,880 [pool-217-thread-1] INFO  server.RaftServerConfigKeys (ConfUtils.java:logGet(43)) - raft.server.log.statemachine.data.sync.timeout.retry = -1 (default)
2019-10-02 00:47:58,880 [pool-217-thread-1] INFO  server.RaftServerConfigKeys (ConfUtils.java:logGet(43)) - raft.server.log.statemachine.data.caching.enabled = true (custom)
2019-10-02 00:47:58,881 [pool-217-thread-1] INFO  segmented.SegmentedRaftLogWorker (SegmentedRaftLogWorker.java:lambda$new$0(128)) - 1a5146b9-310d-447a-8c6c-9bc3e23dff82@group-3074C0232EB7-SegmentedRaftLogWorker: flushIndex: setUnconditionally 0 -> -1
2019-10-02 00:47:58,881 [pool-217-thread-1] INFO  server.RaftServerConfigKeys (ConfUtils.java:logGet(43)) - raft.server.snapshot.auto.trigger.enabled = true (custom)
2019-10-02 00:47:58,881 [pool-217-thread-1] INFO  server.RaftServerConfigKeys (ConfUtils.java:logGet(43)) - raft.server.snapshot.auto.trigger.threshold = 10000 (custom)
2019-10-02 00:47:58,881 [pool-217-thread-1] INFO  server.RaftServerConfigKeys (ConfUtils.java:logGet(43)) - raft.server.snapshot.retention.file.num = 5 (custom)
2019-10-02 00:47:58,882 [pool-217-thread-1] INFO  server.RaftServerConfigKeys (ConfUtils.java:logGet(43)) - raft.server.retrycache.expirytime = 600000ms (custom)
2019-10-02 00:47:58,884 [pool-217-thread-1] INFO  impl.RaftServerImpl (RaftServerImpl.java:start(181)) - 1a5146b9-310d-447a-8c6c-9bc3e23dff82@group-3074C0232EB7: start as a follower, conf=-1: [1a5146b9-310d-447a-8c6c-9bc3e23dff82:192.168.151.67:44165], old=null
2019-10-02 00:47:58,884 [pool-217-thread-1] INFO  impl.RaftServerImpl (RaftServerImpl.java:setRole(170)) - 1a5146b9-310d-447a-8c6c-9bc3e23dff82@group-3074C0232EB7: changes role from      null to FOLLOWER at term 0 for startAsFollower
2019-10-02 00:47:58,884 [pool-217-thread-1] INFO  impl.RoleInfo (RoleInfo.java:updateAndGet(143)) - 1a5146b9-310d-447a-8c6c-9bc3e23dff82: start FollowerState
2019-10-02 00:47:58,885 [pool-217-thread-1] INFO  util.JmxRegister (JmxRegister.java:tryRegister(44)) - Successfully registered JMX Bean with object name Ratis:service=RaftServer,group=group-3074C0232EB7,id=1a5146b9-310d-447a-8c6c-9bc3e23dff82
2019-10-02 00:47:58,890 [RatisPipelineUtilsThread] INFO  pipeline.PipelineStateManager (PipelineStateManager.java:addPipeline(56)) - Created pipeline Pipeline[ Id: a653ab6e-a28f-4133-a979-3074c0232eb7, Nodes: 1a5146b9-310d-447a-8c6c-9bc3e23dff82{ip: 192.168.151.67, host: pr-hdds-1984-s47sn-1814639636, networkLocation: /default-rack, certSerialId: null}, Type:RATIS, Factor:ONE, State:OPEN]
2019-10-02 00:47:58,905 [IPC Server handler 6 on 35343] INFO  net.NetworkTopology (NetworkTopologyImpl.java:add(111)) - Added a new node: /default-rack/9585e4e1-586e-442e-9cea-1465c4d86f2f
2019-10-02 00:47:58,905 [IPC Server handler 6 on 35343] INFO  node.SCMNodeManager (SCMNodeManager.java:register(266)) - Registered Data node : 9585e4e1-586e-442e-9cea-1465c4d86f2f{ip: 192.168.151.67, host: pr-hdds-1984-s47sn-1814639636, networkLocation: /default-rack, certSerialId: null}
2019-10-02 00:47:58,911 [grpc-default-executor-2] INFO  impl.RaftServerProxy (RaftServerProxy.java:addNew(89)) - 9585e4e1-586e-442e-9cea-1465c4d86f2f: addNew group-6A5F21C9FBBF:[9585e4e1-586e-442e-9cea-1465c4d86f2f:192.168.151.67:46668] returns group-6A5F21C9FBBF:java.util.concurrent.CompletableFuture@5aa3c5e2[Not completed]
2019-10-02 00:47:58,913 [pool-227-thread-1] INFO  impl.RaftServerImpl (RaftServerImpl.java:<init>(95)) - 9585e4e1-586e-442e-9cea-1465c4d86f2f: new RaftServerImpl for group-6A5F21C9FBBF:[9585e4e1-586e-442e-9cea-1465c4d86f2f:192.168.151.67:46668] with ContainerStateMachine:uninitialized
2019-10-02 00:47:58,913 [pool-227-thread-1] INFO  server.RaftServerConfigKeys (ConfUtils.java:logGet(43)) - raft.server.rpc.timeout.min = 5s (custom)
2019-10-02 00:47:58,913 [pool-227-thread-1] INFO  server.RaftServerConfigKeys (ConfUtils.java:logGet(43)) - raft.server.rpc.timeout.max = 5200ms (custom)
2019-10-02 00:47:58,913 [pool-227-thread-1] INFO  server.RaftServerConfigKeys (ConfUtils.java:logGet(43)) - raft.server.rpcslowness.timeout = 120s (custom)
2019-10-02 00:47:58,913 [pool-227-thread-1] INFO  server.RaftServerConfigKeys (ConfUtils.java:logGet(43)) - raft.server.sleep.deviation.threshold = 300 (default)
2019-10-02 00:47:58,913 [pool-227-thread-1] INFO  server.RaftServerConfigKeys (ConfUtils.java:logGet(43)) - raft.server.log.appender.install.snapshot.enabled = false (custom)
2019-10-02 00:47:58,913 [pool-227-thread-1] INFO  impl.RaftServerImpl (ServerState.java:<init>(103)) - 9585e4e1-586e-442e-9cea-1465c4d86f2f@group-6A5F21C9FBBF: ConfigurationManager, init=-1: [9585e4e1-586e-442e-9cea-1465c4d86f2f:192.168.151.67:46668], old=null, confs=<EMPTY_MAP>
2019-10-02 00:47:58,914 [pool-227-thread-1] INFO  server.RaftServerConfigKeys (ConfUtils.java:logGet(43)) - raft.server.storage.dir = [/workdir/hadoop-ozone/integration-test/target/test-dir/MiniOzoneClusterImpl-788e85c3-1b40-40de-b00b-4bdf35f5c40e/datanode-2/data/ratis] (custom)
2019-10-02 00:47:58,914 [pool-227-thread-1] INFO  server.RaftServerConfigKeys (ConfUtils.java:logGet(43)) - raft.server.log.corruption.policy = EXCEPTION (default)
2019-10-02 00:47:58,914 [pool-227-thread-1] INFO  storage.RaftStorageDirectory (RaftStorageDirectory.java:analyzeStorage(246)) - The storage directory /workdir/hadoop-ozone/integration-test/target/test-dir/MiniOzoneClusterImpl-788e85c3-1b40-40de-b00b-4bdf35f5c40e/datanode-2/data/ratis/d6ce7913-8dee-443b-85e5-6a5f21c9fbbf does not exist. Creating ...
2019-10-02 00:47:58,927 [pool-227-thread-1] INFO  storage.RaftStorageDirectory (RaftStorageDirectory.java:tryLock(328)) - Lock on /workdir/hadoop-ozone/integration-test/target/test-dir/MiniOzoneClusterImpl-788e85c3-1b40-40de-b00b-4bdf35f5c40e/datanode-2/data/ratis/d6ce7913-8dee-443b-85e5-6a5f21c9fbbf/in_use.lock acquired by nodename 25347@pr-hdds-1984-s47sn-1814639636
2019-10-02 00:47:58,940 [pool-227-thread-1] INFO  storage.RaftStorage (RaftStorage.java:format(84)) - Storage directory /workdir/hadoop-ozone/integration-test/target/test-dir/MiniOzoneClusterImpl-788e85c3-1b40-40de-b00b-4bdf35f5c40e/datanode-2/data/ratis/d6ce7913-8dee-443b-85e5-6a5f21c9fbbf has been successfully formatted.
2019-10-02 00:47:58,940 [pool-227-thread-1] INFO  ratis.ContainerStateMachine (ContainerStateMachine.java:loadSnapshot(230)) - group-6A5F21C9FBBF: The snapshot info is null. Setting the last applied indexto:(t:0, i:~)
2019-10-02 00:47:58,940 [pool-227-thread-1] INFO  server.RaftServerConfigKeys (ConfUtils.java:logGet(43)) - raft.server.notification.no-leader.timeout = 120s (custom)
2019-10-02 00:47:58,940 [pool-227-thread-1] INFO  server.RaftServerConfigKeys (ConfUtils.java:logGet(43)) - raft.server.log.use.memory = false (default)
2019-10-02 00:47:58,940 [pool-227-thread-1] INFO  server.RaftServerConfigKeys (ConfUtils.java:logGet(43)) - raft.server.log.purge.gap = 1000000 (custom)
2019-10-02 00:47:58,940 [pool-227-thread-1] INFO  server.RaftServerConfigKeys (ConfUtils.java:logGet(43)) - raft.server.log.appender.buffer.byte-limit = 33554432 (custom)
2019-10-02 00:47:58,941 [pool-227-thread-1] INFO  server.RaftServerConfigKeys (ConfUtils.java:logGet(43)) - raft.server.log.segment.size.max = 1048576 (custom)
2019-10-02 00:47:58,943 [pool-227-thread-1] INFO  server.RaftServerConfigKeys (ConfUtils.java:logGet(43)) - raft.server.log.segment.cache.num.max = 2 (custom)
2019-10-02 00:47:58,943 [pool-227-thread-1] INFO  segmented.SegmentedRaftLogWorker (SegmentedRaftLogWorker.java:<init>(173)) - new 9585e4e1-586e-442e-9cea-1465c4d86f2f@group-6A5F21C9FBBF-SegmentedRaftLogWorker for RaftStorage:Storage Directory /workdir/hadoop-ozone/integration-test/target/test-dir/MiniOzoneClusterImpl-788e85c3-1b40-40de-b00b-4bdf35f5c40e/datanode-2/data/ratis/d6ce7913-8dee-443b-85e5-6a5f21c9fbbf
2019-10-02 00:47:58,943 [pool-227-thread-1] INFO  server.RaftServerConfigKeys (ConfUtils.java:logGet(43)) - raft.server.log.queue.byte-limit = 2147483647 (custom)
2019-10-02 00:47:58,943 [pool-227-thread-1] INFO  server.RaftServerConfigKeys (ConfUtils.java:logGet(43)) - raft.server.log.queue.element-limit = 1024 (custom)
2019-10-02 00:47:58,943 [pool-227-thread-1] INFO  server.RaftServerConfigKeys (ConfUtils.java:logGet(43)) - raft.server.log.segment.size.max = 1048576 (custom)
2019-10-02 00:47:58,943 [pool-227-thread-1] INFO  server.RaftServerConfigKeys (ConfUtils.java:logGet(43)) - raft.server.log.preallocated.size = 16384 (custom)
2019-10-02 00:47:58,944 [pool-227-thread-1] INFO  server.RaftServerConfigKeys (ConfUtils.java:logGet(43)) - raft.server.log.write.buffer.size = 33554432 (custom)
2019-10-02 00:47:58,944 [pool-227-thread-1] INFO  server.RaftServerConfigKeys (ConfUtils.java:logGet(43)) - raft.server.log.force.sync.num = 128 (default)
2019-10-02 00:47:58,944 [pool-227-thread-1] INFO  server.RaftServerConfigKeys (ConfUtils.java:logGet(43)) - raft.server.log.statemachine.data.sync = true (default)
2019-10-02 00:47:58,944 [pool-227-thread-1] INFO  server.RaftServerConfigKeys (ConfUtils.java:logGet(43)) - raft.server.log.statemachine.data.sync.timeout = 10s (default)
2019-10-02 00:47:58,944 [pool-227-thread-1] INFO  server.RaftServerConfigKeys (ConfUtils.java:logGet(43)) - raft.server.log.statemachine.data.sync.timeout.retry = -1 (default)
2019-10-02 00:47:58,945 [pool-227-thread-1] INFO  server.RaftServerConfigKeys (ConfUtils.java:logGet(43)) - raft.server.log.statemachine.data.caching.enabled = true (custom)
2019-10-02 00:47:58,945 [pool-227-thread-1] INFO  segmented.SegmentedRaftLogWorker (SegmentedRaftLogWorker.java:lambda$new$0(128)) - 9585e4e1-586e-442e-9cea-1465c4d86f2f@group-6A5F21C9FBBF-SegmentedRaftLogWorker: flushIndex: setUnconditionally 0 -> -1
2019-10-02 00:47:58,945 [pool-227-thread-1] INFO  server.RaftServerConfigKeys (ConfUtils.java:logGet(43)) - raft.server.snapshot.auto.trigger.enabled = true (custom)
2019-10-02 00:47:58,945 [pool-227-thread-1] INFO  server.RaftServerConfigKeys (ConfUtils.java:logGet(43)) - raft.server.snapshot.auto.trigger.threshold = 10000 (custom)
2019-10-02 00:47:58,945 [pool-227-thread-1] INFO  server.RaftServerConfigKeys (ConfUtils.java:logGet(43)) - raft.server.snapshot.retention.file.num = 5 (custom)
2019-10-02 00:47:58,946 [pool-227-thread-1] INFO  server.RaftServerConfigKeys (ConfUtils.java:logGet(43)) - raft.server.retrycache.expirytime = 600000ms (custom)
2019-10-02 00:47:58,948 [pool-227-thread-1] INFO  impl.RaftServerImpl (RaftServerImpl.java:start(181)) - 9585e4e1-586e-442e-9cea-1465c4d86f2f@group-6A5F21C9FBBF: start as a follower, conf=-1: [9585e4e1-586e-442e-9cea-1465c4d86f2f:192.168.151.67:46668], old=null
2019-10-02 00:47:58,948 [pool-227-thread-1] INFO  impl.RaftServerImpl (RaftServerImpl.java:setRole(170)) - 9585e4e1-586e-442e-9cea-1465c4d86f2f@group-6A5F21C9FBBF: changes role from      null to FOLLOWER at term 0 for startAsFollower
2019-10-02 00:47:58,948 [pool-227-thread-1] INFO  impl.RoleInfo (RoleInfo.java:updateAndGet(143)) - 9585e4e1-586e-442e-9cea-1465c4d86f2f: start FollowerState
2019-10-02 00:47:58,948 [pool-227-thread-1] INFO  util.JmxRegister (JmxRegister.java:tryRegister(44)) - Successfully registered JMX Bean with object name Ratis:service=RaftServer,group=group-6A5F21C9FBBF,id=9585e4e1-586e-442e-9cea-1465c4d86f2f
2019-10-02 00:47:58,953 [RatisPipelineUtilsThread] INFO  pipeline.PipelineStateManager (PipelineStateManager.java:addPipeline(56)) - Created pipeline Pipeline[ Id: d6ce7913-8dee-443b-85e5-6a5f21c9fbbf, Nodes: 9585e4e1-586e-442e-9cea-1465c4d86f2f{ip: 192.168.151.67, host: pr-hdds-1984-s47sn-1814639636, networkLocation: /default-rack, certSerialId: null}, Type:RATIS, Factor:ONE, State:OPEN]
2019-10-02 00:47:58,965 [grpc-default-executor-0] INFO  impl.RaftServerProxy (RaftServerProxy.java:addNew(89)) - 9585e4e1-586e-442e-9cea-1465c4d86f2f: addNew group-8FF67FE6C032:[9585e4e1-586e-442e-9cea-1465c4d86f2f:192.168.151.67:46668, f0c86e92-032b-42fd-b9b7-8c6530d6a6ab:192.168.151.67:42027, 1a5146b9-310d-447a-8c6c-9bc3e23dff82:192.168.151.67:44165] returns group-8FF67FE6C032:java.util.concurrent.CompletableFuture@56576f1e[Not completed]
2019-10-02 00:47:58,965 [grpc-default-executor-1] INFO  impl.RaftServerProxy (RaftServerProxy.java:addNew(89)) - 1a5146b9-310d-447a-8c6c-9bc3e23dff82: addNew group-8FF67FE6C032:[9585e4e1-586e-442e-9cea-1465c4d86f2f:192.168.151.67:46668, f0c86e92-032b-42fd-b9b7-8c6530d6a6ab:192.168.151.67:42027, 1a5146b9-310d-447a-8c6c-9bc3e23dff82:192.168.151.67:44165] returns group-8FF67FE6C032:java.util.concurrent.CompletableFuture@43fdf3ef[Not completed]
2019-10-02 00:47:58,966 [grpc-default-executor-1] INFO  impl.RaftServerProxy (RaftServerProxy.java:addNew(89)) - f0c86e92-032b-42fd-b9b7-8c6530d6a6ab: addNew group-8FF67FE6C032:[9585e4e1-586e-442e-9cea-1465c4d86f2f:192.168.151.67:46668, f0c86e92-032b-42fd-b9b7-8c6530d6a6ab:192.168.151.67:42027, 1a5146b9-310d-447a-8c6c-9bc3e23dff82:192.168.151.67:44165] returns group-8FF67FE6C032:java.util.concurrent.CompletableFuture@2276e862[Not completed]
2019-10-02 00:47:58,966 [pool-227-thread-1] INFO  impl.RaftServerImpl (RaftServerImpl.java:<init>(95)) - 9585e4e1-586e-442e-9cea-1465c4d86f2f: new RaftServerImpl for group-8FF67FE6C032:[9585e4e1-586e-442e-9cea-1465c4d86f2f:192.168.151.67:46668, f0c86e92-032b-42fd-b9b7-8c6530d6a6ab:192.168.151.67:42027, 1a5146b9-310d-447a-8c6c-9bc3e23dff82:192.168.151.67:44165] with ContainerStateMachine:uninitialized
2019-10-02 00:47:58,966 [pool-227-thread-1] INFO  server.RaftServerConfigKeys (ConfUtils.java:logGet(43)) - raft.server.rpc.timeout.min = 5s (custom)
2019-10-02 00:47:58,966 [pool-227-thread-1] INFO  server.RaftServerConfigKeys (ConfUtils.java:logGet(43)) - raft.server.rpc.timeout.max = 5200ms (custom)
2019-10-02 00:47:58,966 [pool-227-thread-1] INFO  server.RaftServerConfigKeys (ConfUtils.java:logGet(43)) - raft.server.rpcslowness.timeout = 120s (custom)
2019-10-02 00:47:58,966 [pool-217-thread-1] INFO  impl.RaftServerImpl (RaftServerImpl.java:<init>(95)) - 1a5146b9-310d-447a-8c6c-9bc3e23dff82: new RaftServerImpl for group-8FF67FE6C032:[9585e4e1-586e-442e-9cea-1465c4d86f2f:192.168.151.67:46668, f0c86e92-032b-42fd-b9b7-8c6530d6a6ab:192.168.151.67:42027, 1a5146b9-310d-447a-8c6c-9bc3e23dff82:192.168.151.67:44165] with ContainerStateMachine:uninitialized
2019-10-02 00:47:58,967 [pool-227-thread-1] INFO  server.RaftServerConfigKeys (ConfUtils.java:logGet(43)) - raft.server.sleep.deviation.threshold = 300 (default)
2019-10-02 00:47:58,967 [pool-217-thread-1] INFO  server.RaftServerConfigKeys (ConfUtils.java:logGet(43)) - raft.server.rpc.timeout.min = 5s (custom)
2019-10-02 00:47:58,967 [pool-227-thread-1] INFO  server.RaftServerConfigKeys (ConfUtils.java:logGet(43)) - raft.server.log.appender.install.snapshot.enabled = false (custom)
2019-10-02 00:47:58,967 [pool-217-thread-1] INFO  server.RaftServerConfigKeys (ConfUtils.java:logGet(43)) - raft.server.rpc.timeout.max = 5200ms (custom)
2019-10-02 00:47:58,967 [pool-227-thread-1] INFO  impl.RaftServerImpl (ServerState.java:<init>(103)) - 9585e4e1-586e-442e-9cea-1465c4d86f2f@group-8FF67FE6C032: ConfigurationManager, init=-1: [9585e4e1-586e-442e-9cea-1465c4d86f2f:192.168.151.67:46668, f0c86e92-032b-42fd-b9b7-8c6530d6a6ab:192.168.151.67:42027, 1a5146b9-310d-447a-8c6c-9bc3e23dff82:192.168.151.67:44165], old=null, confs=<EMPTY_MAP>
2019-10-02 00:47:58,967 [pool-207-thread-1] INFO  impl.RaftServerImpl (RaftServerImpl.java:<init>(95)) - f0c86e92-032b-42fd-b9b7-8c6530d6a6ab: new RaftServerImpl for group-8FF67FE6C032:[9585e4e1-586e-442e-9cea-1465c4d86f2f:192.168.151.67:46668, f0c86e92-032b-42fd-b9b7-8c6530d6a6ab:192.168.151.67:42027, 1a5146b9-310d-447a-8c6c-9bc3e23dff82:192.168.151.67:44165] with ContainerStateMachine:uninitialized
2019-10-02 00:47:58,967 [pool-217-thread-1] INFO  server.RaftServerConfigKeys (ConfUtils.java:logGet(43)) - raft.server.rpcslowness.timeout = 120s (custom)
2019-10-02 00:47:58,967 [pool-207-thread-1] INFO  server.RaftServerConfigKeys (ConfUtils.java:logGet(43)) - raft.server.rpc.timeout.min = 5s (custom)
2019-10-02 00:47:58,967 [pool-227-thread-1] INFO  server.RaftServerConfigKeys (ConfUtils.java:logGet(43)) - raft.server.storage.dir = [/workdir/hadoop-ozone/integration-test/target/test-dir/MiniOzoneClusterImpl-788e85c3-1b40-40de-b00b-4bdf35f5c40e/datanode-2/data/ratis] (custom)
2019-10-02 00:47:58,968 [pool-207-thread-1] INFO  server.RaftServerConfigKeys (ConfUtils.java:logGet(43)) - raft.server.rpc.timeout.max = 5200ms (custom)
2019-10-02 00:47:58,967 [pool-217-thread-1] INFO  server.RaftServerConfigKeys (ConfUtils.java:logGet(43)) - raft.server.sleep.deviation.threshold = 300 (default)
2019-10-02 00:47:58,968 [pool-227-thread-1] INFO  server.RaftServerConfigKeys (ConfUtils.java:logGet(43)) - raft.server.log.corruption.policy = EXCEPTION (default)
2019-10-02 00:47:58,968 [pool-207-thread-1] INFO  server.RaftServerConfigKeys (ConfUtils.java:logGet(43)) - raft.server.rpcslowness.timeout = 120s (custom)
2019-10-02 00:47:58,968 [pool-227-thread-1] INFO  storage.RaftStorageDirectory (RaftStorageDirectory.java:analyzeStorage(246)) - The storage directory /workdir/hadoop-ozone/integration-test/target/test-dir/MiniOzoneClusterImpl-788e85c3-1b40-40de-b00b-4bdf35f5c40e/datanode-2/data/ratis/3bfb29ef-c5e4-45f9-8a37-8ff67fe6c032 does not exist. Creating ...
2019-10-02 00:47:58,968 [pool-217-thread-1] INFO  server.RaftServerConfigKeys (ConfUtils.java:logGet(43)) - raft.server.log.appender.install.snapshot.enabled = false (custom)
2019-10-02 00:47:58,968 [pool-207-thread-1] INFO  server.RaftServerConfigKeys (ConfUtils.java:logGet(43)) - raft.server.sleep.deviation.threshold = 300 (default)
2019-10-02 00:47:58,969 [pool-217-thread-1] INFO  impl.RaftServerImpl (ServerState.java:<init>(103)) - 1a5146b9-310d-447a-8c6c-9bc3e23dff82@group-8FF67FE6C032: ConfigurationManager, init=-1: [9585e4e1-586e-442e-9cea-1465c4d86f2f:192.168.151.67:46668, f0c86e92-032b-42fd-b9b7-8c6530d6a6ab:192.168.151.67:42027, 1a5146b9-310d-447a-8c6c-9bc3e23dff82:192.168.151.67:44165], old=null, confs=<EMPTY_MAP>
2019-10-02 00:47:58,969 [pool-207-thread-1] INFO  server.RaftServerConfigKeys (ConfUtils.java:logGet(43)) - raft.server.log.appender.install.snapshot.enabled = false (custom)
2019-10-02 00:47:58,969 [pool-217-thread-1] INFO  server.RaftServerConfigKeys (ConfUtils.java:logGet(43)) - raft.server.storage.dir = [/workdir/hadoop-ozone/integration-test/target/test-dir/MiniOzoneClusterImpl-788e85c3-1b40-40de-b00b-4bdf35f5c40e/datanode-1/data/ratis] (custom)
2019-10-02 00:47:58,969 [pool-207-thread-1] INFO  impl.RaftServerImpl (ServerState.java:<init>(103)) - f0c86e92-032b-42fd-b9b7-8c6530d6a6ab@group-8FF67FE6C032: ConfigurationManager, init=-1: [9585e4e1-586e-442e-9cea-1465c4d86f2f:192.168.151.67:46668, f0c86e92-032b-42fd-b9b7-8c6530d6a6ab:192.168.151.67:42027, 1a5146b9-310d-447a-8c6c-9bc3e23dff82:192.168.151.67:44165], old=null, confs=<EMPTY_MAP>
2019-10-02 00:47:58,969 [pool-217-thread-1] INFO  server.RaftServerConfigKeys (ConfUtils.java:logGet(43)) - raft.server.log.corruption.policy = EXCEPTION (default)
2019-10-02 00:47:58,969 [pool-207-thread-1] INFO  server.RaftServerConfigKeys (ConfUtils.java:logGet(43)) - raft.server.storage.dir = [/workdir/hadoop-ozone/integration-test/target/test-dir/MiniOzoneClusterImpl-788e85c3-1b40-40de-b00b-4bdf35f5c40e/datanode-0/data/ratis] (custom)
2019-10-02 00:47:58,969 [pool-217-thread-1] INFO  storage.RaftStorageDirectory (RaftStorageDirectory.java:analyzeStorage(246)) - The storage directory /workdir/hadoop-ozone/integration-test/target/test-dir/MiniOzoneClusterImpl-788e85c3-1b40-40de-b00b-4bdf35f5c40e/datanode-1/data/ratis/3bfb29ef-c5e4-45f9-8a37-8ff67fe6c032 does not exist. Creating ...
2019-10-02 00:47:58,970 [pool-207-thread-1] INFO  server.RaftServerConfigKeys (ConfUtils.java:logGet(43)) - raft.server.log.corruption.policy = EXCEPTION (default)
2019-10-02 00:47:58,970 [pool-207-thread-1] INFO  storage.RaftStorageDirectory (RaftStorageDirectory.java:analyzeStorage(246)) - The storage directory /workdir/hadoop-ozone/integration-test/target/test-dir/MiniOzoneClusterImpl-788e85c3-1b40-40de-b00b-4bdf35f5c40e/datanode-0/data/ratis/3bfb29ef-c5e4-45f9-8a37-8ff67fe6c032 does not exist. Creating ...
2019-10-02 00:47:58,982 [pool-207-thread-1] INFO  storage.RaftStorageDirectory (RaftStorageDirectory.java:tryLock(328)) - Lock on /workdir/hadoop-ozone/integration-test/target/test-dir/MiniOzoneClusterImpl-788e85c3-1b40-40de-b00b-4bdf35f5c40e/datanode-0/data/ratis/3bfb29ef-c5e4-45f9-8a37-8ff67fe6c032/in_use.lock acquired by nodename 25347@pr-hdds-1984-s47sn-1814639636
2019-10-02 00:47:58,982 [pool-227-thread-1] INFO  storage.RaftStorageDirectory (RaftStorageDirectory.java:tryLock(328)) - Lock on /workdir/hadoop-ozone/integration-test/target/test-dir/MiniOzoneClusterImpl-788e85c3-1b40-40de-b00b-4bdf35f5c40e/datanode-2/data/ratis/3bfb29ef-c5e4-45f9-8a37-8ff67fe6c032/in_use.lock acquired by nodename 25347@pr-hdds-1984-s47sn-1814639636
2019-10-02 00:47:58,982 [pool-217-thread-1] INFO  storage.RaftStorageDirectory (RaftStorageDirectory.java:tryLock(328)) - Lock on /workdir/hadoop-ozone/integration-test/target/test-dir/MiniOzoneClusterImpl-788e85c3-1b40-40de-b00b-4bdf35f5c40e/datanode-1/data/ratis/3bfb29ef-c5e4-45f9-8a37-8ff67fe6c032/in_use.lock acquired by nodename 25347@pr-hdds-1984-s47sn-1814639636
2019-10-02 00:47:58,988 [IPC Server handler 3 on 35343] INFO  net.NetworkTopology (NetworkTopologyImpl.java:add(111)) - Added a new node: /default-rack/606d7063-c0d8-44bb-93d5-0ebc9d43d35b
2019-10-02 00:47:58,989 [IPC Server handler 3 on 35343] INFO  node.SCMNodeManager (SCMNodeManager.java:register(266)) - Registered Data node : 606d7063-c0d8-44bb-93d5-0ebc9d43d35b{ip: 192.168.151.67, host: pr-hdds-1984-s47sn-1814639636, networkLocation: /default-rack, certSerialId: null}
2019-10-02 00:47:58,996 [pool-227-thread-1] INFO  storage.RaftStorage (RaftStorage.java:format(84)) - Storage directory /workdir/hadoop-ozone/integration-test/target/test-dir/MiniOzoneClusterImpl-788e85c3-1b40-40de-b00b-4bdf35f5c40e/datanode-2/data/ratis/3bfb29ef-c5e4-45f9-8a37-8ff67fe6c032 has been successfully formatted.
2019-10-02 00:47:58,996 [pool-207-thread-1] INFO  storage.RaftStorage (RaftStorage.java:format(84)) - Storage directory /workdir/hadoop-ozone/integration-test/target/test-dir/MiniOzoneClusterImpl-788e85c3-1b40-40de-b00b-4bdf35f5c40e/datanode-0/data/ratis/3bfb29ef-c5e4-45f9-8a37-8ff67fe6c032 has been successfully formatted.
2019-10-02 00:47:58,996 [pool-217-thread-1] INFO  storage.RaftStorage (RaftStorage.java:format(84)) - Storage directory /workdir/hadoop-ozone/integration-test/target/test-dir/MiniOzoneClusterImpl-788e85c3-1b40-40de-b00b-4bdf35f5c40e/datanode-1/data/ratis/3bfb29ef-c5e4-45f9-8a37-8ff67fe6c032 has been successfully formatted.
2019-10-02 00:47:58,996 [pool-207-thread-1] INFO  ratis.ContainerStateMachine (ContainerStateMachine.java:loadSnapshot(230)) - group-8FF67FE6C032: The snapshot info is null. Setting the last applied indexto:(t:0, i:~)
2019-10-02 00:47:58,996 [pool-217-thread-1] INFO  ratis.ContainerStateMachine (ContainerStateMachine.java:loadSnapshot(230)) - group-8FF67FE6C032: The snapshot info is null. Setting the last applied indexto:(t:0, i:~)
2019-10-02 00:47:58,996 [pool-207-thread-1] INFO  server.RaftServerConfigKeys (ConfUtils.java:logGet(43)) - raft.server.notification.no-leader.timeout = 120s (custom)
2019-10-02 00:47:58,996 [pool-227-thread-1] INFO  ratis.ContainerStateMachine (ContainerStateMachine.java:loadSnapshot(230)) - group-8FF67FE6C032: The snapshot info is null. Setting the last applied indexto:(t:0, i:~)
2019-10-02 00:47:58,997 [pool-207-thread-1] INFO  server.RaftServerConfigKeys (ConfUtils.java:logGet(43)) - raft.server.log.use.memory = false (default)
2019-10-02 00:47:58,996 [pool-217-thread-1] INFO  server.RaftServerConfigKeys (ConfUtils.java:logGet(43)) - raft.server.notification.no-leader.timeout = 120s (custom)
2019-10-02 00:47:58,997 [pool-207-thread-1] INFO  server.RaftServerConfigKeys (ConfUtils.java:logGet(43)) - raft.server.log.purge.gap = 1000000 (custom)
2019-10-02 00:47:58,997 [pool-227-thread-1] INFO  server.RaftServerConfigKeys (ConfUtils.java:logGet(43)) - raft.server.notification.no-leader.timeout = 120s (custom)
2019-10-02 00:47:58,997 [pool-207-thread-1] INFO  server.RaftServerConfigKeys (ConfUtils.java:logGet(43)) - raft.server.log.appender.buffer.byte-limit = 33554432 (custom)
2019-10-02 00:47:58,997 [pool-217-thread-1] INFO  server.RaftServerConfigKeys (ConfUtils.java:logGet(43)) - raft.server.log.use.memory = false (default)
2019-10-02 00:47:58,997 [pool-207-thread-1] INFO  server.RaftServerConfigKeys (ConfUtils.java:logGet(43)) - raft.server.log.segment.size.max = 1048576 (custom)
2019-10-02 00:47:58,997 [pool-227-thread-1] INFO  server.RaftServerConfigKeys (ConfUtils.java:logGet(43)) - raft.server.log.use.memory = false (default)
2019-10-02 00:47:58,998 [pool-207-thread-1] INFO  server.RaftServerConfigKeys (ConfUtils.java:logGet(43)) - raft.server.log.segment.cache.num.max = 2 (custom)
2019-10-02 00:47:58,998 [pool-217-thread-1] INFO  server.RaftServerConfigKeys (ConfUtils.java:logGet(43)) - raft.server.log.purge.gap = 1000000 (custom)
2019-10-02 00:47:58,998 [pool-207-thread-1] INFO  segmented.SegmentedRaftLogWorker (SegmentedRaftLogWorker.java:<init>(173)) - new f0c86e92-032b-42fd-b9b7-8c6530d6a6ab@group-8FF67FE6C032-SegmentedRaftLogWorker for RaftStorage:Storage Directory /workdir/hadoop-ozone/integration-test/target/test-dir/MiniOzoneClusterImpl-788e85c3-1b40-40de-b00b-4bdf35f5c40e/datanode-0/data/ratis/3bfb29ef-c5e4-45f9-8a37-8ff67fe6c032
2019-10-02 00:47:58,998 [pool-227-thread-1] INFO  server.RaftServerConfigKeys (ConfUtils.java:logGet(43)) - raft.server.log.purge.gap = 1000000 (custom)
2019-10-02 00:47:58,998 [pool-207-thread-1] INFO  server.RaftServerConfigKeys (ConfUtils.java:logGet(43)) - raft.server.log.queue.byte-limit = 2147483647 (custom)
2019-10-02 00:47:58,998 [pool-217-thread-1] INFO  server.RaftServerConfigKeys (ConfUtils.java:logGet(43)) - raft.server.log.appender.buffer.byte-limit = 33554432 (custom)
2019-10-02 00:47:58,999 [pool-207-thread-1] INFO  server.RaftServerConfigKeys (ConfUtils.java:logGet(43)) - raft.server.log.queue.element-limit = 1024 (custom)
2019-10-02 00:47:58,998 [pool-227-thread-1] INFO  server.RaftServerConfigKeys (ConfUtils.java:logGet(43)) - raft.server.log.appender.buffer.byte-limit = 33554432 (custom)
2019-10-02 00:47:58,999 [pool-207-thread-1] INFO  server.RaftServerConfigKeys (ConfUtils.java:logGet(43)) - raft.server.log.segment.size.max = 1048576 (custom)
2019-10-02 00:47:58,999 [pool-217-thread-1] INFO  server.RaftServerConfigKeys (ConfUtils.java:logGet(43)) - raft.server.log.segment.size.max = 1048576 (custom)
2019-10-02 00:47:58,999 [pool-207-thread-1] INFO  server.RaftServerConfigKeys (ConfUtils.java:logGet(43)) - raft.server.log.preallocated.size = 16384 (custom)
2019-10-02 00:47:58,999 [pool-227-thread-1] INFO  server.RaftServerConfigKeys (ConfUtils.java:logGet(43)) - raft.server.log.segment.size.max = 1048576 (custom)
2019-10-02 00:47:58,999 [pool-207-thread-1] INFO  server.RaftServerConfigKeys (ConfUtils.java:logGet(43)) - raft.server.log.write.buffer.size = 33554432 (custom)
2019-10-02 00:47:58,999 [pool-217-thread-1] INFO  server.RaftServerConfigKeys (ConfUtils.java:logGet(43)) - raft.server.log.segment.cache.num.max = 2 (custom)
2019-10-02 00:47:59,000 [pool-207-thread-1] INFO  server.RaftServerConfigKeys (ConfUtils.java:logGet(43)) - raft.server.log.force.sync.num = 128 (default)
2019-10-02 00:47:59,000 [pool-227-thread-1] INFO  server.RaftServerConfigKeys (ConfUtils.java:logGet(43)) - raft.server.log.segment.cache.num.max = 2 (custom)
2019-10-02 00:47:59,000 [pool-207-thread-1] INFO  server.RaftServerConfigKeys (ConfUtils.java:logGet(43)) - raft.server.log.statemachine.data.sync = true (default)
2019-10-02 00:47:59,000 [pool-217-thread-1] INFO  segmented.SegmentedRaftLogWorker (SegmentedRaftLogWorker.java:<init>(173)) - new 1a5146b9-310d-447a-8c6c-9bc3e23dff82@group-8FF67FE6C032-SegmentedRaftLogWorker for RaftStorage:Storage Directory /workdir/hadoop-ozone/integration-test/target/test-dir/MiniOzoneClusterImpl-788e85c3-1b40-40de-b00b-4bdf35f5c40e/datanode-1/data/ratis/3bfb29ef-c5e4-45f9-8a37-8ff67fe6c032
2019-10-02 00:47:59,000 [pool-207-thread-1] INFO  server.RaftServerConfigKeys (ConfUtils.java:logGet(43)) - raft.server.log.statemachine.data.sync.timeout = 10s (default)
2019-10-02 00:47:59,000 [pool-227-thread-1] INFO  segmented.SegmentedRaftLogWorker (SegmentedRaftLogWorker.java:<init>(173)) - new 9585e4e1-586e-442e-9cea-1465c4d86f2f@group-8FF67FE6C032-SegmentedRaftLogWorker for RaftStorage:Storage Directory /workdir/hadoop-ozone/integration-test/target/test-dir/MiniOzoneClusterImpl-788e85c3-1b40-40de-b00b-4bdf35f5c40e/datanode-2/data/ratis/3bfb29ef-c5e4-45f9-8a37-8ff67fe6c032
2019-10-02 00:47:59,001 [pool-207-thread-1] INFO  server.RaftServerConfigKeys (ConfUtils.java:logGet(43)) - raft.server.log.statemachine.data.sync.timeout.retry = -1 (default)
2019-10-02 00:47:59,000 [pool-217-thread-1] INFO  server.RaftServerConfigKeys (ConfUtils.java:logGet(43)) - raft.server.log.queue.byte-limit = 2147483647 (custom)
2019-10-02 00:47:59,001 [pool-207-thread-1] INFO  server.RaftServerConfigKeys (ConfUtils.java:logGet(43)) - raft.server.log.statemachine.data.caching.enabled = true (custom)
2019-10-02 00:47:59,001 [pool-227-thread-1] INFO  server.RaftServerConfigKeys (ConfUtils.java:logGet(43)) - raft.server.log.queue.byte-limit = 2147483647 (custom)
2019-10-02 00:47:59,001 [pool-217-thread-1] INFO  server.RaftServerConfigKeys (ConfUtils.java:logGet(43)) - raft.server.log.queue.element-limit = 1024 (custom)
2019-10-02 00:47:59,001 [pool-207-thread-1] INFO  segmented.SegmentedRaftLogWorker (SegmentedRaftLogWorker.java:lambda$new$0(128)) - f0c86e92-032b-42fd-b9b7-8c6530d6a6ab@group-8FF67FE6C032-SegmentedRaftLogWorker: flushIndex: setUnconditionally 0 -> -1
2019-10-02 00:47:59,001 [pool-227-thread-1] INFO  server.RaftServerConfigKeys (ConfUtils.java:logGet(43)) - raft.server.log.queue.element-limit = 1024 (custom)
2019-10-02 00:47:59,001 [pool-217-thread-1] INFO  server.RaftServerConfigKeys (ConfUtils.java:logGet(43)) - raft.server.log.segment.size.max = 1048576 (custom)
2019-10-02 00:47:59,002 [pool-207-thread-1] INFO  server.RaftServerConfigKeys (ConfUtils.java:logGet(43)) - raft.server.snapshot.auto.trigger.enabled = true (custom)
2019-10-02 00:47:59,002 [pool-227-thread-1] INFO  server.RaftServerConfigKeys (ConfUtils.java:logGet(43)) - raft.server.log.segment.size.max = 1048576 (custom)
2019-10-02 00:47:59,002 [pool-207-thread-1] INFO  server.RaftServerConfigKeys (ConfUtils.java:logGet(43)) - raft.server.snapshot.auto.trigger.threshold = 10000 (custom)
2019-10-02 00:47:59,002 [pool-217-thread-1] INFO  server.RaftServerConfigKeys (ConfUtils.java:logGet(43)) - raft.server.log.preallocated.size = 16384 (custom)
2019-10-02 00:47:59,002 [pool-207-thread-1] INFO  server.RaftServerConfigKeys (ConfUtils.java:logGet(43)) - raft.server.snapshot.retention.file.num = 5 (custom)
2019-10-02 00:47:59,002 [pool-227-thread-1] INFO  server.RaftServerConfigKeys (ConfUtils.java:logGet(43)) - raft.server.log.preallocated.size = 16384 (custom)
2019-10-02 00:47:59,003 [pool-207-thread-1] INFO  server.RaftServerConfigKeys (ConfUtils.java:logGet(43)) - raft.server.retrycache.expirytime = 600000ms (custom)
2019-10-02 00:47:59,002 [pool-217-thread-1] INFO  server.RaftServerConfigKeys (ConfUtils.java:logGet(43)) - raft.server.log.write.buffer.size = 33554432 (custom)
2019-10-02 00:47:59,003 [pool-227-thread-1] INFO  server.RaftServerConfigKeys (ConfUtils.java:logGet(43)) - raft.server.log.write.buffer.size = 33554432 (custom)
2019-10-02 00:47:59,003 [pool-217-thread-1] INFO  server.RaftServerConfigKeys (ConfUtils.java:logGet(43)) - raft.server.log.force.sync.num = 128 (default)
2019-10-02 00:47:59,003 [pool-227-thread-1] INFO  server.RaftServerConfigKeys (ConfUtils.java:logGet(43)) - raft.server.log.force.sync.num = 128 (default)
2019-10-02 00:47:59,003 [pool-217-thread-1] INFO  server.RaftServerConfigKeys (ConfUtils.java:logGet(43)) - raft.server.log.statemachine.data.sync = true (default)
2019-10-02 00:47:59,003 [pool-227-thread-1] INFO  server.RaftServerConfigKeys (ConfUtils.java:logGet(43)) - raft.server.log.statemachine.data.sync = true (default)
2019-10-02 00:47:59,003 [pool-217-thread-1] INFO  server.RaftServerConfigKeys (ConfUtils.java:logGet(43)) - raft.server.log.statemachine.data.sync.timeout = 10s (default)
2019-10-02 00:47:59,004 [pool-227-thread-1] INFO  server.RaftServerConfigKeys (ConfUtils.java:logGet(43)) - raft.server.log.statemachine.data.sync.timeout = 10s (default)
2019-10-02 00:47:59,004 [pool-217-thread-1] INFO  server.RaftServerConfigKeys (ConfUtils.java:logGet(43)) - raft.server.log.statemachine.data.sync.timeout.retry = -1 (default)
2019-10-02 00:47:59,004 [pool-227-thread-1] INFO  server.RaftServerConfigKeys (ConfUtils.java:logGet(43)) - raft.server.log.statemachine.data.sync.timeout.retry = -1 (default)
2019-10-02 00:47:59,004 [pool-217-thread-1] INFO  server.RaftServerConfigKeys (ConfUtils.java:logGet(43)) - raft.server.log.statemachine.data.caching.enabled = true (custom)
2019-10-02 00:47:59,004 [pool-227-thread-1] INFO  server.RaftServerConfigKeys (ConfUtils.java:logGet(43)) - raft.server.log.statemachine.data.caching.enabled = true (custom)
2019-10-02 00:47:59,004 [pool-217-thread-1] INFO  segmented.SegmentedRaftLogWorker (SegmentedRaftLogWorker.java:lambda$new$0(128)) - 1a5146b9-310d-447a-8c6c-9bc3e23dff82@group-8FF67FE6C032-SegmentedRaftLogWorker: flushIndex: setUnconditionally 0 -> -1
2019-10-02 00:47:59,004 [pool-227-thread-1] INFO  segmented.SegmentedRaftLogWorker (SegmentedRaftLogWorker.java:lambda$new$0(128)) - 9585e4e1-586e-442e-9cea-1465c4d86f2f@group-8FF67FE6C032-SegmentedRaftLogWorker: flushIndex: setUnconditionally 0 -> -1
2019-10-02 00:47:59,005 [pool-217-thread-1] INFO  server.RaftServerConfigKeys (ConfUtils.java:logGet(43)) - raft.server.snapshot.auto.trigger.enabled = true (custom)
2019-10-02 00:47:59,005 [pool-227-thread-1] INFO  server.RaftServerConfigKeys (ConfUtils.java:logGet(43)) - raft.server.snapshot.auto.trigger.enabled = true (custom)
2019-10-02 00:47:59,005 [pool-217-thread-1] INFO  server.RaftServerConfigKeys (ConfUtils.java:logGet(43)) - raft.server.snapshot.auto.trigger.threshold = 10000 (custom)
2019-10-02 00:47:59,005 [pool-207-thread-1] INFO  impl.RaftServerImpl (RaftServerImpl.java:start(181)) - f0c86e92-032b-42fd-b9b7-8c6530d6a6ab@group-8FF67FE6C032: start as a follower, conf=-1: [9585e4e1-586e-442e-9cea-1465c4d86f2f:192.168.151.67:46668, f0c86e92-032b-42fd-b9b7-8c6530d6a6ab:192.168.151.67:42027, 1a5146b9-310d-447a-8c6c-9bc3e23dff82:192.168.151.67:44165], old=null
2019-10-02 00:47:59,005 [pool-227-thread-1] INFO  server.RaftServerConfigKeys (ConfUtils.java:logGet(43)) - raft.server.snapshot.auto.trigger.threshold = 10000 (custom)
2019-10-02 00:47:59,005 [pool-207-thread-1] INFO  impl.RaftServerImpl (RaftServerImpl.java:setRole(170)) - f0c86e92-032b-42fd-b9b7-8c6530d6a6ab@group-8FF67FE6C032: changes role from      null to FOLLOWER at term 0 for startAsFollower
2019-10-02 00:47:59,005 [pool-217-thread-1] INFO  server.RaftServerConfigKeys (ConfUtils.java:logGet(43)) - raft.server.snapshot.retention.file.num = 5 (custom)
2019-10-02 00:47:59,005 [pool-207-thread-1] INFO  impl.RoleInfo (RoleInfo.java:updateAndGet(143)) - f0c86e92-032b-42fd-b9b7-8c6530d6a6ab: start FollowerState
2019-10-02 00:47:59,005 [pool-227-thread-1] INFO  server.RaftServerConfigKeys (ConfUtils.java:logGet(43)) - raft.server.snapshot.retention.file.num = 5 (custom)
2019-10-02 00:47:59,006 [pool-217-thread-1] INFO  server.RaftServerConfigKeys (ConfUtils.java:logGet(43)) - raft.server.retrycache.expirytime = 600000ms (custom)
2019-10-02 00:47:59,006 [pool-227-thread-1] INFO  server.RaftServerConfigKeys (ConfUtils.java:logGet(43)) - raft.server.retrycache.expirytime = 600000ms (custom)
2019-10-02 00:47:59,006 [pool-207-thread-1] INFO  util.JmxRegister (JmxRegister.java:tryRegister(44)) - Successfully registered JMX Bean with object name Ratis:service=RaftServer,group=group-8FF67FE6C032,id=f0c86e92-032b-42fd-b9b7-8c6530d6a6ab
2019-10-02 00:47:59,009 [pool-217-thread-1] INFO  impl.RaftServerImpl (RaftServerImpl.java:start(181)) - 1a5146b9-310d-447a-8c6c-9bc3e23dff82@group-8FF67FE6C032: start as a follower, conf=-1: [9585e4e1-586e-442e-9cea-1465c4d86f2f:192.168.151.67:46668, f0c86e92-032b-42fd-b9b7-8c6530d6a6ab:192.168.151.67:42027, 1a5146b9-310d-447a-8c6c-9bc3e23dff82:192.168.151.67:44165], old=null
2019-10-02 00:47:59,010 [pool-217-thread-1] INFO  impl.RaftServerImpl (RaftServerImpl.java:setRole(170)) - 1a5146b9-310d-447a-8c6c-9bc3e23dff82@group-8FF67FE6C032: changes role from      null to FOLLOWER at term 0 for startAsFollower
2019-10-02 00:47:59,010 [pool-217-thread-1] INFO  impl.RoleInfo (RoleInfo.java:updateAndGet(143)) - 1a5146b9-310d-447a-8c6c-9bc3e23dff82: start FollowerState
2019-10-02 00:47:59,010 [pool-217-thread-1] INFO  util.JmxRegister (JmxRegister.java:tryRegister(44)) - Successfully registered JMX Bean with object name Ratis:service=RaftServer,group=group-8FF67FE6C032,id=1a5146b9-310d-447a-8c6c-9bc3e23dff82
2019-10-02 00:47:59,010 [pool-227-thread-1] INFO  impl.RaftServerImpl (RaftServerImpl.java:start(181)) - 9585e4e1-586e-442e-9cea-1465c4d86f2f@group-8FF67FE6C032: start as a follower, conf=-1: [9585e4e1-586e-442e-9cea-1465c4d86f2f:192.168.151.67:46668, f0c86e92-032b-42fd-b9b7-8c6530d6a6ab:192.168.151.67:42027, 1a5146b9-310d-447a-8c6c-9bc3e23dff82:192.168.151.67:44165], old=null
2019-10-02 00:47:59,010 [pool-227-thread-1] INFO  impl.RaftServerImpl (RaftServerImpl.java:setRole(170)) - 9585e4e1-586e-442e-9cea-1465c4d86f2f@group-8FF67FE6C032: changes role from      null to FOLLOWER at term 0 for startAsFollower
2019-10-02 00:47:59,011 [pool-227-thread-1] INFO  impl.RoleInfo (RoleInfo.java:updateAndGet(143)) - 9585e4e1-586e-442e-9cea-1465c4d86f2f: start FollowerState
2019-10-02 00:47:59,011 [pool-227-thread-1] INFO  util.JmxRegister (JmxRegister.java:tryRegister(44)) - Successfully registered JMX Bean with object name Ratis:service=RaftServer,group=group-8FF67FE6C032,id=9585e4e1-586e-442e-9cea-1465c4d86f2f
2019-10-02 00:47:59,017 [RatisPipelineUtilsThread] INFO  pipeline.PipelineStateManager (PipelineStateManager.java:addPipeline(56)) - Created pipeline Pipeline[ Id: 3bfb29ef-c5e4-45f9-8a37-8ff67fe6c032, Nodes: f0c86e92-032b-42fd-b9b7-8c6530d6a6ab{ip: 192.168.151.67, host: pr-hdds-1984-s47sn-1814639636, networkLocation: /default-rack, certSerialId: null}9585e4e1-586e-442e-9cea-1465c4d86f2f{ip: 192.168.151.67, host: pr-hdds-1984-s47sn-1814639636, networkLocation: /default-rack, certSerialId: null}1a5146b9-310d-447a-8c6c-9bc3e23dff82{ip: 192.168.151.67, host: pr-hdds-1984-s47sn-1814639636, networkLocation: /default-rack, certSerialId: null}, Type:RATIS, Factor:THREE, State:OPEN]
2019-10-02 00:47:59,077 [IPC Server handler 0 on 35343] INFO  net.NetworkTopology (NetworkTopologyImpl.java:add(111)) - Added a new node: /default-rack/af6070a4-3762-485e-9446-832ab43fcf65
2019-10-02 00:47:59,077 [IPC Server handler 0 on 35343] INFO  node.SCMNodeManager (SCMNodeManager.java:register(266)) - Registered Data node : af6070a4-3762-485e-9446-832ab43fcf65{ip: 192.168.151.67, host: pr-hdds-1984-s47sn-1814639636, networkLocation: /default-rack, certSerialId: null}
2019-10-02 00:47:59,085 [grpc-default-executor-1] INFO  impl.RaftServerProxy (RaftServerProxy.java:addNew(89)) - 606d7063-c0d8-44bb-93d5-0ebc9d43d35b: addNew group-167AD8675A48:[606d7063-c0d8-44bb-93d5-0ebc9d43d35b:192.168.151.67:40878] returns group-167AD8675A48:java.util.concurrent.CompletableFuture@44fb19a9[Not completed]
2019-10-02 00:47:59,088 [pool-237-thread-1] INFO  impl.RaftServerImpl (RaftServerImpl.java:<init>(95)) - 606d7063-c0d8-44bb-93d5-0ebc9d43d35b: new RaftServerImpl for group-167AD8675A48:[606d7063-c0d8-44bb-93d5-0ebc9d43d35b:192.168.151.67:40878] with ContainerStateMachine:uninitialized
2019-10-02 00:47:59,088 [pool-237-thread-1] INFO  server.RaftServerConfigKeys (ConfUtils.java:logGet(43)) - raft.server.rpc.timeout.min = 5s (custom)
2019-10-02 00:47:59,088 [pool-237-thread-1] INFO  server.RaftServerConfigKeys (ConfUtils.java:logGet(43)) - raft.server.rpc.timeout.max = 5200ms (custom)
2019-10-02 00:47:59,088 [pool-237-thread-1] INFO  server.RaftServerConfigKeys (ConfUtils.java:logGet(43)) - raft.server.rpcslowness.timeout = 120s (custom)
2019-10-02 00:47:59,088 [pool-237-thread-1] INFO  server.RaftServerConfigKeys (ConfUtils.java:logGet(43)) - raft.server.sleep.deviation.threshold = 300 (default)
2019-10-02 00:47:59,089 [pool-237-thread-1] INFO  server.RaftServerConfigKeys (ConfUtils.java:logGet(43)) - raft.server.log.appender.install.snapshot.enabled = false (custom)
2019-10-02 00:47:59,089 [pool-237-thread-1] INFO  impl.RaftServerImpl (ServerState.java:<init>(103)) - 606d7063-c0d8-44bb-93d5-0ebc9d43d35b@group-167AD8675A48: ConfigurationManager, init=-1: [606d7063-c0d8-44bb-93d5-0ebc9d43d35b:192.168.151.67:40878], old=null, confs=<EMPTY_MAP>
2019-10-02 00:47:59,089 [pool-237-thread-1] INFO  server.RaftServerConfigKeys (ConfUtils.java:logGet(43)) - raft.server.storage.dir = [/workdir/hadoop-ozone/integration-test/target/test-dir/MiniOzoneClusterImpl-788e85c3-1b40-40de-b00b-4bdf35f5c40e/datanode-3/data/ratis] (custom)
2019-10-02 00:47:59,089 [pool-237-thread-1] INFO  server.RaftServerConfigKeys (ConfUtils.java:logGet(43)) - raft.server.log.corruption.policy = EXCEPTION (default)
2019-10-02 00:47:59,090 [pool-237-thread-1] INFO  storage.RaftStorageDirectory (RaftStorageDirectory.java:analyzeStorage(246)) - The storage directory /workdir/hadoop-ozone/integration-test/target/test-dir/MiniOzoneClusterImpl-788e85c3-1b40-40de-b00b-4bdf35f5c40e/datanode-3/data/ratis/65bc1a8f-e480-47d1-af47-167ad8675a48 does not exist. Creating ...
2019-10-02 00:47:59,102 [pool-237-thread-1] INFO  storage.RaftStorageDirectory (RaftStorageDirectory.java:tryLock(328)) - Lock on /workdir/hadoop-ozone/integration-test/target/test-dir/MiniOzoneClusterImpl-788e85c3-1b40-40de-b00b-4bdf35f5c40e/datanode-3/data/ratis/65bc1a8f-e480-47d1-af47-167ad8675a48/in_use.lock acquired by nodename 25347@pr-hdds-1984-s47sn-1814639636
2019-10-02 00:47:59,115 [pool-237-thread-1] INFO  storage.RaftStorage (RaftStorage.java:format(84)) - Storage directory /workdir/hadoop-ozone/integration-test/target/test-dir/MiniOzoneClusterImpl-788e85c3-1b40-40de-b00b-4bdf35f5c40e/datanode-3/data/ratis/65bc1a8f-e480-47d1-af47-167ad8675a48 has been successfully formatted.
2019-10-02 00:47:59,115 [pool-237-thread-1] INFO  ratis.ContainerStateMachine (ContainerStateMachine.java:loadSnapshot(230)) - group-167AD8675A48: The snapshot info is null. Setting the last applied indexto:(t:0, i:~)
2019-10-02 00:47:59,116 [pool-237-thread-1] INFO  server.RaftServerConfigKeys (ConfUtils.java:logGet(43)) - raft.server.notification.no-leader.timeout = 120s (custom)
2019-10-02 00:47:59,116 [pool-237-thread-1] INFO  server.RaftServerConfigKeys (ConfUtils.java:logGet(43)) - raft.server.log.use.memory = false (default)
2019-10-02 00:47:59,116 [pool-237-thread-1] INFO  server.RaftServerConfigKeys (ConfUtils.java:logGet(43)) - raft.server.log.purge.gap = 1000000 (custom)
2019-10-02 00:47:59,116 [pool-237-thread-1] INFO  server.RaftServerConfigKeys (ConfUtils.java:logGet(43)) - raft.server.log.appender.buffer.byte-limit = 33554432 (custom)
2019-10-02 00:47:59,116 [pool-237-thread-1] INFO  server.RaftServerConfigKeys (ConfUtils.java:logGet(43)) - raft.server.log.segment.size.max = 1048576 (custom)
2019-10-02 00:47:59,119 [pool-237-thread-1] INFO  server.RaftServerConfigKeys (ConfUtils.java:logGet(43)) - raft.server.log.segment.cache.num.max = 2 (custom)
2019-10-02 00:47:59,119 [pool-237-thread-1] INFO  segmented.SegmentedRaftLogWorker (SegmentedRaftLogWorker.java:<init>(173)) - new 606d7063-c0d8-44bb-93d5-0ebc9d43d35b@group-167AD8675A48-SegmentedRaftLogWorker for RaftStorage:Storage Directory /workdir/hadoop-ozone/integration-test/target/test-dir/MiniOzoneClusterImpl-788e85c3-1b40-40de-b00b-4bdf35f5c40e/datanode-3/data/ratis/65bc1a8f-e480-47d1-af47-167ad8675a48
2019-10-02 00:47:59,120 [pool-237-thread-1] INFO  server.RaftServerConfigKeys (ConfUtils.java:logGet(43)) - raft.server.log.queue.byte-limit = 2147483647 (custom)
2019-10-02 00:47:59,120 [pool-237-thread-1] INFO  server.RaftServerConfigKeys (ConfUtils.java:logGet(43)) - raft.server.log.queue.element-limit = 1024 (custom)
2019-10-02 00:47:59,120 [pool-237-thread-1] INFO  server.RaftServerConfigKeys (ConfUtils.java:logGet(43)) - raft.server.log.segment.size.max = 1048576 (custom)
2019-10-02 00:47:59,120 [pool-237-thread-1] INFO  server.RaftServerConfigKeys (ConfUtils.java:logGet(43)) - raft.server.log.preallocated.size = 16384 (custom)
2019-10-02 00:47:59,120 [pool-237-thread-1] INFO  server.RaftServerConfigKeys (ConfUtils.java:logGet(43)) - raft.server.log.write.buffer.size = 33554432 (custom)
2019-10-02 00:47:59,120 [pool-237-thread-1] INFO  server.RaftServerConfigKeys (ConfUtils.java:logGet(43)) - raft.server.log.force.sync.num = 128 (default)
2019-10-02 00:47:59,121 [pool-237-thread-1] INFO  server.RaftServerConfigKeys (ConfUtils.java:logGet(43)) - raft.server.log.statemachine.data.sync = true (default)
2019-10-02 00:47:59,121 [pool-237-thread-1] INFO  server.RaftServerConfigKeys (ConfUtils.java:logGet(43)) - raft.server.log.statemachine.data.sync.timeout = 10s (default)
2019-10-02 00:47:59,121 [pool-237-thread-1] INFO  server.RaftServerConfigKeys (ConfUtils.java:logGet(43)) - raft.server.log.statemachine.data.sync.timeout.retry = -1 (default)
2019-10-02 00:47:59,122 [pool-237-thread-1] INFO  server.RaftServerConfigKeys (ConfUtils.java:logGet(43)) - raft.server.log.statemachine.data.caching.enabled = true (custom)
2019-10-02 00:47:59,122 [pool-237-thread-1] INFO  segmented.SegmentedRaftLogWorker (SegmentedRaftLogWorker.java:lambda$new$0(128)) - 606d7063-c0d8-44bb-93d5-0ebc9d43d35b@group-167AD8675A48-SegmentedRaftLogWorker: flushIndex: setUnconditionally 0 -> -1
2019-10-02 00:47:59,122 [pool-237-thread-1] INFO  server.RaftServerConfigKeys (ConfUtils.java:logGet(43)) - raft.server.snapshot.auto.trigger.enabled = true (custom)
2019-10-02 00:47:59,123 [pool-237-thread-1] INFO  server.RaftServerConfigKeys (ConfUtils.java:logGet(43)) - raft.server.snapshot.auto.trigger.threshold = 10000 (custom)
2019-10-02 00:47:59,123 [pool-237-thread-1] INFO  server.RaftServerConfigKeys (ConfUtils.java:logGet(43)) - raft.server.snapshot.retention.file.num = 5 (custom)
2019-10-02 00:47:59,123 [pool-237-thread-1] INFO  server.RaftServerConfigKeys (ConfUtils.java:logGet(43)) - raft.server.retrycache.expirytime = 600000ms (custom)
2019-10-02 00:47:59,126 [pool-237-thread-1] INFO  impl.RaftServerImpl (RaftServerImpl.java:start(181)) - 606d7063-c0d8-44bb-93d5-0ebc9d43d35b@group-167AD8675A48: start as a follower, conf=-1: [606d7063-c0d8-44bb-93d5-0ebc9d43d35b:192.168.151.67:40878], old=null
2019-10-02 00:47:59,126 [pool-237-thread-1] INFO  impl.RaftServerImpl (RaftServerImpl.java:setRole(170)) - 606d7063-c0d8-44bb-93d5-0ebc9d43d35b@group-167AD8675A48: changes role from      null to FOLLOWER at term 0 for startAsFollower
2019-10-02 00:47:59,126 [pool-237-thread-1] INFO  impl.RoleInfo (RoleInfo.java:updateAndGet(143)) - 606d7063-c0d8-44bb-93d5-0ebc9d43d35b: start FollowerState
2019-10-02 00:47:59,126 [pool-237-thread-1] INFO  util.JmxRegister (JmxRegister.java:tryRegister(44)) - Successfully registered JMX Bean with object name Ratis:service=RaftServer,group=group-167AD8675A48,id=606d7063-c0d8-44bb-93d5-0ebc9d43d35b
2019-10-02 00:47:59,134 [RatisPipelineUtilsThread] INFO  pipeline.PipelineStateManager (PipelineStateManager.java:addPipeline(56)) - Created pipeline Pipeline[ Id: 65bc1a8f-e480-47d1-af47-167ad8675a48, Nodes: 606d7063-c0d8-44bb-93d5-0ebc9d43d35b{ip: 192.168.151.67, host: pr-hdds-1984-s47sn-1814639636, networkLocation: /default-rack, certSerialId: null}, Type:RATIS, Factor:ONE, State:OPEN]
2019-10-02 00:47:59,145 [grpc-default-executor-1] INFO  impl.RaftServerProxy (RaftServerProxy.java:addNew(89)) - af6070a4-3762-485e-9446-832ab43fcf65: addNew group-A0187E54D1A0:[af6070a4-3762-485e-9446-832ab43fcf65:192.168.151.67:40658] returns group-A0187E54D1A0:java.util.concurrent.CompletableFuture@439bd060[Not completed]
2019-10-02 00:47:59,146 [IPC Server handler 1 on 35343] INFO  net.NetworkTopology (NetworkTopologyImpl.java:add(111)) - Added a new node: /default-rack/069cc059-e5ec-4d1e-9acb-16348c281124
2019-10-02 00:47:59,146 [IPC Server handler 1 on 35343] INFO  node.SCMNodeManager (SCMNodeManager.java:register(266)) - Registered Data node : 069cc059-e5ec-4d1e-9acb-16348c281124{ip: 192.168.151.67, host: pr-hdds-1984-s47sn-1814639636, networkLocation: /default-rack, certSerialId: null}
2019-10-02 00:47:59,146 [pool-247-thread-1] INFO  impl.RaftServerImpl (RaftServerImpl.java:<init>(95)) - af6070a4-3762-485e-9446-832ab43fcf65: new RaftServerImpl for group-A0187E54D1A0:[af6070a4-3762-485e-9446-832ab43fcf65:192.168.151.67:40658] with ContainerStateMachine:uninitialized
2019-10-02 00:47:59,147 [pool-247-thread-1] INFO  server.RaftServerConfigKeys (ConfUtils.java:logGet(43)) - raft.server.rpc.timeout.min = 5s (custom)
2019-10-02 00:47:59,147 [pool-247-thread-1] INFO  server.RaftServerConfigKeys (ConfUtils.java:logGet(43)) - raft.server.rpc.timeout.max = 5200ms (custom)
2019-10-02 00:47:59,147 [pool-247-thread-1] INFO  server.RaftServerConfigKeys (ConfUtils.java:logGet(43)) - raft.server.rpcslowness.timeout = 120s (custom)
2019-10-02 00:47:59,147 [pool-247-thread-1] INFO  server.RaftServerConfigKeys (ConfUtils.java:logGet(43)) - raft.server.sleep.deviation.threshold = 300 (default)
2019-10-02 00:47:59,148 [pool-247-thread-1] INFO  server.RaftServerConfigKeys (ConfUtils.java:logGet(43)) - raft.server.log.appender.install.snapshot.enabled = false (custom)
2019-10-02 00:47:59,148 [pool-247-thread-1] INFO  impl.RaftServerImpl (ServerState.java:<init>(103)) - af6070a4-3762-485e-9446-832ab43fcf65@group-A0187E54D1A0: ConfigurationManager, init=-1: [af6070a4-3762-485e-9446-832ab43fcf65:192.168.151.67:40658], old=null, confs=<EMPTY_MAP>
2019-10-02 00:47:59,148 [pool-247-thread-1] INFO  server.RaftServerConfigKeys (ConfUtils.java:logGet(43)) - raft.server.storage.dir = [/workdir/hadoop-ozone/integration-test/target/test-dir/MiniOzoneClusterImpl-788e85c3-1b40-40de-b00b-4bdf35f5c40e/datanode-4/data/ratis] (custom)
2019-10-02 00:47:59,148 [pool-247-thread-1] INFO  server.RaftServerConfigKeys (ConfUtils.java:logGet(43)) - raft.server.log.corruption.policy = EXCEPTION (default)
2019-10-02 00:47:59,149 [pool-247-thread-1] INFO  storage.RaftStorageDirectory (RaftStorageDirectory.java:analyzeStorage(246)) - The storage directory /workdir/hadoop-ozone/integration-test/target/test-dir/MiniOzoneClusterImpl-788e85c3-1b40-40de-b00b-4bdf35f5c40e/datanode-4/data/ratis/8c4cbeca-9822-452b-945a-a0187e54d1a0 does not exist. Creating ...
2019-10-02 00:47:59,162 [pool-247-thread-1] INFO  storage.RaftStorageDirectory (RaftStorageDirectory.java:tryLock(328)) - Lock on /workdir/hadoop-ozone/integration-test/target/test-dir/MiniOzoneClusterImpl-788e85c3-1b40-40de-b00b-4bdf35f5c40e/datanode-4/data/ratis/8c4cbeca-9822-452b-945a-a0187e54d1a0/in_use.lock acquired by nodename 25347@pr-hdds-1984-s47sn-1814639636
2019-10-02 00:47:59,174 [pool-247-thread-1] INFO  storage.RaftStorage (RaftStorage.java:format(84)) - Storage directory /workdir/hadoop-ozone/integration-test/target/test-dir/MiniOzoneClusterImpl-788e85c3-1b40-40de-b00b-4bdf35f5c40e/datanode-4/data/ratis/8c4cbeca-9822-452b-945a-a0187e54d1a0 has been successfully formatted.
2019-10-02 00:47:59,175 [pool-247-thread-1] INFO  ratis.ContainerStateMachine (ContainerStateMachine.java:loadSnapshot(230)) - group-A0187E54D1A0: The snapshot info is null. Setting the last applied indexto:(t:0, i:~)
2019-10-02 00:47:59,175 [pool-247-thread-1] INFO  server.RaftServerConfigKeys (ConfUtils.java:logGet(43)) - raft.server.notification.no-leader.timeout = 120s (custom)
2019-10-02 00:47:59,175 [pool-247-thread-1] INFO  server.RaftServerConfigKeys (ConfUtils.java:logGet(43)) - raft.server.log.use.memory = false (default)
2019-10-02 00:47:59,175 [pool-247-thread-1] INFO  server.RaftServerConfigKeys (ConfUtils.java:logGet(43)) - raft.server.log.purge.gap = 1000000 (custom)
2019-10-02 00:47:59,175 [pool-247-thread-1] INFO  server.RaftServerConfigKeys (ConfUtils.java:logGet(43)) - raft.server.log.appender.buffer.byte-limit = 33554432 (custom)
2019-10-02 00:47:59,175 [pool-247-thread-1] INFO  server.RaftServerConfigKeys (ConfUtils.java:logGet(43)) - raft.server.log.segment.size.max = 1048576 (custom)
2019-10-02 00:47:59,178 [pool-247-thread-1] INFO  server.RaftServerConfigKeys (ConfUtils.java:logGet(43)) - raft.server.log.segment.cache.num.max = 2 (custom)
2019-10-02 00:47:59,178 [pool-247-thread-1] INFO  segmented.SegmentedRaftLogWorker (SegmentedRaftLogWorker.java:<init>(173)) - new af6070a4-3762-485e-9446-832ab43fcf65@group-A0187E54D1A0-SegmentedRaftLogWorker for RaftStorage:Storage Directory /workdir/hadoop-ozone/integration-test/target/test-dir/MiniOzoneClusterImpl-788e85c3-1b40-40de-b00b-4bdf35f5c40e/datanode-4/data/ratis/8c4cbeca-9822-452b-945a-a0187e54d1a0
2019-10-02 00:47:59,178 [pool-247-thread-1] INFO  server.RaftServerConfigKeys (ConfUtils.java:logGet(43)) - raft.server.log.queue.byte-limit = 2147483647 (custom)
2019-10-02 00:47:59,178 [pool-247-thread-1] INFO  server.RaftServerConfigKeys (ConfUtils.java:logGet(43)) - raft.server.log.queue.element-limit = 1024 (custom)
2019-10-02 00:47:59,178 [pool-247-thread-1] INFO  server.RaftServerConfigKeys (ConfUtils.java:logGet(43)) - raft.server.log.segment.size.max = 1048576 (custom)
2019-10-02 00:47:59,178 [pool-247-thread-1] INFO  server.RaftServerConfigKeys (ConfUtils.java:logGet(43)) - raft.server.log.preallocated.size = 16384 (custom)
2019-10-02 00:47:59,179 [pool-247-thread-1] INFO  server.RaftServerConfigKeys (ConfUtils.java:logGet(43)) - raft.server.log.write.buffer.size = 33554432 (custom)
2019-10-02 00:47:59,179 [pool-247-thread-1] INFO  server.RaftServerConfigKeys (ConfUtils.java:logGet(43)) - raft.server.log.force.sync.num = 128 (default)
2019-10-02 00:47:59,179 [pool-247-thread-1] INFO  server.RaftServerConfigKeys (ConfUtils.java:logGet(43)) - raft.server.log.statemachine.data.sync = true (default)
2019-10-02 00:47:59,179 [pool-247-thread-1] INFO  server.RaftServerConfigKeys (ConfUtils.java:logGet(43)) - raft.server.log.statemachine.data.sync.timeout = 10s (default)
2019-10-02 00:47:59,179 [pool-247-thread-1] INFO  server.RaftServerConfigKeys (ConfUtils.java:logGet(43)) - raft.server.log.statemachine.data.sync.timeout.retry = -1 (default)
2019-10-02 00:47:59,180 [pool-247-thread-1] INFO  server.RaftServerConfigKeys (ConfUtils.java:logGet(43)) - raft.server.log.statemachine.data.caching.enabled = true (custom)
2019-10-02 00:47:59,180 [pool-247-thread-1] INFO  segmented.SegmentedRaftLogWorker (SegmentedRaftLogWorker.java:lambda$new$0(128)) - af6070a4-3762-485e-9446-832ab43fcf65@group-A0187E54D1A0-SegmentedRaftLogWorker: flushIndex: setUnconditionally 0 -> -1
2019-10-02 00:47:59,180 [pool-247-thread-1] INFO  server.RaftServerConfigKeys (ConfUtils.java:logGet(43)) - raft.server.snapshot.auto.trigger.enabled = true (custom)
2019-10-02 00:47:59,181 [pool-247-thread-1] INFO  server.RaftServerConfigKeys (ConfUtils.java:logGet(43)) - raft.server.snapshot.auto.trigger.threshold = 10000 (custom)
2019-10-02 00:47:59,181 [pool-247-thread-1] INFO  server.RaftServerConfigKeys (ConfUtils.java:logGet(43)) - raft.server.snapshot.retention.file.num = 5 (custom)
2019-10-02 00:47:59,181 [pool-247-thread-1] INFO  server.RaftServerConfigKeys (ConfUtils.java:logGet(43)) - raft.server.retrycache.expirytime = 600000ms (custom)
2019-10-02 00:47:59,183 [pool-247-thread-1] INFO  impl.RaftServerImpl (RaftServerImpl.java:start(181)) - af6070a4-3762-485e-9446-832ab43fcf65@group-A0187E54D1A0: start as a follower, conf=-1: [af6070a4-3762-485e-9446-832ab43fcf65:192.168.151.67:40658], old=null
2019-10-02 00:47:59,183 [pool-247-thread-1] INFO  impl.RaftServerImpl (RaftServerImpl.java:setRole(170)) - af6070a4-3762-485e-9446-832ab43fcf65@group-A0187E54D1A0: changes role from      null to FOLLOWER at term 0 for startAsFollower
2019-10-02 00:47:59,183 [pool-247-thread-1] INFO  impl.RoleInfo (RoleInfo.java:updateAndGet(143)) - af6070a4-3762-485e-9446-832ab43fcf65: start FollowerState
2019-10-02 00:47:59,184 [pool-247-thread-1] INFO  util.JmxRegister (JmxRegister.java:tryRegister(44)) - Successfully registered JMX Bean with object name Ratis:service=RaftServer,group=group-A0187E54D1A0,id=af6070a4-3762-485e-9446-832ab43fcf65
2019-10-02 00:47:59,188 [RatisPipelineUtilsThread] INFO  pipeline.PipelineStateManager (PipelineStateManager.java:addPipeline(56)) - Created pipeline Pipeline[ Id: 8c4cbeca-9822-452b-945a-a0187e54d1a0, Nodes: af6070a4-3762-485e-9446-832ab43fcf65{ip: 192.168.151.67, host: pr-hdds-1984-s47sn-1814639636, networkLocation: /default-rack, certSerialId: null}, Type:RATIS, Factor:ONE, State:OPEN]
2019-10-02 00:47:59,206 [grpc-default-executor-1] INFO  impl.RaftServerProxy (RaftServerProxy.java:addNew(89)) - 069cc059-e5ec-4d1e-9acb-16348c281124: addNew group-EF8418A318C6:[069cc059-e5ec-4d1e-9acb-16348c281124:192.168.151.67:34692] returns group-EF8418A318C6:java.util.concurrent.CompletableFuture@6dca155d[Not completed]
2019-10-02 00:47:59,207 [pool-257-thread-1] INFO  impl.RaftServerImpl (RaftServerImpl.java:<init>(95)) - 069cc059-e5ec-4d1e-9acb-16348c281124: new RaftServerImpl for group-EF8418A318C6:[069cc059-e5ec-4d1e-9acb-16348c281124:192.168.151.67:34692] with ContainerStateMachine:uninitialized
2019-10-02 00:47:59,208 [pool-257-thread-1] INFO  server.RaftServerConfigKeys (ConfUtils.java:logGet(43)) - raft.server.rpc.timeout.min = 5s (custom)
2019-10-02 00:47:59,208 [pool-257-thread-1] INFO  server.RaftServerConfigKeys (ConfUtils.java:logGet(43)) - raft.server.rpc.timeout.max = 5200ms (custom)
2019-10-02 00:47:59,208 [pool-257-thread-1] INFO  server.RaftServerConfigKeys (ConfUtils.java:logGet(43)) - raft.server.rpcslowness.timeout = 120s (custom)
2019-10-02 00:47:59,208 [pool-257-thread-1] INFO  server.RaftServerConfigKeys (ConfUtils.java:logGet(43)) - raft.server.sleep.deviation.threshold = 300 (default)
2019-10-02 00:47:59,208 [pool-257-thread-1] INFO  server.RaftServerConfigKeys (ConfUtils.java:logGet(43)) - raft.server.log.appender.install.snapshot.enabled = false (custom)
2019-10-02 00:47:59,208 [pool-257-thread-1] INFO  impl.RaftServerImpl (ServerState.java:<init>(103)) - 069cc059-e5ec-4d1e-9acb-16348c281124@group-EF8418A318C6: ConfigurationManager, init=-1: [069cc059-e5ec-4d1e-9acb-16348c281124:192.168.151.67:34692], old=null, confs=<EMPTY_MAP>
2019-10-02 00:47:59,209 [pool-257-thread-1] INFO  server.RaftServerConfigKeys (ConfUtils.java:logGet(43)) - raft.server.storage.dir = [/workdir/hadoop-ozone/integration-test/target/test-dir/MiniOzoneClusterImpl-788e85c3-1b40-40de-b00b-4bdf35f5c40e/datanode-5/data/ratis] (custom)
2019-10-02 00:47:59,209 [pool-257-thread-1] INFO  server.RaftServerConfigKeys (ConfUtils.java:logGet(43)) - raft.server.log.corruption.policy = EXCEPTION (default)
2019-10-02 00:47:59,209 [pool-257-thread-1] INFO  storage.RaftStorageDirectory (RaftStorageDirectory.java:analyzeStorage(246)) - The storage directory /workdir/hadoop-ozone/integration-test/target/test-dir/MiniOzoneClusterImpl-788e85c3-1b40-40de-b00b-4bdf35f5c40e/datanode-5/data/ratis/de05c4e8-93c2-4cc6-8f5d-ef8418a318c6 does not exist. Creating ...
2019-10-02 00:47:59,222 [pool-257-thread-1] INFO  storage.RaftStorageDirectory (RaftStorageDirectory.java:tryLock(328)) - Lock on /workdir/hadoop-ozone/integration-test/target/test-dir/MiniOzoneClusterImpl-788e85c3-1b40-40de-b00b-4bdf35f5c40e/datanode-5/data/ratis/de05c4e8-93c2-4cc6-8f5d-ef8418a318c6/in_use.lock acquired by nodename 25347@pr-hdds-1984-s47sn-1814639636
2019-10-02 00:47:59,227 [main] INFO  ozone.MiniOzoneClusterImpl (MiniOzoneClusterImpl.java:lambda$waitForClusterToBeReady$0(147)) - Waiting for cluster to be ready. Got 6 of 7 DN Heartbeats.
2019-10-02 00:47:59,227 [IPC Server handler 2 on 35343] INFO  net.NetworkTopology (NetworkTopologyImpl.java:add(111)) - Added a new node: /default-rack/502fb85b-a29e-44f8-b2d1-a1b35ff790ca
2019-10-02 00:47:59,227 [IPC Server handler 2 on 35343] INFO  node.SCMNodeManager (SCMNodeManager.java:register(266)) - Registered Data node : 502fb85b-a29e-44f8-b2d1-a1b35ff790ca{ip: 192.168.151.67, host: pr-hdds-1984-s47sn-1814639636, networkLocation: /default-rack, certSerialId: null}
2019-10-02 00:47:59,235 [pool-257-thread-1] INFO  storage.RaftStorage (RaftStorage.java:format(84)) - Storage directory /workdir/hadoop-ozone/integration-test/target/test-dir/MiniOzoneClusterImpl-788e85c3-1b40-40de-b00b-4bdf35f5c40e/datanode-5/data/ratis/de05c4e8-93c2-4cc6-8f5d-ef8418a318c6 has been successfully formatted.
2019-10-02 00:47:59,235 [pool-257-thread-1] INFO  ratis.ContainerStateMachine (ContainerStateMachine.java:loadSnapshot(230)) - group-EF8418A318C6: The snapshot info is null. Setting the last applied indexto:(t:0, i:~)
2019-10-02 00:47:59,235 [pool-257-thread-1] INFO  server.RaftServerConfigKeys (ConfUtils.java:logGet(43)) - raft.server.notification.no-leader.timeout = 120s (custom)
2019-10-02 00:47:59,235 [pool-257-thread-1] INFO  server.RaftServerConfigKeys (ConfUtils.java:logGet(43)) - raft.server.log.use.memory = false (default)
2019-10-02 00:47:59,236 [pool-257-thread-1] INFO  server.RaftServerConfigKeys (ConfUtils.java:logGet(43)) - raft.server.log.purge.gap = 1000000 (custom)
2019-10-02 00:47:59,236 [pool-257-thread-1] INFO  server.RaftServerConfigKeys (ConfUtils.java:logGet(43)) - raft.server.log.appender.buffer.byte-limit = 33554432 (custom)
2019-10-02 00:47:59,236 [pool-257-thread-1] INFO  server.RaftServerConfigKeys (ConfUtils.java:logGet(43)) - raft.server.log.segment.size.max = 1048576 (custom)
2019-10-02 00:47:59,238 [pool-257-thread-1] INFO  server.RaftServerConfigKeys (ConfUtils.java:logGet(43)) - raft.server.log.segment.cache.num.max = 2 (custom)
2019-10-02 00:47:59,238 [pool-257-thread-1] INFO  segmented.SegmentedRaftLogWorker (SegmentedRaftLogWorker.java:<init>(173)) - new 069cc059-e5ec-4d1e-9acb-16348c281124@group-EF8418A318C6-SegmentedRaftLogWorker for RaftStorage:Storage Directory /workdir/hadoop-ozone/integration-test/target/test-dir/MiniOzoneClusterImpl-788e85c3-1b40-40de-b00b-4bdf35f5c40e/datanode-5/data/ratis/de05c4e8-93c2-4cc6-8f5d-ef8418a318c6
2019-10-02 00:47:59,238 [pool-257-thread-1] INFO  server.RaftServerConfigKeys (ConfUtils.java:logGet(43)) - raft.server.log.queue.byte-limit = 2147483647 (custom)
2019-10-02 00:47:59,238 [pool-257-thread-1] INFO  server.RaftServerConfigKeys (ConfUtils.java:logGet(43)) - raft.server.log.queue.element-limit = 1024 (custom)
2019-10-02 00:47:59,238 [pool-257-thread-1] INFO  server.RaftServerConfigKeys (ConfUtils.java:logGet(43)) - raft.server.log.segment.size.max = 1048576 (custom)
2019-10-02 00:47:59,238 [pool-257-thread-1] INFO  server.RaftServerConfigKeys (ConfUtils.java:logGet(43)) - raft.server.log.preallocated.size = 16384 (custom)
2019-10-02 00:47:59,239 [pool-257-thread-1] INFO  server.RaftServerConfigKeys (ConfUtils.java:logGet(43)) - raft.server.log.write.buffer.size = 33554432 (custom)
2019-10-02 00:47:59,239 [pool-257-thread-1] INFO  server.RaftServerConfigKeys (ConfUtils.java:logGet(43)) - raft.server.log.force.sync.num = 128 (default)
2019-10-02 00:47:59,239 [pool-257-thread-1] INFO  server.RaftServerConfigKeys (ConfUtils.java:logGet(43)) - raft.server.log.statemachine.data.sync = true (default)
2019-10-02 00:47:59,239 [pool-257-thread-1] INFO  server.RaftServerConfigKeys (ConfUtils.java:logGet(43)) - raft.server.log.statemachine.data.sync.timeout = 10s (default)
2019-10-02 00:47:59,239 [pool-257-thread-1] INFO  server.RaftServerConfigKeys (ConfUtils.java:logGet(43)) - raft.server.log.statemachine.data.sync.timeout.retry = -1 (default)
2019-10-02 00:47:59,240 [pool-257-thread-1] INFO  server.RaftServerConfigKeys (ConfUtils.java:logGet(43)) - raft.server.log.statemachine.data.caching.enabled = true (custom)
2019-10-02 00:47:59,240 [pool-257-thread-1] INFO  segmented.SegmentedRaftLogWorker (SegmentedRaftLogWorker.java:lambda$new$0(128)) - 069cc059-e5ec-4d1e-9acb-16348c281124@group-EF8418A318C6-SegmentedRaftLogWorker: flushIndex: setUnconditionally 0 -> -1
2019-10-02 00:47:59,240 [pool-257-thread-1] INFO  server.RaftServerConfigKeys (ConfUtils.java:logGet(43)) - raft.server.snapshot.auto.trigger.enabled = true (custom)
2019-10-02 00:47:59,240 [pool-257-thread-1] INFO  server.RaftServerConfigKeys (ConfUtils.java:logGet(43)) - raft.server.snapshot.auto.trigger.threshold = 10000 (custom)
2019-10-02 00:47:59,241 [pool-257-thread-1] INFO  server.RaftServerConfigKeys (ConfUtils.java:logGet(43)) - raft.server.snapshot.retention.file.num = 5 (custom)
2019-10-02 00:47:59,241 [pool-257-thread-1] INFO  server.RaftServerConfigKeys (ConfUtils.java:logGet(43)) - raft.server.retrycache.expirytime = 600000ms (custom)
2019-10-02 00:47:59,242 [pool-257-thread-1] INFO  impl.RaftServerImpl (RaftServerImpl.java:start(181)) - 069cc059-e5ec-4d1e-9acb-16348c281124@group-EF8418A318C6: start as a follower, conf=-1: [069cc059-e5ec-4d1e-9acb-16348c281124:192.168.151.67:34692], old=null
2019-10-02 00:47:59,243 [pool-257-thread-1] INFO  impl.RaftServerImpl (RaftServerImpl.java:setRole(170)) - 069cc059-e5ec-4d1e-9acb-16348c281124@group-EF8418A318C6: changes role from      null to FOLLOWER at term 0 for startAsFollower
2019-10-02 00:47:59,243 [pool-257-thread-1] INFO  impl.RoleInfo (RoleInfo.java:updateAndGet(143)) - 069cc059-e5ec-4d1e-9acb-16348c281124: start FollowerState
2019-10-02 00:47:59,243 [pool-257-thread-1] INFO  util.JmxRegister (JmxRegister.java:tryRegister(44)) - Successfully registered JMX Bean with object name Ratis:service=RaftServer,group=group-EF8418A318C6,id=069cc059-e5ec-4d1e-9acb-16348c281124
2019-10-02 00:47:59,247 [RatisPipelineUtilsThread] INFO  pipeline.PipelineStateManager (PipelineStateManager.java:addPipeline(56)) - Created pipeline Pipeline[ Id: de05c4e8-93c2-4cc6-8f5d-ef8418a318c6, Nodes: 069cc059-e5ec-4d1e-9acb-16348c281124{ip: 192.168.151.67, host: pr-hdds-1984-s47sn-1814639636, networkLocation: /default-rack, certSerialId: null}, Type:RATIS, Factor:ONE, State:OPEN]
2019-10-02 00:47:59,255 [grpc-default-executor-1] INFO  impl.RaftServerProxy (RaftServerProxy.java:addNew(89)) - 502fb85b-a29e-44f8-b2d1-a1b35ff790ca: addNew group-6BC3D337FF53:[502fb85b-a29e-44f8-b2d1-a1b35ff790ca:192.168.151.67:36254] returns group-6BC3D337FF53:java.util.concurrent.CompletableFuture@77b61d58[Not completed]
2019-10-02 00:47:59,256 [pool-267-thread-1] INFO  impl.RaftServerImpl (RaftServerImpl.java:<init>(95)) - 502fb85b-a29e-44f8-b2d1-a1b35ff790ca: new RaftServerImpl for group-6BC3D337FF53:[502fb85b-a29e-44f8-b2d1-a1b35ff790ca:192.168.151.67:36254] with ContainerStateMachine:uninitialized
2019-10-02 00:47:59,256 [pool-267-thread-1] INFO  server.RaftServerConfigKeys (ConfUtils.java:logGet(43)) - raft.server.rpc.timeout.min = 5s (custom)
2019-10-02 00:47:59,256 [pool-267-thread-1] INFO  server.RaftServerConfigKeys (ConfUtils.java:logGet(43)) - raft.server.rpc.timeout.max = 5200ms (custom)
2019-10-02 00:47:59,257 [pool-267-thread-1] INFO  server.RaftServerConfigKeys (ConfUtils.java:logGet(43)) - raft.server.rpcslowness.timeout = 120s (custom)
2019-10-02 00:47:59,257 [pool-267-thread-1] INFO  server.RaftServerConfigKeys (ConfUtils.java:logGet(43)) - raft.server.sleep.deviation.threshold = 300 (default)
2019-10-02 00:47:59,257 [pool-267-thread-1] INFO  server.RaftServerConfigKeys (ConfUtils.java:logGet(43)) - raft.server.log.appender.install.snapshot.enabled = false (custom)
2019-10-02 00:47:59,257 [pool-267-thread-1] INFO  impl.RaftServerImpl (ServerState.java:<init>(103)) - 502fb85b-a29e-44f8-b2d1-a1b35ff790ca@group-6BC3D337FF53: ConfigurationManager, init=-1: [502fb85b-a29e-44f8-b2d1-a1b35ff790ca:192.168.151.67:36254], old=null, confs=<EMPTY_MAP>
2019-10-02 00:47:59,257 [pool-267-thread-1] INFO  server.RaftServerConfigKeys (ConfUtils.java:logGet(43)) - raft.server.storage.dir = [/workdir/hadoop-ozone/integration-test/target/test-dir/MiniOzoneClusterImpl-788e85c3-1b40-40de-b00b-4bdf35f5c40e/datanode-6/data/ratis] (custom)
2019-10-02 00:47:59,257 [pool-267-thread-1] INFO  server.RaftServerConfigKeys (ConfUtils.java:logGet(43)) - raft.server.log.corruption.policy = EXCEPTION (default)
2019-10-02 00:47:59,258 [pool-267-thread-1] INFO  storage.RaftStorageDirectory (RaftStorageDirectory.java:analyzeStorage(246)) - The storage directory /workdir/hadoop-ozone/integration-test/target/test-dir/MiniOzoneClusterImpl-788e85c3-1b40-40de-b00b-4bdf35f5c40e/datanode-6/data/ratis/d2236ddc-6679-444b-a84a-6bc3d337ff53 does not exist. Creating ...
2019-10-02 00:47:59,270 [pool-267-thread-1] INFO  storage.RaftStorageDirectory (RaftStorageDirectory.java:tryLock(328)) - Lock on /workdir/hadoop-ozone/integration-test/target/test-dir/MiniOzoneClusterImpl-788e85c3-1b40-40de-b00b-4bdf35f5c40e/datanode-6/data/ratis/d2236ddc-6679-444b-a84a-6bc3d337ff53/in_use.lock acquired by nodename 25347@pr-hdds-1984-s47sn-1814639636
2019-10-02 00:47:59,284 [pool-267-thread-1] INFO  storage.RaftStorage (RaftStorage.java:format(84)) - Storage directory /workdir/hadoop-ozone/integration-test/target/test-dir/MiniOzoneClusterImpl-788e85c3-1b40-40de-b00b-4bdf35f5c40e/datanode-6/data/ratis/d2236ddc-6679-444b-a84a-6bc3d337ff53 has been successfully formatted.
2019-10-02 00:47:59,284 [pool-267-thread-1] INFO  ratis.ContainerStateMachine (ContainerStateMachine.java:loadSnapshot(230)) - group-6BC3D337FF53: The snapshot info is null. Setting the last applied indexto:(t:0, i:~)
2019-10-02 00:47:59,284 [pool-267-thread-1] INFO  server.RaftServerConfigKeys (ConfUtils.java:logGet(43)) - raft.server.notification.no-leader.timeout = 120s (custom)
2019-10-02 00:47:59,284 [pool-267-thread-1] INFO  server.RaftServerConfigKeys (ConfUtils.java:logGet(43)) - raft.server.log.use.memory = false (default)
2019-10-02 00:47:59,284 [pool-267-thread-1] INFO  server.RaftServerConfigKeys (ConfUtils.java:logGet(43)) - raft.server.log.purge.gap = 1000000 (custom)
2019-10-02 00:47:59,284 [pool-267-thread-1] INFO  server.RaftServerConfigKeys (ConfUtils.java:logGet(43)) - raft.server.log.appender.buffer.byte-limit = 33554432 (custom)
2019-10-02 00:47:59,285 [pool-267-thread-1] INFO  server.RaftServerConfigKeys (ConfUtils.java:logGet(43)) - raft.server.log.segment.size.max = 1048576 (custom)
2019-10-02 00:47:59,286 [pool-267-thread-1] INFO  server.RaftServerConfigKeys (ConfUtils.java:logGet(43)) - raft.server.log.segment.cache.num.max = 2 (custom)
2019-10-02 00:47:59,286 [pool-267-thread-1] INFO  segmented.SegmentedRaftLogWorker (SegmentedRaftLogWorker.java:<init>(173)) - new 502fb85b-a29e-44f8-b2d1-a1b35ff790ca@group-6BC3D337FF53-SegmentedRaftLogWorker for RaftStorage:Storage Directory /workdir/hadoop-ozone/integration-test/target/test-dir/MiniOzoneClusterImpl-788e85c3-1b40-40de-b00b-4bdf35f5c40e/datanode-6/data/ratis/d2236ddc-6679-444b-a84a-6bc3d337ff53
2019-10-02 00:47:59,287 [pool-267-thread-1] INFO  server.RaftServerConfigKeys (ConfUtils.java:logGet(43)) - raft.server.log.queue.byte-limit = 2147483647 (custom)
2019-10-02 00:47:59,287 [pool-267-thread-1] INFO  server.RaftServerConfigKeys (ConfUtils.java:logGet(43)) - raft.server.log.queue.element-limit = 1024 (custom)
2019-10-02 00:47:59,287 [pool-267-thread-1] INFO  server.RaftServerConfigKeys (ConfUtils.java:logGet(43)) - raft.server.log.segment.size.max = 1048576 (custom)
2019-10-02 00:47:59,287 [pool-267-thread-1] INFO  server.RaftServerConfigKeys (ConfUtils.java:logGet(43)) - raft.server.log.preallocated.size = 16384 (custom)
2019-10-02 00:47:59,287 [pool-267-thread-1] INFO  server.RaftServerConfigKeys (ConfUtils.java:logGet(43)) - raft.server.log.write.buffer.size = 33554432 (custom)
2019-10-02 00:47:59,287 [pool-267-thread-1] INFO  server.RaftServerConfigKeys (ConfUtils.java:logGet(43)) - raft.server.log.force.sync.num = 128 (default)
2019-10-02 00:47:59,288 [pool-267-thread-1] INFO  server.RaftServerConfigKeys (ConfUtils.java:logGet(43)) - raft.server.log.statemachine.data.sync = true (default)
2019-10-02 00:47:59,288 [pool-267-thread-1] INFO  server.RaftServerConfigKeys (ConfUtils.java:logGet(43)) - raft.server.log.statemachine.data.sync.timeout = 10s (default)
2019-10-02 00:47:59,288 [pool-267-thread-1] INFO  server.RaftServerConfigKeys (ConfUtils.java:logGet(43)) - raft.server.log.statemachine.data.sync.timeout.retry = -1 (default)
2019-10-02 00:47:59,288 [pool-267-thread-1] INFO  server.RaftServerConfigKeys (ConfUtils.java:logGet(43)) - raft.server.log.statemachine.data.caching.enabled = true (custom)
2019-10-02 00:47:59,289 [pool-267-thread-1] INFO  segmented.SegmentedRaftLogWorker (SegmentedRaftLogWorker.java:lambda$new$0(128)) - 502fb85b-a29e-44f8-b2d1-a1b35ff790ca@group-6BC3D337FF53-SegmentedRaftLogWorker: flushIndex: setUnconditionally 0 -> -1
2019-10-02 00:47:59,289 [pool-267-thread-1] INFO  server.RaftServerConfigKeys (ConfUtils.java:logGet(43)) - raft.server.snapshot.auto.trigger.enabled = true (custom)
2019-10-02 00:47:59,289 [pool-267-thread-1] INFO  server.RaftServerConfigKeys (ConfUtils.java:logGet(43)) - raft.server.snapshot.auto.trigger.threshold = 10000 (custom)
2019-10-02 00:47:59,289 [pool-267-thread-1] INFO  server.RaftServerConfigKeys (ConfUtils.java:logGet(43)) - raft.server.snapshot.retention.file.num = 5 (custom)
2019-10-02 00:47:59,289 [pool-267-thread-1] INFO  server.RaftServerConfigKeys (ConfUtils.java:logGet(43)) - raft.server.retrycache.expirytime = 600000ms (custom)
2019-10-02 00:47:59,291 [pool-267-thread-1] INFO  impl.RaftServerImpl (RaftServerImpl.java:start(181)) - 502fb85b-a29e-44f8-b2d1-a1b35ff790ca@group-6BC3D337FF53: start as a follower, conf=-1: [502fb85b-a29e-44f8-b2d1-a1b35ff790ca:192.168.151.67:36254], old=null
2019-10-02 00:47:59,291 [pool-267-thread-1] INFO  impl.RaftServerImpl (RaftServerImpl.java:setRole(170)) - 502fb85b-a29e-44f8-b2d1-a1b35ff790ca@group-6BC3D337FF53: changes role from      null to FOLLOWER at term 0 for startAsFollower
2019-10-02 00:47:59,291 [pool-267-thread-1] INFO  impl.RoleInfo (RoleInfo.java:updateAndGet(143)) - 502fb85b-a29e-44f8-b2d1-a1b35ff790ca: start FollowerState
2019-10-02 00:47:59,292 [pool-267-thread-1] INFO  util.JmxRegister (JmxRegister.java:tryRegister(44)) - Successfully registered JMX Bean with object name Ratis:service=RaftServer,group=group-6BC3D337FF53,id=502fb85b-a29e-44f8-b2d1-a1b35ff790ca
2019-10-02 00:47:59,296 [RatisPipelineUtilsThread] INFO  pipeline.PipelineStateManager (PipelineStateManager.java:addPipeline(56)) - Created pipeline Pipeline[ Id: d2236ddc-6679-444b-a84a-6bc3d337ff53, Nodes: 502fb85b-a29e-44f8-b2d1-a1b35ff790ca{ip: 192.168.151.67, host: pr-hdds-1984-s47sn-1814639636, networkLocation: /default-rack, certSerialId: null}, Type:RATIS, Factor:ONE, State:OPEN]
2019-10-02 00:47:59,307 [grpc-default-executor-1] INFO  impl.RaftServerProxy (RaftServerProxy.java:addNew(89)) - 606d7063-c0d8-44bb-93d5-0ebc9d43d35b: addNew group-9D69FD39398F:[502fb85b-a29e-44f8-b2d1-a1b35ff790ca:192.168.151.67:36254, 069cc059-e5ec-4d1e-9acb-16348c281124:192.168.151.67:34692, 606d7063-c0d8-44bb-93d5-0ebc9d43d35b:192.168.151.67:40878] returns group-9D69FD39398F:java.util.concurrent.CompletableFuture@44a83a77[Not completed]
2019-10-02 00:47:59,310 [grpc-default-executor-0] INFO  impl.RaftServerProxy (RaftServerProxy.java:addNew(89)) - 069cc059-e5ec-4d1e-9acb-16348c281124: addNew group-9D69FD39398F:[502fb85b-a29e-44f8-b2d1-a1b35ff790ca:192.168.151.67:36254, 069cc059-e5ec-4d1e-9acb-16348c281124:192.168.151.67:34692, 606d7063-c0d8-44bb-93d5-0ebc9d43d35b:192.168.151.67:40878] returns group-9D69FD39398F:java.util.concurrent.CompletableFuture@6f0210e0[Not completed]
2019-10-02 00:47:59,307 [grpc-default-executor-2] INFO  impl.RaftServerProxy (RaftServerProxy.java:addNew(89)) - 502fb85b-a29e-44f8-b2d1-a1b35ff790ca: addNew group-9D69FD39398F:[502fb85b-a29e-44f8-b2d1-a1b35ff790ca:192.168.151.67:36254, 069cc059-e5ec-4d1e-9acb-16348c281124:192.168.151.67:34692, 606d7063-c0d8-44bb-93d5-0ebc9d43d35b:192.168.151.67:40878] returns group-9D69FD39398F:java.util.concurrent.CompletableFuture@206189bf[Not completed]
2019-10-02 00:47:59,311 [pool-267-thread-1] INFO  impl.RaftServerImpl (RaftServerImpl.java:<init>(95)) - 502fb85b-a29e-44f8-b2d1-a1b35ff790ca: new RaftServerImpl for group-9D69FD39398F:[502fb85b-a29e-44f8-b2d1-a1b35ff790ca:192.168.151.67:36254, 069cc059-e5ec-4d1e-9acb-16348c281124:192.168.151.67:34692, 606d7063-c0d8-44bb-93d5-0ebc9d43d35b:192.168.151.67:40878] with ContainerStateMachine:uninitialized
2019-10-02 00:47:59,311 [pool-267-thread-1] INFO  server.RaftServerConfigKeys (ConfUtils.java:logGet(43)) - raft.server.rpc.timeout.min = 5s (custom)
2019-10-02 00:47:59,311 [pool-267-thread-1] INFO  server.RaftServerConfigKeys (ConfUtils.java:logGet(43)) - raft.server.rpc.timeout.max = 5200ms (custom)
2019-10-02 00:47:59,311 [pool-267-thread-1] INFO  server.RaftServerConfigKeys (ConfUtils.java:logGet(43)) - raft.server.rpcslowness.timeout = 120s (custom)
2019-10-02 00:47:59,311 [pool-267-thread-1] INFO  server.RaftServerConfigKeys (ConfUtils.java:logGet(43)) - raft.server.sleep.deviation.threshold = 300 (default)
2019-10-02 00:47:59,312 [pool-257-thread-1] INFO  impl.RaftServerImpl (RaftServerImpl.java:<init>(95)) - 069cc059-e5ec-4d1e-9acb-16348c281124: new RaftServerImpl for group-9D69FD39398F:[502fb85b-a29e-44f8-b2d1-a1b35ff790ca:192.168.151.67:36254, 069cc059-e5ec-4d1e-9acb-16348c281124:192.168.151.67:34692, 606d7063-c0d8-44bb-93d5-0ebc9d43d35b:192.168.151.67:40878] with ContainerStateMachine:uninitialized
2019-10-02 00:47:59,312 [pool-267-thread-1] INFO  server.RaftServerConfigKeys (ConfUtils.java:logGet(43)) - raft.server.log.appender.install.snapshot.enabled = false (custom)
2019-10-02 00:47:59,312 [pool-257-thread-1] INFO  server.RaftServerConfigKeys (ConfUtils.java:logGet(43)) - raft.server.rpc.timeout.min = 5s (custom)
2019-10-02 00:47:59,312 [pool-267-thread-1] INFO  impl.RaftServerImpl (ServerState.java:<init>(103)) - 502fb85b-a29e-44f8-b2d1-a1b35ff790ca@group-9D69FD39398F: ConfigurationManager, init=-1: [502fb85b-a29e-44f8-b2d1-a1b35ff790ca:192.168.151.67:36254, 069cc059-e5ec-4d1e-9acb-16348c281124:192.168.151.67:34692, 606d7063-c0d8-44bb-93d5-0ebc9d43d35b:192.168.151.67:40878], old=null, confs=<EMPTY_MAP>
2019-10-02 00:47:59,312 [pool-257-thread-1] INFO  server.RaftServerConfigKeys (ConfUtils.java:logGet(43)) - raft.server.rpc.timeout.max = 5200ms (custom)
2019-10-02 00:47:59,312 [pool-267-thread-1] INFO  server.RaftServerConfigKeys (ConfUtils.java:logGet(43)) - raft.server.storage.dir = [/workdir/hadoop-ozone/integration-test/target/test-dir/MiniOzoneClusterImpl-788e85c3-1b40-40de-b00b-4bdf35f5c40e/datanode-6/data/ratis] (custom)
2019-10-02 00:47:59,312 [pool-237-thread-1] INFO  impl.RaftServerImpl (RaftServerImpl.java:<init>(95)) - 606d7063-c0d8-44bb-93d5-0ebc9d43d35b: new RaftServerImpl for group-9D69FD39398F:[502fb85b-a29e-44f8-b2d1-a1b35ff790ca:192.168.151.67:36254, 069cc059-e5ec-4d1e-9acb-16348c281124:192.168.151.67:34692, 606d7063-c0d8-44bb-93d5-0ebc9d43d35b:192.168.151.67:40878] with ContainerStateMachine:uninitialized
2019-10-02 00:47:59,312 [pool-257-thread-1] INFO  server.RaftServerConfigKeys (ConfUtils.java:logGet(43)) - raft.server.rpcslowness.timeout = 120s (custom)
2019-10-02 00:47:59,313 [pool-267-thread-1] INFO  server.RaftServerConfigKeys (ConfUtils.java:logGet(43)) - raft.server.log.corruption.policy = EXCEPTION (default)
2019-10-02 00:47:59,313 [pool-237-thread-1] INFO  server.RaftServerConfigKeys (ConfUtils.java:logGet(43)) - raft.server.rpc.timeout.min = 5s (custom)
2019-10-02 00:47:59,313 [pool-267-thread-1] INFO  storage.RaftStorageDirectory (RaftStorageDirectory.java:analyzeStorage(246)) - The storage directory /workdir/hadoop-ozone/integration-test/target/test-dir/MiniOzoneClusterImpl-788e85c3-1b40-40de-b00b-4bdf35f5c40e/datanode-6/data/ratis/0bfdff87-c324-48f2-b85c-9d69fd39398f does not exist. Creating ...
2019-10-02 00:47:59,313 [pool-257-thread-1] INFO  server.RaftServerConfigKeys (ConfUtils.java:logGet(43)) - raft.server.sleep.deviation.threshold = 300 (default)
2019-10-02 00:47:59,313 [pool-237-thread-1] INFO  server.RaftServerConfigKeys (ConfUtils.java:logGet(43)) - raft.server.rpc.timeout.max = 5200ms (custom)
2019-10-02 00:47:59,313 [pool-257-thread-1] INFO  server.RaftServerConfigKeys (ConfUtils.java:logGet(43)) - raft.server.log.appender.install.snapshot.enabled = false (custom)
2019-10-02 00:47:59,314 [pool-237-thread-1] INFO  server.RaftServerConfigKeys (ConfUtils.java:logGet(43)) - raft.server.rpcslowness.timeout = 120s (custom)
2019-10-02 00:47:59,314 [pool-257-thread-1] INFO  impl.RaftServerImpl (ServerState.java:<init>(103)) - 069cc059-e5ec-4d1e-9acb-16348c281124@group-9D69FD39398F: ConfigurationManager, init=-1: [502fb85b-a29e-44f8-b2d1-a1b35ff790ca:192.168.151.67:36254, 069cc059-e5ec-4d1e-9acb-16348c281124:192.168.151.67:34692, 606d7063-c0d8-44bb-93d5-0ebc9d43d35b:192.168.151.67:40878], old=null, confs=<EMPTY_MAP>
2019-10-02 00:47:59,314 [pool-237-thread-1] INFO  server.RaftServerConfigKeys (ConfUtils.java:logGet(43)) - raft.server.sleep.deviation.threshold = 300 (default)
2019-10-02 00:47:59,314 [pool-257-thread-1] INFO  server.RaftServerConfigKeys (ConfUtils.java:logGet(43)) - raft.server.storage.dir = [/workdir/hadoop-ozone/integration-test/target/test-dir/MiniOzoneClusterImpl-788e85c3-1b40-40de-b00b-4bdf35f5c40e/datanode-5/data/ratis] (custom)
2019-10-02 00:47:59,314 [pool-237-thread-1] INFO  server.RaftServerConfigKeys (ConfUtils.java:logGet(43)) - raft.server.log.appender.install.snapshot.enabled = false (custom)
2019-10-02 00:47:59,314 [pool-237-thread-1] INFO  impl.RaftServerImpl (ServerState.java:<init>(103)) - 606d7063-c0d8-44bb-93d5-0ebc9d43d35b@group-9D69FD39398F: ConfigurationManager, init=-1: [502fb85b-a29e-44f8-b2d1-a1b35ff790ca:192.168.151.67:36254, 069cc059-e5ec-4d1e-9acb-16348c281124:192.168.151.67:34692, 606d7063-c0d8-44bb-93d5-0ebc9d43d35b:192.168.151.67:40878], old=null, confs=<EMPTY_MAP>
2019-10-02 00:47:59,314 [pool-257-thread-1] INFO  server.RaftServerConfigKeys (ConfUtils.java:logGet(43)) - raft.server.log.corruption.policy = EXCEPTION (default)
2019-10-02 00:47:59,315 [pool-237-thread-1] INFO  server.RaftServerConfigKeys (ConfUtils.java:logGet(43)) - raft.server.storage.dir = [/workdir/hadoop-ozone/integration-test/target/test-dir/MiniOzoneClusterImpl-788e85c3-1b40-40de-b00b-4bdf35f5c40e/datanode-3/data/ratis] (custom)
2019-10-02 00:47:59,315 [pool-257-thread-1] INFO  storage.RaftStorageDirectory (RaftStorageDirectory.java:analyzeStorage(246)) - The storage directory /workdir/hadoop-ozone/integration-test/target/test-dir/MiniOzoneClusterImpl-788e85c3-1b40-40de-b00b-4bdf35f5c40e/datanode-5/data/ratis/0bfdff87-c324-48f2-b85c-9d69fd39398f does not exist. Creating ...
2019-10-02 00:47:59,315 [pool-237-thread-1] INFO  server.RaftServerConfigKeys (ConfUtils.java:logGet(43)) - raft.server.log.corruption.policy = EXCEPTION (default)
2019-10-02 00:47:59,315 [pool-237-thread-1] INFO  storage.RaftStorageDirectory (RaftStorageDirectory.java:analyzeStorage(246)) - The storage directory /workdir/hadoop-ozone/integration-test/target/test-dir/MiniOzoneClusterImpl-788e85c3-1b40-40de-b00b-4bdf35f5c40e/datanode-3/data/ratis/0bfdff87-c324-48f2-b85c-9d69fd39398f does not exist. Creating ...
2019-10-02 00:47:59,327 [pool-257-thread-1] INFO  storage.RaftStorageDirectory (RaftStorageDirectory.java:tryLock(328)) - Lock on /workdir/hadoop-ozone/integration-test/target/test-dir/MiniOzoneClusterImpl-788e85c3-1b40-40de-b00b-4bdf35f5c40e/datanode-5/data/ratis/0bfdff87-c324-48f2-b85c-9d69fd39398f/in_use.lock acquired by nodename 25347@pr-hdds-1984-s47sn-1814639636
2019-10-02 00:47:59,327 [pool-267-thread-1] INFO  storage.RaftStorageDirectory (RaftStorageDirectory.java:tryLock(328)) - Lock on /workdir/hadoop-ozone/integration-test/target/test-dir/MiniOzoneClusterImpl-788e85c3-1b40-40de-b00b-4bdf35f5c40e/datanode-6/data/ratis/0bfdff87-c324-48f2-b85c-9d69fd39398f/in_use.lock acquired by nodename 25347@pr-hdds-1984-s47sn-1814639636
2019-10-02 00:47:59,327 [pool-237-thread-1] INFO  storage.RaftStorageDirectory (RaftStorageDirectory.java:tryLock(328)) - Lock on /workdir/hadoop-ozone/integration-test/target/test-dir/MiniOzoneClusterImpl-788e85c3-1b40-40de-b00b-4bdf35f5c40e/datanode-3/data/ratis/0bfdff87-c324-48f2-b85c-9d69fd39398f/in_use.lock acquired by nodename 25347@pr-hdds-1984-s47sn-1814639636
2019-10-02 00:47:59,345 [pool-237-thread-1] INFO  storage.RaftStorage (RaftStorage.java:format(84)) - Storage directory /workdir/hadoop-ozone/integration-test/target/test-dir/MiniOzoneClusterImpl-788e85c3-1b40-40de-b00b-4bdf35f5c40e/datanode-3/data/ratis/0bfdff87-c324-48f2-b85c-9d69fd39398f has been successfully formatted.
2019-10-02 00:47:59,345 [pool-267-thread-1] INFO  storage.RaftStorage (RaftStorage.java:format(84)) - Storage directory /workdir/hadoop-ozone/integration-test/target/test-dir/MiniOzoneClusterImpl-788e85c3-1b40-40de-b00b-4bdf35f5c40e/datanode-6/data/ratis/0bfdff87-c324-48f2-b85c-9d69fd39398f has been successfully formatted.
2019-10-02 00:47:59,345 [pool-237-thread-1] INFO  ratis.ContainerStateMachine (ContainerStateMachine.java:loadSnapshot(230)) - group-9D69FD39398F: The snapshot info is null. Setting the last applied indexto:(t:0, i:~)
2019-10-02 00:47:59,345 [pool-257-thread-1] INFO  storage.RaftStorage (RaftStorage.java:format(84)) - Storage directory /workdir/hadoop-ozone/integration-test/target/test-dir/MiniOzoneClusterImpl-788e85c3-1b40-40de-b00b-4bdf35f5c40e/datanode-5/data/ratis/0bfdff87-c324-48f2-b85c-9d69fd39398f has been successfully formatted.
2019-10-02 00:47:59,345 [pool-267-thread-1] INFO  ratis.ContainerStateMachine (ContainerStateMachine.java:loadSnapshot(230)) - group-9D69FD39398F: The snapshot info is null. Setting the last applied indexto:(t:0, i:~)
2019-10-02 00:47:59,345 [pool-237-thread-1] INFO  server.RaftServerConfigKeys (ConfUtils.java:logGet(43)) - raft.server.notification.no-leader.timeout = 120s (custom)
2019-10-02 00:47:59,346 [pool-267-thread-1] INFO  server.RaftServerConfigKeys (ConfUtils.java:logGet(43)) - raft.server.notification.no-leader.timeout = 120s (custom)
2019-10-02 00:47:59,346 [pool-257-thread-1] INFO  ratis.ContainerStateMachine (ContainerStateMachine.java:loadSnapshot(230)) - group-9D69FD39398F: The snapshot info is null. Setting the last applied indexto:(t:0, i:~)
2019-10-02 00:47:59,346 [pool-267-thread-1] INFO  server.RaftServerConfigKeys (ConfUtils.java:logGet(43)) - raft.server.log.use.memory = false (default)
2019-10-02 00:47:59,346 [pool-237-thread-1] INFO  server.RaftServerConfigKeys (ConfUtils.java:logGet(43)) - raft.server.log.use.memory = false (default)
2019-10-02 00:47:59,346 [pool-267-thread-1] INFO  server.RaftServerConfigKeys (ConfUtils.java:logGet(43)) - raft.server.log.purge.gap = 1000000 (custom)
2019-10-02 00:47:59,346 [pool-257-thread-1] INFO  server.RaftServerConfigKeys (ConfUtils.java:logGet(43)) - raft.server.notification.no-leader.timeout = 120s (custom)
2019-10-02 00:47:59,346 [pool-267-thread-1] INFO  server.RaftServerConfigKeys (ConfUtils.java:logGet(43)) - raft.server.log.appender.buffer.byte-limit = 33554432 (custom)
2019-10-02 00:47:59,346 [pool-237-thread-1] INFO  server.RaftServerConfigKeys (ConfUtils.java:logGet(43)) - raft.server.log.purge.gap = 1000000 (custom)
2019-10-02 00:47:59,347 [pool-267-thread-1] INFO  server.RaftServerConfigKeys (ConfUtils.java:logGet(43)) - raft.server.log.segment.size.max = 1048576 (custom)
2019-10-02 00:47:59,346 [pool-257-thread-1] INFO  server.RaftServerConfigKeys (ConfUtils.java:logGet(43)) - raft.server.log.use.memory = false (default)
2019-10-02 00:47:59,347 [pool-267-thread-1] INFO  server.RaftServerConfigKeys (ConfUtils.java:logGet(43)) - raft.server.log.segment.cache.num.max = 2 (custom)
2019-10-02 00:47:59,347 [pool-237-thread-1] INFO  server.RaftServerConfigKeys (ConfUtils.java:logGet(43)) - raft.server.log.appender.buffer.byte-limit = 33554432 (custom)
2019-10-02 00:47:59,347 [pool-267-thread-1] INFO  segmented.SegmentedRaftLogWorker (SegmentedRaftLogWorker.java:<init>(173)) - new 502fb85b-a29e-44f8-b2d1-a1b35ff790ca@group-9D69FD39398F-SegmentedRaftLogWorker for RaftStorage:Storage Directory /workdir/hadoop-ozone/integration-test/target/test-dir/MiniOzoneClusterImpl-788e85c3-1b40-40de-b00b-4bdf35f5c40e/datanode-6/data/ratis/0bfdff87-c324-48f2-b85c-9d69fd39398f
2019-10-02 00:47:59,347 [pool-257-thread-1] INFO  server.RaftServerConfigKeys (ConfUtils.java:logGet(43)) - raft.server.log.purge.gap = 1000000 (custom)
2019-10-02 00:47:59,347 [pool-267-thread-1] INFO  server.RaftServerConfigKeys (ConfUtils.java:logGet(43)) - raft.server.log.queue.byte-limit = 2147483647 (custom)
2019-10-02 00:47:59,347 [pool-237-thread-1] INFO  server.RaftServerConfigKeys (ConfUtils.java:logGet(43)) - raft.server.log.segment.size.max = 1048576 (custom)
2019-10-02 00:47:59,347 [pool-267-thread-1] INFO  server.RaftServerConfigKeys (ConfUtils.java:logGet(43)) - raft.server.log.queue.element-limit = 1024 (custom)
2019-10-02 00:47:59,347 [pool-257-thread-1] INFO  server.RaftServerConfigKeys (ConfUtils.java:logGet(43)) - raft.server.log.appender.buffer.byte-limit = 33554432 (custom)
2019-10-02 00:47:59,348 [pool-267-thread-1] INFO  server.RaftServerConfigKeys (ConfUtils.java:logGet(43)) - raft.server.log.segment.size.max = 1048576 (custom)
2019-10-02 00:47:59,348 [pool-237-thread-1] INFO  server.RaftServerConfigKeys (ConfUtils.java:logGet(43)) - raft.server.log.segment.cache.num.max = 2 (custom)
2019-10-02 00:47:59,348 [pool-267-thread-1] INFO  server.RaftServerConfigKeys (ConfUtils.java:logGet(43)) - raft.server.log.preallocated.size = 16384 (custom)
2019-10-02 00:47:59,348 [pool-257-thread-1] INFO  server.RaftServerConfigKeys (ConfUtils.java:logGet(43)) - raft.server.log.segment.size.max = 1048576 (custom)
2019-10-02 00:47:59,348 [pool-267-thread-1] INFO  server.RaftServerConfigKeys (ConfUtils.java:logGet(43)) - raft.server.log.write.buffer.size = 33554432 (custom)
2019-10-02 00:47:59,348 [pool-237-thread-1] INFO  segmented.SegmentedRaftLogWorker (SegmentedRaftLogWorker.java:<init>(173)) - new 606d7063-c0d8-44bb-93d5-0ebc9d43d35b@group-9D69FD39398F-SegmentedRaftLogWorker for RaftStorage:Storage Directory /workdir/hadoop-ozone/integration-test/target/test-dir/MiniOzoneClusterImpl-788e85c3-1b40-40de-b00b-4bdf35f5c40e/datanode-3/data/ratis/0bfdff87-c324-48f2-b85c-9d69fd39398f
2019-10-02 00:47:59,348 [pool-267-thread-1] INFO  server.RaftServerConfigKeys (ConfUtils.java:logGet(43)) - raft.server.log.force.sync.num = 128 (default)
2019-10-02 00:47:59,348 [pool-257-thread-1] INFO  server.RaftServerConfigKeys (ConfUtils.java:logGet(43)) - raft.server.log.segment.cache.num.max = 2 (custom)
2019-10-02 00:47:59,349 [pool-267-thread-1] INFO  server.RaftServerConfigKeys (ConfUtils.java:logGet(43)) - raft.server.log.statemachine.data.sync = true (default)
2019-10-02 00:47:59,348 [pool-237-thread-1] INFO  server.RaftServerConfigKeys (ConfUtils.java:logGet(43)) - raft.server.log.queue.byte-limit = 2147483647 (custom)
2019-10-02 00:47:59,349 [pool-267-thread-1] INFO  server.RaftServerConfigKeys (ConfUtils.java:logGet(43)) - raft.server.log.statemachine.data.sync.timeout = 10s (default)
2019-10-02 00:47:59,349 [pool-257-thread-1] INFO  segmented.SegmentedRaftLogWorker (SegmentedRaftLogWorker.java:<init>(173)) - new 069cc059-e5ec-4d1e-9acb-16348c281124@group-9D69FD39398F-SegmentedRaftLogWorker for RaftStorage:Storage Directory /workdir/hadoop-ozone/integration-test/target/test-dir/MiniOzoneClusterImpl-788e85c3-1b40-40de-b00b-4bdf35f5c40e/datanode-5/data/ratis/0bfdff87-c324-48f2-b85c-9d69fd39398f
2019-10-02 00:47:59,349 [pool-267-thread-1] INFO  server.RaftServerConfigKeys (ConfUtils.java:logGet(43)) - raft.server.log.statemachine.data.sync.timeout.retry = -1 (default)
2019-10-02 00:47:59,349 [pool-237-thread-1] INFO  server.RaftServerConfigKeys (ConfUtils.java:logGet(43)) - raft.server.log.queue.element-limit = 1024 (custom)
2019-10-02 00:47:59,349 [pool-267-thread-1] INFO  server.RaftServerConfigKeys (ConfUtils.java:logGet(43)) - raft.server.log.statemachine.data.caching.enabled = true (custom)
2019-10-02 00:47:59,349 [pool-257-thread-1] INFO  server.RaftServerConfigKeys (ConfUtils.java:logGet(43)) - raft.server.log.queue.byte-limit = 2147483647 (custom)
2019-10-02 00:47:59,349 [pool-237-thread-1] INFO  server.RaftServerConfigKeys (ConfUtils.java:logGet(43)) - raft.server.log.segment.size.max = 1048576 (custom)
2019-10-02 00:47:59,350 [pool-267-thread-1] INFO  segmented.SegmentedRaftLogWorker (SegmentedRaftLogWorker.java:lambda$new$0(128)) - 502fb85b-a29e-44f8-b2d1-a1b35ff790ca@group-9D69FD39398F-SegmentedRaftLogWorker: flushIndex: setUnconditionally 0 -> -1
2019-10-02 00:47:59,350 [pool-257-thread-1] INFO  server.RaftServerConfigKeys (ConfUtils.java:logGet(43)) - raft.server.log.queue.element-limit = 1024 (custom)
2019-10-02 00:47:59,350 [pool-267-thread-1] INFO  server.RaftServerConfigKeys (ConfUtils.java:logGet(43)) - raft.server.snapshot.auto.trigger.enabled = true (custom)
2019-10-02 00:47:59,350 [pool-237-thread-1] INFO  server.RaftServerConfigKeys (ConfUtils.java:logGet(43)) - raft.server.log.preallocated.size = 16384 (custom)
2019-10-02 00:47:59,350 [pool-267-thread-1] INFO  server.RaftServerConfigKeys (ConfUtils.java:logGet(43)) - raft.server.snapshot.auto.trigger.threshold = 10000 (custom)
2019-10-02 00:47:59,350 [pool-257-thread-1] INFO  server.RaftServerConfigKeys (ConfUtils.java:logGet(43)) - raft.server.log.segment.size.max = 1048576 (custom)
2019-10-02 00:47:59,350 [pool-267-thread-1] INFO  server.RaftServerConfigKeys (ConfUtils.java:logGet(43)) - raft.server.snapshot.retention.file.num = 5 (custom)
2019-10-02 00:47:59,350 [pool-237-thread-1] INFO  server.RaftServerConfigKeys (ConfUtils.java:logGet(43)) - raft.server.log.write.buffer.size = 33554432 (custom)
2019-10-02 00:47:59,351 [pool-267-thread-1] INFO  server.RaftServerConfigKeys (ConfUtils.java:logGet(43)) - raft.server.retrycache.expirytime = 600000ms (custom)
2019-10-02 00:47:59,350 [pool-257-thread-1] INFO  server.RaftServerConfigKeys (ConfUtils.java:logGet(43)) - raft.server.log.preallocated.size = 16384 (custom)
2019-10-02 00:47:59,351 [pool-237-thread-1] INFO  server.RaftServerConfigKeys (ConfUtils.java:logGet(43)) - raft.server.log.force.sync.num = 128 (default)
2019-10-02 00:47:59,351 [pool-257-thread-1] INFO  server.RaftServerConfigKeys (ConfUtils.java:logGet(43)) - raft.server.log.write.buffer.size = 33554432 (custom)
2019-10-02 00:47:59,351 [pool-237-thread-1] INFO  server.RaftServerConfigKeys (ConfUtils.java:logGet(43)) - raft.server.log.statemachine.data.sync = true (default)
2019-10-02 00:47:59,351 [pool-257-thread-1] INFO  server.RaftServerConfigKeys (ConfUtils.java:logGet(43)) - raft.server.log.force.sync.num = 128 (default)
2019-10-02 00:47:59,351 [pool-237-thread-1] INFO  server.RaftServerConfigKeys (ConfUtils.java:logGet(43)) - raft.server.log.statemachine.data.sync.timeout = 10s (default)
2019-10-02 00:47:59,351 [pool-257-thread-1] INFO  server.RaftServerConfigKeys (ConfUtils.java:logGet(43)) - raft.server.log.statemachine.data.sync = true (default)
2019-10-02 00:47:59,352 [pool-237-thread-1] INFO  server.RaftServerConfigKeys (ConfUtils.java:logGet(43)) - raft.server.log.statemachine.data.sync.timeout.retry = -1 (default)
2019-10-02 00:47:59,352 [pool-257-thread-1] INFO  server.RaftServerConfigKeys (ConfUtils.java:logGet(43)) - raft.server.log.statemachine.data.sync.timeout = 10s (default)
2019-10-02 00:47:59,352 [pool-237-thread-1] INFO  server.RaftServerConfigKeys (ConfUtils.java:logGet(43)) - raft.server.log.statemachine.data.caching.enabled = true (custom)
2019-10-02 00:47:59,352 [pool-257-thread-1] INFO  server.RaftServerConfigKeys (ConfUtils.java:logGet(43)) - raft.server.log.statemachine.data.sync.timeout.retry = -1 (default)
2019-10-02 00:47:59,352 [pool-237-thread-1] INFO  segmented.SegmentedRaftLogWorker (SegmentedRaftLogWorker.java:lambda$new$0(128)) - 606d7063-c0d8-44bb-93d5-0ebc9d43d35b@group-9D69FD39398F-SegmentedRaftLogWorker: flushIndex: setUnconditionally 0 -> -1
2019-10-02 00:47:59,352 [pool-257-thread-1] INFO  server.RaftServerConfigKeys (ConfUtils.java:logGet(43)) - raft.server.log.statemachine.data.caching.enabled = true (custom)
2019-10-02 00:47:59,352 [pool-237-thread-1] INFO  server.RaftServerConfigKeys (ConfUtils.java:logGet(43)) - raft.server.snapshot.auto.trigger.enabled = true (custom)
2019-10-02 00:47:59,352 [pool-267-thread-1] INFO  impl.RaftServerImpl (RaftServerImpl.java:start(181)) - 502fb85b-a29e-44f8-b2d1-a1b35ff790ca@group-9D69FD39398F: start as a follower, conf=-1: [502fb85b-a29e-44f8-b2d1-a1b35ff790ca:192.168.151.67:36254, 069cc059-e5ec-4d1e-9acb-16348c281124:192.168.151.67:34692, 606d7063-c0d8-44bb-93d5-0ebc9d43d35b:192.168.151.67:40878], old=null
2019-10-02 00:47:59,352 [pool-257-thread-1] INFO  segmented.SegmentedRaftLogWorker (SegmentedRaftLogWorker.java:lambda$new$0(128)) - 069cc059-e5ec-4d1e-9acb-16348c281124@group-9D69FD39398F-SegmentedRaftLogWorker: flushIndex: setUnconditionally 0 -> -1
2019-10-02 00:47:59,352 [pool-237-thread-1] INFO  server.RaftServerConfigKeys (ConfUtils.java:logGet(43)) - raft.server.snapshot.auto.trigger.threshold = 10000 (custom)
2019-10-02 00:47:59,353 [pool-267-thread-1] INFO  impl.RaftServerImpl (RaftServerImpl.java:setRole(170)) - 502fb85b-a29e-44f8-b2d1-a1b35ff790ca@group-9D69FD39398F: changes role from      null to FOLLOWER at term 0 for startAsFollower
2019-10-02 00:47:59,353 [pool-237-thread-1] INFO  server.RaftServerConfigKeys (ConfUtils.java:logGet(43)) - raft.server.snapshot.retention.file.num = 5 (custom)
2019-10-02 00:47:59,353 [pool-257-thread-1] INFO  server.RaftServerConfigKeys (ConfUtils.java:logGet(43)) - raft.server.snapshot.auto.trigger.enabled = true (custom)
2019-10-02 00:47:59,353 [pool-267-thread-1] INFO  impl.RoleInfo (RoleInfo.java:updateAndGet(143)) - 502fb85b-a29e-44f8-b2d1-a1b35ff790ca: start FollowerState
2019-10-02 00:47:59,353 [pool-257-thread-1] INFO  server.RaftServerConfigKeys (ConfUtils.java:logGet(43)) - raft.server.snapshot.auto.trigger.threshold = 10000 (custom)
2019-10-02 00:47:59,353 [pool-237-thread-1] INFO  server.RaftServerConfigKeys (ConfUtils.java:logGet(43)) - raft.server.retrycache.expirytime = 600000ms (custom)
2019-10-02 00:47:59,353 [pool-267-thread-1] INFO  util.JmxRegister (JmxRegister.java:tryRegister(44)) - Successfully registered JMX Bean with object name Ratis:service=RaftServer,group=group-9D69FD39398F,id=502fb85b-a29e-44f8-b2d1-a1b35ff790ca
2019-10-02 00:47:59,353 [pool-257-thread-1] INFO  server.RaftServerConfigKeys (ConfUtils.java:logGet(43)) - raft.server.snapshot.retention.file.num = 5 (custom)
2019-10-02 00:47:59,354 [pool-257-thread-1] INFO  server.RaftServerConfigKeys (ConfUtils.java:logGet(43)) - raft.server.retrycache.expirytime = 600000ms (custom)
2019-10-02 00:47:59,356 [pool-237-thread-1] INFO  impl.RaftServerImpl (RaftServerImpl.java:start(181)) - 606d7063-c0d8-44bb-93d5-0ebc9d43d35b@group-9D69FD39398F: start as a follower, conf=-1: [502fb85b-a29e-44f8-b2d1-a1b35ff790ca:192.168.151.67:36254, 069cc059-e5ec-4d1e-9acb-16348c281124:192.168.151.67:34692, 606d7063-c0d8-44bb-93d5-0ebc9d43d35b:192.168.151.67:40878], old=null
2019-10-02 00:47:59,356 [pool-237-thread-1] INFO  impl.RaftServerImpl (RaftServerImpl.java:setRole(170)) - 606d7063-c0d8-44bb-93d5-0ebc9d43d35b@group-9D69FD39398F: changes role from      null to FOLLOWER at term 0 for startAsFollower
2019-10-02 00:47:59,356 [pool-237-thread-1] INFO  impl.RoleInfo (RoleInfo.java:updateAndGet(143)) - 606d7063-c0d8-44bb-93d5-0ebc9d43d35b: start FollowerState
2019-10-02 00:47:59,356 [pool-237-thread-1] INFO  util.JmxRegister (JmxRegister.java:tryRegister(44)) - Successfully registered JMX Bean with object name Ratis:service=RaftServer,group=group-9D69FD39398F,id=606d7063-c0d8-44bb-93d5-0ebc9d43d35b
2019-10-02 00:47:59,357 [pool-257-thread-1] INFO  impl.RaftServerImpl (RaftServerImpl.java:start(181)) - 069cc059-e5ec-4d1e-9acb-16348c281124@group-9D69FD39398F: start as a follower, conf=-1: [502fb85b-a29e-44f8-b2d1-a1b35ff790ca:192.168.151.67:36254, 069cc059-e5ec-4d1e-9acb-16348c281124:192.168.151.67:34692, 606d7063-c0d8-44bb-93d5-0ebc9d43d35b:192.168.151.67:40878], old=null
2019-10-02 00:47:59,357 [pool-257-thread-1] INFO  impl.RaftServerImpl (RaftServerImpl.java:setRole(170)) - 069cc059-e5ec-4d1e-9acb-16348c281124@group-9D69FD39398F: changes role from      null to FOLLOWER at term 0 for startAsFollower
2019-10-02 00:47:59,357 [pool-257-thread-1] INFO  impl.RoleInfo (RoleInfo.java:updateAndGet(143)) - 069cc059-e5ec-4d1e-9acb-16348c281124: start FollowerState
2019-10-02 00:47:59,358 [pool-257-thread-1] INFO  util.JmxRegister (JmxRegister.java:tryRegister(44)) - Successfully registered JMX Bean with object name Ratis:service=RaftServer,group=group-9D69FD39398F,id=069cc059-e5ec-4d1e-9acb-16348c281124
2019-10-02 00:47:59,361 [RatisPipelineUtilsThread] INFO  pipeline.PipelineStateManager (PipelineStateManager.java:addPipeline(56)) - Created pipeline Pipeline[ Id: 0bfdff87-c324-48f2-b85c-9d69fd39398f, Nodes: 069cc059-e5ec-4d1e-9acb-16348c281124{ip: 192.168.151.67, host: pr-hdds-1984-s47sn-1814639636, networkLocation: /default-rack, certSerialId: null}606d7063-c0d8-44bb-93d5-0ebc9d43d35b{ip: 192.168.151.67, host: pr-hdds-1984-s47sn-1814639636, networkLocation: /default-rack, certSerialId: null}502fb85b-a29e-44f8-b2d1-a1b35ff790ca{ip: 192.168.151.67, host: pr-hdds-1984-s47sn-1814639636, networkLocation: /default-rack, certSerialId: null}, Type:RATIS, Factor:THREE, State:OPEN]
2019-10-02 00:48:00,227 [main] INFO  ozone.MiniOzoneClusterImpl (MiniOzoneClusterImpl.java:lambda$waitForClusterToBeReady$0(147)) - Cluster is ready. Got 7 of 7 DN Heartbeats.
2019-10-02 00:48:00,271 [main] INFO  rpc.RpcClient (RpcClient.java:createVolume(276)) - Creating Volume: watchforcommithandlingtest, with jenkins1000 as owner.
2019-10-02 00:48:00,275 [IPC Server handler 2 on 44732] INFO  volume.OMVolumeCreateRequest (OMVolumeCreateRequest.java:validateAndUpdateCache(194)) - created volume:watchforcommithandlingtest for user:jenkins1000
2019-10-02 00:48:00,291 [main] INFO  rpc.RpcClient (RpcClient.java:createBucket(415)) - Creating Bucket: watchforcommithandlingtest/watchforcommithandlingtest, with Versioning false and Storage Type set to DISK and Encryption set to false 
2019-10-02 00:48:00,296 [main] INFO  ozone.MiniOzoneClusterImpl (MiniOzoneClusterImpl.java:getStorageContainerLocationClient(234)) - Creating StorageContainerLocationProtocol RPC client with address /0.0.0.0:45049
2019-10-02 00:48:01,755 [Thread-1526] INFO  container.ReplicationManager (ReplicationManager.java:start(162)) - Starting Replication Monitor Thread.
2019-10-02 00:48:01,759 [ReplicationMonitor] INFO  container.ReplicationManager (ReplicationManager.java:run(225)) - Replication Monitor Thread took 0 milliseconds for processing 1 containers.
2019-10-02 00:48:03,922 [Thread-1531] INFO  impl.FollowerState (FollowerState.java:run(108)) - 1a5146b9-310d-447a-8c6c-9bc3e23dff82@group-3074C0232EB7-FollowerState: change to CANDIDATE, lastRpcTime:5037ms, electionTimeout:5037ms
2019-10-02 00:48:03,923 [Thread-1531] INFO  impl.RoleInfo (RoleInfo.java:shutdownFollowerState(121)) - 1a5146b9-310d-447a-8c6c-9bc3e23dff82: shutdown FollowerState
2019-10-02 00:48:03,923 [Thread-1531] INFO  impl.RaftServerImpl (RaftServerImpl.java:setRole(170)) - 1a5146b9-310d-447a-8c6c-9bc3e23dff82@group-3074C0232EB7: changes role from  FOLLOWER to CANDIDATE at term 0 for changeToCandidate
2019-10-02 00:48:03,923 [Thread-1531] INFO  impl.RoleInfo (RoleInfo.java:updateAndGet(143)) - 1a5146b9-310d-447a-8c6c-9bc3e23dff82: start LeaderElection
2019-10-02 00:48:03,946 [1a5146b9-310d-447a-8c6c-9bc3e23dff82@group-3074C0232EB7-LeaderElection65] INFO  impl.LeaderElection (LeaderElection.java:askForVotes(178)) - 1a5146b9-310d-447a-8c6c-9bc3e23dff82@group-3074C0232EB7-LeaderElection65: begin an election at term 1 for -1: [1a5146b9-310d-447a-8c6c-9bc3e23dff82:192.168.151.67:44165], old=null
2019-10-02 00:48:03,946 [1a5146b9-310d-447a-8c6c-9bc3e23dff82@group-3074C0232EB7-LeaderElection65] INFO  impl.RoleInfo (RoleInfo.java:shutdownLeaderElection(134)) - 1a5146b9-310d-447a-8c6c-9bc3e23dff82: shutdown LeaderElection
2019-10-02 00:48:03,946 [1a5146b9-310d-447a-8c6c-9bc3e23dff82@group-3074C0232EB7-LeaderElection65] INFO  impl.RaftServerImpl (RaftServerImpl.java:setRole(170)) - 1a5146b9-310d-447a-8c6c-9bc3e23dff82@group-3074C0232EB7: changes role from CANDIDATE to LEADER at term 1 for changeToLeader
2019-10-02 00:48:03,947 [1a5146b9-310d-447a-8c6c-9bc3e23dff82@group-3074C0232EB7-LeaderElection65] INFO  impl.RaftServerImpl (ServerState.java:setLeader(255)) - 1a5146b9-310d-447a-8c6c-9bc3e23dff82@group-3074C0232EB7: change Leader from null to 1a5146b9-310d-447a-8c6c-9bc3e23dff82 at term 1 for becomeLeader, leader elected after 5071ms
2019-10-02 00:48:03,947 [1a5146b9-310d-447a-8c6c-9bc3e23dff82@group-3074C0232EB7-LeaderElection65] INFO  server.RaftServerConfigKeys (ConfUtils.java:logGet(43)) - raft.server.staging.catchup.gap = 1000 (default)
2019-10-02 00:48:03,947 [1a5146b9-310d-447a-8c6c-9bc3e23dff82@group-3074C0232EB7-LeaderElection65] INFO  server.RaftServerConfigKeys (ConfUtils.java:logGet(43)) - raft.server.rpc.sleep.time = 25ms (default)
2019-10-02 00:48:03,947 [1a5146b9-310d-447a-8c6c-9bc3e23dff82@group-3074C0232EB7-LeaderElection65] INFO  server.RaftServerConfigKeys (ConfUtils.java:logGet(43)) - raft.server.write.element-limit = 4096 (default)
2019-10-02 00:48:03,948 [1a5146b9-310d-447a-8c6c-9bc3e23dff82@group-3074C0232EB7-LeaderElection65] INFO  server.RaftServerConfigKeys (ConfUtils.java:logGet(43)) - raft.server.watch.timeout = 10s (default)
2019-10-02 00:48:03,948 [1a5146b9-310d-447a-8c6c-9bc3e23dff82@group-3074C0232EB7-LeaderElection65] INFO  server.RaftServerConfigKeys (ConfUtils.java:logGet(43)) - raft.server.watch.timeout.denomination = 1s (default)
2019-10-02 00:48:03,948 [1a5146b9-310d-447a-8c6c-9bc3e23dff82@group-3074C0232EB7-LeaderElection65] INFO  server.RaftServerConfigKeys (ConfUtils.java:logGet(43)) - raft.server.watch.element-limit = 65536 (default)
2019-10-02 00:48:03,951 [1a5146b9-310d-447a-8c6c-9bc3e23dff82@group-3074C0232EB7-LeaderElection65] INFO  impl.RoleInfo (RoleInfo.java:updateAndGet(143)) - 1a5146b9-310d-447a-8c6c-9bc3e23dff82: start LeaderState
2019-10-02 00:48:03,952 [1a5146b9-310d-447a-8c6c-9bc3e23dff82@group-3074C0232EB7-LeaderElection65] INFO  segmented.SegmentedRaftLogWorker (SegmentedRaftLogWorker.java:startLogSegment(385)) - 1a5146b9-310d-447a-8c6c-9bc3e23dff82@group-3074C0232EB7-SegmentedRaftLogWorker: Starting segment from index:0
2019-10-02 00:48:03,953 [1a5146b9-310d-447a-8c6c-9bc3e23dff82@group-3074C0232EB7-LeaderElection65] INFO  impl.RaftServerImpl (ServerState.java:setRaftConf(356)) - 1a5146b9-310d-447a-8c6c-9bc3e23dff82@group-3074C0232EB7: set configuration 0: [1a5146b9-310d-447a-8c6c-9bc3e23dff82:192.168.151.67:44165], old=null at 0
2019-10-02 00:48:03,997 [1a5146b9-310d-447a-8c6c-9bc3e23dff82@group-3074C0232EB7-SegmentedRaftLogWorker] INFO  segmented.SegmentedRaftLogWorker (SegmentedRaftLogWorker.java:execute(574)) - 1a5146b9-310d-447a-8c6c-9bc3e23dff82@group-3074C0232EB7-SegmentedRaftLogWorker: created new log segment /workdir/hadoop-ozone/integration-test/target/test-dir/MiniOzoneClusterImpl-788e85c3-1b40-40de-b00b-4bdf35f5c40e/datanode-1/data/ratis/a653ab6e-a28f-4133-a979-3074c0232eb7/current/log_inprogress_0
2019-10-02 00:48:04,005 [Thread-1528] INFO  impl.FollowerState (FollowerState.java:run(108)) - f0c86e92-032b-42fd-b9b7-8c6530d6a6ab@group-8DE96E4F4452-FollowerState: change to CANDIDATE, lastRpcTime:5194ms, electionTimeout:5194ms
2019-10-02 00:48:04,005 [Thread-1528] INFO  impl.RoleInfo (RoleInfo.java:shutdownFollowerState(121)) - f0c86e92-032b-42fd-b9b7-8c6530d6a6ab: shutdown FollowerState
2019-10-02 00:48:04,005 [Thread-1528] INFO  impl.RaftServerImpl (RaftServerImpl.java:setRole(170)) - f0c86e92-032b-42fd-b9b7-8c6530d6a6ab@group-8DE96E4F4452: changes role from  FOLLOWER to CANDIDATE at term 0 for changeToCandidate
2019-10-02 00:48:04,005 [Thread-1528] INFO  impl.RoleInfo (RoleInfo.java:updateAndGet(143)) - f0c86e92-032b-42fd-b9b7-8c6530d6a6ab: start LeaderElection
2019-10-02 00:48:04,015 [f0c86e92-032b-42fd-b9b7-8c6530d6a6ab@group-8DE96E4F4452-LeaderElection66] INFO  impl.LeaderElection (LeaderElection.java:askForVotes(178)) - f0c86e92-032b-42fd-b9b7-8c6530d6a6ab@group-8DE96E4F4452-LeaderElection66: begin an election at term 1 for -1: [f0c86e92-032b-42fd-b9b7-8c6530d6a6ab:192.168.151.67:42027], old=null
2019-10-02 00:48:04,015 [f0c86e92-032b-42fd-b9b7-8c6530d6a6ab@group-8DE96E4F4452-LeaderElection66] INFO  impl.RoleInfo (RoleInfo.java:shutdownLeaderElection(134)) - f0c86e92-032b-42fd-b9b7-8c6530d6a6ab: shutdown LeaderElection
2019-10-02 00:48:04,015 [f0c86e92-032b-42fd-b9b7-8c6530d6a6ab@group-8DE96E4F4452-LeaderElection66] INFO  impl.RaftServerImpl (RaftServerImpl.java:setRole(170)) - f0c86e92-032b-42fd-b9b7-8c6530d6a6ab@group-8DE96E4F4452: changes role from CANDIDATE to LEADER at term 1 for changeToLeader
2019-10-02 00:48:04,015 [f0c86e92-032b-42fd-b9b7-8c6530d6a6ab@group-8DE96E4F4452-LeaderElection66] INFO  impl.RaftServerImpl (ServerState.java:setLeader(255)) - f0c86e92-032b-42fd-b9b7-8c6530d6a6ab@group-8DE96E4F4452: change Leader from null to f0c86e92-032b-42fd-b9b7-8c6530d6a6ab at term 1 for becomeLeader, leader elected after 5213ms
2019-10-02 00:48:04,015 [f0c86e92-032b-42fd-b9b7-8c6530d6a6ab@group-8DE96E4F4452-LeaderElection66] INFO  server.RaftServerConfigKeys (ConfUtils.java:logGet(43)) - raft.server.staging.catchup.gap = 1000 (default)
2019-10-02 00:48:04,015 [f0c86e92-032b-42fd-b9b7-8c6530d6a6ab@group-8DE96E4F4452-LeaderElection66] INFO  server.RaftServerConfigKeys (ConfUtils.java:logGet(43)) - raft.server.rpc.sleep.time = 25ms (default)
2019-10-02 00:48:04,016 [f0c86e92-032b-42fd-b9b7-8c6530d6a6ab@group-8DE96E4F4452-LeaderElection66] INFO  server.RaftServerConfigKeys (ConfUtils.java:logGet(43)) - raft.server.write.element-limit = 4096 (default)
2019-10-02 00:48:04,016 [f0c86e92-032b-42fd-b9b7-8c6530d6a6ab@group-8DE96E4F4452-LeaderElection66] INFO  server.RaftServerConfigKeys (ConfUtils.java:logGet(43)) - raft.server.watch.timeout = 10s (default)
2019-10-02 00:48:04,016 [f0c86e92-032b-42fd-b9b7-8c6530d6a6ab@group-8DE96E4F4452-LeaderElection66] INFO  server.RaftServerConfigKeys (ConfUtils.java:logGet(43)) - raft.server.watch.timeout.denomination = 1s (default)
2019-10-02 00:48:04,016 [f0c86e92-032b-42fd-b9b7-8c6530d6a6ab@group-8DE96E4F4452-LeaderElection66] INFO  server.RaftServerConfigKeys (ConfUtils.java:logGet(43)) - raft.server.watch.element-limit = 65536 (default)
2019-10-02 00:48:04,017 [f0c86e92-032b-42fd-b9b7-8c6530d6a6ab@group-8DE96E4F4452-LeaderElection66] INFO  impl.RoleInfo (RoleInfo.java:updateAndGet(143)) - f0c86e92-032b-42fd-b9b7-8c6530d6a6ab: start LeaderState
2019-10-02 00:48:04,018 [f0c86e92-032b-42fd-b9b7-8c6530d6a6ab@group-8DE96E4F4452-LeaderElection66] INFO  segmented.SegmentedRaftLogWorker (SegmentedRaftLogWorker.java:startLogSegment(385)) - f0c86e92-032b-42fd-b9b7-8c6530d6a6ab@group-8DE96E4F4452-SegmentedRaftLogWorker: Starting segment from index:0
2019-10-02 00:48:04,018 [f0c86e92-032b-42fd-b9b7-8c6530d6a6ab@group-8DE96E4F4452-LeaderElection66] INFO  impl.RaftServerImpl (ServerState.java:setRaftConf(356)) - f0c86e92-032b-42fd-b9b7-8c6530d6a6ab@group-8DE96E4F4452: set configuration 0: [f0c86e92-032b-42fd-b9b7-8c6530d6a6ab:192.168.151.67:42027], old=null at 0
2019-10-02 00:48:04,041 [Thread-1534] INFO  impl.FollowerState (FollowerState.java:run(108)) - 9585e4e1-586e-442e-9cea-1465c4d86f2f@group-6A5F21C9FBBF-FollowerState: change to CANDIDATE, lastRpcTime:5092ms, electionTimeout:5092ms
2019-10-02 00:48:04,041 [Thread-1534] INFO  impl.RoleInfo (RoleInfo.java:shutdownFollowerState(121)) - 9585e4e1-586e-442e-9cea-1465c4d86f2f: shutdown FollowerState
2019-10-02 00:48:04,041 [Thread-1534] INFO  impl.RaftServerImpl (RaftServerImpl.java:setRole(170)) - 9585e4e1-586e-442e-9cea-1465c4d86f2f@group-6A5F21C9FBBF: changes role from  FOLLOWER to CANDIDATE at term 0 for changeToCandidate
2019-10-02 00:48:04,041 [Thread-1534] INFO  impl.RoleInfo (RoleInfo.java:updateAndGet(143)) - 9585e4e1-586e-442e-9cea-1465c4d86f2f: start LeaderElection
2019-10-02 00:48:04,059 [Thread-1540] INFO  impl.FollowerState (FollowerState.java:run(108)) - 1a5146b9-310d-447a-8c6c-9bc3e23dff82@group-8FF67FE6C032-FollowerState: change to CANDIDATE, lastRpcTime:5046ms, electionTimeout:5046ms
2019-10-02 00:48:04,059 [Thread-1540] INFO  impl.RoleInfo (RoleInfo.java:shutdownFollowerState(121)) - 1a5146b9-310d-447a-8c6c-9bc3e23dff82: shutdown FollowerState
2019-10-02 00:48:04,059 [Thread-1540] INFO  impl.RaftServerImpl (RaftServerImpl.java:setRole(170)) - 1a5146b9-310d-447a-8c6c-9bc3e23dff82@group-8FF67FE6C032: changes role from  FOLLOWER to CANDIDATE at term 0 for changeToCandidate
2019-10-02 00:48:04,059 [Thread-1540] INFO  impl.RoleInfo (RoleInfo.java:updateAndGet(143)) - 1a5146b9-310d-447a-8c6c-9bc3e23dff82: start LeaderElection
2019-10-02 00:48:04,070 [f0c86e92-032b-42fd-b9b7-8c6530d6a6ab@group-8DE96E4F4452-SegmentedRaftLogWorker] INFO  segmented.SegmentedRaftLogWorker (SegmentedRaftLogWorker.java:execute(574)) - f0c86e92-032b-42fd-b9b7-8c6530d6a6ab@group-8DE96E4F4452-SegmentedRaftLogWorker: created new log segment /workdir/hadoop-ozone/integration-test/target/test-dir/MiniOzoneClusterImpl-788e85c3-1b40-40de-b00b-4bdf35f5c40e/datanode-0/data/ratis/59ec86f9-4964-48f1-a2f7-8de96e4f4452/current/log_inprogress_0
2019-10-02 00:48:04,071 [9585e4e1-586e-442e-9cea-1465c4d86f2f@group-6A5F21C9FBBF-LeaderElection67] INFO  impl.LeaderElection (LeaderElection.java:askForVotes(178)) - 9585e4e1-586e-442e-9cea-1465c4d86f2f@group-6A5F21C9FBBF-LeaderElection67: begin an election at term 1 for -1: [9585e4e1-586e-442e-9cea-1465c4d86f2f:192.168.151.67:46668], old=null
2019-10-02 00:48:04,071 [1a5146b9-310d-447a-8c6c-9bc3e23dff82@group-8FF67FE6C032-LeaderElection68] INFO  impl.LeaderElection (LeaderElection.java:askForVotes(178)) - 1a5146b9-310d-447a-8c6c-9bc3e23dff82@group-8FF67FE6C032-LeaderElection68: begin an election at term 1 for -1: [9585e4e1-586e-442e-9cea-1465c4d86f2f:192.168.151.67:46668, f0c86e92-032b-42fd-b9b7-8c6530d6a6ab:192.168.151.67:42027, 1a5146b9-310d-447a-8c6c-9bc3e23dff82:192.168.151.67:44165], old=null
2019-10-02 00:48:04,071 [9585e4e1-586e-442e-9cea-1465c4d86f2f@group-6A5F21C9FBBF-LeaderElection67] INFO  impl.RoleInfo (RoleInfo.java:shutdownLeaderElection(134)) - 9585e4e1-586e-442e-9cea-1465c4d86f2f: shutdown LeaderElection
2019-10-02 00:48:04,071 [9585e4e1-586e-442e-9cea-1465c4d86f2f@group-6A5F21C9FBBF-LeaderElection67] INFO  impl.RaftServerImpl (RaftServerImpl.java:setRole(170)) - 9585e4e1-586e-442e-9cea-1465c4d86f2f@group-6A5F21C9FBBF: changes role from CANDIDATE to LEADER at term 1 for changeToLeader
2019-10-02 00:48:04,071 [9585e4e1-586e-442e-9cea-1465c4d86f2f@group-6A5F21C9FBBF-LeaderElection67] INFO  impl.RaftServerImpl (ServerState.java:setLeader(255)) - 9585e4e1-586e-442e-9cea-1465c4d86f2f@group-6A5F21C9FBBF: change Leader from null to 9585e4e1-586e-442e-9cea-1465c4d86f2f at term 1 for becomeLeader, leader elected after 5130ms
2019-10-02 00:48:04,071 [9585e4e1-586e-442e-9cea-1465c4d86f2f@group-6A5F21C9FBBF-LeaderElection67] INFO  server.RaftServerConfigKeys (ConfUtils.java:logGet(43)) - raft.server.staging.catchup.gap = 1000 (default)
2019-10-02 00:48:04,071 [9585e4e1-586e-442e-9cea-1465c4d86f2f@group-6A5F21C9FBBF-LeaderElection67] INFO  server.RaftServerConfigKeys (ConfUtils.java:logGet(43)) - raft.server.rpc.sleep.time = 25ms (default)
2019-10-02 00:48:04,071 [9585e4e1-586e-442e-9cea-1465c4d86f2f@group-6A5F21C9FBBF-LeaderElection67] INFO  server.RaftServerConfigKeys (ConfUtils.java:logGet(43)) - raft.server.write.element-limit = 4096 (default)
2019-10-02 00:48:04,072 [9585e4e1-586e-442e-9cea-1465c4d86f2f@group-6A5F21C9FBBF-LeaderElection67] INFO  server.RaftServerConfigKeys (ConfUtils.java:logGet(43)) - raft.server.watch.timeout = 10s (default)
2019-10-02 00:48:04,072 [9585e4e1-586e-442e-9cea-1465c4d86f2f@group-6A5F21C9FBBF-LeaderElection67] INFO  server.RaftServerConfigKeys (ConfUtils.java:logGet(43)) - raft.server.watch.timeout.denomination = 1s (default)
2019-10-02 00:48:04,072 [9585e4e1-586e-442e-9cea-1465c4d86f2f@group-6A5F21C9FBBF-LeaderElection67] INFO  server.RaftServerConfigKeys (ConfUtils.java:logGet(43)) - raft.server.watch.element-limit = 65536 (default)
2019-10-02 00:48:04,074 [9585e4e1-586e-442e-9cea-1465c4d86f2f@group-6A5F21C9FBBF-LeaderElection67] INFO  impl.RoleInfo (RoleInfo.java:updateAndGet(143)) - 9585e4e1-586e-442e-9cea-1465c4d86f2f: start LeaderState
2019-10-02 00:48:04,074 [9585e4e1-586e-442e-9cea-1465c4d86f2f@group-6A5F21C9FBBF-LeaderElection67] INFO  segmented.SegmentedRaftLogWorker (SegmentedRaftLogWorker.java:startLogSegment(385)) - 9585e4e1-586e-442e-9cea-1465c4d86f2f@group-6A5F21C9FBBF-SegmentedRaftLogWorker: Starting segment from index:0
2019-10-02 00:48:04,075 [9585e4e1-586e-442e-9cea-1465c4d86f2f@group-6A5F21C9FBBF-LeaderElection67] INFO  impl.RaftServerImpl (ServerState.java:setRaftConf(356)) - 9585e4e1-586e-442e-9cea-1465c4d86f2f@group-6A5F21C9FBBF: set configuration 0: [9585e4e1-586e-442e-9cea-1465c4d86f2f:192.168.151.67:46668], old=null at 0
2019-10-02 00:48:04,077 [grpc-default-executor-0] INFO  impl.RaftServerImpl (RaftServerImpl.java:setRole(170)) - f0c86e92-032b-42fd-b9b7-8c6530d6a6ab@group-8FF67FE6C032: changes role from  FOLLOWER to FOLLOWER at term 1 for recognizeCandidate:1a5146b9-310d-447a-8c6c-9bc3e23dff82
2019-10-02 00:48:04,077 [grpc-default-executor-2] INFO  impl.RaftServerImpl (RaftServerImpl.java:setRole(170)) - 9585e4e1-586e-442e-9cea-1465c4d86f2f@group-8FF67FE6C032: changes role from  FOLLOWER to FOLLOWER at term 1 for recognizeCandidate:1a5146b9-310d-447a-8c6c-9bc3e23dff82
2019-10-02 00:48:04,077 [grpc-default-executor-0] INFO  impl.RoleInfo (RoleInfo.java:shutdownFollowerState(121)) - f0c86e92-032b-42fd-b9b7-8c6530d6a6ab: shutdown FollowerState
2019-10-02 00:48:04,077 [grpc-default-executor-2] INFO  impl.RoleInfo (RoleInfo.java:shutdownFollowerState(121)) - 9585e4e1-586e-442e-9cea-1465c4d86f2f: shutdown FollowerState
2019-10-02 00:48:04,077 [Thread-1537] INFO  impl.FollowerState (FollowerState.java:run(117)) - f0c86e92-032b-42fd-b9b7-8c6530d6a6ab@group-8FF67FE6C032-FollowerState was interrupted: java.lang.InterruptedException: sleep interrupted
2019-10-02 00:48:04,078 [grpc-default-executor-2] INFO  impl.RoleInfo (RoleInfo.java:updateAndGet(143)) - 9585e4e1-586e-442e-9cea-1465c4d86f2f: start FollowerState
2019-10-02 00:48:04,077 [grpc-default-executor-0] INFO  impl.RoleInfo (RoleInfo.java:updateAndGet(143)) - f0c86e92-032b-42fd-b9b7-8c6530d6a6ab: start FollowerState
2019-10-02 00:48:04,078 [Thread-1542] INFO  impl.FollowerState (FollowerState.java:run(117)) - 9585e4e1-586e-442e-9cea-1465c4d86f2f@group-8FF67FE6C032-FollowerState was interrupted: java.lang.InterruptedException: sleep interrupted
2019-10-02 00:48:04,085 [1a5146b9-310d-447a-8c6c-9bc3e23dff82@group-8FF67FE6C032-LeaderElection68] INFO  impl.LeaderElection (LeaderElection.java:logAndReturn(56)) - 1a5146b9-310d-447a-8c6c-9bc3e23dff82@group-8FF67FE6C032-LeaderElection68: Election PASSED; received 1 response(s) [1a5146b9-310d-447a-8c6c-9bc3e23dff82<-f0c86e92-032b-42fd-b9b7-8c6530d6a6ab#0:OK-t1] and 0 exception(s); 1a5146b9-310d-447a-8c6c-9bc3e23dff82@group-8FF67FE6C032:t1, leader=null, voted=1a5146b9-310d-447a-8c6c-9bc3e23dff82, raftlog=1a5146b9-310d-447a-8c6c-9bc3e23dff82@group-8FF67FE6C032-SegmentedRaftLog:OPENED:c-1,f-1,i0, conf=-1: [9585e4e1-586e-442e-9cea-1465c4d86f2f:192.168.151.67:46668, f0c86e92-032b-42fd-b9b7-8c6530d6a6ab:192.168.151.67:42027, 1a5146b9-310d-447a-8c6c-9bc3e23dff82:192.168.151.67:44165], old=null
2019-10-02 00:48:04,085 [1a5146b9-310d-447a-8c6c-9bc3e23dff82@group-8FF67FE6C032-LeaderElection68] INFO  impl.RoleInfo (RoleInfo.java:shutdownLeaderElection(134)) - 1a5146b9-310d-447a-8c6c-9bc3e23dff82: shutdown LeaderElection
2019-10-02 00:48:04,085 [1a5146b9-310d-447a-8c6c-9bc3e23dff82@group-8FF67FE6C032-LeaderElection68] INFO  impl.RaftServerImpl (RaftServerImpl.java:setRole(170)) - 1a5146b9-310d-447a-8c6c-9bc3e23dff82@group-8FF67FE6C032: changes role from CANDIDATE to LEADER at term 1 for changeToLeader
2019-10-02 00:48:04,085 [1a5146b9-310d-447a-8c6c-9bc3e23dff82@group-8FF67FE6C032-LeaderElection68] INFO  impl.RaftServerImpl (ServerState.java:setLeader(255)) - 1a5146b9-310d-447a-8c6c-9bc3e23dff82@group-8FF67FE6C032: change Leader from null to 1a5146b9-310d-447a-8c6c-9bc3e23dff82 at term 1 for becomeLeader, leader elected after 5088ms
2019-10-02 00:48:04,085 [1a5146b9-310d-447a-8c6c-9bc3e23dff82@group-8FF67FE6C032-LeaderElection68] INFO  server.RaftServerConfigKeys (ConfUtils.java:logGet(43)) - raft.server.staging.catchup.gap = 1000 (default)
2019-10-02 00:48:04,085 [1a5146b9-310d-447a-8c6c-9bc3e23dff82@group-8FF67FE6C032-LeaderElection68] INFO  server.RaftServerConfigKeys (ConfUtils.java:logGet(43)) - raft.server.rpc.sleep.time = 25ms (default)
2019-10-02 00:48:04,086 [1a5146b9-310d-447a-8c6c-9bc3e23dff82@group-8FF67FE6C032-LeaderElection68] INFO  server.RaftServerConfigKeys (ConfUtils.java:logGet(43)) - raft.server.write.element-limit = 4096 (default)
2019-10-02 00:48:04,086 [1a5146b9-310d-447a-8c6c-9bc3e23dff82@group-8FF67FE6C032-LeaderElection68] INFO  server.RaftServerConfigKeys (ConfUtils.java:logGet(43)) - raft.server.watch.timeout = 10s (default)
2019-10-02 00:48:04,086 [1a5146b9-310d-447a-8c6c-9bc3e23dff82@group-8FF67FE6C032-LeaderElection68] INFO  server.RaftServerConfigKeys (ConfUtils.java:logGet(43)) - raft.server.watch.timeout.denomination = 1s (default)
2019-10-02 00:48:04,086 [1a5146b9-310d-447a-8c6c-9bc3e23dff82@group-8FF67FE6C032-LeaderElection68] INFO  server.RaftServerConfigKeys (ConfUtils.java:logGet(43)) - raft.server.watch.element-limit = 65536 (default)
2019-10-02 00:48:04,088 [1a5146b9-310d-447a-8c6c-9bc3e23dff82@group-8FF67FE6C032-LeaderElection68] INFO  server.RaftServerConfigKeys (ConfUtils.java:logGet(43)) - raft.server.log.appender.snapshot.chunk.size.max = 16MB (=16777216) (default)
2019-10-02 00:48:04,088 [1a5146b9-310d-447a-8c6c-9bc3e23dff82@group-8FF67FE6C032-LeaderElection68] INFO  server.RaftServerConfigKeys (ConfUtils.java:logGet(43)) - raft.server.log.appender.buffer.byte-limit = 33554432 (custom)
2019-10-02 00:48:04,088 [1a5146b9-310d-447a-8c6c-9bc3e23dff82@group-8FF67FE6C032-LeaderElection68] INFO  server.RaftServerConfigKeys (ConfUtils.java:logGet(43)) - raft.server.log.appender.buffer.element-limit = 1 (custom)
2019-10-02 00:48:04,089 [1a5146b9-310d-447a-8c6c-9bc3e23dff82@group-8FF67FE6C032-LeaderElection68] INFO  grpc.GrpcConfigKeys$Server (ConfUtils.java:logGet(43)) - raft.grpc.server.leader.outstanding.appends.max = 128 (default)
2019-10-02 00:48:04,089 [1a5146b9-310d-447a-8c6c-9bc3e23dff82@group-8FF67FE6C032-LeaderElection68] INFO  server.RaftServerConfigKeys (ConfUtils.java:logGet(43)) - raft.server.rpc.request.timeout = 3000ms (default)
2019-10-02 00:48:04,089 [1a5146b9-310d-447a-8c6c-9bc3e23dff82@group-8FF67FE6C032-LeaderElection68] INFO  server.RaftServerConfigKeys (ConfUtils.java:logGet(43)) - raft.server.log.appender.install.snapshot.enabled = false (custom)
2019-10-02 00:48:04,089 [1a5146b9-310d-447a-8c6c-9bc3e23dff82@group-8FF67FE6C032-LeaderElection68] INFO  server.RaftServerConfigKeys (ConfUtils.java:logGet(43)) - raft.server.log.appender.snapshot.chunk.size.max = 16MB (=16777216) (default)
2019-10-02 00:48:04,089 [1a5146b9-310d-447a-8c6c-9bc3e23dff82@group-8FF67FE6C032-LeaderElection68] INFO  server.RaftServerConfigKeys (ConfUtils.java:logGet(43)) - raft.server.log.appender.buffer.byte-limit = 33554432 (custom)
2019-10-02 00:48:04,090 [1a5146b9-310d-447a-8c6c-9bc3e23dff82@group-8FF67FE6C032-LeaderElection68] INFO  server.RaftServerConfigKeys (ConfUtils.java:logGet(43)) - raft.server.log.appender.buffer.element-limit = 1 (custom)
2019-10-02 00:48:04,090 [1a5146b9-310d-447a-8c6c-9bc3e23dff82@group-8FF67FE6C032-LeaderElection68] INFO  grpc.GrpcConfigKeys$Server (ConfUtils.java:logGet(43)) - raft.grpc.server.leader.outstanding.appends.max = 128 (default)
2019-10-02 00:48:04,090 [1a5146b9-310d-447a-8c6c-9bc3e23dff82@group-8FF67FE6C032-LeaderElection68] INFO  server.RaftServerConfigKeys (ConfUtils.java:logGet(43)) - raft.server.rpc.request.timeout = 3000ms (default)
2019-10-02 00:48:04,090 [1a5146b9-310d-447a-8c6c-9bc3e23dff82@group-8FF67FE6C032-LeaderElection68] INFO  server.RaftServerConfigKeys (ConfUtils.java:logGet(43)) - raft.server.log.appender.install.snapshot.enabled = false (custom)
2019-10-02 00:48:04,090 [1a5146b9-310d-447a-8c6c-9bc3e23dff82@group-8FF67FE6C032-LeaderElection68] INFO  impl.RoleInfo (RoleInfo.java:updateAndGet(143)) - 1a5146b9-310d-447a-8c6c-9bc3e23dff82: start LeaderState
2019-10-02 00:48:04,091 [1a5146b9-310d-447a-8c6c-9bc3e23dff82@group-8FF67FE6C032-LeaderElection68] INFO  segmented.SegmentedRaftLogWorker (SegmentedRaftLogWorker.java:startLogSegment(385)) - 1a5146b9-310d-447a-8c6c-9bc3e23dff82@group-8FF67FE6C032-SegmentedRaftLogWorker: Starting segment from index:0
2019-10-02 00:48:04,091 [1a5146b9-310d-447a-8c6c-9bc3e23dff82@group-8FF67FE6C032-LeaderElection68] INFO  impl.RaftServerImpl (ServerState.java:setRaftConf(356)) - 1a5146b9-310d-447a-8c6c-9bc3e23dff82@group-8FF67FE6C032: set configuration 0: [9585e4e1-586e-442e-9cea-1465c4d86f2f:192.168.151.67:46668, f0c86e92-032b-42fd-b9b7-8c6530d6a6ab:192.168.151.67:42027, 1a5146b9-310d-447a-8c6c-9bc3e23dff82:192.168.151.67:44165], old=null at 0
2019-10-02 00:48:04,135 [grpc-default-executor-0] INFO  impl.RaftServerImpl (ServerState.java:setLeader(255)) - 9585e4e1-586e-442e-9cea-1465c4d86f2f@group-8FF67FE6C032: change Leader from null to 1a5146b9-310d-447a-8c6c-9bc3e23dff82 at term 1 for appendEntries, leader elected after 5138ms
2019-10-02 00:48:04,135 [grpc-default-executor-2] INFO  impl.RaftServerImpl (ServerState.java:setLeader(255)) - f0c86e92-032b-42fd-b9b7-8c6530d6a6ab@group-8FF67FE6C032: change Leader from null to 1a5146b9-310d-447a-8c6c-9bc3e23dff82 at term 1 for appendEntries, leader elected after 5139ms
2019-10-02 00:48:04,139 [grpc-default-executor-2] INFO  impl.RaftServerImpl (ServerState.java:setRaftConf(356)) - 9585e4e1-586e-442e-9cea-1465c4d86f2f@group-8FF67FE6C032: set configuration 0: [9585e4e1-586e-442e-9cea-1465c4d86f2f:192.168.151.67:46668, f0c86e92-032b-42fd-b9b7-8c6530d6a6ab:192.168.151.67:42027, 1a5146b9-310d-447a-8c6c-9bc3e23dff82:192.168.151.67:44165], old=null at 0
2019-10-02 00:48:04,139 [grpc-default-executor-0] INFO  impl.RaftServerImpl (ServerState.java:setRaftConf(356)) - f0c86e92-032b-42fd-b9b7-8c6530d6a6ab@group-8FF67FE6C032: set configuration 0: [9585e4e1-586e-442e-9cea-1465c4d86f2f:192.168.151.67:46668, f0c86e92-032b-42fd-b9b7-8c6530d6a6ab:192.168.151.67:42027, 1a5146b9-310d-447a-8c6c-9bc3e23dff82:192.168.151.67:44165], old=null at 0
2019-10-02 00:48:04,139 [grpc-default-executor-2] INFO  segmented.SegmentedRaftLogWorker (SegmentedRaftLogWorker.java:startLogSegment(385)) - 9585e4e1-586e-442e-9cea-1465c4d86f2f@group-8FF67FE6C032-SegmentedRaftLogWorker: Starting segment from index:0
2019-10-02 00:48:04,139 [grpc-default-executor-0] INFO  segmented.SegmentedRaftLogWorker (SegmentedRaftLogWorker.java:startLogSegment(385)) - f0c86e92-032b-42fd-b9b7-8c6530d6a6ab@group-8FF67FE6C032-SegmentedRaftLogWorker: Starting segment from index:0
2019-10-02 00:48:04,141 [1a5146b9-310d-447a-8c6c-9bc3e23dff82@group-8FF67FE6C032-SegmentedRaftLogWorker] INFO  segmented.SegmentedRaftLogWorker (SegmentedRaftLogWorker.java:execute(574)) - 1a5146b9-310d-447a-8c6c-9bc3e23dff82@group-8FF67FE6C032-SegmentedRaftLogWorker: created new log segment /workdir/hadoop-ozone/integration-test/target/test-dir/MiniOzoneClusterImpl-788e85c3-1b40-40de-b00b-4bdf35f5c40e/datanode-1/data/ratis/3bfb29ef-c5e4-45f9-8a37-8ff67fe6c032/current/log_inprogress_0
2019-10-02 00:48:04,141 [9585e4e1-586e-442e-9cea-1465c4d86f2f@group-6A5F21C9FBBF-SegmentedRaftLogWorker] INFO  segmented.SegmentedRaftLogWorker (SegmentedRaftLogWorker.java:execute(574)) - 9585e4e1-586e-442e-9cea-1465c4d86f2f@group-6A5F21C9FBBF-SegmentedRaftLogWorker: created new log segment /workdir/hadoop-ozone/integration-test/target/test-dir/MiniOzoneClusterImpl-788e85c3-1b40-40de-b00b-4bdf35f5c40e/datanode-2/data/ratis/d6ce7913-8dee-443b-85e5-6a5f21c9fbbf/current/log_inprogress_0
2019-10-02 00:48:04,149 [Thread-1546] INFO  impl.FollowerState (FollowerState.java:run(108)) - 606d7063-c0d8-44bb-93d5-0ebc9d43d35b@group-167AD8675A48-FollowerState: change to CANDIDATE, lastRpcTime:5023ms, electionTimeout:5023ms
2019-10-02 00:48:04,150 [Thread-1546] INFO  impl.RoleInfo (RoleInfo.java:shutdownFollowerState(121)) - 606d7063-c0d8-44bb-93d5-0ebc9d43d35b: shutdown FollowerState
2019-10-02 00:48:04,150 [Thread-1546] INFO  impl.RaftServerImpl (RaftServerImpl.java:setRole(170)) - 606d7063-c0d8-44bb-93d5-0ebc9d43d35b@group-167AD8675A48: changes role from  FOLLOWER to CANDIDATE at term 0 for changeToCandidate
2019-10-02 00:48:04,150 [Thread-1546] INFO  impl.RoleInfo (RoleInfo.java:updateAndGet(143)) - 606d7063-c0d8-44bb-93d5-0ebc9d43d35b: start LeaderElection
2019-10-02 00:48:04,196 [f0c86e92-032b-42fd-b9b7-8c6530d6a6ab@group-8FF67FE6C032-SegmentedRaftLogWorker] INFO  segmented.SegmentedRaftLogWorker (SegmentedRaftLogWorker.java:execute(574)) - f0c86e92-032b-42fd-b9b7-8c6530d6a6ab@group-8FF67FE6C032-SegmentedRaftLogWorker: created new log segment /workdir/hadoop-ozone/integration-test/target/test-dir/MiniOzoneClusterImpl-788e85c3-1b40-40de-b00b-4bdf35f5c40e/datanode-0/data/ratis/3bfb29ef-c5e4-45f9-8a37-8ff67fe6c032/current/log_inprogress_0
2019-10-02 00:48:04,196 [9585e4e1-586e-442e-9cea-1465c4d86f2f@group-8FF67FE6C032-SegmentedRaftLogWorker] INFO  segmented.SegmentedRaftLogWorker (SegmentedRaftLogWorker.java:execute(574)) - 9585e4e1-586e-442e-9cea-1465c4d86f2f@group-8FF67FE6C032-SegmentedRaftLogWorker: created new log segment /workdir/hadoop-ozone/integration-test/target/test-dir/MiniOzoneClusterImpl-788e85c3-1b40-40de-b00b-4bdf35f5c40e/datanode-2/data/ratis/3bfb29ef-c5e4-45f9-8a37-8ff67fe6c032/current/log_inprogress_0
2019-10-02 00:48:04,196 [606d7063-c0d8-44bb-93d5-0ebc9d43d35b@group-167AD8675A48-LeaderElection69] INFO  impl.LeaderElection (LeaderElection.java:askForVotes(178)) - 606d7063-c0d8-44bb-93d5-0ebc9d43d35b@group-167AD8675A48-LeaderElection69: begin an election at term 1 for -1: [606d7063-c0d8-44bb-93d5-0ebc9d43d35b:192.168.151.67:40878], old=null
2019-10-02 00:48:04,197 [606d7063-c0d8-44bb-93d5-0ebc9d43d35b@group-167AD8675A48-LeaderElection69] INFO  impl.RoleInfo (RoleInfo.java:shutdownLeaderElection(134)) - 606d7063-c0d8-44bb-93d5-0ebc9d43d35b: shutdown LeaderElection
2019-10-02 00:48:04,197 [606d7063-c0d8-44bb-93d5-0ebc9d43d35b@group-167AD8675A48-LeaderElection69] INFO  impl.RaftServerImpl (RaftServerImpl.java:setRole(170)) - 606d7063-c0d8-44bb-93d5-0ebc9d43d35b@group-167AD8675A48: changes role from CANDIDATE to LEADER at term 1 for changeToLeader
2019-10-02 00:48:04,197 [606d7063-c0d8-44bb-93d5-0ebc9d43d35b@group-167AD8675A48-LeaderElection69] INFO  impl.RaftServerImpl (ServerState.java:setLeader(255)) - 606d7063-c0d8-44bb-93d5-0ebc9d43d35b@group-167AD8675A48: change Leader from null to 606d7063-c0d8-44bb-93d5-0ebc9d43d35b at term 1 for becomeLeader, leader elected after 5081ms
2019-10-02 00:48:04,197 [606d7063-c0d8-44bb-93d5-0ebc9d43d35b@group-167AD8675A48-LeaderElection69] INFO  server.RaftServerConfigKeys (ConfUtils.java:logGet(43)) - raft.server.staging.catchup.gap = 1000 (default)
2019-10-02 00:48:04,197 [606d7063-c0d8-44bb-93d5-0ebc9d43d35b@group-167AD8675A48-LeaderElection69] INFO  server.RaftServerConfigKeys (ConfUtils.java:logGet(43)) - raft.server.rpc.sleep.time = 25ms (default)
2019-10-02 00:48:04,197 [606d7063-c0d8-44bb-93d5-0ebc9d43d35b@group-167AD8675A48-LeaderElection69] INFO  server.RaftServerConfigKeys (ConfUtils.java:logGet(43)) - raft.server.write.element-limit = 4096 (default)
2019-10-02 00:48:04,198 [606d7063-c0d8-44bb-93d5-0ebc9d43d35b@group-167AD8675A48-LeaderElection69] INFO  server.RaftServerConfigKeys (ConfUtils.java:logGet(43)) - raft.server.watch.timeout = 10s (default)
2019-10-02 00:48:04,198 [606d7063-c0d8-44bb-93d5-0ebc9d43d35b@group-167AD8675A48-LeaderElection69] INFO  server.RaftServerConfigKeys (ConfUtils.java:logGet(43)) - raft.server.watch.timeout.denomination = 1s (default)
2019-10-02 00:48:04,198 [606d7063-c0d8-44bb-93d5-0ebc9d43d35b@group-167AD8675A48-LeaderElection69] INFO  server.RaftServerConfigKeys (ConfUtils.java:logGet(43)) - raft.server.watch.element-limit = 65536 (default)
2019-10-02 00:48:04,200 [606d7063-c0d8-44bb-93d5-0ebc9d43d35b@group-167AD8675A48-LeaderElection69] INFO  impl.RoleInfo (RoleInfo.java:updateAndGet(143)) - 606d7063-c0d8-44bb-93d5-0ebc9d43d35b: start LeaderState
2019-10-02 00:48:04,201 [606d7063-c0d8-44bb-93d5-0ebc9d43d35b@group-167AD8675A48-LeaderElection69] INFO  segmented.SegmentedRaftLogWorker (SegmentedRaftLogWorker.java:startLogSegment(385)) - 606d7063-c0d8-44bb-93d5-0ebc9d43d35b@group-167AD8675A48-SegmentedRaftLogWorker: Starting segment from index:0
2019-10-02 00:48:04,201 [606d7063-c0d8-44bb-93d5-0ebc9d43d35b@group-167AD8675A48-LeaderElection69] INFO  impl.RaftServerImpl (ServerState.java:setRaftConf(356)) - 606d7063-c0d8-44bb-93d5-0ebc9d43d35b@group-167AD8675A48: set configuration 0: [606d7063-c0d8-44bb-93d5-0ebc9d43d35b:192.168.151.67:40878], old=null at 0
2019-10-02 00:48:04,248 [606d7063-c0d8-44bb-93d5-0ebc9d43d35b@group-167AD8675A48-SegmentedRaftLogWorker] INFO  segmented.SegmentedRaftLogWorker (SegmentedRaftLogWorker.java:execute(574)) - 606d7063-c0d8-44bb-93d5-0ebc9d43d35b@group-167AD8675A48-SegmentedRaftLogWorker: created new log segment /workdir/hadoop-ozone/integration-test/target/test-dir/MiniOzoneClusterImpl-788e85c3-1b40-40de-b00b-4bdf35f5c40e/datanode-3/data/ratis/65bc1a8f-e480-47d1-af47-167ad8675a48/current/log_inprogress_0
2019-10-02 00:48:04,277 [Thread-1549] INFO  impl.FollowerState (FollowerState.java:run(108)) - af6070a4-3762-485e-9446-832ab43fcf65@group-A0187E54D1A0-FollowerState: change to CANDIDATE, lastRpcTime:5093ms, electionTimeout:5093ms
2019-10-02 00:48:04,277 [Thread-1549] INFO  impl.RoleInfo (RoleInfo.java:shutdownFollowerState(121)) - af6070a4-3762-485e-9446-832ab43fcf65: shutdown FollowerState
2019-10-02 00:48:04,277 [Thread-1549] INFO  impl.RaftServerImpl (RaftServerImpl.java:setRole(170)) - af6070a4-3762-485e-9446-832ab43fcf65@group-A0187E54D1A0: changes role from  FOLLOWER to CANDIDATE at term 0 for changeToCandidate
2019-10-02 00:48:04,277 [Thread-1549] INFO  impl.RoleInfo (RoleInfo.java:updateAndGet(143)) - af6070a4-3762-485e-9446-832ab43fcf65: start LeaderElection
2019-10-02 00:48:04,298 [af6070a4-3762-485e-9446-832ab43fcf65@group-A0187E54D1A0-LeaderElection70] INFO  impl.LeaderElection (LeaderElection.java:askForVotes(178)) - af6070a4-3762-485e-9446-832ab43fcf65@group-A0187E54D1A0-LeaderElection70: begin an election at term 1 for -1: [af6070a4-3762-485e-9446-832ab43fcf65:192.168.151.67:40658], old=null
2019-10-02 00:48:04,298 [af6070a4-3762-485e-9446-832ab43fcf65@group-A0187E54D1A0-LeaderElection70] INFO  impl.RoleInfo (RoleInfo.java:shutdownLeaderElection(134)) - af6070a4-3762-485e-9446-832ab43fcf65: shutdown LeaderElection
2019-10-02 00:48:04,298 [af6070a4-3762-485e-9446-832ab43fcf65@group-A0187E54D1A0-LeaderElection70] INFO  impl.RaftServerImpl (RaftServerImpl.java:setRole(170)) - af6070a4-3762-485e-9446-832ab43fcf65@group-A0187E54D1A0: changes role from CANDIDATE to LEADER at term 1 for changeToLeader
2019-10-02 00:48:04,298 [af6070a4-3762-485e-9446-832ab43fcf65@group-A0187E54D1A0-LeaderElection70] INFO  impl.RaftServerImpl (ServerState.java:setLeader(255)) - af6070a4-3762-485e-9446-832ab43fcf65@group-A0187E54D1A0: change Leader from null to af6070a4-3762-485e-9446-832ab43fcf65 at term 1 for becomeLeader, leader elected after 5123ms
2019-10-02 00:48:04,299 [af6070a4-3762-485e-9446-832ab43fcf65@group-A0187E54D1A0-LeaderElection70] INFO  server.RaftServerConfigKeys (ConfUtils.java:logGet(43)) - raft.server.staging.catchup.gap = 1000 (default)
2019-10-02 00:48:04,299 [af6070a4-3762-485e-9446-832ab43fcf65@group-A0187E54D1A0-LeaderElection70] INFO  server.RaftServerConfigKeys (ConfUtils.java:logGet(43)) - raft.server.rpc.sleep.time = 25ms (default)
2019-10-02 00:48:04,299 [af6070a4-3762-485e-9446-832ab43fcf65@group-A0187E54D1A0-LeaderElection70] INFO  server.RaftServerConfigKeys (ConfUtils.java:logGet(43)) - raft.server.write.element-limit = 4096 (default)
2019-10-02 00:48:04,299 [af6070a4-3762-485e-9446-832ab43fcf65@group-A0187E54D1A0-LeaderElection70] INFO  server.RaftServerConfigKeys (ConfUtils.java:logGet(43)) - raft.server.watch.timeout = 10s (default)
2019-10-02 00:48:04,299 [af6070a4-3762-485e-9446-832ab43fcf65@group-A0187E54D1A0-LeaderElection70] INFO  server.RaftServerConfigKeys (ConfUtils.java:logGet(43)) - raft.server.watch.timeout.denomination = 1s (default)
2019-10-02 00:48:04,299 [af6070a4-3762-485e-9446-832ab43fcf65@group-A0187E54D1A0-LeaderElection70] INFO  server.RaftServerConfigKeys (ConfUtils.java:logGet(43)) - raft.server.watch.element-limit = 65536 (default)
2019-10-02 00:48:04,302 [af6070a4-3762-485e-9446-832ab43fcf65@group-A0187E54D1A0-LeaderElection70] INFO  impl.RoleInfo (RoleInfo.java:updateAndGet(143)) - af6070a4-3762-485e-9446-832ab43fcf65: start LeaderState
2019-10-02 00:48:04,302 [af6070a4-3762-485e-9446-832ab43fcf65@group-A0187E54D1A0-LeaderElection70] INFO  segmented.SegmentedRaftLogWorker (SegmentedRaftLogWorker.java:startLogSegment(385)) - af6070a4-3762-485e-9446-832ab43fcf65@group-A0187E54D1A0-SegmentedRaftLogWorker: Starting segment from index:0
2019-10-02 00:48:04,302 [af6070a4-3762-485e-9446-832ab43fcf65@group-A0187E54D1A0-LeaderElection70] INFO  impl.RaftServerImpl (ServerState.java:setRaftConf(356)) - af6070a4-3762-485e-9446-832ab43fcf65@group-A0187E54D1A0: set configuration 0: [af6070a4-3762-485e-9446-832ab43fcf65:192.168.151.67:40658], old=null at 0
2019-10-02 00:48:04,341 [Thread-1552] INFO  impl.FollowerState (FollowerState.java:run(108)) - 069cc059-e5ec-4d1e-9acb-16348c281124@group-EF8418A318C6-FollowerState: change to CANDIDATE, lastRpcTime:5098ms, electionTimeout:5098ms
2019-10-02 00:48:04,342 [Thread-1552] INFO  impl.RoleInfo (RoleInfo.java:shutdownFollowerState(121)) - 069cc059-e5ec-4d1e-9acb-16348c281124: shutdown FollowerState
2019-10-02 00:48:04,342 [Thread-1552] INFO  impl.RaftServerImpl (RaftServerImpl.java:setRole(170)) - 069cc059-e5ec-4d1e-9acb-16348c281124@group-EF8418A318C6: changes role from  FOLLOWER to CANDIDATE at term 0 for changeToCandidate
2019-10-02 00:48:04,342 [Thread-1552] INFO  impl.RoleInfo (RoleInfo.java:updateAndGet(143)) - 069cc059-e5ec-4d1e-9acb-16348c281124: start LeaderElection
2019-10-02 00:48:04,361 [af6070a4-3762-485e-9446-832ab43fcf65@group-A0187E54D1A0-SegmentedRaftLogWorker] INFO  segmented.SegmentedRaftLogWorker (SegmentedRaftLogWorker.java:execute(574)) - af6070a4-3762-485e-9446-832ab43fcf65@group-A0187E54D1A0-SegmentedRaftLogWorker: created new log segment /workdir/hadoop-ozone/integration-test/target/test-dir/MiniOzoneClusterImpl-788e85c3-1b40-40de-b00b-4bdf35f5c40e/datanode-4/data/ratis/8c4cbeca-9822-452b-945a-a0187e54d1a0/current/log_inprogress_0
2019-10-02 00:48:04,361 [069cc059-e5ec-4d1e-9acb-16348c281124@group-EF8418A318C6-LeaderElection71] INFO  impl.LeaderElection (LeaderElection.java:askForVotes(178)) - 069cc059-e5ec-4d1e-9acb-16348c281124@group-EF8418A318C6-LeaderElection71: begin an election at term 1 for -1: [069cc059-e5ec-4d1e-9acb-16348c281124:192.168.151.67:34692], old=null
2019-10-02 00:48:04,361 [069cc059-e5ec-4d1e-9acb-16348c281124@group-EF8418A318C6-LeaderElection71] INFO  impl.RoleInfo (RoleInfo.java:shutdownLeaderElection(134)) - 069cc059-e5ec-4d1e-9acb-16348c281124: shutdown LeaderElection
2019-10-02 00:48:04,361 [069cc059-e5ec-4d1e-9acb-16348c281124@group-EF8418A318C6-LeaderElection71] INFO  impl.RaftServerImpl (RaftServerImpl.java:setRole(170)) - 069cc059-e5ec-4d1e-9acb-16348c281124@group-EF8418A318C6: changes role from CANDIDATE to LEADER at term 1 for changeToLeader
2019-10-02 00:48:04,362 [069cc059-e5ec-4d1e-9acb-16348c281124@group-EF8418A318C6-LeaderElection71] INFO  impl.RaftServerImpl (ServerState.java:setLeader(255)) - 069cc059-e5ec-4d1e-9acb-16348c281124@group-EF8418A318C6: change Leader from null to 069cc059-e5ec-4d1e-9acb-16348c281124 at term 1 for becomeLeader, leader elected after 5126ms
2019-10-02 00:48:04,362 [069cc059-e5ec-4d1e-9acb-16348c281124@group-EF8418A318C6-LeaderElection71] INFO  server.RaftServerConfigKeys (ConfUtils.java:logGet(43)) - raft.server.staging.catchup.gap = 1000 (default)
2019-10-02 00:48:04,362 [069cc059-e5ec-4d1e-9acb-16348c281124@group-EF8418A318C6-LeaderElection71] INFO  server.RaftServerConfigKeys (ConfUtils.java:logGet(43)) - raft.server.rpc.sleep.time = 25ms (default)
2019-10-02 00:48:04,362 [069cc059-e5ec-4d1e-9acb-16348c281124@group-EF8418A318C6-LeaderElection71] INFO  server.RaftServerConfigKeys (ConfUtils.java:logGet(43)) - raft.server.write.element-limit = 4096 (default)
2019-10-02 00:48:04,362 [069cc059-e5ec-4d1e-9acb-16348c281124@group-EF8418A318C6-LeaderElection71] INFO  server.RaftServerConfigKeys (ConfUtils.java:logGet(43)) - raft.server.watch.timeout = 10s (default)
2019-10-02 00:48:04,362 [069cc059-e5ec-4d1e-9acb-16348c281124@group-EF8418A318C6-LeaderElection71] INFO  server.RaftServerConfigKeys (ConfUtils.java:logGet(43)) - raft.server.watch.timeout.denomination = 1s (default)
2019-10-02 00:48:04,363 [069cc059-e5ec-4d1e-9acb-16348c281124@group-EF8418A318C6-LeaderElection71] INFO  server.RaftServerConfigKeys (ConfUtils.java:logGet(43)) - raft.server.watch.element-limit = 65536 (default)
2019-10-02 00:48:04,365 [069cc059-e5ec-4d1e-9acb-16348c281124@group-EF8418A318C6-LeaderElection71] INFO  impl.RoleInfo (RoleInfo.java:updateAndGet(143)) - 069cc059-e5ec-4d1e-9acb-16348c281124: start LeaderState
2019-10-02 00:48:04,365 [069cc059-e5ec-4d1e-9acb-16348c281124@group-EF8418A318C6-LeaderElection71] INFO  segmented.SegmentedRaftLogWorker (SegmentedRaftLogWorker.java:startLogSegment(385)) - 069cc059-e5ec-4d1e-9acb-16348c281124@group-EF8418A318C6-SegmentedRaftLogWorker: Starting segment from index:0
2019-10-02 00:48:04,365 [069cc059-e5ec-4d1e-9acb-16348c281124@group-EF8418A318C6-LeaderElection71] INFO  impl.RaftServerImpl (ServerState.java:setRaftConf(356)) - 069cc059-e5ec-4d1e-9acb-16348c281124@group-EF8418A318C6: set configuration 0: [069cc059-e5ec-4d1e-9acb-16348c281124:192.168.151.67:34692], old=null at 0
2019-10-02 00:48:04,416 [069cc059-e5ec-4d1e-9acb-16348c281124@group-EF8418A318C6-SegmentedRaftLogWorker] INFO  segmented.SegmentedRaftLogWorker (SegmentedRaftLogWorker.java:execute(574)) - 069cc059-e5ec-4d1e-9acb-16348c281124@group-EF8418A318C6-SegmentedRaftLogWorker: created new log segment /workdir/hadoop-ozone/integration-test/target/test-dir/MiniOzoneClusterImpl-788e85c3-1b40-40de-b00b-4bdf35f5c40e/datanode-5/data/ratis/de05c4e8-93c2-4cc6-8f5d-ef8418a318c6/current/log_inprogress_0
2019-10-02 00:48:04,434 [Thread-1555] INFO  impl.FollowerState (FollowerState.java:run(108)) - 502fb85b-a29e-44f8-b2d1-a1b35ff790ca@group-6BC3D337FF53-FollowerState: change to CANDIDATE, lastRpcTime:5142ms, electionTimeout:5142ms
2019-10-02 00:48:04,434 [Thread-1555] INFO  impl.RoleInfo (RoleInfo.java:shutdownFollowerState(121)) - 502fb85b-a29e-44f8-b2d1-a1b35ff790ca: shutdown FollowerState
2019-10-02 00:48:04,434 [Thread-1555] INFO  impl.RaftServerImpl (RaftServerImpl.java:setRole(170)) - 502fb85b-a29e-44f8-b2d1-a1b35ff790ca@group-6BC3D337FF53: changes role from  FOLLOWER to CANDIDATE at term 0 for changeToCandidate
2019-10-02 00:48:04,434 [Thread-1555] INFO  impl.RoleInfo (RoleInfo.java:updateAndGet(143)) - 502fb85b-a29e-44f8-b2d1-a1b35ff790ca: start LeaderElection
2019-10-02 00:48:04,440 [Thread-1561] INFO  impl.FollowerState (FollowerState.java:run(108)) - 606d7063-c0d8-44bb-93d5-0ebc9d43d35b@group-9D69FD39398F-FollowerState: change to CANDIDATE, lastRpcTime:5083ms, electionTimeout:5083ms
2019-10-02 00:48:04,440 [Thread-1561] INFO  impl.RoleInfo (RoleInfo.java:shutdownFollowerState(121)) - 606d7063-c0d8-44bb-93d5-0ebc9d43d35b: shutdown FollowerState
2019-10-02 00:48:04,440 [Thread-1561] INFO  impl.RaftServerImpl (RaftServerImpl.java:setRole(170)) - 606d7063-c0d8-44bb-93d5-0ebc9d43d35b@group-9D69FD39398F: changes role from  FOLLOWER to CANDIDATE at term 0 for changeToCandidate
2019-10-02 00:48:04,440 [Thread-1561] INFO  impl.RoleInfo (RoleInfo.java:updateAndGet(143)) - 606d7063-c0d8-44bb-93d5-0ebc9d43d35b: start LeaderElection
2019-10-02 00:48:04,450 [502fb85b-a29e-44f8-b2d1-a1b35ff790ca@group-6BC3D337FF53-LeaderElection72] INFO  impl.LeaderElection (LeaderElection.java:askForVotes(178)) - 502fb85b-a29e-44f8-b2d1-a1b35ff790ca@group-6BC3D337FF53-LeaderElection72: begin an election at term 1 for -1: [502fb85b-a29e-44f8-b2d1-a1b35ff790ca:192.168.151.67:36254], old=null
2019-10-02 00:48:04,450 [606d7063-c0d8-44bb-93d5-0ebc9d43d35b@group-9D69FD39398F-LeaderElection73] INFO  impl.LeaderElection (LeaderElection.java:askForVotes(178)) - 606d7063-c0d8-44bb-93d5-0ebc9d43d35b@group-9D69FD39398F-LeaderElection73: begin an election at term 1 for -1: [502fb85b-a29e-44f8-b2d1-a1b35ff790ca:192.168.151.67:36254, 069cc059-e5ec-4d1e-9acb-16348c281124:192.168.151.67:34692, 606d7063-c0d8-44bb-93d5-0ebc9d43d35b:192.168.151.67:40878], old=null
2019-10-02 00:48:04,451 [502fb85b-a29e-44f8-b2d1-a1b35ff790ca@group-6BC3D337FF53-LeaderElection72] INFO  impl.RoleInfo (RoleInfo.java:shutdownLeaderElection(134)) - 502fb85b-a29e-44f8-b2d1-a1b35ff790ca: shutdown LeaderElection
2019-10-02 00:48:04,451 [502fb85b-a29e-44f8-b2d1-a1b35ff790ca@group-6BC3D337FF53-LeaderElection72] INFO  impl.RaftServerImpl (RaftServerImpl.java:setRole(170)) - 502fb85b-a29e-44f8-b2d1-a1b35ff790ca@group-6BC3D337FF53: changes role from CANDIDATE to LEADER at term 1 for changeToLeader
2019-10-02 00:48:04,451 [502fb85b-a29e-44f8-b2d1-a1b35ff790ca@group-6BC3D337FF53-LeaderElection72] INFO  impl.RaftServerImpl (ServerState.java:setLeader(255)) - 502fb85b-a29e-44f8-b2d1-a1b35ff790ca@group-6BC3D337FF53: change Leader from null to 502fb85b-a29e-44f8-b2d1-a1b35ff790ca at term 1 for becomeLeader, leader elected after 5166ms
2019-10-02 00:48:04,451 [502fb85b-a29e-44f8-b2d1-a1b35ff790ca@group-6BC3D337FF53-LeaderElection72] INFO  server.RaftServerConfigKeys (ConfUtils.java:logGet(43)) - raft.server.staging.catchup.gap = 1000 (default)
2019-10-02 00:48:04,451 [502fb85b-a29e-44f8-b2d1-a1b35ff790ca@group-6BC3D337FF53-LeaderElection72] INFO  server.RaftServerConfigKeys (ConfUtils.java:logGet(43)) - raft.server.rpc.sleep.time = 25ms (default)
2019-10-02 00:48:04,451 [502fb85b-a29e-44f8-b2d1-a1b35ff790ca@group-6BC3D337FF53-LeaderElection72] INFO  server.RaftServerConfigKeys (ConfUtils.java:logGet(43)) - raft.server.write.element-limit = 4096 (default)
2019-10-02 00:48:04,452 [502fb85b-a29e-44f8-b2d1-a1b35ff790ca@group-6BC3D337FF53-LeaderElection72] INFO  server.RaftServerConfigKeys (ConfUtils.java:logGet(43)) - raft.server.watch.timeout = 10s (default)
2019-10-02 00:48:04,452 [502fb85b-a29e-44f8-b2d1-a1b35ff790ca@group-6BC3D337FF53-LeaderElection72] INFO  server.RaftServerConfigKeys (ConfUtils.java:logGet(43)) - raft.server.watch.timeout.denomination = 1s (default)
2019-10-02 00:48:04,452 [502fb85b-a29e-44f8-b2d1-a1b35ff790ca@group-6BC3D337FF53-LeaderElection72] INFO  server.RaftServerConfigKeys (ConfUtils.java:logGet(43)) - raft.server.watch.element-limit = 65536 (default)
2019-10-02 00:48:04,468 [502fb85b-a29e-44f8-b2d1-a1b35ff790ca@group-6BC3D337FF53-LeaderElection72] INFO  impl.RoleInfo (RoleInfo.java:updateAndGet(143)) - 502fb85b-a29e-44f8-b2d1-a1b35ff790ca: start LeaderState
2019-10-02 00:48:04,468 [502fb85b-a29e-44f8-b2d1-a1b35ff790ca@group-6BC3D337FF53-LeaderElection72] INFO  segmented.SegmentedRaftLogWorker (SegmentedRaftLogWorker.java:startLogSegment(385)) - 502fb85b-a29e-44f8-b2d1-a1b35ff790ca@group-6BC3D337FF53-SegmentedRaftLogWorker: Starting segment from index:0
2019-10-02 00:48:04,468 [502fb85b-a29e-44f8-b2d1-a1b35ff790ca@group-6BC3D337FF53-LeaderElection72] INFO  impl.RaftServerImpl (ServerState.java:setRaftConf(356)) - 502fb85b-a29e-44f8-b2d1-a1b35ff790ca@group-6BC3D337FF53: set configuration 0: [502fb85b-a29e-44f8-b2d1-a1b35ff790ca:192.168.151.67:36254], old=null at 0
2019-10-02 00:48:04,473 [grpc-default-executor-0] INFO  impl.RaftServerImpl (RaftServerImpl.java:setRole(170)) - 069cc059-e5ec-4d1e-9acb-16348c281124@group-9D69FD39398F: changes role from  FOLLOWER to FOLLOWER at term 1 for recognizeCandidate:606d7063-c0d8-44bb-93d5-0ebc9d43d35b
2019-10-02 00:48:04,473 [grpc-default-executor-2] INFO  impl.RaftServerImpl (RaftServerImpl.java:setRole(170)) - 502fb85b-a29e-44f8-b2d1-a1b35ff790ca@group-9D69FD39398F: changes role from  FOLLOWER to FOLLOWER at term 1 for recognizeCandidate:606d7063-c0d8-44bb-93d5-0ebc9d43d35b
2019-10-02 00:48:04,473 [grpc-default-executor-0] INFO  impl.RoleInfo (RoleInfo.java:shutdownFollowerState(121)) - 069cc059-e5ec-4d1e-9acb-16348c281124: shutdown FollowerState
2019-10-02 00:48:04,473 [grpc-default-executor-2] INFO  impl.RoleInfo (RoleInfo.java:shutdownFollowerState(121)) - 502fb85b-a29e-44f8-b2d1-a1b35ff790ca: shutdown FollowerState
2019-10-02 00:48:04,473 [Thread-1563] INFO  impl.FollowerState (FollowerState.java:run(117)) - 069cc059-e5ec-4d1e-9acb-16348c281124@group-9D69FD39398F-FollowerState was interrupted: java.lang.InterruptedException: sleep interrupted
2019-10-02 00:48:04,473 [Thread-1558] INFO  impl.FollowerState (FollowerState.java:run(117)) - 502fb85b-a29e-44f8-b2d1-a1b35ff790ca@group-9D69FD39398F-FollowerState was interrupted: java.lang.InterruptedException: sleep interrupted
2019-10-02 00:48:04,473 [grpc-default-executor-0] INFO  impl.RoleInfo (RoleInfo.java:updateAndGet(143)) - 069cc059-e5ec-4d1e-9acb-16348c281124: start FollowerState
2019-10-02 00:48:04,473 [grpc-default-executor-2] INFO  impl.RoleInfo (RoleInfo.java:updateAndGet(143)) - 502fb85b-a29e-44f8-b2d1-a1b35ff790ca: start FollowerState
2019-10-02 00:48:04,491 [606d7063-c0d8-44bb-93d5-0ebc9d43d35b@group-9D69FD39398F-LeaderElection73] INFO  impl.LeaderElection (LeaderElection.java:logAndReturn(56)) - 606d7063-c0d8-44bb-93d5-0ebc9d43d35b@group-9D69FD39398F-LeaderElection73: Election PASSED; received 1 response(s) [606d7063-c0d8-44bb-93d5-0ebc9d43d35b<-502fb85b-a29e-44f8-b2d1-a1b35ff790ca#0:OK-t1] and 0 exception(s); 606d7063-c0d8-44bb-93d5-0ebc9d43d35b@group-9D69FD39398F:t1, leader=null, voted=606d7063-c0d8-44bb-93d5-0ebc9d43d35b, raftlog=606d7063-c0d8-44bb-93d5-0ebc9d43d35b@group-9D69FD39398F-SegmentedRaftLog:OPENED:c-1,f-1,i0, conf=-1: [502fb85b-a29e-44f8-b2d1-a1b35ff790ca:192.168.151.67:36254, 069cc059-e5ec-4d1e-9acb-16348c281124:192.168.151.67:34692, 606d7063-c0d8-44bb-93d5-0ebc9d43d35b:192.168.151.67:40878], old=null
2019-10-02 00:48:04,491 [606d7063-c0d8-44bb-93d5-0ebc9d43d35b@group-9D69FD39398F-LeaderElection73] INFO  impl.RoleInfo (RoleInfo.java:shutdownLeaderElection(134)) - 606d7063-c0d8-44bb-93d5-0ebc9d43d35b: shutdown LeaderElection
2019-10-02 00:48:04,491 [606d7063-c0d8-44bb-93d5-0ebc9d43d35b@group-9D69FD39398F-LeaderElection73] INFO  impl.RaftServerImpl (RaftServerImpl.java:setRole(170)) - 606d7063-c0d8-44bb-93d5-0ebc9d43d35b@group-9D69FD39398F: changes role from CANDIDATE to LEADER at term 1 for changeToLeader
2019-10-02 00:48:04,491 [606d7063-c0d8-44bb-93d5-0ebc9d43d35b@group-9D69FD39398F-LeaderElection73] INFO  impl.RaftServerImpl (ServerState.java:setLeader(255)) - 606d7063-c0d8-44bb-93d5-0ebc9d43d35b@group-9D69FD39398F: change Leader from null to 606d7063-c0d8-44bb-93d5-0ebc9d43d35b at term 1 for becomeLeader, leader elected after 5145ms
2019-10-02 00:48:04,491 [606d7063-c0d8-44bb-93d5-0ebc9d43d35b@group-9D69FD39398F-LeaderElection73] INFO  server.RaftServerConfigKeys (ConfUtils.java:logGet(43)) - raft.server.staging.catchup.gap = 1000 (default)
2019-10-02 00:48:04,492 [606d7063-c0d8-44bb-93d5-0ebc9d43d35b@group-9D69FD39398F-LeaderElection73] INFO  server.RaftServerConfigKeys (ConfUtils.java:logGet(43)) - raft.server.rpc.sleep.time = 25ms (default)
2019-10-02 00:48:04,492 [606d7063-c0d8-44bb-93d5-0ebc9d43d35b@group-9D69FD39398F-LeaderElection73] INFO  server.RaftServerConfigKeys (ConfUtils.java:logGet(43)) - raft.server.write.element-limit = 4096 (default)
2019-10-02 00:48:04,492 [606d7063-c0d8-44bb-93d5-0ebc9d43d35b@group-9D69FD39398F-LeaderElection73] INFO  server.RaftServerConfigKeys (ConfUtils.java:logGet(43)) - raft.server.watch.timeout = 10s (default)
2019-10-02 00:48:04,492 [606d7063-c0d8-44bb-93d5-0ebc9d43d35b@group-9D69FD39398F-LeaderElection73] INFO  server.RaftServerConfigKeys (ConfUtils.java:logGet(43)) - raft.server.watch.timeout.denomination = 1s (default)
2019-10-02 00:48:04,493 [606d7063-c0d8-44bb-93d5-0ebc9d43d35b@group-9D69FD39398F-LeaderElection73] INFO  server.RaftServerConfigKeys (ConfUtils.java:logGet(43)) - raft.server.watch.element-limit = 65536 (default)
2019-10-02 00:48:04,495 [606d7063-c0d8-44bb-93d5-0ebc9d43d35b@group-9D69FD39398F-LeaderElection73] INFO  server.RaftServerConfigKeys (ConfUtils.java:logGet(43)) - raft.server.log.appender.snapshot.chunk.size.max = 16MB (=16777216) (default)
2019-10-02 00:48:04,496 [606d7063-c0d8-44bb-93d5-0ebc9d43d35b@group-9D69FD39398F-LeaderElection73] INFO  server.RaftServerConfigKeys (ConfUtils.java:logGet(43)) - raft.server.log.appender.buffer.byte-limit = 33554432 (custom)
2019-10-02 00:48:04,496 [606d7063-c0d8-44bb-93d5-0ebc9d43d35b@group-9D69FD39398F-LeaderElection73] INFO  server.RaftServerConfigKeys (ConfUtils.java:logGet(43)) - raft.server.log.appender.buffer.element-limit = 1 (custom)
2019-10-02 00:48:04,496 [606d7063-c0d8-44bb-93d5-0ebc9d43d35b@group-9D69FD39398F-LeaderElection73] INFO  grpc.GrpcConfigKeys$Server (ConfUtils.java:logGet(43)) - raft.grpc.server.leader.outstanding.appends.max = 128 (default)
2019-10-02 00:48:04,496 [606d7063-c0d8-44bb-93d5-0ebc9d43d35b@group-9D69FD39398F-LeaderElection73] INFO  server.RaftServerConfigKeys (ConfUtils.java:logGet(43)) - raft.server.rpc.request.timeout = 3000ms (default)
2019-10-02 00:48:04,497 [606d7063-c0d8-44bb-93d5-0ebc9d43d35b@group-9D69FD39398F-LeaderElection73] INFO  server.RaftServerConfigKeys (ConfUtils.java:logGet(43)) - raft.server.log.appender.install.snapshot.enabled = false (custom)
2019-10-02 00:48:04,497 [606d7063-c0d8-44bb-93d5-0ebc9d43d35b@group-9D69FD39398F-LeaderElection73] INFO  server.RaftServerConfigKeys (ConfUtils.java:logGet(43)) - raft.server.log.appender.snapshot.chunk.size.max = 16MB (=16777216) (default)
2019-10-02 00:48:04,497 [606d7063-c0d8-44bb-93d5-0ebc9d43d35b@group-9D69FD39398F-LeaderElection73] INFO  server.RaftServerConfigKeys (ConfUtils.java:logGet(43)) - raft.server.log.appender.buffer.byte-limit = 33554432 (custom)
2019-10-02 00:48:04,497 [606d7063-c0d8-44bb-93d5-0ebc9d43d35b@group-9D69FD39398F-LeaderElection73] INFO  server.RaftServerConfigKeys (ConfUtils.java:logGet(43)) - raft.server.log.appender.buffer.element-limit = 1 (custom)
2019-10-02 00:48:04,498 [606d7063-c0d8-44bb-93d5-0ebc9d43d35b@group-9D69FD39398F-LeaderElection73] INFO  grpc.GrpcConfigKeys$Server (ConfUtils.java:logGet(43)) - raft.grpc.server.leader.outstanding.appends.max = 128 (default)
2019-10-02 00:48:04,498 [606d7063-c0d8-44bb-93d5-0ebc9d43d35b@group-9D69FD39398F-LeaderElection73] INFO  server.RaftServerConfigKeys (ConfUtils.java:logGet(43)) - raft.server.rpc.request.timeout = 3000ms (default)
2019-10-02 00:48:04,498 [606d7063-c0d8-44bb-93d5-0ebc9d43d35b@group-9D69FD39398F-LeaderElection73] INFO  server.RaftServerConfigKeys (ConfUtils.java:logGet(43)) - raft.server.log.appender.install.snapshot.enabled = false (custom)
2019-10-02 00:48:04,498 [606d7063-c0d8-44bb-93d5-0ebc9d43d35b@group-9D69FD39398F-LeaderElection73] INFO  impl.RoleInfo (RoleInfo.java:updateAndGet(143)) - 606d7063-c0d8-44bb-93d5-0ebc9d43d35b: start LeaderState
2019-10-02 00:48:04,499 [606d7063-c0d8-44bb-93d5-0ebc9d43d35b@group-9D69FD39398F-LeaderElection73] INFO  segmented.SegmentedRaftLogWorker (SegmentedRaftLogWorker.java:startLogSegment(385)) - 606d7063-c0d8-44bb-93d5-0ebc9d43d35b@group-9D69FD39398F-SegmentedRaftLogWorker: Starting segment from index:0
2019-10-02 00:48:04,500 [606d7063-c0d8-44bb-93d5-0ebc9d43d35b@group-9D69FD39398F-LeaderElection73] INFO  impl.RaftServerImpl (ServerState.java:setRaftConf(356)) - 606d7063-c0d8-44bb-93d5-0ebc9d43d35b@group-9D69FD39398F: set configuration 0: [502fb85b-a29e-44f8-b2d1-a1b35ff790ca:192.168.151.67:36254, 069cc059-e5ec-4d1e-9acb-16348c281124:192.168.151.67:34692, 606d7063-c0d8-44bb-93d5-0ebc9d43d35b:192.168.151.67:40878], old=null at 0
2019-10-02 00:48:04,547 [grpc-default-executor-0] INFO  impl.RaftServerImpl (ServerState.java:setLeader(255)) - 069cc059-e5ec-4d1e-9acb-16348c281124@group-9D69FD39398F: change Leader from null to 606d7063-c0d8-44bb-93d5-0ebc9d43d35b at term 1 for appendEntries, leader elected after 5200ms
2019-10-02 00:48:04,550 [grpc-default-executor-1] INFO  impl.RaftServerImpl (ServerState.java:setLeader(255)) - 502fb85b-a29e-44f8-b2d1-a1b35ff790ca@group-9D69FD39398F: change Leader from null to 606d7063-c0d8-44bb-93d5-0ebc9d43d35b at term 1 for appendEntries, leader elected after 5204ms
2019-10-02 00:48:04,550 [502fb85b-a29e-44f8-b2d1-a1b35ff790ca@group-6BC3D337FF53-SegmentedRaftLogWorker] INFO  segmented.SegmentedRaftLogWorker (SegmentedRaftLogWorker.java:execute(574)) - 502fb85b-a29e-44f8-b2d1-a1b35ff790ca@group-6BC3D337FF53-SegmentedRaftLogWorker: created new log segment /workdir/hadoop-ozone/integration-test/target/test-dir/MiniOzoneClusterImpl-788e85c3-1b40-40de-b00b-4bdf35f5c40e/datanode-6/data/ratis/d2236ddc-6679-444b-a84a-6bc3d337ff53/current/log_inprogress_0
2019-10-02 00:48:04,550 [606d7063-c0d8-44bb-93d5-0ebc9d43d35b@group-9D69FD39398F-SegmentedRaftLogWorker] INFO  segmented.SegmentedRaftLogWorker (SegmentedRaftLogWorker.java:execute(574)) - 606d7063-c0d8-44bb-93d5-0ebc9d43d35b@group-9D69FD39398F-SegmentedRaftLogWorker: created new log segment /workdir/hadoop-ozone/integration-test/target/test-dir/MiniOzoneClusterImpl-788e85c3-1b40-40de-b00b-4bdf35f5c40e/datanode-3/data/ratis/0bfdff87-c324-48f2-b85c-9d69fd39398f/current/log_inprogress_0
2019-10-02 00:48:04,555 [grpc-default-executor-0] INFO  impl.RaftServerImpl (ServerState.java:setRaftConf(356)) - 069cc059-e5ec-4d1e-9acb-16348c281124@group-9D69FD39398F: set configuration 0: [502fb85b-a29e-44f8-b2d1-a1b35ff790ca:192.168.151.67:36254, 069cc059-e5ec-4d1e-9acb-16348c281124:192.168.151.67:34692, 606d7063-c0d8-44bb-93d5-0ebc9d43d35b:192.168.151.67:40878], old=null at 0
2019-10-02 00:48:04,555 [grpc-default-executor-1] INFO  impl.RaftServerImpl (ServerState.java:setRaftConf(356)) - 502fb85b-a29e-44f8-b2d1-a1b35ff790ca@group-9D69FD39398F: set configuration 0: [502fb85b-a29e-44f8-b2d1-a1b35ff790ca:192.168.151.67:36254, 069cc059-e5ec-4d1e-9acb-16348c281124:192.168.151.67:34692, 606d7063-c0d8-44bb-93d5-0ebc9d43d35b:192.168.151.67:40878], old=null at 0
2019-10-02 00:48:04,556 [grpc-default-executor-0] INFO  segmented.SegmentedRaftLogWorker (SegmentedRaftLogWorker.java:startLogSegment(385)) - 069cc059-e5ec-4d1e-9acb-16348c281124@group-9D69FD39398F-SegmentedRaftLogWorker: Starting segment from index:0
2019-10-02 00:48:04,556 [grpc-default-executor-1] INFO  segmented.SegmentedRaftLogWorker (SegmentedRaftLogWorker.java:startLogSegment(385)) - 502fb85b-a29e-44f8-b2d1-a1b35ff790ca@group-9D69FD39398F-SegmentedRaftLogWorker: Starting segment from index:0
2019-10-02 00:48:04,597 [Datanode State Machine Thread - 0] INFO  statemachine.DatanodeStateMachine (DatanodeStateMachine.java:lambda$startDaemon$0(350)) - Ozone container server started.
2019-10-02 00:48:04,610 [502fb85b-a29e-44f8-b2d1-a1b35ff790ca@group-9D69FD39398F-SegmentedRaftLogWorker] INFO  segmented.SegmentedRaftLogWorker (SegmentedRaftLogWorker.java:execute(574)) - 502fb85b-a29e-44f8-b2d1-a1b35ff790ca@group-9D69FD39398F-SegmentedRaftLogWorker: created new log segment /workdir/hadoop-ozone/integration-test/target/test-dir/MiniOzoneClusterImpl-788e85c3-1b40-40de-b00b-4bdf35f5c40e/datanode-6/data/ratis/0bfdff87-c324-48f2-b85c-9d69fd39398f/current/log_inprogress_0
2019-10-02 00:48:04,610 [069cc059-e5ec-4d1e-9acb-16348c281124@group-9D69FD39398F-SegmentedRaftLogWorker] INFO  segmented.SegmentedRaftLogWorker (SegmentedRaftLogWorker.java:execute(574)) - 069cc059-e5ec-4d1e-9acb-16348c281124@group-9D69FD39398F-SegmentedRaftLogWorker: created new log segment /workdir/hadoop-ozone/integration-test/target/test-dir/MiniOzoneClusterImpl-788e85c3-1b40-40de-b00b-4bdf35f5c40e/datanode-5/data/ratis/0bfdff87-c324-48f2-b85c-9d69fd39398f/current/log_inprogress_0
2019-10-02 00:48:09,555 [main] INFO  ozoneimpl.OzoneContainer (OzoneContainer.java:stop(231)) - Attempting to stop container services.
2019-10-02 00:48:09,557 [main] INFO  impl.RaftServerProxy (RaftServerProxy.java:lambda$close$4(314)) - f0c86e92-032b-42fd-b9b7-8c6530d6a6ab: close
2019-10-02 00:48:09,557 [main] INFO  impl.RaftServerImpl (RaftServerImpl.java:lambda$shutdown$3(247)) - f0c86e92-032b-42fd-b9b7-8c6530d6a6ab@group-8DE96E4F4452: shutdown
2019-10-02 00:48:09,557 [ForkJoinPool.commonPool-worker-1] INFO  impl.RaftServerImpl (RaftServerImpl.java:lambda$shutdown$3(247)) - f0c86e92-032b-42fd-b9b7-8c6530d6a6ab@group-8FF67FE6C032: shutdown
2019-10-02 00:48:09,558 [main] INFO  util.JmxRegister (JmxRegister.java:unregister(73)) - Successfully un-registered JMX Bean with object name Ratis:service=RaftServer,group=group-8DE96E4F4452,id=f0c86e92-032b-42fd-b9b7-8c6530d6a6ab
2019-10-02 00:48:09,558 [ForkJoinPool.commonPool-worker-1] INFO  util.JmxRegister (JmxRegister.java:unregister(73)) - Successfully un-registered JMX Bean with object name Ratis:service=RaftServer,group=group-8FF67FE6C032,id=f0c86e92-032b-42fd-b9b7-8c6530d6a6ab
2019-10-02 00:48:09,558 [main] INFO  impl.RoleInfo (RoleInfo.java:shutdownLeaderState(104)) - f0c86e92-032b-42fd-b9b7-8c6530d6a6ab: shutdown LeaderState
2019-10-02 00:48:09,558 [ForkJoinPool.commonPool-worker-1] INFO  impl.RoleInfo (RoleInfo.java:shutdownFollowerState(121)) - f0c86e92-032b-42fd-b9b7-8c6530d6a6ab: shutdown FollowerState
2019-10-02 00:48:09,559 [main] INFO  impl.PendingRequests (PendingRequests.java:sendNotLeaderResponses(202)) - f0c86e92-032b-42fd-b9b7-8c6530d6a6ab@group-8DE96E4F4452-PendingRequests: sendNotLeaderResponses
2019-10-02 00:48:09,559 [f0c86e92-032b-42fd-b9b7-8c6530d6a6ab@group-8FF67FE6C032-StateMachineUpdater] INFO  ratis.ContainerStateMachine (ContainerStateMachine.java:takeSnapshot(289)) - group-8FF67FE6C032: Taking a snapshot at:(t:1, i:1) file /workdir/hadoop-ozone/integration-test/target/test-dir/MiniOzoneClusterImpl-788e85c3-1b40-40de-b00b-4bdf35f5c40e/datanode-0/data/ratis/3bfb29ef-c5e4-45f9-8a37-8ff67fe6c032/sm/snapshot.1_1
2019-10-02 00:48:09,559 [Thread-1587] INFO  impl.FollowerState (FollowerState.java:run(117)) - f0c86e92-032b-42fd-b9b7-8c6530d6a6ab@group-8FF67FE6C032-FollowerState was interrupted: java.lang.InterruptedException: sleep interrupted
2019-10-02 00:48:09,559 [ForkJoinPool.commonPool-worker-1] INFO  impl.StateMachineUpdater (StateMachineUpdater.java:stopAndJoin(136)) - f0c86e92-032b-42fd-b9b7-8c6530d6a6ab@group-8FF67FE6C032-StateMachineUpdater: set stopIndex = 2
2019-10-02 00:48:09,559 [main] INFO  impl.StateMachineUpdater (StateMachineUpdater.java:stopAndJoin(136)) - f0c86e92-032b-42fd-b9b7-8c6530d6a6ab@group-8DE96E4F4452-StateMachineUpdater: set stopIndex = 0
2019-10-02 00:48:09,560 [main] INFO  impl.RaftServerImpl (ServerState.java:close(387)) - f0c86e92-032b-42fd-b9b7-8c6530d6a6ab@group-8DE96E4F4452: closes. applyIndex: 0
2019-10-02 00:48:09,560 [f0c86e92-032b-42fd-b9b7-8c6530d6a6ab@group-8DE96E4F4452-SegmentedRaftLogWorker] INFO  segmented.SegmentedRaftLogWorker (SegmentedRaftLogWorker.java:run(316)) - f0c86e92-032b-42fd-b9b7-8c6530d6a6ab@group-8DE96E4F4452-SegmentedRaftLogWorker was interrupted, exiting. There are 0 tasks remaining in the queue.
2019-10-02 00:48:09,564 [main] INFO  segmented.SegmentedRaftLogWorker (SegmentedRaftLogWorker.java:close(224)) - f0c86e92-032b-42fd-b9b7-8c6530d6a6ab@group-8DE96E4F4452-SegmentedRaftLogWorker close()
2019-10-02 00:48:09,573 [f0c86e92-032b-42fd-b9b7-8c6530d6a6ab@group-8FF67FE6C032-StateMachineUpdater] INFO  ratis.ContainerStateMachine (ContainerStateMachine.java:takeSnapshot(300)) - group-8FF67FE6C032: Finished taking a snapshot at:(t:1, i:1) file:/workdir/hadoop-ozone/integration-test/target/test-dir/MiniOzoneClusterImpl-788e85c3-1b40-40de-b00b-4bdf35f5c40e/datanode-0/data/ratis/3bfb29ef-c5e4-45f9-8a37-8ff67fe6c032/sm/snapshot.1_1 time:14
2019-10-02 00:48:09,573 [f0c86e92-032b-42fd-b9b7-8c6530d6a6ab@group-8FF67FE6C032-StateMachineUpdater] INFO  impl.StateMachineUpdater (StateMachineUpdater.java:takeSnapshot(269)) - f0c86e92-032b-42fd-b9b7-8c6530d6a6ab@group-8FF67FE6C032-StateMachineUpdater: Took a snapshot at index 1
2019-10-02 00:48:09,573 [f0c86e92-032b-42fd-b9b7-8c6530d6a6ab@group-8FF67FE6C032-StateMachineUpdater] INFO  impl.StateMachineUpdater (StateMachineUpdater.java:lambda$new$0(84)) - f0c86e92-032b-42fd-b9b7-8c6530d6a6ab@group-8FF67FE6C032-StateMachineUpdater: snapshotIndex: updateIncreasingly -1 -> 1
2019-10-02 00:48:09,574 [f0c86e92-032b-42fd-b9b7-8c6530d6a6ab@group-8FF67FE6C032-StateMachineUpdater] INFO  ratis.ContainerStateMachine (ContainerStateMachine.java:takeSnapshot(289)) - group-8FF67FE6C032: Taking a snapshot at:(t:1, i:1) file /workdir/hadoop-ozone/integration-test/target/test-dir/MiniOzoneClusterImpl-788e85c3-1b40-40de-b00b-4bdf35f5c40e/datanode-0/data/ratis/3bfb29ef-c5e4-45f9-8a37-8ff67fe6c032/sm/snapshot.1_1
2019-10-02 00:48:09,586 [f0c86e92-032b-42fd-b9b7-8c6530d6a6ab@group-8FF67FE6C032-StateMachineUpdater] INFO  ratis.ContainerStateMachine (ContainerStateMachine.java:takeSnapshot(300)) - group-8FF67FE6C032: Finished taking a snapshot at:(t:1, i:1) file:/workdir/hadoop-ozone/integration-test/target/test-dir/MiniOzoneClusterImpl-788e85c3-1b40-40de-b00b-4bdf35f5c40e/datanode-0/data/ratis/3bfb29ef-c5e4-45f9-8a37-8ff67fe6c032/sm/snapshot.1_1 time:12
2019-10-02 00:48:09,586 [f0c86e92-032b-42fd-b9b7-8c6530d6a6ab@group-8FF67FE6C032-StateMachineUpdater] INFO  impl.StateMachineUpdater (StateMachineUpdater.java:takeSnapshot(269)) - f0c86e92-032b-42fd-b9b7-8c6530d6a6ab@group-8FF67FE6C032-StateMachineUpdater: Took a snapshot at index 1
2019-10-02 00:48:09,586 [f0c86e92-032b-42fd-b9b7-8c6530d6a6ab@group-8FF67FE6C032-StateMachineUpdater] INFO  impl.StateMachineUpdater (StateMachineUpdater.java:lambda$new$0(84)) - f0c86e92-032b-42fd-b9b7-8c6530d6a6ab@group-8FF67FE6C032-StateMachineUpdater: snapshotIndex: updateIncreasingly 1 -> 1
2019-10-02 00:48:09,586 [ForkJoinPool.commonPool-worker-1] INFO  impl.RaftServerImpl (ServerState.java:close(387)) - f0c86e92-032b-42fd-b9b7-8c6530d6a6ab@group-8FF67FE6C032: closes. applyIndex: 2
2019-10-02 00:48:09,587 [f0c86e92-032b-42fd-b9b7-8c6530d6a6ab@group-8FF67FE6C032-SegmentedRaftLogWorker] INFO  segmented.SegmentedRaftLogWorker (SegmentedRaftLogWorker.java:run(316)) - f0c86e92-032b-42fd-b9b7-8c6530d6a6ab@group-8FF67FE6C032-SegmentedRaftLogWorker was interrupted, exiting. There are 0 tasks remaining in the queue.
2019-10-02 00:48:09,590 [ForkJoinPool.commonPool-worker-1] INFO  segmented.SegmentedRaftLogWorker (SegmentedRaftLogWorker.java:close(224)) - f0c86e92-032b-42fd-b9b7-8c6530d6a6ab@group-8FF67FE6C032-SegmentedRaftLogWorker close()
2019-10-02 00:48:09,595 [main] INFO  server.GrpcService (GrpcService.java:closeImpl(164)) - f0c86e92-032b-42fd-b9b7-8c6530d6a6ab: shutdown server with port 42027 now
2019-10-02 00:48:09,597 [grpc-default-executor-0] WARN  server.GrpcServerProtocolService (LogUtils.java:warn(134)) - f0c86e92-032b-42fd-b9b7-8c6530d6a6ab: installSnapshot onError, lastRequest: 1a5146b9-310d-447a-8c6c-9bc3e23dff82->f0c86e92-032b-42fd-b9b7-8c6530d6a6ab#5-t1, previous=(t:1, i:2), leaderCommit=2, initializing? false, entries: <empty>: org.apache.ratis.thirdparty.io.grpc.StatusRuntimeException: CANCELLED: cancelled before receiving half close
2019-10-02 00:48:09,597 [main] INFO  server.GrpcService (GrpcService.java:closeImpl(172)) - f0c86e92-032b-42fd-b9b7-8c6530d6a6ab: shutdown server with port 42027 successfully
2019-10-02 00:48:09,597 [grpc-default-executor-2] WARN  server.GrpcLogAppender (LogUtils.java:warn(134)) - 1a5146b9-310d-447a-8c6c-9bc3e23dff82@group-8FF67FE6C032->f0c86e92-032b-42fd-b9b7-8c6530d6a6ab-AppendLogResponseHandler: Failed appendEntries: org.apache.ratis.thirdparty.io.grpc.StatusRuntimeException: CANCELLED: HTTP/2 error code: CANCEL
Received Rst Stream
2019-10-02 00:48:09,598 [grpc-default-executor-2] INFO  impl.FollowerInfo (FollowerInfo.java:lambda$new$0(51)) - 1a5146b9-310d-447a-8c6c-9bc3e23dff82@group-8FF67FE6C032->f0c86e92-032b-42fd-b9b7-8c6530d6a6ab: nextIndex: updateUnconditionally 3 -> 2
2019-10-02 00:48:09,599 [refreshUsed-/workdir/hadoop-ozone/integration-test/target/test-dir/MiniOzoneClusterImpl-788e85c3-1b40-40de-b00b-4bdf35f5c40e/datanode-0/data/containers] WARN  fs.CachingGetSpaceUsed (CachingGetSpaceUsed.java:run(183)) - Thread Interrupted waiting to refresh disk information: sleep interrupted
2019-10-02 00:48:09,613 [main] INFO  utils.BackgroundService (BackgroundService.java:shutdown(148)) - Shutting down service BlockDeletingService
2019-10-02 00:48:09,624 [main] INFO  statemachine.DatanodeStateMachine (DatanodeStateMachine.java:stopDaemon(395)) - Ozone container server stopped.
2019-10-02 00:48:09,626 [main] INFO  handler.ContextHandler (ContextHandler.java:doStop(910)) - Stopped o.e.j.w.WebAppContext@5ae1c281{/,null,UNAVAILABLE}{/hddsDatanode}
2019-10-02 00:48:09,629 [main] INFO  server.AbstractConnector (AbstractConnector.java:doStop(318)) - Stopped ServerConnector@4ac8768e{HTTP/1.1,[http/1.1]}{0.0.0.0:0}
2019-10-02 00:48:09,630 [main] INFO  handler.ContextHandler (ContextHandler.java:doStop(910)) - Stopped o.e.j.s.ServletContextHandler@721d8ab5{/static,jar:file:/home/user/.m2/repository/org/apache/hadoop/hadoop-hdds-container-service/0.5.0-SNAPSHOT/hadoop-hdds-container-service-0.5.0-SNAPSHOT.jar!/webapps/static,UNAVAILABLE}
2019-10-02 00:48:09,630 [main] INFO  handler.ContextHandler (ContextHandler.java:doStop(910)) - Stopped o.e.j.s.ServletContextHandler@10244722{/logs,file:///workdir/hadoop-ozone/integration-test/target/log,UNAVAILABLE}
2019-10-02 00:48:10,598 [Datanode State Machine Thread - 0] INFO  statemachine.DatanodeStateMachine (DatanodeStateMachine.java:lambda$startDaemon$0(350)) - Ozone container server started.
2019-10-02 00:48:11,941 [grpc-default-executor-0] WARN  server.GrpcLogAppender (LogUtils.java:warn(134)) - 1a5146b9-310d-447a-8c6c-9bc3e23dff82@group-8FF67FE6C032->f0c86e92-032b-42fd-b9b7-8c6530d6a6ab-AppendLogResponseHandler: Failed appendEntries: org.apache.ratis.thirdparty.io.grpc.StatusRuntimeException: UNAVAILABLE: io exception
2019-10-02 00:48:11,941 [grpc-default-executor-0] INFO  impl.FollowerInfo (FollowerInfo.java:lambda$new$0(51)) - 1a5146b9-310d-447a-8c6c-9bc3e23dff82@group-8FF67FE6C032->f0c86e92-032b-42fd-b9b7-8c6530d6a6ab: nextIndex: updateUnconditionally 2 -> 1
2019-10-02 00:48:14,447 [grpc-default-executor-1] WARN  server.GrpcLogAppender (LogUtils.java:warn(134)) - 1a5146b9-310d-447a-8c6c-9bc3e23dff82@group-8FF67FE6C032->f0c86e92-032b-42fd-b9b7-8c6530d6a6ab-AppendLogResponseHandler: Failed appendEntries: org.apache.ratis.thirdparty.io.grpc.StatusRuntimeException: UNAVAILABLE: io exception
2019-10-02 00:48:14,449 [grpc-default-executor-1] INFO  impl.FollowerInfo (FollowerInfo.java:lambda$new$0(51)) - 1a5146b9-310d-447a-8c6c-9bc3e23dff82@group-8FF67FE6C032->f0c86e92-032b-42fd-b9b7-8c6530d6a6ab: nextIndex: updateUnconditionally 1 -> 0
2019-10-02 00:48:14,633 [main] INFO  ozoneimpl.OzoneContainer (OzoneContainer.java:stop(231)) - Attempting to stop container services.
2019-10-02 00:48:14,634 [main] INFO  impl.RaftServerProxy (RaftServerProxy.java:lambda$close$4(314)) - 9585e4e1-586e-442e-9cea-1465c4d86f2f: close
2019-10-02 00:48:14,635 [main] INFO  impl.RaftServerImpl (RaftServerImpl.java:lambda$shutdown$3(247)) - 9585e4e1-586e-442e-9cea-1465c4d86f2f@group-6A5F21C9FBBF: shutdown
2019-10-02 00:48:14,636 [ForkJoinPool.commonPool-worker-0] INFO  impl.RaftServerImpl (RaftServerImpl.java:lambda$shutdown$3(247)) - 9585e4e1-586e-442e-9cea-1465c4d86f2f@group-8FF67FE6C032: shutdown
2019-10-02 00:48:14,636 [main] INFO  util.JmxRegister (JmxRegister.java:unregister(73)) - Successfully un-registered JMX Bean with object name Ratis:service=RaftServer,group=group-6A5F21C9FBBF,id=9585e4e1-586e-442e-9cea-1465c4d86f2f
2019-10-02 00:48:14,637 [ForkJoinPool.commonPool-worker-0] INFO  util.JmxRegister (JmxRegister.java:unregister(73)) - Successfully un-registered JMX Bean with object name Ratis:service=RaftServer,group=group-8FF67FE6C032,id=9585e4e1-586e-442e-9cea-1465c4d86f2f
2019-10-02 00:48:14,637 [ForkJoinPool.commonPool-worker-0] INFO  impl.RoleInfo (RoleInfo.java:shutdownFollowerState(121)) - 9585e4e1-586e-442e-9cea-1465c4d86f2f: shutdown FollowerState
2019-10-02 00:48:14,637 [main] INFO  impl.RoleInfo (RoleInfo.java:shutdownLeaderState(104)) - 9585e4e1-586e-442e-9cea-1465c4d86f2f: shutdown LeaderState
2019-10-02 00:48:14,638 [9585e4e1-586e-442e-9cea-1465c4d86f2f@group-8FF67FE6C032-StateMachineUpdater] INFO  ratis.ContainerStateMachine (ContainerStateMachine.java:takeSnapshot(289)) - group-8FF67FE6C032: Taking a snapshot at:(t:1, i:1) file /workdir/hadoop-ozone/integration-test/target/test-dir/MiniOzoneClusterImpl-788e85c3-1b40-40de-b00b-4bdf35f5c40e/datanode-2/data/ratis/3bfb29ef-c5e4-45f9-8a37-8ff67fe6c032/sm/snapshot.1_1
2019-10-02 00:48:14,638 [Thread-1588] INFO  impl.FollowerState (FollowerState.java:run(117)) - 9585e4e1-586e-442e-9cea-1465c4d86f2f@group-8FF67FE6C032-FollowerState was interrupted: java.lang.InterruptedException: sleep interrupted
2019-10-02 00:48:14,638 [ForkJoinPool.commonPool-worker-0] INFO  impl.StateMachineUpdater (StateMachineUpdater.java:stopAndJoin(136)) - 9585e4e1-586e-442e-9cea-1465c4d86f2f@group-8FF67FE6C032-StateMachineUpdater: set stopIndex = 2
2019-10-02 00:48:14,638 [main] INFO  impl.PendingRequests (PendingRequests.java:sendNotLeaderResponses(202)) - 9585e4e1-586e-442e-9cea-1465c4d86f2f@group-6A5F21C9FBBF-PendingRequests: sendNotLeaderResponses
2019-10-02 00:48:14,640 [main] INFO  impl.StateMachineUpdater (StateMachineUpdater.java:stopAndJoin(136)) - 9585e4e1-586e-442e-9cea-1465c4d86f2f@group-6A5F21C9FBBF-StateMachineUpdater: set stopIndex = 0
2019-10-02 00:48:14,641 [main] INFO  impl.RaftServerImpl (ServerState.java:close(387)) - 9585e4e1-586e-442e-9cea-1465c4d86f2f@group-6A5F21C9FBBF: closes. applyIndex: 0
2019-10-02 00:48:14,642 [9585e4e1-586e-442e-9cea-1465c4d86f2f@group-6A5F21C9FBBF-SegmentedRaftLogWorker] INFO  segmented.SegmentedRaftLogWorker (SegmentedRaftLogWorker.java:run(316)) - 9585e4e1-586e-442e-9cea-1465c4d86f2f@group-6A5F21C9FBBF-SegmentedRaftLogWorker was interrupted, exiting. There are 0 tasks remaining in the queue.
2019-10-02 00:48:14,650 [main] INFO  segmented.SegmentedRaftLogWorker (SegmentedRaftLogWorker.java:close(224)) - 9585e4e1-586e-442e-9cea-1465c4d86f2f@group-6A5F21C9FBBF-SegmentedRaftLogWorker close()
2019-10-02 00:48:14,663 [9585e4e1-586e-442e-9cea-1465c4d86f2f@group-8FF67FE6C032-StateMachineUpdater] INFO  ratis.ContainerStateMachine (ContainerStateMachine.java:takeSnapshot(300)) - group-8FF67FE6C032: Finished taking a snapshot at:(t:1, i:1) file:/workdir/hadoop-ozone/integration-test/target/test-dir/MiniOzoneClusterImpl-788e85c3-1b40-40de-b00b-4bdf35f5c40e/datanode-2/data/ratis/3bfb29ef-c5e4-45f9-8a37-8ff67fe6c032/sm/snapshot.1_1 time:26
2019-10-02 00:48:14,664 [9585e4e1-586e-442e-9cea-1465c4d86f2f@group-8FF67FE6C032-StateMachineUpdater] INFO  impl.StateMachineUpdater (StateMachineUpdater.java:takeSnapshot(269)) - 9585e4e1-586e-442e-9cea-1465c4d86f2f@group-8FF67FE6C032-StateMachineUpdater: Took a snapshot at index 1
2019-10-02 00:48:14,664 [9585e4e1-586e-442e-9cea-1465c4d86f2f@group-8FF67FE6C032-StateMachineUpdater] INFO  impl.StateMachineUpdater (StateMachineUpdater.java:lambda$new$0(84)) - 9585e4e1-586e-442e-9cea-1465c4d86f2f@group-8FF67FE6C032-StateMachineUpdater: snapshotIndex: updateIncreasingly -1 -> 1
2019-10-02 00:48:14,665 [9585e4e1-586e-442e-9cea-1465c4d86f2f@group-8FF67FE6C032-StateMachineUpdater] INFO  ratis.ContainerStateMachine (ContainerStateMachine.java:takeSnapshot(289)) - group-8FF67FE6C032: Taking a snapshot at:(t:1, i:1) file /workdir/hadoop-ozone/integration-test/target/test-dir/MiniOzoneClusterImpl-788e85c3-1b40-40de-b00b-4bdf35f5c40e/datanode-2/data/ratis/3bfb29ef-c5e4-45f9-8a37-8ff67fe6c032/sm/snapshot.1_1
2019-10-02 00:48:14,677 [9585e4e1-586e-442e-9cea-1465c4d86f2f@group-8FF67FE6C032-StateMachineUpdater] INFO  ratis.ContainerStateMachine (ContainerStateMachine.java:takeSnapshot(300)) - group-8FF67FE6C032: Finished taking a snapshot at:(t:1, i:1) file:/workdir/hadoop-ozone/integration-test/target/test-dir/MiniOzoneClusterImpl-788e85c3-1b40-40de-b00b-4bdf35f5c40e/datanode-2/data/ratis/3bfb29ef-c5e4-45f9-8a37-8ff67fe6c032/sm/snapshot.1_1 time:13
2019-10-02 00:48:14,677 [9585e4e1-586e-442e-9cea-1465c4d86f2f@group-8FF67FE6C032-StateMachineUpdater] INFO  impl.StateMachineUpdater (StateMachineUpdater.java:takeSnapshot(269)) - 9585e4e1-586e-442e-9cea-1465c4d86f2f@group-8FF67FE6C032-StateMachineUpdater: Took a snapshot at index 1
2019-10-02 00:48:14,677 [9585e4e1-586e-442e-9cea-1465c4d86f2f@group-8FF67FE6C032-StateMachineUpdater] INFO  impl.StateMachineUpdater (StateMachineUpdater.java:lambda$new$0(84)) - 9585e4e1-586e-442e-9cea-1465c4d86f2f@group-8FF67FE6C032-StateMachineUpdater: snapshotIndex: updateIncreasingly 1 -> 1
2019-10-02 00:48:14,678 [ForkJoinPool.commonPool-worker-0] INFO  impl.RaftServerImpl (ServerState.java:close(387)) - 9585e4e1-586e-442e-9cea-1465c4d86f2f@group-8FF67FE6C032: closes. applyIndex: 2
2019-10-02 00:48:14,678 [9585e4e1-586e-442e-9cea-1465c4d86f2f@group-8FF67FE6C032-SegmentedRaftLogWorker] INFO  segmented.SegmentedRaftLogWorker (SegmentedRaftLogWorker.java:run(316)) - 9585e4e1-586e-442e-9cea-1465c4d86f2f@group-8FF67FE6C032-SegmentedRaftLogWorker was interrupted, exiting. There are 0 tasks remaining in the queue.
2019-10-02 00:48:14,680 [ForkJoinPool.commonPool-worker-0] INFO  segmented.SegmentedRaftLogWorker (SegmentedRaftLogWorker.java:close(224)) - 9585e4e1-586e-442e-9cea-1465c4d86f2f@group-8FF67FE6C032-SegmentedRaftLogWorker close()
2019-10-02 00:48:14,684 [main] INFO  server.GrpcService (GrpcService.java:closeImpl(164)) - 9585e4e1-586e-442e-9cea-1465c4d86f2f: shutdown server with port 46668 now
2019-10-02 00:48:14,686 [grpc-default-executor-2] WARN  server.GrpcServerProtocolService (LogUtils.java:warn(134)) - 9585e4e1-586e-442e-9cea-1465c4d86f2f: installSnapshot onError, lastRequest: 1a5146b9-310d-447a-8c6c-9bc3e23dff82->9585e4e1-586e-442e-9cea-1465c4d86f2f#7-t1, previous=(t:1, i:2), leaderCommit=2, initializing? false, entries: <empty>: org.apache.ratis.thirdparty.io.grpc.StatusRuntimeException: CANCELLED: cancelled before receiving half close
2019-10-02 00:48:14,686 [grpc-default-executor-0] WARN  server.GrpcLogAppender (LogUtils.java:warn(134)) - 1a5146b9-310d-447a-8c6c-9bc3e23dff82@group-8FF67FE6C032->9585e4e1-586e-442e-9cea-1465c4d86f2f-AppendLogResponseHandler: Failed appendEntries: org.apache.ratis.thirdparty.io.grpc.StatusRuntimeException: CANCELLED: HTTP/2 error code: CANCEL
Received Rst Stream
2019-10-02 00:48:14,687 [main] INFO  server.GrpcService (GrpcService.java:closeImpl(172)) - 9585e4e1-586e-442e-9cea-1465c4d86f2f: shutdown server with port 46668 successfully
2019-10-02 00:48:14,687 [grpc-default-executor-0] INFO  impl.FollowerInfo (FollowerInfo.java:lambda$new$0(51)) - 1a5146b9-310d-447a-8c6c-9bc3e23dff82@group-8FF67FE6C032->9585e4e1-586e-442e-9cea-1465c4d86f2f: nextIndex: updateUnconditionally 3 -> 2
2019-10-02 00:48:14,689 [refreshUsed-/workdir/hadoop-ozone/integration-test/target/test-dir/MiniOzoneClusterImpl-788e85c3-1b40-40de-b00b-4bdf35f5c40e/datanode-2/data/containers] WARN  fs.CachingGetSpaceUsed (CachingGetSpaceUsed.java:run(183)) - Thread Interrupted waiting to refresh disk information: sleep interrupted
2019-10-02 00:48:14,710 [main] INFO  utils.BackgroundService (BackgroundService.java:shutdown(148)) - Shutting down service BlockDeletingService
2019-10-02 00:48:14,716 [main] INFO  statemachine.DatanodeStateMachine (DatanodeStateMachine.java:stopDaemon(395)) - Ozone container server stopped.
2019-10-02 00:48:14,718 [main] INFO  handler.ContextHandler (ContextHandler.java:doStop(910)) - Stopped o.e.j.w.WebAppContext@7741d346{/,null,UNAVAILABLE}{/hddsDatanode}
2019-10-02 00:48:14,719 [main] INFO  server.AbstractConnector (AbstractConnector.java:doStop(318)) - Stopped ServerConnector@52454457{HTTP/1.1,[http/1.1]}{0.0.0.0:0}
2019-10-02 00:48:14,719 [main] INFO  handler.ContextHandler (ContextHandler.java:doStop(910)) - Stopped o.e.j.s.ServletContextHandler@3bc69ce9{/static,jar:file:/home/user/.m2/repository/org/apache/hadoop/hadoop-hdds-container-service/0.5.0-SNAPSHOT/hadoop-hdds-container-service-0.5.0-SNAPSHOT.jar!/webapps/static,UNAVAILABLE}
2019-10-02 00:48:14,720 [main] INFO  handler.ContextHandler (ContextHandler.java:doStop(910)) - Stopped o.e.j.s.ServletContextHandler@6eb089e6{/logs,file:///workdir/hadoop-ozone/integration-test/target/log,UNAVAILABLE}
2019-10-02 00:48:16,945 [grpc-default-executor-1] WARN  server.GrpcLogAppender (LogUtils.java:warn(134)) - 1a5146b9-310d-447a-8c6c-9bc3e23dff82@group-8FF67FE6C032->f0c86e92-032b-42fd-b9b7-8c6530d6a6ab-AppendLogResponseHandler: Failed appendEntries: org.apache.ratis.thirdparty.io.grpc.StatusRuntimeException: UNAVAILABLE: io exception
2019-10-02 00:48:16,946 [grpc-default-executor-1] INFO  impl.FollowerInfo (FollowerInfo.java:lambda$new$0(51)) - 1a5146b9-310d-447a-8c6c-9bc3e23dff82@group-8FF67FE6C032->f0c86e92-032b-42fd-b9b7-8c6530d6a6ab: nextIndex: updateUnconditionally 0 -> 0
2019-10-02 00:48:16,950 [grpc-default-executor-2] WARN  server.GrpcLogAppender (LogUtils.java:warn(134)) - 1a5146b9-310d-447a-8c6c-9bc3e23dff82@group-8FF67FE6C032->9585e4e1-586e-442e-9cea-1465c4d86f2f-AppendLogResponseHandler: Failed appendEntries: org.apache.ratis.thirdparty.io.grpc.StatusRuntimeException: UNAVAILABLE: io exception
2019-10-02 00:48:16,950 [grpc-default-executor-2] INFO  impl.FollowerInfo (FollowerInfo.java:lambda$new$0(51)) - 1a5146b9-310d-447a-8c6c-9bc3e23dff82@group-8FF67FE6C032->9585e4e1-586e-442e-9cea-1465c4d86f2f: nextIndex: updateUnconditionally 2 -> 1
2019-10-02 00:48:19,446 [grpc-default-executor-0] WARN  server.GrpcLogAppender (LogUtils.java:warn(134)) - 1a5146b9-310d-447a-8c6c-9bc3e23dff82@group-8FF67FE6C032->f0c86e92-032b-42fd-b9b7-8c6530d6a6ab-AppendLogResponseHandler: Failed appendEntries: org.apache.ratis.thirdparty.io.grpc.StatusRuntimeException: UNAVAILABLE: io exception
2019-10-02 00:48:19,447 [grpc-default-executor-0] INFO  impl.FollowerInfo (FollowerInfo.java:lambda$new$0(51)) - 1a5146b9-310d-447a-8c6c-9bc3e23dff82@group-8FF67FE6C032->f0c86e92-032b-42fd-b9b7-8c6530d6a6ab: nextIndex: updateUnconditionally 0 -> 0
2019-10-02 00:48:19,450 [grpc-default-executor-2] WARN  server.GrpcLogAppender (LogUtils.java:warn(134)) - 1a5146b9-310d-447a-8c6c-9bc3e23dff82@group-8FF67FE6C032->9585e4e1-586e-442e-9cea-1465c4d86f2f-AppendLogResponseHandler: Failed appendEntries: org.apache.ratis.thirdparty.io.grpc.StatusRuntimeException: UNAVAILABLE: io exception
2019-10-02 00:48:19,450 [grpc-default-executor-2] INFO  impl.FollowerInfo (FollowerInfo.java:lambda$new$0(51)) - 1a5146b9-310d-447a-8c6c-9bc3e23dff82@group-8FF67FE6C032->9585e4e1-586e-442e-9cea-1465c4d86f2f: nextIndex: updateUnconditionally 1 -> 0
2019-10-02 00:48:21,957 [grpc-default-executor-2] WARN  server.GrpcLogAppender (LogUtils.java:warn(134)) - 1a5146b9-310d-447a-8c6c-9bc3e23dff82@group-8FF67FE6C032->f0c86e92-032b-42fd-b9b7-8c6530d6a6ab-AppendLogResponseHandler: Failed appendEntries: org.apache.ratis.thirdparty.io.grpc.StatusRuntimeException: UNAVAILABLE: io exception
2019-10-02 00:48:21,957 [grpc-default-executor-1] WARN  server.GrpcLogAppender (LogUtils.java:warn(134)) - 1a5146b9-310d-447a-8c6c-9bc3e23dff82@group-8FF67FE6C032->9585e4e1-586e-442e-9cea-1465c4d86f2f-AppendLogResponseHandler: Failed appendEntries: org.apache.ratis.thirdparty.io.grpc.StatusRuntimeException: UNAVAILABLE: io exception
2019-10-02 00:48:21,958 [grpc-default-executor-2] INFO  impl.FollowerInfo (FollowerInfo.java:lambda$new$0(51)) - 1a5146b9-310d-447a-8c6c-9bc3e23dff82@group-8FF67FE6C032->f0c86e92-032b-42fd-b9b7-8c6530d6a6ab: nextIndex: updateUnconditionally 0 -> 0
2019-10-02 00:48:21,958 [grpc-default-executor-1] INFO  impl.FollowerInfo (FollowerInfo.java:lambda$new$0(51)) - 1a5146b9-310d-447a-8c6c-9bc3e23dff82@group-8FF67FE6C032->9585e4e1-586e-442e-9cea-1465c4d86f2f: nextIndex: updateUnconditionally 0 -> 0
2019-10-02 00:48:24,455 [grpc-default-executor-1] WARN  server.GrpcLogAppender (LogUtils.java:warn(134)) - 1a5146b9-310d-447a-8c6c-9bc3e23dff82@group-8FF67FE6C032->f0c86e92-032b-42fd-b9b7-8c6530d6a6ab-AppendLogResponseHandler: Failed appendEntries: org.apache.ratis.thirdparty.io.grpc.StatusRuntimeException: UNAVAILABLE: io exception
2019-10-02 00:48:24,455 [grpc-default-executor-6] WARN  server.GrpcLogAppender (LogUtils.java:warn(134)) - 1a5146b9-310d-447a-8c6c-9bc3e23dff82@group-8FF67FE6C032->9585e4e1-586e-442e-9cea-1465c4d86f2f-AppendLogResponseHandler: Failed appendEntries: org.apache.ratis.thirdparty.io.grpc.StatusRuntimeException: UNAVAILABLE: io exception
2019-10-02 00:48:24,456 [grpc-default-executor-1] INFO  impl.FollowerInfo (FollowerInfo.java:lambda$new$0(51)) - 1a5146b9-310d-447a-8c6c-9bc3e23dff82@group-8FF67FE6C032->f0c86e92-032b-42fd-b9b7-8c6530d6a6ab: nextIndex: updateUnconditionally 0 -> 0
2019-10-02 00:48:24,456 [grpc-default-executor-6] INFO  impl.FollowerInfo (FollowerInfo.java:lambda$new$0(51)) - 1a5146b9-310d-447a-8c6c-9bc3e23dff82@group-8FF67FE6C032->9585e4e1-586e-442e-9cea-1465c4d86f2f: nextIndex: updateUnconditionally 0 -> 0
2019-10-02 00:48:25,057 [Thread-1659] INFO  client.GrpcClientProtocolService (GrpcClientProtocolService.java:lambda$processClientRequest$0(278)) - Failed RaftClientRequest:client-E269DDA0952D->1a5146b9-310d-447a-8c6c-9bc3e23dff82@group-8FF67FE6C032, cid=67, seq=0, Watch-ALL_COMMITTED(55), Message:<EMPTY>, reply=RaftClientReply:client-E269DDA0952D->1a5146b9-310d-447a-8c6c-9bc3e23dff82@group-8FF67FE6C032, cid=67, FAILED org.apache.ratis.protocol.NotReplicatedException: Request with call Id 67 and log index 55 is not yet replicated to ALL_COMMITTED, logIndex=55, commits[1a5146b9-310d-447a-8c6c-9bc3e23dff82:c2, 9585e4e1-586e-442e-9cea-1465c4d86f2f:c2, f0c86e92-032b-42fd-b9b7-8c6530d6a6ab:c2]
2019-10-02 00:48:26,955 [grpc-default-executor-5] WARN  server.GrpcLogAppender (LogUtils.java:warn(134)) - 1a5146b9-310d-447a-8c6c-9bc3e23dff82@group-8FF67FE6C032->f0c86e92-032b-42fd-b9b7-8c6530d6a6ab-AppendLogResponseHandler: Failed appendEntries: org.apache.ratis.thirdparty.io.grpc.StatusRuntimeException: UNAVAILABLE: io exception
2019-10-02 00:48:26,955 [grpc-default-executor-6] WARN  server.GrpcLogAppender (LogUtils.java:warn(134)) - 1a5146b9-310d-447a-8c6c-9bc3e23dff82@group-8FF67FE6C032->9585e4e1-586e-442e-9cea-1465c4d86f2f-AppendLogResponseHandler: Failed appendEntries: org.apache.ratis.thirdparty.io.grpc.StatusRuntimeException: UNAVAILABLE: io exception
2019-10-02 00:48:26,956 [grpc-default-executor-5] INFO  impl.FollowerInfo (FollowerInfo.java:lambda$new$0(51)) - 1a5146b9-310d-447a-8c6c-9bc3e23dff82@group-8FF67FE6C032->f0c86e92-032b-42fd-b9b7-8c6530d6a6ab: nextIndex: updateUnconditionally 0 -> 0
2019-10-02 00:48:26,956 [grpc-default-executor-6] INFO  impl.FollowerInfo (FollowerInfo.java:lambda$new$0(51)) - 1a5146b9-310d-447a-8c6c-9bc3e23dff82@group-8FF67FE6C032->9585e4e1-586e-442e-9cea-1465c4d86f2f: nextIndex: updateUnconditionally 0 -> 0
2019-10-02 00:48:29,456 [grpc-default-executor-2] WARN  server.GrpcLogAppender (LogUtils.java:warn(134)) - 1a5146b9-310d-447a-8c6c-9bc3e23dff82@group-8FF67FE6C032->f0c86e92-032b-42fd-b9b7-8c6530d6a6ab-AppendLogResponseHandler: Failed appendEntries: org.apache.ratis.thirdparty.io.grpc.StatusRuntimeException: UNAVAILABLE: io exception
2019-10-02 00:48:29,456 [grpc-default-executor-0] WARN  server.GrpcLogAppender (LogUtils.java:warn(134)) - 1a5146b9-310d-447a-8c6c-9bc3e23dff82@group-8FF67FE6C032->9585e4e1-586e-442e-9cea-1465c4d86f2f-AppendLogResponseHandler: Failed appendEntries: org.apache.ratis.thirdparty.io.grpc.StatusRuntimeException: UNAVAILABLE: io exception
2019-10-02 00:48:29,456 [grpc-default-executor-2] INFO  impl.FollowerInfo (FollowerInfo.java:lambda$new$0(51)) - 1a5146b9-310d-447a-8c6c-9bc3e23dff82@group-8FF67FE6C032->f0c86e92-032b-42fd-b9b7-8c6530d6a6ab: nextIndex: updateUnconditionally 0 -> 0
2019-10-02 00:48:29,456 [grpc-default-executor-0] INFO  impl.FollowerInfo (FollowerInfo.java:lambda$new$0(51)) - 1a5146b9-310d-447a-8c6c-9bc3e23dff82@group-8FF67FE6C032->9585e4e1-586e-442e-9cea-1465c4d86f2f: nextIndex: updateUnconditionally 0 -> 0
2019-10-02 00:48:31,960 [grpc-default-executor-1] WARN  server.GrpcLogAppender (LogUtils.java:warn(134)) - 1a5146b9-310d-447a-8c6c-9bc3e23dff82@group-8FF67FE6C032->f0c86e92-032b-42fd-b9b7-8c6530d6a6ab-AppendLogResponseHandler: Failed appendEntries: org.apache.ratis.thirdparty.io.grpc.StatusRuntimeException: UNAVAILABLE: io exception
2019-10-02 00:48:31,960 [grpc-default-executor-7] WARN  server.GrpcLogAppender (LogUtils.java:warn(134)) - 1a5146b9-310d-447a-8c6c-9bc3e23dff82@group-8FF67FE6C032->9585e4e1-586e-442e-9cea-1465c4d86f2f-AppendLogResponseHandler: Failed appendEntries: org.apache.ratis.thirdparty.io.grpc.StatusRuntimeException: UNAVAILABLE: io exception
2019-10-02 00:48:31,961 [grpc-default-executor-1] INFO  impl.FollowerInfo (FollowerInfo.java:lambda$new$0(51)) - 1a5146b9-310d-447a-8c6c-9bc3e23dff82@group-8FF67FE6C032->f0c86e92-032b-42fd-b9b7-8c6530d6a6ab: nextIndex: updateUnconditionally 0 -> 0
2019-10-02 00:48:31,961 [grpc-default-executor-7] INFO  impl.FollowerInfo (FollowerInfo.java:lambda$new$0(51)) - 1a5146b9-310d-447a-8c6c-9bc3e23dff82@group-8FF67FE6C032->9585e4e1-586e-442e-9cea-1465c4d86f2f: nextIndex: updateUnconditionally 0 -> 0
2019-10-02 00:48:34,460 [grpc-default-executor-7] WARN  server.GrpcLogAppender (LogUtils.java:warn(134)) - 1a5146b9-310d-447a-8c6c-9bc3e23dff82@group-8FF67FE6C032->9585e4e1-586e-442e-9cea-1465c4d86f2f-AppendLogResponseHandler: Failed appendEntries: org.apache.ratis.thirdparty.io.grpc.StatusRuntimeException: UNAVAILABLE: io exception
2019-10-02 00:48:34,460 [grpc-default-executor-6] WARN  server.GrpcLogAppender (LogUtils.java:warn(134)) - 1a5146b9-310d-447a-8c6c-9bc3e23dff82@group-8FF67FE6C032->f0c86e92-032b-42fd-b9b7-8c6530d6a6ab-AppendLogResponseHandler: Failed appendEntries: org.apache.ratis.thirdparty.io.grpc.StatusRuntimeException: UNAVAILABLE: io exception
2019-10-02 00:48:34,462 [grpc-default-executor-7] INFO  impl.FollowerInfo (FollowerInfo.java:lambda$new$0(51)) - 1a5146b9-310d-447a-8c6c-9bc3e23dff82@group-8FF67FE6C032->9585e4e1-586e-442e-9cea-1465c4d86f2f: nextIndex: updateUnconditionally 0 -> 0
2019-10-02 00:48:34,462 [grpc-default-executor-6] INFO  impl.FollowerInfo (FollowerInfo.java:lambda$new$0(51)) - 1a5146b9-310d-447a-8c6c-9bc3e23dff82@group-8FF67FE6C032->f0c86e92-032b-42fd-b9b7-8c6530d6a6ab: nextIndex: updateUnconditionally 0 -> 0
2019-10-02 00:48:34,723 [main] WARN  scm.XceiverClientRatis (XceiverClientRatis.java:watchForCommit(292)) - 3 way commit failed on pipeline Pipeline[ Id: 3bfb29ef-c5e4-45f9-8a37-8ff67fe6c032, Nodes: f0c86e92-032b-42fd-b9b7-8c6530d6a6ab{ip: 192.168.151.67, host: pr-hdds-1984-s47sn-1814639636, networkLocation: /default-rack, certSerialId: null}9585e4e1-586e-442e-9cea-1465c4d86f2f{ip: 192.168.151.67, host: pr-hdds-1984-s47sn-1814639636, networkLocation: /default-rack, certSerialId: null}1a5146b9-310d-447a-8c6c-9bc3e23dff82{ip: 192.168.151.67, host: pr-hdds-1984-s47sn-1814639636, networkLocation: /default-rack, certSerialId: null}, Type:RATIS, Factor:THREE, State:OPEN]
java.util.concurrent.TimeoutException
	at java.util.concurrent.CompletableFuture.timedGet(CompletableFuture.java:1771)
	at java.util.concurrent.CompletableFuture.get(CompletableFuture.java:1915)
	at org.apache.hadoop.hdds.scm.XceiverClientRatis.watchForCommit(XceiverClientRatis.java:289)
	at org.apache.hadoop.ozone.client.rpc.TestWatchForCommit.testWatchForCommitForRetryfailure(TestWatchForCommit.java:345)
	at sun.reflect.NativeMethodAccessorImpl.invoke0(Native Method)
	at sun.reflect.NativeMethodAccessorImpl.invoke(NativeMethodAccessorImpl.java:62)
	at sun.reflect.DelegatingMethodAccessorImpl.invoke(DelegatingMethodAccessorImpl.java:43)
	at java.lang.reflect.Method.invoke(Method.java:498)
	at org.junit.runners.model.FrameworkMethod$1.runReflectiveCall(FrameworkMethod.java:47)
	at org.junit.internal.runners.model.ReflectiveCallable.run(ReflectiveCallable.java:12)
	at org.junit.runners.model.FrameworkMethod.invokeExplosively(FrameworkMethod.java:44)
	at org.junit.internal.runners.statements.InvokeMethod.evaluate(InvokeMethod.java:17)
	at org.junit.runners.ParentRunner.runLeaf(ParentRunner.java:271)
	at org.junit.runners.BlockJUnit4ClassRunner.runChild(BlockJUnit4ClassRunner.java:70)
	at org.junit.runners.BlockJUnit4ClassRunner.runChild(BlockJUnit4ClassRunner.java:50)
	at org.junit.runners.ParentRunner$3.run(ParentRunner.java:238)
	at org.junit.runners.ParentRunner$1.schedule(ParentRunner.java:63)
	at org.junit.runners.ParentRunner.runChildren(ParentRunner.java:236)
	at org.junit.runners.ParentRunner.access$000(ParentRunner.java:53)
	at org.junit.runners.ParentRunner$2.evaluate(ParentRunner.java:229)
	at org.junit.runners.ParentRunner.run(ParentRunner.java:309)
	at org.apache.maven.surefire.junit4.JUnit4Provider.execute(JUnit4Provider.java:365)
	at org.apache.maven.surefire.junit4.JUnit4Provider.executeWithRerun(JUnit4Provider.java:273)
	at org.apache.maven.surefire.junit4.JUnit4Provider.executeTestSet(JUnit4Provider.java:238)
	at org.apache.maven.surefire.junit4.JUnit4Provider.invoke(JUnit4Provider.java:159)
	at org.apache.maven.surefire.booter.ForkedBooter.invokeProviderInSameClassLoader(ForkedBooter.java:384)
	at org.apache.maven.surefire.booter.ForkedBooter.runSuitesInProcess(ForkedBooter.java:345)
	at org.apache.maven.surefire.booter.ForkedBooter.execute(ForkedBooter.java:126)
	at org.apache.maven.surefire.booter.ForkedBooter.main(ForkedBooter.java:418)
2019-10-02 00:48:35,056 [Thread-1672] INFO  client.GrpcClientProtocolService (GrpcClientProtocolService.java:lambda$processClientRequest$0(278)) - Failed RaftClientRequest:client-E269DDA0952D->1a5146b9-310d-447a-8c6c-9bc3e23dff82@group-8FF67FE6C032, cid=67, seq=0, Watch-ALL_COMMITTED(55), Message:<EMPTY>, reply=RaftClientReply:client-E269DDA0952D->1a5146b9-310d-447a-8c6c-9bc3e23dff82@group-8FF67FE6C032, cid=67, FAILED org.apache.ratis.protocol.NotReplicatedException: Request with call Id 67 and log index 55 is not yet replicated to ALL_COMMITTED, logIndex=55, commits[1a5146b9-310d-447a-8c6c-9bc3e23dff82:c2, 9585e4e1-586e-442e-9cea-1465c4d86f2f:c2, f0c86e92-032b-42fd-b9b7-8c6530d6a6ab:c2]
2019-10-02 00:48:36,967 [grpc-default-executor-6] WARN  server.GrpcLogAppender (LogUtils.java:warn(134)) - 1a5146b9-310d-447a-8c6c-9bc3e23dff82@group-8FF67FE6C032->f0c86e92-032b-42fd-b9b7-8c6530d6a6ab-AppendLogResponseHandler: Failed appendEntries: org.apache.ratis.thirdparty.io.grpc.StatusRuntimeException: UNAVAILABLE: io exception
2019-10-02 00:48:36,967 [grpc-default-executor-7] WARN  server.GrpcLogAppender (LogUtils.java:warn(134)) - 1a5146b9-310d-447a-8c6c-9bc3e23dff82@group-8FF67FE6C032->9585e4e1-586e-442e-9cea-1465c4d86f2f-AppendLogResponseHandler: Failed appendEntries: org.apache.ratis.thirdparty.io.grpc.StatusRuntimeException: UNAVAILABLE: io exception
2019-10-02 00:48:36,968 [grpc-default-executor-6] INFO  impl.FollowerInfo (FollowerInfo.java:lambda$new$0(51)) - 1a5146b9-310d-447a-8c6c-9bc3e23dff82@group-8FF67FE6C032->f0c86e92-032b-42fd-b9b7-8c6530d6a6ab: nextIndex: updateUnconditionally 0 -> 0
2019-10-02 00:48:36,968 [grpc-default-executor-7] INFO  impl.FollowerInfo (FollowerInfo.java:lambda$new$0(51)) - 1a5146b9-310d-447a-8c6c-9bc3e23dff82@group-8FF67FE6C032->9585e4e1-586e-442e-9cea-1465c4d86f2f: nextIndex: updateUnconditionally 0 -> 0
2019-10-02 00:48:39,468 [grpc-default-executor-6] WARN  server.GrpcLogAppender (LogUtils.java:warn(134)) - 1a5146b9-310d-447a-8c6c-9bc3e23dff82@group-8FF67FE6C032->9585e4e1-586e-442e-9cea-1465c4d86f2f-AppendLogResponseHandler: Failed appendEntries: org.apache.ratis.thirdparty.io.grpc.StatusRuntimeException: UNAVAILABLE: io exception
2019-10-02 00:48:39,468 [grpc-default-executor-7] WARN  server.GrpcLogAppender (LogUtils.java:warn(134)) - 1a5146b9-310d-447a-8c6c-9bc3e23dff82@group-8FF67FE6C032->f0c86e92-032b-42fd-b9b7-8c6530d6a6ab-AppendLogResponseHandler: Failed appendEntries: org.apache.ratis.thirdparty.io.grpc.StatusRuntimeException: UNAVAILABLE: io exception
2019-10-02 00:48:39,470 [grpc-default-executor-6] INFO  impl.FollowerInfo (FollowerInfo.java:lambda$new$0(51)) - 1a5146b9-310d-447a-8c6c-9bc3e23dff82@group-8FF67FE6C032->9585e4e1-586e-442e-9cea-1465c4d86f2f: nextIndex: updateUnconditionally 0 -> 0
2019-10-02 00:48:39,470 [grpc-default-executor-7] INFO  impl.FollowerInfo (FollowerInfo.java:lambda$new$0(51)) - 1a5146b9-310d-447a-8c6c-9bc3e23dff82@group-8FF67FE6C032->f0c86e92-032b-42fd-b9b7-8c6530d6a6ab: nextIndex: updateUnconditionally 0 -> 0
2019-10-02 00:48:41,971 [grpc-default-executor-6] WARN  server.GrpcLogAppender (LogUtils.java:warn(134)) - 1a5146b9-310d-447a-8c6c-9bc3e23dff82@group-8FF67FE6C032->f0c86e92-032b-42fd-b9b7-8c6530d6a6ab-AppendLogResponseHandler: Failed appendEntries: org.apache.ratis.thirdparty.io.grpc.StatusRuntimeException: UNAVAILABLE: io exception
2019-10-02 00:48:41,971 [grpc-default-executor-1] WARN  server.GrpcLogAppender (LogUtils.java:warn(134)) - 1a5146b9-310d-447a-8c6c-9bc3e23dff82@group-8FF67FE6C032->9585e4e1-586e-442e-9cea-1465c4d86f2f-AppendLogResponseHandler: Failed appendEntries: org.apache.ratis.thirdparty.io.grpc.StatusRuntimeException: UNAVAILABLE: io exception
2019-10-02 00:48:41,972 [grpc-default-executor-6] INFO  impl.FollowerInfo (FollowerInfo.java:lambda$new$0(51)) - 1a5146b9-310d-447a-8c6c-9bc3e23dff82@group-8FF67FE6C032->f0c86e92-032b-42fd-b9b7-8c6530d6a6ab: nextIndex: updateUnconditionally 0 -> 0
2019-10-02 00:48:41,972 [grpc-default-executor-1] INFO  impl.FollowerInfo (FollowerInfo.java:lambda$new$0(51)) - 1a5146b9-310d-447a-8c6c-9bc3e23dff82@group-8FF67FE6C032->9585e4e1-586e-442e-9cea-1465c4d86f2f: nextIndex: updateUnconditionally 0 -> 0
2019-10-02 00:48:44,477 [grpc-default-executor-1] WARN  server.GrpcLogAppender (LogUtils.java:warn(134)) - 1a5146b9-310d-447a-8c6c-9bc3e23dff82@group-8FF67FE6C032->f0c86e92-032b-42fd-b9b7-8c6530d6a6ab-AppendLogResponseHandler: Failed appendEntries: org.apache.ratis.thirdparty.io.grpc.StatusRuntimeException: UNAVAILABLE: io exception
2019-10-02 00:48:44,477 [grpc-default-executor-5] WARN  server.GrpcLogAppender (LogUtils.java:warn(134)) - 1a5146b9-310d-447a-8c6c-9bc3e23dff82@group-8FF67FE6C032->9585e4e1-586e-442e-9cea-1465c4d86f2f-AppendLogResponseHandler: Failed appendEntries: org.apache.ratis.thirdparty.io.grpc.StatusRuntimeException: UNAVAILABLE: io exception
2019-10-02 00:48:44,479 [grpc-default-executor-1] INFO  impl.FollowerInfo (FollowerInfo.java:lambda$new$0(51)) - 1a5146b9-310d-447a-8c6c-9bc3e23dff82@group-8FF67FE6C032->f0c86e92-032b-42fd-b9b7-8c6530d6a6ab: nextIndex: updateUnconditionally 0 -> 0
2019-10-02 00:48:44,479 [grpc-default-executor-5] INFO  impl.FollowerInfo (FollowerInfo.java:lambda$new$0(51)) - 1a5146b9-310d-447a-8c6c-9bc3e23dff82@group-8FF67FE6C032->9585e4e1-586e-442e-9cea-1465c4d86f2f: nextIndex: updateUnconditionally 0 -> 0
2019-10-02 00:48:45,057 [Thread-1689] INFO  client.GrpcClientProtocolService (GrpcClientProtocolService.java:lambda$processClientRequest$0(278)) - Failed RaftClientRequest:client-E269DDA0952D->1a5146b9-310d-447a-8c6c-9bc3e23dff82@group-8FF67FE6C032, cid=67, seq=0, Watch-ALL_COMMITTED(55), Message:<EMPTY>, reply=RaftClientReply:client-E269DDA0952D->1a5146b9-310d-447a-8c6c-9bc3e23dff82@group-8FF67FE6C032, cid=67, FAILED org.apache.ratis.protocol.NotReplicatedException: Request with call Id 67 and log index 55 is not yet replicated to ALL_COMMITTED, logIndex=55, commits[1a5146b9-310d-447a-8c6c-9bc3e23dff82:c2, 9585e4e1-586e-442e-9cea-1465c4d86f2f:c2, f0c86e92-032b-42fd-b9b7-8c6530d6a6ab:c2]
2019-10-02 00:48:45,059 [Thread-1690] INFO  client.GrpcClientProtocolService (GrpcClientProtocolService.java:lambda$processClientRequest$0(278)) - Failed RaftClientRequest:client-E269DDA0952D->1a5146b9-310d-447a-8c6c-9bc3e23dff82@group-8FF67FE6C032, cid=68, seq=0, Watch-MAJORITY_COMMITTED(55), Message:<EMPTY>, reply=RaftClientReply:client-E269DDA0952D->1a5146b9-310d-447a-8c6c-9bc3e23dff82@group-8FF67FE6C032, cid=68, FAILED org.apache.ratis.protocol.NotReplicatedException: Request with call Id 68 and log index 55 is not yet replicated to MAJORITY_COMMITTED, logIndex=55, commits[1a5146b9-310d-447a-8c6c-9bc3e23dff82:c2, 9585e4e1-586e-442e-9cea-1465c4d86f2f:c2, f0c86e92-032b-42fd-b9b7-8c6530d6a6ab:c2]
2019-10-02 00:48:46,976 [grpc-default-executor-1] WARN  server.GrpcLogAppender (LogUtils.java:warn(134)) - 1a5146b9-310d-447a-8c6c-9bc3e23dff82@group-8FF67FE6C032->9585e4e1-586e-442e-9cea-1465c4d86f2f-AppendLogResponseHandler: Failed appendEntries: org.apache.ratis.thirdparty.io.grpc.StatusRuntimeException: UNAVAILABLE: io exception
2019-10-02 00:48:46,976 [grpc-default-executor-2] WARN  server.GrpcLogAppender (LogUtils.java:warn(134)) - 1a5146b9-310d-447a-8c6c-9bc3e23dff82@group-8FF67FE6C032->f0c86e92-032b-42fd-b9b7-8c6530d6a6ab-AppendLogResponseHandler: Failed appendEntries: org.apache.ratis.thirdparty.io.grpc.StatusRuntimeException: UNAVAILABLE: io exception
2019-10-02 00:48:46,977 [grpc-default-executor-1] INFO  impl.FollowerInfo (FollowerInfo.java:lambda$new$0(51)) - 1a5146b9-310d-447a-8c6c-9bc3e23dff82@group-8FF67FE6C032->9585e4e1-586e-442e-9cea-1465c4d86f2f: nextIndex: updateUnconditionally 0 -> 0
2019-10-02 00:48:46,977 [grpc-default-executor-2] INFO  impl.FollowerInfo (FollowerInfo.java:lambda$new$0(51)) - 1a5146b9-310d-447a-8c6c-9bc3e23dff82@group-8FF67FE6C032->f0c86e92-032b-42fd-b9b7-8c6530d6a6ab: nextIndex: updateUnconditionally 0 -> 0
2019-10-02 00:48:49,480 [grpc-default-executor-0] WARN  server.GrpcLogAppender (LogUtils.java:warn(134)) - 1a5146b9-310d-447a-8c6c-9bc3e23dff82@group-8FF67FE6C032->f0c86e92-032b-42fd-b9b7-8c6530d6a6ab-AppendLogResponseHandler: Failed appendEntries: org.apache.ratis.thirdparty.io.grpc.StatusRuntimeException: UNAVAILABLE: io exception
2019-10-02 00:48:49,480 [grpc-default-executor-6] WARN  server.GrpcLogAppender (LogUtils.java:warn(134)) - 1a5146b9-310d-447a-8c6c-9bc3e23dff82@group-8FF67FE6C032->9585e4e1-586e-442e-9cea-1465c4d86f2f-AppendLogResponseHandler: Failed appendEntries: org.apache.ratis.thirdparty.io.grpc.StatusRuntimeException: UNAVAILABLE: io exception
2019-10-02 00:48:49,481 [grpc-default-executor-0] INFO  impl.FollowerInfo (FollowerInfo.java:lambda$new$0(51)) - 1a5146b9-310d-447a-8c6c-9bc3e23dff82@group-8FF67FE6C032->f0c86e92-032b-42fd-b9b7-8c6530d6a6ab: nextIndex: updateUnconditionally 0 -> 0
2019-10-02 00:48:49,481 [grpc-default-executor-6] INFO  impl.FollowerInfo (FollowerInfo.java:lambda$new$0(51)) - 1a5146b9-310d-447a-8c6c-9bc3e23dff82@group-8FF67FE6C032->9585e4e1-586e-442e-9cea-1465c4d86f2f: nextIndex: updateUnconditionally 0 -> 0
2019-10-02 00:48:51,982 [grpc-default-executor-0] WARN  server.GrpcLogAppender (LogUtils.java:warn(134)) - 1a5146b9-310d-447a-8c6c-9bc3e23dff82@group-8FF67FE6C032->9585e4e1-586e-442e-9cea-1465c4d86f2f-AppendLogResponseHandler: Failed appendEntries: org.apache.ratis.thirdparty.io.grpc.StatusRuntimeException: UNAVAILABLE: io exception
2019-10-02 00:48:51,982 [grpc-default-executor-6] WARN  server.GrpcLogAppender (LogUtils.java:warn(134)) - 1a5146b9-310d-447a-8c6c-9bc3e23dff82@group-8FF67FE6C032->f0c86e92-032b-42fd-b9b7-8c6530d6a6ab-AppendLogResponseHandler: Failed appendEntries: org.apache.ratis.thirdparty.io.grpc.StatusRuntimeException: UNAVAILABLE: io exception
2019-10-02 00:48:51,983 [grpc-default-executor-6] INFO  impl.FollowerInfo (FollowerInfo.java:lambda$new$0(51)) - 1a5146b9-310d-447a-8c6c-9bc3e23dff82@group-8FF67FE6C032->f0c86e92-032b-42fd-b9b7-8c6530d6a6ab: nextIndex: updateUnconditionally 0 -> 0
2019-10-02 00:48:51,983 [grpc-default-executor-0] INFO  impl.FollowerInfo (FollowerInfo.java:lambda$new$0(51)) - 1a5146b9-310d-447a-8c6c-9bc3e23dff82@group-8FF67FE6C032->9585e4e1-586e-442e-9cea-1465c4d86f2f: nextIndex: updateUnconditionally 0 -> 0
2019-10-02 00:48:54,485 [grpc-default-executor-7] WARN  server.GrpcLogAppender (LogUtils.java:warn(134)) - 1a5146b9-310d-447a-8c6c-9bc3e23dff82@group-8FF67FE6C032->9585e4e1-586e-442e-9cea-1465c4d86f2f-AppendLogResponseHandler: Failed appendEntries: org.apache.ratis.thirdparty.io.grpc.StatusRuntimeException: UNAVAILABLE: io exception
2019-10-02 00:48:54,485 [grpc-default-executor-5] WARN  server.GrpcLogAppender (LogUtils.java:warn(134)) - 1a5146b9-310d-447a-8c6c-9bc3e23dff82@group-8FF67FE6C032->f0c86e92-032b-42fd-b9b7-8c6530d6a6ab-AppendLogResponseHandler: Failed appendEntries: org.apache.ratis.thirdparty.io.grpc.StatusRuntimeException: UNAVAILABLE: io exception
2019-10-02 00:48:54,486 [grpc-default-executor-7] INFO  impl.FollowerInfo (FollowerInfo.java:lambda$new$0(51)) - 1a5146b9-310d-447a-8c6c-9bc3e23dff82@group-8FF67FE6C032->9585e4e1-586e-442e-9cea-1465c4d86f2f: nextIndex: updateUnconditionally 0 -> 0
2019-10-02 00:48:54,486 [grpc-default-executor-5] INFO  impl.FollowerInfo (FollowerInfo.java:lambda$new$0(51)) - 1a5146b9-310d-447a-8c6c-9bc3e23dff82@group-8FF67FE6C032->f0c86e92-032b-42fd-b9b7-8c6530d6a6ab: nextIndex: updateUnconditionally 0 -> 0
]]></system-out>
    <system-err><![CDATA[Oct 02, 2019 12:48:09 AM org.apache.ratis.thirdparty.io.grpc.internal.SerializingExecutor run
SEVERE: Exception while executing runnable org.apache.ratis.thirdparty.io.grpc.internal.ServerImpl$JumpToApplicationThreadServerStreamListener$1Closed@722e09e3
org.apache.ratis.thirdparty.io.grpc.StatusRuntimeException: CANCELLED: call already cancelled
	at org.apache.ratis.thirdparty.io.grpc.Status.asRuntimeException(Status.java:517)
	at org.apache.ratis.thirdparty.io.grpc.stub.ServerCalls$ServerCallStreamObserverImpl.onCompleted(ServerCalls.java:356)
	at org.apache.ratis.grpc.server.GrpcServerProtocolService$ServerRequestStreamObserver.onError(GrpcServerProtocolService.java:121)
	at org.apache.ratis.thirdparty.io.grpc.stub.ServerCalls$StreamingServerCallHandler$StreamingServerCallListener.onCancel(ServerCalls.java:269)
	at org.apache.ratis.thirdparty.io.grpc.internal.ServerCallImpl$ServerStreamListenerImpl.closed(ServerCallImpl.java:293)
	at org.apache.ratis.thirdparty.io.grpc.internal.ServerImpl$JumpToApplicationThreadServerStreamListener$1Closed.runInContext(ServerImpl.java:741)
	at org.apache.ratis.thirdparty.io.grpc.internal.ContextRunnable.run(ContextRunnable.java:37)
	at org.apache.ratis.thirdparty.io.grpc.internal.SerializingExecutor.run(SerializingExecutor.java:123)
	at java.util.concurrent.ThreadPoolExecutor.runWorker(ThreadPoolExecutor.java:1149)
	at java.util.concurrent.ThreadPoolExecutor$Worker.run(ThreadPoolExecutor.java:624)
	at java.lang.Thread.run(Thread.java:748)

Oct 02, 2019 12:48:14 AM org.apache.ratis.thirdparty.io.grpc.internal.SerializingExecutor run
SEVERE: Exception while executing runnable org.apache.ratis.thirdparty.io.grpc.internal.ServerImpl$JumpToApplicationThreadServerStreamListener$1Closed@62fc8719
org.apache.ratis.thirdparty.io.grpc.StatusRuntimeException: CANCELLED: call already cancelled
	at org.apache.ratis.thirdparty.io.grpc.Status.asRuntimeException(Status.java:517)
	at org.apache.ratis.thirdparty.io.grpc.stub.ServerCalls$ServerCallStreamObserverImpl.onCompleted(ServerCalls.java:356)
	at org.apache.ratis.grpc.server.GrpcServerProtocolService$ServerRequestStreamObserver.onError(GrpcServerProtocolService.java:121)
	at org.apache.ratis.thirdparty.io.grpc.stub.ServerCalls$StreamingServerCallHandler$StreamingServerCallListener.onCancel(ServerCalls.java:269)
	at org.apache.ratis.thirdparty.io.grpc.internal.ServerCallImpl$ServerStreamListenerImpl.closed(ServerCallImpl.java:293)
	at org.apache.ratis.thirdparty.io.grpc.internal.ServerImpl$JumpToApplicationThreadServerStreamListener$1Closed.runInContext(ServerImpl.java:741)
	at org.apache.ratis.thirdparty.io.grpc.internal.ContextRunnable.run(ContextRunnable.java:37)
	at org.apache.ratis.thirdparty.io.grpc.internal.SerializingExecutor.run(SerializingExecutor.java:123)
	at java.util.concurrent.ThreadPoolExecutor.runWorker(ThreadPoolExecutor.java:1149)
	at java.util.concurrent.ThreadPoolExecutor$Worker.run(ThreadPoolExecutor.java:624)
	at java.lang.Thread.run(Thread.java:748)

]]></system-err>
  </testcase>
  <testcase name="testWatchForCommitForGroupMismatchException" classname="org.apache.hadoop.ozone.client.rpc.TestWatchForCommit" time="32.751"/>
  <testcase name="test2WayCommitForTimeoutException" classname="org.apache.hadoop.ozone.client.rpc.TestWatchForCommit" time="22.626">
    <error type="java.util.concurrent.TimeoutException">java.util.concurrent.TimeoutException
	at java.util.concurrent.CompletableFuture.timedGet(CompletableFuture.java:1771)
	at java.util.concurrent.CompletableFuture.get(CompletableFuture.java:1915)
	at org.apache.hadoop.hdds.scm.XceiverClientRatis.watchForCommit(XceiverClientRatis.java:298)
	at org.apache.hadoop.ozone.client.rpc.TestWatchForCommit.test2WayCommitForTimeoutException(TestWatchForCommit.java:391)
	at sun.reflect.NativeMethodAccessorImpl.invoke0(Native Method)
	at sun.reflect.NativeMethodAccessorImpl.invoke(NativeMethodAccessorImpl.java:62)
	at sun.reflect.DelegatingMethodAccessorImpl.invoke(DelegatingMethodAccessorImpl.java:43)
	at java.lang.reflect.Method.invoke(Method.java:498)
	at org.junit.runners.model.FrameworkMethod$1.runReflectiveCall(FrameworkMethod.java:47)
	at org.junit.internal.runners.model.ReflectiveCallable.run(ReflectiveCallable.java:12)
	at org.junit.runners.model.FrameworkMethod.invokeExplosively(FrameworkMethod.java:44)
	at org.junit.internal.runners.statements.InvokeMethod.evaluate(InvokeMethod.java:17)
	at org.junit.runners.ParentRunner.runLeaf(ParentRunner.java:271)
	at org.junit.runners.BlockJUnit4ClassRunner.runChild(BlockJUnit4ClassRunner.java:70)
	at org.junit.runners.BlockJUnit4ClassRunner.runChild(BlockJUnit4ClassRunner.java:50)
	at org.junit.runners.ParentRunner$3.run(ParentRunner.java:238)
	at org.junit.runners.ParentRunner$1.schedule(ParentRunner.java:63)
	at org.junit.runners.ParentRunner.runChildren(ParentRunner.java:236)
	at org.junit.runners.ParentRunner.access$000(ParentRunner.java:53)
	at org.junit.runners.ParentRunner$2.evaluate(ParentRunner.java:229)
	at org.junit.runners.ParentRunner.run(ParentRunner.java:309)
	at org.apache.maven.surefire.junit4.JUnit4Provider.execute(JUnit4Provider.java:365)
	at org.apache.maven.surefire.junit4.JUnit4Provider.executeWithRerun(JUnit4Provider.java:273)
	at org.apache.maven.surefire.junit4.JUnit4Provider.executeTestSet(JUnit4Provider.java:238)
	at org.apache.maven.surefire.junit4.JUnit4Provider.invoke(JUnit4Provider.java:159)
	at org.apache.maven.surefire.booter.ForkedBooter.invokeProviderInSameClassLoader(ForkedBooter.java:384)
	at org.apache.maven.surefire.booter.ForkedBooter.runSuitesInProcess(ForkedBooter.java:345)
	at org.apache.maven.surefire.booter.ForkedBooter.execute(ForkedBooter.java:126)
	at org.apache.maven.surefire.booter.ForkedBooter.main(ForkedBooter.java:418)
</error>
    <system-out><![CDATA[2019-10-02 00:49:27,517 [main] WARN  server.ServerUtils (ServerUtils.java:getScmDbDir(145)) - ozone.scm.db.dirs is not configured. We recommend adding this setting. Falling back to ozone.metadata.dirs instead.
2019-10-02 00:49:27,532 [main] WARN  server.ServerUtils (ServerUtils.java:getScmDbDir(145)) - ozone.scm.db.dirs is not configured. We recommend adding this setting. Falling back to ozone.metadata.dirs instead.
2019-10-02 00:49:27,533 [main] WARN  server.ServerUtils (ServerUtils.java:getScmDbDir(145)) - ozone.scm.db.dirs is not configured. We recommend adding this setting. Falling back to ozone.metadata.dirs instead.
2019-10-02 00:49:27,533 [main] INFO  db.DBStoreBuilder (DBStoreBuilder.java:addTable(110)) - using custom profile for table: deletedBlocks
2019-10-02 00:49:27,533 [main] INFO  db.DBStoreBuilder (DBStoreBuilder.java:processTables(161)) - Using default column profile:DBProfile.DISK for Table:deletedBlocks
2019-10-02 00:49:27,534 [main] INFO  db.DBStoreBuilder (DBStoreBuilder.java:addTable(110)) - using custom profile for table: validCerts
2019-10-02 00:49:27,534 [main] INFO  db.DBStoreBuilder (DBStoreBuilder.java:processTables(161)) - Using default column profile:DBProfile.DISK for Table:validCerts
2019-10-02 00:49:27,534 [main] INFO  db.DBStoreBuilder (DBStoreBuilder.java:addTable(110)) - using custom profile for table: revokedCerts
2019-10-02 00:49:27,534 [main] INFO  db.DBStoreBuilder (DBStoreBuilder.java:processTables(161)) - Using default column profile:DBProfile.DISK for Table:revokedCerts
2019-10-02 00:49:27,535 [main] INFO  db.DBStoreBuilder (DBStoreBuilder.java:addTable(110)) - using custom profile for table: default
2019-10-02 00:49:27,535 [main] INFO  db.DBStoreBuilder (DBStoreBuilder.java:processTables(167)) - Using default column profile:DBProfile.DISK for Table:default
2019-10-02 00:49:27,535 [main] INFO  db.DBStoreBuilder (DBStoreBuilder.java:getDbProfile(198)) - Using default options. DBProfile.DISK
2019-10-02 00:49:27,688 [main] INFO  net.NodeSchemaLoader (NodeSchemaLoader.java:loadSchemaFromFile(125)) - Loading file from sun.misc.CompoundEnumeration@dbed7fd
2019-10-02 00:49:27,688 [main] INFO  net.NodeSchemaLoader (NodeSchemaLoader.java:loadSchema(171)) - Loading network topology layer schema file
2019-10-02 00:49:27,693 [main] WARN  server.ServerUtils (ServerUtils.java:sanitizeUserArgs(70)) - ozone.scm.stale.node.interval value = 300000 is larger than max = 100000 based on the key value of ozone.scm.heartbeat.thread.interval, reset to the max value 100000.
2019-10-02 00:49:27,693 [main] WARN  server.ServerUtils (ServerUtils.java:sanitizeUserArgs(70)) - ozone.scm.stale.node.interval value = 300000 is larger than max = 100000 based on the key value of ozone.scm.heartbeat.thread.interval, reset to the max value 100000.
2019-10-02 00:49:27,694 [main] INFO  node.SCMNodeManager (SCMNodeManager.java:<init>(114)) - Entering startup safe mode.
2019-10-02 00:49:27,694 [main] INFO  algorithms.ContainerPlacementPolicyFactory (ContainerPlacementPolicyFactory.java:getPolicy(57)) - Create container placement policy of type org.apache.hadoop.hdds.scm.container.placement.algorithms.SCMContainerPlacementRandom
2019-10-02 00:49:27,695 [main] WARN  server.ServerUtils (ServerUtils.java:getScmDbDir(145)) - ozone.scm.db.dirs is not configured. We recommend adding this setting. Falling back to ozone.metadata.dirs instead.
2019-10-02 00:49:27,743 [main] INFO  pipeline.SCMPipelineManager (SCMPipelineManager.java:initializePipelineState(132)) - No pipeline exists in current db
2019-10-02 00:49:27,744 [main] WARN  server.ServerUtils (ServerUtils.java:getScmDbDir(145)) - ozone.scm.db.dirs is not configured. We recommend adding this setting. Falling back to ozone.metadata.dirs instead.
2019-10-02 00:49:27,776 [main] WARN  events.EventQueue (EventQueue.java:fireEvent(183)) - No event handler registered for event TypedEvent{payloadType=SafeModeStatus, name='SafeModeStatus'}
2019-10-02 00:49:27,777 [main] INFO  ipc.CallQueueManager (CallQueueManager.java:<init>(84)) - Using callQueue: class java.util.concurrent.LinkedBlockingQueue, queueCapacity: 2000, scheduler: class org.apache.hadoop.ipc.DefaultRpcScheduler, ipcBackoff: false.
2019-10-02 00:49:27,778 [Socket Reader #1 for port 40789] INFO  ipc.Server (Server.java:run(1074)) - Starting Socket Reader #1 for port 40789
2019-10-02 00:49:27,783 [main] INFO  ipc.CallQueueManager (CallQueueManager.java:<init>(84)) - Using callQueue: class java.util.concurrent.LinkedBlockingQueue, queueCapacity: 2000, scheduler: class org.apache.hadoop.ipc.DefaultRpcScheduler, ipcBackoff: false.
2019-10-02 00:49:27,784 [Socket Reader #1 for port 37377] INFO  ipc.Server (Server.java:run(1074)) - Starting Socket Reader #1 for port 37377
2019-10-02 00:49:27,787 [main] INFO  ipc.CallQueueManager (CallQueueManager.java:<init>(84)) - Using callQueue: class java.util.concurrent.LinkedBlockingQueue, queueCapacity: 2000, scheduler: class org.apache.hadoop.ipc.DefaultRpcScheduler, ipcBackoff: false.
2019-10-02 00:49:27,788 [Socket Reader #1 for port 41059] INFO  ipc.Server (Server.java:run(1074)) - Starting Socket Reader #1 for port 41059
2019-10-02 00:49:27,793 [main] INFO  hdfs.DFSUtil (DFSUtil.java:httpServerTemplateForNNAndJN(1641)) - Starting Web-server for scm at: http://0.0.0.0:0
2019-10-02 00:49:27,795 [main] INFO  server.AuthenticationFilter (AuthenticationFilter.java:constructSecretProvider(240)) - Unable to initialize FileSignerSecretProvider, falling back to use random secrets.
2019-10-02 00:49:27,796 [main] WARN  http.HttpRequestLog (HttpRequestLog.java:getRequestLog(97)) - Jetty request log can only be enabled using Log4j
2019-10-02 00:49:27,798 [main] INFO  http.HttpServer2 (HttpServer2.java:addGlobalFilter(975)) - Added global filter 'safety' (class=org.apache.hadoop.http.HttpServer2$QuotingInputFilter)
2019-10-02 00:49:27,799 [main] INFO  http.HttpServer2 (HttpServer2.java:addFilter(948)) - Added filter static_user_filter (class=org.apache.hadoop.http.lib.StaticUserWebFilter$StaticUserFilter) to context scm
2019-10-02 00:49:27,799 [main] INFO  http.HttpServer2 (HttpServer2.java:addFilter(958)) - Added filter static_user_filter (class=org.apache.hadoop.http.lib.StaticUserWebFilter$StaticUserFilter) to context logs
2019-10-02 00:49:27,799 [main] INFO  http.HttpServer2 (HttpServer2.java:addFilter(958)) - Added filter static_user_filter (class=org.apache.hadoop.http.lib.StaticUserWebFilter$StaticUserFilter) to context static
2019-10-02 00:49:27,802 [main] INFO  server.StorageContainerManager (StorageContainerManager.java:start(770)) - StorageContainerLocationProtocol RPC server is listening at /0.0.0.0:41059
2019-10-02 00:49:27,804 [main] WARN  impl.MetricsConfig (MetricsConfig.java:loadFirst(134)) - Cannot locate configuration: tried hadoop-metrics2-storagecontainermanager.properties,hadoop-metrics2.properties
2019-10-02 00:49:27,805 [main] INFO  impl.MetricsSystemImpl (MetricsSystemImpl.java:startTimer(374)) - Scheduled Metric snapshot period at 10 second(s).
2019-10-02 00:49:27,806 [main] INFO  impl.MetricsSystemImpl (MetricsSystemImpl.java:start(191)) - StorageContainerManager metrics system started
2019-10-02 00:49:28,062 [main] WARN  impl.MetricsSystemImpl (MetricsSystemImpl.java:register(276)) - Sink prometheus already exists!
2019-10-02 00:49:28,321 [main] INFO  server.SCMClientProtocolServer (SCMClientProtocolServer.java:start(150)) - RPC server for Client  is listening at /0.0.0.0:41059
2019-10-02 00:49:28,321 [IPC Server Responder] INFO  ipc.Server (Server.java:run(1314)) - IPC Server Responder: starting
2019-10-02 00:49:28,321 [IPC Server listener on 41059] INFO  ipc.Server (Server.java:run(1153)) - IPC Server listener on 41059: starting
2019-10-02 00:49:28,331 [main] INFO  server.StorageContainerManager (StorageContainerManager.java:start(780)) - ScmBlockLocationProtocol RPC server is listening at /0.0.0.0:37377
2019-10-02 00:49:28,332 [main] INFO  server.SCMBlockProtocolServer (SCMBlockProtocolServer.java:start(146)) - RPC server for Block Protocol is listening at /0.0.0.0:37377
2019-10-02 00:49:28,332 [IPC Server Responder] INFO  ipc.Server (Server.java:run(1314)) - IPC Server Responder: starting
2019-10-02 00:49:28,332 [IPC Server listener on 37377] INFO  ipc.Server (Server.java:run(1153)) - IPC Server listener on 37377: starting
2019-10-02 00:49:28,345 [main] INFO  server.StorageContainerManager (StorageContainerManager.java:start(784)) - ScmDatanodeProtocl RPC server is listening at /0.0.0.0:40789
2019-10-02 00:49:28,345 [main] INFO  server.SCMDatanodeProtocolServer (SCMDatanodeProtocolServer.java:start(191)) - RPC server for DataNodes is listening at /0.0.0.0:40789
2019-10-02 00:49:28,345 [IPC Server Responder] INFO  ipc.Server (Server.java:run(1314)) - IPC Server Responder: starting
2019-10-02 00:49:28,345 [IPC Server listener on 40789] INFO  ipc.Server (Server.java:run(1153)) - IPC Server listener on 40789: starting
2019-10-02 00:49:28,352 [main] INFO  http.HttpServer2 (HttpServer2.java:bindListener(1191)) - Jetty bound to port 36164
2019-10-02 00:49:28,352 [main] INFO  server.Server (Server.java:doStart(351)) - jetty-9.3.25.v20180904, build timestamp: 2018-09-04T21:11:46Z, git hash: 3ce520221d0240229c862b122d2b06c12a625732
2019-10-02 00:49:28,360 [main] INFO  handler.ContextHandler (ContextHandler.java:doStart(781)) - Started o.e.j.s.ServletContextHandler@1c98b4eb{/logs,file:///workdir/hadoop-ozone/integration-test/target/log,AVAILABLE}
2019-10-02 00:49:28,361 [main] INFO  handler.ContextHandler (ContextHandler.java:doStart(781)) - Started o.e.j.s.ServletContextHandler@756b2d90{/static,file:///workdir/hadoop-ozone/integration-test/target/test-classes/webapps/static,AVAILABLE}
2019-10-02 00:49:28,367 [main] INFO  handler.ContextHandler (ContextHandler.java:doStart(781)) - Started o.e.j.w.WebAppContext@2c9d90fc{/,file:///workdir/hadoop-ozone/integration-test/target/test-classes/webapps/scm/,AVAILABLE}{/scm}
2019-10-02 00:49:28,367 [main] INFO  server.AbstractConnector (AbstractConnector.java:doStart(278)) - Started ServerConnector@1511d157{HTTP/1.1,[http/1.1]}{0.0.0.0:36164}
2019-10-02 00:49:28,370 [main] INFO  server.Server (Server.java:doStart(419)) - Started @207542ms
2019-10-02 00:49:28,370 [main] WARN  impl.MetricsSystemImpl (MetricsSystemImpl.java:register(276)) - Sink prometheus already exists!
2019-10-02 00:49:28,371 [main] INFO  server.BaseHttpServer (BaseHttpServer.java:updateConnectorAddress(215)) - HTTP server of SCM is listening at http://0.0.0.0:36164
2019-10-02 00:49:28,371 [main] WARN  server.ServerUtils (ServerUtils.java:getDBPath(222)) - ozone.om.db.dirs is not configured. We recommend adding this setting. Falling back to ozone.metadata.dirs instead.
2019-10-02 00:49:28,371 [org.apache.hadoop.util.JvmPauseMonitor$Monitor@3d3c886f] INFO  util.JvmPauseMonitor (JvmPauseMonitor.java:run(188)) - Starting JVM pause monitor
2019-10-02 00:49:28,387 [main] WARN  server.ServerUtils (ServerUtils.java:getDBPath(222)) - ozone.om.db.dirs is not configured. We recommend adding this setting. Falling back to ozone.metadata.dirs instead.
2019-10-02 00:49:28,388 [main] WARN  server.ServerUtils (ServerUtils.java:getDBPath(222)) - ozone.om.db.dirs is not configured. We recommend adding this setting. Falling back to ozone.metadata.dirs instead.
2019-10-02 00:49:28,388 [main] INFO  om.OzoneManager (OzoneManager.java:setOMNodeDetails(652)) - OM Service ID is not set. Setting it to the default ID: omServiceIdDefault
2019-10-02 00:49:28,388 [main] INFO  om.OzoneManager (OzoneManager.java:setOMNodeDetails(658)) - OM Node ID is not set. Setting it to the OmStorage's OmID: a41ac820-cff0-4282-be04-609b6a53d366
2019-10-02 00:49:28,388 [main] INFO  om.OzoneManager (OzoneManager.java:loadOMHAConfigs(609)) - Found matching OM address with OMServiceId: null, OMNodeId: null, RPC Address: localhost:0 and Ratis port: 9872
2019-10-02 00:49:28,399 [main] WARN  server.ServerUtils (ServerUtils.java:getDBPath(222)) - ozone.om.db.dirs is not configured. We recommend adding this setting. Falling back to ozone.metadata.dirs instead.
2019-10-02 00:49:28,399 [main] INFO  db.DBStoreBuilder (DBStoreBuilder.java:addTable(110)) - using custom profile for table: userTable
2019-10-02 00:49:28,399 [main] INFO  db.DBStoreBuilder (DBStoreBuilder.java:processTables(161)) - Using default column profile:DBProfile.DISK for Table:userTable
2019-10-02 00:49:28,400 [main] INFO  db.DBStoreBuilder (DBStoreBuilder.java:addTable(110)) - using custom profile for table: volumeTable
2019-10-02 00:49:28,400 [main] INFO  db.DBStoreBuilder (DBStoreBuilder.java:processTables(161)) - Using default column profile:DBProfile.DISK for Table:volumeTable
2019-10-02 00:49:28,400 [main] INFO  db.DBStoreBuilder (DBStoreBuilder.java:addTable(110)) - using custom profile for table: bucketTable
2019-10-02 00:49:28,400 [main] INFO  db.DBStoreBuilder (DBStoreBuilder.java:processTables(161)) - Using default column profile:DBProfile.DISK for Table:bucketTable
2019-10-02 00:49:28,400 [main] INFO  db.DBStoreBuilder (DBStoreBuilder.java:addTable(110)) - using custom profile for table: keyTable
2019-10-02 00:49:28,401 [main] INFO  db.DBStoreBuilder (DBStoreBuilder.java:processTables(161)) - Using default column profile:DBProfile.DISK for Table:keyTable
2019-10-02 00:49:28,401 [main] INFO  db.DBStoreBuilder (DBStoreBuilder.java:addTable(110)) - using custom profile for table: deletedTable
2019-10-02 00:49:28,401 [main] INFO  db.DBStoreBuilder (DBStoreBuilder.java:processTables(161)) - Using default column profile:DBProfile.DISK for Table:deletedTable
2019-10-02 00:49:28,401 [main] INFO  db.DBStoreBuilder (DBStoreBuilder.java:addTable(110)) - using custom profile for table: openKeyTable
2019-10-02 00:49:28,401 [main] INFO  db.DBStoreBuilder (DBStoreBuilder.java:processTables(161)) - Using default column profile:DBProfile.DISK for Table:openKeyTable
2019-10-02 00:49:28,402 [main] INFO  db.DBStoreBuilder (DBStoreBuilder.java:addTable(110)) - using custom profile for table: s3Table
2019-10-02 00:49:28,402 [main] INFO  db.DBStoreBuilder (DBStoreBuilder.java:processTables(161)) - Using default column profile:DBProfile.DISK for Table:s3Table
2019-10-02 00:49:28,402 [main] INFO  db.DBStoreBuilder (DBStoreBuilder.java:addTable(110)) - using custom profile for table: multipartInfoTable
2019-10-02 00:49:28,402 [main] INFO  db.DBStoreBuilder (DBStoreBuilder.java:processTables(161)) - Using default column profile:DBProfile.DISK for Table:multipartInfoTable
2019-10-02 00:49:28,402 [main] INFO  db.DBStoreBuilder (DBStoreBuilder.java:addTable(110)) - using custom profile for table: dTokenTable
2019-10-02 00:49:28,402 [main] INFO  db.DBStoreBuilder (DBStoreBuilder.java:processTables(161)) - Using default column profile:DBProfile.DISK for Table:dTokenTable
2019-10-02 00:49:28,403 [main] INFO  db.DBStoreBuilder (DBStoreBuilder.java:addTable(110)) - using custom profile for table: s3SecretTable
2019-10-02 00:49:28,403 [main] INFO  db.DBStoreBuilder (DBStoreBuilder.java:processTables(161)) - Using default column profile:DBProfile.DISK for Table:s3SecretTable
2019-10-02 00:49:28,403 [main] INFO  db.DBStoreBuilder (DBStoreBuilder.java:addTable(110)) - using custom profile for table: prefixTable
2019-10-02 00:49:28,403 [main] INFO  db.DBStoreBuilder (DBStoreBuilder.java:processTables(161)) - Using default column profile:DBProfile.DISK for Table:prefixTable
2019-10-02 00:49:28,403 [main] INFO  db.DBStoreBuilder (DBStoreBuilder.java:addTable(110)) - using custom profile for table: default
2019-10-02 00:49:28,404 [main] INFO  db.DBStoreBuilder (DBStoreBuilder.java:processTables(167)) - Using default column profile:DBProfile.DISK for Table:default
2019-10-02 00:49:28,404 [main] INFO  db.DBStoreBuilder (DBStoreBuilder.java:getDbProfile(198)) - Using default options. DBProfile.DISK
2019-10-02 00:49:28,921 [main] INFO  ipc.CallQueueManager (CallQueueManager.java:<init>(84)) - Using callQueue: class java.util.concurrent.LinkedBlockingQueue, queueCapacity: 2000, scheduler: class org.apache.hadoop.ipc.DefaultRpcScheduler, ipcBackoff: false.
2019-10-02 00:49:28,922 [Socket Reader #1 for port 35020] INFO  ipc.Server (Server.java:run(1074)) - Starting Socket Reader #1 for port 35020
2019-10-02 00:49:28,934 [main] INFO  om.OzoneManager (OzoneManager.java:start(1243)) - OzoneManager RPC server is listening at localhost/127.0.0.1:35020
2019-10-02 00:49:28,935 [main] INFO  impl.MetricsSystemImpl (MetricsSystemImpl.java:init(158)) - OzoneManager metrics system started (again)
2019-10-02 00:49:28,935 [IPC Server Responder] INFO  ipc.Server (Server.java:run(1314)) - IPC Server Responder: starting
2019-10-02 00:49:28,938 [IPC Server listener on 35020] INFO  ipc.Server (Server.java:run(1153)) - IPC Server listener on 35020: starting
2019-10-02 00:49:28,947 [main] INFO  hdfs.DFSUtil (DFSUtil.java:httpServerTemplateForNNAndJN(1641)) - Starting Web-server for ozoneManager at: http://0.0.0.0:0
2019-10-02 00:49:28,949 [main] INFO  server.AuthenticationFilter (AuthenticationFilter.java:constructSecretProvider(240)) - Unable to initialize FileSignerSecretProvider, falling back to use random secrets.
2019-10-02 00:49:28,949 [main] WARN  http.HttpRequestLog (HttpRequestLog.java:getRequestLog(97)) - Jetty request log can only be enabled using Log4j
2019-10-02 00:49:28,952 [main] INFO  http.HttpServer2 (HttpServer2.java:addGlobalFilter(975)) - Added global filter 'safety' (class=org.apache.hadoop.http.HttpServer2$QuotingInputFilter)
2019-10-02 00:49:28,953 [main] INFO  http.HttpServer2 (HttpServer2.java:addFilter(948)) - Added filter static_user_filter (class=org.apache.hadoop.http.lib.StaticUserWebFilter$StaticUserFilter) to context ozoneManager
2019-10-02 00:49:28,953 [main] INFO  http.HttpServer2 (HttpServer2.java:addFilter(958)) - Added filter static_user_filter (class=org.apache.hadoop.http.lib.StaticUserWebFilter$StaticUserFilter) to context logs
2019-10-02 00:49:28,953 [main] INFO  http.HttpServer2 (HttpServer2.java:addFilter(958)) - Added filter static_user_filter (class=org.apache.hadoop.http.lib.StaticUserWebFilter$StaticUserFilter) to context static
2019-10-02 00:49:28,954 [main] INFO  http.HttpServer2 (HttpServer2.java:bindListener(1191)) - Jetty bound to port 40594
2019-10-02 00:49:28,954 [main] INFO  server.Server (Server.java:doStart(351)) - jetty-9.3.25.v20180904, build timestamp: 2018-09-04T21:11:46Z, git hash: 3ce520221d0240229c862b122d2b06c12a625732
2019-10-02 00:49:28,957 [main] INFO  handler.ContextHandler (ContextHandler.java:doStart(781)) - Started o.e.j.s.ServletContextHandler@3b088163{/logs,file:///workdir/hadoop-ozone/integration-test/target/log,AVAILABLE}
2019-10-02 00:49:28,957 [main] INFO  handler.ContextHandler (ContextHandler.java:doStart(781)) - Started o.e.j.s.ServletContextHandler@611d0763{/static,file:///workdir/hadoop-ozone/integration-test/target/test-classes/webapps/static,AVAILABLE}
2019-10-02 00:49:28,962 [main] INFO  handler.ContextHandler (ContextHandler.java:doStart(781)) - Started o.e.j.w.WebAppContext@1bd8afc8{/,file:///workdir/hadoop-ozone/integration-test/target/test-classes/webapps/ozoneManager/,AVAILABLE}{/ozoneManager}
2019-10-02 00:49:28,963 [main] INFO  server.AbstractConnector (AbstractConnector.java:doStart(278)) - Started ServerConnector@24134cbc{HTTP/1.1,[http/1.1]}{0.0.0.0:40594}
2019-10-02 00:49:28,966 [main] INFO  server.Server (Server.java:doStart(419)) - Started @208138ms
2019-10-02 00:49:28,966 [main] WARN  impl.MetricsSystemImpl (MetricsSystemImpl.java:register(276)) - Sink prometheus already exists!
2019-10-02 00:49:28,967 [main] INFO  server.BaseHttpServer (BaseHttpServer.java:updateConnectorAddress(215)) - HTTP server of OZONEMANAGER is listening at http://0.0.0.0:40594
2019-10-02 00:49:28,988 [main] INFO  impl.MetricsSystemImpl (MetricsSystemImpl.java:init(158)) - HddsDatanode metrics system started (again)
2019-10-02 00:49:29,010 [main] INFO  ozone.HddsDatanodeService (HddsDatanodeService.java:start(184)) - HddsDatanodeService host:pr-hdds-1984-s47sn-1814639636 ip:192.168.151.67
2019-10-02 00:49:29,022 [main] INFO  volume.HddsVolume (HddsVolume.java:<init>(176)) - Creating Volume: /workdir/hadoop-ozone/integration-test/target/test-dir/MiniOzoneClusterImpl-a0d93c8f-3734-4fbb-bc7f-864ab72bb3bf/datanode-0/data/containers/hdds of  storage type : DISK and capacity : 1482555576320
2019-10-02 00:49:29,022 [main] INFO  volume.VolumeSet (VolumeSet.java:initializeVolumeSet(170)) - Added Volume : /workdir/hadoop-ozone/integration-test/target/test-dir/MiniOzoneClusterImpl-a0d93c8f-3734-4fbb-bc7f-864ab72bb3bf/datanode-0/data/containers/hdds to VolumeSet
2019-10-02 00:49:29,023 [main] INFO  volume.ThrottledAsyncChecker (ThrottledAsyncChecker.java:schedule(139)) - Scheduling a check for org.apache.hadoop.ozone.container.common.volume.HddsVolume@5a9840f3
2019-10-02 00:49:29,023 [main] INFO  volume.HddsVolumeChecker (HddsVolumeChecker.java:checkAllVolumes(202)) - Scheduled health check for volume org.apache.hadoop.ozone.container.common.volume.HddsVolume@5a9840f3
2019-10-02 00:49:29,040 [main] INFO  impl.RaftServerProxy (ConfUtils.java:logGet(43)) - raft.rpc.type = GRPC (default)
2019-10-02 00:49:29,040 [main] INFO  grpc.GrpcFactory (GrpcFactory.java:checkPooledByteBufAllocatorUseCacheForAllThreads(45)) - PERFORMANCE WARNING: useCacheForAllThreads is true that may cause Netty to create a lot garbage objects and, as a result, trigger GC.
	It is recommended to disable useCacheForAllThreads by setting -Dorg.apache.ratis.thirdparty.io.netty.allocator.useCacheForAllThreads=false in command line.
2019-10-02 00:49:29,040 [main] INFO  grpc.GrpcConfigKeys$Server (ConfUtils.java:logGet(43)) - raft.grpc.server.port = 0 (default)
2019-10-02 00:49:29,040 [main] INFO  server.GrpcService (ConfUtils.java:logGet(43)) - raft.grpc.message.size.max = 33570816 (custom)
2019-10-02 00:49:29,041 [main] INFO  server.RaftServerConfigKeys (ConfUtils.java:logGet(43)) - raft.server.log.appender.buffer.byte-limit = 33554432 (custom)
2019-10-02 00:49:29,041 [main] INFO  server.GrpcService (ConfUtils.java:logGet(43)) - raft.grpc.flow.control.window = 1MB (=1048576) (default)
2019-10-02 00:49:29,041 [main] INFO  server.RaftServerConfigKeys (ConfUtils.java:logGet(43)) - raft.server.rpc.request.timeout = 3000ms (default)
2019-10-02 00:49:29,042 [main] INFO  server.RaftServerConfigKeys (ConfUtils.java:logGet(43)) - raft.server.storage.dir = [/workdir/hadoop-ozone/integration-test/target/test-dir/MiniOzoneClusterImpl-a0d93c8f-3734-4fbb-bc7f-864ab72bb3bf/datanode-0/data/ratis] (custom)
2019-10-02 00:49:29,043 [main] INFO  hdfs.DFSUtil (DFSUtil.java:httpServerTemplateForNNAndJN(1641)) - Starting Web-server for hddsDatanode at: http://0.0.0.0:0
2019-10-02 00:49:29,045 [main] INFO  server.AuthenticationFilter (AuthenticationFilter.java:constructSecretProvider(240)) - Unable to initialize FileSignerSecretProvider, falling back to use random secrets.
2019-10-02 00:49:29,046 [main] WARN  http.HttpRequestLog (HttpRequestLog.java:getRequestLog(97)) - Jetty request log can only be enabled using Log4j
2019-10-02 00:49:29,048 [main] INFO  http.HttpServer2 (HttpServer2.java:addGlobalFilter(975)) - Added global filter 'safety' (class=org.apache.hadoop.http.HttpServer2$QuotingInputFilter)
2019-10-02 00:49:29,049 [main] INFO  http.HttpServer2 (HttpServer2.java:addFilter(948)) - Added filter static_user_filter (class=org.apache.hadoop.http.lib.StaticUserWebFilter$StaticUserFilter) to context hddsDatanode
2019-10-02 00:49:29,049 [main] INFO  http.HttpServer2 (HttpServer2.java:addFilter(958)) - Added filter static_user_filter (class=org.apache.hadoop.http.lib.StaticUserWebFilter$StaticUserFilter) to context logs
2019-10-02 00:49:29,049 [main] INFO  http.HttpServer2 (HttpServer2.java:addFilter(958)) - Added filter static_user_filter (class=org.apache.hadoop.http.lib.StaticUserWebFilter$StaticUserFilter) to context static
2019-10-02 00:49:29,050 [main] INFO  http.HttpServer2 (HttpServer2.java:bindListener(1191)) - Jetty bound to port 42265
2019-10-02 00:49:29,050 [main] INFO  server.Server (Server.java:doStart(351)) - jetty-9.3.25.v20180904, build timestamp: 2018-09-04T21:11:46Z, git hash: 3ce520221d0240229c862b122d2b06c12a625732
2019-10-02 00:49:29,052 [main] INFO  handler.ContextHandler (ContextHandler.java:doStart(781)) - Started o.e.j.s.ServletContextHandler@5c8d58ed{/logs,file:///workdir/hadoop-ozone/integration-test/target/log,AVAILABLE}
2019-10-02 00:49:29,053 [main] INFO  handler.ContextHandler (ContextHandler.java:doStart(781)) - Started o.e.j.s.ServletContextHandler@28be7fec{/static,jar:file:/home/user/.m2/repository/org/apache/hadoop/hadoop-hdds-container-service/0.5.0-SNAPSHOT/hadoop-hdds-container-service-0.5.0-SNAPSHOT.jar!/webapps/static,AVAILABLE}
2019-10-02 00:49:29,081 [main] INFO  handler.ContextHandler (ContextHandler.java:doStart(781)) - Started o.e.j.w.WebAppContext@45037e16{/,file:///tmp/jetty-0.0.0.0-42265-hddsDatanode-_-any-9101007551194924493.dir/webapp/,AVAILABLE}{/hddsDatanode}
2019-10-02 00:49:29,082 [main] INFO  server.AbstractConnector (AbstractConnector.java:doStart(278)) - Started ServerConnector@2f2e4bde{HTTP/1.1,[http/1.1]}{0.0.0.0:42265}
2019-10-02 00:49:29,085 [main] INFO  server.Server (Server.java:doStart(419)) - Started @208258ms
2019-10-02 00:49:29,086 [main] WARN  impl.MetricsSystemImpl (MetricsSystemImpl.java:register(276)) - Sink prometheus already exists!
2019-10-02 00:49:29,087 [main] INFO  server.BaseHttpServer (BaseHttpServer.java:updateConnectorAddress(215)) - HTTP server of HDDSDATANODE is listening at http://0.0.0.0:42265
2019-10-02 00:49:29,087 [main] INFO  impl.MetricsSystemImpl (MetricsSystemImpl.java:init(158)) - HddsDatanode metrics system started (again)
2019-10-02 00:49:29,106 [org.apache.hadoop.util.JvmPauseMonitor$Monitor@76b05810] INFO  util.JvmPauseMonitor (JvmPauseMonitor.java:run(188)) - Starting JVM pause monitor
2019-10-02 00:49:29,108 [main] INFO  ozone.HddsDatanodeService (HddsDatanodeService.java:start(184)) - HddsDatanodeService host:pr-hdds-1984-s47sn-1814639636 ip:192.168.151.67
2019-10-02 00:49:29,108 [Datanode State Machine Thread - 0] INFO  datanode.InitDatanodeState (InitDatanodeState.java:persistContainerDatanodeDetails(140)) - DatanodeDetails is persisted to /workdir/hadoop-ozone/integration-test/target/test-dir/MiniOzoneClusterImpl-a0d93c8f-3734-4fbb-bc7f-864ab72bb3bf/datanode-0/meta/datanode.id
2019-10-02 00:49:29,116 [main] INFO  volume.HddsVolume (HddsVolume.java:<init>(176)) - Creating Volume: /workdir/hadoop-ozone/integration-test/target/test-dir/MiniOzoneClusterImpl-a0d93c8f-3734-4fbb-bc7f-864ab72bb3bf/datanode-1/data/containers/hdds of  storage type : DISK and capacity : 1482555576320
2019-10-02 00:49:29,116 [main] INFO  volume.VolumeSet (VolumeSet.java:initializeVolumeSet(170)) - Added Volume : /workdir/hadoop-ozone/integration-test/target/test-dir/MiniOzoneClusterImpl-a0d93c8f-3734-4fbb-bc7f-864ab72bb3bf/datanode-1/data/containers/hdds to VolumeSet
2019-10-02 00:49:29,117 [main] INFO  volume.ThrottledAsyncChecker (ThrottledAsyncChecker.java:schedule(139)) - Scheduling a check for org.apache.hadoop.ozone.container.common.volume.HddsVolume@51e7589f
2019-10-02 00:49:29,117 [main] INFO  volume.HddsVolumeChecker (HddsVolumeChecker.java:checkAllVolumes(202)) - Scheduled health check for volume org.apache.hadoop.ozone.container.common.volume.HddsVolume@51e7589f
2019-10-02 00:49:29,130 [main] INFO  impl.RaftServerProxy (ConfUtils.java:logGet(43)) - raft.rpc.type = GRPC (default)
2019-10-02 00:49:29,131 [main] INFO  grpc.GrpcFactory (GrpcFactory.java:checkPooledByteBufAllocatorUseCacheForAllThreads(45)) - PERFORMANCE WARNING: useCacheForAllThreads is true that may cause Netty to create a lot garbage objects and, as a result, trigger GC.
	It is recommended to disable useCacheForAllThreads by setting -Dorg.apache.ratis.thirdparty.io.netty.allocator.useCacheForAllThreads=false in command line.
2019-10-02 00:49:29,131 [main] INFO  grpc.GrpcConfigKeys$Server (ConfUtils.java:logGet(43)) - raft.grpc.server.port = 0 (default)
2019-10-02 00:49:29,131 [main] INFO  server.GrpcService (ConfUtils.java:logGet(43)) - raft.grpc.message.size.max = 33570816 (custom)
2019-10-02 00:49:29,131 [main] INFO  server.RaftServerConfigKeys (ConfUtils.java:logGet(43)) - raft.server.log.appender.buffer.byte-limit = 33554432 (custom)
2019-10-02 00:49:29,131 [main] INFO  server.GrpcService (ConfUtils.java:logGet(43)) - raft.grpc.flow.control.window = 1MB (=1048576) (default)
2019-10-02 00:49:29,132 [main] INFO  server.RaftServerConfigKeys (ConfUtils.java:logGet(43)) - raft.server.rpc.request.timeout = 3000ms (default)
2019-10-02 00:49:29,132 [main] INFO  server.RaftServerConfigKeys (ConfUtils.java:logGet(43)) - raft.server.storage.dir = [/workdir/hadoop-ozone/integration-test/target/test-dir/MiniOzoneClusterImpl-a0d93c8f-3734-4fbb-bc7f-864ab72bb3bf/datanode-1/data/ratis] (custom)
2019-10-02 00:49:29,133 [main] INFO  hdfs.DFSUtil (DFSUtil.java:httpServerTemplateForNNAndJN(1641)) - Starting Web-server for hddsDatanode at: http://0.0.0.0:0
2019-10-02 00:49:29,135 [main] INFO  server.AuthenticationFilter (AuthenticationFilter.java:constructSecretProvider(240)) - Unable to initialize FileSignerSecretProvider, falling back to use random secrets.
2019-10-02 00:49:29,135 [main] WARN  http.HttpRequestLog (HttpRequestLog.java:getRequestLog(97)) - Jetty request log can only be enabled using Log4j
2019-10-02 00:49:29,136 [main] INFO  http.HttpServer2 (HttpServer2.java:addGlobalFilter(975)) - Added global filter 'safety' (class=org.apache.hadoop.http.HttpServer2$QuotingInputFilter)
2019-10-02 00:49:29,137 [main] INFO  http.HttpServer2 (HttpServer2.java:addFilter(948)) - Added filter static_user_filter (class=org.apache.hadoop.http.lib.StaticUserWebFilter$StaticUserFilter) to context hddsDatanode
2019-10-02 00:49:29,137 [main] INFO  http.HttpServer2 (HttpServer2.java:addFilter(958)) - Added filter static_user_filter (class=org.apache.hadoop.http.lib.StaticUserWebFilter$StaticUserFilter) to context static
2019-10-02 00:49:29,137 [main] INFO  http.HttpServer2 (HttpServer2.java:addFilter(958)) - Added filter static_user_filter (class=org.apache.hadoop.http.lib.StaticUserWebFilter$StaticUserFilter) to context logs
2019-10-02 00:49:29,137 [main] INFO  http.HttpServer2 (HttpServer2.java:bindListener(1191)) - Jetty bound to port 36503
2019-10-02 00:49:29,138 [main] INFO  server.Server (Server.java:doStart(351)) - jetty-9.3.25.v20180904, build timestamp: 2018-09-04T21:11:46Z, git hash: 3ce520221d0240229c862b122d2b06c12a625732
2019-10-02 00:49:29,139 [main] INFO  handler.ContextHandler (ContextHandler.java:doStart(781)) - Started o.e.j.s.ServletContextHandler@723e3c17{/logs,file:///workdir/hadoop-ozone/integration-test/target/log,AVAILABLE}
2019-10-02 00:49:29,139 [main] INFO  handler.ContextHandler (ContextHandler.java:doStart(781)) - Started o.e.j.s.ServletContextHandler@6094de13{/static,jar:file:/home/user/.m2/repository/org/apache/hadoop/hadoop-hdds-container-service/0.5.0-SNAPSHOT/hadoop-hdds-container-service-0.5.0-SNAPSHOT.jar!/webapps/static,AVAILABLE}
2019-10-02 00:49:29,166 [main] INFO  handler.ContextHandler (ContextHandler.java:doStart(781)) - Started o.e.j.w.WebAppContext@37d28938{/,file:///tmp/jetty-0.0.0.0-36503-hddsDatanode-_-any-4178891917906258239.dir/webapp/,AVAILABLE}{/hddsDatanode}
2019-10-02 00:49:29,167 [main] INFO  server.AbstractConnector (AbstractConnector.java:doStart(278)) - Started ServerConnector@7d0cd23c{HTTP/1.1,[http/1.1]}{0.0.0.0:36503}
2019-10-02 00:49:29,170 [main] INFO  server.Server (Server.java:doStart(419)) - Started @208342ms
2019-10-02 00:49:29,170 [main] WARN  impl.MetricsSystemImpl (MetricsSystemImpl.java:register(276)) - Sink prometheus already exists!
2019-10-02 00:49:29,171 [main] INFO  server.BaseHttpServer (BaseHttpServer.java:updateConnectorAddress(215)) - HTTP server of HDDSDATANODE is listening at http://0.0.0.0:36503
2019-10-02 00:49:29,171 [main] INFO  impl.MetricsSystemImpl (MetricsSystemImpl.java:init(158)) - HddsDatanode metrics system started (again)
2019-10-02 00:49:29,188 [org.apache.hadoop.util.JvmPauseMonitor$Monitor@72c3a5a8] INFO  util.JvmPauseMonitor (JvmPauseMonitor.java:run(188)) - Starting JVM pause monitor
2019-10-02 00:49:29,189 [Datanode State Machine Thread - 0] INFO  datanode.InitDatanodeState (InitDatanodeState.java:persistContainerDatanodeDetails(140)) - DatanodeDetails is persisted to /workdir/hadoop-ozone/integration-test/target/test-dir/MiniOzoneClusterImpl-a0d93c8f-3734-4fbb-bc7f-864ab72bb3bf/datanode-1/meta/datanode.id
2019-10-02 00:49:29,190 [main] INFO  ozone.HddsDatanodeService (HddsDatanodeService.java:start(184)) - HddsDatanodeService host:pr-hdds-1984-s47sn-1814639636 ip:192.168.151.67
2019-10-02 00:49:29,198 [main] INFO  volume.HddsVolume (HddsVolume.java:<init>(176)) - Creating Volume: /workdir/hadoop-ozone/integration-test/target/test-dir/MiniOzoneClusterImpl-a0d93c8f-3734-4fbb-bc7f-864ab72bb3bf/datanode-2/data/containers/hdds of  storage type : DISK and capacity : 1482555576320
2019-10-02 00:49:29,198 [main] INFO  volume.VolumeSet (VolumeSet.java:initializeVolumeSet(170)) - Added Volume : /workdir/hadoop-ozone/integration-test/target/test-dir/MiniOzoneClusterImpl-a0d93c8f-3734-4fbb-bc7f-864ab72bb3bf/datanode-2/data/containers/hdds to VolumeSet
2019-10-02 00:49:29,199 [main] INFO  volume.ThrottledAsyncChecker (ThrottledAsyncChecker.java:schedule(139)) - Scheduling a check for org.apache.hadoop.ozone.container.common.volume.HddsVolume@350323a0
2019-10-02 00:49:29,199 [main] INFO  volume.HddsVolumeChecker (HddsVolumeChecker.java:checkAllVolumes(202)) - Scheduled health check for volume org.apache.hadoop.ozone.container.common.volume.HddsVolume@350323a0
2019-10-02 00:49:29,214 [main] INFO  impl.RaftServerProxy (ConfUtils.java:logGet(43)) - raft.rpc.type = GRPC (default)
2019-10-02 00:49:29,214 [main] INFO  grpc.GrpcFactory (GrpcFactory.java:checkPooledByteBufAllocatorUseCacheForAllThreads(45)) - PERFORMANCE WARNING: useCacheForAllThreads is true that may cause Netty to create a lot garbage objects and, as a result, trigger GC.
	It is recommended to disable useCacheForAllThreads by setting -Dorg.apache.ratis.thirdparty.io.netty.allocator.useCacheForAllThreads=false in command line.
2019-10-02 00:49:29,214 [main] INFO  grpc.GrpcConfigKeys$Server (ConfUtils.java:logGet(43)) - raft.grpc.server.port = 0 (default)
2019-10-02 00:49:29,214 [main] INFO  server.GrpcService (ConfUtils.java:logGet(43)) - raft.grpc.message.size.max = 33570816 (custom)
2019-10-02 00:49:29,214 [main] INFO  server.RaftServerConfigKeys (ConfUtils.java:logGet(43)) - raft.server.log.appender.buffer.byte-limit = 33554432 (custom)
2019-10-02 00:49:29,215 [main] INFO  server.GrpcService (ConfUtils.java:logGet(43)) - raft.grpc.flow.control.window = 1MB (=1048576) (default)
2019-10-02 00:49:29,215 [main] INFO  server.RaftServerConfigKeys (ConfUtils.java:logGet(43)) - raft.server.rpc.request.timeout = 3000ms (default)
2019-10-02 00:49:29,215 [main] INFO  server.RaftServerConfigKeys (ConfUtils.java:logGet(43)) - raft.server.storage.dir = [/workdir/hadoop-ozone/integration-test/target/test-dir/MiniOzoneClusterImpl-a0d93c8f-3734-4fbb-bc7f-864ab72bb3bf/datanode-2/data/ratis] (custom)
2019-10-02 00:49:29,216 [main] INFO  hdfs.DFSUtil (DFSUtil.java:httpServerTemplateForNNAndJN(1641)) - Starting Web-server for hddsDatanode at: http://0.0.0.0:0
2019-10-02 00:49:29,218 [main] INFO  server.AuthenticationFilter (AuthenticationFilter.java:constructSecretProvider(240)) - Unable to initialize FileSignerSecretProvider, falling back to use random secrets.
2019-10-02 00:49:29,218 [main] WARN  http.HttpRequestLog (HttpRequestLog.java:getRequestLog(97)) - Jetty request log can only be enabled using Log4j
2019-10-02 00:49:29,219 [main] INFO  http.HttpServer2 (HttpServer2.java:addGlobalFilter(975)) - Added global filter 'safety' (class=org.apache.hadoop.http.HttpServer2$QuotingInputFilter)
2019-10-02 00:49:29,220 [main] INFO  http.HttpServer2 (HttpServer2.java:addFilter(948)) - Added filter static_user_filter (class=org.apache.hadoop.http.lib.StaticUserWebFilter$StaticUserFilter) to context hddsDatanode
2019-10-02 00:49:29,220 [main] INFO  http.HttpServer2 (HttpServer2.java:addFilter(958)) - Added filter static_user_filter (class=org.apache.hadoop.http.lib.StaticUserWebFilter$StaticUserFilter) to context logs
2019-10-02 00:49:29,220 [main] INFO  http.HttpServer2 (HttpServer2.java:addFilter(958)) - Added filter static_user_filter (class=org.apache.hadoop.http.lib.StaticUserWebFilter$StaticUserFilter) to context static
2019-10-02 00:49:29,221 [main] INFO  http.HttpServer2 (HttpServer2.java:bindListener(1191)) - Jetty bound to port 40256
2019-10-02 00:49:29,221 [main] INFO  server.Server (Server.java:doStart(351)) - jetty-9.3.25.v20180904, build timestamp: 2018-09-04T21:11:46Z, git hash: 3ce520221d0240229c862b122d2b06c12a625732
2019-10-02 00:49:29,222 [main] INFO  handler.ContextHandler (ContextHandler.java:doStart(781)) - Started o.e.j.s.ServletContextHandler@55877274{/logs,file:///workdir/hadoop-ozone/integration-test/target/log,AVAILABLE}
2019-10-02 00:49:29,223 [main] INFO  handler.ContextHandler (ContextHandler.java:doStart(781)) - Started o.e.j.s.ServletContextHandler@6d4a82{/static,jar:file:/home/user/.m2/repository/org/apache/hadoop/hadoop-hdds-container-service/0.5.0-SNAPSHOT/hadoop-hdds-container-service-0.5.0-SNAPSHOT.jar!/webapps/static,AVAILABLE}
2019-10-02 00:49:29,249 [main] INFO  handler.ContextHandler (ContextHandler.java:doStart(781)) - Started o.e.j.w.WebAppContext@19b5214b{/,file:///tmp/jetty-0.0.0.0-40256-hddsDatanode-_-any-4102415870151702682.dir/webapp/,AVAILABLE}{/hddsDatanode}
2019-10-02 00:49:29,249 [main] INFO  server.AbstractConnector (AbstractConnector.java:doStart(278)) - Started ServerConnector@5fb3111a{HTTP/1.1,[http/1.1]}{0.0.0.0:40256}
2019-10-02 00:49:29,253 [main] INFO  server.Server (Server.java:doStart(419)) - Started @208425ms
2019-10-02 00:49:29,253 [main] WARN  impl.MetricsSystemImpl (MetricsSystemImpl.java:register(276)) - Sink prometheus already exists!
2019-10-02 00:49:29,254 [main] INFO  server.BaseHttpServer (BaseHttpServer.java:updateConnectorAddress(215)) - HTTP server of HDDSDATANODE is listening at http://0.0.0.0:40256
2019-10-02 00:49:29,254 [main] INFO  impl.MetricsSystemImpl (MetricsSystemImpl.java:init(158)) - HddsDatanode metrics system started (again)
2019-10-02 00:49:29,272 [org.apache.hadoop.util.JvmPauseMonitor$Monitor@44804f46] INFO  util.JvmPauseMonitor (JvmPauseMonitor.java:run(188)) - Starting JVM pause monitor
2019-10-02 00:49:29,273 [Datanode State Machine Thread - 0] INFO  datanode.InitDatanodeState (InitDatanodeState.java:persistContainerDatanodeDetails(140)) - DatanodeDetails is persisted to /workdir/hadoop-ozone/integration-test/target/test-dir/MiniOzoneClusterImpl-a0d93c8f-3734-4fbb-bc7f-864ab72bb3bf/datanode-2/meta/datanode.id
2019-10-02 00:49:29,274 [main] INFO  ozone.HddsDatanodeService (HddsDatanodeService.java:start(184)) - HddsDatanodeService host:pr-hdds-1984-s47sn-1814639636 ip:192.168.151.67
2019-10-02 00:49:29,283 [main] INFO  volume.HddsVolume (HddsVolume.java:<init>(176)) - Creating Volume: /workdir/hadoop-ozone/integration-test/target/test-dir/MiniOzoneClusterImpl-a0d93c8f-3734-4fbb-bc7f-864ab72bb3bf/datanode-3/data/containers/hdds of  storage type : DISK and capacity : 1482555576320
2019-10-02 00:49:29,283 [main] INFO  volume.VolumeSet (VolumeSet.java:initializeVolumeSet(170)) - Added Volume : /workdir/hadoop-ozone/integration-test/target/test-dir/MiniOzoneClusterImpl-a0d93c8f-3734-4fbb-bc7f-864ab72bb3bf/datanode-3/data/containers/hdds to VolumeSet
2019-10-02 00:49:29,283 [main] INFO  volume.ThrottledAsyncChecker (ThrottledAsyncChecker.java:schedule(139)) - Scheduling a check for org.apache.hadoop.ozone.container.common.volume.HddsVolume@10d18696
2019-10-02 00:49:29,284 [main] INFO  volume.HddsVolumeChecker (HddsVolumeChecker.java:checkAllVolumes(202)) - Scheduled health check for volume org.apache.hadoop.ozone.container.common.volume.HddsVolume@10d18696
2019-10-02 00:49:29,296 [main] INFO  impl.RaftServerProxy (ConfUtils.java:logGet(43)) - raft.rpc.type = GRPC (default)
2019-10-02 00:49:29,297 [main] INFO  grpc.GrpcFactory (GrpcFactory.java:checkPooledByteBufAllocatorUseCacheForAllThreads(45)) - PERFORMANCE WARNING: useCacheForAllThreads is true that may cause Netty to create a lot garbage objects and, as a result, trigger GC.
	It is recommended to disable useCacheForAllThreads by setting -Dorg.apache.ratis.thirdparty.io.netty.allocator.useCacheForAllThreads=false in command line.
2019-10-02 00:49:29,297 [main] INFO  grpc.GrpcConfigKeys$Server (ConfUtils.java:logGet(43)) - raft.grpc.server.port = 0 (default)
2019-10-02 00:49:29,297 [main] INFO  server.GrpcService (ConfUtils.java:logGet(43)) - raft.grpc.message.size.max = 33570816 (custom)
2019-10-02 00:49:29,297 [main] INFO  server.RaftServerConfigKeys (ConfUtils.java:logGet(43)) - raft.server.log.appender.buffer.byte-limit = 33554432 (custom)
2019-10-02 00:49:29,297 [main] INFO  server.GrpcService (ConfUtils.java:logGet(43)) - raft.grpc.flow.control.window = 1MB (=1048576) (default)
2019-10-02 00:49:29,297 [main] INFO  server.RaftServerConfigKeys (ConfUtils.java:logGet(43)) - raft.server.rpc.request.timeout = 3000ms (default)
2019-10-02 00:49:29,298 [main] INFO  server.RaftServerConfigKeys (ConfUtils.java:logGet(43)) - raft.server.storage.dir = [/workdir/hadoop-ozone/integration-test/target/test-dir/MiniOzoneClusterImpl-a0d93c8f-3734-4fbb-bc7f-864ab72bb3bf/datanode-3/data/ratis] (custom)
2019-10-02 00:49:29,299 [main] INFO  hdfs.DFSUtil (DFSUtil.java:httpServerTemplateForNNAndJN(1641)) - Starting Web-server for hddsDatanode at: http://0.0.0.0:0
2019-10-02 00:49:29,301 [main] INFO  server.AuthenticationFilter (AuthenticationFilter.java:constructSecretProvider(240)) - Unable to initialize FileSignerSecretProvider, falling back to use random secrets.
2019-10-02 00:49:29,301 [main] WARN  http.HttpRequestLog (HttpRequestLog.java:getRequestLog(97)) - Jetty request log can only be enabled using Log4j
2019-10-02 00:49:29,302 [main] INFO  http.HttpServer2 (HttpServer2.java:addGlobalFilter(975)) - Added global filter 'safety' (class=org.apache.hadoop.http.HttpServer2$QuotingInputFilter)
2019-10-02 00:49:29,303 [main] INFO  http.HttpServer2 (HttpServer2.java:addFilter(948)) - Added filter static_user_filter (class=org.apache.hadoop.http.lib.StaticUserWebFilter$StaticUserFilter) to context hddsDatanode
2019-10-02 00:49:29,303 [main] INFO  http.HttpServer2 (HttpServer2.java:addFilter(958)) - Added filter static_user_filter (class=org.apache.hadoop.http.lib.StaticUserWebFilter$StaticUserFilter) to context static
2019-10-02 00:49:29,303 [main] INFO  http.HttpServer2 (HttpServer2.java:addFilter(958)) - Added filter static_user_filter (class=org.apache.hadoop.http.lib.StaticUserWebFilter$StaticUserFilter) to context logs
2019-10-02 00:49:29,304 [main] INFO  http.HttpServer2 (HttpServer2.java:bindListener(1191)) - Jetty bound to port 43237
2019-10-02 00:49:29,304 [main] INFO  server.Server (Server.java:doStart(351)) - jetty-9.3.25.v20180904, build timestamp: 2018-09-04T21:11:46Z, git hash: 3ce520221d0240229c862b122d2b06c12a625732
2019-10-02 00:49:29,308 [main] INFO  handler.ContextHandler (ContextHandler.java:doStart(781)) - Started o.e.j.s.ServletContextHandler@43c7fe8a{/logs,file:///workdir/hadoop-ozone/integration-test/target/log,AVAILABLE}
2019-10-02 00:49:29,308 [main] INFO  handler.ContextHandler (ContextHandler.java:doStart(781)) - Started o.e.j.s.ServletContextHandler@21b51e59{/static,jar:file:/home/user/.m2/repository/org/apache/hadoop/hadoop-hdds-container-service/0.5.0-SNAPSHOT/hadoop-hdds-container-service-0.5.0-SNAPSHOT.jar!/webapps/static,AVAILABLE}
2019-10-02 00:49:29,335 [main] INFO  handler.ContextHandler (ContextHandler.java:doStart(781)) - Started o.e.j.w.WebAppContext@5bfc79cb{/,file:///tmp/jetty-0.0.0.0-43237-hddsDatanode-_-any-8736270526858167972.dir/webapp/,AVAILABLE}{/hddsDatanode}
2019-10-02 00:49:29,336 [main] INFO  server.AbstractConnector (AbstractConnector.java:doStart(278)) - Started ServerConnector@27ec8754{HTTP/1.1,[http/1.1]}{0.0.0.0:43237}
2019-10-02 00:49:29,339 [main] INFO  server.Server (Server.java:doStart(419)) - Started @208511ms
2019-10-02 00:49:29,339 [main] WARN  impl.MetricsSystemImpl (MetricsSystemImpl.java:register(276)) - Sink prometheus already exists!
2019-10-02 00:49:29,340 [main] INFO  server.BaseHttpServer (BaseHttpServer.java:updateConnectorAddress(215)) - HTTP server of HDDSDATANODE is listening at http://0.0.0.0:43237
2019-10-02 00:49:29,340 [main] INFO  impl.MetricsSystemImpl (MetricsSystemImpl.java:init(158)) - HddsDatanode metrics system started (again)
2019-10-02 00:49:29,359 [org.apache.hadoop.util.JvmPauseMonitor$Monitor@7df2f050] INFO  util.JvmPauseMonitor (JvmPauseMonitor.java:run(188)) - Starting JVM pause monitor
2019-10-02 00:49:29,360 [Datanode State Machine Thread - 0] INFO  datanode.InitDatanodeState (InitDatanodeState.java:persistContainerDatanodeDetails(140)) - DatanodeDetails is persisted to /workdir/hadoop-ozone/integration-test/target/test-dir/MiniOzoneClusterImpl-a0d93c8f-3734-4fbb-bc7f-864ab72bb3bf/datanode-3/meta/datanode.id
2019-10-02 00:49:29,361 [main] INFO  ozone.HddsDatanodeService (HddsDatanodeService.java:start(184)) - HddsDatanodeService host:pr-hdds-1984-s47sn-1814639636 ip:192.168.151.67
2019-10-02 00:49:29,371 [main] INFO  volume.HddsVolume (HddsVolume.java:<init>(176)) - Creating Volume: /workdir/hadoop-ozone/integration-test/target/test-dir/MiniOzoneClusterImpl-a0d93c8f-3734-4fbb-bc7f-864ab72bb3bf/datanode-4/data/containers/hdds of  storage type : DISK and capacity : 1482555576320
2019-10-02 00:49:29,371 [main] INFO  volume.VolumeSet (VolumeSet.java:initializeVolumeSet(170)) - Added Volume : /workdir/hadoop-ozone/integration-test/target/test-dir/MiniOzoneClusterImpl-a0d93c8f-3734-4fbb-bc7f-864ab72bb3bf/datanode-4/data/containers/hdds to VolumeSet
2019-10-02 00:49:29,372 [main] INFO  volume.ThrottledAsyncChecker (ThrottledAsyncChecker.java:schedule(139)) - Scheduling a check for org.apache.hadoop.ozone.container.common.volume.HddsVolume@28768e25
2019-10-02 00:49:29,372 [main] INFO  volume.HddsVolumeChecker (HddsVolumeChecker.java:checkAllVolumes(202)) - Scheduled health check for volume org.apache.hadoop.ozone.container.common.volume.HddsVolume@28768e25
2019-10-02 00:49:29,385 [main] INFO  impl.RaftServerProxy (ConfUtils.java:logGet(43)) - raft.rpc.type = GRPC (default)
2019-10-02 00:49:29,385 [main] INFO  grpc.GrpcFactory (GrpcFactory.java:checkPooledByteBufAllocatorUseCacheForAllThreads(45)) - PERFORMANCE WARNING: useCacheForAllThreads is true that may cause Netty to create a lot garbage objects and, as a result, trigger GC.
	It is recommended to disable useCacheForAllThreads by setting -Dorg.apache.ratis.thirdparty.io.netty.allocator.useCacheForAllThreads=false in command line.
2019-10-02 00:49:29,386 [main] INFO  grpc.GrpcConfigKeys$Server (ConfUtils.java:logGet(43)) - raft.grpc.server.port = 0 (default)
2019-10-02 00:49:29,386 [main] INFO  server.GrpcService (ConfUtils.java:logGet(43)) - raft.grpc.message.size.max = 33570816 (custom)
2019-10-02 00:49:29,386 [main] INFO  server.RaftServerConfigKeys (ConfUtils.java:logGet(43)) - raft.server.log.appender.buffer.byte-limit = 33554432 (custom)
2019-10-02 00:49:29,386 [main] INFO  server.GrpcService (ConfUtils.java:logGet(43)) - raft.grpc.flow.control.window = 1MB (=1048576) (default)
2019-10-02 00:49:29,386 [main] INFO  server.RaftServerConfigKeys (ConfUtils.java:logGet(43)) - raft.server.rpc.request.timeout = 3000ms (default)
2019-10-02 00:49:29,387 [main] INFO  server.RaftServerConfigKeys (ConfUtils.java:logGet(43)) - raft.server.storage.dir = [/workdir/hadoop-ozone/integration-test/target/test-dir/MiniOzoneClusterImpl-a0d93c8f-3734-4fbb-bc7f-864ab72bb3bf/datanode-4/data/ratis] (custom)
2019-10-02 00:49:29,388 [main] INFO  hdfs.DFSUtil (DFSUtil.java:httpServerTemplateForNNAndJN(1641)) - Starting Web-server for hddsDatanode at: http://0.0.0.0:0
2019-10-02 00:49:29,389 [main] INFO  server.AuthenticationFilter (AuthenticationFilter.java:constructSecretProvider(240)) - Unable to initialize FileSignerSecretProvider, falling back to use random secrets.
2019-10-02 00:49:29,390 [main] WARN  http.HttpRequestLog (HttpRequestLog.java:getRequestLog(97)) - Jetty request log can only be enabled using Log4j
2019-10-02 00:49:29,391 [main] INFO  http.HttpServer2 (HttpServer2.java:addGlobalFilter(975)) - Added global filter 'safety' (class=org.apache.hadoop.http.HttpServer2$QuotingInputFilter)
2019-10-02 00:49:29,391 [main] INFO  http.HttpServer2 (HttpServer2.java:addFilter(948)) - Added filter static_user_filter (class=org.apache.hadoop.http.lib.StaticUserWebFilter$StaticUserFilter) to context hddsDatanode
2019-10-02 00:49:29,392 [main] INFO  http.HttpServer2 (HttpServer2.java:addFilter(958)) - Added filter static_user_filter (class=org.apache.hadoop.http.lib.StaticUserWebFilter$StaticUserFilter) to context static
2019-10-02 00:49:29,392 [main] INFO  http.HttpServer2 (HttpServer2.java:addFilter(958)) - Added filter static_user_filter (class=org.apache.hadoop.http.lib.StaticUserWebFilter$StaticUserFilter) to context logs
2019-10-02 00:49:29,392 [main] INFO  http.HttpServer2 (HttpServer2.java:bindListener(1191)) - Jetty bound to port 36644
2019-10-02 00:49:29,393 [main] INFO  server.Server (Server.java:doStart(351)) - jetty-9.3.25.v20180904, build timestamp: 2018-09-04T21:11:46Z, git hash: 3ce520221d0240229c862b122d2b06c12a625732
2019-10-02 00:49:29,394 [main] INFO  handler.ContextHandler (ContextHandler.java:doStart(781)) - Started o.e.j.s.ServletContextHandler@71d55b7e{/logs,file:///workdir/hadoop-ozone/integration-test/target/log,AVAILABLE}
2019-10-02 00:49:29,394 [main] INFO  handler.ContextHandler (ContextHandler.java:doStart(781)) - Started o.e.j.s.ServletContextHandler@28ee882c{/static,jar:file:/home/user/.m2/repository/org/apache/hadoop/hadoop-hdds-container-service/0.5.0-SNAPSHOT/hadoop-hdds-container-service-0.5.0-SNAPSHOT.jar!/webapps/static,AVAILABLE}
2019-10-02 00:49:29,421 [main] INFO  handler.ContextHandler (ContextHandler.java:doStart(781)) - Started o.e.j.w.WebAppContext@2c48cede{/,file:///tmp/jetty-0.0.0.0-36644-hddsDatanode-_-any-7202882273420342146.dir/webapp/,AVAILABLE}{/hddsDatanode}
2019-10-02 00:49:29,422 [main] INFO  server.AbstractConnector (AbstractConnector.java:doStart(278)) - Started ServerConnector@39c87b42{HTTP/1.1,[http/1.1]}{0.0.0.0:36644}
2019-10-02 00:49:29,425 [main] INFO  server.Server (Server.java:doStart(419)) - Started @208597ms
2019-10-02 00:49:29,425 [main] WARN  impl.MetricsSystemImpl (MetricsSystemImpl.java:register(276)) - Sink prometheus already exists!
2019-10-02 00:49:29,426 [main] INFO  server.BaseHttpServer (BaseHttpServer.java:updateConnectorAddress(215)) - HTTP server of HDDSDATANODE is listening at http://0.0.0.0:36644
2019-10-02 00:49:29,426 [main] INFO  impl.MetricsSystemImpl (MetricsSystemImpl.java:init(158)) - HddsDatanode metrics system started (again)
2019-10-02 00:49:29,446 [org.apache.hadoop.util.JvmPauseMonitor$Monitor@5a0a45b] INFO  util.JvmPauseMonitor (JvmPauseMonitor.java:run(188)) - Starting JVM pause monitor
2019-10-02 00:49:29,447 [Datanode State Machine Thread - 0] INFO  datanode.InitDatanodeState (InitDatanodeState.java:persistContainerDatanodeDetails(140)) - DatanodeDetails is persisted to /workdir/hadoop-ozone/integration-test/target/test-dir/MiniOzoneClusterImpl-a0d93c8f-3734-4fbb-bc7f-864ab72bb3bf/datanode-4/meta/datanode.id
2019-10-02 00:49:29,448 [main] INFO  ozone.HddsDatanodeService (HddsDatanodeService.java:start(184)) - HddsDatanodeService host:pr-hdds-1984-s47sn-1814639636 ip:192.168.151.67
2019-10-02 00:49:29,455 [main] INFO  volume.HddsVolume (HddsVolume.java:<init>(176)) - Creating Volume: /workdir/hadoop-ozone/integration-test/target/test-dir/MiniOzoneClusterImpl-a0d93c8f-3734-4fbb-bc7f-864ab72bb3bf/datanode-5/data/containers/hdds of  storage type : DISK and capacity : 1482555576320
2019-10-02 00:49:29,456 [main] INFO  volume.VolumeSet (VolumeSet.java:initializeVolumeSet(170)) - Added Volume : /workdir/hadoop-ozone/integration-test/target/test-dir/MiniOzoneClusterImpl-a0d93c8f-3734-4fbb-bc7f-864ab72bb3bf/datanode-5/data/containers/hdds to VolumeSet
2019-10-02 00:49:29,456 [main] INFO  volume.ThrottledAsyncChecker (ThrottledAsyncChecker.java:schedule(139)) - Scheduling a check for org.apache.hadoop.ozone.container.common.volume.HddsVolume@497ed877
2019-10-02 00:49:29,456 [main] INFO  volume.HddsVolumeChecker (HddsVolumeChecker.java:checkAllVolumes(202)) - Scheduled health check for volume org.apache.hadoop.ozone.container.common.volume.HddsVolume@497ed877
2019-10-02 00:49:29,469 [main] INFO  impl.RaftServerProxy (ConfUtils.java:logGet(43)) - raft.rpc.type = GRPC (default)
2019-10-02 00:49:29,469 [main] INFO  grpc.GrpcFactory (GrpcFactory.java:checkPooledByteBufAllocatorUseCacheForAllThreads(45)) - PERFORMANCE WARNING: useCacheForAllThreads is true that may cause Netty to create a lot garbage objects and, as a result, trigger GC.
	It is recommended to disable useCacheForAllThreads by setting -Dorg.apache.ratis.thirdparty.io.netty.allocator.useCacheForAllThreads=false in command line.
2019-10-02 00:49:29,470 [main] INFO  grpc.GrpcConfigKeys$Server (ConfUtils.java:logGet(43)) - raft.grpc.server.port = 0 (default)
2019-10-02 00:49:29,470 [main] INFO  server.GrpcService (ConfUtils.java:logGet(43)) - raft.grpc.message.size.max = 33570816 (custom)
2019-10-02 00:49:29,470 [main] INFO  server.RaftServerConfigKeys (ConfUtils.java:logGet(43)) - raft.server.log.appender.buffer.byte-limit = 33554432 (custom)
2019-10-02 00:49:29,470 [main] INFO  server.GrpcService (ConfUtils.java:logGet(43)) - raft.grpc.flow.control.window = 1MB (=1048576) (default)
2019-10-02 00:49:29,470 [main] INFO  server.RaftServerConfigKeys (ConfUtils.java:logGet(43)) - raft.server.rpc.request.timeout = 3000ms (default)
2019-10-02 00:49:29,471 [main] INFO  server.RaftServerConfigKeys (ConfUtils.java:logGet(43)) - raft.server.storage.dir = [/workdir/hadoop-ozone/integration-test/target/test-dir/MiniOzoneClusterImpl-a0d93c8f-3734-4fbb-bc7f-864ab72bb3bf/datanode-5/data/ratis] (custom)
2019-10-02 00:49:29,472 [main] INFO  hdfs.DFSUtil (DFSUtil.java:httpServerTemplateForNNAndJN(1641)) - Starting Web-server for hddsDatanode at: http://0.0.0.0:0
2019-10-02 00:49:29,473 [main] INFO  server.AuthenticationFilter (AuthenticationFilter.java:constructSecretProvider(240)) - Unable to initialize FileSignerSecretProvider, falling back to use random secrets.
2019-10-02 00:49:29,474 [main] WARN  http.HttpRequestLog (HttpRequestLog.java:getRequestLog(97)) - Jetty request log can only be enabled using Log4j
2019-10-02 00:49:29,475 [main] INFO  http.HttpServer2 (HttpServer2.java:addGlobalFilter(975)) - Added global filter 'safety' (class=org.apache.hadoop.http.HttpServer2$QuotingInputFilter)
2019-10-02 00:49:29,475 [main] INFO  http.HttpServer2 (HttpServer2.java:addFilter(948)) - Added filter static_user_filter (class=org.apache.hadoop.http.lib.StaticUserWebFilter$StaticUserFilter) to context hddsDatanode
2019-10-02 00:49:29,475 [main] INFO  http.HttpServer2 (HttpServer2.java:addFilter(958)) - Added filter static_user_filter (class=org.apache.hadoop.http.lib.StaticUserWebFilter$StaticUserFilter) to context logs
2019-10-02 00:49:29,476 [main] INFO  http.HttpServer2 (HttpServer2.java:addFilter(958)) - Added filter static_user_filter (class=org.apache.hadoop.http.lib.StaticUserWebFilter$StaticUserFilter) to context static
2019-10-02 00:49:29,476 [main] INFO  http.HttpServer2 (HttpServer2.java:bindListener(1191)) - Jetty bound to port 38053
2019-10-02 00:49:29,476 [main] INFO  server.Server (Server.java:doStart(351)) - jetty-9.3.25.v20180904, build timestamp: 2018-09-04T21:11:46Z, git hash: 3ce520221d0240229c862b122d2b06c12a625732
2019-10-02 00:49:29,478 [main] INFO  handler.ContextHandler (ContextHandler.java:doStart(781)) - Started o.e.j.s.ServletContextHandler@74a820bf{/logs,file:///workdir/hadoop-ozone/integration-test/target/log,AVAILABLE}
2019-10-02 00:49:29,478 [main] INFO  handler.ContextHandler (ContextHandler.java:doStart(781)) - Started o.e.j.s.ServletContextHandler@4f2ac7e0{/static,jar:file:/home/user/.m2/repository/org/apache/hadoop/hadoop-hdds-container-service/0.5.0-SNAPSHOT/hadoop-hdds-container-service-0.5.0-SNAPSHOT.jar!/webapps/static,AVAILABLE}
2019-10-02 00:49:29,501 [grpc-default-executor-2] WARN  server.GrpcLogAppender (LogUtils.java:warn(134)) - 1a5146b9-310d-447a-8c6c-9bc3e23dff82@group-8FF67FE6C032->9585e4e1-586e-442e-9cea-1465c4d86f2f-AppendLogResponseHandler: Failed appendEntries: org.apache.ratis.thirdparty.io.grpc.StatusRuntimeException: UNAVAILABLE: io exception
2019-10-02 00:49:29,501 [grpc-default-executor-5] WARN  server.GrpcLogAppender (LogUtils.java:warn(134)) - 1a5146b9-310d-447a-8c6c-9bc3e23dff82@group-8FF67FE6C032->f0c86e92-032b-42fd-b9b7-8c6530d6a6ab-AppendLogResponseHandler: Failed appendEntries: org.apache.ratis.thirdparty.io.grpc.StatusRuntimeException: UNAVAILABLE: io exception
2019-10-02 00:49:29,502 [grpc-default-executor-2] INFO  impl.FollowerInfo (FollowerInfo.java:lambda$new$0(51)) - 1a5146b9-310d-447a-8c6c-9bc3e23dff82@group-8FF67FE6C032->9585e4e1-586e-442e-9cea-1465c4d86f2f: nextIndex: updateUnconditionally 0 -> 0
2019-10-02 00:49:29,502 [grpc-default-executor-5] INFO  impl.FollowerInfo (FollowerInfo.java:lambda$new$0(51)) - 1a5146b9-310d-447a-8c6c-9bc3e23dff82@group-8FF67FE6C032->f0c86e92-032b-42fd-b9b7-8c6530d6a6ab: nextIndex: updateUnconditionally 0 -> 0
2019-10-02 00:49:29,505 [main] INFO  handler.ContextHandler (ContextHandler.java:doStart(781)) - Started o.e.j.w.WebAppContext@49232c6f{/,file:///tmp/jetty-0.0.0.0-38053-hddsDatanode-_-any-9059052289057207339.dir/webapp/,AVAILABLE}{/hddsDatanode}
2019-10-02 00:49:29,505 [main] INFO  server.AbstractConnector (AbstractConnector.java:doStart(278)) - Started ServerConnector@5faeeb56{HTTP/1.1,[http/1.1]}{0.0.0.0:38053}
2019-10-02 00:49:29,509 [main] INFO  server.Server (Server.java:doStart(419)) - Started @208681ms
2019-10-02 00:49:29,509 [main] WARN  impl.MetricsSystemImpl (MetricsSystemImpl.java:register(276)) - Sink prometheus already exists!
2019-10-02 00:49:29,510 [main] INFO  server.BaseHttpServer (BaseHttpServer.java:updateConnectorAddress(215)) - HTTP server of HDDSDATANODE is listening at http://0.0.0.0:38053
2019-10-02 00:49:29,510 [main] INFO  impl.MetricsSystemImpl (MetricsSystemImpl.java:init(158)) - HddsDatanode metrics system started (again)
2019-10-02 00:49:29,531 [org.apache.hadoop.util.JvmPauseMonitor$Monitor@3b154aed] INFO  util.JvmPauseMonitor (JvmPauseMonitor.java:run(188)) - Starting JVM pause monitor
2019-10-02 00:49:29,532 [Datanode State Machine Thread - 0] INFO  datanode.InitDatanodeState (InitDatanodeState.java:persistContainerDatanodeDetails(140)) - DatanodeDetails is persisted to /workdir/hadoop-ozone/integration-test/target/test-dir/MiniOzoneClusterImpl-a0d93c8f-3734-4fbb-bc7f-864ab72bb3bf/datanode-5/meta/datanode.id
2019-10-02 00:49:29,533 [main] INFO  ozone.HddsDatanodeService (HddsDatanodeService.java:start(184)) - HddsDatanodeService host:pr-hdds-1984-s47sn-1814639636 ip:192.168.151.67
2019-10-02 00:49:29,543 [main] INFO  volume.HddsVolume (HddsVolume.java:<init>(176)) - Creating Volume: /workdir/hadoop-ozone/integration-test/target/test-dir/MiniOzoneClusterImpl-a0d93c8f-3734-4fbb-bc7f-864ab72bb3bf/datanode-6/data/containers/hdds of  storage type : DISK and capacity : 1482555576320
2019-10-02 00:49:29,543 [main] INFO  volume.VolumeSet (VolumeSet.java:initializeVolumeSet(170)) - Added Volume : /workdir/hadoop-ozone/integration-test/target/test-dir/MiniOzoneClusterImpl-a0d93c8f-3734-4fbb-bc7f-864ab72bb3bf/datanode-6/data/containers/hdds to VolumeSet
2019-10-02 00:49:29,543 [main] INFO  volume.ThrottledAsyncChecker (ThrottledAsyncChecker.java:schedule(139)) - Scheduling a check for org.apache.hadoop.ozone.container.common.volume.HddsVolume@5ca4dce5
2019-10-02 00:49:29,544 [main] INFO  volume.HddsVolumeChecker (HddsVolumeChecker.java:checkAllVolumes(202)) - Scheduled health check for volume org.apache.hadoop.ozone.container.common.volume.HddsVolume@5ca4dce5
2019-10-02 00:49:29,558 [main] INFO  impl.RaftServerProxy (ConfUtils.java:logGet(43)) - raft.rpc.type = GRPC (default)
2019-10-02 00:49:29,558 [main] INFO  grpc.GrpcFactory (GrpcFactory.java:checkPooledByteBufAllocatorUseCacheForAllThreads(45)) - PERFORMANCE WARNING: useCacheForAllThreads is true that may cause Netty to create a lot garbage objects and, as a result, trigger GC.
	It is recommended to disable useCacheForAllThreads by setting -Dorg.apache.ratis.thirdparty.io.netty.allocator.useCacheForAllThreads=false in command line.
2019-10-02 00:49:29,558 [main] INFO  grpc.GrpcConfigKeys$Server (ConfUtils.java:logGet(43)) - raft.grpc.server.port = 0 (default)
2019-10-02 00:49:29,558 [main] INFO  server.GrpcService (ConfUtils.java:logGet(43)) - raft.grpc.message.size.max = 33570816 (custom)
2019-10-02 00:49:29,558 [main] INFO  server.RaftServerConfigKeys (ConfUtils.java:logGet(43)) - raft.server.log.appender.buffer.byte-limit = 33554432 (custom)
2019-10-02 00:49:29,558 [main] INFO  server.GrpcService (ConfUtils.java:logGet(43)) - raft.grpc.flow.control.window = 1MB (=1048576) (default)
2019-10-02 00:49:29,559 [main] INFO  server.RaftServerConfigKeys (ConfUtils.java:logGet(43)) - raft.server.rpc.request.timeout = 3000ms (default)
2019-10-02 00:49:29,559 [main] INFO  server.RaftServerConfigKeys (ConfUtils.java:logGet(43)) - raft.server.storage.dir = [/workdir/hadoop-ozone/integration-test/target/test-dir/MiniOzoneClusterImpl-a0d93c8f-3734-4fbb-bc7f-864ab72bb3bf/datanode-6/data/ratis] (custom)
2019-10-02 00:49:29,560 [main] INFO  hdfs.DFSUtil (DFSUtil.java:httpServerTemplateForNNAndJN(1641)) - Starting Web-server for hddsDatanode at: http://0.0.0.0:0
2019-10-02 00:49:29,561 [main] INFO  server.AuthenticationFilter (AuthenticationFilter.java:constructSecretProvider(240)) - Unable to initialize FileSignerSecretProvider, falling back to use random secrets.
2019-10-02 00:49:29,562 [main] WARN  http.HttpRequestLog (HttpRequestLog.java:getRequestLog(97)) - Jetty request log can only be enabled using Log4j
2019-10-02 00:49:29,563 [main] INFO  http.HttpServer2 (HttpServer2.java:addGlobalFilter(975)) - Added global filter 'safety' (class=org.apache.hadoop.http.HttpServer2$QuotingInputFilter)
2019-10-02 00:49:29,563 [main] INFO  http.HttpServer2 (HttpServer2.java:addFilter(948)) - Added filter static_user_filter (class=org.apache.hadoop.http.lib.StaticUserWebFilter$StaticUserFilter) to context hddsDatanode
2019-10-02 00:49:29,564 [main] INFO  http.HttpServer2 (HttpServer2.java:addFilter(958)) - Added filter static_user_filter (class=org.apache.hadoop.http.lib.StaticUserWebFilter$StaticUserFilter) to context logs
2019-10-02 00:49:29,564 [main] INFO  http.HttpServer2 (HttpServer2.java:addFilter(958)) - Added filter static_user_filter (class=org.apache.hadoop.http.lib.StaticUserWebFilter$StaticUserFilter) to context static
2019-10-02 00:49:29,564 [main] INFO  http.HttpServer2 (HttpServer2.java:bindListener(1191)) - Jetty bound to port 35126
2019-10-02 00:49:29,564 [main] INFO  server.Server (Server.java:doStart(351)) - jetty-9.3.25.v20180904, build timestamp: 2018-09-04T21:11:46Z, git hash: 3ce520221d0240229c862b122d2b06c12a625732
2019-10-02 00:49:29,566 [main] INFO  handler.ContextHandler (ContextHandler.java:doStart(781)) - Started o.e.j.s.ServletContextHandler@4a22e4d7{/logs,file:///workdir/hadoop-ozone/integration-test/target/log,AVAILABLE}
2019-10-02 00:49:29,567 [main] INFO  handler.ContextHandler (ContextHandler.java:doStart(781)) - Started o.e.j.s.ServletContextHandler@16681017{/static,jar:file:/home/user/.m2/repository/org/apache/hadoop/hadoop-hdds-container-service/0.5.0-SNAPSHOT/hadoop-hdds-container-service-0.5.0-SNAPSHOT.jar!/webapps/static,AVAILABLE}
2019-10-02 00:49:29,599 [main] INFO  handler.ContextHandler (ContextHandler.java:doStart(781)) - Started o.e.j.w.WebAppContext@48499739{/,file:///tmp/jetty-0.0.0.0-35126-hddsDatanode-_-any-277840518950020198.dir/webapp/,AVAILABLE}{/hddsDatanode}
2019-10-02 00:49:29,600 [main] INFO  server.AbstractConnector (AbstractConnector.java:doStart(278)) - Started ServerConnector@723742b2{HTTP/1.1,[http/1.1]}{0.0.0.0:35126}
2019-10-02 00:49:29,604 [main] INFO  server.Server (Server.java:doStart(419)) - Started @208776ms
2019-10-02 00:49:29,604 [main] WARN  impl.MetricsSystemImpl (MetricsSystemImpl.java:register(276)) - Sink prometheus already exists!
2019-10-02 00:49:29,605 [main] INFO  server.BaseHttpServer (BaseHttpServer.java:updateConnectorAddress(215)) - HTTP server of HDDSDATANODE is listening at http://0.0.0.0:35126
2019-10-02 00:49:29,605 [main] INFO  ozone.MiniOzoneClusterImpl (MiniOzoneClusterImpl.java:lambda$waitForClusterToBeReady$0(147)) - Waiting for cluster to be ready. Got 0 of 7 DN Heartbeats.
2019-10-02 00:49:29,606 [org.apache.hadoop.util.JvmPauseMonitor$Monitor@57f40aaa] INFO  util.JvmPauseMonitor (JvmPauseMonitor.java:run(188)) - Starting JVM pause monitor
2019-10-02 00:49:29,607 [Datanode State Machine Thread - 0] INFO  datanode.InitDatanodeState (InitDatanodeState.java:persistContainerDatanodeDetails(140)) - DatanodeDetails is persisted to /workdir/hadoop-ozone/integration-test/target/test-dir/MiniOzoneClusterImpl-a0d93c8f-3734-4fbb-bc7f-864ab72bb3bf/datanode-6/meta/datanode.id
2019-10-02 00:49:30,605 [main] INFO  ozone.MiniOzoneClusterImpl (MiniOzoneClusterImpl.java:lambda$waitForClusterToBeReady$0(147)) - Waiting for cluster to be ready. Got 0 of 7 DN Heartbeats.
2019-10-02 00:49:31,169 [Datanode State Machine Thread - 0] INFO  ozoneimpl.OzoneContainer (OzoneContainer.java:start(217)) - Attempting to start container services.
2019-10-02 00:49:31,169 [Datanode State Machine Thread - 0] INFO  ozoneimpl.OzoneContainer (OzoneContainer.java:startContainerScrub(179)) - Background container scanner has been disabled.
2019-10-02 00:49:31,169 [Datanode State Machine Thread - 0] INFO  ratis.XceiverServerRatis (XceiverServerRatis.java:start(417)) - Starting XceiverServerRatis 9fea9e3e-38e1-4c63-b169-88a1e5dd4413 at port 0
2019-10-02 00:49:31,180 [Datanode State Machine Thread - 0] INFO  impl.RaftServerProxy (RaftServerProxy.java:lambda$start$3(299)) - 9fea9e3e-38e1-4c63-b169-88a1e5dd4413: start RPC server
2019-10-02 00:49:31,184 [Datanode State Machine Thread - 0] INFO  server.GrpcService (GrpcService.java:startImpl(158)) - 9fea9e3e-38e1-4c63-b169-88a1e5dd4413: GrpcService started, listening on 0.0.0.0/0.0.0.0:46552
2019-10-02 00:49:31,184 [Datanode State Machine Thread - 0] INFO  ratis.XceiverServerRatis (XceiverServerRatis.java:start(427)) - XceiverServerRatis 9fea9e3e-38e1-4c63-b169-88a1e5dd4413 is started using port 46552
2019-10-02 00:49:31,189 [Datanode State Machine Thread - 0] INFO  server.XceiverServerGrpc (XceiverServerGrpc.java:start(149)) - XceiverServerGrpc 9fea9e3e-38e1-4c63-b169-88a1e5dd4413 is started using port 35606
2019-10-02 00:49:31,213 [Datanode State Machine Thread - 0] INFO  ozoneimpl.OzoneContainer (OzoneContainer.java:start(217)) - Attempting to start container services.
2019-10-02 00:49:31,213 [Datanode State Machine Thread - 0] INFO  ozoneimpl.OzoneContainer (OzoneContainer.java:startContainerScrub(179)) - Background container scanner has been disabled.
2019-10-02 00:49:31,213 [Datanode State Machine Thread - 0] INFO  ratis.XceiverServerRatis (XceiverServerRatis.java:start(417)) - Starting XceiverServerRatis 4cb12814-4d04-44fb-9fee-a7f7e7712377 at port 0
2019-10-02 00:49:31,220 [Datanode State Machine Thread - 0] INFO  impl.RaftServerProxy (RaftServerProxy.java:lambda$start$3(299)) - 4cb12814-4d04-44fb-9fee-a7f7e7712377: start RPC server
2019-10-02 00:49:31,223 [Datanode State Machine Thread - 0] INFO  server.GrpcService (GrpcService.java:startImpl(158)) - 4cb12814-4d04-44fb-9fee-a7f7e7712377: GrpcService started, listening on 0.0.0.0/0.0.0.0:44821
2019-10-02 00:49:31,223 [Datanode State Machine Thread - 0] INFO  ratis.XceiverServerRatis (XceiverServerRatis.java:start(427)) - XceiverServerRatis 4cb12814-4d04-44fb-9fee-a7f7e7712377 is started using port 44821
2019-10-02 00:49:31,224 [Datanode State Machine Thread - 0] INFO  server.XceiverServerGrpc (XceiverServerGrpc.java:start(149)) - XceiverServerGrpc 4cb12814-4d04-44fb-9fee-a7f7e7712377 is started using port 45384
2019-10-02 00:49:31,287 [Datanode State Machine Thread - 0] INFO  ozoneimpl.OzoneContainer (OzoneContainer.java:start(217)) - Attempting to start container services.
2019-10-02 00:49:31,287 [Datanode State Machine Thread - 0] INFO  ozoneimpl.OzoneContainer (OzoneContainer.java:startContainerScrub(179)) - Background container scanner has been disabled.
2019-10-02 00:49:31,287 [Datanode State Machine Thread - 0] INFO  ratis.XceiverServerRatis (XceiverServerRatis.java:start(417)) - Starting XceiverServerRatis 0f668ae3-b92a-4aae-8242-ea0bc1bca92c at port 0
2019-10-02 00:49:31,294 [Datanode State Machine Thread - 0] INFO  impl.RaftServerProxy (RaftServerProxy.java:lambda$start$3(299)) - 0f668ae3-b92a-4aae-8242-ea0bc1bca92c: start RPC server
2019-10-02 00:49:31,294 [Datanode State Machine Thread - 0] INFO  server.GrpcService (GrpcService.java:startImpl(158)) - 0f668ae3-b92a-4aae-8242-ea0bc1bca92c: GrpcService started, listening on 0.0.0.0/0.0.0.0:45802
2019-10-02 00:49:31,294 [Datanode State Machine Thread - 0] INFO  ratis.XceiverServerRatis (XceiverServerRatis.java:start(427)) - XceiverServerRatis 0f668ae3-b92a-4aae-8242-ea0bc1bca92c is started using port 45802
2019-10-02 00:49:31,295 [Datanode State Machine Thread - 0] INFO  server.XceiverServerGrpc (XceiverServerGrpc.java:start(149)) - XceiverServerGrpc 0f668ae3-b92a-4aae-8242-ea0bc1bca92c is started using port 37321
2019-10-02 00:49:31,374 [Datanode State Machine Thread - 0] INFO  ozoneimpl.OzoneContainer (OzoneContainer.java:start(217)) - Attempting to start container services.
2019-10-02 00:49:31,375 [Datanode State Machine Thread - 0] INFO  ozoneimpl.OzoneContainer (OzoneContainer.java:startContainerScrub(179)) - Background container scanner has been disabled.
2019-10-02 00:49:31,376 [Datanode State Machine Thread - 0] INFO  ratis.XceiverServerRatis (XceiverServerRatis.java:start(417)) - Starting XceiverServerRatis 62d60dec-38f5-4493-8322-d0d86b92da7b at port 0
2019-10-02 00:49:31,384 [Datanode State Machine Thread - 0] INFO  impl.RaftServerProxy (RaftServerProxy.java:lambda$start$3(299)) - 62d60dec-38f5-4493-8322-d0d86b92da7b: start RPC server
2019-10-02 00:49:31,386 [Datanode State Machine Thread - 0] INFO  server.GrpcService (GrpcService.java:startImpl(158)) - 62d60dec-38f5-4493-8322-d0d86b92da7b: GrpcService started, listening on 0.0.0.0/0.0.0.0:41122
2019-10-02 00:49:31,386 [Datanode State Machine Thread - 0] INFO  ratis.XceiverServerRatis (XceiverServerRatis.java:start(427)) - XceiverServerRatis 62d60dec-38f5-4493-8322-d0d86b92da7b is started using port 41122
2019-10-02 00:49:31,390 [Datanode State Machine Thread - 0] INFO  server.XceiverServerGrpc (XceiverServerGrpc.java:start(149)) - XceiverServerGrpc 62d60dec-38f5-4493-8322-d0d86b92da7b is started using port 40439
2019-10-02 00:49:31,463 [Datanode State Machine Thread - 0] INFO  ozoneimpl.OzoneContainer (OzoneContainer.java:start(217)) - Attempting to start container services.
2019-10-02 00:49:31,463 [Datanode State Machine Thread - 0] INFO  ozoneimpl.OzoneContainer (OzoneContainer.java:startContainerScrub(179)) - Background container scanner has been disabled.
2019-10-02 00:49:31,463 [Datanode State Machine Thread - 0] INFO  ratis.XceiverServerRatis (XceiverServerRatis.java:start(417)) - Starting XceiverServerRatis 9dde2aa1-51a5-4635-b482-df1a1d0eee24 at port 0
2019-10-02 00:49:31,471 [Datanode State Machine Thread - 0] INFO  impl.RaftServerProxy (RaftServerProxy.java:lambda$start$3(299)) - 9dde2aa1-51a5-4635-b482-df1a1d0eee24: start RPC server
2019-10-02 00:49:31,475 [Datanode State Machine Thread - 0] INFO  server.GrpcService (GrpcService.java:startImpl(158)) - 9dde2aa1-51a5-4635-b482-df1a1d0eee24: GrpcService started, listening on 0.0.0.0/0.0.0.0:36500
2019-10-02 00:49:31,475 [Datanode State Machine Thread - 0] INFO  ratis.XceiverServerRatis (XceiverServerRatis.java:start(427)) - XceiverServerRatis 9dde2aa1-51a5-4635-b482-df1a1d0eee24 is started using port 36500
2019-10-02 00:49:31,479 [Datanode State Machine Thread - 0] INFO  server.XceiverServerGrpc (XceiverServerGrpc.java:start(149)) - XceiverServerGrpc 9dde2aa1-51a5-4635-b482-df1a1d0eee24 is started using port 35375
2019-10-02 00:49:31,544 [Datanode State Machine Thread - 0] INFO  ozoneimpl.OzoneContainer (OzoneContainer.java:start(217)) - Attempting to start container services.
2019-10-02 00:49:31,545 [Datanode State Machine Thread - 0] INFO  ozoneimpl.OzoneContainer (OzoneContainer.java:startContainerScrub(179)) - Background container scanner has been disabled.
2019-10-02 00:49:31,545 [Datanode State Machine Thread - 0] INFO  ratis.XceiverServerRatis (XceiverServerRatis.java:start(417)) - Starting XceiverServerRatis ffe16471-5a54-4722-82a2-96df65f2e972 at port 0
2019-10-02 00:49:31,552 [Datanode State Machine Thread - 0] INFO  impl.RaftServerProxy (RaftServerProxy.java:lambda$start$3(299)) - ffe16471-5a54-4722-82a2-96df65f2e972: start RPC server
2019-10-02 00:49:31,553 [Datanode State Machine Thread - 0] INFO  server.GrpcService (GrpcService.java:startImpl(158)) - ffe16471-5a54-4722-82a2-96df65f2e972: GrpcService started, listening on 0.0.0.0/0.0.0.0:39030
2019-10-02 00:49:31,553 [Datanode State Machine Thread - 0] INFO  ratis.XceiverServerRatis (XceiverServerRatis.java:start(427)) - XceiverServerRatis ffe16471-5a54-4722-82a2-96df65f2e972 is started using port 39030
2019-10-02 00:49:31,553 [Datanode State Machine Thread - 0] INFO  server.XceiverServerGrpc (XceiverServerGrpc.java:start(149)) - XceiverServerGrpc ffe16471-5a54-4722-82a2-96df65f2e972 is started using port 44068
2019-10-02 00:49:31,606 [main] INFO  ozone.MiniOzoneClusterImpl (MiniOzoneClusterImpl.java:lambda$waitForClusterToBeReady$0(147)) - Waiting for cluster to be ready. Got 0 of 7 DN Heartbeats.
2019-10-02 00:49:31,623 [Datanode State Machine Thread - 0] INFO  ozoneimpl.OzoneContainer (OzoneContainer.java:start(217)) - Attempting to start container services.
2019-10-02 00:49:31,624 [Datanode State Machine Thread - 0] INFO  ozoneimpl.OzoneContainer (OzoneContainer.java:startContainerScrub(179)) - Background container scanner has been disabled.
2019-10-02 00:49:31,624 [Datanode State Machine Thread - 0] INFO  ratis.XceiverServerRatis (XceiverServerRatis.java:start(417)) - Starting XceiverServerRatis c7698d6c-18b7-4e52-9b4e-63b2a0c22a5e at port 0
2019-10-02 00:49:31,632 [Datanode State Machine Thread - 0] INFO  impl.RaftServerProxy (RaftServerProxy.java:lambda$start$3(299)) - c7698d6c-18b7-4e52-9b4e-63b2a0c22a5e: start RPC server
2019-10-02 00:49:31,633 [Datanode State Machine Thread - 0] INFO  server.GrpcService (GrpcService.java:startImpl(158)) - c7698d6c-18b7-4e52-9b4e-63b2a0c22a5e: GrpcService started, listening on 0.0.0.0/0.0.0.0:44661
2019-10-02 00:49:31,633 [Datanode State Machine Thread - 0] INFO  ratis.XceiverServerRatis (XceiverServerRatis.java:start(427)) - XceiverServerRatis c7698d6c-18b7-4e52-9b4e-63b2a0c22a5e is started using port 44661
2019-10-02 00:49:31,655 [Datanode State Machine Thread - 0] INFO  server.XceiverServerGrpc (XceiverServerGrpc.java:start(149)) - XceiverServerGrpc c7698d6c-18b7-4e52-9b4e-63b2a0c22a5e is started using port 37072
2019-10-02 00:49:32,005 [grpc-default-executor-2] WARN  server.GrpcLogAppender (LogUtils.java:warn(134)) - 1a5146b9-310d-447a-8c6c-9bc3e23dff82@group-8FF67FE6C032->9585e4e1-586e-442e-9cea-1465c4d86f2f-AppendLogResponseHandler: Failed appendEntries: org.apache.ratis.thirdparty.io.grpc.StatusRuntimeException: UNAVAILABLE: io exception
2019-10-02 00:49:32,005 [grpc-default-executor-5] WARN  server.GrpcLogAppender (LogUtils.java:warn(134)) - 1a5146b9-310d-447a-8c6c-9bc3e23dff82@group-8FF67FE6C032->f0c86e92-032b-42fd-b9b7-8c6530d6a6ab-AppendLogResponseHandler: Failed appendEntries: org.apache.ratis.thirdparty.io.grpc.StatusRuntimeException: UNAVAILABLE: io exception
2019-10-02 00:49:32,006 [grpc-default-executor-2] INFO  impl.FollowerInfo (FollowerInfo.java:lambda$new$0(51)) - 1a5146b9-310d-447a-8c6c-9bc3e23dff82@group-8FF67FE6C032->9585e4e1-586e-442e-9cea-1465c4d86f2f: nextIndex: updateUnconditionally 0 -> 0
2019-10-02 00:49:32,006 [grpc-default-executor-5] INFO  impl.FollowerInfo (FollowerInfo.java:lambda$new$0(51)) - 1a5146b9-310d-447a-8c6c-9bc3e23dff82@group-8FF67FE6C032->f0c86e92-032b-42fd-b9b7-8c6530d6a6ab: nextIndex: updateUnconditionally 0 -> 0
2019-10-02 00:49:32,607 [main] INFO  ozone.MiniOzoneClusterImpl (MiniOzoneClusterImpl.java:lambda$waitForClusterToBeReady$0(147)) - Waiting for cluster to be ready. Got 0 of 7 DN Heartbeats.
2019-10-02 00:49:33,114 [IPC Server handler 5 on 40789] INFO  net.NetworkTopology (NetworkTopologyImpl.java:add(111)) - Added a new node: /default-rack/9fea9e3e-38e1-4c63-b169-88a1e5dd4413
2019-10-02 00:49:33,118 [IPC Server handler 5 on 40789] INFO  node.SCMNodeManager (SCMNodeManager.java:register(266)) - Registered Data node : 9fea9e3e-38e1-4c63-b169-88a1e5dd4413{ip: 192.168.151.67, host: pr-hdds-1984-s47sn-1814639636, networkLocation: /default-rack, certSerialId: null}
2019-10-02 00:49:33,119 [EventQueue-NodeRegistrationContainerReportForDataNodeSafeModeRule] INFO  safemode.SCMSafeModeManager (DataNodeSafeModeRule.java:process(71)) - SCM in safe mode. 1 DataNodes registered, 1 required.
2019-10-02 00:49:33,123 [EventQueue-NodeRegistrationContainerReportForDataNodeSafeModeRule] INFO  safemode.SCMSafeModeManager (SCMSafeModeManager.java:validateSafeModeExitRules(177)) - ScmSafeModeManager, all rules are successfully validated
2019-10-02 00:49:33,123 [EventQueue-NodeRegistrationContainerReportForDataNodeSafeModeRule] INFO  safemode.SCMSafeModeManager (SCMSafeModeManager.java:exitSafeMode(193)) - SCM exiting safe mode.
2019-10-02 00:49:33,135 [grpc-default-executor-2] INFO  impl.RaftServerProxy (RaftServerProxy.java:addNew(89)) - 9fea9e3e-38e1-4c63-b169-88a1e5dd4413: addNew group-85461CFB8098:[9fea9e3e-38e1-4c63-b169-88a1e5dd4413:192.168.151.67:46552] returns group-85461CFB8098:java.util.concurrent.CompletableFuture@8a4e6d8[Not completed]
2019-10-02 00:49:33,138 [pool-383-thread-1] INFO  impl.RaftServerImpl (RaftServerImpl.java:<init>(95)) - 9fea9e3e-38e1-4c63-b169-88a1e5dd4413: new RaftServerImpl for group-85461CFB8098:[9fea9e3e-38e1-4c63-b169-88a1e5dd4413:192.168.151.67:46552] with ContainerStateMachine:uninitialized
2019-10-02 00:49:33,138 [pool-383-thread-1] INFO  server.RaftServerConfigKeys (ConfUtils.java:logGet(43)) - raft.server.rpc.timeout.min = 5s (custom)
2019-10-02 00:49:33,139 [pool-383-thread-1] INFO  server.RaftServerConfigKeys (ConfUtils.java:logGet(43)) - raft.server.rpc.timeout.max = 5200ms (custom)
2019-10-02 00:49:33,139 [pool-383-thread-1] INFO  server.RaftServerConfigKeys (ConfUtils.java:logGet(43)) - raft.server.rpcslowness.timeout = 120s (custom)
2019-10-02 00:49:33,139 [pool-383-thread-1] INFO  server.RaftServerConfigKeys (ConfUtils.java:logGet(43)) - raft.server.sleep.deviation.threshold = 300 (default)
2019-10-02 00:49:33,139 [pool-383-thread-1] INFO  server.RaftServerConfigKeys (ConfUtils.java:logGet(43)) - raft.server.log.appender.install.snapshot.enabled = false (custom)
2019-10-02 00:49:33,139 [pool-383-thread-1] INFO  impl.RaftServerImpl (ServerState.java:<init>(103)) - 9fea9e3e-38e1-4c63-b169-88a1e5dd4413@group-85461CFB8098: ConfigurationManager, init=-1: [9fea9e3e-38e1-4c63-b169-88a1e5dd4413:192.168.151.67:46552], old=null, confs=<EMPTY_MAP>
2019-10-02 00:49:33,139 [pool-383-thread-1] INFO  server.RaftServerConfigKeys (ConfUtils.java:logGet(43)) - raft.server.storage.dir = [/workdir/hadoop-ozone/integration-test/target/test-dir/MiniOzoneClusterImpl-a0d93c8f-3734-4fbb-bc7f-864ab72bb3bf/datanode-0/data/ratis] (custom)
2019-10-02 00:49:33,140 [pool-383-thread-1] INFO  server.RaftServerConfigKeys (ConfUtils.java:logGet(43)) - raft.server.log.corruption.policy = EXCEPTION (default)
2019-10-02 00:49:33,140 [pool-383-thread-1] INFO  storage.RaftStorageDirectory (RaftStorageDirectory.java:analyzeStorage(246)) - The storage directory /workdir/hadoop-ozone/integration-test/target/test-dir/MiniOzoneClusterImpl-a0d93c8f-3734-4fbb-bc7f-864ab72bb3bf/datanode-0/data/ratis/ab339824-c846-431f-8eb9-85461cfb8098 does not exist. Creating ...
2019-10-02 00:49:33,154 [pool-383-thread-1] INFO  storage.RaftStorageDirectory (RaftStorageDirectory.java:tryLock(328)) - Lock on /workdir/hadoop-ozone/integration-test/target/test-dir/MiniOzoneClusterImpl-a0d93c8f-3734-4fbb-bc7f-864ab72bb3bf/datanode-0/data/ratis/ab339824-c846-431f-8eb9-85461cfb8098/in_use.lock acquired by nodename 25347@pr-hdds-1984-s47sn-1814639636
2019-10-02 00:49:33,167 [pool-383-thread-1] INFO  storage.RaftStorage (RaftStorage.java:format(84)) - Storage directory /workdir/hadoop-ozone/integration-test/target/test-dir/MiniOzoneClusterImpl-a0d93c8f-3734-4fbb-bc7f-864ab72bb3bf/datanode-0/data/ratis/ab339824-c846-431f-8eb9-85461cfb8098 has been successfully formatted.
2019-10-02 00:49:33,167 [pool-383-thread-1] INFO  ratis.ContainerStateMachine (ContainerStateMachine.java:loadSnapshot(230)) - group-85461CFB8098: The snapshot info is null. Setting the last applied indexto:(t:0, i:~)
2019-10-02 00:49:33,167 [pool-383-thread-1] INFO  server.RaftServerConfigKeys (ConfUtils.java:logGet(43)) - raft.server.notification.no-leader.timeout = 120s (custom)
2019-10-02 00:49:33,167 [pool-383-thread-1] INFO  server.RaftServerConfigKeys (ConfUtils.java:logGet(43)) - raft.server.log.use.memory = false (default)
2019-10-02 00:49:33,167 [pool-383-thread-1] INFO  server.RaftServerConfigKeys (ConfUtils.java:logGet(43)) - raft.server.log.purge.gap = 1000000 (custom)
2019-10-02 00:49:33,168 [pool-383-thread-1] INFO  server.RaftServerConfigKeys (ConfUtils.java:logGet(43)) - raft.server.log.appender.buffer.byte-limit = 33554432 (custom)
2019-10-02 00:49:33,168 [pool-383-thread-1] INFO  server.RaftServerConfigKeys (ConfUtils.java:logGet(43)) - raft.server.log.segment.size.max = 1048576 (custom)
2019-10-02 00:49:33,170 [pool-383-thread-1] INFO  server.RaftServerConfigKeys (ConfUtils.java:logGet(43)) - raft.server.log.segment.cache.num.max = 2 (custom)
2019-10-02 00:49:33,170 [pool-383-thread-1] INFO  segmented.SegmentedRaftLogWorker (SegmentedRaftLogWorker.java:<init>(173)) - new 9fea9e3e-38e1-4c63-b169-88a1e5dd4413@group-85461CFB8098-SegmentedRaftLogWorker for RaftStorage:Storage Directory /workdir/hadoop-ozone/integration-test/target/test-dir/MiniOzoneClusterImpl-a0d93c8f-3734-4fbb-bc7f-864ab72bb3bf/datanode-0/data/ratis/ab339824-c846-431f-8eb9-85461cfb8098
2019-10-02 00:49:33,170 [pool-383-thread-1] INFO  server.RaftServerConfigKeys (ConfUtils.java:logGet(43)) - raft.server.log.queue.byte-limit = 2147483647 (custom)
2019-10-02 00:49:33,170 [pool-383-thread-1] INFO  server.RaftServerConfigKeys (ConfUtils.java:logGet(43)) - raft.server.log.queue.element-limit = 1024 (custom)
2019-10-02 00:49:33,171 [pool-383-thread-1] INFO  server.RaftServerConfigKeys (ConfUtils.java:logGet(43)) - raft.server.log.segment.size.max = 1048576 (custom)
2019-10-02 00:49:33,171 [pool-383-thread-1] INFO  server.RaftServerConfigKeys (ConfUtils.java:logGet(43)) - raft.server.log.preallocated.size = 16384 (custom)
2019-10-02 00:49:33,171 [pool-383-thread-1] INFO  server.RaftServerConfigKeys (ConfUtils.java:logGet(43)) - raft.server.log.write.buffer.size = 33554432 (custom)
2019-10-02 00:49:33,171 [pool-383-thread-1] INFO  server.RaftServerConfigKeys (ConfUtils.java:logGet(43)) - raft.server.log.force.sync.num = 128 (default)
2019-10-02 00:49:33,171 [pool-383-thread-1] INFO  server.RaftServerConfigKeys (ConfUtils.java:logGet(43)) - raft.server.log.statemachine.data.sync = true (default)
2019-10-02 00:49:33,171 [pool-383-thread-1] INFO  server.RaftServerConfigKeys (ConfUtils.java:logGet(43)) - raft.server.log.statemachine.data.sync.timeout = 10s (default)
2019-10-02 00:49:33,172 [pool-383-thread-1] INFO  server.RaftServerConfigKeys (ConfUtils.java:logGet(43)) - raft.server.log.statemachine.data.sync.timeout.retry = -1 (default)
2019-10-02 00:49:33,172 [pool-383-thread-1] INFO  server.RaftServerConfigKeys (ConfUtils.java:logGet(43)) - raft.server.log.statemachine.data.caching.enabled = true (custom)
2019-10-02 00:49:33,173 [pool-383-thread-1] INFO  segmented.SegmentedRaftLogWorker (SegmentedRaftLogWorker.java:lambda$new$0(128)) - 9fea9e3e-38e1-4c63-b169-88a1e5dd4413@group-85461CFB8098-SegmentedRaftLogWorker: flushIndex: setUnconditionally 0 -> -1
2019-10-02 00:49:33,173 [pool-383-thread-1] INFO  server.RaftServerConfigKeys (ConfUtils.java:logGet(43)) - raft.server.snapshot.auto.trigger.enabled = true (custom)
2019-10-02 00:49:33,173 [pool-383-thread-1] INFO  server.RaftServerConfigKeys (ConfUtils.java:logGet(43)) - raft.server.snapshot.auto.trigger.threshold = 10000 (custom)
2019-10-02 00:49:33,173 [pool-383-thread-1] INFO  server.RaftServerConfigKeys (ConfUtils.java:logGet(43)) - raft.server.snapshot.retention.file.num = 5 (custom)
2019-10-02 00:49:33,174 [pool-383-thread-1] INFO  server.RaftServerConfigKeys (ConfUtils.java:logGet(43)) - raft.server.retrycache.expirytime = 600000ms (custom)
2019-10-02 00:49:33,175 [pool-383-thread-1] INFO  impl.RaftServerImpl (RaftServerImpl.java:start(181)) - 9fea9e3e-38e1-4c63-b169-88a1e5dd4413@group-85461CFB8098: start as a follower, conf=-1: [9fea9e3e-38e1-4c63-b169-88a1e5dd4413:192.168.151.67:46552], old=null
2019-10-02 00:49:33,175 [pool-383-thread-1] INFO  impl.RaftServerImpl (RaftServerImpl.java:setRole(170)) - 9fea9e3e-38e1-4c63-b169-88a1e5dd4413@group-85461CFB8098: changes role from      null to FOLLOWER at term 0 for startAsFollower
2019-10-02 00:49:33,176 [pool-383-thread-1] INFO  impl.RoleInfo (RoleInfo.java:updateAndGet(143)) - 9fea9e3e-38e1-4c63-b169-88a1e5dd4413: start FollowerState
2019-10-02 00:49:33,176 [pool-383-thread-1] INFO  util.JmxRegister (JmxRegister.java:tryRegister(44)) - Successfully registered JMX Bean with object name Ratis:service=RaftServer,group=group-85461CFB8098,id=9fea9e3e-38e1-4c63-b169-88a1e5dd4413
2019-10-02 00:49:33,181 [RatisPipelineUtilsThread] INFO  pipeline.PipelineStateManager (PipelineStateManager.java:addPipeline(56)) - Created pipeline Pipeline[ Id: ab339824-c846-431f-8eb9-85461cfb8098, Nodes: 9fea9e3e-38e1-4c63-b169-88a1e5dd4413{ip: 192.168.151.67, host: pr-hdds-1984-s47sn-1814639636, networkLocation: /default-rack, certSerialId: null}, Type:RATIS, Factor:ONE, State:OPEN]
2019-10-02 00:49:33,190 [IPC Server handler 7 on 40789] INFO  net.NetworkTopology (NetworkTopologyImpl.java:add(111)) - Added a new node: /default-rack/4cb12814-4d04-44fb-9fee-a7f7e7712377
2019-10-02 00:49:33,190 [IPC Server handler 7 on 40789] INFO  node.SCMNodeManager (SCMNodeManager.java:register(266)) - Registered Data node : 4cb12814-4d04-44fb-9fee-a7f7e7712377{ip: 192.168.151.67, host: pr-hdds-1984-s47sn-1814639636, networkLocation: /default-rack, certSerialId: null}
2019-10-02 00:49:33,198 [grpc-default-executor-2] INFO  impl.RaftServerProxy (RaftServerProxy.java:addNew(89)) - 4cb12814-4d04-44fb-9fee-a7f7e7712377: addNew group-BBF51C85E97A:[4cb12814-4d04-44fb-9fee-a7f7e7712377:192.168.151.67:44821] returns group-BBF51C85E97A:java.util.concurrent.CompletableFuture@3a32baa5[Not completed]
2019-10-02 00:49:33,200 [pool-393-thread-1] INFO  impl.RaftServerImpl (RaftServerImpl.java:<init>(95)) - 4cb12814-4d04-44fb-9fee-a7f7e7712377: new RaftServerImpl for group-BBF51C85E97A:[4cb12814-4d04-44fb-9fee-a7f7e7712377:192.168.151.67:44821] with ContainerStateMachine:uninitialized
2019-10-02 00:49:33,200 [pool-393-thread-1] INFO  server.RaftServerConfigKeys (ConfUtils.java:logGet(43)) - raft.server.rpc.timeout.min = 5s (custom)
2019-10-02 00:49:33,200 [pool-393-thread-1] INFO  server.RaftServerConfigKeys (ConfUtils.java:logGet(43)) - raft.server.rpc.timeout.max = 5200ms (custom)
2019-10-02 00:49:33,200 [pool-393-thread-1] INFO  server.RaftServerConfigKeys (ConfUtils.java:logGet(43)) - raft.server.rpcslowness.timeout = 120s (custom)
2019-10-02 00:49:33,200 [pool-393-thread-1] INFO  server.RaftServerConfigKeys (ConfUtils.java:logGet(43)) - raft.server.sleep.deviation.threshold = 300 (default)
2019-10-02 00:49:33,200 [pool-393-thread-1] INFO  server.RaftServerConfigKeys (ConfUtils.java:logGet(43)) - raft.server.log.appender.install.snapshot.enabled = false (custom)
2019-10-02 00:49:33,200 [pool-393-thread-1] INFO  impl.RaftServerImpl (ServerState.java:<init>(103)) - 4cb12814-4d04-44fb-9fee-a7f7e7712377@group-BBF51C85E97A: ConfigurationManager, init=-1: [4cb12814-4d04-44fb-9fee-a7f7e7712377:192.168.151.67:44821], old=null, confs=<EMPTY_MAP>
2019-10-02 00:49:33,200 [pool-393-thread-1] INFO  server.RaftServerConfigKeys (ConfUtils.java:logGet(43)) - raft.server.storage.dir = [/workdir/hadoop-ozone/integration-test/target/test-dir/MiniOzoneClusterImpl-a0d93c8f-3734-4fbb-bc7f-864ab72bb3bf/datanode-1/data/ratis] (custom)
2019-10-02 00:49:33,201 [pool-393-thread-1] INFO  server.RaftServerConfigKeys (ConfUtils.java:logGet(43)) - raft.server.log.corruption.policy = EXCEPTION (default)
2019-10-02 00:49:33,201 [pool-393-thread-1] INFO  storage.RaftStorageDirectory (RaftStorageDirectory.java:analyzeStorage(246)) - The storage directory /workdir/hadoop-ozone/integration-test/target/test-dir/MiniOzoneClusterImpl-a0d93c8f-3734-4fbb-bc7f-864ab72bb3bf/datanode-1/data/ratis/c9a07442-3f75-47b0-b100-bbf51c85e97a does not exist. Creating ...
2019-10-02 00:49:33,214 [pool-393-thread-1] INFO  storage.RaftStorageDirectory (RaftStorageDirectory.java:tryLock(328)) - Lock on /workdir/hadoop-ozone/integration-test/target/test-dir/MiniOzoneClusterImpl-a0d93c8f-3734-4fbb-bc7f-864ab72bb3bf/datanode-1/data/ratis/c9a07442-3f75-47b0-b100-bbf51c85e97a/in_use.lock acquired by nodename 25347@pr-hdds-1984-s47sn-1814639636
2019-10-02 00:49:33,226 [pool-393-thread-1] INFO  storage.RaftStorage (RaftStorage.java:format(84)) - Storage directory /workdir/hadoop-ozone/integration-test/target/test-dir/MiniOzoneClusterImpl-a0d93c8f-3734-4fbb-bc7f-864ab72bb3bf/datanode-1/data/ratis/c9a07442-3f75-47b0-b100-bbf51c85e97a has been successfully formatted.
2019-10-02 00:49:33,226 [pool-393-thread-1] INFO  ratis.ContainerStateMachine (ContainerStateMachine.java:loadSnapshot(230)) - group-BBF51C85E97A: The snapshot info is null. Setting the last applied indexto:(t:0, i:~)
2019-10-02 00:49:33,226 [pool-393-thread-1] INFO  server.RaftServerConfigKeys (ConfUtils.java:logGet(43)) - raft.server.notification.no-leader.timeout = 120s (custom)
2019-10-02 00:49:33,226 [pool-393-thread-1] INFO  server.RaftServerConfigKeys (ConfUtils.java:logGet(43)) - raft.server.log.use.memory = false (default)
2019-10-02 00:49:33,226 [pool-393-thread-1] INFO  server.RaftServerConfigKeys (ConfUtils.java:logGet(43)) - raft.server.log.purge.gap = 1000000 (custom)
2019-10-02 00:49:33,227 [pool-393-thread-1] INFO  server.RaftServerConfigKeys (ConfUtils.java:logGet(43)) - raft.server.log.appender.buffer.byte-limit = 33554432 (custom)
2019-10-02 00:49:33,227 [pool-393-thread-1] INFO  server.RaftServerConfigKeys (ConfUtils.java:logGet(43)) - raft.server.log.segment.size.max = 1048576 (custom)
2019-10-02 00:49:33,228 [pool-393-thread-1] INFO  server.RaftServerConfigKeys (ConfUtils.java:logGet(43)) - raft.server.log.segment.cache.num.max = 2 (custom)
2019-10-02 00:49:33,228 [pool-393-thread-1] INFO  segmented.SegmentedRaftLogWorker (SegmentedRaftLogWorker.java:<init>(173)) - new 4cb12814-4d04-44fb-9fee-a7f7e7712377@group-BBF51C85E97A-SegmentedRaftLogWorker for RaftStorage:Storage Directory /workdir/hadoop-ozone/integration-test/target/test-dir/MiniOzoneClusterImpl-a0d93c8f-3734-4fbb-bc7f-864ab72bb3bf/datanode-1/data/ratis/c9a07442-3f75-47b0-b100-bbf51c85e97a
2019-10-02 00:49:33,228 [pool-393-thread-1] INFO  server.RaftServerConfigKeys (ConfUtils.java:logGet(43)) - raft.server.log.queue.byte-limit = 2147483647 (custom)
2019-10-02 00:49:33,228 [pool-393-thread-1] INFO  server.RaftServerConfigKeys (ConfUtils.java:logGet(43)) - raft.server.log.queue.element-limit = 1024 (custom)
2019-10-02 00:49:33,228 [pool-393-thread-1] INFO  server.RaftServerConfigKeys (ConfUtils.java:logGet(43)) - raft.server.log.segment.size.max = 1048576 (custom)
2019-10-02 00:49:33,228 [pool-393-thread-1] INFO  server.RaftServerConfigKeys (ConfUtils.java:logGet(43)) - raft.server.log.preallocated.size = 16384 (custom)
2019-10-02 00:49:33,228 [pool-393-thread-1] INFO  server.RaftServerConfigKeys (ConfUtils.java:logGet(43)) - raft.server.log.write.buffer.size = 33554432 (custom)
2019-10-02 00:49:33,228 [pool-393-thread-1] INFO  server.RaftServerConfigKeys (ConfUtils.java:logGet(43)) - raft.server.log.force.sync.num = 128 (default)
2019-10-02 00:49:33,229 [pool-393-thread-1] INFO  server.RaftServerConfigKeys (ConfUtils.java:logGet(43)) - raft.server.log.statemachine.data.sync = true (default)
2019-10-02 00:49:33,229 [pool-393-thread-1] INFO  server.RaftServerConfigKeys (ConfUtils.java:logGet(43)) - raft.server.log.statemachine.data.sync.timeout = 10s (default)
2019-10-02 00:49:33,229 [pool-393-thread-1] INFO  server.RaftServerConfigKeys (ConfUtils.java:logGet(43)) - raft.server.log.statemachine.data.sync.timeout.retry = -1 (default)
2019-10-02 00:49:33,229 [pool-393-thread-1] INFO  server.RaftServerConfigKeys (ConfUtils.java:logGet(43)) - raft.server.log.statemachine.data.caching.enabled = true (custom)
2019-10-02 00:49:33,229 [pool-393-thread-1] INFO  segmented.SegmentedRaftLogWorker (SegmentedRaftLogWorker.java:lambda$new$0(128)) - 4cb12814-4d04-44fb-9fee-a7f7e7712377@group-BBF51C85E97A-SegmentedRaftLogWorker: flushIndex: setUnconditionally 0 -> -1
2019-10-02 00:49:33,229 [pool-393-thread-1] INFO  server.RaftServerConfigKeys (ConfUtils.java:logGet(43)) - raft.server.snapshot.auto.trigger.enabled = true (custom)
2019-10-02 00:49:33,230 [pool-393-thread-1] INFO  server.RaftServerConfigKeys (ConfUtils.java:logGet(43)) - raft.server.snapshot.auto.trigger.threshold = 10000 (custom)
2019-10-02 00:49:33,230 [pool-393-thread-1] INFO  server.RaftServerConfigKeys (ConfUtils.java:logGet(43)) - raft.server.snapshot.retention.file.num = 5 (custom)
2019-10-02 00:49:33,230 [pool-393-thread-1] INFO  server.RaftServerConfigKeys (ConfUtils.java:logGet(43)) - raft.server.retrycache.expirytime = 600000ms (custom)
2019-10-02 00:49:33,231 [pool-393-thread-1] INFO  impl.RaftServerImpl (RaftServerImpl.java:start(181)) - 4cb12814-4d04-44fb-9fee-a7f7e7712377@group-BBF51C85E97A: start as a follower, conf=-1: [4cb12814-4d04-44fb-9fee-a7f7e7712377:192.168.151.67:44821], old=null
2019-10-02 00:49:33,231 [pool-393-thread-1] INFO  impl.RaftServerImpl (RaftServerImpl.java:setRole(170)) - 4cb12814-4d04-44fb-9fee-a7f7e7712377@group-BBF51C85E97A: changes role from      null to FOLLOWER at term 0 for startAsFollower
2019-10-02 00:49:33,231 [pool-393-thread-1] INFO  impl.RoleInfo (RoleInfo.java:updateAndGet(143)) - 4cb12814-4d04-44fb-9fee-a7f7e7712377: start FollowerState
2019-10-02 00:49:33,231 [pool-393-thread-1] INFO  util.JmxRegister (JmxRegister.java:tryRegister(44)) - Successfully registered JMX Bean with object name Ratis:service=RaftServer,group=group-BBF51C85E97A,id=4cb12814-4d04-44fb-9fee-a7f7e7712377
2019-10-02 00:49:33,235 [RatisPipelineUtilsThread] INFO  pipeline.PipelineStateManager (PipelineStateManager.java:addPipeline(56)) - Created pipeline Pipeline[ Id: c9a07442-3f75-47b0-b100-bbf51c85e97a, Nodes: 4cb12814-4d04-44fb-9fee-a7f7e7712377{ip: 192.168.151.67, host: pr-hdds-1984-s47sn-1814639636, networkLocation: /default-rack, certSerialId: null}, Type:RATIS, Factor:ONE, State:OPEN]
2019-10-02 00:49:33,274 [IPC Server handler 4 on 40789] INFO  net.NetworkTopology (NetworkTopologyImpl.java:add(111)) - Added a new node: /default-rack/0f668ae3-b92a-4aae-8242-ea0bc1bca92c
2019-10-02 00:49:33,275 [IPC Server handler 4 on 40789] INFO  node.SCMNodeManager (SCMNodeManager.java:register(266)) - Registered Data node : 0f668ae3-b92a-4aae-8242-ea0bc1bca92c{ip: 192.168.151.67, host: pr-hdds-1984-s47sn-1814639636, networkLocation: /default-rack, certSerialId: null}
2019-10-02 00:49:33,283 [grpc-default-executor-2] INFO  impl.RaftServerProxy (RaftServerProxy.java:addNew(89)) - 0f668ae3-b92a-4aae-8242-ea0bc1bca92c: addNew group-61B6FA976481:[0f668ae3-b92a-4aae-8242-ea0bc1bca92c:192.168.151.67:45802] returns group-61B6FA976481:java.util.concurrent.CompletableFuture@26f7b0e8[Not completed]
2019-10-02 00:49:33,284 [pool-403-thread-1] INFO  impl.RaftServerImpl (RaftServerImpl.java:<init>(95)) - 0f668ae3-b92a-4aae-8242-ea0bc1bca92c: new RaftServerImpl for group-61B6FA976481:[0f668ae3-b92a-4aae-8242-ea0bc1bca92c:192.168.151.67:45802] with ContainerStateMachine:uninitialized
2019-10-02 00:49:33,284 [pool-403-thread-1] INFO  server.RaftServerConfigKeys (ConfUtils.java:logGet(43)) - raft.server.rpc.timeout.min = 5s (custom)
2019-10-02 00:49:33,284 [pool-403-thread-1] INFO  server.RaftServerConfigKeys (ConfUtils.java:logGet(43)) - raft.server.rpc.timeout.max = 5200ms (custom)
2019-10-02 00:49:33,284 [pool-403-thread-1] INFO  server.RaftServerConfigKeys (ConfUtils.java:logGet(43)) - raft.server.rpcslowness.timeout = 120s (custom)
2019-10-02 00:49:33,284 [pool-403-thread-1] INFO  server.RaftServerConfigKeys (ConfUtils.java:logGet(43)) - raft.server.sleep.deviation.threshold = 300 (default)
2019-10-02 00:49:33,284 [pool-403-thread-1] INFO  server.RaftServerConfigKeys (ConfUtils.java:logGet(43)) - raft.server.log.appender.install.snapshot.enabled = false (custom)
2019-10-02 00:49:33,284 [pool-403-thread-1] INFO  impl.RaftServerImpl (ServerState.java:<init>(103)) - 0f668ae3-b92a-4aae-8242-ea0bc1bca92c@group-61B6FA976481: ConfigurationManager, init=-1: [0f668ae3-b92a-4aae-8242-ea0bc1bca92c:192.168.151.67:45802], old=null, confs=<EMPTY_MAP>
2019-10-02 00:49:33,284 [pool-403-thread-1] INFO  server.RaftServerConfigKeys (ConfUtils.java:logGet(43)) - raft.server.storage.dir = [/workdir/hadoop-ozone/integration-test/target/test-dir/MiniOzoneClusterImpl-a0d93c8f-3734-4fbb-bc7f-864ab72bb3bf/datanode-2/data/ratis] (custom)
2019-10-02 00:49:33,285 [pool-403-thread-1] INFO  server.RaftServerConfigKeys (ConfUtils.java:logGet(43)) - raft.server.log.corruption.policy = EXCEPTION (default)
2019-10-02 00:49:33,285 [pool-403-thread-1] INFO  storage.RaftStorageDirectory (RaftStorageDirectory.java:analyzeStorage(246)) - The storage directory /workdir/hadoop-ozone/integration-test/target/test-dir/MiniOzoneClusterImpl-a0d93c8f-3734-4fbb-bc7f-864ab72bb3bf/datanode-2/data/ratis/1fde0640-c6ab-4d43-b285-61b6fa976481 does not exist. Creating ...
2019-10-02 00:49:33,297 [pool-403-thread-1] INFO  storage.RaftStorageDirectory (RaftStorageDirectory.java:tryLock(328)) - Lock on /workdir/hadoop-ozone/integration-test/target/test-dir/MiniOzoneClusterImpl-a0d93c8f-3734-4fbb-bc7f-864ab72bb3bf/datanode-2/data/ratis/1fde0640-c6ab-4d43-b285-61b6fa976481/in_use.lock acquired by nodename 25347@pr-hdds-1984-s47sn-1814639636
2019-10-02 00:49:33,310 [pool-403-thread-1] INFO  storage.RaftStorage (RaftStorage.java:format(84)) - Storage directory /workdir/hadoop-ozone/integration-test/target/test-dir/MiniOzoneClusterImpl-a0d93c8f-3734-4fbb-bc7f-864ab72bb3bf/datanode-2/data/ratis/1fde0640-c6ab-4d43-b285-61b6fa976481 has been successfully formatted.
2019-10-02 00:49:33,310 [pool-403-thread-1] INFO  ratis.ContainerStateMachine (ContainerStateMachine.java:loadSnapshot(230)) - group-61B6FA976481: The snapshot info is null. Setting the last applied indexto:(t:0, i:~)
2019-10-02 00:49:33,310 [pool-403-thread-1] INFO  server.RaftServerConfigKeys (ConfUtils.java:logGet(43)) - raft.server.notification.no-leader.timeout = 120s (custom)
2019-10-02 00:49:33,310 [pool-403-thread-1] INFO  server.RaftServerConfigKeys (ConfUtils.java:logGet(43)) - raft.server.log.use.memory = false (default)
2019-10-02 00:49:33,310 [pool-403-thread-1] INFO  server.RaftServerConfigKeys (ConfUtils.java:logGet(43)) - raft.server.log.purge.gap = 1000000 (custom)
2019-10-02 00:49:33,310 [pool-403-thread-1] INFO  server.RaftServerConfigKeys (ConfUtils.java:logGet(43)) - raft.server.log.appender.buffer.byte-limit = 33554432 (custom)
2019-10-02 00:49:33,310 [pool-403-thread-1] INFO  server.RaftServerConfigKeys (ConfUtils.java:logGet(43)) - raft.server.log.segment.size.max = 1048576 (custom)
2019-10-02 00:49:33,311 [pool-403-thread-1] INFO  server.RaftServerConfigKeys (ConfUtils.java:logGet(43)) - raft.server.log.segment.cache.num.max = 2 (custom)
2019-10-02 00:49:33,311 [pool-403-thread-1] INFO  segmented.SegmentedRaftLogWorker (SegmentedRaftLogWorker.java:<init>(173)) - new 0f668ae3-b92a-4aae-8242-ea0bc1bca92c@group-61B6FA976481-SegmentedRaftLogWorker for RaftStorage:Storage Directory /workdir/hadoop-ozone/integration-test/target/test-dir/MiniOzoneClusterImpl-a0d93c8f-3734-4fbb-bc7f-864ab72bb3bf/datanode-2/data/ratis/1fde0640-c6ab-4d43-b285-61b6fa976481
2019-10-02 00:49:33,312 [pool-403-thread-1] INFO  server.RaftServerConfigKeys (ConfUtils.java:logGet(43)) - raft.server.log.queue.byte-limit = 2147483647 (custom)
2019-10-02 00:49:33,312 [pool-403-thread-1] INFO  server.RaftServerConfigKeys (ConfUtils.java:logGet(43)) - raft.server.log.queue.element-limit = 1024 (custom)
2019-10-02 00:49:33,312 [pool-403-thread-1] INFO  server.RaftServerConfigKeys (ConfUtils.java:logGet(43)) - raft.server.log.segment.size.max = 1048576 (custom)
2019-10-02 00:49:33,312 [pool-403-thread-1] INFO  server.RaftServerConfigKeys (ConfUtils.java:logGet(43)) - raft.server.log.preallocated.size = 16384 (custom)
2019-10-02 00:49:33,312 [pool-403-thread-1] INFO  server.RaftServerConfigKeys (ConfUtils.java:logGet(43)) - raft.server.log.write.buffer.size = 33554432 (custom)
2019-10-02 00:49:33,312 [pool-403-thread-1] INFO  server.RaftServerConfigKeys (ConfUtils.java:logGet(43)) - raft.server.log.force.sync.num = 128 (default)
2019-10-02 00:49:33,312 [pool-403-thread-1] INFO  server.RaftServerConfigKeys (ConfUtils.java:logGet(43)) - raft.server.log.statemachine.data.sync = true (default)
2019-10-02 00:49:33,312 [pool-403-thread-1] INFO  server.RaftServerConfigKeys (ConfUtils.java:logGet(43)) - raft.server.log.statemachine.data.sync.timeout = 10s (default)
2019-10-02 00:49:33,312 [pool-403-thread-1] INFO  server.RaftServerConfigKeys (ConfUtils.java:logGet(43)) - raft.server.log.statemachine.data.sync.timeout.retry = -1 (default)
2019-10-02 00:49:33,313 [pool-403-thread-1] INFO  server.RaftServerConfigKeys (ConfUtils.java:logGet(43)) - raft.server.log.statemachine.data.caching.enabled = true (custom)
2019-10-02 00:49:33,313 [pool-403-thread-1] INFO  segmented.SegmentedRaftLogWorker (SegmentedRaftLogWorker.java:lambda$new$0(128)) - 0f668ae3-b92a-4aae-8242-ea0bc1bca92c@group-61B6FA976481-SegmentedRaftLogWorker: flushIndex: setUnconditionally 0 -> -1
2019-10-02 00:49:33,313 [pool-403-thread-1] INFO  server.RaftServerConfigKeys (ConfUtils.java:logGet(43)) - raft.server.snapshot.auto.trigger.enabled = true (custom)
2019-10-02 00:49:33,313 [pool-403-thread-1] INFO  server.RaftServerConfigKeys (ConfUtils.java:logGet(43)) - raft.server.snapshot.auto.trigger.threshold = 10000 (custom)
2019-10-02 00:49:33,313 [pool-403-thread-1] INFO  server.RaftServerConfigKeys (ConfUtils.java:logGet(43)) - raft.server.snapshot.retention.file.num = 5 (custom)
2019-10-02 00:49:33,313 [pool-403-thread-1] INFO  server.RaftServerConfigKeys (ConfUtils.java:logGet(43)) - raft.server.retrycache.expirytime = 600000ms (custom)
2019-10-02 00:49:33,314 [pool-403-thread-1] INFO  impl.RaftServerImpl (RaftServerImpl.java:start(181)) - 0f668ae3-b92a-4aae-8242-ea0bc1bca92c@group-61B6FA976481: start as a follower, conf=-1: [0f668ae3-b92a-4aae-8242-ea0bc1bca92c:192.168.151.67:45802], old=null
2019-10-02 00:49:33,315 [pool-403-thread-1] INFO  impl.RaftServerImpl (RaftServerImpl.java:setRole(170)) - 0f668ae3-b92a-4aae-8242-ea0bc1bca92c@group-61B6FA976481: changes role from      null to FOLLOWER at term 0 for startAsFollower
2019-10-02 00:49:33,315 [pool-403-thread-1] INFO  impl.RoleInfo (RoleInfo.java:updateAndGet(143)) - 0f668ae3-b92a-4aae-8242-ea0bc1bca92c: start FollowerState
2019-10-02 00:49:33,315 [pool-403-thread-1] INFO  util.JmxRegister (JmxRegister.java:tryRegister(44)) - Successfully registered JMX Bean with object name Ratis:service=RaftServer,group=group-61B6FA976481,id=0f668ae3-b92a-4aae-8242-ea0bc1bca92c
2019-10-02 00:49:33,318 [RatisPipelineUtilsThread] INFO  pipeline.PipelineStateManager (PipelineStateManager.java:addPipeline(56)) - Created pipeline Pipeline[ Id: 1fde0640-c6ab-4d43-b285-61b6fa976481, Nodes: 0f668ae3-b92a-4aae-8242-ea0bc1bca92c{ip: 192.168.151.67, host: pr-hdds-1984-s47sn-1814639636, networkLocation: /default-rack, certSerialId: null}, Type:RATIS, Factor:ONE, State:OPEN]
2019-10-02 00:49:33,332 [grpc-default-executor-7] INFO  impl.RaftServerProxy (RaftServerProxy.java:addNew(89)) - 4cb12814-4d04-44fb-9fee-a7f7e7712377: addNew group-F0A874D2D4F9:[0f668ae3-b92a-4aae-8242-ea0bc1bca92c:192.168.151.67:45802, 9fea9e3e-38e1-4c63-b169-88a1e5dd4413:192.168.151.67:46552, 4cb12814-4d04-44fb-9fee-a7f7e7712377:192.168.151.67:44821] returns group-F0A874D2D4F9:java.util.concurrent.CompletableFuture@154ef7be[Not completed]
2019-10-02 00:49:33,332 [grpc-default-executor-5] INFO  impl.RaftServerProxy (RaftServerProxy.java:addNew(89)) - 9fea9e3e-38e1-4c63-b169-88a1e5dd4413: addNew group-F0A874D2D4F9:[0f668ae3-b92a-4aae-8242-ea0bc1bca92c:192.168.151.67:45802, 9fea9e3e-38e1-4c63-b169-88a1e5dd4413:192.168.151.67:46552, 4cb12814-4d04-44fb-9fee-a7f7e7712377:192.168.151.67:44821] returns group-F0A874D2D4F9:java.util.concurrent.CompletableFuture@70be7786[Not completed]
2019-10-02 00:49:33,332 [pool-393-thread-1] INFO  impl.RaftServerImpl (RaftServerImpl.java:<init>(95)) - 4cb12814-4d04-44fb-9fee-a7f7e7712377: new RaftServerImpl for group-F0A874D2D4F9:[0f668ae3-b92a-4aae-8242-ea0bc1bca92c:192.168.151.67:45802, 9fea9e3e-38e1-4c63-b169-88a1e5dd4413:192.168.151.67:46552, 4cb12814-4d04-44fb-9fee-a7f7e7712377:192.168.151.67:44821] with ContainerStateMachine:uninitialized
2019-10-02 00:49:33,332 [pool-393-thread-1] INFO  server.RaftServerConfigKeys (ConfUtils.java:logGet(43)) - raft.server.rpc.timeout.min = 5s (custom)
2019-10-02 00:49:33,333 [grpc-default-executor-7] INFO  impl.RaftServerProxy (RaftServerProxy.java:addNew(89)) - 0f668ae3-b92a-4aae-8242-ea0bc1bca92c: addNew group-F0A874D2D4F9:[0f668ae3-b92a-4aae-8242-ea0bc1bca92c:192.168.151.67:45802, 9fea9e3e-38e1-4c63-b169-88a1e5dd4413:192.168.151.67:46552, 4cb12814-4d04-44fb-9fee-a7f7e7712377:192.168.151.67:44821] returns group-F0A874D2D4F9:java.util.concurrent.CompletableFuture@6d4b0424[Not completed]
2019-10-02 00:49:33,333 [pool-393-thread-1] INFO  server.RaftServerConfigKeys (ConfUtils.java:logGet(43)) - raft.server.rpc.timeout.max = 5200ms (custom)
2019-10-02 00:49:33,333 [pool-393-thread-1] INFO  server.RaftServerConfigKeys (ConfUtils.java:logGet(43)) - raft.server.rpcslowness.timeout = 120s (custom)
2019-10-02 00:49:33,333 [pool-393-thread-1] INFO  server.RaftServerConfigKeys (ConfUtils.java:logGet(43)) - raft.server.sleep.deviation.threshold = 300 (default)
2019-10-02 00:49:33,333 [pool-393-thread-1] INFO  server.RaftServerConfigKeys (ConfUtils.java:logGet(43)) - raft.server.log.appender.install.snapshot.enabled = false (custom)
2019-10-02 00:49:33,333 [pool-393-thread-1] INFO  impl.RaftServerImpl (ServerState.java:<init>(103)) - 4cb12814-4d04-44fb-9fee-a7f7e7712377@group-F0A874D2D4F9: ConfigurationManager, init=-1: [0f668ae3-b92a-4aae-8242-ea0bc1bca92c:192.168.151.67:45802, 9fea9e3e-38e1-4c63-b169-88a1e5dd4413:192.168.151.67:46552, 4cb12814-4d04-44fb-9fee-a7f7e7712377:192.168.151.67:44821], old=null, confs=<EMPTY_MAP>
2019-10-02 00:49:33,333 [pool-393-thread-1] INFO  server.RaftServerConfigKeys (ConfUtils.java:logGet(43)) - raft.server.storage.dir = [/workdir/hadoop-ozone/integration-test/target/test-dir/MiniOzoneClusterImpl-a0d93c8f-3734-4fbb-bc7f-864ab72bb3bf/datanode-1/data/ratis] (custom)
2019-10-02 00:49:33,333 [pool-393-thread-1] INFO  server.RaftServerConfigKeys (ConfUtils.java:logGet(43)) - raft.server.log.corruption.policy = EXCEPTION (default)
2019-10-02 00:49:33,333 [pool-383-thread-1] INFO  impl.RaftServerImpl (RaftServerImpl.java:<init>(95)) - 9fea9e3e-38e1-4c63-b169-88a1e5dd4413: new RaftServerImpl for group-F0A874D2D4F9:[0f668ae3-b92a-4aae-8242-ea0bc1bca92c:192.168.151.67:45802, 9fea9e3e-38e1-4c63-b169-88a1e5dd4413:192.168.151.67:46552, 4cb12814-4d04-44fb-9fee-a7f7e7712377:192.168.151.67:44821] with ContainerStateMachine:uninitialized
2019-10-02 00:49:33,334 [pool-393-thread-1] INFO  storage.RaftStorageDirectory (RaftStorageDirectory.java:analyzeStorage(246)) - The storage directory /workdir/hadoop-ozone/integration-test/target/test-dir/MiniOzoneClusterImpl-a0d93c8f-3734-4fbb-bc7f-864ab72bb3bf/datanode-1/data/ratis/12f0119b-bff2-4928-8a4d-f0a874d2d4f9 does not exist. Creating ...
2019-10-02 00:49:33,334 [pool-383-thread-1] INFO  server.RaftServerConfigKeys (ConfUtils.java:logGet(43)) - raft.server.rpc.timeout.min = 5s (custom)
2019-10-02 00:49:33,334 [pool-383-thread-1] INFO  server.RaftServerConfigKeys (ConfUtils.java:logGet(43)) - raft.server.rpc.timeout.max = 5200ms (custom)
2019-10-02 00:49:33,334 [pool-383-thread-1] INFO  server.RaftServerConfigKeys (ConfUtils.java:logGet(43)) - raft.server.rpcslowness.timeout = 120s (custom)
2019-10-02 00:49:33,334 [pool-383-thread-1] INFO  server.RaftServerConfigKeys (ConfUtils.java:logGet(43)) - raft.server.sleep.deviation.threshold = 300 (default)
2019-10-02 00:49:33,334 [pool-383-thread-1] INFO  server.RaftServerConfigKeys (ConfUtils.java:logGet(43)) - raft.server.log.appender.install.snapshot.enabled = false (custom)
2019-10-02 00:49:33,334 [pool-403-thread-1] INFO  impl.RaftServerImpl (RaftServerImpl.java:<init>(95)) - 0f668ae3-b92a-4aae-8242-ea0bc1bca92c: new RaftServerImpl for group-F0A874D2D4F9:[0f668ae3-b92a-4aae-8242-ea0bc1bca92c:192.168.151.67:45802, 9fea9e3e-38e1-4c63-b169-88a1e5dd4413:192.168.151.67:46552, 4cb12814-4d04-44fb-9fee-a7f7e7712377:192.168.151.67:44821] with ContainerStateMachine:uninitialized
2019-10-02 00:49:33,334 [pool-383-thread-1] INFO  impl.RaftServerImpl (ServerState.java:<init>(103)) - 9fea9e3e-38e1-4c63-b169-88a1e5dd4413@group-F0A874D2D4F9: ConfigurationManager, init=-1: [0f668ae3-b92a-4aae-8242-ea0bc1bca92c:192.168.151.67:45802, 9fea9e3e-38e1-4c63-b169-88a1e5dd4413:192.168.151.67:46552, 4cb12814-4d04-44fb-9fee-a7f7e7712377:192.168.151.67:44821], old=null, confs=<EMPTY_MAP>
2019-10-02 00:49:33,335 [pool-403-thread-1] INFO  server.RaftServerConfigKeys (ConfUtils.java:logGet(43)) - raft.server.rpc.timeout.min = 5s (custom)
2019-10-02 00:49:33,335 [pool-383-thread-1] INFO  server.RaftServerConfigKeys (ConfUtils.java:logGet(43)) - raft.server.storage.dir = [/workdir/hadoop-ozone/integration-test/target/test-dir/MiniOzoneClusterImpl-a0d93c8f-3734-4fbb-bc7f-864ab72bb3bf/datanode-0/data/ratis] (custom)
2019-10-02 00:49:33,335 [pool-403-thread-1] INFO  server.RaftServerConfigKeys (ConfUtils.java:logGet(43)) - raft.server.rpc.timeout.max = 5200ms (custom)
2019-10-02 00:49:33,335 [pool-403-thread-1] INFO  server.RaftServerConfigKeys (ConfUtils.java:logGet(43)) - raft.server.rpcslowness.timeout = 120s (custom)
2019-10-02 00:49:33,335 [pool-383-thread-1] INFO  server.RaftServerConfigKeys (ConfUtils.java:logGet(43)) - raft.server.log.corruption.policy = EXCEPTION (default)
2019-10-02 00:49:33,335 [pool-403-thread-1] INFO  server.RaftServerConfigKeys (ConfUtils.java:logGet(43)) - raft.server.sleep.deviation.threshold = 300 (default)
2019-10-02 00:49:33,335 [pool-383-thread-1] INFO  storage.RaftStorageDirectory (RaftStorageDirectory.java:analyzeStorage(246)) - The storage directory /workdir/hadoop-ozone/integration-test/target/test-dir/MiniOzoneClusterImpl-a0d93c8f-3734-4fbb-bc7f-864ab72bb3bf/datanode-0/data/ratis/12f0119b-bff2-4928-8a4d-f0a874d2d4f9 does not exist. Creating ...
2019-10-02 00:49:33,335 [pool-403-thread-1] INFO  server.RaftServerConfigKeys (ConfUtils.java:logGet(43)) - raft.server.log.appender.install.snapshot.enabled = false (custom)
2019-10-02 00:49:33,336 [pool-403-thread-1] INFO  impl.RaftServerImpl (ServerState.java:<init>(103)) - 0f668ae3-b92a-4aae-8242-ea0bc1bca92c@group-F0A874D2D4F9: ConfigurationManager, init=-1: [0f668ae3-b92a-4aae-8242-ea0bc1bca92c:192.168.151.67:45802, 9fea9e3e-38e1-4c63-b169-88a1e5dd4413:192.168.151.67:46552, 4cb12814-4d04-44fb-9fee-a7f7e7712377:192.168.151.67:44821], old=null, confs=<EMPTY_MAP>
2019-10-02 00:49:33,336 [pool-403-thread-1] INFO  server.RaftServerConfigKeys (ConfUtils.java:logGet(43)) - raft.server.storage.dir = [/workdir/hadoop-ozone/integration-test/target/test-dir/MiniOzoneClusterImpl-a0d93c8f-3734-4fbb-bc7f-864ab72bb3bf/datanode-2/data/ratis] (custom)
2019-10-02 00:49:33,336 [pool-403-thread-1] INFO  server.RaftServerConfigKeys (ConfUtils.java:logGet(43)) - raft.server.log.corruption.policy = EXCEPTION (default)
2019-10-02 00:49:33,336 [pool-403-thread-1] INFO  storage.RaftStorageDirectory (RaftStorageDirectory.java:analyzeStorage(246)) - The storage directory /workdir/hadoop-ozone/integration-test/target/test-dir/MiniOzoneClusterImpl-a0d93c8f-3734-4fbb-bc7f-864ab72bb3bf/datanode-2/data/ratis/12f0119b-bff2-4928-8a4d-f0a874d2d4f9 does not exist. Creating ...
2019-10-02 00:49:33,347 [pool-393-thread-1] INFO  storage.RaftStorageDirectory (RaftStorageDirectory.java:tryLock(328)) - Lock on /workdir/hadoop-ozone/integration-test/target/test-dir/MiniOzoneClusterImpl-a0d93c8f-3734-4fbb-bc7f-864ab72bb3bf/datanode-1/data/ratis/12f0119b-bff2-4928-8a4d-f0a874d2d4f9/in_use.lock acquired by nodename 25347@pr-hdds-1984-s47sn-1814639636
2019-10-02 00:49:33,347 [pool-383-thread-1] INFO  storage.RaftStorageDirectory (RaftStorageDirectory.java:tryLock(328)) - Lock on /workdir/hadoop-ozone/integration-test/target/test-dir/MiniOzoneClusterImpl-a0d93c8f-3734-4fbb-bc7f-864ab72bb3bf/datanode-0/data/ratis/12f0119b-bff2-4928-8a4d-f0a874d2d4f9/in_use.lock acquired by nodename 25347@pr-hdds-1984-s47sn-1814639636
2019-10-02 00:49:33,347 [pool-403-thread-1] INFO  storage.RaftStorageDirectory (RaftStorageDirectory.java:tryLock(328)) - Lock on /workdir/hadoop-ozone/integration-test/target/test-dir/MiniOzoneClusterImpl-a0d93c8f-3734-4fbb-bc7f-864ab72bb3bf/datanode-2/data/ratis/12f0119b-bff2-4928-8a4d-f0a874d2d4f9/in_use.lock acquired by nodename 25347@pr-hdds-1984-s47sn-1814639636
2019-10-02 00:49:33,360 [IPC Server handler 0 on 40789] INFO  net.NetworkTopology (NetworkTopologyImpl.java:add(111)) - Added a new node: /default-rack/62d60dec-38f5-4493-8322-d0d86b92da7b
2019-10-02 00:49:33,360 [IPC Server handler 0 on 40789] INFO  node.SCMNodeManager (SCMNodeManager.java:register(266)) - Registered Data node : 62d60dec-38f5-4493-8322-d0d86b92da7b{ip: 192.168.151.67, host: pr-hdds-1984-s47sn-1814639636, networkLocation: /default-rack, certSerialId: null}
2019-10-02 00:49:33,361 [pool-393-thread-1] INFO  storage.RaftStorage (RaftStorage.java:format(84)) - Storage directory /workdir/hadoop-ozone/integration-test/target/test-dir/MiniOzoneClusterImpl-a0d93c8f-3734-4fbb-bc7f-864ab72bb3bf/datanode-1/data/ratis/12f0119b-bff2-4928-8a4d-f0a874d2d4f9 has been successfully formatted.
2019-10-02 00:49:33,361 [pool-403-thread-1] INFO  storage.RaftStorage (RaftStorage.java:format(84)) - Storage directory /workdir/hadoop-ozone/integration-test/target/test-dir/MiniOzoneClusterImpl-a0d93c8f-3734-4fbb-bc7f-864ab72bb3bf/datanode-2/data/ratis/12f0119b-bff2-4928-8a4d-f0a874d2d4f9 has been successfully formatted.
2019-10-02 00:49:33,361 [pool-383-thread-1] INFO  storage.RaftStorage (RaftStorage.java:format(84)) - Storage directory /workdir/hadoop-ozone/integration-test/target/test-dir/MiniOzoneClusterImpl-a0d93c8f-3734-4fbb-bc7f-864ab72bb3bf/datanode-0/data/ratis/12f0119b-bff2-4928-8a4d-f0a874d2d4f9 has been successfully formatted.
2019-10-02 00:49:33,361 [pool-393-thread-1] INFO  ratis.ContainerStateMachine (ContainerStateMachine.java:loadSnapshot(230)) - group-F0A874D2D4F9: The snapshot info is null. Setting the last applied indexto:(t:0, i:~)
2019-10-02 00:49:33,361 [pool-403-thread-1] INFO  ratis.ContainerStateMachine (ContainerStateMachine.java:loadSnapshot(230)) - group-F0A874D2D4F9: The snapshot info is null. Setting the last applied indexto:(t:0, i:~)
2019-10-02 00:49:33,361 [pool-393-thread-1] INFO  server.RaftServerConfigKeys (ConfUtils.java:logGet(43)) - raft.server.notification.no-leader.timeout = 120s (custom)
2019-10-02 00:49:33,361 [pool-383-thread-1] INFO  ratis.ContainerStateMachine (ContainerStateMachine.java:loadSnapshot(230)) - group-F0A874D2D4F9: The snapshot info is null. Setting the last applied indexto:(t:0, i:~)
2019-10-02 00:49:33,362 [pool-393-thread-1] INFO  server.RaftServerConfigKeys (ConfUtils.java:logGet(43)) - raft.server.log.use.memory = false (default)
2019-10-02 00:49:33,362 [pool-403-thread-1] INFO  server.RaftServerConfigKeys (ConfUtils.java:logGet(43)) - raft.server.notification.no-leader.timeout = 120s (custom)
2019-10-02 00:49:33,362 [pool-393-thread-1] INFO  server.RaftServerConfigKeys (ConfUtils.java:logGet(43)) - raft.server.log.purge.gap = 1000000 (custom)
2019-10-02 00:49:33,362 [pool-383-thread-1] INFO  server.RaftServerConfigKeys (ConfUtils.java:logGet(43)) - raft.server.notification.no-leader.timeout = 120s (custom)
2019-10-02 00:49:33,362 [pool-393-thread-1] INFO  server.RaftServerConfigKeys (ConfUtils.java:logGet(43)) - raft.server.log.appender.buffer.byte-limit = 33554432 (custom)
2019-10-02 00:49:33,362 [pool-403-thread-1] INFO  server.RaftServerConfigKeys (ConfUtils.java:logGet(43)) - raft.server.log.use.memory = false (default)
2019-10-02 00:49:33,362 [pool-393-thread-1] INFO  server.RaftServerConfigKeys (ConfUtils.java:logGet(43)) - raft.server.log.segment.size.max = 1048576 (custom)
2019-10-02 00:49:33,362 [pool-383-thread-1] INFO  server.RaftServerConfigKeys (ConfUtils.java:logGet(43)) - raft.server.log.use.memory = false (default)
2019-10-02 00:49:33,363 [pool-393-thread-1] INFO  server.RaftServerConfigKeys (ConfUtils.java:logGet(43)) - raft.server.log.segment.cache.num.max = 2 (custom)
2019-10-02 00:49:33,363 [pool-403-thread-1] INFO  server.RaftServerConfigKeys (ConfUtils.java:logGet(43)) - raft.server.log.purge.gap = 1000000 (custom)
2019-10-02 00:49:33,363 [pool-393-thread-1] INFO  segmented.SegmentedRaftLogWorker (SegmentedRaftLogWorker.java:<init>(173)) - new 4cb12814-4d04-44fb-9fee-a7f7e7712377@group-F0A874D2D4F9-SegmentedRaftLogWorker for RaftStorage:Storage Directory /workdir/hadoop-ozone/integration-test/target/test-dir/MiniOzoneClusterImpl-a0d93c8f-3734-4fbb-bc7f-864ab72bb3bf/datanode-1/data/ratis/12f0119b-bff2-4928-8a4d-f0a874d2d4f9
2019-10-02 00:49:33,363 [pool-383-thread-1] INFO  server.RaftServerConfigKeys (ConfUtils.java:logGet(43)) - raft.server.log.purge.gap = 1000000 (custom)
2019-10-02 00:49:33,363 [pool-393-thread-1] INFO  server.RaftServerConfigKeys (ConfUtils.java:logGet(43)) - raft.server.log.queue.byte-limit = 2147483647 (custom)
2019-10-02 00:49:33,363 [pool-403-thread-1] INFO  server.RaftServerConfigKeys (ConfUtils.java:logGet(43)) - raft.server.log.appender.buffer.byte-limit = 33554432 (custom)
2019-10-02 00:49:33,363 [pool-393-thread-1] INFO  server.RaftServerConfigKeys (ConfUtils.java:logGet(43)) - raft.server.log.queue.element-limit = 1024 (custom)
2019-10-02 00:49:33,363 [pool-383-thread-1] INFO  server.RaftServerConfigKeys (ConfUtils.java:logGet(43)) - raft.server.log.appender.buffer.byte-limit = 33554432 (custom)
2019-10-02 00:49:33,363 [pool-393-thread-1] INFO  server.RaftServerConfigKeys (ConfUtils.java:logGet(43)) - raft.server.log.segment.size.max = 1048576 (custom)
2019-10-02 00:49:33,363 [pool-403-thread-1] INFO  server.RaftServerConfigKeys (ConfUtils.java:logGet(43)) - raft.server.log.segment.size.max = 1048576 (custom)
2019-10-02 00:49:33,364 [pool-393-thread-1] INFO  server.RaftServerConfigKeys (ConfUtils.java:logGet(43)) - raft.server.log.preallocated.size = 16384 (custom)
2019-10-02 00:49:33,364 [pool-383-thread-1] INFO  server.RaftServerConfigKeys (ConfUtils.java:logGet(43)) - raft.server.log.segment.size.max = 1048576 (custom)
2019-10-02 00:49:33,364 [pool-393-thread-1] INFO  server.RaftServerConfigKeys (ConfUtils.java:logGet(43)) - raft.server.log.write.buffer.size = 33554432 (custom)
2019-10-02 00:49:33,364 [pool-403-thread-1] INFO  server.RaftServerConfigKeys (ConfUtils.java:logGet(43)) - raft.server.log.segment.cache.num.max = 2 (custom)
2019-10-02 00:49:33,364 [pool-393-thread-1] INFO  server.RaftServerConfigKeys (ConfUtils.java:logGet(43)) - raft.server.log.force.sync.num = 128 (default)
2019-10-02 00:49:33,364 [pool-383-thread-1] INFO  server.RaftServerConfigKeys (ConfUtils.java:logGet(43)) - raft.server.log.segment.cache.num.max = 2 (custom)
2019-10-02 00:49:33,364 [pool-393-thread-1] INFO  server.RaftServerConfigKeys (ConfUtils.java:logGet(43)) - raft.server.log.statemachine.data.sync = true (default)
2019-10-02 00:49:33,364 [pool-403-thread-1] INFO  segmented.SegmentedRaftLogWorker (SegmentedRaftLogWorker.java:<init>(173)) - new 0f668ae3-b92a-4aae-8242-ea0bc1bca92c@group-F0A874D2D4F9-SegmentedRaftLogWorker for RaftStorage:Storage Directory /workdir/hadoop-ozone/integration-test/target/test-dir/MiniOzoneClusterImpl-a0d93c8f-3734-4fbb-bc7f-864ab72bb3bf/datanode-2/data/ratis/12f0119b-bff2-4928-8a4d-f0a874d2d4f9
2019-10-02 00:49:33,365 [pool-393-thread-1] INFO  server.RaftServerConfigKeys (ConfUtils.java:logGet(43)) - raft.server.log.statemachine.data.sync.timeout = 10s (default)
2019-10-02 00:49:33,364 [pool-383-thread-1] INFO  segmented.SegmentedRaftLogWorker (SegmentedRaftLogWorker.java:<init>(173)) - new 9fea9e3e-38e1-4c63-b169-88a1e5dd4413@group-F0A874D2D4F9-SegmentedRaftLogWorker for RaftStorage:Storage Directory /workdir/hadoop-ozone/integration-test/target/test-dir/MiniOzoneClusterImpl-a0d93c8f-3734-4fbb-bc7f-864ab72bb3bf/datanode-0/data/ratis/12f0119b-bff2-4928-8a4d-f0a874d2d4f9
2019-10-02 00:49:33,365 [pool-393-thread-1] INFO  server.RaftServerConfigKeys (ConfUtils.java:logGet(43)) - raft.server.log.statemachine.data.sync.timeout.retry = -1 (default)
2019-10-02 00:49:33,365 [pool-403-thread-1] INFO  server.RaftServerConfigKeys (ConfUtils.java:logGet(43)) - raft.server.log.queue.byte-limit = 2147483647 (custom)
2019-10-02 00:49:33,365 [pool-393-thread-1] INFO  server.RaftServerConfigKeys (ConfUtils.java:logGet(43)) - raft.server.log.statemachine.data.caching.enabled = true (custom)
2019-10-02 00:49:33,365 [pool-383-thread-1] INFO  server.RaftServerConfigKeys (ConfUtils.java:logGet(43)) - raft.server.log.queue.byte-limit = 2147483647 (custom)
2019-10-02 00:49:33,365 [pool-393-thread-1] INFO  segmented.SegmentedRaftLogWorker (SegmentedRaftLogWorker.java:lambda$new$0(128)) - 4cb12814-4d04-44fb-9fee-a7f7e7712377@group-F0A874D2D4F9-SegmentedRaftLogWorker: flushIndex: setUnconditionally 0 -> -1
2019-10-02 00:49:33,365 [pool-383-thread-1] INFO  server.RaftServerConfigKeys (ConfUtils.java:logGet(43)) - raft.server.log.queue.element-limit = 1024 (custom)
2019-10-02 00:49:33,365 [pool-403-thread-1] INFO  server.RaftServerConfigKeys (ConfUtils.java:logGet(43)) - raft.server.log.queue.element-limit = 1024 (custom)
2019-10-02 00:49:33,366 [pool-393-thread-1] INFO  server.RaftServerConfigKeys (ConfUtils.java:logGet(43)) - raft.server.snapshot.auto.trigger.enabled = true (custom)
2019-10-02 00:49:33,365 [pool-383-thread-1] INFO  server.RaftServerConfigKeys (ConfUtils.java:logGet(43)) - raft.server.log.segment.size.max = 1048576 (custom)
2019-10-02 00:49:33,366 [pool-393-thread-1] INFO  server.RaftServerConfigKeys (ConfUtils.java:logGet(43)) - raft.server.snapshot.auto.trigger.threshold = 10000 (custom)
2019-10-02 00:49:33,366 [pool-403-thread-1] INFO  server.RaftServerConfigKeys (ConfUtils.java:logGet(43)) - raft.server.log.segment.size.max = 1048576 (custom)
2019-10-02 00:49:33,366 [pool-393-thread-1] INFO  server.RaftServerConfigKeys (ConfUtils.java:logGet(43)) - raft.server.snapshot.retention.file.num = 5 (custom)
2019-10-02 00:49:33,366 [pool-383-thread-1] INFO  server.RaftServerConfigKeys (ConfUtils.java:logGet(43)) - raft.server.log.preallocated.size = 16384 (custom)
2019-10-02 00:49:33,366 [pool-393-thread-1] INFO  server.RaftServerConfigKeys (ConfUtils.java:logGet(43)) - raft.server.retrycache.expirytime = 600000ms (custom)
2019-10-02 00:49:33,366 [pool-403-thread-1] INFO  server.RaftServerConfigKeys (ConfUtils.java:logGet(43)) - raft.server.log.preallocated.size = 16384 (custom)
2019-10-02 00:49:33,366 [pool-383-thread-1] INFO  server.RaftServerConfigKeys (ConfUtils.java:logGet(43)) - raft.server.log.write.buffer.size = 33554432 (custom)
2019-10-02 00:49:33,366 [pool-403-thread-1] INFO  server.RaftServerConfigKeys (ConfUtils.java:logGet(43)) - raft.server.log.write.buffer.size = 33554432 (custom)
2019-10-02 00:49:33,367 [pool-383-thread-1] INFO  server.RaftServerConfigKeys (ConfUtils.java:logGet(43)) - raft.server.log.force.sync.num = 128 (default)
2019-10-02 00:49:33,367 [pool-403-thread-1] INFO  server.RaftServerConfigKeys (ConfUtils.java:logGet(43)) - raft.server.log.force.sync.num = 128 (default)
2019-10-02 00:49:33,367 [pool-383-thread-1] INFO  server.RaftServerConfigKeys (ConfUtils.java:logGet(43)) - raft.server.log.statemachine.data.sync = true (default)
2019-10-02 00:49:33,367 [pool-403-thread-1] INFO  server.RaftServerConfigKeys (ConfUtils.java:logGet(43)) - raft.server.log.statemachine.data.sync = true (default)
2019-10-02 00:49:33,367 [pool-383-thread-1] INFO  server.RaftServerConfigKeys (ConfUtils.java:logGet(43)) - raft.server.log.statemachine.data.sync.timeout = 10s (default)
2019-10-02 00:49:33,367 [pool-403-thread-1] INFO  server.RaftServerConfigKeys (ConfUtils.java:logGet(43)) - raft.server.log.statemachine.data.sync.timeout = 10s (default)
2019-10-02 00:49:33,367 [pool-383-thread-1] INFO  server.RaftServerConfigKeys (ConfUtils.java:logGet(43)) - raft.server.log.statemachine.data.sync.timeout.retry = -1 (default)
2019-10-02 00:49:33,367 [pool-393-thread-1] INFO  impl.RaftServerImpl (RaftServerImpl.java:start(181)) - 4cb12814-4d04-44fb-9fee-a7f7e7712377@group-F0A874D2D4F9: start as a follower, conf=-1: [0f668ae3-b92a-4aae-8242-ea0bc1bca92c:192.168.151.67:45802, 9fea9e3e-38e1-4c63-b169-88a1e5dd4413:192.168.151.67:46552, 4cb12814-4d04-44fb-9fee-a7f7e7712377:192.168.151.67:44821], old=null
2019-10-02 00:49:33,368 [pool-383-thread-1] INFO  server.RaftServerConfigKeys (ConfUtils.java:logGet(43)) - raft.server.log.statemachine.data.caching.enabled = true (custom)
2019-10-02 00:49:33,368 [pool-403-thread-1] INFO  server.RaftServerConfigKeys (ConfUtils.java:logGet(43)) - raft.server.log.statemachine.data.sync.timeout.retry = -1 (default)
2019-10-02 00:49:33,368 [pool-383-thread-1] INFO  segmented.SegmentedRaftLogWorker (SegmentedRaftLogWorker.java:lambda$new$0(128)) - 9fea9e3e-38e1-4c63-b169-88a1e5dd4413@group-F0A874D2D4F9-SegmentedRaftLogWorker: flushIndex: setUnconditionally 0 -> -1
2019-10-02 00:49:33,368 [pool-393-thread-1] INFO  impl.RaftServerImpl (RaftServerImpl.java:setRole(170)) - 4cb12814-4d04-44fb-9fee-a7f7e7712377@group-F0A874D2D4F9: changes role from      null to FOLLOWER at term 0 for startAsFollower
2019-10-02 00:49:33,368 [pool-403-thread-1] INFO  server.RaftServerConfigKeys (ConfUtils.java:logGet(43)) - raft.server.log.statemachine.data.caching.enabled = true (custom)
2019-10-02 00:49:33,368 [pool-383-thread-1] INFO  server.RaftServerConfigKeys (ConfUtils.java:logGet(43)) - raft.server.snapshot.auto.trigger.enabled = true (custom)
2019-10-02 00:49:33,368 [pool-393-thread-1] INFO  impl.RoleInfo (RoleInfo.java:updateAndGet(143)) - 4cb12814-4d04-44fb-9fee-a7f7e7712377: start FollowerState
2019-10-02 00:49:33,368 [pool-403-thread-1] INFO  segmented.SegmentedRaftLogWorker (SegmentedRaftLogWorker.java:lambda$new$0(128)) - 0f668ae3-b92a-4aae-8242-ea0bc1bca92c@group-F0A874D2D4F9-SegmentedRaftLogWorker: flushIndex: setUnconditionally 0 -> -1
2019-10-02 00:49:33,369 [pool-393-thread-1] INFO  util.JmxRegister (JmxRegister.java:tryRegister(44)) - Successfully registered JMX Bean with object name Ratis:service=RaftServer,group=group-F0A874D2D4F9,id=4cb12814-4d04-44fb-9fee-a7f7e7712377
2019-10-02 00:49:33,368 [pool-383-thread-1] INFO  server.RaftServerConfigKeys (ConfUtils.java:logGet(43)) - raft.server.snapshot.auto.trigger.threshold = 10000 (custom)
2019-10-02 00:49:33,369 [pool-403-thread-1] INFO  server.RaftServerConfigKeys (ConfUtils.java:logGet(43)) - raft.server.snapshot.auto.trigger.enabled = true (custom)
2019-10-02 00:49:33,369 [pool-383-thread-1] INFO  server.RaftServerConfigKeys (ConfUtils.java:logGet(43)) - raft.server.snapshot.retention.file.num = 5 (custom)
2019-10-02 00:49:33,369 [pool-403-thread-1] INFO  server.RaftServerConfigKeys (ConfUtils.java:logGet(43)) - raft.server.snapshot.auto.trigger.threshold = 10000 (custom)
2019-10-02 00:49:33,369 [pool-383-thread-1] INFO  server.RaftServerConfigKeys (ConfUtils.java:logGet(43)) - raft.server.retrycache.expirytime = 600000ms (custom)
2019-10-02 00:49:33,369 [pool-403-thread-1] INFO  server.RaftServerConfigKeys (ConfUtils.java:logGet(43)) - raft.server.snapshot.retention.file.num = 5 (custom)
2019-10-02 00:49:33,370 [pool-403-thread-1] INFO  server.RaftServerConfigKeys (ConfUtils.java:logGet(43)) - raft.server.retrycache.expirytime = 600000ms (custom)
2019-10-02 00:49:33,372 [pool-383-thread-1] INFO  impl.RaftServerImpl (RaftServerImpl.java:start(181)) - 9fea9e3e-38e1-4c63-b169-88a1e5dd4413@group-F0A874D2D4F9: start as a follower, conf=-1: [0f668ae3-b92a-4aae-8242-ea0bc1bca92c:192.168.151.67:45802, 9fea9e3e-38e1-4c63-b169-88a1e5dd4413:192.168.151.67:46552, 4cb12814-4d04-44fb-9fee-a7f7e7712377:192.168.151.67:44821], old=null
2019-10-02 00:49:33,372 [pool-383-thread-1] INFO  impl.RaftServerImpl (RaftServerImpl.java:setRole(170)) - 9fea9e3e-38e1-4c63-b169-88a1e5dd4413@group-F0A874D2D4F9: changes role from      null to FOLLOWER at term 0 for startAsFollower
2019-10-02 00:49:33,372 [pool-403-thread-1] INFO  impl.RaftServerImpl (RaftServerImpl.java:start(181)) - 0f668ae3-b92a-4aae-8242-ea0bc1bca92c@group-F0A874D2D4F9: start as a follower, conf=-1: [0f668ae3-b92a-4aae-8242-ea0bc1bca92c:192.168.151.67:45802, 9fea9e3e-38e1-4c63-b169-88a1e5dd4413:192.168.151.67:46552, 4cb12814-4d04-44fb-9fee-a7f7e7712377:192.168.151.67:44821], old=null
2019-10-02 00:49:33,372 [pool-383-thread-1] INFO  impl.RoleInfo (RoleInfo.java:updateAndGet(143)) - 9fea9e3e-38e1-4c63-b169-88a1e5dd4413: start FollowerState
2019-10-02 00:49:33,372 [pool-403-thread-1] INFO  impl.RaftServerImpl (RaftServerImpl.java:setRole(170)) - 0f668ae3-b92a-4aae-8242-ea0bc1bca92c@group-F0A874D2D4F9: changes role from      null to FOLLOWER at term 0 for startAsFollower
2019-10-02 00:49:33,373 [pool-403-thread-1] INFO  impl.RoleInfo (RoleInfo.java:updateAndGet(143)) - 0f668ae3-b92a-4aae-8242-ea0bc1bca92c: start FollowerState
2019-10-02 00:49:33,373 [pool-383-thread-1] INFO  util.JmxRegister (JmxRegister.java:tryRegister(44)) - Successfully registered JMX Bean with object name Ratis:service=RaftServer,group=group-F0A874D2D4F9,id=9fea9e3e-38e1-4c63-b169-88a1e5dd4413
2019-10-02 00:49:33,373 [pool-403-thread-1] INFO  util.JmxRegister (JmxRegister.java:tryRegister(44)) - Successfully registered JMX Bean with object name Ratis:service=RaftServer,group=group-F0A874D2D4F9,id=0f668ae3-b92a-4aae-8242-ea0bc1bca92c
2019-10-02 00:49:33,378 [RatisPipelineUtilsThread] INFO  pipeline.PipelineStateManager (PipelineStateManager.java:addPipeline(56)) - Created pipeline Pipeline[ Id: 12f0119b-bff2-4928-8a4d-f0a874d2d4f9, Nodes: 9fea9e3e-38e1-4c63-b169-88a1e5dd4413{ip: 192.168.151.67, host: pr-hdds-1984-s47sn-1814639636, networkLocation: /default-rack, certSerialId: null}4cb12814-4d04-44fb-9fee-a7f7e7712377{ip: 192.168.151.67, host: pr-hdds-1984-s47sn-1814639636, networkLocation: /default-rack, certSerialId: null}0f668ae3-b92a-4aae-8242-ea0bc1bca92c{ip: 192.168.151.67, host: pr-hdds-1984-s47sn-1814639636, networkLocation: /default-rack, certSerialId: null}, Type:RATIS, Factor:THREE, State:OPEN]
2019-10-02 00:49:33,449 [IPC Server handler 2 on 40789] INFO  net.NetworkTopology (NetworkTopologyImpl.java:add(111)) - Added a new node: /default-rack/9dde2aa1-51a5-4635-b482-df1a1d0eee24
2019-10-02 00:49:33,449 [IPC Server handler 2 on 40789] INFO  node.SCMNodeManager (SCMNodeManager.java:register(266)) - Registered Data node : 9dde2aa1-51a5-4635-b482-df1a1d0eee24{ip: 192.168.151.67, host: pr-hdds-1984-s47sn-1814639636, networkLocation: /default-rack, certSerialId: null}
2019-10-02 00:49:33,459 [grpc-default-executor-5] INFO  impl.RaftServerProxy (RaftServerProxy.java:addNew(89)) - 9dde2aa1-51a5-4635-b482-df1a1d0eee24: addNew group-D240BC827D3B:[9dde2aa1-51a5-4635-b482-df1a1d0eee24:192.168.151.67:36500] returns group-D240BC827D3B:java.util.concurrent.CompletableFuture@2ea8f1dd[Not completed]
2019-10-02 00:49:33,460 [pool-423-thread-1] INFO  impl.RaftServerImpl (RaftServerImpl.java:<init>(95)) - 9dde2aa1-51a5-4635-b482-df1a1d0eee24: new RaftServerImpl for group-D240BC827D3B:[9dde2aa1-51a5-4635-b482-df1a1d0eee24:192.168.151.67:36500] with ContainerStateMachine:uninitialized
2019-10-02 00:49:33,460 [pool-423-thread-1] INFO  server.RaftServerConfigKeys (ConfUtils.java:logGet(43)) - raft.server.rpc.timeout.min = 5s (custom)
2019-10-02 00:49:33,460 [pool-423-thread-1] INFO  server.RaftServerConfigKeys (ConfUtils.java:logGet(43)) - raft.server.rpc.timeout.max = 5200ms (custom)
2019-10-02 00:49:33,460 [pool-423-thread-1] INFO  server.RaftServerConfigKeys (ConfUtils.java:logGet(43)) - raft.server.rpcslowness.timeout = 120s (custom)
2019-10-02 00:49:33,460 [pool-423-thread-1] INFO  server.RaftServerConfigKeys (ConfUtils.java:logGet(43)) - raft.server.sleep.deviation.threshold = 300 (default)
2019-10-02 00:49:33,461 [pool-423-thread-1] INFO  server.RaftServerConfigKeys (ConfUtils.java:logGet(43)) - raft.server.log.appender.install.snapshot.enabled = false (custom)
2019-10-02 00:49:33,461 [pool-423-thread-1] INFO  impl.RaftServerImpl (ServerState.java:<init>(103)) - 9dde2aa1-51a5-4635-b482-df1a1d0eee24@group-D240BC827D3B: ConfigurationManager, init=-1: [9dde2aa1-51a5-4635-b482-df1a1d0eee24:192.168.151.67:36500], old=null, confs=<EMPTY_MAP>
2019-10-02 00:49:33,461 [pool-423-thread-1] INFO  server.RaftServerConfigKeys (ConfUtils.java:logGet(43)) - raft.server.storage.dir = [/workdir/hadoop-ozone/integration-test/target/test-dir/MiniOzoneClusterImpl-a0d93c8f-3734-4fbb-bc7f-864ab72bb3bf/datanode-4/data/ratis] (custom)
2019-10-02 00:49:33,461 [pool-423-thread-1] INFO  server.RaftServerConfigKeys (ConfUtils.java:logGet(43)) - raft.server.log.corruption.policy = EXCEPTION (default)
2019-10-02 00:49:33,462 [pool-423-thread-1] INFO  storage.RaftStorageDirectory (RaftStorageDirectory.java:analyzeStorage(246)) - The storage directory /workdir/hadoop-ozone/integration-test/target/test-dir/MiniOzoneClusterImpl-a0d93c8f-3734-4fbb-bc7f-864ab72bb3bf/datanode-4/data/ratis/5d8aa327-444d-4172-bf84-d240bc827d3b does not exist. Creating ...
2019-10-02 00:49:33,477 [pool-423-thread-1] INFO  storage.RaftStorageDirectory (RaftStorageDirectory.java:tryLock(328)) - Lock on /workdir/hadoop-ozone/integration-test/target/test-dir/MiniOzoneClusterImpl-a0d93c8f-3734-4fbb-bc7f-864ab72bb3bf/datanode-4/data/ratis/5d8aa327-444d-4172-bf84-d240bc827d3b/in_use.lock acquired by nodename 25347@pr-hdds-1984-s47sn-1814639636
2019-10-02 00:49:33,490 [pool-423-thread-1] INFO  storage.RaftStorage (RaftStorage.java:format(84)) - Storage directory /workdir/hadoop-ozone/integration-test/target/test-dir/MiniOzoneClusterImpl-a0d93c8f-3734-4fbb-bc7f-864ab72bb3bf/datanode-4/data/ratis/5d8aa327-444d-4172-bf84-d240bc827d3b has been successfully formatted.
2019-10-02 00:49:33,490 [pool-423-thread-1] INFO  ratis.ContainerStateMachine (ContainerStateMachine.java:loadSnapshot(230)) - group-D240BC827D3B: The snapshot info is null. Setting the last applied indexto:(t:0, i:~)
2019-10-02 00:49:33,491 [pool-423-thread-1] INFO  server.RaftServerConfigKeys (ConfUtils.java:logGet(43)) - raft.server.notification.no-leader.timeout = 120s (custom)
2019-10-02 00:49:33,491 [pool-423-thread-1] INFO  server.RaftServerConfigKeys (ConfUtils.java:logGet(43)) - raft.server.log.use.memory = false (default)
2019-10-02 00:49:33,491 [pool-423-thread-1] INFO  server.RaftServerConfigKeys (ConfUtils.java:logGet(43)) - raft.server.log.purge.gap = 1000000 (custom)
2019-10-02 00:49:33,491 [pool-423-thread-1] INFO  server.RaftServerConfigKeys (ConfUtils.java:logGet(43)) - raft.server.log.appender.buffer.byte-limit = 33554432 (custom)
2019-10-02 00:49:33,491 [pool-423-thread-1] INFO  server.RaftServerConfigKeys (ConfUtils.java:logGet(43)) - raft.server.log.segment.size.max = 1048576 (custom)
2019-10-02 00:49:33,493 [pool-423-thread-1] INFO  server.RaftServerConfigKeys (ConfUtils.java:logGet(43)) - raft.server.log.segment.cache.num.max = 2 (custom)
2019-10-02 00:49:33,493 [pool-423-thread-1] INFO  segmented.SegmentedRaftLogWorker (SegmentedRaftLogWorker.java:<init>(173)) - new 9dde2aa1-51a5-4635-b482-df1a1d0eee24@group-D240BC827D3B-SegmentedRaftLogWorker for RaftStorage:Storage Directory /workdir/hadoop-ozone/integration-test/target/test-dir/MiniOzoneClusterImpl-a0d93c8f-3734-4fbb-bc7f-864ab72bb3bf/datanode-4/data/ratis/5d8aa327-444d-4172-bf84-d240bc827d3b
2019-10-02 00:49:33,493 [pool-423-thread-1] INFO  server.RaftServerConfigKeys (ConfUtils.java:logGet(43)) - raft.server.log.queue.byte-limit = 2147483647 (custom)
2019-10-02 00:49:33,493 [pool-423-thread-1] INFO  server.RaftServerConfigKeys (ConfUtils.java:logGet(43)) - raft.server.log.queue.element-limit = 1024 (custom)
2019-10-02 00:49:33,494 [pool-423-thread-1] INFO  server.RaftServerConfigKeys (ConfUtils.java:logGet(43)) - raft.server.log.segment.size.max = 1048576 (custom)
2019-10-02 00:49:33,494 [pool-423-thread-1] INFO  server.RaftServerConfigKeys (ConfUtils.java:logGet(43)) - raft.server.log.preallocated.size = 16384 (custom)
2019-10-02 00:49:33,494 [pool-423-thread-1] INFO  server.RaftServerConfigKeys (ConfUtils.java:logGet(43)) - raft.server.log.write.buffer.size = 33554432 (custom)
2019-10-02 00:49:33,494 [pool-423-thread-1] INFO  server.RaftServerConfigKeys (ConfUtils.java:logGet(43)) - raft.server.log.force.sync.num = 128 (default)
2019-10-02 00:49:33,494 [pool-423-thread-1] INFO  server.RaftServerConfigKeys (ConfUtils.java:logGet(43)) - raft.server.log.statemachine.data.sync = true (default)
2019-10-02 00:49:33,494 [pool-423-thread-1] INFO  server.RaftServerConfigKeys (ConfUtils.java:logGet(43)) - raft.server.log.statemachine.data.sync.timeout = 10s (default)
2019-10-02 00:49:33,494 [pool-423-thread-1] INFO  server.RaftServerConfigKeys (ConfUtils.java:logGet(43)) - raft.server.log.statemachine.data.sync.timeout.retry = -1 (default)
2019-10-02 00:49:33,495 [pool-423-thread-1] INFO  server.RaftServerConfigKeys (ConfUtils.java:logGet(43)) - raft.server.log.statemachine.data.caching.enabled = true (custom)
2019-10-02 00:49:33,495 [pool-423-thread-1] INFO  segmented.SegmentedRaftLogWorker (SegmentedRaftLogWorker.java:lambda$new$0(128)) - 9dde2aa1-51a5-4635-b482-df1a1d0eee24@group-D240BC827D3B-SegmentedRaftLogWorker: flushIndex: setUnconditionally 0 -> -1
2019-10-02 00:49:33,495 [pool-423-thread-1] INFO  server.RaftServerConfigKeys (ConfUtils.java:logGet(43)) - raft.server.snapshot.auto.trigger.enabled = true (custom)
2019-10-02 00:49:33,496 [pool-423-thread-1] INFO  server.RaftServerConfigKeys (ConfUtils.java:logGet(43)) - raft.server.snapshot.auto.trigger.threshold = 10000 (custom)
2019-10-02 00:49:33,496 [pool-423-thread-1] INFO  server.RaftServerConfigKeys (ConfUtils.java:logGet(43)) - raft.server.snapshot.retention.file.num = 5 (custom)
2019-10-02 00:49:33,496 [pool-423-thread-1] INFO  server.RaftServerConfigKeys (ConfUtils.java:logGet(43)) - raft.server.retrycache.expirytime = 600000ms (custom)
2019-10-02 00:49:33,498 [pool-423-thread-1] INFO  impl.RaftServerImpl (RaftServerImpl.java:start(181)) - 9dde2aa1-51a5-4635-b482-df1a1d0eee24@group-D240BC827D3B: start as a follower, conf=-1: [9dde2aa1-51a5-4635-b482-df1a1d0eee24:192.168.151.67:36500], old=null
2019-10-02 00:49:33,498 [pool-423-thread-1] INFO  impl.RaftServerImpl (RaftServerImpl.java:setRole(170)) - 9dde2aa1-51a5-4635-b482-df1a1d0eee24@group-D240BC827D3B: changes role from      null to FOLLOWER at term 0 for startAsFollower
2019-10-02 00:49:33,498 [pool-423-thread-1] INFO  impl.RoleInfo (RoleInfo.java:updateAndGet(143)) - 9dde2aa1-51a5-4635-b482-df1a1d0eee24: start FollowerState
2019-10-02 00:49:33,498 [pool-423-thread-1] INFO  util.JmxRegister (JmxRegister.java:tryRegister(44)) - Successfully registered JMX Bean with object name Ratis:service=RaftServer,group=group-D240BC827D3B,id=9dde2aa1-51a5-4635-b482-df1a1d0eee24
2019-10-02 00:49:33,503 [RatisPipelineUtilsThread] INFO  pipeline.PipelineStateManager (PipelineStateManager.java:addPipeline(56)) - Created pipeline Pipeline[ Id: 5d8aa327-444d-4172-bf84-d240bc827d3b, Nodes: 9dde2aa1-51a5-4635-b482-df1a1d0eee24{ip: 192.168.151.67, host: pr-hdds-1984-s47sn-1814639636, networkLocation: /default-rack, certSerialId: null}, Type:RATIS, Factor:ONE, State:OPEN]
2019-10-02 00:49:33,512 [grpc-default-executor-5] INFO  impl.RaftServerProxy (RaftServerProxy.java:addNew(89)) - 62d60dec-38f5-4493-8322-d0d86b92da7b: addNew group-BEEC5B6A3B24:[62d60dec-38f5-4493-8322-d0d86b92da7b:192.168.151.67:41122] returns group-BEEC5B6A3B24:java.util.concurrent.CompletableFuture@73abb414[Not completed]
2019-10-02 00:49:33,514 [pool-413-thread-1] INFO  impl.RaftServerImpl (RaftServerImpl.java:<init>(95)) - 62d60dec-38f5-4493-8322-d0d86b92da7b: new RaftServerImpl for group-BEEC5B6A3B24:[62d60dec-38f5-4493-8322-d0d86b92da7b:192.168.151.67:41122] with ContainerStateMachine:uninitialized
2019-10-02 00:49:33,514 [pool-413-thread-1] INFO  server.RaftServerConfigKeys (ConfUtils.java:logGet(43)) - raft.server.rpc.timeout.min = 5s (custom)
2019-10-02 00:49:33,514 [pool-413-thread-1] INFO  server.RaftServerConfigKeys (ConfUtils.java:logGet(43)) - raft.server.rpc.timeout.max = 5200ms (custom)
2019-10-02 00:49:33,514 [pool-413-thread-1] INFO  server.RaftServerConfigKeys (ConfUtils.java:logGet(43)) - raft.server.rpcslowness.timeout = 120s (custom)
2019-10-02 00:49:33,515 [pool-413-thread-1] INFO  server.RaftServerConfigKeys (ConfUtils.java:logGet(43)) - raft.server.sleep.deviation.threshold = 300 (default)
2019-10-02 00:49:33,515 [pool-413-thread-1] INFO  server.RaftServerConfigKeys (ConfUtils.java:logGet(43)) - raft.server.log.appender.install.snapshot.enabled = false (custom)
2019-10-02 00:49:33,515 [pool-413-thread-1] INFO  impl.RaftServerImpl (ServerState.java:<init>(103)) - 62d60dec-38f5-4493-8322-d0d86b92da7b@group-BEEC5B6A3B24: ConfigurationManager, init=-1: [62d60dec-38f5-4493-8322-d0d86b92da7b:192.168.151.67:41122], old=null, confs=<EMPTY_MAP>
2019-10-02 00:49:33,515 [pool-413-thread-1] INFO  server.RaftServerConfigKeys (ConfUtils.java:logGet(43)) - raft.server.storage.dir = [/workdir/hadoop-ozone/integration-test/target/test-dir/MiniOzoneClusterImpl-a0d93c8f-3734-4fbb-bc7f-864ab72bb3bf/datanode-3/data/ratis] (custom)
2019-10-02 00:49:33,515 [pool-413-thread-1] INFO  server.RaftServerConfigKeys (ConfUtils.java:logGet(43)) - raft.server.log.corruption.policy = EXCEPTION (default)
2019-10-02 00:49:33,516 [pool-413-thread-1] INFO  storage.RaftStorageDirectory (RaftStorageDirectory.java:analyzeStorage(246)) - The storage directory /workdir/hadoop-ozone/integration-test/target/test-dir/MiniOzoneClusterImpl-a0d93c8f-3734-4fbb-bc7f-864ab72bb3bf/datanode-3/data/ratis/a5c40f64-919a-4947-b386-beec5b6a3b24 does not exist. Creating ...
2019-10-02 00:49:33,529 [pool-413-thread-1] INFO  storage.RaftStorageDirectory (RaftStorageDirectory.java:tryLock(328)) - Lock on /workdir/hadoop-ozone/integration-test/target/test-dir/MiniOzoneClusterImpl-a0d93c8f-3734-4fbb-bc7f-864ab72bb3bf/datanode-3/data/ratis/a5c40f64-919a-4947-b386-beec5b6a3b24/in_use.lock acquired by nodename 25347@pr-hdds-1984-s47sn-1814639636
2019-10-02 00:49:33,532 [IPC Server handler 6 on 40789] INFO  net.NetworkTopology (NetworkTopologyImpl.java:add(111)) - Added a new node: /default-rack/ffe16471-5a54-4722-82a2-96df65f2e972
2019-10-02 00:49:33,532 [IPC Server handler 6 on 40789] INFO  node.SCMNodeManager (SCMNodeManager.java:register(266)) - Registered Data node : ffe16471-5a54-4722-82a2-96df65f2e972{ip: 192.168.151.67, host: pr-hdds-1984-s47sn-1814639636, networkLocation: /default-rack, certSerialId: null}
2019-10-02 00:49:33,542 [pool-413-thread-1] INFO  storage.RaftStorage (RaftStorage.java:format(84)) - Storage directory /workdir/hadoop-ozone/integration-test/target/test-dir/MiniOzoneClusterImpl-a0d93c8f-3734-4fbb-bc7f-864ab72bb3bf/datanode-3/data/ratis/a5c40f64-919a-4947-b386-beec5b6a3b24 has been successfully formatted.
2019-10-02 00:49:33,543 [pool-413-thread-1] INFO  ratis.ContainerStateMachine (ContainerStateMachine.java:loadSnapshot(230)) - group-BEEC5B6A3B24: The snapshot info is null. Setting the last applied indexto:(t:0, i:~)
2019-10-02 00:49:33,543 [pool-413-thread-1] INFO  server.RaftServerConfigKeys (ConfUtils.java:logGet(43)) - raft.server.notification.no-leader.timeout = 120s (custom)
2019-10-02 00:49:33,543 [pool-413-thread-1] INFO  server.RaftServerConfigKeys (ConfUtils.java:logGet(43)) - raft.server.log.use.memory = false (default)
2019-10-02 00:49:33,543 [pool-413-thread-1] INFO  server.RaftServerConfigKeys (ConfUtils.java:logGet(43)) - raft.server.log.purge.gap = 1000000 (custom)
2019-10-02 00:49:33,543 [pool-413-thread-1] INFO  server.RaftServerConfigKeys (ConfUtils.java:logGet(43)) - raft.server.log.appender.buffer.byte-limit = 33554432 (custom)
2019-10-02 00:49:33,543 [pool-413-thread-1] INFO  server.RaftServerConfigKeys (ConfUtils.java:logGet(43)) - raft.server.log.segment.size.max = 1048576 (custom)
2019-10-02 00:49:33,545 [pool-413-thread-1] INFO  server.RaftServerConfigKeys (ConfUtils.java:logGet(43)) - raft.server.log.segment.cache.num.max = 2 (custom)
2019-10-02 00:49:33,545 [pool-413-thread-1] INFO  segmented.SegmentedRaftLogWorker (SegmentedRaftLogWorker.java:<init>(173)) - new 62d60dec-38f5-4493-8322-d0d86b92da7b@group-BEEC5B6A3B24-SegmentedRaftLogWorker for RaftStorage:Storage Directory /workdir/hadoop-ozone/integration-test/target/test-dir/MiniOzoneClusterImpl-a0d93c8f-3734-4fbb-bc7f-864ab72bb3bf/datanode-3/data/ratis/a5c40f64-919a-4947-b386-beec5b6a3b24
2019-10-02 00:49:33,545 [pool-413-thread-1] INFO  server.RaftServerConfigKeys (ConfUtils.java:logGet(43)) - raft.server.log.queue.byte-limit = 2147483647 (custom)
2019-10-02 00:49:33,546 [pool-413-thread-1] INFO  server.RaftServerConfigKeys (ConfUtils.java:logGet(43)) - raft.server.log.queue.element-limit = 1024 (custom)
2019-10-02 00:49:33,546 [pool-413-thread-1] INFO  server.RaftServerConfigKeys (ConfUtils.java:logGet(43)) - raft.server.log.segment.size.max = 1048576 (custom)
2019-10-02 00:49:33,546 [pool-413-thread-1] INFO  server.RaftServerConfigKeys (ConfUtils.java:logGet(43)) - raft.server.log.preallocated.size = 16384 (custom)
2019-10-02 00:49:33,546 [pool-413-thread-1] INFO  server.RaftServerConfigKeys (ConfUtils.java:logGet(43)) - raft.server.log.write.buffer.size = 33554432 (custom)
2019-10-02 00:49:33,546 [pool-413-thread-1] INFO  server.RaftServerConfigKeys (ConfUtils.java:logGet(43)) - raft.server.log.force.sync.num = 128 (default)
2019-10-02 00:49:33,546 [pool-413-thread-1] INFO  server.RaftServerConfigKeys (ConfUtils.java:logGet(43)) - raft.server.log.statemachine.data.sync = true (default)
2019-10-02 00:49:33,546 [pool-413-thread-1] INFO  server.RaftServerConfigKeys (ConfUtils.java:logGet(43)) - raft.server.log.statemachine.data.sync.timeout = 10s (default)
2019-10-02 00:49:33,546 [pool-413-thread-1] INFO  server.RaftServerConfigKeys (ConfUtils.java:logGet(43)) - raft.server.log.statemachine.data.sync.timeout.retry = -1 (default)
2019-10-02 00:49:33,547 [pool-413-thread-1] INFO  server.RaftServerConfigKeys (ConfUtils.java:logGet(43)) - raft.server.log.statemachine.data.caching.enabled = true (custom)
2019-10-02 00:49:33,547 [pool-413-thread-1] INFO  segmented.SegmentedRaftLogWorker (SegmentedRaftLogWorker.java:lambda$new$0(128)) - 62d60dec-38f5-4493-8322-d0d86b92da7b@group-BEEC5B6A3B24-SegmentedRaftLogWorker: flushIndex: setUnconditionally 0 -> -1
2019-10-02 00:49:33,547 [pool-413-thread-1] INFO  server.RaftServerConfigKeys (ConfUtils.java:logGet(43)) - raft.server.snapshot.auto.trigger.enabled = true (custom)
2019-10-02 00:49:33,548 [pool-413-thread-1] INFO  server.RaftServerConfigKeys (ConfUtils.java:logGet(43)) - raft.server.snapshot.auto.trigger.threshold = 10000 (custom)
2019-10-02 00:49:33,548 [pool-413-thread-1] INFO  server.RaftServerConfigKeys (ConfUtils.java:logGet(43)) - raft.server.snapshot.retention.file.num = 5 (custom)
2019-10-02 00:49:33,548 [pool-413-thread-1] INFO  server.RaftServerConfigKeys (ConfUtils.java:logGet(43)) - raft.server.retrycache.expirytime = 600000ms (custom)
2019-10-02 00:49:33,549 [pool-413-thread-1] INFO  impl.RaftServerImpl (RaftServerImpl.java:start(181)) - 62d60dec-38f5-4493-8322-d0d86b92da7b@group-BEEC5B6A3B24: start as a follower, conf=-1: [62d60dec-38f5-4493-8322-d0d86b92da7b:192.168.151.67:41122], old=null
2019-10-02 00:49:33,549 [pool-413-thread-1] INFO  impl.RaftServerImpl (RaftServerImpl.java:setRole(170)) - 62d60dec-38f5-4493-8322-d0d86b92da7b@group-BEEC5B6A3B24: changes role from      null to FOLLOWER at term 0 for startAsFollower
2019-10-02 00:49:33,550 [pool-413-thread-1] INFO  impl.RoleInfo (RoleInfo.java:updateAndGet(143)) - 62d60dec-38f5-4493-8322-d0d86b92da7b: start FollowerState
2019-10-02 00:49:33,550 [pool-413-thread-1] INFO  util.JmxRegister (JmxRegister.java:tryRegister(44)) - Successfully registered JMX Bean with object name Ratis:service=RaftServer,group=group-BEEC5B6A3B24,id=62d60dec-38f5-4493-8322-d0d86b92da7b
2019-10-02 00:49:33,554 [RatisPipelineUtilsThread] INFO  pipeline.PipelineStateManager (PipelineStateManager.java:addPipeline(56)) - Created pipeline Pipeline[ Id: a5c40f64-919a-4947-b386-beec5b6a3b24, Nodes: 62d60dec-38f5-4493-8322-d0d86b92da7b{ip: 192.168.151.67, host: pr-hdds-1984-s47sn-1814639636, networkLocation: /default-rack, certSerialId: null}, Type:RATIS, Factor:ONE, State:OPEN]
2019-10-02 00:49:33,564 [grpc-default-executor-5] INFO  impl.RaftServerProxy (RaftServerProxy.java:addNew(89)) - ffe16471-5a54-4722-82a2-96df65f2e972: addNew group-10975D90D0FC:[ffe16471-5a54-4722-82a2-96df65f2e972:192.168.151.67:39030] returns group-10975D90D0FC:java.util.concurrent.CompletableFuture@4d196218[Not completed]
2019-10-02 00:49:33,565 [pool-433-thread-1] INFO  impl.RaftServerImpl (RaftServerImpl.java:<init>(95)) - ffe16471-5a54-4722-82a2-96df65f2e972: new RaftServerImpl for group-10975D90D0FC:[ffe16471-5a54-4722-82a2-96df65f2e972:192.168.151.67:39030] with ContainerStateMachine:uninitialized
2019-10-02 00:49:33,565 [pool-433-thread-1] INFO  server.RaftServerConfigKeys (ConfUtils.java:logGet(43)) - raft.server.rpc.timeout.min = 5s (custom)
2019-10-02 00:49:33,566 [pool-433-thread-1] INFO  server.RaftServerConfigKeys (ConfUtils.java:logGet(43)) - raft.server.rpc.timeout.max = 5200ms (custom)
2019-10-02 00:49:33,566 [pool-433-thread-1] INFO  server.RaftServerConfigKeys (ConfUtils.java:logGet(43)) - raft.server.rpcslowness.timeout = 120s (custom)
2019-10-02 00:49:33,566 [pool-433-thread-1] INFO  server.RaftServerConfigKeys (ConfUtils.java:logGet(43)) - raft.server.sleep.deviation.threshold = 300 (default)
2019-10-02 00:49:33,566 [pool-433-thread-1] INFO  server.RaftServerConfigKeys (ConfUtils.java:logGet(43)) - raft.server.log.appender.install.snapshot.enabled = false (custom)
2019-10-02 00:49:33,566 [pool-433-thread-1] INFO  impl.RaftServerImpl (ServerState.java:<init>(103)) - ffe16471-5a54-4722-82a2-96df65f2e972@group-10975D90D0FC: ConfigurationManager, init=-1: [ffe16471-5a54-4722-82a2-96df65f2e972:192.168.151.67:39030], old=null, confs=<EMPTY_MAP>
2019-10-02 00:49:33,566 [pool-433-thread-1] INFO  server.RaftServerConfigKeys (ConfUtils.java:logGet(43)) - raft.server.storage.dir = [/workdir/hadoop-ozone/integration-test/target/test-dir/MiniOzoneClusterImpl-a0d93c8f-3734-4fbb-bc7f-864ab72bb3bf/datanode-5/data/ratis] (custom)
2019-10-02 00:49:33,567 [pool-433-thread-1] INFO  server.RaftServerConfigKeys (ConfUtils.java:logGet(43)) - raft.server.log.corruption.policy = EXCEPTION (default)
2019-10-02 00:49:33,567 [pool-433-thread-1] INFO  storage.RaftStorageDirectory (RaftStorageDirectory.java:analyzeStorage(246)) - The storage directory /workdir/hadoop-ozone/integration-test/target/test-dir/MiniOzoneClusterImpl-a0d93c8f-3734-4fbb-bc7f-864ab72bb3bf/datanode-5/data/ratis/0bb09435-b680-4cf1-90f0-10975d90d0fc does not exist. Creating ...
2019-10-02 00:49:33,580 [pool-433-thread-1] INFO  storage.RaftStorageDirectory (RaftStorageDirectory.java:tryLock(328)) - Lock on /workdir/hadoop-ozone/integration-test/target/test-dir/MiniOzoneClusterImpl-a0d93c8f-3734-4fbb-bc7f-864ab72bb3bf/datanode-5/data/ratis/0bb09435-b680-4cf1-90f0-10975d90d0fc/in_use.lock acquired by nodename 25347@pr-hdds-1984-s47sn-1814639636
2019-10-02 00:49:33,593 [pool-433-thread-1] INFO  storage.RaftStorage (RaftStorage.java:format(84)) - Storage directory /workdir/hadoop-ozone/integration-test/target/test-dir/MiniOzoneClusterImpl-a0d93c8f-3734-4fbb-bc7f-864ab72bb3bf/datanode-5/data/ratis/0bb09435-b680-4cf1-90f0-10975d90d0fc has been successfully formatted.
2019-10-02 00:49:33,593 [pool-433-thread-1] INFO  ratis.ContainerStateMachine (ContainerStateMachine.java:loadSnapshot(230)) - group-10975D90D0FC: The snapshot info is null. Setting the last applied indexto:(t:0, i:~)
2019-10-02 00:49:33,593 [pool-433-thread-1] INFO  server.RaftServerConfigKeys (ConfUtils.java:logGet(43)) - raft.server.notification.no-leader.timeout = 120s (custom)
2019-10-02 00:49:33,593 [pool-433-thread-1] INFO  server.RaftServerConfigKeys (ConfUtils.java:logGet(43)) - raft.server.log.use.memory = false (default)
2019-10-02 00:49:33,593 [pool-433-thread-1] INFO  server.RaftServerConfigKeys (ConfUtils.java:logGet(43)) - raft.server.log.purge.gap = 1000000 (custom)
2019-10-02 00:49:33,593 [pool-433-thread-1] INFO  server.RaftServerConfigKeys (ConfUtils.java:logGet(43)) - raft.server.log.appender.buffer.byte-limit = 33554432 (custom)
2019-10-02 00:49:33,593 [pool-433-thread-1] INFO  server.RaftServerConfigKeys (ConfUtils.java:logGet(43)) - raft.server.log.segment.size.max = 1048576 (custom)
2019-10-02 00:49:33,595 [pool-433-thread-1] INFO  server.RaftServerConfigKeys (ConfUtils.java:logGet(43)) - raft.server.log.segment.cache.num.max = 2 (custom)
2019-10-02 00:49:33,595 [pool-433-thread-1] INFO  segmented.SegmentedRaftLogWorker (SegmentedRaftLogWorker.java:<init>(173)) - new ffe16471-5a54-4722-82a2-96df65f2e972@group-10975D90D0FC-SegmentedRaftLogWorker for RaftStorage:Storage Directory /workdir/hadoop-ozone/integration-test/target/test-dir/MiniOzoneClusterImpl-a0d93c8f-3734-4fbb-bc7f-864ab72bb3bf/datanode-5/data/ratis/0bb09435-b680-4cf1-90f0-10975d90d0fc
2019-10-02 00:49:33,595 [pool-433-thread-1] INFO  server.RaftServerConfigKeys (ConfUtils.java:logGet(43)) - raft.server.log.queue.byte-limit = 2147483647 (custom)
2019-10-02 00:49:33,596 [pool-433-thread-1] INFO  server.RaftServerConfigKeys (ConfUtils.java:logGet(43)) - raft.server.log.queue.element-limit = 1024 (custom)
2019-10-02 00:49:33,596 [pool-433-thread-1] INFO  server.RaftServerConfigKeys (ConfUtils.java:logGet(43)) - raft.server.log.segment.size.max = 1048576 (custom)
2019-10-02 00:49:33,596 [pool-433-thread-1] INFO  server.RaftServerConfigKeys (ConfUtils.java:logGet(43)) - raft.server.log.preallocated.size = 16384 (custom)
2019-10-02 00:49:33,596 [pool-433-thread-1] INFO  server.RaftServerConfigKeys (ConfUtils.java:logGet(43)) - raft.server.log.write.buffer.size = 33554432 (custom)
2019-10-02 00:49:33,596 [pool-433-thread-1] INFO  server.RaftServerConfigKeys (ConfUtils.java:logGet(43)) - raft.server.log.force.sync.num = 128 (default)
2019-10-02 00:49:33,596 [pool-433-thread-1] INFO  server.RaftServerConfigKeys (ConfUtils.java:logGet(43)) - raft.server.log.statemachine.data.sync = true (default)
2019-10-02 00:49:33,596 [pool-433-thread-1] INFO  server.RaftServerConfigKeys (ConfUtils.java:logGet(43)) - raft.server.log.statemachine.data.sync.timeout = 10s (default)
2019-10-02 00:49:33,596 [pool-433-thread-1] INFO  server.RaftServerConfigKeys (ConfUtils.java:logGet(43)) - raft.server.log.statemachine.data.sync.timeout.retry = -1 (default)
2019-10-02 00:49:33,597 [pool-433-thread-1] INFO  server.RaftServerConfigKeys (ConfUtils.java:logGet(43)) - raft.server.log.statemachine.data.caching.enabled = true (custom)
2019-10-02 00:49:33,597 [pool-433-thread-1] INFO  segmented.SegmentedRaftLogWorker (SegmentedRaftLogWorker.java:lambda$new$0(128)) - ffe16471-5a54-4722-82a2-96df65f2e972@group-10975D90D0FC-SegmentedRaftLogWorker: flushIndex: setUnconditionally 0 -> -1
2019-10-02 00:49:33,597 [pool-433-thread-1] INFO  server.RaftServerConfigKeys (ConfUtils.java:logGet(43)) - raft.server.snapshot.auto.trigger.enabled = true (custom)
2019-10-02 00:49:33,598 [pool-433-thread-1] INFO  server.RaftServerConfigKeys (ConfUtils.java:logGet(43)) - raft.server.snapshot.auto.trigger.threshold = 10000 (custom)
2019-10-02 00:49:33,598 [pool-433-thread-1] INFO  server.RaftServerConfigKeys (ConfUtils.java:logGet(43)) - raft.server.snapshot.retention.file.num = 5 (custom)
2019-10-02 00:49:33,598 [pool-433-thread-1] INFO  server.RaftServerConfigKeys (ConfUtils.java:logGet(43)) - raft.server.retrycache.expirytime = 600000ms (custom)
2019-10-02 00:49:33,599 [pool-433-thread-1] INFO  impl.RaftServerImpl (RaftServerImpl.java:start(181)) - ffe16471-5a54-4722-82a2-96df65f2e972@group-10975D90D0FC: start as a follower, conf=-1: [ffe16471-5a54-4722-82a2-96df65f2e972:192.168.151.67:39030], old=null
2019-10-02 00:49:33,599 [pool-433-thread-1] INFO  impl.RaftServerImpl (RaftServerImpl.java:setRole(170)) - ffe16471-5a54-4722-82a2-96df65f2e972@group-10975D90D0FC: changes role from      null to FOLLOWER at term 0 for startAsFollower
2019-10-02 00:49:33,599 [pool-433-thread-1] INFO  impl.RoleInfo (RoleInfo.java:updateAndGet(143)) - ffe16471-5a54-4722-82a2-96df65f2e972: start FollowerState
2019-10-02 00:49:33,600 [pool-433-thread-1] INFO  util.JmxRegister (JmxRegister.java:tryRegister(44)) - Successfully registered JMX Bean with object name Ratis:service=RaftServer,group=group-10975D90D0FC,id=ffe16471-5a54-4722-82a2-96df65f2e972
2019-10-02 00:49:33,603 [RatisPipelineUtilsThread] INFO  pipeline.PipelineStateManager (PipelineStateManager.java:addPipeline(56)) - Created pipeline Pipeline[ Id: 0bb09435-b680-4cf1-90f0-10975d90d0fc, Nodes: ffe16471-5a54-4722-82a2-96df65f2e972{ip: 192.168.151.67, host: pr-hdds-1984-s47sn-1814639636, networkLocation: /default-rack, certSerialId: null}, Type:RATIS, Factor:ONE, State:OPEN]
2019-10-02 00:49:33,611 [main] INFO  ozone.MiniOzoneClusterImpl (MiniOzoneClusterImpl.java:lambda$waitForClusterToBeReady$0(147)) - Waiting for cluster to be ready. Got 6 of 7 DN Heartbeats.
2019-10-02 00:49:33,616 [IPC Server handler 5 on 40789] INFO  net.NetworkTopology (NetworkTopologyImpl.java:add(111)) - Added a new node: /default-rack/c7698d6c-18b7-4e52-9b4e-63b2a0c22a5e
2019-10-02 00:49:33,616 [IPC Server handler 5 on 40789] INFO  node.SCMNodeManager (SCMNodeManager.java:register(266)) - Registered Data node : c7698d6c-18b7-4e52-9b4e-63b2a0c22a5e{ip: 192.168.151.67, host: pr-hdds-1984-s47sn-1814639636, networkLocation: /default-rack, certSerialId: null}
2019-10-02 00:49:33,617 [grpc-default-executor-2] INFO  impl.RaftServerProxy (RaftServerProxy.java:addNew(89)) - 62d60dec-38f5-4493-8322-d0d86b92da7b: addNew group-B6D6336BE74F:[ffe16471-5a54-4722-82a2-96df65f2e972:192.168.151.67:39030, 62d60dec-38f5-4493-8322-d0d86b92da7b:192.168.151.67:41122, 9dde2aa1-51a5-4635-b482-df1a1d0eee24:192.168.151.67:36500] returns group-B6D6336BE74F:java.util.concurrent.CompletableFuture@4c89b417[Not completed]
2019-10-02 00:49:33,617 [grpc-default-executor-5] INFO  impl.RaftServerProxy (RaftServerProxy.java:addNew(89)) - ffe16471-5a54-4722-82a2-96df65f2e972: addNew group-B6D6336BE74F:[ffe16471-5a54-4722-82a2-96df65f2e972:192.168.151.67:39030, 62d60dec-38f5-4493-8322-d0d86b92da7b:192.168.151.67:41122, 9dde2aa1-51a5-4635-b482-df1a1d0eee24:192.168.151.67:36500] returns group-B6D6336BE74F:java.util.concurrent.CompletableFuture@5dcb9cd4[Not completed]
2019-10-02 00:49:33,617 [grpc-default-executor-7] INFO  impl.RaftServerProxy (RaftServerProxy.java:addNew(89)) - 9dde2aa1-51a5-4635-b482-df1a1d0eee24: addNew group-B6D6336BE74F:[ffe16471-5a54-4722-82a2-96df65f2e972:192.168.151.67:39030, 62d60dec-38f5-4493-8322-d0d86b92da7b:192.168.151.67:41122, 9dde2aa1-51a5-4635-b482-df1a1d0eee24:192.168.151.67:36500] returns group-B6D6336BE74F:java.util.concurrent.CompletableFuture@209a8530[Not completed]
2019-10-02 00:49:33,619 [pool-423-thread-1] INFO  impl.RaftServerImpl (RaftServerImpl.java:<init>(95)) - 9dde2aa1-51a5-4635-b482-df1a1d0eee24: new RaftServerImpl for group-B6D6336BE74F:[ffe16471-5a54-4722-82a2-96df65f2e972:192.168.151.67:39030, 62d60dec-38f5-4493-8322-d0d86b92da7b:192.168.151.67:41122, 9dde2aa1-51a5-4635-b482-df1a1d0eee24:192.168.151.67:36500] with ContainerStateMachine:uninitialized
2019-10-02 00:49:33,619 [pool-423-thread-1] INFO  server.RaftServerConfigKeys (ConfUtils.java:logGet(43)) - raft.server.rpc.timeout.min = 5s (custom)
2019-10-02 00:49:33,619 [pool-423-thread-1] INFO  server.RaftServerConfigKeys (ConfUtils.java:logGet(43)) - raft.server.rpc.timeout.max = 5200ms (custom)
2019-10-02 00:49:33,619 [pool-423-thread-1] INFO  server.RaftServerConfigKeys (ConfUtils.java:logGet(43)) - raft.server.rpcslowness.timeout = 120s (custom)
2019-10-02 00:49:33,619 [pool-423-thread-1] INFO  server.RaftServerConfigKeys (ConfUtils.java:logGet(43)) - raft.server.sleep.deviation.threshold = 300 (default)
2019-10-02 00:49:33,620 [pool-423-thread-1] INFO  server.RaftServerConfigKeys (ConfUtils.java:logGet(43)) - raft.server.log.appender.install.snapshot.enabled = false (custom)
2019-10-02 00:49:33,620 [pool-423-thread-1] INFO  impl.RaftServerImpl (ServerState.java:<init>(103)) - 9dde2aa1-51a5-4635-b482-df1a1d0eee24@group-B6D6336BE74F: ConfigurationManager, init=-1: [ffe16471-5a54-4722-82a2-96df65f2e972:192.168.151.67:39030, 62d60dec-38f5-4493-8322-d0d86b92da7b:192.168.151.67:41122, 9dde2aa1-51a5-4635-b482-df1a1d0eee24:192.168.151.67:36500], old=null, confs=<EMPTY_MAP>
2019-10-02 00:49:33,620 [pool-423-thread-1] INFO  server.RaftServerConfigKeys (ConfUtils.java:logGet(43)) - raft.server.storage.dir = [/workdir/hadoop-ozone/integration-test/target/test-dir/MiniOzoneClusterImpl-a0d93c8f-3734-4fbb-bc7f-864ab72bb3bf/datanode-4/data/ratis] (custom)
2019-10-02 00:49:33,620 [pool-413-thread-1] INFO  impl.RaftServerImpl (RaftServerImpl.java:<init>(95)) - 62d60dec-38f5-4493-8322-d0d86b92da7b: new RaftServerImpl for group-B6D6336BE74F:[ffe16471-5a54-4722-82a2-96df65f2e972:192.168.151.67:39030, 62d60dec-38f5-4493-8322-d0d86b92da7b:192.168.151.67:41122, 9dde2aa1-51a5-4635-b482-df1a1d0eee24:192.168.151.67:36500] with ContainerStateMachine:uninitialized
2019-10-02 00:49:33,620 [pool-423-thread-1] INFO  server.RaftServerConfigKeys (ConfUtils.java:logGet(43)) - raft.server.log.corruption.policy = EXCEPTION (default)
2019-10-02 00:49:33,621 [pool-413-thread-1] INFO  server.RaftServerConfigKeys (ConfUtils.java:logGet(43)) - raft.server.rpc.timeout.min = 5s (custom)
2019-10-02 00:49:33,621 [pool-423-thread-1] INFO  storage.RaftStorageDirectory (RaftStorageDirectory.java:analyzeStorage(246)) - The storage directory /workdir/hadoop-ozone/integration-test/target/test-dir/MiniOzoneClusterImpl-a0d93c8f-3734-4fbb-bc7f-864ab72bb3bf/datanode-4/data/ratis/22c5189d-f188-4269-8487-b6d6336be74f does not exist. Creating ...
2019-10-02 00:49:33,621 [pool-433-thread-1] INFO  impl.RaftServerImpl (RaftServerImpl.java:<init>(95)) - ffe16471-5a54-4722-82a2-96df65f2e972: new RaftServerImpl for group-B6D6336BE74F:[ffe16471-5a54-4722-82a2-96df65f2e972:192.168.151.67:39030, 62d60dec-38f5-4493-8322-d0d86b92da7b:192.168.151.67:41122, 9dde2aa1-51a5-4635-b482-df1a1d0eee24:192.168.151.67:36500] with ContainerStateMachine:uninitialized
2019-10-02 00:49:33,621 [pool-413-thread-1] INFO  server.RaftServerConfigKeys (ConfUtils.java:logGet(43)) - raft.server.rpc.timeout.max = 5200ms (custom)
2019-10-02 00:49:33,621 [pool-433-thread-1] INFO  server.RaftServerConfigKeys (ConfUtils.java:logGet(43)) - raft.server.rpc.timeout.min = 5s (custom)
2019-10-02 00:49:33,621 [pool-413-thread-1] INFO  server.RaftServerConfigKeys (ConfUtils.java:logGet(43)) - raft.server.rpcslowness.timeout = 120s (custom)
2019-10-02 00:49:33,621 [pool-433-thread-1] INFO  server.RaftServerConfigKeys (ConfUtils.java:logGet(43)) - raft.server.rpc.timeout.max = 5200ms (custom)
2019-10-02 00:49:33,622 [pool-413-thread-1] INFO  server.RaftServerConfigKeys (ConfUtils.java:logGet(43)) - raft.server.sleep.deviation.threshold = 300 (default)
2019-10-02 00:49:33,622 [pool-433-thread-1] INFO  server.RaftServerConfigKeys (ConfUtils.java:logGet(43)) - raft.server.rpcslowness.timeout = 120s (custom)
2019-10-02 00:49:33,622 [pool-413-thread-1] INFO  server.RaftServerConfigKeys (ConfUtils.java:logGet(43)) - raft.server.log.appender.install.snapshot.enabled = false (custom)
2019-10-02 00:49:33,622 [pool-433-thread-1] INFO  server.RaftServerConfigKeys (ConfUtils.java:logGet(43)) - raft.server.sleep.deviation.threshold = 300 (default)
2019-10-02 00:49:33,622 [pool-413-thread-1] INFO  impl.RaftServerImpl (ServerState.java:<init>(103)) - 62d60dec-38f5-4493-8322-d0d86b92da7b@group-B6D6336BE74F: ConfigurationManager, init=-1: [ffe16471-5a54-4722-82a2-96df65f2e972:192.168.151.67:39030, 62d60dec-38f5-4493-8322-d0d86b92da7b:192.168.151.67:41122, 9dde2aa1-51a5-4635-b482-df1a1d0eee24:192.168.151.67:36500], old=null, confs=<EMPTY_MAP>
2019-10-02 00:49:33,622 [pool-433-thread-1] INFO  server.RaftServerConfigKeys (ConfUtils.java:logGet(43)) - raft.server.log.appender.install.snapshot.enabled = false (custom)
2019-10-02 00:49:33,622 [pool-413-thread-1] INFO  server.RaftServerConfigKeys (ConfUtils.java:logGet(43)) - raft.server.storage.dir = [/workdir/hadoop-ozone/integration-test/target/test-dir/MiniOzoneClusterImpl-a0d93c8f-3734-4fbb-bc7f-864ab72bb3bf/datanode-3/data/ratis] (custom)
2019-10-02 00:49:33,623 [pool-433-thread-1] INFO  impl.RaftServerImpl (ServerState.java:<init>(103)) - ffe16471-5a54-4722-82a2-96df65f2e972@group-B6D6336BE74F: ConfigurationManager, init=-1: [ffe16471-5a54-4722-82a2-96df65f2e972:192.168.151.67:39030, 62d60dec-38f5-4493-8322-d0d86b92da7b:192.168.151.67:41122, 9dde2aa1-51a5-4635-b482-df1a1d0eee24:192.168.151.67:36500], old=null, confs=<EMPTY_MAP>
2019-10-02 00:49:33,623 [pool-433-thread-1] INFO  server.RaftServerConfigKeys (ConfUtils.java:logGet(43)) - raft.server.storage.dir = [/workdir/hadoop-ozone/integration-test/target/test-dir/MiniOzoneClusterImpl-a0d93c8f-3734-4fbb-bc7f-864ab72bb3bf/datanode-5/data/ratis] (custom)
2019-10-02 00:49:33,623 [pool-413-thread-1] INFO  server.RaftServerConfigKeys (ConfUtils.java:logGet(43)) - raft.server.log.corruption.policy = EXCEPTION (default)
2019-10-02 00:49:33,623 [pool-433-thread-1] INFO  server.RaftServerConfigKeys (ConfUtils.java:logGet(43)) - raft.server.log.corruption.policy = EXCEPTION (default)
2019-10-02 00:49:33,623 [pool-413-thread-1] INFO  storage.RaftStorageDirectory (RaftStorageDirectory.java:analyzeStorage(246)) - The storage directory /workdir/hadoop-ozone/integration-test/target/test-dir/MiniOzoneClusterImpl-a0d93c8f-3734-4fbb-bc7f-864ab72bb3bf/datanode-3/data/ratis/22c5189d-f188-4269-8487-b6d6336be74f does not exist. Creating ...
2019-10-02 00:49:33,623 [pool-433-thread-1] INFO  storage.RaftStorageDirectory (RaftStorageDirectory.java:analyzeStorage(246)) - The storage directory /workdir/hadoop-ozone/integration-test/target/test-dir/MiniOzoneClusterImpl-a0d93c8f-3734-4fbb-bc7f-864ab72bb3bf/datanode-5/data/ratis/22c5189d-f188-4269-8487-b6d6336be74f does not exist. Creating ...
2019-10-02 00:49:33,634 [pool-423-thread-1] INFO  storage.RaftStorageDirectory (RaftStorageDirectory.java:tryLock(328)) - Lock on /workdir/hadoop-ozone/integration-test/target/test-dir/MiniOzoneClusterImpl-a0d93c8f-3734-4fbb-bc7f-864ab72bb3bf/datanode-4/data/ratis/22c5189d-f188-4269-8487-b6d6336be74f/in_use.lock acquired by nodename 25347@pr-hdds-1984-s47sn-1814639636
2019-10-02 00:49:33,634 [pool-413-thread-1] INFO  storage.RaftStorageDirectory (RaftStorageDirectory.java:tryLock(328)) - Lock on /workdir/hadoop-ozone/integration-test/target/test-dir/MiniOzoneClusterImpl-a0d93c8f-3734-4fbb-bc7f-864ab72bb3bf/datanode-3/data/ratis/22c5189d-f188-4269-8487-b6d6336be74f/in_use.lock acquired by nodename 25347@pr-hdds-1984-s47sn-1814639636
2019-10-02 00:49:33,634 [pool-433-thread-1] INFO  storage.RaftStorageDirectory (RaftStorageDirectory.java:tryLock(328)) - Lock on /workdir/hadoop-ozone/integration-test/target/test-dir/MiniOzoneClusterImpl-a0d93c8f-3734-4fbb-bc7f-864ab72bb3bf/datanode-5/data/ratis/22c5189d-f188-4269-8487-b6d6336be74f/in_use.lock acquired by nodename 25347@pr-hdds-1984-s47sn-1814639636
2019-10-02 00:49:33,648 [pool-423-thread-1] INFO  storage.RaftStorage (RaftStorage.java:format(84)) - Storage directory /workdir/hadoop-ozone/integration-test/target/test-dir/MiniOzoneClusterImpl-a0d93c8f-3734-4fbb-bc7f-864ab72bb3bf/datanode-4/data/ratis/22c5189d-f188-4269-8487-b6d6336be74f has been successfully formatted.
2019-10-02 00:49:33,648 [pool-413-thread-1] INFO  storage.RaftStorage (RaftStorage.java:format(84)) - Storage directory /workdir/hadoop-ozone/integration-test/target/test-dir/MiniOzoneClusterImpl-a0d93c8f-3734-4fbb-bc7f-864ab72bb3bf/datanode-3/data/ratis/22c5189d-f188-4269-8487-b6d6336be74f has been successfully formatted.
2019-10-02 00:49:33,648 [pool-433-thread-1] INFO  storage.RaftStorage (RaftStorage.java:format(84)) - Storage directory /workdir/hadoop-ozone/integration-test/target/test-dir/MiniOzoneClusterImpl-a0d93c8f-3734-4fbb-bc7f-864ab72bb3bf/datanode-5/data/ratis/22c5189d-f188-4269-8487-b6d6336be74f has been successfully formatted.
2019-10-02 00:49:33,648 [pool-413-thread-1] INFO  ratis.ContainerStateMachine (ContainerStateMachine.java:loadSnapshot(230)) - group-B6D6336BE74F: The snapshot info is null. Setting the last applied indexto:(t:0, i:~)
2019-10-02 00:49:33,648 [pool-423-thread-1] INFO  ratis.ContainerStateMachine (ContainerStateMachine.java:loadSnapshot(230)) - group-B6D6336BE74F: The snapshot info is null. Setting the last applied indexto:(t:0, i:~)
2019-10-02 00:49:33,649 [pool-413-thread-1] INFO  server.RaftServerConfigKeys (ConfUtils.java:logGet(43)) - raft.server.notification.no-leader.timeout = 120s (custom)
2019-10-02 00:49:33,649 [pool-433-thread-1] INFO  ratis.ContainerStateMachine (ContainerStateMachine.java:loadSnapshot(230)) - group-B6D6336BE74F: The snapshot info is null. Setting the last applied indexto:(t:0, i:~)
2019-10-02 00:49:33,649 [pool-413-thread-1] INFO  server.RaftServerConfigKeys (ConfUtils.java:logGet(43)) - raft.server.log.use.memory = false (default)
2019-10-02 00:49:33,649 [pool-423-thread-1] INFO  server.RaftServerConfigKeys (ConfUtils.java:logGet(43)) - raft.server.notification.no-leader.timeout = 120s (custom)
2019-10-02 00:49:33,649 [pool-413-thread-1] INFO  server.RaftServerConfigKeys (ConfUtils.java:logGet(43)) - raft.server.log.purge.gap = 1000000 (custom)
2019-10-02 00:49:33,649 [pool-433-thread-1] INFO  server.RaftServerConfigKeys (ConfUtils.java:logGet(43)) - raft.server.notification.no-leader.timeout = 120s (custom)
2019-10-02 00:49:33,650 [pool-413-thread-1] INFO  server.RaftServerConfigKeys (ConfUtils.java:logGet(43)) - raft.server.log.appender.buffer.byte-limit = 33554432 (custom)
2019-10-02 00:49:33,649 [pool-423-thread-1] INFO  server.RaftServerConfigKeys (ConfUtils.java:logGet(43)) - raft.server.log.use.memory = false (default)
2019-10-02 00:49:33,650 [pool-413-thread-1] INFO  server.RaftServerConfigKeys (ConfUtils.java:logGet(43)) - raft.server.log.segment.size.max = 1048576 (custom)
2019-10-02 00:49:33,650 [pool-433-thread-1] INFO  server.RaftServerConfigKeys (ConfUtils.java:logGet(43)) - raft.server.log.use.memory = false (default)
2019-10-02 00:49:33,650 [pool-413-thread-1] INFO  server.RaftServerConfigKeys (ConfUtils.java:logGet(43)) - raft.server.log.segment.cache.num.max = 2 (custom)
2019-10-02 00:49:33,650 [pool-423-thread-1] INFO  server.RaftServerConfigKeys (ConfUtils.java:logGet(43)) - raft.server.log.purge.gap = 1000000 (custom)
2019-10-02 00:49:33,651 [pool-413-thread-1] INFO  segmented.SegmentedRaftLogWorker (SegmentedRaftLogWorker.java:<init>(173)) - new 62d60dec-38f5-4493-8322-d0d86b92da7b@group-B6D6336BE74F-SegmentedRaftLogWorker for RaftStorage:Storage Directory /workdir/hadoop-ozone/integration-test/target/test-dir/MiniOzoneClusterImpl-a0d93c8f-3734-4fbb-bc7f-864ab72bb3bf/datanode-3/data/ratis/22c5189d-f188-4269-8487-b6d6336be74f
2019-10-02 00:49:33,650 [pool-433-thread-1] INFO  server.RaftServerConfigKeys (ConfUtils.java:logGet(43)) - raft.server.log.purge.gap = 1000000 (custom)
2019-10-02 00:49:33,651 [pool-413-thread-1] INFO  server.RaftServerConfigKeys (ConfUtils.java:logGet(43)) - raft.server.log.queue.byte-limit = 2147483647 (custom)
2019-10-02 00:49:33,651 [pool-423-thread-1] INFO  server.RaftServerConfigKeys (ConfUtils.java:logGet(43)) - raft.server.log.appender.buffer.byte-limit = 33554432 (custom)
2019-10-02 00:49:33,651 [pool-413-thread-1] INFO  server.RaftServerConfigKeys (ConfUtils.java:logGet(43)) - raft.server.log.queue.element-limit = 1024 (custom)
2019-10-02 00:49:33,651 [pool-433-thread-1] INFO  server.RaftServerConfigKeys (ConfUtils.java:logGet(43)) - raft.server.log.appender.buffer.byte-limit = 33554432 (custom)
2019-10-02 00:49:33,652 [pool-413-thread-1] INFO  server.RaftServerConfigKeys (ConfUtils.java:logGet(43)) - raft.server.log.segment.size.max = 1048576 (custom)
2019-10-02 00:49:33,651 [pool-423-thread-1] INFO  server.RaftServerConfigKeys (ConfUtils.java:logGet(43)) - raft.server.log.segment.size.max = 1048576 (custom)
2019-10-02 00:49:33,652 [pool-413-thread-1] INFO  server.RaftServerConfigKeys (ConfUtils.java:logGet(43)) - raft.server.log.preallocated.size = 16384 (custom)
2019-10-02 00:49:33,652 [pool-433-thread-1] INFO  server.RaftServerConfigKeys (ConfUtils.java:logGet(43)) - raft.server.log.segment.size.max = 1048576 (custom)
2019-10-02 00:49:33,652 [pool-413-thread-1] INFO  server.RaftServerConfigKeys (ConfUtils.java:logGet(43)) - raft.server.log.write.buffer.size = 33554432 (custom)
2019-10-02 00:49:33,652 [pool-423-thread-1] INFO  server.RaftServerConfigKeys (ConfUtils.java:logGet(43)) - raft.server.log.segment.cache.num.max = 2 (custom)
2019-10-02 00:49:33,652 [pool-413-thread-1] INFO  server.RaftServerConfigKeys (ConfUtils.java:logGet(43)) - raft.server.log.force.sync.num = 128 (default)
2019-10-02 00:49:33,652 [pool-433-thread-1] INFO  server.RaftServerConfigKeys (ConfUtils.java:logGet(43)) - raft.server.log.segment.cache.num.max = 2 (custom)
2019-10-02 00:49:33,653 [pool-413-thread-1] INFO  server.RaftServerConfigKeys (ConfUtils.java:logGet(43)) - raft.server.log.statemachine.data.sync = true (default)
2019-10-02 00:49:33,653 [pool-423-thread-1] INFO  segmented.SegmentedRaftLogWorker (SegmentedRaftLogWorker.java:<init>(173)) - new 9dde2aa1-51a5-4635-b482-df1a1d0eee24@group-B6D6336BE74F-SegmentedRaftLogWorker for RaftStorage:Storage Directory /workdir/hadoop-ozone/integration-test/target/test-dir/MiniOzoneClusterImpl-a0d93c8f-3734-4fbb-bc7f-864ab72bb3bf/datanode-4/data/ratis/22c5189d-f188-4269-8487-b6d6336be74f
2019-10-02 00:49:33,653 [pool-413-thread-1] INFO  server.RaftServerConfigKeys (ConfUtils.java:logGet(43)) - raft.server.log.statemachine.data.sync.timeout = 10s (default)
2019-10-02 00:49:33,653 [pool-433-thread-1] INFO  segmented.SegmentedRaftLogWorker (SegmentedRaftLogWorker.java:<init>(173)) - new ffe16471-5a54-4722-82a2-96df65f2e972@group-B6D6336BE74F-SegmentedRaftLogWorker for RaftStorage:Storage Directory /workdir/hadoop-ozone/integration-test/target/test-dir/MiniOzoneClusterImpl-a0d93c8f-3734-4fbb-bc7f-864ab72bb3bf/datanode-5/data/ratis/22c5189d-f188-4269-8487-b6d6336be74f
2019-10-02 00:49:33,653 [pool-413-thread-1] INFO  server.RaftServerConfigKeys (ConfUtils.java:logGet(43)) - raft.server.log.statemachine.data.sync.timeout.retry = -1 (default)
2019-10-02 00:49:33,653 [pool-423-thread-1] INFO  server.RaftServerConfigKeys (ConfUtils.java:logGet(43)) - raft.server.log.queue.byte-limit = 2147483647 (custom)
2019-10-02 00:49:33,654 [pool-413-thread-1] INFO  server.RaftServerConfigKeys (ConfUtils.java:logGet(43)) - raft.server.log.statemachine.data.caching.enabled = true (custom)
2019-10-02 00:49:33,654 [pool-433-thread-1] INFO  server.RaftServerConfigKeys (ConfUtils.java:logGet(43)) - raft.server.log.queue.byte-limit = 2147483647 (custom)
2019-10-02 00:49:33,654 [pool-423-thread-1] INFO  server.RaftServerConfigKeys (ConfUtils.java:logGet(43)) - raft.server.log.queue.element-limit = 1024 (custom)
2019-10-02 00:49:33,654 [pool-413-thread-1] INFO  segmented.SegmentedRaftLogWorker (SegmentedRaftLogWorker.java:lambda$new$0(128)) - 62d60dec-38f5-4493-8322-d0d86b92da7b@group-B6D6336BE74F-SegmentedRaftLogWorker: flushIndex: setUnconditionally 0 -> -1
2019-10-02 00:49:33,654 [pool-433-thread-1] INFO  server.RaftServerConfigKeys (ConfUtils.java:logGet(43)) - raft.server.log.queue.element-limit = 1024 (custom)
2019-10-02 00:49:33,654 [pool-423-thread-1] INFO  server.RaftServerConfigKeys (ConfUtils.java:logGet(43)) - raft.server.log.segment.size.max = 1048576 (custom)
2019-10-02 00:49:33,655 [pool-433-thread-1] INFO  server.RaftServerConfigKeys (ConfUtils.java:logGet(43)) - raft.server.log.segment.size.max = 1048576 (custom)
2019-10-02 00:49:33,655 [pool-413-thread-1] INFO  server.RaftServerConfigKeys (ConfUtils.java:logGet(43)) - raft.server.snapshot.auto.trigger.enabled = true (custom)
2019-10-02 00:49:33,655 [pool-433-thread-1] INFO  server.RaftServerConfigKeys (ConfUtils.java:logGet(43)) - raft.server.log.preallocated.size = 16384 (custom)
2019-10-02 00:49:33,655 [pool-423-thread-1] INFO  server.RaftServerConfigKeys (ConfUtils.java:logGet(43)) - raft.server.log.preallocated.size = 16384 (custom)
2019-10-02 00:49:33,655 [pool-433-thread-1] INFO  server.RaftServerConfigKeys (ConfUtils.java:logGet(43)) - raft.server.log.write.buffer.size = 33554432 (custom)
2019-10-02 00:49:33,655 [pool-413-thread-1] INFO  server.RaftServerConfigKeys (ConfUtils.java:logGet(43)) - raft.server.snapshot.auto.trigger.threshold = 10000 (custom)
2019-10-02 00:49:33,655 [pool-433-thread-1] INFO  server.RaftServerConfigKeys (ConfUtils.java:logGet(43)) - raft.server.log.force.sync.num = 128 (default)
2019-10-02 00:49:33,655 [pool-423-thread-1] INFO  server.RaftServerConfigKeys (ConfUtils.java:logGet(43)) - raft.server.log.write.buffer.size = 33554432 (custom)
2019-10-02 00:49:33,656 [pool-433-thread-1] INFO  server.RaftServerConfigKeys (ConfUtils.java:logGet(43)) - raft.server.log.statemachine.data.sync = true (default)
2019-10-02 00:49:33,656 [pool-413-thread-1] INFO  server.RaftServerConfigKeys (ConfUtils.java:logGet(43)) - raft.server.snapshot.retention.file.num = 5 (custom)
2019-10-02 00:49:33,656 [pool-433-thread-1] INFO  server.RaftServerConfigKeys (ConfUtils.java:logGet(43)) - raft.server.log.statemachine.data.sync.timeout = 10s (default)
2019-10-02 00:49:33,656 [pool-423-thread-1] INFO  server.RaftServerConfigKeys (ConfUtils.java:logGet(43)) - raft.server.log.force.sync.num = 128 (default)
2019-10-02 00:49:33,656 [pool-433-thread-1] INFO  server.RaftServerConfigKeys (ConfUtils.java:logGet(43)) - raft.server.log.statemachine.data.sync.timeout.retry = -1 (default)
2019-10-02 00:49:33,656 [pool-413-thread-1] INFO  server.RaftServerConfigKeys (ConfUtils.java:logGet(43)) - raft.server.retrycache.expirytime = 600000ms (custom)
2019-10-02 00:49:33,657 [pool-433-thread-1] INFO  server.RaftServerConfigKeys (ConfUtils.java:logGet(43)) - raft.server.log.statemachine.data.caching.enabled = true (custom)
2019-10-02 00:49:33,656 [pool-423-thread-1] INFO  server.RaftServerConfigKeys (ConfUtils.java:logGet(43)) - raft.server.log.statemachine.data.sync = true (default)
2019-10-02 00:49:33,657 [pool-423-thread-1] INFO  server.RaftServerConfigKeys (ConfUtils.java:logGet(43)) - raft.server.log.statemachine.data.sync.timeout = 10s (default)
2019-10-02 00:49:33,657 [pool-433-thread-1] INFO  segmented.SegmentedRaftLogWorker (SegmentedRaftLogWorker.java:lambda$new$0(128)) - ffe16471-5a54-4722-82a2-96df65f2e972@group-B6D6336BE74F-SegmentedRaftLogWorker: flushIndex: setUnconditionally 0 -> -1
2019-10-02 00:49:33,657 [pool-423-thread-1] INFO  server.RaftServerConfigKeys (ConfUtils.java:logGet(43)) - raft.server.log.statemachine.data.sync.timeout.retry = -1 (default)
2019-10-02 00:49:33,657 [pool-423-thread-1] INFO  server.RaftServerConfigKeys (ConfUtils.java:logGet(43)) - raft.server.log.statemachine.data.caching.enabled = true (custom)
2019-10-02 00:49:33,658 [pool-433-thread-1] INFO  server.RaftServerConfigKeys (ConfUtils.java:logGet(43)) - raft.server.snapshot.auto.trigger.enabled = true (custom)
2019-10-02 00:49:33,658 [pool-433-thread-1] INFO  server.RaftServerConfigKeys (ConfUtils.java:logGet(43)) - raft.server.snapshot.auto.trigger.threshold = 10000 (custom)
2019-10-02 00:49:33,658 [pool-423-thread-1] INFO  segmented.SegmentedRaftLogWorker (SegmentedRaftLogWorker.java:lambda$new$0(128)) - 9dde2aa1-51a5-4635-b482-df1a1d0eee24@group-B6D6336BE74F-SegmentedRaftLogWorker: flushIndex: setUnconditionally 0 -> -1
2019-10-02 00:49:33,658 [pool-433-thread-1] INFO  server.RaftServerConfigKeys (ConfUtils.java:logGet(43)) - raft.server.snapshot.retention.file.num = 5 (custom)
2019-10-02 00:49:33,658 [pool-423-thread-1] INFO  server.RaftServerConfigKeys (ConfUtils.java:logGet(43)) - raft.server.snapshot.auto.trigger.enabled = true (custom)
2019-10-02 00:49:33,658 [pool-433-thread-1] INFO  server.RaftServerConfigKeys (ConfUtils.java:logGet(43)) - raft.server.retrycache.expirytime = 600000ms (custom)
2019-10-02 00:49:33,658 [pool-423-thread-1] INFO  server.RaftServerConfigKeys (ConfUtils.java:logGet(43)) - raft.server.snapshot.auto.trigger.threshold = 10000 (custom)
2019-10-02 00:49:33,659 [pool-423-thread-1] INFO  server.RaftServerConfigKeys (ConfUtils.java:logGet(43)) - raft.server.snapshot.retention.file.num = 5 (custom)
2019-10-02 00:49:33,659 [pool-423-thread-1] INFO  server.RaftServerConfigKeys (ConfUtils.java:logGet(43)) - raft.server.retrycache.expirytime = 600000ms (custom)
2019-10-02 00:49:33,661 [pool-413-thread-1] INFO  impl.RaftServerImpl (RaftServerImpl.java:start(181)) - 62d60dec-38f5-4493-8322-d0d86b92da7b@group-B6D6336BE74F: start as a follower, conf=-1: [ffe16471-5a54-4722-82a2-96df65f2e972:192.168.151.67:39030, 62d60dec-38f5-4493-8322-d0d86b92da7b:192.168.151.67:41122, 9dde2aa1-51a5-4635-b482-df1a1d0eee24:192.168.151.67:36500], old=null
2019-10-02 00:49:33,661 [pool-413-thread-1] INFO  impl.RaftServerImpl (RaftServerImpl.java:setRole(170)) - 62d60dec-38f5-4493-8322-d0d86b92da7b@group-B6D6336BE74F: changes role from      null to FOLLOWER at term 0 for startAsFollower
2019-10-02 00:49:33,662 [pool-413-thread-1] INFO  impl.RoleInfo (RoleInfo.java:updateAndGet(143)) - 62d60dec-38f5-4493-8322-d0d86b92da7b: start FollowerState
2019-10-02 00:49:33,662 [pool-433-thread-1] INFO  impl.RaftServerImpl (RaftServerImpl.java:start(181)) - ffe16471-5a54-4722-82a2-96df65f2e972@group-B6D6336BE74F: start as a follower, conf=-1: [ffe16471-5a54-4722-82a2-96df65f2e972:192.168.151.67:39030, 62d60dec-38f5-4493-8322-d0d86b92da7b:192.168.151.67:41122, 9dde2aa1-51a5-4635-b482-df1a1d0eee24:192.168.151.67:36500], old=null
2019-10-02 00:49:33,662 [pool-423-thread-1] INFO  impl.RaftServerImpl (RaftServerImpl.java:start(181)) - 9dde2aa1-51a5-4635-b482-df1a1d0eee24@group-B6D6336BE74F: start as a follower, conf=-1: [ffe16471-5a54-4722-82a2-96df65f2e972:192.168.151.67:39030, 62d60dec-38f5-4493-8322-d0d86b92da7b:192.168.151.67:41122, 9dde2aa1-51a5-4635-b482-df1a1d0eee24:192.168.151.67:36500], old=null
2019-10-02 00:49:33,662 [pool-433-thread-1] INFO  impl.RaftServerImpl (RaftServerImpl.java:setRole(170)) - ffe16471-5a54-4722-82a2-96df65f2e972@group-B6D6336BE74F: changes role from      null to FOLLOWER at term 0 for startAsFollower
2019-10-02 00:49:33,662 [pool-413-thread-1] INFO  util.JmxRegister (JmxRegister.java:tryRegister(44)) - Successfully registered JMX Bean with object name Ratis:service=RaftServer,group=group-B6D6336BE74F,id=62d60dec-38f5-4493-8322-d0d86b92da7b
2019-10-02 00:49:33,662 [pool-433-thread-1] INFO  impl.RoleInfo (RoleInfo.java:updateAndGet(143)) - ffe16471-5a54-4722-82a2-96df65f2e972: start FollowerState
2019-10-02 00:49:33,662 [pool-423-thread-1] INFO  impl.RaftServerImpl (RaftServerImpl.java:setRole(170)) - 9dde2aa1-51a5-4635-b482-df1a1d0eee24@group-B6D6336BE74F: changes role from      null to FOLLOWER at term 0 for startAsFollower
2019-10-02 00:49:33,663 [pool-423-thread-1] INFO  impl.RoleInfo (RoleInfo.java:updateAndGet(143)) - 9dde2aa1-51a5-4635-b482-df1a1d0eee24: start FollowerState
2019-10-02 00:49:33,663 [pool-433-thread-1] INFO  util.JmxRegister (JmxRegister.java:tryRegister(44)) - Successfully registered JMX Bean with object name Ratis:service=RaftServer,group=group-B6D6336BE74F,id=ffe16471-5a54-4722-82a2-96df65f2e972
2019-10-02 00:49:33,663 [pool-423-thread-1] INFO  util.JmxRegister (JmxRegister.java:tryRegister(44)) - Successfully registered JMX Bean with object name Ratis:service=RaftServer,group=group-B6D6336BE74F,id=9dde2aa1-51a5-4635-b482-df1a1d0eee24
2019-10-02 00:49:33,671 [RatisPipelineUtilsThread] INFO  pipeline.PipelineStateManager (PipelineStateManager.java:addPipeline(56)) - Created pipeline Pipeline[ Id: 22c5189d-f188-4269-8487-b6d6336be74f, Nodes: ffe16471-5a54-4722-82a2-96df65f2e972{ip: 192.168.151.67, host: pr-hdds-1984-s47sn-1814639636, networkLocation: /default-rack, certSerialId: null}9dde2aa1-51a5-4635-b482-df1a1d0eee24{ip: 192.168.151.67, host: pr-hdds-1984-s47sn-1814639636, networkLocation: /default-rack, certSerialId: null}62d60dec-38f5-4493-8322-d0d86b92da7b{ip: 192.168.151.67, host: pr-hdds-1984-s47sn-1814639636, networkLocation: /default-rack, certSerialId: null}, Type:RATIS, Factor:THREE, State:OPEN]
2019-10-02 00:49:34,056 [Thread-2437] INFO  client.GrpcClientProtocolService (GrpcClientProtocolService.java:lambda$processClientRequest$0(278)) - Failed RaftClientRequest:client-E269DDA0952D->1a5146b9-310d-447a-8c6c-9bc3e23dff82@group-8FF67FE6C032, cid=68, seq=0, Watch-MAJORITY_COMMITTED(55), Message:<EMPTY>, reply=RaftClientReply:client-E269DDA0952D->1a5146b9-310d-447a-8c6c-9bc3e23dff82@group-8FF67FE6C032, cid=68, FAILED org.apache.ratis.protocol.NotReplicatedException: Request with call Id 68 and log index 55 is not yet replicated to MAJORITY_COMMITTED, logIndex=55, commits[1a5146b9-310d-447a-8c6c-9bc3e23dff82:c2, 9585e4e1-586e-442e-9cea-1465c4d86f2f:c2, f0c86e92-032b-42fd-b9b7-8c6530d6a6ab:c2]
2019-10-02 00:49:34,504 [grpc-default-executor-1] WARN  server.GrpcLogAppender (LogUtils.java:warn(134)) - 1a5146b9-310d-447a-8c6c-9bc3e23dff82@group-8FF67FE6C032->f0c86e92-032b-42fd-b9b7-8c6530d6a6ab-AppendLogResponseHandler: Failed appendEntries: org.apache.ratis.thirdparty.io.grpc.StatusRuntimeException: UNAVAILABLE: io exception
2019-10-02 00:49:34,504 [grpc-default-executor-6] WARN  server.GrpcLogAppender (LogUtils.java:warn(134)) - 1a5146b9-310d-447a-8c6c-9bc3e23dff82@group-8FF67FE6C032->9585e4e1-586e-442e-9cea-1465c4d86f2f-AppendLogResponseHandler: Failed appendEntries: org.apache.ratis.thirdparty.io.grpc.StatusRuntimeException: UNAVAILABLE: io exception
2019-10-02 00:49:34,505 [grpc-default-executor-1] INFO  impl.FollowerInfo (FollowerInfo.java:lambda$new$0(51)) - 1a5146b9-310d-447a-8c6c-9bc3e23dff82@group-8FF67FE6C032->f0c86e92-032b-42fd-b9b7-8c6530d6a6ab: nextIndex: updateUnconditionally 0 -> 0
2019-10-02 00:49:34,505 [grpc-default-executor-6] INFO  impl.FollowerInfo (FollowerInfo.java:lambda$new$0(51)) - 1a5146b9-310d-447a-8c6c-9bc3e23dff82@group-8FF67FE6C032->9585e4e1-586e-442e-9cea-1465c4d86f2f: nextIndex: updateUnconditionally 0 -> 0
2019-10-02 00:49:34,611 [main] INFO  ozone.MiniOzoneClusterImpl (MiniOzoneClusterImpl.java:lambda$waitForClusterToBeReady$0(147)) - Cluster is ready. Got 7 of 7 DN Heartbeats.
2019-10-02 00:49:34,666 [main] INFO  rpc.RpcClient (RpcClient.java:createVolume(276)) - Creating Volume: watchforcommithandlingtest, with jenkins1000 as owner.
2019-10-02 00:49:34,669 [IPC Server handler 1 on 35020] INFO  volume.OMVolumeCreateRequest (OMVolumeCreateRequest.java:validateAndUpdateCache(194)) - created volume:watchforcommithandlingtest for user:jenkins1000
2019-10-02 00:49:34,688 [main] INFO  rpc.RpcClient (RpcClient.java:createBucket(415)) - Creating Bucket: watchforcommithandlingtest/watchforcommithandlingtest, with Versioning false and Storage Type set to DISK and Encryption set to false 
2019-10-02 00:49:34,693 [main] INFO  ozone.MiniOzoneClusterImpl (MiniOzoneClusterImpl.java:getStorageContainerLocationClient(234)) - Creating StorageContainerLocationProtocol RPC client with address /0.0.0.0:41059
2019-10-02 00:49:36,125 [Thread-2400] INFO  container.ReplicationManager (ReplicationManager.java:start(162)) - Starting Replication Monitor Thread.
2019-10-02 00:49:36,129 [ReplicationMonitor] INFO  container.ReplicationManager (ReplicationManager.java:run(225)) - Replication Monitor Thread took 0 milliseconds for processing 1 containers.
2019-10-02 00:49:37,005 [grpc-default-executor-0] WARN  server.GrpcLogAppender (LogUtils.java:warn(134)) - 1a5146b9-310d-447a-8c6c-9bc3e23dff82@group-8FF67FE6C032->f0c86e92-032b-42fd-b9b7-8c6530d6a6ab-AppendLogResponseHandler: Failed appendEntries: org.apache.ratis.thirdparty.io.grpc.StatusRuntimeException: UNAVAILABLE: io exception
2019-10-02 00:49:37,005 [grpc-default-executor-2] WARN  server.GrpcLogAppender (LogUtils.java:warn(134)) - 1a5146b9-310d-447a-8c6c-9bc3e23dff82@group-8FF67FE6C032->9585e4e1-586e-442e-9cea-1465c4d86f2f-AppendLogResponseHandler: Failed appendEntries: org.apache.ratis.thirdparty.io.grpc.StatusRuntimeException: UNAVAILABLE: io exception
2019-10-02 00:49:37,006 [grpc-default-executor-0] INFO  impl.FollowerInfo (FollowerInfo.java:lambda$new$0(51)) - 1a5146b9-310d-447a-8c6c-9bc3e23dff82@group-8FF67FE6C032->f0c86e92-032b-42fd-b9b7-8c6530d6a6ab: nextIndex: updateUnconditionally 0 -> 0
2019-10-02 00:49:37,006 [grpc-default-executor-2] INFO  impl.FollowerInfo (FollowerInfo.java:lambda$new$0(51)) - 1a5146b9-310d-447a-8c6c-9bc3e23dff82@group-8FF67FE6C032->9585e4e1-586e-442e-9cea-1465c4d86f2f: nextIndex: updateUnconditionally 0 -> 0
2019-10-02 00:49:38,221 [Thread-2402] INFO  impl.FollowerState (FollowerState.java:run(108)) - 9fea9e3e-38e1-4c63-b169-88a1e5dd4413@group-85461CFB8098-FollowerState: change to CANDIDATE, lastRpcTime:5045ms, electionTimeout:5045ms
2019-10-02 00:49:38,222 [Thread-2402] INFO  impl.RoleInfo (RoleInfo.java:shutdownFollowerState(121)) - 9fea9e3e-38e1-4c63-b169-88a1e5dd4413: shutdown FollowerState
2019-10-02 00:49:38,222 [Thread-2402] INFO  impl.RaftServerImpl (RaftServerImpl.java:setRole(170)) - 9fea9e3e-38e1-4c63-b169-88a1e5dd4413@group-85461CFB8098: changes role from  FOLLOWER to CANDIDATE at term 0 for changeToCandidate
2019-10-02 00:49:38,222 [Thread-2402] INFO  impl.RoleInfo (RoleInfo.java:updateAndGet(143)) - 9fea9e3e-38e1-4c63-b169-88a1e5dd4413: start LeaderElection
2019-10-02 00:49:38,246 [9fea9e3e-38e1-4c63-b169-88a1e5dd4413@group-85461CFB8098-LeaderElection86] INFO  impl.LeaderElection (LeaderElection.java:askForVotes(178)) - 9fea9e3e-38e1-4c63-b169-88a1e5dd4413@group-85461CFB8098-LeaderElection86: begin an election at term 1 for -1: [9fea9e3e-38e1-4c63-b169-88a1e5dd4413:192.168.151.67:46552], old=null
2019-10-02 00:49:38,246 [9fea9e3e-38e1-4c63-b169-88a1e5dd4413@group-85461CFB8098-LeaderElection86] INFO  impl.RoleInfo (RoleInfo.java:shutdownLeaderElection(134)) - 9fea9e3e-38e1-4c63-b169-88a1e5dd4413: shutdown LeaderElection
2019-10-02 00:49:38,246 [9fea9e3e-38e1-4c63-b169-88a1e5dd4413@group-85461CFB8098-LeaderElection86] INFO  impl.RaftServerImpl (RaftServerImpl.java:setRole(170)) - 9fea9e3e-38e1-4c63-b169-88a1e5dd4413@group-85461CFB8098: changes role from CANDIDATE to LEADER at term 1 for changeToLeader
2019-10-02 00:49:38,246 [9fea9e3e-38e1-4c63-b169-88a1e5dd4413@group-85461CFB8098-LeaderElection86] INFO  impl.RaftServerImpl (ServerState.java:setLeader(255)) - 9fea9e3e-38e1-4c63-b169-88a1e5dd4413@group-85461CFB8098: change Leader from null to 9fea9e3e-38e1-4c63-b169-88a1e5dd4413 at term 1 for becomeLeader, leader elected after 5079ms
2019-10-02 00:49:38,247 [9fea9e3e-38e1-4c63-b169-88a1e5dd4413@group-85461CFB8098-LeaderElection86] INFO  server.RaftServerConfigKeys (ConfUtils.java:logGet(43)) - raft.server.staging.catchup.gap = 1000 (default)
2019-10-02 00:49:38,247 [9fea9e3e-38e1-4c63-b169-88a1e5dd4413@group-85461CFB8098-LeaderElection86] INFO  server.RaftServerConfigKeys (ConfUtils.java:logGet(43)) - raft.server.rpc.sleep.time = 25ms (default)
2019-10-02 00:49:38,247 [9fea9e3e-38e1-4c63-b169-88a1e5dd4413@group-85461CFB8098-LeaderElection86] INFO  server.RaftServerConfigKeys (ConfUtils.java:logGet(43)) - raft.server.write.element-limit = 4096 (default)
2019-10-02 00:49:38,248 [9fea9e3e-38e1-4c63-b169-88a1e5dd4413@group-85461CFB8098-LeaderElection86] INFO  server.RaftServerConfigKeys (ConfUtils.java:logGet(43)) - raft.server.watch.timeout = 10s (default)
2019-10-02 00:49:38,248 [9fea9e3e-38e1-4c63-b169-88a1e5dd4413@group-85461CFB8098-LeaderElection86] INFO  server.RaftServerConfigKeys (ConfUtils.java:logGet(43)) - raft.server.watch.timeout.denomination = 1s (default)
2019-10-02 00:49:38,248 [9fea9e3e-38e1-4c63-b169-88a1e5dd4413@group-85461CFB8098-LeaderElection86] INFO  server.RaftServerConfigKeys (ConfUtils.java:logGet(43)) - raft.server.watch.element-limit = 65536 (default)
2019-10-02 00:49:38,250 [9fea9e3e-38e1-4c63-b169-88a1e5dd4413@group-85461CFB8098-LeaderElection86] INFO  impl.RoleInfo (RoleInfo.java:updateAndGet(143)) - 9fea9e3e-38e1-4c63-b169-88a1e5dd4413: start LeaderState
2019-10-02 00:49:38,251 [9fea9e3e-38e1-4c63-b169-88a1e5dd4413@group-85461CFB8098-LeaderElection86] INFO  segmented.SegmentedRaftLogWorker (SegmentedRaftLogWorker.java:startLogSegment(385)) - 9fea9e3e-38e1-4c63-b169-88a1e5dd4413@group-85461CFB8098-SegmentedRaftLogWorker: Starting segment from index:0
2019-10-02 00:49:38,252 [9fea9e3e-38e1-4c63-b169-88a1e5dd4413@group-85461CFB8098-LeaderElection86] INFO  impl.RaftServerImpl (ServerState.java:setRaftConf(356)) - 9fea9e3e-38e1-4c63-b169-88a1e5dd4413@group-85461CFB8098: set configuration 0: [9fea9e3e-38e1-4c63-b169-88a1e5dd4413:192.168.151.67:46552], old=null at 0
2019-10-02 00:49:38,296 [9fea9e3e-38e1-4c63-b169-88a1e5dd4413@group-85461CFB8098-SegmentedRaftLogWorker] INFO  segmented.SegmentedRaftLogWorker (SegmentedRaftLogWorker.java:execute(574)) - 9fea9e3e-38e1-4c63-b169-88a1e5dd4413@group-85461CFB8098-SegmentedRaftLogWorker: created new log segment /workdir/hadoop-ozone/integration-test/target/test-dir/MiniOzoneClusterImpl-a0d93c8f-3734-4fbb-bc7f-864ab72bb3bf/datanode-0/data/ratis/ab339824-c846-431f-8eb9-85461cfb8098/current/log_inprogress_0
2019-10-02 00:49:38,313 [Thread-2405] INFO  impl.FollowerState (FollowerState.java:run(108)) - 4cb12814-4d04-44fb-9fee-a7f7e7712377@group-BBF51C85E97A-FollowerState: change to CANDIDATE, lastRpcTime:5081ms, electionTimeout:5081ms
2019-10-02 00:49:38,313 [Thread-2405] INFO  impl.RoleInfo (RoleInfo.java:shutdownFollowerState(121)) - 4cb12814-4d04-44fb-9fee-a7f7e7712377: shutdown FollowerState
2019-10-02 00:49:38,313 [Thread-2405] INFO  impl.RaftServerImpl (RaftServerImpl.java:setRole(170)) - 4cb12814-4d04-44fb-9fee-a7f7e7712377@group-BBF51C85E97A: changes role from  FOLLOWER to CANDIDATE at term 0 for changeToCandidate
2019-10-02 00:49:38,313 [Thread-2405] INFO  impl.RoleInfo (RoleInfo.java:updateAndGet(143)) - 4cb12814-4d04-44fb-9fee-a7f7e7712377: start LeaderElection
2019-10-02 00:49:38,334 [4cb12814-4d04-44fb-9fee-a7f7e7712377@group-BBF51C85E97A-LeaderElection87] INFO  impl.LeaderElection (LeaderElection.java:askForVotes(178)) - 4cb12814-4d04-44fb-9fee-a7f7e7712377@group-BBF51C85E97A-LeaderElection87: begin an election at term 1 for -1: [4cb12814-4d04-44fb-9fee-a7f7e7712377:192.168.151.67:44821], old=null
2019-10-02 00:49:38,334 [4cb12814-4d04-44fb-9fee-a7f7e7712377@group-BBF51C85E97A-LeaderElection87] INFO  impl.RoleInfo (RoleInfo.java:shutdownLeaderElection(134)) - 4cb12814-4d04-44fb-9fee-a7f7e7712377: shutdown LeaderElection
2019-10-02 00:49:38,334 [4cb12814-4d04-44fb-9fee-a7f7e7712377@group-BBF51C85E97A-LeaderElection87] INFO  impl.RaftServerImpl (RaftServerImpl.java:setRole(170)) - 4cb12814-4d04-44fb-9fee-a7f7e7712377@group-BBF51C85E97A: changes role from CANDIDATE to LEADER at term 1 for changeToLeader
2019-10-02 00:49:38,334 [4cb12814-4d04-44fb-9fee-a7f7e7712377@group-BBF51C85E97A-LeaderElection87] INFO  impl.RaftServerImpl (ServerState.java:setLeader(255)) - 4cb12814-4d04-44fb-9fee-a7f7e7712377@group-BBF51C85E97A: change Leader from null to 4cb12814-4d04-44fb-9fee-a7f7e7712377 at term 1 for becomeLeader, leader elected after 5107ms
2019-10-02 00:49:38,334 [4cb12814-4d04-44fb-9fee-a7f7e7712377@group-BBF51C85E97A-LeaderElection87] INFO  server.RaftServerConfigKeys (ConfUtils.java:logGet(43)) - raft.server.staging.catchup.gap = 1000 (default)
2019-10-02 00:49:38,334 [4cb12814-4d04-44fb-9fee-a7f7e7712377@group-BBF51C85E97A-LeaderElection87] INFO  server.RaftServerConfigKeys (ConfUtils.java:logGet(43)) - raft.server.rpc.sleep.time = 25ms (default)
2019-10-02 00:49:38,334 [4cb12814-4d04-44fb-9fee-a7f7e7712377@group-BBF51C85E97A-LeaderElection87] INFO  server.RaftServerConfigKeys (ConfUtils.java:logGet(43)) - raft.server.write.element-limit = 4096 (default)
2019-10-02 00:49:38,335 [4cb12814-4d04-44fb-9fee-a7f7e7712377@group-BBF51C85E97A-LeaderElection87] INFO  server.RaftServerConfigKeys (ConfUtils.java:logGet(43)) - raft.server.watch.timeout = 10s (default)
2019-10-02 00:49:38,335 [4cb12814-4d04-44fb-9fee-a7f7e7712377@group-BBF51C85E97A-LeaderElection87] INFO  server.RaftServerConfigKeys (ConfUtils.java:logGet(43)) - raft.server.watch.timeout.denomination = 1s (default)
2019-10-02 00:49:38,335 [4cb12814-4d04-44fb-9fee-a7f7e7712377@group-BBF51C85E97A-LeaderElection87] INFO  server.RaftServerConfigKeys (ConfUtils.java:logGet(43)) - raft.server.watch.element-limit = 65536 (default)
2019-10-02 00:49:38,336 [4cb12814-4d04-44fb-9fee-a7f7e7712377@group-BBF51C85E97A-LeaderElection87] INFO  impl.RoleInfo (RoleInfo.java:updateAndGet(143)) - 4cb12814-4d04-44fb-9fee-a7f7e7712377: start LeaderState
2019-10-02 00:49:38,337 [4cb12814-4d04-44fb-9fee-a7f7e7712377@group-BBF51C85E97A-LeaderElection87] INFO  segmented.SegmentedRaftLogWorker (SegmentedRaftLogWorker.java:startLogSegment(385)) - 4cb12814-4d04-44fb-9fee-a7f7e7712377@group-BBF51C85E97A-SegmentedRaftLogWorker: Starting segment from index:0
2019-10-02 00:49:38,337 [4cb12814-4d04-44fb-9fee-a7f7e7712377@group-BBF51C85E97A-LeaderElection87] INFO  impl.RaftServerImpl (ServerState.java:setRaftConf(356)) - 4cb12814-4d04-44fb-9fee-a7f7e7712377@group-BBF51C85E97A: set configuration 0: [4cb12814-4d04-44fb-9fee-a7f7e7712377:192.168.151.67:44821], old=null at 0
2019-10-02 00:49:38,383 [4cb12814-4d04-44fb-9fee-a7f7e7712377@group-BBF51C85E97A-SegmentedRaftLogWorker] INFO  segmented.SegmentedRaftLogWorker (SegmentedRaftLogWorker.java:execute(574)) - 4cb12814-4d04-44fb-9fee-a7f7e7712377@group-BBF51C85E97A-SegmentedRaftLogWorker: created new log segment /workdir/hadoop-ozone/integration-test/target/test-dir/MiniOzoneClusterImpl-a0d93c8f-3734-4fbb-bc7f-864ab72bb3bf/datanode-1/data/ratis/c9a07442-3f75-47b0-b100-bbf51c85e97a/current/log_inprogress_0
2019-10-02 00:49:38,389 [Thread-2408] INFO  impl.FollowerState (FollowerState.java:run(108)) - 0f668ae3-b92a-4aae-8242-ea0bc1bca92c@group-61B6FA976481-FollowerState: change to CANDIDATE, lastRpcTime:5074ms, electionTimeout:5074ms
2019-10-02 00:49:38,389 [Thread-2408] INFO  impl.RoleInfo (RoleInfo.java:shutdownFollowerState(121)) - 0f668ae3-b92a-4aae-8242-ea0bc1bca92c: shutdown FollowerState
2019-10-02 00:49:38,389 [Thread-2408] INFO  impl.RaftServerImpl (RaftServerImpl.java:setRole(170)) - 0f668ae3-b92a-4aae-8242-ea0bc1bca92c@group-61B6FA976481: changes role from  FOLLOWER to CANDIDATE at term 0 for changeToCandidate
2019-10-02 00:49:38,389 [Thread-2408] INFO  impl.RoleInfo (RoleInfo.java:updateAndGet(143)) - 0f668ae3-b92a-4aae-8242-ea0bc1bca92c: start LeaderElection
2019-10-02 00:49:38,410 [0f668ae3-b92a-4aae-8242-ea0bc1bca92c@group-61B6FA976481-LeaderElection88] INFO  impl.LeaderElection (LeaderElection.java:askForVotes(178)) - 0f668ae3-b92a-4aae-8242-ea0bc1bca92c@group-61B6FA976481-LeaderElection88: begin an election at term 1 for -1: [0f668ae3-b92a-4aae-8242-ea0bc1bca92c:192.168.151.67:45802], old=null
2019-10-02 00:49:38,410 [0f668ae3-b92a-4aae-8242-ea0bc1bca92c@group-61B6FA976481-LeaderElection88] INFO  impl.RoleInfo (RoleInfo.java:shutdownLeaderElection(134)) - 0f668ae3-b92a-4aae-8242-ea0bc1bca92c: shutdown LeaderElection
2019-10-02 00:49:38,411 [0f668ae3-b92a-4aae-8242-ea0bc1bca92c@group-61B6FA976481-LeaderElection88] INFO  impl.RaftServerImpl (RaftServerImpl.java:setRole(170)) - 0f668ae3-b92a-4aae-8242-ea0bc1bca92c@group-61B6FA976481: changes role from CANDIDATE to LEADER at term 1 for changeToLeader
2019-10-02 00:49:38,411 [0f668ae3-b92a-4aae-8242-ea0bc1bca92c@group-61B6FA976481-LeaderElection88] INFO  impl.RaftServerImpl (ServerState.java:setLeader(255)) - 0f668ae3-b92a-4aae-8242-ea0bc1bca92c@group-61B6FA976481: change Leader from null to 0f668ae3-b92a-4aae-8242-ea0bc1bca92c at term 1 for becomeLeader, leader elected after 5100ms
2019-10-02 00:49:38,411 [0f668ae3-b92a-4aae-8242-ea0bc1bca92c@group-61B6FA976481-LeaderElection88] INFO  server.RaftServerConfigKeys (ConfUtils.java:logGet(43)) - raft.server.staging.catchup.gap = 1000 (default)
2019-10-02 00:49:38,411 [0f668ae3-b92a-4aae-8242-ea0bc1bca92c@group-61B6FA976481-LeaderElection88] INFO  server.RaftServerConfigKeys (ConfUtils.java:logGet(43)) - raft.server.rpc.sleep.time = 25ms (default)
2019-10-02 00:49:38,411 [0f668ae3-b92a-4aae-8242-ea0bc1bca92c@group-61B6FA976481-LeaderElection88] INFO  server.RaftServerConfigKeys (ConfUtils.java:logGet(43)) - raft.server.write.element-limit = 4096 (default)
2019-10-02 00:49:38,411 [0f668ae3-b92a-4aae-8242-ea0bc1bca92c@group-61B6FA976481-LeaderElection88] INFO  server.RaftServerConfigKeys (ConfUtils.java:logGet(43)) - raft.server.watch.timeout = 10s (default)
2019-10-02 00:49:38,411 [0f668ae3-b92a-4aae-8242-ea0bc1bca92c@group-61B6FA976481-LeaderElection88] INFO  server.RaftServerConfigKeys (ConfUtils.java:logGet(43)) - raft.server.watch.timeout.denomination = 1s (default)
2019-10-02 00:49:38,411 [0f668ae3-b92a-4aae-8242-ea0bc1bca92c@group-61B6FA976481-LeaderElection88] INFO  server.RaftServerConfigKeys (ConfUtils.java:logGet(43)) - raft.server.watch.element-limit = 65536 (default)
2019-10-02 00:49:38,412 [0f668ae3-b92a-4aae-8242-ea0bc1bca92c@group-61B6FA976481-LeaderElection88] INFO  impl.RoleInfo (RoleInfo.java:updateAndGet(143)) - 0f668ae3-b92a-4aae-8242-ea0bc1bca92c: start LeaderState
2019-10-02 00:49:38,413 [0f668ae3-b92a-4aae-8242-ea0bc1bca92c@group-61B6FA976481-LeaderElection88] INFO  segmented.SegmentedRaftLogWorker (SegmentedRaftLogWorker.java:startLogSegment(385)) - 0f668ae3-b92a-4aae-8242-ea0bc1bca92c@group-61B6FA976481-SegmentedRaftLogWorker: Starting segment from index:0
2019-10-02 00:49:38,413 [0f668ae3-b92a-4aae-8242-ea0bc1bca92c@group-61B6FA976481-LeaderElection88] INFO  impl.RaftServerImpl (ServerState.java:setRaftConf(356)) - 0f668ae3-b92a-4aae-8242-ea0bc1bca92c@group-61B6FA976481: set configuration 0: [0f668ae3-b92a-4aae-8242-ea0bc1bca92c:192.168.151.67:45802], old=null at 0
2019-10-02 00:49:38,453 [0f668ae3-b92a-4aae-8242-ea0bc1bca92c@group-61B6FA976481-SegmentedRaftLogWorker] INFO  segmented.SegmentedRaftLogWorker (SegmentedRaftLogWorker.java:execute(574)) - 0f668ae3-b92a-4aae-8242-ea0bc1bca92c@group-61B6FA976481-SegmentedRaftLogWorker: created new log segment /workdir/hadoop-ozone/integration-test/target/test-dir/MiniOzoneClusterImpl-a0d93c8f-3734-4fbb-bc7f-864ab72bb3bf/datanode-2/data/ratis/1fde0640-c6ab-4d43-b285-61b6fa976481/current/log_inprogress_0
2019-10-02 00:49:38,467 [Thread-2411] INFO  impl.FollowerState (FollowerState.java:run(108)) - 4cb12814-4d04-44fb-9fee-a7f7e7712377@group-F0A874D2D4F9-FollowerState: change to CANDIDATE, lastRpcTime:5098ms, electionTimeout:5098ms
2019-10-02 00:49:38,467 [Thread-2411] INFO  impl.RoleInfo (RoleInfo.java:shutdownFollowerState(121)) - 4cb12814-4d04-44fb-9fee-a7f7e7712377: shutdown FollowerState
2019-10-02 00:49:38,467 [Thread-2411] INFO  impl.RaftServerImpl (RaftServerImpl.java:setRole(170)) - 4cb12814-4d04-44fb-9fee-a7f7e7712377@group-F0A874D2D4F9: changes role from  FOLLOWER to CANDIDATE at term 0 for changeToCandidate
2019-10-02 00:49:38,467 [Thread-2411] INFO  impl.RoleInfo (RoleInfo.java:updateAndGet(143)) - 4cb12814-4d04-44fb-9fee-a7f7e7712377: start LeaderElection
2019-10-02 00:49:38,484 [4cb12814-4d04-44fb-9fee-a7f7e7712377@group-F0A874D2D4F9-LeaderElection89] INFO  impl.LeaderElection (LeaderElection.java:askForVotes(178)) - 4cb12814-4d04-44fb-9fee-a7f7e7712377@group-F0A874D2D4F9-LeaderElection89: begin an election at term 1 for -1: [0f668ae3-b92a-4aae-8242-ea0bc1bca92c:192.168.151.67:45802, 9fea9e3e-38e1-4c63-b169-88a1e5dd4413:192.168.151.67:46552, 4cb12814-4d04-44fb-9fee-a7f7e7712377:192.168.151.67:44821], old=null
2019-10-02 00:49:38,489 [grpc-default-executor-2] INFO  impl.RaftServerImpl (RaftServerImpl.java:setRole(170)) - 9fea9e3e-38e1-4c63-b169-88a1e5dd4413@group-F0A874D2D4F9: changes role from  FOLLOWER to FOLLOWER at term 1 for recognizeCandidate:4cb12814-4d04-44fb-9fee-a7f7e7712377
2019-10-02 00:49:38,490 [grpc-default-executor-2] INFO  impl.RoleInfo (RoleInfo.java:shutdownFollowerState(121)) - 9fea9e3e-38e1-4c63-b169-88a1e5dd4413: shutdown FollowerState
2019-10-02 00:49:38,494 [grpc-default-executor-0] INFO  impl.RaftServerImpl (RaftServerImpl.java:setRole(170)) - 0f668ae3-b92a-4aae-8242-ea0bc1bca92c@group-F0A874D2D4F9: changes role from  FOLLOWER to FOLLOWER at term 1 for recognizeCandidate:4cb12814-4d04-44fb-9fee-a7f7e7712377
2019-10-02 00:49:38,494 [grpc-default-executor-2] INFO  impl.RoleInfo (RoleInfo.java:updateAndGet(143)) - 9fea9e3e-38e1-4c63-b169-88a1e5dd4413: start FollowerState
2019-10-02 00:49:38,494 [grpc-default-executor-0] INFO  impl.RoleInfo (RoleInfo.java:shutdownFollowerState(121)) - 0f668ae3-b92a-4aae-8242-ea0bc1bca92c: shutdown FollowerState
2019-10-02 00:49:38,494 [Thread-2415] INFO  impl.FollowerState (FollowerState.java:run(117)) - 9fea9e3e-38e1-4c63-b169-88a1e5dd4413@group-F0A874D2D4F9-FollowerState was interrupted: java.lang.InterruptedException: sleep interrupted
2019-10-02 00:49:38,494 [grpc-default-executor-0] INFO  impl.RoleInfo (RoleInfo.java:updateAndGet(143)) - 0f668ae3-b92a-4aae-8242-ea0bc1bca92c: start FollowerState
2019-10-02 00:49:38,495 [Thread-2416] INFO  impl.FollowerState (FollowerState.java:run(117)) - 0f668ae3-b92a-4aae-8242-ea0bc1bca92c@group-F0A874D2D4F9-FollowerState was interrupted: java.lang.InterruptedException: sleep interrupted
2019-10-02 00:49:38,509 [4cb12814-4d04-44fb-9fee-a7f7e7712377@group-F0A874D2D4F9-LeaderElection89] INFO  impl.LeaderElection (LeaderElection.java:logAndReturn(56)) - 4cb12814-4d04-44fb-9fee-a7f7e7712377@group-F0A874D2D4F9-LeaderElection89: Election PASSED; received 1 response(s) [4cb12814-4d04-44fb-9fee-a7f7e7712377<-9fea9e3e-38e1-4c63-b169-88a1e5dd4413#0:OK-t1] and 0 exception(s); 4cb12814-4d04-44fb-9fee-a7f7e7712377@group-F0A874D2D4F9:t1, leader=null, voted=4cb12814-4d04-44fb-9fee-a7f7e7712377, raftlog=4cb12814-4d04-44fb-9fee-a7f7e7712377@group-F0A874D2D4F9-SegmentedRaftLog:OPENED:c-1,f-1,i0, conf=-1: [0f668ae3-b92a-4aae-8242-ea0bc1bca92c:192.168.151.67:45802, 9fea9e3e-38e1-4c63-b169-88a1e5dd4413:192.168.151.67:46552, 4cb12814-4d04-44fb-9fee-a7f7e7712377:192.168.151.67:44821], old=null
2019-10-02 00:49:38,509 [4cb12814-4d04-44fb-9fee-a7f7e7712377@group-F0A874D2D4F9-LeaderElection89] INFO  impl.RoleInfo (RoleInfo.java:shutdownLeaderElection(134)) - 4cb12814-4d04-44fb-9fee-a7f7e7712377: shutdown LeaderElection
2019-10-02 00:49:38,509 [4cb12814-4d04-44fb-9fee-a7f7e7712377@group-F0A874D2D4F9-LeaderElection89] INFO  impl.RaftServerImpl (RaftServerImpl.java:setRole(170)) - 4cb12814-4d04-44fb-9fee-a7f7e7712377@group-F0A874D2D4F9: changes role from CANDIDATE to LEADER at term 1 for changeToLeader
2019-10-02 00:49:38,509 [4cb12814-4d04-44fb-9fee-a7f7e7712377@group-F0A874D2D4F9-LeaderElection89] INFO  impl.RaftServerImpl (ServerState.java:setLeader(255)) - 4cb12814-4d04-44fb-9fee-a7f7e7712377@group-F0A874D2D4F9: change Leader from null to 4cb12814-4d04-44fb-9fee-a7f7e7712377 at term 1 for becomeLeader, leader elected after 5147ms
2019-10-02 00:49:38,509 [4cb12814-4d04-44fb-9fee-a7f7e7712377@group-F0A874D2D4F9-LeaderElection89] INFO  server.RaftServerConfigKeys (ConfUtils.java:logGet(43)) - raft.server.staging.catchup.gap = 1000 (default)
2019-10-02 00:49:38,509 [4cb12814-4d04-44fb-9fee-a7f7e7712377@group-F0A874D2D4F9-LeaderElection89] INFO  server.RaftServerConfigKeys (ConfUtils.java:logGet(43)) - raft.server.rpc.sleep.time = 25ms (default)
2019-10-02 00:49:38,510 [4cb12814-4d04-44fb-9fee-a7f7e7712377@group-F0A874D2D4F9-LeaderElection89] INFO  server.RaftServerConfigKeys (ConfUtils.java:logGet(43)) - raft.server.write.element-limit = 4096 (default)
2019-10-02 00:49:38,510 [4cb12814-4d04-44fb-9fee-a7f7e7712377@group-F0A874D2D4F9-LeaderElection89] INFO  server.RaftServerConfigKeys (ConfUtils.java:logGet(43)) - raft.server.watch.timeout = 10s (default)
2019-10-02 00:49:38,510 [4cb12814-4d04-44fb-9fee-a7f7e7712377@group-F0A874D2D4F9-LeaderElection89] INFO  server.RaftServerConfigKeys (ConfUtils.java:logGet(43)) - raft.server.watch.timeout.denomination = 1s (default)
2019-10-02 00:49:38,510 [4cb12814-4d04-44fb-9fee-a7f7e7712377@group-F0A874D2D4F9-LeaderElection89] INFO  server.RaftServerConfigKeys (ConfUtils.java:logGet(43)) - raft.server.watch.element-limit = 65536 (default)
2019-10-02 00:49:38,512 [4cb12814-4d04-44fb-9fee-a7f7e7712377@group-F0A874D2D4F9-LeaderElection89] INFO  server.RaftServerConfigKeys (ConfUtils.java:logGet(43)) - raft.server.log.appender.snapshot.chunk.size.max = 16MB (=16777216) (default)
2019-10-02 00:49:38,512 [4cb12814-4d04-44fb-9fee-a7f7e7712377@group-F0A874D2D4F9-LeaderElection89] INFO  server.RaftServerConfigKeys (ConfUtils.java:logGet(43)) - raft.server.log.appender.buffer.byte-limit = 33554432 (custom)
2019-10-02 00:49:38,512 [4cb12814-4d04-44fb-9fee-a7f7e7712377@group-F0A874D2D4F9-LeaderElection89] INFO  server.RaftServerConfigKeys (ConfUtils.java:logGet(43)) - raft.server.log.appender.buffer.element-limit = 1 (custom)
2019-10-02 00:49:38,512 [4cb12814-4d04-44fb-9fee-a7f7e7712377@group-F0A874D2D4F9-LeaderElection89] INFO  grpc.GrpcConfigKeys$Server (ConfUtils.java:logGet(43)) - raft.grpc.server.leader.outstanding.appends.max = 128 (default)
2019-10-02 00:49:38,512 [4cb12814-4d04-44fb-9fee-a7f7e7712377@group-F0A874D2D4F9-LeaderElection89] INFO  server.RaftServerConfigKeys (ConfUtils.java:logGet(43)) - raft.server.rpc.request.timeout = 3000ms (default)
2019-10-02 00:49:38,512 [4cb12814-4d04-44fb-9fee-a7f7e7712377@group-F0A874D2D4F9-LeaderElection89] INFO  server.RaftServerConfigKeys (ConfUtils.java:logGet(43)) - raft.server.log.appender.install.snapshot.enabled = false (custom)
2019-10-02 00:49:38,513 [4cb12814-4d04-44fb-9fee-a7f7e7712377@group-F0A874D2D4F9-LeaderElection89] INFO  server.RaftServerConfigKeys (ConfUtils.java:logGet(43)) - raft.server.log.appender.snapshot.chunk.size.max = 16MB (=16777216) (default)
2019-10-02 00:49:38,513 [4cb12814-4d04-44fb-9fee-a7f7e7712377@group-F0A874D2D4F9-LeaderElection89] INFO  server.RaftServerConfigKeys (ConfUtils.java:logGet(43)) - raft.server.log.appender.buffer.byte-limit = 33554432 (custom)
2019-10-02 00:49:38,513 [4cb12814-4d04-44fb-9fee-a7f7e7712377@group-F0A874D2D4F9-LeaderElection89] INFO  server.RaftServerConfigKeys (ConfUtils.java:logGet(43)) - raft.server.log.appender.buffer.element-limit = 1 (custom)
2019-10-02 00:49:38,513 [4cb12814-4d04-44fb-9fee-a7f7e7712377@group-F0A874D2D4F9-LeaderElection89] INFO  grpc.GrpcConfigKeys$Server (ConfUtils.java:logGet(43)) - raft.grpc.server.leader.outstanding.appends.max = 128 (default)
2019-10-02 00:49:38,513 [4cb12814-4d04-44fb-9fee-a7f7e7712377@group-F0A874D2D4F9-LeaderElection89] INFO  server.RaftServerConfigKeys (ConfUtils.java:logGet(43)) - raft.server.rpc.request.timeout = 3000ms (default)
2019-10-02 00:49:38,513 [4cb12814-4d04-44fb-9fee-a7f7e7712377@group-F0A874D2D4F9-LeaderElection89] INFO  server.RaftServerConfigKeys (ConfUtils.java:logGet(43)) - raft.server.log.appender.install.snapshot.enabled = false (custom)
2019-10-02 00:49:38,513 [4cb12814-4d04-44fb-9fee-a7f7e7712377@group-F0A874D2D4F9-LeaderElection89] INFO  impl.RoleInfo (RoleInfo.java:updateAndGet(143)) - 4cb12814-4d04-44fb-9fee-a7f7e7712377: start LeaderState
2019-10-02 00:49:38,514 [4cb12814-4d04-44fb-9fee-a7f7e7712377@group-F0A874D2D4F9-LeaderElection89] INFO  segmented.SegmentedRaftLogWorker (SegmentedRaftLogWorker.java:startLogSegment(385)) - 4cb12814-4d04-44fb-9fee-a7f7e7712377@group-F0A874D2D4F9-SegmentedRaftLogWorker: Starting segment from index:0
2019-10-02 00:49:38,514 [4cb12814-4d04-44fb-9fee-a7f7e7712377@group-F0A874D2D4F9-LeaderElection89] INFO  impl.RaftServerImpl (ServerState.java:setRaftConf(356)) - 4cb12814-4d04-44fb-9fee-a7f7e7712377@group-F0A874D2D4F9: set configuration 0: [0f668ae3-b92a-4aae-8242-ea0bc1bca92c:192.168.151.67:45802, 9fea9e3e-38e1-4c63-b169-88a1e5dd4413:192.168.151.67:46552, 4cb12814-4d04-44fb-9fee-a7f7e7712377:192.168.151.67:44821], old=null at 0
2019-10-02 00:49:38,552 [grpc-default-executor-2] INFO  impl.RaftServerImpl (ServerState.java:setLeader(255)) - 0f668ae3-b92a-4aae-8242-ea0bc1bca92c@group-F0A874D2D4F9: change Leader from null to 4cb12814-4d04-44fb-9fee-a7f7e7712377 at term 1 for appendEntries, leader elected after 5190ms
2019-10-02 00:49:38,556 [grpc-default-executor-0] INFO  impl.RaftServerImpl (ServerState.java:setLeader(255)) - 9fea9e3e-38e1-4c63-b169-88a1e5dd4413@group-F0A874D2D4F9: change Leader from null to 4cb12814-4d04-44fb-9fee-a7f7e7712377 at term 1 for appendEntries, leader elected after 5193ms
2019-10-02 00:49:38,558 [4cb12814-4d04-44fb-9fee-a7f7e7712377@group-F0A874D2D4F9-SegmentedRaftLogWorker] INFO  segmented.SegmentedRaftLogWorker (SegmentedRaftLogWorker.java:execute(574)) - 4cb12814-4d04-44fb-9fee-a7f7e7712377@group-F0A874D2D4F9-SegmentedRaftLogWorker: created new log segment /workdir/hadoop-ozone/integration-test/target/test-dir/MiniOzoneClusterImpl-a0d93c8f-3734-4fbb-bc7f-864ab72bb3bf/datanode-1/data/ratis/12f0119b-bff2-4928-8a4d-f0a874d2d4f9/current/log_inprogress_0
2019-10-02 00:49:38,559 [grpc-default-executor-0] INFO  impl.RaftServerImpl (ServerState.java:setRaftConf(356)) - 0f668ae3-b92a-4aae-8242-ea0bc1bca92c@group-F0A874D2D4F9: set configuration 0: [0f668ae3-b92a-4aae-8242-ea0bc1bca92c:192.168.151.67:45802, 9fea9e3e-38e1-4c63-b169-88a1e5dd4413:192.168.151.67:46552, 4cb12814-4d04-44fb-9fee-a7f7e7712377:192.168.151.67:44821], old=null at 0
2019-10-02 00:49:38,559 [grpc-default-executor-2] INFO  impl.RaftServerImpl (ServerState.java:setRaftConf(356)) - 9fea9e3e-38e1-4c63-b169-88a1e5dd4413@group-F0A874D2D4F9: set configuration 0: [0f668ae3-b92a-4aae-8242-ea0bc1bca92c:192.168.151.67:45802, 9fea9e3e-38e1-4c63-b169-88a1e5dd4413:192.168.151.67:46552, 4cb12814-4d04-44fb-9fee-a7f7e7712377:192.168.151.67:44821], old=null at 0
2019-10-02 00:49:38,559 [grpc-default-executor-0] INFO  segmented.SegmentedRaftLogWorker (SegmentedRaftLogWorker.java:startLogSegment(385)) - 0f668ae3-b92a-4aae-8242-ea0bc1bca92c@group-F0A874D2D4F9-SegmentedRaftLogWorker: Starting segment from index:0
2019-10-02 00:49:38,560 [grpc-default-executor-2] INFO  segmented.SegmentedRaftLogWorker (SegmentedRaftLogWorker.java:startLogSegment(385)) - 9fea9e3e-38e1-4c63-b169-88a1e5dd4413@group-F0A874D2D4F9-SegmentedRaftLogWorker: Starting segment from index:0
2019-10-02 00:49:38,603 [0f668ae3-b92a-4aae-8242-ea0bc1bca92c@group-F0A874D2D4F9-SegmentedRaftLogWorker] INFO  segmented.SegmentedRaftLogWorker (SegmentedRaftLogWorker.java:execute(574)) - 0f668ae3-b92a-4aae-8242-ea0bc1bca92c@group-F0A874D2D4F9-SegmentedRaftLogWorker: created new log segment /workdir/hadoop-ozone/integration-test/target/test-dir/MiniOzoneClusterImpl-a0d93c8f-3734-4fbb-bc7f-864ab72bb3bf/datanode-2/data/ratis/12f0119b-bff2-4928-8a4d-f0a874d2d4f9/current/log_inprogress_0
2019-10-02 00:49:38,603 [9fea9e3e-38e1-4c63-b169-88a1e5dd4413@group-F0A874D2D4F9-SegmentedRaftLogWorker] INFO  segmented.SegmentedRaftLogWorker (SegmentedRaftLogWorker.java:execute(574)) - 9fea9e3e-38e1-4c63-b169-88a1e5dd4413@group-F0A874D2D4F9-SegmentedRaftLogWorker: created new log segment /workdir/hadoop-ozone/integration-test/target/test-dir/MiniOzoneClusterImpl-a0d93c8f-3734-4fbb-bc7f-864ab72bb3bf/datanode-0/data/ratis/12f0119b-bff2-4928-8a4d-f0a874d2d4f9/current/log_inprogress_0
2019-10-02 00:49:38,648 [Thread-2423] INFO  impl.FollowerState (FollowerState.java:run(108)) - 62d60dec-38f5-4493-8322-d0d86b92da7b@group-BEEC5B6A3B24-FollowerState: change to CANDIDATE, lastRpcTime:5098ms, electionTimeout:5098ms
2019-10-02 00:49:38,648 [Thread-2423] INFO  impl.RoleInfo (RoleInfo.java:shutdownFollowerState(121)) - 62d60dec-38f5-4493-8322-d0d86b92da7b: shutdown FollowerState
2019-10-02 00:49:38,648 [Thread-2423] INFO  impl.RaftServerImpl (RaftServerImpl.java:setRole(170)) - 62d60dec-38f5-4493-8322-d0d86b92da7b@group-BEEC5B6A3B24: changes role from  FOLLOWER to CANDIDATE at term 0 for changeToCandidate
2019-10-02 00:49:38,649 [Thread-2423] INFO  impl.RoleInfo (RoleInfo.java:updateAndGet(143)) - 62d60dec-38f5-4493-8322-d0d86b92da7b: start LeaderElection
2019-10-02 00:49:38,665 [Thread-2431] INFO  impl.FollowerState (FollowerState.java:run(108)) - 62d60dec-38f5-4493-8322-d0d86b92da7b@group-B6D6336BE74F-FollowerState: change to CANDIDATE, lastRpcTime:5003ms, electionTimeout:5003ms
2019-10-02 00:49:38,665 [Thread-2431] INFO  impl.RoleInfo (RoleInfo.java:shutdownFollowerState(121)) - 62d60dec-38f5-4493-8322-d0d86b92da7b: shutdown FollowerState
2019-10-02 00:49:38,665 [Thread-2431] INFO  impl.RaftServerImpl (RaftServerImpl.java:setRole(170)) - 62d60dec-38f5-4493-8322-d0d86b92da7b@group-B6D6336BE74F: changes role from  FOLLOWER to CANDIDATE at term 0 for changeToCandidate
2019-10-02 00:49:38,666 [Thread-2431] INFO  impl.RoleInfo (RoleInfo.java:updateAndGet(143)) - 62d60dec-38f5-4493-8322-d0d86b92da7b: start LeaderElection
2019-10-02 00:49:38,673 [Thread-2433] INFO  impl.FollowerState (FollowerState.java:run(108)) - 9dde2aa1-51a5-4635-b482-df1a1d0eee24@group-B6D6336BE74F-FollowerState: change to CANDIDATE, lastRpcTime:5010ms, electionTimeout:5010ms
2019-10-02 00:49:38,673 [62d60dec-38f5-4493-8322-d0d86b92da7b@group-BEEC5B6A3B24-LeaderElection90] INFO  impl.LeaderElection (LeaderElection.java:askForVotes(178)) - 62d60dec-38f5-4493-8322-d0d86b92da7b@group-BEEC5B6A3B24-LeaderElection90: begin an election at term 1 for -1: [62d60dec-38f5-4493-8322-d0d86b92da7b:192.168.151.67:41122], old=null
2019-10-02 00:49:38,674 [Thread-2433] INFO  impl.RoleInfo (RoleInfo.java:shutdownFollowerState(121)) - 9dde2aa1-51a5-4635-b482-df1a1d0eee24: shutdown FollowerState
2019-10-02 00:49:38,674 [62d60dec-38f5-4493-8322-d0d86b92da7b@group-BEEC5B6A3B24-LeaderElection90] INFO  impl.RoleInfo (RoleInfo.java:shutdownLeaderElection(134)) - 62d60dec-38f5-4493-8322-d0d86b92da7b: shutdown LeaderElection
2019-10-02 00:49:38,674 [Thread-2433] INFO  impl.RaftServerImpl (RaftServerImpl.java:setRole(170)) - 9dde2aa1-51a5-4635-b482-df1a1d0eee24@group-B6D6336BE74F: changes role from  FOLLOWER to CANDIDATE at term 0 for changeToCandidate
2019-10-02 00:49:38,674 [62d60dec-38f5-4493-8322-d0d86b92da7b@group-BEEC5B6A3B24-LeaderElection90] INFO  impl.RaftServerImpl (RaftServerImpl.java:setRole(170)) - 62d60dec-38f5-4493-8322-d0d86b92da7b@group-BEEC5B6A3B24: changes role from CANDIDATE to LEADER at term 1 for changeToLeader
2019-10-02 00:49:38,674 [Thread-2433] INFO  impl.RoleInfo (RoleInfo.java:updateAndGet(143)) - 9dde2aa1-51a5-4635-b482-df1a1d0eee24: start LeaderElection
2019-10-02 00:49:38,674 [62d60dec-38f5-4493-8322-d0d86b92da7b@group-BEEC5B6A3B24-LeaderElection90] INFO  impl.RaftServerImpl (ServerState.java:setLeader(255)) - 62d60dec-38f5-4493-8322-d0d86b92da7b@group-BEEC5B6A3B24: change Leader from null to 62d60dec-38f5-4493-8322-d0d86b92da7b at term 1 for becomeLeader, leader elected after 5131ms
2019-10-02 00:49:38,674 [62d60dec-38f5-4493-8322-d0d86b92da7b@group-BEEC5B6A3B24-LeaderElection90] INFO  server.RaftServerConfigKeys (ConfUtils.java:logGet(43)) - raft.server.staging.catchup.gap = 1000 (default)
2019-10-02 00:49:38,681 [62d60dec-38f5-4493-8322-d0d86b92da7b@group-BEEC5B6A3B24-LeaderElection90] INFO  server.RaftServerConfigKeys (ConfUtils.java:logGet(43)) - raft.server.rpc.sleep.time = 25ms (default)
2019-10-02 00:49:38,681 [62d60dec-38f5-4493-8322-d0d86b92da7b@group-BEEC5B6A3B24-LeaderElection90] INFO  server.RaftServerConfigKeys (ConfUtils.java:logGet(43)) - raft.server.write.element-limit = 4096 (default)
2019-10-02 00:49:38,682 [62d60dec-38f5-4493-8322-d0d86b92da7b@group-BEEC5B6A3B24-LeaderElection90] INFO  server.RaftServerConfigKeys (ConfUtils.java:logGet(43)) - raft.server.watch.timeout = 10s (default)
2019-10-02 00:49:38,682 [62d60dec-38f5-4493-8322-d0d86b92da7b@group-BEEC5B6A3B24-LeaderElection90] INFO  server.RaftServerConfigKeys (ConfUtils.java:logGet(43)) - raft.server.watch.timeout.denomination = 1s (default)
2019-10-02 00:49:38,682 [62d60dec-38f5-4493-8322-d0d86b92da7b@group-BEEC5B6A3B24-LeaderElection90] INFO  server.RaftServerConfigKeys (ConfUtils.java:logGet(43)) - raft.server.watch.element-limit = 65536 (default)
2019-10-02 00:49:38,684 [62d60dec-38f5-4493-8322-d0d86b92da7b@group-BEEC5B6A3B24-LeaderElection90] INFO  impl.RoleInfo (RoleInfo.java:updateAndGet(143)) - 62d60dec-38f5-4493-8322-d0d86b92da7b: start LeaderState
2019-10-02 00:49:38,684 [62d60dec-38f5-4493-8322-d0d86b92da7b@group-BEEC5B6A3B24-LeaderElection90] INFO  segmented.SegmentedRaftLogWorker (SegmentedRaftLogWorker.java:startLogSegment(385)) - 62d60dec-38f5-4493-8322-d0d86b92da7b@group-BEEC5B6A3B24-SegmentedRaftLogWorker: Starting segment from index:0
2019-10-02 00:49:38,684 [62d60dec-38f5-4493-8322-d0d86b92da7b@group-BEEC5B6A3B24-LeaderElection90] INFO  impl.RaftServerImpl (ServerState.java:setRaftConf(356)) - 62d60dec-38f5-4493-8322-d0d86b92da7b@group-BEEC5B6A3B24: set configuration 0: [62d60dec-38f5-4493-8322-d0d86b92da7b:192.168.151.67:41122], old=null at 0
2019-10-02 00:49:38,687 [62d60dec-38f5-4493-8322-d0d86b92da7b@group-B6D6336BE74F-LeaderElection91] INFO  impl.LeaderElection (LeaderElection.java:askForVotes(178)) - 62d60dec-38f5-4493-8322-d0d86b92da7b@group-B6D6336BE74F-LeaderElection91: begin an election at term 1 for -1: [ffe16471-5a54-4722-82a2-96df65f2e972:192.168.151.67:39030, 62d60dec-38f5-4493-8322-d0d86b92da7b:192.168.151.67:41122, 9dde2aa1-51a5-4635-b482-df1a1d0eee24:192.168.151.67:36500], old=null
2019-10-02 00:49:38,687 [9dde2aa1-51a5-4635-b482-df1a1d0eee24@group-B6D6336BE74F-LeaderElection92] INFO  impl.LeaderElection (LeaderElection.java:askForVotes(178)) - 9dde2aa1-51a5-4635-b482-df1a1d0eee24@group-B6D6336BE74F-LeaderElection92: begin an election at term 1 for -1: [ffe16471-5a54-4722-82a2-96df65f2e972:192.168.151.67:39030, 62d60dec-38f5-4493-8322-d0d86b92da7b:192.168.151.67:41122, 9dde2aa1-51a5-4635-b482-df1a1d0eee24:192.168.151.67:36500], old=null
2019-10-02 00:49:38,689 [Thread-2420] INFO  impl.FollowerState (FollowerState.java:run(108)) - 9dde2aa1-51a5-4635-b482-df1a1d0eee24@group-D240BC827D3B-FollowerState: change to CANDIDATE, lastRpcTime:5190ms, electionTimeout:5190ms
2019-10-02 00:49:38,689 [Thread-2420] INFO  impl.RoleInfo (RoleInfo.java:shutdownFollowerState(121)) - 9dde2aa1-51a5-4635-b482-df1a1d0eee24: shutdown FollowerState
2019-10-02 00:49:38,689 [Thread-2420] INFO  impl.RaftServerImpl (RaftServerImpl.java:setRole(170)) - 9dde2aa1-51a5-4635-b482-df1a1d0eee24@group-D240BC827D3B: changes role from  FOLLOWER to CANDIDATE at term 0 for changeToCandidate
2019-10-02 00:49:38,689 [Thread-2420] INFO  impl.RoleInfo (RoleInfo.java:updateAndGet(143)) - 9dde2aa1-51a5-4635-b482-df1a1d0eee24: start LeaderElection
2019-10-02 00:49:38,718 [Thread-2426] INFO  impl.FollowerState (FollowerState.java:run(108)) - ffe16471-5a54-4722-82a2-96df65f2e972@group-10975D90D0FC-FollowerState: change to CANDIDATE, lastRpcTime:5118ms, electionTimeout:5117ms
2019-10-02 00:49:38,718 [Thread-2426] INFO  impl.RoleInfo (RoleInfo.java:shutdownFollowerState(121)) - ffe16471-5a54-4722-82a2-96df65f2e972: shutdown FollowerState
2019-10-02 00:49:38,718 [Thread-2426] INFO  impl.RaftServerImpl (RaftServerImpl.java:setRole(170)) - ffe16471-5a54-4722-82a2-96df65f2e972@group-10975D90D0FC: changes role from  FOLLOWER to CANDIDATE at term 0 for changeToCandidate
2019-10-02 00:49:38,718 [Thread-2426] INFO  impl.RoleInfo (RoleInfo.java:updateAndGet(143)) - ffe16471-5a54-4722-82a2-96df65f2e972: start LeaderElection
2019-10-02 00:49:38,726 [62d60dec-38f5-4493-8322-d0d86b92da7b@group-BEEC5B6A3B24-SegmentedRaftLogWorker] INFO  segmented.SegmentedRaftLogWorker (SegmentedRaftLogWorker.java:execute(574)) - 62d60dec-38f5-4493-8322-d0d86b92da7b@group-BEEC5B6A3B24-SegmentedRaftLogWorker: created new log segment /workdir/hadoop-ozone/integration-test/target/test-dir/MiniOzoneClusterImpl-a0d93c8f-3734-4fbb-bc7f-864ab72bb3bf/datanode-3/data/ratis/a5c40f64-919a-4947-b386-beec5b6a3b24/current/log_inprogress_0
2019-10-02 00:49:38,726 [9dde2aa1-51a5-4635-b482-df1a1d0eee24@group-D240BC827D3B-LeaderElection93] INFO  impl.LeaderElection (LeaderElection.java:askForVotes(178)) - 9dde2aa1-51a5-4635-b482-df1a1d0eee24@group-D240BC827D3B-LeaderElection93: begin an election at term 1 for -1: [9dde2aa1-51a5-4635-b482-df1a1d0eee24:192.168.151.67:36500], old=null
2019-10-02 00:49:38,730 [grpc-default-executor-7] INFO  impl.RaftServerImpl (RaftServerImpl.java:setRole(170)) - ffe16471-5a54-4722-82a2-96df65f2e972@group-B6D6336BE74F: changes role from  FOLLOWER to FOLLOWER at term 1 for recognizeCandidate:62d60dec-38f5-4493-8322-d0d86b92da7b
2019-10-02 00:49:38,730 [9dde2aa1-51a5-4635-b482-df1a1d0eee24@group-D240BC827D3B-LeaderElection93] INFO  impl.RoleInfo (RoleInfo.java:shutdownLeaderElection(134)) - 9dde2aa1-51a5-4635-b482-df1a1d0eee24: shutdown LeaderElection
2019-10-02 00:49:38,731 [grpc-default-executor-7] INFO  impl.RoleInfo (RoleInfo.java:shutdownFollowerState(121)) - ffe16471-5a54-4722-82a2-96df65f2e972: shutdown FollowerState
2019-10-02 00:49:38,734 [9dde2aa1-51a5-4635-b482-df1a1d0eee24@group-D240BC827D3B-LeaderElection93] INFO  impl.RaftServerImpl (RaftServerImpl.java:setRole(170)) - 9dde2aa1-51a5-4635-b482-df1a1d0eee24@group-D240BC827D3B: changes role from CANDIDATE to LEADER at term 1 for changeToLeader
2019-10-02 00:49:38,734 [grpc-default-executor-7] INFO  impl.RoleInfo (RoleInfo.java:updateAndGet(143)) - ffe16471-5a54-4722-82a2-96df65f2e972: start FollowerState
2019-10-02 00:49:38,735 [9dde2aa1-51a5-4635-b482-df1a1d0eee24@group-D240BC827D3B-LeaderElection93] INFO  impl.RaftServerImpl (ServerState.java:setLeader(255)) - 9dde2aa1-51a5-4635-b482-df1a1d0eee24@group-D240BC827D3B: change Leader from null to 9dde2aa1-51a5-4635-b482-df1a1d0eee24 at term 1 for becomeLeader, leader elected after 5243ms
2019-10-02 00:49:38,735 [Thread-2432] INFO  impl.FollowerState (FollowerState.java:run(117)) - ffe16471-5a54-4722-82a2-96df65f2e972@group-B6D6336BE74F-FollowerState was interrupted: java.lang.InterruptedException: sleep interrupted
2019-10-02 00:49:38,735 [9dde2aa1-51a5-4635-b482-df1a1d0eee24@group-D240BC827D3B-LeaderElection93] INFO  server.RaftServerConfigKeys (ConfUtils.java:logGet(43)) - raft.server.staging.catchup.gap = 1000 (default)
2019-10-02 00:49:38,735 [9dde2aa1-51a5-4635-b482-df1a1d0eee24@group-D240BC827D3B-LeaderElection93] INFO  server.RaftServerConfigKeys (ConfUtils.java:logGet(43)) - raft.server.rpc.sleep.time = 25ms (default)
2019-10-02 00:49:38,736 [9dde2aa1-51a5-4635-b482-df1a1d0eee24@group-D240BC827D3B-LeaderElection93] INFO  server.RaftServerConfigKeys (ConfUtils.java:logGet(43)) - raft.server.write.element-limit = 4096 (default)
2019-10-02 00:49:38,736 [9dde2aa1-51a5-4635-b482-df1a1d0eee24@group-D240BC827D3B-LeaderElection93] INFO  server.RaftServerConfigKeys (ConfUtils.java:logGet(43)) - raft.server.watch.timeout = 10s (default)
2019-10-02 00:49:38,736 [9dde2aa1-51a5-4635-b482-df1a1d0eee24@group-D240BC827D3B-LeaderElection93] INFO  server.RaftServerConfigKeys (ConfUtils.java:logGet(43)) - raft.server.watch.timeout.denomination = 1s (default)
2019-10-02 00:49:38,736 [9dde2aa1-51a5-4635-b482-df1a1d0eee24@group-D240BC827D3B-LeaderElection93] INFO  server.RaftServerConfigKeys (ConfUtils.java:logGet(43)) - raft.server.watch.element-limit = 65536 (default)
2019-10-02 00:49:38,738 [9dde2aa1-51a5-4635-b482-df1a1d0eee24@group-D240BC827D3B-LeaderElection93] INFO  impl.RoleInfo (RoleInfo.java:updateAndGet(143)) - 9dde2aa1-51a5-4635-b482-df1a1d0eee24: start LeaderState
2019-10-02 00:49:38,738 [9dde2aa1-51a5-4635-b482-df1a1d0eee24@group-D240BC827D3B-LeaderElection93] INFO  segmented.SegmentedRaftLogWorker (SegmentedRaftLogWorker.java:startLogSegment(385)) - 9dde2aa1-51a5-4635-b482-df1a1d0eee24@group-D240BC827D3B-SegmentedRaftLogWorker: Starting segment from index:0
2019-10-02 00:49:38,739 [9dde2aa1-51a5-4635-b482-df1a1d0eee24@group-D240BC827D3B-LeaderElection93] INFO  impl.RaftServerImpl (ServerState.java:setRaftConf(356)) - 9dde2aa1-51a5-4635-b482-df1a1d0eee24@group-D240BC827D3B: set configuration 0: [9dde2aa1-51a5-4635-b482-df1a1d0eee24:192.168.151.67:36500], old=null at 0
2019-10-02 00:49:38,740 [ffe16471-5a54-4722-82a2-96df65f2e972@group-10975D90D0FC-LeaderElection94] INFO  impl.LeaderElection (LeaderElection.java:askForVotes(178)) - ffe16471-5a54-4722-82a2-96df65f2e972@group-10975D90D0FC-LeaderElection94: begin an election at term 1 for -1: [ffe16471-5a54-4722-82a2-96df65f2e972:192.168.151.67:39030], old=null
2019-10-02 00:49:38,740 [ffe16471-5a54-4722-82a2-96df65f2e972@group-10975D90D0FC-LeaderElection94] INFO  impl.RoleInfo (RoleInfo.java:shutdownLeaderElection(134)) - ffe16471-5a54-4722-82a2-96df65f2e972: shutdown LeaderElection
2019-10-02 00:49:38,740 [ffe16471-5a54-4722-82a2-96df65f2e972@group-10975D90D0FC-LeaderElection94] INFO  impl.RaftServerImpl (RaftServerImpl.java:setRole(170)) - ffe16471-5a54-4722-82a2-96df65f2e972@group-10975D90D0FC: changes role from CANDIDATE to LEADER at term 1 for changeToLeader
2019-10-02 00:49:38,740 [ffe16471-5a54-4722-82a2-96df65f2e972@group-10975D90D0FC-LeaderElection94] INFO  impl.RaftServerImpl (ServerState.java:setLeader(255)) - ffe16471-5a54-4722-82a2-96df65f2e972@group-10975D90D0FC: change Leader from null to ffe16471-5a54-4722-82a2-96df65f2e972 at term 1 for becomeLeader, leader elected after 5147ms
2019-10-02 00:49:38,740 [ffe16471-5a54-4722-82a2-96df65f2e972@group-10975D90D0FC-LeaderElection94] INFO  server.RaftServerConfigKeys (ConfUtils.java:logGet(43)) - raft.server.staging.catchup.gap = 1000 (default)
2019-10-02 00:49:38,740 [ffe16471-5a54-4722-82a2-96df65f2e972@group-10975D90D0FC-LeaderElection94] INFO  server.RaftServerConfigKeys (ConfUtils.java:logGet(43)) - raft.server.rpc.sleep.time = 25ms (default)
2019-10-02 00:49:38,740 [ffe16471-5a54-4722-82a2-96df65f2e972@group-10975D90D0FC-LeaderElection94] INFO  server.RaftServerConfigKeys (ConfUtils.java:logGet(43)) - raft.server.write.element-limit = 4096 (default)
2019-10-02 00:49:38,740 [62d60dec-38f5-4493-8322-d0d86b92da7b@group-B6D6336BE74F-LeaderElection91] INFO  impl.LeaderElection (LeaderElection.java:logAndReturn(56)) - 62d60dec-38f5-4493-8322-d0d86b92da7b@group-B6D6336BE74F-LeaderElection91: Election PASSED; received 2 response(s) [62d60dec-38f5-4493-8322-d0d86b92da7b<-ffe16471-5a54-4722-82a2-96df65f2e972#0:OK-t1, 62d60dec-38f5-4493-8322-d0d86b92da7b<-9dde2aa1-51a5-4635-b482-df1a1d0eee24#0:FAIL-t1] and 0 exception(s); 62d60dec-38f5-4493-8322-d0d86b92da7b@group-B6D6336BE74F:t1, leader=null, voted=62d60dec-38f5-4493-8322-d0d86b92da7b, raftlog=62d60dec-38f5-4493-8322-d0d86b92da7b@group-B6D6336BE74F-SegmentedRaftLog:OPENED:c-1,f-1,i0, conf=-1: [ffe16471-5a54-4722-82a2-96df65f2e972:192.168.151.67:39030, 62d60dec-38f5-4493-8322-d0d86b92da7b:192.168.151.67:41122, 9dde2aa1-51a5-4635-b482-df1a1d0eee24:192.168.151.67:36500], old=null
2019-10-02 00:49:38,741 [9dde2aa1-51a5-4635-b482-df1a1d0eee24@group-B6D6336BE74F-LeaderElection92] INFO  impl.LeaderElection (LeaderElection.java:logAndReturn(56)) - 9dde2aa1-51a5-4635-b482-df1a1d0eee24@group-B6D6336BE74F-LeaderElection92: Election REJECTED; received 2 response(s) [9dde2aa1-51a5-4635-b482-df1a1d0eee24<-62d60dec-38f5-4493-8322-d0d86b92da7b#0:FAIL-t1, 9dde2aa1-51a5-4635-b482-df1a1d0eee24<-ffe16471-5a54-4722-82a2-96df65f2e972#0:FAIL-t1] and 0 exception(s); 9dde2aa1-51a5-4635-b482-df1a1d0eee24@group-B6D6336BE74F:t1, leader=null, voted=9dde2aa1-51a5-4635-b482-df1a1d0eee24, raftlog=9dde2aa1-51a5-4635-b482-df1a1d0eee24@group-B6D6336BE74F-SegmentedRaftLog:OPENED:c-1,f-1,i0, conf=-1: [ffe16471-5a54-4722-82a2-96df65f2e972:192.168.151.67:39030, 62d60dec-38f5-4493-8322-d0d86b92da7b:192.168.151.67:41122, 9dde2aa1-51a5-4635-b482-df1a1d0eee24:192.168.151.67:36500], old=null
2019-10-02 00:49:38,740 [ffe16471-5a54-4722-82a2-96df65f2e972@group-10975D90D0FC-LeaderElection94] INFO  server.RaftServerConfigKeys (ConfUtils.java:logGet(43)) - raft.server.watch.timeout = 10s (default)
2019-10-02 00:49:38,741 [9dde2aa1-51a5-4635-b482-df1a1d0eee24@group-B6D6336BE74F-LeaderElection92] INFO  impl.RaftServerImpl (RaftServerImpl.java:setRole(170)) - 9dde2aa1-51a5-4635-b482-df1a1d0eee24@group-B6D6336BE74F: changes role from CANDIDATE to FOLLOWER at term 1 for DISCOVERED_A_NEW_TERM
2019-10-02 00:49:38,741 [62d60dec-38f5-4493-8322-d0d86b92da7b@group-B6D6336BE74F-LeaderElection91] INFO  impl.RoleInfo (RoleInfo.java:shutdownLeaderElection(134)) - 62d60dec-38f5-4493-8322-d0d86b92da7b: shutdown LeaderElection
2019-10-02 00:49:38,741 [9dde2aa1-51a5-4635-b482-df1a1d0eee24@group-B6D6336BE74F-LeaderElection92] INFO  impl.RoleInfo (RoleInfo.java:shutdownLeaderElection(134)) - 9dde2aa1-51a5-4635-b482-df1a1d0eee24: shutdown LeaderElection
2019-10-02 00:49:38,741 [ffe16471-5a54-4722-82a2-96df65f2e972@group-10975D90D0FC-LeaderElection94] INFO  server.RaftServerConfigKeys (ConfUtils.java:logGet(43)) - raft.server.watch.timeout.denomination = 1s (default)
2019-10-02 00:49:38,741 [9dde2aa1-51a5-4635-b482-df1a1d0eee24@group-B6D6336BE74F-LeaderElection92] INFO  impl.RoleInfo (RoleInfo.java:updateAndGet(143)) - 9dde2aa1-51a5-4635-b482-df1a1d0eee24: start FollowerState
2019-10-02 00:49:38,741 [62d60dec-38f5-4493-8322-d0d86b92da7b@group-B6D6336BE74F-LeaderElection91] INFO  impl.RaftServerImpl (RaftServerImpl.java:setRole(170)) - 62d60dec-38f5-4493-8322-d0d86b92da7b@group-B6D6336BE74F: changes role from CANDIDATE to LEADER at term 1 for changeToLeader
2019-10-02 00:49:38,741 [ffe16471-5a54-4722-82a2-96df65f2e972@group-10975D90D0FC-LeaderElection94] INFO  server.RaftServerConfigKeys (ConfUtils.java:logGet(43)) - raft.server.watch.element-limit = 65536 (default)
2019-10-02 00:49:38,742 [62d60dec-38f5-4493-8322-d0d86b92da7b@group-B6D6336BE74F-LeaderElection91] INFO  impl.RaftServerImpl (ServerState.java:setLeader(255)) - 62d60dec-38f5-4493-8322-d0d86b92da7b@group-B6D6336BE74F: change Leader from null to 62d60dec-38f5-4493-8322-d0d86b92da7b at term 1 for becomeLeader, leader elected after 5092ms
2019-10-02 00:49:38,742 [62d60dec-38f5-4493-8322-d0d86b92da7b@group-B6D6336BE74F-LeaderElection91] INFO  server.RaftServerConfigKeys (ConfUtils.java:logGet(43)) - raft.server.staging.catchup.gap = 1000 (default)
2019-10-02 00:49:38,742 [62d60dec-38f5-4493-8322-d0d86b92da7b@group-B6D6336BE74F-LeaderElection91] INFO  server.RaftServerConfigKeys (ConfUtils.java:logGet(43)) - raft.server.rpc.sleep.time = 25ms (default)
2019-10-02 00:49:38,742 [62d60dec-38f5-4493-8322-d0d86b92da7b@group-B6D6336BE74F-LeaderElection91] INFO  server.RaftServerConfigKeys (ConfUtils.java:logGet(43)) - raft.server.write.element-limit = 4096 (default)
2019-10-02 00:49:38,742 [62d60dec-38f5-4493-8322-d0d86b92da7b@group-B6D6336BE74F-LeaderElection91] INFO  server.RaftServerConfigKeys (ConfUtils.java:logGet(43)) - raft.server.watch.timeout = 10s (default)
2019-10-02 00:49:38,743 [62d60dec-38f5-4493-8322-d0d86b92da7b@group-B6D6336BE74F-LeaderElection91] INFO  server.RaftServerConfigKeys (ConfUtils.java:logGet(43)) - raft.server.watch.timeout.denomination = 1s (default)
2019-10-02 00:49:38,743 [62d60dec-38f5-4493-8322-d0d86b92da7b@group-B6D6336BE74F-LeaderElection91] INFO  server.RaftServerConfigKeys (ConfUtils.java:logGet(43)) - raft.server.watch.element-limit = 65536 (default)
2019-10-02 00:49:38,743 [ffe16471-5a54-4722-82a2-96df65f2e972@group-10975D90D0FC-LeaderElection94] INFO  impl.RoleInfo (RoleInfo.java:updateAndGet(143)) - ffe16471-5a54-4722-82a2-96df65f2e972: start LeaderState
2019-10-02 00:49:38,743 [ffe16471-5a54-4722-82a2-96df65f2e972@group-10975D90D0FC-LeaderElection94] INFO  segmented.SegmentedRaftLogWorker (SegmentedRaftLogWorker.java:startLogSegment(385)) - ffe16471-5a54-4722-82a2-96df65f2e972@group-10975D90D0FC-SegmentedRaftLogWorker: Starting segment from index:0
2019-10-02 00:49:38,744 [ffe16471-5a54-4722-82a2-96df65f2e972@group-10975D90D0FC-LeaderElection94] INFO  impl.RaftServerImpl (ServerState.java:setRaftConf(356)) - ffe16471-5a54-4722-82a2-96df65f2e972@group-10975D90D0FC: set configuration 0: [ffe16471-5a54-4722-82a2-96df65f2e972:192.168.151.67:39030], old=null at 0
2019-10-02 00:49:38,745 [62d60dec-38f5-4493-8322-d0d86b92da7b@group-B6D6336BE74F-LeaderElection91] INFO  server.RaftServerConfigKeys (ConfUtils.java:logGet(43)) - raft.server.log.appender.snapshot.chunk.size.max = 16MB (=16777216) (default)
2019-10-02 00:49:38,745 [62d60dec-38f5-4493-8322-d0d86b92da7b@group-B6D6336BE74F-LeaderElection91] INFO  server.RaftServerConfigKeys (ConfUtils.java:logGet(43)) - raft.server.log.appender.buffer.byte-limit = 33554432 (custom)
2019-10-02 00:49:38,745 [62d60dec-38f5-4493-8322-d0d86b92da7b@group-B6D6336BE74F-LeaderElection91] INFO  server.RaftServerConfigKeys (ConfUtils.java:logGet(43)) - raft.server.log.appender.buffer.element-limit = 1 (custom)
2019-10-02 00:49:38,745 [62d60dec-38f5-4493-8322-d0d86b92da7b@group-B6D6336BE74F-LeaderElection91] INFO  grpc.GrpcConfigKeys$Server (ConfUtils.java:logGet(43)) - raft.grpc.server.leader.outstanding.appends.max = 128 (default)
2019-10-02 00:49:38,745 [62d60dec-38f5-4493-8322-d0d86b92da7b@group-B6D6336BE74F-LeaderElection91] INFO  server.RaftServerConfigKeys (ConfUtils.java:logGet(43)) - raft.server.rpc.request.timeout = 3000ms (default)
2019-10-02 00:49:38,746 [62d60dec-38f5-4493-8322-d0d86b92da7b@group-B6D6336BE74F-LeaderElection91] INFO  server.RaftServerConfigKeys (ConfUtils.java:logGet(43)) - raft.server.log.appender.install.snapshot.enabled = false (custom)
2019-10-02 00:49:38,746 [62d60dec-38f5-4493-8322-d0d86b92da7b@group-B6D6336BE74F-LeaderElection91] INFO  server.RaftServerConfigKeys (ConfUtils.java:logGet(43)) - raft.server.log.appender.snapshot.chunk.size.max = 16MB (=16777216) (default)
2019-10-02 00:49:38,746 [62d60dec-38f5-4493-8322-d0d86b92da7b@group-B6D6336BE74F-LeaderElection91] INFO  server.RaftServerConfigKeys (ConfUtils.java:logGet(43)) - raft.server.log.appender.buffer.byte-limit = 33554432 (custom)
2019-10-02 00:49:38,746 [62d60dec-38f5-4493-8322-d0d86b92da7b@group-B6D6336BE74F-LeaderElection91] INFO  server.RaftServerConfigKeys (ConfUtils.java:logGet(43)) - raft.server.log.appender.buffer.element-limit = 1 (custom)
2019-10-02 00:49:38,746 [62d60dec-38f5-4493-8322-d0d86b92da7b@group-B6D6336BE74F-LeaderElection91] INFO  grpc.GrpcConfigKeys$Server (ConfUtils.java:logGet(43)) - raft.grpc.server.leader.outstanding.appends.max = 128 (default)
2019-10-02 00:49:38,747 [62d60dec-38f5-4493-8322-d0d86b92da7b@group-B6D6336BE74F-LeaderElection91] INFO  server.RaftServerConfigKeys (ConfUtils.java:logGet(43)) - raft.server.rpc.request.timeout = 3000ms (default)
2019-10-02 00:49:38,747 [62d60dec-38f5-4493-8322-d0d86b92da7b@group-B6D6336BE74F-LeaderElection91] INFO  server.RaftServerConfigKeys (ConfUtils.java:logGet(43)) - raft.server.log.appender.install.snapshot.enabled = false (custom)
2019-10-02 00:49:38,747 [62d60dec-38f5-4493-8322-d0d86b92da7b@group-B6D6336BE74F-LeaderElection91] INFO  impl.RoleInfo (RoleInfo.java:updateAndGet(143)) - 62d60dec-38f5-4493-8322-d0d86b92da7b: start LeaderState
2019-10-02 00:49:38,747 [62d60dec-38f5-4493-8322-d0d86b92da7b@group-B6D6336BE74F-LeaderElection91] INFO  segmented.SegmentedRaftLogWorker (SegmentedRaftLogWorker.java:startLogSegment(385)) - 62d60dec-38f5-4493-8322-d0d86b92da7b@group-B6D6336BE74F-SegmentedRaftLogWorker: Starting segment from index:0
2019-10-02 00:49:38,748 [62d60dec-38f5-4493-8322-d0d86b92da7b@group-B6D6336BE74F-LeaderElection91] INFO  impl.RaftServerImpl (ServerState.java:setRaftConf(356)) - 62d60dec-38f5-4493-8322-d0d86b92da7b@group-B6D6336BE74F: set configuration 0: [ffe16471-5a54-4722-82a2-96df65f2e972:192.168.151.67:39030, 62d60dec-38f5-4493-8322-d0d86b92da7b:192.168.151.67:41122, 9dde2aa1-51a5-4635-b482-df1a1d0eee24:192.168.151.67:36500], old=null at 0
2019-10-02 00:49:38,749 [grpc-default-executor-7] INFO  impl.RaftServerImpl (ServerState.java:setLeader(255)) - ffe16471-5a54-4722-82a2-96df65f2e972@group-B6D6336BE74F: change Leader from null to 62d60dec-38f5-4493-8322-d0d86b92da7b at term 1 for appendEntries, leader elected after 5100ms
2019-10-02 00:49:38,750 [grpc-default-executor-0] INFO  impl.RaftServerImpl (ServerState.java:setLeader(255)) - 9dde2aa1-51a5-4635-b482-df1a1d0eee24@group-B6D6336BE74F: change Leader from null to 62d60dec-38f5-4493-8322-d0d86b92da7b at term 1 for appendEntries, leader elected after 5100ms
2019-10-02 00:49:38,751 [grpc-default-executor-0] INFO  impl.RaftServerImpl (ServerState.java:setRaftConf(356)) - ffe16471-5a54-4722-82a2-96df65f2e972@group-B6D6336BE74F: set configuration 0: [ffe16471-5a54-4722-82a2-96df65f2e972:192.168.151.67:39030, 62d60dec-38f5-4493-8322-d0d86b92da7b:192.168.151.67:41122, 9dde2aa1-51a5-4635-b482-df1a1d0eee24:192.168.151.67:36500], old=null at 0
2019-10-02 00:49:38,752 [grpc-default-executor-0] INFO  segmented.SegmentedRaftLogWorker (SegmentedRaftLogWorker.java:startLogSegment(385)) - ffe16471-5a54-4722-82a2-96df65f2e972@group-B6D6336BE74F-SegmentedRaftLogWorker: Starting segment from index:0
2019-10-02 00:49:38,752 [grpc-default-executor-7] INFO  impl.RaftServerImpl (ServerState.java:setRaftConf(356)) - 9dde2aa1-51a5-4635-b482-df1a1d0eee24@group-B6D6336BE74F: set configuration 0: [ffe16471-5a54-4722-82a2-96df65f2e972:192.168.151.67:39030, 62d60dec-38f5-4493-8322-d0d86b92da7b:192.168.151.67:41122, 9dde2aa1-51a5-4635-b482-df1a1d0eee24:192.168.151.67:36500], old=null at 0
2019-10-02 00:49:38,752 [grpc-default-executor-7] INFO  segmented.SegmentedRaftLogWorker (SegmentedRaftLogWorker.java:startLogSegment(385)) - 9dde2aa1-51a5-4635-b482-df1a1d0eee24@group-B6D6336BE74F-SegmentedRaftLogWorker: Starting segment from index:0
2019-10-02 00:49:38,786 [ffe16471-5a54-4722-82a2-96df65f2e972@group-10975D90D0FC-SegmentedRaftLogWorker] INFO  segmented.SegmentedRaftLogWorker (SegmentedRaftLogWorker.java:execute(574)) - ffe16471-5a54-4722-82a2-96df65f2e972@group-10975D90D0FC-SegmentedRaftLogWorker: created new log segment /workdir/hadoop-ozone/integration-test/target/test-dir/MiniOzoneClusterImpl-a0d93c8f-3734-4fbb-bc7f-864ab72bb3bf/datanode-5/data/ratis/0bb09435-b680-4cf1-90f0-10975d90d0fc/current/log_inprogress_0
2019-10-02 00:49:38,786 [9dde2aa1-51a5-4635-b482-df1a1d0eee24@group-D240BC827D3B-SegmentedRaftLogWorker] INFO  segmented.SegmentedRaftLogWorker (SegmentedRaftLogWorker.java:execute(574)) - 9dde2aa1-51a5-4635-b482-df1a1d0eee24@group-D240BC827D3B-SegmentedRaftLogWorker: created new log segment /workdir/hadoop-ozone/integration-test/target/test-dir/MiniOzoneClusterImpl-a0d93c8f-3734-4fbb-bc7f-864ab72bb3bf/datanode-4/data/ratis/5d8aa327-444d-4172-bf84-d240bc827d3b/current/log_inprogress_0
2019-10-02 00:49:38,786 [62d60dec-38f5-4493-8322-d0d86b92da7b@group-B6D6336BE74F-SegmentedRaftLogWorker] INFO  segmented.SegmentedRaftLogWorker (SegmentedRaftLogWorker.java:execute(574)) - 62d60dec-38f5-4493-8322-d0d86b92da7b@group-B6D6336BE74F-SegmentedRaftLogWorker: created new log segment /workdir/hadoop-ozone/integration-test/target/test-dir/MiniOzoneClusterImpl-a0d93c8f-3734-4fbb-bc7f-864ab72bb3bf/datanode-3/data/ratis/22c5189d-f188-4269-8487-b6d6336be74f/current/log_inprogress_0
2019-10-02 00:49:38,793 [ffe16471-5a54-4722-82a2-96df65f2e972@group-B6D6336BE74F-SegmentedRaftLogWorker] INFO  segmented.SegmentedRaftLogWorker (SegmentedRaftLogWorker.java:execute(574)) - ffe16471-5a54-4722-82a2-96df65f2e972@group-B6D6336BE74F-SegmentedRaftLogWorker: created new log segment /workdir/hadoop-ozone/integration-test/target/test-dir/MiniOzoneClusterImpl-a0d93c8f-3734-4fbb-bc7f-864ab72bb3bf/datanode-5/data/ratis/22c5189d-f188-4269-8487-b6d6336be74f/current/log_inprogress_0
2019-10-02 00:49:38,793 [9dde2aa1-51a5-4635-b482-df1a1d0eee24@group-B6D6336BE74F-SegmentedRaftLogWorker] INFO  segmented.SegmentedRaftLogWorker (SegmentedRaftLogWorker.java:execute(574)) - 9dde2aa1-51a5-4635-b482-df1a1d0eee24@group-B6D6336BE74F-SegmentedRaftLogWorker: created new log segment /workdir/hadoop-ozone/integration-test/target/test-dir/MiniOzoneClusterImpl-a0d93c8f-3734-4fbb-bc7f-864ab72bb3bf/datanode-4/data/ratis/22c5189d-f188-4269-8487-b6d6336be74f/current/log_inprogress_0
2019-10-02 00:49:38,905 [Datanode State Machine Thread - 0] INFO  statemachine.DatanodeStateMachine (DatanodeStateMachine.java:lambda$startDaemon$0(350)) - Ozone container server started.
2019-10-02 00:49:39,506 [grpc-default-executor-1] WARN  server.GrpcLogAppender (LogUtils.java:warn(134)) - 1a5146b9-310d-447a-8c6c-9bc3e23dff82@group-8FF67FE6C032->9585e4e1-586e-442e-9cea-1465c4d86f2f-AppendLogResponseHandler: Failed appendEntries: org.apache.ratis.thirdparty.io.grpc.StatusRuntimeException: UNAVAILABLE: io exception
2019-10-02 00:49:39,506 [grpc-default-executor-5] WARN  server.GrpcLogAppender (LogUtils.java:warn(134)) - 1a5146b9-310d-447a-8c6c-9bc3e23dff82@group-8FF67FE6C032->f0c86e92-032b-42fd-b9b7-8c6530d6a6ab-AppendLogResponseHandler: Failed appendEntries: org.apache.ratis.thirdparty.io.grpc.StatusRuntimeException: UNAVAILABLE: io exception
2019-10-02 00:49:39,506 [grpc-default-executor-1] INFO  impl.FollowerInfo (FollowerInfo.java:lambda$new$0(51)) - 1a5146b9-310d-447a-8c6c-9bc3e23dff82@group-8FF67FE6C032->9585e4e1-586e-442e-9cea-1465c4d86f2f: nextIndex: updateUnconditionally 0 -> 0
2019-10-02 00:49:39,507 [grpc-default-executor-5] INFO  impl.FollowerInfo (FollowerInfo.java:lambda$new$0(51)) - 1a5146b9-310d-447a-8c6c-9bc3e23dff82@group-8FF67FE6C032->f0c86e92-032b-42fd-b9b7-8c6530d6a6ab: nextIndex: updateUnconditionally 0 -> 0
2019-10-02 00:49:42,011 [grpc-default-executor-5] WARN  server.GrpcLogAppender (LogUtils.java:warn(134)) - 1a5146b9-310d-447a-8c6c-9bc3e23dff82@group-8FF67FE6C032->f0c86e92-032b-42fd-b9b7-8c6530d6a6ab-AppendLogResponseHandler: Failed appendEntries: org.apache.ratis.thirdparty.io.grpc.StatusRuntimeException: UNAVAILABLE: io exception
2019-10-02 00:49:42,011 [grpc-default-executor-1] WARN  server.GrpcLogAppender (LogUtils.java:warn(134)) - 1a5146b9-310d-447a-8c6c-9bc3e23dff82@group-8FF67FE6C032->9585e4e1-586e-442e-9cea-1465c4d86f2f-AppendLogResponseHandler: Failed appendEntries: org.apache.ratis.thirdparty.io.grpc.StatusRuntimeException: UNAVAILABLE: io exception
2019-10-02 00:49:42,011 [grpc-default-executor-5] INFO  impl.FollowerInfo (FollowerInfo.java:lambda$new$0(51)) - 1a5146b9-310d-447a-8c6c-9bc3e23dff82@group-8FF67FE6C032->f0c86e92-032b-42fd-b9b7-8c6530d6a6ab: nextIndex: updateUnconditionally 0 -> 0
2019-10-02 00:49:42,012 [grpc-default-executor-1] INFO  impl.FollowerInfo (FollowerInfo.java:lambda$new$0(51)) - 1a5146b9-310d-447a-8c6c-9bc3e23dff82@group-8FF67FE6C032->9585e4e1-586e-442e-9cea-1465c4d86f2f: nextIndex: updateUnconditionally 0 -> 0
2019-10-02 00:49:43,774 [EventQueue-StaleNodeForStaleNodeHandler] INFO  node.StaleNodeHandler (StaleNodeHandler.java:onMessage(58)) - Datanode f0c86e92-032b-42fd-b9b7-8c6530d6a6ab{ip: 192.168.151.67, host: pr-hdds-1984-s47sn-1814639636, networkLocation: /default-rack, certSerialId: null} moved to stale state. Finalizing its pipelines [PipelineID=59ec86f9-4964-48f1-a2f7-8de96e4f4452, PipelineID=3bfb29ef-c5e4-45f9-8a37-8ff67fe6c032]
2019-10-02 00:49:43,774 [EventQueue-StaleNodeForStaleNodeHandler] INFO  pipeline.SCMPipelineManager (SCMPipelineManager.java:finalizeAndDestroyPipeline(315)) - destroying pipeline:Pipeline[ Id: 59ec86f9-4964-48f1-a2f7-8de96e4f4452, Nodes: f0c86e92-032b-42fd-b9b7-8c6530d6a6ab{ip: 192.168.151.67, host: pr-hdds-1984-s47sn-1814639636, networkLocation: /default-rack, certSerialId: null}, Type:RATIS, Factor:ONE, State:OPEN]
2019-10-02 00:49:43,774 [EventQueue-StaleNodeForStaleNodeHandler] INFO  pipeline.PipelineStateManager (PipelineStateManager.java:finalizePipeline(123)) - Pipeline Pipeline[ Id: 59ec86f9-4964-48f1-a2f7-8de96e4f4452, Nodes: f0c86e92-032b-42fd-b9b7-8c6530d6a6ab{ip: 192.168.151.67, host: pr-hdds-1984-s47sn-1814639636, networkLocation: /default-rack, certSerialId: null}, Type:RATIS, Factor:ONE, State:CLOSED] moved to CLOSED state
2019-10-02 00:49:43,775 [EventQueue-StaleNodeForStaleNodeHandler] INFO  pipeline.SCMPipelineManager (SCMPipelineManager.java:finalizeAndDestroyPipeline(315)) - destroying pipeline:Pipeline[ Id: 3bfb29ef-c5e4-45f9-8a37-8ff67fe6c032, Nodes: f0c86e92-032b-42fd-b9b7-8c6530d6a6ab{ip: 192.168.151.67, host: pr-hdds-1984-s47sn-1814639636, networkLocation: /default-rack, certSerialId: null}9585e4e1-586e-442e-9cea-1465c4d86f2f{ip: 192.168.151.67, host: pr-hdds-1984-s47sn-1814639636, networkLocation: /default-rack, certSerialId: null}1a5146b9-310d-447a-8c6c-9bc3e23dff82{ip: 192.168.151.67, host: pr-hdds-1984-s47sn-1814639636, networkLocation: /default-rack, certSerialId: null}, Type:RATIS, Factor:THREE, State:OPEN]
2019-10-02 00:49:43,775 [EventQueue-StaleNodeForStaleNodeHandler] INFO  pipeline.PipelineStateManager (PipelineStateManager.java:finalizePipeline(123)) - Pipeline Pipeline[ Id: 3bfb29ef-c5e4-45f9-8a37-8ff67fe6c032, Nodes: f0c86e92-032b-42fd-b9b7-8c6530d6a6ab{ip: 192.168.151.67, host: pr-hdds-1984-s47sn-1814639636, networkLocation: /default-rack, certSerialId: null}9585e4e1-586e-442e-9cea-1465c4d86f2f{ip: 192.168.151.67, host: pr-hdds-1984-s47sn-1814639636, networkLocation: /default-rack, certSerialId: null}1a5146b9-310d-447a-8c6c-9bc3e23dff82{ip: 192.168.151.67, host: pr-hdds-1984-s47sn-1814639636, networkLocation: /default-rack, certSerialId: null}, Type:RATIS, Factor:THREE, State:CLOSED] moved to CLOSED state
2019-10-02 00:49:43,776 [EventQueue-CloseContainerForCloseContainerEventHandler] INFO  container.CloseContainerEventHandler (CloseContainerEventHandler.java:onMessage(61)) - Close container Event triggered for container : #1
2019-10-02 00:49:43,891 [main] INFO  ozoneimpl.OzoneContainer (OzoneContainer.java:stop(231)) - Attempting to stop container services.
2019-10-02 00:49:43,892 [main] INFO  impl.RaftServerProxy (RaftServerProxy.java:lambda$close$4(314)) - 9fea9e3e-38e1-4c63-b169-88a1e5dd4413: close
2019-10-02 00:49:43,892 [main] INFO  impl.RaftServerImpl (RaftServerImpl.java:lambda$shutdown$3(247)) - 9fea9e3e-38e1-4c63-b169-88a1e5dd4413@group-85461CFB8098: shutdown
2019-10-02 00:49:43,893 [ForkJoinPool.commonPool-worker-1] INFO  impl.RaftServerImpl (RaftServerImpl.java:lambda$shutdown$3(247)) - 9fea9e3e-38e1-4c63-b169-88a1e5dd4413@group-F0A874D2D4F9: shutdown
2019-10-02 00:49:43,893 [main] INFO  util.JmxRegister (JmxRegister.java:unregister(73)) - Successfully un-registered JMX Bean with object name Ratis:service=RaftServer,group=group-85461CFB8098,id=9fea9e3e-38e1-4c63-b169-88a1e5dd4413
2019-10-02 00:49:43,893 [ForkJoinPool.commonPool-worker-1] INFO  util.JmxRegister (JmxRegister.java:unregister(73)) - Successfully un-registered JMX Bean with object name Ratis:service=RaftServer,group=group-F0A874D2D4F9,id=9fea9e3e-38e1-4c63-b169-88a1e5dd4413
2019-10-02 00:49:43,894 [main] INFO  impl.RoleInfo (RoleInfo.java:shutdownLeaderState(104)) - 9fea9e3e-38e1-4c63-b169-88a1e5dd4413: shutdown LeaderState
2019-10-02 00:49:43,894 [ForkJoinPool.commonPool-worker-1] INFO  impl.RoleInfo (RoleInfo.java:shutdownFollowerState(121)) - 9fea9e3e-38e1-4c63-b169-88a1e5dd4413: shutdown FollowerState
2019-10-02 00:49:43,894 [main] INFO  impl.PendingRequests (PendingRequests.java:sendNotLeaderResponses(202)) - 9fea9e3e-38e1-4c63-b169-88a1e5dd4413@group-85461CFB8098-PendingRequests: sendNotLeaderResponses
2019-10-02 00:49:43,894 [9fea9e3e-38e1-4c63-b169-88a1e5dd4413@group-F0A874D2D4F9-StateMachineUpdater] INFO  ratis.ContainerStateMachine (ContainerStateMachine.java:takeSnapshot(289)) - group-F0A874D2D4F9: Taking a snapshot at:(t:1, i:1) file /workdir/hadoop-ozone/integration-test/target/test-dir/MiniOzoneClusterImpl-a0d93c8f-3734-4fbb-bc7f-864ab72bb3bf/datanode-0/data/ratis/12f0119b-bff2-4928-8a4d-f0a874d2d4f9/sm/snapshot.1_1
2019-10-02 00:49:43,894 [Thread-2463] INFO  impl.FollowerState (FollowerState.java:run(117)) - 9fea9e3e-38e1-4c63-b169-88a1e5dd4413@group-F0A874D2D4F9-FollowerState was interrupted: java.lang.InterruptedException: sleep interrupted
2019-10-02 00:49:43,894 [ForkJoinPool.commonPool-worker-1] INFO  impl.StateMachineUpdater (StateMachineUpdater.java:stopAndJoin(136)) - 9fea9e3e-38e1-4c63-b169-88a1e5dd4413@group-F0A874D2D4F9-StateMachineUpdater: set stopIndex = 2
2019-10-02 00:49:43,895 [main] INFO  impl.StateMachineUpdater (StateMachineUpdater.java:stopAndJoin(136)) - 9fea9e3e-38e1-4c63-b169-88a1e5dd4413@group-85461CFB8098-StateMachineUpdater: set stopIndex = 0
2019-10-02 00:49:43,895 [main] INFO  impl.RaftServerImpl (ServerState.java:close(387)) - 9fea9e3e-38e1-4c63-b169-88a1e5dd4413@group-85461CFB8098: closes. applyIndex: 0
2019-10-02 00:49:43,896 [9fea9e3e-38e1-4c63-b169-88a1e5dd4413@group-85461CFB8098-SegmentedRaftLogWorker] INFO  segmented.SegmentedRaftLogWorker (SegmentedRaftLogWorker.java:run(316)) - 9fea9e3e-38e1-4c63-b169-88a1e5dd4413@group-85461CFB8098-SegmentedRaftLogWorker was interrupted, exiting. There are 0 tasks remaining in the queue.
2019-10-02 00:49:43,902 [main] INFO  segmented.SegmentedRaftLogWorker (SegmentedRaftLogWorker.java:close(224)) - 9fea9e3e-38e1-4c63-b169-88a1e5dd4413@group-85461CFB8098-SegmentedRaftLogWorker close()
2019-10-02 00:49:43,910 [9fea9e3e-38e1-4c63-b169-88a1e5dd4413@group-F0A874D2D4F9-StateMachineUpdater] INFO  ratis.ContainerStateMachine (ContainerStateMachine.java:takeSnapshot(300)) - group-F0A874D2D4F9: Finished taking a snapshot at:(t:1, i:1) file:/workdir/hadoop-ozone/integration-test/target/test-dir/MiniOzoneClusterImpl-a0d93c8f-3734-4fbb-bc7f-864ab72bb3bf/datanode-0/data/ratis/12f0119b-bff2-4928-8a4d-f0a874d2d4f9/sm/snapshot.1_1 time:15
2019-10-02 00:49:43,910 [9fea9e3e-38e1-4c63-b169-88a1e5dd4413@group-F0A874D2D4F9-StateMachineUpdater] INFO  impl.StateMachineUpdater (StateMachineUpdater.java:takeSnapshot(269)) - 9fea9e3e-38e1-4c63-b169-88a1e5dd4413@group-F0A874D2D4F9-StateMachineUpdater: Took a snapshot at index 1
2019-10-02 00:49:43,910 [9fea9e3e-38e1-4c63-b169-88a1e5dd4413@group-F0A874D2D4F9-StateMachineUpdater] INFO  impl.StateMachineUpdater (StateMachineUpdater.java:lambda$new$0(84)) - 9fea9e3e-38e1-4c63-b169-88a1e5dd4413@group-F0A874D2D4F9-StateMachineUpdater: snapshotIndex: updateIncreasingly -1 -> 1
2019-10-02 00:49:43,911 [9fea9e3e-38e1-4c63-b169-88a1e5dd4413@group-F0A874D2D4F9-StateMachineUpdater] INFO  ratis.ContainerStateMachine (ContainerStateMachine.java:takeSnapshot(289)) - group-F0A874D2D4F9: Taking a snapshot at:(t:1, i:1) file /workdir/hadoop-ozone/integration-test/target/test-dir/MiniOzoneClusterImpl-a0d93c8f-3734-4fbb-bc7f-864ab72bb3bf/datanode-0/data/ratis/12f0119b-bff2-4928-8a4d-f0a874d2d4f9/sm/snapshot.1_1
2019-10-02 00:49:43,923 [9fea9e3e-38e1-4c63-b169-88a1e5dd4413@group-F0A874D2D4F9-StateMachineUpdater] INFO  ratis.ContainerStateMachine (ContainerStateMachine.java:takeSnapshot(300)) - group-F0A874D2D4F9: Finished taking a snapshot at:(t:1, i:1) file:/workdir/hadoop-ozone/integration-test/target/test-dir/MiniOzoneClusterImpl-a0d93c8f-3734-4fbb-bc7f-864ab72bb3bf/datanode-0/data/ratis/12f0119b-bff2-4928-8a4d-f0a874d2d4f9/sm/snapshot.1_1 time:13
2019-10-02 00:49:43,924 [9fea9e3e-38e1-4c63-b169-88a1e5dd4413@group-F0A874D2D4F9-StateMachineUpdater] INFO  impl.StateMachineUpdater (StateMachineUpdater.java:takeSnapshot(269)) - 9fea9e3e-38e1-4c63-b169-88a1e5dd4413@group-F0A874D2D4F9-StateMachineUpdater: Took a snapshot at index 1
2019-10-02 00:49:43,924 [9fea9e3e-38e1-4c63-b169-88a1e5dd4413@group-F0A874D2D4F9-StateMachineUpdater] INFO  impl.StateMachineUpdater (StateMachineUpdater.java:lambda$new$0(84)) - 9fea9e3e-38e1-4c63-b169-88a1e5dd4413@group-F0A874D2D4F9-StateMachineUpdater: snapshotIndex: updateIncreasingly 1 -> 1
2019-10-02 00:49:43,924 [ForkJoinPool.commonPool-worker-1] INFO  impl.RaftServerImpl (ServerState.java:close(387)) - 9fea9e3e-38e1-4c63-b169-88a1e5dd4413@group-F0A874D2D4F9: closes. applyIndex: 2
2019-10-02 00:49:43,924 [9fea9e3e-38e1-4c63-b169-88a1e5dd4413@group-F0A874D2D4F9-SegmentedRaftLogWorker] INFO  segmented.SegmentedRaftLogWorker (SegmentedRaftLogWorker.java:run(316)) - 9fea9e3e-38e1-4c63-b169-88a1e5dd4413@group-F0A874D2D4F9-SegmentedRaftLogWorker was interrupted, exiting. There are 0 tasks remaining in the queue.
2019-10-02 00:49:43,928 [ForkJoinPool.commonPool-worker-1] INFO  segmented.SegmentedRaftLogWorker (SegmentedRaftLogWorker.java:close(224)) - 9fea9e3e-38e1-4c63-b169-88a1e5dd4413@group-F0A874D2D4F9-SegmentedRaftLogWorker close()
2019-10-02 00:49:43,935 [main] INFO  server.GrpcService (GrpcService.java:closeImpl(164)) - 9fea9e3e-38e1-4c63-b169-88a1e5dd4413: shutdown server with port 46552 now
2019-10-02 00:49:43,936 [grpc-default-executor-5] WARN  server.GrpcServerProtocolService (LogUtils.java:warn(134)) - 9fea9e3e-38e1-4c63-b169-88a1e5dd4413: installSnapshot onError, lastRequest: 4cb12814-4d04-44fb-9fee-a7f7e7712377->9fea9e3e-38e1-4c63-b169-88a1e5dd4413#5-t1, previous=(t:1, i:2), leaderCommit=2, initializing? false, entries: <empty>: org.apache.ratis.thirdparty.io.grpc.StatusRuntimeException: CANCELLED: cancelled before receiving half close
2019-10-02 00:49:43,936 [main] INFO  server.GrpcService (GrpcService.java:closeImpl(172)) - 9fea9e3e-38e1-4c63-b169-88a1e5dd4413: shutdown server with port 46552 successfully
2019-10-02 00:49:43,936 [grpc-default-executor-2] WARN  server.GrpcLogAppender (LogUtils.java:warn(134)) - 4cb12814-4d04-44fb-9fee-a7f7e7712377@group-F0A874D2D4F9->9fea9e3e-38e1-4c63-b169-88a1e5dd4413-AppendLogResponseHandler: Failed appendEntries: org.apache.ratis.thirdparty.io.grpc.StatusRuntimeException: CANCELLED: HTTP/2 error code: CANCEL
Received Rst Stream
2019-10-02 00:49:43,937 [grpc-default-executor-2] INFO  impl.FollowerInfo (FollowerInfo.java:lambda$new$0(51)) - 4cb12814-4d04-44fb-9fee-a7f7e7712377@group-F0A874D2D4F9->9fea9e3e-38e1-4c63-b169-88a1e5dd4413: nextIndex: updateUnconditionally 3 -> 2
2019-10-02 00:49:43,939 [refreshUsed-/workdir/hadoop-ozone/integration-test/target/test-dir/MiniOzoneClusterImpl-a0d93c8f-3734-4fbb-bc7f-864ab72bb3bf/datanode-0/data/containers] WARN  fs.CachingGetSpaceUsed (CachingGetSpaceUsed.java:run(183)) - Thread Interrupted waiting to refresh disk information: sleep interrupted
2019-10-02 00:49:43,962 [main] INFO  utils.BackgroundService (BackgroundService.java:shutdown(148)) - Shutting down service BlockDeletingService
2019-10-02 00:49:43,972 [main] INFO  statemachine.DatanodeStateMachine (DatanodeStateMachine.java:stopDaemon(395)) - Ozone container server stopped.
2019-10-02 00:49:43,974 [main] INFO  handler.ContextHandler (ContextHandler.java:doStop(910)) - Stopped o.e.j.w.WebAppContext@45037e16{/,null,UNAVAILABLE}{/hddsDatanode}
2019-10-02 00:49:43,975 [main] INFO  server.AbstractConnector (AbstractConnector.java:doStop(318)) - Stopped ServerConnector@2f2e4bde{HTTP/1.1,[http/1.1]}{0.0.0.0:0}
2019-10-02 00:49:43,975 [main] INFO  handler.ContextHandler (ContextHandler.java:doStop(910)) - Stopped o.e.j.s.ServletContextHandler@28be7fec{/static,jar:file:/home/user/.m2/repository/org/apache/hadoop/hadoop-hdds-container-service/0.5.0-SNAPSHOT/hadoop-hdds-container-service-0.5.0-SNAPSHOT.jar!/webapps/static,UNAVAILABLE}
2019-10-02 00:49:43,975 [main] INFO  handler.ContextHandler (ContextHandler.java:doStop(910)) - Stopped o.e.j.s.ServletContextHandler@5c8d58ed{/logs,file:///workdir/hadoop-ozone/integration-test/target/log,UNAVAILABLE}
2019-10-02 00:49:43,984 [grpc-default-executor-5] WARN  server.GrpcLogAppender (LogUtils.java:warn(134)) - 4cb12814-4d04-44fb-9fee-a7f7e7712377@group-F0A874D2D4F9->9fea9e3e-38e1-4c63-b169-88a1e5dd4413-AppendLogResponseHandler: Failed appendEntries: org.apache.ratis.thirdparty.io.grpc.StatusRuntimeException: UNAVAILABLE: io exception
2019-10-02 00:49:43,984 [grpc-default-executor-5] INFO  impl.FollowerInfo (FollowerInfo.java:lambda$new$0(51)) - 4cb12814-4d04-44fb-9fee-a7f7e7712377@group-F0A874D2D4F9->9fea9e3e-38e1-4c63-b169-88a1e5dd4413: nextIndex: updateUnconditionally 3 -> 2
2019-10-02 00:49:43,995 [grpc-default-executor-1] WARN  server.GrpcLogAppender (LogUtils.java:warn(134)) - 4cb12814-4d04-44fb-9fee-a7f7e7712377@group-F0A874D2D4F9->9fea9e3e-38e1-4c63-b169-88a1e5dd4413-AppendLogResponseHandler: Failed appendEntries: org.apache.ratis.thirdparty.io.grpc.StatusRuntimeException: UNAVAILABLE: io exception
2019-10-02 00:49:43,995 [grpc-default-executor-1] INFO  impl.FollowerInfo (FollowerInfo.java:lambda$new$0(51)) - 4cb12814-4d04-44fb-9fee-a7f7e7712377@group-F0A874D2D4F9->9fea9e3e-38e1-4c63-b169-88a1e5dd4413: nextIndex: updateUnconditionally 3 -> 2
2019-10-02 00:49:44,008 [grpc-default-executor-1] WARN  server.GrpcLogAppender (LogUtils.java:warn(134)) - 4cb12814-4d04-44fb-9fee-a7f7e7712377@group-F0A874D2D4F9->9fea9e3e-38e1-4c63-b169-88a1e5dd4413-AppendLogResponseHandler: Failed appendEntries: org.apache.ratis.thirdparty.io.grpc.StatusRuntimeException: UNAVAILABLE: io exception
2019-10-02 00:49:44,008 [grpc-default-executor-1] INFO  impl.FollowerInfo (FollowerInfo.java:lambda$new$0(51)) - 4cb12814-4d04-44fb-9fee-a7f7e7712377@group-F0A874D2D4F9->9fea9e3e-38e1-4c63-b169-88a1e5dd4413: nextIndex: updateUnconditionally 3 -> 2
2019-10-02 00:49:44,008 [EventQueue-IncrementalContainerReportForIncrementalContainerReportHandler] WARN  container.IncrementalContainerReportHandler (AbstractContainerReportHandler.java:updateContainerState(143)) - Container #1 is in OPEN state, but the datanode 4cb12814-4d04-44fb-9fee-a7f7e7712377{ip: 192.168.151.67, host: pr-hdds-1984-s47sn-1814639636, networkLocation: /default-rack, certSerialId: null} reports an CLOSING replica.
2019-10-02 00:49:44,010 [EventQueue-IncrementalContainerReportForIncrementalContainerReportHandler] WARN  container.IncrementalContainerReportHandler (AbstractContainerReportHandler.java:updateContainerState(143)) - Container #1 is in OPEN state, but the datanode 0f668ae3-b92a-4aae-8242-ea0bc1bca92c{ip: 192.168.151.67, host: pr-hdds-1984-s47sn-1814639636, networkLocation: /default-rack, certSerialId: null} reports an CLOSING replica.
2019-10-02 00:49:44,054 [RatisApplyTransactionExecutor 1] INFO  interfaces.Container (KeyValueContainer.java:flushAndSyncDB(386)) - Container 1 is synced with bcsId 0.
2019-10-02 00:49:44,087 [RatisApplyTransactionExecutor 1] INFO  interfaces.Container (KeyValueContainer.java:flushAndSyncDB(386)) - Container 1 is synced with bcsId 0.
2019-10-02 00:49:44,100 [RatisApplyTransactionExecutor 1] INFO  interfaces.Container (KeyValueContainer.java:flushAndSyncDB(386)) - Container 1 is synced with bcsId 0.
2019-10-02 00:49:44,100 [RatisApplyTransactionExecutor 1] INFO  interfaces.Container (KeyValueContainer.java:flushAndSyncDB(386)) - Container 1 is synced with bcsId 0.
2019-10-02 00:49:44,101 [RatisApplyTransactionExecutor 1] INFO  interfaces.Container (KeyValueContainer.java:close(335)) - Container 1 is closed with bcsId 0.
2019-10-02 00:49:44,105 [EventQueue-IncrementalContainerReportForIncrementalContainerReportHandler] WARN  container.IncrementalContainerReportHandler (AbstractContainerReportHandler.java:updateContainerState(143)) - Container #1 is in OPEN state, but the datanode 4cb12814-4d04-44fb-9fee-a7f7e7712377{ip: 192.168.151.67, host: pr-hdds-1984-s47sn-1814639636, networkLocation: /default-rack, certSerialId: null} reports an CLOSED replica.
2019-10-02 00:49:44,107 [RatisApplyTransactionExecutor 1] INFO  interfaces.Container (KeyValueContainer.java:close(335)) - Container 1 is closed with bcsId 0.
2019-10-02 00:49:44,108 [EventQueue-IncrementalContainerReportForIncrementalContainerReportHandler] WARN  container.IncrementalContainerReportHandler (AbstractContainerReportHandler.java:updateContainerState(143)) - Container #1 is in OPEN state, but the datanode 0f668ae3-b92a-4aae-8242-ea0bc1bca92c{ip: 192.168.151.67, host: pr-hdds-1984-s47sn-1814639636, networkLocation: /default-rack, certSerialId: null} reports an CLOSED replica.
2019-10-02 00:49:44,510 [grpc-default-executor-1] WARN  server.GrpcLogAppender (LogUtils.java:warn(134)) - 1a5146b9-310d-447a-8c6c-9bc3e23dff82@group-8FF67FE6C032->9585e4e1-586e-442e-9cea-1465c4d86f2f-AppendLogResponseHandler: Failed appendEntries: org.apache.ratis.thirdparty.io.grpc.StatusRuntimeException: UNAVAILABLE: io exception
2019-10-02 00:49:44,510 [grpc-default-executor-5] WARN  server.GrpcLogAppender (LogUtils.java:warn(134)) - 1a5146b9-310d-447a-8c6c-9bc3e23dff82@group-8FF67FE6C032->f0c86e92-032b-42fd-b9b7-8c6530d6a6ab-AppendLogResponseHandler: Failed appendEntries: org.apache.ratis.thirdparty.io.grpc.StatusRuntimeException: UNAVAILABLE: io exception
2019-10-02 00:49:44,510 [grpc-default-executor-1] INFO  impl.FollowerInfo (FollowerInfo.java:lambda$new$0(51)) - 1a5146b9-310d-447a-8c6c-9bc3e23dff82@group-8FF67FE6C032->9585e4e1-586e-442e-9cea-1465c4d86f2f: nextIndex: updateUnconditionally 0 -> 0
2019-10-02 00:49:44,511 [grpc-default-executor-5] INFO  impl.FollowerInfo (FollowerInfo.java:lambda$new$0(51)) - 1a5146b9-310d-447a-8c6c-9bc3e23dff82@group-8FF67FE6C032->f0c86e92-032b-42fd-b9b7-8c6530d6a6ab: nextIndex: updateUnconditionally 0 -> 0
2019-10-02 00:49:45,604 [grpc-default-executor-1] WARN  server.GrpcLogAppender (LogUtils.java:warn(134)) - 1a5146b9-310d-447a-8c6c-9bc3e23dff82@group-8FF67FE6C032->9585e4e1-586e-442e-9cea-1465c4d86f2f-AppendLogResponseHandler: Failed appendEntries: org.apache.ratis.thirdparty.io.grpc.StatusRuntimeException: UNAVAILABLE: io exception
2019-10-02 00:49:45,604 [grpc-default-executor-0] WARN  server.GrpcLogAppender (LogUtils.java:warn(134)) - 1a5146b9-310d-447a-8c6c-9bc3e23dff82@group-8FF67FE6C032->f0c86e92-032b-42fd-b9b7-8c6530d6a6ab-AppendLogResponseHandler: Failed appendEntries: org.apache.ratis.thirdparty.io.grpc.StatusRuntimeException: UNAVAILABLE: io exception
2019-10-02 00:49:45,604 [grpc-default-executor-1] INFO  impl.FollowerInfo (FollowerInfo.java:lambda$new$0(51)) - 1a5146b9-310d-447a-8c6c-9bc3e23dff82@group-8FF67FE6C032->9585e4e1-586e-442e-9cea-1465c4d86f2f: nextIndex: updateUnconditionally 1 -> 0
2019-10-02 00:49:45,605 [grpc-default-executor-0] INFO  impl.FollowerInfo (FollowerInfo.java:lambda$new$0(51)) - 1a5146b9-310d-447a-8c6c-9bc3e23dff82@group-8FF67FE6C032->f0c86e92-032b-42fd-b9b7-8c6530d6a6ab: nextIndex: updateUnconditionally 1 -> 0
2019-10-02 00:49:46,514 [grpc-default-executor-0] WARN  server.GrpcLogAppender (LogUtils.java:warn(134)) - 4cb12814-4d04-44fb-9fee-a7f7e7712377@group-F0A874D2D4F9->9fea9e3e-38e1-4c63-b169-88a1e5dd4413-AppendLogResponseHandler: Failed appendEntries: org.apache.ratis.thirdparty.io.grpc.StatusRuntimeException: UNAVAILABLE: io exception
2019-10-02 00:49:46,517 [grpc-default-executor-0] INFO  impl.FollowerInfo (FollowerInfo.java:lambda$new$0(51)) - 4cb12814-4d04-44fb-9fee-a7f7e7712377@group-F0A874D2D4F9->9fea9e3e-38e1-4c63-b169-88a1e5dd4413: nextIndex: updateUnconditionally 2 -> 1
2019-10-02 00:49:47,107 [main] WARN  scm.XceiverClientRatis (XceiverClientRatis.java:watchForCommit(292)) - 3 way commit failed on pipeline Pipeline[ Id: 12f0119b-bff2-4928-8a4d-f0a874d2d4f9, Nodes: 9fea9e3e-38e1-4c63-b169-88a1e5dd4413{ip: 192.168.151.67, host: pr-hdds-1984-s47sn-1814639636, networkLocation: /default-rack, certSerialId: null}4cb12814-4d04-44fb-9fee-a7f7e7712377{ip: 192.168.151.67, host: pr-hdds-1984-s47sn-1814639636, networkLocation: /default-rack, certSerialId: null}0f668ae3-b92a-4aae-8242-ea0bc1bca92c{ip: 192.168.151.67, host: pr-hdds-1984-s47sn-1814639636, networkLocation: /default-rack, certSerialId: null}, Type:RATIS, Factor:THREE, State:OPEN]
java.util.concurrent.TimeoutException
	at java.util.concurrent.CompletableFuture.timedGet(CompletableFuture.java:1771)
	at java.util.concurrent.CompletableFuture.get(CompletableFuture.java:1915)
	at org.apache.hadoop.hdds.scm.XceiverClientRatis.watchForCommit(XceiverClientRatis.java:289)
	at org.apache.hadoop.ozone.client.rpc.TestWatchForCommit.test2WayCommitForTimeoutException(TestWatchForCommit.java:391)
	at sun.reflect.NativeMethodAccessorImpl.invoke0(Native Method)
	at sun.reflect.NativeMethodAccessorImpl.invoke(NativeMethodAccessorImpl.java:62)
	at sun.reflect.DelegatingMethodAccessorImpl.invoke(DelegatingMethodAccessorImpl.java:43)
	at java.lang.reflect.Method.invoke(Method.java:498)
	at org.junit.runners.model.FrameworkMethod$1.runReflectiveCall(FrameworkMethod.java:47)
	at org.junit.internal.runners.model.ReflectiveCallable.run(ReflectiveCallable.java:12)
	at org.junit.runners.model.FrameworkMethod.invokeExplosively(FrameworkMethod.java:44)
	at org.junit.internal.runners.statements.InvokeMethod.evaluate(InvokeMethod.java:17)
	at org.junit.runners.ParentRunner.runLeaf(ParentRunner.java:271)
	at org.junit.runners.BlockJUnit4ClassRunner.runChild(BlockJUnit4ClassRunner.java:70)
	at org.junit.runners.BlockJUnit4ClassRunner.runChild(BlockJUnit4ClassRunner.java:50)
	at org.junit.runners.ParentRunner$3.run(ParentRunner.java:238)
	at org.junit.runners.ParentRunner$1.schedule(ParentRunner.java:63)
	at org.junit.runners.ParentRunner.runChildren(ParentRunner.java:236)
	at org.junit.runners.ParentRunner.access$000(ParentRunner.java:53)
	at org.junit.runners.ParentRunner$2.evaluate(ParentRunner.java:229)
	at org.junit.runners.ParentRunner.run(ParentRunner.java:309)
	at org.apache.maven.surefire.junit4.JUnit4Provider.execute(JUnit4Provider.java:365)
	at org.apache.maven.surefire.junit4.JUnit4Provider.executeWithRerun(JUnit4Provider.java:273)
	at org.apache.maven.surefire.junit4.JUnit4Provider.executeTestSet(JUnit4Provider.java:238)
	at org.apache.maven.surefire.junit4.JUnit4Provider.invoke(JUnit4Provider.java:159)
	at org.apache.maven.surefire.booter.ForkedBooter.invokeProviderInSameClassLoader(ForkedBooter.java:384)
	at org.apache.maven.surefire.booter.ForkedBooter.runSuitesInProcess(ForkedBooter.java:345)
	at org.apache.maven.surefire.booter.ForkedBooter.execute(ForkedBooter.java:126)
	at org.apache.maven.surefire.booter.ForkedBooter.main(ForkedBooter.java:418)
2019-10-02 00:49:47,125 [Thread-2535] INFO  client.GrpcClientProtocolService (GrpcClientProtocolService.java:lambda$processClientRequest$0(278)) - Failed RaftClientRequest:client-066C82C7BB86->0f668ae3-b92a-4aae-8242-ea0bc1bca92c@group-F0A874D2D4F9, cid=105, seq=0, Watch-MAJORITY_COMMITTED(3), Message:<EMPTY>, reply=RaftClientReply:client-066C82C7BB86->0f668ae3-b92a-4aae-8242-ea0bc1bca92c@group-F0A874D2D4F9, cid=105, FAILED org.apache.ratis.protocol.NotLeaderException: Server 0f668ae3-b92a-4aae-8242-ea0bc1bca92c@group-F0A874D2D4F9 is not the leader 4cb12814-4d04-44fb-9fee-a7f7e7712377:192.168.151.67:44821, logIndex=0, commits[0f668ae3-b92a-4aae-8242-ea0bc1bca92c:c4, 9fea9e3e-38e1-4c63-b169-88a1e5dd4413:c2, 4cb12814-4d04-44fb-9fee-a7f7e7712377:c4]
2019-10-02 00:49:48,105 [grpc-default-executor-1] WARN  server.GrpcLogAppender (LogUtils.java:warn(134)) - 1a5146b9-310d-447a-8c6c-9bc3e23dff82@group-8FF67FE6C032->f0c86e92-032b-42fd-b9b7-8c6530d6a6ab-AppendLogResponseHandler: Failed appendEntries: org.apache.ratis.thirdparty.io.grpc.StatusRuntimeException: UNAVAILABLE: io exception
2019-10-02 00:49:48,105 [grpc-default-executor-2] WARN  server.GrpcLogAppender (LogUtils.java:warn(134)) - 1a5146b9-310d-447a-8c6c-9bc3e23dff82@group-8FF67FE6C032->9585e4e1-586e-442e-9cea-1465c4d86f2f-AppendLogResponseHandler: Failed appendEntries: org.apache.ratis.thirdparty.io.grpc.StatusRuntimeException: UNAVAILABLE: io exception
2019-10-02 00:49:48,106 [grpc-default-executor-1] INFO  impl.FollowerInfo (FollowerInfo.java:lambda$new$0(51)) - 1a5146b9-310d-447a-8c6c-9bc3e23dff82@group-8FF67FE6C032->f0c86e92-032b-42fd-b9b7-8c6530d6a6ab: nextIndex: updateUnconditionally 0 -> 0
2019-10-02 00:49:48,106 [grpc-default-executor-2] INFO  impl.FollowerInfo (FollowerInfo.java:lambda$new$0(51)) - 1a5146b9-310d-447a-8c6c-9bc3e23dff82@group-8FF67FE6C032->9585e4e1-586e-442e-9cea-1465c4d86f2f: nextIndex: updateUnconditionally 0 -> 0
2019-10-02 00:49:49,014 [grpc-default-executor-2] WARN  server.GrpcLogAppender (LogUtils.java:warn(134)) - 4cb12814-4d04-44fb-9fee-a7f7e7712377@group-F0A874D2D4F9->9fea9e3e-38e1-4c63-b169-88a1e5dd4413-AppendLogResponseHandler: Failed appendEntries: org.apache.ratis.thirdparty.io.grpc.StatusRuntimeException: UNAVAILABLE: io exception
2019-10-02 00:49:49,014 [grpc-default-executor-2] INFO  impl.FollowerInfo (FollowerInfo.java:lambda$new$0(51)) - 4cb12814-4d04-44fb-9fee-a7f7e7712377@group-F0A874D2D4F9->9fea9e3e-38e1-4c63-b169-88a1e5dd4413: nextIndex: updateUnconditionally 1 -> 0
2019-10-02 00:49:49,681 [EventQueue-StaleNodeForStaleNodeHandler] INFO  node.StaleNodeHandler (StaleNodeHandler.java:onMessage(58)) - Datanode 9585e4e1-586e-442e-9cea-1465c4d86f2f{ip: 192.168.151.67, host: pr-hdds-1984-s47sn-1814639636, networkLocation: /default-rack, certSerialId: null} moved to stale state. Finalizing its pipelines [PipelineID=d6ce7913-8dee-443b-85e5-6a5f21c9fbbf, PipelineID=3bfb29ef-c5e4-45f9-8a37-8ff67fe6c032]
2019-10-02 00:49:49,682 [EventQueue-StaleNodeForStaleNodeHandler] INFO  pipeline.SCMPipelineManager (SCMPipelineManager.java:finalizeAndDestroyPipeline(315)) - destroying pipeline:Pipeline[ Id: d6ce7913-8dee-443b-85e5-6a5f21c9fbbf, Nodes: 9585e4e1-586e-442e-9cea-1465c4d86f2f{ip: 192.168.151.67, host: pr-hdds-1984-s47sn-1814639636, networkLocation: /default-rack, certSerialId: null}, Type:RATIS, Factor:ONE, State:OPEN]
2019-10-02 00:49:49,682 [EventQueue-StaleNodeForStaleNodeHandler] INFO  pipeline.PipelineStateManager (PipelineStateManager.java:finalizePipeline(123)) - Pipeline Pipeline[ Id: d6ce7913-8dee-443b-85e5-6a5f21c9fbbf, Nodes: 9585e4e1-586e-442e-9cea-1465c4d86f2f{ip: 192.168.151.67, host: pr-hdds-1984-s47sn-1814639636, networkLocation: /default-rack, certSerialId: null}, Type:RATIS, Factor:ONE, State:CLOSED] moved to CLOSED state
2019-10-02 00:49:49,683 [EventQueue-StaleNodeForStaleNodeHandler] INFO  pipeline.SCMPipelineManager (SCMPipelineManager.java:finalizeAndDestroyPipeline(315)) - destroying pipeline:Pipeline[ Id: 3bfb29ef-c5e4-45f9-8a37-8ff67fe6c032, Nodes: f0c86e92-032b-42fd-b9b7-8c6530d6a6ab{ip: 192.168.151.67, host: pr-hdds-1984-s47sn-1814639636, networkLocation: /default-rack, certSerialId: null}9585e4e1-586e-442e-9cea-1465c4d86f2f{ip: 192.168.151.67, host: pr-hdds-1984-s47sn-1814639636, networkLocation: /default-rack, certSerialId: null}1a5146b9-310d-447a-8c6c-9bc3e23dff82{ip: 192.168.151.67, host: pr-hdds-1984-s47sn-1814639636, networkLocation: /default-rack, certSerialId: null}, Type:RATIS, Factor:THREE, State:CLOSED]
]]></system-out>
    <system-err><![CDATA[Oct 02, 2019 12:49:43 AM org.apache.ratis.thirdparty.io.grpc.internal.SerializingExecutor run
SEVERE: Exception while executing runnable org.apache.ratis.thirdparty.io.grpc.internal.ServerImpl$JumpToApplicationThreadServerStreamListener$1Closed@3bd86cc8
org.apache.ratis.thirdparty.io.grpc.StatusRuntimeException: CANCELLED: call already cancelled
	at org.apache.ratis.thirdparty.io.grpc.Status.asRuntimeException(Status.java:517)
	at org.apache.ratis.thirdparty.io.grpc.stub.ServerCalls$ServerCallStreamObserverImpl.onCompleted(ServerCalls.java:356)
	at org.apache.ratis.grpc.server.GrpcServerProtocolService$ServerRequestStreamObserver.onError(GrpcServerProtocolService.java:121)
	at org.apache.ratis.thirdparty.io.grpc.stub.ServerCalls$StreamingServerCallHandler$StreamingServerCallListener.onCancel(ServerCalls.java:269)
	at org.apache.ratis.thirdparty.io.grpc.internal.ServerCallImpl$ServerStreamListenerImpl.closed(ServerCallImpl.java:293)
	at org.apache.ratis.thirdparty.io.grpc.internal.ServerImpl$JumpToApplicationThreadServerStreamListener$1Closed.runInContext(ServerImpl.java:741)
	at org.apache.ratis.thirdparty.io.grpc.internal.ContextRunnable.run(ContextRunnable.java:37)
	at org.apache.ratis.thirdparty.io.grpc.internal.SerializingExecutor.run(SerializingExecutor.java:123)
	at java.util.concurrent.ThreadPoolExecutor.runWorker(ThreadPoolExecutor.java:1149)
	at java.util.concurrent.ThreadPoolExecutor$Worker.run(ThreadPoolExecutor.java:624)
	at java.lang.Thread.run(Thread.java:748)

]]></system-err>
  </testcase>
</testsuite>