<?xml version="1.0" encoding="UTF-8"?>
<testsuite xmlns:xsi="http://www.w3.org/2001/XMLSchema-instance" xsi:noNamespaceSchemaLocation="https://maven.apache.org/surefire/maven-surefire-plugin/xsd/surefire-test-report.xsd" name="org.apache.hadoop.ozone.client.rpc.TestWatchForCommit" time="259.828" tests="5" errors="1" skipped="0" failures="0">
  <properties>
    <property name="awt.toolkit" value="sun.awt.X11.XToolkit"/>
    <property name="file.encoding.pkg" value="sun.io"/>
    <property name="java.specification.version" value="1.8"/>
    <property name="sun.cpu.isalist" value=""/>
    <property name="sun.jnu.encoding" value="UTF-8"/>
    <property name="java.class.path" value="/workdir/hadoop-ozone/integration-test/target/test-classes:/workdir/hadoop-ozone/integration-test/target/classes:/home/user/.m2/repository/org/apache/hadoop/hadoop-ozone-common/0.5.0-SNAPSHOT/hadoop-ozone-common-0.5.0-SNAPSHOT.jar:/home/user/.m2/repository/org/apache/commons/commons-compress/1.4.1/commons-compress-1.4.1.jar:/home/user/.m2/repository/org/tukaani/xz/1.0/xz-1.0.jar:/home/user/.m2/repository/org/apache/hadoop/hadoop-common/3.2.0/hadoop-common-3.2.0.jar:/home/user/.m2/repository/org/apache/hadoop/hadoop-hdfs/3.2.0/hadoop-hdfs-3.2.0.jar:/home/user/.m2/repository/org/apache/hadoop/hadoop-hdfs-client/3.2.0/hadoop-hdfs-client-3.2.0.jar:/home/user/.m2/repository/com/fasterxml/jackson/core/jackson-annotations/2.9.9/jackson-annotations-2.9.9.jar:/home/user/.m2/repository/org/apache/hadoop/hadoop-hdds-common/0.5.0-SNAPSHOT/hadoop-hdds-common-0.5.0-SNAPSHOT.jar:/home/user/.m2/repository/javax/annotation/javax.annotation-api/1.2/javax.annotation-api-1.2.jar:/home/user/.m2/repository/org/apache/ratis/ratis-server/0.5.0-201fc85-SNAPSHOT/ratis-server-0.5.0-201fc85-SNAPSHOT.jar:/home/user/.m2/repository/org/apache/ratis/ratis-thirdparty-misc/0.2.0/ratis-thirdparty-misc-0.2.0.jar:/home/user/.m2/repository/org/apache/ratis/ratis-proto/0.5.0-201fc85-SNAPSHOT/ratis-proto-0.5.0-201fc85-SNAPSHOT.jar:/home/user/.m2/repository/org/apache/ratis/ratis-common/0.5.0-201fc85-SNAPSHOT/ratis-common-0.5.0-201fc85-SNAPSHOT.jar:/home/user/.m2/repository/org/apache/ratis/ratis-client/0.5.0-201fc85-SNAPSHOT/ratis-client-0.5.0-201fc85-SNAPSHOT.jar:/home/user/.m2/repository/org/apache/ratis/ratis-metrics/0.5.0-201fc85-SNAPSHOT/ratis-metrics-0.5.0-201fc85-SNAPSHOT.jar:/home/user/.m2/repository/com/github/joshelser/dropwizard-metrics-hadoop-metrics2-reporter/0.1.2/dropwizard-metrics-hadoop-metrics2-reporter-0.1.2.jar:/home/user/.m2/repository/io/dropwizard/metrics/metrics-jvm/3.2.5/metrics-jvm-3.2.5.jar:/home/user/.m2/repository/io/dropwizard/metrics/metrics-ganglia/3.2.5/metrics-ganglia-3.2.5.jar:/home/user/.m2/repository/info/ganglia/gmetric4j/gmetric4j/1.0.7/gmetric4j-1.0.7.jar:/home/user/.m2/repository/org/apache/ratis/ratis-netty/0.5.0-201fc85-SNAPSHOT/ratis-netty-0.5.0-201fc85-SNAPSHOT.jar:/home/user/.m2/repository/org/apache/ratis/ratis-grpc/0.5.0-201fc85-SNAPSHOT/ratis-grpc-0.5.0-201fc85-SNAPSHOT.jar:/home/user/.m2/repository/org/rocksdb/rocksdbjni/6.0.1/rocksdbjni-6.0.1.jar:/home/user/.m2/repository/org/apache/logging/log4j/log4j-api/2.11.0/log4j-api-2.11.0.jar:/home/user/.m2/repository/org/apache/logging/log4j/log4j-core/2.11.0/log4j-core-2.11.0.jar:/home/user/.m2/repository/com/lmax/disruptor/3.4.2/disruptor-3.4.2.jar:/home/user/.m2/repository/org/apache/commons/commons-pool2/2.6.0/commons-pool2-2.6.0.jar:/home/user/.m2/repository/org/bouncycastle/bcpkix-jdk15on/1.60/bcpkix-jdk15on-1.60.jar:/home/user/.m2/repository/commons-validator/commons-validator/1.6/commons-validator-1.6.jar:/home/user/.m2/repository/commons-digester/commons-digester/1.8.1/commons-digester-1.8.1.jar:/home/user/.m2/repository/io/jaegertracing/jaeger-client/0.34.0/jaeger-client-0.34.0.jar:/home/user/.m2/repository/io/jaegertracing/jaeger-thrift/0.34.0/jaeger-thrift-0.34.0.jar:/home/user/.m2/repository/org/apache/thrift/libthrift/0.12.0/libthrift-0.12.0.jar:/home/user/.m2/repository/com/squareup/okhttp3/okhttp/3.9.0/okhttp-3.9.0.jar:/home/user/.m2/repository/com/squareup/okio/okio/1.13.0/okio-1.13.0.jar:/home/user/.m2/repository/io/jaegertracing/jaeger-core/0.34.0/jaeger-core-0.34.0.jar:/home/user/.m2/repository/io/jaegertracing/jaeger-tracerresolver/0.34.0/jaeger-tracerresolver-0.34.0.jar:/home/user/.m2/repository/io/opentracing/contrib/opentracing-tracerresolver/0.1.5/opentracing-tracerresolver-0.1.5.jar:/home/user/.m2/repository/io/opentracing/opentracing-util/0.31.0/opentracing-util-0.31.0.jar:/home/user/.m2/repository/io/opentracing/opentracing-api/0.31.0/opentracing-api-0.31.0.jar:/home/user/.m2/repository/io/opentracing/opentracing-noop/0.31.0/opentracing-noop-0.31.0.jar:/home/user/.m2/repository/org/apache/hadoop/hadoop-hdds-server-framework/0.5.0-SNAPSHOT/hadoop-hdds-server-framework-0.5.0-SNAPSHOT.jar:/home/user/.m2/repository/org/apache/hadoop/hadoop-hdds-container-service/0.5.0-SNAPSHOT/hadoop-hdds-container-service-0.5.0-SNAPSHOT.jar:/home/user/.m2/repository/org/apache/hadoop/hadoop-hdds-client/0.5.0-SNAPSHOT/hadoop-hdds-client-0.5.0-SNAPSHOT.jar:/home/user/.m2/repository/org/apache/hadoop/hadoop-hdds-tools/0.5.0-SNAPSHOT/hadoop-hdds-tools-0.5.0-SNAPSHOT.jar:/home/user/.m2/repository/org/apache/hadoop/hadoop-hdds-server-scm/0.5.0-SNAPSHOT/hadoop-hdds-server-scm-0.5.0-SNAPSHOT.jar:/home/user/.m2/repository/org/apache/hadoop/hadoop-hdds-docs/0.5.0-SNAPSHOT/hadoop-hdds-docs-0.5.0-SNAPSHOT.jar:/home/user/.m2/repository/io/dropwizard/metrics/metrics-core/3.2.4/metrics-core-3.2.4.jar:/home/user/.m2/repository/org/hamcrest/hamcrest-all/1.3/hamcrest-all-1.3.jar:/home/user/.m2/repository/org/bouncycastle/bcprov-jdk15on/1.60/bcprov-jdk15on-1.60.jar:/home/user/.m2/repository/info/picocli/picocli/3.9.6/picocli-3.9.6.jar:/home/user/.m2/repository/com/google/protobuf/protobuf-java/2.5.0/protobuf-java-2.5.0.jar:/home/user/.m2/repository/com/google/guava/guava/11.0.2/guava-11.0.2.jar:/home/user/.m2/repository/org/apache/hadoop/hadoop-ozone-ozone-manager/0.5.0-SNAPSHOT/hadoop-ozone-ozone-manager-0.5.0-SNAPSHOT.jar:/home/user/.m2/repository/org/apache/hadoop/hadoop-minikdc/3.2.0/hadoop-minikdc-3.2.0.jar:/home/user/.m2/repository/commons-io/commons-io/2.5/commons-io-2.5.jar:/home/user/.m2/repository/org/apache/kerby/kerb-simplekdc/1.0.1/kerb-simplekdc-1.0.1.jar:/home/user/.m2/repository/org/apache/kerby/kerb-client/1.0.1/kerb-client-1.0.1.jar:/home/user/.m2/repository/org/apache/kerby/kerby-config/1.0.1/kerby-config-1.0.1.jar:/home/user/.m2/repository/org/apache/kerby/kerb-core/1.0.1/kerb-core-1.0.1.jar:/home/user/.m2/repository/org/apache/kerby/kerby-pkix/1.0.1/kerby-pkix-1.0.1.jar:/home/user/.m2/repository/org/apache/kerby/kerby-asn1/1.0.1/kerby-asn1-1.0.1.jar:/home/user/.m2/repository/org/apache/kerby/kerby-util/1.0.1/kerby-util-1.0.1.jar:/home/user/.m2/repository/org/apache/kerby/kerb-common/1.0.1/kerb-common-1.0.1.jar:/home/user/.m2/repository/org/apache/kerby/kerb-crypto/1.0.1/kerb-crypto-1.0.1.jar:/home/user/.m2/repository/org/apache/kerby/kerb-util/1.0.1/kerb-util-1.0.1.jar:/home/user/.m2/repository/org/apache/kerby/token-provider/1.0.1/token-provider-1.0.1.jar:/home/user/.m2/repository/org/apache/kerby/kerb-admin/1.0.1/kerb-admin-1.0.1.jar:/home/user/.m2/repository/org/apache/kerby/kerb-server/1.0.1/kerb-server-1.0.1.jar:/home/user/.m2/repository/org/apache/kerby/kerb-identity/1.0.1/kerb-identity-1.0.1.jar:/home/user/.m2/repository/org/apache/kerby/kerby-xdr/1.0.1/kerby-xdr-1.0.1.jar:/home/user/.m2/repository/org/slf4j/slf4j-log4j12/1.7.25/slf4j-log4j12-1.7.25.jar:/home/user/.m2/repository/org/apache/hadoop/hadoop-ozone-s3gateway/0.5.0-SNAPSHOT/hadoop-ozone-s3gateway-0.5.0-SNAPSHOT.jar:/home/user/.m2/repository/org/jboss/weld/servlet/weld-servlet/2.4.7.Final/weld-servlet-2.4.7.Final.jar:/home/user/.m2/repository/org/glassfish/jersey/containers/jersey-container-servlet-core/2.27/jersey-container-servlet-core-2.27.jar:/home/user/.m2/repository/org/glassfish/hk2/external/javax.inject/2.5.0-b42/javax.inject-2.5.0-b42.jar:/home/user/.m2/repository/org/glassfish/jersey/core/jersey-common/2.27/jersey-common-2.27.jar:/home/user/.m2/repository/org/glassfish/hk2/osgi-resource-locator/1.0.1/osgi-resource-locator-1.0.1.jar:/home/user/.m2/repository/javax/ws/rs/javax.ws.rs-api/2.1/javax.ws.rs-api-2.1.jar:/home/user/.m2/repository/org/glassfish/jersey/ext/cdi/jersey-cdi1x/2.27/jersey-cdi1x-2.27.jar:/home/user/.m2/repository/org/glassfish/jersey/inject/jersey-hk2/2.27/jersey-hk2-2.27.jar:/home/user/.m2/repository/org/glassfish/hk2/hk2-locator/2.5.0-b42/hk2-locator-2.5.0-b42.jar:/home/user/.m2/repository/org/javassist/javassist/3.22.0-CR2/javassist-3.22.0-CR2.jar:/home/user/.m2/repository/org/glassfish/hk2/hk2-api/2.5.0/hk2-api-2.5.0.jar:/home/user/.m2/repository/org/glassfish/hk2/external/jakarta.inject/2.5.0/jakarta.inject-2.5.0.jar:/home/user/.m2/repository/org/glassfish/hk2/hk2-utils/2.5.0/hk2-utils-2.5.0.jar:/home/user/.m2/repository/jakarta/annotation/jakarta.annotation-api/1.3.4/jakarta.annotation-api-1.3.4.jar:/home/user/.m2/repository/org/glassfish/hk2/external/aopalliance-repackaged/2.5.0/aopalliance-repackaged-2.5.0.jar:/home/user/.m2/repository/com/fasterxml/jackson/dataformat/jackson-dataformat-xml/2.9.0/jackson-dataformat-xml-2.9.0.jar:/home/user/.m2/repository/com/fasterxml/jackson/core/jackson-core/2.9.9/jackson-core-2.9.9.jar:/home/user/.m2/repository/com/fasterxml/jackson/module/jackson-module-jaxb-annotations/2.9.9/jackson-module-jaxb-annotations-2.9.9.jar:/home/user/.m2/repository/javax/enterprise/cdi-api/1.2/cdi-api-1.2.jar:/home/user/.m2/repository/javax/el/javax.el-api/3.0.0/javax.el-api-3.0.0.jar:/home/user/.m2/repository/javax/interceptor/javax.interceptor-api/1.2/javax.interceptor-api-1.2.jar:/home/user/.m2/repository/javax/inject/javax.inject/1/javax.inject-1.jar:/home/user/.m2/repository/com/sun/xml/bind/jaxb-impl/2.3.0.1/jaxb-impl-2.3.0.1.jar:/home/user/.m2/repository/com/sun/xml/bind/jaxb-core/2.3.0.1/jaxb-core-2.3.0.1.jar:/home/user/.m2/repository/javax/xml/bind/jaxb-api/2.3.0/jaxb-api-2.3.0.jar:/home/user/.m2/repository/javax/activation/activation/1.1.1/activation-1.1.1.jar:/home/user/.m2/repository/org/apache/hadoop/hadoop-ozone-csi/0.5.0-SNAPSHOT/hadoop-ozone-csi-0.5.0-SNAPSHOT.jar:/home/user/.m2/repository/com/google/protobuf/protobuf-java-util/3.5.1/protobuf-java-util-3.5.1.jar:/home/user/.m2/repository/org/apache/hadoop/hadoop-hdds-config/0.5.0-SNAPSHOT/hadoop-hdds-config-0.5.0-SNAPSHOT.jar:/home/user/.m2/repository/io/grpc/grpc-netty/1.17.1/grpc-netty-1.17.1.jar:/home/user/.m2/repository/io/grpc/grpc-core/1.17.1/grpc-core-1.17.1.jar:/home/user/.m2/repository/io/grpc/grpc-context/1.17.1/grpc-context-1.17.1.jar:/home/user/.m2/repository/com/google/errorprone/error_prone_annotations/2.2.0/error_prone_annotations-2.2.0.jar:/home/user/.m2/repository/org/codehaus/mojo/animal-sniffer-annotations/1.17/animal-sniffer-annotations-1.17.jar:/home/user/.m2/repository/io/opencensus/opencensus-api/0.17.0/opencensus-api-0.17.0.jar:/home/user/.m2/repository/io/opencensus/opencensus-contrib-grpc-metrics/0.17.0/opencensus-contrib-grpc-metrics-0.17.0.jar:/home/user/.m2/repository/io/netty/netty-codec-http2/4.1.30.Final/netty-codec-http2-4.1.30.Final.jar:/home/user/.m2/repository/io/netty/netty-codec-http/4.1.30.Final/netty-codec-http-4.1.30.Final.jar:/home/user/.m2/repository/io/netty/netty-codec/4.1.30.Final/netty-codec-4.1.30.Final.jar:/home/user/.m2/repository/io/netty/netty-handler/4.1.30.Final/netty-handler-4.1.30.Final.jar:/home/user/.m2/repository/io/netty/netty-handler-proxy/4.1.30.Final/netty-handler-proxy-4.1.30.Final.jar:/home/user/.m2/repository/io/netty/netty-codec-socks/4.1.30.Final/netty-codec-socks-4.1.30.Final.jar:/home/user/.m2/repository/io/netty/netty-transport-native-epoll/4.1.30.Final/netty-transport-native-epoll-4.1.30.Final.jar:/home/user/.m2/repository/io/netty/netty-common/4.1.30.Final/netty-common-4.1.30.Final.jar:/home/user/.m2/repository/io/netty/netty-buffer/4.1.30.Final/netty-buffer-4.1.30.Final.jar:/home/user/.m2/repository/io/netty/netty-transport/4.1.30.Final/netty-transport-4.1.30.Final.jar:/home/user/.m2/repository/io/netty/netty-resolver/4.1.30.Final/netty-resolver-4.1.30.Final.jar:/home/user/.m2/repository/io/netty/netty-transport-native-unix-common/4.1.30.Final/netty-transport-native-unix-common-4.1.30.Final.jar:/home/user/.m2/repository/io/grpc/grpc-protobuf/1.17.1/grpc-protobuf-1.17.1.jar:/home/user/.m2/repository/com/google/api/grpc/proto-google-common-protos/1.0.0/proto-google-common-protos-1.0.0.jar:/home/user/.m2/repository/io/grpc/grpc-protobuf-lite/1.17.1/grpc-protobuf-lite-1.17.1.jar:/home/user/.m2/repository/io/grpc/grpc-stub/1.17.1/grpc-stub-1.17.1.jar:/home/user/.m2/repository/org/apache/hadoop/hadoop-ozone-recon/0.5.0-SNAPSHOT/hadoop-ozone-recon-0.5.0-SNAPSHOT.jar:/home/user/.m2/repository/org/apache/hadoop/hadoop-ozone-reconcodegen/0.5.0-SNAPSHOT/hadoop-ozone-reconcodegen-0.5.0-SNAPSHOT.jar:/home/user/.m2/repository/com/google/inject/extensions/guice-multibindings/4.0/guice-multibindings-4.0.jar:/home/user/.m2/repository/com/google/inject/guice/4.0/guice-4.0.jar:/home/user/.m2/repository/aopalliance/aopalliance/1.0/aopalliance-1.0.jar:/home/user/.m2/repository/com/google/inject/extensions/guice-servlet/4.0/guice-servlet-4.0.jar:/home/user/.m2/repository/org/glassfish/jersey/containers/jersey-container-servlet/2.27/jersey-container-servlet-2.27.jar:/home/user/.m2/repository/org/glassfish/hk2/guice-bridge/2.5.0/guice-bridge-2.5.0.jar:/home/user/.m2/repository/org/glassfish/jersey/core/jersey-server/2.27/jersey-server-2.27.jar:/home/user/.m2/repository/org/glassfish/jersey/core/jersey-client/2.27/jersey-client-2.27.jar:/home/user/.m2/repository/org/glassfish/jersey/media/jersey-media-jaxb/2.27/jersey-media-jaxb-2.27.jar:/home/user/.m2/repository/javax/validation/validation-api/1.1.0.Final/validation-api-1.1.0.Final.jar:/home/user/.m2/repository/org/glassfish/jersey/media/jersey-media-json-jackson/2.27/jersey-media-json-jackson-2.27.jar:/home/user/.m2/repository/org/glassfish/jersey/ext/jersey-entity-filtering/2.27/jersey-entity-filtering-2.27.jar:/home/user/.m2/repository/com/google/inject/extensions/guice-assistedinject/4.0/guice-assistedinject-4.0.jar:/home/user/.m2/repository/org/jooq/jooq/3.11.10/jooq-3.11.10.jar:/home/user/.m2/repository/org/jooq/jooq-meta/3.11.10/jooq-meta-3.11.10.jar:/home/user/.m2/repository/org/jooq/jooq-codegen/3.11.10/jooq-codegen-3.11.10.jar:/home/user/.m2/repository/com/jolbox/bonecp/0.8.0.RELEASE/bonecp-0.8.0.RELEASE.jar:/home/user/.m2/repository/org/xerial/sqlite-jdbc/3.25.2/sqlite-jdbc-3.25.2.jar:/home/user/.m2/repository/org/springframework/spring-jdbc/5.1.3.RELEASE/spring-jdbc-5.1.3.RELEASE.jar:/home/user/.m2/repository/org/springframework/spring-beans/5.1.3.RELEASE/spring-beans-5.1.3.RELEASE.jar:/home/user/.m2/repository/org/springframework/spring-core/5.1.3.RELEASE/spring-core-5.1.3.RELEASE.jar:/home/user/.m2/repository/org/springframework/spring-jcl/5.1.3.RELEASE/spring-jcl-5.1.3.RELEASE.jar:/home/user/.m2/repository/org/springframework/spring-tx/5.1.3.RELEASE/spring-tx-5.1.3.RELEASE.jar:/home/user/.m2/repository/org/apache/hadoop/hadoop-ozone-client/0.5.0-SNAPSHOT/hadoop-ozone-client-0.5.0-SNAPSHOT.jar:/home/user/.m2/repository/commons-lang/commons-lang/2.6/commons-lang-2.6.jar:/home/user/.m2/repository/org/apache/hadoop/hadoop-ozone-ozone-manager/0.5.0-SNAPSHOT/hadoop-ozone-ozone-manager-0.5.0-SNAPSHOT-tests.jar:/home/user/.m2/repository/junit/junit/4.11/junit-4.11.jar:/home/user/.m2/repository/org/hamcrest/hamcrest-core/1.3/hamcrest-core-1.3.jar:/home/user/.m2/repository/org/openjdk/jmh/jmh-core/1.19/jmh-core-1.19.jar:/home/user/.m2/repository/net/sf/jopt-simple/jopt-simple/4.6/jopt-simple-4.6.jar:/home/user/.m2/repository/org/apache/commons/commons-math3/3.1.1/commons-math3-3.1.1.jar:/home/user/.m2/repository/org/openjdk/jmh/jmh-generator-annprocess/1.19/jmh-generator-annprocess-1.19.jar:/home/user/.m2/repository/org/mockito/mockito-all/1.8.5/mockito-all-1.8.5.jar:/home/user/.m2/repository/org/apache/hadoop/hadoop-kms/3.2.0/hadoop-kms-3.2.0.jar:/home/user/.m2/repository/org/apache/hadoop/hadoop-auth/3.2.0/hadoop-auth-3.2.0.jar:/home/user/.m2/repository/com/nimbusds/nimbus-jose-jwt/4.41.1/nimbus-jose-jwt-4.41.1.jar:/home/user/.m2/repository/com/github/stephenc/jcip/jcip-annotations/1.0-1/jcip-annotations-1.0-1.jar:/home/user/.m2/repository/net/minidev/json-smart/2.3/json-smart-2.3.jar:/home/user/.m2/repository/net/minidev/accessors-smart/1.2/accessors-smart-1.2.jar:/home/user/.m2/repository/org/ow2/asm/asm/5.0.4/asm-5.0.4.jar:/home/user/.m2/repository/org/apache/curator/curator-framework/2.12.0/curator-framework-2.12.0.jar:/home/user/.m2/repository/com/sun/jersey/jersey-core/1.19/jersey-core-1.19.jar:/home/user/.m2/repository/javax/ws/rs/jsr311-api/1.1.1/jsr311-api-1.1.1.jar:/home/user/.m2/repository/com/sun/jersey/jersey-server/1.19/jersey-server-1.19.jar:/home/user/.m2/repository/javax/servlet/javax.servlet-api/3.1.0/javax.servlet-api-3.1.0.jar:/home/user/.m2/repository/org/eclipse/jetty/jetty-server/9.3.25.v20180904/jetty-server-9.3.25.v20180904.jar:/home/user/.m2/repository/org/eclipse/jetty/jetty-http/9.3.25.v20180904/jetty-http-9.3.25.v20180904.jar:/home/user/.m2/repository/org/eclipse/jetty/jetty-io/9.3.25.v20180904/jetty-io-9.3.25.v20180904.jar:/home/user/.m2/repository/org/eclipse/jetty/jetty-webapp/9.3.25.v20180904/jetty-webapp-9.3.25.v20180904.jar:/home/user/.m2/repository/org/eclipse/jetty/jetty-xml/9.3.25.v20180904/jetty-xml-9.3.25.v20180904.jar:/home/user/.m2/repository/log4j/log4j/1.2.17/log4j-1.2.17.jar:/home/user/.m2/repository/org/slf4j/slf4j-api/1.7.25/slf4j-api-1.7.25.jar:/home/user/.m2/repository/org/slf4j/jul-to-slf4j/1.7.25/jul-to-slf4j-1.7.25.jar:/home/user/.m2/repository/org/eclipse/jetty/jetty-util/9.3.25.v20180904/jetty-util-9.3.25.v20180904.jar:/home/user/.m2/repository/com/fasterxml/jackson/core/jackson-databind/2.9.9/jackson-databind-2.9.9.jar:/home/user/.m2/repository/org/apache/hadoop/hadoop-kms/3.2.0/hadoop-kms-3.2.0-tests.jar:/home/user/.m2/repository/org/apache/hadoop/hadoop-hdds-server-scm/0.5.0-SNAPSHOT/hadoop-hdds-server-scm-0.5.0-SNAPSHOT-tests.jar:/home/user/.m2/repository/org/apache/hadoop/hadoop-hdds-container-service/0.5.0-SNAPSHOT/hadoop-hdds-container-service-0.5.0-SNAPSHOT-tests.jar:/home/user/.m2/repository/org/yaml/snakeyaml/1.16/snakeyaml-1.16.jar:/home/user/.m2/repository/org/apache/hadoop/hadoop-common/3.2.0/hadoop-common-3.2.0-tests.jar:/home/user/.m2/repository/org/apache/hadoop/hadoop-annotations/3.2.0/hadoop-annotations-3.2.0.jar:/usr/lib/jvm/java-1.8-openjdk/jre/../lib/tools.jar:/home/user/.m2/repository/commons-cli/commons-cli/1.2/commons-cli-1.2.jar:/home/user/.m2/repository/org/apache/httpcomponents/httpclient/4.5.2/httpclient-4.5.2.jar:/home/user/.m2/repository/org/apache/httpcomponents/httpcore/4.4.4/httpcore-4.4.4.jar:/home/user/.m2/repository/commons-codec/commons-codec/1.11/commons-codec-1.11.jar:/home/user/.m2/repository/commons-net/commons-net/3.6/commons-net-3.6.jar:/home/user/.m2/repository/commons-collections/commons-collections/3.2.2/commons-collections-3.2.2.jar:/home/user/.m2/repository/org/eclipse/jetty/jetty-servlet/9.3.25.v20180904/jetty-servlet-9.3.25.v20180904.jar:/home/user/.m2/repository/org/eclipse/jetty/jetty-security/9.3.25.v20180904/jetty-security-9.3.25.v20180904.jar:/home/user/.m2/repository/javax/servlet/jsp/jsp-api/2.1/jsp-api-2.1.jar:/home/user/.m2/repository/com/sun/jersey/jersey-servlet/1.19/jersey-servlet-1.19.jar:/home/user/.m2/repository/com/sun/jersey/jersey-json/1.19/jersey-json-1.19.jar:/home/user/.m2/repository/org/codehaus/jettison/jettison/1.1/jettison-1.1.jar:/home/user/.m2/repository/org/codehaus/jackson/jackson-core-asl/1.9.13/jackson-core-asl-1.9.13.jar:/home/user/.m2/repository/org/codehaus/jackson/jackson-mapper-asl/1.9.13/jackson-mapper-asl-1.9.13.jar:/home/user/.m2/repository/org/codehaus/jackson/jackson-jaxrs/1.9.13/jackson-jaxrs-1.9.13.jar:/home/user/.m2/repository/org/codehaus/jackson/jackson-xc/1.9.13/jackson-xc-1.9.13.jar:/home/user/.m2/repository/commons-logging/commons-logging/1.1.3/commons-logging-1.1.3.jar:/home/user/.m2/repository/commons-beanutils/commons-beanutils/1.9.4/commons-beanutils-1.9.4.jar:/home/user/.m2/repository/org/apache/commons/commons-configuration2/2.1.1/commons-configuration2-2.1.1.jar:/home/user/.m2/repository/org/apache/commons/commons-lang3/3.7/commons-lang3-3.7.jar:/home/user/.m2/repository/org/apache/commons/commons-text/1.4/commons-text-1.4.jar:/home/user/.m2/repository/org/apache/avro/avro/1.7.7/avro-1.7.7.jar:/home/user/.m2/repository/com/thoughtworks/paranamer/paranamer/2.3/paranamer-2.3.jar:/home/user/.m2/repository/org/xerial/snappy/snappy-java/1.0.5/snappy-java-1.0.5.jar:/home/user/.m2/repository/com/google/re2j/re2j/1.1/re2j-1.1.jar:/home/user/.m2/repository/com/google/code/gson/gson/2.2.4/gson-2.2.4.jar:/home/user/.m2/repository/com/jcraft/jsch/0.1.54/jsch-0.1.54.jar:/home/user/.m2/repository/org/apache/curator/curator-client/2.12.0/curator-client-2.12.0.jar:/home/user/.m2/repository/org/apache/curator/curator-recipes/2.12.0/curator-recipes-2.12.0.jar:/home/user/.m2/repository/com/google/code/findbugs/jsr305/3.0.0/jsr305-3.0.0.jar:/home/user/.m2/repository/org/apache/htrace/htrace-core4/4.1.0-incubating/htrace-core4-4.1.0-incubating.jar:/home/user/.m2/repository/org/apache/zookeeper/zookeeper/3.4.13/zookeeper-3.4.13.jar:/home/user/.m2/repository/jline/jline/0.9.94/jline-0.9.94.jar:/home/user/.m2/repository/org/apache/yetus/audience-annotations/0.5.0/audience-annotations-0.5.0.jar:/home/user/.m2/repository/org/codehaus/woodstox/stax2-api/3.1.4/stax2-api-3.1.4.jar:/home/user/.m2/repository/com/fasterxml/woodstox/woodstox-core/5.0.3/woodstox-core-5.0.3.jar:/home/user/.m2/repository/dnsjava/dnsjava/2.1.7/dnsjava-2.1.7.jar:/home/user/.m2/repository/org/apache/hadoop/hadoop-hdfs/3.2.0/hadoop-hdfs-3.2.0-tests.jar:/home/user/.m2/repository/org/eclipse/jetty/jetty-util-ajax/9.3.25.v20180904/jetty-util-ajax-9.3.25.v20180904.jar:/home/user/.m2/repository/commons-daemon/commons-daemon/1.0.13/commons-daemon-1.0.13.jar:/home/user/.m2/repository/io/netty/netty/3.10.5.Final/netty-3.10.5.Final.jar:/home/user/.m2/repository/io/netty/netty-all/4.0.52.Final/netty-all-4.0.52.Final.jar:/home/user/.m2/repository/org/fusesource/leveldbjni/leveldbjni-all/1.8/leveldbjni-all-1.8.jar:"/>
    <property name="java.vm.vendor" value="IcedTea"/>
    <property name="sun.arch.data.model" value="64"/>
    <property name="test.build.dir" value="/workdir/hadoop-ozone/integration-test/target/test-dir"/>
    <property name="test.cache.data" value=""/>
    <property name="java.vendor.url" value="https://icedtea.classpath.org"/>
    <property name="user.timezone" value=""/>
    <property name="java.vm.specification.version" value="1.8"/>
    <property name="os.name" value="Linux"/>
    <property name="test.build.data" value="/workdir/hadoop-ozone/integration-test/target/test-dir"/>
    <property name="user.country" value="US"/>
    <property name="sun.java.launcher" value="SUN_STANDARD"/>
    <property name="sun.boot.library.path" value="/usr/lib/jvm/java-1.8-openjdk/jre/lib/amd64"/>
    <property name="sun.java.command" value="/workdir/hadoop-ozone/integration-test/target/surefire/surefirebooter909893044326243808.jar /workdir/hadoop-ozone/integration-test/target/surefire 2019-10-03T00-36-50_073-jvmRun1 surefire9183274834050442949tmp surefire_545055860617685644351tmp"/>
    <property name="test" value="!TestMiniChaosOzoneCluster"/>
    <property name="surefire.test.class.path" value="/workdir/hadoop-ozone/integration-test/target/test-classes:/workdir/hadoop-ozone/integration-test/target/classes:/home/user/.m2/repository/org/apache/hadoop/hadoop-ozone-common/0.5.0-SNAPSHOT/hadoop-ozone-common-0.5.0-SNAPSHOT.jar:/home/user/.m2/repository/org/apache/commons/commons-compress/1.4.1/commons-compress-1.4.1.jar:/home/user/.m2/repository/org/tukaani/xz/1.0/xz-1.0.jar:/home/user/.m2/repository/org/apache/hadoop/hadoop-common/3.2.0/hadoop-common-3.2.0.jar:/home/user/.m2/repository/org/apache/hadoop/hadoop-hdfs/3.2.0/hadoop-hdfs-3.2.0.jar:/home/user/.m2/repository/org/apache/hadoop/hadoop-hdfs-client/3.2.0/hadoop-hdfs-client-3.2.0.jar:/home/user/.m2/repository/com/fasterxml/jackson/core/jackson-annotations/2.9.9/jackson-annotations-2.9.9.jar:/home/user/.m2/repository/org/apache/hadoop/hadoop-hdds-common/0.5.0-SNAPSHOT/hadoop-hdds-common-0.5.0-SNAPSHOT.jar:/home/user/.m2/repository/javax/annotation/javax.annotation-api/1.2/javax.annotation-api-1.2.jar:/home/user/.m2/repository/org/apache/ratis/ratis-server/0.5.0-201fc85-SNAPSHOT/ratis-server-0.5.0-201fc85-SNAPSHOT.jar:/home/user/.m2/repository/org/apache/ratis/ratis-thirdparty-misc/0.2.0/ratis-thirdparty-misc-0.2.0.jar:/home/user/.m2/repository/org/apache/ratis/ratis-proto/0.5.0-201fc85-SNAPSHOT/ratis-proto-0.5.0-201fc85-SNAPSHOT.jar:/home/user/.m2/repository/org/apache/ratis/ratis-common/0.5.0-201fc85-SNAPSHOT/ratis-common-0.5.0-201fc85-SNAPSHOT.jar:/home/user/.m2/repository/org/apache/ratis/ratis-client/0.5.0-201fc85-SNAPSHOT/ratis-client-0.5.0-201fc85-SNAPSHOT.jar:/home/user/.m2/repository/org/apache/ratis/ratis-metrics/0.5.0-201fc85-SNAPSHOT/ratis-metrics-0.5.0-201fc85-SNAPSHOT.jar:/home/user/.m2/repository/com/github/joshelser/dropwizard-metrics-hadoop-metrics2-reporter/0.1.2/dropwizard-metrics-hadoop-metrics2-reporter-0.1.2.jar:/home/user/.m2/repository/io/dropwizard/metrics/metrics-jvm/3.2.5/metrics-jvm-3.2.5.jar:/home/user/.m2/repository/io/dropwizard/metrics/metrics-ganglia/3.2.5/metrics-ganglia-3.2.5.jar:/home/user/.m2/repository/info/ganglia/gmetric4j/gmetric4j/1.0.7/gmetric4j-1.0.7.jar:/home/user/.m2/repository/org/apache/ratis/ratis-netty/0.5.0-201fc85-SNAPSHOT/ratis-netty-0.5.0-201fc85-SNAPSHOT.jar:/home/user/.m2/repository/org/apache/ratis/ratis-grpc/0.5.0-201fc85-SNAPSHOT/ratis-grpc-0.5.0-201fc85-SNAPSHOT.jar:/home/user/.m2/repository/org/rocksdb/rocksdbjni/6.0.1/rocksdbjni-6.0.1.jar:/home/user/.m2/repository/org/apache/logging/log4j/log4j-api/2.11.0/log4j-api-2.11.0.jar:/home/user/.m2/repository/org/apache/logging/log4j/log4j-core/2.11.0/log4j-core-2.11.0.jar:/home/user/.m2/repository/com/lmax/disruptor/3.4.2/disruptor-3.4.2.jar:/home/user/.m2/repository/org/apache/commons/commons-pool2/2.6.0/commons-pool2-2.6.0.jar:/home/user/.m2/repository/org/bouncycastle/bcpkix-jdk15on/1.60/bcpkix-jdk15on-1.60.jar:/home/user/.m2/repository/commons-validator/commons-validator/1.6/commons-validator-1.6.jar:/home/user/.m2/repository/commons-digester/commons-digester/1.8.1/commons-digester-1.8.1.jar:/home/user/.m2/repository/io/jaegertracing/jaeger-client/0.34.0/jaeger-client-0.34.0.jar:/home/user/.m2/repository/io/jaegertracing/jaeger-thrift/0.34.0/jaeger-thrift-0.34.0.jar:/home/user/.m2/repository/org/apache/thrift/libthrift/0.12.0/libthrift-0.12.0.jar:/home/user/.m2/repository/com/squareup/okhttp3/okhttp/3.9.0/okhttp-3.9.0.jar:/home/user/.m2/repository/com/squareup/okio/okio/1.13.0/okio-1.13.0.jar:/home/user/.m2/repository/io/jaegertracing/jaeger-core/0.34.0/jaeger-core-0.34.0.jar:/home/user/.m2/repository/io/jaegertracing/jaeger-tracerresolver/0.34.0/jaeger-tracerresolver-0.34.0.jar:/home/user/.m2/repository/io/opentracing/contrib/opentracing-tracerresolver/0.1.5/opentracing-tracerresolver-0.1.5.jar:/home/user/.m2/repository/io/opentracing/opentracing-util/0.31.0/opentracing-util-0.31.0.jar:/home/user/.m2/repository/io/opentracing/opentracing-api/0.31.0/opentracing-api-0.31.0.jar:/home/user/.m2/repository/io/opentracing/opentracing-noop/0.31.0/opentracing-noop-0.31.0.jar:/home/user/.m2/repository/org/apache/hadoop/hadoop-hdds-server-framework/0.5.0-SNAPSHOT/hadoop-hdds-server-framework-0.5.0-SNAPSHOT.jar:/home/user/.m2/repository/org/apache/hadoop/hadoop-hdds-container-service/0.5.0-SNAPSHOT/hadoop-hdds-container-service-0.5.0-SNAPSHOT.jar:/home/user/.m2/repository/org/apache/hadoop/hadoop-hdds-client/0.5.0-SNAPSHOT/hadoop-hdds-client-0.5.0-SNAPSHOT.jar:/home/user/.m2/repository/org/apache/hadoop/hadoop-hdds-tools/0.5.0-SNAPSHOT/hadoop-hdds-tools-0.5.0-SNAPSHOT.jar:/home/user/.m2/repository/org/apache/hadoop/hadoop-hdds-server-scm/0.5.0-SNAPSHOT/hadoop-hdds-server-scm-0.5.0-SNAPSHOT.jar:/home/user/.m2/repository/org/apache/hadoop/hadoop-hdds-docs/0.5.0-SNAPSHOT/hadoop-hdds-docs-0.5.0-SNAPSHOT.jar:/home/user/.m2/repository/io/dropwizard/metrics/metrics-core/3.2.4/metrics-core-3.2.4.jar:/home/user/.m2/repository/org/hamcrest/hamcrest-all/1.3/hamcrest-all-1.3.jar:/home/user/.m2/repository/org/bouncycastle/bcprov-jdk15on/1.60/bcprov-jdk15on-1.60.jar:/home/user/.m2/repository/info/picocli/picocli/3.9.6/picocli-3.9.6.jar:/home/user/.m2/repository/com/google/protobuf/protobuf-java/2.5.0/protobuf-java-2.5.0.jar:/home/user/.m2/repository/com/google/guava/guava/11.0.2/guava-11.0.2.jar:/home/user/.m2/repository/org/apache/hadoop/hadoop-ozone-ozone-manager/0.5.0-SNAPSHOT/hadoop-ozone-ozone-manager-0.5.0-SNAPSHOT.jar:/home/user/.m2/repository/org/apache/hadoop/hadoop-minikdc/3.2.0/hadoop-minikdc-3.2.0.jar:/home/user/.m2/repository/commons-io/commons-io/2.5/commons-io-2.5.jar:/home/user/.m2/repository/org/apache/kerby/kerb-simplekdc/1.0.1/kerb-simplekdc-1.0.1.jar:/home/user/.m2/repository/org/apache/kerby/kerb-client/1.0.1/kerb-client-1.0.1.jar:/home/user/.m2/repository/org/apache/kerby/kerby-config/1.0.1/kerby-config-1.0.1.jar:/home/user/.m2/repository/org/apache/kerby/kerb-core/1.0.1/kerb-core-1.0.1.jar:/home/user/.m2/repository/org/apache/kerby/kerby-pkix/1.0.1/kerby-pkix-1.0.1.jar:/home/user/.m2/repository/org/apache/kerby/kerby-asn1/1.0.1/kerby-asn1-1.0.1.jar:/home/user/.m2/repository/org/apache/kerby/kerby-util/1.0.1/kerby-util-1.0.1.jar:/home/user/.m2/repository/org/apache/kerby/kerb-common/1.0.1/kerb-common-1.0.1.jar:/home/user/.m2/repository/org/apache/kerby/kerb-crypto/1.0.1/kerb-crypto-1.0.1.jar:/home/user/.m2/repository/org/apache/kerby/kerb-util/1.0.1/kerb-util-1.0.1.jar:/home/user/.m2/repository/org/apache/kerby/token-provider/1.0.1/token-provider-1.0.1.jar:/home/user/.m2/repository/org/apache/kerby/kerb-admin/1.0.1/kerb-admin-1.0.1.jar:/home/user/.m2/repository/org/apache/kerby/kerb-server/1.0.1/kerb-server-1.0.1.jar:/home/user/.m2/repository/org/apache/kerby/kerb-identity/1.0.1/kerb-identity-1.0.1.jar:/home/user/.m2/repository/org/apache/kerby/kerby-xdr/1.0.1/kerby-xdr-1.0.1.jar:/home/user/.m2/repository/org/slf4j/slf4j-log4j12/1.7.25/slf4j-log4j12-1.7.25.jar:/home/user/.m2/repository/org/apache/hadoop/hadoop-ozone-s3gateway/0.5.0-SNAPSHOT/hadoop-ozone-s3gateway-0.5.0-SNAPSHOT.jar:/home/user/.m2/repository/org/jboss/weld/servlet/weld-servlet/2.4.7.Final/weld-servlet-2.4.7.Final.jar:/home/user/.m2/repository/org/glassfish/jersey/containers/jersey-container-servlet-core/2.27/jersey-container-servlet-core-2.27.jar:/home/user/.m2/repository/org/glassfish/hk2/external/javax.inject/2.5.0-b42/javax.inject-2.5.0-b42.jar:/home/user/.m2/repository/org/glassfish/jersey/core/jersey-common/2.27/jersey-common-2.27.jar:/home/user/.m2/repository/org/glassfish/hk2/osgi-resource-locator/1.0.1/osgi-resource-locator-1.0.1.jar:/home/user/.m2/repository/javax/ws/rs/javax.ws.rs-api/2.1/javax.ws.rs-api-2.1.jar:/home/user/.m2/repository/org/glassfish/jersey/ext/cdi/jersey-cdi1x/2.27/jersey-cdi1x-2.27.jar:/home/user/.m2/repository/org/glassfish/jersey/inject/jersey-hk2/2.27/jersey-hk2-2.27.jar:/home/user/.m2/repository/org/glassfish/hk2/hk2-locator/2.5.0-b42/hk2-locator-2.5.0-b42.jar:/home/user/.m2/repository/org/javassist/javassist/3.22.0-CR2/javassist-3.22.0-CR2.jar:/home/user/.m2/repository/org/glassfish/hk2/hk2-api/2.5.0/hk2-api-2.5.0.jar:/home/user/.m2/repository/org/glassfish/hk2/external/jakarta.inject/2.5.0/jakarta.inject-2.5.0.jar:/home/user/.m2/repository/org/glassfish/hk2/hk2-utils/2.5.0/hk2-utils-2.5.0.jar:/home/user/.m2/repository/jakarta/annotation/jakarta.annotation-api/1.3.4/jakarta.annotation-api-1.3.4.jar:/home/user/.m2/repository/org/glassfish/hk2/external/aopalliance-repackaged/2.5.0/aopalliance-repackaged-2.5.0.jar:/home/user/.m2/repository/com/fasterxml/jackson/dataformat/jackson-dataformat-xml/2.9.0/jackson-dataformat-xml-2.9.0.jar:/home/user/.m2/repository/com/fasterxml/jackson/core/jackson-core/2.9.9/jackson-core-2.9.9.jar:/home/user/.m2/repository/com/fasterxml/jackson/module/jackson-module-jaxb-annotations/2.9.9/jackson-module-jaxb-annotations-2.9.9.jar:/home/user/.m2/repository/javax/enterprise/cdi-api/1.2/cdi-api-1.2.jar:/home/user/.m2/repository/javax/el/javax.el-api/3.0.0/javax.el-api-3.0.0.jar:/home/user/.m2/repository/javax/interceptor/javax.interceptor-api/1.2/javax.interceptor-api-1.2.jar:/home/user/.m2/repository/javax/inject/javax.inject/1/javax.inject-1.jar:/home/user/.m2/repository/com/sun/xml/bind/jaxb-impl/2.3.0.1/jaxb-impl-2.3.0.1.jar:/home/user/.m2/repository/com/sun/xml/bind/jaxb-core/2.3.0.1/jaxb-core-2.3.0.1.jar:/home/user/.m2/repository/javax/xml/bind/jaxb-api/2.3.0/jaxb-api-2.3.0.jar:/home/user/.m2/repository/javax/activation/activation/1.1.1/activation-1.1.1.jar:/home/user/.m2/repository/org/apache/hadoop/hadoop-ozone-csi/0.5.0-SNAPSHOT/hadoop-ozone-csi-0.5.0-SNAPSHOT.jar:/home/user/.m2/repository/com/google/protobuf/protobuf-java-util/3.5.1/protobuf-java-util-3.5.1.jar:/home/user/.m2/repository/org/apache/hadoop/hadoop-hdds-config/0.5.0-SNAPSHOT/hadoop-hdds-config-0.5.0-SNAPSHOT.jar:/home/user/.m2/repository/io/grpc/grpc-netty/1.17.1/grpc-netty-1.17.1.jar:/home/user/.m2/repository/io/grpc/grpc-core/1.17.1/grpc-core-1.17.1.jar:/home/user/.m2/repository/io/grpc/grpc-context/1.17.1/grpc-context-1.17.1.jar:/home/user/.m2/repository/com/google/errorprone/error_prone_annotations/2.2.0/error_prone_annotations-2.2.0.jar:/home/user/.m2/repository/org/codehaus/mojo/animal-sniffer-annotations/1.17/animal-sniffer-annotations-1.17.jar:/home/user/.m2/repository/io/opencensus/opencensus-api/0.17.0/opencensus-api-0.17.0.jar:/home/user/.m2/repository/io/opencensus/opencensus-contrib-grpc-metrics/0.17.0/opencensus-contrib-grpc-metrics-0.17.0.jar:/home/user/.m2/repository/io/netty/netty-codec-http2/4.1.30.Final/netty-codec-http2-4.1.30.Final.jar:/home/user/.m2/repository/io/netty/netty-codec-http/4.1.30.Final/netty-codec-http-4.1.30.Final.jar:/home/user/.m2/repository/io/netty/netty-codec/4.1.30.Final/netty-codec-4.1.30.Final.jar:/home/user/.m2/repository/io/netty/netty-handler/4.1.30.Final/netty-handler-4.1.30.Final.jar:/home/user/.m2/repository/io/netty/netty-handler-proxy/4.1.30.Final/netty-handler-proxy-4.1.30.Final.jar:/home/user/.m2/repository/io/netty/netty-codec-socks/4.1.30.Final/netty-codec-socks-4.1.30.Final.jar:/home/user/.m2/repository/io/netty/netty-transport-native-epoll/4.1.30.Final/netty-transport-native-epoll-4.1.30.Final.jar:/home/user/.m2/repository/io/netty/netty-common/4.1.30.Final/netty-common-4.1.30.Final.jar:/home/user/.m2/repository/io/netty/netty-buffer/4.1.30.Final/netty-buffer-4.1.30.Final.jar:/home/user/.m2/repository/io/netty/netty-transport/4.1.30.Final/netty-transport-4.1.30.Final.jar:/home/user/.m2/repository/io/netty/netty-resolver/4.1.30.Final/netty-resolver-4.1.30.Final.jar:/home/user/.m2/repository/io/netty/netty-transport-native-unix-common/4.1.30.Final/netty-transport-native-unix-common-4.1.30.Final.jar:/home/user/.m2/repository/io/grpc/grpc-protobuf/1.17.1/grpc-protobuf-1.17.1.jar:/home/user/.m2/repository/com/google/api/grpc/proto-google-common-protos/1.0.0/proto-google-common-protos-1.0.0.jar:/home/user/.m2/repository/io/grpc/grpc-protobuf-lite/1.17.1/grpc-protobuf-lite-1.17.1.jar:/home/user/.m2/repository/io/grpc/grpc-stub/1.17.1/grpc-stub-1.17.1.jar:/home/user/.m2/repository/org/apache/hadoop/hadoop-ozone-recon/0.5.0-SNAPSHOT/hadoop-ozone-recon-0.5.0-SNAPSHOT.jar:/home/user/.m2/repository/org/apache/hadoop/hadoop-ozone-reconcodegen/0.5.0-SNAPSHOT/hadoop-ozone-reconcodegen-0.5.0-SNAPSHOT.jar:/home/user/.m2/repository/com/google/inject/extensions/guice-multibindings/4.0/guice-multibindings-4.0.jar:/home/user/.m2/repository/com/google/inject/guice/4.0/guice-4.0.jar:/home/user/.m2/repository/aopalliance/aopalliance/1.0/aopalliance-1.0.jar:/home/user/.m2/repository/com/google/inject/extensions/guice-servlet/4.0/guice-servlet-4.0.jar:/home/user/.m2/repository/org/glassfish/jersey/containers/jersey-container-servlet/2.27/jersey-container-servlet-2.27.jar:/home/user/.m2/repository/org/glassfish/hk2/guice-bridge/2.5.0/guice-bridge-2.5.0.jar:/home/user/.m2/repository/org/glassfish/jersey/core/jersey-server/2.27/jersey-server-2.27.jar:/home/user/.m2/repository/org/glassfish/jersey/core/jersey-client/2.27/jersey-client-2.27.jar:/home/user/.m2/repository/org/glassfish/jersey/media/jersey-media-jaxb/2.27/jersey-media-jaxb-2.27.jar:/home/user/.m2/repository/javax/validation/validation-api/1.1.0.Final/validation-api-1.1.0.Final.jar:/home/user/.m2/repository/org/glassfish/jersey/media/jersey-media-json-jackson/2.27/jersey-media-json-jackson-2.27.jar:/home/user/.m2/repository/org/glassfish/jersey/ext/jersey-entity-filtering/2.27/jersey-entity-filtering-2.27.jar:/home/user/.m2/repository/com/google/inject/extensions/guice-assistedinject/4.0/guice-assistedinject-4.0.jar:/home/user/.m2/repository/org/jooq/jooq/3.11.10/jooq-3.11.10.jar:/home/user/.m2/repository/org/jooq/jooq-meta/3.11.10/jooq-meta-3.11.10.jar:/home/user/.m2/repository/org/jooq/jooq-codegen/3.11.10/jooq-codegen-3.11.10.jar:/home/user/.m2/repository/com/jolbox/bonecp/0.8.0.RELEASE/bonecp-0.8.0.RELEASE.jar:/home/user/.m2/repository/org/xerial/sqlite-jdbc/3.25.2/sqlite-jdbc-3.25.2.jar:/home/user/.m2/repository/org/springframework/spring-jdbc/5.1.3.RELEASE/spring-jdbc-5.1.3.RELEASE.jar:/home/user/.m2/repository/org/springframework/spring-beans/5.1.3.RELEASE/spring-beans-5.1.3.RELEASE.jar:/home/user/.m2/repository/org/springframework/spring-core/5.1.3.RELEASE/spring-core-5.1.3.RELEASE.jar:/home/user/.m2/repository/org/springframework/spring-jcl/5.1.3.RELEASE/spring-jcl-5.1.3.RELEASE.jar:/home/user/.m2/repository/org/springframework/spring-tx/5.1.3.RELEASE/spring-tx-5.1.3.RELEASE.jar:/home/user/.m2/repository/org/apache/hadoop/hadoop-ozone-client/0.5.0-SNAPSHOT/hadoop-ozone-client-0.5.0-SNAPSHOT.jar:/home/user/.m2/repository/commons-lang/commons-lang/2.6/commons-lang-2.6.jar:/home/user/.m2/repository/org/apache/hadoop/hadoop-ozone-ozone-manager/0.5.0-SNAPSHOT/hadoop-ozone-ozone-manager-0.5.0-SNAPSHOT-tests.jar:/home/user/.m2/repository/junit/junit/4.11/junit-4.11.jar:/home/user/.m2/repository/org/hamcrest/hamcrest-core/1.3/hamcrest-core-1.3.jar:/home/user/.m2/repository/org/openjdk/jmh/jmh-core/1.19/jmh-core-1.19.jar:/home/user/.m2/repository/net/sf/jopt-simple/jopt-simple/4.6/jopt-simple-4.6.jar:/home/user/.m2/repository/org/apache/commons/commons-math3/3.1.1/commons-math3-3.1.1.jar:/home/user/.m2/repository/org/openjdk/jmh/jmh-generator-annprocess/1.19/jmh-generator-annprocess-1.19.jar:/home/user/.m2/repository/org/mockito/mockito-all/1.8.5/mockito-all-1.8.5.jar:/home/user/.m2/repository/org/apache/hadoop/hadoop-kms/3.2.0/hadoop-kms-3.2.0.jar:/home/user/.m2/repository/org/apache/hadoop/hadoop-auth/3.2.0/hadoop-auth-3.2.0.jar:/home/user/.m2/repository/com/nimbusds/nimbus-jose-jwt/4.41.1/nimbus-jose-jwt-4.41.1.jar:/home/user/.m2/repository/com/github/stephenc/jcip/jcip-annotations/1.0-1/jcip-annotations-1.0-1.jar:/home/user/.m2/repository/net/minidev/json-smart/2.3/json-smart-2.3.jar:/home/user/.m2/repository/net/minidev/accessors-smart/1.2/accessors-smart-1.2.jar:/home/user/.m2/repository/org/ow2/asm/asm/5.0.4/asm-5.0.4.jar:/home/user/.m2/repository/org/apache/curator/curator-framework/2.12.0/curator-framework-2.12.0.jar:/home/user/.m2/repository/com/sun/jersey/jersey-core/1.19/jersey-core-1.19.jar:/home/user/.m2/repository/javax/ws/rs/jsr311-api/1.1.1/jsr311-api-1.1.1.jar:/home/user/.m2/repository/com/sun/jersey/jersey-server/1.19/jersey-server-1.19.jar:/home/user/.m2/repository/javax/servlet/javax.servlet-api/3.1.0/javax.servlet-api-3.1.0.jar:/home/user/.m2/repository/org/eclipse/jetty/jetty-server/9.3.25.v20180904/jetty-server-9.3.25.v20180904.jar:/home/user/.m2/repository/org/eclipse/jetty/jetty-http/9.3.25.v20180904/jetty-http-9.3.25.v20180904.jar:/home/user/.m2/repository/org/eclipse/jetty/jetty-io/9.3.25.v20180904/jetty-io-9.3.25.v20180904.jar:/home/user/.m2/repository/org/eclipse/jetty/jetty-webapp/9.3.25.v20180904/jetty-webapp-9.3.25.v20180904.jar:/home/user/.m2/repository/org/eclipse/jetty/jetty-xml/9.3.25.v20180904/jetty-xml-9.3.25.v20180904.jar:/home/user/.m2/repository/log4j/log4j/1.2.17/log4j-1.2.17.jar:/home/user/.m2/repository/org/slf4j/slf4j-api/1.7.25/slf4j-api-1.7.25.jar:/home/user/.m2/repository/org/slf4j/jul-to-slf4j/1.7.25/jul-to-slf4j-1.7.25.jar:/home/user/.m2/repository/org/eclipse/jetty/jetty-util/9.3.25.v20180904/jetty-util-9.3.25.v20180904.jar:/home/user/.m2/repository/com/fasterxml/jackson/core/jackson-databind/2.9.9/jackson-databind-2.9.9.jar:/home/user/.m2/repository/org/apache/hadoop/hadoop-kms/3.2.0/hadoop-kms-3.2.0-tests.jar:/home/user/.m2/repository/org/apache/hadoop/hadoop-hdds-server-scm/0.5.0-SNAPSHOT/hadoop-hdds-server-scm-0.5.0-SNAPSHOT-tests.jar:/home/user/.m2/repository/org/apache/hadoop/hadoop-hdds-container-service/0.5.0-SNAPSHOT/hadoop-hdds-container-service-0.5.0-SNAPSHOT-tests.jar:/home/user/.m2/repository/org/yaml/snakeyaml/1.16/snakeyaml-1.16.jar:/home/user/.m2/repository/org/apache/hadoop/hadoop-common/3.2.0/hadoop-common-3.2.0-tests.jar:/home/user/.m2/repository/org/apache/hadoop/hadoop-annotations/3.2.0/hadoop-annotations-3.2.0.jar:/usr/lib/jvm/java-1.8-openjdk/jre/../lib/tools.jar:/home/user/.m2/repository/commons-cli/commons-cli/1.2/commons-cli-1.2.jar:/home/user/.m2/repository/org/apache/httpcomponents/httpclient/4.5.2/httpclient-4.5.2.jar:/home/user/.m2/repository/org/apache/httpcomponents/httpcore/4.4.4/httpcore-4.4.4.jar:/home/user/.m2/repository/commons-codec/commons-codec/1.11/commons-codec-1.11.jar:/home/user/.m2/repository/commons-net/commons-net/3.6/commons-net-3.6.jar:/home/user/.m2/repository/commons-collections/commons-collections/3.2.2/commons-collections-3.2.2.jar:/home/user/.m2/repository/org/eclipse/jetty/jetty-servlet/9.3.25.v20180904/jetty-servlet-9.3.25.v20180904.jar:/home/user/.m2/repository/org/eclipse/jetty/jetty-security/9.3.25.v20180904/jetty-security-9.3.25.v20180904.jar:/home/user/.m2/repository/javax/servlet/jsp/jsp-api/2.1/jsp-api-2.1.jar:/home/user/.m2/repository/com/sun/jersey/jersey-servlet/1.19/jersey-servlet-1.19.jar:/home/user/.m2/repository/com/sun/jersey/jersey-json/1.19/jersey-json-1.19.jar:/home/user/.m2/repository/org/codehaus/jettison/jettison/1.1/jettison-1.1.jar:/home/user/.m2/repository/org/codehaus/jackson/jackson-core-asl/1.9.13/jackson-core-asl-1.9.13.jar:/home/user/.m2/repository/org/codehaus/jackson/jackson-mapper-asl/1.9.13/jackson-mapper-asl-1.9.13.jar:/home/user/.m2/repository/org/codehaus/jackson/jackson-jaxrs/1.9.13/jackson-jaxrs-1.9.13.jar:/home/user/.m2/repository/org/codehaus/jackson/jackson-xc/1.9.13/jackson-xc-1.9.13.jar:/home/user/.m2/repository/commons-logging/commons-logging/1.1.3/commons-logging-1.1.3.jar:/home/user/.m2/repository/commons-beanutils/commons-beanutils/1.9.4/commons-beanutils-1.9.4.jar:/home/user/.m2/repository/org/apache/commons/commons-configuration2/2.1.1/commons-configuration2-2.1.1.jar:/home/user/.m2/repository/org/apache/commons/commons-lang3/3.7/commons-lang3-3.7.jar:/home/user/.m2/repository/org/apache/commons/commons-text/1.4/commons-text-1.4.jar:/home/user/.m2/repository/org/apache/avro/avro/1.7.7/avro-1.7.7.jar:/home/user/.m2/repository/com/thoughtworks/paranamer/paranamer/2.3/paranamer-2.3.jar:/home/user/.m2/repository/org/xerial/snappy/snappy-java/1.0.5/snappy-java-1.0.5.jar:/home/user/.m2/repository/com/google/re2j/re2j/1.1/re2j-1.1.jar:/home/user/.m2/repository/com/google/code/gson/gson/2.2.4/gson-2.2.4.jar:/home/user/.m2/repository/com/jcraft/jsch/0.1.54/jsch-0.1.54.jar:/home/user/.m2/repository/org/apache/curator/curator-client/2.12.0/curator-client-2.12.0.jar:/home/user/.m2/repository/org/apache/curator/curator-recipes/2.12.0/curator-recipes-2.12.0.jar:/home/user/.m2/repository/com/google/code/findbugs/jsr305/3.0.0/jsr305-3.0.0.jar:/home/user/.m2/repository/org/apache/htrace/htrace-core4/4.1.0-incubating/htrace-core4-4.1.0-incubating.jar:/home/user/.m2/repository/org/apache/zookeeper/zookeeper/3.4.13/zookeeper-3.4.13.jar:/home/user/.m2/repository/jline/jline/0.9.94/jline-0.9.94.jar:/home/user/.m2/repository/org/apache/yetus/audience-annotations/0.5.0/audience-annotations-0.5.0.jar:/home/user/.m2/repository/org/codehaus/woodstox/stax2-api/3.1.4/stax2-api-3.1.4.jar:/home/user/.m2/repository/com/fasterxml/woodstox/woodstox-core/5.0.3/woodstox-core-5.0.3.jar:/home/user/.m2/repository/dnsjava/dnsjava/2.1.7/dnsjava-2.1.7.jar:/home/user/.m2/repository/org/apache/hadoop/hadoop-hdfs/3.2.0/hadoop-hdfs-3.2.0-tests.jar:/home/user/.m2/repository/org/eclipse/jetty/jetty-util-ajax/9.3.25.v20180904/jetty-util-ajax-9.3.25.v20180904.jar:/home/user/.m2/repository/commons-daemon/commons-daemon/1.0.13/commons-daemon-1.0.13.jar:/home/user/.m2/repository/io/netty/netty/3.10.5.Final/netty-3.10.5.Final.jar:/home/user/.m2/repository/io/netty/netty-all/4.0.52.Final/netty-all-4.0.52.Final.jar:/home/user/.m2/repository/org/fusesource/leveldbjni/leveldbjni-all/1.8/leveldbjni-all-1.8.jar:"/>
    <property name="sun.cpu.endian" value="little"/>
    <property name="user.home" value="/home/user"/>
    <property name="user.language" value="en"/>
    <property name="java.specification.vendor" value="Oracle Corporation"/>
    <property name="java.home" value="/usr/lib/jvm/java-1.8-openjdk/jre"/>
    <property name="java.security.krb5.conf" value="/workdir/hadoop-ozone/integration-test/target/test-classes/krb5.conf"/>
    <property name="basedir" value="/workdir/hadoop-ozone/integration-test"/>
    <property name="file.separator" value="/"/>
    <property name="line.separator" value="&#10;"/>
    <property name="java.vm.specification.vendor" value="Oracle Corporation"/>
    <property name="java.specification.name" value="Java Platform API Specification"/>
    <property name="java.awt.graphicsenv" value="sun.awt.X11GraphicsEnvironment"/>
    <property name="surefire.real.class.path" value="/workdir/hadoop-ozone/integration-test/target/surefire/surefirebooter909893044326243808.jar"/>
    <property name="hadoop.log.dir" value="/workdir/hadoop-ozone/integration-test/target/log"/>
    <property name="sun.boot.class.path" value="/usr/lib/jvm/java-1.8-openjdk/jre/lib/resources.jar:/usr/lib/jvm/java-1.8-openjdk/jre/lib/rt.jar:/usr/lib/jvm/java-1.8-openjdk/jre/lib/sunrsasign.jar:/usr/lib/jvm/java-1.8-openjdk/jre/lib/jsse.jar:/usr/lib/jvm/java-1.8-openjdk/jre/lib/jce.jar:/usr/lib/jvm/java-1.8-openjdk/jre/lib/charsets.jar:/usr/lib/jvm/java-1.8-openjdk/jre/lib/jfr.jar:/usr/lib/jvm/java-1.8-openjdk/jre/classes"/>
    <property name="sun.management.compiler" value="HotSpot 64-Bit Tiered Compilers"/>
    <property name="java.runtime.version" value="1.8.0_212-b04"/>
    <property name="java.net.preferIPv4Stack" value="true"/>
    <property name="user.name" value="jenkins1000"/>
    <property name="path.separator" value=":"/>
    <property name="java.security.egd" value="file:///dev/urandom"/>
    <property name="os.version" value="3.10.0-957.12.2.el7.x86_64"/>
    <property name="java.endorsed.dirs" value="/usr/lib/jvm/java-1.8-openjdk/jre/lib/endorsed"/>
    <property name="java.runtime.name" value="OpenJDK Runtime Environment"/>
    <property name="file.encoding" value="UTF-8"/>
    <property name="java.vm.name" value="OpenJDK 64-Bit Server VM"/>
    <property name="test.build.webapps" value=""/>
    <property name="localRepository" value="/home/user/.m2/repository"/>
    <property name="java.vendor.url.bug" value="https://icedtea.classpath.org/bugzilla"/>
    <property name="java.io.tmpdir" value="/tmp"/>
    <property name="require.test.libhadoop" value=""/>
    <property name="java.version" value="1.8.0_212"/>
    <property name="user.dir" value="/workdir/hadoop-ozone/integration-test"/>
    <property name="os.arch" value="amd64"/>
    <property name="java.vm.specification.name" value="Java Virtual Machine Specification"/>
    <property name="test.build.classes" value="/workdir/hadoop-ozone/integration-test/target/test-classes"/>
    <property name="java.awt.printerjob" value="sun.print.PSPrinterJob"/>
    <property name="sun.os.patch.level" value="unknown"/>
    <property name="hadoop.tmp.dir" value="/workdir/hadoop-ozone/integration-test/target/tmp"/>
    <property name="java.library.path" value="/usr/lib/jvm/java-1.8-openjdk/jre/lib/amd64/server:/usr/lib/jvm/java-1.8-openjdk/jre/lib/amd64:/usr/lib/jvm/java-1.8-openjdk/jre/../lib/amd64:/workdir/hadoop-ozone/integration-test/target/native/target/usr/local/lib:/workdir/hadoop-ozone/integration-test/../../hadoop-common-project/hadoop-common/target/native/target/usr/local/lib:/usr/java/packages/lib/amd64:/usr/lib64:/lib64:/lib:/usr/lib"/>
    <property name="java.vm.info" value="mixed mode"/>
    <property name="java.vendor" value="IcedTea"/>
    <property name="java.vm.version" value="25.212-b04"/>
    <property name="java.ext.dirs" value="/usr/lib/jvm/java-1.8-openjdk/jre/lib/ext:/usr/java/packages/lib/ext"/>
    <property name="sun.io.unicode.encoding" value="UnicodeLittle"/>
    <property name="java.class.version" value="52.0"/>
  </properties>
  <testcase name="testWatchForCommitWithKeyWrite" classname="org.apache.hadoop.ozone.client.rpc.TestWatchForCommit" time="88.218"/>
  <testcase name="testWatchForCommitWithSmallerTimeoutValue" classname="org.apache.hadoop.ozone.client.rpc.TestWatchForCommit" time="42.587"/>
  <testcase name="testWatchForCommitForRetryfailure" classname="org.apache.hadoop.ozone.client.rpc.TestWatchForCommit" time="75.269"/>
  <testcase name="testWatchForCommitForGroupMismatchException" classname="org.apache.hadoop.ozone.client.rpc.TestWatchForCommit" time="31.627"/>
  <testcase name="test2WayCommitForTimeoutException" classname="org.apache.hadoop.ozone.client.rpc.TestWatchForCommit" time="22.061">
    <error type="java.util.concurrent.TimeoutException">java.util.concurrent.TimeoutException
	at java.util.concurrent.CompletableFuture.timedGet(CompletableFuture.java:1771)
	at java.util.concurrent.CompletableFuture.get(CompletableFuture.java:1915)
	at org.apache.hadoop.hdds.scm.XceiverClientRatis.watchForCommit(XceiverClientRatis.java:298)
	at org.apache.hadoop.ozone.client.rpc.TestWatchForCommit.test2WayCommitForTimeoutException(TestWatchForCommit.java:391)
	at sun.reflect.NativeMethodAccessorImpl.invoke0(Native Method)
	at sun.reflect.NativeMethodAccessorImpl.invoke(NativeMethodAccessorImpl.java:62)
	at sun.reflect.DelegatingMethodAccessorImpl.invoke(DelegatingMethodAccessorImpl.java:43)
	at java.lang.reflect.Method.invoke(Method.java:498)
	at org.junit.runners.model.FrameworkMethod$1.runReflectiveCall(FrameworkMethod.java:47)
	at org.junit.internal.runners.model.ReflectiveCallable.run(ReflectiveCallable.java:12)
	at org.junit.runners.model.FrameworkMethod.invokeExplosively(FrameworkMethod.java:44)
	at org.junit.internal.runners.statements.InvokeMethod.evaluate(InvokeMethod.java:17)
	at org.junit.runners.ParentRunner.runLeaf(ParentRunner.java:271)
	at org.junit.runners.BlockJUnit4ClassRunner.runChild(BlockJUnit4ClassRunner.java:70)
	at org.junit.runners.BlockJUnit4ClassRunner.runChild(BlockJUnit4ClassRunner.java:50)
	at org.junit.runners.ParentRunner$3.run(ParentRunner.java:238)
	at org.junit.runners.ParentRunner$1.schedule(ParentRunner.java:63)
	at org.junit.runners.ParentRunner.runChildren(ParentRunner.java:236)
	at org.junit.runners.ParentRunner.access$000(ParentRunner.java:53)
	at org.junit.runners.ParentRunner$2.evaluate(ParentRunner.java:229)
	at org.junit.runners.ParentRunner.run(ParentRunner.java:309)
	at org.apache.maven.surefire.junit4.JUnit4Provider.execute(JUnit4Provider.java:365)
	at org.apache.maven.surefire.junit4.JUnit4Provider.executeWithRerun(JUnit4Provider.java:273)
	at org.apache.maven.surefire.junit4.JUnit4Provider.executeTestSet(JUnit4Provider.java:238)
	at org.apache.maven.surefire.junit4.JUnit4Provider.invoke(JUnit4Provider.java:159)
	at org.apache.maven.surefire.booter.ForkedBooter.invokeProviderInSameClassLoader(ForkedBooter.java:384)
	at org.apache.maven.surefire.booter.ForkedBooter.runSuitesInProcess(ForkedBooter.java:345)
	at org.apache.maven.surefire.booter.ForkedBooter.execute(ForkedBooter.java:126)
	at org.apache.maven.surefire.booter.ForkedBooter.main(ForkedBooter.java:418)
</error>
    <system-out><![CDATA[2019-10-03 01:25:56,171 [main] WARN  server.ServerUtils (ServerUtils.java:getScmDbDir(145)) - ozone.scm.db.dirs is not configured. We recommend adding this setting. Falling back to ozone.metadata.dirs instead.
2019-10-03 01:25:56,186 [main] WARN  server.ServerUtils (ServerUtils.java:getScmDbDir(145)) - ozone.scm.db.dirs is not configured. We recommend adding this setting. Falling back to ozone.metadata.dirs instead.
2019-10-03 01:25:56,186 [main] WARN  server.ServerUtils (ServerUtils.java:getScmDbDir(145)) - ozone.scm.db.dirs is not configured. We recommend adding this setting. Falling back to ozone.metadata.dirs instead.
2019-10-03 01:25:56,187 [main] INFO  db.DBStoreBuilder (DBStoreBuilder.java:addTable(110)) - using custom profile for table: deletedBlocks
2019-10-03 01:25:56,187 [main] INFO  db.DBStoreBuilder (DBStoreBuilder.java:processTables(161)) - Using default column profile:DBProfile.DISK for Table:deletedBlocks
2019-10-03 01:25:56,187 [main] INFO  db.DBStoreBuilder (DBStoreBuilder.java:addTable(110)) - using custom profile for table: validCerts
2019-10-03 01:25:56,187 [main] INFO  db.DBStoreBuilder (DBStoreBuilder.java:processTables(161)) - Using default column profile:DBProfile.DISK for Table:validCerts
2019-10-03 01:25:56,188 [main] INFO  db.DBStoreBuilder (DBStoreBuilder.java:addTable(110)) - using custom profile for table: revokedCerts
2019-10-03 01:25:56,188 [main] INFO  db.DBStoreBuilder (DBStoreBuilder.java:processTables(161)) - Using default column profile:DBProfile.DISK for Table:revokedCerts
2019-10-03 01:25:56,188 [main] INFO  db.DBStoreBuilder (DBStoreBuilder.java:addTable(110)) - using custom profile for table: default
2019-10-03 01:25:56,188 [main] INFO  db.DBStoreBuilder (DBStoreBuilder.java:processTables(167)) - Using default column profile:DBProfile.DISK for Table:default
2019-10-03 01:25:56,189 [main] INFO  db.DBStoreBuilder (DBStoreBuilder.java:getDbProfile(198)) - Using default options. DBProfile.DISK
2019-10-03 01:25:56,335 [main] INFO  net.NodeSchemaLoader (NodeSchemaLoader.java:loadSchemaFromFile(125)) - Loading file from sun.misc.CompoundEnumeration@3b35798
2019-10-03 01:25:56,336 [main] INFO  net.NodeSchemaLoader (NodeSchemaLoader.java:loadSchema(171)) - Loading network topology layer schema file
2019-10-03 01:25:56,340 [main] WARN  server.ServerUtils (ServerUtils.java:sanitizeUserArgs(70)) - ozone.scm.stale.node.interval value = 300000 is larger than max = 100000 based on the key value of ozone.scm.heartbeat.thread.interval, reset to the max value 100000.
2019-10-03 01:25:56,340 [main] WARN  server.ServerUtils (ServerUtils.java:sanitizeUserArgs(70)) - ozone.scm.stale.node.interval value = 300000 is larger than max = 100000 based on the key value of ozone.scm.heartbeat.thread.interval, reset to the max value 100000.
2019-10-03 01:25:56,341 [main] INFO  node.SCMNodeManager (SCMNodeManager.java:<init>(114)) - Entering startup safe mode.
2019-10-03 01:25:56,341 [main] INFO  algorithms.ContainerPlacementPolicyFactory (ContainerPlacementPolicyFactory.java:getPolicy(57)) - Create container placement policy of type org.apache.hadoop.hdds.scm.container.placement.algorithms.SCMContainerPlacementRandom
2019-10-03 01:25:56,342 [main] WARN  server.ServerUtils (ServerUtils.java:getScmDbDir(145)) - ozone.scm.db.dirs is not configured. We recommend adding this setting. Falling back to ozone.metadata.dirs instead.
2019-10-03 01:25:56,388 [main] INFO  pipeline.SCMPipelineManager (SCMPipelineManager.java:initializePipelineState(132)) - No pipeline exists in current db
2019-10-03 01:25:56,389 [main] WARN  server.ServerUtils (ServerUtils.java:getScmDbDir(145)) - ozone.scm.db.dirs is not configured. We recommend adding this setting. Falling back to ozone.metadata.dirs instead.
2019-10-03 01:25:56,437 [main] WARN  events.EventQueue (EventQueue.java:fireEvent(183)) - No event handler registered for event TypedEvent{payloadType=SafeModeStatus, name='SafeModeStatus'}
2019-10-03 01:25:56,438 [main] INFO  ipc.CallQueueManager (CallQueueManager.java:<init>(84)) - Using callQueue: class java.util.concurrent.LinkedBlockingQueue, queueCapacity: 2000, scheduler: class org.apache.hadoop.ipc.DefaultRpcScheduler, ipcBackoff: false.
2019-10-03 01:25:56,439 [Socket Reader #1 for port 41044] INFO  ipc.Server (Server.java:run(1074)) - Starting Socket Reader #1 for port 41044
2019-10-03 01:25:56,441 [main] INFO  ipc.CallQueueManager (CallQueueManager.java:<init>(84)) - Using callQueue: class java.util.concurrent.LinkedBlockingQueue, queueCapacity: 2000, scheduler: class org.apache.hadoop.ipc.DefaultRpcScheduler, ipcBackoff: false.
2019-10-03 01:25:56,442 [Socket Reader #1 for port 46069] INFO  ipc.Server (Server.java:run(1074)) - Starting Socket Reader #1 for port 46069
2019-10-03 01:25:56,443 [main] INFO  ipc.CallQueueManager (CallQueueManager.java:<init>(84)) - Using callQueue: class java.util.concurrent.LinkedBlockingQueue, queueCapacity: 2000, scheduler: class org.apache.hadoop.ipc.DefaultRpcScheduler, ipcBackoff: false.
2019-10-03 01:25:56,444 [Socket Reader #1 for port 45110] INFO  ipc.Server (Server.java:run(1074)) - Starting Socket Reader #1 for port 45110
2019-10-03 01:25:56,447 [main] INFO  hdfs.DFSUtil (DFSUtil.java:httpServerTemplateForNNAndJN(1641)) - Starting Web-server for scm at: http://0.0.0.0:0
2019-10-03 01:25:56,450 [main] INFO  server.AuthenticationFilter (AuthenticationFilter.java:constructSecretProvider(240)) - Unable to initialize FileSignerSecretProvider, falling back to use random secrets.
2019-10-03 01:25:56,450 [main] WARN  http.HttpRequestLog (HttpRequestLog.java:getRequestLog(97)) - Jetty request log can only be enabled using Log4j
2019-10-03 01:25:56,452 [main] INFO  http.HttpServer2 (HttpServer2.java:addGlobalFilter(975)) - Added global filter 'safety' (class=org.apache.hadoop.http.HttpServer2$QuotingInputFilter)
2019-10-03 01:25:56,452 [main] INFO  http.HttpServer2 (HttpServer2.java:addFilter(948)) - Added filter static_user_filter (class=org.apache.hadoop.http.lib.StaticUserWebFilter$StaticUserFilter) to context scm
2019-10-03 01:25:56,453 [main] INFO  http.HttpServer2 (HttpServer2.java:addFilter(958)) - Added filter static_user_filter (class=org.apache.hadoop.http.lib.StaticUserWebFilter$StaticUserFilter) to context logs
2019-10-03 01:25:56,453 [main] INFO  http.HttpServer2 (HttpServer2.java:addFilter(958)) - Added filter static_user_filter (class=org.apache.hadoop.http.lib.StaticUserWebFilter$StaticUserFilter) to context static
2019-10-03 01:25:56,454 [main] INFO  server.StorageContainerManager (StorageContainerManager.java:start(770)) - StorageContainerLocationProtocol RPC server is listening at /0.0.0.0:45110
2019-10-03 01:25:56,456 [main] WARN  impl.MetricsConfig (MetricsConfig.java:loadFirst(134)) - Cannot locate configuration: tried hadoop-metrics2-storagecontainermanager.properties,hadoop-metrics2.properties
2019-10-03 01:25:56,457 [main] INFO  impl.MetricsSystemImpl (MetricsSystemImpl.java:startTimer(374)) - Scheduled Metric snapshot period at 10 second(s).
2019-10-03 01:25:56,457 [main] INFO  impl.MetricsSystemImpl (MetricsSystemImpl.java:start(191)) - StorageContainerManager metrics system started
2019-10-03 01:25:56,531 [main] WARN  impl.MetricsSystemImpl (MetricsSystemImpl.java:register(276)) - Sink prometheus already exists!
2019-10-03 01:25:56,623 [main] INFO  server.SCMClientProtocolServer (SCMClientProtocolServer.java:start(150)) - RPC server for Client  is listening at /0.0.0.0:45110
2019-10-03 01:25:56,623 [IPC Server Responder] INFO  ipc.Server (Server.java:run(1314)) - IPC Server Responder: starting
2019-10-03 01:25:56,623 [IPC Server listener on 45110] INFO  ipc.Server (Server.java:run(1153)) - IPC Server listener on 45110: starting
2019-10-03 01:25:56,628 [main] INFO  server.StorageContainerManager (StorageContainerManager.java:start(780)) - ScmBlockLocationProtocol RPC server is listening at /0.0.0.0:46069
2019-10-03 01:25:56,629 [main] INFO  server.SCMBlockProtocolServer (SCMBlockProtocolServer.java:start(146)) - RPC server for Block Protocol is listening at /0.0.0.0:46069
2019-10-03 01:25:56,629 [IPC Server Responder] INFO  ipc.Server (Server.java:run(1314)) - IPC Server Responder: starting
2019-10-03 01:25:56,629 [IPC Server listener on 46069] INFO  ipc.Server (Server.java:run(1153)) - IPC Server listener on 46069: starting
2019-10-03 01:25:56,640 [main] INFO  server.StorageContainerManager (StorageContainerManager.java:start(784)) - ScmDatanodeProtocl RPC server is listening at /0.0.0.0:41044
2019-10-03 01:25:56,640 [main] INFO  server.SCMDatanodeProtocolServer (SCMDatanodeProtocolServer.java:start(191)) - RPC server for DataNodes is listening at /0.0.0.0:41044
2019-10-03 01:25:56,640 [IPC Server Responder] INFO  ipc.Server (Server.java:run(1314)) - IPC Server Responder: starting
2019-10-03 01:25:56,641 [IPC Server listener on 41044] INFO  ipc.Server (Server.java:run(1153)) - IPC Server listener on 41044: starting
2019-10-03 01:25:56,645 [main] INFO  http.HttpServer2 (HttpServer2.java:bindListener(1191)) - Jetty bound to port 41332
2019-10-03 01:25:56,645 [main] INFO  server.Server (Server.java:doStart(351)) - jetty-9.3.25.v20180904, build timestamp: 2018-09-04T21:11:46Z, git hash: 3ce520221d0240229c862b122d2b06c12a625732
2019-10-03 01:25:56,648 [main] INFO  handler.ContextHandler (ContextHandler.java:doStart(781)) - Started o.e.j.s.ServletContextHandler@42fc4ac4{/logs,file:///workdir/hadoop-ozone/integration-test/target/log,AVAILABLE}
2019-10-03 01:25:56,648 [main] INFO  handler.ContextHandler (ContextHandler.java:doStart(781)) - Started o.e.j.s.ServletContextHandler@29962b2f{/static,file:///workdir/hadoop-ozone/integration-test/target/test-classes/webapps/static,AVAILABLE}
2019-10-03 01:25:56,654 [main] INFO  handler.ContextHandler (ContextHandler.java:doStart(781)) - Started o.e.j.w.WebAppContext@34045582{/,file:///workdir/hadoop-ozone/integration-test/target/test-classes/webapps/scm/,AVAILABLE}{/scm}
2019-10-03 01:25:56,654 [main] INFO  server.AbstractConnector (AbstractConnector.java:doStart(278)) - Started ServerConnector@3db65c0d{HTTP/1.1,[http/1.1]}{0.0.0.0:41332}
2019-10-03 01:25:56,656 [main] INFO  server.Server (Server.java:doStart(419)) - Started @238615ms
2019-10-03 01:25:56,656 [main] WARN  impl.MetricsSystemImpl (MetricsSystemImpl.java:register(276)) - Sink prometheus already exists!
2019-10-03 01:25:56,658 [main] INFO  server.BaseHttpServer (BaseHttpServer.java:updateConnectorAddress(215)) - HTTP server of SCM is listening at http://0.0.0.0:41332
2019-10-03 01:25:56,658 [main] WARN  server.ServerUtils (ServerUtils.java:getDBPath(222)) - ozone.om.db.dirs is not configured. We recommend adding this setting. Falling back to ozone.metadata.dirs instead.
2019-10-03 01:25:56,660 [org.apache.hadoop.util.JvmPauseMonitor$Monitor@8c43966] INFO  util.JvmPauseMonitor (JvmPauseMonitor.java:run(188)) - Starting JVM pause monitor
2019-10-03 01:25:56,673 [main] WARN  server.ServerUtils (ServerUtils.java:getDBPath(222)) - ozone.om.db.dirs is not configured. We recommend adding this setting. Falling back to ozone.metadata.dirs instead.
2019-10-03 01:25:56,673 [main] WARN  server.ServerUtils (ServerUtils.java:getDBPath(222)) - ozone.om.db.dirs is not configured. We recommend adding this setting. Falling back to ozone.metadata.dirs instead.
2019-10-03 01:25:56,673 [main] INFO  om.OzoneManager (OzoneManager.java:setOMNodeDetails(652)) - OM Service ID is not set. Setting it to the default ID: omServiceIdDefault
2019-10-03 01:25:56,673 [main] INFO  om.OzoneManager (OzoneManager.java:setOMNodeDetails(658)) - OM Node ID is not set. Setting it to the OmStorage's OmID: 48dd122f-ed65-4e7a-b7a9-16c817237dfb
2019-10-03 01:25:56,673 [main] INFO  om.OzoneManager (OzoneManager.java:loadOMHAConfigs(609)) - Found matching OM address with OMServiceId: null, OMNodeId: null, RPC Address: localhost:0 and Ratis port: 9872
2019-10-03 01:25:56,681 [main] WARN  server.ServerUtils (ServerUtils.java:getDBPath(222)) - ozone.om.db.dirs is not configured. We recommend adding this setting. Falling back to ozone.metadata.dirs instead.
2019-10-03 01:25:56,681 [main] INFO  db.DBStoreBuilder (DBStoreBuilder.java:addTable(110)) - using custom profile for table: userTable
2019-10-03 01:25:56,681 [main] INFO  db.DBStoreBuilder (DBStoreBuilder.java:processTables(161)) - Using default column profile:DBProfile.DISK for Table:userTable
2019-10-03 01:25:56,682 [main] INFO  db.DBStoreBuilder (DBStoreBuilder.java:addTable(110)) - using custom profile for table: volumeTable
2019-10-03 01:25:56,682 [main] INFO  db.DBStoreBuilder (DBStoreBuilder.java:processTables(161)) - Using default column profile:DBProfile.DISK for Table:volumeTable
2019-10-03 01:25:56,682 [main] INFO  db.DBStoreBuilder (DBStoreBuilder.java:addTable(110)) - using custom profile for table: bucketTable
2019-10-03 01:25:56,682 [main] INFO  db.DBStoreBuilder (DBStoreBuilder.java:processTables(161)) - Using default column profile:DBProfile.DISK for Table:bucketTable
2019-10-03 01:25:56,682 [main] INFO  db.DBStoreBuilder (DBStoreBuilder.java:addTable(110)) - using custom profile for table: keyTable
2019-10-03 01:25:56,683 [main] INFO  db.DBStoreBuilder (DBStoreBuilder.java:processTables(161)) - Using default column profile:DBProfile.DISK for Table:keyTable
2019-10-03 01:25:56,683 [main] INFO  db.DBStoreBuilder (DBStoreBuilder.java:addTable(110)) - using custom profile for table: deletedTable
2019-10-03 01:25:56,683 [main] INFO  db.DBStoreBuilder (DBStoreBuilder.java:processTables(161)) - Using default column profile:DBProfile.DISK for Table:deletedTable
2019-10-03 01:25:56,683 [main] INFO  db.DBStoreBuilder (DBStoreBuilder.java:addTable(110)) - using custom profile for table: openKeyTable
2019-10-03 01:25:56,683 [main] INFO  db.DBStoreBuilder (DBStoreBuilder.java:processTables(161)) - Using default column profile:DBProfile.DISK for Table:openKeyTable
2019-10-03 01:25:56,683 [main] INFO  db.DBStoreBuilder (DBStoreBuilder.java:addTable(110)) - using custom profile for table: s3Table
2019-10-03 01:25:56,684 [main] INFO  db.DBStoreBuilder (DBStoreBuilder.java:processTables(161)) - Using default column profile:DBProfile.DISK for Table:s3Table
2019-10-03 01:25:56,684 [main] INFO  db.DBStoreBuilder (DBStoreBuilder.java:addTable(110)) - using custom profile for table: multipartInfoTable
2019-10-03 01:25:56,684 [main] INFO  db.DBStoreBuilder (DBStoreBuilder.java:processTables(161)) - Using default column profile:DBProfile.DISK for Table:multipartInfoTable
2019-10-03 01:25:56,684 [main] INFO  db.DBStoreBuilder (DBStoreBuilder.java:addTable(110)) - using custom profile for table: dTokenTable
2019-10-03 01:25:56,684 [main] INFO  db.DBStoreBuilder (DBStoreBuilder.java:processTables(161)) - Using default column profile:DBProfile.DISK for Table:dTokenTable
2019-10-03 01:25:56,684 [main] INFO  db.DBStoreBuilder (DBStoreBuilder.java:addTable(110)) - using custom profile for table: s3SecretTable
2019-10-03 01:25:56,684 [main] INFO  db.DBStoreBuilder (DBStoreBuilder.java:processTables(161)) - Using default column profile:DBProfile.DISK for Table:s3SecretTable
2019-10-03 01:25:56,685 [main] INFO  db.DBStoreBuilder (DBStoreBuilder.java:addTable(110)) - using custom profile for table: prefixTable
2019-10-03 01:25:56,685 [main] INFO  db.DBStoreBuilder (DBStoreBuilder.java:processTables(161)) - Using default column profile:DBProfile.DISK for Table:prefixTable
2019-10-03 01:25:56,685 [main] INFO  db.DBStoreBuilder (DBStoreBuilder.java:addTable(110)) - using custom profile for table: default
2019-10-03 01:25:56,685 [main] INFO  db.DBStoreBuilder (DBStoreBuilder.java:processTables(167)) - Using default column profile:DBProfile.DISK for Table:default
2019-10-03 01:25:56,685 [main] INFO  db.DBStoreBuilder (DBStoreBuilder.java:getDbProfile(198)) - Using default options. DBProfile.DISK
2019-10-03 01:25:57,182 [main] INFO  ipc.CallQueueManager (CallQueueManager.java:<init>(84)) - Using callQueue: class java.util.concurrent.LinkedBlockingQueue, queueCapacity: 2000, scheduler: class org.apache.hadoop.ipc.DefaultRpcScheduler, ipcBackoff: false.
2019-10-03 01:25:57,183 [Socket Reader #1 for port 43561] INFO  ipc.Server (Server.java:run(1074)) - Starting Socket Reader #1 for port 43561
2019-10-03 01:25:57,194 [main] INFO  om.OzoneManager (OzoneManager.java:start(1243)) - OzoneManager RPC server is listening at localhost/127.0.0.1:43561
2019-10-03 01:25:57,194 [main] INFO  impl.MetricsSystemImpl (MetricsSystemImpl.java:init(158)) - OzoneManager metrics system started (again)
2019-10-03 01:25:57,195 [IPC Server Responder] INFO  ipc.Server (Server.java:run(1314)) - IPC Server Responder: starting
2019-10-03 01:25:57,197 [IPC Server listener on 43561] INFO  ipc.Server (Server.java:run(1153)) - IPC Server listener on 43561: starting
2019-10-03 01:25:57,202 [main] INFO  hdfs.DFSUtil (DFSUtil.java:httpServerTemplateForNNAndJN(1641)) - Starting Web-server for ozoneManager at: http://0.0.0.0:0
2019-10-03 01:25:57,203 [main] INFO  server.AuthenticationFilter (AuthenticationFilter.java:constructSecretProvider(240)) - Unable to initialize FileSignerSecretProvider, falling back to use random secrets.
2019-10-03 01:25:57,204 [main] WARN  http.HttpRequestLog (HttpRequestLog.java:getRequestLog(97)) - Jetty request log can only be enabled using Log4j
2019-10-03 01:25:57,205 [main] INFO  http.HttpServer2 (HttpServer2.java:addGlobalFilter(975)) - Added global filter 'safety' (class=org.apache.hadoop.http.HttpServer2$QuotingInputFilter)
2019-10-03 01:25:57,206 [main] INFO  http.HttpServer2 (HttpServer2.java:addFilter(948)) - Added filter static_user_filter (class=org.apache.hadoop.http.lib.StaticUserWebFilter$StaticUserFilter) to context ozoneManager
2019-10-03 01:25:57,206 [main] INFO  http.HttpServer2 (HttpServer2.java:addFilter(958)) - Added filter static_user_filter (class=org.apache.hadoop.http.lib.StaticUserWebFilter$StaticUserFilter) to context logs
2019-10-03 01:25:57,206 [main] INFO  http.HttpServer2 (HttpServer2.java:addFilter(958)) - Added filter static_user_filter (class=org.apache.hadoop.http.lib.StaticUserWebFilter$StaticUserFilter) to context static
2019-10-03 01:25:57,207 [main] INFO  http.HttpServer2 (HttpServer2.java:bindListener(1191)) - Jetty bound to port 33313
2019-10-03 01:25:57,207 [main] INFO  server.Server (Server.java:doStart(351)) - jetty-9.3.25.v20180904, build timestamp: 2018-09-04T21:11:46Z, git hash: 3ce520221d0240229c862b122d2b06c12a625732
2019-10-03 01:25:57,209 [main] INFO  handler.ContextHandler (ContextHandler.java:doStart(781)) - Started o.e.j.s.ServletContextHandler@706f6d26{/logs,file:///workdir/hadoop-ozone/integration-test/target/log,AVAILABLE}
2019-10-03 01:25:57,210 [main] INFO  handler.ContextHandler (ContextHandler.java:doStart(781)) - Started o.e.j.s.ServletContextHandler@6af65f29{/static,file:///workdir/hadoop-ozone/integration-test/target/test-classes/webapps/static,AVAILABLE}
2019-10-03 01:25:57,214 [main] INFO  handler.ContextHandler (ContextHandler.java:doStart(781)) - Started o.e.j.w.WebAppContext@5287ba5f{/,file:///workdir/hadoop-ozone/integration-test/target/test-classes/webapps/ozoneManager/,AVAILABLE}{/ozoneManager}
2019-10-03 01:25:57,214 [main] INFO  server.AbstractConnector (AbstractConnector.java:doStart(278)) - Started ServerConnector@b768a65{HTTP/1.1,[http/1.1]}{0.0.0.0:33313}
2019-10-03 01:25:57,215 [main] INFO  server.Server (Server.java:doStart(419)) - Started @239174ms
2019-10-03 01:25:57,216 [main] WARN  impl.MetricsSystemImpl (MetricsSystemImpl.java:register(276)) - Sink prometheus already exists!
2019-10-03 01:25:57,216 [main] INFO  server.BaseHttpServer (BaseHttpServer.java:updateConnectorAddress(215)) - HTTP server of OZONEMANAGER is listening at http://0.0.0.0:33313
2019-10-03 01:25:57,232 [main] INFO  impl.MetricsSystemImpl (MetricsSystemImpl.java:init(158)) - HddsDatanode metrics system started (again)
2019-10-03 01:25:57,236 [main] INFO  ozone.HddsDatanodeService (HddsDatanodeService.java:start(184)) - HddsDatanodeService host:pr-hdds-1737-89jld-2007629010 ip:192.168.164.205
2019-10-03 01:25:57,241 [main] INFO  volume.HddsVolume (HddsVolume.java:<init>(176)) - Creating Volume: /workdir/hadoop-ozone/integration-test/target/test-dir/MiniOzoneClusterImpl-1f623d21-a207-44f0-9427-f0c326439107/datanode-0/data/containers/hdds of  storage type : DISK and capacity : 1482555576320
2019-10-03 01:25:57,242 [main] INFO  volume.VolumeSet (VolumeSet.java:initializeVolumeSet(170)) - Added Volume : /workdir/hadoop-ozone/integration-test/target/test-dir/MiniOzoneClusterImpl-1f623d21-a207-44f0-9427-f0c326439107/datanode-0/data/containers/hdds to VolumeSet
2019-10-03 01:25:57,242 [main] INFO  volume.ThrottledAsyncChecker (ThrottledAsyncChecker.java:schedule(139)) - Scheduling a check for org.apache.hadoop.ozone.container.common.volume.HddsVolume@53dd42d6
2019-10-03 01:25:57,243 [main] INFO  volume.HddsVolumeChecker (HddsVolumeChecker.java:checkAllVolumes(202)) - Scheduled health check for volume org.apache.hadoop.ozone.container.common.volume.HddsVolume@53dd42d6
2019-10-03 01:25:57,260 [main] INFO  impl.RaftServerProxy (ConfUtils.java:logGet(43)) - raft.rpc.type = GRPC (default)
2019-10-03 01:25:57,261 [main] INFO  grpc.GrpcFactory (GrpcFactory.java:checkPooledByteBufAllocatorUseCacheForAllThreads(45)) - PERFORMANCE WARNING: useCacheForAllThreads is true that may cause Netty to create a lot garbage objects and, as a result, trigger GC.
	It is recommended to disable useCacheForAllThreads by setting -Dorg.apache.ratis.thirdparty.io.netty.allocator.useCacheForAllThreads=false in command line.
2019-10-03 01:25:57,261 [main] INFO  grpc.GrpcConfigKeys$Server (ConfUtils.java:logGet(43)) - raft.grpc.server.port = 0 (default)
2019-10-03 01:25:57,261 [main] INFO  server.GrpcService (ConfUtils.java:logGet(43)) - raft.grpc.message.size.max = 33570816 (custom)
2019-10-03 01:25:57,261 [main] INFO  server.RaftServerConfigKeys (ConfUtils.java:logGet(43)) - raft.server.log.appender.buffer.byte-limit = 33554432 (custom)
2019-10-03 01:25:57,261 [main] INFO  server.GrpcService (ConfUtils.java:logGet(43)) - raft.grpc.flow.control.window = 1MB (=1048576) (default)
2019-10-03 01:25:57,262 [main] INFO  server.RaftServerConfigKeys (ConfUtils.java:logGet(43)) - raft.server.rpc.request.timeout = 3000ms (default)
2019-10-03 01:25:57,262 [main] INFO  server.RaftServerConfigKeys (ConfUtils.java:logGet(43)) - raft.server.storage.dir = [/workdir/hadoop-ozone/integration-test/target/test-dir/MiniOzoneClusterImpl-1f623d21-a207-44f0-9427-f0c326439107/datanode-0/data/ratis] (custom)
2019-10-03 01:25:57,264 [main] INFO  hdfs.DFSUtil (DFSUtil.java:httpServerTemplateForNNAndJN(1641)) - Starting Web-server for hddsDatanode at: http://0.0.0.0:0
2019-10-03 01:25:57,265 [main] INFO  server.AuthenticationFilter (AuthenticationFilter.java:constructSecretProvider(240)) - Unable to initialize FileSignerSecretProvider, falling back to use random secrets.
2019-10-03 01:25:57,266 [main] WARN  http.HttpRequestLog (HttpRequestLog.java:getRequestLog(97)) - Jetty request log can only be enabled using Log4j
2019-10-03 01:25:57,267 [main] INFO  http.HttpServer2 (HttpServer2.java:addGlobalFilter(975)) - Added global filter 'safety' (class=org.apache.hadoop.http.HttpServer2$QuotingInputFilter)
2019-10-03 01:25:57,267 [main] INFO  http.HttpServer2 (HttpServer2.java:addFilter(948)) - Added filter static_user_filter (class=org.apache.hadoop.http.lib.StaticUserWebFilter$StaticUserFilter) to context hddsDatanode
2019-10-03 01:25:57,268 [main] INFO  http.HttpServer2 (HttpServer2.java:addFilter(958)) - Added filter static_user_filter (class=org.apache.hadoop.http.lib.StaticUserWebFilter$StaticUserFilter) to context static
2019-10-03 01:25:57,268 [main] INFO  http.HttpServer2 (HttpServer2.java:addFilter(958)) - Added filter static_user_filter (class=org.apache.hadoop.http.lib.StaticUserWebFilter$StaticUserFilter) to context logs
2019-10-03 01:25:57,268 [main] INFO  http.HttpServer2 (HttpServer2.java:bindListener(1191)) - Jetty bound to port 39469
2019-10-03 01:25:57,269 [main] INFO  server.Server (Server.java:doStart(351)) - jetty-9.3.25.v20180904, build timestamp: 2018-09-04T21:11:46Z, git hash: 3ce520221d0240229c862b122d2b06c12a625732
2019-10-03 01:25:57,270 [main] INFO  handler.ContextHandler (ContextHandler.java:doStart(781)) - Started o.e.j.s.ServletContextHandler@299b9851{/logs,file:///workdir/hadoop-ozone/integration-test/target/log,AVAILABLE}
2019-10-03 01:25:57,270 [main] INFO  handler.ContextHandler (ContextHandler.java:doStart(781)) - Started o.e.j.s.ServletContextHandler@67328bcb{/static,jar:file:/home/user/.m2/repository/org/apache/hadoop/hadoop-hdds-container-service/0.5.0-SNAPSHOT/hadoop-hdds-container-service-0.5.0-SNAPSHOT.jar!/webapps/static,AVAILABLE}
2019-10-03 01:25:57,300 [main] INFO  handler.ContextHandler (ContextHandler.java:doStart(781)) - Started o.e.j.w.WebAppContext@281b2dfd{/,file:///tmp/jetty-0.0.0.0-39469-hddsDatanode-_-any-6983604445041379380.dir/webapp/,AVAILABLE}{/hddsDatanode}
2019-10-03 01:25:57,300 [main] INFO  server.AbstractConnector (AbstractConnector.java:doStart(278)) - Started ServerConnector@492be039{HTTP/1.1,[http/1.1]}{0.0.0.0:39469}
2019-10-03 01:25:57,302 [main] INFO  server.Server (Server.java:doStart(419)) - Started @239261ms
2019-10-03 01:25:57,302 [main] WARN  impl.MetricsSystemImpl (MetricsSystemImpl.java:register(276)) - Sink prometheus already exists!
2019-10-03 01:25:57,303 [main] INFO  server.BaseHttpServer (BaseHttpServer.java:updateConnectorAddress(215)) - HTTP server of HDDSDATANODE is listening at http://0.0.0.0:39469
2019-10-03 01:25:57,303 [main] INFO  impl.MetricsSystemImpl (MetricsSystemImpl.java:init(158)) - HddsDatanode metrics system started (again)
2019-10-03 01:25:57,307 [org.apache.hadoop.util.JvmPauseMonitor$Monitor@2a6027ed] INFO  util.JvmPauseMonitor (JvmPauseMonitor.java:run(188)) - Starting JVM pause monitor
2019-10-03 01:25:57,308 [main] INFO  ozone.HddsDatanodeService (HddsDatanodeService.java:start(184)) - HddsDatanodeService host:pr-hdds-1737-89jld-2007629010 ip:192.168.164.205
2019-10-03 01:25:57,309 [Datanode State Machine Thread - 0] INFO  datanode.InitDatanodeState (InitDatanodeState.java:persistContainerDatanodeDetails(140)) - DatanodeDetails is persisted to /workdir/hadoop-ozone/integration-test/target/test-dir/MiniOzoneClusterImpl-1f623d21-a207-44f0-9427-f0c326439107/datanode-0/meta/datanode.id
2019-10-03 01:25:57,314 [main] INFO  volume.HddsVolume (HddsVolume.java:<init>(176)) - Creating Volume: /workdir/hadoop-ozone/integration-test/target/test-dir/MiniOzoneClusterImpl-1f623d21-a207-44f0-9427-f0c326439107/datanode-1/data/containers/hdds of  storage type : DISK and capacity : 1482555576320
2019-10-03 01:25:57,314 [main] INFO  volume.VolumeSet (VolumeSet.java:initializeVolumeSet(170)) - Added Volume : /workdir/hadoop-ozone/integration-test/target/test-dir/MiniOzoneClusterImpl-1f623d21-a207-44f0-9427-f0c326439107/datanode-1/data/containers/hdds to VolumeSet
2019-10-03 01:25:57,314 [main] INFO  volume.ThrottledAsyncChecker (ThrottledAsyncChecker.java:schedule(139)) - Scheduling a check for org.apache.hadoop.ozone.container.common.volume.HddsVolume@4f114b
2019-10-03 01:25:57,314 [main] INFO  volume.HddsVolumeChecker (HddsVolumeChecker.java:checkAllVolumes(202)) - Scheduled health check for volume org.apache.hadoop.ozone.container.common.volume.HddsVolume@4f114b
2019-10-03 01:25:57,328 [main] INFO  impl.RaftServerProxy (ConfUtils.java:logGet(43)) - raft.rpc.type = GRPC (default)
2019-10-03 01:25:57,328 [main] INFO  grpc.GrpcFactory (GrpcFactory.java:checkPooledByteBufAllocatorUseCacheForAllThreads(45)) - PERFORMANCE WARNING: useCacheForAllThreads is true that may cause Netty to create a lot garbage objects and, as a result, trigger GC.
	It is recommended to disable useCacheForAllThreads by setting -Dorg.apache.ratis.thirdparty.io.netty.allocator.useCacheForAllThreads=false in command line.
2019-10-03 01:25:57,328 [main] INFO  grpc.GrpcConfigKeys$Server (ConfUtils.java:logGet(43)) - raft.grpc.server.port = 0 (default)
2019-10-03 01:25:57,329 [main] INFO  server.GrpcService (ConfUtils.java:logGet(43)) - raft.grpc.message.size.max = 33570816 (custom)
2019-10-03 01:25:57,329 [main] INFO  server.RaftServerConfigKeys (ConfUtils.java:logGet(43)) - raft.server.log.appender.buffer.byte-limit = 33554432 (custom)
2019-10-03 01:25:57,329 [main] INFO  server.GrpcService (ConfUtils.java:logGet(43)) - raft.grpc.flow.control.window = 1MB (=1048576) (default)
2019-10-03 01:25:57,329 [main] INFO  server.RaftServerConfigKeys (ConfUtils.java:logGet(43)) - raft.server.rpc.request.timeout = 3000ms (default)
2019-10-03 01:25:57,330 [main] INFO  server.RaftServerConfigKeys (ConfUtils.java:logGet(43)) - raft.server.storage.dir = [/workdir/hadoop-ozone/integration-test/target/test-dir/MiniOzoneClusterImpl-1f623d21-a207-44f0-9427-f0c326439107/datanode-1/data/ratis] (custom)
2019-10-03 01:25:57,330 [main] INFO  hdfs.DFSUtil (DFSUtil.java:httpServerTemplateForNNAndJN(1641)) - Starting Web-server for hddsDatanode at: http://0.0.0.0:0
2019-10-03 01:25:57,332 [main] INFO  server.AuthenticationFilter (AuthenticationFilter.java:constructSecretProvider(240)) - Unable to initialize FileSignerSecretProvider, falling back to use random secrets.
2019-10-03 01:25:57,332 [main] WARN  http.HttpRequestLog (HttpRequestLog.java:getRequestLog(97)) - Jetty request log can only be enabled using Log4j
2019-10-03 01:25:57,334 [main] INFO  http.HttpServer2 (HttpServer2.java:addGlobalFilter(975)) - Added global filter 'safety' (class=org.apache.hadoop.http.HttpServer2$QuotingInputFilter)
2019-10-03 01:25:57,334 [main] INFO  http.HttpServer2 (HttpServer2.java:addFilter(948)) - Added filter static_user_filter (class=org.apache.hadoop.http.lib.StaticUserWebFilter$StaticUserFilter) to context hddsDatanode
2019-10-03 01:25:57,334 [main] INFO  http.HttpServer2 (HttpServer2.java:addFilter(958)) - Added filter static_user_filter (class=org.apache.hadoop.http.lib.StaticUserWebFilter$StaticUserFilter) to context static
2019-10-03 01:25:57,334 [main] INFO  http.HttpServer2 (HttpServer2.java:addFilter(958)) - Added filter static_user_filter (class=org.apache.hadoop.http.lib.StaticUserWebFilter$StaticUserFilter) to context logs
2019-10-03 01:25:57,335 [main] INFO  http.HttpServer2 (HttpServer2.java:bindListener(1191)) - Jetty bound to port 45462
2019-10-03 01:25:57,335 [main] INFO  server.Server (Server.java:doStart(351)) - jetty-9.3.25.v20180904, build timestamp: 2018-09-04T21:11:46Z, git hash: 3ce520221d0240229c862b122d2b06c12a625732
2019-10-03 01:25:57,336 [main] INFO  handler.ContextHandler (ContextHandler.java:doStart(781)) - Started o.e.j.s.ServletContextHandler@3e5beab5{/logs,file:///workdir/hadoop-ozone/integration-test/target/log,AVAILABLE}
2019-10-03 01:25:57,337 [main] INFO  handler.ContextHandler (ContextHandler.java:doStart(781)) - Started o.e.j.s.ServletContextHandler@33ec2c0c{/static,jar:file:/home/user/.m2/repository/org/apache/hadoop/hadoop-hdds-container-service/0.5.0-SNAPSHOT/hadoop-hdds-container-service-0.5.0-SNAPSHOT.jar!/webapps/static,AVAILABLE}
2019-10-03 01:25:57,364 [main] INFO  handler.ContextHandler (ContextHandler.java:doStart(781)) - Started o.e.j.w.WebAppContext@51ac12ac{/,file:///tmp/jetty-0.0.0.0-45462-hddsDatanode-_-any-5175197781974969217.dir/webapp/,AVAILABLE}{/hddsDatanode}
2019-10-03 01:25:57,364 [main] INFO  server.AbstractConnector (AbstractConnector.java:doStart(278)) - Started ServerConnector@463afa6e{HTTP/1.1,[http/1.1]}{0.0.0.0:45462}
2019-10-03 01:25:57,366 [main] INFO  server.Server (Server.java:doStart(419)) - Started @239325ms
2019-10-03 01:25:57,366 [main] WARN  impl.MetricsSystemImpl (MetricsSystemImpl.java:register(276)) - Sink prometheus already exists!
2019-10-03 01:25:57,366 [main] INFO  server.BaseHttpServer (BaseHttpServer.java:updateConnectorAddress(215)) - HTTP server of HDDSDATANODE is listening at http://0.0.0.0:45462
2019-10-03 01:25:57,367 [main] INFO  impl.MetricsSystemImpl (MetricsSystemImpl.java:init(158)) - HddsDatanode metrics system started (again)
2019-10-03 01:25:57,371 [org.apache.hadoop.util.JvmPauseMonitor$Monitor@3ece3d1c] INFO  util.JvmPauseMonitor (JvmPauseMonitor.java:run(188)) - Starting JVM pause monitor
2019-10-03 01:25:57,371 [main] INFO  ozone.HddsDatanodeService (HddsDatanodeService.java:start(184)) - HddsDatanodeService host:pr-hdds-1737-89jld-2007629010 ip:192.168.164.205
2019-10-03 01:25:57,372 [Datanode State Machine Thread - 0] INFO  datanode.InitDatanodeState (InitDatanodeState.java:persistContainerDatanodeDetails(140)) - DatanodeDetails is persisted to /workdir/hadoop-ozone/integration-test/target/test-dir/MiniOzoneClusterImpl-1f623d21-a207-44f0-9427-f0c326439107/datanode-1/meta/datanode.id
2019-10-03 01:25:57,377 [main] INFO  volume.HddsVolume (HddsVolume.java:<init>(176)) - Creating Volume: /workdir/hadoop-ozone/integration-test/target/test-dir/MiniOzoneClusterImpl-1f623d21-a207-44f0-9427-f0c326439107/datanode-2/data/containers/hdds of  storage type : DISK and capacity : 1482555576320
2019-10-03 01:25:57,377 [main] INFO  volume.VolumeSet (VolumeSet.java:initializeVolumeSet(170)) - Added Volume : /workdir/hadoop-ozone/integration-test/target/test-dir/MiniOzoneClusterImpl-1f623d21-a207-44f0-9427-f0c326439107/datanode-2/data/containers/hdds to VolumeSet
2019-10-03 01:25:57,377 [main] INFO  volume.ThrottledAsyncChecker (ThrottledAsyncChecker.java:schedule(139)) - Scheduling a check for org.apache.hadoop.ozone.container.common.volume.HddsVolume@256bb5be
2019-10-03 01:25:57,378 [main] INFO  volume.HddsVolumeChecker (HddsVolumeChecker.java:checkAllVolumes(202)) - Scheduled health check for volume org.apache.hadoop.ozone.container.common.volume.HddsVolume@256bb5be
2019-10-03 01:25:57,391 [main] INFO  impl.RaftServerProxy (ConfUtils.java:logGet(43)) - raft.rpc.type = GRPC (default)
2019-10-03 01:25:57,391 [main] INFO  grpc.GrpcFactory (GrpcFactory.java:checkPooledByteBufAllocatorUseCacheForAllThreads(45)) - PERFORMANCE WARNING: useCacheForAllThreads is true that may cause Netty to create a lot garbage objects and, as a result, trigger GC.
	It is recommended to disable useCacheForAllThreads by setting -Dorg.apache.ratis.thirdparty.io.netty.allocator.useCacheForAllThreads=false in command line.
2019-10-03 01:25:57,391 [main] INFO  grpc.GrpcConfigKeys$Server (ConfUtils.java:logGet(43)) - raft.grpc.server.port = 0 (default)
2019-10-03 01:25:57,392 [main] INFO  server.GrpcService (ConfUtils.java:logGet(43)) - raft.grpc.message.size.max = 33570816 (custom)
2019-10-03 01:25:57,392 [main] INFO  server.RaftServerConfigKeys (ConfUtils.java:logGet(43)) - raft.server.log.appender.buffer.byte-limit = 33554432 (custom)
2019-10-03 01:25:57,392 [main] INFO  server.GrpcService (ConfUtils.java:logGet(43)) - raft.grpc.flow.control.window = 1MB (=1048576) (default)
2019-10-03 01:25:57,392 [main] INFO  server.RaftServerConfigKeys (ConfUtils.java:logGet(43)) - raft.server.rpc.request.timeout = 3000ms (default)
2019-10-03 01:25:57,392 [main] INFO  server.RaftServerConfigKeys (ConfUtils.java:logGet(43)) - raft.server.storage.dir = [/workdir/hadoop-ozone/integration-test/target/test-dir/MiniOzoneClusterImpl-1f623d21-a207-44f0-9427-f0c326439107/datanode-2/data/ratis] (custom)
2019-10-03 01:25:57,393 [main] INFO  hdfs.DFSUtil (DFSUtil.java:httpServerTemplateForNNAndJN(1641)) - Starting Web-server for hddsDatanode at: http://0.0.0.0:0
2019-10-03 01:25:57,394 [main] INFO  server.AuthenticationFilter (AuthenticationFilter.java:constructSecretProvider(240)) - Unable to initialize FileSignerSecretProvider, falling back to use random secrets.
2019-10-03 01:25:57,395 [main] WARN  http.HttpRequestLog (HttpRequestLog.java:getRequestLog(97)) - Jetty request log can only be enabled using Log4j
2019-10-03 01:25:57,396 [main] INFO  http.HttpServer2 (HttpServer2.java:addGlobalFilter(975)) - Added global filter 'safety' (class=org.apache.hadoop.http.HttpServer2$QuotingInputFilter)
2019-10-03 01:25:57,396 [main] INFO  http.HttpServer2 (HttpServer2.java:addFilter(948)) - Added filter static_user_filter (class=org.apache.hadoop.http.lib.StaticUserWebFilter$StaticUserFilter) to context hddsDatanode
2019-10-03 01:25:57,397 [main] INFO  http.HttpServer2 (HttpServer2.java:addFilter(958)) - Added filter static_user_filter (class=org.apache.hadoop.http.lib.StaticUserWebFilter$StaticUserFilter) to context logs
2019-10-03 01:25:57,397 [main] INFO  http.HttpServer2 (HttpServer2.java:addFilter(958)) - Added filter static_user_filter (class=org.apache.hadoop.http.lib.StaticUserWebFilter$StaticUserFilter) to context static
2019-10-03 01:25:57,397 [main] INFO  http.HttpServer2 (HttpServer2.java:bindListener(1191)) - Jetty bound to port 41924
2019-10-03 01:25:57,397 [main] INFO  server.Server (Server.java:doStart(351)) - jetty-9.3.25.v20180904, build timestamp: 2018-09-04T21:11:46Z, git hash: 3ce520221d0240229c862b122d2b06c12a625732
2019-10-03 01:25:57,399 [main] INFO  handler.ContextHandler (ContextHandler.java:doStart(781)) - Started o.e.j.s.ServletContextHandler@11f23038{/logs,file:///workdir/hadoop-ozone/integration-test/target/log,AVAILABLE}
2019-10-03 01:25:57,399 [main] INFO  handler.ContextHandler (ContextHandler.java:doStart(781)) - Started o.e.j.s.ServletContextHandler@691567ea{/static,jar:file:/home/user/.m2/repository/org/apache/hadoop/hadoop-hdds-container-service/0.5.0-SNAPSHOT/hadoop-hdds-container-service-0.5.0-SNAPSHOT.jar!/webapps/static,AVAILABLE}
2019-10-03 01:25:57,426 [main] INFO  handler.ContextHandler (ContextHandler.java:doStart(781)) - Started o.e.j.w.WebAppContext@27a9f025{/,file:///tmp/jetty-0.0.0.0-41924-hddsDatanode-_-any-2288390795933508964.dir/webapp/,AVAILABLE}{/hddsDatanode}
2019-10-03 01:25:57,426 [main] INFO  server.AbstractConnector (AbstractConnector.java:doStart(278)) - Started ServerConnector@71936a92{HTTP/1.1,[http/1.1]}{0.0.0.0:41924}
2019-10-03 01:25:57,428 [main] INFO  server.Server (Server.java:doStart(419)) - Started @239387ms
2019-10-03 01:25:57,428 [main] WARN  impl.MetricsSystemImpl (MetricsSystemImpl.java:register(276)) - Sink prometheus already exists!
2019-10-03 01:25:57,429 [main] INFO  server.BaseHttpServer (BaseHttpServer.java:updateConnectorAddress(215)) - HTTP server of HDDSDATANODE is listening at http://0.0.0.0:41924
2019-10-03 01:25:57,430 [main] INFO  impl.MetricsSystemImpl (MetricsSystemImpl.java:init(158)) - HddsDatanode metrics system started (again)
2019-10-03 01:25:57,436 [org.apache.hadoop.util.JvmPauseMonitor$Monitor@780ed8a5] INFO  util.JvmPauseMonitor (JvmPauseMonitor.java:run(188)) - Starting JVM pause monitor
2019-10-03 01:25:57,437 [main] INFO  ozone.HddsDatanodeService (HddsDatanodeService.java:start(184)) - HddsDatanodeService host:pr-hdds-1737-89jld-2007629010 ip:192.168.164.205
2019-10-03 01:25:57,437 [Datanode State Machine Thread - 0] INFO  datanode.InitDatanodeState (InitDatanodeState.java:persistContainerDatanodeDetails(140)) - DatanodeDetails is persisted to /workdir/hadoop-ozone/integration-test/target/test-dir/MiniOzoneClusterImpl-1f623d21-a207-44f0-9427-f0c326439107/datanode-2/meta/datanode.id
2019-10-03 01:25:57,443 [main] INFO  volume.HddsVolume (HddsVolume.java:<init>(176)) - Creating Volume: /workdir/hadoop-ozone/integration-test/target/test-dir/MiniOzoneClusterImpl-1f623d21-a207-44f0-9427-f0c326439107/datanode-3/data/containers/hdds of  storage type : DISK and capacity : 1482555576320
2019-10-03 01:25:57,444 [main] INFO  volume.VolumeSet (VolumeSet.java:initializeVolumeSet(170)) - Added Volume : /workdir/hadoop-ozone/integration-test/target/test-dir/MiniOzoneClusterImpl-1f623d21-a207-44f0-9427-f0c326439107/datanode-3/data/containers/hdds to VolumeSet
2019-10-03 01:25:57,444 [main] INFO  volume.ThrottledAsyncChecker (ThrottledAsyncChecker.java:schedule(139)) - Scheduling a check for org.apache.hadoop.ozone.container.common.volume.HddsVolume@6cbb7a7d
2019-10-03 01:25:57,445 [main] INFO  volume.HddsVolumeChecker (HddsVolumeChecker.java:checkAllVolumes(202)) - Scheduled health check for volume org.apache.hadoop.ozone.container.common.volume.HddsVolume@6cbb7a7d
2019-10-03 01:25:57,463 [main] INFO  impl.RaftServerProxy (ConfUtils.java:logGet(43)) - raft.rpc.type = GRPC (default)
2019-10-03 01:25:57,463 [main] INFO  grpc.GrpcFactory (GrpcFactory.java:checkPooledByteBufAllocatorUseCacheForAllThreads(45)) - PERFORMANCE WARNING: useCacheForAllThreads is true that may cause Netty to create a lot garbage objects and, as a result, trigger GC.
	It is recommended to disable useCacheForAllThreads by setting -Dorg.apache.ratis.thirdparty.io.netty.allocator.useCacheForAllThreads=false in command line.
2019-10-03 01:25:57,464 [main] INFO  grpc.GrpcConfigKeys$Server (ConfUtils.java:logGet(43)) - raft.grpc.server.port = 0 (default)
2019-10-03 01:25:57,464 [main] INFO  server.GrpcService (ConfUtils.java:logGet(43)) - raft.grpc.message.size.max = 33570816 (custom)
2019-10-03 01:25:57,464 [main] INFO  server.RaftServerConfigKeys (ConfUtils.java:logGet(43)) - raft.server.log.appender.buffer.byte-limit = 33554432 (custom)
2019-10-03 01:25:57,464 [main] INFO  server.GrpcService (ConfUtils.java:logGet(43)) - raft.grpc.flow.control.window = 1MB (=1048576) (default)
2019-10-03 01:25:57,465 [main] INFO  server.RaftServerConfigKeys (ConfUtils.java:logGet(43)) - raft.server.rpc.request.timeout = 3000ms (default)
2019-10-03 01:25:57,465 [main] INFO  server.RaftServerConfigKeys (ConfUtils.java:logGet(43)) - raft.server.storage.dir = [/workdir/hadoop-ozone/integration-test/target/test-dir/MiniOzoneClusterImpl-1f623d21-a207-44f0-9427-f0c326439107/datanode-3/data/ratis] (custom)
2019-10-03 01:25:57,466 [main] INFO  hdfs.DFSUtil (DFSUtil.java:httpServerTemplateForNNAndJN(1641)) - Starting Web-server for hddsDatanode at: http://0.0.0.0:0
2019-10-03 01:25:57,468 [main] INFO  server.AuthenticationFilter (AuthenticationFilter.java:constructSecretProvider(240)) - Unable to initialize FileSignerSecretProvider, falling back to use random secrets.
2019-10-03 01:25:57,468 [main] WARN  http.HttpRequestLog (HttpRequestLog.java:getRequestLog(97)) - Jetty request log can only be enabled using Log4j
2019-10-03 01:25:57,469 [main] INFO  http.HttpServer2 (HttpServer2.java:addGlobalFilter(975)) - Added global filter 'safety' (class=org.apache.hadoop.http.HttpServer2$QuotingInputFilter)
2019-10-03 01:25:57,470 [main] INFO  http.HttpServer2 (HttpServer2.java:addFilter(948)) - Added filter static_user_filter (class=org.apache.hadoop.http.lib.StaticUserWebFilter$StaticUserFilter) to context hddsDatanode
2019-10-03 01:25:57,470 [main] INFO  http.HttpServer2 (HttpServer2.java:addFilter(958)) - Added filter static_user_filter (class=org.apache.hadoop.http.lib.StaticUserWebFilter$StaticUserFilter) to context static
2019-10-03 01:25:57,470 [main] INFO  http.HttpServer2 (HttpServer2.java:addFilter(958)) - Added filter static_user_filter (class=org.apache.hadoop.http.lib.StaticUserWebFilter$StaticUserFilter) to context logs
2019-10-03 01:25:57,471 [main] INFO  http.HttpServer2 (HttpServer2.java:bindListener(1191)) - Jetty bound to port 42041
2019-10-03 01:25:57,471 [main] INFO  server.Server (Server.java:doStart(351)) - jetty-9.3.25.v20180904, build timestamp: 2018-09-04T21:11:46Z, git hash: 3ce520221d0240229c862b122d2b06c12a625732
2019-10-03 01:25:57,473 [main] INFO  handler.ContextHandler (ContextHandler.java:doStart(781)) - Started o.e.j.s.ServletContextHandler@37c7766e{/logs,file:///workdir/hadoop-ozone/integration-test/target/log,AVAILABLE}
2019-10-03 01:25:57,474 [main] INFO  handler.ContextHandler (ContextHandler.java:doStart(781)) - Started o.e.j.s.ServletContextHandler@4b7ed03e{/static,jar:file:/home/user/.m2/repository/org/apache/hadoop/hadoop-hdds-container-service/0.5.0-SNAPSHOT/hadoop-hdds-container-service-0.5.0-SNAPSHOT.jar!/webapps/static,AVAILABLE}
2019-10-03 01:25:57,504 [main] INFO  handler.ContextHandler (ContextHandler.java:doStart(781)) - Started o.e.j.w.WebAppContext@2801827a{/,file:///tmp/jetty-0.0.0.0-42041-hddsDatanode-_-any-184507762154071189.dir/webapp/,AVAILABLE}{/hddsDatanode}
2019-10-03 01:25:57,504 [main] INFO  server.AbstractConnector (AbstractConnector.java:doStart(278)) - Started ServerConnector@50bc3219{HTTP/1.1,[http/1.1]}{0.0.0.0:42041}
2019-10-03 01:25:57,506 [main] INFO  server.Server (Server.java:doStart(419)) - Started @239465ms
2019-10-03 01:25:57,506 [main] WARN  impl.MetricsSystemImpl (MetricsSystemImpl.java:register(276)) - Sink prometheus already exists!
2019-10-03 01:25:57,507 [main] INFO  server.BaseHttpServer (BaseHttpServer.java:updateConnectorAddress(215)) - HTTP server of HDDSDATANODE is listening at http://0.0.0.0:42041
2019-10-03 01:25:57,507 [main] INFO  impl.MetricsSystemImpl (MetricsSystemImpl.java:init(158)) - HddsDatanode metrics system started (again)
2019-10-03 01:25:57,511 [org.apache.hadoop.util.JvmPauseMonitor$Monitor@5718c002] INFO  util.JvmPauseMonitor (JvmPauseMonitor.java:run(188)) - Starting JVM pause monitor
2019-10-03 01:25:57,512 [main] INFO  ozone.HddsDatanodeService (HddsDatanodeService.java:start(184)) - HddsDatanodeService host:pr-hdds-1737-89jld-2007629010 ip:192.168.164.205
2019-10-03 01:25:57,513 [Datanode State Machine Thread - 0] INFO  datanode.InitDatanodeState (InitDatanodeState.java:persistContainerDatanodeDetails(140)) - DatanodeDetails is persisted to /workdir/hadoop-ozone/integration-test/target/test-dir/MiniOzoneClusterImpl-1f623d21-a207-44f0-9427-f0c326439107/datanode-3/meta/datanode.id
2019-10-03 01:25:57,518 [main] INFO  volume.HddsVolume (HddsVolume.java:<init>(176)) - Creating Volume: /workdir/hadoop-ozone/integration-test/target/test-dir/MiniOzoneClusterImpl-1f623d21-a207-44f0-9427-f0c326439107/datanode-4/data/containers/hdds of  storage type : DISK and capacity : 1482555576320
2019-10-03 01:25:57,518 [main] INFO  volume.VolumeSet (VolumeSet.java:initializeVolumeSet(170)) - Added Volume : /workdir/hadoop-ozone/integration-test/target/test-dir/MiniOzoneClusterImpl-1f623d21-a207-44f0-9427-f0c326439107/datanode-4/data/containers/hdds to VolumeSet
2019-10-03 01:25:57,519 [main] INFO  volume.ThrottledAsyncChecker (ThrottledAsyncChecker.java:schedule(139)) - Scheduling a check for org.apache.hadoop.ozone.container.common.volume.HddsVolume@2725ca05
2019-10-03 01:25:57,519 [main] INFO  volume.HddsVolumeChecker (HddsVolumeChecker.java:checkAllVolumes(202)) - Scheduled health check for volume org.apache.hadoop.ozone.container.common.volume.HddsVolume@2725ca05
2019-10-03 01:25:57,533 [main] INFO  impl.RaftServerProxy (ConfUtils.java:logGet(43)) - raft.rpc.type = GRPC (default)
2019-10-03 01:25:57,533 [main] INFO  grpc.GrpcFactory (GrpcFactory.java:checkPooledByteBufAllocatorUseCacheForAllThreads(45)) - PERFORMANCE WARNING: useCacheForAllThreads is true that may cause Netty to create a lot garbage objects and, as a result, trigger GC.
	It is recommended to disable useCacheForAllThreads by setting -Dorg.apache.ratis.thirdparty.io.netty.allocator.useCacheForAllThreads=false in command line.
2019-10-03 01:25:57,534 [main] INFO  grpc.GrpcConfigKeys$Server (ConfUtils.java:logGet(43)) - raft.grpc.server.port = 0 (default)
2019-10-03 01:25:57,534 [main] INFO  server.GrpcService (ConfUtils.java:logGet(43)) - raft.grpc.message.size.max = 33570816 (custom)
2019-10-03 01:25:57,534 [main] INFO  server.RaftServerConfigKeys (ConfUtils.java:logGet(43)) - raft.server.log.appender.buffer.byte-limit = 33554432 (custom)
2019-10-03 01:25:57,534 [main] INFO  server.GrpcService (ConfUtils.java:logGet(43)) - raft.grpc.flow.control.window = 1MB (=1048576) (default)
2019-10-03 01:25:57,534 [main] INFO  server.RaftServerConfigKeys (ConfUtils.java:logGet(43)) - raft.server.rpc.request.timeout = 3000ms (default)
2019-10-03 01:25:57,535 [main] INFO  server.RaftServerConfigKeys (ConfUtils.java:logGet(43)) - raft.server.storage.dir = [/workdir/hadoop-ozone/integration-test/target/test-dir/MiniOzoneClusterImpl-1f623d21-a207-44f0-9427-f0c326439107/datanode-4/data/ratis] (custom)
2019-10-03 01:25:57,535 [main] INFO  hdfs.DFSUtil (DFSUtil.java:httpServerTemplateForNNAndJN(1641)) - Starting Web-server for hddsDatanode at: http://0.0.0.0:0
2019-10-03 01:25:57,536 [main] INFO  server.AuthenticationFilter (AuthenticationFilter.java:constructSecretProvider(240)) - Unable to initialize FileSignerSecretProvider, falling back to use random secrets.
2019-10-03 01:25:57,537 [main] WARN  http.HttpRequestLog (HttpRequestLog.java:getRequestLog(97)) - Jetty request log can only be enabled using Log4j
2019-10-03 01:25:57,538 [main] INFO  http.HttpServer2 (HttpServer2.java:addGlobalFilter(975)) - Added global filter 'safety' (class=org.apache.hadoop.http.HttpServer2$QuotingInputFilter)
2019-10-03 01:25:57,538 [main] INFO  http.HttpServer2 (HttpServer2.java:addFilter(948)) - Added filter static_user_filter (class=org.apache.hadoop.http.lib.StaticUserWebFilter$StaticUserFilter) to context hddsDatanode
2019-10-03 01:25:57,538 [main] INFO  http.HttpServer2 (HttpServer2.java:addFilter(958)) - Added filter static_user_filter (class=org.apache.hadoop.http.lib.StaticUserWebFilter$StaticUserFilter) to context logs
2019-10-03 01:25:57,539 [main] INFO  http.HttpServer2 (HttpServer2.java:addFilter(958)) - Added filter static_user_filter (class=org.apache.hadoop.http.lib.StaticUserWebFilter$StaticUserFilter) to context static
2019-10-03 01:25:57,539 [main] INFO  http.HttpServer2 (HttpServer2.java:bindListener(1191)) - Jetty bound to port 37935
2019-10-03 01:25:57,539 [main] INFO  server.Server (Server.java:doStart(351)) - jetty-9.3.25.v20180904, build timestamp: 2018-09-04T21:11:46Z, git hash: 3ce520221d0240229c862b122d2b06c12a625732
2019-10-03 01:25:57,541 [main] INFO  handler.ContextHandler (ContextHandler.java:doStart(781)) - Started o.e.j.s.ServletContextHandler@231cdda8{/logs,file:///workdir/hadoop-ozone/integration-test/target/log,AVAILABLE}
2019-10-03 01:25:57,541 [main] INFO  handler.ContextHandler (ContextHandler.java:doStart(781)) - Started o.e.j.s.ServletContextHandler@3002e397{/static,jar:file:/home/user/.m2/repository/org/apache/hadoop/hadoop-hdds-container-service/0.5.0-SNAPSHOT/hadoop-hdds-container-service-0.5.0-SNAPSHOT.jar!/webapps/static,AVAILABLE}
2019-10-03 01:25:57,567 [main] INFO  handler.ContextHandler (ContextHandler.java:doStart(781)) - Started o.e.j.w.WebAppContext@586cc15d{/,file:///tmp/jetty-0.0.0.0-37935-hddsDatanode-_-any-8279487646352115910.dir/webapp/,AVAILABLE}{/hddsDatanode}
2019-10-03 01:25:57,568 [main] INFO  server.AbstractConnector (AbstractConnector.java:doStart(278)) - Started ServerConnector@6c835217{HTTP/1.1,[http/1.1]}{0.0.0.0:37935}
2019-10-03 01:25:57,569 [main] INFO  server.Server (Server.java:doStart(419)) - Started @239528ms
2019-10-03 01:25:57,569 [main] WARN  impl.MetricsSystemImpl (MetricsSystemImpl.java:register(276)) - Sink prometheus already exists!
2019-10-03 01:25:57,570 [main] INFO  server.BaseHttpServer (BaseHttpServer.java:updateConnectorAddress(215)) - HTTP server of HDDSDATANODE is listening at http://0.0.0.0:37935
2019-10-03 01:25:57,570 [main] INFO  impl.MetricsSystemImpl (MetricsSystemImpl.java:init(158)) - HddsDatanode metrics system started (again)
2019-10-03 01:25:57,575 [org.apache.hadoop.util.JvmPauseMonitor$Monitor@6bba239f] INFO  util.JvmPauseMonitor (JvmPauseMonitor.java:run(188)) - Starting JVM pause monitor
2019-10-03 01:25:57,576 [main] INFO  ozone.HddsDatanodeService (HddsDatanodeService.java:start(184)) - HddsDatanodeService host:pr-hdds-1737-89jld-2007629010 ip:192.168.164.205
2019-10-03 01:25:57,577 [Datanode State Machine Thread - 0] INFO  datanode.InitDatanodeState (InitDatanodeState.java:persistContainerDatanodeDetails(140)) - DatanodeDetails is persisted to /workdir/hadoop-ozone/integration-test/target/test-dir/MiniOzoneClusterImpl-1f623d21-a207-44f0-9427-f0c326439107/datanode-4/meta/datanode.id
2019-10-03 01:25:57,581 [main] INFO  volume.HddsVolume (HddsVolume.java:<init>(176)) - Creating Volume: /workdir/hadoop-ozone/integration-test/target/test-dir/MiniOzoneClusterImpl-1f623d21-a207-44f0-9427-f0c326439107/datanode-5/data/containers/hdds of  storage type : DISK and capacity : 1482555576320
2019-10-03 01:25:57,581 [main] INFO  volume.VolumeSet (VolumeSet.java:initializeVolumeSet(170)) - Added Volume : /workdir/hadoop-ozone/integration-test/target/test-dir/MiniOzoneClusterImpl-1f623d21-a207-44f0-9427-f0c326439107/datanode-5/data/containers/hdds to VolumeSet
2019-10-03 01:25:57,581 [main] INFO  volume.ThrottledAsyncChecker (ThrottledAsyncChecker.java:schedule(139)) - Scheduling a check for org.apache.hadoop.ozone.container.common.volume.HddsVolume@28b8f98a
2019-10-03 01:25:57,582 [main] INFO  volume.HddsVolumeChecker (HddsVolumeChecker.java:checkAllVolumes(202)) - Scheduled health check for volume org.apache.hadoop.ozone.container.common.volume.HddsVolume@28b8f98a
2019-10-03 01:25:57,594 [main] INFO  impl.RaftServerProxy (ConfUtils.java:logGet(43)) - raft.rpc.type = GRPC (default)
2019-10-03 01:25:57,594 [main] INFO  grpc.GrpcFactory (GrpcFactory.java:checkPooledByteBufAllocatorUseCacheForAllThreads(45)) - PERFORMANCE WARNING: useCacheForAllThreads is true that may cause Netty to create a lot garbage objects and, as a result, trigger GC.
	It is recommended to disable useCacheForAllThreads by setting -Dorg.apache.ratis.thirdparty.io.netty.allocator.useCacheForAllThreads=false in command line.
2019-10-03 01:25:57,594 [main] INFO  grpc.GrpcConfigKeys$Server (ConfUtils.java:logGet(43)) - raft.grpc.server.port = 0 (default)
2019-10-03 01:25:57,594 [main] INFO  server.GrpcService (ConfUtils.java:logGet(43)) - raft.grpc.message.size.max = 33570816 (custom)
2019-10-03 01:25:57,594 [main] INFO  server.RaftServerConfigKeys (ConfUtils.java:logGet(43)) - raft.server.log.appender.buffer.byte-limit = 33554432 (custom)
2019-10-03 01:25:57,595 [main] INFO  server.GrpcService (ConfUtils.java:logGet(43)) - raft.grpc.flow.control.window = 1MB (=1048576) (default)
2019-10-03 01:25:57,595 [main] INFO  server.RaftServerConfigKeys (ConfUtils.java:logGet(43)) - raft.server.rpc.request.timeout = 3000ms (default)
2019-10-03 01:25:57,595 [main] INFO  server.RaftServerConfigKeys (ConfUtils.java:logGet(43)) - raft.server.storage.dir = [/workdir/hadoop-ozone/integration-test/target/test-dir/MiniOzoneClusterImpl-1f623d21-a207-44f0-9427-f0c326439107/datanode-5/data/ratis] (custom)
2019-10-03 01:25:57,596 [main] INFO  hdfs.DFSUtil (DFSUtil.java:httpServerTemplateForNNAndJN(1641)) - Starting Web-server for hddsDatanode at: http://0.0.0.0:0
2019-10-03 01:25:57,597 [main] INFO  server.AuthenticationFilter (AuthenticationFilter.java:constructSecretProvider(240)) - Unable to initialize FileSignerSecretProvider, falling back to use random secrets.
2019-10-03 01:25:57,597 [main] WARN  http.HttpRequestLog (HttpRequestLog.java:getRequestLog(97)) - Jetty request log can only be enabled using Log4j
2019-10-03 01:25:57,598 [main] INFO  http.HttpServer2 (HttpServer2.java:addGlobalFilter(975)) - Added global filter 'safety' (class=org.apache.hadoop.http.HttpServer2$QuotingInputFilter)
2019-10-03 01:25:57,599 [main] INFO  http.HttpServer2 (HttpServer2.java:addFilter(948)) - Added filter static_user_filter (class=org.apache.hadoop.http.lib.StaticUserWebFilter$StaticUserFilter) to context hddsDatanode
2019-10-03 01:25:57,599 [main] INFO  http.HttpServer2 (HttpServer2.java:addFilter(958)) - Added filter static_user_filter (class=org.apache.hadoop.http.lib.StaticUserWebFilter$StaticUserFilter) to context static
2019-10-03 01:25:57,599 [main] INFO  http.HttpServer2 (HttpServer2.java:addFilter(958)) - Added filter static_user_filter (class=org.apache.hadoop.http.lib.StaticUserWebFilter$StaticUserFilter) to context logs
2019-10-03 01:25:57,600 [main] INFO  http.HttpServer2 (HttpServer2.java:bindListener(1191)) - Jetty bound to port 44728
2019-10-03 01:25:57,600 [main] INFO  server.Server (Server.java:doStart(351)) - jetty-9.3.25.v20180904, build timestamp: 2018-09-04T21:11:46Z, git hash: 3ce520221d0240229c862b122d2b06c12a625732
2019-10-03 01:25:57,601 [main] INFO  handler.ContextHandler (ContextHandler.java:doStart(781)) - Started o.e.j.s.ServletContextHandler@29bbc391{/logs,file:///workdir/hadoop-ozone/integration-test/target/log,AVAILABLE}
2019-10-03 01:25:57,601 [main] INFO  handler.ContextHandler (ContextHandler.java:doStart(781)) - Started o.e.j.s.ServletContextHandler@530ee28b{/static,jar:file:/home/user/.m2/repository/org/apache/hadoop/hadoop-hdds-container-service/0.5.0-SNAPSHOT/hadoop-hdds-container-service-0.5.0-SNAPSHOT.jar!/webapps/static,AVAILABLE}
2019-10-03 01:25:57,628 [main] INFO  handler.ContextHandler (ContextHandler.java:doStart(781)) - Started o.e.j.w.WebAppContext@686cf8ad{/,file:///tmp/jetty-0.0.0.0-44728-hddsDatanode-_-any-7064940087772953830.dir/webapp/,AVAILABLE}{/hddsDatanode}
2019-10-03 01:25:57,628 [main] INFO  server.AbstractConnector (AbstractConnector.java:doStart(278)) - Started ServerConnector@747f6c5a{HTTP/1.1,[http/1.1]}{0.0.0.0:44728}
2019-10-03 01:25:57,629 [main] INFO  server.Server (Server.java:doStart(419)) - Started @239588ms
2019-10-03 01:25:57,629 [main] WARN  impl.MetricsSystemImpl (MetricsSystemImpl.java:register(276)) - Sink prometheus already exists!
2019-10-03 01:25:57,630 [main] INFO  server.BaseHttpServer (BaseHttpServer.java:updateConnectorAddress(215)) - HTTP server of HDDSDATANODE is listening at http://0.0.0.0:44728
2019-10-03 01:25:57,630 [main] INFO  impl.MetricsSystemImpl (MetricsSystemImpl.java:init(158)) - HddsDatanode metrics system started (again)
2019-10-03 01:25:57,635 [org.apache.hadoop.util.JvmPauseMonitor$Monitor@4a8da6e8] INFO  util.JvmPauseMonitor (JvmPauseMonitor.java:run(188)) - Starting JVM pause monitor
2019-10-03 01:25:57,636 [main] INFO  ozone.HddsDatanodeService (HddsDatanodeService.java:start(184)) - HddsDatanodeService host:pr-hdds-1737-89jld-2007629010 ip:192.168.164.205
2019-10-03 01:25:57,637 [Datanode State Machine Thread - 0] INFO  datanode.InitDatanodeState (InitDatanodeState.java:persistContainerDatanodeDetails(140)) - DatanodeDetails is persisted to /workdir/hadoop-ozone/integration-test/target/test-dir/MiniOzoneClusterImpl-1f623d21-a207-44f0-9427-f0c326439107/datanode-5/meta/datanode.id
2019-10-03 01:25:57,642 [main] INFO  volume.HddsVolume (HddsVolume.java:<init>(176)) - Creating Volume: /workdir/hadoop-ozone/integration-test/target/test-dir/MiniOzoneClusterImpl-1f623d21-a207-44f0-9427-f0c326439107/datanode-6/data/containers/hdds of  storage type : DISK and capacity : 1482555576320
2019-10-03 01:25:57,642 [main] INFO  volume.VolumeSet (VolumeSet.java:initializeVolumeSet(170)) - Added Volume : /workdir/hadoop-ozone/integration-test/target/test-dir/MiniOzoneClusterImpl-1f623d21-a207-44f0-9427-f0c326439107/datanode-6/data/containers/hdds to VolumeSet
2019-10-03 01:25:57,642 [main] INFO  volume.ThrottledAsyncChecker (ThrottledAsyncChecker.java:schedule(139)) - Scheduling a check for org.apache.hadoop.ozone.container.common.volume.HddsVolume@7a606260
2019-10-03 01:25:57,642 [main] INFO  volume.HddsVolumeChecker (HddsVolumeChecker.java:checkAllVolumes(202)) - Scheduled health check for volume org.apache.hadoop.ozone.container.common.volume.HddsVolume@7a606260
2019-10-03 01:25:57,655 [main] INFO  impl.RaftServerProxy (ConfUtils.java:logGet(43)) - raft.rpc.type = GRPC (default)
2019-10-03 01:25:57,655 [main] INFO  grpc.GrpcFactory (GrpcFactory.java:checkPooledByteBufAllocatorUseCacheForAllThreads(45)) - PERFORMANCE WARNING: useCacheForAllThreads is true that may cause Netty to create a lot garbage objects and, as a result, trigger GC.
	It is recommended to disable useCacheForAllThreads by setting -Dorg.apache.ratis.thirdparty.io.netty.allocator.useCacheForAllThreads=false in command line.
2019-10-03 01:25:57,655 [main] INFO  grpc.GrpcConfigKeys$Server (ConfUtils.java:logGet(43)) - raft.grpc.server.port = 0 (default)
2019-10-03 01:25:57,656 [main] INFO  server.GrpcService (ConfUtils.java:logGet(43)) - raft.grpc.message.size.max = 33570816 (custom)
2019-10-03 01:25:57,656 [main] INFO  server.RaftServerConfigKeys (ConfUtils.java:logGet(43)) - raft.server.log.appender.buffer.byte-limit = 33554432 (custom)
2019-10-03 01:25:57,656 [main] INFO  server.GrpcService (ConfUtils.java:logGet(43)) - raft.grpc.flow.control.window = 1MB (=1048576) (default)
2019-10-03 01:25:57,656 [main] INFO  server.RaftServerConfigKeys (ConfUtils.java:logGet(43)) - raft.server.rpc.request.timeout = 3000ms (default)
2019-10-03 01:25:57,656 [main] INFO  server.RaftServerConfigKeys (ConfUtils.java:logGet(43)) - raft.server.storage.dir = [/workdir/hadoop-ozone/integration-test/target/test-dir/MiniOzoneClusterImpl-1f623d21-a207-44f0-9427-f0c326439107/datanode-6/data/ratis] (custom)
2019-10-03 01:25:57,657 [main] INFO  hdfs.DFSUtil (DFSUtil.java:httpServerTemplateForNNAndJN(1641)) - Starting Web-server for hddsDatanode at: http://0.0.0.0:0
2019-10-03 01:25:57,658 [main] INFO  server.AuthenticationFilter (AuthenticationFilter.java:constructSecretProvider(240)) - Unable to initialize FileSignerSecretProvider, falling back to use random secrets.
2019-10-03 01:25:57,659 [main] WARN  http.HttpRequestLog (HttpRequestLog.java:getRequestLog(97)) - Jetty request log can only be enabled using Log4j
2019-10-03 01:25:57,660 [main] INFO  http.HttpServer2 (HttpServer2.java:addGlobalFilter(975)) - Added global filter 'safety' (class=org.apache.hadoop.http.HttpServer2$QuotingInputFilter)
2019-10-03 01:25:57,660 [main] INFO  http.HttpServer2 (HttpServer2.java:addFilter(948)) - Added filter static_user_filter (class=org.apache.hadoop.http.lib.StaticUserWebFilter$StaticUserFilter) to context hddsDatanode
2019-10-03 01:25:57,660 [main] INFO  http.HttpServer2 (HttpServer2.java:addFilter(958)) - Added filter static_user_filter (class=org.apache.hadoop.http.lib.StaticUserWebFilter$StaticUserFilter) to context static
2019-10-03 01:25:57,660 [main] INFO  http.HttpServer2 (HttpServer2.java:addFilter(958)) - Added filter static_user_filter (class=org.apache.hadoop.http.lib.StaticUserWebFilter$StaticUserFilter) to context logs
2019-10-03 01:25:57,661 [main] INFO  http.HttpServer2 (HttpServer2.java:bindListener(1191)) - Jetty bound to port 41418
2019-10-03 01:25:57,661 [main] INFO  server.Server (Server.java:doStart(351)) - jetty-9.3.25.v20180904, build timestamp: 2018-09-04T21:11:46Z, git hash: 3ce520221d0240229c862b122d2b06c12a625732
2019-10-03 01:25:57,662 [main] INFO  handler.ContextHandler (ContextHandler.java:doStart(781)) - Started o.e.j.s.ServletContextHandler@539c4830{/logs,file:///workdir/hadoop-ozone/integration-test/target/log,AVAILABLE}
2019-10-03 01:25:57,663 [main] INFO  handler.ContextHandler (ContextHandler.java:doStart(781)) - Started o.e.j.s.ServletContextHandler@28b523a{/static,jar:file:/home/user/.m2/repository/org/apache/hadoop/hadoop-hdds-container-service/0.5.0-SNAPSHOT/hadoop-hdds-container-service-0.5.0-SNAPSHOT.jar!/webapps/static,AVAILABLE}
2019-10-03 01:25:57,689 [main] INFO  handler.ContextHandler (ContextHandler.java:doStart(781)) - Started o.e.j.w.WebAppContext@2cccf134{/,file:///tmp/jetty-0.0.0.0-41418-hddsDatanode-_-any-1482155028024863200.dir/webapp/,AVAILABLE}{/hddsDatanode}
2019-10-03 01:25:57,690 [main] INFO  server.AbstractConnector (AbstractConnector.java:doStart(278)) - Started ServerConnector@3c18942{HTTP/1.1,[http/1.1]}{0.0.0.0:41418}
2019-10-03 01:25:57,691 [main] INFO  server.Server (Server.java:doStart(419)) - Started @239650ms
2019-10-03 01:25:57,691 [main] WARN  impl.MetricsSystemImpl (MetricsSystemImpl.java:register(276)) - Sink prometheus already exists!
2019-10-03 01:25:57,692 [main] INFO  server.BaseHttpServer (BaseHttpServer.java:updateConnectorAddress(215)) - HTTP server of HDDSDATANODE is listening at http://0.0.0.0:41418
2019-10-03 01:25:57,692 [main] INFO  ozone.MiniOzoneClusterImpl (MiniOzoneClusterImpl.java:lambda$waitForClusterToBeReady$0(147)) - Waiting for cluster to be ready. Got 0 of 7 DN Heartbeats.
2019-10-03 01:25:57,693 [org.apache.hadoop.util.JvmPauseMonitor$Monitor@2b4dc8d3] INFO  util.JvmPauseMonitor (JvmPauseMonitor.java:run(188)) - Starting JVM pause monitor
2019-10-03 01:25:57,695 [Datanode State Machine Thread - 0] INFO  datanode.InitDatanodeState (InitDatanodeState.java:persistContainerDatanodeDetails(140)) - DatanodeDetails is persisted to /workdir/hadoop-ozone/integration-test/target/test-dir/MiniOzoneClusterImpl-1f623d21-a207-44f0-9427-f0c326439107/datanode-6/meta/datanode.id
2019-10-03 01:25:58,693 [main] INFO  ozone.MiniOzoneClusterImpl (MiniOzoneClusterImpl.java:lambda$waitForClusterToBeReady$0(147)) - Waiting for cluster to be ready. Got 0 of 7 DN Heartbeats.
2019-10-03 01:25:59,685 [Datanode State Machine Thread - 0] INFO  ozoneimpl.OzoneContainer (OzoneContainer.java:start(217)) - Attempting to start container services.
2019-10-03 01:25:59,685 [Datanode State Machine Thread - 0] INFO  ozoneimpl.OzoneContainer (OzoneContainer.java:start(217)) - Attempting to start container services.
2019-10-03 01:25:59,685 [Datanode State Machine Thread - 0] INFO  ozoneimpl.OzoneContainer (OzoneContainer.java:start(217)) - Attempting to start container services.
2019-10-03 01:25:59,685 [Datanode State Machine Thread - 0] INFO  ozoneimpl.OzoneContainer (OzoneContainer.java:start(217)) - Attempting to start container services.
2019-10-03 01:25:59,685 [Datanode State Machine Thread - 0] INFO  ozoneimpl.OzoneContainer (OzoneContainer.java:start(217)) - Attempting to start container services.
2019-10-03 01:25:59,685 [Datanode State Machine Thread - 0] INFO  ozoneimpl.OzoneContainer (OzoneContainer.java:start(217)) - Attempting to start container services.
2019-10-03 01:25:59,687 [Datanode State Machine Thread - 0] INFO  ozoneimpl.OzoneContainer (OzoneContainer.java:startContainerScrub(179)) - Background container scanner has been disabled.
2019-10-03 01:25:59,686 [Datanode State Machine Thread - 0] INFO  ozoneimpl.OzoneContainer (OzoneContainer.java:startContainerScrub(179)) - Background container scanner has been disabled.
2019-10-03 01:25:59,686 [Datanode State Machine Thread - 0] INFO  ozoneimpl.OzoneContainer (OzoneContainer.java:startContainerScrub(179)) - Background container scanner has been disabled.
2019-10-03 01:25:59,686 [Datanode State Machine Thread - 0] INFO  ozoneimpl.OzoneContainer (OzoneContainer.java:startContainerScrub(179)) - Background container scanner has been disabled.
2019-10-03 01:25:59,686 [Datanode State Machine Thread - 0] INFO  ozoneimpl.OzoneContainer (OzoneContainer.java:startContainerScrub(179)) - Background container scanner has been disabled.
2019-10-03 01:25:59,687 [Datanode State Machine Thread - 0] INFO  ratis.XceiverServerRatis (XceiverServerRatis.java:start(417)) - Starting XceiverServerRatis 5a3bb1d1-da87-4da1-bef8-431805f41d01 at port 0
2019-10-03 01:25:59,687 [Datanode State Machine Thread - 0] INFO  ratis.XceiverServerRatis (XceiverServerRatis.java:start(417)) - Starting XceiverServerRatis efbb8493-43d9-4808-a847-93c643e72cb3 at port 0
2019-10-03 01:25:59,687 [Datanode State Machine Thread - 0] INFO  ratis.XceiverServerRatis (XceiverServerRatis.java:start(417)) - Starting XceiverServerRatis 19a6d400-3fea-480b-9703-531bb51b7be4 at port 0
2019-10-03 01:25:59,687 [Datanode State Machine Thread - 0] INFO  ratis.XceiverServerRatis (XceiverServerRatis.java:start(417)) - Starting XceiverServerRatis ed403533-f4db-43fc-9c54-3befdc97b1dc at port 0
2019-10-03 01:25:59,687 [Datanode State Machine Thread - 0] INFO  ozoneimpl.OzoneContainer (OzoneContainer.java:startContainerScrub(179)) - Background container scanner has been disabled.
2019-10-03 01:25:59,688 [Datanode State Machine Thread - 0] INFO  ratis.XceiverServerRatis (XceiverServerRatis.java:start(417)) - Starting XceiverServerRatis 7075aa05-1467-40c8-80c3-3e4c6e4ceabe at port 0
2019-10-03 01:25:59,688 [Datanode State Machine Thread - 0] INFO  ratis.XceiverServerRatis (XceiverServerRatis.java:start(417)) - Starting XceiverServerRatis 88a100f7-812f-49e6-a8e5-c6cb57ce7090 at port 0
2019-10-03 01:25:59,694 [main] INFO  ozone.MiniOzoneClusterImpl (MiniOzoneClusterImpl.java:lambda$waitForClusterToBeReady$0(147)) - Waiting for cluster to be ready. Got 0 of 7 DN Heartbeats.
2019-10-03 01:25:59,697 [Datanode State Machine Thread - 0] INFO  ozoneimpl.OzoneContainer (OzoneContainer.java:start(217)) - Attempting to start container services.
2019-10-03 01:25:59,697 [Datanode State Machine Thread - 0] INFO  ozoneimpl.OzoneContainer (OzoneContainer.java:startContainerScrub(179)) - Background container scanner has been disabled.
2019-10-03 01:25:59,698 [Datanode State Machine Thread - 0] INFO  ratis.XceiverServerRatis (XceiverServerRatis.java:start(417)) - Starting XceiverServerRatis df8af7a5-4296-42cc-92b1-58b5ef40f7c5 at port 0
2019-10-03 01:25:59,720 [Datanode State Machine Thread - 0] INFO  impl.RaftServerProxy (RaftServerProxy.java:lambda$start$3(299)) - 7075aa05-1467-40c8-80c3-3e4c6e4ceabe: start RPC server
2019-10-03 01:25:59,726 [Datanode State Machine Thread - 0] INFO  server.GrpcService (GrpcService.java:startImpl(158)) - 7075aa05-1467-40c8-80c3-3e4c6e4ceabe: GrpcService started, listening on 0.0.0.0/0.0.0.0:45532
2019-10-03 01:25:59,726 [Datanode State Machine Thread - 0] INFO  ratis.XceiverServerRatis (XceiverServerRatis.java:start(427)) - XceiverServerRatis 7075aa05-1467-40c8-80c3-3e4c6e4ceabe is started using port 45532
2019-10-03 01:25:59,727 [Datanode State Machine Thread - 0] INFO  server.XceiverServerGrpc (XceiverServerGrpc.java:start(149)) - XceiverServerGrpc 7075aa05-1467-40c8-80c3-3e4c6e4ceabe is started using port 40326
2019-10-03 01:25:59,734 [Datanode State Machine Thread - 0] INFO  impl.RaftServerProxy (RaftServerProxy.java:lambda$start$3(299)) - 88a100f7-812f-49e6-a8e5-c6cb57ce7090: start RPC server
2019-10-03 01:25:59,734 [Datanode State Machine Thread - 0] INFO  server.GrpcService (GrpcService.java:startImpl(158)) - 88a100f7-812f-49e6-a8e5-c6cb57ce7090: GrpcService started, listening on 0.0.0.0/0.0.0.0:42103
2019-10-03 01:25:59,734 [Datanode State Machine Thread - 0] INFO  ratis.XceiverServerRatis (XceiverServerRatis.java:start(427)) - XceiverServerRatis 88a100f7-812f-49e6-a8e5-c6cb57ce7090 is started using port 42103
2019-10-03 01:25:59,735 [Datanode State Machine Thread - 0] INFO  server.XceiverServerGrpc (XceiverServerGrpc.java:start(149)) - XceiverServerGrpc 88a100f7-812f-49e6-a8e5-c6cb57ce7090 is started using port 39269
2019-10-03 01:25:59,743 [Datanode State Machine Thread - 0] INFO  impl.RaftServerProxy (RaftServerProxy.java:lambda$start$3(299)) - ed403533-f4db-43fc-9c54-3befdc97b1dc: start RPC server
2019-10-03 01:25:59,746 [Datanode State Machine Thread - 0] INFO  server.GrpcService (GrpcService.java:startImpl(158)) - ed403533-f4db-43fc-9c54-3befdc97b1dc: GrpcService started, listening on 0.0.0.0/0.0.0.0:33564
2019-10-03 01:25:59,746 [Datanode State Machine Thread - 0] INFO  ratis.XceiverServerRatis (XceiverServerRatis.java:start(427)) - XceiverServerRatis ed403533-f4db-43fc-9c54-3befdc97b1dc is started using port 33564
2019-10-03 01:25:59,747 [Datanode State Machine Thread - 0] INFO  server.XceiverServerGrpc (XceiverServerGrpc.java:start(149)) - XceiverServerGrpc ed403533-f4db-43fc-9c54-3befdc97b1dc is started using port 41785
2019-10-03 01:25:59,747 [Datanode State Machine Thread - 0] INFO  impl.RaftServerProxy (RaftServerProxy.java:lambda$start$3(299)) - df8af7a5-4296-42cc-92b1-58b5ef40f7c5: start RPC server
2019-10-03 01:25:59,747 [Datanode State Machine Thread - 0] INFO  impl.RaftServerProxy (RaftServerProxy.java:lambda$start$3(299)) - efbb8493-43d9-4808-a847-93c643e72cb3: start RPC server
2019-10-03 01:25:59,750 [Datanode State Machine Thread - 0] INFO  server.GrpcService (GrpcService.java:startImpl(158)) - df8af7a5-4296-42cc-92b1-58b5ef40f7c5: GrpcService started, listening on 0.0.0.0/0.0.0.0:38398
2019-10-03 01:25:59,751 [Datanode State Machine Thread - 0] INFO  impl.RaftServerProxy (RaftServerProxy.java:lambda$start$3(299)) - 19a6d400-3fea-480b-9703-531bb51b7be4: start RPC server
2019-10-03 01:25:59,751 [Datanode State Machine Thread - 0] INFO  ratis.XceiverServerRatis (XceiverServerRatis.java:start(427)) - XceiverServerRatis df8af7a5-4296-42cc-92b1-58b5ef40f7c5 is started using port 38398
2019-10-03 01:25:59,757 [Datanode State Machine Thread - 0] INFO  server.GrpcService (GrpcService.java:startImpl(158)) - efbb8493-43d9-4808-a847-93c643e72cb3: GrpcService started, listening on 0.0.0.0/0.0.0.0:45429
2019-10-03 01:25:59,759 [Datanode State Machine Thread - 0] INFO  impl.RaftServerProxy (RaftServerProxy.java:lambda$start$3(299)) - 5a3bb1d1-da87-4da1-bef8-431805f41d01: start RPC server
2019-10-03 01:25:59,759 [Datanode State Machine Thread - 0] INFO  server.XceiverServerGrpc (XceiverServerGrpc.java:start(149)) - XceiverServerGrpc df8af7a5-4296-42cc-92b1-58b5ef40f7c5 is started using port 39460
2019-10-03 01:25:59,759 [Datanode State Machine Thread - 0] INFO  server.GrpcService (GrpcService.java:startImpl(158)) - 19a6d400-3fea-480b-9703-531bb51b7be4: GrpcService started, listening on 0.0.0.0/0.0.0.0:43347
2019-10-03 01:25:59,760 [Datanode State Machine Thread - 0] INFO  ratis.XceiverServerRatis (XceiverServerRatis.java:start(427)) - XceiverServerRatis 19a6d400-3fea-480b-9703-531bb51b7be4 is started using port 43347
2019-10-03 01:25:59,762 [Datanode State Machine Thread - 0] INFO  server.GrpcService (GrpcService.java:startImpl(158)) - 5a3bb1d1-da87-4da1-bef8-431805f41d01: GrpcService started, listening on 0.0.0.0/0.0.0.0:44336
2019-10-03 01:25:59,765 [Datanode State Machine Thread - 0] INFO  ratis.XceiverServerRatis (XceiverServerRatis.java:start(427)) - XceiverServerRatis 5a3bb1d1-da87-4da1-bef8-431805f41d01 is started using port 44336
2019-10-03 01:25:59,760 [Datanode State Machine Thread - 0] INFO  ratis.XceiverServerRatis (XceiverServerRatis.java:start(427)) - XceiverServerRatis efbb8493-43d9-4808-a847-93c643e72cb3 is started using port 45429
2019-10-03 01:25:59,778 [Datanode State Machine Thread - 0] INFO  server.XceiverServerGrpc (XceiverServerGrpc.java:start(149)) - XceiverServerGrpc 19a6d400-3fea-480b-9703-531bb51b7be4 is started using port 36618
2019-10-03 01:25:59,778 [Datanode State Machine Thread - 0] INFO  server.XceiverServerGrpc (XceiverServerGrpc.java:start(149)) - XceiverServerGrpc 5a3bb1d1-da87-4da1-bef8-431805f41d01 is started using port 44628
2019-10-03 01:25:59,778 [Datanode State Machine Thread - 0] INFO  server.XceiverServerGrpc (XceiverServerGrpc.java:start(149)) - XceiverServerGrpc efbb8493-43d9-4808-a847-93c643e72cb3 is started using port 33268
2019-10-03 01:26:00,694 [main] INFO  ozone.MiniOzoneClusterImpl (MiniOzoneClusterImpl.java:lambda$waitForClusterToBeReady$0(147)) - Waiting for cluster to be ready. Got 0 of 7 DN Heartbeats.
2019-10-03 01:26:01,313 [IPC Server handler 3 on 41044] INFO  net.NetworkTopology (NetworkTopologyImpl.java:add(111)) - Added a new node: /default-rack/88a100f7-812f-49e6-a8e5-c6cb57ce7090
2019-10-03 01:26:01,316 [IPC Server handler 3 on 41044] INFO  node.SCMNodeManager (SCMNodeManager.java:register(266)) - Registered Data node : 88a100f7-812f-49e6-a8e5-c6cb57ce7090{ip: 192.168.164.205, host: pr-hdds-1737-89jld-2007629010, networkLocation: /default-rack, certSerialId: null}
2019-10-03 01:26:01,317 [EventQueue-NodeRegistrationContainerReportForDataNodeSafeModeRule] INFO  safemode.SCMSafeModeManager (DataNodeSafeModeRule.java:process(71)) - SCM in safe mode. 1 DataNodes registered, 1 required.
2019-10-03 01:26:01,320 [EventQueue-NodeRegistrationContainerReportForDataNodeSafeModeRule] INFO  safemode.SCMSafeModeManager (SCMSafeModeManager.java:validateSafeModeExitRules(177)) - ScmSafeModeManager, all rules are successfully validated
2019-10-03 01:26:01,320 [EventQueue-NodeRegistrationContainerReportForDataNodeSafeModeRule] INFO  safemode.SCMSafeModeManager (SCMSafeModeManager.java:exitSafeMode(193)) - SCM exiting safe mode.
2019-10-03 01:26:01,337 [grpc-default-executor-5] INFO  impl.RaftServerProxy (RaftServerProxy.java:addNew(89)) - 88a100f7-812f-49e6-a8e5-c6cb57ce7090: addNew group-5BBE2D5795BA:[88a100f7-812f-49e6-a8e5-c6cb57ce7090:192.168.164.205:42103] returns group-5BBE2D5795BA:java.util.concurrent.CompletableFuture@6cbb3457[Not completed]
2019-10-03 01:26:01,339 [pool-383-thread-1] INFO  impl.RaftServerImpl (RaftServerImpl.java:<init>(95)) - 88a100f7-812f-49e6-a8e5-c6cb57ce7090: new RaftServerImpl for group-5BBE2D5795BA:[88a100f7-812f-49e6-a8e5-c6cb57ce7090:192.168.164.205:42103] with ContainerStateMachine:uninitialized
2019-10-03 01:26:01,339 [pool-383-thread-1] INFO  server.RaftServerConfigKeys (ConfUtils.java:logGet(43)) - raft.server.rpc.timeout.min = 5s (custom)
2019-10-03 01:26:01,339 [pool-383-thread-1] INFO  server.RaftServerConfigKeys (ConfUtils.java:logGet(43)) - raft.server.rpc.timeout.max = 5200ms (custom)
2019-10-03 01:26:01,339 [pool-383-thread-1] INFO  server.RaftServerConfigKeys (ConfUtils.java:logGet(43)) - raft.server.rpcslowness.timeout = 120s (custom)
2019-10-03 01:26:01,339 [pool-383-thread-1] INFO  server.RaftServerConfigKeys (ConfUtils.java:logGet(43)) - raft.server.sleep.deviation.threshold = 300 (default)
2019-10-03 01:26:01,340 [pool-383-thread-1] INFO  server.RaftServerConfigKeys (ConfUtils.java:logGet(43)) - raft.server.log.appender.install.snapshot.enabled = false (custom)
2019-10-03 01:26:01,340 [pool-383-thread-1] INFO  impl.RaftServerImpl (ServerState.java:<init>(103)) - 88a100f7-812f-49e6-a8e5-c6cb57ce7090@group-5BBE2D5795BA: ConfigurationManager, init=-1: [88a100f7-812f-49e6-a8e5-c6cb57ce7090:192.168.164.205:42103], old=null, confs=<EMPTY_MAP>
2019-10-03 01:26:01,340 [pool-383-thread-1] INFO  server.RaftServerConfigKeys (ConfUtils.java:logGet(43)) - raft.server.storage.dir = [/workdir/hadoop-ozone/integration-test/target/test-dir/MiniOzoneClusterImpl-1f623d21-a207-44f0-9427-f0c326439107/datanode-0/data/ratis] (custom)
2019-10-03 01:26:01,340 [pool-383-thread-1] INFO  server.RaftServerConfigKeys (ConfUtils.java:logGet(43)) - raft.server.log.corruption.policy = EXCEPTION (default)
2019-10-03 01:26:01,340 [pool-383-thread-1] INFO  storage.RaftStorageDirectory (RaftStorageDirectory.java:analyzeStorage(246)) - The storage directory /workdir/hadoop-ozone/integration-test/target/test-dir/MiniOzoneClusterImpl-1f623d21-a207-44f0-9427-f0c326439107/datanode-0/data/ratis/64b2fb3b-beb0-473e-a614-5bbe2d5795ba does not exist. Creating ...
2019-10-03 01:26:01,353 [pool-383-thread-1] INFO  storage.RaftStorageDirectory (RaftStorageDirectory.java:tryLock(328)) - Lock on /workdir/hadoop-ozone/integration-test/target/test-dir/MiniOzoneClusterImpl-1f623d21-a207-44f0-9427-f0c326439107/datanode-0/data/ratis/64b2fb3b-beb0-473e-a614-5bbe2d5795ba/in_use.lock acquired by nodename 15412@pr-hdds-1737-89jld-2007629010
2019-10-03 01:26:01,366 [pool-383-thread-1] INFO  storage.RaftStorage (RaftStorage.java:format(84)) - Storage directory /workdir/hadoop-ozone/integration-test/target/test-dir/MiniOzoneClusterImpl-1f623d21-a207-44f0-9427-f0c326439107/datanode-0/data/ratis/64b2fb3b-beb0-473e-a614-5bbe2d5795ba has been successfully formatted.
2019-10-03 01:26:01,366 [pool-383-thread-1] INFO  ratis.ContainerStateMachine (ContainerStateMachine.java:loadSnapshot(230)) - group-5BBE2D5795BA: The snapshot info is null. Setting the last applied indexto:(t:0, i:~)
2019-10-03 01:26:01,366 [pool-383-thread-1] INFO  server.RaftServerConfigKeys (ConfUtils.java:logGet(43)) - raft.server.notification.no-leader.timeout = 120s (custom)
2019-10-03 01:26:01,366 [pool-383-thread-1] INFO  server.RaftServerConfigKeys (ConfUtils.java:logGet(43)) - raft.server.log.use.memory = false (default)
2019-10-03 01:26:01,366 [pool-383-thread-1] INFO  server.RaftServerConfigKeys (ConfUtils.java:logGet(43)) - raft.server.log.purge.gap = 1000000 (custom)
2019-10-03 01:26:01,367 [pool-383-thread-1] INFO  server.RaftServerConfigKeys (ConfUtils.java:logGet(43)) - raft.server.log.appender.buffer.byte-limit = 33554432 (custom)
2019-10-03 01:26:01,367 [pool-383-thread-1] INFO  server.RaftServerConfigKeys (ConfUtils.java:logGet(43)) - raft.server.log.segment.size.max = 1048576 (custom)
2019-10-03 01:26:01,368 [pool-383-thread-1] INFO  server.RaftServerConfigKeys (ConfUtils.java:logGet(43)) - raft.server.log.segment.cache.num.max = 2 (custom)
2019-10-03 01:26:01,368 [pool-383-thread-1] INFO  segmented.SegmentedRaftLogWorker (SegmentedRaftLogWorker.java:<init>(173)) - new 88a100f7-812f-49e6-a8e5-c6cb57ce7090@group-5BBE2D5795BA-SegmentedRaftLogWorker for RaftStorage:Storage Directory /workdir/hadoop-ozone/integration-test/target/test-dir/MiniOzoneClusterImpl-1f623d21-a207-44f0-9427-f0c326439107/datanode-0/data/ratis/64b2fb3b-beb0-473e-a614-5bbe2d5795ba
2019-10-03 01:26:01,369 [pool-383-thread-1] INFO  server.RaftServerConfigKeys (ConfUtils.java:logGet(43)) - raft.server.log.queue.byte-limit = 2147483647 (custom)
2019-10-03 01:26:01,369 [pool-383-thread-1] INFO  server.RaftServerConfigKeys (ConfUtils.java:logGet(43)) - raft.server.log.queue.element-limit = 1024 (custom)
2019-10-03 01:26:01,369 [pool-383-thread-1] INFO  server.RaftServerConfigKeys (ConfUtils.java:logGet(43)) - raft.server.log.segment.size.max = 1048576 (custom)
2019-10-03 01:26:01,369 [pool-383-thread-1] INFO  server.RaftServerConfigKeys (ConfUtils.java:logGet(43)) - raft.server.log.preallocated.size = 16384 (custom)
2019-10-03 01:26:01,369 [pool-383-thread-1] INFO  server.RaftServerConfigKeys (ConfUtils.java:logGet(43)) - raft.server.log.write.buffer.size = 33554432 (custom)
2019-10-03 01:26:01,369 [pool-383-thread-1] INFO  server.RaftServerConfigKeys (ConfUtils.java:logGet(43)) - raft.server.log.force.sync.num = 128 (default)
2019-10-03 01:26:01,369 [pool-383-thread-1] INFO  server.RaftServerConfigKeys (ConfUtils.java:logGet(43)) - raft.server.log.statemachine.data.sync = true (default)
2019-10-03 01:26:01,369 [pool-383-thread-1] INFO  server.RaftServerConfigKeys (ConfUtils.java:logGet(43)) - raft.server.log.statemachine.data.sync.timeout = 10s (default)
2019-10-03 01:26:01,369 [pool-383-thread-1] INFO  server.RaftServerConfigKeys (ConfUtils.java:logGet(43)) - raft.server.log.statemachine.data.sync.timeout.retry = -1 (default)
2019-10-03 01:26:01,370 [pool-383-thread-1] INFO  server.RaftServerConfigKeys (ConfUtils.java:logGet(43)) - raft.server.log.statemachine.data.caching.enabled = true (custom)
2019-10-03 01:26:01,370 [pool-383-thread-1] INFO  segmented.SegmentedRaftLogWorker (SegmentedRaftLogWorker.java:lambda$new$0(128)) - 88a100f7-812f-49e6-a8e5-c6cb57ce7090@group-5BBE2D5795BA-SegmentedRaftLogWorker: flushIndex: setUnconditionally 0 -> -1
2019-10-03 01:26:01,370 [pool-383-thread-1] INFO  server.RaftServerConfigKeys (ConfUtils.java:logGet(43)) - raft.server.snapshot.auto.trigger.enabled = true (custom)
2019-10-03 01:26:01,370 [pool-383-thread-1] INFO  server.RaftServerConfigKeys (ConfUtils.java:logGet(43)) - raft.server.snapshot.auto.trigger.threshold = 10000 (custom)
2019-10-03 01:26:01,370 [pool-383-thread-1] INFO  server.RaftServerConfigKeys (ConfUtils.java:logGet(43)) - raft.server.snapshot.retention.file.num = 5 (custom)
2019-10-03 01:26:01,371 [pool-383-thread-1] INFO  server.RaftServerConfigKeys (ConfUtils.java:logGet(43)) - raft.server.retrycache.expirytime = 600000ms (custom)
2019-10-03 01:26:01,372 [pool-383-thread-1] INFO  impl.RaftServerImpl (RaftServerImpl.java:start(181)) - 88a100f7-812f-49e6-a8e5-c6cb57ce7090@group-5BBE2D5795BA: start as a follower, conf=-1: [88a100f7-812f-49e6-a8e5-c6cb57ce7090:192.168.164.205:42103], old=null
2019-10-03 01:26:01,372 [IPC Server handler 4 on 41044] INFO  net.NetworkTopology (NetworkTopologyImpl.java:add(111)) - Added a new node: /default-rack/efbb8493-43d9-4808-a847-93c643e72cb3
2019-10-03 01:26:01,372 [pool-383-thread-1] INFO  impl.RaftServerImpl (RaftServerImpl.java:setRole(170)) - 88a100f7-812f-49e6-a8e5-c6cb57ce7090@group-5BBE2D5795BA: changes role from      null to FOLLOWER at term 0 for startAsFollower
2019-10-03 01:26:01,372 [IPC Server handler 4 on 41044] INFO  node.SCMNodeManager (SCMNodeManager.java:register(266)) - Registered Data node : efbb8493-43d9-4808-a847-93c643e72cb3{ip: 192.168.164.205, host: pr-hdds-1737-89jld-2007629010, networkLocation: /default-rack, certSerialId: null}
2019-10-03 01:26:01,373 [pool-383-thread-1] INFO  impl.RoleInfo (RoleInfo.java:updateAndGet(143)) - 88a100f7-812f-49e6-a8e5-c6cb57ce7090: start FollowerState
2019-10-03 01:26:01,373 [pool-383-thread-1] INFO  util.JmxRegister (JmxRegister.java:tryRegister(44)) - Successfully registered JMX Bean with object name Ratis:service=RaftServer,group=group-5BBE2D5795BA,id=88a100f7-812f-49e6-a8e5-c6cb57ce7090
2019-10-03 01:26:01,381 [RatisPipelineUtilsThread] INFO  pipeline.PipelineStateManager (PipelineStateManager.java:addPipeline(56)) - Created pipeline Pipeline[ Id: 64b2fb3b-beb0-473e-a614-5bbe2d5795ba, Nodes: 88a100f7-812f-49e6-a8e5-c6cb57ce7090{ip: 192.168.164.205, host: pr-hdds-1737-89jld-2007629010, networkLocation: /default-rack, certSerialId: null}, Type:RATIS, Factor:ONE, State:OPEN]
2019-10-03 01:26:01,389 [grpc-default-executor-5] INFO  impl.RaftServerProxy (RaftServerProxy.java:addNew(89)) - efbb8493-43d9-4808-a847-93c643e72cb3: addNew group-B0D300776CA5:[efbb8493-43d9-4808-a847-93c643e72cb3:192.168.164.205:45429] returns group-B0D300776CA5:java.util.concurrent.CompletableFuture@95e0be2[Not completed]
2019-10-03 01:26:01,390 [pool-393-thread-1] INFO  impl.RaftServerImpl (RaftServerImpl.java:<init>(95)) - efbb8493-43d9-4808-a847-93c643e72cb3: new RaftServerImpl for group-B0D300776CA5:[efbb8493-43d9-4808-a847-93c643e72cb3:192.168.164.205:45429] with ContainerStateMachine:uninitialized
2019-10-03 01:26:01,390 [pool-393-thread-1] INFO  server.RaftServerConfigKeys (ConfUtils.java:logGet(43)) - raft.server.rpc.timeout.min = 5s (custom)
2019-10-03 01:26:01,390 [pool-393-thread-1] INFO  server.RaftServerConfigKeys (ConfUtils.java:logGet(43)) - raft.server.rpc.timeout.max = 5200ms (custom)
2019-10-03 01:26:01,391 [pool-393-thread-1] INFO  server.RaftServerConfigKeys (ConfUtils.java:logGet(43)) - raft.server.rpcslowness.timeout = 120s (custom)
2019-10-03 01:26:01,391 [pool-393-thread-1] INFO  server.RaftServerConfigKeys (ConfUtils.java:logGet(43)) - raft.server.sleep.deviation.threshold = 300 (default)
2019-10-03 01:26:01,391 [pool-393-thread-1] INFO  server.RaftServerConfigKeys (ConfUtils.java:logGet(43)) - raft.server.log.appender.install.snapshot.enabled = false (custom)
2019-10-03 01:26:01,391 [pool-393-thread-1] INFO  impl.RaftServerImpl (ServerState.java:<init>(103)) - efbb8493-43d9-4808-a847-93c643e72cb3@group-B0D300776CA5: ConfigurationManager, init=-1: [efbb8493-43d9-4808-a847-93c643e72cb3:192.168.164.205:45429], old=null, confs=<EMPTY_MAP>
2019-10-03 01:26:01,391 [pool-393-thread-1] INFO  server.RaftServerConfigKeys (ConfUtils.java:logGet(43)) - raft.server.storage.dir = [/workdir/hadoop-ozone/integration-test/target/test-dir/MiniOzoneClusterImpl-1f623d21-a207-44f0-9427-f0c326439107/datanode-1/data/ratis] (custom)
2019-10-03 01:26:01,391 [pool-393-thread-1] INFO  server.RaftServerConfigKeys (ConfUtils.java:logGet(43)) - raft.server.log.corruption.policy = EXCEPTION (default)
2019-10-03 01:26:01,391 [pool-393-thread-1] INFO  storage.RaftStorageDirectory (RaftStorageDirectory.java:analyzeStorage(246)) - The storage directory /workdir/hadoop-ozone/integration-test/target/test-dir/MiniOzoneClusterImpl-1f623d21-a207-44f0-9427-f0c326439107/datanode-1/data/ratis/f5df5d08-9c4d-4afe-9ff5-b0d300776ca5 does not exist. Creating ...
2019-10-03 01:26:01,403 [pool-393-thread-1] INFO  storage.RaftStorageDirectory (RaftStorageDirectory.java:tryLock(328)) - Lock on /workdir/hadoop-ozone/integration-test/target/test-dir/MiniOzoneClusterImpl-1f623d21-a207-44f0-9427-f0c326439107/datanode-1/data/ratis/f5df5d08-9c4d-4afe-9ff5-b0d300776ca5/in_use.lock acquired by nodename 15412@pr-hdds-1737-89jld-2007629010
2019-10-03 01:26:01,416 [pool-393-thread-1] INFO  storage.RaftStorage (RaftStorage.java:format(84)) - Storage directory /workdir/hadoop-ozone/integration-test/target/test-dir/MiniOzoneClusterImpl-1f623d21-a207-44f0-9427-f0c326439107/datanode-1/data/ratis/f5df5d08-9c4d-4afe-9ff5-b0d300776ca5 has been successfully formatted.
2019-10-03 01:26:01,416 [pool-393-thread-1] INFO  ratis.ContainerStateMachine (ContainerStateMachine.java:loadSnapshot(230)) - group-B0D300776CA5: The snapshot info is null. Setting the last applied indexto:(t:0, i:~)
2019-10-03 01:26:01,416 [pool-393-thread-1] INFO  server.RaftServerConfigKeys (ConfUtils.java:logGet(43)) - raft.server.notification.no-leader.timeout = 120s (custom)
2019-10-03 01:26:01,416 [pool-393-thread-1] INFO  server.RaftServerConfigKeys (ConfUtils.java:logGet(43)) - raft.server.log.use.memory = false (default)
2019-10-03 01:26:01,416 [pool-393-thread-1] INFO  server.RaftServerConfigKeys (ConfUtils.java:logGet(43)) - raft.server.log.purge.gap = 1000000 (custom)
2019-10-03 01:26:01,416 [pool-393-thread-1] INFO  server.RaftServerConfigKeys (ConfUtils.java:logGet(43)) - raft.server.log.appender.buffer.byte-limit = 33554432 (custom)
2019-10-03 01:26:01,417 [pool-393-thread-1] INFO  server.RaftServerConfigKeys (ConfUtils.java:logGet(43)) - raft.server.log.segment.size.max = 1048576 (custom)
2019-10-03 01:26:01,418 [pool-393-thread-1] INFO  server.RaftServerConfigKeys (ConfUtils.java:logGet(43)) - raft.server.log.segment.cache.num.max = 2 (custom)
2019-10-03 01:26:01,418 [pool-393-thread-1] INFO  segmented.SegmentedRaftLogWorker (SegmentedRaftLogWorker.java:<init>(173)) - new efbb8493-43d9-4808-a847-93c643e72cb3@group-B0D300776CA5-SegmentedRaftLogWorker for RaftStorage:Storage Directory /workdir/hadoop-ozone/integration-test/target/test-dir/MiniOzoneClusterImpl-1f623d21-a207-44f0-9427-f0c326439107/datanode-1/data/ratis/f5df5d08-9c4d-4afe-9ff5-b0d300776ca5
2019-10-03 01:26:01,418 [pool-393-thread-1] INFO  server.RaftServerConfigKeys (ConfUtils.java:logGet(43)) - raft.server.log.queue.byte-limit = 2147483647 (custom)
2019-10-03 01:26:01,418 [pool-393-thread-1] INFO  server.RaftServerConfigKeys (ConfUtils.java:logGet(43)) - raft.server.log.queue.element-limit = 1024 (custom)
2019-10-03 01:26:01,418 [pool-393-thread-1] INFO  server.RaftServerConfigKeys (ConfUtils.java:logGet(43)) - raft.server.log.segment.size.max = 1048576 (custom)
2019-10-03 01:26:01,418 [pool-393-thread-1] INFO  server.RaftServerConfigKeys (ConfUtils.java:logGet(43)) - raft.server.log.preallocated.size = 16384 (custom)
2019-10-03 01:26:01,418 [pool-393-thread-1] INFO  server.RaftServerConfigKeys (ConfUtils.java:logGet(43)) - raft.server.log.write.buffer.size = 33554432 (custom)
2019-10-03 01:26:01,418 [pool-393-thread-1] INFO  server.RaftServerConfigKeys (ConfUtils.java:logGet(43)) - raft.server.log.force.sync.num = 128 (default)
2019-10-03 01:26:01,418 [pool-393-thread-1] INFO  server.RaftServerConfigKeys (ConfUtils.java:logGet(43)) - raft.server.log.statemachine.data.sync = true (default)
2019-10-03 01:26:01,419 [pool-393-thread-1] INFO  server.RaftServerConfigKeys (ConfUtils.java:logGet(43)) - raft.server.log.statemachine.data.sync.timeout = 10s (default)
2019-10-03 01:26:01,419 [pool-393-thread-1] INFO  server.RaftServerConfigKeys (ConfUtils.java:logGet(43)) - raft.server.log.statemachine.data.sync.timeout.retry = -1 (default)
2019-10-03 01:26:01,419 [pool-393-thread-1] INFO  server.RaftServerConfigKeys (ConfUtils.java:logGet(43)) - raft.server.log.statemachine.data.caching.enabled = true (custom)
2019-10-03 01:26:01,419 [pool-393-thread-1] INFO  segmented.SegmentedRaftLogWorker (SegmentedRaftLogWorker.java:lambda$new$0(128)) - efbb8493-43d9-4808-a847-93c643e72cb3@group-B0D300776CA5-SegmentedRaftLogWorker: flushIndex: setUnconditionally 0 -> -1
2019-10-03 01:26:01,419 [pool-393-thread-1] INFO  server.RaftServerConfigKeys (ConfUtils.java:logGet(43)) - raft.server.snapshot.auto.trigger.enabled = true (custom)
2019-10-03 01:26:01,419 [pool-393-thread-1] INFO  server.RaftServerConfigKeys (ConfUtils.java:logGet(43)) - raft.server.snapshot.auto.trigger.threshold = 10000 (custom)
2019-10-03 01:26:01,420 [pool-393-thread-1] INFO  server.RaftServerConfigKeys (ConfUtils.java:logGet(43)) - raft.server.snapshot.retention.file.num = 5 (custom)
2019-10-03 01:26:01,420 [pool-393-thread-1] INFO  server.RaftServerConfigKeys (ConfUtils.java:logGet(43)) - raft.server.retrycache.expirytime = 600000ms (custom)
2019-10-03 01:26:01,421 [pool-393-thread-1] INFO  impl.RaftServerImpl (RaftServerImpl.java:start(181)) - efbb8493-43d9-4808-a847-93c643e72cb3@group-B0D300776CA5: start as a follower, conf=-1: [efbb8493-43d9-4808-a847-93c643e72cb3:192.168.164.205:45429], old=null
2019-10-03 01:26:01,421 [pool-393-thread-1] INFO  impl.RaftServerImpl (RaftServerImpl.java:setRole(170)) - efbb8493-43d9-4808-a847-93c643e72cb3@group-B0D300776CA5: changes role from      null to FOLLOWER at term 0 for startAsFollower
2019-10-03 01:26:01,421 [pool-393-thread-1] INFO  impl.RoleInfo (RoleInfo.java:updateAndGet(143)) - efbb8493-43d9-4808-a847-93c643e72cb3: start FollowerState
2019-10-03 01:26:01,421 [pool-393-thread-1] INFO  util.JmxRegister (JmxRegister.java:tryRegister(44)) - Successfully registered JMX Bean with object name Ratis:service=RaftServer,group=group-B0D300776CA5,id=efbb8493-43d9-4808-a847-93c643e72cb3
2019-10-03 01:26:01,428 [RatisPipelineUtilsThread] INFO  pipeline.PipelineStateManager (PipelineStateManager.java:addPipeline(56)) - Created pipeline Pipeline[ Id: f5df5d08-9c4d-4afe-9ff5-b0d300776ca5, Nodes: efbb8493-43d9-4808-a847-93c643e72cb3{ip: 192.168.164.205, host: pr-hdds-1737-89jld-2007629010, networkLocation: /default-rack, certSerialId: null}, Type:RATIS, Factor:ONE, State:OPEN]
2019-10-03 01:26:01,438 [IPC Server handler 2 on 41044] INFO  net.NetworkTopology (NetworkTopologyImpl.java:add(111)) - Added a new node: /default-rack/7075aa05-1467-40c8-80c3-3e4c6e4ceabe
2019-10-03 01:26:01,438 [IPC Server handler 2 on 41044] INFO  node.SCMNodeManager (SCMNodeManager.java:register(266)) - Registered Data node : 7075aa05-1467-40c8-80c3-3e4c6e4ceabe{ip: 192.168.164.205, host: pr-hdds-1737-89jld-2007629010, networkLocation: /default-rack, certSerialId: null}
2019-10-03 01:26:01,446 [grpc-default-executor-4] INFO  impl.RaftServerProxy (RaftServerProxy.java:addNew(89)) - 7075aa05-1467-40c8-80c3-3e4c6e4ceabe: addNew group-8B56B0369FBD:[7075aa05-1467-40c8-80c3-3e4c6e4ceabe:192.168.164.205:45532] returns group-8B56B0369FBD:java.util.concurrent.CompletableFuture@1c7a5d70[Not completed]
2019-10-03 01:26:01,448 [pool-403-thread-1] INFO  impl.RaftServerImpl (RaftServerImpl.java:<init>(95)) - 7075aa05-1467-40c8-80c3-3e4c6e4ceabe: new RaftServerImpl for group-8B56B0369FBD:[7075aa05-1467-40c8-80c3-3e4c6e4ceabe:192.168.164.205:45532] with ContainerStateMachine:uninitialized
2019-10-03 01:26:01,448 [pool-403-thread-1] INFO  server.RaftServerConfigKeys (ConfUtils.java:logGet(43)) - raft.server.rpc.timeout.min = 5s (custom)
2019-10-03 01:26:01,448 [pool-403-thread-1] INFO  server.RaftServerConfigKeys (ConfUtils.java:logGet(43)) - raft.server.rpc.timeout.max = 5200ms (custom)
2019-10-03 01:26:01,448 [pool-403-thread-1] INFO  server.RaftServerConfigKeys (ConfUtils.java:logGet(43)) - raft.server.rpcslowness.timeout = 120s (custom)
2019-10-03 01:26:01,448 [pool-403-thread-1] INFO  server.RaftServerConfigKeys (ConfUtils.java:logGet(43)) - raft.server.sleep.deviation.threshold = 300 (default)
2019-10-03 01:26:01,448 [pool-403-thread-1] INFO  server.RaftServerConfigKeys (ConfUtils.java:logGet(43)) - raft.server.log.appender.install.snapshot.enabled = false (custom)
2019-10-03 01:26:01,449 [pool-403-thread-1] INFO  impl.RaftServerImpl (ServerState.java:<init>(103)) - 7075aa05-1467-40c8-80c3-3e4c6e4ceabe@group-8B56B0369FBD: ConfigurationManager, init=-1: [7075aa05-1467-40c8-80c3-3e4c6e4ceabe:192.168.164.205:45532], old=null, confs=<EMPTY_MAP>
2019-10-03 01:26:01,449 [pool-403-thread-1] INFO  server.RaftServerConfigKeys (ConfUtils.java:logGet(43)) - raft.server.storage.dir = [/workdir/hadoop-ozone/integration-test/target/test-dir/MiniOzoneClusterImpl-1f623d21-a207-44f0-9427-f0c326439107/datanode-2/data/ratis] (custom)
2019-10-03 01:26:01,449 [pool-403-thread-1] INFO  server.RaftServerConfigKeys (ConfUtils.java:logGet(43)) - raft.server.log.corruption.policy = EXCEPTION (default)
2019-10-03 01:26:01,449 [pool-403-thread-1] INFO  storage.RaftStorageDirectory (RaftStorageDirectory.java:analyzeStorage(246)) - The storage directory /workdir/hadoop-ozone/integration-test/target/test-dir/MiniOzoneClusterImpl-1f623d21-a207-44f0-9427-f0c326439107/datanode-2/data/ratis/f839c6f1-43d5-403c-8b15-8b56b0369fbd does not exist. Creating ...
2019-10-03 01:26:01,462 [pool-403-thread-1] INFO  storage.RaftStorageDirectory (RaftStorageDirectory.java:tryLock(328)) - Lock on /workdir/hadoop-ozone/integration-test/target/test-dir/MiniOzoneClusterImpl-1f623d21-a207-44f0-9427-f0c326439107/datanode-2/data/ratis/f839c6f1-43d5-403c-8b15-8b56b0369fbd/in_use.lock acquired by nodename 15412@pr-hdds-1737-89jld-2007629010
2019-10-03 01:26:01,474 [pool-403-thread-1] INFO  storage.RaftStorage (RaftStorage.java:format(84)) - Storage directory /workdir/hadoop-ozone/integration-test/target/test-dir/MiniOzoneClusterImpl-1f623d21-a207-44f0-9427-f0c326439107/datanode-2/data/ratis/f839c6f1-43d5-403c-8b15-8b56b0369fbd has been successfully formatted.
2019-10-03 01:26:01,475 [pool-403-thread-1] INFO  ratis.ContainerStateMachine (ContainerStateMachine.java:loadSnapshot(230)) - group-8B56B0369FBD: The snapshot info is null. Setting the last applied indexto:(t:0, i:~)
2019-10-03 01:26:01,475 [pool-403-thread-1] INFO  server.RaftServerConfigKeys (ConfUtils.java:logGet(43)) - raft.server.notification.no-leader.timeout = 120s (custom)
2019-10-03 01:26:01,475 [pool-403-thread-1] INFO  server.RaftServerConfigKeys (ConfUtils.java:logGet(43)) - raft.server.log.use.memory = false (default)
2019-10-03 01:26:01,475 [pool-403-thread-1] INFO  server.RaftServerConfigKeys (ConfUtils.java:logGet(43)) - raft.server.log.purge.gap = 1000000 (custom)
2019-10-03 01:26:01,475 [pool-403-thread-1] INFO  server.RaftServerConfigKeys (ConfUtils.java:logGet(43)) - raft.server.log.appender.buffer.byte-limit = 33554432 (custom)
2019-10-03 01:26:01,475 [pool-403-thread-1] INFO  server.RaftServerConfigKeys (ConfUtils.java:logGet(43)) - raft.server.log.segment.size.max = 1048576 (custom)
2019-10-03 01:26:01,477 [pool-403-thread-1] INFO  server.RaftServerConfigKeys (ConfUtils.java:logGet(43)) - raft.server.log.segment.cache.num.max = 2 (custom)
2019-10-03 01:26:01,477 [pool-403-thread-1] INFO  segmented.SegmentedRaftLogWorker (SegmentedRaftLogWorker.java:<init>(173)) - new 7075aa05-1467-40c8-80c3-3e4c6e4ceabe@group-8B56B0369FBD-SegmentedRaftLogWorker for RaftStorage:Storage Directory /workdir/hadoop-ozone/integration-test/target/test-dir/MiniOzoneClusterImpl-1f623d21-a207-44f0-9427-f0c326439107/datanode-2/data/ratis/f839c6f1-43d5-403c-8b15-8b56b0369fbd
2019-10-03 01:26:01,477 [pool-403-thread-1] INFO  server.RaftServerConfigKeys (ConfUtils.java:logGet(43)) - raft.server.log.queue.byte-limit = 2147483647 (custom)
2019-10-03 01:26:01,477 [pool-403-thread-1] INFO  server.RaftServerConfigKeys (ConfUtils.java:logGet(43)) - raft.server.log.queue.element-limit = 1024 (custom)
2019-10-03 01:26:01,477 [pool-403-thread-1] INFO  server.RaftServerConfigKeys (ConfUtils.java:logGet(43)) - raft.server.log.segment.size.max = 1048576 (custom)
2019-10-03 01:26:01,477 [pool-403-thread-1] INFO  server.RaftServerConfigKeys (ConfUtils.java:logGet(43)) - raft.server.log.preallocated.size = 16384 (custom)
2019-10-03 01:26:01,477 [pool-403-thread-1] INFO  server.RaftServerConfigKeys (ConfUtils.java:logGet(43)) - raft.server.log.write.buffer.size = 33554432 (custom)
2019-10-03 01:26:01,477 [pool-403-thread-1] INFO  server.RaftServerConfigKeys (ConfUtils.java:logGet(43)) - raft.server.log.force.sync.num = 128 (default)
2019-10-03 01:26:01,478 [pool-403-thread-1] INFO  server.RaftServerConfigKeys (ConfUtils.java:logGet(43)) - raft.server.log.statemachine.data.sync = true (default)
2019-10-03 01:26:01,478 [pool-403-thread-1] INFO  server.RaftServerConfigKeys (ConfUtils.java:logGet(43)) - raft.server.log.statemachine.data.sync.timeout = 10s (default)
2019-10-03 01:26:01,478 [pool-403-thread-1] INFO  server.RaftServerConfigKeys (ConfUtils.java:logGet(43)) - raft.server.log.statemachine.data.sync.timeout.retry = -1 (default)
2019-10-03 01:26:01,478 [pool-403-thread-1] INFO  server.RaftServerConfigKeys (ConfUtils.java:logGet(43)) - raft.server.log.statemachine.data.caching.enabled = true (custom)
2019-10-03 01:26:01,478 [pool-403-thread-1] INFO  segmented.SegmentedRaftLogWorker (SegmentedRaftLogWorker.java:lambda$new$0(128)) - 7075aa05-1467-40c8-80c3-3e4c6e4ceabe@group-8B56B0369FBD-SegmentedRaftLogWorker: flushIndex: setUnconditionally 0 -> -1
2019-10-03 01:26:01,479 [pool-403-thread-1] INFO  server.RaftServerConfigKeys (ConfUtils.java:logGet(43)) - raft.server.snapshot.auto.trigger.enabled = true (custom)
2019-10-03 01:26:01,479 [pool-403-thread-1] INFO  server.RaftServerConfigKeys (ConfUtils.java:logGet(43)) - raft.server.snapshot.auto.trigger.threshold = 10000 (custom)
2019-10-03 01:26:01,479 [pool-403-thread-1] INFO  server.RaftServerConfigKeys (ConfUtils.java:logGet(43)) - raft.server.snapshot.retention.file.num = 5 (custom)
2019-10-03 01:26:01,479 [pool-403-thread-1] INFO  server.RaftServerConfigKeys (ConfUtils.java:logGet(43)) - raft.server.retrycache.expirytime = 600000ms (custom)
2019-10-03 01:26:01,480 [pool-403-thread-1] INFO  impl.RaftServerImpl (RaftServerImpl.java:start(181)) - 7075aa05-1467-40c8-80c3-3e4c6e4ceabe@group-8B56B0369FBD: start as a follower, conf=-1: [7075aa05-1467-40c8-80c3-3e4c6e4ceabe:192.168.164.205:45532], old=null
2019-10-03 01:26:01,480 [pool-403-thread-1] INFO  impl.RaftServerImpl (RaftServerImpl.java:setRole(170)) - 7075aa05-1467-40c8-80c3-3e4c6e4ceabe@group-8B56B0369FBD: changes role from      null to FOLLOWER at term 0 for startAsFollower
2019-10-03 01:26:01,480 [pool-403-thread-1] INFO  impl.RoleInfo (RoleInfo.java:updateAndGet(143)) - 7075aa05-1467-40c8-80c3-3e4c6e4ceabe: start FollowerState
2019-10-03 01:26:01,481 [pool-403-thread-1] INFO  util.JmxRegister (JmxRegister.java:tryRegister(44)) - Successfully registered JMX Bean with object name Ratis:service=RaftServer,group=group-8B56B0369FBD,id=7075aa05-1467-40c8-80c3-3e4c6e4ceabe
2019-10-03 01:26:01,489 [RatisPipelineUtilsThread] INFO  pipeline.PipelineStateManager (PipelineStateManager.java:addPipeline(56)) - Created pipeline Pipeline[ Id: f839c6f1-43d5-403c-8b15-8b56b0369fbd, Nodes: 7075aa05-1467-40c8-80c3-3e4c6e4ceabe{ip: 192.168.164.205, host: pr-hdds-1737-89jld-2007629010, networkLocation: /default-rack, certSerialId: null}, Type:RATIS, Factor:ONE, State:OPEN]
2019-10-03 01:26:01,503 [grpc-default-executor-6] INFO  impl.RaftServerProxy (RaftServerProxy.java:addNew(89)) - 7075aa05-1467-40c8-80c3-3e4c6e4ceabe: addNew group-A0B6BDB3A1E7:[88a100f7-812f-49e6-a8e5-c6cb57ce7090:192.168.164.205:42103, efbb8493-43d9-4808-a847-93c643e72cb3:192.168.164.205:45429, 7075aa05-1467-40c8-80c3-3e4c6e4ceabe:192.168.164.205:45532] returns group-A0B6BDB3A1E7:java.util.concurrent.CompletableFuture@5244db8[Not completed]
2019-10-03 01:26:01,505 [grpc-default-executor-6] INFO  impl.RaftServerProxy (RaftServerProxy.java:addNew(89)) - efbb8493-43d9-4808-a847-93c643e72cb3: addNew group-A0B6BDB3A1E7:[88a100f7-812f-49e6-a8e5-c6cb57ce7090:192.168.164.205:42103, efbb8493-43d9-4808-a847-93c643e72cb3:192.168.164.205:45429, 7075aa05-1467-40c8-80c3-3e4c6e4ceabe:192.168.164.205:45532] returns group-A0B6BDB3A1E7:java.util.concurrent.CompletableFuture@5fc3cdf3[Not completed]
2019-10-03 01:26:01,508 [pool-403-thread-1] INFO  impl.RaftServerImpl (RaftServerImpl.java:<init>(95)) - 7075aa05-1467-40c8-80c3-3e4c6e4ceabe: new RaftServerImpl for group-A0B6BDB3A1E7:[88a100f7-812f-49e6-a8e5-c6cb57ce7090:192.168.164.205:42103, efbb8493-43d9-4808-a847-93c643e72cb3:192.168.164.205:45429, 7075aa05-1467-40c8-80c3-3e4c6e4ceabe:192.168.164.205:45532] with ContainerStateMachine:uninitialized
2019-10-03 01:26:01,508 [grpc-default-executor-6] INFO  impl.RaftServerProxy (RaftServerProxy.java:addNew(89)) - 88a100f7-812f-49e6-a8e5-c6cb57ce7090: addNew group-A0B6BDB3A1E7:[88a100f7-812f-49e6-a8e5-c6cb57ce7090:192.168.164.205:42103, efbb8493-43d9-4808-a847-93c643e72cb3:192.168.164.205:45429, 7075aa05-1467-40c8-80c3-3e4c6e4ceabe:192.168.164.205:45532] returns group-A0B6BDB3A1E7:java.util.concurrent.CompletableFuture@51e2de2b[Not completed]
2019-10-03 01:26:01,508 [pool-403-thread-1] INFO  server.RaftServerConfigKeys (ConfUtils.java:logGet(43)) - raft.server.rpc.timeout.min = 5s (custom)
2019-10-03 01:26:01,509 [pool-403-thread-1] INFO  server.RaftServerConfigKeys (ConfUtils.java:logGet(43)) - raft.server.rpc.timeout.max = 5200ms (custom)
2019-10-03 01:26:01,509 [pool-403-thread-1] INFO  server.RaftServerConfigKeys (ConfUtils.java:logGet(43)) - raft.server.rpcslowness.timeout = 120s (custom)
2019-10-03 01:26:01,509 [pool-403-thread-1] INFO  server.RaftServerConfigKeys (ConfUtils.java:logGet(43)) - raft.server.sleep.deviation.threshold = 300 (default)
2019-10-03 01:26:01,509 [pool-403-thread-1] INFO  server.RaftServerConfigKeys (ConfUtils.java:logGet(43)) - raft.server.log.appender.install.snapshot.enabled = false (custom)
2019-10-03 01:26:01,509 [pool-403-thread-1] INFO  impl.RaftServerImpl (ServerState.java:<init>(103)) - 7075aa05-1467-40c8-80c3-3e4c6e4ceabe@group-A0B6BDB3A1E7: ConfigurationManager, init=-1: [88a100f7-812f-49e6-a8e5-c6cb57ce7090:192.168.164.205:42103, efbb8493-43d9-4808-a847-93c643e72cb3:192.168.164.205:45429, 7075aa05-1467-40c8-80c3-3e4c6e4ceabe:192.168.164.205:45532], old=null, confs=<EMPTY_MAP>
2019-10-03 01:26:01,509 [pool-403-thread-1] INFO  server.RaftServerConfigKeys (ConfUtils.java:logGet(43)) - raft.server.storage.dir = [/workdir/hadoop-ozone/integration-test/target/test-dir/MiniOzoneClusterImpl-1f623d21-a207-44f0-9427-f0c326439107/datanode-2/data/ratis] (custom)
2019-10-03 01:26:01,510 [pool-403-thread-1] INFO  server.RaftServerConfigKeys (ConfUtils.java:logGet(43)) - raft.server.log.corruption.policy = EXCEPTION (default)
2019-10-03 01:26:01,510 [pool-393-thread-1] INFO  impl.RaftServerImpl (RaftServerImpl.java:<init>(95)) - efbb8493-43d9-4808-a847-93c643e72cb3: new RaftServerImpl for group-A0B6BDB3A1E7:[88a100f7-812f-49e6-a8e5-c6cb57ce7090:192.168.164.205:42103, efbb8493-43d9-4808-a847-93c643e72cb3:192.168.164.205:45429, 7075aa05-1467-40c8-80c3-3e4c6e4ceabe:192.168.164.205:45532] with ContainerStateMachine:uninitialized
2019-10-03 01:26:01,510 [pool-403-thread-1] INFO  storage.RaftStorageDirectory (RaftStorageDirectory.java:analyzeStorage(246)) - The storage directory /workdir/hadoop-ozone/integration-test/target/test-dir/MiniOzoneClusterImpl-1f623d21-a207-44f0-9427-f0c326439107/datanode-2/data/ratis/aca1d75d-df7b-436c-8215-a0b6bdb3a1e7 does not exist. Creating ...
2019-10-03 01:26:01,510 [pool-393-thread-1] INFO  server.RaftServerConfigKeys (ConfUtils.java:logGet(43)) - raft.server.rpc.timeout.min = 5s (custom)
2019-10-03 01:26:01,510 [pool-383-thread-1] INFO  impl.RaftServerImpl (RaftServerImpl.java:<init>(95)) - 88a100f7-812f-49e6-a8e5-c6cb57ce7090: new RaftServerImpl for group-A0B6BDB3A1E7:[88a100f7-812f-49e6-a8e5-c6cb57ce7090:192.168.164.205:42103, efbb8493-43d9-4808-a847-93c643e72cb3:192.168.164.205:45429, 7075aa05-1467-40c8-80c3-3e4c6e4ceabe:192.168.164.205:45532] with ContainerStateMachine:uninitialized
2019-10-03 01:26:01,510 [pool-393-thread-1] INFO  server.RaftServerConfigKeys (ConfUtils.java:logGet(43)) - raft.server.rpc.timeout.max = 5200ms (custom)
2019-10-03 01:26:01,510 [pool-383-thread-1] INFO  server.RaftServerConfigKeys (ConfUtils.java:logGet(43)) - raft.server.rpc.timeout.min = 5s (custom)
2019-10-03 01:26:01,510 [pool-393-thread-1] INFO  server.RaftServerConfigKeys (ConfUtils.java:logGet(43)) - raft.server.rpcslowness.timeout = 120s (custom)
2019-10-03 01:26:01,510 [pool-383-thread-1] INFO  server.RaftServerConfigKeys (ConfUtils.java:logGet(43)) - raft.server.rpc.timeout.max = 5200ms (custom)
2019-10-03 01:26:01,510 [pool-393-thread-1] INFO  server.RaftServerConfigKeys (ConfUtils.java:logGet(43)) - raft.server.sleep.deviation.threshold = 300 (default)
2019-10-03 01:26:01,511 [pool-383-thread-1] INFO  server.RaftServerConfigKeys (ConfUtils.java:logGet(43)) - raft.server.rpcslowness.timeout = 120s (custom)
2019-10-03 01:26:01,511 [pool-393-thread-1] INFO  server.RaftServerConfigKeys (ConfUtils.java:logGet(43)) - raft.server.log.appender.install.snapshot.enabled = false (custom)
2019-10-03 01:26:01,511 [pool-383-thread-1] INFO  server.RaftServerConfigKeys (ConfUtils.java:logGet(43)) - raft.server.sleep.deviation.threshold = 300 (default)
2019-10-03 01:26:01,511 [pool-393-thread-1] INFO  impl.RaftServerImpl (ServerState.java:<init>(103)) - efbb8493-43d9-4808-a847-93c643e72cb3@group-A0B6BDB3A1E7: ConfigurationManager, init=-1: [88a100f7-812f-49e6-a8e5-c6cb57ce7090:192.168.164.205:42103, efbb8493-43d9-4808-a847-93c643e72cb3:192.168.164.205:45429, 7075aa05-1467-40c8-80c3-3e4c6e4ceabe:192.168.164.205:45532], old=null, confs=<EMPTY_MAP>
2019-10-03 01:26:01,511 [pool-383-thread-1] INFO  server.RaftServerConfigKeys (ConfUtils.java:logGet(43)) - raft.server.log.appender.install.snapshot.enabled = false (custom)
2019-10-03 01:26:01,511 [pool-393-thread-1] INFO  server.RaftServerConfigKeys (ConfUtils.java:logGet(43)) - raft.server.storage.dir = [/workdir/hadoop-ozone/integration-test/target/test-dir/MiniOzoneClusterImpl-1f623d21-a207-44f0-9427-f0c326439107/datanode-1/data/ratis] (custom)
2019-10-03 01:26:01,511 [pool-383-thread-1] INFO  impl.RaftServerImpl (ServerState.java:<init>(103)) - 88a100f7-812f-49e6-a8e5-c6cb57ce7090@group-A0B6BDB3A1E7: ConfigurationManager, init=-1: [88a100f7-812f-49e6-a8e5-c6cb57ce7090:192.168.164.205:42103, efbb8493-43d9-4808-a847-93c643e72cb3:192.168.164.205:45429, 7075aa05-1467-40c8-80c3-3e4c6e4ceabe:192.168.164.205:45532], old=null, confs=<EMPTY_MAP>
2019-10-03 01:26:01,512 [pool-383-thread-1] INFO  server.RaftServerConfigKeys (ConfUtils.java:logGet(43)) - raft.server.storage.dir = [/workdir/hadoop-ozone/integration-test/target/test-dir/MiniOzoneClusterImpl-1f623d21-a207-44f0-9427-f0c326439107/datanode-0/data/ratis] (custom)
2019-10-03 01:26:01,512 [pool-393-thread-1] INFO  server.RaftServerConfigKeys (ConfUtils.java:logGet(43)) - raft.server.log.corruption.policy = EXCEPTION (default)
2019-10-03 01:26:01,512 [pool-383-thread-1] INFO  server.RaftServerConfigKeys (ConfUtils.java:logGet(43)) - raft.server.log.corruption.policy = EXCEPTION (default)
2019-10-03 01:26:01,512 [pool-393-thread-1] INFO  storage.RaftStorageDirectory (RaftStorageDirectory.java:analyzeStorage(246)) - The storage directory /workdir/hadoop-ozone/integration-test/target/test-dir/MiniOzoneClusterImpl-1f623d21-a207-44f0-9427-f0c326439107/datanode-1/data/ratis/aca1d75d-df7b-436c-8215-a0b6bdb3a1e7 does not exist. Creating ...
2019-10-03 01:26:01,512 [pool-383-thread-1] INFO  storage.RaftStorageDirectory (RaftStorageDirectory.java:analyzeStorage(246)) - The storage directory /workdir/hadoop-ozone/integration-test/target/test-dir/MiniOzoneClusterImpl-1f623d21-a207-44f0-9427-f0c326439107/datanode-0/data/ratis/aca1d75d-df7b-436c-8215-a0b6bdb3a1e7 does not exist. Creating ...
2019-10-03 01:26:01,512 [IPC Server handler 1 on 41044] INFO  net.NetworkTopology (NetworkTopologyImpl.java:add(111)) - Added a new node: /default-rack/19a6d400-3fea-480b-9703-531bb51b7be4
2019-10-03 01:26:01,513 [IPC Server handler 1 on 41044] INFO  node.SCMNodeManager (SCMNodeManager.java:register(266)) - Registered Data node : 19a6d400-3fea-480b-9703-531bb51b7be4{ip: 192.168.164.205, host: pr-hdds-1737-89jld-2007629010, networkLocation: /default-rack, certSerialId: null}
2019-10-03 01:26:01,523 [pool-403-thread-1] INFO  storage.RaftStorageDirectory (RaftStorageDirectory.java:tryLock(328)) - Lock on /workdir/hadoop-ozone/integration-test/target/test-dir/MiniOzoneClusterImpl-1f623d21-a207-44f0-9427-f0c326439107/datanode-2/data/ratis/aca1d75d-df7b-436c-8215-a0b6bdb3a1e7/in_use.lock acquired by nodename 15412@pr-hdds-1737-89jld-2007629010
2019-10-03 01:26:01,523 [pool-393-thread-1] INFO  storage.RaftStorageDirectory (RaftStorageDirectory.java:tryLock(328)) - Lock on /workdir/hadoop-ozone/integration-test/target/test-dir/MiniOzoneClusterImpl-1f623d21-a207-44f0-9427-f0c326439107/datanode-1/data/ratis/aca1d75d-df7b-436c-8215-a0b6bdb3a1e7/in_use.lock acquired by nodename 15412@pr-hdds-1737-89jld-2007629010
2019-10-03 01:26:01,523 [pool-383-thread-1] INFO  storage.RaftStorageDirectory (RaftStorageDirectory.java:tryLock(328)) - Lock on /workdir/hadoop-ozone/integration-test/target/test-dir/MiniOzoneClusterImpl-1f623d21-a207-44f0-9427-f0c326439107/datanode-0/data/ratis/aca1d75d-df7b-436c-8215-a0b6bdb3a1e7/in_use.lock acquired by nodename 15412@pr-hdds-1737-89jld-2007629010
2019-10-03 01:26:01,537 [pool-403-thread-1] INFO  storage.RaftStorage (RaftStorage.java:format(84)) - Storage directory /workdir/hadoop-ozone/integration-test/target/test-dir/MiniOzoneClusterImpl-1f623d21-a207-44f0-9427-f0c326439107/datanode-2/data/ratis/aca1d75d-df7b-436c-8215-a0b6bdb3a1e7 has been successfully formatted.
2019-10-03 01:26:01,537 [pool-393-thread-1] INFO  storage.RaftStorage (RaftStorage.java:format(84)) - Storage directory /workdir/hadoop-ozone/integration-test/target/test-dir/MiniOzoneClusterImpl-1f623d21-a207-44f0-9427-f0c326439107/datanode-1/data/ratis/aca1d75d-df7b-436c-8215-a0b6bdb3a1e7 has been successfully formatted.
2019-10-03 01:26:01,537 [pool-403-thread-1] INFO  ratis.ContainerStateMachine (ContainerStateMachine.java:loadSnapshot(230)) - group-A0B6BDB3A1E7: The snapshot info is null. Setting the last applied indexto:(t:0, i:~)
2019-10-03 01:26:01,537 [pool-383-thread-1] INFO  storage.RaftStorage (RaftStorage.java:format(84)) - Storage directory /workdir/hadoop-ozone/integration-test/target/test-dir/MiniOzoneClusterImpl-1f623d21-a207-44f0-9427-f0c326439107/datanode-0/data/ratis/aca1d75d-df7b-436c-8215-a0b6bdb3a1e7 has been successfully formatted.
2019-10-03 01:26:01,537 [pool-403-thread-1] INFO  server.RaftServerConfigKeys (ConfUtils.java:logGet(43)) - raft.server.notification.no-leader.timeout = 120s (custom)
2019-10-03 01:26:01,537 [pool-393-thread-1] INFO  ratis.ContainerStateMachine (ContainerStateMachine.java:loadSnapshot(230)) - group-A0B6BDB3A1E7: The snapshot info is null. Setting the last applied indexto:(t:0, i:~)
2019-10-03 01:26:01,538 [pool-383-thread-1] INFO  ratis.ContainerStateMachine (ContainerStateMachine.java:loadSnapshot(230)) - group-A0B6BDB3A1E7: The snapshot info is null. Setting the last applied indexto:(t:0, i:~)
2019-10-03 01:26:01,538 [pool-403-thread-1] INFO  server.RaftServerConfigKeys (ConfUtils.java:logGet(43)) - raft.server.log.use.memory = false (default)
2019-10-03 01:26:01,538 [pool-383-thread-1] INFO  server.RaftServerConfigKeys (ConfUtils.java:logGet(43)) - raft.server.notification.no-leader.timeout = 120s (custom)
2019-10-03 01:26:01,538 [pool-393-thread-1] INFO  server.RaftServerConfigKeys (ConfUtils.java:logGet(43)) - raft.server.notification.no-leader.timeout = 120s (custom)
2019-10-03 01:26:01,538 [pool-383-thread-1] INFO  server.RaftServerConfigKeys (ConfUtils.java:logGet(43)) - raft.server.log.use.memory = false (default)
2019-10-03 01:26:01,538 [pool-403-thread-1] INFO  server.RaftServerConfigKeys (ConfUtils.java:logGet(43)) - raft.server.log.purge.gap = 1000000 (custom)
2019-10-03 01:26:01,538 [pool-383-thread-1] INFO  server.RaftServerConfigKeys (ConfUtils.java:logGet(43)) - raft.server.log.purge.gap = 1000000 (custom)
2019-10-03 01:26:01,538 [pool-393-thread-1] INFO  server.RaftServerConfigKeys (ConfUtils.java:logGet(43)) - raft.server.log.use.memory = false (default)
2019-10-03 01:26:01,539 [pool-383-thread-1] INFO  server.RaftServerConfigKeys (ConfUtils.java:logGet(43)) - raft.server.log.appender.buffer.byte-limit = 33554432 (custom)
2019-10-03 01:26:01,538 [pool-403-thread-1] INFO  server.RaftServerConfigKeys (ConfUtils.java:logGet(43)) - raft.server.log.appender.buffer.byte-limit = 33554432 (custom)
2019-10-03 01:26:01,539 [pool-383-thread-1] INFO  server.RaftServerConfigKeys (ConfUtils.java:logGet(43)) - raft.server.log.segment.size.max = 1048576 (custom)
2019-10-03 01:26:01,539 [pool-393-thread-1] INFO  server.RaftServerConfigKeys (ConfUtils.java:logGet(43)) - raft.server.log.purge.gap = 1000000 (custom)
2019-10-03 01:26:01,539 [pool-383-thread-1] INFO  server.RaftServerConfigKeys (ConfUtils.java:logGet(43)) - raft.server.log.segment.cache.num.max = 2 (custom)
2019-10-03 01:26:01,539 [pool-403-thread-1] INFO  server.RaftServerConfigKeys (ConfUtils.java:logGet(43)) - raft.server.log.segment.size.max = 1048576 (custom)
2019-10-03 01:26:01,539 [pool-383-thread-1] INFO  segmented.SegmentedRaftLogWorker (SegmentedRaftLogWorker.java:<init>(173)) - new 88a100f7-812f-49e6-a8e5-c6cb57ce7090@group-A0B6BDB3A1E7-SegmentedRaftLogWorker for RaftStorage:Storage Directory /workdir/hadoop-ozone/integration-test/target/test-dir/MiniOzoneClusterImpl-1f623d21-a207-44f0-9427-f0c326439107/datanode-0/data/ratis/aca1d75d-df7b-436c-8215-a0b6bdb3a1e7
2019-10-03 01:26:01,539 [pool-393-thread-1] INFO  server.RaftServerConfigKeys (ConfUtils.java:logGet(43)) - raft.server.log.appender.buffer.byte-limit = 33554432 (custom)
2019-10-03 01:26:01,540 [pool-383-thread-1] INFO  server.RaftServerConfigKeys (ConfUtils.java:logGet(43)) - raft.server.log.queue.byte-limit = 2147483647 (custom)
2019-10-03 01:26:01,539 [pool-403-thread-1] INFO  server.RaftServerConfigKeys (ConfUtils.java:logGet(43)) - raft.server.log.segment.cache.num.max = 2 (custom)
2019-10-03 01:26:01,540 [pool-383-thread-1] INFO  server.RaftServerConfigKeys (ConfUtils.java:logGet(43)) - raft.server.log.queue.element-limit = 1024 (custom)
2019-10-03 01:26:01,540 [pool-393-thread-1] INFO  server.RaftServerConfigKeys (ConfUtils.java:logGet(43)) - raft.server.log.segment.size.max = 1048576 (custom)
2019-10-03 01:26:01,540 [pool-383-thread-1] INFO  server.RaftServerConfigKeys (ConfUtils.java:logGet(43)) - raft.server.log.segment.size.max = 1048576 (custom)
2019-10-03 01:26:01,540 [pool-403-thread-1] INFO  segmented.SegmentedRaftLogWorker (SegmentedRaftLogWorker.java:<init>(173)) - new 7075aa05-1467-40c8-80c3-3e4c6e4ceabe@group-A0B6BDB3A1E7-SegmentedRaftLogWorker for RaftStorage:Storage Directory /workdir/hadoop-ozone/integration-test/target/test-dir/MiniOzoneClusterImpl-1f623d21-a207-44f0-9427-f0c326439107/datanode-2/data/ratis/aca1d75d-df7b-436c-8215-a0b6bdb3a1e7
2019-10-03 01:26:01,540 [pool-383-thread-1] INFO  server.RaftServerConfigKeys (ConfUtils.java:logGet(43)) - raft.server.log.preallocated.size = 16384 (custom)
2019-10-03 01:26:01,540 [pool-393-thread-1] INFO  server.RaftServerConfigKeys (ConfUtils.java:logGet(43)) - raft.server.log.segment.cache.num.max = 2 (custom)
2019-10-03 01:26:01,541 [pool-383-thread-1] INFO  server.RaftServerConfigKeys (ConfUtils.java:logGet(43)) - raft.server.log.write.buffer.size = 33554432 (custom)
2019-10-03 01:26:01,541 [pool-383-thread-1] INFO  server.RaftServerConfigKeys (ConfUtils.java:logGet(43)) - raft.server.log.force.sync.num = 128 (default)
2019-10-03 01:26:01,541 [pool-403-thread-1] INFO  server.RaftServerConfigKeys (ConfUtils.java:logGet(43)) - raft.server.log.queue.byte-limit = 2147483647 (custom)
2019-10-03 01:26:01,541 [pool-383-thread-1] INFO  server.RaftServerConfigKeys (ConfUtils.java:logGet(43)) - raft.server.log.statemachine.data.sync = true (default)
2019-10-03 01:26:01,541 [pool-393-thread-1] INFO  segmented.SegmentedRaftLogWorker (SegmentedRaftLogWorker.java:<init>(173)) - new efbb8493-43d9-4808-a847-93c643e72cb3@group-A0B6BDB3A1E7-SegmentedRaftLogWorker for RaftStorage:Storage Directory /workdir/hadoop-ozone/integration-test/target/test-dir/MiniOzoneClusterImpl-1f623d21-a207-44f0-9427-f0c326439107/datanode-1/data/ratis/aca1d75d-df7b-436c-8215-a0b6bdb3a1e7
2019-10-03 01:26:01,541 [pool-383-thread-1] INFO  server.RaftServerConfigKeys (ConfUtils.java:logGet(43)) - raft.server.log.statemachine.data.sync.timeout = 10s (default)
2019-10-03 01:26:01,542 [pool-383-thread-1] INFO  server.RaftServerConfigKeys (ConfUtils.java:logGet(43)) - raft.server.log.statemachine.data.sync.timeout.retry = -1 (default)
2019-10-03 01:26:01,541 [pool-403-thread-1] INFO  server.RaftServerConfigKeys (ConfUtils.java:logGet(43)) - raft.server.log.queue.element-limit = 1024 (custom)
2019-10-03 01:26:01,542 [pool-383-thread-1] INFO  server.RaftServerConfigKeys (ConfUtils.java:logGet(43)) - raft.server.log.statemachine.data.caching.enabled = true (custom)
2019-10-03 01:26:01,541 [pool-393-thread-1] INFO  server.RaftServerConfigKeys (ConfUtils.java:logGet(43)) - raft.server.log.queue.byte-limit = 2147483647 (custom)
2019-10-03 01:26:01,542 [pool-403-thread-1] INFO  server.RaftServerConfigKeys (ConfUtils.java:logGet(43)) - raft.server.log.segment.size.max = 1048576 (custom)
2019-10-03 01:26:01,542 [pool-383-thread-1] INFO  segmented.SegmentedRaftLogWorker (SegmentedRaftLogWorker.java:lambda$new$0(128)) - 88a100f7-812f-49e6-a8e5-c6cb57ce7090@group-A0B6BDB3A1E7-SegmentedRaftLogWorker: flushIndex: setUnconditionally 0 -> -1
2019-10-03 01:26:01,542 [pool-393-thread-1] INFO  server.RaftServerConfigKeys (ConfUtils.java:logGet(43)) - raft.server.log.queue.element-limit = 1024 (custom)
2019-10-03 01:26:01,542 [pool-403-thread-1] INFO  server.RaftServerConfigKeys (ConfUtils.java:logGet(43)) - raft.server.log.preallocated.size = 16384 (custom)
2019-10-03 01:26:01,543 [pool-383-thread-1] INFO  server.RaftServerConfigKeys (ConfUtils.java:logGet(43)) - raft.server.snapshot.auto.trigger.enabled = true (custom)
2019-10-03 01:26:01,543 [pool-393-thread-1] INFO  server.RaftServerConfigKeys (ConfUtils.java:logGet(43)) - raft.server.log.segment.size.max = 1048576 (custom)
2019-10-03 01:26:01,543 [pool-383-thread-1] INFO  server.RaftServerConfigKeys (ConfUtils.java:logGet(43)) - raft.server.snapshot.auto.trigger.threshold = 10000 (custom)
2019-10-03 01:26:01,543 [pool-403-thread-1] INFO  server.RaftServerConfigKeys (ConfUtils.java:logGet(43)) - raft.server.log.write.buffer.size = 33554432 (custom)
2019-10-03 01:26:01,543 [pool-383-thread-1] INFO  server.RaftServerConfigKeys (ConfUtils.java:logGet(43)) - raft.server.snapshot.retention.file.num = 5 (custom)
2019-10-03 01:26:01,543 [pool-393-thread-1] INFO  server.RaftServerConfigKeys (ConfUtils.java:logGet(43)) - raft.server.log.preallocated.size = 16384 (custom)
2019-10-03 01:26:01,543 [pool-383-thread-1] INFO  server.RaftServerConfigKeys (ConfUtils.java:logGet(43)) - raft.server.retrycache.expirytime = 600000ms (custom)
2019-10-03 01:26:01,543 [pool-403-thread-1] INFO  server.RaftServerConfigKeys (ConfUtils.java:logGet(43)) - raft.server.log.force.sync.num = 128 (default)
2019-10-03 01:26:01,544 [pool-393-thread-1] INFO  server.RaftServerConfigKeys (ConfUtils.java:logGet(43)) - raft.server.log.write.buffer.size = 33554432 (custom)
2019-10-03 01:26:01,544 [pool-403-thread-1] INFO  server.RaftServerConfigKeys (ConfUtils.java:logGet(43)) - raft.server.log.statemachine.data.sync = true (default)
2019-10-03 01:26:01,544 [pool-393-thread-1] INFO  server.RaftServerConfigKeys (ConfUtils.java:logGet(43)) - raft.server.log.force.sync.num = 128 (default)
2019-10-03 01:26:01,544 [pool-403-thread-1] INFO  server.RaftServerConfigKeys (ConfUtils.java:logGet(43)) - raft.server.log.statemachine.data.sync.timeout = 10s (default)
2019-10-03 01:26:01,544 [pool-393-thread-1] INFO  server.RaftServerConfigKeys (ConfUtils.java:logGet(43)) - raft.server.log.statemachine.data.sync = true (default)
2019-10-03 01:26:01,544 [pool-403-thread-1] INFO  server.RaftServerConfigKeys (ConfUtils.java:logGet(43)) - raft.server.log.statemachine.data.sync.timeout.retry = -1 (default)
2019-10-03 01:26:01,544 [pool-393-thread-1] INFO  server.RaftServerConfigKeys (ConfUtils.java:logGet(43)) - raft.server.log.statemachine.data.sync.timeout = 10s (default)
2019-10-03 01:26:01,544 [pool-403-thread-1] INFO  server.RaftServerConfigKeys (ConfUtils.java:logGet(43)) - raft.server.log.statemachine.data.caching.enabled = true (custom)
2019-10-03 01:26:01,544 [pool-393-thread-1] INFO  server.RaftServerConfigKeys (ConfUtils.java:logGet(43)) - raft.server.log.statemachine.data.sync.timeout.retry = -1 (default)
2019-10-03 01:26:01,545 [pool-403-thread-1] INFO  segmented.SegmentedRaftLogWorker (SegmentedRaftLogWorker.java:lambda$new$0(128)) - 7075aa05-1467-40c8-80c3-3e4c6e4ceabe@group-A0B6BDB3A1E7-SegmentedRaftLogWorker: flushIndex: setUnconditionally 0 -> -1
2019-10-03 01:26:01,545 [pool-393-thread-1] INFO  server.RaftServerConfigKeys (ConfUtils.java:logGet(43)) - raft.server.log.statemachine.data.caching.enabled = true (custom)
2019-10-03 01:26:01,545 [pool-403-thread-1] INFO  server.RaftServerConfigKeys (ConfUtils.java:logGet(43)) - raft.server.snapshot.auto.trigger.enabled = true (custom)
2019-10-03 01:26:01,545 [pool-393-thread-1] INFO  segmented.SegmentedRaftLogWorker (SegmentedRaftLogWorker.java:lambda$new$0(128)) - efbb8493-43d9-4808-a847-93c643e72cb3@group-A0B6BDB3A1E7-SegmentedRaftLogWorker: flushIndex: setUnconditionally 0 -> -1
2019-10-03 01:26:01,545 [pool-403-thread-1] INFO  server.RaftServerConfigKeys (ConfUtils.java:logGet(43)) - raft.server.snapshot.auto.trigger.threshold = 10000 (custom)
2019-10-03 01:26:01,545 [pool-403-thread-1] INFO  server.RaftServerConfigKeys (ConfUtils.java:logGet(43)) - raft.server.snapshot.retention.file.num = 5 (custom)
2019-10-03 01:26:01,545 [pool-393-thread-1] INFO  server.RaftServerConfigKeys (ConfUtils.java:logGet(43)) - raft.server.snapshot.auto.trigger.enabled = true (custom)
2019-10-03 01:26:01,545 [pool-403-thread-1] INFO  server.RaftServerConfigKeys (ConfUtils.java:logGet(43)) - raft.server.retrycache.expirytime = 600000ms (custom)
2019-10-03 01:26:01,545 [pool-383-thread-1] INFO  impl.RaftServerImpl (RaftServerImpl.java:start(181)) - 88a100f7-812f-49e6-a8e5-c6cb57ce7090@group-A0B6BDB3A1E7: start as a follower, conf=-1: [88a100f7-812f-49e6-a8e5-c6cb57ce7090:192.168.164.205:42103, efbb8493-43d9-4808-a847-93c643e72cb3:192.168.164.205:45429, 7075aa05-1467-40c8-80c3-3e4c6e4ceabe:192.168.164.205:45532], old=null
2019-10-03 01:26:01,545 [pool-393-thread-1] INFO  server.RaftServerConfigKeys (ConfUtils.java:logGet(43)) - raft.server.snapshot.auto.trigger.threshold = 10000 (custom)
2019-10-03 01:26:01,546 [pool-383-thread-1] INFO  impl.RaftServerImpl (RaftServerImpl.java:setRole(170)) - 88a100f7-812f-49e6-a8e5-c6cb57ce7090@group-A0B6BDB3A1E7: changes role from      null to FOLLOWER at term 0 for startAsFollower
2019-10-03 01:26:01,546 [pool-393-thread-1] INFO  server.RaftServerConfigKeys (ConfUtils.java:logGet(43)) - raft.server.snapshot.retention.file.num = 5 (custom)
2019-10-03 01:26:01,546 [pool-383-thread-1] INFO  impl.RoleInfo (RoleInfo.java:updateAndGet(143)) - 88a100f7-812f-49e6-a8e5-c6cb57ce7090: start FollowerState
2019-10-03 01:26:01,546 [pool-393-thread-1] INFO  server.RaftServerConfigKeys (ConfUtils.java:logGet(43)) - raft.server.retrycache.expirytime = 600000ms (custom)
2019-10-03 01:26:01,546 [pool-383-thread-1] INFO  util.JmxRegister (JmxRegister.java:tryRegister(44)) - Successfully registered JMX Bean with object name Ratis:service=RaftServer,group=group-A0B6BDB3A1E7,id=88a100f7-812f-49e6-a8e5-c6cb57ce7090
2019-10-03 01:26:01,547 [pool-403-thread-1] INFO  impl.RaftServerImpl (RaftServerImpl.java:start(181)) - 7075aa05-1467-40c8-80c3-3e4c6e4ceabe@group-A0B6BDB3A1E7: start as a follower, conf=-1: [88a100f7-812f-49e6-a8e5-c6cb57ce7090:192.168.164.205:42103, efbb8493-43d9-4808-a847-93c643e72cb3:192.168.164.205:45429, 7075aa05-1467-40c8-80c3-3e4c6e4ceabe:192.168.164.205:45532], old=null
2019-10-03 01:26:01,547 [pool-403-thread-1] INFO  impl.RaftServerImpl (RaftServerImpl.java:setRole(170)) - 7075aa05-1467-40c8-80c3-3e4c6e4ceabe@group-A0B6BDB3A1E7: changes role from      null to FOLLOWER at term 0 for startAsFollower
2019-10-03 01:26:01,547 [pool-403-thread-1] INFO  impl.RoleInfo (RoleInfo.java:updateAndGet(143)) - 7075aa05-1467-40c8-80c3-3e4c6e4ceabe: start FollowerState
2019-10-03 01:26:01,547 [pool-403-thread-1] INFO  util.JmxRegister (JmxRegister.java:tryRegister(44)) - Successfully registered JMX Bean with object name Ratis:service=RaftServer,group=group-A0B6BDB3A1E7,id=7075aa05-1467-40c8-80c3-3e4c6e4ceabe
2019-10-03 01:26:01,549 [pool-393-thread-1] INFO  impl.RaftServerImpl (RaftServerImpl.java:start(181)) - efbb8493-43d9-4808-a847-93c643e72cb3@group-A0B6BDB3A1E7: start as a follower, conf=-1: [88a100f7-812f-49e6-a8e5-c6cb57ce7090:192.168.164.205:42103, efbb8493-43d9-4808-a847-93c643e72cb3:192.168.164.205:45429, 7075aa05-1467-40c8-80c3-3e4c6e4ceabe:192.168.164.205:45532], old=null
2019-10-03 01:26:01,549 [pool-393-thread-1] INFO  impl.RaftServerImpl (RaftServerImpl.java:setRole(170)) - efbb8493-43d9-4808-a847-93c643e72cb3@group-A0B6BDB3A1E7: changes role from      null to FOLLOWER at term 0 for startAsFollower
2019-10-03 01:26:01,549 [pool-393-thread-1] INFO  impl.RoleInfo (RoleInfo.java:updateAndGet(143)) - efbb8493-43d9-4808-a847-93c643e72cb3: start FollowerState
2019-10-03 01:26:01,549 [pool-393-thread-1] INFO  util.JmxRegister (JmxRegister.java:tryRegister(44)) - Successfully registered JMX Bean with object name Ratis:service=RaftServer,group=group-A0B6BDB3A1E7,id=efbb8493-43d9-4808-a847-93c643e72cb3
2019-10-03 01:26:01,561 [RatisPipelineUtilsThread] INFO  pipeline.PipelineStateManager (PipelineStateManager.java:addPipeline(56)) - Created pipeline Pipeline[ Id: aca1d75d-df7b-436c-8215-a0b6bdb3a1e7, Nodes: 7075aa05-1467-40c8-80c3-3e4c6e4ceabe{ip: 192.168.164.205, host: pr-hdds-1737-89jld-2007629010, networkLocation: /default-rack, certSerialId: null}efbb8493-43d9-4808-a847-93c643e72cb3{ip: 192.168.164.205, host: pr-hdds-1737-89jld-2007629010, networkLocation: /default-rack, certSerialId: null}88a100f7-812f-49e6-a8e5-c6cb57ce7090{ip: 192.168.164.205, host: pr-hdds-1737-89jld-2007629010, networkLocation: /default-rack, certSerialId: null}, Type:RATIS, Factor:THREE, State:OPEN]
2019-10-03 01:26:01,576 [IPC Server handler 5 on 41044] INFO  net.NetworkTopology (NetworkTopologyImpl.java:add(111)) - Added a new node: /default-rack/5a3bb1d1-da87-4da1-bef8-431805f41d01
2019-10-03 01:26:01,576 [IPC Server handler 5 on 41044] INFO  node.SCMNodeManager (SCMNodeManager.java:register(266)) - Registered Data node : 5a3bb1d1-da87-4da1-bef8-431805f41d01{ip: 192.168.164.205, host: pr-hdds-1737-89jld-2007629010, networkLocation: /default-rack, certSerialId: null}
2019-10-03 01:26:01,585 [grpc-default-executor-6] INFO  impl.RaftServerProxy (RaftServerProxy.java:addNew(89)) - 19a6d400-3fea-480b-9703-531bb51b7be4: addNew group-BF3763037D5C:[19a6d400-3fea-480b-9703-531bb51b7be4:192.168.164.205:43347] returns group-BF3763037D5C:java.util.concurrent.CompletableFuture@36aa8d83[Not completed]
2019-10-03 01:26:01,588 [pool-413-thread-1] INFO  impl.RaftServerImpl (RaftServerImpl.java:<init>(95)) - 19a6d400-3fea-480b-9703-531bb51b7be4: new RaftServerImpl for group-BF3763037D5C:[19a6d400-3fea-480b-9703-531bb51b7be4:192.168.164.205:43347] with ContainerStateMachine:uninitialized
2019-10-03 01:26:01,588 [pool-413-thread-1] INFO  server.RaftServerConfigKeys (ConfUtils.java:logGet(43)) - raft.server.rpc.timeout.min = 5s (custom)
2019-10-03 01:26:01,588 [pool-413-thread-1] INFO  server.RaftServerConfigKeys (ConfUtils.java:logGet(43)) - raft.server.rpc.timeout.max = 5200ms (custom)
2019-10-03 01:26:01,588 [pool-413-thread-1] INFO  server.RaftServerConfigKeys (ConfUtils.java:logGet(43)) - raft.server.rpcslowness.timeout = 120s (custom)
2019-10-03 01:26:01,588 [pool-413-thread-1] INFO  server.RaftServerConfigKeys (ConfUtils.java:logGet(43)) - raft.server.sleep.deviation.threshold = 300 (default)
2019-10-03 01:26:01,588 [pool-413-thread-1] INFO  server.RaftServerConfigKeys (ConfUtils.java:logGet(43)) - raft.server.log.appender.install.snapshot.enabled = false (custom)
2019-10-03 01:26:01,589 [pool-413-thread-1] INFO  impl.RaftServerImpl (ServerState.java:<init>(103)) - 19a6d400-3fea-480b-9703-531bb51b7be4@group-BF3763037D5C: ConfigurationManager, init=-1: [19a6d400-3fea-480b-9703-531bb51b7be4:192.168.164.205:43347], old=null, confs=<EMPTY_MAP>
2019-10-03 01:26:01,589 [pool-413-thread-1] INFO  server.RaftServerConfigKeys (ConfUtils.java:logGet(43)) - raft.server.storage.dir = [/workdir/hadoop-ozone/integration-test/target/test-dir/MiniOzoneClusterImpl-1f623d21-a207-44f0-9427-f0c326439107/datanode-3/data/ratis] (custom)
2019-10-03 01:26:01,589 [pool-413-thread-1] INFO  server.RaftServerConfigKeys (ConfUtils.java:logGet(43)) - raft.server.log.corruption.policy = EXCEPTION (default)
2019-10-03 01:26:01,589 [pool-413-thread-1] INFO  storage.RaftStorageDirectory (RaftStorageDirectory.java:analyzeStorage(246)) - The storage directory /workdir/hadoop-ozone/integration-test/target/test-dir/MiniOzoneClusterImpl-1f623d21-a207-44f0-9427-f0c326439107/datanode-3/data/ratis/471fb5c5-679c-4409-9897-bf3763037d5c does not exist. Creating ...
2019-10-03 01:26:01,601 [pool-413-thread-1] INFO  storage.RaftStorageDirectory (RaftStorageDirectory.java:tryLock(328)) - Lock on /workdir/hadoop-ozone/integration-test/target/test-dir/MiniOzoneClusterImpl-1f623d21-a207-44f0-9427-f0c326439107/datanode-3/data/ratis/471fb5c5-679c-4409-9897-bf3763037d5c/in_use.lock acquired by nodename 15412@pr-hdds-1737-89jld-2007629010
2019-10-03 01:26:01,614 [pool-413-thread-1] INFO  storage.RaftStorage (RaftStorage.java:format(84)) - Storage directory /workdir/hadoop-ozone/integration-test/target/test-dir/MiniOzoneClusterImpl-1f623d21-a207-44f0-9427-f0c326439107/datanode-3/data/ratis/471fb5c5-679c-4409-9897-bf3763037d5c has been successfully formatted.
2019-10-03 01:26:01,614 [pool-413-thread-1] INFO  ratis.ContainerStateMachine (ContainerStateMachine.java:loadSnapshot(230)) - group-BF3763037D5C: The snapshot info is null. Setting the last applied indexto:(t:0, i:~)
2019-10-03 01:26:01,614 [pool-413-thread-1] INFO  server.RaftServerConfigKeys (ConfUtils.java:logGet(43)) - raft.server.notification.no-leader.timeout = 120s (custom)
2019-10-03 01:26:01,614 [pool-413-thread-1] INFO  server.RaftServerConfigKeys (ConfUtils.java:logGet(43)) - raft.server.log.use.memory = false (default)
2019-10-03 01:26:01,614 [pool-413-thread-1] INFO  server.RaftServerConfigKeys (ConfUtils.java:logGet(43)) - raft.server.log.purge.gap = 1000000 (custom)
2019-10-03 01:26:01,614 [pool-413-thread-1] INFO  server.RaftServerConfigKeys (ConfUtils.java:logGet(43)) - raft.server.log.appender.buffer.byte-limit = 33554432 (custom)
2019-10-03 01:26:01,614 [pool-413-thread-1] INFO  server.RaftServerConfigKeys (ConfUtils.java:logGet(43)) - raft.server.log.segment.size.max = 1048576 (custom)
2019-10-03 01:26:01,615 [pool-413-thread-1] INFO  server.RaftServerConfigKeys (ConfUtils.java:logGet(43)) - raft.server.log.segment.cache.num.max = 2 (custom)
2019-10-03 01:26:01,615 [pool-413-thread-1] INFO  segmented.SegmentedRaftLogWorker (SegmentedRaftLogWorker.java:<init>(173)) - new 19a6d400-3fea-480b-9703-531bb51b7be4@group-BF3763037D5C-SegmentedRaftLogWorker for RaftStorage:Storage Directory /workdir/hadoop-ozone/integration-test/target/test-dir/MiniOzoneClusterImpl-1f623d21-a207-44f0-9427-f0c326439107/datanode-3/data/ratis/471fb5c5-679c-4409-9897-bf3763037d5c
2019-10-03 01:26:01,615 [pool-413-thread-1] INFO  server.RaftServerConfigKeys (ConfUtils.java:logGet(43)) - raft.server.log.queue.byte-limit = 2147483647 (custom)
2019-10-03 01:26:01,616 [pool-413-thread-1] INFO  server.RaftServerConfigKeys (ConfUtils.java:logGet(43)) - raft.server.log.queue.element-limit = 1024 (custom)
2019-10-03 01:26:01,616 [pool-413-thread-1] INFO  server.RaftServerConfigKeys (ConfUtils.java:logGet(43)) - raft.server.log.segment.size.max = 1048576 (custom)
2019-10-03 01:26:01,616 [pool-413-thread-1] INFO  server.RaftServerConfigKeys (ConfUtils.java:logGet(43)) - raft.server.log.preallocated.size = 16384 (custom)
2019-10-03 01:26:01,616 [pool-413-thread-1] INFO  server.RaftServerConfigKeys (ConfUtils.java:logGet(43)) - raft.server.log.write.buffer.size = 33554432 (custom)
2019-10-03 01:26:01,616 [pool-413-thread-1] INFO  server.RaftServerConfigKeys (ConfUtils.java:logGet(43)) - raft.server.log.force.sync.num = 128 (default)
2019-10-03 01:26:01,616 [pool-413-thread-1] INFO  server.RaftServerConfigKeys (ConfUtils.java:logGet(43)) - raft.server.log.statemachine.data.sync = true (default)
2019-10-03 01:26:01,616 [pool-413-thread-1] INFO  server.RaftServerConfigKeys (ConfUtils.java:logGet(43)) - raft.server.log.statemachine.data.sync.timeout = 10s (default)
2019-10-03 01:26:01,616 [pool-413-thread-1] INFO  server.RaftServerConfigKeys (ConfUtils.java:logGet(43)) - raft.server.log.statemachine.data.sync.timeout.retry = -1 (default)
2019-10-03 01:26:01,616 [pool-413-thread-1] INFO  server.RaftServerConfigKeys (ConfUtils.java:logGet(43)) - raft.server.log.statemachine.data.caching.enabled = true (custom)
2019-10-03 01:26:01,617 [pool-413-thread-1] INFO  segmented.SegmentedRaftLogWorker (SegmentedRaftLogWorker.java:lambda$new$0(128)) - 19a6d400-3fea-480b-9703-531bb51b7be4@group-BF3763037D5C-SegmentedRaftLogWorker: flushIndex: setUnconditionally 0 -> -1
2019-10-03 01:26:01,617 [pool-413-thread-1] INFO  server.RaftServerConfigKeys (ConfUtils.java:logGet(43)) - raft.server.snapshot.auto.trigger.enabled = true (custom)
2019-10-03 01:26:01,617 [pool-413-thread-1] INFO  server.RaftServerConfigKeys (ConfUtils.java:logGet(43)) - raft.server.snapshot.auto.trigger.threshold = 10000 (custom)
2019-10-03 01:26:01,617 [pool-413-thread-1] INFO  server.RaftServerConfigKeys (ConfUtils.java:logGet(43)) - raft.server.snapshot.retention.file.num = 5 (custom)
2019-10-03 01:26:01,617 [pool-413-thread-1] INFO  server.RaftServerConfigKeys (ConfUtils.java:logGet(43)) - raft.server.retrycache.expirytime = 600000ms (custom)
2019-10-03 01:26:01,618 [pool-413-thread-1] INFO  impl.RaftServerImpl (RaftServerImpl.java:start(181)) - 19a6d400-3fea-480b-9703-531bb51b7be4@group-BF3763037D5C: start as a follower, conf=-1: [19a6d400-3fea-480b-9703-531bb51b7be4:192.168.164.205:43347], old=null
2019-10-03 01:26:01,618 [pool-413-thread-1] INFO  impl.RaftServerImpl (RaftServerImpl.java:setRole(170)) - 19a6d400-3fea-480b-9703-531bb51b7be4@group-BF3763037D5C: changes role from      null to FOLLOWER at term 0 for startAsFollower
2019-10-03 01:26:01,618 [pool-413-thread-1] INFO  impl.RoleInfo (RoleInfo.java:updateAndGet(143)) - 19a6d400-3fea-480b-9703-531bb51b7be4: start FollowerState
2019-10-03 01:26:01,618 [pool-413-thread-1] INFO  util.JmxRegister (JmxRegister.java:tryRegister(44)) - Successfully registered JMX Bean with object name Ratis:service=RaftServer,group=group-BF3763037D5C,id=19a6d400-3fea-480b-9703-531bb51b7be4
2019-10-03 01:26:01,625 [RatisPipelineUtilsThread] INFO  pipeline.PipelineStateManager (PipelineStateManager.java:addPipeline(56)) - Created pipeline Pipeline[ Id: 471fb5c5-679c-4409-9897-bf3763037d5c, Nodes: 19a6d400-3fea-480b-9703-531bb51b7be4{ip: 192.168.164.205, host: pr-hdds-1737-89jld-2007629010, networkLocation: /default-rack, certSerialId: null}, Type:RATIS, Factor:ONE, State:OPEN]
2019-10-03 01:26:01,635 [grpc-default-executor-6] INFO  impl.RaftServerProxy (RaftServerProxy.java:addNew(89)) - 5a3bb1d1-da87-4da1-bef8-431805f41d01: addNew group-555B4ED3F366:[5a3bb1d1-da87-4da1-bef8-431805f41d01:192.168.164.205:44336] returns group-555B4ED3F366:java.util.concurrent.CompletableFuture@20b0cca7[Not completed]
2019-10-03 01:26:01,636 [pool-423-thread-1] INFO  impl.RaftServerImpl (RaftServerImpl.java:<init>(95)) - 5a3bb1d1-da87-4da1-bef8-431805f41d01: new RaftServerImpl for group-555B4ED3F366:[5a3bb1d1-da87-4da1-bef8-431805f41d01:192.168.164.205:44336] with ContainerStateMachine:uninitialized
2019-10-03 01:26:01,636 [pool-423-thread-1] INFO  server.RaftServerConfigKeys (ConfUtils.java:logGet(43)) - raft.server.rpc.timeout.min = 5s (custom)
2019-10-03 01:26:01,636 [IPC Server handler 6 on 41044] INFO  net.NetworkTopology (NetworkTopologyImpl.java:add(111)) - Added a new node: /default-rack/ed403533-f4db-43fc-9c54-3befdc97b1dc
2019-10-03 01:26:01,636 [pool-423-thread-1] INFO  server.RaftServerConfigKeys (ConfUtils.java:logGet(43)) - raft.server.rpc.timeout.max = 5200ms (custom)
2019-10-03 01:26:01,636 [IPC Server handler 6 on 41044] INFO  node.SCMNodeManager (SCMNodeManager.java:register(266)) - Registered Data node : ed403533-f4db-43fc-9c54-3befdc97b1dc{ip: 192.168.164.205, host: pr-hdds-1737-89jld-2007629010, networkLocation: /default-rack, certSerialId: null}
2019-10-03 01:26:01,636 [pool-423-thread-1] INFO  server.RaftServerConfigKeys (ConfUtils.java:logGet(43)) - raft.server.rpcslowness.timeout = 120s (custom)
2019-10-03 01:26:01,637 [pool-423-thread-1] INFO  server.RaftServerConfigKeys (ConfUtils.java:logGet(43)) - raft.server.sleep.deviation.threshold = 300 (default)
2019-10-03 01:26:01,637 [pool-423-thread-1] INFO  server.RaftServerConfigKeys (ConfUtils.java:logGet(43)) - raft.server.log.appender.install.snapshot.enabled = false (custom)
2019-10-03 01:26:01,637 [pool-423-thread-1] INFO  impl.RaftServerImpl (ServerState.java:<init>(103)) - 5a3bb1d1-da87-4da1-bef8-431805f41d01@group-555B4ED3F366: ConfigurationManager, init=-1: [5a3bb1d1-da87-4da1-bef8-431805f41d01:192.168.164.205:44336], old=null, confs=<EMPTY_MAP>
2019-10-03 01:26:01,637 [pool-423-thread-1] INFO  server.RaftServerConfigKeys (ConfUtils.java:logGet(43)) - raft.server.storage.dir = [/workdir/hadoop-ozone/integration-test/target/test-dir/MiniOzoneClusterImpl-1f623d21-a207-44f0-9427-f0c326439107/datanode-4/data/ratis] (custom)
2019-10-03 01:26:01,637 [pool-423-thread-1] INFO  server.RaftServerConfigKeys (ConfUtils.java:logGet(43)) - raft.server.log.corruption.policy = EXCEPTION (default)
2019-10-03 01:26:01,637 [pool-423-thread-1] INFO  storage.RaftStorageDirectory (RaftStorageDirectory.java:analyzeStorage(246)) - The storage directory /workdir/hadoop-ozone/integration-test/target/test-dir/MiniOzoneClusterImpl-1f623d21-a207-44f0-9427-f0c326439107/datanode-4/data/ratis/bdccb475-2cfb-4e8e-a72b-555b4ed3f366 does not exist. Creating ...
2019-10-03 01:26:01,657 [pool-423-thread-1] INFO  storage.RaftStorageDirectory (RaftStorageDirectory.java:tryLock(328)) - Lock on /workdir/hadoop-ozone/integration-test/target/test-dir/MiniOzoneClusterImpl-1f623d21-a207-44f0-9427-f0c326439107/datanode-4/data/ratis/bdccb475-2cfb-4e8e-a72b-555b4ed3f366/in_use.lock acquired by nodename 15412@pr-hdds-1737-89jld-2007629010
2019-10-03 01:26:01,669 [pool-423-thread-1] INFO  storage.RaftStorage (RaftStorage.java:format(84)) - Storage directory /workdir/hadoop-ozone/integration-test/target/test-dir/MiniOzoneClusterImpl-1f623d21-a207-44f0-9427-f0c326439107/datanode-4/data/ratis/bdccb475-2cfb-4e8e-a72b-555b4ed3f366 has been successfully formatted.
2019-10-03 01:26:01,670 [pool-423-thread-1] INFO  ratis.ContainerStateMachine (ContainerStateMachine.java:loadSnapshot(230)) - group-555B4ED3F366: The snapshot info is null. Setting the last applied indexto:(t:0, i:~)
2019-10-03 01:26:01,670 [pool-423-thread-1] INFO  server.RaftServerConfigKeys (ConfUtils.java:logGet(43)) - raft.server.notification.no-leader.timeout = 120s (custom)
2019-10-03 01:26:01,670 [pool-423-thread-1] INFO  server.RaftServerConfigKeys (ConfUtils.java:logGet(43)) - raft.server.log.use.memory = false (default)
2019-10-03 01:26:01,670 [pool-423-thread-1] INFO  server.RaftServerConfigKeys (ConfUtils.java:logGet(43)) - raft.server.log.purge.gap = 1000000 (custom)
2019-10-03 01:26:01,670 [pool-423-thread-1] INFO  server.RaftServerConfigKeys (ConfUtils.java:logGet(43)) - raft.server.log.appender.buffer.byte-limit = 33554432 (custom)
2019-10-03 01:26:01,670 [pool-423-thread-1] INFO  server.RaftServerConfigKeys (ConfUtils.java:logGet(43)) - raft.server.log.segment.size.max = 1048576 (custom)
2019-10-03 01:26:01,673 [pool-423-thread-1] INFO  server.RaftServerConfigKeys (ConfUtils.java:logGet(43)) - raft.server.log.segment.cache.num.max = 2 (custom)
2019-10-03 01:26:01,673 [pool-423-thread-1] INFO  segmented.SegmentedRaftLogWorker (SegmentedRaftLogWorker.java:<init>(173)) - new 5a3bb1d1-da87-4da1-bef8-431805f41d01@group-555B4ED3F366-SegmentedRaftLogWorker for RaftStorage:Storage Directory /workdir/hadoop-ozone/integration-test/target/test-dir/MiniOzoneClusterImpl-1f623d21-a207-44f0-9427-f0c326439107/datanode-4/data/ratis/bdccb475-2cfb-4e8e-a72b-555b4ed3f366
2019-10-03 01:26:01,674 [pool-423-thread-1] INFO  server.RaftServerConfigKeys (ConfUtils.java:logGet(43)) - raft.server.log.queue.byte-limit = 2147483647 (custom)
2019-10-03 01:26:01,674 [pool-423-thread-1] INFO  server.RaftServerConfigKeys (ConfUtils.java:logGet(43)) - raft.server.log.queue.element-limit = 1024 (custom)
2019-10-03 01:26:01,674 [pool-423-thread-1] INFO  server.RaftServerConfigKeys (ConfUtils.java:logGet(43)) - raft.server.log.segment.size.max = 1048576 (custom)
2019-10-03 01:26:01,674 [pool-423-thread-1] INFO  server.RaftServerConfigKeys (ConfUtils.java:logGet(43)) - raft.server.log.preallocated.size = 16384 (custom)
2019-10-03 01:26:01,675 [pool-423-thread-1] INFO  server.RaftServerConfigKeys (ConfUtils.java:logGet(43)) - raft.server.log.write.buffer.size = 33554432 (custom)
2019-10-03 01:26:01,675 [pool-423-thread-1] INFO  server.RaftServerConfigKeys (ConfUtils.java:logGet(43)) - raft.server.log.force.sync.num = 128 (default)
2019-10-03 01:26:01,675 [pool-423-thread-1] INFO  server.RaftServerConfigKeys (ConfUtils.java:logGet(43)) - raft.server.log.statemachine.data.sync = true (default)
2019-10-03 01:26:01,675 [pool-423-thread-1] INFO  server.RaftServerConfigKeys (ConfUtils.java:logGet(43)) - raft.server.log.statemachine.data.sync.timeout = 10s (default)
2019-10-03 01:26:01,676 [pool-423-thread-1] INFO  server.RaftServerConfigKeys (ConfUtils.java:logGet(43)) - raft.server.log.statemachine.data.sync.timeout.retry = -1 (default)
2019-10-03 01:26:01,676 [pool-423-thread-1] INFO  server.RaftServerConfigKeys (ConfUtils.java:logGet(43)) - raft.server.log.statemachine.data.caching.enabled = true (custom)
2019-10-03 01:26:01,677 [pool-423-thread-1] INFO  segmented.SegmentedRaftLogWorker (SegmentedRaftLogWorker.java:lambda$new$0(128)) - 5a3bb1d1-da87-4da1-bef8-431805f41d01@group-555B4ED3F366-SegmentedRaftLogWorker: flushIndex: setUnconditionally 0 -> -1
2019-10-03 01:26:01,677 [pool-423-thread-1] INFO  server.RaftServerConfigKeys (ConfUtils.java:logGet(43)) - raft.server.snapshot.auto.trigger.enabled = true (custom)
2019-10-03 01:26:01,677 [pool-423-thread-1] INFO  server.RaftServerConfigKeys (ConfUtils.java:logGet(43)) - raft.server.snapshot.auto.trigger.threshold = 10000 (custom)
2019-10-03 01:26:01,677 [pool-423-thread-1] INFO  server.RaftServerConfigKeys (ConfUtils.java:logGet(43)) - raft.server.snapshot.retention.file.num = 5 (custom)
2019-10-03 01:26:01,677 [pool-423-thread-1] INFO  server.RaftServerConfigKeys (ConfUtils.java:logGet(43)) - raft.server.retrycache.expirytime = 600000ms (custom)
2019-10-03 01:26:01,679 [pool-423-thread-1] INFO  impl.RaftServerImpl (RaftServerImpl.java:start(181)) - 5a3bb1d1-da87-4da1-bef8-431805f41d01@group-555B4ED3F366: start as a follower, conf=-1: [5a3bb1d1-da87-4da1-bef8-431805f41d01:192.168.164.205:44336], old=null
2019-10-03 01:26:01,679 [pool-423-thread-1] INFO  impl.RaftServerImpl (RaftServerImpl.java:setRole(170)) - 5a3bb1d1-da87-4da1-bef8-431805f41d01@group-555B4ED3F366: changes role from      null to FOLLOWER at term 0 for startAsFollower
2019-10-03 01:26:01,680 [pool-423-thread-1] INFO  impl.RoleInfo (RoleInfo.java:updateAndGet(143)) - 5a3bb1d1-da87-4da1-bef8-431805f41d01: start FollowerState
2019-10-03 01:26:01,680 [pool-423-thread-1] INFO  util.JmxRegister (JmxRegister.java:tryRegister(44)) - Successfully registered JMX Bean with object name Ratis:service=RaftServer,group=group-555B4ED3F366,id=5a3bb1d1-da87-4da1-bef8-431805f41d01
2019-10-03 01:26:01,687 [RatisPipelineUtilsThread] INFO  pipeline.PipelineStateManager (PipelineStateManager.java:addPipeline(56)) - Created pipeline Pipeline[ Id: bdccb475-2cfb-4e8e-a72b-555b4ed3f366, Nodes: 5a3bb1d1-da87-4da1-bef8-431805f41d01{ip: 192.168.164.205, host: pr-hdds-1737-89jld-2007629010, networkLocation: /default-rack, certSerialId: null}, Type:RATIS, Factor:ONE, State:OPEN]
2019-10-03 01:26:01,696 [main] INFO  ozone.MiniOzoneClusterImpl (MiniOzoneClusterImpl.java:lambda$waitForClusterToBeReady$0(147)) - Waiting for cluster to be ready. Got 6 of 7 DN Heartbeats.
2019-10-03 01:26:01,696 [grpc-default-executor-6] INFO  impl.RaftServerProxy (RaftServerProxy.java:addNew(89)) - ed403533-f4db-43fc-9c54-3befdc97b1dc: addNew group-EA554785E8F8:[ed403533-f4db-43fc-9c54-3befdc97b1dc:192.168.164.205:33564] returns group-EA554785E8F8:java.util.concurrent.CompletableFuture@45e044b4[Not completed]
2019-10-03 01:26:01,697 [IPC Server handler 3 on 41044] INFO  net.NetworkTopology (NetworkTopologyImpl.java:add(111)) - Added a new node: /default-rack/df8af7a5-4296-42cc-92b1-58b5ef40f7c5
2019-10-03 01:26:01,697 [IPC Server handler 3 on 41044] INFO  node.SCMNodeManager (SCMNodeManager.java:register(266)) - Registered Data node : df8af7a5-4296-42cc-92b1-58b5ef40f7c5{ip: 192.168.164.205, host: pr-hdds-1737-89jld-2007629010, networkLocation: /default-rack, certSerialId: null}
2019-10-03 01:26:01,697 [pool-433-thread-1] INFO  impl.RaftServerImpl (RaftServerImpl.java:<init>(95)) - ed403533-f4db-43fc-9c54-3befdc97b1dc: new RaftServerImpl for group-EA554785E8F8:[ed403533-f4db-43fc-9c54-3befdc97b1dc:192.168.164.205:33564] with ContainerStateMachine:uninitialized
2019-10-03 01:26:01,698 [pool-433-thread-1] INFO  server.RaftServerConfigKeys (ConfUtils.java:logGet(43)) - raft.server.rpc.timeout.min = 5s (custom)
2019-10-03 01:26:01,698 [pool-433-thread-1] INFO  server.RaftServerConfigKeys (ConfUtils.java:logGet(43)) - raft.server.rpc.timeout.max = 5200ms (custom)
2019-10-03 01:26:01,698 [pool-433-thread-1] INFO  server.RaftServerConfigKeys (ConfUtils.java:logGet(43)) - raft.server.rpcslowness.timeout = 120s (custom)
2019-10-03 01:26:01,698 [pool-433-thread-1] INFO  server.RaftServerConfigKeys (ConfUtils.java:logGet(43)) - raft.server.sleep.deviation.threshold = 300 (default)
2019-10-03 01:26:01,698 [pool-433-thread-1] INFO  server.RaftServerConfigKeys (ConfUtils.java:logGet(43)) - raft.server.log.appender.install.snapshot.enabled = false (custom)
2019-10-03 01:26:01,698 [pool-433-thread-1] INFO  impl.RaftServerImpl (ServerState.java:<init>(103)) - ed403533-f4db-43fc-9c54-3befdc97b1dc@group-EA554785E8F8: ConfigurationManager, init=-1: [ed403533-f4db-43fc-9c54-3befdc97b1dc:192.168.164.205:33564], old=null, confs=<EMPTY_MAP>
2019-10-03 01:26:01,698 [pool-433-thread-1] INFO  server.RaftServerConfigKeys (ConfUtils.java:logGet(43)) - raft.server.storage.dir = [/workdir/hadoop-ozone/integration-test/target/test-dir/MiniOzoneClusterImpl-1f623d21-a207-44f0-9427-f0c326439107/datanode-5/data/ratis] (custom)
2019-10-03 01:26:01,699 [pool-433-thread-1] INFO  server.RaftServerConfigKeys (ConfUtils.java:logGet(43)) - raft.server.log.corruption.policy = EXCEPTION (default)
2019-10-03 01:26:01,699 [pool-433-thread-1] INFO  storage.RaftStorageDirectory (RaftStorageDirectory.java:analyzeStorage(246)) - The storage directory /workdir/hadoop-ozone/integration-test/target/test-dir/MiniOzoneClusterImpl-1f623d21-a207-44f0-9427-f0c326439107/datanode-5/data/ratis/b18eb91b-36e4-4d28-894c-ea554785e8f8 does not exist. Creating ...
2019-10-03 01:26:01,712 [pool-433-thread-1] INFO  storage.RaftStorageDirectory (RaftStorageDirectory.java:tryLock(328)) - Lock on /workdir/hadoop-ozone/integration-test/target/test-dir/MiniOzoneClusterImpl-1f623d21-a207-44f0-9427-f0c326439107/datanode-5/data/ratis/b18eb91b-36e4-4d28-894c-ea554785e8f8/in_use.lock acquired by nodename 15412@pr-hdds-1737-89jld-2007629010
2019-10-03 01:26:01,725 [pool-433-thread-1] INFO  storage.RaftStorage (RaftStorage.java:format(84)) - Storage directory /workdir/hadoop-ozone/integration-test/target/test-dir/MiniOzoneClusterImpl-1f623d21-a207-44f0-9427-f0c326439107/datanode-5/data/ratis/b18eb91b-36e4-4d28-894c-ea554785e8f8 has been successfully formatted.
2019-10-03 01:26:01,725 [pool-433-thread-1] INFO  ratis.ContainerStateMachine (ContainerStateMachine.java:loadSnapshot(230)) - group-EA554785E8F8: The snapshot info is null. Setting the last applied indexto:(t:0, i:~)
2019-10-03 01:26:01,725 [pool-433-thread-1] INFO  server.RaftServerConfigKeys (ConfUtils.java:logGet(43)) - raft.server.notification.no-leader.timeout = 120s (custom)
2019-10-03 01:26:01,725 [pool-433-thread-1] INFO  server.RaftServerConfigKeys (ConfUtils.java:logGet(43)) - raft.server.log.use.memory = false (default)
2019-10-03 01:26:01,725 [pool-433-thread-1] INFO  server.RaftServerConfigKeys (ConfUtils.java:logGet(43)) - raft.server.log.purge.gap = 1000000 (custom)
2019-10-03 01:26:01,725 [pool-433-thread-1] INFO  server.RaftServerConfigKeys (ConfUtils.java:logGet(43)) - raft.server.log.appender.buffer.byte-limit = 33554432 (custom)
2019-10-03 01:26:01,725 [pool-433-thread-1] INFO  server.RaftServerConfigKeys (ConfUtils.java:logGet(43)) - raft.server.log.segment.size.max = 1048576 (custom)
2019-10-03 01:26:01,727 [pool-433-thread-1] INFO  server.RaftServerConfigKeys (ConfUtils.java:logGet(43)) - raft.server.log.segment.cache.num.max = 2 (custom)
2019-10-03 01:26:01,727 [pool-433-thread-1] INFO  segmented.SegmentedRaftLogWorker (SegmentedRaftLogWorker.java:<init>(173)) - new ed403533-f4db-43fc-9c54-3befdc97b1dc@group-EA554785E8F8-SegmentedRaftLogWorker for RaftStorage:Storage Directory /workdir/hadoop-ozone/integration-test/target/test-dir/MiniOzoneClusterImpl-1f623d21-a207-44f0-9427-f0c326439107/datanode-5/data/ratis/b18eb91b-36e4-4d28-894c-ea554785e8f8
2019-10-03 01:26:01,727 [pool-433-thread-1] INFO  server.RaftServerConfigKeys (ConfUtils.java:logGet(43)) - raft.server.log.queue.byte-limit = 2147483647 (custom)
2019-10-03 01:26:01,727 [pool-433-thread-1] INFO  server.RaftServerConfigKeys (ConfUtils.java:logGet(43)) - raft.server.log.queue.element-limit = 1024 (custom)
2019-10-03 01:26:01,728 [pool-433-thread-1] INFO  server.RaftServerConfigKeys (ConfUtils.java:logGet(43)) - raft.server.log.segment.size.max = 1048576 (custom)
2019-10-03 01:26:01,728 [pool-433-thread-1] INFO  server.RaftServerConfigKeys (ConfUtils.java:logGet(43)) - raft.server.log.preallocated.size = 16384 (custom)
2019-10-03 01:26:01,728 [pool-433-thread-1] INFO  server.RaftServerConfigKeys (ConfUtils.java:logGet(43)) - raft.server.log.write.buffer.size = 33554432 (custom)
2019-10-03 01:26:01,728 [pool-433-thread-1] INFO  server.RaftServerConfigKeys (ConfUtils.java:logGet(43)) - raft.server.log.force.sync.num = 128 (default)
2019-10-03 01:26:01,728 [pool-433-thread-1] INFO  server.RaftServerConfigKeys (ConfUtils.java:logGet(43)) - raft.server.log.statemachine.data.sync = true (default)
2019-10-03 01:26:01,728 [pool-433-thread-1] INFO  server.RaftServerConfigKeys (ConfUtils.java:logGet(43)) - raft.server.log.statemachine.data.sync.timeout = 10s (default)
2019-10-03 01:26:01,728 [pool-433-thread-1] INFO  server.RaftServerConfigKeys (ConfUtils.java:logGet(43)) - raft.server.log.statemachine.data.sync.timeout.retry = -1 (default)
2019-10-03 01:26:01,729 [pool-433-thread-1] INFO  server.RaftServerConfigKeys (ConfUtils.java:logGet(43)) - raft.server.log.statemachine.data.caching.enabled = true (custom)
2019-10-03 01:26:01,729 [pool-433-thread-1] INFO  segmented.SegmentedRaftLogWorker (SegmentedRaftLogWorker.java:lambda$new$0(128)) - ed403533-f4db-43fc-9c54-3befdc97b1dc@group-EA554785E8F8-SegmentedRaftLogWorker: flushIndex: setUnconditionally 0 -> -1
2019-10-03 01:26:01,729 [pool-433-thread-1] INFO  server.RaftServerConfigKeys (ConfUtils.java:logGet(43)) - raft.server.snapshot.auto.trigger.enabled = true (custom)
2019-10-03 01:26:01,729 [pool-433-thread-1] INFO  server.RaftServerConfigKeys (ConfUtils.java:logGet(43)) - raft.server.snapshot.auto.trigger.threshold = 10000 (custom)
2019-10-03 01:26:01,729 [pool-433-thread-1] INFO  server.RaftServerConfigKeys (ConfUtils.java:logGet(43)) - raft.server.snapshot.retention.file.num = 5 (custom)
2019-10-03 01:26:01,730 [pool-433-thread-1] INFO  server.RaftServerConfigKeys (ConfUtils.java:logGet(43)) - raft.server.retrycache.expirytime = 600000ms (custom)
2019-10-03 01:26:01,731 [pool-433-thread-1] INFO  impl.RaftServerImpl (RaftServerImpl.java:start(181)) - ed403533-f4db-43fc-9c54-3befdc97b1dc@group-EA554785E8F8: start as a follower, conf=-1: [ed403533-f4db-43fc-9c54-3befdc97b1dc:192.168.164.205:33564], old=null
2019-10-03 01:26:01,731 [pool-433-thread-1] INFO  impl.RaftServerImpl (RaftServerImpl.java:setRole(170)) - ed403533-f4db-43fc-9c54-3befdc97b1dc@group-EA554785E8F8: changes role from      null to FOLLOWER at term 0 for startAsFollower
2019-10-03 01:26:01,731 [pool-433-thread-1] INFO  impl.RoleInfo (RoleInfo.java:updateAndGet(143)) - ed403533-f4db-43fc-9c54-3befdc97b1dc: start FollowerState
2019-10-03 01:26:01,732 [pool-433-thread-1] INFO  util.JmxRegister (JmxRegister.java:tryRegister(44)) - Successfully registered JMX Bean with object name Ratis:service=RaftServer,group=group-EA554785E8F8,id=ed403533-f4db-43fc-9c54-3befdc97b1dc
2019-10-03 01:26:01,739 [RatisPipelineUtilsThread] INFO  pipeline.PipelineStateManager (PipelineStateManager.java:addPipeline(56)) - Created pipeline Pipeline[ Id: b18eb91b-36e4-4d28-894c-ea554785e8f8, Nodes: ed403533-f4db-43fc-9c54-3befdc97b1dc{ip: 192.168.164.205, host: pr-hdds-1737-89jld-2007629010, networkLocation: /default-rack, certSerialId: null}, Type:RATIS, Factor:ONE, State:OPEN]
2019-10-03 01:26:01,751 [grpc-default-executor-6] INFO  impl.RaftServerProxy (RaftServerProxy.java:addNew(89)) - df8af7a5-4296-42cc-92b1-58b5ef40f7c5: addNew group-65B52DAC1494:[df8af7a5-4296-42cc-92b1-58b5ef40f7c5:192.168.164.205:38398] returns group-65B52DAC1494:java.util.concurrent.CompletableFuture@20637d5e[Not completed]
2019-10-03 01:26:01,753 [pool-443-thread-1] INFO  impl.RaftServerImpl (RaftServerImpl.java:<init>(95)) - df8af7a5-4296-42cc-92b1-58b5ef40f7c5: new RaftServerImpl for group-65B52DAC1494:[df8af7a5-4296-42cc-92b1-58b5ef40f7c5:192.168.164.205:38398] with ContainerStateMachine:uninitialized
2019-10-03 01:26:01,753 [pool-443-thread-1] INFO  server.RaftServerConfigKeys (ConfUtils.java:logGet(43)) - raft.server.rpc.timeout.min = 5s (custom)
2019-10-03 01:26:01,753 [pool-443-thread-1] INFO  server.RaftServerConfigKeys (ConfUtils.java:logGet(43)) - raft.server.rpc.timeout.max = 5200ms (custom)
2019-10-03 01:26:01,753 [pool-443-thread-1] INFO  server.RaftServerConfigKeys (ConfUtils.java:logGet(43)) - raft.server.rpcslowness.timeout = 120s (custom)
2019-10-03 01:26:01,753 [pool-443-thread-1] INFO  server.RaftServerConfigKeys (ConfUtils.java:logGet(43)) - raft.server.sleep.deviation.threshold = 300 (default)
2019-10-03 01:26:01,753 [pool-443-thread-1] INFO  server.RaftServerConfigKeys (ConfUtils.java:logGet(43)) - raft.server.log.appender.install.snapshot.enabled = false (custom)
2019-10-03 01:26:01,753 [pool-443-thread-1] INFO  impl.RaftServerImpl (ServerState.java:<init>(103)) - df8af7a5-4296-42cc-92b1-58b5ef40f7c5@group-65B52DAC1494: ConfigurationManager, init=-1: [df8af7a5-4296-42cc-92b1-58b5ef40f7c5:192.168.164.205:38398], old=null, confs=<EMPTY_MAP>
2019-10-03 01:26:01,754 [pool-443-thread-1] INFO  server.RaftServerConfigKeys (ConfUtils.java:logGet(43)) - raft.server.storage.dir = [/workdir/hadoop-ozone/integration-test/target/test-dir/MiniOzoneClusterImpl-1f623d21-a207-44f0-9427-f0c326439107/datanode-6/data/ratis] (custom)
2019-10-03 01:26:01,754 [pool-443-thread-1] INFO  server.RaftServerConfigKeys (ConfUtils.java:logGet(43)) - raft.server.log.corruption.policy = EXCEPTION (default)
2019-10-03 01:26:01,754 [pool-443-thread-1] INFO  storage.RaftStorageDirectory (RaftStorageDirectory.java:analyzeStorage(246)) - The storage directory /workdir/hadoop-ozone/integration-test/target/test-dir/MiniOzoneClusterImpl-1f623d21-a207-44f0-9427-f0c326439107/datanode-6/data/ratis/f7a0e59d-1b4b-4048-bb30-65b52dac1494 does not exist. Creating ...
2019-10-03 01:26:01,767 [pool-443-thread-1] INFO  storage.RaftStorageDirectory (RaftStorageDirectory.java:tryLock(328)) - Lock on /workdir/hadoop-ozone/integration-test/target/test-dir/MiniOzoneClusterImpl-1f623d21-a207-44f0-9427-f0c326439107/datanode-6/data/ratis/f7a0e59d-1b4b-4048-bb30-65b52dac1494/in_use.lock acquired by nodename 15412@pr-hdds-1737-89jld-2007629010
2019-10-03 01:26:01,779 [pool-443-thread-1] INFO  storage.RaftStorage (RaftStorage.java:format(84)) - Storage directory /workdir/hadoop-ozone/integration-test/target/test-dir/MiniOzoneClusterImpl-1f623d21-a207-44f0-9427-f0c326439107/datanode-6/data/ratis/f7a0e59d-1b4b-4048-bb30-65b52dac1494 has been successfully formatted.
2019-10-03 01:26:01,780 [pool-443-thread-1] INFO  ratis.ContainerStateMachine (ContainerStateMachine.java:loadSnapshot(230)) - group-65B52DAC1494: The snapshot info is null. Setting the last applied indexto:(t:0, i:~)
2019-10-03 01:26:01,780 [pool-443-thread-1] INFO  server.RaftServerConfigKeys (ConfUtils.java:logGet(43)) - raft.server.notification.no-leader.timeout = 120s (custom)
2019-10-03 01:26:01,780 [pool-443-thread-1] INFO  server.RaftServerConfigKeys (ConfUtils.java:logGet(43)) - raft.server.log.use.memory = false (default)
2019-10-03 01:26:01,780 [pool-443-thread-1] INFO  server.RaftServerConfigKeys (ConfUtils.java:logGet(43)) - raft.server.log.purge.gap = 1000000 (custom)
2019-10-03 01:26:01,780 [pool-443-thread-1] INFO  server.RaftServerConfigKeys (ConfUtils.java:logGet(43)) - raft.server.log.appender.buffer.byte-limit = 33554432 (custom)
2019-10-03 01:26:01,780 [pool-443-thread-1] INFO  server.RaftServerConfigKeys (ConfUtils.java:logGet(43)) - raft.server.log.segment.size.max = 1048576 (custom)
2019-10-03 01:26:01,782 [pool-443-thread-1] INFO  server.RaftServerConfigKeys (ConfUtils.java:logGet(43)) - raft.server.log.segment.cache.num.max = 2 (custom)
2019-10-03 01:26:01,782 [pool-443-thread-1] INFO  segmented.SegmentedRaftLogWorker (SegmentedRaftLogWorker.java:<init>(173)) - new df8af7a5-4296-42cc-92b1-58b5ef40f7c5@group-65B52DAC1494-SegmentedRaftLogWorker for RaftStorage:Storage Directory /workdir/hadoop-ozone/integration-test/target/test-dir/MiniOzoneClusterImpl-1f623d21-a207-44f0-9427-f0c326439107/datanode-6/data/ratis/f7a0e59d-1b4b-4048-bb30-65b52dac1494
2019-10-03 01:26:01,782 [pool-443-thread-1] INFO  server.RaftServerConfigKeys (ConfUtils.java:logGet(43)) - raft.server.log.queue.byte-limit = 2147483647 (custom)
2019-10-03 01:26:01,782 [pool-443-thread-1] INFO  server.RaftServerConfigKeys (ConfUtils.java:logGet(43)) - raft.server.log.queue.element-limit = 1024 (custom)
2019-10-03 01:26:01,782 [pool-443-thread-1] INFO  server.RaftServerConfigKeys (ConfUtils.java:logGet(43)) - raft.server.log.segment.size.max = 1048576 (custom)
2019-10-03 01:26:01,782 [pool-443-thread-1] INFO  server.RaftServerConfigKeys (ConfUtils.java:logGet(43)) - raft.server.log.preallocated.size = 16384 (custom)
2019-10-03 01:26:01,782 [pool-443-thread-1] INFO  server.RaftServerConfigKeys (ConfUtils.java:logGet(43)) - raft.server.log.write.buffer.size = 33554432 (custom)
2019-10-03 01:26:01,782 [pool-443-thread-1] INFO  server.RaftServerConfigKeys (ConfUtils.java:logGet(43)) - raft.server.log.force.sync.num = 128 (default)
2019-10-03 01:26:01,783 [pool-443-thread-1] INFO  server.RaftServerConfigKeys (ConfUtils.java:logGet(43)) - raft.server.log.statemachine.data.sync = true (default)
2019-10-03 01:26:01,783 [pool-443-thread-1] INFO  server.RaftServerConfigKeys (ConfUtils.java:logGet(43)) - raft.server.log.statemachine.data.sync.timeout = 10s (default)
2019-10-03 01:26:01,783 [pool-443-thread-1] INFO  server.RaftServerConfigKeys (ConfUtils.java:logGet(43)) - raft.server.log.statemachine.data.sync.timeout.retry = -1 (default)
2019-10-03 01:26:01,783 [pool-443-thread-1] INFO  server.RaftServerConfigKeys (ConfUtils.java:logGet(43)) - raft.server.log.statemachine.data.caching.enabled = true (custom)
2019-10-03 01:26:01,783 [pool-443-thread-1] INFO  segmented.SegmentedRaftLogWorker (SegmentedRaftLogWorker.java:lambda$new$0(128)) - df8af7a5-4296-42cc-92b1-58b5ef40f7c5@group-65B52DAC1494-SegmentedRaftLogWorker: flushIndex: setUnconditionally 0 -> -1
2019-10-03 01:26:01,784 [pool-443-thread-1] INFO  server.RaftServerConfigKeys (ConfUtils.java:logGet(43)) - raft.server.snapshot.auto.trigger.enabled = true (custom)
2019-10-03 01:26:01,784 [pool-443-thread-1] INFO  server.RaftServerConfigKeys (ConfUtils.java:logGet(43)) - raft.server.snapshot.auto.trigger.threshold = 10000 (custom)
2019-10-03 01:26:01,784 [pool-443-thread-1] INFO  server.RaftServerConfigKeys (ConfUtils.java:logGet(43)) - raft.server.snapshot.retention.file.num = 5 (custom)
2019-10-03 01:26:01,784 [pool-443-thread-1] INFO  server.RaftServerConfigKeys (ConfUtils.java:logGet(43)) - raft.server.retrycache.expirytime = 600000ms (custom)
2019-10-03 01:26:01,785 [pool-443-thread-1] INFO  impl.RaftServerImpl (RaftServerImpl.java:start(181)) - df8af7a5-4296-42cc-92b1-58b5ef40f7c5@group-65B52DAC1494: start as a follower, conf=-1: [df8af7a5-4296-42cc-92b1-58b5ef40f7c5:192.168.164.205:38398], old=null
2019-10-03 01:26:01,786 [pool-443-thread-1] INFO  impl.RaftServerImpl (RaftServerImpl.java:setRole(170)) - df8af7a5-4296-42cc-92b1-58b5ef40f7c5@group-65B52DAC1494: changes role from      null to FOLLOWER at term 0 for startAsFollower
2019-10-03 01:26:01,786 [pool-443-thread-1] INFO  impl.RoleInfo (RoleInfo.java:updateAndGet(143)) - df8af7a5-4296-42cc-92b1-58b5ef40f7c5: start FollowerState
2019-10-03 01:26:01,786 [pool-443-thread-1] INFO  util.JmxRegister (JmxRegister.java:tryRegister(44)) - Successfully registered JMX Bean with object name Ratis:service=RaftServer,group=group-65B52DAC1494,id=df8af7a5-4296-42cc-92b1-58b5ef40f7c5
2019-10-03 01:26:01,793 [RatisPipelineUtilsThread] INFO  pipeline.PipelineStateManager (PipelineStateManager.java:addPipeline(56)) - Created pipeline Pipeline[ Id: f7a0e59d-1b4b-4048-bb30-65b52dac1494, Nodes: df8af7a5-4296-42cc-92b1-58b5ef40f7c5{ip: 192.168.164.205, host: pr-hdds-1737-89jld-2007629010, networkLocation: /default-rack, certSerialId: null}, Type:RATIS, Factor:ONE, State:OPEN]
2019-10-03 01:26:01,806 [grpc-default-executor-5] INFO  impl.RaftServerProxy (RaftServerProxy.java:addNew(89)) - 19a6d400-3fea-480b-9703-531bb51b7be4: addNew group-33FA08F89A17:[df8af7a5-4296-42cc-92b1-58b5ef40f7c5:192.168.164.205:38398, ed403533-f4db-43fc-9c54-3befdc97b1dc:192.168.164.205:33564, 19a6d400-3fea-480b-9703-531bb51b7be4:192.168.164.205:43347] returns group-33FA08F89A17:java.util.concurrent.CompletableFuture@37f54515[Not completed]
2019-10-03 01:26:01,806 [grpc-default-executor-6] INFO  impl.RaftServerProxy (RaftServerProxy.java:addNew(89)) - df8af7a5-4296-42cc-92b1-58b5ef40f7c5: addNew group-33FA08F89A17:[df8af7a5-4296-42cc-92b1-58b5ef40f7c5:192.168.164.205:38398, ed403533-f4db-43fc-9c54-3befdc97b1dc:192.168.164.205:33564, 19a6d400-3fea-480b-9703-531bb51b7be4:192.168.164.205:43347] returns group-33FA08F89A17:java.util.concurrent.CompletableFuture@1f601810[Not completed]
2019-10-03 01:26:01,809 [grpc-default-executor-4] INFO  impl.RaftServerProxy (RaftServerProxy.java:addNew(89)) - ed403533-f4db-43fc-9c54-3befdc97b1dc: addNew group-33FA08F89A17:[df8af7a5-4296-42cc-92b1-58b5ef40f7c5:192.168.164.205:38398, ed403533-f4db-43fc-9c54-3befdc97b1dc:192.168.164.205:33564, 19a6d400-3fea-480b-9703-531bb51b7be4:192.168.164.205:43347] returns group-33FA08F89A17:java.util.concurrent.CompletableFuture@54e15a0[Not completed]
2019-10-03 01:26:01,810 [pool-413-thread-1] INFO  impl.RaftServerImpl (RaftServerImpl.java:<init>(95)) - 19a6d400-3fea-480b-9703-531bb51b7be4: new RaftServerImpl for group-33FA08F89A17:[df8af7a5-4296-42cc-92b1-58b5ef40f7c5:192.168.164.205:38398, ed403533-f4db-43fc-9c54-3befdc97b1dc:192.168.164.205:33564, 19a6d400-3fea-480b-9703-531bb51b7be4:192.168.164.205:43347] with ContainerStateMachine:uninitialized
2019-10-03 01:26:01,810 [pool-413-thread-1] INFO  server.RaftServerConfigKeys (ConfUtils.java:logGet(43)) - raft.server.rpc.timeout.min = 5s (custom)
2019-10-03 01:26:01,810 [pool-413-thread-1] INFO  server.RaftServerConfigKeys (ConfUtils.java:logGet(43)) - raft.server.rpc.timeout.max = 5200ms (custom)
2019-10-03 01:26:01,810 [pool-413-thread-1] INFO  server.RaftServerConfigKeys (ConfUtils.java:logGet(43)) - raft.server.rpcslowness.timeout = 120s (custom)
2019-10-03 01:26:01,811 [pool-413-thread-1] INFO  server.RaftServerConfigKeys (ConfUtils.java:logGet(43)) - raft.server.sleep.deviation.threshold = 300 (default)
2019-10-03 01:26:01,811 [pool-413-thread-1] INFO  server.RaftServerConfigKeys (ConfUtils.java:logGet(43)) - raft.server.log.appender.install.snapshot.enabled = false (custom)
2019-10-03 01:26:01,811 [pool-433-thread-1] INFO  impl.RaftServerImpl (RaftServerImpl.java:<init>(95)) - ed403533-f4db-43fc-9c54-3befdc97b1dc: new RaftServerImpl for group-33FA08F89A17:[df8af7a5-4296-42cc-92b1-58b5ef40f7c5:192.168.164.205:38398, ed403533-f4db-43fc-9c54-3befdc97b1dc:192.168.164.205:33564, 19a6d400-3fea-480b-9703-531bb51b7be4:192.168.164.205:43347] with ContainerStateMachine:uninitialized
2019-10-03 01:26:01,811 [pool-413-thread-1] INFO  impl.RaftServerImpl (ServerState.java:<init>(103)) - 19a6d400-3fea-480b-9703-531bb51b7be4@group-33FA08F89A17: ConfigurationManager, init=-1: [df8af7a5-4296-42cc-92b1-58b5ef40f7c5:192.168.164.205:38398, ed403533-f4db-43fc-9c54-3befdc97b1dc:192.168.164.205:33564, 19a6d400-3fea-480b-9703-531bb51b7be4:192.168.164.205:43347], old=null, confs=<EMPTY_MAP>
2019-10-03 01:26:01,811 [pool-433-thread-1] INFO  server.RaftServerConfigKeys (ConfUtils.java:logGet(43)) - raft.server.rpc.timeout.min = 5s (custom)
2019-10-03 01:26:01,811 [pool-413-thread-1] INFO  server.RaftServerConfigKeys (ConfUtils.java:logGet(43)) - raft.server.storage.dir = [/workdir/hadoop-ozone/integration-test/target/test-dir/MiniOzoneClusterImpl-1f623d21-a207-44f0-9427-f0c326439107/datanode-3/data/ratis] (custom)
2019-10-03 01:26:01,811 [pool-433-thread-1] INFO  server.RaftServerConfigKeys (ConfUtils.java:logGet(43)) - raft.server.rpc.timeout.max = 5200ms (custom)
2019-10-03 01:26:01,811 [pool-443-thread-1] INFO  impl.RaftServerImpl (RaftServerImpl.java:<init>(95)) - df8af7a5-4296-42cc-92b1-58b5ef40f7c5: new RaftServerImpl for group-33FA08F89A17:[df8af7a5-4296-42cc-92b1-58b5ef40f7c5:192.168.164.205:38398, ed403533-f4db-43fc-9c54-3befdc97b1dc:192.168.164.205:33564, 19a6d400-3fea-480b-9703-531bb51b7be4:192.168.164.205:43347] with ContainerStateMachine:uninitialized
2019-10-03 01:26:01,811 [pool-413-thread-1] INFO  server.RaftServerConfigKeys (ConfUtils.java:logGet(43)) - raft.server.log.corruption.policy = EXCEPTION (default)
2019-10-03 01:26:01,811 [pool-433-thread-1] INFO  server.RaftServerConfigKeys (ConfUtils.java:logGet(43)) - raft.server.rpcslowness.timeout = 120s (custom)
2019-10-03 01:26:01,812 [pool-413-thread-1] INFO  storage.RaftStorageDirectory (RaftStorageDirectory.java:analyzeStorage(246)) - The storage directory /workdir/hadoop-ozone/integration-test/target/test-dir/MiniOzoneClusterImpl-1f623d21-a207-44f0-9427-f0c326439107/datanode-3/data/ratis/991efc0f-8cee-4121-a68d-33fa08f89a17 does not exist. Creating ...
2019-10-03 01:26:01,811 [pool-443-thread-1] INFO  server.RaftServerConfigKeys (ConfUtils.java:logGet(43)) - raft.server.rpc.timeout.min = 5s (custom)
2019-10-03 01:26:01,812 [pool-433-thread-1] INFO  server.RaftServerConfigKeys (ConfUtils.java:logGet(43)) - raft.server.sleep.deviation.threshold = 300 (default)
2019-10-03 01:26:01,812 [pool-443-thread-1] INFO  server.RaftServerConfigKeys (ConfUtils.java:logGet(43)) - raft.server.rpc.timeout.max = 5200ms (custom)
2019-10-03 01:26:01,812 [pool-433-thread-1] INFO  server.RaftServerConfigKeys (ConfUtils.java:logGet(43)) - raft.server.log.appender.install.snapshot.enabled = false (custom)
2019-10-03 01:26:01,812 [pool-443-thread-1] INFO  server.RaftServerConfigKeys (ConfUtils.java:logGet(43)) - raft.server.rpcslowness.timeout = 120s (custom)
2019-10-03 01:26:01,812 [pool-433-thread-1] INFO  impl.RaftServerImpl (ServerState.java:<init>(103)) - ed403533-f4db-43fc-9c54-3befdc97b1dc@group-33FA08F89A17: ConfigurationManager, init=-1: [df8af7a5-4296-42cc-92b1-58b5ef40f7c5:192.168.164.205:38398, ed403533-f4db-43fc-9c54-3befdc97b1dc:192.168.164.205:33564, 19a6d400-3fea-480b-9703-531bb51b7be4:192.168.164.205:43347], old=null, confs=<EMPTY_MAP>
2019-10-03 01:26:01,812 [pool-443-thread-1] INFO  server.RaftServerConfigKeys (ConfUtils.java:logGet(43)) - raft.server.sleep.deviation.threshold = 300 (default)
2019-10-03 01:26:01,813 [pool-433-thread-1] INFO  server.RaftServerConfigKeys (ConfUtils.java:logGet(43)) - raft.server.storage.dir = [/workdir/hadoop-ozone/integration-test/target/test-dir/MiniOzoneClusterImpl-1f623d21-a207-44f0-9427-f0c326439107/datanode-5/data/ratis] (custom)
2019-10-03 01:26:01,813 [pool-443-thread-1] INFO  server.RaftServerConfigKeys (ConfUtils.java:logGet(43)) - raft.server.log.appender.install.snapshot.enabled = false (custom)
2019-10-03 01:26:01,813 [pool-433-thread-1] INFO  server.RaftServerConfigKeys (ConfUtils.java:logGet(43)) - raft.server.log.corruption.policy = EXCEPTION (default)
2019-10-03 01:26:01,813 [pool-443-thread-1] INFO  impl.RaftServerImpl (ServerState.java:<init>(103)) - df8af7a5-4296-42cc-92b1-58b5ef40f7c5@group-33FA08F89A17: ConfigurationManager, init=-1: [df8af7a5-4296-42cc-92b1-58b5ef40f7c5:192.168.164.205:38398, ed403533-f4db-43fc-9c54-3befdc97b1dc:192.168.164.205:33564, 19a6d400-3fea-480b-9703-531bb51b7be4:192.168.164.205:43347], old=null, confs=<EMPTY_MAP>
2019-10-03 01:26:01,813 [pool-433-thread-1] INFO  storage.RaftStorageDirectory (RaftStorageDirectory.java:analyzeStorage(246)) - The storage directory /workdir/hadoop-ozone/integration-test/target/test-dir/MiniOzoneClusterImpl-1f623d21-a207-44f0-9427-f0c326439107/datanode-5/data/ratis/991efc0f-8cee-4121-a68d-33fa08f89a17 does not exist. Creating ...
2019-10-03 01:26:01,813 [pool-443-thread-1] INFO  server.RaftServerConfigKeys (ConfUtils.java:logGet(43)) - raft.server.storage.dir = [/workdir/hadoop-ozone/integration-test/target/test-dir/MiniOzoneClusterImpl-1f623d21-a207-44f0-9427-f0c326439107/datanode-6/data/ratis] (custom)
2019-10-03 01:26:01,813 [pool-443-thread-1] INFO  server.RaftServerConfigKeys (ConfUtils.java:logGet(43)) - raft.server.log.corruption.policy = EXCEPTION (default)
2019-10-03 01:26:01,814 [pool-443-thread-1] INFO  storage.RaftStorageDirectory (RaftStorageDirectory.java:analyzeStorage(246)) - The storage directory /workdir/hadoop-ozone/integration-test/target/test-dir/MiniOzoneClusterImpl-1f623d21-a207-44f0-9427-f0c326439107/datanode-6/data/ratis/991efc0f-8cee-4121-a68d-33fa08f89a17 does not exist. Creating ...
2019-10-03 01:26:01,825 [pool-433-thread-1] INFO  storage.RaftStorageDirectory (RaftStorageDirectory.java:tryLock(328)) - Lock on /workdir/hadoop-ozone/integration-test/target/test-dir/MiniOzoneClusterImpl-1f623d21-a207-44f0-9427-f0c326439107/datanode-5/data/ratis/991efc0f-8cee-4121-a68d-33fa08f89a17/in_use.lock acquired by nodename 15412@pr-hdds-1737-89jld-2007629010
2019-10-03 01:26:01,825 [pool-443-thread-1] INFO  storage.RaftStorageDirectory (RaftStorageDirectory.java:tryLock(328)) - Lock on /workdir/hadoop-ozone/integration-test/target/test-dir/MiniOzoneClusterImpl-1f623d21-a207-44f0-9427-f0c326439107/datanode-6/data/ratis/991efc0f-8cee-4121-a68d-33fa08f89a17/in_use.lock acquired by nodename 15412@pr-hdds-1737-89jld-2007629010
2019-10-03 01:26:01,825 [pool-413-thread-1] INFO  storage.RaftStorageDirectory (RaftStorageDirectory.java:tryLock(328)) - Lock on /workdir/hadoop-ozone/integration-test/target/test-dir/MiniOzoneClusterImpl-1f623d21-a207-44f0-9427-f0c326439107/datanode-3/data/ratis/991efc0f-8cee-4121-a68d-33fa08f89a17/in_use.lock acquired by nodename 15412@pr-hdds-1737-89jld-2007629010
2019-10-03 01:26:01,839 [pool-433-thread-1] INFO  storage.RaftStorage (RaftStorage.java:format(84)) - Storage directory /workdir/hadoop-ozone/integration-test/target/test-dir/MiniOzoneClusterImpl-1f623d21-a207-44f0-9427-f0c326439107/datanode-5/data/ratis/991efc0f-8cee-4121-a68d-33fa08f89a17 has been successfully formatted.
2019-10-03 01:26:01,839 [pool-443-thread-1] INFO  storage.RaftStorage (RaftStorage.java:format(84)) - Storage directory /workdir/hadoop-ozone/integration-test/target/test-dir/MiniOzoneClusterImpl-1f623d21-a207-44f0-9427-f0c326439107/datanode-6/data/ratis/991efc0f-8cee-4121-a68d-33fa08f89a17 has been successfully formatted.
2019-10-03 01:26:01,839 [pool-413-thread-1] INFO  storage.RaftStorage (RaftStorage.java:format(84)) - Storage directory /workdir/hadoop-ozone/integration-test/target/test-dir/MiniOzoneClusterImpl-1f623d21-a207-44f0-9427-f0c326439107/datanode-3/data/ratis/991efc0f-8cee-4121-a68d-33fa08f89a17 has been successfully formatted.
2019-10-03 01:26:01,839 [pool-433-thread-1] INFO  ratis.ContainerStateMachine (ContainerStateMachine.java:loadSnapshot(230)) - group-33FA08F89A17: The snapshot info is null. Setting the last applied indexto:(t:0, i:~)
2019-10-03 01:26:01,840 [pool-443-thread-1] INFO  ratis.ContainerStateMachine (ContainerStateMachine.java:loadSnapshot(230)) - group-33FA08F89A17: The snapshot info is null. Setting the last applied indexto:(t:0, i:~)
2019-10-03 01:26:01,840 [pool-413-thread-1] INFO  ratis.ContainerStateMachine (ContainerStateMachine.java:loadSnapshot(230)) - group-33FA08F89A17: The snapshot info is null. Setting the last applied indexto:(t:0, i:~)
2019-10-03 01:26:01,840 [pool-443-thread-1] INFO  server.RaftServerConfigKeys (ConfUtils.java:logGet(43)) - raft.server.notification.no-leader.timeout = 120s (custom)
2019-10-03 01:26:01,840 [pool-433-thread-1] INFO  server.RaftServerConfigKeys (ConfUtils.java:logGet(43)) - raft.server.notification.no-leader.timeout = 120s (custom)
2019-10-03 01:26:01,840 [pool-443-thread-1] INFO  server.RaftServerConfigKeys (ConfUtils.java:logGet(43)) - raft.server.log.use.memory = false (default)
2019-10-03 01:26:01,840 [pool-413-thread-1] INFO  server.RaftServerConfigKeys (ConfUtils.java:logGet(43)) - raft.server.notification.no-leader.timeout = 120s (custom)
2019-10-03 01:26:01,841 [pool-443-thread-1] INFO  server.RaftServerConfigKeys (ConfUtils.java:logGet(43)) - raft.server.log.purge.gap = 1000000 (custom)
2019-10-03 01:26:01,840 [pool-433-thread-1] INFO  server.RaftServerConfigKeys (ConfUtils.java:logGet(43)) - raft.server.log.use.memory = false (default)
2019-10-03 01:26:01,841 [pool-443-thread-1] INFO  server.RaftServerConfigKeys (ConfUtils.java:logGet(43)) - raft.server.log.appender.buffer.byte-limit = 33554432 (custom)
2019-10-03 01:26:01,841 [pool-413-thread-1] INFO  server.RaftServerConfigKeys (ConfUtils.java:logGet(43)) - raft.server.log.use.memory = false (default)
2019-10-03 01:26:01,841 [pool-443-thread-1] INFO  server.RaftServerConfigKeys (ConfUtils.java:logGet(43)) - raft.server.log.segment.size.max = 1048576 (custom)
2019-10-03 01:26:01,841 [pool-433-thread-1] INFO  server.RaftServerConfigKeys (ConfUtils.java:logGet(43)) - raft.server.log.purge.gap = 1000000 (custom)
2019-10-03 01:26:01,842 [pool-443-thread-1] INFO  server.RaftServerConfigKeys (ConfUtils.java:logGet(43)) - raft.server.log.segment.cache.num.max = 2 (custom)
2019-10-03 01:26:01,841 [pool-413-thread-1] INFO  server.RaftServerConfigKeys (ConfUtils.java:logGet(43)) - raft.server.log.purge.gap = 1000000 (custom)
2019-10-03 01:26:01,842 [pool-443-thread-1] INFO  segmented.SegmentedRaftLogWorker (SegmentedRaftLogWorker.java:<init>(173)) - new df8af7a5-4296-42cc-92b1-58b5ef40f7c5@group-33FA08F89A17-SegmentedRaftLogWorker for RaftStorage:Storage Directory /workdir/hadoop-ozone/integration-test/target/test-dir/MiniOzoneClusterImpl-1f623d21-a207-44f0-9427-f0c326439107/datanode-6/data/ratis/991efc0f-8cee-4121-a68d-33fa08f89a17
2019-10-03 01:26:01,842 [pool-433-thread-1] INFO  server.RaftServerConfigKeys (ConfUtils.java:logGet(43)) - raft.server.log.appender.buffer.byte-limit = 33554432 (custom)
2019-10-03 01:26:01,842 [pool-443-thread-1] INFO  server.RaftServerConfigKeys (ConfUtils.java:logGet(43)) - raft.server.log.queue.byte-limit = 2147483647 (custom)
2019-10-03 01:26:01,842 [pool-413-thread-1] INFO  server.RaftServerConfigKeys (ConfUtils.java:logGet(43)) - raft.server.log.appender.buffer.byte-limit = 33554432 (custom)
2019-10-03 01:26:01,843 [pool-443-thread-1] INFO  server.RaftServerConfigKeys (ConfUtils.java:logGet(43)) - raft.server.log.queue.element-limit = 1024 (custom)
2019-10-03 01:26:01,842 [pool-433-thread-1] INFO  server.RaftServerConfigKeys (ConfUtils.java:logGet(43)) - raft.server.log.segment.size.max = 1048576 (custom)
2019-10-03 01:26:01,843 [pool-443-thread-1] INFO  server.RaftServerConfigKeys (ConfUtils.java:logGet(43)) - raft.server.log.segment.size.max = 1048576 (custom)
2019-10-03 01:26:01,843 [pool-413-thread-1] INFO  server.RaftServerConfigKeys (ConfUtils.java:logGet(43)) - raft.server.log.segment.size.max = 1048576 (custom)
2019-10-03 01:26:01,843 [pool-443-thread-1] INFO  server.RaftServerConfigKeys (ConfUtils.java:logGet(43)) - raft.server.log.preallocated.size = 16384 (custom)
2019-10-03 01:26:01,843 [pool-433-thread-1] INFO  server.RaftServerConfigKeys (ConfUtils.java:logGet(43)) - raft.server.log.segment.cache.num.max = 2 (custom)
2019-10-03 01:26:01,844 [pool-443-thread-1] INFO  server.RaftServerConfigKeys (ConfUtils.java:logGet(43)) - raft.server.log.write.buffer.size = 33554432 (custom)
2019-10-03 01:26:01,843 [pool-413-thread-1] INFO  server.RaftServerConfigKeys (ConfUtils.java:logGet(43)) - raft.server.log.segment.cache.num.max = 2 (custom)
2019-10-03 01:26:01,844 [pool-443-thread-1] INFO  server.RaftServerConfigKeys (ConfUtils.java:logGet(43)) - raft.server.log.force.sync.num = 128 (default)
2019-10-03 01:26:01,844 [pool-433-thread-1] INFO  segmented.SegmentedRaftLogWorker (SegmentedRaftLogWorker.java:<init>(173)) - new ed403533-f4db-43fc-9c54-3befdc97b1dc@group-33FA08F89A17-SegmentedRaftLogWorker for RaftStorage:Storage Directory /workdir/hadoop-ozone/integration-test/target/test-dir/MiniOzoneClusterImpl-1f623d21-a207-44f0-9427-f0c326439107/datanode-5/data/ratis/991efc0f-8cee-4121-a68d-33fa08f89a17
2019-10-03 01:26:01,844 [pool-443-thread-1] INFO  server.RaftServerConfigKeys (ConfUtils.java:logGet(43)) - raft.server.log.statemachine.data.sync = true (default)
2019-10-03 01:26:01,844 [pool-413-thread-1] INFO  segmented.SegmentedRaftLogWorker (SegmentedRaftLogWorker.java:<init>(173)) - new 19a6d400-3fea-480b-9703-531bb51b7be4@group-33FA08F89A17-SegmentedRaftLogWorker for RaftStorage:Storage Directory /workdir/hadoop-ozone/integration-test/target/test-dir/MiniOzoneClusterImpl-1f623d21-a207-44f0-9427-f0c326439107/datanode-3/data/ratis/991efc0f-8cee-4121-a68d-33fa08f89a17
2019-10-03 01:26:01,844 [pool-443-thread-1] INFO  server.RaftServerConfigKeys (ConfUtils.java:logGet(43)) - raft.server.log.statemachine.data.sync.timeout = 10s (default)
2019-10-03 01:26:01,844 [pool-433-thread-1] INFO  server.RaftServerConfigKeys (ConfUtils.java:logGet(43)) - raft.server.log.queue.byte-limit = 2147483647 (custom)
2019-10-03 01:26:01,845 [pool-443-thread-1] INFO  server.RaftServerConfigKeys (ConfUtils.java:logGet(43)) - raft.server.log.statemachine.data.sync.timeout.retry = -1 (default)
2019-10-03 01:26:01,845 [pool-413-thread-1] INFO  server.RaftServerConfigKeys (ConfUtils.java:logGet(43)) - raft.server.log.queue.byte-limit = 2147483647 (custom)
2019-10-03 01:26:01,845 [pool-433-thread-1] INFO  server.RaftServerConfigKeys (ConfUtils.java:logGet(43)) - raft.server.log.queue.element-limit = 1024 (custom)
2019-10-03 01:26:01,845 [pool-413-thread-1] INFO  server.RaftServerConfigKeys (ConfUtils.java:logGet(43)) - raft.server.log.queue.element-limit = 1024 (custom)
2019-10-03 01:26:01,845 [pool-443-thread-1] INFO  server.RaftServerConfigKeys (ConfUtils.java:logGet(43)) - raft.server.log.statemachine.data.caching.enabled = true (custom)
2019-10-03 01:26:01,845 [pool-413-thread-1] INFO  server.RaftServerConfigKeys (ConfUtils.java:logGet(43)) - raft.server.log.segment.size.max = 1048576 (custom)
2019-10-03 01:26:01,845 [pool-433-thread-1] INFO  server.RaftServerConfigKeys (ConfUtils.java:logGet(43)) - raft.server.log.segment.size.max = 1048576 (custom)
2019-10-03 01:26:01,846 [pool-413-thread-1] INFO  server.RaftServerConfigKeys (ConfUtils.java:logGet(43)) - raft.server.log.preallocated.size = 16384 (custom)
2019-10-03 01:26:01,846 [pool-433-thread-1] INFO  server.RaftServerConfigKeys (ConfUtils.java:logGet(43)) - raft.server.log.preallocated.size = 16384 (custom)
2019-10-03 01:26:01,846 [pool-443-thread-1] INFO  segmented.SegmentedRaftLogWorker (SegmentedRaftLogWorker.java:lambda$new$0(128)) - df8af7a5-4296-42cc-92b1-58b5ef40f7c5@group-33FA08F89A17-SegmentedRaftLogWorker: flushIndex: setUnconditionally 0 -> -1
2019-10-03 01:26:01,846 [pool-433-thread-1] INFO  server.RaftServerConfigKeys (ConfUtils.java:logGet(43)) - raft.server.log.write.buffer.size = 33554432 (custom)
2019-10-03 01:26:01,846 [pool-413-thread-1] INFO  server.RaftServerConfigKeys (ConfUtils.java:logGet(43)) - raft.server.log.write.buffer.size = 33554432 (custom)
2019-10-03 01:26:01,846 [pool-443-thread-1] INFO  server.RaftServerConfigKeys (ConfUtils.java:logGet(43)) - raft.server.snapshot.auto.trigger.enabled = true (custom)
2019-10-03 01:26:01,846 [pool-433-thread-1] INFO  server.RaftServerConfigKeys (ConfUtils.java:logGet(43)) - raft.server.log.force.sync.num = 128 (default)
2019-10-03 01:26:01,847 [pool-443-thread-1] INFO  server.RaftServerConfigKeys (ConfUtils.java:logGet(43)) - raft.server.snapshot.auto.trigger.threshold = 10000 (custom)
2019-10-03 01:26:01,846 [pool-413-thread-1] INFO  server.RaftServerConfigKeys (ConfUtils.java:logGet(43)) - raft.server.log.force.sync.num = 128 (default)
2019-10-03 01:26:01,847 [pool-443-thread-1] INFO  server.RaftServerConfigKeys (ConfUtils.java:logGet(43)) - raft.server.snapshot.retention.file.num = 5 (custom)
2019-10-03 01:26:01,847 [pool-433-thread-1] INFO  server.RaftServerConfigKeys (ConfUtils.java:logGet(43)) - raft.server.log.statemachine.data.sync = true (default)
2019-10-03 01:26:01,847 [pool-443-thread-1] INFO  server.RaftServerConfigKeys (ConfUtils.java:logGet(43)) - raft.server.retrycache.expirytime = 600000ms (custom)
2019-10-03 01:26:01,847 [pool-413-thread-1] INFO  server.RaftServerConfigKeys (ConfUtils.java:logGet(43)) - raft.server.log.statemachine.data.sync = true (default)
2019-10-03 01:26:01,847 [pool-433-thread-1] INFO  server.RaftServerConfigKeys (ConfUtils.java:logGet(43)) - raft.server.log.statemachine.data.sync.timeout = 10s (default)
2019-10-03 01:26:01,847 [pool-413-thread-1] INFO  server.RaftServerConfigKeys (ConfUtils.java:logGet(43)) - raft.server.log.statemachine.data.sync.timeout = 10s (default)
2019-10-03 01:26:01,848 [pool-433-thread-1] INFO  server.RaftServerConfigKeys (ConfUtils.java:logGet(43)) - raft.server.log.statemachine.data.sync.timeout.retry = -1 (default)
2019-10-03 01:26:01,848 [pool-413-thread-1] INFO  server.RaftServerConfigKeys (ConfUtils.java:logGet(43)) - raft.server.log.statemachine.data.sync.timeout.retry = -1 (default)
2019-10-03 01:26:01,848 [pool-433-thread-1] INFO  server.RaftServerConfigKeys (ConfUtils.java:logGet(43)) - raft.server.log.statemachine.data.caching.enabled = true (custom)
2019-10-03 01:26:01,848 [pool-413-thread-1] INFO  server.RaftServerConfigKeys (ConfUtils.java:logGet(43)) - raft.server.log.statemachine.data.caching.enabled = true (custom)
2019-10-03 01:26:01,848 [pool-433-thread-1] INFO  segmented.SegmentedRaftLogWorker (SegmentedRaftLogWorker.java:lambda$new$0(128)) - ed403533-f4db-43fc-9c54-3befdc97b1dc@group-33FA08F89A17-SegmentedRaftLogWorker: flushIndex: setUnconditionally 0 -> -1
2019-10-03 01:26:01,848 [pool-413-thread-1] INFO  segmented.SegmentedRaftLogWorker (SegmentedRaftLogWorker.java:lambda$new$0(128)) - 19a6d400-3fea-480b-9703-531bb51b7be4@group-33FA08F89A17-SegmentedRaftLogWorker: flushIndex: setUnconditionally 0 -> -1
2019-10-03 01:26:01,849 [pool-433-thread-1] INFO  server.RaftServerConfigKeys (ConfUtils.java:logGet(43)) - raft.server.snapshot.auto.trigger.enabled = true (custom)
2019-10-03 01:26:01,849 [pool-413-thread-1] INFO  server.RaftServerConfigKeys (ConfUtils.java:logGet(43)) - raft.server.snapshot.auto.trigger.enabled = true (custom)
2019-10-03 01:26:01,849 [pool-433-thread-1] INFO  server.RaftServerConfigKeys (ConfUtils.java:logGet(43)) - raft.server.snapshot.auto.trigger.threshold = 10000 (custom)
2019-10-03 01:26:01,849 [pool-413-thread-1] INFO  server.RaftServerConfigKeys (ConfUtils.java:logGet(43)) - raft.server.snapshot.auto.trigger.threshold = 10000 (custom)
2019-10-03 01:26:01,849 [pool-433-thread-1] INFO  server.RaftServerConfigKeys (ConfUtils.java:logGet(43)) - raft.server.snapshot.retention.file.num = 5 (custom)
2019-10-03 01:26:01,849 [pool-413-thread-1] INFO  server.RaftServerConfigKeys (ConfUtils.java:logGet(43)) - raft.server.snapshot.retention.file.num = 5 (custom)
2019-10-03 01:26:01,850 [pool-433-thread-1] INFO  server.RaftServerConfigKeys (ConfUtils.java:logGet(43)) - raft.server.retrycache.expirytime = 600000ms (custom)
2019-10-03 01:26:01,850 [pool-413-thread-1] INFO  server.RaftServerConfigKeys (ConfUtils.java:logGet(43)) - raft.server.retrycache.expirytime = 600000ms (custom)
2019-10-03 01:26:01,850 [pool-443-thread-1] INFO  impl.RaftServerImpl (RaftServerImpl.java:start(181)) - df8af7a5-4296-42cc-92b1-58b5ef40f7c5@group-33FA08F89A17: start as a follower, conf=-1: [df8af7a5-4296-42cc-92b1-58b5ef40f7c5:192.168.164.205:38398, ed403533-f4db-43fc-9c54-3befdc97b1dc:192.168.164.205:33564, 19a6d400-3fea-480b-9703-531bb51b7be4:192.168.164.205:43347], old=null
2019-10-03 01:26:01,850 [pool-443-thread-1] INFO  impl.RaftServerImpl (RaftServerImpl.java:setRole(170)) - df8af7a5-4296-42cc-92b1-58b5ef40f7c5@group-33FA08F89A17: changes role from      null to FOLLOWER at term 0 for startAsFollower
2019-10-03 01:26:01,850 [pool-443-thread-1] INFO  impl.RoleInfo (RoleInfo.java:updateAndGet(143)) - df8af7a5-4296-42cc-92b1-58b5ef40f7c5: start FollowerState
2019-10-03 01:26:01,851 [pool-443-thread-1] INFO  util.JmxRegister (JmxRegister.java:tryRegister(44)) - Successfully registered JMX Bean with object name Ratis:service=RaftServer,group=group-33FA08F89A17,id=df8af7a5-4296-42cc-92b1-58b5ef40f7c5
2019-10-03 01:26:01,853 [pool-413-thread-1] INFO  impl.RaftServerImpl (RaftServerImpl.java:start(181)) - 19a6d400-3fea-480b-9703-531bb51b7be4@group-33FA08F89A17: start as a follower, conf=-1: [df8af7a5-4296-42cc-92b1-58b5ef40f7c5:192.168.164.205:38398, ed403533-f4db-43fc-9c54-3befdc97b1dc:192.168.164.205:33564, 19a6d400-3fea-480b-9703-531bb51b7be4:192.168.164.205:43347], old=null
2019-10-03 01:26:01,853 [pool-433-thread-1] INFO  impl.RaftServerImpl (RaftServerImpl.java:start(181)) - ed403533-f4db-43fc-9c54-3befdc97b1dc@group-33FA08F89A17: start as a follower, conf=-1: [df8af7a5-4296-42cc-92b1-58b5ef40f7c5:192.168.164.205:38398, ed403533-f4db-43fc-9c54-3befdc97b1dc:192.168.164.205:33564, 19a6d400-3fea-480b-9703-531bb51b7be4:192.168.164.205:43347], old=null
2019-10-03 01:26:01,854 [pool-413-thread-1] INFO  impl.RaftServerImpl (RaftServerImpl.java:setRole(170)) - 19a6d400-3fea-480b-9703-531bb51b7be4@group-33FA08F89A17: changes role from      null to FOLLOWER at term 0 for startAsFollower
2019-10-03 01:26:01,854 [pool-433-thread-1] INFO  impl.RaftServerImpl (RaftServerImpl.java:setRole(170)) - ed403533-f4db-43fc-9c54-3befdc97b1dc@group-33FA08F89A17: changes role from      null to FOLLOWER at term 0 for startAsFollower
2019-10-03 01:26:01,854 [pool-413-thread-1] INFO  impl.RoleInfo (RoleInfo.java:updateAndGet(143)) - 19a6d400-3fea-480b-9703-531bb51b7be4: start FollowerState
2019-10-03 01:26:01,854 [pool-433-thread-1] INFO  impl.RoleInfo (RoleInfo.java:updateAndGet(143)) - ed403533-f4db-43fc-9c54-3befdc97b1dc: start FollowerState
2019-10-03 01:26:01,854 [pool-413-thread-1] INFO  util.JmxRegister (JmxRegister.java:tryRegister(44)) - Successfully registered JMX Bean with object name Ratis:service=RaftServer,group=group-33FA08F89A17,id=19a6d400-3fea-480b-9703-531bb51b7be4
2019-10-03 01:26:01,855 [pool-433-thread-1] INFO  util.JmxRegister (JmxRegister.java:tryRegister(44)) - Successfully registered JMX Bean with object name Ratis:service=RaftServer,group=group-33FA08F89A17,id=ed403533-f4db-43fc-9c54-3befdc97b1dc
2019-10-03 01:26:01,870 [RatisPipelineUtilsThread] INFO  pipeline.PipelineStateManager (PipelineStateManager.java:addPipeline(56)) - Created pipeline Pipeline[ Id: 991efc0f-8cee-4121-a68d-33fa08f89a17, Nodes: 19a6d400-3fea-480b-9703-531bb51b7be4{ip: 192.168.164.205, host: pr-hdds-1737-89jld-2007629010, networkLocation: /default-rack, certSerialId: null}ed403533-f4db-43fc-9c54-3befdc97b1dc{ip: 192.168.164.205, host: pr-hdds-1737-89jld-2007629010, networkLocation: /default-rack, certSerialId: null}df8af7a5-4296-42cc-92b1-58b5ef40f7c5{ip: 192.168.164.205, host: pr-hdds-1737-89jld-2007629010, networkLocation: /default-rack, certSerialId: null}, Type:RATIS, Factor:THREE, State:OPEN]
2019-10-03 01:26:02,696 [main] INFO  ozone.MiniOzoneClusterImpl (MiniOzoneClusterImpl.java:lambda$waitForClusterToBeReady$0(147)) - Cluster is ready. Got 7 of 7 DN Heartbeats.
2019-10-03 01:26:02,729 [main] INFO  rpc.RpcClient (RpcClient.java:createVolume(276)) - Creating Volume: watchforcommithandlingtest, with jenkins1000 as owner.
2019-10-03 01:26:02,732 [IPC Server handler 2 on 43561] INFO  volume.OMVolumeCreateRequest (OMVolumeCreateRequest.java:validateAndUpdateCache(194)) - created volume:watchforcommithandlingtest for user:jenkins1000
2019-10-03 01:26:02,749 [main] INFO  rpc.RpcClient (RpcClient.java:createBucket(415)) - Creating Bucket: watchforcommithandlingtest/watchforcommithandlingtest, with Versioning false and Storage Type set to DISK and Encryption set to false 
2019-10-03 01:26:02,754 [main] INFO  ozone.MiniOzoneClusterImpl (MiniOzoneClusterImpl.java:getStorageContainerLocationClient(234)) - Creating StorageContainerLocationProtocol RPC client with address /0.0.0.0:45110
2019-10-03 01:26:04,324 [Thread-2341] INFO  container.ReplicationManager (ReplicationManager.java:start(162)) - Starting Replication Monitor Thread.
2019-10-03 01:26:04,333 [ReplicationMonitor] INFO  container.ReplicationManager (ReplicationManager.java:run(225)) - Replication Monitor Thread took 1 milliseconds for processing 1 containers.
2019-10-03 01:26:06,543 [Thread-2343] INFO  impl.FollowerState (FollowerState.java:run(108)) - 88a100f7-812f-49e6-a8e5-c6cb57ce7090@group-5BBE2D5795BA-FollowerState: change to CANDIDATE, lastRpcTime:5170ms, electionTimeout:5170ms
2019-10-03 01:26:06,544 [Thread-2343] INFO  impl.RoleInfo (RoleInfo.java:shutdownFollowerState(121)) - 88a100f7-812f-49e6-a8e5-c6cb57ce7090: shutdown FollowerState
2019-10-03 01:26:06,544 [Thread-2343] INFO  impl.RaftServerImpl (RaftServerImpl.java:setRole(170)) - 88a100f7-812f-49e6-a8e5-c6cb57ce7090@group-5BBE2D5795BA: changes role from  FOLLOWER to CANDIDATE at term 0 for changeToCandidate
2019-10-03 01:26:06,544 [Thread-2343] INFO  impl.RoleInfo (RoleInfo.java:updateAndGet(143)) - 88a100f7-812f-49e6-a8e5-c6cb57ce7090: start LeaderElection
2019-10-03 01:26:06,555 [Thread-2356] INFO  impl.FollowerState (FollowerState.java:run(108)) - efbb8493-43d9-4808-a847-93c643e72cb3@group-A0B6BDB3A1E7-FollowerState: change to CANDIDATE, lastRpcTime:5002ms, electionTimeout:5002ms
2019-10-03 01:26:06,555 [Thread-2356] INFO  impl.RoleInfo (RoleInfo.java:shutdownFollowerState(121)) - efbb8493-43d9-4808-a847-93c643e72cb3: shutdown FollowerState
2019-10-03 01:26:06,555 [Thread-2356] INFO  impl.RaftServerImpl (RaftServerImpl.java:setRole(170)) - efbb8493-43d9-4808-a847-93c643e72cb3@group-A0B6BDB3A1E7: changes role from  FOLLOWER to CANDIDATE at term 0 for changeToCandidate
2019-10-03 01:26:06,556 [Thread-2356] INFO  impl.RoleInfo (RoleInfo.java:updateAndGet(143)) - efbb8493-43d9-4808-a847-93c643e72cb3: start LeaderElection
2019-10-03 01:26:06,578 [88a100f7-812f-49e6-a8e5-c6cb57ce7090@group-5BBE2D5795BA-LeaderElection60] INFO  impl.LeaderElection (LeaderElection.java:askForVotes(178)) - 88a100f7-812f-49e6-a8e5-c6cb57ce7090@group-5BBE2D5795BA-LeaderElection60: begin an election at term 1 for -1: [88a100f7-812f-49e6-a8e5-c6cb57ce7090:192.168.164.205:42103], old=null
2019-10-03 01:26:06,578 [efbb8493-43d9-4808-a847-93c643e72cb3@group-A0B6BDB3A1E7-LeaderElection61] INFO  impl.LeaderElection (LeaderElection.java:askForVotes(178)) - efbb8493-43d9-4808-a847-93c643e72cb3@group-A0B6BDB3A1E7-LeaderElection61: begin an election at term 1 for -1: [88a100f7-812f-49e6-a8e5-c6cb57ce7090:192.168.164.205:42103, efbb8493-43d9-4808-a847-93c643e72cb3:192.168.164.205:45429, 7075aa05-1467-40c8-80c3-3e4c6e4ceabe:192.168.164.205:45532], old=null
2019-10-03 01:26:06,579 [88a100f7-812f-49e6-a8e5-c6cb57ce7090@group-5BBE2D5795BA-LeaderElection60] INFO  impl.RoleInfo (RoleInfo.java:shutdownLeaderElection(134)) - 88a100f7-812f-49e6-a8e5-c6cb57ce7090: shutdown LeaderElection
2019-10-03 01:26:06,579 [88a100f7-812f-49e6-a8e5-c6cb57ce7090@group-5BBE2D5795BA-LeaderElection60] INFO  impl.RaftServerImpl (RaftServerImpl.java:setRole(170)) - 88a100f7-812f-49e6-a8e5-c6cb57ce7090@group-5BBE2D5795BA: changes role from CANDIDATE to LEADER at term 1 for changeToLeader
2019-10-03 01:26:06,579 [88a100f7-812f-49e6-a8e5-c6cb57ce7090@group-5BBE2D5795BA-LeaderElection60] INFO  impl.RaftServerImpl (ServerState.java:setLeader(255)) - 88a100f7-812f-49e6-a8e5-c6cb57ce7090@group-5BBE2D5795BA: change Leader from null to 88a100f7-812f-49e6-a8e5-c6cb57ce7090 at term 1 for becomeLeader, leader elected after 5212ms
2019-10-03 01:26:06,580 [88a100f7-812f-49e6-a8e5-c6cb57ce7090@group-5BBE2D5795BA-LeaderElection60] INFO  server.RaftServerConfigKeys (ConfUtils.java:logGet(43)) - raft.server.staging.catchup.gap = 1000 (default)
2019-10-03 01:26:06,580 [88a100f7-812f-49e6-a8e5-c6cb57ce7090@group-5BBE2D5795BA-LeaderElection60] INFO  server.RaftServerConfigKeys (ConfUtils.java:logGet(43)) - raft.server.rpc.sleep.time = 25ms (default)
2019-10-03 01:26:06,580 [88a100f7-812f-49e6-a8e5-c6cb57ce7090@group-5BBE2D5795BA-LeaderElection60] INFO  server.RaftServerConfigKeys (ConfUtils.java:logGet(43)) - raft.server.write.element-limit = 4096 (default)
2019-10-03 01:26:06,581 [88a100f7-812f-49e6-a8e5-c6cb57ce7090@group-5BBE2D5795BA-LeaderElection60] INFO  server.RaftServerConfigKeys (ConfUtils.java:logGet(43)) - raft.server.watch.timeout = 10s (default)
2019-10-03 01:26:06,581 [88a100f7-812f-49e6-a8e5-c6cb57ce7090@group-5BBE2D5795BA-LeaderElection60] INFO  server.RaftServerConfigKeys (ConfUtils.java:logGet(43)) - raft.server.watch.timeout.denomination = 1s (default)
2019-10-03 01:26:06,581 [88a100f7-812f-49e6-a8e5-c6cb57ce7090@group-5BBE2D5795BA-LeaderElection60] INFO  server.RaftServerConfigKeys (ConfUtils.java:logGet(43)) - raft.server.watch.element-limit = 65536 (default)
2019-10-03 01:26:06,581 [Thread-2353] INFO  impl.FollowerState (FollowerState.java:run(108)) - 88a100f7-812f-49e6-a8e5-c6cb57ce7090@group-A0B6BDB3A1E7-FollowerState: change to CANDIDATE, lastRpcTime:5035ms, electionTimeout:5035ms
2019-10-03 01:26:06,582 [Thread-2353] INFO  impl.RoleInfo (RoleInfo.java:shutdownFollowerState(121)) - 88a100f7-812f-49e6-a8e5-c6cb57ce7090: shutdown FollowerState
2019-10-03 01:26:06,582 [Thread-2353] INFO  impl.RaftServerImpl (RaftServerImpl.java:setRole(170)) - 88a100f7-812f-49e6-a8e5-c6cb57ce7090@group-A0B6BDB3A1E7: changes role from  FOLLOWER to CANDIDATE at term 0 for changeToCandidate
2019-10-03 01:26:06,582 [Thread-2353] INFO  impl.RoleInfo (RoleInfo.java:updateAndGet(143)) - 88a100f7-812f-49e6-a8e5-c6cb57ce7090: start LeaderElection
2019-10-03 01:26:06,593 [grpc-default-executor-4] INFO  impl.RaftServerImpl (RaftServerImpl.java:setRole(170)) - 7075aa05-1467-40c8-80c3-3e4c6e4ceabe@group-A0B6BDB3A1E7: changes role from  FOLLOWER to FOLLOWER at term 1 for recognizeCandidate:efbb8493-43d9-4808-a847-93c643e72cb3
2019-10-03 01:26:06,593 [grpc-default-executor-4] INFO  impl.RoleInfo (RoleInfo.java:shutdownFollowerState(121)) - 7075aa05-1467-40c8-80c3-3e4c6e4ceabe: shutdown FollowerState
2019-10-03 01:26:06,593 [grpc-default-executor-4] INFO  impl.RoleInfo (RoleInfo.java:updateAndGet(143)) - 7075aa05-1467-40c8-80c3-3e4c6e4ceabe: start FollowerState
2019-10-03 01:26:06,594 [Thread-2355] INFO  impl.FollowerState (FollowerState.java:run(117)) - 7075aa05-1467-40c8-80c3-3e4c6e4ceabe@group-A0B6BDB3A1E7-FollowerState was interrupted: java.lang.InterruptedException: sleep interrupted
2019-10-03 01:26:06,597 [88a100f7-812f-49e6-a8e5-c6cb57ce7090@group-5BBE2D5795BA-LeaderElection60] INFO  impl.RoleInfo (RoleInfo.java:updateAndGet(143)) - 88a100f7-812f-49e6-a8e5-c6cb57ce7090: start LeaderState
2019-10-03 01:26:06,597 [88a100f7-812f-49e6-a8e5-c6cb57ce7090@group-5BBE2D5795BA-LeaderElection60] INFO  segmented.SegmentedRaftLogWorker (SegmentedRaftLogWorker.java:startLogSegment(385)) - 88a100f7-812f-49e6-a8e5-c6cb57ce7090@group-5BBE2D5795BA-SegmentedRaftLogWorker: Starting segment from index:0
2019-10-03 01:26:06,598 [88a100f7-812f-49e6-a8e5-c6cb57ce7090@group-5BBE2D5795BA-LeaderElection60] INFO  impl.RaftServerImpl (ServerState.java:setRaftConf(356)) - 88a100f7-812f-49e6-a8e5-c6cb57ce7090@group-5BBE2D5795BA: set configuration 0: [88a100f7-812f-49e6-a8e5-c6cb57ce7090:192.168.164.205:42103], old=null at 0
2019-10-03 01:26:06,601 [88a100f7-812f-49e6-a8e5-c6cb57ce7090@group-A0B6BDB3A1E7-LeaderElection62] INFO  impl.LeaderElection (LeaderElection.java:askForVotes(178)) - 88a100f7-812f-49e6-a8e5-c6cb57ce7090@group-A0B6BDB3A1E7-LeaderElection62: begin an election at term 1 for -1: [88a100f7-812f-49e6-a8e5-c6cb57ce7090:192.168.164.205:42103, efbb8493-43d9-4808-a847-93c643e72cb3:192.168.164.205:45429, 7075aa05-1467-40c8-80c3-3e4c6e4ceabe:192.168.164.205:45532], old=null
2019-10-03 01:26:06,626 [Thread-2346] INFO  impl.FollowerState (FollowerState.java:run(108)) - efbb8493-43d9-4808-a847-93c643e72cb3@group-B0D300776CA5-FollowerState: change to CANDIDATE, lastRpcTime:5204ms, electionTimeout:5191ms
2019-10-03 01:26:06,626 [Thread-2346] INFO  impl.RoleInfo (RoleInfo.java:shutdownFollowerState(121)) - efbb8493-43d9-4808-a847-93c643e72cb3: shutdown FollowerState
2019-10-03 01:26:06,626 [Thread-2346] INFO  impl.RaftServerImpl (RaftServerImpl.java:setRole(170)) - efbb8493-43d9-4808-a847-93c643e72cb3@group-B0D300776CA5: changes role from  FOLLOWER to CANDIDATE at term 0 for changeToCandidate
2019-10-03 01:26:06,626 [efbb8493-43d9-4808-a847-93c643e72cb3@group-A0B6BDB3A1E7-LeaderElection61] INFO  impl.LeaderElection (LeaderElection.java:logAndReturn(56)) - efbb8493-43d9-4808-a847-93c643e72cb3@group-A0B6BDB3A1E7-LeaderElection61: Election PASSED; received 1 response(s) [efbb8493-43d9-4808-a847-93c643e72cb3<-7075aa05-1467-40c8-80c3-3e4c6e4ceabe#0:OK-t1] and 0 exception(s); efbb8493-43d9-4808-a847-93c643e72cb3@group-A0B6BDB3A1E7:t1, leader=null, voted=efbb8493-43d9-4808-a847-93c643e72cb3, raftlog=efbb8493-43d9-4808-a847-93c643e72cb3@group-A0B6BDB3A1E7-SegmentedRaftLog:OPENED:c-1,f-1,i0, conf=-1: [88a100f7-812f-49e6-a8e5-c6cb57ce7090:192.168.164.205:42103, efbb8493-43d9-4808-a847-93c643e72cb3:192.168.164.205:45429, 7075aa05-1467-40c8-80c3-3e4c6e4ceabe:192.168.164.205:45532], old=null
2019-10-03 01:26:06,626 [Thread-2346] INFO  impl.RoleInfo (RoleInfo.java:updateAndGet(143)) - efbb8493-43d9-4808-a847-93c643e72cb3: start LeaderElection
2019-10-03 01:26:06,627 [efbb8493-43d9-4808-a847-93c643e72cb3@group-A0B6BDB3A1E7-LeaderElection61] INFO  impl.RoleInfo (RoleInfo.java:shutdownLeaderElection(134)) - efbb8493-43d9-4808-a847-93c643e72cb3: shutdown LeaderElection
2019-10-03 01:26:06,629 [efbb8493-43d9-4808-a847-93c643e72cb3@group-A0B6BDB3A1E7-LeaderElection61] INFO  impl.RaftServerImpl (RaftServerImpl.java:setRole(170)) - efbb8493-43d9-4808-a847-93c643e72cb3@group-A0B6BDB3A1E7: changes role from CANDIDATE to LEADER at term 1 for changeToLeader
2019-10-03 01:26:06,629 [efbb8493-43d9-4808-a847-93c643e72cb3@group-A0B6BDB3A1E7-LeaderElection61] INFO  impl.RaftServerImpl (ServerState.java:setLeader(255)) - efbb8493-43d9-4808-a847-93c643e72cb3@group-A0B6BDB3A1E7: change Leader from null to efbb8493-43d9-4808-a847-93c643e72cb3 at term 1 for becomeLeader, leader elected after 5091ms
2019-10-03 01:26:06,635 [efbb8493-43d9-4808-a847-93c643e72cb3@group-A0B6BDB3A1E7-LeaderElection61] INFO  server.RaftServerConfigKeys (ConfUtils.java:logGet(43)) - raft.server.staging.catchup.gap = 1000 (default)
2019-10-03 01:26:06,635 [efbb8493-43d9-4808-a847-93c643e72cb3@group-A0B6BDB3A1E7-LeaderElection61] INFO  server.RaftServerConfigKeys (ConfUtils.java:logGet(43)) - raft.server.rpc.sleep.time = 25ms (default)
2019-10-03 01:26:06,635 [efbb8493-43d9-4808-a847-93c643e72cb3@group-A0B6BDB3A1E7-LeaderElection61] INFO  server.RaftServerConfigKeys (ConfUtils.java:logGet(43)) - raft.server.write.element-limit = 4096 (default)
2019-10-03 01:26:06,635 [efbb8493-43d9-4808-a847-93c643e72cb3@group-A0B6BDB3A1E7-LeaderElection61] INFO  server.RaftServerConfigKeys (ConfUtils.java:logGet(43)) - raft.server.watch.timeout = 10s (default)
2019-10-03 01:26:06,635 [efbb8493-43d9-4808-a847-93c643e72cb3@group-A0B6BDB3A1E7-LeaderElection61] INFO  server.RaftServerConfigKeys (ConfUtils.java:logGet(43)) - raft.server.watch.timeout.denomination = 1s (default)
2019-10-03 01:26:06,635 [efbb8493-43d9-4808-a847-93c643e72cb3@group-A0B6BDB3A1E7-LeaderElection61] INFO  server.RaftServerConfigKeys (ConfUtils.java:logGet(43)) - raft.server.watch.element-limit = 65536 (default)
2019-10-03 01:26:06,654 [88a100f7-812f-49e6-a8e5-c6cb57ce7090@group-5BBE2D5795BA-SegmentedRaftLogWorker] INFO  segmented.SegmentedRaftLogWorker (SegmentedRaftLogWorker.java:execute(574)) - 88a100f7-812f-49e6-a8e5-c6cb57ce7090@group-5BBE2D5795BA-SegmentedRaftLogWorker: created new log segment /workdir/hadoop-ozone/integration-test/target/test-dir/MiniOzoneClusterImpl-1f623d21-a207-44f0-9427-f0c326439107/datanode-0/data/ratis/64b2fb3b-beb0-473e-a614-5bbe2d5795ba/current/log_inprogress_0
2019-10-03 01:26:06,654 [efbb8493-43d9-4808-a847-93c643e72cb3@group-B0D300776CA5-LeaderElection63] INFO  impl.LeaderElection (LeaderElection.java:askForVotes(178)) - efbb8493-43d9-4808-a847-93c643e72cb3@group-B0D300776CA5-LeaderElection63: begin an election at term 1 for -1: [efbb8493-43d9-4808-a847-93c643e72cb3:192.168.164.205:45429], old=null
2019-10-03 01:26:06,654 [efbb8493-43d9-4808-a847-93c643e72cb3@group-B0D300776CA5-LeaderElection63] INFO  impl.RoleInfo (RoleInfo.java:shutdownLeaderElection(134)) - efbb8493-43d9-4808-a847-93c643e72cb3: shutdown LeaderElection
2019-10-03 01:26:06,654 [efbb8493-43d9-4808-a847-93c643e72cb3@group-B0D300776CA5-LeaderElection63] INFO  impl.RaftServerImpl (RaftServerImpl.java:setRole(170)) - efbb8493-43d9-4808-a847-93c643e72cb3@group-B0D300776CA5: changes role from CANDIDATE to LEADER at term 1 for changeToLeader
2019-10-03 01:26:06,654 [efbb8493-43d9-4808-a847-93c643e72cb3@group-B0D300776CA5-LeaderElection63] INFO  impl.RaftServerImpl (ServerState.java:setLeader(255)) - efbb8493-43d9-4808-a847-93c643e72cb3@group-B0D300776CA5: change Leader from null to efbb8493-43d9-4808-a847-93c643e72cb3 at term 1 for becomeLeader, leader elected after 5237ms
2019-10-03 01:26:06,654 [efbb8493-43d9-4808-a847-93c643e72cb3@group-B0D300776CA5-LeaderElection63] INFO  server.RaftServerConfigKeys (ConfUtils.java:logGet(43)) - raft.server.staging.catchup.gap = 1000 (default)
2019-10-03 01:26:06,657 [efbb8493-43d9-4808-a847-93c643e72cb3@group-B0D300776CA5-LeaderElection63] INFO  server.RaftServerConfigKeys (ConfUtils.java:logGet(43)) - raft.server.rpc.sleep.time = 25ms (default)
2019-10-03 01:26:06,657 [efbb8493-43d9-4808-a847-93c643e72cb3@group-B0D300776CA5-LeaderElection63] INFO  server.RaftServerConfigKeys (ConfUtils.java:logGet(43)) - raft.server.write.element-limit = 4096 (default)
2019-10-03 01:26:06,665 [efbb8493-43d9-4808-a847-93c643e72cb3@group-B0D300776CA5-LeaderElection63] INFO  server.RaftServerConfigKeys (ConfUtils.java:logGet(43)) - raft.server.watch.timeout = 10s (default)
2019-10-03 01:26:06,665 [efbb8493-43d9-4808-a847-93c643e72cb3@group-B0D300776CA5-LeaderElection63] INFO  server.RaftServerConfigKeys (ConfUtils.java:logGet(43)) - raft.server.watch.timeout.denomination = 1s (default)
2019-10-03 01:26:06,665 [efbb8493-43d9-4808-a847-93c643e72cb3@group-B0D300776CA5-LeaderElection63] INFO  server.RaftServerConfigKeys (ConfUtils.java:logGet(43)) - raft.server.watch.element-limit = 65536 (default)
2019-10-03 01:26:06,666 [efbb8493-43d9-4808-a847-93c643e72cb3@group-A0B6BDB3A1E7-LeaderElection61] INFO  server.RaftServerConfigKeys (ConfUtils.java:logGet(43)) - raft.server.log.appender.snapshot.chunk.size.max = 16MB (=16777216) (default)
2019-10-03 01:26:06,667 [efbb8493-43d9-4808-a847-93c643e72cb3@group-B0D300776CA5-LeaderElection63] INFO  impl.RoleInfo (RoleInfo.java:updateAndGet(143)) - efbb8493-43d9-4808-a847-93c643e72cb3: start LeaderState
2019-10-03 01:26:06,667 [efbb8493-43d9-4808-a847-93c643e72cb3@group-A0B6BDB3A1E7-LeaderElection61] INFO  server.RaftServerConfigKeys (ConfUtils.java:logGet(43)) - raft.server.log.appender.buffer.byte-limit = 33554432 (custom)
2019-10-03 01:26:06,667 [efbb8493-43d9-4808-a847-93c643e72cb3@group-B0D300776CA5-LeaderElection63] INFO  segmented.SegmentedRaftLogWorker (SegmentedRaftLogWorker.java:startLogSegment(385)) - efbb8493-43d9-4808-a847-93c643e72cb3@group-B0D300776CA5-SegmentedRaftLogWorker: Starting segment from index:0
2019-10-03 01:26:06,667 [efbb8493-43d9-4808-a847-93c643e72cb3@group-A0B6BDB3A1E7-LeaderElection61] INFO  server.RaftServerConfigKeys (ConfUtils.java:logGet(43)) - raft.server.log.appender.buffer.element-limit = 1 (custom)
2019-10-03 01:26:06,667 [efbb8493-43d9-4808-a847-93c643e72cb3@group-B0D300776CA5-LeaderElection63] INFO  impl.RaftServerImpl (ServerState.java:setRaftConf(356)) - efbb8493-43d9-4808-a847-93c643e72cb3@group-B0D300776CA5: set configuration 0: [efbb8493-43d9-4808-a847-93c643e72cb3:192.168.164.205:45429], old=null at 0
2019-10-03 01:26:06,668 [efbb8493-43d9-4808-a847-93c643e72cb3@group-A0B6BDB3A1E7-LeaderElection61] INFO  grpc.GrpcConfigKeys$Server (ConfUtils.java:logGet(43)) - raft.grpc.server.leader.outstanding.appends.max = 128 (default)
2019-10-03 01:26:06,668 [efbb8493-43d9-4808-a847-93c643e72cb3@group-A0B6BDB3A1E7-LeaderElection61] INFO  server.RaftServerConfigKeys (ConfUtils.java:logGet(43)) - raft.server.rpc.request.timeout = 3000ms (default)
2019-10-03 01:26:06,668 [efbb8493-43d9-4808-a847-93c643e72cb3@group-A0B6BDB3A1E7-LeaderElection61] INFO  server.RaftServerConfigKeys (ConfUtils.java:logGet(43)) - raft.server.log.appender.install.snapshot.enabled = false (custom)
2019-10-03 01:26:06,668 [efbb8493-43d9-4808-a847-93c643e72cb3@group-A0B6BDB3A1E7-LeaderElection61] INFO  server.RaftServerConfigKeys (ConfUtils.java:logGet(43)) - raft.server.log.appender.snapshot.chunk.size.max = 16MB (=16777216) (default)
2019-10-03 01:26:06,669 [efbb8493-43d9-4808-a847-93c643e72cb3@group-A0B6BDB3A1E7-LeaderElection61] INFO  server.RaftServerConfigKeys (ConfUtils.java:logGet(43)) - raft.server.log.appender.buffer.byte-limit = 33554432 (custom)
2019-10-03 01:26:06,669 [efbb8493-43d9-4808-a847-93c643e72cb3@group-A0B6BDB3A1E7-LeaderElection61] INFO  server.RaftServerConfigKeys (ConfUtils.java:logGet(43)) - raft.server.log.appender.buffer.element-limit = 1 (custom)
2019-10-03 01:26:06,669 [efbb8493-43d9-4808-a847-93c643e72cb3@group-A0B6BDB3A1E7-LeaderElection61] INFO  grpc.GrpcConfigKeys$Server (ConfUtils.java:logGet(43)) - raft.grpc.server.leader.outstanding.appends.max = 128 (default)
2019-10-03 01:26:06,669 [efbb8493-43d9-4808-a847-93c643e72cb3@group-A0B6BDB3A1E7-LeaderElection61] INFO  server.RaftServerConfigKeys (ConfUtils.java:logGet(43)) - raft.server.rpc.request.timeout = 3000ms (default)
2019-10-03 01:26:06,670 [efbb8493-43d9-4808-a847-93c643e72cb3@group-A0B6BDB3A1E7-LeaderElection61] INFO  server.RaftServerConfigKeys (ConfUtils.java:logGet(43)) - raft.server.log.appender.install.snapshot.enabled = false (custom)
2019-10-03 01:26:06,670 [efbb8493-43d9-4808-a847-93c643e72cb3@group-A0B6BDB3A1E7-LeaderElection61] INFO  impl.RoleInfo (RoleInfo.java:updateAndGet(143)) - efbb8493-43d9-4808-a847-93c643e72cb3: start LeaderState
2019-10-03 01:26:06,670 [efbb8493-43d9-4808-a847-93c643e72cb3@group-A0B6BDB3A1E7-LeaderElection61] INFO  segmented.SegmentedRaftLogWorker (SegmentedRaftLogWorker.java:startLogSegment(385)) - efbb8493-43d9-4808-a847-93c643e72cb3@group-A0B6BDB3A1E7-SegmentedRaftLogWorker: Starting segment from index:0
2019-10-03 01:26:06,671 [Thread-2349] INFO  impl.FollowerState (FollowerState.java:run(108)) - 7075aa05-1467-40c8-80c3-3e4c6e4ceabe@group-8B56B0369FBD-FollowerState: change to CANDIDATE, lastRpcTime:5190ms, electionTimeout:5190ms
2019-10-03 01:26:06,671 [Thread-2349] INFO  impl.RoleInfo (RoleInfo.java:shutdownFollowerState(121)) - 7075aa05-1467-40c8-80c3-3e4c6e4ceabe: shutdown FollowerState
2019-10-03 01:26:06,671 [efbb8493-43d9-4808-a847-93c643e72cb3@group-A0B6BDB3A1E7-LeaderElection61] INFO  impl.RaftServerImpl (ServerState.java:setRaftConf(356)) - efbb8493-43d9-4808-a847-93c643e72cb3@group-A0B6BDB3A1E7: set configuration 0: [88a100f7-812f-49e6-a8e5-c6cb57ce7090:192.168.164.205:42103, efbb8493-43d9-4808-a847-93c643e72cb3:192.168.164.205:45429, 7075aa05-1467-40c8-80c3-3e4c6e4ceabe:192.168.164.205:45532], old=null at 0
2019-10-03 01:26:06,671 [Thread-2349] INFO  impl.RaftServerImpl (RaftServerImpl.java:setRole(170)) - 7075aa05-1467-40c8-80c3-3e4c6e4ceabe@group-8B56B0369FBD: changes role from  FOLLOWER to CANDIDATE at term 0 for changeToCandidate
2019-10-03 01:26:06,706 [grpc-default-executor-4] INFO  impl.RaftServerImpl (RaftServerImpl.java:requestVote(754)) - efbb8493-43d9-4808-a847-93c643e72cb3@group-A0B6BDB3A1E7-   LEADER: Withhold vote from candidate 88a100f7-812f-49e6-a8e5-c6cb57ce7090 with term 1. State: leader=efbb8493-43d9-4808-a847-93c643e72cb3, term=1, lastRpcElapsed=null
2019-10-03 01:26:06,706 [Thread-2349] INFO  impl.RoleInfo (RoleInfo.java:updateAndGet(143)) - 7075aa05-1467-40c8-80c3-3e4c6e4ceabe: start LeaderElection
2019-10-03 01:26:06,713 [grpc-default-executor-4] INFO  impl.RaftServerImpl (RaftServerImpl.java:setRole(170)) - 88a100f7-812f-49e6-a8e5-c6cb57ce7090@group-A0B6BDB3A1E7: changes role from CANDIDATE to FOLLOWER at term 1 for appendEntries
2019-10-03 01:26:06,714 [grpc-default-executor-4] INFO  impl.RoleInfo (RoleInfo.java:shutdownLeaderElection(134)) - 88a100f7-812f-49e6-a8e5-c6cb57ce7090: shutdown LeaderElection
2019-10-03 01:26:06,717 [grpc-default-executor-6] INFO  impl.RaftServerImpl (ServerState.java:setLeader(255)) - 7075aa05-1467-40c8-80c3-3e4c6e4ceabe@group-A0B6BDB3A1E7: change Leader from null to efbb8493-43d9-4808-a847-93c643e72cb3 at term 1 for appendEntries, leader elected after 5179ms
2019-10-03 01:26:06,717 [grpc-default-executor-4] INFO  impl.RoleInfo (RoleInfo.java:updateAndGet(143)) - 88a100f7-812f-49e6-a8e5-c6cb57ce7090: start FollowerState
2019-10-03 01:26:06,717 [88a100f7-812f-49e6-a8e5-c6cb57ce7090@group-A0B6BDB3A1E7-LeaderElection62] INFO  impl.LeaderElection (LeaderElection.java:logAndReturn(56)) - 88a100f7-812f-49e6-a8e5-c6cb57ce7090@group-A0B6BDB3A1E7-LeaderElection62: Election REJECTED; received 2 response(s) [88a100f7-812f-49e6-a8e5-c6cb57ce7090<-efbb8493-43d9-4808-a847-93c643e72cb3#0:FAIL-t1, 88a100f7-812f-49e6-a8e5-c6cb57ce7090<-7075aa05-1467-40c8-80c3-3e4c6e4ceabe#0:FAIL-t1] and 0 exception(s); 88a100f7-812f-49e6-a8e5-c6cb57ce7090@group-A0B6BDB3A1E7:t1, leader=null, voted=88a100f7-812f-49e6-a8e5-c6cb57ce7090, raftlog=88a100f7-812f-49e6-a8e5-c6cb57ce7090@group-A0B6BDB3A1E7-SegmentedRaftLog:OPENED:c-1,f-1,i0, conf=-1: [88a100f7-812f-49e6-a8e5-c6cb57ce7090:192.168.164.205:42103, efbb8493-43d9-4808-a847-93c643e72cb3:192.168.164.205:45429, 7075aa05-1467-40c8-80c3-3e4c6e4ceabe:192.168.164.205:45532], old=null
2019-10-03 01:26:06,717 [grpc-default-executor-4] INFO  impl.RaftServerImpl (ServerState.java:setLeader(255)) - 88a100f7-812f-49e6-a8e5-c6cb57ce7090@group-A0B6BDB3A1E7: change Leader from null to efbb8493-43d9-4808-a847-93c643e72cb3 at term 1 for appendEntries, leader elected after 5179ms
2019-10-03 01:26:06,718 [efbb8493-43d9-4808-a847-93c643e72cb3@group-A0B6BDB3A1E7-SegmentedRaftLogWorker] INFO  segmented.SegmentedRaftLogWorker (SegmentedRaftLogWorker.java:execute(574)) - efbb8493-43d9-4808-a847-93c643e72cb3@group-A0B6BDB3A1E7-SegmentedRaftLogWorker: created new log segment /workdir/hadoop-ozone/integration-test/target/test-dir/MiniOzoneClusterImpl-1f623d21-a207-44f0-9427-f0c326439107/datanode-1/data/ratis/aca1d75d-df7b-436c-8215-a0b6bdb3a1e7/current/log_inprogress_0
2019-10-03 01:26:06,721 [7075aa05-1467-40c8-80c3-3e4c6e4ceabe@group-8B56B0369FBD-LeaderElection64] INFO  impl.LeaderElection (LeaderElection.java:askForVotes(178)) - 7075aa05-1467-40c8-80c3-3e4c6e4ceabe@group-8B56B0369FBD-LeaderElection64: begin an election at term 1 for -1: [7075aa05-1467-40c8-80c3-3e4c6e4ceabe:192.168.164.205:45532], old=null
2019-10-03 01:26:06,718 [efbb8493-43d9-4808-a847-93c643e72cb3@group-B0D300776CA5-SegmentedRaftLogWorker] INFO  segmented.SegmentedRaftLogWorker (SegmentedRaftLogWorker.java:execute(574)) - efbb8493-43d9-4808-a847-93c643e72cb3@group-B0D300776CA5-SegmentedRaftLogWorker: created new log segment /workdir/hadoop-ozone/integration-test/target/test-dir/MiniOzoneClusterImpl-1f623d21-a207-44f0-9427-f0c326439107/datanode-1/data/ratis/f5df5d08-9c4d-4afe-9ff5-b0d300776ca5/current/log_inprogress_0
2019-10-03 01:26:06,721 [7075aa05-1467-40c8-80c3-3e4c6e4ceabe@group-8B56B0369FBD-LeaderElection64] INFO  impl.RoleInfo (RoleInfo.java:shutdownLeaderElection(134)) - 7075aa05-1467-40c8-80c3-3e4c6e4ceabe: shutdown LeaderElection
2019-10-03 01:26:06,721 [7075aa05-1467-40c8-80c3-3e4c6e4ceabe@group-8B56B0369FBD-LeaderElection64] INFO  impl.RaftServerImpl (RaftServerImpl.java:setRole(170)) - 7075aa05-1467-40c8-80c3-3e4c6e4ceabe@group-8B56B0369FBD: changes role from CANDIDATE to LEADER at term 1 for changeToLeader
2019-10-03 01:26:06,721 [7075aa05-1467-40c8-80c3-3e4c6e4ceabe@group-8B56B0369FBD-LeaderElection64] INFO  impl.RaftServerImpl (ServerState.java:setLeader(255)) - 7075aa05-1467-40c8-80c3-3e4c6e4ceabe@group-8B56B0369FBD: change Leader from null to 7075aa05-1467-40c8-80c3-3e4c6e4ceabe at term 1 for becomeLeader, leader elected after 5246ms
2019-10-03 01:26:06,721 [7075aa05-1467-40c8-80c3-3e4c6e4ceabe@group-8B56B0369FBD-LeaderElection64] INFO  server.RaftServerConfigKeys (ConfUtils.java:logGet(43)) - raft.server.staging.catchup.gap = 1000 (default)
2019-10-03 01:26:06,721 [7075aa05-1467-40c8-80c3-3e4c6e4ceabe@group-8B56B0369FBD-LeaderElection64] INFO  server.RaftServerConfigKeys (ConfUtils.java:logGet(43)) - raft.server.rpc.sleep.time = 25ms (default)
2019-10-03 01:26:06,722 [7075aa05-1467-40c8-80c3-3e4c6e4ceabe@group-8B56B0369FBD-LeaderElection64] INFO  server.RaftServerConfigKeys (ConfUtils.java:logGet(43)) - raft.server.write.element-limit = 4096 (default)
2019-10-03 01:26:06,722 [7075aa05-1467-40c8-80c3-3e4c6e4ceabe@group-8B56B0369FBD-LeaderElection64] INFO  server.RaftServerConfigKeys (ConfUtils.java:logGet(43)) - raft.server.watch.timeout = 10s (default)
2019-10-03 01:26:06,722 [7075aa05-1467-40c8-80c3-3e4c6e4ceabe@group-8B56B0369FBD-LeaderElection64] INFO  server.RaftServerConfigKeys (ConfUtils.java:logGet(43)) - raft.server.watch.timeout.denomination = 1s (default)
2019-10-03 01:26:06,722 [7075aa05-1467-40c8-80c3-3e4c6e4ceabe@group-8B56B0369FBD-LeaderElection64] INFO  server.RaftServerConfigKeys (ConfUtils.java:logGet(43)) - raft.server.watch.element-limit = 65536 (default)
2019-10-03 01:26:06,722 [grpc-default-executor-6] INFO  impl.RaftServerImpl (ServerState.java:setRaftConf(356)) - 88a100f7-812f-49e6-a8e5-c6cb57ce7090@group-A0B6BDB3A1E7: set configuration 0: [88a100f7-812f-49e6-a8e5-c6cb57ce7090:192.168.164.205:42103, efbb8493-43d9-4808-a847-93c643e72cb3:192.168.164.205:45429, 7075aa05-1467-40c8-80c3-3e4c6e4ceabe:192.168.164.205:45532], old=null at 0
2019-10-03 01:26:06,722 [grpc-default-executor-4] INFO  impl.RaftServerImpl (ServerState.java:setRaftConf(356)) - 7075aa05-1467-40c8-80c3-3e4c6e4ceabe@group-A0B6BDB3A1E7: set configuration 0: [88a100f7-812f-49e6-a8e5-c6cb57ce7090:192.168.164.205:42103, efbb8493-43d9-4808-a847-93c643e72cb3:192.168.164.205:45429, 7075aa05-1467-40c8-80c3-3e4c6e4ceabe:192.168.164.205:45532], old=null at 0
2019-10-03 01:26:06,722 [grpc-default-executor-6] INFO  segmented.SegmentedRaftLogWorker (SegmentedRaftLogWorker.java:startLogSegment(385)) - 88a100f7-812f-49e6-a8e5-c6cb57ce7090@group-A0B6BDB3A1E7-SegmentedRaftLogWorker: Starting segment from index:0
2019-10-03 01:26:06,723 [grpc-default-executor-4] INFO  segmented.SegmentedRaftLogWorker (SegmentedRaftLogWorker.java:startLogSegment(385)) - 7075aa05-1467-40c8-80c3-3e4c6e4ceabe@group-A0B6BDB3A1E7-SegmentedRaftLogWorker: Starting segment from index:0
2019-10-03 01:26:06,723 [7075aa05-1467-40c8-80c3-3e4c6e4ceabe@group-8B56B0369FBD-LeaderElection64] INFO  impl.RoleInfo (RoleInfo.java:updateAndGet(143)) - 7075aa05-1467-40c8-80c3-3e4c6e4ceabe: start LeaderState
2019-10-03 01:26:06,723 [7075aa05-1467-40c8-80c3-3e4c6e4ceabe@group-8B56B0369FBD-LeaderElection64] INFO  segmented.SegmentedRaftLogWorker (SegmentedRaftLogWorker.java:startLogSegment(385)) - 7075aa05-1467-40c8-80c3-3e4c6e4ceabe@group-8B56B0369FBD-SegmentedRaftLogWorker: Starting segment from index:0
2019-10-03 01:26:06,724 [7075aa05-1467-40c8-80c3-3e4c6e4ceabe@group-8B56B0369FBD-LeaderElection64] INFO  impl.RaftServerImpl (ServerState.java:setRaftConf(356)) - 7075aa05-1467-40c8-80c3-3e4c6e4ceabe@group-8B56B0369FBD: set configuration 0: [7075aa05-1467-40c8-80c3-3e4c6e4ceabe:192.168.164.205:45532], old=null at 0
2019-10-03 01:26:06,747 [Thread-2361] INFO  impl.FollowerState (FollowerState.java:run(108)) - 19a6d400-3fea-480b-9703-531bb51b7be4@group-BF3763037D5C-FollowerState: change to CANDIDATE, lastRpcTime:5128ms, electionTimeout:5128ms
2019-10-03 01:26:06,747 [Thread-2361] INFO  impl.RoleInfo (RoleInfo.java:shutdownFollowerState(121)) - 19a6d400-3fea-480b-9703-531bb51b7be4: shutdown FollowerState
2019-10-03 01:26:06,747 [Thread-2361] INFO  impl.RaftServerImpl (RaftServerImpl.java:setRole(170)) - 19a6d400-3fea-480b-9703-531bb51b7be4@group-BF3763037D5C: changes role from  FOLLOWER to CANDIDATE at term 0 for changeToCandidate
2019-10-03 01:26:06,747 [Thread-2361] INFO  impl.RoleInfo (RoleInfo.java:updateAndGet(143)) - 19a6d400-3fea-480b-9703-531bb51b7be4: start LeaderElection
2019-10-03 01:26:06,771 [7075aa05-1467-40c8-80c3-3e4c6e4ceabe@group-8B56B0369FBD-SegmentedRaftLogWorker] INFO  segmented.SegmentedRaftLogWorker (SegmentedRaftLogWorker.java:execute(574)) - 7075aa05-1467-40c8-80c3-3e4c6e4ceabe@group-8B56B0369FBD-SegmentedRaftLogWorker: created new log segment /workdir/hadoop-ozone/integration-test/target/test-dir/MiniOzoneClusterImpl-1f623d21-a207-44f0-9427-f0c326439107/datanode-2/data/ratis/f839c6f1-43d5-403c-8b15-8b56b0369fbd/current/log_inprogress_0
2019-10-03 01:26:06,771 [7075aa05-1467-40c8-80c3-3e4c6e4ceabe@group-A0B6BDB3A1E7-SegmentedRaftLogWorker] INFO  segmented.SegmentedRaftLogWorker (SegmentedRaftLogWorker.java:execute(574)) - 7075aa05-1467-40c8-80c3-3e4c6e4ceabe@group-A0B6BDB3A1E7-SegmentedRaftLogWorker: created new log segment /workdir/hadoop-ozone/integration-test/target/test-dir/MiniOzoneClusterImpl-1f623d21-a207-44f0-9427-f0c326439107/datanode-2/data/ratis/aca1d75d-df7b-436c-8215-a0b6bdb3a1e7/current/log_inprogress_0
2019-10-03 01:26:06,771 [88a100f7-812f-49e6-a8e5-c6cb57ce7090@group-A0B6BDB3A1E7-SegmentedRaftLogWorker] INFO  segmented.SegmentedRaftLogWorker (SegmentedRaftLogWorker.java:execute(574)) - 88a100f7-812f-49e6-a8e5-c6cb57ce7090@group-A0B6BDB3A1E7-SegmentedRaftLogWorker: created new log segment /workdir/hadoop-ozone/integration-test/target/test-dir/MiniOzoneClusterImpl-1f623d21-a207-44f0-9427-f0c326439107/datanode-0/data/ratis/aca1d75d-df7b-436c-8215-a0b6bdb3a1e7/current/log_inprogress_0
2019-10-03 01:26:06,774 [19a6d400-3fea-480b-9703-531bb51b7be4@group-BF3763037D5C-LeaderElection65] INFO  impl.LeaderElection (LeaderElection.java:askForVotes(178)) - 19a6d400-3fea-480b-9703-531bb51b7be4@group-BF3763037D5C-LeaderElection65: begin an election at term 1 for -1: [19a6d400-3fea-480b-9703-531bb51b7be4:192.168.164.205:43347], old=null
2019-10-03 01:26:06,774 [19a6d400-3fea-480b-9703-531bb51b7be4@group-BF3763037D5C-LeaderElection65] INFO  impl.RoleInfo (RoleInfo.java:shutdownLeaderElection(134)) - 19a6d400-3fea-480b-9703-531bb51b7be4: shutdown LeaderElection
2019-10-03 01:26:06,774 [19a6d400-3fea-480b-9703-531bb51b7be4@group-BF3763037D5C-LeaderElection65] INFO  impl.RaftServerImpl (RaftServerImpl.java:setRole(170)) - 19a6d400-3fea-480b-9703-531bb51b7be4@group-BF3763037D5C: changes role from CANDIDATE to LEADER at term 1 for changeToLeader
2019-10-03 01:26:06,774 [19a6d400-3fea-480b-9703-531bb51b7be4@group-BF3763037D5C-LeaderElection65] INFO  impl.RaftServerImpl (ServerState.java:setLeader(255)) - 19a6d400-3fea-480b-9703-531bb51b7be4@group-BF3763037D5C: change Leader from null to 19a6d400-3fea-480b-9703-531bb51b7be4 at term 1 for becomeLeader, leader elected after 5160ms
2019-10-03 01:26:06,774 [19a6d400-3fea-480b-9703-531bb51b7be4@group-BF3763037D5C-LeaderElection65] INFO  server.RaftServerConfigKeys (ConfUtils.java:logGet(43)) - raft.server.staging.catchup.gap = 1000 (default)
2019-10-03 01:26:06,774 [19a6d400-3fea-480b-9703-531bb51b7be4@group-BF3763037D5C-LeaderElection65] INFO  server.RaftServerConfigKeys (ConfUtils.java:logGet(43)) - raft.server.rpc.sleep.time = 25ms (default)
2019-10-03 01:26:06,775 [19a6d400-3fea-480b-9703-531bb51b7be4@group-BF3763037D5C-LeaderElection65] INFO  server.RaftServerConfigKeys (ConfUtils.java:logGet(43)) - raft.server.write.element-limit = 4096 (default)
2019-10-03 01:26:06,775 [19a6d400-3fea-480b-9703-531bb51b7be4@group-BF3763037D5C-LeaderElection65] INFO  server.RaftServerConfigKeys (ConfUtils.java:logGet(43)) - raft.server.watch.timeout = 10s (default)
2019-10-03 01:26:06,775 [19a6d400-3fea-480b-9703-531bb51b7be4@group-BF3763037D5C-LeaderElection65] INFO  server.RaftServerConfigKeys (ConfUtils.java:logGet(43)) - raft.server.watch.timeout.denomination = 1s (default)
2019-10-03 01:26:06,775 [19a6d400-3fea-480b-9703-531bb51b7be4@group-BF3763037D5C-LeaderElection65] INFO  server.RaftServerConfigKeys (ConfUtils.java:logGet(43)) - raft.server.watch.element-limit = 65536 (default)
2019-10-03 01:26:06,776 [19a6d400-3fea-480b-9703-531bb51b7be4@group-BF3763037D5C-LeaderElection65] INFO  impl.RoleInfo (RoleInfo.java:updateAndGet(143)) - 19a6d400-3fea-480b-9703-531bb51b7be4: start LeaderState
2019-10-03 01:26:06,776 [19a6d400-3fea-480b-9703-531bb51b7be4@group-BF3763037D5C-LeaderElection65] INFO  segmented.SegmentedRaftLogWorker (SegmentedRaftLogWorker.java:startLogSegment(385)) - 19a6d400-3fea-480b-9703-531bb51b7be4@group-BF3763037D5C-SegmentedRaftLogWorker: Starting segment from index:0
2019-10-03 01:26:06,777 [19a6d400-3fea-480b-9703-531bb51b7be4@group-BF3763037D5C-LeaderElection65] INFO  impl.RaftServerImpl (ServerState.java:setRaftConf(356)) - 19a6d400-3fea-480b-9703-531bb51b7be4@group-BF3763037D5C: set configuration 0: [19a6d400-3fea-480b-9703-531bb51b7be4:192.168.164.205:43347], old=null at 0
2019-10-03 01:26:06,798 [Thread-2370] INFO  impl.FollowerState (FollowerState.java:run(108)) - df8af7a5-4296-42cc-92b1-58b5ef40f7c5@group-65B52DAC1494-FollowerState: change to CANDIDATE, lastRpcTime:5012ms, electionTimeout:5012ms
2019-10-03 01:26:06,798 [Thread-2370] INFO  impl.RoleInfo (RoleInfo.java:shutdownFollowerState(121)) - df8af7a5-4296-42cc-92b1-58b5ef40f7c5: shutdown FollowerState
2019-10-03 01:26:06,798 [Thread-2370] INFO  impl.RaftServerImpl (RaftServerImpl.java:setRole(170)) - df8af7a5-4296-42cc-92b1-58b5ef40f7c5@group-65B52DAC1494: changes role from  FOLLOWER to CANDIDATE at term 0 for changeToCandidate
2019-10-03 01:26:06,799 [Thread-2370] INFO  impl.RoleInfo (RoleInfo.java:updateAndGet(143)) - df8af7a5-4296-42cc-92b1-58b5ef40f7c5: start LeaderElection
2019-10-03 01:26:06,818 [Thread-2364] INFO  impl.FollowerState (FollowerState.java:run(108)) - 5a3bb1d1-da87-4da1-bef8-431805f41d01@group-555B4ED3F366-FollowerState: change to CANDIDATE, lastRpcTime:5138ms, electionTimeout:5138ms
2019-10-03 01:26:06,818 [Thread-2364] INFO  impl.RoleInfo (RoleInfo.java:shutdownFollowerState(121)) - 5a3bb1d1-da87-4da1-bef8-431805f41d01: shutdown FollowerState
2019-10-03 01:26:06,818 [Thread-2364] INFO  impl.RaftServerImpl (RaftServerImpl.java:setRole(170)) - 5a3bb1d1-da87-4da1-bef8-431805f41d01@group-555B4ED3F366: changes role from  FOLLOWER to CANDIDATE at term 0 for changeToCandidate
2019-10-03 01:26:06,818 [Thread-2364] INFO  impl.RoleInfo (RoleInfo.java:updateAndGet(143)) - 5a3bb1d1-da87-4da1-bef8-431805f41d01: start LeaderElection
2019-10-03 01:26:06,827 [19a6d400-3fea-480b-9703-531bb51b7be4@group-BF3763037D5C-SegmentedRaftLogWorker] INFO  segmented.SegmentedRaftLogWorker (SegmentedRaftLogWorker.java:execute(574)) - 19a6d400-3fea-480b-9703-531bb51b7be4@group-BF3763037D5C-SegmentedRaftLogWorker: created new log segment /workdir/hadoop-ozone/integration-test/target/test-dir/MiniOzoneClusterImpl-1f623d21-a207-44f0-9427-f0c326439107/datanode-3/data/ratis/471fb5c5-679c-4409-9897-bf3763037d5c/current/log_inprogress_0
2019-10-03 01:26:06,827 [df8af7a5-4296-42cc-92b1-58b5ef40f7c5@group-65B52DAC1494-LeaderElection66] INFO  impl.LeaderElection (LeaderElection.java:askForVotes(178)) - df8af7a5-4296-42cc-92b1-58b5ef40f7c5@group-65B52DAC1494-LeaderElection66: begin an election at term 1 for -1: [df8af7a5-4296-42cc-92b1-58b5ef40f7c5:192.168.164.205:38398], old=null
2019-10-03 01:26:06,827 [df8af7a5-4296-42cc-92b1-58b5ef40f7c5@group-65B52DAC1494-LeaderElection66] INFO  impl.RoleInfo (RoleInfo.java:shutdownLeaderElection(134)) - df8af7a5-4296-42cc-92b1-58b5ef40f7c5: shutdown LeaderElection
2019-10-03 01:26:06,827 [df8af7a5-4296-42cc-92b1-58b5ef40f7c5@group-65B52DAC1494-LeaderElection66] INFO  impl.RaftServerImpl (RaftServerImpl.java:setRole(170)) - df8af7a5-4296-42cc-92b1-58b5ef40f7c5@group-65B52DAC1494: changes role from CANDIDATE to LEADER at term 1 for changeToLeader
2019-10-03 01:26:06,827 [df8af7a5-4296-42cc-92b1-58b5ef40f7c5@group-65B52DAC1494-LeaderElection66] INFO  impl.RaftServerImpl (ServerState.java:setLeader(255)) - df8af7a5-4296-42cc-92b1-58b5ef40f7c5@group-65B52DAC1494: change Leader from null to df8af7a5-4296-42cc-92b1-58b5ef40f7c5 at term 1 for becomeLeader, leader elected after 5047ms
2019-10-03 01:26:06,827 [df8af7a5-4296-42cc-92b1-58b5ef40f7c5@group-65B52DAC1494-LeaderElection66] INFO  server.RaftServerConfigKeys (ConfUtils.java:logGet(43)) - raft.server.staging.catchup.gap = 1000 (default)
2019-10-03 01:26:06,827 [df8af7a5-4296-42cc-92b1-58b5ef40f7c5@group-65B52DAC1494-LeaderElection66] INFO  server.RaftServerConfigKeys (ConfUtils.java:logGet(43)) - raft.server.rpc.sleep.time = 25ms (default)
2019-10-03 01:26:06,828 [df8af7a5-4296-42cc-92b1-58b5ef40f7c5@group-65B52DAC1494-LeaderElection66] INFO  server.RaftServerConfigKeys (ConfUtils.java:logGet(43)) - raft.server.write.element-limit = 4096 (default)
2019-10-03 01:26:06,828 [df8af7a5-4296-42cc-92b1-58b5ef40f7c5@group-65B52DAC1494-LeaderElection66] INFO  server.RaftServerConfigKeys (ConfUtils.java:logGet(43)) - raft.server.watch.timeout = 10s (default)
2019-10-03 01:26:06,828 [df8af7a5-4296-42cc-92b1-58b5ef40f7c5@group-65B52DAC1494-LeaderElection66] INFO  server.RaftServerConfigKeys (ConfUtils.java:logGet(43)) - raft.server.watch.timeout.denomination = 1s (default)
2019-10-03 01:26:06,828 [df8af7a5-4296-42cc-92b1-58b5ef40f7c5@group-65B52DAC1494-LeaderElection66] INFO  server.RaftServerConfigKeys (ConfUtils.java:logGet(43)) - raft.server.watch.element-limit = 65536 (default)
2019-10-03 01:26:06,830 [df8af7a5-4296-42cc-92b1-58b5ef40f7c5@group-65B52DAC1494-LeaderElection66] INFO  impl.RoleInfo (RoleInfo.java:updateAndGet(143)) - df8af7a5-4296-42cc-92b1-58b5ef40f7c5: start LeaderState
2019-10-03 01:26:06,830 [5a3bb1d1-da87-4da1-bef8-431805f41d01@group-555B4ED3F366-LeaderElection67] INFO  impl.LeaderElection (LeaderElection.java:askForVotes(178)) - 5a3bb1d1-da87-4da1-bef8-431805f41d01@group-555B4ED3F366-LeaderElection67: begin an election at term 1 for -1: [5a3bb1d1-da87-4da1-bef8-431805f41d01:192.168.164.205:44336], old=null
2019-10-03 01:26:06,830 [5a3bb1d1-da87-4da1-bef8-431805f41d01@group-555B4ED3F366-LeaderElection67] INFO  impl.RoleInfo (RoleInfo.java:shutdownLeaderElection(134)) - 5a3bb1d1-da87-4da1-bef8-431805f41d01: shutdown LeaderElection
2019-10-03 01:26:06,830 [df8af7a5-4296-42cc-92b1-58b5ef40f7c5@group-65B52DAC1494-LeaderElection66] INFO  segmented.SegmentedRaftLogWorker (SegmentedRaftLogWorker.java:startLogSegment(385)) - df8af7a5-4296-42cc-92b1-58b5ef40f7c5@group-65B52DAC1494-SegmentedRaftLogWorker: Starting segment from index:0
2019-10-03 01:26:06,830 [5a3bb1d1-da87-4da1-bef8-431805f41d01@group-555B4ED3F366-LeaderElection67] INFO  impl.RaftServerImpl (RaftServerImpl.java:setRole(170)) - 5a3bb1d1-da87-4da1-bef8-431805f41d01@group-555B4ED3F366: changes role from CANDIDATE to LEADER at term 1 for changeToLeader
2019-10-03 01:26:06,830 [5a3bb1d1-da87-4da1-bef8-431805f41d01@group-555B4ED3F366-LeaderElection67] INFO  impl.RaftServerImpl (ServerState.java:setLeader(255)) - 5a3bb1d1-da87-4da1-bef8-431805f41d01@group-555B4ED3F366: change Leader from null to 5a3bb1d1-da87-4da1-bef8-431805f41d01 at term 1 for becomeLeader, leader elected after 5160ms
2019-10-03 01:26:06,830 [5a3bb1d1-da87-4da1-bef8-431805f41d01@group-555B4ED3F366-LeaderElection67] INFO  server.RaftServerConfigKeys (ConfUtils.java:logGet(43)) - raft.server.staging.catchup.gap = 1000 (default)
2019-10-03 01:26:06,830 [5a3bb1d1-da87-4da1-bef8-431805f41d01@group-555B4ED3F366-LeaderElection67] INFO  server.RaftServerConfigKeys (ConfUtils.java:logGet(43)) - raft.server.rpc.sleep.time = 25ms (default)
2019-10-03 01:26:06,830 [df8af7a5-4296-42cc-92b1-58b5ef40f7c5@group-65B52DAC1494-LeaderElection66] INFO  impl.RaftServerImpl (ServerState.java:setRaftConf(356)) - df8af7a5-4296-42cc-92b1-58b5ef40f7c5@group-65B52DAC1494: set configuration 0: [df8af7a5-4296-42cc-92b1-58b5ef40f7c5:192.168.164.205:38398], old=null at 0
2019-10-03 01:26:06,831 [5a3bb1d1-da87-4da1-bef8-431805f41d01@group-555B4ED3F366-LeaderElection67] INFO  server.RaftServerConfigKeys (ConfUtils.java:logGet(43)) - raft.server.write.element-limit = 4096 (default)
2019-10-03 01:26:06,831 [5a3bb1d1-da87-4da1-bef8-431805f41d01@group-555B4ED3F366-LeaderElection67] INFO  server.RaftServerConfigKeys (ConfUtils.java:logGet(43)) - raft.server.watch.timeout = 10s (default)
2019-10-03 01:26:06,831 [5a3bb1d1-da87-4da1-bef8-431805f41d01@group-555B4ED3F366-LeaderElection67] INFO  server.RaftServerConfigKeys (ConfUtils.java:logGet(43)) - raft.server.watch.timeout.denomination = 1s (default)
2019-10-03 01:26:06,831 [5a3bb1d1-da87-4da1-bef8-431805f41d01@group-555B4ED3F366-LeaderElection67] INFO  server.RaftServerConfigKeys (ConfUtils.java:logGet(43)) - raft.server.watch.element-limit = 65536 (default)
2019-10-03 01:26:06,832 [5a3bb1d1-da87-4da1-bef8-431805f41d01@group-555B4ED3F366-LeaderElection67] INFO  impl.RoleInfo (RoleInfo.java:updateAndGet(143)) - 5a3bb1d1-da87-4da1-bef8-431805f41d01: start LeaderState
2019-10-03 01:26:06,832 [5a3bb1d1-da87-4da1-bef8-431805f41d01@group-555B4ED3F366-LeaderElection67] INFO  segmented.SegmentedRaftLogWorker (SegmentedRaftLogWorker.java:startLogSegment(385)) - 5a3bb1d1-da87-4da1-bef8-431805f41d01@group-555B4ED3F366-SegmentedRaftLogWorker: Starting segment from index:0
2019-10-03 01:26:06,833 [5a3bb1d1-da87-4da1-bef8-431805f41d01@group-555B4ED3F366-LeaderElection67] INFO  impl.RaftServerImpl (ServerState.java:setRaftConf(356)) - 5a3bb1d1-da87-4da1-bef8-431805f41d01@group-555B4ED3F366: set configuration 0: [5a3bb1d1-da87-4da1-bef8-431805f41d01:192.168.164.205:44336], old=null at 0
2019-10-03 01:26:06,880 [df8af7a5-4296-42cc-92b1-58b5ef40f7c5@group-65B52DAC1494-SegmentedRaftLogWorker] INFO  segmented.SegmentedRaftLogWorker (SegmentedRaftLogWorker.java:execute(574)) - df8af7a5-4296-42cc-92b1-58b5ef40f7c5@group-65B52DAC1494-SegmentedRaftLogWorker: created new log segment /workdir/hadoop-ozone/integration-test/target/test-dir/MiniOzoneClusterImpl-1f623d21-a207-44f0-9427-f0c326439107/datanode-6/data/ratis/f7a0e59d-1b4b-4048-bb30-65b52dac1494/current/log_inprogress_0
2019-10-03 01:26:06,880 [5a3bb1d1-da87-4da1-bef8-431805f41d01@group-555B4ED3F366-SegmentedRaftLogWorker] INFO  segmented.SegmentedRaftLogWorker (SegmentedRaftLogWorker.java:execute(574)) - 5a3bb1d1-da87-4da1-bef8-431805f41d01@group-555B4ED3F366-SegmentedRaftLogWorker: created new log segment /workdir/hadoop-ozone/integration-test/target/test-dir/MiniOzoneClusterImpl-1f623d21-a207-44f0-9427-f0c326439107/datanode-4/data/ratis/bdccb475-2cfb-4e8e-a72b-555b4ed3f366/current/log_inprogress_0
2019-10-03 01:26:06,907 [Thread-2375] INFO  impl.FollowerState (FollowerState.java:run(108)) - df8af7a5-4296-42cc-92b1-58b5ef40f7c5@group-33FA08F89A17-FollowerState: change to CANDIDATE, lastRpcTime:5056ms, electionTimeout:5056ms
2019-10-03 01:26:06,907 [Thread-2375] INFO  impl.RoleInfo (RoleInfo.java:shutdownFollowerState(121)) - df8af7a5-4296-42cc-92b1-58b5ef40f7c5: shutdown FollowerState
2019-10-03 01:26:06,908 [Thread-2375] INFO  impl.RaftServerImpl (RaftServerImpl.java:setRole(170)) - df8af7a5-4296-42cc-92b1-58b5ef40f7c5@group-33FA08F89A17: changes role from  FOLLOWER to CANDIDATE at term 0 for changeToCandidate
2019-10-03 01:26:06,908 [Thread-2375] INFO  impl.RoleInfo (RoleInfo.java:updateAndGet(143)) - df8af7a5-4296-42cc-92b1-58b5ef40f7c5: start LeaderElection
2019-10-03 01:26:06,923 [Thread-2367] INFO  impl.FollowerState (FollowerState.java:run(108)) - ed403533-f4db-43fc-9c54-3befdc97b1dc@group-EA554785E8F8-FollowerState: change to CANDIDATE, lastRpcTime:5191ms, electionTimeout:5191ms
2019-10-03 01:26:06,923 [Thread-2367] INFO  impl.RoleInfo (RoleInfo.java:shutdownFollowerState(121)) - ed403533-f4db-43fc-9c54-3befdc97b1dc: shutdown FollowerState
2019-10-03 01:26:06,923 [Thread-2367] INFO  impl.RaftServerImpl (RaftServerImpl.java:setRole(170)) - ed403533-f4db-43fc-9c54-3befdc97b1dc@group-EA554785E8F8: changes role from  FOLLOWER to CANDIDATE at term 0 for changeToCandidate
2019-10-03 01:26:06,923 [Thread-2367] INFO  impl.RoleInfo (RoleInfo.java:updateAndGet(143)) - ed403533-f4db-43fc-9c54-3befdc97b1dc: start LeaderElection
2019-10-03 01:26:06,930 [df8af7a5-4296-42cc-92b1-58b5ef40f7c5@group-33FA08F89A17-LeaderElection68] INFO  impl.LeaderElection (LeaderElection.java:askForVotes(178)) - df8af7a5-4296-42cc-92b1-58b5ef40f7c5@group-33FA08F89A17-LeaderElection68: begin an election at term 1 for -1: [df8af7a5-4296-42cc-92b1-58b5ef40f7c5:192.168.164.205:38398, ed403533-f4db-43fc-9c54-3befdc97b1dc:192.168.164.205:33564, 19a6d400-3fea-480b-9703-531bb51b7be4:192.168.164.205:43347], old=null
2019-10-03 01:26:06,939 [grpc-default-executor-4] INFO  impl.RaftServerImpl (RaftServerImpl.java:setRole(170)) - ed403533-f4db-43fc-9c54-3befdc97b1dc@group-33FA08F89A17: changes role from  FOLLOWER to FOLLOWER at term 1 for recognizeCandidate:df8af7a5-4296-42cc-92b1-58b5ef40f7c5
2019-10-03 01:26:06,942 [grpc-default-executor-6] INFO  impl.RaftServerImpl (RaftServerImpl.java:setRole(170)) - 19a6d400-3fea-480b-9703-531bb51b7be4@group-33FA08F89A17: changes role from  FOLLOWER to FOLLOWER at term 1 for recognizeCandidate:df8af7a5-4296-42cc-92b1-58b5ef40f7c5
2019-10-03 01:26:06,942 [grpc-default-executor-6] INFO  impl.RoleInfo (RoleInfo.java:shutdownFollowerState(121)) - 19a6d400-3fea-480b-9703-531bb51b7be4: shutdown FollowerState
2019-10-03 01:26:06,942 [grpc-default-executor-4] INFO  impl.RoleInfo (RoleInfo.java:shutdownFollowerState(121)) - ed403533-f4db-43fc-9c54-3befdc97b1dc: shutdown FollowerState
2019-10-03 01:26:06,942 [Thread-2376] INFO  impl.FollowerState (FollowerState.java:run(117)) - 19a6d400-3fea-480b-9703-531bb51b7be4@group-33FA08F89A17-FollowerState was interrupted: java.lang.InterruptedException: sleep interrupted
2019-10-03 01:26:06,942 [grpc-default-executor-6] INFO  impl.RoleInfo (RoleInfo.java:updateAndGet(143)) - 19a6d400-3fea-480b-9703-531bb51b7be4: start FollowerState
2019-10-03 01:26:06,942 [grpc-default-executor-4] INFO  impl.RoleInfo (RoleInfo.java:updateAndGet(143)) - ed403533-f4db-43fc-9c54-3befdc97b1dc: start FollowerState
2019-10-03 01:26:06,944 [Thread-2377] INFO  impl.FollowerState (FollowerState.java:run(117)) - ed403533-f4db-43fc-9c54-3befdc97b1dc@group-33FA08F89A17-FollowerState was interrupted: java.lang.InterruptedException: sleep interrupted
2019-10-03 01:26:06,956 [ed403533-f4db-43fc-9c54-3befdc97b1dc@group-EA554785E8F8-LeaderElection69] INFO  impl.LeaderElection (LeaderElection.java:askForVotes(178)) - ed403533-f4db-43fc-9c54-3befdc97b1dc@group-EA554785E8F8-LeaderElection69: begin an election at term 1 for -1: [ed403533-f4db-43fc-9c54-3befdc97b1dc:192.168.164.205:33564], old=null
2019-10-03 01:26:06,956 [ed403533-f4db-43fc-9c54-3befdc97b1dc@group-EA554785E8F8-LeaderElection69] INFO  impl.RoleInfo (RoleInfo.java:shutdownLeaderElection(134)) - ed403533-f4db-43fc-9c54-3befdc97b1dc: shutdown LeaderElection
2019-10-03 01:26:06,956 [ed403533-f4db-43fc-9c54-3befdc97b1dc@group-EA554785E8F8-LeaderElection69] INFO  impl.RaftServerImpl (RaftServerImpl.java:setRole(170)) - ed403533-f4db-43fc-9c54-3befdc97b1dc@group-EA554785E8F8: changes role from CANDIDATE to LEADER at term 1 for changeToLeader
2019-10-03 01:26:06,956 [ed403533-f4db-43fc-9c54-3befdc97b1dc@group-EA554785E8F8-LeaderElection69] INFO  impl.RaftServerImpl (ServerState.java:setLeader(255)) - ed403533-f4db-43fc-9c54-3befdc97b1dc@group-EA554785E8F8: change Leader from null to ed403533-f4db-43fc-9c54-3befdc97b1dc at term 1 for becomeLeader, leader elected after 5231ms
2019-10-03 01:26:06,957 [ed403533-f4db-43fc-9c54-3befdc97b1dc@group-EA554785E8F8-LeaderElection69] INFO  server.RaftServerConfigKeys (ConfUtils.java:logGet(43)) - raft.server.staging.catchup.gap = 1000 (default)
2019-10-03 01:26:06,957 [ed403533-f4db-43fc-9c54-3befdc97b1dc@group-EA554785E8F8-LeaderElection69] INFO  server.RaftServerConfigKeys (ConfUtils.java:logGet(43)) - raft.server.rpc.sleep.time = 25ms (default)
2019-10-03 01:26:06,958 [ed403533-f4db-43fc-9c54-3befdc97b1dc@group-EA554785E8F8-LeaderElection69] INFO  server.RaftServerConfigKeys (ConfUtils.java:logGet(43)) - raft.server.write.element-limit = 4096 (default)
2019-10-03 01:26:06,958 [ed403533-f4db-43fc-9c54-3befdc97b1dc@group-EA554785E8F8-LeaderElection69] INFO  server.RaftServerConfigKeys (ConfUtils.java:logGet(43)) - raft.server.watch.timeout = 10s (default)
2019-10-03 01:26:06,958 [ed403533-f4db-43fc-9c54-3befdc97b1dc@group-EA554785E8F8-LeaderElection69] INFO  server.RaftServerConfigKeys (ConfUtils.java:logGet(43)) - raft.server.watch.timeout.denomination = 1s (default)
2019-10-03 01:26:06,958 [ed403533-f4db-43fc-9c54-3befdc97b1dc@group-EA554785E8F8-LeaderElection69] INFO  server.RaftServerConfigKeys (ConfUtils.java:logGet(43)) - raft.server.watch.element-limit = 65536 (default)
2019-10-03 01:26:06,961 [df8af7a5-4296-42cc-92b1-58b5ef40f7c5@group-33FA08F89A17-LeaderElection68] INFO  impl.LeaderElection (LeaderElection.java:logAndReturn(56)) - df8af7a5-4296-42cc-92b1-58b5ef40f7c5@group-33FA08F89A17-LeaderElection68: Election PASSED; received 1 response(s) [df8af7a5-4296-42cc-92b1-58b5ef40f7c5<-ed403533-f4db-43fc-9c54-3befdc97b1dc#0:OK-t1] and 0 exception(s); df8af7a5-4296-42cc-92b1-58b5ef40f7c5@group-33FA08F89A17:t1, leader=null, voted=df8af7a5-4296-42cc-92b1-58b5ef40f7c5, raftlog=df8af7a5-4296-42cc-92b1-58b5ef40f7c5@group-33FA08F89A17-SegmentedRaftLog:OPENED:c-1,f-1,i0, conf=-1: [df8af7a5-4296-42cc-92b1-58b5ef40f7c5:192.168.164.205:38398, ed403533-f4db-43fc-9c54-3befdc97b1dc:192.168.164.205:33564, 19a6d400-3fea-480b-9703-531bb51b7be4:192.168.164.205:43347], old=null
2019-10-03 01:26:06,961 [df8af7a5-4296-42cc-92b1-58b5ef40f7c5@group-33FA08F89A17-LeaderElection68] INFO  impl.RoleInfo (RoleInfo.java:shutdownLeaderElection(134)) - df8af7a5-4296-42cc-92b1-58b5ef40f7c5: shutdown LeaderElection
2019-10-03 01:26:06,961 [df8af7a5-4296-42cc-92b1-58b5ef40f7c5@group-33FA08F89A17-LeaderElection68] INFO  impl.RaftServerImpl (RaftServerImpl.java:setRole(170)) - df8af7a5-4296-42cc-92b1-58b5ef40f7c5@group-33FA08F89A17: changes role from CANDIDATE to LEADER at term 1 for changeToLeader
2019-10-03 01:26:06,961 [df8af7a5-4296-42cc-92b1-58b5ef40f7c5@group-33FA08F89A17-LeaderElection68] INFO  impl.RaftServerImpl (ServerState.java:setLeader(255)) - df8af7a5-4296-42cc-92b1-58b5ef40f7c5@group-33FA08F89A17: change Leader from null to df8af7a5-4296-42cc-92b1-58b5ef40f7c5 at term 1 for becomeLeader, leader elected after 5121ms
2019-10-03 01:26:06,961 [df8af7a5-4296-42cc-92b1-58b5ef40f7c5@group-33FA08F89A17-LeaderElection68] INFO  server.RaftServerConfigKeys (ConfUtils.java:logGet(43)) - raft.server.staging.catchup.gap = 1000 (default)
2019-10-03 01:26:06,961 [df8af7a5-4296-42cc-92b1-58b5ef40f7c5@group-33FA08F89A17-LeaderElection68] INFO  server.RaftServerConfigKeys (ConfUtils.java:logGet(43)) - raft.server.rpc.sleep.time = 25ms (default)
2019-10-03 01:26:06,962 [df8af7a5-4296-42cc-92b1-58b5ef40f7c5@group-33FA08F89A17-LeaderElection68] INFO  server.RaftServerConfigKeys (ConfUtils.java:logGet(43)) - raft.server.write.element-limit = 4096 (default)
2019-10-03 01:26:06,962 [df8af7a5-4296-42cc-92b1-58b5ef40f7c5@group-33FA08F89A17-LeaderElection68] INFO  server.RaftServerConfigKeys (ConfUtils.java:logGet(43)) - raft.server.watch.timeout = 10s (default)
2019-10-03 01:26:06,962 [df8af7a5-4296-42cc-92b1-58b5ef40f7c5@group-33FA08F89A17-LeaderElection68] INFO  server.RaftServerConfigKeys (ConfUtils.java:logGet(43)) - raft.server.watch.timeout.denomination = 1s (default)
2019-10-03 01:26:06,962 [df8af7a5-4296-42cc-92b1-58b5ef40f7c5@group-33FA08F89A17-LeaderElection68] INFO  server.RaftServerConfigKeys (ConfUtils.java:logGet(43)) - raft.server.watch.element-limit = 65536 (default)
2019-10-03 01:26:06,963 [ed403533-f4db-43fc-9c54-3befdc97b1dc@group-EA554785E8F8-LeaderElection69] INFO  impl.RoleInfo (RoleInfo.java:updateAndGet(143)) - ed403533-f4db-43fc-9c54-3befdc97b1dc: start LeaderState
2019-10-03 01:26:06,965 [ed403533-f4db-43fc-9c54-3befdc97b1dc@group-EA554785E8F8-LeaderElection69] INFO  segmented.SegmentedRaftLogWorker (SegmentedRaftLogWorker.java:startLogSegment(385)) - ed403533-f4db-43fc-9c54-3befdc97b1dc@group-EA554785E8F8-SegmentedRaftLogWorker: Starting segment from index:0
2019-10-03 01:26:06,966 [ed403533-f4db-43fc-9c54-3befdc97b1dc@group-EA554785E8F8-LeaderElection69] INFO  impl.RaftServerImpl (ServerState.java:setRaftConf(356)) - ed403533-f4db-43fc-9c54-3befdc97b1dc@group-EA554785E8F8: set configuration 0: [ed403533-f4db-43fc-9c54-3befdc97b1dc:192.168.164.205:33564], old=null at 0
2019-10-03 01:26:06,966 [df8af7a5-4296-42cc-92b1-58b5ef40f7c5@group-33FA08F89A17-LeaderElection68] INFO  server.RaftServerConfigKeys (ConfUtils.java:logGet(43)) - raft.server.log.appender.snapshot.chunk.size.max = 16MB (=16777216) (default)
2019-10-03 01:26:06,966 [df8af7a5-4296-42cc-92b1-58b5ef40f7c5@group-33FA08F89A17-LeaderElection68] INFO  server.RaftServerConfigKeys (ConfUtils.java:logGet(43)) - raft.server.log.appender.buffer.byte-limit = 33554432 (custom)
2019-10-03 01:26:06,966 [df8af7a5-4296-42cc-92b1-58b5ef40f7c5@group-33FA08F89A17-LeaderElection68] INFO  server.RaftServerConfigKeys (ConfUtils.java:logGet(43)) - raft.server.log.appender.buffer.element-limit = 1 (custom)
2019-10-03 01:26:06,966 [df8af7a5-4296-42cc-92b1-58b5ef40f7c5@group-33FA08F89A17-LeaderElection68] INFO  grpc.GrpcConfigKeys$Server (ConfUtils.java:logGet(43)) - raft.grpc.server.leader.outstanding.appends.max = 128 (default)
2019-10-03 01:26:06,967 [df8af7a5-4296-42cc-92b1-58b5ef40f7c5@group-33FA08F89A17-LeaderElection68] INFO  server.RaftServerConfigKeys (ConfUtils.java:logGet(43)) - raft.server.rpc.request.timeout = 3000ms (default)
2019-10-03 01:26:06,967 [df8af7a5-4296-42cc-92b1-58b5ef40f7c5@group-33FA08F89A17-LeaderElection68] INFO  server.RaftServerConfigKeys (ConfUtils.java:logGet(43)) - raft.server.log.appender.install.snapshot.enabled = false (custom)
2019-10-03 01:26:06,967 [df8af7a5-4296-42cc-92b1-58b5ef40f7c5@group-33FA08F89A17-LeaderElection68] INFO  server.RaftServerConfigKeys (ConfUtils.java:logGet(43)) - raft.server.log.appender.snapshot.chunk.size.max = 16MB (=16777216) (default)
2019-10-03 01:26:06,967 [df8af7a5-4296-42cc-92b1-58b5ef40f7c5@group-33FA08F89A17-LeaderElection68] INFO  server.RaftServerConfigKeys (ConfUtils.java:logGet(43)) - raft.server.log.appender.buffer.byte-limit = 33554432 (custom)
2019-10-03 01:26:06,967 [df8af7a5-4296-42cc-92b1-58b5ef40f7c5@group-33FA08F89A17-LeaderElection68] INFO  server.RaftServerConfigKeys (ConfUtils.java:logGet(43)) - raft.server.log.appender.buffer.element-limit = 1 (custom)
2019-10-03 01:26:06,967 [df8af7a5-4296-42cc-92b1-58b5ef40f7c5@group-33FA08F89A17-LeaderElection68] INFO  grpc.GrpcConfigKeys$Server (ConfUtils.java:logGet(43)) - raft.grpc.server.leader.outstanding.appends.max = 128 (default)
2019-10-03 01:26:06,967 [df8af7a5-4296-42cc-92b1-58b5ef40f7c5@group-33FA08F89A17-LeaderElection68] INFO  server.RaftServerConfigKeys (ConfUtils.java:logGet(43)) - raft.server.rpc.request.timeout = 3000ms (default)
2019-10-03 01:26:06,967 [df8af7a5-4296-42cc-92b1-58b5ef40f7c5@group-33FA08F89A17-LeaderElection68] INFO  server.RaftServerConfigKeys (ConfUtils.java:logGet(43)) - raft.server.log.appender.install.snapshot.enabled = false (custom)
2019-10-03 01:26:06,968 [df8af7a5-4296-42cc-92b1-58b5ef40f7c5@group-33FA08F89A17-LeaderElection68] INFO  impl.RoleInfo (RoleInfo.java:updateAndGet(143)) - df8af7a5-4296-42cc-92b1-58b5ef40f7c5: start LeaderState
2019-10-03 01:26:06,968 [df8af7a5-4296-42cc-92b1-58b5ef40f7c5@group-33FA08F89A17-LeaderElection68] INFO  segmented.SegmentedRaftLogWorker (SegmentedRaftLogWorker.java:startLogSegment(385)) - df8af7a5-4296-42cc-92b1-58b5ef40f7c5@group-33FA08F89A17-SegmentedRaftLogWorker: Starting segment from index:0
2019-10-03 01:26:06,968 [df8af7a5-4296-42cc-92b1-58b5ef40f7c5@group-33FA08F89A17-LeaderElection68] INFO  impl.RaftServerImpl (ServerState.java:setRaftConf(356)) - df8af7a5-4296-42cc-92b1-58b5ef40f7c5@group-33FA08F89A17: set configuration 0: [df8af7a5-4296-42cc-92b1-58b5ef40f7c5:192.168.164.205:38398, ed403533-f4db-43fc-9c54-3befdc97b1dc:192.168.164.205:33564, 19a6d400-3fea-480b-9703-531bb51b7be4:192.168.164.205:43347], old=null at 0
2019-10-03 01:26:06,999 [grpc-default-executor-4] INFO  impl.RaftServerImpl (ServerState.java:setLeader(255)) - 19a6d400-3fea-480b-9703-531bb51b7be4@group-33FA08F89A17: change Leader from null to df8af7a5-4296-42cc-92b1-58b5ef40f7c5 at term 1 for appendEntries, leader elected after 5159ms
2019-10-03 01:26:07,001 [grpc-default-executor-4] INFO  impl.RaftServerImpl (ServerState.java:setLeader(255)) - ed403533-f4db-43fc-9c54-3befdc97b1dc@group-33FA08F89A17: change Leader from null to df8af7a5-4296-42cc-92b1-58b5ef40f7c5 at term 1 for appendEntries, leader elected after 5161ms
2019-10-03 01:26:07,004 [grpc-default-executor-4] INFO  impl.RaftServerImpl (ServerState.java:setRaftConf(356)) - 19a6d400-3fea-480b-9703-531bb51b7be4@group-33FA08F89A17: set configuration 0: [df8af7a5-4296-42cc-92b1-58b5ef40f7c5:192.168.164.205:38398, ed403533-f4db-43fc-9c54-3befdc97b1dc:192.168.164.205:33564, 19a6d400-3fea-480b-9703-531bb51b7be4:192.168.164.205:43347], old=null at 0
2019-10-03 01:26:07,004 [grpc-default-executor-4] INFO  segmented.SegmentedRaftLogWorker (SegmentedRaftLogWorker.java:startLogSegment(385)) - 19a6d400-3fea-480b-9703-531bb51b7be4@group-33FA08F89A17-SegmentedRaftLogWorker: Starting segment from index:0
2019-10-03 01:26:07,005 [grpc-default-executor-4] INFO  impl.RaftServerImpl (ServerState.java:setRaftConf(356)) - ed403533-f4db-43fc-9c54-3befdc97b1dc@group-33FA08F89A17: set configuration 0: [df8af7a5-4296-42cc-92b1-58b5ef40f7c5:192.168.164.205:38398, ed403533-f4db-43fc-9c54-3befdc97b1dc:192.168.164.205:33564, 19a6d400-3fea-480b-9703-531bb51b7be4:192.168.164.205:43347], old=null at 0
2019-10-03 01:26:07,005 [grpc-default-executor-4] INFO  segmented.SegmentedRaftLogWorker (SegmentedRaftLogWorker.java:startLogSegment(385)) - ed403533-f4db-43fc-9c54-3befdc97b1dc@group-33FA08F89A17-SegmentedRaftLogWorker: Starting segment from index:0
2019-10-03 01:26:07,007 [ed403533-f4db-43fc-9c54-3befdc97b1dc@group-EA554785E8F8-SegmentedRaftLogWorker] INFO  segmented.SegmentedRaftLogWorker (SegmentedRaftLogWorker.java:execute(574)) - ed403533-f4db-43fc-9c54-3befdc97b1dc@group-EA554785E8F8-SegmentedRaftLogWorker: created new log segment /workdir/hadoop-ozone/integration-test/target/test-dir/MiniOzoneClusterImpl-1f623d21-a207-44f0-9427-f0c326439107/datanode-5/data/ratis/b18eb91b-36e4-4d28-894c-ea554785e8f8/current/log_inprogress_0
2019-10-03 01:26:07,007 [df8af7a5-4296-42cc-92b1-58b5ef40f7c5@group-33FA08F89A17-SegmentedRaftLogWorker] INFO  segmented.SegmentedRaftLogWorker (SegmentedRaftLogWorker.java:execute(574)) - df8af7a5-4296-42cc-92b1-58b5ef40f7c5@group-33FA08F89A17-SegmentedRaftLogWorker: created new log segment /workdir/hadoop-ozone/integration-test/target/test-dir/MiniOzoneClusterImpl-1f623d21-a207-44f0-9427-f0c326439107/datanode-6/data/ratis/991efc0f-8cee-4121-a68d-33fa08f89a17/current/log_inprogress_0
2019-10-03 01:26:07,052 [19a6d400-3fea-480b-9703-531bb51b7be4@group-33FA08F89A17-SegmentedRaftLogWorker] INFO  segmented.SegmentedRaftLogWorker (SegmentedRaftLogWorker.java:execute(574)) - 19a6d400-3fea-480b-9703-531bb51b7be4@group-33FA08F89A17-SegmentedRaftLogWorker: created new log segment /workdir/hadoop-ozone/integration-test/target/test-dir/MiniOzoneClusterImpl-1f623d21-a207-44f0-9427-f0c326439107/datanode-3/data/ratis/991efc0f-8cee-4121-a68d-33fa08f89a17/current/log_inprogress_0
2019-10-03 01:26:07,052 [ed403533-f4db-43fc-9c54-3befdc97b1dc@group-33FA08F89A17-SegmentedRaftLogWorker] INFO  segmented.SegmentedRaftLogWorker (SegmentedRaftLogWorker.java:execute(574)) - ed403533-f4db-43fc-9c54-3befdc97b1dc@group-33FA08F89A17-SegmentedRaftLogWorker: created new log segment /workdir/hadoop-ozone/integration-test/target/test-dir/MiniOzoneClusterImpl-1f623d21-a207-44f0-9427-f0c326439107/datanode-5/data/ratis/991efc0f-8cee-4121-a68d-33fa08f89a17/current/log_inprogress_0
2019-10-03 01:26:07,054 [Datanode State Machine Thread - 0] INFO  statemachine.DatanodeStateMachine (DatanodeStateMachine.java:lambda$startDaemon$0(350)) - Ozone container server started.
2019-10-03 01:26:12,046 [main] INFO  ozoneimpl.OzoneContainer (OzoneContainer.java:stop(231)) - Attempting to stop container services.
2019-10-03 01:26:12,049 [main] INFO  impl.RaftServerProxy (RaftServerProxy.java:lambda$close$4(314)) - 7075aa05-1467-40c8-80c3-3e4c6e4ceabe: close
2019-10-03 01:26:12,049 [main] INFO  impl.RaftServerImpl (RaftServerImpl.java:lambda$shutdown$3(247)) - 7075aa05-1467-40c8-80c3-3e4c6e4ceabe@group-8B56B0369FBD: shutdown
2019-10-03 01:26:12,050 [main] INFO  util.JmxRegister (JmxRegister.java:unregister(73)) - Successfully un-registered JMX Bean with object name Ratis:service=RaftServer,group=group-8B56B0369FBD,id=7075aa05-1467-40c8-80c3-3e4c6e4ceabe
2019-10-03 01:26:12,050 [main] INFO  impl.RoleInfo (RoleInfo.java:shutdownLeaderState(104)) - 7075aa05-1467-40c8-80c3-3e4c6e4ceabe: shutdown LeaderState
2019-10-03 01:26:12,050 [main] INFO  impl.PendingRequests (PendingRequests.java:sendNotLeaderResponses(202)) - 7075aa05-1467-40c8-80c3-3e4c6e4ceabe@group-8B56B0369FBD-PendingRequests: sendNotLeaderResponses
2019-10-03 01:26:12,051 [main] INFO  impl.StateMachineUpdater (StateMachineUpdater.java:stopAndJoin(136)) - 7075aa05-1467-40c8-80c3-3e4c6e4ceabe@group-8B56B0369FBD-StateMachineUpdater: set stopIndex = 0
2019-10-03 01:26:12,051 [main] INFO  impl.RaftServerImpl (ServerState.java:close(387)) - 7075aa05-1467-40c8-80c3-3e4c6e4ceabe@group-8B56B0369FBD: closes. applyIndex: 0
2019-10-03 01:26:12,052 [7075aa05-1467-40c8-80c3-3e4c6e4ceabe@group-8B56B0369FBD-SegmentedRaftLogWorker] INFO  segmented.SegmentedRaftLogWorker (SegmentedRaftLogWorker.java:run(316)) - 7075aa05-1467-40c8-80c3-3e4c6e4ceabe@group-8B56B0369FBD-SegmentedRaftLogWorker was interrupted, exiting. There are 0 tasks remaining in the queue.
2019-10-03 01:26:12,057 [main] INFO  segmented.SegmentedRaftLogWorker (SegmentedRaftLogWorker.java:close(224)) - 7075aa05-1467-40c8-80c3-3e4c6e4ceabe@group-8B56B0369FBD-SegmentedRaftLogWorker close()
2019-10-03 01:26:12,061 [main] INFO  impl.RaftServerImpl (RaftServerImpl.java:lambda$shutdown$3(247)) - 7075aa05-1467-40c8-80c3-3e4c6e4ceabe@group-A0B6BDB3A1E7: shutdown
2019-10-03 01:26:12,061 [main] INFO  util.JmxRegister (JmxRegister.java:unregister(73)) - Successfully un-registered JMX Bean with object name Ratis:service=RaftServer,group=group-A0B6BDB3A1E7,id=7075aa05-1467-40c8-80c3-3e4c6e4ceabe
2019-10-03 01:26:12,062 [main] INFO  impl.RoleInfo (RoleInfo.java:shutdownFollowerState(121)) - 7075aa05-1467-40c8-80c3-3e4c6e4ceabe: shutdown FollowerState
2019-10-03 01:26:12,062 [main] INFO  impl.StateMachineUpdater (StateMachineUpdater.java:stopAndJoin(136)) - 7075aa05-1467-40c8-80c3-3e4c6e4ceabe@group-A0B6BDB3A1E7-StateMachineUpdater: set stopIndex = 2
2019-10-03 01:26:12,062 [7075aa05-1467-40c8-80c3-3e4c6e4ceabe@group-A0B6BDB3A1E7-StateMachineUpdater] INFO  ratis.ContainerStateMachine (ContainerStateMachine.java:takeSnapshot(289)) - group-A0B6BDB3A1E7: Taking a snapshot at:(t:1, i:1) file /workdir/hadoop-ozone/integration-test/target/test-dir/MiniOzoneClusterImpl-1f623d21-a207-44f0-9427-f0c326439107/datanode-2/data/ratis/aca1d75d-df7b-436c-8215-a0b6bdb3a1e7/sm/snapshot.1_1
2019-10-03 01:26:12,062 [Thread-2399] INFO  impl.FollowerState (FollowerState.java:run(117)) - 7075aa05-1467-40c8-80c3-3e4c6e4ceabe@group-A0B6BDB3A1E7-FollowerState was interrupted: java.lang.InterruptedException: sleep interrupted
2019-10-03 01:26:12,070 [7075aa05-1467-40c8-80c3-3e4c6e4ceabe@group-A0B6BDB3A1E7-StateMachineUpdater] INFO  ratis.ContainerStateMachine (ContainerStateMachine.java:takeSnapshot(300)) - group-A0B6BDB3A1E7: Finished taking a snapshot at:(t:1, i:1) file:/workdir/hadoop-ozone/integration-test/target/test-dir/MiniOzoneClusterImpl-1f623d21-a207-44f0-9427-f0c326439107/datanode-2/data/ratis/aca1d75d-df7b-436c-8215-a0b6bdb3a1e7/sm/snapshot.1_1 time:8
2019-10-03 01:26:12,070 [7075aa05-1467-40c8-80c3-3e4c6e4ceabe@group-A0B6BDB3A1E7-StateMachineUpdater] INFO  impl.StateMachineUpdater (StateMachineUpdater.java:takeSnapshot(269)) - 7075aa05-1467-40c8-80c3-3e4c6e4ceabe@group-A0B6BDB3A1E7-StateMachineUpdater: Took a snapshot at index 1
2019-10-03 01:26:12,071 [7075aa05-1467-40c8-80c3-3e4c6e4ceabe@group-A0B6BDB3A1E7-StateMachineUpdater] INFO  impl.StateMachineUpdater (StateMachineUpdater.java:lambda$new$0(84)) - 7075aa05-1467-40c8-80c3-3e4c6e4ceabe@group-A0B6BDB3A1E7-StateMachineUpdater: snapshotIndex: updateIncreasingly -1 -> 1
2019-10-03 01:26:12,071 [7075aa05-1467-40c8-80c3-3e4c6e4ceabe@group-A0B6BDB3A1E7-StateMachineUpdater] INFO  ratis.ContainerStateMachine (ContainerStateMachine.java:takeSnapshot(289)) - group-A0B6BDB3A1E7: Taking a snapshot at:(t:1, i:1) file /workdir/hadoop-ozone/integration-test/target/test-dir/MiniOzoneClusterImpl-1f623d21-a207-44f0-9427-f0c326439107/datanode-2/data/ratis/aca1d75d-df7b-436c-8215-a0b6bdb3a1e7/sm/snapshot.1_1
2019-10-03 01:26:12,073 [7075aa05-1467-40c8-80c3-3e4c6e4ceabe@group-A0B6BDB3A1E7-StateMachineUpdater] INFO  ratis.ContainerStateMachine (ContainerStateMachine.java:takeSnapshot(300)) - group-A0B6BDB3A1E7: Finished taking a snapshot at:(t:1, i:1) file:/workdir/hadoop-ozone/integration-test/target/test-dir/MiniOzoneClusterImpl-1f623d21-a207-44f0-9427-f0c326439107/datanode-2/data/ratis/aca1d75d-df7b-436c-8215-a0b6bdb3a1e7/sm/snapshot.1_1 time:3
2019-10-03 01:26:12,074 [7075aa05-1467-40c8-80c3-3e4c6e4ceabe@group-A0B6BDB3A1E7-StateMachineUpdater] INFO  impl.StateMachineUpdater (StateMachineUpdater.java:takeSnapshot(269)) - 7075aa05-1467-40c8-80c3-3e4c6e4ceabe@group-A0B6BDB3A1E7-StateMachineUpdater: Took a snapshot at index 1
2019-10-03 01:26:12,074 [7075aa05-1467-40c8-80c3-3e4c6e4ceabe@group-A0B6BDB3A1E7-StateMachineUpdater] INFO  impl.StateMachineUpdater (StateMachineUpdater.java:lambda$new$0(84)) - 7075aa05-1467-40c8-80c3-3e4c6e4ceabe@group-A0B6BDB3A1E7-StateMachineUpdater: snapshotIndex: updateIncreasingly 1 -> 1
2019-10-03 01:26:12,074 [main] INFO  impl.RaftServerImpl (ServerState.java:close(387)) - 7075aa05-1467-40c8-80c3-3e4c6e4ceabe@group-A0B6BDB3A1E7: closes. applyIndex: 2
2019-10-03 01:26:12,075 [7075aa05-1467-40c8-80c3-3e4c6e4ceabe@group-A0B6BDB3A1E7-SegmentedRaftLogWorker] INFO  segmented.SegmentedRaftLogWorker (SegmentedRaftLogWorker.java:run(316)) - 7075aa05-1467-40c8-80c3-3e4c6e4ceabe@group-A0B6BDB3A1E7-SegmentedRaftLogWorker was interrupted, exiting. There are 0 tasks remaining in the queue.
2019-10-03 01:26:12,077 [main] INFO  segmented.SegmentedRaftLogWorker (SegmentedRaftLogWorker.java:close(224)) - 7075aa05-1467-40c8-80c3-3e4c6e4ceabe@group-A0B6BDB3A1E7-SegmentedRaftLogWorker close()
2019-10-03 01:26:12,080 [main] INFO  server.GrpcService (GrpcService.java:closeImpl(164)) - 7075aa05-1467-40c8-80c3-3e4c6e4ceabe: shutdown server with port 45532 now
2019-10-03 01:26:12,083 [main] INFO  server.GrpcService (GrpcService.java:closeImpl(172)) - 7075aa05-1467-40c8-80c3-3e4c6e4ceabe: shutdown server with port 45532 successfully
2019-10-03 01:26:12,083 [grpc-default-executor-4] WARN  server.GrpcServerProtocolService (LogUtils.java:warn(134)) - 7075aa05-1467-40c8-80c3-3e4c6e4ceabe: installSnapshot onError, lastRequest: efbb8493-43d9-4808-a847-93c643e72cb3->7075aa05-1467-40c8-80c3-3e4c6e4ceabe#5-t1, previous=(t:1, i:2), leaderCommit=2, initializing? false, entries: <empty>: org.apache.ratis.thirdparty.io.grpc.StatusRuntimeException: CANCELLED: cancelled before receiving half close
2019-10-03 01:26:12,084 [grpc-default-executor-5] WARN  server.GrpcLogAppender (LogUtils.java:warn(134)) - efbb8493-43d9-4808-a847-93c643e72cb3@group-A0B6BDB3A1E7->7075aa05-1467-40c8-80c3-3e4c6e4ceabe-AppendLogResponseHandler: Failed appendEntries: org.apache.ratis.thirdparty.io.grpc.StatusRuntimeException: CANCELLED: HTTP/2 error code: CANCEL
Received Rst Stream
2019-10-03 01:26:12,085 [grpc-default-executor-5] INFO  impl.FollowerInfo (FollowerInfo.java:lambda$new$0(51)) - efbb8493-43d9-4808-a847-93c643e72cb3@group-A0B6BDB3A1E7->7075aa05-1467-40c8-80c3-3e4c6e4ceabe: nextIndex: updateUnconditionally 3 -> 2
2019-10-03 01:26:12,086 [refreshUsed-/workdir/hadoop-ozone/integration-test/target/test-dir/MiniOzoneClusterImpl-1f623d21-a207-44f0-9427-f0c326439107/datanode-2/data/containers] WARN  fs.CachingGetSpaceUsed (CachingGetSpaceUsed.java:run(183)) - Thread Interrupted waiting to refresh disk information: sleep interrupted
2019-10-03 01:26:12,100 [main] INFO  utils.BackgroundService (BackgroundService.java:shutdown(148)) - Shutting down service BlockDeletingService
2019-10-03 01:26:12,106 [main] INFO  statemachine.DatanodeStateMachine (DatanodeStateMachine.java:stopDaemon(395)) - Ozone container server stopped.
2019-10-03 01:26:12,107 [main] INFO  handler.ContextHandler (ContextHandler.java:doStop(910)) - Stopped o.e.j.w.WebAppContext@27a9f025{/,null,UNAVAILABLE}{/hddsDatanode}
2019-10-03 01:26:12,108 [main] INFO  server.AbstractConnector (AbstractConnector.java:doStop(318)) - Stopped ServerConnector@71936a92{HTTP/1.1,[http/1.1]}{0.0.0.0:0}
2019-10-03 01:26:12,108 [main] INFO  handler.ContextHandler (ContextHandler.java:doStop(910)) - Stopped o.e.j.s.ServletContextHandler@691567ea{/static,jar:file:/home/user/.m2/repository/org/apache/hadoop/hadoop-hdds-container-service/0.5.0-SNAPSHOT/hadoop-hdds-container-service-0.5.0-SNAPSHOT.jar!/webapps/static,UNAVAILABLE}
2019-10-03 01:26:12,108 [main] INFO  handler.ContextHandler (ContextHandler.java:doStop(910)) - Stopped o.e.j.s.ServletContextHandler@11f23038{/logs,file:///workdir/hadoop-ozone/integration-test/target/log,UNAVAILABLE}
2019-10-03 01:26:12,119 [grpc-default-executor-6] WARN  server.GrpcLogAppender (LogUtils.java:warn(134)) - efbb8493-43d9-4808-a847-93c643e72cb3@group-A0B6BDB3A1E7->7075aa05-1467-40c8-80c3-3e4c6e4ceabe-AppendLogResponseHandler: Failed appendEntries: org.apache.ratis.thirdparty.io.grpc.StatusRuntimeException: UNAVAILABLE: io exception
2019-10-03 01:26:12,119 [grpc-default-executor-6] INFO  impl.FollowerInfo (FollowerInfo.java:lambda$new$0(51)) - efbb8493-43d9-4808-a847-93c643e72cb3@group-A0B6BDB3A1E7->7075aa05-1467-40c8-80c3-3e4c6e4ceabe: nextIndex: updateUnconditionally 3 -> 2
2019-10-03 01:26:12,130 [grpc-default-executor-4] WARN  server.GrpcLogAppender (LogUtils.java:warn(134)) - efbb8493-43d9-4808-a847-93c643e72cb3@group-A0B6BDB3A1E7->7075aa05-1467-40c8-80c3-3e4c6e4ceabe-AppendLogResponseHandler: Failed appendEntries: org.apache.ratis.thirdparty.io.grpc.StatusRuntimeException: UNAVAILABLE: io exception
2019-10-03 01:26:12,130 [grpc-default-executor-4] INFO  impl.FollowerInfo (FollowerInfo.java:lambda$new$0(51)) - efbb8493-43d9-4808-a847-93c643e72cb3@group-A0B6BDB3A1E7->7075aa05-1467-40c8-80c3-3e4c6e4ceabe: nextIndex: updateUnconditionally 3 -> 2
2019-10-03 01:26:12,132 [grpc-default-executor-5] WARN  server.GrpcLogAppender (LogUtils.java:warn(134)) - efbb8493-43d9-4808-a847-93c643e72cb3@group-A0B6BDB3A1E7->7075aa05-1467-40c8-80c3-3e4c6e4ceabe-AppendLogResponseHandler: Failed appendEntries: org.apache.ratis.thirdparty.io.grpc.StatusRuntimeException: UNAVAILABLE: io exception
2019-10-03 01:26:12,132 [grpc-default-executor-5] INFO  impl.FollowerInfo (FollowerInfo.java:lambda$new$0(51)) - efbb8493-43d9-4808-a847-93c643e72cb3@group-A0B6BDB3A1E7->7075aa05-1467-40c8-80c3-3e4c6e4ceabe: nextIndex: updateUnconditionally 3 -> 2
2019-10-03 01:26:12,138 [EventQueue-IncrementalContainerReportForIncrementalContainerReportHandler] WARN  container.IncrementalContainerReportHandler (AbstractContainerReportHandler.java:updateContainerState(143)) - Container #1 is in OPEN state, but the datanode efbb8493-43d9-4808-a847-93c643e72cb3{ip: 192.168.164.205, host: pr-hdds-1737-89jld-2007629010, networkLocation: /default-rack, certSerialId: null} reports an CLOSING replica.
2019-10-03 01:26:12,139 [EventQueue-IncrementalContainerReportForIncrementalContainerReportHandler] WARN  container.IncrementalContainerReportHandler (AbstractContainerReportHandler.java:updateContainerState(143)) - Container #1 is in OPEN state, but the datanode 88a100f7-812f-49e6-a8e5-c6cb57ce7090{ip: 192.168.164.205, host: pr-hdds-1737-89jld-2007629010, networkLocation: /default-rack, certSerialId: null} reports an CLOSING replica.
2019-10-03 01:26:12,153 [RatisApplyTransactionExecutor 1] INFO  interfaces.Container (KeyValueContainer.java:flushAndSyncDB(386)) - Container 1 is synced with bcsId 0.
2019-10-03 01:26:12,170 [RatisApplyTransactionExecutor 1] INFO  interfaces.Container (KeyValueContainer.java:flushAndSyncDB(386)) - Container 1 is synced with bcsId 0.
2019-10-03 01:26:12,171 [RatisApplyTransactionExecutor 1] INFO  interfaces.Container (KeyValueContainer.java:flushAndSyncDB(386)) - Container 1 is synced with bcsId 0.
2019-10-03 01:26:12,171 [RatisApplyTransactionExecutor 1] INFO  interfaces.Container (KeyValueContainer.java:flushAndSyncDB(386)) - Container 1 is synced with bcsId 0.
2019-10-03 01:26:12,175 [RatisApplyTransactionExecutor 1] INFO  interfaces.Container (KeyValueContainer.java:close(335)) - Container 1 is closed with bcsId 0.
2019-10-03 01:26:12,175 [RatisApplyTransactionExecutor 1] INFO  interfaces.Container (KeyValueContainer.java:close(335)) - Container 1 is closed with bcsId 0.
2019-10-03 01:26:12,178 [EventQueue-IncrementalContainerReportForIncrementalContainerReportHandler] WARN  container.IncrementalContainerReportHandler (AbstractContainerReportHandler.java:updateContainerState(143)) - Container #1 is in OPEN state, but the datanode efbb8493-43d9-4808-a847-93c643e72cb3{ip: 192.168.164.205, host: pr-hdds-1737-89jld-2007629010, networkLocation: /default-rack, certSerialId: null} reports an CLOSED replica.
2019-10-03 01:26:12,178 [EventQueue-IncrementalContainerReportForIncrementalContainerReportHandler] WARN  container.IncrementalContainerReportHandler (AbstractContainerReportHandler.java:updateContainerState(143)) - Container #1 is in OPEN state, but the datanode 88a100f7-812f-49e6-a8e5-c6cb57ce7090{ip: 192.168.164.205, host: pr-hdds-1737-89jld-2007629010, networkLocation: /default-rack, certSerialId: null} reports an CLOSED replica.
2019-10-03 01:26:14,634 [grpc-default-executor-4] WARN  server.GrpcLogAppender (LogUtils.java:warn(134)) - efbb8493-43d9-4808-a847-93c643e72cb3@group-A0B6BDB3A1E7->7075aa05-1467-40c8-80c3-3e4c6e4ceabe-AppendLogResponseHandler: Failed appendEntries: org.apache.ratis.thirdparty.io.grpc.StatusRuntimeException: UNAVAILABLE: io exception
2019-10-03 01:26:14,634 [grpc-default-executor-4] INFO  impl.FollowerInfo (FollowerInfo.java:lambda$new$0(51)) - efbb8493-43d9-4808-a847-93c643e72cb3@group-A0B6BDB3A1E7->7075aa05-1467-40c8-80c3-3e4c6e4ceabe: nextIndex: updateUnconditionally 2 -> 1
2019-10-03 01:26:15,180 [main] WARN  scm.XceiverClientRatis (XceiverClientRatis.java:watchForCommit(292)) - 3 way commit failed on pipeline Pipeline[ Id: aca1d75d-df7b-436c-8215-a0b6bdb3a1e7, Nodes: 7075aa05-1467-40c8-80c3-3e4c6e4ceabe{ip: 192.168.164.205, host: pr-hdds-1737-89jld-2007629010, networkLocation: /default-rack, certSerialId: null}efbb8493-43d9-4808-a847-93c643e72cb3{ip: 192.168.164.205, host: pr-hdds-1737-89jld-2007629010, networkLocation: /default-rack, certSerialId: null}88a100f7-812f-49e6-a8e5-c6cb57ce7090{ip: 192.168.164.205, host: pr-hdds-1737-89jld-2007629010, networkLocation: /default-rack, certSerialId: null}, Type:RATIS, Factor:THREE, State:OPEN]
java.util.concurrent.TimeoutException
	at java.util.concurrent.CompletableFuture.timedGet(CompletableFuture.java:1771)
	at java.util.concurrent.CompletableFuture.get(CompletableFuture.java:1915)
	at org.apache.hadoop.hdds.scm.XceiverClientRatis.watchForCommit(XceiverClientRatis.java:289)
	at org.apache.hadoop.ozone.client.rpc.TestWatchForCommit.test2WayCommitForTimeoutException(TestWatchForCommit.java:391)
	at sun.reflect.NativeMethodAccessorImpl.invoke0(Native Method)
	at sun.reflect.NativeMethodAccessorImpl.invoke(NativeMethodAccessorImpl.java:62)
	at sun.reflect.DelegatingMethodAccessorImpl.invoke(DelegatingMethodAccessorImpl.java:43)
	at java.lang.reflect.Method.invoke(Method.java:498)
	at org.junit.runners.model.FrameworkMethod$1.runReflectiveCall(FrameworkMethod.java:47)
	at org.junit.internal.runners.model.ReflectiveCallable.run(ReflectiveCallable.java:12)
	at org.junit.runners.model.FrameworkMethod.invokeExplosively(FrameworkMethod.java:44)
	at org.junit.internal.runners.statements.InvokeMethod.evaluate(InvokeMethod.java:17)
	at org.junit.runners.ParentRunner.runLeaf(ParentRunner.java:271)
	at org.junit.runners.BlockJUnit4ClassRunner.runChild(BlockJUnit4ClassRunner.java:70)
	at org.junit.runners.BlockJUnit4ClassRunner.runChild(BlockJUnit4ClassRunner.java:50)
	at org.junit.runners.ParentRunner$3.run(ParentRunner.java:238)
	at org.junit.runners.ParentRunner$1.schedule(ParentRunner.java:63)
	at org.junit.runners.ParentRunner.runChildren(ParentRunner.java:236)
	at org.junit.runners.ParentRunner.access$000(ParentRunner.java:53)
	at org.junit.runners.ParentRunner$2.evaluate(ParentRunner.java:229)
	at org.junit.runners.ParentRunner.run(ParentRunner.java:309)
	at org.apache.maven.surefire.junit4.JUnit4Provider.execute(JUnit4Provider.java:365)
	at org.apache.maven.surefire.junit4.JUnit4Provider.executeWithRerun(JUnit4Provider.java:273)
	at org.apache.maven.surefire.junit4.JUnit4Provider.executeTestSet(JUnit4Provider.java:238)
	at org.apache.maven.surefire.junit4.JUnit4Provider.invoke(JUnit4Provider.java:159)
	at org.apache.maven.surefire.booter.ForkedBooter.invokeProviderInSameClassLoader(ForkedBooter.java:384)
	at org.apache.maven.surefire.booter.ForkedBooter.runSuitesInProcess(ForkedBooter.java:345)
	at org.apache.maven.surefire.booter.ForkedBooter.execute(ForkedBooter.java:126)
	at org.apache.maven.surefire.booter.ForkedBooter.main(ForkedBooter.java:418)
2019-10-03 01:26:15,201 [Thread-2467] INFO  client.GrpcClientProtocolService (GrpcClientProtocolService.java:lambda$processClientRequest$0(278)) - Failed RaftClientRequest:client-96F98B637396->88a100f7-812f-49e6-a8e5-c6cb57ce7090@group-A0B6BDB3A1E7, cid=105, seq=0, Watch-MAJORITY_COMMITTED(3), Message:<EMPTY>, reply=RaftClientReply:client-96F98B637396->88a100f7-812f-49e6-a8e5-c6cb57ce7090@group-A0B6BDB3A1E7, cid=105, FAILED org.apache.ratis.protocol.NotLeaderException: Server 88a100f7-812f-49e6-a8e5-c6cb57ce7090@group-A0B6BDB3A1E7 is not the leader efbb8493-43d9-4808-a847-93c643e72cb3:192.168.164.205:45429, logIndex=0, commits[88a100f7-812f-49e6-a8e5-c6cb57ce7090:c4, efbb8493-43d9-4808-a847-93c643e72cb3:c4, 7075aa05-1467-40c8-80c3-3e4c6e4ceabe:c2]
2019-10-03 01:26:17,136 [grpc-default-executor-4] WARN  server.GrpcLogAppender (LogUtils.java:warn(134)) - efbb8493-43d9-4808-a847-93c643e72cb3@group-A0B6BDB3A1E7->7075aa05-1467-40c8-80c3-3e4c6e4ceabe-AppendLogResponseHandler: Failed appendEntries: org.apache.ratis.thirdparty.io.grpc.StatusRuntimeException: UNAVAILABLE: io exception
2019-10-03 01:26:17,144 [grpc-default-executor-4] INFO  impl.FollowerInfo (FollowerInfo.java:lambda$new$0(51)) - efbb8493-43d9-4808-a847-93c643e72cb3@group-A0B6BDB3A1E7->7075aa05-1467-40c8-80c3-3e4c6e4ceabe: nextIndex: updateUnconditionally 1 -> 0
]]></system-out>
    <system-err><![CDATA[Oct 03, 2019 1:26:12 AM org.apache.ratis.thirdparty.io.grpc.internal.SerializingExecutor run
SEVERE: Exception while executing runnable org.apache.ratis.thirdparty.io.grpc.internal.ServerImpl$JumpToApplicationThreadServerStreamListener$1Closed@185d5941
org.apache.ratis.thirdparty.io.grpc.StatusRuntimeException: CANCELLED: call already cancelled
	at org.apache.ratis.thirdparty.io.grpc.Status.asRuntimeException(Status.java:517)
	at org.apache.ratis.thirdparty.io.grpc.stub.ServerCalls$ServerCallStreamObserverImpl.onCompleted(ServerCalls.java:356)
	at org.apache.ratis.grpc.server.GrpcServerProtocolService$ServerRequestStreamObserver.onError(GrpcServerProtocolService.java:121)
	at org.apache.ratis.thirdparty.io.grpc.stub.ServerCalls$StreamingServerCallHandler$StreamingServerCallListener.onCancel(ServerCalls.java:269)
	at org.apache.ratis.thirdparty.io.grpc.internal.ServerCallImpl$ServerStreamListenerImpl.closed(ServerCallImpl.java:293)
	at org.apache.ratis.thirdparty.io.grpc.internal.ServerImpl$JumpToApplicationThreadServerStreamListener$1Closed.runInContext(ServerImpl.java:741)
	at org.apache.ratis.thirdparty.io.grpc.internal.ContextRunnable.run(ContextRunnable.java:37)
	at org.apache.ratis.thirdparty.io.grpc.internal.SerializingExecutor.run(SerializingExecutor.java:123)
	at java.util.concurrent.ThreadPoolExecutor.runWorker(ThreadPoolExecutor.java:1149)
	at java.util.concurrent.ThreadPoolExecutor$Worker.run(ThreadPoolExecutor.java:624)
	at java.lang.Thread.run(Thread.java:748)

]]></system-err>
  </testcase>
</testsuite>