<?xml version="1.0" encoding="UTF-8"?>
<testsuite xmlns:xsi="http://www.w3.org/2001/XMLSchema-instance" xsi:noNamespaceSchemaLocation="https://maven.apache.org/surefire/maven-surefire-plugin/xsd/surefire-test-report.xsd" name="org.apache.hadoop.ozone.client.rpc.TestWatchForCommit" time="233.442" tests="5" errors="1" skipped="0" failures="1">
  <properties>
    <property name="awt.toolkit" value="sun.awt.X11.XToolkit"/>
    <property name="file.encoding.pkg" value="sun.io"/>
    <property name="java.specification.version" value="1.8"/>
    <property name="sun.cpu.isalist" value=""/>
    <property name="sun.jnu.encoding" value="UTF-8"/>
    <property name="java.class.path" value="/workdir/hadoop-ozone/integration-test/target/test-classes:/workdir/hadoop-ozone/integration-test/target/classes:/home/user/.m2/repository/org/apache/hadoop/hadoop-ozone-common/0.5.0-SNAPSHOT/hadoop-ozone-common-0.5.0-SNAPSHOT.jar:/home/user/.m2/repository/org/apache/commons/commons-compress/1.4.1/commons-compress-1.4.1.jar:/home/user/.m2/repository/org/tukaani/xz/1.0/xz-1.0.jar:/home/user/.m2/repository/org/apache/hadoop/hadoop-common/3.2.0/hadoop-common-3.2.0.jar:/home/user/.m2/repository/org/apache/hadoop/hadoop-hdfs/3.2.0/hadoop-hdfs-3.2.0.jar:/home/user/.m2/repository/org/apache/hadoop/hadoop-hdfs-client/3.2.0/hadoop-hdfs-client-3.2.0.jar:/home/user/.m2/repository/com/fasterxml/jackson/core/jackson-annotations/2.9.9/jackson-annotations-2.9.9.jar:/home/user/.m2/repository/org/apache/hadoop/hadoop-hdds-common/0.5.0-SNAPSHOT/hadoop-hdds-common-0.5.0-SNAPSHOT.jar:/home/user/.m2/repository/javax/annotation/javax.annotation-api/1.2/javax.annotation-api-1.2.jar:/home/user/.m2/repository/org/apache/ratis/ratis-server/0.5.0-201fc85-SNAPSHOT/ratis-server-0.5.0-201fc85-SNAPSHOT.jar:/home/user/.m2/repository/org/apache/ratis/ratis-thirdparty-misc/0.2.0/ratis-thirdparty-misc-0.2.0.jar:/home/user/.m2/repository/org/apache/ratis/ratis-proto/0.5.0-201fc85-SNAPSHOT/ratis-proto-0.5.0-201fc85-SNAPSHOT.jar:/home/user/.m2/repository/org/apache/ratis/ratis-common/0.5.0-201fc85-SNAPSHOT/ratis-common-0.5.0-201fc85-SNAPSHOT.jar:/home/user/.m2/repository/org/apache/ratis/ratis-client/0.5.0-201fc85-SNAPSHOT/ratis-client-0.5.0-201fc85-SNAPSHOT.jar:/home/user/.m2/repository/org/apache/ratis/ratis-metrics/0.5.0-201fc85-SNAPSHOT/ratis-metrics-0.5.0-201fc85-SNAPSHOT.jar:/home/user/.m2/repository/com/github/joshelser/dropwizard-metrics-hadoop-metrics2-reporter/0.1.2/dropwizard-metrics-hadoop-metrics2-reporter-0.1.2.jar:/home/user/.m2/repository/io/dropwizard/metrics/metrics-jvm/3.2.5/metrics-jvm-3.2.5.jar:/home/user/.m2/repository/io/dropwizard/metrics/metrics-ganglia/3.2.5/metrics-ganglia-3.2.5.jar:/home/user/.m2/repository/info/ganglia/gmetric4j/gmetric4j/1.0.7/gmetric4j-1.0.7.jar:/home/user/.m2/repository/org/apache/ratis/ratis-netty/0.5.0-201fc85-SNAPSHOT/ratis-netty-0.5.0-201fc85-SNAPSHOT.jar:/home/user/.m2/repository/org/apache/ratis/ratis-grpc/0.5.0-201fc85-SNAPSHOT/ratis-grpc-0.5.0-201fc85-SNAPSHOT.jar:/home/user/.m2/repository/org/rocksdb/rocksdbjni/6.0.1/rocksdbjni-6.0.1.jar:/home/user/.m2/repository/org/apache/logging/log4j/log4j-api/2.11.0/log4j-api-2.11.0.jar:/home/user/.m2/repository/org/apache/logging/log4j/log4j-core/2.11.0/log4j-core-2.11.0.jar:/home/user/.m2/repository/com/lmax/disruptor/3.4.2/disruptor-3.4.2.jar:/home/user/.m2/repository/org/apache/commons/commons-pool2/2.6.0/commons-pool2-2.6.0.jar:/home/user/.m2/repository/org/bouncycastle/bcpkix-jdk15on/1.60/bcpkix-jdk15on-1.60.jar:/home/user/.m2/repository/commons-validator/commons-validator/1.6/commons-validator-1.6.jar:/home/user/.m2/repository/commons-digester/commons-digester/1.8.1/commons-digester-1.8.1.jar:/home/user/.m2/repository/io/jaegertracing/jaeger-client/0.34.0/jaeger-client-0.34.0.jar:/home/user/.m2/repository/io/jaegertracing/jaeger-thrift/0.34.0/jaeger-thrift-0.34.0.jar:/home/user/.m2/repository/org/apache/thrift/libthrift/0.12.0/libthrift-0.12.0.jar:/home/user/.m2/repository/com/squareup/okhttp3/okhttp/3.9.0/okhttp-3.9.0.jar:/home/user/.m2/repository/com/squareup/okio/okio/1.13.0/okio-1.13.0.jar:/home/user/.m2/repository/io/jaegertracing/jaeger-core/0.34.0/jaeger-core-0.34.0.jar:/home/user/.m2/repository/io/jaegertracing/jaeger-tracerresolver/0.34.0/jaeger-tracerresolver-0.34.0.jar:/home/user/.m2/repository/io/opentracing/contrib/opentracing-tracerresolver/0.1.5/opentracing-tracerresolver-0.1.5.jar:/home/user/.m2/repository/io/opentracing/opentracing-util/0.31.0/opentracing-util-0.31.0.jar:/home/user/.m2/repository/io/opentracing/opentracing-api/0.31.0/opentracing-api-0.31.0.jar:/home/user/.m2/repository/io/opentracing/opentracing-noop/0.31.0/opentracing-noop-0.31.0.jar:/home/user/.m2/repository/org/apache/hadoop/hadoop-hdds-server-framework/0.5.0-SNAPSHOT/hadoop-hdds-server-framework-0.5.0-SNAPSHOT.jar:/home/user/.m2/repository/org/apache/hadoop/hadoop-hdds-container-service/0.5.0-SNAPSHOT/hadoop-hdds-container-service-0.5.0-SNAPSHOT.jar:/home/user/.m2/repository/org/apache/hadoop/hadoop-hdds-client/0.5.0-SNAPSHOT/hadoop-hdds-client-0.5.0-SNAPSHOT.jar:/home/user/.m2/repository/org/apache/hadoop/hadoop-hdds-tools/0.5.0-SNAPSHOT/hadoop-hdds-tools-0.5.0-SNAPSHOT.jar:/home/user/.m2/repository/org/apache/hadoop/hadoop-hdds-server-scm/0.5.0-SNAPSHOT/hadoop-hdds-server-scm-0.5.0-SNAPSHOT.jar:/home/user/.m2/repository/org/apache/hadoop/hadoop-hdds-docs/0.5.0-SNAPSHOT/hadoop-hdds-docs-0.5.0-SNAPSHOT.jar:/home/user/.m2/repository/io/dropwizard/metrics/metrics-core/3.2.4/metrics-core-3.2.4.jar:/home/user/.m2/repository/org/hamcrest/hamcrest-all/1.3/hamcrest-all-1.3.jar:/home/user/.m2/repository/org/bouncycastle/bcprov-jdk15on/1.60/bcprov-jdk15on-1.60.jar:/home/user/.m2/repository/info/picocli/picocli/3.9.6/picocli-3.9.6.jar:/home/user/.m2/repository/com/google/protobuf/protobuf-java/2.5.0/protobuf-java-2.5.0.jar:/home/user/.m2/repository/com/google/guava/guava/11.0.2/guava-11.0.2.jar:/home/user/.m2/repository/org/apache/hadoop/hadoop-ozone-ozone-manager/0.5.0-SNAPSHOT/hadoop-ozone-ozone-manager-0.5.0-SNAPSHOT.jar:/home/user/.m2/repository/org/apache/hadoop/hadoop-minikdc/3.2.0/hadoop-minikdc-3.2.0.jar:/home/user/.m2/repository/commons-io/commons-io/2.5/commons-io-2.5.jar:/home/user/.m2/repository/org/apache/kerby/kerb-simplekdc/1.0.1/kerb-simplekdc-1.0.1.jar:/home/user/.m2/repository/org/apache/kerby/kerb-client/1.0.1/kerb-client-1.0.1.jar:/home/user/.m2/repository/org/apache/kerby/kerby-config/1.0.1/kerby-config-1.0.1.jar:/home/user/.m2/repository/org/apache/kerby/kerb-core/1.0.1/kerb-core-1.0.1.jar:/home/user/.m2/repository/org/apache/kerby/kerby-pkix/1.0.1/kerby-pkix-1.0.1.jar:/home/user/.m2/repository/org/apache/kerby/kerby-asn1/1.0.1/kerby-asn1-1.0.1.jar:/home/user/.m2/repository/org/apache/kerby/kerby-util/1.0.1/kerby-util-1.0.1.jar:/home/user/.m2/repository/org/apache/kerby/kerb-common/1.0.1/kerb-common-1.0.1.jar:/home/user/.m2/repository/org/apache/kerby/kerb-crypto/1.0.1/kerb-crypto-1.0.1.jar:/home/user/.m2/repository/org/apache/kerby/kerb-util/1.0.1/kerb-util-1.0.1.jar:/home/user/.m2/repository/org/apache/kerby/token-provider/1.0.1/token-provider-1.0.1.jar:/home/user/.m2/repository/org/apache/kerby/kerb-admin/1.0.1/kerb-admin-1.0.1.jar:/home/user/.m2/repository/org/apache/kerby/kerb-server/1.0.1/kerb-server-1.0.1.jar:/home/user/.m2/repository/org/apache/kerby/kerb-identity/1.0.1/kerb-identity-1.0.1.jar:/home/user/.m2/repository/org/apache/kerby/kerby-xdr/1.0.1/kerby-xdr-1.0.1.jar:/home/user/.m2/repository/org/slf4j/slf4j-log4j12/1.7.25/slf4j-log4j12-1.7.25.jar:/home/user/.m2/repository/org/apache/hadoop/hadoop-ozone-s3gateway/0.5.0-SNAPSHOT/hadoop-ozone-s3gateway-0.5.0-SNAPSHOT.jar:/home/user/.m2/repository/org/jboss/weld/servlet/weld-servlet/2.4.7.Final/weld-servlet-2.4.7.Final.jar:/home/user/.m2/repository/org/glassfish/jersey/containers/jersey-container-servlet-core/2.27/jersey-container-servlet-core-2.27.jar:/home/user/.m2/repository/org/glassfish/hk2/external/javax.inject/2.5.0-b42/javax.inject-2.5.0-b42.jar:/home/user/.m2/repository/org/glassfish/jersey/core/jersey-common/2.27/jersey-common-2.27.jar:/home/user/.m2/repository/org/glassfish/hk2/osgi-resource-locator/1.0.1/osgi-resource-locator-1.0.1.jar:/home/user/.m2/repository/javax/ws/rs/javax.ws.rs-api/2.1/javax.ws.rs-api-2.1.jar:/home/user/.m2/repository/org/glassfish/jersey/ext/cdi/jersey-cdi1x/2.27/jersey-cdi1x-2.27.jar:/home/user/.m2/repository/org/glassfish/jersey/inject/jersey-hk2/2.27/jersey-hk2-2.27.jar:/home/user/.m2/repository/org/glassfish/hk2/hk2-locator/2.5.0-b42/hk2-locator-2.5.0-b42.jar:/home/user/.m2/repository/org/javassist/javassist/3.22.0-CR2/javassist-3.22.0-CR2.jar:/home/user/.m2/repository/org/glassfish/hk2/hk2-api/2.5.0/hk2-api-2.5.0.jar:/home/user/.m2/repository/org/glassfish/hk2/external/jakarta.inject/2.5.0/jakarta.inject-2.5.0.jar:/home/user/.m2/repository/org/glassfish/hk2/hk2-utils/2.5.0/hk2-utils-2.5.0.jar:/home/user/.m2/repository/jakarta/annotation/jakarta.annotation-api/1.3.4/jakarta.annotation-api-1.3.4.jar:/home/user/.m2/repository/org/glassfish/hk2/external/aopalliance-repackaged/2.5.0/aopalliance-repackaged-2.5.0.jar:/home/user/.m2/repository/com/fasterxml/jackson/dataformat/jackson-dataformat-xml/2.9.0/jackson-dataformat-xml-2.9.0.jar:/home/user/.m2/repository/com/fasterxml/jackson/core/jackson-core/2.9.9/jackson-core-2.9.9.jar:/home/user/.m2/repository/com/fasterxml/jackson/module/jackson-module-jaxb-annotations/2.9.9/jackson-module-jaxb-annotations-2.9.9.jar:/home/user/.m2/repository/javax/enterprise/cdi-api/1.2/cdi-api-1.2.jar:/home/user/.m2/repository/javax/el/javax.el-api/3.0.0/javax.el-api-3.0.0.jar:/home/user/.m2/repository/javax/interceptor/javax.interceptor-api/1.2/javax.interceptor-api-1.2.jar:/home/user/.m2/repository/javax/inject/javax.inject/1/javax.inject-1.jar:/home/user/.m2/repository/com/sun/xml/bind/jaxb-impl/2.3.0.1/jaxb-impl-2.3.0.1.jar:/home/user/.m2/repository/com/sun/xml/bind/jaxb-core/2.3.0.1/jaxb-core-2.3.0.1.jar:/home/user/.m2/repository/javax/xml/bind/jaxb-api/2.3.0/jaxb-api-2.3.0.jar:/home/user/.m2/repository/javax/activation/activation/1.1.1/activation-1.1.1.jar:/home/user/.m2/repository/org/apache/hadoop/hadoop-ozone-csi/0.5.0-SNAPSHOT/hadoop-ozone-csi-0.5.0-SNAPSHOT.jar:/home/user/.m2/repository/com/google/protobuf/protobuf-java-util/3.5.1/protobuf-java-util-3.5.1.jar:/home/user/.m2/repository/org/apache/hadoop/hadoop-hdds-config/0.5.0-SNAPSHOT/hadoop-hdds-config-0.5.0-SNAPSHOT.jar:/home/user/.m2/repository/io/grpc/grpc-netty/1.17.1/grpc-netty-1.17.1.jar:/home/user/.m2/repository/io/grpc/grpc-core/1.17.1/grpc-core-1.17.1.jar:/home/user/.m2/repository/io/grpc/grpc-context/1.17.1/grpc-context-1.17.1.jar:/home/user/.m2/repository/com/google/errorprone/error_prone_annotations/2.2.0/error_prone_annotations-2.2.0.jar:/home/user/.m2/repository/org/codehaus/mojo/animal-sniffer-annotations/1.17/animal-sniffer-annotations-1.17.jar:/home/user/.m2/repository/io/opencensus/opencensus-api/0.17.0/opencensus-api-0.17.0.jar:/home/user/.m2/repository/io/opencensus/opencensus-contrib-grpc-metrics/0.17.0/opencensus-contrib-grpc-metrics-0.17.0.jar:/home/user/.m2/repository/io/netty/netty-codec-http2/4.1.30.Final/netty-codec-http2-4.1.30.Final.jar:/home/user/.m2/repository/io/netty/netty-codec-http/4.1.30.Final/netty-codec-http-4.1.30.Final.jar:/home/user/.m2/repository/io/netty/netty-codec/4.1.30.Final/netty-codec-4.1.30.Final.jar:/home/user/.m2/repository/io/netty/netty-handler/4.1.30.Final/netty-handler-4.1.30.Final.jar:/home/user/.m2/repository/io/netty/netty-handler-proxy/4.1.30.Final/netty-handler-proxy-4.1.30.Final.jar:/home/user/.m2/repository/io/netty/netty-codec-socks/4.1.30.Final/netty-codec-socks-4.1.30.Final.jar:/home/user/.m2/repository/io/netty/netty-transport-native-epoll/4.1.30.Final/netty-transport-native-epoll-4.1.30.Final.jar:/home/user/.m2/repository/io/netty/netty-common/4.1.30.Final/netty-common-4.1.30.Final.jar:/home/user/.m2/repository/io/netty/netty-buffer/4.1.30.Final/netty-buffer-4.1.30.Final.jar:/home/user/.m2/repository/io/netty/netty-transport/4.1.30.Final/netty-transport-4.1.30.Final.jar:/home/user/.m2/repository/io/netty/netty-resolver/4.1.30.Final/netty-resolver-4.1.30.Final.jar:/home/user/.m2/repository/io/netty/netty-transport-native-unix-common/4.1.30.Final/netty-transport-native-unix-common-4.1.30.Final.jar:/home/user/.m2/repository/io/grpc/grpc-protobuf/1.17.1/grpc-protobuf-1.17.1.jar:/home/user/.m2/repository/com/google/api/grpc/proto-google-common-protos/1.0.0/proto-google-common-protos-1.0.0.jar:/home/user/.m2/repository/io/grpc/grpc-protobuf-lite/1.17.1/grpc-protobuf-lite-1.17.1.jar:/home/user/.m2/repository/io/grpc/grpc-stub/1.17.1/grpc-stub-1.17.1.jar:/home/user/.m2/repository/org/apache/hadoop/hadoop-ozone-recon/0.5.0-SNAPSHOT/hadoop-ozone-recon-0.5.0-SNAPSHOT.jar:/home/user/.m2/repository/org/apache/hadoop/hadoop-ozone-reconcodegen/0.5.0-SNAPSHOT/hadoop-ozone-reconcodegen-0.5.0-SNAPSHOT.jar:/home/user/.m2/repository/com/google/inject/extensions/guice-multibindings/4.0/guice-multibindings-4.0.jar:/home/user/.m2/repository/com/google/inject/guice/4.0/guice-4.0.jar:/home/user/.m2/repository/aopalliance/aopalliance/1.0/aopalliance-1.0.jar:/home/user/.m2/repository/com/google/inject/extensions/guice-servlet/4.0/guice-servlet-4.0.jar:/home/user/.m2/repository/org/glassfish/jersey/containers/jersey-container-servlet/2.27/jersey-container-servlet-2.27.jar:/home/user/.m2/repository/org/glassfish/hk2/guice-bridge/2.5.0/guice-bridge-2.5.0.jar:/home/user/.m2/repository/org/glassfish/jersey/core/jersey-server/2.27/jersey-server-2.27.jar:/home/user/.m2/repository/org/glassfish/jersey/core/jersey-client/2.27/jersey-client-2.27.jar:/home/user/.m2/repository/org/glassfish/jersey/media/jersey-media-jaxb/2.27/jersey-media-jaxb-2.27.jar:/home/user/.m2/repository/javax/validation/validation-api/1.1.0.Final/validation-api-1.1.0.Final.jar:/home/user/.m2/repository/org/glassfish/jersey/media/jersey-media-json-jackson/2.27/jersey-media-json-jackson-2.27.jar:/home/user/.m2/repository/org/glassfish/jersey/ext/jersey-entity-filtering/2.27/jersey-entity-filtering-2.27.jar:/home/user/.m2/repository/com/google/inject/extensions/guice-assistedinject/4.0/guice-assistedinject-4.0.jar:/home/user/.m2/repository/org/jooq/jooq/3.11.10/jooq-3.11.10.jar:/home/user/.m2/repository/org/jooq/jooq-meta/3.11.10/jooq-meta-3.11.10.jar:/home/user/.m2/repository/org/jooq/jooq-codegen/3.11.10/jooq-codegen-3.11.10.jar:/home/user/.m2/repository/com/jolbox/bonecp/0.8.0.RELEASE/bonecp-0.8.0.RELEASE.jar:/home/user/.m2/repository/org/xerial/sqlite-jdbc/3.25.2/sqlite-jdbc-3.25.2.jar:/home/user/.m2/repository/org/springframework/spring-jdbc/5.1.3.RELEASE/spring-jdbc-5.1.3.RELEASE.jar:/home/user/.m2/repository/org/springframework/spring-beans/5.1.3.RELEASE/spring-beans-5.1.3.RELEASE.jar:/home/user/.m2/repository/org/springframework/spring-core/5.1.3.RELEASE/spring-core-5.1.3.RELEASE.jar:/home/user/.m2/repository/org/springframework/spring-jcl/5.1.3.RELEASE/spring-jcl-5.1.3.RELEASE.jar:/home/user/.m2/repository/org/springframework/spring-tx/5.1.3.RELEASE/spring-tx-5.1.3.RELEASE.jar:/home/user/.m2/repository/org/apache/hadoop/hadoop-ozone-client/0.5.0-SNAPSHOT/hadoop-ozone-client-0.5.0-SNAPSHOT.jar:/home/user/.m2/repository/commons-lang/commons-lang/2.6/commons-lang-2.6.jar:/home/user/.m2/repository/org/apache/hadoop/hadoop-ozone-ozone-manager/0.5.0-SNAPSHOT/hadoop-ozone-ozone-manager-0.5.0-SNAPSHOT-tests.jar:/home/user/.m2/repository/junit/junit/4.11/junit-4.11.jar:/home/user/.m2/repository/org/hamcrest/hamcrest-core/1.3/hamcrest-core-1.3.jar:/home/user/.m2/repository/org/openjdk/jmh/jmh-core/1.19/jmh-core-1.19.jar:/home/user/.m2/repository/net/sf/jopt-simple/jopt-simple/4.6/jopt-simple-4.6.jar:/home/user/.m2/repository/org/apache/commons/commons-math3/3.1.1/commons-math3-3.1.1.jar:/home/user/.m2/repository/org/openjdk/jmh/jmh-generator-annprocess/1.19/jmh-generator-annprocess-1.19.jar:/home/user/.m2/repository/org/mockito/mockito-all/1.8.5/mockito-all-1.8.5.jar:/home/user/.m2/repository/org/apache/hadoop/hadoop-kms/3.2.0/hadoop-kms-3.2.0.jar:/home/user/.m2/repository/org/apache/hadoop/hadoop-auth/3.2.0/hadoop-auth-3.2.0.jar:/home/user/.m2/repository/com/nimbusds/nimbus-jose-jwt/4.41.1/nimbus-jose-jwt-4.41.1.jar:/home/user/.m2/repository/com/github/stephenc/jcip/jcip-annotations/1.0-1/jcip-annotations-1.0-1.jar:/home/user/.m2/repository/net/minidev/json-smart/2.3/json-smart-2.3.jar:/home/user/.m2/repository/net/minidev/accessors-smart/1.2/accessors-smart-1.2.jar:/home/user/.m2/repository/org/ow2/asm/asm/5.0.4/asm-5.0.4.jar:/home/user/.m2/repository/org/apache/curator/curator-framework/2.12.0/curator-framework-2.12.0.jar:/home/user/.m2/repository/com/sun/jersey/jersey-core/1.19/jersey-core-1.19.jar:/home/user/.m2/repository/javax/ws/rs/jsr311-api/1.1.1/jsr311-api-1.1.1.jar:/home/user/.m2/repository/com/sun/jersey/jersey-server/1.19/jersey-server-1.19.jar:/home/user/.m2/repository/javax/servlet/javax.servlet-api/3.1.0/javax.servlet-api-3.1.0.jar:/home/user/.m2/repository/org/eclipse/jetty/jetty-server/9.3.25.v20180904/jetty-server-9.3.25.v20180904.jar:/home/user/.m2/repository/org/eclipse/jetty/jetty-http/9.3.25.v20180904/jetty-http-9.3.25.v20180904.jar:/home/user/.m2/repository/org/eclipse/jetty/jetty-io/9.3.25.v20180904/jetty-io-9.3.25.v20180904.jar:/home/user/.m2/repository/org/eclipse/jetty/jetty-webapp/9.3.25.v20180904/jetty-webapp-9.3.25.v20180904.jar:/home/user/.m2/repository/org/eclipse/jetty/jetty-xml/9.3.25.v20180904/jetty-xml-9.3.25.v20180904.jar:/home/user/.m2/repository/log4j/log4j/1.2.17/log4j-1.2.17.jar:/home/user/.m2/repository/org/slf4j/slf4j-api/1.7.25/slf4j-api-1.7.25.jar:/home/user/.m2/repository/org/slf4j/jul-to-slf4j/1.7.25/jul-to-slf4j-1.7.25.jar:/home/user/.m2/repository/org/eclipse/jetty/jetty-util/9.3.25.v20180904/jetty-util-9.3.25.v20180904.jar:/home/user/.m2/repository/com/fasterxml/jackson/core/jackson-databind/2.9.9/jackson-databind-2.9.9.jar:/home/user/.m2/repository/org/apache/hadoop/hadoop-kms/3.2.0/hadoop-kms-3.2.0-tests.jar:/home/user/.m2/repository/org/apache/hadoop/hadoop-hdds-server-scm/0.5.0-SNAPSHOT/hadoop-hdds-server-scm-0.5.0-SNAPSHOT-tests.jar:/home/user/.m2/repository/org/apache/hadoop/hadoop-hdds-container-service/0.5.0-SNAPSHOT/hadoop-hdds-container-service-0.5.0-SNAPSHOT-tests.jar:/home/user/.m2/repository/org/yaml/snakeyaml/1.16/snakeyaml-1.16.jar:/home/user/.m2/repository/org/apache/hadoop/hadoop-common/3.2.0/hadoop-common-3.2.0-tests.jar:/home/user/.m2/repository/org/apache/hadoop/hadoop-annotations/3.2.0/hadoop-annotations-3.2.0.jar:/usr/lib/jvm/java-1.8-openjdk/jre/../lib/tools.jar:/home/user/.m2/repository/commons-cli/commons-cli/1.2/commons-cli-1.2.jar:/home/user/.m2/repository/org/apache/httpcomponents/httpclient/4.5.2/httpclient-4.5.2.jar:/home/user/.m2/repository/org/apache/httpcomponents/httpcore/4.4.4/httpcore-4.4.4.jar:/home/user/.m2/repository/commons-codec/commons-codec/1.11/commons-codec-1.11.jar:/home/user/.m2/repository/commons-net/commons-net/3.6/commons-net-3.6.jar:/home/user/.m2/repository/commons-collections/commons-collections/3.2.2/commons-collections-3.2.2.jar:/home/user/.m2/repository/org/eclipse/jetty/jetty-servlet/9.3.25.v20180904/jetty-servlet-9.3.25.v20180904.jar:/home/user/.m2/repository/org/eclipse/jetty/jetty-security/9.3.25.v20180904/jetty-security-9.3.25.v20180904.jar:/home/user/.m2/repository/javax/servlet/jsp/jsp-api/2.1/jsp-api-2.1.jar:/home/user/.m2/repository/com/sun/jersey/jersey-servlet/1.19/jersey-servlet-1.19.jar:/home/user/.m2/repository/com/sun/jersey/jersey-json/1.19/jersey-json-1.19.jar:/home/user/.m2/repository/org/codehaus/jettison/jettison/1.1/jettison-1.1.jar:/home/user/.m2/repository/org/codehaus/jackson/jackson-core-asl/1.9.13/jackson-core-asl-1.9.13.jar:/home/user/.m2/repository/org/codehaus/jackson/jackson-mapper-asl/1.9.13/jackson-mapper-asl-1.9.13.jar:/home/user/.m2/repository/org/codehaus/jackson/jackson-jaxrs/1.9.13/jackson-jaxrs-1.9.13.jar:/home/user/.m2/repository/org/codehaus/jackson/jackson-xc/1.9.13/jackson-xc-1.9.13.jar:/home/user/.m2/repository/commons-logging/commons-logging/1.1.3/commons-logging-1.1.3.jar:/home/user/.m2/repository/commons-beanutils/commons-beanutils/1.9.4/commons-beanutils-1.9.4.jar:/home/user/.m2/repository/org/apache/commons/commons-configuration2/2.1.1/commons-configuration2-2.1.1.jar:/home/user/.m2/repository/org/apache/commons/commons-lang3/3.7/commons-lang3-3.7.jar:/home/user/.m2/repository/org/apache/commons/commons-text/1.4/commons-text-1.4.jar:/home/user/.m2/repository/org/apache/avro/avro/1.7.7/avro-1.7.7.jar:/home/user/.m2/repository/com/thoughtworks/paranamer/paranamer/2.3/paranamer-2.3.jar:/home/user/.m2/repository/org/xerial/snappy/snappy-java/1.0.5/snappy-java-1.0.5.jar:/home/user/.m2/repository/com/google/re2j/re2j/1.1/re2j-1.1.jar:/home/user/.m2/repository/com/google/code/gson/gson/2.2.4/gson-2.2.4.jar:/home/user/.m2/repository/com/jcraft/jsch/0.1.54/jsch-0.1.54.jar:/home/user/.m2/repository/org/apache/curator/curator-client/2.12.0/curator-client-2.12.0.jar:/home/user/.m2/repository/org/apache/curator/curator-recipes/2.12.0/curator-recipes-2.12.0.jar:/home/user/.m2/repository/com/google/code/findbugs/jsr305/3.0.0/jsr305-3.0.0.jar:/home/user/.m2/repository/org/apache/htrace/htrace-core4/4.1.0-incubating/htrace-core4-4.1.0-incubating.jar:/home/user/.m2/repository/org/apache/zookeeper/zookeeper/3.4.13/zookeeper-3.4.13.jar:/home/user/.m2/repository/jline/jline/0.9.94/jline-0.9.94.jar:/home/user/.m2/repository/org/apache/yetus/audience-annotations/0.5.0/audience-annotations-0.5.0.jar:/home/user/.m2/repository/org/codehaus/woodstox/stax2-api/3.1.4/stax2-api-3.1.4.jar:/home/user/.m2/repository/com/fasterxml/woodstox/woodstox-core/5.0.3/woodstox-core-5.0.3.jar:/home/user/.m2/repository/dnsjava/dnsjava/2.1.7/dnsjava-2.1.7.jar:/home/user/.m2/repository/org/apache/hadoop/hadoop-hdfs/3.2.0/hadoop-hdfs-3.2.0-tests.jar:/home/user/.m2/repository/org/eclipse/jetty/jetty-util-ajax/9.3.25.v20180904/jetty-util-ajax-9.3.25.v20180904.jar:/home/user/.m2/repository/commons-daemon/commons-daemon/1.0.13/commons-daemon-1.0.13.jar:/home/user/.m2/repository/io/netty/netty/3.10.5.Final/netty-3.10.5.Final.jar:/home/user/.m2/repository/io/netty/netty-all/4.0.52.Final/netty-all-4.0.52.Final.jar:/home/user/.m2/repository/org/fusesource/leveldbjni/leveldbjni-all/1.8/leveldbjni-all-1.8.jar:"/>
    <property name="java.vm.vendor" value="IcedTea"/>
    <property name="sun.arch.data.model" value="64"/>
    <property name="test.build.dir" value="/workdir/hadoop-ozone/integration-test/target/test-dir"/>
    <property name="test.cache.data" value=""/>
    <property name="java.vendor.url" value="https://icedtea.classpath.org"/>
    <property name="user.timezone" value=""/>
    <property name="java.vm.specification.version" value="1.8"/>
    <property name="os.name" value="Linux"/>
    <property name="test.build.data" value="/workdir/hadoop-ozone/integration-test/target/test-dir"/>
    <property name="user.country" value="US"/>
    <property name="sun.java.launcher" value="SUN_STANDARD"/>
    <property name="sun.boot.library.path" value="/usr/lib/jvm/java-1.8-openjdk/jre/lib/amd64"/>
    <property name="sun.java.command" value="/workdir/hadoop-ozone/integration-test/target/surefire/surefirebooter7837113978231667632.jar /workdir/hadoop-ozone/integration-test/target/surefire 2019-10-04T18-02-37_574-jvmRun1 surefire5432253038596423260tmp surefire_628632277285847548734tmp"/>
    <property name="test" value="!TestMiniChaosOzoneCluster"/>
    <property name="surefire.test.class.path" value="/workdir/hadoop-ozone/integration-test/target/test-classes:/workdir/hadoop-ozone/integration-test/target/classes:/home/user/.m2/repository/org/apache/hadoop/hadoop-ozone-common/0.5.0-SNAPSHOT/hadoop-ozone-common-0.5.0-SNAPSHOT.jar:/home/user/.m2/repository/org/apache/commons/commons-compress/1.4.1/commons-compress-1.4.1.jar:/home/user/.m2/repository/org/tukaani/xz/1.0/xz-1.0.jar:/home/user/.m2/repository/org/apache/hadoop/hadoop-common/3.2.0/hadoop-common-3.2.0.jar:/home/user/.m2/repository/org/apache/hadoop/hadoop-hdfs/3.2.0/hadoop-hdfs-3.2.0.jar:/home/user/.m2/repository/org/apache/hadoop/hadoop-hdfs-client/3.2.0/hadoop-hdfs-client-3.2.0.jar:/home/user/.m2/repository/com/fasterxml/jackson/core/jackson-annotations/2.9.9/jackson-annotations-2.9.9.jar:/home/user/.m2/repository/org/apache/hadoop/hadoop-hdds-common/0.5.0-SNAPSHOT/hadoop-hdds-common-0.5.0-SNAPSHOT.jar:/home/user/.m2/repository/javax/annotation/javax.annotation-api/1.2/javax.annotation-api-1.2.jar:/home/user/.m2/repository/org/apache/ratis/ratis-server/0.5.0-201fc85-SNAPSHOT/ratis-server-0.5.0-201fc85-SNAPSHOT.jar:/home/user/.m2/repository/org/apache/ratis/ratis-thirdparty-misc/0.2.0/ratis-thirdparty-misc-0.2.0.jar:/home/user/.m2/repository/org/apache/ratis/ratis-proto/0.5.0-201fc85-SNAPSHOT/ratis-proto-0.5.0-201fc85-SNAPSHOT.jar:/home/user/.m2/repository/org/apache/ratis/ratis-common/0.5.0-201fc85-SNAPSHOT/ratis-common-0.5.0-201fc85-SNAPSHOT.jar:/home/user/.m2/repository/org/apache/ratis/ratis-client/0.5.0-201fc85-SNAPSHOT/ratis-client-0.5.0-201fc85-SNAPSHOT.jar:/home/user/.m2/repository/org/apache/ratis/ratis-metrics/0.5.0-201fc85-SNAPSHOT/ratis-metrics-0.5.0-201fc85-SNAPSHOT.jar:/home/user/.m2/repository/com/github/joshelser/dropwizard-metrics-hadoop-metrics2-reporter/0.1.2/dropwizard-metrics-hadoop-metrics2-reporter-0.1.2.jar:/home/user/.m2/repository/io/dropwizard/metrics/metrics-jvm/3.2.5/metrics-jvm-3.2.5.jar:/home/user/.m2/repository/io/dropwizard/metrics/metrics-ganglia/3.2.5/metrics-ganglia-3.2.5.jar:/home/user/.m2/repository/info/ganglia/gmetric4j/gmetric4j/1.0.7/gmetric4j-1.0.7.jar:/home/user/.m2/repository/org/apache/ratis/ratis-netty/0.5.0-201fc85-SNAPSHOT/ratis-netty-0.5.0-201fc85-SNAPSHOT.jar:/home/user/.m2/repository/org/apache/ratis/ratis-grpc/0.5.0-201fc85-SNAPSHOT/ratis-grpc-0.5.0-201fc85-SNAPSHOT.jar:/home/user/.m2/repository/org/rocksdb/rocksdbjni/6.0.1/rocksdbjni-6.0.1.jar:/home/user/.m2/repository/org/apache/logging/log4j/log4j-api/2.11.0/log4j-api-2.11.0.jar:/home/user/.m2/repository/org/apache/logging/log4j/log4j-core/2.11.0/log4j-core-2.11.0.jar:/home/user/.m2/repository/com/lmax/disruptor/3.4.2/disruptor-3.4.2.jar:/home/user/.m2/repository/org/apache/commons/commons-pool2/2.6.0/commons-pool2-2.6.0.jar:/home/user/.m2/repository/org/bouncycastle/bcpkix-jdk15on/1.60/bcpkix-jdk15on-1.60.jar:/home/user/.m2/repository/commons-validator/commons-validator/1.6/commons-validator-1.6.jar:/home/user/.m2/repository/commons-digester/commons-digester/1.8.1/commons-digester-1.8.1.jar:/home/user/.m2/repository/io/jaegertracing/jaeger-client/0.34.0/jaeger-client-0.34.0.jar:/home/user/.m2/repository/io/jaegertracing/jaeger-thrift/0.34.0/jaeger-thrift-0.34.0.jar:/home/user/.m2/repository/org/apache/thrift/libthrift/0.12.0/libthrift-0.12.0.jar:/home/user/.m2/repository/com/squareup/okhttp3/okhttp/3.9.0/okhttp-3.9.0.jar:/home/user/.m2/repository/com/squareup/okio/okio/1.13.0/okio-1.13.0.jar:/home/user/.m2/repository/io/jaegertracing/jaeger-core/0.34.0/jaeger-core-0.34.0.jar:/home/user/.m2/repository/io/jaegertracing/jaeger-tracerresolver/0.34.0/jaeger-tracerresolver-0.34.0.jar:/home/user/.m2/repository/io/opentracing/contrib/opentracing-tracerresolver/0.1.5/opentracing-tracerresolver-0.1.5.jar:/home/user/.m2/repository/io/opentracing/opentracing-util/0.31.0/opentracing-util-0.31.0.jar:/home/user/.m2/repository/io/opentracing/opentracing-api/0.31.0/opentracing-api-0.31.0.jar:/home/user/.m2/repository/io/opentracing/opentracing-noop/0.31.0/opentracing-noop-0.31.0.jar:/home/user/.m2/repository/org/apache/hadoop/hadoop-hdds-server-framework/0.5.0-SNAPSHOT/hadoop-hdds-server-framework-0.5.0-SNAPSHOT.jar:/home/user/.m2/repository/org/apache/hadoop/hadoop-hdds-container-service/0.5.0-SNAPSHOT/hadoop-hdds-container-service-0.5.0-SNAPSHOT.jar:/home/user/.m2/repository/org/apache/hadoop/hadoop-hdds-client/0.5.0-SNAPSHOT/hadoop-hdds-client-0.5.0-SNAPSHOT.jar:/home/user/.m2/repository/org/apache/hadoop/hadoop-hdds-tools/0.5.0-SNAPSHOT/hadoop-hdds-tools-0.5.0-SNAPSHOT.jar:/home/user/.m2/repository/org/apache/hadoop/hadoop-hdds-server-scm/0.5.0-SNAPSHOT/hadoop-hdds-server-scm-0.5.0-SNAPSHOT.jar:/home/user/.m2/repository/org/apache/hadoop/hadoop-hdds-docs/0.5.0-SNAPSHOT/hadoop-hdds-docs-0.5.0-SNAPSHOT.jar:/home/user/.m2/repository/io/dropwizard/metrics/metrics-core/3.2.4/metrics-core-3.2.4.jar:/home/user/.m2/repository/org/hamcrest/hamcrest-all/1.3/hamcrest-all-1.3.jar:/home/user/.m2/repository/org/bouncycastle/bcprov-jdk15on/1.60/bcprov-jdk15on-1.60.jar:/home/user/.m2/repository/info/picocli/picocli/3.9.6/picocli-3.9.6.jar:/home/user/.m2/repository/com/google/protobuf/protobuf-java/2.5.0/protobuf-java-2.5.0.jar:/home/user/.m2/repository/com/google/guava/guava/11.0.2/guava-11.0.2.jar:/home/user/.m2/repository/org/apache/hadoop/hadoop-ozone-ozone-manager/0.5.0-SNAPSHOT/hadoop-ozone-ozone-manager-0.5.0-SNAPSHOT.jar:/home/user/.m2/repository/org/apache/hadoop/hadoop-minikdc/3.2.0/hadoop-minikdc-3.2.0.jar:/home/user/.m2/repository/commons-io/commons-io/2.5/commons-io-2.5.jar:/home/user/.m2/repository/org/apache/kerby/kerb-simplekdc/1.0.1/kerb-simplekdc-1.0.1.jar:/home/user/.m2/repository/org/apache/kerby/kerb-client/1.0.1/kerb-client-1.0.1.jar:/home/user/.m2/repository/org/apache/kerby/kerby-config/1.0.1/kerby-config-1.0.1.jar:/home/user/.m2/repository/org/apache/kerby/kerb-core/1.0.1/kerb-core-1.0.1.jar:/home/user/.m2/repository/org/apache/kerby/kerby-pkix/1.0.1/kerby-pkix-1.0.1.jar:/home/user/.m2/repository/org/apache/kerby/kerby-asn1/1.0.1/kerby-asn1-1.0.1.jar:/home/user/.m2/repository/org/apache/kerby/kerby-util/1.0.1/kerby-util-1.0.1.jar:/home/user/.m2/repository/org/apache/kerby/kerb-common/1.0.1/kerb-common-1.0.1.jar:/home/user/.m2/repository/org/apache/kerby/kerb-crypto/1.0.1/kerb-crypto-1.0.1.jar:/home/user/.m2/repository/org/apache/kerby/kerb-util/1.0.1/kerb-util-1.0.1.jar:/home/user/.m2/repository/org/apache/kerby/token-provider/1.0.1/token-provider-1.0.1.jar:/home/user/.m2/repository/org/apache/kerby/kerb-admin/1.0.1/kerb-admin-1.0.1.jar:/home/user/.m2/repository/org/apache/kerby/kerb-server/1.0.1/kerb-server-1.0.1.jar:/home/user/.m2/repository/org/apache/kerby/kerb-identity/1.0.1/kerb-identity-1.0.1.jar:/home/user/.m2/repository/org/apache/kerby/kerby-xdr/1.0.1/kerby-xdr-1.0.1.jar:/home/user/.m2/repository/org/slf4j/slf4j-log4j12/1.7.25/slf4j-log4j12-1.7.25.jar:/home/user/.m2/repository/org/apache/hadoop/hadoop-ozone-s3gateway/0.5.0-SNAPSHOT/hadoop-ozone-s3gateway-0.5.0-SNAPSHOT.jar:/home/user/.m2/repository/org/jboss/weld/servlet/weld-servlet/2.4.7.Final/weld-servlet-2.4.7.Final.jar:/home/user/.m2/repository/org/glassfish/jersey/containers/jersey-container-servlet-core/2.27/jersey-container-servlet-core-2.27.jar:/home/user/.m2/repository/org/glassfish/hk2/external/javax.inject/2.5.0-b42/javax.inject-2.5.0-b42.jar:/home/user/.m2/repository/org/glassfish/jersey/core/jersey-common/2.27/jersey-common-2.27.jar:/home/user/.m2/repository/org/glassfish/hk2/osgi-resource-locator/1.0.1/osgi-resource-locator-1.0.1.jar:/home/user/.m2/repository/javax/ws/rs/javax.ws.rs-api/2.1/javax.ws.rs-api-2.1.jar:/home/user/.m2/repository/org/glassfish/jersey/ext/cdi/jersey-cdi1x/2.27/jersey-cdi1x-2.27.jar:/home/user/.m2/repository/org/glassfish/jersey/inject/jersey-hk2/2.27/jersey-hk2-2.27.jar:/home/user/.m2/repository/org/glassfish/hk2/hk2-locator/2.5.0-b42/hk2-locator-2.5.0-b42.jar:/home/user/.m2/repository/org/javassist/javassist/3.22.0-CR2/javassist-3.22.0-CR2.jar:/home/user/.m2/repository/org/glassfish/hk2/hk2-api/2.5.0/hk2-api-2.5.0.jar:/home/user/.m2/repository/org/glassfish/hk2/external/jakarta.inject/2.5.0/jakarta.inject-2.5.0.jar:/home/user/.m2/repository/org/glassfish/hk2/hk2-utils/2.5.0/hk2-utils-2.5.0.jar:/home/user/.m2/repository/jakarta/annotation/jakarta.annotation-api/1.3.4/jakarta.annotation-api-1.3.4.jar:/home/user/.m2/repository/org/glassfish/hk2/external/aopalliance-repackaged/2.5.0/aopalliance-repackaged-2.5.0.jar:/home/user/.m2/repository/com/fasterxml/jackson/dataformat/jackson-dataformat-xml/2.9.0/jackson-dataformat-xml-2.9.0.jar:/home/user/.m2/repository/com/fasterxml/jackson/core/jackson-core/2.9.9/jackson-core-2.9.9.jar:/home/user/.m2/repository/com/fasterxml/jackson/module/jackson-module-jaxb-annotations/2.9.9/jackson-module-jaxb-annotations-2.9.9.jar:/home/user/.m2/repository/javax/enterprise/cdi-api/1.2/cdi-api-1.2.jar:/home/user/.m2/repository/javax/el/javax.el-api/3.0.0/javax.el-api-3.0.0.jar:/home/user/.m2/repository/javax/interceptor/javax.interceptor-api/1.2/javax.interceptor-api-1.2.jar:/home/user/.m2/repository/javax/inject/javax.inject/1/javax.inject-1.jar:/home/user/.m2/repository/com/sun/xml/bind/jaxb-impl/2.3.0.1/jaxb-impl-2.3.0.1.jar:/home/user/.m2/repository/com/sun/xml/bind/jaxb-core/2.3.0.1/jaxb-core-2.3.0.1.jar:/home/user/.m2/repository/javax/xml/bind/jaxb-api/2.3.0/jaxb-api-2.3.0.jar:/home/user/.m2/repository/javax/activation/activation/1.1.1/activation-1.1.1.jar:/home/user/.m2/repository/org/apache/hadoop/hadoop-ozone-csi/0.5.0-SNAPSHOT/hadoop-ozone-csi-0.5.0-SNAPSHOT.jar:/home/user/.m2/repository/com/google/protobuf/protobuf-java-util/3.5.1/protobuf-java-util-3.5.1.jar:/home/user/.m2/repository/org/apache/hadoop/hadoop-hdds-config/0.5.0-SNAPSHOT/hadoop-hdds-config-0.5.0-SNAPSHOT.jar:/home/user/.m2/repository/io/grpc/grpc-netty/1.17.1/grpc-netty-1.17.1.jar:/home/user/.m2/repository/io/grpc/grpc-core/1.17.1/grpc-core-1.17.1.jar:/home/user/.m2/repository/io/grpc/grpc-context/1.17.1/grpc-context-1.17.1.jar:/home/user/.m2/repository/com/google/errorprone/error_prone_annotations/2.2.0/error_prone_annotations-2.2.0.jar:/home/user/.m2/repository/org/codehaus/mojo/animal-sniffer-annotations/1.17/animal-sniffer-annotations-1.17.jar:/home/user/.m2/repository/io/opencensus/opencensus-api/0.17.0/opencensus-api-0.17.0.jar:/home/user/.m2/repository/io/opencensus/opencensus-contrib-grpc-metrics/0.17.0/opencensus-contrib-grpc-metrics-0.17.0.jar:/home/user/.m2/repository/io/netty/netty-codec-http2/4.1.30.Final/netty-codec-http2-4.1.30.Final.jar:/home/user/.m2/repository/io/netty/netty-codec-http/4.1.30.Final/netty-codec-http-4.1.30.Final.jar:/home/user/.m2/repository/io/netty/netty-codec/4.1.30.Final/netty-codec-4.1.30.Final.jar:/home/user/.m2/repository/io/netty/netty-handler/4.1.30.Final/netty-handler-4.1.30.Final.jar:/home/user/.m2/repository/io/netty/netty-handler-proxy/4.1.30.Final/netty-handler-proxy-4.1.30.Final.jar:/home/user/.m2/repository/io/netty/netty-codec-socks/4.1.30.Final/netty-codec-socks-4.1.30.Final.jar:/home/user/.m2/repository/io/netty/netty-transport-native-epoll/4.1.30.Final/netty-transport-native-epoll-4.1.30.Final.jar:/home/user/.m2/repository/io/netty/netty-common/4.1.30.Final/netty-common-4.1.30.Final.jar:/home/user/.m2/repository/io/netty/netty-buffer/4.1.30.Final/netty-buffer-4.1.30.Final.jar:/home/user/.m2/repository/io/netty/netty-transport/4.1.30.Final/netty-transport-4.1.30.Final.jar:/home/user/.m2/repository/io/netty/netty-resolver/4.1.30.Final/netty-resolver-4.1.30.Final.jar:/home/user/.m2/repository/io/netty/netty-transport-native-unix-common/4.1.30.Final/netty-transport-native-unix-common-4.1.30.Final.jar:/home/user/.m2/repository/io/grpc/grpc-protobuf/1.17.1/grpc-protobuf-1.17.1.jar:/home/user/.m2/repository/com/google/api/grpc/proto-google-common-protos/1.0.0/proto-google-common-protos-1.0.0.jar:/home/user/.m2/repository/io/grpc/grpc-protobuf-lite/1.17.1/grpc-protobuf-lite-1.17.1.jar:/home/user/.m2/repository/io/grpc/grpc-stub/1.17.1/grpc-stub-1.17.1.jar:/home/user/.m2/repository/org/apache/hadoop/hadoop-ozone-recon/0.5.0-SNAPSHOT/hadoop-ozone-recon-0.5.0-SNAPSHOT.jar:/home/user/.m2/repository/org/apache/hadoop/hadoop-ozone-reconcodegen/0.5.0-SNAPSHOT/hadoop-ozone-reconcodegen-0.5.0-SNAPSHOT.jar:/home/user/.m2/repository/com/google/inject/extensions/guice-multibindings/4.0/guice-multibindings-4.0.jar:/home/user/.m2/repository/com/google/inject/guice/4.0/guice-4.0.jar:/home/user/.m2/repository/aopalliance/aopalliance/1.0/aopalliance-1.0.jar:/home/user/.m2/repository/com/google/inject/extensions/guice-servlet/4.0/guice-servlet-4.0.jar:/home/user/.m2/repository/org/glassfish/jersey/containers/jersey-container-servlet/2.27/jersey-container-servlet-2.27.jar:/home/user/.m2/repository/org/glassfish/hk2/guice-bridge/2.5.0/guice-bridge-2.5.0.jar:/home/user/.m2/repository/org/glassfish/jersey/core/jersey-server/2.27/jersey-server-2.27.jar:/home/user/.m2/repository/org/glassfish/jersey/core/jersey-client/2.27/jersey-client-2.27.jar:/home/user/.m2/repository/org/glassfish/jersey/media/jersey-media-jaxb/2.27/jersey-media-jaxb-2.27.jar:/home/user/.m2/repository/javax/validation/validation-api/1.1.0.Final/validation-api-1.1.0.Final.jar:/home/user/.m2/repository/org/glassfish/jersey/media/jersey-media-json-jackson/2.27/jersey-media-json-jackson-2.27.jar:/home/user/.m2/repository/org/glassfish/jersey/ext/jersey-entity-filtering/2.27/jersey-entity-filtering-2.27.jar:/home/user/.m2/repository/com/google/inject/extensions/guice-assistedinject/4.0/guice-assistedinject-4.0.jar:/home/user/.m2/repository/org/jooq/jooq/3.11.10/jooq-3.11.10.jar:/home/user/.m2/repository/org/jooq/jooq-meta/3.11.10/jooq-meta-3.11.10.jar:/home/user/.m2/repository/org/jooq/jooq-codegen/3.11.10/jooq-codegen-3.11.10.jar:/home/user/.m2/repository/com/jolbox/bonecp/0.8.0.RELEASE/bonecp-0.8.0.RELEASE.jar:/home/user/.m2/repository/org/xerial/sqlite-jdbc/3.25.2/sqlite-jdbc-3.25.2.jar:/home/user/.m2/repository/org/springframework/spring-jdbc/5.1.3.RELEASE/spring-jdbc-5.1.3.RELEASE.jar:/home/user/.m2/repository/org/springframework/spring-beans/5.1.3.RELEASE/spring-beans-5.1.3.RELEASE.jar:/home/user/.m2/repository/org/springframework/spring-core/5.1.3.RELEASE/spring-core-5.1.3.RELEASE.jar:/home/user/.m2/repository/org/springframework/spring-jcl/5.1.3.RELEASE/spring-jcl-5.1.3.RELEASE.jar:/home/user/.m2/repository/org/springframework/spring-tx/5.1.3.RELEASE/spring-tx-5.1.3.RELEASE.jar:/home/user/.m2/repository/org/apache/hadoop/hadoop-ozone-client/0.5.0-SNAPSHOT/hadoop-ozone-client-0.5.0-SNAPSHOT.jar:/home/user/.m2/repository/commons-lang/commons-lang/2.6/commons-lang-2.6.jar:/home/user/.m2/repository/org/apache/hadoop/hadoop-ozone-ozone-manager/0.5.0-SNAPSHOT/hadoop-ozone-ozone-manager-0.5.0-SNAPSHOT-tests.jar:/home/user/.m2/repository/junit/junit/4.11/junit-4.11.jar:/home/user/.m2/repository/org/hamcrest/hamcrest-core/1.3/hamcrest-core-1.3.jar:/home/user/.m2/repository/org/openjdk/jmh/jmh-core/1.19/jmh-core-1.19.jar:/home/user/.m2/repository/net/sf/jopt-simple/jopt-simple/4.6/jopt-simple-4.6.jar:/home/user/.m2/repository/org/apache/commons/commons-math3/3.1.1/commons-math3-3.1.1.jar:/home/user/.m2/repository/org/openjdk/jmh/jmh-generator-annprocess/1.19/jmh-generator-annprocess-1.19.jar:/home/user/.m2/repository/org/mockito/mockito-all/1.8.5/mockito-all-1.8.5.jar:/home/user/.m2/repository/org/apache/hadoop/hadoop-kms/3.2.0/hadoop-kms-3.2.0.jar:/home/user/.m2/repository/org/apache/hadoop/hadoop-auth/3.2.0/hadoop-auth-3.2.0.jar:/home/user/.m2/repository/com/nimbusds/nimbus-jose-jwt/4.41.1/nimbus-jose-jwt-4.41.1.jar:/home/user/.m2/repository/com/github/stephenc/jcip/jcip-annotations/1.0-1/jcip-annotations-1.0-1.jar:/home/user/.m2/repository/net/minidev/json-smart/2.3/json-smart-2.3.jar:/home/user/.m2/repository/net/minidev/accessors-smart/1.2/accessors-smart-1.2.jar:/home/user/.m2/repository/org/ow2/asm/asm/5.0.4/asm-5.0.4.jar:/home/user/.m2/repository/org/apache/curator/curator-framework/2.12.0/curator-framework-2.12.0.jar:/home/user/.m2/repository/com/sun/jersey/jersey-core/1.19/jersey-core-1.19.jar:/home/user/.m2/repository/javax/ws/rs/jsr311-api/1.1.1/jsr311-api-1.1.1.jar:/home/user/.m2/repository/com/sun/jersey/jersey-server/1.19/jersey-server-1.19.jar:/home/user/.m2/repository/javax/servlet/javax.servlet-api/3.1.0/javax.servlet-api-3.1.0.jar:/home/user/.m2/repository/org/eclipse/jetty/jetty-server/9.3.25.v20180904/jetty-server-9.3.25.v20180904.jar:/home/user/.m2/repository/org/eclipse/jetty/jetty-http/9.3.25.v20180904/jetty-http-9.3.25.v20180904.jar:/home/user/.m2/repository/org/eclipse/jetty/jetty-io/9.3.25.v20180904/jetty-io-9.3.25.v20180904.jar:/home/user/.m2/repository/org/eclipse/jetty/jetty-webapp/9.3.25.v20180904/jetty-webapp-9.3.25.v20180904.jar:/home/user/.m2/repository/org/eclipse/jetty/jetty-xml/9.3.25.v20180904/jetty-xml-9.3.25.v20180904.jar:/home/user/.m2/repository/log4j/log4j/1.2.17/log4j-1.2.17.jar:/home/user/.m2/repository/org/slf4j/slf4j-api/1.7.25/slf4j-api-1.7.25.jar:/home/user/.m2/repository/org/slf4j/jul-to-slf4j/1.7.25/jul-to-slf4j-1.7.25.jar:/home/user/.m2/repository/org/eclipse/jetty/jetty-util/9.3.25.v20180904/jetty-util-9.3.25.v20180904.jar:/home/user/.m2/repository/com/fasterxml/jackson/core/jackson-databind/2.9.9/jackson-databind-2.9.9.jar:/home/user/.m2/repository/org/apache/hadoop/hadoop-kms/3.2.0/hadoop-kms-3.2.0-tests.jar:/home/user/.m2/repository/org/apache/hadoop/hadoop-hdds-server-scm/0.5.0-SNAPSHOT/hadoop-hdds-server-scm-0.5.0-SNAPSHOT-tests.jar:/home/user/.m2/repository/org/apache/hadoop/hadoop-hdds-container-service/0.5.0-SNAPSHOT/hadoop-hdds-container-service-0.5.0-SNAPSHOT-tests.jar:/home/user/.m2/repository/org/yaml/snakeyaml/1.16/snakeyaml-1.16.jar:/home/user/.m2/repository/org/apache/hadoop/hadoop-common/3.2.0/hadoop-common-3.2.0-tests.jar:/home/user/.m2/repository/org/apache/hadoop/hadoop-annotations/3.2.0/hadoop-annotations-3.2.0.jar:/usr/lib/jvm/java-1.8-openjdk/jre/../lib/tools.jar:/home/user/.m2/repository/commons-cli/commons-cli/1.2/commons-cli-1.2.jar:/home/user/.m2/repository/org/apache/httpcomponents/httpclient/4.5.2/httpclient-4.5.2.jar:/home/user/.m2/repository/org/apache/httpcomponents/httpcore/4.4.4/httpcore-4.4.4.jar:/home/user/.m2/repository/commons-codec/commons-codec/1.11/commons-codec-1.11.jar:/home/user/.m2/repository/commons-net/commons-net/3.6/commons-net-3.6.jar:/home/user/.m2/repository/commons-collections/commons-collections/3.2.2/commons-collections-3.2.2.jar:/home/user/.m2/repository/org/eclipse/jetty/jetty-servlet/9.3.25.v20180904/jetty-servlet-9.3.25.v20180904.jar:/home/user/.m2/repository/org/eclipse/jetty/jetty-security/9.3.25.v20180904/jetty-security-9.3.25.v20180904.jar:/home/user/.m2/repository/javax/servlet/jsp/jsp-api/2.1/jsp-api-2.1.jar:/home/user/.m2/repository/com/sun/jersey/jersey-servlet/1.19/jersey-servlet-1.19.jar:/home/user/.m2/repository/com/sun/jersey/jersey-json/1.19/jersey-json-1.19.jar:/home/user/.m2/repository/org/codehaus/jettison/jettison/1.1/jettison-1.1.jar:/home/user/.m2/repository/org/codehaus/jackson/jackson-core-asl/1.9.13/jackson-core-asl-1.9.13.jar:/home/user/.m2/repository/org/codehaus/jackson/jackson-mapper-asl/1.9.13/jackson-mapper-asl-1.9.13.jar:/home/user/.m2/repository/org/codehaus/jackson/jackson-jaxrs/1.9.13/jackson-jaxrs-1.9.13.jar:/home/user/.m2/repository/org/codehaus/jackson/jackson-xc/1.9.13/jackson-xc-1.9.13.jar:/home/user/.m2/repository/commons-logging/commons-logging/1.1.3/commons-logging-1.1.3.jar:/home/user/.m2/repository/commons-beanutils/commons-beanutils/1.9.4/commons-beanutils-1.9.4.jar:/home/user/.m2/repository/org/apache/commons/commons-configuration2/2.1.1/commons-configuration2-2.1.1.jar:/home/user/.m2/repository/org/apache/commons/commons-lang3/3.7/commons-lang3-3.7.jar:/home/user/.m2/repository/org/apache/commons/commons-text/1.4/commons-text-1.4.jar:/home/user/.m2/repository/org/apache/avro/avro/1.7.7/avro-1.7.7.jar:/home/user/.m2/repository/com/thoughtworks/paranamer/paranamer/2.3/paranamer-2.3.jar:/home/user/.m2/repository/org/xerial/snappy/snappy-java/1.0.5/snappy-java-1.0.5.jar:/home/user/.m2/repository/com/google/re2j/re2j/1.1/re2j-1.1.jar:/home/user/.m2/repository/com/google/code/gson/gson/2.2.4/gson-2.2.4.jar:/home/user/.m2/repository/com/jcraft/jsch/0.1.54/jsch-0.1.54.jar:/home/user/.m2/repository/org/apache/curator/curator-client/2.12.0/curator-client-2.12.0.jar:/home/user/.m2/repository/org/apache/curator/curator-recipes/2.12.0/curator-recipes-2.12.0.jar:/home/user/.m2/repository/com/google/code/findbugs/jsr305/3.0.0/jsr305-3.0.0.jar:/home/user/.m2/repository/org/apache/htrace/htrace-core4/4.1.0-incubating/htrace-core4-4.1.0-incubating.jar:/home/user/.m2/repository/org/apache/zookeeper/zookeeper/3.4.13/zookeeper-3.4.13.jar:/home/user/.m2/repository/jline/jline/0.9.94/jline-0.9.94.jar:/home/user/.m2/repository/org/apache/yetus/audience-annotations/0.5.0/audience-annotations-0.5.0.jar:/home/user/.m2/repository/org/codehaus/woodstox/stax2-api/3.1.4/stax2-api-3.1.4.jar:/home/user/.m2/repository/com/fasterxml/woodstox/woodstox-core/5.0.3/woodstox-core-5.0.3.jar:/home/user/.m2/repository/dnsjava/dnsjava/2.1.7/dnsjava-2.1.7.jar:/home/user/.m2/repository/org/apache/hadoop/hadoop-hdfs/3.2.0/hadoop-hdfs-3.2.0-tests.jar:/home/user/.m2/repository/org/eclipse/jetty/jetty-util-ajax/9.3.25.v20180904/jetty-util-ajax-9.3.25.v20180904.jar:/home/user/.m2/repository/commons-daemon/commons-daemon/1.0.13/commons-daemon-1.0.13.jar:/home/user/.m2/repository/io/netty/netty/3.10.5.Final/netty-3.10.5.Final.jar:/home/user/.m2/repository/io/netty/netty-all/4.0.52.Final/netty-all-4.0.52.Final.jar:/home/user/.m2/repository/org/fusesource/leveldbjni/leveldbjni-all/1.8/leveldbjni-all-1.8.jar:"/>
    <property name="sun.cpu.endian" value="little"/>
    <property name="user.home" value="/home/user"/>
    <property name="user.language" value="en"/>
    <property name="java.specification.vendor" value="Oracle Corporation"/>
    <property name="java.home" value="/usr/lib/jvm/java-1.8-openjdk/jre"/>
    <property name="java.security.krb5.conf" value="/workdir/hadoop-ozone/integration-test/target/test-classes/krb5.conf"/>
    <property name="basedir" value="/workdir/hadoop-ozone/integration-test"/>
    <property name="file.separator" value="/"/>
    <property name="line.separator" value="&#10;"/>
    <property name="java.vm.specification.vendor" value="Oracle Corporation"/>
    <property name="java.specification.name" value="Java Platform API Specification"/>
    <property name="java.awt.graphicsenv" value="sun.awt.X11GraphicsEnvironment"/>
    <property name="surefire.real.class.path" value="/workdir/hadoop-ozone/integration-test/target/surefire/surefirebooter7837113978231667632.jar"/>
    <property name="hadoop.log.dir" value="/workdir/hadoop-ozone/integration-test/target/log"/>
    <property name="sun.boot.class.path" value="/usr/lib/jvm/java-1.8-openjdk/jre/lib/resources.jar:/usr/lib/jvm/java-1.8-openjdk/jre/lib/rt.jar:/usr/lib/jvm/java-1.8-openjdk/jre/lib/sunrsasign.jar:/usr/lib/jvm/java-1.8-openjdk/jre/lib/jsse.jar:/usr/lib/jvm/java-1.8-openjdk/jre/lib/jce.jar:/usr/lib/jvm/java-1.8-openjdk/jre/lib/charsets.jar:/usr/lib/jvm/java-1.8-openjdk/jre/lib/jfr.jar:/usr/lib/jvm/java-1.8-openjdk/jre/classes"/>
    <property name="sun.management.compiler" value="HotSpot 64-Bit Tiered Compilers"/>
    <property name="java.runtime.version" value="1.8.0_212-b04"/>
    <property name="java.net.preferIPv4Stack" value="true"/>
    <property name="user.name" value="jenkins1000"/>
    <property name="path.separator" value=":"/>
    <property name="java.security.egd" value="file:///dev/urandom"/>
    <property name="os.version" value="3.10.0-957.12.2.el7.x86_64"/>
    <property name="java.endorsed.dirs" value="/usr/lib/jvm/java-1.8-openjdk/jre/lib/endorsed"/>
    <property name="java.runtime.name" value="OpenJDK Runtime Environment"/>
    <property name="file.encoding" value="UTF-8"/>
    <property name="java.vm.name" value="OpenJDK 64-Bit Server VM"/>
    <property name="test.build.webapps" value=""/>
    <property name="localRepository" value="/home/user/.m2/repository"/>
    <property name="java.vendor.url.bug" value="https://icedtea.classpath.org/bugzilla"/>
    <property name="java.io.tmpdir" value="/tmp"/>
    <property name="require.test.libhadoop" value=""/>
    <property name="java.version" value="1.8.0_212"/>
    <property name="user.dir" value="/workdir/hadoop-ozone/integration-test"/>
    <property name="os.arch" value="amd64"/>
    <property name="java.vm.specification.name" value="Java Virtual Machine Specification"/>
    <property name="test.build.classes" value="/workdir/hadoop-ozone/integration-test/target/test-classes"/>
    <property name="java.awt.printerjob" value="sun.print.PSPrinterJob"/>
    <property name="sun.os.patch.level" value="unknown"/>
    <property name="hadoop.tmp.dir" value="/workdir/hadoop-ozone/integration-test/target/tmp"/>
    <property name="java.library.path" value="/usr/lib/jvm/java-1.8-openjdk/jre/lib/amd64/server:/usr/lib/jvm/java-1.8-openjdk/jre/lib/amd64:/usr/lib/jvm/java-1.8-openjdk/jre/../lib/amd64:/workdir/hadoop-ozone/integration-test/target/native/target/usr/local/lib:/workdir/hadoop-ozone/integration-test/../../hadoop-common-project/hadoop-common/target/native/target/usr/local/lib:/usr/java/packages/lib/amd64:/usr/lib64:/lib64:/lib:/usr/lib"/>
    <property name="java.vm.info" value="mixed mode"/>
    <property name="java.vendor" value="IcedTea"/>
    <property name="java.vm.version" value="25.212-b04"/>
    <property name="java.ext.dirs" value="/usr/lib/jvm/java-1.8-openjdk/jre/lib/ext:/usr/java/packages/lib/ext"/>
    <property name="sun.io.unicode.encoding" value="UnicodeLittle"/>
    <property name="java.class.version" value="52.0"/>
  </properties>
  <testcase name="testWatchForCommitWithKeyWrite" classname="org.apache.hadoop.ozone.client.rpc.TestWatchForCommit" time="59.955"/>
  <testcase name="testWatchForCommitWithSmallerTimeoutValue" classname="org.apache.hadoop.ozone.client.rpc.TestWatchForCommit" time="44.531"/>
  <testcase name="testWatchForCommitForRetryfailure" classname="org.apache.hadoop.ozone.client.rpc.TestWatchForCommit" time="63.061">
    <failure type="java.lang.AssertionError">java.lang.AssertionError
	at org.junit.Assert.fail(Assert.java:86)
	at org.junit.Assert.assertTrue(Assert.java:41)
	at org.junit.Assert.assertTrue(Assert.java:52)
	at org.apache.hadoop.ozone.client.rpc.TestWatchForCommit.testWatchForCommitForRetryfailure(TestWatchForCommit.java:348)
	at sun.reflect.NativeMethodAccessorImpl.invoke0(Native Method)
	at sun.reflect.NativeMethodAccessorImpl.invoke(NativeMethodAccessorImpl.java:62)
	at sun.reflect.DelegatingMethodAccessorImpl.invoke(DelegatingMethodAccessorImpl.java:43)
	at java.lang.reflect.Method.invoke(Method.java:498)
	at org.junit.runners.model.FrameworkMethod$1.runReflectiveCall(FrameworkMethod.java:47)
	at org.junit.internal.runners.model.ReflectiveCallable.run(ReflectiveCallable.java:12)
	at org.junit.runners.model.FrameworkMethod.invokeExplosively(FrameworkMethod.java:44)
	at org.junit.internal.runners.statements.InvokeMethod.evaluate(InvokeMethod.java:17)
	at org.junit.runners.ParentRunner.runLeaf(ParentRunner.java:271)
	at org.junit.runners.BlockJUnit4ClassRunner.runChild(BlockJUnit4ClassRunner.java:70)
	at org.junit.runners.BlockJUnit4ClassRunner.runChild(BlockJUnit4ClassRunner.java:50)
	at org.junit.runners.ParentRunner$3.run(ParentRunner.java:238)
	at org.junit.runners.ParentRunner$1.schedule(ParentRunner.java:63)
	at org.junit.runners.ParentRunner.runChildren(ParentRunner.java:236)
	at org.junit.runners.ParentRunner.access$000(ParentRunner.java:53)
	at org.junit.runners.ParentRunner$2.evaluate(ParentRunner.java:229)
	at org.junit.runners.ParentRunner.run(ParentRunner.java:309)
	at org.apache.maven.surefire.junit4.JUnit4Provider.execute(JUnit4Provider.java:365)
	at org.apache.maven.surefire.junit4.JUnit4Provider.executeWithRerun(JUnit4Provider.java:273)
	at org.apache.maven.surefire.junit4.JUnit4Provider.executeTestSet(JUnit4Provider.java:238)
	at org.apache.maven.surefire.junit4.JUnit4Provider.invoke(JUnit4Provider.java:159)
	at org.apache.maven.surefire.booter.ForkedBooter.invokeProviderInSameClassLoader(ForkedBooter.java:384)
	at org.apache.maven.surefire.booter.ForkedBooter.runSuitesInProcess(ForkedBooter.java:345)
	at org.apache.maven.surefire.booter.ForkedBooter.execute(ForkedBooter.java:126)
	at org.apache.maven.surefire.booter.ForkedBooter.main(ForkedBooter.java:418)
</failure>
    <system-out><![CDATA[2019-10-04 19:08:24,894 [main] WARN  server.ServerUtils (ServerUtils.java:getScmDbDir(145)) - ozone.scm.db.dirs is not configured. We recommend adding this setting. Falling back to ozone.metadata.dirs instead.
2019-10-04 19:08:24,913 [main] WARN  server.ServerUtils (ServerUtils.java:getScmDbDir(145)) - ozone.scm.db.dirs is not configured. We recommend adding this setting. Falling back to ozone.metadata.dirs instead.
2019-10-04 19:08:24,922 [main] WARN  server.ServerUtils (ServerUtils.java:getScmDbDir(145)) - ozone.scm.db.dirs is not configured. We recommend adding this setting. Falling back to ozone.metadata.dirs instead.
2019-10-04 19:08:24,922 [main] INFO  db.DBStoreBuilder (DBStoreBuilder.java:addTable(117)) - using custom profile for table: deletedBlocks
2019-10-04 19:08:24,923 [main] INFO  db.DBStoreBuilder (DBStoreBuilder.java:processTables(168)) - Using default column profile:DBProfile.DISK for Table:deletedBlocks
2019-10-04 19:08:24,923 [main] INFO  db.DBStoreBuilder (DBStoreBuilder.java:addTable(117)) - using custom profile for table: validCerts
2019-10-04 19:08:24,923 [main] INFO  db.DBStoreBuilder (DBStoreBuilder.java:processTables(168)) - Using default column profile:DBProfile.DISK for Table:validCerts
2019-10-04 19:08:24,923 [main] INFO  db.DBStoreBuilder (DBStoreBuilder.java:addTable(117)) - using custom profile for table: revokedCerts
2019-10-04 19:08:24,923 [main] INFO  db.DBStoreBuilder (DBStoreBuilder.java:processTables(168)) - Using default column profile:DBProfile.DISK for Table:revokedCerts
2019-10-04 19:08:24,924 [main] INFO  db.DBStoreBuilder (DBStoreBuilder.java:addTable(117)) - using custom profile for table: default
2019-10-04 19:08:24,924 [main] INFO  db.DBStoreBuilder (DBStoreBuilder.java:processTables(174)) - Using default column profile:DBProfile.DISK for Table:default
2019-10-04 19:08:24,924 [main] INFO  db.DBStoreBuilder (DBStoreBuilder.java:getDbProfile(205)) - Using default options. DBProfile.DISK
2019-10-04 19:08:25,349 [main] INFO  net.NodeSchemaLoader (NodeSchemaLoader.java:loadSchemaFromFile(125)) - Loading file from sun.misc.CompoundEnumeration@76e90da5
2019-10-04 19:08:25,350 [main] INFO  net.NodeSchemaLoader (NodeSchemaLoader.java:loadSchema(171)) - Loading network topology layer schema file
2019-10-04 19:08:25,358 [main] WARN  server.ServerUtils (ServerUtils.java:sanitizeUserArgs(70)) - ozone.scm.stale.node.interval value = 300000 is larger than max = 100000 based on the key value of ozone.scm.heartbeat.thread.interval, reset to the max value 100000.
2019-10-04 19:08:25,359 [main] WARN  server.ServerUtils (ServerUtils.java:sanitizeUserArgs(70)) - ozone.scm.stale.node.interval value = 300000 is larger than max = 100000 based on the key value of ozone.scm.heartbeat.thread.interval, reset to the max value 100000.
2019-10-04 19:08:25,359 [main] INFO  node.SCMNodeManager (SCMNodeManager.java:<init>(116)) - Entering startup safe mode.
2019-10-04 19:08:25,360 [main] INFO  algorithms.ContainerPlacementPolicyFactory (ContainerPlacementPolicyFactory.java:getPolicy(57)) - Create container placement policy of type org.apache.hadoop.hdds.scm.container.placement.algorithms.SCMContainerPlacementRandom
2019-10-04 19:08:25,361 [main] WARN  server.ServerUtils (ServerUtils.java:getScmDbDir(145)) - ozone.scm.db.dirs is not configured. We recommend adding this setting. Falling back to ozone.metadata.dirs instead.
2019-10-04 19:08:25,516 [main] INFO  pipeline.SCMPipelineManager (SCMPipelineManager.java:initializePipelineState(132)) - No pipeline exists in current db
2019-10-04 19:08:25,516 [main] WARN  server.ServerUtils (ServerUtils.java:getScmDbDir(145)) - ozone.scm.db.dirs is not configured. We recommend adding this setting. Falling back to ozone.metadata.dirs instead.
2019-10-04 19:08:25,646 [main] WARN  events.EventQueue (EventQueue.java:fireEvent(183)) - No event handler registered for event TypedEvent{payloadType=SafeModeStatus, name='SafeModeStatus'}
2019-10-04 19:08:25,647 [main] INFO  ipc.CallQueueManager (CallQueueManager.java:<init>(84)) - Using callQueue: class java.util.concurrent.LinkedBlockingQueue, queueCapacity: 2000, scheduler: class org.apache.hadoop.ipc.DefaultRpcScheduler, ipcBackoff: false.
2019-10-04 19:08:25,648 [Socket Reader #1 for port 39729] INFO  ipc.Server (Server.java:run(1074)) - Starting Socket Reader #1 for port 39729
2019-10-04 19:08:25,650 [main] INFO  ipc.CallQueueManager (CallQueueManager.java:<init>(84)) - Using callQueue: class java.util.concurrent.LinkedBlockingQueue, queueCapacity: 2000, scheduler: class org.apache.hadoop.ipc.DefaultRpcScheduler, ipcBackoff: false.
2019-10-04 19:08:25,650 [Socket Reader #1 for port 44119] INFO  ipc.Server (Server.java:run(1074)) - Starting Socket Reader #1 for port 44119
2019-10-04 19:08:25,652 [main] INFO  ipc.CallQueueManager (CallQueueManager.java:<init>(84)) - Using callQueue: class java.util.concurrent.LinkedBlockingQueue, queueCapacity: 2000, scheduler: class org.apache.hadoop.ipc.DefaultRpcScheduler, ipcBackoff: false.
2019-10-04 19:08:25,653 [Socket Reader #1 for port 38742] INFO  ipc.Server (Server.java:run(1074)) - Starting Socket Reader #1 for port 38742
2019-10-04 19:08:25,655 [main] INFO  hdfs.DFSUtil (DFSUtil.java:httpServerTemplateForNNAndJN(1641)) - Starting Web-server for scm at: http://0.0.0.0:0
2019-10-04 19:08:25,659 [main] INFO  server.AuthenticationFilter (AuthenticationFilter.java:constructSecretProvider(240)) - Unable to initialize FileSignerSecretProvider, falling back to use random secrets.
2019-10-04 19:08:25,660 [main] WARN  http.HttpRequestLog (HttpRequestLog.java:getRequestLog(97)) - Jetty request log can only be enabled using Log4j
2019-10-04 19:08:25,663 [main] INFO  http.HttpServer2 (HttpServer2.java:addGlobalFilter(975)) - Added global filter 'safety' (class=org.apache.hadoop.http.HttpServer2$QuotingInputFilter)
2019-10-04 19:08:25,664 [main] INFO  http.HttpServer2 (HttpServer2.java:addFilter(948)) - Added filter static_user_filter (class=org.apache.hadoop.http.lib.StaticUserWebFilter$StaticUserFilter) to context scm
2019-10-04 19:08:25,664 [main] INFO  http.HttpServer2 (HttpServer2.java:addFilter(958)) - Added filter static_user_filter (class=org.apache.hadoop.http.lib.StaticUserWebFilter$StaticUserFilter) to context logs
2019-10-04 19:08:25,664 [main] INFO  http.HttpServer2 (HttpServer2.java:addFilter(958)) - Added filter static_user_filter (class=org.apache.hadoop.http.lib.StaticUserWebFilter$StaticUserFilter) to context static
2019-10-04 19:08:25,667 [main] INFO  server.StorageContainerManager (StorageContainerManager.java:start(770)) - StorageContainerLocationProtocol RPC server is listening at /0.0.0.0:38742
2019-10-04 19:08:25,670 [main] WARN  impl.MetricsConfig (MetricsConfig.java:loadFirst(134)) - Cannot locate configuration: tried hadoop-metrics2-storagecontainermanager.properties,hadoop-metrics2.properties
2019-10-04 19:08:25,671 [main] INFO  impl.MetricsSystemImpl (MetricsSystemImpl.java:startTimer(374)) - Scheduled Metric snapshot period at 10 second(s).
2019-10-04 19:08:25,671 [main] INFO  impl.MetricsSystemImpl (MetricsSystemImpl.java:start(191)) - StorageContainerManager metrics system started
2019-10-04 19:08:25,718 [main] WARN  impl.MetricsSystemImpl (MetricsSystemImpl.java:register(276)) - Sink prometheus already exists!
2019-10-04 19:08:25,741 [main] INFO  lib.Interns (Interns.java:removeEldestEntry(50)) - Metrics intern cache overflow at 2011 for MetricsSystem={MetricsSystem=MetricsInfoImpl{name=MetricsSystem, description=MetricsSystem}, MetricsSystem record=MetricsInfoImpl{name=MetricsSystem, description=MetricsSystem record}}
2019-10-04 19:08:25,779 [main] INFO  server.SCMClientProtocolServer (SCMClientProtocolServer.java:start(159)) - RPC server for Client  is listening at /0.0.0.0:38742
2019-10-04 19:08:25,780 [IPC Server Responder] INFO  ipc.Server (Server.java:run(1314)) - IPC Server Responder: starting
2019-10-04 19:08:25,780 [IPC Server listener on 38742] INFO  ipc.Server (Server.java:run(1153)) - IPC Server listener on 38742: starting
2019-10-04 19:08:25,784 [main] INFO  server.StorageContainerManager (StorageContainerManager.java:start(780)) - ScmBlockLocationProtocol RPC server is listening at /0.0.0.0:44119
2019-10-04 19:08:25,784 [main] INFO  server.SCMBlockProtocolServer (SCMBlockProtocolServer.java:start(146)) - RPC server for Block Protocol is listening at /0.0.0.0:44119
2019-10-04 19:08:25,785 [IPC Server Responder] INFO  ipc.Server (Server.java:run(1314)) - IPC Server Responder: starting
2019-10-04 19:08:25,785 [IPC Server listener on 44119] INFO  ipc.Server (Server.java:run(1153)) - IPC Server listener on 44119: starting
2019-10-04 19:08:25,789 [main] INFO  server.StorageContainerManager (StorageContainerManager.java:start(784)) - ScmDatanodeProtocl RPC server is listening at /0.0.0.0:39729
2019-10-04 19:08:25,789 [main] INFO  server.SCMDatanodeProtocolServer (SCMDatanodeProtocolServer.java:start(169)) - RPC server for DataNodes is listening at /0.0.0.0:39729
2019-10-04 19:08:25,790 [IPC Server Responder] INFO  ipc.Server (Server.java:run(1314)) - IPC Server Responder: starting
2019-10-04 19:08:25,790 [IPC Server listener on 39729] INFO  ipc.Server (Server.java:run(1153)) - IPC Server listener on 39729: starting
2019-10-04 19:08:25,794 [main] INFO  http.HttpServer2 (HttpServer2.java:bindListener(1191)) - Jetty bound to port 41389
2019-10-04 19:08:25,795 [main] INFO  server.Server (Server.java:doStart(351)) - jetty-9.3.25.v20180904, build timestamp: 2018-09-04T21:11:46Z, git hash: 3ce520221d0240229c862b122d2b06c12a625732
2019-10-04 19:08:25,797 [main] INFO  handler.ContextHandler (ContextHandler.java:doStart(781)) - Started o.e.j.s.ServletContextHandler@6f5e16cf{/logs,file:///workdir/hadoop-ozone/integration-test/target/log,AVAILABLE}
2019-10-04 19:08:25,797 [main] INFO  handler.ContextHandler (ContextHandler.java:doStart(781)) - Started o.e.j.s.ServletContextHandler@49e2b3c5{/static,file:///workdir/hadoop-ozone/integration-test/target/test-classes/webapps/static,AVAILABLE}
2019-10-04 19:08:25,802 [main] INFO  handler.ContextHandler (ContextHandler.java:doStart(781)) - Started o.e.j.w.WebAppContext@91da29b{/,file:///workdir/hadoop-ozone/integration-test/target/test-classes/webapps/scm/,AVAILABLE}{/scm}
2019-10-04 19:08:25,802 [main] INFO  server.AbstractConnector (AbstractConnector.java:doStart(278)) - Started ServerConnector@7066363{HTTP/1.1,[http/1.1]}{0.0.0.0:41389}
2019-10-04 19:08:25,803 [main] INFO  server.Server (Server.java:doStart(419)) - Started @105821ms
2019-10-04 19:08:25,804 [main] WARN  impl.MetricsSystemImpl (MetricsSystemImpl.java:register(276)) - Sink prometheus already exists!
2019-10-04 19:08:25,804 [main] INFO  server.BaseHttpServer (BaseHttpServer.java:updateConnectorAddress(215)) - HTTP server of SCM is listening at http://0.0.0.0:41389
2019-10-04 19:08:25,806 [main] WARN  server.ServerUtils (ServerUtils.java:getDBPath(222)) - ozone.om.db.dirs is not configured. We recommend adding this setting. Falling back to ozone.metadata.dirs instead.
2019-10-04 19:08:25,806 [org.apache.hadoop.util.JvmPauseMonitor$Monitor@47248a48] INFO  util.JvmPauseMonitor (JvmPauseMonitor.java:run(188)) - Starting JVM pause monitor
2019-10-04 19:08:25,836 [main] INFO  ha.OMHANodeDetails (OMHANodeDetails.java:loadOMHAConfig(190)) - Configuration either no ozone.om.address set. Falling back to the default OM address /127.0.0.1:0
2019-10-04 19:08:25,836 [main] INFO  ha.OMHANodeDetails (OMHANodeDetails.java:getOMNodeDetails(220)) - OM Service ID is not set. Setting it to the default ID: omServiceIdDefault
2019-10-04 19:08:25,836 [main] WARN  server.ServerUtils (ServerUtils.java:getDBPath(222)) - ozone.om.db.dirs is not configured. We recommend adding this setting. Falling back to ozone.metadata.dirs instead.
2019-10-04 19:08:25,837 [main] WARN  server.ServerUtils (ServerUtils.java:getDBPath(222)) - ozone.om.db.dirs is not configured. We recommend adding this setting. Falling back to ozone.metadata.dirs instead.
2019-10-04 19:08:25,844 [main] WARN  server.ServerUtils (ServerUtils.java:getDBPath(222)) - ozone.om.db.dirs is not configured. We recommend adding this setting. Falling back to ozone.metadata.dirs instead.
2019-10-04 19:08:25,844 [main] INFO  db.DBStoreBuilder (DBStoreBuilder.java:addTable(117)) - using custom profile for table: userTable
2019-10-04 19:08:25,845 [main] INFO  db.DBStoreBuilder (DBStoreBuilder.java:processTables(168)) - Using default column profile:DBProfile.DISK for Table:userTable
2019-10-04 19:08:25,845 [main] INFO  db.DBStoreBuilder (DBStoreBuilder.java:addTable(117)) - using custom profile for table: volumeTable
2019-10-04 19:08:25,845 [main] INFO  db.DBStoreBuilder (DBStoreBuilder.java:processTables(168)) - Using default column profile:DBProfile.DISK for Table:volumeTable
2019-10-04 19:08:25,845 [main] INFO  db.DBStoreBuilder (DBStoreBuilder.java:addTable(117)) - using custom profile for table: bucketTable
2019-10-04 19:08:25,845 [main] INFO  db.DBStoreBuilder (DBStoreBuilder.java:processTables(168)) - Using default column profile:DBProfile.DISK for Table:bucketTable
2019-10-04 19:08:25,846 [main] INFO  db.DBStoreBuilder (DBStoreBuilder.java:addTable(117)) - using custom profile for table: keyTable
2019-10-04 19:08:25,846 [main] INFO  db.DBStoreBuilder (DBStoreBuilder.java:processTables(168)) - Using default column profile:DBProfile.DISK for Table:keyTable
2019-10-04 19:08:25,846 [main] INFO  db.DBStoreBuilder (DBStoreBuilder.java:addTable(117)) - using custom profile for table: deletedTable
2019-10-04 19:08:25,846 [main] INFO  db.DBStoreBuilder (DBStoreBuilder.java:processTables(168)) - Using default column profile:DBProfile.DISK for Table:deletedTable
2019-10-04 19:08:25,846 [main] INFO  db.DBStoreBuilder (DBStoreBuilder.java:addTable(117)) - using custom profile for table: openKeyTable
2019-10-04 19:08:25,847 [main] INFO  db.DBStoreBuilder (DBStoreBuilder.java:processTables(168)) - Using default column profile:DBProfile.DISK for Table:openKeyTable
2019-10-04 19:08:25,847 [main] INFO  db.DBStoreBuilder (DBStoreBuilder.java:addTable(117)) - using custom profile for table: s3Table
2019-10-04 19:08:25,847 [main] INFO  db.DBStoreBuilder (DBStoreBuilder.java:processTables(168)) - Using default column profile:DBProfile.DISK for Table:s3Table
2019-10-04 19:08:25,847 [main] INFO  db.DBStoreBuilder (DBStoreBuilder.java:addTable(117)) - using custom profile for table: multipartInfoTable
2019-10-04 19:08:25,847 [main] INFO  db.DBStoreBuilder (DBStoreBuilder.java:processTables(168)) - Using default column profile:DBProfile.DISK for Table:multipartInfoTable
2019-10-04 19:08:25,848 [main] INFO  db.DBStoreBuilder (DBStoreBuilder.java:addTable(117)) - using custom profile for table: dTokenTable
2019-10-04 19:08:25,848 [main] INFO  db.DBStoreBuilder (DBStoreBuilder.java:processTables(168)) - Using default column profile:DBProfile.DISK for Table:dTokenTable
2019-10-04 19:08:25,848 [main] INFO  db.DBStoreBuilder (DBStoreBuilder.java:addTable(117)) - using custom profile for table: s3SecretTable
2019-10-04 19:08:25,848 [main] INFO  db.DBStoreBuilder (DBStoreBuilder.java:processTables(168)) - Using default column profile:DBProfile.DISK for Table:s3SecretTable
2019-10-04 19:08:25,848 [main] INFO  db.DBStoreBuilder (DBStoreBuilder.java:addTable(117)) - using custom profile for table: prefixTable
2019-10-04 19:08:25,848 [main] INFO  db.DBStoreBuilder (DBStoreBuilder.java:processTables(168)) - Using default column profile:DBProfile.DISK for Table:prefixTable
2019-10-04 19:08:25,849 [main] INFO  db.DBStoreBuilder (DBStoreBuilder.java:addTable(117)) - using custom profile for table: default
2019-10-04 19:08:25,849 [main] INFO  db.DBStoreBuilder (DBStoreBuilder.java:processTables(174)) - Using default column profile:DBProfile.DISK for Table:default
2019-10-04 19:08:25,849 [main] INFO  db.DBStoreBuilder (DBStoreBuilder.java:getDbProfile(205)) - Using default options. DBProfile.DISK
2019-10-04 19:08:26,689 [main] INFO  ipc.CallQueueManager (CallQueueManager.java:<init>(84)) - Using callQueue: class java.util.concurrent.LinkedBlockingQueue, queueCapacity: 2000, scheduler: class org.apache.hadoop.ipc.DefaultRpcScheduler, ipcBackoff: false.
2019-10-04 19:08:26,690 [Socket Reader #1 for port 37851] INFO  ipc.Server (Server.java:run(1074)) - Starting Socket Reader #1 for port 37851
2019-10-04 19:08:26,708 [main] INFO  om.OzoneManager (OzoneManager.java:start(1069)) - OzoneManager RPC server is listening at localhost/127.0.0.1:37851
2019-10-04 19:08:26,708 [main] INFO  impl.MetricsSystemImpl (MetricsSystemImpl.java:init(158)) - OzoneManager metrics system started (again)
2019-10-04 19:08:26,709 [IPC Server Responder] INFO  ipc.Server (Server.java:run(1314)) - IPC Server Responder: starting
2019-10-04 19:08:26,709 [IPC Server listener on 37851] INFO  ipc.Server (Server.java:run(1153)) - IPC Server listener on 37851: starting
2019-10-04 19:08:26,715 [main] INFO  hdfs.DFSUtil (DFSUtil.java:httpServerTemplateForNNAndJN(1641)) - Starting Web-server for ozoneManager at: http://0.0.0.0:0
2019-10-04 19:08:26,717 [main] INFO  server.AuthenticationFilter (AuthenticationFilter.java:constructSecretProvider(240)) - Unable to initialize FileSignerSecretProvider, falling back to use random secrets.
2019-10-04 19:08:26,718 [main] WARN  http.HttpRequestLog (HttpRequestLog.java:getRequestLog(97)) - Jetty request log can only be enabled using Log4j
2019-10-04 19:08:26,720 [main] INFO  http.HttpServer2 (HttpServer2.java:addGlobalFilter(975)) - Added global filter 'safety' (class=org.apache.hadoop.http.HttpServer2$QuotingInputFilter)
2019-10-04 19:08:26,721 [main] INFO  http.HttpServer2 (HttpServer2.java:addFilter(948)) - Added filter static_user_filter (class=org.apache.hadoop.http.lib.StaticUserWebFilter$StaticUserFilter) to context ozoneManager
2019-10-04 19:08:26,721 [main] INFO  http.HttpServer2 (HttpServer2.java:addFilter(958)) - Added filter static_user_filter (class=org.apache.hadoop.http.lib.StaticUserWebFilter$StaticUserFilter) to context logs
2019-10-04 19:08:26,721 [main] INFO  http.HttpServer2 (HttpServer2.java:addFilter(958)) - Added filter static_user_filter (class=org.apache.hadoop.http.lib.StaticUserWebFilter$StaticUserFilter) to context static
2019-10-04 19:08:26,722 [main] INFO  http.HttpServer2 (HttpServer2.java:bindListener(1191)) - Jetty bound to port 44958
2019-10-04 19:08:26,722 [main] INFO  server.Server (Server.java:doStart(351)) - jetty-9.3.25.v20180904, build timestamp: 2018-09-04T21:11:46Z, git hash: 3ce520221d0240229c862b122d2b06c12a625732
2019-10-04 19:08:26,724 [main] INFO  handler.ContextHandler (ContextHandler.java:doStart(781)) - Started o.e.j.s.ServletContextHandler@71aaf151{/logs,file:///workdir/hadoop-ozone/integration-test/target/log,AVAILABLE}
2019-10-04 19:08:26,725 [main] INFO  handler.ContextHandler (ContextHandler.java:doStart(781)) - Started o.e.j.s.ServletContextHandler@32d418a9{/static,file:///workdir/hadoop-ozone/integration-test/target/test-classes/webapps/static,AVAILABLE}
2019-10-04 19:08:26,730 [main] INFO  handler.ContextHandler (ContextHandler.java:doStart(781)) - Started o.e.j.w.WebAppContext@36776c32{/,file:///workdir/hadoop-ozone/integration-test/target/test-classes/webapps/ozoneManager/,AVAILABLE}{/ozoneManager}
2019-10-04 19:08:26,730 [main] INFO  server.AbstractConnector (AbstractConnector.java:doStart(278)) - Started ServerConnector@7792d851{HTTP/1.1,[http/1.1]}{0.0.0.0:44958}
2019-10-04 19:08:26,731 [main] INFO  server.Server (Server.java:doStart(419)) - Started @106749ms
2019-10-04 19:08:26,732 [main] WARN  impl.MetricsSystemImpl (MetricsSystemImpl.java:register(276)) - Sink prometheus already exists!
2019-10-04 19:08:26,733 [main] INFO  server.BaseHttpServer (BaseHttpServer.java:updateConnectorAddress(215)) - HTTP server of OZONEMANAGER is listening at http://0.0.0.0:44958
2019-10-04 19:08:26,756 [main] INFO  impl.MetricsSystemImpl (MetricsSystemImpl.java:init(158)) - HddsDatanode metrics system started (again)
2019-10-04 19:08:26,759 [main] INFO  ozone.HddsDatanodeService (HddsDatanodeService.java:start(184)) - HddsDatanodeService host:pr-hdds-2164-trunk-n6c85-931752109 ip:192.168.30.46
2019-10-04 19:08:26,765 [main] INFO  volume.HddsVolume (HddsVolume.java:<init>(176)) - Creating Volume: /workdir/hadoop-ozone/integration-test/target/test-dir/MiniOzoneClusterImpl-b2b53cee-6b8b-4210-8789-385a60e57f66/datanode-0/data/containers/hdds of  storage type : DISK and capacity : 1482555576320
2019-10-04 19:08:26,766 [main] INFO  volume.VolumeSet (VolumeSet.java:initializeVolumeSet(170)) - Added Volume : /workdir/hadoop-ozone/integration-test/target/test-dir/MiniOzoneClusterImpl-b2b53cee-6b8b-4210-8789-385a60e57f66/datanode-0/data/containers/hdds to VolumeSet
2019-10-04 19:08:26,766 [main] INFO  volume.ThrottledAsyncChecker (ThrottledAsyncChecker.java:schedule(139)) - Scheduling a check for org.apache.hadoop.ozone.container.common.volume.HddsVolume@25a94b55
2019-10-04 19:08:26,768 [main] INFO  volume.HddsVolumeChecker (HddsVolumeChecker.java:checkAllVolumes(202)) - Scheduled health check for volume org.apache.hadoop.ozone.container.common.volume.HddsVolume@25a94b55
2019-10-04 19:08:26,781 [main] INFO  impl.RaftServerProxy (ConfUtils.java:logGet(43)) - raft.rpc.type = GRPC (default)
2019-10-04 19:08:26,782 [main] INFO  grpc.GrpcFactory (GrpcFactory.java:checkPooledByteBufAllocatorUseCacheForAllThreads(45)) - PERFORMANCE WARNING: useCacheForAllThreads is true that may cause Netty to create a lot garbage objects and, as a result, trigger GC.
	It is recommended to disable useCacheForAllThreads by setting -Dorg.apache.ratis.thirdparty.io.netty.allocator.useCacheForAllThreads=false in command line.
2019-10-04 19:08:26,782 [main] INFO  grpc.GrpcConfigKeys$Server (ConfUtils.java:logGet(43)) - raft.grpc.server.port = 0 (default)
2019-10-04 19:08:26,782 [main] INFO  server.GrpcService (ConfUtils.java:logGet(43)) - raft.grpc.message.size.max = 33570816 (custom)
2019-10-04 19:08:26,782 [main] INFO  server.RaftServerConfigKeys (ConfUtils.java:logGet(43)) - raft.server.log.appender.buffer.byte-limit = 33554432 (custom)
2019-10-04 19:08:26,782 [main] INFO  server.GrpcService (ConfUtils.java:logGet(43)) - raft.grpc.flow.control.window = 1MB (=1048576) (default)
2019-10-04 19:08:26,783 [main] INFO  server.RaftServerConfigKeys (ConfUtils.java:logGet(43)) - raft.server.rpc.request.timeout = 3000ms (default)
2019-10-04 19:08:26,783 [main] INFO  server.RaftServerConfigKeys (ConfUtils.java:logGet(43)) - raft.server.storage.dir = [/workdir/hadoop-ozone/integration-test/target/test-dir/MiniOzoneClusterImpl-b2b53cee-6b8b-4210-8789-385a60e57f66/datanode-0/data/ratis] (custom)
2019-10-04 19:08:26,785 [main] INFO  hdfs.DFSUtil (DFSUtil.java:httpServerTemplateForNNAndJN(1641)) - Starting Web-server for hddsDatanode at: http://0.0.0.0:0
2019-10-04 19:08:26,791 [main] INFO  server.AuthenticationFilter (AuthenticationFilter.java:constructSecretProvider(240)) - Unable to initialize FileSignerSecretProvider, falling back to use random secrets.
2019-10-04 19:08:26,792 [main] WARN  http.HttpRequestLog (HttpRequestLog.java:getRequestLog(97)) - Jetty request log can only be enabled using Log4j
2019-10-04 19:08:26,794 [main] INFO  http.HttpServer2 (HttpServer2.java:addGlobalFilter(975)) - Added global filter 'safety' (class=org.apache.hadoop.http.HttpServer2$QuotingInputFilter)
2019-10-04 19:08:26,794 [main] INFO  http.HttpServer2 (HttpServer2.java:addFilter(948)) - Added filter static_user_filter (class=org.apache.hadoop.http.lib.StaticUserWebFilter$StaticUserFilter) to context hddsDatanode
2019-10-04 19:08:26,795 [main] INFO  http.HttpServer2 (HttpServer2.java:addFilter(958)) - Added filter static_user_filter (class=org.apache.hadoop.http.lib.StaticUserWebFilter$StaticUserFilter) to context static
2019-10-04 19:08:26,795 [main] INFO  http.HttpServer2 (HttpServer2.java:addFilter(958)) - Added filter static_user_filter (class=org.apache.hadoop.http.lib.StaticUserWebFilter$StaticUserFilter) to context logs
2019-10-04 19:08:26,796 [main] INFO  http.HttpServer2 (HttpServer2.java:bindListener(1191)) - Jetty bound to port 41261
2019-10-04 19:08:26,796 [main] INFO  server.Server (Server.java:doStart(351)) - jetty-9.3.25.v20180904, build timestamp: 2018-09-04T21:11:46Z, git hash: 3ce520221d0240229c862b122d2b06c12a625732
2019-10-04 19:08:26,798 [main] INFO  handler.ContextHandler (ContextHandler.java:doStart(781)) - Started o.e.j.s.ServletContextHandler@4c19d42e{/logs,file:///workdir/hadoop-ozone/integration-test/target/log,AVAILABLE}
2019-10-04 19:08:26,798 [main] INFO  handler.ContextHandler (ContextHandler.java:doStart(781)) - Started o.e.j.s.ServletContextHandler@65629ac6{/static,jar:file:/home/user/.m2/repository/org/apache/hadoop/hadoop-hdds-container-service/0.5.0-SNAPSHOT/hadoop-hdds-container-service-0.5.0-SNAPSHOT.jar!/webapps/static,AVAILABLE}
2019-10-04 19:08:26,834 [main] INFO  handler.ContextHandler (ContextHandler.java:doStart(781)) - Started o.e.j.w.WebAppContext@13bdf540{/,file:///tmp/jetty-0.0.0.0-41261-hddsDatanode-_-any-3558510582624642259.dir/webapp/,AVAILABLE}{/hddsDatanode}
2019-10-04 19:08:26,834 [main] INFO  server.AbstractConnector (AbstractConnector.java:doStart(278)) - Started ServerConnector@526e8108{HTTP/1.1,[http/1.1]}{0.0.0.0:41261}
2019-10-04 19:08:26,838 [main] INFO  server.Server (Server.java:doStart(419)) - Started @106855ms
2019-10-04 19:08:26,838 [main] WARN  impl.MetricsSystemImpl (MetricsSystemImpl.java:register(276)) - Sink prometheus already exists!
2019-10-04 19:08:26,838 [main] INFO  server.BaseHttpServer (BaseHttpServer.java:updateConnectorAddress(215)) - HTTP server of HDDSDATANODE is listening at http://0.0.0.0:41261
2019-10-04 19:08:26,839 [main] INFO  impl.MetricsSystemImpl (MetricsSystemImpl.java:init(158)) - HddsDatanode metrics system started (again)
2019-10-04 19:08:26,842 [org.apache.hadoop.util.JvmPauseMonitor$Monitor@23b3e242] INFO  util.JvmPauseMonitor (JvmPauseMonitor.java:run(188)) - Starting JVM pause monitor
2019-10-04 19:08:26,842 [main] INFO  ozone.HddsDatanodeService (HddsDatanodeService.java:start(184)) - HddsDatanodeService host:pr-hdds-2164-trunk-n6c85-931752109 ip:192.168.30.46
2019-10-04 19:08:26,844 [Datanode State Machine Thread - 0] INFO  datanode.InitDatanodeState (InitDatanodeState.java:persistContainerDatanodeDetails(140)) - DatanodeDetails is persisted to /workdir/hadoop-ozone/integration-test/target/test-dir/MiniOzoneClusterImpl-b2b53cee-6b8b-4210-8789-385a60e57f66/datanode-0/meta/datanode.id
2019-10-04 19:08:26,848 [main] INFO  volume.HddsVolume (HddsVolume.java:<init>(176)) - Creating Volume: /workdir/hadoop-ozone/integration-test/target/test-dir/MiniOzoneClusterImpl-b2b53cee-6b8b-4210-8789-385a60e57f66/datanode-1/data/containers/hdds of  storage type : DISK and capacity : 1482555576320
2019-10-04 19:08:26,849 [main] INFO  volume.VolumeSet (VolumeSet.java:initializeVolumeSet(170)) - Added Volume : /workdir/hadoop-ozone/integration-test/target/test-dir/MiniOzoneClusterImpl-b2b53cee-6b8b-4210-8789-385a60e57f66/datanode-1/data/containers/hdds to VolumeSet
2019-10-04 19:08:26,849 [main] INFO  volume.ThrottledAsyncChecker (ThrottledAsyncChecker.java:schedule(139)) - Scheduling a check for org.apache.hadoop.ozone.container.common.volume.HddsVolume@ea04cab
2019-10-04 19:08:26,849 [main] INFO  volume.HddsVolumeChecker (HddsVolumeChecker.java:checkAllVolumes(202)) - Scheduled health check for volume org.apache.hadoop.ozone.container.common.volume.HddsVolume@ea04cab
2019-10-04 19:08:26,863 [main] INFO  impl.RaftServerProxy (ConfUtils.java:logGet(43)) - raft.rpc.type = GRPC (default)
2019-10-04 19:08:26,863 [main] INFO  grpc.GrpcFactory (GrpcFactory.java:checkPooledByteBufAllocatorUseCacheForAllThreads(45)) - PERFORMANCE WARNING: useCacheForAllThreads is true that may cause Netty to create a lot garbage objects and, as a result, trigger GC.
	It is recommended to disable useCacheForAllThreads by setting -Dorg.apache.ratis.thirdparty.io.netty.allocator.useCacheForAllThreads=false in command line.
2019-10-04 19:08:26,864 [main] INFO  grpc.GrpcConfigKeys$Server (ConfUtils.java:logGet(43)) - raft.grpc.server.port = 0 (default)
2019-10-04 19:08:26,864 [main] INFO  server.GrpcService (ConfUtils.java:logGet(43)) - raft.grpc.message.size.max = 33570816 (custom)
2019-10-04 19:08:26,864 [main] INFO  server.RaftServerConfigKeys (ConfUtils.java:logGet(43)) - raft.server.log.appender.buffer.byte-limit = 33554432 (custom)
2019-10-04 19:08:26,864 [main] INFO  server.GrpcService (ConfUtils.java:logGet(43)) - raft.grpc.flow.control.window = 1MB (=1048576) (default)
2019-10-04 19:08:26,864 [main] INFO  server.RaftServerConfigKeys (ConfUtils.java:logGet(43)) - raft.server.rpc.request.timeout = 3000ms (default)
2019-10-04 19:08:26,865 [main] INFO  server.RaftServerConfigKeys (ConfUtils.java:logGet(43)) - raft.server.storage.dir = [/workdir/hadoop-ozone/integration-test/target/test-dir/MiniOzoneClusterImpl-b2b53cee-6b8b-4210-8789-385a60e57f66/datanode-1/data/ratis] (custom)
2019-10-04 19:08:26,867 [main] INFO  hdfs.DFSUtil (DFSUtil.java:httpServerTemplateForNNAndJN(1641)) - Starting Web-server for hddsDatanode at: http://0.0.0.0:0
2019-10-04 19:08:26,868 [main] INFO  server.AuthenticationFilter (AuthenticationFilter.java:constructSecretProvider(240)) - Unable to initialize FileSignerSecretProvider, falling back to use random secrets.
2019-10-04 19:08:26,869 [main] WARN  http.HttpRequestLog (HttpRequestLog.java:getRequestLog(97)) - Jetty request log can only be enabled using Log4j
2019-10-04 19:08:26,870 [main] INFO  http.HttpServer2 (HttpServer2.java:addGlobalFilter(975)) - Added global filter 'safety' (class=org.apache.hadoop.http.HttpServer2$QuotingInputFilter)
2019-10-04 19:08:26,870 [main] INFO  http.HttpServer2 (HttpServer2.java:addFilter(948)) - Added filter static_user_filter (class=org.apache.hadoop.http.lib.StaticUserWebFilter$StaticUserFilter) to context hddsDatanode
2019-10-04 19:08:26,870 [main] INFO  http.HttpServer2 (HttpServer2.java:addFilter(958)) - Added filter static_user_filter (class=org.apache.hadoop.http.lib.StaticUserWebFilter$StaticUserFilter) to context logs
2019-10-04 19:08:26,871 [main] INFO  http.HttpServer2 (HttpServer2.java:addFilter(958)) - Added filter static_user_filter (class=org.apache.hadoop.http.lib.StaticUserWebFilter$StaticUserFilter) to context static
2019-10-04 19:08:26,871 [main] INFO  http.HttpServer2 (HttpServer2.java:bindListener(1191)) - Jetty bound to port 37241
2019-10-04 19:08:26,871 [main] INFO  server.Server (Server.java:doStart(351)) - jetty-9.3.25.v20180904, build timestamp: 2018-09-04T21:11:46Z, git hash: 3ce520221d0240229c862b122d2b06c12a625732
2019-10-04 19:08:26,873 [main] INFO  handler.ContextHandler (ContextHandler.java:doStart(781)) - Started o.e.j.s.ServletContextHandler@2173a742{/logs,file:///workdir/hadoop-ozone/integration-test/target/log,AVAILABLE}
2019-10-04 19:08:26,873 [main] INFO  handler.ContextHandler (ContextHandler.java:doStart(781)) - Started o.e.j.s.ServletContextHandler@7f6329cb{/static,jar:file:/home/user/.m2/repository/org/apache/hadoop/hadoop-hdds-container-service/0.5.0-SNAPSHOT/hadoop-hdds-container-service-0.5.0-SNAPSHOT.jar!/webapps/static,AVAILABLE}
2019-10-04 19:08:26,902 [main] INFO  handler.ContextHandler (ContextHandler.java:doStart(781)) - Started o.e.j.w.WebAppContext@67bb4dcd{/,file:///tmp/jetty-0.0.0.0-37241-hddsDatanode-_-any-762364395514828819.dir/webapp/,AVAILABLE}{/hddsDatanode}
2019-10-04 19:08:26,902 [main] INFO  server.AbstractConnector (AbstractConnector.java:doStart(278)) - Started ServerConnector@738d37fc{HTTP/1.1,[http/1.1]}{0.0.0.0:37241}
2019-10-04 19:08:26,903 [main] INFO  server.Server (Server.java:doStart(419)) - Started @106921ms
2019-10-04 19:08:26,904 [main] WARN  impl.MetricsSystemImpl (MetricsSystemImpl.java:register(276)) - Sink prometheus already exists!
2019-10-04 19:08:26,904 [main] INFO  server.BaseHttpServer (BaseHttpServer.java:updateConnectorAddress(215)) - HTTP server of HDDSDATANODE is listening at http://0.0.0.0:37241
2019-10-04 19:08:26,904 [main] INFO  impl.MetricsSystemImpl (MetricsSystemImpl.java:init(158)) - HddsDatanode metrics system started (again)
2019-10-04 19:08:26,907 [org.apache.hadoop.util.JvmPauseMonitor$Monitor@4ea7d5f2] INFO  util.JvmPauseMonitor (JvmPauseMonitor.java:run(188)) - Starting JVM pause monitor
2019-10-04 19:08:26,908 [main] INFO  ozone.HddsDatanodeService (HddsDatanodeService.java:start(184)) - HddsDatanodeService host:pr-hdds-2164-trunk-n6c85-931752109 ip:192.168.30.46
2019-10-04 19:08:26,911 [Datanode State Machine Thread - 0] INFO  datanode.InitDatanodeState (InitDatanodeState.java:persistContainerDatanodeDetails(140)) - DatanodeDetails is persisted to /workdir/hadoop-ozone/integration-test/target/test-dir/MiniOzoneClusterImpl-b2b53cee-6b8b-4210-8789-385a60e57f66/datanode-1/meta/datanode.id
2019-10-04 19:08:26,915 [main] INFO  volume.HddsVolume (HddsVolume.java:<init>(176)) - Creating Volume: /workdir/hadoop-ozone/integration-test/target/test-dir/MiniOzoneClusterImpl-b2b53cee-6b8b-4210-8789-385a60e57f66/datanode-2/data/containers/hdds of  storage type : DISK and capacity : 1482555576320
2019-10-04 19:08:26,915 [main] INFO  volume.VolumeSet (VolumeSet.java:initializeVolumeSet(170)) - Added Volume : /workdir/hadoop-ozone/integration-test/target/test-dir/MiniOzoneClusterImpl-b2b53cee-6b8b-4210-8789-385a60e57f66/datanode-2/data/containers/hdds to VolumeSet
2019-10-04 19:08:26,915 [main] INFO  volume.ThrottledAsyncChecker (ThrottledAsyncChecker.java:schedule(139)) - Scheduling a check for org.apache.hadoop.ozone.container.common.volume.HddsVolume@996a546
2019-10-04 19:08:26,916 [main] INFO  volume.HddsVolumeChecker (HddsVolumeChecker.java:checkAllVolumes(202)) - Scheduled health check for volume org.apache.hadoop.ozone.container.common.volume.HddsVolume@996a546
2019-10-04 19:08:26,928 [main] INFO  impl.RaftServerProxy (ConfUtils.java:logGet(43)) - raft.rpc.type = GRPC (default)
2019-10-04 19:08:26,928 [main] INFO  grpc.GrpcFactory (GrpcFactory.java:checkPooledByteBufAllocatorUseCacheForAllThreads(45)) - PERFORMANCE WARNING: useCacheForAllThreads is true that may cause Netty to create a lot garbage objects and, as a result, trigger GC.
	It is recommended to disable useCacheForAllThreads by setting -Dorg.apache.ratis.thirdparty.io.netty.allocator.useCacheForAllThreads=false in command line.
2019-10-04 19:08:26,929 [main] INFO  grpc.GrpcConfigKeys$Server (ConfUtils.java:logGet(43)) - raft.grpc.server.port = 0 (default)
2019-10-04 19:08:26,929 [main] INFO  server.GrpcService (ConfUtils.java:logGet(43)) - raft.grpc.message.size.max = 33570816 (custom)
2019-10-04 19:08:26,929 [main] INFO  server.RaftServerConfigKeys (ConfUtils.java:logGet(43)) - raft.server.log.appender.buffer.byte-limit = 33554432 (custom)
2019-10-04 19:08:26,929 [main] INFO  server.GrpcService (ConfUtils.java:logGet(43)) - raft.grpc.flow.control.window = 1MB (=1048576) (default)
2019-10-04 19:08:26,929 [main] INFO  server.RaftServerConfigKeys (ConfUtils.java:logGet(43)) - raft.server.rpc.request.timeout = 3000ms (default)
2019-10-04 19:08:26,930 [main] INFO  server.RaftServerConfigKeys (ConfUtils.java:logGet(43)) - raft.server.storage.dir = [/workdir/hadoop-ozone/integration-test/target/test-dir/MiniOzoneClusterImpl-b2b53cee-6b8b-4210-8789-385a60e57f66/datanode-2/data/ratis] (custom)
2019-10-04 19:08:26,931 [main] INFO  hdfs.DFSUtil (DFSUtil.java:httpServerTemplateForNNAndJN(1641)) - Starting Web-server for hddsDatanode at: http://0.0.0.0:0
2019-10-04 19:08:26,932 [main] INFO  server.AuthenticationFilter (AuthenticationFilter.java:constructSecretProvider(240)) - Unable to initialize FileSignerSecretProvider, falling back to use random secrets.
2019-10-04 19:08:26,932 [main] WARN  http.HttpRequestLog (HttpRequestLog.java:getRequestLog(97)) - Jetty request log can only be enabled using Log4j
2019-10-04 19:08:26,934 [main] INFO  http.HttpServer2 (HttpServer2.java:addGlobalFilter(975)) - Added global filter 'safety' (class=org.apache.hadoop.http.HttpServer2$QuotingInputFilter)
2019-10-04 19:08:26,934 [main] INFO  http.HttpServer2 (HttpServer2.java:addFilter(948)) - Added filter static_user_filter (class=org.apache.hadoop.http.lib.StaticUserWebFilter$StaticUserFilter) to context hddsDatanode
2019-10-04 19:08:26,934 [main] INFO  http.HttpServer2 (HttpServer2.java:addFilter(958)) - Added filter static_user_filter (class=org.apache.hadoop.http.lib.StaticUserWebFilter$StaticUserFilter) to context logs
2019-10-04 19:08:26,934 [main] INFO  http.HttpServer2 (HttpServer2.java:addFilter(958)) - Added filter static_user_filter (class=org.apache.hadoop.http.lib.StaticUserWebFilter$StaticUserFilter) to context static
2019-10-04 19:08:26,935 [main] INFO  http.HttpServer2 (HttpServer2.java:bindListener(1191)) - Jetty bound to port 44823
2019-10-04 19:08:26,935 [main] INFO  server.Server (Server.java:doStart(351)) - jetty-9.3.25.v20180904, build timestamp: 2018-09-04T21:11:46Z, git hash: 3ce520221d0240229c862b122d2b06c12a625732
2019-10-04 19:08:26,937 [main] INFO  handler.ContextHandler (ContextHandler.java:doStart(781)) - Started o.e.j.s.ServletContextHandler@35d60381{/logs,file:///workdir/hadoop-ozone/integration-test/target/log,AVAILABLE}
2019-10-04 19:08:26,937 [main] INFO  handler.ContextHandler (ContextHandler.java:doStart(781)) - Started o.e.j.s.ServletContextHandler@61ffd148{/static,jar:file:/home/user/.m2/repository/org/apache/hadoop/hadoop-hdds-container-service/0.5.0-SNAPSHOT/hadoop-hdds-container-service-0.5.0-SNAPSHOT.jar!/webapps/static,AVAILABLE}
2019-10-04 19:08:26,965 [main] INFO  handler.ContextHandler (ContextHandler.java:doStart(781)) - Started o.e.j.w.WebAppContext@2251b3bc{/,file:///tmp/jetty-0.0.0.0-44823-hddsDatanode-_-any-4066239304445080873.dir/webapp/,AVAILABLE}{/hddsDatanode}
2019-10-04 19:08:26,966 [main] INFO  server.AbstractConnector (AbstractConnector.java:doStart(278)) - Started ServerConnector@3fbe503c{HTTP/1.1,[http/1.1]}{0.0.0.0:44823}
2019-10-04 19:08:26,967 [main] INFO  server.Server (Server.java:doStart(419)) - Started @106984ms
2019-10-04 19:08:26,967 [main] WARN  impl.MetricsSystemImpl (MetricsSystemImpl.java:register(276)) - Sink prometheus already exists!
2019-10-04 19:08:26,968 [main] INFO  server.BaseHttpServer (BaseHttpServer.java:updateConnectorAddress(215)) - HTTP server of HDDSDATANODE is listening at http://0.0.0.0:44823
2019-10-04 19:08:26,968 [main] INFO  impl.MetricsSystemImpl (MetricsSystemImpl.java:init(158)) - HddsDatanode metrics system started (again)
2019-10-04 19:08:26,971 [org.apache.hadoop.util.JvmPauseMonitor$Monitor@6d9618b5] INFO  util.JvmPauseMonitor (JvmPauseMonitor.java:run(188)) - Starting JVM pause monitor
2019-10-04 19:08:26,971 [main] INFO  ozone.HddsDatanodeService (HddsDatanodeService.java:start(184)) - HddsDatanodeService host:pr-hdds-2164-trunk-n6c85-931752109 ip:192.168.30.46
2019-10-04 19:08:26,973 [Datanode State Machine Thread - 0] INFO  datanode.InitDatanodeState (InitDatanodeState.java:persistContainerDatanodeDetails(140)) - DatanodeDetails is persisted to /workdir/hadoop-ozone/integration-test/target/test-dir/MiniOzoneClusterImpl-b2b53cee-6b8b-4210-8789-385a60e57f66/datanode-2/meta/datanode.id
2019-10-04 19:08:26,980 [main] INFO  volume.HddsVolume (HddsVolume.java:<init>(176)) - Creating Volume: /workdir/hadoop-ozone/integration-test/target/test-dir/MiniOzoneClusterImpl-b2b53cee-6b8b-4210-8789-385a60e57f66/datanode-3/data/containers/hdds of  storage type : DISK and capacity : 1482555576320
2019-10-04 19:08:26,981 [main] INFO  volume.VolumeSet (VolumeSet.java:initializeVolumeSet(170)) - Added Volume : /workdir/hadoop-ozone/integration-test/target/test-dir/MiniOzoneClusterImpl-b2b53cee-6b8b-4210-8789-385a60e57f66/datanode-3/data/containers/hdds to VolumeSet
2019-10-04 19:08:26,981 [main] INFO  volume.ThrottledAsyncChecker (ThrottledAsyncChecker.java:schedule(139)) - Scheduling a check for org.apache.hadoop.ozone.container.common.volume.HddsVolume@2287395
2019-10-04 19:08:26,981 [main] INFO  volume.HddsVolumeChecker (HddsVolumeChecker.java:checkAllVolumes(202)) - Scheduled health check for volume org.apache.hadoop.ozone.container.common.volume.HddsVolume@2287395
2019-10-04 19:08:26,994 [main] INFO  impl.RaftServerProxy (ConfUtils.java:logGet(43)) - raft.rpc.type = GRPC (default)
2019-10-04 19:08:26,995 [main] INFO  grpc.GrpcFactory (GrpcFactory.java:checkPooledByteBufAllocatorUseCacheForAllThreads(45)) - PERFORMANCE WARNING: useCacheForAllThreads is true that may cause Netty to create a lot garbage objects and, as a result, trigger GC.
	It is recommended to disable useCacheForAllThreads by setting -Dorg.apache.ratis.thirdparty.io.netty.allocator.useCacheForAllThreads=false in command line.
2019-10-04 19:08:26,995 [main] INFO  grpc.GrpcConfigKeys$Server (ConfUtils.java:logGet(43)) - raft.grpc.server.port = 0 (default)
2019-10-04 19:08:26,995 [main] INFO  server.GrpcService (ConfUtils.java:logGet(43)) - raft.grpc.message.size.max = 33570816 (custom)
2019-10-04 19:08:26,995 [main] INFO  server.RaftServerConfigKeys (ConfUtils.java:logGet(43)) - raft.server.log.appender.buffer.byte-limit = 33554432 (custom)
2019-10-04 19:08:26,995 [main] INFO  server.GrpcService (ConfUtils.java:logGet(43)) - raft.grpc.flow.control.window = 1MB (=1048576) (default)
2019-10-04 19:08:26,996 [main] INFO  server.RaftServerConfigKeys (ConfUtils.java:logGet(43)) - raft.server.rpc.request.timeout = 3000ms (default)
2019-10-04 19:08:26,996 [main] INFO  server.RaftServerConfigKeys (ConfUtils.java:logGet(43)) - raft.server.storage.dir = [/workdir/hadoop-ozone/integration-test/target/test-dir/MiniOzoneClusterImpl-b2b53cee-6b8b-4210-8789-385a60e57f66/datanode-3/data/ratis] (custom)
2019-10-04 19:08:26,997 [main] INFO  hdfs.DFSUtil (DFSUtil.java:httpServerTemplateForNNAndJN(1641)) - Starting Web-server for hddsDatanode at: http://0.0.0.0:0
2019-10-04 19:08:26,998 [main] INFO  server.AuthenticationFilter (AuthenticationFilter.java:constructSecretProvider(240)) - Unable to initialize FileSignerSecretProvider, falling back to use random secrets.
2019-10-04 19:08:26,999 [main] WARN  http.HttpRequestLog (HttpRequestLog.java:getRequestLog(97)) - Jetty request log can only be enabled using Log4j
2019-10-04 19:08:27,000 [main] INFO  http.HttpServer2 (HttpServer2.java:addGlobalFilter(975)) - Added global filter 'safety' (class=org.apache.hadoop.http.HttpServer2$QuotingInputFilter)
2019-10-04 19:08:27,001 [main] INFO  http.HttpServer2 (HttpServer2.java:addFilter(948)) - Added filter static_user_filter (class=org.apache.hadoop.http.lib.StaticUserWebFilter$StaticUserFilter) to context hddsDatanode
2019-10-04 19:08:27,001 [main] INFO  http.HttpServer2 (HttpServer2.java:addFilter(958)) - Added filter static_user_filter (class=org.apache.hadoop.http.lib.StaticUserWebFilter$StaticUserFilter) to context static
2019-10-04 19:08:27,001 [main] INFO  http.HttpServer2 (HttpServer2.java:addFilter(958)) - Added filter static_user_filter (class=org.apache.hadoop.http.lib.StaticUserWebFilter$StaticUserFilter) to context logs
2019-10-04 19:08:27,002 [main] INFO  http.HttpServer2 (HttpServer2.java:bindListener(1191)) - Jetty bound to port 42286
2019-10-04 19:08:27,003 [main] INFO  server.Server (Server.java:doStart(351)) - jetty-9.3.25.v20180904, build timestamp: 2018-09-04T21:11:46Z, git hash: 3ce520221d0240229c862b122d2b06c12a625732
2019-10-04 19:08:27,004 [main] INFO  handler.ContextHandler (ContextHandler.java:doStart(781)) - Started o.e.j.s.ServletContextHandler@67332b1e{/logs,file:///workdir/hadoop-ozone/integration-test/target/log,AVAILABLE}
2019-10-04 19:08:27,005 [main] INFO  handler.ContextHandler (ContextHandler.java:doStart(781)) - Started o.e.j.s.ServletContextHandler@679dd234{/static,jar:file:/home/user/.m2/repository/org/apache/hadoop/hadoop-hdds-container-service/0.5.0-SNAPSHOT/hadoop-hdds-container-service-0.5.0-SNAPSHOT.jar!/webapps/static,AVAILABLE}
2019-10-04 19:08:27,033 [main] INFO  handler.ContextHandler (ContextHandler.java:doStart(781)) - Started o.e.j.w.WebAppContext@4391a2d8{/,file:///tmp/jetty-0.0.0.0-42286-hddsDatanode-_-any-6907872129353561559.dir/webapp/,AVAILABLE}{/hddsDatanode}
2019-10-04 19:08:27,033 [main] INFO  server.AbstractConnector (AbstractConnector.java:doStart(278)) - Started ServerConnector@47b269c4{HTTP/1.1,[http/1.1]}{0.0.0.0:42286}
2019-10-04 19:08:27,035 [main] INFO  server.Server (Server.java:doStart(419)) - Started @107052ms
2019-10-04 19:08:27,035 [main] WARN  impl.MetricsSystemImpl (MetricsSystemImpl.java:register(276)) - Sink prometheus already exists!
2019-10-04 19:08:27,036 [main] INFO  server.BaseHttpServer (BaseHttpServer.java:updateConnectorAddress(215)) - HTTP server of HDDSDATANODE is listening at http://0.0.0.0:42286
2019-10-04 19:08:27,036 [main] INFO  impl.MetricsSystemImpl (MetricsSystemImpl.java:init(158)) - HddsDatanode metrics system started (again)
2019-10-04 19:08:27,040 [org.apache.hadoop.util.JvmPauseMonitor$Monitor@5d9329a1] INFO  util.JvmPauseMonitor (JvmPauseMonitor.java:run(188)) - Starting JVM pause monitor
2019-10-04 19:08:27,040 [main] INFO  ozone.HddsDatanodeService (HddsDatanodeService.java:start(184)) - HddsDatanodeService host:pr-hdds-2164-trunk-n6c85-931752109 ip:192.168.30.46
2019-10-04 19:08:27,042 [Datanode State Machine Thread - 0] INFO  datanode.InitDatanodeState (InitDatanodeState.java:persistContainerDatanodeDetails(140)) - DatanodeDetails is persisted to /workdir/hadoop-ozone/integration-test/target/test-dir/MiniOzoneClusterImpl-b2b53cee-6b8b-4210-8789-385a60e57f66/datanode-3/meta/datanode.id
2019-10-04 19:08:27,052 [main] INFO  volume.HddsVolume (HddsVolume.java:<init>(176)) - Creating Volume: /workdir/hadoop-ozone/integration-test/target/test-dir/MiniOzoneClusterImpl-b2b53cee-6b8b-4210-8789-385a60e57f66/datanode-4/data/containers/hdds of  storage type : DISK and capacity : 1482555576320
2019-10-04 19:08:27,052 [main] INFO  volume.VolumeSet (VolumeSet.java:initializeVolumeSet(170)) - Added Volume : /workdir/hadoop-ozone/integration-test/target/test-dir/MiniOzoneClusterImpl-b2b53cee-6b8b-4210-8789-385a60e57f66/datanode-4/data/containers/hdds to VolumeSet
2019-10-04 19:08:27,053 [main] INFO  volume.ThrottledAsyncChecker (ThrottledAsyncChecker.java:schedule(139)) - Scheduling a check for org.apache.hadoop.ozone.container.common.volume.HddsVolume@7730ef88
2019-10-04 19:08:27,053 [main] INFO  volume.HddsVolumeChecker (HddsVolumeChecker.java:checkAllVolumes(202)) - Scheduled health check for volume org.apache.hadoop.ozone.container.common.volume.HddsVolume@7730ef88
2019-10-04 19:08:27,069 [main] INFO  impl.RaftServerProxy (ConfUtils.java:logGet(43)) - raft.rpc.type = GRPC (default)
2019-10-04 19:08:27,069 [main] INFO  grpc.GrpcFactory (GrpcFactory.java:checkPooledByteBufAllocatorUseCacheForAllThreads(45)) - PERFORMANCE WARNING: useCacheForAllThreads is true that may cause Netty to create a lot garbage objects and, as a result, trigger GC.
	It is recommended to disable useCacheForAllThreads by setting -Dorg.apache.ratis.thirdparty.io.netty.allocator.useCacheForAllThreads=false in command line.
2019-10-04 19:08:27,069 [main] INFO  grpc.GrpcConfigKeys$Server (ConfUtils.java:logGet(43)) - raft.grpc.server.port = 0 (default)
2019-10-04 19:08:27,069 [main] INFO  server.GrpcService (ConfUtils.java:logGet(43)) - raft.grpc.message.size.max = 33570816 (custom)
2019-10-04 19:08:27,070 [main] INFO  server.RaftServerConfigKeys (ConfUtils.java:logGet(43)) - raft.server.log.appender.buffer.byte-limit = 33554432 (custom)
2019-10-04 19:08:27,070 [main] INFO  server.GrpcService (ConfUtils.java:logGet(43)) - raft.grpc.flow.control.window = 1MB (=1048576) (default)
2019-10-04 19:08:27,070 [main] INFO  server.RaftServerConfigKeys (ConfUtils.java:logGet(43)) - raft.server.rpc.request.timeout = 3000ms (default)
2019-10-04 19:08:27,070 [main] INFO  server.RaftServerConfigKeys (ConfUtils.java:logGet(43)) - raft.server.storage.dir = [/workdir/hadoop-ozone/integration-test/target/test-dir/MiniOzoneClusterImpl-b2b53cee-6b8b-4210-8789-385a60e57f66/datanode-4/data/ratis] (custom)
2019-10-04 19:08:27,072 [main] INFO  hdfs.DFSUtil (DFSUtil.java:httpServerTemplateForNNAndJN(1641)) - Starting Web-server for hddsDatanode at: http://0.0.0.0:0
2019-10-04 19:08:27,073 [main] INFO  server.AuthenticationFilter (AuthenticationFilter.java:constructSecretProvider(240)) - Unable to initialize FileSignerSecretProvider, falling back to use random secrets.
2019-10-04 19:08:27,074 [main] WARN  http.HttpRequestLog (HttpRequestLog.java:getRequestLog(97)) - Jetty request log can only be enabled using Log4j
2019-10-04 19:08:27,075 [main] INFO  http.HttpServer2 (HttpServer2.java:addGlobalFilter(975)) - Added global filter 'safety' (class=org.apache.hadoop.http.HttpServer2$QuotingInputFilter)
2019-10-04 19:08:27,075 [main] INFO  http.HttpServer2 (HttpServer2.java:addFilter(948)) - Added filter static_user_filter (class=org.apache.hadoop.http.lib.StaticUserWebFilter$StaticUserFilter) to context hddsDatanode
2019-10-04 19:08:27,075 [main] INFO  http.HttpServer2 (HttpServer2.java:addFilter(958)) - Added filter static_user_filter (class=org.apache.hadoop.http.lib.StaticUserWebFilter$StaticUserFilter) to context static
2019-10-04 19:08:27,076 [main] INFO  http.HttpServer2 (HttpServer2.java:addFilter(958)) - Added filter static_user_filter (class=org.apache.hadoop.http.lib.StaticUserWebFilter$StaticUserFilter) to context logs
2019-10-04 19:08:27,076 [main] INFO  http.HttpServer2 (HttpServer2.java:bindListener(1191)) - Jetty bound to port 44680
2019-10-04 19:08:27,076 [main] INFO  server.Server (Server.java:doStart(351)) - jetty-9.3.25.v20180904, build timestamp: 2018-09-04T21:11:46Z, git hash: 3ce520221d0240229c862b122d2b06c12a625732
2019-10-04 19:08:27,078 [main] INFO  handler.ContextHandler (ContextHandler.java:doStart(781)) - Started o.e.j.s.ServletContextHandler@298b64f7{/logs,file:///workdir/hadoop-ozone/integration-test/target/log,AVAILABLE}
2019-10-04 19:08:27,079 [main] INFO  handler.ContextHandler (ContextHandler.java:doStart(781)) - Started o.e.j.s.ServletContextHandler@27fe059d{/static,jar:file:/home/user/.m2/repository/org/apache/hadoop/hadoop-hdds-container-service/0.5.0-SNAPSHOT/hadoop-hdds-container-service-0.5.0-SNAPSHOT.jar!/webapps/static,AVAILABLE}
2019-10-04 19:08:27,107 [main] INFO  handler.ContextHandler (ContextHandler.java:doStart(781)) - Started o.e.j.w.WebAppContext@6f9e08d4{/,file:///tmp/jetty-0.0.0.0-44680-hddsDatanode-_-any-4973150340363760416.dir/webapp/,AVAILABLE}{/hddsDatanode}
2019-10-04 19:08:27,107 [main] INFO  server.AbstractConnector (AbstractConnector.java:doStart(278)) - Started ServerConnector@390037e7{HTTP/1.1,[http/1.1]}{0.0.0.0:44680}
2019-10-04 19:08:27,109 [main] INFO  server.Server (Server.java:doStart(419)) - Started @107126ms
2019-10-04 19:08:27,109 [main] WARN  impl.MetricsSystemImpl (MetricsSystemImpl.java:register(276)) - Sink prometheus already exists!
2019-10-04 19:08:27,109 [main] INFO  server.BaseHttpServer (BaseHttpServer.java:updateConnectorAddress(215)) - HTTP server of HDDSDATANODE is listening at http://0.0.0.0:44680
2019-10-04 19:08:27,110 [main] INFO  impl.MetricsSystemImpl (MetricsSystemImpl.java:init(158)) - HddsDatanode metrics system started (again)
2019-10-04 19:08:27,114 [org.apache.hadoop.util.JvmPauseMonitor$Monitor@ec4fe10] INFO  util.JvmPauseMonitor (JvmPauseMonitor.java:run(188)) - Starting JVM pause monitor
2019-10-04 19:08:27,114 [main] INFO  ozone.HddsDatanodeService (HddsDatanodeService.java:start(184)) - HddsDatanodeService host:pr-hdds-2164-trunk-n6c85-931752109 ip:192.168.30.46
2019-10-04 19:08:27,115 [Datanode State Machine Thread - 0] INFO  datanode.InitDatanodeState (InitDatanodeState.java:persistContainerDatanodeDetails(140)) - DatanodeDetails is persisted to /workdir/hadoop-ozone/integration-test/target/test-dir/MiniOzoneClusterImpl-b2b53cee-6b8b-4210-8789-385a60e57f66/datanode-4/meta/datanode.id
2019-10-04 19:08:27,121 [main] INFO  volume.HddsVolume (HddsVolume.java:<init>(176)) - Creating Volume: /workdir/hadoop-ozone/integration-test/target/test-dir/MiniOzoneClusterImpl-b2b53cee-6b8b-4210-8789-385a60e57f66/datanode-5/data/containers/hdds of  storage type : DISK and capacity : 1482555576320
2019-10-04 19:08:27,121 [main] INFO  volume.VolumeSet (VolumeSet.java:initializeVolumeSet(170)) - Added Volume : /workdir/hadoop-ozone/integration-test/target/test-dir/MiniOzoneClusterImpl-b2b53cee-6b8b-4210-8789-385a60e57f66/datanode-5/data/containers/hdds to VolumeSet
2019-10-04 19:08:27,121 [main] INFO  volume.ThrottledAsyncChecker (ThrottledAsyncChecker.java:schedule(139)) - Scheduling a check for org.apache.hadoop.ozone.container.common.volume.HddsVolume@5d66e944
2019-10-04 19:08:27,122 [main] INFO  volume.HddsVolumeChecker (HddsVolumeChecker.java:checkAllVolumes(202)) - Scheduled health check for volume org.apache.hadoop.ozone.container.common.volume.HddsVolume@5d66e944
2019-10-04 19:08:27,135 [main] INFO  impl.RaftServerProxy (ConfUtils.java:logGet(43)) - raft.rpc.type = GRPC (default)
2019-10-04 19:08:27,135 [main] INFO  grpc.GrpcFactory (GrpcFactory.java:checkPooledByteBufAllocatorUseCacheForAllThreads(45)) - PERFORMANCE WARNING: useCacheForAllThreads is true that may cause Netty to create a lot garbage objects and, as a result, trigger GC.
	It is recommended to disable useCacheForAllThreads by setting -Dorg.apache.ratis.thirdparty.io.netty.allocator.useCacheForAllThreads=false in command line.
2019-10-04 19:08:27,135 [main] INFO  grpc.GrpcConfigKeys$Server (ConfUtils.java:logGet(43)) - raft.grpc.server.port = 0 (default)
2019-10-04 19:08:27,136 [main] INFO  server.GrpcService (ConfUtils.java:logGet(43)) - raft.grpc.message.size.max = 33570816 (custom)
2019-10-04 19:08:27,136 [main] INFO  server.RaftServerConfigKeys (ConfUtils.java:logGet(43)) - raft.server.log.appender.buffer.byte-limit = 33554432 (custom)
2019-10-04 19:08:27,136 [main] INFO  server.GrpcService (ConfUtils.java:logGet(43)) - raft.grpc.flow.control.window = 1MB (=1048576) (default)
2019-10-04 19:08:27,136 [main] INFO  server.RaftServerConfigKeys (ConfUtils.java:logGet(43)) - raft.server.rpc.request.timeout = 3000ms (default)
2019-10-04 19:08:27,136 [main] INFO  server.RaftServerConfigKeys (ConfUtils.java:logGet(43)) - raft.server.storage.dir = [/workdir/hadoop-ozone/integration-test/target/test-dir/MiniOzoneClusterImpl-b2b53cee-6b8b-4210-8789-385a60e57f66/datanode-5/data/ratis] (custom)
2019-10-04 19:08:27,138 [main] INFO  hdfs.DFSUtil (DFSUtil.java:httpServerTemplateForNNAndJN(1641)) - Starting Web-server for hddsDatanode at: http://0.0.0.0:0
2019-10-04 19:08:27,139 [main] INFO  server.AuthenticationFilter (AuthenticationFilter.java:constructSecretProvider(240)) - Unable to initialize FileSignerSecretProvider, falling back to use random secrets.
2019-10-04 19:08:27,139 [main] WARN  http.HttpRequestLog (HttpRequestLog.java:getRequestLog(97)) - Jetty request log can only be enabled using Log4j
2019-10-04 19:08:27,140 [main] INFO  http.HttpServer2 (HttpServer2.java:addGlobalFilter(975)) - Added global filter 'safety' (class=org.apache.hadoop.http.HttpServer2$QuotingInputFilter)
2019-10-04 19:08:27,141 [main] INFO  http.HttpServer2 (HttpServer2.java:addFilter(948)) - Added filter static_user_filter (class=org.apache.hadoop.http.lib.StaticUserWebFilter$StaticUserFilter) to context hddsDatanode
2019-10-04 19:08:27,141 [main] INFO  http.HttpServer2 (HttpServer2.java:addFilter(958)) - Added filter static_user_filter (class=org.apache.hadoop.http.lib.StaticUserWebFilter$StaticUserFilter) to context logs
2019-10-04 19:08:27,141 [main] INFO  http.HttpServer2 (HttpServer2.java:addFilter(958)) - Added filter static_user_filter (class=org.apache.hadoop.http.lib.StaticUserWebFilter$StaticUserFilter) to context static
2019-10-04 19:08:27,142 [main] INFO  http.HttpServer2 (HttpServer2.java:bindListener(1191)) - Jetty bound to port 33522
2019-10-04 19:08:27,142 [main] INFO  server.Server (Server.java:doStart(351)) - jetty-9.3.25.v20180904, build timestamp: 2018-09-04T21:11:46Z, git hash: 3ce520221d0240229c862b122d2b06c12a625732
2019-10-04 19:08:27,143 [main] INFO  handler.ContextHandler (ContextHandler.java:doStart(781)) - Started o.e.j.s.ServletContextHandler@5ad6cc21{/logs,file:///workdir/hadoop-ozone/integration-test/target/log,AVAILABLE}
2019-10-04 19:08:27,144 [main] INFO  handler.ContextHandler (ContextHandler.java:doStart(781)) - Started o.e.j.s.ServletContextHandler@691124ee{/static,jar:file:/home/user/.m2/repository/org/apache/hadoop/hadoop-hdds-container-service/0.5.0-SNAPSHOT/hadoop-hdds-container-service-0.5.0-SNAPSHOT.jar!/webapps/static,AVAILABLE}
2019-10-04 19:08:27,172 [main] INFO  handler.ContextHandler (ContextHandler.java:doStart(781)) - Started o.e.j.w.WebAppContext@59a2388e{/,file:///tmp/jetty-0.0.0.0-33522-hddsDatanode-_-any-3340826581199268615.dir/webapp/,AVAILABLE}{/hddsDatanode}
2019-10-04 19:08:27,172 [main] INFO  server.AbstractConnector (AbstractConnector.java:doStart(278)) - Started ServerConnector@186d8a71{HTTP/1.1,[http/1.1]}{0.0.0.0:33522}
2019-10-04 19:08:27,174 [main] INFO  server.Server (Server.java:doStart(419)) - Started @107191ms
2019-10-04 19:08:27,174 [main] WARN  impl.MetricsSystemImpl (MetricsSystemImpl.java:register(276)) - Sink prometheus already exists!
2019-10-04 19:08:27,174 [main] INFO  server.BaseHttpServer (BaseHttpServer.java:updateConnectorAddress(215)) - HTTP server of HDDSDATANODE is listening at http://0.0.0.0:33522
2019-10-04 19:08:27,175 [main] INFO  impl.MetricsSystemImpl (MetricsSystemImpl.java:init(158)) - HddsDatanode metrics system started (again)
2019-10-04 19:08:27,179 [org.apache.hadoop.util.JvmPauseMonitor$Monitor@56b2a460] INFO  util.JvmPauseMonitor (JvmPauseMonitor.java:run(188)) - Starting JVM pause monitor
2019-10-04 19:08:27,179 [main] INFO  ozone.HddsDatanodeService (HddsDatanodeService.java:start(184)) - HddsDatanodeService host:pr-hdds-2164-trunk-n6c85-931752109 ip:192.168.30.46
2019-10-04 19:08:27,181 [Datanode State Machine Thread - 0] INFO  datanode.InitDatanodeState (InitDatanodeState.java:persistContainerDatanodeDetails(140)) - DatanodeDetails is persisted to /workdir/hadoop-ozone/integration-test/target/test-dir/MiniOzoneClusterImpl-b2b53cee-6b8b-4210-8789-385a60e57f66/datanode-5/meta/datanode.id
2019-10-04 19:08:27,186 [main] INFO  volume.HddsVolume (HddsVolume.java:<init>(176)) - Creating Volume: /workdir/hadoop-ozone/integration-test/target/test-dir/MiniOzoneClusterImpl-b2b53cee-6b8b-4210-8789-385a60e57f66/datanode-6/data/containers/hdds of  storage type : DISK and capacity : 1482555576320
2019-10-04 19:08:27,187 [main] INFO  volume.VolumeSet (VolumeSet.java:initializeVolumeSet(170)) - Added Volume : /workdir/hadoop-ozone/integration-test/target/test-dir/MiniOzoneClusterImpl-b2b53cee-6b8b-4210-8789-385a60e57f66/datanode-6/data/containers/hdds to VolumeSet
2019-10-04 19:08:27,187 [main] INFO  volume.ThrottledAsyncChecker (ThrottledAsyncChecker.java:schedule(139)) - Scheduling a check for org.apache.hadoop.ozone.container.common.volume.HddsVolume@590765c4
2019-10-04 19:08:27,187 [main] INFO  volume.HddsVolumeChecker (HddsVolumeChecker.java:checkAllVolumes(202)) - Scheduled health check for volume org.apache.hadoop.ozone.container.common.volume.HddsVolume@590765c4
2019-10-04 19:08:27,202 [main] INFO  impl.RaftServerProxy (ConfUtils.java:logGet(43)) - raft.rpc.type = GRPC (default)
2019-10-04 19:08:27,202 [main] INFO  grpc.GrpcFactory (GrpcFactory.java:checkPooledByteBufAllocatorUseCacheForAllThreads(45)) - PERFORMANCE WARNING: useCacheForAllThreads is true that may cause Netty to create a lot garbage objects and, as a result, trigger GC.
	It is recommended to disable useCacheForAllThreads by setting -Dorg.apache.ratis.thirdparty.io.netty.allocator.useCacheForAllThreads=false in command line.
2019-10-04 19:08:27,202 [main] INFO  grpc.GrpcConfigKeys$Server (ConfUtils.java:logGet(43)) - raft.grpc.server.port = 0 (default)
2019-10-04 19:08:27,202 [main] INFO  server.GrpcService (ConfUtils.java:logGet(43)) - raft.grpc.message.size.max = 33570816 (custom)
2019-10-04 19:08:27,203 [main] INFO  server.RaftServerConfigKeys (ConfUtils.java:logGet(43)) - raft.server.log.appender.buffer.byte-limit = 33554432 (custom)
2019-10-04 19:08:27,203 [main] INFO  server.GrpcService (ConfUtils.java:logGet(43)) - raft.grpc.flow.control.window = 1MB (=1048576) (default)
2019-10-04 19:08:27,203 [main] INFO  server.RaftServerConfigKeys (ConfUtils.java:logGet(43)) - raft.server.rpc.request.timeout = 3000ms (default)
2019-10-04 19:08:27,203 [main] INFO  server.RaftServerConfigKeys (ConfUtils.java:logGet(43)) - raft.server.storage.dir = [/workdir/hadoop-ozone/integration-test/target/test-dir/MiniOzoneClusterImpl-b2b53cee-6b8b-4210-8789-385a60e57f66/datanode-6/data/ratis] (custom)
2019-10-04 19:08:27,205 [main] INFO  hdfs.DFSUtil (DFSUtil.java:httpServerTemplateForNNAndJN(1641)) - Starting Web-server for hddsDatanode at: http://0.0.0.0:0
2019-10-04 19:08:27,206 [main] INFO  server.AuthenticationFilter (AuthenticationFilter.java:constructSecretProvider(240)) - Unable to initialize FileSignerSecretProvider, falling back to use random secrets.
2019-10-04 19:08:27,206 [main] WARN  http.HttpRequestLog (HttpRequestLog.java:getRequestLog(97)) - Jetty request log can only be enabled using Log4j
2019-10-04 19:08:27,208 [main] INFO  http.HttpServer2 (HttpServer2.java:addGlobalFilter(975)) - Added global filter 'safety' (class=org.apache.hadoop.http.HttpServer2$QuotingInputFilter)
2019-10-04 19:08:27,208 [main] INFO  http.HttpServer2 (HttpServer2.java:addFilter(948)) - Added filter static_user_filter (class=org.apache.hadoop.http.lib.StaticUserWebFilter$StaticUserFilter) to context hddsDatanode
2019-10-04 19:08:27,208 [main] INFO  http.HttpServer2 (HttpServer2.java:addFilter(958)) - Added filter static_user_filter (class=org.apache.hadoop.http.lib.StaticUserWebFilter$StaticUserFilter) to context logs
2019-10-04 19:08:27,209 [main] INFO  http.HttpServer2 (HttpServer2.java:addFilter(958)) - Added filter static_user_filter (class=org.apache.hadoop.http.lib.StaticUserWebFilter$StaticUserFilter) to context static
2019-10-04 19:08:27,209 [main] INFO  http.HttpServer2 (HttpServer2.java:bindListener(1191)) - Jetty bound to port 44481
2019-10-04 19:08:27,209 [main] INFO  server.Server (Server.java:doStart(351)) - jetty-9.3.25.v20180904, build timestamp: 2018-09-04T21:11:46Z, git hash: 3ce520221d0240229c862b122d2b06c12a625732
2019-10-04 19:08:27,211 [main] INFO  handler.ContextHandler (ContextHandler.java:doStart(781)) - Started o.e.j.s.ServletContextHandler@3e546734{/logs,file:///workdir/hadoop-ozone/integration-test/target/log,AVAILABLE}
2019-10-04 19:08:27,212 [main] INFO  handler.ContextHandler (ContextHandler.java:doStart(781)) - Started o.e.j.s.ServletContextHandler@64b0d1fa{/static,jar:file:/home/user/.m2/repository/org/apache/hadoop/hadoop-hdds-container-service/0.5.0-SNAPSHOT/hadoop-hdds-container-service-0.5.0-SNAPSHOT.jar!/webapps/static,AVAILABLE}
2019-10-04 19:08:27,241 [main] INFO  handler.ContextHandler (ContextHandler.java:doStart(781)) - Started o.e.j.w.WebAppContext@2213639b{/,file:///tmp/jetty-0.0.0.0-44481-hddsDatanode-_-any-7051477486773614793.dir/webapp/,AVAILABLE}{/hddsDatanode}
2019-10-04 19:08:27,242 [main] INFO  server.AbstractConnector (AbstractConnector.java:doStart(278)) - Started ServerConnector@2c26ba07{HTTP/1.1,[http/1.1]}{0.0.0.0:44481}
2019-10-04 19:08:27,243 [main] INFO  server.Server (Server.java:doStart(419)) - Started @107261ms
2019-10-04 19:08:27,243 [main] WARN  impl.MetricsSystemImpl (MetricsSystemImpl.java:register(276)) - Sink prometheus already exists!
2019-10-04 19:08:27,244 [main] INFO  server.BaseHttpServer (BaseHttpServer.java:updateConnectorAddress(215)) - HTTP server of HDDSDATANODE is listening at http://0.0.0.0:44481
2019-10-04 19:08:27,244 [main] INFO  ozone.MiniOzoneClusterImpl (MiniOzoneClusterImpl.java:lambda$waitForClusterToBeReady$0(147)) - Waiting for cluster to be ready. Got 0 of 7 DN Heartbeats.
2019-10-04 19:08:27,246 [org.apache.hadoop.util.JvmPauseMonitor$Monitor@225c395b] INFO  util.JvmPauseMonitor (JvmPauseMonitor.java:run(188)) - Starting JVM pause monitor
2019-10-04 19:08:27,247 [Datanode State Machine Thread - 0] INFO  datanode.InitDatanodeState (InitDatanodeState.java:persistContainerDatanodeDetails(140)) - DatanodeDetails is persisted to /workdir/hadoop-ozone/integration-test/target/test-dir/MiniOzoneClusterImpl-b2b53cee-6b8b-4210-8789-385a60e57f66/datanode-6/meta/datanode.id
2019-10-04 19:08:28,245 [main] INFO  ozone.MiniOzoneClusterImpl (MiniOzoneClusterImpl.java:lambda$waitForClusterToBeReady$0(147)) - Waiting for cluster to be ready. Got 0 of 7 DN Heartbeats.
2019-10-04 19:08:28,882 [Datanode State Machine Thread - 0] INFO  ozoneimpl.OzoneContainer (OzoneContainer.java:start(217)) - Attempting to start container services.
2019-10-04 19:08:28,882 [Datanode State Machine Thread - 0] INFO  ozoneimpl.OzoneContainer (OzoneContainer.java:startContainerScrub(179)) - Background container scanner has been disabled.
2019-10-04 19:08:28,882 [Datanode State Machine Thread - 0] INFO  ratis.XceiverServerRatis (XceiverServerRatis.java:start(417)) - Starting XceiverServerRatis 78d26de1-043c-4f08-807b-45a94f26c71c at port 0
2019-10-04 19:08:28,891 [Datanode State Machine Thread - 0] INFO  impl.RaftServerProxy (RaftServerProxy.java:lambda$start$3(299)) - 78d26de1-043c-4f08-807b-45a94f26c71c: start RPC server
2019-10-04 19:08:28,894 [Datanode State Machine Thread - 0] INFO  server.GrpcService (GrpcService.java:startImpl(158)) - 78d26de1-043c-4f08-807b-45a94f26c71c: GrpcService started, listening on 0.0.0.0/0.0.0.0:42376
2019-10-04 19:08:28,894 [Datanode State Machine Thread - 0] INFO  ratis.XceiverServerRatis (XceiverServerRatis.java:start(427)) - XceiverServerRatis 78d26de1-043c-4f08-807b-45a94f26c71c is started using port 42376
2019-10-04 19:08:28,894 [Datanode State Machine Thread - 0] INFO  server.XceiverServerGrpc (XceiverServerGrpc.java:start(149)) - XceiverServerGrpc 78d26de1-043c-4f08-807b-45a94f26c71c is started using port 43559
2019-10-04 19:08:28,940 [Datanode State Machine Thread - 0] INFO  ozoneimpl.OzoneContainer (OzoneContainer.java:start(217)) - Attempting to start container services.
2019-10-04 19:08:28,941 [Datanode State Machine Thread - 0] INFO  ozoneimpl.OzoneContainer (OzoneContainer.java:startContainerScrub(179)) - Background container scanner has been disabled.
2019-10-04 19:08:28,941 [Datanode State Machine Thread - 0] INFO  ratis.XceiverServerRatis (XceiverServerRatis.java:start(417)) - Starting XceiverServerRatis 1553187d-9ebc-4ae0-ad21-5383f7672836 at port 0
2019-10-04 19:08:28,949 [Datanode State Machine Thread - 0] INFO  impl.RaftServerProxy (RaftServerProxy.java:lambda$start$3(299)) - 1553187d-9ebc-4ae0-ad21-5383f7672836: start RPC server
2019-10-04 19:08:28,950 [Datanode State Machine Thread - 0] INFO  server.GrpcService (GrpcService.java:startImpl(158)) - 1553187d-9ebc-4ae0-ad21-5383f7672836: GrpcService started, listening on 0.0.0.0/0.0.0.0:39221
2019-10-04 19:08:28,951 [Datanode State Machine Thread - 0] INFO  ratis.XceiverServerRatis (XceiverServerRatis.java:start(427)) - XceiverServerRatis 1553187d-9ebc-4ae0-ad21-5383f7672836 is started using port 39221
2019-10-04 19:08:28,951 [Datanode State Machine Thread - 0] INFO  server.XceiverServerGrpc (XceiverServerGrpc.java:start(149)) - XceiverServerGrpc 1553187d-9ebc-4ae0-ad21-5383f7672836 is started using port 41198
2019-10-04 19:08:28,999 [Datanode State Machine Thread - 0] INFO  ozoneimpl.OzoneContainer (OzoneContainer.java:start(217)) - Attempting to start container services.
2019-10-04 19:08:29,002 [Datanode State Machine Thread - 0] INFO  ozoneimpl.OzoneContainer (OzoneContainer.java:startContainerScrub(179)) - Background container scanner has been disabled.
2019-10-04 19:08:29,002 [Datanode State Machine Thread - 0] INFO  ratis.XceiverServerRatis (XceiverServerRatis.java:start(417)) - Starting XceiverServerRatis 19bd3007-1e52-4912-9c61-e1b3defead3a at port 0
2019-10-04 19:08:29,010 [Datanode State Machine Thread - 0] INFO  impl.RaftServerProxy (RaftServerProxy.java:lambda$start$3(299)) - 19bd3007-1e52-4912-9c61-e1b3defead3a: start RPC server
2019-10-04 19:08:29,013 [Datanode State Machine Thread - 0] INFO  server.GrpcService (GrpcService.java:startImpl(158)) - 19bd3007-1e52-4912-9c61-e1b3defead3a: GrpcService started, listening on 0.0.0.0/0.0.0.0:43351
2019-10-04 19:08:29,013 [Datanode State Machine Thread - 0] INFO  ratis.XceiverServerRatis (XceiverServerRatis.java:start(427)) - XceiverServerRatis 19bd3007-1e52-4912-9c61-e1b3defead3a is started using port 43351
2019-10-04 19:08:29,015 [Datanode State Machine Thread - 0] INFO  server.XceiverServerGrpc (XceiverServerGrpc.java:start(149)) - XceiverServerGrpc 19bd3007-1e52-4912-9c61-e1b3defead3a is started using port 44533
2019-10-04 19:08:29,074 [Datanode State Machine Thread - 0] INFO  ozoneimpl.OzoneContainer (OzoneContainer.java:start(217)) - Attempting to start container services.
2019-10-04 19:08:29,075 [Datanode State Machine Thread - 0] INFO  ozoneimpl.OzoneContainer (OzoneContainer.java:startContainerScrub(179)) - Background container scanner has been disabled.
2019-10-04 19:08:29,075 [Datanode State Machine Thread - 0] INFO  ratis.XceiverServerRatis (XceiverServerRatis.java:start(417)) - Starting XceiverServerRatis ab77a81b-e30a-4472-9397-726189fd159d at port 0
2019-10-04 19:08:29,082 [Datanode State Machine Thread - 0] INFO  impl.RaftServerProxy (RaftServerProxy.java:lambda$start$3(299)) - ab77a81b-e30a-4472-9397-726189fd159d: start RPC server
2019-10-04 19:08:29,083 [Datanode State Machine Thread - 0] INFO  server.GrpcService (GrpcService.java:startImpl(158)) - ab77a81b-e30a-4472-9397-726189fd159d: GrpcService started, listening on 0.0.0.0/0.0.0.0:41497
2019-10-04 19:08:29,083 [Datanode State Machine Thread - 0] INFO  ratis.XceiverServerRatis (XceiverServerRatis.java:start(427)) - XceiverServerRatis ab77a81b-e30a-4472-9397-726189fd159d is started using port 41497
2019-10-04 19:08:29,085 [Datanode State Machine Thread - 0] INFO  server.XceiverServerGrpc (XceiverServerGrpc.java:start(149)) - XceiverServerGrpc ab77a81b-e30a-4472-9397-726189fd159d is started using port 36711
2019-10-04 19:08:29,133 [Datanode State Machine Thread - 0] INFO  ozoneimpl.OzoneContainer (OzoneContainer.java:start(217)) - Attempting to start container services.
2019-10-04 19:08:29,133 [Datanode State Machine Thread - 0] INFO  ozoneimpl.OzoneContainer (OzoneContainer.java:startContainerScrub(179)) - Background container scanner has been disabled.
2019-10-04 19:08:29,134 [Datanode State Machine Thread - 0] INFO  ratis.XceiverServerRatis (XceiverServerRatis.java:start(417)) - Starting XceiverServerRatis 0c740033-5552-4d27-ab2d-faeb035c7a1c at port 0
2019-10-04 19:08:29,141 [Datanode State Machine Thread - 0] INFO  impl.RaftServerProxy (RaftServerProxy.java:lambda$start$3(299)) - 0c740033-5552-4d27-ab2d-faeb035c7a1c: start RPC server
2019-10-04 19:08:29,144 [Datanode State Machine Thread - 0] INFO  server.GrpcService (GrpcService.java:startImpl(158)) - 0c740033-5552-4d27-ab2d-faeb035c7a1c: GrpcService started, listening on 0.0.0.0/0.0.0.0:46146
2019-10-04 19:08:29,144 [Datanode State Machine Thread - 0] INFO  ratis.XceiverServerRatis (XceiverServerRatis.java:start(427)) - XceiverServerRatis 0c740033-5552-4d27-ab2d-faeb035c7a1c is started using port 46146
2019-10-04 19:08:29,146 [Datanode State Machine Thread - 0] INFO  server.XceiverServerGrpc (XceiverServerGrpc.java:start(149)) - XceiverServerGrpc 0c740033-5552-4d27-ab2d-faeb035c7a1c is started using port 39504
2019-10-04 19:08:29,200 [Datanode State Machine Thread - 0] INFO  ozoneimpl.OzoneContainer (OzoneContainer.java:start(217)) - Attempting to start container services.
2019-10-04 19:08:29,201 [Datanode State Machine Thread - 0] INFO  ozoneimpl.OzoneContainer (OzoneContainer.java:startContainerScrub(179)) - Background container scanner has been disabled.
2019-10-04 19:08:29,201 [Datanode State Machine Thread - 0] INFO  ratis.XceiverServerRatis (XceiverServerRatis.java:start(417)) - Starting XceiverServerRatis de79c590-bc61-4ebb-a0bd-a6c4482f5622 at port 0
2019-10-04 19:08:29,212 [Datanode State Machine Thread - 0] INFO  impl.RaftServerProxy (RaftServerProxy.java:lambda$start$3(299)) - de79c590-bc61-4ebb-a0bd-a6c4482f5622: start RPC server
2019-10-04 19:08:29,214 [Datanode State Machine Thread - 0] INFO  server.GrpcService (GrpcService.java:startImpl(158)) - de79c590-bc61-4ebb-a0bd-a6c4482f5622: GrpcService started, listening on 0.0.0.0/0.0.0.0:36119
2019-10-04 19:08:29,214 [Datanode State Machine Thread - 0] INFO  ratis.XceiverServerRatis (XceiverServerRatis.java:start(427)) - XceiverServerRatis de79c590-bc61-4ebb-a0bd-a6c4482f5622 is started using port 36119
2019-10-04 19:08:29,215 [Datanode State Machine Thread - 0] INFO  server.XceiverServerGrpc (XceiverServerGrpc.java:start(149)) - XceiverServerGrpc de79c590-bc61-4ebb-a0bd-a6c4482f5622 is started using port 43329
2019-10-04 19:08:29,246 [main] INFO  ozone.MiniOzoneClusterImpl (MiniOzoneClusterImpl.java:lambda$waitForClusterToBeReady$0(147)) - Waiting for cluster to be ready. Got 0 of 7 DN Heartbeats.
2019-10-04 19:08:29,276 [Datanode State Machine Thread - 0] INFO  ozoneimpl.OzoneContainer (OzoneContainer.java:start(217)) - Attempting to start container services.
2019-10-04 19:08:29,276 [Datanode State Machine Thread - 0] INFO  ozoneimpl.OzoneContainer (OzoneContainer.java:startContainerScrub(179)) - Background container scanner has been disabled.
2019-10-04 19:08:29,276 [Datanode State Machine Thread - 0] INFO  ratis.XceiverServerRatis (XceiverServerRatis.java:start(417)) - Starting XceiverServerRatis 380d06fd-4e90-463f-8d61-4d85dc83771f at port 0
2019-10-04 19:08:29,284 [Datanode State Machine Thread - 0] INFO  impl.RaftServerProxy (RaftServerProxy.java:lambda$start$3(299)) - 380d06fd-4e90-463f-8d61-4d85dc83771f: start RPC server
2019-10-04 19:08:29,285 [Datanode State Machine Thread - 0] INFO  server.GrpcService (GrpcService.java:startImpl(158)) - 380d06fd-4e90-463f-8d61-4d85dc83771f: GrpcService started, listening on 0.0.0.0/0.0.0.0:39158
2019-10-04 19:08:29,285 [Datanode State Machine Thread - 0] INFO  ratis.XceiverServerRatis (XceiverServerRatis.java:start(427)) - XceiverServerRatis 380d06fd-4e90-463f-8d61-4d85dc83771f is started using port 39158
2019-10-04 19:08:29,299 [Datanode State Machine Thread - 0] INFO  server.XceiverServerGrpc (XceiverServerGrpc.java:start(149)) - XceiverServerGrpc 380d06fd-4e90-463f-8d61-4d85dc83771f is started using port 43564
2019-10-04 19:08:30,247 [main] INFO  ozone.MiniOzoneClusterImpl (MiniOzoneClusterImpl.java:lambda$waitForClusterToBeReady$0(147)) - Waiting for cluster to be ready. Got 0 of 7 DN Heartbeats.
2019-10-04 19:08:30,847 [IPC Server handler 0 on 39729] INFO  net.NetworkTopology (NetworkTopologyImpl.java:add(111)) - Added a new node: /default-rack/78d26de1-043c-4f08-807b-45a94f26c71c
2019-10-04 19:08:30,848 [IPC Server handler 0 on 39729] INFO  node.SCMNodeManager (SCMNodeManager.java:register(268)) - Registered Data node : 78d26de1-043c-4f08-807b-45a94f26c71c{ip: 192.168.30.46, host: pr-hdds-2164-trunk-n6c85-931752109, networkLocation: /default-rack, certSerialId: null}
2019-10-04 19:08:30,849 [EventQueue-NodeRegistrationContainerReportForDataNodeSafeModeRule] INFO  safemode.SCMSafeModeManager (DataNodeSafeModeRule.java:process(71)) - SCM in safe mode. 1 DataNodes registered, 1 required.
2019-10-04 19:08:30,851 [EventQueue-NodeRegistrationContainerReportForDataNodeSafeModeRule] INFO  safemode.SCMSafeModeManager (SCMSafeModeManager.java:validateSafeModeExitRules(177)) - ScmSafeModeManager, all rules are successfully validated
2019-10-04 19:08:30,851 [EventQueue-NodeRegistrationContainerReportForDataNodeSafeModeRule] INFO  safemode.SCMSafeModeManager (SCMSafeModeManager.java:exitSafeMode(193)) - SCM exiting safe mode.
2019-10-04 19:08:30,863 [grpc-default-executor-1] INFO  impl.RaftServerProxy (RaftServerProxy.java:addNew(89)) - 78d26de1-043c-4f08-807b-45a94f26c71c: addNew group-53955A0D3551:[78d26de1-043c-4f08-807b-45a94f26c71c:192.168.30.46:42376] returns group-53955A0D3551:java.util.concurrent.CompletableFuture@5108eb61[Not completed]
2019-10-04 19:08:30,865 [pool-207-thread-1] INFO  impl.RaftServerImpl (RaftServerImpl.java:<init>(95)) - 78d26de1-043c-4f08-807b-45a94f26c71c: new RaftServerImpl for group-53955A0D3551:[78d26de1-043c-4f08-807b-45a94f26c71c:192.168.30.46:42376] with ContainerStateMachine:uninitialized
2019-10-04 19:08:30,865 [pool-207-thread-1] INFO  server.RaftServerConfigKeys (ConfUtils.java:logGet(43)) - raft.server.rpc.timeout.min = 5s (custom)
2019-10-04 19:08:30,865 [pool-207-thread-1] INFO  server.RaftServerConfigKeys (ConfUtils.java:logGet(43)) - raft.server.rpc.timeout.max = 5200ms (custom)
2019-10-04 19:08:30,866 [pool-207-thread-1] INFO  server.RaftServerConfigKeys (ConfUtils.java:logGet(43)) - raft.server.rpcslowness.timeout = 120s (custom)
2019-10-04 19:08:30,866 [pool-207-thread-1] INFO  server.RaftServerConfigKeys (ConfUtils.java:logGet(43)) - raft.server.sleep.deviation.threshold = 300 (default)
2019-10-04 19:08:30,866 [pool-207-thread-1] INFO  server.RaftServerConfigKeys (ConfUtils.java:logGet(43)) - raft.server.log.appender.install.snapshot.enabled = false (custom)
2019-10-04 19:08:30,866 [pool-207-thread-1] INFO  impl.RaftServerImpl (ServerState.java:<init>(103)) - 78d26de1-043c-4f08-807b-45a94f26c71c@group-53955A0D3551: ConfigurationManager, init=-1: [78d26de1-043c-4f08-807b-45a94f26c71c:192.168.30.46:42376], old=null, confs=<EMPTY_MAP>
2019-10-04 19:08:30,866 [pool-207-thread-1] INFO  server.RaftServerConfigKeys (ConfUtils.java:logGet(43)) - raft.server.storage.dir = [/workdir/hadoop-ozone/integration-test/target/test-dir/MiniOzoneClusterImpl-b2b53cee-6b8b-4210-8789-385a60e57f66/datanode-0/data/ratis] (custom)
2019-10-04 19:08:30,867 [pool-207-thread-1] INFO  server.RaftServerConfigKeys (ConfUtils.java:logGet(43)) - raft.server.log.corruption.policy = EXCEPTION (default)
2019-10-04 19:08:30,867 [pool-207-thread-1] INFO  storage.RaftStorageDirectory (RaftStorageDirectory.java:analyzeStorage(246)) - The storage directory /workdir/hadoop-ozone/integration-test/target/test-dir/MiniOzoneClusterImpl-b2b53cee-6b8b-4210-8789-385a60e57f66/datanode-0/data/ratis/5ff470d1-9ad1-4cf0-b416-53955a0d3551 does not exist. Creating ...
2019-10-04 19:08:30,893 [pool-207-thread-1] INFO  storage.RaftStorageDirectory (RaftStorageDirectory.java:tryLock(328)) - Lock on /workdir/hadoop-ozone/integration-test/target/test-dir/MiniOzoneClusterImpl-b2b53cee-6b8b-4210-8789-385a60e57f66/datanode-0/data/ratis/5ff470d1-9ad1-4cf0-b416-53955a0d3551/in_use.lock acquired by nodename 773@pr-hdds-2164-trunk-n6c85-931752109
2019-10-04 19:08:30,908 [IPC Server handler 2 on 39729] INFO  net.NetworkTopology (NetworkTopologyImpl.java:add(111)) - Added a new node: /default-rack/1553187d-9ebc-4ae0-ad21-5383f7672836
2019-10-04 19:08:30,908 [IPC Server handler 2 on 39729] INFO  node.SCMNodeManager (SCMNodeManager.java:register(268)) - Registered Data node : 1553187d-9ebc-4ae0-ad21-5383f7672836{ip: 192.168.30.46, host: pr-hdds-2164-trunk-n6c85-931752109, networkLocation: /default-rack, certSerialId: null}
2019-10-04 19:08:30,919 [pool-207-thread-1] INFO  storage.RaftStorage (RaftStorage.java:format(84)) - Storage directory /workdir/hadoop-ozone/integration-test/target/test-dir/MiniOzoneClusterImpl-b2b53cee-6b8b-4210-8789-385a60e57f66/datanode-0/data/ratis/5ff470d1-9ad1-4cf0-b416-53955a0d3551 has been successfully formatted.
2019-10-04 19:08:30,919 [pool-207-thread-1] INFO  ratis.ContainerStateMachine (ContainerStateMachine.java:loadSnapshot(230)) - group-53955A0D3551: The snapshot info is null. Setting the last applied indexto:(t:0, i:~)
2019-10-04 19:08:30,919 [pool-207-thread-1] INFO  server.RaftServerConfigKeys (ConfUtils.java:logGet(43)) - raft.server.notification.no-leader.timeout = 120s (custom)
2019-10-04 19:08:30,919 [pool-207-thread-1] INFO  server.RaftServerConfigKeys (ConfUtils.java:logGet(43)) - raft.server.log.use.memory = false (default)
2019-10-04 19:08:30,920 [pool-207-thread-1] INFO  server.RaftServerConfigKeys (ConfUtils.java:logGet(43)) - raft.server.log.purge.gap = 1000000 (custom)
2019-10-04 19:08:30,920 [pool-207-thread-1] INFO  server.RaftServerConfigKeys (ConfUtils.java:logGet(43)) - raft.server.log.appender.buffer.byte-limit = 33554432 (custom)
2019-10-04 19:08:30,920 [pool-207-thread-1] INFO  server.RaftServerConfigKeys (ConfUtils.java:logGet(43)) - raft.server.log.segment.size.max = 1048576 (custom)
2019-10-04 19:08:30,922 [pool-207-thread-1] INFO  server.RaftServerConfigKeys (ConfUtils.java:logGet(43)) - raft.server.log.segment.cache.num.max = 2 (custom)
2019-10-04 19:08:30,922 [pool-207-thread-1] INFO  segmented.SegmentedRaftLogWorker (SegmentedRaftLogWorker.java:<init>(173)) - new 78d26de1-043c-4f08-807b-45a94f26c71c@group-53955A0D3551-SegmentedRaftLogWorker for RaftStorage:Storage Directory /workdir/hadoop-ozone/integration-test/target/test-dir/MiniOzoneClusterImpl-b2b53cee-6b8b-4210-8789-385a60e57f66/datanode-0/data/ratis/5ff470d1-9ad1-4cf0-b416-53955a0d3551
2019-10-04 19:08:30,922 [pool-207-thread-1] INFO  server.RaftServerConfigKeys (ConfUtils.java:logGet(43)) - raft.server.log.queue.byte-limit = 2147483647 (custom)
2019-10-04 19:08:30,923 [pool-207-thread-1] INFO  server.RaftServerConfigKeys (ConfUtils.java:logGet(43)) - raft.server.log.queue.element-limit = 1024 (custom)
2019-10-04 19:08:30,923 [pool-207-thread-1] INFO  server.RaftServerConfigKeys (ConfUtils.java:logGet(43)) - raft.server.log.segment.size.max = 1048576 (custom)
2019-10-04 19:08:30,923 [pool-207-thread-1] INFO  server.RaftServerConfigKeys (ConfUtils.java:logGet(43)) - raft.server.log.preallocated.size = 16384 (custom)
2019-10-04 19:08:30,923 [pool-207-thread-1] INFO  server.RaftServerConfigKeys (ConfUtils.java:logGet(43)) - raft.server.log.write.buffer.size = 33554432 (custom)
2019-10-04 19:08:30,923 [pool-207-thread-1] INFO  server.RaftServerConfigKeys (ConfUtils.java:logGet(43)) - raft.server.log.force.sync.num = 128 (default)
2019-10-04 19:08:30,923 [pool-207-thread-1] INFO  server.RaftServerConfigKeys (ConfUtils.java:logGet(43)) - raft.server.log.statemachine.data.sync = true (default)
2019-10-04 19:08:30,923 [pool-207-thread-1] INFO  server.RaftServerConfigKeys (ConfUtils.java:logGet(43)) - raft.server.log.statemachine.data.sync.timeout = 10s (default)
2019-10-04 19:08:30,923 [pool-207-thread-1] INFO  server.RaftServerConfigKeys (ConfUtils.java:logGet(43)) - raft.server.log.statemachine.data.sync.timeout.retry = -1 (default)
2019-10-04 19:08:30,924 [pool-207-thread-1] INFO  server.RaftServerConfigKeys (ConfUtils.java:logGet(43)) - raft.server.log.statemachine.data.caching.enabled = true (custom)
2019-10-04 19:08:30,924 [pool-207-thread-1] INFO  segmented.SegmentedRaftLogWorker (SegmentedRaftLogWorker.java:lambda$new$0(128)) - 78d26de1-043c-4f08-807b-45a94f26c71c@group-53955A0D3551-SegmentedRaftLogWorker: flushIndex: setUnconditionally 0 -> -1
2019-10-04 19:08:30,924 [pool-207-thread-1] INFO  server.RaftServerConfigKeys (ConfUtils.java:logGet(43)) - raft.server.snapshot.auto.trigger.enabled = true (custom)
2019-10-04 19:08:30,924 [pool-207-thread-1] INFO  server.RaftServerConfigKeys (ConfUtils.java:logGet(43)) - raft.server.snapshot.auto.trigger.threshold = 10000 (custom)
2019-10-04 19:08:30,925 [pool-207-thread-1] INFO  server.RaftServerConfigKeys (ConfUtils.java:logGet(43)) - raft.server.snapshot.retention.file.num = 5 (custom)
2019-10-04 19:08:30,925 [pool-207-thread-1] INFO  server.RaftServerConfigKeys (ConfUtils.java:logGet(43)) - raft.server.retrycache.expirytime = 600000ms (custom)
2019-10-04 19:08:30,926 [pool-207-thread-1] INFO  impl.RaftServerImpl (RaftServerImpl.java:start(181)) - 78d26de1-043c-4f08-807b-45a94f26c71c@group-53955A0D3551: start as a follower, conf=-1: [78d26de1-043c-4f08-807b-45a94f26c71c:192.168.30.46:42376], old=null
2019-10-04 19:08:30,926 [pool-207-thread-1] INFO  impl.RaftServerImpl (RaftServerImpl.java:setRole(170)) - 78d26de1-043c-4f08-807b-45a94f26c71c@group-53955A0D3551: changes role from      null to FOLLOWER at term 0 for startAsFollower
2019-10-04 19:08:30,927 [pool-207-thread-1] INFO  impl.RoleInfo (RoleInfo.java:updateAndGet(143)) - 78d26de1-043c-4f08-807b-45a94f26c71c: start FollowerState
2019-10-04 19:08:30,928 [pool-207-thread-1] INFO  util.JmxRegister (JmxRegister.java:tryRegister(44)) - Successfully registered JMX Bean with object name Ratis:service=RaftServer,group=group-53955A0D3551,id=78d26de1-043c-4f08-807b-45a94f26c71c
2019-10-04 19:08:30,935 [RatisPipelineUtilsThread] INFO  pipeline.PipelineStateManager (PipelineStateManager.java:addPipeline(56)) - Created pipeline Pipeline[ Id: 5ff470d1-9ad1-4cf0-b416-53955a0d3551, Nodes: 78d26de1-043c-4f08-807b-45a94f26c71c{ip: 192.168.30.46, host: pr-hdds-2164-trunk-n6c85-931752109, networkLocation: /default-rack, certSerialId: null}, Type:RATIS, Factor:ONE, State:OPEN]
2019-10-04 19:08:30,953 [grpc-default-executor-1] INFO  impl.RaftServerProxy (RaftServerProxy.java:addNew(89)) - 1553187d-9ebc-4ae0-ad21-5383f7672836: addNew group-AC4D011B9FF5:[1553187d-9ebc-4ae0-ad21-5383f7672836:192.168.30.46:39221] returns group-AC4D011B9FF5:java.util.concurrent.CompletableFuture@642975c0[Not completed]
2019-10-04 19:08:30,954 [pool-217-thread-1] INFO  impl.RaftServerImpl (RaftServerImpl.java:<init>(95)) - 1553187d-9ebc-4ae0-ad21-5383f7672836: new RaftServerImpl for group-AC4D011B9FF5:[1553187d-9ebc-4ae0-ad21-5383f7672836:192.168.30.46:39221] with ContainerStateMachine:uninitialized
2019-10-04 19:08:30,955 [pool-217-thread-1] INFO  server.RaftServerConfigKeys (ConfUtils.java:logGet(43)) - raft.server.rpc.timeout.min = 5s (custom)
2019-10-04 19:08:30,955 [pool-217-thread-1] INFO  server.RaftServerConfigKeys (ConfUtils.java:logGet(43)) - raft.server.rpc.timeout.max = 5200ms (custom)
2019-10-04 19:08:30,955 [pool-217-thread-1] INFO  server.RaftServerConfigKeys (ConfUtils.java:logGet(43)) - raft.server.rpcslowness.timeout = 120s (custom)
2019-10-04 19:08:30,955 [pool-217-thread-1] INFO  server.RaftServerConfigKeys (ConfUtils.java:logGet(43)) - raft.server.sleep.deviation.threshold = 300 (default)
2019-10-04 19:08:30,955 [pool-217-thread-1] INFO  server.RaftServerConfigKeys (ConfUtils.java:logGet(43)) - raft.server.log.appender.install.snapshot.enabled = false (custom)
2019-10-04 19:08:30,955 [pool-217-thread-1] INFO  impl.RaftServerImpl (ServerState.java:<init>(103)) - 1553187d-9ebc-4ae0-ad21-5383f7672836@group-AC4D011B9FF5: ConfigurationManager, init=-1: [1553187d-9ebc-4ae0-ad21-5383f7672836:192.168.30.46:39221], old=null, confs=<EMPTY_MAP>
2019-10-04 19:08:30,955 [pool-217-thread-1] INFO  server.RaftServerConfigKeys (ConfUtils.java:logGet(43)) - raft.server.storage.dir = [/workdir/hadoop-ozone/integration-test/target/test-dir/MiniOzoneClusterImpl-b2b53cee-6b8b-4210-8789-385a60e57f66/datanode-1/data/ratis] (custom)
2019-10-04 19:08:30,956 [pool-217-thread-1] INFO  server.RaftServerConfigKeys (ConfUtils.java:logGet(43)) - raft.server.log.corruption.policy = EXCEPTION (default)
2019-10-04 19:08:30,956 [pool-217-thread-1] INFO  storage.RaftStorageDirectory (RaftStorageDirectory.java:analyzeStorage(246)) - The storage directory /workdir/hadoop-ozone/integration-test/target/test-dir/MiniOzoneClusterImpl-b2b53cee-6b8b-4210-8789-385a60e57f66/datanode-1/data/ratis/f2d11bf0-ff64-446e-9907-ac4d011b9ff5 does not exist. Creating ...
2019-10-04 19:08:30,972 [IPC Server handler 3 on 39729] INFO  net.NetworkTopology (NetworkTopologyImpl.java:add(111)) - Added a new node: /default-rack/19bd3007-1e52-4912-9c61-e1b3defead3a
2019-10-04 19:08:30,972 [IPC Server handler 3 on 39729] INFO  node.SCMNodeManager (SCMNodeManager.java:register(268)) - Registered Data node : 19bd3007-1e52-4912-9c61-e1b3defead3a{ip: 192.168.30.46, host: pr-hdds-2164-trunk-n6c85-931752109, networkLocation: /default-rack, certSerialId: null}
2019-10-04 19:08:30,986 [pool-217-thread-1] INFO  storage.RaftStorageDirectory (RaftStorageDirectory.java:tryLock(328)) - Lock on /workdir/hadoop-ozone/integration-test/target/test-dir/MiniOzoneClusterImpl-b2b53cee-6b8b-4210-8789-385a60e57f66/datanode-1/data/ratis/f2d11bf0-ff64-446e-9907-ac4d011b9ff5/in_use.lock acquired by nodename 773@pr-hdds-2164-trunk-n6c85-931752109
2019-10-04 19:08:31,011 [pool-217-thread-1] INFO  storage.RaftStorage (RaftStorage.java:format(84)) - Storage directory /workdir/hadoop-ozone/integration-test/target/test-dir/MiniOzoneClusterImpl-b2b53cee-6b8b-4210-8789-385a60e57f66/datanode-1/data/ratis/f2d11bf0-ff64-446e-9907-ac4d011b9ff5 has been successfully formatted.
2019-10-04 19:08:31,011 [pool-217-thread-1] INFO  ratis.ContainerStateMachine (ContainerStateMachine.java:loadSnapshot(230)) - group-AC4D011B9FF5: The snapshot info is null. Setting the last applied indexto:(t:0, i:~)
2019-10-04 19:08:31,012 [pool-217-thread-1] INFO  server.RaftServerConfigKeys (ConfUtils.java:logGet(43)) - raft.server.notification.no-leader.timeout = 120s (custom)
2019-10-04 19:08:31,012 [pool-217-thread-1] INFO  server.RaftServerConfigKeys (ConfUtils.java:logGet(43)) - raft.server.log.use.memory = false (default)
2019-10-04 19:08:31,012 [pool-217-thread-1] INFO  server.RaftServerConfigKeys (ConfUtils.java:logGet(43)) - raft.server.log.purge.gap = 1000000 (custom)
2019-10-04 19:08:31,012 [pool-217-thread-1] INFO  server.RaftServerConfigKeys (ConfUtils.java:logGet(43)) - raft.server.log.appender.buffer.byte-limit = 33554432 (custom)
2019-10-04 19:08:31,012 [pool-217-thread-1] INFO  server.RaftServerConfigKeys (ConfUtils.java:logGet(43)) - raft.server.log.segment.size.max = 1048576 (custom)
2019-10-04 19:08:31,014 [pool-217-thread-1] INFO  server.RaftServerConfigKeys (ConfUtils.java:logGet(43)) - raft.server.log.segment.cache.num.max = 2 (custom)
2019-10-04 19:08:31,014 [pool-217-thread-1] INFO  segmented.SegmentedRaftLogWorker (SegmentedRaftLogWorker.java:<init>(173)) - new 1553187d-9ebc-4ae0-ad21-5383f7672836@group-AC4D011B9FF5-SegmentedRaftLogWorker for RaftStorage:Storage Directory /workdir/hadoop-ozone/integration-test/target/test-dir/MiniOzoneClusterImpl-b2b53cee-6b8b-4210-8789-385a60e57f66/datanode-1/data/ratis/f2d11bf0-ff64-446e-9907-ac4d011b9ff5
2019-10-04 19:08:31,014 [pool-217-thread-1] INFO  server.RaftServerConfigKeys (ConfUtils.java:logGet(43)) - raft.server.log.queue.byte-limit = 2147483647 (custom)
2019-10-04 19:08:31,014 [pool-217-thread-1] INFO  server.RaftServerConfigKeys (ConfUtils.java:logGet(43)) - raft.server.log.queue.element-limit = 1024 (custom)
2019-10-04 19:08:31,014 [pool-217-thread-1] INFO  server.RaftServerConfigKeys (ConfUtils.java:logGet(43)) - raft.server.log.segment.size.max = 1048576 (custom)
2019-10-04 19:08:31,014 [pool-217-thread-1] INFO  server.RaftServerConfigKeys (ConfUtils.java:logGet(43)) - raft.server.log.preallocated.size = 16384 (custom)
2019-10-04 19:08:31,015 [pool-217-thread-1] INFO  server.RaftServerConfigKeys (ConfUtils.java:logGet(43)) - raft.server.log.write.buffer.size = 33554432 (custom)
2019-10-04 19:08:31,015 [pool-217-thread-1] INFO  server.RaftServerConfigKeys (ConfUtils.java:logGet(43)) - raft.server.log.force.sync.num = 128 (default)
2019-10-04 19:08:31,015 [pool-217-thread-1] INFO  server.RaftServerConfigKeys (ConfUtils.java:logGet(43)) - raft.server.log.statemachine.data.sync = true (default)
2019-10-04 19:08:31,015 [pool-217-thread-1] INFO  server.RaftServerConfigKeys (ConfUtils.java:logGet(43)) - raft.server.log.statemachine.data.sync.timeout = 10s (default)
2019-10-04 19:08:31,015 [pool-217-thread-1] INFO  server.RaftServerConfigKeys (ConfUtils.java:logGet(43)) - raft.server.log.statemachine.data.sync.timeout.retry = -1 (default)
2019-10-04 19:08:31,015 [pool-217-thread-1] INFO  server.RaftServerConfigKeys (ConfUtils.java:logGet(43)) - raft.server.log.statemachine.data.caching.enabled = true (custom)
2019-10-04 19:08:31,016 [pool-217-thread-1] INFO  segmented.SegmentedRaftLogWorker (SegmentedRaftLogWorker.java:lambda$new$0(128)) - 1553187d-9ebc-4ae0-ad21-5383f7672836@group-AC4D011B9FF5-SegmentedRaftLogWorker: flushIndex: setUnconditionally 0 -> -1
2019-10-04 19:08:31,016 [pool-217-thread-1] INFO  server.RaftServerConfigKeys (ConfUtils.java:logGet(43)) - raft.server.snapshot.auto.trigger.enabled = true (custom)
2019-10-04 19:08:31,016 [pool-217-thread-1] INFO  server.RaftServerConfigKeys (ConfUtils.java:logGet(43)) - raft.server.snapshot.auto.trigger.threshold = 10000 (custom)
2019-10-04 19:08:31,016 [pool-217-thread-1] INFO  server.RaftServerConfigKeys (ConfUtils.java:logGet(43)) - raft.server.snapshot.retention.file.num = 5 (custom)
2019-10-04 19:08:31,017 [pool-217-thread-1] INFO  server.RaftServerConfigKeys (ConfUtils.java:logGet(43)) - raft.server.retrycache.expirytime = 600000ms (custom)
2019-10-04 19:08:31,018 [pool-217-thread-1] INFO  impl.RaftServerImpl (RaftServerImpl.java:start(181)) - 1553187d-9ebc-4ae0-ad21-5383f7672836@group-AC4D011B9FF5: start as a follower, conf=-1: [1553187d-9ebc-4ae0-ad21-5383f7672836:192.168.30.46:39221], old=null
2019-10-04 19:08:31,018 [pool-217-thread-1] INFO  impl.RaftServerImpl (RaftServerImpl.java:setRole(170)) - 1553187d-9ebc-4ae0-ad21-5383f7672836@group-AC4D011B9FF5: changes role from      null to FOLLOWER at term 0 for startAsFollower
2019-10-04 19:08:31,019 [pool-217-thread-1] INFO  impl.RoleInfo (RoleInfo.java:updateAndGet(143)) - 1553187d-9ebc-4ae0-ad21-5383f7672836: start FollowerState
2019-10-04 19:08:31,019 [pool-217-thread-1] INFO  util.JmxRegister (JmxRegister.java:tryRegister(44)) - Successfully registered JMX Bean with object name Ratis:service=RaftServer,group=group-AC4D011B9FF5,id=1553187d-9ebc-4ae0-ad21-5383f7672836
2019-10-04 19:08:31,026 [RatisPipelineUtilsThread] INFO  pipeline.PipelineStateManager (PipelineStateManager.java:addPipeline(56)) - Created pipeline Pipeline[ Id: f2d11bf0-ff64-446e-9907-ac4d011b9ff5, Nodes: 1553187d-9ebc-4ae0-ad21-5383f7672836{ip: 192.168.30.46, host: pr-hdds-2164-trunk-n6c85-931752109, networkLocation: /default-rack, certSerialId: null}, Type:RATIS, Factor:ONE, State:OPEN]
2019-10-04 19:08:31,035 [grpc-default-executor-1] INFO  impl.RaftServerProxy (RaftServerProxy.java:addNew(89)) - 19bd3007-1e52-4912-9c61-e1b3defead3a: addNew group-F563281790BA:[19bd3007-1e52-4912-9c61-e1b3defead3a:192.168.30.46:43351] returns group-F563281790BA:java.util.concurrent.CompletableFuture@739ec771[Not completed]
2019-10-04 19:08:31,037 [pool-227-thread-1] INFO  impl.RaftServerImpl (RaftServerImpl.java:<init>(95)) - 19bd3007-1e52-4912-9c61-e1b3defead3a: new RaftServerImpl for group-F563281790BA:[19bd3007-1e52-4912-9c61-e1b3defead3a:192.168.30.46:43351] with ContainerStateMachine:uninitialized
2019-10-04 19:08:31,037 [pool-227-thread-1] INFO  server.RaftServerConfigKeys (ConfUtils.java:logGet(43)) - raft.server.rpc.timeout.min = 5s (custom)
2019-10-04 19:08:31,038 [pool-227-thread-1] INFO  server.RaftServerConfigKeys (ConfUtils.java:logGet(43)) - raft.server.rpc.timeout.max = 5200ms (custom)
2019-10-04 19:08:31,038 [pool-227-thread-1] INFO  server.RaftServerConfigKeys (ConfUtils.java:logGet(43)) - raft.server.rpcslowness.timeout = 120s (custom)
2019-10-04 19:08:31,038 [pool-227-thread-1] INFO  server.RaftServerConfigKeys (ConfUtils.java:logGet(43)) - raft.server.sleep.deviation.threshold = 300 (default)
2019-10-04 19:08:31,038 [pool-227-thread-1] INFO  server.RaftServerConfigKeys (ConfUtils.java:logGet(43)) - raft.server.log.appender.install.snapshot.enabled = false (custom)
2019-10-04 19:08:31,038 [pool-227-thread-1] INFO  impl.RaftServerImpl (ServerState.java:<init>(103)) - 19bd3007-1e52-4912-9c61-e1b3defead3a@group-F563281790BA: ConfigurationManager, init=-1: [19bd3007-1e52-4912-9c61-e1b3defead3a:192.168.30.46:43351], old=null, confs=<EMPTY_MAP>
2019-10-04 19:08:31,038 [pool-227-thread-1] INFO  server.RaftServerConfigKeys (ConfUtils.java:logGet(43)) - raft.server.storage.dir = [/workdir/hadoop-ozone/integration-test/target/test-dir/MiniOzoneClusterImpl-b2b53cee-6b8b-4210-8789-385a60e57f66/datanode-2/data/ratis] (custom)
2019-10-04 19:08:31,039 [pool-227-thread-1] INFO  server.RaftServerConfigKeys (ConfUtils.java:logGet(43)) - raft.server.log.corruption.policy = EXCEPTION (default)
2019-10-04 19:08:31,039 [pool-227-thread-1] INFO  storage.RaftStorageDirectory (RaftStorageDirectory.java:analyzeStorage(246)) - The storage directory /workdir/hadoop-ozone/integration-test/target/test-dir/MiniOzoneClusterImpl-b2b53cee-6b8b-4210-8789-385a60e57f66/datanode-2/data/ratis/1791836c-adfc-4a9d-aa45-f563281790ba does not exist. Creating ...
2019-10-04 19:08:31,041 [IPC Server handler 6 on 39729] INFO  net.NetworkTopology (NetworkTopologyImpl.java:add(111)) - Added a new node: /default-rack/ab77a81b-e30a-4472-9397-726189fd159d
2019-10-04 19:08:31,041 [IPC Server handler 6 on 39729] INFO  node.SCMNodeManager (SCMNodeManager.java:register(268)) - Registered Data node : ab77a81b-e30a-4472-9397-726189fd159d{ip: 192.168.30.46, host: pr-hdds-2164-trunk-n6c85-931752109, networkLocation: /default-rack, certSerialId: null}
2019-10-04 19:08:31,062 [pool-227-thread-1] INFO  storage.RaftStorageDirectory (RaftStorageDirectory.java:tryLock(328)) - Lock on /workdir/hadoop-ozone/integration-test/target/test-dir/MiniOzoneClusterImpl-b2b53cee-6b8b-4210-8789-385a60e57f66/datanode-2/data/ratis/1791836c-adfc-4a9d-aa45-f563281790ba/in_use.lock acquired by nodename 773@pr-hdds-2164-trunk-n6c85-931752109
2019-10-04 19:08:31,087 [pool-227-thread-1] INFO  storage.RaftStorage (RaftStorage.java:format(84)) - Storage directory /workdir/hadoop-ozone/integration-test/target/test-dir/MiniOzoneClusterImpl-b2b53cee-6b8b-4210-8789-385a60e57f66/datanode-2/data/ratis/1791836c-adfc-4a9d-aa45-f563281790ba has been successfully formatted.
2019-10-04 19:08:31,089 [pool-227-thread-1] INFO  ratis.ContainerStateMachine (ContainerStateMachine.java:loadSnapshot(230)) - group-F563281790BA: The snapshot info is null. Setting the last applied indexto:(t:0, i:~)
2019-10-04 19:08:31,089 [pool-227-thread-1] INFO  server.RaftServerConfigKeys (ConfUtils.java:logGet(43)) - raft.server.notification.no-leader.timeout = 120s (custom)
2019-10-04 19:08:31,090 [pool-227-thread-1] INFO  server.RaftServerConfigKeys (ConfUtils.java:logGet(43)) - raft.server.log.use.memory = false (default)
2019-10-04 19:08:31,090 [pool-227-thread-1] INFO  server.RaftServerConfigKeys (ConfUtils.java:logGet(43)) - raft.server.log.purge.gap = 1000000 (custom)
2019-10-04 19:08:31,090 [pool-227-thread-1] INFO  server.RaftServerConfigKeys (ConfUtils.java:logGet(43)) - raft.server.log.appender.buffer.byte-limit = 33554432 (custom)
2019-10-04 19:08:31,091 [pool-227-thread-1] INFO  server.RaftServerConfigKeys (ConfUtils.java:logGet(43)) - raft.server.log.segment.size.max = 1048576 (custom)
2019-10-04 19:08:31,093 [pool-227-thread-1] INFO  server.RaftServerConfigKeys (ConfUtils.java:logGet(43)) - raft.server.log.segment.cache.num.max = 2 (custom)
2019-10-04 19:08:31,093 [pool-227-thread-1] INFO  segmented.SegmentedRaftLogWorker (SegmentedRaftLogWorker.java:<init>(173)) - new 19bd3007-1e52-4912-9c61-e1b3defead3a@group-F563281790BA-SegmentedRaftLogWorker for RaftStorage:Storage Directory /workdir/hadoop-ozone/integration-test/target/test-dir/MiniOzoneClusterImpl-b2b53cee-6b8b-4210-8789-385a60e57f66/datanode-2/data/ratis/1791836c-adfc-4a9d-aa45-f563281790ba
2019-10-04 19:08:31,093 [pool-227-thread-1] INFO  server.RaftServerConfigKeys (ConfUtils.java:logGet(43)) - raft.server.log.queue.byte-limit = 2147483647 (custom)
2019-10-04 19:08:31,094 [pool-227-thread-1] INFO  server.RaftServerConfigKeys (ConfUtils.java:logGet(43)) - raft.server.log.queue.element-limit = 1024 (custom)
2019-10-04 19:08:31,094 [pool-227-thread-1] INFO  server.RaftServerConfigKeys (ConfUtils.java:logGet(43)) - raft.server.log.segment.size.max = 1048576 (custom)
2019-10-04 19:08:31,094 [pool-227-thread-1] INFO  server.RaftServerConfigKeys (ConfUtils.java:logGet(43)) - raft.server.log.preallocated.size = 16384 (custom)
2019-10-04 19:08:31,094 [pool-227-thread-1] INFO  server.RaftServerConfigKeys (ConfUtils.java:logGet(43)) - raft.server.log.write.buffer.size = 33554432 (custom)
2019-10-04 19:08:31,094 [pool-227-thread-1] INFO  server.RaftServerConfigKeys (ConfUtils.java:logGet(43)) - raft.server.log.force.sync.num = 128 (default)
2019-10-04 19:08:31,094 [pool-227-thread-1] INFO  server.RaftServerConfigKeys (ConfUtils.java:logGet(43)) - raft.server.log.statemachine.data.sync = true (default)
2019-10-04 19:08:31,094 [pool-227-thread-1] INFO  server.RaftServerConfigKeys (ConfUtils.java:logGet(43)) - raft.server.log.statemachine.data.sync.timeout = 10s (default)
2019-10-04 19:08:31,095 [pool-227-thread-1] INFO  server.RaftServerConfigKeys (ConfUtils.java:logGet(43)) - raft.server.log.statemachine.data.sync.timeout.retry = -1 (default)
2019-10-04 19:08:31,095 [pool-227-thread-1] INFO  server.RaftServerConfigKeys (ConfUtils.java:logGet(43)) - raft.server.log.statemachine.data.caching.enabled = true (custom)
2019-10-04 19:08:31,095 [pool-227-thread-1] INFO  segmented.SegmentedRaftLogWorker (SegmentedRaftLogWorker.java:lambda$new$0(128)) - 19bd3007-1e52-4912-9c61-e1b3defead3a@group-F563281790BA-SegmentedRaftLogWorker: flushIndex: setUnconditionally 0 -> -1
2019-10-04 19:08:31,096 [pool-227-thread-1] INFO  server.RaftServerConfigKeys (ConfUtils.java:logGet(43)) - raft.server.snapshot.auto.trigger.enabled = true (custom)
2019-10-04 19:08:31,096 [pool-227-thread-1] INFO  server.RaftServerConfigKeys (ConfUtils.java:logGet(43)) - raft.server.snapshot.auto.trigger.threshold = 10000 (custom)
2019-10-04 19:08:31,096 [pool-227-thread-1] INFO  server.RaftServerConfigKeys (ConfUtils.java:logGet(43)) - raft.server.snapshot.retention.file.num = 5 (custom)
2019-10-04 19:08:31,096 [pool-227-thread-1] INFO  server.RaftServerConfigKeys (ConfUtils.java:logGet(43)) - raft.server.retrycache.expirytime = 600000ms (custom)
2019-10-04 19:08:31,098 [pool-227-thread-1] INFO  impl.RaftServerImpl (RaftServerImpl.java:start(181)) - 19bd3007-1e52-4912-9c61-e1b3defead3a@group-F563281790BA: start as a follower, conf=-1: [19bd3007-1e52-4912-9c61-e1b3defead3a:192.168.30.46:43351], old=null
2019-10-04 19:08:31,098 [pool-227-thread-1] INFO  impl.RaftServerImpl (RaftServerImpl.java:setRole(170)) - 19bd3007-1e52-4912-9c61-e1b3defead3a@group-F563281790BA: changes role from      null to FOLLOWER at term 0 for startAsFollower
2019-10-04 19:08:31,098 [pool-227-thread-1] INFO  impl.RoleInfo (RoleInfo.java:updateAndGet(143)) - 19bd3007-1e52-4912-9c61-e1b3defead3a: start FollowerState
2019-10-04 19:08:31,099 [pool-227-thread-1] INFO  util.JmxRegister (JmxRegister.java:tryRegister(44)) - Successfully registered JMX Bean with object name Ratis:service=RaftServer,group=group-F563281790BA,id=19bd3007-1e52-4912-9c61-e1b3defead3a
2019-10-04 19:08:31,106 [RatisPipelineUtilsThread] INFO  pipeline.PipelineStateManager (PipelineStateManager.java:addPipeline(56)) - Created pipeline Pipeline[ Id: 1791836c-adfc-4a9d-aa45-f563281790ba, Nodes: 19bd3007-1e52-4912-9c61-e1b3defead3a{ip: 192.168.30.46, host: pr-hdds-2164-trunk-n6c85-931752109, networkLocation: /default-rack, certSerialId: null}, Type:RATIS, Factor:ONE, State:OPEN]
2019-10-04 19:08:31,116 [grpc-default-executor-1] INFO  impl.RaftServerProxy (RaftServerProxy.java:addNew(89)) - ab77a81b-e30a-4472-9397-726189fd159d: addNew group-6E8912B61BD3:[ab77a81b-e30a-4472-9397-726189fd159d:192.168.30.46:41497] returns group-6E8912B61BD3:java.util.concurrent.CompletableFuture@14f36118[Not completed]
2019-10-04 19:08:31,116 [IPC Server handler 4 on 39729] INFO  net.NetworkTopology (NetworkTopologyImpl.java:add(111)) - Added a new node: /default-rack/0c740033-5552-4d27-ab2d-faeb035c7a1c
2019-10-04 19:08:31,117 [IPC Server handler 4 on 39729] INFO  node.SCMNodeManager (SCMNodeManager.java:register(268)) - Registered Data node : 0c740033-5552-4d27-ab2d-faeb035c7a1c{ip: 192.168.30.46, host: pr-hdds-2164-trunk-n6c85-931752109, networkLocation: /default-rack, certSerialId: null}
2019-10-04 19:08:31,118 [pool-237-thread-1] INFO  impl.RaftServerImpl (RaftServerImpl.java:<init>(95)) - ab77a81b-e30a-4472-9397-726189fd159d: new RaftServerImpl for group-6E8912B61BD3:[ab77a81b-e30a-4472-9397-726189fd159d:192.168.30.46:41497] with ContainerStateMachine:uninitialized
2019-10-04 19:08:31,118 [pool-237-thread-1] INFO  server.RaftServerConfigKeys (ConfUtils.java:logGet(43)) - raft.server.rpc.timeout.min = 5s (custom)
2019-10-04 19:08:31,118 [pool-237-thread-1] INFO  server.RaftServerConfigKeys (ConfUtils.java:logGet(43)) - raft.server.rpc.timeout.max = 5200ms (custom)
2019-10-04 19:08:31,118 [pool-237-thread-1] INFO  server.RaftServerConfigKeys (ConfUtils.java:logGet(43)) - raft.server.rpcslowness.timeout = 120s (custom)
2019-10-04 19:08:31,118 [pool-237-thread-1] INFO  server.RaftServerConfigKeys (ConfUtils.java:logGet(43)) - raft.server.sleep.deviation.threshold = 300 (default)
2019-10-04 19:08:31,118 [pool-237-thread-1] INFO  server.RaftServerConfigKeys (ConfUtils.java:logGet(43)) - raft.server.log.appender.install.snapshot.enabled = false (custom)
2019-10-04 19:08:31,119 [pool-237-thread-1] INFO  impl.RaftServerImpl (ServerState.java:<init>(103)) - ab77a81b-e30a-4472-9397-726189fd159d@group-6E8912B61BD3: ConfigurationManager, init=-1: [ab77a81b-e30a-4472-9397-726189fd159d:192.168.30.46:41497], old=null, confs=<EMPTY_MAP>
2019-10-04 19:08:31,119 [pool-237-thread-1] INFO  server.RaftServerConfigKeys (ConfUtils.java:logGet(43)) - raft.server.storage.dir = [/workdir/hadoop-ozone/integration-test/target/test-dir/MiniOzoneClusterImpl-b2b53cee-6b8b-4210-8789-385a60e57f66/datanode-3/data/ratis] (custom)
2019-10-04 19:08:31,119 [pool-237-thread-1] INFO  server.RaftServerConfigKeys (ConfUtils.java:logGet(43)) - raft.server.log.corruption.policy = EXCEPTION (default)
2019-10-04 19:08:31,119 [pool-237-thread-1] INFO  storage.RaftStorageDirectory (RaftStorageDirectory.java:analyzeStorage(246)) - The storage directory /workdir/hadoop-ozone/integration-test/target/test-dir/MiniOzoneClusterImpl-b2b53cee-6b8b-4210-8789-385a60e57f66/datanode-3/data/ratis/a7aea5e5-c7fc-4735-8d1c-6e8912b61bd3 does not exist. Creating ...
2019-10-04 19:08:31,146 [pool-237-thread-1] INFO  storage.RaftStorageDirectory (RaftStorageDirectory.java:tryLock(328)) - Lock on /workdir/hadoop-ozone/integration-test/target/test-dir/MiniOzoneClusterImpl-b2b53cee-6b8b-4210-8789-385a60e57f66/datanode-3/data/ratis/a7aea5e5-c7fc-4735-8d1c-6e8912b61bd3/in_use.lock acquired by nodename 773@pr-hdds-2164-trunk-n6c85-931752109
2019-10-04 19:08:31,163 [pool-237-thread-1] INFO  storage.RaftStorage (RaftStorage.java:format(84)) - Storage directory /workdir/hadoop-ozone/integration-test/target/test-dir/MiniOzoneClusterImpl-b2b53cee-6b8b-4210-8789-385a60e57f66/datanode-3/data/ratis/a7aea5e5-c7fc-4735-8d1c-6e8912b61bd3 has been successfully formatted.
2019-10-04 19:08:31,163 [pool-237-thread-1] INFO  ratis.ContainerStateMachine (ContainerStateMachine.java:loadSnapshot(230)) - group-6E8912B61BD3: The snapshot info is null. Setting the last applied indexto:(t:0, i:~)
2019-10-04 19:08:31,163 [pool-237-thread-1] INFO  server.RaftServerConfigKeys (ConfUtils.java:logGet(43)) - raft.server.notification.no-leader.timeout = 120s (custom)
2019-10-04 19:08:31,163 [pool-237-thread-1] INFO  server.RaftServerConfigKeys (ConfUtils.java:logGet(43)) - raft.server.log.use.memory = false (default)
2019-10-04 19:08:31,163 [pool-237-thread-1] INFO  server.RaftServerConfigKeys (ConfUtils.java:logGet(43)) - raft.server.log.purge.gap = 1000000 (custom)
2019-10-04 19:08:31,164 [pool-237-thread-1] INFO  server.RaftServerConfigKeys (ConfUtils.java:logGet(43)) - raft.server.log.appender.buffer.byte-limit = 33554432 (custom)
2019-10-04 19:08:31,164 [pool-237-thread-1] INFO  server.RaftServerConfigKeys (ConfUtils.java:logGet(43)) - raft.server.log.segment.size.max = 1048576 (custom)
2019-10-04 19:08:31,166 [pool-237-thread-1] INFO  server.RaftServerConfigKeys (ConfUtils.java:logGet(43)) - raft.server.log.segment.cache.num.max = 2 (custom)
2019-10-04 19:08:31,166 [pool-237-thread-1] INFO  segmented.SegmentedRaftLogWorker (SegmentedRaftLogWorker.java:<init>(173)) - new ab77a81b-e30a-4472-9397-726189fd159d@group-6E8912B61BD3-SegmentedRaftLogWorker for RaftStorage:Storage Directory /workdir/hadoop-ozone/integration-test/target/test-dir/MiniOzoneClusterImpl-b2b53cee-6b8b-4210-8789-385a60e57f66/datanode-3/data/ratis/a7aea5e5-c7fc-4735-8d1c-6e8912b61bd3
2019-10-04 19:08:31,166 [pool-237-thread-1] INFO  server.RaftServerConfigKeys (ConfUtils.java:logGet(43)) - raft.server.log.queue.byte-limit = 2147483647 (custom)
2019-10-04 19:08:31,166 [pool-237-thread-1] INFO  server.RaftServerConfigKeys (ConfUtils.java:logGet(43)) - raft.server.log.queue.element-limit = 1024 (custom)
2019-10-04 19:08:31,166 [pool-237-thread-1] INFO  server.RaftServerConfigKeys (ConfUtils.java:logGet(43)) - raft.server.log.segment.size.max = 1048576 (custom)
2019-10-04 19:08:31,166 [pool-237-thread-1] INFO  server.RaftServerConfigKeys (ConfUtils.java:logGet(43)) - raft.server.log.preallocated.size = 16384 (custom)
2019-10-04 19:08:31,167 [pool-237-thread-1] INFO  server.RaftServerConfigKeys (ConfUtils.java:logGet(43)) - raft.server.log.write.buffer.size = 33554432 (custom)
2019-10-04 19:08:31,167 [pool-237-thread-1] INFO  server.RaftServerConfigKeys (ConfUtils.java:logGet(43)) - raft.server.log.force.sync.num = 128 (default)
2019-10-04 19:08:31,167 [pool-237-thread-1] INFO  server.RaftServerConfigKeys (ConfUtils.java:logGet(43)) - raft.server.log.statemachine.data.sync = true (default)
2019-10-04 19:08:31,167 [pool-237-thread-1] INFO  server.RaftServerConfigKeys (ConfUtils.java:logGet(43)) - raft.server.log.statemachine.data.sync.timeout = 10s (default)
2019-10-04 19:08:31,167 [pool-237-thread-1] INFO  server.RaftServerConfigKeys (ConfUtils.java:logGet(43)) - raft.server.log.statemachine.data.sync.timeout.retry = -1 (default)
2019-10-04 19:08:31,167 [pool-237-thread-1] INFO  server.RaftServerConfigKeys (ConfUtils.java:logGet(43)) - raft.server.log.statemachine.data.caching.enabled = true (custom)
2019-10-04 19:08:31,168 [pool-237-thread-1] INFO  segmented.SegmentedRaftLogWorker (SegmentedRaftLogWorker.java:lambda$new$0(128)) - ab77a81b-e30a-4472-9397-726189fd159d@group-6E8912B61BD3-SegmentedRaftLogWorker: flushIndex: setUnconditionally 0 -> -1
2019-10-04 19:08:31,168 [pool-237-thread-1] INFO  server.RaftServerConfigKeys (ConfUtils.java:logGet(43)) - raft.server.snapshot.auto.trigger.enabled = true (custom)
2019-10-04 19:08:31,168 [pool-237-thread-1] INFO  server.RaftServerConfigKeys (ConfUtils.java:logGet(43)) - raft.server.snapshot.auto.trigger.threshold = 10000 (custom)
2019-10-04 19:08:31,168 [pool-237-thread-1] INFO  server.RaftServerConfigKeys (ConfUtils.java:logGet(43)) - raft.server.snapshot.retention.file.num = 5 (custom)
2019-10-04 19:08:31,168 [pool-237-thread-1] INFO  server.RaftServerConfigKeys (ConfUtils.java:logGet(43)) - raft.server.retrycache.expirytime = 600000ms (custom)
2019-10-04 19:08:31,170 [pool-237-thread-1] INFO  impl.RaftServerImpl (RaftServerImpl.java:start(181)) - ab77a81b-e30a-4472-9397-726189fd159d@group-6E8912B61BD3: start as a follower, conf=-1: [ab77a81b-e30a-4472-9397-726189fd159d:192.168.30.46:41497], old=null
2019-10-04 19:08:31,170 [pool-237-thread-1] INFO  impl.RaftServerImpl (RaftServerImpl.java:setRole(170)) - ab77a81b-e30a-4472-9397-726189fd159d@group-6E8912B61BD3: changes role from      null to FOLLOWER at term 0 for startAsFollower
2019-10-04 19:08:31,171 [pool-237-thread-1] INFO  impl.RoleInfo (RoleInfo.java:updateAndGet(143)) - ab77a81b-e30a-4472-9397-726189fd159d: start FollowerState
2019-10-04 19:08:31,171 [pool-237-thread-1] INFO  util.JmxRegister (JmxRegister.java:tryRegister(44)) - Successfully registered JMX Bean with object name Ratis:service=RaftServer,group=group-6E8912B61BD3,id=ab77a81b-e30a-4472-9397-726189fd159d
2019-10-04 19:08:31,179 [RatisPipelineUtilsThread] INFO  pipeline.PipelineStateManager (PipelineStateManager.java:addPipeline(56)) - Created pipeline Pipeline[ Id: a7aea5e5-c7fc-4735-8d1c-6e8912b61bd3, Nodes: ab77a81b-e30a-4472-9397-726189fd159d{ip: 192.168.30.46, host: pr-hdds-2164-trunk-n6c85-931752109, networkLocation: /default-rack, certSerialId: null}, Type:RATIS, Factor:ONE, State:OPEN]
2019-10-04 19:08:31,181 [IPC Server handler 1 on 39729] INFO  net.NetworkTopology (NetworkTopologyImpl.java:add(111)) - Added a new node: /default-rack/de79c590-bc61-4ebb-a0bd-a6c4482f5622
2019-10-04 19:08:31,181 [IPC Server handler 1 on 39729] INFO  node.SCMNodeManager (SCMNodeManager.java:register(268)) - Registered Data node : de79c590-bc61-4ebb-a0bd-a6c4482f5622{ip: 192.168.30.46, host: pr-hdds-2164-trunk-n6c85-931752109, networkLocation: /default-rack, certSerialId: null}
2019-10-04 19:08:31,190 [grpc-default-executor-1] INFO  impl.RaftServerProxy (RaftServerProxy.java:addNew(89)) - 0c740033-5552-4d27-ab2d-faeb035c7a1c: addNew group-C6CC05BCD2E2:[0c740033-5552-4d27-ab2d-faeb035c7a1c:192.168.30.46:46146] returns group-C6CC05BCD2E2:java.util.concurrent.CompletableFuture@37062f60[Not completed]
2019-10-04 19:08:31,192 [pool-247-thread-1] INFO  impl.RaftServerImpl (RaftServerImpl.java:<init>(95)) - 0c740033-5552-4d27-ab2d-faeb035c7a1c: new RaftServerImpl for group-C6CC05BCD2E2:[0c740033-5552-4d27-ab2d-faeb035c7a1c:192.168.30.46:46146] with ContainerStateMachine:uninitialized
2019-10-04 19:08:31,192 [pool-247-thread-1] INFO  server.RaftServerConfigKeys (ConfUtils.java:logGet(43)) - raft.server.rpc.timeout.min = 5s (custom)
2019-10-04 19:08:31,192 [pool-247-thread-1] INFO  server.RaftServerConfigKeys (ConfUtils.java:logGet(43)) - raft.server.rpc.timeout.max = 5200ms (custom)
2019-10-04 19:08:31,192 [pool-247-thread-1] INFO  server.RaftServerConfigKeys (ConfUtils.java:logGet(43)) - raft.server.rpcslowness.timeout = 120s (custom)
2019-10-04 19:08:31,192 [pool-247-thread-1] INFO  server.RaftServerConfigKeys (ConfUtils.java:logGet(43)) - raft.server.sleep.deviation.threshold = 300 (default)
2019-10-04 19:08:31,192 [pool-247-thread-1] INFO  server.RaftServerConfigKeys (ConfUtils.java:logGet(43)) - raft.server.log.appender.install.snapshot.enabled = false (custom)
2019-10-04 19:08:31,192 [pool-247-thread-1] INFO  impl.RaftServerImpl (ServerState.java:<init>(103)) - 0c740033-5552-4d27-ab2d-faeb035c7a1c@group-C6CC05BCD2E2: ConfigurationManager, init=-1: [0c740033-5552-4d27-ab2d-faeb035c7a1c:192.168.30.46:46146], old=null, confs=<EMPTY_MAP>
2019-10-04 19:08:31,192 [pool-247-thread-1] INFO  server.RaftServerConfigKeys (ConfUtils.java:logGet(43)) - raft.server.storage.dir = [/workdir/hadoop-ozone/integration-test/target/test-dir/MiniOzoneClusterImpl-b2b53cee-6b8b-4210-8789-385a60e57f66/datanode-4/data/ratis] (custom)
2019-10-04 19:08:31,193 [pool-247-thread-1] INFO  server.RaftServerConfigKeys (ConfUtils.java:logGet(43)) - raft.server.log.corruption.policy = EXCEPTION (default)
2019-10-04 19:08:31,193 [pool-247-thread-1] INFO  storage.RaftStorageDirectory (RaftStorageDirectory.java:analyzeStorage(246)) - The storage directory /workdir/hadoop-ozone/integration-test/target/test-dir/MiniOzoneClusterImpl-b2b53cee-6b8b-4210-8789-385a60e57f66/datanode-4/data/ratis/cd7e15bc-d4d4-47d7-aa9f-c6cc05bcd2e2 does not exist. Creating ...
2019-10-04 19:08:31,221 [pool-247-thread-1] INFO  storage.RaftStorageDirectory (RaftStorageDirectory.java:tryLock(328)) - Lock on /workdir/hadoop-ozone/integration-test/target/test-dir/MiniOzoneClusterImpl-b2b53cee-6b8b-4210-8789-385a60e57f66/datanode-4/data/ratis/cd7e15bc-d4d4-47d7-aa9f-c6cc05bcd2e2/in_use.lock acquired by nodename 773@pr-hdds-2164-trunk-n6c85-931752109
2019-10-04 19:08:31,247 [pool-247-thread-1] INFO  storage.RaftStorage (RaftStorage.java:format(84)) - Storage directory /workdir/hadoop-ozone/integration-test/target/test-dir/MiniOzoneClusterImpl-b2b53cee-6b8b-4210-8789-385a60e57f66/datanode-4/data/ratis/cd7e15bc-d4d4-47d7-aa9f-c6cc05bcd2e2 has been successfully formatted.
2019-10-04 19:08:31,247 [pool-247-thread-1] INFO  ratis.ContainerStateMachine (ContainerStateMachine.java:loadSnapshot(230)) - group-C6CC05BCD2E2: The snapshot info is null. Setting the last applied indexto:(t:0, i:~)
2019-10-04 19:08:31,247 [main] INFO  ozone.MiniOzoneClusterImpl (MiniOzoneClusterImpl.java:lambda$waitForClusterToBeReady$0(147)) - Waiting for cluster to be ready. Got 6 of 7 DN Heartbeats.
2019-10-04 19:08:31,247 [pool-247-thread-1] INFO  server.RaftServerConfigKeys (ConfUtils.java:logGet(43)) - raft.server.notification.no-leader.timeout = 120s (custom)
2019-10-04 19:08:31,248 [IPC Server handler 8 on 39729] INFO  net.NetworkTopology (NetworkTopologyImpl.java:add(111)) - Added a new node: /default-rack/380d06fd-4e90-463f-8d61-4d85dc83771f
2019-10-04 19:08:31,248 [pool-247-thread-1] INFO  server.RaftServerConfigKeys (ConfUtils.java:logGet(43)) - raft.server.log.use.memory = false (default)
2019-10-04 19:08:31,248 [IPC Server handler 8 on 39729] INFO  node.SCMNodeManager (SCMNodeManager.java:register(268)) - Registered Data node : 380d06fd-4e90-463f-8d61-4d85dc83771f{ip: 192.168.30.46, host: pr-hdds-2164-trunk-n6c85-931752109, networkLocation: /default-rack, certSerialId: null}
2019-10-04 19:08:31,248 [pool-247-thread-1] INFO  server.RaftServerConfigKeys (ConfUtils.java:logGet(43)) - raft.server.log.purge.gap = 1000000 (custom)
2019-10-04 19:08:31,248 [pool-247-thread-1] INFO  server.RaftServerConfigKeys (ConfUtils.java:logGet(43)) - raft.server.log.appender.buffer.byte-limit = 33554432 (custom)
2019-10-04 19:08:31,249 [pool-247-thread-1] INFO  server.RaftServerConfigKeys (ConfUtils.java:logGet(43)) - raft.server.log.segment.size.max = 1048576 (custom)
2019-10-04 19:08:31,251 [pool-247-thread-1] INFO  server.RaftServerConfigKeys (ConfUtils.java:logGet(43)) - raft.server.log.segment.cache.num.max = 2 (custom)
2019-10-04 19:08:31,251 [pool-247-thread-1] INFO  segmented.SegmentedRaftLogWorker (SegmentedRaftLogWorker.java:<init>(173)) - new 0c740033-5552-4d27-ab2d-faeb035c7a1c@group-C6CC05BCD2E2-SegmentedRaftLogWorker for RaftStorage:Storage Directory /workdir/hadoop-ozone/integration-test/target/test-dir/MiniOzoneClusterImpl-b2b53cee-6b8b-4210-8789-385a60e57f66/datanode-4/data/ratis/cd7e15bc-d4d4-47d7-aa9f-c6cc05bcd2e2
2019-10-04 19:08:31,251 [pool-247-thread-1] INFO  server.RaftServerConfigKeys (ConfUtils.java:logGet(43)) - raft.server.log.queue.byte-limit = 2147483647 (custom)
2019-10-04 19:08:31,251 [pool-247-thread-1] INFO  server.RaftServerConfigKeys (ConfUtils.java:logGet(43)) - raft.server.log.queue.element-limit = 1024 (custom)
2019-10-04 19:08:31,251 [pool-247-thread-1] INFO  server.RaftServerConfigKeys (ConfUtils.java:logGet(43)) - raft.server.log.segment.size.max = 1048576 (custom)
2019-10-04 19:08:31,251 [pool-247-thread-1] INFO  server.RaftServerConfigKeys (ConfUtils.java:logGet(43)) - raft.server.log.preallocated.size = 16384 (custom)
2019-10-04 19:08:31,251 [pool-247-thread-1] INFO  server.RaftServerConfigKeys (ConfUtils.java:logGet(43)) - raft.server.log.write.buffer.size = 33554432 (custom)
2019-10-04 19:08:31,251 [pool-247-thread-1] INFO  server.RaftServerConfigKeys (ConfUtils.java:logGet(43)) - raft.server.log.force.sync.num = 128 (default)
2019-10-04 19:08:31,252 [pool-247-thread-1] INFO  server.RaftServerConfigKeys (ConfUtils.java:logGet(43)) - raft.server.log.statemachine.data.sync = true (default)
2019-10-04 19:08:31,252 [pool-247-thread-1] INFO  server.RaftServerConfigKeys (ConfUtils.java:logGet(43)) - raft.server.log.statemachine.data.sync.timeout = 10s (default)
2019-10-04 19:08:31,252 [pool-247-thread-1] INFO  server.RaftServerConfigKeys (ConfUtils.java:logGet(43)) - raft.server.log.statemachine.data.sync.timeout.retry = -1 (default)
2019-10-04 19:08:31,252 [pool-247-thread-1] INFO  server.RaftServerConfigKeys (ConfUtils.java:logGet(43)) - raft.server.log.statemachine.data.caching.enabled = true (custom)
2019-10-04 19:08:31,253 [pool-247-thread-1] INFO  segmented.SegmentedRaftLogWorker (SegmentedRaftLogWorker.java:lambda$new$0(128)) - 0c740033-5552-4d27-ab2d-faeb035c7a1c@group-C6CC05BCD2E2-SegmentedRaftLogWorker: flushIndex: setUnconditionally 0 -> -1
2019-10-04 19:08:31,253 [pool-247-thread-1] INFO  server.RaftServerConfigKeys (ConfUtils.java:logGet(43)) - raft.server.snapshot.auto.trigger.enabled = true (custom)
2019-10-04 19:08:31,253 [pool-247-thread-1] INFO  server.RaftServerConfigKeys (ConfUtils.java:logGet(43)) - raft.server.snapshot.auto.trigger.threshold = 10000 (custom)
2019-10-04 19:08:31,253 [pool-247-thread-1] INFO  server.RaftServerConfigKeys (ConfUtils.java:logGet(43)) - raft.server.snapshot.retention.file.num = 5 (custom)
2019-10-04 19:08:31,253 [pool-247-thread-1] INFO  server.RaftServerConfigKeys (ConfUtils.java:logGet(43)) - raft.server.retrycache.expirytime = 600000ms (custom)
2019-10-04 19:08:31,255 [pool-247-thread-1] INFO  impl.RaftServerImpl (RaftServerImpl.java:start(181)) - 0c740033-5552-4d27-ab2d-faeb035c7a1c@group-C6CC05BCD2E2: start as a follower, conf=-1: [0c740033-5552-4d27-ab2d-faeb035c7a1c:192.168.30.46:46146], old=null
2019-10-04 19:08:31,255 [pool-247-thread-1] INFO  impl.RaftServerImpl (RaftServerImpl.java:setRole(170)) - 0c740033-5552-4d27-ab2d-faeb035c7a1c@group-C6CC05BCD2E2: changes role from      null to FOLLOWER at term 0 for startAsFollower
2019-10-04 19:08:31,255 [pool-247-thread-1] INFO  impl.RoleInfo (RoleInfo.java:updateAndGet(143)) - 0c740033-5552-4d27-ab2d-faeb035c7a1c: start FollowerState
2019-10-04 19:08:31,256 [pool-247-thread-1] INFO  util.JmxRegister (JmxRegister.java:tryRegister(44)) - Successfully registered JMX Bean with object name Ratis:service=RaftServer,group=group-C6CC05BCD2E2,id=0c740033-5552-4d27-ab2d-faeb035c7a1c
2019-10-04 19:08:31,263 [RatisPipelineUtilsThread] INFO  pipeline.PipelineStateManager (PipelineStateManager.java:addPipeline(56)) - Created pipeline Pipeline[ Id: cd7e15bc-d4d4-47d7-aa9f-c6cc05bcd2e2, Nodes: 0c740033-5552-4d27-ab2d-faeb035c7a1c{ip: 192.168.30.46, host: pr-hdds-2164-trunk-n6c85-931752109, networkLocation: /default-rack, certSerialId: null}, Type:RATIS, Factor:ONE, State:OPEN]
2019-10-04 19:08:31,282 [grpc-default-executor-1] INFO  impl.RaftServerProxy (RaftServerProxy.java:addNew(89)) - de79c590-bc61-4ebb-a0bd-a6c4482f5622: addNew group-6195C4CDEFC7:[de79c590-bc61-4ebb-a0bd-a6c4482f5622:192.168.30.46:36119] returns group-6195C4CDEFC7:java.util.concurrent.CompletableFuture@667abe8f[Not completed]
2019-10-04 19:08:31,284 [pool-257-thread-1] INFO  impl.RaftServerImpl (RaftServerImpl.java:<init>(95)) - de79c590-bc61-4ebb-a0bd-a6c4482f5622: new RaftServerImpl for group-6195C4CDEFC7:[de79c590-bc61-4ebb-a0bd-a6c4482f5622:192.168.30.46:36119] with ContainerStateMachine:uninitialized
2019-10-04 19:08:31,284 [pool-257-thread-1] INFO  server.RaftServerConfigKeys (ConfUtils.java:logGet(43)) - raft.server.rpc.timeout.min = 5s (custom)
2019-10-04 19:08:31,284 [pool-257-thread-1] INFO  server.RaftServerConfigKeys (ConfUtils.java:logGet(43)) - raft.server.rpc.timeout.max = 5200ms (custom)
2019-10-04 19:08:31,284 [pool-257-thread-1] INFO  server.RaftServerConfigKeys (ConfUtils.java:logGet(43)) - raft.server.rpcslowness.timeout = 120s (custom)
2019-10-04 19:08:31,284 [pool-257-thread-1] INFO  server.RaftServerConfigKeys (ConfUtils.java:logGet(43)) - raft.server.sleep.deviation.threshold = 300 (default)
2019-10-04 19:08:31,285 [pool-257-thread-1] INFO  server.RaftServerConfigKeys (ConfUtils.java:logGet(43)) - raft.server.log.appender.install.snapshot.enabled = false (custom)
2019-10-04 19:08:31,285 [pool-257-thread-1] INFO  impl.RaftServerImpl (ServerState.java:<init>(103)) - de79c590-bc61-4ebb-a0bd-a6c4482f5622@group-6195C4CDEFC7: ConfigurationManager, init=-1: [de79c590-bc61-4ebb-a0bd-a6c4482f5622:192.168.30.46:36119], old=null, confs=<EMPTY_MAP>
2019-10-04 19:08:31,285 [pool-257-thread-1] INFO  server.RaftServerConfigKeys (ConfUtils.java:logGet(43)) - raft.server.storage.dir = [/workdir/hadoop-ozone/integration-test/target/test-dir/MiniOzoneClusterImpl-b2b53cee-6b8b-4210-8789-385a60e57f66/datanode-5/data/ratis] (custom)
2019-10-04 19:08:31,285 [pool-257-thread-1] INFO  server.RaftServerConfigKeys (ConfUtils.java:logGet(43)) - raft.server.log.corruption.policy = EXCEPTION (default)
2019-10-04 19:08:31,286 [pool-257-thread-1] INFO  storage.RaftStorageDirectory (RaftStorageDirectory.java:analyzeStorage(246)) - The storage directory /workdir/hadoop-ozone/integration-test/target/test-dir/MiniOzoneClusterImpl-b2b53cee-6b8b-4210-8789-385a60e57f66/datanode-5/data/ratis/f5ad8af6-72cf-4384-abea-6195c4cdefc7 does not exist. Creating ...
2019-10-04 19:08:31,314 [pool-257-thread-1] INFO  storage.RaftStorageDirectory (RaftStorageDirectory.java:tryLock(328)) - Lock on /workdir/hadoop-ozone/integration-test/target/test-dir/MiniOzoneClusterImpl-b2b53cee-6b8b-4210-8789-385a60e57f66/datanode-5/data/ratis/f5ad8af6-72cf-4384-abea-6195c4cdefc7/in_use.lock acquired by nodename 773@pr-hdds-2164-trunk-n6c85-931752109
2019-10-04 19:08:31,340 [pool-257-thread-1] INFO  storage.RaftStorage (RaftStorage.java:format(84)) - Storage directory /workdir/hadoop-ozone/integration-test/target/test-dir/MiniOzoneClusterImpl-b2b53cee-6b8b-4210-8789-385a60e57f66/datanode-5/data/ratis/f5ad8af6-72cf-4384-abea-6195c4cdefc7 has been successfully formatted.
2019-10-04 19:08:31,340 [pool-257-thread-1] INFO  ratis.ContainerStateMachine (ContainerStateMachine.java:loadSnapshot(230)) - group-6195C4CDEFC7: The snapshot info is null. Setting the last applied indexto:(t:0, i:~)
2019-10-04 19:08:31,340 [pool-257-thread-1] INFO  server.RaftServerConfigKeys (ConfUtils.java:logGet(43)) - raft.server.notification.no-leader.timeout = 120s (custom)
2019-10-04 19:08:31,341 [pool-257-thread-1] INFO  server.RaftServerConfigKeys (ConfUtils.java:logGet(43)) - raft.server.log.use.memory = false (default)
2019-10-04 19:08:31,341 [pool-257-thread-1] INFO  server.RaftServerConfigKeys (ConfUtils.java:logGet(43)) - raft.server.log.purge.gap = 1000000 (custom)
2019-10-04 19:08:31,341 [pool-257-thread-1] INFO  server.RaftServerConfigKeys (ConfUtils.java:logGet(43)) - raft.server.log.appender.buffer.byte-limit = 33554432 (custom)
2019-10-04 19:08:31,341 [pool-257-thread-1] INFO  server.RaftServerConfigKeys (ConfUtils.java:logGet(43)) - raft.server.log.segment.size.max = 1048576 (custom)
2019-10-04 19:08:31,344 [pool-257-thread-1] INFO  server.RaftServerConfigKeys (ConfUtils.java:logGet(43)) - raft.server.log.segment.cache.num.max = 2 (custom)
2019-10-04 19:08:31,344 [pool-257-thread-1] INFO  segmented.SegmentedRaftLogWorker (SegmentedRaftLogWorker.java:<init>(173)) - new de79c590-bc61-4ebb-a0bd-a6c4482f5622@group-6195C4CDEFC7-SegmentedRaftLogWorker for RaftStorage:Storage Directory /workdir/hadoop-ozone/integration-test/target/test-dir/MiniOzoneClusterImpl-b2b53cee-6b8b-4210-8789-385a60e57f66/datanode-5/data/ratis/f5ad8af6-72cf-4384-abea-6195c4cdefc7
2019-10-04 19:08:31,344 [pool-257-thread-1] INFO  server.RaftServerConfigKeys (ConfUtils.java:logGet(43)) - raft.server.log.queue.byte-limit = 2147483647 (custom)
2019-10-04 19:08:31,344 [pool-257-thread-1] INFO  server.RaftServerConfigKeys (ConfUtils.java:logGet(43)) - raft.server.log.queue.element-limit = 1024 (custom)
2019-10-04 19:08:31,344 [pool-257-thread-1] INFO  server.RaftServerConfigKeys (ConfUtils.java:logGet(43)) - raft.server.log.segment.size.max = 1048576 (custom)
2019-10-04 19:08:31,344 [pool-257-thread-1] INFO  server.RaftServerConfigKeys (ConfUtils.java:logGet(43)) - raft.server.log.preallocated.size = 16384 (custom)
2019-10-04 19:08:31,344 [pool-257-thread-1] INFO  server.RaftServerConfigKeys (ConfUtils.java:logGet(43)) - raft.server.log.write.buffer.size = 33554432 (custom)
2019-10-04 19:08:31,345 [pool-257-thread-1] INFO  server.RaftServerConfigKeys (ConfUtils.java:logGet(43)) - raft.server.log.force.sync.num = 128 (default)
2019-10-04 19:08:31,345 [pool-257-thread-1] INFO  server.RaftServerConfigKeys (ConfUtils.java:logGet(43)) - raft.server.log.statemachine.data.sync = true (default)
2019-10-04 19:08:31,345 [pool-257-thread-1] INFO  server.RaftServerConfigKeys (ConfUtils.java:logGet(43)) - raft.server.log.statemachine.data.sync.timeout = 10s (default)
2019-10-04 19:08:31,345 [pool-257-thread-1] INFO  server.RaftServerConfigKeys (ConfUtils.java:logGet(43)) - raft.server.log.statemachine.data.sync.timeout.retry = -1 (default)
2019-10-04 19:08:31,345 [pool-257-thread-1] INFO  server.RaftServerConfigKeys (ConfUtils.java:logGet(43)) - raft.server.log.statemachine.data.caching.enabled = true (custom)
2019-10-04 19:08:31,346 [pool-257-thread-1] INFO  segmented.SegmentedRaftLogWorker (SegmentedRaftLogWorker.java:lambda$new$0(128)) - de79c590-bc61-4ebb-a0bd-a6c4482f5622@group-6195C4CDEFC7-SegmentedRaftLogWorker: flushIndex: setUnconditionally 0 -> -1
2019-10-04 19:08:31,346 [pool-257-thread-1] INFO  server.RaftServerConfigKeys (ConfUtils.java:logGet(43)) - raft.server.snapshot.auto.trigger.enabled = true (custom)
2019-10-04 19:08:31,346 [pool-257-thread-1] INFO  server.RaftServerConfigKeys (ConfUtils.java:logGet(43)) - raft.server.snapshot.auto.trigger.threshold = 10000 (custom)
2019-10-04 19:08:31,346 [pool-257-thread-1] INFO  server.RaftServerConfigKeys (ConfUtils.java:logGet(43)) - raft.server.snapshot.retention.file.num = 5 (custom)
2019-10-04 19:08:31,347 [pool-257-thread-1] INFO  server.RaftServerConfigKeys (ConfUtils.java:logGet(43)) - raft.server.retrycache.expirytime = 600000ms (custom)
2019-10-04 19:08:31,349 [pool-257-thread-1] INFO  impl.RaftServerImpl (RaftServerImpl.java:start(181)) - de79c590-bc61-4ebb-a0bd-a6c4482f5622@group-6195C4CDEFC7: start as a follower, conf=-1: [de79c590-bc61-4ebb-a0bd-a6c4482f5622:192.168.30.46:36119], old=null
2019-10-04 19:08:31,349 [pool-257-thread-1] INFO  impl.RaftServerImpl (RaftServerImpl.java:setRole(170)) - de79c590-bc61-4ebb-a0bd-a6c4482f5622@group-6195C4CDEFC7: changes role from      null to FOLLOWER at term 0 for startAsFollower
2019-10-04 19:08:31,349 [pool-257-thread-1] INFO  impl.RoleInfo (RoleInfo.java:updateAndGet(143)) - de79c590-bc61-4ebb-a0bd-a6c4482f5622: start FollowerState
2019-10-04 19:08:31,349 [pool-257-thread-1] INFO  util.JmxRegister (JmxRegister.java:tryRegister(44)) - Successfully registered JMX Bean with object name Ratis:service=RaftServer,group=group-6195C4CDEFC7,id=de79c590-bc61-4ebb-a0bd-a6c4482f5622
2019-10-04 19:08:31,358 [RatisPipelineUtilsThread] INFO  pipeline.PipelineStateManager (PipelineStateManager.java:addPipeline(56)) - Created pipeline Pipeline[ Id: f5ad8af6-72cf-4384-abea-6195c4cdefc7, Nodes: de79c590-bc61-4ebb-a0bd-a6c4482f5622{ip: 192.168.30.46, host: pr-hdds-2164-trunk-n6c85-931752109, networkLocation: /default-rack, certSerialId: null}, Type:RATIS, Factor:ONE, State:OPEN]
2019-10-04 19:08:31,367 [grpc-default-executor-1] INFO  impl.RaftServerProxy (RaftServerProxy.java:addNew(89)) - 380d06fd-4e90-463f-8d61-4d85dc83771f: addNew group-3FF62DB9F0F2:[380d06fd-4e90-463f-8d61-4d85dc83771f:192.168.30.46:39158] returns group-3FF62DB9F0F2:java.util.concurrent.CompletableFuture@7782c930[Not completed]
2019-10-04 19:08:31,368 [pool-267-thread-1] INFO  impl.RaftServerImpl (RaftServerImpl.java:<init>(95)) - 380d06fd-4e90-463f-8d61-4d85dc83771f: new RaftServerImpl for group-3FF62DB9F0F2:[380d06fd-4e90-463f-8d61-4d85dc83771f:192.168.30.46:39158] with ContainerStateMachine:uninitialized
2019-10-04 19:08:31,368 [pool-267-thread-1] INFO  server.RaftServerConfigKeys (ConfUtils.java:logGet(43)) - raft.server.rpc.timeout.min = 5s (custom)
2019-10-04 19:08:31,368 [pool-267-thread-1] INFO  server.RaftServerConfigKeys (ConfUtils.java:logGet(43)) - raft.server.rpc.timeout.max = 5200ms (custom)
2019-10-04 19:08:31,368 [pool-267-thread-1] INFO  server.RaftServerConfigKeys (ConfUtils.java:logGet(43)) - raft.server.rpcslowness.timeout = 120s (custom)
2019-10-04 19:08:31,369 [pool-267-thread-1] INFO  server.RaftServerConfigKeys (ConfUtils.java:logGet(43)) - raft.server.sleep.deviation.threshold = 300 (default)
2019-10-04 19:08:31,369 [pool-267-thread-1] INFO  server.RaftServerConfigKeys (ConfUtils.java:logGet(43)) - raft.server.log.appender.install.snapshot.enabled = false (custom)
2019-10-04 19:08:31,369 [pool-267-thread-1] INFO  impl.RaftServerImpl (ServerState.java:<init>(103)) - 380d06fd-4e90-463f-8d61-4d85dc83771f@group-3FF62DB9F0F2: ConfigurationManager, init=-1: [380d06fd-4e90-463f-8d61-4d85dc83771f:192.168.30.46:39158], old=null, confs=<EMPTY_MAP>
2019-10-04 19:08:31,369 [pool-267-thread-1] INFO  server.RaftServerConfigKeys (ConfUtils.java:logGet(43)) - raft.server.storage.dir = [/workdir/hadoop-ozone/integration-test/target/test-dir/MiniOzoneClusterImpl-b2b53cee-6b8b-4210-8789-385a60e57f66/datanode-6/data/ratis] (custom)
2019-10-04 19:08:31,369 [pool-267-thread-1] INFO  server.RaftServerConfigKeys (ConfUtils.java:logGet(43)) - raft.server.log.corruption.policy = EXCEPTION (default)
2019-10-04 19:08:31,369 [pool-267-thread-1] INFO  storage.RaftStorageDirectory (RaftStorageDirectory.java:analyzeStorage(246)) - The storage directory /workdir/hadoop-ozone/integration-test/target/test-dir/MiniOzoneClusterImpl-b2b53cee-6b8b-4210-8789-385a60e57f66/datanode-6/data/ratis/a3fd730c-84a3-4b16-928f-3ff62db9f0f2 does not exist. Creating ...
2019-10-04 19:08:31,398 [pool-267-thread-1] INFO  storage.RaftStorageDirectory (RaftStorageDirectory.java:tryLock(328)) - Lock on /workdir/hadoop-ozone/integration-test/target/test-dir/MiniOzoneClusterImpl-b2b53cee-6b8b-4210-8789-385a60e57f66/datanode-6/data/ratis/a3fd730c-84a3-4b16-928f-3ff62db9f0f2/in_use.lock acquired by nodename 773@pr-hdds-2164-trunk-n6c85-931752109
2019-10-04 19:08:31,424 [pool-267-thread-1] INFO  storage.RaftStorage (RaftStorage.java:format(84)) - Storage directory /workdir/hadoop-ozone/integration-test/target/test-dir/MiniOzoneClusterImpl-b2b53cee-6b8b-4210-8789-385a60e57f66/datanode-6/data/ratis/a3fd730c-84a3-4b16-928f-3ff62db9f0f2 has been successfully formatted.
2019-10-04 19:08:31,424 [pool-267-thread-1] INFO  ratis.ContainerStateMachine (ContainerStateMachine.java:loadSnapshot(230)) - group-3FF62DB9F0F2: The snapshot info is null. Setting the last applied indexto:(t:0, i:~)
2019-10-04 19:08:31,424 [pool-267-thread-1] INFO  server.RaftServerConfigKeys (ConfUtils.java:logGet(43)) - raft.server.notification.no-leader.timeout = 120s (custom)
2019-10-04 19:08:31,424 [pool-267-thread-1] INFO  server.RaftServerConfigKeys (ConfUtils.java:logGet(43)) - raft.server.log.use.memory = false (default)
2019-10-04 19:08:31,424 [pool-267-thread-1] INFO  server.RaftServerConfigKeys (ConfUtils.java:logGet(43)) - raft.server.log.purge.gap = 1000000 (custom)
2019-10-04 19:08:31,424 [pool-267-thread-1] INFO  server.RaftServerConfigKeys (ConfUtils.java:logGet(43)) - raft.server.log.appender.buffer.byte-limit = 33554432 (custom)
2019-10-04 19:08:31,425 [pool-267-thread-1] INFO  server.RaftServerConfigKeys (ConfUtils.java:logGet(43)) - raft.server.log.segment.size.max = 1048576 (custom)
2019-10-04 19:08:31,427 [pool-267-thread-1] INFO  server.RaftServerConfigKeys (ConfUtils.java:logGet(43)) - raft.server.log.segment.cache.num.max = 2 (custom)
2019-10-04 19:08:31,427 [pool-267-thread-1] INFO  segmented.SegmentedRaftLogWorker (SegmentedRaftLogWorker.java:<init>(173)) - new 380d06fd-4e90-463f-8d61-4d85dc83771f@group-3FF62DB9F0F2-SegmentedRaftLogWorker for RaftStorage:Storage Directory /workdir/hadoop-ozone/integration-test/target/test-dir/MiniOzoneClusterImpl-b2b53cee-6b8b-4210-8789-385a60e57f66/datanode-6/data/ratis/a3fd730c-84a3-4b16-928f-3ff62db9f0f2
2019-10-04 19:08:31,427 [pool-267-thread-1] INFO  server.RaftServerConfigKeys (ConfUtils.java:logGet(43)) - raft.server.log.queue.byte-limit = 2147483647 (custom)
2019-10-04 19:08:31,427 [pool-267-thread-1] INFO  server.RaftServerConfigKeys (ConfUtils.java:logGet(43)) - raft.server.log.queue.element-limit = 1024 (custom)
2019-10-04 19:08:31,428 [pool-267-thread-1] INFO  server.RaftServerConfigKeys (ConfUtils.java:logGet(43)) - raft.server.log.segment.size.max = 1048576 (custom)
2019-10-04 19:08:31,428 [pool-267-thread-1] INFO  server.RaftServerConfigKeys (ConfUtils.java:logGet(43)) - raft.server.log.preallocated.size = 16384 (custom)
2019-10-04 19:08:31,428 [pool-267-thread-1] INFO  server.RaftServerConfigKeys (ConfUtils.java:logGet(43)) - raft.server.log.write.buffer.size = 33554432 (custom)
2019-10-04 19:08:31,428 [pool-267-thread-1] INFO  server.RaftServerConfigKeys (ConfUtils.java:logGet(43)) - raft.server.log.force.sync.num = 128 (default)
2019-10-04 19:08:31,428 [pool-267-thread-1] INFO  server.RaftServerConfigKeys (ConfUtils.java:logGet(43)) - raft.server.log.statemachine.data.sync = true (default)
2019-10-04 19:08:31,428 [pool-267-thread-1] INFO  server.RaftServerConfigKeys (ConfUtils.java:logGet(43)) - raft.server.log.statemachine.data.sync.timeout = 10s (default)
2019-10-04 19:08:31,428 [pool-267-thread-1] INFO  server.RaftServerConfigKeys (ConfUtils.java:logGet(43)) - raft.server.log.statemachine.data.sync.timeout.retry = -1 (default)
2019-10-04 19:08:31,429 [pool-267-thread-1] INFO  server.RaftServerConfigKeys (ConfUtils.java:logGet(43)) - raft.server.log.statemachine.data.caching.enabled = true (custom)
2019-10-04 19:08:31,429 [pool-267-thread-1] INFO  segmented.SegmentedRaftLogWorker (SegmentedRaftLogWorker.java:lambda$new$0(128)) - 380d06fd-4e90-463f-8d61-4d85dc83771f@group-3FF62DB9F0F2-SegmentedRaftLogWorker: flushIndex: setUnconditionally 0 -> -1
2019-10-04 19:08:31,429 [pool-267-thread-1] INFO  server.RaftServerConfigKeys (ConfUtils.java:logGet(43)) - raft.server.snapshot.auto.trigger.enabled = true (custom)
2019-10-04 19:08:31,430 [pool-267-thread-1] INFO  server.RaftServerConfigKeys (ConfUtils.java:logGet(43)) - raft.server.snapshot.auto.trigger.threshold = 10000 (custom)
2019-10-04 19:08:31,430 [pool-267-thread-1] INFO  server.RaftServerConfigKeys (ConfUtils.java:logGet(43)) - raft.server.snapshot.retention.file.num = 5 (custom)
2019-10-04 19:08:31,430 [pool-267-thread-1] INFO  server.RaftServerConfigKeys (ConfUtils.java:logGet(43)) - raft.server.retrycache.expirytime = 600000ms (custom)
2019-10-04 19:08:31,431 [pool-267-thread-1] INFO  impl.RaftServerImpl (RaftServerImpl.java:start(181)) - 380d06fd-4e90-463f-8d61-4d85dc83771f@group-3FF62DB9F0F2: start as a follower, conf=-1: [380d06fd-4e90-463f-8d61-4d85dc83771f:192.168.30.46:39158], old=null
2019-10-04 19:08:31,431 [pool-267-thread-1] INFO  impl.RaftServerImpl (RaftServerImpl.java:setRole(170)) - 380d06fd-4e90-463f-8d61-4d85dc83771f@group-3FF62DB9F0F2: changes role from      null to FOLLOWER at term 0 for startAsFollower
2019-10-04 19:08:31,431 [pool-267-thread-1] INFO  impl.RoleInfo (RoleInfo.java:updateAndGet(143)) - 380d06fd-4e90-463f-8d61-4d85dc83771f: start FollowerState
2019-10-04 19:08:31,432 [pool-267-thread-1] INFO  util.JmxRegister (JmxRegister.java:tryRegister(44)) - Successfully registered JMX Bean with object name Ratis:service=RaftServer,group=group-3FF62DB9F0F2,id=380d06fd-4e90-463f-8d61-4d85dc83771f
2019-10-04 19:08:31,439 [RatisPipelineUtilsThread] INFO  pipeline.PipelineStateManager (PipelineStateManager.java:addPipeline(56)) - Created pipeline Pipeline[ Id: a3fd730c-84a3-4b16-928f-3ff62db9f0f2, Nodes: 380d06fd-4e90-463f-8d61-4d85dc83771f{ip: 192.168.30.46, host: pr-hdds-2164-trunk-n6c85-931752109, networkLocation: /default-rack, certSerialId: null}, Type:RATIS, Factor:ONE, State:OPEN]
2019-10-04 19:08:31,458 [grpc-default-executor-2] INFO  impl.RaftServerProxy (RaftServerProxy.java:addNew(89)) - ab77a81b-e30a-4472-9397-726189fd159d: addNew group-07353A2AD167:[ab77a81b-e30a-4472-9397-726189fd159d:192.168.30.46:41497, 1553187d-9ebc-4ae0-ad21-5383f7672836:192.168.30.46:39221, 0c740033-5552-4d27-ab2d-faeb035c7a1c:192.168.30.46:46146] returns group-07353A2AD167:java.util.concurrent.CompletableFuture@48f77a0c[Not completed]
2019-10-04 19:08:31,458 [grpc-default-executor-1] INFO  impl.RaftServerProxy (RaftServerProxy.java:addNew(89)) - 1553187d-9ebc-4ae0-ad21-5383f7672836: addNew group-07353A2AD167:[ab77a81b-e30a-4472-9397-726189fd159d:192.168.30.46:41497, 1553187d-9ebc-4ae0-ad21-5383f7672836:192.168.30.46:39221, 0c740033-5552-4d27-ab2d-faeb035c7a1c:192.168.30.46:46146] returns group-07353A2AD167:java.util.concurrent.CompletableFuture@2bd10e89[Not completed]
2019-10-04 19:08:31,460 [grpc-default-executor-2] INFO  impl.RaftServerProxy (RaftServerProxy.java:addNew(89)) - 0c740033-5552-4d27-ab2d-faeb035c7a1c: addNew group-07353A2AD167:[ab77a81b-e30a-4472-9397-726189fd159d:192.168.30.46:41497, 1553187d-9ebc-4ae0-ad21-5383f7672836:192.168.30.46:39221, 0c740033-5552-4d27-ab2d-faeb035c7a1c:192.168.30.46:46146] returns group-07353A2AD167:java.util.concurrent.CompletableFuture@259216b8[Not completed]
2019-10-04 19:08:31,461 [pool-217-thread-1] INFO  impl.RaftServerImpl (RaftServerImpl.java:<init>(95)) - 1553187d-9ebc-4ae0-ad21-5383f7672836: new RaftServerImpl for group-07353A2AD167:[ab77a81b-e30a-4472-9397-726189fd159d:192.168.30.46:41497, 1553187d-9ebc-4ae0-ad21-5383f7672836:192.168.30.46:39221, 0c740033-5552-4d27-ab2d-faeb035c7a1c:192.168.30.46:46146] with ContainerStateMachine:uninitialized
2019-10-04 19:08:31,461 [pool-217-thread-1] INFO  server.RaftServerConfigKeys (ConfUtils.java:logGet(43)) - raft.server.rpc.timeout.min = 5s (custom)
2019-10-04 19:08:31,461 [pool-217-thread-1] INFO  server.RaftServerConfigKeys (ConfUtils.java:logGet(43)) - raft.server.rpc.timeout.max = 5200ms (custom)
2019-10-04 19:08:31,461 [pool-217-thread-1] INFO  server.RaftServerConfigKeys (ConfUtils.java:logGet(43)) - raft.server.rpcslowness.timeout = 120s (custom)
2019-10-04 19:08:31,462 [pool-217-thread-1] INFO  server.RaftServerConfigKeys (ConfUtils.java:logGet(43)) - raft.server.sleep.deviation.threshold = 300 (default)
2019-10-04 19:08:31,462 [pool-217-thread-1] INFO  server.RaftServerConfigKeys (ConfUtils.java:logGet(43)) - raft.server.log.appender.install.snapshot.enabled = false (custom)
2019-10-04 19:08:31,462 [pool-247-thread-1] INFO  impl.RaftServerImpl (RaftServerImpl.java:<init>(95)) - 0c740033-5552-4d27-ab2d-faeb035c7a1c: new RaftServerImpl for group-07353A2AD167:[ab77a81b-e30a-4472-9397-726189fd159d:192.168.30.46:41497, 1553187d-9ebc-4ae0-ad21-5383f7672836:192.168.30.46:39221, 0c740033-5552-4d27-ab2d-faeb035c7a1c:192.168.30.46:46146] with ContainerStateMachine:uninitialized
2019-10-04 19:08:31,462 [pool-217-thread-1] INFO  impl.RaftServerImpl (ServerState.java:<init>(103)) - 1553187d-9ebc-4ae0-ad21-5383f7672836@group-07353A2AD167: ConfigurationManager, init=-1: [ab77a81b-e30a-4472-9397-726189fd159d:192.168.30.46:41497, 1553187d-9ebc-4ae0-ad21-5383f7672836:192.168.30.46:39221, 0c740033-5552-4d27-ab2d-faeb035c7a1c:192.168.30.46:46146], old=null, confs=<EMPTY_MAP>
2019-10-04 19:08:31,462 [pool-247-thread-1] INFO  server.RaftServerConfigKeys (ConfUtils.java:logGet(43)) - raft.server.rpc.timeout.min = 5s (custom)
2019-10-04 19:08:31,462 [pool-217-thread-1] INFO  server.RaftServerConfigKeys (ConfUtils.java:logGet(43)) - raft.server.storage.dir = [/workdir/hadoop-ozone/integration-test/target/test-dir/MiniOzoneClusterImpl-b2b53cee-6b8b-4210-8789-385a60e57f66/datanode-1/data/ratis] (custom)
2019-10-04 19:08:31,462 [pool-247-thread-1] INFO  server.RaftServerConfigKeys (ConfUtils.java:logGet(43)) - raft.server.rpc.timeout.max = 5200ms (custom)
2019-10-04 19:08:31,462 [pool-247-thread-1] INFO  server.RaftServerConfigKeys (ConfUtils.java:logGet(43)) - raft.server.rpcslowness.timeout = 120s (custom)
2019-10-04 19:08:31,462 [pool-217-thread-1] INFO  server.RaftServerConfigKeys (ConfUtils.java:logGet(43)) - raft.server.log.corruption.policy = EXCEPTION (default)
2019-10-04 19:08:31,462 [pool-247-thread-1] INFO  server.RaftServerConfigKeys (ConfUtils.java:logGet(43)) - raft.server.sleep.deviation.threshold = 300 (default)
2019-10-04 19:08:31,462 [pool-217-thread-1] INFO  storage.RaftStorageDirectory (RaftStorageDirectory.java:analyzeStorage(246)) - The storage directory /workdir/hadoop-ozone/integration-test/target/test-dir/MiniOzoneClusterImpl-b2b53cee-6b8b-4210-8789-385a60e57f66/datanode-1/data/ratis/ee3661e6-1ec0-42db-875d-07353a2ad167 does not exist. Creating ...
2019-10-04 19:08:31,462 [pool-237-thread-1] INFO  impl.RaftServerImpl (RaftServerImpl.java:<init>(95)) - ab77a81b-e30a-4472-9397-726189fd159d: new RaftServerImpl for group-07353A2AD167:[ab77a81b-e30a-4472-9397-726189fd159d:192.168.30.46:41497, 1553187d-9ebc-4ae0-ad21-5383f7672836:192.168.30.46:39221, 0c740033-5552-4d27-ab2d-faeb035c7a1c:192.168.30.46:46146] with ContainerStateMachine:uninitialized
2019-10-04 19:08:31,462 [pool-247-thread-1] INFO  server.RaftServerConfigKeys (ConfUtils.java:logGet(43)) - raft.server.log.appender.install.snapshot.enabled = false (custom)
2019-10-04 19:08:31,463 [pool-237-thread-1] INFO  server.RaftServerConfigKeys (ConfUtils.java:logGet(43)) - raft.server.rpc.timeout.min = 5s (custom)
2019-10-04 19:08:31,463 [pool-247-thread-1] INFO  impl.RaftServerImpl (ServerState.java:<init>(103)) - 0c740033-5552-4d27-ab2d-faeb035c7a1c@group-07353A2AD167: ConfigurationManager, init=-1: [ab77a81b-e30a-4472-9397-726189fd159d:192.168.30.46:41497, 1553187d-9ebc-4ae0-ad21-5383f7672836:192.168.30.46:39221, 0c740033-5552-4d27-ab2d-faeb035c7a1c:192.168.30.46:46146], old=null, confs=<EMPTY_MAP>
2019-10-04 19:08:31,463 [pool-237-thread-1] INFO  server.RaftServerConfigKeys (ConfUtils.java:logGet(43)) - raft.server.rpc.timeout.max = 5200ms (custom)
2019-10-04 19:08:31,463 [pool-247-thread-1] INFO  server.RaftServerConfigKeys (ConfUtils.java:logGet(43)) - raft.server.storage.dir = [/workdir/hadoop-ozone/integration-test/target/test-dir/MiniOzoneClusterImpl-b2b53cee-6b8b-4210-8789-385a60e57f66/datanode-4/data/ratis] (custom)
2019-10-04 19:08:31,463 [pool-237-thread-1] INFO  server.RaftServerConfigKeys (ConfUtils.java:logGet(43)) - raft.server.rpcslowness.timeout = 120s (custom)
2019-10-04 19:08:31,463 [pool-247-thread-1] INFO  server.RaftServerConfigKeys (ConfUtils.java:logGet(43)) - raft.server.log.corruption.policy = EXCEPTION (default)
2019-10-04 19:08:31,463 [pool-237-thread-1] INFO  server.RaftServerConfigKeys (ConfUtils.java:logGet(43)) - raft.server.sleep.deviation.threshold = 300 (default)
2019-10-04 19:08:31,464 [pool-247-thread-1] INFO  storage.RaftStorageDirectory (RaftStorageDirectory.java:analyzeStorage(246)) - The storage directory /workdir/hadoop-ozone/integration-test/target/test-dir/MiniOzoneClusterImpl-b2b53cee-6b8b-4210-8789-385a60e57f66/datanode-4/data/ratis/ee3661e6-1ec0-42db-875d-07353a2ad167 does not exist. Creating ...
2019-10-04 19:08:31,464 [pool-237-thread-1] INFO  server.RaftServerConfigKeys (ConfUtils.java:logGet(43)) - raft.server.log.appender.install.snapshot.enabled = false (custom)
2019-10-04 19:08:31,464 [pool-237-thread-1] INFO  impl.RaftServerImpl (ServerState.java:<init>(103)) - ab77a81b-e30a-4472-9397-726189fd159d@group-07353A2AD167: ConfigurationManager, init=-1: [ab77a81b-e30a-4472-9397-726189fd159d:192.168.30.46:41497, 1553187d-9ebc-4ae0-ad21-5383f7672836:192.168.30.46:39221, 0c740033-5552-4d27-ab2d-faeb035c7a1c:192.168.30.46:46146], old=null, confs=<EMPTY_MAP>
2019-10-04 19:08:31,464 [pool-237-thread-1] INFO  server.RaftServerConfigKeys (ConfUtils.java:logGet(43)) - raft.server.storage.dir = [/workdir/hadoop-ozone/integration-test/target/test-dir/MiniOzoneClusterImpl-b2b53cee-6b8b-4210-8789-385a60e57f66/datanode-3/data/ratis] (custom)
2019-10-04 19:08:31,464 [pool-237-thread-1] INFO  server.RaftServerConfigKeys (ConfUtils.java:logGet(43)) - raft.server.log.corruption.policy = EXCEPTION (default)
2019-10-04 19:08:31,465 [pool-237-thread-1] INFO  storage.RaftStorageDirectory (RaftStorageDirectory.java:analyzeStorage(246)) - The storage directory /workdir/hadoop-ozone/integration-test/target/test-dir/MiniOzoneClusterImpl-b2b53cee-6b8b-4210-8789-385a60e57f66/datanode-3/data/ratis/ee3661e6-1ec0-42db-875d-07353a2ad167 does not exist. Creating ...
2019-10-04 19:08:31,491 [pool-237-thread-1] INFO  storage.RaftStorageDirectory (RaftStorageDirectory.java:tryLock(328)) - Lock on /workdir/hadoop-ozone/integration-test/target/test-dir/MiniOzoneClusterImpl-b2b53cee-6b8b-4210-8789-385a60e57f66/datanode-3/data/ratis/ee3661e6-1ec0-42db-875d-07353a2ad167/in_use.lock acquired by nodename 773@pr-hdds-2164-trunk-n6c85-931752109
2019-10-04 19:08:31,491 [pool-217-thread-1] INFO  storage.RaftStorageDirectory (RaftStorageDirectory.java:tryLock(328)) - Lock on /workdir/hadoop-ozone/integration-test/target/test-dir/MiniOzoneClusterImpl-b2b53cee-6b8b-4210-8789-385a60e57f66/datanode-1/data/ratis/ee3661e6-1ec0-42db-875d-07353a2ad167/in_use.lock acquired by nodename 773@pr-hdds-2164-trunk-n6c85-931752109
2019-10-04 19:08:31,491 [pool-247-thread-1] INFO  storage.RaftStorageDirectory (RaftStorageDirectory.java:tryLock(328)) - Lock on /workdir/hadoop-ozone/integration-test/target/test-dir/MiniOzoneClusterImpl-b2b53cee-6b8b-4210-8789-385a60e57f66/datanode-4/data/ratis/ee3661e6-1ec0-42db-875d-07353a2ad167/in_use.lock acquired by nodename 773@pr-hdds-2164-trunk-n6c85-931752109
2019-10-04 19:08:31,517 [pool-237-thread-1] INFO  storage.RaftStorage (RaftStorage.java:format(84)) - Storage directory /workdir/hadoop-ozone/integration-test/target/test-dir/MiniOzoneClusterImpl-b2b53cee-6b8b-4210-8789-385a60e57f66/datanode-3/data/ratis/ee3661e6-1ec0-42db-875d-07353a2ad167 has been successfully formatted.
2019-10-04 19:08:31,517 [pool-247-thread-1] INFO  storage.RaftStorage (RaftStorage.java:format(84)) - Storage directory /workdir/hadoop-ozone/integration-test/target/test-dir/MiniOzoneClusterImpl-b2b53cee-6b8b-4210-8789-385a60e57f66/datanode-4/data/ratis/ee3661e6-1ec0-42db-875d-07353a2ad167 has been successfully formatted.
2019-10-04 19:08:31,517 [pool-217-thread-1] INFO  storage.RaftStorage (RaftStorage.java:format(84)) - Storage directory /workdir/hadoop-ozone/integration-test/target/test-dir/MiniOzoneClusterImpl-b2b53cee-6b8b-4210-8789-385a60e57f66/datanode-1/data/ratis/ee3661e6-1ec0-42db-875d-07353a2ad167 has been successfully formatted.
2019-10-04 19:08:31,517 [pool-247-thread-1] INFO  ratis.ContainerStateMachine (ContainerStateMachine.java:loadSnapshot(230)) - group-07353A2AD167: The snapshot info is null. Setting the last applied indexto:(t:0, i:~)
2019-10-04 19:08:31,517 [pool-237-thread-1] INFO  ratis.ContainerStateMachine (ContainerStateMachine.java:loadSnapshot(230)) - group-07353A2AD167: The snapshot info is null. Setting the last applied indexto:(t:0, i:~)
2019-10-04 19:08:31,517 [pool-247-thread-1] INFO  server.RaftServerConfigKeys (ConfUtils.java:logGet(43)) - raft.server.notification.no-leader.timeout = 120s (custom)
2019-10-04 19:08:31,517 [pool-217-thread-1] INFO  ratis.ContainerStateMachine (ContainerStateMachine.java:loadSnapshot(230)) - group-07353A2AD167: The snapshot info is null. Setting the last applied indexto:(t:0, i:~)
2019-10-04 19:08:31,518 [pool-217-thread-1] INFO  server.RaftServerConfigKeys (ConfUtils.java:logGet(43)) - raft.server.notification.no-leader.timeout = 120s (custom)
2019-10-04 19:08:31,518 [pool-217-thread-1] INFO  server.RaftServerConfigKeys (ConfUtils.java:logGet(43)) - raft.server.log.use.memory = false (default)
2019-10-04 19:08:31,518 [pool-247-thread-1] INFO  server.RaftServerConfigKeys (ConfUtils.java:logGet(43)) - raft.server.log.use.memory = false (default)
2019-10-04 19:08:31,518 [pool-237-thread-1] INFO  server.RaftServerConfigKeys (ConfUtils.java:logGet(43)) - raft.server.notification.no-leader.timeout = 120s (custom)
2019-10-04 19:08:31,518 [pool-247-thread-1] INFO  server.RaftServerConfigKeys (ConfUtils.java:logGet(43)) - raft.server.log.purge.gap = 1000000 (custom)
2019-10-04 19:08:31,518 [pool-217-thread-1] INFO  server.RaftServerConfigKeys (ConfUtils.java:logGet(43)) - raft.server.log.purge.gap = 1000000 (custom)
2019-10-04 19:08:31,518 [pool-247-thread-1] INFO  server.RaftServerConfigKeys (ConfUtils.java:logGet(43)) - raft.server.log.appender.buffer.byte-limit = 33554432 (custom)
2019-10-04 19:08:31,518 [pool-237-thread-1] INFO  server.RaftServerConfigKeys (ConfUtils.java:logGet(43)) - raft.server.log.use.memory = false (default)
2019-10-04 19:08:31,519 [pool-247-thread-1] INFO  server.RaftServerConfigKeys (ConfUtils.java:logGet(43)) - raft.server.log.segment.size.max = 1048576 (custom)
2019-10-04 19:08:31,519 [pool-217-thread-1] INFO  server.RaftServerConfigKeys (ConfUtils.java:logGet(43)) - raft.server.log.appender.buffer.byte-limit = 33554432 (custom)
2019-10-04 19:08:31,519 [pool-247-thread-1] INFO  server.RaftServerConfigKeys (ConfUtils.java:logGet(43)) - raft.server.log.segment.cache.num.max = 2 (custom)
2019-10-04 19:08:31,519 [pool-237-thread-1] INFO  server.RaftServerConfigKeys (ConfUtils.java:logGet(43)) - raft.server.log.purge.gap = 1000000 (custom)
2019-10-04 19:08:31,519 [pool-247-thread-1] INFO  segmented.SegmentedRaftLogWorker (SegmentedRaftLogWorker.java:<init>(173)) - new 0c740033-5552-4d27-ab2d-faeb035c7a1c@group-07353A2AD167-SegmentedRaftLogWorker for RaftStorage:Storage Directory /workdir/hadoop-ozone/integration-test/target/test-dir/MiniOzoneClusterImpl-b2b53cee-6b8b-4210-8789-385a60e57f66/datanode-4/data/ratis/ee3661e6-1ec0-42db-875d-07353a2ad167
2019-10-04 19:08:31,519 [pool-217-thread-1] INFO  server.RaftServerConfigKeys (ConfUtils.java:logGet(43)) - raft.server.log.segment.size.max = 1048576 (custom)
2019-10-04 19:08:31,520 [pool-247-thread-1] INFO  server.RaftServerConfigKeys (ConfUtils.java:logGet(43)) - raft.server.log.queue.byte-limit = 2147483647 (custom)
2019-10-04 19:08:31,520 [pool-237-thread-1] INFO  server.RaftServerConfigKeys (ConfUtils.java:logGet(43)) - raft.server.log.appender.buffer.byte-limit = 33554432 (custom)
2019-10-04 19:08:31,520 [pool-247-thread-1] INFO  server.RaftServerConfigKeys (ConfUtils.java:logGet(43)) - raft.server.log.queue.element-limit = 1024 (custom)
2019-10-04 19:08:31,520 [pool-217-thread-1] INFO  server.RaftServerConfigKeys (ConfUtils.java:logGet(43)) - raft.server.log.segment.cache.num.max = 2 (custom)
2019-10-04 19:08:31,520 [pool-247-thread-1] INFO  server.RaftServerConfigKeys (ConfUtils.java:logGet(43)) - raft.server.log.segment.size.max = 1048576 (custom)
2019-10-04 19:08:31,520 [pool-237-thread-1] INFO  server.RaftServerConfigKeys (ConfUtils.java:logGet(43)) - raft.server.log.segment.size.max = 1048576 (custom)
2019-10-04 19:08:31,521 [pool-247-thread-1] INFO  server.RaftServerConfigKeys (ConfUtils.java:logGet(43)) - raft.server.log.preallocated.size = 16384 (custom)
2019-10-04 19:08:31,520 [pool-217-thread-1] INFO  segmented.SegmentedRaftLogWorker (SegmentedRaftLogWorker.java:<init>(173)) - new 1553187d-9ebc-4ae0-ad21-5383f7672836@group-07353A2AD167-SegmentedRaftLogWorker for RaftStorage:Storage Directory /workdir/hadoop-ozone/integration-test/target/test-dir/MiniOzoneClusterImpl-b2b53cee-6b8b-4210-8789-385a60e57f66/datanode-1/data/ratis/ee3661e6-1ec0-42db-875d-07353a2ad167
2019-10-04 19:08:31,521 [pool-217-thread-1] INFO  server.RaftServerConfigKeys (ConfUtils.java:logGet(43)) - raft.server.log.queue.byte-limit = 2147483647 (custom)
2019-10-04 19:08:31,521 [pool-247-thread-1] INFO  server.RaftServerConfigKeys (ConfUtils.java:logGet(43)) - raft.server.log.write.buffer.size = 33554432 (custom)
2019-10-04 19:08:31,521 [pool-237-thread-1] INFO  server.RaftServerConfigKeys (ConfUtils.java:logGet(43)) - raft.server.log.segment.cache.num.max = 2 (custom)
2019-10-04 19:08:31,521 [pool-247-thread-1] INFO  server.RaftServerConfigKeys (ConfUtils.java:logGet(43)) - raft.server.log.force.sync.num = 128 (default)
2019-10-04 19:08:31,521 [pool-217-thread-1] INFO  server.RaftServerConfigKeys (ConfUtils.java:logGet(43)) - raft.server.log.queue.element-limit = 1024 (custom)
2019-10-04 19:08:31,521 [pool-247-thread-1] INFO  server.RaftServerConfigKeys (ConfUtils.java:logGet(43)) - raft.server.log.statemachine.data.sync = true (default)
2019-10-04 19:08:31,522 [pool-247-thread-1] INFO  server.RaftServerConfigKeys (ConfUtils.java:logGet(43)) - raft.server.log.statemachine.data.sync.timeout = 10s (default)
2019-10-04 19:08:31,521 [pool-237-thread-1] INFO  segmented.SegmentedRaftLogWorker (SegmentedRaftLogWorker.java:<init>(173)) - new ab77a81b-e30a-4472-9397-726189fd159d@group-07353A2AD167-SegmentedRaftLogWorker for RaftStorage:Storage Directory /workdir/hadoop-ozone/integration-test/target/test-dir/MiniOzoneClusterImpl-b2b53cee-6b8b-4210-8789-385a60e57f66/datanode-3/data/ratis/ee3661e6-1ec0-42db-875d-07353a2ad167
2019-10-04 19:08:31,522 [pool-247-thread-1] INFO  server.RaftServerConfigKeys (ConfUtils.java:logGet(43)) - raft.server.log.statemachine.data.sync.timeout.retry = -1 (default)
2019-10-04 19:08:31,522 [pool-217-thread-1] INFO  server.RaftServerConfigKeys (ConfUtils.java:logGet(43)) - raft.server.log.segment.size.max = 1048576 (custom)
2019-10-04 19:08:31,522 [pool-247-thread-1] INFO  server.RaftServerConfigKeys (ConfUtils.java:logGet(43)) - raft.server.log.statemachine.data.caching.enabled = true (custom)
2019-10-04 19:08:31,522 [pool-237-thread-1] INFO  server.RaftServerConfigKeys (ConfUtils.java:logGet(43)) - raft.server.log.queue.byte-limit = 2147483647 (custom)
2019-10-04 19:08:31,522 [pool-247-thread-1] INFO  segmented.SegmentedRaftLogWorker (SegmentedRaftLogWorker.java:lambda$new$0(128)) - 0c740033-5552-4d27-ab2d-faeb035c7a1c@group-07353A2AD167-SegmentedRaftLogWorker: flushIndex: setUnconditionally 0 -> -1
2019-10-04 19:08:31,522 [pool-217-thread-1] INFO  server.RaftServerConfigKeys (ConfUtils.java:logGet(43)) - raft.server.log.preallocated.size = 16384 (custom)
2019-10-04 19:08:31,522 [pool-237-thread-1] INFO  server.RaftServerConfigKeys (ConfUtils.java:logGet(43)) - raft.server.log.queue.element-limit = 1024 (custom)
2019-10-04 19:08:31,523 [pool-247-thread-1] INFO  server.RaftServerConfigKeys (ConfUtils.java:logGet(43)) - raft.server.snapshot.auto.trigger.enabled = true (custom)
2019-10-04 19:08:31,523 [pool-217-thread-1] INFO  server.RaftServerConfigKeys (ConfUtils.java:logGet(43)) - raft.server.log.write.buffer.size = 33554432 (custom)
2019-10-04 19:08:31,523 [pool-247-thread-1] INFO  server.RaftServerConfigKeys (ConfUtils.java:logGet(43)) - raft.server.snapshot.auto.trigger.threshold = 10000 (custom)
2019-10-04 19:08:31,523 [pool-237-thread-1] INFO  server.RaftServerConfigKeys (ConfUtils.java:logGet(43)) - raft.server.log.segment.size.max = 1048576 (custom)
2019-10-04 19:08:31,523 [pool-247-thread-1] INFO  server.RaftServerConfigKeys (ConfUtils.java:logGet(43)) - raft.server.snapshot.retention.file.num = 5 (custom)
2019-10-04 19:08:31,523 [pool-217-thread-1] INFO  server.RaftServerConfigKeys (ConfUtils.java:logGet(43)) - raft.server.log.force.sync.num = 128 (default)
2019-10-04 19:08:31,523 [pool-247-thread-1] INFO  server.RaftServerConfigKeys (ConfUtils.java:logGet(43)) - raft.server.retrycache.expirytime = 600000ms (custom)
2019-10-04 19:08:31,523 [pool-237-thread-1] INFO  server.RaftServerConfigKeys (ConfUtils.java:logGet(43)) - raft.server.log.preallocated.size = 16384 (custom)
2019-10-04 19:08:31,523 [pool-217-thread-1] INFO  server.RaftServerConfigKeys (ConfUtils.java:logGet(43)) - raft.server.log.statemachine.data.sync = true (default)
2019-10-04 19:08:31,524 [pool-237-thread-1] INFO  server.RaftServerConfigKeys (ConfUtils.java:logGet(43)) - raft.server.log.write.buffer.size = 33554432 (custom)
2019-10-04 19:08:31,524 [pool-217-thread-1] INFO  server.RaftServerConfigKeys (ConfUtils.java:logGet(43)) - raft.server.log.statemachine.data.sync.timeout = 10s (default)
2019-10-04 19:08:31,524 [pool-237-thread-1] INFO  server.RaftServerConfigKeys (ConfUtils.java:logGet(43)) - raft.server.log.force.sync.num = 128 (default)
2019-10-04 19:08:31,524 [pool-217-thread-1] INFO  server.RaftServerConfigKeys (ConfUtils.java:logGet(43)) - raft.server.log.statemachine.data.sync.timeout.retry = -1 (default)
2019-10-04 19:08:31,524 [pool-237-thread-1] INFO  server.RaftServerConfigKeys (ConfUtils.java:logGet(43)) - raft.server.log.statemachine.data.sync = true (default)
2019-10-04 19:08:31,525 [pool-217-thread-1] INFO  server.RaftServerConfigKeys (ConfUtils.java:logGet(43)) - raft.server.log.statemachine.data.caching.enabled = true (custom)
2019-10-04 19:08:31,525 [pool-237-thread-1] INFO  server.RaftServerConfigKeys (ConfUtils.java:logGet(43)) - raft.server.log.statemachine.data.sync.timeout = 10s (default)
2019-10-04 19:08:31,525 [pool-217-thread-1] INFO  segmented.SegmentedRaftLogWorker (SegmentedRaftLogWorker.java:lambda$new$0(128)) - 1553187d-9ebc-4ae0-ad21-5383f7672836@group-07353A2AD167-SegmentedRaftLogWorker: flushIndex: setUnconditionally 0 -> -1
2019-10-04 19:08:31,525 [pool-237-thread-1] INFO  server.RaftServerConfigKeys (ConfUtils.java:logGet(43)) - raft.server.log.statemachine.data.sync.timeout.retry = -1 (default)
2019-10-04 19:08:31,525 [pool-247-thread-1] INFO  impl.RaftServerImpl (RaftServerImpl.java:start(181)) - 0c740033-5552-4d27-ab2d-faeb035c7a1c@group-07353A2AD167: start as a follower, conf=-1: [ab77a81b-e30a-4472-9397-726189fd159d:192.168.30.46:41497, 1553187d-9ebc-4ae0-ad21-5383f7672836:192.168.30.46:39221, 0c740033-5552-4d27-ab2d-faeb035c7a1c:192.168.30.46:46146], old=null
2019-10-04 19:08:31,525 [pool-217-thread-1] INFO  server.RaftServerConfigKeys (ConfUtils.java:logGet(43)) - raft.server.snapshot.auto.trigger.enabled = true (custom)
2019-10-04 19:08:31,525 [pool-237-thread-1] INFO  server.RaftServerConfigKeys (ConfUtils.java:logGet(43)) - raft.server.log.statemachine.data.caching.enabled = true (custom)
2019-10-04 19:08:31,525 [pool-217-thread-1] INFO  server.RaftServerConfigKeys (ConfUtils.java:logGet(43)) - raft.server.snapshot.auto.trigger.threshold = 10000 (custom)
2019-10-04 19:08:31,525 [pool-247-thread-1] INFO  impl.RaftServerImpl (RaftServerImpl.java:setRole(170)) - 0c740033-5552-4d27-ab2d-faeb035c7a1c@group-07353A2AD167: changes role from      null to FOLLOWER at term 0 for startAsFollower
2019-10-04 19:08:31,526 [pool-237-thread-1] INFO  segmented.SegmentedRaftLogWorker (SegmentedRaftLogWorker.java:lambda$new$0(128)) - ab77a81b-e30a-4472-9397-726189fd159d@group-07353A2AD167-SegmentedRaftLogWorker: flushIndex: setUnconditionally 0 -> -1
2019-10-04 19:08:31,526 [pool-217-thread-1] INFO  server.RaftServerConfigKeys (ConfUtils.java:logGet(43)) - raft.server.snapshot.retention.file.num = 5 (custom)
2019-10-04 19:08:31,526 [pool-247-thread-1] INFO  impl.RoleInfo (RoleInfo.java:updateAndGet(143)) - 0c740033-5552-4d27-ab2d-faeb035c7a1c: start FollowerState
2019-10-04 19:08:31,526 [pool-217-thread-1] INFO  server.RaftServerConfigKeys (ConfUtils.java:logGet(43)) - raft.server.retrycache.expirytime = 600000ms (custom)
2019-10-04 19:08:31,526 [pool-237-thread-1] INFO  server.RaftServerConfigKeys (ConfUtils.java:logGet(43)) - raft.server.snapshot.auto.trigger.enabled = true (custom)
2019-10-04 19:08:31,526 [pool-237-thread-1] INFO  server.RaftServerConfigKeys (ConfUtils.java:logGet(43)) - raft.server.snapshot.auto.trigger.threshold = 10000 (custom)
2019-10-04 19:08:31,526 [pool-247-thread-1] INFO  util.JmxRegister (JmxRegister.java:tryRegister(44)) - Successfully registered JMX Bean with object name Ratis:service=RaftServer,group=group-07353A2AD167,id=0c740033-5552-4d27-ab2d-faeb035c7a1c
2019-10-04 19:08:31,526 [pool-237-thread-1] INFO  server.RaftServerConfigKeys (ConfUtils.java:logGet(43)) - raft.server.snapshot.retention.file.num = 5 (custom)
2019-10-04 19:08:31,527 [pool-237-thread-1] INFO  server.RaftServerConfigKeys (ConfUtils.java:logGet(43)) - raft.server.retrycache.expirytime = 600000ms (custom)
2019-10-04 19:08:31,529 [pool-217-thread-1] INFO  impl.RaftServerImpl (RaftServerImpl.java:start(181)) - 1553187d-9ebc-4ae0-ad21-5383f7672836@group-07353A2AD167: start as a follower, conf=-1: [ab77a81b-e30a-4472-9397-726189fd159d:192.168.30.46:41497, 1553187d-9ebc-4ae0-ad21-5383f7672836:192.168.30.46:39221, 0c740033-5552-4d27-ab2d-faeb035c7a1c:192.168.30.46:46146], old=null
2019-10-04 19:08:31,529 [pool-217-thread-1] INFO  impl.RaftServerImpl (RaftServerImpl.java:setRole(170)) - 1553187d-9ebc-4ae0-ad21-5383f7672836@group-07353A2AD167: changes role from      null to FOLLOWER at term 0 for startAsFollower
2019-10-04 19:08:31,529 [pool-217-thread-1] INFO  impl.RoleInfo (RoleInfo.java:updateAndGet(143)) - 1553187d-9ebc-4ae0-ad21-5383f7672836: start FollowerState
2019-10-04 19:08:31,530 [pool-237-thread-1] INFO  impl.RaftServerImpl (RaftServerImpl.java:start(181)) - ab77a81b-e30a-4472-9397-726189fd159d@group-07353A2AD167: start as a follower, conf=-1: [ab77a81b-e30a-4472-9397-726189fd159d:192.168.30.46:41497, 1553187d-9ebc-4ae0-ad21-5383f7672836:192.168.30.46:39221, 0c740033-5552-4d27-ab2d-faeb035c7a1c:192.168.30.46:46146], old=null
2019-10-04 19:08:31,530 [pool-217-thread-1] INFO  util.JmxRegister (JmxRegister.java:tryRegister(44)) - Successfully registered JMX Bean with object name Ratis:service=RaftServer,group=group-07353A2AD167,id=1553187d-9ebc-4ae0-ad21-5383f7672836
2019-10-04 19:08:31,530 [pool-237-thread-1] INFO  impl.RaftServerImpl (RaftServerImpl.java:setRole(170)) - ab77a81b-e30a-4472-9397-726189fd159d@group-07353A2AD167: changes role from      null to FOLLOWER at term 0 for startAsFollower
2019-10-04 19:08:31,530 [pool-237-thread-1] INFO  impl.RoleInfo (RoleInfo.java:updateAndGet(143)) - ab77a81b-e30a-4472-9397-726189fd159d: start FollowerState
2019-10-04 19:08:31,534 [pool-237-thread-1] INFO  util.JmxRegister (JmxRegister.java:tryRegister(44)) - Successfully registered JMX Bean with object name Ratis:service=RaftServer,group=group-07353A2AD167,id=ab77a81b-e30a-4472-9397-726189fd159d
2019-10-04 19:08:31,543 [RatisPipelineUtilsThread] INFO  pipeline.PipelineStateManager (PipelineStateManager.java:addPipeline(56)) - Created pipeline Pipeline[ Id: ee3661e6-1ec0-42db-875d-07353a2ad167, Nodes: 1553187d-9ebc-4ae0-ad21-5383f7672836{ip: 192.168.30.46, host: pr-hdds-2164-trunk-n6c85-931752109, networkLocation: /default-rack, certSerialId: null}ab77a81b-e30a-4472-9397-726189fd159d{ip: 192.168.30.46, host: pr-hdds-2164-trunk-n6c85-931752109, networkLocation: /default-rack, certSerialId: null}0c740033-5552-4d27-ab2d-faeb035c7a1c{ip: 192.168.30.46, host: pr-hdds-2164-trunk-n6c85-931752109, networkLocation: /default-rack, certSerialId: null}, Type:RATIS, Factor:THREE, State:OPEN]
2019-10-04 19:08:31,559 [grpc-default-executor-4] INFO  impl.RaftServerProxy (RaftServerProxy.java:addNew(89)) - 380d06fd-4e90-463f-8d61-4d85dc83771f: addNew group-90DDDBB67D24:[19bd3007-1e52-4912-9c61-e1b3defead3a:192.168.30.46:43351, 380d06fd-4e90-463f-8d61-4d85dc83771f:192.168.30.46:39158, de79c590-bc61-4ebb-a0bd-a6c4482f5622:192.168.30.46:36119] returns group-90DDDBB67D24:java.util.concurrent.CompletableFuture@340f84d7[Not completed]
2019-10-04 19:08:31,562 [grpc-default-executor-1] INFO  impl.RaftServerProxy (RaftServerProxy.java:addNew(89)) - de79c590-bc61-4ebb-a0bd-a6c4482f5622: addNew group-90DDDBB67D24:[19bd3007-1e52-4912-9c61-e1b3defead3a:192.168.30.46:43351, 380d06fd-4e90-463f-8d61-4d85dc83771f:192.168.30.46:39158, de79c590-bc61-4ebb-a0bd-a6c4482f5622:192.168.30.46:36119] returns group-90DDDBB67D24:java.util.concurrent.CompletableFuture@c187565[Not completed]
2019-10-04 19:08:31,564 [grpc-default-executor-4] INFO  impl.RaftServerProxy (RaftServerProxy.java:addNew(89)) - 19bd3007-1e52-4912-9c61-e1b3defead3a: addNew group-90DDDBB67D24:[19bd3007-1e52-4912-9c61-e1b3defead3a:192.168.30.46:43351, 380d06fd-4e90-463f-8d61-4d85dc83771f:192.168.30.46:39158, de79c590-bc61-4ebb-a0bd-a6c4482f5622:192.168.30.46:36119] returns group-90DDDBB67D24:java.util.concurrent.CompletableFuture@52e0a574[Not completed]
2019-10-04 19:08:31,565 [pool-267-thread-1] INFO  impl.RaftServerImpl (RaftServerImpl.java:<init>(95)) - 380d06fd-4e90-463f-8d61-4d85dc83771f: new RaftServerImpl for group-90DDDBB67D24:[19bd3007-1e52-4912-9c61-e1b3defead3a:192.168.30.46:43351, 380d06fd-4e90-463f-8d61-4d85dc83771f:192.168.30.46:39158, de79c590-bc61-4ebb-a0bd-a6c4482f5622:192.168.30.46:36119] with ContainerStateMachine:uninitialized
2019-10-04 19:08:31,565 [pool-267-thread-1] INFO  server.RaftServerConfigKeys (ConfUtils.java:logGet(43)) - raft.server.rpc.timeout.min = 5s (custom)
2019-10-04 19:08:31,565 [pool-267-thread-1] INFO  server.RaftServerConfigKeys (ConfUtils.java:logGet(43)) - raft.server.rpc.timeout.max = 5200ms (custom)
2019-10-04 19:08:31,565 [pool-267-thread-1] INFO  server.RaftServerConfigKeys (ConfUtils.java:logGet(43)) - raft.server.rpcslowness.timeout = 120s (custom)
2019-10-04 19:08:31,565 [pool-267-thread-1] INFO  server.RaftServerConfigKeys (ConfUtils.java:logGet(43)) - raft.server.sleep.deviation.threshold = 300 (default)
2019-10-04 19:08:31,565 [pool-267-thread-1] INFO  server.RaftServerConfigKeys (ConfUtils.java:logGet(43)) - raft.server.log.appender.install.snapshot.enabled = false (custom)
2019-10-04 19:08:31,566 [pool-267-thread-1] INFO  impl.RaftServerImpl (ServerState.java:<init>(103)) - 380d06fd-4e90-463f-8d61-4d85dc83771f@group-90DDDBB67D24: ConfigurationManager, init=-1: [19bd3007-1e52-4912-9c61-e1b3defead3a:192.168.30.46:43351, 380d06fd-4e90-463f-8d61-4d85dc83771f:192.168.30.46:39158, de79c590-bc61-4ebb-a0bd-a6c4482f5622:192.168.30.46:36119], old=null, confs=<EMPTY_MAP>
2019-10-04 19:08:31,566 [pool-267-thread-1] INFO  server.RaftServerConfigKeys (ConfUtils.java:logGet(43)) - raft.server.storage.dir = [/workdir/hadoop-ozone/integration-test/target/test-dir/MiniOzoneClusterImpl-b2b53cee-6b8b-4210-8789-385a60e57f66/datanode-6/data/ratis] (custom)
2019-10-04 19:08:31,566 [pool-227-thread-1] INFO  impl.RaftServerImpl (RaftServerImpl.java:<init>(95)) - 19bd3007-1e52-4912-9c61-e1b3defead3a: new RaftServerImpl for group-90DDDBB67D24:[19bd3007-1e52-4912-9c61-e1b3defead3a:192.168.30.46:43351, 380d06fd-4e90-463f-8d61-4d85dc83771f:192.168.30.46:39158, de79c590-bc61-4ebb-a0bd-a6c4482f5622:192.168.30.46:36119] with ContainerStateMachine:uninitialized
2019-10-04 19:08:31,566 [pool-267-thread-1] INFO  server.RaftServerConfigKeys (ConfUtils.java:logGet(43)) - raft.server.log.corruption.policy = EXCEPTION (default)
2019-10-04 19:08:31,566 [pool-227-thread-1] INFO  server.RaftServerConfigKeys (ConfUtils.java:logGet(43)) - raft.server.rpc.timeout.min = 5s (custom)
2019-10-04 19:08:31,566 [pool-267-thread-1] INFO  storage.RaftStorageDirectory (RaftStorageDirectory.java:analyzeStorage(246)) - The storage directory /workdir/hadoop-ozone/integration-test/target/test-dir/MiniOzoneClusterImpl-b2b53cee-6b8b-4210-8789-385a60e57f66/datanode-6/data/ratis/6c641c40-57a2-4dae-a9d9-90dddbb67d24 does not exist. Creating ...
2019-10-04 19:08:31,566 [pool-227-thread-1] INFO  server.RaftServerConfigKeys (ConfUtils.java:logGet(43)) - raft.server.rpc.timeout.max = 5200ms (custom)
2019-10-04 19:08:31,567 [pool-227-thread-1] INFO  server.RaftServerConfigKeys (ConfUtils.java:logGet(43)) - raft.server.rpcslowness.timeout = 120s (custom)
2019-10-04 19:08:31,567 [pool-257-thread-1] INFO  impl.RaftServerImpl (RaftServerImpl.java:<init>(95)) - de79c590-bc61-4ebb-a0bd-a6c4482f5622: new RaftServerImpl for group-90DDDBB67D24:[19bd3007-1e52-4912-9c61-e1b3defead3a:192.168.30.46:43351, 380d06fd-4e90-463f-8d61-4d85dc83771f:192.168.30.46:39158, de79c590-bc61-4ebb-a0bd-a6c4482f5622:192.168.30.46:36119] with ContainerStateMachine:uninitialized
2019-10-04 19:08:31,567 [pool-227-thread-1] INFO  server.RaftServerConfigKeys (ConfUtils.java:logGet(43)) - raft.server.sleep.deviation.threshold = 300 (default)
2019-10-04 19:08:31,567 [pool-257-thread-1] INFO  server.RaftServerConfigKeys (ConfUtils.java:logGet(43)) - raft.server.rpc.timeout.min = 5s (custom)
2019-10-04 19:08:31,567 [pool-227-thread-1] INFO  server.RaftServerConfigKeys (ConfUtils.java:logGet(43)) - raft.server.log.appender.install.snapshot.enabled = false (custom)
2019-10-04 19:08:31,567 [pool-257-thread-1] INFO  server.RaftServerConfigKeys (ConfUtils.java:logGet(43)) - raft.server.rpc.timeout.max = 5200ms (custom)
2019-10-04 19:08:31,567 [pool-227-thread-1] INFO  impl.RaftServerImpl (ServerState.java:<init>(103)) - 19bd3007-1e52-4912-9c61-e1b3defead3a@group-90DDDBB67D24: ConfigurationManager, init=-1: [19bd3007-1e52-4912-9c61-e1b3defead3a:192.168.30.46:43351, 380d06fd-4e90-463f-8d61-4d85dc83771f:192.168.30.46:39158, de79c590-bc61-4ebb-a0bd-a6c4482f5622:192.168.30.46:36119], old=null, confs=<EMPTY_MAP>
2019-10-04 19:08:31,567 [pool-257-thread-1] INFO  server.RaftServerConfigKeys (ConfUtils.java:logGet(43)) - raft.server.rpcslowness.timeout = 120s (custom)
2019-10-04 19:08:31,568 [pool-227-thread-1] INFO  server.RaftServerConfigKeys (ConfUtils.java:logGet(43)) - raft.server.storage.dir = [/workdir/hadoop-ozone/integration-test/target/test-dir/MiniOzoneClusterImpl-b2b53cee-6b8b-4210-8789-385a60e57f66/datanode-2/data/ratis] (custom)
2019-10-04 19:08:31,568 [pool-257-thread-1] INFO  server.RaftServerConfigKeys (ConfUtils.java:logGet(43)) - raft.server.sleep.deviation.threshold = 300 (default)
2019-10-04 19:08:31,568 [pool-257-thread-1] INFO  server.RaftServerConfigKeys (ConfUtils.java:logGet(43)) - raft.server.log.appender.install.snapshot.enabled = false (custom)
2019-10-04 19:08:31,568 [pool-227-thread-1] INFO  server.RaftServerConfigKeys (ConfUtils.java:logGet(43)) - raft.server.log.corruption.policy = EXCEPTION (default)
2019-10-04 19:08:31,568 [pool-257-thread-1] INFO  impl.RaftServerImpl (ServerState.java:<init>(103)) - de79c590-bc61-4ebb-a0bd-a6c4482f5622@group-90DDDBB67D24: ConfigurationManager, init=-1: [19bd3007-1e52-4912-9c61-e1b3defead3a:192.168.30.46:43351, 380d06fd-4e90-463f-8d61-4d85dc83771f:192.168.30.46:39158, de79c590-bc61-4ebb-a0bd-a6c4482f5622:192.168.30.46:36119], old=null, confs=<EMPTY_MAP>
2019-10-04 19:08:31,568 [pool-227-thread-1] INFO  storage.RaftStorageDirectory (RaftStorageDirectory.java:analyzeStorage(246)) - The storage directory /workdir/hadoop-ozone/integration-test/target/test-dir/MiniOzoneClusterImpl-b2b53cee-6b8b-4210-8789-385a60e57f66/datanode-2/data/ratis/6c641c40-57a2-4dae-a9d9-90dddbb67d24 does not exist. Creating ...
2019-10-04 19:08:31,569 [pool-257-thread-1] INFO  server.RaftServerConfigKeys (ConfUtils.java:logGet(43)) - raft.server.storage.dir = [/workdir/hadoop-ozone/integration-test/target/test-dir/MiniOzoneClusterImpl-b2b53cee-6b8b-4210-8789-385a60e57f66/datanode-5/data/ratis] (custom)
2019-10-04 19:08:31,569 [pool-257-thread-1] INFO  server.RaftServerConfigKeys (ConfUtils.java:logGet(43)) - raft.server.log.corruption.policy = EXCEPTION (default)
2019-10-04 19:08:31,569 [pool-257-thread-1] INFO  storage.RaftStorageDirectory (RaftStorageDirectory.java:analyzeStorage(246)) - The storage directory /workdir/hadoop-ozone/integration-test/target/test-dir/MiniOzoneClusterImpl-b2b53cee-6b8b-4210-8789-385a60e57f66/datanode-5/data/ratis/6c641c40-57a2-4dae-a9d9-90dddbb67d24 does not exist. Creating ...
2019-10-04 19:08:31,592 [pool-267-thread-1] INFO  storage.RaftStorageDirectory (RaftStorageDirectory.java:tryLock(328)) - Lock on /workdir/hadoop-ozone/integration-test/target/test-dir/MiniOzoneClusterImpl-b2b53cee-6b8b-4210-8789-385a60e57f66/datanode-6/data/ratis/6c641c40-57a2-4dae-a9d9-90dddbb67d24/in_use.lock acquired by nodename 773@pr-hdds-2164-trunk-n6c85-931752109
2019-10-04 19:08:31,593 [pool-257-thread-1] INFO  storage.RaftStorageDirectory (RaftStorageDirectory.java:tryLock(328)) - Lock on /workdir/hadoop-ozone/integration-test/target/test-dir/MiniOzoneClusterImpl-b2b53cee-6b8b-4210-8789-385a60e57f66/datanode-5/data/ratis/6c641c40-57a2-4dae-a9d9-90dddbb67d24/in_use.lock acquired by nodename 773@pr-hdds-2164-trunk-n6c85-931752109
2019-10-04 19:08:31,593 [pool-227-thread-1] INFO  storage.RaftStorageDirectory (RaftStorageDirectory.java:tryLock(328)) - Lock on /workdir/hadoop-ozone/integration-test/target/test-dir/MiniOzoneClusterImpl-b2b53cee-6b8b-4210-8789-385a60e57f66/datanode-2/data/ratis/6c641c40-57a2-4dae-a9d9-90dddbb67d24/in_use.lock acquired by nodename 773@pr-hdds-2164-trunk-n6c85-931752109
2019-10-04 19:08:31,618 [pool-267-thread-1] INFO  storage.RaftStorage (RaftStorage.java:format(84)) - Storage directory /workdir/hadoop-ozone/integration-test/target/test-dir/MiniOzoneClusterImpl-b2b53cee-6b8b-4210-8789-385a60e57f66/datanode-6/data/ratis/6c641c40-57a2-4dae-a9d9-90dddbb67d24 has been successfully formatted.
2019-10-04 19:08:31,618 [pool-257-thread-1] INFO  storage.RaftStorage (RaftStorage.java:format(84)) - Storage directory /workdir/hadoop-ozone/integration-test/target/test-dir/MiniOzoneClusterImpl-b2b53cee-6b8b-4210-8789-385a60e57f66/datanode-5/data/ratis/6c641c40-57a2-4dae-a9d9-90dddbb67d24 has been successfully formatted.
2019-10-04 19:08:31,618 [pool-227-thread-1] INFO  storage.RaftStorage (RaftStorage.java:format(84)) - Storage directory /workdir/hadoop-ozone/integration-test/target/test-dir/MiniOzoneClusterImpl-b2b53cee-6b8b-4210-8789-385a60e57f66/datanode-2/data/ratis/6c641c40-57a2-4dae-a9d9-90dddbb67d24 has been successfully formatted.
2019-10-04 19:08:31,619 [pool-257-thread-1] INFO  ratis.ContainerStateMachine (ContainerStateMachine.java:loadSnapshot(230)) - group-90DDDBB67D24: The snapshot info is null. Setting the last applied indexto:(t:0, i:~)
2019-10-04 19:08:31,619 [pool-227-thread-1] INFO  ratis.ContainerStateMachine (ContainerStateMachine.java:loadSnapshot(230)) - group-90DDDBB67D24: The snapshot info is null. Setting the last applied indexto:(t:0, i:~)
2019-10-04 19:08:31,618 [pool-267-thread-1] INFO  ratis.ContainerStateMachine (ContainerStateMachine.java:loadSnapshot(230)) - group-90DDDBB67D24: The snapshot info is null. Setting the last applied indexto:(t:0, i:~)
2019-10-04 19:08:31,619 [pool-227-thread-1] INFO  server.RaftServerConfigKeys (ConfUtils.java:logGet(43)) - raft.server.notification.no-leader.timeout = 120s (custom)
2019-10-04 19:08:31,619 [pool-257-thread-1] INFO  server.RaftServerConfigKeys (ConfUtils.java:logGet(43)) - raft.server.notification.no-leader.timeout = 120s (custom)
2019-10-04 19:08:31,619 [pool-227-thread-1] INFO  server.RaftServerConfigKeys (ConfUtils.java:logGet(43)) - raft.server.log.use.memory = false (default)
2019-10-04 19:08:31,619 [pool-267-thread-1] INFO  server.RaftServerConfigKeys (ConfUtils.java:logGet(43)) - raft.server.notification.no-leader.timeout = 120s (custom)
2019-10-04 19:08:31,620 [pool-227-thread-1] INFO  server.RaftServerConfigKeys (ConfUtils.java:logGet(43)) - raft.server.log.purge.gap = 1000000 (custom)
2019-10-04 19:08:31,619 [pool-257-thread-1] INFO  server.RaftServerConfigKeys (ConfUtils.java:logGet(43)) - raft.server.log.use.memory = false (default)
2019-10-04 19:08:31,620 [pool-227-thread-1] INFO  server.RaftServerConfigKeys (ConfUtils.java:logGet(43)) - raft.server.log.appender.buffer.byte-limit = 33554432 (custom)
2019-10-04 19:08:31,620 [pool-267-thread-1] INFO  server.RaftServerConfigKeys (ConfUtils.java:logGet(43)) - raft.server.log.use.memory = false (default)
2019-10-04 19:08:31,620 [pool-227-thread-1] INFO  server.RaftServerConfigKeys (ConfUtils.java:logGet(43)) - raft.server.log.segment.size.max = 1048576 (custom)
2019-10-04 19:08:31,620 [pool-257-thread-1] INFO  server.RaftServerConfigKeys (ConfUtils.java:logGet(43)) - raft.server.log.purge.gap = 1000000 (custom)
2019-10-04 19:08:31,620 [pool-227-thread-1] INFO  server.RaftServerConfigKeys (ConfUtils.java:logGet(43)) - raft.server.log.segment.cache.num.max = 2 (custom)
2019-10-04 19:08:31,620 [pool-267-thread-1] INFO  server.RaftServerConfigKeys (ConfUtils.java:logGet(43)) - raft.server.log.purge.gap = 1000000 (custom)
2019-10-04 19:08:31,621 [pool-227-thread-1] INFO  segmented.SegmentedRaftLogWorker (SegmentedRaftLogWorker.java:<init>(173)) - new 19bd3007-1e52-4912-9c61-e1b3defead3a@group-90DDDBB67D24-SegmentedRaftLogWorker for RaftStorage:Storage Directory /workdir/hadoop-ozone/integration-test/target/test-dir/MiniOzoneClusterImpl-b2b53cee-6b8b-4210-8789-385a60e57f66/datanode-2/data/ratis/6c641c40-57a2-4dae-a9d9-90dddbb67d24
2019-10-04 19:08:31,621 [pool-257-thread-1] INFO  server.RaftServerConfigKeys (ConfUtils.java:logGet(43)) - raft.server.log.appender.buffer.byte-limit = 33554432 (custom)
2019-10-04 19:08:31,621 [pool-227-thread-1] INFO  server.RaftServerConfigKeys (ConfUtils.java:logGet(43)) - raft.server.log.queue.byte-limit = 2147483647 (custom)
2019-10-04 19:08:31,621 [pool-227-thread-1] INFO  server.RaftServerConfigKeys (ConfUtils.java:logGet(43)) - raft.server.log.queue.element-limit = 1024 (custom)
2019-10-04 19:08:31,621 [pool-267-thread-1] INFO  server.RaftServerConfigKeys (ConfUtils.java:logGet(43)) - raft.server.log.appender.buffer.byte-limit = 33554432 (custom)
2019-10-04 19:08:31,622 [pool-227-thread-1] INFO  server.RaftServerConfigKeys (ConfUtils.java:logGet(43)) - raft.server.log.segment.size.max = 1048576 (custom)
2019-10-04 19:08:31,622 [pool-227-thread-1] INFO  server.RaftServerConfigKeys (ConfUtils.java:logGet(43)) - raft.server.log.preallocated.size = 16384 (custom)
2019-10-04 19:08:31,621 [pool-257-thread-1] INFO  server.RaftServerConfigKeys (ConfUtils.java:logGet(43)) - raft.server.log.segment.size.max = 1048576 (custom)
2019-10-04 19:08:31,622 [pool-227-thread-1] INFO  server.RaftServerConfigKeys (ConfUtils.java:logGet(43)) - raft.server.log.write.buffer.size = 33554432 (custom)
2019-10-04 19:08:31,622 [pool-227-thread-1] INFO  server.RaftServerConfigKeys (ConfUtils.java:logGet(43)) - raft.server.log.force.sync.num = 128 (default)
2019-10-04 19:08:31,622 [pool-267-thread-1] INFO  server.RaftServerConfigKeys (ConfUtils.java:logGet(43)) - raft.server.log.segment.size.max = 1048576 (custom)
2019-10-04 19:08:31,623 [pool-227-thread-1] INFO  server.RaftServerConfigKeys (ConfUtils.java:logGet(43)) - raft.server.log.statemachine.data.sync = true (default)
2019-10-04 19:08:31,623 [pool-227-thread-1] INFO  server.RaftServerConfigKeys (ConfUtils.java:logGet(43)) - raft.server.log.statemachine.data.sync.timeout = 10s (default)
2019-10-04 19:08:31,622 [pool-257-thread-1] INFO  server.RaftServerConfigKeys (ConfUtils.java:logGet(43)) - raft.server.log.segment.cache.num.max = 2 (custom)
2019-10-04 19:08:31,623 [pool-227-thread-1] INFO  server.RaftServerConfigKeys (ConfUtils.java:logGet(43)) - raft.server.log.statemachine.data.sync.timeout.retry = -1 (default)
2019-10-04 19:08:31,623 [pool-267-thread-1] INFO  server.RaftServerConfigKeys (ConfUtils.java:logGet(43)) - raft.server.log.segment.cache.num.max = 2 (custom)
2019-10-04 19:08:31,624 [pool-227-thread-1] INFO  server.RaftServerConfigKeys (ConfUtils.java:logGet(43)) - raft.server.log.statemachine.data.caching.enabled = true (custom)
2019-10-04 19:08:31,623 [pool-257-thread-1] INFO  segmented.SegmentedRaftLogWorker (SegmentedRaftLogWorker.java:<init>(173)) - new de79c590-bc61-4ebb-a0bd-a6c4482f5622@group-90DDDBB67D24-SegmentedRaftLogWorker for RaftStorage:Storage Directory /workdir/hadoop-ozone/integration-test/target/test-dir/MiniOzoneClusterImpl-b2b53cee-6b8b-4210-8789-385a60e57f66/datanode-5/data/ratis/6c641c40-57a2-4dae-a9d9-90dddbb67d24
2019-10-04 19:08:31,624 [pool-267-thread-1] INFO  segmented.SegmentedRaftLogWorker (SegmentedRaftLogWorker.java:<init>(173)) - new 380d06fd-4e90-463f-8d61-4d85dc83771f@group-90DDDBB67D24-SegmentedRaftLogWorker for RaftStorage:Storage Directory /workdir/hadoop-ozone/integration-test/target/test-dir/MiniOzoneClusterImpl-b2b53cee-6b8b-4210-8789-385a60e57f66/datanode-6/data/ratis/6c641c40-57a2-4dae-a9d9-90dddbb67d24
2019-10-04 19:08:31,624 [pool-227-thread-1] INFO  segmented.SegmentedRaftLogWorker (SegmentedRaftLogWorker.java:lambda$new$0(128)) - 19bd3007-1e52-4912-9c61-e1b3defead3a@group-90DDDBB67D24-SegmentedRaftLogWorker: flushIndex: setUnconditionally 0 -> -1
2019-10-04 19:08:31,624 [pool-257-thread-1] INFO  server.RaftServerConfigKeys (ConfUtils.java:logGet(43)) - raft.server.log.queue.byte-limit = 2147483647 (custom)
2019-10-04 19:08:31,624 [pool-267-thread-1] INFO  server.RaftServerConfigKeys (ConfUtils.java:logGet(43)) - raft.server.log.queue.byte-limit = 2147483647 (custom)
2019-10-04 19:08:31,624 [pool-227-thread-1] INFO  server.RaftServerConfigKeys (ConfUtils.java:logGet(43)) - raft.server.snapshot.auto.trigger.enabled = true (custom)
2019-10-04 19:08:31,624 [pool-257-thread-1] INFO  server.RaftServerConfigKeys (ConfUtils.java:logGet(43)) - raft.server.log.queue.element-limit = 1024 (custom)
2019-10-04 19:08:31,625 [pool-227-thread-1] INFO  server.RaftServerConfigKeys (ConfUtils.java:logGet(43)) - raft.server.snapshot.auto.trigger.threshold = 10000 (custom)
2019-10-04 19:08:31,625 [pool-267-thread-1] INFO  server.RaftServerConfigKeys (ConfUtils.java:logGet(43)) - raft.server.log.queue.element-limit = 1024 (custom)
2019-10-04 19:08:31,625 [pool-227-thread-1] INFO  server.RaftServerConfigKeys (ConfUtils.java:logGet(43)) - raft.server.snapshot.retention.file.num = 5 (custom)
2019-10-04 19:08:31,625 [pool-257-thread-1] INFO  server.RaftServerConfigKeys (ConfUtils.java:logGet(43)) - raft.server.log.segment.size.max = 1048576 (custom)
2019-10-04 19:08:31,625 [pool-227-thread-1] INFO  server.RaftServerConfigKeys (ConfUtils.java:logGet(43)) - raft.server.retrycache.expirytime = 600000ms (custom)
2019-10-04 19:08:31,625 [pool-267-thread-1] INFO  server.RaftServerConfigKeys (ConfUtils.java:logGet(43)) - raft.server.log.segment.size.max = 1048576 (custom)
2019-10-04 19:08:31,626 [pool-257-thread-1] INFO  server.RaftServerConfigKeys (ConfUtils.java:logGet(43)) - raft.server.log.preallocated.size = 16384 (custom)
2019-10-04 19:08:31,626 [pool-267-thread-1] INFO  server.RaftServerConfigKeys (ConfUtils.java:logGet(43)) - raft.server.log.preallocated.size = 16384 (custom)
2019-10-04 19:08:31,626 [pool-257-thread-1] INFO  server.RaftServerConfigKeys (ConfUtils.java:logGet(43)) - raft.server.log.write.buffer.size = 33554432 (custom)
2019-10-04 19:08:31,626 [pool-267-thread-1] INFO  server.RaftServerConfigKeys (ConfUtils.java:logGet(43)) - raft.server.log.write.buffer.size = 33554432 (custom)
2019-10-04 19:08:31,626 [pool-257-thread-1] INFO  server.RaftServerConfigKeys (ConfUtils.java:logGet(43)) - raft.server.log.force.sync.num = 128 (default)
2019-10-04 19:08:31,627 [pool-267-thread-1] INFO  server.RaftServerConfigKeys (ConfUtils.java:logGet(43)) - raft.server.log.force.sync.num = 128 (default)
2019-10-04 19:08:31,627 [pool-257-thread-1] INFO  server.RaftServerConfigKeys (ConfUtils.java:logGet(43)) - raft.server.log.statemachine.data.sync = true (default)
2019-10-04 19:08:31,627 [pool-267-thread-1] INFO  server.RaftServerConfigKeys (ConfUtils.java:logGet(43)) - raft.server.log.statemachine.data.sync = true (default)
2019-10-04 19:08:31,627 [pool-257-thread-1] INFO  server.RaftServerConfigKeys (ConfUtils.java:logGet(43)) - raft.server.log.statemachine.data.sync.timeout = 10s (default)
2019-10-04 19:08:31,627 [pool-267-thread-1] INFO  server.RaftServerConfigKeys (ConfUtils.java:logGet(43)) - raft.server.log.statemachine.data.sync.timeout = 10s (default)
2019-10-04 19:08:31,627 [pool-257-thread-1] INFO  server.RaftServerConfigKeys (ConfUtils.java:logGet(43)) - raft.server.log.statemachine.data.sync.timeout.retry = -1 (default)
2019-10-04 19:08:31,628 [pool-227-thread-1] INFO  impl.RaftServerImpl (RaftServerImpl.java:start(181)) - 19bd3007-1e52-4912-9c61-e1b3defead3a@group-90DDDBB67D24: start as a follower, conf=-1: [19bd3007-1e52-4912-9c61-e1b3defead3a:192.168.30.46:43351, 380d06fd-4e90-463f-8d61-4d85dc83771f:192.168.30.46:39158, de79c590-bc61-4ebb-a0bd-a6c4482f5622:192.168.30.46:36119], old=null
2019-10-04 19:08:31,627 [pool-267-thread-1] INFO  server.RaftServerConfigKeys (ConfUtils.java:logGet(43)) - raft.server.log.statemachine.data.sync.timeout.retry = -1 (default)
2019-10-04 19:08:31,628 [pool-227-thread-1] INFO  impl.RaftServerImpl (RaftServerImpl.java:setRole(170)) - 19bd3007-1e52-4912-9c61-e1b3defead3a@group-90DDDBB67D24: changes role from      null to FOLLOWER at term 0 for startAsFollower
2019-10-04 19:08:31,628 [pool-267-thread-1] INFO  server.RaftServerConfigKeys (ConfUtils.java:logGet(43)) - raft.server.log.statemachine.data.caching.enabled = true (custom)
2019-10-04 19:08:31,628 [pool-257-thread-1] INFO  server.RaftServerConfigKeys (ConfUtils.java:logGet(43)) - raft.server.log.statemachine.data.caching.enabled = true (custom)
2019-10-04 19:08:31,628 [pool-227-thread-1] INFO  impl.RoleInfo (RoleInfo.java:updateAndGet(143)) - 19bd3007-1e52-4912-9c61-e1b3defead3a: start FollowerState
2019-10-04 19:08:31,628 [pool-267-thread-1] INFO  segmented.SegmentedRaftLogWorker (SegmentedRaftLogWorker.java:lambda$new$0(128)) - 380d06fd-4e90-463f-8d61-4d85dc83771f@group-90DDDBB67D24-SegmentedRaftLogWorker: flushIndex: setUnconditionally 0 -> -1
2019-10-04 19:08:31,629 [pool-257-thread-1] INFO  segmented.SegmentedRaftLogWorker (SegmentedRaftLogWorker.java:lambda$new$0(128)) - de79c590-bc61-4ebb-a0bd-a6c4482f5622@group-90DDDBB67D24-SegmentedRaftLogWorker: flushIndex: setUnconditionally 0 -> -1
2019-10-04 19:08:31,629 [pool-227-thread-1] INFO  util.JmxRegister (JmxRegister.java:tryRegister(44)) - Successfully registered JMX Bean with object name Ratis:service=RaftServer,group=group-90DDDBB67D24,id=19bd3007-1e52-4912-9c61-e1b3defead3a
2019-10-04 19:08:31,629 [pool-267-thread-1] INFO  server.RaftServerConfigKeys (ConfUtils.java:logGet(43)) - raft.server.snapshot.auto.trigger.enabled = true (custom)
2019-10-04 19:08:31,629 [pool-257-thread-1] INFO  server.RaftServerConfigKeys (ConfUtils.java:logGet(43)) - raft.server.snapshot.auto.trigger.enabled = true (custom)
2019-10-04 19:08:31,629 [pool-267-thread-1] INFO  server.RaftServerConfigKeys (ConfUtils.java:logGet(43)) - raft.server.snapshot.auto.trigger.threshold = 10000 (custom)
2019-10-04 19:08:31,629 [pool-257-thread-1] INFO  server.RaftServerConfigKeys (ConfUtils.java:logGet(43)) - raft.server.snapshot.auto.trigger.threshold = 10000 (custom)
2019-10-04 19:08:31,629 [pool-267-thread-1] INFO  server.RaftServerConfigKeys (ConfUtils.java:logGet(43)) - raft.server.snapshot.retention.file.num = 5 (custom)
2019-10-04 19:08:31,630 [pool-257-thread-1] INFO  server.RaftServerConfigKeys (ConfUtils.java:logGet(43)) - raft.server.snapshot.retention.file.num = 5 (custom)
2019-10-04 19:08:31,630 [pool-267-thread-1] INFO  server.RaftServerConfigKeys (ConfUtils.java:logGet(43)) - raft.server.retrycache.expirytime = 600000ms (custom)
2019-10-04 19:08:31,630 [pool-257-thread-1] INFO  server.RaftServerConfigKeys (ConfUtils.java:logGet(43)) - raft.server.retrycache.expirytime = 600000ms (custom)
2019-10-04 19:08:31,636 [pool-267-thread-1] INFO  impl.RaftServerImpl (RaftServerImpl.java:start(181)) - 380d06fd-4e90-463f-8d61-4d85dc83771f@group-90DDDBB67D24: start as a follower, conf=-1: [19bd3007-1e52-4912-9c61-e1b3defead3a:192.168.30.46:43351, 380d06fd-4e90-463f-8d61-4d85dc83771f:192.168.30.46:39158, de79c590-bc61-4ebb-a0bd-a6c4482f5622:192.168.30.46:36119], old=null
2019-10-04 19:08:31,636 [pool-267-thread-1] INFO  impl.RaftServerImpl (RaftServerImpl.java:setRole(170)) - 380d06fd-4e90-463f-8d61-4d85dc83771f@group-90DDDBB67D24: changes role from      null to FOLLOWER at term 0 for startAsFollower
2019-10-04 19:08:31,637 [pool-267-thread-1] INFO  impl.RoleInfo (RoleInfo.java:updateAndGet(143)) - 380d06fd-4e90-463f-8d61-4d85dc83771f: start FollowerState
2019-10-04 19:08:31,637 [pool-257-thread-1] INFO  impl.RaftServerImpl (RaftServerImpl.java:start(181)) - de79c590-bc61-4ebb-a0bd-a6c4482f5622@group-90DDDBB67D24: start as a follower, conf=-1: [19bd3007-1e52-4912-9c61-e1b3defead3a:192.168.30.46:43351, 380d06fd-4e90-463f-8d61-4d85dc83771f:192.168.30.46:39158, de79c590-bc61-4ebb-a0bd-a6c4482f5622:192.168.30.46:36119], old=null
2019-10-04 19:08:31,637 [pool-267-thread-1] INFO  util.JmxRegister (JmxRegister.java:tryRegister(44)) - Successfully registered JMX Bean with object name Ratis:service=RaftServer,group=group-90DDDBB67D24,id=380d06fd-4e90-463f-8d61-4d85dc83771f
2019-10-04 19:08:31,637 [pool-257-thread-1] INFO  impl.RaftServerImpl (RaftServerImpl.java:setRole(170)) - de79c590-bc61-4ebb-a0bd-a6c4482f5622@group-90DDDBB67D24: changes role from      null to FOLLOWER at term 0 for startAsFollower
2019-10-04 19:08:31,637 [pool-257-thread-1] INFO  impl.RoleInfo (RoleInfo.java:updateAndGet(143)) - de79c590-bc61-4ebb-a0bd-a6c4482f5622: start FollowerState
2019-10-04 19:08:31,638 [pool-257-thread-1] INFO  util.JmxRegister (JmxRegister.java:tryRegister(44)) - Successfully registered JMX Bean with object name Ratis:service=RaftServer,group=group-90DDDBB67D24,id=de79c590-bc61-4ebb-a0bd-a6c4482f5622
2019-10-04 19:08:31,648 [RatisPipelineUtilsThread] INFO  pipeline.PipelineStateManager (PipelineStateManager.java:addPipeline(56)) - Created pipeline Pipeline[ Id: 6c641c40-57a2-4dae-a9d9-90dddbb67d24, Nodes: de79c590-bc61-4ebb-a0bd-a6c4482f5622{ip: 192.168.30.46, host: pr-hdds-2164-trunk-n6c85-931752109, networkLocation: /default-rack, certSerialId: null}380d06fd-4e90-463f-8d61-4d85dc83771f{ip: 192.168.30.46, host: pr-hdds-2164-trunk-n6c85-931752109, networkLocation: /default-rack, certSerialId: null}19bd3007-1e52-4912-9c61-e1b3defead3a{ip: 192.168.30.46, host: pr-hdds-2164-trunk-n6c85-931752109, networkLocation: /default-rack, certSerialId: null}, Type:RATIS, Factor:THREE, State:OPEN]
2019-10-04 19:08:32,248 [main] INFO  ozone.MiniOzoneClusterImpl (MiniOzoneClusterImpl.java:lambda$waitForClusterToBeReady$0(147)) - Cluster is ready. Got 7 of 7 DN Heartbeats.
2019-10-04 19:08:32,286 [main] INFO  rpc.RpcClient (RpcClient.java:createVolume(277)) - Creating Volume: watchforcommithandlingtest, with jenkins1000 as owner.
2019-10-04 19:08:32,290 [IPC Server handler 2 on 37851] INFO  volume.OMVolumeCreateRequest (OMVolumeCreateRequest.java:validateAndUpdateCache(193)) - created volume:watchforcommithandlingtest for user:jenkins1000
2019-10-04 19:08:32,309 [main] INFO  rpc.RpcClient (RpcClient.java:createBucket(416)) - Creating Bucket: watchforcommithandlingtest/watchforcommithandlingtest, with Versioning false and Storage Type set to DISK and Encryption set to false 
2019-10-04 19:08:32,314 [main] INFO  ozone.MiniOzoneClusterImpl (MiniOzoneClusterImpl.java:getStorageContainerLocationClient(234)) - Creating StorageContainerLocationProtocol RPC client with address /0.0.0.0:38742
2019-10-04 19:08:33,853 [Thread-1408] INFO  container.ReplicationManager (ReplicationManager.java:start(162)) - Starting Replication Monitor Thread.
2019-10-04 19:08:33,859 [ReplicationMonitor] INFO  container.ReplicationManager (ReplicationManager.java:run(225)) - Replication Monitor Thread took 1 milliseconds for processing 1 containers.
2019-10-04 19:08:36,072 [Thread-1410] INFO  impl.FollowerState (FollowerState.java:run(108)) - 78d26de1-043c-4f08-807b-45a94f26c71c@group-53955A0D3551-FollowerState: change to CANDIDATE, lastRpcTime:5145ms, electionTimeout:5144ms
2019-10-04 19:08:36,072 [Thread-1410] INFO  impl.RoleInfo (RoleInfo.java:shutdownFollowerState(121)) - 78d26de1-043c-4f08-807b-45a94f26c71c: shutdown FollowerState
2019-10-04 19:08:36,072 [Thread-1410] INFO  impl.RaftServerImpl (RaftServerImpl.java:setRole(170)) - 78d26de1-043c-4f08-807b-45a94f26c71c@group-53955A0D3551: changes role from  FOLLOWER to CANDIDATE at term 0 for changeToCandidate
2019-10-04 19:08:36,073 [Thread-1410] INFO  impl.RoleInfo (RoleInfo.java:updateAndGet(143)) - 78d26de1-043c-4f08-807b-45a94f26c71c: start LeaderElection
2019-10-04 19:08:36,112 [Thread-1413] INFO  impl.FollowerState (FollowerState.java:run(108)) - 1553187d-9ebc-4ae0-ad21-5383f7672836@group-AC4D011B9FF5-FollowerState: change to CANDIDATE, lastRpcTime:5093ms, electionTimeout:5093ms
2019-10-04 19:08:36,112 [Thread-1413] INFO  impl.RoleInfo (RoleInfo.java:shutdownFollowerState(121)) - 1553187d-9ebc-4ae0-ad21-5383f7672836: shutdown FollowerState
2019-10-04 19:08:36,112 [Thread-1413] INFO  impl.RaftServerImpl (RaftServerImpl.java:setRole(170)) - 1553187d-9ebc-4ae0-ad21-5383f7672836@group-AC4D011B9FF5: changes role from  FOLLOWER to CANDIDATE at term 0 for changeToCandidate
2019-10-04 19:08:36,112 [Thread-1413] INFO  impl.RoleInfo (RoleInfo.java:updateAndGet(143)) - 1553187d-9ebc-4ae0-ad21-5383f7672836: start LeaderElection
2019-10-04 19:08:36,120 [78d26de1-043c-4f08-807b-45a94f26c71c@group-53955A0D3551-LeaderElection46] INFO  impl.LeaderElection (LeaderElection.java:askForVotes(178)) - 78d26de1-043c-4f08-807b-45a94f26c71c@group-53955A0D3551-LeaderElection46: begin an election at term 1 for -1: [78d26de1-043c-4f08-807b-45a94f26c71c:192.168.30.46:42376], old=null
2019-10-04 19:08:36,121 [78d26de1-043c-4f08-807b-45a94f26c71c@group-53955A0D3551-LeaderElection46] INFO  impl.RoleInfo (RoleInfo.java:shutdownLeaderElection(134)) - 78d26de1-043c-4f08-807b-45a94f26c71c: shutdown LeaderElection
2019-10-04 19:08:36,121 [78d26de1-043c-4f08-807b-45a94f26c71c@group-53955A0D3551-LeaderElection46] INFO  impl.RaftServerImpl (RaftServerImpl.java:setRole(170)) - 78d26de1-043c-4f08-807b-45a94f26c71c@group-53955A0D3551: changes role from CANDIDATE to LEADER at term 1 for changeToLeader
2019-10-04 19:08:36,121 [78d26de1-043c-4f08-807b-45a94f26c71c@group-53955A0D3551-LeaderElection46] INFO  impl.RaftServerImpl (ServerState.java:setLeader(255)) - 78d26de1-043c-4f08-807b-45a94f26c71c@group-53955A0D3551: change Leader from null to 78d26de1-043c-4f08-807b-45a94f26c71c at term 1 for becomeLeader, leader elected after 5201ms
2019-10-04 19:08:36,121 [78d26de1-043c-4f08-807b-45a94f26c71c@group-53955A0D3551-LeaderElection46] INFO  server.RaftServerConfigKeys (ConfUtils.java:logGet(43)) - raft.server.staging.catchup.gap = 1000 (default)
2019-10-04 19:08:36,121 [78d26de1-043c-4f08-807b-45a94f26c71c@group-53955A0D3551-LeaderElection46] INFO  server.RaftServerConfigKeys (ConfUtils.java:logGet(43)) - raft.server.rpc.sleep.time = 25ms (default)
2019-10-04 19:08:36,122 [78d26de1-043c-4f08-807b-45a94f26c71c@group-53955A0D3551-LeaderElection46] INFO  server.RaftServerConfigKeys (ConfUtils.java:logGet(43)) - raft.server.write.element-limit = 4096 (default)
2019-10-04 19:08:36,122 [78d26de1-043c-4f08-807b-45a94f26c71c@group-53955A0D3551-LeaderElection46] INFO  server.RaftServerConfigKeys (ConfUtils.java:logGet(43)) - raft.server.watch.timeout = 10s (default)
2019-10-04 19:08:36,122 [78d26de1-043c-4f08-807b-45a94f26c71c@group-53955A0D3551-LeaderElection46] INFO  server.RaftServerConfigKeys (ConfUtils.java:logGet(43)) - raft.server.watch.timeout.denomination = 1s (default)
2019-10-04 19:08:36,122 [78d26de1-043c-4f08-807b-45a94f26c71c@group-53955A0D3551-LeaderElection46] INFO  server.RaftServerConfigKeys (ConfUtils.java:logGet(43)) - raft.server.watch.element-limit = 65536 (default)
2019-10-04 19:08:36,125 [78d26de1-043c-4f08-807b-45a94f26c71c@group-53955A0D3551-LeaderElection46] INFO  impl.RoleInfo (RoleInfo.java:updateAndGet(143)) - 78d26de1-043c-4f08-807b-45a94f26c71c: start LeaderState
2019-10-04 19:08:36,126 [78d26de1-043c-4f08-807b-45a94f26c71c@group-53955A0D3551-LeaderElection46] INFO  segmented.SegmentedRaftLogWorker (SegmentedRaftLogWorker.java:startLogSegment(385)) - 78d26de1-043c-4f08-807b-45a94f26c71c@group-53955A0D3551-SegmentedRaftLogWorker: Starting segment from index:0
2019-10-04 19:08:36,126 [78d26de1-043c-4f08-807b-45a94f26c71c@group-53955A0D3551-LeaderElection46] INFO  impl.RaftServerImpl (ServerState.java:setRaftConf(356)) - 78d26de1-043c-4f08-807b-45a94f26c71c@group-53955A0D3551: set configuration 0: [78d26de1-043c-4f08-807b-45a94f26c71c:192.168.30.46:42376], old=null at 0
2019-10-04 19:08:36,144 [Thread-1416] INFO  impl.FollowerState (FollowerState.java:run(108)) - 19bd3007-1e52-4912-9c61-e1b3defead3a@group-F563281790BA-FollowerState: change to CANDIDATE, lastRpcTime:5045ms, electionTimeout:5045ms
2019-10-04 19:08:36,144 [Thread-1416] INFO  impl.RoleInfo (RoleInfo.java:shutdownFollowerState(121)) - 19bd3007-1e52-4912-9c61-e1b3defead3a: shutdown FollowerState
2019-10-04 19:08:36,144 [Thread-1416] INFO  impl.RaftServerImpl (RaftServerImpl.java:setRole(170)) - 19bd3007-1e52-4912-9c61-e1b3defead3a@group-F563281790BA: changes role from  FOLLOWER to CANDIDATE at term 0 for changeToCandidate
2019-10-04 19:08:36,144 [Thread-1416] INFO  impl.RoleInfo (RoleInfo.java:updateAndGet(143)) - 19bd3007-1e52-4912-9c61-e1b3defead3a: start LeaderElection
2019-10-04 19:08:36,165 [1553187d-9ebc-4ae0-ad21-5383f7672836@group-AC4D011B9FF5-LeaderElection47] INFO  impl.LeaderElection (LeaderElection.java:askForVotes(178)) - 1553187d-9ebc-4ae0-ad21-5383f7672836@group-AC4D011B9FF5-LeaderElection47: begin an election at term 1 for -1: [1553187d-9ebc-4ae0-ad21-5383f7672836:192.168.30.46:39221], old=null
2019-10-04 19:08:36,169 [1553187d-9ebc-4ae0-ad21-5383f7672836@group-AC4D011B9FF5-LeaderElection47] INFO  impl.RoleInfo (RoleInfo.java:shutdownLeaderElection(134)) - 1553187d-9ebc-4ae0-ad21-5383f7672836: shutdown LeaderElection
2019-10-04 19:08:36,169 [1553187d-9ebc-4ae0-ad21-5383f7672836@group-AC4D011B9FF5-LeaderElection47] INFO  impl.RaftServerImpl (RaftServerImpl.java:setRole(170)) - 1553187d-9ebc-4ae0-ad21-5383f7672836@group-AC4D011B9FF5: changes role from CANDIDATE to LEADER at term 1 for changeToLeader
2019-10-04 19:08:36,169 [1553187d-9ebc-4ae0-ad21-5383f7672836@group-AC4D011B9FF5-LeaderElection47] INFO  impl.RaftServerImpl (ServerState.java:setLeader(255)) - 1553187d-9ebc-4ae0-ad21-5383f7672836@group-AC4D011B9FF5: change Leader from null to 1553187d-9ebc-4ae0-ad21-5383f7672836 at term 1 for becomeLeader, leader elected after 5157ms
2019-10-04 19:08:36,169 [1553187d-9ebc-4ae0-ad21-5383f7672836@group-AC4D011B9FF5-LeaderElection47] INFO  server.RaftServerConfigKeys (ConfUtils.java:logGet(43)) - raft.server.staging.catchup.gap = 1000 (default)
2019-10-04 19:08:36,170 [1553187d-9ebc-4ae0-ad21-5383f7672836@group-AC4D011B9FF5-LeaderElection47] INFO  server.RaftServerConfigKeys (ConfUtils.java:logGet(43)) - raft.server.rpc.sleep.time = 25ms (default)
2019-10-04 19:08:36,170 [1553187d-9ebc-4ae0-ad21-5383f7672836@group-AC4D011B9FF5-LeaderElection47] INFO  server.RaftServerConfigKeys (ConfUtils.java:logGet(43)) - raft.server.write.element-limit = 4096 (default)
2019-10-04 19:08:36,170 [1553187d-9ebc-4ae0-ad21-5383f7672836@group-AC4D011B9FF5-LeaderElection47] INFO  server.RaftServerConfigKeys (ConfUtils.java:logGet(43)) - raft.server.watch.timeout = 10s (default)
2019-10-04 19:08:36,170 [1553187d-9ebc-4ae0-ad21-5383f7672836@group-AC4D011B9FF5-LeaderElection47] INFO  server.RaftServerConfigKeys (ConfUtils.java:logGet(43)) - raft.server.watch.timeout.denomination = 1s (default)
2019-10-04 19:08:36,170 [1553187d-9ebc-4ae0-ad21-5383f7672836@group-AC4D011B9FF5-LeaderElection47] INFO  server.RaftServerConfigKeys (ConfUtils.java:logGet(43)) - raft.server.watch.element-limit = 65536 (default)
2019-10-04 19:08:36,172 [1553187d-9ebc-4ae0-ad21-5383f7672836@group-AC4D011B9FF5-LeaderElection47] INFO  impl.RoleInfo (RoleInfo.java:updateAndGet(143)) - 1553187d-9ebc-4ae0-ad21-5383f7672836: start LeaderState
2019-10-04 19:08:36,172 [1553187d-9ebc-4ae0-ad21-5383f7672836@group-AC4D011B9FF5-LeaderElection47] INFO  segmented.SegmentedRaftLogWorker (SegmentedRaftLogWorker.java:startLogSegment(385)) - 1553187d-9ebc-4ae0-ad21-5383f7672836@group-AC4D011B9FF5-SegmentedRaftLogWorker: Starting segment from index:0
2019-10-04 19:08:36,172 [1553187d-9ebc-4ae0-ad21-5383f7672836@group-AC4D011B9FF5-LeaderElection47] INFO  impl.RaftServerImpl (ServerState.java:setRaftConf(356)) - 1553187d-9ebc-4ae0-ad21-5383f7672836@group-AC4D011B9FF5: set configuration 0: [1553187d-9ebc-4ae0-ad21-5383f7672836:192.168.30.46:39221], old=null at 0
2019-10-04 19:08:36,197 [78d26de1-043c-4f08-807b-45a94f26c71c@group-53955A0D3551-SegmentedRaftLogWorker] INFO  segmented.SegmentedRaftLogWorker (SegmentedRaftLogWorker.java:execute(574)) - 78d26de1-043c-4f08-807b-45a94f26c71c@group-53955A0D3551-SegmentedRaftLogWorker: created new log segment /workdir/hadoop-ozone/integration-test/target/test-dir/MiniOzoneClusterImpl-b2b53cee-6b8b-4210-8789-385a60e57f66/datanode-0/data/ratis/5ff470d1-9ad1-4cf0-b416-53955a0d3551/current/log_inprogress_0
2019-10-04 19:08:36,197 [19bd3007-1e52-4912-9c61-e1b3defead3a@group-F563281790BA-LeaderElection48] INFO  impl.LeaderElection (LeaderElection.java:askForVotes(178)) - 19bd3007-1e52-4912-9c61-e1b3defead3a@group-F563281790BA-LeaderElection48: begin an election at term 1 for -1: [19bd3007-1e52-4912-9c61-e1b3defead3a:192.168.30.46:43351], old=null
2019-10-04 19:08:36,198 [19bd3007-1e52-4912-9c61-e1b3defead3a@group-F563281790BA-LeaderElection48] INFO  impl.RoleInfo (RoleInfo.java:shutdownLeaderElection(134)) - 19bd3007-1e52-4912-9c61-e1b3defead3a: shutdown LeaderElection
2019-10-04 19:08:36,198 [19bd3007-1e52-4912-9c61-e1b3defead3a@group-F563281790BA-LeaderElection48] INFO  impl.RaftServerImpl (RaftServerImpl.java:setRole(170)) - 19bd3007-1e52-4912-9c61-e1b3defead3a@group-F563281790BA: changes role from CANDIDATE to LEADER at term 1 for changeToLeader
2019-10-04 19:08:36,198 [19bd3007-1e52-4912-9c61-e1b3defead3a@group-F563281790BA-LeaderElection48] INFO  impl.RaftServerImpl (ServerState.java:setLeader(255)) - 19bd3007-1e52-4912-9c61-e1b3defead3a@group-F563281790BA: change Leader from null to 19bd3007-1e52-4912-9c61-e1b3defead3a at term 1 for becomeLeader, leader elected after 5108ms
2019-10-04 19:08:36,198 [19bd3007-1e52-4912-9c61-e1b3defead3a@group-F563281790BA-LeaderElection48] INFO  server.RaftServerConfigKeys (ConfUtils.java:logGet(43)) - raft.server.staging.catchup.gap = 1000 (default)
2019-10-04 19:08:36,198 [19bd3007-1e52-4912-9c61-e1b3defead3a@group-F563281790BA-LeaderElection48] INFO  server.RaftServerConfigKeys (ConfUtils.java:logGet(43)) - raft.server.rpc.sleep.time = 25ms (default)
2019-10-04 19:08:36,198 [19bd3007-1e52-4912-9c61-e1b3defead3a@group-F563281790BA-LeaderElection48] INFO  server.RaftServerConfigKeys (ConfUtils.java:logGet(43)) - raft.server.write.element-limit = 4096 (default)
2019-10-04 19:08:36,198 [19bd3007-1e52-4912-9c61-e1b3defead3a@group-F563281790BA-LeaderElection48] INFO  server.RaftServerConfigKeys (ConfUtils.java:logGet(43)) - raft.server.watch.timeout = 10s (default)
2019-10-04 19:08:36,198 [19bd3007-1e52-4912-9c61-e1b3defead3a@group-F563281790BA-LeaderElection48] INFO  server.RaftServerConfigKeys (ConfUtils.java:logGet(43)) - raft.server.watch.timeout.denomination = 1s (default)
2019-10-04 19:08:36,198 [19bd3007-1e52-4912-9c61-e1b3defead3a@group-F563281790BA-LeaderElection48] INFO  server.RaftServerConfigKeys (ConfUtils.java:logGet(43)) - raft.server.watch.element-limit = 65536 (default)
2019-10-04 19:08:36,200 [19bd3007-1e52-4912-9c61-e1b3defead3a@group-F563281790BA-LeaderElection48] INFO  impl.RoleInfo (RoleInfo.java:updateAndGet(143)) - 19bd3007-1e52-4912-9c61-e1b3defead3a: start LeaderState
2019-10-04 19:08:36,200 [19bd3007-1e52-4912-9c61-e1b3defead3a@group-F563281790BA-LeaderElection48] INFO  segmented.SegmentedRaftLogWorker (SegmentedRaftLogWorker.java:startLogSegment(385)) - 19bd3007-1e52-4912-9c61-e1b3defead3a@group-F563281790BA-SegmentedRaftLogWorker: Starting segment from index:0
2019-10-04 19:08:36,200 [19bd3007-1e52-4912-9c61-e1b3defead3a@group-F563281790BA-LeaderElection48] INFO  impl.RaftServerImpl (ServerState.java:setRaftConf(356)) - 19bd3007-1e52-4912-9c61-e1b3defead3a@group-F563281790BA: set configuration 0: [19bd3007-1e52-4912-9c61-e1b3defead3a:192.168.30.46:43351], old=null at 0
2019-10-04 19:08:36,214 [Thread-1419] INFO  impl.FollowerState (FollowerState.java:run(108)) - ab77a81b-e30a-4472-9397-726189fd159d@group-6E8912B61BD3-FollowerState: change to CANDIDATE, lastRpcTime:5043ms, electionTimeout:5043ms
2019-10-04 19:08:36,214 [Thread-1419] INFO  impl.RoleInfo (RoleInfo.java:shutdownFollowerState(121)) - ab77a81b-e30a-4472-9397-726189fd159d: shutdown FollowerState
2019-10-04 19:08:36,214 [Thread-1419] INFO  impl.RaftServerImpl (RaftServerImpl.java:setRole(170)) - ab77a81b-e30a-4472-9397-726189fd159d@group-6E8912B61BD3: changes role from  FOLLOWER to CANDIDATE at term 0 for changeToCandidate
2019-10-04 19:08:36,215 [Thread-1419] INFO  impl.RoleInfo (RoleInfo.java:updateAndGet(143)) - ab77a81b-e30a-4472-9397-726189fd159d: start LeaderElection
2019-10-04 19:08:36,227 [1553187d-9ebc-4ae0-ad21-5383f7672836@group-AC4D011B9FF5-SegmentedRaftLogWorker] INFO  segmented.SegmentedRaftLogWorker (SegmentedRaftLogWorker.java:execute(574)) - 1553187d-9ebc-4ae0-ad21-5383f7672836@group-AC4D011B9FF5-SegmentedRaftLogWorker: created new log segment /workdir/hadoop-ozone/integration-test/target/test-dir/MiniOzoneClusterImpl-b2b53cee-6b8b-4210-8789-385a60e57f66/datanode-1/data/ratis/f2d11bf0-ff64-446e-9907-ac4d011b9ff5/current/log_inprogress_0
2019-10-04 19:08:36,249 [19bd3007-1e52-4912-9c61-e1b3defead3a@group-F563281790BA-SegmentedRaftLogWorker] INFO  segmented.SegmentedRaftLogWorker (SegmentedRaftLogWorker.java:execute(574)) - 19bd3007-1e52-4912-9c61-e1b3defead3a@group-F563281790BA-SegmentedRaftLogWorker: created new log segment /workdir/hadoop-ozone/integration-test/target/test-dir/MiniOzoneClusterImpl-b2b53cee-6b8b-4210-8789-385a60e57f66/datanode-2/data/ratis/1791836c-adfc-4a9d-aa45-f563281790ba/current/log_inprogress_0
2019-10-04 19:08:36,249 [ab77a81b-e30a-4472-9397-726189fd159d@group-6E8912B61BD3-LeaderElection49] INFO  impl.LeaderElection (LeaderElection.java:askForVotes(178)) - ab77a81b-e30a-4472-9397-726189fd159d@group-6E8912B61BD3-LeaderElection49: begin an election at term 1 for -1: [ab77a81b-e30a-4472-9397-726189fd159d:192.168.30.46:41497], old=null
2019-10-04 19:08:36,249 [ab77a81b-e30a-4472-9397-726189fd159d@group-6E8912B61BD3-LeaderElection49] INFO  impl.RoleInfo (RoleInfo.java:shutdownLeaderElection(134)) - ab77a81b-e30a-4472-9397-726189fd159d: shutdown LeaderElection
2019-10-04 19:08:36,249 [ab77a81b-e30a-4472-9397-726189fd159d@group-6E8912B61BD3-LeaderElection49] INFO  impl.RaftServerImpl (RaftServerImpl.java:setRole(170)) - ab77a81b-e30a-4472-9397-726189fd159d@group-6E8912B61BD3: changes role from CANDIDATE to LEADER at term 1 for changeToLeader
2019-10-04 19:08:36,250 [ab77a81b-e30a-4472-9397-726189fd159d@group-6E8912B61BD3-LeaderElection49] INFO  impl.RaftServerImpl (ServerState.java:setLeader(255)) - ab77a81b-e30a-4472-9397-726189fd159d@group-6E8912B61BD3: change Leader from null to ab77a81b-e30a-4472-9397-726189fd159d at term 1 for becomeLeader, leader elected after 5086ms
2019-10-04 19:08:36,250 [ab77a81b-e30a-4472-9397-726189fd159d@group-6E8912B61BD3-LeaderElection49] INFO  server.RaftServerConfigKeys (ConfUtils.java:logGet(43)) - raft.server.staging.catchup.gap = 1000 (default)
2019-10-04 19:08:36,250 [ab77a81b-e30a-4472-9397-726189fd159d@group-6E8912B61BD3-LeaderElection49] INFO  server.RaftServerConfigKeys (ConfUtils.java:logGet(43)) - raft.server.rpc.sleep.time = 25ms (default)
2019-10-04 19:08:36,250 [ab77a81b-e30a-4472-9397-726189fd159d@group-6E8912B61BD3-LeaderElection49] INFO  server.RaftServerConfigKeys (ConfUtils.java:logGet(43)) - raft.server.write.element-limit = 4096 (default)
2019-10-04 19:08:36,250 [ab77a81b-e30a-4472-9397-726189fd159d@group-6E8912B61BD3-LeaderElection49] INFO  server.RaftServerConfigKeys (ConfUtils.java:logGet(43)) - raft.server.watch.timeout = 10s (default)
2019-10-04 19:08:36,251 [ab77a81b-e30a-4472-9397-726189fd159d@group-6E8912B61BD3-LeaderElection49] INFO  server.RaftServerConfigKeys (ConfUtils.java:logGet(43)) - raft.server.watch.timeout.denomination = 1s (default)
2019-10-04 19:08:36,251 [ab77a81b-e30a-4472-9397-726189fd159d@group-6E8912B61BD3-LeaderElection49] INFO  server.RaftServerConfigKeys (ConfUtils.java:logGet(43)) - raft.server.watch.element-limit = 65536 (default)
2019-10-04 19:08:36,253 [ab77a81b-e30a-4472-9397-726189fd159d@group-6E8912B61BD3-LeaderElection49] INFO  impl.RoleInfo (RoleInfo.java:updateAndGet(143)) - ab77a81b-e30a-4472-9397-726189fd159d: start LeaderState
2019-10-04 19:08:36,253 [ab77a81b-e30a-4472-9397-726189fd159d@group-6E8912B61BD3-LeaderElection49] INFO  segmented.SegmentedRaftLogWorker (SegmentedRaftLogWorker.java:startLogSegment(385)) - ab77a81b-e30a-4472-9397-726189fd159d@group-6E8912B61BD3-SegmentedRaftLogWorker: Starting segment from index:0
2019-10-04 19:08:36,254 [ab77a81b-e30a-4472-9397-726189fd159d@group-6E8912B61BD3-LeaderElection49] INFO  impl.RaftServerImpl (ServerState.java:setRaftConf(356)) - ab77a81b-e30a-4472-9397-726189fd159d@group-6E8912B61BD3: set configuration 0: [ab77a81b-e30a-4472-9397-726189fd159d:192.168.30.46:41497], old=null at 0
2019-10-04 19:08:36,308 [ab77a81b-e30a-4472-9397-726189fd159d@group-6E8912B61BD3-SegmentedRaftLogWorker] INFO  segmented.SegmentedRaftLogWorker (SegmentedRaftLogWorker.java:execute(574)) - ab77a81b-e30a-4472-9397-726189fd159d@group-6E8912B61BD3-SegmentedRaftLogWorker: created new log segment /workdir/hadoop-ozone/integration-test/target/test-dir/MiniOzoneClusterImpl-b2b53cee-6b8b-4210-8789-385a60e57f66/datanode-3/data/ratis/a7aea5e5-c7fc-4735-8d1c-6e8912b61bd3/current/log_inprogress_0
2019-10-04 19:08:36,379 [Thread-1422] INFO  impl.FollowerState (FollowerState.java:run(108)) - 0c740033-5552-4d27-ab2d-faeb035c7a1c@group-C6CC05BCD2E2-FollowerState: change to CANDIDATE, lastRpcTime:5123ms, electionTimeout:5123ms
2019-10-04 19:08:36,379 [Thread-1422] INFO  impl.RoleInfo (RoleInfo.java:shutdownFollowerState(121)) - 0c740033-5552-4d27-ab2d-faeb035c7a1c: shutdown FollowerState
2019-10-04 19:08:36,379 [Thread-1422] INFO  impl.RaftServerImpl (RaftServerImpl.java:setRole(170)) - 0c740033-5552-4d27-ab2d-faeb035c7a1c@group-C6CC05BCD2E2: changes role from  FOLLOWER to CANDIDATE at term 0 for changeToCandidate
2019-10-04 19:08:36,380 [Thread-1422] INFO  impl.RoleInfo (RoleInfo.java:updateAndGet(143)) - 0c740033-5552-4d27-ab2d-faeb035c7a1c: start LeaderElection
2019-10-04 19:08:36,410 [0c740033-5552-4d27-ab2d-faeb035c7a1c@group-C6CC05BCD2E2-LeaderElection50] INFO  impl.LeaderElection (LeaderElection.java:askForVotes(178)) - 0c740033-5552-4d27-ab2d-faeb035c7a1c@group-C6CC05BCD2E2-LeaderElection50: begin an election at term 1 for -1: [0c740033-5552-4d27-ab2d-faeb035c7a1c:192.168.30.46:46146], old=null
2019-10-04 19:08:36,410 [0c740033-5552-4d27-ab2d-faeb035c7a1c@group-C6CC05BCD2E2-LeaderElection50] INFO  impl.RoleInfo (RoleInfo.java:shutdownLeaderElection(134)) - 0c740033-5552-4d27-ab2d-faeb035c7a1c: shutdown LeaderElection
2019-10-04 19:08:36,410 [0c740033-5552-4d27-ab2d-faeb035c7a1c@group-C6CC05BCD2E2-LeaderElection50] INFO  impl.RaftServerImpl (RaftServerImpl.java:setRole(170)) - 0c740033-5552-4d27-ab2d-faeb035c7a1c@group-C6CC05BCD2E2: changes role from CANDIDATE to LEADER at term 1 for changeToLeader
2019-10-04 19:08:36,411 [0c740033-5552-4d27-ab2d-faeb035c7a1c@group-C6CC05BCD2E2-LeaderElection50] INFO  impl.RaftServerImpl (ServerState.java:setLeader(255)) - 0c740033-5552-4d27-ab2d-faeb035c7a1c@group-C6CC05BCD2E2: change Leader from null to 0c740033-5552-4d27-ab2d-faeb035c7a1c at term 1 for becomeLeader, leader elected after 5163ms
2019-10-04 19:08:36,411 [0c740033-5552-4d27-ab2d-faeb035c7a1c@group-C6CC05BCD2E2-LeaderElection50] INFO  server.RaftServerConfigKeys (ConfUtils.java:logGet(43)) - raft.server.staging.catchup.gap = 1000 (default)
2019-10-04 19:08:36,411 [0c740033-5552-4d27-ab2d-faeb035c7a1c@group-C6CC05BCD2E2-LeaderElection50] INFO  server.RaftServerConfigKeys (ConfUtils.java:logGet(43)) - raft.server.rpc.sleep.time = 25ms (default)
2019-10-04 19:08:36,411 [0c740033-5552-4d27-ab2d-faeb035c7a1c@group-C6CC05BCD2E2-LeaderElection50] INFO  server.RaftServerConfigKeys (ConfUtils.java:logGet(43)) - raft.server.write.element-limit = 4096 (default)
2019-10-04 19:08:36,411 [0c740033-5552-4d27-ab2d-faeb035c7a1c@group-C6CC05BCD2E2-LeaderElection50] INFO  server.RaftServerConfigKeys (ConfUtils.java:logGet(43)) - raft.server.watch.timeout = 10s (default)
2019-10-04 19:08:36,411 [0c740033-5552-4d27-ab2d-faeb035c7a1c@group-C6CC05BCD2E2-LeaderElection50] INFO  server.RaftServerConfigKeys (ConfUtils.java:logGet(43)) - raft.server.watch.timeout.denomination = 1s (default)
2019-10-04 19:08:36,412 [0c740033-5552-4d27-ab2d-faeb035c7a1c@group-C6CC05BCD2E2-LeaderElection50] INFO  server.RaftServerConfigKeys (ConfUtils.java:logGet(43)) - raft.server.watch.element-limit = 65536 (default)
2019-10-04 19:08:36,413 [0c740033-5552-4d27-ab2d-faeb035c7a1c@group-C6CC05BCD2E2-LeaderElection50] INFO  impl.RoleInfo (RoleInfo.java:updateAndGet(143)) - 0c740033-5552-4d27-ab2d-faeb035c7a1c: start LeaderState
2019-10-04 19:08:36,414 [0c740033-5552-4d27-ab2d-faeb035c7a1c@group-C6CC05BCD2E2-LeaderElection50] INFO  segmented.SegmentedRaftLogWorker (SegmentedRaftLogWorker.java:startLogSegment(385)) - 0c740033-5552-4d27-ab2d-faeb035c7a1c@group-C6CC05BCD2E2-SegmentedRaftLogWorker: Starting segment from index:0
2019-10-04 19:08:36,414 [0c740033-5552-4d27-ab2d-faeb035c7a1c@group-C6CC05BCD2E2-LeaderElection50] INFO  impl.RaftServerImpl (ServerState.java:setRaftConf(356)) - 0c740033-5552-4d27-ab2d-faeb035c7a1c@group-C6CC05BCD2E2: set configuration 0: [0c740033-5552-4d27-ab2d-faeb035c7a1c:192.168.30.46:46146], old=null at 0
2019-10-04 19:08:36,477 [0c740033-5552-4d27-ab2d-faeb035c7a1c@group-C6CC05BCD2E2-SegmentedRaftLogWorker] INFO  segmented.SegmentedRaftLogWorker (SegmentedRaftLogWorker.java:execute(574)) - 0c740033-5552-4d27-ab2d-faeb035c7a1c@group-C6CC05BCD2E2-SegmentedRaftLogWorker: created new log segment /workdir/hadoop-ozone/integration-test/target/test-dir/MiniOzoneClusterImpl-b2b53cee-6b8b-4210-8789-385a60e57f66/datanode-4/data/ratis/cd7e15bc-d4d4-47d7-aa9f-c6cc05bcd2e2/current/log_inprogress_0
2019-10-04 19:08:36,477 [Thread-1428] INFO  impl.FollowerState (FollowerState.java:run(108)) - 380d06fd-4e90-463f-8d61-4d85dc83771f@group-3FF62DB9F0F2-FollowerState: change to CANDIDATE, lastRpcTime:5045ms, electionTimeout:5032ms
2019-10-04 19:08:36,477 [Thread-1428] INFO  impl.RoleInfo (RoleInfo.java:shutdownFollowerState(121)) - 380d06fd-4e90-463f-8d61-4d85dc83771f: shutdown FollowerState
2019-10-04 19:08:36,477 [Thread-1428] INFO  impl.RaftServerImpl (RaftServerImpl.java:setRole(170)) - 380d06fd-4e90-463f-8d61-4d85dc83771f@group-3FF62DB9F0F2: changes role from  FOLLOWER to CANDIDATE at term 0 for changeToCandidate
2019-10-04 19:08:36,478 [Thread-1428] INFO  impl.RoleInfo (RoleInfo.java:updateAndGet(143)) - 380d06fd-4e90-463f-8d61-4d85dc83771f: start LeaderElection
2019-10-04 19:08:36,503 [380d06fd-4e90-463f-8d61-4d85dc83771f@group-3FF62DB9F0F2-LeaderElection51] INFO  impl.LeaderElection (LeaderElection.java:askForVotes(178)) - 380d06fd-4e90-463f-8d61-4d85dc83771f@group-3FF62DB9F0F2-LeaderElection51: begin an election at term 1 for -1: [380d06fd-4e90-463f-8d61-4d85dc83771f:192.168.30.46:39158], old=null
2019-10-04 19:08:36,503 [380d06fd-4e90-463f-8d61-4d85dc83771f@group-3FF62DB9F0F2-LeaderElection51] INFO  impl.RoleInfo (RoleInfo.java:shutdownLeaderElection(134)) - 380d06fd-4e90-463f-8d61-4d85dc83771f: shutdown LeaderElection
2019-10-04 19:08:36,503 [380d06fd-4e90-463f-8d61-4d85dc83771f@group-3FF62DB9F0F2-LeaderElection51] INFO  impl.RaftServerImpl (RaftServerImpl.java:setRole(170)) - 380d06fd-4e90-463f-8d61-4d85dc83771f@group-3FF62DB9F0F2: changes role from CANDIDATE to LEADER at term 1 for changeToLeader
2019-10-04 19:08:36,503 [380d06fd-4e90-463f-8d61-4d85dc83771f@group-3FF62DB9F0F2-LeaderElection51] INFO  impl.RaftServerImpl (ServerState.java:setLeader(255)) - 380d06fd-4e90-463f-8d61-4d85dc83771f@group-3FF62DB9F0F2: change Leader from null to 380d06fd-4e90-463f-8d61-4d85dc83771f at term 1 for becomeLeader, leader elected after 5079ms
2019-10-04 19:08:36,503 [380d06fd-4e90-463f-8d61-4d85dc83771f@group-3FF62DB9F0F2-LeaderElection51] INFO  server.RaftServerConfigKeys (ConfUtils.java:logGet(43)) - raft.server.staging.catchup.gap = 1000 (default)
2019-10-04 19:08:36,503 [380d06fd-4e90-463f-8d61-4d85dc83771f@group-3FF62DB9F0F2-LeaderElection51] INFO  server.RaftServerConfigKeys (ConfUtils.java:logGet(43)) - raft.server.rpc.sleep.time = 25ms (default)
2019-10-04 19:08:36,504 [380d06fd-4e90-463f-8d61-4d85dc83771f@group-3FF62DB9F0F2-LeaderElection51] INFO  server.RaftServerConfigKeys (ConfUtils.java:logGet(43)) - raft.server.write.element-limit = 4096 (default)
2019-10-04 19:08:36,504 [380d06fd-4e90-463f-8d61-4d85dc83771f@group-3FF62DB9F0F2-LeaderElection51] INFO  server.RaftServerConfigKeys (ConfUtils.java:logGet(43)) - raft.server.watch.timeout = 10s (default)
2019-10-04 19:08:36,504 [380d06fd-4e90-463f-8d61-4d85dc83771f@group-3FF62DB9F0F2-LeaderElection51] INFO  server.RaftServerConfigKeys (ConfUtils.java:logGet(43)) - raft.server.watch.timeout.denomination = 1s (default)
2019-10-04 19:08:36,504 [380d06fd-4e90-463f-8d61-4d85dc83771f@group-3FF62DB9F0F2-LeaderElection51] INFO  server.RaftServerConfigKeys (ConfUtils.java:logGet(43)) - raft.server.watch.element-limit = 65536 (default)
2019-10-04 19:08:36,507 [380d06fd-4e90-463f-8d61-4d85dc83771f@group-3FF62DB9F0F2-LeaderElection51] INFO  impl.RoleInfo (RoleInfo.java:updateAndGet(143)) - 380d06fd-4e90-463f-8d61-4d85dc83771f: start LeaderState
2019-10-04 19:08:36,507 [380d06fd-4e90-463f-8d61-4d85dc83771f@group-3FF62DB9F0F2-LeaderElection51] INFO  segmented.SegmentedRaftLogWorker (SegmentedRaftLogWorker.java:startLogSegment(385)) - 380d06fd-4e90-463f-8d61-4d85dc83771f@group-3FF62DB9F0F2-SegmentedRaftLogWorker: Starting segment from index:0
2019-10-04 19:08:36,508 [380d06fd-4e90-463f-8d61-4d85dc83771f@group-3FF62DB9F0F2-LeaderElection51] INFO  impl.RaftServerImpl (ServerState.java:setRaftConf(356)) - 380d06fd-4e90-463f-8d61-4d85dc83771f@group-3FF62DB9F0F2: set configuration 0: [380d06fd-4e90-463f-8d61-4d85dc83771f:192.168.30.46:39158], old=null at 0
2019-10-04 19:08:36,515 [Thread-1425] INFO  impl.FollowerState (FollowerState.java:run(108)) - de79c590-bc61-4ebb-a0bd-a6c4482f5622@group-6195C4CDEFC7-FollowerState: change to CANDIDATE, lastRpcTime:5165ms, electionTimeout:5165ms
2019-10-04 19:08:36,515 [Thread-1425] INFO  impl.RoleInfo (RoleInfo.java:shutdownFollowerState(121)) - de79c590-bc61-4ebb-a0bd-a6c4482f5622: shutdown FollowerState
2019-10-04 19:08:36,515 [Thread-1425] INFO  impl.RaftServerImpl (RaftServerImpl.java:setRole(170)) - de79c590-bc61-4ebb-a0bd-a6c4482f5622@group-6195C4CDEFC7: changes role from  FOLLOWER to CANDIDATE at term 0 for changeToCandidate
2019-10-04 19:08:36,515 [Thread-1425] INFO  impl.RoleInfo (RoleInfo.java:updateAndGet(143)) - de79c590-bc61-4ebb-a0bd-a6c4482f5622: start LeaderElection
2019-10-04 19:08:36,546 [Thread-1431] INFO  impl.FollowerState (FollowerState.java:run(108)) - 0c740033-5552-4d27-ab2d-faeb035c7a1c@group-07353A2AD167-FollowerState: change to CANDIDATE, lastRpcTime:5020ms, electionTimeout:5020ms
2019-10-04 19:08:36,547 [Thread-1431] INFO  impl.RoleInfo (RoleInfo.java:shutdownFollowerState(121)) - 0c740033-5552-4d27-ab2d-faeb035c7a1c: shutdown FollowerState
2019-10-04 19:08:36,547 [Thread-1431] INFO  impl.RaftServerImpl (RaftServerImpl.java:setRole(170)) - 0c740033-5552-4d27-ab2d-faeb035c7a1c@group-07353A2AD167: changes role from  FOLLOWER to CANDIDATE at term 0 for changeToCandidate
2019-10-04 19:08:36,547 [Thread-1431] INFO  impl.RoleInfo (RoleInfo.java:updateAndGet(143)) - 0c740033-5552-4d27-ab2d-faeb035c7a1c: start LeaderElection
2019-10-04 19:08:36,554 [380d06fd-4e90-463f-8d61-4d85dc83771f@group-3FF62DB9F0F2-SegmentedRaftLogWorker] INFO  segmented.SegmentedRaftLogWorker (SegmentedRaftLogWorker.java:execute(574)) - 380d06fd-4e90-463f-8d61-4d85dc83771f@group-3FF62DB9F0F2-SegmentedRaftLogWorker: created new log segment /workdir/hadoop-ozone/integration-test/target/test-dir/MiniOzoneClusterImpl-b2b53cee-6b8b-4210-8789-385a60e57f66/datanode-6/data/ratis/a3fd730c-84a3-4b16-928f-3ff62db9f0f2/current/log_inprogress_0
2019-10-04 19:08:36,554 [de79c590-bc61-4ebb-a0bd-a6c4482f5622@group-6195C4CDEFC7-LeaderElection52] INFO  impl.LeaderElection (LeaderElection.java:askForVotes(178)) - de79c590-bc61-4ebb-a0bd-a6c4482f5622@group-6195C4CDEFC7-LeaderElection52: begin an election at term 1 for -1: [de79c590-bc61-4ebb-a0bd-a6c4482f5622:192.168.30.46:36119], old=null
2019-10-04 19:08:36,554 [de79c590-bc61-4ebb-a0bd-a6c4482f5622@group-6195C4CDEFC7-LeaderElection52] INFO  impl.RoleInfo (RoleInfo.java:shutdownLeaderElection(134)) - de79c590-bc61-4ebb-a0bd-a6c4482f5622: shutdown LeaderElection
2019-10-04 19:08:36,554 [de79c590-bc61-4ebb-a0bd-a6c4482f5622@group-6195C4CDEFC7-LeaderElection52] INFO  impl.RaftServerImpl (RaftServerImpl.java:setRole(170)) - de79c590-bc61-4ebb-a0bd-a6c4482f5622@group-6195C4CDEFC7: changes role from CANDIDATE to LEADER at term 1 for changeToLeader
2019-10-04 19:08:36,554 [de79c590-bc61-4ebb-a0bd-a6c4482f5622@group-6195C4CDEFC7-LeaderElection52] INFO  impl.RaftServerImpl (ServerState.java:setLeader(255)) - de79c590-bc61-4ebb-a0bd-a6c4482f5622@group-6195C4CDEFC7: change Leader from null to de79c590-bc61-4ebb-a0bd-a6c4482f5622 at term 1 for becomeLeader, leader elected after 5213ms
2019-10-04 19:08:36,554 [de79c590-bc61-4ebb-a0bd-a6c4482f5622@group-6195C4CDEFC7-LeaderElection52] INFO  server.RaftServerConfigKeys (ConfUtils.java:logGet(43)) - raft.server.staging.catchup.gap = 1000 (default)
2019-10-04 19:08:36,555 [de79c590-bc61-4ebb-a0bd-a6c4482f5622@group-6195C4CDEFC7-LeaderElection52] INFO  server.RaftServerConfigKeys (ConfUtils.java:logGet(43)) - raft.server.rpc.sleep.time = 25ms (default)
2019-10-04 19:08:36,555 [de79c590-bc61-4ebb-a0bd-a6c4482f5622@group-6195C4CDEFC7-LeaderElection52] INFO  server.RaftServerConfigKeys (ConfUtils.java:logGet(43)) - raft.server.write.element-limit = 4096 (default)
2019-10-04 19:08:36,555 [de79c590-bc61-4ebb-a0bd-a6c4482f5622@group-6195C4CDEFC7-LeaderElection52] INFO  server.RaftServerConfigKeys (ConfUtils.java:logGet(43)) - raft.server.watch.timeout = 10s (default)
2019-10-04 19:08:36,555 [de79c590-bc61-4ebb-a0bd-a6c4482f5622@group-6195C4CDEFC7-LeaderElection52] INFO  server.RaftServerConfigKeys (ConfUtils.java:logGet(43)) - raft.server.watch.timeout.denomination = 1s (default)
2019-10-04 19:08:36,555 [de79c590-bc61-4ebb-a0bd-a6c4482f5622@group-6195C4CDEFC7-LeaderElection52] INFO  server.RaftServerConfigKeys (ConfUtils.java:logGet(43)) - raft.server.watch.element-limit = 65536 (default)
2019-10-04 19:08:36,557 [de79c590-bc61-4ebb-a0bd-a6c4482f5622@group-6195C4CDEFC7-LeaderElection52] INFO  impl.RoleInfo (RoleInfo.java:updateAndGet(143)) - de79c590-bc61-4ebb-a0bd-a6c4482f5622: start LeaderState
2019-10-04 19:08:36,557 [de79c590-bc61-4ebb-a0bd-a6c4482f5622@group-6195C4CDEFC7-LeaderElection52] INFO  segmented.SegmentedRaftLogWorker (SegmentedRaftLogWorker.java:startLogSegment(385)) - de79c590-bc61-4ebb-a0bd-a6c4482f5622@group-6195C4CDEFC7-SegmentedRaftLogWorker: Starting segment from index:0
2019-10-04 19:08:36,558 [de79c590-bc61-4ebb-a0bd-a6c4482f5622@group-6195C4CDEFC7-LeaderElection52] INFO  impl.RaftServerImpl (ServerState.java:setRaftConf(356)) - de79c590-bc61-4ebb-a0bd-a6c4482f5622@group-6195C4CDEFC7: set configuration 0: [de79c590-bc61-4ebb-a0bd-a6c4482f5622:192.168.30.46:36119], old=null at 0
2019-10-04 19:08:36,579 [0c740033-5552-4d27-ab2d-faeb035c7a1c@group-07353A2AD167-LeaderElection53] INFO  impl.LeaderElection (LeaderElection.java:askForVotes(178)) - 0c740033-5552-4d27-ab2d-faeb035c7a1c@group-07353A2AD167-LeaderElection53: begin an election at term 1 for -1: [ab77a81b-e30a-4472-9397-726189fd159d:192.168.30.46:41497, 1553187d-9ebc-4ae0-ad21-5383f7672836:192.168.30.46:39221, 0c740033-5552-4d27-ab2d-faeb035c7a1c:192.168.30.46:46146], old=null
2019-10-04 19:08:36,595 [grpc-default-executor-1] INFO  impl.RaftServerImpl (RaftServerImpl.java:setRole(170)) - ab77a81b-e30a-4472-9397-726189fd159d@group-07353A2AD167: changes role from  FOLLOWER to FOLLOWER at term 1 for recognizeCandidate:0c740033-5552-4d27-ab2d-faeb035c7a1c
2019-10-04 19:08:36,595 [grpc-default-executor-1] INFO  impl.RoleInfo (RoleInfo.java:shutdownFollowerState(121)) - ab77a81b-e30a-4472-9397-726189fd159d: shutdown FollowerState
2019-10-04 19:08:36,595 [grpc-default-executor-1] INFO  impl.RoleInfo (RoleInfo.java:updateAndGet(143)) - ab77a81b-e30a-4472-9397-726189fd159d: start FollowerState
2019-10-04 19:08:36,596 [Thread-1436] INFO  impl.FollowerState (FollowerState.java:run(117)) - ab77a81b-e30a-4472-9397-726189fd159d@group-07353A2AD167-FollowerState was interrupted: java.lang.InterruptedException: sleep interrupted
2019-10-04 19:08:36,601 [grpc-default-executor-4] INFO  impl.RaftServerImpl (RaftServerImpl.java:setRole(170)) - 1553187d-9ebc-4ae0-ad21-5383f7672836@group-07353A2AD167: changes role from  FOLLOWER to FOLLOWER at term 1 for recognizeCandidate:0c740033-5552-4d27-ab2d-faeb035c7a1c
2019-10-04 19:08:36,601 [grpc-default-executor-4] INFO  impl.RoleInfo (RoleInfo.java:shutdownFollowerState(121)) - 1553187d-9ebc-4ae0-ad21-5383f7672836: shutdown FollowerState
2019-10-04 19:08:36,601 [grpc-default-executor-4] INFO  impl.RoleInfo (RoleInfo.java:updateAndGet(143)) - 1553187d-9ebc-4ae0-ad21-5383f7672836: start FollowerState
2019-10-04 19:08:36,602 [Thread-1434] INFO  impl.FollowerState (FollowerState.java:run(117)) - 1553187d-9ebc-4ae0-ad21-5383f7672836@group-07353A2AD167-FollowerState was interrupted: java.lang.InterruptedException: sleep interrupted
2019-10-04 19:08:36,622 [de79c590-bc61-4ebb-a0bd-a6c4482f5622@group-6195C4CDEFC7-SegmentedRaftLogWorker] INFO  segmented.SegmentedRaftLogWorker (SegmentedRaftLogWorker.java:execute(574)) - de79c590-bc61-4ebb-a0bd-a6c4482f5622@group-6195C4CDEFC7-SegmentedRaftLogWorker: created new log segment /workdir/hadoop-ozone/integration-test/target/test-dir/MiniOzoneClusterImpl-b2b53cee-6b8b-4210-8789-385a60e57f66/datanode-5/data/ratis/f5ad8af6-72cf-4384-abea-6195c4cdefc7/current/log_inprogress_0
2019-10-04 19:08:36,632 [0c740033-5552-4d27-ab2d-faeb035c7a1c@group-07353A2AD167-LeaderElection53] INFO  impl.LeaderElection (LeaderElection.java:logAndReturn(56)) - 0c740033-5552-4d27-ab2d-faeb035c7a1c@group-07353A2AD167-LeaderElection53: Election PASSED; received 1 response(s) [0c740033-5552-4d27-ab2d-faeb035c7a1c<-1553187d-9ebc-4ae0-ad21-5383f7672836#0:OK-t1] and 0 exception(s); 0c740033-5552-4d27-ab2d-faeb035c7a1c@group-07353A2AD167:t1, leader=null, voted=0c740033-5552-4d27-ab2d-faeb035c7a1c, raftlog=0c740033-5552-4d27-ab2d-faeb035c7a1c@group-07353A2AD167-SegmentedRaftLog:OPENED:c-1,f-1,i0, conf=-1: [ab77a81b-e30a-4472-9397-726189fd159d:192.168.30.46:41497, 1553187d-9ebc-4ae0-ad21-5383f7672836:192.168.30.46:39221, 0c740033-5552-4d27-ab2d-faeb035c7a1c:192.168.30.46:46146], old=null
2019-10-04 19:08:36,632 [0c740033-5552-4d27-ab2d-faeb035c7a1c@group-07353A2AD167-LeaderElection53] INFO  impl.RoleInfo (RoleInfo.java:shutdownLeaderElection(134)) - 0c740033-5552-4d27-ab2d-faeb035c7a1c: shutdown LeaderElection
2019-10-04 19:08:36,632 [0c740033-5552-4d27-ab2d-faeb035c7a1c@group-07353A2AD167-LeaderElection53] INFO  impl.RaftServerImpl (RaftServerImpl.java:setRole(170)) - 0c740033-5552-4d27-ab2d-faeb035c7a1c@group-07353A2AD167: changes role from CANDIDATE to LEADER at term 1 for changeToLeader
2019-10-04 19:08:36,632 [0c740033-5552-4d27-ab2d-faeb035c7a1c@group-07353A2AD167-LeaderElection53] INFO  impl.RaftServerImpl (ServerState.java:setLeader(255)) - 0c740033-5552-4d27-ab2d-faeb035c7a1c@group-07353A2AD167: change Leader from null to 0c740033-5552-4d27-ab2d-faeb035c7a1c at term 1 for becomeLeader, leader elected after 5114ms
2019-10-04 19:08:36,633 [0c740033-5552-4d27-ab2d-faeb035c7a1c@group-07353A2AD167-LeaderElection53] INFO  server.RaftServerConfigKeys (ConfUtils.java:logGet(43)) - raft.server.staging.catchup.gap = 1000 (default)
2019-10-04 19:08:36,633 [0c740033-5552-4d27-ab2d-faeb035c7a1c@group-07353A2AD167-LeaderElection53] INFO  server.RaftServerConfigKeys (ConfUtils.java:logGet(43)) - raft.server.rpc.sleep.time = 25ms (default)
2019-10-04 19:08:36,633 [0c740033-5552-4d27-ab2d-faeb035c7a1c@group-07353A2AD167-LeaderElection53] INFO  server.RaftServerConfigKeys (ConfUtils.java:logGet(43)) - raft.server.write.element-limit = 4096 (default)
2019-10-04 19:08:36,633 [0c740033-5552-4d27-ab2d-faeb035c7a1c@group-07353A2AD167-LeaderElection53] INFO  server.RaftServerConfigKeys (ConfUtils.java:logGet(43)) - raft.server.watch.timeout = 10s (default)
2019-10-04 19:08:36,633 [0c740033-5552-4d27-ab2d-faeb035c7a1c@group-07353A2AD167-LeaderElection53] INFO  server.RaftServerConfigKeys (ConfUtils.java:logGet(43)) - raft.server.watch.timeout.denomination = 1s (default)
2019-10-04 19:08:36,633 [0c740033-5552-4d27-ab2d-faeb035c7a1c@group-07353A2AD167-LeaderElection53] INFO  server.RaftServerConfigKeys (ConfUtils.java:logGet(43)) - raft.server.watch.element-limit = 65536 (default)
2019-10-04 19:08:36,636 [0c740033-5552-4d27-ab2d-faeb035c7a1c@group-07353A2AD167-LeaderElection53] INFO  server.RaftServerConfigKeys (ConfUtils.java:logGet(43)) - raft.server.log.appender.snapshot.chunk.size.max = 16MB (=16777216) (default)
2019-10-04 19:08:36,637 [0c740033-5552-4d27-ab2d-faeb035c7a1c@group-07353A2AD167-LeaderElection53] INFO  server.RaftServerConfigKeys (ConfUtils.java:logGet(43)) - raft.server.log.appender.buffer.byte-limit = 33554432 (custom)
2019-10-04 19:08:36,637 [0c740033-5552-4d27-ab2d-faeb035c7a1c@group-07353A2AD167-LeaderElection53] INFO  server.RaftServerConfigKeys (ConfUtils.java:logGet(43)) - raft.server.log.appender.buffer.element-limit = 1 (custom)
2019-10-04 19:08:36,637 [0c740033-5552-4d27-ab2d-faeb035c7a1c@group-07353A2AD167-LeaderElection53] INFO  grpc.GrpcConfigKeys$Server (ConfUtils.java:logGet(43)) - raft.grpc.server.leader.outstanding.appends.max = 128 (default)
2019-10-04 19:08:36,637 [0c740033-5552-4d27-ab2d-faeb035c7a1c@group-07353A2AD167-LeaderElection53] INFO  server.RaftServerConfigKeys (ConfUtils.java:logGet(43)) - raft.server.rpc.request.timeout = 3000ms (default)
2019-10-04 19:08:36,637 [0c740033-5552-4d27-ab2d-faeb035c7a1c@group-07353A2AD167-LeaderElection53] INFO  server.RaftServerConfigKeys (ConfUtils.java:logGet(43)) - raft.server.log.appender.install.snapshot.enabled = false (custom)
2019-10-04 19:08:36,638 [0c740033-5552-4d27-ab2d-faeb035c7a1c@group-07353A2AD167-LeaderElection53] INFO  server.RaftServerConfigKeys (ConfUtils.java:logGet(43)) - raft.server.log.appender.snapshot.chunk.size.max = 16MB (=16777216) (default)
2019-10-04 19:08:36,638 [0c740033-5552-4d27-ab2d-faeb035c7a1c@group-07353A2AD167-LeaderElection53] INFO  server.RaftServerConfigKeys (ConfUtils.java:logGet(43)) - raft.server.log.appender.buffer.byte-limit = 33554432 (custom)
2019-10-04 19:08:36,638 [0c740033-5552-4d27-ab2d-faeb035c7a1c@group-07353A2AD167-LeaderElection53] INFO  server.RaftServerConfigKeys (ConfUtils.java:logGet(43)) - raft.server.log.appender.buffer.element-limit = 1 (custom)
2019-10-04 19:08:36,638 [0c740033-5552-4d27-ab2d-faeb035c7a1c@group-07353A2AD167-LeaderElection53] INFO  grpc.GrpcConfigKeys$Server (ConfUtils.java:logGet(43)) - raft.grpc.server.leader.outstanding.appends.max = 128 (default)
2019-10-04 19:08:36,638 [0c740033-5552-4d27-ab2d-faeb035c7a1c@group-07353A2AD167-LeaderElection53] INFO  server.RaftServerConfigKeys (ConfUtils.java:logGet(43)) - raft.server.rpc.request.timeout = 3000ms (default)
2019-10-04 19:08:36,639 [0c740033-5552-4d27-ab2d-faeb035c7a1c@group-07353A2AD167-LeaderElection53] INFO  server.RaftServerConfigKeys (ConfUtils.java:logGet(43)) - raft.server.log.appender.install.snapshot.enabled = false (custom)
2019-10-04 19:08:36,639 [0c740033-5552-4d27-ab2d-faeb035c7a1c@group-07353A2AD167-LeaderElection53] INFO  impl.RoleInfo (RoleInfo.java:updateAndGet(143)) - 0c740033-5552-4d27-ab2d-faeb035c7a1c: start LeaderState
2019-10-04 19:08:36,639 [0c740033-5552-4d27-ab2d-faeb035c7a1c@group-07353A2AD167-LeaderElection53] INFO  segmented.SegmentedRaftLogWorker (SegmentedRaftLogWorker.java:startLogSegment(385)) - 0c740033-5552-4d27-ab2d-faeb035c7a1c@group-07353A2AD167-SegmentedRaftLogWorker: Starting segment from index:0
2019-10-04 19:08:36,640 [0c740033-5552-4d27-ab2d-faeb035c7a1c@group-07353A2AD167-LeaderElection53] INFO  impl.RaftServerImpl (ServerState.java:setRaftConf(356)) - 0c740033-5552-4d27-ab2d-faeb035c7a1c@group-07353A2AD167: set configuration 0: [ab77a81b-e30a-4472-9397-726189fd159d:192.168.30.46:41497, 1553187d-9ebc-4ae0-ad21-5383f7672836:192.168.30.46:39221, 0c740033-5552-4d27-ab2d-faeb035c7a1c:192.168.30.46:46146], old=null at 0
2019-10-04 19:08:36,675 [grpc-default-executor-4] INFO  impl.RaftServerImpl (ServerState.java:setLeader(255)) - 1553187d-9ebc-4ae0-ad21-5383f7672836@group-07353A2AD167: change Leader from null to 0c740033-5552-4d27-ab2d-faeb035c7a1c at term 1 for appendEntries, leader elected after 5157ms
2019-10-04 19:08:36,675 [grpc-default-executor-1] INFO  impl.RaftServerImpl (ServerState.java:setLeader(255)) - ab77a81b-e30a-4472-9397-726189fd159d@group-07353A2AD167: change Leader from null to 0c740033-5552-4d27-ab2d-faeb035c7a1c at term 1 for appendEntries, leader elected after 5157ms
2019-10-04 19:08:36,685 [grpc-default-executor-4] INFO  impl.RaftServerImpl (ServerState.java:setRaftConf(356)) - 1553187d-9ebc-4ae0-ad21-5383f7672836@group-07353A2AD167: set configuration 0: [ab77a81b-e30a-4472-9397-726189fd159d:192.168.30.46:41497, 1553187d-9ebc-4ae0-ad21-5383f7672836:192.168.30.46:39221, 0c740033-5552-4d27-ab2d-faeb035c7a1c:192.168.30.46:46146], old=null at 0
2019-10-04 19:08:36,685 [grpc-default-executor-1] INFO  impl.RaftServerImpl (ServerState.java:setRaftConf(356)) - ab77a81b-e30a-4472-9397-726189fd159d@group-07353A2AD167: set configuration 0: [ab77a81b-e30a-4472-9397-726189fd159d:192.168.30.46:41497, 1553187d-9ebc-4ae0-ad21-5383f7672836:192.168.30.46:39221, 0c740033-5552-4d27-ab2d-faeb035c7a1c:192.168.30.46:46146], old=null at 0
2019-10-04 19:08:36,685 [grpc-default-executor-4] INFO  segmented.SegmentedRaftLogWorker (SegmentedRaftLogWorker.java:startLogSegment(385)) - 1553187d-9ebc-4ae0-ad21-5383f7672836@group-07353A2AD167-SegmentedRaftLogWorker: Starting segment from index:0
2019-10-04 19:08:36,686 [grpc-default-executor-1] INFO  segmented.SegmentedRaftLogWorker (SegmentedRaftLogWorker.java:startLogSegment(385)) - ab77a81b-e30a-4472-9397-726189fd159d@group-07353A2AD167-SegmentedRaftLogWorker: Starting segment from index:0
2019-10-04 19:08:36,697 [Thread-1444] INFO  impl.FollowerState (FollowerState.java:run(108)) - 380d06fd-4e90-463f-8d61-4d85dc83771f@group-90DDDBB67D24-FollowerState: change to CANDIDATE, lastRpcTime:5060ms, electionTimeout:5060ms
2019-10-04 19:08:36,697 [Thread-1444] INFO  impl.RoleInfo (RoleInfo.java:shutdownFollowerState(121)) - 380d06fd-4e90-463f-8d61-4d85dc83771f: shutdown FollowerState
2019-10-04 19:08:36,698 [Thread-1444] INFO  impl.RaftServerImpl (RaftServerImpl.java:setRole(170)) - 380d06fd-4e90-463f-8d61-4d85dc83771f@group-90DDDBB67D24: changes role from  FOLLOWER to CANDIDATE at term 0 for changeToCandidate
2019-10-04 19:08:36,698 [0c740033-5552-4d27-ab2d-faeb035c7a1c@group-07353A2AD167-SegmentedRaftLogWorker] INFO  segmented.SegmentedRaftLogWorker (SegmentedRaftLogWorker.java:execute(574)) - 0c740033-5552-4d27-ab2d-faeb035c7a1c@group-07353A2AD167-SegmentedRaftLogWorker: created new log segment /workdir/hadoop-ozone/integration-test/target/test-dir/MiniOzoneClusterImpl-b2b53cee-6b8b-4210-8789-385a60e57f66/datanode-4/data/ratis/ee3661e6-1ec0-42db-875d-07353a2ad167/current/log_inprogress_0
2019-10-04 19:08:36,698 [Thread-1444] INFO  impl.RoleInfo (RoleInfo.java:updateAndGet(143)) - 380d06fd-4e90-463f-8d61-4d85dc83771f: start LeaderElection
2019-10-04 19:08:36,739 [Thread-1445] INFO  impl.FollowerState (FollowerState.java:run(108)) - de79c590-bc61-4ebb-a0bd-a6c4482f5622@group-90DDDBB67D24-FollowerState: change to CANDIDATE, lastRpcTime:5101ms, electionTimeout:5101ms
2019-10-04 19:08:36,740 [Thread-1445] INFO  impl.RoleInfo (RoleInfo.java:shutdownFollowerState(121)) - de79c590-bc61-4ebb-a0bd-a6c4482f5622: shutdown FollowerState
2019-10-04 19:08:36,740 [Thread-1445] INFO  impl.RaftServerImpl (RaftServerImpl.java:setRole(170)) - de79c590-bc61-4ebb-a0bd-a6c4482f5622@group-90DDDBB67D24: changes role from  FOLLOWER to CANDIDATE at term 0 for changeToCandidate
2019-10-04 19:08:36,740 [Thread-1445] INFO  impl.RoleInfo (RoleInfo.java:updateAndGet(143)) - de79c590-bc61-4ebb-a0bd-a6c4482f5622: start LeaderElection
2019-10-04 19:08:36,749 [1553187d-9ebc-4ae0-ad21-5383f7672836@group-07353A2AD167-SegmentedRaftLogWorker] INFO  segmented.SegmentedRaftLogWorker (SegmentedRaftLogWorker.java:execute(574)) - 1553187d-9ebc-4ae0-ad21-5383f7672836@group-07353A2AD167-SegmentedRaftLogWorker: created new log segment /workdir/hadoop-ozone/integration-test/target/test-dir/MiniOzoneClusterImpl-b2b53cee-6b8b-4210-8789-385a60e57f66/datanode-1/data/ratis/ee3661e6-1ec0-42db-875d-07353a2ad167/current/log_inprogress_0
2019-10-04 19:08:36,749 [ab77a81b-e30a-4472-9397-726189fd159d@group-07353A2AD167-SegmentedRaftLogWorker] INFO  segmented.SegmentedRaftLogWorker (SegmentedRaftLogWorker.java:execute(574)) - ab77a81b-e30a-4472-9397-726189fd159d@group-07353A2AD167-SegmentedRaftLogWorker: created new log segment /workdir/hadoop-ozone/integration-test/target/test-dir/MiniOzoneClusterImpl-b2b53cee-6b8b-4210-8789-385a60e57f66/datanode-3/data/ratis/ee3661e6-1ec0-42db-875d-07353a2ad167/current/log_inprogress_0
2019-10-04 19:08:36,749 [380d06fd-4e90-463f-8d61-4d85dc83771f@group-90DDDBB67D24-LeaderElection54] INFO  impl.LeaderElection (LeaderElection.java:askForVotes(178)) - 380d06fd-4e90-463f-8d61-4d85dc83771f@group-90DDDBB67D24-LeaderElection54: begin an election at term 1 for -1: [19bd3007-1e52-4912-9c61-e1b3defead3a:192.168.30.46:43351, 380d06fd-4e90-463f-8d61-4d85dc83771f:192.168.30.46:39158, de79c590-bc61-4ebb-a0bd-a6c4482f5622:192.168.30.46:36119], old=null
2019-10-04 19:08:36,759 [grpc-default-executor-1] INFO  impl.RaftServerImpl (RaftServerImpl.java:setRole(170)) - 19bd3007-1e52-4912-9c61-e1b3defead3a@group-90DDDBB67D24: changes role from  FOLLOWER to FOLLOWER at term 1 for recognizeCandidate:380d06fd-4e90-463f-8d61-4d85dc83771f
2019-10-04 19:08:36,759 [grpc-default-executor-1] INFO  impl.RoleInfo (RoleInfo.java:shutdownFollowerState(121)) - 19bd3007-1e52-4912-9c61-e1b3defead3a: shutdown FollowerState
2019-10-04 19:08:36,759 [Thread-1440] INFO  impl.FollowerState (FollowerState.java:run(117)) - 19bd3007-1e52-4912-9c61-e1b3defead3a@group-90DDDBB67D24-FollowerState was interrupted: java.lang.InterruptedException: sleep interrupted
2019-10-04 19:08:36,760 [grpc-default-executor-1] INFO  impl.RoleInfo (RoleInfo.java:updateAndGet(143)) - 19bd3007-1e52-4912-9c61-e1b3defead3a: start FollowerState
2019-10-04 19:08:36,774 [de79c590-bc61-4ebb-a0bd-a6c4482f5622@group-90DDDBB67D24-LeaderElection55] INFO  impl.LeaderElection (LeaderElection.java:askForVotes(178)) - de79c590-bc61-4ebb-a0bd-a6c4482f5622@group-90DDDBB67D24-LeaderElection55: begin an election at term 1 for -1: [19bd3007-1e52-4912-9c61-e1b3defead3a:192.168.30.46:43351, 380d06fd-4e90-463f-8d61-4d85dc83771f:192.168.30.46:39158, de79c590-bc61-4ebb-a0bd-a6c4482f5622:192.168.30.46:36119], old=null
2019-10-04 19:08:36,799 [de79c590-bc61-4ebb-a0bd-a6c4482f5622@group-90DDDBB67D24-LeaderElection55] INFO  impl.LeaderElection (LeaderElection.java:logAndReturn(56)) - de79c590-bc61-4ebb-a0bd-a6c4482f5622@group-90DDDBB67D24-LeaderElection55: Election REJECTED; received 2 response(s) [de79c590-bc61-4ebb-a0bd-a6c4482f5622<-19bd3007-1e52-4912-9c61-e1b3defead3a#0:FAIL-t1, de79c590-bc61-4ebb-a0bd-a6c4482f5622<-380d06fd-4e90-463f-8d61-4d85dc83771f#0:FAIL-t1] and 0 exception(s); de79c590-bc61-4ebb-a0bd-a6c4482f5622@group-90DDDBB67D24:t1, leader=null, voted=de79c590-bc61-4ebb-a0bd-a6c4482f5622, raftlog=de79c590-bc61-4ebb-a0bd-a6c4482f5622@group-90DDDBB67D24-SegmentedRaftLog:OPENED:c-1,f-1,i0, conf=-1: [19bd3007-1e52-4912-9c61-e1b3defead3a:192.168.30.46:43351, 380d06fd-4e90-463f-8d61-4d85dc83771f:192.168.30.46:39158, de79c590-bc61-4ebb-a0bd-a6c4482f5622:192.168.30.46:36119], old=null
2019-10-04 19:08:36,799 [380d06fd-4e90-463f-8d61-4d85dc83771f@group-90DDDBB67D24-LeaderElection54] INFO  impl.LeaderElection (LeaderElection.java:logAndReturn(56)) - 380d06fd-4e90-463f-8d61-4d85dc83771f@group-90DDDBB67D24-LeaderElection54: Election PASSED; received 2 response(s) [380d06fd-4e90-463f-8d61-4d85dc83771f<-19bd3007-1e52-4912-9c61-e1b3defead3a#0:OK-t1, 380d06fd-4e90-463f-8d61-4d85dc83771f<-de79c590-bc61-4ebb-a0bd-a6c4482f5622#0:FAIL-t1] and 0 exception(s); 380d06fd-4e90-463f-8d61-4d85dc83771f@group-90DDDBB67D24:t1, leader=null, voted=380d06fd-4e90-463f-8d61-4d85dc83771f, raftlog=380d06fd-4e90-463f-8d61-4d85dc83771f@group-90DDDBB67D24-SegmentedRaftLog:OPENED:c-1,f-1,i0, conf=-1: [19bd3007-1e52-4912-9c61-e1b3defead3a:192.168.30.46:43351, 380d06fd-4e90-463f-8d61-4d85dc83771f:192.168.30.46:39158, de79c590-bc61-4ebb-a0bd-a6c4482f5622:192.168.30.46:36119], old=null
2019-10-04 19:08:36,799 [de79c590-bc61-4ebb-a0bd-a6c4482f5622@group-90DDDBB67D24-LeaderElection55] INFO  impl.RaftServerImpl (RaftServerImpl.java:setRole(170)) - de79c590-bc61-4ebb-a0bd-a6c4482f5622@group-90DDDBB67D24: changes role from CANDIDATE to FOLLOWER at term 1 for DISCOVERED_A_NEW_TERM
2019-10-04 19:08:36,801 [380d06fd-4e90-463f-8d61-4d85dc83771f@group-90DDDBB67D24-LeaderElection54] INFO  impl.RoleInfo (RoleInfo.java:shutdownLeaderElection(134)) - 380d06fd-4e90-463f-8d61-4d85dc83771f: shutdown LeaderElection
2019-10-04 19:08:36,801 [de79c590-bc61-4ebb-a0bd-a6c4482f5622@group-90DDDBB67D24-LeaderElection55] INFO  impl.RoleInfo (RoleInfo.java:shutdownLeaderElection(134)) - de79c590-bc61-4ebb-a0bd-a6c4482f5622: shutdown LeaderElection
2019-10-04 19:08:36,803 [380d06fd-4e90-463f-8d61-4d85dc83771f@group-90DDDBB67D24-LeaderElection54] INFO  impl.RaftServerImpl (RaftServerImpl.java:setRole(170)) - 380d06fd-4e90-463f-8d61-4d85dc83771f@group-90DDDBB67D24: changes role from CANDIDATE to LEADER at term 1 for changeToLeader
2019-10-04 19:08:36,803 [de79c590-bc61-4ebb-a0bd-a6c4482f5622@group-90DDDBB67D24-LeaderElection55] INFO  impl.RoleInfo (RoleInfo.java:updateAndGet(143)) - de79c590-bc61-4ebb-a0bd-a6c4482f5622: start FollowerState
2019-10-04 19:08:36,803 [380d06fd-4e90-463f-8d61-4d85dc83771f@group-90DDDBB67D24-LeaderElection54] INFO  impl.RaftServerImpl (ServerState.java:setLeader(255)) - 380d06fd-4e90-463f-8d61-4d85dc83771f@group-90DDDBB67D24: change Leader from null to 380d06fd-4e90-463f-8d61-4d85dc83771f at term 1 for becomeLeader, leader elected after 5184ms
2019-10-04 19:08:36,804 [380d06fd-4e90-463f-8d61-4d85dc83771f@group-90DDDBB67D24-LeaderElection54] INFO  server.RaftServerConfigKeys (ConfUtils.java:logGet(43)) - raft.server.staging.catchup.gap = 1000 (default)
2019-10-04 19:08:36,804 [380d06fd-4e90-463f-8d61-4d85dc83771f@group-90DDDBB67D24-LeaderElection54] INFO  server.RaftServerConfigKeys (ConfUtils.java:logGet(43)) - raft.server.rpc.sleep.time = 25ms (default)
2019-10-04 19:08:36,804 [380d06fd-4e90-463f-8d61-4d85dc83771f@group-90DDDBB67D24-LeaderElection54] INFO  server.RaftServerConfigKeys (ConfUtils.java:logGet(43)) - raft.server.write.element-limit = 4096 (default)
2019-10-04 19:08:36,804 [380d06fd-4e90-463f-8d61-4d85dc83771f@group-90DDDBB67D24-LeaderElection54] INFO  server.RaftServerConfigKeys (ConfUtils.java:logGet(43)) - raft.server.watch.timeout = 10s (default)
2019-10-04 19:08:36,805 [380d06fd-4e90-463f-8d61-4d85dc83771f@group-90DDDBB67D24-LeaderElection54] INFO  server.RaftServerConfigKeys (ConfUtils.java:logGet(43)) - raft.server.watch.timeout.denomination = 1s (default)
2019-10-04 19:08:36,805 [380d06fd-4e90-463f-8d61-4d85dc83771f@group-90DDDBB67D24-LeaderElection54] INFO  server.RaftServerConfigKeys (ConfUtils.java:logGet(43)) - raft.server.watch.element-limit = 65536 (default)
2019-10-04 19:08:36,807 [380d06fd-4e90-463f-8d61-4d85dc83771f@group-90DDDBB67D24-LeaderElection54] INFO  server.RaftServerConfigKeys (ConfUtils.java:logGet(43)) - raft.server.log.appender.snapshot.chunk.size.max = 16MB (=16777216) (default)
2019-10-04 19:08:36,808 [380d06fd-4e90-463f-8d61-4d85dc83771f@group-90DDDBB67D24-LeaderElection54] INFO  server.RaftServerConfigKeys (ConfUtils.java:logGet(43)) - raft.server.log.appender.buffer.byte-limit = 33554432 (custom)
2019-10-04 19:08:36,808 [380d06fd-4e90-463f-8d61-4d85dc83771f@group-90DDDBB67D24-LeaderElection54] INFO  server.RaftServerConfigKeys (ConfUtils.java:logGet(43)) - raft.server.log.appender.buffer.element-limit = 1 (custom)
2019-10-04 19:08:36,808 [380d06fd-4e90-463f-8d61-4d85dc83771f@group-90DDDBB67D24-LeaderElection54] INFO  grpc.GrpcConfigKeys$Server (ConfUtils.java:logGet(43)) - raft.grpc.server.leader.outstanding.appends.max = 128 (default)
2019-10-04 19:08:36,809 [380d06fd-4e90-463f-8d61-4d85dc83771f@group-90DDDBB67D24-LeaderElection54] INFO  server.RaftServerConfigKeys (ConfUtils.java:logGet(43)) - raft.server.rpc.request.timeout = 3000ms (default)
2019-10-04 19:08:36,809 [380d06fd-4e90-463f-8d61-4d85dc83771f@group-90DDDBB67D24-LeaderElection54] INFO  server.RaftServerConfigKeys (ConfUtils.java:logGet(43)) - raft.server.log.appender.install.snapshot.enabled = false (custom)
2019-10-04 19:08:36,809 [380d06fd-4e90-463f-8d61-4d85dc83771f@group-90DDDBB67D24-LeaderElection54] INFO  server.RaftServerConfigKeys (ConfUtils.java:logGet(43)) - raft.server.log.appender.snapshot.chunk.size.max = 16MB (=16777216) (default)
2019-10-04 19:08:36,809 [380d06fd-4e90-463f-8d61-4d85dc83771f@group-90DDDBB67D24-LeaderElection54] INFO  server.RaftServerConfigKeys (ConfUtils.java:logGet(43)) - raft.server.log.appender.buffer.byte-limit = 33554432 (custom)
2019-10-04 19:08:36,809 [380d06fd-4e90-463f-8d61-4d85dc83771f@group-90DDDBB67D24-LeaderElection54] INFO  server.RaftServerConfigKeys (ConfUtils.java:logGet(43)) - raft.server.log.appender.buffer.element-limit = 1 (custom)
2019-10-04 19:08:36,810 [380d06fd-4e90-463f-8d61-4d85dc83771f@group-90DDDBB67D24-LeaderElection54] INFO  grpc.GrpcConfigKeys$Server (ConfUtils.java:logGet(43)) - raft.grpc.server.leader.outstanding.appends.max = 128 (default)
2019-10-04 19:08:36,810 [380d06fd-4e90-463f-8d61-4d85dc83771f@group-90DDDBB67D24-LeaderElection54] INFO  server.RaftServerConfigKeys (ConfUtils.java:logGet(43)) - raft.server.rpc.request.timeout = 3000ms (default)
2019-10-04 19:08:36,810 [380d06fd-4e90-463f-8d61-4d85dc83771f@group-90DDDBB67D24-LeaderElection54] INFO  server.RaftServerConfigKeys (ConfUtils.java:logGet(43)) - raft.server.log.appender.install.snapshot.enabled = false (custom)
2019-10-04 19:08:36,810 [380d06fd-4e90-463f-8d61-4d85dc83771f@group-90DDDBB67D24-LeaderElection54] INFO  impl.RoleInfo (RoleInfo.java:updateAndGet(143)) - 380d06fd-4e90-463f-8d61-4d85dc83771f: start LeaderState
2019-10-04 19:08:36,811 [380d06fd-4e90-463f-8d61-4d85dc83771f@group-90DDDBB67D24-LeaderElection54] INFO  segmented.SegmentedRaftLogWorker (SegmentedRaftLogWorker.java:startLogSegment(385)) - 380d06fd-4e90-463f-8d61-4d85dc83771f@group-90DDDBB67D24-SegmentedRaftLogWorker: Starting segment from index:0
2019-10-04 19:08:36,812 [380d06fd-4e90-463f-8d61-4d85dc83771f@group-90DDDBB67D24-LeaderElection54] INFO  impl.RaftServerImpl (ServerState.java:setRaftConf(356)) - 380d06fd-4e90-463f-8d61-4d85dc83771f@group-90DDDBB67D24: set configuration 0: [19bd3007-1e52-4912-9c61-e1b3defead3a:192.168.30.46:43351, 380d06fd-4e90-463f-8d61-4d85dc83771f:192.168.30.46:39158, de79c590-bc61-4ebb-a0bd-a6c4482f5622:192.168.30.46:36119], old=null at 0
2019-10-04 19:08:36,813 [grpc-default-executor-1] INFO  impl.RaftServerImpl (ServerState.java:setLeader(255)) - 19bd3007-1e52-4912-9c61-e1b3defead3a@group-90DDDBB67D24: change Leader from null to 380d06fd-4e90-463f-8d61-4d85dc83771f at term 1 for appendEntries, leader elected after 5194ms
2019-10-04 19:08:36,814 [grpc-default-executor-1] INFO  impl.RaftServerImpl (ServerState.java:setLeader(255)) - de79c590-bc61-4ebb-a0bd-a6c4482f5622@group-90DDDBB67D24: change Leader from null to 380d06fd-4e90-463f-8d61-4d85dc83771f at term 1 for appendEntries, leader elected after 5195ms
2019-10-04 19:08:36,817 [grpc-default-executor-1] INFO  impl.RaftServerImpl (ServerState.java:setRaftConf(356)) - 19bd3007-1e52-4912-9c61-e1b3defead3a@group-90DDDBB67D24: set configuration 0: [19bd3007-1e52-4912-9c61-e1b3defead3a:192.168.30.46:43351, 380d06fd-4e90-463f-8d61-4d85dc83771f:192.168.30.46:39158, de79c590-bc61-4ebb-a0bd-a6c4482f5622:192.168.30.46:36119], old=null at 0
2019-10-04 19:08:36,817 [grpc-default-executor-1] INFO  segmented.SegmentedRaftLogWorker (SegmentedRaftLogWorker.java:startLogSegment(385)) - 19bd3007-1e52-4912-9c61-e1b3defead3a@group-90DDDBB67D24-SegmentedRaftLogWorker: Starting segment from index:0
2019-10-04 19:08:36,818 [grpc-default-executor-2] INFO  impl.RaftServerImpl (ServerState.java:setRaftConf(356)) - de79c590-bc61-4ebb-a0bd-a6c4482f5622@group-90DDDBB67D24: set configuration 0: [19bd3007-1e52-4912-9c61-e1b3defead3a:192.168.30.46:43351, 380d06fd-4e90-463f-8d61-4d85dc83771f:192.168.30.46:39158, de79c590-bc61-4ebb-a0bd-a6c4482f5622:192.168.30.46:36119], old=null at 0
2019-10-04 19:08:36,818 [grpc-default-executor-2] INFO  segmented.SegmentedRaftLogWorker (SegmentedRaftLogWorker.java:startLogSegment(385)) - de79c590-bc61-4ebb-a0bd-a6c4482f5622@group-90DDDBB67D24-SegmentedRaftLogWorker: Starting segment from index:0
2019-10-04 19:08:36,867 [de79c590-bc61-4ebb-a0bd-a6c4482f5622@group-90DDDBB67D24-SegmentedRaftLogWorker] INFO  segmented.SegmentedRaftLogWorker (SegmentedRaftLogWorker.java:execute(574)) - de79c590-bc61-4ebb-a0bd-a6c4482f5622@group-90DDDBB67D24-SegmentedRaftLogWorker: created new log segment /workdir/hadoop-ozone/integration-test/target/test-dir/MiniOzoneClusterImpl-b2b53cee-6b8b-4210-8789-385a60e57f66/datanode-5/data/ratis/6c641c40-57a2-4dae-a9d9-90dddbb67d24/current/log_inprogress_0
2019-10-04 19:08:36,867 [380d06fd-4e90-463f-8d61-4d85dc83771f@group-90DDDBB67D24-SegmentedRaftLogWorker] INFO  segmented.SegmentedRaftLogWorker (SegmentedRaftLogWorker.java:execute(574)) - 380d06fd-4e90-463f-8d61-4d85dc83771f@group-90DDDBB67D24-SegmentedRaftLogWorker: created new log segment /workdir/hadoop-ozone/integration-test/target/test-dir/MiniOzoneClusterImpl-b2b53cee-6b8b-4210-8789-385a60e57f66/datanode-6/data/ratis/6c641c40-57a2-4dae-a9d9-90dddbb67d24/current/log_inprogress_0
2019-10-04 19:08:36,884 [19bd3007-1e52-4912-9c61-e1b3defead3a@group-90DDDBB67D24-SegmentedRaftLogWorker] INFO  segmented.SegmentedRaftLogWorker (SegmentedRaftLogWorker.java:execute(574)) - 19bd3007-1e52-4912-9c61-e1b3defead3a@group-90DDDBB67D24-SegmentedRaftLogWorker: created new log segment /workdir/hadoop-ozone/integration-test/target/test-dir/MiniOzoneClusterImpl-b2b53cee-6b8b-4210-8789-385a60e57f66/datanode-2/data/ratis/6c641c40-57a2-4dae-a9d9-90dddbb67d24/current/log_inprogress_0
2019-10-04 19:08:37,783 [Datanode State Machine Thread - 0] INFO  statemachine.DatanodeStateMachine (DatanodeStateMachine.java:lambda$startDaemon$0(350)) - Ozone container server started.
2019-10-04 19:08:42,698 [main] INFO  ozoneimpl.OzoneContainer (OzoneContainer.java:stop(231)) - Attempting to stop container services.
2019-10-04 19:08:42,700 [main] INFO  impl.RaftServerProxy (RaftServerProxy.java:lambda$close$4(314)) - 1553187d-9ebc-4ae0-ad21-5383f7672836: close
2019-10-04 19:08:42,700 [main] INFO  impl.RaftServerImpl (RaftServerImpl.java:lambda$shutdown$3(247)) - 1553187d-9ebc-4ae0-ad21-5383f7672836@group-07353A2AD167: shutdown
2019-10-04 19:08:42,701 [main] INFO  util.JmxRegister (JmxRegister.java:unregister(73)) - Successfully un-registered JMX Bean with object name Ratis:service=RaftServer,group=group-07353A2AD167,id=1553187d-9ebc-4ae0-ad21-5383f7672836
2019-10-04 19:08:42,701 [main] INFO  impl.RoleInfo (RoleInfo.java:shutdownFollowerState(121)) - 1553187d-9ebc-4ae0-ad21-5383f7672836: shutdown FollowerState
2019-10-04 19:08:42,702 [main] INFO  impl.StateMachineUpdater (StateMachineUpdater.java:stopAndJoin(136)) - 1553187d-9ebc-4ae0-ad21-5383f7672836@group-07353A2AD167-StateMachineUpdater: set stopIndex = 2
2019-10-04 19:08:42,702 [1553187d-9ebc-4ae0-ad21-5383f7672836@group-07353A2AD167-StateMachineUpdater] INFO  ratis.ContainerStateMachine (ContainerStateMachine.java:takeSnapshot(293)) - group-07353A2AD167: Taking a snapshot at:(t:1, i:1) file /workdir/hadoop-ozone/integration-test/target/test-dir/MiniOzoneClusterImpl-b2b53cee-6b8b-4210-8789-385a60e57f66/datanode-1/data/ratis/ee3661e6-1ec0-42db-875d-07353a2ad167/sm/snapshot.1_1
2019-10-04 19:08:42,702 [Thread-1480] INFO  impl.FollowerState (FollowerState.java:run(117)) - 1553187d-9ebc-4ae0-ad21-5383f7672836@group-07353A2AD167-FollowerState was interrupted: java.lang.InterruptedException: sleep interrupted
2019-10-04 19:08:42,733 [1553187d-9ebc-4ae0-ad21-5383f7672836@group-07353A2AD167-StateMachineUpdater] INFO  ratis.ContainerStateMachine (ContainerStateMachine.java:takeSnapshot(304)) - group-07353A2AD167: Finished taking a snapshot at:(t:1, i:1) file:/workdir/hadoop-ozone/integration-test/target/test-dir/MiniOzoneClusterImpl-b2b53cee-6b8b-4210-8789-385a60e57f66/datanode-1/data/ratis/ee3661e6-1ec0-42db-875d-07353a2ad167/sm/snapshot.1_1 time:31
2019-10-04 19:08:42,734 [1553187d-9ebc-4ae0-ad21-5383f7672836@group-07353A2AD167-StateMachineUpdater] INFO  impl.StateMachineUpdater (StateMachineUpdater.java:takeSnapshot(269)) - 1553187d-9ebc-4ae0-ad21-5383f7672836@group-07353A2AD167-StateMachineUpdater: Took a snapshot at index 1
2019-10-04 19:08:42,734 [1553187d-9ebc-4ae0-ad21-5383f7672836@group-07353A2AD167-StateMachineUpdater] INFO  impl.StateMachineUpdater (StateMachineUpdater.java:lambda$new$0(84)) - 1553187d-9ebc-4ae0-ad21-5383f7672836@group-07353A2AD167-StateMachineUpdater: snapshotIndex: updateIncreasingly -1 -> 1
2019-10-04 19:08:42,734 [1553187d-9ebc-4ae0-ad21-5383f7672836@group-07353A2AD167-StateMachineUpdater] INFO  ratis.ContainerStateMachine (ContainerStateMachine.java:takeSnapshot(293)) - group-07353A2AD167: Taking a snapshot at:(t:1, i:1) file /workdir/hadoop-ozone/integration-test/target/test-dir/MiniOzoneClusterImpl-b2b53cee-6b8b-4210-8789-385a60e57f66/datanode-1/data/ratis/ee3661e6-1ec0-42db-875d-07353a2ad167/sm/snapshot.1_1
2019-10-04 19:08:42,759 [1553187d-9ebc-4ae0-ad21-5383f7672836@group-07353A2AD167-StateMachineUpdater] INFO  ratis.ContainerStateMachine (ContainerStateMachine.java:takeSnapshot(304)) - group-07353A2AD167: Finished taking a snapshot at:(t:1, i:1) file:/workdir/hadoop-ozone/integration-test/target/test-dir/MiniOzoneClusterImpl-b2b53cee-6b8b-4210-8789-385a60e57f66/datanode-1/data/ratis/ee3661e6-1ec0-42db-875d-07353a2ad167/sm/snapshot.1_1 time:25
2019-10-04 19:08:42,759 [1553187d-9ebc-4ae0-ad21-5383f7672836@group-07353A2AD167-StateMachineUpdater] INFO  impl.StateMachineUpdater (StateMachineUpdater.java:takeSnapshot(269)) - 1553187d-9ebc-4ae0-ad21-5383f7672836@group-07353A2AD167-StateMachineUpdater: Took a snapshot at index 1
2019-10-04 19:08:42,759 [1553187d-9ebc-4ae0-ad21-5383f7672836@group-07353A2AD167-StateMachineUpdater] INFO  impl.StateMachineUpdater (StateMachineUpdater.java:lambda$new$0(84)) - 1553187d-9ebc-4ae0-ad21-5383f7672836@group-07353A2AD167-StateMachineUpdater: snapshotIndex: updateIncreasingly 1 -> 1
2019-10-04 19:08:42,760 [main] INFO  impl.RaftServerImpl (ServerState.java:close(387)) - 1553187d-9ebc-4ae0-ad21-5383f7672836@group-07353A2AD167: closes. applyIndex: 2
2019-10-04 19:08:42,760 [1553187d-9ebc-4ae0-ad21-5383f7672836@group-07353A2AD167-SegmentedRaftLogWorker] INFO  segmented.SegmentedRaftLogWorker (SegmentedRaftLogWorker.java:run(316)) - 1553187d-9ebc-4ae0-ad21-5383f7672836@group-07353A2AD167-SegmentedRaftLogWorker was interrupted, exiting. There are 0 tasks remaining in the queue.
2019-10-04 19:08:42,763 [main] INFO  segmented.SegmentedRaftLogWorker (SegmentedRaftLogWorker.java:close(224)) - 1553187d-9ebc-4ae0-ad21-5383f7672836@group-07353A2AD167-SegmentedRaftLogWorker close()
2019-10-04 19:08:42,768 [main] INFO  impl.RaftServerImpl (RaftServerImpl.java:lambda$shutdown$3(247)) - 1553187d-9ebc-4ae0-ad21-5383f7672836@group-AC4D011B9FF5: shutdown
2019-10-04 19:08:42,768 [main] INFO  util.JmxRegister (JmxRegister.java:unregister(73)) - Successfully un-registered JMX Bean with object name Ratis:service=RaftServer,group=group-AC4D011B9FF5,id=1553187d-9ebc-4ae0-ad21-5383f7672836
2019-10-04 19:08:42,769 [main] INFO  impl.RoleInfo (RoleInfo.java:shutdownLeaderState(104)) - 1553187d-9ebc-4ae0-ad21-5383f7672836: shutdown LeaderState
2019-10-04 19:08:42,769 [main] INFO  impl.PendingRequests (PendingRequests.java:sendNotLeaderResponses(202)) - 1553187d-9ebc-4ae0-ad21-5383f7672836@group-AC4D011B9FF5-PendingRequests: sendNotLeaderResponses
2019-10-04 19:08:42,770 [main] INFO  impl.StateMachineUpdater (StateMachineUpdater.java:stopAndJoin(136)) - 1553187d-9ebc-4ae0-ad21-5383f7672836@group-AC4D011B9FF5-StateMachineUpdater: set stopIndex = 0
2019-10-04 19:08:42,770 [main] INFO  impl.RaftServerImpl (ServerState.java:close(387)) - 1553187d-9ebc-4ae0-ad21-5383f7672836@group-AC4D011B9FF5: closes. applyIndex: 0
2019-10-04 19:08:42,771 [1553187d-9ebc-4ae0-ad21-5383f7672836@group-AC4D011B9FF5-SegmentedRaftLogWorker] INFO  segmented.SegmentedRaftLogWorker (SegmentedRaftLogWorker.java:run(316)) - 1553187d-9ebc-4ae0-ad21-5383f7672836@group-AC4D011B9FF5-SegmentedRaftLogWorker was interrupted, exiting. There are 0 tasks remaining in the queue.
2019-10-04 19:08:42,773 [main] INFO  segmented.SegmentedRaftLogWorker (SegmentedRaftLogWorker.java:close(224)) - 1553187d-9ebc-4ae0-ad21-5383f7672836@group-AC4D011B9FF5-SegmentedRaftLogWorker close()
2019-10-04 19:08:42,778 [main] INFO  server.GrpcService (GrpcService.java:closeImpl(164)) - 1553187d-9ebc-4ae0-ad21-5383f7672836: shutdown server with port 39221 now
2019-10-04 19:08:42,782 [grpc-default-executor-4] WARN  server.GrpcServerProtocolService (LogUtils.java:warn(134)) - 1553187d-9ebc-4ae0-ad21-5383f7672836: installSnapshot onError, lastRequest: 0c740033-5552-4d27-ab2d-faeb035c7a1c->1553187d-9ebc-4ae0-ad21-5383f7672836#5-t1, previous=(t:1, i:2), leaderCommit=2, initializing? false, entries: <empty>: org.apache.ratis.thirdparty.io.grpc.StatusRuntimeException: CANCELLED: cancelled before receiving half close
2019-10-04 19:08:42,782 [main] INFO  server.GrpcService (GrpcService.java:closeImpl(172)) - 1553187d-9ebc-4ae0-ad21-5383f7672836: shutdown server with port 39221 successfully
2019-10-04 19:08:42,782 [grpc-default-executor-1] WARN  server.GrpcLogAppender (LogUtils.java:warn(134)) - 0c740033-5552-4d27-ab2d-faeb035c7a1c@group-07353A2AD167->1553187d-9ebc-4ae0-ad21-5383f7672836-AppendLogResponseHandler: Failed appendEntries: org.apache.ratis.thirdparty.io.grpc.StatusRuntimeException: CANCELLED: HTTP/2 error code: CANCEL
Received Rst Stream
2019-10-04 19:08:42,785 [grpc-default-executor-1] INFO  impl.FollowerInfo (FollowerInfo.java:lambda$new$0(51)) - 0c740033-5552-4d27-ab2d-faeb035c7a1c@group-07353A2AD167->1553187d-9ebc-4ae0-ad21-5383f7672836: nextIndex: updateUnconditionally 3 -> 2
2019-10-04 19:08:42,786 [refreshUsed-/workdir/hadoop-ozone/integration-test/target/test-dir/MiniOzoneClusterImpl-b2b53cee-6b8b-4210-8789-385a60e57f66/datanode-1/data/containers] WARN  fs.CachingGetSpaceUsed (CachingGetSpaceUsed.java:run(183)) - Thread Interrupted waiting to refresh disk information: sleep interrupted
2019-10-04 19:08:42,804 [main] INFO  utils.BackgroundService (BackgroundService.java:shutdown(148)) - Shutting down service BlockDeletingService
2019-10-04 19:08:42,812 [main] INFO  statemachine.DatanodeStateMachine (DatanodeStateMachine.java:stopDaemon(395)) - Ozone container server stopped.
2019-10-04 19:08:42,814 [main] INFO  handler.ContextHandler (ContextHandler.java:doStop(910)) - Stopped o.e.j.w.WebAppContext@67bb4dcd{/,null,UNAVAILABLE}{/hddsDatanode}
2019-10-04 19:08:42,815 [main] INFO  server.AbstractConnector (AbstractConnector.java:doStop(318)) - Stopped ServerConnector@738d37fc{HTTP/1.1,[http/1.1]}{0.0.0.0:0}
2019-10-04 19:08:42,815 [main] INFO  handler.ContextHandler (ContextHandler.java:doStop(910)) - Stopped o.e.j.s.ServletContextHandler@7f6329cb{/static,jar:file:/home/user/.m2/repository/org/apache/hadoop/hadoop-hdds-container-service/0.5.0-SNAPSHOT/hadoop-hdds-container-service-0.5.0-SNAPSHOT.jar!/webapps/static,UNAVAILABLE}
2019-10-04 19:08:42,815 [main] INFO  handler.ContextHandler (ContextHandler.java:doStop(910)) - Stopped o.e.j.s.ServletContextHandler@2173a742{/logs,file:///workdir/hadoop-ozone/integration-test/target/log,UNAVAILABLE}
2019-10-04 19:08:43,794 [Datanode State Machine Thread - 0] INFO  statemachine.DatanodeStateMachine (DatanodeStateMachine.java:lambda$startDaemon$0(350)) - Ozone container server started.
2019-10-04 19:08:45,032 [grpc-default-executor-2] WARN  server.GrpcLogAppender (LogUtils.java:warn(134)) - 0c740033-5552-4d27-ab2d-faeb035c7a1c@group-07353A2AD167->1553187d-9ebc-4ae0-ad21-5383f7672836-AppendLogResponseHandler: Failed appendEntries: org.apache.ratis.thirdparty.io.grpc.StatusRuntimeException: UNAVAILABLE: io exception
2019-10-04 19:08:45,033 [grpc-default-executor-2] INFO  impl.FollowerInfo (FollowerInfo.java:lambda$new$0(51)) - 0c740033-5552-4d27-ab2d-faeb035c7a1c@group-07353A2AD167->1553187d-9ebc-4ae0-ad21-5383f7672836: nextIndex: updateUnconditionally 2 -> 1
2019-10-04 19:08:47,537 [grpc-default-executor-2] WARN  server.GrpcLogAppender (LogUtils.java:warn(134)) - 0c740033-5552-4d27-ab2d-faeb035c7a1c@group-07353A2AD167->1553187d-9ebc-4ae0-ad21-5383f7672836-AppendLogResponseHandler: Failed appendEntries: org.apache.ratis.thirdparty.io.grpc.StatusRuntimeException: UNAVAILABLE: io exception
2019-10-04 19:08:47,538 [grpc-default-executor-2] INFO  impl.FollowerInfo (FollowerInfo.java:lambda$new$0(51)) - 0c740033-5552-4d27-ab2d-faeb035c7a1c@group-07353A2AD167->1553187d-9ebc-4ae0-ad21-5383f7672836: nextIndex: updateUnconditionally 1 -> 0
2019-10-04 19:08:47,818 [main] INFO  ozoneimpl.OzoneContainer (OzoneContainer.java:stop(231)) - Attempting to stop container services.
2019-10-04 19:08:47,819 [main] INFO  impl.RaftServerProxy (RaftServerProxy.java:lambda$close$4(314)) - ab77a81b-e30a-4472-9397-726189fd159d: close
2019-10-04 19:08:47,820 [main] INFO  impl.RaftServerImpl (RaftServerImpl.java:lambda$shutdown$3(247)) - ab77a81b-e30a-4472-9397-726189fd159d@group-6E8912B61BD3: shutdown
2019-10-04 19:08:47,820 [ForkJoinPool.commonPool-worker-0] INFO  impl.RaftServerImpl (RaftServerImpl.java:lambda$shutdown$3(247)) - ab77a81b-e30a-4472-9397-726189fd159d@group-07353A2AD167: shutdown
2019-10-04 19:08:47,821 [main] INFO  util.JmxRegister (JmxRegister.java:unregister(73)) - Successfully un-registered JMX Bean with object name Ratis:service=RaftServer,group=group-6E8912B61BD3,id=ab77a81b-e30a-4472-9397-726189fd159d
2019-10-04 19:08:47,821 [ForkJoinPool.commonPool-worker-0] INFO  util.JmxRegister (JmxRegister.java:unregister(73)) - Successfully un-registered JMX Bean with object name Ratis:service=RaftServer,group=group-07353A2AD167,id=ab77a81b-e30a-4472-9397-726189fd159d
2019-10-04 19:08:47,821 [main] INFO  impl.RoleInfo (RoleInfo.java:shutdownLeaderState(104)) - ab77a81b-e30a-4472-9397-726189fd159d: shutdown LeaderState
2019-10-04 19:08:47,822 [ForkJoinPool.commonPool-worker-0] INFO  impl.RoleInfo (RoleInfo.java:shutdownFollowerState(121)) - ab77a81b-e30a-4472-9397-726189fd159d: shutdown FollowerState
2019-10-04 19:08:47,822 [main] INFO  impl.PendingRequests (PendingRequests.java:sendNotLeaderResponses(202)) - ab77a81b-e30a-4472-9397-726189fd159d@group-6E8912B61BD3-PendingRequests: sendNotLeaderResponses
2019-10-04 19:08:47,822 [Thread-1479] INFO  impl.FollowerState (FollowerState.java:run(117)) - ab77a81b-e30a-4472-9397-726189fd159d@group-07353A2AD167-FollowerState was interrupted: java.lang.InterruptedException: sleep interrupted
2019-10-04 19:08:47,822 [ab77a81b-e30a-4472-9397-726189fd159d@group-07353A2AD167-StateMachineUpdater] INFO  ratis.ContainerStateMachine (ContainerStateMachine.java:takeSnapshot(293)) - group-07353A2AD167: Taking a snapshot at:(t:1, i:1) file /workdir/hadoop-ozone/integration-test/target/test-dir/MiniOzoneClusterImpl-b2b53cee-6b8b-4210-8789-385a60e57f66/datanode-3/data/ratis/ee3661e6-1ec0-42db-875d-07353a2ad167/sm/snapshot.1_1
2019-10-04 19:08:47,822 [ForkJoinPool.commonPool-worker-0] INFO  impl.StateMachineUpdater (StateMachineUpdater.java:stopAndJoin(136)) - ab77a81b-e30a-4472-9397-726189fd159d@group-07353A2AD167-StateMachineUpdater: set stopIndex = 2
2019-10-04 19:08:47,826 [main] INFO  impl.StateMachineUpdater (StateMachineUpdater.java:stopAndJoin(136)) - ab77a81b-e30a-4472-9397-726189fd159d@group-6E8912B61BD3-StateMachineUpdater: set stopIndex = 0
2019-10-04 19:08:47,827 [main] INFO  impl.RaftServerImpl (ServerState.java:close(387)) - ab77a81b-e30a-4472-9397-726189fd159d@group-6E8912B61BD3: closes. applyIndex: 0
2019-10-04 19:08:47,827 [ab77a81b-e30a-4472-9397-726189fd159d@group-6E8912B61BD3-SegmentedRaftLogWorker] INFO  segmented.SegmentedRaftLogWorker (SegmentedRaftLogWorker.java:run(316)) - ab77a81b-e30a-4472-9397-726189fd159d@group-6E8912B61BD3-SegmentedRaftLogWorker was interrupted, exiting. There are 0 tasks remaining in the queue.
2019-10-04 19:08:47,830 [main] INFO  segmented.SegmentedRaftLogWorker (SegmentedRaftLogWorker.java:close(224)) - ab77a81b-e30a-4472-9397-726189fd159d@group-6E8912B61BD3-SegmentedRaftLogWorker close()
2019-10-04 19:08:47,850 [ab77a81b-e30a-4472-9397-726189fd159d@group-07353A2AD167-StateMachineUpdater] INFO  ratis.ContainerStateMachine (ContainerStateMachine.java:takeSnapshot(304)) - group-07353A2AD167: Finished taking a snapshot at:(t:1, i:1) file:/workdir/hadoop-ozone/integration-test/target/test-dir/MiniOzoneClusterImpl-b2b53cee-6b8b-4210-8789-385a60e57f66/datanode-3/data/ratis/ee3661e6-1ec0-42db-875d-07353a2ad167/sm/snapshot.1_1 time:28
2019-10-04 19:08:47,850 [ab77a81b-e30a-4472-9397-726189fd159d@group-07353A2AD167-StateMachineUpdater] INFO  impl.StateMachineUpdater (StateMachineUpdater.java:takeSnapshot(269)) - ab77a81b-e30a-4472-9397-726189fd159d@group-07353A2AD167-StateMachineUpdater: Took a snapshot at index 1
2019-10-04 19:08:47,850 [ab77a81b-e30a-4472-9397-726189fd159d@group-07353A2AD167-StateMachineUpdater] INFO  impl.StateMachineUpdater (StateMachineUpdater.java:lambda$new$0(84)) - ab77a81b-e30a-4472-9397-726189fd159d@group-07353A2AD167-StateMachineUpdater: snapshotIndex: updateIncreasingly -1 -> 1
2019-10-04 19:08:47,851 [ab77a81b-e30a-4472-9397-726189fd159d@group-07353A2AD167-StateMachineUpdater] INFO  ratis.ContainerStateMachine (ContainerStateMachine.java:takeSnapshot(293)) - group-07353A2AD167: Taking a snapshot at:(t:1, i:1) file /workdir/hadoop-ozone/integration-test/target/test-dir/MiniOzoneClusterImpl-b2b53cee-6b8b-4210-8789-385a60e57f66/datanode-3/data/ratis/ee3661e6-1ec0-42db-875d-07353a2ad167/sm/snapshot.1_1
2019-10-04 19:08:47,873 [ab77a81b-e30a-4472-9397-726189fd159d@group-07353A2AD167-StateMachineUpdater] INFO  ratis.ContainerStateMachine (ContainerStateMachine.java:takeSnapshot(304)) - group-07353A2AD167: Finished taking a snapshot at:(t:1, i:1) file:/workdir/hadoop-ozone/integration-test/target/test-dir/MiniOzoneClusterImpl-b2b53cee-6b8b-4210-8789-385a60e57f66/datanode-3/data/ratis/ee3661e6-1ec0-42db-875d-07353a2ad167/sm/snapshot.1_1 time:22
2019-10-04 19:08:47,874 [ab77a81b-e30a-4472-9397-726189fd159d@group-07353A2AD167-StateMachineUpdater] INFO  impl.StateMachineUpdater (StateMachineUpdater.java:takeSnapshot(269)) - ab77a81b-e30a-4472-9397-726189fd159d@group-07353A2AD167-StateMachineUpdater: Took a snapshot at index 1
2019-10-04 19:08:47,874 [ab77a81b-e30a-4472-9397-726189fd159d@group-07353A2AD167-StateMachineUpdater] INFO  impl.StateMachineUpdater (StateMachineUpdater.java:lambda$new$0(84)) - ab77a81b-e30a-4472-9397-726189fd159d@group-07353A2AD167-StateMachineUpdater: snapshotIndex: updateIncreasingly 1 -> 1
2019-10-04 19:08:47,874 [ForkJoinPool.commonPool-worker-0] INFO  impl.RaftServerImpl (ServerState.java:close(387)) - ab77a81b-e30a-4472-9397-726189fd159d@group-07353A2AD167: closes. applyIndex: 2
2019-10-04 19:08:47,875 [ab77a81b-e30a-4472-9397-726189fd159d@group-07353A2AD167-SegmentedRaftLogWorker] INFO  segmented.SegmentedRaftLogWorker (SegmentedRaftLogWorker.java:run(316)) - ab77a81b-e30a-4472-9397-726189fd159d@group-07353A2AD167-SegmentedRaftLogWorker was interrupted, exiting. There are 0 tasks remaining in the queue.
2019-10-04 19:08:47,877 [ForkJoinPool.commonPool-worker-0] INFO  segmented.SegmentedRaftLogWorker (SegmentedRaftLogWorker.java:close(224)) - ab77a81b-e30a-4472-9397-726189fd159d@group-07353A2AD167-SegmentedRaftLogWorker close()
2019-10-04 19:08:47,882 [main] INFO  server.GrpcService (GrpcService.java:closeImpl(164)) - ab77a81b-e30a-4472-9397-726189fd159d: shutdown server with port 41497 now
2019-10-04 19:08:47,885 [grpc-default-executor-1] WARN  server.GrpcServerProtocolService (LogUtils.java:warn(134)) - ab77a81b-e30a-4472-9397-726189fd159d: installSnapshot onError, lastRequest: 0c740033-5552-4d27-ab2d-faeb035c7a1c->ab77a81b-e30a-4472-9397-726189fd159d#7-t1, previous=(t:1, i:2), leaderCommit=2, initializing? false, entries: <empty>: org.apache.ratis.thirdparty.io.grpc.StatusRuntimeException: CANCELLED: cancelled before receiving half close
2019-10-04 19:08:47,886 [main] INFO  server.GrpcService (GrpcService.java:closeImpl(172)) - ab77a81b-e30a-4472-9397-726189fd159d: shutdown server with port 41497 successfully
2019-10-04 19:08:47,886 [grpc-default-executor-4] WARN  server.GrpcLogAppender (LogUtils.java:warn(134)) - 0c740033-5552-4d27-ab2d-faeb035c7a1c@group-07353A2AD167->ab77a81b-e30a-4472-9397-726189fd159d-AppendLogResponseHandler: Failed appendEntries: org.apache.ratis.thirdparty.io.grpc.StatusRuntimeException: CANCELLED: HTTP/2 error code: CANCEL
Received Rst Stream
2019-10-04 19:08:47,886 [grpc-default-executor-4] INFO  impl.FollowerInfo (FollowerInfo.java:lambda$new$0(51)) - 0c740033-5552-4d27-ab2d-faeb035c7a1c@group-07353A2AD167->ab77a81b-e30a-4472-9397-726189fd159d: nextIndex: updateUnconditionally 3 -> 2
2019-10-04 19:08:47,888 [refreshUsed-/workdir/hadoop-ozone/integration-test/target/test-dir/MiniOzoneClusterImpl-b2b53cee-6b8b-4210-8789-385a60e57f66/datanode-3/data/containers] WARN  fs.CachingGetSpaceUsed (CachingGetSpaceUsed.java:run(183)) - Thread Interrupted waiting to refresh disk information: sleep interrupted
2019-10-04 19:08:47,906 [main] INFO  utils.BackgroundService (BackgroundService.java:shutdown(148)) - Shutting down service BlockDeletingService
2019-10-04 19:08:47,910 [main] INFO  statemachine.DatanodeStateMachine (DatanodeStateMachine.java:stopDaemon(395)) - Ozone container server stopped.
2019-10-04 19:08:47,912 [main] INFO  handler.ContextHandler (ContextHandler.java:doStop(910)) - Stopped o.e.j.w.WebAppContext@4391a2d8{/,null,UNAVAILABLE}{/hddsDatanode}
2019-10-04 19:08:47,912 [main] INFO  server.AbstractConnector (AbstractConnector.java:doStop(318)) - Stopped ServerConnector@47b269c4{HTTP/1.1,[http/1.1]}{0.0.0.0:0}
2019-10-04 19:08:47,913 [main] INFO  handler.ContextHandler (ContextHandler.java:doStop(910)) - Stopped o.e.j.s.ServletContextHandler@679dd234{/static,jar:file:/home/user/.m2/repository/org/apache/hadoop/hadoop-hdds-container-service/0.5.0-SNAPSHOT/hadoop-hdds-container-service-0.5.0-SNAPSHOT.jar!/webapps/static,UNAVAILABLE}
2019-10-04 19:08:47,913 [main] INFO  handler.ContextHandler (ContextHandler.java:doStop(910)) - Stopped o.e.j.s.ServletContextHandler@67332b1e{/logs,file:///workdir/hadoop-ozone/integration-test/target/log,UNAVAILABLE}
2019-10-04 19:08:50,038 [grpc-default-executor-1] WARN  server.GrpcLogAppender (LogUtils.java:warn(134)) - 0c740033-5552-4d27-ab2d-faeb035c7a1c@group-07353A2AD167->1553187d-9ebc-4ae0-ad21-5383f7672836-AppendLogResponseHandler: Failed appendEntries: org.apache.ratis.thirdparty.io.grpc.StatusRuntimeException: UNAVAILABLE: io exception
2019-10-04 19:08:50,039 [grpc-default-executor-0] WARN  server.GrpcLogAppender (LogUtils.java:warn(134)) - 0c740033-5552-4d27-ab2d-faeb035c7a1c@group-07353A2AD167->ab77a81b-e30a-4472-9397-726189fd159d-AppendLogResponseHandler: Failed appendEntries: org.apache.ratis.thirdparty.io.grpc.StatusRuntimeException: UNAVAILABLE: io exception
2019-10-04 19:08:50,039 [grpc-default-executor-1] INFO  impl.FollowerInfo (FollowerInfo.java:lambda$new$0(51)) - 0c740033-5552-4d27-ab2d-faeb035c7a1c@group-07353A2AD167->1553187d-9ebc-4ae0-ad21-5383f7672836: nextIndex: updateUnconditionally 0 -> 0
2019-10-04 19:08:50,039 [grpc-default-executor-0] INFO  impl.FollowerInfo (FollowerInfo.java:lambda$new$0(51)) - 0c740033-5552-4d27-ab2d-faeb035c7a1c@group-07353A2AD167->ab77a81b-e30a-4472-9397-726189fd159d: nextIndex: updateUnconditionally 2 -> 1
2019-10-04 19:08:52,544 [grpc-default-executor-0] WARN  server.GrpcLogAppender (LogUtils.java:warn(134)) - 0c740033-5552-4d27-ab2d-faeb035c7a1c@group-07353A2AD167->1553187d-9ebc-4ae0-ad21-5383f7672836-AppendLogResponseHandler: Failed appendEntries: org.apache.ratis.thirdparty.io.grpc.StatusRuntimeException: UNAVAILABLE: io exception
2019-10-04 19:08:52,544 [grpc-default-executor-4] WARN  server.GrpcLogAppender (LogUtils.java:warn(134)) - 0c740033-5552-4d27-ab2d-faeb035c7a1c@group-07353A2AD167->ab77a81b-e30a-4472-9397-726189fd159d-AppendLogResponseHandler: Failed appendEntries: org.apache.ratis.thirdparty.io.grpc.StatusRuntimeException: UNAVAILABLE: io exception
2019-10-04 19:08:52,545 [grpc-default-executor-0] INFO  impl.FollowerInfo (FollowerInfo.java:lambda$new$0(51)) - 0c740033-5552-4d27-ab2d-faeb035c7a1c@group-07353A2AD167->1553187d-9ebc-4ae0-ad21-5383f7672836: nextIndex: updateUnconditionally 0 -> 0
2019-10-04 19:08:52,545 [grpc-default-executor-4] INFO  impl.FollowerInfo (FollowerInfo.java:lambda$new$0(51)) - 0c740033-5552-4d27-ab2d-faeb035c7a1c@group-07353A2AD167->ab77a81b-e30a-4472-9397-726189fd159d: nextIndex: updateUnconditionally 1 -> 0
2019-10-04 19:08:55,047 [grpc-default-executor-7] WARN  server.GrpcLogAppender (LogUtils.java:warn(134)) - 0c740033-5552-4d27-ab2d-faeb035c7a1c@group-07353A2AD167->ab77a81b-e30a-4472-9397-726189fd159d-AppendLogResponseHandler: Failed appendEntries: org.apache.ratis.thirdparty.io.grpc.StatusRuntimeException: UNAVAILABLE: io exception
2019-10-04 19:08:55,047 [grpc-default-executor-6] WARN  server.GrpcLogAppender (LogUtils.java:warn(134)) - 0c740033-5552-4d27-ab2d-faeb035c7a1c@group-07353A2AD167->1553187d-9ebc-4ae0-ad21-5383f7672836-AppendLogResponseHandler: Failed appendEntries: org.apache.ratis.thirdparty.io.grpc.StatusRuntimeException: UNAVAILABLE: io exception
2019-10-04 19:08:55,049 [grpc-default-executor-7] INFO  impl.FollowerInfo (FollowerInfo.java:lambda$new$0(51)) - 0c740033-5552-4d27-ab2d-faeb035c7a1c@group-07353A2AD167->ab77a81b-e30a-4472-9397-726189fd159d: nextIndex: updateUnconditionally 0 -> 0
2019-10-04 19:08:55,049 [grpc-default-executor-6] INFO  impl.FollowerInfo (FollowerInfo.java:lambda$new$0(51)) - 0c740033-5552-4d27-ab2d-faeb035c7a1c@group-07353A2AD167->1553187d-9ebc-4ae0-ad21-5383f7672836: nextIndex: updateUnconditionally 0 -> 0
2019-10-04 19:08:57,546 [grpc-default-executor-7] WARN  server.GrpcLogAppender (LogUtils.java:warn(134)) - 0c740033-5552-4d27-ab2d-faeb035c7a1c@group-07353A2AD167->ab77a81b-e30a-4472-9397-726189fd159d-AppendLogResponseHandler: Failed appendEntries: org.apache.ratis.thirdparty.io.grpc.StatusRuntimeException: UNAVAILABLE: io exception
2019-10-04 19:08:57,546 [grpc-default-executor-1] WARN  server.GrpcLogAppender (LogUtils.java:warn(134)) - 0c740033-5552-4d27-ab2d-faeb035c7a1c@group-07353A2AD167->1553187d-9ebc-4ae0-ad21-5383f7672836-AppendLogResponseHandler: Failed appendEntries: org.apache.ratis.thirdparty.io.grpc.StatusRuntimeException: UNAVAILABLE: io exception
2019-10-04 19:08:57,546 [grpc-default-executor-7] INFO  impl.FollowerInfo (FollowerInfo.java:lambda$new$0(51)) - 0c740033-5552-4d27-ab2d-faeb035c7a1c@group-07353A2AD167->ab77a81b-e30a-4472-9397-726189fd159d: nextIndex: updateUnconditionally 0 -> 0
2019-10-04 19:08:57,547 [grpc-default-executor-1] INFO  impl.FollowerInfo (FollowerInfo.java:lambda$new$0(51)) - 0c740033-5552-4d27-ab2d-faeb035c7a1c@group-07353A2AD167->1553187d-9ebc-4ae0-ad21-5383f7672836: nextIndex: updateUnconditionally 0 -> 0
2019-10-04 19:08:58,564 [Thread-1546] INFO  client.GrpcClientProtocolService (GrpcClientProtocolService.java:lambda$processClientRequest$0(278)) - Failed RaftClientRequest:client-FE4EA3053458->0c740033-5552-4d27-ab2d-faeb035c7a1c@group-07353A2AD167, cid=67, seq=0, Watch-ALL_COMMITTED(33), Message:<EMPTY>, reply=RaftClientReply:client-FE4EA3053458->0c740033-5552-4d27-ab2d-faeb035c7a1c@group-07353A2AD167, cid=67, FAILED org.apache.ratis.protocol.NotReplicatedException: Request with call Id 67 and log index 33 is not yet replicated to ALL_COMMITTED, logIndex=33, commits[0c740033-5552-4d27-ab2d-faeb035c7a1c:c2, ab77a81b-e30a-4472-9397-726189fd159d:c2, 1553187d-9ebc-4ae0-ad21-5383f7672836:c2]
2019-10-04 19:09:00,050 [grpc-default-executor-1] WARN  server.GrpcLogAppender (LogUtils.java:warn(134)) - 0c740033-5552-4d27-ab2d-faeb035c7a1c@group-07353A2AD167->1553187d-9ebc-4ae0-ad21-5383f7672836-AppendLogResponseHandler: Failed appendEntries: org.apache.ratis.thirdparty.io.grpc.StatusRuntimeException: UNAVAILABLE: io exception
2019-10-04 19:09:00,050 [grpc-default-executor-7] WARN  server.GrpcLogAppender (LogUtils.java:warn(134)) - 0c740033-5552-4d27-ab2d-faeb035c7a1c@group-07353A2AD167->ab77a81b-e30a-4472-9397-726189fd159d-AppendLogResponseHandler: Failed appendEntries: org.apache.ratis.thirdparty.io.grpc.StatusRuntimeException: UNAVAILABLE: io exception
2019-10-04 19:09:00,067 [grpc-default-executor-1] INFO  impl.FollowerInfo (FollowerInfo.java:lambda$new$0(51)) - 0c740033-5552-4d27-ab2d-faeb035c7a1c@group-07353A2AD167->1553187d-9ebc-4ae0-ad21-5383f7672836: nextIndex: updateUnconditionally 0 -> 0
2019-10-04 19:09:00,069 [grpc-default-executor-7] INFO  impl.FollowerInfo (FollowerInfo.java:lambda$new$0(51)) - 0c740033-5552-4d27-ab2d-faeb035c7a1c@group-07353A2AD167->ab77a81b-e30a-4472-9397-726189fd159d: nextIndex: updateUnconditionally 0 -> 0
2019-10-04 19:09:02,552 [grpc-default-executor-6] WARN  server.GrpcLogAppender (LogUtils.java:warn(134)) - 0c740033-5552-4d27-ab2d-faeb035c7a1c@group-07353A2AD167->1553187d-9ebc-4ae0-ad21-5383f7672836-AppendLogResponseHandler: Failed appendEntries: org.apache.ratis.thirdparty.io.grpc.StatusRuntimeException: UNAVAILABLE: io exception
2019-10-04 19:09:02,552 [grpc-default-executor-4] WARN  server.GrpcLogAppender (LogUtils.java:warn(134)) - 0c740033-5552-4d27-ab2d-faeb035c7a1c@group-07353A2AD167->ab77a81b-e30a-4472-9397-726189fd159d-AppendLogResponseHandler: Failed appendEntries: org.apache.ratis.thirdparty.io.grpc.StatusRuntimeException: UNAVAILABLE: io exception
2019-10-04 19:09:02,553 [grpc-default-executor-6] INFO  impl.FollowerInfo (FollowerInfo.java:lambda$new$0(51)) - 0c740033-5552-4d27-ab2d-faeb035c7a1c@group-07353A2AD167->1553187d-9ebc-4ae0-ad21-5383f7672836: nextIndex: updateUnconditionally 0 -> 0
2019-10-04 19:09:02,554 [grpc-default-executor-4] INFO  impl.FollowerInfo (FollowerInfo.java:lambda$new$0(51)) - 0c740033-5552-4d27-ab2d-faeb035c7a1c@group-07353A2AD167->ab77a81b-e30a-4472-9397-726189fd159d: nextIndex: updateUnconditionally 0 -> 0
2019-10-04 19:09:05,057 [grpc-default-executor-2] WARN  server.GrpcLogAppender (LogUtils.java:warn(134)) - 0c740033-5552-4d27-ab2d-faeb035c7a1c@group-07353A2AD167->ab77a81b-e30a-4472-9397-726189fd159d-AppendLogResponseHandler: Failed appendEntries: org.apache.ratis.thirdparty.io.grpc.StatusRuntimeException: UNAVAILABLE: io exception
2019-10-04 19:09:05,057 [grpc-default-executor-6] WARN  server.GrpcLogAppender (LogUtils.java:warn(134)) - 0c740033-5552-4d27-ab2d-faeb035c7a1c@group-07353A2AD167->1553187d-9ebc-4ae0-ad21-5383f7672836-AppendLogResponseHandler: Failed appendEntries: org.apache.ratis.thirdparty.io.grpc.StatusRuntimeException: UNAVAILABLE: io exception
2019-10-04 19:09:05,057 [grpc-default-executor-2] INFO  impl.FollowerInfo (FollowerInfo.java:lambda$new$0(51)) - 0c740033-5552-4d27-ab2d-faeb035c7a1c@group-07353A2AD167->ab77a81b-e30a-4472-9397-726189fd159d: nextIndex: updateUnconditionally 0 -> 0
2019-10-04 19:09:05,058 [grpc-default-executor-6] INFO  impl.FollowerInfo (FollowerInfo.java:lambda$new$0(51)) - 0c740033-5552-4d27-ab2d-faeb035c7a1c@group-07353A2AD167->1553187d-9ebc-4ae0-ad21-5383f7672836: nextIndex: updateUnconditionally 0 -> 0
2019-10-04 19:09:07,559 [grpc-default-executor-0] WARN  server.GrpcLogAppender (LogUtils.java:warn(134)) - 0c740033-5552-4d27-ab2d-faeb035c7a1c@group-07353A2AD167->ab77a81b-e30a-4472-9397-726189fd159d-AppendLogResponseHandler: Failed appendEntries: org.apache.ratis.thirdparty.io.grpc.StatusRuntimeException: UNAVAILABLE: io exception
2019-10-04 19:09:07,559 [grpc-default-executor-6] WARN  server.GrpcLogAppender (LogUtils.java:warn(134)) - 0c740033-5552-4d27-ab2d-faeb035c7a1c@group-07353A2AD167->1553187d-9ebc-4ae0-ad21-5383f7672836-AppendLogResponseHandler: Failed appendEntries: org.apache.ratis.thirdparty.io.grpc.StatusRuntimeException: UNAVAILABLE: io exception
2019-10-04 19:09:07,560 [grpc-default-executor-0] INFO  impl.FollowerInfo (FollowerInfo.java:lambda$new$0(51)) - 0c740033-5552-4d27-ab2d-faeb035c7a1c@group-07353A2AD167->ab77a81b-e30a-4472-9397-726189fd159d: nextIndex: updateUnconditionally 0 -> 0
2019-10-04 19:09:07,560 [grpc-default-executor-6] INFO  impl.FollowerInfo (FollowerInfo.java:lambda$new$0(51)) - 0c740033-5552-4d27-ab2d-faeb035c7a1c@group-07353A2AD167->1553187d-9ebc-4ae0-ad21-5383f7672836: nextIndex: updateUnconditionally 0 -> 0
2019-10-04 19:09:07,916 [main] WARN  scm.XceiverClientRatis (XceiverClientRatis.java:watchForCommit(292)) - 3 way commit failed on pipeline Pipeline[ Id: ee3661e6-1ec0-42db-875d-07353a2ad167, Nodes: 1553187d-9ebc-4ae0-ad21-5383f7672836{ip: 192.168.30.46, host: pr-hdds-2164-trunk-n6c85-931752109, networkLocation: /default-rack, certSerialId: null}ab77a81b-e30a-4472-9397-726189fd159d{ip: 192.168.30.46, host: pr-hdds-2164-trunk-n6c85-931752109, networkLocation: /default-rack, certSerialId: null}0c740033-5552-4d27-ab2d-faeb035c7a1c{ip: 192.168.30.46, host: pr-hdds-2164-trunk-n6c85-931752109, networkLocation: /default-rack, certSerialId: null}, Type:RATIS, Factor:THREE, State:OPEN]
java.util.concurrent.TimeoutException
	at java.util.concurrent.CompletableFuture.timedGet(CompletableFuture.java:1771)
	at java.util.concurrent.CompletableFuture.get(CompletableFuture.java:1915)
	at org.apache.hadoop.hdds.scm.XceiverClientRatis.watchForCommit(XceiverClientRatis.java:289)
	at org.apache.hadoop.ozone.client.rpc.TestWatchForCommit.testWatchForCommitForRetryfailure(TestWatchForCommit.java:345)
	at sun.reflect.NativeMethodAccessorImpl.invoke0(Native Method)
	at sun.reflect.NativeMethodAccessorImpl.invoke(NativeMethodAccessorImpl.java:62)
	at sun.reflect.DelegatingMethodAccessorImpl.invoke(DelegatingMethodAccessorImpl.java:43)
	at java.lang.reflect.Method.invoke(Method.java:498)
	at org.junit.runners.model.FrameworkMethod$1.runReflectiveCall(FrameworkMethod.java:47)
	at org.junit.internal.runners.model.ReflectiveCallable.run(ReflectiveCallable.java:12)
	at org.junit.runners.model.FrameworkMethod.invokeExplosively(FrameworkMethod.java:44)
	at org.junit.internal.runners.statements.InvokeMethod.evaluate(InvokeMethod.java:17)
	at org.junit.runners.ParentRunner.runLeaf(ParentRunner.java:271)
	at org.junit.runners.BlockJUnit4ClassRunner.runChild(BlockJUnit4ClassRunner.java:70)
	at org.junit.runners.BlockJUnit4ClassRunner.runChild(BlockJUnit4ClassRunner.java:50)
	at org.junit.runners.ParentRunner$3.run(ParentRunner.java:238)
	at org.junit.runners.ParentRunner$1.schedule(ParentRunner.java:63)
	at org.junit.runners.ParentRunner.runChildren(ParentRunner.java:236)
	at org.junit.runners.ParentRunner.access$000(ParentRunner.java:53)
	at org.junit.runners.ParentRunner$2.evaluate(ParentRunner.java:229)
	at org.junit.runners.ParentRunner.run(ParentRunner.java:309)
	at org.apache.maven.surefire.junit4.JUnit4Provider.execute(JUnit4Provider.java:365)
	at org.apache.maven.surefire.junit4.JUnit4Provider.executeWithRerun(JUnit4Provider.java:273)
	at org.apache.maven.surefire.junit4.JUnit4Provider.executeTestSet(JUnit4Provider.java:238)
	at org.apache.maven.surefire.junit4.JUnit4Provider.invoke(JUnit4Provider.java:159)
	at org.apache.maven.surefire.booter.ForkedBooter.invokeProviderInSameClassLoader(ForkedBooter.java:384)
	at org.apache.maven.surefire.booter.ForkedBooter.runSuitesInProcess(ForkedBooter.java:345)
	at org.apache.maven.surefire.booter.ForkedBooter.execute(ForkedBooter.java:126)
	at org.apache.maven.surefire.booter.ForkedBooter.main(ForkedBooter.java:418)
2019-10-04 19:09:08,563 [Thread-1559] INFO  client.GrpcClientProtocolService (GrpcClientProtocolService.java:lambda$processClientRequest$0(278)) - Failed RaftClientRequest:client-FE4EA3053458->0c740033-5552-4d27-ab2d-faeb035c7a1c@group-07353A2AD167, cid=67, seq=0, Watch-ALL_COMMITTED(33), Message:<EMPTY>, reply=RaftClientReply:client-FE4EA3053458->0c740033-5552-4d27-ab2d-faeb035c7a1c@group-07353A2AD167, cid=67, FAILED org.apache.ratis.protocol.NotReplicatedException: Request with call Id 67 and log index 33 is not yet replicated to ALL_COMMITTED, logIndex=33, commits[0c740033-5552-4d27-ab2d-faeb035c7a1c:c2, ab77a81b-e30a-4472-9397-726189fd159d:c2, 1553187d-9ebc-4ae0-ad21-5383f7672836:c2]
2019-10-04 19:09:10,058 [grpc-default-executor-4] WARN  server.GrpcLogAppender (LogUtils.java:warn(134)) - 0c740033-5552-4d27-ab2d-faeb035c7a1c@group-07353A2AD167->1553187d-9ebc-4ae0-ad21-5383f7672836-AppendLogResponseHandler: Failed appendEntries: org.apache.ratis.thirdparty.io.grpc.StatusRuntimeException: UNAVAILABLE: io exception
2019-10-04 19:09:10,058 [grpc-default-executor-1] WARN  server.GrpcLogAppender (LogUtils.java:warn(134)) - 0c740033-5552-4d27-ab2d-faeb035c7a1c@group-07353A2AD167->ab77a81b-e30a-4472-9397-726189fd159d-AppendLogResponseHandler: Failed appendEntries: org.apache.ratis.thirdparty.io.grpc.StatusRuntimeException: UNAVAILABLE: io exception
2019-10-04 19:09:10,062 [grpc-default-executor-4] INFO  impl.FollowerInfo (FollowerInfo.java:lambda$new$0(51)) - 0c740033-5552-4d27-ab2d-faeb035c7a1c@group-07353A2AD167->1553187d-9ebc-4ae0-ad21-5383f7672836: nextIndex: updateUnconditionally 0 -> 0
2019-10-04 19:09:10,062 [grpc-default-executor-1] INFO  impl.FollowerInfo (FollowerInfo.java:lambda$new$0(51)) - 0c740033-5552-4d27-ab2d-faeb035c7a1c@group-07353A2AD167->ab77a81b-e30a-4472-9397-726189fd159d: nextIndex: updateUnconditionally 0 -> 0
2019-10-04 19:09:12,559 [grpc-default-executor-6] WARN  server.GrpcLogAppender (LogUtils.java:warn(134)) - 0c740033-5552-4d27-ab2d-faeb035c7a1c@group-07353A2AD167->ab77a81b-e30a-4472-9397-726189fd159d-AppendLogResponseHandler: Failed appendEntries: org.apache.ratis.thirdparty.io.grpc.StatusRuntimeException: UNAVAILABLE: io exception
2019-10-04 19:09:12,560 [grpc-default-executor-7] WARN  server.GrpcLogAppender (LogUtils.java:warn(134)) - 0c740033-5552-4d27-ab2d-faeb035c7a1c@group-07353A2AD167->1553187d-9ebc-4ae0-ad21-5383f7672836-AppendLogResponseHandler: Failed appendEntries: org.apache.ratis.thirdparty.io.grpc.StatusRuntimeException: UNAVAILABLE: io exception
2019-10-04 19:09:12,560 [grpc-default-executor-6] INFO  impl.FollowerInfo (FollowerInfo.java:lambda$new$0(51)) - 0c740033-5552-4d27-ab2d-faeb035c7a1c@group-07353A2AD167->ab77a81b-e30a-4472-9397-726189fd159d: nextIndex: updateUnconditionally 0 -> 0
2019-10-04 19:09:12,560 [grpc-default-executor-7] INFO  impl.FollowerInfo (FollowerInfo.java:lambda$new$0(51)) - 0c740033-5552-4d27-ab2d-faeb035c7a1c@group-07353A2AD167->1553187d-9ebc-4ae0-ad21-5383f7672836: nextIndex: updateUnconditionally 0 -> 0
2019-10-04 19:09:15,060 [grpc-default-executor-0] WARN  server.GrpcLogAppender (LogUtils.java:warn(134)) - 0c740033-5552-4d27-ab2d-faeb035c7a1c@group-07353A2AD167->ab77a81b-e30a-4472-9397-726189fd159d-AppendLogResponseHandler: Failed appendEntries: org.apache.ratis.thirdparty.io.grpc.StatusRuntimeException: UNAVAILABLE: io exception
2019-10-04 19:09:15,060 [grpc-default-executor-2] WARN  server.GrpcLogAppender (LogUtils.java:warn(134)) - 0c740033-5552-4d27-ab2d-faeb035c7a1c@group-07353A2AD167->1553187d-9ebc-4ae0-ad21-5383f7672836-AppendLogResponseHandler: Failed appendEntries: org.apache.ratis.thirdparty.io.grpc.StatusRuntimeException: UNAVAILABLE: io exception
2019-10-04 19:09:15,061 [grpc-default-executor-0] INFO  impl.FollowerInfo (FollowerInfo.java:lambda$new$0(51)) - 0c740033-5552-4d27-ab2d-faeb035c7a1c@group-07353A2AD167->ab77a81b-e30a-4472-9397-726189fd159d: nextIndex: updateUnconditionally 0 -> 0
2019-10-04 19:09:15,061 [grpc-default-executor-2] INFO  impl.FollowerInfo (FollowerInfo.java:lambda$new$0(51)) - 0c740033-5552-4d27-ab2d-faeb035c7a1c@group-07353A2AD167->1553187d-9ebc-4ae0-ad21-5383f7672836: nextIndex: updateUnconditionally 0 -> 0
2019-10-04 19:09:17,563 [grpc-default-executor-4] WARN  server.GrpcLogAppender (LogUtils.java:warn(134)) - 0c740033-5552-4d27-ab2d-faeb035c7a1c@group-07353A2AD167->1553187d-9ebc-4ae0-ad21-5383f7672836-AppendLogResponseHandler: Failed appendEntries: org.apache.ratis.thirdparty.io.grpc.StatusRuntimeException: UNAVAILABLE: io exception
2019-10-04 19:09:17,563 [grpc-default-executor-1] WARN  server.GrpcLogAppender (LogUtils.java:warn(134)) - 0c740033-5552-4d27-ab2d-faeb035c7a1c@group-07353A2AD167->ab77a81b-e30a-4472-9397-726189fd159d-AppendLogResponseHandler: Failed appendEntries: org.apache.ratis.thirdparty.io.grpc.StatusRuntimeException: UNAVAILABLE: io exception
2019-10-04 19:09:17,564 [grpc-default-executor-4] INFO  impl.FollowerInfo (FollowerInfo.java:lambda$new$0(51)) - 0c740033-5552-4d27-ab2d-faeb035c7a1c@group-07353A2AD167->1553187d-9ebc-4ae0-ad21-5383f7672836: nextIndex: updateUnconditionally 0 -> 0
2019-10-04 19:09:17,564 [grpc-default-executor-1] INFO  impl.FollowerInfo (FollowerInfo.java:lambda$new$0(51)) - 0c740033-5552-4d27-ab2d-faeb035c7a1c@group-07353A2AD167->ab77a81b-e30a-4472-9397-726189fd159d: nextIndex: updateUnconditionally 0 -> 0
2019-10-04 19:09:18,563 [Thread-1576] INFO  client.GrpcClientProtocolService (GrpcClientProtocolService.java:lambda$processClientRequest$0(278)) - Failed RaftClientRequest:client-FE4EA3053458->0c740033-5552-4d27-ab2d-faeb035c7a1c@group-07353A2AD167, cid=67, seq=0, Watch-ALL_COMMITTED(33), Message:<EMPTY>, reply=RaftClientReply:client-FE4EA3053458->0c740033-5552-4d27-ab2d-faeb035c7a1c@group-07353A2AD167, cid=67, FAILED org.apache.ratis.protocol.NotReplicatedException: Request with call Id 67 and log index 33 is not yet replicated to ALL_COMMITTED, logIndex=33, commits[0c740033-5552-4d27-ab2d-faeb035c7a1c:c2, ab77a81b-e30a-4472-9397-726189fd159d:c2, 1553187d-9ebc-4ae0-ad21-5383f7672836:c2]
2019-10-04 19:09:18,565 [Thread-1577] INFO  client.GrpcClientProtocolService (GrpcClientProtocolService.java:lambda$processClientRequest$0(278)) - Failed RaftClientRequest:client-FE4EA3053458->0c740033-5552-4d27-ab2d-faeb035c7a1c@group-07353A2AD167, cid=68, seq=0, Watch-MAJORITY_COMMITTED(33), Message:<EMPTY>, reply=RaftClientReply:client-FE4EA3053458->0c740033-5552-4d27-ab2d-faeb035c7a1c@group-07353A2AD167, cid=68, FAILED org.apache.ratis.protocol.NotReplicatedException: Request with call Id 68 and log index 33 is not yet replicated to MAJORITY_COMMITTED, logIndex=33, commits[0c740033-5552-4d27-ab2d-faeb035c7a1c:c2, ab77a81b-e30a-4472-9397-726189fd159d:c2, 1553187d-9ebc-4ae0-ad21-5383f7672836:c2]
2019-10-04 19:09:20,064 [grpc-default-executor-4] WARN  server.GrpcLogAppender (LogUtils.java:warn(134)) - 0c740033-5552-4d27-ab2d-faeb035c7a1c@group-07353A2AD167->ab77a81b-e30a-4472-9397-726189fd159d-AppendLogResponseHandler: Failed appendEntries: org.apache.ratis.thirdparty.io.grpc.StatusRuntimeException: UNAVAILABLE: io exception
2019-10-04 19:09:20,064 [grpc-default-executor-1] WARN  server.GrpcLogAppender (LogUtils.java:warn(134)) - 0c740033-5552-4d27-ab2d-faeb035c7a1c@group-07353A2AD167->1553187d-9ebc-4ae0-ad21-5383f7672836-AppendLogResponseHandler: Failed appendEntries: org.apache.ratis.thirdparty.io.grpc.StatusRuntimeException: UNAVAILABLE: io exception
2019-10-04 19:09:20,071 [grpc-default-executor-4] INFO  impl.FollowerInfo (FollowerInfo.java:lambda$new$0(51)) - 0c740033-5552-4d27-ab2d-faeb035c7a1c@group-07353A2AD167->ab77a81b-e30a-4472-9397-726189fd159d: nextIndex: updateUnconditionally 0 -> 0
2019-10-04 19:09:20,071 [grpc-default-executor-1] INFO  impl.FollowerInfo (FollowerInfo.java:lambda$new$0(51)) - 0c740033-5552-4d27-ab2d-faeb035c7a1c@group-07353A2AD167->1553187d-9ebc-4ae0-ad21-5383f7672836: nextIndex: updateUnconditionally 0 -> 0
2019-10-04 19:09:22,569 [grpc-default-executor-1] WARN  server.GrpcLogAppender (LogUtils.java:warn(134)) - 0c740033-5552-4d27-ab2d-faeb035c7a1c@group-07353A2AD167->ab77a81b-e30a-4472-9397-726189fd159d-AppendLogResponseHandler: Failed appendEntries: org.apache.ratis.thirdparty.io.grpc.StatusRuntimeException: UNAVAILABLE: io exception
2019-10-04 19:09:22,569 [grpc-default-executor-4] WARN  server.GrpcLogAppender (LogUtils.java:warn(134)) - 0c740033-5552-4d27-ab2d-faeb035c7a1c@group-07353A2AD167->1553187d-9ebc-4ae0-ad21-5383f7672836-AppendLogResponseHandler: Failed appendEntries: org.apache.ratis.thirdparty.io.grpc.StatusRuntimeException: UNAVAILABLE: io exception
2019-10-04 19:09:22,570 [grpc-default-executor-1] INFO  impl.FollowerInfo (FollowerInfo.java:lambda$new$0(51)) - 0c740033-5552-4d27-ab2d-faeb035c7a1c@group-07353A2AD167->ab77a81b-e30a-4472-9397-726189fd159d: nextIndex: updateUnconditionally 0 -> 0
2019-10-04 19:09:22,570 [grpc-default-executor-4] INFO  impl.FollowerInfo (FollowerInfo.java:lambda$new$0(51)) - 0c740033-5552-4d27-ab2d-faeb035c7a1c@group-07353A2AD167->1553187d-9ebc-4ae0-ad21-5383f7672836: nextIndex: updateUnconditionally 0 -> 0
2019-10-04 19:09:25,072 [grpc-default-executor-4] WARN  server.GrpcLogAppender (LogUtils.java:warn(134)) - 0c740033-5552-4d27-ab2d-faeb035c7a1c@group-07353A2AD167->ab77a81b-e30a-4472-9397-726189fd159d-AppendLogResponseHandler: Failed appendEntries: org.apache.ratis.thirdparty.io.grpc.StatusRuntimeException: UNAVAILABLE: io exception
2019-10-04 19:09:25,072 [grpc-default-executor-6] WARN  server.GrpcLogAppender (LogUtils.java:warn(134)) - 0c740033-5552-4d27-ab2d-faeb035c7a1c@group-07353A2AD167->1553187d-9ebc-4ae0-ad21-5383f7672836-AppendLogResponseHandler: Failed appendEntries: org.apache.ratis.thirdparty.io.grpc.StatusRuntimeException: UNAVAILABLE: io exception
2019-10-04 19:09:25,074 [grpc-default-executor-4] INFO  impl.FollowerInfo (FollowerInfo.java:lambda$new$0(51)) - 0c740033-5552-4d27-ab2d-faeb035c7a1c@group-07353A2AD167->ab77a81b-e30a-4472-9397-726189fd159d: nextIndex: updateUnconditionally 0 -> 0
2019-10-04 19:09:25,074 [grpc-default-executor-6] INFO  impl.FollowerInfo (FollowerInfo.java:lambda$new$0(51)) - 0c740033-5552-4d27-ab2d-faeb035c7a1c@group-07353A2AD167->1553187d-9ebc-4ae0-ad21-5383f7672836: nextIndex: updateUnconditionally 0 -> 0
2019-10-04 19:09:27,570 [grpc-default-executor-0] WARN  server.GrpcLogAppender (LogUtils.java:warn(134)) - 0c740033-5552-4d27-ab2d-faeb035c7a1c@group-07353A2AD167->1553187d-9ebc-4ae0-ad21-5383f7672836-AppendLogResponseHandler: Failed appendEntries: org.apache.ratis.thirdparty.io.grpc.StatusRuntimeException: UNAVAILABLE: io exception
2019-10-04 19:09:27,570 [grpc-default-executor-4] WARN  server.GrpcLogAppender (LogUtils.java:warn(134)) - 0c740033-5552-4d27-ab2d-faeb035c7a1c@group-07353A2AD167->ab77a81b-e30a-4472-9397-726189fd159d-AppendLogResponseHandler: Failed appendEntries: org.apache.ratis.thirdparty.io.grpc.StatusRuntimeException: UNAVAILABLE: io exception
2019-10-04 19:09:27,571 [grpc-default-executor-0] INFO  impl.FollowerInfo (FollowerInfo.java:lambda$new$0(51)) - 0c740033-5552-4d27-ab2d-faeb035c7a1c@group-07353A2AD167->1553187d-9ebc-4ae0-ad21-5383f7672836: nextIndex: updateUnconditionally 0 -> 0
2019-10-04 19:09:27,571 [grpc-default-executor-4] INFO  impl.FollowerInfo (FollowerInfo.java:lambda$new$0(51)) - 0c740033-5552-4d27-ab2d-faeb035c7a1c@group-07353A2AD167->ab77a81b-e30a-4472-9397-726189fd159d: nextIndex: updateUnconditionally 0 -> 0
]]></system-out>
    <system-err><![CDATA[Oct 04, 2019 7:08:42 PM org.apache.ratis.thirdparty.io.grpc.internal.SerializingExecutor run
SEVERE: Exception while executing runnable org.apache.ratis.thirdparty.io.grpc.internal.ServerImpl$JumpToApplicationThreadServerStreamListener$1Closed@6e6e0a0
org.apache.ratis.thirdparty.io.grpc.StatusRuntimeException: CANCELLED: call already cancelled
	at org.apache.ratis.thirdparty.io.grpc.Status.asRuntimeException(Status.java:517)
	at org.apache.ratis.thirdparty.io.grpc.stub.ServerCalls$ServerCallStreamObserverImpl.onCompleted(ServerCalls.java:356)
	at org.apache.ratis.grpc.server.GrpcServerProtocolService$ServerRequestStreamObserver.onError(GrpcServerProtocolService.java:121)
	at org.apache.ratis.thirdparty.io.grpc.stub.ServerCalls$StreamingServerCallHandler$StreamingServerCallListener.onCancel(ServerCalls.java:269)
	at org.apache.ratis.thirdparty.io.grpc.internal.ServerCallImpl$ServerStreamListenerImpl.closed(ServerCallImpl.java:293)
	at org.apache.ratis.thirdparty.io.grpc.internal.ServerImpl$JumpToApplicationThreadServerStreamListener$1Closed.runInContext(ServerImpl.java:741)
	at org.apache.ratis.thirdparty.io.grpc.internal.ContextRunnable.run(ContextRunnable.java:37)
	at org.apache.ratis.thirdparty.io.grpc.internal.SerializingExecutor.run(SerializingExecutor.java:123)
	at java.util.concurrent.ThreadPoolExecutor.runWorker(ThreadPoolExecutor.java:1149)
	at java.util.concurrent.ThreadPoolExecutor$Worker.run(ThreadPoolExecutor.java:624)
	at java.lang.Thread.run(Thread.java:748)

Oct 04, 2019 7:08:47 PM org.apache.ratis.thirdparty.io.grpc.internal.SerializingExecutor run
SEVERE: Exception while executing runnable org.apache.ratis.thirdparty.io.grpc.internal.ServerImpl$JumpToApplicationThreadServerStreamListener$1Closed@22042980
org.apache.ratis.thirdparty.io.grpc.StatusRuntimeException: CANCELLED: call already cancelled
	at org.apache.ratis.thirdparty.io.grpc.Status.asRuntimeException(Status.java:517)
	at org.apache.ratis.thirdparty.io.grpc.stub.ServerCalls$ServerCallStreamObserverImpl.onCompleted(ServerCalls.java:356)
	at org.apache.ratis.grpc.server.GrpcServerProtocolService$ServerRequestStreamObserver.onError(GrpcServerProtocolService.java:121)
	at org.apache.ratis.thirdparty.io.grpc.stub.ServerCalls$StreamingServerCallHandler$StreamingServerCallListener.onCancel(ServerCalls.java:269)
	at org.apache.ratis.thirdparty.io.grpc.internal.ServerCallImpl$ServerStreamListenerImpl.closed(ServerCallImpl.java:293)
	at org.apache.ratis.thirdparty.io.grpc.internal.ServerImpl$JumpToApplicationThreadServerStreamListener$1Closed.runInContext(ServerImpl.java:741)
	at org.apache.ratis.thirdparty.io.grpc.internal.ContextRunnable.run(ContextRunnable.java:37)
	at org.apache.ratis.thirdparty.io.grpc.internal.SerializingExecutor.run(SerializingExecutor.java:123)
	at java.util.concurrent.ThreadPoolExecutor.runWorker(ThreadPoolExecutor.java:1149)
	at java.util.concurrent.ThreadPoolExecutor$Worker.run(ThreadPoolExecutor.java:624)
	at java.lang.Thread.run(Thread.java:748)

]]></system-err>
  </testcase>
  <testcase name="testWatchForCommitForGroupMismatchException" classname="org.apache.hadoop.ozone.client.rpc.TestWatchForCommit" time="33.903"/>
  <testcase name="test2WayCommitForTimeoutException" classname="org.apache.hadoop.ozone.client.rpc.TestWatchForCommit" time="31.926">
    <error type="java.util.concurrent.TimeoutException">java.util.concurrent.TimeoutException
	at java.util.concurrent.CompletableFuture.timedGet(CompletableFuture.java:1771)
	at java.util.concurrent.CompletableFuture.get(CompletableFuture.java:1915)
	at org.apache.hadoop.hdds.scm.XceiverClientRatis.watchForCommit(XceiverClientRatis.java:298)
	at org.apache.hadoop.ozone.client.rpc.TestWatchForCommit.test2WayCommitForTimeoutException(TestWatchForCommit.java:391)
	at sun.reflect.NativeMethodAccessorImpl.invoke0(Native Method)
	at sun.reflect.NativeMethodAccessorImpl.invoke(NativeMethodAccessorImpl.java:62)
	at sun.reflect.DelegatingMethodAccessorImpl.invoke(DelegatingMethodAccessorImpl.java:43)
	at java.lang.reflect.Method.invoke(Method.java:498)
	at org.junit.runners.model.FrameworkMethod$1.runReflectiveCall(FrameworkMethod.java:47)
	at org.junit.internal.runners.model.ReflectiveCallable.run(ReflectiveCallable.java:12)
	at org.junit.runners.model.FrameworkMethod.invokeExplosively(FrameworkMethod.java:44)
	at org.junit.internal.runners.statements.InvokeMethod.evaluate(InvokeMethod.java:17)
	at org.junit.runners.ParentRunner.runLeaf(ParentRunner.java:271)
	at org.junit.runners.BlockJUnit4ClassRunner.runChild(BlockJUnit4ClassRunner.java:70)
	at org.junit.runners.BlockJUnit4ClassRunner.runChild(BlockJUnit4ClassRunner.java:50)
	at org.junit.runners.ParentRunner$3.run(ParentRunner.java:238)
	at org.junit.runners.ParentRunner$1.schedule(ParentRunner.java:63)
	at org.junit.runners.ParentRunner.runChildren(ParentRunner.java:236)
	at org.junit.runners.ParentRunner.access$000(ParentRunner.java:53)
	at org.junit.runners.ParentRunner$2.evaluate(ParentRunner.java:229)
	at org.junit.runners.ParentRunner.run(ParentRunner.java:309)
	at org.apache.maven.surefire.junit4.JUnit4Provider.execute(JUnit4Provider.java:365)
	at org.apache.maven.surefire.junit4.JUnit4Provider.executeWithRerun(JUnit4Provider.java:273)
	at org.apache.maven.surefire.junit4.JUnit4Provider.executeTestSet(JUnit4Provider.java:238)
	at org.apache.maven.surefire.junit4.JUnit4Provider.invoke(JUnit4Provider.java:159)
	at org.apache.maven.surefire.booter.ForkedBooter.invokeProviderInSameClassLoader(ForkedBooter.java:384)
	at org.apache.maven.surefire.booter.ForkedBooter.runSuitesInProcess(ForkedBooter.java:345)
	at org.apache.maven.surefire.booter.ForkedBooter.execute(ForkedBooter.java:126)
	at org.apache.maven.surefire.booter.ForkedBooter.main(ForkedBooter.java:418)
</error>
    <system-out><![CDATA[2019-10-04 19:10:01,865 [main] WARN  server.ServerUtils (ServerUtils.java:getScmDbDir(145)) - ozone.scm.db.dirs is not configured. We recommend adding this setting. Falling back to ozone.metadata.dirs instead.
2019-10-04 19:10:01,891 [main] WARN  server.ServerUtils (ServerUtils.java:getScmDbDir(145)) - ozone.scm.db.dirs is not configured. We recommend adding this setting. Falling back to ozone.metadata.dirs instead.
2019-10-04 19:10:01,891 [main] WARN  server.ServerUtils (ServerUtils.java:getScmDbDir(145)) - ozone.scm.db.dirs is not configured. We recommend adding this setting. Falling back to ozone.metadata.dirs instead.
2019-10-04 19:10:01,892 [main] INFO  db.DBStoreBuilder (DBStoreBuilder.java:addTable(117)) - using custom profile for table: deletedBlocks
2019-10-04 19:10:01,892 [main] INFO  db.DBStoreBuilder (DBStoreBuilder.java:processTables(168)) - Using default column profile:DBProfile.DISK for Table:deletedBlocks
2019-10-04 19:10:01,892 [main] INFO  db.DBStoreBuilder (DBStoreBuilder.java:addTable(117)) - using custom profile for table: validCerts
2019-10-04 19:10:01,893 [main] INFO  db.DBStoreBuilder (DBStoreBuilder.java:processTables(168)) - Using default column profile:DBProfile.DISK for Table:validCerts
2019-10-04 19:10:01,893 [main] INFO  db.DBStoreBuilder (DBStoreBuilder.java:addTable(117)) - using custom profile for table: revokedCerts
2019-10-04 19:10:01,893 [main] INFO  db.DBStoreBuilder (DBStoreBuilder.java:processTables(168)) - Using default column profile:DBProfile.DISK for Table:revokedCerts
2019-10-04 19:10:01,894 [main] INFO  db.DBStoreBuilder (DBStoreBuilder.java:addTable(117)) - using custom profile for table: default
2019-10-04 19:10:01,894 [main] INFO  db.DBStoreBuilder (DBStoreBuilder.java:processTables(174)) - Using default column profile:DBProfile.DISK for Table:default
2019-10-04 19:10:01,894 [main] INFO  db.DBStoreBuilder (DBStoreBuilder.java:getDbProfile(205)) - Using default options. DBProfile.DISK
2019-10-04 19:10:02,248 [main] INFO  net.NodeSchemaLoader (NodeSchemaLoader.java:loadSchemaFromFile(125)) - Loading file from sun.misc.CompoundEnumeration@3db65c0d
2019-10-04 19:10:02,249 [main] INFO  net.NodeSchemaLoader (NodeSchemaLoader.java:loadSchema(171)) - Loading network topology layer schema file
2019-10-04 19:10:02,256 [main] WARN  server.ServerUtils (ServerUtils.java:sanitizeUserArgs(70)) - ozone.scm.stale.node.interval value = 300000 is larger than max = 100000 based on the key value of ozone.scm.heartbeat.thread.interval, reset to the max value 100000.
2019-10-04 19:10:02,257 [main] WARN  server.ServerUtils (ServerUtils.java:sanitizeUserArgs(70)) - ozone.scm.stale.node.interval value = 300000 is larger than max = 100000 based on the key value of ozone.scm.heartbeat.thread.interval, reset to the max value 100000.
2019-10-04 19:10:02,257 [main] INFO  node.SCMNodeManager (SCMNodeManager.java:<init>(116)) - Entering startup safe mode.
2019-10-04 19:10:02,258 [main] INFO  algorithms.ContainerPlacementPolicyFactory (ContainerPlacementPolicyFactory.java:getPolicy(57)) - Create container placement policy of type org.apache.hadoop.hdds.scm.container.placement.algorithms.SCMContainerPlacementRandom
2019-10-04 19:10:02,259 [main] WARN  server.ServerUtils (ServerUtils.java:getScmDbDir(145)) - ozone.scm.db.dirs is not configured. We recommend adding this setting. Falling back to ozone.metadata.dirs instead.
2019-10-04 19:10:02,386 [main] INFO  pipeline.SCMPipelineManager (SCMPipelineManager.java:initializePipelineState(132)) - No pipeline exists in current db
2019-10-04 19:10:02,386 [main] WARN  server.ServerUtils (ServerUtils.java:getScmDbDir(145)) - ozone.scm.db.dirs is not configured. We recommend adding this setting. Falling back to ozone.metadata.dirs instead.
2019-10-04 19:10:02,551 [main] WARN  events.EventQueue (EventQueue.java:fireEvent(183)) - No event handler registered for event TypedEvent{payloadType=SafeModeStatus, name='SafeModeStatus'}
2019-10-04 19:10:02,553 [main] INFO  ipc.CallQueueManager (CallQueueManager.java:<init>(84)) - Using callQueue: class java.util.concurrent.LinkedBlockingQueue, queueCapacity: 2000, scheduler: class org.apache.hadoop.ipc.DefaultRpcScheduler, ipcBackoff: false.
2019-10-04 19:10:02,555 [Socket Reader #1 for port 44728] INFO  ipc.Server (Server.java:run(1074)) - Starting Socket Reader #1 for port 44728
2019-10-04 19:10:02,560 [main] INFO  ipc.CallQueueManager (CallQueueManager.java:<init>(84)) - Using callQueue: class java.util.concurrent.LinkedBlockingQueue, queueCapacity: 2000, scheduler: class org.apache.hadoop.ipc.DefaultRpcScheduler, ipcBackoff: false.
2019-10-04 19:10:02,561 [Socket Reader #1 for port 39700] INFO  ipc.Server (Server.java:run(1074)) - Starting Socket Reader #1 for port 39700
2019-10-04 19:10:02,564 [main] INFO  ipc.CallQueueManager (CallQueueManager.java:<init>(84)) - Using callQueue: class java.util.concurrent.LinkedBlockingQueue, queueCapacity: 2000, scheduler: class org.apache.hadoop.ipc.DefaultRpcScheduler, ipcBackoff: false.
2019-10-04 19:10:02,565 [Socket Reader #1 for port 46485] INFO  ipc.Server (Server.java:run(1074)) - Starting Socket Reader #1 for port 46485
2019-10-04 19:10:02,570 [main] INFO  hdfs.DFSUtil (DFSUtil.java:httpServerTemplateForNNAndJN(1641)) - Starting Web-server for scm at: http://0.0.0.0:0
2019-10-04 19:10:02,572 [main] INFO  server.AuthenticationFilter (AuthenticationFilter.java:constructSecretProvider(240)) - Unable to initialize FileSignerSecretProvider, falling back to use random secrets.
2019-10-04 19:10:02,573 [main] WARN  http.HttpRequestLog (HttpRequestLog.java:getRequestLog(97)) - Jetty request log can only be enabled using Log4j
2019-10-04 19:10:02,576 [main] INFO  http.HttpServer2 (HttpServer2.java:addGlobalFilter(975)) - Added global filter 'safety' (class=org.apache.hadoop.http.HttpServer2$QuotingInputFilter)
2019-10-04 19:10:02,577 [main] INFO  http.HttpServer2 (HttpServer2.java:addFilter(948)) - Added filter static_user_filter (class=org.apache.hadoop.http.lib.StaticUserWebFilter$StaticUserFilter) to context scm
2019-10-04 19:10:02,577 [main] INFO  http.HttpServer2 (HttpServer2.java:addFilter(958)) - Added filter static_user_filter (class=org.apache.hadoop.http.lib.StaticUserWebFilter$StaticUserFilter) to context static
2019-10-04 19:10:02,577 [main] INFO  http.HttpServer2 (HttpServer2.java:addFilter(958)) - Added filter static_user_filter (class=org.apache.hadoop.http.lib.StaticUserWebFilter$StaticUserFilter) to context logs
2019-10-04 19:10:02,580 [main] INFO  server.StorageContainerManager (StorageContainerManager.java:start(770)) - StorageContainerLocationProtocol RPC server is listening at /0.0.0.0:46485
2019-10-04 19:10:02,583 [main] WARN  impl.MetricsConfig (MetricsConfig.java:loadFirst(134)) - Cannot locate configuration: tried hadoop-metrics2-storagecontainermanager.properties,hadoop-metrics2.properties
2019-10-04 19:10:02,585 [main] INFO  impl.MetricsSystemImpl (MetricsSystemImpl.java:startTimer(374)) - Scheduled Metric snapshot period at 10 second(s).
2019-10-04 19:10:02,585 [main] INFO  impl.MetricsSystemImpl (MetricsSystemImpl.java:start(191)) - StorageContainerManager metrics system started
2019-10-04 19:10:02,586 [grpc-default-executor-2] WARN  server.GrpcLogAppender (LogUtils.java:warn(134)) - 0c740033-5552-4d27-ab2d-faeb035c7a1c@group-07353A2AD167->1553187d-9ebc-4ae0-ad21-5383f7672836-AppendLogResponseHandler: Failed appendEntries: org.apache.ratis.thirdparty.io.grpc.StatusRuntimeException: UNAVAILABLE: io exception
2019-10-04 19:10:02,586 [grpc-default-executor-1] WARN  server.GrpcLogAppender (LogUtils.java:warn(134)) - 0c740033-5552-4d27-ab2d-faeb035c7a1c@group-07353A2AD167->ab77a81b-e30a-4472-9397-726189fd159d-AppendLogResponseHandler: Failed appendEntries: org.apache.ratis.thirdparty.io.grpc.StatusRuntimeException: UNAVAILABLE: io exception
2019-10-04 19:10:02,588 [grpc-default-executor-2] INFO  impl.FollowerInfo (FollowerInfo.java:lambda$new$0(51)) - 0c740033-5552-4d27-ab2d-faeb035c7a1c@group-07353A2AD167->1553187d-9ebc-4ae0-ad21-5383f7672836: nextIndex: updateUnconditionally 0 -> 0
2019-10-04 19:10:02,588 [grpc-default-executor-1] INFO  impl.FollowerInfo (FollowerInfo.java:lambda$new$0(51)) - 0c740033-5552-4d27-ab2d-faeb035c7a1c@group-07353A2AD167->ab77a81b-e30a-4472-9397-726189fd159d: nextIndex: updateUnconditionally 0 -> 0
2019-10-04 19:10:03,237 [main] WARN  impl.MetricsSystemImpl (MetricsSystemImpl.java:register(276)) - Sink prometheus already exists!
2019-10-04 19:10:03,556 [main] INFO  server.SCMClientProtocolServer (SCMClientProtocolServer.java:start(159)) - RPC server for Client  is listening at /0.0.0.0:46485
2019-10-04 19:10:03,556 [IPC Server Responder] INFO  ipc.Server (Server.java:run(1314)) - IPC Server Responder: starting
2019-10-04 19:10:03,556 [IPC Server listener on 46485] INFO  ipc.Server (Server.java:run(1153)) - IPC Server listener on 46485: starting
2019-10-04 19:10:03,562 [main] INFO  server.StorageContainerManager (StorageContainerManager.java:start(780)) - ScmBlockLocationProtocol RPC server is listening at /0.0.0.0:39700
2019-10-04 19:10:03,563 [main] INFO  server.SCMBlockProtocolServer (SCMBlockProtocolServer.java:start(146)) - RPC server for Block Protocol is listening at /0.0.0.0:39700
2019-10-04 19:10:03,563 [IPC Server Responder] INFO  ipc.Server (Server.java:run(1314)) - IPC Server Responder: starting
2019-10-04 19:10:03,563 [IPC Server listener on 39700] INFO  ipc.Server (Server.java:run(1153)) - IPC Server listener on 39700: starting
2019-10-04 19:10:03,573 [main] INFO  server.StorageContainerManager (StorageContainerManager.java:start(784)) - ScmDatanodeProtocl RPC server is listening at /0.0.0.0:44728
2019-10-04 19:10:03,573 [main] INFO  server.SCMDatanodeProtocolServer (SCMDatanodeProtocolServer.java:start(169)) - RPC server for DataNodes is listening at /0.0.0.0:44728
2019-10-04 19:10:03,573 [IPC Server Responder] INFO  ipc.Server (Server.java:run(1314)) - IPC Server Responder: starting
2019-10-04 19:10:03,573 [IPC Server listener on 44728] INFO  ipc.Server (Server.java:run(1153)) - IPC Server listener on 44728: starting
2019-10-04 19:10:03,576 [main] INFO  http.HttpServer2 (HttpServer2.java:bindListener(1191)) - Jetty bound to port 42521
2019-10-04 19:10:03,577 [main] INFO  server.Server (Server.java:doStart(351)) - jetty-9.3.25.v20180904, build timestamp: 2018-09-04T21:11:46Z, git hash: 3ce520221d0240229c862b122d2b06c12a625732
2019-10-04 19:10:03,578 [main] INFO  handler.ContextHandler (ContextHandler.java:doStart(781)) - Started o.e.j.s.ServletContextHandler@340cb97f{/logs,file:///workdir/hadoop-ozone/integration-test/target/log,AVAILABLE}
2019-10-04 19:10:03,579 [main] INFO  handler.ContextHandler (ContextHandler.java:doStart(781)) - Started o.e.j.s.ServletContextHandler@11c88cca{/static,file:///workdir/hadoop-ozone/integration-test/target/test-classes/webapps/static,AVAILABLE}
2019-10-04 19:10:03,582 [main] INFO  handler.ContextHandler (ContextHandler.java:doStart(781)) - Started o.e.j.w.WebAppContext@48bc2fce{/,file:///workdir/hadoop-ozone/integration-test/target/test-classes/webapps/scm/,AVAILABLE}{/scm}
2019-10-04 19:10:03,582 [main] INFO  server.AbstractConnector (AbstractConnector.java:doStart(278)) - Started ServerConnector@1eca3ea7{HTTP/1.1,[http/1.1]}{0.0.0.0:42521}
2019-10-04 19:10:03,584 [main] INFO  server.Server (Server.java:doStart(419)) - Started @203602ms
2019-10-04 19:10:03,584 [main] WARN  impl.MetricsSystemImpl (MetricsSystemImpl.java:register(276)) - Sink prometheus already exists!
2019-10-04 19:10:03,585 [main] INFO  server.BaseHttpServer (BaseHttpServer.java:updateConnectorAddress(215)) - HTTP server of SCM is listening at http://0.0.0.0:42521
2019-10-04 19:10:03,587 [main] WARN  server.ServerUtils (ServerUtils.java:getDBPath(222)) - ozone.om.db.dirs is not configured. We recommend adding this setting. Falling back to ozone.metadata.dirs instead.
2019-10-04 19:10:03,587 [org.apache.hadoop.util.JvmPauseMonitor$Monitor@73a6cc79] INFO  util.JvmPauseMonitor (JvmPauseMonitor.java:run(188)) - Starting JVM pause monitor
2019-10-04 19:10:03,612 [main] INFO  ha.OMHANodeDetails (OMHANodeDetails.java:loadOMHAConfig(190)) - Configuration either no ozone.om.address set. Falling back to the default OM address /127.0.0.1:0
2019-10-04 19:10:03,612 [main] INFO  ha.OMHANodeDetails (OMHANodeDetails.java:getOMNodeDetails(220)) - OM Service ID is not set. Setting it to the default ID: omServiceIdDefault
2019-10-04 19:10:03,612 [main] WARN  server.ServerUtils (ServerUtils.java:getDBPath(222)) - ozone.om.db.dirs is not configured. We recommend adding this setting. Falling back to ozone.metadata.dirs instead.
2019-10-04 19:10:03,612 [main] WARN  server.ServerUtils (ServerUtils.java:getDBPath(222)) - ozone.om.db.dirs is not configured. We recommend adding this setting. Falling back to ozone.metadata.dirs instead.
2019-10-04 19:10:03,643 [main] WARN  server.ServerUtils (ServerUtils.java:getDBPath(222)) - ozone.om.db.dirs is not configured. We recommend adding this setting. Falling back to ozone.metadata.dirs instead.
2019-10-04 19:10:03,644 [main] INFO  db.DBStoreBuilder (DBStoreBuilder.java:addTable(117)) - using custom profile for table: userTable
2019-10-04 19:10:03,644 [main] INFO  db.DBStoreBuilder (DBStoreBuilder.java:processTables(168)) - Using default column profile:DBProfile.DISK for Table:userTable
2019-10-04 19:10:03,644 [main] INFO  db.DBStoreBuilder (DBStoreBuilder.java:addTable(117)) - using custom profile for table: volumeTable
2019-10-04 19:10:03,644 [main] INFO  db.DBStoreBuilder (DBStoreBuilder.java:processTables(168)) - Using default column profile:DBProfile.DISK for Table:volumeTable
2019-10-04 19:10:03,644 [main] INFO  db.DBStoreBuilder (DBStoreBuilder.java:addTable(117)) - using custom profile for table: bucketTable
2019-10-04 19:10:03,645 [main] INFO  db.DBStoreBuilder (DBStoreBuilder.java:processTables(168)) - Using default column profile:DBProfile.DISK for Table:bucketTable
2019-10-04 19:10:03,645 [main] INFO  db.DBStoreBuilder (DBStoreBuilder.java:addTable(117)) - using custom profile for table: keyTable
2019-10-04 19:10:03,645 [main] INFO  db.DBStoreBuilder (DBStoreBuilder.java:processTables(168)) - Using default column profile:DBProfile.DISK for Table:keyTable
2019-10-04 19:10:03,645 [main] INFO  db.DBStoreBuilder (DBStoreBuilder.java:addTable(117)) - using custom profile for table: deletedTable
2019-10-04 19:10:03,645 [main] INFO  db.DBStoreBuilder (DBStoreBuilder.java:processTables(168)) - Using default column profile:DBProfile.DISK for Table:deletedTable
2019-10-04 19:10:03,646 [main] INFO  db.DBStoreBuilder (DBStoreBuilder.java:addTable(117)) - using custom profile for table: openKeyTable
2019-10-04 19:10:03,646 [main] INFO  db.DBStoreBuilder (DBStoreBuilder.java:processTables(168)) - Using default column profile:DBProfile.DISK for Table:openKeyTable
2019-10-04 19:10:03,646 [main] INFO  db.DBStoreBuilder (DBStoreBuilder.java:addTable(117)) - using custom profile for table: s3Table
2019-10-04 19:10:03,646 [main] INFO  db.DBStoreBuilder (DBStoreBuilder.java:processTables(168)) - Using default column profile:DBProfile.DISK for Table:s3Table
2019-10-04 19:10:03,646 [main] INFO  db.DBStoreBuilder (DBStoreBuilder.java:addTable(117)) - using custom profile for table: multipartInfoTable
2019-10-04 19:10:03,647 [main] INFO  db.DBStoreBuilder (DBStoreBuilder.java:processTables(168)) - Using default column profile:DBProfile.DISK for Table:multipartInfoTable
2019-10-04 19:10:03,647 [main] INFO  db.DBStoreBuilder (DBStoreBuilder.java:addTable(117)) - using custom profile for table: dTokenTable
2019-10-04 19:10:03,647 [main] INFO  db.DBStoreBuilder (DBStoreBuilder.java:processTables(168)) - Using default column profile:DBProfile.DISK for Table:dTokenTable
2019-10-04 19:10:03,647 [main] INFO  db.DBStoreBuilder (DBStoreBuilder.java:addTable(117)) - using custom profile for table: s3SecretTable
2019-10-04 19:10:03,647 [main] INFO  db.DBStoreBuilder (DBStoreBuilder.java:processTables(168)) - Using default column profile:DBProfile.DISK for Table:s3SecretTable
2019-10-04 19:10:03,647 [main] INFO  db.DBStoreBuilder (DBStoreBuilder.java:addTable(117)) - using custom profile for table: prefixTable
2019-10-04 19:10:03,648 [main] INFO  db.DBStoreBuilder (DBStoreBuilder.java:processTables(168)) - Using default column profile:DBProfile.DISK for Table:prefixTable
2019-10-04 19:10:03,648 [main] INFO  db.DBStoreBuilder (DBStoreBuilder.java:addTable(117)) - using custom profile for table: default
2019-10-04 19:10:03,648 [main] INFO  db.DBStoreBuilder (DBStoreBuilder.java:processTables(174)) - Using default column profile:DBProfile.DISK for Table:default
2019-10-04 19:10:03,648 [main] INFO  db.DBStoreBuilder (DBStoreBuilder.java:getDbProfile(205)) - Using default options. DBProfile.DISK
2019-10-04 19:10:04,533 [main] INFO  ipc.CallQueueManager (CallQueueManager.java:<init>(84)) - Using callQueue: class java.util.concurrent.LinkedBlockingQueue, queueCapacity: 2000, scheduler: class org.apache.hadoop.ipc.DefaultRpcScheduler, ipcBackoff: false.
2019-10-04 19:10:04,534 [Socket Reader #1 for port 45106] INFO  ipc.Server (Server.java:run(1074)) - Starting Socket Reader #1 for port 45106
2019-10-04 19:10:04,559 [main] INFO  om.OzoneManager (OzoneManager.java:start(1069)) - OzoneManager RPC server is listening at localhost/127.0.0.1:45106
2019-10-04 19:10:04,559 [main] INFO  impl.MetricsSystemImpl (MetricsSystemImpl.java:init(158)) - OzoneManager metrics system started (again)
2019-10-04 19:10:04,561 [IPC Server Responder] INFO  ipc.Server (Server.java:run(1314)) - IPC Server Responder: starting
2019-10-04 19:10:04,564 [IPC Server listener on 45106] INFO  ipc.Server (Server.java:run(1153)) - IPC Server listener on 45106: starting
2019-10-04 19:10:04,575 [main] INFO  hdfs.DFSUtil (DFSUtil.java:httpServerTemplateForNNAndJN(1641)) - Starting Web-server for ozoneManager at: http://0.0.0.0:0
2019-10-04 19:10:04,577 [main] INFO  server.AuthenticationFilter (AuthenticationFilter.java:constructSecretProvider(240)) - Unable to initialize FileSignerSecretProvider, falling back to use random secrets.
2019-10-04 19:10:04,578 [main] WARN  http.HttpRequestLog (HttpRequestLog.java:getRequestLog(97)) - Jetty request log can only be enabled using Log4j
2019-10-04 19:10:04,580 [main] INFO  http.HttpServer2 (HttpServer2.java:addGlobalFilter(975)) - Added global filter 'safety' (class=org.apache.hadoop.http.HttpServer2$QuotingInputFilter)
2019-10-04 19:10:04,580 [main] INFO  http.HttpServer2 (HttpServer2.java:addFilter(948)) - Added filter static_user_filter (class=org.apache.hadoop.http.lib.StaticUserWebFilter$StaticUserFilter) to context ozoneManager
2019-10-04 19:10:04,581 [main] INFO  http.HttpServer2 (HttpServer2.java:addFilter(958)) - Added filter static_user_filter (class=org.apache.hadoop.http.lib.StaticUserWebFilter$StaticUserFilter) to context logs
2019-10-04 19:10:04,581 [main] INFO  http.HttpServer2 (HttpServer2.java:addFilter(958)) - Added filter static_user_filter (class=org.apache.hadoop.http.lib.StaticUserWebFilter$StaticUserFilter) to context static
2019-10-04 19:10:04,582 [main] INFO  http.HttpServer2 (HttpServer2.java:bindListener(1191)) - Jetty bound to port 41245
2019-10-04 19:10:04,582 [main] INFO  server.Server (Server.java:doStart(351)) - jetty-9.3.25.v20180904, build timestamp: 2018-09-04T21:11:46Z, git hash: 3ce520221d0240229c862b122d2b06c12a625732
2019-10-04 19:10:04,584 [main] INFO  handler.ContextHandler (ContextHandler.java:doStart(781)) - Started o.e.j.s.ServletContextHandler@15605d83{/logs,file:///workdir/hadoop-ozone/integration-test/target/log,AVAILABLE}
2019-10-04 19:10:04,584 [main] INFO  handler.ContextHandler (ContextHandler.java:doStart(781)) - Started o.e.j.s.ServletContextHandler@4c18516{/static,file:///workdir/hadoop-ozone/integration-test/target/test-classes/webapps/static,AVAILABLE}
2019-10-04 19:10:04,590 [main] INFO  handler.ContextHandler (ContextHandler.java:doStart(781)) - Started o.e.j.w.WebAppContext@7aa01bd9{/,file:///workdir/hadoop-ozone/integration-test/target/test-classes/webapps/ozoneManager/,AVAILABLE}{/ozoneManager}
2019-10-04 19:10:04,590 [main] INFO  server.AbstractConnector (AbstractConnector.java:doStart(278)) - Started ServerConnector@7e61e25c{HTTP/1.1,[http/1.1]}{0.0.0.0:41245}
2019-10-04 19:10:04,593 [main] INFO  server.Server (Server.java:doStart(419)) - Started @204610ms
2019-10-04 19:10:04,593 [main] WARN  impl.MetricsSystemImpl (MetricsSystemImpl.java:register(276)) - Sink prometheus already exists!
2019-10-04 19:10:04,594 [main] INFO  server.BaseHttpServer (BaseHttpServer.java:updateConnectorAddress(215)) - HTTP server of OZONEMANAGER is listening at http://0.0.0.0:41245
2019-10-04 19:10:04,614 [main] INFO  impl.MetricsSystemImpl (MetricsSystemImpl.java:init(158)) - HddsDatanode metrics system started (again)
2019-10-04 19:10:04,639 [main] INFO  ozone.HddsDatanodeService (HddsDatanodeService.java:start(184)) - HddsDatanodeService host:pr-hdds-2164-trunk-n6c85-931752109 ip:192.168.30.46
2019-10-04 19:10:04,650 [main] INFO  volume.HddsVolume (HddsVolume.java:<init>(176)) - Creating Volume: /workdir/hadoop-ozone/integration-test/target/test-dir/MiniOzoneClusterImpl-ff688d9a-9cad-4e06-a7c3-b08bdc3e7b45/datanode-0/data/containers/hdds of  storage type : DISK and capacity : 1482555576320
2019-10-04 19:10:04,650 [main] INFO  volume.VolumeSet (VolumeSet.java:initializeVolumeSet(170)) - Added Volume : /workdir/hadoop-ozone/integration-test/target/test-dir/MiniOzoneClusterImpl-ff688d9a-9cad-4e06-a7c3-b08bdc3e7b45/datanode-0/data/containers/hdds to VolumeSet
2019-10-04 19:10:04,651 [main] INFO  volume.ThrottledAsyncChecker (ThrottledAsyncChecker.java:schedule(139)) - Scheduling a check for org.apache.hadoop.ozone.container.common.volume.HddsVolume@4ce25e47
2019-10-04 19:10:04,654 [main] INFO  volume.HddsVolumeChecker (HddsVolumeChecker.java:checkAllVolumes(202)) - Scheduled health check for volume org.apache.hadoop.ozone.container.common.volume.HddsVolume@4ce25e47
2019-10-04 19:10:04,669 [main] INFO  impl.RaftServerProxy (ConfUtils.java:logGet(43)) - raft.rpc.type = GRPC (default)
2019-10-04 19:10:04,670 [main] INFO  grpc.GrpcFactory (GrpcFactory.java:checkPooledByteBufAllocatorUseCacheForAllThreads(45)) - PERFORMANCE WARNING: useCacheForAllThreads is true that may cause Netty to create a lot garbage objects and, as a result, trigger GC.
	It is recommended to disable useCacheForAllThreads by setting -Dorg.apache.ratis.thirdparty.io.netty.allocator.useCacheForAllThreads=false in command line.
2019-10-04 19:10:04,670 [main] INFO  grpc.GrpcConfigKeys$Server (ConfUtils.java:logGet(43)) - raft.grpc.server.port = 0 (default)
2019-10-04 19:10:04,670 [main] INFO  server.GrpcService (ConfUtils.java:logGet(43)) - raft.grpc.message.size.max = 33570816 (custom)
2019-10-04 19:10:04,670 [main] INFO  server.RaftServerConfigKeys (ConfUtils.java:logGet(43)) - raft.server.log.appender.buffer.byte-limit = 33554432 (custom)
2019-10-04 19:10:04,671 [main] INFO  server.GrpcService (ConfUtils.java:logGet(43)) - raft.grpc.flow.control.window = 1MB (=1048576) (default)
2019-10-04 19:10:04,671 [main] INFO  server.RaftServerConfigKeys (ConfUtils.java:logGet(43)) - raft.server.rpc.request.timeout = 3000ms (default)
2019-10-04 19:10:04,672 [main] INFO  server.RaftServerConfigKeys (ConfUtils.java:logGet(43)) - raft.server.storage.dir = [/workdir/hadoop-ozone/integration-test/target/test-dir/MiniOzoneClusterImpl-ff688d9a-9cad-4e06-a7c3-b08bdc3e7b45/datanode-0/data/ratis] (custom)
2019-10-04 19:10:04,673 [main] INFO  hdfs.DFSUtil (DFSUtil.java:httpServerTemplateForNNAndJN(1641)) - Starting Web-server for hddsDatanode at: http://0.0.0.0:0
2019-10-04 19:10:04,675 [main] INFO  server.AuthenticationFilter (AuthenticationFilter.java:constructSecretProvider(240)) - Unable to initialize FileSignerSecretProvider, falling back to use random secrets.
2019-10-04 19:10:04,676 [main] WARN  http.HttpRequestLog (HttpRequestLog.java:getRequestLog(97)) - Jetty request log can only be enabled using Log4j
2019-10-04 19:10:04,678 [main] INFO  http.HttpServer2 (HttpServer2.java:addGlobalFilter(975)) - Added global filter 'safety' (class=org.apache.hadoop.http.HttpServer2$QuotingInputFilter)
2019-10-04 19:10:04,679 [main] INFO  http.HttpServer2 (HttpServer2.java:addFilter(948)) - Added filter static_user_filter (class=org.apache.hadoop.http.lib.StaticUserWebFilter$StaticUserFilter) to context hddsDatanode
2019-10-04 19:10:04,679 [main] INFO  http.HttpServer2 (HttpServer2.java:addFilter(958)) - Added filter static_user_filter (class=org.apache.hadoop.http.lib.StaticUserWebFilter$StaticUserFilter) to context static
2019-10-04 19:10:04,679 [main] INFO  http.HttpServer2 (HttpServer2.java:addFilter(958)) - Added filter static_user_filter (class=org.apache.hadoop.http.lib.StaticUserWebFilter$StaticUserFilter) to context logs
2019-10-04 19:10:04,680 [main] INFO  http.HttpServer2 (HttpServer2.java:bindListener(1191)) - Jetty bound to port 33134
2019-10-04 19:10:04,680 [main] INFO  server.Server (Server.java:doStart(351)) - jetty-9.3.25.v20180904, build timestamp: 2018-09-04T21:11:46Z, git hash: 3ce520221d0240229c862b122d2b06c12a625732
2019-10-04 19:10:04,683 [main] INFO  handler.ContextHandler (ContextHandler.java:doStart(781)) - Started o.e.j.s.ServletContextHandler@6de43bc1{/logs,file:///workdir/hadoop-ozone/integration-test/target/log,AVAILABLE}
2019-10-04 19:10:04,683 [main] INFO  handler.ContextHandler (ContextHandler.java:doStart(781)) - Started o.e.j.s.ServletContextHandler@71936a92{/static,jar:file:/home/user/.m2/repository/org/apache/hadoop/hadoop-hdds-container-service/0.5.0-SNAPSHOT/hadoop-hdds-container-service-0.5.0-SNAPSHOT.jar!/webapps/static,AVAILABLE}
2019-10-04 19:10:04,727 [main] INFO  handler.ContextHandler (ContextHandler.java:doStart(781)) - Started o.e.j.w.WebAppContext@11e9ac24{/,file:///tmp/jetty-0.0.0.0-33134-hddsDatanode-_-any-2138195767077820926.dir/webapp/,AVAILABLE}{/hddsDatanode}
2019-10-04 19:10:04,728 [main] INFO  server.AbstractConnector (AbstractConnector.java:doStart(278)) - Started ServerConnector@74f280bd{HTTP/1.1,[http/1.1]}{0.0.0.0:33134}
2019-10-04 19:10:04,732 [main] INFO  server.Server (Server.java:doStart(419)) - Started @204749ms
2019-10-04 19:10:04,732 [main] WARN  impl.MetricsSystemImpl (MetricsSystemImpl.java:register(276)) - Sink prometheus already exists!
2019-10-04 19:10:04,733 [main] INFO  server.BaseHttpServer (BaseHttpServer.java:updateConnectorAddress(215)) - HTTP server of HDDSDATANODE is listening at http://0.0.0.0:33134
2019-10-04 19:10:04,733 [main] INFO  impl.MetricsSystemImpl (MetricsSystemImpl.java:init(158)) - HddsDatanode metrics system started (again)
2019-10-04 19:10:04,759 [org.apache.hadoop.util.JvmPauseMonitor$Monitor@5d698bf5] INFO  util.JvmPauseMonitor (JvmPauseMonitor.java:run(188)) - Starting JVM pause monitor
2019-10-04 19:10:04,761 [Datanode State Machine Thread - 0] INFO  datanode.InitDatanodeState (InitDatanodeState.java:persistContainerDatanodeDetails(140)) - DatanodeDetails is persisted to /workdir/hadoop-ozone/integration-test/target/test-dir/MiniOzoneClusterImpl-ff688d9a-9cad-4e06-a7c3-b08bdc3e7b45/datanode-0/meta/datanode.id
2019-10-04 19:10:04,761 [main] INFO  ozone.HddsDatanodeService (HddsDatanodeService.java:start(184)) - HddsDatanodeService host:pr-hdds-2164-trunk-n6c85-931752109 ip:192.168.30.46
2019-10-04 19:10:04,771 [main] INFO  volume.HddsVolume (HddsVolume.java:<init>(176)) - Creating Volume: /workdir/hadoop-ozone/integration-test/target/test-dir/MiniOzoneClusterImpl-ff688d9a-9cad-4e06-a7c3-b08bdc3e7b45/datanode-1/data/containers/hdds of  storage type : DISK and capacity : 1482555576320
2019-10-04 19:10:04,771 [main] INFO  volume.VolumeSet (VolumeSet.java:initializeVolumeSet(170)) - Added Volume : /workdir/hadoop-ozone/integration-test/target/test-dir/MiniOzoneClusterImpl-ff688d9a-9cad-4e06-a7c3-b08bdc3e7b45/datanode-1/data/containers/hdds to VolumeSet
2019-10-04 19:10:04,771 [main] INFO  volume.ThrottledAsyncChecker (ThrottledAsyncChecker.java:schedule(139)) - Scheduling a check for org.apache.hadoop.ozone.container.common.volume.HddsVolume@2bd8f7db
2019-10-04 19:10:04,772 [main] INFO  volume.HddsVolumeChecker (HddsVolumeChecker.java:checkAllVolumes(202)) - Scheduled health check for volume org.apache.hadoop.ozone.container.common.volume.HddsVolume@2bd8f7db
2019-10-04 19:10:04,792 [main] INFO  impl.RaftServerProxy (ConfUtils.java:logGet(43)) - raft.rpc.type = GRPC (default)
2019-10-04 19:10:04,793 [main] INFO  grpc.GrpcFactory (GrpcFactory.java:checkPooledByteBufAllocatorUseCacheForAllThreads(45)) - PERFORMANCE WARNING: useCacheForAllThreads is true that may cause Netty to create a lot garbage objects and, as a result, trigger GC.
	It is recommended to disable useCacheForAllThreads by setting -Dorg.apache.ratis.thirdparty.io.netty.allocator.useCacheForAllThreads=false in command line.
2019-10-04 19:10:04,793 [main] INFO  grpc.GrpcConfigKeys$Server (ConfUtils.java:logGet(43)) - raft.grpc.server.port = 0 (default)
2019-10-04 19:10:04,793 [main] INFO  server.GrpcService (ConfUtils.java:logGet(43)) - raft.grpc.message.size.max = 33570816 (custom)
2019-10-04 19:10:04,793 [main] INFO  server.RaftServerConfigKeys (ConfUtils.java:logGet(43)) - raft.server.log.appender.buffer.byte-limit = 33554432 (custom)
2019-10-04 19:10:04,794 [main] INFO  server.GrpcService (ConfUtils.java:logGet(43)) - raft.grpc.flow.control.window = 1MB (=1048576) (default)
2019-10-04 19:10:04,794 [main] INFO  server.RaftServerConfigKeys (ConfUtils.java:logGet(43)) - raft.server.rpc.request.timeout = 3000ms (default)
2019-10-04 19:10:04,794 [main] INFO  server.RaftServerConfigKeys (ConfUtils.java:logGet(43)) - raft.server.storage.dir = [/workdir/hadoop-ozone/integration-test/target/test-dir/MiniOzoneClusterImpl-ff688d9a-9cad-4e06-a7c3-b08bdc3e7b45/datanode-1/data/ratis] (custom)
2019-10-04 19:10:04,796 [main] INFO  hdfs.DFSUtil (DFSUtil.java:httpServerTemplateForNNAndJN(1641)) - Starting Web-server for hddsDatanode at: http://0.0.0.0:0
2019-10-04 19:10:04,798 [main] INFO  server.AuthenticationFilter (AuthenticationFilter.java:constructSecretProvider(240)) - Unable to initialize FileSignerSecretProvider, falling back to use random secrets.
2019-10-04 19:10:04,798 [main] WARN  http.HttpRequestLog (HttpRequestLog.java:getRequestLog(97)) - Jetty request log can only be enabled using Log4j
2019-10-04 19:10:04,799 [main] INFO  http.HttpServer2 (HttpServer2.java:addGlobalFilter(975)) - Added global filter 'safety' (class=org.apache.hadoop.http.HttpServer2$QuotingInputFilter)
2019-10-04 19:10:04,800 [main] INFO  http.HttpServer2 (HttpServer2.java:addFilter(948)) - Added filter static_user_filter (class=org.apache.hadoop.http.lib.StaticUserWebFilter$StaticUserFilter) to context hddsDatanode
2019-10-04 19:10:04,800 [main] INFO  http.HttpServer2 (HttpServer2.java:addFilter(958)) - Added filter static_user_filter (class=org.apache.hadoop.http.lib.StaticUserWebFilter$StaticUserFilter) to context logs
2019-10-04 19:10:04,800 [main] INFO  http.HttpServer2 (HttpServer2.java:addFilter(958)) - Added filter static_user_filter (class=org.apache.hadoop.http.lib.StaticUserWebFilter$StaticUserFilter) to context static
2019-10-04 19:10:04,800 [main] INFO  http.HttpServer2 (HttpServer2.java:bindListener(1191)) - Jetty bound to port 38907
2019-10-04 19:10:04,800 [main] INFO  server.Server (Server.java:doStart(351)) - jetty-9.3.25.v20180904, build timestamp: 2018-09-04T21:11:46Z, git hash: 3ce520221d0240229c862b122d2b06c12a625732
2019-10-04 19:10:04,802 [main] INFO  handler.ContextHandler (ContextHandler.java:doStart(781)) - Started o.e.j.s.ServletContextHandler@10b8b900{/logs,file:///workdir/hadoop-ozone/integration-test/target/log,AVAILABLE}
2019-10-04 19:10:04,802 [main] INFO  handler.ContextHandler (ContextHandler.java:doStart(781)) - Started o.e.j.s.ServletContextHandler@2801827a{/static,jar:file:/home/user/.m2/repository/org/apache/hadoop/hadoop-hdds-container-service/0.5.0-SNAPSHOT/hadoop-hdds-container-service-0.5.0-SNAPSHOT.jar!/webapps/static,AVAILABLE}
2019-10-04 19:10:04,825 [main] INFO  handler.ContextHandler (ContextHandler.java:doStart(781)) - Started o.e.j.w.WebAppContext@7ac48e10{/,file:///tmp/jetty-0.0.0.0-38907-hddsDatanode-_-any-6316960973433050655.dir/webapp/,AVAILABLE}{/hddsDatanode}
2019-10-04 19:10:04,826 [main] INFO  server.AbstractConnector (AbstractConnector.java:doStart(278)) - Started ServerConnector@52354202{HTTP/1.1,[http/1.1]}{0.0.0.0:38907}
2019-10-04 19:10:04,828 [main] INFO  server.Server (Server.java:doStart(419)) - Started @204846ms
2019-10-04 19:10:04,828 [main] WARN  impl.MetricsSystemImpl (MetricsSystemImpl.java:register(276)) - Sink prometheus already exists!
2019-10-04 19:10:04,829 [main] INFO  server.BaseHttpServer (BaseHttpServer.java:updateConnectorAddress(215)) - HTTP server of HDDSDATANODE is listening at http://0.0.0.0:38907
2019-10-04 19:10:04,829 [main] INFO  impl.MetricsSystemImpl (MetricsSystemImpl.java:init(158)) - HddsDatanode metrics system started (again)
2019-10-04 19:10:04,844 [org.apache.hadoop.util.JvmPauseMonitor$Monitor@595e6c04] INFO  util.JvmPauseMonitor (JvmPauseMonitor.java:run(188)) - Starting JVM pause monitor
2019-10-04 19:10:04,846 [main] INFO  ozone.HddsDatanodeService (HddsDatanodeService.java:start(184)) - HddsDatanodeService host:pr-hdds-2164-trunk-n6c85-931752109 ip:192.168.30.46
2019-10-04 19:10:04,846 [Datanode State Machine Thread - 0] INFO  datanode.InitDatanodeState (InitDatanodeState.java:persistContainerDatanodeDetails(140)) - DatanodeDetails is persisted to /workdir/hadoop-ozone/integration-test/target/test-dir/MiniOzoneClusterImpl-ff688d9a-9cad-4e06-a7c3-b08bdc3e7b45/datanode-1/meta/datanode.id
2019-10-04 19:10:04,856 [main] INFO  volume.HddsVolume (HddsVolume.java:<init>(176)) - Creating Volume: /workdir/hadoop-ozone/integration-test/target/test-dir/MiniOzoneClusterImpl-ff688d9a-9cad-4e06-a7c3-b08bdc3e7b45/datanode-2/data/containers/hdds of  storage type : DISK and capacity : 1482555576320
2019-10-04 19:10:04,856 [main] INFO  volume.VolumeSet (VolumeSet.java:initializeVolumeSet(170)) - Added Volume : /workdir/hadoop-ozone/integration-test/target/test-dir/MiniOzoneClusterImpl-ff688d9a-9cad-4e06-a7c3-b08bdc3e7b45/datanode-2/data/containers/hdds to VolumeSet
2019-10-04 19:10:04,856 [main] INFO  volume.ThrottledAsyncChecker (ThrottledAsyncChecker.java:schedule(139)) - Scheduling a check for org.apache.hadoop.ozone.container.common.volume.HddsVolume@79df80a4
2019-10-04 19:10:04,857 [main] INFO  volume.HddsVolumeChecker (HddsVolumeChecker.java:checkAllVolumes(202)) - Scheduled health check for volume org.apache.hadoop.ozone.container.common.volume.HddsVolume@79df80a4
2019-10-04 19:10:04,869 [main] INFO  impl.RaftServerProxy (ConfUtils.java:logGet(43)) - raft.rpc.type = GRPC (default)
2019-10-04 19:10:04,870 [main] INFO  grpc.GrpcFactory (GrpcFactory.java:checkPooledByteBufAllocatorUseCacheForAllThreads(45)) - PERFORMANCE WARNING: useCacheForAllThreads is true that may cause Netty to create a lot garbage objects and, as a result, trigger GC.
	It is recommended to disable useCacheForAllThreads by setting -Dorg.apache.ratis.thirdparty.io.netty.allocator.useCacheForAllThreads=false in command line.
2019-10-04 19:10:04,870 [main] INFO  grpc.GrpcConfigKeys$Server (ConfUtils.java:logGet(43)) - raft.grpc.server.port = 0 (default)
2019-10-04 19:10:04,870 [main] INFO  server.GrpcService (ConfUtils.java:logGet(43)) - raft.grpc.message.size.max = 33570816 (custom)
2019-10-04 19:10:04,870 [main] INFO  server.RaftServerConfigKeys (ConfUtils.java:logGet(43)) - raft.server.log.appender.buffer.byte-limit = 33554432 (custom)
2019-10-04 19:10:04,870 [main] INFO  server.GrpcService (ConfUtils.java:logGet(43)) - raft.grpc.flow.control.window = 1MB (=1048576) (default)
2019-10-04 19:10:04,871 [main] INFO  server.RaftServerConfigKeys (ConfUtils.java:logGet(43)) - raft.server.rpc.request.timeout = 3000ms (default)
2019-10-04 19:10:04,871 [main] INFO  server.RaftServerConfigKeys (ConfUtils.java:logGet(43)) - raft.server.storage.dir = [/workdir/hadoop-ozone/integration-test/target/test-dir/MiniOzoneClusterImpl-ff688d9a-9cad-4e06-a7c3-b08bdc3e7b45/datanode-2/data/ratis] (custom)
2019-10-04 19:10:04,872 [main] INFO  hdfs.DFSUtil (DFSUtil.java:httpServerTemplateForNNAndJN(1641)) - Starting Web-server for hddsDatanode at: http://0.0.0.0:0
2019-10-04 19:10:04,874 [main] INFO  server.AuthenticationFilter (AuthenticationFilter.java:constructSecretProvider(240)) - Unable to initialize FileSignerSecretProvider, falling back to use random secrets.
2019-10-04 19:10:04,875 [main] WARN  http.HttpRequestLog (HttpRequestLog.java:getRequestLog(97)) - Jetty request log can only be enabled using Log4j
2019-10-04 19:10:04,876 [main] INFO  http.HttpServer2 (HttpServer2.java:addGlobalFilter(975)) - Added global filter 'safety' (class=org.apache.hadoop.http.HttpServer2$QuotingInputFilter)
2019-10-04 19:10:04,877 [main] INFO  http.HttpServer2 (HttpServer2.java:addFilter(948)) - Added filter static_user_filter (class=org.apache.hadoop.http.lib.StaticUserWebFilter$StaticUserFilter) to context hddsDatanode
2019-10-04 19:10:04,877 [main] INFO  http.HttpServer2 (HttpServer2.java:addFilter(958)) - Added filter static_user_filter (class=org.apache.hadoop.http.lib.StaticUserWebFilter$StaticUserFilter) to context static
2019-10-04 19:10:04,877 [main] INFO  http.HttpServer2 (HttpServer2.java:addFilter(958)) - Added filter static_user_filter (class=org.apache.hadoop.http.lib.StaticUserWebFilter$StaticUserFilter) to context logs
2019-10-04 19:10:04,878 [main] INFO  http.HttpServer2 (HttpServer2.java:bindListener(1191)) - Jetty bound to port 43636
2019-10-04 19:10:04,879 [main] INFO  server.Server (Server.java:doStart(351)) - jetty-9.3.25.v20180904, build timestamp: 2018-09-04T21:11:46Z, git hash: 3ce520221d0240229c862b122d2b06c12a625732
2019-10-04 19:10:04,881 [main] INFO  handler.ContextHandler (ContextHandler.java:doStart(781)) - Started o.e.j.s.ServletContextHandler@3a4a5f3c{/logs,file:///workdir/hadoop-ozone/integration-test/target/log,AVAILABLE}
2019-10-04 19:10:04,881 [main] INFO  handler.ContextHandler (ContextHandler.java:doStart(781)) - Started o.e.j.s.ServletContextHandler@586cc15d{/static,jar:file:/home/user/.m2/repository/org/apache/hadoop/hadoop-hdds-container-service/0.5.0-SNAPSHOT/hadoop-hdds-container-service-0.5.0-SNAPSHOT.jar!/webapps/static,AVAILABLE}
2019-10-04 19:10:04,922 [main] INFO  handler.ContextHandler (ContextHandler.java:doStart(781)) - Started o.e.j.w.WebAppContext@6750e381{/,file:///tmp/jetty-0.0.0.0-43636-hddsDatanode-_-any-8233286231728891010.dir/webapp/,AVAILABLE}{/hddsDatanode}
2019-10-04 19:10:04,922 [main] INFO  server.AbstractConnector (AbstractConnector.java:doStart(278)) - Started ServerConnector@5d850a25{HTTP/1.1,[http/1.1]}{0.0.0.0:43636}
2019-10-04 19:10:04,926 [main] INFO  server.Server (Server.java:doStart(419)) - Started @204944ms
2019-10-04 19:10:04,926 [main] WARN  impl.MetricsSystemImpl (MetricsSystemImpl.java:register(276)) - Sink prometheus already exists!
2019-10-04 19:10:04,928 [main] INFO  server.BaseHttpServer (BaseHttpServer.java:updateConnectorAddress(215)) - HTTP server of HDDSDATANODE is listening at http://0.0.0.0:43636
2019-10-04 19:10:04,929 [main] INFO  impl.MetricsSystemImpl (MetricsSystemImpl.java:init(158)) - HddsDatanode metrics system started (again)
2019-10-04 19:10:04,948 [org.apache.hadoop.util.JvmPauseMonitor$Monitor@2d959114] INFO  util.JvmPauseMonitor (JvmPauseMonitor.java:run(188)) - Starting JVM pause monitor
2019-10-04 19:10:04,950 [Datanode State Machine Thread - 0] INFO  datanode.InitDatanodeState (InitDatanodeState.java:persistContainerDatanodeDetails(140)) - DatanodeDetails is persisted to /workdir/hadoop-ozone/integration-test/target/test-dir/MiniOzoneClusterImpl-ff688d9a-9cad-4e06-a7c3-b08bdc3e7b45/datanode-2/meta/datanode.id
2019-10-04 19:10:04,950 [main] INFO  ozone.HddsDatanodeService (HddsDatanodeService.java:start(184)) - HddsDatanodeService host:pr-hdds-2164-trunk-n6c85-931752109 ip:192.168.30.46
2019-10-04 19:10:04,959 [main] INFO  volume.HddsVolume (HddsVolume.java:<init>(176)) - Creating Volume: /workdir/hadoop-ozone/integration-test/target/test-dir/MiniOzoneClusterImpl-ff688d9a-9cad-4e06-a7c3-b08bdc3e7b45/datanode-3/data/containers/hdds of  storage type : DISK and capacity : 1482555576320
2019-10-04 19:10:04,960 [main] INFO  volume.VolumeSet (VolumeSet.java:initializeVolumeSet(170)) - Added Volume : /workdir/hadoop-ozone/integration-test/target/test-dir/MiniOzoneClusterImpl-ff688d9a-9cad-4e06-a7c3-b08bdc3e7b45/datanode-3/data/containers/hdds to VolumeSet
2019-10-04 19:10:04,960 [main] INFO  volume.ThrottledAsyncChecker (ThrottledAsyncChecker.java:schedule(139)) - Scheduling a check for org.apache.hadoop.ozone.container.common.volume.HddsVolume@46a8c2b4
2019-10-04 19:10:04,960 [main] INFO  volume.HddsVolumeChecker (HddsVolumeChecker.java:checkAllVolumes(202)) - Scheduled health check for volume org.apache.hadoop.ozone.container.common.volume.HddsVolume@46a8c2b4
2019-10-04 19:10:04,978 [main] INFO  impl.RaftServerProxy (ConfUtils.java:logGet(43)) - raft.rpc.type = GRPC (default)
2019-10-04 19:10:04,979 [main] INFO  grpc.GrpcFactory (GrpcFactory.java:checkPooledByteBufAllocatorUseCacheForAllThreads(45)) - PERFORMANCE WARNING: useCacheForAllThreads is true that may cause Netty to create a lot garbage objects and, as a result, trigger GC.
	It is recommended to disable useCacheForAllThreads by setting -Dorg.apache.ratis.thirdparty.io.netty.allocator.useCacheForAllThreads=false in command line.
2019-10-04 19:10:04,979 [main] INFO  grpc.GrpcConfigKeys$Server (ConfUtils.java:logGet(43)) - raft.grpc.server.port = 0 (default)
2019-10-04 19:10:04,979 [main] INFO  server.GrpcService (ConfUtils.java:logGet(43)) - raft.grpc.message.size.max = 33570816 (custom)
2019-10-04 19:10:04,980 [main] INFO  server.RaftServerConfigKeys (ConfUtils.java:logGet(43)) - raft.server.log.appender.buffer.byte-limit = 33554432 (custom)
2019-10-04 19:10:04,980 [main] INFO  server.GrpcService (ConfUtils.java:logGet(43)) - raft.grpc.flow.control.window = 1MB (=1048576) (default)
2019-10-04 19:10:04,980 [main] INFO  server.RaftServerConfigKeys (ConfUtils.java:logGet(43)) - raft.server.rpc.request.timeout = 3000ms (default)
2019-10-04 19:10:04,981 [main] INFO  server.RaftServerConfigKeys (ConfUtils.java:logGet(43)) - raft.server.storage.dir = [/workdir/hadoop-ozone/integration-test/target/test-dir/MiniOzoneClusterImpl-ff688d9a-9cad-4e06-a7c3-b08bdc3e7b45/datanode-3/data/ratis] (custom)
2019-10-04 19:10:04,982 [main] INFO  hdfs.DFSUtil (DFSUtil.java:httpServerTemplateForNNAndJN(1641)) - Starting Web-server for hddsDatanode at: http://0.0.0.0:0
2019-10-04 19:10:04,984 [main] INFO  server.AuthenticationFilter (AuthenticationFilter.java:constructSecretProvider(240)) - Unable to initialize FileSignerSecretProvider, falling back to use random secrets.
2019-10-04 19:10:04,985 [main] WARN  http.HttpRequestLog (HttpRequestLog.java:getRequestLog(97)) - Jetty request log can only be enabled using Log4j
2019-10-04 19:10:04,987 [main] INFO  http.HttpServer2 (HttpServer2.java:addGlobalFilter(975)) - Added global filter 'safety' (class=org.apache.hadoop.http.HttpServer2$QuotingInputFilter)
2019-10-04 19:10:04,988 [main] INFO  http.HttpServer2 (HttpServer2.java:addFilter(948)) - Added filter static_user_filter (class=org.apache.hadoop.http.lib.StaticUserWebFilter$StaticUserFilter) to context hddsDatanode
2019-10-04 19:10:04,988 [main] INFO  http.HttpServer2 (HttpServer2.java:addFilter(958)) - Added filter static_user_filter (class=org.apache.hadoop.http.lib.StaticUserWebFilter$StaticUserFilter) to context static
2019-10-04 19:10:04,988 [main] INFO  http.HttpServer2 (HttpServer2.java:addFilter(958)) - Added filter static_user_filter (class=org.apache.hadoop.http.lib.StaticUserWebFilter$StaticUserFilter) to context logs
2019-10-04 19:10:04,989 [main] INFO  http.HttpServer2 (HttpServer2.java:bindListener(1191)) - Jetty bound to port 34358
2019-10-04 19:10:04,989 [main] INFO  server.Server (Server.java:doStart(351)) - jetty-9.3.25.v20180904, build timestamp: 2018-09-04T21:11:46Z, git hash: 3ce520221d0240229c862b122d2b06c12a625732
2019-10-04 19:10:04,992 [main] INFO  handler.ContextHandler (ContextHandler.java:doStart(781)) - Started o.e.j.s.ServletContextHandler@2726a511{/logs,file:///workdir/hadoop-ozone/integration-test/target/log,AVAILABLE}
2019-10-04 19:10:04,992 [main] INFO  handler.ContextHandler (ContextHandler.java:doStart(781)) - Started o.e.j.s.ServletContextHandler@686cf8ad{/static,jar:file:/home/user/.m2/repository/org/apache/hadoop/hadoop-hdds-container-service/0.5.0-SNAPSHOT/hadoop-hdds-container-service-0.5.0-SNAPSHOT.jar!/webapps/static,AVAILABLE}
2019-10-04 19:10:05,031 [main] INFO  handler.ContextHandler (ContextHandler.java:doStart(781)) - Started o.e.j.w.WebAppContext@756808cc{/,file:///tmp/jetty-0.0.0.0-34358-hddsDatanode-_-any-4103084389040354018.dir/webapp/,AVAILABLE}{/hddsDatanode}
2019-10-04 19:10:05,032 [main] INFO  server.AbstractConnector (AbstractConnector.java:doStart(278)) - Started ServerConnector@52f8a6f4{HTTP/1.1,[http/1.1]}{0.0.0.0:34358}
2019-10-04 19:10:05,035 [main] INFO  server.Server (Server.java:doStart(419)) - Started @205052ms
2019-10-04 19:10:05,035 [main] WARN  impl.MetricsSystemImpl (MetricsSystemImpl.java:register(276)) - Sink prometheus already exists!
2019-10-04 19:10:05,035 [main] INFO  server.BaseHttpServer (BaseHttpServer.java:updateConnectorAddress(215)) - HTTP server of HDDSDATANODE is listening at http://0.0.0.0:34358
2019-10-04 19:10:05,036 [main] INFO  impl.MetricsSystemImpl (MetricsSystemImpl.java:init(158)) - HddsDatanode metrics system started (again)
2019-10-04 19:10:05,057 [org.apache.hadoop.util.JvmPauseMonitor$Monitor@3a84a6bd] INFO  util.JvmPauseMonitor (JvmPauseMonitor.java:run(188)) - Starting JVM pause monitor
2019-10-04 19:10:05,058 [main] INFO  ozone.HddsDatanodeService (HddsDatanodeService.java:start(184)) - HddsDatanodeService host:pr-hdds-2164-trunk-n6c85-931752109 ip:192.168.30.46
2019-10-04 19:10:05,058 [Datanode State Machine Thread - 0] INFO  datanode.InitDatanodeState (InitDatanodeState.java:persistContainerDatanodeDetails(140)) - DatanodeDetails is persisted to /workdir/hadoop-ozone/integration-test/target/test-dir/MiniOzoneClusterImpl-ff688d9a-9cad-4e06-a7c3-b08bdc3e7b45/datanode-3/meta/datanode.id
2019-10-04 19:10:05,069 [main] INFO  volume.HddsVolume (HddsVolume.java:<init>(176)) - Creating Volume: /workdir/hadoop-ozone/integration-test/target/test-dir/MiniOzoneClusterImpl-ff688d9a-9cad-4e06-a7c3-b08bdc3e7b45/datanode-4/data/containers/hdds of  storage type : DISK and capacity : 1482555576320
2019-10-04 19:10:05,069 [main] INFO  volume.VolumeSet (VolumeSet.java:initializeVolumeSet(170)) - Added Volume : /workdir/hadoop-ozone/integration-test/target/test-dir/MiniOzoneClusterImpl-ff688d9a-9cad-4e06-a7c3-b08bdc3e7b45/datanode-4/data/containers/hdds to VolumeSet
2019-10-04 19:10:05,069 [main] INFO  volume.ThrottledAsyncChecker (ThrottledAsyncChecker.java:schedule(139)) - Scheduling a check for org.apache.hadoop.ozone.container.common.volume.HddsVolume@29d070c7
2019-10-04 19:10:05,069 [main] INFO  volume.HddsVolumeChecker (HddsVolumeChecker.java:checkAllVolumes(202)) - Scheduled health check for volume org.apache.hadoop.ozone.container.common.volume.HddsVolume@29d070c7
2019-10-04 19:10:05,086 [main] INFO  impl.RaftServerProxy (ConfUtils.java:logGet(43)) - raft.rpc.type = GRPC (default)
2019-10-04 19:10:05,087 [main] INFO  grpc.GrpcFactory (GrpcFactory.java:checkPooledByteBufAllocatorUseCacheForAllThreads(45)) - PERFORMANCE WARNING: useCacheForAllThreads is true that may cause Netty to create a lot garbage objects and, as a result, trigger GC.
	It is recommended to disable useCacheForAllThreads by setting -Dorg.apache.ratis.thirdparty.io.netty.allocator.useCacheForAllThreads=false in command line.
2019-10-04 19:10:05,087 [main] INFO  grpc.GrpcConfigKeys$Server (ConfUtils.java:logGet(43)) - raft.grpc.server.port = 0 (default)
2019-10-04 19:10:05,087 [main] INFO  server.GrpcService (ConfUtils.java:logGet(43)) - raft.grpc.message.size.max = 33570816 (custom)
2019-10-04 19:10:05,087 [main] INFO  server.RaftServerConfigKeys (ConfUtils.java:logGet(43)) - raft.server.log.appender.buffer.byte-limit = 33554432 (custom)
2019-10-04 19:10:05,087 [main] INFO  server.GrpcService (ConfUtils.java:logGet(43)) - raft.grpc.flow.control.window = 1MB (=1048576) (default)
2019-10-04 19:10:05,088 [main] INFO  server.RaftServerConfigKeys (ConfUtils.java:logGet(43)) - raft.server.rpc.request.timeout = 3000ms (default)
2019-10-04 19:10:05,088 [main] INFO  server.RaftServerConfigKeys (ConfUtils.java:logGet(43)) - raft.server.storage.dir = [/workdir/hadoop-ozone/integration-test/target/test-dir/MiniOzoneClusterImpl-ff688d9a-9cad-4e06-a7c3-b08bdc3e7b45/datanode-4/data/ratis] (custom)
2019-10-04 19:10:05,094 [main] INFO  hdfs.DFSUtil (DFSUtil.java:httpServerTemplateForNNAndJN(1641)) - Starting Web-server for hddsDatanode at: http://0.0.0.0:0
2019-10-04 19:10:05,095 [main] INFO  server.AuthenticationFilter (AuthenticationFilter.java:constructSecretProvider(240)) - Unable to initialize FileSignerSecretProvider, falling back to use random secrets.
2019-10-04 19:10:05,096 [main] WARN  http.HttpRequestLog (HttpRequestLog.java:getRequestLog(97)) - Jetty request log can only be enabled using Log4j
2019-10-04 19:10:05,096 [grpc-default-executor-0] WARN  server.GrpcLogAppender (LogUtils.java:warn(134)) - 0c740033-5552-4d27-ab2d-faeb035c7a1c@group-07353A2AD167->ab77a81b-e30a-4472-9397-726189fd159d-AppendLogResponseHandler: Failed appendEntries: org.apache.ratis.thirdparty.io.grpc.StatusRuntimeException: UNAVAILABLE: io exception
2019-10-04 19:10:05,096 [grpc-default-executor-2] WARN  server.GrpcLogAppender (LogUtils.java:warn(134)) - 0c740033-5552-4d27-ab2d-faeb035c7a1c@group-07353A2AD167->1553187d-9ebc-4ae0-ad21-5383f7672836-AppendLogResponseHandler: Failed appendEntries: org.apache.ratis.thirdparty.io.grpc.StatusRuntimeException: UNAVAILABLE: io exception
2019-10-04 19:10:05,097 [grpc-default-executor-0] INFO  impl.FollowerInfo (FollowerInfo.java:lambda$new$0(51)) - 0c740033-5552-4d27-ab2d-faeb035c7a1c@group-07353A2AD167->ab77a81b-e30a-4472-9397-726189fd159d: nextIndex: updateUnconditionally 0 -> 0
2019-10-04 19:10:05,097 [grpc-default-executor-2] INFO  impl.FollowerInfo (FollowerInfo.java:lambda$new$0(51)) - 0c740033-5552-4d27-ab2d-faeb035c7a1c@group-07353A2AD167->1553187d-9ebc-4ae0-ad21-5383f7672836: nextIndex: updateUnconditionally 0 -> 0
2019-10-04 19:10:05,097 [main] INFO  http.HttpServer2 (HttpServer2.java:addGlobalFilter(975)) - Added global filter 'safety' (class=org.apache.hadoop.http.HttpServer2$QuotingInputFilter)
2019-10-04 19:10:05,098 [main] INFO  http.HttpServer2 (HttpServer2.java:addFilter(948)) - Added filter static_user_filter (class=org.apache.hadoop.http.lib.StaticUserWebFilter$StaticUserFilter) to context hddsDatanode
2019-10-04 19:10:05,098 [main] INFO  http.HttpServer2 (HttpServer2.java:addFilter(958)) - Added filter static_user_filter (class=org.apache.hadoop.http.lib.StaticUserWebFilter$StaticUserFilter) to context logs
2019-10-04 19:10:05,098 [main] INFO  http.HttpServer2 (HttpServer2.java:addFilter(958)) - Added filter static_user_filter (class=org.apache.hadoop.http.lib.StaticUserWebFilter$StaticUserFilter) to context static
2019-10-04 19:10:05,099 [main] INFO  http.HttpServer2 (HttpServer2.java:bindListener(1191)) - Jetty bound to port 38700
2019-10-04 19:10:05,099 [main] INFO  server.Server (Server.java:doStart(351)) - jetty-9.3.25.v20180904, build timestamp: 2018-09-04T21:11:46Z, git hash: 3ce520221d0240229c862b122d2b06c12a625732
2019-10-04 19:10:05,100 [main] INFO  handler.ContextHandler (ContextHandler.java:doStart(781)) - Started o.e.j.s.ServletContextHandler@2cccf134{/logs,file:///workdir/hadoop-ozone/integration-test/target/log,AVAILABLE}
2019-10-04 19:10:05,101 [main] INFO  handler.ContextHandler (ContextHandler.java:doStart(781)) - Started o.e.j.s.ServletContextHandler@743c3520{/static,jar:file:/home/user/.m2/repository/org/apache/hadoop/hadoop-hdds-container-service/0.5.0-SNAPSHOT/hadoop-hdds-container-service-0.5.0-SNAPSHOT.jar!/webapps/static,AVAILABLE}
2019-10-04 19:10:05,129 [main] INFO  handler.ContextHandler (ContextHandler.java:doStart(781)) - Started o.e.j.w.WebAppContext@2f0ccb34{/,file:///tmp/jetty-0.0.0.0-38700-hddsDatanode-_-any-3493772825218085475.dir/webapp/,AVAILABLE}{/hddsDatanode}
2019-10-04 19:10:05,130 [main] INFO  server.AbstractConnector (AbstractConnector.java:doStart(278)) - Started ServerConnector@194012a2{HTTP/1.1,[http/1.1]}{0.0.0.0:38700}
2019-10-04 19:10:05,135 [main] INFO  server.Server (Server.java:doStart(419)) - Started @205152ms
2019-10-04 19:10:05,135 [main] WARN  impl.MetricsSystemImpl (MetricsSystemImpl.java:register(276)) - Sink prometheus already exists!
2019-10-04 19:10:05,135 [main] INFO  server.BaseHttpServer (BaseHttpServer.java:updateConnectorAddress(215)) - HTTP server of HDDSDATANODE is listening at http://0.0.0.0:38700
2019-10-04 19:10:05,136 [main] INFO  impl.MetricsSystemImpl (MetricsSystemImpl.java:init(158)) - HddsDatanode metrics system started (again)
2019-10-04 19:10:05,157 [org.apache.hadoop.util.JvmPauseMonitor$Monitor@1ea45e42] INFO  util.JvmPauseMonitor (JvmPauseMonitor.java:run(188)) - Starting JVM pause monitor
2019-10-04 19:10:05,158 [main] INFO  ozone.HddsDatanodeService (HddsDatanodeService.java:start(184)) - HddsDatanodeService host:pr-hdds-2164-trunk-n6c85-931752109 ip:192.168.30.46
2019-10-04 19:10:05,158 [Datanode State Machine Thread - 0] INFO  datanode.InitDatanodeState (InitDatanodeState.java:persistContainerDatanodeDetails(140)) - DatanodeDetails is persisted to /workdir/hadoop-ozone/integration-test/target/test-dir/MiniOzoneClusterImpl-ff688d9a-9cad-4e06-a7c3-b08bdc3e7b45/datanode-4/meta/datanode.id
2019-10-04 19:10:05,168 [main] INFO  volume.HddsVolume (HddsVolume.java:<init>(176)) - Creating Volume: /workdir/hadoop-ozone/integration-test/target/test-dir/MiniOzoneClusterImpl-ff688d9a-9cad-4e06-a7c3-b08bdc3e7b45/datanode-5/data/containers/hdds of  storage type : DISK and capacity : 1482555576320
2019-10-04 19:10:05,168 [main] INFO  volume.VolumeSet (VolumeSet.java:initializeVolumeSet(170)) - Added Volume : /workdir/hadoop-ozone/integration-test/target/test-dir/MiniOzoneClusterImpl-ff688d9a-9cad-4e06-a7c3-b08bdc3e7b45/datanode-5/data/containers/hdds to VolumeSet
2019-10-04 19:10:05,168 [main] INFO  volume.ThrottledAsyncChecker (ThrottledAsyncChecker.java:schedule(139)) - Scheduling a check for org.apache.hadoop.ozone.container.common.volume.HddsVolume@5333f08f
2019-10-04 19:10:05,169 [main] INFO  volume.HddsVolumeChecker (HddsVolumeChecker.java:checkAllVolumes(202)) - Scheduled health check for volume org.apache.hadoop.ozone.container.common.volume.HddsVolume@5333f08f
2019-10-04 19:10:05,185 [main] INFO  impl.RaftServerProxy (ConfUtils.java:logGet(43)) - raft.rpc.type = GRPC (default)
2019-10-04 19:10:05,186 [main] INFO  grpc.GrpcFactory (GrpcFactory.java:checkPooledByteBufAllocatorUseCacheForAllThreads(45)) - PERFORMANCE WARNING: useCacheForAllThreads is true that may cause Netty to create a lot garbage objects and, as a result, trigger GC.
	It is recommended to disable useCacheForAllThreads by setting -Dorg.apache.ratis.thirdparty.io.netty.allocator.useCacheForAllThreads=false in command line.
2019-10-04 19:10:05,186 [main] INFO  grpc.GrpcConfigKeys$Server (ConfUtils.java:logGet(43)) - raft.grpc.server.port = 0 (default)
2019-10-04 19:10:05,186 [main] INFO  server.GrpcService (ConfUtils.java:logGet(43)) - raft.grpc.message.size.max = 33570816 (custom)
2019-10-04 19:10:05,186 [main] INFO  server.RaftServerConfigKeys (ConfUtils.java:logGet(43)) - raft.server.log.appender.buffer.byte-limit = 33554432 (custom)
2019-10-04 19:10:05,186 [main] INFO  server.GrpcService (ConfUtils.java:logGet(43)) - raft.grpc.flow.control.window = 1MB (=1048576) (default)
2019-10-04 19:10:05,187 [main] INFO  server.RaftServerConfigKeys (ConfUtils.java:logGet(43)) - raft.server.rpc.request.timeout = 3000ms (default)
2019-10-04 19:10:05,187 [main] INFO  server.RaftServerConfigKeys (ConfUtils.java:logGet(43)) - raft.server.storage.dir = [/workdir/hadoop-ozone/integration-test/target/test-dir/MiniOzoneClusterImpl-ff688d9a-9cad-4e06-a7c3-b08bdc3e7b45/datanode-5/data/ratis] (custom)
2019-10-04 19:10:05,188 [main] INFO  hdfs.DFSUtil (DFSUtil.java:httpServerTemplateForNNAndJN(1641)) - Starting Web-server for hddsDatanode at: http://0.0.0.0:0
2019-10-04 19:10:05,189 [main] INFO  server.AuthenticationFilter (AuthenticationFilter.java:constructSecretProvider(240)) - Unable to initialize FileSignerSecretProvider, falling back to use random secrets.
2019-10-04 19:10:05,190 [main] WARN  http.HttpRequestLog (HttpRequestLog.java:getRequestLog(97)) - Jetty request log can only be enabled using Log4j
2019-10-04 19:10:05,191 [main] INFO  http.HttpServer2 (HttpServer2.java:addGlobalFilter(975)) - Added global filter 'safety' (class=org.apache.hadoop.http.HttpServer2$QuotingInputFilter)
2019-10-04 19:10:05,191 [main] INFO  http.HttpServer2 (HttpServer2.java:addFilter(948)) - Added filter static_user_filter (class=org.apache.hadoop.http.lib.StaticUserWebFilter$StaticUserFilter) to context hddsDatanode
2019-10-04 19:10:05,191 [main] INFO  http.HttpServer2 (HttpServer2.java:addFilter(958)) - Added filter static_user_filter (class=org.apache.hadoop.http.lib.StaticUserWebFilter$StaticUserFilter) to context logs
2019-10-04 19:10:05,191 [main] INFO  http.HttpServer2 (HttpServer2.java:addFilter(958)) - Added filter static_user_filter (class=org.apache.hadoop.http.lib.StaticUserWebFilter$StaticUserFilter) to context static
2019-10-04 19:10:05,192 [main] INFO  http.HttpServer2 (HttpServer2.java:bindListener(1191)) - Jetty bound to port 46825
2019-10-04 19:10:05,192 [main] INFO  server.Server (Server.java:doStart(351)) - jetty-9.3.25.v20180904, build timestamp: 2018-09-04T21:11:46Z, git hash: 3ce520221d0240229c862b122d2b06c12a625732
2019-10-04 19:10:05,194 [main] INFO  handler.ContextHandler (ContextHandler.java:doStart(781)) - Started o.e.j.s.ServletContextHandler@13278a41{/logs,file:///workdir/hadoop-ozone/integration-test/target/log,AVAILABLE}
2019-10-04 19:10:05,194 [main] INFO  handler.ContextHandler (ContextHandler.java:doStart(781)) - Started o.e.j.s.ServletContextHandler@3ab595c8{/static,jar:file:/home/user/.m2/repository/org/apache/hadoop/hadoop-hdds-container-service/0.5.0-SNAPSHOT/hadoop-hdds-container-service-0.5.0-SNAPSHOT.jar!/webapps/static,AVAILABLE}
2019-10-04 19:10:05,222 [main] INFO  handler.ContextHandler (ContextHandler.java:doStart(781)) - Started o.e.j.w.WebAppContext@5c448ef{/,file:///tmp/jetty-0.0.0.0-46825-hddsDatanode-_-any-9070621089563637302.dir/webapp/,AVAILABLE}{/hddsDatanode}
2019-10-04 19:10:05,223 [main] INFO  server.AbstractConnector (AbstractConnector.java:doStart(278)) - Started ServerConnector@703e8050{HTTP/1.1,[http/1.1]}{0.0.0.0:46825}
2019-10-04 19:10:05,230 [main] INFO  server.Server (Server.java:doStart(419)) - Started @205247ms
2019-10-04 19:10:05,230 [main] WARN  impl.MetricsSystemImpl (MetricsSystemImpl.java:register(276)) - Sink prometheus already exists!
2019-10-04 19:10:05,233 [main] INFO  server.BaseHttpServer (BaseHttpServer.java:updateConnectorAddress(215)) - HTTP server of HDDSDATANODE is listening at http://0.0.0.0:46825
2019-10-04 19:10:05,234 [main] INFO  impl.MetricsSystemImpl (MetricsSystemImpl.java:init(158)) - HddsDatanode metrics system started (again)
2019-10-04 19:10:05,256 [org.apache.hadoop.util.JvmPauseMonitor$Monitor@349591db] INFO  util.JvmPauseMonitor (JvmPauseMonitor.java:run(188)) - Starting JVM pause monitor
2019-10-04 19:10:05,257 [main] INFO  ozone.HddsDatanodeService (HddsDatanodeService.java:start(184)) - HddsDatanodeService host:pr-hdds-2164-trunk-n6c85-931752109 ip:192.168.30.46
2019-10-04 19:10:05,258 [Datanode State Machine Thread - 0] INFO  datanode.InitDatanodeState (InitDatanodeState.java:persistContainerDatanodeDetails(140)) - DatanodeDetails is persisted to /workdir/hadoop-ozone/integration-test/target/test-dir/MiniOzoneClusterImpl-ff688d9a-9cad-4e06-a7c3-b08bdc3e7b45/datanode-5/meta/datanode.id
2019-10-04 19:10:05,267 [main] INFO  volume.HddsVolume (HddsVolume.java:<init>(176)) - Creating Volume: /workdir/hadoop-ozone/integration-test/target/test-dir/MiniOzoneClusterImpl-ff688d9a-9cad-4e06-a7c3-b08bdc3e7b45/datanode-6/data/containers/hdds of  storage type : DISK and capacity : 1482555576320
2019-10-04 19:10:05,268 [main] INFO  volume.VolumeSet (VolumeSet.java:initializeVolumeSet(170)) - Added Volume : /workdir/hadoop-ozone/integration-test/target/test-dir/MiniOzoneClusterImpl-ff688d9a-9cad-4e06-a7c3-b08bdc3e7b45/datanode-6/data/containers/hdds to VolumeSet
2019-10-04 19:10:05,268 [main] INFO  volume.ThrottledAsyncChecker (ThrottledAsyncChecker.java:schedule(139)) - Scheduling a check for org.apache.hadoop.ozone.container.common.volume.HddsVolume@37e7c4cc
2019-10-04 19:10:05,268 [main] INFO  volume.HddsVolumeChecker (HddsVolumeChecker.java:checkAllVolumes(202)) - Scheduled health check for volume org.apache.hadoop.ozone.container.common.volume.HddsVolume@37e7c4cc
2019-10-04 19:10:05,284 [main] INFO  impl.RaftServerProxy (ConfUtils.java:logGet(43)) - raft.rpc.type = GRPC (default)
2019-10-04 19:10:05,284 [main] INFO  grpc.GrpcFactory (GrpcFactory.java:checkPooledByteBufAllocatorUseCacheForAllThreads(45)) - PERFORMANCE WARNING: useCacheForAllThreads is true that may cause Netty to create a lot garbage objects and, as a result, trigger GC.
	It is recommended to disable useCacheForAllThreads by setting -Dorg.apache.ratis.thirdparty.io.netty.allocator.useCacheForAllThreads=false in command line.
2019-10-04 19:10:05,285 [main] INFO  grpc.GrpcConfigKeys$Server (ConfUtils.java:logGet(43)) - raft.grpc.server.port = 0 (default)
2019-10-04 19:10:05,285 [main] INFO  server.GrpcService (ConfUtils.java:logGet(43)) - raft.grpc.message.size.max = 33570816 (custom)
2019-10-04 19:10:05,285 [main] INFO  server.RaftServerConfigKeys (ConfUtils.java:logGet(43)) - raft.server.log.appender.buffer.byte-limit = 33554432 (custom)
2019-10-04 19:10:05,285 [main] INFO  server.GrpcService (ConfUtils.java:logGet(43)) - raft.grpc.flow.control.window = 1MB (=1048576) (default)
2019-10-04 19:10:05,285 [main] INFO  server.RaftServerConfigKeys (ConfUtils.java:logGet(43)) - raft.server.rpc.request.timeout = 3000ms (default)
2019-10-04 19:10:05,286 [main] INFO  server.RaftServerConfigKeys (ConfUtils.java:logGet(43)) - raft.server.storage.dir = [/workdir/hadoop-ozone/integration-test/target/test-dir/MiniOzoneClusterImpl-ff688d9a-9cad-4e06-a7c3-b08bdc3e7b45/datanode-6/data/ratis] (custom)
2019-10-04 19:10:05,288 [main] INFO  hdfs.DFSUtil (DFSUtil.java:httpServerTemplateForNNAndJN(1641)) - Starting Web-server for hddsDatanode at: http://0.0.0.0:0
2019-10-04 19:10:05,289 [main] INFO  server.AuthenticationFilter (AuthenticationFilter.java:constructSecretProvider(240)) - Unable to initialize FileSignerSecretProvider, falling back to use random secrets.
2019-10-04 19:10:05,290 [main] WARN  http.HttpRequestLog (HttpRequestLog.java:getRequestLog(97)) - Jetty request log can only be enabled using Log4j
2019-10-04 19:10:05,291 [main] INFO  http.HttpServer2 (HttpServer2.java:addGlobalFilter(975)) - Added global filter 'safety' (class=org.apache.hadoop.http.HttpServer2$QuotingInputFilter)
2019-10-04 19:10:05,292 [main] INFO  http.HttpServer2 (HttpServer2.java:addFilter(948)) - Added filter static_user_filter (class=org.apache.hadoop.http.lib.StaticUserWebFilter$StaticUserFilter) to context hddsDatanode
2019-10-04 19:10:05,292 [main] INFO  http.HttpServer2 (HttpServer2.java:addFilter(958)) - Added filter static_user_filter (class=org.apache.hadoop.http.lib.StaticUserWebFilter$StaticUserFilter) to context logs
2019-10-04 19:10:05,292 [main] INFO  http.HttpServer2 (HttpServer2.java:addFilter(958)) - Added filter static_user_filter (class=org.apache.hadoop.http.lib.StaticUserWebFilter$StaticUserFilter) to context static
2019-10-04 19:10:05,293 [main] INFO  http.HttpServer2 (HttpServer2.java:bindListener(1191)) - Jetty bound to port 33453
2019-10-04 19:10:05,293 [main] INFO  server.Server (Server.java:doStart(351)) - jetty-9.3.25.v20180904, build timestamp: 2018-09-04T21:11:46Z, git hash: 3ce520221d0240229c862b122d2b06c12a625732
2019-10-04 19:10:05,294 [main] INFO  handler.ContextHandler (ContextHandler.java:doStart(781)) - Started o.e.j.s.ServletContextHandler@46bb0bdf{/logs,file:///workdir/hadoop-ozone/integration-test/target/log,AVAILABLE}
2019-10-04 19:10:05,295 [main] INFO  handler.ContextHandler (ContextHandler.java:doStart(781)) - Started o.e.j.s.ServletContextHandler@1c84d80a{/static,jar:file:/home/user/.m2/repository/org/apache/hadoop/hadoop-hdds-container-service/0.5.0-SNAPSHOT/hadoop-hdds-container-service-0.5.0-SNAPSHOT.jar!/webapps/static,AVAILABLE}
2019-10-04 19:10:05,327 [main] INFO  handler.ContextHandler (ContextHandler.java:doStart(781)) - Started o.e.j.w.WebAppContext@4d4c1ba9{/,file:///tmp/jetty-0.0.0.0-33453-hddsDatanode-_-any-4814823641689916905.dir/webapp/,AVAILABLE}{/hddsDatanode}
2019-10-04 19:10:05,327 [main] INFO  server.AbstractConnector (AbstractConnector.java:doStart(278)) - Started ServerConnector@2017f6e6{HTTP/1.1,[http/1.1]}{0.0.0.0:33453}
2019-10-04 19:10:05,332 [main] INFO  server.Server (Server.java:doStart(419)) - Started @205349ms
2019-10-04 19:10:05,332 [main] WARN  impl.MetricsSystemImpl (MetricsSystemImpl.java:register(276)) - Sink prometheus already exists!
2019-10-04 19:10:05,333 [main] INFO  server.BaseHttpServer (BaseHttpServer.java:updateConnectorAddress(215)) - HTTP server of HDDSDATANODE is listening at http://0.0.0.0:33453
2019-10-04 19:10:05,333 [main] INFO  ozone.MiniOzoneClusterImpl (MiniOzoneClusterImpl.java:lambda$waitForClusterToBeReady$0(147)) - Waiting for cluster to be ready. Got 0 of 7 DN Heartbeats.
2019-10-04 19:10:05,335 [org.apache.hadoop.util.JvmPauseMonitor$Monitor@26380583] INFO  util.JvmPauseMonitor (JvmPauseMonitor.java:run(188)) - Starting JVM pause monitor
2019-10-04 19:10:05,336 [Datanode State Machine Thread - 0] INFO  datanode.InitDatanodeState (InitDatanodeState.java:persistContainerDatanodeDetails(140)) - DatanodeDetails is persisted to /workdir/hadoop-ozone/integration-test/target/test-dir/MiniOzoneClusterImpl-ff688d9a-9cad-4e06-a7c3-b08bdc3e7b45/datanode-6/meta/datanode.id
2019-10-04 19:10:06,334 [main] INFO  ozone.MiniOzoneClusterImpl (MiniOzoneClusterImpl.java:lambda$waitForClusterToBeReady$0(147)) - Waiting for cluster to be ready. Got 0 of 7 DN Heartbeats.
2019-10-04 19:10:06,814 [Datanode State Machine Thread - 0] INFO  ozoneimpl.OzoneContainer (OzoneContainer.java:start(217)) - Attempting to start container services.
2019-10-04 19:10:06,815 [Datanode State Machine Thread - 0] INFO  ozoneimpl.OzoneContainer (OzoneContainer.java:startContainerScrub(179)) - Background container scanner has been disabled.
2019-10-04 19:10:06,815 [Datanode State Machine Thread - 0] INFO  ratis.XceiverServerRatis (XceiverServerRatis.java:start(417)) - Starting XceiverServerRatis f8788253-f07e-441c-873f-001f69d2ed53 at port 0
2019-10-04 19:10:06,822 [Datanode State Machine Thread - 0] INFO  impl.RaftServerProxy (RaftServerProxy.java:lambda$start$3(299)) - f8788253-f07e-441c-873f-001f69d2ed53: start RPC server
2019-10-04 19:10:06,823 [Datanode State Machine Thread - 0] INFO  server.GrpcService (GrpcService.java:startImpl(158)) - f8788253-f07e-441c-873f-001f69d2ed53: GrpcService started, listening on 0.0.0.0/0.0.0.0:42356
2019-10-04 19:10:06,824 [Datanode State Machine Thread - 0] INFO  ratis.XceiverServerRatis (XceiverServerRatis.java:start(427)) - XceiverServerRatis f8788253-f07e-441c-873f-001f69d2ed53 is started using port 42356
2019-10-04 19:10:06,824 [Datanode State Machine Thread - 0] INFO  server.XceiverServerGrpc (XceiverServerGrpc.java:start(149)) - XceiverServerGrpc f8788253-f07e-441c-873f-001f69d2ed53 is started using port 42611
2019-10-04 19:10:06,873 [Datanode State Machine Thread - 0] INFO  ozoneimpl.OzoneContainer (OzoneContainer.java:start(217)) - Attempting to start container services.
2019-10-04 19:10:06,873 [Datanode State Machine Thread - 0] INFO  ozoneimpl.OzoneContainer (OzoneContainer.java:startContainerScrub(179)) - Background container scanner has been disabled.
2019-10-04 19:10:06,873 [Datanode State Machine Thread - 0] INFO  ratis.XceiverServerRatis (XceiverServerRatis.java:start(417)) - Starting XceiverServerRatis 2f04ad78-21d6-40a9-8059-e90713547566 at port 0
2019-10-04 19:10:06,880 [Datanode State Machine Thread - 0] INFO  impl.RaftServerProxy (RaftServerProxy.java:lambda$start$3(299)) - 2f04ad78-21d6-40a9-8059-e90713547566: start RPC server
2019-10-04 19:10:06,884 [Datanode State Machine Thread - 0] INFO  server.GrpcService (GrpcService.java:startImpl(158)) - 2f04ad78-21d6-40a9-8059-e90713547566: GrpcService started, listening on 0.0.0.0/0.0.0.0:39425
2019-10-04 19:10:06,885 [Datanode State Machine Thread - 0] INFO  ratis.XceiverServerRatis (XceiverServerRatis.java:start(427)) - XceiverServerRatis 2f04ad78-21d6-40a9-8059-e90713547566 is started using port 39425
2019-10-04 19:10:06,888 [Datanode State Machine Thread - 0] INFO  server.XceiverServerGrpc (XceiverServerGrpc.java:start(149)) - XceiverServerGrpc 2f04ad78-21d6-40a9-8059-e90713547566 is started using port 34062
2019-10-04 19:10:06,973 [Datanode State Machine Thread - 0] INFO  ozoneimpl.OzoneContainer (OzoneContainer.java:start(217)) - Attempting to start container services.
2019-10-04 19:10:06,974 [Datanode State Machine Thread - 0] INFO  ozoneimpl.OzoneContainer (OzoneContainer.java:startContainerScrub(179)) - Background container scanner has been disabled.
2019-10-04 19:10:06,974 [Datanode State Machine Thread - 0] INFO  ratis.XceiverServerRatis (XceiverServerRatis.java:start(417)) - Starting XceiverServerRatis 5ac667fa-b96b-4bb4-8091-e17b022e76be at port 0
2019-10-04 19:10:06,979 [Datanode State Machine Thread - 0] INFO  impl.RaftServerProxy (RaftServerProxy.java:lambda$start$3(299)) - 5ac667fa-b96b-4bb4-8091-e17b022e76be: start RPC server
2019-10-04 19:10:06,983 [Datanode State Machine Thread - 0] INFO  server.GrpcService (GrpcService.java:startImpl(158)) - 5ac667fa-b96b-4bb4-8091-e17b022e76be: GrpcService started, listening on 0.0.0.0/0.0.0.0:42563
2019-10-04 19:10:06,984 [Datanode State Machine Thread - 0] INFO  ratis.XceiverServerRatis (XceiverServerRatis.java:start(427)) - XceiverServerRatis 5ac667fa-b96b-4bb4-8091-e17b022e76be is started using port 42563
2019-10-04 19:10:06,984 [Datanode State Machine Thread - 0] INFO  server.XceiverServerGrpc (XceiverServerGrpc.java:start(149)) - XceiverServerGrpc 5ac667fa-b96b-4bb4-8091-e17b022e76be is started using port 35772
2019-10-04 19:10:07,073 [Datanode State Machine Thread - 0] INFO  ozoneimpl.OzoneContainer (OzoneContainer.java:start(217)) - Attempting to start container services.
2019-10-04 19:10:07,074 [Datanode State Machine Thread - 0] INFO  ozoneimpl.OzoneContainer (OzoneContainer.java:startContainerScrub(179)) - Background container scanner has been disabled.
2019-10-04 19:10:07,074 [Datanode State Machine Thread - 0] INFO  ratis.XceiverServerRatis (XceiverServerRatis.java:start(417)) - Starting XceiverServerRatis 186ee64a-98ca-4bb3-a60d-6aa1a982aad3 at port 0
2019-10-04 19:10:07,079 [Datanode State Machine Thread - 0] INFO  impl.RaftServerProxy (RaftServerProxy.java:lambda$start$3(299)) - 186ee64a-98ca-4bb3-a60d-6aa1a982aad3: start RPC server
2019-10-04 19:10:07,084 [Datanode State Machine Thread - 0] INFO  server.GrpcService (GrpcService.java:startImpl(158)) - 186ee64a-98ca-4bb3-a60d-6aa1a982aad3: GrpcService started, listening on 0.0.0.0/0.0.0.0:34369
2019-10-04 19:10:07,085 [Datanode State Machine Thread - 0] INFO  ratis.XceiverServerRatis (XceiverServerRatis.java:start(427)) - XceiverServerRatis 186ee64a-98ca-4bb3-a60d-6aa1a982aad3 is started using port 34369
2019-10-04 19:10:07,088 [Datanode State Machine Thread - 0] INFO  server.XceiverServerGrpc (XceiverServerGrpc.java:start(149)) - XceiverServerGrpc 186ee64a-98ca-4bb3-a60d-6aa1a982aad3 is started using port 43033
2019-10-04 19:10:07,207 [Datanode State Machine Thread - 0] INFO  ozoneimpl.OzoneContainer (OzoneContainer.java:start(217)) - Attempting to start container services.
2019-10-04 19:10:07,208 [Datanode State Machine Thread - 0] INFO  ozoneimpl.OzoneContainer (OzoneContainer.java:startContainerScrub(179)) - Background container scanner has been disabled.
2019-10-04 19:10:07,208 [Datanode State Machine Thread - 0] INFO  ratis.XceiverServerRatis (XceiverServerRatis.java:start(417)) - Starting XceiverServerRatis e2c8746f-04d7-450a-a5ce-8e7d8acae5e5 at port 0
2019-10-04 19:10:07,215 [Datanode State Machine Thread - 0] INFO  impl.RaftServerProxy (RaftServerProxy.java:lambda$start$3(299)) - e2c8746f-04d7-450a-a5ce-8e7d8acae5e5: start RPC server
2019-10-04 19:10:07,220 [Datanode State Machine Thread - 0] INFO  server.GrpcService (GrpcService.java:startImpl(158)) - e2c8746f-04d7-450a-a5ce-8e7d8acae5e5: GrpcService started, listening on 0.0.0.0/0.0.0.0:36760
2019-10-04 19:10:07,220 [Datanode State Machine Thread - 0] INFO  ratis.XceiverServerRatis (XceiverServerRatis.java:start(427)) - XceiverServerRatis e2c8746f-04d7-450a-a5ce-8e7d8acae5e5 is started using port 36760
2019-10-04 19:10:07,220 [Datanode State Machine Thread - 0] INFO  server.XceiverServerGrpc (XceiverServerGrpc.java:start(149)) - XceiverServerGrpc e2c8746f-04d7-450a-a5ce-8e7d8acae5e5 is started using port 41108
2019-10-04 19:10:07,279 [Datanode State Machine Thread - 0] INFO  ozoneimpl.OzoneContainer (OzoneContainer.java:start(217)) - Attempting to start container services.
2019-10-04 19:10:07,279 [Datanode State Machine Thread - 0] INFO  ozoneimpl.OzoneContainer (OzoneContainer.java:startContainerScrub(179)) - Background container scanner has been disabled.
2019-10-04 19:10:07,279 [Datanode State Machine Thread - 0] INFO  ratis.XceiverServerRatis (XceiverServerRatis.java:start(417)) - Starting XceiverServerRatis c56b8268-e928-47ca-a683-df8d3007b982 at port 0
2019-10-04 19:10:07,286 [Datanode State Machine Thread - 0] INFO  impl.RaftServerProxy (RaftServerProxy.java:lambda$start$3(299)) - c56b8268-e928-47ca-a683-df8d3007b982: start RPC server
2019-10-04 19:10:07,292 [Datanode State Machine Thread - 0] INFO  server.GrpcService (GrpcService.java:startImpl(158)) - c56b8268-e928-47ca-a683-df8d3007b982: GrpcService started, listening on 0.0.0.0/0.0.0.0:33788
2019-10-04 19:10:07,292 [Datanode State Machine Thread - 0] INFO  ratis.XceiverServerRatis (XceiverServerRatis.java:start(427)) - XceiverServerRatis c56b8268-e928-47ca-a683-df8d3007b982 is started using port 33788
2019-10-04 19:10:07,320 [Datanode State Machine Thread - 0] INFO  server.XceiverServerGrpc (XceiverServerGrpc.java:start(149)) - XceiverServerGrpc c56b8268-e928-47ca-a683-df8d3007b982 is started using port 43902
2019-10-04 19:10:07,335 [main] INFO  ozone.MiniOzoneClusterImpl (MiniOzoneClusterImpl.java:lambda$waitForClusterToBeReady$0(147)) - Waiting for cluster to be ready. Got 0 of 7 DN Heartbeats.
2019-10-04 19:10:07,345 [Datanode State Machine Thread - 0] INFO  ozoneimpl.OzoneContainer (OzoneContainer.java:start(217)) - Attempting to start container services.
2019-10-04 19:10:07,345 [Datanode State Machine Thread - 0] INFO  ozoneimpl.OzoneContainer (OzoneContainer.java:startContainerScrub(179)) - Background container scanner has been disabled.
2019-10-04 19:10:07,345 [Datanode State Machine Thread - 0] INFO  ratis.XceiverServerRatis (XceiverServerRatis.java:start(417)) - Starting XceiverServerRatis 305894a3-3ceb-4f1b-8a7b-c33e533b74de at port 0
2019-10-04 19:10:07,352 [Datanode State Machine Thread - 0] INFO  impl.RaftServerProxy (RaftServerProxy.java:lambda$start$3(299)) - 305894a3-3ceb-4f1b-8a7b-c33e533b74de: start RPC server
2019-10-04 19:10:07,355 [Datanode State Machine Thread - 0] INFO  server.GrpcService (GrpcService.java:startImpl(158)) - 305894a3-3ceb-4f1b-8a7b-c33e533b74de: GrpcService started, listening on 0.0.0.0/0.0.0.0:37757
2019-10-04 19:10:07,355 [Datanode State Machine Thread - 0] INFO  ratis.XceiverServerRatis (XceiverServerRatis.java:start(427)) - XceiverServerRatis 305894a3-3ceb-4f1b-8a7b-c33e533b74de is started using port 37757
2019-10-04 19:10:07,363 [Datanode State Machine Thread - 0] INFO  server.XceiverServerGrpc (XceiverServerGrpc.java:start(149)) - XceiverServerGrpc 305894a3-3ceb-4f1b-8a7b-c33e533b74de is started using port 33723
2019-10-04 19:10:07,597 [grpc-default-executor-2] WARN  server.GrpcLogAppender (LogUtils.java:warn(134)) - 0c740033-5552-4d27-ab2d-faeb035c7a1c@group-07353A2AD167->1553187d-9ebc-4ae0-ad21-5383f7672836-AppendLogResponseHandler: Failed appendEntries: org.apache.ratis.thirdparty.io.grpc.StatusRuntimeException: UNAVAILABLE: io exception
2019-10-04 19:10:07,597 [grpc-default-executor-1] WARN  server.GrpcLogAppender (LogUtils.java:warn(134)) - 0c740033-5552-4d27-ab2d-faeb035c7a1c@group-07353A2AD167->ab77a81b-e30a-4472-9397-726189fd159d-AppendLogResponseHandler: Failed appendEntries: org.apache.ratis.thirdparty.io.grpc.StatusRuntimeException: UNAVAILABLE: io exception
2019-10-04 19:10:07,598 [grpc-default-executor-2] INFO  impl.FollowerInfo (FollowerInfo.java:lambda$new$0(51)) - 0c740033-5552-4d27-ab2d-faeb035c7a1c@group-07353A2AD167->1553187d-9ebc-4ae0-ad21-5383f7672836: nextIndex: updateUnconditionally 0 -> 0
2019-10-04 19:10:07,598 [grpc-default-executor-1] INFO  impl.FollowerInfo (FollowerInfo.java:lambda$new$0(51)) - 0c740033-5552-4d27-ab2d-faeb035c7a1c@group-07353A2AD167->ab77a81b-e30a-4472-9397-726189fd159d: nextIndex: updateUnconditionally 0 -> 0
2019-10-04 19:10:08,335 [main] INFO  ozone.MiniOzoneClusterImpl (MiniOzoneClusterImpl.java:lambda$waitForClusterToBeReady$0(147)) - Waiting for cluster to be ready. Got 0 of 7 DN Heartbeats.
2019-10-04 19:10:08,765 [IPC Server handler 0 on 44728] INFO  net.NetworkTopology (NetworkTopologyImpl.java:add(111)) - Added a new node: /default-rack/f8788253-f07e-441c-873f-001f69d2ed53
2019-10-04 19:10:08,770 [IPC Server handler 0 on 44728] INFO  node.SCMNodeManager (SCMNodeManager.java:register(268)) - Registered Data node : f8788253-f07e-441c-873f-001f69d2ed53{ip: 192.168.30.46, host: pr-hdds-2164-trunk-n6c85-931752109, networkLocation: /default-rack, certSerialId: null}
2019-10-04 19:10:08,771 [EventQueue-NodeRegistrationContainerReportForDataNodeSafeModeRule] INFO  safemode.SCMSafeModeManager (DataNodeSafeModeRule.java:process(71)) - SCM in safe mode. 1 DataNodes registered, 1 required.
2019-10-04 19:10:08,775 [EventQueue-NodeRegistrationContainerReportForDataNodeSafeModeRule] INFO  safemode.SCMSafeModeManager (SCMSafeModeManager.java:validateSafeModeExitRules(177)) - ScmSafeModeManager, all rules are successfully validated
2019-10-04 19:10:08,775 [EventQueue-NodeRegistrationContainerReportForDataNodeSafeModeRule] INFO  safemode.SCMSafeModeManager (SCMSafeModeManager.java:exitSafeMode(193)) - SCM exiting safe mode.
2019-10-04 19:10:08,789 [grpc-default-executor-1] INFO  impl.RaftServerProxy (RaftServerProxy.java:addNew(89)) - f8788253-f07e-441c-873f-001f69d2ed53: addNew group-3E3AB9C6DBA8:[f8788253-f07e-441c-873f-001f69d2ed53:192.168.30.46:42356] returns group-3E3AB9C6DBA8:java.util.concurrent.CompletableFuture@48a60387[Not completed]
2019-10-04 19:10:08,791 [pool-383-thread-1] INFO  impl.RaftServerImpl (RaftServerImpl.java:<init>(95)) - f8788253-f07e-441c-873f-001f69d2ed53: new RaftServerImpl for group-3E3AB9C6DBA8:[f8788253-f07e-441c-873f-001f69d2ed53:192.168.30.46:42356] with ContainerStateMachine:uninitialized
2019-10-04 19:10:08,791 [pool-383-thread-1] INFO  server.RaftServerConfigKeys (ConfUtils.java:logGet(43)) - raft.server.rpc.timeout.min = 5s (custom)
2019-10-04 19:10:08,791 [pool-383-thread-1] INFO  server.RaftServerConfigKeys (ConfUtils.java:logGet(43)) - raft.server.rpc.timeout.max = 5200ms (custom)
2019-10-04 19:10:08,792 [pool-383-thread-1] INFO  server.RaftServerConfigKeys (ConfUtils.java:logGet(43)) - raft.server.rpcslowness.timeout = 120s (custom)
2019-10-04 19:10:08,792 [pool-383-thread-1] INFO  server.RaftServerConfigKeys (ConfUtils.java:logGet(43)) - raft.server.sleep.deviation.threshold = 300 (default)
2019-10-04 19:10:08,792 [pool-383-thread-1] INFO  server.RaftServerConfigKeys (ConfUtils.java:logGet(43)) - raft.server.log.appender.install.snapshot.enabled = false (custom)
2019-10-04 19:10:08,792 [pool-383-thread-1] INFO  impl.RaftServerImpl (ServerState.java:<init>(103)) - f8788253-f07e-441c-873f-001f69d2ed53@group-3E3AB9C6DBA8: ConfigurationManager, init=-1: [f8788253-f07e-441c-873f-001f69d2ed53:192.168.30.46:42356], old=null, confs=<EMPTY_MAP>
2019-10-04 19:10:08,792 [pool-383-thread-1] INFO  server.RaftServerConfigKeys (ConfUtils.java:logGet(43)) - raft.server.storage.dir = [/workdir/hadoop-ozone/integration-test/target/test-dir/MiniOzoneClusterImpl-ff688d9a-9cad-4e06-a7c3-b08bdc3e7b45/datanode-0/data/ratis] (custom)
2019-10-04 19:10:08,793 [pool-383-thread-1] INFO  server.RaftServerConfigKeys (ConfUtils.java:logGet(43)) - raft.server.log.corruption.policy = EXCEPTION (default)
2019-10-04 19:10:08,793 [pool-383-thread-1] INFO  storage.RaftStorageDirectory (RaftStorageDirectory.java:analyzeStorage(246)) - The storage directory /workdir/hadoop-ozone/integration-test/target/test-dir/MiniOzoneClusterImpl-ff688d9a-9cad-4e06-a7c3-b08bdc3e7b45/datanode-0/data/ratis/749072aa-cf76-43e3-b420-3e3ab9c6dba8 does not exist. Creating ...
2019-10-04 19:10:08,816 [pool-383-thread-1] INFO  storage.RaftStorageDirectory (RaftStorageDirectory.java:tryLock(328)) - Lock on /workdir/hadoop-ozone/integration-test/target/test-dir/MiniOzoneClusterImpl-ff688d9a-9cad-4e06-a7c3-b08bdc3e7b45/datanode-0/data/ratis/749072aa-cf76-43e3-b420-3e3ab9c6dba8/in_use.lock acquired by nodename 773@pr-hdds-2164-trunk-n6c85-931752109
2019-10-04 19:10:08,840 [pool-383-thread-1] INFO  storage.RaftStorage (RaftStorage.java:format(84)) - Storage directory /workdir/hadoop-ozone/integration-test/target/test-dir/MiniOzoneClusterImpl-ff688d9a-9cad-4e06-a7c3-b08bdc3e7b45/datanode-0/data/ratis/749072aa-cf76-43e3-b420-3e3ab9c6dba8 has been successfully formatted.
2019-10-04 19:10:08,840 [pool-383-thread-1] INFO  ratis.ContainerStateMachine (ContainerStateMachine.java:loadSnapshot(230)) - group-3E3AB9C6DBA8: The snapshot info is null. Setting the last applied indexto:(t:0, i:~)
2019-10-04 19:10:08,840 [pool-383-thread-1] INFO  server.RaftServerConfigKeys (ConfUtils.java:logGet(43)) - raft.server.notification.no-leader.timeout = 120s (custom)
2019-10-04 19:10:08,840 [pool-383-thread-1] INFO  server.RaftServerConfigKeys (ConfUtils.java:logGet(43)) - raft.server.log.use.memory = false (default)
2019-10-04 19:10:08,840 [pool-383-thread-1] INFO  server.RaftServerConfigKeys (ConfUtils.java:logGet(43)) - raft.server.log.purge.gap = 1000000 (custom)
2019-10-04 19:10:08,840 [pool-383-thread-1] INFO  server.RaftServerConfigKeys (ConfUtils.java:logGet(43)) - raft.server.log.appender.buffer.byte-limit = 33554432 (custom)
2019-10-04 19:10:08,841 [pool-383-thread-1] INFO  server.RaftServerConfigKeys (ConfUtils.java:logGet(43)) - raft.server.log.segment.size.max = 1048576 (custom)
2019-10-04 19:10:08,843 [pool-383-thread-1] INFO  server.RaftServerConfigKeys (ConfUtils.java:logGet(43)) - raft.server.log.segment.cache.num.max = 2 (custom)
2019-10-04 19:10:08,843 [pool-383-thread-1] INFO  segmented.SegmentedRaftLogWorker (SegmentedRaftLogWorker.java:<init>(173)) - new f8788253-f07e-441c-873f-001f69d2ed53@group-3E3AB9C6DBA8-SegmentedRaftLogWorker for RaftStorage:Storage Directory /workdir/hadoop-ozone/integration-test/target/test-dir/MiniOzoneClusterImpl-ff688d9a-9cad-4e06-a7c3-b08bdc3e7b45/datanode-0/data/ratis/749072aa-cf76-43e3-b420-3e3ab9c6dba8
2019-10-04 19:10:08,843 [pool-383-thread-1] INFO  server.RaftServerConfigKeys (ConfUtils.java:logGet(43)) - raft.server.log.queue.byte-limit = 2147483647 (custom)
2019-10-04 19:10:08,843 [pool-383-thread-1] INFO  server.RaftServerConfigKeys (ConfUtils.java:logGet(43)) - raft.server.log.queue.element-limit = 1024 (custom)
2019-10-04 19:10:08,843 [pool-383-thread-1] INFO  server.RaftServerConfigKeys (ConfUtils.java:logGet(43)) - raft.server.log.segment.size.max = 1048576 (custom)
2019-10-04 19:10:08,843 [pool-383-thread-1] INFO  server.RaftServerConfigKeys (ConfUtils.java:logGet(43)) - raft.server.log.preallocated.size = 16384 (custom)
2019-10-04 19:10:08,843 [pool-383-thread-1] INFO  server.RaftServerConfigKeys (ConfUtils.java:logGet(43)) - raft.server.log.write.buffer.size = 33554432 (custom)
2019-10-04 19:10:08,844 [pool-383-thread-1] INFO  server.RaftServerConfigKeys (ConfUtils.java:logGet(43)) - raft.server.log.force.sync.num = 128 (default)
2019-10-04 19:10:08,844 [pool-383-thread-1] INFO  server.RaftServerConfigKeys (ConfUtils.java:logGet(43)) - raft.server.log.statemachine.data.sync = true (default)
2019-10-04 19:10:08,844 [pool-383-thread-1] INFO  server.RaftServerConfigKeys (ConfUtils.java:logGet(43)) - raft.server.log.statemachine.data.sync.timeout = 10s (default)
2019-10-04 19:10:08,844 [pool-383-thread-1] INFO  server.RaftServerConfigKeys (ConfUtils.java:logGet(43)) - raft.server.log.statemachine.data.sync.timeout.retry = -1 (default)
2019-10-04 19:10:08,845 [pool-383-thread-1] INFO  server.RaftServerConfigKeys (ConfUtils.java:logGet(43)) - raft.server.log.statemachine.data.caching.enabled = true (custom)
2019-10-04 19:10:08,845 [pool-383-thread-1] INFO  segmented.SegmentedRaftLogWorker (SegmentedRaftLogWorker.java:lambda$new$0(128)) - f8788253-f07e-441c-873f-001f69d2ed53@group-3E3AB9C6DBA8-SegmentedRaftLogWorker: flushIndex: setUnconditionally 0 -> -1
2019-10-04 19:10:08,845 [IPC Server handler 1 on 44728] INFO  net.NetworkTopology (NetworkTopologyImpl.java:add(111)) - Added a new node: /default-rack/2f04ad78-21d6-40a9-8059-e90713547566
2019-10-04 19:10:08,845 [IPC Server handler 1 on 44728] INFO  node.SCMNodeManager (SCMNodeManager.java:register(268)) - Registered Data node : 2f04ad78-21d6-40a9-8059-e90713547566{ip: 192.168.30.46, host: pr-hdds-2164-trunk-n6c85-931752109, networkLocation: /default-rack, certSerialId: null}
2019-10-04 19:10:08,845 [pool-383-thread-1] INFO  server.RaftServerConfigKeys (ConfUtils.java:logGet(43)) - raft.server.snapshot.auto.trigger.enabled = true (custom)
2019-10-04 19:10:08,846 [pool-383-thread-1] INFO  server.RaftServerConfigKeys (ConfUtils.java:logGet(43)) - raft.server.snapshot.auto.trigger.threshold = 10000 (custom)
2019-10-04 19:10:08,846 [pool-383-thread-1] INFO  server.RaftServerConfigKeys (ConfUtils.java:logGet(43)) - raft.server.snapshot.retention.file.num = 5 (custom)
2019-10-04 19:10:08,846 [pool-383-thread-1] INFO  server.RaftServerConfigKeys (ConfUtils.java:logGet(43)) - raft.server.retrycache.expirytime = 600000ms (custom)
2019-10-04 19:10:08,848 [pool-383-thread-1] INFO  impl.RaftServerImpl (RaftServerImpl.java:start(181)) - f8788253-f07e-441c-873f-001f69d2ed53@group-3E3AB9C6DBA8: start as a follower, conf=-1: [f8788253-f07e-441c-873f-001f69d2ed53:192.168.30.46:42356], old=null
2019-10-04 19:10:08,848 [pool-383-thread-1] INFO  impl.RaftServerImpl (RaftServerImpl.java:setRole(170)) - f8788253-f07e-441c-873f-001f69d2ed53@group-3E3AB9C6DBA8: changes role from      null to FOLLOWER at term 0 for startAsFollower
2019-10-04 19:10:08,848 [pool-383-thread-1] INFO  impl.RoleInfo (RoleInfo.java:updateAndGet(143)) - f8788253-f07e-441c-873f-001f69d2ed53: start FollowerState
2019-10-04 19:10:08,849 [pool-383-thread-1] INFO  util.JmxRegister (JmxRegister.java:tryRegister(44)) - Successfully registered JMX Bean with object name Ratis:service=RaftServer,group=group-3E3AB9C6DBA8,id=f8788253-f07e-441c-873f-001f69d2ed53
2019-10-04 19:10:08,857 [RatisPipelineUtilsThread] INFO  pipeline.PipelineStateManager (PipelineStateManager.java:addPipeline(56)) - Created pipeline Pipeline[ Id: 749072aa-cf76-43e3-b420-3e3ab9c6dba8, Nodes: f8788253-f07e-441c-873f-001f69d2ed53{ip: 192.168.30.46, host: pr-hdds-2164-trunk-n6c85-931752109, networkLocation: /default-rack, certSerialId: null}, Type:RATIS, Factor:ONE, State:OPEN]
2019-10-04 19:10:08,869 [grpc-default-executor-1] INFO  impl.RaftServerProxy (RaftServerProxy.java:addNew(89)) - 2f04ad78-21d6-40a9-8059-e90713547566: addNew group-7B5AE0C66486:[2f04ad78-21d6-40a9-8059-e90713547566:192.168.30.46:39425] returns group-7B5AE0C66486:java.util.concurrent.CompletableFuture@558b57fc[Not completed]
2019-10-04 19:10:08,870 [pool-393-thread-1] INFO  impl.RaftServerImpl (RaftServerImpl.java:<init>(95)) - 2f04ad78-21d6-40a9-8059-e90713547566: new RaftServerImpl for group-7B5AE0C66486:[2f04ad78-21d6-40a9-8059-e90713547566:192.168.30.46:39425] with ContainerStateMachine:uninitialized
2019-10-04 19:10:08,870 [pool-393-thread-1] INFO  server.RaftServerConfigKeys (ConfUtils.java:logGet(43)) - raft.server.rpc.timeout.min = 5s (custom)
2019-10-04 19:10:08,870 [pool-393-thread-1] INFO  server.RaftServerConfigKeys (ConfUtils.java:logGet(43)) - raft.server.rpc.timeout.max = 5200ms (custom)
2019-10-04 19:10:08,870 [pool-393-thread-1] INFO  server.RaftServerConfigKeys (ConfUtils.java:logGet(43)) - raft.server.rpcslowness.timeout = 120s (custom)
2019-10-04 19:10:08,871 [pool-393-thread-1] INFO  server.RaftServerConfigKeys (ConfUtils.java:logGet(43)) - raft.server.sleep.deviation.threshold = 300 (default)
2019-10-04 19:10:08,871 [pool-393-thread-1] INFO  server.RaftServerConfigKeys (ConfUtils.java:logGet(43)) - raft.server.log.appender.install.snapshot.enabled = false (custom)
2019-10-04 19:10:08,871 [pool-393-thread-1] INFO  impl.RaftServerImpl (ServerState.java:<init>(103)) - 2f04ad78-21d6-40a9-8059-e90713547566@group-7B5AE0C66486: ConfigurationManager, init=-1: [2f04ad78-21d6-40a9-8059-e90713547566:192.168.30.46:39425], old=null, confs=<EMPTY_MAP>
2019-10-04 19:10:08,871 [pool-393-thread-1] INFO  server.RaftServerConfigKeys (ConfUtils.java:logGet(43)) - raft.server.storage.dir = [/workdir/hadoop-ozone/integration-test/target/test-dir/MiniOzoneClusterImpl-ff688d9a-9cad-4e06-a7c3-b08bdc3e7b45/datanode-1/data/ratis] (custom)
2019-10-04 19:10:08,871 [pool-393-thread-1] INFO  server.RaftServerConfigKeys (ConfUtils.java:logGet(43)) - raft.server.log.corruption.policy = EXCEPTION (default)
2019-10-04 19:10:08,872 [pool-393-thread-1] INFO  storage.RaftStorageDirectory (RaftStorageDirectory.java:analyzeStorage(246)) - The storage directory /workdir/hadoop-ozone/integration-test/target/test-dir/MiniOzoneClusterImpl-ff688d9a-9cad-4e06-a7c3-b08bdc3e7b45/datanode-1/data/ratis/7a630eac-7e88-4750-b960-7b5ae0c66486 does not exist. Creating ...
2019-10-04 19:10:08,891 [pool-393-thread-1] INFO  storage.RaftStorageDirectory (RaftStorageDirectory.java:tryLock(328)) - Lock on /workdir/hadoop-ozone/integration-test/target/test-dir/MiniOzoneClusterImpl-ff688d9a-9cad-4e06-a7c3-b08bdc3e7b45/datanode-1/data/ratis/7a630eac-7e88-4750-b960-7b5ae0c66486/in_use.lock acquired by nodename 773@pr-hdds-2164-trunk-n6c85-931752109
2019-10-04 19:10:08,912 [pool-393-thread-1] INFO  storage.RaftStorage (RaftStorage.java:format(84)) - Storage directory /workdir/hadoop-ozone/integration-test/target/test-dir/MiniOzoneClusterImpl-ff688d9a-9cad-4e06-a7c3-b08bdc3e7b45/datanode-1/data/ratis/7a630eac-7e88-4750-b960-7b5ae0c66486 has been successfully formatted.
2019-10-04 19:10:08,912 [pool-393-thread-1] INFO  ratis.ContainerStateMachine (ContainerStateMachine.java:loadSnapshot(230)) - group-7B5AE0C66486: The snapshot info is null. Setting the last applied indexto:(t:0, i:~)
2019-10-04 19:10:08,912 [pool-393-thread-1] INFO  server.RaftServerConfigKeys (ConfUtils.java:logGet(43)) - raft.server.notification.no-leader.timeout = 120s (custom)
2019-10-04 19:10:08,912 [pool-393-thread-1] INFO  server.RaftServerConfigKeys (ConfUtils.java:logGet(43)) - raft.server.log.use.memory = false (default)
2019-10-04 19:10:08,912 [pool-393-thread-1] INFO  server.RaftServerConfigKeys (ConfUtils.java:logGet(43)) - raft.server.log.purge.gap = 1000000 (custom)
2019-10-04 19:10:08,913 [pool-393-thread-1] INFO  server.RaftServerConfigKeys (ConfUtils.java:logGet(43)) - raft.server.log.appender.buffer.byte-limit = 33554432 (custom)
2019-10-04 19:10:08,913 [pool-393-thread-1] INFO  server.RaftServerConfigKeys (ConfUtils.java:logGet(43)) - raft.server.log.segment.size.max = 1048576 (custom)
2019-10-04 19:10:08,914 [pool-393-thread-1] INFO  server.RaftServerConfigKeys (ConfUtils.java:logGet(43)) - raft.server.log.segment.cache.num.max = 2 (custom)
2019-10-04 19:10:08,915 [pool-393-thread-1] INFO  segmented.SegmentedRaftLogWorker (SegmentedRaftLogWorker.java:<init>(173)) - new 2f04ad78-21d6-40a9-8059-e90713547566@group-7B5AE0C66486-SegmentedRaftLogWorker for RaftStorage:Storage Directory /workdir/hadoop-ozone/integration-test/target/test-dir/MiniOzoneClusterImpl-ff688d9a-9cad-4e06-a7c3-b08bdc3e7b45/datanode-1/data/ratis/7a630eac-7e88-4750-b960-7b5ae0c66486
2019-10-04 19:10:08,915 [pool-393-thread-1] INFO  server.RaftServerConfigKeys (ConfUtils.java:logGet(43)) - raft.server.log.queue.byte-limit = 2147483647 (custom)
2019-10-04 19:10:08,915 [pool-393-thread-1] INFO  server.RaftServerConfigKeys (ConfUtils.java:logGet(43)) - raft.server.log.queue.element-limit = 1024 (custom)
2019-10-04 19:10:08,915 [pool-393-thread-1] INFO  server.RaftServerConfigKeys (ConfUtils.java:logGet(43)) - raft.server.log.segment.size.max = 1048576 (custom)
2019-10-04 19:10:08,915 [pool-393-thread-1] INFO  server.RaftServerConfigKeys (ConfUtils.java:logGet(43)) - raft.server.log.preallocated.size = 16384 (custom)
2019-10-04 19:10:08,915 [pool-393-thread-1] INFO  server.RaftServerConfigKeys (ConfUtils.java:logGet(43)) - raft.server.log.write.buffer.size = 33554432 (custom)
2019-10-04 19:10:08,915 [pool-393-thread-1] INFO  server.RaftServerConfigKeys (ConfUtils.java:logGet(43)) - raft.server.log.force.sync.num = 128 (default)
2019-10-04 19:10:08,916 [pool-393-thread-1] INFO  server.RaftServerConfigKeys (ConfUtils.java:logGet(43)) - raft.server.log.statemachine.data.sync = true (default)
2019-10-04 19:10:08,916 [pool-393-thread-1] INFO  server.RaftServerConfigKeys (ConfUtils.java:logGet(43)) - raft.server.log.statemachine.data.sync.timeout = 10s (default)
2019-10-04 19:10:08,916 [pool-393-thread-1] INFO  server.RaftServerConfigKeys (ConfUtils.java:logGet(43)) - raft.server.log.statemachine.data.sync.timeout.retry = -1 (default)
2019-10-04 19:10:08,916 [pool-393-thread-1] INFO  server.RaftServerConfigKeys (ConfUtils.java:logGet(43)) - raft.server.log.statemachine.data.caching.enabled = true (custom)
2019-10-04 19:10:08,916 [pool-393-thread-1] INFO  segmented.SegmentedRaftLogWorker (SegmentedRaftLogWorker.java:lambda$new$0(128)) - 2f04ad78-21d6-40a9-8059-e90713547566@group-7B5AE0C66486-SegmentedRaftLogWorker: flushIndex: setUnconditionally 0 -> -1
2019-10-04 19:10:08,917 [pool-393-thread-1] INFO  server.RaftServerConfigKeys (ConfUtils.java:logGet(43)) - raft.server.snapshot.auto.trigger.enabled = true (custom)
2019-10-04 19:10:08,917 [pool-393-thread-1] INFO  server.RaftServerConfigKeys (ConfUtils.java:logGet(43)) - raft.server.snapshot.auto.trigger.threshold = 10000 (custom)
2019-10-04 19:10:08,917 [pool-393-thread-1] INFO  server.RaftServerConfigKeys (ConfUtils.java:logGet(43)) - raft.server.snapshot.retention.file.num = 5 (custom)
2019-10-04 19:10:08,917 [pool-393-thread-1] INFO  server.RaftServerConfigKeys (ConfUtils.java:logGet(43)) - raft.server.retrycache.expirytime = 600000ms (custom)
2019-10-04 19:10:08,919 [pool-393-thread-1] INFO  impl.RaftServerImpl (RaftServerImpl.java:start(181)) - 2f04ad78-21d6-40a9-8059-e90713547566@group-7B5AE0C66486: start as a follower, conf=-1: [2f04ad78-21d6-40a9-8059-e90713547566:192.168.30.46:39425], old=null
2019-10-04 19:10:08,919 [pool-393-thread-1] INFO  impl.RaftServerImpl (RaftServerImpl.java:setRole(170)) - 2f04ad78-21d6-40a9-8059-e90713547566@group-7B5AE0C66486: changes role from      null to FOLLOWER at term 0 for startAsFollower
2019-10-04 19:10:08,919 [pool-393-thread-1] INFO  impl.RoleInfo (RoleInfo.java:updateAndGet(143)) - 2f04ad78-21d6-40a9-8059-e90713547566: start FollowerState
2019-10-04 19:10:08,919 [pool-393-thread-1] INFO  util.JmxRegister (JmxRegister.java:tryRegister(44)) - Successfully registered JMX Bean with object name Ratis:service=RaftServer,group=group-7B5AE0C66486,id=2f04ad78-21d6-40a9-8059-e90713547566
2019-10-04 19:10:08,928 [RatisPipelineUtilsThread] INFO  pipeline.PipelineStateManager (PipelineStateManager.java:addPipeline(56)) - Created pipeline Pipeline[ Id: 7a630eac-7e88-4750-b960-7b5ae0c66486, Nodes: 2f04ad78-21d6-40a9-8059-e90713547566{ip: 192.168.30.46, host: pr-hdds-2164-trunk-n6c85-931752109, networkLocation: /default-rack, certSerialId: null}, Type:RATIS, Factor:ONE, State:OPEN]
2019-10-04 19:10:08,949 [IPC Server handler 2 on 44728] INFO  net.NetworkTopology (NetworkTopologyImpl.java:add(111)) - Added a new node: /default-rack/5ac667fa-b96b-4bb4-8091-e17b022e76be
2019-10-04 19:10:08,949 [IPC Server handler 2 on 44728] INFO  node.SCMNodeManager (SCMNodeManager.java:register(268)) - Registered Data node : 5ac667fa-b96b-4bb4-8091-e17b022e76be{ip: 192.168.30.46, host: pr-hdds-2164-trunk-n6c85-931752109, networkLocation: /default-rack, certSerialId: null}
2019-10-04 19:10:08,960 [grpc-default-executor-1] INFO  impl.RaftServerProxy (RaftServerProxy.java:addNew(89)) - 5ac667fa-b96b-4bb4-8091-e17b022e76be: addNew group-306FF06E3764:[5ac667fa-b96b-4bb4-8091-e17b022e76be:192.168.30.46:42563] returns group-306FF06E3764:java.util.concurrent.CompletableFuture@3ef872cc[Not completed]
2019-10-04 19:10:08,961 [pool-403-thread-1] INFO  impl.RaftServerImpl (RaftServerImpl.java:<init>(95)) - 5ac667fa-b96b-4bb4-8091-e17b022e76be: new RaftServerImpl for group-306FF06E3764:[5ac667fa-b96b-4bb4-8091-e17b022e76be:192.168.30.46:42563] with ContainerStateMachine:uninitialized
2019-10-04 19:10:08,962 [pool-403-thread-1] INFO  server.RaftServerConfigKeys (ConfUtils.java:logGet(43)) - raft.server.rpc.timeout.min = 5s (custom)
2019-10-04 19:10:08,962 [pool-403-thread-1] INFO  server.RaftServerConfigKeys (ConfUtils.java:logGet(43)) - raft.server.rpc.timeout.max = 5200ms (custom)
2019-10-04 19:10:08,962 [pool-403-thread-1] INFO  server.RaftServerConfigKeys (ConfUtils.java:logGet(43)) - raft.server.rpcslowness.timeout = 120s (custom)
2019-10-04 19:10:08,962 [pool-403-thread-1] INFO  server.RaftServerConfigKeys (ConfUtils.java:logGet(43)) - raft.server.sleep.deviation.threshold = 300 (default)
2019-10-04 19:10:08,962 [pool-403-thread-1] INFO  server.RaftServerConfigKeys (ConfUtils.java:logGet(43)) - raft.server.log.appender.install.snapshot.enabled = false (custom)
2019-10-04 19:10:08,962 [pool-403-thread-1] INFO  impl.RaftServerImpl (ServerState.java:<init>(103)) - 5ac667fa-b96b-4bb4-8091-e17b022e76be@group-306FF06E3764: ConfigurationManager, init=-1: [5ac667fa-b96b-4bb4-8091-e17b022e76be:192.168.30.46:42563], old=null, confs=<EMPTY_MAP>
2019-10-04 19:10:08,963 [pool-403-thread-1] INFO  server.RaftServerConfigKeys (ConfUtils.java:logGet(43)) - raft.server.storage.dir = [/workdir/hadoop-ozone/integration-test/target/test-dir/MiniOzoneClusterImpl-ff688d9a-9cad-4e06-a7c3-b08bdc3e7b45/datanode-2/data/ratis] (custom)
2019-10-04 19:10:08,963 [pool-403-thread-1] INFO  server.RaftServerConfigKeys (ConfUtils.java:logGet(43)) - raft.server.log.corruption.policy = EXCEPTION (default)
2019-10-04 19:10:08,963 [pool-403-thread-1] INFO  storage.RaftStorageDirectory (RaftStorageDirectory.java:analyzeStorage(246)) - The storage directory /workdir/hadoop-ozone/integration-test/target/test-dir/MiniOzoneClusterImpl-ff688d9a-9cad-4e06-a7c3-b08bdc3e7b45/datanode-2/data/ratis/9a6159eb-5140-4247-89a9-306ff06e3764 does not exist. Creating ...
2019-10-04 19:10:08,986 [pool-403-thread-1] INFO  storage.RaftStorageDirectory (RaftStorageDirectory.java:tryLock(328)) - Lock on /workdir/hadoop-ozone/integration-test/target/test-dir/MiniOzoneClusterImpl-ff688d9a-9cad-4e06-a7c3-b08bdc3e7b45/datanode-2/data/ratis/9a6159eb-5140-4247-89a9-306ff06e3764/in_use.lock acquired by nodename 773@pr-hdds-2164-trunk-n6c85-931752109
2019-10-04 19:10:09,019 [pool-403-thread-1] INFO  storage.RaftStorage (RaftStorage.java:format(84)) - Storage directory /workdir/hadoop-ozone/integration-test/target/test-dir/MiniOzoneClusterImpl-ff688d9a-9cad-4e06-a7c3-b08bdc3e7b45/datanode-2/data/ratis/9a6159eb-5140-4247-89a9-306ff06e3764 has been successfully formatted.
2019-10-04 19:10:09,020 [pool-403-thread-1] INFO  ratis.ContainerStateMachine (ContainerStateMachine.java:loadSnapshot(230)) - group-306FF06E3764: The snapshot info is null. Setting the last applied indexto:(t:0, i:~)
2019-10-04 19:10:09,020 [pool-403-thread-1] INFO  server.RaftServerConfigKeys (ConfUtils.java:logGet(43)) - raft.server.notification.no-leader.timeout = 120s (custom)
2019-10-04 19:10:09,020 [pool-403-thread-1] INFO  server.RaftServerConfigKeys (ConfUtils.java:logGet(43)) - raft.server.log.use.memory = false (default)
2019-10-04 19:10:09,020 [pool-403-thread-1] INFO  server.RaftServerConfigKeys (ConfUtils.java:logGet(43)) - raft.server.log.purge.gap = 1000000 (custom)
2019-10-04 19:10:09,020 [pool-403-thread-1] INFO  server.RaftServerConfigKeys (ConfUtils.java:logGet(43)) - raft.server.log.appender.buffer.byte-limit = 33554432 (custom)
2019-10-04 19:10:09,020 [pool-403-thread-1] INFO  server.RaftServerConfigKeys (ConfUtils.java:logGet(43)) - raft.server.log.segment.size.max = 1048576 (custom)
2019-10-04 19:10:09,022 [pool-403-thread-1] INFO  server.RaftServerConfigKeys (ConfUtils.java:logGet(43)) - raft.server.log.segment.cache.num.max = 2 (custom)
2019-10-04 19:10:09,023 [pool-403-thread-1] INFO  segmented.SegmentedRaftLogWorker (SegmentedRaftLogWorker.java:<init>(173)) - new 5ac667fa-b96b-4bb4-8091-e17b022e76be@group-306FF06E3764-SegmentedRaftLogWorker for RaftStorage:Storage Directory /workdir/hadoop-ozone/integration-test/target/test-dir/MiniOzoneClusterImpl-ff688d9a-9cad-4e06-a7c3-b08bdc3e7b45/datanode-2/data/ratis/9a6159eb-5140-4247-89a9-306ff06e3764
2019-10-04 19:10:09,023 [pool-403-thread-1] INFO  server.RaftServerConfigKeys (ConfUtils.java:logGet(43)) - raft.server.log.queue.byte-limit = 2147483647 (custom)
2019-10-04 19:10:09,023 [pool-403-thread-1] INFO  server.RaftServerConfigKeys (ConfUtils.java:logGet(43)) - raft.server.log.queue.element-limit = 1024 (custom)
2019-10-04 19:10:09,023 [pool-403-thread-1] INFO  server.RaftServerConfigKeys (ConfUtils.java:logGet(43)) - raft.server.log.segment.size.max = 1048576 (custom)
2019-10-04 19:10:09,023 [pool-403-thread-1] INFO  server.RaftServerConfigKeys (ConfUtils.java:logGet(43)) - raft.server.log.preallocated.size = 16384 (custom)
2019-10-04 19:10:09,024 [pool-403-thread-1] INFO  server.RaftServerConfigKeys (ConfUtils.java:logGet(43)) - raft.server.log.write.buffer.size = 33554432 (custom)
2019-10-04 19:10:09,024 [pool-403-thread-1] INFO  server.RaftServerConfigKeys (ConfUtils.java:logGet(43)) - raft.server.log.force.sync.num = 128 (default)
2019-10-04 19:10:09,024 [pool-403-thread-1] INFO  server.RaftServerConfigKeys (ConfUtils.java:logGet(43)) - raft.server.log.statemachine.data.sync = true (default)
2019-10-04 19:10:09,024 [pool-403-thread-1] INFO  server.RaftServerConfigKeys (ConfUtils.java:logGet(43)) - raft.server.log.statemachine.data.sync.timeout = 10s (default)
2019-10-04 19:10:09,024 [pool-403-thread-1] INFO  server.RaftServerConfigKeys (ConfUtils.java:logGet(43)) - raft.server.log.statemachine.data.sync.timeout.retry = -1 (default)
2019-10-04 19:10:09,025 [pool-403-thread-1] INFO  server.RaftServerConfigKeys (ConfUtils.java:logGet(43)) - raft.server.log.statemachine.data.caching.enabled = true (custom)
2019-10-04 19:10:09,025 [pool-403-thread-1] INFO  segmented.SegmentedRaftLogWorker (SegmentedRaftLogWorker.java:lambda$new$0(128)) - 5ac667fa-b96b-4bb4-8091-e17b022e76be@group-306FF06E3764-SegmentedRaftLogWorker: flushIndex: setUnconditionally 0 -> -1
2019-10-04 19:10:09,025 [pool-403-thread-1] INFO  server.RaftServerConfigKeys (ConfUtils.java:logGet(43)) - raft.server.snapshot.auto.trigger.enabled = true (custom)
2019-10-04 19:10:09,026 [pool-403-thread-1] INFO  server.RaftServerConfigKeys (ConfUtils.java:logGet(43)) - raft.server.snapshot.auto.trigger.threshold = 10000 (custom)
2019-10-04 19:10:09,026 [pool-403-thread-1] INFO  server.RaftServerConfigKeys (ConfUtils.java:logGet(43)) - raft.server.snapshot.retention.file.num = 5 (custom)
2019-10-04 19:10:09,026 [pool-403-thread-1] INFO  server.RaftServerConfigKeys (ConfUtils.java:logGet(43)) - raft.server.retrycache.expirytime = 600000ms (custom)
2019-10-04 19:10:09,028 [pool-403-thread-1] INFO  impl.RaftServerImpl (RaftServerImpl.java:start(181)) - 5ac667fa-b96b-4bb4-8091-e17b022e76be@group-306FF06E3764: start as a follower, conf=-1: [5ac667fa-b96b-4bb4-8091-e17b022e76be:192.168.30.46:42563], old=null
2019-10-04 19:10:09,028 [pool-403-thread-1] INFO  impl.RaftServerImpl (RaftServerImpl.java:setRole(170)) - 5ac667fa-b96b-4bb4-8091-e17b022e76be@group-306FF06E3764: changes role from      null to FOLLOWER at term 0 for startAsFollower
2019-10-04 19:10:09,028 [pool-403-thread-1] INFO  impl.RoleInfo (RoleInfo.java:updateAndGet(143)) - 5ac667fa-b96b-4bb4-8091-e17b022e76be: start FollowerState
2019-10-04 19:10:09,029 [pool-403-thread-1] INFO  util.JmxRegister (JmxRegister.java:tryRegister(44)) - Successfully registered JMX Bean with object name Ratis:service=RaftServer,group=group-306FF06E3764,id=5ac667fa-b96b-4bb4-8091-e17b022e76be
2019-10-04 19:10:09,037 [RatisPipelineUtilsThread] INFO  pipeline.PipelineStateManager (PipelineStateManager.java:addPipeline(56)) - Created pipeline Pipeline[ Id: 9a6159eb-5140-4247-89a9-306ff06e3764, Nodes: 5ac667fa-b96b-4bb4-8091-e17b022e76be{ip: 192.168.30.46, host: pr-hdds-2164-trunk-n6c85-931752109, networkLocation: /default-rack, certSerialId: null}, Type:RATIS, Factor:ONE, State:OPEN]
2019-10-04 19:10:09,057 [grpc-default-executor-4] INFO  impl.RaftServerProxy (RaftServerProxy.java:addNew(89)) - 5ac667fa-b96b-4bb4-8091-e17b022e76be: addNew group-BDEAAC972EE7:[5ac667fa-b96b-4bb4-8091-e17b022e76be:192.168.30.46:42563, 2f04ad78-21d6-40a9-8059-e90713547566:192.168.30.46:39425, f8788253-f07e-441c-873f-001f69d2ed53:192.168.30.46:42356] returns group-BDEAAC972EE7:java.util.concurrent.CompletableFuture@7cda37c3[Not completed]
2019-10-04 19:10:09,058 [IPC Server handler 3 on 44728] INFO  net.NetworkTopology (NetworkTopologyImpl.java:add(111)) - Added a new node: /default-rack/186ee64a-98ca-4bb3-a60d-6aa1a982aad3
2019-10-04 19:10:09,063 [IPC Server handler 3 on 44728] INFO  node.SCMNodeManager (SCMNodeManager.java:register(268)) - Registered Data node : 186ee64a-98ca-4bb3-a60d-6aa1a982aad3{ip: 192.168.30.46, host: pr-hdds-2164-trunk-n6c85-931752109, networkLocation: /default-rack, certSerialId: null}
2019-10-04 19:10:09,063 [grpc-default-executor-4] INFO  impl.RaftServerProxy (RaftServerProxy.java:addNew(89)) - f8788253-f07e-441c-873f-001f69d2ed53: addNew group-BDEAAC972EE7:[5ac667fa-b96b-4bb4-8091-e17b022e76be:192.168.30.46:42563, 2f04ad78-21d6-40a9-8059-e90713547566:192.168.30.46:39425, f8788253-f07e-441c-873f-001f69d2ed53:192.168.30.46:42356] returns group-BDEAAC972EE7:java.util.concurrent.CompletableFuture@6cab4c73[Not completed]
2019-10-04 19:10:09,063 [grpc-default-executor-2] INFO  impl.RaftServerProxy (RaftServerProxy.java:addNew(89)) - 2f04ad78-21d6-40a9-8059-e90713547566: addNew group-BDEAAC972EE7:[5ac667fa-b96b-4bb4-8091-e17b022e76be:192.168.30.46:42563, 2f04ad78-21d6-40a9-8059-e90713547566:192.168.30.46:39425, f8788253-f07e-441c-873f-001f69d2ed53:192.168.30.46:42356] returns group-BDEAAC972EE7:java.util.concurrent.CompletableFuture@20b01532[Not completed]
2019-10-04 19:10:09,063 [pool-403-thread-1] INFO  impl.RaftServerImpl (RaftServerImpl.java:<init>(95)) - 5ac667fa-b96b-4bb4-8091-e17b022e76be: new RaftServerImpl for group-BDEAAC972EE7:[5ac667fa-b96b-4bb4-8091-e17b022e76be:192.168.30.46:42563, 2f04ad78-21d6-40a9-8059-e90713547566:192.168.30.46:39425, f8788253-f07e-441c-873f-001f69d2ed53:192.168.30.46:42356] with ContainerStateMachine:uninitialized
2019-10-04 19:10:09,064 [pool-403-thread-1] INFO  server.RaftServerConfigKeys (ConfUtils.java:logGet(43)) - raft.server.rpc.timeout.min = 5s (custom)
2019-10-04 19:10:09,064 [pool-403-thread-1] INFO  server.RaftServerConfigKeys (ConfUtils.java:logGet(43)) - raft.server.rpc.timeout.max = 5200ms (custom)
2019-10-04 19:10:09,064 [pool-403-thread-1] INFO  server.RaftServerConfigKeys (ConfUtils.java:logGet(43)) - raft.server.rpcslowness.timeout = 120s (custom)
2019-10-04 19:10:09,064 [pool-403-thread-1] INFO  server.RaftServerConfigKeys (ConfUtils.java:logGet(43)) - raft.server.sleep.deviation.threshold = 300 (default)
2019-10-04 19:10:09,064 [pool-403-thread-1] INFO  server.RaftServerConfigKeys (ConfUtils.java:logGet(43)) - raft.server.log.appender.install.snapshot.enabled = false (custom)
2019-10-04 19:10:09,065 [pool-403-thread-1] INFO  impl.RaftServerImpl (ServerState.java:<init>(103)) - 5ac667fa-b96b-4bb4-8091-e17b022e76be@group-BDEAAC972EE7: ConfigurationManager, init=-1: [5ac667fa-b96b-4bb4-8091-e17b022e76be:192.168.30.46:42563, 2f04ad78-21d6-40a9-8059-e90713547566:192.168.30.46:39425, f8788253-f07e-441c-873f-001f69d2ed53:192.168.30.46:42356], old=null, confs=<EMPTY_MAP>
2019-10-04 19:10:09,065 [pool-383-thread-1] INFO  impl.RaftServerImpl (RaftServerImpl.java:<init>(95)) - f8788253-f07e-441c-873f-001f69d2ed53: new RaftServerImpl for group-BDEAAC972EE7:[5ac667fa-b96b-4bb4-8091-e17b022e76be:192.168.30.46:42563, 2f04ad78-21d6-40a9-8059-e90713547566:192.168.30.46:39425, f8788253-f07e-441c-873f-001f69d2ed53:192.168.30.46:42356] with ContainerStateMachine:uninitialized
2019-10-04 19:10:09,065 [pool-403-thread-1] INFO  server.RaftServerConfigKeys (ConfUtils.java:logGet(43)) - raft.server.storage.dir = [/workdir/hadoop-ozone/integration-test/target/test-dir/MiniOzoneClusterImpl-ff688d9a-9cad-4e06-a7c3-b08bdc3e7b45/datanode-2/data/ratis] (custom)
2019-10-04 19:10:09,065 [pool-383-thread-1] INFO  server.RaftServerConfigKeys (ConfUtils.java:logGet(43)) - raft.server.rpc.timeout.min = 5s (custom)
2019-10-04 19:10:09,065 [pool-383-thread-1] INFO  server.RaftServerConfigKeys (ConfUtils.java:logGet(43)) - raft.server.rpc.timeout.max = 5200ms (custom)
2019-10-04 19:10:09,065 [pool-383-thread-1] INFO  server.RaftServerConfigKeys (ConfUtils.java:logGet(43)) - raft.server.rpcslowness.timeout = 120s (custom)
2019-10-04 19:10:09,065 [pool-393-thread-1] INFO  impl.RaftServerImpl (RaftServerImpl.java:<init>(95)) - 2f04ad78-21d6-40a9-8059-e90713547566: new RaftServerImpl for group-BDEAAC972EE7:[5ac667fa-b96b-4bb4-8091-e17b022e76be:192.168.30.46:42563, 2f04ad78-21d6-40a9-8059-e90713547566:192.168.30.46:39425, f8788253-f07e-441c-873f-001f69d2ed53:192.168.30.46:42356] with ContainerStateMachine:uninitialized
2019-10-04 19:10:09,065 [pool-403-thread-1] INFO  server.RaftServerConfigKeys (ConfUtils.java:logGet(43)) - raft.server.log.corruption.policy = EXCEPTION (default)
2019-10-04 19:10:09,065 [pool-393-thread-1] INFO  server.RaftServerConfigKeys (ConfUtils.java:logGet(43)) - raft.server.rpc.timeout.min = 5s (custom)
2019-10-04 19:10:09,065 [pool-383-thread-1] INFO  server.RaftServerConfigKeys (ConfUtils.java:logGet(43)) - raft.server.sleep.deviation.threshold = 300 (default)
2019-10-04 19:10:09,066 [pool-393-thread-1] INFO  server.RaftServerConfigKeys (ConfUtils.java:logGet(43)) - raft.server.rpc.timeout.max = 5200ms (custom)
2019-10-04 19:10:09,066 [pool-403-thread-1] INFO  storage.RaftStorageDirectory (RaftStorageDirectory.java:analyzeStorage(246)) - The storage directory /workdir/hadoop-ozone/integration-test/target/test-dir/MiniOzoneClusterImpl-ff688d9a-9cad-4e06-a7c3-b08bdc3e7b45/datanode-2/data/ratis/d6d13aee-23cd-4be9-9860-bdeaac972ee7 does not exist. Creating ...
2019-10-04 19:10:09,066 [pool-393-thread-1] INFO  server.RaftServerConfigKeys (ConfUtils.java:logGet(43)) - raft.server.rpcslowness.timeout = 120s (custom)
2019-10-04 19:10:09,066 [pool-393-thread-1] INFO  server.RaftServerConfigKeys (ConfUtils.java:logGet(43)) - raft.server.sleep.deviation.threshold = 300 (default)
2019-10-04 19:10:09,066 [pool-383-thread-1] INFO  server.RaftServerConfigKeys (ConfUtils.java:logGet(43)) - raft.server.log.appender.install.snapshot.enabled = false (custom)
2019-10-04 19:10:09,066 [pool-393-thread-1] INFO  server.RaftServerConfigKeys (ConfUtils.java:logGet(43)) - raft.server.log.appender.install.snapshot.enabled = false (custom)
2019-10-04 19:10:09,067 [pool-383-thread-1] INFO  impl.RaftServerImpl (ServerState.java:<init>(103)) - f8788253-f07e-441c-873f-001f69d2ed53@group-BDEAAC972EE7: ConfigurationManager, init=-1: [5ac667fa-b96b-4bb4-8091-e17b022e76be:192.168.30.46:42563, 2f04ad78-21d6-40a9-8059-e90713547566:192.168.30.46:39425, f8788253-f07e-441c-873f-001f69d2ed53:192.168.30.46:42356], old=null, confs=<EMPTY_MAP>
2019-10-04 19:10:09,067 [pool-393-thread-1] INFO  impl.RaftServerImpl (ServerState.java:<init>(103)) - 2f04ad78-21d6-40a9-8059-e90713547566@group-BDEAAC972EE7: ConfigurationManager, init=-1: [5ac667fa-b96b-4bb4-8091-e17b022e76be:192.168.30.46:42563, 2f04ad78-21d6-40a9-8059-e90713547566:192.168.30.46:39425, f8788253-f07e-441c-873f-001f69d2ed53:192.168.30.46:42356], old=null, confs=<EMPTY_MAP>
2019-10-04 19:10:09,067 [pool-383-thread-1] INFO  server.RaftServerConfigKeys (ConfUtils.java:logGet(43)) - raft.server.storage.dir = [/workdir/hadoop-ozone/integration-test/target/test-dir/MiniOzoneClusterImpl-ff688d9a-9cad-4e06-a7c3-b08bdc3e7b45/datanode-0/data/ratis] (custom)
2019-10-04 19:10:09,067 [pool-393-thread-1] INFO  server.RaftServerConfigKeys (ConfUtils.java:logGet(43)) - raft.server.storage.dir = [/workdir/hadoop-ozone/integration-test/target/test-dir/MiniOzoneClusterImpl-ff688d9a-9cad-4e06-a7c3-b08bdc3e7b45/datanode-1/data/ratis] (custom)
2019-10-04 19:10:09,067 [pool-383-thread-1] INFO  server.RaftServerConfigKeys (ConfUtils.java:logGet(43)) - raft.server.log.corruption.policy = EXCEPTION (default)
2019-10-04 19:10:09,067 [pool-393-thread-1] INFO  server.RaftServerConfigKeys (ConfUtils.java:logGet(43)) - raft.server.log.corruption.policy = EXCEPTION (default)
2019-10-04 19:10:09,067 [pool-383-thread-1] INFO  storage.RaftStorageDirectory (RaftStorageDirectory.java:analyzeStorage(246)) - The storage directory /workdir/hadoop-ozone/integration-test/target/test-dir/MiniOzoneClusterImpl-ff688d9a-9cad-4e06-a7c3-b08bdc3e7b45/datanode-0/data/ratis/d6d13aee-23cd-4be9-9860-bdeaac972ee7 does not exist. Creating ...
2019-10-04 19:10:09,067 [pool-393-thread-1] INFO  storage.RaftStorageDirectory (RaftStorageDirectory.java:analyzeStorage(246)) - The storage directory /workdir/hadoop-ozone/integration-test/target/test-dir/MiniOzoneClusterImpl-ff688d9a-9cad-4e06-a7c3-b08bdc3e7b45/datanode-1/data/ratis/d6d13aee-23cd-4be9-9860-bdeaac972ee7 does not exist. Creating ...
2019-10-04 19:10:09,086 [pool-383-thread-1] INFO  storage.RaftStorageDirectory (RaftStorageDirectory.java:tryLock(328)) - Lock on /workdir/hadoop-ozone/integration-test/target/test-dir/MiniOzoneClusterImpl-ff688d9a-9cad-4e06-a7c3-b08bdc3e7b45/datanode-0/data/ratis/d6d13aee-23cd-4be9-9860-bdeaac972ee7/in_use.lock acquired by nodename 773@pr-hdds-2164-trunk-n6c85-931752109
2019-10-04 19:10:09,086 [pool-403-thread-1] INFO  storage.RaftStorageDirectory (RaftStorageDirectory.java:tryLock(328)) - Lock on /workdir/hadoop-ozone/integration-test/target/test-dir/MiniOzoneClusterImpl-ff688d9a-9cad-4e06-a7c3-b08bdc3e7b45/datanode-2/data/ratis/d6d13aee-23cd-4be9-9860-bdeaac972ee7/in_use.lock acquired by nodename 773@pr-hdds-2164-trunk-n6c85-931752109
2019-10-04 19:10:09,086 [pool-393-thread-1] INFO  storage.RaftStorageDirectory (RaftStorageDirectory.java:tryLock(328)) - Lock on /workdir/hadoop-ozone/integration-test/target/test-dir/MiniOzoneClusterImpl-ff688d9a-9cad-4e06-a7c3-b08bdc3e7b45/datanode-1/data/ratis/d6d13aee-23cd-4be9-9860-bdeaac972ee7/in_use.lock acquired by nodename 773@pr-hdds-2164-trunk-n6c85-931752109
2019-10-04 19:10:09,104 [pool-383-thread-1] INFO  storage.RaftStorage (RaftStorage.java:format(84)) - Storage directory /workdir/hadoop-ozone/integration-test/target/test-dir/MiniOzoneClusterImpl-ff688d9a-9cad-4e06-a7c3-b08bdc3e7b45/datanode-0/data/ratis/d6d13aee-23cd-4be9-9860-bdeaac972ee7 has been successfully formatted.
2019-10-04 19:10:09,104 [pool-403-thread-1] INFO  storage.RaftStorage (RaftStorage.java:format(84)) - Storage directory /workdir/hadoop-ozone/integration-test/target/test-dir/MiniOzoneClusterImpl-ff688d9a-9cad-4e06-a7c3-b08bdc3e7b45/datanode-2/data/ratis/d6d13aee-23cd-4be9-9860-bdeaac972ee7 has been successfully formatted.
2019-10-04 19:10:09,104 [pool-393-thread-1] INFO  storage.RaftStorage (RaftStorage.java:format(84)) - Storage directory /workdir/hadoop-ozone/integration-test/target/test-dir/MiniOzoneClusterImpl-ff688d9a-9cad-4e06-a7c3-b08bdc3e7b45/datanode-1/data/ratis/d6d13aee-23cd-4be9-9860-bdeaac972ee7 has been successfully formatted.
2019-10-04 19:10:09,104 [pool-383-thread-1] INFO  ratis.ContainerStateMachine (ContainerStateMachine.java:loadSnapshot(230)) - group-BDEAAC972EE7: The snapshot info is null. Setting the last applied indexto:(t:0, i:~)
2019-10-04 19:10:09,104 [pool-393-thread-1] INFO  ratis.ContainerStateMachine (ContainerStateMachine.java:loadSnapshot(230)) - group-BDEAAC972EE7: The snapshot info is null. Setting the last applied indexto:(t:0, i:~)
2019-10-04 19:10:09,104 [pool-383-thread-1] INFO  server.RaftServerConfigKeys (ConfUtils.java:logGet(43)) - raft.server.notification.no-leader.timeout = 120s (custom)
2019-10-04 19:10:09,104 [pool-383-thread-1] INFO  server.RaftServerConfigKeys (ConfUtils.java:logGet(43)) - raft.server.log.use.memory = false (default)
2019-10-04 19:10:09,104 [pool-403-thread-1] INFO  ratis.ContainerStateMachine (ContainerStateMachine.java:loadSnapshot(230)) - group-BDEAAC972EE7: The snapshot info is null. Setting the last applied indexto:(t:0, i:~)
2019-10-04 19:10:09,104 [pool-383-thread-1] INFO  server.RaftServerConfigKeys (ConfUtils.java:logGet(43)) - raft.server.log.purge.gap = 1000000 (custom)
2019-10-04 19:10:09,104 [pool-393-thread-1] INFO  server.RaftServerConfigKeys (ConfUtils.java:logGet(43)) - raft.server.notification.no-leader.timeout = 120s (custom)
2019-10-04 19:10:09,105 [pool-383-thread-1] INFO  server.RaftServerConfigKeys (ConfUtils.java:logGet(43)) - raft.server.log.appender.buffer.byte-limit = 33554432 (custom)
2019-10-04 19:10:09,105 [pool-403-thread-1] INFO  server.RaftServerConfigKeys (ConfUtils.java:logGet(43)) - raft.server.notification.no-leader.timeout = 120s (custom)
2019-10-04 19:10:09,105 [pool-383-thread-1] INFO  server.RaftServerConfigKeys (ConfUtils.java:logGet(43)) - raft.server.log.segment.size.max = 1048576 (custom)
2019-10-04 19:10:09,105 [pool-393-thread-1] INFO  server.RaftServerConfigKeys (ConfUtils.java:logGet(43)) - raft.server.log.use.memory = false (default)
2019-10-04 19:10:09,105 [pool-383-thread-1] INFO  server.RaftServerConfigKeys (ConfUtils.java:logGet(43)) - raft.server.log.segment.cache.num.max = 2 (custom)
2019-10-04 19:10:09,105 [pool-403-thread-1] INFO  server.RaftServerConfigKeys (ConfUtils.java:logGet(43)) - raft.server.log.use.memory = false (default)
2019-10-04 19:10:09,105 [pool-383-thread-1] INFO  segmented.SegmentedRaftLogWorker (SegmentedRaftLogWorker.java:<init>(173)) - new f8788253-f07e-441c-873f-001f69d2ed53@group-BDEAAC972EE7-SegmentedRaftLogWorker for RaftStorage:Storage Directory /workdir/hadoop-ozone/integration-test/target/test-dir/MiniOzoneClusterImpl-ff688d9a-9cad-4e06-a7c3-b08bdc3e7b45/datanode-0/data/ratis/d6d13aee-23cd-4be9-9860-bdeaac972ee7
2019-10-04 19:10:09,105 [pool-393-thread-1] INFO  server.RaftServerConfigKeys (ConfUtils.java:logGet(43)) - raft.server.log.purge.gap = 1000000 (custom)
2019-10-04 19:10:09,106 [pool-383-thread-1] INFO  server.RaftServerConfigKeys (ConfUtils.java:logGet(43)) - raft.server.log.queue.byte-limit = 2147483647 (custom)
2019-10-04 19:10:09,106 [pool-403-thread-1] INFO  server.RaftServerConfigKeys (ConfUtils.java:logGet(43)) - raft.server.log.purge.gap = 1000000 (custom)
2019-10-04 19:10:09,106 [pool-383-thread-1] INFO  server.RaftServerConfigKeys (ConfUtils.java:logGet(43)) - raft.server.log.queue.element-limit = 1024 (custom)
2019-10-04 19:10:09,106 [pool-393-thread-1] INFO  server.RaftServerConfigKeys (ConfUtils.java:logGet(43)) - raft.server.log.appender.buffer.byte-limit = 33554432 (custom)
2019-10-04 19:10:09,106 [pool-383-thread-1] INFO  server.RaftServerConfigKeys (ConfUtils.java:logGet(43)) - raft.server.log.segment.size.max = 1048576 (custom)
2019-10-04 19:10:09,106 [pool-403-thread-1] INFO  server.RaftServerConfigKeys (ConfUtils.java:logGet(43)) - raft.server.log.appender.buffer.byte-limit = 33554432 (custom)
2019-10-04 19:10:09,106 [pool-383-thread-1] INFO  server.RaftServerConfigKeys (ConfUtils.java:logGet(43)) - raft.server.log.preallocated.size = 16384 (custom)
2019-10-04 19:10:09,106 [pool-393-thread-1] INFO  server.RaftServerConfigKeys (ConfUtils.java:logGet(43)) - raft.server.log.segment.size.max = 1048576 (custom)
2019-10-04 19:10:09,107 [pool-383-thread-1] INFO  server.RaftServerConfigKeys (ConfUtils.java:logGet(43)) - raft.server.log.write.buffer.size = 33554432 (custom)
2019-10-04 19:10:09,106 [pool-403-thread-1] INFO  server.RaftServerConfigKeys (ConfUtils.java:logGet(43)) - raft.server.log.segment.size.max = 1048576 (custom)
2019-10-04 19:10:09,107 [pool-383-thread-1] INFO  server.RaftServerConfigKeys (ConfUtils.java:logGet(43)) - raft.server.log.force.sync.num = 128 (default)
2019-10-04 19:10:09,107 [pool-393-thread-1] INFO  server.RaftServerConfigKeys (ConfUtils.java:logGet(43)) - raft.server.log.segment.cache.num.max = 2 (custom)
2019-10-04 19:10:09,107 [pool-383-thread-1] INFO  server.RaftServerConfigKeys (ConfUtils.java:logGet(43)) - raft.server.log.statemachine.data.sync = true (default)
2019-10-04 19:10:09,107 [pool-403-thread-1] INFO  server.RaftServerConfigKeys (ConfUtils.java:logGet(43)) - raft.server.log.segment.cache.num.max = 2 (custom)
2019-10-04 19:10:09,107 [pool-383-thread-1] INFO  server.RaftServerConfigKeys (ConfUtils.java:logGet(43)) - raft.server.log.statemachine.data.sync.timeout = 10s (default)
2019-10-04 19:10:09,107 [pool-393-thread-1] INFO  segmented.SegmentedRaftLogWorker (SegmentedRaftLogWorker.java:<init>(173)) - new 2f04ad78-21d6-40a9-8059-e90713547566@group-BDEAAC972EE7-SegmentedRaftLogWorker for RaftStorage:Storage Directory /workdir/hadoop-ozone/integration-test/target/test-dir/MiniOzoneClusterImpl-ff688d9a-9cad-4e06-a7c3-b08bdc3e7b45/datanode-1/data/ratis/d6d13aee-23cd-4be9-9860-bdeaac972ee7
2019-10-04 19:10:09,107 [pool-383-thread-1] INFO  server.RaftServerConfigKeys (ConfUtils.java:logGet(43)) - raft.server.log.statemachine.data.sync.timeout.retry = -1 (default)
2019-10-04 19:10:09,107 [pool-403-thread-1] INFO  segmented.SegmentedRaftLogWorker (SegmentedRaftLogWorker.java:<init>(173)) - new 5ac667fa-b96b-4bb4-8091-e17b022e76be@group-BDEAAC972EE7-SegmentedRaftLogWorker for RaftStorage:Storage Directory /workdir/hadoop-ozone/integration-test/target/test-dir/MiniOzoneClusterImpl-ff688d9a-9cad-4e06-a7c3-b08bdc3e7b45/datanode-2/data/ratis/d6d13aee-23cd-4be9-9860-bdeaac972ee7
2019-10-04 19:10:09,108 [pool-383-thread-1] INFO  server.RaftServerConfigKeys (ConfUtils.java:logGet(43)) - raft.server.log.statemachine.data.caching.enabled = true (custom)
2019-10-04 19:10:09,108 [pool-393-thread-1] INFO  server.RaftServerConfigKeys (ConfUtils.java:logGet(43)) - raft.server.log.queue.byte-limit = 2147483647 (custom)
2019-10-04 19:10:09,108 [pool-403-thread-1] INFO  server.RaftServerConfigKeys (ConfUtils.java:logGet(43)) - raft.server.log.queue.byte-limit = 2147483647 (custom)
2019-10-04 19:10:09,108 [pool-383-thread-1] INFO  segmented.SegmentedRaftLogWorker (SegmentedRaftLogWorker.java:lambda$new$0(128)) - f8788253-f07e-441c-873f-001f69d2ed53@group-BDEAAC972EE7-SegmentedRaftLogWorker: flushIndex: setUnconditionally 0 -> -1
2019-10-04 19:10:09,108 [pool-393-thread-1] INFO  server.RaftServerConfigKeys (ConfUtils.java:logGet(43)) - raft.server.log.queue.element-limit = 1024 (custom)
2019-10-04 19:10:09,108 [pool-403-thread-1] INFO  server.RaftServerConfigKeys (ConfUtils.java:logGet(43)) - raft.server.log.queue.element-limit = 1024 (custom)
2019-10-04 19:10:09,108 [pool-383-thread-1] INFO  server.RaftServerConfigKeys (ConfUtils.java:logGet(43)) - raft.server.snapshot.auto.trigger.enabled = true (custom)
2019-10-04 19:10:09,108 [pool-393-thread-1] INFO  server.RaftServerConfigKeys (ConfUtils.java:logGet(43)) - raft.server.log.segment.size.max = 1048576 (custom)
2019-10-04 19:10:09,109 [pool-383-thread-1] INFO  server.RaftServerConfigKeys (ConfUtils.java:logGet(43)) - raft.server.snapshot.auto.trigger.threshold = 10000 (custom)
2019-10-04 19:10:09,109 [pool-403-thread-1] INFO  server.RaftServerConfigKeys (ConfUtils.java:logGet(43)) - raft.server.log.segment.size.max = 1048576 (custom)
2019-10-04 19:10:09,109 [pool-383-thread-1] INFO  server.RaftServerConfigKeys (ConfUtils.java:logGet(43)) - raft.server.snapshot.retention.file.num = 5 (custom)
2019-10-04 19:10:09,109 [pool-393-thread-1] INFO  server.RaftServerConfigKeys (ConfUtils.java:logGet(43)) - raft.server.log.preallocated.size = 16384 (custom)
2019-10-04 19:10:09,109 [pool-383-thread-1] INFO  server.RaftServerConfigKeys (ConfUtils.java:logGet(43)) - raft.server.retrycache.expirytime = 600000ms (custom)
2019-10-04 19:10:09,109 [pool-403-thread-1] INFO  server.RaftServerConfigKeys (ConfUtils.java:logGet(43)) - raft.server.log.preallocated.size = 16384 (custom)
2019-10-04 19:10:09,109 [pool-393-thread-1] INFO  server.RaftServerConfigKeys (ConfUtils.java:logGet(43)) - raft.server.log.write.buffer.size = 33554432 (custom)
2019-10-04 19:10:09,109 [pool-403-thread-1] INFO  server.RaftServerConfigKeys (ConfUtils.java:logGet(43)) - raft.server.log.write.buffer.size = 33554432 (custom)
2019-10-04 19:10:09,110 [pool-393-thread-1] INFO  server.RaftServerConfigKeys (ConfUtils.java:logGet(43)) - raft.server.log.force.sync.num = 128 (default)
2019-10-04 19:10:09,110 [pool-403-thread-1] INFO  server.RaftServerConfigKeys (ConfUtils.java:logGet(43)) - raft.server.log.force.sync.num = 128 (default)
2019-10-04 19:10:09,110 [pool-393-thread-1] INFO  server.RaftServerConfigKeys (ConfUtils.java:logGet(43)) - raft.server.log.statemachine.data.sync = true (default)
2019-10-04 19:10:09,110 [pool-403-thread-1] INFO  server.RaftServerConfigKeys (ConfUtils.java:logGet(43)) - raft.server.log.statemachine.data.sync = true (default)
2019-10-04 19:10:09,110 [pool-393-thread-1] INFO  server.RaftServerConfigKeys (ConfUtils.java:logGet(43)) - raft.server.log.statemachine.data.sync.timeout = 10s (default)
2019-10-04 19:10:09,110 [pool-403-thread-1] INFO  server.RaftServerConfigKeys (ConfUtils.java:logGet(43)) - raft.server.log.statemachine.data.sync.timeout = 10s (default)
2019-10-04 19:10:09,110 [pool-393-thread-1] INFO  server.RaftServerConfigKeys (ConfUtils.java:logGet(43)) - raft.server.log.statemachine.data.sync.timeout.retry = -1 (default)
2019-10-04 19:10:09,111 [pool-403-thread-1] INFO  server.RaftServerConfigKeys (ConfUtils.java:logGet(43)) - raft.server.log.statemachine.data.sync.timeout.retry = -1 (default)
2019-10-04 19:10:09,111 [pool-383-thread-1] INFO  impl.RaftServerImpl (RaftServerImpl.java:start(181)) - f8788253-f07e-441c-873f-001f69d2ed53@group-BDEAAC972EE7: start as a follower, conf=-1: [5ac667fa-b96b-4bb4-8091-e17b022e76be:192.168.30.46:42563, 2f04ad78-21d6-40a9-8059-e90713547566:192.168.30.46:39425, f8788253-f07e-441c-873f-001f69d2ed53:192.168.30.46:42356], old=null
2019-10-04 19:10:09,111 [pool-393-thread-1] INFO  server.RaftServerConfigKeys (ConfUtils.java:logGet(43)) - raft.server.log.statemachine.data.caching.enabled = true (custom)
2019-10-04 19:10:09,111 [pool-383-thread-1] INFO  impl.RaftServerImpl (RaftServerImpl.java:setRole(170)) - f8788253-f07e-441c-873f-001f69d2ed53@group-BDEAAC972EE7: changes role from      null to FOLLOWER at term 0 for startAsFollower
2019-10-04 19:10:09,111 [pool-403-thread-1] INFO  server.RaftServerConfigKeys (ConfUtils.java:logGet(43)) - raft.server.log.statemachine.data.caching.enabled = true (custom)
2019-10-04 19:10:09,111 [pool-383-thread-1] INFO  impl.RoleInfo (RoleInfo.java:updateAndGet(143)) - f8788253-f07e-441c-873f-001f69d2ed53: start FollowerState
2019-10-04 19:10:09,111 [pool-393-thread-1] INFO  segmented.SegmentedRaftLogWorker (SegmentedRaftLogWorker.java:lambda$new$0(128)) - 2f04ad78-21d6-40a9-8059-e90713547566@group-BDEAAC972EE7-SegmentedRaftLogWorker: flushIndex: setUnconditionally 0 -> -1
2019-10-04 19:10:09,111 [pool-403-thread-1] INFO  segmented.SegmentedRaftLogWorker (SegmentedRaftLogWorker.java:lambda$new$0(128)) - 5ac667fa-b96b-4bb4-8091-e17b022e76be@group-BDEAAC972EE7-SegmentedRaftLogWorker: flushIndex: setUnconditionally 0 -> -1
2019-10-04 19:10:09,112 [pool-383-thread-1] INFO  util.JmxRegister (JmxRegister.java:tryRegister(44)) - Successfully registered JMX Bean with object name Ratis:service=RaftServer,group=group-BDEAAC972EE7,id=f8788253-f07e-441c-873f-001f69d2ed53
2019-10-04 19:10:09,112 [pool-393-thread-1] INFO  server.RaftServerConfigKeys (ConfUtils.java:logGet(43)) - raft.server.snapshot.auto.trigger.enabled = true (custom)
2019-10-04 19:10:09,112 [pool-403-thread-1] INFO  server.RaftServerConfigKeys (ConfUtils.java:logGet(43)) - raft.server.snapshot.auto.trigger.enabled = true (custom)
2019-10-04 19:10:09,112 [pool-403-thread-1] INFO  server.RaftServerConfigKeys (ConfUtils.java:logGet(43)) - raft.server.snapshot.auto.trigger.threshold = 10000 (custom)
2019-10-04 19:10:09,112 [pool-393-thread-1] INFO  server.RaftServerConfigKeys (ConfUtils.java:logGet(43)) - raft.server.snapshot.auto.trigger.threshold = 10000 (custom)
2019-10-04 19:10:09,112 [pool-403-thread-1] INFO  server.RaftServerConfigKeys (ConfUtils.java:logGet(43)) - raft.server.snapshot.retention.file.num = 5 (custom)
2019-10-04 19:10:09,112 [pool-393-thread-1] INFO  server.RaftServerConfigKeys (ConfUtils.java:logGet(43)) - raft.server.snapshot.retention.file.num = 5 (custom)
2019-10-04 19:10:09,113 [pool-403-thread-1] INFO  server.RaftServerConfigKeys (ConfUtils.java:logGet(43)) - raft.server.retrycache.expirytime = 600000ms (custom)
2019-10-04 19:10:09,113 [pool-393-thread-1] INFO  server.RaftServerConfigKeys (ConfUtils.java:logGet(43)) - raft.server.retrycache.expirytime = 600000ms (custom)
2019-10-04 19:10:09,121 [pool-403-thread-1] INFO  impl.RaftServerImpl (RaftServerImpl.java:start(181)) - 5ac667fa-b96b-4bb4-8091-e17b022e76be@group-BDEAAC972EE7: start as a follower, conf=-1: [5ac667fa-b96b-4bb4-8091-e17b022e76be:192.168.30.46:42563, 2f04ad78-21d6-40a9-8059-e90713547566:192.168.30.46:39425, f8788253-f07e-441c-873f-001f69d2ed53:192.168.30.46:42356], old=null
2019-10-04 19:10:09,121 [pool-403-thread-1] INFO  impl.RaftServerImpl (RaftServerImpl.java:setRole(170)) - 5ac667fa-b96b-4bb4-8091-e17b022e76be@group-BDEAAC972EE7: changes role from      null to FOLLOWER at term 0 for startAsFollower
2019-10-04 19:10:09,121 [pool-393-thread-1] INFO  impl.RaftServerImpl (RaftServerImpl.java:start(181)) - 2f04ad78-21d6-40a9-8059-e90713547566@group-BDEAAC972EE7: start as a follower, conf=-1: [5ac667fa-b96b-4bb4-8091-e17b022e76be:192.168.30.46:42563, 2f04ad78-21d6-40a9-8059-e90713547566:192.168.30.46:39425, f8788253-f07e-441c-873f-001f69d2ed53:192.168.30.46:42356], old=null
2019-10-04 19:10:09,121 [pool-403-thread-1] INFO  impl.RoleInfo (RoleInfo.java:updateAndGet(143)) - 5ac667fa-b96b-4bb4-8091-e17b022e76be: start FollowerState
2019-10-04 19:10:09,121 [pool-393-thread-1] INFO  impl.RaftServerImpl (RaftServerImpl.java:setRole(170)) - 2f04ad78-21d6-40a9-8059-e90713547566@group-BDEAAC972EE7: changes role from      null to FOLLOWER at term 0 for startAsFollower
2019-10-04 19:10:09,122 [pool-393-thread-1] INFO  impl.RoleInfo (RoleInfo.java:updateAndGet(143)) - 2f04ad78-21d6-40a9-8059-e90713547566: start FollowerState
2019-10-04 19:10:09,122 [pool-403-thread-1] INFO  util.JmxRegister (JmxRegister.java:tryRegister(44)) - Successfully registered JMX Bean with object name Ratis:service=RaftServer,group=group-BDEAAC972EE7,id=5ac667fa-b96b-4bb4-8091-e17b022e76be
2019-10-04 19:10:09,122 [pool-393-thread-1] INFO  util.JmxRegister (JmxRegister.java:tryRegister(44)) - Successfully registered JMX Bean with object name Ratis:service=RaftServer,group=group-BDEAAC972EE7,id=2f04ad78-21d6-40a9-8059-e90713547566
2019-10-04 19:10:09,136 [RatisPipelineUtilsThread] INFO  pipeline.PipelineStateManager (PipelineStateManager.java:addPipeline(56)) - Created pipeline Pipeline[ Id: d6d13aee-23cd-4be9-9860-bdeaac972ee7, Nodes: f8788253-f07e-441c-873f-001f69d2ed53{ip: 192.168.30.46, host: pr-hdds-2164-trunk-n6c85-931752109, networkLocation: /default-rack, certSerialId: null}5ac667fa-b96b-4bb4-8091-e17b022e76be{ip: 192.168.30.46, host: pr-hdds-2164-trunk-n6c85-931752109, networkLocation: /default-rack, certSerialId: null}2f04ad78-21d6-40a9-8059-e90713547566{ip: 192.168.30.46, host: pr-hdds-2164-trunk-n6c85-931752109, networkLocation: /default-rack, certSerialId: null}, Type:RATIS, Factor:THREE, State:OPEN]
2019-10-04 19:10:09,158 [IPC Server handler 4 on 44728] INFO  net.NetworkTopology (NetworkTopologyImpl.java:add(111)) - Added a new node: /default-rack/e2c8746f-04d7-450a-a5ce-8e7d8acae5e5
2019-10-04 19:10:09,158 [IPC Server handler 4 on 44728] INFO  node.SCMNodeManager (SCMNodeManager.java:register(268)) - Registered Data node : e2c8746f-04d7-450a-a5ce-8e7d8acae5e5{ip: 192.168.30.46, host: pr-hdds-2164-trunk-n6c85-931752109, networkLocation: /default-rack, certSerialId: null}
2019-10-04 19:10:09,174 [grpc-default-executor-2] INFO  impl.RaftServerProxy (RaftServerProxy.java:addNew(89)) - 186ee64a-98ca-4bb3-a60d-6aa1a982aad3: addNew group-498BD0C310F7:[186ee64a-98ca-4bb3-a60d-6aa1a982aad3:192.168.30.46:34369] returns group-498BD0C310F7:java.util.concurrent.CompletableFuture@6d6e7b7c[Not completed]
2019-10-04 19:10:09,177 [pool-413-thread-1] INFO  impl.RaftServerImpl (RaftServerImpl.java:<init>(95)) - 186ee64a-98ca-4bb3-a60d-6aa1a982aad3: new RaftServerImpl for group-498BD0C310F7:[186ee64a-98ca-4bb3-a60d-6aa1a982aad3:192.168.30.46:34369] with ContainerStateMachine:uninitialized
2019-10-04 19:10:09,177 [pool-413-thread-1] INFO  server.RaftServerConfigKeys (ConfUtils.java:logGet(43)) - raft.server.rpc.timeout.min = 5s (custom)
2019-10-04 19:10:09,177 [pool-413-thread-1] INFO  server.RaftServerConfigKeys (ConfUtils.java:logGet(43)) - raft.server.rpc.timeout.max = 5200ms (custom)
2019-10-04 19:10:09,177 [pool-413-thread-1] INFO  server.RaftServerConfigKeys (ConfUtils.java:logGet(43)) - raft.server.rpcslowness.timeout = 120s (custom)
2019-10-04 19:10:09,177 [pool-413-thread-1] INFO  server.RaftServerConfigKeys (ConfUtils.java:logGet(43)) - raft.server.sleep.deviation.threshold = 300 (default)
2019-10-04 19:10:09,177 [pool-413-thread-1] INFO  server.RaftServerConfigKeys (ConfUtils.java:logGet(43)) - raft.server.log.appender.install.snapshot.enabled = false (custom)
2019-10-04 19:10:09,177 [pool-413-thread-1] INFO  impl.RaftServerImpl (ServerState.java:<init>(103)) - 186ee64a-98ca-4bb3-a60d-6aa1a982aad3@group-498BD0C310F7: ConfigurationManager, init=-1: [186ee64a-98ca-4bb3-a60d-6aa1a982aad3:192.168.30.46:34369], old=null, confs=<EMPTY_MAP>
2019-10-04 19:10:09,178 [pool-413-thread-1] INFO  server.RaftServerConfigKeys (ConfUtils.java:logGet(43)) - raft.server.storage.dir = [/workdir/hadoop-ozone/integration-test/target/test-dir/MiniOzoneClusterImpl-ff688d9a-9cad-4e06-a7c3-b08bdc3e7b45/datanode-3/data/ratis] (custom)
2019-10-04 19:10:09,178 [pool-413-thread-1] INFO  server.RaftServerConfigKeys (ConfUtils.java:logGet(43)) - raft.server.log.corruption.policy = EXCEPTION (default)
2019-10-04 19:10:09,178 [pool-413-thread-1] INFO  storage.RaftStorageDirectory (RaftStorageDirectory.java:analyzeStorage(246)) - The storage directory /workdir/hadoop-ozone/integration-test/target/test-dir/MiniOzoneClusterImpl-ff688d9a-9cad-4e06-a7c3-b08bdc3e7b45/datanode-3/data/ratis/95012e6d-ca46-46ce-ba9a-498bd0c310f7 does not exist. Creating ...
2019-10-04 19:10:09,196 [pool-413-thread-1] INFO  storage.RaftStorageDirectory (RaftStorageDirectory.java:tryLock(328)) - Lock on /workdir/hadoop-ozone/integration-test/target/test-dir/MiniOzoneClusterImpl-ff688d9a-9cad-4e06-a7c3-b08bdc3e7b45/datanode-3/data/ratis/95012e6d-ca46-46ce-ba9a-498bd0c310f7/in_use.lock acquired by nodename 773@pr-hdds-2164-trunk-n6c85-931752109
2019-10-04 19:10:09,221 [pool-413-thread-1] INFO  storage.RaftStorage (RaftStorage.java:format(84)) - Storage directory /workdir/hadoop-ozone/integration-test/target/test-dir/MiniOzoneClusterImpl-ff688d9a-9cad-4e06-a7c3-b08bdc3e7b45/datanode-3/data/ratis/95012e6d-ca46-46ce-ba9a-498bd0c310f7 has been successfully formatted.
2019-10-04 19:10:09,222 [pool-413-thread-1] INFO  ratis.ContainerStateMachine (ContainerStateMachine.java:loadSnapshot(230)) - group-498BD0C310F7: The snapshot info is null. Setting the last applied indexto:(t:0, i:~)
2019-10-04 19:10:09,222 [pool-413-thread-1] INFO  server.RaftServerConfigKeys (ConfUtils.java:logGet(43)) - raft.server.notification.no-leader.timeout = 120s (custom)
2019-10-04 19:10:09,222 [pool-413-thread-1] INFO  server.RaftServerConfigKeys (ConfUtils.java:logGet(43)) - raft.server.log.use.memory = false (default)
2019-10-04 19:10:09,222 [pool-413-thread-1] INFO  server.RaftServerConfigKeys (ConfUtils.java:logGet(43)) - raft.server.log.purge.gap = 1000000 (custom)
2019-10-04 19:10:09,223 [pool-413-thread-1] INFO  server.RaftServerConfigKeys (ConfUtils.java:logGet(43)) - raft.server.log.appender.buffer.byte-limit = 33554432 (custom)
2019-10-04 19:10:09,223 [pool-413-thread-1] INFO  server.RaftServerConfigKeys (ConfUtils.java:logGet(43)) - raft.server.log.segment.size.max = 1048576 (custom)
2019-10-04 19:10:09,225 [pool-413-thread-1] INFO  server.RaftServerConfigKeys (ConfUtils.java:logGet(43)) - raft.server.log.segment.cache.num.max = 2 (custom)
2019-10-04 19:10:09,225 [pool-413-thread-1] INFO  segmented.SegmentedRaftLogWorker (SegmentedRaftLogWorker.java:<init>(173)) - new 186ee64a-98ca-4bb3-a60d-6aa1a982aad3@group-498BD0C310F7-SegmentedRaftLogWorker for RaftStorage:Storage Directory /workdir/hadoop-ozone/integration-test/target/test-dir/MiniOzoneClusterImpl-ff688d9a-9cad-4e06-a7c3-b08bdc3e7b45/datanode-3/data/ratis/95012e6d-ca46-46ce-ba9a-498bd0c310f7
2019-10-04 19:10:09,225 [pool-413-thread-1] INFO  server.RaftServerConfigKeys (ConfUtils.java:logGet(43)) - raft.server.log.queue.byte-limit = 2147483647 (custom)
2019-10-04 19:10:09,226 [pool-413-thread-1] INFO  server.RaftServerConfigKeys (ConfUtils.java:logGet(43)) - raft.server.log.queue.element-limit = 1024 (custom)
2019-10-04 19:10:09,226 [pool-413-thread-1] INFO  server.RaftServerConfigKeys (ConfUtils.java:logGet(43)) - raft.server.log.segment.size.max = 1048576 (custom)
2019-10-04 19:10:09,226 [pool-413-thread-1] INFO  server.RaftServerConfigKeys (ConfUtils.java:logGet(43)) - raft.server.log.preallocated.size = 16384 (custom)
2019-10-04 19:10:09,226 [pool-413-thread-1] INFO  server.RaftServerConfigKeys (ConfUtils.java:logGet(43)) - raft.server.log.write.buffer.size = 33554432 (custom)
2019-10-04 19:10:09,226 [pool-413-thread-1] INFO  server.RaftServerConfigKeys (ConfUtils.java:logGet(43)) - raft.server.log.force.sync.num = 128 (default)
2019-10-04 19:10:09,227 [pool-413-thread-1] INFO  server.RaftServerConfigKeys (ConfUtils.java:logGet(43)) - raft.server.log.statemachine.data.sync = true (default)
2019-10-04 19:10:09,227 [pool-413-thread-1] INFO  server.RaftServerConfigKeys (ConfUtils.java:logGet(43)) - raft.server.log.statemachine.data.sync.timeout = 10s (default)
2019-10-04 19:10:09,227 [pool-413-thread-1] INFO  server.RaftServerConfigKeys (ConfUtils.java:logGet(43)) - raft.server.log.statemachine.data.sync.timeout.retry = -1 (default)
2019-10-04 19:10:09,228 [pool-413-thread-1] INFO  server.RaftServerConfigKeys (ConfUtils.java:logGet(43)) - raft.server.log.statemachine.data.caching.enabled = true (custom)
2019-10-04 19:10:09,229 [pool-413-thread-1] INFO  segmented.SegmentedRaftLogWorker (SegmentedRaftLogWorker.java:lambda$new$0(128)) - 186ee64a-98ca-4bb3-a60d-6aa1a982aad3@group-498BD0C310F7-SegmentedRaftLogWorker: flushIndex: setUnconditionally 0 -> -1
2019-10-04 19:10:09,229 [pool-413-thread-1] INFO  server.RaftServerConfigKeys (ConfUtils.java:logGet(43)) - raft.server.snapshot.auto.trigger.enabled = true (custom)
2019-10-04 19:10:09,229 [pool-413-thread-1] INFO  server.RaftServerConfigKeys (ConfUtils.java:logGet(43)) - raft.server.snapshot.auto.trigger.threshold = 10000 (custom)
2019-10-04 19:10:09,229 [pool-413-thread-1] INFO  server.RaftServerConfigKeys (ConfUtils.java:logGet(43)) - raft.server.snapshot.retention.file.num = 5 (custom)
2019-10-04 19:10:09,230 [pool-413-thread-1] INFO  server.RaftServerConfigKeys (ConfUtils.java:logGet(43)) - raft.server.retrycache.expirytime = 600000ms (custom)
2019-10-04 19:10:09,232 [pool-413-thread-1] INFO  impl.RaftServerImpl (RaftServerImpl.java:start(181)) - 186ee64a-98ca-4bb3-a60d-6aa1a982aad3@group-498BD0C310F7: start as a follower, conf=-1: [186ee64a-98ca-4bb3-a60d-6aa1a982aad3:192.168.30.46:34369], old=null
2019-10-04 19:10:09,232 [pool-413-thread-1] INFO  impl.RaftServerImpl (RaftServerImpl.java:setRole(170)) - 186ee64a-98ca-4bb3-a60d-6aa1a982aad3@group-498BD0C310F7: changes role from      null to FOLLOWER at term 0 for startAsFollower
2019-10-04 19:10:09,232 [pool-413-thread-1] INFO  impl.RoleInfo (RoleInfo.java:updateAndGet(143)) - 186ee64a-98ca-4bb3-a60d-6aa1a982aad3: start FollowerState
2019-10-04 19:10:09,232 [pool-413-thread-1] INFO  util.JmxRegister (JmxRegister.java:tryRegister(44)) - Successfully registered JMX Bean with object name Ratis:service=RaftServer,group=group-498BD0C310F7,id=186ee64a-98ca-4bb3-a60d-6aa1a982aad3
2019-10-04 19:10:09,243 [RatisPipelineUtilsThread] INFO  pipeline.PipelineStateManager (PipelineStateManager.java:addPipeline(56)) - Created pipeline Pipeline[ Id: 95012e6d-ca46-46ce-ba9a-498bd0c310f7, Nodes: 186ee64a-98ca-4bb3-a60d-6aa1a982aad3{ip: 192.168.30.46, host: pr-hdds-2164-trunk-n6c85-931752109, networkLocation: /default-rack, certSerialId: null}, Type:RATIS, Factor:ONE, State:OPEN]
2019-10-04 19:10:09,263 [grpc-default-executor-2] INFO  impl.RaftServerProxy (RaftServerProxy.java:addNew(89)) - e2c8746f-04d7-450a-a5ce-8e7d8acae5e5: addNew group-468C796FA447:[e2c8746f-04d7-450a-a5ce-8e7d8acae5e5:192.168.30.46:36760] returns group-468C796FA447:java.util.concurrent.CompletableFuture@5828231e[Not completed]
2019-10-04 19:10:09,264 [IPC Server handler 6 on 44728] INFO  net.NetworkTopology (NetworkTopologyImpl.java:add(111)) - Added a new node: /default-rack/c56b8268-e928-47ca-a683-df8d3007b982
2019-10-04 19:10:09,264 [IPC Server handler 6 on 44728] INFO  node.SCMNodeManager (SCMNodeManager.java:register(268)) - Registered Data node : c56b8268-e928-47ca-a683-df8d3007b982{ip: 192.168.30.46, host: pr-hdds-2164-trunk-n6c85-931752109, networkLocation: /default-rack, certSerialId: null}
2019-10-04 19:10:09,265 [pool-423-thread-1] INFO  impl.RaftServerImpl (RaftServerImpl.java:<init>(95)) - e2c8746f-04d7-450a-a5ce-8e7d8acae5e5: new RaftServerImpl for group-468C796FA447:[e2c8746f-04d7-450a-a5ce-8e7d8acae5e5:192.168.30.46:36760] with ContainerStateMachine:uninitialized
2019-10-04 19:10:09,265 [pool-423-thread-1] INFO  server.RaftServerConfigKeys (ConfUtils.java:logGet(43)) - raft.server.rpc.timeout.min = 5s (custom)
2019-10-04 19:10:09,265 [pool-423-thread-1] INFO  server.RaftServerConfigKeys (ConfUtils.java:logGet(43)) - raft.server.rpc.timeout.max = 5200ms (custom)
2019-10-04 19:10:09,265 [pool-423-thread-1] INFO  server.RaftServerConfigKeys (ConfUtils.java:logGet(43)) - raft.server.rpcslowness.timeout = 120s (custom)
2019-10-04 19:10:09,265 [pool-423-thread-1] INFO  server.RaftServerConfigKeys (ConfUtils.java:logGet(43)) - raft.server.sleep.deviation.threshold = 300 (default)
2019-10-04 19:10:09,265 [pool-423-thread-1] INFO  server.RaftServerConfigKeys (ConfUtils.java:logGet(43)) - raft.server.log.appender.install.snapshot.enabled = false (custom)
2019-10-04 19:10:09,265 [pool-423-thread-1] INFO  impl.RaftServerImpl (ServerState.java:<init>(103)) - e2c8746f-04d7-450a-a5ce-8e7d8acae5e5@group-468C796FA447: ConfigurationManager, init=-1: [e2c8746f-04d7-450a-a5ce-8e7d8acae5e5:192.168.30.46:36760], old=null, confs=<EMPTY_MAP>
2019-10-04 19:10:09,266 [pool-423-thread-1] INFO  server.RaftServerConfigKeys (ConfUtils.java:logGet(43)) - raft.server.storage.dir = [/workdir/hadoop-ozone/integration-test/target/test-dir/MiniOzoneClusterImpl-ff688d9a-9cad-4e06-a7c3-b08bdc3e7b45/datanode-4/data/ratis] (custom)
2019-10-04 19:10:09,266 [pool-423-thread-1] INFO  server.RaftServerConfigKeys (ConfUtils.java:logGet(43)) - raft.server.log.corruption.policy = EXCEPTION (default)
2019-10-04 19:10:09,266 [pool-423-thread-1] INFO  storage.RaftStorageDirectory (RaftStorageDirectory.java:analyzeStorage(246)) - The storage directory /workdir/hadoop-ozone/integration-test/target/test-dir/MiniOzoneClusterImpl-ff688d9a-9cad-4e06-a7c3-b08bdc3e7b45/datanode-4/data/ratis/d29144b1-26c1-431b-8e81-468c796fa447 does not exist. Creating ...
2019-10-04 19:10:09,297 [pool-423-thread-1] INFO  storage.RaftStorageDirectory (RaftStorageDirectory.java:tryLock(328)) - Lock on /workdir/hadoop-ozone/integration-test/target/test-dir/MiniOzoneClusterImpl-ff688d9a-9cad-4e06-a7c3-b08bdc3e7b45/datanode-4/data/ratis/d29144b1-26c1-431b-8e81-468c796fa447/in_use.lock acquired by nodename 773@pr-hdds-2164-trunk-n6c85-931752109
2019-10-04 19:10:09,322 [pool-423-thread-1] INFO  storage.RaftStorage (RaftStorage.java:format(84)) - Storage directory /workdir/hadoop-ozone/integration-test/target/test-dir/MiniOzoneClusterImpl-ff688d9a-9cad-4e06-a7c3-b08bdc3e7b45/datanode-4/data/ratis/d29144b1-26c1-431b-8e81-468c796fa447 has been successfully formatted.
2019-10-04 19:10:09,323 [pool-423-thread-1] INFO  ratis.ContainerStateMachine (ContainerStateMachine.java:loadSnapshot(230)) - group-468C796FA447: The snapshot info is null. Setting the last applied indexto:(t:0, i:~)
2019-10-04 19:10:09,323 [pool-423-thread-1] INFO  server.RaftServerConfigKeys (ConfUtils.java:logGet(43)) - raft.server.notification.no-leader.timeout = 120s (custom)
2019-10-04 19:10:09,323 [pool-423-thread-1] INFO  server.RaftServerConfigKeys (ConfUtils.java:logGet(43)) - raft.server.log.use.memory = false (default)
2019-10-04 19:10:09,323 [pool-423-thread-1] INFO  server.RaftServerConfigKeys (ConfUtils.java:logGet(43)) - raft.server.log.purge.gap = 1000000 (custom)
2019-10-04 19:10:09,323 [pool-423-thread-1] INFO  server.RaftServerConfigKeys (ConfUtils.java:logGet(43)) - raft.server.log.appender.buffer.byte-limit = 33554432 (custom)
2019-10-04 19:10:09,323 [pool-423-thread-1] INFO  server.RaftServerConfigKeys (ConfUtils.java:logGet(43)) - raft.server.log.segment.size.max = 1048576 (custom)
2019-10-04 19:10:09,325 [pool-423-thread-1] INFO  server.RaftServerConfigKeys (ConfUtils.java:logGet(43)) - raft.server.log.segment.cache.num.max = 2 (custom)
2019-10-04 19:10:09,325 [pool-423-thread-1] INFO  segmented.SegmentedRaftLogWorker (SegmentedRaftLogWorker.java:<init>(173)) - new e2c8746f-04d7-450a-a5ce-8e7d8acae5e5@group-468C796FA447-SegmentedRaftLogWorker for RaftStorage:Storage Directory /workdir/hadoop-ozone/integration-test/target/test-dir/MiniOzoneClusterImpl-ff688d9a-9cad-4e06-a7c3-b08bdc3e7b45/datanode-4/data/ratis/d29144b1-26c1-431b-8e81-468c796fa447
2019-10-04 19:10:09,326 [pool-423-thread-1] INFO  server.RaftServerConfigKeys (ConfUtils.java:logGet(43)) - raft.server.log.queue.byte-limit = 2147483647 (custom)
2019-10-04 19:10:09,326 [pool-423-thread-1] INFO  server.RaftServerConfigKeys (ConfUtils.java:logGet(43)) - raft.server.log.queue.element-limit = 1024 (custom)
2019-10-04 19:10:09,326 [pool-423-thread-1] INFO  server.RaftServerConfigKeys (ConfUtils.java:logGet(43)) - raft.server.log.segment.size.max = 1048576 (custom)
2019-10-04 19:10:09,326 [pool-423-thread-1] INFO  server.RaftServerConfigKeys (ConfUtils.java:logGet(43)) - raft.server.log.preallocated.size = 16384 (custom)
2019-10-04 19:10:09,326 [pool-423-thread-1] INFO  server.RaftServerConfigKeys (ConfUtils.java:logGet(43)) - raft.server.log.write.buffer.size = 33554432 (custom)
2019-10-04 19:10:09,327 [pool-423-thread-1] INFO  server.RaftServerConfigKeys (ConfUtils.java:logGet(43)) - raft.server.log.force.sync.num = 128 (default)
2019-10-04 19:10:09,327 [pool-423-thread-1] INFO  server.RaftServerConfigKeys (ConfUtils.java:logGet(43)) - raft.server.log.statemachine.data.sync = true (default)
2019-10-04 19:10:09,327 [pool-423-thread-1] INFO  server.RaftServerConfigKeys (ConfUtils.java:logGet(43)) - raft.server.log.statemachine.data.sync.timeout = 10s (default)
2019-10-04 19:10:09,327 [pool-423-thread-1] INFO  server.RaftServerConfigKeys (ConfUtils.java:logGet(43)) - raft.server.log.statemachine.data.sync.timeout.retry = -1 (default)
2019-10-04 19:10:09,328 [pool-423-thread-1] INFO  server.RaftServerConfigKeys (ConfUtils.java:logGet(43)) - raft.server.log.statemachine.data.caching.enabled = true (custom)
2019-10-04 19:10:09,328 [pool-423-thread-1] INFO  segmented.SegmentedRaftLogWorker (SegmentedRaftLogWorker.java:lambda$new$0(128)) - e2c8746f-04d7-450a-a5ce-8e7d8acae5e5@group-468C796FA447-SegmentedRaftLogWorker: flushIndex: setUnconditionally 0 -> -1
2019-10-04 19:10:09,328 [pool-423-thread-1] INFO  server.RaftServerConfigKeys (ConfUtils.java:logGet(43)) - raft.server.snapshot.auto.trigger.enabled = true (custom)
2019-10-04 19:10:09,329 [pool-423-thread-1] INFO  server.RaftServerConfigKeys (ConfUtils.java:logGet(43)) - raft.server.snapshot.auto.trigger.threshold = 10000 (custom)
2019-10-04 19:10:09,329 [pool-423-thread-1] INFO  server.RaftServerConfigKeys (ConfUtils.java:logGet(43)) - raft.server.snapshot.retention.file.num = 5 (custom)
2019-10-04 19:10:09,329 [pool-423-thread-1] INFO  server.RaftServerConfigKeys (ConfUtils.java:logGet(43)) - raft.server.retrycache.expirytime = 600000ms (custom)
2019-10-04 19:10:09,331 [pool-423-thread-1] INFO  impl.RaftServerImpl (RaftServerImpl.java:start(181)) - e2c8746f-04d7-450a-a5ce-8e7d8acae5e5@group-468C796FA447: start as a follower, conf=-1: [e2c8746f-04d7-450a-a5ce-8e7d8acae5e5:192.168.30.46:36760], old=null
2019-10-04 19:10:09,331 [pool-423-thread-1] INFO  impl.RaftServerImpl (RaftServerImpl.java:setRole(170)) - e2c8746f-04d7-450a-a5ce-8e7d8acae5e5@group-468C796FA447: changes role from      null to FOLLOWER at term 0 for startAsFollower
2019-10-04 19:10:09,331 [pool-423-thread-1] INFO  impl.RoleInfo (RoleInfo.java:updateAndGet(143)) - e2c8746f-04d7-450a-a5ce-8e7d8acae5e5: start FollowerState
2019-10-04 19:10:09,332 [pool-423-thread-1] INFO  util.JmxRegister (JmxRegister.java:tryRegister(44)) - Successfully registered JMX Bean with object name Ratis:service=RaftServer,group=group-468C796FA447,id=e2c8746f-04d7-450a-a5ce-8e7d8acae5e5
2019-10-04 19:10:09,335 [IPC Server handler 7 on 44728] INFO  net.NetworkTopology (NetworkTopologyImpl.java:add(111)) - Added a new node: /default-rack/305894a3-3ceb-4f1b-8a7b-c33e533b74de
2019-10-04 19:10:09,335 [IPC Server handler 7 on 44728] INFO  node.SCMNodeManager (SCMNodeManager.java:register(268)) - Registered Data node : 305894a3-3ceb-4f1b-8a7b-c33e533b74de{ip: 192.168.30.46, host: pr-hdds-2164-trunk-n6c85-931752109, networkLocation: /default-rack, certSerialId: null}
2019-10-04 19:10:09,335 [main] INFO  ozone.MiniOzoneClusterImpl (MiniOzoneClusterImpl.java:lambda$waitForClusterToBeReady$0(147)) - Cluster is ready. Got 7 of 7 DN Heartbeats.
2019-10-04 19:10:09,343 [RatisPipelineUtilsThread] INFO  pipeline.PipelineStateManager (PipelineStateManager.java:addPipeline(56)) - Created pipeline Pipeline[ Id: d29144b1-26c1-431b-8e81-468c796fa447, Nodes: e2c8746f-04d7-450a-a5ce-8e7d8acae5e5{ip: 192.168.30.46, host: pr-hdds-2164-trunk-n6c85-931752109, networkLocation: /default-rack, certSerialId: null}, Type:RATIS, Factor:ONE, State:OPEN]
2019-10-04 19:10:09,382 [grpc-default-executor-2] INFO  impl.RaftServerProxy (RaftServerProxy.java:addNew(89)) - c56b8268-e928-47ca-a683-df8d3007b982: addNew group-A0C998AEA5F2:[c56b8268-e928-47ca-a683-df8d3007b982:192.168.30.46:33788] returns group-A0C998AEA5F2:java.util.concurrent.CompletableFuture@4a098f71[Not completed]
2019-10-04 19:10:09,383 [pool-433-thread-1] INFO  impl.RaftServerImpl (RaftServerImpl.java:<init>(95)) - c56b8268-e928-47ca-a683-df8d3007b982: new RaftServerImpl for group-A0C998AEA5F2:[c56b8268-e928-47ca-a683-df8d3007b982:192.168.30.46:33788] with ContainerStateMachine:uninitialized
2019-10-04 19:10:09,383 [pool-433-thread-1] INFO  server.RaftServerConfigKeys (ConfUtils.java:logGet(43)) - raft.server.rpc.timeout.min = 5s (custom)
2019-10-04 19:10:09,384 [pool-433-thread-1] INFO  server.RaftServerConfigKeys (ConfUtils.java:logGet(43)) - raft.server.rpc.timeout.max = 5200ms (custom)
2019-10-04 19:10:09,384 [pool-433-thread-1] INFO  server.RaftServerConfigKeys (ConfUtils.java:logGet(43)) - raft.server.rpcslowness.timeout = 120s (custom)
2019-10-04 19:10:09,384 [pool-433-thread-1] INFO  server.RaftServerConfigKeys (ConfUtils.java:logGet(43)) - raft.server.sleep.deviation.threshold = 300 (default)
2019-10-04 19:10:09,384 [pool-433-thread-1] INFO  server.RaftServerConfigKeys (ConfUtils.java:logGet(43)) - raft.server.log.appender.install.snapshot.enabled = false (custom)
2019-10-04 19:10:09,384 [pool-433-thread-1] INFO  impl.RaftServerImpl (ServerState.java:<init>(103)) - c56b8268-e928-47ca-a683-df8d3007b982@group-A0C998AEA5F2: ConfigurationManager, init=-1: [c56b8268-e928-47ca-a683-df8d3007b982:192.168.30.46:33788], old=null, confs=<EMPTY_MAP>
2019-10-04 19:10:09,384 [pool-433-thread-1] INFO  server.RaftServerConfigKeys (ConfUtils.java:logGet(43)) - raft.server.storage.dir = [/workdir/hadoop-ozone/integration-test/target/test-dir/MiniOzoneClusterImpl-ff688d9a-9cad-4e06-a7c3-b08bdc3e7b45/datanode-5/data/ratis] (custom)
2019-10-04 19:10:09,384 [pool-433-thread-1] INFO  server.RaftServerConfigKeys (ConfUtils.java:logGet(43)) - raft.server.log.corruption.policy = EXCEPTION (default)
2019-10-04 19:10:09,384 [pool-433-thread-1] INFO  storage.RaftStorageDirectory (RaftStorageDirectory.java:analyzeStorage(246)) - The storage directory /workdir/hadoop-ozone/integration-test/target/test-dir/MiniOzoneClusterImpl-ff688d9a-9cad-4e06-a7c3-b08bdc3e7b45/datanode-5/data/ratis/197ba412-4936-45b8-b1cf-a0c998aea5f2 does not exist. Creating ...
2019-10-04 19:10:09,389 [main] INFO  rpc.RpcClient (RpcClient.java:createVolume(277)) - Creating Volume: watchforcommithandlingtest, with jenkins1000 as owner.
2019-10-04 19:10:09,392 [IPC Server handler 1 on 45106] INFO  volume.OMVolumeCreateRequest (OMVolumeCreateRequest.java:validateAndUpdateCache(193)) - created volume:watchforcommithandlingtest for user:jenkins1000
2019-10-04 19:10:09,406 [main] INFO  rpc.RpcClient (RpcClient.java:createBucket(416)) - Creating Bucket: watchforcommithandlingtest/watchforcommithandlingtest, with Versioning false and Storage Type set to DISK and Encryption set to false 
2019-10-04 19:10:09,411 [main] INFO  ozone.MiniOzoneClusterImpl (MiniOzoneClusterImpl.java:getStorageContainerLocationClient(234)) - Creating StorageContainerLocationProtocol RPC client with address /0.0.0.0:46485
2019-10-04 19:10:09,414 [pool-433-thread-1] INFO  storage.RaftStorageDirectory (RaftStorageDirectory.java:tryLock(328)) - Lock on /workdir/hadoop-ozone/integration-test/target/test-dir/MiniOzoneClusterImpl-ff688d9a-9cad-4e06-a7c3-b08bdc3e7b45/datanode-5/data/ratis/197ba412-4936-45b8-b1cf-a0c998aea5f2/in_use.lock acquired by nodename 773@pr-hdds-2164-trunk-n6c85-931752109
2019-10-04 19:10:09,448 [pool-433-thread-1] INFO  storage.RaftStorage (RaftStorage.java:format(84)) - Storage directory /workdir/hadoop-ozone/integration-test/target/test-dir/MiniOzoneClusterImpl-ff688d9a-9cad-4e06-a7c3-b08bdc3e7b45/datanode-5/data/ratis/197ba412-4936-45b8-b1cf-a0c998aea5f2 has been successfully formatted.
2019-10-04 19:10:09,448 [pool-433-thread-1] INFO  ratis.ContainerStateMachine (ContainerStateMachine.java:loadSnapshot(230)) - group-A0C998AEA5F2: The snapshot info is null. Setting the last applied indexto:(t:0, i:~)
2019-10-04 19:10:09,448 [pool-433-thread-1] INFO  server.RaftServerConfigKeys (ConfUtils.java:logGet(43)) - raft.server.notification.no-leader.timeout = 120s (custom)
2019-10-04 19:10:09,448 [pool-433-thread-1] INFO  server.RaftServerConfigKeys (ConfUtils.java:logGet(43)) - raft.server.log.use.memory = false (default)
2019-10-04 19:10:09,449 [pool-433-thread-1] INFO  server.RaftServerConfigKeys (ConfUtils.java:logGet(43)) - raft.server.log.purge.gap = 1000000 (custom)
2019-10-04 19:10:09,449 [pool-433-thread-1] INFO  server.RaftServerConfigKeys (ConfUtils.java:logGet(43)) - raft.server.log.appender.buffer.byte-limit = 33554432 (custom)
2019-10-04 19:10:09,449 [pool-433-thread-1] INFO  server.RaftServerConfigKeys (ConfUtils.java:logGet(43)) - raft.server.log.segment.size.max = 1048576 (custom)
2019-10-04 19:10:09,450 [pool-433-thread-1] INFO  server.RaftServerConfigKeys (ConfUtils.java:logGet(43)) - raft.server.log.segment.cache.num.max = 2 (custom)
2019-10-04 19:10:09,450 [pool-433-thread-1] INFO  segmented.SegmentedRaftLogWorker (SegmentedRaftLogWorker.java:<init>(173)) - new c56b8268-e928-47ca-a683-df8d3007b982@group-A0C998AEA5F2-SegmentedRaftLogWorker for RaftStorage:Storage Directory /workdir/hadoop-ozone/integration-test/target/test-dir/MiniOzoneClusterImpl-ff688d9a-9cad-4e06-a7c3-b08bdc3e7b45/datanode-5/data/ratis/197ba412-4936-45b8-b1cf-a0c998aea5f2
2019-10-04 19:10:09,450 [pool-433-thread-1] INFO  server.RaftServerConfigKeys (ConfUtils.java:logGet(43)) - raft.server.log.queue.byte-limit = 2147483647 (custom)
2019-10-04 19:10:09,450 [pool-433-thread-1] INFO  server.RaftServerConfigKeys (ConfUtils.java:logGet(43)) - raft.server.log.queue.element-limit = 1024 (custom)
2019-10-04 19:10:09,450 [pool-433-thread-1] INFO  server.RaftServerConfigKeys (ConfUtils.java:logGet(43)) - raft.server.log.segment.size.max = 1048576 (custom)
2019-10-04 19:10:09,450 [pool-433-thread-1] INFO  server.RaftServerConfigKeys (ConfUtils.java:logGet(43)) - raft.server.log.preallocated.size = 16384 (custom)
2019-10-04 19:10:09,451 [pool-433-thread-1] INFO  server.RaftServerConfigKeys (ConfUtils.java:logGet(43)) - raft.server.log.write.buffer.size = 33554432 (custom)
2019-10-04 19:10:09,451 [pool-433-thread-1] INFO  server.RaftServerConfigKeys (ConfUtils.java:logGet(43)) - raft.server.log.force.sync.num = 128 (default)
2019-10-04 19:10:09,451 [pool-433-thread-1] INFO  server.RaftServerConfigKeys (ConfUtils.java:logGet(43)) - raft.server.log.statemachine.data.sync = true (default)
2019-10-04 19:10:09,451 [pool-433-thread-1] INFO  server.RaftServerConfigKeys (ConfUtils.java:logGet(43)) - raft.server.log.statemachine.data.sync.timeout = 10s (default)
2019-10-04 19:10:09,451 [pool-433-thread-1] INFO  server.RaftServerConfigKeys (ConfUtils.java:logGet(43)) - raft.server.log.statemachine.data.sync.timeout.retry = -1 (default)
2019-10-04 19:10:09,451 [pool-433-thread-1] INFO  server.RaftServerConfigKeys (ConfUtils.java:logGet(43)) - raft.server.log.statemachine.data.caching.enabled = true (custom)
2019-10-04 19:10:09,451 [pool-433-thread-1] INFO  segmented.SegmentedRaftLogWorker (SegmentedRaftLogWorker.java:lambda$new$0(128)) - c56b8268-e928-47ca-a683-df8d3007b982@group-A0C998AEA5F2-SegmentedRaftLogWorker: flushIndex: setUnconditionally 0 -> -1
2019-10-04 19:10:09,452 [pool-433-thread-1] INFO  server.RaftServerConfigKeys (ConfUtils.java:logGet(43)) - raft.server.snapshot.auto.trigger.enabled = true (custom)
2019-10-04 19:10:09,452 [pool-433-thread-1] INFO  server.RaftServerConfigKeys (ConfUtils.java:logGet(43)) - raft.server.snapshot.auto.trigger.threshold = 10000 (custom)
2019-10-04 19:10:09,452 [pool-433-thread-1] INFO  server.RaftServerConfigKeys (ConfUtils.java:logGet(43)) - raft.server.snapshot.retention.file.num = 5 (custom)
2019-10-04 19:10:09,452 [pool-433-thread-1] INFO  server.RaftServerConfigKeys (ConfUtils.java:logGet(43)) - raft.server.retrycache.expirytime = 600000ms (custom)
2019-10-04 19:10:09,453 [pool-433-thread-1] INFO  impl.RaftServerImpl (RaftServerImpl.java:start(181)) - c56b8268-e928-47ca-a683-df8d3007b982@group-A0C998AEA5F2: start as a follower, conf=-1: [c56b8268-e928-47ca-a683-df8d3007b982:192.168.30.46:33788], old=null
2019-10-04 19:10:09,453 [pool-433-thread-1] INFO  impl.RaftServerImpl (RaftServerImpl.java:setRole(170)) - c56b8268-e928-47ca-a683-df8d3007b982@group-A0C998AEA5F2: changes role from      null to FOLLOWER at term 0 for startAsFollower
2019-10-04 19:10:09,453 [pool-433-thread-1] INFO  impl.RoleInfo (RoleInfo.java:updateAndGet(143)) - c56b8268-e928-47ca-a683-df8d3007b982: start FollowerState
2019-10-04 19:10:09,453 [pool-433-thread-1] INFO  util.JmxRegister (JmxRegister.java:tryRegister(44)) - Successfully registered JMX Bean with object name Ratis:service=RaftServer,group=group-A0C998AEA5F2,id=c56b8268-e928-47ca-a683-df8d3007b982
2019-10-04 19:10:09,461 [RatisPipelineUtilsThread] INFO  pipeline.PipelineStateManager (PipelineStateManager.java:addPipeline(56)) - Created pipeline Pipeline[ Id: 197ba412-4936-45b8-b1cf-a0c998aea5f2, Nodes: c56b8268-e928-47ca-a683-df8d3007b982{ip: 192.168.30.46, host: pr-hdds-2164-trunk-n6c85-931752109, networkLocation: /default-rack, certSerialId: null}, Type:RATIS, Factor:ONE, State:OPEN]
2019-10-04 19:10:09,476 [grpc-default-executor-2] INFO  impl.RaftServerProxy (RaftServerProxy.java:addNew(89)) - 305894a3-3ceb-4f1b-8a7b-c33e533b74de: addNew group-F303F8C6ECF7:[305894a3-3ceb-4f1b-8a7b-c33e533b74de:192.168.30.46:37757] returns group-F303F8C6ECF7:java.util.concurrent.CompletableFuture@13a58d6a[Not completed]
2019-10-04 19:10:09,478 [pool-443-thread-1] INFO  impl.RaftServerImpl (RaftServerImpl.java:<init>(95)) - 305894a3-3ceb-4f1b-8a7b-c33e533b74de: new RaftServerImpl for group-F303F8C6ECF7:[305894a3-3ceb-4f1b-8a7b-c33e533b74de:192.168.30.46:37757] with ContainerStateMachine:uninitialized
2019-10-04 19:10:09,478 [pool-443-thread-1] INFO  server.RaftServerConfigKeys (ConfUtils.java:logGet(43)) - raft.server.rpc.timeout.min = 5s (custom)
2019-10-04 19:10:09,478 [pool-443-thread-1] INFO  server.RaftServerConfigKeys (ConfUtils.java:logGet(43)) - raft.server.rpc.timeout.max = 5200ms (custom)
2019-10-04 19:10:09,478 [pool-443-thread-1] INFO  server.RaftServerConfigKeys (ConfUtils.java:logGet(43)) - raft.server.rpcslowness.timeout = 120s (custom)
2019-10-04 19:10:09,478 [pool-443-thread-1] INFO  server.RaftServerConfigKeys (ConfUtils.java:logGet(43)) - raft.server.sleep.deviation.threshold = 300 (default)
2019-10-04 19:10:09,478 [pool-443-thread-1] INFO  server.RaftServerConfigKeys (ConfUtils.java:logGet(43)) - raft.server.log.appender.install.snapshot.enabled = false (custom)
2019-10-04 19:10:09,478 [pool-443-thread-1] INFO  impl.RaftServerImpl (ServerState.java:<init>(103)) - 305894a3-3ceb-4f1b-8a7b-c33e533b74de@group-F303F8C6ECF7: ConfigurationManager, init=-1: [305894a3-3ceb-4f1b-8a7b-c33e533b74de:192.168.30.46:37757], old=null, confs=<EMPTY_MAP>
2019-10-04 19:10:09,478 [pool-443-thread-1] INFO  server.RaftServerConfigKeys (ConfUtils.java:logGet(43)) - raft.server.storage.dir = [/workdir/hadoop-ozone/integration-test/target/test-dir/MiniOzoneClusterImpl-ff688d9a-9cad-4e06-a7c3-b08bdc3e7b45/datanode-6/data/ratis] (custom)
2019-10-04 19:10:09,479 [pool-443-thread-1] INFO  server.RaftServerConfigKeys (ConfUtils.java:logGet(43)) - raft.server.log.corruption.policy = EXCEPTION (default)
2019-10-04 19:10:09,479 [pool-443-thread-1] INFO  storage.RaftStorageDirectory (RaftStorageDirectory.java:analyzeStorage(246)) - The storage directory /workdir/hadoop-ozone/integration-test/target/test-dir/MiniOzoneClusterImpl-ff688d9a-9cad-4e06-a7c3-b08bdc3e7b45/datanode-6/data/ratis/06a36268-c125-4be0-9a64-f303f8c6ecf7 does not exist. Creating ...
2019-10-04 19:10:09,506 [pool-443-thread-1] INFO  storage.RaftStorageDirectory (RaftStorageDirectory.java:tryLock(328)) - Lock on /workdir/hadoop-ozone/integration-test/target/test-dir/MiniOzoneClusterImpl-ff688d9a-9cad-4e06-a7c3-b08bdc3e7b45/datanode-6/data/ratis/06a36268-c125-4be0-9a64-f303f8c6ecf7/in_use.lock acquired by nodename 773@pr-hdds-2164-trunk-n6c85-931752109
2019-10-04 19:10:09,540 [pool-443-thread-1] INFO  storage.RaftStorage (RaftStorage.java:format(84)) - Storage directory /workdir/hadoop-ozone/integration-test/target/test-dir/MiniOzoneClusterImpl-ff688d9a-9cad-4e06-a7c3-b08bdc3e7b45/datanode-6/data/ratis/06a36268-c125-4be0-9a64-f303f8c6ecf7 has been successfully formatted.
2019-10-04 19:10:09,541 [pool-443-thread-1] INFO  ratis.ContainerStateMachine (ContainerStateMachine.java:loadSnapshot(230)) - group-F303F8C6ECF7: The snapshot info is null. Setting the last applied indexto:(t:0, i:~)
2019-10-04 19:10:09,541 [pool-443-thread-1] INFO  server.RaftServerConfigKeys (ConfUtils.java:logGet(43)) - raft.server.notification.no-leader.timeout = 120s (custom)
2019-10-04 19:10:09,541 [pool-443-thread-1] INFO  server.RaftServerConfigKeys (ConfUtils.java:logGet(43)) - raft.server.log.use.memory = false (default)
2019-10-04 19:10:09,541 [pool-443-thread-1] INFO  server.RaftServerConfigKeys (ConfUtils.java:logGet(43)) - raft.server.log.purge.gap = 1000000 (custom)
2019-10-04 19:10:09,541 [pool-443-thread-1] INFO  server.RaftServerConfigKeys (ConfUtils.java:logGet(43)) - raft.server.log.appender.buffer.byte-limit = 33554432 (custom)
2019-10-04 19:10:09,541 [pool-443-thread-1] INFO  server.RaftServerConfigKeys (ConfUtils.java:logGet(43)) - raft.server.log.segment.size.max = 1048576 (custom)
2019-10-04 19:10:09,544 [pool-443-thread-1] INFO  server.RaftServerConfigKeys (ConfUtils.java:logGet(43)) - raft.server.log.segment.cache.num.max = 2 (custom)
2019-10-04 19:10:09,544 [pool-443-thread-1] INFO  segmented.SegmentedRaftLogWorker (SegmentedRaftLogWorker.java:<init>(173)) - new 305894a3-3ceb-4f1b-8a7b-c33e533b74de@group-F303F8C6ECF7-SegmentedRaftLogWorker for RaftStorage:Storage Directory /workdir/hadoop-ozone/integration-test/target/test-dir/MiniOzoneClusterImpl-ff688d9a-9cad-4e06-a7c3-b08bdc3e7b45/datanode-6/data/ratis/06a36268-c125-4be0-9a64-f303f8c6ecf7
2019-10-04 19:10:09,544 [pool-443-thread-1] INFO  server.RaftServerConfigKeys (ConfUtils.java:logGet(43)) - raft.server.log.queue.byte-limit = 2147483647 (custom)
2019-10-04 19:10:09,544 [pool-443-thread-1] INFO  server.RaftServerConfigKeys (ConfUtils.java:logGet(43)) - raft.server.log.queue.element-limit = 1024 (custom)
2019-10-04 19:10:09,544 [pool-443-thread-1] INFO  server.RaftServerConfigKeys (ConfUtils.java:logGet(43)) - raft.server.log.segment.size.max = 1048576 (custom)
2019-10-04 19:10:09,544 [pool-443-thread-1] INFO  server.RaftServerConfigKeys (ConfUtils.java:logGet(43)) - raft.server.log.preallocated.size = 16384 (custom)
2019-10-04 19:10:09,544 [pool-443-thread-1] INFO  server.RaftServerConfigKeys (ConfUtils.java:logGet(43)) - raft.server.log.write.buffer.size = 33554432 (custom)
2019-10-04 19:10:09,545 [pool-443-thread-1] INFO  server.RaftServerConfigKeys (ConfUtils.java:logGet(43)) - raft.server.log.force.sync.num = 128 (default)
2019-10-04 19:10:09,545 [pool-443-thread-1] INFO  server.RaftServerConfigKeys (ConfUtils.java:logGet(43)) - raft.server.log.statemachine.data.sync = true (default)
2019-10-04 19:10:09,545 [pool-443-thread-1] INFO  server.RaftServerConfigKeys (ConfUtils.java:logGet(43)) - raft.server.log.statemachine.data.sync.timeout = 10s (default)
2019-10-04 19:10:09,545 [pool-443-thread-1] INFO  server.RaftServerConfigKeys (ConfUtils.java:logGet(43)) - raft.server.log.statemachine.data.sync.timeout.retry = -1 (default)
2019-10-04 19:10:09,545 [pool-443-thread-1] INFO  server.RaftServerConfigKeys (ConfUtils.java:logGet(43)) - raft.server.log.statemachine.data.caching.enabled = true (custom)
2019-10-04 19:10:09,546 [pool-443-thread-1] INFO  segmented.SegmentedRaftLogWorker (SegmentedRaftLogWorker.java:lambda$new$0(128)) - 305894a3-3ceb-4f1b-8a7b-c33e533b74de@group-F303F8C6ECF7-SegmentedRaftLogWorker: flushIndex: setUnconditionally 0 -> -1
2019-10-04 19:10:09,546 [pool-443-thread-1] INFO  server.RaftServerConfigKeys (ConfUtils.java:logGet(43)) - raft.server.snapshot.auto.trigger.enabled = true (custom)
2019-10-04 19:10:09,546 [pool-443-thread-1] INFO  server.RaftServerConfigKeys (ConfUtils.java:logGet(43)) - raft.server.snapshot.auto.trigger.threshold = 10000 (custom)
2019-10-04 19:10:09,546 [pool-443-thread-1] INFO  server.RaftServerConfigKeys (ConfUtils.java:logGet(43)) - raft.server.snapshot.retention.file.num = 5 (custom)
2019-10-04 19:10:09,546 [pool-443-thread-1] INFO  server.RaftServerConfigKeys (ConfUtils.java:logGet(43)) - raft.server.retrycache.expirytime = 600000ms (custom)
2019-10-04 19:10:09,548 [pool-443-thread-1] INFO  impl.RaftServerImpl (RaftServerImpl.java:start(181)) - 305894a3-3ceb-4f1b-8a7b-c33e533b74de@group-F303F8C6ECF7: start as a follower, conf=-1: [305894a3-3ceb-4f1b-8a7b-c33e533b74de:192.168.30.46:37757], old=null
2019-10-04 19:10:09,548 [pool-443-thread-1] INFO  impl.RaftServerImpl (RaftServerImpl.java:setRole(170)) - 305894a3-3ceb-4f1b-8a7b-c33e533b74de@group-F303F8C6ECF7: changes role from      null to FOLLOWER at term 0 for startAsFollower
2019-10-04 19:10:09,548 [pool-443-thread-1] INFO  impl.RoleInfo (RoleInfo.java:updateAndGet(143)) - 305894a3-3ceb-4f1b-8a7b-c33e533b74de: start FollowerState
2019-10-04 19:10:09,549 [pool-443-thread-1] INFO  util.JmxRegister (JmxRegister.java:tryRegister(44)) - Successfully registered JMX Bean with object name Ratis:service=RaftServer,group=group-F303F8C6ECF7,id=305894a3-3ceb-4f1b-8a7b-c33e533b74de
2019-10-04 19:10:09,556 [RatisPipelineUtilsThread] INFO  pipeline.PipelineStateManager (PipelineStateManager.java:addPipeline(56)) - Created pipeline Pipeline[ Id: 06a36268-c125-4be0-9a64-f303f8c6ecf7, Nodes: 305894a3-3ceb-4f1b-8a7b-c33e533b74de{ip: 192.168.30.46, host: pr-hdds-2164-trunk-n6c85-931752109, networkLocation: /default-rack, certSerialId: null}, Type:RATIS, Factor:ONE, State:OPEN]
2019-10-04 19:10:09,572 [grpc-default-executor-1] INFO  impl.RaftServerProxy (RaftServerProxy.java:addNew(89)) - c56b8268-e928-47ca-a683-df8d3007b982: addNew group-2C6A887D185A:[c56b8268-e928-47ca-a683-df8d3007b982:192.168.30.46:33788, 186ee64a-98ca-4bb3-a60d-6aa1a982aad3:192.168.30.46:34369, e2c8746f-04d7-450a-a5ce-8e7d8acae5e5:192.168.30.46:36760] returns group-2C6A887D185A:java.util.concurrent.CompletableFuture@5842acb3[Not completed]
2019-10-04 19:10:09,575 [grpc-default-executor-1] INFO  impl.RaftServerProxy (RaftServerProxy.java:addNew(89)) - e2c8746f-04d7-450a-a5ce-8e7d8acae5e5: addNew group-2C6A887D185A:[c56b8268-e928-47ca-a683-df8d3007b982:192.168.30.46:33788, 186ee64a-98ca-4bb3-a60d-6aa1a982aad3:192.168.30.46:34369, e2c8746f-04d7-450a-a5ce-8e7d8acae5e5:192.168.30.46:36760] returns group-2C6A887D185A:java.util.concurrent.CompletableFuture@25d1cb65[Not completed]
2019-10-04 19:10:09,578 [grpc-default-executor-4] INFO  impl.RaftServerProxy (RaftServerProxy.java:addNew(89)) - 186ee64a-98ca-4bb3-a60d-6aa1a982aad3: addNew group-2C6A887D185A:[c56b8268-e928-47ca-a683-df8d3007b982:192.168.30.46:33788, 186ee64a-98ca-4bb3-a60d-6aa1a982aad3:192.168.30.46:34369, e2c8746f-04d7-450a-a5ce-8e7d8acae5e5:192.168.30.46:36760] returns group-2C6A887D185A:java.util.concurrent.CompletableFuture@4cc0cec8[Not completed]
2019-10-04 19:10:09,579 [pool-433-thread-1] INFO  impl.RaftServerImpl (RaftServerImpl.java:<init>(95)) - c56b8268-e928-47ca-a683-df8d3007b982: new RaftServerImpl for group-2C6A887D185A:[c56b8268-e928-47ca-a683-df8d3007b982:192.168.30.46:33788, 186ee64a-98ca-4bb3-a60d-6aa1a982aad3:192.168.30.46:34369, e2c8746f-04d7-450a-a5ce-8e7d8acae5e5:192.168.30.46:36760] with ContainerStateMachine:uninitialized
2019-10-04 19:10:09,579 [pool-433-thread-1] INFO  server.RaftServerConfigKeys (ConfUtils.java:logGet(43)) - raft.server.rpc.timeout.min = 5s (custom)
2019-10-04 19:10:09,579 [pool-433-thread-1] INFO  server.RaftServerConfigKeys (ConfUtils.java:logGet(43)) - raft.server.rpc.timeout.max = 5200ms (custom)
2019-10-04 19:10:09,579 [pool-433-thread-1] INFO  server.RaftServerConfigKeys (ConfUtils.java:logGet(43)) - raft.server.rpcslowness.timeout = 120s (custom)
2019-10-04 19:10:09,579 [pool-433-thread-1] INFO  server.RaftServerConfigKeys (ConfUtils.java:logGet(43)) - raft.server.sleep.deviation.threshold = 300 (default)
2019-10-04 19:10:09,579 [pool-413-thread-1] INFO  impl.RaftServerImpl (RaftServerImpl.java:<init>(95)) - 186ee64a-98ca-4bb3-a60d-6aa1a982aad3: new RaftServerImpl for group-2C6A887D185A:[c56b8268-e928-47ca-a683-df8d3007b982:192.168.30.46:33788, 186ee64a-98ca-4bb3-a60d-6aa1a982aad3:192.168.30.46:34369, e2c8746f-04d7-450a-a5ce-8e7d8acae5e5:192.168.30.46:36760] with ContainerStateMachine:uninitialized
2019-10-04 19:10:09,579 [pool-433-thread-1] INFO  server.RaftServerConfigKeys (ConfUtils.java:logGet(43)) - raft.server.log.appender.install.snapshot.enabled = false (custom)
2019-10-04 19:10:09,579 [pool-413-thread-1] INFO  server.RaftServerConfigKeys (ConfUtils.java:logGet(43)) - raft.server.rpc.timeout.min = 5s (custom)
2019-10-04 19:10:09,579 [pool-433-thread-1] INFO  impl.RaftServerImpl (ServerState.java:<init>(103)) - c56b8268-e928-47ca-a683-df8d3007b982@group-2C6A887D185A: ConfigurationManager, init=-1: [c56b8268-e928-47ca-a683-df8d3007b982:192.168.30.46:33788, 186ee64a-98ca-4bb3-a60d-6aa1a982aad3:192.168.30.46:34369, e2c8746f-04d7-450a-a5ce-8e7d8acae5e5:192.168.30.46:36760], old=null, confs=<EMPTY_MAP>
2019-10-04 19:10:09,579 [pool-413-thread-1] INFO  server.RaftServerConfigKeys (ConfUtils.java:logGet(43)) - raft.server.rpc.timeout.max = 5200ms (custom)
2019-10-04 19:10:09,580 [pool-433-thread-1] INFO  server.RaftServerConfigKeys (ConfUtils.java:logGet(43)) - raft.server.storage.dir = [/workdir/hadoop-ozone/integration-test/target/test-dir/MiniOzoneClusterImpl-ff688d9a-9cad-4e06-a7c3-b08bdc3e7b45/datanode-5/data/ratis] (custom)
2019-10-04 19:10:09,580 [pool-423-thread-1] INFO  impl.RaftServerImpl (RaftServerImpl.java:<init>(95)) - e2c8746f-04d7-450a-a5ce-8e7d8acae5e5: new RaftServerImpl for group-2C6A887D185A:[c56b8268-e928-47ca-a683-df8d3007b982:192.168.30.46:33788, 186ee64a-98ca-4bb3-a60d-6aa1a982aad3:192.168.30.46:34369, e2c8746f-04d7-450a-a5ce-8e7d8acae5e5:192.168.30.46:36760] with ContainerStateMachine:uninitialized
2019-10-04 19:10:09,580 [pool-413-thread-1] INFO  server.RaftServerConfigKeys (ConfUtils.java:logGet(43)) - raft.server.rpcslowness.timeout = 120s (custom)
2019-10-04 19:10:09,580 [pool-423-thread-1] INFO  server.RaftServerConfigKeys (ConfUtils.java:logGet(43)) - raft.server.rpc.timeout.min = 5s (custom)
2019-10-04 19:10:09,580 [pool-433-thread-1] INFO  server.RaftServerConfigKeys (ConfUtils.java:logGet(43)) - raft.server.log.corruption.policy = EXCEPTION (default)
2019-10-04 19:10:09,580 [pool-423-thread-1] INFO  server.RaftServerConfigKeys (ConfUtils.java:logGet(43)) - raft.server.rpc.timeout.max = 5200ms (custom)
2019-10-04 19:10:09,580 [pool-413-thread-1] INFO  server.RaftServerConfigKeys (ConfUtils.java:logGet(43)) - raft.server.sleep.deviation.threshold = 300 (default)
2019-10-04 19:10:09,580 [pool-423-thread-1] INFO  server.RaftServerConfigKeys (ConfUtils.java:logGet(43)) - raft.server.rpcslowness.timeout = 120s (custom)
2019-10-04 19:10:09,580 [pool-433-thread-1] INFO  storage.RaftStorageDirectory (RaftStorageDirectory.java:analyzeStorage(246)) - The storage directory /workdir/hadoop-ozone/integration-test/target/test-dir/MiniOzoneClusterImpl-ff688d9a-9cad-4e06-a7c3-b08bdc3e7b45/datanode-5/data/ratis/24ca5fd2-bf39-4325-bb51-2c6a887d185a does not exist. Creating ...
2019-10-04 19:10:09,581 [pool-423-thread-1] INFO  server.RaftServerConfigKeys (ConfUtils.java:logGet(43)) - raft.server.sleep.deviation.threshold = 300 (default)
2019-10-04 19:10:09,580 [pool-413-thread-1] INFO  server.RaftServerConfigKeys (ConfUtils.java:logGet(43)) - raft.server.log.appender.install.snapshot.enabled = false (custom)
2019-10-04 19:10:09,581 [pool-423-thread-1] INFO  server.RaftServerConfigKeys (ConfUtils.java:logGet(43)) - raft.server.log.appender.install.snapshot.enabled = false (custom)
2019-10-04 19:10:09,581 [pool-413-thread-1] INFO  impl.RaftServerImpl (ServerState.java:<init>(103)) - 186ee64a-98ca-4bb3-a60d-6aa1a982aad3@group-2C6A887D185A: ConfigurationManager, init=-1: [c56b8268-e928-47ca-a683-df8d3007b982:192.168.30.46:33788, 186ee64a-98ca-4bb3-a60d-6aa1a982aad3:192.168.30.46:34369, e2c8746f-04d7-450a-a5ce-8e7d8acae5e5:192.168.30.46:36760], old=null, confs=<EMPTY_MAP>
2019-10-04 19:10:09,581 [pool-423-thread-1] INFO  impl.RaftServerImpl (ServerState.java:<init>(103)) - e2c8746f-04d7-450a-a5ce-8e7d8acae5e5@group-2C6A887D185A: ConfigurationManager, init=-1: [c56b8268-e928-47ca-a683-df8d3007b982:192.168.30.46:33788, 186ee64a-98ca-4bb3-a60d-6aa1a982aad3:192.168.30.46:34369, e2c8746f-04d7-450a-a5ce-8e7d8acae5e5:192.168.30.46:36760], old=null, confs=<EMPTY_MAP>
2019-10-04 19:10:09,581 [pool-413-thread-1] INFO  server.RaftServerConfigKeys (ConfUtils.java:logGet(43)) - raft.server.storage.dir = [/workdir/hadoop-ozone/integration-test/target/test-dir/MiniOzoneClusterImpl-ff688d9a-9cad-4e06-a7c3-b08bdc3e7b45/datanode-3/data/ratis] (custom)
2019-10-04 19:10:09,581 [pool-423-thread-1] INFO  server.RaftServerConfigKeys (ConfUtils.java:logGet(43)) - raft.server.storage.dir = [/workdir/hadoop-ozone/integration-test/target/test-dir/MiniOzoneClusterImpl-ff688d9a-9cad-4e06-a7c3-b08bdc3e7b45/datanode-4/data/ratis] (custom)
2019-10-04 19:10:09,581 [pool-413-thread-1] INFO  server.RaftServerConfigKeys (ConfUtils.java:logGet(43)) - raft.server.log.corruption.policy = EXCEPTION (default)
2019-10-04 19:10:09,581 [pool-423-thread-1] INFO  server.RaftServerConfigKeys (ConfUtils.java:logGet(43)) - raft.server.log.corruption.policy = EXCEPTION (default)
2019-10-04 19:10:09,582 [pool-413-thread-1] INFO  storage.RaftStorageDirectory (RaftStorageDirectory.java:analyzeStorage(246)) - The storage directory /workdir/hadoop-ozone/integration-test/target/test-dir/MiniOzoneClusterImpl-ff688d9a-9cad-4e06-a7c3-b08bdc3e7b45/datanode-3/data/ratis/24ca5fd2-bf39-4325-bb51-2c6a887d185a does not exist. Creating ...
2019-10-04 19:10:09,582 [pool-423-thread-1] INFO  storage.RaftStorageDirectory (RaftStorageDirectory.java:analyzeStorage(246)) - The storage directory /workdir/hadoop-ozone/integration-test/target/test-dir/MiniOzoneClusterImpl-ff688d9a-9cad-4e06-a7c3-b08bdc3e7b45/datanode-4/data/ratis/24ca5fd2-bf39-4325-bb51-2c6a887d185a does not exist. Creating ...
2019-10-04 19:10:09,608 [pool-413-thread-1] INFO  storage.RaftStorageDirectory (RaftStorageDirectory.java:tryLock(328)) - Lock on /workdir/hadoop-ozone/integration-test/target/test-dir/MiniOzoneClusterImpl-ff688d9a-9cad-4e06-a7c3-b08bdc3e7b45/datanode-3/data/ratis/24ca5fd2-bf39-4325-bb51-2c6a887d185a/in_use.lock acquired by nodename 773@pr-hdds-2164-trunk-n6c85-931752109
2019-10-04 19:10:09,608 [pool-433-thread-1] INFO  storage.RaftStorageDirectory (RaftStorageDirectory.java:tryLock(328)) - Lock on /workdir/hadoop-ozone/integration-test/target/test-dir/MiniOzoneClusterImpl-ff688d9a-9cad-4e06-a7c3-b08bdc3e7b45/datanode-5/data/ratis/24ca5fd2-bf39-4325-bb51-2c6a887d185a/in_use.lock acquired by nodename 773@pr-hdds-2164-trunk-n6c85-931752109
2019-10-04 19:10:09,608 [pool-423-thread-1] INFO  storage.RaftStorageDirectory (RaftStorageDirectory.java:tryLock(328)) - Lock on /workdir/hadoop-ozone/integration-test/target/test-dir/MiniOzoneClusterImpl-ff688d9a-9cad-4e06-a7c3-b08bdc3e7b45/datanode-4/data/ratis/24ca5fd2-bf39-4325-bb51-2c6a887d185a/in_use.lock acquired by nodename 773@pr-hdds-2164-trunk-n6c85-931752109
2019-10-04 19:10:09,633 [pool-413-thread-1] INFO  storage.RaftStorage (RaftStorage.java:format(84)) - Storage directory /workdir/hadoop-ozone/integration-test/target/test-dir/MiniOzoneClusterImpl-ff688d9a-9cad-4e06-a7c3-b08bdc3e7b45/datanode-3/data/ratis/24ca5fd2-bf39-4325-bb51-2c6a887d185a has been successfully formatted.
2019-10-04 19:10:09,633 [pool-433-thread-1] INFO  storage.RaftStorage (RaftStorage.java:format(84)) - Storage directory /workdir/hadoop-ozone/integration-test/target/test-dir/MiniOzoneClusterImpl-ff688d9a-9cad-4e06-a7c3-b08bdc3e7b45/datanode-5/data/ratis/24ca5fd2-bf39-4325-bb51-2c6a887d185a has been successfully formatted.
2019-10-04 19:10:09,633 [pool-423-thread-1] INFO  storage.RaftStorage (RaftStorage.java:format(84)) - Storage directory /workdir/hadoop-ozone/integration-test/target/test-dir/MiniOzoneClusterImpl-ff688d9a-9cad-4e06-a7c3-b08bdc3e7b45/datanode-4/data/ratis/24ca5fd2-bf39-4325-bb51-2c6a887d185a has been successfully formatted.
2019-10-04 19:10:09,633 [pool-413-thread-1] INFO  ratis.ContainerStateMachine (ContainerStateMachine.java:loadSnapshot(230)) - group-2C6A887D185A: The snapshot info is null. Setting the last applied indexto:(t:0, i:~)
2019-10-04 19:10:09,634 [pool-423-thread-1] INFO  ratis.ContainerStateMachine (ContainerStateMachine.java:loadSnapshot(230)) - group-2C6A887D185A: The snapshot info is null. Setting the last applied indexto:(t:0, i:~)
2019-10-04 19:10:09,634 [pool-433-thread-1] INFO  ratis.ContainerStateMachine (ContainerStateMachine.java:loadSnapshot(230)) - group-2C6A887D185A: The snapshot info is null. Setting the last applied indexto:(t:0, i:~)
2019-10-04 19:10:09,634 [pool-423-thread-1] INFO  server.RaftServerConfigKeys (ConfUtils.java:logGet(43)) - raft.server.notification.no-leader.timeout = 120s (custom)
2019-10-04 19:10:09,634 [pool-413-thread-1] INFO  server.RaftServerConfigKeys (ConfUtils.java:logGet(43)) - raft.server.notification.no-leader.timeout = 120s (custom)
2019-10-04 19:10:09,634 [pool-423-thread-1] INFO  server.RaftServerConfigKeys (ConfUtils.java:logGet(43)) - raft.server.log.use.memory = false (default)
2019-10-04 19:10:09,634 [pool-433-thread-1] INFO  server.RaftServerConfigKeys (ConfUtils.java:logGet(43)) - raft.server.notification.no-leader.timeout = 120s (custom)
2019-10-04 19:10:09,634 [pool-423-thread-1] INFO  server.RaftServerConfigKeys (ConfUtils.java:logGet(43)) - raft.server.log.purge.gap = 1000000 (custom)
2019-10-04 19:10:09,634 [pool-413-thread-1] INFO  server.RaftServerConfigKeys (ConfUtils.java:logGet(43)) - raft.server.log.use.memory = false (default)
2019-10-04 19:10:09,635 [pool-423-thread-1] INFO  server.RaftServerConfigKeys (ConfUtils.java:logGet(43)) - raft.server.log.appender.buffer.byte-limit = 33554432 (custom)
2019-10-04 19:10:09,635 [pool-433-thread-1] INFO  server.RaftServerConfigKeys (ConfUtils.java:logGet(43)) - raft.server.log.use.memory = false (default)
2019-10-04 19:10:09,635 [pool-423-thread-1] INFO  server.RaftServerConfigKeys (ConfUtils.java:logGet(43)) - raft.server.log.segment.size.max = 1048576 (custom)
2019-10-04 19:10:09,635 [pool-413-thread-1] INFO  server.RaftServerConfigKeys (ConfUtils.java:logGet(43)) - raft.server.log.purge.gap = 1000000 (custom)
2019-10-04 19:10:09,635 [pool-423-thread-1] INFO  server.RaftServerConfigKeys (ConfUtils.java:logGet(43)) - raft.server.log.segment.cache.num.max = 2 (custom)
2019-10-04 19:10:09,635 [pool-433-thread-1] INFO  server.RaftServerConfigKeys (ConfUtils.java:logGet(43)) - raft.server.log.purge.gap = 1000000 (custom)
2019-10-04 19:10:09,635 [pool-423-thread-1] INFO  segmented.SegmentedRaftLogWorker (SegmentedRaftLogWorker.java:<init>(173)) - new e2c8746f-04d7-450a-a5ce-8e7d8acae5e5@group-2C6A887D185A-SegmentedRaftLogWorker for RaftStorage:Storage Directory /workdir/hadoop-ozone/integration-test/target/test-dir/MiniOzoneClusterImpl-ff688d9a-9cad-4e06-a7c3-b08bdc3e7b45/datanode-4/data/ratis/24ca5fd2-bf39-4325-bb51-2c6a887d185a
2019-10-04 19:10:09,635 [pool-413-thread-1] INFO  server.RaftServerConfigKeys (ConfUtils.java:logGet(43)) - raft.server.log.appender.buffer.byte-limit = 33554432 (custom)
2019-10-04 19:10:09,635 [pool-423-thread-1] INFO  server.RaftServerConfigKeys (ConfUtils.java:logGet(43)) - raft.server.log.queue.byte-limit = 2147483647 (custom)
2019-10-04 19:10:09,635 [pool-433-thread-1] INFO  server.RaftServerConfigKeys (ConfUtils.java:logGet(43)) - raft.server.log.appender.buffer.byte-limit = 33554432 (custom)
2019-10-04 19:10:09,636 [pool-423-thread-1] INFO  server.RaftServerConfigKeys (ConfUtils.java:logGet(43)) - raft.server.log.queue.element-limit = 1024 (custom)
2019-10-04 19:10:09,636 [pool-413-thread-1] INFO  server.RaftServerConfigKeys (ConfUtils.java:logGet(43)) - raft.server.log.segment.size.max = 1048576 (custom)
2019-10-04 19:10:09,636 [pool-423-thread-1] INFO  server.RaftServerConfigKeys (ConfUtils.java:logGet(43)) - raft.server.log.segment.size.max = 1048576 (custom)
2019-10-04 19:10:09,636 [pool-423-thread-1] INFO  server.RaftServerConfigKeys (ConfUtils.java:logGet(43)) - raft.server.log.preallocated.size = 16384 (custom)
2019-10-04 19:10:09,636 [pool-433-thread-1] INFO  server.RaftServerConfigKeys (ConfUtils.java:logGet(43)) - raft.server.log.segment.size.max = 1048576 (custom)
2019-10-04 19:10:09,636 [pool-423-thread-1] INFO  server.RaftServerConfigKeys (ConfUtils.java:logGet(43)) - raft.server.log.write.buffer.size = 33554432 (custom)
2019-10-04 19:10:09,636 [pool-413-thread-1] INFO  server.RaftServerConfigKeys (ConfUtils.java:logGet(43)) - raft.server.log.segment.cache.num.max = 2 (custom)
2019-10-04 19:10:09,636 [pool-423-thread-1] INFO  server.RaftServerConfigKeys (ConfUtils.java:logGet(43)) - raft.server.log.force.sync.num = 128 (default)
2019-10-04 19:10:09,636 [pool-433-thread-1] INFO  server.RaftServerConfigKeys (ConfUtils.java:logGet(43)) - raft.server.log.segment.cache.num.max = 2 (custom)
2019-10-04 19:10:09,637 [pool-423-thread-1] INFO  server.RaftServerConfigKeys (ConfUtils.java:logGet(43)) - raft.server.log.statemachine.data.sync = true (default)
2019-10-04 19:10:09,637 [pool-413-thread-1] INFO  segmented.SegmentedRaftLogWorker (SegmentedRaftLogWorker.java:<init>(173)) - new 186ee64a-98ca-4bb3-a60d-6aa1a982aad3@group-2C6A887D185A-SegmentedRaftLogWorker for RaftStorage:Storage Directory /workdir/hadoop-ozone/integration-test/target/test-dir/MiniOzoneClusterImpl-ff688d9a-9cad-4e06-a7c3-b08bdc3e7b45/datanode-3/data/ratis/24ca5fd2-bf39-4325-bb51-2c6a887d185a
2019-10-04 19:10:09,637 [pool-423-thread-1] INFO  server.RaftServerConfigKeys (ConfUtils.java:logGet(43)) - raft.server.log.statemachine.data.sync.timeout = 10s (default)
2019-10-04 19:10:09,637 [pool-433-thread-1] INFO  segmented.SegmentedRaftLogWorker (SegmentedRaftLogWorker.java:<init>(173)) - new c56b8268-e928-47ca-a683-df8d3007b982@group-2C6A887D185A-SegmentedRaftLogWorker for RaftStorage:Storage Directory /workdir/hadoop-ozone/integration-test/target/test-dir/MiniOzoneClusterImpl-ff688d9a-9cad-4e06-a7c3-b08bdc3e7b45/datanode-5/data/ratis/24ca5fd2-bf39-4325-bb51-2c6a887d185a
2019-10-04 19:10:09,637 [pool-423-thread-1] INFO  server.RaftServerConfigKeys (ConfUtils.java:logGet(43)) - raft.server.log.statemachine.data.sync.timeout.retry = -1 (default)
2019-10-04 19:10:09,637 [pool-413-thread-1] INFO  server.RaftServerConfigKeys (ConfUtils.java:logGet(43)) - raft.server.log.queue.byte-limit = 2147483647 (custom)
2019-10-04 19:10:09,637 [pool-423-thread-1] INFO  server.RaftServerConfigKeys (ConfUtils.java:logGet(43)) - raft.server.log.statemachine.data.caching.enabled = true (custom)
2019-10-04 19:10:09,637 [pool-433-thread-1] INFO  server.RaftServerConfigKeys (ConfUtils.java:logGet(43)) - raft.server.log.queue.byte-limit = 2147483647 (custom)
2019-10-04 19:10:09,638 [pool-423-thread-1] INFO  segmented.SegmentedRaftLogWorker (SegmentedRaftLogWorker.java:lambda$new$0(128)) - e2c8746f-04d7-450a-a5ce-8e7d8acae5e5@group-2C6A887D185A-SegmentedRaftLogWorker: flushIndex: setUnconditionally 0 -> -1
2019-10-04 19:10:09,637 [pool-413-thread-1] INFO  server.RaftServerConfigKeys (ConfUtils.java:logGet(43)) - raft.server.log.queue.element-limit = 1024 (custom)
2019-10-04 19:10:09,638 [pool-433-thread-1] INFO  server.RaftServerConfigKeys (ConfUtils.java:logGet(43)) - raft.server.log.queue.element-limit = 1024 (custom)
2019-10-04 19:10:09,638 [pool-413-thread-1] INFO  server.RaftServerConfigKeys (ConfUtils.java:logGet(43)) - raft.server.log.segment.size.max = 1048576 (custom)
2019-10-04 19:10:09,638 [pool-423-thread-1] INFO  server.RaftServerConfigKeys (ConfUtils.java:logGet(43)) - raft.server.snapshot.auto.trigger.enabled = true (custom)
2019-10-04 19:10:09,638 [pool-413-thread-1] INFO  server.RaftServerConfigKeys (ConfUtils.java:logGet(43)) - raft.server.log.preallocated.size = 16384 (custom)
2019-10-04 19:10:09,638 [pool-433-thread-1] INFO  server.RaftServerConfigKeys (ConfUtils.java:logGet(43)) - raft.server.log.segment.size.max = 1048576 (custom)
2019-10-04 19:10:09,638 [pool-413-thread-1] INFO  server.RaftServerConfigKeys (ConfUtils.java:logGet(43)) - raft.server.log.write.buffer.size = 33554432 (custom)
2019-10-04 19:10:09,638 [pool-423-thread-1] INFO  server.RaftServerConfigKeys (ConfUtils.java:logGet(43)) - raft.server.snapshot.auto.trigger.threshold = 10000 (custom)
2019-10-04 19:10:09,639 [pool-413-thread-1] INFO  server.RaftServerConfigKeys (ConfUtils.java:logGet(43)) - raft.server.log.force.sync.num = 128 (default)
2019-10-04 19:10:09,639 [pool-433-thread-1] INFO  server.RaftServerConfigKeys (ConfUtils.java:logGet(43)) - raft.server.log.preallocated.size = 16384 (custom)
2019-10-04 19:10:09,639 [pool-413-thread-1] INFO  server.RaftServerConfigKeys (ConfUtils.java:logGet(43)) - raft.server.log.statemachine.data.sync = true (default)
2019-10-04 19:10:09,639 [pool-423-thread-1] INFO  server.RaftServerConfigKeys (ConfUtils.java:logGet(43)) - raft.server.snapshot.retention.file.num = 5 (custom)
2019-10-04 19:10:09,639 [pool-413-thread-1] INFO  server.RaftServerConfigKeys (ConfUtils.java:logGet(43)) - raft.server.log.statemachine.data.sync.timeout = 10s (default)
2019-10-04 19:10:09,639 [pool-433-thread-1] INFO  server.RaftServerConfigKeys (ConfUtils.java:logGet(43)) - raft.server.log.write.buffer.size = 33554432 (custom)
2019-10-04 19:10:09,639 [pool-413-thread-1] INFO  server.RaftServerConfigKeys (ConfUtils.java:logGet(43)) - raft.server.log.statemachine.data.sync.timeout.retry = -1 (default)
2019-10-04 19:10:09,639 [pool-423-thread-1] INFO  server.RaftServerConfigKeys (ConfUtils.java:logGet(43)) - raft.server.retrycache.expirytime = 600000ms (custom)
2019-10-04 19:10:09,640 [pool-413-thread-1] INFO  server.RaftServerConfigKeys (ConfUtils.java:logGet(43)) - raft.server.log.statemachine.data.caching.enabled = true (custom)
2019-10-04 19:10:09,639 [pool-433-thread-1] INFO  server.RaftServerConfigKeys (ConfUtils.java:logGet(43)) - raft.server.log.force.sync.num = 128 (default)
2019-10-04 19:10:09,640 [pool-413-thread-1] INFO  segmented.SegmentedRaftLogWorker (SegmentedRaftLogWorker.java:lambda$new$0(128)) - 186ee64a-98ca-4bb3-a60d-6aa1a982aad3@group-2C6A887D185A-SegmentedRaftLogWorker: flushIndex: setUnconditionally 0 -> -1
2019-10-04 19:10:09,640 [pool-433-thread-1] INFO  server.RaftServerConfigKeys (ConfUtils.java:logGet(43)) - raft.server.log.statemachine.data.sync = true (default)
2019-10-04 19:10:09,640 [pool-433-thread-1] INFO  server.RaftServerConfigKeys (ConfUtils.java:logGet(43)) - raft.server.log.statemachine.data.sync.timeout = 10s (default)
2019-10-04 19:10:09,640 [pool-413-thread-1] INFO  server.RaftServerConfigKeys (ConfUtils.java:logGet(43)) - raft.server.snapshot.auto.trigger.enabled = true (custom)
2019-10-04 19:10:09,640 [pool-433-thread-1] INFO  server.RaftServerConfigKeys (ConfUtils.java:logGet(43)) - raft.server.log.statemachine.data.sync.timeout.retry = -1 (default)
2019-10-04 19:10:09,641 [pool-413-thread-1] INFO  server.RaftServerConfigKeys (ConfUtils.java:logGet(43)) - raft.server.snapshot.auto.trigger.threshold = 10000 (custom)
2019-10-04 19:10:09,641 [pool-433-thread-1] INFO  server.RaftServerConfigKeys (ConfUtils.java:logGet(43)) - raft.server.log.statemachine.data.caching.enabled = true (custom)
2019-10-04 19:10:09,641 [pool-413-thread-1] INFO  server.RaftServerConfigKeys (ConfUtils.java:logGet(43)) - raft.server.snapshot.retention.file.num = 5 (custom)
2019-10-04 19:10:09,641 [pool-413-thread-1] INFO  server.RaftServerConfigKeys (ConfUtils.java:logGet(43)) - raft.server.retrycache.expirytime = 600000ms (custom)
2019-10-04 19:10:09,641 [pool-423-thread-1] INFO  impl.RaftServerImpl (RaftServerImpl.java:start(181)) - e2c8746f-04d7-450a-a5ce-8e7d8acae5e5@group-2C6A887D185A: start as a follower, conf=-1: [c56b8268-e928-47ca-a683-df8d3007b982:192.168.30.46:33788, 186ee64a-98ca-4bb3-a60d-6aa1a982aad3:192.168.30.46:34369, e2c8746f-04d7-450a-a5ce-8e7d8acae5e5:192.168.30.46:36760], old=null
2019-10-04 19:10:09,641 [pool-433-thread-1] INFO  segmented.SegmentedRaftLogWorker (SegmentedRaftLogWorker.java:lambda$new$0(128)) - c56b8268-e928-47ca-a683-df8d3007b982@group-2C6A887D185A-SegmentedRaftLogWorker: flushIndex: setUnconditionally 0 -> -1
2019-10-04 19:10:09,641 [pool-423-thread-1] INFO  impl.RaftServerImpl (RaftServerImpl.java:setRole(170)) - e2c8746f-04d7-450a-a5ce-8e7d8acae5e5@group-2C6A887D185A: changes role from      null to FOLLOWER at term 0 for startAsFollower
2019-10-04 19:10:09,642 [pool-423-thread-1] INFO  impl.RoleInfo (RoleInfo.java:updateAndGet(143)) - e2c8746f-04d7-450a-a5ce-8e7d8acae5e5: start FollowerState
2019-10-04 19:10:09,642 [pool-433-thread-1] INFO  server.RaftServerConfigKeys (ConfUtils.java:logGet(43)) - raft.server.snapshot.auto.trigger.enabled = true (custom)
2019-10-04 19:10:09,642 [pool-433-thread-1] INFO  server.RaftServerConfigKeys (ConfUtils.java:logGet(43)) - raft.server.snapshot.auto.trigger.threshold = 10000 (custom)
2019-10-04 19:10:09,642 [pool-423-thread-1] INFO  util.JmxRegister (JmxRegister.java:tryRegister(44)) - Successfully registered JMX Bean with object name Ratis:service=RaftServer,group=group-2C6A887D185A,id=e2c8746f-04d7-450a-a5ce-8e7d8acae5e5
2019-10-04 19:10:09,642 [pool-433-thread-1] INFO  server.RaftServerConfigKeys (ConfUtils.java:logGet(43)) - raft.server.snapshot.retention.file.num = 5 (custom)
2019-10-04 19:10:09,642 [pool-433-thread-1] INFO  server.RaftServerConfigKeys (ConfUtils.java:logGet(43)) - raft.server.retrycache.expirytime = 600000ms (custom)
2019-10-04 19:10:09,643 [pool-413-thread-1] INFO  impl.RaftServerImpl (RaftServerImpl.java:start(181)) - 186ee64a-98ca-4bb3-a60d-6aa1a982aad3@group-2C6A887D185A: start as a follower, conf=-1: [c56b8268-e928-47ca-a683-df8d3007b982:192.168.30.46:33788, 186ee64a-98ca-4bb3-a60d-6aa1a982aad3:192.168.30.46:34369, e2c8746f-04d7-450a-a5ce-8e7d8acae5e5:192.168.30.46:36760], old=null
2019-10-04 19:10:09,643 [pool-413-thread-1] INFO  impl.RaftServerImpl (RaftServerImpl.java:setRole(170)) - 186ee64a-98ca-4bb3-a60d-6aa1a982aad3@group-2C6A887D185A: changes role from      null to FOLLOWER at term 0 for startAsFollower
2019-10-04 19:10:09,643 [pool-413-thread-1] INFO  impl.RoleInfo (RoleInfo.java:updateAndGet(143)) - 186ee64a-98ca-4bb3-a60d-6aa1a982aad3: start FollowerState
2019-10-04 19:10:09,643 [pool-413-thread-1] INFO  util.JmxRegister (JmxRegister.java:tryRegister(44)) - Successfully registered JMX Bean with object name Ratis:service=RaftServer,group=group-2C6A887D185A,id=186ee64a-98ca-4bb3-a60d-6aa1a982aad3
2019-10-04 19:10:09,651 [pool-433-thread-1] INFO  impl.RaftServerImpl (RaftServerImpl.java:start(181)) - c56b8268-e928-47ca-a683-df8d3007b982@group-2C6A887D185A: start as a follower, conf=-1: [c56b8268-e928-47ca-a683-df8d3007b982:192.168.30.46:33788, 186ee64a-98ca-4bb3-a60d-6aa1a982aad3:192.168.30.46:34369, e2c8746f-04d7-450a-a5ce-8e7d8acae5e5:192.168.30.46:36760], old=null
2019-10-04 19:10:09,651 [pool-433-thread-1] INFO  impl.RaftServerImpl (RaftServerImpl.java:setRole(170)) - c56b8268-e928-47ca-a683-df8d3007b982@group-2C6A887D185A: changes role from      null to FOLLOWER at term 0 for startAsFollower
2019-10-04 19:10:09,651 [pool-433-thread-1] INFO  impl.RoleInfo (RoleInfo.java:updateAndGet(143)) - c56b8268-e928-47ca-a683-df8d3007b982: start FollowerState
2019-10-04 19:10:09,651 [pool-433-thread-1] INFO  util.JmxRegister (JmxRegister.java:tryRegister(44)) - Successfully registered JMX Bean with object name Ratis:service=RaftServer,group=group-2C6A887D185A,id=c56b8268-e928-47ca-a683-df8d3007b982
2019-10-04 19:10:09,660 [RatisPipelineUtilsThread] INFO  pipeline.PipelineStateManager (PipelineStateManager.java:addPipeline(56)) - Created pipeline Pipeline[ Id: 24ca5fd2-bf39-4325-bb51-2c6a887d185a, Nodes: 186ee64a-98ca-4bb3-a60d-6aa1a982aad3{ip: 192.168.30.46, host: pr-hdds-2164-trunk-n6c85-931752109, networkLocation: /default-rack, certSerialId: null}e2c8746f-04d7-450a-a5ce-8e7d8acae5e5{ip: 192.168.30.46, host: pr-hdds-2164-trunk-n6c85-931752109, networkLocation: /default-rack, certSerialId: null}c56b8268-e928-47ca-a683-df8d3007b982{ip: 192.168.30.46, host: pr-hdds-2164-trunk-n6c85-931752109, networkLocation: /default-rack, certSerialId: null}, Type:RATIS, Factor:THREE, State:OPEN]
2019-10-04 19:10:10,098 [grpc-default-executor-1] WARN  server.GrpcLogAppender (LogUtils.java:warn(134)) - 0c740033-5552-4d27-ab2d-faeb035c7a1c@group-07353A2AD167->1553187d-9ebc-4ae0-ad21-5383f7672836-AppendLogResponseHandler: Failed appendEntries: org.apache.ratis.thirdparty.io.grpc.StatusRuntimeException: UNAVAILABLE: io exception
2019-10-04 19:10:10,098 [grpc-default-executor-0] WARN  server.GrpcLogAppender (LogUtils.java:warn(134)) - 0c740033-5552-4d27-ab2d-faeb035c7a1c@group-07353A2AD167->ab77a81b-e30a-4472-9397-726189fd159d-AppendLogResponseHandler: Failed appendEntries: org.apache.ratis.thirdparty.io.grpc.StatusRuntimeException: UNAVAILABLE: io exception
2019-10-04 19:10:10,104 [grpc-default-executor-1] INFO  impl.FollowerInfo (FollowerInfo.java:lambda$new$0(51)) - 0c740033-5552-4d27-ab2d-faeb035c7a1c@group-07353A2AD167->1553187d-9ebc-4ae0-ad21-5383f7672836: nextIndex: updateUnconditionally 0 -> 0
2019-10-04 19:10:10,104 [grpc-default-executor-0] INFO  impl.FollowerInfo (FollowerInfo.java:lambda$new$0(51)) - 0c740033-5552-4d27-ab2d-faeb035c7a1c@group-07353A2AD167->ab77a81b-e30a-4472-9397-726189fd159d: nextIndex: updateUnconditionally 0 -> 0
2019-10-04 19:10:11,776 [Thread-2287] INFO  container.ReplicationManager (ReplicationManager.java:start(162)) - Starting Replication Monitor Thread.
2019-10-04 19:10:11,782 [ReplicationMonitor] INFO  container.ReplicationManager (ReplicationManager.java:run(225)) - Replication Monitor Thread took 0 milliseconds for processing 1 containers.
2019-10-04 19:10:12,562 [Thread-2345] INFO  client.GrpcClientProtocolService (GrpcClientProtocolService.java:lambda$processClientRequest$0(278)) - Failed RaftClientRequest:client-FE4EA3053458->0c740033-5552-4d27-ab2d-faeb035c7a1c@group-07353A2AD167, cid=67, seq=0, Watch-ALL_COMMITTED(33), Message:<EMPTY>, reply=RaftClientReply:client-FE4EA3053458->0c740033-5552-4d27-ab2d-faeb035c7a1c@group-07353A2AD167, cid=67, FAILED org.apache.ratis.protocol.NotReplicatedException: Request with call Id 67 and log index 33 is not yet replicated to ALL_COMMITTED, logIndex=33, commits[0c740033-5552-4d27-ab2d-faeb035c7a1c:c2, ab77a81b-e30a-4472-9397-726189fd159d:c2, 1553187d-9ebc-4ae0-ad21-5383f7672836:c2]
2019-10-04 19:10:12,563 [Thread-2346] INFO  client.GrpcClientProtocolService (GrpcClientProtocolService.java:lambda$processClientRequest$0(278)) - Failed RaftClientRequest:client-FE4EA3053458->0c740033-5552-4d27-ab2d-faeb035c7a1c@group-07353A2AD167, cid=68, seq=0, Watch-MAJORITY_COMMITTED(33), Message:<EMPTY>, reply=RaftClientReply:client-FE4EA3053458->0c740033-5552-4d27-ab2d-faeb035c7a1c@group-07353A2AD167, cid=68, FAILED org.apache.ratis.protocol.NotReplicatedException: Request with call Id 68 and log index 33 is not yet replicated to MAJORITY_COMMITTED, logIndex=33, commits[0c740033-5552-4d27-ab2d-faeb035c7a1c:c2, ab77a81b-e30a-4472-9397-726189fd159d:c2, 1553187d-9ebc-4ae0-ad21-5383f7672836:c2]
2019-10-04 19:10:12,599 [grpc-default-executor-9] WARN  server.GrpcLogAppender (LogUtils.java:warn(134)) - 0c740033-5552-4d27-ab2d-faeb035c7a1c@group-07353A2AD167->ab77a81b-e30a-4472-9397-726189fd159d-AppendLogResponseHandler: Failed appendEntries: org.apache.ratis.thirdparty.io.grpc.StatusRuntimeException: UNAVAILABLE: io exception
2019-10-04 19:10:12,603 [grpc-default-executor-4] WARN  server.GrpcLogAppender (LogUtils.java:warn(134)) - 0c740033-5552-4d27-ab2d-faeb035c7a1c@group-07353A2AD167->1553187d-9ebc-4ae0-ad21-5383f7672836-AppendLogResponseHandler: Failed appendEntries: org.apache.ratis.thirdparty.io.grpc.StatusRuntimeException: UNAVAILABLE: io exception
2019-10-04 19:10:12,607 [grpc-default-executor-9] INFO  impl.FollowerInfo (FollowerInfo.java:lambda$new$0(51)) - 0c740033-5552-4d27-ab2d-faeb035c7a1c@group-07353A2AD167->ab77a81b-e30a-4472-9397-726189fd159d: nextIndex: updateUnconditionally 0 -> 0
2019-10-04 19:10:12,607 [grpc-default-executor-4] INFO  impl.FollowerInfo (FollowerInfo.java:lambda$new$0(51)) - 0c740033-5552-4d27-ab2d-faeb035c7a1c@group-07353A2AD167->1553187d-9ebc-4ae0-ad21-5383f7672836: nextIndex: updateUnconditionally 0 -> 0
2019-10-04 19:10:13,924 [Thread-2289] INFO  impl.FollowerState (FollowerState.java:run(108)) - f8788253-f07e-441c-873f-001f69d2ed53@group-3E3AB9C6DBA8-FollowerState: change to CANDIDATE, lastRpcTime:5075ms, electionTimeout:5075ms
2019-10-04 19:10:13,924 [Thread-2289] INFO  impl.RoleInfo (RoleInfo.java:shutdownFollowerState(121)) - f8788253-f07e-441c-873f-001f69d2ed53: shutdown FollowerState
2019-10-04 19:10:13,924 [Thread-2289] INFO  impl.RaftServerImpl (RaftServerImpl.java:setRole(170)) - f8788253-f07e-441c-873f-001f69d2ed53@group-3E3AB9C6DBA8: changes role from  FOLLOWER to CANDIDATE at term 0 for changeToCandidate
2019-10-04 19:10:13,924 [Thread-2289] INFO  impl.RoleInfo (RoleInfo.java:updateAndGet(143)) - f8788253-f07e-441c-873f-001f69d2ed53: start LeaderElection
2019-10-04 19:10:14,083 [Thread-2292] INFO  impl.FollowerState (FollowerState.java:run(108)) - 2f04ad78-21d6-40a9-8059-e90713547566@group-7B5AE0C66486-FollowerState: change to CANDIDATE, lastRpcTime:5164ms, electionTimeout:5164ms
2019-10-04 19:10:14,084 [Thread-2292] INFO  impl.RoleInfo (RoleInfo.java:shutdownFollowerState(121)) - 2f04ad78-21d6-40a9-8059-e90713547566: shutdown FollowerState
2019-10-04 19:10:14,084 [Thread-2292] INFO  impl.RaftServerImpl (RaftServerImpl.java:setRole(170)) - 2f04ad78-21d6-40a9-8059-e90713547566@group-7B5AE0C66486: changes role from  FOLLOWER to CANDIDATE at term 0 for changeToCandidate
2019-10-04 19:10:14,084 [Thread-2292] INFO  impl.RoleInfo (RoleInfo.java:updateAndGet(143)) - 2f04ad78-21d6-40a9-8059-e90713547566: start LeaderElection
2019-10-04 19:10:14,200 [Thread-2295] INFO  impl.FollowerState (FollowerState.java:run(108)) - 5ac667fa-b96b-4bb4-8091-e17b022e76be@group-306FF06E3764-FollowerState: change to CANDIDATE, lastRpcTime:5171ms, electionTimeout:5171ms
2019-10-04 19:10:14,200 [Thread-2295] INFO  impl.RoleInfo (RoleInfo.java:shutdownFollowerState(121)) - 5ac667fa-b96b-4bb4-8091-e17b022e76be: shutdown FollowerState
2019-10-04 19:10:14,200 [Thread-2295] INFO  impl.RaftServerImpl (RaftServerImpl.java:setRole(170)) - 5ac667fa-b96b-4bb4-8091-e17b022e76be@group-306FF06E3764: changes role from  FOLLOWER to CANDIDATE at term 0 for changeToCandidate
2019-10-04 19:10:14,200 [Thread-2295] INFO  impl.RoleInfo (RoleInfo.java:updateAndGet(143)) - 5ac667fa-b96b-4bb4-8091-e17b022e76be: start LeaderElection
2019-10-04 19:10:14,247 [Thread-2302] INFO  impl.FollowerState (FollowerState.java:run(108)) - 5ac667fa-b96b-4bb4-8091-e17b022e76be@group-BDEAAC972EE7-FollowerState: change to CANDIDATE, lastRpcTime:5125ms, electionTimeout:5125ms
2019-10-04 19:10:14,247 [Thread-2302] INFO  impl.RoleInfo (RoleInfo.java:shutdownFollowerState(121)) - 5ac667fa-b96b-4bb4-8091-e17b022e76be: shutdown FollowerState
2019-10-04 19:10:14,247 [Thread-2302] INFO  impl.RaftServerImpl (RaftServerImpl.java:setRole(170)) - 5ac667fa-b96b-4bb4-8091-e17b022e76be@group-BDEAAC972EE7: changes role from  FOLLOWER to CANDIDATE at term 0 for changeToCandidate
2019-10-04 19:10:14,247 [Thread-2302] INFO  impl.RoleInfo (RoleInfo.java:updateAndGet(143)) - 5ac667fa-b96b-4bb4-8091-e17b022e76be: start LeaderElection
2019-10-04 19:10:14,279 [Thread-2303] INFO  impl.FollowerState (FollowerState.java:run(108)) - 2f04ad78-21d6-40a9-8059-e90713547566@group-BDEAAC972EE7-FollowerState: change to CANDIDATE, lastRpcTime:5157ms, electionTimeout:5157ms
2019-10-04 19:10:14,279 [Thread-2303] INFO  impl.RoleInfo (RoleInfo.java:shutdownFollowerState(121)) - 2f04ad78-21d6-40a9-8059-e90713547566: shutdown FollowerState
2019-10-04 19:10:14,280 [Thread-2303] INFO  impl.RaftServerImpl (RaftServerImpl.java:setRole(170)) - 2f04ad78-21d6-40a9-8059-e90713547566@group-BDEAAC972EE7: changes role from  FOLLOWER to CANDIDATE at term 0 for changeToCandidate
2019-10-04 19:10:14,280 [Thread-2303] INFO  impl.RoleInfo (RoleInfo.java:updateAndGet(143)) - 2f04ad78-21d6-40a9-8059-e90713547566: start LeaderElection
2019-10-04 19:10:14,301 [Thread-2298] INFO  impl.FollowerState (FollowerState.java:run(108)) - f8788253-f07e-441c-873f-001f69d2ed53@group-BDEAAC972EE7-FollowerState: change to CANDIDATE, lastRpcTime:5189ms, electionTimeout:5189ms
2019-10-04 19:10:14,301 [Thread-2298] INFO  impl.RoleInfo (RoleInfo.java:shutdownFollowerState(121)) - f8788253-f07e-441c-873f-001f69d2ed53: shutdown FollowerState
2019-10-04 19:10:14,301 [Thread-2298] INFO  impl.RaftServerImpl (RaftServerImpl.java:setRole(170)) - f8788253-f07e-441c-873f-001f69d2ed53@group-BDEAAC972EE7: changes role from  FOLLOWER to CANDIDATE at term 0 for changeToCandidate
2019-10-04 19:10:14,301 [Thread-2298] INFO  impl.RoleInfo (RoleInfo.java:updateAndGet(143)) - f8788253-f07e-441c-873f-001f69d2ed53: start LeaderElection
2019-10-04 19:10:14,397 [Thread-2307] INFO  impl.FollowerState (FollowerState.java:run(108)) - 186ee64a-98ca-4bb3-a60d-6aa1a982aad3@group-498BD0C310F7-FollowerState: change to CANDIDATE, lastRpcTime:5164ms, electionTimeout:5164ms
2019-10-04 19:10:14,397 [Thread-2307] INFO  impl.RoleInfo (RoleInfo.java:shutdownFollowerState(121)) - 186ee64a-98ca-4bb3-a60d-6aa1a982aad3: shutdown FollowerState
2019-10-04 19:10:14,397 [Thread-2307] INFO  impl.RaftServerImpl (RaftServerImpl.java:setRole(170)) - 186ee64a-98ca-4bb3-a60d-6aa1a982aad3@group-498BD0C310F7: changes role from  FOLLOWER to CANDIDATE at term 0 for changeToCandidate
2019-10-04 19:10:14,397 [Thread-2307] INFO  impl.RoleInfo (RoleInfo.java:updateAndGet(143)) - 186ee64a-98ca-4bb3-a60d-6aa1a982aad3: start LeaderElection
2019-10-04 19:10:14,464 [Thread-2310] INFO  impl.FollowerState (FollowerState.java:run(108)) - e2c8746f-04d7-450a-a5ce-8e7d8acae5e5@group-468C796FA447-FollowerState: change to CANDIDATE, lastRpcTime:5132ms, electionTimeout:5132ms
2019-10-04 19:10:14,464 [Thread-2310] INFO  impl.RoleInfo (RoleInfo.java:shutdownFollowerState(121)) - e2c8746f-04d7-450a-a5ce-8e7d8acae5e5: shutdown FollowerState
2019-10-04 19:10:14,464 [Thread-2310] INFO  impl.RaftServerImpl (RaftServerImpl.java:setRole(170)) - e2c8746f-04d7-450a-a5ce-8e7d8acae5e5@group-468C796FA447: changes role from  FOLLOWER to CANDIDATE at term 0 for changeToCandidate
2019-10-04 19:10:14,464 [Thread-2310] INFO  impl.RoleInfo (RoleInfo.java:updateAndGet(143)) - e2c8746f-04d7-450a-a5ce-8e7d8acae5e5: start LeaderElection
2019-10-04 19:10:14,537 [Thread-2315] INFO  impl.FollowerState (FollowerState.java:run(108)) - c56b8268-e928-47ca-a683-df8d3007b982@group-A0C998AEA5F2-FollowerState: change to CANDIDATE, lastRpcTime:5083ms, electionTimeout:5083ms
2019-10-04 19:10:14,537 [Thread-2315] INFO  impl.RoleInfo (RoleInfo.java:shutdownFollowerState(121)) - c56b8268-e928-47ca-a683-df8d3007b982: shutdown FollowerState
2019-10-04 19:10:14,537 [Thread-2315] INFO  impl.RaftServerImpl (RaftServerImpl.java:setRole(170)) - c56b8268-e928-47ca-a683-df8d3007b982@group-A0C998AEA5F2: changes role from  FOLLOWER to CANDIDATE at term 0 for changeToCandidate
2019-10-04 19:10:14,537 [Thread-2315] INFO  impl.RoleInfo (RoleInfo.java:updateAndGet(143)) - c56b8268-e928-47ca-a683-df8d3007b982: start LeaderElection
2019-10-04 19:10:14,642 [Thread-2320] INFO  impl.FollowerState (FollowerState.java:run(108)) - 305894a3-3ceb-4f1b-8a7b-c33e533b74de@group-F303F8C6ECF7-FollowerState: change to CANDIDATE, lastRpcTime:5093ms, electionTimeout:5093ms
2019-10-04 19:10:14,642 [Thread-2320] INFO  impl.RoleInfo (RoleInfo.java:shutdownFollowerState(121)) - 305894a3-3ceb-4f1b-8a7b-c33e533b74de: shutdown FollowerState
2019-10-04 19:10:14,642 [Thread-2320] INFO  impl.RaftServerImpl (RaftServerImpl.java:setRole(170)) - 305894a3-3ceb-4f1b-8a7b-c33e533b74de@group-F303F8C6ECF7: changes role from  FOLLOWER to CANDIDATE at term 0 for changeToCandidate
2019-10-04 19:10:14,642 [Thread-2320] INFO  impl.RoleInfo (RoleInfo.java:updateAndGet(143)) - 305894a3-3ceb-4f1b-8a7b-c33e533b74de: start LeaderElection
2019-10-04 19:10:14,718 [5ac667fa-b96b-4bb4-8091-e17b022e76be@group-306FF06E3764-LeaderElection71] INFO  impl.LeaderElection (LeaderElection.java:askForVotes(178)) - 5ac667fa-b96b-4bb4-8091-e17b022e76be@group-306FF06E3764-LeaderElection71: begin an election at term 1 for -1: [5ac667fa-b96b-4bb4-8091-e17b022e76be:192.168.30.46:42563], old=null
2019-10-04 19:10:14,718 [e2c8746f-04d7-450a-a5ce-8e7d8acae5e5@group-468C796FA447-LeaderElection76] INFO  impl.LeaderElection (LeaderElection.java:askForVotes(178)) - e2c8746f-04d7-450a-a5ce-8e7d8acae5e5@group-468C796FA447-LeaderElection76: begin an election at term 1 for -1: [e2c8746f-04d7-450a-a5ce-8e7d8acae5e5:192.168.30.46:36760], old=null
2019-10-04 19:10:14,718 [5ac667fa-b96b-4bb4-8091-e17b022e76be@group-306FF06E3764-LeaderElection71] INFO  impl.RoleInfo (RoleInfo.java:shutdownLeaderElection(134)) - 5ac667fa-b96b-4bb4-8091-e17b022e76be: shutdown LeaderElection
2019-10-04 19:10:14,718 [5ac667fa-b96b-4bb4-8091-e17b022e76be@group-BDEAAC972EE7-LeaderElection72] INFO  impl.LeaderElection (LeaderElection.java:askForVotes(178)) - 5ac667fa-b96b-4bb4-8091-e17b022e76be@group-BDEAAC972EE7-LeaderElection72: begin an election at term 1 for -1: [5ac667fa-b96b-4bb4-8091-e17b022e76be:192.168.30.46:42563, 2f04ad78-21d6-40a9-8059-e90713547566:192.168.30.46:39425, f8788253-f07e-441c-873f-001f69d2ed53:192.168.30.46:42356], old=null
2019-10-04 19:10:14,718 [2f04ad78-21d6-40a9-8059-e90713547566@group-7B5AE0C66486-LeaderElection70] INFO  impl.LeaderElection (LeaderElection.java:askForVotes(178)) - 2f04ad78-21d6-40a9-8059-e90713547566@group-7B5AE0C66486-LeaderElection70: begin an election at term 1 for -1: [2f04ad78-21d6-40a9-8059-e90713547566:192.168.30.46:39425], old=null
2019-10-04 19:10:14,718 [f8788253-f07e-441c-873f-001f69d2ed53@group-BDEAAC972EE7-LeaderElection74] INFO  impl.LeaderElection (LeaderElection.java:askForVotes(178)) - f8788253-f07e-441c-873f-001f69d2ed53@group-BDEAAC972EE7-LeaderElection74: begin an election at term 1 for -1: [5ac667fa-b96b-4bb4-8091-e17b022e76be:192.168.30.46:42563, 2f04ad78-21d6-40a9-8059-e90713547566:192.168.30.46:39425, f8788253-f07e-441c-873f-001f69d2ed53:192.168.30.46:42356], old=null
2019-10-04 19:10:14,718 [f8788253-f07e-441c-873f-001f69d2ed53@group-3E3AB9C6DBA8-LeaderElection69] INFO  impl.LeaderElection (LeaderElection.java:askForVotes(178)) - f8788253-f07e-441c-873f-001f69d2ed53@group-3E3AB9C6DBA8-LeaderElection69: begin an election at term 1 for -1: [f8788253-f07e-441c-873f-001f69d2ed53:192.168.30.46:42356], old=null
2019-10-04 19:10:14,718 [186ee64a-98ca-4bb3-a60d-6aa1a982aad3@group-498BD0C310F7-LeaderElection75] INFO  impl.LeaderElection (LeaderElection.java:askForVotes(178)) - 186ee64a-98ca-4bb3-a60d-6aa1a982aad3@group-498BD0C310F7-LeaderElection75: begin an election at term 1 for -1: [186ee64a-98ca-4bb3-a60d-6aa1a982aad3:192.168.30.46:34369], old=null
2019-10-04 19:10:14,718 [2f04ad78-21d6-40a9-8059-e90713547566@group-BDEAAC972EE7-LeaderElection73] INFO  impl.LeaderElection (LeaderElection.java:askForVotes(178)) - 2f04ad78-21d6-40a9-8059-e90713547566@group-BDEAAC972EE7-LeaderElection73: begin an election at term 1 for -1: [5ac667fa-b96b-4bb4-8091-e17b022e76be:192.168.30.46:42563, 2f04ad78-21d6-40a9-8059-e90713547566:192.168.30.46:39425, f8788253-f07e-441c-873f-001f69d2ed53:192.168.30.46:42356], old=null
2019-10-04 19:10:14,718 [c56b8268-e928-47ca-a683-df8d3007b982@group-A0C998AEA5F2-LeaderElection77] INFO  impl.LeaderElection (LeaderElection.java:askForVotes(178)) - c56b8268-e928-47ca-a683-df8d3007b982@group-A0C998AEA5F2-LeaderElection77: begin an election at term 1 for -1: [c56b8268-e928-47ca-a683-df8d3007b982:192.168.30.46:33788], old=null
2019-10-04 19:10:14,720 [186ee64a-98ca-4bb3-a60d-6aa1a982aad3@group-498BD0C310F7-LeaderElection75] INFO  impl.RoleInfo (RoleInfo.java:shutdownLeaderElection(134)) - 186ee64a-98ca-4bb3-a60d-6aa1a982aad3: shutdown LeaderElection
2019-10-04 19:10:14,719 [f8788253-f07e-441c-873f-001f69d2ed53@group-3E3AB9C6DBA8-LeaderElection69] INFO  impl.RoleInfo (RoleInfo.java:shutdownLeaderElection(134)) - f8788253-f07e-441c-873f-001f69d2ed53: shutdown LeaderElection
2019-10-04 19:10:14,719 [305894a3-3ceb-4f1b-8a7b-c33e533b74de@group-F303F8C6ECF7-LeaderElection78] INFO  impl.LeaderElection (LeaderElection.java:askForVotes(178)) - 305894a3-3ceb-4f1b-8a7b-c33e533b74de@group-F303F8C6ECF7-LeaderElection78: begin an election at term 1 for -1: [305894a3-3ceb-4f1b-8a7b-c33e533b74de:192.168.30.46:37757], old=null
2019-10-04 19:10:14,721 [305894a3-3ceb-4f1b-8a7b-c33e533b74de@group-F303F8C6ECF7-LeaderElection78] INFO  impl.RoleInfo (RoleInfo.java:shutdownLeaderElection(134)) - 305894a3-3ceb-4f1b-8a7b-c33e533b74de: shutdown LeaderElection
2019-10-04 19:10:14,721 [305894a3-3ceb-4f1b-8a7b-c33e533b74de@group-F303F8C6ECF7-LeaderElection78] INFO  impl.RaftServerImpl (RaftServerImpl.java:setRole(170)) - 305894a3-3ceb-4f1b-8a7b-c33e533b74de@group-F303F8C6ECF7: changes role from CANDIDATE to LEADER at term 1 for changeToLeader
2019-10-04 19:10:14,721 [305894a3-3ceb-4f1b-8a7b-c33e533b74de@group-F303F8C6ECF7-LeaderElection78] INFO  impl.RaftServerImpl (ServerState.java:setLeader(255)) - 305894a3-3ceb-4f1b-8a7b-c33e533b74de@group-F303F8C6ECF7: change Leader from null to 305894a3-3ceb-4f1b-8a7b-c33e533b74de at term 1 for becomeLeader, leader elected after 5180ms
2019-10-04 19:10:14,719 [2f04ad78-21d6-40a9-8059-e90713547566@group-7B5AE0C66486-LeaderElection70] INFO  impl.RoleInfo (RoleInfo.java:shutdownLeaderElection(134)) - 2f04ad78-21d6-40a9-8059-e90713547566: shutdown LeaderElection
2019-10-04 19:10:14,719 [5ac667fa-b96b-4bb4-8091-e17b022e76be@group-306FF06E3764-LeaderElection71] INFO  impl.RaftServerImpl (RaftServerImpl.java:setRole(170)) - 5ac667fa-b96b-4bb4-8091-e17b022e76be@group-306FF06E3764: changes role from CANDIDATE to LEADER at term 1 for changeToLeader
2019-10-04 19:10:14,719 [e2c8746f-04d7-450a-a5ce-8e7d8acae5e5@group-468C796FA447-LeaderElection76] INFO  impl.RoleInfo (RoleInfo.java:shutdownLeaderElection(134)) - e2c8746f-04d7-450a-a5ce-8e7d8acae5e5: shutdown LeaderElection
2019-10-04 19:10:14,722 [5ac667fa-b96b-4bb4-8091-e17b022e76be@group-306FF06E3764-LeaderElection71] INFO  impl.RaftServerImpl (ServerState.java:setLeader(255)) - 5ac667fa-b96b-4bb4-8091-e17b022e76be@group-306FF06E3764: change Leader from null to 5ac667fa-b96b-4bb4-8091-e17b022e76be at term 1 for becomeLeader, leader elected after 5701ms
2019-10-04 19:10:14,721 [2f04ad78-21d6-40a9-8059-e90713547566@group-7B5AE0C66486-LeaderElection70] INFO  impl.RaftServerImpl (RaftServerImpl.java:setRole(170)) - 2f04ad78-21d6-40a9-8059-e90713547566@group-7B5AE0C66486: changes role from CANDIDATE to LEADER at term 1 for changeToLeader
2019-10-04 19:10:14,721 [305894a3-3ceb-4f1b-8a7b-c33e533b74de@group-F303F8C6ECF7-LeaderElection78] INFO  server.RaftServerConfigKeys (ConfUtils.java:logGet(43)) - raft.server.staging.catchup.gap = 1000 (default)
2019-10-04 19:10:14,720 [f8788253-f07e-441c-873f-001f69d2ed53@group-3E3AB9C6DBA8-LeaderElection69] INFO  impl.RaftServerImpl (RaftServerImpl.java:setRole(170)) - f8788253-f07e-441c-873f-001f69d2ed53@group-3E3AB9C6DBA8: changes role from CANDIDATE to LEADER at term 1 for changeToLeader
2019-10-04 19:10:14,720 [186ee64a-98ca-4bb3-a60d-6aa1a982aad3@group-498BD0C310F7-LeaderElection75] INFO  impl.RaftServerImpl (RaftServerImpl.java:setRole(170)) - 186ee64a-98ca-4bb3-a60d-6aa1a982aad3@group-498BD0C310F7: changes role from CANDIDATE to LEADER at term 1 for changeToLeader
2019-10-04 19:10:14,720 [c56b8268-e928-47ca-a683-df8d3007b982@group-A0C998AEA5F2-LeaderElection77] INFO  impl.RoleInfo (RoleInfo.java:shutdownLeaderElection(134)) - c56b8268-e928-47ca-a683-df8d3007b982: shutdown LeaderElection
2019-10-04 19:10:14,723 [186ee64a-98ca-4bb3-a60d-6aa1a982aad3@group-498BD0C310F7-LeaderElection75] INFO  impl.RaftServerImpl (ServerState.java:setLeader(255)) - 186ee64a-98ca-4bb3-a60d-6aa1a982aad3@group-498BD0C310F7: change Leader from null to 186ee64a-98ca-4bb3-a60d-6aa1a982aad3 at term 1 for becomeLeader, leader elected after 5500ms
2019-10-04 19:10:14,723 [f8788253-f07e-441c-873f-001f69d2ed53@group-3E3AB9C6DBA8-LeaderElection69] INFO  impl.RaftServerImpl (ServerState.java:setLeader(255)) - f8788253-f07e-441c-873f-001f69d2ed53@group-3E3AB9C6DBA8: change Leader from null to f8788253-f07e-441c-873f-001f69d2ed53 at term 1 for becomeLeader, leader elected after 5882ms
2019-10-04 19:10:14,722 [305894a3-3ceb-4f1b-8a7b-c33e533b74de@group-F303F8C6ECF7-LeaderElection78] INFO  server.RaftServerConfigKeys (ConfUtils.java:logGet(43)) - raft.server.rpc.sleep.time = 25ms (default)
2019-10-04 19:10:14,722 [2f04ad78-21d6-40a9-8059-e90713547566@group-7B5AE0C66486-LeaderElection70] INFO  impl.RaftServerImpl (ServerState.java:setLeader(255)) - 2f04ad78-21d6-40a9-8059-e90713547566@group-7B5AE0C66486: change Leader from null to 2f04ad78-21d6-40a9-8059-e90713547566 at term 1 for becomeLeader, leader elected after 5810ms
2019-10-04 19:10:14,724 [305894a3-3ceb-4f1b-8a7b-c33e533b74de@group-F303F8C6ECF7-LeaderElection78] INFO  server.RaftServerConfigKeys (ConfUtils.java:logGet(43)) - raft.server.write.element-limit = 4096 (default)
2019-10-04 19:10:14,722 [5ac667fa-b96b-4bb4-8091-e17b022e76be@group-306FF06E3764-LeaderElection71] INFO  server.RaftServerConfigKeys (ConfUtils.java:logGet(43)) - raft.server.staging.catchup.gap = 1000 (default)
2019-10-04 19:10:14,722 [e2c8746f-04d7-450a-a5ce-8e7d8acae5e5@group-468C796FA447-LeaderElection76] INFO  impl.RaftServerImpl (RaftServerImpl.java:setRole(170)) - e2c8746f-04d7-450a-a5ce-8e7d8acae5e5@group-468C796FA447: changes role from CANDIDATE to LEADER at term 1 for changeToLeader
2019-10-04 19:10:14,724 [5ac667fa-b96b-4bb4-8091-e17b022e76be@group-306FF06E3764-LeaderElection71] INFO  server.RaftServerConfigKeys (ConfUtils.java:logGet(43)) - raft.server.rpc.sleep.time = 25ms (default)
2019-10-04 19:10:14,724 [305894a3-3ceb-4f1b-8a7b-c33e533b74de@group-F303F8C6ECF7-LeaderElection78] INFO  server.RaftServerConfigKeys (ConfUtils.java:logGet(43)) - raft.server.watch.timeout = 10s (default)
2019-10-04 19:10:14,724 [2f04ad78-21d6-40a9-8059-e90713547566@group-7B5AE0C66486-LeaderElection70] INFO  server.RaftServerConfigKeys (ConfUtils.java:logGet(43)) - raft.server.staging.catchup.gap = 1000 (default)
2019-10-04 19:10:14,723 [f8788253-f07e-441c-873f-001f69d2ed53@group-3E3AB9C6DBA8-LeaderElection69] INFO  server.RaftServerConfigKeys (ConfUtils.java:logGet(43)) - raft.server.staging.catchup.gap = 1000 (default)
2019-10-04 19:10:14,723 [186ee64a-98ca-4bb3-a60d-6aa1a982aad3@group-498BD0C310F7-LeaderElection75] INFO  server.RaftServerConfigKeys (ConfUtils.java:logGet(43)) - raft.server.staging.catchup.gap = 1000 (default)
2019-10-04 19:10:14,723 [c56b8268-e928-47ca-a683-df8d3007b982@group-A0C998AEA5F2-LeaderElection77] INFO  impl.RaftServerImpl (RaftServerImpl.java:setRole(170)) - c56b8268-e928-47ca-a683-df8d3007b982@group-A0C998AEA5F2: changes role from CANDIDATE to LEADER at term 1 for changeToLeader
2019-10-04 19:10:14,755 [186ee64a-98ca-4bb3-a60d-6aa1a982aad3@group-498BD0C310F7-LeaderElection75] INFO  server.RaftServerConfigKeys (ConfUtils.java:logGet(43)) - raft.server.rpc.sleep.time = 25ms (default)
2019-10-04 19:10:14,754 [f8788253-f07e-441c-873f-001f69d2ed53@group-3E3AB9C6DBA8-LeaderElection69] INFO  server.RaftServerConfigKeys (ConfUtils.java:logGet(43)) - raft.server.rpc.sleep.time = 25ms (default)
2019-10-04 19:10:14,754 [Thread-2329] INFO  impl.FollowerState (FollowerState.java:run(108)) - c56b8268-e928-47ca-a683-df8d3007b982@group-2C6A887D185A-FollowerState: change to CANDIDATE, lastRpcTime:5103ms, electionTimeout:5078ms
2019-10-04 19:10:14,754 [Thread-2324] INFO  impl.FollowerState (FollowerState.java:run(108)) - e2c8746f-04d7-450a-a5ce-8e7d8acae5e5@group-2C6A887D185A-FollowerState: change to CANDIDATE, lastRpcTime:5112ms, electionTimeout:5091ms
2019-10-04 19:10:14,760 [Thread-2329] INFO  impl.RoleInfo (RoleInfo.java:shutdownFollowerState(121)) - c56b8268-e928-47ca-a683-df8d3007b982: shutdown FollowerState
2019-10-04 19:10:14,725 [2f04ad78-21d6-40a9-8059-e90713547566@group-7B5AE0C66486-LeaderElection70] INFO  server.RaftServerConfigKeys (ConfUtils.java:logGet(43)) - raft.server.rpc.sleep.time = 25ms (default)
2019-10-04 19:10:14,767 [2f04ad78-21d6-40a9-8059-e90713547566@group-7B5AE0C66486-LeaderElection70] INFO  server.RaftServerConfigKeys (ConfUtils.java:logGet(43)) - raft.server.write.element-limit = 4096 (default)
2019-10-04 19:10:14,725 [305894a3-3ceb-4f1b-8a7b-c33e533b74de@group-F303F8C6ECF7-LeaderElection78] INFO  server.RaftServerConfigKeys (ConfUtils.java:logGet(43)) - raft.server.watch.timeout.denomination = 1s (default)
2019-10-04 19:10:14,724 [5ac667fa-b96b-4bb4-8091-e17b022e76be@group-306FF06E3764-LeaderElection71] INFO  server.RaftServerConfigKeys (ConfUtils.java:logGet(43)) - raft.server.write.element-limit = 4096 (default)
2019-10-04 19:10:14,724 [e2c8746f-04d7-450a-a5ce-8e7d8acae5e5@group-468C796FA447-LeaderElection76] INFO  impl.RaftServerImpl (ServerState.java:setLeader(255)) - e2c8746f-04d7-450a-a5ce-8e7d8acae5e5@group-468C796FA447: change Leader from null to e2c8746f-04d7-450a-a5ce-8e7d8acae5e5 at term 1 for becomeLeader, leader elected after 5401ms
2019-10-04 19:10:14,784 [5ac667fa-b96b-4bb4-8091-e17b022e76be@group-306FF06E3764-LeaderElection71] INFO  server.RaftServerConfigKeys (ConfUtils.java:logGet(43)) - raft.server.watch.timeout = 10s (default)
2019-10-04 19:10:14,784 [305894a3-3ceb-4f1b-8a7b-c33e533b74de@group-F303F8C6ECF7-LeaderElection78] INFO  server.RaftServerConfigKeys (ConfUtils.java:logGet(43)) - raft.server.watch.element-limit = 65536 (default)
2019-10-04 19:10:14,784 [2f04ad78-21d6-40a9-8059-e90713547566@group-7B5AE0C66486-LeaderElection70] INFO  server.RaftServerConfigKeys (ConfUtils.java:logGet(43)) - raft.server.watch.timeout = 10s (default)
2019-10-04 19:10:14,760 [Thread-2329] INFO  impl.RaftServerImpl (RaftServerImpl.java:setRole(170)) - c56b8268-e928-47ca-a683-df8d3007b982@group-2C6A887D185A: changes role from  FOLLOWER to CANDIDATE at term 0 for changeToCandidate
2019-10-04 19:10:14,760 [Thread-2324] INFO  impl.RoleInfo (RoleInfo.java:shutdownFollowerState(121)) - e2c8746f-04d7-450a-a5ce-8e7d8acae5e5: shutdown FollowerState
2019-10-04 19:10:14,760 [f8788253-f07e-441c-873f-001f69d2ed53@group-3E3AB9C6DBA8-LeaderElection69] INFO  server.RaftServerConfigKeys (ConfUtils.java:logGet(43)) - raft.server.write.element-limit = 4096 (default)
2019-10-04 19:10:14,755 [186ee64a-98ca-4bb3-a60d-6aa1a982aad3@group-498BD0C310F7-LeaderElection75] INFO  server.RaftServerConfigKeys (ConfUtils.java:logGet(43)) - raft.server.write.element-limit = 4096 (default)
2019-10-04 19:10:14,755 [c56b8268-e928-47ca-a683-df8d3007b982@group-A0C998AEA5F2-LeaderElection77] INFO  impl.RaftServerImpl (ServerState.java:setLeader(255)) - c56b8268-e928-47ca-a683-df8d3007b982@group-A0C998AEA5F2: change Leader from null to c56b8268-e928-47ca-a683-df8d3007b982 at term 1 for becomeLeader, leader elected after 5306ms
2019-10-04 19:10:14,792 [5ac667fa-b96b-4bb4-8091-e17b022e76be@group-BDEAAC972EE7-LeaderElection72] INFO  impl.LeaderElection (LeaderElection.java:logAndReturn(56)) - 5ac667fa-b96b-4bb4-8091-e17b022e76be@group-BDEAAC972EE7-LeaderElection72: Election REJECTED; received 2 response(s) [5ac667fa-b96b-4bb4-8091-e17b022e76be<-2f04ad78-21d6-40a9-8059-e90713547566#0:FAIL-t1, 5ac667fa-b96b-4bb4-8091-e17b022e76be<-f8788253-f07e-441c-873f-001f69d2ed53#0:FAIL-t1] and 0 exception(s); 5ac667fa-b96b-4bb4-8091-e17b022e76be@group-BDEAAC972EE7:t1, leader=null, voted=5ac667fa-b96b-4bb4-8091-e17b022e76be, raftlog=5ac667fa-b96b-4bb4-8091-e17b022e76be@group-BDEAAC972EE7-SegmentedRaftLog:OPENED:c-1,f-1,i0, conf=-1: [5ac667fa-b96b-4bb4-8091-e17b022e76be:192.168.30.46:42563, 2f04ad78-21d6-40a9-8059-e90713547566:192.168.30.46:39425, f8788253-f07e-441c-873f-001f69d2ed53:192.168.30.46:42356], old=null
2019-10-04 19:10:14,792 [186ee64a-98ca-4bb3-a60d-6aa1a982aad3@group-498BD0C310F7-LeaderElection75] INFO  server.RaftServerConfigKeys (ConfUtils.java:logGet(43)) - raft.server.watch.timeout = 10s (default)
2019-10-04 19:10:14,792 [f8788253-f07e-441c-873f-001f69d2ed53@group-3E3AB9C6DBA8-LeaderElection69] INFO  server.RaftServerConfigKeys (ConfUtils.java:logGet(43)) - raft.server.watch.timeout = 10s (default)
2019-10-04 19:10:14,792 [Thread-2324] INFO  impl.RaftServerImpl (RaftServerImpl.java:setRole(170)) - e2c8746f-04d7-450a-a5ce-8e7d8acae5e5@group-2C6A887D185A: changes role from  FOLLOWER to CANDIDATE at term 0 for changeToCandidate
2019-10-04 19:10:14,792 [Thread-2329] INFO  impl.RoleInfo (RoleInfo.java:updateAndGet(143)) - c56b8268-e928-47ca-a683-df8d3007b982: start LeaderElection
2019-10-04 19:10:14,792 [2f04ad78-21d6-40a9-8059-e90713547566@group-7B5AE0C66486-LeaderElection70] INFO  server.RaftServerConfigKeys (ConfUtils.java:logGet(43)) - raft.server.watch.timeout.denomination = 1s (default)
2019-10-04 19:10:14,791 [5ac667fa-b96b-4bb4-8091-e17b022e76be@group-306FF06E3764-LeaderElection71] INFO  server.RaftServerConfigKeys (ConfUtils.java:logGet(43)) - raft.server.watch.timeout.denomination = 1s (default)
2019-10-04 19:10:14,787 [e2c8746f-04d7-450a-a5ce-8e7d8acae5e5@group-468C796FA447-LeaderElection76] INFO  server.RaftServerConfigKeys (ConfUtils.java:logGet(43)) - raft.server.staging.catchup.gap = 1000 (default)
2019-10-04 19:10:14,799 [5ac667fa-b96b-4bb4-8091-e17b022e76be@group-306FF06E3764-LeaderElection71] INFO  server.RaftServerConfigKeys (ConfUtils.java:logGet(43)) - raft.server.watch.element-limit = 65536 (default)
2019-10-04 19:10:14,796 [2f04ad78-21d6-40a9-8059-e90713547566@group-7B5AE0C66486-LeaderElection70] INFO  server.RaftServerConfigKeys (ConfUtils.java:logGet(43)) - raft.server.watch.element-limit = 65536 (default)
2019-10-04 19:10:14,796 [Thread-2324] INFO  impl.RoleInfo (RoleInfo.java:updateAndGet(143)) - e2c8746f-04d7-450a-a5ce-8e7d8acae5e5: start LeaderElection
2019-10-04 19:10:14,796 [f8788253-f07e-441c-873f-001f69d2ed53@group-3E3AB9C6DBA8-LeaderElection69] INFO  server.RaftServerConfigKeys (ConfUtils.java:logGet(43)) - raft.server.watch.timeout.denomination = 1s (default)
2019-10-04 19:10:14,796 [186ee64a-98ca-4bb3-a60d-6aa1a982aad3@group-498BD0C310F7-LeaderElection75] INFO  server.RaftServerConfigKeys (ConfUtils.java:logGet(43)) - raft.server.watch.timeout.denomination = 1s (default)
2019-10-04 19:10:14,792 [5ac667fa-b96b-4bb4-8091-e17b022e76be@group-BDEAAC972EE7-LeaderElection72] INFO  impl.RaftServerImpl (RaftServerImpl.java:setRole(170)) - 5ac667fa-b96b-4bb4-8091-e17b022e76be@group-BDEAAC972EE7: changes role from CANDIDATE to FOLLOWER at term 1 for DISCOVERED_A_NEW_TERM
2019-10-04 19:10:14,792 [c56b8268-e928-47ca-a683-df8d3007b982@group-A0C998AEA5F2-LeaderElection77] INFO  server.RaftServerConfigKeys (ConfUtils.java:logGet(43)) - raft.server.staging.catchup.gap = 1000 (default)
2019-10-04 19:10:14,806 [c56b8268-e928-47ca-a683-df8d3007b982@group-A0C998AEA5F2-LeaderElection77] INFO  server.RaftServerConfigKeys (ConfUtils.java:logGet(43)) - raft.server.rpc.sleep.time = 25ms (default)
2019-10-04 19:10:14,805 [5ac667fa-b96b-4bb4-8091-e17b022e76be@group-BDEAAC972EE7-LeaderElection72] INFO  impl.RoleInfo (RoleInfo.java:shutdownLeaderElection(134)) - 5ac667fa-b96b-4bb4-8091-e17b022e76be: shutdown LeaderElection
2019-10-04 19:10:14,805 [186ee64a-98ca-4bb3-a60d-6aa1a982aad3@group-498BD0C310F7-LeaderElection75] INFO  server.RaftServerConfigKeys (ConfUtils.java:logGet(43)) - raft.server.watch.element-limit = 65536 (default)
2019-10-04 19:10:14,805 [2f04ad78-21d6-40a9-8059-e90713547566@group-BDEAAC972EE7-LeaderElection73] INFO  impl.LeaderElection (LeaderElection.java:logAndReturn(56)) - 2f04ad78-21d6-40a9-8059-e90713547566@group-BDEAAC972EE7-LeaderElection73: Election REJECTED; received 2 response(s) [2f04ad78-21d6-40a9-8059-e90713547566<-5ac667fa-b96b-4bb4-8091-e17b022e76be#0:FAIL-t1, 2f04ad78-21d6-40a9-8059-e90713547566<-f8788253-f07e-441c-873f-001f69d2ed53#0:FAIL-t1] and 0 exception(s); 2f04ad78-21d6-40a9-8059-e90713547566@group-BDEAAC972EE7:t1, leader=null, voted=2f04ad78-21d6-40a9-8059-e90713547566, raftlog=2f04ad78-21d6-40a9-8059-e90713547566@group-BDEAAC972EE7-SegmentedRaftLog:OPENED:c-1,f-1,i0, conf=-1: [5ac667fa-b96b-4bb4-8091-e17b022e76be:192.168.30.46:42563, 2f04ad78-21d6-40a9-8059-e90713547566:192.168.30.46:39425, f8788253-f07e-441c-873f-001f69d2ed53:192.168.30.46:42356], old=null
2019-10-04 19:10:14,805 [f8788253-f07e-441c-873f-001f69d2ed53@group-3E3AB9C6DBA8-LeaderElection69] INFO  server.RaftServerConfigKeys (ConfUtils.java:logGet(43)) - raft.server.watch.element-limit = 65536 (default)
2019-10-04 19:10:14,813 [2f04ad78-21d6-40a9-8059-e90713547566@group-BDEAAC972EE7-LeaderElection73] INFO  impl.RaftServerImpl (RaftServerImpl.java:setRole(170)) - 2f04ad78-21d6-40a9-8059-e90713547566@group-BDEAAC972EE7: changes role from CANDIDATE to FOLLOWER at term 1 for DISCOVERED_A_NEW_TERM
2019-10-04 19:10:14,815 [2f04ad78-21d6-40a9-8059-e90713547566@group-BDEAAC972EE7-LeaderElection73] INFO  impl.RoleInfo (RoleInfo.java:shutdownLeaderElection(134)) - 2f04ad78-21d6-40a9-8059-e90713547566: shutdown LeaderElection
2019-10-04 19:10:14,805 [f8788253-f07e-441c-873f-001f69d2ed53@group-BDEAAC972EE7-LeaderElection74] INFO  impl.LeaderElection (LeaderElection.java:logAndReturn(56)) - f8788253-f07e-441c-873f-001f69d2ed53@group-BDEAAC972EE7-LeaderElection74: Election REJECTED; received 2 response(s) [f8788253-f07e-441c-873f-001f69d2ed53<-5ac667fa-b96b-4bb4-8091-e17b022e76be#0:FAIL-t1, f8788253-f07e-441c-873f-001f69d2ed53<-2f04ad78-21d6-40a9-8059-e90713547566#0:FAIL-t1] and 0 exception(s); f8788253-f07e-441c-873f-001f69d2ed53@group-BDEAAC972EE7:t1, leader=null, voted=f8788253-f07e-441c-873f-001f69d2ed53, raftlog=f8788253-f07e-441c-873f-001f69d2ed53@group-BDEAAC972EE7-SegmentedRaftLog:OPENED:c-1,f-1,i0, conf=-1: [5ac667fa-b96b-4bb4-8091-e17b022e76be:192.168.30.46:42563, 2f04ad78-21d6-40a9-8059-e90713547566:192.168.30.46:39425, f8788253-f07e-441c-873f-001f69d2ed53:192.168.30.46:42356], old=null
2019-10-04 19:10:14,805 [Thread-2326] INFO  impl.FollowerState (FollowerState.java:run(108)) - 186ee64a-98ca-4bb3-a60d-6aa1a982aad3@group-2C6A887D185A-FollowerState: change to CANDIDATE, lastRpcTime:5162ms, electionTimeout:5160ms
2019-10-04 19:10:14,805 [305894a3-3ceb-4f1b-8a7b-c33e533b74de@group-F303F8C6ECF7-LeaderElection78] INFO  impl.RoleInfo (RoleInfo.java:updateAndGet(143)) - 305894a3-3ceb-4f1b-8a7b-c33e533b74de: start LeaderState
2019-10-04 19:10:14,805 [e2c8746f-04d7-450a-a5ce-8e7d8acae5e5@group-468C796FA447-LeaderElection76] INFO  server.RaftServerConfigKeys (ConfUtils.java:logGet(43)) - raft.server.rpc.sleep.time = 25ms (default)
2019-10-04 19:10:14,816 [f8788253-f07e-441c-873f-001f69d2ed53@group-BDEAAC972EE7-LeaderElection74] INFO  impl.RaftServerImpl (RaftServerImpl.java:setRole(170)) - f8788253-f07e-441c-873f-001f69d2ed53@group-BDEAAC972EE7: changes role from CANDIDATE to FOLLOWER at term 1 for DISCOVERED_A_NEW_TERM
2019-10-04 19:10:14,816 [2f04ad78-21d6-40a9-8059-e90713547566@group-BDEAAC972EE7-LeaderElection73] INFO  impl.RoleInfo (RoleInfo.java:updateAndGet(143)) - 2f04ad78-21d6-40a9-8059-e90713547566: start FollowerState
2019-10-04 19:10:14,812 [5ac667fa-b96b-4bb4-8091-e17b022e76be@group-BDEAAC972EE7-LeaderElection72] INFO  impl.RoleInfo (RoleInfo.java:updateAndGet(143)) - 5ac667fa-b96b-4bb4-8091-e17b022e76be: start FollowerState
2019-10-04 19:10:14,810 [c56b8268-e928-47ca-a683-df8d3007b982@group-A0C998AEA5F2-LeaderElection77] INFO  server.RaftServerConfigKeys (ConfUtils.java:logGet(43)) - raft.server.write.element-limit = 4096 (default)
2019-10-04 19:10:14,819 [305894a3-3ceb-4f1b-8a7b-c33e533b74de@group-F303F8C6ECF7-LeaderElection78] INFO  segmented.SegmentedRaftLogWorker (SegmentedRaftLogWorker.java:startLogSegment(385)) - 305894a3-3ceb-4f1b-8a7b-c33e533b74de@group-F303F8C6ECF7-SegmentedRaftLogWorker: Starting segment from index:0
2019-10-04 19:10:14,819 [f8788253-f07e-441c-873f-001f69d2ed53@group-BDEAAC972EE7-LeaderElection74] INFO  impl.RoleInfo (RoleInfo.java:shutdownLeaderElection(134)) - f8788253-f07e-441c-873f-001f69d2ed53: shutdown LeaderElection
2019-10-04 19:10:14,819 [Thread-2326] INFO  impl.RoleInfo (RoleInfo.java:shutdownFollowerState(121)) - 186ee64a-98ca-4bb3-a60d-6aa1a982aad3: shutdown FollowerState
2019-10-04 19:10:14,819 [e2c8746f-04d7-450a-a5ce-8e7d8acae5e5@group-468C796FA447-LeaderElection76] INFO  server.RaftServerConfigKeys (ConfUtils.java:logGet(43)) - raft.server.write.element-limit = 4096 (default)
2019-10-04 19:10:14,826 [305894a3-3ceb-4f1b-8a7b-c33e533b74de@group-F303F8C6ECF7-LeaderElection78] INFO  impl.RaftServerImpl (ServerState.java:setRaftConf(356)) - 305894a3-3ceb-4f1b-8a7b-c33e533b74de@group-F303F8C6ECF7: set configuration 0: [305894a3-3ceb-4f1b-8a7b-c33e533b74de:192.168.30.46:37757], old=null at 0
2019-10-04 19:10:14,823 [Thread-2326] INFO  impl.RaftServerImpl (RaftServerImpl.java:setRole(170)) - 186ee64a-98ca-4bb3-a60d-6aa1a982aad3@group-2C6A887D185A: changes role from  FOLLOWER to CANDIDATE at term 0 for changeToCandidate
2019-10-04 19:10:14,823 [f8788253-f07e-441c-873f-001f69d2ed53@group-BDEAAC972EE7-LeaderElection74] INFO  impl.RoleInfo (RoleInfo.java:updateAndGet(143)) - f8788253-f07e-441c-873f-001f69d2ed53: start FollowerState
2019-10-04 19:10:14,820 [c56b8268-e928-47ca-a683-df8d3007b982@group-A0C998AEA5F2-LeaderElection77] INFO  server.RaftServerConfigKeys (ConfUtils.java:logGet(43)) - raft.server.watch.timeout = 10s (default)
2019-10-04 19:10:14,827 [Thread-2326] INFO  impl.RoleInfo (RoleInfo.java:updateAndGet(143)) - 186ee64a-98ca-4bb3-a60d-6aa1a982aad3: start LeaderElection
2019-10-04 19:10:14,826 [e2c8746f-04d7-450a-a5ce-8e7d8acae5e5@group-468C796FA447-LeaderElection76] INFO  server.RaftServerConfigKeys (ConfUtils.java:logGet(43)) - raft.server.watch.timeout = 10s (default)
2019-10-04 19:10:14,827 [c56b8268-e928-47ca-a683-df8d3007b982@group-A0C998AEA5F2-LeaderElection77] INFO  server.RaftServerConfigKeys (ConfUtils.java:logGet(43)) - raft.server.watch.timeout.denomination = 1s (default)
2019-10-04 19:10:14,827 [e2c8746f-04d7-450a-a5ce-8e7d8acae5e5@group-468C796FA447-LeaderElection76] INFO  server.RaftServerConfigKeys (ConfUtils.java:logGet(43)) - raft.server.watch.timeout.denomination = 1s (default)
2019-10-04 19:10:14,840 [c56b8268-e928-47ca-a683-df8d3007b982@group-2C6A887D185A-LeaderElection79] INFO  impl.LeaderElection (LeaderElection.java:askForVotes(178)) - c56b8268-e928-47ca-a683-df8d3007b982@group-2C6A887D185A-LeaderElection79: begin an election at term 1 for -1: [c56b8268-e928-47ca-a683-df8d3007b982:192.168.30.46:33788, 186ee64a-98ca-4bb3-a60d-6aa1a982aad3:192.168.30.46:34369, e2c8746f-04d7-450a-a5ce-8e7d8acae5e5:192.168.30.46:36760], old=null
2019-10-04 19:10:14,827 [c56b8268-e928-47ca-a683-df8d3007b982@group-A0C998AEA5F2-LeaderElection77] INFO  server.RaftServerConfigKeys (ConfUtils.java:logGet(43)) - raft.server.watch.element-limit = 65536 (default)
2019-10-04 19:10:14,840 [e2c8746f-04d7-450a-a5ce-8e7d8acae5e5@group-468C796FA447-LeaderElection76] INFO  server.RaftServerConfigKeys (ConfUtils.java:logGet(43)) - raft.server.watch.element-limit = 65536 (default)
2019-10-04 19:10:14,840 [e2c8746f-04d7-450a-a5ce-8e7d8acae5e5@group-2C6A887D185A-LeaderElection80] INFO  impl.LeaderElection (LeaderElection.java:askForVotes(178)) - e2c8746f-04d7-450a-a5ce-8e7d8acae5e5@group-2C6A887D185A-LeaderElection80: begin an election at term 1 for -1: [c56b8268-e928-47ca-a683-df8d3007b982:192.168.30.46:33788, 186ee64a-98ca-4bb3-a60d-6aa1a982aad3:192.168.30.46:34369, e2c8746f-04d7-450a-a5ce-8e7d8acae5e5:192.168.30.46:36760], old=null
2019-10-04 19:10:14,872 [5ac667fa-b96b-4bb4-8091-e17b022e76be@group-306FF06E3764-LeaderElection71] INFO  impl.RoleInfo (RoleInfo.java:updateAndGet(143)) - 5ac667fa-b96b-4bb4-8091-e17b022e76be: start LeaderState
2019-10-04 19:10:14,872 [5ac667fa-b96b-4bb4-8091-e17b022e76be@group-306FF06E3764-LeaderElection71] INFO  segmented.SegmentedRaftLogWorker (SegmentedRaftLogWorker.java:startLogSegment(385)) - 5ac667fa-b96b-4bb4-8091-e17b022e76be@group-306FF06E3764-SegmentedRaftLogWorker: Starting segment from index:0
2019-10-04 19:10:14,873 [5ac667fa-b96b-4bb4-8091-e17b022e76be@group-306FF06E3764-LeaderElection71] INFO  impl.RaftServerImpl (ServerState.java:setRaftConf(356)) - 5ac667fa-b96b-4bb4-8091-e17b022e76be@group-306FF06E3764: set configuration 0: [5ac667fa-b96b-4bb4-8091-e17b022e76be:192.168.30.46:42563], old=null at 0
2019-10-04 19:10:14,873 [2f04ad78-21d6-40a9-8059-e90713547566@group-7B5AE0C66486-LeaderElection70] INFO  impl.RoleInfo (RoleInfo.java:updateAndGet(143)) - 2f04ad78-21d6-40a9-8059-e90713547566: start LeaderState
2019-10-04 19:10:14,903 [186ee64a-98ca-4bb3-a60d-6aa1a982aad3@group-2C6A887D185A-LeaderElection81] INFO  impl.LeaderElection (LeaderElection.java:askForVotes(178)) - 186ee64a-98ca-4bb3-a60d-6aa1a982aad3@group-2C6A887D185A-LeaderElection81: begin an election at term 1 for -1: [c56b8268-e928-47ca-a683-df8d3007b982:192.168.30.46:33788, 186ee64a-98ca-4bb3-a60d-6aa1a982aad3:192.168.30.46:34369, e2c8746f-04d7-450a-a5ce-8e7d8acae5e5:192.168.30.46:36760], old=null
2019-10-04 19:10:14,903 [305894a3-3ceb-4f1b-8a7b-c33e533b74de@group-F303F8C6ECF7-SegmentedRaftLogWorker] INFO  segmented.SegmentedRaftLogWorker (SegmentedRaftLogWorker.java:execute(574)) - 305894a3-3ceb-4f1b-8a7b-c33e533b74de@group-F303F8C6ECF7-SegmentedRaftLogWorker: created new log segment /workdir/hadoop-ozone/integration-test/target/test-dir/MiniOzoneClusterImpl-ff688d9a-9cad-4e06-a7c3-b08bdc3e7b45/datanode-6/data/ratis/06a36268-c125-4be0-9a64-f303f8c6ecf7/current/log_inprogress_0
2019-10-04 19:10:14,904 [2f04ad78-21d6-40a9-8059-e90713547566@group-7B5AE0C66486-LeaderElection70] INFO  segmented.SegmentedRaftLogWorker (SegmentedRaftLogWorker.java:startLogSegment(385)) - 2f04ad78-21d6-40a9-8059-e90713547566@group-7B5AE0C66486-SegmentedRaftLogWorker: Starting segment from index:0
2019-10-04 19:10:14,904 [2f04ad78-21d6-40a9-8059-e90713547566@group-7B5AE0C66486-LeaderElection70] INFO  impl.RaftServerImpl (ServerState.java:setRaftConf(356)) - 2f04ad78-21d6-40a9-8059-e90713547566@group-7B5AE0C66486: set configuration 0: [2f04ad78-21d6-40a9-8059-e90713547566:192.168.30.46:39425], old=null at 0
2019-10-04 19:10:14,931 [5ac667fa-b96b-4bb4-8091-e17b022e76be@group-306FF06E3764-SegmentedRaftLogWorker] INFO  segmented.SegmentedRaftLogWorker (SegmentedRaftLogWorker.java:execute(574)) - 5ac667fa-b96b-4bb4-8091-e17b022e76be@group-306FF06E3764-SegmentedRaftLogWorker: created new log segment /workdir/hadoop-ozone/integration-test/target/test-dir/MiniOzoneClusterImpl-ff688d9a-9cad-4e06-a7c3-b08bdc3e7b45/datanode-2/data/ratis/9a6159eb-5140-4247-89a9-306ff06e3764/current/log_inprogress_0
2019-10-04 19:10:14,932 [186ee64a-98ca-4bb3-a60d-6aa1a982aad3@group-498BD0C310F7-LeaderElection75] INFO  impl.RoleInfo (RoleInfo.java:updateAndGet(143)) - 186ee64a-98ca-4bb3-a60d-6aa1a982aad3: start LeaderState
2019-10-04 19:10:14,932 [f8788253-f07e-441c-873f-001f69d2ed53@group-3E3AB9C6DBA8-LeaderElection69] INFO  impl.RoleInfo (RoleInfo.java:updateAndGet(143)) - f8788253-f07e-441c-873f-001f69d2ed53: start LeaderState
2019-10-04 19:10:14,936 [186ee64a-98ca-4bb3-a60d-6aa1a982aad3@group-498BD0C310F7-LeaderElection75] INFO  segmented.SegmentedRaftLogWorker (SegmentedRaftLogWorker.java:startLogSegment(385)) - 186ee64a-98ca-4bb3-a60d-6aa1a982aad3@group-498BD0C310F7-SegmentedRaftLogWorker: Starting segment from index:0
2019-10-04 19:10:14,936 [f8788253-f07e-441c-873f-001f69d2ed53@group-3E3AB9C6DBA8-LeaderElection69] INFO  segmented.SegmentedRaftLogWorker (SegmentedRaftLogWorker.java:startLogSegment(385)) - f8788253-f07e-441c-873f-001f69d2ed53@group-3E3AB9C6DBA8-SegmentedRaftLogWorker: Starting segment from index:0
2019-10-04 19:10:14,939 [186ee64a-98ca-4bb3-a60d-6aa1a982aad3@group-498BD0C310F7-LeaderElection75] INFO  impl.RaftServerImpl (ServerState.java:setRaftConf(356)) - 186ee64a-98ca-4bb3-a60d-6aa1a982aad3@group-498BD0C310F7: set configuration 0: [186ee64a-98ca-4bb3-a60d-6aa1a982aad3:192.168.30.46:34369], old=null at 0
2019-10-04 19:10:14,939 [f8788253-f07e-441c-873f-001f69d2ed53@group-3E3AB9C6DBA8-LeaderElection69] INFO  impl.RaftServerImpl (ServerState.java:setRaftConf(356)) - f8788253-f07e-441c-873f-001f69d2ed53@group-3E3AB9C6DBA8: set configuration 0: [f8788253-f07e-441c-873f-001f69d2ed53:192.168.30.46:42356], old=null at 0
2019-10-04 19:10:14,947 [2f04ad78-21d6-40a9-8059-e90713547566@group-7B5AE0C66486-SegmentedRaftLogWorker] INFO  segmented.SegmentedRaftLogWorker (SegmentedRaftLogWorker.java:execute(574)) - 2f04ad78-21d6-40a9-8059-e90713547566@group-7B5AE0C66486-SegmentedRaftLogWorker: created new log segment /workdir/hadoop-ozone/integration-test/target/test-dir/MiniOzoneClusterImpl-ff688d9a-9cad-4e06-a7c3-b08bdc3e7b45/datanode-1/data/ratis/7a630eac-7e88-4750-b960-7b5ae0c66486/current/log_inprogress_0
2019-10-04 19:10:14,948 [c56b8268-e928-47ca-a683-df8d3007b982@group-A0C998AEA5F2-LeaderElection77] INFO  impl.RoleInfo (RoleInfo.java:updateAndGet(143)) - c56b8268-e928-47ca-a683-df8d3007b982: start LeaderState
2019-10-04 19:10:14,948 [e2c8746f-04d7-450a-a5ce-8e7d8acae5e5@group-468C796FA447-LeaderElection76] INFO  impl.RoleInfo (RoleInfo.java:updateAndGet(143)) - e2c8746f-04d7-450a-a5ce-8e7d8acae5e5: start LeaderState
2019-10-04 19:10:14,977 [c56b8268-e928-47ca-a683-df8d3007b982@group-A0C998AEA5F2-LeaderElection77] INFO  segmented.SegmentedRaftLogWorker (SegmentedRaftLogWorker.java:startLogSegment(385)) - c56b8268-e928-47ca-a683-df8d3007b982@group-A0C998AEA5F2-SegmentedRaftLogWorker: Starting segment from index:0
2019-10-04 19:10:14,977 [e2c8746f-04d7-450a-a5ce-8e7d8acae5e5@group-468C796FA447-LeaderElection76] INFO  segmented.SegmentedRaftLogWorker (SegmentedRaftLogWorker.java:startLogSegment(385)) - e2c8746f-04d7-450a-a5ce-8e7d8acae5e5@group-468C796FA447-SegmentedRaftLogWorker: Starting segment from index:0
2019-10-04 19:10:14,983 [e2c8746f-04d7-450a-a5ce-8e7d8acae5e5@group-2C6A887D185A-LeaderElection80] INFO  impl.LeaderElection (LeaderElection.java:logAndReturn(56)) - e2c8746f-04d7-450a-a5ce-8e7d8acae5e5@group-2C6A887D185A-LeaderElection80: Election REJECTED; received 2 response(s) [e2c8746f-04d7-450a-a5ce-8e7d8acae5e5<-c56b8268-e928-47ca-a683-df8d3007b982#0:FAIL-t1, e2c8746f-04d7-450a-a5ce-8e7d8acae5e5<-186ee64a-98ca-4bb3-a60d-6aa1a982aad3#0:FAIL-t1] and 0 exception(s); e2c8746f-04d7-450a-a5ce-8e7d8acae5e5@group-2C6A887D185A:t1, leader=null, voted=e2c8746f-04d7-450a-a5ce-8e7d8acae5e5, raftlog=e2c8746f-04d7-450a-a5ce-8e7d8acae5e5@group-2C6A887D185A-SegmentedRaftLog:OPENED:c-1,f-1,i0, conf=-1: [c56b8268-e928-47ca-a683-df8d3007b982:192.168.30.46:33788, 186ee64a-98ca-4bb3-a60d-6aa1a982aad3:192.168.30.46:34369, e2c8746f-04d7-450a-a5ce-8e7d8acae5e5:192.168.30.46:36760], old=null
2019-10-04 19:10:14,983 [c56b8268-e928-47ca-a683-df8d3007b982@group-2C6A887D185A-LeaderElection79] INFO  impl.LeaderElection (LeaderElection.java:logAndReturn(56)) - c56b8268-e928-47ca-a683-df8d3007b982@group-2C6A887D185A-LeaderElection79: Election REJECTED; received 2 response(s) [c56b8268-e928-47ca-a683-df8d3007b982<-186ee64a-98ca-4bb3-a60d-6aa1a982aad3#0:FAIL-t1, c56b8268-e928-47ca-a683-df8d3007b982<-e2c8746f-04d7-450a-a5ce-8e7d8acae5e5#0:FAIL-t1] and 0 exception(s); c56b8268-e928-47ca-a683-df8d3007b982@group-2C6A887D185A:t1, leader=null, voted=c56b8268-e928-47ca-a683-df8d3007b982, raftlog=c56b8268-e928-47ca-a683-df8d3007b982@group-2C6A887D185A-SegmentedRaftLog:OPENED:c-1,f-1,i0, conf=-1: [c56b8268-e928-47ca-a683-df8d3007b982:192.168.30.46:33788, 186ee64a-98ca-4bb3-a60d-6aa1a982aad3:192.168.30.46:34369, e2c8746f-04d7-450a-a5ce-8e7d8acae5e5:192.168.30.46:36760], old=null
2019-10-04 19:10:14,983 [e2c8746f-04d7-450a-a5ce-8e7d8acae5e5@group-468C796FA447-LeaderElection76] INFO  impl.RaftServerImpl (ServerState.java:setRaftConf(356)) - e2c8746f-04d7-450a-a5ce-8e7d8acae5e5@group-468C796FA447: set configuration 0: [e2c8746f-04d7-450a-a5ce-8e7d8acae5e5:192.168.30.46:36760], old=null at 0
2019-10-04 19:10:14,986 [c56b8268-e928-47ca-a683-df8d3007b982@group-2C6A887D185A-LeaderElection79] INFO  impl.RaftServerImpl (RaftServerImpl.java:setRole(170)) - c56b8268-e928-47ca-a683-df8d3007b982@group-2C6A887D185A: changes role from CANDIDATE to FOLLOWER at term 1 for DISCOVERED_A_NEW_TERM
2019-10-04 19:10:14,983 [e2c8746f-04d7-450a-a5ce-8e7d8acae5e5@group-2C6A887D185A-LeaderElection80] INFO  impl.RaftServerImpl (RaftServerImpl.java:setRole(170)) - e2c8746f-04d7-450a-a5ce-8e7d8acae5e5@group-2C6A887D185A: changes role from CANDIDATE to FOLLOWER at term 1 for DISCOVERED_A_NEW_TERM
2019-10-04 19:10:14,986 [c56b8268-e928-47ca-a683-df8d3007b982@group-A0C998AEA5F2-LeaderElection77] INFO  impl.RaftServerImpl (ServerState.java:setRaftConf(356)) - c56b8268-e928-47ca-a683-df8d3007b982@group-A0C998AEA5F2: set configuration 0: [c56b8268-e928-47ca-a683-df8d3007b982:192.168.30.46:33788], old=null at 0
2019-10-04 19:10:14,989 [c56b8268-e928-47ca-a683-df8d3007b982@group-2C6A887D185A-LeaderElection79] INFO  impl.RoleInfo (RoleInfo.java:shutdownLeaderElection(134)) - c56b8268-e928-47ca-a683-df8d3007b982: shutdown LeaderElection
2019-10-04 19:10:14,989 [e2c8746f-04d7-450a-a5ce-8e7d8acae5e5@group-2C6A887D185A-LeaderElection80] INFO  impl.RoleInfo (RoleInfo.java:shutdownLeaderElection(134)) - e2c8746f-04d7-450a-a5ce-8e7d8acae5e5: shutdown LeaderElection
2019-10-04 19:10:14,992 [c56b8268-e928-47ca-a683-df8d3007b982@group-2C6A887D185A-LeaderElection79] INFO  impl.RoleInfo (RoleInfo.java:updateAndGet(143)) - c56b8268-e928-47ca-a683-df8d3007b982: start FollowerState
2019-10-04 19:10:14,992 [e2c8746f-04d7-450a-a5ce-8e7d8acae5e5@group-2C6A887D185A-LeaderElection80] INFO  impl.RoleInfo (RoleInfo.java:updateAndGet(143)) - e2c8746f-04d7-450a-a5ce-8e7d8acae5e5: start FollowerState
2019-10-04 19:10:14,996 [186ee64a-98ca-4bb3-a60d-6aa1a982aad3@group-498BD0C310F7-SegmentedRaftLogWorker] INFO  segmented.SegmentedRaftLogWorker (SegmentedRaftLogWorker.java:execute(574)) - 186ee64a-98ca-4bb3-a60d-6aa1a982aad3@group-498BD0C310F7-SegmentedRaftLogWorker: created new log segment /workdir/hadoop-ozone/integration-test/target/test-dir/MiniOzoneClusterImpl-ff688d9a-9cad-4e06-a7c3-b08bdc3e7b45/datanode-3/data/ratis/95012e6d-ca46-46ce-ba9a-498bd0c310f7/current/log_inprogress_0
2019-10-04 19:10:14,996 [f8788253-f07e-441c-873f-001f69d2ed53@group-3E3AB9C6DBA8-SegmentedRaftLogWorker] INFO  segmented.SegmentedRaftLogWorker (SegmentedRaftLogWorker.java:execute(574)) - f8788253-f07e-441c-873f-001f69d2ed53@group-3E3AB9C6DBA8-SegmentedRaftLogWorker: created new log segment /workdir/hadoop-ozone/integration-test/target/test-dir/MiniOzoneClusterImpl-ff688d9a-9cad-4e06-a7c3-b08bdc3e7b45/datanode-0/data/ratis/749072aa-cf76-43e3-b420-3e3ab9c6dba8/current/log_inprogress_0
2019-10-04 19:10:14,996 [186ee64a-98ca-4bb3-a60d-6aa1a982aad3@group-2C6A887D185A-LeaderElection81] INFO  impl.LeaderElection (LeaderElection.java:logAndReturn(56)) - 186ee64a-98ca-4bb3-a60d-6aa1a982aad3@group-2C6A887D185A-LeaderElection81: Election REJECTED; received 2 response(s) [186ee64a-98ca-4bb3-a60d-6aa1a982aad3<-c56b8268-e928-47ca-a683-df8d3007b982#0:FAIL-t1, 186ee64a-98ca-4bb3-a60d-6aa1a982aad3<-e2c8746f-04d7-450a-a5ce-8e7d8acae5e5#0:FAIL-t1] and 0 exception(s); 186ee64a-98ca-4bb3-a60d-6aa1a982aad3@group-2C6A887D185A:t1, leader=null, voted=186ee64a-98ca-4bb3-a60d-6aa1a982aad3, raftlog=186ee64a-98ca-4bb3-a60d-6aa1a982aad3@group-2C6A887D185A-SegmentedRaftLog:OPENED:c-1,f-1,i0, conf=-1: [c56b8268-e928-47ca-a683-df8d3007b982:192.168.30.46:33788, 186ee64a-98ca-4bb3-a60d-6aa1a982aad3:192.168.30.46:34369, e2c8746f-04d7-450a-a5ce-8e7d8acae5e5:192.168.30.46:36760], old=null
2019-10-04 19:10:14,996 [186ee64a-98ca-4bb3-a60d-6aa1a982aad3@group-2C6A887D185A-LeaderElection81] INFO  impl.RaftServerImpl (RaftServerImpl.java:setRole(170)) - 186ee64a-98ca-4bb3-a60d-6aa1a982aad3@group-2C6A887D185A: changes role from CANDIDATE to FOLLOWER at term 1 for DISCOVERED_A_NEW_TERM
2019-10-04 19:10:14,996 [186ee64a-98ca-4bb3-a60d-6aa1a982aad3@group-2C6A887D185A-LeaderElection81] INFO  impl.RoleInfo (RoleInfo.java:shutdownLeaderElection(134)) - 186ee64a-98ca-4bb3-a60d-6aa1a982aad3: shutdown LeaderElection
2019-10-04 19:10:14,996 [186ee64a-98ca-4bb3-a60d-6aa1a982aad3@group-2C6A887D185A-LeaderElection81] INFO  impl.RoleInfo (RoleInfo.java:updateAndGet(143)) - 186ee64a-98ca-4bb3-a60d-6aa1a982aad3: start FollowerState
2019-10-04 19:10:15,053 [c56b8268-e928-47ca-a683-df8d3007b982@group-A0C998AEA5F2-SegmentedRaftLogWorker] INFO  segmented.SegmentedRaftLogWorker (SegmentedRaftLogWorker.java:execute(574)) - c56b8268-e928-47ca-a683-df8d3007b982@group-A0C998AEA5F2-SegmentedRaftLogWorker: created new log segment /workdir/hadoop-ozone/integration-test/target/test-dir/MiniOzoneClusterImpl-ff688d9a-9cad-4e06-a7c3-b08bdc3e7b45/datanode-5/data/ratis/197ba412-4936-45b8-b1cf-a0c998aea5f2/current/log_inprogress_0
2019-10-04 19:10:15,053 [e2c8746f-04d7-450a-a5ce-8e7d8acae5e5@group-468C796FA447-SegmentedRaftLogWorker] INFO  segmented.SegmentedRaftLogWorker (SegmentedRaftLogWorker.java:execute(574)) - e2c8746f-04d7-450a-a5ce-8e7d8acae5e5@group-468C796FA447-SegmentedRaftLogWorker: created new log segment /workdir/hadoop-ozone/integration-test/target/test-dir/MiniOzoneClusterImpl-ff688d9a-9cad-4e06-a7c3-b08bdc3e7b45/datanode-4/data/ratis/d29144b1-26c1-431b-8e81-468c796fa447/current/log_inprogress_0
2019-10-04 19:10:15,099 [grpc-default-executor-2] WARN  server.GrpcLogAppender (LogUtils.java:warn(134)) - 0c740033-5552-4d27-ab2d-faeb035c7a1c@group-07353A2AD167->ab77a81b-e30a-4472-9397-726189fd159d-AppendLogResponseHandler: Failed appendEntries: org.apache.ratis.thirdparty.io.grpc.StatusRuntimeException: UNAVAILABLE: io exception
2019-10-04 19:10:15,099 [grpc-default-executor-1] WARN  server.GrpcLogAppender (LogUtils.java:warn(134)) - 0c740033-5552-4d27-ab2d-faeb035c7a1c@group-07353A2AD167->1553187d-9ebc-4ae0-ad21-5383f7672836-AppendLogResponseHandler: Failed appendEntries: org.apache.ratis.thirdparty.io.grpc.StatusRuntimeException: UNAVAILABLE: io exception
2019-10-04 19:10:15,100 [grpc-default-executor-2] INFO  impl.FollowerInfo (FollowerInfo.java:lambda$new$0(51)) - 0c740033-5552-4d27-ab2d-faeb035c7a1c@group-07353A2AD167->ab77a81b-e30a-4472-9397-726189fd159d: nextIndex: updateUnconditionally 0 -> 0
2019-10-04 19:10:15,100 [grpc-default-executor-1] INFO  impl.FollowerInfo (FollowerInfo.java:lambda$new$0(51)) - 0c740033-5552-4d27-ab2d-faeb035c7a1c@group-07353A2AD167->1553187d-9ebc-4ae0-ad21-5383f7672836: nextIndex: updateUnconditionally 0 -> 0
2019-10-04 19:10:16,984 [EventQueue-StaleNodeForStaleNodeHandler] INFO  node.StaleNodeHandler (StaleNodeHandler.java:onMessage(58)) - Datanode 1553187d-9ebc-4ae0-ad21-5383f7672836{ip: 192.168.30.46, host: pr-hdds-2164-trunk-n6c85-931752109, networkLocation: /default-rack, certSerialId: null} moved to stale state. Finalizing its pipelines [PipelineID=ee3661e6-1ec0-42db-875d-07353a2ad167, PipelineID=f2d11bf0-ff64-446e-9907-ac4d011b9ff5]
2019-10-04 19:10:16,985 [EventQueue-StaleNodeForStaleNodeHandler] INFO  pipeline.SCMPipelineManager (SCMPipelineManager.java:finalizeAndDestroyPipeline(315)) - destroying pipeline:Pipeline[ Id: ee3661e6-1ec0-42db-875d-07353a2ad167, Nodes: 1553187d-9ebc-4ae0-ad21-5383f7672836{ip: 192.168.30.46, host: pr-hdds-2164-trunk-n6c85-931752109, networkLocation: /default-rack, certSerialId: null}ab77a81b-e30a-4472-9397-726189fd159d{ip: 192.168.30.46, host: pr-hdds-2164-trunk-n6c85-931752109, networkLocation: /default-rack, certSerialId: null}0c740033-5552-4d27-ab2d-faeb035c7a1c{ip: 192.168.30.46, host: pr-hdds-2164-trunk-n6c85-931752109, networkLocation: /default-rack, certSerialId: null}, Type:RATIS, Factor:THREE, State:OPEN]
2019-10-04 19:10:16,986 [EventQueue-StaleNodeForStaleNodeHandler] INFO  pipeline.PipelineStateManager (PipelineStateManager.java:finalizePipeline(123)) - Pipeline Pipeline[ Id: ee3661e6-1ec0-42db-875d-07353a2ad167, Nodes: 1553187d-9ebc-4ae0-ad21-5383f7672836{ip: 192.168.30.46, host: pr-hdds-2164-trunk-n6c85-931752109, networkLocation: /default-rack, certSerialId: null}ab77a81b-e30a-4472-9397-726189fd159d{ip: 192.168.30.46, host: pr-hdds-2164-trunk-n6c85-931752109, networkLocation: /default-rack, certSerialId: null}0c740033-5552-4d27-ab2d-faeb035c7a1c{ip: 192.168.30.46, host: pr-hdds-2164-trunk-n6c85-931752109, networkLocation: /default-rack, certSerialId: null}, Type:RATIS, Factor:THREE, State:CLOSED] moved to CLOSED state
2019-10-04 19:10:16,986 [EventQueue-CloseContainerForCloseContainerEventHandler] INFO  container.CloseContainerEventHandler (CloseContainerEventHandler.java:onMessage(61)) - Close container Event triggered for container : #1
2019-10-04 19:10:16,991 [EventQueue-StaleNodeForStaleNodeHandler] INFO  pipeline.SCMPipelineManager (SCMPipelineManager.java:finalizeAndDestroyPipeline(315)) - destroying pipeline:Pipeline[ Id: f2d11bf0-ff64-446e-9907-ac4d011b9ff5, Nodes: 1553187d-9ebc-4ae0-ad21-5383f7672836{ip: 192.168.30.46, host: pr-hdds-2164-trunk-n6c85-931752109, networkLocation: /default-rack, certSerialId: null}, Type:RATIS, Factor:ONE, State:OPEN]
2019-10-04 19:10:16,995 [EventQueue-StaleNodeForStaleNodeHandler] INFO  pipeline.PipelineStateManager (PipelineStateManager.java:finalizePipeline(123)) - Pipeline Pipeline[ Id: f2d11bf0-ff64-446e-9907-ac4d011b9ff5, Nodes: 1553187d-9ebc-4ae0-ad21-5383f7672836{ip: 192.168.30.46, host: pr-hdds-2164-trunk-n6c85-931752109, networkLocation: /default-rack, certSerialId: null}, Type:RATIS, Factor:ONE, State:CLOSED] moved to CLOSED state
2019-10-04 19:10:17,601 [grpc-default-executor-9] WARN  server.GrpcLogAppender (LogUtils.java:warn(134)) - 0c740033-5552-4d27-ab2d-faeb035c7a1c@group-07353A2AD167->ab77a81b-e30a-4472-9397-726189fd159d-AppendLogResponseHandler: Failed appendEntries: org.apache.ratis.thirdparty.io.grpc.StatusRuntimeException: UNAVAILABLE: io exception
2019-10-04 19:10:17,601 [grpc-default-executor-1] WARN  server.GrpcLogAppender (LogUtils.java:warn(134)) - 0c740033-5552-4d27-ab2d-faeb035c7a1c@group-07353A2AD167->1553187d-9ebc-4ae0-ad21-5383f7672836-AppendLogResponseHandler: Failed appendEntries: org.apache.ratis.thirdparty.io.grpc.StatusRuntimeException: UNAVAILABLE: io exception
2019-10-04 19:10:17,601 [grpc-default-executor-9] INFO  impl.FollowerInfo (FollowerInfo.java:lambda$new$0(51)) - 0c740033-5552-4d27-ab2d-faeb035c7a1c@group-07353A2AD167->ab77a81b-e30a-4472-9397-726189fd159d: nextIndex: updateUnconditionally 0 -> 0
2019-10-04 19:10:17,601 [grpc-default-executor-1] INFO  impl.FollowerInfo (FollowerInfo.java:lambda$new$0(51)) - 0c740033-5552-4d27-ab2d-faeb035c7a1c@group-07353A2AD167->1553187d-9ebc-4ae0-ad21-5383f7672836: nextIndex: updateUnconditionally 0 -> 0
2019-10-04 19:10:18,852 [grpc-default-executor-4] WARN  server.GrpcLogAppender (LogUtils.java:warn(134)) - 0c740033-5552-4d27-ab2d-faeb035c7a1c@group-07353A2AD167->ab77a81b-e30a-4472-9397-726189fd159d-AppendLogResponseHandler: Failed appendEntries: org.apache.ratis.thirdparty.io.grpc.StatusRuntimeException: UNAVAILABLE: io exception
2019-10-04 19:10:18,852 [grpc-default-executor-1] WARN  server.GrpcLogAppender (LogUtils.java:warn(134)) - 0c740033-5552-4d27-ab2d-faeb035c7a1c@group-07353A2AD167->1553187d-9ebc-4ae0-ad21-5383f7672836-AppendLogResponseHandler: Failed appendEntries: org.apache.ratis.thirdparty.io.grpc.StatusRuntimeException: UNAVAILABLE: io exception
2019-10-04 19:10:18,853 [grpc-default-executor-4] INFO  impl.FollowerInfo (FollowerInfo.java:lambda$new$0(51)) - 0c740033-5552-4d27-ab2d-faeb035c7a1c@group-07353A2AD167->ab77a81b-e30a-4472-9397-726189fd159d: nextIndex: updateUnconditionally 1 -> 0
2019-10-04 19:10:18,853 [grpc-default-executor-1] INFO  impl.FollowerInfo (FollowerInfo.java:lambda$new$0(51)) - 0c740033-5552-4d27-ab2d-faeb035c7a1c@group-07353A2AD167->1553187d-9ebc-4ae0-ad21-5383f7672836: nextIndex: updateUnconditionally 1 -> 0
2019-10-04 19:10:19,840 [Thread-2379] INFO  impl.FollowerState (FollowerState.java:run(108)) - 2f04ad78-21d6-40a9-8059-e90713547566@group-BDEAAC972EE7-FollowerState: change to CANDIDATE, lastRpcTime:5024ms, electionTimeout:5020ms
2019-10-04 19:10:19,841 [Thread-2379] INFO  impl.RoleInfo (RoleInfo.java:shutdownFollowerState(121)) - 2f04ad78-21d6-40a9-8059-e90713547566: shutdown FollowerState
2019-10-04 19:10:19,841 [Thread-2379] INFO  impl.RaftServerImpl (RaftServerImpl.java:setRole(170)) - 2f04ad78-21d6-40a9-8059-e90713547566@group-BDEAAC972EE7: changes role from  FOLLOWER to CANDIDATE at term 1 for changeToCandidate
2019-10-04 19:10:19,841 [Thread-2379] INFO  impl.RoleInfo (RoleInfo.java:updateAndGet(143)) - 2f04ad78-21d6-40a9-8059-e90713547566: start LeaderElection
2019-10-04 19:10:19,881 [2f04ad78-21d6-40a9-8059-e90713547566@group-BDEAAC972EE7-LeaderElection82] INFO  impl.LeaderElection (LeaderElection.java:askForVotes(178)) - 2f04ad78-21d6-40a9-8059-e90713547566@group-BDEAAC972EE7-LeaderElection82: begin an election at term 2 for -1: [5ac667fa-b96b-4bb4-8091-e17b022e76be:192.168.30.46:42563, 2f04ad78-21d6-40a9-8059-e90713547566:192.168.30.46:39425, f8788253-f07e-441c-873f-001f69d2ed53:192.168.30.46:42356], old=null
2019-10-04 19:10:19,894 [grpc-default-executor-4] INFO  impl.RaftServerImpl (RaftServerImpl.java:setRole(170)) - 5ac667fa-b96b-4bb4-8091-e17b022e76be@group-BDEAAC972EE7: changes role from  FOLLOWER to FOLLOWER at term 2 for recognizeCandidate:2f04ad78-21d6-40a9-8059-e90713547566
2019-10-04 19:10:19,894 [grpc-default-executor-1] INFO  impl.RaftServerImpl (RaftServerImpl.java:setRole(170)) - f8788253-f07e-441c-873f-001f69d2ed53@group-BDEAAC972EE7: changes role from  FOLLOWER to FOLLOWER at term 2 for recognizeCandidate:2f04ad78-21d6-40a9-8059-e90713547566
2019-10-04 19:10:19,894 [grpc-default-executor-4] INFO  impl.RoleInfo (RoleInfo.java:shutdownFollowerState(121)) - 5ac667fa-b96b-4bb4-8091-e17b022e76be: shutdown FollowerState
2019-10-04 19:10:19,894 [grpc-default-executor-1] INFO  impl.RoleInfo (RoleInfo.java:shutdownFollowerState(121)) - f8788253-f07e-441c-873f-001f69d2ed53: shutdown FollowerState
2019-10-04 19:10:19,895 [Thread-2378] INFO  impl.FollowerState (FollowerState.java:run(117)) - 5ac667fa-b96b-4bb4-8091-e17b022e76be@group-BDEAAC972EE7-FollowerState was interrupted: java.lang.InterruptedException: sleep interrupted
2019-10-04 19:10:19,895 [grpc-default-executor-4] INFO  impl.RoleInfo (RoleInfo.java:updateAndGet(143)) - 5ac667fa-b96b-4bb4-8091-e17b022e76be: start FollowerState
2019-10-04 19:10:19,895 [grpc-default-executor-1] INFO  impl.RoleInfo (RoleInfo.java:updateAndGet(143)) - f8788253-f07e-441c-873f-001f69d2ed53: start FollowerState
2019-10-04 19:10:19,901 [Thread-2382] INFO  impl.FollowerState (FollowerState.java:run(117)) - f8788253-f07e-441c-873f-001f69d2ed53@group-BDEAAC972EE7-FollowerState was interrupted: java.lang.InterruptedException: sleep interrupted
2019-10-04 19:10:19,934 [2f04ad78-21d6-40a9-8059-e90713547566@group-BDEAAC972EE7-LeaderElection82] INFO  impl.LeaderElection (LeaderElection.java:logAndReturn(56)) - 2f04ad78-21d6-40a9-8059-e90713547566@group-BDEAAC972EE7-LeaderElection82: Election PASSED; received 1 response(s) [2f04ad78-21d6-40a9-8059-e90713547566<-5ac667fa-b96b-4bb4-8091-e17b022e76be#0:OK-t2] and 0 exception(s); 2f04ad78-21d6-40a9-8059-e90713547566@group-BDEAAC972EE7:t2, leader=null, voted=2f04ad78-21d6-40a9-8059-e90713547566, raftlog=2f04ad78-21d6-40a9-8059-e90713547566@group-BDEAAC972EE7-SegmentedRaftLog:OPENED:c-1,f-1,i0, conf=-1: [5ac667fa-b96b-4bb4-8091-e17b022e76be:192.168.30.46:42563, 2f04ad78-21d6-40a9-8059-e90713547566:192.168.30.46:39425, f8788253-f07e-441c-873f-001f69d2ed53:192.168.30.46:42356], old=null
2019-10-04 19:10:19,934 [2f04ad78-21d6-40a9-8059-e90713547566@group-BDEAAC972EE7-LeaderElection82] INFO  impl.RoleInfo (RoleInfo.java:shutdownLeaderElection(134)) - 2f04ad78-21d6-40a9-8059-e90713547566: shutdown LeaderElection
2019-10-04 19:10:19,936 [2f04ad78-21d6-40a9-8059-e90713547566@group-BDEAAC972EE7-LeaderElection82] INFO  impl.RaftServerImpl (RaftServerImpl.java:setRole(170)) - 2f04ad78-21d6-40a9-8059-e90713547566@group-BDEAAC972EE7: changes role from CANDIDATE to LEADER at term 2 for changeToLeader
2019-10-04 19:10:19,936 [2f04ad78-21d6-40a9-8059-e90713547566@group-BDEAAC972EE7-LeaderElection82] INFO  impl.RaftServerImpl (ServerState.java:setLeader(255)) - 2f04ad78-21d6-40a9-8059-e90713547566@group-BDEAAC972EE7: change Leader from null to 2f04ad78-21d6-40a9-8059-e90713547566 at term 2 for becomeLeader, leader elected after 10831ms
2019-10-04 19:10:19,937 [2f04ad78-21d6-40a9-8059-e90713547566@group-BDEAAC972EE7-LeaderElection82] INFO  server.RaftServerConfigKeys (ConfUtils.java:logGet(43)) - raft.server.staging.catchup.gap = 1000 (default)
2019-10-04 19:10:19,937 [2f04ad78-21d6-40a9-8059-e90713547566@group-BDEAAC972EE7-LeaderElection82] INFO  server.RaftServerConfigKeys (ConfUtils.java:logGet(43)) - raft.server.rpc.sleep.time = 25ms (default)
2019-10-04 19:10:19,938 [2f04ad78-21d6-40a9-8059-e90713547566@group-BDEAAC972EE7-LeaderElection82] INFO  server.RaftServerConfigKeys (ConfUtils.java:logGet(43)) - raft.server.write.element-limit = 4096 (default)
2019-10-04 19:10:19,938 [2f04ad78-21d6-40a9-8059-e90713547566@group-BDEAAC972EE7-LeaderElection82] INFO  server.RaftServerConfigKeys (ConfUtils.java:logGet(43)) - raft.server.watch.timeout = 10s (default)
2019-10-04 19:10:19,938 [2f04ad78-21d6-40a9-8059-e90713547566@group-BDEAAC972EE7-LeaderElection82] INFO  server.RaftServerConfigKeys (ConfUtils.java:logGet(43)) - raft.server.watch.timeout.denomination = 1s (default)
2019-10-04 19:10:19,938 [2f04ad78-21d6-40a9-8059-e90713547566@group-BDEAAC972EE7-LeaderElection82] INFO  server.RaftServerConfigKeys (ConfUtils.java:logGet(43)) - raft.server.watch.element-limit = 65536 (default)
2019-10-04 19:10:19,941 [2f04ad78-21d6-40a9-8059-e90713547566@group-BDEAAC972EE7-LeaderElection82] INFO  server.RaftServerConfigKeys (ConfUtils.java:logGet(43)) - raft.server.log.appender.snapshot.chunk.size.max = 16MB (=16777216) (default)
2019-10-04 19:10:19,942 [2f04ad78-21d6-40a9-8059-e90713547566@group-BDEAAC972EE7-LeaderElection82] INFO  server.RaftServerConfigKeys (ConfUtils.java:logGet(43)) - raft.server.log.appender.buffer.byte-limit = 33554432 (custom)
2019-10-04 19:10:19,942 [2f04ad78-21d6-40a9-8059-e90713547566@group-BDEAAC972EE7-LeaderElection82] INFO  server.RaftServerConfigKeys (ConfUtils.java:logGet(43)) - raft.server.log.appender.buffer.element-limit = 1 (custom)
2019-10-04 19:10:19,942 [2f04ad78-21d6-40a9-8059-e90713547566@group-BDEAAC972EE7-LeaderElection82] INFO  grpc.GrpcConfigKeys$Server (ConfUtils.java:logGet(43)) - raft.grpc.server.leader.outstanding.appends.max = 128 (default)
2019-10-04 19:10:19,942 [2f04ad78-21d6-40a9-8059-e90713547566@group-BDEAAC972EE7-LeaderElection82] INFO  server.RaftServerConfigKeys (ConfUtils.java:logGet(43)) - raft.server.rpc.request.timeout = 3000ms (default)
2019-10-04 19:10:19,943 [2f04ad78-21d6-40a9-8059-e90713547566@group-BDEAAC972EE7-LeaderElection82] INFO  server.RaftServerConfigKeys (ConfUtils.java:logGet(43)) - raft.server.log.appender.install.snapshot.enabled = false (custom)
2019-10-04 19:10:19,943 [2f04ad78-21d6-40a9-8059-e90713547566@group-BDEAAC972EE7-LeaderElection82] INFO  server.RaftServerConfigKeys (ConfUtils.java:logGet(43)) - raft.server.log.appender.snapshot.chunk.size.max = 16MB (=16777216) (default)
2019-10-04 19:10:19,943 [2f04ad78-21d6-40a9-8059-e90713547566@group-BDEAAC972EE7-LeaderElection82] INFO  server.RaftServerConfigKeys (ConfUtils.java:logGet(43)) - raft.server.log.appender.buffer.byte-limit = 33554432 (custom)
2019-10-04 19:10:19,943 [2f04ad78-21d6-40a9-8059-e90713547566@group-BDEAAC972EE7-LeaderElection82] INFO  server.RaftServerConfigKeys (ConfUtils.java:logGet(43)) - raft.server.log.appender.buffer.element-limit = 1 (custom)
2019-10-04 19:10:19,943 [2f04ad78-21d6-40a9-8059-e90713547566@group-BDEAAC972EE7-LeaderElection82] INFO  grpc.GrpcConfigKeys$Server (ConfUtils.java:logGet(43)) - raft.grpc.server.leader.outstanding.appends.max = 128 (default)
2019-10-04 19:10:19,943 [2f04ad78-21d6-40a9-8059-e90713547566@group-BDEAAC972EE7-LeaderElection82] INFO  server.RaftServerConfigKeys (ConfUtils.java:logGet(43)) - raft.server.rpc.request.timeout = 3000ms (default)
2019-10-04 19:10:19,943 [2f04ad78-21d6-40a9-8059-e90713547566@group-BDEAAC972EE7-LeaderElection82] INFO  server.RaftServerConfigKeys (ConfUtils.java:logGet(43)) - raft.server.log.appender.install.snapshot.enabled = false (custom)
2019-10-04 19:10:19,944 [2f04ad78-21d6-40a9-8059-e90713547566@group-BDEAAC972EE7-LeaderElection82] INFO  impl.RoleInfo (RoleInfo.java:updateAndGet(143)) - 2f04ad78-21d6-40a9-8059-e90713547566: start LeaderState
2019-10-04 19:10:19,944 [2f04ad78-21d6-40a9-8059-e90713547566@group-BDEAAC972EE7-LeaderElection82] INFO  segmented.SegmentedRaftLogWorker (SegmentedRaftLogWorker.java:startLogSegment(385)) - 2f04ad78-21d6-40a9-8059-e90713547566@group-BDEAAC972EE7-SegmentedRaftLogWorker: Starting segment from index:0
2019-10-04 19:10:19,974 [2f04ad78-21d6-40a9-8059-e90713547566@group-BDEAAC972EE7-LeaderElection82] INFO  impl.RaftServerImpl (ServerState.java:setRaftConf(356)) - 2f04ad78-21d6-40a9-8059-e90713547566@group-BDEAAC972EE7: set configuration 0: [5ac667fa-b96b-4bb4-8091-e17b022e76be:192.168.30.46:42563, 2f04ad78-21d6-40a9-8059-e90713547566:192.168.30.46:39425, f8788253-f07e-441c-873f-001f69d2ed53:192.168.30.46:42356], old=null at 0
2019-10-04 19:10:19,975 [grpc-default-executor-1] INFO  impl.RaftServerImpl (ServerState.java:setLeader(255)) - 5ac667fa-b96b-4bb4-8091-e17b022e76be@group-BDEAAC972EE7: change Leader from null to 2f04ad78-21d6-40a9-8059-e90713547566 at term 2 for appendEntries, leader elected after 10869ms
2019-10-04 19:10:19,975 [grpc-default-executor-4] INFO  impl.RaftServerImpl (ServerState.java:setLeader(255)) - f8788253-f07e-441c-873f-001f69d2ed53@group-BDEAAC972EE7: change Leader from null to 2f04ad78-21d6-40a9-8059-e90713547566 at term 2 for appendEntries, leader elected after 10870ms
2019-10-04 19:10:19,981 [grpc-default-executor-4] INFO  impl.RaftServerImpl (ServerState.java:setRaftConf(356)) - 5ac667fa-b96b-4bb4-8091-e17b022e76be@group-BDEAAC972EE7: set configuration 0: [5ac667fa-b96b-4bb4-8091-e17b022e76be:192.168.30.46:42563, 2f04ad78-21d6-40a9-8059-e90713547566:192.168.30.46:39425, f8788253-f07e-441c-873f-001f69d2ed53:192.168.30.46:42356], old=null at 0
2019-10-04 19:10:19,981 [grpc-default-executor-1] INFO  impl.RaftServerImpl (ServerState.java:setRaftConf(356)) - f8788253-f07e-441c-873f-001f69d2ed53@group-BDEAAC972EE7: set configuration 0: [5ac667fa-b96b-4bb4-8091-e17b022e76be:192.168.30.46:42563, 2f04ad78-21d6-40a9-8059-e90713547566:192.168.30.46:39425, f8788253-f07e-441c-873f-001f69d2ed53:192.168.30.46:42356], old=null at 0
2019-10-04 19:10:19,981 [grpc-default-executor-4] INFO  segmented.SegmentedRaftLogWorker (SegmentedRaftLogWorker.java:startLogSegment(385)) - 5ac667fa-b96b-4bb4-8091-e17b022e76be@group-BDEAAC972EE7-SegmentedRaftLogWorker: Starting segment from index:0
2019-10-04 19:10:19,981 [grpc-default-executor-1] INFO  segmented.SegmentedRaftLogWorker (SegmentedRaftLogWorker.java:startLogSegment(385)) - f8788253-f07e-441c-873f-001f69d2ed53@group-BDEAAC972EE7-SegmentedRaftLogWorker: Starting segment from index:0
2019-10-04 19:10:20,012 [2f04ad78-21d6-40a9-8059-e90713547566@group-BDEAAC972EE7-SegmentedRaftLogWorker] INFO  segmented.SegmentedRaftLogWorker (SegmentedRaftLogWorker.java:execute(574)) - 2f04ad78-21d6-40a9-8059-e90713547566@group-BDEAAC972EE7-SegmentedRaftLogWorker: created new log segment /workdir/hadoop-ozone/integration-test/target/test-dir/MiniOzoneClusterImpl-ff688d9a-9cad-4e06-a7c3-b08bdc3e7b45/datanode-1/data/ratis/d6d13aee-23cd-4be9-9860-bdeaac972ee7/current/log_inprogress_0
2019-10-04 19:10:20,058 [Thread-2391] INFO  impl.FollowerState (FollowerState.java:run(108)) - e2c8746f-04d7-450a-a5ce-8e7d8acae5e5@group-2C6A887D185A-FollowerState: change to CANDIDATE, lastRpcTime:5065ms, electionTimeout:5028ms
2019-10-04 19:10:20,058 [Thread-2391] INFO  impl.RoleInfo (RoleInfo.java:shutdownFollowerState(121)) - e2c8746f-04d7-450a-a5ce-8e7d8acae5e5: shutdown FollowerState
2019-10-04 19:10:20,058 [Thread-2391] INFO  impl.RaftServerImpl (RaftServerImpl.java:setRole(170)) - e2c8746f-04d7-450a-a5ce-8e7d8acae5e5@group-2C6A887D185A: changes role from  FOLLOWER to CANDIDATE at term 1 for changeToCandidate
2019-10-04 19:10:20,058 [Thread-2391] INFO  impl.RoleInfo (RoleInfo.java:updateAndGet(143)) - e2c8746f-04d7-450a-a5ce-8e7d8acae5e5: start LeaderElection
2019-10-04 19:10:20,068 [f8788253-f07e-441c-873f-001f69d2ed53@group-BDEAAC972EE7-SegmentedRaftLogWorker] INFO  segmented.SegmentedRaftLogWorker (SegmentedRaftLogWorker.java:execute(574)) - f8788253-f07e-441c-873f-001f69d2ed53@group-BDEAAC972EE7-SegmentedRaftLogWorker: created new log segment /workdir/hadoop-ozone/integration-test/target/test-dir/MiniOzoneClusterImpl-ff688d9a-9cad-4e06-a7c3-b08bdc3e7b45/datanode-0/data/ratis/d6d13aee-23cd-4be9-9860-bdeaac972ee7/current/log_inprogress_0
2019-10-04 19:10:20,093 [5ac667fa-b96b-4bb4-8091-e17b022e76be@group-BDEAAC972EE7-SegmentedRaftLogWorker] INFO  segmented.SegmentedRaftLogWorker (SegmentedRaftLogWorker.java:execute(574)) - 5ac667fa-b96b-4bb4-8091-e17b022e76be@group-BDEAAC972EE7-SegmentedRaftLogWorker: created new log segment /workdir/hadoop-ozone/integration-test/target/test-dir/MiniOzoneClusterImpl-ff688d9a-9cad-4e06-a7c3-b08bdc3e7b45/datanode-2/data/ratis/d6d13aee-23cd-4be9-9860-bdeaac972ee7/current/log_inprogress_0
2019-10-04 19:10:20,093 [e2c8746f-04d7-450a-a5ce-8e7d8acae5e5@group-2C6A887D185A-LeaderElection83] INFO  impl.LeaderElection (LeaderElection.java:askForVotes(178)) - e2c8746f-04d7-450a-a5ce-8e7d8acae5e5@group-2C6A887D185A-LeaderElection83: begin an election at term 2 for -1: [c56b8268-e928-47ca-a683-df8d3007b982:192.168.30.46:33788, 186ee64a-98ca-4bb3-a60d-6aa1a982aad3:192.168.30.46:34369, e2c8746f-04d7-450a-a5ce-8e7d8acae5e5:192.168.30.46:36760], old=null
2019-10-04 19:10:20,096 [grpc-default-executor-1] INFO  impl.RaftServerImpl (RaftServerImpl.java:setRole(170)) - c56b8268-e928-47ca-a683-df8d3007b982@group-2C6A887D185A: changes role from  FOLLOWER to FOLLOWER at term 2 for recognizeCandidate:e2c8746f-04d7-450a-a5ce-8e7d8acae5e5
2019-10-04 19:10:20,096 [grpc-default-executor-4] INFO  impl.RaftServerImpl (RaftServerImpl.java:setRole(170)) - 186ee64a-98ca-4bb3-a60d-6aa1a982aad3@group-2C6A887D185A: changes role from  FOLLOWER to FOLLOWER at term 2 for recognizeCandidate:e2c8746f-04d7-450a-a5ce-8e7d8acae5e5
2019-10-04 19:10:20,096 [grpc-default-executor-1] INFO  impl.RoleInfo (RoleInfo.java:shutdownFollowerState(121)) - c56b8268-e928-47ca-a683-df8d3007b982: shutdown FollowerState
2019-10-04 19:10:20,096 [grpc-default-executor-4] INFO  impl.RoleInfo (RoleInfo.java:shutdownFollowerState(121)) - 186ee64a-98ca-4bb3-a60d-6aa1a982aad3: shutdown FollowerState
2019-10-04 19:10:20,096 [grpc-default-executor-1] INFO  impl.RoleInfo (RoleInfo.java:updateAndGet(143)) - c56b8268-e928-47ca-a683-df8d3007b982: start FollowerState
2019-10-04 19:10:20,096 [grpc-default-executor-4] INFO  impl.RoleInfo (RoleInfo.java:updateAndGet(143)) - 186ee64a-98ca-4bb3-a60d-6aa1a982aad3: start FollowerState
2019-10-04 19:10:20,096 [Thread-2390] INFO  impl.FollowerState (FollowerState.java:run(117)) - c56b8268-e928-47ca-a683-df8d3007b982@group-2C6A887D185A-FollowerState was interrupted: java.lang.InterruptedException: sleep interrupted
2019-10-04 19:10:20,097 [Thread-2392] INFO  impl.FollowerState (FollowerState.java:run(117)) - 186ee64a-98ca-4bb3-a60d-6aa1a982aad3@group-2C6A887D185A-FollowerState was interrupted: java.lang.InterruptedException: sleep interrupted
2019-10-04 19:10:20,145 [e2c8746f-04d7-450a-a5ce-8e7d8acae5e5@group-2C6A887D185A-LeaderElection83] INFO  impl.LeaderElection (LeaderElection.java:logAndReturn(56)) - e2c8746f-04d7-450a-a5ce-8e7d8acae5e5@group-2C6A887D185A-LeaderElection83: Election PASSED; received 1 response(s) [e2c8746f-04d7-450a-a5ce-8e7d8acae5e5<-c56b8268-e928-47ca-a683-df8d3007b982#0:OK-t2] and 0 exception(s); e2c8746f-04d7-450a-a5ce-8e7d8acae5e5@group-2C6A887D185A:t2, leader=null, voted=e2c8746f-04d7-450a-a5ce-8e7d8acae5e5, raftlog=e2c8746f-04d7-450a-a5ce-8e7d8acae5e5@group-2C6A887D185A-SegmentedRaftLog:OPENED:c-1,f-1,i0, conf=-1: [c56b8268-e928-47ca-a683-df8d3007b982:192.168.30.46:33788, 186ee64a-98ca-4bb3-a60d-6aa1a982aad3:192.168.30.46:34369, e2c8746f-04d7-450a-a5ce-8e7d8acae5e5:192.168.30.46:36760], old=null
2019-10-04 19:10:20,145 [e2c8746f-04d7-450a-a5ce-8e7d8acae5e5@group-2C6A887D185A-LeaderElection83] INFO  impl.RoleInfo (RoleInfo.java:shutdownLeaderElection(134)) - e2c8746f-04d7-450a-a5ce-8e7d8acae5e5: shutdown LeaderElection
2019-10-04 19:10:20,145 [e2c8746f-04d7-450a-a5ce-8e7d8acae5e5@group-2C6A887D185A-LeaderElection83] INFO  impl.RaftServerImpl (RaftServerImpl.java:setRole(170)) - e2c8746f-04d7-450a-a5ce-8e7d8acae5e5@group-2C6A887D185A: changes role from CANDIDATE to LEADER at term 2 for changeToLeader
2019-10-04 19:10:20,146 [e2c8746f-04d7-450a-a5ce-8e7d8acae5e5@group-2C6A887D185A-LeaderElection83] INFO  impl.RaftServerImpl (ServerState.java:setLeader(255)) - e2c8746f-04d7-450a-a5ce-8e7d8acae5e5@group-2C6A887D185A: change Leader from null to e2c8746f-04d7-450a-a5ce-8e7d8acae5e5 at term 2 for becomeLeader, leader elected after 10511ms
2019-10-04 19:10:20,146 [e2c8746f-04d7-450a-a5ce-8e7d8acae5e5@group-2C6A887D185A-LeaderElection83] INFO  server.RaftServerConfigKeys (ConfUtils.java:logGet(43)) - raft.server.staging.catchup.gap = 1000 (default)
2019-10-04 19:10:20,146 [e2c8746f-04d7-450a-a5ce-8e7d8acae5e5@group-2C6A887D185A-LeaderElection83] INFO  server.RaftServerConfigKeys (ConfUtils.java:logGet(43)) - raft.server.rpc.sleep.time = 25ms (default)
2019-10-04 19:10:20,146 [e2c8746f-04d7-450a-a5ce-8e7d8acae5e5@group-2C6A887D185A-LeaderElection83] INFO  server.RaftServerConfigKeys (ConfUtils.java:logGet(43)) - raft.server.write.element-limit = 4096 (default)
2019-10-04 19:10:20,146 [e2c8746f-04d7-450a-a5ce-8e7d8acae5e5@group-2C6A887D185A-LeaderElection83] INFO  server.RaftServerConfigKeys (ConfUtils.java:logGet(43)) - raft.server.watch.timeout = 10s (default)
2019-10-04 19:10:20,146 [e2c8746f-04d7-450a-a5ce-8e7d8acae5e5@group-2C6A887D185A-LeaderElection83] INFO  server.RaftServerConfigKeys (ConfUtils.java:logGet(43)) - raft.server.watch.timeout.denomination = 1s (default)
2019-10-04 19:10:20,146 [e2c8746f-04d7-450a-a5ce-8e7d8acae5e5@group-2C6A887D185A-LeaderElection83] INFO  server.RaftServerConfigKeys (ConfUtils.java:logGet(43)) - raft.server.watch.element-limit = 65536 (default)
2019-10-04 19:10:20,148 [e2c8746f-04d7-450a-a5ce-8e7d8acae5e5@group-2C6A887D185A-LeaderElection83] INFO  server.RaftServerConfigKeys (ConfUtils.java:logGet(43)) - raft.server.log.appender.snapshot.chunk.size.max = 16MB (=16777216) (default)
2019-10-04 19:10:20,148 [e2c8746f-04d7-450a-a5ce-8e7d8acae5e5@group-2C6A887D185A-LeaderElection83] INFO  server.RaftServerConfigKeys (ConfUtils.java:logGet(43)) - raft.server.log.appender.buffer.byte-limit = 33554432 (custom)
2019-10-04 19:10:20,149 [e2c8746f-04d7-450a-a5ce-8e7d8acae5e5@group-2C6A887D185A-LeaderElection83] INFO  server.RaftServerConfigKeys (ConfUtils.java:logGet(43)) - raft.server.log.appender.buffer.element-limit = 1 (custom)
2019-10-04 19:10:20,149 [e2c8746f-04d7-450a-a5ce-8e7d8acae5e5@group-2C6A887D185A-LeaderElection83] INFO  grpc.GrpcConfigKeys$Server (ConfUtils.java:logGet(43)) - raft.grpc.server.leader.outstanding.appends.max = 128 (default)
2019-10-04 19:10:20,149 [e2c8746f-04d7-450a-a5ce-8e7d8acae5e5@group-2C6A887D185A-LeaderElection83] INFO  server.RaftServerConfigKeys (ConfUtils.java:logGet(43)) - raft.server.rpc.request.timeout = 3000ms (default)
2019-10-04 19:10:20,149 [e2c8746f-04d7-450a-a5ce-8e7d8acae5e5@group-2C6A887D185A-LeaderElection83] INFO  server.RaftServerConfigKeys (ConfUtils.java:logGet(43)) - raft.server.log.appender.install.snapshot.enabled = false (custom)
2019-10-04 19:10:20,149 [e2c8746f-04d7-450a-a5ce-8e7d8acae5e5@group-2C6A887D185A-LeaderElection83] INFO  server.RaftServerConfigKeys (ConfUtils.java:logGet(43)) - raft.server.log.appender.snapshot.chunk.size.max = 16MB (=16777216) (default)
2019-10-04 19:10:20,150 [e2c8746f-04d7-450a-a5ce-8e7d8acae5e5@group-2C6A887D185A-LeaderElection83] INFO  server.RaftServerConfigKeys (ConfUtils.java:logGet(43)) - raft.server.log.appender.buffer.byte-limit = 33554432 (custom)
2019-10-04 19:10:20,150 [e2c8746f-04d7-450a-a5ce-8e7d8acae5e5@group-2C6A887D185A-LeaderElection83] INFO  server.RaftServerConfigKeys (ConfUtils.java:logGet(43)) - raft.server.log.appender.buffer.element-limit = 1 (custom)
2019-10-04 19:10:20,150 [e2c8746f-04d7-450a-a5ce-8e7d8acae5e5@group-2C6A887D185A-LeaderElection83] INFO  grpc.GrpcConfigKeys$Server (ConfUtils.java:logGet(43)) - raft.grpc.server.leader.outstanding.appends.max = 128 (default)
2019-10-04 19:10:20,150 [e2c8746f-04d7-450a-a5ce-8e7d8acae5e5@group-2C6A887D185A-LeaderElection83] INFO  server.RaftServerConfigKeys (ConfUtils.java:logGet(43)) - raft.server.rpc.request.timeout = 3000ms (default)
2019-10-04 19:10:20,150 [e2c8746f-04d7-450a-a5ce-8e7d8acae5e5@group-2C6A887D185A-LeaderElection83] INFO  server.RaftServerConfigKeys (ConfUtils.java:logGet(43)) - raft.server.log.appender.install.snapshot.enabled = false (custom)
2019-10-04 19:10:20,150 [e2c8746f-04d7-450a-a5ce-8e7d8acae5e5@group-2C6A887D185A-LeaderElection83] INFO  impl.RoleInfo (RoleInfo.java:updateAndGet(143)) - e2c8746f-04d7-450a-a5ce-8e7d8acae5e5: start LeaderState
2019-10-04 19:10:20,151 [e2c8746f-04d7-450a-a5ce-8e7d8acae5e5@group-2C6A887D185A-LeaderElection83] INFO  segmented.SegmentedRaftLogWorker (SegmentedRaftLogWorker.java:startLogSegment(385)) - e2c8746f-04d7-450a-a5ce-8e7d8acae5e5@group-2C6A887D185A-SegmentedRaftLogWorker: Starting segment from index:0
2019-10-04 19:10:20,151 [e2c8746f-04d7-450a-a5ce-8e7d8acae5e5@group-2C6A887D185A-LeaderElection83] INFO  impl.RaftServerImpl (ServerState.java:setRaftConf(356)) - e2c8746f-04d7-450a-a5ce-8e7d8acae5e5@group-2C6A887D185A: set configuration 0: [c56b8268-e928-47ca-a683-df8d3007b982:192.168.30.46:33788, 186ee64a-98ca-4bb3-a60d-6aa1a982aad3:192.168.30.46:34369, e2c8746f-04d7-450a-a5ce-8e7d8acae5e5:192.168.30.46:36760], old=null at 0
2019-10-04 19:10:20,156 [grpc-default-executor-1] INFO  impl.RaftServerImpl (ServerState.java:setLeader(255)) - 186ee64a-98ca-4bb3-a60d-6aa1a982aad3@group-2C6A887D185A: change Leader from null to e2c8746f-04d7-450a-a5ce-8e7d8acae5e5 at term 2 for appendEntries, leader elected after 10522ms
2019-10-04 19:10:20,182 [grpc-default-executor-1] INFO  impl.RaftServerImpl (ServerState.java:setLeader(255)) - c56b8268-e928-47ca-a683-df8d3007b982@group-2C6A887D185A: change Leader from null to e2c8746f-04d7-450a-a5ce-8e7d8acae5e5 at term 2 for appendEntries, leader elected after 10548ms
2019-10-04 19:10:20,184 [grpc-default-executor-4] INFO  impl.RaftServerImpl (ServerState.java:setRaftConf(356)) - 186ee64a-98ca-4bb3-a60d-6aa1a982aad3@group-2C6A887D185A: set configuration 0: [c56b8268-e928-47ca-a683-df8d3007b982:192.168.30.46:33788, 186ee64a-98ca-4bb3-a60d-6aa1a982aad3:192.168.30.46:34369, e2c8746f-04d7-450a-a5ce-8e7d8acae5e5:192.168.30.46:36760], old=null at 0
2019-10-04 19:10:20,184 [grpc-default-executor-4] INFO  segmented.SegmentedRaftLogWorker (SegmentedRaftLogWorker.java:startLogSegment(385)) - 186ee64a-98ca-4bb3-a60d-6aa1a982aad3@group-2C6A887D185A-SegmentedRaftLogWorker: Starting segment from index:0
2019-10-04 19:10:20,184 [grpc-default-executor-1] INFO  impl.RaftServerImpl (ServerState.java:setRaftConf(356)) - c56b8268-e928-47ca-a683-df8d3007b982@group-2C6A887D185A: set configuration 0: [c56b8268-e928-47ca-a683-df8d3007b982:192.168.30.46:33788, 186ee64a-98ca-4bb3-a60d-6aa1a982aad3:192.168.30.46:34369, e2c8746f-04d7-450a-a5ce-8e7d8acae5e5:192.168.30.46:36760], old=null at 0
2019-10-04 19:10:20,185 [grpc-default-executor-1] INFO  segmented.SegmentedRaftLogWorker (SegmentedRaftLogWorker.java:startLogSegment(385)) - c56b8268-e928-47ca-a683-df8d3007b982@group-2C6A887D185A-SegmentedRaftLogWorker: Starting segment from index:0
2019-10-04 19:10:20,205 [e2c8746f-04d7-450a-a5ce-8e7d8acae5e5@group-2C6A887D185A-SegmentedRaftLogWorker] INFO  segmented.SegmentedRaftLogWorker (SegmentedRaftLogWorker.java:execute(574)) - e2c8746f-04d7-450a-a5ce-8e7d8acae5e5@group-2C6A887D185A-SegmentedRaftLogWorker: created new log segment /workdir/hadoop-ozone/integration-test/target/test-dir/MiniOzoneClusterImpl-ff688d9a-9cad-4e06-a7c3-b08bdc3e7b45/datanode-4/data/ratis/24ca5fd2-bf39-4325-bb51-2c6a887d185a/current/log_inprogress_0
2019-10-04 19:10:20,238 [186ee64a-98ca-4bb3-a60d-6aa1a982aad3@group-2C6A887D185A-SegmentedRaftLogWorker] INFO  segmented.SegmentedRaftLogWorker (SegmentedRaftLogWorker.java:execute(574)) - 186ee64a-98ca-4bb3-a60d-6aa1a982aad3@group-2C6A887D185A-SegmentedRaftLogWorker: created new log segment /workdir/hadoop-ozone/integration-test/target/test-dir/MiniOzoneClusterImpl-ff688d9a-9cad-4e06-a7c3-b08bdc3e7b45/datanode-3/data/ratis/24ca5fd2-bf39-4325-bb51-2c6a887d185a/current/log_inprogress_0
2019-10-04 19:10:20,238 [c56b8268-e928-47ca-a683-df8d3007b982@group-2C6A887D185A-SegmentedRaftLogWorker] INFO  segmented.SegmentedRaftLogWorker (SegmentedRaftLogWorker.java:execute(574)) - c56b8268-e928-47ca-a683-df8d3007b982@group-2C6A887D185A-SegmentedRaftLogWorker: created new log segment /workdir/hadoop-ozone/integration-test/target/test-dir/MiniOzoneClusterImpl-ff688d9a-9cad-4e06-a7c3-b08bdc3e7b45/datanode-5/data/ratis/24ca5fd2-bf39-4325-bb51-2c6a887d185a/current/log_inprogress_0
2019-10-04 19:10:21,353 [grpc-default-executor-0] WARN  server.GrpcLogAppender (LogUtils.java:warn(134)) - 0c740033-5552-4d27-ab2d-faeb035c7a1c@group-07353A2AD167->1553187d-9ebc-4ae0-ad21-5383f7672836-AppendLogResponseHandler: Failed appendEntries: org.apache.ratis.thirdparty.io.grpc.StatusRuntimeException: UNAVAILABLE: io exception
2019-10-04 19:10:21,353 [grpc-default-executor-1] WARN  server.GrpcLogAppender (LogUtils.java:warn(134)) - 0c740033-5552-4d27-ab2d-faeb035c7a1c@group-07353A2AD167->ab77a81b-e30a-4472-9397-726189fd159d-AppendLogResponseHandler: Failed appendEntries: org.apache.ratis.thirdparty.io.grpc.StatusRuntimeException: UNAVAILABLE: io exception
2019-10-04 19:10:21,354 [grpc-default-executor-0] INFO  impl.FollowerInfo (FollowerInfo.java:lambda$new$0(51)) - 0c740033-5552-4d27-ab2d-faeb035c7a1c@group-07353A2AD167->1553187d-9ebc-4ae0-ad21-5383f7672836: nextIndex: updateUnconditionally 0 -> 0
2019-10-04 19:10:21,354 [grpc-default-executor-1] INFO  impl.FollowerInfo (FollowerInfo.java:lambda$new$0(51)) - 0c740033-5552-4d27-ab2d-faeb035c7a1c@group-07353A2AD167->ab77a81b-e30a-4472-9397-726189fd159d: nextIndex: updateUnconditionally 0 -> 0
2019-10-04 19:10:22,357 [Datanode State Machine Thread - 0] INFO  statemachine.DatanodeStateMachine (DatanodeStateMachine.java:lambda$startDaemon$0(350)) - Ozone container server started.
2019-10-04 19:10:22,563 [Thread-2458] INFO  client.GrpcClientProtocolService (GrpcClientProtocolService.java:lambda$processClientRequest$0(278)) - Failed RaftClientRequest:client-FE4EA3053458->0c740033-5552-4d27-ab2d-faeb035c7a1c@group-07353A2AD167, cid=68, seq=0, Watch-MAJORITY_COMMITTED(33), Message:<EMPTY>, reply=RaftClientReply:client-FE4EA3053458->0c740033-5552-4d27-ab2d-faeb035c7a1c@group-07353A2AD167, cid=68, FAILED org.apache.ratis.protocol.NotReplicatedException: Request with call Id 68 and log index 33 is not yet replicated to MAJORITY_COMMITTED, logIndex=33, commits[0c740033-5552-4d27-ab2d-faeb035c7a1c:c2, ab77a81b-e30a-4472-9397-726189fd159d:c2, 1553187d-9ebc-4ae0-ad21-5383f7672836:c2]
2019-10-04 19:10:22,827 [EventQueue-StaleNodeForStaleNodeHandler] INFO  node.StaleNodeHandler (StaleNodeHandler.java:onMessage(58)) - Datanode ab77a81b-e30a-4472-9397-726189fd159d{ip: 192.168.30.46, host: pr-hdds-2164-trunk-n6c85-931752109, networkLocation: /default-rack, certSerialId: null} moved to stale state. Finalizing its pipelines [PipelineID=a7aea5e5-c7fc-4735-8d1c-6e8912b61bd3, PipelineID=ee3661e6-1ec0-42db-875d-07353a2ad167]
2019-10-04 19:10:22,827 [EventQueue-StaleNodeForStaleNodeHandler] INFO  pipeline.SCMPipelineManager (SCMPipelineManager.java:finalizeAndDestroyPipeline(315)) - destroying pipeline:Pipeline[ Id: a7aea5e5-c7fc-4735-8d1c-6e8912b61bd3, Nodes: ab77a81b-e30a-4472-9397-726189fd159d{ip: 192.168.30.46, host: pr-hdds-2164-trunk-n6c85-931752109, networkLocation: /default-rack, certSerialId: null}, Type:RATIS, Factor:ONE, State:OPEN]
2019-10-04 19:10:22,828 [EventQueue-StaleNodeForStaleNodeHandler] INFO  pipeline.PipelineStateManager (PipelineStateManager.java:finalizePipeline(123)) - Pipeline Pipeline[ Id: a7aea5e5-c7fc-4735-8d1c-6e8912b61bd3, Nodes: ab77a81b-e30a-4472-9397-726189fd159d{ip: 192.168.30.46, host: pr-hdds-2164-trunk-n6c85-931752109, networkLocation: /default-rack, certSerialId: null}, Type:RATIS, Factor:ONE, State:CLOSED] moved to CLOSED state
2019-10-04 19:10:22,828 [EventQueue-StaleNodeForStaleNodeHandler] INFO  pipeline.SCMPipelineManager (SCMPipelineManager.java:finalizeAndDestroyPipeline(315)) - destroying pipeline:Pipeline[ Id: ee3661e6-1ec0-42db-875d-07353a2ad167, Nodes: 1553187d-9ebc-4ae0-ad21-5383f7672836{ip: 192.168.30.46, host: pr-hdds-2164-trunk-n6c85-931752109, networkLocation: /default-rack, certSerialId: null}ab77a81b-e30a-4472-9397-726189fd159d{ip: 192.168.30.46, host: pr-hdds-2164-trunk-n6c85-931752109, networkLocation: /default-rack, certSerialId: null}0c740033-5552-4d27-ab2d-faeb035c7a1c{ip: 192.168.30.46, host: pr-hdds-2164-trunk-n6c85-931752109, networkLocation: /default-rack, certSerialId: null}, Type:RATIS, Factor:THREE, State:CLOSED]
2019-10-04 19:10:23,854 [grpc-default-executor-1] WARN  server.GrpcLogAppender (LogUtils.java:warn(134)) - 0c740033-5552-4d27-ab2d-faeb035c7a1c@group-07353A2AD167->ab77a81b-e30a-4472-9397-726189fd159d-AppendLogResponseHandler: Failed appendEntries: org.apache.ratis.thirdparty.io.grpc.StatusRuntimeException: UNAVAILABLE: io exception
2019-10-04 19:10:23,854 [grpc-default-executor-9] WARN  server.GrpcLogAppender (LogUtils.java:warn(134)) - 0c740033-5552-4d27-ab2d-faeb035c7a1c@group-07353A2AD167->1553187d-9ebc-4ae0-ad21-5383f7672836-AppendLogResponseHandler: Failed appendEntries: org.apache.ratis.thirdparty.io.grpc.StatusRuntimeException: UNAVAILABLE: io exception
2019-10-04 19:10:23,860 [grpc-default-executor-1] INFO  impl.FollowerInfo (FollowerInfo.java:lambda$new$0(51)) - 0c740033-5552-4d27-ab2d-faeb035c7a1c@group-07353A2AD167->ab77a81b-e30a-4472-9397-726189fd159d: nextIndex: updateUnconditionally 0 -> 0
2019-10-04 19:10:23,860 [grpc-default-executor-9] INFO  impl.FollowerInfo (FollowerInfo.java:lambda$new$0(51)) - 0c740033-5552-4d27-ab2d-faeb035c7a1c@group-07353A2AD167->1553187d-9ebc-4ae0-ad21-5383f7672836: nextIndex: updateUnconditionally 0 -> 0
2019-10-04 19:10:26,354 [grpc-default-executor-4] WARN  server.GrpcLogAppender (LogUtils.java:warn(134)) - 0c740033-5552-4d27-ab2d-faeb035c7a1c@group-07353A2AD167->1553187d-9ebc-4ae0-ad21-5383f7672836-AppendLogResponseHandler: Failed appendEntries: org.apache.ratis.thirdparty.io.grpc.StatusRuntimeException: UNAVAILABLE: io exception
2019-10-04 19:10:26,354 [grpc-default-executor-1] WARN  server.GrpcLogAppender (LogUtils.java:warn(134)) - 0c740033-5552-4d27-ab2d-faeb035c7a1c@group-07353A2AD167->ab77a81b-e30a-4472-9397-726189fd159d-AppendLogResponseHandler: Failed appendEntries: org.apache.ratis.thirdparty.io.grpc.StatusRuntimeException: UNAVAILABLE: io exception
2019-10-04 19:10:26,354 [grpc-default-executor-4] INFO  impl.FollowerInfo (FollowerInfo.java:lambda$new$0(51)) - 0c740033-5552-4d27-ab2d-faeb035c7a1c@group-07353A2AD167->1553187d-9ebc-4ae0-ad21-5383f7672836: nextIndex: updateUnconditionally 0 -> 0
2019-10-04 19:10:26,355 [grpc-default-executor-1] INFO  impl.FollowerInfo (FollowerInfo.java:lambda$new$0(51)) - 0c740033-5552-4d27-ab2d-faeb035c7a1c@group-07353A2AD167->ab77a81b-e30a-4472-9397-726189fd159d: nextIndex: updateUnconditionally 0 -> 0
2019-10-04 19:10:27,332 [main] INFO  ozoneimpl.OzoneContainer (OzoneContainer.java:stop(231)) - Attempting to stop container services.
2019-10-04 19:10:27,333 [main] INFO  impl.RaftServerProxy (RaftServerProxy.java:lambda$close$4(314)) - f8788253-f07e-441c-873f-001f69d2ed53: close
2019-10-04 19:10:27,334 [main] INFO  impl.RaftServerImpl (RaftServerImpl.java:lambda$shutdown$3(247)) - f8788253-f07e-441c-873f-001f69d2ed53@group-BDEAAC972EE7: shutdown
2019-10-04 19:10:27,334 [ForkJoinPool.commonPool-worker-0] INFO  impl.RaftServerImpl (RaftServerImpl.java:lambda$shutdown$3(247)) - f8788253-f07e-441c-873f-001f69d2ed53@group-3E3AB9C6DBA8: shutdown
2019-10-04 19:10:27,334 [main] INFO  util.JmxRegister (JmxRegister.java:unregister(73)) - Successfully un-registered JMX Bean with object name Ratis:service=RaftServer,group=group-BDEAAC972EE7,id=f8788253-f07e-441c-873f-001f69d2ed53
2019-10-04 19:10:27,334 [ForkJoinPool.commonPool-worker-0] INFO  util.JmxRegister (JmxRegister.java:unregister(73)) - Successfully un-registered JMX Bean with object name Ratis:service=RaftServer,group=group-3E3AB9C6DBA8,id=f8788253-f07e-441c-873f-001f69d2ed53
2019-10-04 19:10:27,335 [main] INFO  impl.RoleInfo (RoleInfo.java:shutdownFollowerState(121)) - f8788253-f07e-441c-873f-001f69d2ed53: shutdown FollowerState
2019-10-04 19:10:27,335 [ForkJoinPool.commonPool-worker-0] INFO  impl.RoleInfo (RoleInfo.java:shutdownLeaderState(104)) - f8788253-f07e-441c-873f-001f69d2ed53: shutdown LeaderState
2019-10-04 19:10:27,335 [main] INFO  impl.StateMachineUpdater (StateMachineUpdater.java:stopAndJoin(136)) - f8788253-f07e-441c-873f-001f69d2ed53@group-BDEAAC972EE7-StateMachineUpdater: set stopIndex = 2
2019-10-04 19:10:27,336 [Thread-2413] INFO  impl.FollowerState (FollowerState.java:run(117)) - f8788253-f07e-441c-873f-001f69d2ed53@group-BDEAAC972EE7-FollowerState was interrupted: java.lang.InterruptedException: sleep interrupted
2019-10-04 19:10:27,336 [ForkJoinPool.commonPool-worker-0] INFO  impl.PendingRequests (PendingRequests.java:sendNotLeaderResponses(202)) - f8788253-f07e-441c-873f-001f69d2ed53@group-3E3AB9C6DBA8-PendingRequests: sendNotLeaderResponses
2019-10-04 19:10:27,335 [f8788253-f07e-441c-873f-001f69d2ed53@group-BDEAAC972EE7-StateMachineUpdater] INFO  ratis.ContainerStateMachine (ContainerStateMachine.java:takeSnapshot(293)) - group-BDEAAC972EE7: Taking a snapshot at:(t:2, i:1) file /workdir/hadoop-ozone/integration-test/target/test-dir/MiniOzoneClusterImpl-ff688d9a-9cad-4e06-a7c3-b08bdc3e7b45/datanode-0/data/ratis/d6d13aee-23cd-4be9-9860-bdeaac972ee7/sm/snapshot.2_1
2019-10-04 19:10:27,337 [ForkJoinPool.commonPool-worker-0] INFO  impl.StateMachineUpdater (StateMachineUpdater.java:stopAndJoin(136)) - f8788253-f07e-441c-873f-001f69d2ed53@group-3E3AB9C6DBA8-StateMachineUpdater: set stopIndex = 0
2019-10-04 19:10:27,337 [ForkJoinPool.commonPool-worker-0] INFO  impl.RaftServerImpl (ServerState.java:close(387)) - f8788253-f07e-441c-873f-001f69d2ed53@group-3E3AB9C6DBA8: closes. applyIndex: 0
2019-10-04 19:10:27,337 [f8788253-f07e-441c-873f-001f69d2ed53@group-3E3AB9C6DBA8-SegmentedRaftLogWorker] INFO  segmented.SegmentedRaftLogWorker (SegmentedRaftLogWorker.java:run(316)) - f8788253-f07e-441c-873f-001f69d2ed53@group-3E3AB9C6DBA8-SegmentedRaftLogWorker was interrupted, exiting. There are 0 tasks remaining in the queue.
2019-10-04 19:10:27,344 [ForkJoinPool.commonPool-worker-0] INFO  segmented.SegmentedRaftLogWorker (SegmentedRaftLogWorker.java:close(224)) - f8788253-f07e-441c-873f-001f69d2ed53@group-3E3AB9C6DBA8-SegmentedRaftLogWorker close()
2019-10-04 19:10:27,368 [f8788253-f07e-441c-873f-001f69d2ed53@group-BDEAAC972EE7-StateMachineUpdater] INFO  ratis.ContainerStateMachine (ContainerStateMachine.java:takeSnapshot(304)) - group-BDEAAC972EE7: Finished taking a snapshot at:(t:2, i:1) file:/workdir/hadoop-ozone/integration-test/target/test-dir/MiniOzoneClusterImpl-ff688d9a-9cad-4e06-a7c3-b08bdc3e7b45/datanode-0/data/ratis/d6d13aee-23cd-4be9-9860-bdeaac972ee7/sm/snapshot.2_1 time:32
2019-10-04 19:10:27,368 [f8788253-f07e-441c-873f-001f69d2ed53@group-BDEAAC972EE7-StateMachineUpdater] INFO  impl.StateMachineUpdater (StateMachineUpdater.java:takeSnapshot(269)) - f8788253-f07e-441c-873f-001f69d2ed53@group-BDEAAC972EE7-StateMachineUpdater: Took a snapshot at index 1
2019-10-04 19:10:27,368 [f8788253-f07e-441c-873f-001f69d2ed53@group-BDEAAC972EE7-StateMachineUpdater] INFO  impl.StateMachineUpdater (StateMachineUpdater.java:lambda$new$0(84)) - f8788253-f07e-441c-873f-001f69d2ed53@group-BDEAAC972EE7-StateMachineUpdater: snapshotIndex: updateIncreasingly -1 -> 1
2019-10-04 19:10:27,369 [f8788253-f07e-441c-873f-001f69d2ed53@group-BDEAAC972EE7-StateMachineUpdater] INFO  ratis.ContainerStateMachine (ContainerStateMachine.java:takeSnapshot(293)) - group-BDEAAC972EE7: Taking a snapshot at:(t:2, i:1) file /workdir/hadoop-ozone/integration-test/target/test-dir/MiniOzoneClusterImpl-ff688d9a-9cad-4e06-a7c3-b08bdc3e7b45/datanode-0/data/ratis/d6d13aee-23cd-4be9-9860-bdeaac972ee7/sm/snapshot.2_1
2019-10-04 19:10:27,393 [f8788253-f07e-441c-873f-001f69d2ed53@group-BDEAAC972EE7-StateMachineUpdater] INFO  ratis.ContainerStateMachine (ContainerStateMachine.java:takeSnapshot(304)) - group-BDEAAC972EE7: Finished taking a snapshot at:(t:2, i:1) file:/workdir/hadoop-ozone/integration-test/target/test-dir/MiniOzoneClusterImpl-ff688d9a-9cad-4e06-a7c3-b08bdc3e7b45/datanode-0/data/ratis/d6d13aee-23cd-4be9-9860-bdeaac972ee7/sm/snapshot.2_1 time:24
2019-10-04 19:10:27,393 [f8788253-f07e-441c-873f-001f69d2ed53@group-BDEAAC972EE7-StateMachineUpdater] INFO  impl.StateMachineUpdater (StateMachineUpdater.java:takeSnapshot(269)) - f8788253-f07e-441c-873f-001f69d2ed53@group-BDEAAC972EE7-StateMachineUpdater: Took a snapshot at index 1
2019-10-04 19:10:27,393 [f8788253-f07e-441c-873f-001f69d2ed53@group-BDEAAC972EE7-StateMachineUpdater] INFO  impl.StateMachineUpdater (StateMachineUpdater.java:lambda$new$0(84)) - f8788253-f07e-441c-873f-001f69d2ed53@group-BDEAAC972EE7-StateMachineUpdater: snapshotIndex: updateIncreasingly 1 -> 1
2019-10-04 19:10:27,393 [main] INFO  impl.RaftServerImpl (ServerState.java:close(387)) - f8788253-f07e-441c-873f-001f69d2ed53@group-BDEAAC972EE7: closes. applyIndex: 2
2019-10-04 19:10:27,394 [f8788253-f07e-441c-873f-001f69d2ed53@group-BDEAAC972EE7-SegmentedRaftLogWorker] INFO  segmented.SegmentedRaftLogWorker (SegmentedRaftLogWorker.java:run(316)) - f8788253-f07e-441c-873f-001f69d2ed53@group-BDEAAC972EE7-SegmentedRaftLogWorker was interrupted, exiting. There are 0 tasks remaining in the queue.
2019-10-04 19:10:27,399 [main] INFO  segmented.SegmentedRaftLogWorker (SegmentedRaftLogWorker.java:close(224)) - f8788253-f07e-441c-873f-001f69d2ed53@group-BDEAAC972EE7-SegmentedRaftLogWorker close()
2019-10-04 19:10:27,407 [main] INFO  server.GrpcService (GrpcService.java:closeImpl(164)) - f8788253-f07e-441c-873f-001f69d2ed53: shutdown server with port 42356 now
2019-10-04 19:10:27,408 [grpc-default-executor-1] WARN  server.GrpcServerProtocolService (LogUtils.java:warn(134)) - f8788253-f07e-441c-873f-001f69d2ed53: installSnapshot onError, lastRequest: 2f04ad78-21d6-40a9-8059-e90713547566->f8788253-f07e-441c-873f-001f69d2ed53#5-t2, previous=(t:2, i:2), leaderCommit=2, initializing? false, entries: <empty>: org.apache.ratis.thirdparty.io.grpc.StatusRuntimeException: CANCELLED: cancelled before receiving half close
2019-10-04 19:10:27,408 [main] INFO  server.GrpcService (GrpcService.java:closeImpl(172)) - f8788253-f07e-441c-873f-001f69d2ed53: shutdown server with port 42356 successfully
2019-10-04 19:10:27,408 [grpc-default-executor-9] WARN  server.GrpcLogAppender (LogUtils.java:warn(134)) - 2f04ad78-21d6-40a9-8059-e90713547566@group-BDEAAC972EE7->f8788253-f07e-441c-873f-001f69d2ed53-AppendLogResponseHandler: Failed appendEntries: org.apache.ratis.thirdparty.io.grpc.StatusRuntimeException: CANCELLED: HTTP/2 error code: CANCEL
Received Rst Stream
2019-10-04 19:10:27,409 [grpc-default-executor-9] INFO  impl.FollowerInfo (FollowerInfo.java:lambda$new$0(51)) - 2f04ad78-21d6-40a9-8059-e90713547566@group-BDEAAC972EE7->f8788253-f07e-441c-873f-001f69d2ed53: nextIndex: updateUnconditionally 3 -> 2
2019-10-04 19:10:27,410 [refreshUsed-/workdir/hadoop-ozone/integration-test/target/test-dir/MiniOzoneClusterImpl-ff688d9a-9cad-4e06-a7c3-b08bdc3e7b45/datanode-0/data/containers] WARN  fs.CachingGetSpaceUsed (CachingGetSpaceUsed.java:run(183)) - Thread Interrupted waiting to refresh disk information: sleep interrupted
2019-10-04 19:10:27,429 [main] INFO  utils.BackgroundService (BackgroundService.java:shutdown(148)) - Shutting down service BlockDeletingService
2019-10-04 19:10:27,441 [main] INFO  statemachine.DatanodeStateMachine (DatanodeStateMachine.java:stopDaemon(395)) - Ozone container server stopped.
2019-10-04 19:10:27,442 [main] INFO  handler.ContextHandler (ContextHandler.java:doStop(910)) - Stopped o.e.j.w.WebAppContext@11e9ac24{/,null,UNAVAILABLE}{/hddsDatanode}
2019-10-04 19:10:27,443 [main] INFO  server.AbstractConnector (AbstractConnector.java:doStop(318)) - Stopped ServerConnector@74f280bd{HTTP/1.1,[http/1.1]}{0.0.0.0:0}
2019-10-04 19:10:27,443 [main] INFO  handler.ContextHandler (ContextHandler.java:doStop(910)) - Stopped o.e.j.s.ServletContextHandler@71936a92{/static,jar:file:/home/user/.m2/repository/org/apache/hadoop/hadoop-hdds-container-service/0.5.0-SNAPSHOT/hadoop-hdds-container-service-0.5.0-SNAPSHOT.jar!/webapps/static,UNAVAILABLE}
2019-10-04 19:10:27,443 [main] INFO  handler.ContextHandler (ContextHandler.java:doStop(910)) - Stopped o.e.j.s.ServletContextHandler@6de43bc1{/logs,file:///workdir/hadoop-ozone/integration-test/target/log,UNAVAILABLE}
2019-10-04 19:10:27,452 [grpc-default-executor-9] WARN  server.GrpcLogAppender (LogUtils.java:warn(134)) - 2f04ad78-21d6-40a9-8059-e90713547566@group-BDEAAC972EE7->f8788253-f07e-441c-873f-001f69d2ed53-AppendLogResponseHandler: Failed appendEntries: org.apache.ratis.thirdparty.io.grpc.StatusRuntimeException: UNAVAILABLE: io exception
2019-10-04 19:10:27,452 [grpc-default-executor-9] INFO  impl.FollowerInfo (FollowerInfo.java:lambda$new$0(51)) - 2f04ad78-21d6-40a9-8059-e90713547566@group-BDEAAC972EE7->f8788253-f07e-441c-873f-001f69d2ed53: nextIndex: updateUnconditionally 3 -> 2
2019-10-04 19:10:27,464 [grpc-default-executor-2] WARN  server.GrpcLogAppender (LogUtils.java:warn(134)) - 2f04ad78-21d6-40a9-8059-e90713547566@group-BDEAAC972EE7->f8788253-f07e-441c-873f-001f69d2ed53-AppendLogResponseHandler: Failed appendEntries: org.apache.ratis.thirdparty.io.grpc.StatusRuntimeException: UNAVAILABLE: io exception
2019-10-04 19:10:27,464 [grpc-default-executor-2] INFO  impl.FollowerInfo (FollowerInfo.java:lambda$new$0(51)) - 2f04ad78-21d6-40a9-8059-e90713547566@group-BDEAAC972EE7->f8788253-f07e-441c-873f-001f69d2ed53: nextIndex: updateUnconditionally 3 -> 2
2019-10-04 19:10:27,478 [grpc-default-executor-1] WARN  server.GrpcLogAppender (LogUtils.java:warn(134)) - 2f04ad78-21d6-40a9-8059-e90713547566@group-BDEAAC972EE7->f8788253-f07e-441c-873f-001f69d2ed53-AppendLogResponseHandler: Failed appendEntries: org.apache.ratis.thirdparty.io.grpc.StatusRuntimeException: UNAVAILABLE: io exception
2019-10-04 19:10:27,479 [grpc-default-executor-1] INFO  impl.FollowerInfo (FollowerInfo.java:lambda$new$0(51)) - 2f04ad78-21d6-40a9-8059-e90713547566@group-BDEAAC972EE7->f8788253-f07e-441c-873f-001f69d2ed53: nextIndex: updateUnconditionally 3 -> 2
2019-10-04 19:10:27,503 [EventQueue-IncrementalContainerReportForIncrementalContainerReportHandler] WARN  container.IncrementalContainerReportHandler (AbstractContainerReportHandler.java:updateContainerState(143)) - Container #1 is in OPEN state, but the datanode 2f04ad78-21d6-40a9-8059-e90713547566{ip: 192.168.30.46, host: pr-hdds-2164-trunk-n6c85-931752109, networkLocation: /default-rack, certSerialId: null} reports an CLOSING replica.
2019-10-04 19:10:27,511 [EventQueue-IncrementalContainerReportForIncrementalContainerReportHandler] WARN  container.IncrementalContainerReportHandler (AbstractContainerReportHandler.java:updateContainerState(143)) - Container #1 is in OPEN state, but the datanode 5ac667fa-b96b-4bb4-8091-e17b022e76be{ip: 192.168.30.46, host: pr-hdds-2164-trunk-n6c85-931752109, networkLocation: /default-rack, certSerialId: null} reports an CLOSING replica.
2019-10-04 19:10:27,612 [RatisApplyTransactionExecutor 1] INFO  interfaces.Container (KeyValueContainer.java:flushAndSyncDB(386)) - Container 1 is synced with bcsId 0.
2019-10-04 19:10:27,698 [RatisApplyTransactionExecutor 1] INFO  interfaces.Container (KeyValueContainer.java:flushAndSyncDB(386)) - Container 1 is synced with bcsId 0.
2019-10-04 19:10:27,713 [RatisApplyTransactionExecutor 1] INFO  interfaces.Container (KeyValueContainer.java:flushAndSyncDB(386)) - Container 1 is synced with bcsId 0.
2019-10-04 19:10:27,713 [RatisApplyTransactionExecutor 1] INFO  interfaces.Container (KeyValueContainer.java:flushAndSyncDB(386)) - Container 1 is synced with bcsId 0.
2019-10-04 19:10:27,731 [RatisApplyTransactionExecutor 1] INFO  interfaces.Container (KeyValueContainer.java:close(335)) - Container 1 is closed with bcsId 0.
2019-10-04 19:10:27,731 [RatisApplyTransactionExecutor 1] INFO  interfaces.Container (KeyValueContainer.java:close(335)) - Container 1 is closed with bcsId 0.
2019-10-04 19:10:27,732 [EventQueue-IncrementalContainerReportForIncrementalContainerReportHandler] WARN  container.IncrementalContainerReportHandler (AbstractContainerReportHandler.java:updateContainerState(143)) - Container #1 is in OPEN state, but the datanode 2f04ad78-21d6-40a9-8059-e90713547566{ip: 192.168.30.46, host: pr-hdds-2164-trunk-n6c85-931752109, networkLocation: /default-rack, certSerialId: null} reports an CLOSED replica.
2019-10-04 19:10:27,756 [EventQueue-IncrementalContainerReportForIncrementalContainerReportHandler] WARN  container.IncrementalContainerReportHandler (AbstractContainerReportHandler.java:updateContainerState(143)) - Container #1 is in OPEN state, but the datanode 5ac667fa-b96b-4bb4-8091-e17b022e76be{ip: 192.168.30.46, host: pr-hdds-2164-trunk-n6c85-931752109, networkLocation: /default-rack, certSerialId: null} reports an CLOSED replica.
2019-10-04 19:10:28,855 [grpc-default-executor-0] WARN  server.GrpcLogAppender (LogUtils.java:warn(134)) - 0c740033-5552-4d27-ab2d-faeb035c7a1c@group-07353A2AD167->1553187d-9ebc-4ae0-ad21-5383f7672836-AppendLogResponseHandler: Failed appendEntries: org.apache.ratis.thirdparty.io.grpc.StatusRuntimeException: UNAVAILABLE: io exception
2019-10-04 19:10:28,855 [grpc-default-executor-2] WARN  server.GrpcLogAppender (LogUtils.java:warn(134)) - 0c740033-5552-4d27-ab2d-faeb035c7a1c@group-07353A2AD167->ab77a81b-e30a-4472-9397-726189fd159d-AppendLogResponseHandler: Failed appendEntries: org.apache.ratis.thirdparty.io.grpc.StatusRuntimeException: UNAVAILABLE: io exception
2019-10-04 19:10:28,855 [grpc-default-executor-0] INFO  impl.FollowerInfo (FollowerInfo.java:lambda$new$0(51)) - 0c740033-5552-4d27-ab2d-faeb035c7a1c@group-07353A2AD167->1553187d-9ebc-4ae0-ad21-5383f7672836: nextIndex: updateUnconditionally 0 -> 0
2019-10-04 19:10:28,855 [grpc-default-executor-2] INFO  impl.FollowerInfo (FollowerInfo.java:lambda$new$0(51)) - 0c740033-5552-4d27-ab2d-faeb035c7a1c@group-07353A2AD167->ab77a81b-e30a-4472-9397-726189fd159d: nextIndex: updateUnconditionally 0 -> 0
2019-10-04 19:10:29,980 [grpc-default-executor-0] WARN  server.GrpcLogAppender (LogUtils.java:warn(134)) - 2f04ad78-21d6-40a9-8059-e90713547566@group-BDEAAC972EE7->f8788253-f07e-441c-873f-001f69d2ed53-AppendLogResponseHandler: Failed appendEntries: org.apache.ratis.thirdparty.io.grpc.StatusRuntimeException: UNAVAILABLE: io exception
2019-10-04 19:10:29,981 [grpc-default-executor-0] INFO  impl.FollowerInfo (FollowerInfo.java:lambda$new$0(51)) - 2f04ad78-21d6-40a9-8059-e90713547566@group-BDEAAC972EE7->f8788253-f07e-441c-873f-001f69d2ed53: nextIndex: updateUnconditionally 2 -> 1
2019-10-04 19:10:30,761 [main] WARN  scm.XceiverClientRatis (XceiverClientRatis.java:watchForCommit(292)) - 3 way commit failed on pipeline Pipeline[ Id: d6d13aee-23cd-4be9-9860-bdeaac972ee7, Nodes: f8788253-f07e-441c-873f-001f69d2ed53{ip: 192.168.30.46, host: pr-hdds-2164-trunk-n6c85-931752109, networkLocation: /default-rack, certSerialId: null}5ac667fa-b96b-4bb4-8091-e17b022e76be{ip: 192.168.30.46, host: pr-hdds-2164-trunk-n6c85-931752109, networkLocation: /default-rack, certSerialId: null}2f04ad78-21d6-40a9-8059-e90713547566{ip: 192.168.30.46, host: pr-hdds-2164-trunk-n6c85-931752109, networkLocation: /default-rack, certSerialId: null}, Type:RATIS, Factor:THREE, State:OPEN]
java.util.concurrent.TimeoutException
	at java.util.concurrent.CompletableFuture.timedGet(CompletableFuture.java:1771)
	at java.util.concurrent.CompletableFuture.get(CompletableFuture.java:1915)
	at org.apache.hadoop.hdds.scm.XceiverClientRatis.watchForCommit(XceiverClientRatis.java:289)
	at org.apache.hadoop.ozone.client.rpc.TestWatchForCommit.test2WayCommitForTimeoutException(TestWatchForCommit.java:391)
	at sun.reflect.NativeMethodAccessorImpl.invoke0(Native Method)
	at sun.reflect.NativeMethodAccessorImpl.invoke(NativeMethodAccessorImpl.java:62)
	at sun.reflect.DelegatingMethodAccessorImpl.invoke(DelegatingMethodAccessorImpl.java:43)
	at java.lang.reflect.Method.invoke(Method.java:498)
	at org.junit.runners.model.FrameworkMethod$1.runReflectiveCall(FrameworkMethod.java:47)
	at org.junit.internal.runners.model.ReflectiveCallable.run(ReflectiveCallable.java:12)
	at org.junit.runners.model.FrameworkMethod.invokeExplosively(FrameworkMethod.java:44)
	at org.junit.internal.runners.statements.InvokeMethod.evaluate(InvokeMethod.java:17)
	at org.junit.runners.ParentRunner.runLeaf(ParentRunner.java:271)
	at org.junit.runners.BlockJUnit4ClassRunner.runChild(BlockJUnit4ClassRunner.java:70)
	at org.junit.runners.BlockJUnit4ClassRunner.runChild(BlockJUnit4ClassRunner.java:50)
	at org.junit.runners.ParentRunner$3.run(ParentRunner.java:238)
	at org.junit.runners.ParentRunner$1.schedule(ParentRunner.java:63)
	at org.junit.runners.ParentRunner.runChildren(ParentRunner.java:236)
	at org.junit.runners.ParentRunner.access$000(ParentRunner.java:53)
	at org.junit.runners.ParentRunner$2.evaluate(ParentRunner.java:229)
	at org.junit.runners.ParentRunner.run(ParentRunner.java:309)
	at org.apache.maven.surefire.junit4.JUnit4Provider.execute(JUnit4Provider.java:365)
	at org.apache.maven.surefire.junit4.JUnit4Provider.executeWithRerun(JUnit4Provider.java:273)
	at org.apache.maven.surefire.junit4.JUnit4Provider.executeTestSet(JUnit4Provider.java:238)
	at org.apache.maven.surefire.junit4.JUnit4Provider.invoke(JUnit4Provider.java:159)
	at org.apache.maven.surefire.booter.ForkedBooter.invokeProviderInSameClassLoader(ForkedBooter.java:384)
	at org.apache.maven.surefire.booter.ForkedBooter.runSuitesInProcess(ForkedBooter.java:345)
	at org.apache.maven.surefire.booter.ForkedBooter.execute(ForkedBooter.java:126)
	at org.apache.maven.surefire.booter.ForkedBooter.main(ForkedBooter.java:418)
2019-10-04 19:10:30,772 [Thread-2490] INFO  client.GrpcClientProtocolService (GrpcClientProtocolService.java:lambda$processClientRequest$0(278)) - Failed RaftClientRequest:client-69E57E68AD54->5ac667fa-b96b-4bb4-8091-e17b022e76be@group-BDEAAC972EE7, cid=106, seq=0, Watch-MAJORITY_COMMITTED(3), Message:<EMPTY>, reply=RaftClientReply:client-69E57E68AD54->5ac667fa-b96b-4bb4-8091-e17b022e76be@group-BDEAAC972EE7, cid=106, FAILED org.apache.ratis.protocol.NotLeaderException: Server 5ac667fa-b96b-4bb4-8091-e17b022e76be@group-BDEAAC972EE7 is not the leader 2f04ad78-21d6-40a9-8059-e90713547566:192.168.30.46:39425, logIndex=0, commits[5ac667fa-b96b-4bb4-8091-e17b022e76be:c4, 2f04ad78-21d6-40a9-8059-e90713547566:c4, f8788253-f07e-441c-873f-001f69d2ed53:c2]
2019-10-04 19:10:31,356 [grpc-default-executor-9] WARN  server.GrpcLogAppender (LogUtils.java:warn(134)) - 0c740033-5552-4d27-ab2d-faeb035c7a1c@group-07353A2AD167->ab77a81b-e30a-4472-9397-726189fd159d-AppendLogResponseHandler: Failed appendEntries: org.apache.ratis.thirdparty.io.grpc.StatusRuntimeException: UNAVAILABLE: io exception
2019-10-04 19:10:31,356 [grpc-default-executor-4] WARN  server.GrpcLogAppender (LogUtils.java:warn(134)) - 0c740033-5552-4d27-ab2d-faeb035c7a1c@group-07353A2AD167->1553187d-9ebc-4ae0-ad21-5383f7672836-AppendLogResponseHandler: Failed appendEntries: org.apache.ratis.thirdparty.io.grpc.StatusRuntimeException: UNAVAILABLE: io exception
2019-10-04 19:10:31,364 [grpc-default-executor-9] INFO  impl.FollowerInfo (FollowerInfo.java:lambda$new$0(51)) - 0c740033-5552-4d27-ab2d-faeb035c7a1c@group-07353A2AD167->ab77a81b-e30a-4472-9397-726189fd159d: nextIndex: updateUnconditionally 0 -> 0
2019-10-04 19:10:31,364 [grpc-default-executor-4] INFO  impl.FollowerInfo (FollowerInfo.java:lambda$new$0(51)) - 0c740033-5552-4d27-ab2d-faeb035c7a1c@group-07353A2AD167->1553187d-9ebc-4ae0-ad21-5383f7672836: nextIndex: updateUnconditionally 0 -> 0
2019-10-04 19:10:32,482 [grpc-default-executor-4] WARN  server.GrpcLogAppender (LogUtils.java:warn(134)) - 2f04ad78-21d6-40a9-8059-e90713547566@group-BDEAAC972EE7->f8788253-f07e-441c-873f-001f69d2ed53-AppendLogResponseHandler: Failed appendEntries: org.apache.ratis.thirdparty.io.grpc.StatusRuntimeException: UNAVAILABLE: io exception
2019-10-04 19:10:32,483 [grpc-default-executor-4] INFO  impl.FollowerInfo (FollowerInfo.java:lambda$new$0(51)) - 2f04ad78-21d6-40a9-8059-e90713547566@group-BDEAAC972EE7->f8788253-f07e-441c-873f-001f69d2ed53: nextIndex: updateUnconditionally 1 -> 0
2019-10-04 19:10:32,563 [Thread-2495] INFO  client.GrpcClientProtocolService (GrpcClientProtocolService.java:lambda$processClientRequest$0(278)) - Failed RaftClientRequest:client-FE4EA3053458->0c740033-5552-4d27-ab2d-faeb035c7a1c@group-07353A2AD167, cid=68, seq=0, Watch-MAJORITY_COMMITTED(33), Message:<EMPTY>, reply=RaftClientReply:client-FE4EA3053458->0c740033-5552-4d27-ab2d-faeb035c7a1c@group-07353A2AD167, cid=68, FAILED org.apache.ratis.protocol.NotReplicatedException: Request with call Id 68 and log index 33 is not yet replicated to MAJORITY_COMMITTED, logIndex=33, commits[0c740033-5552-4d27-ab2d-faeb035c7a1c:c2, ab77a81b-e30a-4472-9397-726189fd159d:c2, 1553187d-9ebc-4ae0-ad21-5383f7672836:c2]
]]></system-out>
    <system-err><![CDATA[Oct 04, 2019 7:10:05 PM org.apache.ratis.thirdparty.io.grpc.internal.ManagedChannelOrphanWrapper$ManagedChannelReference cleanQueue
SEVERE: *~*~*~ Channel ManagedChannelImpl{logId=724, target=192.168.30.46:44306} was not shutdown properly!!! ~*~*~*
    Make sure to call shutdown()/shutdownNow() and wait until awaitTermination() returns true.
java.lang.RuntimeException: ManagedChannel allocation site
	at org.apache.ratis.thirdparty.io.grpc.internal.ManagedChannelOrphanWrapper$ManagedChannelReference.<init>(ManagedChannelOrphanWrapper.java:103)
	at org.apache.ratis.thirdparty.io.grpc.internal.ManagedChannelOrphanWrapper.<init>(ManagedChannelOrphanWrapper.java:53)
	at org.apache.ratis.thirdparty.io.grpc.internal.ManagedChannelOrphanWrapper.<init>(ManagedChannelOrphanWrapper.java:44)
	at org.apache.ratis.thirdparty.io.grpc.internal.AbstractManagedChannelImplBuilder.build(AbstractManagedChannelImplBuilder.java:411)
	at org.apache.ratis.grpc.client.GrpcClientProtocolClient.<init>(GrpcClientProtocolClient.java:128)
	at org.apache.ratis.grpc.client.GrpcClientRpc.lambda$new$0(GrpcClientRpc.java:55)
	at org.apache.ratis.util.PeerProxyMap$PeerAndProxy.lambda$getProxy$0(PeerProxyMap.java:61)
	at org.apache.ratis.util.LifeCycle.startAndTransition(LifeCycle.java:202)
	at org.apache.ratis.util.PeerProxyMap$PeerAndProxy.getProxy(PeerProxyMap.java:60)
	at org.apache.ratis.util.PeerProxyMap.getProxy(PeerProxyMap.java:108)
	at org.apache.ratis.grpc.client.GrpcClientRpc.sendRequestAsyncUnordered(GrpcClientRpc.java:78)
	at org.apache.ratis.client.impl.UnorderedAsync.sendRequestWithRetry(UnorderedAsync.java:75)
	at org.apache.ratis.client.impl.UnorderedAsync.lambda$null$2(UnorderedAsync.java:120)
	at org.apache.ratis.util.TimeoutScheduler.lambda$onTimeout$0(TimeoutScheduler.java:113)
	at org.apache.ratis.util.TimeoutScheduler.lambda$onTimeout$1(TimeoutScheduler.java:133)
	at org.apache.ratis.util.LogUtils.runAndLog(LogUtils.java:50)
	at org.apache.ratis.util.LogUtils$1.run(LogUtils.java:91)
	at java.util.concurrent.Executors$RunnableAdapter.call(Executors.java:511)
	at java.util.concurrent.FutureTask.run(FutureTask.java:266)
	at java.util.concurrent.ScheduledThreadPoolExecutor$ScheduledFutureTask.access$201(ScheduledThreadPoolExecutor.java:180)
	at java.util.concurrent.ScheduledThreadPoolExecutor$ScheduledFutureTask.run(ScheduledThreadPoolExecutor.java:293)
	at java.util.concurrent.ThreadPoolExecutor.runWorker(ThreadPoolExecutor.java:1149)
	at java.util.concurrent.ThreadPoolExecutor$Worker.run(ThreadPoolExecutor.java:624)
	at java.lang.Thread.run(Thread.java:748)

Oct 04, 2019 7:10:05 PM org.apache.ratis.thirdparty.io.grpc.internal.ManagedChannelOrphanWrapper$ManagedChannelReference cleanQueue
SEVERE: *~*~*~ Channel ManagedChannelImpl{logId=1292, target=192.168.30.46:35497} was not shutdown properly!!! ~*~*~*
    Make sure to call shutdown()/shutdownNow() and wait until awaitTermination() returns true.
java.lang.RuntimeException: ManagedChannel allocation site
	at org.apache.ratis.thirdparty.io.grpc.internal.ManagedChannelOrphanWrapper$ManagedChannelReference.<init>(ManagedChannelOrphanWrapper.java:103)
	at org.apache.ratis.thirdparty.io.grpc.internal.ManagedChannelOrphanWrapper.<init>(ManagedChannelOrphanWrapper.java:53)
	at org.apache.ratis.thirdparty.io.grpc.internal.ManagedChannelOrphanWrapper.<init>(ManagedChannelOrphanWrapper.java:44)
	at org.apache.ratis.thirdparty.io.grpc.internal.AbstractManagedChannelImplBuilder.build(AbstractManagedChannelImplBuilder.java:411)
	at org.apache.ratis.grpc.client.GrpcClientProtocolClient.<init>(GrpcClientProtocolClient.java:128)
	at org.apache.ratis.grpc.client.GrpcClientRpc.lambda$new$0(GrpcClientRpc.java:55)
	at org.apache.ratis.util.PeerProxyMap$PeerAndProxy.lambda$getProxy$0(PeerProxyMap.java:61)
	at org.apache.ratis.util.LifeCycle.startAndTransition(LifeCycle.java:202)
	at org.apache.ratis.util.PeerProxyMap$PeerAndProxy.getProxy(PeerProxyMap.java:60)
	at org.apache.ratis.util.PeerProxyMap.getProxy(PeerProxyMap.java:108)
	at org.apache.ratis.grpc.client.GrpcClientRpc.sendRequestAsync(GrpcClientRpc.java:66)
	at org.apache.ratis.client.impl.OrderedAsync.sendRequest(OrderedAsync.java:208)
	at org.apache.ratis.client.impl.OrderedAsync.sendRequestWithRetry(OrderedAsync.java:169)
	at org.apache.ratis.util.SlidingWindow$Client.sendOrDelayRequest(SlidingWindow.java:278)
	at org.apache.ratis.util.SlidingWindow$Client.retry(SlidingWindow.java:294)
	at org.apache.ratis.client.impl.OrderedAsync.lambda$scheduleWithTimeout$7(OrderedAsync.java:195)
	at org.apache.ratis.util.TimeoutScheduler.lambda$onTimeout$0(TimeoutScheduler.java:113)
	at org.apache.ratis.util.TimeoutScheduler.lambda$onTimeout$1(TimeoutScheduler.java:133)
	at org.apache.ratis.util.LogUtils.runAndLog(LogUtils.java:50)
	at org.apache.ratis.util.LogUtils$1.run(LogUtils.java:91)
	at java.util.concurrent.Executors$RunnableAdapter.call(Executors.java:511)
	at java.util.concurrent.FutureTask.run(FutureTask.java:266)
	at java.util.concurrent.ScheduledThreadPoolExecutor$ScheduledFutureTask.access$201(ScheduledThreadPoolExecutor.java:180)
	at java.util.concurrent.ScheduledThreadPoolExecutor$ScheduledFutureTask.run(ScheduledThreadPoolExecutor.java:293)
	at java.util.concurrent.ThreadPoolExecutor.runWorker(ThreadPoolExecutor.java:1149)
	at java.util.concurrent.ThreadPoolExecutor$Worker.run(ThreadPoolExecutor.java:624)
	at java.lang.Thread.run(Thread.java:748)

Oct 04, 2019 7:10:27 PM org.apache.ratis.thirdparty.io.grpc.internal.SerializingExecutor run
SEVERE: Exception while executing runnable org.apache.ratis.thirdparty.io.grpc.internal.ServerImpl$JumpToApplicationThreadServerStreamListener$1Closed@6cced0aa
org.apache.ratis.thirdparty.io.grpc.StatusRuntimeException: CANCELLED: call already cancelled
	at org.apache.ratis.thirdparty.io.grpc.Status.asRuntimeException(Status.java:517)
	at org.apache.ratis.thirdparty.io.grpc.stub.ServerCalls$ServerCallStreamObserverImpl.onCompleted(ServerCalls.java:356)
	at org.apache.ratis.grpc.server.GrpcServerProtocolService$ServerRequestStreamObserver.onError(GrpcServerProtocolService.java:121)
	at org.apache.ratis.thirdparty.io.grpc.stub.ServerCalls$StreamingServerCallHandler$StreamingServerCallListener.onCancel(ServerCalls.java:269)
	at org.apache.ratis.thirdparty.io.grpc.internal.ServerCallImpl$ServerStreamListenerImpl.closed(ServerCallImpl.java:293)
	at org.apache.ratis.thirdparty.io.grpc.internal.ServerImpl$JumpToApplicationThreadServerStreamListener$1Closed.runInContext(ServerImpl.java:741)
	at org.apache.ratis.thirdparty.io.grpc.internal.ContextRunnable.run(ContextRunnable.java:37)
	at org.apache.ratis.thirdparty.io.grpc.internal.SerializingExecutor.run(SerializingExecutor.java:123)
	at java.util.concurrent.ThreadPoolExecutor.runWorker(ThreadPoolExecutor.java:1149)
	at java.util.concurrent.ThreadPoolExecutor$Worker.run(ThreadPoolExecutor.java:624)
	at java.lang.Thread.run(Thread.java:748)

]]></system-err>
  </testcase>
</testsuite>