<?xml version="1.0" encoding="UTF-8"?>
<testsuite xmlns:xsi="http://www.w3.org/2001/XMLSchema-instance" xsi:noNamespaceSchemaLocation="https://maven.apache.org/surefire/maven-surefire-plugin/xsd/surefire-test-report.xsd" name="org.apache.hadoop.ozone.client.rpc.TestBlockOutputStreamWithFailures" time="672.682" tests="8" errors="0" skipped="0" failures="1">
  <properties>
    <property name="awt.toolkit" value="sun.awt.X11.XToolkit"/>
    <property name="file.encoding.pkg" value="sun.io"/>
    <property name="java.specification.version" value="1.8"/>
    <property name="sun.cpu.isalist" value=""/>
    <property name="sun.jnu.encoding" value="UTF-8"/>
    <property name="java.class.path" value="/workdir/hadoop-ozone/integration-test/target/test-classes:/workdir/hadoop-ozone/integration-test/target/classes:/home/user/.m2/repository/org/apache/hadoop/hadoop-ozone-common/0.5.0-SNAPSHOT/hadoop-ozone-common-0.5.0-SNAPSHOT.jar:/home/user/.m2/repository/org/apache/commons/commons-compress/1.4.1/commons-compress-1.4.1.jar:/home/user/.m2/repository/org/tukaani/xz/1.0/xz-1.0.jar:/home/user/.m2/repository/org/apache/hadoop/hadoop-common/3.2.0/hadoop-common-3.2.0.jar:/home/user/.m2/repository/org/apache/hadoop/hadoop-hdfs/3.2.0/hadoop-hdfs-3.2.0.jar:/home/user/.m2/repository/org/apache/hadoop/hadoop-hdfs-client/3.2.0/hadoop-hdfs-client-3.2.0.jar:/home/user/.m2/repository/com/fasterxml/jackson/core/jackson-annotations/2.9.9/jackson-annotations-2.9.9.jar:/home/user/.m2/repository/org/apache/hadoop/hadoop-hdds-common/0.5.0-SNAPSHOT/hadoop-hdds-common-0.5.0-SNAPSHOT.jar:/home/user/.m2/repository/javax/annotation/javax.annotation-api/1.2/javax.annotation-api-1.2.jar:/home/user/.m2/repository/org/apache/ratis/ratis-server/0.5.0-201fc85-SNAPSHOT/ratis-server-0.5.0-201fc85-SNAPSHOT.jar:/home/user/.m2/repository/org/apache/ratis/ratis-thirdparty-misc/0.2.0/ratis-thirdparty-misc-0.2.0.jar:/home/user/.m2/repository/org/apache/ratis/ratis-proto/0.5.0-201fc85-SNAPSHOT/ratis-proto-0.5.0-201fc85-SNAPSHOT.jar:/home/user/.m2/repository/org/apache/ratis/ratis-common/0.5.0-201fc85-SNAPSHOT/ratis-common-0.5.0-201fc85-SNAPSHOT.jar:/home/user/.m2/repository/org/apache/ratis/ratis-client/0.5.0-201fc85-SNAPSHOT/ratis-client-0.5.0-201fc85-SNAPSHOT.jar:/home/user/.m2/repository/org/apache/ratis/ratis-metrics/0.5.0-201fc85-SNAPSHOT/ratis-metrics-0.5.0-201fc85-SNAPSHOT.jar:/home/user/.m2/repository/com/github/joshelser/dropwizard-metrics-hadoop-metrics2-reporter/0.1.2/dropwizard-metrics-hadoop-metrics2-reporter-0.1.2.jar:/home/user/.m2/repository/io/dropwizard/metrics/metrics-jvm/3.2.5/metrics-jvm-3.2.5.jar:/home/user/.m2/repository/io/dropwizard/metrics/metrics-ganglia/3.2.5/metrics-ganglia-3.2.5.jar:/home/user/.m2/repository/info/ganglia/gmetric4j/gmetric4j/1.0.7/gmetric4j-1.0.7.jar:/home/user/.m2/repository/org/apache/ratis/ratis-netty/0.5.0-201fc85-SNAPSHOT/ratis-netty-0.5.0-201fc85-SNAPSHOT.jar:/home/user/.m2/repository/org/apache/ratis/ratis-grpc/0.5.0-201fc85-SNAPSHOT/ratis-grpc-0.5.0-201fc85-SNAPSHOT.jar:/home/user/.m2/repository/org/rocksdb/rocksdbjni/6.0.1/rocksdbjni-6.0.1.jar:/home/user/.m2/repository/org/apache/logging/log4j/log4j-api/2.11.0/log4j-api-2.11.0.jar:/home/user/.m2/repository/org/apache/logging/log4j/log4j-core/2.11.0/log4j-core-2.11.0.jar:/home/user/.m2/repository/com/lmax/disruptor/3.4.2/disruptor-3.4.2.jar:/home/user/.m2/repository/org/apache/commons/commons-pool2/2.6.0/commons-pool2-2.6.0.jar:/home/user/.m2/repository/org/bouncycastle/bcpkix-jdk15on/1.60/bcpkix-jdk15on-1.60.jar:/home/user/.m2/repository/commons-validator/commons-validator/1.6/commons-validator-1.6.jar:/home/user/.m2/repository/commons-digester/commons-digester/1.8.1/commons-digester-1.8.1.jar:/home/user/.m2/repository/io/jaegertracing/jaeger-client/0.34.0/jaeger-client-0.34.0.jar:/home/user/.m2/repository/io/jaegertracing/jaeger-thrift/0.34.0/jaeger-thrift-0.34.0.jar:/home/user/.m2/repository/org/apache/thrift/libthrift/0.12.0/libthrift-0.12.0.jar:/home/user/.m2/repository/com/squareup/okhttp3/okhttp/3.9.0/okhttp-3.9.0.jar:/home/user/.m2/repository/com/squareup/okio/okio/1.13.0/okio-1.13.0.jar:/home/user/.m2/repository/io/jaegertracing/jaeger-core/0.34.0/jaeger-core-0.34.0.jar:/home/user/.m2/repository/io/jaegertracing/jaeger-tracerresolver/0.34.0/jaeger-tracerresolver-0.34.0.jar:/home/user/.m2/repository/io/opentracing/contrib/opentracing-tracerresolver/0.1.5/opentracing-tracerresolver-0.1.5.jar:/home/user/.m2/repository/io/opentracing/opentracing-util/0.31.0/opentracing-util-0.31.0.jar:/home/user/.m2/repository/io/opentracing/opentracing-api/0.31.0/opentracing-api-0.31.0.jar:/home/user/.m2/repository/io/opentracing/opentracing-noop/0.31.0/opentracing-noop-0.31.0.jar:/home/user/.m2/repository/org/apache/hadoop/hadoop-hdds-server-framework/0.5.0-SNAPSHOT/hadoop-hdds-server-framework-0.5.0-SNAPSHOT.jar:/home/user/.m2/repository/org/apache/hadoop/hadoop-hdds-container-service/0.5.0-SNAPSHOT/hadoop-hdds-container-service-0.5.0-SNAPSHOT.jar:/home/user/.m2/repository/org/apache/hadoop/hadoop-hdds-client/0.5.0-SNAPSHOT/hadoop-hdds-client-0.5.0-SNAPSHOT.jar:/home/user/.m2/repository/org/apache/hadoop/hadoop-hdds-tools/0.5.0-SNAPSHOT/hadoop-hdds-tools-0.5.0-SNAPSHOT.jar:/home/user/.m2/repository/org/apache/hadoop/hadoop-hdds-server-scm/0.5.0-SNAPSHOT/hadoop-hdds-server-scm-0.5.0-SNAPSHOT.jar:/home/user/.m2/repository/org/apache/hadoop/hadoop-hdds-docs/0.5.0-SNAPSHOT/hadoop-hdds-docs-0.5.0-SNAPSHOT.jar:/home/user/.m2/repository/io/dropwizard/metrics/metrics-core/3.2.4/metrics-core-3.2.4.jar:/home/user/.m2/repository/org/hamcrest/hamcrest-all/1.3/hamcrest-all-1.3.jar:/home/user/.m2/repository/org/bouncycastle/bcprov-jdk15on/1.60/bcprov-jdk15on-1.60.jar:/home/user/.m2/repository/info/picocli/picocli/3.9.6/picocli-3.9.6.jar:/home/user/.m2/repository/com/google/protobuf/protobuf-java/2.5.0/protobuf-java-2.5.0.jar:/home/user/.m2/repository/com/google/guava/guava/11.0.2/guava-11.0.2.jar:/home/user/.m2/repository/org/apache/hadoop/hadoop-ozone-ozone-manager/0.5.0-SNAPSHOT/hadoop-ozone-ozone-manager-0.5.0-SNAPSHOT.jar:/home/user/.m2/repository/org/apache/hadoop/hadoop-minikdc/3.2.0/hadoop-minikdc-3.2.0.jar:/home/user/.m2/repository/commons-io/commons-io/2.5/commons-io-2.5.jar:/home/user/.m2/repository/org/apache/kerby/kerb-simplekdc/1.0.1/kerb-simplekdc-1.0.1.jar:/home/user/.m2/repository/org/apache/kerby/kerb-client/1.0.1/kerb-client-1.0.1.jar:/home/user/.m2/repository/org/apache/kerby/kerby-config/1.0.1/kerby-config-1.0.1.jar:/home/user/.m2/repository/org/apache/kerby/kerb-core/1.0.1/kerb-core-1.0.1.jar:/home/user/.m2/repository/org/apache/kerby/kerby-pkix/1.0.1/kerby-pkix-1.0.1.jar:/home/user/.m2/repository/org/apache/kerby/kerby-asn1/1.0.1/kerby-asn1-1.0.1.jar:/home/user/.m2/repository/org/apache/kerby/kerby-util/1.0.1/kerby-util-1.0.1.jar:/home/user/.m2/repository/org/apache/kerby/kerb-common/1.0.1/kerb-common-1.0.1.jar:/home/user/.m2/repository/org/apache/kerby/kerb-crypto/1.0.1/kerb-crypto-1.0.1.jar:/home/user/.m2/repository/org/apache/kerby/kerb-util/1.0.1/kerb-util-1.0.1.jar:/home/user/.m2/repository/org/apache/kerby/token-provider/1.0.1/token-provider-1.0.1.jar:/home/user/.m2/repository/org/apache/kerby/kerb-admin/1.0.1/kerb-admin-1.0.1.jar:/home/user/.m2/repository/org/apache/kerby/kerb-server/1.0.1/kerb-server-1.0.1.jar:/home/user/.m2/repository/org/apache/kerby/kerb-identity/1.0.1/kerb-identity-1.0.1.jar:/home/user/.m2/repository/org/apache/kerby/kerby-xdr/1.0.1/kerby-xdr-1.0.1.jar:/home/user/.m2/repository/org/slf4j/slf4j-log4j12/1.7.25/slf4j-log4j12-1.7.25.jar:/home/user/.m2/repository/org/apache/hadoop/hadoop-ozone-s3gateway/0.5.0-SNAPSHOT/hadoop-ozone-s3gateway-0.5.0-SNAPSHOT.jar:/home/user/.m2/repository/org/jboss/weld/servlet/weld-servlet/2.4.7.Final/weld-servlet-2.4.7.Final.jar:/home/user/.m2/repository/org/glassfish/jersey/containers/jersey-container-servlet-core/2.27/jersey-container-servlet-core-2.27.jar:/home/user/.m2/repository/org/glassfish/hk2/external/javax.inject/2.5.0-b42/javax.inject-2.5.0-b42.jar:/home/user/.m2/repository/org/glassfish/jersey/core/jersey-common/2.27/jersey-common-2.27.jar:/home/user/.m2/repository/org/glassfish/hk2/osgi-resource-locator/1.0.1/osgi-resource-locator-1.0.1.jar:/home/user/.m2/repository/javax/ws/rs/javax.ws.rs-api/2.1/javax.ws.rs-api-2.1.jar:/home/user/.m2/repository/org/glassfish/jersey/ext/cdi/jersey-cdi1x/2.27/jersey-cdi1x-2.27.jar:/home/user/.m2/repository/org/glassfish/jersey/inject/jersey-hk2/2.27/jersey-hk2-2.27.jar:/home/user/.m2/repository/org/glassfish/hk2/hk2-locator/2.5.0-b42/hk2-locator-2.5.0-b42.jar:/home/user/.m2/repository/org/javassist/javassist/3.22.0-CR2/javassist-3.22.0-CR2.jar:/home/user/.m2/repository/org/glassfish/hk2/hk2-api/2.5.0/hk2-api-2.5.0.jar:/home/user/.m2/repository/org/glassfish/hk2/external/jakarta.inject/2.5.0/jakarta.inject-2.5.0.jar:/home/user/.m2/repository/org/glassfish/hk2/hk2-utils/2.5.0/hk2-utils-2.5.0.jar:/home/user/.m2/repository/jakarta/annotation/jakarta.annotation-api/1.3.4/jakarta.annotation-api-1.3.4.jar:/home/user/.m2/repository/org/glassfish/hk2/external/aopalliance-repackaged/2.5.0/aopalliance-repackaged-2.5.0.jar:/home/user/.m2/repository/com/fasterxml/jackson/dataformat/jackson-dataformat-xml/2.9.0/jackson-dataformat-xml-2.9.0.jar:/home/user/.m2/repository/com/fasterxml/jackson/core/jackson-core/2.9.9/jackson-core-2.9.9.jar:/home/user/.m2/repository/com/fasterxml/jackson/module/jackson-module-jaxb-annotations/2.9.9/jackson-module-jaxb-annotations-2.9.9.jar:/home/user/.m2/repository/javax/enterprise/cdi-api/1.2/cdi-api-1.2.jar:/home/user/.m2/repository/javax/el/javax.el-api/3.0.0/javax.el-api-3.0.0.jar:/home/user/.m2/repository/javax/interceptor/javax.interceptor-api/1.2/javax.interceptor-api-1.2.jar:/home/user/.m2/repository/javax/inject/javax.inject/1/javax.inject-1.jar:/home/user/.m2/repository/com/sun/xml/bind/jaxb-impl/2.3.0.1/jaxb-impl-2.3.0.1.jar:/home/user/.m2/repository/com/sun/xml/bind/jaxb-core/2.3.0.1/jaxb-core-2.3.0.1.jar:/home/user/.m2/repository/javax/xml/bind/jaxb-api/2.3.0/jaxb-api-2.3.0.jar:/home/user/.m2/repository/javax/activation/activation/1.1.1/activation-1.1.1.jar:/home/user/.m2/repository/org/apache/hadoop/hadoop-ozone-csi/0.5.0-SNAPSHOT/hadoop-ozone-csi-0.5.0-SNAPSHOT.jar:/home/user/.m2/repository/com/google/protobuf/protobuf-java-util/3.5.1/protobuf-java-util-3.5.1.jar:/home/user/.m2/repository/org/apache/hadoop/hadoop-hdds-config/0.5.0-SNAPSHOT/hadoop-hdds-config-0.5.0-SNAPSHOT.jar:/home/user/.m2/repository/io/grpc/grpc-netty/1.17.1/grpc-netty-1.17.1.jar:/home/user/.m2/repository/io/grpc/grpc-core/1.17.1/grpc-core-1.17.1.jar:/home/user/.m2/repository/io/grpc/grpc-context/1.17.1/grpc-context-1.17.1.jar:/home/user/.m2/repository/com/google/errorprone/error_prone_annotations/2.2.0/error_prone_annotations-2.2.0.jar:/home/user/.m2/repository/org/codehaus/mojo/animal-sniffer-annotations/1.17/animal-sniffer-annotations-1.17.jar:/home/user/.m2/repository/io/opencensus/opencensus-api/0.17.0/opencensus-api-0.17.0.jar:/home/user/.m2/repository/io/opencensus/opencensus-contrib-grpc-metrics/0.17.0/opencensus-contrib-grpc-metrics-0.17.0.jar:/home/user/.m2/repository/io/netty/netty-codec-http2/4.1.30.Final/netty-codec-http2-4.1.30.Final.jar:/home/user/.m2/repository/io/netty/netty-codec-http/4.1.30.Final/netty-codec-http-4.1.30.Final.jar:/home/user/.m2/repository/io/netty/netty-codec/4.1.30.Final/netty-codec-4.1.30.Final.jar:/home/user/.m2/repository/io/netty/netty-handler/4.1.30.Final/netty-handler-4.1.30.Final.jar:/home/user/.m2/repository/io/netty/netty-handler-proxy/4.1.30.Final/netty-handler-proxy-4.1.30.Final.jar:/home/user/.m2/repository/io/netty/netty-codec-socks/4.1.30.Final/netty-codec-socks-4.1.30.Final.jar:/home/user/.m2/repository/io/netty/netty-transport-native-epoll/4.1.30.Final/netty-transport-native-epoll-4.1.30.Final.jar:/home/user/.m2/repository/io/netty/netty-common/4.1.30.Final/netty-common-4.1.30.Final.jar:/home/user/.m2/repository/io/netty/netty-buffer/4.1.30.Final/netty-buffer-4.1.30.Final.jar:/home/user/.m2/repository/io/netty/netty-transport/4.1.30.Final/netty-transport-4.1.30.Final.jar:/home/user/.m2/repository/io/netty/netty-resolver/4.1.30.Final/netty-resolver-4.1.30.Final.jar:/home/user/.m2/repository/io/netty/netty-transport-native-unix-common/4.1.30.Final/netty-transport-native-unix-common-4.1.30.Final.jar:/home/user/.m2/repository/io/grpc/grpc-protobuf/1.17.1/grpc-protobuf-1.17.1.jar:/home/user/.m2/repository/com/google/api/grpc/proto-google-common-protos/1.0.0/proto-google-common-protos-1.0.0.jar:/home/user/.m2/repository/io/grpc/grpc-protobuf-lite/1.17.1/grpc-protobuf-lite-1.17.1.jar:/home/user/.m2/repository/io/grpc/grpc-stub/1.17.1/grpc-stub-1.17.1.jar:/home/user/.m2/repository/org/apache/hadoop/hadoop-ozone-recon/0.5.0-SNAPSHOT/hadoop-ozone-recon-0.5.0-SNAPSHOT.jar:/home/user/.m2/repository/org/apache/hadoop/hadoop-ozone-reconcodegen/0.5.0-SNAPSHOT/hadoop-ozone-reconcodegen-0.5.0-SNAPSHOT.jar:/home/user/.m2/repository/com/google/inject/extensions/guice-multibindings/4.0/guice-multibindings-4.0.jar:/home/user/.m2/repository/com/google/inject/guice/4.0/guice-4.0.jar:/home/user/.m2/repository/aopalliance/aopalliance/1.0/aopalliance-1.0.jar:/home/user/.m2/repository/com/google/inject/extensions/guice-servlet/4.0/guice-servlet-4.0.jar:/home/user/.m2/repository/org/glassfish/jersey/containers/jersey-container-servlet/2.27/jersey-container-servlet-2.27.jar:/home/user/.m2/repository/org/glassfish/hk2/guice-bridge/2.5.0/guice-bridge-2.5.0.jar:/home/user/.m2/repository/org/glassfish/jersey/core/jersey-server/2.27/jersey-server-2.27.jar:/home/user/.m2/repository/org/glassfish/jersey/core/jersey-client/2.27/jersey-client-2.27.jar:/home/user/.m2/repository/org/glassfish/jersey/media/jersey-media-jaxb/2.27/jersey-media-jaxb-2.27.jar:/home/user/.m2/repository/javax/validation/validation-api/1.1.0.Final/validation-api-1.1.0.Final.jar:/home/user/.m2/repository/org/glassfish/jersey/media/jersey-media-json-jackson/2.27/jersey-media-json-jackson-2.27.jar:/home/user/.m2/repository/org/glassfish/jersey/ext/jersey-entity-filtering/2.27/jersey-entity-filtering-2.27.jar:/home/user/.m2/repository/com/google/inject/extensions/guice-assistedinject/4.0/guice-assistedinject-4.0.jar:/home/user/.m2/repository/org/jooq/jooq/3.11.10/jooq-3.11.10.jar:/home/user/.m2/repository/org/jooq/jooq-meta/3.11.10/jooq-meta-3.11.10.jar:/home/user/.m2/repository/org/jooq/jooq-codegen/3.11.10/jooq-codegen-3.11.10.jar:/home/user/.m2/repository/com/jolbox/bonecp/0.8.0.RELEASE/bonecp-0.8.0.RELEASE.jar:/home/user/.m2/repository/org/xerial/sqlite-jdbc/3.25.2/sqlite-jdbc-3.25.2.jar:/home/user/.m2/repository/org/springframework/spring-jdbc/5.1.3.RELEASE/spring-jdbc-5.1.3.RELEASE.jar:/home/user/.m2/repository/org/springframework/spring-beans/5.1.3.RELEASE/spring-beans-5.1.3.RELEASE.jar:/home/user/.m2/repository/org/springframework/spring-core/5.1.3.RELEASE/spring-core-5.1.3.RELEASE.jar:/home/user/.m2/repository/org/springframework/spring-jcl/5.1.3.RELEASE/spring-jcl-5.1.3.RELEASE.jar:/home/user/.m2/repository/org/springframework/spring-tx/5.1.3.RELEASE/spring-tx-5.1.3.RELEASE.jar:/home/user/.m2/repository/org/apache/hadoop/hadoop-ozone-client/0.5.0-SNAPSHOT/hadoop-ozone-client-0.5.0-SNAPSHOT.jar:/home/user/.m2/repository/commons-lang/commons-lang/2.6/commons-lang-2.6.jar:/home/user/.m2/repository/org/apache/hadoop/hadoop-ozone-ozone-manager/0.5.0-SNAPSHOT/hadoop-ozone-ozone-manager-0.5.0-SNAPSHOT-tests.jar:/home/user/.m2/repository/junit/junit/4.11/junit-4.11.jar:/home/user/.m2/repository/org/hamcrest/hamcrest-core/1.3/hamcrest-core-1.3.jar:/home/user/.m2/repository/org/openjdk/jmh/jmh-core/1.19/jmh-core-1.19.jar:/home/user/.m2/repository/net/sf/jopt-simple/jopt-simple/4.6/jopt-simple-4.6.jar:/home/user/.m2/repository/org/apache/commons/commons-math3/3.1.1/commons-math3-3.1.1.jar:/home/user/.m2/repository/org/openjdk/jmh/jmh-generator-annprocess/1.19/jmh-generator-annprocess-1.19.jar:/home/user/.m2/repository/org/mockito/mockito-all/1.8.5/mockito-all-1.8.5.jar:/home/user/.m2/repository/org/apache/hadoop/hadoop-kms/3.2.0/hadoop-kms-3.2.0.jar:/home/user/.m2/repository/org/apache/hadoop/hadoop-auth/3.2.0/hadoop-auth-3.2.0.jar:/home/user/.m2/repository/com/nimbusds/nimbus-jose-jwt/4.41.1/nimbus-jose-jwt-4.41.1.jar:/home/user/.m2/repository/com/github/stephenc/jcip/jcip-annotations/1.0-1/jcip-annotations-1.0-1.jar:/home/user/.m2/repository/net/minidev/json-smart/2.3/json-smart-2.3.jar:/home/user/.m2/repository/net/minidev/accessors-smart/1.2/accessors-smart-1.2.jar:/home/user/.m2/repository/org/ow2/asm/asm/5.0.4/asm-5.0.4.jar:/home/user/.m2/repository/org/apache/curator/curator-framework/2.12.0/curator-framework-2.12.0.jar:/home/user/.m2/repository/com/sun/jersey/jersey-core/1.19/jersey-core-1.19.jar:/home/user/.m2/repository/javax/ws/rs/jsr311-api/1.1.1/jsr311-api-1.1.1.jar:/home/user/.m2/repository/com/sun/jersey/jersey-server/1.19/jersey-server-1.19.jar:/home/user/.m2/repository/javax/servlet/javax.servlet-api/3.1.0/javax.servlet-api-3.1.0.jar:/home/user/.m2/repository/org/eclipse/jetty/jetty-server/9.3.25.v20180904/jetty-server-9.3.25.v20180904.jar:/home/user/.m2/repository/org/eclipse/jetty/jetty-http/9.3.25.v20180904/jetty-http-9.3.25.v20180904.jar:/home/user/.m2/repository/org/eclipse/jetty/jetty-io/9.3.25.v20180904/jetty-io-9.3.25.v20180904.jar:/home/user/.m2/repository/org/eclipse/jetty/jetty-webapp/9.3.25.v20180904/jetty-webapp-9.3.25.v20180904.jar:/home/user/.m2/repository/org/eclipse/jetty/jetty-xml/9.3.25.v20180904/jetty-xml-9.3.25.v20180904.jar:/home/user/.m2/repository/log4j/log4j/1.2.17/log4j-1.2.17.jar:/home/user/.m2/repository/org/slf4j/slf4j-api/1.7.25/slf4j-api-1.7.25.jar:/home/user/.m2/repository/org/slf4j/jul-to-slf4j/1.7.25/jul-to-slf4j-1.7.25.jar:/home/user/.m2/repository/org/eclipse/jetty/jetty-util/9.3.25.v20180904/jetty-util-9.3.25.v20180904.jar:/home/user/.m2/repository/com/fasterxml/jackson/core/jackson-databind/2.9.9/jackson-databind-2.9.9.jar:/home/user/.m2/repository/org/apache/hadoop/hadoop-kms/3.2.0/hadoop-kms-3.2.0-tests.jar:/home/user/.m2/repository/org/apache/hadoop/hadoop-hdds-server-scm/0.5.0-SNAPSHOT/hadoop-hdds-server-scm-0.5.0-SNAPSHOT-tests.jar:/home/user/.m2/repository/org/apache/hadoop/hadoop-hdds-container-service/0.5.0-SNAPSHOT/hadoop-hdds-container-service-0.5.0-SNAPSHOT-tests.jar:/home/user/.m2/repository/org/yaml/snakeyaml/1.16/snakeyaml-1.16.jar:/home/user/.m2/repository/org/apache/hadoop/hadoop-common/3.2.0/hadoop-common-3.2.0-tests.jar:/home/user/.m2/repository/org/apache/hadoop/hadoop-annotations/3.2.0/hadoop-annotations-3.2.0.jar:/usr/lib/jvm/java-1.8-openjdk/jre/../lib/tools.jar:/home/user/.m2/repository/commons-cli/commons-cli/1.2/commons-cli-1.2.jar:/home/user/.m2/repository/org/apache/httpcomponents/httpclient/4.5.2/httpclient-4.5.2.jar:/home/user/.m2/repository/org/apache/httpcomponents/httpcore/4.4.4/httpcore-4.4.4.jar:/home/user/.m2/repository/commons-codec/commons-codec/1.11/commons-codec-1.11.jar:/home/user/.m2/repository/commons-net/commons-net/3.6/commons-net-3.6.jar:/home/user/.m2/repository/commons-collections/commons-collections/3.2.2/commons-collections-3.2.2.jar:/home/user/.m2/repository/org/eclipse/jetty/jetty-servlet/9.3.25.v20180904/jetty-servlet-9.3.25.v20180904.jar:/home/user/.m2/repository/org/eclipse/jetty/jetty-security/9.3.25.v20180904/jetty-security-9.3.25.v20180904.jar:/home/user/.m2/repository/javax/servlet/jsp/jsp-api/2.1/jsp-api-2.1.jar:/home/user/.m2/repository/com/sun/jersey/jersey-servlet/1.19/jersey-servlet-1.19.jar:/home/user/.m2/repository/com/sun/jersey/jersey-json/1.19/jersey-json-1.19.jar:/home/user/.m2/repository/org/codehaus/jettison/jettison/1.1/jettison-1.1.jar:/home/user/.m2/repository/org/codehaus/jackson/jackson-core-asl/1.9.13/jackson-core-asl-1.9.13.jar:/home/user/.m2/repository/org/codehaus/jackson/jackson-mapper-asl/1.9.13/jackson-mapper-asl-1.9.13.jar:/home/user/.m2/repository/org/codehaus/jackson/jackson-jaxrs/1.9.13/jackson-jaxrs-1.9.13.jar:/home/user/.m2/repository/org/codehaus/jackson/jackson-xc/1.9.13/jackson-xc-1.9.13.jar:/home/user/.m2/repository/commons-logging/commons-logging/1.1.3/commons-logging-1.1.3.jar:/home/user/.m2/repository/commons-beanutils/commons-beanutils/1.9.4/commons-beanutils-1.9.4.jar:/home/user/.m2/repository/org/apache/commons/commons-configuration2/2.1.1/commons-configuration2-2.1.1.jar:/home/user/.m2/repository/org/apache/commons/commons-lang3/3.7/commons-lang3-3.7.jar:/home/user/.m2/repository/org/apache/commons/commons-text/1.4/commons-text-1.4.jar:/home/user/.m2/repository/org/apache/avro/avro/1.7.7/avro-1.7.7.jar:/home/user/.m2/repository/com/thoughtworks/paranamer/paranamer/2.3/paranamer-2.3.jar:/home/user/.m2/repository/org/xerial/snappy/snappy-java/1.0.5/snappy-java-1.0.5.jar:/home/user/.m2/repository/com/google/re2j/re2j/1.1/re2j-1.1.jar:/home/user/.m2/repository/com/google/code/gson/gson/2.2.4/gson-2.2.4.jar:/home/user/.m2/repository/com/jcraft/jsch/0.1.54/jsch-0.1.54.jar:/home/user/.m2/repository/org/apache/curator/curator-client/2.12.0/curator-client-2.12.0.jar:/home/user/.m2/repository/org/apache/curator/curator-recipes/2.12.0/curator-recipes-2.12.0.jar:/home/user/.m2/repository/com/google/code/findbugs/jsr305/3.0.0/jsr305-3.0.0.jar:/home/user/.m2/repository/org/apache/htrace/htrace-core4/4.1.0-incubating/htrace-core4-4.1.0-incubating.jar:/home/user/.m2/repository/org/apache/zookeeper/zookeeper/3.4.13/zookeeper-3.4.13.jar:/home/user/.m2/repository/jline/jline/0.9.94/jline-0.9.94.jar:/home/user/.m2/repository/org/apache/yetus/audience-annotations/0.5.0/audience-annotations-0.5.0.jar:/home/user/.m2/repository/org/codehaus/woodstox/stax2-api/3.1.4/stax2-api-3.1.4.jar:/home/user/.m2/repository/com/fasterxml/woodstox/woodstox-core/5.0.3/woodstox-core-5.0.3.jar:/home/user/.m2/repository/dnsjava/dnsjava/2.1.7/dnsjava-2.1.7.jar:/home/user/.m2/repository/org/apache/hadoop/hadoop-hdfs/3.2.0/hadoop-hdfs-3.2.0-tests.jar:/home/user/.m2/repository/org/eclipse/jetty/jetty-util-ajax/9.3.25.v20180904/jetty-util-ajax-9.3.25.v20180904.jar:/home/user/.m2/repository/commons-daemon/commons-daemon/1.0.13/commons-daemon-1.0.13.jar:/home/user/.m2/repository/io/netty/netty/3.10.5.Final/netty-3.10.5.Final.jar:/home/user/.m2/repository/io/netty/netty-all/4.0.52.Final/netty-all-4.0.52.Final.jar:/home/user/.m2/repository/org/fusesource/leveldbjni/leveldbjni-all/1.8/leveldbjni-all-1.8.jar:"/>
    <property name="java.vm.vendor" value="IcedTea"/>
    <property name="sun.arch.data.model" value="64"/>
    <property name="test.build.dir" value="/workdir/hadoop-ozone/integration-test/target/test-dir"/>
    <property name="test.cache.data" value=""/>
    <property name="java.vendor.url" value="https://icedtea.classpath.org"/>
    <property name="user.timezone" value=""/>
    <property name="java.vm.specification.version" value="1.8"/>
    <property name="os.name" value="Linux"/>
    <property name="test.build.data" value="/workdir/hadoop-ozone/integration-test/target/test-dir"/>
    <property name="user.country" value="US"/>
    <property name="sun.java.launcher" value="SUN_STANDARD"/>
    <property name="sun.boot.library.path" value="/usr/lib/jvm/java-1.8-openjdk/jre/lib/amd64"/>
    <property name="sun.java.command" value="/workdir/hadoop-ozone/integration-test/target/surefire/surefirebooter7890642753297960155.jar /workdir/hadoop-ozone/integration-test/target/surefire 2019-10-10T20-46-41_649-jvmRun1 surefire1461669606409985921tmp surefire_324302717543549822241tmp"/>
    <property name="test" value="!TestMiniChaosOzoneCluster"/>
    <property name="surefire.test.class.path" value="/workdir/hadoop-ozone/integration-test/target/test-classes:/workdir/hadoop-ozone/integration-test/target/classes:/home/user/.m2/repository/org/apache/hadoop/hadoop-ozone-common/0.5.0-SNAPSHOT/hadoop-ozone-common-0.5.0-SNAPSHOT.jar:/home/user/.m2/repository/org/apache/commons/commons-compress/1.4.1/commons-compress-1.4.1.jar:/home/user/.m2/repository/org/tukaani/xz/1.0/xz-1.0.jar:/home/user/.m2/repository/org/apache/hadoop/hadoop-common/3.2.0/hadoop-common-3.2.0.jar:/home/user/.m2/repository/org/apache/hadoop/hadoop-hdfs/3.2.0/hadoop-hdfs-3.2.0.jar:/home/user/.m2/repository/org/apache/hadoop/hadoop-hdfs-client/3.2.0/hadoop-hdfs-client-3.2.0.jar:/home/user/.m2/repository/com/fasterxml/jackson/core/jackson-annotations/2.9.9/jackson-annotations-2.9.9.jar:/home/user/.m2/repository/org/apache/hadoop/hadoop-hdds-common/0.5.0-SNAPSHOT/hadoop-hdds-common-0.5.0-SNAPSHOT.jar:/home/user/.m2/repository/javax/annotation/javax.annotation-api/1.2/javax.annotation-api-1.2.jar:/home/user/.m2/repository/org/apache/ratis/ratis-server/0.5.0-201fc85-SNAPSHOT/ratis-server-0.5.0-201fc85-SNAPSHOT.jar:/home/user/.m2/repository/org/apache/ratis/ratis-thirdparty-misc/0.2.0/ratis-thirdparty-misc-0.2.0.jar:/home/user/.m2/repository/org/apache/ratis/ratis-proto/0.5.0-201fc85-SNAPSHOT/ratis-proto-0.5.0-201fc85-SNAPSHOT.jar:/home/user/.m2/repository/org/apache/ratis/ratis-common/0.5.0-201fc85-SNAPSHOT/ratis-common-0.5.0-201fc85-SNAPSHOT.jar:/home/user/.m2/repository/org/apache/ratis/ratis-client/0.5.0-201fc85-SNAPSHOT/ratis-client-0.5.0-201fc85-SNAPSHOT.jar:/home/user/.m2/repository/org/apache/ratis/ratis-metrics/0.5.0-201fc85-SNAPSHOT/ratis-metrics-0.5.0-201fc85-SNAPSHOT.jar:/home/user/.m2/repository/com/github/joshelser/dropwizard-metrics-hadoop-metrics2-reporter/0.1.2/dropwizard-metrics-hadoop-metrics2-reporter-0.1.2.jar:/home/user/.m2/repository/io/dropwizard/metrics/metrics-jvm/3.2.5/metrics-jvm-3.2.5.jar:/home/user/.m2/repository/io/dropwizard/metrics/metrics-ganglia/3.2.5/metrics-ganglia-3.2.5.jar:/home/user/.m2/repository/info/ganglia/gmetric4j/gmetric4j/1.0.7/gmetric4j-1.0.7.jar:/home/user/.m2/repository/org/apache/ratis/ratis-netty/0.5.0-201fc85-SNAPSHOT/ratis-netty-0.5.0-201fc85-SNAPSHOT.jar:/home/user/.m2/repository/org/apache/ratis/ratis-grpc/0.5.0-201fc85-SNAPSHOT/ratis-grpc-0.5.0-201fc85-SNAPSHOT.jar:/home/user/.m2/repository/org/rocksdb/rocksdbjni/6.0.1/rocksdbjni-6.0.1.jar:/home/user/.m2/repository/org/apache/logging/log4j/log4j-api/2.11.0/log4j-api-2.11.0.jar:/home/user/.m2/repository/org/apache/logging/log4j/log4j-core/2.11.0/log4j-core-2.11.0.jar:/home/user/.m2/repository/com/lmax/disruptor/3.4.2/disruptor-3.4.2.jar:/home/user/.m2/repository/org/apache/commons/commons-pool2/2.6.0/commons-pool2-2.6.0.jar:/home/user/.m2/repository/org/bouncycastle/bcpkix-jdk15on/1.60/bcpkix-jdk15on-1.60.jar:/home/user/.m2/repository/commons-validator/commons-validator/1.6/commons-validator-1.6.jar:/home/user/.m2/repository/commons-digester/commons-digester/1.8.1/commons-digester-1.8.1.jar:/home/user/.m2/repository/io/jaegertracing/jaeger-client/0.34.0/jaeger-client-0.34.0.jar:/home/user/.m2/repository/io/jaegertracing/jaeger-thrift/0.34.0/jaeger-thrift-0.34.0.jar:/home/user/.m2/repository/org/apache/thrift/libthrift/0.12.0/libthrift-0.12.0.jar:/home/user/.m2/repository/com/squareup/okhttp3/okhttp/3.9.0/okhttp-3.9.0.jar:/home/user/.m2/repository/com/squareup/okio/okio/1.13.0/okio-1.13.0.jar:/home/user/.m2/repository/io/jaegertracing/jaeger-core/0.34.0/jaeger-core-0.34.0.jar:/home/user/.m2/repository/io/jaegertracing/jaeger-tracerresolver/0.34.0/jaeger-tracerresolver-0.34.0.jar:/home/user/.m2/repository/io/opentracing/contrib/opentracing-tracerresolver/0.1.5/opentracing-tracerresolver-0.1.5.jar:/home/user/.m2/repository/io/opentracing/opentracing-util/0.31.0/opentracing-util-0.31.0.jar:/home/user/.m2/repository/io/opentracing/opentracing-api/0.31.0/opentracing-api-0.31.0.jar:/home/user/.m2/repository/io/opentracing/opentracing-noop/0.31.0/opentracing-noop-0.31.0.jar:/home/user/.m2/repository/org/apache/hadoop/hadoop-hdds-server-framework/0.5.0-SNAPSHOT/hadoop-hdds-server-framework-0.5.0-SNAPSHOT.jar:/home/user/.m2/repository/org/apache/hadoop/hadoop-hdds-container-service/0.5.0-SNAPSHOT/hadoop-hdds-container-service-0.5.0-SNAPSHOT.jar:/home/user/.m2/repository/org/apache/hadoop/hadoop-hdds-client/0.5.0-SNAPSHOT/hadoop-hdds-client-0.5.0-SNAPSHOT.jar:/home/user/.m2/repository/org/apache/hadoop/hadoop-hdds-tools/0.5.0-SNAPSHOT/hadoop-hdds-tools-0.5.0-SNAPSHOT.jar:/home/user/.m2/repository/org/apache/hadoop/hadoop-hdds-server-scm/0.5.0-SNAPSHOT/hadoop-hdds-server-scm-0.5.0-SNAPSHOT.jar:/home/user/.m2/repository/org/apache/hadoop/hadoop-hdds-docs/0.5.0-SNAPSHOT/hadoop-hdds-docs-0.5.0-SNAPSHOT.jar:/home/user/.m2/repository/io/dropwizard/metrics/metrics-core/3.2.4/metrics-core-3.2.4.jar:/home/user/.m2/repository/org/hamcrest/hamcrest-all/1.3/hamcrest-all-1.3.jar:/home/user/.m2/repository/org/bouncycastle/bcprov-jdk15on/1.60/bcprov-jdk15on-1.60.jar:/home/user/.m2/repository/info/picocli/picocli/3.9.6/picocli-3.9.6.jar:/home/user/.m2/repository/com/google/protobuf/protobuf-java/2.5.0/protobuf-java-2.5.0.jar:/home/user/.m2/repository/com/google/guava/guava/11.0.2/guava-11.0.2.jar:/home/user/.m2/repository/org/apache/hadoop/hadoop-ozone-ozone-manager/0.5.0-SNAPSHOT/hadoop-ozone-ozone-manager-0.5.0-SNAPSHOT.jar:/home/user/.m2/repository/org/apache/hadoop/hadoop-minikdc/3.2.0/hadoop-minikdc-3.2.0.jar:/home/user/.m2/repository/commons-io/commons-io/2.5/commons-io-2.5.jar:/home/user/.m2/repository/org/apache/kerby/kerb-simplekdc/1.0.1/kerb-simplekdc-1.0.1.jar:/home/user/.m2/repository/org/apache/kerby/kerb-client/1.0.1/kerb-client-1.0.1.jar:/home/user/.m2/repository/org/apache/kerby/kerby-config/1.0.1/kerby-config-1.0.1.jar:/home/user/.m2/repository/org/apache/kerby/kerb-core/1.0.1/kerb-core-1.0.1.jar:/home/user/.m2/repository/org/apache/kerby/kerby-pkix/1.0.1/kerby-pkix-1.0.1.jar:/home/user/.m2/repository/org/apache/kerby/kerby-asn1/1.0.1/kerby-asn1-1.0.1.jar:/home/user/.m2/repository/org/apache/kerby/kerby-util/1.0.1/kerby-util-1.0.1.jar:/home/user/.m2/repository/org/apache/kerby/kerb-common/1.0.1/kerb-common-1.0.1.jar:/home/user/.m2/repository/org/apache/kerby/kerb-crypto/1.0.1/kerb-crypto-1.0.1.jar:/home/user/.m2/repository/org/apache/kerby/kerb-util/1.0.1/kerb-util-1.0.1.jar:/home/user/.m2/repository/org/apache/kerby/token-provider/1.0.1/token-provider-1.0.1.jar:/home/user/.m2/repository/org/apache/kerby/kerb-admin/1.0.1/kerb-admin-1.0.1.jar:/home/user/.m2/repository/org/apache/kerby/kerb-server/1.0.1/kerb-server-1.0.1.jar:/home/user/.m2/repository/org/apache/kerby/kerb-identity/1.0.1/kerb-identity-1.0.1.jar:/home/user/.m2/repository/org/apache/kerby/kerby-xdr/1.0.1/kerby-xdr-1.0.1.jar:/home/user/.m2/repository/org/slf4j/slf4j-log4j12/1.7.25/slf4j-log4j12-1.7.25.jar:/home/user/.m2/repository/org/apache/hadoop/hadoop-ozone-s3gateway/0.5.0-SNAPSHOT/hadoop-ozone-s3gateway-0.5.0-SNAPSHOT.jar:/home/user/.m2/repository/org/jboss/weld/servlet/weld-servlet/2.4.7.Final/weld-servlet-2.4.7.Final.jar:/home/user/.m2/repository/org/glassfish/jersey/containers/jersey-container-servlet-core/2.27/jersey-container-servlet-core-2.27.jar:/home/user/.m2/repository/org/glassfish/hk2/external/javax.inject/2.5.0-b42/javax.inject-2.5.0-b42.jar:/home/user/.m2/repository/org/glassfish/jersey/core/jersey-common/2.27/jersey-common-2.27.jar:/home/user/.m2/repository/org/glassfish/hk2/osgi-resource-locator/1.0.1/osgi-resource-locator-1.0.1.jar:/home/user/.m2/repository/javax/ws/rs/javax.ws.rs-api/2.1/javax.ws.rs-api-2.1.jar:/home/user/.m2/repository/org/glassfish/jersey/ext/cdi/jersey-cdi1x/2.27/jersey-cdi1x-2.27.jar:/home/user/.m2/repository/org/glassfish/jersey/inject/jersey-hk2/2.27/jersey-hk2-2.27.jar:/home/user/.m2/repository/org/glassfish/hk2/hk2-locator/2.5.0-b42/hk2-locator-2.5.0-b42.jar:/home/user/.m2/repository/org/javassist/javassist/3.22.0-CR2/javassist-3.22.0-CR2.jar:/home/user/.m2/repository/org/glassfish/hk2/hk2-api/2.5.0/hk2-api-2.5.0.jar:/home/user/.m2/repository/org/glassfish/hk2/external/jakarta.inject/2.5.0/jakarta.inject-2.5.0.jar:/home/user/.m2/repository/org/glassfish/hk2/hk2-utils/2.5.0/hk2-utils-2.5.0.jar:/home/user/.m2/repository/jakarta/annotation/jakarta.annotation-api/1.3.4/jakarta.annotation-api-1.3.4.jar:/home/user/.m2/repository/org/glassfish/hk2/external/aopalliance-repackaged/2.5.0/aopalliance-repackaged-2.5.0.jar:/home/user/.m2/repository/com/fasterxml/jackson/dataformat/jackson-dataformat-xml/2.9.0/jackson-dataformat-xml-2.9.0.jar:/home/user/.m2/repository/com/fasterxml/jackson/core/jackson-core/2.9.9/jackson-core-2.9.9.jar:/home/user/.m2/repository/com/fasterxml/jackson/module/jackson-module-jaxb-annotations/2.9.9/jackson-module-jaxb-annotations-2.9.9.jar:/home/user/.m2/repository/javax/enterprise/cdi-api/1.2/cdi-api-1.2.jar:/home/user/.m2/repository/javax/el/javax.el-api/3.0.0/javax.el-api-3.0.0.jar:/home/user/.m2/repository/javax/interceptor/javax.interceptor-api/1.2/javax.interceptor-api-1.2.jar:/home/user/.m2/repository/javax/inject/javax.inject/1/javax.inject-1.jar:/home/user/.m2/repository/com/sun/xml/bind/jaxb-impl/2.3.0.1/jaxb-impl-2.3.0.1.jar:/home/user/.m2/repository/com/sun/xml/bind/jaxb-core/2.3.0.1/jaxb-core-2.3.0.1.jar:/home/user/.m2/repository/javax/xml/bind/jaxb-api/2.3.0/jaxb-api-2.3.0.jar:/home/user/.m2/repository/javax/activation/activation/1.1.1/activation-1.1.1.jar:/home/user/.m2/repository/org/apache/hadoop/hadoop-ozone-csi/0.5.0-SNAPSHOT/hadoop-ozone-csi-0.5.0-SNAPSHOT.jar:/home/user/.m2/repository/com/google/protobuf/protobuf-java-util/3.5.1/protobuf-java-util-3.5.1.jar:/home/user/.m2/repository/org/apache/hadoop/hadoop-hdds-config/0.5.0-SNAPSHOT/hadoop-hdds-config-0.5.0-SNAPSHOT.jar:/home/user/.m2/repository/io/grpc/grpc-netty/1.17.1/grpc-netty-1.17.1.jar:/home/user/.m2/repository/io/grpc/grpc-core/1.17.1/grpc-core-1.17.1.jar:/home/user/.m2/repository/io/grpc/grpc-context/1.17.1/grpc-context-1.17.1.jar:/home/user/.m2/repository/com/google/errorprone/error_prone_annotations/2.2.0/error_prone_annotations-2.2.0.jar:/home/user/.m2/repository/org/codehaus/mojo/animal-sniffer-annotations/1.17/animal-sniffer-annotations-1.17.jar:/home/user/.m2/repository/io/opencensus/opencensus-api/0.17.0/opencensus-api-0.17.0.jar:/home/user/.m2/repository/io/opencensus/opencensus-contrib-grpc-metrics/0.17.0/opencensus-contrib-grpc-metrics-0.17.0.jar:/home/user/.m2/repository/io/netty/netty-codec-http2/4.1.30.Final/netty-codec-http2-4.1.30.Final.jar:/home/user/.m2/repository/io/netty/netty-codec-http/4.1.30.Final/netty-codec-http-4.1.30.Final.jar:/home/user/.m2/repository/io/netty/netty-codec/4.1.30.Final/netty-codec-4.1.30.Final.jar:/home/user/.m2/repository/io/netty/netty-handler/4.1.30.Final/netty-handler-4.1.30.Final.jar:/home/user/.m2/repository/io/netty/netty-handler-proxy/4.1.30.Final/netty-handler-proxy-4.1.30.Final.jar:/home/user/.m2/repository/io/netty/netty-codec-socks/4.1.30.Final/netty-codec-socks-4.1.30.Final.jar:/home/user/.m2/repository/io/netty/netty-transport-native-epoll/4.1.30.Final/netty-transport-native-epoll-4.1.30.Final.jar:/home/user/.m2/repository/io/netty/netty-common/4.1.30.Final/netty-common-4.1.30.Final.jar:/home/user/.m2/repository/io/netty/netty-buffer/4.1.30.Final/netty-buffer-4.1.30.Final.jar:/home/user/.m2/repository/io/netty/netty-transport/4.1.30.Final/netty-transport-4.1.30.Final.jar:/home/user/.m2/repository/io/netty/netty-resolver/4.1.30.Final/netty-resolver-4.1.30.Final.jar:/home/user/.m2/repository/io/netty/netty-transport-native-unix-common/4.1.30.Final/netty-transport-native-unix-common-4.1.30.Final.jar:/home/user/.m2/repository/io/grpc/grpc-protobuf/1.17.1/grpc-protobuf-1.17.1.jar:/home/user/.m2/repository/com/google/api/grpc/proto-google-common-protos/1.0.0/proto-google-common-protos-1.0.0.jar:/home/user/.m2/repository/io/grpc/grpc-protobuf-lite/1.17.1/grpc-protobuf-lite-1.17.1.jar:/home/user/.m2/repository/io/grpc/grpc-stub/1.17.1/grpc-stub-1.17.1.jar:/home/user/.m2/repository/org/apache/hadoop/hadoop-ozone-recon/0.5.0-SNAPSHOT/hadoop-ozone-recon-0.5.0-SNAPSHOT.jar:/home/user/.m2/repository/org/apache/hadoop/hadoop-ozone-reconcodegen/0.5.0-SNAPSHOT/hadoop-ozone-reconcodegen-0.5.0-SNAPSHOT.jar:/home/user/.m2/repository/com/google/inject/extensions/guice-multibindings/4.0/guice-multibindings-4.0.jar:/home/user/.m2/repository/com/google/inject/guice/4.0/guice-4.0.jar:/home/user/.m2/repository/aopalliance/aopalliance/1.0/aopalliance-1.0.jar:/home/user/.m2/repository/com/google/inject/extensions/guice-servlet/4.0/guice-servlet-4.0.jar:/home/user/.m2/repository/org/glassfish/jersey/containers/jersey-container-servlet/2.27/jersey-container-servlet-2.27.jar:/home/user/.m2/repository/org/glassfish/hk2/guice-bridge/2.5.0/guice-bridge-2.5.0.jar:/home/user/.m2/repository/org/glassfish/jersey/core/jersey-server/2.27/jersey-server-2.27.jar:/home/user/.m2/repository/org/glassfish/jersey/core/jersey-client/2.27/jersey-client-2.27.jar:/home/user/.m2/repository/org/glassfish/jersey/media/jersey-media-jaxb/2.27/jersey-media-jaxb-2.27.jar:/home/user/.m2/repository/javax/validation/validation-api/1.1.0.Final/validation-api-1.1.0.Final.jar:/home/user/.m2/repository/org/glassfish/jersey/media/jersey-media-json-jackson/2.27/jersey-media-json-jackson-2.27.jar:/home/user/.m2/repository/org/glassfish/jersey/ext/jersey-entity-filtering/2.27/jersey-entity-filtering-2.27.jar:/home/user/.m2/repository/com/google/inject/extensions/guice-assistedinject/4.0/guice-assistedinject-4.0.jar:/home/user/.m2/repository/org/jooq/jooq/3.11.10/jooq-3.11.10.jar:/home/user/.m2/repository/org/jooq/jooq-meta/3.11.10/jooq-meta-3.11.10.jar:/home/user/.m2/repository/org/jooq/jooq-codegen/3.11.10/jooq-codegen-3.11.10.jar:/home/user/.m2/repository/com/jolbox/bonecp/0.8.0.RELEASE/bonecp-0.8.0.RELEASE.jar:/home/user/.m2/repository/org/xerial/sqlite-jdbc/3.25.2/sqlite-jdbc-3.25.2.jar:/home/user/.m2/repository/org/springframework/spring-jdbc/5.1.3.RELEASE/spring-jdbc-5.1.3.RELEASE.jar:/home/user/.m2/repository/org/springframework/spring-beans/5.1.3.RELEASE/spring-beans-5.1.3.RELEASE.jar:/home/user/.m2/repository/org/springframework/spring-core/5.1.3.RELEASE/spring-core-5.1.3.RELEASE.jar:/home/user/.m2/repository/org/springframework/spring-jcl/5.1.3.RELEASE/spring-jcl-5.1.3.RELEASE.jar:/home/user/.m2/repository/org/springframework/spring-tx/5.1.3.RELEASE/spring-tx-5.1.3.RELEASE.jar:/home/user/.m2/repository/org/apache/hadoop/hadoop-ozone-client/0.5.0-SNAPSHOT/hadoop-ozone-client-0.5.0-SNAPSHOT.jar:/home/user/.m2/repository/commons-lang/commons-lang/2.6/commons-lang-2.6.jar:/home/user/.m2/repository/org/apache/hadoop/hadoop-ozone-ozone-manager/0.5.0-SNAPSHOT/hadoop-ozone-ozone-manager-0.5.0-SNAPSHOT-tests.jar:/home/user/.m2/repository/junit/junit/4.11/junit-4.11.jar:/home/user/.m2/repository/org/hamcrest/hamcrest-core/1.3/hamcrest-core-1.3.jar:/home/user/.m2/repository/org/openjdk/jmh/jmh-core/1.19/jmh-core-1.19.jar:/home/user/.m2/repository/net/sf/jopt-simple/jopt-simple/4.6/jopt-simple-4.6.jar:/home/user/.m2/repository/org/apache/commons/commons-math3/3.1.1/commons-math3-3.1.1.jar:/home/user/.m2/repository/org/openjdk/jmh/jmh-generator-annprocess/1.19/jmh-generator-annprocess-1.19.jar:/home/user/.m2/repository/org/mockito/mockito-all/1.8.5/mockito-all-1.8.5.jar:/home/user/.m2/repository/org/apache/hadoop/hadoop-kms/3.2.0/hadoop-kms-3.2.0.jar:/home/user/.m2/repository/org/apache/hadoop/hadoop-auth/3.2.0/hadoop-auth-3.2.0.jar:/home/user/.m2/repository/com/nimbusds/nimbus-jose-jwt/4.41.1/nimbus-jose-jwt-4.41.1.jar:/home/user/.m2/repository/com/github/stephenc/jcip/jcip-annotations/1.0-1/jcip-annotations-1.0-1.jar:/home/user/.m2/repository/net/minidev/json-smart/2.3/json-smart-2.3.jar:/home/user/.m2/repository/net/minidev/accessors-smart/1.2/accessors-smart-1.2.jar:/home/user/.m2/repository/org/ow2/asm/asm/5.0.4/asm-5.0.4.jar:/home/user/.m2/repository/org/apache/curator/curator-framework/2.12.0/curator-framework-2.12.0.jar:/home/user/.m2/repository/com/sun/jersey/jersey-core/1.19/jersey-core-1.19.jar:/home/user/.m2/repository/javax/ws/rs/jsr311-api/1.1.1/jsr311-api-1.1.1.jar:/home/user/.m2/repository/com/sun/jersey/jersey-server/1.19/jersey-server-1.19.jar:/home/user/.m2/repository/javax/servlet/javax.servlet-api/3.1.0/javax.servlet-api-3.1.0.jar:/home/user/.m2/repository/org/eclipse/jetty/jetty-server/9.3.25.v20180904/jetty-server-9.3.25.v20180904.jar:/home/user/.m2/repository/org/eclipse/jetty/jetty-http/9.3.25.v20180904/jetty-http-9.3.25.v20180904.jar:/home/user/.m2/repository/org/eclipse/jetty/jetty-io/9.3.25.v20180904/jetty-io-9.3.25.v20180904.jar:/home/user/.m2/repository/org/eclipse/jetty/jetty-webapp/9.3.25.v20180904/jetty-webapp-9.3.25.v20180904.jar:/home/user/.m2/repository/org/eclipse/jetty/jetty-xml/9.3.25.v20180904/jetty-xml-9.3.25.v20180904.jar:/home/user/.m2/repository/log4j/log4j/1.2.17/log4j-1.2.17.jar:/home/user/.m2/repository/org/slf4j/slf4j-api/1.7.25/slf4j-api-1.7.25.jar:/home/user/.m2/repository/org/slf4j/jul-to-slf4j/1.7.25/jul-to-slf4j-1.7.25.jar:/home/user/.m2/repository/org/eclipse/jetty/jetty-util/9.3.25.v20180904/jetty-util-9.3.25.v20180904.jar:/home/user/.m2/repository/com/fasterxml/jackson/core/jackson-databind/2.9.9/jackson-databind-2.9.9.jar:/home/user/.m2/repository/org/apache/hadoop/hadoop-kms/3.2.0/hadoop-kms-3.2.0-tests.jar:/home/user/.m2/repository/org/apache/hadoop/hadoop-hdds-server-scm/0.5.0-SNAPSHOT/hadoop-hdds-server-scm-0.5.0-SNAPSHOT-tests.jar:/home/user/.m2/repository/org/apache/hadoop/hadoop-hdds-container-service/0.5.0-SNAPSHOT/hadoop-hdds-container-service-0.5.0-SNAPSHOT-tests.jar:/home/user/.m2/repository/org/yaml/snakeyaml/1.16/snakeyaml-1.16.jar:/home/user/.m2/repository/org/apache/hadoop/hadoop-common/3.2.0/hadoop-common-3.2.0-tests.jar:/home/user/.m2/repository/org/apache/hadoop/hadoop-annotations/3.2.0/hadoop-annotations-3.2.0.jar:/usr/lib/jvm/java-1.8-openjdk/jre/../lib/tools.jar:/home/user/.m2/repository/commons-cli/commons-cli/1.2/commons-cli-1.2.jar:/home/user/.m2/repository/org/apache/httpcomponents/httpclient/4.5.2/httpclient-4.5.2.jar:/home/user/.m2/repository/org/apache/httpcomponents/httpcore/4.4.4/httpcore-4.4.4.jar:/home/user/.m2/repository/commons-codec/commons-codec/1.11/commons-codec-1.11.jar:/home/user/.m2/repository/commons-net/commons-net/3.6/commons-net-3.6.jar:/home/user/.m2/repository/commons-collections/commons-collections/3.2.2/commons-collections-3.2.2.jar:/home/user/.m2/repository/org/eclipse/jetty/jetty-servlet/9.3.25.v20180904/jetty-servlet-9.3.25.v20180904.jar:/home/user/.m2/repository/org/eclipse/jetty/jetty-security/9.3.25.v20180904/jetty-security-9.3.25.v20180904.jar:/home/user/.m2/repository/javax/servlet/jsp/jsp-api/2.1/jsp-api-2.1.jar:/home/user/.m2/repository/com/sun/jersey/jersey-servlet/1.19/jersey-servlet-1.19.jar:/home/user/.m2/repository/com/sun/jersey/jersey-json/1.19/jersey-json-1.19.jar:/home/user/.m2/repository/org/codehaus/jettison/jettison/1.1/jettison-1.1.jar:/home/user/.m2/repository/org/codehaus/jackson/jackson-core-asl/1.9.13/jackson-core-asl-1.9.13.jar:/home/user/.m2/repository/org/codehaus/jackson/jackson-mapper-asl/1.9.13/jackson-mapper-asl-1.9.13.jar:/home/user/.m2/repository/org/codehaus/jackson/jackson-jaxrs/1.9.13/jackson-jaxrs-1.9.13.jar:/home/user/.m2/repository/org/codehaus/jackson/jackson-xc/1.9.13/jackson-xc-1.9.13.jar:/home/user/.m2/repository/commons-logging/commons-logging/1.1.3/commons-logging-1.1.3.jar:/home/user/.m2/repository/commons-beanutils/commons-beanutils/1.9.4/commons-beanutils-1.9.4.jar:/home/user/.m2/repository/org/apache/commons/commons-configuration2/2.1.1/commons-configuration2-2.1.1.jar:/home/user/.m2/repository/org/apache/commons/commons-lang3/3.7/commons-lang3-3.7.jar:/home/user/.m2/repository/org/apache/commons/commons-text/1.4/commons-text-1.4.jar:/home/user/.m2/repository/org/apache/avro/avro/1.7.7/avro-1.7.7.jar:/home/user/.m2/repository/com/thoughtworks/paranamer/paranamer/2.3/paranamer-2.3.jar:/home/user/.m2/repository/org/xerial/snappy/snappy-java/1.0.5/snappy-java-1.0.5.jar:/home/user/.m2/repository/com/google/re2j/re2j/1.1/re2j-1.1.jar:/home/user/.m2/repository/com/google/code/gson/gson/2.2.4/gson-2.2.4.jar:/home/user/.m2/repository/com/jcraft/jsch/0.1.54/jsch-0.1.54.jar:/home/user/.m2/repository/org/apache/curator/curator-client/2.12.0/curator-client-2.12.0.jar:/home/user/.m2/repository/org/apache/curator/curator-recipes/2.12.0/curator-recipes-2.12.0.jar:/home/user/.m2/repository/com/google/code/findbugs/jsr305/3.0.0/jsr305-3.0.0.jar:/home/user/.m2/repository/org/apache/htrace/htrace-core4/4.1.0-incubating/htrace-core4-4.1.0-incubating.jar:/home/user/.m2/repository/org/apache/zookeeper/zookeeper/3.4.13/zookeeper-3.4.13.jar:/home/user/.m2/repository/jline/jline/0.9.94/jline-0.9.94.jar:/home/user/.m2/repository/org/apache/yetus/audience-annotations/0.5.0/audience-annotations-0.5.0.jar:/home/user/.m2/repository/org/codehaus/woodstox/stax2-api/3.1.4/stax2-api-3.1.4.jar:/home/user/.m2/repository/com/fasterxml/woodstox/woodstox-core/5.0.3/woodstox-core-5.0.3.jar:/home/user/.m2/repository/dnsjava/dnsjava/2.1.7/dnsjava-2.1.7.jar:/home/user/.m2/repository/org/apache/hadoop/hadoop-hdfs/3.2.0/hadoop-hdfs-3.2.0-tests.jar:/home/user/.m2/repository/org/eclipse/jetty/jetty-util-ajax/9.3.25.v20180904/jetty-util-ajax-9.3.25.v20180904.jar:/home/user/.m2/repository/commons-daemon/commons-daemon/1.0.13/commons-daemon-1.0.13.jar:/home/user/.m2/repository/io/netty/netty/3.10.5.Final/netty-3.10.5.Final.jar:/home/user/.m2/repository/io/netty/netty-all/4.0.52.Final/netty-all-4.0.52.Final.jar:/home/user/.m2/repository/org/fusesource/leveldbjni/leveldbjni-all/1.8/leveldbjni-all-1.8.jar:"/>
    <property name="sun.cpu.endian" value="little"/>
    <property name="user.home" value="/home/user"/>
    <property name="user.language" value="en"/>
    <property name="java.specification.vendor" value="Oracle Corporation"/>
    <property name="java.home" value="/usr/lib/jvm/java-1.8-openjdk/jre"/>
    <property name="java.security.krb5.conf" value="/workdir/hadoop-ozone/integration-test/target/test-classes/krb5.conf"/>
    <property name="basedir" value="/workdir/hadoop-ozone/integration-test"/>
    <property name="file.separator" value="/"/>
    <property name="line.separator" value="&#10;"/>
    <property name="java.vm.specification.vendor" value="Oracle Corporation"/>
    <property name="java.specification.name" value="Java Platform API Specification"/>
    <property name="java.awt.graphicsenv" value="sun.awt.X11GraphicsEnvironment"/>
    <property name="surefire.real.class.path" value="/workdir/hadoop-ozone/integration-test/target/surefire/surefirebooter7890642753297960155.jar"/>
    <property name="hadoop.log.dir" value="/workdir/hadoop-ozone/integration-test/target/log"/>
    <property name="sun.boot.class.path" value="/usr/lib/jvm/java-1.8-openjdk/jre/lib/resources.jar:/usr/lib/jvm/java-1.8-openjdk/jre/lib/rt.jar:/usr/lib/jvm/java-1.8-openjdk/jre/lib/sunrsasign.jar:/usr/lib/jvm/java-1.8-openjdk/jre/lib/jsse.jar:/usr/lib/jvm/java-1.8-openjdk/jre/lib/jce.jar:/usr/lib/jvm/java-1.8-openjdk/jre/lib/charsets.jar:/usr/lib/jvm/java-1.8-openjdk/jre/lib/jfr.jar:/usr/lib/jvm/java-1.8-openjdk/jre/classes"/>
    <property name="sun.management.compiler" value="HotSpot 64-Bit Tiered Compilers"/>
    <property name="java.runtime.version" value="1.8.0_212-b04"/>
    <property name="java.net.preferIPv4Stack" value="true"/>
    <property name="user.name" value="jenkins1000"/>
    <property name="path.separator" value=":"/>
    <property name="java.security.egd" value="file:///dev/urandom"/>
    <property name="os.version" value="3.10.0-957.12.2.el7.x86_64"/>
    <property name="java.endorsed.dirs" value="/usr/lib/jvm/java-1.8-openjdk/jre/lib/endorsed"/>
    <property name="java.runtime.name" value="OpenJDK Runtime Environment"/>
    <property name="file.encoding" value="UTF-8"/>
    <property name="java.vm.name" value="OpenJDK 64-Bit Server VM"/>
    <property name="test.build.webapps" value=""/>
    <property name="localRepository" value="/home/user/.m2/repository"/>
    <property name="java.vendor.url.bug" value="https://icedtea.classpath.org/bugzilla"/>
    <property name="java.io.tmpdir" value="/tmp"/>
    <property name="require.test.libhadoop" value=""/>
    <property name="java.version" value="1.8.0_212"/>
    <property name="user.dir" value="/workdir/hadoop-ozone/integration-test"/>
    <property name="os.arch" value="amd64"/>
    <property name="java.vm.specification.name" value="Java Virtual Machine Specification"/>
    <property name="test.build.classes" value="/workdir/hadoop-ozone/integration-test/target/test-classes"/>
    <property name="java.awt.printerjob" value="sun.print.PSPrinterJob"/>
    <property name="sun.os.patch.level" value="unknown"/>
    <property name="hadoop.tmp.dir" value="/workdir/hadoop-ozone/integration-test/target/tmp"/>
    <property name="java.library.path" value="/usr/lib/jvm/java-1.8-openjdk/jre/lib/amd64/server:/usr/lib/jvm/java-1.8-openjdk/jre/lib/amd64:/usr/lib/jvm/java-1.8-openjdk/jre/../lib/amd64:/workdir/hadoop-ozone/integration-test/target/native/target/usr/local/lib:/workdir/hadoop-ozone/integration-test/../../hadoop-common-project/hadoop-common/target/native/target/usr/local/lib:/usr/java/packages/lib/amd64:/usr/lib64:/lib64:/lib:/usr/lib"/>
    <property name="java.vm.info" value="mixed mode"/>
    <property name="java.vendor" value="IcedTea"/>
    <property name="java.vm.version" value="25.212-b04"/>
    <property name="java.ext.dirs" value="/usr/lib/jvm/java-1.8-openjdk/jre/lib/ext:/usr/java/packages/lib/ext"/>
    <property name="sun.io.unicode.encoding" value="UnicodeLittle"/>
    <property name="java.class.version" value="52.0"/>
  </properties>
  <testcase name="test2DatanodesFailure" classname="org.apache.hadoop.ozone.client.rpc.TestBlockOutputStreamWithFailures" time="43.662"/>
  <testcase name="testDatanodeFailureWithPreAllocation" classname="org.apache.hadoop.ozone.client.rpc.TestBlockOutputStreamWithFailures" time="222.6"/>
  <testcase name="testDatanodeFailureWithSingleNodeRatis" classname="org.apache.hadoop.ozone.client.rpc.TestBlockOutputStreamWithFailures" time="223.708"/>
  <testcase name="testWatchForCommitWithSingleNodeRatis" classname="org.apache.hadoop.ozone.client.rpc.TestBlockOutputStreamWithFailures" time="35.876"/>
  <testcase name="testWatchForCommitDatanodeFailure" classname="org.apache.hadoop.ozone.client.rpc.TestBlockOutputStreamWithFailures" time="42.34">
    <failure message="expected:&lt;2&gt; but was:&lt;3&gt;" type="java.lang.AssertionError"><![CDATA[java.lang.AssertionError: expected:<2> but was:<3>
	at org.junit.Assert.fail(Assert.java:88)
	at org.junit.Assert.failNotEquals(Assert.java:743)
	at org.junit.Assert.assertEquals(Assert.java:118)
	at org.junit.Assert.assertEquals(Assert.java:555)
	at org.junit.Assert.assertEquals(Assert.java:542)
	at org.apache.hadoop.ozone.client.rpc.TestBlockOutputStreamWithFailures.testWatchForCommitDatanodeFailure(TestBlockOutputStreamWithFailures.java:366)
	at sun.reflect.NativeMethodAccessorImpl.invoke0(Native Method)
	at sun.reflect.NativeMethodAccessorImpl.invoke(NativeMethodAccessorImpl.java:62)
	at sun.reflect.DelegatingMethodAccessorImpl.invoke(DelegatingMethodAccessorImpl.java:43)
	at java.lang.reflect.Method.invoke(Method.java:498)
	at org.junit.runners.model.FrameworkMethod$1.runReflectiveCall(FrameworkMethod.java:47)
	at org.junit.internal.runners.model.ReflectiveCallable.run(ReflectiveCallable.java:12)
	at org.junit.runners.model.FrameworkMethod.invokeExplosively(FrameworkMethod.java:44)
	at org.junit.internal.runners.statements.InvokeMethod.evaluate(InvokeMethod.java:17)
	at org.junit.internal.runners.statements.RunBefores.evaluate(RunBefores.java:26)
	at org.junit.internal.runners.statements.RunAfters.evaluate(RunAfters.java:27)
	at org.junit.runners.ParentRunner.runLeaf(ParentRunner.java:271)
	at org.junit.runners.BlockJUnit4ClassRunner.runChild(BlockJUnit4ClassRunner.java:70)
	at org.junit.runners.BlockJUnit4ClassRunner.runChild(BlockJUnit4ClassRunner.java:50)
	at org.junit.runners.ParentRunner$3.run(ParentRunner.java:238)
	at org.junit.runners.ParentRunner$1.schedule(ParentRunner.java:63)
	at org.junit.runners.ParentRunner.runChildren(ParentRunner.java:236)
	at org.junit.runners.ParentRunner.access$000(ParentRunner.java:53)
	at org.junit.runners.ParentRunner$2.evaluate(ParentRunner.java:229)
	at org.junit.runners.ParentRunner.run(ParentRunner.java:309)
	at org.apache.maven.surefire.junit4.JUnit4Provider.execute(JUnit4Provider.java:365)
	at org.apache.maven.surefire.junit4.JUnit4Provider.executeWithRerun(JUnit4Provider.java:273)
	at org.apache.maven.surefire.junit4.JUnit4Provider.executeTestSet(JUnit4Provider.java:238)
	at org.apache.maven.surefire.junit4.JUnit4Provider.invoke(JUnit4Provider.java:159)
	at org.apache.maven.surefire.booter.ForkedBooter.invokeProviderInSameClassLoader(ForkedBooter.java:384)
	at org.apache.maven.surefire.booter.ForkedBooter.runSuitesInProcess(ForkedBooter.java:345)
	at org.apache.maven.surefire.booter.ForkedBooter.execute(ForkedBooter.java:126)
	at org.apache.maven.surefire.booter.ForkedBooter.main(ForkedBooter.java:418)
]]></failure>
    <system-out><![CDATA[2019-10-10 21:16:28,481 [main] WARN  server.ServerUtils (ServerUtils.java:getScmDbDir(145)) - ozone.scm.db.dirs is not configured. We recommend adding this setting. Falling back to ozone.metadata.dirs instead.
2019-10-10 21:16:28,497 [main] WARN  server.ServerUtils (ServerUtils.java:getScmDbDir(145)) - ozone.scm.db.dirs is not configured. We recommend adding this setting. Falling back to ozone.metadata.dirs instead.
2019-10-10 21:16:28,497 [main] WARN  server.ServerUtils (ServerUtils.java:getScmDbDir(145)) - ozone.scm.db.dirs is not configured. We recommend adding this setting. Falling back to ozone.metadata.dirs instead.
2019-10-10 21:16:28,497 [main] INFO  db.DBStoreBuilder (DBStoreBuilder.java:addTable(117)) - using custom profile for table: deletedBlocks
2019-10-10 21:16:28,498 [main] INFO  db.DBStoreBuilder (DBStoreBuilder.java:processTables(168)) - Using default column profile:DBProfile.DISK for Table:deletedBlocks
2019-10-10 21:16:28,498 [main] INFO  db.DBStoreBuilder (DBStoreBuilder.java:addTable(117)) - using custom profile for table: validCerts
2019-10-10 21:16:28,498 [main] INFO  db.DBStoreBuilder (DBStoreBuilder.java:processTables(168)) - Using default column profile:DBProfile.DISK for Table:validCerts
2019-10-10 21:16:28,498 [main] INFO  db.DBStoreBuilder (DBStoreBuilder.java:addTable(117)) - using custom profile for table: revokedCerts
2019-10-10 21:16:28,498 [main] INFO  db.DBStoreBuilder (DBStoreBuilder.java:processTables(168)) - Using default column profile:DBProfile.DISK for Table:revokedCerts
2019-10-10 21:16:28,498 [main] INFO  db.DBStoreBuilder (DBStoreBuilder.java:addTable(117)) - using custom profile for table: default
2019-10-10 21:16:28,499 [main] INFO  db.DBStoreBuilder (DBStoreBuilder.java:processTables(174)) - Using default column profile:DBProfile.DISK for Table:default
2019-10-10 21:16:28,499 [main] INFO  db.DBStoreBuilder (DBStoreBuilder.java:getDbProfile(205)) - Using default options. DBProfile.DISK
2019-10-10 21:16:28,677 [main] INFO  net.NodeSchemaLoader (NodeSchemaLoader.java:loadSchemaFromFile(125)) - Loading file from sun.misc.CompoundEnumeration@cdb3c85
2019-10-10 21:16:28,677 [main] INFO  net.NodeSchemaLoader (NodeSchemaLoader.java:loadSchema(171)) - Loading network topology layer schema file
2019-10-10 21:16:28,682 [main] INFO  node.SCMNodeManager (SCMNodeManager.java:<init>(116)) - Entering startup safe mode.
2019-10-10 21:16:28,683 [main] INFO  algorithms.ContainerPlacementPolicyFactory (ContainerPlacementPolicyFactory.java:getPolicy(57)) - Create container placement policy of type org.apache.hadoop.hdds.scm.container.placement.algorithms.SCMContainerPlacementRandom
2019-10-10 21:16:28,683 [main] WARN  server.ServerUtils (ServerUtils.java:getScmDbDir(145)) - ozone.scm.db.dirs is not configured. We recommend adding this setting. Falling back to ozone.metadata.dirs instead.
2019-10-10 21:16:28,741 [main] INFO  pipeline.SCMPipelineManager (SCMPipelineManager.java:initializePipelineState(132)) - No pipeline exists in current db
2019-10-10 21:16:28,741 [main] WARN  server.ServerUtils (ServerUtils.java:getScmDbDir(145)) - ozone.scm.db.dirs is not configured. We recommend adding this setting. Falling back to ozone.metadata.dirs instead.
2019-10-10 21:16:28,769 [main] WARN  events.EventQueue (EventQueue.java:fireEvent(183)) - No event handler registered for event TypedEvent{payloadType=SafeModeStatus, name='SafeModeStatus'}
2019-10-10 21:16:28,769 [main] INFO  ipc.CallQueueManager (CallQueueManager.java:<init>(84)) - Using callQueue: class java.util.concurrent.LinkedBlockingQueue, queueCapacity: 2000, scheduler: class org.apache.hadoop.ipc.DefaultRpcScheduler, ipcBackoff: false.
2019-10-10 21:16:28,770 [Socket Reader #1 for port 33321] INFO  ipc.Server (Server.java:run(1074)) - Starting Socket Reader #1 for port 33321
2019-10-10 21:16:28,773 [main] INFO  ipc.CallQueueManager (CallQueueManager.java:<init>(84)) - Using callQueue: class java.util.concurrent.LinkedBlockingQueue, queueCapacity: 2000, scheduler: class org.apache.hadoop.ipc.DefaultRpcScheduler, ipcBackoff: false.
2019-10-10 21:16:28,773 [Socket Reader #1 for port 46447] INFO  ipc.Server (Server.java:run(1074)) - Starting Socket Reader #1 for port 46447
2019-10-10 21:16:28,775 [main] INFO  ipc.CallQueueManager (CallQueueManager.java:<init>(84)) - Using callQueue: class java.util.concurrent.LinkedBlockingQueue, queueCapacity: 2000, scheduler: class org.apache.hadoop.ipc.DefaultRpcScheduler, ipcBackoff: false.
2019-10-10 21:16:28,776 [Socket Reader #1 for port 41549] INFO  ipc.Server (Server.java:run(1074)) - Starting Socket Reader #1 for port 41549
2019-10-10 21:16:28,779 [main] INFO  hdfs.DFSUtil (DFSUtil.java:httpServerTemplateForNNAndJN(1641)) - Starting Web-server for scm at: http://0.0.0.0:0
2019-10-10 21:16:28,780 [main] INFO  server.AuthenticationFilter (AuthenticationFilter.java:constructSecretProvider(240)) - Unable to initialize FileSignerSecretProvider, falling back to use random secrets.
2019-10-10 21:16:28,781 [main] WARN  http.HttpRequestLog (HttpRequestLog.java:getRequestLog(97)) - Jetty request log can only be enabled using Log4j
2019-10-10 21:16:28,782 [main] INFO  http.HttpServer2 (HttpServer2.java:addGlobalFilter(975)) - Added global filter 'safety' (class=org.apache.hadoop.http.HttpServer2$QuotingInputFilter)
2019-10-10 21:16:28,783 [main] INFO  http.HttpServer2 (HttpServer2.java:addFilter(948)) - Added filter static_user_filter (class=org.apache.hadoop.http.lib.StaticUserWebFilter$StaticUserFilter) to context scm
2019-10-10 21:16:28,783 [main] INFO  http.HttpServer2 (HttpServer2.java:addFilter(958)) - Added filter static_user_filter (class=org.apache.hadoop.http.lib.StaticUserWebFilter$StaticUserFilter) to context logs
2019-10-10 21:16:28,783 [main] INFO  http.HttpServer2 (HttpServer2.java:addFilter(958)) - Added filter static_user_filter (class=org.apache.hadoop.http.lib.StaticUserWebFilter$StaticUserFilter) to context static
2019-10-10 21:16:28,785 [main] INFO  server.StorageContainerManager (StorageContainerManager.java:start(772)) - StorageContainerLocationProtocol RPC server is listening at /0.0.0.0:41549
2019-10-10 21:16:28,787 [main] WARN  impl.MetricsConfig (MetricsConfig.java:loadFirst(134)) - Cannot locate configuration: tried hadoop-metrics2-storagecontainermanager.properties,hadoop-metrics2.properties
2019-10-10 21:16:28,787 [main] INFO  impl.MetricsSystemImpl (MetricsSystemImpl.java:startTimer(374)) - Scheduled Metric snapshot period at 10 second(s).
2019-10-10 21:16:28,788 [main] INFO  impl.MetricsSystemImpl (MetricsSystemImpl.java:start(191)) - StorageContainerManager metrics system started
2019-10-10 21:16:28,892 [main] WARN  impl.MetricsSystemImpl (MetricsSystemImpl.java:register(276)) - Sink prometheus already exists!
2019-10-10 21:16:28,952 [main] INFO  server.SCMClientProtocolServer (SCMClientProtocolServer.java:start(159)) - RPC server for Client  is listening at /0.0.0.0:41549
2019-10-10 21:16:28,952 [IPC Server Responder] INFO  ipc.Server (Server.java:run(1314)) - IPC Server Responder: starting
2019-10-10 21:16:28,952 [IPC Server listener on 41549] INFO  ipc.Server (Server.java:run(1153)) - IPC Server listener on 41549: starting
2019-10-10 21:16:28,957 [main] INFO  server.StorageContainerManager (StorageContainerManager.java:start(782)) - ScmBlockLocationProtocol RPC server is listening at /0.0.0.0:46447
2019-10-10 21:16:28,958 [main] INFO  server.SCMBlockProtocolServer (SCMBlockProtocolServer.java:start(146)) - RPC server for Block Protocol is listening at /0.0.0.0:46447
2019-10-10 21:16:28,958 [IPC Server Responder] INFO  ipc.Server (Server.java:run(1314)) - IPC Server Responder: starting
2019-10-10 21:16:28,958 [IPC Server listener on 46447] INFO  ipc.Server (Server.java:run(1153)) - IPC Server listener on 46447: starting
2019-10-10 21:16:28,963 [main] INFO  server.StorageContainerManager (StorageContainerManager.java:start(786)) - ScmDatanodeProtocl RPC server is listening at /0.0.0.0:33321
2019-10-10 21:16:28,963 [main] INFO  server.SCMDatanodeProtocolServer (SCMDatanodeProtocolServer.java:start(169)) - RPC server for DataNodes is listening at /0.0.0.0:33321
2019-10-10 21:16:28,964 [IPC Server Responder] INFO  ipc.Server (Server.java:run(1314)) - IPC Server Responder: starting
2019-10-10 21:16:28,965 [IPC Server listener on 33321] INFO  ipc.Server (Server.java:run(1153)) - IPC Server listener on 33321: starting
2019-10-10 21:16:28,969 [main] INFO  http.HttpServer2 (HttpServer2.java:bindListener(1191)) - Jetty bound to port 43803
2019-10-10 21:16:28,969 [main] INFO  server.Server (Server.java:doStart(351)) - jetty-9.3.25.v20180904, build timestamp: 2018-09-04T21:11:46Z, git hash: 3ce520221d0240229c862b122d2b06c12a625732
2019-10-10 21:16:28,971 [main] INFO  handler.ContextHandler (ContextHandler.java:doStart(781)) - Started o.e.j.s.ServletContextHandler@3fb450d7{/logs,file:///workdir/hadoop-ozone/integration-test/target/log,AVAILABLE}
2019-10-10 21:16:28,971 [main] INFO  handler.ContextHandler (ContextHandler.java:doStart(781)) - Started o.e.j.s.ServletContextHandler@636985df{/static,file:///workdir/hadoop-ozone/integration-test/target/test-classes/webapps/static,AVAILABLE}
2019-10-10 21:16:28,974 [main] INFO  handler.ContextHandler (ContextHandler.java:doStart(781)) - Started o.e.j.w.WebAppContext@2407a36c{/,file:///workdir/hadoop-ozone/integration-test/target/test-classes/webapps/scm/,AVAILABLE}{/scm}
2019-10-10 21:16:28,975 [main] INFO  server.AbstractConnector (AbstractConnector.java:doStart(278)) - Started ServerConnector@5ec9eefa{HTTP/1.1,[http/1.1]}{0.0.0.0:43803}
2019-10-10 21:16:28,975 [main] INFO  server.Server (Server.java:doStart(419)) - Started @526981ms
2019-10-10 21:16:28,976 [main] WARN  impl.MetricsSystemImpl (MetricsSystemImpl.java:register(276)) - Sink prometheus already exists!
2019-10-10 21:16:28,977 [main] INFO  server.BaseHttpServer (BaseHttpServer.java:updateConnectorAddress(215)) - HTTP server of SCM is listening at http://0.0.0.0:43803
2019-10-10 21:16:28,978 [main] WARN  server.ServerUtils (ServerUtils.java:getDBPath(222)) - ozone.om.db.dirs is not configured. We recommend adding this setting. Falling back to ozone.metadata.dirs instead.
2019-10-10 21:16:28,979 [org.apache.hadoop.util.JvmPauseMonitor$Monitor@3b4ef59f] INFO  util.JvmPauseMonitor (JvmPauseMonitor.java:run(188)) - Starting JVM pause monitor
2019-10-10 21:16:28,992 [main] INFO  ha.OMHANodeDetails (OMHANodeDetails.java:loadOMHAConfig(190)) - Configuration either no ozone.om.address set. Falling back to the default OM address /127.0.0.1:0
2019-10-10 21:16:28,992 [main] INFO  ha.OMHANodeDetails (OMHANodeDetails.java:getOMNodeDetails(220)) - OM Service ID is not set. Setting it to the default ID: omServiceIdDefault
2019-10-10 21:16:28,993 [main] WARN  server.ServerUtils (ServerUtils.java:getDBPath(222)) - ozone.om.db.dirs is not configured. We recommend adding this setting. Falling back to ozone.metadata.dirs instead.
2019-10-10 21:16:28,993 [main] WARN  server.ServerUtils (ServerUtils.java:getDBPath(222)) - ozone.om.db.dirs is not configured. We recommend adding this setting. Falling back to ozone.metadata.dirs instead.
2019-10-10 21:16:29,002 [main] WARN  server.ServerUtils (ServerUtils.java:getDBPath(222)) - ozone.om.db.dirs is not configured. We recommend adding this setting. Falling back to ozone.metadata.dirs instead.
2019-10-10 21:16:29,002 [main] INFO  db.DBStoreBuilder (DBStoreBuilder.java:addTable(117)) - using custom profile for table: userTable
2019-10-10 21:16:29,002 [main] INFO  db.DBStoreBuilder (DBStoreBuilder.java:processTables(168)) - Using default column profile:DBProfile.DISK for Table:userTable
2019-10-10 21:16:29,003 [main] INFO  db.DBStoreBuilder (DBStoreBuilder.java:addTable(117)) - using custom profile for table: volumeTable
2019-10-10 21:16:29,003 [main] INFO  db.DBStoreBuilder (DBStoreBuilder.java:processTables(168)) - Using default column profile:DBProfile.DISK for Table:volumeTable
2019-10-10 21:16:29,003 [main] INFO  db.DBStoreBuilder (DBStoreBuilder.java:addTable(117)) - using custom profile for table: bucketTable
2019-10-10 21:16:29,003 [main] INFO  db.DBStoreBuilder (DBStoreBuilder.java:processTables(168)) - Using default column profile:DBProfile.DISK for Table:bucketTable
2019-10-10 21:16:29,004 [main] INFO  db.DBStoreBuilder (DBStoreBuilder.java:addTable(117)) - using custom profile for table: keyTable
2019-10-10 21:16:29,004 [main] INFO  db.DBStoreBuilder (DBStoreBuilder.java:processTables(168)) - Using default column profile:DBProfile.DISK for Table:keyTable
2019-10-10 21:16:29,004 [main] INFO  db.DBStoreBuilder (DBStoreBuilder.java:addTable(117)) - using custom profile for table: deletedTable
2019-10-10 21:16:29,004 [main] INFO  db.DBStoreBuilder (DBStoreBuilder.java:processTables(168)) - Using default column profile:DBProfile.DISK for Table:deletedTable
2019-10-10 21:16:29,005 [main] INFO  db.DBStoreBuilder (DBStoreBuilder.java:addTable(117)) - using custom profile for table: openKeyTable
2019-10-10 21:16:29,005 [main] INFO  db.DBStoreBuilder (DBStoreBuilder.java:processTables(168)) - Using default column profile:DBProfile.DISK for Table:openKeyTable
2019-10-10 21:16:29,005 [main] INFO  db.DBStoreBuilder (DBStoreBuilder.java:addTable(117)) - using custom profile for table: s3Table
2019-10-10 21:16:29,005 [main] INFO  db.DBStoreBuilder (DBStoreBuilder.java:processTables(168)) - Using default column profile:DBProfile.DISK for Table:s3Table
2019-10-10 21:16:29,006 [main] INFO  db.DBStoreBuilder (DBStoreBuilder.java:addTable(117)) - using custom profile for table: multipartInfoTable
2019-10-10 21:16:29,006 [main] INFO  db.DBStoreBuilder (DBStoreBuilder.java:processTables(168)) - Using default column profile:DBProfile.DISK for Table:multipartInfoTable
2019-10-10 21:16:29,006 [main] INFO  db.DBStoreBuilder (DBStoreBuilder.java:addTable(117)) - using custom profile for table: dTokenTable
2019-10-10 21:16:29,006 [main] INFO  db.DBStoreBuilder (DBStoreBuilder.java:processTables(168)) - Using default column profile:DBProfile.DISK for Table:dTokenTable
2019-10-10 21:16:29,007 [main] INFO  db.DBStoreBuilder (DBStoreBuilder.java:addTable(117)) - using custom profile for table: s3SecretTable
2019-10-10 21:16:29,007 [main] INFO  db.DBStoreBuilder (DBStoreBuilder.java:processTables(168)) - Using default column profile:DBProfile.DISK for Table:s3SecretTable
2019-10-10 21:16:29,007 [main] INFO  db.DBStoreBuilder (DBStoreBuilder.java:addTable(117)) - using custom profile for table: prefixTable
2019-10-10 21:16:29,007 [main] INFO  db.DBStoreBuilder (DBStoreBuilder.java:processTables(168)) - Using default column profile:DBProfile.DISK for Table:prefixTable
2019-10-10 21:16:29,008 [main] INFO  db.DBStoreBuilder (DBStoreBuilder.java:addTable(117)) - using custom profile for table: default
2019-10-10 21:16:29,008 [main] INFO  db.DBStoreBuilder (DBStoreBuilder.java:processTables(174)) - Using default column profile:DBProfile.DISK for Table:default
2019-10-10 21:16:29,008 [main] INFO  db.DBStoreBuilder (DBStoreBuilder.java:getDbProfile(205)) - Using default options. DBProfile.DISK
2019-10-10 21:16:29,483 [main] INFO  ipc.CallQueueManager (CallQueueManager.java:<init>(84)) - Using callQueue: class java.util.concurrent.LinkedBlockingQueue, queueCapacity: 2000, scheduler: class org.apache.hadoop.ipc.DefaultRpcScheduler, ipcBackoff: false.
2019-10-10 21:16:29,484 [Socket Reader #1 for port 35583] INFO  ipc.Server (Server.java:run(1074)) - Starting Socket Reader #1 for port 35583
2019-10-10 21:16:29,502 [main] INFO  om.OzoneManager (OzoneManager.java:start(1071)) - OzoneManager RPC server is listening at localhost/127.0.0.1:35583
2019-10-10 21:16:29,502 [main] INFO  impl.MetricsSystemImpl (MetricsSystemImpl.java:init(158)) - OzoneManager metrics system started (again)
2019-10-10 21:16:29,503 [IPC Server Responder] INFO  ipc.Server (Server.java:run(1314)) - IPC Server Responder: starting
2019-10-10 21:16:29,503 [IPC Server listener on 35583] INFO  ipc.Server (Server.java:run(1153)) - IPC Server listener on 35583: starting
2019-10-10 21:16:29,512 [main] INFO  hdfs.DFSUtil (DFSUtil.java:httpServerTemplateForNNAndJN(1641)) - Starting Web-server for ozoneManager at: http://0.0.0.0:0
2019-10-10 21:16:29,513 [main] INFO  server.AuthenticationFilter (AuthenticationFilter.java:constructSecretProvider(240)) - Unable to initialize FileSignerSecretProvider, falling back to use random secrets.
2019-10-10 21:16:29,514 [main] WARN  http.HttpRequestLog (HttpRequestLog.java:getRequestLog(97)) - Jetty request log can only be enabled using Log4j
2019-10-10 21:16:29,516 [main] INFO  http.HttpServer2 (HttpServer2.java:addGlobalFilter(975)) - Added global filter 'safety' (class=org.apache.hadoop.http.HttpServer2$QuotingInputFilter)
2019-10-10 21:16:29,516 [main] INFO  http.HttpServer2 (HttpServer2.java:addFilter(948)) - Added filter static_user_filter (class=org.apache.hadoop.http.lib.StaticUserWebFilter$StaticUserFilter) to context ozoneManager
2019-10-10 21:16:29,516 [main] INFO  http.HttpServer2 (HttpServer2.java:addFilter(958)) - Added filter static_user_filter (class=org.apache.hadoop.http.lib.StaticUserWebFilter$StaticUserFilter) to context static
2019-10-10 21:16:29,517 [main] INFO  http.HttpServer2 (HttpServer2.java:addFilter(958)) - Added filter static_user_filter (class=org.apache.hadoop.http.lib.StaticUserWebFilter$StaticUserFilter) to context logs
2019-10-10 21:16:29,518 [main] INFO  http.HttpServer2 (HttpServer2.java:bindListener(1191)) - Jetty bound to port 44173
2019-10-10 21:16:29,518 [main] INFO  server.Server (Server.java:doStart(351)) - jetty-9.3.25.v20180904, build timestamp: 2018-09-04T21:11:46Z, git hash: 3ce520221d0240229c862b122d2b06c12a625732
2019-10-10 21:16:29,520 [main] INFO  handler.ContextHandler (ContextHandler.java:doStart(781)) - Started o.e.j.s.ServletContextHandler@6486fe7b{/logs,file:///workdir/hadoop-ozone/integration-test/target/log,AVAILABLE}
2019-10-10 21:16:29,520 [main] INFO  handler.ContextHandler (ContextHandler.java:doStart(781)) - Started o.e.j.s.ServletContextHandler@4645679e{/static,file:///workdir/hadoop-ozone/integration-test/target/test-classes/webapps/static,AVAILABLE}
2019-10-10 21:16:29,524 [main] INFO  handler.ContextHandler (ContextHandler.java:doStart(781)) - Started o.e.j.w.WebAppContext@29bbc63c{/,file:///workdir/hadoop-ozone/integration-test/target/test-classes/webapps/ozoneManager/,AVAILABLE}{/ozoneManager}
2019-10-10 21:16:29,525 [main] INFO  server.AbstractConnector (AbstractConnector.java:doStart(278)) - Started ServerConnector@272778ae{HTTP/1.1,[http/1.1]}{0.0.0.0:44173}
2019-10-10 21:16:29,527 [main] INFO  server.Server (Server.java:doStart(419)) - Started @527534ms
2019-10-10 21:16:29,527 [main] WARN  impl.MetricsSystemImpl (MetricsSystemImpl.java:register(276)) - Sink prometheus already exists!
2019-10-10 21:16:29,528 [main] INFO  server.BaseHttpServer (BaseHttpServer.java:updateConnectorAddress(215)) - HTTP server of OZONEMANAGER is listening at http://0.0.0.0:44173
2019-10-10 21:16:29,545 [main] INFO  impl.MetricsSystemImpl (MetricsSystemImpl.java:init(158)) - HddsDatanode metrics system started (again)
2019-10-10 21:16:29,549 [main] INFO  ozone.HddsDatanodeService (HddsDatanodeService.java:start(184)) - HddsDatanodeService host:pr-hdds-1986-lk2hz-517324276 ip:192.168.157.203
2019-10-10 21:16:29,556 [main] INFO  volume.HddsVolume (HddsVolume.java:<init>(176)) - Creating Volume: /workdir/hadoop-ozone/integration-test/target/test-dir/MiniOzoneClusterImpl-008c13f9-99c9-46b6-a713-c4581bd201ba/datanode-0/data/containers/hdds of  storage type : DISK and capacity : 1482555576320
2019-10-10 21:16:29,556 [main] INFO  volume.VolumeSet (VolumeSet.java:initializeVolumeSet(170)) - Added Volume : /workdir/hadoop-ozone/integration-test/target/test-dir/MiniOzoneClusterImpl-008c13f9-99c9-46b6-a713-c4581bd201ba/datanode-0/data/containers/hdds to VolumeSet
2019-10-10 21:16:29,556 [main] INFO  volume.ThrottledAsyncChecker (ThrottledAsyncChecker.java:schedule(141)) - Scheduling a check for org.apache.hadoop.ozone.container.common.volume.HddsVolume@2f0ccb34
2019-10-10 21:16:29,557 [main] INFO  volume.HddsVolumeChecker (HddsVolumeChecker.java:checkAllVolumes(204)) - Scheduled health check for volume org.apache.hadoop.ozone.container.common.volume.HddsVolume@2f0ccb34
2019-10-10 21:16:29,572 [main] INFO  impl.RaftServerProxy (ConfUtils.java:logGet(43)) - raft.rpc.type = GRPC (default)
2019-10-10 21:16:29,573 [main] INFO  grpc.GrpcFactory (GrpcFactory.java:checkPooledByteBufAllocatorUseCacheForAllThreads(45)) - PERFORMANCE WARNING: useCacheForAllThreads is true that may cause Netty to create a lot garbage objects and, as a result, trigger GC.
	It is recommended to disable useCacheForAllThreads by setting -Dorg.apache.ratis.thirdparty.io.netty.allocator.useCacheForAllThreads=false in command line.
2019-10-10 21:16:29,573 [main] INFO  grpc.GrpcConfigKeys$Server (ConfUtils.java:logGet(43)) - raft.grpc.server.port = 0 (default)
2019-10-10 21:16:29,573 [main] INFO  server.GrpcService (ConfUtils.java:logGet(43)) - raft.grpc.message.size.max = 33570816 (custom)
2019-10-10 21:16:29,573 [main] INFO  server.RaftServerConfigKeys (ConfUtils.java:logGet(43)) - raft.server.log.appender.buffer.byte-limit = 33554432 (custom)
2019-10-10 21:16:29,573 [main] INFO  server.GrpcService (ConfUtils.java:logGet(43)) - raft.grpc.flow.control.window = 1MB (=1048576) (default)
2019-10-10 21:16:29,574 [main] INFO  server.RaftServerConfigKeys (ConfUtils.java:logGet(43)) - raft.server.rpc.request.timeout = 3000ms (default)
2019-10-10 21:16:29,574 [main] INFO  server.RaftServerConfigKeys (ConfUtils.java:logGet(43)) - raft.server.storage.dir = [/workdir/hadoop-ozone/integration-test/target/test-dir/MiniOzoneClusterImpl-008c13f9-99c9-46b6-a713-c4581bd201ba/datanode-0/data/ratis] (custom)
2019-10-10 21:16:29,577 [main] INFO  hdfs.DFSUtil (DFSUtil.java:httpServerTemplateForNNAndJN(1641)) - Starting Web-server for hddsDatanode at: http://0.0.0.0:0
2019-10-10 21:16:29,578 [main] INFO  server.AuthenticationFilter (AuthenticationFilter.java:constructSecretProvider(240)) - Unable to initialize FileSignerSecretProvider, falling back to use random secrets.
2019-10-10 21:16:29,579 [main] WARN  http.HttpRequestLog (HttpRequestLog.java:getRequestLog(97)) - Jetty request log can only be enabled using Log4j
2019-10-10 21:16:29,580 [main] INFO  http.HttpServer2 (HttpServer2.java:addGlobalFilter(975)) - Added global filter 'safety' (class=org.apache.hadoop.http.HttpServer2$QuotingInputFilter)
2019-10-10 21:16:29,581 [main] INFO  http.HttpServer2 (HttpServer2.java:addFilter(948)) - Added filter static_user_filter (class=org.apache.hadoop.http.lib.StaticUserWebFilter$StaticUserFilter) to context hddsDatanode
2019-10-10 21:16:29,581 [main] INFO  http.HttpServer2 (HttpServer2.java:addFilter(958)) - Added filter static_user_filter (class=org.apache.hadoop.http.lib.StaticUserWebFilter$StaticUserFilter) to context logs
2019-10-10 21:16:29,581 [main] INFO  http.HttpServer2 (HttpServer2.java:addFilter(958)) - Added filter static_user_filter (class=org.apache.hadoop.http.lib.StaticUserWebFilter$StaticUserFilter) to context static
2019-10-10 21:16:29,581 [main] INFO  http.HttpServer2 (HttpServer2.java:bindListener(1191)) - Jetty bound to port 35814
2019-10-10 21:16:29,582 [main] INFO  server.Server (Server.java:doStart(351)) - jetty-9.3.25.v20180904, build timestamp: 2018-09-04T21:11:46Z, git hash: 3ce520221d0240229c862b122d2b06c12a625732
2019-10-10 21:16:29,583 [main] INFO  handler.ContextHandler (ContextHandler.java:doStart(781)) - Started o.e.j.s.ServletContextHandler@58a3d521{/logs,file:///workdir/hadoop-ozone/integration-test/target/log,AVAILABLE}
2019-10-10 21:16:29,583 [main] INFO  handler.ContextHandler (ContextHandler.java:doStart(781)) - Started o.e.j.s.ServletContextHandler@7f4a1cac{/static,jar:file:/home/user/.m2/repository/org/apache/hadoop/hadoop-hdds-container-service/0.5.0-SNAPSHOT/hadoop-hdds-container-service-0.5.0-SNAPSHOT.jar!/webapps/static,AVAILABLE}
2019-10-10 21:16:29,613 [main] INFO  handler.ContextHandler (ContextHandler.java:doStart(781)) - Started o.e.j.w.WebAppContext@33324c05{/,file:///tmp/jetty-0.0.0.0-35814-hddsDatanode-_-any-3793231566600155306.dir/webapp/,AVAILABLE}{/hddsDatanode}
2019-10-10 21:16:29,614 [main] INFO  server.AbstractConnector (AbstractConnector.java:doStart(278)) - Started ServerConnector@37d3e140{HTTP/1.1,[http/1.1]}{0.0.0.0:35814}
2019-10-10 21:16:29,614 [main] INFO  server.Server (Server.java:doStart(419)) - Started @527620ms
2019-10-10 21:16:29,615 [main] WARN  impl.MetricsSystemImpl (MetricsSystemImpl.java:register(276)) - Sink prometheus already exists!
2019-10-10 21:16:29,616 [main] INFO  server.BaseHttpServer (BaseHttpServer.java:updateConnectorAddress(215)) - HTTP server of HDDSDATANODE is listening at http://0.0.0.0:35814
2019-10-10 21:16:29,616 [main] INFO  impl.MetricsSystemImpl (MetricsSystemImpl.java:init(158)) - HddsDatanode metrics system started (again)
2019-10-10 21:16:29,620 [org.apache.hadoop.util.JvmPauseMonitor$Monitor@1e948ef3] INFO  util.JvmPauseMonitor (JvmPauseMonitor.java:run(188)) - Starting JVM pause monitor
2019-10-10 21:16:29,620 [main] INFO  ozone.HddsDatanodeService (HddsDatanodeService.java:start(184)) - HddsDatanodeService host:pr-hdds-1986-lk2hz-517324276 ip:192.168.157.203
2019-10-10 21:16:29,622 [Datanode State Machine Thread - 0] INFO  datanode.InitDatanodeState (InitDatanodeState.java:persistContainerDatanodeDetails(140)) - DatanodeDetails is persisted to /workdir/hadoop-ozone/integration-test/target/test-dir/MiniOzoneClusterImpl-008c13f9-99c9-46b6-a713-c4581bd201ba/datanode-0/meta/datanode.id
2019-10-10 21:16:29,626 [main] INFO  volume.HddsVolume (HddsVolume.java:<init>(176)) - Creating Volume: /workdir/hadoop-ozone/integration-test/target/test-dir/MiniOzoneClusterImpl-008c13f9-99c9-46b6-a713-c4581bd201ba/datanode-1/data/containers/hdds of  storage type : DISK and capacity : 1482555576320
2019-10-10 21:16:29,626 [main] INFO  volume.VolumeSet (VolumeSet.java:initializeVolumeSet(170)) - Added Volume : /workdir/hadoop-ozone/integration-test/target/test-dir/MiniOzoneClusterImpl-008c13f9-99c9-46b6-a713-c4581bd201ba/datanode-1/data/containers/hdds to VolumeSet
2019-10-10 21:16:29,626 [main] INFO  volume.ThrottledAsyncChecker (ThrottledAsyncChecker.java:schedule(141)) - Scheduling a check for org.apache.hadoop.ozone.container.common.volume.HddsVolume@1ee40b5c
2019-10-10 21:16:29,627 [main] INFO  volume.HddsVolumeChecker (HddsVolumeChecker.java:checkAllVolumes(204)) - Scheduled health check for volume org.apache.hadoop.ozone.container.common.volume.HddsVolume@1ee40b5c
2019-10-10 21:16:29,638 [main] INFO  impl.RaftServerProxy (ConfUtils.java:logGet(43)) - raft.rpc.type = GRPC (default)
2019-10-10 21:16:29,638 [main] INFO  grpc.GrpcFactory (GrpcFactory.java:checkPooledByteBufAllocatorUseCacheForAllThreads(45)) - PERFORMANCE WARNING: useCacheForAllThreads is true that may cause Netty to create a lot garbage objects and, as a result, trigger GC.
	It is recommended to disable useCacheForAllThreads by setting -Dorg.apache.ratis.thirdparty.io.netty.allocator.useCacheForAllThreads=false in command line.
2019-10-10 21:16:29,639 [main] INFO  grpc.GrpcConfigKeys$Server (ConfUtils.java:logGet(43)) - raft.grpc.server.port = 0 (default)
2019-10-10 21:16:29,639 [main] INFO  server.GrpcService (ConfUtils.java:logGet(43)) - raft.grpc.message.size.max = 33570816 (custom)
2019-10-10 21:16:29,639 [main] INFO  server.RaftServerConfigKeys (ConfUtils.java:logGet(43)) - raft.server.log.appender.buffer.byte-limit = 33554432 (custom)
2019-10-10 21:16:29,639 [main] INFO  server.GrpcService (ConfUtils.java:logGet(43)) - raft.grpc.flow.control.window = 1MB (=1048576) (default)
2019-10-10 21:16:29,639 [main] INFO  server.RaftServerConfigKeys (ConfUtils.java:logGet(43)) - raft.server.rpc.request.timeout = 3000ms (default)
2019-10-10 21:16:29,640 [main] INFO  server.RaftServerConfigKeys (ConfUtils.java:logGet(43)) - raft.server.storage.dir = [/workdir/hadoop-ozone/integration-test/target/test-dir/MiniOzoneClusterImpl-008c13f9-99c9-46b6-a713-c4581bd201ba/datanode-1/data/ratis] (custom)
2019-10-10 21:16:29,641 [main] INFO  hdfs.DFSUtil (DFSUtil.java:httpServerTemplateForNNAndJN(1641)) - Starting Web-server for hddsDatanode at: http://0.0.0.0:0
2019-10-10 21:16:29,642 [main] INFO  server.AuthenticationFilter (AuthenticationFilter.java:constructSecretProvider(240)) - Unable to initialize FileSignerSecretProvider, falling back to use random secrets.
2019-10-10 21:16:29,642 [main] WARN  http.HttpRequestLog (HttpRequestLog.java:getRequestLog(97)) - Jetty request log can only be enabled using Log4j
2019-10-10 21:16:29,643 [main] INFO  http.HttpServer2 (HttpServer2.java:addGlobalFilter(975)) - Added global filter 'safety' (class=org.apache.hadoop.http.HttpServer2$QuotingInputFilter)
2019-10-10 21:16:29,644 [main] INFO  http.HttpServer2 (HttpServer2.java:addFilter(948)) - Added filter static_user_filter (class=org.apache.hadoop.http.lib.StaticUserWebFilter$StaticUserFilter) to context hddsDatanode
2019-10-10 21:16:29,644 [main] INFO  http.HttpServer2 (HttpServer2.java:addFilter(958)) - Added filter static_user_filter (class=org.apache.hadoop.http.lib.StaticUserWebFilter$StaticUserFilter) to context logs
2019-10-10 21:16:29,644 [main] INFO  http.HttpServer2 (HttpServer2.java:addFilter(958)) - Added filter static_user_filter (class=org.apache.hadoop.http.lib.StaticUserWebFilter$StaticUserFilter) to context static
2019-10-10 21:16:29,645 [main] INFO  http.HttpServer2 (HttpServer2.java:bindListener(1191)) - Jetty bound to port 36519
2019-10-10 21:16:29,645 [main] INFO  server.Server (Server.java:doStart(351)) - jetty-9.3.25.v20180904, build timestamp: 2018-09-04T21:11:46Z, git hash: 3ce520221d0240229c862b122d2b06c12a625732
2019-10-10 21:16:29,646 [main] INFO  handler.ContextHandler (ContextHandler.java:doStart(781)) - Started o.e.j.s.ServletContextHandler@3079c26a{/logs,file:///workdir/hadoop-ozone/integration-test/target/log,AVAILABLE}
2019-10-10 21:16:29,646 [main] INFO  handler.ContextHandler (ContextHandler.java:doStart(781)) - Started o.e.j.s.ServletContextHandler@17ec335a{/static,jar:file:/home/user/.m2/repository/org/apache/hadoop/hadoop-hdds-container-service/0.5.0-SNAPSHOT/hadoop-hdds-container-service-0.5.0-SNAPSHOT.jar!/webapps/static,AVAILABLE}
2019-10-10 21:16:29,674 [main] INFO  handler.ContextHandler (ContextHandler.java:doStart(781)) - Started o.e.j.w.WebAppContext@71531dd7{/,file:///tmp/jetty-0.0.0.0-36519-hddsDatanode-_-any-3486773749823796681.dir/webapp/,AVAILABLE}{/hddsDatanode}
2019-10-10 21:16:29,675 [main] INFO  server.AbstractConnector (AbstractConnector.java:doStart(278)) - Started ServerConnector@20256a0b{HTTP/1.1,[http/1.1]}{0.0.0.0:36519}
2019-10-10 21:16:29,675 [main] INFO  server.Server (Server.java:doStart(419)) - Started @527681ms
2019-10-10 21:16:29,676 [main] WARN  impl.MetricsSystemImpl (MetricsSystemImpl.java:register(276)) - Sink prometheus already exists!
2019-10-10 21:16:29,676 [main] INFO  server.BaseHttpServer (BaseHttpServer.java:updateConnectorAddress(215)) - HTTP server of HDDSDATANODE is listening at http://0.0.0.0:36519
2019-10-10 21:16:29,677 [main] INFO  impl.MetricsSystemImpl (MetricsSystemImpl.java:init(158)) - HddsDatanode metrics system started (again)
2019-10-10 21:16:29,681 [org.apache.hadoop.util.JvmPauseMonitor$Monitor@36c23079] INFO  util.JvmPauseMonitor (JvmPauseMonitor.java:run(188)) - Starting JVM pause monitor
2019-10-10 21:16:29,681 [main] INFO  ozone.HddsDatanodeService (HddsDatanodeService.java:start(184)) - HddsDatanodeService host:pr-hdds-1986-lk2hz-517324276 ip:192.168.157.203
2019-10-10 21:16:29,683 [Datanode State Machine Thread - 0] INFO  datanode.InitDatanodeState (InitDatanodeState.java:persistContainerDatanodeDetails(140)) - DatanodeDetails is persisted to /workdir/hadoop-ozone/integration-test/target/test-dir/MiniOzoneClusterImpl-008c13f9-99c9-46b6-a713-c4581bd201ba/datanode-1/meta/datanode.id
2019-10-10 21:16:29,688 [main] INFO  volume.HddsVolume (HddsVolume.java:<init>(176)) - Creating Volume: /workdir/hadoop-ozone/integration-test/target/test-dir/MiniOzoneClusterImpl-008c13f9-99c9-46b6-a713-c4581bd201ba/datanode-2/data/containers/hdds of  storage type : DISK and capacity : 1482555576320
2019-10-10 21:16:29,688 [main] INFO  volume.VolumeSet (VolumeSet.java:initializeVolumeSet(170)) - Added Volume : /workdir/hadoop-ozone/integration-test/target/test-dir/MiniOzoneClusterImpl-008c13f9-99c9-46b6-a713-c4581bd201ba/datanode-2/data/containers/hdds to VolumeSet
2019-10-10 21:16:29,688 [main] INFO  volume.ThrottledAsyncChecker (ThrottledAsyncChecker.java:schedule(141)) - Scheduling a check for org.apache.hadoop.ozone.container.common.volume.HddsVolume@5627cb29
2019-10-10 21:16:29,688 [main] INFO  volume.HddsVolumeChecker (HddsVolumeChecker.java:checkAllVolumes(204)) - Scheduled health check for volume org.apache.hadoop.ozone.container.common.volume.HddsVolume@5627cb29
2019-10-10 21:16:29,708 [main] INFO  impl.RaftServerProxy (ConfUtils.java:logGet(43)) - raft.rpc.type = GRPC (default)
2019-10-10 21:16:29,708 [main] INFO  grpc.GrpcFactory (GrpcFactory.java:checkPooledByteBufAllocatorUseCacheForAllThreads(45)) - PERFORMANCE WARNING: useCacheForAllThreads is true that may cause Netty to create a lot garbage objects and, as a result, trigger GC.
	It is recommended to disable useCacheForAllThreads by setting -Dorg.apache.ratis.thirdparty.io.netty.allocator.useCacheForAllThreads=false in command line.
2019-10-10 21:16:29,708 [main] INFO  grpc.GrpcConfigKeys$Server (ConfUtils.java:logGet(43)) - raft.grpc.server.port = 0 (default)
2019-10-10 21:16:29,709 [main] INFO  server.GrpcService (ConfUtils.java:logGet(43)) - raft.grpc.message.size.max = 33570816 (custom)
2019-10-10 21:16:29,709 [main] INFO  server.RaftServerConfigKeys (ConfUtils.java:logGet(43)) - raft.server.log.appender.buffer.byte-limit = 33554432 (custom)
2019-10-10 21:16:29,709 [main] INFO  server.GrpcService (ConfUtils.java:logGet(43)) - raft.grpc.flow.control.window = 1MB (=1048576) (default)
2019-10-10 21:16:29,709 [main] INFO  server.RaftServerConfigKeys (ConfUtils.java:logGet(43)) - raft.server.rpc.request.timeout = 3000ms (default)
2019-10-10 21:16:29,710 [main] INFO  server.RaftServerConfigKeys (ConfUtils.java:logGet(43)) - raft.server.storage.dir = [/workdir/hadoop-ozone/integration-test/target/test-dir/MiniOzoneClusterImpl-008c13f9-99c9-46b6-a713-c4581bd201ba/datanode-2/data/ratis] (custom)
2019-10-10 21:16:29,712 [main] INFO  hdfs.DFSUtil (DFSUtil.java:httpServerTemplateForNNAndJN(1641)) - Starting Web-server for hddsDatanode at: http://0.0.0.0:0
2019-10-10 21:16:29,713 [main] INFO  server.AuthenticationFilter (AuthenticationFilter.java:constructSecretProvider(240)) - Unable to initialize FileSignerSecretProvider, falling back to use random secrets.
2019-10-10 21:16:29,713 [main] WARN  http.HttpRequestLog (HttpRequestLog.java:getRequestLog(97)) - Jetty request log can only be enabled using Log4j
2019-10-10 21:16:29,714 [main] INFO  http.HttpServer2 (HttpServer2.java:addGlobalFilter(975)) - Added global filter 'safety' (class=org.apache.hadoop.http.HttpServer2$QuotingInputFilter)
2019-10-10 21:16:29,715 [main] INFO  http.HttpServer2 (HttpServer2.java:addFilter(948)) - Added filter static_user_filter (class=org.apache.hadoop.http.lib.StaticUserWebFilter$StaticUserFilter) to context hddsDatanode
2019-10-10 21:16:29,715 [main] INFO  http.HttpServer2 (HttpServer2.java:addFilter(958)) - Added filter static_user_filter (class=org.apache.hadoop.http.lib.StaticUserWebFilter$StaticUserFilter) to context logs
2019-10-10 21:16:29,715 [main] INFO  http.HttpServer2 (HttpServer2.java:addFilter(958)) - Added filter static_user_filter (class=org.apache.hadoop.http.lib.StaticUserWebFilter$StaticUserFilter) to context static
2019-10-10 21:16:29,716 [main] INFO  http.HttpServer2 (HttpServer2.java:bindListener(1191)) - Jetty bound to port 33754
2019-10-10 21:16:29,716 [main] INFO  server.Server (Server.java:doStart(351)) - jetty-9.3.25.v20180904, build timestamp: 2018-09-04T21:11:46Z, git hash: 3ce520221d0240229c862b122d2b06c12a625732
2019-10-10 21:16:29,717 [main] INFO  handler.ContextHandler (ContextHandler.java:doStart(781)) - Started o.e.j.s.ServletContextHandler@4fb57fb3{/logs,file:///workdir/hadoop-ozone/integration-test/target/log,AVAILABLE}
2019-10-10 21:16:29,717 [main] INFO  handler.ContextHandler (ContextHandler.java:doStart(781)) - Started o.e.j.s.ServletContextHandler@226d5af0{/static,jar:file:/home/user/.m2/repository/org/apache/hadoop/hadoop-hdds-container-service/0.5.0-SNAPSHOT/hadoop-hdds-container-service-0.5.0-SNAPSHOT.jar!/webapps/static,AVAILABLE}
2019-10-10 21:16:29,743 [main] INFO  handler.ContextHandler (ContextHandler.java:doStart(781)) - Started o.e.j.w.WebAppContext@70be89ec{/,file:///tmp/jetty-0.0.0.0-33754-hddsDatanode-_-any-5729495436535817188.dir/webapp/,AVAILABLE}{/hddsDatanode}
2019-10-10 21:16:29,743 [main] INFO  server.AbstractConnector (AbstractConnector.java:doStart(278)) - Started ServerConnector@2aee0704{HTTP/1.1,[http/1.1]}{0.0.0.0:33754}
2019-10-10 21:16:29,745 [main] INFO  server.Server (Server.java:doStart(419)) - Started @527752ms
2019-10-10 21:16:29,746 [main] WARN  impl.MetricsSystemImpl (MetricsSystemImpl.java:register(276)) - Sink prometheus already exists!
2019-10-10 21:16:29,746 [main] INFO  server.BaseHttpServer (BaseHttpServer.java:updateConnectorAddress(215)) - HTTP server of HDDSDATANODE is listening at http://0.0.0.0:33754
2019-10-10 21:16:29,747 [main] INFO  impl.MetricsSystemImpl (MetricsSystemImpl.java:init(158)) - HddsDatanode metrics system started (again)
2019-10-10 21:16:29,751 [org.apache.hadoop.util.JvmPauseMonitor$Monitor@666c7430] INFO  util.JvmPauseMonitor (JvmPauseMonitor.java:run(188)) - Starting JVM pause monitor
2019-10-10 21:16:29,751 [main] INFO  ozone.HddsDatanodeService (HddsDatanodeService.java:start(184)) - HddsDatanodeService host:pr-hdds-1986-lk2hz-517324276 ip:192.168.157.203
2019-10-10 21:16:29,752 [Datanode State Machine Thread - 0] INFO  datanode.InitDatanodeState (InitDatanodeState.java:persistContainerDatanodeDetails(140)) - DatanodeDetails is persisted to /workdir/hadoop-ozone/integration-test/target/test-dir/MiniOzoneClusterImpl-008c13f9-99c9-46b6-a713-c4581bd201ba/datanode-2/meta/datanode.id
2019-10-10 21:16:29,756 [main] INFO  volume.HddsVolume (HddsVolume.java:<init>(176)) - Creating Volume: /workdir/hadoop-ozone/integration-test/target/test-dir/MiniOzoneClusterImpl-008c13f9-99c9-46b6-a713-c4581bd201ba/datanode-3/data/containers/hdds of  storage type : DISK and capacity : 1482555576320
2019-10-10 21:16:29,757 [main] INFO  volume.VolumeSet (VolumeSet.java:initializeVolumeSet(170)) - Added Volume : /workdir/hadoop-ozone/integration-test/target/test-dir/MiniOzoneClusterImpl-008c13f9-99c9-46b6-a713-c4581bd201ba/datanode-3/data/containers/hdds to VolumeSet
2019-10-10 21:16:29,757 [main] INFO  volume.ThrottledAsyncChecker (ThrottledAsyncChecker.java:schedule(141)) - Scheduling a check for org.apache.hadoop.ozone.container.common.volume.HddsVolume@3a6e9856
2019-10-10 21:16:29,757 [main] INFO  volume.HddsVolumeChecker (HddsVolumeChecker.java:checkAllVolumes(204)) - Scheduled health check for volume org.apache.hadoop.ozone.container.common.volume.HddsVolume@3a6e9856
2019-10-10 21:16:29,769 [main] INFO  impl.RaftServerProxy (ConfUtils.java:logGet(43)) - raft.rpc.type = GRPC (default)
2019-10-10 21:16:29,769 [main] INFO  grpc.GrpcFactory (GrpcFactory.java:checkPooledByteBufAllocatorUseCacheForAllThreads(45)) - PERFORMANCE WARNING: useCacheForAllThreads is true that may cause Netty to create a lot garbage objects and, as a result, trigger GC.
	It is recommended to disable useCacheForAllThreads by setting -Dorg.apache.ratis.thirdparty.io.netty.allocator.useCacheForAllThreads=false in command line.
2019-10-10 21:16:29,769 [main] INFO  grpc.GrpcConfigKeys$Server (ConfUtils.java:logGet(43)) - raft.grpc.server.port = 0 (default)
2019-10-10 21:16:29,770 [main] INFO  server.GrpcService (ConfUtils.java:logGet(43)) - raft.grpc.message.size.max = 33570816 (custom)
2019-10-10 21:16:29,770 [main] INFO  server.RaftServerConfigKeys (ConfUtils.java:logGet(43)) - raft.server.log.appender.buffer.byte-limit = 33554432 (custom)
2019-10-10 21:16:29,770 [main] INFO  server.GrpcService (ConfUtils.java:logGet(43)) - raft.grpc.flow.control.window = 1MB (=1048576) (default)
2019-10-10 21:16:29,770 [main] INFO  server.RaftServerConfigKeys (ConfUtils.java:logGet(43)) - raft.server.rpc.request.timeout = 3000ms (default)
2019-10-10 21:16:29,770 [main] INFO  server.RaftServerConfigKeys (ConfUtils.java:logGet(43)) - raft.server.storage.dir = [/workdir/hadoop-ozone/integration-test/target/test-dir/MiniOzoneClusterImpl-008c13f9-99c9-46b6-a713-c4581bd201ba/datanode-3/data/ratis] (custom)
2019-10-10 21:16:29,772 [main] INFO  hdfs.DFSUtil (DFSUtil.java:httpServerTemplateForNNAndJN(1641)) - Starting Web-server for hddsDatanode at: http://0.0.0.0:0
2019-10-10 21:16:29,773 [main] INFO  server.AuthenticationFilter (AuthenticationFilter.java:constructSecretProvider(240)) - Unable to initialize FileSignerSecretProvider, falling back to use random secrets.
2019-10-10 21:16:29,773 [main] WARN  http.HttpRequestLog (HttpRequestLog.java:getRequestLog(97)) - Jetty request log can only be enabled using Log4j
2019-10-10 21:16:29,774 [main] INFO  http.HttpServer2 (HttpServer2.java:addGlobalFilter(975)) - Added global filter 'safety' (class=org.apache.hadoop.http.HttpServer2$QuotingInputFilter)
2019-10-10 21:16:29,775 [main] INFO  http.HttpServer2 (HttpServer2.java:addFilter(948)) - Added filter static_user_filter (class=org.apache.hadoop.http.lib.StaticUserWebFilter$StaticUserFilter) to context hddsDatanode
2019-10-10 21:16:29,775 [main] INFO  http.HttpServer2 (HttpServer2.java:addFilter(958)) - Added filter static_user_filter (class=org.apache.hadoop.http.lib.StaticUserWebFilter$StaticUserFilter) to context static
2019-10-10 21:16:29,775 [main] INFO  http.HttpServer2 (HttpServer2.java:addFilter(958)) - Added filter static_user_filter (class=org.apache.hadoop.http.lib.StaticUserWebFilter$StaticUserFilter) to context logs
2019-10-10 21:16:29,775 [main] INFO  http.HttpServer2 (HttpServer2.java:bindListener(1191)) - Jetty bound to port 40762
2019-10-10 21:16:29,776 [main] INFO  server.Server (Server.java:doStart(351)) - jetty-9.3.25.v20180904, build timestamp: 2018-09-04T21:11:46Z, git hash: 3ce520221d0240229c862b122d2b06c12a625732
2019-10-10 21:16:29,777 [main] INFO  handler.ContextHandler (ContextHandler.java:doStart(781)) - Started o.e.j.s.ServletContextHandler@3344d163{/logs,file:///workdir/hadoop-ozone/integration-test/target/log,AVAILABLE}
2019-10-10 21:16:29,777 [main] INFO  handler.ContextHandler (ContextHandler.java:doStart(781)) - Started o.e.j.s.ServletContextHandler@289f15e9{/static,jar:file:/home/user/.m2/repository/org/apache/hadoop/hadoop-hdds-container-service/0.5.0-SNAPSHOT/hadoop-hdds-container-service-0.5.0-SNAPSHOT.jar!/webapps/static,AVAILABLE}
2019-10-10 21:16:29,803 [main] INFO  handler.ContextHandler (ContextHandler.java:doStart(781)) - Started o.e.j.w.WebAppContext@597d48ca{/,file:///tmp/jetty-0.0.0.0-40762-hddsDatanode-_-any-1470889900124692072.dir/webapp/,AVAILABLE}{/hddsDatanode}
2019-10-10 21:16:29,803 [main] INFO  server.AbstractConnector (AbstractConnector.java:doStart(278)) - Started ServerConnector@77324a58{HTTP/1.1,[http/1.1]}{0.0.0.0:40762}
2019-10-10 21:16:29,803 [main] INFO  server.Server (Server.java:doStart(419)) - Started @527810ms
2019-10-10 21:16:29,805 [main] WARN  impl.MetricsSystemImpl (MetricsSystemImpl.java:register(276)) - Sink prometheus already exists!
2019-10-10 21:16:29,805 [main] INFO  server.BaseHttpServer (BaseHttpServer.java:updateConnectorAddress(215)) - HTTP server of HDDSDATANODE is listening at http://0.0.0.0:40762
2019-10-10 21:16:29,805 [main] INFO  impl.MetricsSystemImpl (MetricsSystemImpl.java:init(158)) - HddsDatanode metrics system started (again)
2019-10-10 21:16:29,810 [org.apache.hadoop.util.JvmPauseMonitor$Monitor@3743ac77] INFO  util.JvmPauseMonitor (JvmPauseMonitor.java:run(188)) - Starting JVM pause monitor
2019-10-10 21:16:29,810 [main] INFO  ozone.HddsDatanodeService (HddsDatanodeService.java:start(184)) - HddsDatanodeService host:pr-hdds-1986-lk2hz-517324276 ip:192.168.157.203
2019-10-10 21:16:29,812 [Datanode State Machine Thread - 0] INFO  datanode.InitDatanodeState (InitDatanodeState.java:persistContainerDatanodeDetails(140)) - DatanodeDetails is persisted to /workdir/hadoop-ozone/integration-test/target/test-dir/MiniOzoneClusterImpl-008c13f9-99c9-46b6-a713-c4581bd201ba/datanode-3/meta/datanode.id
2019-10-10 21:16:29,816 [main] INFO  volume.HddsVolume (HddsVolume.java:<init>(176)) - Creating Volume: /workdir/hadoop-ozone/integration-test/target/test-dir/MiniOzoneClusterImpl-008c13f9-99c9-46b6-a713-c4581bd201ba/datanode-4/data/containers/hdds of  storage type : DISK and capacity : 1482555576320
2019-10-10 21:16:29,817 [main] INFO  volume.VolumeSet (VolumeSet.java:initializeVolumeSet(170)) - Added Volume : /workdir/hadoop-ozone/integration-test/target/test-dir/MiniOzoneClusterImpl-008c13f9-99c9-46b6-a713-c4581bd201ba/datanode-4/data/containers/hdds to VolumeSet
2019-10-10 21:16:29,817 [main] INFO  volume.ThrottledAsyncChecker (ThrottledAsyncChecker.java:schedule(141)) - Scheduling a check for org.apache.hadoop.ozone.container.common.volume.HddsVolume@57ce2898
2019-10-10 21:16:29,817 [main] INFO  volume.HddsVolumeChecker (HddsVolumeChecker.java:checkAllVolumes(204)) - Scheduled health check for volume org.apache.hadoop.ozone.container.common.volume.HddsVolume@57ce2898
2019-10-10 21:16:29,829 [main] INFO  impl.RaftServerProxy (ConfUtils.java:logGet(43)) - raft.rpc.type = GRPC (default)
2019-10-10 21:16:29,829 [main] INFO  grpc.GrpcFactory (GrpcFactory.java:checkPooledByteBufAllocatorUseCacheForAllThreads(45)) - PERFORMANCE WARNING: useCacheForAllThreads is true that may cause Netty to create a lot garbage objects and, as a result, trigger GC.
	It is recommended to disable useCacheForAllThreads by setting -Dorg.apache.ratis.thirdparty.io.netty.allocator.useCacheForAllThreads=false in command line.
2019-10-10 21:16:29,829 [main] INFO  grpc.GrpcConfigKeys$Server (ConfUtils.java:logGet(43)) - raft.grpc.server.port = 0 (default)
2019-10-10 21:16:29,830 [main] INFO  server.GrpcService (ConfUtils.java:logGet(43)) - raft.grpc.message.size.max = 33570816 (custom)
2019-10-10 21:16:29,830 [main] INFO  server.RaftServerConfigKeys (ConfUtils.java:logGet(43)) - raft.server.log.appender.buffer.byte-limit = 33554432 (custom)
2019-10-10 21:16:29,830 [main] INFO  server.GrpcService (ConfUtils.java:logGet(43)) - raft.grpc.flow.control.window = 1MB (=1048576) (default)
2019-10-10 21:16:29,830 [main] INFO  server.RaftServerConfigKeys (ConfUtils.java:logGet(43)) - raft.server.rpc.request.timeout = 3000ms (default)
2019-10-10 21:16:29,830 [main] INFO  server.RaftServerConfigKeys (ConfUtils.java:logGet(43)) - raft.server.storage.dir = [/workdir/hadoop-ozone/integration-test/target/test-dir/MiniOzoneClusterImpl-008c13f9-99c9-46b6-a713-c4581bd201ba/datanode-4/data/ratis] (custom)
2019-10-10 21:16:29,831 [main] INFO  hdfs.DFSUtil (DFSUtil.java:httpServerTemplateForNNAndJN(1641)) - Starting Web-server for hddsDatanode at: http://0.0.0.0:0
2019-10-10 21:16:29,832 [main] INFO  server.AuthenticationFilter (AuthenticationFilter.java:constructSecretProvider(240)) - Unable to initialize FileSignerSecretProvider, falling back to use random secrets.
2019-10-10 21:16:29,832 [main] WARN  http.HttpRequestLog (HttpRequestLog.java:getRequestLog(97)) - Jetty request log can only be enabled using Log4j
2019-10-10 21:16:29,834 [main] INFO  http.HttpServer2 (HttpServer2.java:addGlobalFilter(975)) - Added global filter 'safety' (class=org.apache.hadoop.http.HttpServer2$QuotingInputFilter)
2019-10-10 21:16:29,834 [main] INFO  http.HttpServer2 (HttpServer2.java:addFilter(948)) - Added filter static_user_filter (class=org.apache.hadoop.http.lib.StaticUserWebFilter$StaticUserFilter) to context hddsDatanode
2019-10-10 21:16:29,834 [main] INFO  http.HttpServer2 (HttpServer2.java:addFilter(958)) - Added filter static_user_filter (class=org.apache.hadoop.http.lib.StaticUserWebFilter$StaticUserFilter) to context static
2019-10-10 21:16:29,834 [main] INFO  http.HttpServer2 (HttpServer2.java:addFilter(958)) - Added filter static_user_filter (class=org.apache.hadoop.http.lib.StaticUserWebFilter$StaticUserFilter) to context logs
2019-10-10 21:16:29,835 [main] INFO  http.HttpServer2 (HttpServer2.java:bindListener(1191)) - Jetty bound to port 35775
2019-10-10 21:16:29,835 [main] INFO  server.Server (Server.java:doStart(351)) - jetty-9.3.25.v20180904, build timestamp: 2018-09-04T21:11:46Z, git hash: 3ce520221d0240229c862b122d2b06c12a625732
2019-10-10 21:16:29,836 [main] INFO  handler.ContextHandler (ContextHandler.java:doStart(781)) - Started o.e.j.s.ServletContextHandler@9b2dc56{/logs,file:///workdir/hadoop-ozone/integration-test/target/log,AVAILABLE}
2019-10-10 21:16:29,836 [main] INFO  handler.ContextHandler (ContextHandler.java:doStart(781)) - Started o.e.j.s.ServletContextHandler@7761e342{/static,jar:file:/home/user/.m2/repository/org/apache/hadoop/hadoop-hdds-container-service/0.5.0-SNAPSHOT/hadoop-hdds-container-service-0.5.0-SNAPSHOT.jar!/webapps/static,AVAILABLE}
2019-10-10 21:16:29,862 [main] INFO  handler.ContextHandler (ContextHandler.java:doStart(781)) - Started o.e.j.w.WebAppContext@39f0c343{/,file:///tmp/jetty-0.0.0.0-35775-hddsDatanode-_-any-5465949648127543322.dir/webapp/,AVAILABLE}{/hddsDatanode}
2019-10-10 21:16:29,862 [main] INFO  server.AbstractConnector (AbstractConnector.java:doStart(278)) - Started ServerConnector@781654f8{HTTP/1.1,[http/1.1]}{0.0.0.0:35775}
2019-10-10 21:16:29,862 [main] INFO  server.Server (Server.java:doStart(419)) - Started @527869ms
2019-10-10 21:16:29,864 [main] WARN  impl.MetricsSystemImpl (MetricsSystemImpl.java:register(276)) - Sink prometheus already exists!
2019-10-10 21:16:29,864 [main] INFO  server.BaseHttpServer (BaseHttpServer.java:updateConnectorAddress(215)) - HTTP server of HDDSDATANODE is listening at http://0.0.0.0:35775
2019-10-10 21:16:29,865 [main] INFO  impl.MetricsSystemImpl (MetricsSystemImpl.java:init(158)) - HddsDatanode metrics system started (again)
2019-10-10 21:16:29,869 [org.apache.hadoop.util.JvmPauseMonitor$Monitor@562deeef] INFO  util.JvmPauseMonitor (JvmPauseMonitor.java:run(188)) - Starting JVM pause monitor
2019-10-10 21:16:29,870 [main] INFO  ozone.HddsDatanodeService (HddsDatanodeService.java:start(184)) - HddsDatanodeService host:pr-hdds-1986-lk2hz-517324276 ip:192.168.157.203
2019-10-10 21:16:29,870 [Datanode State Machine Thread - 0] INFO  datanode.InitDatanodeState (InitDatanodeState.java:persistContainerDatanodeDetails(140)) - DatanodeDetails is persisted to /workdir/hadoop-ozone/integration-test/target/test-dir/MiniOzoneClusterImpl-008c13f9-99c9-46b6-a713-c4581bd201ba/datanode-4/meta/datanode.id
2019-10-10 21:16:29,875 [main] INFO  volume.HddsVolume (HddsVolume.java:<init>(176)) - Creating Volume: /workdir/hadoop-ozone/integration-test/target/test-dir/MiniOzoneClusterImpl-008c13f9-99c9-46b6-a713-c4581bd201ba/datanode-5/data/containers/hdds of  storage type : DISK and capacity : 1482555576320
2019-10-10 21:16:29,875 [main] INFO  volume.VolumeSet (VolumeSet.java:initializeVolumeSet(170)) - Added Volume : /workdir/hadoop-ozone/integration-test/target/test-dir/MiniOzoneClusterImpl-008c13f9-99c9-46b6-a713-c4581bd201ba/datanode-5/data/containers/hdds to VolumeSet
2019-10-10 21:16:29,875 [main] INFO  volume.ThrottledAsyncChecker (ThrottledAsyncChecker.java:schedule(141)) - Scheduling a check for org.apache.hadoop.ozone.container.common.volume.HddsVolume@9690008
2019-10-10 21:16:29,876 [main] INFO  volume.HddsVolumeChecker (HddsVolumeChecker.java:checkAllVolumes(204)) - Scheduled health check for volume org.apache.hadoop.ozone.container.common.volume.HddsVolume@9690008
2019-10-10 21:16:29,887 [main] INFO  impl.RaftServerProxy (ConfUtils.java:logGet(43)) - raft.rpc.type = GRPC (default)
2019-10-10 21:16:29,887 [main] INFO  grpc.GrpcFactory (GrpcFactory.java:checkPooledByteBufAllocatorUseCacheForAllThreads(45)) - PERFORMANCE WARNING: useCacheForAllThreads is true that may cause Netty to create a lot garbage objects and, as a result, trigger GC.
	It is recommended to disable useCacheForAllThreads by setting -Dorg.apache.ratis.thirdparty.io.netty.allocator.useCacheForAllThreads=false in command line.
2019-10-10 21:16:29,887 [main] INFO  grpc.GrpcConfigKeys$Server (ConfUtils.java:logGet(43)) - raft.grpc.server.port = 0 (default)
2019-10-10 21:16:29,887 [main] INFO  server.GrpcService (ConfUtils.java:logGet(43)) - raft.grpc.message.size.max = 33570816 (custom)
2019-10-10 21:16:29,887 [main] INFO  server.RaftServerConfigKeys (ConfUtils.java:logGet(43)) - raft.server.log.appender.buffer.byte-limit = 33554432 (custom)
2019-10-10 21:16:29,887 [main] INFO  server.GrpcService (ConfUtils.java:logGet(43)) - raft.grpc.flow.control.window = 1MB (=1048576) (default)
2019-10-10 21:16:29,888 [main] INFO  server.RaftServerConfigKeys (ConfUtils.java:logGet(43)) - raft.server.rpc.request.timeout = 3000ms (default)
2019-10-10 21:16:29,888 [main] INFO  server.RaftServerConfigKeys (ConfUtils.java:logGet(43)) - raft.server.storage.dir = [/workdir/hadoop-ozone/integration-test/target/test-dir/MiniOzoneClusterImpl-008c13f9-99c9-46b6-a713-c4581bd201ba/datanode-5/data/ratis] (custom)
2019-10-10 21:16:29,889 [main] INFO  hdfs.DFSUtil (DFSUtil.java:httpServerTemplateForNNAndJN(1641)) - Starting Web-server for hddsDatanode at: http://0.0.0.0:0
2019-10-10 21:16:29,890 [main] INFO  server.AuthenticationFilter (AuthenticationFilter.java:constructSecretProvider(240)) - Unable to initialize FileSignerSecretProvider, falling back to use random secrets.
2019-10-10 21:16:29,890 [main] WARN  http.HttpRequestLog (HttpRequestLog.java:getRequestLog(97)) - Jetty request log can only be enabled using Log4j
2019-10-10 21:16:29,891 [main] INFO  http.HttpServer2 (HttpServer2.java:addGlobalFilter(975)) - Added global filter 'safety' (class=org.apache.hadoop.http.HttpServer2$QuotingInputFilter)
2019-10-10 21:16:29,892 [main] INFO  http.HttpServer2 (HttpServer2.java:addFilter(948)) - Added filter static_user_filter (class=org.apache.hadoop.http.lib.StaticUserWebFilter$StaticUserFilter) to context hddsDatanode
2019-10-10 21:16:29,892 [main] INFO  http.HttpServer2 (HttpServer2.java:addFilter(958)) - Added filter static_user_filter (class=org.apache.hadoop.http.lib.StaticUserWebFilter$StaticUserFilter) to context logs
2019-10-10 21:16:29,892 [main] INFO  http.HttpServer2 (HttpServer2.java:addFilter(958)) - Added filter static_user_filter (class=org.apache.hadoop.http.lib.StaticUserWebFilter$StaticUserFilter) to context static
2019-10-10 21:16:29,893 [main] INFO  http.HttpServer2 (HttpServer2.java:bindListener(1191)) - Jetty bound to port 39290
2019-10-10 21:16:29,893 [main] INFO  server.Server (Server.java:doStart(351)) - jetty-9.3.25.v20180904, build timestamp: 2018-09-04T21:11:46Z, git hash: 3ce520221d0240229c862b122d2b06c12a625732
2019-10-10 21:16:29,894 [main] INFO  handler.ContextHandler (ContextHandler.java:doStart(781)) - Started o.e.j.s.ServletContextHandler@7faa0680{/logs,file:///workdir/hadoop-ozone/integration-test/target/log,AVAILABLE}
2019-10-10 21:16:29,894 [main] INFO  handler.ContextHandler (ContextHandler.java:doStart(781)) - Started o.e.j.s.ServletContextHandler@4245bf68{/static,jar:file:/home/user/.m2/repository/org/apache/hadoop/hadoop-hdds-container-service/0.5.0-SNAPSHOT/hadoop-hdds-container-service-0.5.0-SNAPSHOT.jar!/webapps/static,AVAILABLE}
2019-10-10 21:16:29,919 [main] INFO  handler.ContextHandler (ContextHandler.java:doStart(781)) - Started o.e.j.w.WebAppContext@204d9edf{/,file:///tmp/jetty-0.0.0.0-39290-hddsDatanode-_-any-9105732064575916345.dir/webapp/,AVAILABLE}{/hddsDatanode}
2019-10-10 21:16:29,920 [main] INFO  server.AbstractConnector (AbstractConnector.java:doStart(278)) - Started ServerConnector@6b2aafbc{HTTP/1.1,[http/1.1]}{0.0.0.0:39290}
2019-10-10 21:16:29,921 [main] INFO  server.Server (Server.java:doStart(419)) - Started @527927ms
2019-10-10 21:16:29,921 [main] WARN  impl.MetricsSystemImpl (MetricsSystemImpl.java:register(276)) - Sink prometheus already exists!
2019-10-10 21:16:29,922 [main] INFO  server.BaseHttpServer (BaseHttpServer.java:updateConnectorAddress(215)) - HTTP server of HDDSDATANODE is listening at http://0.0.0.0:39290
2019-10-10 21:16:29,922 [main] INFO  impl.MetricsSystemImpl (MetricsSystemImpl.java:init(158)) - HddsDatanode metrics system started (again)
2019-10-10 21:16:29,927 [org.apache.hadoop.util.JvmPauseMonitor$Monitor@701e800c] INFO  util.JvmPauseMonitor (JvmPauseMonitor.java:run(188)) - Starting JVM pause monitor
2019-10-10 21:16:29,928 [main] INFO  ozone.HddsDatanodeService (HddsDatanodeService.java:start(184)) - HddsDatanodeService host:pr-hdds-1986-lk2hz-517324276 ip:192.168.157.203
2019-10-10 21:16:29,928 [Datanode State Machine Thread - 0] INFO  datanode.InitDatanodeState (InitDatanodeState.java:persistContainerDatanodeDetails(140)) - DatanodeDetails is persisted to /workdir/hadoop-ozone/integration-test/target/test-dir/MiniOzoneClusterImpl-008c13f9-99c9-46b6-a713-c4581bd201ba/datanode-5/meta/datanode.id
2019-10-10 21:16:29,933 [main] INFO  volume.HddsVolume (HddsVolume.java:<init>(176)) - Creating Volume: /workdir/hadoop-ozone/integration-test/target/test-dir/MiniOzoneClusterImpl-008c13f9-99c9-46b6-a713-c4581bd201ba/datanode-6/data/containers/hdds of  storage type : DISK and capacity : 1482555576320
2019-10-10 21:16:29,933 [main] INFO  volume.VolumeSet (VolumeSet.java:initializeVolumeSet(170)) - Added Volume : /workdir/hadoop-ozone/integration-test/target/test-dir/MiniOzoneClusterImpl-008c13f9-99c9-46b6-a713-c4581bd201ba/datanode-6/data/containers/hdds to VolumeSet
2019-10-10 21:16:29,933 [main] INFO  volume.ThrottledAsyncChecker (ThrottledAsyncChecker.java:schedule(141)) - Scheduling a check for org.apache.hadoop.ozone.container.common.volume.HddsVolume@60deefed
2019-10-10 21:16:29,933 [main] INFO  volume.HddsVolumeChecker (HddsVolumeChecker.java:checkAllVolumes(204)) - Scheduled health check for volume org.apache.hadoop.ozone.container.common.volume.HddsVolume@60deefed
2019-10-10 21:16:29,945 [main] INFO  impl.RaftServerProxy (ConfUtils.java:logGet(43)) - raft.rpc.type = GRPC (default)
2019-10-10 21:16:29,945 [main] INFO  grpc.GrpcFactory (GrpcFactory.java:checkPooledByteBufAllocatorUseCacheForAllThreads(45)) - PERFORMANCE WARNING: useCacheForAllThreads is true that may cause Netty to create a lot garbage objects and, as a result, trigger GC.
	It is recommended to disable useCacheForAllThreads by setting -Dorg.apache.ratis.thirdparty.io.netty.allocator.useCacheForAllThreads=false in command line.
2019-10-10 21:16:29,945 [main] INFO  grpc.GrpcConfigKeys$Server (ConfUtils.java:logGet(43)) - raft.grpc.server.port = 0 (default)
2019-10-10 21:16:29,945 [main] INFO  server.GrpcService (ConfUtils.java:logGet(43)) - raft.grpc.message.size.max = 33570816 (custom)
2019-10-10 21:16:29,945 [main] INFO  server.RaftServerConfigKeys (ConfUtils.java:logGet(43)) - raft.server.log.appender.buffer.byte-limit = 33554432 (custom)
2019-10-10 21:16:29,946 [main] INFO  server.GrpcService (ConfUtils.java:logGet(43)) - raft.grpc.flow.control.window = 1MB (=1048576) (default)
2019-10-10 21:16:29,946 [main] INFO  server.RaftServerConfigKeys (ConfUtils.java:logGet(43)) - raft.server.rpc.request.timeout = 3000ms (default)
2019-10-10 21:16:29,946 [main] INFO  server.RaftServerConfigKeys (ConfUtils.java:logGet(43)) - raft.server.storage.dir = [/workdir/hadoop-ozone/integration-test/target/test-dir/MiniOzoneClusterImpl-008c13f9-99c9-46b6-a713-c4581bd201ba/datanode-6/data/ratis] (custom)
2019-10-10 21:16:29,947 [main] INFO  hdfs.DFSUtil (DFSUtil.java:httpServerTemplateForNNAndJN(1641)) - Starting Web-server for hddsDatanode at: http://0.0.0.0:0
2019-10-10 21:16:29,948 [main] INFO  server.AuthenticationFilter (AuthenticationFilter.java:constructSecretProvider(240)) - Unable to initialize FileSignerSecretProvider, falling back to use random secrets.
2019-10-10 21:16:29,949 [main] WARN  http.HttpRequestLog (HttpRequestLog.java:getRequestLog(97)) - Jetty request log can only be enabled using Log4j
2019-10-10 21:16:29,950 [main] INFO  http.HttpServer2 (HttpServer2.java:addGlobalFilter(975)) - Added global filter 'safety' (class=org.apache.hadoop.http.HttpServer2$QuotingInputFilter)
2019-10-10 21:16:29,950 [main] INFO  http.HttpServer2 (HttpServer2.java:addFilter(948)) - Added filter static_user_filter (class=org.apache.hadoop.http.lib.StaticUserWebFilter$StaticUserFilter) to context hddsDatanode
2019-10-10 21:16:29,950 [main] INFO  http.HttpServer2 (HttpServer2.java:addFilter(958)) - Added filter static_user_filter (class=org.apache.hadoop.http.lib.StaticUserWebFilter$StaticUserFilter) to context logs
2019-10-10 21:16:29,950 [main] INFO  http.HttpServer2 (HttpServer2.java:addFilter(958)) - Added filter static_user_filter (class=org.apache.hadoop.http.lib.StaticUserWebFilter$StaticUserFilter) to context static
2019-10-10 21:16:29,951 [main] INFO  http.HttpServer2 (HttpServer2.java:bindListener(1191)) - Jetty bound to port 33678
2019-10-10 21:16:29,951 [main] INFO  server.Server (Server.java:doStart(351)) - jetty-9.3.25.v20180904, build timestamp: 2018-09-04T21:11:46Z, git hash: 3ce520221d0240229c862b122d2b06c12a625732
2019-10-10 21:16:29,952 [main] INFO  handler.ContextHandler (ContextHandler.java:doStart(781)) - Started o.e.j.s.ServletContextHandler@2c47a053{/logs,file:///workdir/hadoop-ozone/integration-test/target/log,AVAILABLE}
2019-10-10 21:16:29,953 [main] INFO  handler.ContextHandler (ContextHandler.java:doStart(781)) - Started o.e.j.s.ServletContextHandler@5ba1b62e{/static,jar:file:/home/user/.m2/repository/org/apache/hadoop/hadoop-hdds-container-service/0.5.0-SNAPSHOT/hadoop-hdds-container-service-0.5.0-SNAPSHOT.jar!/webapps/static,AVAILABLE}
2019-10-10 21:16:29,978 [main] INFO  handler.ContextHandler (ContextHandler.java:doStart(781)) - Started o.e.j.w.WebAppContext@573aeab2{/,file:///tmp/jetty-0.0.0.0-33678-hddsDatanode-_-any-8319640119147471038.dir/webapp/,AVAILABLE}{/hddsDatanode}
2019-10-10 21:16:29,978 [main] INFO  server.AbstractConnector (AbstractConnector.java:doStart(278)) - Started ServerConnector@1304e0d7{HTTP/1.1,[http/1.1]}{0.0.0.0:33678}
2019-10-10 21:16:29,978 [main] INFO  server.Server (Server.java:doStart(419)) - Started @527985ms
2019-10-10 21:16:29,983 [main] WARN  impl.MetricsSystemImpl (MetricsSystemImpl.java:register(276)) - Sink prometheus already exists!
2019-10-10 21:16:29,984 [main] INFO  server.BaseHttpServer (BaseHttpServer.java:updateConnectorAddress(215)) - HTTP server of HDDSDATANODE is listening at http://0.0.0.0:33678
2019-10-10 21:16:29,984 [main] INFO  ozone.MiniOzoneClusterImpl (MiniOzoneClusterImpl.java:lambda$waitForClusterToBeReady$0(147)) - Waiting for cluster to be ready. Got 0 of 7 DN Heartbeats.
2019-10-10 21:16:29,985 [org.apache.hadoop.util.JvmPauseMonitor$Monitor@6140c6c3] INFO  util.JvmPauseMonitor (JvmPauseMonitor.java:run(188)) - Starting JVM pause monitor
2019-10-10 21:16:29,986 [Datanode State Machine Thread - 0] INFO  datanode.InitDatanodeState (InitDatanodeState.java:persistContainerDatanodeDetails(140)) - DatanodeDetails is persisted to /workdir/hadoop-ozone/integration-test/target/test-dir/MiniOzoneClusterImpl-008c13f9-99c9-46b6-a713-c4581bd201ba/datanode-6/meta/datanode.id
2019-10-10 21:16:30,985 [main] INFO  ozone.MiniOzoneClusterImpl (MiniOzoneClusterImpl.java:lambda$waitForClusterToBeReady$0(147)) - Waiting for cluster to be ready. Got 0 of 7 DN Heartbeats.
2019-10-10 21:16:31,682 [Datanode State Machine Thread - 0] INFO  ozoneimpl.OzoneContainer (OzoneContainer.java:start(213)) - Attempting to start container services.
2019-10-10 21:16:31,685 [Datanode State Machine Thread - 0] INFO  ozoneimpl.OzoneContainer (OzoneContainer.java:startContainerScrub(177)) - Background container scanner has been disabled.
2019-10-10 21:16:31,686 [Datanode State Machine Thread - 0] INFO  ratis.XceiverServerRatis (XceiverServerRatis.java:start(418)) - Starting XceiverServerRatis 4dd36702-53a7-4085-b21d-6691758441ba at port 0
2019-10-10 21:16:31,694 [Datanode State Machine Thread - 0] INFO  impl.RaftServerProxy (RaftServerProxy.java:lambda$start$3(299)) - 4dd36702-53a7-4085-b21d-6691758441ba: start RPC server
2019-10-10 21:16:31,698 [Datanode State Machine Thread - 0] INFO  server.GrpcService (GrpcService.java:startImpl(158)) - 4dd36702-53a7-4085-b21d-6691758441ba: GrpcService started, listening on 0.0.0.0/0.0.0.0:46143
2019-10-10 21:16:31,698 [Datanode State Machine Thread - 0] INFO  ratis.XceiverServerRatis (XceiverServerRatis.java:start(428)) - XceiverServerRatis 4dd36702-53a7-4085-b21d-6691758441ba is started using port 46143
2019-10-10 21:16:31,699 [Datanode State Machine Thread - 0] INFO  ozoneimpl.OzoneContainer (OzoneContainer.java:start(213)) - Attempting to start container services.
2019-10-10 21:16:31,699 [Datanode State Machine Thread - 0] INFO  ozoneimpl.OzoneContainer (OzoneContainer.java:startContainerScrub(177)) - Background container scanner has been disabled.
2019-10-10 21:16:31,699 [Datanode State Machine Thread - 0] INFO  ratis.XceiverServerRatis (XceiverServerRatis.java:start(418)) - Starting XceiverServerRatis 000d08e1-dac6-43bf-b6c9-fdaea313fa50 at port 0
2019-10-10 21:16:31,699 [Datanode State Machine Thread - 0] INFO  server.XceiverServerGrpc (XceiverServerGrpc.java:start(149)) - XceiverServerGrpc 4dd36702-53a7-4085-b21d-6691758441ba is started using port 38429
2019-10-10 21:16:31,708 [Datanode State Machine Thread - 0] INFO  impl.RaftServerProxy (RaftServerProxy.java:lambda$start$3(299)) - 000d08e1-dac6-43bf-b6c9-fdaea313fa50: start RPC server
2019-10-10 21:16:31,709 [Datanode State Machine Thread - 0] INFO  server.GrpcService (GrpcService.java:startImpl(158)) - 000d08e1-dac6-43bf-b6c9-fdaea313fa50: GrpcService started, listening on 0.0.0.0/0.0.0.0:38901
2019-10-10 21:16:31,709 [Datanode State Machine Thread - 0] INFO  ratis.XceiverServerRatis (XceiverServerRatis.java:start(428)) - XceiverServerRatis 000d08e1-dac6-43bf-b6c9-fdaea313fa50 is started using port 38901
2019-10-10 21:16:31,711 [Datanode State Machine Thread - 0] INFO  server.XceiverServerGrpc (XceiverServerGrpc.java:start(149)) - XceiverServerGrpc 000d08e1-dac6-43bf-b6c9-fdaea313fa50 is started using port 32921
2019-10-10 21:16:31,764 [Datanode State Machine Thread - 0] INFO  ozoneimpl.OzoneContainer (OzoneContainer.java:start(213)) - Attempting to start container services.
2019-10-10 21:16:31,764 [Datanode State Machine Thread - 0] INFO  ozoneimpl.OzoneContainer (OzoneContainer.java:startContainerScrub(177)) - Background container scanner has been disabled.
2019-10-10 21:16:31,764 [Datanode State Machine Thread - 0] INFO  ratis.XceiverServerRatis (XceiverServerRatis.java:start(418)) - Starting XceiverServerRatis 8fd951db-7700-4d80-a199-354913c0ec9e at port 0
2019-10-10 21:16:31,771 [Datanode State Machine Thread - 0] INFO  impl.RaftServerProxy (RaftServerProxy.java:lambda$start$3(299)) - 8fd951db-7700-4d80-a199-354913c0ec9e: start RPC server
2019-10-10 21:16:31,771 [Datanode State Machine Thread - 0] INFO  server.GrpcService (GrpcService.java:startImpl(158)) - 8fd951db-7700-4d80-a199-354913c0ec9e: GrpcService started, listening on 0.0.0.0/0.0.0.0:35042
2019-10-10 21:16:31,771 [Datanode State Machine Thread - 0] INFO  ratis.XceiverServerRatis (XceiverServerRatis.java:start(428)) - XceiverServerRatis 8fd951db-7700-4d80-a199-354913c0ec9e is started using port 35042
2019-10-10 21:16:31,771 [Datanode State Machine Thread - 0] INFO  server.XceiverServerGrpc (XceiverServerGrpc.java:start(149)) - XceiverServerGrpc 8fd951db-7700-4d80-a199-354913c0ec9e is started using port 44614
2019-10-10 21:16:31,824 [Datanode State Machine Thread - 0] INFO  ozoneimpl.OzoneContainer (OzoneContainer.java:start(213)) - Attempting to start container services.
2019-10-10 21:16:31,824 [Datanode State Machine Thread - 0] INFO  ozoneimpl.OzoneContainer (OzoneContainer.java:startContainerScrub(177)) - Background container scanner has been disabled.
2019-10-10 21:16:31,825 [Datanode State Machine Thread - 0] INFO  ratis.XceiverServerRatis (XceiverServerRatis.java:start(418)) - Starting XceiverServerRatis 32311c87-0abf-4b2b-beb5-d95d041bafb4 at port 0
2019-10-10 21:16:31,833 [Datanode State Machine Thread - 0] INFO  impl.RaftServerProxy (RaftServerProxy.java:lambda$start$3(299)) - 32311c87-0abf-4b2b-beb5-d95d041bafb4: start RPC server
2019-10-10 21:16:31,834 [Datanode State Machine Thread - 0] INFO  server.GrpcService (GrpcService.java:startImpl(158)) - 32311c87-0abf-4b2b-beb5-d95d041bafb4: GrpcService started, listening on 0.0.0.0/0.0.0.0:39605
2019-10-10 21:16:31,834 [Datanode State Machine Thread - 0] INFO  ratis.XceiverServerRatis (XceiverServerRatis.java:start(428)) - XceiverServerRatis 32311c87-0abf-4b2b-beb5-d95d041bafb4 is started using port 39605
2019-10-10 21:16:31,834 [Datanode State Machine Thread - 0] INFO  server.XceiverServerGrpc (XceiverServerGrpc.java:start(149)) - XceiverServerGrpc 32311c87-0abf-4b2b-beb5-d95d041bafb4 is started using port 38619
2019-10-10 21:16:31,883 [Datanode State Machine Thread - 0] INFO  ozoneimpl.OzoneContainer (OzoneContainer.java:start(213)) - Attempting to start container services.
2019-10-10 21:16:31,884 [Datanode State Machine Thread - 0] INFO  ozoneimpl.OzoneContainer (OzoneContainer.java:startContainerScrub(177)) - Background container scanner has been disabled.
2019-10-10 21:16:31,884 [Datanode State Machine Thread - 0] INFO  ratis.XceiverServerRatis (XceiverServerRatis.java:start(418)) - Starting XceiverServerRatis 59f3a390-2aa1-4e37-bd82-a5248a92ff56 at port 0
2019-10-10 21:16:31,891 [Datanode State Machine Thread - 0] INFO  impl.RaftServerProxy (RaftServerProxy.java:lambda$start$3(299)) - 59f3a390-2aa1-4e37-bd82-a5248a92ff56: start RPC server
2019-10-10 21:16:31,894 [Datanode State Machine Thread - 0] INFO  server.GrpcService (GrpcService.java:startImpl(158)) - 59f3a390-2aa1-4e37-bd82-a5248a92ff56: GrpcService started, listening on 0.0.0.0/0.0.0.0:40169
2019-10-10 21:16:31,895 [Datanode State Machine Thread - 0] INFO  ratis.XceiverServerRatis (XceiverServerRatis.java:start(428)) - XceiverServerRatis 59f3a390-2aa1-4e37-bd82-a5248a92ff56 is started using port 40169
2019-10-10 21:16:31,895 [Datanode State Machine Thread - 0] INFO  server.XceiverServerGrpc (XceiverServerGrpc.java:start(149)) - XceiverServerGrpc 59f3a390-2aa1-4e37-bd82-a5248a92ff56 is started using port 41285
2019-10-10 21:16:31,938 [Datanode State Machine Thread - 0] INFO  ozoneimpl.OzoneContainer (OzoneContainer.java:start(213)) - Attempting to start container services.
2019-10-10 21:16:31,938 [Datanode State Machine Thread - 0] INFO  ozoneimpl.OzoneContainer (OzoneContainer.java:startContainerScrub(177)) - Background container scanner has been disabled.
2019-10-10 21:16:31,939 [Datanode State Machine Thread - 0] INFO  ratis.XceiverServerRatis (XceiverServerRatis.java:start(418)) - Starting XceiverServerRatis 850901b9-0502-4ea6-8169-4e83f9f8b449 at port 0
2019-10-10 21:16:31,946 [Datanode State Machine Thread - 0] INFO  impl.RaftServerProxy (RaftServerProxy.java:lambda$start$3(299)) - 850901b9-0502-4ea6-8169-4e83f9f8b449: start RPC server
2019-10-10 21:16:31,965 [Datanode State Machine Thread - 0] INFO  server.GrpcService (GrpcService.java:startImpl(158)) - 850901b9-0502-4ea6-8169-4e83f9f8b449: GrpcService started, listening on 0.0.0.0/0.0.0.0:44644
2019-10-10 21:16:31,966 [Datanode State Machine Thread - 0] INFO  ratis.XceiverServerRatis (XceiverServerRatis.java:start(428)) - XceiverServerRatis 850901b9-0502-4ea6-8169-4e83f9f8b449 is started using port 44644
2019-10-10 21:16:31,966 [Datanode State Machine Thread - 0] INFO  server.XceiverServerGrpc (XceiverServerGrpc.java:start(149)) - XceiverServerGrpc 850901b9-0502-4ea6-8169-4e83f9f8b449 is started using port 44766
2019-10-10 21:16:31,985 [main] INFO  ozone.MiniOzoneClusterImpl (MiniOzoneClusterImpl.java:lambda$waitForClusterToBeReady$0(147)) - Waiting for cluster to be ready. Got 0 of 7 DN Heartbeats.
2019-10-10 21:16:31,999 [Datanode State Machine Thread - 0] INFO  ozoneimpl.OzoneContainer (OzoneContainer.java:start(213)) - Attempting to start container services.
2019-10-10 21:16:32,000 [Datanode State Machine Thread - 0] INFO  ozoneimpl.OzoneContainer (OzoneContainer.java:startContainerScrub(177)) - Background container scanner has been disabled.
2019-10-10 21:16:32,000 [Datanode State Machine Thread - 0] INFO  ratis.XceiverServerRatis (XceiverServerRatis.java:start(418)) - Starting XceiverServerRatis a2da2853-f47a-4827-bfd4-ede700e58c59 at port 0
2019-10-10 21:16:32,006 [Datanode State Machine Thread - 0] INFO  impl.RaftServerProxy (RaftServerProxy.java:lambda$start$3(299)) - a2da2853-f47a-4827-bfd4-ede700e58c59: start RPC server
2019-10-10 21:16:32,009 [Datanode State Machine Thread - 0] INFO  server.GrpcService (GrpcService.java:startImpl(158)) - a2da2853-f47a-4827-bfd4-ede700e58c59: GrpcService started, listening on 0.0.0.0/0.0.0.0:32839
2019-10-10 21:16:32,009 [Datanode State Machine Thread - 0] INFO  ratis.XceiverServerRatis (XceiverServerRatis.java:start(428)) - XceiverServerRatis a2da2853-f47a-4827-bfd4-ede700e58c59 is started using port 32839
2019-10-10 21:16:32,010 [Datanode State Machine Thread - 0] INFO  server.XceiverServerGrpc (XceiverServerGrpc.java:start(149)) - XceiverServerGrpc a2da2853-f47a-4827-bfd4-ede700e58c59 is started using port 43437
2019-10-10 21:16:32,986 [main] INFO  ozone.MiniOzoneClusterImpl (MiniOzoneClusterImpl.java:lambda$waitForClusterToBeReady$0(147)) - Waiting for cluster to be ready. Got 0 of 7 DN Heartbeats.
2019-10-10 21:16:33,626 [IPC Server handler 3 on 33321] INFO  net.NetworkTopology (NetworkTopologyImpl.java:add(111)) - Added a new node: /default-rack/4dd36702-53a7-4085-b21d-6691758441ba
2019-10-10 21:16:33,629 [IPC Server handler 3 on 33321] INFO  node.SCMNodeManager (SCMNodeManager.java:register(268)) - Registered Data node : 4dd36702-53a7-4085-b21d-6691758441ba{ip: 192.168.157.203, host: pr-hdds-1986-lk2hz-517324276, networkLocation: /default-rack, certSerialId: null}
2019-10-10 21:16:33,630 [EventQueue-NodeRegistrationContainerReportForDataNodeSafeModeRule] INFO  safemode.SCMSafeModeManager (DataNodeSafeModeRule.java:process(71)) - SCM in safe mode. 1 DataNodes registered, 1 required.
2019-10-10 21:16:33,633 [EventQueue-NodeRegistrationContainerReportForDataNodeSafeModeRule] INFO  safemode.SCMSafeModeManager (SCMSafeModeManager.java:validateSafeModeExitRules(177)) - ScmSafeModeManager, all rules are successfully validated
2019-10-10 21:16:33,633 [EventQueue-NodeRegistrationContainerReportForDataNodeSafeModeRule] INFO  safemode.SCMSafeModeManager (SCMSafeModeManager.java:exitSafeMode(193)) - SCM exiting safe mode.
2019-10-10 21:16:33,643 [grpc-default-executor-8] INFO  impl.RaftServerProxy (RaftServerProxy.java:addNew(89)) - 4dd36702-53a7-4085-b21d-6691758441ba: addNew group-CE6B36B57A7C:[4dd36702-53a7-4085-b21d-6691758441ba:192.168.157.203:46143] returns group-CE6B36B57A7C:java.util.concurrent.CompletableFuture@20cebed7[Not completed]
2019-10-10 21:16:33,645 [pool-409-thread-1] INFO  impl.RaftServerImpl (RaftServerImpl.java:<init>(95)) - 4dd36702-53a7-4085-b21d-6691758441ba: new RaftServerImpl for group-CE6B36B57A7C:[4dd36702-53a7-4085-b21d-6691758441ba:192.168.157.203:46143] with ContainerStateMachine:uninitialized
2019-10-10 21:16:33,645 [pool-409-thread-1] INFO  server.RaftServerConfigKeys (ConfUtils.java:logGet(43)) - raft.server.rpc.timeout.min = 5s (custom)
2019-10-10 21:16:33,645 [pool-409-thread-1] INFO  server.RaftServerConfigKeys (ConfUtils.java:logGet(43)) - raft.server.rpc.timeout.max = 5200ms (custom)
2019-10-10 21:16:33,646 [pool-409-thread-1] INFO  server.RaftServerConfigKeys (ConfUtils.java:logGet(43)) - raft.server.rpcslowness.timeout = 120s (custom)
2019-10-10 21:16:33,646 [pool-409-thread-1] INFO  server.RaftServerConfigKeys (ConfUtils.java:logGet(43)) - raft.server.sleep.deviation.threshold = 300 (default)
2019-10-10 21:16:33,646 [pool-409-thread-1] INFO  server.RaftServerConfigKeys (ConfUtils.java:logGet(43)) - raft.server.log.appender.install.snapshot.enabled = false (custom)
2019-10-10 21:16:33,646 [pool-409-thread-1] INFO  impl.RaftServerImpl (ServerState.java:<init>(103)) - 4dd36702-53a7-4085-b21d-6691758441ba@group-CE6B36B57A7C: ConfigurationManager, init=-1: [4dd36702-53a7-4085-b21d-6691758441ba:192.168.157.203:46143], old=null, confs=<EMPTY_MAP>
2019-10-10 21:16:33,646 [pool-409-thread-1] INFO  server.RaftServerConfigKeys (ConfUtils.java:logGet(43)) - raft.server.storage.dir = [/workdir/hadoop-ozone/integration-test/target/test-dir/MiniOzoneClusterImpl-008c13f9-99c9-46b6-a713-c4581bd201ba/datanode-0/data/ratis] (custom)
2019-10-10 21:16:33,646 [pool-409-thread-1] INFO  server.RaftServerConfigKeys (ConfUtils.java:logGet(43)) - raft.server.log.corruption.policy = EXCEPTION (default)
2019-10-10 21:16:33,648 [pool-409-thread-1] INFO  storage.RaftStorageDirectory (RaftStorageDirectory.java:analyzeStorage(246)) - The storage directory /workdir/hadoop-ozone/integration-test/target/test-dir/MiniOzoneClusterImpl-008c13f9-99c9-46b6-a713-c4581bd201ba/datanode-0/data/ratis/ff3ab2fd-fe0c-4955-a554-ce6b36b57a7c does not exist. Creating ...
2019-10-10 21:16:33,661 [pool-409-thread-1] INFO  storage.RaftStorageDirectory (RaftStorageDirectory.java:tryLock(328)) - Lock on /workdir/hadoop-ozone/integration-test/target/test-dir/MiniOzoneClusterImpl-008c13f9-99c9-46b6-a713-c4581bd201ba/datanode-0/data/ratis/ff3ab2fd-fe0c-4955-a554-ce6b36b57a7c/in_use.lock acquired by nodename 7083@pr-hdds-1986-lk2hz-517324276
2019-10-10 21:16:33,674 [pool-409-thread-1] INFO  storage.RaftStorage (RaftStorage.java:format(84)) - Storage directory /workdir/hadoop-ozone/integration-test/target/test-dir/MiniOzoneClusterImpl-008c13f9-99c9-46b6-a713-c4581bd201ba/datanode-0/data/ratis/ff3ab2fd-fe0c-4955-a554-ce6b36b57a7c has been successfully formatted.
2019-10-10 21:16:33,674 [pool-409-thread-1] INFO  ratis.ContainerStateMachine (ContainerStateMachine.java:loadSnapshot(231)) - group-CE6B36B57A7C: The snapshot info is null. Setting the last applied indexto:(t:0, i:~)
2019-10-10 21:16:33,674 [pool-409-thread-1] INFO  server.RaftServerConfigKeys (ConfUtils.java:logGet(43)) - raft.server.notification.no-leader.timeout = 120s (custom)
2019-10-10 21:16:33,674 [pool-409-thread-1] INFO  server.RaftServerConfigKeys (ConfUtils.java:logGet(43)) - raft.server.log.use.memory = false (default)
2019-10-10 21:16:33,674 [pool-409-thread-1] INFO  server.RaftServerConfigKeys (ConfUtils.java:logGet(43)) - raft.server.log.purge.gap = 1000000 (custom)
2019-10-10 21:16:33,674 [pool-409-thread-1] INFO  server.RaftServerConfigKeys (ConfUtils.java:logGet(43)) - raft.server.log.appender.buffer.byte-limit = 33554432 (custom)
2019-10-10 21:16:33,675 [pool-409-thread-1] INFO  server.RaftServerConfigKeys (ConfUtils.java:logGet(43)) - raft.server.log.segment.size.max = 1048576 (custom)
2019-10-10 21:16:33,676 [pool-409-thread-1] INFO  server.RaftServerConfigKeys (ConfUtils.java:logGet(43)) - raft.server.log.segment.cache.num.max = 2 (custom)
2019-10-10 21:16:33,676 [pool-409-thread-1] INFO  segmented.SegmentedRaftLogWorker (SegmentedRaftLogWorker.java:<init>(173)) - new 4dd36702-53a7-4085-b21d-6691758441ba@group-CE6B36B57A7C-SegmentedRaftLogWorker for RaftStorage:Storage Directory /workdir/hadoop-ozone/integration-test/target/test-dir/MiniOzoneClusterImpl-008c13f9-99c9-46b6-a713-c4581bd201ba/datanode-0/data/ratis/ff3ab2fd-fe0c-4955-a554-ce6b36b57a7c
2019-10-10 21:16:33,676 [pool-409-thread-1] INFO  server.RaftServerConfigKeys (ConfUtils.java:logGet(43)) - raft.server.log.queue.byte-limit = 2147483647 (custom)
2019-10-10 21:16:33,676 [pool-409-thread-1] INFO  server.RaftServerConfigKeys (ConfUtils.java:logGet(43)) - raft.server.log.queue.element-limit = 1024 (custom)
2019-10-10 21:16:33,676 [pool-409-thread-1] INFO  server.RaftServerConfigKeys (ConfUtils.java:logGet(43)) - raft.server.log.segment.size.max = 1048576 (custom)
2019-10-10 21:16:33,677 [pool-409-thread-1] INFO  server.RaftServerConfigKeys (ConfUtils.java:logGet(43)) - raft.server.log.preallocated.size = 16384 (custom)
2019-10-10 21:16:33,677 [pool-409-thread-1] INFO  server.RaftServerConfigKeys (ConfUtils.java:logGet(43)) - raft.server.log.write.buffer.size = 33554432 (custom)
2019-10-10 21:16:33,677 [pool-409-thread-1] INFO  server.RaftServerConfigKeys (ConfUtils.java:logGet(43)) - raft.server.log.force.sync.num = 128 (default)
2019-10-10 21:16:33,677 [pool-409-thread-1] INFO  server.RaftServerConfigKeys (ConfUtils.java:logGet(43)) - raft.server.log.statemachine.data.sync = true (default)
2019-10-10 21:16:33,677 [pool-409-thread-1] INFO  server.RaftServerConfigKeys (ConfUtils.java:logGet(43)) - raft.server.log.statemachine.data.sync.timeout = 10s (default)
2019-10-10 21:16:33,677 [pool-409-thread-1] INFO  server.RaftServerConfigKeys (ConfUtils.java:logGet(43)) - raft.server.log.statemachine.data.sync.timeout.retry = -1 (default)
2019-10-10 21:16:33,677 [pool-409-thread-1] INFO  server.RaftServerConfigKeys (ConfUtils.java:logGet(43)) - raft.server.log.statemachine.data.caching.enabled = true (custom)
2019-10-10 21:16:33,678 [pool-409-thread-1] INFO  segmented.SegmentedRaftLogWorker (SegmentedRaftLogWorker.java:lambda$new$0(128)) - 4dd36702-53a7-4085-b21d-6691758441ba@group-CE6B36B57A7C-SegmentedRaftLogWorker: flushIndex: setUnconditionally 0 -> -1
2019-10-10 21:16:33,678 [pool-409-thread-1] INFO  server.RaftServerConfigKeys (ConfUtils.java:logGet(43)) - raft.server.snapshot.auto.trigger.enabled = true (custom)
2019-10-10 21:16:33,678 [pool-409-thread-1] INFO  server.RaftServerConfigKeys (ConfUtils.java:logGet(43)) - raft.server.snapshot.auto.trigger.threshold = 10000 (custom)
2019-10-10 21:16:33,678 [pool-409-thread-1] INFO  server.RaftServerConfigKeys (ConfUtils.java:logGet(43)) - raft.server.snapshot.retention.file.num = 5 (custom)
2019-10-10 21:16:33,678 [pool-409-thread-1] INFO  server.RaftServerConfigKeys (ConfUtils.java:logGet(43)) - raft.server.retrycache.expirytime = 600000ms (custom)
2019-10-10 21:16:33,679 [pool-409-thread-1] INFO  impl.RaftServerImpl (RaftServerImpl.java:start(181)) - 4dd36702-53a7-4085-b21d-6691758441ba@group-CE6B36B57A7C: start as a follower, conf=-1: [4dd36702-53a7-4085-b21d-6691758441ba:192.168.157.203:46143], old=null
2019-10-10 21:16:33,680 [pool-409-thread-1] INFO  impl.RaftServerImpl (RaftServerImpl.java:setRole(170)) - 4dd36702-53a7-4085-b21d-6691758441ba@group-CE6B36B57A7C: changes role from      null to FOLLOWER at term 0 for startAsFollower
2019-10-10 21:16:33,680 [pool-409-thread-1] INFO  impl.RoleInfo (RoleInfo.java:updateAndGet(143)) - 4dd36702-53a7-4085-b21d-6691758441ba: start FollowerState
2019-10-10 21:16:33,680 [pool-409-thread-1] INFO  util.JmxRegister (JmxRegister.java:tryRegister(44)) - Successfully registered JMX Bean with object name Ratis:service=RaftServer,group=group-CE6B36B57A7C,id=4dd36702-53a7-4085-b21d-6691758441ba
2019-10-10 21:16:33,683 [IPC Server handler 0 on 33321] INFO  net.NetworkTopology (NetworkTopologyImpl.java:add(111)) - Added a new node: /default-rack/000d08e1-dac6-43bf-b6c9-fdaea313fa50
2019-10-10 21:16:33,683 [IPC Server handler 0 on 33321] INFO  node.SCMNodeManager (SCMNodeManager.java:register(268)) - Registered Data node : 000d08e1-dac6-43bf-b6c9-fdaea313fa50{ip: 192.168.157.203, host: pr-hdds-1986-lk2hz-517324276, networkLocation: /default-rack, certSerialId: null}
2019-10-10 21:16:33,684 [RatisPipelineUtilsThread] INFO  pipeline.PipelineStateManager (PipelineStateManager.java:addPipeline(56)) - Created pipeline Pipeline[ Id: ff3ab2fd-fe0c-4955-a554-ce6b36b57a7c, Nodes: 4dd36702-53a7-4085-b21d-6691758441ba{ip: 192.168.157.203, host: pr-hdds-1986-lk2hz-517324276, networkLocation: /default-rack, certSerialId: null}, Type:RATIS, Factor:ONE, State:OPEN]
2019-10-10 21:16:33,692 [grpc-default-executor-8] INFO  impl.RaftServerProxy (RaftServerProxy.java:addNew(89)) - 000d08e1-dac6-43bf-b6c9-fdaea313fa50: addNew group-9EA5863B5011:[000d08e1-dac6-43bf-b6c9-fdaea313fa50:192.168.157.203:38901] returns group-9EA5863B5011:java.util.concurrent.CompletableFuture@80769d9[Not completed]
2019-10-10 21:16:33,693 [pool-419-thread-1] INFO  impl.RaftServerImpl (RaftServerImpl.java:<init>(95)) - 000d08e1-dac6-43bf-b6c9-fdaea313fa50: new RaftServerImpl for group-9EA5863B5011:[000d08e1-dac6-43bf-b6c9-fdaea313fa50:192.168.157.203:38901] with ContainerStateMachine:uninitialized
2019-10-10 21:16:33,693 [pool-419-thread-1] INFO  server.RaftServerConfigKeys (ConfUtils.java:logGet(43)) - raft.server.rpc.timeout.min = 5s (custom)
2019-10-10 21:16:33,693 [pool-419-thread-1] INFO  server.RaftServerConfigKeys (ConfUtils.java:logGet(43)) - raft.server.rpc.timeout.max = 5200ms (custom)
2019-10-10 21:16:33,693 [pool-419-thread-1] INFO  server.RaftServerConfigKeys (ConfUtils.java:logGet(43)) - raft.server.rpcslowness.timeout = 120s (custom)
2019-10-10 21:16:33,693 [pool-419-thread-1] INFO  server.RaftServerConfigKeys (ConfUtils.java:logGet(43)) - raft.server.sleep.deviation.threshold = 300 (default)
2019-10-10 21:16:33,693 [pool-419-thread-1] INFO  server.RaftServerConfigKeys (ConfUtils.java:logGet(43)) - raft.server.log.appender.install.snapshot.enabled = false (custom)
2019-10-10 21:16:33,693 [pool-419-thread-1] INFO  impl.RaftServerImpl (ServerState.java:<init>(103)) - 000d08e1-dac6-43bf-b6c9-fdaea313fa50@group-9EA5863B5011: ConfigurationManager, init=-1: [000d08e1-dac6-43bf-b6c9-fdaea313fa50:192.168.157.203:38901], old=null, confs=<EMPTY_MAP>
2019-10-10 21:16:33,693 [pool-419-thread-1] INFO  server.RaftServerConfigKeys (ConfUtils.java:logGet(43)) - raft.server.storage.dir = [/workdir/hadoop-ozone/integration-test/target/test-dir/MiniOzoneClusterImpl-008c13f9-99c9-46b6-a713-c4581bd201ba/datanode-1/data/ratis] (custom)
2019-10-10 21:16:33,693 [pool-419-thread-1] INFO  server.RaftServerConfigKeys (ConfUtils.java:logGet(43)) - raft.server.log.corruption.policy = EXCEPTION (default)
2019-10-10 21:16:33,694 [pool-419-thread-1] INFO  storage.RaftStorageDirectory (RaftStorageDirectory.java:analyzeStorage(246)) - The storage directory /workdir/hadoop-ozone/integration-test/target/test-dir/MiniOzoneClusterImpl-008c13f9-99c9-46b6-a713-c4581bd201ba/datanode-1/data/ratis/6c092939-8716-4a0d-9705-9ea5863b5011 does not exist. Creating ...
2019-10-10 21:16:33,714 [pool-419-thread-1] INFO  storage.RaftStorageDirectory (RaftStorageDirectory.java:tryLock(328)) - Lock on /workdir/hadoop-ozone/integration-test/target/test-dir/MiniOzoneClusterImpl-008c13f9-99c9-46b6-a713-c4581bd201ba/datanode-1/data/ratis/6c092939-8716-4a0d-9705-9ea5863b5011/in_use.lock acquired by nodename 7083@pr-hdds-1986-lk2hz-517324276
2019-10-10 21:16:33,727 [pool-419-thread-1] INFO  storage.RaftStorage (RaftStorage.java:format(84)) - Storage directory /workdir/hadoop-ozone/integration-test/target/test-dir/MiniOzoneClusterImpl-008c13f9-99c9-46b6-a713-c4581bd201ba/datanode-1/data/ratis/6c092939-8716-4a0d-9705-9ea5863b5011 has been successfully formatted.
2019-10-10 21:16:33,727 [pool-419-thread-1] INFO  ratis.ContainerStateMachine (ContainerStateMachine.java:loadSnapshot(231)) - group-9EA5863B5011: The snapshot info is null. Setting the last applied indexto:(t:0, i:~)
2019-10-10 21:16:33,727 [pool-419-thread-1] INFO  server.RaftServerConfigKeys (ConfUtils.java:logGet(43)) - raft.server.notification.no-leader.timeout = 120s (custom)
2019-10-10 21:16:33,727 [pool-419-thread-1] INFO  server.RaftServerConfigKeys (ConfUtils.java:logGet(43)) - raft.server.log.use.memory = false (default)
2019-10-10 21:16:33,728 [pool-419-thread-1] INFO  server.RaftServerConfigKeys (ConfUtils.java:logGet(43)) - raft.server.log.purge.gap = 1000000 (custom)
2019-10-10 21:16:33,728 [pool-419-thread-1] INFO  server.RaftServerConfigKeys (ConfUtils.java:logGet(43)) - raft.server.log.appender.buffer.byte-limit = 33554432 (custom)
2019-10-10 21:16:33,728 [pool-419-thread-1] INFO  server.RaftServerConfigKeys (ConfUtils.java:logGet(43)) - raft.server.log.segment.size.max = 1048576 (custom)
2019-10-10 21:16:33,730 [pool-419-thread-1] INFO  server.RaftServerConfigKeys (ConfUtils.java:logGet(43)) - raft.server.log.segment.cache.num.max = 2 (custom)
2019-10-10 21:16:33,730 [pool-419-thread-1] INFO  segmented.SegmentedRaftLogWorker (SegmentedRaftLogWorker.java:<init>(173)) - new 000d08e1-dac6-43bf-b6c9-fdaea313fa50@group-9EA5863B5011-SegmentedRaftLogWorker for RaftStorage:Storage Directory /workdir/hadoop-ozone/integration-test/target/test-dir/MiniOzoneClusterImpl-008c13f9-99c9-46b6-a713-c4581bd201ba/datanode-1/data/ratis/6c092939-8716-4a0d-9705-9ea5863b5011
2019-10-10 21:16:33,730 [pool-419-thread-1] INFO  server.RaftServerConfigKeys (ConfUtils.java:logGet(43)) - raft.server.log.queue.byte-limit = 2147483647 (custom)
2019-10-10 21:16:33,731 [pool-419-thread-1] INFO  server.RaftServerConfigKeys (ConfUtils.java:logGet(43)) - raft.server.log.queue.element-limit = 1024 (custom)
2019-10-10 21:16:33,731 [pool-419-thread-1] INFO  server.RaftServerConfigKeys (ConfUtils.java:logGet(43)) - raft.server.log.segment.size.max = 1048576 (custom)
2019-10-10 21:16:33,731 [pool-419-thread-1] INFO  server.RaftServerConfigKeys (ConfUtils.java:logGet(43)) - raft.server.log.preallocated.size = 16384 (custom)
2019-10-10 21:16:33,731 [pool-419-thread-1] INFO  server.RaftServerConfigKeys (ConfUtils.java:logGet(43)) - raft.server.log.write.buffer.size = 33554432 (custom)
2019-10-10 21:16:33,731 [pool-419-thread-1] INFO  server.RaftServerConfigKeys (ConfUtils.java:logGet(43)) - raft.server.log.force.sync.num = 128 (default)
2019-10-10 21:16:33,731 [pool-419-thread-1] INFO  server.RaftServerConfigKeys (ConfUtils.java:logGet(43)) - raft.server.log.statemachine.data.sync = true (default)
2019-10-10 21:16:33,731 [pool-419-thread-1] INFO  server.RaftServerConfigKeys (ConfUtils.java:logGet(43)) - raft.server.log.statemachine.data.sync.timeout = 10s (default)
2019-10-10 21:16:33,732 [pool-419-thread-1] INFO  server.RaftServerConfigKeys (ConfUtils.java:logGet(43)) - raft.server.log.statemachine.data.sync.timeout.retry = -1 (default)
2019-10-10 21:16:33,732 [pool-419-thread-1] INFO  server.RaftServerConfigKeys (ConfUtils.java:logGet(43)) - raft.server.log.statemachine.data.caching.enabled = true (custom)
2019-10-10 21:16:33,732 [pool-419-thread-1] INFO  segmented.SegmentedRaftLogWorker (SegmentedRaftLogWorker.java:lambda$new$0(128)) - 000d08e1-dac6-43bf-b6c9-fdaea313fa50@group-9EA5863B5011-SegmentedRaftLogWorker: flushIndex: setUnconditionally 0 -> -1
2019-10-10 21:16:33,733 [pool-419-thread-1] INFO  server.RaftServerConfigKeys (ConfUtils.java:logGet(43)) - raft.server.snapshot.auto.trigger.enabled = true (custom)
2019-10-10 21:16:33,733 [pool-419-thread-1] INFO  server.RaftServerConfigKeys (ConfUtils.java:logGet(43)) - raft.server.snapshot.auto.trigger.threshold = 10000 (custom)
2019-10-10 21:16:33,733 [pool-419-thread-1] INFO  server.RaftServerConfigKeys (ConfUtils.java:logGet(43)) - raft.server.snapshot.retention.file.num = 5 (custom)
2019-10-10 21:16:33,733 [pool-419-thread-1] INFO  server.RaftServerConfigKeys (ConfUtils.java:logGet(43)) - raft.server.retrycache.expirytime = 600000ms (custom)
2019-10-10 21:16:33,735 [pool-419-thread-1] INFO  impl.RaftServerImpl (RaftServerImpl.java:start(181)) - 000d08e1-dac6-43bf-b6c9-fdaea313fa50@group-9EA5863B5011: start as a follower, conf=-1: [000d08e1-dac6-43bf-b6c9-fdaea313fa50:192.168.157.203:38901], old=null
2019-10-10 21:16:33,735 [pool-419-thread-1] INFO  impl.RaftServerImpl (RaftServerImpl.java:setRole(170)) - 000d08e1-dac6-43bf-b6c9-fdaea313fa50@group-9EA5863B5011: changes role from      null to FOLLOWER at term 0 for startAsFollower
2019-10-10 21:16:33,735 [pool-419-thread-1] INFO  impl.RoleInfo (RoleInfo.java:updateAndGet(143)) - 000d08e1-dac6-43bf-b6c9-fdaea313fa50: start FollowerState
2019-10-10 21:16:33,736 [pool-419-thread-1] INFO  util.JmxRegister (JmxRegister.java:tryRegister(44)) - Successfully registered JMX Bean with object name Ratis:service=RaftServer,group=group-9EA5863B5011,id=000d08e1-dac6-43bf-b6c9-fdaea313fa50
2019-10-10 21:16:33,740 [RatisPipelineUtilsThread] INFO  pipeline.PipelineStateManager (PipelineStateManager.java:addPipeline(56)) - Created pipeline Pipeline[ Id: 6c092939-8716-4a0d-9705-9ea5863b5011, Nodes: 000d08e1-dac6-43bf-b6c9-fdaea313fa50{ip: 192.168.157.203, host: pr-hdds-1986-lk2hz-517324276, networkLocation: /default-rack, certSerialId: null}, Type:RATIS, Factor:ONE, State:OPEN]
2019-10-10 21:16:33,752 [IPC Server handler 5 on 33321] INFO  net.NetworkTopology (NetworkTopologyImpl.java:add(111)) - Added a new node: /default-rack/8fd951db-7700-4d80-a199-354913c0ec9e
2019-10-10 21:16:33,752 [IPC Server handler 5 on 33321] INFO  node.SCMNodeManager (SCMNodeManager.java:register(268)) - Registered Data node : 8fd951db-7700-4d80-a199-354913c0ec9e{ip: 192.168.157.203, host: pr-hdds-1986-lk2hz-517324276, networkLocation: /default-rack, certSerialId: null}
2019-10-10 21:16:33,758 [grpc-default-executor-8] INFO  impl.RaftServerProxy (RaftServerProxy.java:addNew(89)) - 8fd951db-7700-4d80-a199-354913c0ec9e: addNew group-FDF4C9391193:[8fd951db-7700-4d80-a199-354913c0ec9e:192.168.157.203:35042] returns group-FDF4C9391193:java.util.concurrent.CompletableFuture@1b007158[Not completed]
2019-10-10 21:16:33,759 [pool-429-thread-1] INFO  impl.RaftServerImpl (RaftServerImpl.java:<init>(95)) - 8fd951db-7700-4d80-a199-354913c0ec9e: new RaftServerImpl for group-FDF4C9391193:[8fd951db-7700-4d80-a199-354913c0ec9e:192.168.157.203:35042] with ContainerStateMachine:uninitialized
2019-10-10 21:16:33,759 [pool-429-thread-1] INFO  server.RaftServerConfigKeys (ConfUtils.java:logGet(43)) - raft.server.rpc.timeout.min = 5s (custom)
2019-10-10 21:16:33,760 [pool-429-thread-1] INFO  server.RaftServerConfigKeys (ConfUtils.java:logGet(43)) - raft.server.rpc.timeout.max = 5200ms (custom)
2019-10-10 21:16:33,760 [pool-429-thread-1] INFO  server.RaftServerConfigKeys (ConfUtils.java:logGet(43)) - raft.server.rpcslowness.timeout = 120s (custom)
2019-10-10 21:16:33,760 [pool-429-thread-1] INFO  server.RaftServerConfigKeys (ConfUtils.java:logGet(43)) - raft.server.sleep.deviation.threshold = 300 (default)
2019-10-10 21:16:33,760 [pool-429-thread-1] INFO  server.RaftServerConfigKeys (ConfUtils.java:logGet(43)) - raft.server.log.appender.install.snapshot.enabled = false (custom)
2019-10-10 21:16:33,760 [pool-429-thread-1] INFO  impl.RaftServerImpl (ServerState.java:<init>(103)) - 8fd951db-7700-4d80-a199-354913c0ec9e@group-FDF4C9391193: ConfigurationManager, init=-1: [8fd951db-7700-4d80-a199-354913c0ec9e:192.168.157.203:35042], old=null, confs=<EMPTY_MAP>
2019-10-10 21:16:33,760 [pool-429-thread-1] INFO  server.RaftServerConfigKeys (ConfUtils.java:logGet(43)) - raft.server.storage.dir = [/workdir/hadoop-ozone/integration-test/target/test-dir/MiniOzoneClusterImpl-008c13f9-99c9-46b6-a713-c4581bd201ba/datanode-2/data/ratis] (custom)
2019-10-10 21:16:33,761 [pool-429-thread-1] INFO  server.RaftServerConfigKeys (ConfUtils.java:logGet(43)) - raft.server.log.corruption.policy = EXCEPTION (default)
2019-10-10 21:16:33,761 [pool-429-thread-1] INFO  storage.RaftStorageDirectory (RaftStorageDirectory.java:analyzeStorage(246)) - The storage directory /workdir/hadoop-ozone/integration-test/target/test-dir/MiniOzoneClusterImpl-008c13f9-99c9-46b6-a713-c4581bd201ba/datanode-2/data/ratis/418fc3cb-3258-450f-81b4-fdf4c9391193 does not exist. Creating ...
2019-10-10 21:16:33,773 [pool-429-thread-1] INFO  storage.RaftStorageDirectory (RaftStorageDirectory.java:tryLock(328)) - Lock on /workdir/hadoop-ozone/integration-test/target/test-dir/MiniOzoneClusterImpl-008c13f9-99c9-46b6-a713-c4581bd201ba/datanode-2/data/ratis/418fc3cb-3258-450f-81b4-fdf4c9391193/in_use.lock acquired by nodename 7083@pr-hdds-1986-lk2hz-517324276
2019-10-10 21:16:33,787 [pool-429-thread-1] INFO  storage.RaftStorage (RaftStorage.java:format(84)) - Storage directory /workdir/hadoop-ozone/integration-test/target/test-dir/MiniOzoneClusterImpl-008c13f9-99c9-46b6-a713-c4581bd201ba/datanode-2/data/ratis/418fc3cb-3258-450f-81b4-fdf4c9391193 has been successfully formatted.
2019-10-10 21:16:33,787 [pool-429-thread-1] INFO  ratis.ContainerStateMachine (ContainerStateMachine.java:loadSnapshot(231)) - group-FDF4C9391193: The snapshot info is null. Setting the last applied indexto:(t:0, i:~)
2019-10-10 21:16:33,787 [pool-429-thread-1] INFO  server.RaftServerConfigKeys (ConfUtils.java:logGet(43)) - raft.server.notification.no-leader.timeout = 120s (custom)
2019-10-10 21:16:33,787 [pool-429-thread-1] INFO  server.RaftServerConfigKeys (ConfUtils.java:logGet(43)) - raft.server.log.use.memory = false (default)
2019-10-10 21:16:33,787 [pool-429-thread-1] INFO  server.RaftServerConfigKeys (ConfUtils.java:logGet(43)) - raft.server.log.purge.gap = 1000000 (custom)
2019-10-10 21:16:33,787 [pool-429-thread-1] INFO  server.RaftServerConfigKeys (ConfUtils.java:logGet(43)) - raft.server.log.appender.buffer.byte-limit = 33554432 (custom)
2019-10-10 21:16:33,788 [pool-429-thread-1] INFO  server.RaftServerConfigKeys (ConfUtils.java:logGet(43)) - raft.server.log.segment.size.max = 1048576 (custom)
2019-10-10 21:16:33,789 [pool-429-thread-1] INFO  server.RaftServerConfigKeys (ConfUtils.java:logGet(43)) - raft.server.log.segment.cache.num.max = 2 (custom)
2019-10-10 21:16:33,789 [pool-429-thread-1] INFO  segmented.SegmentedRaftLogWorker (SegmentedRaftLogWorker.java:<init>(173)) - new 8fd951db-7700-4d80-a199-354913c0ec9e@group-FDF4C9391193-SegmentedRaftLogWorker for RaftStorage:Storage Directory /workdir/hadoop-ozone/integration-test/target/test-dir/MiniOzoneClusterImpl-008c13f9-99c9-46b6-a713-c4581bd201ba/datanode-2/data/ratis/418fc3cb-3258-450f-81b4-fdf4c9391193
2019-10-10 21:16:33,789 [pool-429-thread-1] INFO  server.RaftServerConfigKeys (ConfUtils.java:logGet(43)) - raft.server.log.queue.byte-limit = 2147483647 (custom)
2019-10-10 21:16:33,790 [pool-429-thread-1] INFO  server.RaftServerConfigKeys (ConfUtils.java:logGet(43)) - raft.server.log.queue.element-limit = 1024 (custom)
2019-10-10 21:16:33,790 [pool-429-thread-1] INFO  server.RaftServerConfigKeys (ConfUtils.java:logGet(43)) - raft.server.log.segment.size.max = 1048576 (custom)
2019-10-10 21:16:33,790 [pool-429-thread-1] INFO  server.RaftServerConfigKeys (ConfUtils.java:logGet(43)) - raft.server.log.preallocated.size = 16384 (custom)
2019-10-10 21:16:33,790 [pool-429-thread-1] INFO  server.RaftServerConfigKeys (ConfUtils.java:logGet(43)) - raft.server.log.write.buffer.size = 33554432 (custom)
2019-10-10 21:16:33,790 [pool-429-thread-1] INFO  server.RaftServerConfigKeys (ConfUtils.java:logGet(43)) - raft.server.log.force.sync.num = 128 (default)
2019-10-10 21:16:33,790 [pool-429-thread-1] INFO  server.RaftServerConfigKeys (ConfUtils.java:logGet(43)) - raft.server.log.statemachine.data.sync = true (default)
2019-10-10 21:16:33,790 [pool-429-thread-1] INFO  server.RaftServerConfigKeys (ConfUtils.java:logGet(43)) - raft.server.log.statemachine.data.sync.timeout = 10s (default)
2019-10-10 21:16:33,791 [pool-429-thread-1] INFO  server.RaftServerConfigKeys (ConfUtils.java:logGet(43)) - raft.server.log.statemachine.data.sync.timeout.retry = -1 (default)
2019-10-10 21:16:33,791 [pool-429-thread-1] INFO  server.RaftServerConfigKeys (ConfUtils.java:logGet(43)) - raft.server.log.statemachine.data.caching.enabled = true (custom)
2019-10-10 21:16:33,791 [pool-429-thread-1] INFO  segmented.SegmentedRaftLogWorker (SegmentedRaftLogWorker.java:lambda$new$0(128)) - 8fd951db-7700-4d80-a199-354913c0ec9e@group-FDF4C9391193-SegmentedRaftLogWorker: flushIndex: setUnconditionally 0 -> -1
2019-10-10 21:16:33,792 [pool-429-thread-1] INFO  server.RaftServerConfigKeys (ConfUtils.java:logGet(43)) - raft.server.snapshot.auto.trigger.enabled = true (custom)
2019-10-10 21:16:33,792 [pool-429-thread-1] INFO  server.RaftServerConfigKeys (ConfUtils.java:logGet(43)) - raft.server.snapshot.auto.trigger.threshold = 10000 (custom)
2019-10-10 21:16:33,792 [pool-429-thread-1] INFO  server.RaftServerConfigKeys (ConfUtils.java:logGet(43)) - raft.server.snapshot.retention.file.num = 5 (custom)
2019-10-10 21:16:33,792 [pool-429-thread-1] INFO  server.RaftServerConfigKeys (ConfUtils.java:logGet(43)) - raft.server.retrycache.expirytime = 600000ms (custom)
2019-10-10 21:16:33,794 [pool-429-thread-1] INFO  impl.RaftServerImpl (RaftServerImpl.java:start(181)) - 8fd951db-7700-4d80-a199-354913c0ec9e@group-FDF4C9391193: start as a follower, conf=-1: [8fd951db-7700-4d80-a199-354913c0ec9e:192.168.157.203:35042], old=null
2019-10-10 21:16:33,794 [pool-429-thread-1] INFO  impl.RaftServerImpl (RaftServerImpl.java:setRole(170)) - 8fd951db-7700-4d80-a199-354913c0ec9e@group-FDF4C9391193: changes role from      null to FOLLOWER at term 0 for startAsFollower
2019-10-10 21:16:33,794 [pool-429-thread-1] INFO  impl.RoleInfo (RoleInfo.java:updateAndGet(143)) - 8fd951db-7700-4d80-a199-354913c0ec9e: start FollowerState
2019-10-10 21:16:33,794 [pool-429-thread-1] INFO  util.JmxRegister (JmxRegister.java:tryRegister(44)) - Successfully registered JMX Bean with object name Ratis:service=RaftServer,group=group-FDF4C9391193,id=8fd951db-7700-4d80-a199-354913c0ec9e
2019-10-10 21:16:33,798 [RatisPipelineUtilsThread] INFO  pipeline.PipelineStateManager (PipelineStateManager.java:addPipeline(56)) - Created pipeline Pipeline[ Id: 418fc3cb-3258-450f-81b4-fdf4c9391193, Nodes: 8fd951db-7700-4d80-a199-354913c0ec9e{ip: 192.168.157.203, host: pr-hdds-1986-lk2hz-517324276, networkLocation: /default-rack, certSerialId: null}, Type:RATIS, Factor:ONE, State:OPEN]
2019-10-10 21:16:33,812 [grpc-default-executor-6] INFO  impl.RaftServerProxy (RaftServerProxy.java:addNew(89)) - 000d08e1-dac6-43bf-b6c9-fdaea313fa50: addNew group-D778DC13D01E:[8fd951db-7700-4d80-a199-354913c0ec9e:192.168.157.203:35042, 000d08e1-dac6-43bf-b6c9-fdaea313fa50:192.168.157.203:38901, 4dd36702-53a7-4085-b21d-6691758441ba:192.168.157.203:46143] returns group-D778DC13D01E:java.util.concurrent.CompletableFuture@3d88391b[Not completed]
2019-10-10 21:16:33,812 [IPC Server handler 4 on 33321] INFO  net.NetworkTopology (NetworkTopologyImpl.java:add(111)) - Added a new node: /default-rack/32311c87-0abf-4b2b-beb5-d95d041bafb4
2019-10-10 21:16:33,812 [grpc-default-executor-8] INFO  impl.RaftServerProxy (RaftServerProxy.java:addNew(89)) - 8fd951db-7700-4d80-a199-354913c0ec9e: addNew group-D778DC13D01E:[8fd951db-7700-4d80-a199-354913c0ec9e:192.168.157.203:35042, 000d08e1-dac6-43bf-b6c9-fdaea313fa50:192.168.157.203:38901, 4dd36702-53a7-4085-b21d-6691758441ba:192.168.157.203:46143] returns group-D778DC13D01E:java.util.concurrent.CompletableFuture@248708[Not completed]
2019-10-10 21:16:33,812 [IPC Server handler 4 on 33321] INFO  node.SCMNodeManager (SCMNodeManager.java:register(268)) - Registered Data node : 32311c87-0abf-4b2b-beb5-d95d041bafb4{ip: 192.168.157.203, host: pr-hdds-1986-lk2hz-517324276, networkLocation: /default-rack, certSerialId: null}
2019-10-10 21:16:33,813 [pool-419-thread-1] INFO  impl.RaftServerImpl (RaftServerImpl.java:<init>(95)) - 000d08e1-dac6-43bf-b6c9-fdaea313fa50: new RaftServerImpl for group-D778DC13D01E:[8fd951db-7700-4d80-a199-354913c0ec9e:192.168.157.203:35042, 000d08e1-dac6-43bf-b6c9-fdaea313fa50:192.168.157.203:38901, 4dd36702-53a7-4085-b21d-6691758441ba:192.168.157.203:46143] with ContainerStateMachine:uninitialized
2019-10-10 21:16:33,813 [pool-419-thread-1] INFO  server.RaftServerConfigKeys (ConfUtils.java:logGet(43)) - raft.server.rpc.timeout.min = 5s (custom)
2019-10-10 21:16:33,813 [grpc-default-executor-8] INFO  impl.RaftServerProxy (RaftServerProxy.java:addNew(89)) - 4dd36702-53a7-4085-b21d-6691758441ba: addNew group-D778DC13D01E:[8fd951db-7700-4d80-a199-354913c0ec9e:192.168.157.203:35042, 000d08e1-dac6-43bf-b6c9-fdaea313fa50:192.168.157.203:38901, 4dd36702-53a7-4085-b21d-6691758441ba:192.168.157.203:46143] returns group-D778DC13D01E:java.util.concurrent.CompletableFuture@1836ace5[Not completed]
2019-10-10 21:16:33,813 [pool-419-thread-1] INFO  server.RaftServerConfigKeys (ConfUtils.java:logGet(43)) - raft.server.rpc.timeout.max = 5200ms (custom)
2019-10-10 21:16:33,813 [pool-419-thread-1] INFO  server.RaftServerConfigKeys (ConfUtils.java:logGet(43)) - raft.server.rpcslowness.timeout = 120s (custom)
2019-10-10 21:16:33,813 [pool-419-thread-1] INFO  server.RaftServerConfigKeys (ConfUtils.java:logGet(43)) - raft.server.sleep.deviation.threshold = 300 (default)
2019-10-10 21:16:33,813 [pool-429-thread-1] INFO  impl.RaftServerImpl (RaftServerImpl.java:<init>(95)) - 8fd951db-7700-4d80-a199-354913c0ec9e: new RaftServerImpl for group-D778DC13D01E:[8fd951db-7700-4d80-a199-354913c0ec9e:192.168.157.203:35042, 000d08e1-dac6-43bf-b6c9-fdaea313fa50:192.168.157.203:38901, 4dd36702-53a7-4085-b21d-6691758441ba:192.168.157.203:46143] with ContainerStateMachine:uninitialized
2019-10-10 21:16:33,814 [pool-419-thread-1] INFO  server.RaftServerConfigKeys (ConfUtils.java:logGet(43)) - raft.server.log.appender.install.snapshot.enabled = false (custom)
2019-10-10 21:16:33,814 [pool-429-thread-1] INFO  server.RaftServerConfigKeys (ConfUtils.java:logGet(43)) - raft.server.rpc.timeout.min = 5s (custom)
2019-10-10 21:16:33,814 [pool-419-thread-1] INFO  impl.RaftServerImpl (ServerState.java:<init>(103)) - 000d08e1-dac6-43bf-b6c9-fdaea313fa50@group-D778DC13D01E: ConfigurationManager, init=-1: [8fd951db-7700-4d80-a199-354913c0ec9e:192.168.157.203:35042, 000d08e1-dac6-43bf-b6c9-fdaea313fa50:192.168.157.203:38901, 4dd36702-53a7-4085-b21d-6691758441ba:192.168.157.203:46143], old=null, confs=<EMPTY_MAP>
2019-10-10 21:16:33,814 [pool-429-thread-1] INFO  server.RaftServerConfigKeys (ConfUtils.java:logGet(43)) - raft.server.rpc.timeout.max = 5200ms (custom)
2019-10-10 21:16:33,814 [pool-419-thread-1] INFO  server.RaftServerConfigKeys (ConfUtils.java:logGet(43)) - raft.server.storage.dir = [/workdir/hadoop-ozone/integration-test/target/test-dir/MiniOzoneClusterImpl-008c13f9-99c9-46b6-a713-c4581bd201ba/datanode-1/data/ratis] (custom)
2019-10-10 21:16:33,814 [pool-409-thread-1] INFO  impl.RaftServerImpl (RaftServerImpl.java:<init>(95)) - 4dd36702-53a7-4085-b21d-6691758441ba: new RaftServerImpl for group-D778DC13D01E:[8fd951db-7700-4d80-a199-354913c0ec9e:192.168.157.203:35042, 000d08e1-dac6-43bf-b6c9-fdaea313fa50:192.168.157.203:38901, 4dd36702-53a7-4085-b21d-6691758441ba:192.168.157.203:46143] with ContainerStateMachine:uninitialized
2019-10-10 21:16:33,814 [pool-419-thread-1] INFO  server.RaftServerConfigKeys (ConfUtils.java:logGet(43)) - raft.server.log.corruption.policy = EXCEPTION (default)
2019-10-10 21:16:33,814 [pool-429-thread-1] INFO  server.RaftServerConfigKeys (ConfUtils.java:logGet(43)) - raft.server.rpcslowness.timeout = 120s (custom)
2019-10-10 21:16:33,815 [pool-419-thread-1] INFO  storage.RaftStorageDirectory (RaftStorageDirectory.java:analyzeStorage(246)) - The storage directory /workdir/hadoop-ozone/integration-test/target/test-dir/MiniOzoneClusterImpl-008c13f9-99c9-46b6-a713-c4581bd201ba/datanode-1/data/ratis/fef62540-7fb8-4c09-a77e-d778dc13d01e does not exist. Creating ...
2019-10-10 21:16:33,814 [pool-409-thread-1] INFO  server.RaftServerConfigKeys (ConfUtils.java:logGet(43)) - raft.server.rpc.timeout.min = 5s (custom)
2019-10-10 21:16:33,815 [pool-429-thread-1] INFO  server.RaftServerConfigKeys (ConfUtils.java:logGet(43)) - raft.server.sleep.deviation.threshold = 300 (default)
2019-10-10 21:16:33,815 [pool-409-thread-1] INFO  server.RaftServerConfigKeys (ConfUtils.java:logGet(43)) - raft.server.rpc.timeout.max = 5200ms (custom)
2019-10-10 21:16:33,815 [pool-429-thread-1] INFO  server.RaftServerConfigKeys (ConfUtils.java:logGet(43)) - raft.server.log.appender.install.snapshot.enabled = false (custom)
2019-10-10 21:16:33,815 [pool-409-thread-1] INFO  server.RaftServerConfigKeys (ConfUtils.java:logGet(43)) - raft.server.rpcslowness.timeout = 120s (custom)
2019-10-10 21:16:33,815 [pool-429-thread-1] INFO  impl.RaftServerImpl (ServerState.java:<init>(103)) - 8fd951db-7700-4d80-a199-354913c0ec9e@group-D778DC13D01E: ConfigurationManager, init=-1: [8fd951db-7700-4d80-a199-354913c0ec9e:192.168.157.203:35042, 000d08e1-dac6-43bf-b6c9-fdaea313fa50:192.168.157.203:38901, 4dd36702-53a7-4085-b21d-6691758441ba:192.168.157.203:46143], old=null, confs=<EMPTY_MAP>
2019-10-10 21:16:33,816 [pool-409-thread-1] INFO  server.RaftServerConfigKeys (ConfUtils.java:logGet(43)) - raft.server.sleep.deviation.threshold = 300 (default)
2019-10-10 21:16:33,816 [pool-429-thread-1] INFO  server.RaftServerConfigKeys (ConfUtils.java:logGet(43)) - raft.server.storage.dir = [/workdir/hadoop-ozone/integration-test/target/test-dir/MiniOzoneClusterImpl-008c13f9-99c9-46b6-a713-c4581bd201ba/datanode-2/data/ratis] (custom)
2019-10-10 21:16:33,816 [pool-409-thread-1] INFO  server.RaftServerConfigKeys (ConfUtils.java:logGet(43)) - raft.server.log.appender.install.snapshot.enabled = false (custom)
2019-10-10 21:16:33,816 [pool-429-thread-1] INFO  server.RaftServerConfigKeys (ConfUtils.java:logGet(43)) - raft.server.log.corruption.policy = EXCEPTION (default)
2019-10-10 21:16:33,816 [pool-409-thread-1] INFO  impl.RaftServerImpl (ServerState.java:<init>(103)) - 4dd36702-53a7-4085-b21d-6691758441ba@group-D778DC13D01E: ConfigurationManager, init=-1: [8fd951db-7700-4d80-a199-354913c0ec9e:192.168.157.203:35042, 000d08e1-dac6-43bf-b6c9-fdaea313fa50:192.168.157.203:38901, 4dd36702-53a7-4085-b21d-6691758441ba:192.168.157.203:46143], old=null, confs=<EMPTY_MAP>
2019-10-10 21:16:33,816 [pool-429-thread-1] INFO  storage.RaftStorageDirectory (RaftStorageDirectory.java:analyzeStorage(246)) - The storage directory /workdir/hadoop-ozone/integration-test/target/test-dir/MiniOzoneClusterImpl-008c13f9-99c9-46b6-a713-c4581bd201ba/datanode-2/data/ratis/fef62540-7fb8-4c09-a77e-d778dc13d01e does not exist. Creating ...
2019-10-10 21:16:33,816 [pool-409-thread-1] INFO  server.RaftServerConfigKeys (ConfUtils.java:logGet(43)) - raft.server.storage.dir = [/workdir/hadoop-ozone/integration-test/target/test-dir/MiniOzoneClusterImpl-008c13f9-99c9-46b6-a713-c4581bd201ba/datanode-0/data/ratis] (custom)
2019-10-10 21:16:33,817 [pool-409-thread-1] INFO  server.RaftServerConfigKeys (ConfUtils.java:logGet(43)) - raft.server.log.corruption.policy = EXCEPTION (default)
2019-10-10 21:16:33,817 [pool-409-thread-1] INFO  storage.RaftStorageDirectory (RaftStorageDirectory.java:analyzeStorage(246)) - The storage directory /workdir/hadoop-ozone/integration-test/target/test-dir/MiniOzoneClusterImpl-008c13f9-99c9-46b6-a713-c4581bd201ba/datanode-0/data/ratis/fef62540-7fb8-4c09-a77e-d778dc13d01e does not exist. Creating ...
2019-10-10 21:16:33,840 [pool-429-thread-1] INFO  storage.RaftStorageDirectory (RaftStorageDirectory.java:tryLock(328)) - Lock on /workdir/hadoop-ozone/integration-test/target/test-dir/MiniOzoneClusterImpl-008c13f9-99c9-46b6-a713-c4581bd201ba/datanode-2/data/ratis/fef62540-7fb8-4c09-a77e-d778dc13d01e/in_use.lock acquired by nodename 7083@pr-hdds-1986-lk2hz-517324276
2019-10-10 21:16:33,840 [pool-409-thread-1] INFO  storage.RaftStorageDirectory (RaftStorageDirectory.java:tryLock(328)) - Lock on /workdir/hadoop-ozone/integration-test/target/test-dir/MiniOzoneClusterImpl-008c13f9-99c9-46b6-a713-c4581bd201ba/datanode-0/data/ratis/fef62540-7fb8-4c09-a77e-d778dc13d01e/in_use.lock acquired by nodename 7083@pr-hdds-1986-lk2hz-517324276
2019-10-10 21:16:33,840 [pool-419-thread-1] INFO  storage.RaftStorageDirectory (RaftStorageDirectory.java:tryLock(328)) - Lock on /workdir/hadoop-ozone/integration-test/target/test-dir/MiniOzoneClusterImpl-008c13f9-99c9-46b6-a713-c4581bd201ba/datanode-1/data/ratis/fef62540-7fb8-4c09-a77e-d778dc13d01e/in_use.lock acquired by nodename 7083@pr-hdds-1986-lk2hz-517324276
2019-10-10 21:16:33,853 [pool-429-thread-1] INFO  storage.RaftStorage (RaftStorage.java:format(84)) - Storage directory /workdir/hadoop-ozone/integration-test/target/test-dir/MiniOzoneClusterImpl-008c13f9-99c9-46b6-a713-c4581bd201ba/datanode-2/data/ratis/fef62540-7fb8-4c09-a77e-d778dc13d01e has been successfully formatted.
2019-10-10 21:16:33,854 [pool-409-thread-1] INFO  storage.RaftStorage (RaftStorage.java:format(84)) - Storage directory /workdir/hadoop-ozone/integration-test/target/test-dir/MiniOzoneClusterImpl-008c13f9-99c9-46b6-a713-c4581bd201ba/datanode-0/data/ratis/fef62540-7fb8-4c09-a77e-d778dc13d01e has been successfully formatted.
2019-10-10 21:16:33,853 [pool-419-thread-1] INFO  storage.RaftStorage (RaftStorage.java:format(84)) - Storage directory /workdir/hadoop-ozone/integration-test/target/test-dir/MiniOzoneClusterImpl-008c13f9-99c9-46b6-a713-c4581bd201ba/datanode-1/data/ratis/fef62540-7fb8-4c09-a77e-d778dc13d01e has been successfully formatted.
2019-10-10 21:16:33,854 [pool-409-thread-1] INFO  ratis.ContainerStateMachine (ContainerStateMachine.java:loadSnapshot(231)) - group-D778DC13D01E: The snapshot info is null. Setting the last applied indexto:(t:0, i:~)
2019-10-10 21:16:33,854 [pool-419-thread-1] INFO  ratis.ContainerStateMachine (ContainerStateMachine.java:loadSnapshot(231)) - group-D778DC13D01E: The snapshot info is null. Setting the last applied indexto:(t:0, i:~)
2019-10-10 21:16:33,854 [pool-429-thread-1] INFO  ratis.ContainerStateMachine (ContainerStateMachine.java:loadSnapshot(231)) - group-D778DC13D01E: The snapshot info is null. Setting the last applied indexto:(t:0, i:~)
2019-10-10 21:16:33,854 [pool-419-thread-1] INFO  server.RaftServerConfigKeys (ConfUtils.java:logGet(43)) - raft.server.notification.no-leader.timeout = 120s (custom)
2019-10-10 21:16:33,854 [pool-409-thread-1] INFO  server.RaftServerConfigKeys (ConfUtils.java:logGet(43)) - raft.server.notification.no-leader.timeout = 120s (custom)
2019-10-10 21:16:33,855 [pool-419-thread-1] INFO  server.RaftServerConfigKeys (ConfUtils.java:logGet(43)) - raft.server.log.use.memory = false (default)
2019-10-10 21:16:33,854 [pool-429-thread-1] INFO  server.RaftServerConfigKeys (ConfUtils.java:logGet(43)) - raft.server.notification.no-leader.timeout = 120s (custom)
2019-10-10 21:16:33,855 [pool-419-thread-1] INFO  server.RaftServerConfigKeys (ConfUtils.java:logGet(43)) - raft.server.log.purge.gap = 1000000 (custom)
2019-10-10 21:16:33,855 [pool-409-thread-1] INFO  server.RaftServerConfigKeys (ConfUtils.java:logGet(43)) - raft.server.log.use.memory = false (default)
2019-10-10 21:16:33,855 [pool-419-thread-1] INFO  server.RaftServerConfigKeys (ConfUtils.java:logGet(43)) - raft.server.log.appender.buffer.byte-limit = 33554432 (custom)
2019-10-10 21:16:33,855 [pool-429-thread-1] INFO  server.RaftServerConfigKeys (ConfUtils.java:logGet(43)) - raft.server.log.use.memory = false (default)
2019-10-10 21:16:33,855 [pool-419-thread-1] INFO  server.RaftServerConfigKeys (ConfUtils.java:logGet(43)) - raft.server.log.segment.size.max = 1048576 (custom)
2019-10-10 21:16:33,855 [pool-409-thread-1] INFO  server.RaftServerConfigKeys (ConfUtils.java:logGet(43)) - raft.server.log.purge.gap = 1000000 (custom)
2019-10-10 21:16:33,856 [pool-419-thread-1] INFO  server.RaftServerConfigKeys (ConfUtils.java:logGet(43)) - raft.server.log.segment.cache.num.max = 2 (custom)
2019-10-10 21:16:33,856 [pool-429-thread-1] INFO  server.RaftServerConfigKeys (ConfUtils.java:logGet(43)) - raft.server.log.purge.gap = 1000000 (custom)
2019-10-10 21:16:33,856 [pool-419-thread-1] INFO  segmented.SegmentedRaftLogWorker (SegmentedRaftLogWorker.java:<init>(173)) - new 000d08e1-dac6-43bf-b6c9-fdaea313fa50@group-D778DC13D01E-SegmentedRaftLogWorker for RaftStorage:Storage Directory /workdir/hadoop-ozone/integration-test/target/test-dir/MiniOzoneClusterImpl-008c13f9-99c9-46b6-a713-c4581bd201ba/datanode-1/data/ratis/fef62540-7fb8-4c09-a77e-d778dc13d01e
2019-10-10 21:16:33,856 [pool-409-thread-1] INFO  server.RaftServerConfigKeys (ConfUtils.java:logGet(43)) - raft.server.log.appender.buffer.byte-limit = 33554432 (custom)
2019-10-10 21:16:33,856 [pool-419-thread-1] INFO  server.RaftServerConfigKeys (ConfUtils.java:logGet(43)) - raft.server.log.queue.byte-limit = 2147483647 (custom)
2019-10-10 21:16:33,856 [pool-429-thread-1] INFO  server.RaftServerConfigKeys (ConfUtils.java:logGet(43)) - raft.server.log.appender.buffer.byte-limit = 33554432 (custom)
2019-10-10 21:16:33,857 [pool-419-thread-1] INFO  server.RaftServerConfigKeys (ConfUtils.java:logGet(43)) - raft.server.log.queue.element-limit = 1024 (custom)
2019-10-10 21:16:33,857 [pool-409-thread-1] INFO  server.RaftServerConfigKeys (ConfUtils.java:logGet(43)) - raft.server.log.segment.size.max = 1048576 (custom)
2019-10-10 21:16:33,857 [pool-419-thread-1] INFO  server.RaftServerConfigKeys (ConfUtils.java:logGet(43)) - raft.server.log.segment.size.max = 1048576 (custom)
2019-10-10 21:16:33,857 [pool-429-thread-1] INFO  server.RaftServerConfigKeys (ConfUtils.java:logGet(43)) - raft.server.log.segment.size.max = 1048576 (custom)
2019-10-10 21:16:33,857 [pool-419-thread-1] INFO  server.RaftServerConfigKeys (ConfUtils.java:logGet(43)) - raft.server.log.preallocated.size = 16384 (custom)
2019-10-10 21:16:33,857 [pool-409-thread-1] INFO  server.RaftServerConfigKeys (ConfUtils.java:logGet(43)) - raft.server.log.segment.cache.num.max = 2 (custom)
2019-10-10 21:16:33,858 [pool-419-thread-1] INFO  server.RaftServerConfigKeys (ConfUtils.java:logGet(43)) - raft.server.log.write.buffer.size = 33554432 (custom)
2019-10-10 21:16:33,857 [pool-429-thread-1] INFO  server.RaftServerConfigKeys (ConfUtils.java:logGet(43)) - raft.server.log.segment.cache.num.max = 2 (custom)
2019-10-10 21:16:33,858 [pool-419-thread-1] INFO  server.RaftServerConfigKeys (ConfUtils.java:logGet(43)) - raft.server.log.force.sync.num = 128 (default)
2019-10-10 21:16:33,858 [pool-409-thread-1] INFO  segmented.SegmentedRaftLogWorker (SegmentedRaftLogWorker.java:<init>(173)) - new 4dd36702-53a7-4085-b21d-6691758441ba@group-D778DC13D01E-SegmentedRaftLogWorker for RaftStorage:Storage Directory /workdir/hadoop-ozone/integration-test/target/test-dir/MiniOzoneClusterImpl-008c13f9-99c9-46b6-a713-c4581bd201ba/datanode-0/data/ratis/fef62540-7fb8-4c09-a77e-d778dc13d01e
2019-10-10 21:16:33,858 [pool-419-thread-1] INFO  server.RaftServerConfigKeys (ConfUtils.java:logGet(43)) - raft.server.log.statemachine.data.sync = true (default)
2019-10-10 21:16:33,858 [pool-429-thread-1] INFO  segmented.SegmentedRaftLogWorker (SegmentedRaftLogWorker.java:<init>(173)) - new 8fd951db-7700-4d80-a199-354913c0ec9e@group-D778DC13D01E-SegmentedRaftLogWorker for RaftStorage:Storage Directory /workdir/hadoop-ozone/integration-test/target/test-dir/MiniOzoneClusterImpl-008c13f9-99c9-46b6-a713-c4581bd201ba/datanode-2/data/ratis/fef62540-7fb8-4c09-a77e-d778dc13d01e
2019-10-10 21:16:33,859 [pool-419-thread-1] INFO  server.RaftServerConfigKeys (ConfUtils.java:logGet(43)) - raft.server.log.statemachine.data.sync.timeout = 10s (default)
2019-10-10 21:16:33,858 [pool-409-thread-1] INFO  server.RaftServerConfigKeys (ConfUtils.java:logGet(43)) - raft.server.log.queue.byte-limit = 2147483647 (custom)
2019-10-10 21:16:33,859 [pool-419-thread-1] INFO  server.RaftServerConfigKeys (ConfUtils.java:logGet(43)) - raft.server.log.statemachine.data.sync.timeout.retry = -1 (default)
2019-10-10 21:16:33,859 [pool-429-thread-1] INFO  server.RaftServerConfigKeys (ConfUtils.java:logGet(43)) - raft.server.log.queue.byte-limit = 2147483647 (custom)
2019-10-10 21:16:33,859 [pool-419-thread-1] INFO  server.RaftServerConfigKeys (ConfUtils.java:logGet(43)) - raft.server.log.statemachine.data.caching.enabled = true (custom)
2019-10-10 21:16:33,859 [pool-409-thread-1] INFO  server.RaftServerConfigKeys (ConfUtils.java:logGet(43)) - raft.server.log.queue.element-limit = 1024 (custom)
2019-10-10 21:16:33,859 [pool-429-thread-1] INFO  server.RaftServerConfigKeys (ConfUtils.java:logGet(43)) - raft.server.log.queue.element-limit = 1024 (custom)
2019-10-10 21:16:33,860 [pool-419-thread-1] INFO  segmented.SegmentedRaftLogWorker (SegmentedRaftLogWorker.java:lambda$new$0(128)) - 000d08e1-dac6-43bf-b6c9-fdaea313fa50@group-D778DC13D01E-SegmentedRaftLogWorker: flushIndex: setUnconditionally 0 -> -1
2019-10-10 21:16:33,860 [pool-409-thread-1] INFO  server.RaftServerConfigKeys (ConfUtils.java:logGet(43)) - raft.server.log.segment.size.max = 1048576 (custom)
2019-10-10 21:16:33,860 [pool-429-thread-1] INFO  server.RaftServerConfigKeys (ConfUtils.java:logGet(43)) - raft.server.log.segment.size.max = 1048576 (custom)
2019-10-10 21:16:33,860 [pool-419-thread-1] INFO  server.RaftServerConfigKeys (ConfUtils.java:logGet(43)) - raft.server.snapshot.auto.trigger.enabled = true (custom)
2019-10-10 21:16:33,860 [pool-409-thread-1] INFO  server.RaftServerConfigKeys (ConfUtils.java:logGet(43)) - raft.server.log.preallocated.size = 16384 (custom)
2019-10-10 21:16:33,860 [pool-419-thread-1] INFO  server.RaftServerConfigKeys (ConfUtils.java:logGet(43)) - raft.server.snapshot.auto.trigger.threshold = 10000 (custom)
2019-10-10 21:16:33,860 [pool-429-thread-1] INFO  server.RaftServerConfigKeys (ConfUtils.java:logGet(43)) - raft.server.log.preallocated.size = 16384 (custom)
2019-10-10 21:16:33,861 [pool-419-thread-1] INFO  server.RaftServerConfigKeys (ConfUtils.java:logGet(43)) - raft.server.snapshot.retention.file.num = 5 (custom)
2019-10-10 21:16:33,861 [pool-409-thread-1] INFO  server.RaftServerConfigKeys (ConfUtils.java:logGet(43)) - raft.server.log.write.buffer.size = 33554432 (custom)
2019-10-10 21:16:33,861 [pool-419-thread-1] INFO  server.RaftServerConfigKeys (ConfUtils.java:logGet(43)) - raft.server.retrycache.expirytime = 600000ms (custom)
2019-10-10 21:16:33,861 [pool-429-thread-1] INFO  server.RaftServerConfigKeys (ConfUtils.java:logGet(43)) - raft.server.log.write.buffer.size = 33554432 (custom)
2019-10-10 21:16:33,861 [pool-409-thread-1] INFO  server.RaftServerConfigKeys (ConfUtils.java:logGet(43)) - raft.server.log.force.sync.num = 128 (default)
2019-10-10 21:16:33,861 [pool-429-thread-1] INFO  server.RaftServerConfigKeys (ConfUtils.java:logGet(43)) - raft.server.log.force.sync.num = 128 (default)
2019-10-10 21:16:33,862 [pool-409-thread-1] INFO  server.RaftServerConfigKeys (ConfUtils.java:logGet(43)) - raft.server.log.statemachine.data.sync = true (default)
2019-10-10 21:16:33,862 [pool-429-thread-1] INFO  server.RaftServerConfigKeys (ConfUtils.java:logGet(43)) - raft.server.log.statemachine.data.sync = true (default)
2019-10-10 21:16:33,862 [pool-409-thread-1] INFO  server.RaftServerConfigKeys (ConfUtils.java:logGet(43)) - raft.server.log.statemachine.data.sync.timeout = 10s (default)
2019-10-10 21:16:33,862 [pool-429-thread-1] INFO  server.RaftServerConfigKeys (ConfUtils.java:logGet(43)) - raft.server.log.statemachine.data.sync.timeout = 10s (default)
2019-10-10 21:16:33,862 [pool-409-thread-1] INFO  server.RaftServerConfigKeys (ConfUtils.java:logGet(43)) - raft.server.log.statemachine.data.sync.timeout.retry = -1 (default)
2019-10-10 21:16:33,862 [pool-429-thread-1] INFO  server.RaftServerConfigKeys (ConfUtils.java:logGet(43)) - raft.server.log.statemachine.data.sync.timeout.retry = -1 (default)
2019-10-10 21:16:33,862 [pool-409-thread-1] INFO  server.RaftServerConfigKeys (ConfUtils.java:logGet(43)) - raft.server.log.statemachine.data.caching.enabled = true (custom)
2019-10-10 21:16:33,862 [pool-429-thread-1] INFO  server.RaftServerConfigKeys (ConfUtils.java:logGet(43)) - raft.server.log.statemachine.data.caching.enabled = true (custom)
2019-10-10 21:16:33,863 [pool-409-thread-1] INFO  segmented.SegmentedRaftLogWorker (SegmentedRaftLogWorker.java:lambda$new$0(128)) - 4dd36702-53a7-4085-b21d-6691758441ba@group-D778DC13D01E-SegmentedRaftLogWorker: flushIndex: setUnconditionally 0 -> -1
2019-10-10 21:16:33,863 [pool-429-thread-1] INFO  segmented.SegmentedRaftLogWorker (SegmentedRaftLogWorker.java:lambda$new$0(128)) - 8fd951db-7700-4d80-a199-354913c0ec9e@group-D778DC13D01E-SegmentedRaftLogWorker: flushIndex: setUnconditionally 0 -> -1
2019-10-10 21:16:33,863 [pool-409-thread-1] INFO  server.RaftServerConfigKeys (ConfUtils.java:logGet(43)) - raft.server.snapshot.auto.trigger.enabled = true (custom)
2019-10-10 21:16:33,863 [pool-429-thread-1] INFO  server.RaftServerConfigKeys (ConfUtils.java:logGet(43)) - raft.server.snapshot.auto.trigger.enabled = true (custom)
2019-10-10 21:16:33,863 [pool-419-thread-1] INFO  impl.RaftServerImpl (RaftServerImpl.java:start(181)) - 000d08e1-dac6-43bf-b6c9-fdaea313fa50@group-D778DC13D01E: start as a follower, conf=-1: [8fd951db-7700-4d80-a199-354913c0ec9e:192.168.157.203:35042, 000d08e1-dac6-43bf-b6c9-fdaea313fa50:192.168.157.203:38901, 4dd36702-53a7-4085-b21d-6691758441ba:192.168.157.203:46143], old=null
2019-10-10 21:16:33,863 [pool-409-thread-1] INFO  server.RaftServerConfigKeys (ConfUtils.java:logGet(43)) - raft.server.snapshot.auto.trigger.threshold = 10000 (custom)
2019-10-10 21:16:33,863 [pool-419-thread-1] INFO  impl.RaftServerImpl (RaftServerImpl.java:setRole(170)) - 000d08e1-dac6-43bf-b6c9-fdaea313fa50@group-D778DC13D01E: changes role from      null to FOLLOWER at term 0 for startAsFollower
2019-10-10 21:16:33,863 [pool-429-thread-1] INFO  server.RaftServerConfigKeys (ConfUtils.java:logGet(43)) - raft.server.snapshot.auto.trigger.threshold = 10000 (custom)
2019-10-10 21:16:33,864 [pool-419-thread-1] INFO  impl.RoleInfo (RoleInfo.java:updateAndGet(143)) - 000d08e1-dac6-43bf-b6c9-fdaea313fa50: start FollowerState
2019-10-10 21:16:33,863 [pool-409-thread-1] INFO  server.RaftServerConfigKeys (ConfUtils.java:logGet(43)) - raft.server.snapshot.retention.file.num = 5 (custom)
2019-10-10 21:16:33,864 [pool-429-thread-1] INFO  server.RaftServerConfigKeys (ConfUtils.java:logGet(43)) - raft.server.snapshot.retention.file.num = 5 (custom)
2019-10-10 21:16:33,864 [pool-409-thread-1] INFO  server.RaftServerConfigKeys (ConfUtils.java:logGet(43)) - raft.server.retrycache.expirytime = 600000ms (custom)
2019-10-10 21:16:33,880 [pool-429-thread-1] INFO  server.RaftServerConfigKeys (ConfUtils.java:logGet(43)) - raft.server.retrycache.expirytime = 600000ms (custom)
2019-10-10 21:16:33,880 [pool-419-thread-1] INFO  util.JmxRegister (JmxRegister.java:tryRegister(44)) - Successfully registered JMX Bean with object name Ratis:service=RaftServer,group=group-D778DC13D01E,id=000d08e1-dac6-43bf-b6c9-fdaea313fa50
2019-10-10 21:16:33,881 [IPC Server handler 6 on 33321] INFO  net.NetworkTopology (NetworkTopologyImpl.java:add(111)) - Added a new node: /default-rack/59f3a390-2aa1-4e37-bd82-a5248a92ff56
2019-10-10 21:16:33,881 [IPC Server handler 6 on 33321] INFO  node.SCMNodeManager (SCMNodeManager.java:register(268)) - Registered Data node : 59f3a390-2aa1-4e37-bd82-a5248a92ff56{ip: 192.168.157.203, host: pr-hdds-1986-lk2hz-517324276, networkLocation: /default-rack, certSerialId: null}
2019-10-10 21:16:33,884 [pool-409-thread-1] INFO  impl.RaftServerImpl (RaftServerImpl.java:start(181)) - 4dd36702-53a7-4085-b21d-6691758441ba@group-D778DC13D01E: start as a follower, conf=-1: [8fd951db-7700-4d80-a199-354913c0ec9e:192.168.157.203:35042, 000d08e1-dac6-43bf-b6c9-fdaea313fa50:192.168.157.203:38901, 4dd36702-53a7-4085-b21d-6691758441ba:192.168.157.203:46143], old=null
2019-10-10 21:16:33,884 [pool-429-thread-1] INFO  impl.RaftServerImpl (RaftServerImpl.java:start(181)) - 8fd951db-7700-4d80-a199-354913c0ec9e@group-D778DC13D01E: start as a follower, conf=-1: [8fd951db-7700-4d80-a199-354913c0ec9e:192.168.157.203:35042, 000d08e1-dac6-43bf-b6c9-fdaea313fa50:192.168.157.203:38901, 4dd36702-53a7-4085-b21d-6691758441ba:192.168.157.203:46143], old=null
2019-10-10 21:16:33,884 [pool-409-thread-1] INFO  impl.RaftServerImpl (RaftServerImpl.java:setRole(170)) - 4dd36702-53a7-4085-b21d-6691758441ba@group-D778DC13D01E: changes role from      null to FOLLOWER at term 0 for startAsFollower
2019-10-10 21:16:33,884 [pool-429-thread-1] INFO  impl.RaftServerImpl (RaftServerImpl.java:setRole(170)) - 8fd951db-7700-4d80-a199-354913c0ec9e@group-D778DC13D01E: changes role from      null to FOLLOWER at term 0 for startAsFollower
2019-10-10 21:16:33,893 [pool-409-thread-1] INFO  impl.RoleInfo (RoleInfo.java:updateAndGet(143)) - 4dd36702-53a7-4085-b21d-6691758441ba: start FollowerState
2019-10-10 21:16:33,893 [pool-429-thread-1] INFO  impl.RoleInfo (RoleInfo.java:updateAndGet(143)) - 8fd951db-7700-4d80-a199-354913c0ec9e: start FollowerState
2019-10-10 21:16:33,894 [pool-409-thread-1] INFO  util.JmxRegister (JmxRegister.java:tryRegister(44)) - Successfully registered JMX Bean with object name Ratis:service=RaftServer,group=group-D778DC13D01E,id=4dd36702-53a7-4085-b21d-6691758441ba
2019-10-10 21:16:33,894 [pool-429-thread-1] INFO  util.JmxRegister (JmxRegister.java:tryRegister(44)) - Successfully registered JMX Bean with object name Ratis:service=RaftServer,group=group-D778DC13D01E,id=8fd951db-7700-4d80-a199-354913c0ec9e
2019-10-10 21:16:33,899 [RatisPipelineUtilsThread] INFO  pipeline.PipelineStateManager (PipelineStateManager.java:addPipeline(56)) - Created pipeline Pipeline[ Id: fef62540-7fb8-4c09-a77e-d778dc13d01e, Nodes: 4dd36702-53a7-4085-b21d-6691758441ba{ip: 192.168.157.203, host: pr-hdds-1986-lk2hz-517324276, networkLocation: /default-rack, certSerialId: null}000d08e1-dac6-43bf-b6c9-fdaea313fa50{ip: 192.168.157.203, host: pr-hdds-1986-lk2hz-517324276, networkLocation: /default-rack, certSerialId: null}8fd951db-7700-4d80-a199-354913c0ec9e{ip: 192.168.157.203, host: pr-hdds-1986-lk2hz-517324276, networkLocation: /default-rack, certSerialId: null}, Type:RATIS, Factor:THREE, State:OPEN]
2019-10-10 21:16:33,928 [IPC Server handler 18 on 33321] INFO  net.NetworkTopology (NetworkTopologyImpl.java:add(111)) - Added a new node: /default-rack/850901b9-0502-4ea6-8169-4e83f9f8b449
2019-10-10 21:16:33,928 [IPC Server handler 18 on 33321] INFO  node.SCMNodeManager (SCMNodeManager.java:register(268)) - Registered Data node : 850901b9-0502-4ea6-8169-4e83f9f8b449{ip: 192.168.157.203, host: pr-hdds-1986-lk2hz-517324276, networkLocation: /default-rack, certSerialId: null}
2019-10-10 21:16:33,939 [grpc-default-executor-8] INFO  impl.RaftServerProxy (RaftServerProxy.java:addNew(89)) - 32311c87-0abf-4b2b-beb5-d95d041bafb4: addNew group-5567FAD9C2F5:[32311c87-0abf-4b2b-beb5-d95d041bafb4:192.168.157.203:39605] returns group-5567FAD9C2F5:java.util.concurrent.CompletableFuture@1d3223d1[Not completed]
2019-10-10 21:16:33,943 [pool-439-thread-1] INFO  impl.RaftServerImpl (RaftServerImpl.java:<init>(95)) - 32311c87-0abf-4b2b-beb5-d95d041bafb4: new RaftServerImpl for group-5567FAD9C2F5:[32311c87-0abf-4b2b-beb5-d95d041bafb4:192.168.157.203:39605] with ContainerStateMachine:uninitialized
2019-10-10 21:16:33,943 [pool-439-thread-1] INFO  server.RaftServerConfigKeys (ConfUtils.java:logGet(43)) - raft.server.rpc.timeout.min = 5s (custom)
2019-10-10 21:16:33,943 [pool-439-thread-1] INFO  server.RaftServerConfigKeys (ConfUtils.java:logGet(43)) - raft.server.rpc.timeout.max = 5200ms (custom)
2019-10-10 21:16:33,943 [pool-439-thread-1] INFO  server.RaftServerConfigKeys (ConfUtils.java:logGet(43)) - raft.server.rpcslowness.timeout = 120s (custom)
2019-10-10 21:16:33,943 [pool-439-thread-1] INFO  server.RaftServerConfigKeys (ConfUtils.java:logGet(43)) - raft.server.sleep.deviation.threshold = 300 (default)
2019-10-10 21:16:33,944 [pool-439-thread-1] INFO  server.RaftServerConfigKeys (ConfUtils.java:logGet(43)) - raft.server.log.appender.install.snapshot.enabled = false (custom)
2019-10-10 21:16:33,944 [pool-439-thread-1] INFO  impl.RaftServerImpl (ServerState.java:<init>(103)) - 32311c87-0abf-4b2b-beb5-d95d041bafb4@group-5567FAD9C2F5: ConfigurationManager, init=-1: [32311c87-0abf-4b2b-beb5-d95d041bafb4:192.168.157.203:39605], old=null, confs=<EMPTY_MAP>
2019-10-10 21:16:33,944 [pool-439-thread-1] INFO  server.RaftServerConfigKeys (ConfUtils.java:logGet(43)) - raft.server.storage.dir = [/workdir/hadoop-ozone/integration-test/target/test-dir/MiniOzoneClusterImpl-008c13f9-99c9-46b6-a713-c4581bd201ba/datanode-3/data/ratis] (custom)
2019-10-10 21:16:33,944 [pool-439-thread-1] INFO  server.RaftServerConfigKeys (ConfUtils.java:logGet(43)) - raft.server.log.corruption.policy = EXCEPTION (default)
2019-10-10 21:16:33,944 [pool-439-thread-1] INFO  storage.RaftStorageDirectory (RaftStorageDirectory.java:analyzeStorage(246)) - The storage directory /workdir/hadoop-ozone/integration-test/target/test-dir/MiniOzoneClusterImpl-008c13f9-99c9-46b6-a713-c4581bd201ba/datanode-3/data/ratis/ea842052-6d29-42f7-a76d-5567fad9c2f5 does not exist. Creating ...
2019-10-10 21:16:33,958 [pool-439-thread-1] INFO  storage.RaftStorageDirectory (RaftStorageDirectory.java:tryLock(328)) - Lock on /workdir/hadoop-ozone/integration-test/target/test-dir/MiniOzoneClusterImpl-008c13f9-99c9-46b6-a713-c4581bd201ba/datanode-3/data/ratis/ea842052-6d29-42f7-a76d-5567fad9c2f5/in_use.lock acquired by nodename 7083@pr-hdds-1986-lk2hz-517324276
2019-10-10 21:16:33,981 [pool-439-thread-1] INFO  storage.RaftStorage (RaftStorage.java:format(84)) - Storage directory /workdir/hadoop-ozone/integration-test/target/test-dir/MiniOzoneClusterImpl-008c13f9-99c9-46b6-a713-c4581bd201ba/datanode-3/data/ratis/ea842052-6d29-42f7-a76d-5567fad9c2f5 has been successfully formatted.
2019-10-10 21:16:33,981 [pool-439-thread-1] INFO  ratis.ContainerStateMachine (ContainerStateMachine.java:loadSnapshot(231)) - group-5567FAD9C2F5: The snapshot info is null. Setting the last applied indexto:(t:0, i:~)
2019-10-10 21:16:33,981 [pool-439-thread-1] INFO  server.RaftServerConfigKeys (ConfUtils.java:logGet(43)) - raft.server.notification.no-leader.timeout = 120s (custom)
2019-10-10 21:16:33,982 [pool-439-thread-1] INFO  server.RaftServerConfigKeys (ConfUtils.java:logGet(43)) - raft.server.log.use.memory = false (default)
2019-10-10 21:16:33,982 [pool-439-thread-1] INFO  server.RaftServerConfigKeys (ConfUtils.java:logGet(43)) - raft.server.log.purge.gap = 1000000 (custom)
2019-10-10 21:16:33,982 [pool-439-thread-1] INFO  server.RaftServerConfigKeys (ConfUtils.java:logGet(43)) - raft.server.log.appender.buffer.byte-limit = 33554432 (custom)
2019-10-10 21:16:33,982 [pool-439-thread-1] INFO  server.RaftServerConfigKeys (ConfUtils.java:logGet(43)) - raft.server.log.segment.size.max = 1048576 (custom)
2019-10-10 21:16:33,983 [pool-439-thread-1] INFO  server.RaftServerConfigKeys (ConfUtils.java:logGet(43)) - raft.server.log.segment.cache.num.max = 2 (custom)
2019-10-10 21:16:33,983 [pool-439-thread-1] INFO  segmented.SegmentedRaftLogWorker (SegmentedRaftLogWorker.java:<init>(173)) - new 32311c87-0abf-4b2b-beb5-d95d041bafb4@group-5567FAD9C2F5-SegmentedRaftLogWorker for RaftStorage:Storage Directory /workdir/hadoop-ozone/integration-test/target/test-dir/MiniOzoneClusterImpl-008c13f9-99c9-46b6-a713-c4581bd201ba/datanode-3/data/ratis/ea842052-6d29-42f7-a76d-5567fad9c2f5
2019-10-10 21:16:33,984 [pool-439-thread-1] INFO  server.RaftServerConfigKeys (ConfUtils.java:logGet(43)) - raft.server.log.queue.byte-limit = 2147483647 (custom)
2019-10-10 21:16:33,984 [pool-439-thread-1] INFO  server.RaftServerConfigKeys (ConfUtils.java:logGet(43)) - raft.server.log.queue.element-limit = 1024 (custom)
2019-10-10 21:16:33,984 [pool-439-thread-1] INFO  server.RaftServerConfigKeys (ConfUtils.java:logGet(43)) - raft.server.log.segment.size.max = 1048576 (custom)
2019-10-10 21:16:33,984 [pool-439-thread-1] INFO  server.RaftServerConfigKeys (ConfUtils.java:logGet(43)) - raft.server.log.preallocated.size = 16384 (custom)
2019-10-10 21:16:33,984 [pool-439-thread-1] INFO  server.RaftServerConfigKeys (ConfUtils.java:logGet(43)) - raft.server.log.write.buffer.size = 33554432 (custom)
2019-10-10 21:16:33,984 [pool-439-thread-1] INFO  server.RaftServerConfigKeys (ConfUtils.java:logGet(43)) - raft.server.log.force.sync.num = 128 (default)
2019-10-10 21:16:33,984 [pool-439-thread-1] INFO  server.RaftServerConfigKeys (ConfUtils.java:logGet(43)) - raft.server.log.statemachine.data.sync = true (default)
2019-10-10 21:16:33,984 [pool-439-thread-1] INFO  server.RaftServerConfigKeys (ConfUtils.java:logGet(43)) - raft.server.log.statemachine.data.sync.timeout = 10s (default)
2019-10-10 21:16:33,985 [pool-439-thread-1] INFO  server.RaftServerConfigKeys (ConfUtils.java:logGet(43)) - raft.server.log.statemachine.data.sync.timeout.retry = -1 (default)
2019-10-10 21:16:33,985 [pool-439-thread-1] INFO  server.RaftServerConfigKeys (ConfUtils.java:logGet(43)) - raft.server.log.statemachine.data.caching.enabled = true (custom)
2019-10-10 21:16:33,985 [pool-439-thread-1] INFO  segmented.SegmentedRaftLogWorker (SegmentedRaftLogWorker.java:lambda$new$0(128)) - 32311c87-0abf-4b2b-beb5-d95d041bafb4@group-5567FAD9C2F5-SegmentedRaftLogWorker: flushIndex: setUnconditionally 0 -> -1
2019-10-10 21:16:33,986 [pool-439-thread-1] INFO  server.RaftServerConfigKeys (ConfUtils.java:logGet(43)) - raft.server.snapshot.auto.trigger.enabled = true (custom)
2019-10-10 21:16:33,986 [pool-439-thread-1] INFO  server.RaftServerConfigKeys (ConfUtils.java:logGet(43)) - raft.server.snapshot.auto.trigger.threshold = 10000 (custom)
2019-10-10 21:16:33,986 [pool-439-thread-1] INFO  server.RaftServerConfigKeys (ConfUtils.java:logGet(43)) - raft.server.snapshot.retention.file.num = 5 (custom)
2019-10-10 21:16:33,986 [main] INFO  ozone.MiniOzoneClusterImpl (MiniOzoneClusterImpl.java:lambda$waitForClusterToBeReady$0(147)) - Waiting for cluster to be ready. Got 6 of 7 DN Heartbeats.
2019-10-10 21:16:33,986 [pool-439-thread-1] INFO  server.RaftServerConfigKeys (ConfUtils.java:logGet(43)) - raft.server.retrycache.expirytime = 600000ms (custom)
2019-10-10 21:16:33,986 [IPC Server handler 2 on 33321] INFO  net.NetworkTopology (NetworkTopologyImpl.java:add(111)) - Added a new node: /default-rack/a2da2853-f47a-4827-bfd4-ede700e58c59
2019-10-10 21:16:33,987 [IPC Server handler 2 on 33321] INFO  node.SCMNodeManager (SCMNodeManager.java:register(268)) - Registered Data node : a2da2853-f47a-4827-bfd4-ede700e58c59{ip: 192.168.157.203, host: pr-hdds-1986-lk2hz-517324276, networkLocation: /default-rack, certSerialId: null}
2019-10-10 21:16:33,989 [pool-439-thread-1] INFO  impl.RaftServerImpl (RaftServerImpl.java:start(181)) - 32311c87-0abf-4b2b-beb5-d95d041bafb4@group-5567FAD9C2F5: start as a follower, conf=-1: [32311c87-0abf-4b2b-beb5-d95d041bafb4:192.168.157.203:39605], old=null
2019-10-10 21:16:33,989 [pool-439-thread-1] INFO  impl.RaftServerImpl (RaftServerImpl.java:setRole(170)) - 32311c87-0abf-4b2b-beb5-d95d041bafb4@group-5567FAD9C2F5: changes role from      null to FOLLOWER at term 0 for startAsFollower
2019-10-10 21:16:33,989 [pool-439-thread-1] INFO  impl.RoleInfo (RoleInfo.java:updateAndGet(143)) - 32311c87-0abf-4b2b-beb5-d95d041bafb4: start FollowerState
2019-10-10 21:16:33,989 [pool-439-thread-1] INFO  util.JmxRegister (JmxRegister.java:tryRegister(44)) - Successfully registered JMX Bean with object name Ratis:service=RaftServer,group=group-5567FAD9C2F5,id=32311c87-0abf-4b2b-beb5-d95d041bafb4
2019-10-10 21:16:33,993 [RatisPipelineUtilsThread] INFO  pipeline.PipelineStateManager (PipelineStateManager.java:addPipeline(56)) - Created pipeline Pipeline[ Id: ea842052-6d29-42f7-a76d-5567fad9c2f5, Nodes: 32311c87-0abf-4b2b-beb5-d95d041bafb4{ip: 192.168.157.203, host: pr-hdds-1986-lk2hz-517324276, networkLocation: /default-rack, certSerialId: null}, Type:RATIS, Factor:ONE, State:OPEN]
2019-10-10 21:16:34,004 [grpc-default-executor-8] INFO  impl.RaftServerProxy (RaftServerProxy.java:addNew(89)) - 59f3a390-2aa1-4e37-bd82-a5248a92ff56: addNew group-952A352CA33B:[59f3a390-2aa1-4e37-bd82-a5248a92ff56:192.168.157.203:40169] returns group-952A352CA33B:java.util.concurrent.CompletableFuture@2aacd14d[Not completed]
2019-10-10 21:16:34,005 [pool-449-thread-1] INFO  impl.RaftServerImpl (RaftServerImpl.java:<init>(95)) - 59f3a390-2aa1-4e37-bd82-a5248a92ff56: new RaftServerImpl for group-952A352CA33B:[59f3a390-2aa1-4e37-bd82-a5248a92ff56:192.168.157.203:40169] with ContainerStateMachine:uninitialized
2019-10-10 21:16:34,005 [pool-449-thread-1] INFO  server.RaftServerConfigKeys (ConfUtils.java:logGet(43)) - raft.server.rpc.timeout.min = 5s (custom)
2019-10-10 21:16:34,005 [pool-449-thread-1] INFO  server.RaftServerConfigKeys (ConfUtils.java:logGet(43)) - raft.server.rpc.timeout.max = 5200ms (custom)
2019-10-10 21:16:34,005 [pool-449-thread-1] INFO  server.RaftServerConfigKeys (ConfUtils.java:logGet(43)) - raft.server.rpcslowness.timeout = 120s (custom)
2019-10-10 21:16:34,005 [pool-449-thread-1] INFO  server.RaftServerConfigKeys (ConfUtils.java:logGet(43)) - raft.server.sleep.deviation.threshold = 300 (default)
2019-10-10 21:16:34,005 [pool-449-thread-1] INFO  server.RaftServerConfigKeys (ConfUtils.java:logGet(43)) - raft.server.log.appender.install.snapshot.enabled = false (custom)
2019-10-10 21:16:34,005 [pool-449-thread-1] INFO  impl.RaftServerImpl (ServerState.java:<init>(103)) - 59f3a390-2aa1-4e37-bd82-a5248a92ff56@group-952A352CA33B: ConfigurationManager, init=-1: [59f3a390-2aa1-4e37-bd82-a5248a92ff56:192.168.157.203:40169], old=null, confs=<EMPTY_MAP>
2019-10-10 21:16:34,005 [pool-449-thread-1] INFO  server.RaftServerConfigKeys (ConfUtils.java:logGet(43)) - raft.server.storage.dir = [/workdir/hadoop-ozone/integration-test/target/test-dir/MiniOzoneClusterImpl-008c13f9-99c9-46b6-a713-c4581bd201ba/datanode-4/data/ratis] (custom)
2019-10-10 21:16:34,006 [pool-449-thread-1] INFO  server.RaftServerConfigKeys (ConfUtils.java:logGet(43)) - raft.server.log.corruption.policy = EXCEPTION (default)
2019-10-10 21:16:34,006 [pool-449-thread-1] INFO  storage.RaftStorageDirectory (RaftStorageDirectory.java:analyzeStorage(246)) - The storage directory /workdir/hadoop-ozone/integration-test/target/test-dir/MiniOzoneClusterImpl-008c13f9-99c9-46b6-a713-c4581bd201ba/datanode-4/data/ratis/569dfbae-6afc-4a0a-bb77-952a352ca33b does not exist. Creating ...
2019-10-10 21:16:34,019 [pool-449-thread-1] INFO  storage.RaftStorageDirectory (RaftStorageDirectory.java:tryLock(328)) - Lock on /workdir/hadoop-ozone/integration-test/target/test-dir/MiniOzoneClusterImpl-008c13f9-99c9-46b6-a713-c4581bd201ba/datanode-4/data/ratis/569dfbae-6afc-4a0a-bb77-952a352ca33b/in_use.lock acquired by nodename 7083@pr-hdds-1986-lk2hz-517324276
2019-10-10 21:16:34,033 [pool-449-thread-1] INFO  storage.RaftStorage (RaftStorage.java:format(84)) - Storage directory /workdir/hadoop-ozone/integration-test/target/test-dir/MiniOzoneClusterImpl-008c13f9-99c9-46b6-a713-c4581bd201ba/datanode-4/data/ratis/569dfbae-6afc-4a0a-bb77-952a352ca33b has been successfully formatted.
2019-10-10 21:16:34,033 [pool-449-thread-1] INFO  ratis.ContainerStateMachine (ContainerStateMachine.java:loadSnapshot(231)) - group-952A352CA33B: The snapshot info is null. Setting the last applied indexto:(t:0, i:~)
2019-10-10 21:16:34,033 [pool-449-thread-1] INFO  server.RaftServerConfigKeys (ConfUtils.java:logGet(43)) - raft.server.notification.no-leader.timeout = 120s (custom)
2019-10-10 21:16:34,033 [pool-449-thread-1] INFO  server.RaftServerConfigKeys (ConfUtils.java:logGet(43)) - raft.server.log.use.memory = false (default)
2019-10-10 21:16:34,034 [pool-449-thread-1] INFO  server.RaftServerConfigKeys (ConfUtils.java:logGet(43)) - raft.server.log.purge.gap = 1000000 (custom)
2019-10-10 21:16:34,034 [pool-449-thread-1] INFO  server.RaftServerConfigKeys (ConfUtils.java:logGet(43)) - raft.server.log.appender.buffer.byte-limit = 33554432 (custom)
2019-10-10 21:16:34,034 [pool-449-thread-1] INFO  server.RaftServerConfigKeys (ConfUtils.java:logGet(43)) - raft.server.log.segment.size.max = 1048576 (custom)
2019-10-10 21:16:34,035 [pool-449-thread-1] INFO  server.RaftServerConfigKeys (ConfUtils.java:logGet(43)) - raft.server.log.segment.cache.num.max = 2 (custom)
2019-10-10 21:16:34,035 [pool-449-thread-1] INFO  segmented.SegmentedRaftLogWorker (SegmentedRaftLogWorker.java:<init>(173)) - new 59f3a390-2aa1-4e37-bd82-a5248a92ff56@group-952A352CA33B-SegmentedRaftLogWorker for RaftStorage:Storage Directory /workdir/hadoop-ozone/integration-test/target/test-dir/MiniOzoneClusterImpl-008c13f9-99c9-46b6-a713-c4581bd201ba/datanode-4/data/ratis/569dfbae-6afc-4a0a-bb77-952a352ca33b
2019-10-10 21:16:34,035 [pool-449-thread-1] INFO  server.RaftServerConfigKeys (ConfUtils.java:logGet(43)) - raft.server.log.queue.byte-limit = 2147483647 (custom)
2019-10-10 21:16:34,035 [pool-449-thread-1] INFO  server.RaftServerConfigKeys (ConfUtils.java:logGet(43)) - raft.server.log.queue.element-limit = 1024 (custom)
2019-10-10 21:16:34,035 [pool-449-thread-1] INFO  server.RaftServerConfigKeys (ConfUtils.java:logGet(43)) - raft.server.log.segment.size.max = 1048576 (custom)
2019-10-10 21:16:34,035 [pool-449-thread-1] INFO  server.RaftServerConfigKeys (ConfUtils.java:logGet(43)) - raft.server.log.preallocated.size = 16384 (custom)
2019-10-10 21:16:34,035 [pool-449-thread-1] INFO  server.RaftServerConfigKeys (ConfUtils.java:logGet(43)) - raft.server.log.write.buffer.size = 33554432 (custom)
2019-10-10 21:16:34,036 [pool-449-thread-1] INFO  server.RaftServerConfigKeys (ConfUtils.java:logGet(43)) - raft.server.log.force.sync.num = 128 (default)
2019-10-10 21:16:34,036 [pool-449-thread-1] INFO  server.RaftServerConfigKeys (ConfUtils.java:logGet(43)) - raft.server.log.statemachine.data.sync = true (default)
2019-10-10 21:16:34,036 [pool-449-thread-1] INFO  server.RaftServerConfigKeys (ConfUtils.java:logGet(43)) - raft.server.log.statemachine.data.sync.timeout = 10s (default)
2019-10-10 21:16:34,036 [pool-449-thread-1] INFO  server.RaftServerConfigKeys (ConfUtils.java:logGet(43)) - raft.server.log.statemachine.data.sync.timeout.retry = -1 (default)
2019-10-10 21:16:34,036 [pool-449-thread-1] INFO  server.RaftServerConfigKeys (ConfUtils.java:logGet(43)) - raft.server.log.statemachine.data.caching.enabled = true (custom)
2019-10-10 21:16:34,036 [pool-449-thread-1] INFO  segmented.SegmentedRaftLogWorker (SegmentedRaftLogWorker.java:lambda$new$0(128)) - 59f3a390-2aa1-4e37-bd82-a5248a92ff56@group-952A352CA33B-SegmentedRaftLogWorker: flushIndex: setUnconditionally 0 -> -1
2019-10-10 21:16:34,037 [pool-449-thread-1] INFO  server.RaftServerConfigKeys (ConfUtils.java:logGet(43)) - raft.server.snapshot.auto.trigger.enabled = true (custom)
2019-10-10 21:16:34,037 [pool-449-thread-1] INFO  server.RaftServerConfigKeys (ConfUtils.java:logGet(43)) - raft.server.snapshot.auto.trigger.threshold = 10000 (custom)
2019-10-10 21:16:34,037 [pool-449-thread-1] INFO  server.RaftServerConfigKeys (ConfUtils.java:logGet(43)) - raft.server.snapshot.retention.file.num = 5 (custom)
2019-10-10 21:16:34,037 [pool-449-thread-1] INFO  server.RaftServerConfigKeys (ConfUtils.java:logGet(43)) - raft.server.retrycache.expirytime = 600000ms (custom)
2019-10-10 21:16:34,038 [pool-449-thread-1] INFO  impl.RaftServerImpl (RaftServerImpl.java:start(181)) - 59f3a390-2aa1-4e37-bd82-a5248a92ff56@group-952A352CA33B: start as a follower, conf=-1: [59f3a390-2aa1-4e37-bd82-a5248a92ff56:192.168.157.203:40169], old=null
2019-10-10 21:16:34,038 [pool-449-thread-1] INFO  impl.RaftServerImpl (RaftServerImpl.java:setRole(170)) - 59f3a390-2aa1-4e37-bd82-a5248a92ff56@group-952A352CA33B: changes role from      null to FOLLOWER at term 0 for startAsFollower
2019-10-10 21:16:34,038 [pool-449-thread-1] INFO  impl.RoleInfo (RoleInfo.java:updateAndGet(143)) - 59f3a390-2aa1-4e37-bd82-a5248a92ff56: start FollowerState
2019-10-10 21:16:34,038 [pool-449-thread-1] INFO  util.JmxRegister (JmxRegister.java:tryRegister(44)) - Successfully registered JMX Bean with object name Ratis:service=RaftServer,group=group-952A352CA33B,id=59f3a390-2aa1-4e37-bd82-a5248a92ff56
2019-10-10 21:16:34,042 [RatisPipelineUtilsThread] INFO  pipeline.PipelineStateManager (PipelineStateManager.java:addPipeline(56)) - Created pipeline Pipeline[ Id: 569dfbae-6afc-4a0a-bb77-952a352ca33b, Nodes: 59f3a390-2aa1-4e37-bd82-a5248a92ff56{ip: 192.168.157.203, host: pr-hdds-1986-lk2hz-517324276, networkLocation: /default-rack, certSerialId: null}, Type:RATIS, Factor:ONE, State:OPEN]
2019-10-10 21:16:34,052 [grpc-default-executor-8] INFO  impl.RaftServerProxy (RaftServerProxy.java:addNew(89)) - a2da2853-f47a-4827-bfd4-ede700e58c59: addNew group-564F3F5EA742:[a2da2853-f47a-4827-bfd4-ede700e58c59:192.168.157.203:32839] returns group-564F3F5EA742:java.util.concurrent.CompletableFuture@283e0713[Not completed]
2019-10-10 21:16:34,053 [pool-469-thread-1] INFO  impl.RaftServerImpl (RaftServerImpl.java:<init>(95)) - a2da2853-f47a-4827-bfd4-ede700e58c59: new RaftServerImpl for group-564F3F5EA742:[a2da2853-f47a-4827-bfd4-ede700e58c59:192.168.157.203:32839] with ContainerStateMachine:uninitialized
2019-10-10 21:16:34,053 [pool-469-thread-1] INFO  server.RaftServerConfigKeys (ConfUtils.java:logGet(43)) - raft.server.rpc.timeout.min = 5s (custom)
2019-10-10 21:16:34,053 [pool-469-thread-1] INFO  server.RaftServerConfigKeys (ConfUtils.java:logGet(43)) - raft.server.rpc.timeout.max = 5200ms (custom)
2019-10-10 21:16:34,053 [pool-469-thread-1] INFO  server.RaftServerConfigKeys (ConfUtils.java:logGet(43)) - raft.server.rpcslowness.timeout = 120s (custom)
2019-10-10 21:16:34,053 [pool-469-thread-1] INFO  server.RaftServerConfigKeys (ConfUtils.java:logGet(43)) - raft.server.sleep.deviation.threshold = 300 (default)
2019-10-10 21:16:34,053 [pool-469-thread-1] INFO  server.RaftServerConfigKeys (ConfUtils.java:logGet(43)) - raft.server.log.appender.install.snapshot.enabled = false (custom)
2019-10-10 21:16:34,053 [pool-469-thread-1] INFO  impl.RaftServerImpl (ServerState.java:<init>(103)) - a2da2853-f47a-4827-bfd4-ede700e58c59@group-564F3F5EA742: ConfigurationManager, init=-1: [a2da2853-f47a-4827-bfd4-ede700e58c59:192.168.157.203:32839], old=null, confs=<EMPTY_MAP>
2019-10-10 21:16:34,053 [pool-469-thread-1] INFO  server.RaftServerConfigKeys (ConfUtils.java:logGet(43)) - raft.server.storage.dir = [/workdir/hadoop-ozone/integration-test/target/test-dir/MiniOzoneClusterImpl-008c13f9-99c9-46b6-a713-c4581bd201ba/datanode-6/data/ratis] (custom)
2019-10-10 21:16:34,054 [pool-469-thread-1] INFO  server.RaftServerConfigKeys (ConfUtils.java:logGet(43)) - raft.server.log.corruption.policy = EXCEPTION (default)
2019-10-10 21:16:34,054 [pool-469-thread-1] INFO  storage.RaftStorageDirectory (RaftStorageDirectory.java:analyzeStorage(246)) - The storage directory /workdir/hadoop-ozone/integration-test/target/test-dir/MiniOzoneClusterImpl-008c13f9-99c9-46b6-a713-c4581bd201ba/datanode-6/data/ratis/57b5c137-0137-4e77-8758-564f3f5ea742 does not exist. Creating ...
2019-10-10 21:16:34,074 [pool-469-thread-1] INFO  storage.RaftStorageDirectory (RaftStorageDirectory.java:tryLock(328)) - Lock on /workdir/hadoop-ozone/integration-test/target/test-dir/MiniOzoneClusterImpl-008c13f9-99c9-46b6-a713-c4581bd201ba/datanode-6/data/ratis/57b5c137-0137-4e77-8758-564f3f5ea742/in_use.lock acquired by nodename 7083@pr-hdds-1986-lk2hz-517324276
2019-10-10 21:16:34,086 [pool-469-thread-1] INFO  storage.RaftStorage (RaftStorage.java:format(84)) - Storage directory /workdir/hadoop-ozone/integration-test/target/test-dir/MiniOzoneClusterImpl-008c13f9-99c9-46b6-a713-c4581bd201ba/datanode-6/data/ratis/57b5c137-0137-4e77-8758-564f3f5ea742 has been successfully formatted.
2019-10-10 21:16:34,087 [pool-469-thread-1] INFO  ratis.ContainerStateMachine (ContainerStateMachine.java:loadSnapshot(231)) - group-564F3F5EA742: The snapshot info is null. Setting the last applied indexto:(t:0, i:~)
2019-10-10 21:16:34,087 [pool-469-thread-1] INFO  server.RaftServerConfigKeys (ConfUtils.java:logGet(43)) - raft.server.notification.no-leader.timeout = 120s (custom)
2019-10-10 21:16:34,087 [pool-469-thread-1] INFO  server.RaftServerConfigKeys (ConfUtils.java:logGet(43)) - raft.server.log.use.memory = false (default)
2019-10-10 21:16:34,087 [pool-469-thread-1] INFO  server.RaftServerConfigKeys (ConfUtils.java:logGet(43)) - raft.server.log.purge.gap = 1000000 (custom)
2019-10-10 21:16:34,088 [pool-469-thread-1] INFO  server.RaftServerConfigKeys (ConfUtils.java:logGet(43)) - raft.server.log.appender.buffer.byte-limit = 33554432 (custom)
2019-10-10 21:16:34,088 [pool-469-thread-1] INFO  server.RaftServerConfigKeys (ConfUtils.java:logGet(43)) - raft.server.log.segment.size.max = 1048576 (custom)
2019-10-10 21:16:34,090 [pool-469-thread-1] INFO  server.RaftServerConfigKeys (ConfUtils.java:logGet(43)) - raft.server.log.segment.cache.num.max = 2 (custom)
2019-10-10 21:16:34,090 [pool-469-thread-1] INFO  segmented.SegmentedRaftLogWorker (SegmentedRaftLogWorker.java:<init>(173)) - new a2da2853-f47a-4827-bfd4-ede700e58c59@group-564F3F5EA742-SegmentedRaftLogWorker for RaftStorage:Storage Directory /workdir/hadoop-ozone/integration-test/target/test-dir/MiniOzoneClusterImpl-008c13f9-99c9-46b6-a713-c4581bd201ba/datanode-6/data/ratis/57b5c137-0137-4e77-8758-564f3f5ea742
2019-10-10 21:16:34,090 [pool-469-thread-1] INFO  server.RaftServerConfigKeys (ConfUtils.java:logGet(43)) - raft.server.log.queue.byte-limit = 2147483647 (custom)
2019-10-10 21:16:34,090 [pool-469-thread-1] INFO  server.RaftServerConfigKeys (ConfUtils.java:logGet(43)) - raft.server.log.queue.element-limit = 1024 (custom)
2019-10-10 21:16:34,091 [pool-469-thread-1] INFO  server.RaftServerConfigKeys (ConfUtils.java:logGet(43)) - raft.server.log.segment.size.max = 1048576 (custom)
2019-10-10 21:16:34,091 [pool-469-thread-1] INFO  server.RaftServerConfigKeys (ConfUtils.java:logGet(43)) - raft.server.log.preallocated.size = 16384 (custom)
2019-10-10 21:16:34,091 [pool-469-thread-1] INFO  server.RaftServerConfigKeys (ConfUtils.java:logGet(43)) - raft.server.log.write.buffer.size = 33554432 (custom)
2019-10-10 21:16:34,091 [pool-469-thread-1] INFO  server.RaftServerConfigKeys (ConfUtils.java:logGet(43)) - raft.server.log.force.sync.num = 128 (default)
2019-10-10 21:16:34,091 [pool-469-thread-1] INFO  server.RaftServerConfigKeys (ConfUtils.java:logGet(43)) - raft.server.log.statemachine.data.sync = true (default)
2019-10-10 21:16:34,091 [pool-469-thread-1] INFO  server.RaftServerConfigKeys (ConfUtils.java:logGet(43)) - raft.server.log.statemachine.data.sync.timeout = 10s (default)
2019-10-10 21:16:34,092 [pool-469-thread-1] INFO  server.RaftServerConfigKeys (ConfUtils.java:logGet(43)) - raft.server.log.statemachine.data.sync.timeout.retry = -1 (default)
2019-10-10 21:16:34,092 [pool-469-thread-1] INFO  server.RaftServerConfigKeys (ConfUtils.java:logGet(43)) - raft.server.log.statemachine.data.caching.enabled = true (custom)
2019-10-10 21:16:34,092 [pool-469-thread-1] INFO  segmented.SegmentedRaftLogWorker (SegmentedRaftLogWorker.java:lambda$new$0(128)) - a2da2853-f47a-4827-bfd4-ede700e58c59@group-564F3F5EA742-SegmentedRaftLogWorker: flushIndex: setUnconditionally 0 -> -1
2019-10-10 21:16:34,093 [pool-469-thread-1] INFO  server.RaftServerConfigKeys (ConfUtils.java:logGet(43)) - raft.server.snapshot.auto.trigger.enabled = true (custom)
2019-10-10 21:16:34,093 [pool-469-thread-1] INFO  server.RaftServerConfigKeys (ConfUtils.java:logGet(43)) - raft.server.snapshot.auto.trigger.threshold = 10000 (custom)
2019-10-10 21:16:34,093 [pool-469-thread-1] INFO  server.RaftServerConfigKeys (ConfUtils.java:logGet(43)) - raft.server.snapshot.retention.file.num = 5 (custom)
2019-10-10 21:16:34,093 [pool-469-thread-1] INFO  server.RaftServerConfigKeys (ConfUtils.java:logGet(43)) - raft.server.retrycache.expirytime = 600000ms (custom)
2019-10-10 21:16:34,095 [pool-469-thread-1] INFO  impl.RaftServerImpl (RaftServerImpl.java:start(181)) - a2da2853-f47a-4827-bfd4-ede700e58c59@group-564F3F5EA742: start as a follower, conf=-1: [a2da2853-f47a-4827-bfd4-ede700e58c59:192.168.157.203:32839], old=null
2019-10-10 21:16:34,096 [pool-469-thread-1] INFO  impl.RaftServerImpl (RaftServerImpl.java:setRole(170)) - a2da2853-f47a-4827-bfd4-ede700e58c59@group-564F3F5EA742: changes role from      null to FOLLOWER at term 0 for startAsFollower
2019-10-10 21:16:34,096 [pool-469-thread-1] INFO  impl.RoleInfo (RoleInfo.java:updateAndGet(143)) - a2da2853-f47a-4827-bfd4-ede700e58c59: start FollowerState
2019-10-10 21:16:34,096 [pool-469-thread-1] INFO  util.JmxRegister (JmxRegister.java:tryRegister(44)) - Successfully registered JMX Bean with object name Ratis:service=RaftServer,group=group-564F3F5EA742,id=a2da2853-f47a-4827-bfd4-ede700e58c59
2019-10-10 21:16:34,100 [RatisPipelineUtilsThread] INFO  pipeline.PipelineStateManager (PipelineStateManager.java:addPipeline(56)) - Created pipeline Pipeline[ Id: 57b5c137-0137-4e77-8758-564f3f5ea742, Nodes: a2da2853-f47a-4827-bfd4-ede700e58c59{ip: 192.168.157.203, host: pr-hdds-1986-lk2hz-517324276, networkLocation: /default-rack, certSerialId: null}, Type:RATIS, Factor:ONE, State:OPEN]
2019-10-10 21:16:34,110 [grpc-default-executor-8] INFO  impl.RaftServerProxy (RaftServerProxy.java:addNew(89)) - 850901b9-0502-4ea6-8169-4e83f9f8b449: addNew group-D8D9F1566454:[850901b9-0502-4ea6-8169-4e83f9f8b449:192.168.157.203:44644] returns group-D8D9F1566454:java.util.concurrent.CompletableFuture@2a873f5f[Not completed]
2019-10-10 21:16:34,112 [pool-459-thread-1] INFO  impl.RaftServerImpl (RaftServerImpl.java:<init>(95)) - 850901b9-0502-4ea6-8169-4e83f9f8b449: new RaftServerImpl for group-D8D9F1566454:[850901b9-0502-4ea6-8169-4e83f9f8b449:192.168.157.203:44644] with ContainerStateMachine:uninitialized
2019-10-10 21:16:34,112 [pool-459-thread-1] INFO  server.RaftServerConfigKeys (ConfUtils.java:logGet(43)) - raft.server.rpc.timeout.min = 5s (custom)
2019-10-10 21:16:34,112 [pool-459-thread-1] INFO  server.RaftServerConfigKeys (ConfUtils.java:logGet(43)) - raft.server.rpc.timeout.max = 5200ms (custom)
2019-10-10 21:16:34,112 [pool-459-thread-1] INFO  server.RaftServerConfigKeys (ConfUtils.java:logGet(43)) - raft.server.rpcslowness.timeout = 120s (custom)
2019-10-10 21:16:34,112 [pool-459-thread-1] INFO  server.RaftServerConfigKeys (ConfUtils.java:logGet(43)) - raft.server.sleep.deviation.threshold = 300 (default)
2019-10-10 21:16:34,112 [pool-459-thread-1] INFO  server.RaftServerConfigKeys (ConfUtils.java:logGet(43)) - raft.server.log.appender.install.snapshot.enabled = false (custom)
2019-10-10 21:16:34,113 [pool-459-thread-1] INFO  impl.RaftServerImpl (ServerState.java:<init>(103)) - 850901b9-0502-4ea6-8169-4e83f9f8b449@group-D8D9F1566454: ConfigurationManager, init=-1: [850901b9-0502-4ea6-8169-4e83f9f8b449:192.168.157.203:44644], old=null, confs=<EMPTY_MAP>
2019-10-10 21:16:34,113 [pool-459-thread-1] INFO  server.RaftServerConfigKeys (ConfUtils.java:logGet(43)) - raft.server.storage.dir = [/workdir/hadoop-ozone/integration-test/target/test-dir/MiniOzoneClusterImpl-008c13f9-99c9-46b6-a713-c4581bd201ba/datanode-5/data/ratis] (custom)
2019-10-10 21:16:34,113 [pool-459-thread-1] INFO  server.RaftServerConfigKeys (ConfUtils.java:logGet(43)) - raft.server.log.corruption.policy = EXCEPTION (default)
2019-10-10 21:16:34,113 [pool-459-thread-1] INFO  storage.RaftStorageDirectory (RaftStorageDirectory.java:analyzeStorage(246)) - The storage directory /workdir/hadoop-ozone/integration-test/target/test-dir/MiniOzoneClusterImpl-008c13f9-99c9-46b6-a713-c4581bd201ba/datanode-5/data/ratis/80b362a3-49f5-4c31-96c6-d8d9f1566454 does not exist. Creating ...
2019-10-10 21:16:34,127 [pool-459-thread-1] INFO  storage.RaftStorageDirectory (RaftStorageDirectory.java:tryLock(328)) - Lock on /workdir/hadoop-ozone/integration-test/target/test-dir/MiniOzoneClusterImpl-008c13f9-99c9-46b6-a713-c4581bd201ba/datanode-5/data/ratis/80b362a3-49f5-4c31-96c6-d8d9f1566454/in_use.lock acquired by nodename 7083@pr-hdds-1986-lk2hz-517324276
2019-10-10 21:16:34,140 [pool-459-thread-1] INFO  storage.RaftStorage (RaftStorage.java:format(84)) - Storage directory /workdir/hadoop-ozone/integration-test/target/test-dir/MiniOzoneClusterImpl-008c13f9-99c9-46b6-a713-c4581bd201ba/datanode-5/data/ratis/80b362a3-49f5-4c31-96c6-d8d9f1566454 has been successfully formatted.
2019-10-10 21:16:34,141 [pool-459-thread-1] INFO  ratis.ContainerStateMachine (ContainerStateMachine.java:loadSnapshot(231)) - group-D8D9F1566454: The snapshot info is null. Setting the last applied indexto:(t:0, i:~)
2019-10-10 21:16:34,141 [pool-459-thread-1] INFO  server.RaftServerConfigKeys (ConfUtils.java:logGet(43)) - raft.server.notification.no-leader.timeout = 120s (custom)
2019-10-10 21:16:34,141 [pool-459-thread-1] INFO  server.RaftServerConfigKeys (ConfUtils.java:logGet(43)) - raft.server.log.use.memory = false (default)
2019-10-10 21:16:34,141 [pool-459-thread-1] INFO  server.RaftServerConfigKeys (ConfUtils.java:logGet(43)) - raft.server.log.purge.gap = 1000000 (custom)
2019-10-10 21:16:34,141 [pool-459-thread-1] INFO  server.RaftServerConfigKeys (ConfUtils.java:logGet(43)) - raft.server.log.appender.buffer.byte-limit = 33554432 (custom)
2019-10-10 21:16:34,142 [pool-459-thread-1] INFO  server.RaftServerConfigKeys (ConfUtils.java:logGet(43)) - raft.server.log.segment.size.max = 1048576 (custom)
2019-10-10 21:16:34,143 [pool-459-thread-1] INFO  server.RaftServerConfigKeys (ConfUtils.java:logGet(43)) - raft.server.log.segment.cache.num.max = 2 (custom)
2019-10-10 21:16:34,143 [pool-459-thread-1] INFO  segmented.SegmentedRaftLogWorker (SegmentedRaftLogWorker.java:<init>(173)) - new 850901b9-0502-4ea6-8169-4e83f9f8b449@group-D8D9F1566454-SegmentedRaftLogWorker for RaftStorage:Storage Directory /workdir/hadoop-ozone/integration-test/target/test-dir/MiniOzoneClusterImpl-008c13f9-99c9-46b6-a713-c4581bd201ba/datanode-5/data/ratis/80b362a3-49f5-4c31-96c6-d8d9f1566454
2019-10-10 21:16:34,144 [pool-459-thread-1] INFO  server.RaftServerConfigKeys (ConfUtils.java:logGet(43)) - raft.server.log.queue.byte-limit = 2147483647 (custom)
2019-10-10 21:16:34,144 [pool-459-thread-1] INFO  server.RaftServerConfigKeys (ConfUtils.java:logGet(43)) - raft.server.log.queue.element-limit = 1024 (custom)
2019-10-10 21:16:34,144 [pool-459-thread-1] INFO  server.RaftServerConfigKeys (ConfUtils.java:logGet(43)) - raft.server.log.segment.size.max = 1048576 (custom)
2019-10-10 21:16:34,144 [pool-459-thread-1] INFO  server.RaftServerConfigKeys (ConfUtils.java:logGet(43)) - raft.server.log.preallocated.size = 16384 (custom)
2019-10-10 21:16:34,144 [pool-459-thread-1] INFO  server.RaftServerConfigKeys (ConfUtils.java:logGet(43)) - raft.server.log.write.buffer.size = 33554432 (custom)
2019-10-10 21:16:34,144 [pool-459-thread-1] INFO  server.RaftServerConfigKeys (ConfUtils.java:logGet(43)) - raft.server.log.force.sync.num = 128 (default)
2019-10-10 21:16:34,144 [pool-459-thread-1] INFO  server.RaftServerConfigKeys (ConfUtils.java:logGet(43)) - raft.server.log.statemachine.data.sync = true (default)
2019-10-10 21:16:34,145 [pool-459-thread-1] INFO  server.RaftServerConfigKeys (ConfUtils.java:logGet(43)) - raft.server.log.statemachine.data.sync.timeout = 10s (default)
2019-10-10 21:16:34,145 [pool-459-thread-1] INFO  server.RaftServerConfigKeys (ConfUtils.java:logGet(43)) - raft.server.log.statemachine.data.sync.timeout.retry = -1 (default)
2019-10-10 21:16:34,145 [pool-459-thread-1] INFO  server.RaftServerConfigKeys (ConfUtils.java:logGet(43)) - raft.server.log.statemachine.data.caching.enabled = true (custom)
2019-10-10 21:16:34,146 [pool-459-thread-1] INFO  segmented.SegmentedRaftLogWorker (SegmentedRaftLogWorker.java:lambda$new$0(128)) - 850901b9-0502-4ea6-8169-4e83f9f8b449@group-D8D9F1566454-SegmentedRaftLogWorker: flushIndex: setUnconditionally 0 -> -1
2019-10-10 21:16:34,146 [pool-459-thread-1] INFO  server.RaftServerConfigKeys (ConfUtils.java:logGet(43)) - raft.server.snapshot.auto.trigger.enabled = true (custom)
2019-10-10 21:16:34,146 [pool-459-thread-1] INFO  server.RaftServerConfigKeys (ConfUtils.java:logGet(43)) - raft.server.snapshot.auto.trigger.threshold = 10000 (custom)
2019-10-10 21:16:34,146 [pool-459-thread-1] INFO  server.RaftServerConfigKeys (ConfUtils.java:logGet(43)) - raft.server.snapshot.retention.file.num = 5 (custom)
2019-10-10 21:16:34,146 [pool-459-thread-1] INFO  server.RaftServerConfigKeys (ConfUtils.java:logGet(43)) - raft.server.retrycache.expirytime = 600000ms (custom)
2019-10-10 21:16:34,148 [pool-459-thread-1] INFO  impl.RaftServerImpl (RaftServerImpl.java:start(181)) - 850901b9-0502-4ea6-8169-4e83f9f8b449@group-D8D9F1566454: start as a follower, conf=-1: [850901b9-0502-4ea6-8169-4e83f9f8b449:192.168.157.203:44644], old=null
2019-10-10 21:16:34,148 [pool-459-thread-1] INFO  impl.RaftServerImpl (RaftServerImpl.java:setRole(170)) - 850901b9-0502-4ea6-8169-4e83f9f8b449@group-D8D9F1566454: changes role from      null to FOLLOWER at term 0 for startAsFollower
2019-10-10 21:16:34,148 [pool-459-thread-1] INFO  impl.RoleInfo (RoleInfo.java:updateAndGet(143)) - 850901b9-0502-4ea6-8169-4e83f9f8b449: start FollowerState
2019-10-10 21:16:34,149 [pool-459-thread-1] INFO  util.JmxRegister (JmxRegister.java:tryRegister(44)) - Successfully registered JMX Bean with object name Ratis:service=RaftServer,group=group-D8D9F1566454,id=850901b9-0502-4ea6-8169-4e83f9f8b449
2019-10-10 21:16:34,153 [RatisPipelineUtilsThread] INFO  pipeline.PipelineStateManager (PipelineStateManager.java:addPipeline(56)) - Created pipeline Pipeline[ Id: 80b362a3-49f5-4c31-96c6-d8d9f1566454, Nodes: 850901b9-0502-4ea6-8169-4e83f9f8b449{ip: 192.168.157.203, host: pr-hdds-1986-lk2hz-517324276, networkLocation: /default-rack, certSerialId: null}, Type:RATIS, Factor:ONE, State:OPEN]
2019-10-10 21:16:34,169 [grpc-default-executor-0] INFO  impl.RaftServerProxy (RaftServerProxy.java:addNew(89)) - a2da2853-f47a-4827-bfd4-ede700e58c59: addNew group-31E811F9E092:[32311c87-0abf-4b2b-beb5-d95d041bafb4:192.168.157.203:39605, a2da2853-f47a-4827-bfd4-ede700e58c59:192.168.157.203:32839, 59f3a390-2aa1-4e37-bd82-a5248a92ff56:192.168.157.203:40169] returns group-31E811F9E092:java.util.concurrent.CompletableFuture@c42d25f[Not completed]
2019-10-10 21:16:34,170 [grpc-default-executor-6] INFO  impl.RaftServerProxy (RaftServerProxy.java:addNew(89)) - 32311c87-0abf-4b2b-beb5-d95d041bafb4: addNew group-31E811F9E092:[32311c87-0abf-4b2b-beb5-d95d041bafb4:192.168.157.203:39605, a2da2853-f47a-4827-bfd4-ede700e58c59:192.168.157.203:32839, 59f3a390-2aa1-4e37-bd82-a5248a92ff56:192.168.157.203:40169] returns group-31E811F9E092:java.util.concurrent.CompletableFuture@5fe0dd7d[Not completed]
2019-10-10 21:16:34,170 [grpc-default-executor-0] INFO  impl.RaftServerProxy (RaftServerProxy.java:addNew(89)) - 59f3a390-2aa1-4e37-bd82-a5248a92ff56: addNew group-31E811F9E092:[32311c87-0abf-4b2b-beb5-d95d041bafb4:192.168.157.203:39605, a2da2853-f47a-4827-bfd4-ede700e58c59:192.168.157.203:32839, 59f3a390-2aa1-4e37-bd82-a5248a92ff56:192.168.157.203:40169] returns group-31E811F9E092:java.util.concurrent.CompletableFuture@a0785dd[Not completed]
2019-10-10 21:16:34,171 [pool-469-thread-1] INFO  impl.RaftServerImpl (RaftServerImpl.java:<init>(95)) - a2da2853-f47a-4827-bfd4-ede700e58c59: new RaftServerImpl for group-31E811F9E092:[32311c87-0abf-4b2b-beb5-d95d041bafb4:192.168.157.203:39605, a2da2853-f47a-4827-bfd4-ede700e58c59:192.168.157.203:32839, 59f3a390-2aa1-4e37-bd82-a5248a92ff56:192.168.157.203:40169] with ContainerStateMachine:uninitialized
2019-10-10 21:16:34,171 [pool-469-thread-1] INFO  server.RaftServerConfigKeys (ConfUtils.java:logGet(43)) - raft.server.rpc.timeout.min = 5s (custom)
2019-10-10 21:16:34,171 [pool-469-thread-1] INFO  server.RaftServerConfigKeys (ConfUtils.java:logGet(43)) - raft.server.rpc.timeout.max = 5200ms (custom)
2019-10-10 21:16:34,171 [pool-469-thread-1] INFO  server.RaftServerConfigKeys (ConfUtils.java:logGet(43)) - raft.server.rpcslowness.timeout = 120s (custom)
2019-10-10 21:16:34,172 [pool-469-thread-1] INFO  server.RaftServerConfigKeys (ConfUtils.java:logGet(43)) - raft.server.sleep.deviation.threshold = 300 (default)
2019-10-10 21:16:34,172 [pool-449-thread-1] INFO  impl.RaftServerImpl (RaftServerImpl.java:<init>(95)) - 59f3a390-2aa1-4e37-bd82-a5248a92ff56: new RaftServerImpl for group-31E811F9E092:[32311c87-0abf-4b2b-beb5-d95d041bafb4:192.168.157.203:39605, a2da2853-f47a-4827-bfd4-ede700e58c59:192.168.157.203:32839, 59f3a390-2aa1-4e37-bd82-a5248a92ff56:192.168.157.203:40169] with ContainerStateMachine:uninitialized
2019-10-10 21:16:34,172 [pool-469-thread-1] INFO  server.RaftServerConfigKeys (ConfUtils.java:logGet(43)) - raft.server.log.appender.install.snapshot.enabled = false (custom)
2019-10-10 21:16:34,172 [pool-449-thread-1] INFO  server.RaftServerConfigKeys (ConfUtils.java:logGet(43)) - raft.server.rpc.timeout.min = 5s (custom)
2019-10-10 21:16:34,172 [pool-469-thread-1] INFO  impl.RaftServerImpl (ServerState.java:<init>(103)) - a2da2853-f47a-4827-bfd4-ede700e58c59@group-31E811F9E092: ConfigurationManager, init=-1: [32311c87-0abf-4b2b-beb5-d95d041bafb4:192.168.157.203:39605, a2da2853-f47a-4827-bfd4-ede700e58c59:192.168.157.203:32839, 59f3a390-2aa1-4e37-bd82-a5248a92ff56:192.168.157.203:40169], old=null, confs=<EMPTY_MAP>
2019-10-10 21:16:34,172 [pool-449-thread-1] INFO  server.RaftServerConfigKeys (ConfUtils.java:logGet(43)) - raft.server.rpc.timeout.max = 5200ms (custom)
2019-10-10 21:16:34,172 [pool-469-thread-1] INFO  server.RaftServerConfigKeys (ConfUtils.java:logGet(43)) - raft.server.storage.dir = [/workdir/hadoop-ozone/integration-test/target/test-dir/MiniOzoneClusterImpl-008c13f9-99c9-46b6-a713-c4581bd201ba/datanode-6/data/ratis] (custom)
2019-10-10 21:16:34,172 [pool-439-thread-1] INFO  impl.RaftServerImpl (RaftServerImpl.java:<init>(95)) - 32311c87-0abf-4b2b-beb5-d95d041bafb4: new RaftServerImpl for group-31E811F9E092:[32311c87-0abf-4b2b-beb5-d95d041bafb4:192.168.157.203:39605, a2da2853-f47a-4827-bfd4-ede700e58c59:192.168.157.203:32839, 59f3a390-2aa1-4e37-bd82-a5248a92ff56:192.168.157.203:40169] with ContainerStateMachine:uninitialized
2019-10-10 21:16:34,173 [pool-469-thread-1] INFO  server.RaftServerConfigKeys (ConfUtils.java:logGet(43)) - raft.server.log.corruption.policy = EXCEPTION (default)
2019-10-10 21:16:34,172 [pool-449-thread-1] INFO  server.RaftServerConfigKeys (ConfUtils.java:logGet(43)) - raft.server.rpcslowness.timeout = 120s (custom)
2019-10-10 21:16:34,173 [pool-469-thread-1] INFO  storage.RaftStorageDirectory (RaftStorageDirectory.java:analyzeStorage(246)) - The storage directory /workdir/hadoop-ozone/integration-test/target/test-dir/MiniOzoneClusterImpl-008c13f9-99c9-46b6-a713-c4581bd201ba/datanode-6/data/ratis/89aeb50c-423b-4db1-b4f7-31e811f9e092 does not exist. Creating ...
2019-10-10 21:16:34,173 [pool-439-thread-1] INFO  server.RaftServerConfigKeys (ConfUtils.java:logGet(43)) - raft.server.rpc.timeout.min = 5s (custom)
2019-10-10 21:16:34,173 [pool-449-thread-1] INFO  server.RaftServerConfigKeys (ConfUtils.java:logGet(43)) - raft.server.sleep.deviation.threshold = 300 (default)
2019-10-10 21:16:34,173 [pool-439-thread-1] INFO  server.RaftServerConfigKeys (ConfUtils.java:logGet(43)) - raft.server.rpc.timeout.max = 5200ms (custom)
2019-10-10 21:16:34,173 [pool-449-thread-1] INFO  server.RaftServerConfigKeys (ConfUtils.java:logGet(43)) - raft.server.log.appender.install.snapshot.enabled = false (custom)
2019-10-10 21:16:34,173 [pool-439-thread-1] INFO  server.RaftServerConfigKeys (ConfUtils.java:logGet(43)) - raft.server.rpcslowness.timeout = 120s (custom)
2019-10-10 21:16:34,173 [pool-449-thread-1] INFO  impl.RaftServerImpl (ServerState.java:<init>(103)) - 59f3a390-2aa1-4e37-bd82-a5248a92ff56@group-31E811F9E092: ConfigurationManager, init=-1: [32311c87-0abf-4b2b-beb5-d95d041bafb4:192.168.157.203:39605, a2da2853-f47a-4827-bfd4-ede700e58c59:192.168.157.203:32839, 59f3a390-2aa1-4e37-bd82-a5248a92ff56:192.168.157.203:40169], old=null, confs=<EMPTY_MAP>
2019-10-10 21:16:34,174 [pool-439-thread-1] INFO  server.RaftServerConfigKeys (ConfUtils.java:logGet(43)) - raft.server.sleep.deviation.threshold = 300 (default)
2019-10-10 21:16:34,174 [pool-449-thread-1] INFO  server.RaftServerConfigKeys (ConfUtils.java:logGet(43)) - raft.server.storage.dir = [/workdir/hadoop-ozone/integration-test/target/test-dir/MiniOzoneClusterImpl-008c13f9-99c9-46b6-a713-c4581bd201ba/datanode-4/data/ratis] (custom)
2019-10-10 21:16:34,174 [pool-439-thread-1] INFO  server.RaftServerConfigKeys (ConfUtils.java:logGet(43)) - raft.server.log.appender.install.snapshot.enabled = false (custom)
2019-10-10 21:16:34,174 [pool-449-thread-1] INFO  server.RaftServerConfigKeys (ConfUtils.java:logGet(43)) - raft.server.log.corruption.policy = EXCEPTION (default)
2019-10-10 21:16:34,174 [pool-439-thread-1] INFO  impl.RaftServerImpl (ServerState.java:<init>(103)) - 32311c87-0abf-4b2b-beb5-d95d041bafb4@group-31E811F9E092: ConfigurationManager, init=-1: [32311c87-0abf-4b2b-beb5-d95d041bafb4:192.168.157.203:39605, a2da2853-f47a-4827-bfd4-ede700e58c59:192.168.157.203:32839, 59f3a390-2aa1-4e37-bd82-a5248a92ff56:192.168.157.203:40169], old=null, confs=<EMPTY_MAP>
2019-10-10 21:16:34,174 [pool-449-thread-1] INFO  storage.RaftStorageDirectory (RaftStorageDirectory.java:analyzeStorage(246)) - The storage directory /workdir/hadoop-ozone/integration-test/target/test-dir/MiniOzoneClusterImpl-008c13f9-99c9-46b6-a713-c4581bd201ba/datanode-4/data/ratis/89aeb50c-423b-4db1-b4f7-31e811f9e092 does not exist. Creating ...
2019-10-10 21:16:34,174 [pool-439-thread-1] INFO  server.RaftServerConfigKeys (ConfUtils.java:logGet(43)) - raft.server.storage.dir = [/workdir/hadoop-ozone/integration-test/target/test-dir/MiniOzoneClusterImpl-008c13f9-99c9-46b6-a713-c4581bd201ba/datanode-3/data/ratis] (custom)
2019-10-10 21:16:34,175 [pool-439-thread-1] INFO  server.RaftServerConfigKeys (ConfUtils.java:logGet(43)) - raft.server.log.corruption.policy = EXCEPTION (default)
2019-10-10 21:16:34,175 [pool-439-thread-1] INFO  storage.RaftStorageDirectory (RaftStorageDirectory.java:analyzeStorage(246)) - The storage directory /workdir/hadoop-ozone/integration-test/target/test-dir/MiniOzoneClusterImpl-008c13f9-99c9-46b6-a713-c4581bd201ba/datanode-3/data/ratis/89aeb50c-423b-4db1-b4f7-31e811f9e092 does not exist. Creating ...
2019-10-10 21:16:34,198 [pool-449-thread-1] INFO  storage.RaftStorageDirectory (RaftStorageDirectory.java:tryLock(328)) - Lock on /workdir/hadoop-ozone/integration-test/target/test-dir/MiniOzoneClusterImpl-008c13f9-99c9-46b6-a713-c4581bd201ba/datanode-4/data/ratis/89aeb50c-423b-4db1-b4f7-31e811f9e092/in_use.lock acquired by nodename 7083@pr-hdds-1986-lk2hz-517324276
2019-10-10 21:16:34,198 [pool-469-thread-1] INFO  storage.RaftStorageDirectory (RaftStorageDirectory.java:tryLock(328)) - Lock on /workdir/hadoop-ozone/integration-test/target/test-dir/MiniOzoneClusterImpl-008c13f9-99c9-46b6-a713-c4581bd201ba/datanode-6/data/ratis/89aeb50c-423b-4db1-b4f7-31e811f9e092/in_use.lock acquired by nodename 7083@pr-hdds-1986-lk2hz-517324276
2019-10-10 21:16:34,198 [pool-439-thread-1] INFO  storage.RaftStorageDirectory (RaftStorageDirectory.java:tryLock(328)) - Lock on /workdir/hadoop-ozone/integration-test/target/test-dir/MiniOzoneClusterImpl-008c13f9-99c9-46b6-a713-c4581bd201ba/datanode-3/data/ratis/89aeb50c-423b-4db1-b4f7-31e811f9e092/in_use.lock acquired by nodename 7083@pr-hdds-1986-lk2hz-517324276
2019-10-10 21:16:34,220 [pool-439-thread-1] INFO  storage.RaftStorage (RaftStorage.java:format(84)) - Storage directory /workdir/hadoop-ozone/integration-test/target/test-dir/MiniOzoneClusterImpl-008c13f9-99c9-46b6-a713-c4581bd201ba/datanode-3/data/ratis/89aeb50c-423b-4db1-b4f7-31e811f9e092 has been successfully formatted.
2019-10-10 21:16:34,220 [pool-449-thread-1] INFO  storage.RaftStorage (RaftStorage.java:format(84)) - Storage directory /workdir/hadoop-ozone/integration-test/target/test-dir/MiniOzoneClusterImpl-008c13f9-99c9-46b6-a713-c4581bd201ba/datanode-4/data/ratis/89aeb50c-423b-4db1-b4f7-31e811f9e092 has been successfully formatted.
2019-10-10 21:16:34,220 [pool-469-thread-1] INFO  storage.RaftStorage (RaftStorage.java:format(84)) - Storage directory /workdir/hadoop-ozone/integration-test/target/test-dir/MiniOzoneClusterImpl-008c13f9-99c9-46b6-a713-c4581bd201ba/datanode-6/data/ratis/89aeb50c-423b-4db1-b4f7-31e811f9e092 has been successfully formatted.
2019-10-10 21:16:34,221 [pool-449-thread-1] INFO  ratis.ContainerStateMachine (ContainerStateMachine.java:loadSnapshot(231)) - group-31E811F9E092: The snapshot info is null. Setting the last applied indexto:(t:0, i:~)
2019-10-10 21:16:34,221 [pool-449-thread-1] INFO  server.RaftServerConfigKeys (ConfUtils.java:logGet(43)) - raft.server.notification.no-leader.timeout = 120s (custom)
2019-10-10 21:16:34,221 [pool-439-thread-1] INFO  ratis.ContainerStateMachine (ContainerStateMachine.java:loadSnapshot(231)) - group-31E811F9E092: The snapshot info is null. Setting the last applied indexto:(t:0, i:~)
2019-10-10 21:16:34,221 [pool-449-thread-1] INFO  server.RaftServerConfigKeys (ConfUtils.java:logGet(43)) - raft.server.log.use.memory = false (default)
2019-10-10 21:16:34,221 [pool-469-thread-1] INFO  ratis.ContainerStateMachine (ContainerStateMachine.java:loadSnapshot(231)) - group-31E811F9E092: The snapshot info is null. Setting the last applied indexto:(t:0, i:~)
2019-10-10 21:16:34,222 [pool-449-thread-1] INFO  server.RaftServerConfigKeys (ConfUtils.java:logGet(43)) - raft.server.log.purge.gap = 1000000 (custom)
2019-10-10 21:16:34,222 [pool-439-thread-1] INFO  server.RaftServerConfigKeys (ConfUtils.java:logGet(43)) - raft.server.notification.no-leader.timeout = 120s (custom)
2019-10-10 21:16:34,222 [pool-449-thread-1] INFO  server.RaftServerConfigKeys (ConfUtils.java:logGet(43)) - raft.server.log.appender.buffer.byte-limit = 33554432 (custom)
2019-10-10 21:16:34,222 [pool-469-thread-1] INFO  server.RaftServerConfigKeys (ConfUtils.java:logGet(43)) - raft.server.notification.no-leader.timeout = 120s (custom)
2019-10-10 21:16:34,222 [pool-449-thread-1] INFO  server.RaftServerConfigKeys (ConfUtils.java:logGet(43)) - raft.server.log.segment.size.max = 1048576 (custom)
2019-10-10 21:16:34,222 [pool-439-thread-1] INFO  server.RaftServerConfigKeys (ConfUtils.java:logGet(43)) - raft.server.log.use.memory = false (default)
2019-10-10 21:16:34,223 [pool-449-thread-1] INFO  server.RaftServerConfigKeys (ConfUtils.java:logGet(43)) - raft.server.log.segment.cache.num.max = 2 (custom)
2019-10-10 21:16:34,222 [pool-469-thread-1] INFO  server.RaftServerConfigKeys (ConfUtils.java:logGet(43)) - raft.server.log.use.memory = false (default)
2019-10-10 21:16:34,223 [pool-449-thread-1] INFO  segmented.SegmentedRaftLogWorker (SegmentedRaftLogWorker.java:<init>(173)) - new 59f3a390-2aa1-4e37-bd82-a5248a92ff56@group-31E811F9E092-SegmentedRaftLogWorker for RaftStorage:Storage Directory /workdir/hadoop-ozone/integration-test/target/test-dir/MiniOzoneClusterImpl-008c13f9-99c9-46b6-a713-c4581bd201ba/datanode-4/data/ratis/89aeb50c-423b-4db1-b4f7-31e811f9e092
2019-10-10 21:16:34,223 [pool-439-thread-1] INFO  server.RaftServerConfigKeys (ConfUtils.java:logGet(43)) - raft.server.log.purge.gap = 1000000 (custom)
2019-10-10 21:16:34,223 [pool-449-thread-1] INFO  server.RaftServerConfigKeys (ConfUtils.java:logGet(43)) - raft.server.log.queue.byte-limit = 2147483647 (custom)
2019-10-10 21:16:34,223 [pool-469-thread-1] INFO  server.RaftServerConfigKeys (ConfUtils.java:logGet(43)) - raft.server.log.purge.gap = 1000000 (custom)
2019-10-10 21:16:34,224 [pool-449-thread-1] INFO  server.RaftServerConfigKeys (ConfUtils.java:logGet(43)) - raft.server.log.queue.element-limit = 1024 (custom)
2019-10-10 21:16:34,223 [pool-439-thread-1] INFO  server.RaftServerConfigKeys (ConfUtils.java:logGet(43)) - raft.server.log.appender.buffer.byte-limit = 33554432 (custom)
2019-10-10 21:16:34,224 [pool-449-thread-1] INFO  server.RaftServerConfigKeys (ConfUtils.java:logGet(43)) - raft.server.log.segment.size.max = 1048576 (custom)
2019-10-10 21:16:34,224 [pool-449-thread-1] INFO  server.RaftServerConfigKeys (ConfUtils.java:logGet(43)) - raft.server.log.preallocated.size = 16384 (custom)
2019-10-10 21:16:34,224 [pool-469-thread-1] INFO  server.RaftServerConfigKeys (ConfUtils.java:logGet(43)) - raft.server.log.appender.buffer.byte-limit = 33554432 (custom)
2019-10-10 21:16:34,224 [pool-449-thread-1] INFO  server.RaftServerConfigKeys (ConfUtils.java:logGet(43)) - raft.server.log.write.buffer.size = 33554432 (custom)
2019-10-10 21:16:34,224 [pool-439-thread-1] INFO  server.RaftServerConfigKeys (ConfUtils.java:logGet(43)) - raft.server.log.segment.size.max = 1048576 (custom)
2019-10-10 21:16:34,225 [pool-449-thread-1] INFO  server.RaftServerConfigKeys (ConfUtils.java:logGet(43)) - raft.server.log.force.sync.num = 128 (default)
2019-10-10 21:16:34,225 [pool-469-thread-1] INFO  server.RaftServerConfigKeys (ConfUtils.java:logGet(43)) - raft.server.log.segment.size.max = 1048576 (custom)
2019-10-10 21:16:34,225 [pool-449-thread-1] INFO  server.RaftServerConfigKeys (ConfUtils.java:logGet(43)) - raft.server.log.statemachine.data.sync = true (default)
2019-10-10 21:16:34,225 [pool-439-thread-1] INFO  server.RaftServerConfigKeys (ConfUtils.java:logGet(43)) - raft.server.log.segment.cache.num.max = 2 (custom)
2019-10-10 21:16:34,225 [pool-449-thread-1] INFO  server.RaftServerConfigKeys (ConfUtils.java:logGet(43)) - raft.server.log.statemachine.data.sync.timeout = 10s (default)
2019-10-10 21:16:34,226 [pool-449-thread-1] INFO  server.RaftServerConfigKeys (ConfUtils.java:logGet(43)) - raft.server.log.statemachine.data.sync.timeout.retry = -1 (default)
2019-10-10 21:16:34,225 [pool-469-thread-1] INFO  server.RaftServerConfigKeys (ConfUtils.java:logGet(43)) - raft.server.log.segment.cache.num.max = 2 (custom)
2019-10-10 21:16:34,226 [pool-449-thread-1] INFO  server.RaftServerConfigKeys (ConfUtils.java:logGet(43)) - raft.server.log.statemachine.data.caching.enabled = true (custom)
2019-10-10 21:16:34,225 [pool-439-thread-1] INFO  segmented.SegmentedRaftLogWorker (SegmentedRaftLogWorker.java:<init>(173)) - new 32311c87-0abf-4b2b-beb5-d95d041bafb4@group-31E811F9E092-SegmentedRaftLogWorker for RaftStorage:Storage Directory /workdir/hadoop-ozone/integration-test/target/test-dir/MiniOzoneClusterImpl-008c13f9-99c9-46b6-a713-c4581bd201ba/datanode-3/data/ratis/89aeb50c-423b-4db1-b4f7-31e811f9e092
2019-10-10 21:16:34,226 [pool-469-thread-1] INFO  segmented.SegmentedRaftLogWorker (SegmentedRaftLogWorker.java:<init>(173)) - new a2da2853-f47a-4827-bfd4-ede700e58c59@group-31E811F9E092-SegmentedRaftLogWorker for RaftStorage:Storage Directory /workdir/hadoop-ozone/integration-test/target/test-dir/MiniOzoneClusterImpl-008c13f9-99c9-46b6-a713-c4581bd201ba/datanode-6/data/ratis/89aeb50c-423b-4db1-b4f7-31e811f9e092
2019-10-10 21:16:34,226 [pool-439-thread-1] INFO  server.RaftServerConfigKeys (ConfUtils.java:logGet(43)) - raft.server.log.queue.byte-limit = 2147483647 (custom)
2019-10-10 21:16:34,226 [pool-449-thread-1] INFO  segmented.SegmentedRaftLogWorker (SegmentedRaftLogWorker.java:lambda$new$0(128)) - 59f3a390-2aa1-4e37-bd82-a5248a92ff56@group-31E811F9E092-SegmentedRaftLogWorker: flushIndex: setUnconditionally 0 -> -1
2019-10-10 21:16:34,227 [pool-439-thread-1] INFO  server.RaftServerConfigKeys (ConfUtils.java:logGet(43)) - raft.server.log.queue.element-limit = 1024 (custom)
2019-10-10 21:16:34,226 [pool-469-thread-1] INFO  server.RaftServerConfigKeys (ConfUtils.java:logGet(43)) - raft.server.log.queue.byte-limit = 2147483647 (custom)
2019-10-10 21:16:34,227 [pool-439-thread-1] INFO  server.RaftServerConfigKeys (ConfUtils.java:logGet(43)) - raft.server.log.segment.size.max = 1048576 (custom)
2019-10-10 21:16:34,227 [pool-449-thread-1] INFO  server.RaftServerConfigKeys (ConfUtils.java:logGet(43)) - raft.server.snapshot.auto.trigger.enabled = true (custom)
2019-10-10 21:16:34,227 [pool-439-thread-1] INFO  server.RaftServerConfigKeys (ConfUtils.java:logGet(43)) - raft.server.log.preallocated.size = 16384 (custom)
2019-10-10 21:16:34,228 [pool-439-thread-1] INFO  server.RaftServerConfigKeys (ConfUtils.java:logGet(43)) - raft.server.log.write.buffer.size = 33554432 (custom)
2019-10-10 21:16:34,227 [pool-469-thread-1] INFO  server.RaftServerConfigKeys (ConfUtils.java:logGet(43)) - raft.server.log.queue.element-limit = 1024 (custom)
2019-10-10 21:16:34,228 [pool-439-thread-1] INFO  server.RaftServerConfigKeys (ConfUtils.java:logGet(43)) - raft.server.log.force.sync.num = 128 (default)
2019-10-10 21:16:34,227 [pool-449-thread-1] INFO  server.RaftServerConfigKeys (ConfUtils.java:logGet(43)) - raft.server.snapshot.auto.trigger.threshold = 10000 (custom)
2019-10-10 21:16:34,228 [pool-439-thread-1] INFO  server.RaftServerConfigKeys (ConfUtils.java:logGet(43)) - raft.server.log.statemachine.data.sync = true (default)
2019-10-10 21:16:34,228 [pool-469-thread-1] INFO  server.RaftServerConfigKeys (ConfUtils.java:logGet(43)) - raft.server.log.segment.size.max = 1048576 (custom)
2019-10-10 21:16:34,228 [pool-439-thread-1] INFO  server.RaftServerConfigKeys (ConfUtils.java:logGet(43)) - raft.server.log.statemachine.data.sync.timeout = 10s (default)
2019-10-10 21:16:34,228 [pool-449-thread-1] INFO  server.RaftServerConfigKeys (ConfUtils.java:logGet(43)) - raft.server.snapshot.retention.file.num = 5 (custom)
2019-10-10 21:16:34,229 [pool-439-thread-1] INFO  server.RaftServerConfigKeys (ConfUtils.java:logGet(43)) - raft.server.log.statemachine.data.sync.timeout.retry = -1 (default)
2019-10-10 21:16:34,229 [pool-469-thread-1] INFO  server.RaftServerConfigKeys (ConfUtils.java:logGet(43)) - raft.server.log.preallocated.size = 16384 (custom)
2019-10-10 21:16:34,229 [pool-439-thread-1] INFO  server.RaftServerConfigKeys (ConfUtils.java:logGet(43)) - raft.server.log.statemachine.data.caching.enabled = true (custom)
2019-10-10 21:16:34,229 [pool-449-thread-1] INFO  server.RaftServerConfigKeys (ConfUtils.java:logGet(43)) - raft.server.retrycache.expirytime = 600000ms (custom)
2019-10-10 21:16:34,229 [pool-469-thread-1] INFO  server.RaftServerConfigKeys (ConfUtils.java:logGet(43)) - raft.server.log.write.buffer.size = 33554432 (custom)
2019-10-10 21:16:34,230 [pool-439-thread-1] INFO  segmented.SegmentedRaftLogWorker (SegmentedRaftLogWorker.java:lambda$new$0(128)) - 32311c87-0abf-4b2b-beb5-d95d041bafb4@group-31E811F9E092-SegmentedRaftLogWorker: flushIndex: setUnconditionally 0 -> -1
2019-10-10 21:16:34,230 [pool-469-thread-1] INFO  server.RaftServerConfigKeys (ConfUtils.java:logGet(43)) - raft.server.log.force.sync.num = 128 (default)
2019-10-10 21:16:34,230 [pool-439-thread-1] INFO  server.RaftServerConfigKeys (ConfUtils.java:logGet(43)) - raft.server.snapshot.auto.trigger.enabled = true (custom)
2019-10-10 21:16:34,230 [pool-469-thread-1] INFO  server.RaftServerConfigKeys (ConfUtils.java:logGet(43)) - raft.server.log.statemachine.data.sync = true (default)
2019-10-10 21:16:34,230 [pool-439-thread-1] INFO  server.RaftServerConfigKeys (ConfUtils.java:logGet(43)) - raft.server.snapshot.auto.trigger.threshold = 10000 (custom)
2019-10-10 21:16:34,230 [pool-469-thread-1] INFO  server.RaftServerConfigKeys (ConfUtils.java:logGet(43)) - raft.server.log.statemachine.data.sync.timeout = 10s (default)
2019-10-10 21:16:34,231 [pool-439-thread-1] INFO  server.RaftServerConfigKeys (ConfUtils.java:logGet(43)) - raft.server.snapshot.retention.file.num = 5 (custom)
2019-10-10 21:16:34,231 [pool-469-thread-1] INFO  server.RaftServerConfigKeys (ConfUtils.java:logGet(43)) - raft.server.log.statemachine.data.sync.timeout.retry = -1 (default)
2019-10-10 21:16:34,231 [pool-439-thread-1] INFO  server.RaftServerConfigKeys (ConfUtils.java:logGet(43)) - raft.server.retrycache.expirytime = 600000ms (custom)
2019-10-10 21:16:34,231 [pool-469-thread-1] INFO  server.RaftServerConfigKeys (ConfUtils.java:logGet(43)) - raft.server.log.statemachine.data.caching.enabled = true (custom)
2019-10-10 21:16:34,231 [pool-449-thread-1] INFO  impl.RaftServerImpl (RaftServerImpl.java:start(181)) - 59f3a390-2aa1-4e37-bd82-a5248a92ff56@group-31E811F9E092: start as a follower, conf=-1: [32311c87-0abf-4b2b-beb5-d95d041bafb4:192.168.157.203:39605, a2da2853-f47a-4827-bfd4-ede700e58c59:192.168.157.203:32839, 59f3a390-2aa1-4e37-bd82-a5248a92ff56:192.168.157.203:40169], old=null
2019-10-10 21:16:34,232 [pool-469-thread-1] INFO  segmented.SegmentedRaftLogWorker (SegmentedRaftLogWorker.java:lambda$new$0(128)) - a2da2853-f47a-4827-bfd4-ede700e58c59@group-31E811F9E092-SegmentedRaftLogWorker: flushIndex: setUnconditionally 0 -> -1
2019-10-10 21:16:34,232 [pool-449-thread-1] INFO  impl.RaftServerImpl (RaftServerImpl.java:setRole(170)) - 59f3a390-2aa1-4e37-bd82-a5248a92ff56@group-31E811F9E092: changes role from      null to FOLLOWER at term 0 for startAsFollower
2019-10-10 21:16:34,232 [pool-449-thread-1] INFO  impl.RoleInfo (RoleInfo.java:updateAndGet(143)) - 59f3a390-2aa1-4e37-bd82-a5248a92ff56: start FollowerState
2019-10-10 21:16:34,232 [pool-469-thread-1] INFO  server.RaftServerConfigKeys (ConfUtils.java:logGet(43)) - raft.server.snapshot.auto.trigger.enabled = true (custom)
2019-10-10 21:16:34,232 [pool-469-thread-1] INFO  server.RaftServerConfigKeys (ConfUtils.java:logGet(43)) - raft.server.snapshot.auto.trigger.threshold = 10000 (custom)
2019-10-10 21:16:34,232 [pool-449-thread-1] INFO  util.JmxRegister (JmxRegister.java:tryRegister(44)) - Successfully registered JMX Bean with object name Ratis:service=RaftServer,group=group-31E811F9E092,id=59f3a390-2aa1-4e37-bd82-a5248a92ff56
2019-10-10 21:16:34,232 [pool-469-thread-1] INFO  server.RaftServerConfigKeys (ConfUtils.java:logGet(43)) - raft.server.snapshot.retention.file.num = 5 (custom)
2019-10-10 21:16:34,233 [pool-469-thread-1] INFO  server.RaftServerConfigKeys (ConfUtils.java:logGet(43)) - raft.server.retrycache.expirytime = 600000ms (custom)
2019-10-10 21:16:34,234 [pool-439-thread-1] INFO  impl.RaftServerImpl (RaftServerImpl.java:start(181)) - 32311c87-0abf-4b2b-beb5-d95d041bafb4@group-31E811F9E092: start as a follower, conf=-1: [32311c87-0abf-4b2b-beb5-d95d041bafb4:192.168.157.203:39605, a2da2853-f47a-4827-bfd4-ede700e58c59:192.168.157.203:32839, 59f3a390-2aa1-4e37-bd82-a5248a92ff56:192.168.157.203:40169], old=null
2019-10-10 21:16:34,234 [pool-439-thread-1] INFO  impl.RaftServerImpl (RaftServerImpl.java:setRole(170)) - 32311c87-0abf-4b2b-beb5-d95d041bafb4@group-31E811F9E092: changes role from      null to FOLLOWER at term 0 for startAsFollower
2019-10-10 21:16:34,234 [pool-439-thread-1] INFO  impl.RoleInfo (RoleInfo.java:updateAndGet(143)) - 32311c87-0abf-4b2b-beb5-d95d041bafb4: start FollowerState
2019-10-10 21:16:34,235 [pool-439-thread-1] INFO  util.JmxRegister (JmxRegister.java:tryRegister(44)) - Successfully registered JMX Bean with object name Ratis:service=RaftServer,group=group-31E811F9E092,id=32311c87-0abf-4b2b-beb5-d95d041bafb4
2019-10-10 21:16:34,237 [pool-469-thread-1] INFO  impl.RaftServerImpl (RaftServerImpl.java:start(181)) - a2da2853-f47a-4827-bfd4-ede700e58c59@group-31E811F9E092: start as a follower, conf=-1: [32311c87-0abf-4b2b-beb5-d95d041bafb4:192.168.157.203:39605, a2da2853-f47a-4827-bfd4-ede700e58c59:192.168.157.203:32839, 59f3a390-2aa1-4e37-bd82-a5248a92ff56:192.168.157.203:40169], old=null
2019-10-10 21:16:34,237 [pool-469-thread-1] INFO  impl.RaftServerImpl (RaftServerImpl.java:setRole(170)) - a2da2853-f47a-4827-bfd4-ede700e58c59@group-31E811F9E092: changes role from      null to FOLLOWER at term 0 for startAsFollower
2019-10-10 21:16:34,237 [pool-469-thread-1] INFO  impl.RoleInfo (RoleInfo.java:updateAndGet(143)) - a2da2853-f47a-4827-bfd4-ede700e58c59: start FollowerState
2019-10-10 21:16:34,237 [pool-469-thread-1] INFO  util.JmxRegister (JmxRegister.java:tryRegister(44)) - Successfully registered JMX Bean with object name Ratis:service=RaftServer,group=group-31E811F9E092,id=a2da2853-f47a-4827-bfd4-ede700e58c59
2019-10-10 21:16:34,241 [RatisPipelineUtilsThread] INFO  pipeline.PipelineStateManager (PipelineStateManager.java:addPipeline(56)) - Created pipeline Pipeline[ Id: 89aeb50c-423b-4db1-b4f7-31e811f9e092, Nodes: 32311c87-0abf-4b2b-beb5-d95d041bafb4{ip: 192.168.157.203, host: pr-hdds-1986-lk2hz-517324276, networkLocation: /default-rack, certSerialId: null}59f3a390-2aa1-4e37-bd82-a5248a92ff56{ip: 192.168.157.203, host: pr-hdds-1986-lk2hz-517324276, networkLocation: /default-rack, certSerialId: null}a2da2853-f47a-4827-bfd4-ede700e58c59{ip: 192.168.157.203, host: pr-hdds-1986-lk2hz-517324276, networkLocation: /default-rack, certSerialId: null}, Type:RATIS, Factor:THREE, State:OPEN]
2019-10-10 21:16:34,987 [main] INFO  ozone.MiniOzoneClusterImpl (MiniOzoneClusterImpl.java:lambda$waitForClusterToBeReady$0(147)) - Cluster is ready. Got 7 of 7 DN Heartbeats.
2019-10-10 21:16:35,031 [main] INFO  rpc.RpcClient (RpcClient.java:createVolume(272)) - Creating Volume: testblockoutputstream, with jenkins1000 as owner.
2019-10-10 21:16:35,035 [IPC Server handler 1 on 35583] INFO  volume.OMVolumeCreateRequest (OMVolumeCreateRequest.java:validateAndUpdateCache(193)) - created volume:testblockoutputstream for user:jenkins1000
2019-10-10 21:16:35,058 [main] INFO  rpc.RpcClient (RpcClient.java:createBucket(411)) - Creating Bucket: testblockoutputstream/testblockoutputstream, with Versioning false and Storage Type set to DISK and Encryption set to false 
2019-10-10 21:16:36,636 [Thread-2871] INFO  container.ReplicationManager (ReplicationManager.java:start(162)) - Starting Replication Monitor Thread.
2019-10-10 21:16:36,642 [ReplicationMonitor] INFO  container.ReplicationManager (ReplicationManager.java:run(225)) - Replication Monitor Thread took 1 milliseconds for processing 1 containers.
2019-10-10 21:16:38,750 [Thread-2873] INFO  impl.FollowerState (FollowerState.java:run(108)) - 4dd36702-53a7-4085-b21d-6691758441ba@group-CE6B36B57A7C-FollowerState: change to CANDIDATE, lastRpcTime:5070ms, electionTimeout:5070ms
2019-10-10 21:16:38,752 [Thread-2873] INFO  impl.RoleInfo (RoleInfo.java:shutdownFollowerState(121)) - 4dd36702-53a7-4085-b21d-6691758441ba: shutdown FollowerState
2019-10-10 21:16:38,752 [Thread-2873] INFO  impl.RaftServerImpl (RaftServerImpl.java:setRole(170)) - 4dd36702-53a7-4085-b21d-6691758441ba@group-CE6B36B57A7C: changes role from  FOLLOWER to CANDIDATE at term 0 for changeToCandidate
2019-10-10 21:16:38,753 [Thread-2873] INFO  impl.RoleInfo (RoleInfo.java:updateAndGet(143)) - 4dd36702-53a7-4085-b21d-6691758441ba: start LeaderElection
2019-10-10 21:16:38,778 [4dd36702-53a7-4085-b21d-6691758441ba@group-CE6B36B57A7C-LeaderElection55] INFO  impl.LeaderElection (LeaderElection.java:askForVotes(178)) - 4dd36702-53a7-4085-b21d-6691758441ba@group-CE6B36B57A7C-LeaderElection55: begin an election at term 1 for -1: [4dd36702-53a7-4085-b21d-6691758441ba:192.168.157.203:46143], old=null
2019-10-10 21:16:38,779 [4dd36702-53a7-4085-b21d-6691758441ba@group-CE6B36B57A7C-LeaderElection55] INFO  impl.RoleInfo (RoleInfo.java:shutdownLeaderElection(134)) - 4dd36702-53a7-4085-b21d-6691758441ba: shutdown LeaderElection
2019-10-10 21:16:38,779 [4dd36702-53a7-4085-b21d-6691758441ba@group-CE6B36B57A7C-LeaderElection55] INFO  impl.RaftServerImpl (RaftServerImpl.java:setRole(170)) - 4dd36702-53a7-4085-b21d-6691758441ba@group-CE6B36B57A7C: changes role from CANDIDATE to LEADER at term 1 for changeToLeader
2019-10-10 21:16:38,779 [4dd36702-53a7-4085-b21d-6691758441ba@group-CE6B36B57A7C-LeaderElection55] INFO  impl.RaftServerImpl (ServerState.java:setLeader(255)) - 4dd36702-53a7-4085-b21d-6691758441ba@group-CE6B36B57A7C: change Leader from null to 4dd36702-53a7-4085-b21d-6691758441ba at term 1 for becomeLeader, leader elected after 5104ms
2019-10-10 21:16:38,779 [4dd36702-53a7-4085-b21d-6691758441ba@group-CE6B36B57A7C-LeaderElection55] INFO  server.RaftServerConfigKeys (ConfUtils.java:logGet(43)) - raft.server.staging.catchup.gap = 1000 (default)
2019-10-10 21:16:38,780 [4dd36702-53a7-4085-b21d-6691758441ba@group-CE6B36B57A7C-LeaderElection55] INFO  server.RaftServerConfigKeys (ConfUtils.java:logGet(43)) - raft.server.rpc.sleep.time = 25ms (default)
2019-10-10 21:16:38,780 [4dd36702-53a7-4085-b21d-6691758441ba@group-CE6B36B57A7C-LeaderElection55] INFO  server.RaftServerConfigKeys (ConfUtils.java:logGet(43)) - raft.server.write.element-limit = 4096 (default)
2019-10-10 21:16:38,780 [4dd36702-53a7-4085-b21d-6691758441ba@group-CE6B36B57A7C-LeaderElection55] INFO  server.RaftServerConfigKeys (ConfUtils.java:logGet(43)) - raft.server.watch.timeout = 10s (default)
2019-10-10 21:16:38,781 [4dd36702-53a7-4085-b21d-6691758441ba@group-CE6B36B57A7C-LeaderElection55] INFO  server.RaftServerConfigKeys (ConfUtils.java:logGet(43)) - raft.server.watch.timeout.denomination = 1s (default)
2019-10-10 21:16:38,781 [4dd36702-53a7-4085-b21d-6691758441ba@group-CE6B36B57A7C-LeaderElection55] INFO  server.RaftServerConfigKeys (ConfUtils.java:logGet(43)) - raft.server.watch.element-limit = 65536 (default)
2019-10-10 21:16:38,784 [4dd36702-53a7-4085-b21d-6691758441ba@group-CE6B36B57A7C-LeaderElection55] INFO  impl.RoleInfo (RoleInfo.java:updateAndGet(143)) - 4dd36702-53a7-4085-b21d-6691758441ba: start LeaderState
2019-10-10 21:16:38,785 [4dd36702-53a7-4085-b21d-6691758441ba@group-CE6B36B57A7C-LeaderElection55] INFO  segmented.SegmentedRaftLogWorker (SegmentedRaftLogWorker.java:startLogSegment(385)) - 4dd36702-53a7-4085-b21d-6691758441ba@group-CE6B36B57A7C-SegmentedRaftLogWorker: Starting segment from index:0
2019-10-10 21:16:38,786 [4dd36702-53a7-4085-b21d-6691758441ba@group-CE6B36B57A7C-LeaderElection55] INFO  impl.RaftServerImpl (ServerState.java:setRaftConf(356)) - 4dd36702-53a7-4085-b21d-6691758441ba@group-CE6B36B57A7C: set configuration 0: [4dd36702-53a7-4085-b21d-6691758441ba:192.168.157.203:46143], old=null at 0
2019-10-10 21:16:38,799 [Thread-2876] INFO  impl.FollowerState (FollowerState.java:run(108)) - 000d08e1-dac6-43bf-b6c9-fdaea313fa50@group-9EA5863B5011-FollowerState: change to CANDIDATE, lastRpcTime:5063ms, electionTimeout:5063ms
2019-10-10 21:16:38,799 [Thread-2876] INFO  impl.RoleInfo (RoleInfo.java:shutdownFollowerState(121)) - 000d08e1-dac6-43bf-b6c9-fdaea313fa50: shutdown FollowerState
2019-10-10 21:16:38,799 [Thread-2876] INFO  impl.RaftServerImpl (RaftServerImpl.java:setRole(170)) - 000d08e1-dac6-43bf-b6c9-fdaea313fa50@group-9EA5863B5011: changes role from  FOLLOWER to CANDIDATE at term 0 for changeToCandidate
2019-10-10 21:16:38,799 [Thread-2876] INFO  impl.RoleInfo (RoleInfo.java:updateAndGet(143)) - 000d08e1-dac6-43bf-b6c9-fdaea313fa50: start LeaderElection
2019-10-10 21:16:38,848 [4dd36702-53a7-4085-b21d-6691758441ba@group-CE6B36B57A7C-SegmentedRaftLogWorker] INFO  segmented.SegmentedRaftLogWorker (SegmentedRaftLogWorker.java:execute(574)) - 4dd36702-53a7-4085-b21d-6691758441ba@group-CE6B36B57A7C-SegmentedRaftLogWorker: created new log segment /workdir/hadoop-ozone/integration-test/target/test-dir/MiniOzoneClusterImpl-008c13f9-99c9-46b6-a713-c4581bd201ba/datanode-0/data/ratis/ff3ab2fd-fe0c-4955-a554-ce6b36b57a7c/current/log_inprogress_0
2019-10-10 21:16:38,867 [Thread-2882] INFO  impl.FollowerState (FollowerState.java:run(108)) - 000d08e1-dac6-43bf-b6c9-fdaea313fa50@group-D778DC13D01E-FollowerState: change to CANDIDATE, lastRpcTime:5003ms, electionTimeout:5003ms
2019-10-10 21:16:38,867 [Thread-2882] INFO  impl.RoleInfo (RoleInfo.java:shutdownFollowerState(121)) - 000d08e1-dac6-43bf-b6c9-fdaea313fa50: shutdown FollowerState
2019-10-10 21:16:38,868 [Thread-2882] INFO  impl.RaftServerImpl (RaftServerImpl.java:setRole(170)) - 000d08e1-dac6-43bf-b6c9-fdaea313fa50@group-D778DC13D01E: changes role from  FOLLOWER to CANDIDATE at term 0 for changeToCandidate
2019-10-10 21:16:38,868 [Thread-2882] INFO  impl.RoleInfo (RoleInfo.java:updateAndGet(143)) - 000d08e1-dac6-43bf-b6c9-fdaea313fa50: start LeaderElection
2019-10-10 21:16:38,874 [000d08e1-dac6-43bf-b6c9-fdaea313fa50@group-9EA5863B5011-LeaderElection56] INFO  impl.LeaderElection (LeaderElection.java:askForVotes(178)) - 000d08e1-dac6-43bf-b6c9-fdaea313fa50@group-9EA5863B5011-LeaderElection56: begin an election at term 1 for -1: [000d08e1-dac6-43bf-b6c9-fdaea313fa50:192.168.157.203:38901], old=null
2019-10-10 21:16:38,874 [000d08e1-dac6-43bf-b6c9-fdaea313fa50@group-9EA5863B5011-LeaderElection56] INFO  impl.RoleInfo (RoleInfo.java:shutdownLeaderElection(134)) - 000d08e1-dac6-43bf-b6c9-fdaea313fa50: shutdown LeaderElection
2019-10-10 21:16:38,874 [000d08e1-dac6-43bf-b6c9-fdaea313fa50@group-9EA5863B5011-LeaderElection56] INFO  impl.RaftServerImpl (RaftServerImpl.java:setRole(170)) - 000d08e1-dac6-43bf-b6c9-fdaea313fa50@group-9EA5863B5011: changes role from CANDIDATE to LEADER at term 1 for changeToLeader
2019-10-10 21:16:38,874 [000d08e1-dac6-43bf-b6c9-fdaea313fa50@group-9EA5863B5011-LeaderElection56] INFO  impl.RaftServerImpl (ServerState.java:setLeader(255)) - 000d08e1-dac6-43bf-b6c9-fdaea313fa50@group-9EA5863B5011: change Leader from null to 000d08e1-dac6-43bf-b6c9-fdaea313fa50 at term 1 for becomeLeader, leader elected after 5146ms
2019-10-10 21:16:38,874 [000d08e1-dac6-43bf-b6c9-fdaea313fa50@group-9EA5863B5011-LeaderElection56] INFO  server.RaftServerConfigKeys (ConfUtils.java:logGet(43)) - raft.server.staging.catchup.gap = 1000 (default)
2019-10-10 21:16:38,875 [000d08e1-dac6-43bf-b6c9-fdaea313fa50@group-9EA5863B5011-LeaderElection56] INFO  server.RaftServerConfigKeys (ConfUtils.java:logGet(43)) - raft.server.rpc.sleep.time = 25ms (default)
2019-10-10 21:16:38,875 [000d08e1-dac6-43bf-b6c9-fdaea313fa50@group-9EA5863B5011-LeaderElection56] INFO  server.RaftServerConfigKeys (ConfUtils.java:logGet(43)) - raft.server.write.element-limit = 4096 (default)
2019-10-10 21:16:38,875 [000d08e1-dac6-43bf-b6c9-fdaea313fa50@group-9EA5863B5011-LeaderElection56] INFO  server.RaftServerConfigKeys (ConfUtils.java:logGet(43)) - raft.server.watch.timeout = 10s (default)
2019-10-10 21:16:38,875 [000d08e1-dac6-43bf-b6c9-fdaea313fa50@group-9EA5863B5011-LeaderElection56] INFO  server.RaftServerConfigKeys (ConfUtils.java:logGet(43)) - raft.server.watch.timeout.denomination = 1s (default)
2019-10-10 21:16:38,875 [000d08e1-dac6-43bf-b6c9-fdaea313fa50@group-9EA5863B5011-LeaderElection56] INFO  server.RaftServerConfigKeys (ConfUtils.java:logGet(43)) - raft.server.watch.element-limit = 65536 (default)
2019-10-10 21:16:38,877 [000d08e1-dac6-43bf-b6c9-fdaea313fa50@group-9EA5863B5011-LeaderElection56] INFO  impl.RoleInfo (RoleInfo.java:updateAndGet(143)) - 000d08e1-dac6-43bf-b6c9-fdaea313fa50: start LeaderState
2019-10-10 21:16:38,877 [000d08e1-dac6-43bf-b6c9-fdaea313fa50@group-9EA5863B5011-LeaderElection56] INFO  segmented.SegmentedRaftLogWorker (SegmentedRaftLogWorker.java:startLogSegment(385)) - 000d08e1-dac6-43bf-b6c9-fdaea313fa50@group-9EA5863B5011-SegmentedRaftLogWorker: Starting segment from index:0
2019-10-10 21:16:38,878 [000d08e1-dac6-43bf-b6c9-fdaea313fa50@group-9EA5863B5011-LeaderElection56] INFO  impl.RaftServerImpl (ServerState.java:setRaftConf(356)) - 000d08e1-dac6-43bf-b6c9-fdaea313fa50@group-9EA5863B5011: set configuration 0: [000d08e1-dac6-43bf-b6c9-fdaea313fa50:192.168.157.203:38901], old=null at 0
2019-10-10 21:16:38,882 [Thread-2879] INFO  impl.FollowerState (FollowerState.java:run(108)) - 8fd951db-7700-4d80-a199-354913c0ec9e@group-FDF4C9391193-FollowerState: change to CANDIDATE, lastRpcTime:5087ms, electionTimeout:5084ms
2019-10-10 21:16:38,882 [Thread-2879] INFO  impl.RoleInfo (RoleInfo.java:shutdownFollowerState(121)) - 8fd951db-7700-4d80-a199-354913c0ec9e: shutdown FollowerState
2019-10-10 21:16:38,882 [Thread-2879] INFO  impl.RaftServerImpl (RaftServerImpl.java:setRole(170)) - 8fd951db-7700-4d80-a199-354913c0ec9e@group-FDF4C9391193: changes role from  FOLLOWER to CANDIDATE at term 0 for changeToCandidate
2019-10-10 21:16:38,882 [Thread-2879] INFO  impl.RoleInfo (RoleInfo.java:updateAndGet(143)) - 8fd951db-7700-4d80-a199-354913c0ec9e: start LeaderElection
2019-10-10 21:16:38,920 [000d08e1-dac6-43bf-b6c9-fdaea313fa50@group-D778DC13D01E-LeaderElection57] INFO  impl.LeaderElection (LeaderElection.java:askForVotes(178)) - 000d08e1-dac6-43bf-b6c9-fdaea313fa50@group-D778DC13D01E-LeaderElection57: begin an election at term 1 for -1: [8fd951db-7700-4d80-a199-354913c0ec9e:192.168.157.203:35042, 000d08e1-dac6-43bf-b6c9-fdaea313fa50:192.168.157.203:38901, 4dd36702-53a7-4085-b21d-6691758441ba:192.168.157.203:46143], old=null
2019-10-10 21:16:38,928 [grpc-default-executor-6] INFO  impl.RaftServerImpl (RaftServerImpl.java:setRole(170)) - 4dd36702-53a7-4085-b21d-6691758441ba@group-D778DC13D01E: changes role from  FOLLOWER to FOLLOWER at term 1 for recognizeCandidate:000d08e1-dac6-43bf-b6c9-fdaea313fa50
2019-10-10 21:16:38,928 [grpc-default-executor-0] INFO  impl.RaftServerImpl (RaftServerImpl.java:setRole(170)) - 8fd951db-7700-4d80-a199-354913c0ec9e@group-D778DC13D01E: changes role from  FOLLOWER to FOLLOWER at term 1 for recognizeCandidate:000d08e1-dac6-43bf-b6c9-fdaea313fa50
2019-10-10 21:16:38,929 [grpc-default-executor-6] INFO  impl.RoleInfo (RoleInfo.java:shutdownFollowerState(121)) - 4dd36702-53a7-4085-b21d-6691758441ba: shutdown FollowerState
2019-10-10 21:16:38,929 [grpc-default-executor-0] INFO  impl.RoleInfo (RoleInfo.java:shutdownFollowerState(121)) - 8fd951db-7700-4d80-a199-354913c0ec9e: shutdown FollowerState
2019-10-10 21:16:38,929 [grpc-default-executor-6] INFO  impl.RoleInfo (RoleInfo.java:updateAndGet(143)) - 4dd36702-53a7-4085-b21d-6691758441ba: start FollowerState
2019-10-10 21:16:38,929 [Thread-2887] INFO  impl.FollowerState (FollowerState.java:run(117)) - 8fd951db-7700-4d80-a199-354913c0ec9e@group-D778DC13D01E-FollowerState was interrupted: java.lang.InterruptedException: sleep interrupted
2019-10-10 21:16:38,929 [grpc-default-executor-0] INFO  impl.RoleInfo (RoleInfo.java:updateAndGet(143)) - 8fd951db-7700-4d80-a199-354913c0ec9e: start FollowerState
2019-10-10 21:16:38,929 [Thread-2886] INFO  impl.FollowerState (FollowerState.java:run(117)) - 4dd36702-53a7-4085-b21d-6691758441ba@group-D778DC13D01E-FollowerState was interrupted: java.lang.InterruptedException: sleep interrupted
2019-10-10 21:16:38,944 [000d08e1-dac6-43bf-b6c9-fdaea313fa50@group-9EA5863B5011-SegmentedRaftLogWorker] INFO  segmented.SegmentedRaftLogWorker (SegmentedRaftLogWorker.java:execute(574)) - 000d08e1-dac6-43bf-b6c9-fdaea313fa50@group-9EA5863B5011-SegmentedRaftLogWorker: created new log segment /workdir/hadoop-ozone/integration-test/target/test-dir/MiniOzoneClusterImpl-008c13f9-99c9-46b6-a713-c4581bd201ba/datanode-1/data/ratis/6c092939-8716-4a0d-9705-9ea5863b5011/current/log_inprogress_0
2019-10-10 21:16:38,944 [8fd951db-7700-4d80-a199-354913c0ec9e@group-FDF4C9391193-LeaderElection58] INFO  impl.LeaderElection (LeaderElection.java:askForVotes(178)) - 8fd951db-7700-4d80-a199-354913c0ec9e@group-FDF4C9391193-LeaderElection58: begin an election at term 1 for -1: [8fd951db-7700-4d80-a199-354913c0ec9e:192.168.157.203:35042], old=null
2019-10-10 21:16:38,944 [8fd951db-7700-4d80-a199-354913c0ec9e@group-FDF4C9391193-LeaderElection58] INFO  impl.RoleInfo (RoleInfo.java:shutdownLeaderElection(134)) - 8fd951db-7700-4d80-a199-354913c0ec9e: shutdown LeaderElection
2019-10-10 21:16:38,944 [8fd951db-7700-4d80-a199-354913c0ec9e@group-FDF4C9391193-LeaderElection58] INFO  impl.RaftServerImpl (RaftServerImpl.java:setRole(170)) - 8fd951db-7700-4d80-a199-354913c0ec9e@group-FDF4C9391193: changes role from CANDIDATE to LEADER at term 1 for changeToLeader
2019-10-10 21:16:38,944 [8fd951db-7700-4d80-a199-354913c0ec9e@group-FDF4C9391193-LeaderElection58] INFO  impl.RaftServerImpl (ServerState.java:setLeader(255)) - 8fd951db-7700-4d80-a199-354913c0ec9e@group-FDF4C9391193: change Leader from null to 8fd951db-7700-4d80-a199-354913c0ec9e at term 1 for becomeLeader, leader elected after 5157ms
2019-10-10 21:16:38,944 [8fd951db-7700-4d80-a199-354913c0ec9e@group-FDF4C9391193-LeaderElection58] INFO  server.RaftServerConfigKeys (ConfUtils.java:logGet(43)) - raft.server.staging.catchup.gap = 1000 (default)
2019-10-10 21:16:38,945 [8fd951db-7700-4d80-a199-354913c0ec9e@group-FDF4C9391193-LeaderElection58] INFO  server.RaftServerConfigKeys (ConfUtils.java:logGet(43)) - raft.server.rpc.sleep.time = 25ms (default)
2019-10-10 21:16:38,945 [8fd951db-7700-4d80-a199-354913c0ec9e@group-FDF4C9391193-LeaderElection58] INFO  server.RaftServerConfigKeys (ConfUtils.java:logGet(43)) - raft.server.write.element-limit = 4096 (default)
2019-10-10 21:16:38,945 [8fd951db-7700-4d80-a199-354913c0ec9e@group-FDF4C9391193-LeaderElection58] INFO  server.RaftServerConfigKeys (ConfUtils.java:logGet(43)) - raft.server.watch.timeout = 10s (default)
2019-10-10 21:16:38,945 [8fd951db-7700-4d80-a199-354913c0ec9e@group-FDF4C9391193-LeaderElection58] INFO  server.RaftServerConfigKeys (ConfUtils.java:logGet(43)) - raft.server.watch.timeout.denomination = 1s (default)
2019-10-10 21:16:38,945 [8fd951db-7700-4d80-a199-354913c0ec9e@group-FDF4C9391193-LeaderElection58] INFO  server.RaftServerConfigKeys (ConfUtils.java:logGet(43)) - raft.server.watch.element-limit = 65536 (default)
2019-10-10 21:16:38,947 [8fd951db-7700-4d80-a199-354913c0ec9e@group-FDF4C9391193-LeaderElection58] INFO  impl.RoleInfo (RoleInfo.java:updateAndGet(143)) - 8fd951db-7700-4d80-a199-354913c0ec9e: start LeaderState
2019-10-10 21:16:38,947 [8fd951db-7700-4d80-a199-354913c0ec9e@group-FDF4C9391193-LeaderElection58] INFO  segmented.SegmentedRaftLogWorker (SegmentedRaftLogWorker.java:startLogSegment(385)) - 8fd951db-7700-4d80-a199-354913c0ec9e@group-FDF4C9391193-SegmentedRaftLogWorker: Starting segment from index:0
2019-10-10 21:16:38,948 [8fd951db-7700-4d80-a199-354913c0ec9e@group-FDF4C9391193-LeaderElection58] INFO  impl.RaftServerImpl (ServerState.java:setRaftConf(356)) - 8fd951db-7700-4d80-a199-354913c0ec9e@group-FDF4C9391193: set configuration 0: [8fd951db-7700-4d80-a199-354913c0ec9e:192.168.157.203:35042], old=null at 0
2019-10-10 21:16:38,960 [000d08e1-dac6-43bf-b6c9-fdaea313fa50@group-D778DC13D01E-LeaderElection57] INFO  impl.LeaderElection (LeaderElection.java:logAndReturn(56)) - 000d08e1-dac6-43bf-b6c9-fdaea313fa50@group-D778DC13D01E-LeaderElection57: Election PASSED; received 1 response(s) [000d08e1-dac6-43bf-b6c9-fdaea313fa50<-8fd951db-7700-4d80-a199-354913c0ec9e#0:OK-t1] and 0 exception(s); 000d08e1-dac6-43bf-b6c9-fdaea313fa50@group-D778DC13D01E:t1, leader=null, voted=000d08e1-dac6-43bf-b6c9-fdaea313fa50, raftlog=000d08e1-dac6-43bf-b6c9-fdaea313fa50@group-D778DC13D01E-SegmentedRaftLog:OPENED:c-1,f-1,i0, conf=-1: [8fd951db-7700-4d80-a199-354913c0ec9e:192.168.157.203:35042, 000d08e1-dac6-43bf-b6c9-fdaea313fa50:192.168.157.203:38901, 4dd36702-53a7-4085-b21d-6691758441ba:192.168.157.203:46143], old=null
2019-10-10 21:16:38,961 [000d08e1-dac6-43bf-b6c9-fdaea313fa50@group-D778DC13D01E-LeaderElection57] INFO  impl.RoleInfo (RoleInfo.java:shutdownLeaderElection(134)) - 000d08e1-dac6-43bf-b6c9-fdaea313fa50: shutdown LeaderElection
2019-10-10 21:16:38,961 [000d08e1-dac6-43bf-b6c9-fdaea313fa50@group-D778DC13D01E-LeaderElection57] INFO  impl.RaftServerImpl (RaftServerImpl.java:setRole(170)) - 000d08e1-dac6-43bf-b6c9-fdaea313fa50@group-D778DC13D01E: changes role from CANDIDATE to LEADER at term 1 for changeToLeader
2019-10-10 21:16:38,961 [000d08e1-dac6-43bf-b6c9-fdaea313fa50@group-D778DC13D01E-LeaderElection57] INFO  impl.RaftServerImpl (ServerState.java:setLeader(255)) - 000d08e1-dac6-43bf-b6c9-fdaea313fa50@group-D778DC13D01E: change Leader from null to 000d08e1-dac6-43bf-b6c9-fdaea313fa50 at term 1 for becomeLeader, leader elected after 5106ms
2019-10-10 21:16:38,961 [000d08e1-dac6-43bf-b6c9-fdaea313fa50@group-D778DC13D01E-LeaderElection57] INFO  server.RaftServerConfigKeys (ConfUtils.java:logGet(43)) - raft.server.staging.catchup.gap = 1000 (default)
2019-10-10 21:16:38,961 [000d08e1-dac6-43bf-b6c9-fdaea313fa50@group-D778DC13D01E-LeaderElection57] INFO  server.RaftServerConfigKeys (ConfUtils.java:logGet(43)) - raft.server.rpc.sleep.time = 25ms (default)
2019-10-10 21:16:38,961 [000d08e1-dac6-43bf-b6c9-fdaea313fa50@group-D778DC13D01E-LeaderElection57] INFO  server.RaftServerConfigKeys (ConfUtils.java:logGet(43)) - raft.server.write.element-limit = 4096 (default)
2019-10-10 21:16:38,962 [000d08e1-dac6-43bf-b6c9-fdaea313fa50@group-D778DC13D01E-LeaderElection57] INFO  server.RaftServerConfigKeys (ConfUtils.java:logGet(43)) - raft.server.watch.timeout = 10s (default)
2019-10-10 21:16:38,962 [000d08e1-dac6-43bf-b6c9-fdaea313fa50@group-D778DC13D01E-LeaderElection57] INFO  server.RaftServerConfigKeys (ConfUtils.java:logGet(43)) - raft.server.watch.timeout.denomination = 1s (default)
2019-10-10 21:16:38,962 [000d08e1-dac6-43bf-b6c9-fdaea313fa50@group-D778DC13D01E-LeaderElection57] INFO  server.RaftServerConfigKeys (ConfUtils.java:logGet(43)) - raft.server.watch.element-limit = 65536 (default)
2019-10-10 21:16:38,964 [000d08e1-dac6-43bf-b6c9-fdaea313fa50@group-D778DC13D01E-LeaderElection57] INFO  server.RaftServerConfigKeys (ConfUtils.java:logGet(43)) - raft.server.log.appender.snapshot.chunk.size.max = 16MB (=16777216) (default)
2019-10-10 21:16:38,965 [000d08e1-dac6-43bf-b6c9-fdaea313fa50@group-D778DC13D01E-LeaderElection57] INFO  server.RaftServerConfigKeys (ConfUtils.java:logGet(43)) - raft.server.log.appender.buffer.byte-limit = 33554432 (custom)
2019-10-10 21:16:38,965 [000d08e1-dac6-43bf-b6c9-fdaea313fa50@group-D778DC13D01E-LeaderElection57] INFO  server.RaftServerConfigKeys (ConfUtils.java:logGet(43)) - raft.server.log.appender.buffer.element-limit = 1 (custom)
2019-10-10 21:16:38,965 [000d08e1-dac6-43bf-b6c9-fdaea313fa50@group-D778DC13D01E-LeaderElection57] INFO  grpc.GrpcConfigKeys$Server (ConfUtils.java:logGet(43)) - raft.grpc.server.leader.outstanding.appends.max = 128 (default)
2019-10-10 21:16:38,966 [000d08e1-dac6-43bf-b6c9-fdaea313fa50@group-D778DC13D01E-LeaderElection57] INFO  server.RaftServerConfigKeys (ConfUtils.java:logGet(43)) - raft.server.rpc.request.timeout = 3000ms (default)
2019-10-10 21:16:38,966 [000d08e1-dac6-43bf-b6c9-fdaea313fa50@group-D778DC13D01E-LeaderElection57] INFO  server.RaftServerConfigKeys (ConfUtils.java:logGet(43)) - raft.server.log.appender.install.snapshot.enabled = false (custom)
2019-10-10 21:16:38,966 [000d08e1-dac6-43bf-b6c9-fdaea313fa50@group-D778DC13D01E-LeaderElection57] INFO  server.RaftServerConfigKeys (ConfUtils.java:logGet(43)) - raft.server.log.appender.snapshot.chunk.size.max = 16MB (=16777216) (default)
2019-10-10 21:16:38,966 [000d08e1-dac6-43bf-b6c9-fdaea313fa50@group-D778DC13D01E-LeaderElection57] INFO  server.RaftServerConfigKeys (ConfUtils.java:logGet(43)) - raft.server.log.appender.buffer.byte-limit = 33554432 (custom)
2019-10-10 21:16:38,966 [000d08e1-dac6-43bf-b6c9-fdaea313fa50@group-D778DC13D01E-LeaderElection57] INFO  server.RaftServerConfigKeys (ConfUtils.java:logGet(43)) - raft.server.log.appender.buffer.element-limit = 1 (custom)
2019-10-10 21:16:38,967 [000d08e1-dac6-43bf-b6c9-fdaea313fa50@group-D778DC13D01E-LeaderElection57] INFO  grpc.GrpcConfigKeys$Server (ConfUtils.java:logGet(43)) - raft.grpc.server.leader.outstanding.appends.max = 128 (default)
2019-10-10 21:16:38,967 [000d08e1-dac6-43bf-b6c9-fdaea313fa50@group-D778DC13D01E-LeaderElection57] INFO  server.RaftServerConfigKeys (ConfUtils.java:logGet(43)) - raft.server.rpc.request.timeout = 3000ms (default)
2019-10-10 21:16:38,967 [000d08e1-dac6-43bf-b6c9-fdaea313fa50@group-D778DC13D01E-LeaderElection57] INFO  server.RaftServerConfigKeys (ConfUtils.java:logGet(43)) - raft.server.log.appender.install.snapshot.enabled = false (custom)
2019-10-10 21:16:38,967 [000d08e1-dac6-43bf-b6c9-fdaea313fa50@group-D778DC13D01E-LeaderElection57] INFO  impl.RoleInfo (RoleInfo.java:updateAndGet(143)) - 000d08e1-dac6-43bf-b6c9-fdaea313fa50: start LeaderState
2019-10-10 21:16:38,968 [000d08e1-dac6-43bf-b6c9-fdaea313fa50@group-D778DC13D01E-LeaderElection57] INFO  segmented.SegmentedRaftLogWorker (SegmentedRaftLogWorker.java:startLogSegment(385)) - 000d08e1-dac6-43bf-b6c9-fdaea313fa50@group-D778DC13D01E-SegmentedRaftLogWorker: Starting segment from index:0
2019-10-10 21:16:38,968 [000d08e1-dac6-43bf-b6c9-fdaea313fa50@group-D778DC13D01E-LeaderElection57] INFO  impl.RaftServerImpl (ServerState.java:setRaftConf(356)) - 000d08e1-dac6-43bf-b6c9-fdaea313fa50@group-D778DC13D01E: set configuration 0: [8fd951db-7700-4d80-a199-354913c0ec9e:192.168.157.203:35042, 000d08e1-dac6-43bf-b6c9-fdaea313fa50:192.168.157.203:38901, 4dd36702-53a7-4085-b21d-6691758441ba:192.168.157.203:46143], old=null at 0
2019-10-10 21:16:39,012 [grpc-default-executor-6] INFO  impl.RaftServerImpl (ServerState.java:setLeader(255)) - 4dd36702-53a7-4085-b21d-6691758441ba@group-D778DC13D01E: change Leader from null to 000d08e1-dac6-43bf-b6c9-fdaea313fa50 at term 1 for appendEntries, leader elected after 5158ms
2019-10-10 21:16:39,012 [grpc-default-executor-0] INFO  impl.RaftServerImpl (ServerState.java:setLeader(255)) - 8fd951db-7700-4d80-a199-354913c0ec9e@group-D778DC13D01E: change Leader from null to 000d08e1-dac6-43bf-b6c9-fdaea313fa50 at term 1 for appendEntries, leader elected after 5157ms
2019-10-10 21:16:39,018 [000d08e1-dac6-43bf-b6c9-fdaea313fa50@group-D778DC13D01E-SegmentedRaftLogWorker] INFO  segmented.SegmentedRaftLogWorker (SegmentedRaftLogWorker.java:execute(574)) - 000d08e1-dac6-43bf-b6c9-fdaea313fa50@group-D778DC13D01E-SegmentedRaftLogWorker: created new log segment /workdir/hadoop-ozone/integration-test/target/test-dir/MiniOzoneClusterImpl-008c13f9-99c9-46b6-a713-c4581bd201ba/datanode-1/data/ratis/fef62540-7fb8-4c09-a77e-d778dc13d01e/current/log_inprogress_0
2019-10-10 21:16:39,018 [8fd951db-7700-4d80-a199-354913c0ec9e@group-FDF4C9391193-SegmentedRaftLogWorker] INFO  segmented.SegmentedRaftLogWorker (SegmentedRaftLogWorker.java:execute(574)) - 8fd951db-7700-4d80-a199-354913c0ec9e@group-FDF4C9391193-SegmentedRaftLogWorker: created new log segment /workdir/hadoop-ozone/integration-test/target/test-dir/MiniOzoneClusterImpl-008c13f9-99c9-46b6-a713-c4581bd201ba/datanode-2/data/ratis/418fc3cb-3258-450f-81b4-fdf4c9391193/current/log_inprogress_0
2019-10-10 21:16:39,035 [grpc-default-executor-6] INFO  impl.RaftServerImpl (ServerState.java:setRaftConf(356)) - 8fd951db-7700-4d80-a199-354913c0ec9e@group-D778DC13D01E: set configuration 0: [8fd951db-7700-4d80-a199-354913c0ec9e:192.168.157.203:35042, 000d08e1-dac6-43bf-b6c9-fdaea313fa50:192.168.157.203:38901, 4dd36702-53a7-4085-b21d-6691758441ba:192.168.157.203:46143], old=null at 0
2019-10-10 21:16:39,035 [grpc-default-executor-0] INFO  impl.RaftServerImpl (ServerState.java:setRaftConf(356)) - 4dd36702-53a7-4085-b21d-6691758441ba@group-D778DC13D01E: set configuration 0: [8fd951db-7700-4d80-a199-354913c0ec9e:192.168.157.203:35042, 000d08e1-dac6-43bf-b6c9-fdaea313fa50:192.168.157.203:38901, 4dd36702-53a7-4085-b21d-6691758441ba:192.168.157.203:46143], old=null at 0
2019-10-10 21:16:39,035 [grpc-default-executor-6] INFO  segmented.SegmentedRaftLogWorker (SegmentedRaftLogWorker.java:startLogSegment(385)) - 8fd951db-7700-4d80-a199-354913c0ec9e@group-D778DC13D01E-SegmentedRaftLogWorker: Starting segment from index:0
2019-10-10 21:16:39,035 [grpc-default-executor-0] INFO  segmented.SegmentedRaftLogWorker (SegmentedRaftLogWorker.java:startLogSegment(385)) - 4dd36702-53a7-4085-b21d-6691758441ba@group-D778DC13D01E-SegmentedRaftLogWorker: Starting segment from index:0
2019-10-10 21:16:39,073 [Thread-2894] INFO  impl.FollowerState (FollowerState.java:run(108)) - 59f3a390-2aa1-4e37-bd82-a5248a92ff56@group-952A352CA33B-FollowerState: change to CANDIDATE, lastRpcTime:5034ms, electionTimeout:5034ms
2019-10-10 21:16:39,073 [Thread-2894] INFO  impl.RoleInfo (RoleInfo.java:shutdownFollowerState(121)) - 59f3a390-2aa1-4e37-bd82-a5248a92ff56: shutdown FollowerState
2019-10-10 21:16:39,073 [Thread-2894] INFO  impl.RaftServerImpl (RaftServerImpl.java:setRole(170)) - 59f3a390-2aa1-4e37-bd82-a5248a92ff56@group-952A352CA33B: changes role from  FOLLOWER to CANDIDATE at term 0 for changeToCandidate
2019-10-10 21:16:39,073 [Thread-2894] INFO  impl.RoleInfo (RoleInfo.java:updateAndGet(143)) - 59f3a390-2aa1-4e37-bd82-a5248a92ff56: start LeaderElection
2019-10-10 21:16:39,077 [4dd36702-53a7-4085-b21d-6691758441ba@group-D778DC13D01E-SegmentedRaftLogWorker] INFO  segmented.SegmentedRaftLogWorker (SegmentedRaftLogWorker.java:execute(574)) - 4dd36702-53a7-4085-b21d-6691758441ba@group-D778DC13D01E-SegmentedRaftLogWorker: created new log segment /workdir/hadoop-ozone/integration-test/target/test-dir/MiniOzoneClusterImpl-008c13f9-99c9-46b6-a713-c4581bd201ba/datanode-0/data/ratis/fef62540-7fb8-4c09-a77e-d778dc13d01e/current/log_inprogress_0
2019-10-10 21:16:39,077 [8fd951db-7700-4d80-a199-354913c0ec9e@group-D778DC13D01E-SegmentedRaftLogWorker] INFO  segmented.SegmentedRaftLogWorker (SegmentedRaftLogWorker.java:execute(574)) - 8fd951db-7700-4d80-a199-354913c0ec9e@group-D778DC13D01E-SegmentedRaftLogWorker: created new log segment /workdir/hadoop-ozone/integration-test/target/test-dir/MiniOzoneClusterImpl-008c13f9-99c9-46b6-a713-c4581bd201ba/datanode-2/data/ratis/fef62540-7fb8-4c09-a77e-d778dc13d01e/current/log_inprogress_0
2019-10-10 21:16:39,092 [59f3a390-2aa1-4e37-bd82-a5248a92ff56@group-952A352CA33B-LeaderElection59] INFO  impl.LeaderElection (LeaderElection.java:askForVotes(178)) - 59f3a390-2aa1-4e37-bd82-a5248a92ff56@group-952A352CA33B-LeaderElection59: begin an election at term 1 for -1: [59f3a390-2aa1-4e37-bd82-a5248a92ff56:192.168.157.203:40169], old=null
2019-10-10 21:16:39,092 [59f3a390-2aa1-4e37-bd82-a5248a92ff56@group-952A352CA33B-LeaderElection59] INFO  impl.RoleInfo (RoleInfo.java:shutdownLeaderElection(134)) - 59f3a390-2aa1-4e37-bd82-a5248a92ff56: shutdown LeaderElection
2019-10-10 21:16:39,092 [59f3a390-2aa1-4e37-bd82-a5248a92ff56@group-952A352CA33B-LeaderElection59] INFO  impl.RaftServerImpl (RaftServerImpl.java:setRole(170)) - 59f3a390-2aa1-4e37-bd82-a5248a92ff56@group-952A352CA33B: changes role from CANDIDATE to LEADER at term 1 for changeToLeader
2019-10-10 21:16:39,092 [59f3a390-2aa1-4e37-bd82-a5248a92ff56@group-952A352CA33B-LeaderElection59] INFO  impl.RaftServerImpl (ServerState.java:setLeader(255)) - 59f3a390-2aa1-4e37-bd82-a5248a92ff56@group-952A352CA33B: change Leader from null to 59f3a390-2aa1-4e37-bd82-a5248a92ff56 at term 1 for becomeLeader, leader elected after 5059ms
2019-10-10 21:16:39,093 [59f3a390-2aa1-4e37-bd82-a5248a92ff56@group-952A352CA33B-LeaderElection59] INFO  server.RaftServerConfigKeys (ConfUtils.java:logGet(43)) - raft.server.staging.catchup.gap = 1000 (default)
2019-10-10 21:16:39,093 [59f3a390-2aa1-4e37-bd82-a5248a92ff56@group-952A352CA33B-LeaderElection59] INFO  server.RaftServerConfigKeys (ConfUtils.java:logGet(43)) - raft.server.rpc.sleep.time = 25ms (default)
2019-10-10 21:16:39,093 [59f3a390-2aa1-4e37-bd82-a5248a92ff56@group-952A352CA33B-LeaderElection59] INFO  server.RaftServerConfigKeys (ConfUtils.java:logGet(43)) - raft.server.write.element-limit = 4096 (default)
2019-10-10 21:16:39,093 [59f3a390-2aa1-4e37-bd82-a5248a92ff56@group-952A352CA33B-LeaderElection59] INFO  server.RaftServerConfigKeys (ConfUtils.java:logGet(43)) - raft.server.watch.timeout = 10s (default)
2019-10-10 21:16:39,093 [59f3a390-2aa1-4e37-bd82-a5248a92ff56@group-952A352CA33B-LeaderElection59] INFO  server.RaftServerConfigKeys (ConfUtils.java:logGet(43)) - raft.server.watch.timeout.denomination = 1s (default)
2019-10-10 21:16:39,093 [59f3a390-2aa1-4e37-bd82-a5248a92ff56@group-952A352CA33B-LeaderElection59] INFO  server.RaftServerConfigKeys (ConfUtils.java:logGet(43)) - raft.server.watch.element-limit = 65536 (default)
2019-10-10 21:16:39,095 [59f3a390-2aa1-4e37-bd82-a5248a92ff56@group-952A352CA33B-LeaderElection59] INFO  impl.RoleInfo (RoleInfo.java:updateAndGet(143)) - 59f3a390-2aa1-4e37-bd82-a5248a92ff56: start LeaderState
2019-10-10 21:16:39,095 [59f3a390-2aa1-4e37-bd82-a5248a92ff56@group-952A352CA33B-LeaderElection59] INFO  segmented.SegmentedRaftLogWorker (SegmentedRaftLogWorker.java:startLogSegment(385)) - 59f3a390-2aa1-4e37-bd82-a5248a92ff56@group-952A352CA33B-SegmentedRaftLogWorker: Starting segment from index:0
2019-10-10 21:16:39,096 [59f3a390-2aa1-4e37-bd82-a5248a92ff56@group-952A352CA33B-LeaderElection59] INFO  impl.RaftServerImpl (ServerState.java:setRaftConf(356)) - 59f3a390-2aa1-4e37-bd82-a5248a92ff56@group-952A352CA33B: set configuration 0: [59f3a390-2aa1-4e37-bd82-a5248a92ff56:192.168.157.203:40169], old=null at 0
2019-10-10 21:16:39,098 [Thread-2897] INFO  impl.FollowerState (FollowerState.java:run(108)) - a2da2853-f47a-4827-bfd4-ede700e58c59@group-564F3F5EA742-FollowerState: change to CANDIDATE, lastRpcTime:5002ms, electionTimeout:5000ms
2019-10-10 21:16:39,098 [Thread-2897] INFO  impl.RoleInfo (RoleInfo.java:shutdownFollowerState(121)) - a2da2853-f47a-4827-bfd4-ede700e58c59: shutdown FollowerState
2019-10-10 21:16:39,098 [Thread-2897] INFO  impl.RaftServerImpl (RaftServerImpl.java:setRole(170)) - a2da2853-f47a-4827-bfd4-ede700e58c59@group-564F3F5EA742: changes role from  FOLLOWER to CANDIDATE at term 0 for changeToCandidate
2019-10-10 21:16:39,098 [Thread-2897] INFO  impl.RoleInfo (RoleInfo.java:updateAndGet(143)) - a2da2853-f47a-4827-bfd4-ede700e58c59: start LeaderElection
2019-10-10 21:16:39,137 [Thread-2891] INFO  impl.FollowerState (FollowerState.java:run(108)) - 32311c87-0abf-4b2b-beb5-d95d041bafb4@group-5567FAD9C2F5-FollowerState: change to CANDIDATE, lastRpcTime:5147ms, electionTimeout:5147ms
2019-10-10 21:16:39,137 [Thread-2891] INFO  impl.RoleInfo (RoleInfo.java:shutdownFollowerState(121)) - 32311c87-0abf-4b2b-beb5-d95d041bafb4: shutdown FollowerState
2019-10-10 21:16:39,137 [Thread-2891] INFO  impl.RaftServerImpl (RaftServerImpl.java:setRole(170)) - 32311c87-0abf-4b2b-beb5-d95d041bafb4@group-5567FAD9C2F5: changes role from  FOLLOWER to CANDIDATE at term 0 for changeToCandidate
2019-10-10 21:16:39,140 [Thread-2891] INFO  impl.RoleInfo (RoleInfo.java:updateAndGet(143)) - 32311c87-0abf-4b2b-beb5-d95d041bafb4: start LeaderElection
2019-10-10 21:16:39,150 [59f3a390-2aa1-4e37-bd82-a5248a92ff56@group-952A352CA33B-SegmentedRaftLogWorker] INFO  segmented.SegmentedRaftLogWorker (SegmentedRaftLogWorker.java:execute(574)) - 59f3a390-2aa1-4e37-bd82-a5248a92ff56@group-952A352CA33B-SegmentedRaftLogWorker: created new log segment /workdir/hadoop-ozone/integration-test/target/test-dir/MiniOzoneClusterImpl-008c13f9-99c9-46b6-a713-c4581bd201ba/datanode-4/data/ratis/569dfbae-6afc-4a0a-bb77-952a352ca33b/current/log_inprogress_0
2019-10-10 21:16:39,150 [a2da2853-f47a-4827-bfd4-ede700e58c59@group-564F3F5EA742-LeaderElection60] INFO  impl.LeaderElection (LeaderElection.java:askForVotes(178)) - a2da2853-f47a-4827-bfd4-ede700e58c59@group-564F3F5EA742-LeaderElection60: begin an election at term 1 for -1: [a2da2853-f47a-4827-bfd4-ede700e58c59:192.168.157.203:32839], old=null
2019-10-10 21:16:39,150 [32311c87-0abf-4b2b-beb5-d95d041bafb4@group-5567FAD9C2F5-LeaderElection61] INFO  impl.LeaderElection (LeaderElection.java:askForVotes(178)) - 32311c87-0abf-4b2b-beb5-d95d041bafb4@group-5567FAD9C2F5-LeaderElection61: begin an election at term 1 for -1: [32311c87-0abf-4b2b-beb5-d95d041bafb4:192.168.157.203:39605], old=null
2019-10-10 21:16:39,150 [a2da2853-f47a-4827-bfd4-ede700e58c59@group-564F3F5EA742-LeaderElection60] INFO  impl.RoleInfo (RoleInfo.java:shutdownLeaderElection(134)) - a2da2853-f47a-4827-bfd4-ede700e58c59: shutdown LeaderElection
2019-10-10 21:16:39,150 [32311c87-0abf-4b2b-beb5-d95d041bafb4@group-5567FAD9C2F5-LeaderElection61] INFO  impl.RoleInfo (RoleInfo.java:shutdownLeaderElection(134)) - 32311c87-0abf-4b2b-beb5-d95d041bafb4: shutdown LeaderElection
2019-10-10 21:16:39,151 [a2da2853-f47a-4827-bfd4-ede700e58c59@group-564F3F5EA742-LeaderElection60] INFO  impl.RaftServerImpl (RaftServerImpl.java:setRole(170)) - a2da2853-f47a-4827-bfd4-ede700e58c59@group-564F3F5EA742: changes role from CANDIDATE to LEADER at term 1 for changeToLeader
2019-10-10 21:16:39,151 [32311c87-0abf-4b2b-beb5-d95d041bafb4@group-5567FAD9C2F5-LeaderElection61] INFO  impl.RaftServerImpl (RaftServerImpl.java:setRole(170)) - 32311c87-0abf-4b2b-beb5-d95d041bafb4@group-5567FAD9C2F5: changes role from CANDIDATE to LEADER at term 1 for changeToLeader
2019-10-10 21:16:39,151 [a2da2853-f47a-4827-bfd4-ede700e58c59@group-564F3F5EA742-LeaderElection60] INFO  impl.RaftServerImpl (ServerState.java:setLeader(255)) - a2da2853-f47a-4827-bfd4-ede700e58c59@group-564F3F5EA742: change Leader from null to a2da2853-f47a-4827-bfd4-ede700e58c59 at term 1 for becomeLeader, leader elected after 5063ms
2019-10-10 21:16:39,151 [32311c87-0abf-4b2b-beb5-d95d041bafb4@group-5567FAD9C2F5-LeaderElection61] INFO  impl.RaftServerImpl (ServerState.java:setLeader(255)) - 32311c87-0abf-4b2b-beb5-d95d041bafb4@group-5567FAD9C2F5: change Leader from null to 32311c87-0abf-4b2b-beb5-d95d041bafb4 at term 1 for becomeLeader, leader elected after 5169ms
2019-10-10 21:16:39,153 [a2da2853-f47a-4827-bfd4-ede700e58c59@group-564F3F5EA742-LeaderElection60] INFO  server.RaftServerConfigKeys (ConfUtils.java:logGet(43)) - raft.server.staging.catchup.gap = 1000 (default)
2019-10-10 21:16:39,153 [32311c87-0abf-4b2b-beb5-d95d041bafb4@group-5567FAD9C2F5-LeaderElection61] INFO  server.RaftServerConfigKeys (ConfUtils.java:logGet(43)) - raft.server.staging.catchup.gap = 1000 (default)
2019-10-10 21:16:39,153 [a2da2853-f47a-4827-bfd4-ede700e58c59@group-564F3F5EA742-LeaderElection60] INFO  server.RaftServerConfigKeys (ConfUtils.java:logGet(43)) - raft.server.rpc.sleep.time = 25ms (default)
2019-10-10 21:16:39,153 [32311c87-0abf-4b2b-beb5-d95d041bafb4@group-5567FAD9C2F5-LeaderElection61] INFO  server.RaftServerConfigKeys (ConfUtils.java:logGet(43)) - raft.server.rpc.sleep.time = 25ms (default)
2019-10-10 21:16:39,154 [a2da2853-f47a-4827-bfd4-ede700e58c59@group-564F3F5EA742-LeaderElection60] INFO  server.RaftServerConfigKeys (ConfUtils.java:logGet(43)) - raft.server.write.element-limit = 4096 (default)
2019-10-10 21:16:39,154 [32311c87-0abf-4b2b-beb5-d95d041bafb4@group-5567FAD9C2F5-LeaderElection61] INFO  server.RaftServerConfigKeys (ConfUtils.java:logGet(43)) - raft.server.write.element-limit = 4096 (default)
2019-10-10 21:16:39,154 [a2da2853-f47a-4827-bfd4-ede700e58c59@group-564F3F5EA742-LeaderElection60] INFO  server.RaftServerConfigKeys (ConfUtils.java:logGet(43)) - raft.server.watch.timeout = 10s (default)
2019-10-10 21:16:39,154 [32311c87-0abf-4b2b-beb5-d95d041bafb4@group-5567FAD9C2F5-LeaderElection61] INFO  server.RaftServerConfigKeys (ConfUtils.java:logGet(43)) - raft.server.watch.timeout = 10s (default)
2019-10-10 21:16:39,158 [a2da2853-f47a-4827-bfd4-ede700e58c59@group-564F3F5EA742-LeaderElection60] INFO  server.RaftServerConfigKeys (ConfUtils.java:logGet(43)) - raft.server.watch.timeout.denomination = 1s (default)
2019-10-10 21:16:39,158 [32311c87-0abf-4b2b-beb5-d95d041bafb4@group-5567FAD9C2F5-LeaderElection61] INFO  server.RaftServerConfigKeys (ConfUtils.java:logGet(43)) - raft.server.watch.timeout.denomination = 1s (default)
2019-10-10 21:16:39,158 [a2da2853-f47a-4827-bfd4-ede700e58c59@group-564F3F5EA742-LeaderElection60] INFO  server.RaftServerConfigKeys (ConfUtils.java:logGet(43)) - raft.server.watch.element-limit = 65536 (default)
2019-10-10 21:16:39,158 [32311c87-0abf-4b2b-beb5-d95d041bafb4@group-5567FAD9C2F5-LeaderElection61] INFO  server.RaftServerConfigKeys (ConfUtils.java:logGet(43)) - raft.server.watch.element-limit = 65536 (default)
2019-10-10 21:16:39,160 [a2da2853-f47a-4827-bfd4-ede700e58c59@group-564F3F5EA742-LeaderElection60] INFO  impl.RoleInfo (RoleInfo.java:updateAndGet(143)) - a2da2853-f47a-4827-bfd4-ede700e58c59: start LeaderState
2019-10-10 21:16:39,161 [32311c87-0abf-4b2b-beb5-d95d041bafb4@group-5567FAD9C2F5-LeaderElection61] INFO  impl.RoleInfo (RoleInfo.java:updateAndGet(143)) - 32311c87-0abf-4b2b-beb5-d95d041bafb4: start LeaderState
2019-10-10 21:16:39,161 [a2da2853-f47a-4827-bfd4-ede700e58c59@group-564F3F5EA742-LeaderElection60] INFO  segmented.SegmentedRaftLogWorker (SegmentedRaftLogWorker.java:startLogSegment(385)) - a2da2853-f47a-4827-bfd4-ede700e58c59@group-564F3F5EA742-SegmentedRaftLogWorker: Starting segment from index:0
2019-10-10 21:16:39,161 [32311c87-0abf-4b2b-beb5-d95d041bafb4@group-5567FAD9C2F5-LeaderElection61] INFO  segmented.SegmentedRaftLogWorker (SegmentedRaftLogWorker.java:startLogSegment(385)) - 32311c87-0abf-4b2b-beb5-d95d041bafb4@group-5567FAD9C2F5-SegmentedRaftLogWorker: Starting segment from index:0
2019-10-10 21:16:39,161 [a2da2853-f47a-4827-bfd4-ede700e58c59@group-564F3F5EA742-LeaderElection60] INFO  impl.RaftServerImpl (ServerState.java:setRaftConf(356)) - a2da2853-f47a-4827-bfd4-ede700e58c59@group-564F3F5EA742: set configuration 0: [a2da2853-f47a-4827-bfd4-ede700e58c59:192.168.157.203:32839], old=null at 0
2019-10-10 21:16:39,161 [32311c87-0abf-4b2b-beb5-d95d041bafb4@group-5567FAD9C2F5-LeaderElection61] INFO  impl.RaftServerImpl (ServerState.java:setRaftConf(356)) - 32311c87-0abf-4b2b-beb5-d95d041bafb4@group-5567FAD9C2F5: set configuration 0: [32311c87-0abf-4b2b-beb5-d95d041bafb4:192.168.157.203:39605], old=null at 0
2019-10-10 21:16:39,220 [32311c87-0abf-4b2b-beb5-d95d041bafb4@group-5567FAD9C2F5-SegmentedRaftLogWorker] INFO  segmented.SegmentedRaftLogWorker (SegmentedRaftLogWorker.java:execute(574)) - 32311c87-0abf-4b2b-beb5-d95d041bafb4@group-5567FAD9C2F5-SegmentedRaftLogWorker: created new log segment /workdir/hadoop-ozone/integration-test/target/test-dir/MiniOzoneClusterImpl-008c13f9-99c9-46b6-a713-c4581bd201ba/datanode-3/data/ratis/ea842052-6d29-42f7-a76d-5567fad9c2f5/current/log_inprogress_0
2019-10-10 21:16:39,220 [a2da2853-f47a-4827-bfd4-ede700e58c59@group-564F3F5EA742-SegmentedRaftLogWorker] INFO  segmented.SegmentedRaftLogWorker (SegmentedRaftLogWorker.java:execute(574)) - a2da2853-f47a-4827-bfd4-ede700e58c59@group-564F3F5EA742-SegmentedRaftLogWorker: created new log segment /workdir/hadoop-ozone/integration-test/target/test-dir/MiniOzoneClusterImpl-008c13f9-99c9-46b6-a713-c4581bd201ba/datanode-6/data/ratis/57b5c137-0137-4e77-8758-564f3f5ea742/current/log_inprogress_0
2019-10-10 21:16:39,238 [Thread-2906] INFO  impl.FollowerState (FollowerState.java:run(108)) - 32311c87-0abf-4b2b-beb5-d95d041bafb4@group-31E811F9E092-FollowerState: change to CANDIDATE, lastRpcTime:5003ms, electionTimeout:5003ms
2019-10-10 21:16:39,238 [Thread-2906] INFO  impl.RoleInfo (RoleInfo.java:shutdownFollowerState(121)) - 32311c87-0abf-4b2b-beb5-d95d041bafb4: shutdown FollowerState
2019-10-10 21:16:39,238 [Thread-2906] INFO  impl.RaftServerImpl (RaftServerImpl.java:setRole(170)) - 32311c87-0abf-4b2b-beb5-d95d041bafb4@group-31E811F9E092: changes role from  FOLLOWER to CANDIDATE at term 0 for changeToCandidate
2019-10-10 21:16:39,239 [Thread-2906] INFO  impl.RoleInfo (RoleInfo.java:updateAndGet(143)) - 32311c87-0abf-4b2b-beb5-d95d041bafb4: start LeaderElection
2019-10-10 21:16:39,258 [32311c87-0abf-4b2b-beb5-d95d041bafb4@group-31E811F9E092-LeaderElection62] INFO  impl.LeaderElection (LeaderElection.java:askForVotes(178)) - 32311c87-0abf-4b2b-beb5-d95d041bafb4@group-31E811F9E092-LeaderElection62: begin an election at term 1 for -1: [32311c87-0abf-4b2b-beb5-d95d041bafb4:192.168.157.203:39605, a2da2853-f47a-4827-bfd4-ede700e58c59:192.168.157.203:32839, 59f3a390-2aa1-4e37-bd82-a5248a92ff56:192.168.157.203:40169], old=null
2019-10-10 21:16:39,267 [grpc-default-executor-6] INFO  impl.RaftServerImpl (RaftServerImpl.java:setRole(170)) - 59f3a390-2aa1-4e37-bd82-a5248a92ff56@group-31E811F9E092: changes role from  FOLLOWER to FOLLOWER at term 1 for recognizeCandidate:32311c87-0abf-4b2b-beb5-d95d041bafb4
2019-10-10 21:16:39,267 [grpc-default-executor-6] INFO  impl.RoleInfo (RoleInfo.java:shutdownFollowerState(121)) - 59f3a390-2aa1-4e37-bd82-a5248a92ff56: shutdown FollowerState
2019-10-10 21:16:39,267 [grpc-default-executor-6] INFO  impl.RoleInfo (RoleInfo.java:updateAndGet(143)) - 59f3a390-2aa1-4e37-bd82-a5248a92ff56: start FollowerState
2019-10-10 21:16:39,267 [Thread-2904] INFO  impl.FollowerState (FollowerState.java:run(117)) - 59f3a390-2aa1-4e37-bd82-a5248a92ff56@group-31E811F9E092-FollowerState was interrupted: java.lang.InterruptedException: sleep interrupted
2019-10-10 21:16:39,267 [grpc-default-executor-0] INFO  impl.RaftServerImpl (RaftServerImpl.java:setRole(170)) - a2da2853-f47a-4827-bfd4-ede700e58c59@group-31E811F9E092: changes role from  FOLLOWER to FOLLOWER at term 1 for recognizeCandidate:32311c87-0abf-4b2b-beb5-d95d041bafb4
2019-10-10 21:16:39,271 [grpc-default-executor-0] INFO  impl.RoleInfo (RoleInfo.java:shutdownFollowerState(121)) - a2da2853-f47a-4827-bfd4-ede700e58c59: shutdown FollowerState
2019-10-10 21:16:39,271 [grpc-default-executor-0] INFO  impl.RoleInfo (RoleInfo.java:updateAndGet(143)) - a2da2853-f47a-4827-bfd4-ede700e58c59: start FollowerState
2019-10-10 21:16:39,272 [Thread-2908] INFO  impl.FollowerState (FollowerState.java:run(117)) - a2da2853-f47a-4827-bfd4-ede700e58c59@group-31E811F9E092-FollowerState was interrupted: java.lang.InterruptedException: sleep interrupted
2019-10-10 21:16:39,300 [32311c87-0abf-4b2b-beb5-d95d041bafb4@group-31E811F9E092-LeaderElection62] INFO  impl.LeaderElection (LeaderElection.java:logAndReturn(56)) - 32311c87-0abf-4b2b-beb5-d95d041bafb4@group-31E811F9E092-LeaderElection62: Election PASSED; received 1 response(s) [32311c87-0abf-4b2b-beb5-d95d041bafb4<-a2da2853-f47a-4827-bfd4-ede700e58c59#0:OK-t1] and 0 exception(s); 32311c87-0abf-4b2b-beb5-d95d041bafb4@group-31E811F9E092:t1, leader=null, voted=32311c87-0abf-4b2b-beb5-d95d041bafb4, raftlog=32311c87-0abf-4b2b-beb5-d95d041bafb4@group-31E811F9E092-SegmentedRaftLog:OPENED:c-1,f-1,i0, conf=-1: [32311c87-0abf-4b2b-beb5-d95d041bafb4:192.168.157.203:39605, a2da2853-f47a-4827-bfd4-ede700e58c59:192.168.157.203:32839, 59f3a390-2aa1-4e37-bd82-a5248a92ff56:192.168.157.203:40169], old=null
2019-10-10 21:16:39,300 [32311c87-0abf-4b2b-beb5-d95d041bafb4@group-31E811F9E092-LeaderElection62] INFO  impl.RoleInfo (RoleInfo.java:shutdownLeaderElection(134)) - 32311c87-0abf-4b2b-beb5-d95d041bafb4: shutdown LeaderElection
2019-10-10 21:16:39,301 [32311c87-0abf-4b2b-beb5-d95d041bafb4@group-31E811F9E092-LeaderElection62] INFO  impl.RaftServerImpl (RaftServerImpl.java:setRole(170)) - 32311c87-0abf-4b2b-beb5-d95d041bafb4@group-31E811F9E092: changes role from CANDIDATE to LEADER at term 1 for changeToLeader
2019-10-10 21:16:39,301 [32311c87-0abf-4b2b-beb5-d95d041bafb4@group-31E811F9E092-LeaderElection62] INFO  impl.RaftServerImpl (ServerState.java:setLeader(255)) - 32311c87-0abf-4b2b-beb5-d95d041bafb4@group-31E811F9E092: change Leader from null to 32311c87-0abf-4b2b-beb5-d95d041bafb4 at term 1 for becomeLeader, leader elected after 5079ms
2019-10-10 21:16:39,301 [32311c87-0abf-4b2b-beb5-d95d041bafb4@group-31E811F9E092-LeaderElection62] INFO  server.RaftServerConfigKeys (ConfUtils.java:logGet(43)) - raft.server.staging.catchup.gap = 1000 (default)
2019-10-10 21:16:39,301 [32311c87-0abf-4b2b-beb5-d95d041bafb4@group-31E811F9E092-LeaderElection62] INFO  server.RaftServerConfigKeys (ConfUtils.java:logGet(43)) - raft.server.rpc.sleep.time = 25ms (default)
2019-10-10 21:16:39,301 [32311c87-0abf-4b2b-beb5-d95d041bafb4@group-31E811F9E092-LeaderElection62] INFO  server.RaftServerConfigKeys (ConfUtils.java:logGet(43)) - raft.server.write.element-limit = 4096 (default)
2019-10-10 21:16:39,301 [32311c87-0abf-4b2b-beb5-d95d041bafb4@group-31E811F9E092-LeaderElection62] INFO  server.RaftServerConfigKeys (ConfUtils.java:logGet(43)) - raft.server.watch.timeout = 10s (default)
2019-10-10 21:16:39,302 [32311c87-0abf-4b2b-beb5-d95d041bafb4@group-31E811F9E092-LeaderElection62] INFO  server.RaftServerConfigKeys (ConfUtils.java:logGet(43)) - raft.server.watch.timeout.denomination = 1s (default)
2019-10-10 21:16:39,302 [32311c87-0abf-4b2b-beb5-d95d041bafb4@group-31E811F9E092-LeaderElection62] INFO  server.RaftServerConfigKeys (ConfUtils.java:logGet(43)) - raft.server.watch.element-limit = 65536 (default)
2019-10-10 21:16:39,304 [32311c87-0abf-4b2b-beb5-d95d041bafb4@group-31E811F9E092-LeaderElection62] INFO  server.RaftServerConfigKeys (ConfUtils.java:logGet(43)) - raft.server.log.appender.snapshot.chunk.size.max = 16MB (=16777216) (default)
2019-10-10 21:16:39,304 [32311c87-0abf-4b2b-beb5-d95d041bafb4@group-31E811F9E092-LeaderElection62] INFO  server.RaftServerConfigKeys (ConfUtils.java:logGet(43)) - raft.server.log.appender.buffer.byte-limit = 33554432 (custom)
2019-10-10 21:16:39,304 [32311c87-0abf-4b2b-beb5-d95d041bafb4@group-31E811F9E092-LeaderElection62] INFO  server.RaftServerConfigKeys (ConfUtils.java:logGet(43)) - raft.server.log.appender.buffer.element-limit = 1 (custom)
2019-10-10 21:16:39,304 [32311c87-0abf-4b2b-beb5-d95d041bafb4@group-31E811F9E092-LeaderElection62] INFO  grpc.GrpcConfigKeys$Server (ConfUtils.java:logGet(43)) - raft.grpc.server.leader.outstanding.appends.max = 128 (default)
2019-10-10 21:16:39,305 [32311c87-0abf-4b2b-beb5-d95d041bafb4@group-31E811F9E092-LeaderElection62] INFO  server.RaftServerConfigKeys (ConfUtils.java:logGet(43)) - raft.server.rpc.request.timeout = 3000ms (default)
2019-10-10 21:16:39,305 [32311c87-0abf-4b2b-beb5-d95d041bafb4@group-31E811F9E092-LeaderElection62] INFO  server.RaftServerConfigKeys (ConfUtils.java:logGet(43)) - raft.server.log.appender.install.snapshot.enabled = false (custom)
2019-10-10 21:16:39,305 [32311c87-0abf-4b2b-beb5-d95d041bafb4@group-31E811F9E092-LeaderElection62] INFO  server.RaftServerConfigKeys (ConfUtils.java:logGet(43)) - raft.server.log.appender.snapshot.chunk.size.max = 16MB (=16777216) (default)
2019-10-10 21:16:39,305 [32311c87-0abf-4b2b-beb5-d95d041bafb4@group-31E811F9E092-LeaderElection62] INFO  server.RaftServerConfigKeys (ConfUtils.java:logGet(43)) - raft.server.log.appender.buffer.byte-limit = 33554432 (custom)
2019-10-10 21:16:39,305 [32311c87-0abf-4b2b-beb5-d95d041bafb4@group-31E811F9E092-LeaderElection62] INFO  server.RaftServerConfigKeys (ConfUtils.java:logGet(43)) - raft.server.log.appender.buffer.element-limit = 1 (custom)
2019-10-10 21:16:39,306 [32311c87-0abf-4b2b-beb5-d95d041bafb4@group-31E811F9E092-LeaderElection62] INFO  grpc.GrpcConfigKeys$Server (ConfUtils.java:logGet(43)) - raft.grpc.server.leader.outstanding.appends.max = 128 (default)
2019-10-10 21:16:39,306 [32311c87-0abf-4b2b-beb5-d95d041bafb4@group-31E811F9E092-LeaderElection62] INFO  server.RaftServerConfigKeys (ConfUtils.java:logGet(43)) - raft.server.rpc.request.timeout = 3000ms (default)
2019-10-10 21:16:39,306 [32311c87-0abf-4b2b-beb5-d95d041bafb4@group-31E811F9E092-LeaderElection62] INFO  server.RaftServerConfigKeys (ConfUtils.java:logGet(43)) - raft.server.log.appender.install.snapshot.enabled = false (custom)
2019-10-10 21:16:39,306 [32311c87-0abf-4b2b-beb5-d95d041bafb4@group-31E811F9E092-LeaderElection62] INFO  impl.RoleInfo (RoleInfo.java:updateAndGet(143)) - 32311c87-0abf-4b2b-beb5-d95d041bafb4: start LeaderState
2019-10-10 21:16:39,306 [32311c87-0abf-4b2b-beb5-d95d041bafb4@group-31E811F9E092-LeaderElection62] INFO  segmented.SegmentedRaftLogWorker (SegmentedRaftLogWorker.java:startLogSegment(385)) - 32311c87-0abf-4b2b-beb5-d95d041bafb4@group-31E811F9E092-SegmentedRaftLogWorker: Starting segment from index:0
2019-10-10 21:16:39,307 [32311c87-0abf-4b2b-beb5-d95d041bafb4@group-31E811F9E092-LeaderElection62] INFO  impl.RaftServerImpl (ServerState.java:setRaftConf(356)) - 32311c87-0abf-4b2b-beb5-d95d041bafb4@group-31E811F9E092: set configuration 0: [32311c87-0abf-4b2b-beb5-d95d041bafb4:192.168.157.203:39605, a2da2853-f47a-4827-bfd4-ede700e58c59:192.168.157.203:32839, 59f3a390-2aa1-4e37-bd82-a5248a92ff56:192.168.157.203:40169], old=null at 0
2019-10-10 21:16:39,309 [grpc-default-executor-6] INFO  impl.RaftServerImpl (ServerState.java:setLeader(255)) - 59f3a390-2aa1-4e37-bd82-a5248a92ff56@group-31E811F9E092: change Leader from null to 32311c87-0abf-4b2b-beb5-d95d041bafb4 at term 1 for appendEntries, leader elected after 5087ms
2019-10-10 21:16:39,348 [Thread-2900] INFO  impl.FollowerState (FollowerState.java:run(108)) - 850901b9-0502-4ea6-8169-4e83f9f8b449@group-D8D9F1566454-FollowerState: change to CANDIDATE, lastRpcTime:5199ms, electionTimeout:5196ms
2019-10-10 21:16:39,351 [grpc-default-executor-6] INFO  impl.RaftServerImpl (ServerState.java:setLeader(255)) - a2da2853-f47a-4827-bfd4-ede700e58c59@group-31E811F9E092: change Leader from null to 32311c87-0abf-4b2b-beb5-d95d041bafb4 at term 1 for appendEntries, leader elected after 5129ms
2019-10-10 21:16:39,351 [Thread-2900] INFO  impl.RoleInfo (RoleInfo.java:shutdownFollowerState(121)) - 850901b9-0502-4ea6-8169-4e83f9f8b449: shutdown FollowerState
2019-10-10 21:16:39,351 [Thread-2900] INFO  impl.RaftServerImpl (RaftServerImpl.java:setRole(170)) - 850901b9-0502-4ea6-8169-4e83f9f8b449@group-D8D9F1566454: changes role from  FOLLOWER to CANDIDATE at term 0 for changeToCandidate
2019-10-10 21:16:39,352 [Thread-2900] INFO  impl.RoleInfo (RoleInfo.java:updateAndGet(143)) - 850901b9-0502-4ea6-8169-4e83f9f8b449: start LeaderElection
2019-10-10 21:16:39,357 [32311c87-0abf-4b2b-beb5-d95d041bafb4@group-31E811F9E092-SegmentedRaftLogWorker] INFO  segmented.SegmentedRaftLogWorker (SegmentedRaftLogWorker.java:execute(574)) - 32311c87-0abf-4b2b-beb5-d95d041bafb4@group-31E811F9E092-SegmentedRaftLogWorker: created new log segment /workdir/hadoop-ozone/integration-test/target/test-dir/MiniOzoneClusterImpl-008c13f9-99c9-46b6-a713-c4581bd201ba/datanode-3/data/ratis/89aeb50c-423b-4db1-b4f7-31e811f9e092/current/log_inprogress_0
2019-10-10 21:16:39,357 [grpc-default-executor-6] INFO  impl.RaftServerImpl (ServerState.java:setRaftConf(356)) - 59f3a390-2aa1-4e37-bd82-a5248a92ff56@group-31E811F9E092: set configuration 0: [32311c87-0abf-4b2b-beb5-d95d041bafb4:192.168.157.203:39605, a2da2853-f47a-4827-bfd4-ede700e58c59:192.168.157.203:32839, 59f3a390-2aa1-4e37-bd82-a5248a92ff56:192.168.157.203:40169], old=null at 0
2019-10-10 21:16:39,358 [grpc-default-executor-6] INFO  segmented.SegmentedRaftLogWorker (SegmentedRaftLogWorker.java:startLogSegment(385)) - 59f3a390-2aa1-4e37-bd82-a5248a92ff56@group-31E811F9E092-SegmentedRaftLogWorker: Starting segment from index:0
2019-10-10 21:16:39,358 [grpc-default-executor-0] INFO  impl.RaftServerImpl (ServerState.java:setRaftConf(356)) - a2da2853-f47a-4827-bfd4-ede700e58c59@group-31E811F9E092: set configuration 0: [32311c87-0abf-4b2b-beb5-d95d041bafb4:192.168.157.203:39605, a2da2853-f47a-4827-bfd4-ede700e58c59:192.168.157.203:32839, 59f3a390-2aa1-4e37-bd82-a5248a92ff56:192.168.157.203:40169], old=null at 0
2019-10-10 21:16:39,359 [grpc-default-executor-0] INFO  segmented.SegmentedRaftLogWorker (SegmentedRaftLogWorker.java:startLogSegment(385)) - a2da2853-f47a-4827-bfd4-ede700e58c59@group-31E811F9E092-SegmentedRaftLogWorker: Starting segment from index:0
2019-10-10 21:16:39,371 [850901b9-0502-4ea6-8169-4e83f9f8b449@group-D8D9F1566454-LeaderElection63] INFO  impl.LeaderElection (LeaderElection.java:askForVotes(178)) - 850901b9-0502-4ea6-8169-4e83f9f8b449@group-D8D9F1566454-LeaderElection63: begin an election at term 1 for -1: [850901b9-0502-4ea6-8169-4e83f9f8b449:192.168.157.203:44644], old=null
2019-10-10 21:16:39,371 [850901b9-0502-4ea6-8169-4e83f9f8b449@group-D8D9F1566454-LeaderElection63] INFO  impl.RoleInfo (RoleInfo.java:shutdownLeaderElection(134)) - 850901b9-0502-4ea6-8169-4e83f9f8b449: shutdown LeaderElection
2019-10-10 21:16:39,372 [850901b9-0502-4ea6-8169-4e83f9f8b449@group-D8D9F1566454-LeaderElection63] INFO  impl.RaftServerImpl (RaftServerImpl.java:setRole(170)) - 850901b9-0502-4ea6-8169-4e83f9f8b449@group-D8D9F1566454: changes role from CANDIDATE to LEADER at term 1 for changeToLeader
2019-10-10 21:16:39,372 [850901b9-0502-4ea6-8169-4e83f9f8b449@group-D8D9F1566454-LeaderElection63] INFO  impl.RaftServerImpl (ServerState.java:setLeader(255)) - 850901b9-0502-4ea6-8169-4e83f9f8b449@group-D8D9F1566454: change Leader from null to 850901b9-0502-4ea6-8169-4e83f9f8b449 at term 1 for becomeLeader, leader elected after 5230ms
2019-10-10 21:16:39,372 [850901b9-0502-4ea6-8169-4e83f9f8b449@group-D8D9F1566454-LeaderElection63] INFO  server.RaftServerConfigKeys (ConfUtils.java:logGet(43)) - raft.server.staging.catchup.gap = 1000 (default)
2019-10-10 21:16:39,372 [850901b9-0502-4ea6-8169-4e83f9f8b449@group-D8D9F1566454-LeaderElection63] INFO  server.RaftServerConfigKeys (ConfUtils.java:logGet(43)) - raft.server.rpc.sleep.time = 25ms (default)
2019-10-10 21:16:39,372 [850901b9-0502-4ea6-8169-4e83f9f8b449@group-D8D9F1566454-LeaderElection63] INFO  server.RaftServerConfigKeys (ConfUtils.java:logGet(43)) - raft.server.write.element-limit = 4096 (default)
2019-10-10 21:16:39,372 [850901b9-0502-4ea6-8169-4e83f9f8b449@group-D8D9F1566454-LeaderElection63] INFO  server.RaftServerConfigKeys (ConfUtils.java:logGet(43)) - raft.server.watch.timeout = 10s (default)
2019-10-10 21:16:39,373 [850901b9-0502-4ea6-8169-4e83f9f8b449@group-D8D9F1566454-LeaderElection63] INFO  server.RaftServerConfigKeys (ConfUtils.java:logGet(43)) - raft.server.watch.timeout.denomination = 1s (default)
2019-10-10 21:16:39,373 [850901b9-0502-4ea6-8169-4e83f9f8b449@group-D8D9F1566454-LeaderElection63] INFO  server.RaftServerConfigKeys (ConfUtils.java:logGet(43)) - raft.server.watch.element-limit = 65536 (default)
2019-10-10 21:16:39,375 [850901b9-0502-4ea6-8169-4e83f9f8b449@group-D8D9F1566454-LeaderElection63] INFO  impl.RoleInfo (RoleInfo.java:updateAndGet(143)) - 850901b9-0502-4ea6-8169-4e83f9f8b449: start LeaderState
2019-10-10 21:16:39,375 [850901b9-0502-4ea6-8169-4e83f9f8b449@group-D8D9F1566454-LeaderElection63] INFO  segmented.SegmentedRaftLogWorker (SegmentedRaftLogWorker.java:startLogSegment(385)) - 850901b9-0502-4ea6-8169-4e83f9f8b449@group-D8D9F1566454-SegmentedRaftLogWorker: Starting segment from index:0
2019-10-10 21:16:39,376 [850901b9-0502-4ea6-8169-4e83f9f8b449@group-D8D9F1566454-LeaderElection63] INFO  impl.RaftServerImpl (ServerState.java:setRaftConf(356)) - 850901b9-0502-4ea6-8169-4e83f9f8b449@group-D8D9F1566454: set configuration 0: [850901b9-0502-4ea6-8169-4e83f9f8b449:192.168.157.203:44644], old=null at 0
2019-10-10 21:16:39,429 [59f3a390-2aa1-4e37-bd82-a5248a92ff56@group-31E811F9E092-SegmentedRaftLogWorker] INFO  segmented.SegmentedRaftLogWorker (SegmentedRaftLogWorker.java:execute(574)) - 59f3a390-2aa1-4e37-bd82-a5248a92ff56@group-31E811F9E092-SegmentedRaftLogWorker: created new log segment /workdir/hadoop-ozone/integration-test/target/test-dir/MiniOzoneClusterImpl-008c13f9-99c9-46b6-a713-c4581bd201ba/datanode-4/data/ratis/89aeb50c-423b-4db1-b4f7-31e811f9e092/current/log_inprogress_0
2019-10-10 21:16:39,429 [850901b9-0502-4ea6-8169-4e83f9f8b449@group-D8D9F1566454-SegmentedRaftLogWorker] INFO  segmented.SegmentedRaftLogWorker (SegmentedRaftLogWorker.java:execute(574)) - 850901b9-0502-4ea6-8169-4e83f9f8b449@group-D8D9F1566454-SegmentedRaftLogWorker: created new log segment /workdir/hadoop-ozone/integration-test/target/test-dir/MiniOzoneClusterImpl-008c13f9-99c9-46b6-a713-c4581bd201ba/datanode-5/data/ratis/80b362a3-49f5-4c31-96c6-d8d9f1566454/current/log_inprogress_0
2019-10-10 21:16:39,429 [a2da2853-f47a-4827-bfd4-ede700e58c59@group-31E811F9E092-SegmentedRaftLogWorker] INFO  segmented.SegmentedRaftLogWorker (SegmentedRaftLogWorker.java:execute(574)) - a2da2853-f47a-4827-bfd4-ede700e58c59@group-31E811F9E092-SegmentedRaftLogWorker: created new log segment /workdir/hadoop-ozone/integration-test/target/test-dir/MiniOzoneClusterImpl-008c13f9-99c9-46b6-a713-c4581bd201ba/datanode-6/data/ratis/89aeb50c-423b-4db1-b4f7-31e811f9e092/current/log_inprogress_0
2019-10-10 21:16:41,317 [Datanode State Machine Thread - 0] INFO  statemachine.DatanodeStateMachine (DatanodeStateMachine.java:lambda$startDaemon$0(350)) - Ozone container server started.
2019-10-10 21:16:45,353 [EventQueue-StaleNodeForStaleNodeHandler] INFO  node.StaleNodeHandler (StaleNodeHandler.java:onMessage(58)) - Datanode 32311c87-0abf-4b2b-beb5-d95d041bafb4{ip: 192.168.157.203, host: pr-hdds-1986-lk2hz-517324276, networkLocation: /default-rack, certSerialId: null} moved to stale state. Finalizing its pipelines [PipelineID=89aeb50c-423b-4db1-b4f7-31e811f9e092, PipelineID=ea842052-6d29-42f7-a76d-5567fad9c2f5]
2019-10-10 21:16:45,354 [EventQueue-StaleNodeForStaleNodeHandler] INFO  pipeline.SCMPipelineManager (SCMPipelineManager.java:finalizeAndDestroyPipeline(315)) - destroying pipeline:Pipeline[ Id: 89aeb50c-423b-4db1-b4f7-31e811f9e092, Nodes: 32311c87-0abf-4b2b-beb5-d95d041bafb4{ip: 192.168.157.203, host: pr-hdds-1986-lk2hz-517324276, networkLocation: /default-rack, certSerialId: null}59f3a390-2aa1-4e37-bd82-a5248a92ff56{ip: 192.168.157.203, host: pr-hdds-1986-lk2hz-517324276, networkLocation: /default-rack, certSerialId: null}a2da2853-f47a-4827-bfd4-ede700e58c59{ip: 192.168.157.203, host: pr-hdds-1986-lk2hz-517324276, networkLocation: /default-rack, certSerialId: null}, Type:RATIS, Factor:THREE, State:OPEN]
2019-10-10 21:16:45,354 [EventQueue-StaleNodeForStaleNodeHandler] INFO  pipeline.PipelineStateManager (PipelineStateManager.java:finalizePipeline(123)) - Pipeline Pipeline[ Id: 89aeb50c-423b-4db1-b4f7-31e811f9e092, Nodes: 32311c87-0abf-4b2b-beb5-d95d041bafb4{ip: 192.168.157.203, host: pr-hdds-1986-lk2hz-517324276, networkLocation: /default-rack, certSerialId: null}59f3a390-2aa1-4e37-bd82-a5248a92ff56{ip: 192.168.157.203, host: pr-hdds-1986-lk2hz-517324276, networkLocation: /default-rack, certSerialId: null}a2da2853-f47a-4827-bfd4-ede700e58c59{ip: 192.168.157.203, host: pr-hdds-1986-lk2hz-517324276, networkLocation: /default-rack, certSerialId: null}, Type:RATIS, Factor:THREE, State:CLOSED] moved to CLOSED state
2019-10-10 21:16:45,355 [EventQueue-CloseContainerForCloseContainerEventHandler] INFO  container.CloseContainerEventHandler (CloseContainerEventHandler.java:onMessage(61)) - Close container Event triggered for container : #1
2019-10-10 21:16:45,364 [EventQueue-StaleNodeForStaleNodeHandler] INFO  pipeline.SCMPipelineManager (SCMPipelineManager.java:finalizeAndDestroyPipeline(315)) - destroying pipeline:Pipeline[ Id: ea842052-6d29-42f7-a76d-5567fad9c2f5, Nodes: 32311c87-0abf-4b2b-beb5-d95d041bafb4{ip: 192.168.157.203, host: pr-hdds-1986-lk2hz-517324276, networkLocation: /default-rack, certSerialId: null}, Type:RATIS, Factor:ONE, State:OPEN]
2019-10-10 21:16:45,367 [EventQueue-StaleNodeForStaleNodeHandler] INFO  pipeline.PipelineStateManager (PipelineStateManager.java:finalizePipeline(123)) - Pipeline Pipeline[ Id: ea842052-6d29-42f7-a76d-5567fad9c2f5, Nodes: 32311c87-0abf-4b2b-beb5-d95d041bafb4{ip: 192.168.157.203, host: pr-hdds-1986-lk2hz-517324276, networkLocation: /default-rack, certSerialId: null}, Type:RATIS, Factor:ONE, State:CLOSED] moved to CLOSED state
2019-10-10 21:16:45,547 [main] INFO  ozoneimpl.OzoneContainer (OzoneContainer.java:stop(227)) - Attempting to stop container services.
2019-10-10 21:16:45,549 [main] INFO  impl.RaftServerProxy (RaftServerProxy.java:lambda$close$4(314)) - 32311c87-0abf-4b2b-beb5-d95d041bafb4: close
2019-10-10 21:16:45,550 [main] INFO  impl.RaftServerImpl (RaftServerImpl.java:lambda$shutdown$3(247)) - 32311c87-0abf-4b2b-beb5-d95d041bafb4@group-31E811F9E092: shutdown
2019-10-10 21:16:45,550 [main] INFO  util.JmxRegister (JmxRegister.java:unregister(73)) - Successfully un-registered JMX Bean with object name Ratis:service=RaftServer,group=group-31E811F9E092,id=32311c87-0abf-4b2b-beb5-d95d041bafb4
2019-10-10 21:16:45,551 [main] INFO  impl.RoleInfo (RoleInfo.java:shutdownLeaderState(104)) - 32311c87-0abf-4b2b-beb5-d95d041bafb4: shutdown LeaderState
2019-10-10 21:16:45,557 [main] INFO  impl.PendingRequests (PendingRequests.java:sendNotLeaderResponses(202)) - 32311c87-0abf-4b2b-beb5-d95d041bafb4@group-31E811F9E092-PendingRequests: sendNotLeaderResponses
2019-10-10 21:16:45,557 [org.apache.ratis.server.impl.LogAppender$AppenderDaemon$$Lambda$522/213960612@481f6d4] WARN  server.GrpcLogAppender (GrpcLogAppender.java:mayWait(143)) - 32311c87-0abf-4b2b-beb5-d95d041bafb4@group-31E811F9E092->a2da2853-f47a-4827-bfd4-ede700e58c59-GrpcLogAppender: Wait interrupted by java.lang.InterruptedException
2019-10-10 21:16:45,557 [org.apache.ratis.server.impl.LogAppender$AppenderDaemon$$Lambda$522/213960612@1736c92f] WARN  server.GrpcLogAppender (GrpcLogAppender.java:mayWait(143)) - 32311c87-0abf-4b2b-beb5-d95d041bafb4@group-31E811F9E092->59f3a390-2aa1-4e37-bd82-a5248a92ff56-GrpcLogAppender: Wait interrupted by java.lang.InterruptedException
2019-10-10 21:16:45,564 [main] INFO  impl.StateMachineUpdater (StateMachineUpdater.java:stopAndJoin(136)) - 32311c87-0abf-4b2b-beb5-d95d041bafb4@group-31E811F9E092-StateMachineUpdater: set stopIndex = 16
2019-10-10 21:16:45,564 [grpc-default-executor-8] INFO  server.GrpcServerProtocolService (GrpcServerProtocolService.java:onCompleted(113)) - 59f3a390-2aa1-4e37-bd82-a5248a92ff56: Completed APPEND_ENTRIES, lastRequest: 32311c87-0abf-4b2b-beb5-d95d041bafb4->59f3a390-2aa1-4e37-bd82-a5248a92ff56#19-t1, previous=(t:1, i:16), leaderCommit=16, initializing? false, entries: <empty>
2019-10-10 21:16:45,564 [32311c87-0abf-4b2b-beb5-d95d041bafb4@group-31E811F9E092-StateMachineUpdater] INFO  ratis.ContainerStateMachine (ContainerStateMachine.java:takeSnapshot(294)) - group-31E811F9E092: Taking a snapshot at:(t:1, i:14) file /workdir/hadoop-ozone/integration-test/target/test-dir/MiniOzoneClusterImpl-008c13f9-99c9-46b6-a713-c4581bd201ba/datanode-3/data/ratis/89aeb50c-423b-4db1-b4f7-31e811f9e092/sm/snapshot.1_14
2019-10-10 21:16:45,564 [grpc-default-executor-0] INFO  server.GrpcServerProtocolService (GrpcServerProtocolService.java:onCompleted(113)) - a2da2853-f47a-4827-bfd4-ede700e58c59: Completed APPEND_ENTRIES, lastRequest: 32311c87-0abf-4b2b-beb5-d95d041bafb4->a2da2853-f47a-4827-bfd4-ede700e58c59#19-t1, previous=(t:1, i:16), leaderCommit=16, initializing? false, entries: <empty>
2019-10-10 21:16:45,565 [grpc-default-executor-6] INFO  server.GrpcLogAppender (GrpcLogAppender.java:onCompleted(293)) - 32311c87-0abf-4b2b-beb5-d95d041bafb4@group-31E811F9E092->59f3a390-2aa1-4e37-bd82-a5248a92ff56-AppendLogResponseHandler: follower responses appendEntries COMPLETED
2019-10-10 21:16:45,566 [grpc-default-executor-0] INFO  server.GrpcLogAppender (GrpcLogAppender.java:onCompleted(293)) - 32311c87-0abf-4b2b-beb5-d95d041bafb4@group-31E811F9E092->a2da2853-f47a-4827-bfd4-ede700e58c59-AppendLogResponseHandler: follower responses appendEntries COMPLETED
2019-10-10 21:16:45,567 [grpc-default-executor-6] INFO  impl.FollowerInfo (FollowerInfo.java:lambda$new$0(51)) - 32311c87-0abf-4b2b-beb5-d95d041bafb4@group-31E811F9E092->59f3a390-2aa1-4e37-bd82-a5248a92ff56: nextIndex: updateUnconditionally 17 -> 16
2019-10-10 21:16:45,567 [grpc-default-executor-0] INFO  impl.FollowerInfo (FollowerInfo.java:lambda$new$0(51)) - 32311c87-0abf-4b2b-beb5-d95d041bafb4@group-31E811F9E092->a2da2853-f47a-4827-bfd4-ede700e58c59: nextIndex: updateUnconditionally 17 -> 16
2019-10-10 21:16:45,578 [32311c87-0abf-4b2b-beb5-d95d041bafb4@group-31E811F9E092-StateMachineUpdater] INFO  ratis.ContainerStateMachine (ContainerStateMachine.java:takeSnapshot(305)) - group-31E811F9E092: Finished taking a snapshot at:(t:1, i:14) file:/workdir/hadoop-ozone/integration-test/target/test-dir/MiniOzoneClusterImpl-008c13f9-99c9-46b6-a713-c4581bd201ba/datanode-3/data/ratis/89aeb50c-423b-4db1-b4f7-31e811f9e092/sm/snapshot.1_14 time:14
2019-10-10 21:16:45,579 [32311c87-0abf-4b2b-beb5-d95d041bafb4@group-31E811F9E092-StateMachineUpdater] INFO  impl.StateMachineUpdater (StateMachineUpdater.java:takeSnapshot(269)) - 32311c87-0abf-4b2b-beb5-d95d041bafb4@group-31E811F9E092-StateMachineUpdater: Took a snapshot at index 14
2019-10-10 21:16:45,579 [32311c87-0abf-4b2b-beb5-d95d041bafb4@group-31E811F9E092-StateMachineUpdater] INFO  impl.StateMachineUpdater (StateMachineUpdater.java:lambda$new$0(84)) - 32311c87-0abf-4b2b-beb5-d95d041bafb4@group-31E811F9E092-StateMachineUpdater: snapshotIndex: updateIncreasingly -1 -> 14
2019-10-10 21:16:45,579 [32311c87-0abf-4b2b-beb5-d95d041bafb4@group-31E811F9E092-StateMachineUpdater] INFO  ratis.ContainerStateMachine (ContainerStateMachine.java:takeSnapshot(294)) - group-31E811F9E092: Taking a snapshot at:(t:1, i:14) file /workdir/hadoop-ozone/integration-test/target/test-dir/MiniOzoneClusterImpl-008c13f9-99c9-46b6-a713-c4581bd201ba/datanode-3/data/ratis/89aeb50c-423b-4db1-b4f7-31e811f9e092/sm/snapshot.1_14
2019-10-10 21:16:45,592 [32311c87-0abf-4b2b-beb5-d95d041bafb4@group-31E811F9E092-StateMachineUpdater] INFO  ratis.ContainerStateMachine (ContainerStateMachine.java:takeSnapshot(305)) - group-31E811F9E092: Finished taking a snapshot at:(t:1, i:14) file:/workdir/hadoop-ozone/integration-test/target/test-dir/MiniOzoneClusterImpl-008c13f9-99c9-46b6-a713-c4581bd201ba/datanode-3/data/ratis/89aeb50c-423b-4db1-b4f7-31e811f9e092/sm/snapshot.1_14 time:13
2019-10-10 21:16:45,593 [32311c87-0abf-4b2b-beb5-d95d041bafb4@group-31E811F9E092-StateMachineUpdater] INFO  impl.StateMachineUpdater (StateMachineUpdater.java:takeSnapshot(269)) - 32311c87-0abf-4b2b-beb5-d95d041bafb4@group-31E811F9E092-StateMachineUpdater: Took a snapshot at index 14
2019-10-10 21:16:45,593 [32311c87-0abf-4b2b-beb5-d95d041bafb4@group-31E811F9E092-StateMachineUpdater] INFO  impl.StateMachineUpdater (StateMachineUpdater.java:lambda$new$0(84)) - 32311c87-0abf-4b2b-beb5-d95d041bafb4@group-31E811F9E092-StateMachineUpdater: snapshotIndex: updateIncreasingly 14 -> 14
2019-10-10 21:16:45,593 [main] INFO  impl.RaftServerImpl (ServerState.java:close(387)) - 32311c87-0abf-4b2b-beb5-d95d041bafb4@group-31E811F9E092: closes. applyIndex: 16
2019-10-10 21:16:45,594 [32311c87-0abf-4b2b-beb5-d95d041bafb4@group-31E811F9E092-SegmentedRaftLogWorker] INFO  segmented.SegmentedRaftLogWorker (SegmentedRaftLogWorker.java:run(316)) - 32311c87-0abf-4b2b-beb5-d95d041bafb4@group-31E811F9E092-SegmentedRaftLogWorker was interrupted, exiting. There are 0 tasks remaining in the queue.
2019-10-10 21:16:45,597 [main] INFO  segmented.SegmentedRaftLogWorker (SegmentedRaftLogWorker.java:close(224)) - 32311c87-0abf-4b2b-beb5-d95d041bafb4@group-31E811F9E092-SegmentedRaftLogWorker close()
2019-10-10 21:16:45,604 [main] INFO  impl.RaftServerImpl (RaftServerImpl.java:lambda$shutdown$3(247)) - 32311c87-0abf-4b2b-beb5-d95d041bafb4@group-5567FAD9C2F5: shutdown
2019-10-10 21:16:45,604 [main] INFO  util.JmxRegister (JmxRegister.java:unregister(73)) - Successfully un-registered JMX Bean with object name Ratis:service=RaftServer,group=group-5567FAD9C2F5,id=32311c87-0abf-4b2b-beb5-d95d041bafb4
2019-10-10 21:16:45,604 [main] INFO  impl.RoleInfo (RoleInfo.java:shutdownLeaderState(104)) - 32311c87-0abf-4b2b-beb5-d95d041bafb4: shutdown LeaderState
2019-10-10 21:16:45,605 [main] INFO  impl.PendingRequests (PendingRequests.java:sendNotLeaderResponses(202)) - 32311c87-0abf-4b2b-beb5-d95d041bafb4@group-5567FAD9C2F5-PendingRequests: sendNotLeaderResponses
2019-10-10 21:16:45,605 [main] INFO  impl.StateMachineUpdater (StateMachineUpdater.java:stopAndJoin(136)) - 32311c87-0abf-4b2b-beb5-d95d041bafb4@group-5567FAD9C2F5-StateMachineUpdater: set stopIndex = 0
2019-10-10 21:16:45,606 [main] INFO  impl.RaftServerImpl (ServerState.java:close(387)) - 32311c87-0abf-4b2b-beb5-d95d041bafb4@group-5567FAD9C2F5: closes. applyIndex: 0
2019-10-10 21:16:45,606 [32311c87-0abf-4b2b-beb5-d95d041bafb4@group-5567FAD9C2F5-SegmentedRaftLogWorker] INFO  segmented.SegmentedRaftLogWorker (SegmentedRaftLogWorker.java:run(316)) - 32311c87-0abf-4b2b-beb5-d95d041bafb4@group-5567FAD9C2F5-SegmentedRaftLogWorker was interrupted, exiting. There are 0 tasks remaining in the queue.
2019-10-10 21:16:45,610 [main] INFO  segmented.SegmentedRaftLogWorker (SegmentedRaftLogWorker.java:close(224)) - 32311c87-0abf-4b2b-beb5-d95d041bafb4@group-5567FAD9C2F5-SegmentedRaftLogWorker close()
2019-10-10 21:16:45,615 [main] INFO  server.GrpcService (GrpcService.java:closeImpl(164)) - 32311c87-0abf-4b2b-beb5-d95d041bafb4: shutdown server with port 39605 now
2019-10-10 21:16:45,617 [main] INFO  server.GrpcService (GrpcService.java:closeImpl(172)) - 32311c87-0abf-4b2b-beb5-d95d041bafb4: shutdown server with port 39605 successfully
2019-10-10 21:16:45,616 [grpc-default-executor-6] WARN  client.GrpcClientProtocolService (LogUtils.java:warn(134)) - 4-UnorderedRequestStreamObserver4: onError: org.apache.ratis.thirdparty.io.grpc.StatusRuntimeException: CANCELLED: cancelled before receiving half close
2019-10-10 21:16:45,622 [refreshUsed-/workdir/hadoop-ozone/integration-test/target/test-dir/MiniOzoneClusterImpl-008c13f9-99c9-46b6-a713-c4581bd201ba/datanode-3/data/containers] WARN  fs.CachingGetSpaceUsed (CachingGetSpaceUsed.java:run(183)) - Thread Interrupted waiting to refresh disk information: sleep interrupted
2019-10-10 21:16:45,636 [main] INFO  utils.BackgroundService (BackgroundService.java:shutdown(151)) - Shutting down service BlockDeletingService
2019-10-10 21:16:45,644 [main] INFO  statemachine.DatanodeStateMachine (DatanodeStateMachine.java:stopDaemon(395)) - Ozone container server stopped.
2019-10-10 21:16:45,646 [main] INFO  handler.ContextHandler (ContextHandler.java:doStop(910)) - Stopped o.e.j.w.WebAppContext@597d48ca{/,null,UNAVAILABLE}{/hddsDatanode}
2019-10-10 21:16:45,647 [main] INFO  server.AbstractConnector (AbstractConnector.java:doStop(318)) - Stopped ServerConnector@77324a58{HTTP/1.1,[http/1.1]}{0.0.0.0:0}
2019-10-10 21:16:45,647 [main] INFO  handler.ContextHandler (ContextHandler.java:doStop(910)) - Stopped o.e.j.s.ServletContextHandler@289f15e9{/static,jar:file:/home/user/.m2/repository/org/apache/hadoop/hadoop-hdds-container-service/0.5.0-SNAPSHOT/hadoop-hdds-container-service-0.5.0-SNAPSHOT.jar!/webapps/static,UNAVAILABLE}
2019-10-10 21:16:45,647 [main] INFO  handler.ContextHandler (ContextHandler.java:doStop(910)) - Stopped o.e.j.s.ServletContextHandler@3344d163{/logs,file:///workdir/hadoop-ozone/integration-test/target/log,UNAVAILABLE}
2019-10-10 21:16:54,450 [Thread-2954] INFO  impl.FollowerState (FollowerState.java:run(108)) - 59f3a390-2aa1-4e37-bd82-a5248a92ff56@group-31E811F9E092-FollowerState: change to CANDIDATE, lastRpcTime:8903ms, electionTimeout:5004ms
2019-10-10 21:16:54,451 [Thread-2954] INFO  impl.RoleInfo (RoleInfo.java:shutdownFollowerState(121)) - 59f3a390-2aa1-4e37-bd82-a5248a92ff56: shutdown FollowerState
2019-10-10 21:16:54,451 [Thread-2954] INFO  impl.RaftServerImpl (RaftServerImpl.java:setRole(170)) - 59f3a390-2aa1-4e37-bd82-a5248a92ff56@group-31E811F9E092: changes role from  FOLLOWER to CANDIDATE at term 1 for changeToCandidate
2019-10-10 21:16:54,451 [Thread-2954] INFO  impl.RoleInfo (RoleInfo.java:updateAndGet(143)) - 59f3a390-2aa1-4e37-bd82-a5248a92ff56: start LeaderElection
2019-10-10 21:16:54,460 [59f3a390-2aa1-4e37-bd82-a5248a92ff56@group-31E811F9E092-LeaderElection64] INFO  impl.RaftServerImpl (ServerState.java:setLeader(255)) - 59f3a390-2aa1-4e37-bd82-a5248a92ff56@group-31E811F9E092: change Leader from 32311c87-0abf-4b2b-beb5-d95d041bafb4 to null at term 1 for initElection
2019-10-10 21:16:54,475 [59f3a390-2aa1-4e37-bd82-a5248a92ff56@group-31E811F9E092-LeaderElection64] INFO  impl.LeaderElection (LeaderElection.java:askForVotes(178)) - 59f3a390-2aa1-4e37-bd82-a5248a92ff56@group-31E811F9E092-LeaderElection64: begin an election at term 2 for 0: [32311c87-0abf-4b2b-beb5-d95d041bafb4:192.168.157.203:39605, a2da2853-f47a-4827-bfd4-ede700e58c59:192.168.157.203:32839, 59f3a390-2aa1-4e37-bd82-a5248a92ff56:192.168.157.203:40169], old=null
2019-10-10 21:16:54,479 [59f3a390-2aa1-4e37-bd82-a5248a92ff56@group-31E811F9E092-LeaderElection64] INFO  impl.LeaderElection (LogUtils.java:infoOrTrace(149)) - 59f3a390-2aa1-4e37-bd82-a5248a92ff56@group-31E811F9E092-LeaderElection64 got exception when requesting votes: {}
java.util.concurrent.ExecutionException: org.apache.ratis.thirdparty.io.grpc.StatusRuntimeException: UNAVAILABLE: io exception
	at java.util.concurrent.FutureTask.report(FutureTask.java:122)
	at java.util.concurrent.FutureTask.get(FutureTask.java:192)
	at org.apache.ratis.server.impl.LeaderElection.waitForResults(LeaderElection.java:259)
	at org.apache.ratis.server.impl.LeaderElection.askForVotes(LeaderElection.java:197)
	at org.apache.ratis.server.impl.LeaderElection.run(LeaderElection.java:133)
	at java.lang.Thread.run(Thread.java:748)
Caused by: org.apache.ratis.thirdparty.io.grpc.StatusRuntimeException: UNAVAILABLE: io exception
	at org.apache.ratis.thirdparty.io.grpc.stub.ClientCalls.toStatusRuntimeException(ClientCalls.java:233)
	at org.apache.ratis.thirdparty.io.grpc.stub.ClientCalls.getUnchecked(ClientCalls.java:214)
	at org.apache.ratis.thirdparty.io.grpc.stub.ClientCalls.blockingUnaryCall(ClientCalls.java:139)
	at org.apache.ratis.proto.grpc.RaftServerProtocolServiceGrpc$RaftServerProtocolServiceBlockingStub.requestVote(RaftServerProtocolServiceGrpc.java:265)
	at org.apache.ratis.grpc.server.GrpcServerProtocolClient.requestVote(GrpcServerProtocolClient.java:99)
	at org.apache.ratis.grpc.server.GrpcService.requestVote(GrpcService.java:204)
	at org.apache.ratis.server.impl.LeaderElection.lambda$submitRequests$1(LeaderElection.java:234)
	at java.util.concurrent.FutureTask.run(FutureTask.java:266)
	at java.util.concurrent.Executors$RunnableAdapter.call(Executors.java:511)
	at java.util.concurrent.FutureTask.run(FutureTask.java:266)
	at java.util.concurrent.ThreadPoolExecutor.runWorker(ThreadPoolExecutor.java:1149)
	at java.util.concurrent.ThreadPoolExecutor$Worker.run(ThreadPoolExecutor.java:624)
	... 1 more
Caused by: org.apache.ratis.thirdparty.io.netty.channel.AbstractChannel$AnnotatedConnectException: Connection refused: /192.168.157.203:39605
	at sun.nio.ch.SocketChannelImpl.checkConnect(Native Method)
	at sun.nio.ch.SocketChannelImpl.finishConnect(SocketChannelImpl.java:717)
	at org.apache.ratis.thirdparty.io.netty.channel.socket.nio.NioSocketChannel.doFinishConnect(NioSocketChannel.java:327)
	at org.apache.ratis.thirdparty.io.netty.channel.nio.AbstractNioChannel$AbstractNioUnsafe.finishConnect(AbstractNioChannel.java:340)
	at org.apache.ratis.thirdparty.io.netty.channel.nio.NioEventLoop.processSelectedKey(NioEventLoop.java:632)
	at org.apache.ratis.thirdparty.io.netty.channel.nio.NioEventLoop.processSelectedKeysOptimized(NioEventLoop.java:579)
	at org.apache.ratis.thirdparty.io.netty.channel.nio.NioEventLoop.processSelectedKeys(NioEventLoop.java:496)
	at org.apache.ratis.thirdparty.io.netty.channel.nio.NioEventLoop.run(NioEventLoop.java:458)
	at org.apache.ratis.thirdparty.io.netty.util.concurrent.SingleThreadEventExecutor$5.run(SingleThreadEventExecutor.java:897)
	at org.apache.ratis.thirdparty.io.netty.util.concurrent.FastThreadLocalRunnable.run(FastThreadLocalRunnable.java:30)
	... 1 more
Caused by: java.net.ConnectException: Connection refused
	... 11 more
2019-10-10 21:16:54,505 [grpc-default-executor-0] INFO  impl.RaftServerImpl (ServerState.java:setLeader(255)) - a2da2853-f47a-4827-bfd4-ede700e58c59@group-31E811F9E092: change Leader from 32311c87-0abf-4b2b-beb5-d95d041bafb4 to null at term 2 for updateCurrentTerm
2019-10-10 21:16:54,506 [grpc-default-executor-0] INFO  impl.RaftServerImpl (RaftServerImpl.java:setRole(170)) - a2da2853-f47a-4827-bfd4-ede700e58c59@group-31E811F9E092: changes role from  FOLLOWER to FOLLOWER at term 2 for recognizeCandidate:59f3a390-2aa1-4e37-bd82-a5248a92ff56
2019-10-10 21:16:54,506 [grpc-default-executor-0] INFO  impl.RoleInfo (RoleInfo.java:shutdownFollowerState(121)) - a2da2853-f47a-4827-bfd4-ede700e58c59: shutdown FollowerState
2019-10-10 21:16:54,506 [grpc-default-executor-0] INFO  impl.RoleInfo (RoleInfo.java:updateAndGet(143)) - a2da2853-f47a-4827-bfd4-ede700e58c59: start FollowerState
2019-10-10 21:16:54,506 [Thread-2955] INFO  impl.FollowerState (FollowerState.java:run(117)) - a2da2853-f47a-4827-bfd4-ede700e58c59@group-31E811F9E092-FollowerState was interrupted: java.lang.InterruptedException: sleep interrupted
2019-10-10 21:16:54,540 [59f3a390-2aa1-4e37-bd82-a5248a92ff56@group-31E811F9E092-LeaderElection64] INFO  impl.LeaderElection (LeaderElection.java:logAndReturn(56)) - 59f3a390-2aa1-4e37-bd82-a5248a92ff56@group-31E811F9E092-LeaderElection64: Election PASSED; received 1 response(s) [59f3a390-2aa1-4e37-bd82-a5248a92ff56<-a2da2853-f47a-4827-bfd4-ede700e58c59#0:OK-t2] and 1 exception(s); 59f3a390-2aa1-4e37-bd82-a5248a92ff56@group-31E811F9E092:t2, leader=null, voted=59f3a390-2aa1-4e37-bd82-a5248a92ff56, raftlog=59f3a390-2aa1-4e37-bd82-a5248a92ff56@group-31E811F9E092-SegmentedRaftLog:OPENED:c16,f16,i16, conf=0: [32311c87-0abf-4b2b-beb5-d95d041bafb4:192.168.157.203:39605, a2da2853-f47a-4827-bfd4-ede700e58c59:192.168.157.203:32839, 59f3a390-2aa1-4e37-bd82-a5248a92ff56:192.168.157.203:40169], old=null
2019-10-10 21:16:54,540 [59f3a390-2aa1-4e37-bd82-a5248a92ff56@group-31E811F9E092-LeaderElection64] INFO  impl.LeaderElection (LogUtils.java:infoOrTrace(149)) -   Exception 0: {}
java.util.concurrent.ExecutionException: org.apache.ratis.thirdparty.io.grpc.StatusRuntimeException: UNAVAILABLE: io exception
	at java.util.concurrent.FutureTask.report(FutureTask.java:122)
	at java.util.concurrent.FutureTask.get(FutureTask.java:192)
	at org.apache.ratis.server.impl.LeaderElection.waitForResults(LeaderElection.java:259)
	at org.apache.ratis.server.impl.LeaderElection.askForVotes(LeaderElection.java:197)
	at org.apache.ratis.server.impl.LeaderElection.run(LeaderElection.java:133)
	at java.lang.Thread.run(Thread.java:748)
Caused by: org.apache.ratis.thirdparty.io.grpc.StatusRuntimeException: UNAVAILABLE: io exception
	at org.apache.ratis.thirdparty.io.grpc.stub.ClientCalls.toStatusRuntimeException(ClientCalls.java:233)
	at org.apache.ratis.thirdparty.io.grpc.stub.ClientCalls.getUnchecked(ClientCalls.java:214)
	at org.apache.ratis.thirdparty.io.grpc.stub.ClientCalls.blockingUnaryCall(ClientCalls.java:139)
	at org.apache.ratis.proto.grpc.RaftServerProtocolServiceGrpc$RaftServerProtocolServiceBlockingStub.requestVote(RaftServerProtocolServiceGrpc.java:265)
	at org.apache.ratis.grpc.server.GrpcServerProtocolClient.requestVote(GrpcServerProtocolClient.java:99)
	at org.apache.ratis.grpc.server.GrpcService.requestVote(GrpcService.java:204)
	at org.apache.ratis.server.impl.LeaderElection.lambda$submitRequests$1(LeaderElection.java:234)
	at java.util.concurrent.FutureTask.run(FutureTask.java:266)
	at java.util.concurrent.Executors$RunnableAdapter.call(Executors.java:511)
	at java.util.concurrent.FutureTask.run(FutureTask.java:266)
	at java.util.concurrent.ThreadPoolExecutor.runWorker(ThreadPoolExecutor.java:1149)
	at java.util.concurrent.ThreadPoolExecutor$Worker.run(ThreadPoolExecutor.java:624)
	... 1 more
Caused by: org.apache.ratis.thirdparty.io.netty.channel.AbstractChannel$AnnotatedConnectException: Connection refused: /192.168.157.203:39605
	at sun.nio.ch.SocketChannelImpl.checkConnect(Native Method)
	at sun.nio.ch.SocketChannelImpl.finishConnect(SocketChannelImpl.java:717)
	at org.apache.ratis.thirdparty.io.netty.channel.socket.nio.NioSocketChannel.doFinishConnect(NioSocketChannel.java:327)
	at org.apache.ratis.thirdparty.io.netty.channel.nio.AbstractNioChannel$AbstractNioUnsafe.finishConnect(AbstractNioChannel.java:340)
	at org.apache.ratis.thirdparty.io.netty.channel.nio.NioEventLoop.processSelectedKey(NioEventLoop.java:632)
	at org.apache.ratis.thirdparty.io.netty.channel.nio.NioEventLoop.processSelectedKeysOptimized(NioEventLoop.java:579)
	at org.apache.ratis.thirdparty.io.netty.channel.nio.NioEventLoop.processSelectedKeys(NioEventLoop.java:496)
	at org.apache.ratis.thirdparty.io.netty.channel.nio.NioEventLoop.run(NioEventLoop.java:458)
	at org.apache.ratis.thirdparty.io.netty.util.concurrent.SingleThreadEventExecutor$5.run(SingleThreadEventExecutor.java:897)
	at org.apache.ratis.thirdparty.io.netty.util.concurrent.FastThreadLocalRunnable.run(FastThreadLocalRunnable.java:30)
	... 1 more
Caused by: java.net.ConnectException: Connection refused
	... 11 more
2019-10-10 21:16:54,541 [59f3a390-2aa1-4e37-bd82-a5248a92ff56@group-31E811F9E092-LeaderElection64] INFO  impl.RoleInfo (RoleInfo.java:shutdownLeaderElection(134)) - 59f3a390-2aa1-4e37-bd82-a5248a92ff56: shutdown LeaderElection
2019-10-10 21:16:54,541 [59f3a390-2aa1-4e37-bd82-a5248a92ff56@group-31E811F9E092-LeaderElection64] INFO  impl.RaftServerImpl (RaftServerImpl.java:setRole(170)) - 59f3a390-2aa1-4e37-bd82-a5248a92ff56@group-31E811F9E092: changes role from CANDIDATE to LEADER at term 2 for changeToLeader
2019-10-10 21:16:54,541 [59f3a390-2aa1-4e37-bd82-a5248a92ff56@group-31E811F9E092-LeaderElection64] INFO  impl.RaftServerImpl (ServerState.java:setLeader(255)) - 59f3a390-2aa1-4e37-bd82-a5248a92ff56@group-31E811F9E092: change Leader from null to 59f3a390-2aa1-4e37-bd82-a5248a92ff56 at term 2 for becomeLeader, leader elected after 80ms
2019-10-10 21:16:54,541 [59f3a390-2aa1-4e37-bd82-a5248a92ff56@group-31E811F9E092-LeaderElection64] INFO  server.RaftServerConfigKeys (ConfUtils.java:logGet(43)) - raft.server.staging.catchup.gap = 1000 (default)
2019-10-10 21:16:54,542 [59f3a390-2aa1-4e37-bd82-a5248a92ff56@group-31E811F9E092-LeaderElection64] INFO  server.RaftServerConfigKeys (ConfUtils.java:logGet(43)) - raft.server.rpc.sleep.time = 25ms (default)
2019-10-10 21:16:54,542 [59f3a390-2aa1-4e37-bd82-a5248a92ff56@group-31E811F9E092-LeaderElection64] INFO  server.RaftServerConfigKeys (ConfUtils.java:logGet(43)) - raft.server.write.element-limit = 4096 (default)
2019-10-10 21:16:54,542 [59f3a390-2aa1-4e37-bd82-a5248a92ff56@group-31E811F9E092-LeaderElection64] INFO  server.RaftServerConfigKeys (ConfUtils.java:logGet(43)) - raft.server.watch.timeout = 10s (default)
2019-10-10 21:16:54,542 [59f3a390-2aa1-4e37-bd82-a5248a92ff56@group-31E811F9E092-LeaderElection64] INFO  server.RaftServerConfigKeys (ConfUtils.java:logGet(43)) - raft.server.watch.timeout.denomination = 1s (default)
2019-10-10 21:16:54,542 [59f3a390-2aa1-4e37-bd82-a5248a92ff56@group-31E811F9E092-LeaderElection64] INFO  server.RaftServerConfigKeys (ConfUtils.java:logGet(43)) - raft.server.watch.element-limit = 65536 (default)
2019-10-10 21:16:54,545 [59f3a390-2aa1-4e37-bd82-a5248a92ff56@group-31E811F9E092-LeaderElection64] INFO  server.RaftServerConfigKeys (ConfUtils.java:logGet(43)) - raft.server.log.appender.snapshot.chunk.size.max = 16MB (=16777216) (default)
2019-10-10 21:16:54,546 [59f3a390-2aa1-4e37-bd82-a5248a92ff56@group-31E811F9E092-LeaderElection64] INFO  server.RaftServerConfigKeys (ConfUtils.java:logGet(43)) - raft.server.log.appender.buffer.byte-limit = 33554432 (custom)
2019-10-10 21:16:54,546 [59f3a390-2aa1-4e37-bd82-a5248a92ff56@group-31E811F9E092-LeaderElection64] INFO  server.RaftServerConfigKeys (ConfUtils.java:logGet(43)) - raft.server.log.appender.buffer.element-limit = 1 (custom)
2019-10-10 21:16:54,546 [59f3a390-2aa1-4e37-bd82-a5248a92ff56@group-31E811F9E092-LeaderElection64] INFO  grpc.GrpcConfigKeys$Server (ConfUtils.java:logGet(43)) - raft.grpc.server.leader.outstanding.appends.max = 128 (default)
2019-10-10 21:16:54,546 [59f3a390-2aa1-4e37-bd82-a5248a92ff56@group-31E811F9E092-LeaderElection64] INFO  server.RaftServerConfigKeys (ConfUtils.java:logGet(43)) - raft.server.rpc.request.timeout = 3000ms (default)
2019-10-10 21:16:54,546 [59f3a390-2aa1-4e37-bd82-a5248a92ff56@group-31E811F9E092-LeaderElection64] INFO  server.RaftServerConfigKeys (ConfUtils.java:logGet(43)) - raft.server.log.appender.install.snapshot.enabled = false (custom)
2019-10-10 21:16:54,547 [59f3a390-2aa1-4e37-bd82-a5248a92ff56@group-31E811F9E092-LeaderElection64] INFO  server.RaftServerConfigKeys (ConfUtils.java:logGet(43)) - raft.server.log.appender.snapshot.chunk.size.max = 16MB (=16777216) (default)
2019-10-10 21:16:54,547 [59f3a390-2aa1-4e37-bd82-a5248a92ff56@group-31E811F9E092-LeaderElection64] INFO  server.RaftServerConfigKeys (ConfUtils.java:logGet(43)) - raft.server.log.appender.buffer.byte-limit = 33554432 (custom)
2019-10-10 21:16:54,547 [59f3a390-2aa1-4e37-bd82-a5248a92ff56@group-31E811F9E092-LeaderElection64] INFO  server.RaftServerConfigKeys (ConfUtils.java:logGet(43)) - raft.server.log.appender.buffer.element-limit = 1 (custom)
2019-10-10 21:16:54,547 [59f3a390-2aa1-4e37-bd82-a5248a92ff56@group-31E811F9E092-LeaderElection64] INFO  grpc.GrpcConfigKeys$Server (ConfUtils.java:logGet(43)) - raft.grpc.server.leader.outstanding.appends.max = 128 (default)
2019-10-10 21:16:54,547 [59f3a390-2aa1-4e37-bd82-a5248a92ff56@group-31E811F9E092-LeaderElection64] INFO  server.RaftServerConfigKeys (ConfUtils.java:logGet(43)) - raft.server.rpc.request.timeout = 3000ms (default)
2019-10-10 21:16:54,547 [59f3a390-2aa1-4e37-bd82-a5248a92ff56@group-31E811F9E092-LeaderElection64] INFO  server.RaftServerConfigKeys (ConfUtils.java:logGet(43)) - raft.server.log.appender.install.snapshot.enabled = false (custom)
2019-10-10 21:16:54,548 [59f3a390-2aa1-4e37-bd82-a5248a92ff56@group-31E811F9E092-LeaderElection64] INFO  impl.RoleInfo (RoleInfo.java:updateAndGet(143)) - 59f3a390-2aa1-4e37-bd82-a5248a92ff56: start LeaderState
2019-10-10 21:16:54,548 [59f3a390-2aa1-4e37-bd82-a5248a92ff56@group-31E811F9E092-LeaderElection64] INFO  segmented.SegmentedRaftLogWorker (SegmentedRaftLogWorker.java:rollLogSegment(390)) - 59f3a390-2aa1-4e37-bd82-a5248a92ff56@group-31E811F9E092-SegmentedRaftLogWorker: Rolling segment log-0_16 to index:16
2019-10-10 21:16:54,552 [59f3a390-2aa1-4e37-bd82-a5248a92ff56@group-31E811F9E092-LeaderElection64] INFO  impl.RaftServerImpl (ServerState.java:setRaftConf(356)) - 59f3a390-2aa1-4e37-bd82-a5248a92ff56@group-31E811F9E092: set configuration 17: [32311c87-0abf-4b2b-beb5-d95d041bafb4:192.168.157.203:39605, a2da2853-f47a-4827-bfd4-ede700e58c59:192.168.157.203:32839, 59f3a390-2aa1-4e37-bd82-a5248a92ff56:192.168.157.203:40169], old=null at 17
2019-10-10 21:16:54,552 [59f3a390-2aa1-4e37-bd82-a5248a92ff56@group-31E811F9E092-SegmentedRaftLogWorker] INFO  segmented.SegmentedRaftLogWorker (SegmentedRaftLogWorker.java:execute(531)) - 59f3a390-2aa1-4e37-bd82-a5248a92ff56@group-31E811F9E092-SegmentedRaftLogWorker: Rolled log segment from /workdir/hadoop-ozone/integration-test/target/test-dir/MiniOzoneClusterImpl-008c13f9-99c9-46b6-a713-c4581bd201ba/datanode-4/data/ratis/89aeb50c-423b-4db1-b4f7-31e811f9e092/current/log_inprogress_0 to /workdir/hadoop-ozone/integration-test/target/test-dir/MiniOzoneClusterImpl-008c13f9-99c9-46b6-a713-c4581bd201ba/datanode-4/data/ratis/89aeb50c-423b-4db1-b4f7-31e811f9e092/current/log_0-16
2019-10-10 21:16:54,556 [grpc-default-executor-0] WARN  server.GrpcLogAppender (LogUtils.java:warn(134)) - 59f3a390-2aa1-4e37-bd82-a5248a92ff56@group-31E811F9E092->32311c87-0abf-4b2b-beb5-d95d041bafb4-AppendLogResponseHandler: Failed appendEntries: org.apache.ratis.thirdparty.io.grpc.StatusRuntimeException: UNAVAILABLE: io exception
2019-10-10 21:16:54,557 [grpc-default-executor-0] INFO  impl.FollowerInfo (FollowerInfo.java:lambda$new$0(51)) - 59f3a390-2aa1-4e37-bd82-a5248a92ff56@group-31E811F9E092->32311c87-0abf-4b2b-beb5-d95d041bafb4: nextIndex: updateUnconditionally 17 -> 1
2019-10-10 21:16:54,557 [grpc-default-executor-8] INFO  impl.RaftServerImpl (ServerState.java:setLeader(255)) - a2da2853-f47a-4827-bfd4-ede700e58c59@group-31E811F9E092: change Leader from null to 59f3a390-2aa1-4e37-bd82-a5248a92ff56 at term 2 for appendEntries, leader elected after 51ms
2019-10-10 21:16:54,590 [grpc-default-executor-8] INFO  impl.RaftServerImpl (ServerState.java:setRaftConf(356)) - a2da2853-f47a-4827-bfd4-ede700e58c59@group-31E811F9E092: set configuration 17: [32311c87-0abf-4b2b-beb5-d95d041bafb4:192.168.157.203:39605, a2da2853-f47a-4827-bfd4-ede700e58c59:192.168.157.203:32839, 59f3a390-2aa1-4e37-bd82-a5248a92ff56:192.168.157.203:40169], old=null at 17
2019-10-10 21:16:54,591 [grpc-default-executor-8] INFO  segmented.SegmentedRaftLogWorker (SegmentedRaftLogWorker.java:rollLogSegment(390)) - a2da2853-f47a-4827-bfd4-ede700e58c59@group-31E811F9E092-SegmentedRaftLogWorker: Rolling segment log-0_16 to index:16
2019-10-10 21:16:54,592 [a2da2853-f47a-4827-bfd4-ede700e58c59@group-31E811F9E092-SegmentedRaftLogWorker] INFO  segmented.SegmentedRaftLogWorker (SegmentedRaftLogWorker.java:execute(531)) - a2da2853-f47a-4827-bfd4-ede700e58c59@group-31E811F9E092-SegmentedRaftLogWorker: Rolled log segment from /workdir/hadoop-ozone/integration-test/target/test-dir/MiniOzoneClusterImpl-008c13f9-99c9-46b6-a713-c4581bd201ba/datanode-6/data/ratis/89aeb50c-423b-4db1-b4f7-31e811f9e092/current/log_inprogress_0 to /workdir/hadoop-ozone/integration-test/target/test-dir/MiniOzoneClusterImpl-008c13f9-99c9-46b6-a713-c4581bd201ba/datanode-6/data/ratis/89aeb50c-423b-4db1-b4f7-31e811f9e092/current/log_0-16
2019-10-10 21:16:54,613 [59f3a390-2aa1-4e37-bd82-a5248a92ff56@group-31E811F9E092-SegmentedRaftLogWorker] INFO  segmented.SegmentedRaftLogWorker (SegmentedRaftLogWorker.java:execute(574)) - 59f3a390-2aa1-4e37-bd82-a5248a92ff56@group-31E811F9E092-SegmentedRaftLogWorker: created new log segment /workdir/hadoop-ozone/integration-test/target/test-dir/MiniOzoneClusterImpl-008c13f9-99c9-46b6-a713-c4581bd201ba/datanode-4/data/ratis/89aeb50c-423b-4db1-b4f7-31e811f9e092/current/log_inprogress_17
2019-10-10 21:16:54,640 [a2da2853-f47a-4827-bfd4-ede700e58c59@group-31E811F9E092-SegmentedRaftLogWorker] INFO  segmented.SegmentedRaftLogWorker (SegmentedRaftLogWorker.java:execute(574)) - a2da2853-f47a-4827-bfd4-ede700e58c59@group-31E811F9E092-SegmentedRaftLogWorker: created new log segment /workdir/hadoop-ozone/integration-test/target/test-dir/MiniOzoneClusterImpl-008c13f9-99c9-46b6-a713-c4581bd201ba/datanode-6/data/ratis/89aeb50c-423b-4db1-b4f7-31e811f9e092/current/log_inprogress_17
2019-10-10 21:16:54,665 [grpc-default-executor-6] WARN  server.GrpcLogAppender (LogUtils.java:warn(134)) - 59f3a390-2aa1-4e37-bd82-a5248a92ff56@group-31E811F9E092->32311c87-0abf-4b2b-beb5-d95d041bafb4-AppendLogResponseHandler: Failed appendEntries: org.apache.ratis.thirdparty.io.grpc.StatusRuntimeException: UNAVAILABLE: io exception
2019-10-10 21:16:54,665 [grpc-default-executor-6] INFO  impl.FollowerInfo (FollowerInfo.java:lambda$new$0(51)) - 59f3a390-2aa1-4e37-bd82-a5248a92ff56@group-31E811F9E092->32311c87-0abf-4b2b-beb5-d95d041bafb4: nextIndex: updateUnconditionally 2 -> 1
2019-10-10 21:16:54,678 [grpc-default-executor-0] WARN  server.GrpcLogAppender (LogUtils.java:warn(134)) - 59f3a390-2aa1-4e37-bd82-a5248a92ff56@group-31E811F9E092->32311c87-0abf-4b2b-beb5-d95d041bafb4-AppendLogResponseHandler: Failed appendEntries: org.apache.ratis.thirdparty.io.grpc.StatusRuntimeException: UNAVAILABLE: io exception
2019-10-10 21:16:54,678 [grpc-default-executor-0] INFO  impl.FollowerInfo (FollowerInfo.java:lambda$new$0(51)) - 59f3a390-2aa1-4e37-bd82-a5248a92ff56@group-31E811F9E092->32311c87-0abf-4b2b-beb5-d95d041bafb4: nextIndex: updateUnconditionally 2 -> 1
21:16:54.806 [grpc-default-executor-0] ERROR DNAudit - user=null | ip=null | op=WRITE_CHUNK {blockData=conID: 1 locID: 102940160496041997 bcsId: 14} | ret=FAILURE
org.apache.hadoop.hdds.scm.container.common.helpers.ContainerNotOpenException: Container 1 in CLOSING state
	at org.apache.hadoop.ozone.container.common.impl.HddsDispatcher.validateContainerCommand(HddsDispatcher.java:436) ~[hadoop-hdds-container-service-0.5.0-SNAPSHOT.jar:?]
	at org.apache.hadoop.ozone.container.common.transport.server.ratis.ContainerStateMachine.startTransaction(ContainerStateMachine.java:320) ~[hadoop-hdds-container-service-0.5.0-SNAPSHOT.jar:?]
	at org.apache.ratis.server.impl.RaftServerImpl.submitClientRequestAsync(RaftServerImpl.java:569) ~[ratis-server-0.5.0-201fc85-SNAPSHOT.jar:0.5.0-201fc85-SNAPSHOT]
	at org.apache.ratis.server.impl.RaftServerProxy.lambda$submitClientRequestAsync$7(RaftServerProxy.java:333) ~[ratis-server-0.5.0-201fc85-SNAPSHOT.jar:0.5.0-201fc85-SNAPSHOT]
	at org.apache.ratis.server.impl.RaftServerProxy.lambda$null$5(RaftServerProxy.java:328) ~[ratis-server-0.5.0-201fc85-SNAPSHOT.jar:0.5.0-201fc85-SNAPSHOT]
	at org.apache.ratis.util.JavaUtils.callAsUnchecked(JavaUtils.java:109) ~[ratis-common-0.5.0-201fc85-SNAPSHOT.jar:0.5.0-201fc85-SNAPSHOT]
	at org.apache.ratis.server.impl.RaftServerProxy.lambda$submitRequest$6(RaftServerProxy.java:328) ~[ratis-server-0.5.0-201fc85-SNAPSHOT.jar:0.5.0-201fc85-SNAPSHOT]
	at java.util.concurrent.CompletableFuture.uniComposeStage(CompletableFuture.java:981) ~[?:1.8.0_212]
	at java.util.concurrent.CompletableFuture.thenCompose(CompletableFuture.java:2124) ~[?:1.8.0_212]
	at org.apache.ratis.server.impl.RaftServerProxy.submitRequest(RaftServerProxy.java:327) ~[ratis-server-0.5.0-201fc85-SNAPSHOT.jar:0.5.0-201fc85-SNAPSHOT]
	at org.apache.ratis.server.impl.RaftServerProxy.submitClientRequestAsync(RaftServerProxy.java:333) ~[ratis-server-0.5.0-201fc85-SNAPSHOT.jar:0.5.0-201fc85-SNAPSHOT]
	at org.apache.ratis.grpc.client.GrpcClientProtocolService$RequestStreamObserver.processClientRequest(GrpcClientProtocolService.java:220) ~[ratis-grpc-0.5.0-201fc85-SNAPSHOT.jar:0.5.0-201fc85-SNAPSHOT]
	at org.apache.ratis.grpc.client.GrpcClientProtocolService$OrderedRequestStreamObserver.processClientRequest(GrpcClientProtocolService.java:326) ~[ratis-grpc-0.5.0-201fc85-SNAPSHOT.jar:0.5.0-201fc85-SNAPSHOT]
	at org.apache.ratis.util.SlidingWindow$Server.processRequestsFromHead(SlidingWindow.java:429) [ratis-common-0.5.0-201fc85-SNAPSHOT.jar:0.5.0-201fc85-SNAPSHOT]
	at org.apache.ratis.util.SlidingWindow$Server.receivedRequest(SlidingWindow.java:421) [ratis-common-0.5.0-201fc85-SNAPSHOT.jar:0.5.0-201fc85-SNAPSHOT]
	at org.apache.ratis.grpc.client.GrpcClientProtocolService$OrderedRequestStreamObserver.processClientRequest(GrpcClientProtocolService.java:345) [ratis-grpc-0.5.0-201fc85-SNAPSHOT.jar:0.5.0-201fc85-SNAPSHOT]
	at org.apache.ratis.grpc.client.GrpcClientProtocolService$RequestStreamObserver.onNext(GrpcClientProtocolService.java:240) [ratis-grpc-0.5.0-201fc85-SNAPSHOT.jar:0.5.0-201fc85-SNAPSHOT]
	at org.apache.ratis.grpc.client.GrpcClientProtocolService$RequestStreamObserver.onNext(GrpcClientProtocolService.java:168) [ratis-grpc-0.5.0-201fc85-SNAPSHOT.jar:0.5.0-201fc85-SNAPSHOT]
	at org.apache.ratis.thirdparty.io.grpc.stub.ServerCalls$StreamingServerCallHandler$StreamingServerCallListener.onMessage(ServerCalls.java:248) [ratis-thirdparty-misc-0.2.0.jar:0.2.0]
	at org.apache.ratis.thirdparty.io.grpc.internal.ServerCallImpl$ServerStreamListenerImpl.messagesAvailable(ServerCallImpl.java:263) [ratis-thirdparty-misc-0.2.0.jar:0.2.0]
	at org.apache.ratis.thirdparty.io.grpc.internal.ServerImpl$JumpToApplicationThreadServerStreamListener$1MessagesAvailable.runInContext(ServerImpl.java:686) [ratis-thirdparty-misc-0.2.0.jar:0.2.0]
	at org.apache.ratis.thirdparty.io.grpc.internal.ContextRunnable.run(ContextRunnable.java:37) [ratis-thirdparty-misc-0.2.0.jar:0.2.0]
	at org.apache.ratis.thirdparty.io.grpc.internal.SerializingExecutor.run(SerializingExecutor.java:123) [ratis-thirdparty-misc-0.2.0.jar:0.2.0]
	at java.util.concurrent.ThreadPoolExecutor.runWorker(ThreadPoolExecutor.java:1149) [?:1.8.0_212]
	at java.util.concurrent.ThreadPoolExecutor$Worker.run(ThreadPoolExecutor.java:624) [?:1.8.0_212]
	at java.lang.Thread.run(Thread.java:748) [?:1.8.0_212]
21:16:54.820 [grpc-default-executor-6] ERROR DNAudit - user=null | ip=null | op=WRITE_CHUNK {blockData=conID: 1 locID: 102940160496041997 bcsId: 14} | ret=FAILURE
org.apache.hadoop.hdds.scm.container.common.helpers.ContainerNotOpenException: Container 1 in CLOSING state
	at org.apache.hadoop.ozone.container.common.impl.HddsDispatcher.validateContainerCommand(HddsDispatcher.java:436) ~[hadoop-hdds-container-service-0.5.0-SNAPSHOT.jar:?]
	at org.apache.hadoop.ozone.container.common.transport.server.ratis.ContainerStateMachine.startTransaction(ContainerStateMachine.java:320) ~[hadoop-hdds-container-service-0.5.0-SNAPSHOT.jar:?]
	at org.apache.ratis.server.impl.RaftServerImpl.submitClientRequestAsync(RaftServerImpl.java:569) ~[ratis-server-0.5.0-201fc85-SNAPSHOT.jar:0.5.0-201fc85-SNAPSHOT]
	at org.apache.ratis.server.impl.RaftServerProxy.lambda$submitClientRequestAsync$7(RaftServerProxy.java:333) ~[ratis-server-0.5.0-201fc85-SNAPSHOT.jar:0.5.0-201fc85-SNAPSHOT]
	at org.apache.ratis.server.impl.RaftServerProxy.lambda$null$5(RaftServerProxy.java:328) ~[ratis-server-0.5.0-201fc85-SNAPSHOT.jar:0.5.0-201fc85-SNAPSHOT]
	at org.apache.ratis.util.JavaUtils.callAsUnchecked(JavaUtils.java:109) ~[ratis-common-0.5.0-201fc85-SNAPSHOT.jar:0.5.0-201fc85-SNAPSHOT]
	at org.apache.ratis.server.impl.RaftServerProxy.lambda$submitRequest$6(RaftServerProxy.java:328) ~[ratis-server-0.5.0-201fc85-SNAPSHOT.jar:0.5.0-201fc85-SNAPSHOT]
	at java.util.concurrent.CompletableFuture.uniComposeStage(CompletableFuture.java:981) ~[?:1.8.0_212]
	at java.util.concurrent.CompletableFuture.thenCompose(CompletableFuture.java:2124) ~[?:1.8.0_212]
	at org.apache.ratis.server.impl.RaftServerProxy.submitRequest(RaftServerProxy.java:327) ~[ratis-server-0.5.0-201fc85-SNAPSHOT.jar:0.5.0-201fc85-SNAPSHOT]
	at org.apache.ratis.server.impl.RaftServerProxy.submitClientRequestAsync(RaftServerProxy.java:333) ~[ratis-server-0.5.0-201fc85-SNAPSHOT.jar:0.5.0-201fc85-SNAPSHOT]
	at org.apache.ratis.grpc.client.GrpcClientProtocolService$RequestStreamObserver.processClientRequest(GrpcClientProtocolService.java:220) ~[ratis-grpc-0.5.0-201fc85-SNAPSHOT.jar:0.5.0-201fc85-SNAPSHOT]
	at org.apache.ratis.grpc.client.GrpcClientProtocolService$OrderedRequestStreamObserver.processClientRequest(GrpcClientProtocolService.java:326) ~[ratis-grpc-0.5.0-201fc85-SNAPSHOT.jar:0.5.0-201fc85-SNAPSHOT]
	at org.apache.ratis.util.SlidingWindow$Server.processRequestsFromHead(SlidingWindow.java:429) [ratis-common-0.5.0-201fc85-SNAPSHOT.jar:0.5.0-201fc85-SNAPSHOT]
	at org.apache.ratis.util.SlidingWindow$Server.receivedRequest(SlidingWindow.java:421) [ratis-common-0.5.0-201fc85-SNAPSHOT.jar:0.5.0-201fc85-SNAPSHOT]
	at org.apache.ratis.grpc.client.GrpcClientProtocolService$OrderedRequestStreamObserver.processClientRequest(GrpcClientProtocolService.java:345) [ratis-grpc-0.5.0-201fc85-SNAPSHOT.jar:0.5.0-201fc85-SNAPSHOT]
	at org.apache.ratis.grpc.client.GrpcClientProtocolService$RequestStreamObserver.onNext(GrpcClientProtocolService.java:240) [ratis-grpc-0.5.0-201fc85-SNAPSHOT.jar:0.5.0-201fc85-SNAPSHOT]
	at org.apache.ratis.grpc.client.GrpcClientProtocolService$RequestStreamObserver.onNext(GrpcClientProtocolService.java:168) [ratis-grpc-0.5.0-201fc85-SNAPSHOT.jar:0.5.0-201fc85-SNAPSHOT]
	at org.apache.ratis.thirdparty.io.grpc.stub.ServerCalls$StreamingServerCallHandler$StreamingServerCallListener.onMessage(ServerCalls.java:248) [ratis-thirdparty-misc-0.2.0.jar:0.2.0]
	at org.apache.ratis.thirdparty.io.grpc.internal.ServerCallImpl$ServerStreamListenerImpl.messagesAvailable(ServerCallImpl.java:263) [ratis-thirdparty-misc-0.2.0.jar:0.2.0]
	at org.apache.ratis.thirdparty.io.grpc.internal.ServerImpl$JumpToApplicationThreadServerStreamListener$1MessagesAvailable.runInContext(ServerImpl.java:686) [ratis-thirdparty-misc-0.2.0.jar:0.2.0]
	at org.apache.ratis.thirdparty.io.grpc.internal.ContextRunnable.run(ContextRunnable.java:37) [ratis-thirdparty-misc-0.2.0.jar:0.2.0]
	at org.apache.ratis.thirdparty.io.grpc.internal.SerializingExecutor.run(SerializingExecutor.java:123) [ratis-thirdparty-misc-0.2.0.jar:0.2.0]
	at java.util.concurrent.ThreadPoolExecutor.runWorker(ThreadPoolExecutor.java:1149) [?:1.8.0_212]
	at java.util.concurrent.ThreadPoolExecutor$Worker.run(ThreadPoolExecutor.java:624) [?:1.8.0_212]
	at java.lang.Thread.run(Thread.java:748) [?:1.8.0_212]
21:16:54.823 [grpc-default-executor-6] ERROR DNAudit - user=null | ip=null | op=PUT_BLOCK {blockData=[blockId=conID: 1 locID: 102940160496041997 bcsId: 0,size=650]} | ret=FAILURE
org.apache.hadoop.hdds.scm.container.common.helpers.ContainerNotOpenException: Container 1 in CLOSING state
	at org.apache.hadoop.ozone.container.common.impl.HddsDispatcher.validateContainerCommand(HddsDispatcher.java:436) ~[hadoop-hdds-container-service-0.5.0-SNAPSHOT.jar:?]
	at org.apache.hadoop.ozone.container.common.transport.server.ratis.ContainerStateMachine.startTransaction(ContainerStateMachine.java:320) ~[hadoop-hdds-container-service-0.5.0-SNAPSHOT.jar:?]
	at org.apache.ratis.server.impl.RaftServerImpl.submitClientRequestAsync(RaftServerImpl.java:569) ~[ratis-server-0.5.0-201fc85-SNAPSHOT.jar:0.5.0-201fc85-SNAPSHOT]
	at org.apache.ratis.server.impl.RaftServerProxy.lambda$submitClientRequestAsync$7(RaftServerProxy.java:333) ~[ratis-server-0.5.0-201fc85-SNAPSHOT.jar:0.5.0-201fc85-SNAPSHOT]
	at org.apache.ratis.server.impl.RaftServerProxy.lambda$null$5(RaftServerProxy.java:328) ~[ratis-server-0.5.0-201fc85-SNAPSHOT.jar:0.5.0-201fc85-SNAPSHOT]
	at org.apache.ratis.util.JavaUtils.callAsUnchecked(JavaUtils.java:109) ~[ratis-common-0.5.0-201fc85-SNAPSHOT.jar:0.5.0-201fc85-SNAPSHOT]
	at org.apache.ratis.server.impl.RaftServerProxy.lambda$submitRequest$6(RaftServerProxy.java:328) ~[ratis-server-0.5.0-201fc85-SNAPSHOT.jar:0.5.0-201fc85-SNAPSHOT]
	at java.util.concurrent.CompletableFuture.uniComposeStage(CompletableFuture.java:981) ~[?:1.8.0_212]
	at java.util.concurrent.CompletableFuture.thenCompose(CompletableFuture.java:2124) ~[?:1.8.0_212]
	at org.apache.ratis.server.impl.RaftServerProxy.submitRequest(RaftServerProxy.java:327) ~[ratis-server-0.5.0-201fc85-SNAPSHOT.jar:0.5.0-201fc85-SNAPSHOT]
	at org.apache.ratis.server.impl.RaftServerProxy.submitClientRequestAsync(RaftServerProxy.java:333) ~[ratis-server-0.5.0-201fc85-SNAPSHOT.jar:0.5.0-201fc85-SNAPSHOT]
	at org.apache.ratis.grpc.client.GrpcClientProtocolService$RequestStreamObserver.processClientRequest(GrpcClientProtocolService.java:220) ~[ratis-grpc-0.5.0-201fc85-SNAPSHOT.jar:0.5.0-201fc85-SNAPSHOT]
	at org.apache.ratis.grpc.client.GrpcClientProtocolService$OrderedRequestStreamObserver.processClientRequest(GrpcClientProtocolService.java:326) ~[ratis-grpc-0.5.0-201fc85-SNAPSHOT.jar:0.5.0-201fc85-SNAPSHOT]
	at org.apache.ratis.util.SlidingWindow$Server.processRequestsFromHead(SlidingWindow.java:429) [ratis-common-0.5.0-201fc85-SNAPSHOT.jar:0.5.0-201fc85-SNAPSHOT]
	at org.apache.ratis.util.SlidingWindow$Server.receivedRequest(SlidingWindow.java:421) [ratis-common-0.5.0-201fc85-SNAPSHOT.jar:0.5.0-201fc85-SNAPSHOT]
	at org.apache.ratis.grpc.client.GrpcClientProtocolService$OrderedRequestStreamObserver.processClientRequest(GrpcClientProtocolService.java:345) [ratis-grpc-0.5.0-201fc85-SNAPSHOT.jar:0.5.0-201fc85-SNAPSHOT]
	at org.apache.ratis.grpc.client.GrpcClientProtocolService$RequestStreamObserver.onNext(GrpcClientProtocolService.java:240) [ratis-grpc-0.5.0-201fc85-SNAPSHOT.jar:0.5.0-201fc85-SNAPSHOT]
	at org.apache.ratis.grpc.client.GrpcClientProtocolService$RequestStreamObserver.onNext(GrpcClientProtocolService.java:168) [ratis-grpc-0.5.0-201fc85-SNAPSHOT.jar:0.5.0-201fc85-SNAPSHOT]
	at org.apache.ratis.thirdparty.io.grpc.stub.ServerCalls$StreamingServerCallHandler$StreamingServerCallListener.onMessage(ServerCalls.java:248) [ratis-thirdparty-misc-0.2.0.jar:0.2.0]
	at org.apache.ratis.thirdparty.io.grpc.internal.ServerCallImpl$ServerStreamListenerImpl.messagesAvailable(ServerCallImpl.java:263) [ratis-thirdparty-misc-0.2.0.jar:0.2.0]
	at org.apache.ratis.thirdparty.io.grpc.internal.ServerImpl$JumpToApplicationThreadServerStreamListener$1MessagesAvailable.runInContext(ServerImpl.java:686) [ratis-thirdparty-misc-0.2.0.jar:0.2.0]
	at org.apache.ratis.thirdparty.io.grpc.internal.ContextRunnable.run(ContextRunnable.java:37) [ratis-thirdparty-misc-0.2.0.jar:0.2.0]
	at org.apache.ratis.thirdparty.io.grpc.internal.SerializingExecutor.run(SerializingExecutor.java:123) [ratis-thirdparty-misc-0.2.0.jar:0.2.0]
	at java.util.concurrent.ThreadPoolExecutor.runWorker(ThreadPoolExecutor.java:1149) [?:1.8.0_212]
	at java.util.concurrent.ThreadPoolExecutor$Worker.run(ThreadPoolExecutor.java:624) [?:1.8.0_212]
	at java.lang.Thread.run(Thread.java:748) [?:1.8.0_212]
21:16:54.832 [grpc-default-executor-6] ERROR DNAudit - user=null | ip=null | op=WRITE_CHUNK {blockData=conID: 1 locID: 102940160496041997 bcsId: 14} | ret=FAILURE
org.apache.hadoop.hdds.scm.container.common.helpers.ContainerNotOpenException: Container 1 in CLOSING state
	at org.apache.hadoop.ozone.container.common.impl.HddsDispatcher.validateContainerCommand(HddsDispatcher.java:436) ~[hadoop-hdds-container-service-0.5.0-SNAPSHOT.jar:?]
	at org.apache.hadoop.ozone.container.common.transport.server.ratis.ContainerStateMachine.startTransaction(ContainerStateMachine.java:320) ~[hadoop-hdds-container-service-0.5.0-SNAPSHOT.jar:?]
	at org.apache.ratis.server.impl.RaftServerImpl.submitClientRequestAsync(RaftServerImpl.java:569) ~[ratis-server-0.5.0-201fc85-SNAPSHOT.jar:0.5.0-201fc85-SNAPSHOT]
	at org.apache.ratis.server.impl.RaftServerProxy.lambda$submitClientRequestAsync$7(RaftServerProxy.java:333) ~[ratis-server-0.5.0-201fc85-SNAPSHOT.jar:0.5.0-201fc85-SNAPSHOT]
	at org.apache.ratis.server.impl.RaftServerProxy.lambda$null$5(RaftServerProxy.java:328) ~[ratis-server-0.5.0-201fc85-SNAPSHOT.jar:0.5.0-201fc85-SNAPSHOT]
	at org.apache.ratis.util.JavaUtils.callAsUnchecked(JavaUtils.java:109) ~[ratis-common-0.5.0-201fc85-SNAPSHOT.jar:0.5.0-201fc85-SNAPSHOT]
	at org.apache.ratis.server.impl.RaftServerProxy.lambda$submitRequest$6(RaftServerProxy.java:328) ~[ratis-server-0.5.0-201fc85-SNAPSHOT.jar:0.5.0-201fc85-SNAPSHOT]
	at java.util.concurrent.CompletableFuture.uniComposeStage(CompletableFuture.java:981) ~[?:1.8.0_212]
	at java.util.concurrent.CompletableFuture.thenCompose(CompletableFuture.java:2124) ~[?:1.8.0_212]
	at org.apache.ratis.server.impl.RaftServerProxy.submitRequest(RaftServerProxy.java:327) ~[ratis-server-0.5.0-201fc85-SNAPSHOT.jar:0.5.0-201fc85-SNAPSHOT]
	at org.apache.ratis.server.impl.RaftServerProxy.submitClientRequestAsync(RaftServerProxy.java:333) ~[ratis-server-0.5.0-201fc85-SNAPSHOT.jar:0.5.0-201fc85-SNAPSHOT]
	at org.apache.ratis.grpc.client.GrpcClientProtocolService$RequestStreamObserver.processClientRequest(GrpcClientProtocolService.java:220) ~[ratis-grpc-0.5.0-201fc85-SNAPSHOT.jar:0.5.0-201fc85-SNAPSHOT]
	at org.apache.ratis.grpc.client.GrpcClientProtocolService$OrderedRequestStreamObserver.processClientRequest(GrpcClientProtocolService.java:326) ~[ratis-grpc-0.5.0-201fc85-SNAPSHOT.jar:0.5.0-201fc85-SNAPSHOT]
	at org.apache.ratis.util.SlidingWindow$Server.processRequestsFromHead(SlidingWindow.java:429) [ratis-common-0.5.0-201fc85-SNAPSHOT.jar:0.5.0-201fc85-SNAPSHOT]
	at org.apache.ratis.util.SlidingWindow$Server.receivedRequest(SlidingWindow.java:421) [ratis-common-0.5.0-201fc85-SNAPSHOT.jar:0.5.0-201fc85-SNAPSHOT]
	at org.apache.ratis.grpc.client.GrpcClientProtocolService$OrderedRequestStreamObserver.processClientRequest(GrpcClientProtocolService.java:345) [ratis-grpc-0.5.0-201fc85-SNAPSHOT.jar:0.5.0-201fc85-SNAPSHOT]
	at org.apache.ratis.grpc.client.GrpcClientProtocolService$RequestStreamObserver.onNext(GrpcClientProtocolService.java:240) [ratis-grpc-0.5.0-201fc85-SNAPSHOT.jar:0.5.0-201fc85-SNAPSHOT]
	at org.apache.ratis.grpc.client.GrpcClientProtocolService$RequestStreamObserver.onNext(GrpcClientProtocolService.java:168) [ratis-grpc-0.5.0-201fc85-SNAPSHOT.jar:0.5.0-201fc85-SNAPSHOT]
	at org.apache.ratis.thirdparty.io.grpc.stub.ServerCalls$StreamingServerCallHandler$StreamingServerCallListener.onMessage(ServerCalls.java:248) [ratis-thirdparty-misc-0.2.0.jar:0.2.0]
	at org.apache.ratis.thirdparty.io.grpc.internal.ServerCallImpl$ServerStreamListenerImpl.messagesAvailable(ServerCallImpl.java:263) [ratis-thirdparty-misc-0.2.0.jar:0.2.0]
	at org.apache.ratis.thirdparty.io.grpc.internal.ServerImpl$JumpToApplicationThreadServerStreamListener$1MessagesAvailable.runInContext(ServerImpl.java:686) [ratis-thirdparty-misc-0.2.0.jar:0.2.0]
	at org.apache.ratis.thirdparty.io.grpc.internal.ContextRunnable.run(ContextRunnable.java:37) [ratis-thirdparty-misc-0.2.0.jar:0.2.0]
	at org.apache.ratis.thirdparty.io.grpc.internal.SerializingExecutor.run(SerializingExecutor.java:123) [ratis-thirdparty-misc-0.2.0.jar:0.2.0]
	at java.util.concurrent.ThreadPoolExecutor.runWorker(ThreadPoolExecutor.java:1149) [?:1.8.0_212]
	at java.util.concurrent.ThreadPoolExecutor$Worker.run(ThreadPoolExecutor.java:624) [?:1.8.0_212]
	at java.lang.Thread.run(Thread.java:748) [?:1.8.0_212]
21:16:54.838 [grpc-default-executor-6] ERROR DNAudit - user=null | ip=null | op=WRITE_CHUNK {blockData=conID: 1 locID: 102940160496041997 bcsId: 14} | ret=FAILURE
org.apache.hadoop.hdds.scm.container.common.helpers.ContainerNotOpenException: Container 1 in CLOSING state
	at org.apache.hadoop.ozone.container.common.impl.HddsDispatcher.validateContainerCommand(HddsDispatcher.java:436) ~[hadoop-hdds-container-service-0.5.0-SNAPSHOT.jar:?]
	at org.apache.hadoop.ozone.container.common.transport.server.ratis.ContainerStateMachine.startTransaction(ContainerStateMachine.java:320) ~[hadoop-hdds-container-service-0.5.0-SNAPSHOT.jar:?]
	at org.apache.ratis.server.impl.RaftServerImpl.submitClientRequestAsync(RaftServerImpl.java:569) ~[ratis-server-0.5.0-201fc85-SNAPSHOT.jar:0.5.0-201fc85-SNAPSHOT]
	at org.apache.ratis.server.impl.RaftServerProxy.lambda$submitClientRequestAsync$7(RaftServerProxy.java:333) ~[ratis-server-0.5.0-201fc85-SNAPSHOT.jar:0.5.0-201fc85-SNAPSHOT]
	at org.apache.ratis.server.impl.RaftServerProxy.lambda$null$5(RaftServerProxy.java:328) ~[ratis-server-0.5.0-201fc85-SNAPSHOT.jar:0.5.0-201fc85-SNAPSHOT]
	at org.apache.ratis.util.JavaUtils.callAsUnchecked(JavaUtils.java:109) ~[ratis-common-0.5.0-201fc85-SNAPSHOT.jar:0.5.0-201fc85-SNAPSHOT]
	at org.apache.ratis.server.impl.RaftServerProxy.lambda$submitRequest$6(RaftServerProxy.java:328) ~[ratis-server-0.5.0-201fc85-SNAPSHOT.jar:0.5.0-201fc85-SNAPSHOT]
	at java.util.concurrent.CompletableFuture.uniComposeStage(CompletableFuture.java:981) ~[?:1.8.0_212]
	at java.util.concurrent.CompletableFuture.thenCompose(CompletableFuture.java:2124) ~[?:1.8.0_212]
	at org.apache.ratis.server.impl.RaftServerProxy.submitRequest(RaftServerProxy.java:327) ~[ratis-server-0.5.0-201fc85-SNAPSHOT.jar:0.5.0-201fc85-SNAPSHOT]
	at org.apache.ratis.server.impl.RaftServerProxy.submitClientRequestAsync(RaftServerProxy.java:333) ~[ratis-server-0.5.0-201fc85-SNAPSHOT.jar:0.5.0-201fc85-SNAPSHOT]
	at org.apache.ratis.grpc.client.GrpcClientProtocolService$RequestStreamObserver.processClientRequest(GrpcClientProtocolService.java:220) ~[ratis-grpc-0.5.0-201fc85-SNAPSHOT.jar:0.5.0-201fc85-SNAPSHOT]
	at org.apache.ratis.grpc.client.GrpcClientProtocolService$OrderedRequestStreamObserver.processClientRequest(GrpcClientProtocolService.java:326) ~[ratis-grpc-0.5.0-201fc85-SNAPSHOT.jar:0.5.0-201fc85-SNAPSHOT]
	at org.apache.ratis.util.SlidingWindow$Server.processRequestsFromHead(SlidingWindow.java:429) [ratis-common-0.5.0-201fc85-SNAPSHOT.jar:0.5.0-201fc85-SNAPSHOT]
	at org.apache.ratis.util.SlidingWindow$Server.receivedRequest(SlidingWindow.java:421) [ratis-common-0.5.0-201fc85-SNAPSHOT.jar:0.5.0-201fc85-SNAPSHOT]
	at org.apache.ratis.grpc.client.GrpcClientProtocolService$OrderedRequestStreamObserver.processClientRequest(GrpcClientProtocolService.java:345) [ratis-grpc-0.5.0-201fc85-SNAPSHOT.jar:0.5.0-201fc85-SNAPSHOT]
	at org.apache.ratis.grpc.client.GrpcClientProtocolService$RequestStreamObserver.onNext(GrpcClientProtocolService.java:240) [ratis-grpc-0.5.0-201fc85-SNAPSHOT.jar:0.5.0-201fc85-SNAPSHOT]
	at org.apache.ratis.grpc.client.GrpcClientProtocolService$RequestStreamObserver.onNext(GrpcClientProtocolService.java:168) [ratis-grpc-0.5.0-201fc85-SNAPSHOT.jar:0.5.0-201fc85-SNAPSHOT]
	at org.apache.ratis.thirdparty.io.grpc.stub.ServerCalls$StreamingServerCallHandler$StreamingServerCallListener.onMessage(ServerCalls.java:248) [ratis-thirdparty-misc-0.2.0.jar:0.2.0]
	at org.apache.ratis.thirdparty.io.grpc.internal.ServerCallImpl$ServerStreamListenerImpl.messagesAvailable(ServerCallImpl.java:263) [ratis-thirdparty-misc-0.2.0.jar:0.2.0]
	at org.apache.ratis.thirdparty.io.grpc.internal.ServerImpl$JumpToApplicationThreadServerStreamListener$1MessagesAvailable.runInContext(ServerImpl.java:686) [ratis-thirdparty-misc-0.2.0.jar:0.2.0]
	at org.apache.ratis.thirdparty.io.grpc.internal.ContextRunnable.run(ContextRunnable.java:37) [ratis-thirdparty-misc-0.2.0.jar:0.2.0]
	at org.apache.ratis.thirdparty.io.grpc.internal.SerializingExecutor.run(SerializingExecutor.java:123) [ratis-thirdparty-misc-0.2.0.jar:0.2.0]
	at java.util.concurrent.ThreadPoolExecutor.runWorker(ThreadPoolExecutor.java:1149) [?:1.8.0_212]
	at java.util.concurrent.ThreadPoolExecutor$Worker.run(ThreadPoolExecutor.java:624) [?:1.8.0_212]
	at java.lang.Thread.run(Thread.java:748) [?:1.8.0_212]
21:16:54.849 [grpc-default-executor-6] ERROR DNAudit - user=null | ip=null | op=PUT_BLOCK {blockData=[blockId=conID: 1 locID: 102940160496041997 bcsId: 0,size=800]} | ret=FAILURE
org.apache.hadoop.hdds.scm.container.common.helpers.ContainerNotOpenException: Container 1 in CLOSING state
	at org.apache.hadoop.ozone.container.common.impl.HddsDispatcher.validateContainerCommand(HddsDispatcher.java:436) ~[hadoop-hdds-container-service-0.5.0-SNAPSHOT.jar:?]
	at org.apache.hadoop.ozone.container.common.transport.server.ratis.ContainerStateMachine.startTransaction(ContainerStateMachine.java:320) ~[hadoop-hdds-container-service-0.5.0-SNAPSHOT.jar:?]
	at org.apache.ratis.server.impl.RaftServerImpl.submitClientRequestAsync(RaftServerImpl.java:569) ~[ratis-server-0.5.0-201fc85-SNAPSHOT.jar:0.5.0-201fc85-SNAPSHOT]
	at org.apache.ratis.server.impl.RaftServerProxy.lambda$submitClientRequestAsync$7(RaftServerProxy.java:333) ~[ratis-server-0.5.0-201fc85-SNAPSHOT.jar:0.5.0-201fc85-SNAPSHOT]
	at org.apache.ratis.server.impl.RaftServerProxy.lambda$null$5(RaftServerProxy.java:328) ~[ratis-server-0.5.0-201fc85-SNAPSHOT.jar:0.5.0-201fc85-SNAPSHOT]
	at org.apache.ratis.util.JavaUtils.callAsUnchecked(JavaUtils.java:109) ~[ratis-common-0.5.0-201fc85-SNAPSHOT.jar:0.5.0-201fc85-SNAPSHOT]
	at org.apache.ratis.server.impl.RaftServerProxy.lambda$submitRequest$6(RaftServerProxy.java:328) ~[ratis-server-0.5.0-201fc85-SNAPSHOT.jar:0.5.0-201fc85-SNAPSHOT]
	at java.util.concurrent.CompletableFuture.uniComposeStage(CompletableFuture.java:981) ~[?:1.8.0_212]
	at java.util.concurrent.CompletableFuture.thenCompose(CompletableFuture.java:2124) ~[?:1.8.0_212]
	at org.apache.ratis.server.impl.RaftServerProxy.submitRequest(RaftServerProxy.java:327) ~[ratis-server-0.5.0-201fc85-SNAPSHOT.jar:0.5.0-201fc85-SNAPSHOT]
	at org.apache.ratis.server.impl.RaftServerProxy.submitClientRequestAsync(RaftServerProxy.java:333) ~[ratis-server-0.5.0-201fc85-SNAPSHOT.jar:0.5.0-201fc85-SNAPSHOT]
	at org.apache.ratis.grpc.client.GrpcClientProtocolService$RequestStreamObserver.processClientRequest(GrpcClientProtocolService.java:220) ~[ratis-grpc-0.5.0-201fc85-SNAPSHOT.jar:0.5.0-201fc85-SNAPSHOT]
	at org.apache.ratis.grpc.client.GrpcClientProtocolService$OrderedRequestStreamObserver.processClientRequest(GrpcClientProtocolService.java:326) ~[ratis-grpc-0.5.0-201fc85-SNAPSHOT.jar:0.5.0-201fc85-SNAPSHOT]
	at org.apache.ratis.util.SlidingWindow$Server.processRequestsFromHead(SlidingWindow.java:429) [ratis-common-0.5.0-201fc85-SNAPSHOT.jar:0.5.0-201fc85-SNAPSHOT]
	at org.apache.ratis.util.SlidingWindow$Server.receivedRequest(SlidingWindow.java:421) [ratis-common-0.5.0-201fc85-SNAPSHOT.jar:0.5.0-201fc85-SNAPSHOT]
	at org.apache.ratis.grpc.client.GrpcClientProtocolService$OrderedRequestStreamObserver.processClientRequest(GrpcClientProtocolService.java:345) [ratis-grpc-0.5.0-201fc85-SNAPSHOT.jar:0.5.0-201fc85-SNAPSHOT]
	at org.apache.ratis.grpc.client.GrpcClientProtocolService$RequestStreamObserver.onNext(GrpcClientProtocolService.java:240) [ratis-grpc-0.5.0-201fc85-SNAPSHOT.jar:0.5.0-201fc85-SNAPSHOT]
	at org.apache.ratis.grpc.client.GrpcClientProtocolService$RequestStreamObserver.onNext(GrpcClientProtocolService.java:168) [ratis-grpc-0.5.0-201fc85-SNAPSHOT.jar:0.5.0-201fc85-SNAPSHOT]
	at org.apache.ratis.thirdparty.io.grpc.stub.ServerCalls$StreamingServerCallHandler$StreamingServerCallListener.onMessage(ServerCalls.java:248) [ratis-thirdparty-misc-0.2.0.jar:0.2.0]
	at org.apache.ratis.thirdparty.io.grpc.internal.ServerCallImpl$ServerStreamListenerImpl.messagesAvailable(ServerCallImpl.java:263) [ratis-thirdparty-misc-0.2.0.jar:0.2.0]
	at org.apache.ratis.thirdparty.io.grpc.internal.ServerImpl$JumpToApplicationThreadServerStreamListener$1MessagesAvailable.runInContext(ServerImpl.java:686) [ratis-thirdparty-misc-0.2.0.jar:0.2.0]
	at org.apache.ratis.thirdparty.io.grpc.internal.ContextRunnable.run(ContextRunnable.java:37) [ratis-thirdparty-misc-0.2.0.jar:0.2.0]
	at org.apache.ratis.thirdparty.io.grpc.internal.SerializingExecutor.run(SerializingExecutor.java:123) [ratis-thirdparty-misc-0.2.0.jar:0.2.0]
	at java.util.concurrent.ThreadPoolExecutor.runWorker(ThreadPoolExecutor.java:1149) [?:1.8.0_212]
	at java.util.concurrent.ThreadPoolExecutor$Worker.run(ThreadPoolExecutor.java:624) [?:1.8.0_212]
	at java.lang.Thread.run(Thread.java:748) [?:1.8.0_212]
2019-10-10 21:16:55,275 [main] INFO  ozone.MiniOzoneClusterImpl (MiniOzoneClusterImpl.java:shutdown(314)) - Shutting down the Mini Ozone Cluster
2019-10-10 21:16:55,275 [main] INFO  ozone.MiniOzoneClusterImpl (MiniOzoneClusterImpl.java:stop(330)) - Stopping the Mini Ozone Cluster
2019-10-10 21:16:55,276 [main] INFO  ozone.MiniOzoneClusterImpl (MiniOzoneClusterImpl.java:stopOM(400)) - Stopping the OzoneManager
2019-10-10 21:16:55,276 [main] INFO  ipc.Server (Server.java:stop(3082)) - Stopping server on 35583
2019-10-10 21:16:55,289 [IPC Server listener on 35583] INFO  ipc.Server (Server.java:run(1185)) - Stopping IPC Server listener on 35583
2019-10-10 21:16:55,296 [main] INFO  ratis.OzoneManagerDoubleBuffer (OzoneManagerDoubleBuffer.java:stop(250)) - Stopping OMDoubleBuffer flush thread
2019-10-10 21:16:55,297 [IPC Server Responder] INFO  ipc.Server (Server.java:run(1319)) - Stopping IPC Server Responder
2019-10-10 21:16:55,297 [OMDoubleBufferFlushThread] INFO  ratis.OzoneManagerDoubleBuffer (OzoneManagerDoubleBuffer.java:flushTransactions(193)) - OMDoubleBuffer flush thread OMDoubleBufferFlushThread is interrupted and will exit. OMDoubleBufferFlushThread
2019-10-10 21:16:55,299 [main] INFO  utils.BackgroundService (BackgroundService.java:shutdown(151)) - Shutting down service KeyDeletingService
2019-10-10 21:16:55,301 [main] INFO  handler.ContextHandler (ContextHandler.java:doStop(910)) - Stopped o.e.j.w.WebAppContext@29bbc63c{/,null,UNAVAILABLE}{/ozoneManager}
2019-10-10 21:16:55,302 [main] INFO  server.AbstractConnector (AbstractConnector.java:doStop(318)) - Stopped ServerConnector@272778ae{HTTP/1.1,[http/1.1]}{0.0.0.0:0}
2019-10-10 21:16:55,303 [main] INFO  handler.ContextHandler (ContextHandler.java:doStop(910)) - Stopped o.e.j.s.ServletContextHandler@4645679e{/static,file:///workdir/hadoop-ozone/integration-test/target/test-classes/webapps/static,UNAVAILABLE}
2019-10-10 21:16:55,303 [main] INFO  handler.ContextHandler (ContextHandler.java:doStop(910)) - Stopped o.e.j.s.ServletContextHandler@6486fe7b{/logs,file:///workdir/hadoop-ozone/integration-test/target/log,UNAVAILABLE}
2019-10-10 21:16:55,305 [main] INFO  ozone.MiniOzoneClusterImpl (MiniOzoneClusterImpl.java:stopDatanodes(377)) - Stopping the HddsDatanodes
2019-10-10 21:16:55,347 [Datanode State Machine Thread - 0] INFO  statemachine.DatanodeStateMachine (DatanodeStateMachine.java:lambda$startDaemon$0(350)) - Ozone container server started.
2019-10-10 21:16:56,062 [Datanode State Machine Thread - 0] INFO  statemachine.DatanodeStateMachine (DatanodeStateMachine.java:lambda$startDaemon$0(350)) - Ozone container server started.
2019-10-10 21:16:57,178 [grpc-default-executor-0] WARN  server.GrpcLogAppender (LogUtils.java:warn(134)) - 59f3a390-2aa1-4e37-bd82-a5248a92ff56@group-31E811F9E092->32311c87-0abf-4b2b-beb5-d95d041bafb4-AppendLogResponseHandler: Failed appendEntries: org.apache.ratis.thirdparty.io.grpc.StatusRuntimeException: UNAVAILABLE: io exception
2019-10-10 21:16:57,179 [grpc-default-executor-0] INFO  impl.FollowerInfo (FollowerInfo.java:lambda$new$0(51)) - 59f3a390-2aa1-4e37-bd82-a5248a92ff56@group-31E811F9E092->32311c87-0abf-4b2b-beb5-d95d041bafb4: nextIndex: updateUnconditionally 1 -> 0
2019-10-10 21:16:59,401 [EventQueue-StaleNodeForStaleNodeHandler] INFO  node.StaleNodeHandler (StaleNodeHandler.java:onMessage(58)) - Datanode 59f3a390-2aa1-4e37-bd82-a5248a92ff56{ip: 192.168.157.203, host: pr-hdds-1986-lk2hz-517324276, networkLocation: /default-rack, certSerialId: null} moved to stale state. Finalizing its pipelines [PipelineID=89aeb50c-423b-4db1-b4f7-31e811f9e092, PipelineID=569dfbae-6afc-4a0a-bb77-952a352ca33b]
2019-10-10 21:16:59,402 [EventQueue-StaleNodeForStaleNodeHandler] INFO  pipeline.SCMPipelineManager (SCMPipelineManager.java:finalizeAndDestroyPipeline(315)) - destroying pipeline:Pipeline[ Id: 89aeb50c-423b-4db1-b4f7-31e811f9e092, Nodes: 32311c87-0abf-4b2b-beb5-d95d041bafb4{ip: 192.168.157.203, host: pr-hdds-1986-lk2hz-517324276, networkLocation: /default-rack, certSerialId: null}59f3a390-2aa1-4e37-bd82-a5248a92ff56{ip: 192.168.157.203, host: pr-hdds-1986-lk2hz-517324276, networkLocation: /default-rack, certSerialId: null}a2da2853-f47a-4827-bfd4-ede700e58c59{ip: 192.168.157.203, host: pr-hdds-1986-lk2hz-517324276, networkLocation: /default-rack, certSerialId: null}, Type:RATIS, Factor:THREE, State:CLOSED]
2019-10-10 21:16:59,403 [EventQueue-StaleNodeForStaleNodeHandler] INFO  pipeline.SCMPipelineManager (SCMPipelineManager.java:finalizeAndDestroyPipeline(315)) - destroying pipeline:Pipeline[ Id: 569dfbae-6afc-4a0a-bb77-952a352ca33b, Nodes: 59f3a390-2aa1-4e37-bd82-a5248a92ff56{ip: 192.168.157.203, host: pr-hdds-1986-lk2hz-517324276, networkLocation: /default-rack, certSerialId: null}, Type:RATIS, Factor:ONE, State:OPEN]
2019-10-10 21:16:59,404 [EventQueue-StaleNodeForStaleNodeHandler] INFO  pipeline.PipelineStateManager (PipelineStateManager.java:finalizePipeline(123)) - Pipeline Pipeline[ Id: 569dfbae-6afc-4a0a-bb77-952a352ca33b, Nodes: 59f3a390-2aa1-4e37-bd82-a5248a92ff56{ip: 192.168.157.203, host: pr-hdds-1986-lk2hz-517324276, networkLocation: /default-rack, certSerialId: null}, Type:RATIS, Factor:ONE, State:CLOSED] moved to CLOSED state
2019-10-10 21:16:59,682 [grpc-default-executor-0] WARN  server.GrpcLogAppender (LogUtils.java:warn(134)) - 59f3a390-2aa1-4e37-bd82-a5248a92ff56@group-31E811F9E092->32311c87-0abf-4b2b-beb5-d95d041bafb4-AppendLogResponseHandler: Failed appendEntries: org.apache.ratis.thirdparty.io.grpc.StatusRuntimeException: UNAVAILABLE: io exception
2019-10-10 21:16:59,689 [grpc-default-executor-0] INFO  impl.FollowerInfo (FollowerInfo.java:lambda$new$0(51)) - 59f3a390-2aa1-4e37-bd82-a5248a92ff56@group-31E811F9E092->32311c87-0abf-4b2b-beb5-d95d041bafb4: nextIndex: updateUnconditionally 0 -> 0
2019-10-10 21:17:00,102 [EventQueue-StaleNodeForStaleNodeHandler] INFO  node.StaleNodeHandler (StaleNodeHandler.java:onMessage(58)) - Datanode 000d08e1-dac6-43bf-b6c9-fdaea313fa50{ip: 192.168.157.203, host: pr-hdds-1986-lk2hz-517324276, networkLocation: /default-rack, certSerialId: null} moved to stale state. Finalizing its pipelines [PipelineID=6c092939-8716-4a0d-9705-9ea5863b5011, PipelineID=fef62540-7fb8-4c09-a77e-d778dc13d01e]
2019-10-10 21:17:00,102 [EventQueue-StaleNodeForStaleNodeHandler] INFO  pipeline.SCMPipelineManager (SCMPipelineManager.java:finalizeAndDestroyPipeline(315)) - destroying pipeline:Pipeline[ Id: 6c092939-8716-4a0d-9705-9ea5863b5011, Nodes: 000d08e1-dac6-43bf-b6c9-fdaea313fa50{ip: 192.168.157.203, host: pr-hdds-1986-lk2hz-517324276, networkLocation: /default-rack, certSerialId: null}, Type:RATIS, Factor:ONE, State:OPEN]
2019-10-10 21:17:00,102 [EventQueue-StaleNodeForStaleNodeHandler] INFO  pipeline.PipelineStateManager (PipelineStateManager.java:finalizePipeline(123)) - Pipeline Pipeline[ Id: 6c092939-8716-4a0d-9705-9ea5863b5011, Nodes: 000d08e1-dac6-43bf-b6c9-fdaea313fa50{ip: 192.168.157.203, host: pr-hdds-1986-lk2hz-517324276, networkLocation: /default-rack, certSerialId: null}, Type:RATIS, Factor:ONE, State:CLOSED] moved to CLOSED state
2019-10-10 21:17:00,102 [EventQueue-StaleNodeForStaleNodeHandler] INFO  pipeline.SCMPipelineManager (SCMPipelineManager.java:finalizeAndDestroyPipeline(315)) - destroying pipeline:Pipeline[ Id: fef62540-7fb8-4c09-a77e-d778dc13d01e, Nodes: 4dd36702-53a7-4085-b21d-6691758441ba{ip: 192.168.157.203, host: pr-hdds-1986-lk2hz-517324276, networkLocation: /default-rack, certSerialId: null}000d08e1-dac6-43bf-b6c9-fdaea313fa50{ip: 192.168.157.203, host: pr-hdds-1986-lk2hz-517324276, networkLocation: /default-rack, certSerialId: null}8fd951db-7700-4d80-a199-354913c0ec9e{ip: 192.168.157.203, host: pr-hdds-1986-lk2hz-517324276, networkLocation: /default-rack, certSerialId: null}, Type:RATIS, Factor:THREE, State:OPEN]
2019-10-10 21:17:00,103 [EventQueue-StaleNodeForStaleNodeHandler] INFO  pipeline.PipelineStateManager (PipelineStateManager.java:finalizePipeline(123)) - Pipeline Pipeline[ Id: fef62540-7fb8-4c09-a77e-d778dc13d01e, Nodes: 4dd36702-53a7-4085-b21d-6691758441ba{ip: 192.168.157.203, host: pr-hdds-1986-lk2hz-517324276, networkLocation: /default-rack, certSerialId: null}000d08e1-dac6-43bf-b6c9-fdaea313fa50{ip: 192.168.157.203, host: pr-hdds-1986-lk2hz-517324276, networkLocation: /default-rack, certSerialId: null}8fd951db-7700-4d80-a199-354913c0ec9e{ip: 192.168.157.203, host: pr-hdds-1986-lk2hz-517324276, networkLocation: /default-rack, certSerialId: null}, Type:RATIS, Factor:THREE, State:CLOSED] moved to CLOSED state
2019-10-10 21:17:00,103 [EventQueue-CloseContainerForCloseContainerEventHandler] INFO  container.CloseContainerEventHandler (CloseContainerEventHandler.java:onMessage(61)) - Close container Event triggered for container : #2
2019-10-10 21:17:00,307 [main] INFO  ozoneimpl.OzoneContainer (OzoneContainer.java:stop(227)) - Attempting to stop container services.
2019-10-10 21:17:00,307 [ForkJoinPool.commonPool-worker-1] INFO  ozoneimpl.OzoneContainer (OzoneContainer.java:stop(227)) - Attempting to stop container services.
2019-10-10 21:17:00,311 [main] INFO  impl.RaftServerProxy (RaftServerProxy.java:lambda$close$4(314)) - 59f3a390-2aa1-4e37-bd82-a5248a92ff56: close
2019-10-10 21:17:00,311 [ForkJoinPool.commonPool-worker-1] INFO  impl.RaftServerProxy (RaftServerProxy.java:lambda$close$4(314)) - 000d08e1-dac6-43bf-b6c9-fdaea313fa50: close
2019-10-10 21:17:00,312 [main] INFO  impl.RaftServerImpl (RaftServerImpl.java:lambda$shutdown$3(247)) - 59f3a390-2aa1-4e37-bd82-a5248a92ff56@group-31E811F9E092: shutdown
2019-10-10 21:17:00,312 [ForkJoinPool.commonPool-worker-1] INFO  impl.RaftServerImpl (RaftServerImpl.java:lambda$shutdown$3(247)) - 000d08e1-dac6-43bf-b6c9-fdaea313fa50@group-9EA5863B5011: shutdown
2019-10-10 21:17:00,312 [main] INFO  util.JmxRegister (JmxRegister.java:unregister(73)) - Successfully un-registered JMX Bean with object name Ratis:service=RaftServer,group=group-31E811F9E092,id=59f3a390-2aa1-4e37-bd82-a5248a92ff56
2019-10-10 21:17:00,313 [main] INFO  impl.RoleInfo (RoleInfo.java:shutdownLeaderState(104)) - 59f3a390-2aa1-4e37-bd82-a5248a92ff56: shutdown LeaderState
2019-10-10 21:17:00,312 [ForkJoinPool.commonPool-worker-1] INFO  util.JmxRegister (JmxRegister.java:unregister(73)) - Successfully un-registered JMX Bean with object name Ratis:service=RaftServer,group=group-9EA5863B5011,id=000d08e1-dac6-43bf-b6c9-fdaea313fa50
2019-10-10 21:17:00,319 [org.apache.ratis.server.impl.LogAppender$AppenderDaemon$$Lambda$522/213960612@53baf71] WARN  server.GrpcLogAppender (GrpcLogAppender.java:mayWait(143)) - 59f3a390-2aa1-4e37-bd82-a5248a92ff56@group-31E811F9E092->32311c87-0abf-4b2b-beb5-d95d041bafb4-GrpcLogAppender: Wait interrupted by java.lang.InterruptedException
2019-10-10 21:17:00,319 [main] INFO  impl.PendingRequests (PendingRequests.java:sendNotLeaderResponses(202)) - 59f3a390-2aa1-4e37-bd82-a5248a92ff56@group-31E811F9E092-PendingRequests: sendNotLeaderResponses
2019-10-10 21:17:00,319 [org.apache.ratis.server.impl.LogAppender$AppenderDaemon$$Lambda$522/213960612@4d7e3b89] WARN  server.GrpcLogAppender (GrpcLogAppender.java:mayWait(143)) - 59f3a390-2aa1-4e37-bd82-a5248a92ff56@group-31E811F9E092->a2da2853-f47a-4827-bfd4-ede700e58c59-GrpcLogAppender: Wait interrupted by java.lang.InterruptedException
2019-10-10 21:17:00,319 [ForkJoinPool.commonPool-worker-1] INFO  impl.RoleInfo (RoleInfo.java:shutdownLeaderState(104)) - 000d08e1-dac6-43bf-b6c9-fdaea313fa50: shutdown LeaderState
2019-10-10 21:17:00,320 [ForkJoinPool.commonPool-worker-1] INFO  impl.PendingRequests (PendingRequests.java:sendNotLeaderResponses(202)) - 000d08e1-dac6-43bf-b6c9-fdaea313fa50@group-9EA5863B5011-PendingRequests: sendNotLeaderResponses
2019-10-10 21:17:00,321 [main] INFO  impl.StateMachineUpdater (StateMachineUpdater.java:stopAndJoin(136)) - 59f3a390-2aa1-4e37-bd82-a5248a92ff56@group-31E811F9E092-StateMachineUpdater: set stopIndex = 18
2019-10-10 21:17:00,321 [59f3a390-2aa1-4e37-bd82-a5248a92ff56@group-31E811F9E092-StateMachineUpdater] INFO  ratis.ContainerStateMachine (ContainerStateMachine.java:takeSnapshot(294)) - group-31E811F9E092: Taking a snapshot at:(t:1, i:14) file /workdir/hadoop-ozone/integration-test/target/test-dir/MiniOzoneClusterImpl-008c13f9-99c9-46b6-a713-c4581bd201ba/datanode-4/data/ratis/89aeb50c-423b-4db1-b4f7-31e811f9e092/sm/snapshot.1_14
2019-10-10 21:17:00,321 [grpc-default-executor-0] INFO  server.GrpcServerProtocolService (GrpcServerProtocolService.java:onCompleted(113)) - a2da2853-f47a-4827-bfd4-ede700e58c59: Completed APPEND_ENTRIES, lastRequest: 59f3a390-2aa1-4e37-bd82-a5248a92ff56->a2da2853-f47a-4827-bfd4-ede700e58c59#4-t2, previous=(t:2, i:18), leaderCommit=18, initializing? false, entries: <empty>
2019-10-10 21:17:00,321 [ForkJoinPool.commonPool-worker-1] INFO  impl.StateMachineUpdater (StateMachineUpdater.java:stopAndJoin(136)) - 000d08e1-dac6-43bf-b6c9-fdaea313fa50@group-9EA5863B5011-StateMachineUpdater: set stopIndex = 0
2019-10-10 21:17:00,322 [ForkJoinPool.commonPool-worker-1] INFO  impl.RaftServerImpl (ServerState.java:close(387)) - 000d08e1-dac6-43bf-b6c9-fdaea313fa50@group-9EA5863B5011: closes. applyIndex: 0
2019-10-10 21:17:00,322 [grpc-default-executor-0] INFO  server.GrpcLogAppender (GrpcLogAppender.java:onCompleted(293)) - 59f3a390-2aa1-4e37-bd82-a5248a92ff56@group-31E811F9E092->a2da2853-f47a-4827-bfd4-ede700e58c59-AppendLogResponseHandler: follower responses appendEntries COMPLETED
2019-10-10 21:17:00,323 [000d08e1-dac6-43bf-b6c9-fdaea313fa50@group-9EA5863B5011-SegmentedRaftLogWorker] INFO  segmented.SegmentedRaftLogWorker (SegmentedRaftLogWorker.java:run(316)) - 000d08e1-dac6-43bf-b6c9-fdaea313fa50@group-9EA5863B5011-SegmentedRaftLogWorker was interrupted, exiting. There are 0 tasks remaining in the queue.
2019-10-10 21:17:00,326 [grpc-default-executor-0] INFO  impl.FollowerInfo (FollowerInfo.java:lambda$new$0(51)) - 59f3a390-2aa1-4e37-bd82-a5248a92ff56@group-31E811F9E092->a2da2853-f47a-4827-bfd4-ede700e58c59: nextIndex: updateUnconditionally 19 -> 18
2019-10-10 21:17:00,334 [ForkJoinPool.commonPool-worker-1] INFO  segmented.SegmentedRaftLogWorker (SegmentedRaftLogWorker.java:close(224)) - 000d08e1-dac6-43bf-b6c9-fdaea313fa50@group-9EA5863B5011-SegmentedRaftLogWorker close()
2019-10-10 21:17:00,339 [ForkJoinPool.commonPool-worker-1] INFO  impl.RaftServerImpl (RaftServerImpl.java:lambda$shutdown$3(247)) - 000d08e1-dac6-43bf-b6c9-fdaea313fa50@group-D778DC13D01E: shutdown
2019-10-10 21:17:00,339 [ForkJoinPool.commonPool-worker-1] INFO  util.JmxRegister (JmxRegister.java:unregister(73)) - Successfully un-registered JMX Bean with object name Ratis:service=RaftServer,group=group-D778DC13D01E,id=000d08e1-dac6-43bf-b6c9-fdaea313fa50
2019-10-10 21:17:00,340 [ForkJoinPool.commonPool-worker-1] INFO  impl.RoleInfo (RoleInfo.java:shutdownLeaderState(104)) - 000d08e1-dac6-43bf-b6c9-fdaea313fa50: shutdown LeaderState
2019-10-10 21:17:00,344 [org.apache.ratis.server.impl.LogAppender$AppenderDaemon$$Lambda$522/213960612@24ed6d41] WARN  server.GrpcLogAppender (GrpcLogAppender.java:mayWait(143)) - 000d08e1-dac6-43bf-b6c9-fdaea313fa50@group-D778DC13D01E->4dd36702-53a7-4085-b21d-6691758441ba-GrpcLogAppender: Wait interrupted by java.lang.InterruptedException
2019-10-10 21:17:00,344 [ForkJoinPool.commonPool-worker-1] INFO  impl.PendingRequests (PendingRequests.java:sendNotLeaderResponses(202)) - 000d08e1-dac6-43bf-b6c9-fdaea313fa50@group-D778DC13D01E-PendingRequests: sendNotLeaderResponses
2019-10-10 21:17:00,345 [org.apache.ratis.server.impl.LogAppender$AppenderDaemon$$Lambda$522/213960612@1ec78bde] WARN  server.GrpcLogAppender (GrpcLogAppender.java:mayWait(143)) - 000d08e1-dac6-43bf-b6c9-fdaea313fa50@group-D778DC13D01E->8fd951db-7700-4d80-a199-354913c0ec9e-GrpcLogAppender: Wait interrupted by java.lang.InterruptedException
2019-10-10 21:17:00,350 [000d08e1-dac6-43bf-b6c9-fdaea313fa50@group-D778DC13D01E-StateMachineUpdater] INFO  ratis.ContainerStateMachine (ContainerStateMachine.java:takeSnapshot(294)) - group-D778DC13D01E: Taking a snapshot at:(t:1, i:14) file /workdir/hadoop-ozone/integration-test/target/test-dir/MiniOzoneClusterImpl-008c13f9-99c9-46b6-a713-c4581bd201ba/datanode-1/data/ratis/fef62540-7fb8-4c09-a77e-d778dc13d01e/sm/snapshot.1_14
2019-10-10 21:17:00,350 [ForkJoinPool.commonPool-worker-1] INFO  impl.StateMachineUpdater (StateMachineUpdater.java:stopAndJoin(136)) - 000d08e1-dac6-43bf-b6c9-fdaea313fa50@group-D778DC13D01E-StateMachineUpdater: set stopIndex = 16
2019-10-10 21:17:00,345 [grpc-default-executor-0] INFO  server.GrpcServerProtocolService (GrpcServerProtocolService.java:onCompleted(113)) - 4dd36702-53a7-4085-b21d-6691758441ba: Completed APPEND_ENTRIES, lastRequest: 000d08e1-dac6-43bf-b6c9-fdaea313fa50->4dd36702-53a7-4085-b21d-6691758441ba#25-t1, previous=(t:1, i:16), leaderCommit=16, initializing? false, entries: <empty>
2019-10-10 21:17:00,350 [grpc-default-executor-6] INFO  server.GrpcServerProtocolService (GrpcServerProtocolService.java:onCompleted(113)) - 8fd951db-7700-4d80-a199-354913c0ec9e: Completed APPEND_ENTRIES, lastRequest: 000d08e1-dac6-43bf-b6c9-fdaea313fa50->8fd951db-7700-4d80-a199-354913c0ec9e#25-t1, previous=(t:1, i:16), leaderCommit=16, initializing? false, entries: <empty>
2019-10-10 21:17:00,351 [grpc-default-executor-9] INFO  server.GrpcLogAppender (GrpcLogAppender.java:onCompleted(293)) - 000d08e1-dac6-43bf-b6c9-fdaea313fa50@group-D778DC13D01E->4dd36702-53a7-4085-b21d-6691758441ba-AppendLogResponseHandler: follower responses appendEntries COMPLETED
2019-10-10 21:17:00,351 [grpc-default-executor-6] INFO  server.GrpcLogAppender (GrpcLogAppender.java:onCompleted(293)) - 000d08e1-dac6-43bf-b6c9-fdaea313fa50@group-D778DC13D01E->8fd951db-7700-4d80-a199-354913c0ec9e-AppendLogResponseHandler: follower responses appendEntries COMPLETED
2019-10-10 21:17:00,352 [grpc-default-executor-9] INFO  impl.FollowerInfo (FollowerInfo.java:lambda$new$0(51)) - 000d08e1-dac6-43bf-b6c9-fdaea313fa50@group-D778DC13D01E->4dd36702-53a7-4085-b21d-6691758441ba: nextIndex: updateUnconditionally 17 -> 16
2019-10-10 21:17:00,352 [grpc-default-executor-6] INFO  impl.FollowerInfo (FollowerInfo.java:lambda$new$0(51)) - 000d08e1-dac6-43bf-b6c9-fdaea313fa50@group-D778DC13D01E->8fd951db-7700-4d80-a199-354913c0ec9e: nextIndex: updateUnconditionally 17 -> 16
2019-10-10 21:17:00,360 [59f3a390-2aa1-4e37-bd82-a5248a92ff56@group-31E811F9E092-StateMachineUpdater] INFO  ratis.ContainerStateMachine (ContainerStateMachine.java:takeSnapshot(305)) - group-31E811F9E092: Finished taking a snapshot at:(t:1, i:14) file:/workdir/hadoop-ozone/integration-test/target/test-dir/MiniOzoneClusterImpl-008c13f9-99c9-46b6-a713-c4581bd201ba/datanode-4/data/ratis/89aeb50c-423b-4db1-b4f7-31e811f9e092/sm/snapshot.1_14 time:39
2019-10-10 21:17:00,360 [59f3a390-2aa1-4e37-bd82-a5248a92ff56@group-31E811F9E092-StateMachineUpdater] INFO  impl.StateMachineUpdater (StateMachineUpdater.java:takeSnapshot(269)) - 59f3a390-2aa1-4e37-bd82-a5248a92ff56@group-31E811F9E092-StateMachineUpdater: Took a snapshot at index 14
2019-10-10 21:17:00,360 [59f3a390-2aa1-4e37-bd82-a5248a92ff56@group-31E811F9E092-StateMachineUpdater] INFO  impl.StateMachineUpdater (StateMachineUpdater.java:lambda$new$0(84)) - 59f3a390-2aa1-4e37-bd82-a5248a92ff56@group-31E811F9E092-StateMachineUpdater: snapshotIndex: updateIncreasingly -1 -> 14
2019-10-10 21:17:00,361 [59f3a390-2aa1-4e37-bd82-a5248a92ff56@group-31E811F9E092-StateMachineUpdater] INFO  ratis.ContainerStateMachine (ContainerStateMachine.java:takeSnapshot(294)) - group-31E811F9E092: Taking a snapshot at:(t:1, i:14) file /workdir/hadoop-ozone/integration-test/target/test-dir/MiniOzoneClusterImpl-008c13f9-99c9-46b6-a713-c4581bd201ba/datanode-4/data/ratis/89aeb50c-423b-4db1-b4f7-31e811f9e092/sm/snapshot.1_14
2019-10-10 21:17:00,361 [000d08e1-dac6-43bf-b6c9-fdaea313fa50@group-D778DC13D01E-StateMachineUpdater] INFO  ratis.ContainerStateMachine (ContainerStateMachine.java:takeSnapshot(305)) - group-D778DC13D01E: Finished taking a snapshot at:(t:1, i:14) file:/workdir/hadoop-ozone/integration-test/target/test-dir/MiniOzoneClusterImpl-008c13f9-99c9-46b6-a713-c4581bd201ba/datanode-1/data/ratis/fef62540-7fb8-4c09-a77e-d778dc13d01e/sm/snapshot.1_14 time:12
2019-10-10 21:17:00,362 [000d08e1-dac6-43bf-b6c9-fdaea313fa50@group-D778DC13D01E-StateMachineUpdater] INFO  impl.StateMachineUpdater (StateMachineUpdater.java:takeSnapshot(269)) - 000d08e1-dac6-43bf-b6c9-fdaea313fa50@group-D778DC13D01E-StateMachineUpdater: Took a snapshot at index 14
2019-10-10 21:17:00,362 [000d08e1-dac6-43bf-b6c9-fdaea313fa50@group-D778DC13D01E-StateMachineUpdater] INFO  impl.StateMachineUpdater (StateMachineUpdater.java:lambda$new$0(84)) - 000d08e1-dac6-43bf-b6c9-fdaea313fa50@group-D778DC13D01E-StateMachineUpdater: snapshotIndex: updateIncreasingly -1 -> 14
2019-10-10 21:17:00,362 [000d08e1-dac6-43bf-b6c9-fdaea313fa50@group-D778DC13D01E-StateMachineUpdater] INFO  ratis.ContainerStateMachine (ContainerStateMachine.java:takeSnapshot(294)) - group-D778DC13D01E: Taking a snapshot at:(t:1, i:14) file /workdir/hadoop-ozone/integration-test/target/test-dir/MiniOzoneClusterImpl-008c13f9-99c9-46b6-a713-c4581bd201ba/datanode-1/data/ratis/fef62540-7fb8-4c09-a77e-d778dc13d01e/sm/snapshot.1_14
2019-10-10 21:17:00,363 [59f3a390-2aa1-4e37-bd82-a5248a92ff56@group-31E811F9E092-StateMachineUpdater] INFO  ratis.ContainerStateMachine (ContainerStateMachine.java:takeSnapshot(305)) - group-31E811F9E092: Finished taking a snapshot at:(t:1, i:14) file:/workdir/hadoop-ozone/integration-test/target/test-dir/MiniOzoneClusterImpl-008c13f9-99c9-46b6-a713-c4581bd201ba/datanode-4/data/ratis/89aeb50c-423b-4db1-b4f7-31e811f9e092/sm/snapshot.1_14 time:3
2019-10-10 21:17:00,364 [59f3a390-2aa1-4e37-bd82-a5248a92ff56@group-31E811F9E092-StateMachineUpdater] INFO  impl.StateMachineUpdater (StateMachineUpdater.java:takeSnapshot(269)) - 59f3a390-2aa1-4e37-bd82-a5248a92ff56@group-31E811F9E092-StateMachineUpdater: Took a snapshot at index 14
2019-10-10 21:17:00,364 [59f3a390-2aa1-4e37-bd82-a5248a92ff56@group-31E811F9E092-StateMachineUpdater] INFO  impl.StateMachineUpdater (StateMachineUpdater.java:lambda$new$0(84)) - 59f3a390-2aa1-4e37-bd82-a5248a92ff56@group-31E811F9E092-StateMachineUpdater: snapshotIndex: updateIncreasingly 14 -> 14
2019-10-10 21:17:00,364 [main] INFO  impl.RaftServerImpl (ServerState.java:close(387)) - 59f3a390-2aa1-4e37-bd82-a5248a92ff56@group-31E811F9E092: closes. applyIndex: 18
2019-10-10 21:17:00,365 [59f3a390-2aa1-4e37-bd82-a5248a92ff56@group-31E811F9E092-SegmentedRaftLogWorker] INFO  segmented.SegmentedRaftLogWorker (SegmentedRaftLogWorker.java:run(316)) - 59f3a390-2aa1-4e37-bd82-a5248a92ff56@group-31E811F9E092-SegmentedRaftLogWorker was interrupted, exiting. There are 0 tasks remaining in the queue.
2019-10-10 21:17:00,367 [main] INFO  segmented.SegmentedRaftLogWorker (SegmentedRaftLogWorker.java:close(224)) - 59f3a390-2aa1-4e37-bd82-a5248a92ff56@group-31E811F9E092-SegmentedRaftLogWorker close()
2019-10-10 21:17:00,367 [000d08e1-dac6-43bf-b6c9-fdaea313fa50@group-D778DC13D01E-StateMachineUpdater] INFO  ratis.ContainerStateMachine (ContainerStateMachine.java:takeSnapshot(305)) - group-D778DC13D01E: Finished taking a snapshot at:(t:1, i:14) file:/workdir/hadoop-ozone/integration-test/target/test-dir/MiniOzoneClusterImpl-008c13f9-99c9-46b6-a713-c4581bd201ba/datanode-1/data/ratis/fef62540-7fb8-4c09-a77e-d778dc13d01e/sm/snapshot.1_14 time:5
2019-10-10 21:17:00,371 [main] INFO  impl.RaftServerImpl (RaftServerImpl.java:lambda$shutdown$3(247)) - 59f3a390-2aa1-4e37-bd82-a5248a92ff56@group-952A352CA33B: shutdown
2019-10-10 21:17:00,372 [000d08e1-dac6-43bf-b6c9-fdaea313fa50@group-D778DC13D01E-StateMachineUpdater] INFO  impl.StateMachineUpdater (StateMachineUpdater.java:takeSnapshot(269)) - 000d08e1-dac6-43bf-b6c9-fdaea313fa50@group-D778DC13D01E-StateMachineUpdater: Took a snapshot at index 14
2019-10-10 21:17:00,372 [main] INFO  util.JmxRegister (JmxRegister.java:unregister(73)) - Successfully un-registered JMX Bean with object name Ratis:service=RaftServer,group=group-952A352CA33B,id=59f3a390-2aa1-4e37-bd82-a5248a92ff56
2019-10-10 21:17:00,372 [main] INFO  impl.RoleInfo (RoleInfo.java:shutdownLeaderState(104)) - 59f3a390-2aa1-4e37-bd82-a5248a92ff56: shutdown LeaderState
2019-10-10 21:17:00,372 [000d08e1-dac6-43bf-b6c9-fdaea313fa50@group-D778DC13D01E-StateMachineUpdater] INFO  impl.StateMachineUpdater (StateMachineUpdater.java:lambda$new$0(84)) - 000d08e1-dac6-43bf-b6c9-fdaea313fa50@group-D778DC13D01E-StateMachineUpdater: snapshotIndex: updateIncreasingly 14 -> 14
2019-10-10 21:17:00,373 [main] INFO  impl.PendingRequests (PendingRequests.java:sendNotLeaderResponses(202)) - 59f3a390-2aa1-4e37-bd82-a5248a92ff56@group-952A352CA33B-PendingRequests: sendNotLeaderResponses
2019-10-10 21:17:00,373 [ForkJoinPool.commonPool-worker-1] INFO  impl.RaftServerImpl (ServerState.java:close(387)) - 000d08e1-dac6-43bf-b6c9-fdaea313fa50@group-D778DC13D01E: closes. applyIndex: 16
2019-10-10 21:17:00,373 [main] INFO  impl.StateMachineUpdater (StateMachineUpdater.java:stopAndJoin(136)) - 59f3a390-2aa1-4e37-bd82-a5248a92ff56@group-952A352CA33B-StateMachineUpdater: set stopIndex = 0
2019-10-10 21:17:00,374 [000d08e1-dac6-43bf-b6c9-fdaea313fa50@group-D778DC13D01E-SegmentedRaftLogWorker] INFO  segmented.SegmentedRaftLogWorker (SegmentedRaftLogWorker.java:run(316)) - 000d08e1-dac6-43bf-b6c9-fdaea313fa50@group-D778DC13D01E-SegmentedRaftLogWorker was interrupted, exiting. There are 0 tasks remaining in the queue.
2019-10-10 21:17:00,374 [main] INFO  impl.RaftServerImpl (ServerState.java:close(387)) - 59f3a390-2aa1-4e37-bd82-a5248a92ff56@group-952A352CA33B: closes. applyIndex: 0
2019-10-10 21:17:00,376 [ForkJoinPool.commonPool-worker-1] INFO  segmented.SegmentedRaftLogWorker (SegmentedRaftLogWorker.java:close(224)) - 000d08e1-dac6-43bf-b6c9-fdaea313fa50@group-D778DC13D01E-SegmentedRaftLogWorker close()
2019-10-10 21:17:00,377 [59f3a390-2aa1-4e37-bd82-a5248a92ff56@group-952A352CA33B-SegmentedRaftLogWorker] INFO  segmented.SegmentedRaftLogWorker (SegmentedRaftLogWorker.java:run(316)) - 59f3a390-2aa1-4e37-bd82-a5248a92ff56@group-952A352CA33B-SegmentedRaftLogWorker was interrupted, exiting. There are 0 tasks remaining in the queue.
2019-10-10 21:17:00,381 [ForkJoinPool.commonPool-worker-1] INFO  server.GrpcService (GrpcService.java:closeImpl(164)) - 000d08e1-dac6-43bf-b6c9-fdaea313fa50: shutdown server with port 38901 now
2019-10-10 21:17:00,383 [main] INFO  segmented.SegmentedRaftLogWorker (SegmentedRaftLogWorker.java:close(224)) - 59f3a390-2aa1-4e37-bd82-a5248a92ff56@group-952A352CA33B-SegmentedRaftLogWorker close()
2019-10-10 21:17:00,387 [main] INFO  server.GrpcService (GrpcService.java:closeImpl(164)) - 59f3a390-2aa1-4e37-bd82-a5248a92ff56: shutdown server with port 40169 now
2019-10-10 21:17:00,387 [grpc-default-executor-9] WARN  client.GrpcClientProtocolService (LogUtils.java:warn(134)) - 1-UnorderedRequestStreamObserver1: onError: org.apache.ratis.thirdparty.io.grpc.StatusRuntimeException: CANCELLED: cancelled before receiving half close
2019-10-10 21:17:00,387 [ForkJoinPool.commonPool-worker-1] INFO  server.GrpcService (GrpcService.java:closeImpl(172)) - 000d08e1-dac6-43bf-b6c9-fdaea313fa50: shutdown server with port 38901 successfully
2019-10-10 21:17:00,388 [main] INFO  server.GrpcService (GrpcService.java:closeImpl(172)) - 59f3a390-2aa1-4e37-bd82-a5248a92ff56: shutdown server with port 40169 successfully
2019-10-10 21:17:00,390 [refreshUsed-/workdir/hadoop-ozone/integration-test/target/test-dir/MiniOzoneClusterImpl-008c13f9-99c9-46b6-a713-c4581bd201ba/datanode-1/data/containers] WARN  fs.CachingGetSpaceUsed (CachingGetSpaceUsed.java:run(183)) - Thread Interrupted waiting to refresh disk information: sleep interrupted
2019-10-10 21:17:00,391 [refreshUsed-/workdir/hadoop-ozone/integration-test/target/test-dir/MiniOzoneClusterImpl-008c13f9-99c9-46b6-a713-c4581bd201ba/datanode-4/data/containers] WARN  fs.CachingGetSpaceUsed (CachingGetSpaceUsed.java:run(183)) - Thread Interrupted waiting to refresh disk information: sleep interrupted
2019-10-10 21:17:00,408 [main] INFO  utils.BackgroundService (BackgroundService.java:shutdown(151)) - Shutting down service BlockDeletingService
2019-10-10 21:17:00,408 [ForkJoinPool.commonPool-worker-1] INFO  utils.BackgroundService (BackgroundService.java:shutdown(151)) - Shutting down service BlockDeletingService
2019-10-10 21:17:00,417 [ForkJoinPool.commonPool-worker-1] INFO  statemachine.DatanodeStateMachine (DatanodeStateMachine.java:stopDaemon(395)) - Ozone container server stopped.
2019-10-10 21:17:00,417 [main] INFO  statemachine.DatanodeStateMachine (DatanodeStateMachine.java:stopDaemon(395)) - Ozone container server stopped.
2019-10-10 21:17:00,423 [ForkJoinPool.commonPool-worker-1] INFO  handler.ContextHandler (ContextHandler.java:doStop(910)) - Stopped o.e.j.w.WebAppContext@71531dd7{/,null,UNAVAILABLE}{/hddsDatanode}
2019-10-10 21:17:00,423 [main] INFO  handler.ContextHandler (ContextHandler.java:doStop(910)) - Stopped o.e.j.w.WebAppContext@39f0c343{/,null,UNAVAILABLE}{/hddsDatanode}
2019-10-10 21:17:00,424 [ForkJoinPool.commonPool-worker-1] INFO  server.AbstractConnector (AbstractConnector.java:doStop(318)) - Stopped ServerConnector@20256a0b{HTTP/1.1,[http/1.1]}{0.0.0.0:0}
2019-10-10 21:17:00,424 [main] INFO  server.AbstractConnector (AbstractConnector.java:doStop(318)) - Stopped ServerConnector@781654f8{HTTP/1.1,[http/1.1]}{0.0.0.0:0}
2019-10-10 21:17:00,426 [ForkJoinPool.commonPool-worker-1] INFO  handler.ContextHandler (ContextHandler.java:doStop(910)) - Stopped o.e.j.s.ServletContextHandler@17ec335a{/static,jar:file:/home/user/.m2/repository/org/apache/hadoop/hadoop-hdds-container-service/0.5.0-SNAPSHOT/hadoop-hdds-container-service-0.5.0-SNAPSHOT.jar!/webapps/static,UNAVAILABLE}
2019-10-10 21:17:00,426 [main] INFO  handler.ContextHandler (ContextHandler.java:doStop(910)) - Stopped o.e.j.s.ServletContextHandler@7761e342{/static,jar:file:/home/user/.m2/repository/org/apache/hadoop/hadoop-hdds-container-service/0.5.0-SNAPSHOT/hadoop-hdds-container-service-0.5.0-SNAPSHOT.jar!/webapps/static,UNAVAILABLE}
2019-10-10 21:17:00,428 [ForkJoinPool.commonPool-worker-1] INFO  handler.ContextHandler (ContextHandler.java:doStop(910)) - Stopped o.e.j.s.ServletContextHandler@3079c26a{/logs,file:///workdir/hadoop-ozone/integration-test/target/log,UNAVAILABLE}
2019-10-10 21:17:00,428 [main] INFO  handler.ContextHandler (ContextHandler.java:doStop(910)) - Stopped o.e.j.s.ServletContextHandler@9b2dc56{/logs,file:///workdir/hadoop-ozone/integration-test/target/log,UNAVAILABLE}
2019-10-10 21:17:01,062 [Datanode State Machine Thread - 0] INFO  statemachine.DatanodeStateMachine (DatanodeStateMachine.java:lambda$startDaemon$0(350)) - Ozone container server started.
2019-10-10 21:17:01,350 [Datanode State Machine Thread - 0] INFO  statemachine.DatanodeStateMachine (DatanodeStateMachine.java:lambda$startDaemon$0(350)) - Ozone container server started.
2019-10-10 21:17:05,109 [EventQueue-StaleNodeForStaleNodeHandler] INFO  node.StaleNodeHandler (StaleNodeHandler.java:onMessage(58)) - Datanode 8fd951db-7700-4d80-a199-354913c0ec9e{ip: 192.168.157.203, host: pr-hdds-1986-lk2hz-517324276, networkLocation: /default-rack, certSerialId: null} moved to stale state. Finalizing its pipelines [PipelineID=418fc3cb-3258-450f-81b4-fdf4c9391193, PipelineID=fef62540-7fb8-4c09-a77e-d778dc13d01e]
2019-10-10 21:17:05,110 [EventQueue-StaleNodeForStaleNodeHandler] INFO  pipeline.SCMPipelineManager (SCMPipelineManager.java:finalizeAndDestroyPipeline(315)) - destroying pipeline:Pipeline[ Id: 418fc3cb-3258-450f-81b4-fdf4c9391193, Nodes: 8fd951db-7700-4d80-a199-354913c0ec9e{ip: 192.168.157.203, host: pr-hdds-1986-lk2hz-517324276, networkLocation: /default-rack, certSerialId: null}, Type:RATIS, Factor:ONE, State:OPEN]
2019-10-10 21:17:05,110 [EventQueue-StaleNodeForStaleNodeHandler] INFO  pipeline.PipelineStateManager (PipelineStateManager.java:finalizePipeline(123)) - Pipeline Pipeline[ Id: 418fc3cb-3258-450f-81b4-fdf4c9391193, Nodes: 8fd951db-7700-4d80-a199-354913c0ec9e{ip: 192.168.157.203, host: pr-hdds-1986-lk2hz-517324276, networkLocation: /default-rack, certSerialId: null}, Type:RATIS, Factor:ONE, State:CLOSED] moved to CLOSED state
2019-10-10 21:17:05,111 [EventQueue-StaleNodeForStaleNodeHandler] INFO  pipeline.SCMPipelineManager (SCMPipelineManager.java:finalizeAndDestroyPipeline(315)) - destroying pipeline:Pipeline[ Id: fef62540-7fb8-4c09-a77e-d778dc13d01e, Nodes: 4dd36702-53a7-4085-b21d-6691758441ba{ip: 192.168.157.203, host: pr-hdds-1986-lk2hz-517324276, networkLocation: /default-rack, certSerialId: null}000d08e1-dac6-43bf-b6c9-fdaea313fa50{ip: 192.168.157.203, host: pr-hdds-1986-lk2hz-517324276, networkLocation: /default-rack, certSerialId: null}8fd951db-7700-4d80-a199-354913c0ec9e{ip: 192.168.157.203, host: pr-hdds-1986-lk2hz-517324276, networkLocation: /default-rack, certSerialId: null}, Type:RATIS, Factor:THREE, State:CLOSED]
2019-10-10 21:17:05,409 [EventQueue-StaleNodeForStaleNodeHandler] INFO  node.StaleNodeHandler (StaleNodeHandler.java:onMessage(58)) - Datanode a2da2853-f47a-4827-bfd4-ede700e58c59{ip: 192.168.157.203, host: pr-hdds-1986-lk2hz-517324276, networkLocation: /default-rack, certSerialId: null} moved to stale state. Finalizing its pipelines [PipelineID=57b5c137-0137-4e77-8758-564f3f5ea742, PipelineID=89aeb50c-423b-4db1-b4f7-31e811f9e092]
2019-10-10 21:17:05,409 [EventQueue-StaleNodeForStaleNodeHandler] INFO  pipeline.SCMPipelineManager (SCMPipelineManager.java:finalizeAndDestroyPipeline(315)) - destroying pipeline:Pipeline[ Id: 57b5c137-0137-4e77-8758-564f3f5ea742, Nodes: a2da2853-f47a-4827-bfd4-ede700e58c59{ip: 192.168.157.203, host: pr-hdds-1986-lk2hz-517324276, networkLocation: /default-rack, certSerialId: null}, Type:RATIS, Factor:ONE, State:OPEN]
2019-10-10 21:17:05,409 [EventQueue-StaleNodeForStaleNodeHandler] INFO  pipeline.PipelineStateManager (PipelineStateManager.java:finalizePipeline(123)) - Pipeline Pipeline[ Id: 57b5c137-0137-4e77-8758-564f3f5ea742, Nodes: a2da2853-f47a-4827-bfd4-ede700e58c59{ip: 192.168.157.203, host: pr-hdds-1986-lk2hz-517324276, networkLocation: /default-rack, certSerialId: null}, Type:RATIS, Factor:ONE, State:CLOSED] moved to CLOSED state
2019-10-10 21:17:05,409 [EventQueue-StaleNodeForStaleNodeHandler] INFO  pipeline.SCMPipelineManager (SCMPipelineManager.java:finalizeAndDestroyPipeline(315)) - destroying pipeline:Pipeline[ Id: 89aeb50c-423b-4db1-b4f7-31e811f9e092, Nodes: 32311c87-0abf-4b2b-beb5-d95d041bafb4{ip: 192.168.157.203, host: pr-hdds-1986-lk2hz-517324276, networkLocation: /default-rack, certSerialId: null}59f3a390-2aa1-4e37-bd82-a5248a92ff56{ip: 192.168.157.203, host: pr-hdds-1986-lk2hz-517324276, networkLocation: /default-rack, certSerialId: null}a2da2853-f47a-4827-bfd4-ede700e58c59{ip: 192.168.157.203, host: pr-hdds-1986-lk2hz-517324276, networkLocation: /default-rack, certSerialId: null}, Type:RATIS, Factor:THREE, State:CLOSED]
2019-10-10 21:17:05,430 [ForkJoinPool.commonPool-worker-1] INFO  ozoneimpl.OzoneContainer (OzoneContainer.java:stop(227)) - Attempting to stop container services.
2019-10-10 21:17:05,430 [main] INFO  ozoneimpl.OzoneContainer (OzoneContainer.java:stop(227)) - Attempting to stop container services.
2019-10-10 21:17:05,437 [ForkJoinPool.commonPool-worker-1] INFO  impl.RaftServerProxy (RaftServerProxy.java:lambda$close$4(314)) - 8fd951db-7700-4d80-a199-354913c0ec9e: close
2019-10-10 21:17:05,438 [main] INFO  impl.RaftServerProxy (RaftServerProxy.java:lambda$close$4(314)) - a2da2853-f47a-4827-bfd4-ede700e58c59: close
2019-10-10 21:17:05,438 [main] INFO  impl.RaftServerImpl (RaftServerImpl.java:lambda$shutdown$3(247)) - a2da2853-f47a-4827-bfd4-ede700e58c59@group-564F3F5EA742: shutdown
2019-10-10 21:17:05,438 [ForkJoinPool.commonPool-worker-1] INFO  impl.RaftServerImpl (RaftServerImpl.java:lambda$shutdown$3(247)) - 8fd951db-7700-4d80-a199-354913c0ec9e@group-FDF4C9391193: shutdown
2019-10-10 21:17:05,439 [main] INFO  util.JmxRegister (JmxRegister.java:unregister(73)) - Successfully un-registered JMX Bean with object name Ratis:service=RaftServer,group=group-564F3F5EA742,id=a2da2853-f47a-4827-bfd4-ede700e58c59
2019-10-10 21:17:05,439 [ForkJoinPool.commonPool-worker-1] INFO  util.JmxRegister (JmxRegister.java:unregister(73)) - Successfully un-registered JMX Bean with object name Ratis:service=RaftServer,group=group-FDF4C9391193,id=8fd951db-7700-4d80-a199-354913c0ec9e
2019-10-10 21:17:05,439 [main] INFO  impl.RoleInfo (RoleInfo.java:shutdownLeaderState(104)) - a2da2853-f47a-4827-bfd4-ede700e58c59: shutdown LeaderState
2019-10-10 21:17:05,439 [ForkJoinPool.commonPool-worker-1] INFO  impl.RoleInfo (RoleInfo.java:shutdownLeaderState(104)) - 8fd951db-7700-4d80-a199-354913c0ec9e: shutdown LeaderState
2019-10-10 21:17:05,440 [main] INFO  impl.PendingRequests (PendingRequests.java:sendNotLeaderResponses(202)) - a2da2853-f47a-4827-bfd4-ede700e58c59@group-564F3F5EA742-PendingRequests: sendNotLeaderResponses
2019-10-10 21:17:05,440 [ForkJoinPool.commonPool-worker-1] INFO  impl.PendingRequests (PendingRequests.java:sendNotLeaderResponses(202)) - 8fd951db-7700-4d80-a199-354913c0ec9e@group-FDF4C9391193-PendingRequests: sendNotLeaderResponses
2019-10-10 21:17:05,440 [main] INFO  impl.StateMachineUpdater (StateMachineUpdater.java:stopAndJoin(136)) - a2da2853-f47a-4827-bfd4-ede700e58c59@group-564F3F5EA742-StateMachineUpdater: set stopIndex = 0
2019-10-10 21:17:05,440 [ForkJoinPool.commonPool-worker-1] INFO  impl.StateMachineUpdater (StateMachineUpdater.java:stopAndJoin(136)) - 8fd951db-7700-4d80-a199-354913c0ec9e@group-FDF4C9391193-StateMachineUpdater: set stopIndex = 0
2019-10-10 21:17:05,441 [main] INFO  impl.RaftServerImpl (ServerState.java:close(387)) - a2da2853-f47a-4827-bfd4-ede700e58c59@group-564F3F5EA742: closes. applyIndex: 0
2019-10-10 21:17:05,441 [ForkJoinPool.commonPool-worker-1] INFO  impl.RaftServerImpl (ServerState.java:close(387)) - 8fd951db-7700-4d80-a199-354913c0ec9e@group-FDF4C9391193: closes. applyIndex: 0
2019-10-10 21:17:05,441 [a2da2853-f47a-4827-bfd4-ede700e58c59@group-564F3F5EA742-SegmentedRaftLogWorker] INFO  segmented.SegmentedRaftLogWorker (SegmentedRaftLogWorker.java:run(316)) - a2da2853-f47a-4827-bfd4-ede700e58c59@group-564F3F5EA742-SegmentedRaftLogWorker was interrupted, exiting. There are 0 tasks remaining in the queue.
2019-10-10 21:17:05,442 [8fd951db-7700-4d80-a199-354913c0ec9e@group-FDF4C9391193-SegmentedRaftLogWorker] INFO  segmented.SegmentedRaftLogWorker (SegmentedRaftLogWorker.java:run(316)) - 8fd951db-7700-4d80-a199-354913c0ec9e@group-FDF4C9391193-SegmentedRaftLogWorker was interrupted, exiting. There are 0 tasks remaining in the queue.
2019-10-10 21:17:05,444 [main] INFO  segmented.SegmentedRaftLogWorker (SegmentedRaftLogWorker.java:close(224)) - a2da2853-f47a-4827-bfd4-ede700e58c59@group-564F3F5EA742-SegmentedRaftLogWorker close()
2019-10-10 21:17:05,445 [ForkJoinPool.commonPool-worker-1] INFO  segmented.SegmentedRaftLogWorker (SegmentedRaftLogWorker.java:close(224)) - 8fd951db-7700-4d80-a199-354913c0ec9e@group-FDF4C9391193-SegmentedRaftLogWorker close()
2019-10-10 21:17:05,449 [main] INFO  impl.RaftServerImpl (RaftServerImpl.java:lambda$shutdown$3(247)) - a2da2853-f47a-4827-bfd4-ede700e58c59@group-31E811F9E092: shutdown
2019-10-10 21:17:05,452 [ForkJoinPool.commonPool-worker-1] INFO  impl.RaftServerImpl (RaftServerImpl.java:lambda$shutdown$3(247)) - 8fd951db-7700-4d80-a199-354913c0ec9e@group-D778DC13D01E: shutdown
2019-10-10 21:17:05,452 [main] INFO  util.JmxRegister (JmxRegister.java:unregister(73)) - Successfully un-registered JMX Bean with object name Ratis:service=RaftServer,group=group-31E811F9E092,id=a2da2853-f47a-4827-bfd4-ede700e58c59
2019-10-10 21:17:05,453 [ForkJoinPool.commonPool-worker-1] INFO  util.JmxRegister (JmxRegister.java:unregister(73)) - Successfully un-registered JMX Bean with object name Ratis:service=RaftServer,group=group-D778DC13D01E,id=8fd951db-7700-4d80-a199-354913c0ec9e
2019-10-10 21:17:05,453 [main] INFO  impl.RoleInfo (RoleInfo.java:shutdownFollowerState(121)) - a2da2853-f47a-4827-bfd4-ede700e58c59: shutdown FollowerState
2019-10-10 21:17:05,453 [ForkJoinPool.commonPool-worker-1] INFO  impl.RoleInfo (RoleInfo.java:shutdownFollowerState(121)) - 8fd951db-7700-4d80-a199-354913c0ec9e: shutdown FollowerState
2019-10-10 21:17:05,454 [a2da2853-f47a-4827-bfd4-ede700e58c59@group-31E811F9E092-StateMachineUpdater] INFO  ratis.ContainerStateMachine (ContainerStateMachine.java:takeSnapshot(294)) - group-31E811F9E092: Taking a snapshot at:(t:1, i:14) file /workdir/hadoop-ozone/integration-test/target/test-dir/MiniOzoneClusterImpl-008c13f9-99c9-46b6-a713-c4581bd201ba/datanode-6/data/ratis/89aeb50c-423b-4db1-b4f7-31e811f9e092/sm/snapshot.1_14
2019-10-10 21:17:05,454 [Thread-3063] INFO  impl.FollowerState (FollowerState.java:run(117)) - a2da2853-f47a-4827-bfd4-ede700e58c59@group-31E811F9E092-FollowerState was interrupted: java.lang.InterruptedException: sleep interrupted
2019-10-10 21:17:05,454 [main] INFO  impl.StateMachineUpdater (StateMachineUpdater.java:stopAndJoin(136)) - a2da2853-f47a-4827-bfd4-ede700e58c59@group-31E811F9E092-StateMachineUpdater: set stopIndex = 18
2019-10-10 21:17:05,454 [Thread-2932] INFO  impl.FollowerState (FollowerState.java:run(117)) - 8fd951db-7700-4d80-a199-354913c0ec9e@group-D778DC13D01E-FollowerState was interrupted: java.lang.InterruptedException: sleep interrupted
2019-10-10 21:17:05,454 [8fd951db-7700-4d80-a199-354913c0ec9e@group-D778DC13D01E-StateMachineUpdater] INFO  ratis.ContainerStateMachine (ContainerStateMachine.java:takeSnapshot(294)) - group-D778DC13D01E: Taking a snapshot at:(t:1, i:14) file /workdir/hadoop-ozone/integration-test/target/test-dir/MiniOzoneClusterImpl-008c13f9-99c9-46b6-a713-c4581bd201ba/datanode-2/data/ratis/fef62540-7fb8-4c09-a77e-d778dc13d01e/sm/snapshot.1_14
2019-10-10 21:17:05,454 [ForkJoinPool.commonPool-worker-1] INFO  impl.StateMachineUpdater (StateMachineUpdater.java:stopAndJoin(136)) - 8fd951db-7700-4d80-a199-354913c0ec9e@group-D778DC13D01E-StateMachineUpdater: set stopIndex = 16
2019-10-10 21:17:05,483 [a2da2853-f47a-4827-bfd4-ede700e58c59@group-31E811F9E092-StateMachineUpdater] INFO  ratis.ContainerStateMachine (ContainerStateMachine.java:takeSnapshot(305)) - group-31E811F9E092: Finished taking a snapshot at:(t:1, i:14) file:/workdir/hadoop-ozone/integration-test/target/test-dir/MiniOzoneClusterImpl-008c13f9-99c9-46b6-a713-c4581bd201ba/datanode-6/data/ratis/89aeb50c-423b-4db1-b4f7-31e811f9e092/sm/snapshot.1_14 time:29
2019-10-10 21:17:05,483 [8fd951db-7700-4d80-a199-354913c0ec9e@group-D778DC13D01E-StateMachineUpdater] INFO  ratis.ContainerStateMachine (ContainerStateMachine.java:takeSnapshot(305)) - group-D778DC13D01E: Finished taking a snapshot at:(t:1, i:14) file:/workdir/hadoop-ozone/integration-test/target/test-dir/MiniOzoneClusterImpl-008c13f9-99c9-46b6-a713-c4581bd201ba/datanode-2/data/ratis/fef62540-7fb8-4c09-a77e-d778dc13d01e/sm/snapshot.1_14 time:29
2019-10-10 21:17:05,484 [8fd951db-7700-4d80-a199-354913c0ec9e@group-D778DC13D01E-StateMachineUpdater] INFO  impl.StateMachineUpdater (StateMachineUpdater.java:takeSnapshot(269)) - 8fd951db-7700-4d80-a199-354913c0ec9e@group-D778DC13D01E-StateMachineUpdater: Took a snapshot at index 14
2019-10-10 21:17:05,484 [a2da2853-f47a-4827-bfd4-ede700e58c59@group-31E811F9E092-StateMachineUpdater] INFO  impl.StateMachineUpdater (StateMachineUpdater.java:takeSnapshot(269)) - a2da2853-f47a-4827-bfd4-ede700e58c59@group-31E811F9E092-StateMachineUpdater: Took a snapshot at index 14
2019-10-10 21:17:05,484 [a2da2853-f47a-4827-bfd4-ede700e58c59@group-31E811F9E092-StateMachineUpdater] INFO  impl.StateMachineUpdater (StateMachineUpdater.java:lambda$new$0(84)) - a2da2853-f47a-4827-bfd4-ede700e58c59@group-31E811F9E092-StateMachineUpdater: snapshotIndex: updateIncreasingly -1 -> 14
2019-10-10 21:17:05,484 [8fd951db-7700-4d80-a199-354913c0ec9e@group-D778DC13D01E-StateMachineUpdater] INFO  impl.StateMachineUpdater (StateMachineUpdater.java:lambda$new$0(84)) - 8fd951db-7700-4d80-a199-354913c0ec9e@group-D778DC13D01E-StateMachineUpdater: snapshotIndex: updateIncreasingly -1 -> 14
2019-10-10 21:17:05,485 [a2da2853-f47a-4827-bfd4-ede700e58c59@group-31E811F9E092-StateMachineUpdater] INFO  ratis.ContainerStateMachine (ContainerStateMachine.java:takeSnapshot(294)) - group-31E811F9E092: Taking a snapshot at:(t:1, i:14) file /workdir/hadoop-ozone/integration-test/target/test-dir/MiniOzoneClusterImpl-008c13f9-99c9-46b6-a713-c4581bd201ba/datanode-6/data/ratis/89aeb50c-423b-4db1-b4f7-31e811f9e092/sm/snapshot.1_14
2019-10-10 21:17:05,485 [8fd951db-7700-4d80-a199-354913c0ec9e@group-D778DC13D01E-StateMachineUpdater] INFO  ratis.ContainerStateMachine (ContainerStateMachine.java:takeSnapshot(294)) - group-D778DC13D01E: Taking a snapshot at:(t:1, i:14) file /workdir/hadoop-ozone/integration-test/target/test-dir/MiniOzoneClusterImpl-008c13f9-99c9-46b6-a713-c4581bd201ba/datanode-2/data/ratis/fef62540-7fb8-4c09-a77e-d778dc13d01e/sm/snapshot.1_14
2019-10-10 21:17:05,498 [a2da2853-f47a-4827-bfd4-ede700e58c59@group-31E811F9E092-StateMachineUpdater] INFO  ratis.ContainerStateMachine (ContainerStateMachine.java:takeSnapshot(305)) - group-31E811F9E092: Finished taking a snapshot at:(t:1, i:14) file:/workdir/hadoop-ozone/integration-test/target/test-dir/MiniOzoneClusterImpl-008c13f9-99c9-46b6-a713-c4581bd201ba/datanode-6/data/ratis/89aeb50c-423b-4db1-b4f7-31e811f9e092/sm/snapshot.1_14 time:12
2019-10-10 21:17:05,498 [8fd951db-7700-4d80-a199-354913c0ec9e@group-D778DC13D01E-StateMachineUpdater] INFO  ratis.ContainerStateMachine (ContainerStateMachine.java:takeSnapshot(305)) - group-D778DC13D01E: Finished taking a snapshot at:(t:1, i:14) file:/workdir/hadoop-ozone/integration-test/target/test-dir/MiniOzoneClusterImpl-008c13f9-99c9-46b6-a713-c4581bd201ba/datanode-2/data/ratis/fef62540-7fb8-4c09-a77e-d778dc13d01e/sm/snapshot.1_14 time:13
2019-10-10 21:17:05,498 [a2da2853-f47a-4827-bfd4-ede700e58c59@group-31E811F9E092-StateMachineUpdater] INFO  impl.StateMachineUpdater (StateMachineUpdater.java:takeSnapshot(269)) - a2da2853-f47a-4827-bfd4-ede700e58c59@group-31E811F9E092-StateMachineUpdater: Took a snapshot at index 14
2019-10-10 21:17:05,498 [a2da2853-f47a-4827-bfd4-ede700e58c59@group-31E811F9E092-StateMachineUpdater] INFO  impl.StateMachineUpdater (StateMachineUpdater.java:lambda$new$0(84)) - a2da2853-f47a-4827-bfd4-ede700e58c59@group-31E811F9E092-StateMachineUpdater: snapshotIndex: updateIncreasingly 14 -> 14
2019-10-10 21:17:05,498 [8fd951db-7700-4d80-a199-354913c0ec9e@group-D778DC13D01E-StateMachineUpdater] INFO  impl.StateMachineUpdater (StateMachineUpdater.java:takeSnapshot(269)) - 8fd951db-7700-4d80-a199-354913c0ec9e@group-D778DC13D01E-StateMachineUpdater: Took a snapshot at index 14
2019-10-10 21:17:05,498 [8fd951db-7700-4d80-a199-354913c0ec9e@group-D778DC13D01E-StateMachineUpdater] INFO  impl.StateMachineUpdater (StateMachineUpdater.java:lambda$new$0(84)) - 8fd951db-7700-4d80-a199-354913c0ec9e@group-D778DC13D01E-StateMachineUpdater: snapshotIndex: updateIncreasingly 14 -> 14
2019-10-10 21:17:05,499 [main] INFO  impl.RaftServerImpl (ServerState.java:close(387)) - a2da2853-f47a-4827-bfd4-ede700e58c59@group-31E811F9E092: closes. applyIndex: 18
2019-10-10 21:17:05,499 [ForkJoinPool.commonPool-worker-1] INFO  impl.RaftServerImpl (ServerState.java:close(387)) - 8fd951db-7700-4d80-a199-354913c0ec9e@group-D778DC13D01E: closes. applyIndex: 16
2019-10-10 21:17:05,499 [a2da2853-f47a-4827-bfd4-ede700e58c59@group-31E811F9E092-SegmentedRaftLogWorker] INFO  segmented.SegmentedRaftLogWorker (SegmentedRaftLogWorker.java:run(316)) - a2da2853-f47a-4827-bfd4-ede700e58c59@group-31E811F9E092-SegmentedRaftLogWorker was interrupted, exiting. There are 0 tasks remaining in the queue.
2019-10-10 21:17:05,500 [8fd951db-7700-4d80-a199-354913c0ec9e@group-D778DC13D01E-SegmentedRaftLogWorker] INFO  segmented.SegmentedRaftLogWorker (SegmentedRaftLogWorker.java:run(316)) - 8fd951db-7700-4d80-a199-354913c0ec9e@group-D778DC13D01E-SegmentedRaftLogWorker was interrupted, exiting. There are 0 tasks remaining in the queue.
2019-10-10 21:17:05,501 [main] INFO  segmented.SegmentedRaftLogWorker (SegmentedRaftLogWorker.java:close(224)) - a2da2853-f47a-4827-bfd4-ede700e58c59@group-31E811F9E092-SegmentedRaftLogWorker close()
2019-10-10 21:17:05,503 [ForkJoinPool.commonPool-worker-1] INFO  segmented.SegmentedRaftLogWorker (SegmentedRaftLogWorker.java:close(224)) - 8fd951db-7700-4d80-a199-354913c0ec9e@group-D778DC13D01E-SegmentedRaftLogWorker close()
2019-10-10 21:17:05,506 [main] INFO  server.GrpcService (GrpcService.java:closeImpl(164)) - a2da2853-f47a-4827-bfd4-ede700e58c59: shutdown server with port 32839 now
2019-10-10 21:17:05,508 [ForkJoinPool.commonPool-worker-1] INFO  server.GrpcService (GrpcService.java:closeImpl(164)) - 8fd951db-7700-4d80-a199-354913c0ec9e: shutdown server with port 35042 now
2019-10-10 21:17:05,509 [main] INFO  server.GrpcService (GrpcService.java:closeImpl(172)) - a2da2853-f47a-4827-bfd4-ede700e58c59: shutdown server with port 32839 successfully
2019-10-10 21:17:05,510 [ForkJoinPool.commonPool-worker-1] INFO  server.GrpcService (GrpcService.java:closeImpl(172)) - 8fd951db-7700-4d80-a199-354913c0ec9e: shutdown server with port 35042 successfully
2019-10-10 21:17:05,515 [refreshUsed-/workdir/hadoop-ozone/integration-test/target/test-dir/MiniOzoneClusterImpl-008c13f9-99c9-46b6-a713-c4581bd201ba/datanode-6/data/containers] WARN  fs.CachingGetSpaceUsed (CachingGetSpaceUsed.java:run(183)) - Thread Interrupted waiting to refresh disk information: sleep interrupted
2019-10-10 21:17:05,516 [refreshUsed-/workdir/hadoop-ozone/integration-test/target/test-dir/MiniOzoneClusterImpl-008c13f9-99c9-46b6-a713-c4581bd201ba/datanode-2/data/containers] WARN  fs.CachingGetSpaceUsed (CachingGetSpaceUsed.java:run(183)) - Thread Interrupted waiting to refresh disk information: sleep interrupted
2019-10-10 21:17:05,532 [main] INFO  utils.BackgroundService (BackgroundService.java:shutdown(151)) - Shutting down service BlockDeletingService
2019-10-10 21:17:05,537 [main] INFO  statemachine.DatanodeStateMachine (DatanodeStateMachine.java:stopDaemon(395)) - Ozone container server stopped.
2019-10-10 21:17:05,538 [main] INFO  handler.ContextHandler (ContextHandler.java:doStop(910)) - Stopped o.e.j.w.WebAppContext@573aeab2{/,null,UNAVAILABLE}{/hddsDatanode}
2019-10-10 21:17:05,540 [main] INFO  server.AbstractConnector (AbstractConnector.java:doStop(318)) - Stopped ServerConnector@1304e0d7{HTTP/1.1,[http/1.1]}{0.0.0.0:0}
2019-10-10 21:17:05,541 [ForkJoinPool.commonPool-worker-1] INFO  utils.BackgroundService (BackgroundService.java:shutdown(151)) - Shutting down service BlockDeletingService
2019-10-10 21:17:05,541 [main] INFO  handler.ContextHandler (ContextHandler.java:doStop(910)) - Stopped o.e.j.s.ServletContextHandler@5ba1b62e{/static,jar:file:/home/user/.m2/repository/org/apache/hadoop/hadoop-hdds-container-service/0.5.0-SNAPSHOT/hadoop-hdds-container-service-0.5.0-SNAPSHOT.jar!/webapps/static,UNAVAILABLE}
2019-10-10 21:17:05,544 [main] INFO  handler.ContextHandler (ContextHandler.java:doStop(910)) - Stopped o.e.j.s.ServletContextHandler@2c47a053{/logs,file:///workdir/hadoop-ozone/integration-test/target/log,UNAVAILABLE}
2019-10-10 21:17:05,545 [ForkJoinPool.commonPool-worker-1] INFO  statemachine.DatanodeStateMachine (DatanodeStateMachine.java:stopDaemon(395)) - Ozone container server stopped.
2019-10-10 21:17:05,550 [ForkJoinPool.commonPool-worker-1] INFO  handler.ContextHandler (ContextHandler.java:doStop(910)) - Stopped o.e.j.w.WebAppContext@70be89ec{/,null,UNAVAILABLE}{/hddsDatanode}
2019-10-10 21:17:05,550 [ForkJoinPool.commonPool-worker-1] INFO  server.AbstractConnector (AbstractConnector.java:doStop(318)) - Stopped ServerConnector@2aee0704{HTTP/1.1,[http/1.1]}{0.0.0.0:0}
2019-10-10 21:17:05,552 [ForkJoinPool.commonPool-worker-1] INFO  handler.ContextHandler (ContextHandler.java:doStop(910)) - Stopped o.e.j.s.ServletContextHandler@226d5af0{/static,jar:file:/home/user/.m2/repository/org/apache/hadoop/hadoop-hdds-container-service/0.5.0-SNAPSHOT/hadoop-hdds-container-service-0.5.0-SNAPSHOT.jar!/webapps/static,UNAVAILABLE}
2019-10-10 21:17:05,553 [ForkJoinPool.commonPool-worker-1] INFO  handler.ContextHandler (ContextHandler.java:doStop(910)) - Stopped o.e.j.s.ServletContextHandler@4fb57fb3{/logs,file:///workdir/hadoop-ozone/integration-test/target/log,UNAVAILABLE}
2019-10-10 21:17:05,929 [Datanode State Machine Thread - 0] INFO  statemachine.DatanodeStateMachine (DatanodeStateMachine.java:lambda$startDaemon$0(350)) - Ozone container server started.
2019-10-10 21:17:06,088 [Datanode State Machine Thread - 0] INFO  statemachine.DatanodeStateMachine (DatanodeStateMachine.java:lambda$startDaemon$0(350)) - Ozone container server started.
2019-10-10 21:17:09,481 [Thread-2931] INFO  impl.FollowerState (FollowerState.java:run(108)) - 4dd36702-53a7-4085-b21d-6691758441ba@group-D778DC13D01E-FollowerState: change to CANDIDATE, lastRpcTime:9202ms, electionTimeout:5021ms
2019-10-10 21:17:09,483 [Thread-2931] INFO  impl.RoleInfo (RoleInfo.java:shutdownFollowerState(121)) - 4dd36702-53a7-4085-b21d-6691758441ba: shutdown FollowerState
2019-10-10 21:17:09,483 [Thread-2931] INFO  impl.RaftServerImpl (RaftServerImpl.java:setRole(170)) - 4dd36702-53a7-4085-b21d-6691758441ba@group-D778DC13D01E: changes role from  FOLLOWER to CANDIDATE at term 1 for changeToCandidate
2019-10-10 21:17:09,484 [Thread-2931] INFO  impl.RoleInfo (RoleInfo.java:updateAndGet(143)) - 4dd36702-53a7-4085-b21d-6691758441ba: start LeaderElection
2019-10-10 21:17:09,491 [4dd36702-53a7-4085-b21d-6691758441ba@group-D778DC13D01E-LeaderElection65] INFO  impl.RaftServerImpl (ServerState.java:setLeader(255)) - 4dd36702-53a7-4085-b21d-6691758441ba@group-D778DC13D01E: change Leader from 000d08e1-dac6-43bf-b6c9-fdaea313fa50 to null at term 1 for initElection
2019-10-10 21:17:09,518 [4dd36702-53a7-4085-b21d-6691758441ba@group-D778DC13D01E-LeaderElection65] INFO  impl.LeaderElection (LeaderElection.java:askForVotes(178)) - 4dd36702-53a7-4085-b21d-6691758441ba@group-D778DC13D01E-LeaderElection65: begin an election at term 2 for 0: [8fd951db-7700-4d80-a199-354913c0ec9e:192.168.157.203:35042, 000d08e1-dac6-43bf-b6c9-fdaea313fa50:192.168.157.203:38901, 4dd36702-53a7-4085-b21d-6691758441ba:192.168.157.203:46143], old=null
2019-10-10 21:17:09,525 [4dd36702-53a7-4085-b21d-6691758441ba@group-D778DC13D01E-LeaderElection65] INFO  impl.LeaderElection (LogUtils.java:infoOrTrace(149)) - 4dd36702-53a7-4085-b21d-6691758441ba@group-D778DC13D01E-LeaderElection65 got exception when requesting votes: {}
java.util.concurrent.ExecutionException: org.apache.ratis.thirdparty.io.grpc.StatusRuntimeException: UNAVAILABLE: io exception
	at java.util.concurrent.FutureTask.report(FutureTask.java:122)
	at java.util.concurrent.FutureTask.get(FutureTask.java:192)
	at org.apache.ratis.server.impl.LeaderElection.waitForResults(LeaderElection.java:259)
	at org.apache.ratis.server.impl.LeaderElection.askForVotes(LeaderElection.java:197)
	at org.apache.ratis.server.impl.LeaderElection.run(LeaderElection.java:133)
	at java.lang.Thread.run(Thread.java:748)
Caused by: org.apache.ratis.thirdparty.io.grpc.StatusRuntimeException: UNAVAILABLE: io exception
	at org.apache.ratis.thirdparty.io.grpc.stub.ClientCalls.toStatusRuntimeException(ClientCalls.java:233)
	at org.apache.ratis.thirdparty.io.grpc.stub.ClientCalls.getUnchecked(ClientCalls.java:214)
	at org.apache.ratis.thirdparty.io.grpc.stub.ClientCalls.blockingUnaryCall(ClientCalls.java:139)
	at org.apache.ratis.proto.grpc.RaftServerProtocolServiceGrpc$RaftServerProtocolServiceBlockingStub.requestVote(RaftServerProtocolServiceGrpc.java:265)
	at org.apache.ratis.grpc.server.GrpcServerProtocolClient.requestVote(GrpcServerProtocolClient.java:99)
	at org.apache.ratis.grpc.server.GrpcService.requestVote(GrpcService.java:204)
	at org.apache.ratis.server.impl.LeaderElection.lambda$submitRequests$1(LeaderElection.java:234)
	at java.util.concurrent.FutureTask.run(FutureTask.java:266)
	at java.util.concurrent.Executors$RunnableAdapter.call(Executors.java:511)
	at java.util.concurrent.FutureTask.run(FutureTask.java:266)
	at java.util.concurrent.ThreadPoolExecutor.runWorker(ThreadPoolExecutor.java:1149)
	at java.util.concurrent.ThreadPoolExecutor$Worker.run(ThreadPoolExecutor.java:624)
	... 1 more
Caused by: org.apache.ratis.thirdparty.io.netty.channel.AbstractChannel$AnnotatedConnectException: Connection refused: /192.168.157.203:35042
	at sun.nio.ch.SocketChannelImpl.checkConnect(Native Method)
	at sun.nio.ch.SocketChannelImpl.finishConnect(SocketChannelImpl.java:717)
	at org.apache.ratis.thirdparty.io.netty.channel.socket.nio.NioSocketChannel.doFinishConnect(NioSocketChannel.java:327)
	at org.apache.ratis.thirdparty.io.netty.channel.nio.AbstractNioChannel$AbstractNioUnsafe.finishConnect(AbstractNioChannel.java:340)
	at org.apache.ratis.thirdparty.io.netty.channel.nio.NioEventLoop.processSelectedKey(NioEventLoop.java:632)
	at org.apache.ratis.thirdparty.io.netty.channel.nio.NioEventLoop.processSelectedKeysOptimized(NioEventLoop.java:579)
	at org.apache.ratis.thirdparty.io.netty.channel.nio.NioEventLoop.processSelectedKeys(NioEventLoop.java:496)
	at org.apache.ratis.thirdparty.io.netty.channel.nio.NioEventLoop.run(NioEventLoop.java:458)
	at org.apache.ratis.thirdparty.io.netty.util.concurrent.SingleThreadEventExecutor$5.run(SingleThreadEventExecutor.java:897)
	at org.apache.ratis.thirdparty.io.netty.util.concurrent.FastThreadLocalRunnable.run(FastThreadLocalRunnable.java:30)
	... 1 more
Caused by: java.net.ConnectException: Connection refused
	... 11 more
2019-10-10 21:17:09,527 [4dd36702-53a7-4085-b21d-6691758441ba@group-D778DC13D01E-LeaderElection65] INFO  impl.LeaderElection (LogUtils.java:infoOrTrace(149)) - 4dd36702-53a7-4085-b21d-6691758441ba@group-D778DC13D01E-LeaderElection65 got exception when requesting votes: {}
java.util.concurrent.ExecutionException: org.apache.ratis.thirdparty.io.grpc.StatusRuntimeException: UNAVAILABLE: io exception
	at java.util.concurrent.FutureTask.report(FutureTask.java:122)
	at java.util.concurrent.FutureTask.get(FutureTask.java:192)
	at org.apache.ratis.server.impl.LeaderElection.waitForResults(LeaderElection.java:259)
	at org.apache.ratis.server.impl.LeaderElection.askForVotes(LeaderElection.java:197)
	at org.apache.ratis.server.impl.LeaderElection.run(LeaderElection.java:133)
	at java.lang.Thread.run(Thread.java:748)
Caused by: org.apache.ratis.thirdparty.io.grpc.StatusRuntimeException: UNAVAILABLE: io exception
	at org.apache.ratis.thirdparty.io.grpc.stub.ClientCalls.toStatusRuntimeException(ClientCalls.java:233)
	at org.apache.ratis.thirdparty.io.grpc.stub.ClientCalls.getUnchecked(ClientCalls.java:214)
	at org.apache.ratis.thirdparty.io.grpc.stub.ClientCalls.blockingUnaryCall(ClientCalls.java:139)
	at org.apache.ratis.proto.grpc.RaftServerProtocolServiceGrpc$RaftServerProtocolServiceBlockingStub.requestVote(RaftServerProtocolServiceGrpc.java:265)
	at org.apache.ratis.grpc.server.GrpcServerProtocolClient.requestVote(GrpcServerProtocolClient.java:99)
	at org.apache.ratis.grpc.server.GrpcService.requestVote(GrpcService.java:204)
	at org.apache.ratis.server.impl.LeaderElection.lambda$submitRequests$1(LeaderElection.java:234)
	at java.util.concurrent.FutureTask.run(FutureTask.java:266)
	at java.util.concurrent.Executors$RunnableAdapter.call(Executors.java:511)
	at java.util.concurrent.FutureTask.run(FutureTask.java:266)
	at java.util.concurrent.ThreadPoolExecutor.runWorker(ThreadPoolExecutor.java:1149)
	at java.util.concurrent.ThreadPoolExecutor$Worker.run(ThreadPoolExecutor.java:624)
	... 1 more
Caused by: org.apache.ratis.thirdparty.io.netty.channel.AbstractChannel$AnnotatedConnectException: Connection refused: /192.168.157.203:38901
	at sun.nio.ch.SocketChannelImpl.checkConnect(Native Method)
	at sun.nio.ch.SocketChannelImpl.finishConnect(SocketChannelImpl.java:717)
	at org.apache.ratis.thirdparty.io.netty.channel.socket.nio.NioSocketChannel.doFinishConnect(NioSocketChannel.java:327)
	at org.apache.ratis.thirdparty.io.netty.channel.nio.AbstractNioChannel$AbstractNioUnsafe.finishConnect(AbstractNioChannel.java:340)
	at org.apache.ratis.thirdparty.io.netty.channel.nio.NioEventLoop.processSelectedKey(NioEventLoop.java:632)
	at org.apache.ratis.thirdparty.io.netty.channel.nio.NioEventLoop.processSelectedKeysOptimized(NioEventLoop.java:579)
	at org.apache.ratis.thirdparty.io.netty.channel.nio.NioEventLoop.processSelectedKeys(NioEventLoop.java:496)
	at org.apache.ratis.thirdparty.io.netty.channel.nio.NioEventLoop.run(NioEventLoop.java:458)
	at org.apache.ratis.thirdparty.io.netty.util.concurrent.SingleThreadEventExecutor$5.run(SingleThreadEventExecutor.java:897)
	at org.apache.ratis.thirdparty.io.netty.util.concurrent.FastThreadLocalRunnable.run(FastThreadLocalRunnable.java:30)
	... 1 more
Caused by: java.net.ConnectException: Connection refused
	... 11 more
2019-10-10 21:17:09,530 [4dd36702-53a7-4085-b21d-6691758441ba@group-D778DC13D01E-LeaderElection65] INFO  impl.LeaderElection (LeaderElection.java:logAndReturn(56)) - 4dd36702-53a7-4085-b21d-6691758441ba@group-D778DC13D01E-LeaderElection65: Election REJECTED; received 0 response(s) [] and 2 exception(s); 4dd36702-53a7-4085-b21d-6691758441ba@group-D778DC13D01E:t2, leader=null, voted=4dd36702-53a7-4085-b21d-6691758441ba, raftlog=4dd36702-53a7-4085-b21d-6691758441ba@group-D778DC13D01E-SegmentedRaftLog:OPENED:c16,f16,i16, conf=0: [8fd951db-7700-4d80-a199-354913c0ec9e:192.168.157.203:35042, 000d08e1-dac6-43bf-b6c9-fdaea313fa50:192.168.157.203:38901, 4dd36702-53a7-4085-b21d-6691758441ba:192.168.157.203:46143], old=null
2019-10-10 21:17:09,530 [4dd36702-53a7-4085-b21d-6691758441ba@group-D778DC13D01E-LeaderElection65] INFO  impl.LeaderElection (LogUtils.java:infoOrTrace(149)) -   Exception 0: {}
java.util.concurrent.ExecutionException: org.apache.ratis.thirdparty.io.grpc.StatusRuntimeException: UNAVAILABLE: io exception
	at java.util.concurrent.FutureTask.report(FutureTask.java:122)
	at java.util.concurrent.FutureTask.get(FutureTask.java:192)
	at org.apache.ratis.server.impl.LeaderElection.waitForResults(LeaderElection.java:259)
	at org.apache.ratis.server.impl.LeaderElection.askForVotes(LeaderElection.java:197)
	at org.apache.ratis.server.impl.LeaderElection.run(LeaderElection.java:133)
	at java.lang.Thread.run(Thread.java:748)
Caused by: org.apache.ratis.thirdparty.io.grpc.StatusRuntimeException: UNAVAILABLE: io exception
	at org.apache.ratis.thirdparty.io.grpc.stub.ClientCalls.toStatusRuntimeException(ClientCalls.java:233)
	at org.apache.ratis.thirdparty.io.grpc.stub.ClientCalls.getUnchecked(ClientCalls.java:214)
	at org.apache.ratis.thirdparty.io.grpc.stub.ClientCalls.blockingUnaryCall(ClientCalls.java:139)
	at org.apache.ratis.proto.grpc.RaftServerProtocolServiceGrpc$RaftServerProtocolServiceBlockingStub.requestVote(RaftServerProtocolServiceGrpc.java:265)
	at org.apache.ratis.grpc.server.GrpcServerProtocolClient.requestVote(GrpcServerProtocolClient.java:99)
	at org.apache.ratis.grpc.server.GrpcService.requestVote(GrpcService.java:204)
	at org.apache.ratis.server.impl.LeaderElection.lambda$submitRequests$1(LeaderElection.java:234)
	at java.util.concurrent.FutureTask.run(FutureTask.java:266)
	at java.util.concurrent.Executors$RunnableAdapter.call(Executors.java:511)
	at java.util.concurrent.FutureTask.run(FutureTask.java:266)
	at java.util.concurrent.ThreadPoolExecutor.runWorker(ThreadPoolExecutor.java:1149)
	at java.util.concurrent.ThreadPoolExecutor$Worker.run(ThreadPoolExecutor.java:624)
	... 1 more
Caused by: org.apache.ratis.thirdparty.io.netty.channel.AbstractChannel$AnnotatedConnectException: Connection refused: /192.168.157.203:35042
	at sun.nio.ch.SocketChannelImpl.checkConnect(Native Method)
	at sun.nio.ch.SocketChannelImpl.finishConnect(SocketChannelImpl.java:717)
	at org.apache.ratis.thirdparty.io.netty.channel.socket.nio.NioSocketChannel.doFinishConnect(NioSocketChannel.java:327)
	at org.apache.ratis.thirdparty.io.netty.channel.nio.AbstractNioChannel$AbstractNioUnsafe.finishConnect(AbstractNioChannel.java:340)
	at org.apache.ratis.thirdparty.io.netty.channel.nio.NioEventLoop.processSelectedKey(NioEventLoop.java:632)
	at org.apache.ratis.thirdparty.io.netty.channel.nio.NioEventLoop.processSelectedKeysOptimized(NioEventLoop.java:579)
	at org.apache.ratis.thirdparty.io.netty.channel.nio.NioEventLoop.processSelectedKeys(NioEventLoop.java:496)
	at org.apache.ratis.thirdparty.io.netty.channel.nio.NioEventLoop.run(NioEventLoop.java:458)
	at org.apache.ratis.thirdparty.io.netty.util.concurrent.SingleThreadEventExecutor$5.run(SingleThreadEventExecutor.java:897)
	at org.apache.ratis.thirdparty.io.netty.util.concurrent.FastThreadLocalRunnable.run(FastThreadLocalRunnable.java:30)
	... 1 more
Caused by: java.net.ConnectException: Connection refused
	... 11 more
2019-10-10 21:17:09,530 [4dd36702-53a7-4085-b21d-6691758441ba@group-D778DC13D01E-LeaderElection65] INFO  impl.LeaderElection (LogUtils.java:infoOrTrace(149)) -   Exception 1: {}
java.util.concurrent.ExecutionException: org.apache.ratis.thirdparty.io.grpc.StatusRuntimeException: UNAVAILABLE: io exception
	at java.util.concurrent.FutureTask.report(FutureTask.java:122)
	at java.util.concurrent.FutureTask.get(FutureTask.java:192)
	at org.apache.ratis.server.impl.LeaderElection.waitForResults(LeaderElection.java:259)
	at org.apache.ratis.server.impl.LeaderElection.askForVotes(LeaderElection.java:197)
	at org.apache.ratis.server.impl.LeaderElection.run(LeaderElection.java:133)
	at java.lang.Thread.run(Thread.java:748)
Caused by: org.apache.ratis.thirdparty.io.grpc.StatusRuntimeException: UNAVAILABLE: io exception
	at org.apache.ratis.thirdparty.io.grpc.stub.ClientCalls.toStatusRuntimeException(ClientCalls.java:233)
	at org.apache.ratis.thirdparty.io.grpc.stub.ClientCalls.getUnchecked(ClientCalls.java:214)
	at org.apache.ratis.thirdparty.io.grpc.stub.ClientCalls.blockingUnaryCall(ClientCalls.java:139)
	at org.apache.ratis.proto.grpc.RaftServerProtocolServiceGrpc$RaftServerProtocolServiceBlockingStub.requestVote(RaftServerProtocolServiceGrpc.java:265)
	at org.apache.ratis.grpc.server.GrpcServerProtocolClient.requestVote(GrpcServerProtocolClient.java:99)
	at org.apache.ratis.grpc.server.GrpcService.requestVote(GrpcService.java:204)
	at org.apache.ratis.server.impl.LeaderElection.lambda$submitRequests$1(LeaderElection.java:234)
	at java.util.concurrent.FutureTask.run(FutureTask.java:266)
	at java.util.concurrent.Executors$RunnableAdapter.call(Executors.java:511)
	at java.util.concurrent.FutureTask.run(FutureTask.java:266)
	at java.util.concurrent.ThreadPoolExecutor.runWorker(ThreadPoolExecutor.java:1149)
	at java.util.concurrent.ThreadPoolExecutor$Worker.run(ThreadPoolExecutor.java:624)
	... 1 more
Caused by: org.apache.ratis.thirdparty.io.netty.channel.AbstractChannel$AnnotatedConnectException: Connection refused: /192.168.157.203:38901
	at sun.nio.ch.SocketChannelImpl.checkConnect(Native Method)
	at sun.nio.ch.SocketChannelImpl.finishConnect(SocketChannelImpl.java:717)
	at org.apache.ratis.thirdparty.io.netty.channel.socket.nio.NioSocketChannel.doFinishConnect(NioSocketChannel.java:327)
	at org.apache.ratis.thirdparty.io.netty.channel.nio.AbstractNioChannel$AbstractNioUnsafe.finishConnect(AbstractNioChannel.java:340)
	at org.apache.ratis.thirdparty.io.netty.channel.nio.NioEventLoop.processSelectedKey(NioEventLoop.java:632)
	at org.apache.ratis.thirdparty.io.netty.channel.nio.NioEventLoop.processSelectedKeysOptimized(NioEventLoop.java:579)
	at org.apache.ratis.thirdparty.io.netty.channel.nio.NioEventLoop.processSelectedKeys(NioEventLoop.java:496)
	at org.apache.ratis.thirdparty.io.netty.channel.nio.NioEventLoop.run(NioEventLoop.java:458)
	at org.apache.ratis.thirdparty.io.netty.util.concurrent.SingleThreadEventExecutor$5.run(SingleThreadEventExecutor.java:897)
	at org.apache.ratis.thirdparty.io.netty.util.concurrent.FastThreadLocalRunnable.run(FastThreadLocalRunnable.java:30)
	... 1 more
Caused by: java.net.ConnectException: Connection refused
	... 11 more
2019-10-10 21:17:09,531 [4dd36702-53a7-4085-b21d-6691758441ba@group-D778DC13D01E-LeaderElection65] INFO  impl.RaftServerImpl (RaftServerImpl.java:setRole(170)) - 4dd36702-53a7-4085-b21d-6691758441ba@group-D778DC13D01E: changes role from CANDIDATE to FOLLOWER at term 2 for DISCOVERED_A_NEW_TERM
2019-10-10 21:17:09,531 [4dd36702-53a7-4085-b21d-6691758441ba@group-D778DC13D01E-LeaderElection65] INFO  impl.RoleInfo (RoleInfo.java:shutdownLeaderElection(134)) - 4dd36702-53a7-4085-b21d-6691758441ba: shutdown LeaderElection
2019-10-10 21:17:09,531 [4dd36702-53a7-4085-b21d-6691758441ba@group-D778DC13D01E-LeaderElection65] INFO  impl.RoleInfo (RoleInfo.java:updateAndGet(143)) - 4dd36702-53a7-4085-b21d-6691758441ba: start FollowerState
2019-10-10 21:17:10,015 [EventQueue-StaleNodeForStaleNodeHandler] INFO  node.StaleNodeHandler (StaleNodeHandler.java:onMessage(58)) - Datanode 850901b9-0502-4ea6-8169-4e83f9f8b449{ip: 192.168.157.203, host: pr-hdds-1986-lk2hz-517324276, networkLocation: /default-rack, certSerialId: null} moved to stale state. Finalizing its pipelines [PipelineID=80b362a3-49f5-4c31-96c6-d8d9f1566454]
2019-10-10 21:17:10,019 [EventQueue-StaleNodeForStaleNodeHandler] INFO  pipeline.SCMPipelineManager (SCMPipelineManager.java:finalizeAndDestroyPipeline(315)) - destroying pipeline:Pipeline[ Id: 80b362a3-49f5-4c31-96c6-d8d9f1566454, Nodes: 850901b9-0502-4ea6-8169-4e83f9f8b449{ip: 192.168.157.203, host: pr-hdds-1986-lk2hz-517324276, networkLocation: /default-rack, certSerialId: null}, Type:RATIS, Factor:ONE, State:OPEN]
2019-10-10 21:17:10,019 [EventQueue-StaleNodeForStaleNodeHandler] INFO  pipeline.PipelineStateManager (PipelineStateManager.java:finalizePipeline(123)) - Pipeline Pipeline[ Id: 80b362a3-49f5-4c31-96c6-d8d9f1566454, Nodes: 850901b9-0502-4ea6-8169-4e83f9f8b449{ip: 192.168.157.203, host: pr-hdds-1986-lk2hz-517324276, networkLocation: /default-rack, certSerialId: null}, Type:RATIS, Factor:ONE, State:CLOSED] moved to CLOSED state
2019-10-10 21:17:10,115 [EventQueue-StaleNodeForStaleNodeHandler] INFO  node.StaleNodeHandler (StaleNodeHandler.java:onMessage(58)) - Datanode 4dd36702-53a7-4085-b21d-6691758441ba{ip: 192.168.157.203, host: pr-hdds-1986-lk2hz-517324276, networkLocation: /default-rack, certSerialId: null} moved to stale state. Finalizing its pipelines [PipelineID=ff3ab2fd-fe0c-4955-a554-ce6b36b57a7c, PipelineID=fef62540-7fb8-4c09-a77e-d778dc13d01e]
2019-10-10 21:17:10,115 [EventQueue-StaleNodeForStaleNodeHandler] INFO  pipeline.SCMPipelineManager (SCMPipelineManager.java:finalizeAndDestroyPipeline(315)) - destroying pipeline:Pipeline[ Id: ff3ab2fd-fe0c-4955-a554-ce6b36b57a7c, Nodes: 4dd36702-53a7-4085-b21d-6691758441ba{ip: 192.168.157.203, host: pr-hdds-1986-lk2hz-517324276, networkLocation: /default-rack, certSerialId: null}, Type:RATIS, Factor:ONE, State:OPEN]
2019-10-10 21:17:10,115 [EventQueue-StaleNodeForStaleNodeHandler] INFO  pipeline.PipelineStateManager (PipelineStateManager.java:finalizePipeline(123)) - Pipeline Pipeline[ Id: ff3ab2fd-fe0c-4955-a554-ce6b36b57a7c, Nodes: 4dd36702-53a7-4085-b21d-6691758441ba{ip: 192.168.157.203, host: pr-hdds-1986-lk2hz-517324276, networkLocation: /default-rack, certSerialId: null}, Type:RATIS, Factor:ONE, State:CLOSED] moved to CLOSED state
2019-10-10 21:17:10,116 [EventQueue-StaleNodeForStaleNodeHandler] INFO  pipeline.SCMPipelineManager (SCMPipelineManager.java:finalizeAndDestroyPipeline(315)) - destroying pipeline:Pipeline[ Id: fef62540-7fb8-4c09-a77e-d778dc13d01e, Nodes: 4dd36702-53a7-4085-b21d-6691758441ba{ip: 192.168.157.203, host: pr-hdds-1986-lk2hz-517324276, networkLocation: /default-rack, certSerialId: null}000d08e1-dac6-43bf-b6c9-fdaea313fa50{ip: 192.168.157.203, host: pr-hdds-1986-lk2hz-517324276, networkLocation: /default-rack, certSerialId: null}8fd951db-7700-4d80-a199-354913c0ec9e{ip: 192.168.157.203, host: pr-hdds-1986-lk2hz-517324276, networkLocation: /default-rack, certSerialId: null}, Type:RATIS, Factor:THREE, State:CLOSED]
2019-10-10 21:17:10,551 [main] INFO  ozoneimpl.OzoneContainer (OzoneContainer.java:stop(227)) - Attempting to stop container services.
2019-10-10 21:17:10,552 [main] INFO  impl.RaftServerProxy (RaftServerProxy.java:lambda$close$4(314)) - 850901b9-0502-4ea6-8169-4e83f9f8b449: close
2019-10-10 21:17:10,552 [main] INFO  impl.RaftServerImpl (RaftServerImpl.java:lambda$shutdown$3(247)) - 850901b9-0502-4ea6-8169-4e83f9f8b449@group-D8D9F1566454: shutdown
2019-10-10 21:17:10,553 [main] INFO  util.JmxRegister (JmxRegister.java:unregister(73)) - Successfully un-registered JMX Bean with object name Ratis:service=RaftServer,group=group-D8D9F1566454,id=850901b9-0502-4ea6-8169-4e83f9f8b449
2019-10-10 21:17:10,553 [main] INFO  impl.RoleInfo (RoleInfo.java:shutdownLeaderState(104)) - 850901b9-0502-4ea6-8169-4e83f9f8b449: shutdown LeaderState
2019-10-10 21:17:10,554 [main] INFO  impl.PendingRequests (PendingRequests.java:sendNotLeaderResponses(202)) - 850901b9-0502-4ea6-8169-4e83f9f8b449@group-D8D9F1566454-PendingRequests: sendNotLeaderResponses
2019-10-10 21:17:10,554 [ForkJoinPool.commonPool-worker-1] INFO  ozoneimpl.OzoneContainer (OzoneContainer.java:stop(227)) - Attempting to stop container services.
2019-10-10 21:17:10,555 [main] INFO  impl.StateMachineUpdater (StateMachineUpdater.java:stopAndJoin(136)) - 850901b9-0502-4ea6-8169-4e83f9f8b449@group-D8D9F1566454-StateMachineUpdater: set stopIndex = 0
2019-10-10 21:17:10,559 [ForkJoinPool.commonPool-worker-1] INFO  impl.RaftServerProxy (RaftServerProxy.java:lambda$close$4(314)) - 4dd36702-53a7-4085-b21d-6691758441ba: close
2019-10-10 21:17:10,559 [ForkJoinPool.commonPool-worker-1] INFO  impl.RaftServerImpl (RaftServerImpl.java:lambda$shutdown$3(247)) - 4dd36702-53a7-4085-b21d-6691758441ba@group-CE6B36B57A7C: shutdown
2019-10-10 21:17:10,560 [ForkJoinPool.commonPool-worker-1] INFO  util.JmxRegister (JmxRegister.java:unregister(73)) - Successfully un-registered JMX Bean with object name Ratis:service=RaftServer,group=group-CE6B36B57A7C,id=4dd36702-53a7-4085-b21d-6691758441ba
2019-10-10 21:17:10,560 [ForkJoinPool.commonPool-worker-1] INFO  impl.RoleInfo (RoleInfo.java:shutdownLeaderState(104)) - 4dd36702-53a7-4085-b21d-6691758441ba: shutdown LeaderState
2019-10-10 21:17:10,560 [main] INFO  impl.RaftServerImpl (ServerState.java:close(387)) - 850901b9-0502-4ea6-8169-4e83f9f8b449@group-D8D9F1566454: closes. applyIndex: 0
2019-10-10 21:17:10,560 [ForkJoinPool.commonPool-worker-1] INFO  impl.PendingRequests (PendingRequests.java:sendNotLeaderResponses(202)) - 4dd36702-53a7-4085-b21d-6691758441ba@group-CE6B36B57A7C-PendingRequests: sendNotLeaderResponses
2019-10-10 21:17:10,560 [ForkJoinPool.commonPool-worker-1] INFO  impl.StateMachineUpdater (StateMachineUpdater.java:stopAndJoin(136)) - 4dd36702-53a7-4085-b21d-6691758441ba@group-CE6B36B57A7C-StateMachineUpdater: set stopIndex = 0
2019-10-10 21:17:10,561 [850901b9-0502-4ea6-8169-4e83f9f8b449@group-D8D9F1566454-SegmentedRaftLogWorker] INFO  segmented.SegmentedRaftLogWorker (SegmentedRaftLogWorker.java:run(316)) - 850901b9-0502-4ea6-8169-4e83f9f8b449@group-D8D9F1566454-SegmentedRaftLogWorker was interrupted, exiting. There are 0 tasks remaining in the queue.
2019-10-10 21:17:10,561 [ForkJoinPool.commonPool-worker-1] INFO  impl.RaftServerImpl (ServerState.java:close(387)) - 4dd36702-53a7-4085-b21d-6691758441ba@group-CE6B36B57A7C: closes. applyIndex: 0
2019-10-10 21:17:10,563 [main] INFO  segmented.SegmentedRaftLogWorker (SegmentedRaftLogWorker.java:close(224)) - 850901b9-0502-4ea6-8169-4e83f9f8b449@group-D8D9F1566454-SegmentedRaftLogWorker close()
2019-10-10 21:17:10,563 [4dd36702-53a7-4085-b21d-6691758441ba@group-CE6B36B57A7C-SegmentedRaftLogWorker] INFO  segmented.SegmentedRaftLogWorker (SegmentedRaftLogWorker.java:run(316)) - 4dd36702-53a7-4085-b21d-6691758441ba@group-CE6B36B57A7C-SegmentedRaftLogWorker was interrupted, exiting. There are 0 tasks remaining in the queue.
2019-10-10 21:17:10,567 [main] INFO  server.GrpcService (GrpcService.java:closeImpl(164)) - 850901b9-0502-4ea6-8169-4e83f9f8b449: shutdown server with port 44644 now
2019-10-10 21:17:10,569 [ForkJoinPool.commonPool-worker-1] INFO  segmented.SegmentedRaftLogWorker (SegmentedRaftLogWorker.java:close(224)) - 4dd36702-53a7-4085-b21d-6691758441ba@group-CE6B36B57A7C-SegmentedRaftLogWorker close()
2019-10-10 21:17:10,585 [ForkJoinPool.commonPool-worker-1] INFO  impl.RaftServerImpl (RaftServerImpl.java:lambda$shutdown$3(247)) - 4dd36702-53a7-4085-b21d-6691758441ba@group-D778DC13D01E: shutdown
2019-10-10 21:17:10,585 [ForkJoinPool.commonPool-worker-1] INFO  util.JmxRegister (JmxRegister.java:unregister(73)) - Successfully un-registered JMX Bean with object name Ratis:service=RaftServer,group=group-D778DC13D01E,id=4dd36702-53a7-4085-b21d-6691758441ba
2019-10-10 21:17:10,585 [main] INFO  server.GrpcService (GrpcService.java:closeImpl(172)) - 850901b9-0502-4ea6-8169-4e83f9f8b449: shutdown server with port 44644 successfully
2019-10-10 21:17:10,585 [ForkJoinPool.commonPool-worker-1] INFO  impl.RoleInfo (RoleInfo.java:shutdownFollowerState(121)) - 4dd36702-53a7-4085-b21d-6691758441ba: shutdown FollowerState
2019-10-10 21:17:10,586 [ForkJoinPool.commonPool-worker-1] INFO  impl.StateMachineUpdater (StateMachineUpdater.java:stopAndJoin(136)) - 4dd36702-53a7-4085-b21d-6691758441ba@group-D778DC13D01E-StateMachineUpdater: set stopIndex = 16
2019-10-10 21:17:10,586 [Thread-3140] INFO  impl.FollowerState (FollowerState.java:run(117)) - 4dd36702-53a7-4085-b21d-6691758441ba@group-D778DC13D01E-FollowerState was interrupted: java.lang.InterruptedException: sleep interrupted
2019-10-10 21:17:10,586 [4dd36702-53a7-4085-b21d-6691758441ba@group-D778DC13D01E-StateMachineUpdater] INFO  ratis.ContainerStateMachine (ContainerStateMachine.java:takeSnapshot(294)) - group-D778DC13D01E: Taking a snapshot at:(t:1, i:14) file /workdir/hadoop-ozone/integration-test/target/test-dir/MiniOzoneClusterImpl-008c13f9-99c9-46b6-a713-c4581bd201ba/datanode-0/data/ratis/fef62540-7fb8-4c09-a77e-d778dc13d01e/sm/snapshot.1_14
2019-10-10 21:17:10,592 [refreshUsed-/workdir/hadoop-ozone/integration-test/target/test-dir/MiniOzoneClusterImpl-008c13f9-99c9-46b6-a713-c4581bd201ba/datanode-5/data/containers] WARN  fs.CachingGetSpaceUsed (CachingGetSpaceUsed.java:run(183)) - Thread Interrupted waiting to refresh disk information: sleep interrupted
2019-10-10 21:17:10,603 [4dd36702-53a7-4085-b21d-6691758441ba@group-D778DC13D01E-StateMachineUpdater] INFO  ratis.ContainerStateMachine (ContainerStateMachine.java:takeSnapshot(305)) - group-D778DC13D01E: Finished taking a snapshot at:(t:1, i:14) file:/workdir/hadoop-ozone/integration-test/target/test-dir/MiniOzoneClusterImpl-008c13f9-99c9-46b6-a713-c4581bd201ba/datanode-0/data/ratis/fef62540-7fb8-4c09-a77e-d778dc13d01e/sm/snapshot.1_14 time:17
2019-10-10 21:17:10,603 [4dd36702-53a7-4085-b21d-6691758441ba@group-D778DC13D01E-StateMachineUpdater] INFO  impl.StateMachineUpdater (StateMachineUpdater.java:takeSnapshot(269)) - 4dd36702-53a7-4085-b21d-6691758441ba@group-D778DC13D01E-StateMachineUpdater: Took a snapshot at index 14
2019-10-10 21:17:10,603 [4dd36702-53a7-4085-b21d-6691758441ba@group-D778DC13D01E-StateMachineUpdater] INFO  impl.StateMachineUpdater (StateMachineUpdater.java:lambda$new$0(84)) - 4dd36702-53a7-4085-b21d-6691758441ba@group-D778DC13D01E-StateMachineUpdater: snapshotIndex: updateIncreasingly -1 -> 14
2019-10-10 21:17:10,604 [4dd36702-53a7-4085-b21d-6691758441ba@group-D778DC13D01E-StateMachineUpdater] INFO  ratis.ContainerStateMachine (ContainerStateMachine.java:takeSnapshot(294)) - group-D778DC13D01E: Taking a snapshot at:(t:1, i:14) file /workdir/hadoop-ozone/integration-test/target/test-dir/MiniOzoneClusterImpl-008c13f9-99c9-46b6-a713-c4581bd201ba/datanode-0/data/ratis/fef62540-7fb8-4c09-a77e-d778dc13d01e/sm/snapshot.1_14
2019-10-10 21:17:10,611 [main] INFO  utils.BackgroundService (BackgroundService.java:shutdown(151)) - Shutting down service BlockDeletingService
2019-10-10 21:17:10,617 [4dd36702-53a7-4085-b21d-6691758441ba@group-D778DC13D01E-StateMachineUpdater] INFO  ratis.ContainerStateMachine (ContainerStateMachine.java:takeSnapshot(305)) - group-D778DC13D01E: Finished taking a snapshot at:(t:1, i:14) file:/workdir/hadoop-ozone/integration-test/target/test-dir/MiniOzoneClusterImpl-008c13f9-99c9-46b6-a713-c4581bd201ba/datanode-0/data/ratis/fef62540-7fb8-4c09-a77e-d778dc13d01e/sm/snapshot.1_14 time:13
2019-10-10 21:17:10,617 [4dd36702-53a7-4085-b21d-6691758441ba@group-D778DC13D01E-StateMachineUpdater] INFO  impl.StateMachineUpdater (StateMachineUpdater.java:takeSnapshot(269)) - 4dd36702-53a7-4085-b21d-6691758441ba@group-D778DC13D01E-StateMachineUpdater: Took a snapshot at index 14
2019-10-10 21:17:10,619 [main] INFO  statemachine.DatanodeStateMachine (DatanodeStateMachine.java:stopDaemon(395)) - Ozone container server stopped.
2019-10-10 21:17:10,619 [4dd36702-53a7-4085-b21d-6691758441ba@group-D778DC13D01E-StateMachineUpdater] INFO  impl.StateMachineUpdater (StateMachineUpdater.java:lambda$new$0(84)) - 4dd36702-53a7-4085-b21d-6691758441ba@group-D778DC13D01E-StateMachineUpdater: snapshotIndex: updateIncreasingly 14 -> 14
2019-10-10 21:17:10,620 [ForkJoinPool.commonPool-worker-1] INFO  impl.RaftServerImpl (ServerState.java:close(387)) - 4dd36702-53a7-4085-b21d-6691758441ba@group-D778DC13D01E: closes. applyIndex: 16
2019-10-10 21:17:10,620 [4dd36702-53a7-4085-b21d-6691758441ba@group-D778DC13D01E-SegmentedRaftLogWorker] INFO  segmented.SegmentedRaftLogWorker (SegmentedRaftLogWorker.java:run(316)) - 4dd36702-53a7-4085-b21d-6691758441ba@group-D778DC13D01E-SegmentedRaftLogWorker was interrupted, exiting. There are 0 tasks remaining in the queue.
2019-10-10 21:17:10,620 [ForkJoinPool.commonPool-worker-1] INFO  segmented.SegmentedRaftLogWorker (SegmentedRaftLogWorker.java:close(224)) - 4dd36702-53a7-4085-b21d-6691758441ba@group-D778DC13D01E-SegmentedRaftLogWorker close()
2019-10-10 21:17:10,622 [ForkJoinPool.commonPool-worker-1] INFO  server.GrpcService (GrpcService.java:closeImpl(164)) - 4dd36702-53a7-4085-b21d-6691758441ba: shutdown server with port 46143 now
2019-10-10 21:17:10,624 [ForkJoinPool.commonPool-worker-1] INFO  server.GrpcService (GrpcService.java:closeImpl(172)) - 4dd36702-53a7-4085-b21d-6691758441ba: shutdown server with port 46143 successfully
2019-10-10 21:17:10,627 [refreshUsed-/workdir/hadoop-ozone/integration-test/target/test-dir/MiniOzoneClusterImpl-008c13f9-99c9-46b6-a713-c4581bd201ba/datanode-0/data/containers] WARN  fs.CachingGetSpaceUsed (CachingGetSpaceUsed.java:run(183)) - Thread Interrupted waiting to refresh disk information: sleep interrupted
2019-10-10 21:17:10,632 [main] INFO  handler.ContextHandler (ContextHandler.java:doStop(910)) - Stopped o.e.j.w.WebAppContext@204d9edf{/,null,UNAVAILABLE}{/hddsDatanode}
2019-10-10 21:17:10,633 [main] INFO  server.AbstractConnector (AbstractConnector.java:doStop(318)) - Stopped ServerConnector@6b2aafbc{HTTP/1.1,[http/1.1]}{0.0.0.0:0}
2019-10-10 21:17:10,634 [main] INFO  handler.ContextHandler (ContextHandler.java:doStop(910)) - Stopped o.e.j.s.ServletContextHandler@4245bf68{/static,jar:file:/home/user/.m2/repository/org/apache/hadoop/hadoop-hdds-container-service/0.5.0-SNAPSHOT/hadoop-hdds-container-service-0.5.0-SNAPSHOT.jar!/webapps/static,UNAVAILABLE}
2019-10-10 21:17:10,634 [main] INFO  handler.ContextHandler (ContextHandler.java:doStop(910)) - Stopped o.e.j.s.ServletContextHandler@7faa0680{/logs,file:///workdir/hadoop-ozone/integration-test/target/log,UNAVAILABLE}
2019-10-10 21:17:10,649 [ForkJoinPool.commonPool-worker-1] INFO  utils.BackgroundService (BackgroundService.java:shutdown(151)) - Shutting down service BlockDeletingService
2019-10-10 21:17:10,655 [ForkJoinPool.commonPool-worker-1] INFO  statemachine.DatanodeStateMachine (DatanodeStateMachine.java:stopDaemon(395)) - Ozone container server stopped.
2019-10-10 21:17:10,660 [ForkJoinPool.commonPool-worker-1] INFO  handler.ContextHandler (ContextHandler.java:doStop(910)) - Stopped o.e.j.w.WebAppContext@33324c05{/,null,UNAVAILABLE}{/hddsDatanode}
2019-10-10 21:17:10,660 [ForkJoinPool.commonPool-worker-1] INFO  server.AbstractConnector (AbstractConnector.java:doStop(318)) - Stopped ServerConnector@37d3e140{HTTP/1.1,[http/1.1]}{0.0.0.0:0}
2019-10-10 21:17:10,665 [ForkJoinPool.commonPool-worker-1] INFO  handler.ContextHandler (ContextHandler.java:doStop(910)) - Stopped o.e.j.s.ServletContextHandler@7f4a1cac{/static,jar:file:/home/user/.m2/repository/org/apache/hadoop/hadoop-hdds-container-service/0.5.0-SNAPSHOT/hadoop-hdds-container-service-0.5.0-SNAPSHOT.jar!/webapps/static,UNAVAILABLE}
2019-10-10 21:17:10,665 [ForkJoinPool.commonPool-worker-1] INFO  handler.ContextHandler (ContextHandler.java:doStop(910)) - Stopped o.e.j.s.ServletContextHandler@58a3d521{/logs,file:///workdir/hadoop-ozone/integration-test/target/log,UNAVAILABLE}
2019-10-10 21:17:10,666 [main] INFO  ozone.MiniOzoneClusterImpl (MiniOzoneClusterImpl.java:stopSCM(392)) - Stopping the StorageContainerManager
2019-10-10 21:17:10,666 [main] INFO  server.StorageContainerManager (StorageContainerManager.java:stop(810)) - Stopping Replication Manager Service.
2019-10-10 21:17:10,666 [main] INFO  container.ReplicationManager (ReplicationManager.java:stop(203)) - Stopping Replication Monitor Thread.
2019-10-10 21:17:10,667 [main] INFO  server.StorageContainerManager (StorageContainerManager.java:stop(817)) - Stopping Lease Manager of the command watchers
2019-10-10 21:17:10,667 [main] INFO  server.StorageContainerManager (StorageContainerManager.java:stop(824)) - Stopping datanode service RPC server
2019-10-10 21:17:10,667 [main] INFO  server.SCMDatanodeProtocolServer (SCMDatanodeProtocolServer.java:stop(346)) - Stopping the RPC server for DataNodes
2019-10-10 21:17:10,667 [main] INFO  ipc.Server (Server.java:stop(3082)) - Stopping server on 33321
2019-10-10 21:17:10,671 [IPC Server listener on 33321] INFO  ipc.Server (Server.java:run(1185)) - Stopping IPC Server listener on 33321
2019-10-10 21:17:10,671 [IPC Server Responder] INFO  ipc.Server (Server.java:run(1319)) - Stopping IPC Server Responder
2019-10-10 21:17:10,717 [SCM Heartbeat Processing Thread - 0] WARN  node.NodeStateManager (NodeStateManager.java:scheduleNextHealthCheck(646)) - Current Thread is interrupted, shutting down HB processing thread for Node Manager.
2019-10-10 21:17:10,718 [main] INFO  server.StorageContainerManager (StorageContainerManager.java:stop(832)) - Stopping block service RPC server
2019-10-10 21:17:10,718 [main] INFO  server.SCMBlockProtocolServer (SCMBlockProtocolServer.java:stop(155)) - Stopping the RPC server for Block Protocol
2019-10-10 21:17:10,718 [main] INFO  ipc.Server (Server.java:stop(3082)) - Stopping server on 46447
2019-10-10 21:17:10,722 [IPC Server listener on 46447] INFO  ipc.Server (Server.java:run(1185)) - Stopping IPC Server listener on 46447
2019-10-10 21:17:10,722 [main] INFO  server.StorageContainerManager (StorageContainerManager.java:stop(839)) - Stopping the StorageContainerLocationProtocol RPC server
2019-10-10 21:17:10,722 [IPC Server Responder] INFO  ipc.Server (Server.java:run(1319)) - Stopping IPC Server Responder
2019-10-10 21:17:10,722 [main] INFO  server.SCMClientProtocolServer (SCMClientProtocolServer.java:stop(168)) - Stopping the RPC server for Client Protocol
2019-10-10 21:17:10,724 [main] INFO  ipc.Server (Server.java:stop(3082)) - Stopping server on 41549
2019-10-10 21:17:10,727 [main] INFO  server.StorageContainerManager (StorageContainerManager.java:stop(846)) - Stopping Storage Container Manager HTTP server.
2019-10-10 21:17:10,727 [IPC Server Responder] INFO  ipc.Server (Server.java:run(1319)) - Stopping IPC Server Responder
2019-10-10 21:17:10,727 [IPC Server listener on 41549] INFO  ipc.Server (Server.java:run(1185)) - Stopping IPC Server listener on 41549
2019-10-10 21:17:10,730 [main] INFO  handler.ContextHandler (ContextHandler.java:doStop(910)) - Stopped o.e.j.w.WebAppContext@2407a36c{/,null,UNAVAILABLE}{/scm}
2019-10-10 21:17:10,730 [main] INFO  server.AbstractConnector (AbstractConnector.java:doStop(318)) - Stopped ServerConnector@5ec9eefa{HTTP/1.1,[http/1.1]}{0.0.0.0:0}
2019-10-10 21:17:10,731 [main] INFO  handler.ContextHandler (ContextHandler.java:doStop(910)) - Stopped o.e.j.s.ServletContextHandler@636985df{/static,file:///workdir/hadoop-ozone/integration-test/target/test-classes/webapps/static,UNAVAILABLE}
2019-10-10 21:17:10,731 [main] INFO  handler.ContextHandler (ContextHandler.java:doStop(910)) - Stopped o.e.j.s.ServletContextHandler@3fb450d7{/logs,file:///workdir/hadoop-ozone/integration-test/target/log,UNAVAILABLE}
2019-10-10 21:17:10,732 [main] INFO  server.StorageContainerManager (StorageContainerManager.java:stop(857)) - Stopping Block Manager Service.
2019-10-10 21:17:10,732 [main] INFO  utils.BackgroundService (BackgroundService.java:shutdown(151)) - Shutting down service SCMBlockDeletingService
2019-10-10 21:17:10,732 [main] INFO  utils.BackgroundService (BackgroundService.java:shutdown(151)) - Shutting down service SCMBlockDeletingService
2019-10-10 21:17:10,733 [main] INFO  server.StorageContainerManager (StorageContainerManager.java:stop(879)) - Stopping SCM Event Queue.
2019-10-10 21:17:10,742 [main] INFO  impl.MetricsSystemImpl (MetricsSystemImpl.java:stop(210)) - Stopping HddsDatanode metrics system...
2019-10-10 21:17:10,769 [main] INFO  impl.MetricsSystemImpl (MetricsSystemImpl.java:stop(216)) - HddsDatanode metrics system stopped.
]]></system-out>
  </testcase>
  <testcase name="testFailureWithPrimeSizedData" classname="org.apache.hadoop.ozone.client.rpc.TestBlockOutputStreamWithFailures" time="33.866"/>
  <testcase name="testWatchForCommitWithCloseContainerException" classname="org.apache.hadoop.ozone.client.rpc.TestBlockOutputStreamWithFailures" time="34.878"/>
  <testcase name="testExceptionDuringClose" classname="org.apache.hadoop.ozone.client.rpc.TestBlockOutputStreamWithFailures" time="35.517"/>
</testsuite>