<?xml version="1.0" encoding="UTF-8"?>
<testsuite xmlns:xsi="http://www.w3.org/2001/XMLSchema-instance" xsi:noNamespaceSchemaLocation="https://maven.apache.org/surefire/maven-surefire-plugin/xsd/surefire-test-report.xsd" name="org.apache.hadoop.ozone.client.rpc.TestWatchForCommit" time="221.68" tests="5" errors="1" skipped="0" failures="1">
  <properties>
    <property name="awt.toolkit" value="sun.awt.X11.XToolkit"/>
    <property name="file.encoding.pkg" value="sun.io"/>
    <property name="java.specification.version" value="1.8"/>
    <property name="sun.cpu.isalist" value=""/>
    <property name="sun.jnu.encoding" value="UTF-8"/>
    <property name="java.class.path" value="/workdir/hadoop-ozone/integration-test/target/test-classes:/workdir/hadoop-ozone/integration-test/target/classes:/home/user/.m2/repository/org/apache/hadoop/hadoop-ozone-common/0.5.0-SNAPSHOT/hadoop-ozone-common-0.5.0-SNAPSHOT.jar:/home/user/.m2/repository/org/apache/commons/commons-compress/1.4.1/commons-compress-1.4.1.jar:/home/user/.m2/repository/org/tukaani/xz/1.0/xz-1.0.jar:/home/user/.m2/repository/org/apache/hadoop/hadoop-common/3.2.0/hadoop-common-3.2.0.jar:/home/user/.m2/repository/org/apache/hadoop/hadoop-hdfs/3.2.0/hadoop-hdfs-3.2.0.jar:/home/user/.m2/repository/org/apache/hadoop/hadoop-hdfs-client/3.2.0/hadoop-hdfs-client-3.2.0.jar:/home/user/.m2/repository/com/fasterxml/jackson/core/jackson-annotations/2.9.9/jackson-annotations-2.9.9.jar:/home/user/.m2/repository/org/apache/hadoop/hadoop-hdds-common/0.5.0-SNAPSHOT/hadoop-hdds-common-0.5.0-SNAPSHOT.jar:/home/user/.m2/repository/javax/annotation/javax.annotation-api/1.2/javax.annotation-api-1.2.jar:/home/user/.m2/repository/org/apache/ratis/ratis-server/0.5.0-201fc85-SNAPSHOT/ratis-server-0.5.0-201fc85-SNAPSHOT.jar:/home/user/.m2/repository/org/apache/ratis/ratis-thirdparty-misc/0.2.0/ratis-thirdparty-misc-0.2.0.jar:/home/user/.m2/repository/org/apache/ratis/ratis-proto/0.5.0-201fc85-SNAPSHOT/ratis-proto-0.5.0-201fc85-SNAPSHOT.jar:/home/user/.m2/repository/org/apache/ratis/ratis-common/0.5.0-201fc85-SNAPSHOT/ratis-common-0.5.0-201fc85-SNAPSHOT.jar:/home/user/.m2/repository/org/apache/ratis/ratis-client/0.5.0-201fc85-SNAPSHOT/ratis-client-0.5.0-201fc85-SNAPSHOT.jar:/home/user/.m2/repository/org/apache/ratis/ratis-metrics/0.5.0-201fc85-SNAPSHOT/ratis-metrics-0.5.0-201fc85-SNAPSHOT.jar:/home/user/.m2/repository/com/github/joshelser/dropwizard-metrics-hadoop-metrics2-reporter/0.1.2/dropwizard-metrics-hadoop-metrics2-reporter-0.1.2.jar:/home/user/.m2/repository/io/dropwizard/metrics/metrics-jvm/3.2.5/metrics-jvm-3.2.5.jar:/home/user/.m2/repository/io/dropwizard/metrics/metrics-ganglia/3.2.5/metrics-ganglia-3.2.5.jar:/home/user/.m2/repository/info/ganglia/gmetric4j/gmetric4j/1.0.7/gmetric4j-1.0.7.jar:/home/user/.m2/repository/org/apache/ratis/ratis-netty/0.5.0-201fc85-SNAPSHOT/ratis-netty-0.5.0-201fc85-SNAPSHOT.jar:/home/user/.m2/repository/org/apache/ratis/ratis-grpc/0.5.0-201fc85-SNAPSHOT/ratis-grpc-0.5.0-201fc85-SNAPSHOT.jar:/home/user/.m2/repository/org/rocksdb/rocksdbjni/6.0.1/rocksdbjni-6.0.1.jar:/home/user/.m2/repository/org/apache/logging/log4j/log4j-api/2.11.0/log4j-api-2.11.0.jar:/home/user/.m2/repository/org/apache/logging/log4j/log4j-core/2.11.0/log4j-core-2.11.0.jar:/home/user/.m2/repository/com/lmax/disruptor/3.4.2/disruptor-3.4.2.jar:/home/user/.m2/repository/org/apache/commons/commons-pool2/2.6.0/commons-pool2-2.6.0.jar:/home/user/.m2/repository/org/bouncycastle/bcpkix-jdk15on/1.60/bcpkix-jdk15on-1.60.jar:/home/user/.m2/repository/commons-validator/commons-validator/1.6/commons-validator-1.6.jar:/home/user/.m2/repository/commons-digester/commons-digester/1.8.1/commons-digester-1.8.1.jar:/home/user/.m2/repository/io/jaegertracing/jaeger-client/0.34.0/jaeger-client-0.34.0.jar:/home/user/.m2/repository/io/jaegertracing/jaeger-thrift/0.34.0/jaeger-thrift-0.34.0.jar:/home/user/.m2/repository/org/apache/thrift/libthrift/0.12.0/libthrift-0.12.0.jar:/home/user/.m2/repository/com/squareup/okhttp3/okhttp/3.9.0/okhttp-3.9.0.jar:/home/user/.m2/repository/com/squareup/okio/okio/1.13.0/okio-1.13.0.jar:/home/user/.m2/repository/io/jaegertracing/jaeger-core/0.34.0/jaeger-core-0.34.0.jar:/home/user/.m2/repository/io/jaegertracing/jaeger-tracerresolver/0.34.0/jaeger-tracerresolver-0.34.0.jar:/home/user/.m2/repository/io/opentracing/contrib/opentracing-tracerresolver/0.1.5/opentracing-tracerresolver-0.1.5.jar:/home/user/.m2/repository/io/opentracing/opentracing-util/0.31.0/opentracing-util-0.31.0.jar:/home/user/.m2/repository/io/opentracing/opentracing-api/0.31.0/opentracing-api-0.31.0.jar:/home/user/.m2/repository/io/opentracing/opentracing-noop/0.31.0/opentracing-noop-0.31.0.jar:/home/user/.m2/repository/org/apache/hadoop/hadoop-hdds-server-framework/0.5.0-SNAPSHOT/hadoop-hdds-server-framework-0.5.0-SNAPSHOT.jar:/home/user/.m2/repository/org/apache/hadoop/hadoop-hdds-container-service/0.5.0-SNAPSHOT/hadoop-hdds-container-service-0.5.0-SNAPSHOT.jar:/home/user/.m2/repository/org/apache/hadoop/hadoop-hdds-client/0.5.0-SNAPSHOT/hadoop-hdds-client-0.5.0-SNAPSHOT.jar:/home/user/.m2/repository/org/apache/hadoop/hadoop-hdds-tools/0.5.0-SNAPSHOT/hadoop-hdds-tools-0.5.0-SNAPSHOT.jar:/home/user/.m2/repository/org/apache/hadoop/hadoop-hdds-server-scm/0.5.0-SNAPSHOT/hadoop-hdds-server-scm-0.5.0-SNAPSHOT.jar:/home/user/.m2/repository/org/apache/hadoop/hadoop-hdds-docs/0.5.0-SNAPSHOT/hadoop-hdds-docs-0.5.0-SNAPSHOT.jar:/home/user/.m2/repository/io/dropwizard/metrics/metrics-core/3.2.4/metrics-core-3.2.4.jar:/home/user/.m2/repository/org/hamcrest/hamcrest-all/1.3/hamcrest-all-1.3.jar:/home/user/.m2/repository/org/bouncycastle/bcprov-jdk15on/1.60/bcprov-jdk15on-1.60.jar:/home/user/.m2/repository/info/picocli/picocli/3.9.6/picocli-3.9.6.jar:/home/user/.m2/repository/com/google/protobuf/protobuf-java/2.5.0/protobuf-java-2.5.0.jar:/home/user/.m2/repository/com/google/guava/guava/11.0.2/guava-11.0.2.jar:/home/user/.m2/repository/org/apache/hadoop/hadoop-ozone-ozone-manager/0.5.0-SNAPSHOT/hadoop-ozone-ozone-manager-0.5.0-SNAPSHOT.jar:/home/user/.m2/repository/org/apache/hadoop/hadoop-minikdc/3.2.0/hadoop-minikdc-3.2.0.jar:/home/user/.m2/repository/commons-io/commons-io/2.5/commons-io-2.5.jar:/home/user/.m2/repository/org/apache/kerby/kerb-simplekdc/1.0.1/kerb-simplekdc-1.0.1.jar:/home/user/.m2/repository/org/apache/kerby/kerb-client/1.0.1/kerb-client-1.0.1.jar:/home/user/.m2/repository/org/apache/kerby/kerby-config/1.0.1/kerby-config-1.0.1.jar:/home/user/.m2/repository/org/apache/kerby/kerb-core/1.0.1/kerb-core-1.0.1.jar:/home/user/.m2/repository/org/apache/kerby/kerby-pkix/1.0.1/kerby-pkix-1.0.1.jar:/home/user/.m2/repository/org/apache/kerby/kerby-asn1/1.0.1/kerby-asn1-1.0.1.jar:/home/user/.m2/repository/org/apache/kerby/kerby-util/1.0.1/kerby-util-1.0.1.jar:/home/user/.m2/repository/org/apache/kerby/kerb-common/1.0.1/kerb-common-1.0.1.jar:/home/user/.m2/repository/org/apache/kerby/kerb-crypto/1.0.1/kerb-crypto-1.0.1.jar:/home/user/.m2/repository/org/apache/kerby/kerb-util/1.0.1/kerb-util-1.0.1.jar:/home/user/.m2/repository/org/apache/kerby/token-provider/1.0.1/token-provider-1.0.1.jar:/home/user/.m2/repository/org/apache/kerby/kerb-admin/1.0.1/kerb-admin-1.0.1.jar:/home/user/.m2/repository/org/apache/kerby/kerb-server/1.0.1/kerb-server-1.0.1.jar:/home/user/.m2/repository/org/apache/kerby/kerb-identity/1.0.1/kerb-identity-1.0.1.jar:/home/user/.m2/repository/org/apache/kerby/kerby-xdr/1.0.1/kerby-xdr-1.0.1.jar:/home/user/.m2/repository/org/slf4j/slf4j-log4j12/1.7.25/slf4j-log4j12-1.7.25.jar:/home/user/.m2/repository/org/apache/hadoop/hadoop-ozone-s3gateway/0.5.0-SNAPSHOT/hadoop-ozone-s3gateway-0.5.0-SNAPSHOT.jar:/home/user/.m2/repository/org/jboss/weld/servlet/weld-servlet/2.4.7.Final/weld-servlet-2.4.7.Final.jar:/home/user/.m2/repository/org/glassfish/jersey/containers/jersey-container-servlet-core/2.27/jersey-container-servlet-core-2.27.jar:/home/user/.m2/repository/org/glassfish/hk2/external/javax.inject/2.5.0-b42/javax.inject-2.5.0-b42.jar:/home/user/.m2/repository/org/glassfish/jersey/core/jersey-common/2.27/jersey-common-2.27.jar:/home/user/.m2/repository/org/glassfish/hk2/osgi-resource-locator/1.0.1/osgi-resource-locator-1.0.1.jar:/home/user/.m2/repository/javax/ws/rs/javax.ws.rs-api/2.1/javax.ws.rs-api-2.1.jar:/home/user/.m2/repository/org/glassfish/jersey/ext/cdi/jersey-cdi1x/2.27/jersey-cdi1x-2.27.jar:/home/user/.m2/repository/org/glassfish/jersey/inject/jersey-hk2/2.27/jersey-hk2-2.27.jar:/home/user/.m2/repository/org/glassfish/hk2/hk2-locator/2.5.0-b42/hk2-locator-2.5.0-b42.jar:/home/user/.m2/repository/org/javassist/javassist/3.22.0-CR2/javassist-3.22.0-CR2.jar:/home/user/.m2/repository/org/glassfish/hk2/hk2-api/2.5.0/hk2-api-2.5.0.jar:/home/user/.m2/repository/org/glassfish/hk2/external/jakarta.inject/2.5.0/jakarta.inject-2.5.0.jar:/home/user/.m2/repository/org/glassfish/hk2/hk2-utils/2.5.0/hk2-utils-2.5.0.jar:/home/user/.m2/repository/jakarta/annotation/jakarta.annotation-api/1.3.4/jakarta.annotation-api-1.3.4.jar:/home/user/.m2/repository/org/glassfish/hk2/external/aopalliance-repackaged/2.5.0/aopalliance-repackaged-2.5.0.jar:/home/user/.m2/repository/com/fasterxml/jackson/dataformat/jackson-dataformat-xml/2.9.0/jackson-dataformat-xml-2.9.0.jar:/home/user/.m2/repository/com/fasterxml/jackson/core/jackson-core/2.9.9/jackson-core-2.9.9.jar:/home/user/.m2/repository/com/fasterxml/jackson/module/jackson-module-jaxb-annotations/2.9.9/jackson-module-jaxb-annotations-2.9.9.jar:/home/user/.m2/repository/javax/enterprise/cdi-api/1.2/cdi-api-1.2.jar:/home/user/.m2/repository/javax/el/javax.el-api/3.0.0/javax.el-api-3.0.0.jar:/home/user/.m2/repository/javax/interceptor/javax.interceptor-api/1.2/javax.interceptor-api-1.2.jar:/home/user/.m2/repository/javax/inject/javax.inject/1/javax.inject-1.jar:/home/user/.m2/repository/com/sun/xml/bind/jaxb-impl/2.3.0.1/jaxb-impl-2.3.0.1.jar:/home/user/.m2/repository/com/sun/xml/bind/jaxb-core/2.3.0.1/jaxb-core-2.3.0.1.jar:/home/user/.m2/repository/javax/xml/bind/jaxb-api/2.3.0/jaxb-api-2.3.0.jar:/home/user/.m2/repository/javax/activation/activation/1.1.1/activation-1.1.1.jar:/home/user/.m2/repository/org/apache/hadoop/hadoop-ozone-csi/0.5.0-SNAPSHOT/hadoop-ozone-csi-0.5.0-SNAPSHOT.jar:/home/user/.m2/repository/com/google/protobuf/protobuf-java-util/3.5.1/protobuf-java-util-3.5.1.jar:/home/user/.m2/repository/org/apache/hadoop/hadoop-hdds-config/0.5.0-SNAPSHOT/hadoop-hdds-config-0.5.0-SNAPSHOT.jar:/home/user/.m2/repository/io/grpc/grpc-netty/1.17.1/grpc-netty-1.17.1.jar:/home/user/.m2/repository/io/grpc/grpc-core/1.17.1/grpc-core-1.17.1.jar:/home/user/.m2/repository/io/grpc/grpc-context/1.17.1/grpc-context-1.17.1.jar:/home/user/.m2/repository/com/google/errorprone/error_prone_annotations/2.2.0/error_prone_annotations-2.2.0.jar:/home/user/.m2/repository/org/codehaus/mojo/animal-sniffer-annotations/1.17/animal-sniffer-annotations-1.17.jar:/home/user/.m2/repository/io/opencensus/opencensus-api/0.17.0/opencensus-api-0.17.0.jar:/home/user/.m2/repository/io/opencensus/opencensus-contrib-grpc-metrics/0.17.0/opencensus-contrib-grpc-metrics-0.17.0.jar:/home/user/.m2/repository/io/netty/netty-codec-http2/4.1.30.Final/netty-codec-http2-4.1.30.Final.jar:/home/user/.m2/repository/io/netty/netty-codec-http/4.1.30.Final/netty-codec-http-4.1.30.Final.jar:/home/user/.m2/repository/io/netty/netty-codec/4.1.30.Final/netty-codec-4.1.30.Final.jar:/home/user/.m2/repository/io/netty/netty-handler/4.1.30.Final/netty-handler-4.1.30.Final.jar:/home/user/.m2/repository/io/netty/netty-handler-proxy/4.1.30.Final/netty-handler-proxy-4.1.30.Final.jar:/home/user/.m2/repository/io/netty/netty-codec-socks/4.1.30.Final/netty-codec-socks-4.1.30.Final.jar:/home/user/.m2/repository/io/netty/netty-transport-native-epoll/4.1.30.Final/netty-transport-native-epoll-4.1.30.Final.jar:/home/user/.m2/repository/io/netty/netty-common/4.1.30.Final/netty-common-4.1.30.Final.jar:/home/user/.m2/repository/io/netty/netty-buffer/4.1.30.Final/netty-buffer-4.1.30.Final.jar:/home/user/.m2/repository/io/netty/netty-transport/4.1.30.Final/netty-transport-4.1.30.Final.jar:/home/user/.m2/repository/io/netty/netty-resolver/4.1.30.Final/netty-resolver-4.1.30.Final.jar:/home/user/.m2/repository/io/netty/netty-transport-native-unix-common/4.1.30.Final/netty-transport-native-unix-common-4.1.30.Final.jar:/home/user/.m2/repository/io/grpc/grpc-protobuf/1.17.1/grpc-protobuf-1.17.1.jar:/home/user/.m2/repository/com/google/api/grpc/proto-google-common-protos/1.0.0/proto-google-common-protos-1.0.0.jar:/home/user/.m2/repository/io/grpc/grpc-protobuf-lite/1.17.1/grpc-protobuf-lite-1.17.1.jar:/home/user/.m2/repository/io/grpc/grpc-stub/1.17.1/grpc-stub-1.17.1.jar:/home/user/.m2/repository/org/apache/hadoop/hadoop-ozone-recon/0.5.0-SNAPSHOT/hadoop-ozone-recon-0.5.0-SNAPSHOT.jar:/home/user/.m2/repository/org/apache/hadoop/hadoop-ozone-reconcodegen/0.5.0-SNAPSHOT/hadoop-ozone-reconcodegen-0.5.0-SNAPSHOT.jar:/home/user/.m2/repository/com/google/inject/extensions/guice-multibindings/4.0/guice-multibindings-4.0.jar:/home/user/.m2/repository/com/google/inject/guice/4.0/guice-4.0.jar:/home/user/.m2/repository/aopalliance/aopalliance/1.0/aopalliance-1.0.jar:/home/user/.m2/repository/com/google/inject/extensions/guice-servlet/4.0/guice-servlet-4.0.jar:/home/user/.m2/repository/org/glassfish/jersey/containers/jersey-container-servlet/2.27/jersey-container-servlet-2.27.jar:/home/user/.m2/repository/org/glassfish/hk2/guice-bridge/2.5.0/guice-bridge-2.5.0.jar:/home/user/.m2/repository/org/glassfish/jersey/core/jersey-server/2.27/jersey-server-2.27.jar:/home/user/.m2/repository/org/glassfish/jersey/core/jersey-client/2.27/jersey-client-2.27.jar:/home/user/.m2/repository/org/glassfish/jersey/media/jersey-media-jaxb/2.27/jersey-media-jaxb-2.27.jar:/home/user/.m2/repository/javax/validation/validation-api/1.1.0.Final/validation-api-1.1.0.Final.jar:/home/user/.m2/repository/org/glassfish/jersey/media/jersey-media-json-jackson/2.27/jersey-media-json-jackson-2.27.jar:/home/user/.m2/repository/org/glassfish/jersey/ext/jersey-entity-filtering/2.27/jersey-entity-filtering-2.27.jar:/home/user/.m2/repository/com/google/inject/extensions/guice-assistedinject/4.0/guice-assistedinject-4.0.jar:/home/user/.m2/repository/org/jooq/jooq/3.11.10/jooq-3.11.10.jar:/home/user/.m2/repository/org/jooq/jooq-meta/3.11.10/jooq-meta-3.11.10.jar:/home/user/.m2/repository/org/jooq/jooq-codegen/3.11.10/jooq-codegen-3.11.10.jar:/home/user/.m2/repository/com/jolbox/bonecp/0.8.0.RELEASE/bonecp-0.8.0.RELEASE.jar:/home/user/.m2/repository/org/xerial/sqlite-jdbc/3.25.2/sqlite-jdbc-3.25.2.jar:/home/user/.m2/repository/org/springframework/spring-jdbc/5.1.3.RELEASE/spring-jdbc-5.1.3.RELEASE.jar:/home/user/.m2/repository/org/springframework/spring-beans/5.1.3.RELEASE/spring-beans-5.1.3.RELEASE.jar:/home/user/.m2/repository/org/springframework/spring-core/5.1.3.RELEASE/spring-core-5.1.3.RELEASE.jar:/home/user/.m2/repository/org/springframework/spring-jcl/5.1.3.RELEASE/spring-jcl-5.1.3.RELEASE.jar:/home/user/.m2/repository/org/springframework/spring-tx/5.1.3.RELEASE/spring-tx-5.1.3.RELEASE.jar:/home/user/.m2/repository/org/apache/hadoop/hadoop-ozone-client/0.5.0-SNAPSHOT/hadoop-ozone-client-0.5.0-SNAPSHOT.jar:/home/user/.m2/repository/commons-lang/commons-lang/2.6/commons-lang-2.6.jar:/home/user/.m2/repository/org/apache/hadoop/hadoop-ozone-ozone-manager/0.5.0-SNAPSHOT/hadoop-ozone-ozone-manager-0.5.0-SNAPSHOT-tests.jar:/home/user/.m2/repository/junit/junit/4.11/junit-4.11.jar:/home/user/.m2/repository/org/hamcrest/hamcrest-core/1.3/hamcrest-core-1.3.jar:/home/user/.m2/repository/org/openjdk/jmh/jmh-core/1.19/jmh-core-1.19.jar:/home/user/.m2/repository/net/sf/jopt-simple/jopt-simple/4.6/jopt-simple-4.6.jar:/home/user/.m2/repository/org/apache/commons/commons-math3/3.1.1/commons-math3-3.1.1.jar:/home/user/.m2/repository/org/openjdk/jmh/jmh-generator-annprocess/1.19/jmh-generator-annprocess-1.19.jar:/home/user/.m2/repository/org/mockito/mockito-all/1.8.5/mockito-all-1.8.5.jar:/home/user/.m2/repository/org/apache/hadoop/hadoop-kms/3.2.0/hadoop-kms-3.2.0.jar:/home/user/.m2/repository/org/apache/hadoop/hadoop-auth/3.2.0/hadoop-auth-3.2.0.jar:/home/user/.m2/repository/com/nimbusds/nimbus-jose-jwt/4.41.1/nimbus-jose-jwt-4.41.1.jar:/home/user/.m2/repository/com/github/stephenc/jcip/jcip-annotations/1.0-1/jcip-annotations-1.0-1.jar:/home/user/.m2/repository/net/minidev/json-smart/2.3/json-smart-2.3.jar:/home/user/.m2/repository/net/minidev/accessors-smart/1.2/accessors-smart-1.2.jar:/home/user/.m2/repository/org/ow2/asm/asm/5.0.4/asm-5.0.4.jar:/home/user/.m2/repository/org/apache/curator/curator-framework/2.12.0/curator-framework-2.12.0.jar:/home/user/.m2/repository/com/sun/jersey/jersey-core/1.19/jersey-core-1.19.jar:/home/user/.m2/repository/javax/ws/rs/jsr311-api/1.1.1/jsr311-api-1.1.1.jar:/home/user/.m2/repository/com/sun/jersey/jersey-server/1.19/jersey-server-1.19.jar:/home/user/.m2/repository/javax/servlet/javax.servlet-api/3.1.0/javax.servlet-api-3.1.0.jar:/home/user/.m2/repository/org/eclipse/jetty/jetty-server/9.3.25.v20180904/jetty-server-9.3.25.v20180904.jar:/home/user/.m2/repository/org/eclipse/jetty/jetty-http/9.3.25.v20180904/jetty-http-9.3.25.v20180904.jar:/home/user/.m2/repository/org/eclipse/jetty/jetty-io/9.3.25.v20180904/jetty-io-9.3.25.v20180904.jar:/home/user/.m2/repository/org/eclipse/jetty/jetty-webapp/9.3.25.v20180904/jetty-webapp-9.3.25.v20180904.jar:/home/user/.m2/repository/org/eclipse/jetty/jetty-xml/9.3.25.v20180904/jetty-xml-9.3.25.v20180904.jar:/home/user/.m2/repository/log4j/log4j/1.2.17/log4j-1.2.17.jar:/home/user/.m2/repository/org/slf4j/slf4j-api/1.7.25/slf4j-api-1.7.25.jar:/home/user/.m2/repository/org/slf4j/jul-to-slf4j/1.7.25/jul-to-slf4j-1.7.25.jar:/home/user/.m2/repository/org/eclipse/jetty/jetty-util/9.3.25.v20180904/jetty-util-9.3.25.v20180904.jar:/home/user/.m2/repository/com/fasterxml/jackson/core/jackson-databind/2.9.9/jackson-databind-2.9.9.jar:/home/user/.m2/repository/org/apache/hadoop/hadoop-kms/3.2.0/hadoop-kms-3.2.0-tests.jar:/home/user/.m2/repository/org/apache/hadoop/hadoop-hdds-server-scm/0.5.0-SNAPSHOT/hadoop-hdds-server-scm-0.5.0-SNAPSHOT-tests.jar:/home/user/.m2/repository/org/apache/hadoop/hadoop-hdds-container-service/0.5.0-SNAPSHOT/hadoop-hdds-container-service-0.5.0-SNAPSHOT-tests.jar:/home/user/.m2/repository/org/yaml/snakeyaml/1.16/snakeyaml-1.16.jar:/home/user/.m2/repository/org/apache/hadoop/hadoop-common/3.2.0/hadoop-common-3.2.0-tests.jar:/home/user/.m2/repository/org/apache/hadoop/hadoop-annotations/3.2.0/hadoop-annotations-3.2.0.jar:/usr/lib/jvm/java-1.8-openjdk/jre/../lib/tools.jar:/home/user/.m2/repository/commons-cli/commons-cli/1.2/commons-cli-1.2.jar:/home/user/.m2/repository/org/apache/httpcomponents/httpclient/4.5.2/httpclient-4.5.2.jar:/home/user/.m2/repository/org/apache/httpcomponents/httpcore/4.4.4/httpcore-4.4.4.jar:/home/user/.m2/repository/commons-codec/commons-codec/1.11/commons-codec-1.11.jar:/home/user/.m2/repository/commons-net/commons-net/3.6/commons-net-3.6.jar:/home/user/.m2/repository/commons-collections/commons-collections/3.2.2/commons-collections-3.2.2.jar:/home/user/.m2/repository/org/eclipse/jetty/jetty-servlet/9.3.25.v20180904/jetty-servlet-9.3.25.v20180904.jar:/home/user/.m2/repository/org/eclipse/jetty/jetty-security/9.3.25.v20180904/jetty-security-9.3.25.v20180904.jar:/home/user/.m2/repository/javax/servlet/jsp/jsp-api/2.1/jsp-api-2.1.jar:/home/user/.m2/repository/com/sun/jersey/jersey-servlet/1.19/jersey-servlet-1.19.jar:/home/user/.m2/repository/com/sun/jersey/jersey-json/1.19/jersey-json-1.19.jar:/home/user/.m2/repository/org/codehaus/jettison/jettison/1.1/jettison-1.1.jar:/home/user/.m2/repository/org/codehaus/jackson/jackson-core-asl/1.9.13/jackson-core-asl-1.9.13.jar:/home/user/.m2/repository/org/codehaus/jackson/jackson-mapper-asl/1.9.13/jackson-mapper-asl-1.9.13.jar:/home/user/.m2/repository/org/codehaus/jackson/jackson-jaxrs/1.9.13/jackson-jaxrs-1.9.13.jar:/home/user/.m2/repository/org/codehaus/jackson/jackson-xc/1.9.13/jackson-xc-1.9.13.jar:/home/user/.m2/repository/commons-logging/commons-logging/1.1.3/commons-logging-1.1.3.jar:/home/user/.m2/repository/commons-beanutils/commons-beanutils/1.9.4/commons-beanutils-1.9.4.jar:/home/user/.m2/repository/org/apache/commons/commons-configuration2/2.1.1/commons-configuration2-2.1.1.jar:/home/user/.m2/repository/org/apache/commons/commons-lang3/3.7/commons-lang3-3.7.jar:/home/user/.m2/repository/org/apache/commons/commons-text/1.4/commons-text-1.4.jar:/home/user/.m2/repository/org/apache/avro/avro/1.7.7/avro-1.7.7.jar:/home/user/.m2/repository/com/thoughtworks/paranamer/paranamer/2.3/paranamer-2.3.jar:/home/user/.m2/repository/org/xerial/snappy/snappy-java/1.0.5/snappy-java-1.0.5.jar:/home/user/.m2/repository/com/google/re2j/re2j/1.1/re2j-1.1.jar:/home/user/.m2/repository/com/google/code/gson/gson/2.2.4/gson-2.2.4.jar:/home/user/.m2/repository/com/jcraft/jsch/0.1.54/jsch-0.1.54.jar:/home/user/.m2/repository/org/apache/curator/curator-client/2.12.0/curator-client-2.12.0.jar:/home/user/.m2/repository/org/apache/curator/curator-recipes/2.12.0/curator-recipes-2.12.0.jar:/home/user/.m2/repository/com/google/code/findbugs/jsr305/3.0.0/jsr305-3.0.0.jar:/home/user/.m2/repository/org/apache/htrace/htrace-core4/4.1.0-incubating/htrace-core4-4.1.0-incubating.jar:/home/user/.m2/repository/org/apache/zookeeper/zookeeper/3.4.13/zookeeper-3.4.13.jar:/home/user/.m2/repository/jline/jline/0.9.94/jline-0.9.94.jar:/home/user/.m2/repository/org/apache/yetus/audience-annotations/0.5.0/audience-annotations-0.5.0.jar:/home/user/.m2/repository/org/codehaus/woodstox/stax2-api/3.1.4/stax2-api-3.1.4.jar:/home/user/.m2/repository/com/fasterxml/woodstox/woodstox-core/5.0.3/woodstox-core-5.0.3.jar:/home/user/.m2/repository/dnsjava/dnsjava/2.1.7/dnsjava-2.1.7.jar:/home/user/.m2/repository/org/apache/hadoop/hadoop-hdfs/3.2.0/hadoop-hdfs-3.2.0-tests.jar:/home/user/.m2/repository/org/eclipse/jetty/jetty-util-ajax/9.3.25.v20180904/jetty-util-ajax-9.3.25.v20180904.jar:/home/user/.m2/repository/commons-daemon/commons-daemon/1.0.13/commons-daemon-1.0.13.jar:/home/user/.m2/repository/io/netty/netty/3.10.5.Final/netty-3.10.5.Final.jar:/home/user/.m2/repository/io/netty/netty-all/4.0.52.Final/netty-all-4.0.52.Final.jar:/home/user/.m2/repository/org/fusesource/leveldbjni/leveldbjni-all/1.8/leveldbjni-all-1.8.jar:"/>
    <property name="java.vm.vendor" value="IcedTea"/>
    <property name="sun.arch.data.model" value="64"/>
    <property name="test.build.dir" value="/workdir/hadoop-ozone/integration-test/target/test-dir"/>
    <property name="test.cache.data" value=""/>
    <property name="java.vendor.url" value="https://icedtea.classpath.org"/>
    <property name="user.timezone" value=""/>
    <property name="java.vm.specification.version" value="1.8"/>
    <property name="os.name" value="Linux"/>
    <property name="test.build.data" value="/workdir/hadoop-ozone/integration-test/target/test-dir"/>
    <property name="user.country" value="US"/>
    <property name="sun.java.launcher" value="SUN_STANDARD"/>
    <property name="sun.boot.library.path" value="/usr/lib/jvm/java-1.8-openjdk/jre/lib/amd64"/>
    <property name="sun.java.command" value="/workdir/hadoop-ozone/integration-test/target/surefire/surefirebooter6546668357817655246.jar /workdir/hadoop-ozone/integration-test/target/surefire 2019-10-10T20-46-41_649-jvmRun1 surefire925268674275051217tmp surefire_405469199590572632211tmp"/>
    <property name="test" value="!TestMiniChaosOzoneCluster"/>
    <property name="surefire.test.class.path" value="/workdir/hadoop-ozone/integration-test/target/test-classes:/workdir/hadoop-ozone/integration-test/target/classes:/home/user/.m2/repository/org/apache/hadoop/hadoop-ozone-common/0.5.0-SNAPSHOT/hadoop-ozone-common-0.5.0-SNAPSHOT.jar:/home/user/.m2/repository/org/apache/commons/commons-compress/1.4.1/commons-compress-1.4.1.jar:/home/user/.m2/repository/org/tukaani/xz/1.0/xz-1.0.jar:/home/user/.m2/repository/org/apache/hadoop/hadoop-common/3.2.0/hadoop-common-3.2.0.jar:/home/user/.m2/repository/org/apache/hadoop/hadoop-hdfs/3.2.0/hadoop-hdfs-3.2.0.jar:/home/user/.m2/repository/org/apache/hadoop/hadoop-hdfs-client/3.2.0/hadoop-hdfs-client-3.2.0.jar:/home/user/.m2/repository/com/fasterxml/jackson/core/jackson-annotations/2.9.9/jackson-annotations-2.9.9.jar:/home/user/.m2/repository/org/apache/hadoop/hadoop-hdds-common/0.5.0-SNAPSHOT/hadoop-hdds-common-0.5.0-SNAPSHOT.jar:/home/user/.m2/repository/javax/annotation/javax.annotation-api/1.2/javax.annotation-api-1.2.jar:/home/user/.m2/repository/org/apache/ratis/ratis-server/0.5.0-201fc85-SNAPSHOT/ratis-server-0.5.0-201fc85-SNAPSHOT.jar:/home/user/.m2/repository/org/apache/ratis/ratis-thirdparty-misc/0.2.0/ratis-thirdparty-misc-0.2.0.jar:/home/user/.m2/repository/org/apache/ratis/ratis-proto/0.5.0-201fc85-SNAPSHOT/ratis-proto-0.5.0-201fc85-SNAPSHOT.jar:/home/user/.m2/repository/org/apache/ratis/ratis-common/0.5.0-201fc85-SNAPSHOT/ratis-common-0.5.0-201fc85-SNAPSHOT.jar:/home/user/.m2/repository/org/apache/ratis/ratis-client/0.5.0-201fc85-SNAPSHOT/ratis-client-0.5.0-201fc85-SNAPSHOT.jar:/home/user/.m2/repository/org/apache/ratis/ratis-metrics/0.5.0-201fc85-SNAPSHOT/ratis-metrics-0.5.0-201fc85-SNAPSHOT.jar:/home/user/.m2/repository/com/github/joshelser/dropwizard-metrics-hadoop-metrics2-reporter/0.1.2/dropwizard-metrics-hadoop-metrics2-reporter-0.1.2.jar:/home/user/.m2/repository/io/dropwizard/metrics/metrics-jvm/3.2.5/metrics-jvm-3.2.5.jar:/home/user/.m2/repository/io/dropwizard/metrics/metrics-ganglia/3.2.5/metrics-ganglia-3.2.5.jar:/home/user/.m2/repository/info/ganglia/gmetric4j/gmetric4j/1.0.7/gmetric4j-1.0.7.jar:/home/user/.m2/repository/org/apache/ratis/ratis-netty/0.5.0-201fc85-SNAPSHOT/ratis-netty-0.5.0-201fc85-SNAPSHOT.jar:/home/user/.m2/repository/org/apache/ratis/ratis-grpc/0.5.0-201fc85-SNAPSHOT/ratis-grpc-0.5.0-201fc85-SNAPSHOT.jar:/home/user/.m2/repository/org/rocksdb/rocksdbjni/6.0.1/rocksdbjni-6.0.1.jar:/home/user/.m2/repository/org/apache/logging/log4j/log4j-api/2.11.0/log4j-api-2.11.0.jar:/home/user/.m2/repository/org/apache/logging/log4j/log4j-core/2.11.0/log4j-core-2.11.0.jar:/home/user/.m2/repository/com/lmax/disruptor/3.4.2/disruptor-3.4.2.jar:/home/user/.m2/repository/org/apache/commons/commons-pool2/2.6.0/commons-pool2-2.6.0.jar:/home/user/.m2/repository/org/bouncycastle/bcpkix-jdk15on/1.60/bcpkix-jdk15on-1.60.jar:/home/user/.m2/repository/commons-validator/commons-validator/1.6/commons-validator-1.6.jar:/home/user/.m2/repository/commons-digester/commons-digester/1.8.1/commons-digester-1.8.1.jar:/home/user/.m2/repository/io/jaegertracing/jaeger-client/0.34.0/jaeger-client-0.34.0.jar:/home/user/.m2/repository/io/jaegertracing/jaeger-thrift/0.34.0/jaeger-thrift-0.34.0.jar:/home/user/.m2/repository/org/apache/thrift/libthrift/0.12.0/libthrift-0.12.0.jar:/home/user/.m2/repository/com/squareup/okhttp3/okhttp/3.9.0/okhttp-3.9.0.jar:/home/user/.m2/repository/com/squareup/okio/okio/1.13.0/okio-1.13.0.jar:/home/user/.m2/repository/io/jaegertracing/jaeger-core/0.34.0/jaeger-core-0.34.0.jar:/home/user/.m2/repository/io/jaegertracing/jaeger-tracerresolver/0.34.0/jaeger-tracerresolver-0.34.0.jar:/home/user/.m2/repository/io/opentracing/contrib/opentracing-tracerresolver/0.1.5/opentracing-tracerresolver-0.1.5.jar:/home/user/.m2/repository/io/opentracing/opentracing-util/0.31.0/opentracing-util-0.31.0.jar:/home/user/.m2/repository/io/opentracing/opentracing-api/0.31.0/opentracing-api-0.31.0.jar:/home/user/.m2/repository/io/opentracing/opentracing-noop/0.31.0/opentracing-noop-0.31.0.jar:/home/user/.m2/repository/org/apache/hadoop/hadoop-hdds-server-framework/0.5.0-SNAPSHOT/hadoop-hdds-server-framework-0.5.0-SNAPSHOT.jar:/home/user/.m2/repository/org/apache/hadoop/hadoop-hdds-container-service/0.5.0-SNAPSHOT/hadoop-hdds-container-service-0.5.0-SNAPSHOT.jar:/home/user/.m2/repository/org/apache/hadoop/hadoop-hdds-client/0.5.0-SNAPSHOT/hadoop-hdds-client-0.5.0-SNAPSHOT.jar:/home/user/.m2/repository/org/apache/hadoop/hadoop-hdds-tools/0.5.0-SNAPSHOT/hadoop-hdds-tools-0.5.0-SNAPSHOT.jar:/home/user/.m2/repository/org/apache/hadoop/hadoop-hdds-server-scm/0.5.0-SNAPSHOT/hadoop-hdds-server-scm-0.5.0-SNAPSHOT.jar:/home/user/.m2/repository/org/apache/hadoop/hadoop-hdds-docs/0.5.0-SNAPSHOT/hadoop-hdds-docs-0.5.0-SNAPSHOT.jar:/home/user/.m2/repository/io/dropwizard/metrics/metrics-core/3.2.4/metrics-core-3.2.4.jar:/home/user/.m2/repository/org/hamcrest/hamcrest-all/1.3/hamcrest-all-1.3.jar:/home/user/.m2/repository/org/bouncycastle/bcprov-jdk15on/1.60/bcprov-jdk15on-1.60.jar:/home/user/.m2/repository/info/picocli/picocli/3.9.6/picocli-3.9.6.jar:/home/user/.m2/repository/com/google/protobuf/protobuf-java/2.5.0/protobuf-java-2.5.0.jar:/home/user/.m2/repository/com/google/guava/guava/11.0.2/guava-11.0.2.jar:/home/user/.m2/repository/org/apache/hadoop/hadoop-ozone-ozone-manager/0.5.0-SNAPSHOT/hadoop-ozone-ozone-manager-0.5.0-SNAPSHOT.jar:/home/user/.m2/repository/org/apache/hadoop/hadoop-minikdc/3.2.0/hadoop-minikdc-3.2.0.jar:/home/user/.m2/repository/commons-io/commons-io/2.5/commons-io-2.5.jar:/home/user/.m2/repository/org/apache/kerby/kerb-simplekdc/1.0.1/kerb-simplekdc-1.0.1.jar:/home/user/.m2/repository/org/apache/kerby/kerb-client/1.0.1/kerb-client-1.0.1.jar:/home/user/.m2/repository/org/apache/kerby/kerby-config/1.0.1/kerby-config-1.0.1.jar:/home/user/.m2/repository/org/apache/kerby/kerb-core/1.0.1/kerb-core-1.0.1.jar:/home/user/.m2/repository/org/apache/kerby/kerby-pkix/1.0.1/kerby-pkix-1.0.1.jar:/home/user/.m2/repository/org/apache/kerby/kerby-asn1/1.0.1/kerby-asn1-1.0.1.jar:/home/user/.m2/repository/org/apache/kerby/kerby-util/1.0.1/kerby-util-1.0.1.jar:/home/user/.m2/repository/org/apache/kerby/kerb-common/1.0.1/kerb-common-1.0.1.jar:/home/user/.m2/repository/org/apache/kerby/kerb-crypto/1.0.1/kerb-crypto-1.0.1.jar:/home/user/.m2/repository/org/apache/kerby/kerb-util/1.0.1/kerb-util-1.0.1.jar:/home/user/.m2/repository/org/apache/kerby/token-provider/1.0.1/token-provider-1.0.1.jar:/home/user/.m2/repository/org/apache/kerby/kerb-admin/1.0.1/kerb-admin-1.0.1.jar:/home/user/.m2/repository/org/apache/kerby/kerb-server/1.0.1/kerb-server-1.0.1.jar:/home/user/.m2/repository/org/apache/kerby/kerb-identity/1.0.1/kerb-identity-1.0.1.jar:/home/user/.m2/repository/org/apache/kerby/kerby-xdr/1.0.1/kerby-xdr-1.0.1.jar:/home/user/.m2/repository/org/slf4j/slf4j-log4j12/1.7.25/slf4j-log4j12-1.7.25.jar:/home/user/.m2/repository/org/apache/hadoop/hadoop-ozone-s3gateway/0.5.0-SNAPSHOT/hadoop-ozone-s3gateway-0.5.0-SNAPSHOT.jar:/home/user/.m2/repository/org/jboss/weld/servlet/weld-servlet/2.4.7.Final/weld-servlet-2.4.7.Final.jar:/home/user/.m2/repository/org/glassfish/jersey/containers/jersey-container-servlet-core/2.27/jersey-container-servlet-core-2.27.jar:/home/user/.m2/repository/org/glassfish/hk2/external/javax.inject/2.5.0-b42/javax.inject-2.5.0-b42.jar:/home/user/.m2/repository/org/glassfish/jersey/core/jersey-common/2.27/jersey-common-2.27.jar:/home/user/.m2/repository/org/glassfish/hk2/osgi-resource-locator/1.0.1/osgi-resource-locator-1.0.1.jar:/home/user/.m2/repository/javax/ws/rs/javax.ws.rs-api/2.1/javax.ws.rs-api-2.1.jar:/home/user/.m2/repository/org/glassfish/jersey/ext/cdi/jersey-cdi1x/2.27/jersey-cdi1x-2.27.jar:/home/user/.m2/repository/org/glassfish/jersey/inject/jersey-hk2/2.27/jersey-hk2-2.27.jar:/home/user/.m2/repository/org/glassfish/hk2/hk2-locator/2.5.0-b42/hk2-locator-2.5.0-b42.jar:/home/user/.m2/repository/org/javassist/javassist/3.22.0-CR2/javassist-3.22.0-CR2.jar:/home/user/.m2/repository/org/glassfish/hk2/hk2-api/2.5.0/hk2-api-2.5.0.jar:/home/user/.m2/repository/org/glassfish/hk2/external/jakarta.inject/2.5.0/jakarta.inject-2.5.0.jar:/home/user/.m2/repository/org/glassfish/hk2/hk2-utils/2.5.0/hk2-utils-2.5.0.jar:/home/user/.m2/repository/jakarta/annotation/jakarta.annotation-api/1.3.4/jakarta.annotation-api-1.3.4.jar:/home/user/.m2/repository/org/glassfish/hk2/external/aopalliance-repackaged/2.5.0/aopalliance-repackaged-2.5.0.jar:/home/user/.m2/repository/com/fasterxml/jackson/dataformat/jackson-dataformat-xml/2.9.0/jackson-dataformat-xml-2.9.0.jar:/home/user/.m2/repository/com/fasterxml/jackson/core/jackson-core/2.9.9/jackson-core-2.9.9.jar:/home/user/.m2/repository/com/fasterxml/jackson/module/jackson-module-jaxb-annotations/2.9.9/jackson-module-jaxb-annotations-2.9.9.jar:/home/user/.m2/repository/javax/enterprise/cdi-api/1.2/cdi-api-1.2.jar:/home/user/.m2/repository/javax/el/javax.el-api/3.0.0/javax.el-api-3.0.0.jar:/home/user/.m2/repository/javax/interceptor/javax.interceptor-api/1.2/javax.interceptor-api-1.2.jar:/home/user/.m2/repository/javax/inject/javax.inject/1/javax.inject-1.jar:/home/user/.m2/repository/com/sun/xml/bind/jaxb-impl/2.3.0.1/jaxb-impl-2.3.0.1.jar:/home/user/.m2/repository/com/sun/xml/bind/jaxb-core/2.3.0.1/jaxb-core-2.3.0.1.jar:/home/user/.m2/repository/javax/xml/bind/jaxb-api/2.3.0/jaxb-api-2.3.0.jar:/home/user/.m2/repository/javax/activation/activation/1.1.1/activation-1.1.1.jar:/home/user/.m2/repository/org/apache/hadoop/hadoop-ozone-csi/0.5.0-SNAPSHOT/hadoop-ozone-csi-0.5.0-SNAPSHOT.jar:/home/user/.m2/repository/com/google/protobuf/protobuf-java-util/3.5.1/protobuf-java-util-3.5.1.jar:/home/user/.m2/repository/org/apache/hadoop/hadoop-hdds-config/0.5.0-SNAPSHOT/hadoop-hdds-config-0.5.0-SNAPSHOT.jar:/home/user/.m2/repository/io/grpc/grpc-netty/1.17.1/grpc-netty-1.17.1.jar:/home/user/.m2/repository/io/grpc/grpc-core/1.17.1/grpc-core-1.17.1.jar:/home/user/.m2/repository/io/grpc/grpc-context/1.17.1/grpc-context-1.17.1.jar:/home/user/.m2/repository/com/google/errorprone/error_prone_annotations/2.2.0/error_prone_annotations-2.2.0.jar:/home/user/.m2/repository/org/codehaus/mojo/animal-sniffer-annotations/1.17/animal-sniffer-annotations-1.17.jar:/home/user/.m2/repository/io/opencensus/opencensus-api/0.17.0/opencensus-api-0.17.0.jar:/home/user/.m2/repository/io/opencensus/opencensus-contrib-grpc-metrics/0.17.0/opencensus-contrib-grpc-metrics-0.17.0.jar:/home/user/.m2/repository/io/netty/netty-codec-http2/4.1.30.Final/netty-codec-http2-4.1.30.Final.jar:/home/user/.m2/repository/io/netty/netty-codec-http/4.1.30.Final/netty-codec-http-4.1.30.Final.jar:/home/user/.m2/repository/io/netty/netty-codec/4.1.30.Final/netty-codec-4.1.30.Final.jar:/home/user/.m2/repository/io/netty/netty-handler/4.1.30.Final/netty-handler-4.1.30.Final.jar:/home/user/.m2/repository/io/netty/netty-handler-proxy/4.1.30.Final/netty-handler-proxy-4.1.30.Final.jar:/home/user/.m2/repository/io/netty/netty-codec-socks/4.1.30.Final/netty-codec-socks-4.1.30.Final.jar:/home/user/.m2/repository/io/netty/netty-transport-native-epoll/4.1.30.Final/netty-transport-native-epoll-4.1.30.Final.jar:/home/user/.m2/repository/io/netty/netty-common/4.1.30.Final/netty-common-4.1.30.Final.jar:/home/user/.m2/repository/io/netty/netty-buffer/4.1.30.Final/netty-buffer-4.1.30.Final.jar:/home/user/.m2/repository/io/netty/netty-transport/4.1.30.Final/netty-transport-4.1.30.Final.jar:/home/user/.m2/repository/io/netty/netty-resolver/4.1.30.Final/netty-resolver-4.1.30.Final.jar:/home/user/.m2/repository/io/netty/netty-transport-native-unix-common/4.1.30.Final/netty-transport-native-unix-common-4.1.30.Final.jar:/home/user/.m2/repository/io/grpc/grpc-protobuf/1.17.1/grpc-protobuf-1.17.1.jar:/home/user/.m2/repository/com/google/api/grpc/proto-google-common-protos/1.0.0/proto-google-common-protos-1.0.0.jar:/home/user/.m2/repository/io/grpc/grpc-protobuf-lite/1.17.1/grpc-protobuf-lite-1.17.1.jar:/home/user/.m2/repository/io/grpc/grpc-stub/1.17.1/grpc-stub-1.17.1.jar:/home/user/.m2/repository/org/apache/hadoop/hadoop-ozone-recon/0.5.0-SNAPSHOT/hadoop-ozone-recon-0.5.0-SNAPSHOT.jar:/home/user/.m2/repository/org/apache/hadoop/hadoop-ozone-reconcodegen/0.5.0-SNAPSHOT/hadoop-ozone-reconcodegen-0.5.0-SNAPSHOT.jar:/home/user/.m2/repository/com/google/inject/extensions/guice-multibindings/4.0/guice-multibindings-4.0.jar:/home/user/.m2/repository/com/google/inject/guice/4.0/guice-4.0.jar:/home/user/.m2/repository/aopalliance/aopalliance/1.0/aopalliance-1.0.jar:/home/user/.m2/repository/com/google/inject/extensions/guice-servlet/4.0/guice-servlet-4.0.jar:/home/user/.m2/repository/org/glassfish/jersey/containers/jersey-container-servlet/2.27/jersey-container-servlet-2.27.jar:/home/user/.m2/repository/org/glassfish/hk2/guice-bridge/2.5.0/guice-bridge-2.5.0.jar:/home/user/.m2/repository/org/glassfish/jersey/core/jersey-server/2.27/jersey-server-2.27.jar:/home/user/.m2/repository/org/glassfish/jersey/core/jersey-client/2.27/jersey-client-2.27.jar:/home/user/.m2/repository/org/glassfish/jersey/media/jersey-media-jaxb/2.27/jersey-media-jaxb-2.27.jar:/home/user/.m2/repository/javax/validation/validation-api/1.1.0.Final/validation-api-1.1.0.Final.jar:/home/user/.m2/repository/org/glassfish/jersey/media/jersey-media-json-jackson/2.27/jersey-media-json-jackson-2.27.jar:/home/user/.m2/repository/org/glassfish/jersey/ext/jersey-entity-filtering/2.27/jersey-entity-filtering-2.27.jar:/home/user/.m2/repository/com/google/inject/extensions/guice-assistedinject/4.0/guice-assistedinject-4.0.jar:/home/user/.m2/repository/org/jooq/jooq/3.11.10/jooq-3.11.10.jar:/home/user/.m2/repository/org/jooq/jooq-meta/3.11.10/jooq-meta-3.11.10.jar:/home/user/.m2/repository/org/jooq/jooq-codegen/3.11.10/jooq-codegen-3.11.10.jar:/home/user/.m2/repository/com/jolbox/bonecp/0.8.0.RELEASE/bonecp-0.8.0.RELEASE.jar:/home/user/.m2/repository/org/xerial/sqlite-jdbc/3.25.2/sqlite-jdbc-3.25.2.jar:/home/user/.m2/repository/org/springframework/spring-jdbc/5.1.3.RELEASE/spring-jdbc-5.1.3.RELEASE.jar:/home/user/.m2/repository/org/springframework/spring-beans/5.1.3.RELEASE/spring-beans-5.1.3.RELEASE.jar:/home/user/.m2/repository/org/springframework/spring-core/5.1.3.RELEASE/spring-core-5.1.3.RELEASE.jar:/home/user/.m2/repository/org/springframework/spring-jcl/5.1.3.RELEASE/spring-jcl-5.1.3.RELEASE.jar:/home/user/.m2/repository/org/springframework/spring-tx/5.1.3.RELEASE/spring-tx-5.1.3.RELEASE.jar:/home/user/.m2/repository/org/apache/hadoop/hadoop-ozone-client/0.5.0-SNAPSHOT/hadoop-ozone-client-0.5.0-SNAPSHOT.jar:/home/user/.m2/repository/commons-lang/commons-lang/2.6/commons-lang-2.6.jar:/home/user/.m2/repository/org/apache/hadoop/hadoop-ozone-ozone-manager/0.5.0-SNAPSHOT/hadoop-ozone-ozone-manager-0.5.0-SNAPSHOT-tests.jar:/home/user/.m2/repository/junit/junit/4.11/junit-4.11.jar:/home/user/.m2/repository/org/hamcrest/hamcrest-core/1.3/hamcrest-core-1.3.jar:/home/user/.m2/repository/org/openjdk/jmh/jmh-core/1.19/jmh-core-1.19.jar:/home/user/.m2/repository/net/sf/jopt-simple/jopt-simple/4.6/jopt-simple-4.6.jar:/home/user/.m2/repository/org/apache/commons/commons-math3/3.1.1/commons-math3-3.1.1.jar:/home/user/.m2/repository/org/openjdk/jmh/jmh-generator-annprocess/1.19/jmh-generator-annprocess-1.19.jar:/home/user/.m2/repository/org/mockito/mockito-all/1.8.5/mockito-all-1.8.5.jar:/home/user/.m2/repository/org/apache/hadoop/hadoop-kms/3.2.0/hadoop-kms-3.2.0.jar:/home/user/.m2/repository/org/apache/hadoop/hadoop-auth/3.2.0/hadoop-auth-3.2.0.jar:/home/user/.m2/repository/com/nimbusds/nimbus-jose-jwt/4.41.1/nimbus-jose-jwt-4.41.1.jar:/home/user/.m2/repository/com/github/stephenc/jcip/jcip-annotations/1.0-1/jcip-annotations-1.0-1.jar:/home/user/.m2/repository/net/minidev/json-smart/2.3/json-smart-2.3.jar:/home/user/.m2/repository/net/minidev/accessors-smart/1.2/accessors-smart-1.2.jar:/home/user/.m2/repository/org/ow2/asm/asm/5.0.4/asm-5.0.4.jar:/home/user/.m2/repository/org/apache/curator/curator-framework/2.12.0/curator-framework-2.12.0.jar:/home/user/.m2/repository/com/sun/jersey/jersey-core/1.19/jersey-core-1.19.jar:/home/user/.m2/repository/javax/ws/rs/jsr311-api/1.1.1/jsr311-api-1.1.1.jar:/home/user/.m2/repository/com/sun/jersey/jersey-server/1.19/jersey-server-1.19.jar:/home/user/.m2/repository/javax/servlet/javax.servlet-api/3.1.0/javax.servlet-api-3.1.0.jar:/home/user/.m2/repository/org/eclipse/jetty/jetty-server/9.3.25.v20180904/jetty-server-9.3.25.v20180904.jar:/home/user/.m2/repository/org/eclipse/jetty/jetty-http/9.3.25.v20180904/jetty-http-9.3.25.v20180904.jar:/home/user/.m2/repository/org/eclipse/jetty/jetty-io/9.3.25.v20180904/jetty-io-9.3.25.v20180904.jar:/home/user/.m2/repository/org/eclipse/jetty/jetty-webapp/9.3.25.v20180904/jetty-webapp-9.3.25.v20180904.jar:/home/user/.m2/repository/org/eclipse/jetty/jetty-xml/9.3.25.v20180904/jetty-xml-9.3.25.v20180904.jar:/home/user/.m2/repository/log4j/log4j/1.2.17/log4j-1.2.17.jar:/home/user/.m2/repository/org/slf4j/slf4j-api/1.7.25/slf4j-api-1.7.25.jar:/home/user/.m2/repository/org/slf4j/jul-to-slf4j/1.7.25/jul-to-slf4j-1.7.25.jar:/home/user/.m2/repository/org/eclipse/jetty/jetty-util/9.3.25.v20180904/jetty-util-9.3.25.v20180904.jar:/home/user/.m2/repository/com/fasterxml/jackson/core/jackson-databind/2.9.9/jackson-databind-2.9.9.jar:/home/user/.m2/repository/org/apache/hadoop/hadoop-kms/3.2.0/hadoop-kms-3.2.0-tests.jar:/home/user/.m2/repository/org/apache/hadoop/hadoop-hdds-server-scm/0.5.0-SNAPSHOT/hadoop-hdds-server-scm-0.5.0-SNAPSHOT-tests.jar:/home/user/.m2/repository/org/apache/hadoop/hadoop-hdds-container-service/0.5.0-SNAPSHOT/hadoop-hdds-container-service-0.5.0-SNAPSHOT-tests.jar:/home/user/.m2/repository/org/yaml/snakeyaml/1.16/snakeyaml-1.16.jar:/home/user/.m2/repository/org/apache/hadoop/hadoop-common/3.2.0/hadoop-common-3.2.0-tests.jar:/home/user/.m2/repository/org/apache/hadoop/hadoop-annotations/3.2.0/hadoop-annotations-3.2.0.jar:/usr/lib/jvm/java-1.8-openjdk/jre/../lib/tools.jar:/home/user/.m2/repository/commons-cli/commons-cli/1.2/commons-cli-1.2.jar:/home/user/.m2/repository/org/apache/httpcomponents/httpclient/4.5.2/httpclient-4.5.2.jar:/home/user/.m2/repository/org/apache/httpcomponents/httpcore/4.4.4/httpcore-4.4.4.jar:/home/user/.m2/repository/commons-codec/commons-codec/1.11/commons-codec-1.11.jar:/home/user/.m2/repository/commons-net/commons-net/3.6/commons-net-3.6.jar:/home/user/.m2/repository/commons-collections/commons-collections/3.2.2/commons-collections-3.2.2.jar:/home/user/.m2/repository/org/eclipse/jetty/jetty-servlet/9.3.25.v20180904/jetty-servlet-9.3.25.v20180904.jar:/home/user/.m2/repository/org/eclipse/jetty/jetty-security/9.3.25.v20180904/jetty-security-9.3.25.v20180904.jar:/home/user/.m2/repository/javax/servlet/jsp/jsp-api/2.1/jsp-api-2.1.jar:/home/user/.m2/repository/com/sun/jersey/jersey-servlet/1.19/jersey-servlet-1.19.jar:/home/user/.m2/repository/com/sun/jersey/jersey-json/1.19/jersey-json-1.19.jar:/home/user/.m2/repository/org/codehaus/jettison/jettison/1.1/jettison-1.1.jar:/home/user/.m2/repository/org/codehaus/jackson/jackson-core-asl/1.9.13/jackson-core-asl-1.9.13.jar:/home/user/.m2/repository/org/codehaus/jackson/jackson-mapper-asl/1.9.13/jackson-mapper-asl-1.9.13.jar:/home/user/.m2/repository/org/codehaus/jackson/jackson-jaxrs/1.9.13/jackson-jaxrs-1.9.13.jar:/home/user/.m2/repository/org/codehaus/jackson/jackson-xc/1.9.13/jackson-xc-1.9.13.jar:/home/user/.m2/repository/commons-logging/commons-logging/1.1.3/commons-logging-1.1.3.jar:/home/user/.m2/repository/commons-beanutils/commons-beanutils/1.9.4/commons-beanutils-1.9.4.jar:/home/user/.m2/repository/org/apache/commons/commons-configuration2/2.1.1/commons-configuration2-2.1.1.jar:/home/user/.m2/repository/org/apache/commons/commons-lang3/3.7/commons-lang3-3.7.jar:/home/user/.m2/repository/org/apache/commons/commons-text/1.4/commons-text-1.4.jar:/home/user/.m2/repository/org/apache/avro/avro/1.7.7/avro-1.7.7.jar:/home/user/.m2/repository/com/thoughtworks/paranamer/paranamer/2.3/paranamer-2.3.jar:/home/user/.m2/repository/org/xerial/snappy/snappy-java/1.0.5/snappy-java-1.0.5.jar:/home/user/.m2/repository/com/google/re2j/re2j/1.1/re2j-1.1.jar:/home/user/.m2/repository/com/google/code/gson/gson/2.2.4/gson-2.2.4.jar:/home/user/.m2/repository/com/jcraft/jsch/0.1.54/jsch-0.1.54.jar:/home/user/.m2/repository/org/apache/curator/curator-client/2.12.0/curator-client-2.12.0.jar:/home/user/.m2/repository/org/apache/curator/curator-recipes/2.12.0/curator-recipes-2.12.0.jar:/home/user/.m2/repository/com/google/code/findbugs/jsr305/3.0.0/jsr305-3.0.0.jar:/home/user/.m2/repository/org/apache/htrace/htrace-core4/4.1.0-incubating/htrace-core4-4.1.0-incubating.jar:/home/user/.m2/repository/org/apache/zookeeper/zookeeper/3.4.13/zookeeper-3.4.13.jar:/home/user/.m2/repository/jline/jline/0.9.94/jline-0.9.94.jar:/home/user/.m2/repository/org/apache/yetus/audience-annotations/0.5.0/audience-annotations-0.5.0.jar:/home/user/.m2/repository/org/codehaus/woodstox/stax2-api/3.1.4/stax2-api-3.1.4.jar:/home/user/.m2/repository/com/fasterxml/woodstox/woodstox-core/5.0.3/woodstox-core-5.0.3.jar:/home/user/.m2/repository/dnsjava/dnsjava/2.1.7/dnsjava-2.1.7.jar:/home/user/.m2/repository/org/apache/hadoop/hadoop-hdfs/3.2.0/hadoop-hdfs-3.2.0-tests.jar:/home/user/.m2/repository/org/eclipse/jetty/jetty-util-ajax/9.3.25.v20180904/jetty-util-ajax-9.3.25.v20180904.jar:/home/user/.m2/repository/commons-daemon/commons-daemon/1.0.13/commons-daemon-1.0.13.jar:/home/user/.m2/repository/io/netty/netty/3.10.5.Final/netty-3.10.5.Final.jar:/home/user/.m2/repository/io/netty/netty-all/4.0.52.Final/netty-all-4.0.52.Final.jar:/home/user/.m2/repository/org/fusesource/leveldbjni/leveldbjni-all/1.8/leveldbjni-all-1.8.jar:"/>
    <property name="sun.cpu.endian" value="little"/>
    <property name="user.home" value="/home/user"/>
    <property name="user.language" value="en"/>
    <property name="java.specification.vendor" value="Oracle Corporation"/>
    <property name="java.home" value="/usr/lib/jvm/java-1.8-openjdk/jre"/>
    <property name="java.security.krb5.conf" value="/workdir/hadoop-ozone/integration-test/target/test-classes/krb5.conf"/>
    <property name="basedir" value="/workdir/hadoop-ozone/integration-test"/>
    <property name="file.separator" value="/"/>
    <property name="line.separator" value="&#10;"/>
    <property name="java.vm.specification.vendor" value="Oracle Corporation"/>
    <property name="java.specification.name" value="Java Platform API Specification"/>
    <property name="java.awt.graphicsenv" value="sun.awt.X11GraphicsEnvironment"/>
    <property name="surefire.real.class.path" value="/workdir/hadoop-ozone/integration-test/target/surefire/surefirebooter6546668357817655246.jar"/>
    <property name="hadoop.log.dir" value="/workdir/hadoop-ozone/integration-test/target/log"/>
    <property name="sun.boot.class.path" value="/usr/lib/jvm/java-1.8-openjdk/jre/lib/resources.jar:/usr/lib/jvm/java-1.8-openjdk/jre/lib/rt.jar:/usr/lib/jvm/java-1.8-openjdk/jre/lib/sunrsasign.jar:/usr/lib/jvm/java-1.8-openjdk/jre/lib/jsse.jar:/usr/lib/jvm/java-1.8-openjdk/jre/lib/jce.jar:/usr/lib/jvm/java-1.8-openjdk/jre/lib/charsets.jar:/usr/lib/jvm/java-1.8-openjdk/jre/lib/jfr.jar:/usr/lib/jvm/java-1.8-openjdk/jre/classes"/>
    <property name="sun.management.compiler" value="HotSpot 64-Bit Tiered Compilers"/>
    <property name="java.runtime.version" value="1.8.0_212-b04"/>
    <property name="java.net.preferIPv4Stack" value="true"/>
    <property name="user.name" value="jenkins1000"/>
    <property name="path.separator" value=":"/>
    <property name="java.security.egd" value="file:///dev/urandom"/>
    <property name="os.version" value="3.10.0-957.12.2.el7.x86_64"/>
    <property name="java.endorsed.dirs" value="/usr/lib/jvm/java-1.8-openjdk/jre/lib/endorsed"/>
    <property name="java.runtime.name" value="OpenJDK Runtime Environment"/>
    <property name="file.encoding" value="UTF-8"/>
    <property name="java.vm.name" value="OpenJDK 64-Bit Server VM"/>
    <property name="test.build.webapps" value=""/>
    <property name="localRepository" value="/home/user/.m2/repository"/>
    <property name="java.vendor.url.bug" value="https://icedtea.classpath.org/bugzilla"/>
    <property name="java.io.tmpdir" value="/tmp"/>
    <property name="require.test.libhadoop" value=""/>
    <property name="java.version" value="1.8.0_212"/>
    <property name="user.dir" value="/workdir/hadoop-ozone/integration-test"/>
    <property name="os.arch" value="amd64"/>
    <property name="java.vm.specification.name" value="Java Virtual Machine Specification"/>
    <property name="test.build.classes" value="/workdir/hadoop-ozone/integration-test/target/test-classes"/>
    <property name="java.awt.printerjob" value="sun.print.PSPrinterJob"/>
    <property name="sun.os.patch.level" value="unknown"/>
    <property name="hadoop.tmp.dir" value="/workdir/hadoop-ozone/integration-test/target/tmp"/>
    <property name="java.library.path" value="/usr/lib/jvm/java-1.8-openjdk/jre/lib/amd64/server:/usr/lib/jvm/java-1.8-openjdk/jre/lib/amd64:/usr/lib/jvm/java-1.8-openjdk/jre/../lib/amd64:/workdir/hadoop-ozone/integration-test/target/native/target/usr/local/lib:/workdir/hadoop-ozone/integration-test/../../hadoop-common-project/hadoop-common/target/native/target/usr/local/lib:/usr/java/packages/lib/amd64:/usr/lib64:/lib64:/lib:/usr/lib"/>
    <property name="java.vm.info" value="mixed mode"/>
    <property name="java.vendor" value="IcedTea"/>
    <property name="java.vm.version" value="25.212-b04"/>
    <property name="java.ext.dirs" value="/usr/lib/jvm/java-1.8-openjdk/jre/lib/ext:/usr/java/packages/lib/ext"/>
    <property name="sun.io.unicode.encoding" value="UnicodeLittle"/>
    <property name="java.class.version" value="52.0"/>
  </properties>
  <testcase name="testWatchForCommitWithKeyWrite" classname="org.apache.hadoop.ozone.client.rpc.TestWatchForCommit" time="59.116"/>
  <testcase name="testWatchForCommitWithSmallerTimeoutValue" classname="org.apache.hadoop.ozone.client.rpc.TestWatchForCommit" time="42.963"/>
  <testcase name="testWatchForCommitForRetryfailure" classname="org.apache.hadoop.ozone.client.rpc.TestWatchForCommit" time="64.034">
    <failure type="java.lang.AssertionError">java.lang.AssertionError
	at org.junit.Assert.fail(Assert.java:86)
	at org.junit.Assert.assertTrue(Assert.java:41)
	at org.junit.Assert.assertTrue(Assert.java:52)
	at org.apache.hadoop.ozone.client.rpc.TestWatchForCommit.testWatchForCommitForRetryfailure(TestWatchForCommit.java:348)
	at sun.reflect.NativeMethodAccessorImpl.invoke0(Native Method)
	at sun.reflect.NativeMethodAccessorImpl.invoke(NativeMethodAccessorImpl.java:62)
	at sun.reflect.DelegatingMethodAccessorImpl.invoke(DelegatingMethodAccessorImpl.java:43)
	at java.lang.reflect.Method.invoke(Method.java:498)
	at org.junit.runners.model.FrameworkMethod$1.runReflectiveCall(FrameworkMethod.java:47)
	at org.junit.internal.runners.model.ReflectiveCallable.run(ReflectiveCallable.java:12)
	at org.junit.runners.model.FrameworkMethod.invokeExplosively(FrameworkMethod.java:44)
	at org.junit.internal.runners.statements.InvokeMethod.evaluate(InvokeMethod.java:17)
	at org.junit.runners.ParentRunner.runLeaf(ParentRunner.java:271)
	at org.junit.runners.BlockJUnit4ClassRunner.runChild(BlockJUnit4ClassRunner.java:70)
	at org.junit.runners.BlockJUnit4ClassRunner.runChild(BlockJUnit4ClassRunner.java:50)
	at org.junit.runners.ParentRunner$3.run(ParentRunner.java:238)
	at org.junit.runners.ParentRunner$1.schedule(ParentRunner.java:63)
	at org.junit.runners.ParentRunner.runChildren(ParentRunner.java:236)
	at org.junit.runners.ParentRunner.access$000(ParentRunner.java:53)
	at org.junit.runners.ParentRunner$2.evaluate(ParentRunner.java:229)
	at org.junit.runners.ParentRunner.run(ParentRunner.java:309)
	at org.apache.maven.surefire.junit4.JUnit4Provider.execute(JUnit4Provider.java:365)
	at org.apache.maven.surefire.junit4.JUnit4Provider.executeWithRerun(JUnit4Provider.java:273)
	at org.apache.maven.surefire.junit4.JUnit4Provider.executeTestSet(JUnit4Provider.java:238)
	at org.apache.maven.surefire.junit4.JUnit4Provider.invoke(JUnit4Provider.java:159)
	at org.apache.maven.surefire.booter.ForkedBooter.invokeProviderInSameClassLoader(ForkedBooter.java:384)
	at org.apache.maven.surefire.booter.ForkedBooter.runSuitesInProcess(ForkedBooter.java:345)
	at org.apache.maven.surefire.booter.ForkedBooter.execute(ForkedBooter.java:126)
	at org.apache.maven.surefire.booter.ForkedBooter.main(ForkedBooter.java:418)
</failure>
    <system-out><![CDATA[2019-10-10 21:28:41,785 [main] WARN  server.ServerUtils (ServerUtils.java:getScmDbDir(145)) - ozone.scm.db.dirs is not configured. We recommend adding this setting. Falling back to ozone.metadata.dirs instead.
2019-10-10 21:28:41,800 [main] WARN  server.ServerUtils (ServerUtils.java:getScmDbDir(145)) - ozone.scm.db.dirs is not configured. We recommend adding this setting. Falling back to ozone.metadata.dirs instead.
2019-10-10 21:28:41,800 [main] WARN  server.ServerUtils (ServerUtils.java:getScmDbDir(145)) - ozone.scm.db.dirs is not configured. We recommend adding this setting. Falling back to ozone.metadata.dirs instead.
2019-10-10 21:28:41,801 [main] INFO  db.DBStoreBuilder (DBStoreBuilder.java:addTable(117)) - using custom profile for table: deletedBlocks
2019-10-10 21:28:41,801 [main] INFO  db.DBStoreBuilder (DBStoreBuilder.java:processTables(168)) - Using default column profile:DBProfile.DISK for Table:deletedBlocks
2019-10-10 21:28:41,801 [main] INFO  db.DBStoreBuilder (DBStoreBuilder.java:addTable(117)) - using custom profile for table: validCerts
2019-10-10 21:28:41,802 [main] INFO  db.DBStoreBuilder (DBStoreBuilder.java:processTables(168)) - Using default column profile:DBProfile.DISK for Table:validCerts
2019-10-10 21:28:41,802 [main] INFO  db.DBStoreBuilder (DBStoreBuilder.java:addTable(117)) - using custom profile for table: revokedCerts
2019-10-10 21:28:41,802 [main] INFO  db.DBStoreBuilder (DBStoreBuilder.java:processTables(168)) - Using default column profile:DBProfile.DISK for Table:revokedCerts
2019-10-10 21:28:41,802 [main] INFO  db.DBStoreBuilder (DBStoreBuilder.java:addTable(117)) - using custom profile for table: default
2019-10-10 21:28:41,802 [main] INFO  db.DBStoreBuilder (DBStoreBuilder.java:processTables(174)) - Using default column profile:DBProfile.DISK for Table:default
2019-10-10 21:28:41,803 [main] INFO  db.DBStoreBuilder (DBStoreBuilder.java:getDbProfile(205)) - Using default options. DBProfile.DISK
2019-10-10 21:28:41,962 [main] INFO  net.NodeSchemaLoader (NodeSchemaLoader.java:loadSchemaFromFile(125)) - Loading file from sun.misc.CompoundEnumeration@712ac7e6
2019-10-10 21:28:41,962 [main] INFO  net.NodeSchemaLoader (NodeSchemaLoader.java:loadSchema(171)) - Loading network topology layer schema file
2019-10-10 21:28:41,968 [main] WARN  server.ServerUtils (ServerUtils.java:sanitizeUserArgs(70)) - ozone.scm.stale.node.interval value = 300000 is larger than max = 100000 based on the key value of ozone.scm.heartbeat.thread.interval, reset to the max value 100000.
2019-10-10 21:28:41,968 [main] WARN  server.ServerUtils (ServerUtils.java:sanitizeUserArgs(70)) - ozone.scm.stale.node.interval value = 300000 is larger than max = 100000 based on the key value of ozone.scm.heartbeat.thread.interval, reset to the max value 100000.
2019-10-10 21:28:41,968 [main] INFO  node.SCMNodeManager (SCMNodeManager.java:<init>(116)) - Entering startup safe mode.
2019-10-10 21:28:41,969 [main] INFO  algorithms.ContainerPlacementPolicyFactory (ContainerPlacementPolicyFactory.java:getPolicy(57)) - Create container placement policy of type org.apache.hadoop.hdds.scm.container.placement.algorithms.SCMContainerPlacementRandom
2019-10-10 21:28:41,970 [main] WARN  server.ServerUtils (ServerUtils.java:getScmDbDir(145)) - ozone.scm.db.dirs is not configured. We recommend adding this setting. Falling back to ozone.metadata.dirs instead.
2019-10-10 21:28:42,001 [main] INFO  pipeline.SCMPipelineManager (SCMPipelineManager.java:initializePipelineState(132)) - No pipeline exists in current db
2019-10-10 21:28:42,002 [main] WARN  server.ServerUtils (ServerUtils.java:getScmDbDir(145)) - ozone.scm.db.dirs is not configured. We recommend adding this setting. Falling back to ozone.metadata.dirs instead.
2019-10-10 21:28:42,047 [main] WARN  events.EventQueue (EventQueue.java:fireEvent(183)) - No event handler registered for event TypedEvent{payloadType=SafeModeStatus, name='SafeModeStatus'}
2019-10-10 21:28:42,048 [main] INFO  ipc.CallQueueManager (CallQueueManager.java:<init>(84)) - Using callQueue: class java.util.concurrent.LinkedBlockingQueue, queueCapacity: 2000, scheduler: class org.apache.hadoop.ipc.DefaultRpcScheduler, ipcBackoff: false.
2019-10-10 21:28:42,048 [Socket Reader #1 for port 36360] INFO  ipc.Server (Server.java:run(1074)) - Starting Socket Reader #1 for port 36360
2019-10-10 21:28:42,050 [main] INFO  ipc.CallQueueManager (CallQueueManager.java:<init>(84)) - Using callQueue: class java.util.concurrent.LinkedBlockingQueue, queueCapacity: 2000, scheduler: class org.apache.hadoop.ipc.DefaultRpcScheduler, ipcBackoff: false.
2019-10-10 21:28:42,051 [Socket Reader #1 for port 43310] INFO  ipc.Server (Server.java:run(1074)) - Starting Socket Reader #1 for port 43310
2019-10-10 21:28:42,052 [main] INFO  ipc.CallQueueManager (CallQueueManager.java:<init>(84)) - Using callQueue: class java.util.concurrent.LinkedBlockingQueue, queueCapacity: 2000, scheduler: class org.apache.hadoop.ipc.DefaultRpcScheduler, ipcBackoff: false.
2019-10-10 21:28:42,053 [Socket Reader #1 for port 45522] INFO  ipc.Server (Server.java:run(1074)) - Starting Socket Reader #1 for port 45522
2019-10-10 21:28:42,056 [main] INFO  hdfs.DFSUtil (DFSUtil.java:httpServerTemplateForNNAndJN(1641)) - Starting Web-server for scm at: http://0.0.0.0:0
2019-10-10 21:28:42,058 [main] INFO  server.AuthenticationFilter (AuthenticationFilter.java:constructSecretProvider(240)) - Unable to initialize FileSignerSecretProvider, falling back to use random secrets.
2019-10-10 21:28:42,059 [main] WARN  http.HttpRequestLog (HttpRequestLog.java:getRequestLog(97)) - Jetty request log can only be enabled using Log4j
2019-10-10 21:28:42,063 [main] INFO  http.HttpServer2 (HttpServer2.java:addGlobalFilter(975)) - Added global filter 'safety' (class=org.apache.hadoop.http.HttpServer2$QuotingInputFilter)
2019-10-10 21:28:42,064 [main] INFO  http.HttpServer2 (HttpServer2.java:addFilter(948)) - Added filter static_user_filter (class=org.apache.hadoop.http.lib.StaticUserWebFilter$StaticUserFilter) to context scm
2019-10-10 21:28:42,064 [main] INFO  http.HttpServer2 (HttpServer2.java:addFilter(958)) - Added filter static_user_filter (class=org.apache.hadoop.http.lib.StaticUserWebFilter$StaticUserFilter) to context logs
2019-10-10 21:28:42,064 [main] INFO  http.HttpServer2 (HttpServer2.java:addFilter(958)) - Added filter static_user_filter (class=org.apache.hadoop.http.lib.StaticUserWebFilter$StaticUserFilter) to context static
2019-10-10 21:28:42,067 [main] INFO  server.StorageContainerManager (StorageContainerManager.java:start(772)) - StorageContainerLocationProtocol RPC server is listening at /0.0.0.0:45522
2019-10-10 21:28:42,069 [main] WARN  impl.MetricsConfig (MetricsConfig.java:loadFirst(134)) - Cannot locate configuration: tried hadoop-metrics2-storagecontainermanager.properties,hadoop-metrics2.properties
2019-10-10 21:28:42,070 [main] INFO  impl.MetricsSystemImpl (MetricsSystemImpl.java:startTimer(374)) - Scheduled Metric snapshot period at 10 second(s).
2019-10-10 21:28:42,071 [main] INFO  impl.MetricsSystemImpl (MetricsSystemImpl.java:start(191)) - StorageContainerManager metrics system started
2019-10-10 21:28:42,105 [main] INFO  lib.Interns (Interns.java:removeEldestEntry(50)) - Metrics intern cache overflow at 2011 for MetricsSystem={MetricsSystem=MetricsInfoImpl{name=MetricsSystem, description=MetricsSystem}, MetricsSystem record=MetricsInfoImpl{name=MetricsSystem, description=MetricsSystem record}}
2019-10-10 21:28:42,120 [main] WARN  impl.MetricsSystemImpl (MetricsSystemImpl.java:register(276)) - Sink prometheus already exists!
2019-10-10 21:28:42,178 [main] INFO  server.SCMClientProtocolServer (SCMClientProtocolServer.java:start(159)) - RPC server for Client  is listening at /0.0.0.0:45522
2019-10-10 21:28:42,179 [IPC Server listener on 45522] INFO  ipc.Server (Server.java:run(1153)) - IPC Server listener on 45522: starting
2019-10-10 21:28:42,179 [IPC Server Responder] INFO  ipc.Server (Server.java:run(1314)) - IPC Server Responder: starting
2019-10-10 21:28:42,182 [main] INFO  server.StorageContainerManager (StorageContainerManager.java:start(782)) - ScmBlockLocationProtocol RPC server is listening at /0.0.0.0:43310
2019-10-10 21:28:42,183 [main] INFO  server.SCMBlockProtocolServer (SCMBlockProtocolServer.java:start(146)) - RPC server for Block Protocol is listening at /0.0.0.0:43310
2019-10-10 21:28:42,183 [IPC Server listener on 43310] INFO  ipc.Server (Server.java:run(1153)) - IPC Server listener on 43310: starting
2019-10-10 21:28:42,183 [IPC Server Responder] INFO  ipc.Server (Server.java:run(1314)) - IPC Server Responder: starting
2019-10-10 21:28:42,187 [main] INFO  server.StorageContainerManager (StorageContainerManager.java:start(786)) - ScmDatanodeProtocl RPC server is listening at /0.0.0.0:36360
2019-10-10 21:28:42,187 [main] INFO  server.SCMDatanodeProtocolServer (SCMDatanodeProtocolServer.java:start(169)) - RPC server for DataNodes is listening at /0.0.0.0:36360
2019-10-10 21:28:42,188 [IPC Server Responder] INFO  ipc.Server (Server.java:run(1314)) - IPC Server Responder: starting
2019-10-10 21:28:42,188 [IPC Server listener on 36360] INFO  ipc.Server (Server.java:run(1153)) - IPC Server listener on 36360: starting
2019-10-10 21:28:42,193 [main] INFO  http.HttpServer2 (HttpServer2.java:bindListener(1191)) - Jetty bound to port 45198
2019-10-10 21:28:42,193 [main] INFO  server.Server (Server.java:doStart(351)) - jetty-9.3.25.v20180904, build timestamp: 2018-09-04T21:11:46Z, git hash: 3ce520221d0240229c862b122d2b06c12a625732
2019-10-10 21:28:42,195 [main] INFO  handler.ContextHandler (ContextHandler.java:doStart(781)) - Started o.e.j.s.ServletContextHandler@51f18e31{/logs,file:///workdir/hadoop-ozone/integration-test/target/log,AVAILABLE}
2019-10-10 21:28:42,196 [main] INFO  handler.ContextHandler (ContextHandler.java:doStart(781)) - Started o.e.j.s.ServletContextHandler@24c8d8be{/static,file:///workdir/hadoop-ozone/integration-test/target/test-classes/webapps/static,AVAILABLE}
2019-10-10 21:28:42,200 [main] INFO  handler.ContextHandler (ContextHandler.java:doStart(781)) - Started o.e.j.w.WebAppContext@429aeac1{/,file:///workdir/hadoop-ozone/integration-test/target/test-classes/webapps/scm/,AVAILABLE}{/scm}
2019-10-10 21:28:42,201 [main] INFO  server.AbstractConnector (AbstractConnector.java:doStart(278)) - Started ServerConnector@79eeff87{HTTP/1.1,[http/1.1]}{0.0.0.0:45198}
2019-10-10 21:28:42,202 [main] INFO  server.Server (Server.java:doStart(419)) - Started @102958ms
2019-10-10 21:28:42,202 [main] WARN  impl.MetricsSystemImpl (MetricsSystemImpl.java:register(276)) - Sink prometheus already exists!
2019-10-10 21:28:42,205 [main] INFO  server.BaseHttpServer (BaseHttpServer.java:updateConnectorAddress(215)) - HTTP server of SCM is listening at http://0.0.0.0:45198
2019-10-10 21:28:42,205 [main] WARN  server.ServerUtils (ServerUtils.java:getDBPath(222)) - ozone.om.db.dirs is not configured. We recommend adding this setting. Falling back to ozone.metadata.dirs instead.
2019-10-10 21:28:42,206 [org.apache.hadoop.util.JvmPauseMonitor$Monitor@8bd076a] INFO  util.JvmPauseMonitor (JvmPauseMonitor.java:run(188)) - Starting JVM pause monitor
2019-10-10 21:28:42,219 [main] INFO  ha.OMHANodeDetails (OMHANodeDetails.java:loadOMHAConfig(190)) - Configuration either no ozone.om.address set. Falling back to the default OM address /127.0.0.1:0
2019-10-10 21:28:42,219 [main] INFO  ha.OMHANodeDetails (OMHANodeDetails.java:getOMNodeDetails(220)) - OM Service ID is not set. Setting it to the default ID: omServiceIdDefault
2019-10-10 21:28:42,220 [main] WARN  server.ServerUtils (ServerUtils.java:getDBPath(222)) - ozone.om.db.dirs is not configured. We recommend adding this setting. Falling back to ozone.metadata.dirs instead.
2019-10-10 21:28:42,220 [main] WARN  server.ServerUtils (ServerUtils.java:getDBPath(222)) - ozone.om.db.dirs is not configured. We recommend adding this setting. Falling back to ozone.metadata.dirs instead.
2019-10-10 21:28:42,227 [main] WARN  server.ServerUtils (ServerUtils.java:getDBPath(222)) - ozone.om.db.dirs is not configured. We recommend adding this setting. Falling back to ozone.metadata.dirs instead.
2019-10-10 21:28:42,227 [main] INFO  db.DBStoreBuilder (DBStoreBuilder.java:addTable(117)) - using custom profile for table: userTable
2019-10-10 21:28:42,228 [main] INFO  db.DBStoreBuilder (DBStoreBuilder.java:processTables(168)) - Using default column profile:DBProfile.DISK for Table:userTable
2019-10-10 21:28:42,228 [main] INFO  db.DBStoreBuilder (DBStoreBuilder.java:addTable(117)) - using custom profile for table: volumeTable
2019-10-10 21:28:42,228 [main] INFO  db.DBStoreBuilder (DBStoreBuilder.java:processTables(168)) - Using default column profile:DBProfile.DISK for Table:volumeTable
2019-10-10 21:28:42,228 [main] INFO  db.DBStoreBuilder (DBStoreBuilder.java:addTable(117)) - using custom profile for table: bucketTable
2019-10-10 21:28:42,228 [main] INFO  db.DBStoreBuilder (DBStoreBuilder.java:processTables(168)) - Using default column profile:DBProfile.DISK for Table:bucketTable
2019-10-10 21:28:42,229 [main] INFO  db.DBStoreBuilder (DBStoreBuilder.java:addTable(117)) - using custom profile for table: keyTable
2019-10-10 21:28:42,229 [main] INFO  db.DBStoreBuilder (DBStoreBuilder.java:processTables(168)) - Using default column profile:DBProfile.DISK for Table:keyTable
2019-10-10 21:28:42,229 [main] INFO  db.DBStoreBuilder (DBStoreBuilder.java:addTable(117)) - using custom profile for table: deletedTable
2019-10-10 21:28:42,229 [main] INFO  db.DBStoreBuilder (DBStoreBuilder.java:processTables(168)) - Using default column profile:DBProfile.DISK for Table:deletedTable
2019-10-10 21:28:42,229 [main] INFO  db.DBStoreBuilder (DBStoreBuilder.java:addTable(117)) - using custom profile for table: openKeyTable
2019-10-10 21:28:42,229 [main] INFO  db.DBStoreBuilder (DBStoreBuilder.java:processTables(168)) - Using default column profile:DBProfile.DISK for Table:openKeyTable
2019-10-10 21:28:42,230 [main] INFO  db.DBStoreBuilder (DBStoreBuilder.java:addTable(117)) - using custom profile for table: s3Table
2019-10-10 21:28:42,230 [main] INFO  db.DBStoreBuilder (DBStoreBuilder.java:processTables(168)) - Using default column profile:DBProfile.DISK for Table:s3Table
2019-10-10 21:28:42,230 [main] INFO  db.DBStoreBuilder (DBStoreBuilder.java:addTable(117)) - using custom profile for table: multipartInfoTable
2019-10-10 21:28:42,230 [main] INFO  db.DBStoreBuilder (DBStoreBuilder.java:processTables(168)) - Using default column profile:DBProfile.DISK for Table:multipartInfoTable
2019-10-10 21:28:42,230 [main] INFO  db.DBStoreBuilder (DBStoreBuilder.java:addTable(117)) - using custom profile for table: dTokenTable
2019-10-10 21:28:42,231 [main] INFO  db.DBStoreBuilder (DBStoreBuilder.java:processTables(168)) - Using default column profile:DBProfile.DISK for Table:dTokenTable
2019-10-10 21:28:42,231 [main] INFO  db.DBStoreBuilder (DBStoreBuilder.java:addTable(117)) - using custom profile for table: s3SecretTable
2019-10-10 21:28:42,231 [main] INFO  db.DBStoreBuilder (DBStoreBuilder.java:processTables(168)) - Using default column profile:DBProfile.DISK for Table:s3SecretTable
2019-10-10 21:28:42,231 [main] INFO  db.DBStoreBuilder (DBStoreBuilder.java:addTable(117)) - using custom profile for table: prefixTable
2019-10-10 21:28:42,231 [main] INFO  db.DBStoreBuilder (DBStoreBuilder.java:processTables(168)) - Using default column profile:DBProfile.DISK for Table:prefixTable
2019-10-10 21:28:42,232 [main] INFO  db.DBStoreBuilder (DBStoreBuilder.java:addTable(117)) - using custom profile for table: default
2019-10-10 21:28:42,232 [main] INFO  db.DBStoreBuilder (DBStoreBuilder.java:processTables(174)) - Using default column profile:DBProfile.DISK for Table:default
2019-10-10 21:28:42,232 [main] INFO  db.DBStoreBuilder (DBStoreBuilder.java:getDbProfile(205)) - Using default options. DBProfile.DISK
2019-10-10 21:28:42,747 [main] INFO  ipc.CallQueueManager (CallQueueManager.java:<init>(84)) - Using callQueue: class java.util.concurrent.LinkedBlockingQueue, queueCapacity: 2000, scheduler: class org.apache.hadoop.ipc.DefaultRpcScheduler, ipcBackoff: false.
2019-10-10 21:28:42,748 [Socket Reader #1 for port 44029] INFO  ipc.Server (Server.java:run(1074)) - Starting Socket Reader #1 for port 44029
2019-10-10 21:28:42,770 [main] INFO  om.OzoneManager (OzoneManager.java:start(1071)) - OzoneManager RPC server is listening at localhost/127.0.0.1:44029
2019-10-10 21:28:42,770 [main] INFO  impl.MetricsSystemImpl (MetricsSystemImpl.java:init(158)) - OzoneManager metrics system started (again)
2019-10-10 21:28:42,771 [IPC Server Responder] INFO  ipc.Server (Server.java:run(1314)) - IPC Server Responder: starting
2019-10-10 21:28:42,773 [IPC Server listener on 44029] INFO  ipc.Server (Server.java:run(1153)) - IPC Server listener on 44029: starting
2019-10-10 21:28:42,778 [main] INFO  hdfs.DFSUtil (DFSUtil.java:httpServerTemplateForNNAndJN(1641)) - Starting Web-server for ozoneManager at: http://0.0.0.0:0
2019-10-10 21:28:42,780 [main] INFO  server.AuthenticationFilter (AuthenticationFilter.java:constructSecretProvider(240)) - Unable to initialize FileSignerSecretProvider, falling back to use random secrets.
2019-10-10 21:28:42,781 [main] WARN  http.HttpRequestLog (HttpRequestLog.java:getRequestLog(97)) - Jetty request log can only be enabled using Log4j
2019-10-10 21:28:42,783 [main] INFO  http.HttpServer2 (HttpServer2.java:addGlobalFilter(975)) - Added global filter 'safety' (class=org.apache.hadoop.http.HttpServer2$QuotingInputFilter)
2019-10-10 21:28:42,784 [main] INFO  http.HttpServer2 (HttpServer2.java:addFilter(948)) - Added filter static_user_filter (class=org.apache.hadoop.http.lib.StaticUserWebFilter$StaticUserFilter) to context ozoneManager
2019-10-10 21:28:42,784 [main] INFO  http.HttpServer2 (HttpServer2.java:addFilter(958)) - Added filter static_user_filter (class=org.apache.hadoop.http.lib.StaticUserWebFilter$StaticUserFilter) to context logs
2019-10-10 21:28:42,785 [main] INFO  http.HttpServer2 (HttpServer2.java:addFilter(958)) - Added filter static_user_filter (class=org.apache.hadoop.http.lib.StaticUserWebFilter$StaticUserFilter) to context static
2019-10-10 21:28:42,786 [main] INFO  http.HttpServer2 (HttpServer2.java:bindListener(1191)) - Jetty bound to port 46038
2019-10-10 21:28:42,786 [main] INFO  server.Server (Server.java:doStart(351)) - jetty-9.3.25.v20180904, build timestamp: 2018-09-04T21:11:46Z, git hash: 3ce520221d0240229c862b122d2b06c12a625732
2019-10-10 21:28:42,788 [main] INFO  handler.ContextHandler (ContextHandler.java:doStart(781)) - Started o.e.j.s.ServletContextHandler@7066363{/logs,file:///workdir/hadoop-ozone/integration-test/target/log,AVAILABLE}
2019-10-10 21:28:42,789 [main] INFO  handler.ContextHandler (ContextHandler.java:doStart(781)) - Started o.e.j.s.ServletContextHandler@47248a48{/static,file:///workdir/hadoop-ozone/integration-test/target/test-classes/webapps/static,AVAILABLE}
2019-10-10 21:28:42,794 [main] INFO  handler.ContextHandler (ContextHandler.java:doStart(781)) - Started o.e.j.w.WebAppContext@413bef78{/,file:///workdir/hadoop-ozone/integration-test/target/test-classes/webapps/ozoneManager/,AVAILABLE}{/ozoneManager}
2019-10-10 21:28:42,794 [main] INFO  server.AbstractConnector (AbstractConnector.java:doStart(278)) - Started ServerConnector@66383c29{HTTP/1.1,[http/1.1]}{0.0.0.0:46038}
2019-10-10 21:28:42,796 [main] INFO  server.Server (Server.java:doStart(419)) - Started @103551ms
2019-10-10 21:28:42,796 [main] WARN  impl.MetricsSystemImpl (MetricsSystemImpl.java:register(276)) - Sink prometheus already exists!
2019-10-10 21:28:42,797 [main] INFO  server.BaseHttpServer (BaseHttpServer.java:updateConnectorAddress(215)) - HTTP server of OZONEMANAGER is listening at http://0.0.0.0:46038
2019-10-10 21:28:42,818 [main] INFO  impl.MetricsSystemImpl (MetricsSystemImpl.java:init(158)) - HddsDatanode metrics system started (again)
2019-10-10 21:28:42,821 [main] INFO  ozone.HddsDatanodeService (HddsDatanodeService.java:start(184)) - HddsDatanodeService host:pr-hdds-1986-lk2hz-517324276 ip:192.168.157.203
2019-10-10 21:28:42,828 [main] INFO  volume.HddsVolume (HddsVolume.java:<init>(176)) - Creating Volume: /workdir/hadoop-ozone/integration-test/target/test-dir/MiniOzoneClusterImpl-a7482f6d-0604-4b29-bcdd-7bbe80bb2474/datanode-0/data/containers/hdds of  storage type : DISK and capacity : 1482555576320
2019-10-10 21:28:42,828 [main] INFO  volume.VolumeSet (VolumeSet.java:initializeVolumeSet(170)) - Added Volume : /workdir/hadoop-ozone/integration-test/target/test-dir/MiniOzoneClusterImpl-a7482f6d-0604-4b29-bcdd-7bbe80bb2474/datanode-0/data/containers/hdds to VolumeSet
2019-10-10 21:28:42,829 [main] INFO  volume.ThrottledAsyncChecker (ThrottledAsyncChecker.java:schedule(141)) - Scheduling a check for org.apache.hadoop.ozone.container.common.volume.HddsVolume@9b23822
2019-10-10 21:28:42,829 [main] INFO  volume.HddsVolumeChecker (HddsVolumeChecker.java:checkAllVolumes(204)) - Scheduled health check for volume org.apache.hadoop.ozone.container.common.volume.HddsVolume@9b23822
2019-10-10 21:28:42,846 [main] INFO  impl.RaftServerProxy (ConfUtils.java:logGet(43)) - raft.rpc.type = GRPC (default)
2019-10-10 21:28:42,847 [main] INFO  grpc.GrpcFactory (GrpcFactory.java:checkPooledByteBufAllocatorUseCacheForAllThreads(45)) - PERFORMANCE WARNING: useCacheForAllThreads is true that may cause Netty to create a lot garbage objects and, as a result, trigger GC.
	It is recommended to disable useCacheForAllThreads by setting -Dorg.apache.ratis.thirdparty.io.netty.allocator.useCacheForAllThreads=false in command line.
2019-10-10 21:28:42,847 [main] INFO  grpc.GrpcConfigKeys$Server (ConfUtils.java:logGet(43)) - raft.grpc.server.port = 0 (default)
2019-10-10 21:28:42,847 [main] INFO  server.GrpcService (ConfUtils.java:logGet(43)) - raft.grpc.message.size.max = 33570816 (custom)
2019-10-10 21:28:42,847 [main] INFO  server.RaftServerConfigKeys (ConfUtils.java:logGet(43)) - raft.server.log.appender.buffer.byte-limit = 33554432 (custom)
2019-10-10 21:28:42,848 [main] INFO  server.GrpcService (ConfUtils.java:logGet(43)) - raft.grpc.flow.control.window = 1MB (=1048576) (default)
2019-10-10 21:28:42,848 [main] INFO  server.RaftServerConfigKeys (ConfUtils.java:logGet(43)) - raft.server.rpc.request.timeout = 3000ms (default)
2019-10-10 21:28:42,848 [main] INFO  server.RaftServerConfigKeys (ConfUtils.java:logGet(43)) - raft.server.storage.dir = [/workdir/hadoop-ozone/integration-test/target/test-dir/MiniOzoneClusterImpl-a7482f6d-0604-4b29-bcdd-7bbe80bb2474/datanode-0/data/ratis] (custom)
2019-10-10 21:28:42,850 [main] INFO  hdfs.DFSUtil (DFSUtil.java:httpServerTemplateForNNAndJN(1641)) - Starting Web-server for hddsDatanode at: http://0.0.0.0:0
2019-10-10 21:28:42,854 [main] INFO  server.AuthenticationFilter (AuthenticationFilter.java:constructSecretProvider(240)) - Unable to initialize FileSignerSecretProvider, falling back to use random secrets.
2019-10-10 21:28:42,854 [main] WARN  http.HttpRequestLog (HttpRequestLog.java:getRequestLog(97)) - Jetty request log can only be enabled using Log4j
2019-10-10 21:28:42,856 [main] INFO  http.HttpServer2 (HttpServer2.java:addGlobalFilter(975)) - Added global filter 'safety' (class=org.apache.hadoop.http.HttpServer2$QuotingInputFilter)
2019-10-10 21:28:42,856 [main] INFO  http.HttpServer2 (HttpServer2.java:addFilter(948)) - Added filter static_user_filter (class=org.apache.hadoop.http.lib.StaticUserWebFilter$StaticUserFilter) to context hddsDatanode
2019-10-10 21:28:42,857 [main] INFO  http.HttpServer2 (HttpServer2.java:addFilter(958)) - Added filter static_user_filter (class=org.apache.hadoop.http.lib.StaticUserWebFilter$StaticUserFilter) to context logs
2019-10-10 21:28:42,857 [main] INFO  http.HttpServer2 (HttpServer2.java:addFilter(958)) - Added filter static_user_filter (class=org.apache.hadoop.http.lib.StaticUserWebFilter$StaticUserFilter) to context static
2019-10-10 21:28:42,857 [main] INFO  http.HttpServer2 (HttpServer2.java:bindListener(1191)) - Jetty bound to port 43755
2019-10-10 21:28:42,858 [main] INFO  server.Server (Server.java:doStart(351)) - jetty-9.3.25.v20180904, build timestamp: 2018-09-04T21:11:46Z, git hash: 3ce520221d0240229c862b122d2b06c12a625732
2019-10-10 21:28:42,860 [main] INFO  handler.ContextHandler (ContextHandler.java:doStart(781)) - Started o.e.j.s.ServletContextHandler@52ea0269{/logs,file:///workdir/hadoop-ozone/integration-test/target/log,AVAILABLE}
2019-10-10 21:28:42,860 [main] INFO  handler.ContextHandler (ContextHandler.java:doStart(781)) - Started o.e.j.s.ServletContextHandler@43ecfeb5{/static,jar:file:/home/user/.m2/repository/org/apache/hadoop/hadoop-hdds-container-service/0.5.0-SNAPSHOT/hadoop-hdds-container-service-0.5.0-SNAPSHOT.jar!/webapps/static,AVAILABLE}
2019-10-10 21:28:42,894 [main] INFO  handler.ContextHandler (ContextHandler.java:doStart(781)) - Started o.e.j.w.WebAppContext@7792d851{/,file:///tmp/jetty-0.0.0.0-43755-hddsDatanode-_-any-6996640370163497048.dir/webapp/,AVAILABLE}{/hddsDatanode}
2019-10-10 21:28:42,894 [main] INFO  server.AbstractConnector (AbstractConnector.java:doStart(278)) - Started ServerConnector@5cd96b41{HTTP/1.1,[http/1.1]}{0.0.0.0:43755}
2019-10-10 21:28:42,898 [main] INFO  server.Server (Server.java:doStart(419)) - Started @103653ms
2019-10-10 21:28:42,898 [main] WARN  impl.MetricsSystemImpl (MetricsSystemImpl.java:register(276)) - Sink prometheus already exists!
2019-10-10 21:28:42,899 [main] INFO  server.BaseHttpServer (BaseHttpServer.java:updateConnectorAddress(215)) - HTTP server of HDDSDATANODE is listening at http://0.0.0.0:43755
2019-10-10 21:28:42,899 [main] INFO  impl.MetricsSystemImpl (MetricsSystemImpl.java:init(158)) - HddsDatanode metrics system started (again)
2019-10-10 21:28:42,902 [org.apache.hadoop.util.JvmPauseMonitor$Monitor@7c51355e] INFO  util.JvmPauseMonitor (JvmPauseMonitor.java:run(188)) - Starting JVM pause monitor
2019-10-10 21:28:42,902 [main] INFO  ozone.HddsDatanodeService (HddsDatanodeService.java:start(184)) - HddsDatanodeService host:pr-hdds-1986-lk2hz-517324276 ip:192.168.157.203
2019-10-10 21:28:42,905 [Datanode State Machine Thread - 0] INFO  datanode.InitDatanodeState (InitDatanodeState.java:persistContainerDatanodeDetails(140)) - DatanodeDetails is persisted to /workdir/hadoop-ozone/integration-test/target/test-dir/MiniOzoneClusterImpl-a7482f6d-0604-4b29-bcdd-7bbe80bb2474/datanode-0/meta/datanode.id
2019-10-10 21:28:42,908 [main] INFO  volume.HddsVolume (HddsVolume.java:<init>(176)) - Creating Volume: /workdir/hadoop-ozone/integration-test/target/test-dir/MiniOzoneClusterImpl-a7482f6d-0604-4b29-bcdd-7bbe80bb2474/datanode-1/data/containers/hdds of  storage type : DISK and capacity : 1482555576320
2019-10-10 21:28:42,909 [main] INFO  volume.VolumeSet (VolumeSet.java:initializeVolumeSet(170)) - Added Volume : /workdir/hadoop-ozone/integration-test/target/test-dir/MiniOzoneClusterImpl-a7482f6d-0604-4b29-bcdd-7bbe80bb2474/datanode-1/data/containers/hdds to VolumeSet
2019-10-10 21:28:42,909 [main] INFO  volume.ThrottledAsyncChecker (ThrottledAsyncChecker.java:schedule(141)) - Scheduling a check for org.apache.hadoop.ozone.container.common.volume.HddsVolume@3d620a1
2019-10-10 21:28:42,910 [main] INFO  volume.HddsVolumeChecker (HddsVolumeChecker.java:checkAllVolumes(204)) - Scheduled health check for volume org.apache.hadoop.ozone.container.common.volume.HddsVolume@3d620a1
2019-10-10 21:28:42,925 [main] INFO  impl.RaftServerProxy (ConfUtils.java:logGet(43)) - raft.rpc.type = GRPC (default)
2019-10-10 21:28:42,925 [main] INFO  grpc.GrpcFactory (GrpcFactory.java:checkPooledByteBufAllocatorUseCacheForAllThreads(45)) - PERFORMANCE WARNING: useCacheForAllThreads is true that may cause Netty to create a lot garbage objects and, as a result, trigger GC.
	It is recommended to disable useCacheForAllThreads by setting -Dorg.apache.ratis.thirdparty.io.netty.allocator.useCacheForAllThreads=false in command line.
2019-10-10 21:28:42,925 [main] INFO  grpc.GrpcConfigKeys$Server (ConfUtils.java:logGet(43)) - raft.grpc.server.port = 0 (default)
2019-10-10 21:28:42,925 [main] INFO  server.GrpcService (ConfUtils.java:logGet(43)) - raft.grpc.message.size.max = 33570816 (custom)
2019-10-10 21:28:42,925 [main] INFO  server.RaftServerConfigKeys (ConfUtils.java:logGet(43)) - raft.server.log.appender.buffer.byte-limit = 33554432 (custom)
2019-10-10 21:28:42,926 [main] INFO  server.GrpcService (ConfUtils.java:logGet(43)) - raft.grpc.flow.control.window = 1MB (=1048576) (default)
2019-10-10 21:28:42,926 [main] INFO  server.RaftServerConfigKeys (ConfUtils.java:logGet(43)) - raft.server.rpc.request.timeout = 3000ms (default)
2019-10-10 21:28:42,926 [main] INFO  server.RaftServerConfigKeys (ConfUtils.java:logGet(43)) - raft.server.storage.dir = [/workdir/hadoop-ozone/integration-test/target/test-dir/MiniOzoneClusterImpl-a7482f6d-0604-4b29-bcdd-7bbe80bb2474/datanode-1/data/ratis] (custom)
2019-10-10 21:28:42,928 [main] INFO  hdfs.DFSUtil (DFSUtil.java:httpServerTemplateForNNAndJN(1641)) - Starting Web-server for hddsDatanode at: http://0.0.0.0:0
2019-10-10 21:28:42,929 [main] INFO  server.AuthenticationFilter (AuthenticationFilter.java:constructSecretProvider(240)) - Unable to initialize FileSignerSecretProvider, falling back to use random secrets.
2019-10-10 21:28:42,930 [main] WARN  http.HttpRequestLog (HttpRequestLog.java:getRequestLog(97)) - Jetty request log can only be enabled using Log4j
2019-10-10 21:28:42,931 [main] INFO  http.HttpServer2 (HttpServer2.java:addGlobalFilter(975)) - Added global filter 'safety' (class=org.apache.hadoop.http.HttpServer2$QuotingInputFilter)
2019-10-10 21:28:42,932 [main] INFO  http.HttpServer2 (HttpServer2.java:addFilter(948)) - Added filter static_user_filter (class=org.apache.hadoop.http.lib.StaticUserWebFilter$StaticUserFilter) to context hddsDatanode
2019-10-10 21:28:42,932 [main] INFO  http.HttpServer2 (HttpServer2.java:addFilter(958)) - Added filter static_user_filter (class=org.apache.hadoop.http.lib.StaticUserWebFilter$StaticUserFilter) to context static
2019-10-10 21:28:42,932 [main] INFO  http.HttpServer2 (HttpServer2.java:addFilter(958)) - Added filter static_user_filter (class=org.apache.hadoop.http.lib.StaticUserWebFilter$StaticUserFilter) to context logs
2019-10-10 21:28:42,932 [main] INFO  http.HttpServer2 (HttpServer2.java:bindListener(1191)) - Jetty bound to port 34285
2019-10-10 21:28:42,933 [main] INFO  server.Server (Server.java:doStart(351)) - jetty-9.3.25.v20180904, build timestamp: 2018-09-04T21:11:46Z, git hash: 3ce520221d0240229c862b122d2b06c12a625732
2019-10-10 21:28:42,934 [main] INFO  handler.ContextHandler (ContextHandler.java:doStart(781)) - Started o.e.j.s.ServletContextHandler@1f87607c{/logs,file:///workdir/hadoop-ozone/integration-test/target/log,AVAILABLE}
2019-10-10 21:28:42,935 [main] INFO  handler.ContextHandler (ContextHandler.java:doStart(781)) - Started o.e.j.s.ServletContextHandler@6ddee60f{/static,jar:file:/home/user/.m2/repository/org/apache/hadoop/hadoop-hdds-container-service/0.5.0-SNAPSHOT/hadoop-hdds-container-service-0.5.0-SNAPSHOT.jar!/webapps/static,AVAILABLE}
2019-10-10 21:28:42,963 [main] INFO  handler.ContextHandler (ContextHandler.java:doStart(781)) - Started o.e.j.w.WebAppContext@3a00b15d{/,file:///tmp/jetty-0.0.0.0-34285-hddsDatanode-_-any-2936602048437016978.dir/webapp/,AVAILABLE}{/hddsDatanode}
2019-10-10 21:28:42,963 [main] INFO  server.AbstractConnector (AbstractConnector.java:doStart(278)) - Started ServerConnector@36ef1d65{HTTP/1.1,[http/1.1]}{0.0.0.0:34285}
2019-10-10 21:28:42,964 [main] INFO  server.Server (Server.java:doStart(419)) - Started @103720ms
2019-10-10 21:28:42,964 [main] WARN  impl.MetricsSystemImpl (MetricsSystemImpl.java:register(276)) - Sink prometheus already exists!
2019-10-10 21:28:42,965 [main] INFO  server.BaseHttpServer (BaseHttpServer.java:updateConnectorAddress(215)) - HTTP server of HDDSDATANODE is listening at http://0.0.0.0:34285
2019-10-10 21:28:42,965 [main] INFO  impl.MetricsSystemImpl (MetricsSystemImpl.java:init(158)) - HddsDatanode metrics system started (again)
2019-10-10 21:28:42,968 [org.apache.hadoop.util.JvmPauseMonitor$Monitor@2b108c8f] INFO  util.JvmPauseMonitor (JvmPauseMonitor.java:run(188)) - Starting JVM pause monitor
2019-10-10 21:28:42,969 [main] INFO  ozone.HddsDatanodeService (HddsDatanodeService.java:start(184)) - HddsDatanodeService host:pr-hdds-1986-lk2hz-517324276 ip:192.168.157.203
2019-10-10 21:28:42,972 [Datanode State Machine Thread - 0] INFO  datanode.InitDatanodeState (InitDatanodeState.java:persistContainerDatanodeDetails(140)) - DatanodeDetails is persisted to /workdir/hadoop-ozone/integration-test/target/test-dir/MiniOzoneClusterImpl-a7482f6d-0604-4b29-bcdd-7bbe80bb2474/datanode-1/meta/datanode.id
2019-10-10 21:28:42,974 [main] INFO  volume.HddsVolume (HddsVolume.java:<init>(176)) - Creating Volume: /workdir/hadoop-ozone/integration-test/target/test-dir/MiniOzoneClusterImpl-a7482f6d-0604-4b29-bcdd-7bbe80bb2474/datanode-2/data/containers/hdds of  storage type : DISK and capacity : 1482555576320
2019-10-10 21:28:42,975 [main] INFO  volume.VolumeSet (VolumeSet.java:initializeVolumeSet(170)) - Added Volume : /workdir/hadoop-ozone/integration-test/target/test-dir/MiniOzoneClusterImpl-a7482f6d-0604-4b29-bcdd-7bbe80bb2474/datanode-2/data/containers/hdds to VolumeSet
2019-10-10 21:28:42,975 [main] INFO  volume.ThrottledAsyncChecker (ThrottledAsyncChecker.java:schedule(141)) - Scheduling a check for org.apache.hadoop.ozone.container.common.volume.HddsVolume@691500ab
2019-10-10 21:28:42,975 [main] INFO  volume.HddsVolumeChecker (HddsVolumeChecker.java:checkAllVolumes(204)) - Scheduled health check for volume org.apache.hadoop.ozone.container.common.volume.HddsVolume@691500ab
2019-10-10 21:28:42,988 [main] INFO  impl.RaftServerProxy (ConfUtils.java:logGet(43)) - raft.rpc.type = GRPC (default)
2019-10-10 21:28:42,988 [main] INFO  grpc.GrpcFactory (GrpcFactory.java:checkPooledByteBufAllocatorUseCacheForAllThreads(45)) - PERFORMANCE WARNING: useCacheForAllThreads is true that may cause Netty to create a lot garbage objects and, as a result, trigger GC.
	It is recommended to disable useCacheForAllThreads by setting -Dorg.apache.ratis.thirdparty.io.netty.allocator.useCacheForAllThreads=false in command line.
2019-10-10 21:28:42,989 [main] INFO  grpc.GrpcConfigKeys$Server (ConfUtils.java:logGet(43)) - raft.grpc.server.port = 0 (default)
2019-10-10 21:28:42,989 [main] INFO  server.GrpcService (ConfUtils.java:logGet(43)) - raft.grpc.message.size.max = 33570816 (custom)
2019-10-10 21:28:42,989 [main] INFO  server.RaftServerConfigKeys (ConfUtils.java:logGet(43)) - raft.server.log.appender.buffer.byte-limit = 33554432 (custom)
2019-10-10 21:28:42,989 [main] INFO  server.GrpcService (ConfUtils.java:logGet(43)) - raft.grpc.flow.control.window = 1MB (=1048576) (default)
2019-10-10 21:28:42,989 [main] INFO  server.RaftServerConfigKeys (ConfUtils.java:logGet(43)) - raft.server.rpc.request.timeout = 3000ms (default)
2019-10-10 21:28:42,990 [main] INFO  server.RaftServerConfigKeys (ConfUtils.java:logGet(43)) - raft.server.storage.dir = [/workdir/hadoop-ozone/integration-test/target/test-dir/MiniOzoneClusterImpl-a7482f6d-0604-4b29-bcdd-7bbe80bb2474/datanode-2/data/ratis] (custom)
2019-10-10 21:28:42,991 [main] INFO  hdfs.DFSUtil (DFSUtil.java:httpServerTemplateForNNAndJN(1641)) - Starting Web-server for hddsDatanode at: http://0.0.0.0:0
2019-10-10 21:28:42,992 [main] INFO  server.AuthenticationFilter (AuthenticationFilter.java:constructSecretProvider(240)) - Unable to initialize FileSignerSecretProvider, falling back to use random secrets.
2019-10-10 21:28:42,992 [main] WARN  http.HttpRequestLog (HttpRequestLog.java:getRequestLog(97)) - Jetty request log can only be enabled using Log4j
2019-10-10 21:28:42,993 [main] INFO  http.HttpServer2 (HttpServer2.java:addGlobalFilter(975)) - Added global filter 'safety' (class=org.apache.hadoop.http.HttpServer2$QuotingInputFilter)
2019-10-10 21:28:42,993 [main] INFO  http.HttpServer2 (HttpServer2.java:addFilter(948)) - Added filter static_user_filter (class=org.apache.hadoop.http.lib.StaticUserWebFilter$StaticUserFilter) to context hddsDatanode
2019-10-10 21:28:42,994 [main] INFO  http.HttpServer2 (HttpServer2.java:addFilter(958)) - Added filter static_user_filter (class=org.apache.hadoop.http.lib.StaticUserWebFilter$StaticUserFilter) to context static
2019-10-10 21:28:42,994 [main] INFO  http.HttpServer2 (HttpServer2.java:addFilter(958)) - Added filter static_user_filter (class=org.apache.hadoop.http.lib.StaticUserWebFilter$StaticUserFilter) to context logs
2019-10-10 21:28:42,994 [main] INFO  http.HttpServer2 (HttpServer2.java:bindListener(1191)) - Jetty bound to port 34777
2019-10-10 21:28:42,994 [main] INFO  server.Server (Server.java:doStart(351)) - jetty-9.3.25.v20180904, build timestamp: 2018-09-04T21:11:46Z, git hash: 3ce520221d0240229c862b122d2b06c12a625732
2019-10-10 21:28:42,996 [main] INFO  handler.ContextHandler (ContextHandler.java:doStart(781)) - Started o.e.j.s.ServletContextHandler@5b202ff{/logs,file:///workdir/hadoop-ozone/integration-test/target/log,AVAILABLE}
2019-10-10 21:28:42,996 [main] INFO  handler.ContextHandler (ContextHandler.java:doStart(781)) - Started o.e.j.s.ServletContextHandler@e700eba{/static,jar:file:/home/user/.m2/repository/org/apache/hadoop/hadoop-hdds-container-service/0.5.0-SNAPSHOT/hadoop-hdds-container-service-0.5.0-SNAPSHOT.jar!/webapps/static,AVAILABLE}
2019-10-10 21:28:43,024 [main] INFO  handler.ContextHandler (ContextHandler.java:doStart(781)) - Started o.e.j.w.WebAppContext@39dec536{/,file:///tmp/jetty-0.0.0.0-34777-hddsDatanode-_-any-1031820887984146893.dir/webapp/,AVAILABLE}{/hddsDatanode}
2019-10-10 21:28:43,025 [main] INFO  server.AbstractConnector (AbstractConnector.java:doStart(278)) - Started ServerConnector@4a1a256d{HTTP/1.1,[http/1.1]}{0.0.0.0:34777}
2019-10-10 21:28:43,026 [main] INFO  server.Server (Server.java:doStart(419)) - Started @103782ms
2019-10-10 21:28:43,027 [main] WARN  impl.MetricsSystemImpl (MetricsSystemImpl.java:register(276)) - Sink prometheus already exists!
2019-10-10 21:28:43,027 [main] INFO  server.BaseHttpServer (BaseHttpServer.java:updateConnectorAddress(215)) - HTTP server of HDDSDATANODE is listening at http://0.0.0.0:34777
2019-10-10 21:28:43,028 [main] INFO  impl.MetricsSystemImpl (MetricsSystemImpl.java:init(158)) - HddsDatanode metrics system started (again)
2019-10-10 21:28:43,031 [org.apache.hadoop.util.JvmPauseMonitor$Monitor@2b537158] INFO  util.JvmPauseMonitor (JvmPauseMonitor.java:run(188)) - Starting JVM pause monitor
2019-10-10 21:28:43,031 [main] INFO  ozone.HddsDatanodeService (HddsDatanodeService.java:start(184)) - HddsDatanodeService host:pr-hdds-1986-lk2hz-517324276 ip:192.168.157.203
2019-10-10 21:28:43,033 [Datanode State Machine Thread - 0] INFO  datanode.InitDatanodeState (InitDatanodeState.java:persistContainerDatanodeDetails(140)) - DatanodeDetails is persisted to /workdir/hadoop-ozone/integration-test/target/test-dir/MiniOzoneClusterImpl-a7482f6d-0604-4b29-bcdd-7bbe80bb2474/datanode-2/meta/datanode.id
2019-10-10 21:28:43,037 [main] INFO  volume.HddsVolume (HddsVolume.java:<init>(176)) - Creating Volume: /workdir/hadoop-ozone/integration-test/target/test-dir/MiniOzoneClusterImpl-a7482f6d-0604-4b29-bcdd-7bbe80bb2474/datanode-3/data/containers/hdds of  storage type : DISK and capacity : 1482555576320
2019-10-10 21:28:43,037 [main] INFO  volume.VolumeSet (VolumeSet.java:initializeVolumeSet(170)) - Added Volume : /workdir/hadoop-ozone/integration-test/target/test-dir/MiniOzoneClusterImpl-a7482f6d-0604-4b29-bcdd-7bbe80bb2474/datanode-3/data/containers/hdds to VolumeSet
2019-10-10 21:28:43,037 [main] INFO  volume.ThrottledAsyncChecker (ThrottledAsyncChecker.java:schedule(141)) - Scheduling a check for org.apache.hadoop.ozone.container.common.volume.HddsVolume@67bb4dcd
2019-10-10 21:28:43,038 [main] INFO  volume.HddsVolumeChecker (HddsVolumeChecker.java:checkAllVolumes(204)) - Scheduled health check for volume org.apache.hadoop.ozone.container.common.volume.HddsVolume@67bb4dcd
2019-10-10 21:28:43,051 [main] INFO  impl.RaftServerProxy (ConfUtils.java:logGet(43)) - raft.rpc.type = GRPC (default)
2019-10-10 21:28:43,051 [main] INFO  grpc.GrpcFactory (GrpcFactory.java:checkPooledByteBufAllocatorUseCacheForAllThreads(45)) - PERFORMANCE WARNING: useCacheForAllThreads is true that may cause Netty to create a lot garbage objects and, as a result, trigger GC.
	It is recommended to disable useCacheForAllThreads by setting -Dorg.apache.ratis.thirdparty.io.netty.allocator.useCacheForAllThreads=false in command line.
2019-10-10 21:28:43,051 [main] INFO  grpc.GrpcConfigKeys$Server (ConfUtils.java:logGet(43)) - raft.grpc.server.port = 0 (default)
2019-10-10 21:28:43,051 [main] INFO  server.GrpcService (ConfUtils.java:logGet(43)) - raft.grpc.message.size.max = 33570816 (custom)
2019-10-10 21:28:43,051 [main] INFO  server.RaftServerConfigKeys (ConfUtils.java:logGet(43)) - raft.server.log.appender.buffer.byte-limit = 33554432 (custom)
2019-10-10 21:28:43,052 [main] INFO  server.GrpcService (ConfUtils.java:logGet(43)) - raft.grpc.flow.control.window = 1MB (=1048576) (default)
2019-10-10 21:28:43,052 [main] INFO  server.RaftServerConfigKeys (ConfUtils.java:logGet(43)) - raft.server.rpc.request.timeout = 3000ms (default)
2019-10-10 21:28:43,052 [main] INFO  server.RaftServerConfigKeys (ConfUtils.java:logGet(43)) - raft.server.storage.dir = [/workdir/hadoop-ozone/integration-test/target/test-dir/MiniOzoneClusterImpl-a7482f6d-0604-4b29-bcdd-7bbe80bb2474/datanode-3/data/ratis] (custom)
2019-10-10 21:28:43,053 [main] INFO  hdfs.DFSUtil (DFSUtil.java:httpServerTemplateForNNAndJN(1641)) - Starting Web-server for hddsDatanode at: http://0.0.0.0:0
2019-10-10 21:28:43,054 [main] INFO  server.AuthenticationFilter (AuthenticationFilter.java:constructSecretProvider(240)) - Unable to initialize FileSignerSecretProvider, falling back to use random secrets.
2019-10-10 21:28:43,055 [main] WARN  http.HttpRequestLog (HttpRequestLog.java:getRequestLog(97)) - Jetty request log can only be enabled using Log4j
2019-10-10 21:28:43,056 [main] INFO  http.HttpServer2 (HttpServer2.java:addGlobalFilter(975)) - Added global filter 'safety' (class=org.apache.hadoop.http.HttpServer2$QuotingInputFilter)
2019-10-10 21:28:43,056 [main] INFO  http.HttpServer2 (HttpServer2.java:addFilter(948)) - Added filter static_user_filter (class=org.apache.hadoop.http.lib.StaticUserWebFilter$StaticUserFilter) to context hddsDatanode
2019-10-10 21:28:43,056 [main] INFO  http.HttpServer2 (HttpServer2.java:addFilter(958)) - Added filter static_user_filter (class=org.apache.hadoop.http.lib.StaticUserWebFilter$StaticUserFilter) to context static
2019-10-10 21:28:43,057 [main] INFO  http.HttpServer2 (HttpServer2.java:addFilter(958)) - Added filter static_user_filter (class=org.apache.hadoop.http.lib.StaticUserWebFilter$StaticUserFilter) to context logs
2019-10-10 21:28:43,057 [main] INFO  http.HttpServer2 (HttpServer2.java:bindListener(1191)) - Jetty bound to port 38518
2019-10-10 21:28:43,057 [main] INFO  server.Server (Server.java:doStart(351)) - jetty-9.3.25.v20180904, build timestamp: 2018-09-04T21:11:46Z, git hash: 3ce520221d0240229c862b122d2b06c12a625732
2019-10-10 21:28:43,059 [main] INFO  handler.ContextHandler (ContextHandler.java:doStart(781)) - Started o.e.j.s.ServletContextHandler@5a7df831{/logs,file:///workdir/hadoop-ozone/integration-test/target/log,AVAILABLE}
2019-10-10 21:28:43,059 [main] INFO  handler.ContextHandler (ContextHandler.java:doStart(781)) - Started o.e.j.s.ServletContextHandler@22d7fd41{/static,jar:file:/home/user/.m2/repository/org/apache/hadoop/hadoop-hdds-container-service/0.5.0-SNAPSHOT/hadoop-hdds-container-service-0.5.0-SNAPSHOT.jar!/webapps/static,AVAILABLE}
2019-10-10 21:28:43,088 [main] INFO  handler.ContextHandler (ContextHandler.java:doStart(781)) - Started o.e.j.w.WebAppContext@75aea2ba{/,file:///tmp/jetty-0.0.0.0-38518-hddsDatanode-_-any-981052934452289140.dir/webapp/,AVAILABLE}{/hddsDatanode}
2019-10-10 21:28:43,088 [main] INFO  server.AbstractConnector (AbstractConnector.java:doStart(278)) - Started ServerConnector@2a47597{HTTP/1.1,[http/1.1]}{0.0.0.0:38518}
2019-10-10 21:28:43,090 [main] INFO  server.Server (Server.java:doStart(419)) - Started @103845ms
2019-10-10 21:28:43,090 [main] WARN  impl.MetricsSystemImpl (MetricsSystemImpl.java:register(276)) - Sink prometheus already exists!
2019-10-10 21:28:43,091 [main] INFO  server.BaseHttpServer (BaseHttpServer.java:updateConnectorAddress(215)) - HTTP server of HDDSDATANODE is listening at http://0.0.0.0:38518
2019-10-10 21:28:43,091 [main] INFO  impl.MetricsSystemImpl (MetricsSystemImpl.java:init(158)) - HddsDatanode metrics system started (again)
2019-10-10 21:28:43,095 [org.apache.hadoop.util.JvmPauseMonitor$Monitor@1da709] INFO  util.JvmPauseMonitor (JvmPauseMonitor.java:run(188)) - Starting JVM pause monitor
2019-10-10 21:28:43,097 [main] INFO  ozone.HddsDatanodeService (HddsDatanodeService.java:start(184)) - HddsDatanodeService host:pr-hdds-1986-lk2hz-517324276 ip:192.168.157.203
2019-10-10 21:28:43,097 [Datanode State Machine Thread - 0] INFO  datanode.InitDatanodeState (InitDatanodeState.java:persistContainerDatanodeDetails(140)) - DatanodeDetails is persisted to /workdir/hadoop-ozone/integration-test/target/test-dir/MiniOzoneClusterImpl-a7482f6d-0604-4b29-bcdd-7bbe80bb2474/datanode-3/meta/datanode.id
2019-10-10 21:28:43,109 [main] INFO  volume.HddsVolume (HddsVolume.java:<init>(176)) - Creating Volume: /workdir/hadoop-ozone/integration-test/target/test-dir/MiniOzoneClusterImpl-a7482f6d-0604-4b29-bcdd-7bbe80bb2474/datanode-4/data/containers/hdds of  storage type : DISK and capacity : 1482555576320
2019-10-10 21:28:43,109 [main] INFO  volume.VolumeSet (VolumeSet.java:initializeVolumeSet(170)) - Added Volume : /workdir/hadoop-ozone/integration-test/target/test-dir/MiniOzoneClusterImpl-a7482f6d-0604-4b29-bcdd-7bbe80bb2474/datanode-4/data/containers/hdds to VolumeSet
2019-10-10 21:28:43,110 [main] INFO  volume.ThrottledAsyncChecker (ThrottledAsyncChecker.java:schedule(141)) - Scheduling a check for org.apache.hadoop.ozone.container.common.volume.HddsVolume@2251b3bc
2019-10-10 21:28:43,110 [main] INFO  volume.HddsVolumeChecker (HddsVolumeChecker.java:checkAllVolumes(204)) - Scheduled health check for volume org.apache.hadoop.ozone.container.common.volume.HddsVolume@2251b3bc
2019-10-10 21:28:43,132 [main] INFO  impl.RaftServerProxy (ConfUtils.java:logGet(43)) - raft.rpc.type = GRPC (default)
2019-10-10 21:28:43,133 [main] INFO  grpc.GrpcFactory (GrpcFactory.java:checkPooledByteBufAllocatorUseCacheForAllThreads(45)) - PERFORMANCE WARNING: useCacheForAllThreads is true that may cause Netty to create a lot garbage objects and, as a result, trigger GC.
	It is recommended to disable useCacheForAllThreads by setting -Dorg.apache.ratis.thirdparty.io.netty.allocator.useCacheForAllThreads=false in command line.
2019-10-10 21:28:43,133 [main] INFO  grpc.GrpcConfigKeys$Server (ConfUtils.java:logGet(43)) - raft.grpc.server.port = 0 (default)
2019-10-10 21:28:43,133 [main] INFO  server.GrpcService (ConfUtils.java:logGet(43)) - raft.grpc.message.size.max = 33570816 (custom)
2019-10-10 21:28:43,133 [main] INFO  server.RaftServerConfigKeys (ConfUtils.java:logGet(43)) - raft.server.log.appender.buffer.byte-limit = 33554432 (custom)
2019-10-10 21:28:43,134 [main] INFO  server.GrpcService (ConfUtils.java:logGet(43)) - raft.grpc.flow.control.window = 1MB (=1048576) (default)
2019-10-10 21:28:43,134 [main] INFO  server.RaftServerConfigKeys (ConfUtils.java:logGet(43)) - raft.server.rpc.request.timeout = 3000ms (default)
2019-10-10 21:28:43,135 [main] INFO  server.RaftServerConfigKeys (ConfUtils.java:logGet(43)) - raft.server.storage.dir = [/workdir/hadoop-ozone/integration-test/target/test-dir/MiniOzoneClusterImpl-a7482f6d-0604-4b29-bcdd-7bbe80bb2474/datanode-4/data/ratis] (custom)
2019-10-10 21:28:43,136 [main] INFO  hdfs.DFSUtil (DFSUtil.java:httpServerTemplateForNNAndJN(1641)) - Starting Web-server for hddsDatanode at: http://0.0.0.0:0
2019-10-10 21:28:43,138 [main] INFO  server.AuthenticationFilter (AuthenticationFilter.java:constructSecretProvider(240)) - Unable to initialize FileSignerSecretProvider, falling back to use random secrets.
2019-10-10 21:28:43,138 [main] WARN  http.HttpRequestLog (HttpRequestLog.java:getRequestLog(97)) - Jetty request log can only be enabled using Log4j
2019-10-10 21:28:43,140 [main] INFO  http.HttpServer2 (HttpServer2.java:addGlobalFilter(975)) - Added global filter 'safety' (class=org.apache.hadoop.http.HttpServer2$QuotingInputFilter)
2019-10-10 21:28:43,141 [main] INFO  http.HttpServer2 (HttpServer2.java:addFilter(948)) - Added filter static_user_filter (class=org.apache.hadoop.http.lib.StaticUserWebFilter$StaticUserFilter) to context hddsDatanode
2019-10-10 21:28:43,141 [main] INFO  http.HttpServer2 (HttpServer2.java:addFilter(958)) - Added filter static_user_filter (class=org.apache.hadoop.http.lib.StaticUserWebFilter$StaticUserFilter) to context logs
2019-10-10 21:28:43,141 [main] INFO  http.HttpServer2 (HttpServer2.java:addFilter(958)) - Added filter static_user_filter (class=org.apache.hadoop.http.lib.StaticUserWebFilter$StaticUserFilter) to context static
2019-10-10 21:28:43,142 [main] INFO  http.HttpServer2 (HttpServer2.java:bindListener(1191)) - Jetty bound to port 38830
2019-10-10 21:28:43,142 [main] INFO  server.Server (Server.java:doStart(351)) - jetty-9.3.25.v20180904, build timestamp: 2018-09-04T21:11:46Z, git hash: 3ce520221d0240229c862b122d2b06c12a625732
2019-10-10 21:28:43,144 [main] INFO  handler.ContextHandler (ContextHandler.java:doStart(781)) - Started o.e.j.s.ServletContextHandler@3a4aadf8{/logs,file:///workdir/hadoop-ozone/integration-test/target/log,AVAILABLE}
2019-10-10 21:28:43,145 [main] INFO  handler.ContextHandler (ContextHandler.java:doStart(781)) - Started o.e.j.s.ServletContextHandler@7a682d35{/static,jar:file:/home/user/.m2/repository/org/apache/hadoop/hadoop-hdds-container-service/0.5.0-SNAPSHOT/hadoop-hdds-container-service-0.5.0-SNAPSHOT.jar!/webapps/static,AVAILABLE}
2019-10-10 21:28:43,182 [main] INFO  handler.ContextHandler (ContextHandler.java:doStart(781)) - Started o.e.j.w.WebAppContext@b5c6a30{/,file:///tmp/jetty-0.0.0.0-38830-hddsDatanode-_-any-1673591718125539400.dir/webapp/,AVAILABLE}{/hddsDatanode}
2019-10-10 21:28:43,182 [main] INFO  server.AbstractConnector (AbstractConnector.java:doStart(278)) - Started ServerConnector@3bfae028{HTTP/1.1,[http/1.1]}{0.0.0.0:38830}
2019-10-10 21:28:43,184 [main] INFO  server.Server (Server.java:doStart(419)) - Started @103939ms
2019-10-10 21:28:43,184 [main] WARN  impl.MetricsSystemImpl (MetricsSystemImpl.java:register(276)) - Sink prometheus already exists!
2019-10-10 21:28:43,185 [main] INFO  server.BaseHttpServer (BaseHttpServer.java:updateConnectorAddress(215)) - HTTP server of HDDSDATANODE is listening at http://0.0.0.0:38830
2019-10-10 21:28:43,185 [main] INFO  impl.MetricsSystemImpl (MetricsSystemImpl.java:init(158)) - HddsDatanode metrics system started (again)
2019-10-10 21:28:43,189 [org.apache.hadoop.util.JvmPauseMonitor$Monitor@7702f30c] INFO  util.JvmPauseMonitor (JvmPauseMonitor.java:run(188)) - Starting JVM pause monitor
2019-10-10 21:28:43,190 [main] INFO  ozone.HddsDatanodeService (HddsDatanodeService.java:start(184)) - HddsDatanodeService host:pr-hdds-1986-lk2hz-517324276 ip:192.168.157.203
2019-10-10 21:28:43,191 [Datanode State Machine Thread - 0] INFO  datanode.InitDatanodeState (InitDatanodeState.java:persistContainerDatanodeDetails(140)) - DatanodeDetails is persisted to /workdir/hadoop-ozone/integration-test/target/test-dir/MiniOzoneClusterImpl-a7482f6d-0604-4b29-bcdd-7bbe80bb2474/datanode-4/meta/datanode.id
2019-10-10 21:28:43,196 [main] INFO  volume.HddsVolume (HddsVolume.java:<init>(176)) - Creating Volume: /workdir/hadoop-ozone/integration-test/target/test-dir/MiniOzoneClusterImpl-a7482f6d-0604-4b29-bcdd-7bbe80bb2474/datanode-5/data/containers/hdds of  storage type : DISK and capacity : 1482555576320
2019-10-10 21:28:43,197 [main] INFO  volume.VolumeSet (VolumeSet.java:initializeVolumeSet(170)) - Added Volume : /workdir/hadoop-ozone/integration-test/target/test-dir/MiniOzoneClusterImpl-a7482f6d-0604-4b29-bcdd-7bbe80bb2474/datanode-5/data/containers/hdds to VolumeSet
2019-10-10 21:28:43,197 [main] INFO  volume.ThrottledAsyncChecker (ThrottledAsyncChecker.java:schedule(141)) - Scheduling a check for org.apache.hadoop.ozone.container.common.volume.HddsVolume@4391a2d8
2019-10-10 21:28:43,198 [main] INFO  volume.HddsVolumeChecker (HddsVolumeChecker.java:checkAllVolumes(204)) - Scheduled health check for volume org.apache.hadoop.ozone.container.common.volume.HddsVolume@4391a2d8
2019-10-10 21:28:43,213 [main] INFO  impl.RaftServerProxy (ConfUtils.java:logGet(43)) - raft.rpc.type = GRPC (default)
2019-10-10 21:28:43,213 [main] INFO  grpc.GrpcFactory (GrpcFactory.java:checkPooledByteBufAllocatorUseCacheForAllThreads(45)) - PERFORMANCE WARNING: useCacheForAllThreads is true that may cause Netty to create a lot garbage objects and, as a result, trigger GC.
	It is recommended to disable useCacheForAllThreads by setting -Dorg.apache.ratis.thirdparty.io.netty.allocator.useCacheForAllThreads=false in command line.
2019-10-10 21:28:43,213 [main] INFO  grpc.GrpcConfigKeys$Server (ConfUtils.java:logGet(43)) - raft.grpc.server.port = 0 (default)
2019-10-10 21:28:43,213 [main] INFO  server.GrpcService (ConfUtils.java:logGet(43)) - raft.grpc.message.size.max = 33570816 (custom)
2019-10-10 21:28:43,214 [main] INFO  server.RaftServerConfigKeys (ConfUtils.java:logGet(43)) - raft.server.log.appender.buffer.byte-limit = 33554432 (custom)
2019-10-10 21:28:43,214 [main] INFO  server.GrpcService (ConfUtils.java:logGet(43)) - raft.grpc.flow.control.window = 1MB (=1048576) (default)
2019-10-10 21:28:43,214 [main] INFO  server.RaftServerConfigKeys (ConfUtils.java:logGet(43)) - raft.server.rpc.request.timeout = 3000ms (default)
2019-10-10 21:28:43,214 [main] INFO  server.RaftServerConfigKeys (ConfUtils.java:logGet(43)) - raft.server.storage.dir = [/workdir/hadoop-ozone/integration-test/target/test-dir/MiniOzoneClusterImpl-a7482f6d-0604-4b29-bcdd-7bbe80bb2474/datanode-5/data/ratis] (custom)
2019-10-10 21:28:43,216 [main] INFO  hdfs.DFSUtil (DFSUtil.java:httpServerTemplateForNNAndJN(1641)) - Starting Web-server for hddsDatanode at: http://0.0.0.0:0
2019-10-10 21:28:43,217 [main] INFO  server.AuthenticationFilter (AuthenticationFilter.java:constructSecretProvider(240)) - Unable to initialize FileSignerSecretProvider, falling back to use random secrets.
2019-10-10 21:28:43,217 [main] WARN  http.HttpRequestLog (HttpRequestLog.java:getRequestLog(97)) - Jetty request log can only be enabled using Log4j
2019-10-10 21:28:43,218 [main] INFO  http.HttpServer2 (HttpServer2.java:addGlobalFilter(975)) - Added global filter 'safety' (class=org.apache.hadoop.http.HttpServer2$QuotingInputFilter)
2019-10-10 21:28:43,219 [main] INFO  http.HttpServer2 (HttpServer2.java:addFilter(948)) - Added filter static_user_filter (class=org.apache.hadoop.http.lib.StaticUserWebFilter$StaticUserFilter) to context hddsDatanode
2019-10-10 21:28:43,219 [main] INFO  http.HttpServer2 (HttpServer2.java:addFilter(958)) - Added filter static_user_filter (class=org.apache.hadoop.http.lib.StaticUserWebFilter$StaticUserFilter) to context static
2019-10-10 21:28:43,219 [main] INFO  http.HttpServer2 (HttpServer2.java:addFilter(958)) - Added filter static_user_filter (class=org.apache.hadoop.http.lib.StaticUserWebFilter$StaticUserFilter) to context logs
2019-10-10 21:28:43,220 [main] INFO  http.HttpServer2 (HttpServer2.java:bindListener(1191)) - Jetty bound to port 40943
2019-10-10 21:28:43,220 [main] INFO  server.Server (Server.java:doStart(351)) - jetty-9.3.25.v20180904, build timestamp: 2018-09-04T21:11:46Z, git hash: 3ce520221d0240229c862b122d2b06c12a625732
2019-10-10 21:28:43,222 [main] INFO  handler.ContextHandler (ContextHandler.java:doStart(781)) - Started o.e.j.s.ServletContextHandler@7e87ef9e{/logs,file:///workdir/hadoop-ozone/integration-test/target/log,AVAILABLE}
2019-10-10 21:28:43,222 [main] INFO  handler.ContextHandler (ContextHandler.java:doStart(781)) - Started o.e.j.s.ServletContextHandler@45843650{/static,jar:file:/home/user/.m2/repository/org/apache/hadoop/hadoop-hdds-container-service/0.5.0-SNAPSHOT/hadoop-hdds-container-service-0.5.0-SNAPSHOT.jar!/webapps/static,AVAILABLE}
2019-10-10 21:28:43,251 [main] INFO  handler.ContextHandler (ContextHandler.java:doStart(781)) - Started o.e.j.w.WebAppContext@750ed637{/,file:///tmp/jetty-0.0.0.0-40943-hddsDatanode-_-any-6262017501707295766.dir/webapp/,AVAILABLE}{/hddsDatanode}
2019-10-10 21:28:43,251 [main] INFO  server.AbstractConnector (AbstractConnector.java:doStart(278)) - Started ServerConnector@5190010f{HTTP/1.1,[http/1.1]}{0.0.0.0:40943}
2019-10-10 21:28:43,252 [main] INFO  server.Server (Server.java:doStart(419)) - Started @104008ms
2019-10-10 21:28:43,253 [main] WARN  impl.MetricsSystemImpl (MetricsSystemImpl.java:register(276)) - Sink prometheus already exists!
2019-10-10 21:28:43,253 [main] INFO  server.BaseHttpServer (BaseHttpServer.java:updateConnectorAddress(215)) - HTTP server of HDDSDATANODE is listening at http://0.0.0.0:40943
2019-10-10 21:28:43,253 [main] INFO  impl.MetricsSystemImpl (MetricsSystemImpl.java:init(158)) - HddsDatanode metrics system started (again)
2019-10-10 21:28:43,257 [org.apache.hadoop.util.JvmPauseMonitor$Monitor@fe8c76b] INFO  util.JvmPauseMonitor (JvmPauseMonitor.java:run(188)) - Starting JVM pause monitor
2019-10-10 21:28:43,258 [main] INFO  ozone.HddsDatanodeService (HddsDatanodeService.java:start(184)) - HddsDatanodeService host:pr-hdds-1986-lk2hz-517324276 ip:192.168.157.203
2019-10-10 21:28:43,259 [Datanode State Machine Thread - 0] INFO  datanode.InitDatanodeState (InitDatanodeState.java:persistContainerDatanodeDetails(140)) - DatanodeDetails is persisted to /workdir/hadoop-ozone/integration-test/target/test-dir/MiniOzoneClusterImpl-a7482f6d-0604-4b29-bcdd-7bbe80bb2474/datanode-5/meta/datanode.id
2019-10-10 21:28:43,264 [main] INFO  volume.HddsVolume (HddsVolume.java:<init>(176)) - Creating Volume: /workdir/hadoop-ozone/integration-test/target/test-dir/MiniOzoneClusterImpl-a7482f6d-0604-4b29-bcdd-7bbe80bb2474/datanode-6/data/containers/hdds of  storage type : DISK and capacity : 1482555576320
2019-10-10 21:28:43,265 [main] INFO  volume.VolumeSet (VolumeSet.java:initializeVolumeSet(170)) - Added Volume : /workdir/hadoop-ozone/integration-test/target/test-dir/MiniOzoneClusterImpl-a7482f6d-0604-4b29-bcdd-7bbe80bb2474/datanode-6/data/containers/hdds to VolumeSet
2019-10-10 21:28:43,265 [main] INFO  volume.ThrottledAsyncChecker (ThrottledAsyncChecker.java:schedule(141)) - Scheduling a check for org.apache.hadoop.ozone.container.common.volume.HddsVolume@6f9e08d4
2019-10-10 21:28:43,265 [main] INFO  volume.HddsVolumeChecker (HddsVolumeChecker.java:checkAllVolumes(204)) - Scheduled health check for volume org.apache.hadoop.ozone.container.common.volume.HddsVolume@6f9e08d4
2019-10-10 21:28:43,280 [main] INFO  impl.RaftServerProxy (ConfUtils.java:logGet(43)) - raft.rpc.type = GRPC (default)
2019-10-10 21:28:43,280 [main] INFO  grpc.GrpcFactory (GrpcFactory.java:checkPooledByteBufAllocatorUseCacheForAllThreads(45)) - PERFORMANCE WARNING: useCacheForAllThreads is true that may cause Netty to create a lot garbage objects and, as a result, trigger GC.
	It is recommended to disable useCacheForAllThreads by setting -Dorg.apache.ratis.thirdparty.io.netty.allocator.useCacheForAllThreads=false in command line.
2019-10-10 21:28:43,280 [main] INFO  grpc.GrpcConfigKeys$Server (ConfUtils.java:logGet(43)) - raft.grpc.server.port = 0 (default)
2019-10-10 21:28:43,280 [main] INFO  server.GrpcService (ConfUtils.java:logGet(43)) - raft.grpc.message.size.max = 33570816 (custom)
2019-10-10 21:28:43,280 [main] INFO  server.RaftServerConfigKeys (ConfUtils.java:logGet(43)) - raft.server.log.appender.buffer.byte-limit = 33554432 (custom)
2019-10-10 21:28:43,281 [main] INFO  server.GrpcService (ConfUtils.java:logGet(43)) - raft.grpc.flow.control.window = 1MB (=1048576) (default)
2019-10-10 21:28:43,281 [main] INFO  server.RaftServerConfigKeys (ConfUtils.java:logGet(43)) - raft.server.rpc.request.timeout = 3000ms (default)
2019-10-10 21:28:43,281 [main] INFO  server.RaftServerConfigKeys (ConfUtils.java:logGet(43)) - raft.server.storage.dir = [/workdir/hadoop-ozone/integration-test/target/test-dir/MiniOzoneClusterImpl-a7482f6d-0604-4b29-bcdd-7bbe80bb2474/datanode-6/data/ratis] (custom)
2019-10-10 21:28:43,282 [main] INFO  hdfs.DFSUtil (DFSUtil.java:httpServerTemplateForNNAndJN(1641)) - Starting Web-server for hddsDatanode at: http://0.0.0.0:0
2019-10-10 21:28:43,283 [main] INFO  server.AuthenticationFilter (AuthenticationFilter.java:constructSecretProvider(240)) - Unable to initialize FileSignerSecretProvider, falling back to use random secrets.
2019-10-10 21:28:43,284 [main] WARN  http.HttpRequestLog (HttpRequestLog.java:getRequestLog(97)) - Jetty request log can only be enabled using Log4j
2019-10-10 21:28:43,285 [main] INFO  http.HttpServer2 (HttpServer2.java:addGlobalFilter(975)) - Added global filter 'safety' (class=org.apache.hadoop.http.HttpServer2$QuotingInputFilter)
2019-10-10 21:28:43,285 [main] INFO  http.HttpServer2 (HttpServer2.java:addFilter(948)) - Added filter static_user_filter (class=org.apache.hadoop.http.lib.StaticUserWebFilter$StaticUserFilter) to context hddsDatanode
2019-10-10 21:28:43,285 [main] INFO  http.HttpServer2 (HttpServer2.java:addFilter(958)) - Added filter static_user_filter (class=org.apache.hadoop.http.lib.StaticUserWebFilter$StaticUserFilter) to context static
2019-10-10 21:28:43,286 [main] INFO  http.HttpServer2 (HttpServer2.java:addFilter(958)) - Added filter static_user_filter (class=org.apache.hadoop.http.lib.StaticUserWebFilter$StaticUserFilter) to context logs
2019-10-10 21:28:43,286 [main] INFO  http.HttpServer2 (HttpServer2.java:bindListener(1191)) - Jetty bound to port 35597
2019-10-10 21:28:43,286 [main] INFO  server.Server (Server.java:doStart(351)) - jetty-9.3.25.v20180904, build timestamp: 2018-09-04T21:11:46Z, git hash: 3ce520221d0240229c862b122d2b06c12a625732
2019-10-10 21:28:43,288 [main] INFO  handler.ContextHandler (ContextHandler.java:doStart(781)) - Started o.e.j.s.ServletContextHandler@2f20f7ad{/logs,file:///workdir/hadoop-ozone/integration-test/target/log,AVAILABLE}
2019-10-10 21:28:43,288 [main] INFO  handler.ContextHandler (ContextHandler.java:doStart(781)) - Started o.e.j.s.ServletContextHandler@5042e3d0{/static,jar:file:/home/user/.m2/repository/org/apache/hadoop/hadoop-hdds-container-service/0.5.0-SNAPSHOT/hadoop-hdds-container-service-0.5.0-SNAPSHOT.jar!/webapps/static,AVAILABLE}
2019-10-10 21:28:43,316 [main] INFO  handler.ContextHandler (ContextHandler.java:doStart(781)) - Started o.e.j.w.WebAppContext@1de4bee0{/,file:///tmp/jetty-0.0.0.0-35597-hddsDatanode-_-any-2333231038797920710.dir/webapp/,AVAILABLE}{/hddsDatanode}
2019-10-10 21:28:43,316 [main] INFO  server.AbstractConnector (AbstractConnector.java:doStart(278)) - Started ServerConnector@3ece79fe{HTTP/1.1,[http/1.1]}{0.0.0.0:35597}
2019-10-10 21:28:43,318 [main] INFO  server.Server (Server.java:doStart(419)) - Started @104073ms
2019-10-10 21:28:43,318 [main] WARN  impl.MetricsSystemImpl (MetricsSystemImpl.java:register(276)) - Sink prometheus already exists!
2019-10-10 21:28:43,318 [main] INFO  server.BaseHttpServer (BaseHttpServer.java:updateConnectorAddress(215)) - HTTP server of HDDSDATANODE is listening at http://0.0.0.0:35597
2019-10-10 21:28:43,319 [main] INFO  ozone.MiniOzoneClusterImpl (MiniOzoneClusterImpl.java:lambda$waitForClusterToBeReady$0(147)) - Waiting for cluster to be ready. Got 0 of 7 DN Heartbeats.
2019-10-10 21:28:43,320 [org.apache.hadoop.util.JvmPauseMonitor$Monitor@6355eda1] INFO  util.JvmPauseMonitor (JvmPauseMonitor.java:run(188)) - Starting JVM pause monitor
2019-10-10 21:28:43,322 [Datanode State Machine Thread - 0] INFO  datanode.InitDatanodeState (InitDatanodeState.java:persistContainerDatanodeDetails(140)) - DatanodeDetails is persisted to /workdir/hadoop-ozone/integration-test/target/test-dir/MiniOzoneClusterImpl-a7482f6d-0604-4b29-bcdd-7bbe80bb2474/datanode-6/meta/datanode.id
2019-10-10 21:28:44,319 [main] INFO  ozone.MiniOzoneClusterImpl (MiniOzoneClusterImpl.java:lambda$waitForClusterToBeReady$0(147)) - Waiting for cluster to be ready. Got 0 of 7 DN Heartbeats.
2019-10-10 21:28:44,926 [Datanode State Machine Thread - 0] INFO  ozoneimpl.OzoneContainer (OzoneContainer.java:start(213)) - Attempting to start container services.
2019-10-10 21:28:44,926 [Datanode State Machine Thread - 0] INFO  ozoneimpl.OzoneContainer (OzoneContainer.java:startContainerScrub(177)) - Background container scanner has been disabled.
2019-10-10 21:28:44,926 [Datanode State Machine Thread - 0] INFO  ratis.XceiverServerRatis (XceiverServerRatis.java:start(418)) - Starting XceiverServerRatis b53b5c8e-5e67-456c-afc2-42f0810f9e11 at port 0
2019-10-10 21:28:44,934 [Datanode State Machine Thread - 0] INFO  impl.RaftServerProxy (RaftServerProxy.java:lambda$start$3(299)) - b53b5c8e-5e67-456c-afc2-42f0810f9e11: start RPC server
2019-10-10 21:28:44,936 [Datanode State Machine Thread - 0] INFO  server.GrpcService (GrpcService.java:startImpl(158)) - b53b5c8e-5e67-456c-afc2-42f0810f9e11: GrpcService started, listening on 0.0.0.0/0.0.0.0:33905
2019-10-10 21:28:44,936 [Datanode State Machine Thread - 0] INFO  ratis.XceiverServerRatis (XceiverServerRatis.java:start(428)) - XceiverServerRatis b53b5c8e-5e67-456c-afc2-42f0810f9e11 is started using port 33905
2019-10-10 21:28:44,936 [Datanode State Machine Thread - 0] INFO  server.XceiverServerGrpc (XceiverServerGrpc.java:start(149)) - XceiverServerGrpc b53b5c8e-5e67-456c-afc2-42f0810f9e11 is started using port 34086
2019-10-10 21:28:44,986 [Datanode State Machine Thread - 0] INFO  ozoneimpl.OzoneContainer (OzoneContainer.java:start(213)) - Attempting to start container services.
2019-10-10 21:28:44,987 [Datanode State Machine Thread - 0] INFO  ozoneimpl.OzoneContainer (OzoneContainer.java:startContainerScrub(177)) - Background container scanner has been disabled.
2019-10-10 21:28:44,987 [Datanode State Machine Thread - 0] INFO  ratis.XceiverServerRatis (XceiverServerRatis.java:start(418)) - Starting XceiverServerRatis a900087f-503e-4321-861c-2daca883c610 at port 0
2019-10-10 21:28:44,996 [Datanode State Machine Thread - 0] INFO  impl.RaftServerProxy (RaftServerProxy.java:lambda$start$3(299)) - a900087f-503e-4321-861c-2daca883c610: start RPC server
2019-10-10 21:28:44,997 [Datanode State Machine Thread - 0] INFO  server.GrpcService (GrpcService.java:startImpl(158)) - a900087f-503e-4321-861c-2daca883c610: GrpcService started, listening on 0.0.0.0/0.0.0.0:34263
2019-10-10 21:28:44,997 [Datanode State Machine Thread - 0] INFO  ratis.XceiverServerRatis (XceiverServerRatis.java:start(428)) - XceiverServerRatis a900087f-503e-4321-861c-2daca883c610 is started using port 34263
2019-10-10 21:28:45,000 [Datanode State Machine Thread - 0] INFO  server.XceiverServerGrpc (XceiverServerGrpc.java:start(149)) - XceiverServerGrpc a900087f-503e-4321-861c-2daca883c610 is started using port 33057
2019-10-10 21:28:45,049 [Datanode State Machine Thread - 0] INFO  ozoneimpl.OzoneContainer (OzoneContainer.java:start(213)) - Attempting to start container services.
2019-10-10 21:28:45,052 [Datanode State Machine Thread - 0] INFO  ozoneimpl.OzoneContainer (OzoneContainer.java:startContainerScrub(177)) - Background container scanner has been disabled.
2019-10-10 21:28:45,052 [Datanode State Machine Thread - 0] INFO  ratis.XceiverServerRatis (XceiverServerRatis.java:start(418)) - Starting XceiverServerRatis dfe184d8-5e71-4515-9f68-a36fd788b5f0 at port 0
2019-10-10 21:28:45,059 [Datanode State Machine Thread - 0] INFO  impl.RaftServerProxy (RaftServerProxy.java:lambda$start$3(299)) - dfe184d8-5e71-4515-9f68-a36fd788b5f0: start RPC server
2019-10-10 21:28:45,060 [Datanode State Machine Thread - 0] INFO  server.GrpcService (GrpcService.java:startImpl(158)) - dfe184d8-5e71-4515-9f68-a36fd788b5f0: GrpcService started, listening on 0.0.0.0/0.0.0.0:42154
2019-10-10 21:28:45,060 [Datanode State Machine Thread - 0] INFO  ratis.XceiverServerRatis (XceiverServerRatis.java:start(428)) - XceiverServerRatis dfe184d8-5e71-4515-9f68-a36fd788b5f0 is started using port 42154
2019-10-10 21:28:45,061 [Datanode State Machine Thread - 0] INFO  server.XceiverServerGrpc (XceiverServerGrpc.java:start(149)) - XceiverServerGrpc dfe184d8-5e71-4515-9f68-a36fd788b5f0 is started using port 37819
2019-10-10 21:28:45,110 [Datanode State Machine Thread - 0] INFO  ozoneimpl.OzoneContainer (OzoneContainer.java:start(213)) - Attempting to start container services.
2019-10-10 21:28:45,111 [Datanode State Machine Thread - 0] INFO  ozoneimpl.OzoneContainer (OzoneContainer.java:startContainerScrub(177)) - Background container scanner has been disabled.
2019-10-10 21:28:45,111 [Datanode State Machine Thread - 0] INFO  ratis.XceiverServerRatis (XceiverServerRatis.java:start(418)) - Starting XceiverServerRatis c47696ef-e34f-4985-b806-bbd4689a3a9d at port 0
2019-10-10 21:28:45,118 [Datanode State Machine Thread - 0] INFO  impl.RaftServerProxy (RaftServerProxy.java:lambda$start$3(299)) - c47696ef-e34f-4985-b806-bbd4689a3a9d: start RPC server
2019-10-10 21:28:45,119 [Datanode State Machine Thread - 0] INFO  server.GrpcService (GrpcService.java:startImpl(158)) - c47696ef-e34f-4985-b806-bbd4689a3a9d: GrpcService started, listening on 0.0.0.0/0.0.0.0:38837
2019-10-10 21:28:45,119 [Datanode State Machine Thread - 0] INFO  ratis.XceiverServerRatis (XceiverServerRatis.java:start(428)) - XceiverServerRatis c47696ef-e34f-4985-b806-bbd4689a3a9d is started using port 38837
2019-10-10 21:28:45,120 [Datanode State Machine Thread - 0] INFO  server.XceiverServerGrpc (XceiverServerGrpc.java:start(149)) - XceiverServerGrpc c47696ef-e34f-4985-b806-bbd4689a3a9d is started using port 36557
2019-10-10 21:28:45,203 [Datanode State Machine Thread - 0] INFO  ozoneimpl.OzoneContainer (OzoneContainer.java:start(213)) - Attempting to start container services.
2019-10-10 21:28:45,203 [Datanode State Machine Thread - 0] INFO  ozoneimpl.OzoneContainer (OzoneContainer.java:startContainerScrub(177)) - Background container scanner has been disabled.
2019-10-10 21:28:45,203 [Datanode State Machine Thread - 0] INFO  ratis.XceiverServerRatis (XceiverServerRatis.java:start(418)) - Starting XceiverServerRatis 919a5fb4-be8f-4ab0-b4ab-d725ff256d57 at port 0
2019-10-10 21:28:45,211 [Datanode State Machine Thread - 0] INFO  impl.RaftServerProxy (RaftServerProxy.java:lambda$start$3(299)) - 919a5fb4-be8f-4ab0-b4ab-d725ff256d57: start RPC server
2019-10-10 21:28:45,214 [Datanode State Machine Thread - 0] INFO  server.GrpcService (GrpcService.java:startImpl(158)) - 919a5fb4-be8f-4ab0-b4ab-d725ff256d57: GrpcService started, listening on 0.0.0.0/0.0.0.0:46769
2019-10-10 21:28:45,214 [Datanode State Machine Thread - 0] INFO  ratis.XceiverServerRatis (XceiverServerRatis.java:start(428)) - XceiverServerRatis 919a5fb4-be8f-4ab0-b4ab-d725ff256d57 is started using port 46769
2019-10-10 21:28:45,217 [Datanode State Machine Thread - 0] INFO  server.XceiverServerGrpc (XceiverServerGrpc.java:start(149)) - XceiverServerGrpc 919a5fb4-be8f-4ab0-b4ab-d725ff256d57 is started using port 43381
2019-10-10 21:28:45,271 [Datanode State Machine Thread - 0] INFO  ozoneimpl.OzoneContainer (OzoneContainer.java:start(213)) - Attempting to start container services.
2019-10-10 21:28:45,271 [Datanode State Machine Thread - 0] INFO  ozoneimpl.OzoneContainer (OzoneContainer.java:startContainerScrub(177)) - Background container scanner has been disabled.
2019-10-10 21:28:45,271 [Datanode State Machine Thread - 0] INFO  ratis.XceiverServerRatis (XceiverServerRatis.java:start(418)) - Starting XceiverServerRatis 738fedeb-6967-4662-b341-58cc98afdba9 at port 0
2019-10-10 21:28:45,279 [Datanode State Machine Thread - 0] INFO  impl.RaftServerProxy (RaftServerProxy.java:lambda$start$3(299)) - 738fedeb-6967-4662-b341-58cc98afdba9: start RPC server
2019-10-10 21:28:45,279 [Datanode State Machine Thread - 0] INFO  server.GrpcService (GrpcService.java:startImpl(158)) - 738fedeb-6967-4662-b341-58cc98afdba9: GrpcService started, listening on 0.0.0.0/0.0.0.0:46631
2019-10-10 21:28:45,279 [Datanode State Machine Thread - 0] INFO  ratis.XceiverServerRatis (XceiverServerRatis.java:start(428)) - XceiverServerRatis 738fedeb-6967-4662-b341-58cc98afdba9 is started using port 46631
2019-10-10 21:28:45,280 [Datanode State Machine Thread - 0] INFO  server.XceiverServerGrpc (XceiverServerGrpc.java:start(149)) - XceiverServerGrpc 738fedeb-6967-4662-b341-58cc98afdba9 is started using port 38368
2019-10-10 21:28:45,320 [main] INFO  ozone.MiniOzoneClusterImpl (MiniOzoneClusterImpl.java:lambda$waitForClusterToBeReady$0(147)) - Waiting for cluster to be ready. Got 0 of 7 DN Heartbeats.
2019-10-10 21:28:45,335 [Datanode State Machine Thread - 0] INFO  ozoneimpl.OzoneContainer (OzoneContainer.java:start(213)) - Attempting to start container services.
2019-10-10 21:28:45,335 [Datanode State Machine Thread - 0] INFO  ozoneimpl.OzoneContainer (OzoneContainer.java:startContainerScrub(177)) - Background container scanner has been disabled.
2019-10-10 21:28:45,335 [Datanode State Machine Thread - 0] INFO  ratis.XceiverServerRatis (XceiverServerRatis.java:start(418)) - Starting XceiverServerRatis 1c4f1302-9db1-485d-83b0-a9aeaaa1c8b3 at port 0
2019-10-10 21:28:45,343 [Datanode State Machine Thread - 0] INFO  impl.RaftServerProxy (RaftServerProxy.java:lambda$start$3(299)) - 1c4f1302-9db1-485d-83b0-a9aeaaa1c8b3: start RPC server
2019-10-10 21:28:45,344 [Datanode State Machine Thread - 0] INFO  server.GrpcService (GrpcService.java:startImpl(158)) - 1c4f1302-9db1-485d-83b0-a9aeaaa1c8b3: GrpcService started, listening on 0.0.0.0/0.0.0.0:39244
2019-10-10 21:28:45,344 [Datanode State Machine Thread - 0] INFO  ratis.XceiverServerRatis (XceiverServerRatis.java:start(428)) - XceiverServerRatis 1c4f1302-9db1-485d-83b0-a9aeaaa1c8b3 is started using port 39244
2019-10-10 21:28:45,344 [Datanode State Machine Thread - 0] INFO  server.XceiverServerGrpc (XceiverServerGrpc.java:start(149)) - XceiverServerGrpc 1c4f1302-9db1-485d-83b0-a9aeaaa1c8b3 is started using port 44859
2019-10-10 21:28:46,320 [main] INFO  ozone.MiniOzoneClusterImpl (MiniOzoneClusterImpl.java:lambda$waitForClusterToBeReady$0(147)) - Waiting for cluster to be ready. Got 0 of 7 DN Heartbeats.
2019-10-10 21:28:46,906 [IPC Server handler 4 on 36360] INFO  net.NetworkTopology (NetworkTopologyImpl.java:add(111)) - Added a new node: /default-rack/b53b5c8e-5e67-456c-afc2-42f0810f9e11
2019-10-10 21:28:46,909 [IPC Server handler 4 on 36360] INFO  node.SCMNodeManager (SCMNodeManager.java:register(268)) - Registered Data node : b53b5c8e-5e67-456c-afc2-42f0810f9e11{ip: 192.168.157.203, host: pr-hdds-1986-lk2hz-517324276, networkLocation: /default-rack, certSerialId: null}
2019-10-10 21:28:46,910 [EventQueue-NodeRegistrationContainerReportForDataNodeSafeModeRule] INFO  safemode.SCMSafeModeManager (DataNodeSafeModeRule.java:process(71)) - SCM in safe mode. 1 DataNodes registered, 1 required.
2019-10-10 21:28:46,913 [EventQueue-NodeRegistrationContainerReportForDataNodeSafeModeRule] INFO  safemode.SCMSafeModeManager (SCMSafeModeManager.java:validateSafeModeExitRules(177)) - ScmSafeModeManager, all rules are successfully validated
2019-10-10 21:28:46,913 [EventQueue-NodeRegistrationContainerReportForDataNodeSafeModeRule] INFO  safemode.SCMSafeModeManager (SCMSafeModeManager.java:exitSafeMode(193)) - SCM exiting safe mode.
2019-10-10 21:28:46,926 [grpc-default-executor-4] INFO  impl.RaftServerProxy (RaftServerProxy.java:addNew(89)) - b53b5c8e-5e67-456c-afc2-42f0810f9e11: addNew group-87B60856736B:[b53b5c8e-5e67-456c-afc2-42f0810f9e11:192.168.157.203:33905] returns group-87B60856736B:java.util.concurrent.CompletableFuture@1ea7199a[Not completed]
2019-10-10 21:28:46,928 [pool-207-thread-1] INFO  impl.RaftServerImpl (RaftServerImpl.java:<init>(95)) - b53b5c8e-5e67-456c-afc2-42f0810f9e11: new RaftServerImpl for group-87B60856736B:[b53b5c8e-5e67-456c-afc2-42f0810f9e11:192.168.157.203:33905] with ContainerStateMachine:uninitialized
2019-10-10 21:28:46,929 [pool-207-thread-1] INFO  server.RaftServerConfigKeys (ConfUtils.java:logGet(43)) - raft.server.rpc.timeout.min = 5s (custom)
2019-10-10 21:28:46,929 [pool-207-thread-1] INFO  server.RaftServerConfigKeys (ConfUtils.java:logGet(43)) - raft.server.rpc.timeout.max = 5200ms (custom)
2019-10-10 21:28:46,929 [pool-207-thread-1] INFO  server.RaftServerConfigKeys (ConfUtils.java:logGet(43)) - raft.server.rpcslowness.timeout = 120s (custom)
2019-10-10 21:28:46,929 [pool-207-thread-1] INFO  server.RaftServerConfigKeys (ConfUtils.java:logGet(43)) - raft.server.sleep.deviation.threshold = 300 (default)
2019-10-10 21:28:46,929 [pool-207-thread-1] INFO  server.RaftServerConfigKeys (ConfUtils.java:logGet(43)) - raft.server.log.appender.install.snapshot.enabled = false (custom)
2019-10-10 21:28:46,930 [pool-207-thread-1] INFO  impl.RaftServerImpl (ServerState.java:<init>(103)) - b53b5c8e-5e67-456c-afc2-42f0810f9e11@group-87B60856736B: ConfigurationManager, init=-1: [b53b5c8e-5e67-456c-afc2-42f0810f9e11:192.168.157.203:33905], old=null, confs=<EMPTY_MAP>
2019-10-10 21:28:46,930 [pool-207-thread-1] INFO  server.RaftServerConfigKeys (ConfUtils.java:logGet(43)) - raft.server.storage.dir = [/workdir/hadoop-ozone/integration-test/target/test-dir/MiniOzoneClusterImpl-a7482f6d-0604-4b29-bcdd-7bbe80bb2474/datanode-0/data/ratis] (custom)
2019-10-10 21:28:46,930 [pool-207-thread-1] INFO  server.RaftServerConfigKeys (ConfUtils.java:logGet(43)) - raft.server.log.corruption.policy = EXCEPTION (default)
2019-10-10 21:28:46,931 [pool-207-thread-1] INFO  storage.RaftStorageDirectory (RaftStorageDirectory.java:analyzeStorage(246)) - The storage directory /workdir/hadoop-ozone/integration-test/target/test-dir/MiniOzoneClusterImpl-a7482f6d-0604-4b29-bcdd-7bbe80bb2474/datanode-0/data/ratis/0aae2c00-6e26-49fa-ab3f-87b60856736b does not exist. Creating ...
2019-10-10 21:28:46,944 [pool-207-thread-1] INFO  storage.RaftStorageDirectory (RaftStorageDirectory.java:tryLock(328)) - Lock on /workdir/hadoop-ozone/integration-test/target/test-dir/MiniOzoneClusterImpl-a7482f6d-0604-4b29-bcdd-7bbe80bb2474/datanode-0/data/ratis/0aae2c00-6e26-49fa-ab3f-87b60856736b/in_use.lock acquired by nodename 3080@pr-hdds-1986-lk2hz-517324276
2019-10-10 21:28:46,957 [pool-207-thread-1] INFO  storage.RaftStorage (RaftStorage.java:format(84)) - Storage directory /workdir/hadoop-ozone/integration-test/target/test-dir/MiniOzoneClusterImpl-a7482f6d-0604-4b29-bcdd-7bbe80bb2474/datanode-0/data/ratis/0aae2c00-6e26-49fa-ab3f-87b60856736b has been successfully formatted.
2019-10-10 21:28:46,958 [pool-207-thread-1] INFO  ratis.ContainerStateMachine (ContainerStateMachine.java:loadSnapshot(231)) - group-87B60856736B: The snapshot info is null. Setting the last applied indexto:(t:0, i:~)
2019-10-10 21:28:46,958 [pool-207-thread-1] INFO  server.RaftServerConfigKeys (ConfUtils.java:logGet(43)) - raft.server.notification.no-leader.timeout = 120s (custom)
2019-10-10 21:28:46,958 [pool-207-thread-1] INFO  server.RaftServerConfigKeys (ConfUtils.java:logGet(43)) - raft.server.log.use.memory = false (default)
2019-10-10 21:28:46,958 [pool-207-thread-1] INFO  server.RaftServerConfigKeys (ConfUtils.java:logGet(43)) - raft.server.log.purge.gap = 1000000 (custom)
2019-10-10 21:28:46,958 [pool-207-thread-1] INFO  server.RaftServerConfigKeys (ConfUtils.java:logGet(43)) - raft.server.log.appender.buffer.byte-limit = 33554432 (custom)
2019-10-10 21:28:46,959 [pool-207-thread-1] INFO  server.RaftServerConfigKeys (ConfUtils.java:logGet(43)) - raft.server.log.segment.size.max = 1048576 (custom)
2019-10-10 21:28:46,961 [pool-207-thread-1] INFO  server.RaftServerConfigKeys (ConfUtils.java:logGet(43)) - raft.server.log.segment.cache.num.max = 2 (custom)
2019-10-10 21:28:46,961 [pool-207-thread-1] INFO  segmented.SegmentedRaftLogWorker (SegmentedRaftLogWorker.java:<init>(173)) - new b53b5c8e-5e67-456c-afc2-42f0810f9e11@group-87B60856736B-SegmentedRaftLogWorker for RaftStorage:Storage Directory /workdir/hadoop-ozone/integration-test/target/test-dir/MiniOzoneClusterImpl-a7482f6d-0604-4b29-bcdd-7bbe80bb2474/datanode-0/data/ratis/0aae2c00-6e26-49fa-ab3f-87b60856736b
2019-10-10 21:28:46,961 [pool-207-thread-1] INFO  server.RaftServerConfigKeys (ConfUtils.java:logGet(43)) - raft.server.log.queue.byte-limit = 2147483647 (custom)
2019-10-10 21:28:46,962 [pool-207-thread-1] INFO  server.RaftServerConfigKeys (ConfUtils.java:logGet(43)) - raft.server.log.queue.element-limit = 1024 (custom)
2019-10-10 21:28:46,962 [pool-207-thread-1] INFO  server.RaftServerConfigKeys (ConfUtils.java:logGet(43)) - raft.server.log.segment.size.max = 1048576 (custom)
2019-10-10 21:28:46,962 [pool-207-thread-1] INFO  server.RaftServerConfigKeys (ConfUtils.java:logGet(43)) - raft.server.log.preallocated.size = 16384 (custom)
2019-10-10 21:28:46,962 [pool-207-thread-1] INFO  server.RaftServerConfigKeys (ConfUtils.java:logGet(43)) - raft.server.log.write.buffer.size = 33554432 (custom)
2019-10-10 21:28:46,962 [pool-207-thread-1] INFO  server.RaftServerConfigKeys (ConfUtils.java:logGet(43)) - raft.server.log.force.sync.num = 128 (default)
2019-10-10 21:28:46,962 [pool-207-thread-1] INFO  server.RaftServerConfigKeys (ConfUtils.java:logGet(43)) - raft.server.log.statemachine.data.sync = true (default)
2019-10-10 21:28:46,962 [pool-207-thread-1] INFO  server.RaftServerConfigKeys (ConfUtils.java:logGet(43)) - raft.server.log.statemachine.data.sync.timeout = 10s (default)
2019-10-10 21:28:46,963 [pool-207-thread-1] INFO  server.RaftServerConfigKeys (ConfUtils.java:logGet(43)) - raft.server.log.statemachine.data.sync.timeout.retry = -1 (default)
2019-10-10 21:28:46,963 [pool-207-thread-1] INFO  server.RaftServerConfigKeys (ConfUtils.java:logGet(43)) - raft.server.log.statemachine.data.caching.enabled = true (custom)
2019-10-10 21:28:46,964 [pool-207-thread-1] INFO  segmented.SegmentedRaftLogWorker (SegmentedRaftLogWorker.java:lambda$new$0(128)) - b53b5c8e-5e67-456c-afc2-42f0810f9e11@group-87B60856736B-SegmentedRaftLogWorker: flushIndex: setUnconditionally 0 -> -1
2019-10-10 21:28:46,964 [pool-207-thread-1] INFO  server.RaftServerConfigKeys (ConfUtils.java:logGet(43)) - raft.server.snapshot.auto.trigger.enabled = true (custom)
2019-10-10 21:28:46,964 [pool-207-thread-1] INFO  server.RaftServerConfigKeys (ConfUtils.java:logGet(43)) - raft.server.snapshot.auto.trigger.threshold = 10000 (custom)
2019-10-10 21:28:46,964 [pool-207-thread-1] INFO  server.RaftServerConfigKeys (ConfUtils.java:logGet(43)) - raft.server.snapshot.retention.file.num = 5 (custom)
2019-10-10 21:28:46,965 [pool-207-thread-1] INFO  server.RaftServerConfigKeys (ConfUtils.java:logGet(43)) - raft.server.retrycache.expirytime = 600000ms (custom)
2019-10-10 21:28:46,968 [pool-207-thread-1] INFO  impl.RaftServerImpl (RaftServerImpl.java:start(181)) - b53b5c8e-5e67-456c-afc2-42f0810f9e11@group-87B60856736B: start as a follower, conf=-1: [b53b5c8e-5e67-456c-afc2-42f0810f9e11:192.168.157.203:33905], old=null
2019-10-10 21:28:46,968 [pool-207-thread-1] INFO  impl.RaftServerImpl (RaftServerImpl.java:setRole(170)) - b53b5c8e-5e67-456c-afc2-42f0810f9e11@group-87B60856736B: changes role from      null to FOLLOWER at term 0 for startAsFollower
2019-10-10 21:28:46,968 [pool-207-thread-1] INFO  impl.RoleInfo (RoleInfo.java:updateAndGet(143)) - b53b5c8e-5e67-456c-afc2-42f0810f9e11: start FollowerState
2019-10-10 21:28:46,968 [pool-207-thread-1] INFO  util.JmxRegister (JmxRegister.java:tryRegister(44)) - Successfully registered JMX Bean with object name Ratis:service=RaftServer,group=group-87B60856736B,id=b53b5c8e-5e67-456c-afc2-42f0810f9e11
2019-10-10 21:28:46,968 [IPC Server handler 5 on 36360] INFO  net.NetworkTopology (NetworkTopologyImpl.java:add(111)) - Added a new node: /default-rack/a900087f-503e-4321-861c-2daca883c610
2019-10-10 21:28:46,969 [IPC Server handler 5 on 36360] INFO  node.SCMNodeManager (SCMNodeManager.java:register(268)) - Registered Data node : a900087f-503e-4321-861c-2daca883c610{ip: 192.168.157.203, host: pr-hdds-1986-lk2hz-517324276, networkLocation: /default-rack, certSerialId: null}
2019-10-10 21:28:46,978 [RatisPipelineUtilsThread] INFO  pipeline.PipelineStateManager (PipelineStateManager.java:addPipeline(56)) - Created pipeline Pipeline[ Id: 0aae2c00-6e26-49fa-ab3f-87b60856736b, Nodes: b53b5c8e-5e67-456c-afc2-42f0810f9e11{ip: 192.168.157.203, host: pr-hdds-1986-lk2hz-517324276, networkLocation: /default-rack, certSerialId: null}, Type:RATIS, Factor:ONE, State:OPEN]
2019-10-10 21:28:47,006 [grpc-default-executor-4] INFO  impl.RaftServerProxy (RaftServerProxy.java:addNew(89)) - a900087f-503e-4321-861c-2daca883c610: addNew group-7BCE346C465B:[a900087f-503e-4321-861c-2daca883c610:192.168.157.203:34263] returns group-7BCE346C465B:java.util.concurrent.CompletableFuture@7e2c9e8b[Not completed]
2019-10-10 21:28:47,007 [pool-217-thread-1] INFO  impl.RaftServerImpl (RaftServerImpl.java:<init>(95)) - a900087f-503e-4321-861c-2daca883c610: new RaftServerImpl for group-7BCE346C465B:[a900087f-503e-4321-861c-2daca883c610:192.168.157.203:34263] with ContainerStateMachine:uninitialized
2019-10-10 21:28:47,007 [pool-217-thread-1] INFO  server.RaftServerConfigKeys (ConfUtils.java:logGet(43)) - raft.server.rpc.timeout.min = 5s (custom)
2019-10-10 21:28:47,007 [pool-217-thread-1] INFO  server.RaftServerConfigKeys (ConfUtils.java:logGet(43)) - raft.server.rpc.timeout.max = 5200ms (custom)
2019-10-10 21:28:47,008 [pool-217-thread-1] INFO  server.RaftServerConfigKeys (ConfUtils.java:logGet(43)) - raft.server.rpcslowness.timeout = 120s (custom)
2019-10-10 21:28:47,008 [pool-217-thread-1] INFO  server.RaftServerConfigKeys (ConfUtils.java:logGet(43)) - raft.server.sleep.deviation.threshold = 300 (default)
2019-10-10 21:28:47,008 [pool-217-thread-1] INFO  server.RaftServerConfigKeys (ConfUtils.java:logGet(43)) - raft.server.log.appender.install.snapshot.enabled = false (custom)
2019-10-10 21:28:47,008 [pool-217-thread-1] INFO  impl.RaftServerImpl (ServerState.java:<init>(103)) - a900087f-503e-4321-861c-2daca883c610@group-7BCE346C465B: ConfigurationManager, init=-1: [a900087f-503e-4321-861c-2daca883c610:192.168.157.203:34263], old=null, confs=<EMPTY_MAP>
2019-10-10 21:28:47,008 [pool-217-thread-1] INFO  server.RaftServerConfigKeys (ConfUtils.java:logGet(43)) - raft.server.storage.dir = [/workdir/hadoop-ozone/integration-test/target/test-dir/MiniOzoneClusterImpl-a7482f6d-0604-4b29-bcdd-7bbe80bb2474/datanode-1/data/ratis] (custom)
2019-10-10 21:28:47,009 [pool-217-thread-1] INFO  server.RaftServerConfigKeys (ConfUtils.java:logGet(43)) - raft.server.log.corruption.policy = EXCEPTION (default)
2019-10-10 21:28:47,009 [pool-217-thread-1] INFO  storage.RaftStorageDirectory (RaftStorageDirectory.java:analyzeStorage(246)) - The storage directory /workdir/hadoop-ozone/integration-test/target/test-dir/MiniOzoneClusterImpl-a7482f6d-0604-4b29-bcdd-7bbe80bb2474/datanode-1/data/ratis/4c43fec6-339f-461d-affb-7bce346c465b does not exist. Creating ...
2019-10-10 21:28:47,022 [pool-217-thread-1] INFO  storage.RaftStorageDirectory (RaftStorageDirectory.java:tryLock(328)) - Lock on /workdir/hadoop-ozone/integration-test/target/test-dir/MiniOzoneClusterImpl-a7482f6d-0604-4b29-bcdd-7bbe80bb2474/datanode-1/data/ratis/4c43fec6-339f-461d-affb-7bce346c465b/in_use.lock acquired by nodename 3080@pr-hdds-1986-lk2hz-517324276
2019-10-10 21:28:47,033 [IPC Server handler 1 on 36360] INFO  net.NetworkTopology (NetworkTopologyImpl.java:add(111)) - Added a new node: /default-rack/dfe184d8-5e71-4515-9f68-a36fd788b5f0
2019-10-10 21:28:47,033 [IPC Server handler 1 on 36360] INFO  node.SCMNodeManager (SCMNodeManager.java:register(268)) - Registered Data node : dfe184d8-5e71-4515-9f68-a36fd788b5f0{ip: 192.168.157.203, host: pr-hdds-1986-lk2hz-517324276, networkLocation: /default-rack, certSerialId: null}
2019-10-10 21:28:47,035 [pool-217-thread-1] INFO  storage.RaftStorage (RaftStorage.java:format(84)) - Storage directory /workdir/hadoop-ozone/integration-test/target/test-dir/MiniOzoneClusterImpl-a7482f6d-0604-4b29-bcdd-7bbe80bb2474/datanode-1/data/ratis/4c43fec6-339f-461d-affb-7bce346c465b has been successfully formatted.
2019-10-10 21:28:47,035 [pool-217-thread-1] INFO  ratis.ContainerStateMachine (ContainerStateMachine.java:loadSnapshot(231)) - group-7BCE346C465B: The snapshot info is null. Setting the last applied indexto:(t:0, i:~)
2019-10-10 21:28:47,035 [pool-217-thread-1] INFO  server.RaftServerConfigKeys (ConfUtils.java:logGet(43)) - raft.server.notification.no-leader.timeout = 120s (custom)
2019-10-10 21:28:47,036 [pool-217-thread-1] INFO  server.RaftServerConfigKeys (ConfUtils.java:logGet(43)) - raft.server.log.use.memory = false (default)
2019-10-10 21:28:47,036 [pool-217-thread-1] INFO  server.RaftServerConfigKeys (ConfUtils.java:logGet(43)) - raft.server.log.purge.gap = 1000000 (custom)
2019-10-10 21:28:47,036 [pool-217-thread-1] INFO  server.RaftServerConfigKeys (ConfUtils.java:logGet(43)) - raft.server.log.appender.buffer.byte-limit = 33554432 (custom)
2019-10-10 21:28:47,036 [pool-217-thread-1] INFO  server.RaftServerConfigKeys (ConfUtils.java:logGet(43)) - raft.server.log.segment.size.max = 1048576 (custom)
2019-10-10 21:28:47,038 [pool-217-thread-1] INFO  server.RaftServerConfigKeys (ConfUtils.java:logGet(43)) - raft.server.log.segment.cache.num.max = 2 (custom)
2019-10-10 21:28:47,038 [pool-217-thread-1] INFO  segmented.SegmentedRaftLogWorker (SegmentedRaftLogWorker.java:<init>(173)) - new a900087f-503e-4321-861c-2daca883c610@group-7BCE346C465B-SegmentedRaftLogWorker for RaftStorage:Storage Directory /workdir/hadoop-ozone/integration-test/target/test-dir/MiniOzoneClusterImpl-a7482f6d-0604-4b29-bcdd-7bbe80bb2474/datanode-1/data/ratis/4c43fec6-339f-461d-affb-7bce346c465b
2019-10-10 21:28:47,039 [pool-217-thread-1] INFO  server.RaftServerConfigKeys (ConfUtils.java:logGet(43)) - raft.server.log.queue.byte-limit = 2147483647 (custom)
2019-10-10 21:28:47,039 [pool-217-thread-1] INFO  server.RaftServerConfigKeys (ConfUtils.java:logGet(43)) - raft.server.log.queue.element-limit = 1024 (custom)
2019-10-10 21:28:47,039 [pool-217-thread-1] INFO  server.RaftServerConfigKeys (ConfUtils.java:logGet(43)) - raft.server.log.segment.size.max = 1048576 (custom)
2019-10-10 21:28:47,039 [pool-217-thread-1] INFO  server.RaftServerConfigKeys (ConfUtils.java:logGet(43)) - raft.server.log.preallocated.size = 16384 (custom)
2019-10-10 21:28:47,039 [pool-217-thread-1] INFO  server.RaftServerConfigKeys (ConfUtils.java:logGet(43)) - raft.server.log.write.buffer.size = 33554432 (custom)
2019-10-10 21:28:47,039 [pool-217-thread-1] INFO  server.RaftServerConfigKeys (ConfUtils.java:logGet(43)) - raft.server.log.force.sync.num = 128 (default)
2019-10-10 21:28:47,039 [pool-217-thread-1] INFO  server.RaftServerConfigKeys (ConfUtils.java:logGet(43)) - raft.server.log.statemachine.data.sync = true (default)
2019-10-10 21:28:47,040 [pool-217-thread-1] INFO  server.RaftServerConfigKeys (ConfUtils.java:logGet(43)) - raft.server.log.statemachine.data.sync.timeout = 10s (default)
2019-10-10 21:28:47,040 [pool-217-thread-1] INFO  server.RaftServerConfigKeys (ConfUtils.java:logGet(43)) - raft.server.log.statemachine.data.sync.timeout.retry = -1 (default)
2019-10-10 21:28:47,040 [pool-217-thread-1] INFO  server.RaftServerConfigKeys (ConfUtils.java:logGet(43)) - raft.server.log.statemachine.data.caching.enabled = true (custom)
2019-10-10 21:28:47,040 [pool-217-thread-1] INFO  segmented.SegmentedRaftLogWorker (SegmentedRaftLogWorker.java:lambda$new$0(128)) - a900087f-503e-4321-861c-2daca883c610@group-7BCE346C465B-SegmentedRaftLogWorker: flushIndex: setUnconditionally 0 -> -1
2019-10-10 21:28:47,041 [pool-217-thread-1] INFO  server.RaftServerConfigKeys (ConfUtils.java:logGet(43)) - raft.server.snapshot.auto.trigger.enabled = true (custom)
2019-10-10 21:28:47,041 [pool-217-thread-1] INFO  server.RaftServerConfigKeys (ConfUtils.java:logGet(43)) - raft.server.snapshot.auto.trigger.threshold = 10000 (custom)
2019-10-10 21:28:47,041 [pool-217-thread-1] INFO  server.RaftServerConfigKeys (ConfUtils.java:logGet(43)) - raft.server.snapshot.retention.file.num = 5 (custom)
2019-10-10 21:28:47,041 [pool-217-thread-1] INFO  server.RaftServerConfigKeys (ConfUtils.java:logGet(43)) - raft.server.retrycache.expirytime = 600000ms (custom)
2019-10-10 21:28:47,043 [pool-217-thread-1] INFO  impl.RaftServerImpl (RaftServerImpl.java:start(181)) - a900087f-503e-4321-861c-2daca883c610@group-7BCE346C465B: start as a follower, conf=-1: [a900087f-503e-4321-861c-2daca883c610:192.168.157.203:34263], old=null
2019-10-10 21:28:47,043 [pool-217-thread-1] INFO  impl.RaftServerImpl (RaftServerImpl.java:setRole(170)) - a900087f-503e-4321-861c-2daca883c610@group-7BCE346C465B: changes role from      null to FOLLOWER at term 0 for startAsFollower
2019-10-10 21:28:47,043 [pool-217-thread-1] INFO  impl.RoleInfo (RoleInfo.java:updateAndGet(143)) - a900087f-503e-4321-861c-2daca883c610: start FollowerState
2019-10-10 21:28:47,043 [pool-217-thread-1] INFO  util.JmxRegister (JmxRegister.java:tryRegister(44)) - Successfully registered JMX Bean with object name Ratis:service=RaftServer,group=group-7BCE346C465B,id=a900087f-503e-4321-861c-2daca883c610
2019-10-10 21:28:47,050 [RatisPipelineUtilsThread] INFO  pipeline.PipelineStateManager (PipelineStateManager.java:addPipeline(56)) - Created pipeline Pipeline[ Id: 4c43fec6-339f-461d-affb-7bce346c465b, Nodes: a900087f-503e-4321-861c-2daca883c610{ip: 192.168.157.203, host: pr-hdds-1986-lk2hz-517324276, networkLocation: /default-rack, certSerialId: null}, Type:RATIS, Factor:ONE, State:OPEN]
2019-10-10 21:28:47,060 [grpc-default-executor-4] INFO  impl.RaftServerProxy (RaftServerProxy.java:addNew(89)) - dfe184d8-5e71-4515-9f68-a36fd788b5f0: addNew group-64462BE3DE81:[dfe184d8-5e71-4515-9f68-a36fd788b5f0:192.168.157.203:42154] returns group-64462BE3DE81:java.util.concurrent.CompletableFuture@6c3cab10[Not completed]
2019-10-10 21:28:47,062 [pool-227-thread-1] INFO  impl.RaftServerImpl (RaftServerImpl.java:<init>(95)) - dfe184d8-5e71-4515-9f68-a36fd788b5f0: new RaftServerImpl for group-64462BE3DE81:[dfe184d8-5e71-4515-9f68-a36fd788b5f0:192.168.157.203:42154] with ContainerStateMachine:uninitialized
2019-10-10 21:28:47,062 [pool-227-thread-1] INFO  server.RaftServerConfigKeys (ConfUtils.java:logGet(43)) - raft.server.rpc.timeout.min = 5s (custom)
2019-10-10 21:28:47,062 [pool-227-thread-1] INFO  server.RaftServerConfigKeys (ConfUtils.java:logGet(43)) - raft.server.rpc.timeout.max = 5200ms (custom)
2019-10-10 21:28:47,062 [pool-227-thread-1] INFO  server.RaftServerConfigKeys (ConfUtils.java:logGet(43)) - raft.server.rpcslowness.timeout = 120s (custom)
2019-10-10 21:28:47,063 [pool-227-thread-1] INFO  server.RaftServerConfigKeys (ConfUtils.java:logGet(43)) - raft.server.sleep.deviation.threshold = 300 (default)
2019-10-10 21:28:47,063 [pool-227-thread-1] INFO  server.RaftServerConfigKeys (ConfUtils.java:logGet(43)) - raft.server.log.appender.install.snapshot.enabled = false (custom)
2019-10-10 21:28:47,063 [pool-227-thread-1] INFO  impl.RaftServerImpl (ServerState.java:<init>(103)) - dfe184d8-5e71-4515-9f68-a36fd788b5f0@group-64462BE3DE81: ConfigurationManager, init=-1: [dfe184d8-5e71-4515-9f68-a36fd788b5f0:192.168.157.203:42154], old=null, confs=<EMPTY_MAP>
2019-10-10 21:28:47,063 [pool-227-thread-1] INFO  server.RaftServerConfigKeys (ConfUtils.java:logGet(43)) - raft.server.storage.dir = [/workdir/hadoop-ozone/integration-test/target/test-dir/MiniOzoneClusterImpl-a7482f6d-0604-4b29-bcdd-7bbe80bb2474/datanode-2/data/ratis] (custom)
2019-10-10 21:28:47,063 [pool-227-thread-1] INFO  server.RaftServerConfigKeys (ConfUtils.java:logGet(43)) - raft.server.log.corruption.policy = EXCEPTION (default)
2019-10-10 21:28:47,064 [pool-227-thread-1] INFO  storage.RaftStorageDirectory (RaftStorageDirectory.java:analyzeStorage(246)) - The storage directory /workdir/hadoop-ozone/integration-test/target/test-dir/MiniOzoneClusterImpl-a7482f6d-0604-4b29-bcdd-7bbe80bb2474/datanode-2/data/ratis/80b4f958-f27b-4714-a0f7-64462be3de81 does not exist. Creating ...
2019-10-10 21:28:47,077 [pool-227-thread-1] INFO  storage.RaftStorageDirectory (RaftStorageDirectory.java:tryLock(328)) - Lock on /workdir/hadoop-ozone/integration-test/target/test-dir/MiniOzoneClusterImpl-a7482f6d-0604-4b29-bcdd-7bbe80bb2474/datanode-2/data/ratis/80b4f958-f27b-4714-a0f7-64462be3de81/in_use.lock acquired by nodename 3080@pr-hdds-1986-lk2hz-517324276
2019-10-10 21:28:47,091 [pool-227-thread-1] INFO  storage.RaftStorage (RaftStorage.java:format(84)) - Storage directory /workdir/hadoop-ozone/integration-test/target/test-dir/MiniOzoneClusterImpl-a7482f6d-0604-4b29-bcdd-7bbe80bb2474/datanode-2/data/ratis/80b4f958-f27b-4714-a0f7-64462be3de81 has been successfully formatted.
2019-10-10 21:28:47,091 [pool-227-thread-1] INFO  ratis.ContainerStateMachine (ContainerStateMachine.java:loadSnapshot(231)) - group-64462BE3DE81: The snapshot info is null. Setting the last applied indexto:(t:0, i:~)
2019-10-10 21:28:47,092 [pool-227-thread-1] INFO  server.RaftServerConfigKeys (ConfUtils.java:logGet(43)) - raft.server.notification.no-leader.timeout = 120s (custom)
2019-10-10 21:28:47,092 [pool-227-thread-1] INFO  server.RaftServerConfigKeys (ConfUtils.java:logGet(43)) - raft.server.log.use.memory = false (default)
2019-10-10 21:28:47,092 [pool-227-thread-1] INFO  server.RaftServerConfigKeys (ConfUtils.java:logGet(43)) - raft.server.log.purge.gap = 1000000 (custom)
2019-10-10 21:28:47,092 [pool-227-thread-1] INFO  server.RaftServerConfigKeys (ConfUtils.java:logGet(43)) - raft.server.log.appender.buffer.byte-limit = 33554432 (custom)
2019-10-10 21:28:47,092 [pool-227-thread-1] INFO  server.RaftServerConfigKeys (ConfUtils.java:logGet(43)) - raft.server.log.segment.size.max = 1048576 (custom)
2019-10-10 21:28:47,094 [pool-227-thread-1] INFO  server.RaftServerConfigKeys (ConfUtils.java:logGet(43)) - raft.server.log.segment.cache.num.max = 2 (custom)
2019-10-10 21:28:47,094 [pool-227-thread-1] INFO  segmented.SegmentedRaftLogWorker (SegmentedRaftLogWorker.java:<init>(173)) - new dfe184d8-5e71-4515-9f68-a36fd788b5f0@group-64462BE3DE81-SegmentedRaftLogWorker for RaftStorage:Storage Directory /workdir/hadoop-ozone/integration-test/target/test-dir/MiniOzoneClusterImpl-a7482f6d-0604-4b29-bcdd-7bbe80bb2474/datanode-2/data/ratis/80b4f958-f27b-4714-a0f7-64462be3de81
2019-10-10 21:28:47,094 [pool-227-thread-1] INFO  server.RaftServerConfigKeys (ConfUtils.java:logGet(43)) - raft.server.log.queue.byte-limit = 2147483647 (custom)
2019-10-10 21:28:47,095 [pool-227-thread-1] INFO  server.RaftServerConfigKeys (ConfUtils.java:logGet(43)) - raft.server.log.queue.element-limit = 1024 (custom)
2019-10-10 21:28:47,095 [pool-227-thread-1] INFO  server.RaftServerConfigKeys (ConfUtils.java:logGet(43)) - raft.server.log.segment.size.max = 1048576 (custom)
2019-10-10 21:28:47,095 [pool-227-thread-1] INFO  server.RaftServerConfigKeys (ConfUtils.java:logGet(43)) - raft.server.log.preallocated.size = 16384 (custom)
2019-10-10 21:28:47,095 [pool-227-thread-1] INFO  server.RaftServerConfigKeys (ConfUtils.java:logGet(43)) - raft.server.log.write.buffer.size = 33554432 (custom)
2019-10-10 21:28:47,095 [pool-227-thread-1] INFO  server.RaftServerConfigKeys (ConfUtils.java:logGet(43)) - raft.server.log.force.sync.num = 128 (default)
2019-10-10 21:28:47,095 [pool-227-thread-1] INFO  server.RaftServerConfigKeys (ConfUtils.java:logGet(43)) - raft.server.log.statemachine.data.sync = true (default)
2019-10-10 21:28:47,095 [pool-227-thread-1] INFO  server.RaftServerConfigKeys (ConfUtils.java:logGet(43)) - raft.server.log.statemachine.data.sync.timeout = 10s (default)
2019-10-10 21:28:47,096 [pool-227-thread-1] INFO  server.RaftServerConfigKeys (ConfUtils.java:logGet(43)) - raft.server.log.statemachine.data.sync.timeout.retry = -1 (default)
2019-10-10 21:28:47,096 [pool-227-thread-1] INFO  server.RaftServerConfigKeys (ConfUtils.java:logGet(43)) - raft.server.log.statemachine.data.caching.enabled = true (custom)
2019-10-10 21:28:47,096 [pool-227-thread-1] INFO  segmented.SegmentedRaftLogWorker (SegmentedRaftLogWorker.java:lambda$new$0(128)) - dfe184d8-5e71-4515-9f68-a36fd788b5f0@group-64462BE3DE81-SegmentedRaftLogWorker: flushIndex: setUnconditionally 0 -> -1
2019-10-10 21:28:47,096 [IPC Server handler 6 on 36360] INFO  net.NetworkTopology (NetworkTopologyImpl.java:add(111)) - Added a new node: /default-rack/c47696ef-e34f-4985-b806-bbd4689a3a9d
2019-10-10 21:28:47,097 [pool-227-thread-1] INFO  server.RaftServerConfigKeys (ConfUtils.java:logGet(43)) - raft.server.snapshot.auto.trigger.enabled = true (custom)
2019-10-10 21:28:47,097 [IPC Server handler 6 on 36360] INFO  node.SCMNodeManager (SCMNodeManager.java:register(268)) - Registered Data node : c47696ef-e34f-4985-b806-bbd4689a3a9d{ip: 192.168.157.203, host: pr-hdds-1986-lk2hz-517324276, networkLocation: /default-rack, certSerialId: null}
2019-10-10 21:28:47,097 [pool-227-thread-1] INFO  server.RaftServerConfigKeys (ConfUtils.java:logGet(43)) - raft.server.snapshot.auto.trigger.threshold = 10000 (custom)
2019-10-10 21:28:47,097 [pool-227-thread-1] INFO  server.RaftServerConfigKeys (ConfUtils.java:logGet(43)) - raft.server.snapshot.retention.file.num = 5 (custom)
2019-10-10 21:28:47,097 [pool-227-thread-1] INFO  server.RaftServerConfigKeys (ConfUtils.java:logGet(43)) - raft.server.retrycache.expirytime = 600000ms (custom)
2019-10-10 21:28:47,099 [pool-227-thread-1] INFO  impl.RaftServerImpl (RaftServerImpl.java:start(181)) - dfe184d8-5e71-4515-9f68-a36fd788b5f0@group-64462BE3DE81: start as a follower, conf=-1: [dfe184d8-5e71-4515-9f68-a36fd788b5f0:192.168.157.203:42154], old=null
2019-10-10 21:28:47,099 [pool-227-thread-1] INFO  impl.RaftServerImpl (RaftServerImpl.java:setRole(170)) - dfe184d8-5e71-4515-9f68-a36fd788b5f0@group-64462BE3DE81: changes role from      null to FOLLOWER at term 0 for startAsFollower
2019-10-10 21:28:47,100 [pool-227-thread-1] INFO  impl.RoleInfo (RoleInfo.java:updateAndGet(143)) - dfe184d8-5e71-4515-9f68-a36fd788b5f0: start FollowerState
2019-10-10 21:28:47,100 [pool-227-thread-1] INFO  util.JmxRegister (JmxRegister.java:tryRegister(44)) - Successfully registered JMX Bean with object name Ratis:service=RaftServer,group=group-64462BE3DE81,id=dfe184d8-5e71-4515-9f68-a36fd788b5f0
2019-10-10 21:28:47,106 [RatisPipelineUtilsThread] INFO  pipeline.PipelineStateManager (PipelineStateManager.java:addPipeline(56)) - Created pipeline Pipeline[ Id: 80b4f958-f27b-4714-a0f7-64462be3de81, Nodes: dfe184d8-5e71-4515-9f68-a36fd788b5f0{ip: 192.168.157.203, host: pr-hdds-1986-lk2hz-517324276, networkLocation: /default-rack, certSerialId: null}, Type:RATIS, Factor:ONE, State:OPEN]
2019-10-10 21:28:47,116 [grpc-default-executor-4] INFO  impl.RaftServerProxy (RaftServerProxy.java:addNew(89)) - c47696ef-e34f-4985-b806-bbd4689a3a9d: addNew group-0BA77E13F999:[c47696ef-e34f-4985-b806-bbd4689a3a9d:192.168.157.203:38837] returns group-0BA77E13F999:java.util.concurrent.CompletableFuture@abe076f[Not completed]
2019-10-10 21:28:47,118 [pool-237-thread-1] INFO  impl.RaftServerImpl (RaftServerImpl.java:<init>(95)) - c47696ef-e34f-4985-b806-bbd4689a3a9d: new RaftServerImpl for group-0BA77E13F999:[c47696ef-e34f-4985-b806-bbd4689a3a9d:192.168.157.203:38837] with ContainerStateMachine:uninitialized
2019-10-10 21:28:47,118 [pool-237-thread-1] INFO  server.RaftServerConfigKeys (ConfUtils.java:logGet(43)) - raft.server.rpc.timeout.min = 5s (custom)
2019-10-10 21:28:47,118 [pool-237-thread-1] INFO  server.RaftServerConfigKeys (ConfUtils.java:logGet(43)) - raft.server.rpc.timeout.max = 5200ms (custom)
2019-10-10 21:28:47,118 [pool-237-thread-1] INFO  server.RaftServerConfigKeys (ConfUtils.java:logGet(43)) - raft.server.rpcslowness.timeout = 120s (custom)
2019-10-10 21:28:47,118 [pool-237-thread-1] INFO  server.RaftServerConfigKeys (ConfUtils.java:logGet(43)) - raft.server.sleep.deviation.threshold = 300 (default)
2019-10-10 21:28:47,118 [pool-237-thread-1] INFO  server.RaftServerConfigKeys (ConfUtils.java:logGet(43)) - raft.server.log.appender.install.snapshot.enabled = false (custom)
2019-10-10 21:28:47,118 [pool-237-thread-1] INFO  impl.RaftServerImpl (ServerState.java:<init>(103)) - c47696ef-e34f-4985-b806-bbd4689a3a9d@group-0BA77E13F999: ConfigurationManager, init=-1: [c47696ef-e34f-4985-b806-bbd4689a3a9d:192.168.157.203:38837], old=null, confs=<EMPTY_MAP>
2019-10-10 21:28:47,119 [pool-237-thread-1] INFO  server.RaftServerConfigKeys (ConfUtils.java:logGet(43)) - raft.server.storage.dir = [/workdir/hadoop-ozone/integration-test/target/test-dir/MiniOzoneClusterImpl-a7482f6d-0604-4b29-bcdd-7bbe80bb2474/datanode-3/data/ratis] (custom)
2019-10-10 21:28:47,119 [pool-237-thread-1] INFO  server.RaftServerConfigKeys (ConfUtils.java:logGet(43)) - raft.server.log.corruption.policy = EXCEPTION (default)
2019-10-10 21:28:47,119 [pool-237-thread-1] INFO  storage.RaftStorageDirectory (RaftStorageDirectory.java:analyzeStorage(246)) - The storage directory /workdir/hadoop-ozone/integration-test/target/test-dir/MiniOzoneClusterImpl-a7482f6d-0604-4b29-bcdd-7bbe80bb2474/datanode-3/data/ratis/3ee3a7d7-a7fa-444c-b3d5-0ba77e13f999 does not exist. Creating ...
2019-10-10 21:28:47,131 [pool-237-thread-1] INFO  storage.RaftStorageDirectory (RaftStorageDirectory.java:tryLock(328)) - Lock on /workdir/hadoop-ozone/integration-test/target/test-dir/MiniOzoneClusterImpl-a7482f6d-0604-4b29-bcdd-7bbe80bb2474/datanode-3/data/ratis/3ee3a7d7-a7fa-444c-b3d5-0ba77e13f999/in_use.lock acquired by nodename 3080@pr-hdds-1986-lk2hz-517324276
2019-10-10 21:28:47,134 [pool-237-thread-1] INFO  storage.RaftStorage (RaftStorage.java:format(84)) - Storage directory /workdir/hadoop-ozone/integration-test/target/test-dir/MiniOzoneClusterImpl-a7482f6d-0604-4b29-bcdd-7bbe80bb2474/datanode-3/data/ratis/3ee3a7d7-a7fa-444c-b3d5-0ba77e13f999 has been successfully formatted.
2019-10-10 21:28:47,135 [pool-237-thread-1] INFO  ratis.ContainerStateMachine (ContainerStateMachine.java:loadSnapshot(231)) - group-0BA77E13F999: The snapshot info is null. Setting the last applied indexto:(t:0, i:~)
2019-10-10 21:28:47,135 [pool-237-thread-1] INFO  server.RaftServerConfigKeys (ConfUtils.java:logGet(43)) - raft.server.notification.no-leader.timeout = 120s (custom)
2019-10-10 21:28:47,135 [pool-237-thread-1] INFO  server.RaftServerConfigKeys (ConfUtils.java:logGet(43)) - raft.server.log.use.memory = false (default)
2019-10-10 21:28:47,135 [pool-237-thread-1] INFO  server.RaftServerConfigKeys (ConfUtils.java:logGet(43)) - raft.server.log.purge.gap = 1000000 (custom)
2019-10-10 21:28:47,135 [pool-237-thread-1] INFO  server.RaftServerConfigKeys (ConfUtils.java:logGet(43)) - raft.server.log.appender.buffer.byte-limit = 33554432 (custom)
2019-10-10 21:28:47,135 [pool-237-thread-1] INFO  server.RaftServerConfigKeys (ConfUtils.java:logGet(43)) - raft.server.log.segment.size.max = 1048576 (custom)
2019-10-10 21:28:47,137 [pool-237-thread-1] INFO  server.RaftServerConfigKeys (ConfUtils.java:logGet(43)) - raft.server.log.segment.cache.num.max = 2 (custom)
2019-10-10 21:28:47,137 [pool-237-thread-1] INFO  segmented.SegmentedRaftLogWorker (SegmentedRaftLogWorker.java:<init>(173)) - new c47696ef-e34f-4985-b806-bbd4689a3a9d@group-0BA77E13F999-SegmentedRaftLogWorker for RaftStorage:Storage Directory /workdir/hadoop-ozone/integration-test/target/test-dir/MiniOzoneClusterImpl-a7482f6d-0604-4b29-bcdd-7bbe80bb2474/datanode-3/data/ratis/3ee3a7d7-a7fa-444c-b3d5-0ba77e13f999
2019-10-10 21:28:47,137 [pool-237-thread-1] INFO  server.RaftServerConfigKeys (ConfUtils.java:logGet(43)) - raft.server.log.queue.byte-limit = 2147483647 (custom)
2019-10-10 21:28:47,138 [pool-237-thread-1] INFO  server.RaftServerConfigKeys (ConfUtils.java:logGet(43)) - raft.server.log.queue.element-limit = 1024 (custom)
2019-10-10 21:28:47,138 [pool-237-thread-1] INFO  server.RaftServerConfigKeys (ConfUtils.java:logGet(43)) - raft.server.log.segment.size.max = 1048576 (custom)
2019-10-10 21:28:47,138 [pool-237-thread-1] INFO  server.RaftServerConfigKeys (ConfUtils.java:logGet(43)) - raft.server.log.preallocated.size = 16384 (custom)
2019-10-10 21:28:47,138 [pool-237-thread-1] INFO  server.RaftServerConfigKeys (ConfUtils.java:logGet(43)) - raft.server.log.write.buffer.size = 33554432 (custom)
2019-10-10 21:28:47,138 [pool-237-thread-1] INFO  server.RaftServerConfigKeys (ConfUtils.java:logGet(43)) - raft.server.log.force.sync.num = 128 (default)
2019-10-10 21:28:47,138 [pool-237-thread-1] INFO  server.RaftServerConfigKeys (ConfUtils.java:logGet(43)) - raft.server.log.statemachine.data.sync = true (default)
2019-10-10 21:28:47,138 [pool-237-thread-1] INFO  server.RaftServerConfigKeys (ConfUtils.java:logGet(43)) - raft.server.log.statemachine.data.sync.timeout = 10s (default)
2019-10-10 21:28:47,139 [pool-237-thread-1] INFO  server.RaftServerConfigKeys (ConfUtils.java:logGet(43)) - raft.server.log.statemachine.data.sync.timeout.retry = -1 (default)
2019-10-10 21:28:47,139 [pool-237-thread-1] INFO  server.RaftServerConfigKeys (ConfUtils.java:logGet(43)) - raft.server.log.statemachine.data.caching.enabled = true (custom)
2019-10-10 21:28:47,139 [pool-237-thread-1] INFO  segmented.SegmentedRaftLogWorker (SegmentedRaftLogWorker.java:lambda$new$0(128)) - c47696ef-e34f-4985-b806-bbd4689a3a9d@group-0BA77E13F999-SegmentedRaftLogWorker: flushIndex: setUnconditionally 0 -> -1
2019-10-10 21:28:47,140 [pool-237-thread-1] INFO  server.RaftServerConfigKeys (ConfUtils.java:logGet(43)) - raft.server.snapshot.auto.trigger.enabled = true (custom)
2019-10-10 21:28:47,140 [pool-237-thread-1] INFO  server.RaftServerConfigKeys (ConfUtils.java:logGet(43)) - raft.server.snapshot.auto.trigger.threshold = 10000 (custom)
2019-10-10 21:28:47,140 [pool-237-thread-1] INFO  server.RaftServerConfigKeys (ConfUtils.java:logGet(43)) - raft.server.snapshot.retention.file.num = 5 (custom)
2019-10-10 21:28:47,140 [pool-237-thread-1] INFO  server.RaftServerConfigKeys (ConfUtils.java:logGet(43)) - raft.server.retrycache.expirytime = 600000ms (custom)
2019-10-10 21:28:47,142 [pool-237-thread-1] INFO  impl.RaftServerImpl (RaftServerImpl.java:start(181)) - c47696ef-e34f-4985-b806-bbd4689a3a9d@group-0BA77E13F999: start as a follower, conf=-1: [c47696ef-e34f-4985-b806-bbd4689a3a9d:192.168.157.203:38837], old=null
2019-10-10 21:28:47,142 [pool-237-thread-1] INFO  impl.RaftServerImpl (RaftServerImpl.java:setRole(170)) - c47696ef-e34f-4985-b806-bbd4689a3a9d@group-0BA77E13F999: changes role from      null to FOLLOWER at term 0 for startAsFollower
2019-10-10 21:28:47,142 [pool-237-thread-1] INFO  impl.RoleInfo (RoleInfo.java:updateAndGet(143)) - c47696ef-e34f-4985-b806-bbd4689a3a9d: start FollowerState
2019-10-10 21:28:47,143 [pool-237-thread-1] INFO  util.JmxRegister (JmxRegister.java:tryRegister(44)) - Successfully registered JMX Bean with object name Ratis:service=RaftServer,group=group-0BA77E13F999,id=c47696ef-e34f-4985-b806-bbd4689a3a9d
2019-10-10 21:28:47,150 [RatisPipelineUtilsThread] INFO  pipeline.PipelineStateManager (PipelineStateManager.java:addPipeline(56)) - Created pipeline Pipeline[ Id: 3ee3a7d7-a7fa-444c-b3d5-0ba77e13f999, Nodes: c47696ef-e34f-4985-b806-bbd4689a3a9d{ip: 192.168.157.203, host: pr-hdds-1986-lk2hz-517324276, networkLocation: /default-rack, certSerialId: null}, Type:RATIS, Factor:ONE, State:OPEN]
2019-10-10 21:28:47,168 [grpc-default-executor-2] INFO  impl.RaftServerProxy (RaftServerProxy.java:addNew(89)) - dfe184d8-5e71-4515-9f68-a36fd788b5f0: addNew group-4429540AD53A:[b53b5c8e-5e67-456c-afc2-42f0810f9e11:192.168.157.203:33905, dfe184d8-5e71-4515-9f68-a36fd788b5f0:192.168.157.203:42154, a900087f-503e-4321-861c-2daca883c610:192.168.157.203:34263] returns group-4429540AD53A:java.util.concurrent.CompletableFuture@3acfdd22[Not completed]
2019-10-10 21:28:47,168 [grpc-default-executor-0] INFO  impl.RaftServerProxy (RaftServerProxy.java:addNew(89)) - a900087f-503e-4321-861c-2daca883c610: addNew group-4429540AD53A:[b53b5c8e-5e67-456c-afc2-42f0810f9e11:192.168.157.203:33905, dfe184d8-5e71-4515-9f68-a36fd788b5f0:192.168.157.203:42154, a900087f-503e-4321-861c-2daca883c610:192.168.157.203:34263] returns group-4429540AD53A:java.util.concurrent.CompletableFuture@16b1b17f[Not completed]
2019-10-10 21:28:47,171 [grpc-default-executor-2] INFO  impl.RaftServerProxy (RaftServerProxy.java:addNew(89)) - b53b5c8e-5e67-456c-afc2-42f0810f9e11: addNew group-4429540AD53A:[b53b5c8e-5e67-456c-afc2-42f0810f9e11:192.168.157.203:33905, dfe184d8-5e71-4515-9f68-a36fd788b5f0:192.168.157.203:42154, a900087f-503e-4321-861c-2daca883c610:192.168.157.203:34263] returns group-4429540AD53A:java.util.concurrent.CompletableFuture@415521d1[Not completed]
2019-10-10 21:28:47,172 [pool-227-thread-1] INFO  impl.RaftServerImpl (RaftServerImpl.java:<init>(95)) - dfe184d8-5e71-4515-9f68-a36fd788b5f0: new RaftServerImpl for group-4429540AD53A:[b53b5c8e-5e67-456c-afc2-42f0810f9e11:192.168.157.203:33905, dfe184d8-5e71-4515-9f68-a36fd788b5f0:192.168.157.203:42154, a900087f-503e-4321-861c-2daca883c610:192.168.157.203:34263] with ContainerStateMachine:uninitialized
2019-10-10 21:28:47,172 [pool-227-thread-1] INFO  server.RaftServerConfigKeys (ConfUtils.java:logGet(43)) - raft.server.rpc.timeout.min = 5s (custom)
2019-10-10 21:28:47,172 [pool-227-thread-1] INFO  server.RaftServerConfigKeys (ConfUtils.java:logGet(43)) - raft.server.rpc.timeout.max = 5200ms (custom)
2019-10-10 21:28:47,172 [pool-227-thread-1] INFO  server.RaftServerConfigKeys (ConfUtils.java:logGet(43)) - raft.server.rpcslowness.timeout = 120s (custom)
2019-10-10 21:28:47,173 [pool-227-thread-1] INFO  server.RaftServerConfigKeys (ConfUtils.java:logGet(43)) - raft.server.sleep.deviation.threshold = 300 (default)
2019-10-10 21:28:47,173 [pool-227-thread-1] INFO  server.RaftServerConfigKeys (ConfUtils.java:logGet(43)) - raft.server.log.appender.install.snapshot.enabled = false (custom)
2019-10-10 21:28:47,173 [pool-207-thread-1] INFO  impl.RaftServerImpl (RaftServerImpl.java:<init>(95)) - b53b5c8e-5e67-456c-afc2-42f0810f9e11: new RaftServerImpl for group-4429540AD53A:[b53b5c8e-5e67-456c-afc2-42f0810f9e11:192.168.157.203:33905, dfe184d8-5e71-4515-9f68-a36fd788b5f0:192.168.157.203:42154, a900087f-503e-4321-861c-2daca883c610:192.168.157.203:34263] with ContainerStateMachine:uninitialized
2019-10-10 21:28:47,173 [pool-227-thread-1] INFO  impl.RaftServerImpl (ServerState.java:<init>(103)) - dfe184d8-5e71-4515-9f68-a36fd788b5f0@group-4429540AD53A: ConfigurationManager, init=-1: [b53b5c8e-5e67-456c-afc2-42f0810f9e11:192.168.157.203:33905, dfe184d8-5e71-4515-9f68-a36fd788b5f0:192.168.157.203:42154, a900087f-503e-4321-861c-2daca883c610:192.168.157.203:34263], old=null, confs=<EMPTY_MAP>
2019-10-10 21:28:47,173 [pool-207-thread-1] INFO  server.RaftServerConfigKeys (ConfUtils.java:logGet(43)) - raft.server.rpc.timeout.min = 5s (custom)
2019-10-10 21:28:47,173 [pool-227-thread-1] INFO  server.RaftServerConfigKeys (ConfUtils.java:logGet(43)) - raft.server.storage.dir = [/workdir/hadoop-ozone/integration-test/target/test-dir/MiniOzoneClusterImpl-a7482f6d-0604-4b29-bcdd-7bbe80bb2474/datanode-2/data/ratis] (custom)
2019-10-10 21:28:47,173 [pool-207-thread-1] INFO  server.RaftServerConfigKeys (ConfUtils.java:logGet(43)) - raft.server.rpc.timeout.max = 5200ms (custom)
2019-10-10 21:28:47,173 [pool-217-thread-1] INFO  impl.RaftServerImpl (RaftServerImpl.java:<init>(95)) - a900087f-503e-4321-861c-2daca883c610: new RaftServerImpl for group-4429540AD53A:[b53b5c8e-5e67-456c-afc2-42f0810f9e11:192.168.157.203:33905, dfe184d8-5e71-4515-9f68-a36fd788b5f0:192.168.157.203:42154, a900087f-503e-4321-861c-2daca883c610:192.168.157.203:34263] with ContainerStateMachine:uninitialized
2019-10-10 21:28:47,174 [pool-207-thread-1] INFO  server.RaftServerConfigKeys (ConfUtils.java:logGet(43)) - raft.server.rpcslowness.timeout = 120s (custom)
2019-10-10 21:28:47,174 [pool-227-thread-1] INFO  server.RaftServerConfigKeys (ConfUtils.java:logGet(43)) - raft.server.log.corruption.policy = EXCEPTION (default)
2019-10-10 21:28:47,174 [pool-207-thread-1] INFO  server.RaftServerConfigKeys (ConfUtils.java:logGet(43)) - raft.server.sleep.deviation.threshold = 300 (default)
2019-10-10 21:28:47,174 [pool-217-thread-1] INFO  server.RaftServerConfigKeys (ConfUtils.java:logGet(43)) - raft.server.rpc.timeout.min = 5s (custom)
2019-10-10 21:28:47,174 [pool-207-thread-1] INFO  server.RaftServerConfigKeys (ConfUtils.java:logGet(43)) - raft.server.log.appender.install.snapshot.enabled = false (custom)
2019-10-10 21:28:47,174 [pool-227-thread-1] INFO  storage.RaftStorageDirectory (RaftStorageDirectory.java:analyzeStorage(246)) - The storage directory /workdir/hadoop-ozone/integration-test/target/test-dir/MiniOzoneClusterImpl-a7482f6d-0604-4b29-bcdd-7bbe80bb2474/datanode-2/data/ratis/e2ca124d-acf6-404f-ad6f-4429540ad53a does not exist. Creating ...
2019-10-10 21:28:47,174 [pool-207-thread-1] INFO  impl.RaftServerImpl (ServerState.java:<init>(103)) - b53b5c8e-5e67-456c-afc2-42f0810f9e11@group-4429540AD53A: ConfigurationManager, init=-1: [b53b5c8e-5e67-456c-afc2-42f0810f9e11:192.168.157.203:33905, dfe184d8-5e71-4515-9f68-a36fd788b5f0:192.168.157.203:42154, a900087f-503e-4321-861c-2daca883c610:192.168.157.203:34263], old=null, confs=<EMPTY_MAP>
2019-10-10 21:28:47,174 [pool-217-thread-1] INFO  server.RaftServerConfigKeys (ConfUtils.java:logGet(43)) - raft.server.rpc.timeout.max = 5200ms (custom)
2019-10-10 21:28:47,175 [pool-207-thread-1] INFO  server.RaftServerConfigKeys (ConfUtils.java:logGet(43)) - raft.server.storage.dir = [/workdir/hadoop-ozone/integration-test/target/test-dir/MiniOzoneClusterImpl-a7482f6d-0604-4b29-bcdd-7bbe80bb2474/datanode-0/data/ratis] (custom)
2019-10-10 21:28:47,175 [pool-217-thread-1] INFO  server.RaftServerConfigKeys (ConfUtils.java:logGet(43)) - raft.server.rpcslowness.timeout = 120s (custom)
2019-10-10 21:28:47,175 [pool-217-thread-1] INFO  server.RaftServerConfigKeys (ConfUtils.java:logGet(43)) - raft.server.sleep.deviation.threshold = 300 (default)
2019-10-10 21:28:47,175 [pool-207-thread-1] INFO  server.RaftServerConfigKeys (ConfUtils.java:logGet(43)) - raft.server.log.corruption.policy = EXCEPTION (default)
2019-10-10 21:28:47,175 [pool-217-thread-1] INFO  server.RaftServerConfigKeys (ConfUtils.java:logGet(43)) - raft.server.log.appender.install.snapshot.enabled = false (custom)
2019-10-10 21:28:47,175 [pool-207-thread-1] INFO  storage.RaftStorageDirectory (RaftStorageDirectory.java:analyzeStorage(246)) - The storage directory /workdir/hadoop-ozone/integration-test/target/test-dir/MiniOzoneClusterImpl-a7482f6d-0604-4b29-bcdd-7bbe80bb2474/datanode-0/data/ratis/e2ca124d-acf6-404f-ad6f-4429540ad53a does not exist. Creating ...
2019-10-10 21:28:47,175 [pool-217-thread-1] INFO  impl.RaftServerImpl (ServerState.java:<init>(103)) - a900087f-503e-4321-861c-2daca883c610@group-4429540AD53A: ConfigurationManager, init=-1: [b53b5c8e-5e67-456c-afc2-42f0810f9e11:192.168.157.203:33905, dfe184d8-5e71-4515-9f68-a36fd788b5f0:192.168.157.203:42154, a900087f-503e-4321-861c-2daca883c610:192.168.157.203:34263], old=null, confs=<EMPTY_MAP>
2019-10-10 21:28:47,176 [pool-217-thread-1] INFO  server.RaftServerConfigKeys (ConfUtils.java:logGet(43)) - raft.server.storage.dir = [/workdir/hadoop-ozone/integration-test/target/test-dir/MiniOzoneClusterImpl-a7482f6d-0604-4b29-bcdd-7bbe80bb2474/datanode-1/data/ratis] (custom)
2019-10-10 21:28:47,176 [pool-217-thread-1] INFO  server.RaftServerConfigKeys (ConfUtils.java:logGet(43)) - raft.server.log.corruption.policy = EXCEPTION (default)
2019-10-10 21:28:47,176 [pool-217-thread-1] INFO  storage.RaftStorageDirectory (RaftStorageDirectory.java:analyzeStorage(246)) - The storage directory /workdir/hadoop-ozone/integration-test/target/test-dir/MiniOzoneClusterImpl-a7482f6d-0604-4b29-bcdd-7bbe80bb2474/datanode-1/data/ratis/e2ca124d-acf6-404f-ad6f-4429540ad53a does not exist. Creating ...
2019-10-10 21:28:47,186 [pool-217-thread-1] INFO  storage.RaftStorageDirectory (RaftStorageDirectory.java:tryLock(328)) - Lock on /workdir/hadoop-ozone/integration-test/target/test-dir/MiniOzoneClusterImpl-a7482f6d-0604-4b29-bcdd-7bbe80bb2474/datanode-1/data/ratis/e2ca124d-acf6-404f-ad6f-4429540ad53a/in_use.lock acquired by nodename 3080@pr-hdds-1986-lk2hz-517324276
2019-10-10 21:28:47,186 [pool-207-thread-1] INFO  storage.RaftStorageDirectory (RaftStorageDirectory.java:tryLock(328)) - Lock on /workdir/hadoop-ozone/integration-test/target/test-dir/MiniOzoneClusterImpl-a7482f6d-0604-4b29-bcdd-7bbe80bb2474/datanode-0/data/ratis/e2ca124d-acf6-404f-ad6f-4429540ad53a/in_use.lock acquired by nodename 3080@pr-hdds-1986-lk2hz-517324276
2019-10-10 21:28:47,186 [pool-227-thread-1] INFO  storage.RaftStorageDirectory (RaftStorageDirectory.java:tryLock(328)) - Lock on /workdir/hadoop-ozone/integration-test/target/test-dir/MiniOzoneClusterImpl-a7482f6d-0604-4b29-bcdd-7bbe80bb2474/datanode-2/data/ratis/e2ca124d-acf6-404f-ad6f-4429540ad53a/in_use.lock acquired by nodename 3080@pr-hdds-1986-lk2hz-517324276
2019-10-10 21:28:47,190 [IPC Server handler 2 on 36360] INFO  net.NetworkTopology (NetworkTopologyImpl.java:add(111)) - Added a new node: /default-rack/919a5fb4-be8f-4ab0-b4ab-d725ff256d57
2019-10-10 21:28:47,191 [IPC Server handler 2 on 36360] INFO  node.SCMNodeManager (SCMNodeManager.java:register(268)) - Registered Data node : 919a5fb4-be8f-4ab0-b4ab-d725ff256d57{ip: 192.168.157.203, host: pr-hdds-1986-lk2hz-517324276, networkLocation: /default-rack, certSerialId: null}
2019-10-10 21:28:47,200 [pool-227-thread-1] INFO  storage.RaftStorage (RaftStorage.java:format(84)) - Storage directory /workdir/hadoop-ozone/integration-test/target/test-dir/MiniOzoneClusterImpl-a7482f6d-0604-4b29-bcdd-7bbe80bb2474/datanode-2/data/ratis/e2ca124d-acf6-404f-ad6f-4429540ad53a has been successfully formatted.
2019-10-10 21:28:47,200 [pool-217-thread-1] INFO  storage.RaftStorage (RaftStorage.java:format(84)) - Storage directory /workdir/hadoop-ozone/integration-test/target/test-dir/MiniOzoneClusterImpl-a7482f6d-0604-4b29-bcdd-7bbe80bb2474/datanode-1/data/ratis/e2ca124d-acf6-404f-ad6f-4429540ad53a has been successfully formatted.
2019-10-10 21:28:47,200 [pool-207-thread-1] INFO  storage.RaftStorage (RaftStorage.java:format(84)) - Storage directory /workdir/hadoop-ozone/integration-test/target/test-dir/MiniOzoneClusterImpl-a7482f6d-0604-4b29-bcdd-7bbe80bb2474/datanode-0/data/ratis/e2ca124d-acf6-404f-ad6f-4429540ad53a has been successfully formatted.
2019-10-10 21:28:47,200 [pool-217-thread-1] INFO  ratis.ContainerStateMachine (ContainerStateMachine.java:loadSnapshot(231)) - group-4429540AD53A: The snapshot info is null. Setting the last applied indexto:(t:0, i:~)
2019-10-10 21:28:47,201 [pool-207-thread-1] INFO  ratis.ContainerStateMachine (ContainerStateMachine.java:loadSnapshot(231)) - group-4429540AD53A: The snapshot info is null. Setting the last applied indexto:(t:0, i:~)
2019-10-10 21:28:47,200 [pool-227-thread-1] INFO  ratis.ContainerStateMachine (ContainerStateMachine.java:loadSnapshot(231)) - group-4429540AD53A: The snapshot info is null. Setting the last applied indexto:(t:0, i:~)
2019-10-10 21:28:47,201 [pool-207-thread-1] INFO  server.RaftServerConfigKeys (ConfUtils.java:logGet(43)) - raft.server.notification.no-leader.timeout = 120s (custom)
2019-10-10 21:28:47,201 [pool-217-thread-1] INFO  server.RaftServerConfigKeys (ConfUtils.java:logGet(43)) - raft.server.notification.no-leader.timeout = 120s (custom)
2019-10-10 21:28:47,201 [pool-207-thread-1] INFO  server.RaftServerConfigKeys (ConfUtils.java:logGet(43)) - raft.server.log.use.memory = false (default)
2019-10-10 21:28:47,201 [pool-227-thread-1] INFO  server.RaftServerConfigKeys (ConfUtils.java:logGet(43)) - raft.server.notification.no-leader.timeout = 120s (custom)
2019-10-10 21:28:47,201 [pool-207-thread-1] INFO  server.RaftServerConfigKeys (ConfUtils.java:logGet(43)) - raft.server.log.purge.gap = 1000000 (custom)
2019-10-10 21:28:47,201 [pool-217-thread-1] INFO  server.RaftServerConfigKeys (ConfUtils.java:logGet(43)) - raft.server.log.use.memory = false (default)
2019-10-10 21:28:47,202 [pool-207-thread-1] INFO  server.RaftServerConfigKeys (ConfUtils.java:logGet(43)) - raft.server.log.appender.buffer.byte-limit = 33554432 (custom)
2019-10-10 21:28:47,201 [pool-227-thread-1] INFO  server.RaftServerConfigKeys (ConfUtils.java:logGet(43)) - raft.server.log.use.memory = false (default)
2019-10-10 21:28:47,202 [pool-207-thread-1] INFO  server.RaftServerConfigKeys (ConfUtils.java:logGet(43)) - raft.server.log.segment.size.max = 1048576 (custom)
2019-10-10 21:28:47,202 [pool-217-thread-1] INFO  server.RaftServerConfigKeys (ConfUtils.java:logGet(43)) - raft.server.log.purge.gap = 1000000 (custom)
2019-10-10 21:28:47,202 [pool-207-thread-1] INFO  server.RaftServerConfigKeys (ConfUtils.java:logGet(43)) - raft.server.log.segment.cache.num.max = 2 (custom)
2019-10-10 21:28:47,202 [pool-227-thread-1] INFO  server.RaftServerConfigKeys (ConfUtils.java:logGet(43)) - raft.server.log.purge.gap = 1000000 (custom)
2019-10-10 21:28:47,203 [pool-207-thread-1] INFO  segmented.SegmentedRaftLogWorker (SegmentedRaftLogWorker.java:<init>(173)) - new b53b5c8e-5e67-456c-afc2-42f0810f9e11@group-4429540AD53A-SegmentedRaftLogWorker for RaftStorage:Storage Directory /workdir/hadoop-ozone/integration-test/target/test-dir/MiniOzoneClusterImpl-a7482f6d-0604-4b29-bcdd-7bbe80bb2474/datanode-0/data/ratis/e2ca124d-acf6-404f-ad6f-4429540ad53a
2019-10-10 21:28:47,202 [pool-217-thread-1] INFO  server.RaftServerConfigKeys (ConfUtils.java:logGet(43)) - raft.server.log.appender.buffer.byte-limit = 33554432 (custom)
2019-10-10 21:28:47,203 [pool-207-thread-1] INFO  server.RaftServerConfigKeys (ConfUtils.java:logGet(43)) - raft.server.log.queue.byte-limit = 2147483647 (custom)
2019-10-10 21:28:47,203 [pool-207-thread-1] INFO  server.RaftServerConfigKeys (ConfUtils.java:logGet(43)) - raft.server.log.queue.element-limit = 1024 (custom)
2019-10-10 21:28:47,203 [pool-227-thread-1] INFO  server.RaftServerConfigKeys (ConfUtils.java:logGet(43)) - raft.server.log.appender.buffer.byte-limit = 33554432 (custom)
2019-10-10 21:28:47,203 [pool-207-thread-1] INFO  server.RaftServerConfigKeys (ConfUtils.java:logGet(43)) - raft.server.log.segment.size.max = 1048576 (custom)
2019-10-10 21:28:47,203 [pool-217-thread-1] INFO  server.RaftServerConfigKeys (ConfUtils.java:logGet(43)) - raft.server.log.segment.size.max = 1048576 (custom)
2019-10-10 21:28:47,204 [pool-207-thread-1] INFO  server.RaftServerConfigKeys (ConfUtils.java:logGet(43)) - raft.server.log.preallocated.size = 16384 (custom)
2019-10-10 21:28:47,204 [pool-207-thread-1] INFO  server.RaftServerConfigKeys (ConfUtils.java:logGet(43)) - raft.server.log.write.buffer.size = 33554432 (custom)
2019-10-10 21:28:47,204 [pool-227-thread-1] INFO  server.RaftServerConfigKeys (ConfUtils.java:logGet(43)) - raft.server.log.segment.size.max = 1048576 (custom)
2019-10-10 21:28:47,204 [pool-207-thread-1] INFO  server.RaftServerConfigKeys (ConfUtils.java:logGet(43)) - raft.server.log.force.sync.num = 128 (default)
2019-10-10 21:28:47,204 [pool-217-thread-1] INFO  server.RaftServerConfigKeys (ConfUtils.java:logGet(43)) - raft.server.log.segment.cache.num.max = 2 (custom)
2019-10-10 21:28:47,205 [pool-207-thread-1] INFO  server.RaftServerConfigKeys (ConfUtils.java:logGet(43)) - raft.server.log.statemachine.data.sync = true (default)
2019-10-10 21:28:47,205 [pool-227-thread-1] INFO  server.RaftServerConfigKeys (ConfUtils.java:logGet(43)) - raft.server.log.segment.cache.num.max = 2 (custom)
2019-10-10 21:28:47,205 [pool-207-thread-1] INFO  server.RaftServerConfigKeys (ConfUtils.java:logGet(43)) - raft.server.log.statemachine.data.sync.timeout = 10s (default)
2019-10-10 21:28:47,205 [pool-207-thread-1] INFO  server.RaftServerConfigKeys (ConfUtils.java:logGet(43)) - raft.server.log.statemachine.data.sync.timeout.retry = -1 (default)
2019-10-10 21:28:47,205 [pool-217-thread-1] INFO  segmented.SegmentedRaftLogWorker (SegmentedRaftLogWorker.java:<init>(173)) - new a900087f-503e-4321-861c-2daca883c610@group-4429540AD53A-SegmentedRaftLogWorker for RaftStorage:Storage Directory /workdir/hadoop-ozone/integration-test/target/test-dir/MiniOzoneClusterImpl-a7482f6d-0604-4b29-bcdd-7bbe80bb2474/datanode-1/data/ratis/e2ca124d-acf6-404f-ad6f-4429540ad53a
2019-10-10 21:28:47,206 [pool-207-thread-1] INFO  server.RaftServerConfigKeys (ConfUtils.java:logGet(43)) - raft.server.log.statemachine.data.caching.enabled = true (custom)
2019-10-10 21:28:47,205 [pool-227-thread-1] INFO  segmented.SegmentedRaftLogWorker (SegmentedRaftLogWorker.java:<init>(173)) - new dfe184d8-5e71-4515-9f68-a36fd788b5f0@group-4429540AD53A-SegmentedRaftLogWorker for RaftStorage:Storage Directory /workdir/hadoop-ozone/integration-test/target/test-dir/MiniOzoneClusterImpl-a7482f6d-0604-4b29-bcdd-7bbe80bb2474/datanode-2/data/ratis/e2ca124d-acf6-404f-ad6f-4429540ad53a
2019-10-10 21:28:47,206 [pool-217-thread-1] INFO  server.RaftServerConfigKeys (ConfUtils.java:logGet(43)) - raft.server.log.queue.byte-limit = 2147483647 (custom)
2019-10-10 21:28:47,206 [pool-207-thread-1] INFO  segmented.SegmentedRaftLogWorker (SegmentedRaftLogWorker.java:lambda$new$0(128)) - b53b5c8e-5e67-456c-afc2-42f0810f9e11@group-4429540AD53A-SegmentedRaftLogWorker: flushIndex: setUnconditionally 0 -> -1
2019-10-10 21:28:47,206 [pool-227-thread-1] INFO  server.RaftServerConfigKeys (ConfUtils.java:logGet(43)) - raft.server.log.queue.byte-limit = 2147483647 (custom)
2019-10-10 21:28:47,207 [pool-207-thread-1] INFO  server.RaftServerConfigKeys (ConfUtils.java:logGet(43)) - raft.server.snapshot.auto.trigger.enabled = true (custom)
2019-10-10 21:28:47,206 [pool-217-thread-1] INFO  server.RaftServerConfigKeys (ConfUtils.java:logGet(43)) - raft.server.log.queue.element-limit = 1024 (custom)
2019-10-10 21:28:47,207 [pool-207-thread-1] INFO  server.RaftServerConfigKeys (ConfUtils.java:logGet(43)) - raft.server.snapshot.auto.trigger.threshold = 10000 (custom)
2019-10-10 21:28:47,207 [pool-227-thread-1] INFO  server.RaftServerConfigKeys (ConfUtils.java:logGet(43)) - raft.server.log.queue.element-limit = 1024 (custom)
2019-10-10 21:28:47,207 [pool-207-thread-1] INFO  server.RaftServerConfigKeys (ConfUtils.java:logGet(43)) - raft.server.snapshot.retention.file.num = 5 (custom)
2019-10-10 21:28:47,207 [pool-217-thread-1] INFO  server.RaftServerConfigKeys (ConfUtils.java:logGet(43)) - raft.server.log.segment.size.max = 1048576 (custom)
2019-10-10 21:28:47,207 [pool-207-thread-1] INFO  server.RaftServerConfigKeys (ConfUtils.java:logGet(43)) - raft.server.retrycache.expirytime = 600000ms (custom)
2019-10-10 21:28:47,207 [pool-227-thread-1] INFO  server.RaftServerConfigKeys (ConfUtils.java:logGet(43)) - raft.server.log.segment.size.max = 1048576 (custom)
2019-10-10 21:28:47,207 [pool-217-thread-1] INFO  server.RaftServerConfigKeys (ConfUtils.java:logGet(43)) - raft.server.log.preallocated.size = 16384 (custom)
2019-10-10 21:28:47,208 [pool-227-thread-1] INFO  server.RaftServerConfigKeys (ConfUtils.java:logGet(43)) - raft.server.log.preallocated.size = 16384 (custom)
2019-10-10 21:28:47,208 [pool-217-thread-1] INFO  server.RaftServerConfigKeys (ConfUtils.java:logGet(43)) - raft.server.log.write.buffer.size = 33554432 (custom)
2019-10-10 21:28:47,208 [pool-227-thread-1] INFO  server.RaftServerConfigKeys (ConfUtils.java:logGet(43)) - raft.server.log.write.buffer.size = 33554432 (custom)
2019-10-10 21:28:47,208 [pool-217-thread-1] INFO  server.RaftServerConfigKeys (ConfUtils.java:logGet(43)) - raft.server.log.force.sync.num = 128 (default)
2019-10-10 21:28:47,208 [pool-227-thread-1] INFO  server.RaftServerConfigKeys (ConfUtils.java:logGet(43)) - raft.server.log.force.sync.num = 128 (default)
2019-10-10 21:28:47,209 [pool-217-thread-1] INFO  server.RaftServerConfigKeys (ConfUtils.java:logGet(43)) - raft.server.log.statemachine.data.sync = true (default)
2019-10-10 21:28:47,209 [pool-227-thread-1] INFO  server.RaftServerConfigKeys (ConfUtils.java:logGet(43)) - raft.server.log.statemachine.data.sync = true (default)
2019-10-10 21:28:47,209 [pool-217-thread-1] INFO  server.RaftServerConfigKeys (ConfUtils.java:logGet(43)) - raft.server.log.statemachine.data.sync.timeout = 10s (default)
2019-10-10 21:28:47,209 [pool-227-thread-1] INFO  server.RaftServerConfigKeys (ConfUtils.java:logGet(43)) - raft.server.log.statemachine.data.sync.timeout = 10s (default)
2019-10-10 21:28:47,209 [pool-217-thread-1] INFO  server.RaftServerConfigKeys (ConfUtils.java:logGet(43)) - raft.server.log.statemachine.data.sync.timeout.retry = -1 (default)
2019-10-10 21:28:47,209 [pool-227-thread-1] INFO  server.RaftServerConfigKeys (ConfUtils.java:logGet(43)) - raft.server.log.statemachine.data.sync.timeout.retry = -1 (default)
2019-10-10 21:28:47,210 [pool-217-thread-1] INFO  server.RaftServerConfigKeys (ConfUtils.java:logGet(43)) - raft.server.log.statemachine.data.caching.enabled = true (custom)
2019-10-10 21:28:47,210 [pool-227-thread-1] INFO  server.RaftServerConfigKeys (ConfUtils.java:logGet(43)) - raft.server.log.statemachine.data.caching.enabled = true (custom)
2019-10-10 21:28:47,210 [pool-207-thread-1] INFO  impl.RaftServerImpl (RaftServerImpl.java:start(181)) - b53b5c8e-5e67-456c-afc2-42f0810f9e11@group-4429540AD53A: start as a follower, conf=-1: [b53b5c8e-5e67-456c-afc2-42f0810f9e11:192.168.157.203:33905, dfe184d8-5e71-4515-9f68-a36fd788b5f0:192.168.157.203:42154, a900087f-503e-4321-861c-2daca883c610:192.168.157.203:34263], old=null
2019-10-10 21:28:47,210 [pool-217-thread-1] INFO  segmented.SegmentedRaftLogWorker (SegmentedRaftLogWorker.java:lambda$new$0(128)) - a900087f-503e-4321-861c-2daca883c610@group-4429540AD53A-SegmentedRaftLogWorker: flushIndex: setUnconditionally 0 -> -1
2019-10-10 21:28:47,210 [pool-227-thread-1] INFO  segmented.SegmentedRaftLogWorker (SegmentedRaftLogWorker.java:lambda$new$0(128)) - dfe184d8-5e71-4515-9f68-a36fd788b5f0@group-4429540AD53A-SegmentedRaftLogWorker: flushIndex: setUnconditionally 0 -> -1
2019-10-10 21:28:47,210 [pool-207-thread-1] INFO  impl.RaftServerImpl (RaftServerImpl.java:setRole(170)) - b53b5c8e-5e67-456c-afc2-42f0810f9e11@group-4429540AD53A: changes role from      null to FOLLOWER at term 0 for startAsFollower
2019-10-10 21:28:47,211 [pool-227-thread-1] INFO  server.RaftServerConfigKeys (ConfUtils.java:logGet(43)) - raft.server.snapshot.auto.trigger.enabled = true (custom)
2019-10-10 21:28:47,210 [pool-217-thread-1] INFO  server.RaftServerConfigKeys (ConfUtils.java:logGet(43)) - raft.server.snapshot.auto.trigger.enabled = true (custom)
2019-10-10 21:28:47,211 [pool-227-thread-1] INFO  server.RaftServerConfigKeys (ConfUtils.java:logGet(43)) - raft.server.snapshot.auto.trigger.threshold = 10000 (custom)
2019-10-10 21:28:47,211 [pool-207-thread-1] INFO  impl.RoleInfo (RoleInfo.java:updateAndGet(143)) - b53b5c8e-5e67-456c-afc2-42f0810f9e11: start FollowerState
2019-10-10 21:28:47,211 [pool-227-thread-1] INFO  server.RaftServerConfigKeys (ConfUtils.java:logGet(43)) - raft.server.snapshot.retention.file.num = 5 (custom)
2019-10-10 21:28:47,211 [pool-217-thread-1] INFO  server.RaftServerConfigKeys (ConfUtils.java:logGet(43)) - raft.server.snapshot.auto.trigger.threshold = 10000 (custom)
2019-10-10 21:28:47,211 [pool-207-thread-1] INFO  util.JmxRegister (JmxRegister.java:tryRegister(44)) - Successfully registered JMX Bean with object name Ratis:service=RaftServer,group=group-4429540AD53A,id=b53b5c8e-5e67-456c-afc2-42f0810f9e11
2019-10-10 21:28:47,211 [pool-227-thread-1] INFO  server.RaftServerConfigKeys (ConfUtils.java:logGet(43)) - raft.server.retrycache.expirytime = 600000ms (custom)
2019-10-10 21:28:47,211 [pool-217-thread-1] INFO  server.RaftServerConfigKeys (ConfUtils.java:logGet(43)) - raft.server.snapshot.retention.file.num = 5 (custom)
2019-10-10 21:28:47,212 [pool-217-thread-1] INFO  server.RaftServerConfigKeys (ConfUtils.java:logGet(43)) - raft.server.retrycache.expirytime = 600000ms (custom)
2019-10-10 21:28:47,216 [pool-227-thread-1] INFO  impl.RaftServerImpl (RaftServerImpl.java:start(181)) - dfe184d8-5e71-4515-9f68-a36fd788b5f0@group-4429540AD53A: start as a follower, conf=-1: [b53b5c8e-5e67-456c-afc2-42f0810f9e11:192.168.157.203:33905, dfe184d8-5e71-4515-9f68-a36fd788b5f0:192.168.157.203:42154, a900087f-503e-4321-861c-2daca883c610:192.168.157.203:34263], old=null
2019-10-10 21:28:47,216 [pool-217-thread-1] INFO  impl.RaftServerImpl (RaftServerImpl.java:start(181)) - a900087f-503e-4321-861c-2daca883c610@group-4429540AD53A: start as a follower, conf=-1: [b53b5c8e-5e67-456c-afc2-42f0810f9e11:192.168.157.203:33905, dfe184d8-5e71-4515-9f68-a36fd788b5f0:192.168.157.203:42154, a900087f-503e-4321-861c-2daca883c610:192.168.157.203:34263], old=null
2019-10-10 21:28:47,216 [pool-227-thread-1] INFO  impl.RaftServerImpl (RaftServerImpl.java:setRole(170)) - dfe184d8-5e71-4515-9f68-a36fd788b5f0@group-4429540AD53A: changes role from      null to FOLLOWER at term 0 for startAsFollower
2019-10-10 21:28:47,216 [pool-217-thread-1] INFO  impl.RaftServerImpl (RaftServerImpl.java:setRole(170)) - a900087f-503e-4321-861c-2daca883c610@group-4429540AD53A: changes role from      null to FOLLOWER at term 0 for startAsFollower
2019-10-10 21:28:47,216 [pool-227-thread-1] INFO  impl.RoleInfo (RoleInfo.java:updateAndGet(143)) - dfe184d8-5e71-4515-9f68-a36fd788b5f0: start FollowerState
2019-10-10 21:28:47,217 [pool-217-thread-1] INFO  impl.RoleInfo (RoleInfo.java:updateAndGet(143)) - a900087f-503e-4321-861c-2daca883c610: start FollowerState
2019-10-10 21:28:47,219 [pool-227-thread-1] INFO  util.JmxRegister (JmxRegister.java:tryRegister(44)) - Successfully registered JMX Bean with object name Ratis:service=RaftServer,group=group-4429540AD53A,id=dfe184d8-5e71-4515-9f68-a36fd788b5f0
2019-10-10 21:28:47,220 [pool-217-thread-1] INFO  util.JmxRegister (JmxRegister.java:tryRegister(44)) - Successfully registered JMX Bean with object name Ratis:service=RaftServer,group=group-4429540AD53A,id=a900087f-503e-4321-861c-2daca883c610
2019-10-10 21:28:47,227 [RatisPipelineUtilsThread] INFO  pipeline.PipelineStateManager (PipelineStateManager.java:addPipeline(56)) - Created pipeline Pipeline[ Id: e2ca124d-acf6-404f-ad6f-4429540ad53a, Nodes: b53b5c8e-5e67-456c-afc2-42f0810f9e11{ip: 192.168.157.203, host: pr-hdds-1986-lk2hz-517324276, networkLocation: /default-rack, certSerialId: null}dfe184d8-5e71-4515-9f68-a36fd788b5f0{ip: 192.168.157.203, host: pr-hdds-1986-lk2hz-517324276, networkLocation: /default-rack, certSerialId: null}a900087f-503e-4321-861c-2daca883c610{ip: 192.168.157.203, host: pr-hdds-1986-lk2hz-517324276, networkLocation: /default-rack, certSerialId: null}, Type:RATIS, Factor:THREE, State:OPEN]
2019-10-10 21:28:47,239 [grpc-default-executor-2] INFO  impl.RaftServerProxy (RaftServerProxy.java:addNew(89)) - 919a5fb4-be8f-4ab0-b4ab-d725ff256d57: addNew group-78CFC45CFEA4:[919a5fb4-be8f-4ab0-b4ab-d725ff256d57:192.168.157.203:46769] returns group-78CFC45CFEA4:java.util.concurrent.CompletableFuture@60251749[Not completed]
2019-10-10 21:28:47,240 [pool-247-thread-1] INFO  impl.RaftServerImpl (RaftServerImpl.java:<init>(95)) - 919a5fb4-be8f-4ab0-b4ab-d725ff256d57: new RaftServerImpl for group-78CFC45CFEA4:[919a5fb4-be8f-4ab0-b4ab-d725ff256d57:192.168.157.203:46769] with ContainerStateMachine:uninitialized
2019-10-10 21:28:47,243 [pool-247-thread-1] INFO  server.RaftServerConfigKeys (ConfUtils.java:logGet(43)) - raft.server.rpc.timeout.min = 5s (custom)
2019-10-10 21:28:47,243 [pool-247-thread-1] INFO  server.RaftServerConfigKeys (ConfUtils.java:logGet(43)) - raft.server.rpc.timeout.max = 5200ms (custom)
2019-10-10 21:28:47,243 [pool-247-thread-1] INFO  server.RaftServerConfigKeys (ConfUtils.java:logGet(43)) - raft.server.rpcslowness.timeout = 120s (custom)
2019-10-10 21:28:47,243 [pool-247-thread-1] INFO  server.RaftServerConfigKeys (ConfUtils.java:logGet(43)) - raft.server.sleep.deviation.threshold = 300 (default)
2019-10-10 21:28:47,243 [pool-247-thread-1] INFO  server.RaftServerConfigKeys (ConfUtils.java:logGet(43)) - raft.server.log.appender.install.snapshot.enabled = false (custom)
2019-10-10 21:28:47,243 [pool-247-thread-1] INFO  impl.RaftServerImpl (ServerState.java:<init>(103)) - 919a5fb4-be8f-4ab0-b4ab-d725ff256d57@group-78CFC45CFEA4: ConfigurationManager, init=-1: [919a5fb4-be8f-4ab0-b4ab-d725ff256d57:192.168.157.203:46769], old=null, confs=<EMPTY_MAP>
2019-10-10 21:28:47,244 [pool-247-thread-1] INFO  server.RaftServerConfigKeys (ConfUtils.java:logGet(43)) - raft.server.storage.dir = [/workdir/hadoop-ozone/integration-test/target/test-dir/MiniOzoneClusterImpl-a7482f6d-0604-4b29-bcdd-7bbe80bb2474/datanode-4/data/ratis] (custom)
2019-10-10 21:28:47,244 [pool-247-thread-1] INFO  server.RaftServerConfigKeys (ConfUtils.java:logGet(43)) - raft.server.log.corruption.policy = EXCEPTION (default)
2019-10-10 21:28:47,244 [pool-247-thread-1] INFO  storage.RaftStorageDirectory (RaftStorageDirectory.java:analyzeStorage(246)) - The storage directory /workdir/hadoop-ozone/integration-test/target/test-dir/MiniOzoneClusterImpl-a7482f6d-0604-4b29-bcdd-7bbe80bb2474/datanode-4/data/ratis/1c49f5db-0bd5-429f-94ba-78cfc45cfea4 does not exist. Creating ...
2019-10-10 21:28:47,258 [pool-247-thread-1] INFO  storage.RaftStorageDirectory (RaftStorageDirectory.java:tryLock(328)) - Lock on /workdir/hadoop-ozone/integration-test/target/test-dir/MiniOzoneClusterImpl-a7482f6d-0604-4b29-bcdd-7bbe80bb2474/datanode-4/data/ratis/1c49f5db-0bd5-429f-94ba-78cfc45cfea4/in_use.lock acquired by nodename 3080@pr-hdds-1986-lk2hz-517324276
2019-10-10 21:28:47,259 [IPC Server handler 0 on 36360] INFO  net.NetworkTopology (NetworkTopologyImpl.java:add(111)) - Added a new node: /default-rack/738fedeb-6967-4662-b341-58cc98afdba9
2019-10-10 21:28:47,259 [IPC Server handler 0 on 36360] INFO  node.SCMNodeManager (SCMNodeManager.java:register(268)) - Registered Data node : 738fedeb-6967-4662-b341-58cc98afdba9{ip: 192.168.157.203, host: pr-hdds-1986-lk2hz-517324276, networkLocation: /default-rack, certSerialId: null}
2019-10-10 21:28:47,271 [pool-247-thread-1] INFO  storage.RaftStorage (RaftStorage.java:format(84)) - Storage directory /workdir/hadoop-ozone/integration-test/target/test-dir/MiniOzoneClusterImpl-a7482f6d-0604-4b29-bcdd-7bbe80bb2474/datanode-4/data/ratis/1c49f5db-0bd5-429f-94ba-78cfc45cfea4 has been successfully formatted.
2019-10-10 21:28:47,271 [pool-247-thread-1] INFO  ratis.ContainerStateMachine (ContainerStateMachine.java:loadSnapshot(231)) - group-78CFC45CFEA4: The snapshot info is null. Setting the last applied indexto:(t:0, i:~)
2019-10-10 21:28:47,271 [pool-247-thread-1] INFO  server.RaftServerConfigKeys (ConfUtils.java:logGet(43)) - raft.server.notification.no-leader.timeout = 120s (custom)
2019-10-10 21:28:47,271 [pool-247-thread-1] INFO  server.RaftServerConfigKeys (ConfUtils.java:logGet(43)) - raft.server.log.use.memory = false (default)
2019-10-10 21:28:47,271 [pool-247-thread-1] INFO  server.RaftServerConfigKeys (ConfUtils.java:logGet(43)) - raft.server.log.purge.gap = 1000000 (custom)
2019-10-10 21:28:47,272 [pool-247-thread-1] INFO  server.RaftServerConfigKeys (ConfUtils.java:logGet(43)) - raft.server.log.appender.buffer.byte-limit = 33554432 (custom)
2019-10-10 21:28:47,272 [pool-247-thread-1] INFO  server.RaftServerConfigKeys (ConfUtils.java:logGet(43)) - raft.server.log.segment.size.max = 1048576 (custom)
2019-10-10 21:28:47,274 [pool-247-thread-1] INFO  server.RaftServerConfigKeys (ConfUtils.java:logGet(43)) - raft.server.log.segment.cache.num.max = 2 (custom)
2019-10-10 21:28:47,274 [pool-247-thread-1] INFO  segmented.SegmentedRaftLogWorker (SegmentedRaftLogWorker.java:<init>(173)) - new 919a5fb4-be8f-4ab0-b4ab-d725ff256d57@group-78CFC45CFEA4-SegmentedRaftLogWorker for RaftStorage:Storage Directory /workdir/hadoop-ozone/integration-test/target/test-dir/MiniOzoneClusterImpl-a7482f6d-0604-4b29-bcdd-7bbe80bb2474/datanode-4/data/ratis/1c49f5db-0bd5-429f-94ba-78cfc45cfea4
2019-10-10 21:28:47,274 [pool-247-thread-1] INFO  server.RaftServerConfigKeys (ConfUtils.java:logGet(43)) - raft.server.log.queue.byte-limit = 2147483647 (custom)
2019-10-10 21:28:47,274 [pool-247-thread-1] INFO  server.RaftServerConfigKeys (ConfUtils.java:logGet(43)) - raft.server.log.queue.element-limit = 1024 (custom)
2019-10-10 21:28:47,275 [pool-247-thread-1] INFO  server.RaftServerConfigKeys (ConfUtils.java:logGet(43)) - raft.server.log.segment.size.max = 1048576 (custom)
2019-10-10 21:28:47,275 [pool-247-thread-1] INFO  server.RaftServerConfigKeys (ConfUtils.java:logGet(43)) - raft.server.log.preallocated.size = 16384 (custom)
2019-10-10 21:28:47,275 [pool-247-thread-1] INFO  server.RaftServerConfigKeys (ConfUtils.java:logGet(43)) - raft.server.log.write.buffer.size = 33554432 (custom)
2019-10-10 21:28:47,275 [pool-247-thread-1] INFO  server.RaftServerConfigKeys (ConfUtils.java:logGet(43)) - raft.server.log.force.sync.num = 128 (default)
2019-10-10 21:28:47,276 [pool-247-thread-1] INFO  server.RaftServerConfigKeys (ConfUtils.java:logGet(43)) - raft.server.log.statemachine.data.sync = true (default)
2019-10-10 21:28:47,276 [pool-247-thread-1] INFO  server.RaftServerConfigKeys (ConfUtils.java:logGet(43)) - raft.server.log.statemachine.data.sync.timeout = 10s (default)
2019-10-10 21:28:47,276 [pool-247-thread-1] INFO  server.RaftServerConfigKeys (ConfUtils.java:logGet(43)) - raft.server.log.statemachine.data.sync.timeout.retry = -1 (default)
2019-10-10 21:28:47,277 [pool-247-thread-1] INFO  server.RaftServerConfigKeys (ConfUtils.java:logGet(43)) - raft.server.log.statemachine.data.caching.enabled = true (custom)
2019-10-10 21:28:47,277 [pool-247-thread-1] INFO  segmented.SegmentedRaftLogWorker (SegmentedRaftLogWorker.java:lambda$new$0(128)) - 919a5fb4-be8f-4ab0-b4ab-d725ff256d57@group-78CFC45CFEA4-SegmentedRaftLogWorker: flushIndex: setUnconditionally 0 -> -1
2019-10-10 21:28:47,277 [pool-247-thread-1] INFO  server.RaftServerConfigKeys (ConfUtils.java:logGet(43)) - raft.server.snapshot.auto.trigger.enabled = true (custom)
2019-10-10 21:28:47,278 [pool-247-thread-1] INFO  server.RaftServerConfigKeys (ConfUtils.java:logGet(43)) - raft.server.snapshot.auto.trigger.threshold = 10000 (custom)
2019-10-10 21:28:47,278 [pool-247-thread-1] INFO  server.RaftServerConfigKeys (ConfUtils.java:logGet(43)) - raft.server.snapshot.retention.file.num = 5 (custom)
2019-10-10 21:28:47,278 [pool-247-thread-1] INFO  server.RaftServerConfigKeys (ConfUtils.java:logGet(43)) - raft.server.retrycache.expirytime = 600000ms (custom)
2019-10-10 21:28:47,279 [pool-247-thread-1] INFO  impl.RaftServerImpl (RaftServerImpl.java:start(181)) - 919a5fb4-be8f-4ab0-b4ab-d725ff256d57@group-78CFC45CFEA4: start as a follower, conf=-1: [919a5fb4-be8f-4ab0-b4ab-d725ff256d57:192.168.157.203:46769], old=null
2019-10-10 21:28:47,280 [pool-247-thread-1] INFO  impl.RaftServerImpl (RaftServerImpl.java:setRole(170)) - 919a5fb4-be8f-4ab0-b4ab-d725ff256d57@group-78CFC45CFEA4: changes role from      null to FOLLOWER at term 0 for startAsFollower
2019-10-10 21:28:47,280 [pool-247-thread-1] INFO  impl.RoleInfo (RoleInfo.java:updateAndGet(143)) - 919a5fb4-be8f-4ab0-b4ab-d725ff256d57: start FollowerState
2019-10-10 21:28:47,280 [pool-247-thread-1] INFO  util.JmxRegister (JmxRegister.java:tryRegister(44)) - Successfully registered JMX Bean with object name Ratis:service=RaftServer,group=group-78CFC45CFEA4,id=919a5fb4-be8f-4ab0-b4ab-d725ff256d57
2019-10-10 21:28:47,287 [RatisPipelineUtilsThread] INFO  pipeline.PipelineStateManager (PipelineStateManager.java:addPipeline(56)) - Created pipeline Pipeline[ Id: 1c49f5db-0bd5-429f-94ba-78cfc45cfea4, Nodes: 919a5fb4-be8f-4ab0-b4ab-d725ff256d57{ip: 192.168.157.203, host: pr-hdds-1986-lk2hz-517324276, networkLocation: /default-rack, certSerialId: null}, Type:RATIS, Factor:ONE, State:OPEN]
2019-10-10 21:28:47,305 [grpc-default-executor-2] INFO  impl.RaftServerProxy (RaftServerProxy.java:addNew(89)) - 738fedeb-6967-4662-b341-58cc98afdba9: addNew group-DFDF5ABB9A73:[738fedeb-6967-4662-b341-58cc98afdba9:192.168.157.203:46631] returns group-DFDF5ABB9A73:java.util.concurrent.CompletableFuture@a2009fe[Not completed]
2019-10-10 21:28:47,307 [pool-257-thread-1] INFO  impl.RaftServerImpl (RaftServerImpl.java:<init>(95)) - 738fedeb-6967-4662-b341-58cc98afdba9: new RaftServerImpl for group-DFDF5ABB9A73:[738fedeb-6967-4662-b341-58cc98afdba9:192.168.157.203:46631] with ContainerStateMachine:uninitialized
2019-10-10 21:28:47,307 [pool-257-thread-1] INFO  server.RaftServerConfigKeys (ConfUtils.java:logGet(43)) - raft.server.rpc.timeout.min = 5s (custom)
2019-10-10 21:28:47,307 [pool-257-thread-1] INFO  server.RaftServerConfigKeys (ConfUtils.java:logGet(43)) - raft.server.rpc.timeout.max = 5200ms (custom)
2019-10-10 21:28:47,307 [pool-257-thread-1] INFO  server.RaftServerConfigKeys (ConfUtils.java:logGet(43)) - raft.server.rpcslowness.timeout = 120s (custom)
2019-10-10 21:28:47,307 [pool-257-thread-1] INFO  server.RaftServerConfigKeys (ConfUtils.java:logGet(43)) - raft.server.sleep.deviation.threshold = 300 (default)
2019-10-10 21:28:47,307 [pool-257-thread-1] INFO  server.RaftServerConfigKeys (ConfUtils.java:logGet(43)) - raft.server.log.appender.install.snapshot.enabled = false (custom)
2019-10-10 21:28:47,307 [pool-257-thread-1] INFO  impl.RaftServerImpl (ServerState.java:<init>(103)) - 738fedeb-6967-4662-b341-58cc98afdba9@group-DFDF5ABB9A73: ConfigurationManager, init=-1: [738fedeb-6967-4662-b341-58cc98afdba9:192.168.157.203:46631], old=null, confs=<EMPTY_MAP>
2019-10-10 21:28:47,307 [pool-257-thread-1] INFO  server.RaftServerConfigKeys (ConfUtils.java:logGet(43)) - raft.server.storage.dir = [/workdir/hadoop-ozone/integration-test/target/test-dir/MiniOzoneClusterImpl-a7482f6d-0604-4b29-bcdd-7bbe80bb2474/datanode-5/data/ratis] (custom)
2019-10-10 21:28:47,308 [pool-257-thread-1] INFO  server.RaftServerConfigKeys (ConfUtils.java:logGet(43)) - raft.server.log.corruption.policy = EXCEPTION (default)
2019-10-10 21:28:47,308 [pool-257-thread-1] INFO  storage.RaftStorageDirectory (RaftStorageDirectory.java:analyzeStorage(246)) - The storage directory /workdir/hadoop-ozone/integration-test/target/test-dir/MiniOzoneClusterImpl-a7482f6d-0604-4b29-bcdd-7bbe80bb2474/datanode-5/data/ratis/71113b67-e616-4772-94b2-dfdf5abb9a73 does not exist. Creating ...
2019-10-10 21:28:47,321 [main] INFO  ozone.MiniOzoneClusterImpl (MiniOzoneClusterImpl.java:lambda$waitForClusterToBeReady$0(147)) - Waiting for cluster to be ready. Got 6 of 7 DN Heartbeats.
2019-10-10 21:28:47,321 [pool-257-thread-1] INFO  storage.RaftStorageDirectory (RaftStorageDirectory.java:tryLock(328)) - Lock on /workdir/hadoop-ozone/integration-test/target/test-dir/MiniOzoneClusterImpl-a7482f6d-0604-4b29-bcdd-7bbe80bb2474/datanode-5/data/ratis/71113b67-e616-4772-94b2-dfdf5abb9a73/in_use.lock acquired by nodename 3080@pr-hdds-1986-lk2hz-517324276
2019-10-10 21:28:47,323 [IPC Server handler 4 on 36360] INFO  net.NetworkTopology (NetworkTopologyImpl.java:add(111)) - Added a new node: /default-rack/1c4f1302-9db1-485d-83b0-a9aeaaa1c8b3
2019-10-10 21:28:47,323 [IPC Server handler 4 on 36360] INFO  node.SCMNodeManager (SCMNodeManager.java:register(268)) - Registered Data node : 1c4f1302-9db1-485d-83b0-a9aeaaa1c8b3{ip: 192.168.157.203, host: pr-hdds-1986-lk2hz-517324276, networkLocation: /default-rack, certSerialId: null}
2019-10-10 21:28:47,334 [pool-257-thread-1] INFO  storage.RaftStorage (RaftStorage.java:format(84)) - Storage directory /workdir/hadoop-ozone/integration-test/target/test-dir/MiniOzoneClusterImpl-a7482f6d-0604-4b29-bcdd-7bbe80bb2474/datanode-5/data/ratis/71113b67-e616-4772-94b2-dfdf5abb9a73 has been successfully formatted.
2019-10-10 21:28:47,335 [pool-257-thread-1] INFO  ratis.ContainerStateMachine (ContainerStateMachine.java:loadSnapshot(231)) - group-DFDF5ABB9A73: The snapshot info is null. Setting the last applied indexto:(t:0, i:~)
2019-10-10 21:28:47,335 [pool-257-thread-1] INFO  server.RaftServerConfigKeys (ConfUtils.java:logGet(43)) - raft.server.notification.no-leader.timeout = 120s (custom)
2019-10-10 21:28:47,335 [pool-257-thread-1] INFO  server.RaftServerConfigKeys (ConfUtils.java:logGet(43)) - raft.server.log.use.memory = false (default)
2019-10-10 21:28:47,335 [pool-257-thread-1] INFO  server.RaftServerConfigKeys (ConfUtils.java:logGet(43)) - raft.server.log.purge.gap = 1000000 (custom)
2019-10-10 21:28:47,335 [pool-257-thread-1] INFO  server.RaftServerConfigKeys (ConfUtils.java:logGet(43)) - raft.server.log.appender.buffer.byte-limit = 33554432 (custom)
2019-10-10 21:28:47,335 [pool-257-thread-1] INFO  server.RaftServerConfigKeys (ConfUtils.java:logGet(43)) - raft.server.log.segment.size.max = 1048576 (custom)
2019-10-10 21:28:47,337 [pool-257-thread-1] INFO  server.RaftServerConfigKeys (ConfUtils.java:logGet(43)) - raft.server.log.segment.cache.num.max = 2 (custom)
2019-10-10 21:28:47,337 [pool-257-thread-1] INFO  segmented.SegmentedRaftLogWorker (SegmentedRaftLogWorker.java:<init>(173)) - new 738fedeb-6967-4662-b341-58cc98afdba9@group-DFDF5ABB9A73-SegmentedRaftLogWorker for RaftStorage:Storage Directory /workdir/hadoop-ozone/integration-test/target/test-dir/MiniOzoneClusterImpl-a7482f6d-0604-4b29-bcdd-7bbe80bb2474/datanode-5/data/ratis/71113b67-e616-4772-94b2-dfdf5abb9a73
2019-10-10 21:28:47,337 [pool-257-thread-1] INFO  server.RaftServerConfigKeys (ConfUtils.java:logGet(43)) - raft.server.log.queue.byte-limit = 2147483647 (custom)
2019-10-10 21:28:47,337 [pool-257-thread-1] INFO  server.RaftServerConfigKeys (ConfUtils.java:logGet(43)) - raft.server.log.queue.element-limit = 1024 (custom)
2019-10-10 21:28:47,337 [pool-257-thread-1] INFO  server.RaftServerConfigKeys (ConfUtils.java:logGet(43)) - raft.server.log.segment.size.max = 1048576 (custom)
2019-10-10 21:28:47,338 [pool-257-thread-1] INFO  server.RaftServerConfigKeys (ConfUtils.java:logGet(43)) - raft.server.log.preallocated.size = 16384 (custom)
2019-10-10 21:28:47,338 [pool-257-thread-1] INFO  server.RaftServerConfigKeys (ConfUtils.java:logGet(43)) - raft.server.log.write.buffer.size = 33554432 (custom)
2019-10-10 21:28:47,338 [pool-257-thread-1] INFO  server.RaftServerConfigKeys (ConfUtils.java:logGet(43)) - raft.server.log.force.sync.num = 128 (default)
2019-10-10 21:28:47,338 [pool-257-thread-1] INFO  server.RaftServerConfigKeys (ConfUtils.java:logGet(43)) - raft.server.log.statemachine.data.sync = true (default)
2019-10-10 21:28:47,338 [pool-257-thread-1] INFO  server.RaftServerConfigKeys (ConfUtils.java:logGet(43)) - raft.server.log.statemachine.data.sync.timeout = 10s (default)
2019-10-10 21:28:47,338 [pool-257-thread-1] INFO  server.RaftServerConfigKeys (ConfUtils.java:logGet(43)) - raft.server.log.statemachine.data.sync.timeout.retry = -1 (default)
2019-10-10 21:28:47,338 [pool-257-thread-1] INFO  server.RaftServerConfigKeys (ConfUtils.java:logGet(43)) - raft.server.log.statemachine.data.caching.enabled = true (custom)
2019-10-10 21:28:47,339 [pool-257-thread-1] INFO  segmented.SegmentedRaftLogWorker (SegmentedRaftLogWorker.java:lambda$new$0(128)) - 738fedeb-6967-4662-b341-58cc98afdba9@group-DFDF5ABB9A73-SegmentedRaftLogWorker: flushIndex: setUnconditionally 0 -> -1
2019-10-10 21:28:47,339 [pool-257-thread-1] INFO  server.RaftServerConfigKeys (ConfUtils.java:logGet(43)) - raft.server.snapshot.auto.trigger.enabled = true (custom)
2019-10-10 21:28:47,339 [pool-257-thread-1] INFO  server.RaftServerConfigKeys (ConfUtils.java:logGet(43)) - raft.server.snapshot.auto.trigger.threshold = 10000 (custom)
2019-10-10 21:28:47,339 [pool-257-thread-1] INFO  server.RaftServerConfigKeys (ConfUtils.java:logGet(43)) - raft.server.snapshot.retention.file.num = 5 (custom)
2019-10-10 21:28:47,339 [pool-257-thread-1] INFO  server.RaftServerConfigKeys (ConfUtils.java:logGet(43)) - raft.server.retrycache.expirytime = 600000ms (custom)
2019-10-10 21:28:47,341 [pool-257-thread-1] INFO  impl.RaftServerImpl (RaftServerImpl.java:start(181)) - 738fedeb-6967-4662-b341-58cc98afdba9@group-DFDF5ABB9A73: start as a follower, conf=-1: [738fedeb-6967-4662-b341-58cc98afdba9:192.168.157.203:46631], old=null
2019-10-10 21:28:47,341 [pool-257-thread-1] INFO  impl.RaftServerImpl (RaftServerImpl.java:setRole(170)) - 738fedeb-6967-4662-b341-58cc98afdba9@group-DFDF5ABB9A73: changes role from      null to FOLLOWER at term 0 for startAsFollower
2019-10-10 21:28:47,341 [pool-257-thread-1] INFO  impl.RoleInfo (RoleInfo.java:updateAndGet(143)) - 738fedeb-6967-4662-b341-58cc98afdba9: start FollowerState
2019-10-10 21:28:47,342 [pool-257-thread-1] INFO  util.JmxRegister (JmxRegister.java:tryRegister(44)) - Successfully registered JMX Bean with object name Ratis:service=RaftServer,group=group-DFDF5ABB9A73,id=738fedeb-6967-4662-b341-58cc98afdba9
2019-10-10 21:28:47,349 [RatisPipelineUtilsThread] INFO  pipeline.PipelineStateManager (PipelineStateManager.java:addPipeline(56)) - Created pipeline Pipeline[ Id: 71113b67-e616-4772-94b2-dfdf5abb9a73, Nodes: 738fedeb-6967-4662-b341-58cc98afdba9{ip: 192.168.157.203, host: pr-hdds-1986-lk2hz-517324276, networkLocation: /default-rack, certSerialId: null}, Type:RATIS, Factor:ONE, State:OPEN]
2019-10-10 21:28:47,358 [grpc-default-executor-2] INFO  impl.RaftServerProxy (RaftServerProxy.java:addNew(89)) - 1c4f1302-9db1-485d-83b0-a9aeaaa1c8b3: addNew group-72AE90098DA9:[1c4f1302-9db1-485d-83b0-a9aeaaa1c8b3:192.168.157.203:39244] returns group-72AE90098DA9:java.util.concurrent.CompletableFuture@47c3eb6[Not completed]
2019-10-10 21:28:47,359 [pool-267-thread-1] INFO  impl.RaftServerImpl (RaftServerImpl.java:<init>(95)) - 1c4f1302-9db1-485d-83b0-a9aeaaa1c8b3: new RaftServerImpl for group-72AE90098DA9:[1c4f1302-9db1-485d-83b0-a9aeaaa1c8b3:192.168.157.203:39244] with ContainerStateMachine:uninitialized
2019-10-10 21:28:47,359 [pool-267-thread-1] INFO  server.RaftServerConfigKeys (ConfUtils.java:logGet(43)) - raft.server.rpc.timeout.min = 5s (custom)
2019-10-10 21:28:47,360 [pool-267-thread-1] INFO  server.RaftServerConfigKeys (ConfUtils.java:logGet(43)) - raft.server.rpc.timeout.max = 5200ms (custom)
2019-10-10 21:28:47,360 [pool-267-thread-1] INFO  server.RaftServerConfigKeys (ConfUtils.java:logGet(43)) - raft.server.rpcslowness.timeout = 120s (custom)
2019-10-10 21:28:47,360 [pool-267-thread-1] INFO  server.RaftServerConfigKeys (ConfUtils.java:logGet(43)) - raft.server.sleep.deviation.threshold = 300 (default)
2019-10-10 21:28:47,360 [pool-267-thread-1] INFO  server.RaftServerConfigKeys (ConfUtils.java:logGet(43)) - raft.server.log.appender.install.snapshot.enabled = false (custom)
2019-10-10 21:28:47,360 [pool-267-thread-1] INFO  impl.RaftServerImpl (ServerState.java:<init>(103)) - 1c4f1302-9db1-485d-83b0-a9aeaaa1c8b3@group-72AE90098DA9: ConfigurationManager, init=-1: [1c4f1302-9db1-485d-83b0-a9aeaaa1c8b3:192.168.157.203:39244], old=null, confs=<EMPTY_MAP>
2019-10-10 21:28:47,360 [pool-267-thread-1] INFO  server.RaftServerConfigKeys (ConfUtils.java:logGet(43)) - raft.server.storage.dir = [/workdir/hadoop-ozone/integration-test/target/test-dir/MiniOzoneClusterImpl-a7482f6d-0604-4b29-bcdd-7bbe80bb2474/datanode-6/data/ratis] (custom)
2019-10-10 21:28:47,360 [pool-267-thread-1] INFO  server.RaftServerConfigKeys (ConfUtils.java:logGet(43)) - raft.server.log.corruption.policy = EXCEPTION (default)
2019-10-10 21:28:47,361 [pool-267-thread-1] INFO  storage.RaftStorageDirectory (RaftStorageDirectory.java:analyzeStorage(246)) - The storage directory /workdir/hadoop-ozone/integration-test/target/test-dir/MiniOzoneClusterImpl-a7482f6d-0604-4b29-bcdd-7bbe80bb2474/datanode-6/data/ratis/e67100c1-38ed-4438-9b6e-72ae90098da9 does not exist. Creating ...
2019-10-10 21:28:47,373 [pool-267-thread-1] INFO  storage.RaftStorageDirectory (RaftStorageDirectory.java:tryLock(328)) - Lock on /workdir/hadoop-ozone/integration-test/target/test-dir/MiniOzoneClusterImpl-a7482f6d-0604-4b29-bcdd-7bbe80bb2474/datanode-6/data/ratis/e67100c1-38ed-4438-9b6e-72ae90098da9/in_use.lock acquired by nodename 3080@pr-hdds-1986-lk2hz-517324276
2019-10-10 21:28:47,387 [pool-267-thread-1] INFO  storage.RaftStorage (RaftStorage.java:format(84)) - Storage directory /workdir/hadoop-ozone/integration-test/target/test-dir/MiniOzoneClusterImpl-a7482f6d-0604-4b29-bcdd-7bbe80bb2474/datanode-6/data/ratis/e67100c1-38ed-4438-9b6e-72ae90098da9 has been successfully formatted.
2019-10-10 21:28:47,387 [pool-267-thread-1] INFO  ratis.ContainerStateMachine (ContainerStateMachine.java:loadSnapshot(231)) - group-72AE90098DA9: The snapshot info is null. Setting the last applied indexto:(t:0, i:~)
2019-10-10 21:28:47,387 [pool-267-thread-1] INFO  server.RaftServerConfigKeys (ConfUtils.java:logGet(43)) - raft.server.notification.no-leader.timeout = 120s (custom)
2019-10-10 21:28:47,387 [pool-267-thread-1] INFO  server.RaftServerConfigKeys (ConfUtils.java:logGet(43)) - raft.server.log.use.memory = false (default)
2019-10-10 21:28:47,387 [pool-267-thread-1] INFO  server.RaftServerConfigKeys (ConfUtils.java:logGet(43)) - raft.server.log.purge.gap = 1000000 (custom)
2019-10-10 21:28:47,387 [pool-267-thread-1] INFO  server.RaftServerConfigKeys (ConfUtils.java:logGet(43)) - raft.server.log.appender.buffer.byte-limit = 33554432 (custom)
2019-10-10 21:28:47,387 [pool-267-thread-1] INFO  server.RaftServerConfigKeys (ConfUtils.java:logGet(43)) - raft.server.log.segment.size.max = 1048576 (custom)
2019-10-10 21:28:47,389 [pool-267-thread-1] INFO  server.RaftServerConfigKeys (ConfUtils.java:logGet(43)) - raft.server.log.segment.cache.num.max = 2 (custom)
2019-10-10 21:28:47,389 [pool-267-thread-1] INFO  segmented.SegmentedRaftLogWorker (SegmentedRaftLogWorker.java:<init>(173)) - new 1c4f1302-9db1-485d-83b0-a9aeaaa1c8b3@group-72AE90098DA9-SegmentedRaftLogWorker for RaftStorage:Storage Directory /workdir/hadoop-ozone/integration-test/target/test-dir/MiniOzoneClusterImpl-a7482f6d-0604-4b29-bcdd-7bbe80bb2474/datanode-6/data/ratis/e67100c1-38ed-4438-9b6e-72ae90098da9
2019-10-10 21:28:47,389 [pool-267-thread-1] INFO  server.RaftServerConfigKeys (ConfUtils.java:logGet(43)) - raft.server.log.queue.byte-limit = 2147483647 (custom)
2019-10-10 21:28:47,389 [pool-267-thread-1] INFO  server.RaftServerConfigKeys (ConfUtils.java:logGet(43)) - raft.server.log.queue.element-limit = 1024 (custom)
2019-10-10 21:28:47,389 [pool-267-thread-1] INFO  server.RaftServerConfigKeys (ConfUtils.java:logGet(43)) - raft.server.log.segment.size.max = 1048576 (custom)
2019-10-10 21:28:47,389 [pool-267-thread-1] INFO  server.RaftServerConfigKeys (ConfUtils.java:logGet(43)) - raft.server.log.preallocated.size = 16384 (custom)
2019-10-10 21:28:47,389 [pool-267-thread-1] INFO  server.RaftServerConfigKeys (ConfUtils.java:logGet(43)) - raft.server.log.write.buffer.size = 33554432 (custom)
2019-10-10 21:28:47,389 [pool-267-thread-1] INFO  server.RaftServerConfigKeys (ConfUtils.java:logGet(43)) - raft.server.log.force.sync.num = 128 (default)
2019-10-10 21:28:47,389 [pool-267-thread-1] INFO  server.RaftServerConfigKeys (ConfUtils.java:logGet(43)) - raft.server.log.statemachine.data.sync = true (default)
2019-10-10 21:28:47,389 [pool-267-thread-1] INFO  server.RaftServerConfigKeys (ConfUtils.java:logGet(43)) - raft.server.log.statemachine.data.sync.timeout = 10s (default)
2019-10-10 21:28:47,390 [pool-267-thread-1] INFO  server.RaftServerConfigKeys (ConfUtils.java:logGet(43)) - raft.server.log.statemachine.data.sync.timeout.retry = -1 (default)
2019-10-10 21:28:47,390 [pool-267-thread-1] INFO  server.RaftServerConfigKeys (ConfUtils.java:logGet(43)) - raft.server.log.statemachine.data.caching.enabled = true (custom)
2019-10-10 21:28:47,390 [pool-267-thread-1] INFO  segmented.SegmentedRaftLogWorker (SegmentedRaftLogWorker.java:lambda$new$0(128)) - 1c4f1302-9db1-485d-83b0-a9aeaaa1c8b3@group-72AE90098DA9-SegmentedRaftLogWorker: flushIndex: setUnconditionally 0 -> -1
2019-10-10 21:28:47,390 [pool-267-thread-1] INFO  server.RaftServerConfigKeys (ConfUtils.java:logGet(43)) - raft.server.snapshot.auto.trigger.enabled = true (custom)
2019-10-10 21:28:47,390 [pool-267-thread-1] INFO  server.RaftServerConfigKeys (ConfUtils.java:logGet(43)) - raft.server.snapshot.auto.trigger.threshold = 10000 (custom)
2019-10-10 21:28:47,391 [pool-267-thread-1] INFO  server.RaftServerConfigKeys (ConfUtils.java:logGet(43)) - raft.server.snapshot.retention.file.num = 5 (custom)
2019-10-10 21:28:47,391 [pool-267-thread-1] INFO  server.RaftServerConfigKeys (ConfUtils.java:logGet(43)) - raft.server.retrycache.expirytime = 600000ms (custom)
2019-10-10 21:28:47,392 [pool-267-thread-1] INFO  impl.RaftServerImpl (RaftServerImpl.java:start(181)) - 1c4f1302-9db1-485d-83b0-a9aeaaa1c8b3@group-72AE90098DA9: start as a follower, conf=-1: [1c4f1302-9db1-485d-83b0-a9aeaaa1c8b3:192.168.157.203:39244], old=null
2019-10-10 21:28:47,392 [pool-267-thread-1] INFO  impl.RaftServerImpl (RaftServerImpl.java:setRole(170)) - 1c4f1302-9db1-485d-83b0-a9aeaaa1c8b3@group-72AE90098DA9: changes role from      null to FOLLOWER at term 0 for startAsFollower
2019-10-10 21:28:47,392 [pool-267-thread-1] INFO  impl.RoleInfo (RoleInfo.java:updateAndGet(143)) - 1c4f1302-9db1-485d-83b0-a9aeaaa1c8b3: start FollowerState
2019-10-10 21:28:47,392 [pool-267-thread-1] INFO  util.JmxRegister (JmxRegister.java:tryRegister(44)) - Successfully registered JMX Bean with object name Ratis:service=RaftServer,group=group-72AE90098DA9,id=1c4f1302-9db1-485d-83b0-a9aeaaa1c8b3
2019-10-10 21:28:47,398 [RatisPipelineUtilsThread] INFO  pipeline.PipelineStateManager (PipelineStateManager.java:addPipeline(56)) - Created pipeline Pipeline[ Id: e67100c1-38ed-4438-9b6e-72ae90098da9, Nodes: 1c4f1302-9db1-485d-83b0-a9aeaaa1c8b3{ip: 192.168.157.203, host: pr-hdds-1986-lk2hz-517324276, networkLocation: /default-rack, certSerialId: null}, Type:RATIS, Factor:ONE, State:OPEN]
2019-10-10 21:28:47,414 [grpc-default-executor-0] INFO  impl.RaftServerProxy (RaftServerProxy.java:addNew(89)) - 738fedeb-6967-4662-b341-58cc98afdba9: addNew group-770A65D0B40D:[738fedeb-6967-4662-b341-58cc98afdba9:192.168.157.203:46631, 919a5fb4-be8f-4ab0-b4ab-d725ff256d57:192.168.157.203:46769, c47696ef-e34f-4985-b806-bbd4689a3a9d:192.168.157.203:38837] returns group-770A65D0B40D:java.util.concurrent.CompletableFuture@480e6e37[Not completed]
2019-10-10 21:28:47,414 [grpc-default-executor-4] INFO  impl.RaftServerProxy (RaftServerProxy.java:addNew(89)) - c47696ef-e34f-4985-b806-bbd4689a3a9d: addNew group-770A65D0B40D:[738fedeb-6967-4662-b341-58cc98afdba9:192.168.157.203:46631, 919a5fb4-be8f-4ab0-b4ab-d725ff256d57:192.168.157.203:46769, c47696ef-e34f-4985-b806-bbd4689a3a9d:192.168.157.203:38837] returns group-770A65D0B40D:java.util.concurrent.CompletableFuture@138b6589[Not completed]
2019-10-10 21:28:47,417 [grpc-default-executor-2] INFO  impl.RaftServerProxy (RaftServerProxy.java:addNew(89)) - 919a5fb4-be8f-4ab0-b4ab-d725ff256d57: addNew group-770A65D0B40D:[738fedeb-6967-4662-b341-58cc98afdba9:192.168.157.203:46631, 919a5fb4-be8f-4ab0-b4ab-d725ff256d57:192.168.157.203:46769, c47696ef-e34f-4985-b806-bbd4689a3a9d:192.168.157.203:38837] returns group-770A65D0B40D:java.util.concurrent.CompletableFuture@72d7b3f9[Not completed]
2019-10-10 21:28:47,417 [pool-257-thread-1] INFO  impl.RaftServerImpl (RaftServerImpl.java:<init>(95)) - 738fedeb-6967-4662-b341-58cc98afdba9: new RaftServerImpl for group-770A65D0B40D:[738fedeb-6967-4662-b341-58cc98afdba9:192.168.157.203:46631, 919a5fb4-be8f-4ab0-b4ab-d725ff256d57:192.168.157.203:46769, c47696ef-e34f-4985-b806-bbd4689a3a9d:192.168.157.203:38837] with ContainerStateMachine:uninitialized
2019-10-10 21:28:47,417 [pool-257-thread-1] INFO  server.RaftServerConfigKeys (ConfUtils.java:logGet(43)) - raft.server.rpc.timeout.min = 5s (custom)
2019-10-10 21:28:47,417 [pool-257-thread-1] INFO  server.RaftServerConfigKeys (ConfUtils.java:logGet(43)) - raft.server.rpc.timeout.max = 5200ms (custom)
2019-10-10 21:28:47,417 [pool-257-thread-1] INFO  server.RaftServerConfigKeys (ConfUtils.java:logGet(43)) - raft.server.rpcslowness.timeout = 120s (custom)
2019-10-10 21:28:47,417 [pool-257-thread-1] INFO  server.RaftServerConfigKeys (ConfUtils.java:logGet(43)) - raft.server.sleep.deviation.threshold = 300 (default)
2019-10-10 21:28:47,418 [pool-237-thread-1] INFO  impl.RaftServerImpl (RaftServerImpl.java:<init>(95)) - c47696ef-e34f-4985-b806-bbd4689a3a9d: new RaftServerImpl for group-770A65D0B40D:[738fedeb-6967-4662-b341-58cc98afdba9:192.168.157.203:46631, 919a5fb4-be8f-4ab0-b4ab-d725ff256d57:192.168.157.203:46769, c47696ef-e34f-4985-b806-bbd4689a3a9d:192.168.157.203:38837] with ContainerStateMachine:uninitialized
2019-10-10 21:28:47,418 [pool-257-thread-1] INFO  server.RaftServerConfigKeys (ConfUtils.java:logGet(43)) - raft.server.log.appender.install.snapshot.enabled = false (custom)
2019-10-10 21:28:47,418 [pool-237-thread-1] INFO  server.RaftServerConfigKeys (ConfUtils.java:logGet(43)) - raft.server.rpc.timeout.min = 5s (custom)
2019-10-10 21:28:47,418 [pool-257-thread-1] INFO  impl.RaftServerImpl (ServerState.java:<init>(103)) - 738fedeb-6967-4662-b341-58cc98afdba9@group-770A65D0B40D: ConfigurationManager, init=-1: [738fedeb-6967-4662-b341-58cc98afdba9:192.168.157.203:46631, 919a5fb4-be8f-4ab0-b4ab-d725ff256d57:192.168.157.203:46769, c47696ef-e34f-4985-b806-bbd4689a3a9d:192.168.157.203:38837], old=null, confs=<EMPTY_MAP>
2019-10-10 21:28:47,418 [pool-237-thread-1] INFO  server.RaftServerConfigKeys (ConfUtils.java:logGet(43)) - raft.server.rpc.timeout.max = 5200ms (custom)
2019-10-10 21:28:47,418 [pool-257-thread-1] INFO  server.RaftServerConfigKeys (ConfUtils.java:logGet(43)) - raft.server.storage.dir = [/workdir/hadoop-ozone/integration-test/target/test-dir/MiniOzoneClusterImpl-a7482f6d-0604-4b29-bcdd-7bbe80bb2474/datanode-5/data/ratis] (custom)
2019-10-10 21:28:47,418 [pool-237-thread-1] INFO  server.RaftServerConfigKeys (ConfUtils.java:logGet(43)) - raft.server.rpcslowness.timeout = 120s (custom)
2019-10-10 21:28:47,418 [pool-247-thread-1] INFO  impl.RaftServerImpl (RaftServerImpl.java:<init>(95)) - 919a5fb4-be8f-4ab0-b4ab-d725ff256d57: new RaftServerImpl for group-770A65D0B40D:[738fedeb-6967-4662-b341-58cc98afdba9:192.168.157.203:46631, 919a5fb4-be8f-4ab0-b4ab-d725ff256d57:192.168.157.203:46769, c47696ef-e34f-4985-b806-bbd4689a3a9d:192.168.157.203:38837] with ContainerStateMachine:uninitialized
2019-10-10 21:28:47,418 [pool-237-thread-1] INFO  server.RaftServerConfigKeys (ConfUtils.java:logGet(43)) - raft.server.sleep.deviation.threshold = 300 (default)
2019-10-10 21:28:47,418 [pool-257-thread-1] INFO  server.RaftServerConfigKeys (ConfUtils.java:logGet(43)) - raft.server.log.corruption.policy = EXCEPTION (default)
2019-10-10 21:28:47,418 [pool-237-thread-1] INFO  server.RaftServerConfigKeys (ConfUtils.java:logGet(43)) - raft.server.log.appender.install.snapshot.enabled = false (custom)
2019-10-10 21:28:47,418 [pool-247-thread-1] INFO  server.RaftServerConfigKeys (ConfUtils.java:logGet(43)) - raft.server.rpc.timeout.min = 5s (custom)
2019-10-10 21:28:47,419 [pool-237-thread-1] INFO  impl.RaftServerImpl (ServerState.java:<init>(103)) - c47696ef-e34f-4985-b806-bbd4689a3a9d@group-770A65D0B40D: ConfigurationManager, init=-1: [738fedeb-6967-4662-b341-58cc98afdba9:192.168.157.203:46631, 919a5fb4-be8f-4ab0-b4ab-d725ff256d57:192.168.157.203:46769, c47696ef-e34f-4985-b806-bbd4689a3a9d:192.168.157.203:38837], old=null, confs=<EMPTY_MAP>
2019-10-10 21:28:47,419 [pool-257-thread-1] INFO  storage.RaftStorageDirectory (RaftStorageDirectory.java:analyzeStorage(246)) - The storage directory /workdir/hadoop-ozone/integration-test/target/test-dir/MiniOzoneClusterImpl-a7482f6d-0604-4b29-bcdd-7bbe80bb2474/datanode-5/data/ratis/4a41a15f-a228-468a-ade9-770a65d0b40d does not exist. Creating ...
2019-10-10 21:28:47,419 [pool-237-thread-1] INFO  server.RaftServerConfigKeys (ConfUtils.java:logGet(43)) - raft.server.storage.dir = [/workdir/hadoop-ozone/integration-test/target/test-dir/MiniOzoneClusterImpl-a7482f6d-0604-4b29-bcdd-7bbe80bb2474/datanode-3/data/ratis] (custom)
2019-10-10 21:28:47,419 [pool-247-thread-1] INFO  server.RaftServerConfigKeys (ConfUtils.java:logGet(43)) - raft.server.rpc.timeout.max = 5200ms (custom)
2019-10-10 21:28:47,419 [pool-237-thread-1] INFO  server.RaftServerConfigKeys (ConfUtils.java:logGet(43)) - raft.server.log.corruption.policy = EXCEPTION (default)
2019-10-10 21:28:47,419 [pool-247-thread-1] INFO  server.RaftServerConfigKeys (ConfUtils.java:logGet(43)) - raft.server.rpcslowness.timeout = 120s (custom)
2019-10-10 21:28:47,420 [pool-237-thread-1] INFO  storage.RaftStorageDirectory (RaftStorageDirectory.java:analyzeStorage(246)) - The storage directory /workdir/hadoop-ozone/integration-test/target/test-dir/MiniOzoneClusterImpl-a7482f6d-0604-4b29-bcdd-7bbe80bb2474/datanode-3/data/ratis/4a41a15f-a228-468a-ade9-770a65d0b40d does not exist. Creating ...
2019-10-10 21:28:47,420 [pool-247-thread-1] INFO  server.RaftServerConfigKeys (ConfUtils.java:logGet(43)) - raft.server.sleep.deviation.threshold = 300 (default)
2019-10-10 21:28:47,420 [pool-247-thread-1] INFO  server.RaftServerConfigKeys (ConfUtils.java:logGet(43)) - raft.server.log.appender.install.snapshot.enabled = false (custom)
2019-10-10 21:28:47,420 [pool-247-thread-1] INFO  impl.RaftServerImpl (ServerState.java:<init>(103)) - 919a5fb4-be8f-4ab0-b4ab-d725ff256d57@group-770A65D0B40D: ConfigurationManager, init=-1: [738fedeb-6967-4662-b341-58cc98afdba9:192.168.157.203:46631, 919a5fb4-be8f-4ab0-b4ab-d725ff256d57:192.168.157.203:46769, c47696ef-e34f-4985-b806-bbd4689a3a9d:192.168.157.203:38837], old=null, confs=<EMPTY_MAP>
2019-10-10 21:28:47,420 [pool-247-thread-1] INFO  server.RaftServerConfigKeys (ConfUtils.java:logGet(43)) - raft.server.storage.dir = [/workdir/hadoop-ozone/integration-test/target/test-dir/MiniOzoneClusterImpl-a7482f6d-0604-4b29-bcdd-7bbe80bb2474/datanode-4/data/ratis] (custom)
2019-10-10 21:28:47,420 [pool-247-thread-1] INFO  server.RaftServerConfigKeys (ConfUtils.java:logGet(43)) - raft.server.log.corruption.policy = EXCEPTION (default)
2019-10-10 21:28:47,421 [pool-247-thread-1] INFO  storage.RaftStorageDirectory (RaftStorageDirectory.java:analyzeStorage(246)) - The storage directory /workdir/hadoop-ozone/integration-test/target/test-dir/MiniOzoneClusterImpl-a7482f6d-0604-4b29-bcdd-7bbe80bb2474/datanode-4/data/ratis/4a41a15f-a228-468a-ade9-770a65d0b40d does not exist. Creating ...
2019-10-10 21:28:47,432 [pool-257-thread-1] INFO  storage.RaftStorageDirectory (RaftStorageDirectory.java:tryLock(328)) - Lock on /workdir/hadoop-ozone/integration-test/target/test-dir/MiniOzoneClusterImpl-a7482f6d-0604-4b29-bcdd-7bbe80bb2474/datanode-5/data/ratis/4a41a15f-a228-468a-ade9-770a65d0b40d/in_use.lock acquired by nodename 3080@pr-hdds-1986-lk2hz-517324276
2019-10-10 21:28:47,432 [pool-237-thread-1] INFO  storage.RaftStorageDirectory (RaftStorageDirectory.java:tryLock(328)) - Lock on /workdir/hadoop-ozone/integration-test/target/test-dir/MiniOzoneClusterImpl-a7482f6d-0604-4b29-bcdd-7bbe80bb2474/datanode-3/data/ratis/4a41a15f-a228-468a-ade9-770a65d0b40d/in_use.lock acquired by nodename 3080@pr-hdds-1986-lk2hz-517324276
2019-10-10 21:28:47,432 [pool-247-thread-1] INFO  storage.RaftStorageDirectory (RaftStorageDirectory.java:tryLock(328)) - Lock on /workdir/hadoop-ozone/integration-test/target/test-dir/MiniOzoneClusterImpl-a7482f6d-0604-4b29-bcdd-7bbe80bb2474/datanode-4/data/ratis/4a41a15f-a228-468a-ade9-770a65d0b40d/in_use.lock acquired by nodename 3080@pr-hdds-1986-lk2hz-517324276
2019-10-10 21:28:47,446 [pool-247-thread-1] INFO  storage.RaftStorage (RaftStorage.java:format(84)) - Storage directory /workdir/hadoop-ozone/integration-test/target/test-dir/MiniOzoneClusterImpl-a7482f6d-0604-4b29-bcdd-7bbe80bb2474/datanode-4/data/ratis/4a41a15f-a228-468a-ade9-770a65d0b40d has been successfully formatted.
2019-10-10 21:28:47,446 [pool-237-thread-1] INFO  storage.RaftStorage (RaftStorage.java:format(84)) - Storage directory /workdir/hadoop-ozone/integration-test/target/test-dir/MiniOzoneClusterImpl-a7482f6d-0604-4b29-bcdd-7bbe80bb2474/datanode-3/data/ratis/4a41a15f-a228-468a-ade9-770a65d0b40d has been successfully formatted.
2019-10-10 21:28:47,446 [pool-257-thread-1] INFO  storage.RaftStorage (RaftStorage.java:format(84)) - Storage directory /workdir/hadoop-ozone/integration-test/target/test-dir/MiniOzoneClusterImpl-a7482f6d-0604-4b29-bcdd-7bbe80bb2474/datanode-5/data/ratis/4a41a15f-a228-468a-ade9-770a65d0b40d has been successfully formatted.
2019-10-10 21:28:47,446 [pool-247-thread-1] INFO  ratis.ContainerStateMachine (ContainerStateMachine.java:loadSnapshot(231)) - group-770A65D0B40D: The snapshot info is null. Setting the last applied indexto:(t:0, i:~)
2019-10-10 21:28:47,446 [pool-257-thread-1] INFO  ratis.ContainerStateMachine (ContainerStateMachine.java:loadSnapshot(231)) - group-770A65D0B40D: The snapshot info is null. Setting the last applied indexto:(t:0, i:~)
2019-10-10 21:28:47,446 [pool-237-thread-1] INFO  ratis.ContainerStateMachine (ContainerStateMachine.java:loadSnapshot(231)) - group-770A65D0B40D: The snapshot info is null. Setting the last applied indexto:(t:0, i:~)
2019-10-10 21:28:47,447 [pool-257-thread-1] INFO  server.RaftServerConfigKeys (ConfUtils.java:logGet(43)) - raft.server.notification.no-leader.timeout = 120s (custom)
2019-10-10 21:28:47,446 [pool-247-thread-1] INFO  server.RaftServerConfigKeys (ConfUtils.java:logGet(43)) - raft.server.notification.no-leader.timeout = 120s (custom)
2019-10-10 21:28:47,447 [pool-257-thread-1] INFO  server.RaftServerConfigKeys (ConfUtils.java:logGet(43)) - raft.server.log.use.memory = false (default)
2019-10-10 21:28:47,447 [pool-237-thread-1] INFO  server.RaftServerConfigKeys (ConfUtils.java:logGet(43)) - raft.server.notification.no-leader.timeout = 120s (custom)
2019-10-10 21:28:47,447 [pool-257-thread-1] INFO  server.RaftServerConfigKeys (ConfUtils.java:logGet(43)) - raft.server.log.purge.gap = 1000000 (custom)
2019-10-10 21:28:47,447 [pool-247-thread-1] INFO  server.RaftServerConfigKeys (ConfUtils.java:logGet(43)) - raft.server.log.use.memory = false (default)
2019-10-10 21:28:47,447 [pool-257-thread-1] INFO  server.RaftServerConfigKeys (ConfUtils.java:logGet(43)) - raft.server.log.appender.buffer.byte-limit = 33554432 (custom)
2019-10-10 21:28:47,447 [pool-237-thread-1] INFO  server.RaftServerConfigKeys (ConfUtils.java:logGet(43)) - raft.server.log.use.memory = false (default)
2019-10-10 21:28:47,448 [pool-257-thread-1] INFO  server.RaftServerConfigKeys (ConfUtils.java:logGet(43)) - raft.server.log.segment.size.max = 1048576 (custom)
2019-10-10 21:28:47,447 [pool-247-thread-1] INFO  server.RaftServerConfigKeys (ConfUtils.java:logGet(43)) - raft.server.log.purge.gap = 1000000 (custom)
2019-10-10 21:28:47,448 [pool-257-thread-1] INFO  server.RaftServerConfigKeys (ConfUtils.java:logGet(43)) - raft.server.log.segment.cache.num.max = 2 (custom)
2019-10-10 21:28:47,448 [pool-237-thread-1] INFO  server.RaftServerConfigKeys (ConfUtils.java:logGet(43)) - raft.server.log.purge.gap = 1000000 (custom)
2019-10-10 21:28:47,448 [pool-257-thread-1] INFO  segmented.SegmentedRaftLogWorker (SegmentedRaftLogWorker.java:<init>(173)) - new 738fedeb-6967-4662-b341-58cc98afdba9@group-770A65D0B40D-SegmentedRaftLogWorker for RaftStorage:Storage Directory /workdir/hadoop-ozone/integration-test/target/test-dir/MiniOzoneClusterImpl-a7482f6d-0604-4b29-bcdd-7bbe80bb2474/datanode-5/data/ratis/4a41a15f-a228-468a-ade9-770a65d0b40d
2019-10-10 21:28:47,448 [pool-247-thread-1] INFO  server.RaftServerConfigKeys (ConfUtils.java:logGet(43)) - raft.server.log.appender.buffer.byte-limit = 33554432 (custom)
2019-10-10 21:28:47,448 [pool-257-thread-1] INFO  server.RaftServerConfigKeys (ConfUtils.java:logGet(43)) - raft.server.log.queue.byte-limit = 2147483647 (custom)
2019-10-10 21:28:47,449 [pool-257-thread-1] INFO  server.RaftServerConfigKeys (ConfUtils.java:logGet(43)) - raft.server.log.queue.element-limit = 1024 (custom)
2019-10-10 21:28:47,448 [pool-237-thread-1] INFO  server.RaftServerConfigKeys (ConfUtils.java:logGet(43)) - raft.server.log.appender.buffer.byte-limit = 33554432 (custom)
2019-10-10 21:28:47,449 [pool-257-thread-1] INFO  server.RaftServerConfigKeys (ConfUtils.java:logGet(43)) - raft.server.log.segment.size.max = 1048576 (custom)
2019-10-10 21:28:47,448 [pool-247-thread-1] INFO  server.RaftServerConfigKeys (ConfUtils.java:logGet(43)) - raft.server.log.segment.size.max = 1048576 (custom)
2019-10-10 21:28:47,449 [pool-257-thread-1] INFO  server.RaftServerConfigKeys (ConfUtils.java:logGet(43)) - raft.server.log.preallocated.size = 16384 (custom)
2019-10-10 21:28:47,449 [pool-257-thread-1] INFO  server.RaftServerConfigKeys (ConfUtils.java:logGet(43)) - raft.server.log.write.buffer.size = 33554432 (custom)
2019-10-10 21:28:47,449 [pool-237-thread-1] INFO  server.RaftServerConfigKeys (ConfUtils.java:logGet(43)) - raft.server.log.segment.size.max = 1048576 (custom)
2019-10-10 21:28:47,449 [pool-257-thread-1] INFO  server.RaftServerConfigKeys (ConfUtils.java:logGet(43)) - raft.server.log.force.sync.num = 128 (default)
2019-10-10 21:28:47,450 [pool-257-thread-1] INFO  server.RaftServerConfigKeys (ConfUtils.java:logGet(43)) - raft.server.log.statemachine.data.sync = true (default)
2019-10-10 21:28:47,449 [pool-247-thread-1] INFO  server.RaftServerConfigKeys (ConfUtils.java:logGet(43)) - raft.server.log.segment.cache.num.max = 2 (custom)
2019-10-10 21:28:47,450 [pool-257-thread-1] INFO  server.RaftServerConfigKeys (ConfUtils.java:logGet(43)) - raft.server.log.statemachine.data.sync.timeout = 10s (default)
2019-10-10 21:28:47,449 [pool-237-thread-1] INFO  server.RaftServerConfigKeys (ConfUtils.java:logGet(43)) - raft.server.log.segment.cache.num.max = 2 (custom)
2019-10-10 21:28:47,450 [pool-257-thread-1] INFO  server.RaftServerConfigKeys (ConfUtils.java:logGet(43)) - raft.server.log.statemachine.data.sync.timeout.retry = -1 (default)
2019-10-10 21:28:47,450 [pool-247-thread-1] INFO  segmented.SegmentedRaftLogWorker (SegmentedRaftLogWorker.java:<init>(173)) - new 919a5fb4-be8f-4ab0-b4ab-d725ff256d57@group-770A65D0B40D-SegmentedRaftLogWorker for RaftStorage:Storage Directory /workdir/hadoop-ozone/integration-test/target/test-dir/MiniOzoneClusterImpl-a7482f6d-0604-4b29-bcdd-7bbe80bb2474/datanode-4/data/ratis/4a41a15f-a228-468a-ade9-770a65d0b40d
2019-10-10 21:28:47,450 [pool-257-thread-1] INFO  server.RaftServerConfigKeys (ConfUtils.java:logGet(43)) - raft.server.log.statemachine.data.caching.enabled = true (custom)
2019-10-10 21:28:47,450 [pool-237-thread-1] INFO  segmented.SegmentedRaftLogWorker (SegmentedRaftLogWorker.java:<init>(173)) - new c47696ef-e34f-4985-b806-bbd4689a3a9d@group-770A65D0B40D-SegmentedRaftLogWorker for RaftStorage:Storage Directory /workdir/hadoop-ozone/integration-test/target/test-dir/MiniOzoneClusterImpl-a7482f6d-0604-4b29-bcdd-7bbe80bb2474/datanode-3/data/ratis/4a41a15f-a228-468a-ade9-770a65d0b40d
2019-10-10 21:28:47,450 [pool-247-thread-1] INFO  server.RaftServerConfigKeys (ConfUtils.java:logGet(43)) - raft.server.log.queue.byte-limit = 2147483647 (custom)
2019-10-10 21:28:47,451 [pool-237-thread-1] INFO  server.RaftServerConfigKeys (ConfUtils.java:logGet(43)) - raft.server.log.queue.byte-limit = 2147483647 (custom)
2019-10-10 21:28:47,451 [pool-257-thread-1] INFO  segmented.SegmentedRaftLogWorker (SegmentedRaftLogWorker.java:lambda$new$0(128)) - 738fedeb-6967-4662-b341-58cc98afdba9@group-770A65D0B40D-SegmentedRaftLogWorker: flushIndex: setUnconditionally 0 -> -1
2019-10-10 21:28:47,451 [pool-237-thread-1] INFO  server.RaftServerConfigKeys (ConfUtils.java:logGet(43)) - raft.server.log.queue.element-limit = 1024 (custom)
2019-10-10 21:28:47,451 [pool-257-thread-1] INFO  server.RaftServerConfigKeys (ConfUtils.java:logGet(43)) - raft.server.snapshot.auto.trigger.enabled = true (custom)
2019-10-10 21:28:47,451 [pool-247-thread-1] INFO  server.RaftServerConfigKeys (ConfUtils.java:logGet(43)) - raft.server.log.queue.element-limit = 1024 (custom)
2019-10-10 21:28:47,451 [pool-257-thread-1] INFO  server.RaftServerConfigKeys (ConfUtils.java:logGet(43)) - raft.server.snapshot.auto.trigger.threshold = 10000 (custom)
2019-10-10 21:28:47,451 [pool-237-thread-1] INFO  server.RaftServerConfigKeys (ConfUtils.java:logGet(43)) - raft.server.log.segment.size.max = 1048576 (custom)
2019-10-10 21:28:47,452 [pool-257-thread-1] INFO  server.RaftServerConfigKeys (ConfUtils.java:logGet(43)) - raft.server.snapshot.retention.file.num = 5 (custom)
2019-10-10 21:28:47,452 [pool-247-thread-1] INFO  server.RaftServerConfigKeys (ConfUtils.java:logGet(43)) - raft.server.log.segment.size.max = 1048576 (custom)
2019-10-10 21:28:47,452 [pool-257-thread-1] INFO  server.RaftServerConfigKeys (ConfUtils.java:logGet(43)) - raft.server.retrycache.expirytime = 600000ms (custom)
2019-10-10 21:28:47,452 [pool-237-thread-1] INFO  server.RaftServerConfigKeys (ConfUtils.java:logGet(43)) - raft.server.log.preallocated.size = 16384 (custom)
2019-10-10 21:28:47,452 [pool-247-thread-1] INFO  server.RaftServerConfigKeys (ConfUtils.java:logGet(43)) - raft.server.log.preallocated.size = 16384 (custom)
2019-10-10 21:28:47,452 [pool-237-thread-1] INFO  server.RaftServerConfigKeys (ConfUtils.java:logGet(43)) - raft.server.log.write.buffer.size = 33554432 (custom)
2019-10-10 21:28:47,452 [pool-247-thread-1] INFO  server.RaftServerConfigKeys (ConfUtils.java:logGet(43)) - raft.server.log.write.buffer.size = 33554432 (custom)
2019-10-10 21:28:47,453 [pool-237-thread-1] INFO  server.RaftServerConfigKeys (ConfUtils.java:logGet(43)) - raft.server.log.force.sync.num = 128 (default)
2019-10-10 21:28:47,453 [pool-247-thread-1] INFO  server.RaftServerConfigKeys (ConfUtils.java:logGet(43)) - raft.server.log.force.sync.num = 128 (default)
2019-10-10 21:28:47,453 [pool-237-thread-1] INFO  server.RaftServerConfigKeys (ConfUtils.java:logGet(43)) - raft.server.log.statemachine.data.sync = true (default)
2019-10-10 21:28:47,453 [pool-247-thread-1] INFO  server.RaftServerConfigKeys (ConfUtils.java:logGet(43)) - raft.server.log.statemachine.data.sync = true (default)
2019-10-10 21:28:47,453 [pool-237-thread-1] INFO  server.RaftServerConfigKeys (ConfUtils.java:logGet(43)) - raft.server.log.statemachine.data.sync.timeout = 10s (default)
2019-10-10 21:28:47,453 [pool-257-thread-1] INFO  impl.RaftServerImpl (RaftServerImpl.java:start(181)) - 738fedeb-6967-4662-b341-58cc98afdba9@group-770A65D0B40D: start as a follower, conf=-1: [738fedeb-6967-4662-b341-58cc98afdba9:192.168.157.203:46631, 919a5fb4-be8f-4ab0-b4ab-d725ff256d57:192.168.157.203:46769, c47696ef-e34f-4985-b806-bbd4689a3a9d:192.168.157.203:38837], old=null
2019-10-10 21:28:47,453 [pool-247-thread-1] INFO  server.RaftServerConfigKeys (ConfUtils.java:logGet(43)) - raft.server.log.statemachine.data.sync.timeout = 10s (default)
2019-10-10 21:28:47,454 [pool-257-thread-1] INFO  impl.RaftServerImpl (RaftServerImpl.java:setRole(170)) - 738fedeb-6967-4662-b341-58cc98afdba9@group-770A65D0B40D: changes role from      null to FOLLOWER at term 0 for startAsFollower
2019-10-10 21:28:47,453 [pool-237-thread-1] INFO  server.RaftServerConfigKeys (ConfUtils.java:logGet(43)) - raft.server.log.statemachine.data.sync.timeout.retry = -1 (default)
2019-10-10 21:28:47,454 [pool-257-thread-1] INFO  impl.RoleInfo (RoleInfo.java:updateAndGet(143)) - 738fedeb-6967-4662-b341-58cc98afdba9: start FollowerState
2019-10-10 21:28:47,454 [pool-247-thread-1] INFO  server.RaftServerConfigKeys (ConfUtils.java:logGet(43)) - raft.server.log.statemachine.data.sync.timeout.retry = -1 (default)
2019-10-10 21:28:47,454 [pool-237-thread-1] INFO  server.RaftServerConfigKeys (ConfUtils.java:logGet(43)) - raft.server.log.statemachine.data.caching.enabled = true (custom)
2019-10-10 21:28:47,454 [pool-247-thread-1] INFO  server.RaftServerConfigKeys (ConfUtils.java:logGet(43)) - raft.server.log.statemachine.data.caching.enabled = true (custom)
2019-10-10 21:28:47,454 [pool-257-thread-1] INFO  util.JmxRegister (JmxRegister.java:tryRegister(44)) - Successfully registered JMX Bean with object name Ratis:service=RaftServer,group=group-770A65D0B40D,id=738fedeb-6967-4662-b341-58cc98afdba9
2019-10-10 21:28:47,455 [pool-237-thread-1] INFO  segmented.SegmentedRaftLogWorker (SegmentedRaftLogWorker.java:lambda$new$0(128)) - c47696ef-e34f-4985-b806-bbd4689a3a9d@group-770A65D0B40D-SegmentedRaftLogWorker: flushIndex: setUnconditionally 0 -> -1
2019-10-10 21:28:47,455 [pool-247-thread-1] INFO  segmented.SegmentedRaftLogWorker (SegmentedRaftLogWorker.java:lambda$new$0(128)) - 919a5fb4-be8f-4ab0-b4ab-d725ff256d57@group-770A65D0B40D-SegmentedRaftLogWorker: flushIndex: setUnconditionally 0 -> -1
2019-10-10 21:28:47,455 [pool-237-thread-1] INFO  server.RaftServerConfigKeys (ConfUtils.java:logGet(43)) - raft.server.snapshot.auto.trigger.enabled = true (custom)
2019-10-10 21:28:47,455 [pool-247-thread-1] INFO  server.RaftServerConfigKeys (ConfUtils.java:logGet(43)) - raft.server.snapshot.auto.trigger.enabled = true (custom)
2019-10-10 21:28:47,455 [pool-237-thread-1] INFO  server.RaftServerConfigKeys (ConfUtils.java:logGet(43)) - raft.server.snapshot.auto.trigger.threshold = 10000 (custom)
2019-10-10 21:28:47,455 [pool-247-thread-1] INFO  server.RaftServerConfigKeys (ConfUtils.java:logGet(43)) - raft.server.snapshot.auto.trigger.threshold = 10000 (custom)
2019-10-10 21:28:47,456 [pool-247-thread-1] INFO  server.RaftServerConfigKeys (ConfUtils.java:logGet(43)) - raft.server.snapshot.retention.file.num = 5 (custom)
2019-10-10 21:28:47,455 [pool-237-thread-1] INFO  server.RaftServerConfigKeys (ConfUtils.java:logGet(43)) - raft.server.snapshot.retention.file.num = 5 (custom)
2019-10-10 21:28:47,456 [pool-247-thread-1] INFO  server.RaftServerConfigKeys (ConfUtils.java:logGet(43)) - raft.server.retrycache.expirytime = 600000ms (custom)
2019-10-10 21:28:47,456 [pool-237-thread-1] INFO  server.RaftServerConfigKeys (ConfUtils.java:logGet(43)) - raft.server.retrycache.expirytime = 600000ms (custom)
2019-10-10 21:28:47,461 [pool-247-thread-1] INFO  impl.RaftServerImpl (RaftServerImpl.java:start(181)) - 919a5fb4-be8f-4ab0-b4ab-d725ff256d57@group-770A65D0B40D: start as a follower, conf=-1: [738fedeb-6967-4662-b341-58cc98afdba9:192.168.157.203:46631, 919a5fb4-be8f-4ab0-b4ab-d725ff256d57:192.168.157.203:46769, c47696ef-e34f-4985-b806-bbd4689a3a9d:192.168.157.203:38837], old=null
2019-10-10 21:28:47,461 [pool-247-thread-1] INFO  impl.RaftServerImpl (RaftServerImpl.java:setRole(170)) - 919a5fb4-be8f-4ab0-b4ab-d725ff256d57@group-770A65D0B40D: changes role from      null to FOLLOWER at term 0 for startAsFollower
2019-10-10 21:28:47,461 [pool-237-thread-1] INFO  impl.RaftServerImpl (RaftServerImpl.java:start(181)) - c47696ef-e34f-4985-b806-bbd4689a3a9d@group-770A65D0B40D: start as a follower, conf=-1: [738fedeb-6967-4662-b341-58cc98afdba9:192.168.157.203:46631, 919a5fb4-be8f-4ab0-b4ab-d725ff256d57:192.168.157.203:46769, c47696ef-e34f-4985-b806-bbd4689a3a9d:192.168.157.203:38837], old=null
2019-10-10 21:28:47,461 [pool-247-thread-1] INFO  impl.RoleInfo (RoleInfo.java:updateAndGet(143)) - 919a5fb4-be8f-4ab0-b4ab-d725ff256d57: start FollowerState
2019-10-10 21:28:47,461 [pool-237-thread-1] INFO  impl.RaftServerImpl (RaftServerImpl.java:setRole(170)) - c47696ef-e34f-4985-b806-bbd4689a3a9d@group-770A65D0B40D: changes role from      null to FOLLOWER at term 0 for startAsFollower
2019-10-10 21:28:47,462 [pool-237-thread-1] INFO  impl.RoleInfo (RoleInfo.java:updateAndGet(143)) - c47696ef-e34f-4985-b806-bbd4689a3a9d: start FollowerState
2019-10-10 21:28:47,462 [pool-247-thread-1] INFO  util.JmxRegister (JmxRegister.java:tryRegister(44)) - Successfully registered JMX Bean with object name Ratis:service=RaftServer,group=group-770A65D0B40D,id=919a5fb4-be8f-4ab0-b4ab-d725ff256d57
2019-10-10 21:28:47,462 [pool-237-thread-1] INFO  util.JmxRegister (JmxRegister.java:tryRegister(44)) - Successfully registered JMX Bean with object name Ratis:service=RaftServer,group=group-770A65D0B40D,id=c47696ef-e34f-4985-b806-bbd4689a3a9d
2019-10-10 21:28:47,471 [RatisPipelineUtilsThread] INFO  pipeline.PipelineStateManager (PipelineStateManager.java:addPipeline(56)) - Created pipeline Pipeline[ Id: 4a41a15f-a228-468a-ade9-770a65d0b40d, Nodes: c47696ef-e34f-4985-b806-bbd4689a3a9d{ip: 192.168.157.203, host: pr-hdds-1986-lk2hz-517324276, networkLocation: /default-rack, certSerialId: null}738fedeb-6967-4662-b341-58cc98afdba9{ip: 192.168.157.203, host: pr-hdds-1986-lk2hz-517324276, networkLocation: /default-rack, certSerialId: null}919a5fb4-be8f-4ab0-b4ab-d725ff256d57{ip: 192.168.157.203, host: pr-hdds-1986-lk2hz-517324276, networkLocation: /default-rack, certSerialId: null}, Type:RATIS, Factor:THREE, State:OPEN]
2019-10-10 21:28:48,321 [main] INFO  ozone.MiniOzoneClusterImpl (MiniOzoneClusterImpl.java:lambda$waitForClusterToBeReady$0(147)) - Cluster is ready. Got 7 of 7 DN Heartbeats.
2019-10-10 21:28:48,360 [main] INFO  rpc.RpcClient (RpcClient.java:createVolume(272)) - Creating Volume: watchforcommithandlingtest, with jenkins1000 as owner.
2019-10-10 21:28:48,364 [IPC Server handler 2 on 44029] INFO  volume.OMVolumeCreateRequest (OMVolumeCreateRequest.java:validateAndUpdateCache(193)) - created volume:watchforcommithandlingtest for user:jenkins1000
2019-10-10 21:28:48,384 [main] INFO  rpc.RpcClient (RpcClient.java:createBucket(411)) - Creating Bucket: watchforcommithandlingtest/watchforcommithandlingtest, with Versioning false and Storage Type set to DISK and Encryption set to false 
2019-10-10 21:28:48,390 [main] INFO  ozone.MiniOzoneClusterImpl (MiniOzoneClusterImpl.java:getStorageContainerLocationClient(234)) - Creating StorageContainerLocationProtocol RPC client with address /0.0.0.0:45522
2019-10-10 21:28:49,915 [Thread-1407] INFO  container.ReplicationManager (ReplicationManager.java:start(162)) - Starting Replication Monitor Thread.
2019-10-10 21:28:49,919 [ReplicationMonitor] INFO  container.ReplicationManager (ReplicationManager.java:run(225)) - Replication Monitor Thread took 0 milliseconds for processing 1 containers.
2019-10-10 21:28:52,141 [Thread-1409] INFO  impl.FollowerState (FollowerState.java:run(108)) - b53b5c8e-5e67-456c-afc2-42f0810f9e11@group-87B60856736B-FollowerState: change to CANDIDATE, lastRpcTime:5172ms, electionTimeout:5172ms
2019-10-10 21:28:52,141 [Thread-1409] INFO  impl.RoleInfo (RoleInfo.java:shutdownFollowerState(121)) - b53b5c8e-5e67-456c-afc2-42f0810f9e11: shutdown FollowerState
2019-10-10 21:28:52,141 [Thread-1409] INFO  impl.RaftServerImpl (RaftServerImpl.java:setRole(170)) - b53b5c8e-5e67-456c-afc2-42f0810f9e11@group-87B60856736B: changes role from  FOLLOWER to CANDIDATE at term 0 for changeToCandidate
2019-10-10 21:28:52,142 [Thread-1409] INFO  impl.RoleInfo (RoleInfo.java:updateAndGet(143)) - b53b5c8e-5e67-456c-afc2-42f0810f9e11: start LeaderElection
2019-10-10 21:28:52,169 [b53b5c8e-5e67-456c-afc2-42f0810f9e11@group-87B60856736B-LeaderElection51] INFO  impl.LeaderElection (LeaderElection.java:askForVotes(178)) - b53b5c8e-5e67-456c-afc2-42f0810f9e11@group-87B60856736B-LeaderElection51: begin an election at term 1 for -1: [b53b5c8e-5e67-456c-afc2-42f0810f9e11:192.168.157.203:33905], old=null
2019-10-10 21:28:52,169 [b53b5c8e-5e67-456c-afc2-42f0810f9e11@group-87B60856736B-LeaderElection51] INFO  impl.RoleInfo (RoleInfo.java:shutdownLeaderElection(134)) - b53b5c8e-5e67-456c-afc2-42f0810f9e11: shutdown LeaderElection
2019-10-10 21:28:52,169 [b53b5c8e-5e67-456c-afc2-42f0810f9e11@group-87B60856736B-LeaderElection51] INFO  impl.RaftServerImpl (RaftServerImpl.java:setRole(170)) - b53b5c8e-5e67-456c-afc2-42f0810f9e11@group-87B60856736B: changes role from CANDIDATE to LEADER at term 1 for changeToLeader
2019-10-10 21:28:52,170 [b53b5c8e-5e67-456c-afc2-42f0810f9e11@group-87B60856736B-LeaderElection51] INFO  impl.RaftServerImpl (ServerState.java:setLeader(255)) - b53b5c8e-5e67-456c-afc2-42f0810f9e11@group-87B60856736B: change Leader from null to b53b5c8e-5e67-456c-afc2-42f0810f9e11 at term 1 for becomeLeader, leader elected after 5211ms
2019-10-10 21:28:52,170 [b53b5c8e-5e67-456c-afc2-42f0810f9e11@group-87B60856736B-LeaderElection51] INFO  server.RaftServerConfigKeys (ConfUtils.java:logGet(43)) - raft.server.staging.catchup.gap = 1000 (default)
2019-10-10 21:28:52,170 [b53b5c8e-5e67-456c-afc2-42f0810f9e11@group-87B60856736B-LeaderElection51] INFO  server.RaftServerConfigKeys (ConfUtils.java:logGet(43)) - raft.server.rpc.sleep.time = 25ms (default)
2019-10-10 21:28:52,170 [b53b5c8e-5e67-456c-afc2-42f0810f9e11@group-87B60856736B-LeaderElection51] INFO  server.RaftServerConfigKeys (ConfUtils.java:logGet(43)) - raft.server.write.element-limit = 4096 (default)
2019-10-10 21:28:52,170 [b53b5c8e-5e67-456c-afc2-42f0810f9e11@group-87B60856736B-LeaderElection51] INFO  server.RaftServerConfigKeys (ConfUtils.java:logGet(43)) - raft.server.watch.timeout = 10s (default)
2019-10-10 21:28:52,170 [b53b5c8e-5e67-456c-afc2-42f0810f9e11@group-87B60856736B-LeaderElection51] INFO  server.RaftServerConfigKeys (ConfUtils.java:logGet(43)) - raft.server.watch.timeout.denomination = 1s (default)
2019-10-10 21:28:52,170 [b53b5c8e-5e67-456c-afc2-42f0810f9e11@group-87B60856736B-LeaderElection51] INFO  server.RaftServerConfigKeys (ConfUtils.java:logGet(43)) - raft.server.watch.element-limit = 65536 (default)
2019-10-10 21:28:52,171 [Thread-1415] INFO  impl.FollowerState (FollowerState.java:run(108)) - dfe184d8-5e71-4515-9f68-a36fd788b5f0@group-64462BE3DE81-FollowerState: change to CANDIDATE, lastRpcTime:5070ms, electionTimeout:5070ms
2019-10-10 21:28:52,172 [Thread-1415] INFO  impl.RoleInfo (RoleInfo.java:shutdownFollowerState(121)) - dfe184d8-5e71-4515-9f68-a36fd788b5f0: shutdown FollowerState
2019-10-10 21:28:52,172 [Thread-1415] INFO  impl.RaftServerImpl (RaftServerImpl.java:setRole(170)) - dfe184d8-5e71-4515-9f68-a36fd788b5f0@group-64462BE3DE81: changes role from  FOLLOWER to CANDIDATE at term 0 for changeToCandidate
2019-10-10 21:28:52,172 [b53b5c8e-5e67-456c-afc2-42f0810f9e11@group-87B60856736B-LeaderElection51] INFO  impl.RoleInfo (RoleInfo.java:updateAndGet(143)) - b53b5c8e-5e67-456c-afc2-42f0810f9e11: start LeaderState
2019-10-10 21:28:52,173 [Thread-1415] INFO  impl.RoleInfo (RoleInfo.java:updateAndGet(143)) - dfe184d8-5e71-4515-9f68-a36fd788b5f0: start LeaderElection
2019-10-10 21:28:52,174 [b53b5c8e-5e67-456c-afc2-42f0810f9e11@group-87B60856736B-LeaderElection51] INFO  segmented.SegmentedRaftLogWorker (SegmentedRaftLogWorker.java:startLogSegment(385)) - b53b5c8e-5e67-456c-afc2-42f0810f9e11@group-87B60856736B-SegmentedRaftLogWorker: Starting segment from index:0
2019-10-10 21:28:52,180 [b53b5c8e-5e67-456c-afc2-42f0810f9e11@group-87B60856736B-LeaderElection51] INFO  impl.RaftServerImpl (ServerState.java:setRaftConf(356)) - b53b5c8e-5e67-456c-afc2-42f0810f9e11@group-87B60856736B: set configuration 0: [b53b5c8e-5e67-456c-afc2-42f0810f9e11:192.168.157.203:33905], old=null at 0
2019-10-10 21:28:52,193 [dfe184d8-5e71-4515-9f68-a36fd788b5f0@group-64462BE3DE81-LeaderElection52] INFO  impl.LeaderElection (LeaderElection.java:askForVotes(178)) - dfe184d8-5e71-4515-9f68-a36fd788b5f0@group-64462BE3DE81-LeaderElection52: begin an election at term 1 for -1: [dfe184d8-5e71-4515-9f68-a36fd788b5f0:192.168.157.203:42154], old=null
2019-10-10 21:28:52,193 [dfe184d8-5e71-4515-9f68-a36fd788b5f0@group-64462BE3DE81-LeaderElection52] INFO  impl.RoleInfo (RoleInfo.java:shutdownLeaderElection(134)) - dfe184d8-5e71-4515-9f68-a36fd788b5f0: shutdown LeaderElection
2019-10-10 21:28:52,194 [dfe184d8-5e71-4515-9f68-a36fd788b5f0@group-64462BE3DE81-LeaderElection52] INFO  impl.RaftServerImpl (RaftServerImpl.java:setRole(170)) - dfe184d8-5e71-4515-9f68-a36fd788b5f0@group-64462BE3DE81: changes role from CANDIDATE to LEADER at term 1 for changeToLeader
2019-10-10 21:28:52,194 [dfe184d8-5e71-4515-9f68-a36fd788b5f0@group-64462BE3DE81-LeaderElection52] INFO  impl.RaftServerImpl (ServerState.java:setLeader(255)) - dfe184d8-5e71-4515-9f68-a36fd788b5f0@group-64462BE3DE81: change Leader from null to dfe184d8-5e71-4515-9f68-a36fd788b5f0 at term 1 for becomeLeader, leader elected after 5102ms
2019-10-10 21:28:52,194 [dfe184d8-5e71-4515-9f68-a36fd788b5f0@group-64462BE3DE81-LeaderElection52] INFO  server.RaftServerConfigKeys (ConfUtils.java:logGet(43)) - raft.server.staging.catchup.gap = 1000 (default)
2019-10-10 21:28:52,194 [dfe184d8-5e71-4515-9f68-a36fd788b5f0@group-64462BE3DE81-LeaderElection52] INFO  server.RaftServerConfigKeys (ConfUtils.java:logGet(43)) - raft.server.rpc.sleep.time = 25ms (default)
2019-10-10 21:28:52,194 [dfe184d8-5e71-4515-9f68-a36fd788b5f0@group-64462BE3DE81-LeaderElection52] INFO  server.RaftServerConfigKeys (ConfUtils.java:logGet(43)) - raft.server.write.element-limit = 4096 (default)
2019-10-10 21:28:52,194 [dfe184d8-5e71-4515-9f68-a36fd788b5f0@group-64462BE3DE81-LeaderElection52] INFO  server.RaftServerConfigKeys (ConfUtils.java:logGet(43)) - raft.server.watch.timeout = 10s (default)
2019-10-10 21:28:52,195 [dfe184d8-5e71-4515-9f68-a36fd788b5f0@group-64462BE3DE81-LeaderElection52] INFO  server.RaftServerConfigKeys (ConfUtils.java:logGet(43)) - raft.server.watch.timeout.denomination = 1s (default)
2019-10-10 21:28:52,195 [dfe184d8-5e71-4515-9f68-a36fd788b5f0@group-64462BE3DE81-LeaderElection52] INFO  server.RaftServerConfigKeys (ConfUtils.java:logGet(43)) - raft.server.watch.element-limit = 65536 (default)
2019-10-10 21:28:52,197 [dfe184d8-5e71-4515-9f68-a36fd788b5f0@group-64462BE3DE81-LeaderElection52] INFO  impl.RoleInfo (RoleInfo.java:updateAndGet(143)) - dfe184d8-5e71-4515-9f68-a36fd788b5f0: start LeaderState
2019-10-10 21:28:52,197 [dfe184d8-5e71-4515-9f68-a36fd788b5f0@group-64462BE3DE81-LeaderElection52] INFO  segmented.SegmentedRaftLogWorker (SegmentedRaftLogWorker.java:startLogSegment(385)) - dfe184d8-5e71-4515-9f68-a36fd788b5f0@group-64462BE3DE81-SegmentedRaftLogWorker: Starting segment from index:0
2019-10-10 21:28:52,197 [dfe184d8-5e71-4515-9f68-a36fd788b5f0@group-64462BE3DE81-LeaderElection52] INFO  impl.RaftServerImpl (ServerState.java:setRaftConf(356)) - dfe184d8-5e71-4515-9f68-a36fd788b5f0@group-64462BE3DE81: set configuration 0: [dfe184d8-5e71-4515-9f68-a36fd788b5f0:192.168.157.203:42154], old=null at 0
2019-10-10 21:28:52,226 [dfe184d8-5e71-4515-9f68-a36fd788b5f0@group-64462BE3DE81-SegmentedRaftLogWorker] INFO  segmented.SegmentedRaftLogWorker (SegmentedRaftLogWorker.java:execute(574)) - dfe184d8-5e71-4515-9f68-a36fd788b5f0@group-64462BE3DE81-SegmentedRaftLogWorker: created new log segment /workdir/hadoop-ozone/integration-test/target/test-dir/MiniOzoneClusterImpl-a7482f6d-0604-4b29-bcdd-7bbe80bb2474/datanode-2/data/ratis/80b4f958-f27b-4714-a0f7-64462be3de81/current/log_inprogress_0
2019-10-10 21:28:52,226 [b53b5c8e-5e67-456c-afc2-42f0810f9e11@group-87B60856736B-SegmentedRaftLogWorker] INFO  segmented.SegmentedRaftLogWorker (SegmentedRaftLogWorker.java:execute(574)) - b53b5c8e-5e67-456c-afc2-42f0810f9e11@group-87B60856736B-SegmentedRaftLogWorker: created new log segment /workdir/hadoop-ozone/integration-test/target/test-dir/MiniOzoneClusterImpl-a7482f6d-0604-4b29-bcdd-7bbe80bb2474/datanode-0/data/ratis/0aae2c00-6e26-49fa-ab3f-87b60856736b/current/log_inprogress_0
2019-10-10 21:28:52,232 [Thread-1412] INFO  impl.FollowerState (FollowerState.java:run(108)) - a900087f-503e-4321-861c-2daca883c610@group-7BCE346C465B-FollowerState: change to CANDIDATE, lastRpcTime:5188ms, electionTimeout:5188ms
2019-10-10 21:28:52,232 [Thread-1412] INFO  impl.RoleInfo (RoleInfo.java:shutdownFollowerState(121)) - a900087f-503e-4321-861c-2daca883c610: shutdown FollowerState
2019-10-10 21:28:52,232 [Thread-1412] INFO  impl.RaftServerImpl (RaftServerImpl.java:setRole(170)) - a900087f-503e-4321-861c-2daca883c610@group-7BCE346C465B: changes role from  FOLLOWER to CANDIDATE at term 0 for changeToCandidate
2019-10-10 21:28:52,232 [Thread-1412] INFO  impl.RoleInfo (RoleInfo.java:updateAndGet(143)) - a900087f-503e-4321-861c-2daca883c610: start LeaderElection
2019-10-10 21:28:52,253 [a900087f-503e-4321-861c-2daca883c610@group-7BCE346C465B-LeaderElection53] INFO  impl.LeaderElection (LeaderElection.java:askForVotes(178)) - a900087f-503e-4321-861c-2daca883c610@group-7BCE346C465B-LeaderElection53: begin an election at term 1 for -1: [a900087f-503e-4321-861c-2daca883c610:192.168.157.203:34263], old=null
2019-10-10 21:28:52,253 [a900087f-503e-4321-861c-2daca883c610@group-7BCE346C465B-LeaderElection53] INFO  impl.RoleInfo (RoleInfo.java:shutdownLeaderElection(134)) - a900087f-503e-4321-861c-2daca883c610: shutdown LeaderElection
2019-10-10 21:28:52,253 [a900087f-503e-4321-861c-2daca883c610@group-7BCE346C465B-LeaderElection53] INFO  impl.RaftServerImpl (RaftServerImpl.java:setRole(170)) - a900087f-503e-4321-861c-2daca883c610@group-7BCE346C465B: changes role from CANDIDATE to LEADER at term 1 for changeToLeader
2019-10-10 21:28:52,253 [a900087f-503e-4321-861c-2daca883c610@group-7BCE346C465B-LeaderElection53] INFO  impl.RaftServerImpl (ServerState.java:setLeader(255)) - a900087f-503e-4321-861c-2daca883c610@group-7BCE346C465B: change Leader from null to a900087f-503e-4321-861c-2daca883c610 at term 1 for becomeLeader, leader elected after 5218ms
2019-10-10 21:28:52,254 [a900087f-503e-4321-861c-2daca883c610@group-7BCE346C465B-LeaderElection53] INFO  server.RaftServerConfigKeys (ConfUtils.java:logGet(43)) - raft.server.staging.catchup.gap = 1000 (default)
2019-10-10 21:28:52,254 [a900087f-503e-4321-861c-2daca883c610@group-7BCE346C465B-LeaderElection53] INFO  server.RaftServerConfigKeys (ConfUtils.java:logGet(43)) - raft.server.rpc.sleep.time = 25ms (default)
2019-10-10 21:28:52,254 [a900087f-503e-4321-861c-2daca883c610@group-7BCE346C465B-LeaderElection53] INFO  server.RaftServerConfigKeys (ConfUtils.java:logGet(43)) - raft.server.write.element-limit = 4096 (default)
2019-10-10 21:28:52,254 [a900087f-503e-4321-861c-2daca883c610@group-7BCE346C465B-LeaderElection53] INFO  server.RaftServerConfigKeys (ConfUtils.java:logGet(43)) - raft.server.watch.timeout = 10s (default)
2019-10-10 21:28:52,254 [a900087f-503e-4321-861c-2daca883c610@group-7BCE346C465B-LeaderElection53] INFO  server.RaftServerConfigKeys (ConfUtils.java:logGet(43)) - raft.server.watch.timeout.denomination = 1s (default)
2019-10-10 21:28:52,254 [a900087f-503e-4321-861c-2daca883c610@group-7BCE346C465B-LeaderElection53] INFO  server.RaftServerConfigKeys (ConfUtils.java:logGet(43)) - raft.server.watch.element-limit = 65536 (default)
2019-10-10 21:28:52,256 [a900087f-503e-4321-861c-2daca883c610@group-7BCE346C465B-LeaderElection53] INFO  impl.RoleInfo (RoleInfo.java:updateAndGet(143)) - a900087f-503e-4321-861c-2daca883c610: start LeaderState
2019-10-10 21:28:52,256 [a900087f-503e-4321-861c-2daca883c610@group-7BCE346C465B-LeaderElection53] INFO  segmented.SegmentedRaftLogWorker (SegmentedRaftLogWorker.java:startLogSegment(385)) - a900087f-503e-4321-861c-2daca883c610@group-7BCE346C465B-SegmentedRaftLogWorker: Starting segment from index:0
2019-10-10 21:28:52,256 [a900087f-503e-4321-861c-2daca883c610@group-7BCE346C465B-LeaderElection53] INFO  impl.RaftServerImpl (ServerState.java:setRaftConf(356)) - a900087f-503e-4321-861c-2daca883c610@group-7BCE346C465B: set configuration 0: [a900087f-503e-4321-861c-2daca883c610:192.168.157.203:34263], old=null at 0
2019-10-10 21:28:52,296 [Thread-1426] INFO  impl.FollowerState (FollowerState.java:run(108)) - a900087f-503e-4321-861c-2daca883c610@group-4429540AD53A-FollowerState: change to CANDIDATE, lastRpcTime:5079ms, electionTimeout:5076ms
2019-10-10 21:28:52,296 [Thread-1426] INFO  impl.RoleInfo (RoleInfo.java:shutdownFollowerState(121)) - a900087f-503e-4321-861c-2daca883c610: shutdown FollowerState
2019-10-10 21:28:52,296 [Thread-1426] INFO  impl.RaftServerImpl (RaftServerImpl.java:setRole(170)) - a900087f-503e-4321-861c-2daca883c610@group-4429540AD53A: changes role from  FOLLOWER to CANDIDATE at term 0 for changeToCandidate
2019-10-10 21:28:52,296 [Thread-1426] INFO  impl.RoleInfo (RoleInfo.java:updateAndGet(143)) - a900087f-503e-4321-861c-2daca883c610: start LeaderElection
2019-10-10 21:28:52,305 [a900087f-503e-4321-861c-2daca883c610@group-7BCE346C465B-SegmentedRaftLogWorker] INFO  segmented.SegmentedRaftLogWorker (SegmentedRaftLogWorker.java:execute(574)) - a900087f-503e-4321-861c-2daca883c610@group-7BCE346C465B-SegmentedRaftLogWorker: created new log segment /workdir/hadoop-ozone/integration-test/target/test-dir/MiniOzoneClusterImpl-a7482f6d-0604-4b29-bcdd-7bbe80bb2474/datanode-1/data/ratis/4c43fec6-339f-461d-affb-7bce346c465b/current/log_inprogress_0
2019-10-10 21:28:52,305 [a900087f-503e-4321-861c-2daca883c610@group-4429540AD53A-LeaderElection54] INFO  impl.LeaderElection (LeaderElection.java:askForVotes(178)) - a900087f-503e-4321-861c-2daca883c610@group-4429540AD53A-LeaderElection54: begin an election at term 1 for -1: [b53b5c8e-5e67-456c-afc2-42f0810f9e11:192.168.157.203:33905, dfe184d8-5e71-4515-9f68-a36fd788b5f0:192.168.157.203:42154, a900087f-503e-4321-861c-2daca883c610:192.168.157.203:34263], old=null
2019-10-10 21:28:52,323 [Thread-1418] INFO  impl.FollowerState (FollowerState.java:run(108)) - c47696ef-e34f-4985-b806-bbd4689a3a9d@group-0BA77E13F999-FollowerState: change to CANDIDATE, lastRpcTime:5180ms, electionTimeout:5175ms
2019-10-10 21:28:52,323 [Thread-1418] INFO  impl.RoleInfo (RoleInfo.java:shutdownFollowerState(121)) - c47696ef-e34f-4985-b806-bbd4689a3a9d: shutdown FollowerState
2019-10-10 21:28:52,323 [Thread-1418] INFO  impl.RaftServerImpl (RaftServerImpl.java:setRole(170)) - c47696ef-e34f-4985-b806-bbd4689a3a9d@group-0BA77E13F999: changes role from  FOLLOWER to CANDIDATE at term 0 for changeToCandidate
2019-10-10 21:28:52,323 [grpc-default-executor-0] INFO  impl.RaftServerImpl (RaftServerImpl.java:setRole(170)) - b53b5c8e-5e67-456c-afc2-42f0810f9e11@group-4429540AD53A: changes role from  FOLLOWER to FOLLOWER at term 1 for recognizeCandidate:a900087f-503e-4321-861c-2daca883c610
2019-10-10 21:28:52,326 [grpc-default-executor-4] INFO  impl.RaftServerImpl (RaftServerImpl.java:setRole(170)) - dfe184d8-5e71-4515-9f68-a36fd788b5f0@group-4429540AD53A: changes role from  FOLLOWER to FOLLOWER at term 1 for recognizeCandidate:a900087f-503e-4321-861c-2daca883c610
2019-10-10 21:28:52,323 [Thread-1418] INFO  impl.RoleInfo (RoleInfo.java:updateAndGet(143)) - c47696ef-e34f-4985-b806-bbd4689a3a9d: start LeaderElection
2019-10-10 21:28:52,326 [grpc-default-executor-4] INFO  impl.RoleInfo (RoleInfo.java:shutdownFollowerState(121)) - dfe184d8-5e71-4515-9f68-a36fd788b5f0: shutdown FollowerState
2019-10-10 21:28:52,326 [grpc-default-executor-0] INFO  impl.RoleInfo (RoleInfo.java:shutdownFollowerState(121)) - b53b5c8e-5e67-456c-afc2-42f0810f9e11: shutdown FollowerState
2019-10-10 21:28:52,329 [Thread-1425] INFO  impl.FollowerState (FollowerState.java:run(117)) - dfe184d8-5e71-4515-9f68-a36fd788b5f0@group-4429540AD53A-FollowerState was interrupted: java.lang.InterruptedException: sleep interrupted
2019-10-10 21:28:52,334 [Thread-1421] INFO  impl.FollowerState (FollowerState.java:run(117)) - b53b5c8e-5e67-456c-afc2-42f0810f9e11@group-4429540AD53A-FollowerState was interrupted: java.lang.InterruptedException: sleep interrupted
2019-10-10 21:28:52,334 [grpc-default-executor-4] INFO  impl.RoleInfo (RoleInfo.java:updateAndGet(143)) - dfe184d8-5e71-4515-9f68-a36fd788b5f0: start FollowerState
2019-10-10 21:28:52,333 [grpc-default-executor-0] INFO  impl.RoleInfo (RoleInfo.java:updateAndGet(143)) - b53b5c8e-5e67-456c-afc2-42f0810f9e11: start FollowerState
2019-10-10 21:28:52,351 [c47696ef-e34f-4985-b806-bbd4689a3a9d@group-0BA77E13F999-LeaderElection55] INFO  impl.LeaderElection (LeaderElection.java:askForVotes(178)) - c47696ef-e34f-4985-b806-bbd4689a3a9d@group-0BA77E13F999-LeaderElection55: begin an election at term 1 for -1: [c47696ef-e34f-4985-b806-bbd4689a3a9d:192.168.157.203:38837], old=null
2019-10-10 21:28:52,351 [c47696ef-e34f-4985-b806-bbd4689a3a9d@group-0BA77E13F999-LeaderElection55] INFO  impl.RoleInfo (RoleInfo.java:shutdownLeaderElection(134)) - c47696ef-e34f-4985-b806-bbd4689a3a9d: shutdown LeaderElection
2019-10-10 21:28:52,352 [c47696ef-e34f-4985-b806-bbd4689a3a9d@group-0BA77E13F999-LeaderElection55] INFO  impl.RaftServerImpl (RaftServerImpl.java:setRole(170)) - c47696ef-e34f-4985-b806-bbd4689a3a9d@group-0BA77E13F999: changes role from CANDIDATE to LEADER at term 1 for changeToLeader
2019-10-10 21:28:52,355 [c47696ef-e34f-4985-b806-bbd4689a3a9d@group-0BA77E13F999-LeaderElection55] INFO  impl.RaftServerImpl (ServerState.java:setLeader(255)) - c47696ef-e34f-4985-b806-bbd4689a3a9d@group-0BA77E13F999: change Leader from null to c47696ef-e34f-4985-b806-bbd4689a3a9d at term 1 for becomeLeader, leader elected after 5216ms
2019-10-10 21:28:52,363 [c47696ef-e34f-4985-b806-bbd4689a3a9d@group-0BA77E13F999-LeaderElection55] INFO  server.RaftServerConfigKeys (ConfUtils.java:logGet(43)) - raft.server.staging.catchup.gap = 1000 (default)
2019-10-10 21:28:52,363 [c47696ef-e34f-4985-b806-bbd4689a3a9d@group-0BA77E13F999-LeaderElection55] INFO  server.RaftServerConfigKeys (ConfUtils.java:logGet(43)) - raft.server.rpc.sleep.time = 25ms (default)
2019-10-10 21:28:52,363 [a900087f-503e-4321-861c-2daca883c610@group-4429540AD53A-LeaderElection54] INFO  impl.LeaderElection (LeaderElection.java:logAndReturn(56)) - a900087f-503e-4321-861c-2daca883c610@group-4429540AD53A-LeaderElection54: Election PASSED; received 1 response(s) [a900087f-503e-4321-861c-2daca883c610<-dfe184d8-5e71-4515-9f68-a36fd788b5f0#0:OK-t1] and 0 exception(s); a900087f-503e-4321-861c-2daca883c610@group-4429540AD53A:t1, leader=null, voted=a900087f-503e-4321-861c-2daca883c610, raftlog=a900087f-503e-4321-861c-2daca883c610@group-4429540AD53A-SegmentedRaftLog:OPENED:c-1,f-1,i0, conf=-1: [b53b5c8e-5e67-456c-afc2-42f0810f9e11:192.168.157.203:33905, dfe184d8-5e71-4515-9f68-a36fd788b5f0:192.168.157.203:42154, a900087f-503e-4321-861c-2daca883c610:192.168.157.203:34263], old=null
2019-10-10 21:28:52,363 [c47696ef-e34f-4985-b806-bbd4689a3a9d@group-0BA77E13F999-LeaderElection55] INFO  server.RaftServerConfigKeys (ConfUtils.java:logGet(43)) - raft.server.write.element-limit = 4096 (default)
2019-10-10 21:28:52,363 [a900087f-503e-4321-861c-2daca883c610@group-4429540AD53A-LeaderElection54] INFO  impl.RoleInfo (RoleInfo.java:shutdownLeaderElection(134)) - a900087f-503e-4321-861c-2daca883c610: shutdown LeaderElection
2019-10-10 21:28:52,364 [c47696ef-e34f-4985-b806-bbd4689a3a9d@group-0BA77E13F999-LeaderElection55] INFO  server.RaftServerConfigKeys (ConfUtils.java:logGet(43)) - raft.server.watch.timeout = 10s (default)
2019-10-10 21:28:52,366 [a900087f-503e-4321-861c-2daca883c610@group-4429540AD53A-LeaderElection54] INFO  impl.RaftServerImpl (RaftServerImpl.java:setRole(170)) - a900087f-503e-4321-861c-2daca883c610@group-4429540AD53A: changes role from CANDIDATE to LEADER at term 1 for changeToLeader
2019-10-10 21:28:52,366 [c47696ef-e34f-4985-b806-bbd4689a3a9d@group-0BA77E13F999-LeaderElection55] INFO  server.RaftServerConfigKeys (ConfUtils.java:logGet(43)) - raft.server.watch.timeout.denomination = 1s (default)
2019-10-10 21:28:52,366 [a900087f-503e-4321-861c-2daca883c610@group-4429540AD53A-LeaderElection54] INFO  impl.RaftServerImpl (ServerState.java:setLeader(255)) - a900087f-503e-4321-861c-2daca883c610@group-4429540AD53A: change Leader from null to a900087f-503e-4321-861c-2daca883c610 at term 1 for becomeLeader, leader elected after 5165ms
2019-10-10 21:28:52,366 [c47696ef-e34f-4985-b806-bbd4689a3a9d@group-0BA77E13F999-LeaderElection55] INFO  server.RaftServerConfigKeys (ConfUtils.java:logGet(43)) - raft.server.watch.element-limit = 65536 (default)
2019-10-10 21:28:52,366 [a900087f-503e-4321-861c-2daca883c610@group-4429540AD53A-LeaderElection54] INFO  server.RaftServerConfigKeys (ConfUtils.java:logGet(43)) - raft.server.staging.catchup.gap = 1000 (default)
2019-10-10 21:28:52,367 [a900087f-503e-4321-861c-2daca883c610@group-4429540AD53A-LeaderElection54] INFO  server.RaftServerConfigKeys (ConfUtils.java:logGet(43)) - raft.server.rpc.sleep.time = 25ms (default)
2019-10-10 21:28:52,367 [a900087f-503e-4321-861c-2daca883c610@group-4429540AD53A-LeaderElection54] INFO  server.RaftServerConfigKeys (ConfUtils.java:logGet(43)) - raft.server.write.element-limit = 4096 (default)
2019-10-10 21:28:52,367 [a900087f-503e-4321-861c-2daca883c610@group-4429540AD53A-LeaderElection54] INFO  server.RaftServerConfigKeys (ConfUtils.java:logGet(43)) - raft.server.watch.timeout = 10s (default)
2019-10-10 21:28:52,367 [a900087f-503e-4321-861c-2daca883c610@group-4429540AD53A-LeaderElection54] INFO  server.RaftServerConfigKeys (ConfUtils.java:logGet(43)) - raft.server.watch.timeout.denomination = 1s (default)
2019-10-10 21:28:52,367 [a900087f-503e-4321-861c-2daca883c610@group-4429540AD53A-LeaderElection54] INFO  server.RaftServerConfigKeys (ConfUtils.java:logGet(43)) - raft.server.watch.element-limit = 65536 (default)
2019-10-10 21:28:52,369 [c47696ef-e34f-4985-b806-bbd4689a3a9d@group-0BA77E13F999-LeaderElection55] INFO  impl.RoleInfo (RoleInfo.java:updateAndGet(143)) - c47696ef-e34f-4985-b806-bbd4689a3a9d: start LeaderState
2019-10-10 21:28:52,369 [c47696ef-e34f-4985-b806-bbd4689a3a9d@group-0BA77E13F999-LeaderElection55] INFO  segmented.SegmentedRaftLogWorker (SegmentedRaftLogWorker.java:startLogSegment(385)) - c47696ef-e34f-4985-b806-bbd4689a3a9d@group-0BA77E13F999-SegmentedRaftLogWorker: Starting segment from index:0
2019-10-10 21:28:52,369 [a900087f-503e-4321-861c-2daca883c610@group-4429540AD53A-LeaderElection54] INFO  server.RaftServerConfigKeys (ConfUtils.java:logGet(43)) - raft.server.log.appender.snapshot.chunk.size.max = 16MB (=16777216) (default)
2019-10-10 21:28:52,369 [a900087f-503e-4321-861c-2daca883c610@group-4429540AD53A-LeaderElection54] INFO  server.RaftServerConfigKeys (ConfUtils.java:logGet(43)) - raft.server.log.appender.buffer.byte-limit = 33554432 (custom)
2019-10-10 21:28:52,370 [c47696ef-e34f-4985-b806-bbd4689a3a9d@group-0BA77E13F999-LeaderElection55] INFO  impl.RaftServerImpl (ServerState.java:setRaftConf(356)) - c47696ef-e34f-4985-b806-bbd4689a3a9d@group-0BA77E13F999: set configuration 0: [c47696ef-e34f-4985-b806-bbd4689a3a9d:192.168.157.203:38837], old=null at 0
2019-10-10 21:28:52,370 [a900087f-503e-4321-861c-2daca883c610@group-4429540AD53A-LeaderElection54] INFO  server.RaftServerConfigKeys (ConfUtils.java:logGet(43)) - raft.server.log.appender.buffer.element-limit = 1 (custom)
2019-10-10 21:28:52,370 [a900087f-503e-4321-861c-2daca883c610@group-4429540AD53A-LeaderElection54] INFO  grpc.GrpcConfigKeys$Server (ConfUtils.java:logGet(43)) - raft.grpc.server.leader.outstanding.appends.max = 128 (default)
2019-10-10 21:28:52,371 [a900087f-503e-4321-861c-2daca883c610@group-4429540AD53A-LeaderElection54] INFO  server.RaftServerConfigKeys (ConfUtils.java:logGet(43)) - raft.server.rpc.request.timeout = 3000ms (default)
2019-10-10 21:28:52,371 [a900087f-503e-4321-861c-2daca883c610@group-4429540AD53A-LeaderElection54] INFO  server.RaftServerConfigKeys (ConfUtils.java:logGet(43)) - raft.server.log.appender.install.snapshot.enabled = false (custom)
2019-10-10 21:28:52,371 [a900087f-503e-4321-861c-2daca883c610@group-4429540AD53A-LeaderElection54] INFO  server.RaftServerConfigKeys (ConfUtils.java:logGet(43)) - raft.server.log.appender.snapshot.chunk.size.max = 16MB (=16777216) (default)
2019-10-10 21:28:52,372 [a900087f-503e-4321-861c-2daca883c610@group-4429540AD53A-LeaderElection54] INFO  server.RaftServerConfigKeys (ConfUtils.java:logGet(43)) - raft.server.log.appender.buffer.byte-limit = 33554432 (custom)
2019-10-10 21:28:52,372 [a900087f-503e-4321-861c-2daca883c610@group-4429540AD53A-LeaderElection54] INFO  server.RaftServerConfigKeys (ConfUtils.java:logGet(43)) - raft.server.log.appender.buffer.element-limit = 1 (custom)
2019-10-10 21:28:52,372 [a900087f-503e-4321-861c-2daca883c610@group-4429540AD53A-LeaderElection54] INFO  grpc.GrpcConfigKeys$Server (ConfUtils.java:logGet(43)) - raft.grpc.server.leader.outstanding.appends.max = 128 (default)
2019-10-10 21:28:52,372 [a900087f-503e-4321-861c-2daca883c610@group-4429540AD53A-LeaderElection54] INFO  server.RaftServerConfigKeys (ConfUtils.java:logGet(43)) - raft.server.rpc.request.timeout = 3000ms (default)
2019-10-10 21:28:52,373 [a900087f-503e-4321-861c-2daca883c610@group-4429540AD53A-LeaderElection54] INFO  server.RaftServerConfigKeys (ConfUtils.java:logGet(43)) - raft.server.log.appender.install.snapshot.enabled = false (custom)
2019-10-10 21:28:52,373 [a900087f-503e-4321-861c-2daca883c610@group-4429540AD53A-LeaderElection54] INFO  impl.RoleInfo (RoleInfo.java:updateAndGet(143)) - a900087f-503e-4321-861c-2daca883c610: start LeaderState
2019-10-10 21:28:52,373 [a900087f-503e-4321-861c-2daca883c610@group-4429540AD53A-LeaderElection54] INFO  segmented.SegmentedRaftLogWorker (SegmentedRaftLogWorker.java:startLogSegment(385)) - a900087f-503e-4321-861c-2daca883c610@group-4429540AD53A-SegmentedRaftLogWorker: Starting segment from index:0
2019-10-10 21:28:52,375 [a900087f-503e-4321-861c-2daca883c610@group-4429540AD53A-LeaderElection54] INFO  impl.RaftServerImpl (ServerState.java:setRaftConf(356)) - a900087f-503e-4321-861c-2daca883c610@group-4429540AD53A: set configuration 0: [b53b5c8e-5e67-456c-afc2-42f0810f9e11:192.168.157.203:33905, dfe184d8-5e71-4515-9f68-a36fd788b5f0:192.168.157.203:42154, a900087f-503e-4321-861c-2daca883c610:192.168.157.203:34263], old=null at 0
2019-10-10 21:28:52,402 [Thread-1433] INFO  impl.FollowerState (FollowerState.java:run(108)) - 738fedeb-6967-4662-b341-58cc98afdba9@group-DFDF5ABB9A73-FollowerState: change to CANDIDATE, lastRpcTime:5060ms, electionTimeout:5060ms
2019-10-10 21:28:52,402 [grpc-default-executor-0] INFO  impl.RaftServerImpl (ServerState.java:setLeader(255)) - dfe184d8-5e71-4515-9f68-a36fd788b5f0@group-4429540AD53A: change Leader from null to a900087f-503e-4321-861c-2daca883c610 at term 1 for appendEntries, leader elected after 5200ms
2019-10-10 21:28:52,402 [Thread-1433] INFO  impl.RoleInfo (RoleInfo.java:shutdownFollowerState(121)) - 738fedeb-6967-4662-b341-58cc98afdba9: shutdown FollowerState
2019-10-10 21:28:52,402 [Thread-1433] INFO  impl.RaftServerImpl (RaftServerImpl.java:setRole(170)) - 738fedeb-6967-4662-b341-58cc98afdba9@group-DFDF5ABB9A73: changes role from  FOLLOWER to CANDIDATE at term 0 for changeToCandidate
2019-10-10 21:28:52,403 [Thread-1433] INFO  impl.RoleInfo (RoleInfo.java:updateAndGet(143)) - 738fedeb-6967-4662-b341-58cc98afdba9: start LeaderElection
2019-10-10 21:28:52,411 [grpc-default-executor-0] INFO  impl.RaftServerImpl (ServerState.java:setLeader(255)) - b53b5c8e-5e67-456c-afc2-42f0810f9e11@group-4429540AD53A: change Leader from null to a900087f-503e-4321-861c-2daca883c610 at term 1 for appendEntries, leader elected after 5207ms
2019-10-10 21:28:52,414 [c47696ef-e34f-4985-b806-bbd4689a3a9d@group-0BA77E13F999-SegmentedRaftLogWorker] INFO  segmented.SegmentedRaftLogWorker (SegmentedRaftLogWorker.java:execute(574)) - c47696ef-e34f-4985-b806-bbd4689a3a9d@group-0BA77E13F999-SegmentedRaftLogWorker: created new log segment /workdir/hadoop-ozone/integration-test/target/test-dir/MiniOzoneClusterImpl-a7482f6d-0604-4b29-bcdd-7bbe80bb2474/datanode-3/data/ratis/3ee3a7d7-a7fa-444c-b3d5-0ba77e13f999/current/log_inprogress_0
2019-10-10 21:28:52,414 [a900087f-503e-4321-861c-2daca883c610@group-4429540AD53A-SegmentedRaftLogWorker] INFO  segmented.SegmentedRaftLogWorker (SegmentedRaftLogWorker.java:execute(574)) - a900087f-503e-4321-861c-2daca883c610@group-4429540AD53A-SegmentedRaftLogWorker: created new log segment /workdir/hadoop-ozone/integration-test/target/test-dir/MiniOzoneClusterImpl-a7482f6d-0604-4b29-bcdd-7bbe80bb2474/datanode-1/data/ratis/e2ca124d-acf6-404f-ad6f-4429540ad53a/current/log_inprogress_0
2019-10-10 21:28:52,416 [grpc-default-executor-0] INFO  impl.RaftServerImpl (ServerState.java:setRaftConf(356)) - dfe184d8-5e71-4515-9f68-a36fd788b5f0@group-4429540AD53A: set configuration 0: [b53b5c8e-5e67-456c-afc2-42f0810f9e11:192.168.157.203:33905, dfe184d8-5e71-4515-9f68-a36fd788b5f0:192.168.157.203:42154, a900087f-503e-4321-861c-2daca883c610:192.168.157.203:34263], old=null at 0
2019-10-10 21:28:52,416 [grpc-default-executor-4] INFO  impl.RaftServerImpl (ServerState.java:setRaftConf(356)) - b53b5c8e-5e67-456c-afc2-42f0810f9e11@group-4429540AD53A: set configuration 0: [b53b5c8e-5e67-456c-afc2-42f0810f9e11:192.168.157.203:33905, dfe184d8-5e71-4515-9f68-a36fd788b5f0:192.168.157.203:42154, a900087f-503e-4321-861c-2daca883c610:192.168.157.203:34263], old=null at 0
2019-10-10 21:28:52,416 [grpc-default-executor-0] INFO  segmented.SegmentedRaftLogWorker (SegmentedRaftLogWorker.java:startLogSegment(385)) - dfe184d8-5e71-4515-9f68-a36fd788b5f0@group-4429540AD53A-SegmentedRaftLogWorker: Starting segment from index:0
2019-10-10 21:28:52,416 [grpc-default-executor-4] INFO  segmented.SegmentedRaftLogWorker (SegmentedRaftLogWorker.java:startLogSegment(385)) - b53b5c8e-5e67-456c-afc2-42f0810f9e11@group-4429540AD53A-SegmentedRaftLogWorker: Starting segment from index:0
2019-10-10 21:28:52,418 [738fedeb-6967-4662-b341-58cc98afdba9@group-DFDF5ABB9A73-LeaderElection56] INFO  impl.LeaderElection (LeaderElection.java:askForVotes(178)) - 738fedeb-6967-4662-b341-58cc98afdba9@group-DFDF5ABB9A73-LeaderElection56: begin an election at term 1 for -1: [738fedeb-6967-4662-b341-58cc98afdba9:192.168.157.203:46631], old=null
2019-10-10 21:28:52,418 [738fedeb-6967-4662-b341-58cc98afdba9@group-DFDF5ABB9A73-LeaderElection56] INFO  impl.RoleInfo (RoleInfo.java:shutdownLeaderElection(134)) - 738fedeb-6967-4662-b341-58cc98afdba9: shutdown LeaderElection
2019-10-10 21:28:52,419 [738fedeb-6967-4662-b341-58cc98afdba9@group-DFDF5ABB9A73-LeaderElection56] INFO  impl.RaftServerImpl (RaftServerImpl.java:setRole(170)) - 738fedeb-6967-4662-b341-58cc98afdba9@group-DFDF5ABB9A73: changes role from CANDIDATE to LEADER at term 1 for changeToLeader
2019-10-10 21:28:52,419 [738fedeb-6967-4662-b341-58cc98afdba9@group-DFDF5ABB9A73-LeaderElection56] INFO  impl.RaftServerImpl (ServerState.java:setLeader(255)) - 738fedeb-6967-4662-b341-58cc98afdba9@group-DFDF5ABB9A73: change Leader from null to 738fedeb-6967-4662-b341-58cc98afdba9 at term 1 for becomeLeader, leader elected after 5083ms
2019-10-10 21:28:52,419 [738fedeb-6967-4662-b341-58cc98afdba9@group-DFDF5ABB9A73-LeaderElection56] INFO  server.RaftServerConfigKeys (ConfUtils.java:logGet(43)) - raft.server.staging.catchup.gap = 1000 (default)
2019-10-10 21:28:52,419 [738fedeb-6967-4662-b341-58cc98afdba9@group-DFDF5ABB9A73-LeaderElection56] INFO  server.RaftServerConfigKeys (ConfUtils.java:logGet(43)) - raft.server.rpc.sleep.time = 25ms (default)
2019-10-10 21:28:52,419 [738fedeb-6967-4662-b341-58cc98afdba9@group-DFDF5ABB9A73-LeaderElection56] INFO  server.RaftServerConfigKeys (ConfUtils.java:logGet(43)) - raft.server.write.element-limit = 4096 (default)
2019-10-10 21:28:52,419 [738fedeb-6967-4662-b341-58cc98afdba9@group-DFDF5ABB9A73-LeaderElection56] INFO  server.RaftServerConfigKeys (ConfUtils.java:logGet(43)) - raft.server.watch.timeout = 10s (default)
2019-10-10 21:28:52,420 [738fedeb-6967-4662-b341-58cc98afdba9@group-DFDF5ABB9A73-LeaderElection56] INFO  server.RaftServerConfigKeys (ConfUtils.java:logGet(43)) - raft.server.watch.timeout.denomination = 1s (default)
2019-10-10 21:28:52,420 [738fedeb-6967-4662-b341-58cc98afdba9@group-DFDF5ABB9A73-LeaderElection56] INFO  server.RaftServerConfigKeys (ConfUtils.java:logGet(43)) - raft.server.watch.element-limit = 65536 (default)
2019-10-10 21:28:52,422 [738fedeb-6967-4662-b341-58cc98afdba9@group-DFDF5ABB9A73-LeaderElection56] INFO  impl.RoleInfo (RoleInfo.java:updateAndGet(143)) - 738fedeb-6967-4662-b341-58cc98afdba9: start LeaderState
2019-10-10 21:28:52,422 [738fedeb-6967-4662-b341-58cc98afdba9@group-DFDF5ABB9A73-LeaderElection56] INFO  segmented.SegmentedRaftLogWorker (SegmentedRaftLogWorker.java:startLogSegment(385)) - 738fedeb-6967-4662-b341-58cc98afdba9@group-DFDF5ABB9A73-SegmentedRaftLogWorker: Starting segment from index:0
2019-10-10 21:28:52,423 [738fedeb-6967-4662-b341-58cc98afdba9@group-DFDF5ABB9A73-LeaderElection56] INFO  impl.RaftServerImpl (ServerState.java:setRaftConf(356)) - 738fedeb-6967-4662-b341-58cc98afdba9@group-DFDF5ABB9A73: set configuration 0: [738fedeb-6967-4662-b341-58cc98afdba9:192.168.157.203:46631], old=null at 0
2019-10-10 21:28:52,448 [dfe184d8-5e71-4515-9f68-a36fd788b5f0@group-4429540AD53A-SegmentedRaftLogWorker] INFO  segmented.SegmentedRaftLogWorker (SegmentedRaftLogWorker.java:execute(574)) - dfe184d8-5e71-4515-9f68-a36fd788b5f0@group-4429540AD53A-SegmentedRaftLogWorker: created new log segment /workdir/hadoop-ozone/integration-test/target/test-dir/MiniOzoneClusterImpl-a7482f6d-0604-4b29-bcdd-7bbe80bb2474/datanode-2/data/ratis/e2ca124d-acf6-404f-ad6f-4429540ad53a/current/log_inprogress_0
2019-10-10 21:28:52,462 [Thread-1430] INFO  impl.FollowerState (FollowerState.java:run(108)) - 919a5fb4-be8f-4ab0-b4ab-d725ff256d57@group-78CFC45CFEA4-FollowerState: change to CANDIDATE, lastRpcTime:5182ms, electionTimeout:5182ms
2019-10-10 21:28:52,463 [Thread-1430] INFO  impl.RoleInfo (RoleInfo.java:shutdownFollowerState(121)) - 919a5fb4-be8f-4ab0-b4ab-d725ff256d57: shutdown FollowerState
2019-10-10 21:28:52,463 [Thread-1430] INFO  impl.RaftServerImpl (RaftServerImpl.java:setRole(170)) - 919a5fb4-be8f-4ab0-b4ab-d725ff256d57@group-78CFC45CFEA4: changes role from  FOLLOWER to CANDIDATE at term 0 for changeToCandidate
2019-10-10 21:28:52,463 [Thread-1430] INFO  impl.RoleInfo (RoleInfo.java:updateAndGet(143)) - 919a5fb4-be8f-4ab0-b4ab-d725ff256d57: start LeaderElection
2019-10-10 21:28:52,472 [738fedeb-6967-4662-b341-58cc98afdba9@group-DFDF5ABB9A73-SegmentedRaftLogWorker] INFO  segmented.SegmentedRaftLogWorker (SegmentedRaftLogWorker.java:execute(574)) - 738fedeb-6967-4662-b341-58cc98afdba9@group-DFDF5ABB9A73-SegmentedRaftLogWorker: created new log segment /workdir/hadoop-ozone/integration-test/target/test-dir/MiniOzoneClusterImpl-a7482f6d-0604-4b29-bcdd-7bbe80bb2474/datanode-5/data/ratis/71113b67-e616-4772-94b2-dfdf5abb9a73/current/log_inprogress_0
2019-10-10 21:28:52,473 [b53b5c8e-5e67-456c-afc2-42f0810f9e11@group-4429540AD53A-SegmentedRaftLogWorker] INFO  segmented.SegmentedRaftLogWorker (SegmentedRaftLogWorker.java:execute(574)) - b53b5c8e-5e67-456c-afc2-42f0810f9e11@group-4429540AD53A-SegmentedRaftLogWorker: created new log segment /workdir/hadoop-ozone/integration-test/target/test-dir/MiniOzoneClusterImpl-a7482f6d-0604-4b29-bcdd-7bbe80bb2474/datanode-0/data/ratis/e2ca124d-acf6-404f-ad6f-4429540ad53a/current/log_inprogress_0
2019-10-10 21:28:52,484 [919a5fb4-be8f-4ab0-b4ab-d725ff256d57@group-78CFC45CFEA4-LeaderElection57] INFO  impl.LeaderElection (LeaderElection.java:askForVotes(178)) - 919a5fb4-be8f-4ab0-b4ab-d725ff256d57@group-78CFC45CFEA4-LeaderElection57: begin an election at term 1 for -1: [919a5fb4-be8f-4ab0-b4ab-d725ff256d57:192.168.157.203:46769], old=null
2019-10-10 21:28:52,485 [919a5fb4-be8f-4ab0-b4ab-d725ff256d57@group-78CFC45CFEA4-LeaderElection57] INFO  impl.RoleInfo (RoleInfo.java:shutdownLeaderElection(134)) - 919a5fb4-be8f-4ab0-b4ab-d725ff256d57: shutdown LeaderElection
2019-10-10 21:28:52,485 [919a5fb4-be8f-4ab0-b4ab-d725ff256d57@group-78CFC45CFEA4-LeaderElection57] INFO  impl.RaftServerImpl (RaftServerImpl.java:setRole(170)) - 919a5fb4-be8f-4ab0-b4ab-d725ff256d57@group-78CFC45CFEA4: changes role from CANDIDATE to LEADER at term 1 for changeToLeader
2019-10-10 21:28:52,485 [919a5fb4-be8f-4ab0-b4ab-d725ff256d57@group-78CFC45CFEA4-LeaderElection57] INFO  impl.RaftServerImpl (ServerState.java:setLeader(255)) - 919a5fb4-be8f-4ab0-b4ab-d725ff256d57@group-78CFC45CFEA4: change Leader from null to 919a5fb4-be8f-4ab0-b4ab-d725ff256d57 at term 1 for becomeLeader, leader elected after 5213ms
2019-10-10 21:28:52,485 [919a5fb4-be8f-4ab0-b4ab-d725ff256d57@group-78CFC45CFEA4-LeaderElection57] INFO  server.RaftServerConfigKeys (ConfUtils.java:logGet(43)) - raft.server.staging.catchup.gap = 1000 (default)
2019-10-10 21:28:52,485 [919a5fb4-be8f-4ab0-b4ab-d725ff256d57@group-78CFC45CFEA4-LeaderElection57] INFO  server.RaftServerConfigKeys (ConfUtils.java:logGet(43)) - raft.server.rpc.sleep.time = 25ms (default)
2019-10-10 21:28:52,485 [919a5fb4-be8f-4ab0-b4ab-d725ff256d57@group-78CFC45CFEA4-LeaderElection57] INFO  server.RaftServerConfigKeys (ConfUtils.java:logGet(43)) - raft.server.write.element-limit = 4096 (default)
2019-10-10 21:28:52,485 [919a5fb4-be8f-4ab0-b4ab-d725ff256d57@group-78CFC45CFEA4-LeaderElection57] INFO  server.RaftServerConfigKeys (ConfUtils.java:logGet(43)) - raft.server.watch.timeout = 10s (default)
2019-10-10 21:28:52,486 [919a5fb4-be8f-4ab0-b4ab-d725ff256d57@group-78CFC45CFEA4-LeaderElection57] INFO  server.RaftServerConfigKeys (ConfUtils.java:logGet(43)) - raft.server.watch.timeout.denomination = 1s (default)
2019-10-10 21:28:52,486 [919a5fb4-be8f-4ab0-b4ab-d725ff256d57@group-78CFC45CFEA4-LeaderElection57] INFO  server.RaftServerConfigKeys (ConfUtils.java:logGet(43)) - raft.server.watch.element-limit = 65536 (default)
2019-10-10 21:28:52,488 [919a5fb4-be8f-4ab0-b4ab-d725ff256d57@group-78CFC45CFEA4-LeaderElection57] INFO  impl.RoleInfo (RoleInfo.java:updateAndGet(143)) - 919a5fb4-be8f-4ab0-b4ab-d725ff256d57: start LeaderState
2019-10-10 21:28:52,488 [919a5fb4-be8f-4ab0-b4ab-d725ff256d57@group-78CFC45CFEA4-LeaderElection57] INFO  segmented.SegmentedRaftLogWorker (SegmentedRaftLogWorker.java:startLogSegment(385)) - 919a5fb4-be8f-4ab0-b4ab-d725ff256d57@group-78CFC45CFEA4-SegmentedRaftLogWorker: Starting segment from index:0
2019-10-10 21:28:52,489 [919a5fb4-be8f-4ab0-b4ab-d725ff256d57@group-78CFC45CFEA4-LeaderElection57] INFO  impl.RaftServerImpl (ServerState.java:setRaftConf(356)) - 919a5fb4-be8f-4ab0-b4ab-d725ff256d57@group-78CFC45CFEA4: set configuration 0: [919a5fb4-be8f-4ab0-b4ab-d725ff256d57:192.168.157.203:46769], old=null at 0
2019-10-10 21:28:52,496 [Thread-1436] INFO  impl.FollowerState (FollowerState.java:run(108)) - 1c4f1302-9db1-485d-83b0-a9aeaaa1c8b3@group-72AE90098DA9-FollowerState: change to CANDIDATE, lastRpcTime:5104ms, electionTimeout:5104ms
2019-10-10 21:28:52,497 [Thread-1436] INFO  impl.RoleInfo (RoleInfo.java:shutdownFollowerState(121)) - 1c4f1302-9db1-485d-83b0-a9aeaaa1c8b3: shutdown FollowerState
2019-10-10 21:28:52,497 [Thread-1436] INFO  impl.RaftServerImpl (RaftServerImpl.java:setRole(170)) - 1c4f1302-9db1-485d-83b0-a9aeaaa1c8b3@group-72AE90098DA9: changes role from  FOLLOWER to CANDIDATE at term 0 for changeToCandidate
2019-10-10 21:28:52,497 [Thread-1436] INFO  impl.RoleInfo (RoleInfo.java:updateAndGet(143)) - 1c4f1302-9db1-485d-83b0-a9aeaaa1c8b3: start LeaderElection
2019-10-10 21:28:52,532 [919a5fb4-be8f-4ab0-b4ab-d725ff256d57@group-78CFC45CFEA4-SegmentedRaftLogWorker] INFO  segmented.SegmentedRaftLogWorker (SegmentedRaftLogWorker.java:execute(574)) - 919a5fb4-be8f-4ab0-b4ab-d725ff256d57@group-78CFC45CFEA4-SegmentedRaftLogWorker: created new log segment /workdir/hadoop-ozone/integration-test/target/test-dir/MiniOzoneClusterImpl-a7482f6d-0604-4b29-bcdd-7bbe80bb2474/datanode-4/data/ratis/1c49f5db-0bd5-429f-94ba-78cfc45cfea4/current/log_inprogress_0
2019-10-10 21:28:52,532 [1c4f1302-9db1-485d-83b0-a9aeaaa1c8b3@group-72AE90098DA9-LeaderElection58] INFO  impl.LeaderElection (LeaderElection.java:askForVotes(178)) - 1c4f1302-9db1-485d-83b0-a9aeaaa1c8b3@group-72AE90098DA9-LeaderElection58: begin an election at term 1 for -1: [1c4f1302-9db1-485d-83b0-a9aeaaa1c8b3:192.168.157.203:39244], old=null
2019-10-10 21:28:52,532 [1c4f1302-9db1-485d-83b0-a9aeaaa1c8b3@group-72AE90098DA9-LeaderElection58] INFO  impl.RoleInfo (RoleInfo.java:shutdownLeaderElection(134)) - 1c4f1302-9db1-485d-83b0-a9aeaaa1c8b3: shutdown LeaderElection
2019-10-10 21:28:52,535 [1c4f1302-9db1-485d-83b0-a9aeaaa1c8b3@group-72AE90098DA9-LeaderElection58] INFO  impl.RaftServerImpl (RaftServerImpl.java:setRole(170)) - 1c4f1302-9db1-485d-83b0-a9aeaaa1c8b3@group-72AE90098DA9: changes role from CANDIDATE to LEADER at term 1 for changeToLeader
2019-10-10 21:28:52,536 [1c4f1302-9db1-485d-83b0-a9aeaaa1c8b3@group-72AE90098DA9-LeaderElection58] INFO  impl.RaftServerImpl (ServerState.java:setLeader(255)) - 1c4f1302-9db1-485d-83b0-a9aeaaa1c8b3@group-72AE90098DA9: change Leader from null to 1c4f1302-9db1-485d-83b0-a9aeaaa1c8b3 at term 1 for becomeLeader, leader elected after 5148ms
2019-10-10 21:28:52,536 [1c4f1302-9db1-485d-83b0-a9aeaaa1c8b3@group-72AE90098DA9-LeaderElection58] INFO  server.RaftServerConfigKeys (ConfUtils.java:logGet(43)) - raft.server.staging.catchup.gap = 1000 (default)
2019-10-10 21:28:52,538 [1c4f1302-9db1-485d-83b0-a9aeaaa1c8b3@group-72AE90098DA9-LeaderElection58] INFO  server.RaftServerConfigKeys (ConfUtils.java:logGet(43)) - raft.server.rpc.sleep.time = 25ms (default)
2019-10-10 21:28:52,538 [1c4f1302-9db1-485d-83b0-a9aeaaa1c8b3@group-72AE90098DA9-LeaderElection58] INFO  server.RaftServerConfigKeys (ConfUtils.java:logGet(43)) - raft.server.write.element-limit = 4096 (default)
2019-10-10 21:28:52,538 [1c4f1302-9db1-485d-83b0-a9aeaaa1c8b3@group-72AE90098DA9-LeaderElection58] INFO  server.RaftServerConfigKeys (ConfUtils.java:logGet(43)) - raft.server.watch.timeout = 10s (default)
2019-10-10 21:28:52,543 [1c4f1302-9db1-485d-83b0-a9aeaaa1c8b3@group-72AE90098DA9-LeaderElection58] INFO  server.RaftServerConfigKeys (ConfUtils.java:logGet(43)) - raft.server.watch.timeout.denomination = 1s (default)
2019-10-10 21:28:52,546 [1c4f1302-9db1-485d-83b0-a9aeaaa1c8b3@group-72AE90098DA9-LeaderElection58] INFO  server.RaftServerConfigKeys (ConfUtils.java:logGet(43)) - raft.server.watch.element-limit = 65536 (default)
2019-10-10 21:28:52,551 [1c4f1302-9db1-485d-83b0-a9aeaaa1c8b3@group-72AE90098DA9-LeaderElection58] INFO  impl.RoleInfo (RoleInfo.java:updateAndGet(143)) - 1c4f1302-9db1-485d-83b0-a9aeaaa1c8b3: start LeaderState
2019-10-10 21:28:52,551 [1c4f1302-9db1-485d-83b0-a9aeaaa1c8b3@group-72AE90098DA9-LeaderElection58] INFO  segmented.SegmentedRaftLogWorker (SegmentedRaftLogWorker.java:startLogSegment(385)) - 1c4f1302-9db1-485d-83b0-a9aeaaa1c8b3@group-72AE90098DA9-SegmentedRaftLogWorker: Starting segment from index:0
2019-10-10 21:28:52,551 [1c4f1302-9db1-485d-83b0-a9aeaaa1c8b3@group-72AE90098DA9-LeaderElection58] INFO  impl.RaftServerImpl (ServerState.java:setRaftConf(356)) - 1c4f1302-9db1-485d-83b0-a9aeaaa1c8b3@group-72AE90098DA9: set configuration 0: [1c4f1302-9db1-485d-83b0-a9aeaaa1c8b3:192.168.157.203:39244], old=null at 0
2019-10-10 21:28:52,554 [Thread-1439] INFO  impl.FollowerState (FollowerState.java:run(108)) - 738fedeb-6967-4662-b341-58cc98afdba9@group-770A65D0B40D-FollowerState: change to CANDIDATE, lastRpcTime:5100ms, electionTimeout:5100ms
2019-10-10 21:28:52,554 [Thread-1439] INFO  impl.RoleInfo (RoleInfo.java:shutdownFollowerState(121)) - 738fedeb-6967-4662-b341-58cc98afdba9: shutdown FollowerState
2019-10-10 21:28:52,555 [Thread-1439] INFO  impl.RaftServerImpl (RaftServerImpl.java:setRole(170)) - 738fedeb-6967-4662-b341-58cc98afdba9@group-770A65D0B40D: changes role from  FOLLOWER to CANDIDATE at term 0 for changeToCandidate
2019-10-10 21:28:52,555 [Thread-1439] INFO  impl.RoleInfo (RoleInfo.java:updateAndGet(143)) - 738fedeb-6967-4662-b341-58cc98afdba9: start LeaderElection
2019-10-10 21:28:52,595 [Thread-1444] INFO  impl.FollowerState (FollowerState.java:run(108)) - c47696ef-e34f-4985-b806-bbd4689a3a9d@group-770A65D0B40D-FollowerState: change to CANDIDATE, lastRpcTime:5133ms, electionTimeout:5133ms
2019-10-10 21:28:52,596 [Thread-1444] INFO  impl.RoleInfo (RoleInfo.java:shutdownFollowerState(121)) - c47696ef-e34f-4985-b806-bbd4689a3a9d: shutdown FollowerState
2019-10-10 21:28:52,596 [Thread-1444] INFO  impl.RaftServerImpl (RaftServerImpl.java:setRole(170)) - c47696ef-e34f-4985-b806-bbd4689a3a9d@group-770A65D0B40D: changes role from  FOLLOWER to CANDIDATE at term 0 for changeToCandidate
2019-10-10 21:28:52,596 [Thread-1444] INFO  impl.RoleInfo (RoleInfo.java:updateAndGet(143)) - c47696ef-e34f-4985-b806-bbd4689a3a9d: start LeaderElection
2019-10-10 21:28:52,602 [1c4f1302-9db1-485d-83b0-a9aeaaa1c8b3@group-72AE90098DA9-SegmentedRaftLogWorker] INFO  segmented.SegmentedRaftLogWorker (SegmentedRaftLogWorker.java:execute(574)) - 1c4f1302-9db1-485d-83b0-a9aeaaa1c8b3@group-72AE90098DA9-SegmentedRaftLogWorker: created new log segment /workdir/hadoop-ozone/integration-test/target/test-dir/MiniOzoneClusterImpl-a7482f6d-0604-4b29-bcdd-7bbe80bb2474/datanode-6/data/ratis/e67100c1-38ed-4438-9b6e-72ae90098da9/current/log_inprogress_0
2019-10-10 21:28:52,602 [738fedeb-6967-4662-b341-58cc98afdba9@group-770A65D0B40D-LeaderElection59] INFO  impl.LeaderElection (LeaderElection.java:askForVotes(178)) - 738fedeb-6967-4662-b341-58cc98afdba9@group-770A65D0B40D-LeaderElection59: begin an election at term 1 for -1: [738fedeb-6967-4662-b341-58cc98afdba9:192.168.157.203:46631, 919a5fb4-be8f-4ab0-b4ab-d725ff256d57:192.168.157.203:46769, c47696ef-e34f-4985-b806-bbd4689a3a9d:192.168.157.203:38837], old=null
2019-10-10 21:28:52,616 [c47696ef-e34f-4985-b806-bbd4689a3a9d@group-770A65D0B40D-LeaderElection60] INFO  impl.LeaderElection (LeaderElection.java:askForVotes(178)) - c47696ef-e34f-4985-b806-bbd4689a3a9d@group-770A65D0B40D-LeaderElection60: begin an election at term 1 for -1: [738fedeb-6967-4662-b341-58cc98afdba9:192.168.157.203:46631, 919a5fb4-be8f-4ab0-b4ab-d725ff256d57:192.168.157.203:46769, c47696ef-e34f-4985-b806-bbd4689a3a9d:192.168.157.203:38837], old=null
2019-10-10 21:28:52,626 [grpc-default-executor-2] INFO  impl.RaftServerImpl (RaftServerImpl.java:setRole(170)) - 919a5fb4-be8f-4ab0-b4ab-d725ff256d57@group-770A65D0B40D: changes role from  FOLLOWER to FOLLOWER at term 1 for recognizeCandidate:738fedeb-6967-4662-b341-58cc98afdba9
2019-10-10 21:28:52,626 [grpc-default-executor-2] INFO  impl.RoleInfo (RoleInfo.java:shutdownFollowerState(121)) - 919a5fb4-be8f-4ab0-b4ab-d725ff256d57: shutdown FollowerState
2019-10-10 21:28:52,626 [grpc-default-executor-2] INFO  impl.RoleInfo (RoleInfo.java:updateAndGet(143)) - 919a5fb4-be8f-4ab0-b4ab-d725ff256d57: start FollowerState
2019-10-10 21:28:52,626 [Thread-1443] INFO  impl.FollowerState (FollowerState.java:run(117)) - 919a5fb4-be8f-4ab0-b4ab-d725ff256d57@group-770A65D0B40D-FollowerState was interrupted: java.lang.InterruptedException: sleep interrupted
2019-10-10 21:28:52,644 [738fedeb-6967-4662-b341-58cc98afdba9@group-770A65D0B40D-LeaderElection59] INFO  impl.LeaderElection (LeaderElection.java:logAndReturn(56)) - 738fedeb-6967-4662-b341-58cc98afdba9@group-770A65D0B40D-LeaderElection59: Election PASSED; received 2 response(s) [738fedeb-6967-4662-b341-58cc98afdba9<-919a5fb4-be8f-4ab0-b4ab-d725ff256d57#0:OK-t1, 738fedeb-6967-4662-b341-58cc98afdba9<-c47696ef-e34f-4985-b806-bbd4689a3a9d#0:FAIL-t1] and 0 exception(s); 738fedeb-6967-4662-b341-58cc98afdba9@group-770A65D0B40D:t1, leader=null, voted=738fedeb-6967-4662-b341-58cc98afdba9, raftlog=738fedeb-6967-4662-b341-58cc98afdba9@group-770A65D0B40D-SegmentedRaftLog:OPENED:c-1,f-1,i0, conf=-1: [738fedeb-6967-4662-b341-58cc98afdba9:192.168.157.203:46631, 919a5fb4-be8f-4ab0-b4ab-d725ff256d57:192.168.157.203:46769, c47696ef-e34f-4985-b806-bbd4689a3a9d:192.168.157.203:38837], old=null
2019-10-10 21:28:52,644 [738fedeb-6967-4662-b341-58cc98afdba9@group-770A65D0B40D-LeaderElection59] INFO  impl.RoleInfo (RoleInfo.java:shutdownLeaderElection(134)) - 738fedeb-6967-4662-b341-58cc98afdba9: shutdown LeaderElection
2019-10-10 21:28:52,644 [738fedeb-6967-4662-b341-58cc98afdba9@group-770A65D0B40D-LeaderElection59] INFO  impl.RaftServerImpl (RaftServerImpl.java:setRole(170)) - 738fedeb-6967-4662-b341-58cc98afdba9@group-770A65D0B40D: changes role from CANDIDATE to LEADER at term 1 for changeToLeader
2019-10-10 21:28:52,646 [738fedeb-6967-4662-b341-58cc98afdba9@group-770A65D0B40D-LeaderElection59] INFO  impl.RaftServerImpl (ServerState.java:setLeader(255)) - 738fedeb-6967-4662-b341-58cc98afdba9@group-770A65D0B40D: change Leader from null to 738fedeb-6967-4662-b341-58cc98afdba9 at term 1 for becomeLeader, leader elected after 5197ms
2019-10-10 21:28:52,647 [738fedeb-6967-4662-b341-58cc98afdba9@group-770A65D0B40D-LeaderElection59] INFO  server.RaftServerConfigKeys (ConfUtils.java:logGet(43)) - raft.server.staging.catchup.gap = 1000 (default)
2019-10-10 21:28:52,647 [738fedeb-6967-4662-b341-58cc98afdba9@group-770A65D0B40D-LeaderElection59] INFO  server.RaftServerConfigKeys (ConfUtils.java:logGet(43)) - raft.server.rpc.sleep.time = 25ms (default)
2019-10-10 21:28:52,647 [c47696ef-e34f-4985-b806-bbd4689a3a9d@group-770A65D0B40D-LeaderElection60] INFO  impl.LeaderElection (LeaderElection.java:logAndReturn(56)) - c47696ef-e34f-4985-b806-bbd4689a3a9d@group-770A65D0B40D-LeaderElection60: Election REJECTED; received 2 response(s) [c47696ef-e34f-4985-b806-bbd4689a3a9d<-738fedeb-6967-4662-b341-58cc98afdba9#0:FAIL-t1, c47696ef-e34f-4985-b806-bbd4689a3a9d<-919a5fb4-be8f-4ab0-b4ab-d725ff256d57#0:FAIL-t1] and 0 exception(s); c47696ef-e34f-4985-b806-bbd4689a3a9d@group-770A65D0B40D:t1, leader=null, voted=c47696ef-e34f-4985-b806-bbd4689a3a9d, raftlog=c47696ef-e34f-4985-b806-bbd4689a3a9d@group-770A65D0B40D-SegmentedRaftLog:OPENED:c-1,f-1,i0, conf=-1: [738fedeb-6967-4662-b341-58cc98afdba9:192.168.157.203:46631, 919a5fb4-be8f-4ab0-b4ab-d725ff256d57:192.168.157.203:46769, c47696ef-e34f-4985-b806-bbd4689a3a9d:192.168.157.203:38837], old=null
2019-10-10 21:28:52,649 [738fedeb-6967-4662-b341-58cc98afdba9@group-770A65D0B40D-LeaderElection59] INFO  server.RaftServerConfigKeys (ConfUtils.java:logGet(43)) - raft.server.write.element-limit = 4096 (default)
2019-10-10 21:28:52,649 [c47696ef-e34f-4985-b806-bbd4689a3a9d@group-770A65D0B40D-LeaderElection60] INFO  impl.RaftServerImpl (RaftServerImpl.java:setRole(170)) - c47696ef-e34f-4985-b806-bbd4689a3a9d@group-770A65D0B40D: changes role from CANDIDATE to FOLLOWER at term 1 for DISCOVERED_A_NEW_TERM
2019-10-10 21:28:52,651 [738fedeb-6967-4662-b341-58cc98afdba9@group-770A65D0B40D-LeaderElection59] INFO  server.RaftServerConfigKeys (ConfUtils.java:logGet(43)) - raft.server.watch.timeout = 10s (default)
2019-10-10 21:28:52,651 [c47696ef-e34f-4985-b806-bbd4689a3a9d@group-770A65D0B40D-LeaderElection60] INFO  impl.RoleInfo (RoleInfo.java:shutdownLeaderElection(134)) - c47696ef-e34f-4985-b806-bbd4689a3a9d: shutdown LeaderElection
2019-10-10 21:28:52,651 [738fedeb-6967-4662-b341-58cc98afdba9@group-770A65D0B40D-LeaderElection59] INFO  server.RaftServerConfigKeys (ConfUtils.java:logGet(43)) - raft.server.watch.timeout.denomination = 1s (default)
2019-10-10 21:28:52,652 [c47696ef-e34f-4985-b806-bbd4689a3a9d@group-770A65D0B40D-LeaderElection60] INFO  impl.RoleInfo (RoleInfo.java:updateAndGet(143)) - c47696ef-e34f-4985-b806-bbd4689a3a9d: start FollowerState
2019-10-10 21:28:52,652 [738fedeb-6967-4662-b341-58cc98afdba9@group-770A65D0B40D-LeaderElection59] INFO  server.RaftServerConfigKeys (ConfUtils.java:logGet(43)) - raft.server.watch.element-limit = 65536 (default)
2019-10-10 21:28:52,653 [738fedeb-6967-4662-b341-58cc98afdba9@group-770A65D0B40D-LeaderElection59] INFO  server.RaftServerConfigKeys (ConfUtils.java:logGet(43)) - raft.server.log.appender.snapshot.chunk.size.max = 16MB (=16777216) (default)
2019-10-10 21:28:52,653 [738fedeb-6967-4662-b341-58cc98afdba9@group-770A65D0B40D-LeaderElection59] INFO  server.RaftServerConfigKeys (ConfUtils.java:logGet(43)) - raft.server.log.appender.buffer.byte-limit = 33554432 (custom)
2019-10-10 21:28:52,653 [738fedeb-6967-4662-b341-58cc98afdba9@group-770A65D0B40D-LeaderElection59] INFO  server.RaftServerConfigKeys (ConfUtils.java:logGet(43)) - raft.server.log.appender.buffer.element-limit = 1 (custom)
2019-10-10 21:28:52,654 [738fedeb-6967-4662-b341-58cc98afdba9@group-770A65D0B40D-LeaderElection59] INFO  grpc.GrpcConfigKeys$Server (ConfUtils.java:logGet(43)) - raft.grpc.server.leader.outstanding.appends.max = 128 (default)
2019-10-10 21:28:52,654 [738fedeb-6967-4662-b341-58cc98afdba9@group-770A65D0B40D-LeaderElection59] INFO  server.RaftServerConfigKeys (ConfUtils.java:logGet(43)) - raft.server.rpc.request.timeout = 3000ms (default)
2019-10-10 21:28:52,654 [738fedeb-6967-4662-b341-58cc98afdba9@group-770A65D0B40D-LeaderElection59] INFO  server.RaftServerConfigKeys (ConfUtils.java:logGet(43)) - raft.server.log.appender.install.snapshot.enabled = false (custom)
2019-10-10 21:28:52,654 [738fedeb-6967-4662-b341-58cc98afdba9@group-770A65D0B40D-LeaderElection59] INFO  server.RaftServerConfigKeys (ConfUtils.java:logGet(43)) - raft.server.log.appender.snapshot.chunk.size.max = 16MB (=16777216) (default)
2019-10-10 21:28:52,654 [738fedeb-6967-4662-b341-58cc98afdba9@group-770A65D0B40D-LeaderElection59] INFO  server.RaftServerConfigKeys (ConfUtils.java:logGet(43)) - raft.server.log.appender.buffer.byte-limit = 33554432 (custom)
2019-10-10 21:28:52,654 [738fedeb-6967-4662-b341-58cc98afdba9@group-770A65D0B40D-LeaderElection59] INFO  server.RaftServerConfigKeys (ConfUtils.java:logGet(43)) - raft.server.log.appender.buffer.element-limit = 1 (custom)
2019-10-10 21:28:52,654 [738fedeb-6967-4662-b341-58cc98afdba9@group-770A65D0B40D-LeaderElection59] INFO  grpc.GrpcConfigKeys$Server (ConfUtils.java:logGet(43)) - raft.grpc.server.leader.outstanding.appends.max = 128 (default)
2019-10-10 21:28:52,654 [738fedeb-6967-4662-b341-58cc98afdba9@group-770A65D0B40D-LeaderElection59] INFO  server.RaftServerConfigKeys (ConfUtils.java:logGet(43)) - raft.server.rpc.request.timeout = 3000ms (default)
2019-10-10 21:28:52,655 [738fedeb-6967-4662-b341-58cc98afdba9@group-770A65D0B40D-LeaderElection59] INFO  server.RaftServerConfigKeys (ConfUtils.java:logGet(43)) - raft.server.log.appender.install.snapshot.enabled = false (custom)
2019-10-10 21:28:52,655 [738fedeb-6967-4662-b341-58cc98afdba9@group-770A65D0B40D-LeaderElection59] INFO  impl.RoleInfo (RoleInfo.java:updateAndGet(143)) - 738fedeb-6967-4662-b341-58cc98afdba9: start LeaderState
2019-10-10 21:28:52,655 [738fedeb-6967-4662-b341-58cc98afdba9@group-770A65D0B40D-LeaderElection59] INFO  segmented.SegmentedRaftLogWorker (SegmentedRaftLogWorker.java:startLogSegment(385)) - 738fedeb-6967-4662-b341-58cc98afdba9@group-770A65D0B40D-SegmentedRaftLogWorker: Starting segment from index:0
2019-10-10 21:28:52,656 [738fedeb-6967-4662-b341-58cc98afdba9@group-770A65D0B40D-LeaderElection59] INFO  impl.RaftServerImpl (ServerState.java:setRaftConf(356)) - 738fedeb-6967-4662-b341-58cc98afdba9@group-770A65D0B40D: set configuration 0: [738fedeb-6967-4662-b341-58cc98afdba9:192.168.157.203:46631, 919a5fb4-be8f-4ab0-b4ab-d725ff256d57:192.168.157.203:46769, c47696ef-e34f-4985-b806-bbd4689a3a9d:192.168.157.203:38837], old=null at 0
2019-10-10 21:28:52,689 [grpc-default-executor-4] INFO  impl.RaftServerImpl (ServerState.java:setLeader(255)) - c47696ef-e34f-4985-b806-bbd4689a3a9d@group-770A65D0B40D: change Leader from null to 738fedeb-6967-4662-b341-58cc98afdba9 at term 1 for appendEntries, leader elected after 5241ms
2019-10-10 21:28:52,689 [grpc-default-executor-2] INFO  impl.RaftServerImpl (ServerState.java:setLeader(255)) - 919a5fb4-be8f-4ab0-b4ab-d725ff256d57@group-770A65D0B40D: change Leader from null to 738fedeb-6967-4662-b341-58cc98afdba9 at term 1 for appendEntries, leader elected after 5242ms
2019-10-10 21:28:52,691 [grpc-default-executor-2] INFO  impl.RaftServerImpl (ServerState.java:setRaftConf(356)) - c47696ef-e34f-4985-b806-bbd4689a3a9d@group-770A65D0B40D: set configuration 0: [738fedeb-6967-4662-b341-58cc98afdba9:192.168.157.203:46631, 919a5fb4-be8f-4ab0-b4ab-d725ff256d57:192.168.157.203:46769, c47696ef-e34f-4985-b806-bbd4689a3a9d:192.168.157.203:38837], old=null at 0
2019-10-10 21:28:52,691 [738fedeb-6967-4662-b341-58cc98afdba9@group-770A65D0B40D-SegmentedRaftLogWorker] INFO  segmented.SegmentedRaftLogWorker (SegmentedRaftLogWorker.java:execute(574)) - 738fedeb-6967-4662-b341-58cc98afdba9@group-770A65D0B40D-SegmentedRaftLogWorker: created new log segment /workdir/hadoop-ozone/integration-test/target/test-dir/MiniOzoneClusterImpl-a7482f6d-0604-4b29-bcdd-7bbe80bb2474/datanode-5/data/ratis/4a41a15f-a228-468a-ade9-770a65d0b40d/current/log_inprogress_0
2019-10-10 21:28:52,691 [grpc-default-executor-4] INFO  impl.RaftServerImpl (ServerState.java:setRaftConf(356)) - 919a5fb4-be8f-4ab0-b4ab-d725ff256d57@group-770A65D0B40D: set configuration 0: [738fedeb-6967-4662-b341-58cc98afdba9:192.168.157.203:46631, 919a5fb4-be8f-4ab0-b4ab-d725ff256d57:192.168.157.203:46769, c47696ef-e34f-4985-b806-bbd4689a3a9d:192.168.157.203:38837], old=null at 0
2019-10-10 21:28:52,691 [grpc-default-executor-2] INFO  segmented.SegmentedRaftLogWorker (SegmentedRaftLogWorker.java:startLogSegment(385)) - c47696ef-e34f-4985-b806-bbd4689a3a9d@group-770A65D0B40D-SegmentedRaftLogWorker: Starting segment from index:0
2019-10-10 21:28:52,691 [grpc-default-executor-4] INFO  segmented.SegmentedRaftLogWorker (SegmentedRaftLogWorker.java:startLogSegment(385)) - 919a5fb4-be8f-4ab0-b4ab-d725ff256d57@group-770A65D0B40D-SegmentedRaftLogWorker: Starting segment from index:0
2019-10-10 21:28:52,750 [c47696ef-e34f-4985-b806-bbd4689a3a9d@group-770A65D0B40D-SegmentedRaftLogWorker] INFO  segmented.SegmentedRaftLogWorker (SegmentedRaftLogWorker.java:execute(574)) - c47696ef-e34f-4985-b806-bbd4689a3a9d@group-770A65D0B40D-SegmentedRaftLogWorker: created new log segment /workdir/hadoop-ozone/integration-test/target/test-dir/MiniOzoneClusterImpl-a7482f6d-0604-4b29-bcdd-7bbe80bb2474/datanode-3/data/ratis/4a41a15f-a228-468a-ade9-770a65d0b40d/current/log_inprogress_0
2019-10-10 21:28:52,750 [919a5fb4-be8f-4ab0-b4ab-d725ff256d57@group-770A65D0B40D-SegmentedRaftLogWorker] INFO  segmented.SegmentedRaftLogWorker (SegmentedRaftLogWorker.java:execute(574)) - 919a5fb4-be8f-4ab0-b4ab-d725ff256d57@group-770A65D0B40D-SegmentedRaftLogWorker: created new log segment /workdir/hadoop-ozone/integration-test/target/test-dir/MiniOzoneClusterImpl-a7482f6d-0604-4b29-bcdd-7bbe80bb2474/datanode-4/data/ratis/4a41a15f-a228-468a-ade9-770a65d0b40d/current/log_inprogress_0
2019-10-10 21:28:53,731 [Datanode State Machine Thread - 0] INFO  statemachine.DatanodeStateMachine (DatanodeStateMachine.java:lambda$startDaemon$0(350)) - Ozone container server started.
2019-10-10 21:28:57,743 [main] INFO  ozoneimpl.OzoneContainer (OzoneContainer.java:stop(227)) - Attempting to stop container services.
2019-10-10 21:28:57,745 [main] INFO  impl.RaftServerProxy (RaftServerProxy.java:lambda$close$4(314)) - b53b5c8e-5e67-456c-afc2-42f0810f9e11: close
2019-10-10 21:28:57,745 [main] INFO  impl.RaftServerImpl (RaftServerImpl.java:lambda$shutdown$3(247)) - b53b5c8e-5e67-456c-afc2-42f0810f9e11@group-87B60856736B: shutdown
2019-10-10 21:28:57,746 [ForkJoinPool.commonPool-worker-1] INFO  impl.RaftServerImpl (RaftServerImpl.java:lambda$shutdown$3(247)) - b53b5c8e-5e67-456c-afc2-42f0810f9e11@group-4429540AD53A: shutdown
2019-10-10 21:28:57,746 [main] INFO  util.JmxRegister (JmxRegister.java:unregister(73)) - Successfully un-registered JMX Bean with object name Ratis:service=RaftServer,group=group-87B60856736B,id=b53b5c8e-5e67-456c-afc2-42f0810f9e11
2019-10-10 21:28:57,746 [ForkJoinPool.commonPool-worker-1] INFO  util.JmxRegister (JmxRegister.java:unregister(73)) - Successfully un-registered JMX Bean with object name Ratis:service=RaftServer,group=group-4429540AD53A,id=b53b5c8e-5e67-456c-afc2-42f0810f9e11
2019-10-10 21:28:57,746 [main] INFO  impl.RoleInfo (RoleInfo.java:shutdownLeaderState(104)) - b53b5c8e-5e67-456c-afc2-42f0810f9e11: shutdown LeaderState
2019-10-10 21:28:57,747 [ForkJoinPool.commonPool-worker-1] INFO  impl.RoleInfo (RoleInfo.java:shutdownFollowerState(121)) - b53b5c8e-5e67-456c-afc2-42f0810f9e11: shutdown FollowerState
2019-10-10 21:28:57,747 [main] INFO  impl.PendingRequests (PendingRequests.java:sendNotLeaderResponses(202)) - b53b5c8e-5e67-456c-afc2-42f0810f9e11@group-87B60856736B-PendingRequests: sendNotLeaderResponses
2019-10-10 21:28:57,747 [b53b5c8e-5e67-456c-afc2-42f0810f9e11@group-4429540AD53A-StateMachineUpdater] INFO  ratis.ContainerStateMachine (ContainerStateMachine.java:takeSnapshot(294)) - group-4429540AD53A: Taking a snapshot at:(t:1, i:1) file /workdir/hadoop-ozone/integration-test/target/test-dir/MiniOzoneClusterImpl-a7482f6d-0604-4b29-bcdd-7bbe80bb2474/datanode-0/data/ratis/e2ca124d-acf6-404f-ad6f-4429540ad53a/sm/snapshot.1_1
2019-10-10 21:28:57,747 [Thread-1473] INFO  impl.FollowerState (FollowerState.java:run(117)) - b53b5c8e-5e67-456c-afc2-42f0810f9e11@group-4429540AD53A-FollowerState was interrupted: java.lang.InterruptedException: sleep interrupted
2019-10-10 21:28:57,748 [main] INFO  impl.StateMachineUpdater (StateMachineUpdater.java:stopAndJoin(136)) - b53b5c8e-5e67-456c-afc2-42f0810f9e11@group-87B60856736B-StateMachineUpdater: set stopIndex = 0
2019-10-10 21:28:57,747 [ForkJoinPool.commonPool-worker-1] INFO  impl.StateMachineUpdater (StateMachineUpdater.java:stopAndJoin(136)) - b53b5c8e-5e67-456c-afc2-42f0810f9e11@group-4429540AD53A-StateMachineUpdater: set stopIndex = 2
2019-10-10 21:28:57,752 [main] INFO  impl.RaftServerImpl (ServerState.java:close(387)) - b53b5c8e-5e67-456c-afc2-42f0810f9e11@group-87B60856736B: closes. applyIndex: 0
2019-10-10 21:28:57,753 [b53b5c8e-5e67-456c-afc2-42f0810f9e11@group-87B60856736B-SegmentedRaftLogWorker] INFO  segmented.SegmentedRaftLogWorker (SegmentedRaftLogWorker.java:run(316)) - b53b5c8e-5e67-456c-afc2-42f0810f9e11@group-87B60856736B-SegmentedRaftLogWorker was interrupted, exiting. There are 0 tasks remaining in the queue.
2019-10-10 21:28:57,756 [main] INFO  segmented.SegmentedRaftLogWorker (SegmentedRaftLogWorker.java:close(224)) - b53b5c8e-5e67-456c-afc2-42f0810f9e11@group-87B60856736B-SegmentedRaftLogWorker close()
2019-10-10 21:28:57,917 [b53b5c8e-5e67-456c-afc2-42f0810f9e11@group-4429540AD53A-StateMachineUpdater] INFO  ratis.ContainerStateMachine (ContainerStateMachine.java:takeSnapshot(305)) - group-4429540AD53A: Finished taking a snapshot at:(t:1, i:1) file:/workdir/hadoop-ozone/integration-test/target/test-dir/MiniOzoneClusterImpl-a7482f6d-0604-4b29-bcdd-7bbe80bb2474/datanode-0/data/ratis/e2ca124d-acf6-404f-ad6f-4429540ad53a/sm/snapshot.1_1 time:170
2019-10-10 21:28:57,918 [b53b5c8e-5e67-456c-afc2-42f0810f9e11@group-4429540AD53A-StateMachineUpdater] INFO  impl.StateMachineUpdater (StateMachineUpdater.java:takeSnapshot(269)) - b53b5c8e-5e67-456c-afc2-42f0810f9e11@group-4429540AD53A-StateMachineUpdater: Took a snapshot at index 1
2019-10-10 21:28:57,918 [b53b5c8e-5e67-456c-afc2-42f0810f9e11@group-4429540AD53A-StateMachineUpdater] INFO  impl.StateMachineUpdater (StateMachineUpdater.java:lambda$new$0(84)) - b53b5c8e-5e67-456c-afc2-42f0810f9e11@group-4429540AD53A-StateMachineUpdater: snapshotIndex: updateIncreasingly -1 -> 1
2019-10-10 21:28:57,918 [b53b5c8e-5e67-456c-afc2-42f0810f9e11@group-4429540AD53A-StateMachineUpdater] INFO  ratis.ContainerStateMachine (ContainerStateMachine.java:takeSnapshot(294)) - group-4429540AD53A: Taking a snapshot at:(t:1, i:1) file /workdir/hadoop-ozone/integration-test/target/test-dir/MiniOzoneClusterImpl-a7482f6d-0604-4b29-bcdd-7bbe80bb2474/datanode-0/data/ratis/e2ca124d-acf6-404f-ad6f-4429540ad53a/sm/snapshot.1_1
2019-10-10 21:28:57,930 [b53b5c8e-5e67-456c-afc2-42f0810f9e11@group-4429540AD53A-StateMachineUpdater] INFO  ratis.ContainerStateMachine (ContainerStateMachine.java:takeSnapshot(305)) - group-4429540AD53A: Finished taking a snapshot at:(t:1, i:1) file:/workdir/hadoop-ozone/integration-test/target/test-dir/MiniOzoneClusterImpl-a7482f6d-0604-4b29-bcdd-7bbe80bb2474/datanode-0/data/ratis/e2ca124d-acf6-404f-ad6f-4429540ad53a/sm/snapshot.1_1 time:12
2019-10-10 21:28:57,930 [b53b5c8e-5e67-456c-afc2-42f0810f9e11@group-4429540AD53A-StateMachineUpdater] INFO  impl.StateMachineUpdater (StateMachineUpdater.java:takeSnapshot(269)) - b53b5c8e-5e67-456c-afc2-42f0810f9e11@group-4429540AD53A-StateMachineUpdater: Took a snapshot at index 1
2019-10-10 21:28:57,930 [b53b5c8e-5e67-456c-afc2-42f0810f9e11@group-4429540AD53A-StateMachineUpdater] INFO  impl.StateMachineUpdater (StateMachineUpdater.java:lambda$new$0(84)) - b53b5c8e-5e67-456c-afc2-42f0810f9e11@group-4429540AD53A-StateMachineUpdater: snapshotIndex: updateIncreasingly 1 -> 1
2019-10-10 21:28:57,931 [ForkJoinPool.commonPool-worker-1] INFO  impl.RaftServerImpl (ServerState.java:close(387)) - b53b5c8e-5e67-456c-afc2-42f0810f9e11@group-4429540AD53A: closes. applyIndex: 2
2019-10-10 21:28:57,931 [b53b5c8e-5e67-456c-afc2-42f0810f9e11@group-4429540AD53A-SegmentedRaftLogWorker] INFO  segmented.SegmentedRaftLogWorker (SegmentedRaftLogWorker.java:run(316)) - b53b5c8e-5e67-456c-afc2-42f0810f9e11@group-4429540AD53A-SegmentedRaftLogWorker was interrupted, exiting. There are 0 tasks remaining in the queue.
2019-10-10 21:28:57,935 [ForkJoinPool.commonPool-worker-1] INFO  segmented.SegmentedRaftLogWorker (SegmentedRaftLogWorker.java:close(224)) - b53b5c8e-5e67-456c-afc2-42f0810f9e11@group-4429540AD53A-SegmentedRaftLogWorker close()
2019-10-10 21:28:57,940 [main] INFO  server.GrpcService (GrpcService.java:closeImpl(164)) - b53b5c8e-5e67-456c-afc2-42f0810f9e11: shutdown server with port 33905 now
2019-10-10 21:28:57,941 [grpc-default-executor-2] WARN  server.GrpcServerProtocolService (LogUtils.java:warn(134)) - b53b5c8e-5e67-456c-afc2-42f0810f9e11: installSnapshot onError, lastRequest: a900087f-503e-4321-861c-2daca883c610->b53b5c8e-5e67-456c-afc2-42f0810f9e11#5-t1, previous=(t:1, i:2), leaderCommit=2, initializing? false, entries: <empty>: org.apache.ratis.thirdparty.io.grpc.StatusRuntimeException: CANCELLED: cancelled before receiving half close
2019-10-10 21:28:57,944 [grpc-default-executor-0] WARN  server.GrpcLogAppender (LogUtils.java:warn(134)) - a900087f-503e-4321-861c-2daca883c610@group-4429540AD53A->b53b5c8e-5e67-456c-afc2-42f0810f9e11-AppendLogResponseHandler: Failed appendEntries: org.apache.ratis.thirdparty.io.grpc.StatusRuntimeException: CANCELLED: HTTP/2 error code: CANCEL
Received Rst Stream
2019-10-10 21:28:57,945 [main] INFO  server.GrpcService (GrpcService.java:closeImpl(172)) - b53b5c8e-5e67-456c-afc2-42f0810f9e11: shutdown server with port 33905 successfully
2019-10-10 21:28:57,945 [grpc-default-executor-0] INFO  impl.FollowerInfo (FollowerInfo.java:lambda$new$0(51)) - a900087f-503e-4321-861c-2daca883c610@group-4429540AD53A->b53b5c8e-5e67-456c-afc2-42f0810f9e11: nextIndex: updateUnconditionally 3 -> 2
2019-10-10 21:28:57,947 [refreshUsed-/workdir/hadoop-ozone/integration-test/target/test-dir/MiniOzoneClusterImpl-a7482f6d-0604-4b29-bcdd-7bbe80bb2474/datanode-0/data/containers] WARN  fs.CachingGetSpaceUsed (CachingGetSpaceUsed.java:run(183)) - Thread Interrupted waiting to refresh disk information: sleep interrupted
2019-10-10 21:28:57,964 [main] INFO  utils.BackgroundService (BackgroundService.java:shutdown(151)) - Shutting down service BlockDeletingService
2019-10-10 21:28:57,974 [main] INFO  statemachine.DatanodeStateMachine (DatanodeStateMachine.java:stopDaemon(395)) - Ozone container server stopped.
2019-10-10 21:28:57,976 [main] INFO  handler.ContextHandler (ContextHandler.java:doStop(910)) - Stopped o.e.j.w.WebAppContext@7792d851{/,null,UNAVAILABLE}{/hddsDatanode}
2019-10-10 21:28:57,979 [main] INFO  server.AbstractConnector (AbstractConnector.java:doStop(318)) - Stopped ServerConnector@5cd96b41{HTTP/1.1,[http/1.1]}{0.0.0.0:0}
2019-10-10 21:28:57,980 [main] INFO  handler.ContextHandler (ContextHandler.java:doStop(910)) - Stopped o.e.j.s.ServletContextHandler@43ecfeb5{/static,jar:file:/home/user/.m2/repository/org/apache/hadoop/hadoop-hdds-container-service/0.5.0-SNAPSHOT/hadoop-hdds-container-service-0.5.0-SNAPSHOT.jar!/webapps/static,UNAVAILABLE}
2019-10-10 21:28:57,980 [main] INFO  handler.ContextHandler (ContextHandler.java:doStop(910)) - Stopped o.e.j.s.ServletContextHandler@52ea0269{/logs,file:///workdir/hadoop-ozone/integration-test/target/log,UNAVAILABLE}
2019-10-10 21:28:58,756 [Datanode State Machine Thread - 0] INFO  statemachine.DatanodeStateMachine (DatanodeStateMachine.java:lambda$startDaemon$0(350)) - Ozone container server started.
2019-10-10 21:29:00,129 [grpc-default-executor-0] WARN  server.GrpcLogAppender (LogUtils.java:warn(134)) - a900087f-503e-4321-861c-2daca883c610@group-4429540AD53A->b53b5c8e-5e67-456c-afc2-42f0810f9e11-AppendLogResponseHandler: Failed appendEntries: org.apache.ratis.thirdparty.io.grpc.StatusRuntimeException: UNAVAILABLE: io exception
2019-10-10 21:29:00,129 [grpc-default-executor-0] INFO  impl.FollowerInfo (FollowerInfo.java:lambda$new$0(51)) - a900087f-503e-4321-861c-2daca883c610@group-4429540AD53A->b53b5c8e-5e67-456c-afc2-42f0810f9e11: nextIndex: updateUnconditionally 2 -> 1
2019-10-10 21:29:02,630 [grpc-default-executor-4] WARN  server.GrpcLogAppender (LogUtils.java:warn(134)) - a900087f-503e-4321-861c-2daca883c610@group-4429540AD53A->b53b5c8e-5e67-456c-afc2-42f0810f9e11-AppendLogResponseHandler: Failed appendEntries: org.apache.ratis.thirdparty.io.grpc.StatusRuntimeException: UNAVAILABLE: io exception
2019-10-10 21:29:02,630 [grpc-default-executor-4] INFO  impl.FollowerInfo (FollowerInfo.java:lambda$new$0(51)) - a900087f-503e-4321-861c-2daca883c610@group-4429540AD53A->b53b5c8e-5e67-456c-afc2-42f0810f9e11: nextIndex: updateUnconditionally 1 -> 0
2019-10-10 21:29:02,982 [main] INFO  ozoneimpl.OzoneContainer (OzoneContainer.java:stop(227)) - Attempting to stop container services.
2019-10-10 21:29:02,983 [main] INFO  impl.RaftServerProxy (RaftServerProxy.java:lambda$close$4(314)) - dfe184d8-5e71-4515-9f68-a36fd788b5f0: close
2019-10-10 21:29:02,984 [main] INFO  impl.RaftServerImpl (RaftServerImpl.java:lambda$shutdown$3(247)) - dfe184d8-5e71-4515-9f68-a36fd788b5f0@group-64462BE3DE81: shutdown
2019-10-10 21:29:02,984 [ForkJoinPool.commonPool-worker-0] INFO  impl.RaftServerImpl (RaftServerImpl.java:lambda$shutdown$3(247)) - dfe184d8-5e71-4515-9f68-a36fd788b5f0@group-4429540AD53A: shutdown
2019-10-10 21:29:02,984 [main] INFO  util.JmxRegister (JmxRegister.java:unregister(73)) - Successfully un-registered JMX Bean with object name Ratis:service=RaftServer,group=group-64462BE3DE81,id=dfe184d8-5e71-4515-9f68-a36fd788b5f0
2019-10-10 21:29:02,985 [ForkJoinPool.commonPool-worker-0] INFO  util.JmxRegister (JmxRegister.java:unregister(73)) - Successfully un-registered JMX Bean with object name Ratis:service=RaftServer,group=group-4429540AD53A,id=dfe184d8-5e71-4515-9f68-a36fd788b5f0
2019-10-10 21:29:02,985 [main] INFO  impl.RoleInfo (RoleInfo.java:shutdownLeaderState(104)) - dfe184d8-5e71-4515-9f68-a36fd788b5f0: shutdown LeaderState
2019-10-10 21:29:02,985 [ForkJoinPool.commonPool-worker-0] INFO  impl.RoleInfo (RoleInfo.java:shutdownFollowerState(121)) - dfe184d8-5e71-4515-9f68-a36fd788b5f0: shutdown FollowerState
2019-10-10 21:29:02,986 [main] INFO  impl.PendingRequests (PendingRequests.java:sendNotLeaderResponses(202)) - dfe184d8-5e71-4515-9f68-a36fd788b5f0@group-64462BE3DE81-PendingRequests: sendNotLeaderResponses
2019-10-10 21:29:02,986 [dfe184d8-5e71-4515-9f68-a36fd788b5f0@group-4429540AD53A-StateMachineUpdater] INFO  ratis.ContainerStateMachine (ContainerStateMachine.java:takeSnapshot(294)) - group-4429540AD53A: Taking a snapshot at:(t:1, i:1) file /workdir/hadoop-ozone/integration-test/target/test-dir/MiniOzoneClusterImpl-a7482f6d-0604-4b29-bcdd-7bbe80bb2474/datanode-2/data/ratis/e2ca124d-acf6-404f-ad6f-4429540ad53a/sm/snapshot.1_1
2019-10-10 21:29:02,986 [Thread-1472] INFO  impl.FollowerState (FollowerState.java:run(117)) - dfe184d8-5e71-4515-9f68-a36fd788b5f0@group-4429540AD53A-FollowerState was interrupted: java.lang.InterruptedException: sleep interrupted
2019-10-10 21:29:02,986 [ForkJoinPool.commonPool-worker-0] INFO  impl.StateMachineUpdater (StateMachineUpdater.java:stopAndJoin(136)) - dfe184d8-5e71-4515-9f68-a36fd788b5f0@group-4429540AD53A-StateMachineUpdater: set stopIndex = 2
2019-10-10 21:29:02,986 [main] INFO  impl.StateMachineUpdater (StateMachineUpdater.java:stopAndJoin(136)) - dfe184d8-5e71-4515-9f68-a36fd788b5f0@group-64462BE3DE81-StateMachineUpdater: set stopIndex = 0
2019-10-10 21:29:02,990 [main] INFO  impl.RaftServerImpl (ServerState.java:close(387)) - dfe184d8-5e71-4515-9f68-a36fd788b5f0@group-64462BE3DE81: closes. applyIndex: 0
2019-10-10 21:29:02,991 [dfe184d8-5e71-4515-9f68-a36fd788b5f0@group-64462BE3DE81-SegmentedRaftLogWorker] INFO  segmented.SegmentedRaftLogWorker (SegmentedRaftLogWorker.java:run(316)) - dfe184d8-5e71-4515-9f68-a36fd788b5f0@group-64462BE3DE81-SegmentedRaftLogWorker was interrupted, exiting. There are 0 tasks remaining in the queue.
2019-10-10 21:29:02,994 [main] INFO  segmented.SegmentedRaftLogWorker (SegmentedRaftLogWorker.java:close(224)) - dfe184d8-5e71-4515-9f68-a36fd788b5f0@group-64462BE3DE81-SegmentedRaftLogWorker close()
2019-10-10 21:29:05,137 [grpc-default-executor-0] WARN  server.GrpcLogAppender (LogUtils.java:warn(134)) - a900087f-503e-4321-861c-2daca883c610@group-4429540AD53A->b53b5c8e-5e67-456c-afc2-42f0810f9e11-AppendLogResponseHandler: Failed appendEntries: org.apache.ratis.thirdparty.io.grpc.StatusRuntimeException: UNAVAILABLE: io exception
2019-10-10 21:29:05,138 [grpc-default-executor-0] INFO  impl.FollowerInfo (FollowerInfo.java:lambda$new$0(51)) - a900087f-503e-4321-861c-2daca883c610@group-4429540AD53A->b53b5c8e-5e67-456c-afc2-42f0810f9e11: nextIndex: updateUnconditionally 0 -> 0
2019-10-10 21:29:05,710 [dfe184d8-5e71-4515-9f68-a36fd788b5f0@group-4429540AD53A-StateMachineUpdater] INFO  ratis.ContainerStateMachine (ContainerStateMachine.java:takeSnapshot(305)) - group-4429540AD53A: Finished taking a snapshot at:(t:1, i:1) file:/workdir/hadoop-ozone/integration-test/target/test-dir/MiniOzoneClusterImpl-a7482f6d-0604-4b29-bcdd-7bbe80bb2474/datanode-2/data/ratis/e2ca124d-acf6-404f-ad6f-4429540ad53a/sm/snapshot.1_1 time:2723
2019-10-10 21:29:05,711 [dfe184d8-5e71-4515-9f68-a36fd788b5f0@group-4429540AD53A-StateMachineUpdater] INFO  impl.StateMachineUpdater (StateMachineUpdater.java:takeSnapshot(269)) - dfe184d8-5e71-4515-9f68-a36fd788b5f0@group-4429540AD53A-StateMachineUpdater: Took a snapshot at index 1
2019-10-10 21:29:05,711 [dfe184d8-5e71-4515-9f68-a36fd788b5f0@group-4429540AD53A-StateMachineUpdater] INFO  impl.StateMachineUpdater (StateMachineUpdater.java:lambda$new$0(84)) - dfe184d8-5e71-4515-9f68-a36fd788b5f0@group-4429540AD53A-StateMachineUpdater: snapshotIndex: updateIncreasingly -1 -> 1
2019-10-10 21:29:05,712 [dfe184d8-5e71-4515-9f68-a36fd788b5f0@group-4429540AD53A-StateMachineUpdater] INFO  ratis.ContainerStateMachine (ContainerStateMachine.java:takeSnapshot(294)) - group-4429540AD53A: Taking a snapshot at:(t:1, i:1) file /workdir/hadoop-ozone/integration-test/target/test-dir/MiniOzoneClusterImpl-a7482f6d-0604-4b29-bcdd-7bbe80bb2474/datanode-2/data/ratis/e2ca124d-acf6-404f-ad6f-4429540ad53a/sm/snapshot.1_1
2019-10-10 21:29:05,731 [dfe184d8-5e71-4515-9f68-a36fd788b5f0@group-4429540AD53A-StateMachineUpdater] INFO  ratis.ContainerStateMachine (ContainerStateMachine.java:takeSnapshot(305)) - group-4429540AD53A: Finished taking a snapshot at:(t:1, i:1) file:/workdir/hadoop-ozone/integration-test/target/test-dir/MiniOzoneClusterImpl-a7482f6d-0604-4b29-bcdd-7bbe80bb2474/datanode-2/data/ratis/e2ca124d-acf6-404f-ad6f-4429540ad53a/sm/snapshot.1_1 time:18
2019-10-10 21:29:05,731 [dfe184d8-5e71-4515-9f68-a36fd788b5f0@group-4429540AD53A-StateMachineUpdater] INFO  impl.StateMachineUpdater (StateMachineUpdater.java:takeSnapshot(269)) - dfe184d8-5e71-4515-9f68-a36fd788b5f0@group-4429540AD53A-StateMachineUpdater: Took a snapshot at index 1
2019-10-10 21:29:05,731 [dfe184d8-5e71-4515-9f68-a36fd788b5f0@group-4429540AD53A-StateMachineUpdater] INFO  impl.StateMachineUpdater (StateMachineUpdater.java:lambda$new$0(84)) - dfe184d8-5e71-4515-9f68-a36fd788b5f0@group-4429540AD53A-StateMachineUpdater: snapshotIndex: updateIncreasingly 1 -> 1
2019-10-10 21:29:05,732 [ForkJoinPool.commonPool-worker-0] INFO  impl.RaftServerImpl (ServerState.java:close(387)) - dfe184d8-5e71-4515-9f68-a36fd788b5f0@group-4429540AD53A: closes. applyIndex: 2
2019-10-10 21:29:05,733 [dfe184d8-5e71-4515-9f68-a36fd788b5f0@group-4429540AD53A-SegmentedRaftLogWorker] INFO  segmented.SegmentedRaftLogWorker (SegmentedRaftLogWorker.java:run(316)) - dfe184d8-5e71-4515-9f68-a36fd788b5f0@group-4429540AD53A-SegmentedRaftLogWorker was interrupted, exiting. There are 0 tasks remaining in the queue.
2019-10-10 21:29:05,743 [ForkJoinPool.commonPool-worker-0] INFO  segmented.SegmentedRaftLogWorker (SegmentedRaftLogWorker.java:close(224)) - dfe184d8-5e71-4515-9f68-a36fd788b5f0@group-4429540AD53A-SegmentedRaftLogWorker close()
2019-10-10 21:29:05,748 [main] INFO  server.GrpcService (GrpcService.java:closeImpl(164)) - dfe184d8-5e71-4515-9f68-a36fd788b5f0: shutdown server with port 42154 now
2019-10-10 21:29:05,750 [grpc-default-executor-4] WARN  server.GrpcServerProtocolService (LogUtils.java:warn(134)) - dfe184d8-5e71-4515-9f68-a36fd788b5f0: installSnapshot onError, lastRequest: a900087f-503e-4321-861c-2daca883c610->dfe184d8-5e71-4515-9f68-a36fd788b5f0#8-t1, previous=(t:1, i:2), leaderCommit=2, initializing? false, entries: <empty>: org.apache.ratis.thirdparty.io.grpc.StatusRuntimeException: CANCELLED: cancelled before receiving half close
2019-10-10 21:29:05,750 [main] INFO  server.GrpcService (GrpcService.java:closeImpl(172)) - dfe184d8-5e71-4515-9f68-a36fd788b5f0: shutdown server with port 42154 successfully
2019-10-10 21:29:05,753 [grpc-default-executor-2] WARN  server.GrpcLogAppender (LogUtils.java:warn(134)) - a900087f-503e-4321-861c-2daca883c610@group-4429540AD53A->dfe184d8-5e71-4515-9f68-a36fd788b5f0-AppendLogResponseHandler: Failed appendEntries: org.apache.ratis.thirdparty.io.grpc.StatusRuntimeException: CANCELLED: HTTP/2 error code: CANCEL
Received Rst Stream
2019-10-10 21:29:05,753 [grpc-default-executor-2] INFO  impl.FollowerInfo (FollowerInfo.java:lambda$new$0(51)) - a900087f-503e-4321-861c-2daca883c610@group-4429540AD53A->dfe184d8-5e71-4515-9f68-a36fd788b5f0: nextIndex: updateUnconditionally 3 -> 2
2019-10-10 21:29:05,755 [refreshUsed-/workdir/hadoop-ozone/integration-test/target/test-dir/MiniOzoneClusterImpl-a7482f6d-0604-4b29-bcdd-7bbe80bb2474/datanode-2/data/containers] WARN  fs.CachingGetSpaceUsed (CachingGetSpaceUsed.java:run(183)) - Thread Interrupted waiting to refresh disk information: sleep interrupted
2019-10-10 21:29:05,773 [main] INFO  utils.BackgroundService (BackgroundService.java:shutdown(151)) - Shutting down service BlockDeletingService
2019-10-10 21:29:05,779 [main] INFO  statemachine.DatanodeStateMachine (DatanodeStateMachine.java:stopDaemon(395)) - Ozone container server stopped.
2019-10-10 21:29:05,783 [main] INFO  handler.ContextHandler (ContextHandler.java:doStop(910)) - Stopped o.e.j.w.WebAppContext@39dec536{/,null,UNAVAILABLE}{/hddsDatanode}
2019-10-10 21:29:05,784 [main] INFO  server.AbstractConnector (AbstractConnector.java:doStop(318)) - Stopped ServerConnector@4a1a256d{HTTP/1.1,[http/1.1]}{0.0.0.0:0}
2019-10-10 21:29:05,785 [main] INFO  handler.ContextHandler (ContextHandler.java:doStop(910)) - Stopped o.e.j.s.ServletContextHandler@e700eba{/static,jar:file:/home/user/.m2/repository/org/apache/hadoop/hadoop-hdds-container-service/0.5.0-SNAPSHOT/hadoop-hdds-container-service-0.5.0-SNAPSHOT.jar!/webapps/static,UNAVAILABLE}
2019-10-10 21:29:05,786 [main] INFO  handler.ContextHandler (ContextHandler.java:doStop(910)) - Stopped o.e.j.s.ServletContextHandler@5b202ff{/logs,file:///workdir/hadoop-ozone/integration-test/target/log,UNAVAILABLE}
2019-10-10 21:29:07,635 [grpc-default-executor-4] WARN  server.GrpcLogAppender (LogUtils.java:warn(134)) - a900087f-503e-4321-861c-2daca883c610@group-4429540AD53A->b53b5c8e-5e67-456c-afc2-42f0810f9e11-AppendLogResponseHandler: Failed appendEntries: org.apache.ratis.thirdparty.io.grpc.StatusRuntimeException: UNAVAILABLE: io exception
2019-10-10 21:29:07,635 [grpc-default-executor-4] INFO  impl.FollowerInfo (FollowerInfo.java:lambda$new$0(51)) - a900087f-503e-4321-861c-2daca883c610@group-4429540AD53A->b53b5c8e-5e67-456c-afc2-42f0810f9e11: nextIndex: updateUnconditionally 0 -> 0
2019-10-10 21:29:07,660 [grpc-default-executor-0] WARN  server.GrpcLogAppender (LogUtils.java:warn(134)) - a900087f-503e-4321-861c-2daca883c610@group-4429540AD53A->dfe184d8-5e71-4515-9f68-a36fd788b5f0-AppendLogResponseHandler: Failed appendEntries: org.apache.ratis.thirdparty.io.grpc.StatusRuntimeException: UNAVAILABLE: io exception
2019-10-10 21:29:07,661 [grpc-default-executor-0] INFO  impl.FollowerInfo (FollowerInfo.java:lambda$new$0(51)) - a900087f-503e-4321-861c-2daca883c610@group-4429540AD53A->dfe184d8-5e71-4515-9f68-a36fd788b5f0: nextIndex: updateUnconditionally 2 -> 1
2019-10-10 21:29:10,136 [grpc-default-executor-2] WARN  server.GrpcLogAppender (LogUtils.java:warn(134)) - a900087f-503e-4321-861c-2daca883c610@group-4429540AD53A->b53b5c8e-5e67-456c-afc2-42f0810f9e11-AppendLogResponseHandler: Failed appendEntries: org.apache.ratis.thirdparty.io.grpc.StatusRuntimeException: UNAVAILABLE: io exception
2019-10-10 21:29:10,136 [grpc-default-executor-2] INFO  impl.FollowerInfo (FollowerInfo.java:lambda$new$0(51)) - a900087f-503e-4321-861c-2daca883c610@group-4429540AD53A->b53b5c8e-5e67-456c-afc2-42f0810f9e11: nextIndex: updateUnconditionally 0 -> 0
2019-10-10 21:29:10,160 [grpc-default-executor-2] WARN  server.GrpcLogAppender (LogUtils.java:warn(134)) - a900087f-503e-4321-861c-2daca883c610@group-4429540AD53A->dfe184d8-5e71-4515-9f68-a36fd788b5f0-AppendLogResponseHandler: Failed appendEntries: org.apache.ratis.thirdparty.io.grpc.StatusRuntimeException: UNAVAILABLE: io exception
2019-10-10 21:29:10,160 [grpc-default-executor-2] INFO  impl.FollowerInfo (FollowerInfo.java:lambda$new$0(51)) - a900087f-503e-4321-861c-2daca883c610@group-4429540AD53A->dfe184d8-5e71-4515-9f68-a36fd788b5f0: nextIndex: updateUnconditionally 1 -> 0
2019-10-10 21:29:12,640 [grpc-default-executor-2] WARN  server.GrpcLogAppender (LogUtils.java:warn(134)) - a900087f-503e-4321-861c-2daca883c610@group-4429540AD53A->b53b5c8e-5e67-456c-afc2-42f0810f9e11-AppendLogResponseHandler: Failed appendEntries: org.apache.ratis.thirdparty.io.grpc.StatusRuntimeException: UNAVAILABLE: io exception
2019-10-10 21:29:12,641 [grpc-default-executor-2] INFO  impl.FollowerInfo (FollowerInfo.java:lambda$new$0(51)) - a900087f-503e-4321-861c-2daca883c610@group-4429540AD53A->b53b5c8e-5e67-456c-afc2-42f0810f9e11: nextIndex: updateUnconditionally 0 -> 0
2019-10-10 21:29:12,662 [grpc-default-executor-0] WARN  server.GrpcLogAppender (LogUtils.java:warn(134)) - a900087f-503e-4321-861c-2daca883c610@group-4429540AD53A->dfe184d8-5e71-4515-9f68-a36fd788b5f0-AppendLogResponseHandler: Failed appendEntries: org.apache.ratis.thirdparty.io.grpc.StatusRuntimeException: UNAVAILABLE: io exception
2019-10-10 21:29:12,662 [grpc-default-executor-0] INFO  impl.FollowerInfo (FollowerInfo.java:lambda$new$0(51)) - a900087f-503e-4321-861c-2daca883c610@group-4429540AD53A->dfe184d8-5e71-4515-9f68-a36fd788b5f0: nextIndex: updateUnconditionally 0 -> 0
2019-10-10 21:29:15,140 [grpc-default-executor-4] WARN  server.GrpcLogAppender (LogUtils.java:warn(134)) - a900087f-503e-4321-861c-2daca883c610@group-4429540AD53A->b53b5c8e-5e67-456c-afc2-42f0810f9e11-AppendLogResponseHandler: Failed appendEntries: org.apache.ratis.thirdparty.io.grpc.StatusRuntimeException: UNAVAILABLE: io exception
2019-10-10 21:29:15,141 [grpc-default-executor-4] INFO  impl.FollowerInfo (FollowerInfo.java:lambda$new$0(51)) - a900087f-503e-4321-861c-2daca883c610@group-4429540AD53A->b53b5c8e-5e67-456c-afc2-42f0810f9e11: nextIndex: updateUnconditionally 0 -> 0
2019-10-10 21:29:15,162 [grpc-default-executor-2] WARN  server.GrpcLogAppender (LogUtils.java:warn(134)) - a900087f-503e-4321-861c-2daca883c610@group-4429540AD53A->dfe184d8-5e71-4515-9f68-a36fd788b5f0-AppendLogResponseHandler: Failed appendEntries: org.apache.ratis.thirdparty.io.grpc.StatusRuntimeException: UNAVAILABLE: io exception
2019-10-10 21:29:15,163 [grpc-default-executor-2] INFO  impl.FollowerInfo (FollowerInfo.java:lambda$new$0(51)) - a900087f-503e-4321-861c-2daca883c610@group-4429540AD53A->dfe184d8-5e71-4515-9f68-a36fd788b5f0: nextIndex: updateUnconditionally 0 -> 0
2019-10-10 21:29:16,585 [Thread-1549] INFO  client.GrpcClientProtocolService (GrpcClientProtocolService.java:lambda$processClientRequest$0(278)) - Failed RaftClientRequest:client-A891BEF82C16->a900087f-503e-4321-861c-2daca883c610@group-4429540AD53A, cid=67, seq=0, Watch-ALL_COMMITTED(88), Message:<EMPTY>, reply=RaftClientReply:client-A891BEF82C16->a900087f-503e-4321-861c-2daca883c610@group-4429540AD53A, cid=67, FAILED org.apache.ratis.protocol.NotReplicatedException: Request with call Id 67 and log index 88 is not yet replicated to ALL_COMMITTED, logIndex=88, commits[a900087f-503e-4321-861c-2daca883c610:c2, b53b5c8e-5e67-456c-afc2-42f0810f9e11:c2, dfe184d8-5e71-4515-9f68-a36fd788b5f0:c2]
2019-10-10 21:29:17,647 [grpc-default-executor-2] WARN  server.GrpcLogAppender (LogUtils.java:warn(134)) - a900087f-503e-4321-861c-2daca883c610@group-4429540AD53A->b53b5c8e-5e67-456c-afc2-42f0810f9e11-AppendLogResponseHandler: Failed appendEntries: org.apache.ratis.thirdparty.io.grpc.StatusRuntimeException: UNAVAILABLE: io exception
2019-10-10 21:29:17,649 [grpc-default-executor-2] INFO  impl.FollowerInfo (FollowerInfo.java:lambda$new$0(51)) - a900087f-503e-4321-861c-2daca883c610@group-4429540AD53A->b53b5c8e-5e67-456c-afc2-42f0810f9e11: nextIndex: updateUnconditionally 0 -> 0
2019-10-10 21:29:17,664 [grpc-default-executor-4] WARN  server.GrpcLogAppender (LogUtils.java:warn(134)) - a900087f-503e-4321-861c-2daca883c610@group-4429540AD53A->dfe184d8-5e71-4515-9f68-a36fd788b5f0-AppendLogResponseHandler: Failed appendEntries: org.apache.ratis.thirdparty.io.grpc.StatusRuntimeException: UNAVAILABLE: io exception
2019-10-10 21:29:17,670 [grpc-default-executor-4] INFO  impl.FollowerInfo (FollowerInfo.java:lambda$new$0(51)) - a900087f-503e-4321-861c-2daca883c610@group-4429540AD53A->dfe184d8-5e71-4515-9f68-a36fd788b5f0: nextIndex: updateUnconditionally 0 -> 0
2019-10-10 21:29:20,146 [grpc-default-executor-4] WARN  server.GrpcLogAppender (LogUtils.java:warn(134)) - a900087f-503e-4321-861c-2daca883c610@group-4429540AD53A->b53b5c8e-5e67-456c-afc2-42f0810f9e11-AppendLogResponseHandler: Failed appendEntries: org.apache.ratis.thirdparty.io.grpc.StatusRuntimeException: UNAVAILABLE: io exception
2019-10-10 21:29:20,146 [grpc-default-executor-4] INFO  impl.FollowerInfo (FollowerInfo.java:lambda$new$0(51)) - a900087f-503e-4321-861c-2daca883c610@group-4429540AD53A->b53b5c8e-5e67-456c-afc2-42f0810f9e11: nextIndex: updateUnconditionally 0 -> 0
2019-10-10 21:29:20,168 [grpc-default-executor-4] WARN  server.GrpcLogAppender (LogUtils.java:warn(134)) - a900087f-503e-4321-861c-2daca883c610@group-4429540AD53A->dfe184d8-5e71-4515-9f68-a36fd788b5f0-AppendLogResponseHandler: Failed appendEntries: org.apache.ratis.thirdparty.io.grpc.StatusRuntimeException: UNAVAILABLE: io exception
2019-10-10 21:29:20,169 [grpc-default-executor-4] INFO  impl.FollowerInfo (FollowerInfo.java:lambda$new$0(51)) - a900087f-503e-4321-861c-2daca883c610@group-4429540AD53A->dfe184d8-5e71-4515-9f68-a36fd788b5f0: nextIndex: updateUnconditionally 0 -> 0
2019-10-10 21:29:22,648 [grpc-default-executor-0] WARN  server.GrpcLogAppender (LogUtils.java:warn(134)) - a900087f-503e-4321-861c-2daca883c610@group-4429540AD53A->b53b5c8e-5e67-456c-afc2-42f0810f9e11-AppendLogResponseHandler: Failed appendEntries: org.apache.ratis.thirdparty.io.grpc.StatusRuntimeException: UNAVAILABLE: io exception
2019-10-10 21:29:22,649 [grpc-default-executor-0] INFO  impl.FollowerInfo (FollowerInfo.java:lambda$new$0(51)) - a900087f-503e-4321-861c-2daca883c610@group-4429540AD53A->b53b5c8e-5e67-456c-afc2-42f0810f9e11: nextIndex: updateUnconditionally 0 -> 0
2019-10-10 21:29:22,667 [grpc-default-executor-0] WARN  server.GrpcLogAppender (LogUtils.java:warn(134)) - a900087f-503e-4321-861c-2daca883c610@group-4429540AD53A->dfe184d8-5e71-4515-9f68-a36fd788b5f0-AppendLogResponseHandler: Failed appendEntries: org.apache.ratis.thirdparty.io.grpc.StatusRuntimeException: UNAVAILABLE: io exception
2019-10-10 21:29:22,667 [grpc-default-executor-0] INFO  impl.FollowerInfo (FollowerInfo.java:lambda$new$0(51)) - a900087f-503e-4321-861c-2daca883c610@group-4429540AD53A->dfe184d8-5e71-4515-9f68-a36fd788b5f0: nextIndex: updateUnconditionally 0 -> 0
2019-10-10 21:29:25,155 [grpc-default-executor-0] WARN  server.GrpcLogAppender (LogUtils.java:warn(134)) - a900087f-503e-4321-861c-2daca883c610@group-4429540AD53A->b53b5c8e-5e67-456c-afc2-42f0810f9e11-AppendLogResponseHandler: Failed appendEntries: org.apache.ratis.thirdparty.io.grpc.StatusRuntimeException: UNAVAILABLE: io exception
2019-10-10 21:29:25,157 [grpc-default-executor-0] INFO  impl.FollowerInfo (FollowerInfo.java:lambda$new$0(51)) - a900087f-503e-4321-861c-2daca883c610@group-4429540AD53A->b53b5c8e-5e67-456c-afc2-42f0810f9e11: nextIndex: updateUnconditionally 0 -> 0
2019-10-10 21:29:25,168 [grpc-default-executor-2] WARN  server.GrpcLogAppender (LogUtils.java:warn(134)) - a900087f-503e-4321-861c-2daca883c610@group-4429540AD53A->dfe184d8-5e71-4515-9f68-a36fd788b5f0-AppendLogResponseHandler: Failed appendEntries: org.apache.ratis.thirdparty.io.grpc.StatusRuntimeException: UNAVAILABLE: io exception
2019-10-10 21:29:25,168 [grpc-default-executor-2] INFO  impl.FollowerInfo (FollowerInfo.java:lambda$new$0(51)) - a900087f-503e-4321-861c-2daca883c610@group-4429540AD53A->dfe184d8-5e71-4515-9f68-a36fd788b5f0: nextIndex: updateUnconditionally 0 -> 0
2019-10-10 21:29:25,791 [main] WARN  scm.XceiverClientRatis (XceiverClientRatis.java:watchForCommit(277)) - 3 way commit failed on pipeline Pipeline[ Id: e2ca124d-acf6-404f-ad6f-4429540ad53a, Nodes: b53b5c8e-5e67-456c-afc2-42f0810f9e11{ip: 192.168.157.203, host: pr-hdds-1986-lk2hz-517324276, networkLocation: /default-rack, certSerialId: null}dfe184d8-5e71-4515-9f68-a36fd788b5f0{ip: 192.168.157.203, host: pr-hdds-1986-lk2hz-517324276, networkLocation: /default-rack, certSerialId: null}a900087f-503e-4321-861c-2daca883c610{ip: 192.168.157.203, host: pr-hdds-1986-lk2hz-517324276, networkLocation: /default-rack, certSerialId: null}, Type:RATIS, Factor:THREE, State:OPEN]
java.util.concurrent.TimeoutException
	at java.util.concurrent.CompletableFuture.timedGet(CompletableFuture.java:1771)
	at java.util.concurrent.CompletableFuture.get(CompletableFuture.java:1915)
	at org.apache.hadoop.hdds.scm.XceiverClientRatis.watchForCommit(XceiverClientRatis.java:274)
	at org.apache.hadoop.ozone.client.rpc.TestWatchForCommit.testWatchForCommitForRetryfailure(TestWatchForCommit.java:345)
	at sun.reflect.NativeMethodAccessorImpl.invoke0(Native Method)
	at sun.reflect.NativeMethodAccessorImpl.invoke(NativeMethodAccessorImpl.java:62)
	at sun.reflect.DelegatingMethodAccessorImpl.invoke(DelegatingMethodAccessorImpl.java:43)
	at java.lang.reflect.Method.invoke(Method.java:498)
	at org.junit.runners.model.FrameworkMethod$1.runReflectiveCall(FrameworkMethod.java:47)
	at org.junit.internal.runners.model.ReflectiveCallable.run(ReflectiveCallable.java:12)
	at org.junit.runners.model.FrameworkMethod.invokeExplosively(FrameworkMethod.java:44)
	at org.junit.internal.runners.statements.InvokeMethod.evaluate(InvokeMethod.java:17)
	at org.junit.runners.ParentRunner.runLeaf(ParentRunner.java:271)
	at org.junit.runners.BlockJUnit4ClassRunner.runChild(BlockJUnit4ClassRunner.java:70)
	at org.junit.runners.BlockJUnit4ClassRunner.runChild(BlockJUnit4ClassRunner.java:50)
	at org.junit.runners.ParentRunner$3.run(ParentRunner.java:238)
	at org.junit.runners.ParentRunner$1.schedule(ParentRunner.java:63)
	at org.junit.runners.ParentRunner.runChildren(ParentRunner.java:236)
	at org.junit.runners.ParentRunner.access$000(ParentRunner.java:53)
	at org.junit.runners.ParentRunner$2.evaluate(ParentRunner.java:229)
	at org.junit.runners.ParentRunner.run(ParentRunner.java:309)
	at org.apache.maven.surefire.junit4.JUnit4Provider.execute(JUnit4Provider.java:365)
	at org.apache.maven.surefire.junit4.JUnit4Provider.executeWithRerun(JUnit4Provider.java:273)
	at org.apache.maven.surefire.junit4.JUnit4Provider.executeTestSet(JUnit4Provider.java:238)
	at org.apache.maven.surefire.junit4.JUnit4Provider.invoke(JUnit4Provider.java:159)
	at org.apache.maven.surefire.booter.ForkedBooter.invokeProviderInSameClassLoader(ForkedBooter.java:384)
	at org.apache.maven.surefire.booter.ForkedBooter.runSuitesInProcess(ForkedBooter.java:345)
	at org.apache.maven.surefire.booter.ForkedBooter.execute(ForkedBooter.java:126)
	at org.apache.maven.surefire.booter.ForkedBooter.main(ForkedBooter.java:418)
2019-10-10 21:29:27,655 [grpc-default-executor-0] WARN  server.GrpcLogAppender (LogUtils.java:warn(134)) - a900087f-503e-4321-861c-2daca883c610@group-4429540AD53A->b53b5c8e-5e67-456c-afc2-42f0810f9e11-AppendLogResponseHandler: Failed appendEntries: org.apache.ratis.thirdparty.io.grpc.StatusRuntimeException: UNAVAILABLE: io exception
2019-10-10 21:29:27,656 [grpc-default-executor-0] INFO  impl.FollowerInfo (FollowerInfo.java:lambda$new$0(51)) - a900087f-503e-4321-861c-2daca883c610@group-4429540AD53A->b53b5c8e-5e67-456c-afc2-42f0810f9e11: nextIndex: updateUnconditionally 0 -> 0
2019-10-10 21:29:27,669 [grpc-default-executor-2] WARN  server.GrpcLogAppender (LogUtils.java:warn(134)) - a900087f-503e-4321-861c-2daca883c610@group-4429540AD53A->dfe184d8-5e71-4515-9f68-a36fd788b5f0-AppendLogResponseHandler: Failed appendEntries: org.apache.ratis.thirdparty.io.grpc.StatusRuntimeException: UNAVAILABLE: io exception
2019-10-10 21:29:27,675 [grpc-default-executor-2] INFO  impl.FollowerInfo (FollowerInfo.java:lambda$new$0(51)) - a900087f-503e-4321-861c-2daca883c610@group-4429540AD53A->dfe184d8-5e71-4515-9f68-a36fd788b5f0: nextIndex: updateUnconditionally 0 -> 0
2019-10-10 21:29:30,156 [grpc-default-executor-4] WARN  server.GrpcLogAppender (LogUtils.java:warn(134)) - a900087f-503e-4321-861c-2daca883c610@group-4429540AD53A->b53b5c8e-5e67-456c-afc2-42f0810f9e11-AppendLogResponseHandler: Failed appendEntries: org.apache.ratis.thirdparty.io.grpc.StatusRuntimeException: UNAVAILABLE: io exception
2019-10-10 21:29:30,157 [grpc-default-executor-4] INFO  impl.FollowerInfo (FollowerInfo.java:lambda$new$0(51)) - a900087f-503e-4321-861c-2daca883c610@group-4429540AD53A->b53b5c8e-5e67-456c-afc2-42f0810f9e11: nextIndex: updateUnconditionally 0 -> 0
2019-10-10 21:29:30,170 [grpc-default-executor-0] WARN  server.GrpcLogAppender (LogUtils.java:warn(134)) - a900087f-503e-4321-861c-2daca883c610@group-4429540AD53A->dfe184d8-5e71-4515-9f68-a36fd788b5f0-AppendLogResponseHandler: Failed appendEntries: org.apache.ratis.thirdparty.io.grpc.StatusRuntimeException: UNAVAILABLE: io exception
2019-10-10 21:29:30,170 [grpc-default-executor-0] INFO  impl.FollowerInfo (FollowerInfo.java:lambda$new$0(51)) - a900087f-503e-4321-861c-2daca883c610@group-4429540AD53A->dfe184d8-5e71-4515-9f68-a36fd788b5f0: nextIndex: updateUnconditionally 0 -> 0
2019-10-10 21:29:30,586 [Thread-1573] INFO  client.GrpcClientProtocolService (GrpcClientProtocolService.java:lambda$processClientRequest$0(278)) - Failed RaftClientRequest:client-A891BEF82C16->a900087f-503e-4321-861c-2daca883c610@group-4429540AD53A, cid=67, seq=0, Watch-ALL_COMMITTED(88), Message:<EMPTY>, reply=RaftClientReply:client-A891BEF82C16->a900087f-503e-4321-861c-2daca883c610@group-4429540AD53A, cid=67, FAILED org.apache.ratis.protocol.NotReplicatedException: Request with call Id 67 and log index 88 is not yet replicated to ALL_COMMITTED, logIndex=88, commits[a900087f-503e-4321-861c-2daca883c610:c2, b53b5c8e-5e67-456c-afc2-42f0810f9e11:c2, dfe184d8-5e71-4515-9f68-a36fd788b5f0:c2]
2019-10-10 21:29:31,882 [java.util.concurrent.ThreadPoolExecutor$Worker@4d275eed[State = -1, empty queue]] WARN  util.TimeoutScheduler (LogUtils.java:runAndLog(55)) - Failed to task #1: java.lang.NullPointerException
2019-10-10 21:29:32,659 [grpc-default-executor-2] WARN  server.GrpcLogAppender (LogUtils.java:warn(134)) - a900087f-503e-4321-861c-2daca883c610@group-4429540AD53A->b53b5c8e-5e67-456c-afc2-42f0810f9e11-AppendLogResponseHandler: Failed appendEntries: org.apache.ratis.thirdparty.io.grpc.StatusRuntimeException: UNAVAILABLE: io exception
2019-10-10 21:29:32,675 [grpc-default-executor-2] INFO  impl.FollowerInfo (FollowerInfo.java:lambda$new$0(51)) - a900087f-503e-4321-861c-2daca883c610@group-4429540AD53A->b53b5c8e-5e67-456c-afc2-42f0810f9e11: nextIndex: updateUnconditionally 0 -> 0
2019-10-10 21:29:32,676 [grpc-default-executor-4] WARN  server.GrpcLogAppender (LogUtils.java:warn(134)) - a900087f-503e-4321-861c-2daca883c610@group-4429540AD53A->dfe184d8-5e71-4515-9f68-a36fd788b5f0-AppendLogResponseHandler: Failed appendEntries: org.apache.ratis.thirdparty.io.grpc.StatusRuntimeException: UNAVAILABLE: io exception
2019-10-10 21:29:32,679 [grpc-default-executor-4] INFO  impl.FollowerInfo (FollowerInfo.java:lambda$new$0(51)) - a900087f-503e-4321-861c-2daca883c610@group-4429540AD53A->dfe184d8-5e71-4515-9f68-a36fd788b5f0: nextIndex: updateUnconditionally 0 -> 0
2019-10-10 21:29:35,160 [grpc-default-executor-0] WARN  server.GrpcLogAppender (LogUtils.java:warn(134)) - a900087f-503e-4321-861c-2daca883c610@group-4429540AD53A->b53b5c8e-5e67-456c-afc2-42f0810f9e11-AppendLogResponseHandler: Failed appendEntries: org.apache.ratis.thirdparty.io.grpc.StatusRuntimeException: UNAVAILABLE: io exception
2019-10-10 21:29:35,161 [grpc-default-executor-0] INFO  impl.FollowerInfo (FollowerInfo.java:lambda$new$0(51)) - a900087f-503e-4321-861c-2daca883c610@group-4429540AD53A->b53b5c8e-5e67-456c-afc2-42f0810f9e11: nextIndex: updateUnconditionally 0 -> 0
2019-10-10 21:29:35,176 [grpc-default-executor-0] WARN  server.GrpcLogAppender (LogUtils.java:warn(134)) - a900087f-503e-4321-861c-2daca883c610@group-4429540AD53A->dfe184d8-5e71-4515-9f68-a36fd788b5f0-AppendLogResponseHandler: Failed appendEntries: org.apache.ratis.thirdparty.io.grpc.StatusRuntimeException: UNAVAILABLE: io exception
2019-10-10 21:29:35,177 [grpc-default-executor-0] INFO  impl.FollowerInfo (FollowerInfo.java:lambda$new$0(51)) - a900087f-503e-4321-861c-2daca883c610@group-4429540AD53A->dfe184d8-5e71-4515-9f68-a36fd788b5f0: nextIndex: updateUnconditionally 0 -> 0
2019-10-10 21:29:37,667 [grpc-default-executor-4] WARN  server.GrpcLogAppender (LogUtils.java:warn(134)) - a900087f-503e-4321-861c-2daca883c610@group-4429540AD53A->b53b5c8e-5e67-456c-afc2-42f0810f9e11-AppendLogResponseHandler: Failed appendEntries: org.apache.ratis.thirdparty.io.grpc.StatusRuntimeException: UNAVAILABLE: io exception
2019-10-10 21:29:37,668 [grpc-default-executor-4] INFO  impl.FollowerInfo (FollowerInfo.java:lambda$new$0(51)) - a900087f-503e-4321-861c-2daca883c610@group-4429540AD53A->b53b5c8e-5e67-456c-afc2-42f0810f9e11: nextIndex: updateUnconditionally 0 -> 0
2019-10-10 21:29:37,677 [grpc-default-executor-2] WARN  server.GrpcLogAppender (LogUtils.java:warn(134)) - a900087f-503e-4321-861c-2daca883c610@group-4429540AD53A->dfe184d8-5e71-4515-9f68-a36fd788b5f0-AppendLogResponseHandler: Failed appendEntries: org.apache.ratis.thirdparty.io.grpc.StatusRuntimeException: UNAVAILABLE: io exception
2019-10-10 21:29:37,678 [grpc-default-executor-2] INFO  impl.FollowerInfo (FollowerInfo.java:lambda$new$0(51)) - a900087f-503e-4321-861c-2daca883c610@group-4429540AD53A->dfe184d8-5e71-4515-9f68-a36fd788b5f0: nextIndex: updateUnconditionally 0 -> 0
2019-10-10 21:29:39,584 [Thread-1588] INFO  client.GrpcClientProtocolService (GrpcClientProtocolService.java:lambda$processClientRequest$0(278)) - Failed RaftClientRequest:client-A891BEF82C16->a900087f-503e-4321-861c-2daca883c610@group-4429540AD53A, cid=68, seq=0, Watch-MAJORITY_COMMITTED(88), Message:<EMPTY>, reply=RaftClientReply:client-A891BEF82C16->a900087f-503e-4321-861c-2daca883c610@group-4429540AD53A, cid=68, FAILED org.apache.ratis.protocol.NotReplicatedException: Request with call Id 68 and log index 88 is not yet replicated to MAJORITY_COMMITTED, logIndex=88, commits[a900087f-503e-4321-861c-2daca883c610:c2, b53b5c8e-5e67-456c-afc2-42f0810f9e11:c2, dfe184d8-5e71-4515-9f68-a36fd788b5f0:c2]
2019-10-10 21:29:39,584 [Thread-1589] INFO  client.GrpcClientProtocolService (GrpcClientProtocolService.java:lambda$processClientRequest$0(278)) - Failed RaftClientRequest:client-A891BEF82C16->a900087f-503e-4321-861c-2daca883c610@group-4429540AD53A, cid=67, seq=0, Watch-ALL_COMMITTED(88), Message:<EMPTY>, reply=RaftClientReply:client-A891BEF82C16->a900087f-503e-4321-861c-2daca883c610@group-4429540AD53A, cid=67, FAILED org.apache.ratis.protocol.NotReplicatedException: Request with call Id 67 and log index 88 is not yet replicated to ALL_COMMITTED, logIndex=88, commits[a900087f-503e-4321-861c-2daca883c610:c2, b53b5c8e-5e67-456c-afc2-42f0810f9e11:c2, dfe184d8-5e71-4515-9f68-a36fd788b5f0:c2]
2019-10-10 21:29:40,165 [grpc-default-executor-4] WARN  server.GrpcLogAppender (LogUtils.java:warn(134)) - a900087f-503e-4321-861c-2daca883c610@group-4429540AD53A->b53b5c8e-5e67-456c-afc2-42f0810f9e11-AppendLogResponseHandler: Failed appendEntries: org.apache.ratis.thirdparty.io.grpc.StatusRuntimeException: UNAVAILABLE: io exception
2019-10-10 21:29:40,169 [grpc-default-executor-4] INFO  impl.FollowerInfo (FollowerInfo.java:lambda$new$0(51)) - a900087f-503e-4321-861c-2daca883c610@group-4429540AD53A->b53b5c8e-5e67-456c-afc2-42f0810f9e11: nextIndex: updateUnconditionally 0 -> 0
2019-10-10 21:29:40,178 [grpc-default-executor-0] WARN  server.GrpcLogAppender (LogUtils.java:warn(134)) - a900087f-503e-4321-861c-2daca883c610@group-4429540AD53A->dfe184d8-5e71-4515-9f68-a36fd788b5f0-AppendLogResponseHandler: Failed appendEntries: org.apache.ratis.thirdparty.io.grpc.StatusRuntimeException: UNAVAILABLE: io exception
2019-10-10 21:29:40,181 [grpc-default-executor-0] INFO  impl.FollowerInfo (FollowerInfo.java:lambda$new$0(51)) - a900087f-503e-4321-861c-2daca883c610@group-4429540AD53A->dfe184d8-5e71-4515-9f68-a36fd788b5f0: nextIndex: updateUnconditionally 0 -> 0
2019-10-10 21:29:42,669 [grpc-default-executor-4] WARN  server.GrpcLogAppender (LogUtils.java:warn(134)) - a900087f-503e-4321-861c-2daca883c610@group-4429540AD53A->b53b5c8e-5e67-456c-afc2-42f0810f9e11-AppendLogResponseHandler: Failed appendEntries: org.apache.ratis.thirdparty.io.grpc.StatusRuntimeException: UNAVAILABLE: io exception
2019-10-10 21:29:42,670 [grpc-default-executor-4] INFO  impl.FollowerInfo (FollowerInfo.java:lambda$new$0(51)) - a900087f-503e-4321-861c-2daca883c610@group-4429540AD53A->b53b5c8e-5e67-456c-afc2-42f0810f9e11: nextIndex: updateUnconditionally 0 -> 0
2019-10-10 21:29:42,679 [grpc-default-executor-2] WARN  server.GrpcLogAppender (LogUtils.java:warn(134)) - a900087f-503e-4321-861c-2daca883c610@group-4429540AD53A->dfe184d8-5e71-4515-9f68-a36fd788b5f0-AppendLogResponseHandler: Failed appendEntries: org.apache.ratis.thirdparty.io.grpc.StatusRuntimeException: UNAVAILABLE: io exception
2019-10-10 21:29:42,679 [grpc-default-executor-2] INFO  impl.FollowerInfo (FollowerInfo.java:lambda$new$0(51)) - a900087f-503e-4321-861c-2daca883c610@group-4429540AD53A->dfe184d8-5e71-4515-9f68-a36fd788b5f0: nextIndex: updateUnconditionally 0 -> 0
2019-10-10 21:29:45,168 [grpc-default-executor-0] WARN  server.GrpcLogAppender (LogUtils.java:warn(134)) - a900087f-503e-4321-861c-2daca883c610@group-4429540AD53A->b53b5c8e-5e67-456c-afc2-42f0810f9e11-AppendLogResponseHandler: Failed appendEntries: org.apache.ratis.thirdparty.io.grpc.StatusRuntimeException: UNAVAILABLE: io exception
2019-10-10 21:29:45,168 [grpc-default-executor-0] INFO  impl.FollowerInfo (FollowerInfo.java:lambda$new$0(51)) - a900087f-503e-4321-861c-2daca883c610@group-4429540AD53A->b53b5c8e-5e67-456c-afc2-42f0810f9e11: nextIndex: updateUnconditionally 0 -> 0
2019-10-10 21:29:45,179 [grpc-default-executor-4] WARN  server.GrpcLogAppender (LogUtils.java:warn(134)) - a900087f-503e-4321-861c-2daca883c610@group-4429540AD53A->dfe184d8-5e71-4515-9f68-a36fd788b5f0-AppendLogResponseHandler: Failed appendEntries: org.apache.ratis.thirdparty.io.grpc.StatusRuntimeException: UNAVAILABLE: io exception
2019-10-10 21:29:45,179 [grpc-default-executor-4] INFO  impl.FollowerInfo (FollowerInfo.java:lambda$new$0(51)) - a900087f-503e-4321-861c-2daca883c610@group-4429540AD53A->dfe184d8-5e71-4515-9f68-a36fd788b5f0: nextIndex: updateUnconditionally 0 -> 0
]]></system-out>
    <system-err><![CDATA[Oct 10, 2019 9:28:57 PM org.apache.ratis.thirdparty.io.grpc.internal.SerializingExecutor run
SEVERE: Exception while executing runnable org.apache.ratis.thirdparty.io.grpc.internal.ServerImpl$JumpToApplicationThreadServerStreamListener$1Closed@17803b38
org.apache.ratis.thirdparty.io.grpc.StatusRuntimeException: CANCELLED: call already cancelled
	at org.apache.ratis.thirdparty.io.grpc.Status.asRuntimeException(Status.java:517)
	at org.apache.ratis.thirdparty.io.grpc.stub.ServerCalls$ServerCallStreamObserverImpl.onCompleted(ServerCalls.java:356)
	at org.apache.ratis.grpc.server.GrpcServerProtocolService$ServerRequestStreamObserver.onError(GrpcServerProtocolService.java:121)
	at org.apache.ratis.thirdparty.io.grpc.stub.ServerCalls$StreamingServerCallHandler$StreamingServerCallListener.onCancel(ServerCalls.java:269)
	at org.apache.ratis.thirdparty.io.grpc.internal.ServerCallImpl$ServerStreamListenerImpl.closed(ServerCallImpl.java:293)
	at org.apache.ratis.thirdparty.io.grpc.internal.ServerImpl$JumpToApplicationThreadServerStreamListener$1Closed.runInContext(ServerImpl.java:741)
	at org.apache.ratis.thirdparty.io.grpc.internal.ContextRunnable.run(ContextRunnable.java:37)
	at org.apache.ratis.thirdparty.io.grpc.internal.SerializingExecutor.run(SerializingExecutor.java:123)
	at java.util.concurrent.ThreadPoolExecutor.runWorker(ThreadPoolExecutor.java:1149)
	at java.util.concurrent.ThreadPoolExecutor$Worker.run(ThreadPoolExecutor.java:624)
	at java.lang.Thread.run(Thread.java:748)

Oct 10, 2019 9:29:05 PM org.apache.ratis.thirdparty.io.grpc.internal.SerializingExecutor run
SEVERE: Exception while executing runnable org.apache.ratis.thirdparty.io.grpc.internal.ServerImpl$JumpToApplicationThreadServerStreamListener$1Closed@77c9a8c7
org.apache.ratis.thirdparty.io.grpc.StatusRuntimeException: CANCELLED: call already cancelled
	at org.apache.ratis.thirdparty.io.grpc.Status.asRuntimeException(Status.java:517)
	at org.apache.ratis.thirdparty.io.grpc.stub.ServerCalls$ServerCallStreamObserverImpl.onCompleted(ServerCalls.java:356)
	at org.apache.ratis.grpc.server.GrpcServerProtocolService$ServerRequestStreamObserver.onError(GrpcServerProtocolService.java:121)
	at org.apache.ratis.thirdparty.io.grpc.stub.ServerCalls$StreamingServerCallHandler$StreamingServerCallListener.onCancel(ServerCalls.java:269)
	at org.apache.ratis.thirdparty.io.grpc.internal.ServerCallImpl$ServerStreamListenerImpl.closed(ServerCallImpl.java:293)
	at org.apache.ratis.thirdparty.io.grpc.internal.ServerImpl$JumpToApplicationThreadServerStreamListener$1Closed.runInContext(ServerImpl.java:741)
	at org.apache.ratis.thirdparty.io.grpc.internal.ContextRunnable.run(ContextRunnable.java:37)
	at org.apache.ratis.thirdparty.io.grpc.internal.SerializingExecutor.run(SerializingExecutor.java:123)
	at java.util.concurrent.ThreadPoolExecutor.runWorker(ThreadPoolExecutor.java:1149)
	at java.util.concurrent.ThreadPoolExecutor$Worker.run(ThreadPoolExecutor.java:624)
	at java.lang.Thread.run(Thread.java:748)

]]></system-err>
  </testcase>
  <testcase name="testWatchForCommitForGroupMismatchException" classname="org.apache.hadoop.ozone.client.rpc.TestWatchForCommit" time="32.731"/>
  <testcase name="test2WayCommitForTimeoutException" classname="org.apache.hadoop.ozone.client.rpc.TestWatchForCommit" time="22.77">
    <error type="java.util.concurrent.TimeoutException">java.util.concurrent.TimeoutException
	at java.util.concurrent.CompletableFuture.timedGet(CompletableFuture.java:1771)
	at java.util.concurrent.CompletableFuture.get(CompletableFuture.java:1915)
	at org.apache.hadoop.hdds.scm.XceiverClientRatis.watchForCommit(XceiverClientRatis.java:283)
	at org.apache.hadoop.ozone.client.rpc.TestWatchForCommit.test2WayCommitForTimeoutException(TestWatchForCommit.java:391)
	at sun.reflect.NativeMethodAccessorImpl.invoke0(Native Method)
	at sun.reflect.NativeMethodAccessorImpl.invoke(NativeMethodAccessorImpl.java:62)
	at sun.reflect.DelegatingMethodAccessorImpl.invoke(DelegatingMethodAccessorImpl.java:43)
	at java.lang.reflect.Method.invoke(Method.java:498)
	at org.junit.runners.model.FrameworkMethod$1.runReflectiveCall(FrameworkMethod.java:47)
	at org.junit.internal.runners.model.ReflectiveCallable.run(ReflectiveCallable.java:12)
	at org.junit.runners.model.FrameworkMethod.invokeExplosively(FrameworkMethod.java:44)
	at org.junit.internal.runners.statements.InvokeMethod.evaluate(InvokeMethod.java:17)
	at org.junit.runners.ParentRunner.runLeaf(ParentRunner.java:271)
	at org.junit.runners.BlockJUnit4ClassRunner.runChild(BlockJUnit4ClassRunner.java:70)
	at org.junit.runners.BlockJUnit4ClassRunner.runChild(BlockJUnit4ClassRunner.java:50)
	at org.junit.runners.ParentRunner$3.run(ParentRunner.java:238)
	at org.junit.runners.ParentRunner$1.schedule(ParentRunner.java:63)
	at org.junit.runners.ParentRunner.runChildren(ParentRunner.java:236)
	at org.junit.runners.ParentRunner.access$000(ParentRunner.java:53)
	at org.junit.runners.ParentRunner$2.evaluate(ParentRunner.java:229)
	at org.junit.runners.ParentRunner.run(ParentRunner.java:309)
	at org.apache.maven.surefire.junit4.JUnit4Provider.execute(JUnit4Provider.java:365)
	at org.apache.maven.surefire.junit4.JUnit4Provider.executeWithRerun(JUnit4Provider.java:273)
	at org.apache.maven.surefire.junit4.JUnit4Provider.executeTestSet(JUnit4Provider.java:238)
	at org.apache.maven.surefire.junit4.JUnit4Provider.invoke(JUnit4Provider.java:159)
	at org.apache.maven.surefire.booter.ForkedBooter.invokeProviderInSameClassLoader(ForkedBooter.java:384)
	at org.apache.maven.surefire.booter.ForkedBooter.runSuitesInProcess(ForkedBooter.java:345)
	at org.apache.maven.surefire.booter.ForkedBooter.execute(ForkedBooter.java:126)
	at org.apache.maven.surefire.booter.ForkedBooter.main(ForkedBooter.java:418)
</error>
    <system-out><![CDATA[2019-10-10 21:30:18,555 [main] WARN  server.ServerUtils (ServerUtils.java:getScmDbDir(145)) - ozone.scm.db.dirs is not configured. We recommend adding this setting. Falling back to ozone.metadata.dirs instead.
2019-10-10 21:30:18,572 [main] WARN  server.ServerUtils (ServerUtils.java:getScmDbDir(145)) - ozone.scm.db.dirs is not configured. We recommend adding this setting. Falling back to ozone.metadata.dirs instead.
2019-10-10 21:30:18,572 [main] WARN  server.ServerUtils (ServerUtils.java:getScmDbDir(145)) - ozone.scm.db.dirs is not configured. We recommend adding this setting. Falling back to ozone.metadata.dirs instead.
2019-10-10 21:30:18,573 [main] INFO  db.DBStoreBuilder (DBStoreBuilder.java:addTable(117)) - using custom profile for table: deletedBlocks
2019-10-10 21:30:18,574 [main] INFO  db.DBStoreBuilder (DBStoreBuilder.java:processTables(168)) - Using default column profile:DBProfile.DISK for Table:deletedBlocks
2019-10-10 21:30:18,574 [main] INFO  db.DBStoreBuilder (DBStoreBuilder.java:addTable(117)) - using custom profile for table: validCerts
2019-10-10 21:30:18,574 [main] INFO  db.DBStoreBuilder (DBStoreBuilder.java:processTables(168)) - Using default column profile:DBProfile.DISK for Table:validCerts
2019-10-10 21:30:18,574 [main] INFO  db.DBStoreBuilder (DBStoreBuilder.java:addTable(117)) - using custom profile for table: revokedCerts
2019-10-10 21:30:18,575 [main] INFO  db.DBStoreBuilder (DBStoreBuilder.java:processTables(168)) - Using default column profile:DBProfile.DISK for Table:revokedCerts
2019-10-10 21:30:18,575 [main] INFO  db.DBStoreBuilder (DBStoreBuilder.java:addTable(117)) - using custom profile for table: default
2019-10-10 21:30:18,575 [main] INFO  db.DBStoreBuilder (DBStoreBuilder.java:processTables(174)) - Using default column profile:DBProfile.DISK for Table:default
2019-10-10 21:30:18,576 [main] INFO  db.DBStoreBuilder (DBStoreBuilder.java:getDbProfile(205)) - Using default options. DBProfile.DISK
2019-10-10 21:30:18,584 [Thread-2065] INFO  client.GrpcClientProtocolService (GrpcClientProtocolService.java:lambda$processClientRequest$0(278)) - Failed RaftClientRequest:client-A891BEF82C16->a900087f-503e-4321-861c-2daca883c610@group-4429540AD53A, cid=68, seq=0, Watch-MAJORITY_COMMITTED(88), Message:<EMPTY>, reply=RaftClientReply:client-A891BEF82C16->a900087f-503e-4321-861c-2daca883c610@group-4429540AD53A, cid=68, FAILED org.apache.ratis.protocol.NotReplicatedException: Request with call Id 68 and log index 88 is not yet replicated to MAJORITY_COMMITTED, logIndex=88, commits[a900087f-503e-4321-861c-2daca883c610:c2, b53b5c8e-5e67-456c-afc2-42f0810f9e11:c2, dfe184d8-5e71-4515-9f68-a36fd788b5f0:c2]
2019-10-10 21:30:18,584 [Thread-2066] INFO  client.GrpcClientProtocolService (GrpcClientProtocolService.java:lambda$processClientRequest$0(278)) - Failed RaftClientRequest:client-A891BEF82C16->a900087f-503e-4321-861c-2daca883c610@group-4429540AD53A, cid=67, seq=0, Watch-ALL_COMMITTED(88), Message:<EMPTY>, reply=RaftClientReply:client-A891BEF82C16->a900087f-503e-4321-861c-2daca883c610@group-4429540AD53A, cid=67, FAILED org.apache.ratis.protocol.NotReplicatedException: Request with call Id 67 and log index 88 is not yet replicated to ALL_COMMITTED, logIndex=88, commits[a900087f-503e-4321-861c-2daca883c610:c2, b53b5c8e-5e67-456c-afc2-42f0810f9e11:c2, dfe184d8-5e71-4515-9f68-a36fd788b5f0:c2]
2019-10-10 21:30:18,747 [main] INFO  net.NodeSchemaLoader (NodeSchemaLoader.java:loadSchemaFromFile(125)) - Loading file from sun.misc.CompoundEnumeration@7b14c61
2019-10-10 21:30:18,748 [main] INFO  net.NodeSchemaLoader (NodeSchemaLoader.java:loadSchema(171)) - Loading network topology layer schema file
2019-10-10 21:30:18,753 [main] WARN  server.ServerUtils (ServerUtils.java:sanitizeUserArgs(70)) - ozone.scm.stale.node.interval value = 300000 is larger than max = 100000 based on the key value of ozone.scm.heartbeat.thread.interval, reset to the max value 100000.
2019-10-10 21:30:18,753 [main] WARN  server.ServerUtils (ServerUtils.java:sanitizeUserArgs(70)) - ozone.scm.stale.node.interval value = 300000 is larger than max = 100000 based on the key value of ozone.scm.heartbeat.thread.interval, reset to the max value 100000.
2019-10-10 21:30:18,754 [main] INFO  node.SCMNodeManager (SCMNodeManager.java:<init>(116)) - Entering startup safe mode.
2019-10-10 21:30:18,755 [main] INFO  algorithms.ContainerPlacementPolicyFactory (ContainerPlacementPolicyFactory.java:getPolicy(57)) - Create container placement policy of type org.apache.hadoop.hdds.scm.container.placement.algorithms.SCMContainerPlacementRandom
2019-10-10 21:30:18,755 [main] WARN  server.ServerUtils (ServerUtils.java:getScmDbDir(145)) - ozone.scm.db.dirs is not configured. We recommend adding this setting. Falling back to ozone.metadata.dirs instead.
2019-10-10 21:30:18,778 [main] INFO  pipeline.SCMPipelineManager (SCMPipelineManager.java:initializePipelineState(132)) - No pipeline exists in current db
2019-10-10 21:30:18,778 [main] WARN  server.ServerUtils (ServerUtils.java:getScmDbDir(145)) - ozone.scm.db.dirs is not configured. We recommend adding this setting. Falling back to ozone.metadata.dirs instead.
2019-10-10 21:30:18,802 [main] WARN  events.EventQueue (EventQueue.java:fireEvent(183)) - No event handler registered for event TypedEvent{payloadType=SafeModeStatus, name='SafeModeStatus'}
2019-10-10 21:30:18,803 [main] INFO  ipc.CallQueueManager (CallQueueManager.java:<init>(84)) - Using callQueue: class java.util.concurrent.LinkedBlockingQueue, queueCapacity: 2000, scheduler: class org.apache.hadoop.ipc.DefaultRpcScheduler, ipcBackoff: false.
2019-10-10 21:30:18,804 [Socket Reader #1 for port 35981] INFO  ipc.Server (Server.java:run(1074)) - Starting Socket Reader #1 for port 35981
2019-10-10 21:30:18,808 [main] INFO  ipc.CallQueueManager (CallQueueManager.java:<init>(84)) - Using callQueue: class java.util.concurrent.LinkedBlockingQueue, queueCapacity: 2000, scheduler: class org.apache.hadoop.ipc.DefaultRpcScheduler, ipcBackoff: false.
2019-10-10 21:30:18,809 [Socket Reader #1 for port 43604] INFO  ipc.Server (Server.java:run(1074)) - Starting Socket Reader #1 for port 43604
2019-10-10 21:30:18,812 [main] INFO  ipc.CallQueueManager (CallQueueManager.java:<init>(84)) - Using callQueue: class java.util.concurrent.LinkedBlockingQueue, queueCapacity: 2000, scheduler: class org.apache.hadoop.ipc.DefaultRpcScheduler, ipcBackoff: false.
2019-10-10 21:30:18,812 [Socket Reader #1 for port 46612] INFO  ipc.Server (Server.java:run(1074)) - Starting Socket Reader #1 for port 46612
2019-10-10 21:30:18,817 [main] INFO  hdfs.DFSUtil (DFSUtil.java:httpServerTemplateForNNAndJN(1641)) - Starting Web-server for scm at: http://0.0.0.0:0
2019-10-10 21:30:18,819 [main] INFO  server.AuthenticationFilter (AuthenticationFilter.java:constructSecretProvider(240)) - Unable to initialize FileSignerSecretProvider, falling back to use random secrets.
2019-10-10 21:30:18,820 [main] WARN  http.HttpRequestLog (HttpRequestLog.java:getRequestLog(97)) - Jetty request log can only be enabled using Log4j
2019-10-10 21:30:18,822 [main] INFO  http.HttpServer2 (HttpServer2.java:addGlobalFilter(975)) - Added global filter 'safety' (class=org.apache.hadoop.http.HttpServer2$QuotingInputFilter)
2019-10-10 21:30:18,823 [main] INFO  http.HttpServer2 (HttpServer2.java:addFilter(948)) - Added filter static_user_filter (class=org.apache.hadoop.http.lib.StaticUserWebFilter$StaticUserFilter) to context scm
2019-10-10 21:30:18,823 [main] INFO  http.HttpServer2 (HttpServer2.java:addFilter(958)) - Added filter static_user_filter (class=org.apache.hadoop.http.lib.StaticUserWebFilter$StaticUserFilter) to context static
2019-10-10 21:30:18,823 [main] INFO  http.HttpServer2 (HttpServer2.java:addFilter(958)) - Added filter static_user_filter (class=org.apache.hadoop.http.lib.StaticUserWebFilter$StaticUserFilter) to context logs
2019-10-10 21:30:18,825 [main] INFO  server.StorageContainerManager (StorageContainerManager.java:start(772)) - StorageContainerLocationProtocol RPC server is listening at /0.0.0.0:46612
2019-10-10 21:30:18,828 [main] WARN  impl.MetricsConfig (MetricsConfig.java:loadFirst(134)) - Cannot locate configuration: tried hadoop-metrics2-storagecontainermanager.properties,hadoop-metrics2.properties
2019-10-10 21:30:18,829 [main] INFO  impl.MetricsSystemImpl (MetricsSystemImpl.java:startTimer(374)) - Scheduled Metric snapshot period at 10 second(s).
2019-10-10 21:30:18,829 [main] INFO  impl.MetricsSystemImpl (MetricsSystemImpl.java:start(191)) - StorageContainerManager metrics system started
2019-10-10 21:30:19,161 [main] WARN  impl.MetricsSystemImpl (MetricsSystemImpl.java:register(276)) - Sink prometheus already exists!
2019-10-10 21:30:19,468 [main] INFO  server.SCMClientProtocolServer (SCMClientProtocolServer.java:start(159)) - RPC server for Client  is listening at /0.0.0.0:46612
2019-10-10 21:30:19,468 [IPC Server Responder] INFO  ipc.Server (Server.java:run(1314)) - IPC Server Responder: starting
2019-10-10 21:30:19,468 [IPC Server listener on 46612] INFO  ipc.Server (Server.java:run(1153)) - IPC Server listener on 46612: starting
2019-10-10 21:30:19,475 [main] INFO  server.StorageContainerManager (StorageContainerManager.java:start(782)) - ScmBlockLocationProtocol RPC server is listening at /0.0.0.0:43604
2019-10-10 21:30:19,475 [main] INFO  server.SCMBlockProtocolServer (SCMBlockProtocolServer.java:start(146)) - RPC server for Block Protocol is listening at /0.0.0.0:43604
2019-10-10 21:30:19,475 [IPC Server Responder] INFO  ipc.Server (Server.java:run(1314)) - IPC Server Responder: starting
2019-10-10 21:30:19,478 [IPC Server listener on 43604] INFO  ipc.Server (Server.java:run(1153)) - IPC Server listener on 43604: starting
2019-10-10 21:30:19,489 [main] INFO  server.StorageContainerManager (StorageContainerManager.java:start(786)) - ScmDatanodeProtocl RPC server is listening at /0.0.0.0:35981
2019-10-10 21:30:19,489 [main] INFO  server.SCMDatanodeProtocolServer (SCMDatanodeProtocolServer.java:start(169)) - RPC server for DataNodes is listening at /0.0.0.0:35981
2019-10-10 21:30:19,490 [IPC Server Responder] INFO  ipc.Server (Server.java:run(1314)) - IPC Server Responder: starting
2019-10-10 21:30:19,490 [IPC Server listener on 35981] INFO  ipc.Server (Server.java:run(1153)) - IPC Server listener on 35981: starting
2019-10-10 21:30:19,496 [main] INFO  http.HttpServer2 (HttpServer2.java:bindListener(1191)) - Jetty bound to port 39028
2019-10-10 21:30:19,497 [main] INFO  server.Server (Server.java:doStart(351)) - jetty-9.3.25.v20180904, build timestamp: 2018-09-04T21:11:46Z, git hash: 3ce520221d0240229c862b122d2b06c12a625732
2019-10-10 21:30:19,498 [main] INFO  handler.ContextHandler (ContextHandler.java:doStart(781)) - Started o.e.j.s.ServletContextHandler@7d3691e1{/logs,file:///workdir/hadoop-ozone/integration-test/target/log,AVAILABLE}
2019-10-10 21:30:19,499 [main] INFO  handler.ContextHandler (ContextHandler.java:doStart(781)) - Started o.e.j.s.ServletContextHandler@44bc2449{/static,file:///workdir/hadoop-ozone/integration-test/target/test-classes/webapps/static,AVAILABLE}
2019-10-10 21:30:19,502 [main] INFO  handler.ContextHandler (ContextHandler.java:doStart(781)) - Started o.e.j.w.WebAppContext@21f7e537{/,file:///workdir/hadoop-ozone/integration-test/target/test-classes/webapps/scm/,AVAILABLE}{/scm}
2019-10-10 21:30:19,503 [main] INFO  server.AbstractConnector (AbstractConnector.java:doStart(278)) - Started ServerConnector@32ea16b7{HTTP/1.1,[http/1.1]}{0.0.0.0:39028}
2019-10-10 21:30:19,505 [main] INFO  server.Server (Server.java:doStart(419)) - Started @200261ms
2019-10-10 21:30:19,506 [main] WARN  impl.MetricsSystemImpl (MetricsSystemImpl.java:register(276)) - Sink prometheus already exists!
2019-10-10 21:30:19,508 [main] INFO  server.BaseHttpServer (BaseHttpServer.java:updateConnectorAddress(215)) - HTTP server of SCM is listening at http://0.0.0.0:39028
2019-10-10 21:30:19,511 [main] WARN  server.ServerUtils (ServerUtils.java:getDBPath(222)) - ozone.om.db.dirs is not configured. We recommend adding this setting. Falling back to ozone.metadata.dirs instead.
2019-10-10 21:30:19,511 [org.apache.hadoop.util.JvmPauseMonitor$Monitor@58f254b1] INFO  util.JvmPauseMonitor (JvmPauseMonitor.java:run(188)) - Starting JVM pause monitor
2019-10-10 21:30:19,525 [main] INFO  ha.OMHANodeDetails (OMHANodeDetails.java:loadOMHAConfig(190)) - Configuration either no ozone.om.address set. Falling back to the default OM address /127.0.0.1:0
2019-10-10 21:30:19,525 [main] INFO  ha.OMHANodeDetails (OMHANodeDetails.java:getOMNodeDetails(220)) - OM Service ID is not set. Setting it to the default ID: omServiceIdDefault
2019-10-10 21:30:19,525 [main] WARN  server.ServerUtils (ServerUtils.java:getDBPath(222)) - ozone.om.db.dirs is not configured. We recommend adding this setting. Falling back to ozone.metadata.dirs instead.
2019-10-10 21:30:19,525 [main] WARN  server.ServerUtils (ServerUtils.java:getDBPath(222)) - ozone.om.db.dirs is not configured. We recommend adding this setting. Falling back to ozone.metadata.dirs instead.
2019-10-10 21:30:19,535 [main] WARN  server.ServerUtils (ServerUtils.java:getDBPath(222)) - ozone.om.db.dirs is not configured. We recommend adding this setting. Falling back to ozone.metadata.dirs instead.
2019-10-10 21:30:19,535 [main] INFO  db.DBStoreBuilder (DBStoreBuilder.java:addTable(117)) - using custom profile for table: userTable
2019-10-10 21:30:19,535 [main] INFO  db.DBStoreBuilder (DBStoreBuilder.java:processTables(168)) - Using default column profile:DBProfile.DISK for Table:userTable
2019-10-10 21:30:19,536 [main] INFO  db.DBStoreBuilder (DBStoreBuilder.java:addTable(117)) - using custom profile for table: volumeTable
2019-10-10 21:30:19,536 [main] INFO  db.DBStoreBuilder (DBStoreBuilder.java:processTables(168)) - Using default column profile:DBProfile.DISK for Table:volumeTable
2019-10-10 21:30:19,536 [main] INFO  db.DBStoreBuilder (DBStoreBuilder.java:addTable(117)) - using custom profile for table: bucketTable
2019-10-10 21:30:19,536 [main] INFO  db.DBStoreBuilder (DBStoreBuilder.java:processTables(168)) - Using default column profile:DBProfile.DISK for Table:bucketTable
2019-10-10 21:30:19,536 [main] INFO  db.DBStoreBuilder (DBStoreBuilder.java:addTable(117)) - using custom profile for table: keyTable
2019-10-10 21:30:19,536 [main] INFO  db.DBStoreBuilder (DBStoreBuilder.java:processTables(168)) - Using default column profile:DBProfile.DISK for Table:keyTable
2019-10-10 21:30:19,537 [main] INFO  db.DBStoreBuilder (DBStoreBuilder.java:addTable(117)) - using custom profile for table: deletedTable
2019-10-10 21:30:19,537 [main] INFO  db.DBStoreBuilder (DBStoreBuilder.java:processTables(168)) - Using default column profile:DBProfile.DISK for Table:deletedTable
2019-10-10 21:30:19,537 [main] INFO  db.DBStoreBuilder (DBStoreBuilder.java:addTable(117)) - using custom profile for table: openKeyTable
2019-10-10 21:30:19,537 [main] INFO  db.DBStoreBuilder (DBStoreBuilder.java:processTables(168)) - Using default column profile:DBProfile.DISK for Table:openKeyTable
2019-10-10 21:30:19,537 [main] INFO  db.DBStoreBuilder (DBStoreBuilder.java:addTable(117)) - using custom profile for table: s3Table
2019-10-10 21:30:19,537 [main] INFO  db.DBStoreBuilder (DBStoreBuilder.java:processTables(168)) - Using default column profile:DBProfile.DISK for Table:s3Table
2019-10-10 21:30:19,537 [main] INFO  db.DBStoreBuilder (DBStoreBuilder.java:addTable(117)) - using custom profile for table: multipartInfoTable
2019-10-10 21:30:19,538 [main] INFO  db.DBStoreBuilder (DBStoreBuilder.java:processTables(168)) - Using default column profile:DBProfile.DISK for Table:multipartInfoTable
2019-10-10 21:30:19,538 [main] INFO  db.DBStoreBuilder (DBStoreBuilder.java:addTable(117)) - using custom profile for table: dTokenTable
2019-10-10 21:30:19,538 [main] INFO  db.DBStoreBuilder (DBStoreBuilder.java:processTables(168)) - Using default column profile:DBProfile.DISK for Table:dTokenTable
2019-10-10 21:30:19,538 [main] INFO  db.DBStoreBuilder (DBStoreBuilder.java:addTable(117)) - using custom profile for table: s3SecretTable
2019-10-10 21:30:19,538 [main] INFO  db.DBStoreBuilder (DBStoreBuilder.java:processTables(168)) - Using default column profile:DBProfile.DISK for Table:s3SecretTable
2019-10-10 21:30:19,538 [main] INFO  db.DBStoreBuilder (DBStoreBuilder.java:addTable(117)) - using custom profile for table: prefixTable
2019-10-10 21:30:19,539 [main] INFO  db.DBStoreBuilder (DBStoreBuilder.java:processTables(168)) - Using default column profile:DBProfile.DISK for Table:prefixTable
2019-10-10 21:30:19,539 [main] INFO  db.DBStoreBuilder (DBStoreBuilder.java:addTable(117)) - using custom profile for table: default
2019-10-10 21:30:19,539 [main] INFO  db.DBStoreBuilder (DBStoreBuilder.java:processTables(174)) - Using default column profile:DBProfile.DISK for Table:default
2019-10-10 21:30:19,539 [main] INFO  db.DBStoreBuilder (DBStoreBuilder.java:getDbProfile(205)) - Using default options. DBProfile.DISK
2019-10-10 21:30:19,948 [main] INFO  ipc.CallQueueManager (CallQueueManager.java:<init>(84)) - Using callQueue: class java.util.concurrent.LinkedBlockingQueue, queueCapacity: 2000, scheduler: class org.apache.hadoop.ipc.DefaultRpcScheduler, ipcBackoff: false.
2019-10-10 21:30:19,949 [Socket Reader #1 for port 43227] INFO  ipc.Server (Server.java:run(1074)) - Starting Socket Reader #1 for port 43227
2019-10-10 21:30:19,967 [main] INFO  om.OzoneManager (OzoneManager.java:start(1071)) - OzoneManager RPC server is listening at localhost/127.0.0.1:43227
2019-10-10 21:30:19,967 [main] INFO  impl.MetricsSystemImpl (MetricsSystemImpl.java:init(158)) - OzoneManager metrics system started (again)
2019-10-10 21:30:19,968 [IPC Server Responder] INFO  ipc.Server (Server.java:run(1314)) - IPC Server Responder: starting
2019-10-10 21:30:19,968 [IPC Server listener on 43227] INFO  ipc.Server (Server.java:run(1153)) - IPC Server listener on 43227: starting
2019-10-10 21:30:19,978 [main] INFO  hdfs.DFSUtil (DFSUtil.java:httpServerTemplateForNNAndJN(1641)) - Starting Web-server for ozoneManager at: http://0.0.0.0:0
2019-10-10 21:30:19,979 [main] INFO  server.AuthenticationFilter (AuthenticationFilter.java:constructSecretProvider(240)) - Unable to initialize FileSignerSecretProvider, falling back to use random secrets.
2019-10-10 21:30:19,979 [main] WARN  http.HttpRequestLog (HttpRequestLog.java:getRequestLog(97)) - Jetty request log can only be enabled using Log4j
2019-10-10 21:30:19,980 [main] INFO  http.HttpServer2 (HttpServer2.java:addGlobalFilter(975)) - Added global filter 'safety' (class=org.apache.hadoop.http.HttpServer2$QuotingInputFilter)
2019-10-10 21:30:19,981 [main] INFO  http.HttpServer2 (HttpServer2.java:addFilter(948)) - Added filter static_user_filter (class=org.apache.hadoop.http.lib.StaticUserWebFilter$StaticUserFilter) to context ozoneManager
2019-10-10 21:30:19,981 [main] INFO  http.HttpServer2 (HttpServer2.java:addFilter(958)) - Added filter static_user_filter (class=org.apache.hadoop.http.lib.StaticUserWebFilter$StaticUserFilter) to context logs
2019-10-10 21:30:19,981 [main] INFO  http.HttpServer2 (HttpServer2.java:addFilter(958)) - Added filter static_user_filter (class=org.apache.hadoop.http.lib.StaticUserWebFilter$StaticUserFilter) to context static
2019-10-10 21:30:19,982 [main] INFO  http.HttpServer2 (HttpServer2.java:bindListener(1191)) - Jetty bound to port 39680
2019-10-10 21:30:19,982 [main] INFO  server.Server (Server.java:doStart(351)) - jetty-9.3.25.v20180904, build timestamp: 2018-09-04T21:11:46Z, git hash: 3ce520221d0240229c862b122d2b06c12a625732
2019-10-10 21:30:19,983 [main] INFO  handler.ContextHandler (ContextHandler.java:doStart(781)) - Started o.e.j.s.ServletContextHandler@48bc2fce{/logs,file:///workdir/hadoop-ozone/integration-test/target/log,AVAILABLE}
2019-10-10 21:30:19,984 [main] INFO  handler.ContextHandler (ContextHandler.java:doStart(781)) - Started o.e.j.s.ServletContextHandler@24fba488{/static,file:///workdir/hadoop-ozone/integration-test/target/test-classes/webapps/static,AVAILABLE}
2019-10-10 21:30:19,987 [main] INFO  handler.ContextHandler (ContextHandler.java:doStart(781)) - Started o.e.j.w.WebAppContext@7b18658a{/,file:///workdir/hadoop-ozone/integration-test/target/test-classes/webapps/ozoneManager/,AVAILABLE}{/ozoneManager}
2019-10-10 21:30:19,987 [main] INFO  server.AbstractConnector (AbstractConnector.java:doStart(278)) - Started ServerConnector@30f28b5{HTTP/1.1,[http/1.1]}{0.0.0.0:39680}
2019-10-10 21:30:19,989 [main] INFO  server.Server (Server.java:doStart(419)) - Started @200745ms
2019-10-10 21:30:19,989 [main] WARN  impl.MetricsSystemImpl (MetricsSystemImpl.java:register(276)) - Sink prometheus already exists!
2019-10-10 21:30:19,990 [main] INFO  server.BaseHttpServer (BaseHttpServer.java:updateConnectorAddress(215)) - HTTP server of OZONEMANAGER is listening at http://0.0.0.0:39680
2019-10-10 21:30:20,005 [main] INFO  impl.MetricsSystemImpl (MetricsSystemImpl.java:init(158)) - HddsDatanode metrics system started (again)
2019-10-10 21:30:20,022 [main] INFO  ozone.HddsDatanodeService (HddsDatanodeService.java:start(184)) - HddsDatanodeService host:pr-hdds-1986-lk2hz-517324276 ip:192.168.157.203
2019-10-10 21:30:20,031 [main] INFO  volume.HddsVolume (HddsVolume.java:<init>(176)) - Creating Volume: /workdir/hadoop-ozone/integration-test/target/test-dir/MiniOzoneClusterImpl-a1e0fe39-4452-4cf9-86f1-0fc82528131c/datanode-0/data/containers/hdds of  storage type : DISK and capacity : 1482555576320
2019-10-10 21:30:20,031 [main] INFO  volume.VolumeSet (VolumeSet.java:initializeVolumeSet(170)) - Added Volume : /workdir/hadoop-ozone/integration-test/target/test-dir/MiniOzoneClusterImpl-a1e0fe39-4452-4cf9-86f1-0fc82528131c/datanode-0/data/containers/hdds to VolumeSet
2019-10-10 21:30:20,032 [main] INFO  volume.ThrottledAsyncChecker (ThrottledAsyncChecker.java:schedule(141)) - Scheduling a check for org.apache.hadoop.ozone.container.common.volume.HddsVolume@38732364
2019-10-10 21:30:20,032 [main] INFO  volume.HddsVolumeChecker (HddsVolumeChecker.java:checkAllVolumes(204)) - Scheduled health check for volume org.apache.hadoop.ozone.container.common.volume.HddsVolume@38732364
2019-10-10 21:30:20,046 [main] INFO  impl.RaftServerProxy (ConfUtils.java:logGet(43)) - raft.rpc.type = GRPC (default)
2019-10-10 21:30:20,046 [main] INFO  grpc.GrpcFactory (GrpcFactory.java:checkPooledByteBufAllocatorUseCacheForAllThreads(45)) - PERFORMANCE WARNING: useCacheForAllThreads is true that may cause Netty to create a lot garbage objects and, as a result, trigger GC.
	It is recommended to disable useCacheForAllThreads by setting -Dorg.apache.ratis.thirdparty.io.netty.allocator.useCacheForAllThreads=false in command line.
2019-10-10 21:30:20,046 [main] INFO  grpc.GrpcConfigKeys$Server (ConfUtils.java:logGet(43)) - raft.grpc.server.port = 0 (default)
2019-10-10 21:30:20,046 [main] INFO  server.GrpcService (ConfUtils.java:logGet(43)) - raft.grpc.message.size.max = 33570816 (custom)
2019-10-10 21:30:20,047 [main] INFO  server.RaftServerConfigKeys (ConfUtils.java:logGet(43)) - raft.server.log.appender.buffer.byte-limit = 33554432 (custom)
2019-10-10 21:30:20,047 [main] INFO  server.GrpcService (ConfUtils.java:logGet(43)) - raft.grpc.flow.control.window = 1MB (=1048576) (default)
2019-10-10 21:30:20,047 [main] INFO  server.RaftServerConfigKeys (ConfUtils.java:logGet(43)) - raft.server.rpc.request.timeout = 3000ms (default)
2019-10-10 21:30:20,047 [main] INFO  server.RaftServerConfigKeys (ConfUtils.java:logGet(43)) - raft.server.storage.dir = [/workdir/hadoop-ozone/integration-test/target/test-dir/MiniOzoneClusterImpl-a1e0fe39-4452-4cf9-86f1-0fc82528131c/datanode-0/data/ratis] (custom)
2019-10-10 21:30:20,049 [main] INFO  hdfs.DFSUtil (DFSUtil.java:httpServerTemplateForNNAndJN(1641)) - Starting Web-server for hddsDatanode at: http://0.0.0.0:0
2019-10-10 21:30:20,050 [main] INFO  server.AuthenticationFilter (AuthenticationFilter.java:constructSecretProvider(240)) - Unable to initialize FileSignerSecretProvider, falling back to use random secrets.
2019-10-10 21:30:20,051 [main] WARN  http.HttpRequestLog (HttpRequestLog.java:getRequestLog(97)) - Jetty request log can only be enabled using Log4j
2019-10-10 21:30:20,052 [main] INFO  http.HttpServer2 (HttpServer2.java:addGlobalFilter(975)) - Added global filter 'safety' (class=org.apache.hadoop.http.HttpServer2$QuotingInputFilter)
2019-10-10 21:30:20,053 [main] INFO  http.HttpServer2 (HttpServer2.java:addFilter(948)) - Added filter static_user_filter (class=org.apache.hadoop.http.lib.StaticUserWebFilter$StaticUserFilter) to context hddsDatanode
2019-10-10 21:30:20,053 [main] INFO  http.HttpServer2 (HttpServer2.java:addFilter(958)) - Added filter static_user_filter (class=org.apache.hadoop.http.lib.StaticUserWebFilter$StaticUserFilter) to context logs
2019-10-10 21:30:20,053 [main] INFO  http.HttpServer2 (HttpServer2.java:addFilter(958)) - Added filter static_user_filter (class=org.apache.hadoop.http.lib.StaticUserWebFilter$StaticUserFilter) to context static
2019-10-10 21:30:20,054 [main] INFO  http.HttpServer2 (HttpServer2.java:bindListener(1191)) - Jetty bound to port 46007
2019-10-10 21:30:20,054 [main] INFO  server.Server (Server.java:doStart(351)) - jetty-9.3.25.v20180904, build timestamp: 2018-09-04T21:11:46Z, git hash: 3ce520221d0240229c862b122d2b06c12a625732
2019-10-10 21:30:20,056 [main] INFO  handler.ContextHandler (ContextHandler.java:doStart(781)) - Started o.e.j.s.ServletContextHandler@1fb2eec{/logs,file:///workdir/hadoop-ozone/integration-test/target/log,AVAILABLE}
2019-10-10 21:30:20,056 [main] INFO  handler.ContextHandler (ContextHandler.java:doStart(781)) - Started o.e.j.s.ServletContextHandler@2a0b901c{/static,jar:file:/home/user/.m2/repository/org/apache/hadoop/hadoop-hdds-container-service/0.5.0-SNAPSHOT/hadoop-hdds-container-service-0.5.0-SNAPSHOT.jar!/webapps/static,AVAILABLE}
2019-10-10 21:30:20,085 [main] INFO  handler.ContextHandler (ContextHandler.java:doStart(781)) - Started o.e.j.w.WebAppContext@7e7740a5{/,file:///tmp/jetty-0.0.0.0-46007-hddsDatanode-_-any-4201852206355986025.dir/webapp/,AVAILABLE}{/hddsDatanode}
2019-10-10 21:30:20,086 [main] INFO  server.AbstractConnector (AbstractConnector.java:doStart(278)) - Started ServerConnector@7aa01bd9{HTTP/1.1,[http/1.1]}{0.0.0.0:46007}
2019-10-10 21:30:20,089 [main] INFO  server.Server (Server.java:doStart(419)) - Started @200844ms
2019-10-10 21:30:20,089 [main] WARN  impl.MetricsSystemImpl (MetricsSystemImpl.java:register(276)) - Sink prometheus already exists!
2019-10-10 21:30:20,090 [main] INFO  server.BaseHttpServer (BaseHttpServer.java:updateConnectorAddress(215)) - HTTP server of HDDSDATANODE is listening at http://0.0.0.0:46007
2019-10-10 21:30:20,090 [main] INFO  impl.MetricsSystemImpl (MetricsSystemImpl.java:init(158)) - HddsDatanode metrics system started (again)
2019-10-10 21:30:20,108 [org.apache.hadoop.util.JvmPauseMonitor$Monitor@32e2f6a5] INFO  util.JvmPauseMonitor (JvmPauseMonitor.java:run(188)) - Starting JVM pause monitor
2019-10-10 21:30:20,109 [main] INFO  ozone.HddsDatanodeService (HddsDatanodeService.java:start(184)) - HddsDatanodeService host:pr-hdds-1986-lk2hz-517324276 ip:192.168.157.203
2019-10-10 21:30:20,110 [Datanode State Machine Thread - 0] INFO  datanode.InitDatanodeState (InitDatanodeState.java:persistContainerDatanodeDetails(140)) - DatanodeDetails is persisted to /workdir/hadoop-ozone/integration-test/target/test-dir/MiniOzoneClusterImpl-a1e0fe39-4452-4cf9-86f1-0fc82528131c/datanode-0/meta/datanode.id
2019-10-10 21:30:20,118 [main] INFO  volume.HddsVolume (HddsVolume.java:<init>(176)) - Creating Volume: /workdir/hadoop-ozone/integration-test/target/test-dir/MiniOzoneClusterImpl-a1e0fe39-4452-4cf9-86f1-0fc82528131c/datanode-1/data/containers/hdds of  storage type : DISK and capacity : 1482555576320
2019-10-10 21:30:20,118 [main] INFO  volume.VolumeSet (VolumeSet.java:initializeVolumeSet(170)) - Added Volume : /workdir/hadoop-ozone/integration-test/target/test-dir/MiniOzoneClusterImpl-a1e0fe39-4452-4cf9-86f1-0fc82528131c/datanode-1/data/containers/hdds to VolumeSet
2019-10-10 21:30:20,118 [main] INFO  volume.ThrottledAsyncChecker (ThrottledAsyncChecker.java:schedule(141)) - Scheduling a check for org.apache.hadoop.ozone.container.common.volume.HddsVolume@38ac8968
2019-10-10 21:30:20,119 [main] INFO  volume.HddsVolumeChecker (HddsVolumeChecker.java:checkAllVolumes(204)) - Scheduled health check for volume org.apache.hadoop.ozone.container.common.volume.HddsVolume@38ac8968
2019-10-10 21:30:20,133 [main] INFO  impl.RaftServerProxy (ConfUtils.java:logGet(43)) - raft.rpc.type = GRPC (default)
2019-10-10 21:30:20,133 [main] INFO  grpc.GrpcFactory (GrpcFactory.java:checkPooledByteBufAllocatorUseCacheForAllThreads(45)) - PERFORMANCE WARNING: useCacheForAllThreads is true that may cause Netty to create a lot garbage objects and, as a result, trigger GC.
	It is recommended to disable useCacheForAllThreads by setting -Dorg.apache.ratis.thirdparty.io.netty.allocator.useCacheForAllThreads=false in command line.
2019-10-10 21:30:20,134 [main] INFO  grpc.GrpcConfigKeys$Server (ConfUtils.java:logGet(43)) - raft.grpc.server.port = 0 (default)
2019-10-10 21:30:20,134 [main] INFO  server.GrpcService (ConfUtils.java:logGet(43)) - raft.grpc.message.size.max = 33570816 (custom)
2019-10-10 21:30:20,134 [main] INFO  server.RaftServerConfigKeys (ConfUtils.java:logGet(43)) - raft.server.log.appender.buffer.byte-limit = 33554432 (custom)
2019-10-10 21:30:20,134 [main] INFO  server.GrpcService (ConfUtils.java:logGet(43)) - raft.grpc.flow.control.window = 1MB (=1048576) (default)
2019-10-10 21:30:20,134 [main] INFO  server.RaftServerConfigKeys (ConfUtils.java:logGet(43)) - raft.server.rpc.request.timeout = 3000ms (default)
2019-10-10 21:30:20,135 [main] INFO  server.RaftServerConfigKeys (ConfUtils.java:logGet(43)) - raft.server.storage.dir = [/workdir/hadoop-ozone/integration-test/target/test-dir/MiniOzoneClusterImpl-a1e0fe39-4452-4cf9-86f1-0fc82528131c/datanode-1/data/ratis] (custom)
2019-10-10 21:30:20,136 [main] INFO  hdfs.DFSUtil (DFSUtil.java:httpServerTemplateForNNAndJN(1641)) - Starting Web-server for hddsDatanode at: http://0.0.0.0:0
2019-10-10 21:30:20,137 [main] INFO  server.AuthenticationFilter (AuthenticationFilter.java:constructSecretProvider(240)) - Unable to initialize FileSignerSecretProvider, falling back to use random secrets.
2019-10-10 21:30:20,137 [main] WARN  http.HttpRequestLog (HttpRequestLog.java:getRequestLog(97)) - Jetty request log can only be enabled using Log4j
2019-10-10 21:30:20,139 [main] INFO  http.HttpServer2 (HttpServer2.java:addGlobalFilter(975)) - Added global filter 'safety' (class=org.apache.hadoop.http.HttpServer2$QuotingInputFilter)
2019-10-10 21:30:20,139 [main] INFO  http.HttpServer2 (HttpServer2.java:addFilter(948)) - Added filter static_user_filter (class=org.apache.hadoop.http.lib.StaticUserWebFilter$StaticUserFilter) to context hddsDatanode
2019-10-10 21:30:20,139 [main] INFO  http.HttpServer2 (HttpServer2.java:addFilter(958)) - Added filter static_user_filter (class=org.apache.hadoop.http.lib.StaticUserWebFilter$StaticUserFilter) to context static
2019-10-10 21:30:20,139 [main] INFO  http.HttpServer2 (HttpServer2.java:addFilter(958)) - Added filter static_user_filter (class=org.apache.hadoop.http.lib.StaticUserWebFilter$StaticUserFilter) to context logs
2019-10-10 21:30:20,140 [main] INFO  http.HttpServer2 (HttpServer2.java:bindListener(1191)) - Jetty bound to port 32990
2019-10-10 21:30:20,140 [main] INFO  server.Server (Server.java:doStart(351)) - jetty-9.3.25.v20180904, build timestamp: 2018-09-04T21:11:46Z, git hash: 3ce520221d0240229c862b122d2b06c12a625732
2019-10-10 21:30:20,142 [main] INFO  handler.ContextHandler (ContextHandler.java:doStart(781)) - Started o.e.j.s.ServletContextHandler@6380e9e9{/logs,file:///workdir/hadoop-ozone/integration-test/target/log,AVAILABLE}
2019-10-10 21:30:20,142 [main] INFO  handler.ContextHandler (ContextHandler.java:doStart(781)) - Started o.e.j.s.ServletContextHandler@6a09484c{/static,jar:file:/home/user/.m2/repository/org/apache/hadoop/hadoop-hdds-container-service/0.5.0-SNAPSHOT/hadoop-hdds-container-service-0.5.0-SNAPSHOT.jar!/webapps/static,AVAILABLE}
2019-10-10 21:30:20,171 [main] INFO  handler.ContextHandler (ContextHandler.java:doStart(781)) - Started o.e.j.w.WebAppContext@14b4340c{/,file:///tmp/jetty-0.0.0.0-32990-hddsDatanode-_-any-6623659828244930288.dir/webapp/,AVAILABLE}{/hddsDatanode}
2019-10-10 21:30:20,172 [main] INFO  server.AbstractConnector (AbstractConnector.java:doStart(278)) - Started ServerConnector@12abcd1e{HTTP/1.1,[http/1.1]}{0.0.0.0:32990}
2019-10-10 21:30:20,175 [main] INFO  server.Server (Server.java:doStart(419)) - Started @200931ms
2019-10-10 21:30:20,176 [main] WARN  impl.MetricsSystemImpl (MetricsSystemImpl.java:register(276)) - Sink prometheus already exists!
2019-10-10 21:30:20,176 [main] INFO  server.BaseHttpServer (BaseHttpServer.java:updateConnectorAddress(215)) - HTTP server of HDDSDATANODE is listening at http://0.0.0.0:32990
2019-10-10 21:30:20,177 [main] INFO  impl.MetricsSystemImpl (MetricsSystemImpl.java:init(158)) - HddsDatanode metrics system started (again)
2019-10-10 21:30:20,196 [org.apache.hadoop.util.JvmPauseMonitor$Monitor@6552a118] INFO  util.JvmPauseMonitor (JvmPauseMonitor.java:run(188)) - Starting JVM pause monitor
2019-10-10 21:30:20,197 [main] INFO  ozone.HddsDatanodeService (HddsDatanodeService.java:start(184)) - HddsDatanodeService host:pr-hdds-1986-lk2hz-517324276 ip:192.168.157.203
2019-10-10 21:30:20,198 [Datanode State Machine Thread - 0] INFO  datanode.InitDatanodeState (InitDatanodeState.java:persistContainerDatanodeDetails(140)) - DatanodeDetails is persisted to /workdir/hadoop-ozone/integration-test/target/test-dir/MiniOzoneClusterImpl-a1e0fe39-4452-4cf9-86f1-0fc82528131c/datanode-1/meta/datanode.id
2019-10-10 21:30:20,207 [main] INFO  volume.HddsVolume (HddsVolume.java:<init>(176)) - Creating Volume: /workdir/hadoop-ozone/integration-test/target/test-dir/MiniOzoneClusterImpl-a1e0fe39-4452-4cf9-86f1-0fc82528131c/datanode-2/data/containers/hdds of  storage type : DISK and capacity : 1482555576320
2019-10-10 21:30:20,207 [main] INFO  volume.VolumeSet (VolumeSet.java:initializeVolumeSet(170)) - Added Volume : /workdir/hadoop-ozone/integration-test/target/test-dir/MiniOzoneClusterImpl-a1e0fe39-4452-4cf9-86f1-0fc82528131c/datanode-2/data/containers/hdds to VolumeSet
2019-10-10 21:30:20,207 [main] INFO  volume.ThrottledAsyncChecker (ThrottledAsyncChecker.java:schedule(141)) - Scheduling a check for org.apache.hadoop.ozone.container.common.volume.HddsVolume@5a592c70
2019-10-10 21:30:20,208 [main] INFO  volume.HddsVolumeChecker (HddsVolumeChecker.java:checkAllVolumes(204)) - Scheduled health check for volume org.apache.hadoop.ozone.container.common.volume.HddsVolume@5a592c70
2019-10-10 21:30:20,223 [main] INFO  impl.RaftServerProxy (ConfUtils.java:logGet(43)) - raft.rpc.type = GRPC (default)
2019-10-10 21:30:20,223 [main] INFO  grpc.GrpcFactory (GrpcFactory.java:checkPooledByteBufAllocatorUseCacheForAllThreads(45)) - PERFORMANCE WARNING: useCacheForAllThreads is true that may cause Netty to create a lot garbage objects and, as a result, trigger GC.
	It is recommended to disable useCacheForAllThreads by setting -Dorg.apache.ratis.thirdparty.io.netty.allocator.useCacheForAllThreads=false in command line.
2019-10-10 21:30:20,223 [main] INFO  grpc.GrpcConfigKeys$Server (ConfUtils.java:logGet(43)) - raft.grpc.server.port = 0 (default)
2019-10-10 21:30:20,223 [main] INFO  server.GrpcService (ConfUtils.java:logGet(43)) - raft.grpc.message.size.max = 33570816 (custom)
2019-10-10 21:30:20,224 [main] INFO  server.RaftServerConfigKeys (ConfUtils.java:logGet(43)) - raft.server.log.appender.buffer.byte-limit = 33554432 (custom)
2019-10-10 21:30:20,224 [main] INFO  server.GrpcService (ConfUtils.java:logGet(43)) - raft.grpc.flow.control.window = 1MB (=1048576) (default)
2019-10-10 21:30:20,224 [main] INFO  server.RaftServerConfigKeys (ConfUtils.java:logGet(43)) - raft.server.rpc.request.timeout = 3000ms (default)
2019-10-10 21:30:20,224 [main] INFO  server.RaftServerConfigKeys (ConfUtils.java:logGet(43)) - raft.server.storage.dir = [/workdir/hadoop-ozone/integration-test/target/test-dir/MiniOzoneClusterImpl-a1e0fe39-4452-4cf9-86f1-0fc82528131c/datanode-2/data/ratis] (custom)
2019-10-10 21:30:20,226 [main] INFO  hdfs.DFSUtil (DFSUtil.java:httpServerTemplateForNNAndJN(1641)) - Starting Web-server for hddsDatanode at: http://0.0.0.0:0
2019-10-10 21:30:20,227 [main] INFO  server.AuthenticationFilter (AuthenticationFilter.java:constructSecretProvider(240)) - Unable to initialize FileSignerSecretProvider, falling back to use random secrets.
2019-10-10 21:30:20,227 [main] WARN  http.HttpRequestLog (HttpRequestLog.java:getRequestLog(97)) - Jetty request log can only be enabled using Log4j
2019-10-10 21:30:20,229 [main] INFO  http.HttpServer2 (HttpServer2.java:addGlobalFilter(975)) - Added global filter 'safety' (class=org.apache.hadoop.http.HttpServer2$QuotingInputFilter)
2019-10-10 21:30:20,229 [main] INFO  http.HttpServer2 (HttpServer2.java:addFilter(948)) - Added filter static_user_filter (class=org.apache.hadoop.http.lib.StaticUserWebFilter$StaticUserFilter) to context hddsDatanode
2019-10-10 21:30:20,229 [main] INFO  http.HttpServer2 (HttpServer2.java:addFilter(958)) - Added filter static_user_filter (class=org.apache.hadoop.http.lib.StaticUserWebFilter$StaticUserFilter) to context static
2019-10-10 21:30:20,229 [main] INFO  http.HttpServer2 (HttpServer2.java:addFilter(958)) - Added filter static_user_filter (class=org.apache.hadoop.http.lib.StaticUserWebFilter$StaticUserFilter) to context logs
2019-10-10 21:30:20,230 [main] INFO  http.HttpServer2 (HttpServer2.java:bindListener(1191)) - Jetty bound to port 39956
2019-10-10 21:30:20,230 [main] INFO  server.Server (Server.java:doStart(351)) - jetty-9.3.25.v20180904, build timestamp: 2018-09-04T21:11:46Z, git hash: 3ce520221d0240229c862b122d2b06c12a625732
2019-10-10 21:30:20,232 [main] INFO  handler.ContextHandler (ContextHandler.java:doStart(781)) - Started o.e.j.s.ServletContextHandler@30abf79c{/logs,file:///workdir/hadoop-ozone/integration-test/target/log,AVAILABLE}
2019-10-10 21:30:20,232 [main] INFO  handler.ContextHandler (ContextHandler.java:doStart(781)) - Started o.e.j.s.ServletContextHandler@681061d6{/static,jar:file:/home/user/.m2/repository/org/apache/hadoop/hadoop-hdds-container-service/0.5.0-SNAPSHOT/hadoop-hdds-container-service-0.5.0-SNAPSHOT.jar!/webapps/static,AVAILABLE}
2019-10-10 21:30:20,260 [main] INFO  handler.ContextHandler (ContextHandler.java:doStart(781)) - Started o.e.j.w.WebAppContext@70881123{/,file:///tmp/jetty-0.0.0.0-39956-hddsDatanode-_-any-2845445580714142028.dir/webapp/,AVAILABLE}{/hddsDatanode}
2019-10-10 21:30:20,260 [main] INFO  server.AbstractConnector (AbstractConnector.java:doStart(278)) - Started ServerConnector@703fa45{HTTP/1.1,[http/1.1]}{0.0.0.0:39956}
2019-10-10 21:30:20,264 [main] INFO  server.Server (Server.java:doStart(419)) - Started @201019ms
2019-10-10 21:30:20,264 [main] WARN  impl.MetricsSystemImpl (MetricsSystemImpl.java:register(276)) - Sink prometheus already exists!
2019-10-10 21:30:20,265 [main] INFO  server.BaseHttpServer (BaseHttpServer.java:updateConnectorAddress(215)) - HTTP server of HDDSDATANODE is listening at http://0.0.0.0:39956
2019-10-10 21:30:20,265 [main] INFO  impl.MetricsSystemImpl (MetricsSystemImpl.java:init(158)) - HddsDatanode metrics system started (again)
2019-10-10 21:30:20,285 [org.apache.hadoop.util.JvmPauseMonitor$Monitor@58a6705] INFO  util.JvmPauseMonitor (JvmPauseMonitor.java:run(188)) - Starting JVM pause monitor
2019-10-10 21:30:20,286 [main] INFO  ozone.HddsDatanodeService (HddsDatanodeService.java:start(184)) - HddsDatanodeService host:pr-hdds-1986-lk2hz-517324276 ip:192.168.157.203
2019-10-10 21:30:20,286 [Datanode State Machine Thread - 0] INFO  datanode.InitDatanodeState (InitDatanodeState.java:persistContainerDatanodeDetails(140)) - DatanodeDetails is persisted to /workdir/hadoop-ozone/integration-test/target/test-dir/MiniOzoneClusterImpl-a1e0fe39-4452-4cf9-86f1-0fc82528131c/datanode-2/meta/datanode.id
2019-10-10 21:30:20,296 [main] INFO  volume.HddsVolume (HddsVolume.java:<init>(176)) - Creating Volume: /workdir/hadoop-ozone/integration-test/target/test-dir/MiniOzoneClusterImpl-a1e0fe39-4452-4cf9-86f1-0fc82528131c/datanode-3/data/containers/hdds of  storage type : DISK and capacity : 1482555576320
2019-10-10 21:30:20,297 [main] INFO  volume.VolumeSet (VolumeSet.java:initializeVolumeSet(170)) - Added Volume : /workdir/hadoop-ozone/integration-test/target/test-dir/MiniOzoneClusterImpl-a1e0fe39-4452-4cf9-86f1-0fc82528131c/datanode-3/data/containers/hdds to VolumeSet
2019-10-10 21:30:20,297 [main] INFO  volume.ThrottledAsyncChecker (ThrottledAsyncChecker.java:schedule(141)) - Scheduling a check for org.apache.hadoop.ozone.container.common.volume.HddsVolume@5111de7c
2019-10-10 21:30:20,297 [main] INFO  volume.HddsVolumeChecker (HddsVolumeChecker.java:checkAllVolumes(204)) - Scheduled health check for volume org.apache.hadoop.ozone.container.common.volume.HddsVolume@5111de7c
2019-10-10 21:30:20,307 [grpc-default-executor-2] WARN  server.GrpcLogAppender (LogUtils.java:warn(134)) - a900087f-503e-4321-861c-2daca883c610@group-4429540AD53A->dfe184d8-5e71-4515-9f68-a36fd788b5f0-AppendLogResponseHandler: Failed appendEntries: org.apache.ratis.thirdparty.io.grpc.StatusRuntimeException: UNAVAILABLE: io exception
2019-10-10 21:30:20,307 [grpc-default-executor-7] WARN  server.GrpcLogAppender (LogUtils.java:warn(134)) - a900087f-503e-4321-861c-2daca883c610@group-4429540AD53A->b53b5c8e-5e67-456c-afc2-42f0810f9e11-AppendLogResponseHandler: Failed appendEntries: org.apache.ratis.thirdparty.io.grpc.StatusRuntimeException: UNAVAILABLE: io exception
2019-10-10 21:30:20,308 [grpc-default-executor-2] INFO  impl.FollowerInfo (FollowerInfo.java:lambda$new$0(51)) - a900087f-503e-4321-861c-2daca883c610@group-4429540AD53A->dfe184d8-5e71-4515-9f68-a36fd788b5f0: nextIndex: updateUnconditionally 0 -> 0
2019-10-10 21:30:20,308 [grpc-default-executor-7] INFO  impl.FollowerInfo (FollowerInfo.java:lambda$new$0(51)) - a900087f-503e-4321-861c-2daca883c610@group-4429540AD53A->b53b5c8e-5e67-456c-afc2-42f0810f9e11: nextIndex: updateUnconditionally 0 -> 0
2019-10-10 21:30:20,317 [main] INFO  impl.RaftServerProxy (ConfUtils.java:logGet(43)) - raft.rpc.type = GRPC (default)
2019-10-10 21:30:20,317 [main] INFO  grpc.GrpcFactory (GrpcFactory.java:checkPooledByteBufAllocatorUseCacheForAllThreads(45)) - PERFORMANCE WARNING: useCacheForAllThreads is true that may cause Netty to create a lot garbage objects and, as a result, trigger GC.
	It is recommended to disable useCacheForAllThreads by setting -Dorg.apache.ratis.thirdparty.io.netty.allocator.useCacheForAllThreads=false in command line.
2019-10-10 21:30:20,317 [main] INFO  grpc.GrpcConfigKeys$Server (ConfUtils.java:logGet(43)) - raft.grpc.server.port = 0 (default)
2019-10-10 21:30:20,317 [main] INFO  server.GrpcService (ConfUtils.java:logGet(43)) - raft.grpc.message.size.max = 33570816 (custom)
2019-10-10 21:30:20,318 [main] INFO  server.RaftServerConfigKeys (ConfUtils.java:logGet(43)) - raft.server.log.appender.buffer.byte-limit = 33554432 (custom)
2019-10-10 21:30:20,318 [main] INFO  server.GrpcService (ConfUtils.java:logGet(43)) - raft.grpc.flow.control.window = 1MB (=1048576) (default)
2019-10-10 21:30:20,318 [main] INFO  server.RaftServerConfigKeys (ConfUtils.java:logGet(43)) - raft.server.rpc.request.timeout = 3000ms (default)
2019-10-10 21:30:20,318 [main] INFO  server.RaftServerConfigKeys (ConfUtils.java:logGet(43)) - raft.server.storage.dir = [/workdir/hadoop-ozone/integration-test/target/test-dir/MiniOzoneClusterImpl-a1e0fe39-4452-4cf9-86f1-0fc82528131c/datanode-3/data/ratis] (custom)
2019-10-10 21:30:20,320 [main] INFO  hdfs.DFSUtil (DFSUtil.java:httpServerTemplateForNNAndJN(1641)) - Starting Web-server for hddsDatanode at: http://0.0.0.0:0
2019-10-10 21:30:20,321 [main] INFO  server.AuthenticationFilter (AuthenticationFilter.java:constructSecretProvider(240)) - Unable to initialize FileSignerSecretProvider, falling back to use random secrets.
2019-10-10 21:30:20,321 [main] WARN  http.HttpRequestLog (HttpRequestLog.java:getRequestLog(97)) - Jetty request log can only be enabled using Log4j
2019-10-10 21:30:20,322 [main] INFO  http.HttpServer2 (HttpServer2.java:addGlobalFilter(975)) - Added global filter 'safety' (class=org.apache.hadoop.http.HttpServer2$QuotingInputFilter)
2019-10-10 21:30:20,323 [main] INFO  http.HttpServer2 (HttpServer2.java:addFilter(948)) - Added filter static_user_filter (class=org.apache.hadoop.http.lib.StaticUserWebFilter$StaticUserFilter) to context hddsDatanode
2019-10-10 21:30:20,323 [main] INFO  http.HttpServer2 (HttpServer2.java:addFilter(958)) - Added filter static_user_filter (class=org.apache.hadoop.http.lib.StaticUserWebFilter$StaticUserFilter) to context logs
2019-10-10 21:30:20,323 [main] INFO  http.HttpServer2 (HttpServer2.java:addFilter(958)) - Added filter static_user_filter (class=org.apache.hadoop.http.lib.StaticUserWebFilter$StaticUserFilter) to context static
2019-10-10 21:30:20,324 [main] INFO  http.HttpServer2 (HttpServer2.java:bindListener(1191)) - Jetty bound to port 37894
2019-10-10 21:30:20,324 [main] INFO  server.Server (Server.java:doStart(351)) - jetty-9.3.25.v20180904, build timestamp: 2018-09-04T21:11:46Z, git hash: 3ce520221d0240229c862b122d2b06c12a625732
2019-10-10 21:30:20,326 [main] INFO  handler.ContextHandler (ContextHandler.java:doStart(781)) - Started o.e.j.s.ServletContextHandler@4eeab3e{/logs,file:///workdir/hadoop-ozone/integration-test/target/log,AVAILABLE}
2019-10-10 21:30:20,326 [main] INFO  handler.ContextHandler (ContextHandler.java:doStart(781)) - Started o.e.j.s.ServletContextHandler@2eb0cefe{/static,jar:file:/home/user/.m2/repository/org/apache/hadoop/hadoop-hdds-container-service/0.5.0-SNAPSHOT/hadoop-hdds-container-service-0.5.0-SNAPSHOT.jar!/webapps/static,AVAILABLE}
2019-10-10 21:30:20,354 [main] INFO  handler.ContextHandler (ContextHandler.java:doStart(781)) - Started o.e.j.w.WebAppContext@231b35fb{/,file:///tmp/jetty-0.0.0.0-37894-hddsDatanode-_-any-4710841489829130936.dir/webapp/,AVAILABLE}{/hddsDatanode}
2019-10-10 21:30:20,355 [main] INFO  server.AbstractConnector (AbstractConnector.java:doStart(278)) - Started ServerConnector@26da1ba2{HTTP/1.1,[http/1.1]}{0.0.0.0:37894}
2019-10-10 21:30:20,358 [main] INFO  server.Server (Server.java:doStart(419)) - Started @201114ms
2019-10-10 21:30:20,358 [main] WARN  impl.MetricsSystemImpl (MetricsSystemImpl.java:register(276)) - Sink prometheus already exists!
2019-10-10 21:30:20,359 [main] INFO  server.BaseHttpServer (BaseHttpServer.java:updateConnectorAddress(215)) - HTTP server of HDDSDATANODE is listening at http://0.0.0.0:37894
2019-10-10 21:30:20,359 [main] INFO  impl.MetricsSystemImpl (MetricsSystemImpl.java:init(158)) - HddsDatanode metrics system started (again)
2019-10-10 21:30:20,380 [org.apache.hadoop.util.JvmPauseMonitor$Monitor@58c955b8] INFO  util.JvmPauseMonitor (JvmPauseMonitor.java:run(188)) - Starting JVM pause monitor
2019-10-10 21:30:20,381 [main] INFO  ozone.HddsDatanodeService (HddsDatanodeService.java:start(184)) - HddsDatanodeService host:pr-hdds-1986-lk2hz-517324276 ip:192.168.157.203
2019-10-10 21:30:20,381 [Datanode State Machine Thread - 0] INFO  datanode.InitDatanodeState (InitDatanodeState.java:persistContainerDatanodeDetails(140)) - DatanodeDetails is persisted to /workdir/hadoop-ozone/integration-test/target/test-dir/MiniOzoneClusterImpl-a1e0fe39-4452-4cf9-86f1-0fc82528131c/datanode-3/meta/datanode.id
2019-10-10 21:30:20,392 [main] INFO  volume.HddsVolume (HddsVolume.java:<init>(176)) - Creating Volume: /workdir/hadoop-ozone/integration-test/target/test-dir/MiniOzoneClusterImpl-a1e0fe39-4452-4cf9-86f1-0fc82528131c/datanode-4/data/containers/hdds of  storage type : DISK and capacity : 1482555576320
2019-10-10 21:30:20,392 [main] INFO  volume.VolumeSet (VolumeSet.java:initializeVolumeSet(170)) - Added Volume : /workdir/hadoop-ozone/integration-test/target/test-dir/MiniOzoneClusterImpl-a1e0fe39-4452-4cf9-86f1-0fc82528131c/datanode-4/data/containers/hdds to VolumeSet
2019-10-10 21:30:20,392 [main] INFO  volume.ThrottledAsyncChecker (ThrottledAsyncChecker.java:schedule(141)) - Scheduling a check for org.apache.hadoop.ozone.container.common.volume.HddsVolume@36c07c75
2019-10-10 21:30:20,393 [main] INFO  volume.HddsVolumeChecker (HddsVolumeChecker.java:checkAllVolumes(204)) - Scheduled health check for volume org.apache.hadoop.ozone.container.common.volume.HddsVolume@36c07c75
2019-10-10 21:30:20,411 [main] INFO  impl.RaftServerProxy (ConfUtils.java:logGet(43)) - raft.rpc.type = GRPC (default)
2019-10-10 21:30:20,412 [main] INFO  grpc.GrpcFactory (GrpcFactory.java:checkPooledByteBufAllocatorUseCacheForAllThreads(45)) - PERFORMANCE WARNING: useCacheForAllThreads is true that may cause Netty to create a lot garbage objects and, as a result, trigger GC.
	It is recommended to disable useCacheForAllThreads by setting -Dorg.apache.ratis.thirdparty.io.netty.allocator.useCacheForAllThreads=false in command line.
2019-10-10 21:30:20,412 [main] INFO  grpc.GrpcConfigKeys$Server (ConfUtils.java:logGet(43)) - raft.grpc.server.port = 0 (default)
2019-10-10 21:30:20,412 [main] INFO  server.GrpcService (ConfUtils.java:logGet(43)) - raft.grpc.message.size.max = 33570816 (custom)
2019-10-10 21:30:20,412 [main] INFO  server.RaftServerConfigKeys (ConfUtils.java:logGet(43)) - raft.server.log.appender.buffer.byte-limit = 33554432 (custom)
2019-10-10 21:30:20,412 [main] INFO  server.GrpcService (ConfUtils.java:logGet(43)) - raft.grpc.flow.control.window = 1MB (=1048576) (default)
2019-10-10 21:30:20,413 [main] INFO  server.RaftServerConfigKeys (ConfUtils.java:logGet(43)) - raft.server.rpc.request.timeout = 3000ms (default)
2019-10-10 21:30:20,413 [main] INFO  server.RaftServerConfigKeys (ConfUtils.java:logGet(43)) - raft.server.storage.dir = [/workdir/hadoop-ozone/integration-test/target/test-dir/MiniOzoneClusterImpl-a1e0fe39-4452-4cf9-86f1-0fc82528131c/datanode-4/data/ratis] (custom)
2019-10-10 21:30:20,414 [main] INFO  hdfs.DFSUtil (DFSUtil.java:httpServerTemplateForNNAndJN(1641)) - Starting Web-server for hddsDatanode at: http://0.0.0.0:0
2019-10-10 21:30:20,415 [main] INFO  server.AuthenticationFilter (AuthenticationFilter.java:constructSecretProvider(240)) - Unable to initialize FileSignerSecretProvider, falling back to use random secrets.
2019-10-10 21:30:20,416 [main] WARN  http.HttpRequestLog (HttpRequestLog.java:getRequestLog(97)) - Jetty request log can only be enabled using Log4j
2019-10-10 21:30:20,417 [main] INFO  http.HttpServer2 (HttpServer2.java:addGlobalFilter(975)) - Added global filter 'safety' (class=org.apache.hadoop.http.HttpServer2$QuotingInputFilter)
2019-10-10 21:30:20,418 [main] INFO  http.HttpServer2 (HttpServer2.java:addFilter(948)) - Added filter static_user_filter (class=org.apache.hadoop.http.lib.StaticUserWebFilter$StaticUserFilter) to context hddsDatanode
2019-10-10 21:30:20,418 [main] INFO  http.HttpServer2 (HttpServer2.java:addFilter(958)) - Added filter static_user_filter (class=org.apache.hadoop.http.lib.StaticUserWebFilter$StaticUserFilter) to context logs
2019-10-10 21:30:20,418 [main] INFO  http.HttpServer2 (HttpServer2.java:addFilter(958)) - Added filter static_user_filter (class=org.apache.hadoop.http.lib.StaticUserWebFilter$StaticUserFilter) to context static
2019-10-10 21:30:20,419 [main] INFO  http.HttpServer2 (HttpServer2.java:bindListener(1191)) - Jetty bound to port 37938
2019-10-10 21:30:20,419 [main] INFO  server.Server (Server.java:doStart(351)) - jetty-9.3.25.v20180904, build timestamp: 2018-09-04T21:11:46Z, git hash: 3ce520221d0240229c862b122d2b06c12a625732
2019-10-10 21:30:20,421 [main] INFO  handler.ContextHandler (ContextHandler.java:doStart(781)) - Started o.e.j.s.ServletContextHandler@76563ae7{/logs,file:///workdir/hadoop-ozone/integration-test/target/log,AVAILABLE}
2019-10-10 21:30:20,421 [main] INFO  handler.ContextHandler (ContextHandler.java:doStart(781)) - Started o.e.j.s.ServletContextHandler@4fea840f{/static,jar:file:/home/user/.m2/repository/org/apache/hadoop/hadoop-hdds-container-service/0.5.0-SNAPSHOT/hadoop-hdds-container-service-0.5.0-SNAPSHOT.jar!/webapps/static,AVAILABLE}
2019-10-10 21:30:20,450 [main] INFO  handler.ContextHandler (ContextHandler.java:doStart(781)) - Started o.e.j.w.WebAppContext@93bf0e0{/,file:///tmp/jetty-0.0.0.0-37938-hddsDatanode-_-any-7868212679942624345.dir/webapp/,AVAILABLE}{/hddsDatanode}
2019-10-10 21:30:20,451 [main] INFO  server.AbstractConnector (AbstractConnector.java:doStart(278)) - Started ServerConnector@4981d95b{HTTP/1.1,[http/1.1]}{0.0.0.0:37938}
2019-10-10 21:30:20,455 [main] INFO  server.Server (Server.java:doStart(419)) - Started @201210ms
2019-10-10 21:30:20,455 [main] WARN  impl.MetricsSystemImpl (MetricsSystemImpl.java:register(276)) - Sink prometheus already exists!
2019-10-10 21:30:20,456 [main] INFO  server.BaseHttpServer (BaseHttpServer.java:updateConnectorAddress(215)) - HTTP server of HDDSDATANODE is listening at http://0.0.0.0:37938
2019-10-10 21:30:20,456 [main] INFO  impl.MetricsSystemImpl (MetricsSystemImpl.java:init(158)) - HddsDatanode metrics system started (again)
2019-10-10 21:30:20,488 [org.apache.hadoop.util.JvmPauseMonitor$Monitor@df4beb5] INFO  util.JvmPauseMonitor (JvmPauseMonitor.java:run(188)) - Starting JVM pause monitor
2019-10-10 21:30:20,489 [Datanode State Machine Thread - 0] INFO  datanode.InitDatanodeState (InitDatanodeState.java:persistContainerDatanodeDetails(140)) - DatanodeDetails is persisted to /workdir/hadoop-ozone/integration-test/target/test-dir/MiniOzoneClusterImpl-a1e0fe39-4452-4cf9-86f1-0fc82528131c/datanode-4/meta/datanode.id
2019-10-10 21:30:20,490 [main] INFO  ozone.HddsDatanodeService (HddsDatanodeService.java:start(184)) - HddsDatanodeService host:pr-hdds-1986-lk2hz-517324276 ip:192.168.157.203
2019-10-10 21:30:20,501 [main] INFO  volume.HddsVolume (HddsVolume.java:<init>(176)) - Creating Volume: /workdir/hadoop-ozone/integration-test/target/test-dir/MiniOzoneClusterImpl-a1e0fe39-4452-4cf9-86f1-0fc82528131c/datanode-5/data/containers/hdds of  storage type : DISK and capacity : 1482555576320
2019-10-10 21:30:20,501 [main] INFO  volume.VolumeSet (VolumeSet.java:initializeVolumeSet(170)) - Added Volume : /workdir/hadoop-ozone/integration-test/target/test-dir/MiniOzoneClusterImpl-a1e0fe39-4452-4cf9-86f1-0fc82528131c/datanode-5/data/containers/hdds to VolumeSet
2019-10-10 21:30:20,501 [main] INFO  volume.ThrottledAsyncChecker (ThrottledAsyncChecker.java:schedule(141)) - Scheduling a check for org.apache.hadoop.ozone.container.common.volume.HddsVolume@52ecc989
2019-10-10 21:30:20,502 [main] INFO  volume.HddsVolumeChecker (HddsVolumeChecker.java:checkAllVolumes(204)) - Scheduled health check for volume org.apache.hadoop.ozone.container.common.volume.HddsVolume@52ecc989
2019-10-10 21:30:20,520 [main] INFO  impl.RaftServerProxy (ConfUtils.java:logGet(43)) - raft.rpc.type = GRPC (default)
2019-10-10 21:30:20,521 [main] INFO  grpc.GrpcFactory (GrpcFactory.java:checkPooledByteBufAllocatorUseCacheForAllThreads(45)) - PERFORMANCE WARNING: useCacheForAllThreads is true that may cause Netty to create a lot garbage objects and, as a result, trigger GC.
	It is recommended to disable useCacheForAllThreads by setting -Dorg.apache.ratis.thirdparty.io.netty.allocator.useCacheForAllThreads=false in command line.
2019-10-10 21:30:20,521 [main] INFO  grpc.GrpcConfigKeys$Server (ConfUtils.java:logGet(43)) - raft.grpc.server.port = 0 (default)
2019-10-10 21:30:20,521 [main] INFO  server.GrpcService (ConfUtils.java:logGet(43)) - raft.grpc.message.size.max = 33570816 (custom)
2019-10-10 21:30:20,521 [main] INFO  server.RaftServerConfigKeys (ConfUtils.java:logGet(43)) - raft.server.log.appender.buffer.byte-limit = 33554432 (custom)
2019-10-10 21:30:20,522 [main] INFO  server.GrpcService (ConfUtils.java:logGet(43)) - raft.grpc.flow.control.window = 1MB (=1048576) (default)
2019-10-10 21:30:20,522 [main] INFO  server.RaftServerConfigKeys (ConfUtils.java:logGet(43)) - raft.server.rpc.request.timeout = 3000ms (default)
2019-10-10 21:30:20,522 [main] INFO  server.RaftServerConfigKeys (ConfUtils.java:logGet(43)) - raft.server.storage.dir = [/workdir/hadoop-ozone/integration-test/target/test-dir/MiniOzoneClusterImpl-a1e0fe39-4452-4cf9-86f1-0fc82528131c/datanode-5/data/ratis] (custom)
2019-10-10 21:30:20,524 [main] INFO  hdfs.DFSUtil (DFSUtil.java:httpServerTemplateForNNAndJN(1641)) - Starting Web-server for hddsDatanode at: http://0.0.0.0:0
2019-10-10 21:30:20,525 [main] INFO  server.AuthenticationFilter (AuthenticationFilter.java:constructSecretProvider(240)) - Unable to initialize FileSignerSecretProvider, falling back to use random secrets.
2019-10-10 21:30:20,526 [main] WARN  http.HttpRequestLog (HttpRequestLog.java:getRequestLog(97)) - Jetty request log can only be enabled using Log4j
2019-10-10 21:30:20,527 [main] INFO  http.HttpServer2 (HttpServer2.java:addGlobalFilter(975)) - Added global filter 'safety' (class=org.apache.hadoop.http.HttpServer2$QuotingInputFilter)
2019-10-10 21:30:20,528 [main] INFO  http.HttpServer2 (HttpServer2.java:addFilter(948)) - Added filter static_user_filter (class=org.apache.hadoop.http.lib.StaticUserWebFilter$StaticUserFilter) to context hddsDatanode
2019-10-10 21:30:20,528 [main] INFO  http.HttpServer2 (HttpServer2.java:addFilter(958)) - Added filter static_user_filter (class=org.apache.hadoop.http.lib.StaticUserWebFilter$StaticUserFilter) to context logs
2019-10-10 21:30:20,528 [main] INFO  http.HttpServer2 (HttpServer2.java:addFilter(958)) - Added filter static_user_filter (class=org.apache.hadoop.http.lib.StaticUserWebFilter$StaticUserFilter) to context static
2019-10-10 21:30:20,529 [main] INFO  http.HttpServer2 (HttpServer2.java:bindListener(1191)) - Jetty bound to port 36209
2019-10-10 21:30:20,529 [main] INFO  server.Server (Server.java:doStart(351)) - jetty-9.3.25.v20180904, build timestamp: 2018-09-04T21:11:46Z, git hash: 3ce520221d0240229c862b122d2b06c12a625732
2019-10-10 21:30:20,531 [main] INFO  handler.ContextHandler (ContextHandler.java:doStart(781)) - Started o.e.j.s.ServletContextHandler@29d070c7{/logs,file:///workdir/hadoop-ozone/integration-test/target/log,AVAILABLE}
2019-10-10 21:30:20,532 [main] INFO  handler.ContextHandler (ContextHandler.java:doStart(781)) - Started o.e.j.s.ServletContextHandler@44dfdd58{/static,jar:file:/home/user/.m2/repository/org/apache/hadoop/hadoop-hdds-container-service/0.5.0-SNAPSHOT/hadoop-hdds-container-service-0.5.0-SNAPSHOT.jar!/webapps/static,AVAILABLE}
2019-10-10 21:30:20,566 [main] INFO  handler.ContextHandler (ContextHandler.java:doStart(781)) - Started o.e.j.w.WebAppContext@6ad6443{/,file:///tmp/jetty-0.0.0.0-36209-hddsDatanode-_-any-3284382896194860439.dir/webapp/,AVAILABLE}{/hddsDatanode}
2019-10-10 21:30:20,566 [main] INFO  server.AbstractConnector (AbstractConnector.java:doStart(278)) - Started ServerConnector@78b03788{HTTP/1.1,[http/1.1]}{0.0.0.0:36209}
2019-10-10 21:30:20,570 [main] INFO  server.Server (Server.java:doStart(419)) - Started @201326ms
2019-10-10 21:30:20,571 [main] WARN  impl.MetricsSystemImpl (MetricsSystemImpl.java:register(276)) - Sink prometheus already exists!
2019-10-10 21:30:20,572 [main] INFO  server.BaseHttpServer (BaseHttpServer.java:updateConnectorAddress(215)) - HTTP server of HDDSDATANODE is listening at http://0.0.0.0:36209
2019-10-10 21:30:20,572 [main] INFO  impl.MetricsSystemImpl (MetricsSystemImpl.java:init(158)) - HddsDatanode metrics system started (again)
2019-10-10 21:30:20,596 [org.apache.hadoop.util.JvmPauseMonitor$Monitor@3924fe52] INFO  util.JvmPauseMonitor (JvmPauseMonitor.java:run(188)) - Starting JVM pause monitor
2019-10-10 21:30:20,598 [main] INFO  ozone.HddsDatanodeService (HddsDatanodeService.java:start(184)) - HddsDatanodeService host:pr-hdds-1986-lk2hz-517324276 ip:192.168.157.203
2019-10-10 21:30:20,598 [Datanode State Machine Thread - 0] INFO  datanode.InitDatanodeState (InitDatanodeState.java:persistContainerDatanodeDetails(140)) - DatanodeDetails is persisted to /workdir/hadoop-ozone/integration-test/target/test-dir/MiniOzoneClusterImpl-a1e0fe39-4452-4cf9-86f1-0fc82528131c/datanode-5/meta/datanode.id
2019-10-10 21:30:20,609 [main] INFO  volume.HddsVolume (HddsVolume.java:<init>(176)) - Creating Volume: /workdir/hadoop-ozone/integration-test/target/test-dir/MiniOzoneClusterImpl-a1e0fe39-4452-4cf9-86f1-0fc82528131c/datanode-6/data/containers/hdds of  storage type : DISK and capacity : 1482555576320
2019-10-10 21:30:20,610 [main] INFO  volume.VolumeSet (VolumeSet.java:initializeVolumeSet(170)) - Added Volume : /workdir/hadoop-ozone/integration-test/target/test-dir/MiniOzoneClusterImpl-a1e0fe39-4452-4cf9-86f1-0fc82528131c/datanode-6/data/containers/hdds to VolumeSet
2019-10-10 21:30:20,610 [main] INFO  volume.ThrottledAsyncChecker (ThrottledAsyncChecker.java:schedule(141)) - Scheduling a check for org.apache.hadoop.ozone.container.common.volume.HddsVolume@77083e41
2019-10-10 21:30:20,611 [main] INFO  volume.HddsVolumeChecker (HddsVolumeChecker.java:checkAllVolumes(204)) - Scheduled health check for volume org.apache.hadoop.ozone.container.common.volume.HddsVolume@77083e41
2019-10-10 21:30:20,626 [main] INFO  impl.RaftServerProxy (ConfUtils.java:logGet(43)) - raft.rpc.type = GRPC (default)
2019-10-10 21:30:20,626 [main] INFO  grpc.GrpcFactory (GrpcFactory.java:checkPooledByteBufAllocatorUseCacheForAllThreads(45)) - PERFORMANCE WARNING: useCacheForAllThreads is true that may cause Netty to create a lot garbage objects and, as a result, trigger GC.
	It is recommended to disable useCacheForAllThreads by setting -Dorg.apache.ratis.thirdparty.io.netty.allocator.useCacheForAllThreads=false in command line.
2019-10-10 21:30:20,626 [main] INFO  grpc.GrpcConfigKeys$Server (ConfUtils.java:logGet(43)) - raft.grpc.server.port = 0 (default)
2019-10-10 21:30:20,626 [main] INFO  server.GrpcService (ConfUtils.java:logGet(43)) - raft.grpc.message.size.max = 33570816 (custom)
2019-10-10 21:30:20,626 [main] INFO  server.RaftServerConfigKeys (ConfUtils.java:logGet(43)) - raft.server.log.appender.buffer.byte-limit = 33554432 (custom)
2019-10-10 21:30:20,627 [main] INFO  server.GrpcService (ConfUtils.java:logGet(43)) - raft.grpc.flow.control.window = 1MB (=1048576) (default)
2019-10-10 21:30:20,627 [main] INFO  server.RaftServerConfigKeys (ConfUtils.java:logGet(43)) - raft.server.rpc.request.timeout = 3000ms (default)
2019-10-10 21:30:20,627 [main] INFO  server.RaftServerConfigKeys (ConfUtils.java:logGet(43)) - raft.server.storage.dir = [/workdir/hadoop-ozone/integration-test/target/test-dir/MiniOzoneClusterImpl-a1e0fe39-4452-4cf9-86f1-0fc82528131c/datanode-6/data/ratis] (custom)
2019-10-10 21:30:20,629 [main] INFO  hdfs.DFSUtil (DFSUtil.java:httpServerTemplateForNNAndJN(1641)) - Starting Web-server for hddsDatanode at: http://0.0.0.0:0
2019-10-10 21:30:20,630 [main] INFO  server.AuthenticationFilter (AuthenticationFilter.java:constructSecretProvider(240)) - Unable to initialize FileSignerSecretProvider, falling back to use random secrets.
2019-10-10 21:30:20,630 [main] WARN  http.HttpRequestLog (HttpRequestLog.java:getRequestLog(97)) - Jetty request log can only be enabled using Log4j
2019-10-10 21:30:20,631 [main] INFO  http.HttpServer2 (HttpServer2.java:addGlobalFilter(975)) - Added global filter 'safety' (class=org.apache.hadoop.http.HttpServer2$QuotingInputFilter)
2019-10-10 21:30:20,632 [main] INFO  http.HttpServer2 (HttpServer2.java:addFilter(948)) - Added filter static_user_filter (class=org.apache.hadoop.http.lib.StaticUserWebFilter$StaticUserFilter) to context hddsDatanode
2019-10-10 21:30:20,632 [main] INFO  http.HttpServer2 (HttpServer2.java:addFilter(958)) - Added filter static_user_filter (class=org.apache.hadoop.http.lib.StaticUserWebFilter$StaticUserFilter) to context static
2019-10-10 21:30:20,632 [main] INFO  http.HttpServer2 (HttpServer2.java:addFilter(958)) - Added filter static_user_filter (class=org.apache.hadoop.http.lib.StaticUserWebFilter$StaticUserFilter) to context logs
2019-10-10 21:30:20,633 [main] INFO  http.HttpServer2 (HttpServer2.java:bindListener(1191)) - Jetty bound to port 39495
2019-10-10 21:30:20,633 [main] INFO  server.Server (Server.java:doStart(351)) - jetty-9.3.25.v20180904, build timestamp: 2018-09-04T21:11:46Z, git hash: 3ce520221d0240229c862b122d2b06c12a625732
2019-10-10 21:30:20,635 [main] INFO  handler.ContextHandler (ContextHandler.java:doStart(781)) - Started o.e.j.s.ServletContextHandler@5333f08f{/logs,file:///workdir/hadoop-ozone/integration-test/target/log,AVAILABLE}
2019-10-10 21:30:20,635 [main] INFO  handler.ContextHandler (ContextHandler.java:doStart(781)) - Started o.e.j.s.ServletContextHandler@4f5f474c{/static,jar:file:/home/user/.m2/repository/org/apache/hadoop/hadoop-hdds-container-service/0.5.0-SNAPSHOT/hadoop-hdds-container-service-0.5.0-SNAPSHOT.jar!/webapps/static,AVAILABLE}
2019-10-10 21:30:20,663 [main] INFO  handler.ContextHandler (ContextHandler.java:doStart(781)) - Started o.e.j.w.WebAppContext@15d236fd{/,file:///tmp/jetty-0.0.0.0-39495-hddsDatanode-_-any-5727619230501854157.dir/webapp/,AVAILABLE}{/hddsDatanode}
2019-10-10 21:30:20,664 [main] INFO  server.AbstractConnector (AbstractConnector.java:doStart(278)) - Started ServerConnector@6b9c42bd{HTTP/1.1,[http/1.1]}{0.0.0.0:39495}
2019-10-10 21:30:20,668 [main] INFO  server.Server (Server.java:doStart(419)) - Started @201424ms
2019-10-10 21:30:20,668 [main] WARN  impl.MetricsSystemImpl (MetricsSystemImpl.java:register(276)) - Sink prometheus already exists!
2019-10-10 21:30:20,669 [main] INFO  server.BaseHttpServer (BaseHttpServer.java:updateConnectorAddress(215)) - HTTP server of HDDSDATANODE is listening at http://0.0.0.0:39495
2019-10-10 21:30:20,669 [main] INFO  ozone.MiniOzoneClusterImpl (MiniOzoneClusterImpl.java:lambda$waitForClusterToBeReady$0(147)) - Waiting for cluster to be ready. Got 0 of 7 DN Heartbeats.
2019-10-10 21:30:20,671 [org.apache.hadoop.util.JvmPauseMonitor$Monitor@550c00e8] INFO  util.JvmPauseMonitor (JvmPauseMonitor.java:run(188)) - Starting JVM pause monitor
2019-10-10 21:30:20,672 [Datanode State Machine Thread - 0] INFO  datanode.InitDatanodeState (InitDatanodeState.java:persistContainerDatanodeDetails(140)) - DatanodeDetails is persisted to /workdir/hadoop-ozone/integration-test/target/test-dir/MiniOzoneClusterImpl-a1e0fe39-4452-4cf9-86f1-0fc82528131c/datanode-6/meta/datanode.id
2019-10-10 21:30:21,670 [main] INFO  ozone.MiniOzoneClusterImpl (MiniOzoneClusterImpl.java:lambda$waitForClusterToBeReady$0(147)) - Waiting for cluster to be ready. Got 0 of 7 DN Heartbeats.
2019-10-10 21:30:22,182 [Datanode State Machine Thread - 0] INFO  ozoneimpl.OzoneContainer (OzoneContainer.java:start(213)) - Attempting to start container services.
2019-10-10 21:30:22,182 [Datanode State Machine Thread - 0] INFO  ozoneimpl.OzoneContainer (OzoneContainer.java:startContainerScrub(177)) - Background container scanner has been disabled.
2019-10-10 21:30:22,182 [Datanode State Machine Thread - 0] INFO  ratis.XceiverServerRatis (XceiverServerRatis.java:start(418)) - Starting XceiverServerRatis b4c5c9e1-3835-4852-a62b-9f142dfef2cb at port 0
2019-10-10 21:30:22,191 [Datanode State Machine Thread - 0] INFO  impl.RaftServerProxy (RaftServerProxy.java:lambda$start$3(299)) - b4c5c9e1-3835-4852-a62b-9f142dfef2cb: start RPC server
2019-10-10 21:30:22,193 [Datanode State Machine Thread - 0] INFO  server.GrpcService (GrpcService.java:startImpl(158)) - b4c5c9e1-3835-4852-a62b-9f142dfef2cb: GrpcService started, listening on 0.0.0.0/0.0.0.0:40038
2019-10-10 21:30:22,193 [Datanode State Machine Thread - 0] INFO  ratis.XceiverServerRatis (XceiverServerRatis.java:start(428)) - XceiverServerRatis b4c5c9e1-3835-4852-a62b-9f142dfef2cb is started using port 40038
2019-10-10 21:30:22,194 [Datanode State Machine Thread - 0] INFO  server.XceiverServerGrpc (XceiverServerGrpc.java:start(149)) - XceiverServerGrpc b4c5c9e1-3835-4852-a62b-9f142dfef2cb is started using port 39430
2019-10-10 21:30:22,217 [Datanode State Machine Thread - 0] INFO  ozoneimpl.OzoneContainer (OzoneContainer.java:start(213)) - Attempting to start container services.
2019-10-10 21:30:22,217 [Datanode State Machine Thread - 0] INFO  ozoneimpl.OzoneContainer (OzoneContainer.java:startContainerScrub(177)) - Background container scanner has been disabled.
2019-10-10 21:30:22,217 [Datanode State Machine Thread - 0] INFO  ratis.XceiverServerRatis (XceiverServerRatis.java:start(418)) - Starting XceiverServerRatis 26fe6874-888a-4f12-b351-94cfb64f8ed1 at port 0
2019-10-10 21:30:22,225 [Datanode State Machine Thread - 0] INFO  impl.RaftServerProxy (RaftServerProxy.java:lambda$start$3(299)) - 26fe6874-888a-4f12-b351-94cfb64f8ed1: start RPC server
2019-10-10 21:30:22,225 [Datanode State Machine Thread - 0] INFO  server.GrpcService (GrpcService.java:startImpl(158)) - 26fe6874-888a-4f12-b351-94cfb64f8ed1: GrpcService started, listening on 0.0.0.0/0.0.0.0:40941
2019-10-10 21:30:22,226 [Datanode State Machine Thread - 0] INFO  ratis.XceiverServerRatis (XceiverServerRatis.java:start(428)) - XceiverServerRatis 26fe6874-888a-4f12-b351-94cfb64f8ed1 is started using port 40941
2019-10-10 21:30:22,226 [Datanode State Machine Thread - 0] INFO  server.XceiverServerGrpc (XceiverServerGrpc.java:start(149)) - XceiverServerGrpc 26fe6874-888a-4f12-b351-94cfb64f8ed1 is started using port 42726
2019-10-10 21:30:22,298 [Datanode State Machine Thread - 0] INFO  ozoneimpl.OzoneContainer (OzoneContainer.java:start(213)) - Attempting to start container services.
2019-10-10 21:30:22,299 [Datanode State Machine Thread - 0] INFO  ozoneimpl.OzoneContainer (OzoneContainer.java:startContainerScrub(177)) - Background container scanner has been disabled.
2019-10-10 21:30:22,299 [Datanode State Machine Thread - 0] INFO  ratis.XceiverServerRatis (XceiverServerRatis.java:start(418)) - Starting XceiverServerRatis ca1409e4-20e3-45f1-b1dc-bf04268b53eb at port 0
2019-10-10 21:30:22,306 [Datanode State Machine Thread - 0] INFO  impl.RaftServerProxy (RaftServerProxy.java:lambda$start$3(299)) - ca1409e4-20e3-45f1-b1dc-bf04268b53eb: start RPC server
2019-10-10 21:30:22,307 [Datanode State Machine Thread - 0] INFO  server.GrpcService (GrpcService.java:startImpl(158)) - ca1409e4-20e3-45f1-b1dc-bf04268b53eb: GrpcService started, listening on 0.0.0.0/0.0.0.0:45955
2019-10-10 21:30:22,307 [Datanode State Machine Thread - 0] INFO  ratis.XceiverServerRatis (XceiverServerRatis.java:start(428)) - XceiverServerRatis ca1409e4-20e3-45f1-b1dc-bf04268b53eb is started using port 45955
2019-10-10 21:30:22,307 [Datanode State Machine Thread - 0] INFO  server.XceiverServerGrpc (XceiverServerGrpc.java:start(149)) - XceiverServerGrpc ca1409e4-20e3-45f1-b1dc-bf04268b53eb is started using port 43565
2019-10-10 21:30:22,395 [Datanode State Machine Thread - 0] INFO  ozoneimpl.OzoneContainer (OzoneContainer.java:start(213)) - Attempting to start container services.
2019-10-10 21:30:22,395 [Datanode State Machine Thread - 0] INFO  ozoneimpl.OzoneContainer (OzoneContainer.java:startContainerScrub(177)) - Background container scanner has been disabled.
2019-10-10 21:30:22,396 [Datanode State Machine Thread - 0] INFO  ratis.XceiverServerRatis (XceiverServerRatis.java:start(418)) - Starting XceiverServerRatis 607904f6-5de8-4d83-b69c-765b1e74f43c at port 0
2019-10-10 21:30:22,404 [Datanode State Machine Thread - 0] INFO  impl.RaftServerProxy (RaftServerProxy.java:lambda$start$3(299)) - 607904f6-5de8-4d83-b69c-765b1e74f43c: start RPC server
2019-10-10 21:30:22,404 [Datanode State Machine Thread - 0] INFO  server.GrpcService (GrpcService.java:startImpl(158)) - 607904f6-5de8-4d83-b69c-765b1e74f43c: GrpcService started, listening on 0.0.0.0/0.0.0.0:33426
2019-10-10 21:30:22,405 [Datanode State Machine Thread - 0] INFO  ratis.XceiverServerRatis (XceiverServerRatis.java:start(428)) - XceiverServerRatis 607904f6-5de8-4d83-b69c-765b1e74f43c is started using port 33426
2019-10-10 21:30:22,405 [Datanode State Machine Thread - 0] INFO  server.XceiverServerGrpc (XceiverServerGrpc.java:start(149)) - XceiverServerGrpc 607904f6-5de8-4d83-b69c-765b1e74f43c is started using port 40680
2019-10-10 21:30:22,501 [Datanode State Machine Thread - 0] INFO  ozoneimpl.OzoneContainer (OzoneContainer.java:start(213)) - Attempting to start container services.
2019-10-10 21:30:22,502 [Datanode State Machine Thread - 0] INFO  ozoneimpl.OzoneContainer (OzoneContainer.java:startContainerScrub(177)) - Background container scanner has been disabled.
2019-10-10 21:30:22,502 [Datanode State Machine Thread - 0] INFO  ratis.XceiverServerRatis (XceiverServerRatis.java:start(418)) - Starting XceiverServerRatis 1142a9ab-ee46-4293-9093-2a1cd345c012 at port 0
2019-10-10 21:30:22,509 [Datanode State Machine Thread - 0] INFO  impl.RaftServerProxy (RaftServerProxy.java:lambda$start$3(299)) - 1142a9ab-ee46-4293-9093-2a1cd345c012: start RPC server
2019-10-10 21:30:22,509 [Datanode State Machine Thread - 0] INFO  server.GrpcService (GrpcService.java:startImpl(158)) - 1142a9ab-ee46-4293-9093-2a1cd345c012: GrpcService started, listening on 0.0.0.0/0.0.0.0:43803
2019-10-10 21:30:22,510 [Datanode State Machine Thread - 0] INFO  ratis.XceiverServerRatis (XceiverServerRatis.java:start(428)) - XceiverServerRatis 1142a9ab-ee46-4293-9093-2a1cd345c012 is started using port 43803
2019-10-10 21:30:22,510 [Datanode State Machine Thread - 0] INFO  server.XceiverServerGrpc (XceiverServerGrpc.java:start(149)) - XceiverServerGrpc 1142a9ab-ee46-4293-9093-2a1cd345c012 is started using port 38737
2019-10-10 21:30:22,610 [Datanode State Machine Thread - 0] INFO  ozoneimpl.OzoneContainer (OzoneContainer.java:start(213)) - Attempting to start container services.
2019-10-10 21:30:22,610 [Datanode State Machine Thread - 0] INFO  ozoneimpl.OzoneContainer (OzoneContainer.java:startContainerScrub(177)) - Background container scanner has been disabled.
2019-10-10 21:30:22,610 [Datanode State Machine Thread - 0] INFO  ratis.XceiverServerRatis (XceiverServerRatis.java:start(418)) - Starting XceiverServerRatis e61aa4c9-9e36-4fbd-bed7-4f2c6afaf8f9 at port 0
2019-10-10 21:30:22,617 [Datanode State Machine Thread - 0] INFO  impl.RaftServerProxy (RaftServerProxy.java:lambda$start$3(299)) - e61aa4c9-9e36-4fbd-bed7-4f2c6afaf8f9: start RPC server
2019-10-10 21:30:22,618 [Datanode State Machine Thread - 0] INFO  server.GrpcService (GrpcService.java:startImpl(158)) - e61aa4c9-9e36-4fbd-bed7-4f2c6afaf8f9: GrpcService started, listening on 0.0.0.0/0.0.0.0:42373
2019-10-10 21:30:22,618 [Datanode State Machine Thread - 0] INFO  ratis.XceiverServerRatis (XceiverServerRatis.java:start(428)) - XceiverServerRatis e61aa4c9-9e36-4fbd-bed7-4f2c6afaf8f9 is started using port 42373
2019-10-10 21:30:22,619 [Datanode State Machine Thread - 0] INFO  server.XceiverServerGrpc (XceiverServerGrpc.java:start(149)) - XceiverServerGrpc e61aa4c9-9e36-4fbd-bed7-4f2c6afaf8f9 is started using port 44777
2019-10-10 21:30:22,670 [main] INFO  ozone.MiniOzoneClusterImpl (MiniOzoneClusterImpl.java:lambda$waitForClusterToBeReady$0(147)) - Waiting for cluster to be ready. Got 0 of 7 DN Heartbeats.
2019-10-10 21:30:22,684 [Datanode State Machine Thread - 0] INFO  ozoneimpl.OzoneContainer (OzoneContainer.java:start(213)) - Attempting to start container services.
2019-10-10 21:30:22,684 [Datanode State Machine Thread - 0] INFO  ozoneimpl.OzoneContainer (OzoneContainer.java:startContainerScrub(177)) - Background container scanner has been disabled.
2019-10-10 21:30:22,684 [Datanode State Machine Thread - 0] INFO  ratis.XceiverServerRatis (XceiverServerRatis.java:start(418)) - Starting XceiverServerRatis da091461-7ad0-4301-a2c7-20bd1b92e5e4 at port 0
2019-10-10 21:30:22,692 [Datanode State Machine Thread - 0] INFO  impl.RaftServerProxy (RaftServerProxy.java:lambda$start$3(299)) - da091461-7ad0-4301-a2c7-20bd1b92e5e4: start RPC server
2019-10-10 21:30:22,692 [Datanode State Machine Thread - 0] INFO  server.GrpcService (GrpcService.java:startImpl(158)) - da091461-7ad0-4301-a2c7-20bd1b92e5e4: GrpcService started, listening on 0.0.0.0/0.0.0.0:35625
2019-10-10 21:30:22,692 [Datanode State Machine Thread - 0] INFO  ratis.XceiverServerRatis (XceiverServerRatis.java:start(428)) - XceiverServerRatis da091461-7ad0-4301-a2c7-20bd1b92e5e4 is started using port 35625
2019-10-10 21:30:22,693 [Datanode State Machine Thread - 0] INFO  server.XceiverServerGrpc (XceiverServerGrpc.java:start(149)) - XceiverServerGrpc da091461-7ad0-4301-a2c7-20bd1b92e5e4 is started using port 43609
2019-10-10 21:30:22,810 [grpc-default-executor-2] WARN  server.GrpcLogAppender (LogUtils.java:warn(134)) - a900087f-503e-4321-861c-2daca883c610@group-4429540AD53A->b53b5c8e-5e67-456c-afc2-42f0810f9e11-AppendLogResponseHandler: Failed appendEntries: org.apache.ratis.thirdparty.io.grpc.StatusRuntimeException: UNAVAILABLE: io exception
2019-10-10 21:30:22,810 [grpc-default-executor-7] WARN  server.GrpcLogAppender (LogUtils.java:warn(134)) - a900087f-503e-4321-861c-2daca883c610@group-4429540AD53A->dfe184d8-5e71-4515-9f68-a36fd788b5f0-AppendLogResponseHandler: Failed appendEntries: org.apache.ratis.thirdparty.io.grpc.StatusRuntimeException: UNAVAILABLE: io exception
2019-10-10 21:30:22,810 [grpc-default-executor-2] INFO  impl.FollowerInfo (FollowerInfo.java:lambda$new$0(51)) - a900087f-503e-4321-861c-2daca883c610@group-4429540AD53A->b53b5c8e-5e67-456c-afc2-42f0810f9e11: nextIndex: updateUnconditionally 0 -> 0
2019-10-10 21:30:22,810 [grpc-default-executor-7] INFO  impl.FollowerInfo (FollowerInfo.java:lambda$new$0(51)) - a900087f-503e-4321-861c-2daca883c610@group-4429540AD53A->dfe184d8-5e71-4515-9f68-a36fd788b5f0: nextIndex: updateUnconditionally 0 -> 0
2019-10-10 21:30:23,671 [main] INFO  ozone.MiniOzoneClusterImpl (MiniOzoneClusterImpl.java:lambda$waitForClusterToBeReady$0(147)) - Waiting for cluster to be ready. Got 0 of 7 DN Heartbeats.
2019-10-10 21:30:24,116 [IPC Server handler 2 on 35981] INFO  net.NetworkTopology (NetworkTopologyImpl.java:add(111)) - Added a new node: /default-rack/b4c5c9e1-3835-4852-a62b-9f142dfef2cb
2019-10-10 21:30:24,121 [IPC Server handler 2 on 35981] INFO  node.SCMNodeManager (SCMNodeManager.java:register(268)) - Registered Data node : b4c5c9e1-3835-4852-a62b-9f142dfef2cb{ip: 192.168.157.203, host: pr-hdds-1986-lk2hz-517324276, networkLocation: /default-rack, certSerialId: null}
2019-10-10 21:30:24,122 [EventQueue-NodeRegistrationContainerReportForDataNodeSafeModeRule] INFO  safemode.SCMSafeModeManager (DataNodeSafeModeRule.java:process(71)) - SCM in safe mode. 1 DataNodes registered, 1 required.
2019-10-10 21:30:24,126 [EventQueue-NodeRegistrationContainerReportForDataNodeSafeModeRule] INFO  safemode.SCMSafeModeManager (SCMSafeModeManager.java:validateSafeModeExitRules(177)) - ScmSafeModeManager, all rules are successfully validated
2019-10-10 21:30:24,126 [EventQueue-NodeRegistrationContainerReportForDataNodeSafeModeRule] INFO  safemode.SCMSafeModeManager (SCMSafeModeManager.java:exitSafeMode(193)) - SCM exiting safe mode.
2019-10-10 21:30:24,138 [grpc-default-executor-7] INFO  impl.RaftServerProxy (RaftServerProxy.java:addNew(89)) - b4c5c9e1-3835-4852-a62b-9f142dfef2cb: addNew group-9B469194C236:[b4c5c9e1-3835-4852-a62b-9f142dfef2cb:192.168.157.203:40038] returns group-9B469194C236:java.util.concurrent.CompletableFuture@7983d258[Not completed]
2019-10-10 21:30:24,140 [pool-383-thread-1] INFO  impl.RaftServerImpl (RaftServerImpl.java:<init>(95)) - b4c5c9e1-3835-4852-a62b-9f142dfef2cb: new RaftServerImpl for group-9B469194C236:[b4c5c9e1-3835-4852-a62b-9f142dfef2cb:192.168.157.203:40038] with ContainerStateMachine:uninitialized
2019-10-10 21:30:24,140 [pool-383-thread-1] INFO  server.RaftServerConfigKeys (ConfUtils.java:logGet(43)) - raft.server.rpc.timeout.min = 5s (custom)
2019-10-10 21:30:24,141 [pool-383-thread-1] INFO  server.RaftServerConfigKeys (ConfUtils.java:logGet(43)) - raft.server.rpc.timeout.max = 5200ms (custom)
2019-10-10 21:30:24,141 [pool-383-thread-1] INFO  server.RaftServerConfigKeys (ConfUtils.java:logGet(43)) - raft.server.rpcslowness.timeout = 120s (custom)
2019-10-10 21:30:24,141 [pool-383-thread-1] INFO  server.RaftServerConfigKeys (ConfUtils.java:logGet(43)) - raft.server.sleep.deviation.threshold = 300 (default)
2019-10-10 21:30:24,141 [pool-383-thread-1] INFO  server.RaftServerConfigKeys (ConfUtils.java:logGet(43)) - raft.server.log.appender.install.snapshot.enabled = false (custom)
2019-10-10 21:30:24,141 [pool-383-thread-1] INFO  impl.RaftServerImpl (ServerState.java:<init>(103)) - b4c5c9e1-3835-4852-a62b-9f142dfef2cb@group-9B469194C236: ConfigurationManager, init=-1: [b4c5c9e1-3835-4852-a62b-9f142dfef2cb:192.168.157.203:40038], old=null, confs=<EMPTY_MAP>
2019-10-10 21:30:24,141 [pool-383-thread-1] INFO  server.RaftServerConfigKeys (ConfUtils.java:logGet(43)) - raft.server.storage.dir = [/workdir/hadoop-ozone/integration-test/target/test-dir/MiniOzoneClusterImpl-a1e0fe39-4452-4cf9-86f1-0fc82528131c/datanode-0/data/ratis] (custom)
2019-10-10 21:30:24,142 [pool-383-thread-1] INFO  server.RaftServerConfigKeys (ConfUtils.java:logGet(43)) - raft.server.log.corruption.policy = EXCEPTION (default)
2019-10-10 21:30:24,142 [pool-383-thread-1] INFO  storage.RaftStorageDirectory (RaftStorageDirectory.java:analyzeStorage(246)) - The storage directory /workdir/hadoop-ozone/integration-test/target/test-dir/MiniOzoneClusterImpl-a1e0fe39-4452-4cf9-86f1-0fc82528131c/datanode-0/data/ratis/daa25529-0b89-4055-915c-9b469194c236 does not exist. Creating ...
2019-10-10 21:30:24,154 [pool-383-thread-1] INFO  storage.RaftStorageDirectory (RaftStorageDirectory.java:tryLock(328)) - Lock on /workdir/hadoop-ozone/integration-test/target/test-dir/MiniOzoneClusterImpl-a1e0fe39-4452-4cf9-86f1-0fc82528131c/datanode-0/data/ratis/daa25529-0b89-4055-915c-9b469194c236/in_use.lock acquired by nodename 3080@pr-hdds-1986-lk2hz-517324276
2019-10-10 21:30:24,167 [pool-383-thread-1] INFO  storage.RaftStorage (RaftStorage.java:format(84)) - Storage directory /workdir/hadoop-ozone/integration-test/target/test-dir/MiniOzoneClusterImpl-a1e0fe39-4452-4cf9-86f1-0fc82528131c/datanode-0/data/ratis/daa25529-0b89-4055-915c-9b469194c236 has been successfully formatted.
2019-10-10 21:30:24,167 [pool-383-thread-1] INFO  ratis.ContainerStateMachine (ContainerStateMachine.java:loadSnapshot(231)) - group-9B469194C236: The snapshot info is null. Setting the last applied indexto:(t:0, i:~)
2019-10-10 21:30:24,167 [pool-383-thread-1] INFO  server.RaftServerConfigKeys (ConfUtils.java:logGet(43)) - raft.server.notification.no-leader.timeout = 120s (custom)
2019-10-10 21:30:24,167 [pool-383-thread-1] INFO  server.RaftServerConfigKeys (ConfUtils.java:logGet(43)) - raft.server.log.use.memory = false (default)
2019-10-10 21:30:24,168 [pool-383-thread-1] INFO  server.RaftServerConfigKeys (ConfUtils.java:logGet(43)) - raft.server.log.purge.gap = 1000000 (custom)
2019-10-10 21:30:24,168 [pool-383-thread-1] INFO  server.RaftServerConfigKeys (ConfUtils.java:logGet(43)) - raft.server.log.appender.buffer.byte-limit = 33554432 (custom)
2019-10-10 21:30:24,168 [pool-383-thread-1] INFO  server.RaftServerConfigKeys (ConfUtils.java:logGet(43)) - raft.server.log.segment.size.max = 1048576 (custom)
2019-10-10 21:30:24,169 [pool-383-thread-1] INFO  server.RaftServerConfigKeys (ConfUtils.java:logGet(43)) - raft.server.log.segment.cache.num.max = 2 (custom)
2019-10-10 21:30:24,170 [pool-383-thread-1] INFO  segmented.SegmentedRaftLogWorker (SegmentedRaftLogWorker.java:<init>(173)) - new b4c5c9e1-3835-4852-a62b-9f142dfef2cb@group-9B469194C236-SegmentedRaftLogWorker for RaftStorage:Storage Directory /workdir/hadoop-ozone/integration-test/target/test-dir/MiniOzoneClusterImpl-a1e0fe39-4452-4cf9-86f1-0fc82528131c/datanode-0/data/ratis/daa25529-0b89-4055-915c-9b469194c236
2019-10-10 21:30:24,170 [pool-383-thread-1] INFO  server.RaftServerConfigKeys (ConfUtils.java:logGet(43)) - raft.server.log.queue.byte-limit = 2147483647 (custom)
2019-10-10 21:30:24,170 [pool-383-thread-1] INFO  server.RaftServerConfigKeys (ConfUtils.java:logGet(43)) - raft.server.log.queue.element-limit = 1024 (custom)
2019-10-10 21:30:24,170 [pool-383-thread-1] INFO  server.RaftServerConfigKeys (ConfUtils.java:logGet(43)) - raft.server.log.segment.size.max = 1048576 (custom)
2019-10-10 21:30:24,170 [pool-383-thread-1] INFO  server.RaftServerConfigKeys (ConfUtils.java:logGet(43)) - raft.server.log.preallocated.size = 16384 (custom)
2019-10-10 21:30:24,170 [pool-383-thread-1] INFO  server.RaftServerConfigKeys (ConfUtils.java:logGet(43)) - raft.server.log.write.buffer.size = 33554432 (custom)
2019-10-10 21:30:24,170 [pool-383-thread-1] INFO  server.RaftServerConfigKeys (ConfUtils.java:logGet(43)) - raft.server.log.force.sync.num = 128 (default)
2019-10-10 21:30:24,170 [pool-383-thread-1] INFO  server.RaftServerConfigKeys (ConfUtils.java:logGet(43)) - raft.server.log.statemachine.data.sync = true (default)
2019-10-10 21:30:24,170 [pool-383-thread-1] INFO  server.RaftServerConfigKeys (ConfUtils.java:logGet(43)) - raft.server.log.statemachine.data.sync.timeout = 10s (default)
2019-10-10 21:30:24,170 [pool-383-thread-1] INFO  server.RaftServerConfigKeys (ConfUtils.java:logGet(43)) - raft.server.log.statemachine.data.sync.timeout.retry = -1 (default)
2019-10-10 21:30:24,171 [pool-383-thread-1] INFO  server.RaftServerConfigKeys (ConfUtils.java:logGet(43)) - raft.server.log.statemachine.data.caching.enabled = true (custom)
2019-10-10 21:30:24,171 [pool-383-thread-1] INFO  segmented.SegmentedRaftLogWorker (SegmentedRaftLogWorker.java:lambda$new$0(128)) - b4c5c9e1-3835-4852-a62b-9f142dfef2cb@group-9B469194C236-SegmentedRaftLogWorker: flushIndex: setUnconditionally 0 -> -1
2019-10-10 21:30:24,171 [pool-383-thread-1] INFO  server.RaftServerConfigKeys (ConfUtils.java:logGet(43)) - raft.server.snapshot.auto.trigger.enabled = true (custom)
2019-10-10 21:30:24,171 [pool-383-thread-1] INFO  server.RaftServerConfigKeys (ConfUtils.java:logGet(43)) - raft.server.snapshot.auto.trigger.threshold = 10000 (custom)
2019-10-10 21:30:24,171 [pool-383-thread-1] INFO  server.RaftServerConfigKeys (ConfUtils.java:logGet(43)) - raft.server.snapshot.retention.file.num = 5 (custom)
2019-10-10 21:30:24,172 [pool-383-thread-1] INFO  server.RaftServerConfigKeys (ConfUtils.java:logGet(43)) - raft.server.retrycache.expirytime = 600000ms (custom)
2019-10-10 21:30:24,173 [pool-383-thread-1] INFO  impl.RaftServerImpl (RaftServerImpl.java:start(181)) - b4c5c9e1-3835-4852-a62b-9f142dfef2cb@group-9B469194C236: start as a follower, conf=-1: [b4c5c9e1-3835-4852-a62b-9f142dfef2cb:192.168.157.203:40038], old=null
2019-10-10 21:30:24,173 [pool-383-thread-1] INFO  impl.RaftServerImpl (RaftServerImpl.java:setRole(170)) - b4c5c9e1-3835-4852-a62b-9f142dfef2cb@group-9B469194C236: changes role from      null to FOLLOWER at term 0 for startAsFollower
2019-10-10 21:30:24,173 [pool-383-thread-1] INFO  impl.RoleInfo (RoleInfo.java:updateAndGet(143)) - b4c5c9e1-3835-4852-a62b-9f142dfef2cb: start FollowerState
2019-10-10 21:30:24,173 [pool-383-thread-1] INFO  util.JmxRegister (JmxRegister.java:tryRegister(44)) - Successfully registered JMX Bean with object name Ratis:service=RaftServer,group=group-9B469194C236,id=b4c5c9e1-3835-4852-a62b-9f142dfef2cb
2019-10-10 21:30:24,178 [RatisPipelineUtilsThread] INFO  pipeline.PipelineStateManager (PipelineStateManager.java:addPipeline(56)) - Created pipeline Pipeline[ Id: daa25529-0b89-4055-915c-9b469194c236, Nodes: b4c5c9e1-3835-4852-a62b-9f142dfef2cb{ip: 192.168.157.203, host: pr-hdds-1986-lk2hz-517324276, networkLocation: /default-rack, certSerialId: null}, Type:RATIS, Factor:ONE, State:OPEN]
2019-10-10 21:30:24,199 [IPC Server handler 19 on 35981] INFO  net.NetworkTopology (NetworkTopologyImpl.java:add(111)) - Added a new node: /default-rack/26fe6874-888a-4f12-b351-94cfb64f8ed1
2019-10-10 21:30:24,199 [IPC Server handler 19 on 35981] INFO  node.SCMNodeManager (SCMNodeManager.java:register(268)) - Registered Data node : 26fe6874-888a-4f12-b351-94cfb64f8ed1{ip: 192.168.157.203, host: pr-hdds-1986-lk2hz-517324276, networkLocation: /default-rack, certSerialId: null}
2019-10-10 21:30:24,208 [grpc-default-executor-7] INFO  impl.RaftServerProxy (RaftServerProxy.java:addNew(89)) - 26fe6874-888a-4f12-b351-94cfb64f8ed1: addNew group-46D64E5C0146:[26fe6874-888a-4f12-b351-94cfb64f8ed1:192.168.157.203:40941] returns group-46D64E5C0146:java.util.concurrent.CompletableFuture@4173c2f7[Not completed]
2019-10-10 21:30:24,210 [pool-393-thread-1] INFO  impl.RaftServerImpl (RaftServerImpl.java:<init>(95)) - 26fe6874-888a-4f12-b351-94cfb64f8ed1: new RaftServerImpl for group-46D64E5C0146:[26fe6874-888a-4f12-b351-94cfb64f8ed1:192.168.157.203:40941] with ContainerStateMachine:uninitialized
2019-10-10 21:30:24,210 [pool-393-thread-1] INFO  server.RaftServerConfigKeys (ConfUtils.java:logGet(43)) - raft.server.rpc.timeout.min = 5s (custom)
2019-10-10 21:30:24,210 [pool-393-thread-1] INFO  server.RaftServerConfigKeys (ConfUtils.java:logGet(43)) - raft.server.rpc.timeout.max = 5200ms (custom)
2019-10-10 21:30:24,210 [pool-393-thread-1] INFO  server.RaftServerConfigKeys (ConfUtils.java:logGet(43)) - raft.server.rpcslowness.timeout = 120s (custom)
2019-10-10 21:30:24,210 [pool-393-thread-1] INFO  server.RaftServerConfigKeys (ConfUtils.java:logGet(43)) - raft.server.sleep.deviation.threshold = 300 (default)
2019-10-10 21:30:24,210 [pool-393-thread-1] INFO  server.RaftServerConfigKeys (ConfUtils.java:logGet(43)) - raft.server.log.appender.install.snapshot.enabled = false (custom)
2019-10-10 21:30:24,210 [pool-393-thread-1] INFO  impl.RaftServerImpl (ServerState.java:<init>(103)) - 26fe6874-888a-4f12-b351-94cfb64f8ed1@group-46D64E5C0146: ConfigurationManager, init=-1: [26fe6874-888a-4f12-b351-94cfb64f8ed1:192.168.157.203:40941], old=null, confs=<EMPTY_MAP>
2019-10-10 21:30:24,211 [pool-393-thread-1] INFO  server.RaftServerConfigKeys (ConfUtils.java:logGet(43)) - raft.server.storage.dir = [/workdir/hadoop-ozone/integration-test/target/test-dir/MiniOzoneClusterImpl-a1e0fe39-4452-4cf9-86f1-0fc82528131c/datanode-1/data/ratis] (custom)
2019-10-10 21:30:24,211 [pool-393-thread-1] INFO  server.RaftServerConfigKeys (ConfUtils.java:logGet(43)) - raft.server.log.corruption.policy = EXCEPTION (default)
2019-10-10 21:30:24,211 [pool-393-thread-1] INFO  storage.RaftStorageDirectory (RaftStorageDirectory.java:analyzeStorage(246)) - The storage directory /workdir/hadoop-ozone/integration-test/target/test-dir/MiniOzoneClusterImpl-a1e0fe39-4452-4cf9-86f1-0fc82528131c/datanode-1/data/ratis/db8e3895-170e-409c-814d-46d64e5c0146 does not exist. Creating ...
2019-10-10 21:30:24,224 [pool-393-thread-1] INFO  storage.RaftStorageDirectory (RaftStorageDirectory.java:tryLock(328)) - Lock on /workdir/hadoop-ozone/integration-test/target/test-dir/MiniOzoneClusterImpl-a1e0fe39-4452-4cf9-86f1-0fc82528131c/datanode-1/data/ratis/db8e3895-170e-409c-814d-46d64e5c0146/in_use.lock acquired by nodename 3080@pr-hdds-1986-lk2hz-517324276
2019-10-10 21:30:24,236 [pool-393-thread-1] INFO  storage.RaftStorage (RaftStorage.java:format(84)) - Storage directory /workdir/hadoop-ozone/integration-test/target/test-dir/MiniOzoneClusterImpl-a1e0fe39-4452-4cf9-86f1-0fc82528131c/datanode-1/data/ratis/db8e3895-170e-409c-814d-46d64e5c0146 has been successfully formatted.
2019-10-10 21:30:24,237 [pool-393-thread-1] INFO  ratis.ContainerStateMachine (ContainerStateMachine.java:loadSnapshot(231)) - group-46D64E5C0146: The snapshot info is null. Setting the last applied indexto:(t:0, i:~)
2019-10-10 21:30:24,237 [pool-393-thread-1] INFO  server.RaftServerConfigKeys (ConfUtils.java:logGet(43)) - raft.server.notification.no-leader.timeout = 120s (custom)
2019-10-10 21:30:24,237 [pool-393-thread-1] INFO  server.RaftServerConfigKeys (ConfUtils.java:logGet(43)) - raft.server.log.use.memory = false (default)
2019-10-10 21:30:24,237 [pool-393-thread-1] INFO  server.RaftServerConfigKeys (ConfUtils.java:logGet(43)) - raft.server.log.purge.gap = 1000000 (custom)
2019-10-10 21:30:24,237 [pool-393-thread-1] INFO  server.RaftServerConfigKeys (ConfUtils.java:logGet(43)) - raft.server.log.appender.buffer.byte-limit = 33554432 (custom)
2019-10-10 21:30:24,237 [pool-393-thread-1] INFO  server.RaftServerConfigKeys (ConfUtils.java:logGet(43)) - raft.server.log.segment.size.max = 1048576 (custom)
2019-10-10 21:30:24,239 [pool-393-thread-1] INFO  server.RaftServerConfigKeys (ConfUtils.java:logGet(43)) - raft.server.log.segment.cache.num.max = 2 (custom)
2019-10-10 21:30:24,239 [pool-393-thread-1] INFO  segmented.SegmentedRaftLogWorker (SegmentedRaftLogWorker.java:<init>(173)) - new 26fe6874-888a-4f12-b351-94cfb64f8ed1@group-46D64E5C0146-SegmentedRaftLogWorker for RaftStorage:Storage Directory /workdir/hadoop-ozone/integration-test/target/test-dir/MiniOzoneClusterImpl-a1e0fe39-4452-4cf9-86f1-0fc82528131c/datanode-1/data/ratis/db8e3895-170e-409c-814d-46d64e5c0146
2019-10-10 21:30:24,239 [pool-393-thread-1] INFO  server.RaftServerConfigKeys (ConfUtils.java:logGet(43)) - raft.server.log.queue.byte-limit = 2147483647 (custom)
2019-10-10 21:30:24,239 [pool-393-thread-1] INFO  server.RaftServerConfigKeys (ConfUtils.java:logGet(43)) - raft.server.log.queue.element-limit = 1024 (custom)
2019-10-10 21:30:24,239 [pool-393-thread-1] INFO  server.RaftServerConfigKeys (ConfUtils.java:logGet(43)) - raft.server.log.segment.size.max = 1048576 (custom)
2019-10-10 21:30:24,239 [pool-393-thread-1] INFO  server.RaftServerConfigKeys (ConfUtils.java:logGet(43)) - raft.server.log.preallocated.size = 16384 (custom)
2019-10-10 21:30:24,240 [pool-393-thread-1] INFO  server.RaftServerConfigKeys (ConfUtils.java:logGet(43)) - raft.server.log.write.buffer.size = 33554432 (custom)
2019-10-10 21:30:24,240 [pool-393-thread-1] INFO  server.RaftServerConfigKeys (ConfUtils.java:logGet(43)) - raft.server.log.force.sync.num = 128 (default)
2019-10-10 21:30:24,240 [pool-393-thread-1] INFO  server.RaftServerConfigKeys (ConfUtils.java:logGet(43)) - raft.server.log.statemachine.data.sync = true (default)
2019-10-10 21:30:24,240 [pool-393-thread-1] INFO  server.RaftServerConfigKeys (ConfUtils.java:logGet(43)) - raft.server.log.statemachine.data.sync.timeout = 10s (default)
2019-10-10 21:30:24,240 [pool-393-thread-1] INFO  server.RaftServerConfigKeys (ConfUtils.java:logGet(43)) - raft.server.log.statemachine.data.sync.timeout.retry = -1 (default)
2019-10-10 21:30:24,240 [pool-393-thread-1] INFO  server.RaftServerConfigKeys (ConfUtils.java:logGet(43)) - raft.server.log.statemachine.data.caching.enabled = true (custom)
2019-10-10 21:30:24,241 [pool-393-thread-1] INFO  segmented.SegmentedRaftLogWorker (SegmentedRaftLogWorker.java:lambda$new$0(128)) - 26fe6874-888a-4f12-b351-94cfb64f8ed1@group-46D64E5C0146-SegmentedRaftLogWorker: flushIndex: setUnconditionally 0 -> -1
2019-10-10 21:30:24,241 [pool-393-thread-1] INFO  server.RaftServerConfigKeys (ConfUtils.java:logGet(43)) - raft.server.snapshot.auto.trigger.enabled = true (custom)
2019-10-10 21:30:24,241 [pool-393-thread-1] INFO  server.RaftServerConfigKeys (ConfUtils.java:logGet(43)) - raft.server.snapshot.auto.trigger.threshold = 10000 (custom)
2019-10-10 21:30:24,241 [pool-393-thread-1] INFO  server.RaftServerConfigKeys (ConfUtils.java:logGet(43)) - raft.server.snapshot.retention.file.num = 5 (custom)
2019-10-10 21:30:24,241 [pool-393-thread-1] INFO  server.RaftServerConfigKeys (ConfUtils.java:logGet(43)) - raft.server.retrycache.expirytime = 600000ms (custom)
2019-10-10 21:30:24,243 [pool-393-thread-1] INFO  impl.RaftServerImpl (RaftServerImpl.java:start(181)) - 26fe6874-888a-4f12-b351-94cfb64f8ed1@group-46D64E5C0146: start as a follower, conf=-1: [26fe6874-888a-4f12-b351-94cfb64f8ed1:192.168.157.203:40941], old=null
2019-10-10 21:30:24,243 [pool-393-thread-1] INFO  impl.RaftServerImpl (RaftServerImpl.java:setRole(170)) - 26fe6874-888a-4f12-b351-94cfb64f8ed1@group-46D64E5C0146: changes role from      null to FOLLOWER at term 0 for startAsFollower
2019-10-10 21:30:24,243 [pool-393-thread-1] INFO  impl.RoleInfo (RoleInfo.java:updateAndGet(143)) - 26fe6874-888a-4f12-b351-94cfb64f8ed1: start FollowerState
2019-10-10 21:30:24,243 [pool-393-thread-1] INFO  util.JmxRegister (JmxRegister.java:tryRegister(44)) - Successfully registered JMX Bean with object name Ratis:service=RaftServer,group=group-46D64E5C0146,id=26fe6874-888a-4f12-b351-94cfb64f8ed1
2019-10-10 21:30:24,247 [RatisPipelineUtilsThread] INFO  pipeline.PipelineStateManager (PipelineStateManager.java:addPipeline(56)) - Created pipeline Pipeline[ Id: db8e3895-170e-409c-814d-46d64e5c0146, Nodes: 26fe6874-888a-4f12-b351-94cfb64f8ed1{ip: 192.168.157.203, host: pr-hdds-1986-lk2hz-517324276, networkLocation: /default-rack, certSerialId: null}, Type:RATIS, Factor:ONE, State:OPEN]
2019-10-10 21:30:24,286 [IPC Server handler 17 on 35981] INFO  net.NetworkTopology (NetworkTopologyImpl.java:add(111)) - Added a new node: /default-rack/ca1409e4-20e3-45f1-b1dc-bf04268b53eb
2019-10-10 21:30:24,286 [IPC Server handler 17 on 35981] INFO  node.SCMNodeManager (SCMNodeManager.java:register(268)) - Registered Data node : ca1409e4-20e3-45f1-b1dc-bf04268b53eb{ip: 192.168.157.203, host: pr-hdds-1986-lk2hz-517324276, networkLocation: /default-rack, certSerialId: null}
2019-10-10 21:30:24,294 [grpc-default-executor-7] INFO  impl.RaftServerProxy (RaftServerProxy.java:addNew(89)) - ca1409e4-20e3-45f1-b1dc-bf04268b53eb: addNew group-2E88647AF736:[ca1409e4-20e3-45f1-b1dc-bf04268b53eb:192.168.157.203:45955] returns group-2E88647AF736:java.util.concurrent.CompletableFuture@1a0662f8[Not completed]
2019-10-10 21:30:24,296 [pool-403-thread-1] INFO  impl.RaftServerImpl (RaftServerImpl.java:<init>(95)) - ca1409e4-20e3-45f1-b1dc-bf04268b53eb: new RaftServerImpl for group-2E88647AF736:[ca1409e4-20e3-45f1-b1dc-bf04268b53eb:192.168.157.203:45955] with ContainerStateMachine:uninitialized
2019-10-10 21:30:24,297 [pool-403-thread-1] INFO  server.RaftServerConfigKeys (ConfUtils.java:logGet(43)) - raft.server.rpc.timeout.min = 5s (custom)
2019-10-10 21:30:24,297 [pool-403-thread-1] INFO  server.RaftServerConfigKeys (ConfUtils.java:logGet(43)) - raft.server.rpc.timeout.max = 5200ms (custom)
2019-10-10 21:30:24,297 [pool-403-thread-1] INFO  server.RaftServerConfigKeys (ConfUtils.java:logGet(43)) - raft.server.rpcslowness.timeout = 120s (custom)
2019-10-10 21:30:24,297 [pool-403-thread-1] INFO  server.RaftServerConfigKeys (ConfUtils.java:logGet(43)) - raft.server.sleep.deviation.threshold = 300 (default)
2019-10-10 21:30:24,298 [pool-403-thread-1] INFO  server.RaftServerConfigKeys (ConfUtils.java:logGet(43)) - raft.server.log.appender.install.snapshot.enabled = false (custom)
2019-10-10 21:30:24,298 [pool-403-thread-1] INFO  impl.RaftServerImpl (ServerState.java:<init>(103)) - ca1409e4-20e3-45f1-b1dc-bf04268b53eb@group-2E88647AF736: ConfigurationManager, init=-1: [ca1409e4-20e3-45f1-b1dc-bf04268b53eb:192.168.157.203:45955], old=null, confs=<EMPTY_MAP>
2019-10-10 21:30:24,298 [pool-403-thread-1] INFO  server.RaftServerConfigKeys (ConfUtils.java:logGet(43)) - raft.server.storage.dir = [/workdir/hadoop-ozone/integration-test/target/test-dir/MiniOzoneClusterImpl-a1e0fe39-4452-4cf9-86f1-0fc82528131c/datanode-2/data/ratis] (custom)
2019-10-10 21:30:24,298 [pool-403-thread-1] INFO  server.RaftServerConfigKeys (ConfUtils.java:logGet(43)) - raft.server.log.corruption.policy = EXCEPTION (default)
2019-10-10 21:30:24,298 [pool-403-thread-1] INFO  storage.RaftStorageDirectory (RaftStorageDirectory.java:analyzeStorage(246)) - The storage directory /workdir/hadoop-ozone/integration-test/target/test-dir/MiniOzoneClusterImpl-a1e0fe39-4452-4cf9-86f1-0fc82528131c/datanode-2/data/ratis/d5e24f2d-8bde-4750-944f-2e88647af736 does not exist. Creating ...
2019-10-10 21:30:24,311 [pool-403-thread-1] INFO  storage.RaftStorageDirectory (RaftStorageDirectory.java:tryLock(328)) - Lock on /workdir/hadoop-ozone/integration-test/target/test-dir/MiniOzoneClusterImpl-a1e0fe39-4452-4cf9-86f1-0fc82528131c/datanode-2/data/ratis/d5e24f2d-8bde-4750-944f-2e88647af736/in_use.lock acquired by nodename 3080@pr-hdds-1986-lk2hz-517324276
2019-10-10 21:30:24,324 [pool-403-thread-1] INFO  storage.RaftStorage (RaftStorage.java:format(84)) - Storage directory /workdir/hadoop-ozone/integration-test/target/test-dir/MiniOzoneClusterImpl-a1e0fe39-4452-4cf9-86f1-0fc82528131c/datanode-2/data/ratis/d5e24f2d-8bde-4750-944f-2e88647af736 has been successfully formatted.
2019-10-10 21:30:24,324 [pool-403-thread-1] INFO  ratis.ContainerStateMachine (ContainerStateMachine.java:loadSnapshot(231)) - group-2E88647AF736: The snapshot info is null. Setting the last applied indexto:(t:0, i:~)
2019-10-10 21:30:24,324 [pool-403-thread-1] INFO  server.RaftServerConfigKeys (ConfUtils.java:logGet(43)) - raft.server.notification.no-leader.timeout = 120s (custom)
2019-10-10 21:30:24,324 [pool-403-thread-1] INFO  server.RaftServerConfigKeys (ConfUtils.java:logGet(43)) - raft.server.log.use.memory = false (default)
2019-10-10 21:30:24,324 [pool-403-thread-1] INFO  server.RaftServerConfigKeys (ConfUtils.java:logGet(43)) - raft.server.log.purge.gap = 1000000 (custom)
2019-10-10 21:30:24,324 [pool-403-thread-1] INFO  server.RaftServerConfigKeys (ConfUtils.java:logGet(43)) - raft.server.log.appender.buffer.byte-limit = 33554432 (custom)
2019-10-10 21:30:24,324 [pool-403-thread-1] INFO  server.RaftServerConfigKeys (ConfUtils.java:logGet(43)) - raft.server.log.segment.size.max = 1048576 (custom)
2019-10-10 21:30:24,326 [pool-403-thread-1] INFO  server.RaftServerConfigKeys (ConfUtils.java:logGet(43)) - raft.server.log.segment.cache.num.max = 2 (custom)
2019-10-10 21:30:24,326 [pool-403-thread-1] INFO  segmented.SegmentedRaftLogWorker (SegmentedRaftLogWorker.java:<init>(173)) - new ca1409e4-20e3-45f1-b1dc-bf04268b53eb@group-2E88647AF736-SegmentedRaftLogWorker for RaftStorage:Storage Directory /workdir/hadoop-ozone/integration-test/target/test-dir/MiniOzoneClusterImpl-a1e0fe39-4452-4cf9-86f1-0fc82528131c/datanode-2/data/ratis/d5e24f2d-8bde-4750-944f-2e88647af736
2019-10-10 21:30:24,326 [pool-403-thread-1] INFO  server.RaftServerConfigKeys (ConfUtils.java:logGet(43)) - raft.server.log.queue.byte-limit = 2147483647 (custom)
2019-10-10 21:30:24,326 [pool-403-thread-1] INFO  server.RaftServerConfigKeys (ConfUtils.java:logGet(43)) - raft.server.log.queue.element-limit = 1024 (custom)
2019-10-10 21:30:24,326 [pool-403-thread-1] INFO  server.RaftServerConfigKeys (ConfUtils.java:logGet(43)) - raft.server.log.segment.size.max = 1048576 (custom)
2019-10-10 21:30:24,326 [pool-403-thread-1] INFO  server.RaftServerConfigKeys (ConfUtils.java:logGet(43)) - raft.server.log.preallocated.size = 16384 (custom)
2019-10-10 21:30:24,327 [pool-403-thread-1] INFO  server.RaftServerConfigKeys (ConfUtils.java:logGet(43)) - raft.server.log.write.buffer.size = 33554432 (custom)
2019-10-10 21:30:24,327 [pool-403-thread-1] INFO  server.RaftServerConfigKeys (ConfUtils.java:logGet(43)) - raft.server.log.force.sync.num = 128 (default)
2019-10-10 21:30:24,327 [pool-403-thread-1] INFO  server.RaftServerConfigKeys (ConfUtils.java:logGet(43)) - raft.server.log.statemachine.data.sync = true (default)
2019-10-10 21:30:24,327 [pool-403-thread-1] INFO  server.RaftServerConfigKeys (ConfUtils.java:logGet(43)) - raft.server.log.statemachine.data.sync.timeout = 10s (default)
2019-10-10 21:30:24,327 [pool-403-thread-1] INFO  server.RaftServerConfigKeys (ConfUtils.java:logGet(43)) - raft.server.log.statemachine.data.sync.timeout.retry = -1 (default)
2019-10-10 21:30:24,327 [pool-403-thread-1] INFO  server.RaftServerConfigKeys (ConfUtils.java:logGet(43)) - raft.server.log.statemachine.data.caching.enabled = true (custom)
2019-10-10 21:30:24,328 [pool-403-thread-1] INFO  segmented.SegmentedRaftLogWorker (SegmentedRaftLogWorker.java:lambda$new$0(128)) - ca1409e4-20e3-45f1-b1dc-bf04268b53eb@group-2E88647AF736-SegmentedRaftLogWorker: flushIndex: setUnconditionally 0 -> -1
2019-10-10 21:30:24,328 [pool-403-thread-1] INFO  server.RaftServerConfigKeys (ConfUtils.java:logGet(43)) - raft.server.snapshot.auto.trigger.enabled = true (custom)
2019-10-10 21:30:24,328 [pool-403-thread-1] INFO  server.RaftServerConfigKeys (ConfUtils.java:logGet(43)) - raft.server.snapshot.auto.trigger.threshold = 10000 (custom)
2019-10-10 21:30:24,328 [pool-403-thread-1] INFO  server.RaftServerConfigKeys (ConfUtils.java:logGet(43)) - raft.server.snapshot.retention.file.num = 5 (custom)
2019-10-10 21:30:24,328 [pool-403-thread-1] INFO  server.RaftServerConfigKeys (ConfUtils.java:logGet(43)) - raft.server.retrycache.expirytime = 600000ms (custom)
2019-10-10 21:30:24,331 [pool-403-thread-1] INFO  impl.RaftServerImpl (RaftServerImpl.java:start(181)) - ca1409e4-20e3-45f1-b1dc-bf04268b53eb@group-2E88647AF736: start as a follower, conf=-1: [ca1409e4-20e3-45f1-b1dc-bf04268b53eb:192.168.157.203:45955], old=null
2019-10-10 21:30:24,331 [pool-403-thread-1] INFO  impl.RaftServerImpl (RaftServerImpl.java:setRole(170)) - ca1409e4-20e3-45f1-b1dc-bf04268b53eb@group-2E88647AF736: changes role from      null to FOLLOWER at term 0 for startAsFollower
2019-10-10 21:30:24,331 [pool-403-thread-1] INFO  impl.RoleInfo (RoleInfo.java:updateAndGet(143)) - ca1409e4-20e3-45f1-b1dc-bf04268b53eb: start FollowerState
2019-10-10 21:30:24,331 [pool-403-thread-1] INFO  util.JmxRegister (JmxRegister.java:tryRegister(44)) - Successfully registered JMX Bean with object name Ratis:service=RaftServer,group=group-2E88647AF736,id=ca1409e4-20e3-45f1-b1dc-bf04268b53eb
2019-10-10 21:30:24,335 [RatisPipelineUtilsThread] INFO  pipeline.PipelineStateManager (PipelineStateManager.java:addPipeline(56)) - Created pipeline Pipeline[ Id: d5e24f2d-8bde-4750-944f-2e88647af736, Nodes: ca1409e4-20e3-45f1-b1dc-bf04268b53eb{ip: 192.168.157.203, host: pr-hdds-1986-lk2hz-517324276, networkLocation: /default-rack, certSerialId: null}, Type:RATIS, Factor:ONE, State:OPEN]
2019-10-10 21:30:24,354 [grpc-default-executor-7] INFO  impl.RaftServerProxy (RaftServerProxy.java:addNew(89)) - b4c5c9e1-3835-4852-a62b-9f142dfef2cb: addNew group-4F5F5673522D:[26fe6874-888a-4f12-b351-94cfb64f8ed1:192.168.157.203:40941, ca1409e4-20e3-45f1-b1dc-bf04268b53eb:192.168.157.203:45955, b4c5c9e1-3835-4852-a62b-9f142dfef2cb:192.168.157.203:40038] returns group-4F5F5673522D:java.util.concurrent.CompletableFuture@4d7c7f40[Not completed]
2019-10-10 21:30:24,354 [grpc-default-executor-4] INFO  impl.RaftServerProxy (RaftServerProxy.java:addNew(89)) - 26fe6874-888a-4f12-b351-94cfb64f8ed1: addNew group-4F5F5673522D:[26fe6874-888a-4f12-b351-94cfb64f8ed1:192.168.157.203:40941, ca1409e4-20e3-45f1-b1dc-bf04268b53eb:192.168.157.203:45955, b4c5c9e1-3835-4852-a62b-9f142dfef2cb:192.168.157.203:40038] returns group-4F5F5673522D:java.util.concurrent.CompletableFuture@297c14d4[Not completed]
2019-10-10 21:30:24,354 [grpc-default-executor-7] INFO  impl.RaftServerProxy (RaftServerProxy.java:addNew(89)) - ca1409e4-20e3-45f1-b1dc-bf04268b53eb: addNew group-4F5F5673522D:[26fe6874-888a-4f12-b351-94cfb64f8ed1:192.168.157.203:40941, ca1409e4-20e3-45f1-b1dc-bf04268b53eb:192.168.157.203:45955, b4c5c9e1-3835-4852-a62b-9f142dfef2cb:192.168.157.203:40038] returns group-4F5F5673522D:java.util.concurrent.CompletableFuture@6a6284bc[Not completed]
2019-10-10 21:30:24,355 [pool-383-thread-1] INFO  impl.RaftServerImpl (RaftServerImpl.java:<init>(95)) - b4c5c9e1-3835-4852-a62b-9f142dfef2cb: new RaftServerImpl for group-4F5F5673522D:[26fe6874-888a-4f12-b351-94cfb64f8ed1:192.168.157.203:40941, ca1409e4-20e3-45f1-b1dc-bf04268b53eb:192.168.157.203:45955, b4c5c9e1-3835-4852-a62b-9f142dfef2cb:192.168.157.203:40038] with ContainerStateMachine:uninitialized
2019-10-10 21:30:24,355 [pool-383-thread-1] INFO  server.RaftServerConfigKeys (ConfUtils.java:logGet(43)) - raft.server.rpc.timeout.min = 5s (custom)
2019-10-10 21:30:24,355 [pool-383-thread-1] INFO  server.RaftServerConfigKeys (ConfUtils.java:logGet(43)) - raft.server.rpc.timeout.max = 5200ms (custom)
2019-10-10 21:30:24,355 [pool-383-thread-1] INFO  server.RaftServerConfigKeys (ConfUtils.java:logGet(43)) - raft.server.rpcslowness.timeout = 120s (custom)
2019-10-10 21:30:24,355 [pool-383-thread-1] INFO  server.RaftServerConfigKeys (ConfUtils.java:logGet(43)) - raft.server.sleep.deviation.threshold = 300 (default)
2019-10-10 21:30:24,355 [pool-383-thread-1] INFO  server.RaftServerConfigKeys (ConfUtils.java:logGet(43)) - raft.server.log.appender.install.snapshot.enabled = false (custom)
2019-10-10 21:30:24,355 [pool-383-thread-1] INFO  impl.RaftServerImpl (ServerState.java:<init>(103)) - b4c5c9e1-3835-4852-a62b-9f142dfef2cb@group-4F5F5673522D: ConfigurationManager, init=-1: [26fe6874-888a-4f12-b351-94cfb64f8ed1:192.168.157.203:40941, ca1409e4-20e3-45f1-b1dc-bf04268b53eb:192.168.157.203:45955, b4c5c9e1-3835-4852-a62b-9f142dfef2cb:192.168.157.203:40038], old=null, confs=<EMPTY_MAP>
2019-10-10 21:30:24,356 [pool-383-thread-1] INFO  server.RaftServerConfigKeys (ConfUtils.java:logGet(43)) - raft.server.storage.dir = [/workdir/hadoop-ozone/integration-test/target/test-dir/MiniOzoneClusterImpl-a1e0fe39-4452-4cf9-86f1-0fc82528131c/datanode-0/data/ratis] (custom)
2019-10-10 21:30:24,356 [pool-383-thread-1] INFO  server.RaftServerConfigKeys (ConfUtils.java:logGet(43)) - raft.server.log.corruption.policy = EXCEPTION (default)
2019-10-10 21:30:24,356 [pool-393-thread-1] INFO  impl.RaftServerImpl (RaftServerImpl.java:<init>(95)) - 26fe6874-888a-4f12-b351-94cfb64f8ed1: new RaftServerImpl for group-4F5F5673522D:[26fe6874-888a-4f12-b351-94cfb64f8ed1:192.168.157.203:40941, ca1409e4-20e3-45f1-b1dc-bf04268b53eb:192.168.157.203:45955, b4c5c9e1-3835-4852-a62b-9f142dfef2cb:192.168.157.203:40038] with ContainerStateMachine:uninitialized
2019-10-10 21:30:24,356 [pool-383-thread-1] INFO  storage.RaftStorageDirectory (RaftStorageDirectory.java:analyzeStorage(246)) - The storage directory /workdir/hadoop-ozone/integration-test/target/test-dir/MiniOzoneClusterImpl-a1e0fe39-4452-4cf9-86f1-0fc82528131c/datanode-0/data/ratis/9cba90a7-c465-474e-85a8-4f5f5673522d does not exist. Creating ...
2019-10-10 21:30:24,356 [pool-393-thread-1] INFO  server.RaftServerConfigKeys (ConfUtils.java:logGet(43)) - raft.server.rpc.timeout.min = 5s (custom)
2019-10-10 21:30:24,356 [pool-403-thread-1] INFO  impl.RaftServerImpl (RaftServerImpl.java:<init>(95)) - ca1409e4-20e3-45f1-b1dc-bf04268b53eb: new RaftServerImpl for group-4F5F5673522D:[26fe6874-888a-4f12-b351-94cfb64f8ed1:192.168.157.203:40941, ca1409e4-20e3-45f1-b1dc-bf04268b53eb:192.168.157.203:45955, b4c5c9e1-3835-4852-a62b-9f142dfef2cb:192.168.157.203:40038] with ContainerStateMachine:uninitialized
2019-10-10 21:30:24,356 [pool-393-thread-1] INFO  server.RaftServerConfigKeys (ConfUtils.java:logGet(43)) - raft.server.rpc.timeout.max = 5200ms (custom)
2019-10-10 21:30:24,357 [pool-403-thread-1] INFO  server.RaftServerConfigKeys (ConfUtils.java:logGet(43)) - raft.server.rpc.timeout.min = 5s (custom)
2019-10-10 21:30:24,357 [pool-393-thread-1] INFO  server.RaftServerConfigKeys (ConfUtils.java:logGet(43)) - raft.server.rpcslowness.timeout = 120s (custom)
2019-10-10 21:30:24,357 [pool-403-thread-1] INFO  server.RaftServerConfigKeys (ConfUtils.java:logGet(43)) - raft.server.rpc.timeout.max = 5200ms (custom)
2019-10-10 21:30:24,357 [pool-393-thread-1] INFO  server.RaftServerConfigKeys (ConfUtils.java:logGet(43)) - raft.server.sleep.deviation.threshold = 300 (default)
2019-10-10 21:30:24,357 [pool-403-thread-1] INFO  server.RaftServerConfigKeys (ConfUtils.java:logGet(43)) - raft.server.rpcslowness.timeout = 120s (custom)
2019-10-10 21:30:24,357 [pool-393-thread-1] INFO  server.RaftServerConfigKeys (ConfUtils.java:logGet(43)) - raft.server.log.appender.install.snapshot.enabled = false (custom)
2019-10-10 21:30:24,357 [pool-403-thread-1] INFO  server.RaftServerConfigKeys (ConfUtils.java:logGet(43)) - raft.server.sleep.deviation.threshold = 300 (default)
2019-10-10 21:30:24,358 [pool-393-thread-1] INFO  impl.RaftServerImpl (ServerState.java:<init>(103)) - 26fe6874-888a-4f12-b351-94cfb64f8ed1@group-4F5F5673522D: ConfigurationManager, init=-1: [26fe6874-888a-4f12-b351-94cfb64f8ed1:192.168.157.203:40941, ca1409e4-20e3-45f1-b1dc-bf04268b53eb:192.168.157.203:45955, b4c5c9e1-3835-4852-a62b-9f142dfef2cb:192.168.157.203:40038], old=null, confs=<EMPTY_MAP>
2019-10-10 21:30:24,358 [pool-403-thread-1] INFO  server.RaftServerConfigKeys (ConfUtils.java:logGet(43)) - raft.server.log.appender.install.snapshot.enabled = false (custom)
2019-10-10 21:30:24,358 [pool-393-thread-1] INFO  server.RaftServerConfigKeys (ConfUtils.java:logGet(43)) - raft.server.storage.dir = [/workdir/hadoop-ozone/integration-test/target/test-dir/MiniOzoneClusterImpl-a1e0fe39-4452-4cf9-86f1-0fc82528131c/datanode-1/data/ratis] (custom)
2019-10-10 21:30:24,358 [pool-403-thread-1] INFO  impl.RaftServerImpl (ServerState.java:<init>(103)) - ca1409e4-20e3-45f1-b1dc-bf04268b53eb@group-4F5F5673522D: ConfigurationManager, init=-1: [26fe6874-888a-4f12-b351-94cfb64f8ed1:192.168.157.203:40941, ca1409e4-20e3-45f1-b1dc-bf04268b53eb:192.168.157.203:45955, b4c5c9e1-3835-4852-a62b-9f142dfef2cb:192.168.157.203:40038], old=null, confs=<EMPTY_MAP>
2019-10-10 21:30:24,358 [pool-403-thread-1] INFO  server.RaftServerConfigKeys (ConfUtils.java:logGet(43)) - raft.server.storage.dir = [/workdir/hadoop-ozone/integration-test/target/test-dir/MiniOzoneClusterImpl-a1e0fe39-4452-4cf9-86f1-0fc82528131c/datanode-2/data/ratis] (custom)
2019-10-10 21:30:24,358 [pool-393-thread-1] INFO  server.RaftServerConfigKeys (ConfUtils.java:logGet(43)) - raft.server.log.corruption.policy = EXCEPTION (default)
2019-10-10 21:30:24,358 [pool-403-thread-1] INFO  server.RaftServerConfigKeys (ConfUtils.java:logGet(43)) - raft.server.log.corruption.policy = EXCEPTION (default)
2019-10-10 21:30:24,359 [pool-393-thread-1] INFO  storage.RaftStorageDirectory (RaftStorageDirectory.java:analyzeStorage(246)) - The storage directory /workdir/hadoop-ozone/integration-test/target/test-dir/MiniOzoneClusterImpl-a1e0fe39-4452-4cf9-86f1-0fc82528131c/datanode-1/data/ratis/9cba90a7-c465-474e-85a8-4f5f5673522d does not exist. Creating ...
2019-10-10 21:30:24,359 [pool-403-thread-1] INFO  storage.RaftStorageDirectory (RaftStorageDirectory.java:analyzeStorage(246)) - The storage directory /workdir/hadoop-ozone/integration-test/target/test-dir/MiniOzoneClusterImpl-a1e0fe39-4452-4cf9-86f1-0fc82528131c/datanode-2/data/ratis/9cba90a7-c465-474e-85a8-4f5f5673522d does not exist. Creating ...
2019-10-10 21:30:24,370 [pool-393-thread-1] INFO  storage.RaftStorageDirectory (RaftStorageDirectory.java:tryLock(328)) - Lock on /workdir/hadoop-ozone/integration-test/target/test-dir/MiniOzoneClusterImpl-a1e0fe39-4452-4cf9-86f1-0fc82528131c/datanode-1/data/ratis/9cba90a7-c465-474e-85a8-4f5f5673522d/in_use.lock acquired by nodename 3080@pr-hdds-1986-lk2hz-517324276
2019-10-10 21:30:24,370 [pool-403-thread-1] INFO  storage.RaftStorageDirectory (RaftStorageDirectory.java:tryLock(328)) - Lock on /workdir/hadoop-ozone/integration-test/target/test-dir/MiniOzoneClusterImpl-a1e0fe39-4452-4cf9-86f1-0fc82528131c/datanode-2/data/ratis/9cba90a7-c465-474e-85a8-4f5f5673522d/in_use.lock acquired by nodename 3080@pr-hdds-1986-lk2hz-517324276
2019-10-10 21:30:24,370 [pool-383-thread-1] INFO  storage.RaftStorageDirectory (RaftStorageDirectory.java:tryLock(328)) - Lock on /workdir/hadoop-ozone/integration-test/target/test-dir/MiniOzoneClusterImpl-a1e0fe39-4452-4cf9-86f1-0fc82528131c/datanode-0/data/ratis/9cba90a7-c465-474e-85a8-4f5f5673522d/in_use.lock acquired by nodename 3080@pr-hdds-1986-lk2hz-517324276
2019-10-10 21:30:24,381 [IPC Server handler 14 on 35981] INFO  net.NetworkTopology (NetworkTopologyImpl.java:add(111)) - Added a new node: /default-rack/607904f6-5de8-4d83-b69c-765b1e74f43c
2019-10-10 21:30:24,382 [IPC Server handler 14 on 35981] INFO  node.SCMNodeManager (SCMNodeManager.java:register(268)) - Registered Data node : 607904f6-5de8-4d83-b69c-765b1e74f43c{ip: 192.168.157.203, host: pr-hdds-1986-lk2hz-517324276, networkLocation: /default-rack, certSerialId: null}
2019-10-10 21:30:24,384 [pool-403-thread-1] INFO  storage.RaftStorage (RaftStorage.java:format(84)) - Storage directory /workdir/hadoop-ozone/integration-test/target/test-dir/MiniOzoneClusterImpl-a1e0fe39-4452-4cf9-86f1-0fc82528131c/datanode-2/data/ratis/9cba90a7-c465-474e-85a8-4f5f5673522d has been successfully formatted.
2019-10-10 21:30:24,384 [pool-393-thread-1] INFO  storage.RaftStorage (RaftStorage.java:format(84)) - Storage directory /workdir/hadoop-ozone/integration-test/target/test-dir/MiniOzoneClusterImpl-a1e0fe39-4452-4cf9-86f1-0fc82528131c/datanode-1/data/ratis/9cba90a7-c465-474e-85a8-4f5f5673522d has been successfully formatted.
2019-10-10 21:30:24,384 [pool-383-thread-1] INFO  storage.RaftStorage (RaftStorage.java:format(84)) - Storage directory /workdir/hadoop-ozone/integration-test/target/test-dir/MiniOzoneClusterImpl-a1e0fe39-4452-4cf9-86f1-0fc82528131c/datanode-0/data/ratis/9cba90a7-c465-474e-85a8-4f5f5673522d has been successfully formatted.
2019-10-10 21:30:24,384 [pool-403-thread-1] INFO  ratis.ContainerStateMachine (ContainerStateMachine.java:loadSnapshot(231)) - group-4F5F5673522D: The snapshot info is null. Setting the last applied indexto:(t:0, i:~)
2019-10-10 21:30:24,384 [pool-383-thread-1] INFO  ratis.ContainerStateMachine (ContainerStateMachine.java:loadSnapshot(231)) - group-4F5F5673522D: The snapshot info is null. Setting the last applied indexto:(t:0, i:~)
2019-10-10 21:30:24,384 [pool-393-thread-1] INFO  ratis.ContainerStateMachine (ContainerStateMachine.java:loadSnapshot(231)) - group-4F5F5673522D: The snapshot info is null. Setting the last applied indexto:(t:0, i:~)
2019-10-10 21:30:24,385 [pool-383-thread-1] INFO  server.RaftServerConfigKeys (ConfUtils.java:logGet(43)) - raft.server.notification.no-leader.timeout = 120s (custom)
2019-10-10 21:30:24,384 [pool-403-thread-1] INFO  server.RaftServerConfigKeys (ConfUtils.java:logGet(43)) - raft.server.notification.no-leader.timeout = 120s (custom)
2019-10-10 21:30:24,385 [pool-383-thread-1] INFO  server.RaftServerConfigKeys (ConfUtils.java:logGet(43)) - raft.server.log.use.memory = false (default)
2019-10-10 21:30:24,385 [pool-393-thread-1] INFO  server.RaftServerConfigKeys (ConfUtils.java:logGet(43)) - raft.server.notification.no-leader.timeout = 120s (custom)
2019-10-10 21:30:24,385 [pool-383-thread-1] INFO  server.RaftServerConfigKeys (ConfUtils.java:logGet(43)) - raft.server.log.purge.gap = 1000000 (custom)
2019-10-10 21:30:24,385 [pool-403-thread-1] INFO  server.RaftServerConfigKeys (ConfUtils.java:logGet(43)) - raft.server.log.use.memory = false (default)
2019-10-10 21:30:24,385 [pool-383-thread-1] INFO  server.RaftServerConfigKeys (ConfUtils.java:logGet(43)) - raft.server.log.appender.buffer.byte-limit = 33554432 (custom)
2019-10-10 21:30:24,385 [pool-393-thread-1] INFO  server.RaftServerConfigKeys (ConfUtils.java:logGet(43)) - raft.server.log.use.memory = false (default)
2019-10-10 21:30:24,386 [pool-383-thread-1] INFO  server.RaftServerConfigKeys (ConfUtils.java:logGet(43)) - raft.server.log.segment.size.max = 1048576 (custom)
2019-10-10 21:30:24,386 [pool-403-thread-1] INFO  server.RaftServerConfigKeys (ConfUtils.java:logGet(43)) - raft.server.log.purge.gap = 1000000 (custom)
2019-10-10 21:30:24,386 [pool-383-thread-1] INFO  server.RaftServerConfigKeys (ConfUtils.java:logGet(43)) - raft.server.log.segment.cache.num.max = 2 (custom)
2019-10-10 21:30:24,386 [pool-383-thread-1] INFO  segmented.SegmentedRaftLogWorker (SegmentedRaftLogWorker.java:<init>(173)) - new b4c5c9e1-3835-4852-a62b-9f142dfef2cb@group-4F5F5673522D-SegmentedRaftLogWorker for RaftStorage:Storage Directory /workdir/hadoop-ozone/integration-test/target/test-dir/MiniOzoneClusterImpl-a1e0fe39-4452-4cf9-86f1-0fc82528131c/datanode-0/data/ratis/9cba90a7-c465-474e-85a8-4f5f5673522d
2019-10-10 21:30:24,386 [pool-393-thread-1] INFO  server.RaftServerConfigKeys (ConfUtils.java:logGet(43)) - raft.server.log.purge.gap = 1000000 (custom)
2019-10-10 21:30:24,386 [pool-383-thread-1] INFO  server.RaftServerConfigKeys (ConfUtils.java:logGet(43)) - raft.server.log.queue.byte-limit = 2147483647 (custom)
2019-10-10 21:30:24,386 [pool-403-thread-1] INFO  server.RaftServerConfigKeys (ConfUtils.java:logGet(43)) - raft.server.log.appender.buffer.byte-limit = 33554432 (custom)
2019-10-10 21:30:24,386 [pool-383-thread-1] INFO  server.RaftServerConfigKeys (ConfUtils.java:logGet(43)) - raft.server.log.queue.element-limit = 1024 (custom)
2019-10-10 21:30:24,387 [pool-383-thread-1] INFO  server.RaftServerConfigKeys (ConfUtils.java:logGet(43)) - raft.server.log.segment.size.max = 1048576 (custom)
2019-10-10 21:30:24,386 [pool-393-thread-1] INFO  server.RaftServerConfigKeys (ConfUtils.java:logGet(43)) - raft.server.log.appender.buffer.byte-limit = 33554432 (custom)
2019-10-10 21:30:24,387 [pool-383-thread-1] INFO  server.RaftServerConfigKeys (ConfUtils.java:logGet(43)) - raft.server.log.preallocated.size = 16384 (custom)
2019-10-10 21:30:24,387 [pool-383-thread-1] INFO  server.RaftServerConfigKeys (ConfUtils.java:logGet(43)) - raft.server.log.write.buffer.size = 33554432 (custom)
2019-10-10 21:30:24,387 [pool-403-thread-1] INFO  server.RaftServerConfigKeys (ConfUtils.java:logGet(43)) - raft.server.log.segment.size.max = 1048576 (custom)
2019-10-10 21:30:24,387 [pool-383-thread-1] INFO  server.RaftServerConfigKeys (ConfUtils.java:logGet(43)) - raft.server.log.force.sync.num = 128 (default)
2019-10-10 21:30:24,387 [pool-393-thread-1] INFO  server.RaftServerConfigKeys (ConfUtils.java:logGet(43)) - raft.server.log.segment.size.max = 1048576 (custom)
2019-10-10 21:30:24,387 [pool-383-thread-1] INFO  server.RaftServerConfigKeys (ConfUtils.java:logGet(43)) - raft.server.log.statemachine.data.sync = true (default)
2019-10-10 21:30:24,388 [pool-383-thread-1] INFO  server.RaftServerConfigKeys (ConfUtils.java:logGet(43)) - raft.server.log.statemachine.data.sync.timeout = 10s (default)
2019-10-10 21:30:24,387 [pool-403-thread-1] INFO  server.RaftServerConfigKeys (ConfUtils.java:logGet(43)) - raft.server.log.segment.cache.num.max = 2 (custom)
2019-10-10 21:30:24,388 [pool-383-thread-1] INFO  server.RaftServerConfigKeys (ConfUtils.java:logGet(43)) - raft.server.log.statemachine.data.sync.timeout.retry = -1 (default)
2019-10-10 21:30:24,388 [pool-393-thread-1] INFO  server.RaftServerConfigKeys (ConfUtils.java:logGet(43)) - raft.server.log.segment.cache.num.max = 2 (custom)
2019-10-10 21:30:24,388 [pool-383-thread-1] INFO  server.RaftServerConfigKeys (ConfUtils.java:logGet(43)) - raft.server.log.statemachine.data.caching.enabled = true (custom)
2019-10-10 21:30:24,388 [pool-403-thread-1] INFO  segmented.SegmentedRaftLogWorker (SegmentedRaftLogWorker.java:<init>(173)) - new ca1409e4-20e3-45f1-b1dc-bf04268b53eb@group-4F5F5673522D-SegmentedRaftLogWorker for RaftStorage:Storage Directory /workdir/hadoop-ozone/integration-test/target/test-dir/MiniOzoneClusterImpl-a1e0fe39-4452-4cf9-86f1-0fc82528131c/datanode-2/data/ratis/9cba90a7-c465-474e-85a8-4f5f5673522d
2019-10-10 21:30:24,388 [pool-383-thread-1] INFO  segmented.SegmentedRaftLogWorker (SegmentedRaftLogWorker.java:lambda$new$0(128)) - b4c5c9e1-3835-4852-a62b-9f142dfef2cb@group-4F5F5673522D-SegmentedRaftLogWorker: flushIndex: setUnconditionally 0 -> -1
2019-10-10 21:30:24,388 [pool-393-thread-1] INFO  segmented.SegmentedRaftLogWorker (SegmentedRaftLogWorker.java:<init>(173)) - new 26fe6874-888a-4f12-b351-94cfb64f8ed1@group-4F5F5673522D-SegmentedRaftLogWorker for RaftStorage:Storage Directory /workdir/hadoop-ozone/integration-test/target/test-dir/MiniOzoneClusterImpl-a1e0fe39-4452-4cf9-86f1-0fc82528131c/datanode-1/data/ratis/9cba90a7-c465-474e-85a8-4f5f5673522d
2019-10-10 21:30:24,389 [pool-383-thread-1] INFO  server.RaftServerConfigKeys (ConfUtils.java:logGet(43)) - raft.server.snapshot.auto.trigger.enabled = true (custom)
2019-10-10 21:30:24,389 [pool-403-thread-1] INFO  server.RaftServerConfigKeys (ConfUtils.java:logGet(43)) - raft.server.log.queue.byte-limit = 2147483647 (custom)
2019-10-10 21:30:24,389 [pool-383-thread-1] INFO  server.RaftServerConfigKeys (ConfUtils.java:logGet(43)) - raft.server.snapshot.auto.trigger.threshold = 10000 (custom)
2019-10-10 21:30:24,389 [pool-393-thread-1] INFO  server.RaftServerConfigKeys (ConfUtils.java:logGet(43)) - raft.server.log.queue.byte-limit = 2147483647 (custom)
2019-10-10 21:30:24,389 [pool-383-thread-1] INFO  server.RaftServerConfigKeys (ConfUtils.java:logGet(43)) - raft.server.snapshot.retention.file.num = 5 (custom)
2019-10-10 21:30:24,389 [pool-403-thread-1] INFO  server.RaftServerConfigKeys (ConfUtils.java:logGet(43)) - raft.server.log.queue.element-limit = 1024 (custom)
2019-10-10 21:30:24,389 [pool-383-thread-1] INFO  server.RaftServerConfigKeys (ConfUtils.java:logGet(43)) - raft.server.retrycache.expirytime = 600000ms (custom)
2019-10-10 21:30:24,389 [pool-393-thread-1] INFO  server.RaftServerConfigKeys (ConfUtils.java:logGet(43)) - raft.server.log.queue.element-limit = 1024 (custom)
2019-10-10 21:30:24,390 [pool-403-thread-1] INFO  server.RaftServerConfigKeys (ConfUtils.java:logGet(43)) - raft.server.log.segment.size.max = 1048576 (custom)
2019-10-10 21:30:24,390 [pool-393-thread-1] INFO  server.RaftServerConfigKeys (ConfUtils.java:logGet(43)) - raft.server.log.segment.size.max = 1048576 (custom)
2019-10-10 21:30:24,390 [pool-403-thread-1] INFO  server.RaftServerConfigKeys (ConfUtils.java:logGet(43)) - raft.server.log.preallocated.size = 16384 (custom)
2019-10-10 21:30:24,390 [pool-393-thread-1] INFO  server.RaftServerConfigKeys (ConfUtils.java:logGet(43)) - raft.server.log.preallocated.size = 16384 (custom)
2019-10-10 21:30:24,390 [pool-403-thread-1] INFO  server.RaftServerConfigKeys (ConfUtils.java:logGet(43)) - raft.server.log.write.buffer.size = 33554432 (custom)
2019-10-10 21:30:24,391 [pool-393-thread-1] INFO  server.RaftServerConfigKeys (ConfUtils.java:logGet(43)) - raft.server.log.write.buffer.size = 33554432 (custom)
2019-10-10 21:30:24,391 [pool-383-thread-1] INFO  impl.RaftServerImpl (RaftServerImpl.java:start(181)) - b4c5c9e1-3835-4852-a62b-9f142dfef2cb@group-4F5F5673522D: start as a follower, conf=-1: [26fe6874-888a-4f12-b351-94cfb64f8ed1:192.168.157.203:40941, ca1409e4-20e3-45f1-b1dc-bf04268b53eb:192.168.157.203:45955, b4c5c9e1-3835-4852-a62b-9f142dfef2cb:192.168.157.203:40038], old=null
2019-10-10 21:30:24,391 [pool-403-thread-1] INFO  server.RaftServerConfigKeys (ConfUtils.java:logGet(43)) - raft.server.log.force.sync.num = 128 (default)
2019-10-10 21:30:24,391 [pool-383-thread-1] INFO  impl.RaftServerImpl (RaftServerImpl.java:setRole(170)) - b4c5c9e1-3835-4852-a62b-9f142dfef2cb@group-4F5F5673522D: changes role from      null to FOLLOWER at term 0 for startAsFollower
2019-10-10 21:30:24,391 [pool-383-thread-1] INFO  impl.RoleInfo (RoleInfo.java:updateAndGet(143)) - b4c5c9e1-3835-4852-a62b-9f142dfef2cb: start FollowerState
2019-10-10 21:30:24,391 [pool-393-thread-1] INFO  server.RaftServerConfigKeys (ConfUtils.java:logGet(43)) - raft.server.log.force.sync.num = 128 (default)
2019-10-10 21:30:24,392 [pool-383-thread-1] INFO  util.JmxRegister (JmxRegister.java:tryRegister(44)) - Successfully registered JMX Bean with object name Ratis:service=RaftServer,group=group-4F5F5673522D,id=b4c5c9e1-3835-4852-a62b-9f142dfef2cb
2019-10-10 21:30:24,391 [pool-403-thread-1] INFO  server.RaftServerConfigKeys (ConfUtils.java:logGet(43)) - raft.server.log.statemachine.data.sync = true (default)
2019-10-10 21:30:24,392 [pool-393-thread-1] INFO  server.RaftServerConfigKeys (ConfUtils.java:logGet(43)) - raft.server.log.statemachine.data.sync = true (default)
2019-10-10 21:30:24,392 [pool-403-thread-1] INFO  server.RaftServerConfigKeys (ConfUtils.java:logGet(43)) - raft.server.log.statemachine.data.sync.timeout = 10s (default)
2019-10-10 21:30:24,392 [pool-393-thread-1] INFO  server.RaftServerConfigKeys (ConfUtils.java:logGet(43)) - raft.server.log.statemachine.data.sync.timeout = 10s (default)
2019-10-10 21:30:24,392 [pool-403-thread-1] INFO  server.RaftServerConfigKeys (ConfUtils.java:logGet(43)) - raft.server.log.statemachine.data.sync.timeout.retry = -1 (default)
2019-10-10 21:30:24,392 [pool-393-thread-1] INFO  server.RaftServerConfigKeys (ConfUtils.java:logGet(43)) - raft.server.log.statemachine.data.sync.timeout.retry = -1 (default)
2019-10-10 21:30:24,392 [pool-403-thread-1] INFO  server.RaftServerConfigKeys (ConfUtils.java:logGet(43)) - raft.server.log.statemachine.data.caching.enabled = true (custom)
2019-10-10 21:30:24,393 [pool-393-thread-1] INFO  server.RaftServerConfigKeys (ConfUtils.java:logGet(43)) - raft.server.log.statemachine.data.caching.enabled = true (custom)
2019-10-10 21:30:24,393 [pool-403-thread-1] INFO  segmented.SegmentedRaftLogWorker (SegmentedRaftLogWorker.java:lambda$new$0(128)) - ca1409e4-20e3-45f1-b1dc-bf04268b53eb@group-4F5F5673522D-SegmentedRaftLogWorker: flushIndex: setUnconditionally 0 -> -1
2019-10-10 21:30:24,393 [pool-393-thread-1] INFO  segmented.SegmentedRaftLogWorker (SegmentedRaftLogWorker.java:lambda$new$0(128)) - 26fe6874-888a-4f12-b351-94cfb64f8ed1@group-4F5F5673522D-SegmentedRaftLogWorker: flushIndex: setUnconditionally 0 -> -1
2019-10-10 21:30:24,393 [pool-403-thread-1] INFO  server.RaftServerConfigKeys (ConfUtils.java:logGet(43)) - raft.server.snapshot.auto.trigger.enabled = true (custom)
2019-10-10 21:30:24,393 [pool-403-thread-1] INFO  server.RaftServerConfigKeys (ConfUtils.java:logGet(43)) - raft.server.snapshot.auto.trigger.threshold = 10000 (custom)
2019-10-10 21:30:24,394 [pool-393-thread-1] INFO  server.RaftServerConfigKeys (ConfUtils.java:logGet(43)) - raft.server.snapshot.auto.trigger.enabled = true (custom)
2019-10-10 21:30:24,394 [pool-403-thread-1] INFO  server.RaftServerConfigKeys (ConfUtils.java:logGet(43)) - raft.server.snapshot.retention.file.num = 5 (custom)
2019-10-10 21:30:24,394 [pool-393-thread-1] INFO  server.RaftServerConfigKeys (ConfUtils.java:logGet(43)) - raft.server.snapshot.auto.trigger.threshold = 10000 (custom)
2019-10-10 21:30:24,394 [pool-403-thread-1] INFO  server.RaftServerConfigKeys (ConfUtils.java:logGet(43)) - raft.server.retrycache.expirytime = 600000ms (custom)
2019-10-10 21:30:24,394 [pool-393-thread-1] INFO  server.RaftServerConfigKeys (ConfUtils.java:logGet(43)) - raft.server.snapshot.retention.file.num = 5 (custom)
2019-10-10 21:30:24,394 [pool-393-thread-1] INFO  server.RaftServerConfigKeys (ConfUtils.java:logGet(43)) - raft.server.retrycache.expirytime = 600000ms (custom)
2019-10-10 21:30:24,397 [pool-403-thread-1] INFO  impl.RaftServerImpl (RaftServerImpl.java:start(181)) - ca1409e4-20e3-45f1-b1dc-bf04268b53eb@group-4F5F5673522D: start as a follower, conf=-1: [26fe6874-888a-4f12-b351-94cfb64f8ed1:192.168.157.203:40941, ca1409e4-20e3-45f1-b1dc-bf04268b53eb:192.168.157.203:45955, b4c5c9e1-3835-4852-a62b-9f142dfef2cb:192.168.157.203:40038], old=null
2019-10-10 21:30:24,397 [pool-403-thread-1] INFO  impl.RaftServerImpl (RaftServerImpl.java:setRole(170)) - ca1409e4-20e3-45f1-b1dc-bf04268b53eb@group-4F5F5673522D: changes role from      null to FOLLOWER at term 0 for startAsFollower
2019-10-10 21:30:24,397 [pool-403-thread-1] INFO  impl.RoleInfo (RoleInfo.java:updateAndGet(143)) - ca1409e4-20e3-45f1-b1dc-bf04268b53eb: start FollowerState
2019-10-10 21:30:24,397 [pool-393-thread-1] INFO  impl.RaftServerImpl (RaftServerImpl.java:start(181)) - 26fe6874-888a-4f12-b351-94cfb64f8ed1@group-4F5F5673522D: start as a follower, conf=-1: [26fe6874-888a-4f12-b351-94cfb64f8ed1:192.168.157.203:40941, ca1409e4-20e3-45f1-b1dc-bf04268b53eb:192.168.157.203:45955, b4c5c9e1-3835-4852-a62b-9f142dfef2cb:192.168.157.203:40038], old=null
2019-10-10 21:30:24,398 [pool-393-thread-1] INFO  impl.RaftServerImpl (RaftServerImpl.java:setRole(170)) - 26fe6874-888a-4f12-b351-94cfb64f8ed1@group-4F5F5673522D: changes role from      null to FOLLOWER at term 0 for startAsFollower
2019-10-10 21:30:24,398 [pool-403-thread-1] INFO  util.JmxRegister (JmxRegister.java:tryRegister(44)) - Successfully registered JMX Bean with object name Ratis:service=RaftServer,group=group-4F5F5673522D,id=ca1409e4-20e3-45f1-b1dc-bf04268b53eb
2019-10-10 21:30:24,398 [pool-393-thread-1] INFO  impl.RoleInfo (RoleInfo.java:updateAndGet(143)) - 26fe6874-888a-4f12-b351-94cfb64f8ed1: start FollowerState
2019-10-10 21:30:24,398 [pool-393-thread-1] INFO  util.JmxRegister (JmxRegister.java:tryRegister(44)) - Successfully registered JMX Bean with object name Ratis:service=RaftServer,group=group-4F5F5673522D,id=26fe6874-888a-4f12-b351-94cfb64f8ed1
2019-10-10 21:30:24,403 [RatisPipelineUtilsThread] INFO  pipeline.PipelineStateManager (PipelineStateManager.java:addPipeline(56)) - Created pipeline Pipeline[ Id: 9cba90a7-c465-474e-85a8-4f5f5673522d, Nodes: 26fe6874-888a-4f12-b351-94cfb64f8ed1{ip: 192.168.157.203, host: pr-hdds-1986-lk2hz-517324276, networkLocation: /default-rack, certSerialId: null}b4c5c9e1-3835-4852-a62b-9f142dfef2cb{ip: 192.168.157.203, host: pr-hdds-1986-lk2hz-517324276, networkLocation: /default-rack, certSerialId: null}ca1409e4-20e3-45f1-b1dc-bf04268b53eb{ip: 192.168.157.203, host: pr-hdds-1986-lk2hz-517324276, networkLocation: /default-rack, certSerialId: null}, Type:RATIS, Factor:THREE, State:OPEN]
2019-10-10 21:30:24,488 [IPC Server handler 18 on 35981] INFO  net.NetworkTopology (NetworkTopologyImpl.java:add(111)) - Added a new node: /default-rack/1142a9ab-ee46-4293-9093-2a1cd345c012
2019-10-10 21:30:24,489 [IPC Server handler 18 on 35981] INFO  node.SCMNodeManager (SCMNodeManager.java:register(268)) - Registered Data node : 1142a9ab-ee46-4293-9093-2a1cd345c012{ip: 192.168.157.203, host: pr-hdds-1986-lk2hz-517324276, networkLocation: /default-rack, certSerialId: null}
2019-10-10 21:30:24,499 [grpc-default-executor-7] INFO  impl.RaftServerProxy (RaftServerProxy.java:addNew(89)) - 1142a9ab-ee46-4293-9093-2a1cd345c012: addNew group-AF0E504E44DF:[1142a9ab-ee46-4293-9093-2a1cd345c012:192.168.157.203:43803] returns group-AF0E504E44DF:java.util.concurrent.CompletableFuture@4318c5ba[Not completed]
2019-10-10 21:30:24,500 [pool-423-thread-1] INFO  impl.RaftServerImpl (RaftServerImpl.java:<init>(95)) - 1142a9ab-ee46-4293-9093-2a1cd345c012: new RaftServerImpl for group-AF0E504E44DF:[1142a9ab-ee46-4293-9093-2a1cd345c012:192.168.157.203:43803] with ContainerStateMachine:uninitialized
2019-10-10 21:30:24,500 [pool-423-thread-1] INFO  server.RaftServerConfigKeys (ConfUtils.java:logGet(43)) - raft.server.rpc.timeout.min = 5s (custom)
2019-10-10 21:30:24,501 [pool-423-thread-1] INFO  server.RaftServerConfigKeys (ConfUtils.java:logGet(43)) - raft.server.rpc.timeout.max = 5200ms (custom)
2019-10-10 21:30:24,501 [pool-423-thread-1] INFO  server.RaftServerConfigKeys (ConfUtils.java:logGet(43)) - raft.server.rpcslowness.timeout = 120s (custom)
2019-10-10 21:30:24,501 [pool-423-thread-1] INFO  server.RaftServerConfigKeys (ConfUtils.java:logGet(43)) - raft.server.sleep.deviation.threshold = 300 (default)
2019-10-10 21:30:24,501 [pool-423-thread-1] INFO  server.RaftServerConfigKeys (ConfUtils.java:logGet(43)) - raft.server.log.appender.install.snapshot.enabled = false (custom)
2019-10-10 21:30:24,501 [pool-423-thread-1] INFO  impl.RaftServerImpl (ServerState.java:<init>(103)) - 1142a9ab-ee46-4293-9093-2a1cd345c012@group-AF0E504E44DF: ConfigurationManager, init=-1: [1142a9ab-ee46-4293-9093-2a1cd345c012:192.168.157.203:43803], old=null, confs=<EMPTY_MAP>
2019-10-10 21:30:24,501 [pool-423-thread-1] INFO  server.RaftServerConfigKeys (ConfUtils.java:logGet(43)) - raft.server.storage.dir = [/workdir/hadoop-ozone/integration-test/target/test-dir/MiniOzoneClusterImpl-a1e0fe39-4452-4cf9-86f1-0fc82528131c/datanode-4/data/ratis] (custom)
2019-10-10 21:30:24,502 [pool-423-thread-1] INFO  server.RaftServerConfigKeys (ConfUtils.java:logGet(43)) - raft.server.log.corruption.policy = EXCEPTION (default)
2019-10-10 21:30:24,502 [pool-423-thread-1] INFO  storage.RaftStorageDirectory (RaftStorageDirectory.java:analyzeStorage(246)) - The storage directory /workdir/hadoop-ozone/integration-test/target/test-dir/MiniOzoneClusterImpl-a1e0fe39-4452-4cf9-86f1-0fc82528131c/datanode-4/data/ratis/932f9369-2939-4865-900e-af0e504e44df does not exist. Creating ...
2019-10-10 21:30:24,515 [pool-423-thread-1] INFO  storage.RaftStorageDirectory (RaftStorageDirectory.java:tryLock(328)) - Lock on /workdir/hadoop-ozone/integration-test/target/test-dir/MiniOzoneClusterImpl-a1e0fe39-4452-4cf9-86f1-0fc82528131c/datanode-4/data/ratis/932f9369-2939-4865-900e-af0e504e44df/in_use.lock acquired by nodename 3080@pr-hdds-1986-lk2hz-517324276
2019-10-10 21:30:24,528 [pool-423-thread-1] INFO  storage.RaftStorage (RaftStorage.java:format(84)) - Storage directory /workdir/hadoop-ozone/integration-test/target/test-dir/MiniOzoneClusterImpl-a1e0fe39-4452-4cf9-86f1-0fc82528131c/datanode-4/data/ratis/932f9369-2939-4865-900e-af0e504e44df has been successfully formatted.
2019-10-10 21:30:24,528 [pool-423-thread-1] INFO  ratis.ContainerStateMachine (ContainerStateMachine.java:loadSnapshot(231)) - group-AF0E504E44DF: The snapshot info is null. Setting the last applied indexto:(t:0, i:~)
2019-10-10 21:30:24,528 [pool-423-thread-1] INFO  server.RaftServerConfigKeys (ConfUtils.java:logGet(43)) - raft.server.notification.no-leader.timeout = 120s (custom)
2019-10-10 21:30:24,528 [pool-423-thread-1] INFO  server.RaftServerConfigKeys (ConfUtils.java:logGet(43)) - raft.server.log.use.memory = false (default)
2019-10-10 21:30:24,528 [pool-423-thread-1] INFO  server.RaftServerConfigKeys (ConfUtils.java:logGet(43)) - raft.server.log.purge.gap = 1000000 (custom)
2019-10-10 21:30:24,529 [pool-423-thread-1] INFO  server.RaftServerConfigKeys (ConfUtils.java:logGet(43)) - raft.server.log.appender.buffer.byte-limit = 33554432 (custom)
2019-10-10 21:30:24,529 [pool-423-thread-1] INFO  server.RaftServerConfigKeys (ConfUtils.java:logGet(43)) - raft.server.log.segment.size.max = 1048576 (custom)
2019-10-10 21:30:24,530 [pool-423-thread-1] INFO  server.RaftServerConfigKeys (ConfUtils.java:logGet(43)) - raft.server.log.segment.cache.num.max = 2 (custom)
2019-10-10 21:30:24,530 [pool-423-thread-1] INFO  segmented.SegmentedRaftLogWorker (SegmentedRaftLogWorker.java:<init>(173)) - new 1142a9ab-ee46-4293-9093-2a1cd345c012@group-AF0E504E44DF-SegmentedRaftLogWorker for RaftStorage:Storage Directory /workdir/hadoop-ozone/integration-test/target/test-dir/MiniOzoneClusterImpl-a1e0fe39-4452-4cf9-86f1-0fc82528131c/datanode-4/data/ratis/932f9369-2939-4865-900e-af0e504e44df
2019-10-10 21:30:24,530 [pool-423-thread-1] INFO  server.RaftServerConfigKeys (ConfUtils.java:logGet(43)) - raft.server.log.queue.byte-limit = 2147483647 (custom)
2019-10-10 21:30:24,531 [pool-423-thread-1] INFO  server.RaftServerConfigKeys (ConfUtils.java:logGet(43)) - raft.server.log.queue.element-limit = 1024 (custom)
2019-10-10 21:30:24,531 [pool-423-thread-1] INFO  server.RaftServerConfigKeys (ConfUtils.java:logGet(43)) - raft.server.log.segment.size.max = 1048576 (custom)
2019-10-10 21:30:24,531 [pool-423-thread-1] INFO  server.RaftServerConfigKeys (ConfUtils.java:logGet(43)) - raft.server.log.preallocated.size = 16384 (custom)
2019-10-10 21:30:24,531 [pool-423-thread-1] INFO  server.RaftServerConfigKeys (ConfUtils.java:logGet(43)) - raft.server.log.write.buffer.size = 33554432 (custom)
2019-10-10 21:30:24,531 [pool-423-thread-1] INFO  server.RaftServerConfigKeys (ConfUtils.java:logGet(43)) - raft.server.log.force.sync.num = 128 (default)
2019-10-10 21:30:24,531 [pool-423-thread-1] INFO  server.RaftServerConfigKeys (ConfUtils.java:logGet(43)) - raft.server.log.statemachine.data.sync = true (default)
2019-10-10 21:30:24,531 [pool-423-thread-1] INFO  server.RaftServerConfigKeys (ConfUtils.java:logGet(43)) - raft.server.log.statemachine.data.sync.timeout = 10s (default)
2019-10-10 21:30:24,531 [pool-423-thread-1] INFO  server.RaftServerConfigKeys (ConfUtils.java:logGet(43)) - raft.server.log.statemachine.data.sync.timeout.retry = -1 (default)
2019-10-10 21:30:24,532 [pool-423-thread-1] INFO  server.RaftServerConfigKeys (ConfUtils.java:logGet(43)) - raft.server.log.statemachine.data.caching.enabled = true (custom)
2019-10-10 21:30:24,532 [pool-423-thread-1] INFO  segmented.SegmentedRaftLogWorker (SegmentedRaftLogWorker.java:lambda$new$0(128)) - 1142a9ab-ee46-4293-9093-2a1cd345c012@group-AF0E504E44DF-SegmentedRaftLogWorker: flushIndex: setUnconditionally 0 -> -1
2019-10-10 21:30:24,532 [pool-423-thread-1] INFO  server.RaftServerConfigKeys (ConfUtils.java:logGet(43)) - raft.server.snapshot.auto.trigger.enabled = true (custom)
2019-10-10 21:30:24,532 [pool-423-thread-1] INFO  server.RaftServerConfigKeys (ConfUtils.java:logGet(43)) - raft.server.snapshot.auto.trigger.threshold = 10000 (custom)
2019-10-10 21:30:24,533 [pool-423-thread-1] INFO  server.RaftServerConfigKeys (ConfUtils.java:logGet(43)) - raft.server.snapshot.retention.file.num = 5 (custom)
2019-10-10 21:30:24,533 [pool-423-thread-1] INFO  server.RaftServerConfigKeys (ConfUtils.java:logGet(43)) - raft.server.retrycache.expirytime = 600000ms (custom)
2019-10-10 21:30:24,534 [pool-423-thread-1] INFO  impl.RaftServerImpl (RaftServerImpl.java:start(181)) - 1142a9ab-ee46-4293-9093-2a1cd345c012@group-AF0E504E44DF: start as a follower, conf=-1: [1142a9ab-ee46-4293-9093-2a1cd345c012:192.168.157.203:43803], old=null
2019-10-10 21:30:24,534 [pool-423-thread-1] INFO  impl.RaftServerImpl (RaftServerImpl.java:setRole(170)) - 1142a9ab-ee46-4293-9093-2a1cd345c012@group-AF0E504E44DF: changes role from      null to FOLLOWER at term 0 for startAsFollower
2019-10-10 21:30:24,534 [pool-423-thread-1] INFO  impl.RoleInfo (RoleInfo.java:updateAndGet(143)) - 1142a9ab-ee46-4293-9093-2a1cd345c012: start FollowerState
2019-10-10 21:30:24,535 [pool-423-thread-1] INFO  util.JmxRegister (JmxRegister.java:tryRegister(44)) - Successfully registered JMX Bean with object name Ratis:service=RaftServer,group=group-AF0E504E44DF,id=1142a9ab-ee46-4293-9093-2a1cd345c012
2019-10-10 21:30:24,538 [RatisPipelineUtilsThread] INFO  pipeline.PipelineStateManager (PipelineStateManager.java:addPipeline(56)) - Created pipeline Pipeline[ Id: 932f9369-2939-4865-900e-af0e504e44df, Nodes: 1142a9ab-ee46-4293-9093-2a1cd345c012{ip: 192.168.157.203, host: pr-hdds-1986-lk2hz-517324276, networkLocation: /default-rack, certSerialId: null}, Type:RATIS, Factor:ONE, State:OPEN]
2019-10-10 21:30:24,551 [grpc-default-executor-7] INFO  impl.RaftServerProxy (RaftServerProxy.java:addNew(89)) - 607904f6-5de8-4d83-b69c-765b1e74f43c: addNew group-23B6044B0455:[607904f6-5de8-4d83-b69c-765b1e74f43c:192.168.157.203:33426] returns group-23B6044B0455:java.util.concurrent.CompletableFuture@43691998[Not completed]
2019-10-10 21:30:24,552 [pool-413-thread-1] INFO  impl.RaftServerImpl (RaftServerImpl.java:<init>(95)) - 607904f6-5de8-4d83-b69c-765b1e74f43c: new RaftServerImpl for group-23B6044B0455:[607904f6-5de8-4d83-b69c-765b1e74f43c:192.168.157.203:33426] with ContainerStateMachine:uninitialized
2019-10-10 21:30:24,552 [pool-413-thread-1] INFO  server.RaftServerConfigKeys (ConfUtils.java:logGet(43)) - raft.server.rpc.timeout.min = 5s (custom)
2019-10-10 21:30:24,552 [pool-413-thread-1] INFO  server.RaftServerConfigKeys (ConfUtils.java:logGet(43)) - raft.server.rpc.timeout.max = 5200ms (custom)
2019-10-10 21:30:24,553 [pool-413-thread-1] INFO  server.RaftServerConfigKeys (ConfUtils.java:logGet(43)) - raft.server.rpcslowness.timeout = 120s (custom)
2019-10-10 21:30:24,553 [pool-413-thread-1] INFO  server.RaftServerConfigKeys (ConfUtils.java:logGet(43)) - raft.server.sleep.deviation.threshold = 300 (default)
2019-10-10 21:30:24,553 [pool-413-thread-1] INFO  server.RaftServerConfigKeys (ConfUtils.java:logGet(43)) - raft.server.log.appender.install.snapshot.enabled = false (custom)
2019-10-10 21:30:24,553 [pool-413-thread-1] INFO  impl.RaftServerImpl (ServerState.java:<init>(103)) - 607904f6-5de8-4d83-b69c-765b1e74f43c@group-23B6044B0455: ConfigurationManager, init=-1: [607904f6-5de8-4d83-b69c-765b1e74f43c:192.168.157.203:33426], old=null, confs=<EMPTY_MAP>
2019-10-10 21:30:24,553 [pool-413-thread-1] INFO  server.RaftServerConfigKeys (ConfUtils.java:logGet(43)) - raft.server.storage.dir = [/workdir/hadoop-ozone/integration-test/target/test-dir/MiniOzoneClusterImpl-a1e0fe39-4452-4cf9-86f1-0fc82528131c/datanode-3/data/ratis] (custom)
2019-10-10 21:30:24,553 [pool-413-thread-1] INFO  server.RaftServerConfigKeys (ConfUtils.java:logGet(43)) - raft.server.log.corruption.policy = EXCEPTION (default)
2019-10-10 21:30:24,554 [pool-413-thread-1] INFO  storage.RaftStorageDirectory (RaftStorageDirectory.java:analyzeStorage(246)) - The storage directory /workdir/hadoop-ozone/integration-test/target/test-dir/MiniOzoneClusterImpl-a1e0fe39-4452-4cf9-86f1-0fc82528131c/datanode-3/data/ratis/d2645fda-6841-4aa3-b94e-23b6044b0455 does not exist. Creating ...
2019-10-10 21:30:24,566 [pool-413-thread-1] INFO  storage.RaftStorageDirectory (RaftStorageDirectory.java:tryLock(328)) - Lock on /workdir/hadoop-ozone/integration-test/target/test-dir/MiniOzoneClusterImpl-a1e0fe39-4452-4cf9-86f1-0fc82528131c/datanode-3/data/ratis/d2645fda-6841-4aa3-b94e-23b6044b0455/in_use.lock acquired by nodename 3080@pr-hdds-1986-lk2hz-517324276
2019-10-10 21:30:24,578 [pool-413-thread-1] INFO  storage.RaftStorage (RaftStorage.java:format(84)) - Storage directory /workdir/hadoop-ozone/integration-test/target/test-dir/MiniOzoneClusterImpl-a1e0fe39-4452-4cf9-86f1-0fc82528131c/datanode-3/data/ratis/d2645fda-6841-4aa3-b94e-23b6044b0455 has been successfully formatted.
2019-10-10 21:30:24,578 [pool-413-thread-1] INFO  ratis.ContainerStateMachine (ContainerStateMachine.java:loadSnapshot(231)) - group-23B6044B0455: The snapshot info is null. Setting the last applied indexto:(t:0, i:~)
2019-10-10 21:30:24,578 [pool-413-thread-1] INFO  server.RaftServerConfigKeys (ConfUtils.java:logGet(43)) - raft.server.notification.no-leader.timeout = 120s (custom)
2019-10-10 21:30:24,578 [pool-413-thread-1] INFO  server.RaftServerConfigKeys (ConfUtils.java:logGet(43)) - raft.server.log.use.memory = false (default)
2019-10-10 21:30:24,578 [pool-413-thread-1] INFO  server.RaftServerConfigKeys (ConfUtils.java:logGet(43)) - raft.server.log.purge.gap = 1000000 (custom)
2019-10-10 21:30:24,579 [pool-413-thread-1] INFO  server.RaftServerConfigKeys (ConfUtils.java:logGet(43)) - raft.server.log.appender.buffer.byte-limit = 33554432 (custom)
2019-10-10 21:30:24,579 [pool-413-thread-1] INFO  server.RaftServerConfigKeys (ConfUtils.java:logGet(43)) - raft.server.log.segment.size.max = 1048576 (custom)
2019-10-10 21:30:24,580 [pool-413-thread-1] INFO  server.RaftServerConfigKeys (ConfUtils.java:logGet(43)) - raft.server.log.segment.cache.num.max = 2 (custom)
2019-10-10 21:30:24,580 [pool-413-thread-1] INFO  segmented.SegmentedRaftLogWorker (SegmentedRaftLogWorker.java:<init>(173)) - new 607904f6-5de8-4d83-b69c-765b1e74f43c@group-23B6044B0455-SegmentedRaftLogWorker for RaftStorage:Storage Directory /workdir/hadoop-ozone/integration-test/target/test-dir/MiniOzoneClusterImpl-a1e0fe39-4452-4cf9-86f1-0fc82528131c/datanode-3/data/ratis/d2645fda-6841-4aa3-b94e-23b6044b0455
2019-10-10 21:30:24,580 [pool-413-thread-1] INFO  server.RaftServerConfigKeys (ConfUtils.java:logGet(43)) - raft.server.log.queue.byte-limit = 2147483647 (custom)
2019-10-10 21:30:24,580 [pool-413-thread-1] INFO  server.RaftServerConfigKeys (ConfUtils.java:logGet(43)) - raft.server.log.queue.element-limit = 1024 (custom)
2019-10-10 21:30:24,580 [pool-413-thread-1] INFO  server.RaftServerConfigKeys (ConfUtils.java:logGet(43)) - raft.server.log.segment.size.max = 1048576 (custom)
2019-10-10 21:30:24,580 [pool-413-thread-1] INFO  server.RaftServerConfigKeys (ConfUtils.java:logGet(43)) - raft.server.log.preallocated.size = 16384 (custom)
2019-10-10 21:30:24,580 [pool-413-thread-1] INFO  server.RaftServerConfigKeys (ConfUtils.java:logGet(43)) - raft.server.log.write.buffer.size = 33554432 (custom)
2019-10-10 21:30:24,580 [pool-413-thread-1] INFO  server.RaftServerConfigKeys (ConfUtils.java:logGet(43)) - raft.server.log.force.sync.num = 128 (default)
2019-10-10 21:30:24,580 [pool-413-thread-1] INFO  server.RaftServerConfigKeys (ConfUtils.java:logGet(43)) - raft.server.log.statemachine.data.sync = true (default)
2019-10-10 21:30:24,581 [pool-413-thread-1] INFO  server.RaftServerConfigKeys (ConfUtils.java:logGet(43)) - raft.server.log.statemachine.data.sync.timeout = 10s (default)
2019-10-10 21:30:24,581 [pool-413-thread-1] INFO  server.RaftServerConfigKeys (ConfUtils.java:logGet(43)) - raft.server.log.statemachine.data.sync.timeout.retry = -1 (default)
2019-10-10 21:30:24,581 [pool-413-thread-1] INFO  server.RaftServerConfigKeys (ConfUtils.java:logGet(43)) - raft.server.log.statemachine.data.caching.enabled = true (custom)
2019-10-10 21:30:24,581 [pool-413-thread-1] INFO  segmented.SegmentedRaftLogWorker (SegmentedRaftLogWorker.java:lambda$new$0(128)) - 607904f6-5de8-4d83-b69c-765b1e74f43c@group-23B6044B0455-SegmentedRaftLogWorker: flushIndex: setUnconditionally 0 -> -1
2019-10-10 21:30:24,581 [pool-413-thread-1] INFO  server.RaftServerConfigKeys (ConfUtils.java:logGet(43)) - raft.server.snapshot.auto.trigger.enabled = true (custom)
2019-10-10 21:30:24,581 [pool-413-thread-1] INFO  server.RaftServerConfigKeys (ConfUtils.java:logGet(43)) - raft.server.snapshot.auto.trigger.threshold = 10000 (custom)
2019-10-10 21:30:24,582 [pool-413-thread-1] INFO  server.RaftServerConfigKeys (ConfUtils.java:logGet(43)) - raft.server.snapshot.retention.file.num = 5 (custom)
2019-10-10 21:30:24,582 [pool-413-thread-1] INFO  server.RaftServerConfigKeys (ConfUtils.java:logGet(43)) - raft.server.retrycache.expirytime = 600000ms (custom)
2019-10-10 21:30:24,583 [pool-413-thread-1] INFO  impl.RaftServerImpl (RaftServerImpl.java:start(181)) - 607904f6-5de8-4d83-b69c-765b1e74f43c@group-23B6044B0455: start as a follower, conf=-1: [607904f6-5de8-4d83-b69c-765b1e74f43c:192.168.157.203:33426], old=null
2019-10-10 21:30:24,583 [pool-413-thread-1] INFO  impl.RaftServerImpl (RaftServerImpl.java:setRole(170)) - 607904f6-5de8-4d83-b69c-765b1e74f43c@group-23B6044B0455: changes role from      null to FOLLOWER at term 0 for startAsFollower
2019-10-10 21:30:24,583 [pool-413-thread-1] INFO  impl.RoleInfo (RoleInfo.java:updateAndGet(143)) - 607904f6-5de8-4d83-b69c-765b1e74f43c: start FollowerState
2019-10-10 21:30:24,583 [pool-413-thread-1] INFO  util.JmxRegister (JmxRegister.java:tryRegister(44)) - Successfully registered JMX Bean with object name Ratis:service=RaftServer,group=group-23B6044B0455,id=607904f6-5de8-4d83-b69c-765b1e74f43c
2019-10-10 21:30:24,587 [RatisPipelineUtilsThread] INFO  pipeline.PipelineStateManager (PipelineStateManager.java:addPipeline(56)) - Created pipeline Pipeline[ Id: d2645fda-6841-4aa3-b94e-23b6044b0455, Nodes: 607904f6-5de8-4d83-b69c-765b1e74f43c{ip: 192.168.157.203, host: pr-hdds-1986-lk2hz-517324276, networkLocation: /default-rack, certSerialId: null}, Type:RATIS, Factor:ONE, State:OPEN]
2019-10-10 21:30:24,597 [IPC Server handler 1 on 35981] INFO  net.NetworkTopology (NetworkTopologyImpl.java:add(111)) - Added a new node: /default-rack/e61aa4c9-9e36-4fbd-bed7-4f2c6afaf8f9
2019-10-10 21:30:24,598 [IPC Server handler 1 on 35981] INFO  node.SCMNodeManager (SCMNodeManager.java:register(268)) - Registered Data node : e61aa4c9-9e36-4fbd-bed7-4f2c6afaf8f9{ip: 192.168.157.203, host: pr-hdds-1986-lk2hz-517324276, networkLocation: /default-rack, certSerialId: null}
2019-10-10 21:30:24,606 [grpc-default-executor-7] INFO  impl.RaftServerProxy (RaftServerProxy.java:addNew(89)) - e61aa4c9-9e36-4fbd-bed7-4f2c6afaf8f9: addNew group-120B99DD4878:[e61aa4c9-9e36-4fbd-bed7-4f2c6afaf8f9:192.168.157.203:42373] returns group-120B99DD4878:java.util.concurrent.CompletableFuture@3baaebb0[Not completed]
2019-10-10 21:30:24,607 [pool-433-thread-1] INFO  impl.RaftServerImpl (RaftServerImpl.java:<init>(95)) - e61aa4c9-9e36-4fbd-bed7-4f2c6afaf8f9: new RaftServerImpl for group-120B99DD4878:[e61aa4c9-9e36-4fbd-bed7-4f2c6afaf8f9:192.168.157.203:42373] with ContainerStateMachine:uninitialized
2019-10-10 21:30:24,607 [pool-433-thread-1] INFO  server.RaftServerConfigKeys (ConfUtils.java:logGet(43)) - raft.server.rpc.timeout.min = 5s (custom)
2019-10-10 21:30:24,608 [pool-433-thread-1] INFO  server.RaftServerConfigKeys (ConfUtils.java:logGet(43)) - raft.server.rpc.timeout.max = 5200ms (custom)
2019-10-10 21:30:24,608 [pool-433-thread-1] INFO  server.RaftServerConfigKeys (ConfUtils.java:logGet(43)) - raft.server.rpcslowness.timeout = 120s (custom)
2019-10-10 21:30:24,608 [pool-433-thread-1] INFO  server.RaftServerConfigKeys (ConfUtils.java:logGet(43)) - raft.server.sleep.deviation.threshold = 300 (default)
2019-10-10 21:30:24,608 [pool-433-thread-1] INFO  server.RaftServerConfigKeys (ConfUtils.java:logGet(43)) - raft.server.log.appender.install.snapshot.enabled = false (custom)
2019-10-10 21:30:24,608 [pool-433-thread-1] INFO  impl.RaftServerImpl (ServerState.java:<init>(103)) - e61aa4c9-9e36-4fbd-bed7-4f2c6afaf8f9@group-120B99DD4878: ConfigurationManager, init=-1: [e61aa4c9-9e36-4fbd-bed7-4f2c6afaf8f9:192.168.157.203:42373], old=null, confs=<EMPTY_MAP>
2019-10-10 21:30:24,608 [pool-433-thread-1] INFO  server.RaftServerConfigKeys (ConfUtils.java:logGet(43)) - raft.server.storage.dir = [/workdir/hadoop-ozone/integration-test/target/test-dir/MiniOzoneClusterImpl-a1e0fe39-4452-4cf9-86f1-0fc82528131c/datanode-5/data/ratis] (custom)
2019-10-10 21:30:24,608 [pool-433-thread-1] INFO  server.RaftServerConfigKeys (ConfUtils.java:logGet(43)) - raft.server.log.corruption.policy = EXCEPTION (default)
2019-10-10 21:30:24,608 [pool-433-thread-1] INFO  storage.RaftStorageDirectory (RaftStorageDirectory.java:analyzeStorage(246)) - The storage directory /workdir/hadoop-ozone/integration-test/target/test-dir/MiniOzoneClusterImpl-a1e0fe39-4452-4cf9-86f1-0fc82528131c/datanode-5/data/ratis/fca28ab3-9ca6-4483-a293-120b99dd4878 does not exist. Creating ...
2019-10-10 21:30:24,620 [pool-433-thread-1] INFO  storage.RaftStorageDirectory (RaftStorageDirectory.java:tryLock(328)) - Lock on /workdir/hadoop-ozone/integration-test/target/test-dir/MiniOzoneClusterImpl-a1e0fe39-4452-4cf9-86f1-0fc82528131c/datanode-5/data/ratis/fca28ab3-9ca6-4483-a293-120b99dd4878/in_use.lock acquired by nodename 3080@pr-hdds-1986-lk2hz-517324276
2019-10-10 21:30:24,633 [pool-433-thread-1] INFO  storage.RaftStorage (RaftStorage.java:format(84)) - Storage directory /workdir/hadoop-ozone/integration-test/target/test-dir/MiniOzoneClusterImpl-a1e0fe39-4452-4cf9-86f1-0fc82528131c/datanode-5/data/ratis/fca28ab3-9ca6-4483-a293-120b99dd4878 has been successfully formatted.
2019-10-10 21:30:24,633 [pool-433-thread-1] INFO  ratis.ContainerStateMachine (ContainerStateMachine.java:loadSnapshot(231)) - group-120B99DD4878: The snapshot info is null. Setting the last applied indexto:(t:0, i:~)
2019-10-10 21:30:24,633 [pool-433-thread-1] INFO  server.RaftServerConfigKeys (ConfUtils.java:logGet(43)) - raft.server.notification.no-leader.timeout = 120s (custom)
2019-10-10 21:30:24,633 [pool-433-thread-1] INFO  server.RaftServerConfigKeys (ConfUtils.java:logGet(43)) - raft.server.log.use.memory = false (default)
2019-10-10 21:30:24,633 [pool-433-thread-1] INFO  server.RaftServerConfigKeys (ConfUtils.java:logGet(43)) - raft.server.log.purge.gap = 1000000 (custom)
2019-10-10 21:30:24,633 [pool-433-thread-1] INFO  server.RaftServerConfigKeys (ConfUtils.java:logGet(43)) - raft.server.log.appender.buffer.byte-limit = 33554432 (custom)
2019-10-10 21:30:24,633 [pool-433-thread-1] INFO  server.RaftServerConfigKeys (ConfUtils.java:logGet(43)) - raft.server.log.segment.size.max = 1048576 (custom)
2019-10-10 21:30:24,634 [pool-433-thread-1] INFO  server.RaftServerConfigKeys (ConfUtils.java:logGet(43)) - raft.server.log.segment.cache.num.max = 2 (custom)
2019-10-10 21:30:24,634 [pool-433-thread-1] INFO  segmented.SegmentedRaftLogWorker (SegmentedRaftLogWorker.java:<init>(173)) - new e61aa4c9-9e36-4fbd-bed7-4f2c6afaf8f9@group-120B99DD4878-SegmentedRaftLogWorker for RaftStorage:Storage Directory /workdir/hadoop-ozone/integration-test/target/test-dir/MiniOzoneClusterImpl-a1e0fe39-4452-4cf9-86f1-0fc82528131c/datanode-5/data/ratis/fca28ab3-9ca6-4483-a293-120b99dd4878
2019-10-10 21:30:24,635 [pool-433-thread-1] INFO  server.RaftServerConfigKeys (ConfUtils.java:logGet(43)) - raft.server.log.queue.byte-limit = 2147483647 (custom)
2019-10-10 21:30:24,635 [pool-433-thread-1] INFO  server.RaftServerConfigKeys (ConfUtils.java:logGet(43)) - raft.server.log.queue.element-limit = 1024 (custom)
2019-10-10 21:30:24,635 [pool-433-thread-1] INFO  server.RaftServerConfigKeys (ConfUtils.java:logGet(43)) - raft.server.log.segment.size.max = 1048576 (custom)
2019-10-10 21:30:24,635 [pool-433-thread-1] INFO  server.RaftServerConfigKeys (ConfUtils.java:logGet(43)) - raft.server.log.preallocated.size = 16384 (custom)
2019-10-10 21:30:24,635 [pool-433-thread-1] INFO  server.RaftServerConfigKeys (ConfUtils.java:logGet(43)) - raft.server.log.write.buffer.size = 33554432 (custom)
2019-10-10 21:30:24,635 [pool-433-thread-1] INFO  server.RaftServerConfigKeys (ConfUtils.java:logGet(43)) - raft.server.log.force.sync.num = 128 (default)
2019-10-10 21:30:24,635 [pool-433-thread-1] INFO  server.RaftServerConfigKeys (ConfUtils.java:logGet(43)) - raft.server.log.statemachine.data.sync = true (default)
2019-10-10 21:30:24,635 [pool-433-thread-1] INFO  server.RaftServerConfigKeys (ConfUtils.java:logGet(43)) - raft.server.log.statemachine.data.sync.timeout = 10s (default)
2019-10-10 21:30:24,635 [pool-433-thread-1] INFO  server.RaftServerConfigKeys (ConfUtils.java:logGet(43)) - raft.server.log.statemachine.data.sync.timeout.retry = -1 (default)
2019-10-10 21:30:24,636 [pool-433-thread-1] INFO  server.RaftServerConfigKeys (ConfUtils.java:logGet(43)) - raft.server.log.statemachine.data.caching.enabled = true (custom)
2019-10-10 21:30:24,636 [pool-433-thread-1] INFO  segmented.SegmentedRaftLogWorker (SegmentedRaftLogWorker.java:lambda$new$0(128)) - e61aa4c9-9e36-4fbd-bed7-4f2c6afaf8f9@group-120B99DD4878-SegmentedRaftLogWorker: flushIndex: setUnconditionally 0 -> -1
2019-10-10 21:30:24,637 [pool-433-thread-1] INFO  server.RaftServerConfigKeys (ConfUtils.java:logGet(43)) - raft.server.snapshot.auto.trigger.enabled = true (custom)
2019-10-10 21:30:24,637 [pool-433-thread-1] INFO  server.RaftServerConfigKeys (ConfUtils.java:logGet(43)) - raft.server.snapshot.auto.trigger.threshold = 10000 (custom)
2019-10-10 21:30:24,637 [pool-433-thread-1] INFO  server.RaftServerConfigKeys (ConfUtils.java:logGet(43)) - raft.server.snapshot.retention.file.num = 5 (custom)
2019-10-10 21:30:24,637 [pool-433-thread-1] INFO  server.RaftServerConfigKeys (ConfUtils.java:logGet(43)) - raft.server.retrycache.expirytime = 600000ms (custom)
2019-10-10 21:30:24,638 [pool-433-thread-1] INFO  impl.RaftServerImpl (RaftServerImpl.java:start(181)) - e61aa4c9-9e36-4fbd-bed7-4f2c6afaf8f9@group-120B99DD4878: start as a follower, conf=-1: [e61aa4c9-9e36-4fbd-bed7-4f2c6afaf8f9:192.168.157.203:42373], old=null
2019-10-10 21:30:24,638 [pool-433-thread-1] INFO  impl.RaftServerImpl (RaftServerImpl.java:setRole(170)) - e61aa4c9-9e36-4fbd-bed7-4f2c6afaf8f9@group-120B99DD4878: changes role from      null to FOLLOWER at term 0 for startAsFollower
2019-10-10 21:30:24,638 [pool-433-thread-1] INFO  impl.RoleInfo (RoleInfo.java:updateAndGet(143)) - e61aa4c9-9e36-4fbd-bed7-4f2c6afaf8f9: start FollowerState
2019-10-10 21:30:24,638 [pool-433-thread-1] INFO  util.JmxRegister (JmxRegister.java:tryRegister(44)) - Successfully registered JMX Bean with object name Ratis:service=RaftServer,group=group-120B99DD4878,id=e61aa4c9-9e36-4fbd-bed7-4f2c6afaf8f9
2019-10-10 21:30:24,642 [RatisPipelineUtilsThread] INFO  pipeline.PipelineStateManager (PipelineStateManager.java:addPipeline(56)) - Created pipeline Pipeline[ Id: fca28ab3-9ca6-4483-a293-120b99dd4878, Nodes: e61aa4c9-9e36-4fbd-bed7-4f2c6afaf8f9{ip: 192.168.157.203, host: pr-hdds-1986-lk2hz-517324276, networkLocation: /default-rack, certSerialId: null}, Type:RATIS, Factor:ONE, State:OPEN]
2019-10-10 21:30:24,665 [grpc-default-executor-2] INFO  impl.RaftServerProxy (RaftServerProxy.java:addNew(89)) - 1142a9ab-ee46-4293-9093-2a1cd345c012: addNew group-6BCE7901DEF2:[1142a9ab-ee46-4293-9093-2a1cd345c012:192.168.157.203:43803, e61aa4c9-9e36-4fbd-bed7-4f2c6afaf8f9:192.168.157.203:42373, 607904f6-5de8-4d83-b69c-765b1e74f43c:192.168.157.203:33426] returns group-6BCE7901DEF2:java.util.concurrent.CompletableFuture@626bdc43[Not completed]
2019-10-10 21:30:24,665 [grpc-default-executor-4] INFO  impl.RaftServerProxy (RaftServerProxy.java:addNew(89)) - e61aa4c9-9e36-4fbd-bed7-4f2c6afaf8f9: addNew group-6BCE7901DEF2:[1142a9ab-ee46-4293-9093-2a1cd345c012:192.168.157.203:43803, e61aa4c9-9e36-4fbd-bed7-4f2c6afaf8f9:192.168.157.203:42373, 607904f6-5de8-4d83-b69c-765b1e74f43c:192.168.157.203:33426] returns group-6BCE7901DEF2:java.util.concurrent.CompletableFuture@533e0171[Not completed]
2019-10-10 21:30:24,665 [grpc-default-executor-7] INFO  impl.RaftServerProxy (RaftServerProxy.java:addNew(89)) - 607904f6-5de8-4d83-b69c-765b1e74f43c: addNew group-6BCE7901DEF2:[1142a9ab-ee46-4293-9093-2a1cd345c012:192.168.157.203:43803, e61aa4c9-9e36-4fbd-bed7-4f2c6afaf8f9:192.168.157.203:42373, 607904f6-5de8-4d83-b69c-765b1e74f43c:192.168.157.203:33426] returns group-6BCE7901DEF2:java.util.concurrent.CompletableFuture@3fd8a43f[Not completed]
2019-10-10 21:30:24,666 [pool-423-thread-1] INFO  impl.RaftServerImpl (RaftServerImpl.java:<init>(95)) - 1142a9ab-ee46-4293-9093-2a1cd345c012: new RaftServerImpl for group-6BCE7901DEF2:[1142a9ab-ee46-4293-9093-2a1cd345c012:192.168.157.203:43803, e61aa4c9-9e36-4fbd-bed7-4f2c6afaf8f9:192.168.157.203:42373, 607904f6-5de8-4d83-b69c-765b1e74f43c:192.168.157.203:33426] with ContainerStateMachine:uninitialized
2019-10-10 21:30:24,666 [pool-423-thread-1] INFO  server.RaftServerConfigKeys (ConfUtils.java:logGet(43)) - raft.server.rpc.timeout.min = 5s (custom)
2019-10-10 21:30:24,666 [pool-423-thread-1] INFO  server.RaftServerConfigKeys (ConfUtils.java:logGet(43)) - raft.server.rpc.timeout.max = 5200ms (custom)
2019-10-10 21:30:24,667 [pool-423-thread-1] INFO  server.RaftServerConfigKeys (ConfUtils.java:logGet(43)) - raft.server.rpcslowness.timeout = 120s (custom)
2019-10-10 21:30:24,667 [pool-413-thread-1] INFO  impl.RaftServerImpl (RaftServerImpl.java:<init>(95)) - 607904f6-5de8-4d83-b69c-765b1e74f43c: new RaftServerImpl for group-6BCE7901DEF2:[1142a9ab-ee46-4293-9093-2a1cd345c012:192.168.157.203:43803, e61aa4c9-9e36-4fbd-bed7-4f2c6afaf8f9:192.168.157.203:42373, 607904f6-5de8-4d83-b69c-765b1e74f43c:192.168.157.203:33426] with ContainerStateMachine:uninitialized
2019-10-10 21:30:24,667 [pool-423-thread-1] INFO  server.RaftServerConfigKeys (ConfUtils.java:logGet(43)) - raft.server.sleep.deviation.threshold = 300 (default)
2019-10-10 21:30:24,667 [pool-413-thread-1] INFO  server.RaftServerConfigKeys (ConfUtils.java:logGet(43)) - raft.server.rpc.timeout.min = 5s (custom)
2019-10-10 21:30:24,667 [pool-423-thread-1] INFO  server.RaftServerConfigKeys (ConfUtils.java:logGet(43)) - raft.server.log.appender.install.snapshot.enabled = false (custom)
2019-10-10 21:30:24,667 [pool-413-thread-1] INFO  server.RaftServerConfigKeys (ConfUtils.java:logGet(43)) - raft.server.rpc.timeout.max = 5200ms (custom)
2019-10-10 21:30:24,667 [pool-423-thread-1] INFO  impl.RaftServerImpl (ServerState.java:<init>(103)) - 1142a9ab-ee46-4293-9093-2a1cd345c012@group-6BCE7901DEF2: ConfigurationManager, init=-1: [1142a9ab-ee46-4293-9093-2a1cd345c012:192.168.157.203:43803, e61aa4c9-9e36-4fbd-bed7-4f2c6afaf8f9:192.168.157.203:42373, 607904f6-5de8-4d83-b69c-765b1e74f43c:192.168.157.203:33426], old=null, confs=<EMPTY_MAP>
2019-10-10 21:30:24,667 [pool-413-thread-1] INFO  server.RaftServerConfigKeys (ConfUtils.java:logGet(43)) - raft.server.rpcslowness.timeout = 120s (custom)
2019-10-10 21:30:24,667 [pool-433-thread-1] INFO  impl.RaftServerImpl (RaftServerImpl.java:<init>(95)) - e61aa4c9-9e36-4fbd-bed7-4f2c6afaf8f9: new RaftServerImpl for group-6BCE7901DEF2:[1142a9ab-ee46-4293-9093-2a1cd345c012:192.168.157.203:43803, e61aa4c9-9e36-4fbd-bed7-4f2c6afaf8f9:192.168.157.203:42373, 607904f6-5de8-4d83-b69c-765b1e74f43c:192.168.157.203:33426] with ContainerStateMachine:uninitialized
2019-10-10 21:30:24,668 [pool-413-thread-1] INFO  server.RaftServerConfigKeys (ConfUtils.java:logGet(43)) - raft.server.sleep.deviation.threshold = 300 (default)
2019-10-10 21:30:24,668 [pool-413-thread-1] INFO  server.RaftServerConfigKeys (ConfUtils.java:logGet(43)) - raft.server.log.appender.install.snapshot.enabled = false (custom)
2019-10-10 21:30:24,668 [pool-423-thread-1] INFO  server.RaftServerConfigKeys (ConfUtils.java:logGet(43)) - raft.server.storage.dir = [/workdir/hadoop-ozone/integration-test/target/test-dir/MiniOzoneClusterImpl-a1e0fe39-4452-4cf9-86f1-0fc82528131c/datanode-4/data/ratis] (custom)
2019-10-10 21:30:24,668 [pool-413-thread-1] INFO  impl.RaftServerImpl (ServerState.java:<init>(103)) - 607904f6-5de8-4d83-b69c-765b1e74f43c@group-6BCE7901DEF2: ConfigurationManager, init=-1: [1142a9ab-ee46-4293-9093-2a1cd345c012:192.168.157.203:43803, e61aa4c9-9e36-4fbd-bed7-4f2c6afaf8f9:192.168.157.203:42373, 607904f6-5de8-4d83-b69c-765b1e74f43c:192.168.157.203:33426], old=null, confs=<EMPTY_MAP>
2019-10-10 21:30:24,668 [pool-433-thread-1] INFO  server.RaftServerConfigKeys (ConfUtils.java:logGet(43)) - raft.server.rpc.timeout.min = 5s (custom)
2019-10-10 21:30:24,668 [pool-413-thread-1] INFO  server.RaftServerConfigKeys (ConfUtils.java:logGet(43)) - raft.server.storage.dir = [/workdir/hadoop-ozone/integration-test/target/test-dir/MiniOzoneClusterImpl-a1e0fe39-4452-4cf9-86f1-0fc82528131c/datanode-3/data/ratis] (custom)
2019-10-10 21:30:24,668 [pool-423-thread-1] INFO  server.RaftServerConfigKeys (ConfUtils.java:logGet(43)) - raft.server.log.corruption.policy = EXCEPTION (default)
2019-10-10 21:30:24,669 [pool-413-thread-1] INFO  server.RaftServerConfigKeys (ConfUtils.java:logGet(43)) - raft.server.log.corruption.policy = EXCEPTION (default)
2019-10-10 21:30:24,669 [pool-433-thread-1] INFO  server.RaftServerConfigKeys (ConfUtils.java:logGet(43)) - raft.server.rpc.timeout.max = 5200ms (custom)
2019-10-10 21:30:24,669 [pool-413-thread-1] INFO  storage.RaftStorageDirectory (RaftStorageDirectory.java:analyzeStorage(246)) - The storage directory /workdir/hadoop-ozone/integration-test/target/test-dir/MiniOzoneClusterImpl-a1e0fe39-4452-4cf9-86f1-0fc82528131c/datanode-3/data/ratis/3db45b14-9e5e-441e-87e8-6bce7901def2 does not exist. Creating ...
2019-10-10 21:30:24,669 [pool-423-thread-1] INFO  storage.RaftStorageDirectory (RaftStorageDirectory.java:analyzeStorage(246)) - The storage directory /workdir/hadoop-ozone/integration-test/target/test-dir/MiniOzoneClusterImpl-a1e0fe39-4452-4cf9-86f1-0fc82528131c/datanode-4/data/ratis/3db45b14-9e5e-441e-87e8-6bce7901def2 does not exist. Creating ...
2019-10-10 21:30:24,669 [pool-433-thread-1] INFO  server.RaftServerConfigKeys (ConfUtils.java:logGet(43)) - raft.server.rpcslowness.timeout = 120s (custom)
2019-10-10 21:30:24,670 [pool-433-thread-1] INFO  server.RaftServerConfigKeys (ConfUtils.java:logGet(43)) - raft.server.sleep.deviation.threshold = 300 (default)
2019-10-10 21:30:24,670 [pool-433-thread-1] INFO  server.RaftServerConfigKeys (ConfUtils.java:logGet(43)) - raft.server.log.appender.install.snapshot.enabled = false (custom)
2019-10-10 21:30:24,670 [pool-433-thread-1] INFO  impl.RaftServerImpl (ServerState.java:<init>(103)) - e61aa4c9-9e36-4fbd-bed7-4f2c6afaf8f9@group-6BCE7901DEF2: ConfigurationManager, init=-1: [1142a9ab-ee46-4293-9093-2a1cd345c012:192.168.157.203:43803, e61aa4c9-9e36-4fbd-bed7-4f2c6afaf8f9:192.168.157.203:42373, 607904f6-5de8-4d83-b69c-765b1e74f43c:192.168.157.203:33426], old=null, confs=<EMPTY_MAP>
2019-10-10 21:30:24,670 [pool-433-thread-1] INFO  server.RaftServerConfigKeys (ConfUtils.java:logGet(43)) - raft.server.storage.dir = [/workdir/hadoop-ozone/integration-test/target/test-dir/MiniOzoneClusterImpl-a1e0fe39-4452-4cf9-86f1-0fc82528131c/datanode-5/data/ratis] (custom)
2019-10-10 21:30:24,670 [pool-433-thread-1] INFO  server.RaftServerConfigKeys (ConfUtils.java:logGet(43)) - raft.server.log.corruption.policy = EXCEPTION (default)
2019-10-10 21:30:24,671 [pool-433-thread-1] INFO  storage.RaftStorageDirectory (RaftStorageDirectory.java:analyzeStorage(246)) - The storage directory /workdir/hadoop-ozone/integration-test/target/test-dir/MiniOzoneClusterImpl-a1e0fe39-4452-4cf9-86f1-0fc82528131c/datanode-5/data/ratis/3db45b14-9e5e-441e-87e8-6bce7901def2 does not exist. Creating ...
2019-10-10 21:30:24,671 [IPC Server handler 0 on 35981] INFO  net.NetworkTopology (NetworkTopologyImpl.java:add(111)) - Added a new node: /default-rack/da091461-7ad0-4301-a2c7-20bd1b92e5e4
2019-10-10 21:30:24,672 [IPC Server handler 0 on 35981] INFO  node.SCMNodeManager (SCMNodeManager.java:register(268)) - Registered Data node : da091461-7ad0-4301-a2c7-20bd1b92e5e4{ip: 192.168.157.203, host: pr-hdds-1986-lk2hz-517324276, networkLocation: /default-rack, certSerialId: null}
2019-10-10 21:30:24,672 [main] INFO  ozone.MiniOzoneClusterImpl (MiniOzoneClusterImpl.java:lambda$waitForClusterToBeReady$0(147)) - Cluster is ready. Got 7 of 7 DN Heartbeats.
2019-10-10 21:30:24,685 [pool-433-thread-1] INFO  storage.RaftStorageDirectory (RaftStorageDirectory.java:tryLock(328)) - Lock on /workdir/hadoop-ozone/integration-test/target/test-dir/MiniOzoneClusterImpl-a1e0fe39-4452-4cf9-86f1-0fc82528131c/datanode-5/data/ratis/3db45b14-9e5e-441e-87e8-6bce7901def2/in_use.lock acquired by nodename 3080@pr-hdds-1986-lk2hz-517324276
2019-10-10 21:30:24,685 [pool-413-thread-1] INFO  storage.RaftStorageDirectory (RaftStorageDirectory.java:tryLock(328)) - Lock on /workdir/hadoop-ozone/integration-test/target/test-dir/MiniOzoneClusterImpl-a1e0fe39-4452-4cf9-86f1-0fc82528131c/datanode-3/data/ratis/3db45b14-9e5e-441e-87e8-6bce7901def2/in_use.lock acquired by nodename 3080@pr-hdds-1986-lk2hz-517324276
2019-10-10 21:30:24,685 [pool-423-thread-1] INFO  storage.RaftStorageDirectory (RaftStorageDirectory.java:tryLock(328)) - Lock on /workdir/hadoop-ozone/integration-test/target/test-dir/MiniOzoneClusterImpl-a1e0fe39-4452-4cf9-86f1-0fc82528131c/datanode-4/data/ratis/3db45b14-9e5e-441e-87e8-6bce7901def2/in_use.lock acquired by nodename 3080@pr-hdds-1986-lk2hz-517324276
2019-10-10 21:30:24,705 [pool-433-thread-1] INFO  storage.RaftStorage (RaftStorage.java:format(84)) - Storage directory /workdir/hadoop-ozone/integration-test/target/test-dir/MiniOzoneClusterImpl-a1e0fe39-4452-4cf9-86f1-0fc82528131c/datanode-5/data/ratis/3db45b14-9e5e-441e-87e8-6bce7901def2 has been successfully formatted.
2019-10-10 21:30:24,705 [pool-413-thread-1] INFO  storage.RaftStorage (RaftStorage.java:format(84)) - Storage directory /workdir/hadoop-ozone/integration-test/target/test-dir/MiniOzoneClusterImpl-a1e0fe39-4452-4cf9-86f1-0fc82528131c/datanode-3/data/ratis/3db45b14-9e5e-441e-87e8-6bce7901def2 has been successfully formatted.
2019-10-10 21:30:24,705 [pool-423-thread-1] INFO  storage.RaftStorage (RaftStorage.java:format(84)) - Storage directory /workdir/hadoop-ozone/integration-test/target/test-dir/MiniOzoneClusterImpl-a1e0fe39-4452-4cf9-86f1-0fc82528131c/datanode-4/data/ratis/3db45b14-9e5e-441e-87e8-6bce7901def2 has been successfully formatted.
2019-10-10 21:30:24,706 [pool-433-thread-1] INFO  ratis.ContainerStateMachine (ContainerStateMachine.java:loadSnapshot(231)) - group-6BCE7901DEF2: The snapshot info is null. Setting the last applied indexto:(t:0, i:~)
2019-10-10 21:30:24,706 [pool-423-thread-1] INFO  ratis.ContainerStateMachine (ContainerStateMachine.java:loadSnapshot(231)) - group-6BCE7901DEF2: The snapshot info is null. Setting the last applied indexto:(t:0, i:~)
2019-10-10 21:30:24,706 [pool-413-thread-1] INFO  ratis.ContainerStateMachine (ContainerStateMachine.java:loadSnapshot(231)) - group-6BCE7901DEF2: The snapshot info is null. Setting the last applied indexto:(t:0, i:~)
2019-10-10 21:30:24,706 [pool-423-thread-1] INFO  server.RaftServerConfigKeys (ConfUtils.java:logGet(43)) - raft.server.notification.no-leader.timeout = 120s (custom)
2019-10-10 21:30:24,706 [pool-433-thread-1] INFO  server.RaftServerConfigKeys (ConfUtils.java:logGet(43)) - raft.server.notification.no-leader.timeout = 120s (custom)
2019-10-10 21:30:24,706 [pool-423-thread-1] INFO  server.RaftServerConfigKeys (ConfUtils.java:logGet(43)) - raft.server.log.use.memory = false (default)
2019-10-10 21:30:24,706 [pool-413-thread-1] INFO  server.RaftServerConfigKeys (ConfUtils.java:logGet(43)) - raft.server.notification.no-leader.timeout = 120s (custom)
2019-10-10 21:30:24,706 [pool-423-thread-1] INFO  server.RaftServerConfigKeys (ConfUtils.java:logGet(43)) - raft.server.log.purge.gap = 1000000 (custom)
2019-10-10 21:30:24,706 [pool-433-thread-1] INFO  server.RaftServerConfigKeys (ConfUtils.java:logGet(43)) - raft.server.log.use.memory = false (default)
2019-10-10 21:30:24,707 [pool-423-thread-1] INFO  server.RaftServerConfigKeys (ConfUtils.java:logGet(43)) - raft.server.log.appender.buffer.byte-limit = 33554432 (custom)
2019-10-10 21:30:24,707 [pool-413-thread-1] INFO  server.RaftServerConfigKeys (ConfUtils.java:logGet(43)) - raft.server.log.use.memory = false (default)
2019-10-10 21:30:24,707 [pool-423-thread-1] INFO  server.RaftServerConfigKeys (ConfUtils.java:logGet(43)) - raft.server.log.segment.size.max = 1048576 (custom)
2019-10-10 21:30:24,707 [pool-433-thread-1] INFO  server.RaftServerConfigKeys (ConfUtils.java:logGet(43)) - raft.server.log.purge.gap = 1000000 (custom)
2019-10-10 21:30:24,707 [pool-423-thread-1] INFO  server.RaftServerConfigKeys (ConfUtils.java:logGet(43)) - raft.server.log.segment.cache.num.max = 2 (custom)
2019-10-10 21:30:24,707 [pool-413-thread-1] INFO  server.RaftServerConfigKeys (ConfUtils.java:logGet(43)) - raft.server.log.purge.gap = 1000000 (custom)
2019-10-10 21:30:24,707 [pool-423-thread-1] INFO  segmented.SegmentedRaftLogWorker (SegmentedRaftLogWorker.java:<init>(173)) - new 1142a9ab-ee46-4293-9093-2a1cd345c012@group-6BCE7901DEF2-SegmentedRaftLogWorker for RaftStorage:Storage Directory /workdir/hadoop-ozone/integration-test/target/test-dir/MiniOzoneClusterImpl-a1e0fe39-4452-4cf9-86f1-0fc82528131c/datanode-4/data/ratis/3db45b14-9e5e-441e-87e8-6bce7901def2
2019-10-10 21:30:24,707 [pool-433-thread-1] INFO  server.RaftServerConfigKeys (ConfUtils.java:logGet(43)) - raft.server.log.appender.buffer.byte-limit = 33554432 (custom)
2019-10-10 21:30:24,708 [pool-423-thread-1] INFO  server.RaftServerConfigKeys (ConfUtils.java:logGet(43)) - raft.server.log.queue.byte-limit = 2147483647 (custom)
2019-10-10 21:30:24,707 [pool-413-thread-1] INFO  server.RaftServerConfigKeys (ConfUtils.java:logGet(43)) - raft.server.log.appender.buffer.byte-limit = 33554432 (custom)
2019-10-10 21:30:24,708 [pool-423-thread-1] INFO  server.RaftServerConfigKeys (ConfUtils.java:logGet(43)) - raft.server.log.queue.element-limit = 1024 (custom)
2019-10-10 21:30:24,708 [pool-433-thread-1] INFO  server.RaftServerConfigKeys (ConfUtils.java:logGet(43)) - raft.server.log.segment.size.max = 1048576 (custom)
2019-10-10 21:30:24,708 [pool-423-thread-1] INFO  server.RaftServerConfigKeys (ConfUtils.java:logGet(43)) - raft.server.log.segment.size.max = 1048576 (custom)
2019-10-10 21:30:24,708 [pool-413-thread-1] INFO  server.RaftServerConfigKeys (ConfUtils.java:logGet(43)) - raft.server.log.segment.size.max = 1048576 (custom)
2019-10-10 21:30:24,708 [main] INFO  rpc.RpcClient (RpcClient.java:createVolume(272)) - Creating Volume: watchforcommithandlingtest, with jenkins1000 as owner.
2019-10-10 21:30:24,708 [pool-423-thread-1] INFO  server.RaftServerConfigKeys (ConfUtils.java:logGet(43)) - raft.server.log.preallocated.size = 16384 (custom)
2019-10-10 21:30:24,708 [pool-433-thread-1] INFO  server.RaftServerConfigKeys (ConfUtils.java:logGet(43)) - raft.server.log.segment.cache.num.max = 2 (custom)
2019-10-10 21:30:24,709 [pool-423-thread-1] INFO  server.RaftServerConfigKeys (ConfUtils.java:logGet(43)) - raft.server.log.write.buffer.size = 33554432 (custom)
2019-10-10 21:30:24,708 [pool-413-thread-1] INFO  server.RaftServerConfigKeys (ConfUtils.java:logGet(43)) - raft.server.log.segment.cache.num.max = 2 (custom)
2019-10-10 21:30:24,709 [pool-423-thread-1] INFO  server.RaftServerConfigKeys (ConfUtils.java:logGet(43)) - raft.server.log.force.sync.num = 128 (default)
2019-10-10 21:30:24,709 [pool-433-thread-1] INFO  segmented.SegmentedRaftLogWorker (SegmentedRaftLogWorker.java:<init>(173)) - new e61aa4c9-9e36-4fbd-bed7-4f2c6afaf8f9@group-6BCE7901DEF2-SegmentedRaftLogWorker for RaftStorage:Storage Directory /workdir/hadoop-ozone/integration-test/target/test-dir/MiniOzoneClusterImpl-a1e0fe39-4452-4cf9-86f1-0fc82528131c/datanode-5/data/ratis/3db45b14-9e5e-441e-87e8-6bce7901def2
2019-10-10 21:30:24,709 [pool-423-thread-1] INFO  server.RaftServerConfigKeys (ConfUtils.java:logGet(43)) - raft.server.log.statemachine.data.sync = true (default)
2019-10-10 21:30:24,709 [pool-423-thread-1] INFO  server.RaftServerConfigKeys (ConfUtils.java:logGet(43)) - raft.server.log.statemachine.data.sync.timeout = 10s (default)
2019-10-10 21:30:24,710 [pool-423-thread-1] INFO  server.RaftServerConfigKeys (ConfUtils.java:logGet(43)) - raft.server.log.statemachine.data.sync.timeout.retry = -1 (default)
2019-10-10 21:30:24,710 [pool-423-thread-1] INFO  server.RaftServerConfigKeys (ConfUtils.java:logGet(43)) - raft.server.log.statemachine.data.caching.enabled = true (custom)
2019-10-10 21:30:24,709 [pool-413-thread-1] INFO  segmented.SegmentedRaftLogWorker (SegmentedRaftLogWorker.java:<init>(173)) - new 607904f6-5de8-4d83-b69c-765b1e74f43c@group-6BCE7901DEF2-SegmentedRaftLogWorker for RaftStorage:Storage Directory /workdir/hadoop-ozone/integration-test/target/test-dir/MiniOzoneClusterImpl-a1e0fe39-4452-4cf9-86f1-0fc82528131c/datanode-3/data/ratis/3db45b14-9e5e-441e-87e8-6bce7901def2
2019-10-10 21:30:24,710 [pool-423-thread-1] INFO  segmented.SegmentedRaftLogWorker (SegmentedRaftLogWorker.java:lambda$new$0(128)) - 1142a9ab-ee46-4293-9093-2a1cd345c012@group-6BCE7901DEF2-SegmentedRaftLogWorker: flushIndex: setUnconditionally 0 -> -1
2019-10-10 21:30:24,709 [pool-433-thread-1] INFO  server.RaftServerConfigKeys (ConfUtils.java:logGet(43)) - raft.server.log.queue.byte-limit = 2147483647 (custom)
2019-10-10 21:30:24,710 [pool-423-thread-1] INFO  server.RaftServerConfigKeys (ConfUtils.java:logGet(43)) - raft.server.snapshot.auto.trigger.enabled = true (custom)
2019-10-10 21:30:24,710 [pool-413-thread-1] INFO  server.RaftServerConfigKeys (ConfUtils.java:logGet(43)) - raft.server.log.queue.byte-limit = 2147483647 (custom)
2019-10-10 21:30:24,710 [pool-423-thread-1] INFO  server.RaftServerConfigKeys (ConfUtils.java:logGet(43)) - raft.server.snapshot.auto.trigger.threshold = 10000 (custom)
2019-10-10 21:30:24,710 [pool-433-thread-1] INFO  server.RaftServerConfigKeys (ConfUtils.java:logGet(43)) - raft.server.log.queue.element-limit = 1024 (custom)
2019-10-10 21:30:24,711 [pool-423-thread-1] INFO  server.RaftServerConfigKeys (ConfUtils.java:logGet(43)) - raft.server.snapshot.retention.file.num = 5 (custom)
2019-10-10 21:30:24,711 [pool-413-thread-1] INFO  server.RaftServerConfigKeys (ConfUtils.java:logGet(43)) - raft.server.log.queue.element-limit = 1024 (custom)
2019-10-10 21:30:24,711 [pool-423-thread-1] INFO  server.RaftServerConfigKeys (ConfUtils.java:logGet(43)) - raft.server.retrycache.expirytime = 600000ms (custom)
2019-10-10 21:30:24,711 [pool-433-thread-1] INFO  server.RaftServerConfigKeys (ConfUtils.java:logGet(43)) - raft.server.log.segment.size.max = 1048576 (custom)
2019-10-10 21:30:24,711 [pool-413-thread-1] INFO  server.RaftServerConfigKeys (ConfUtils.java:logGet(43)) - raft.server.log.segment.size.max = 1048576 (custom)
2019-10-10 21:30:24,712 [pool-433-thread-1] INFO  server.RaftServerConfigKeys (ConfUtils.java:logGet(43)) - raft.server.log.preallocated.size = 16384 (custom)
2019-10-10 21:30:24,712 [pool-413-thread-1] INFO  server.RaftServerConfigKeys (ConfUtils.java:logGet(43)) - raft.server.log.preallocated.size = 16384 (custom)
2019-10-10 21:30:24,712 [pool-433-thread-1] INFO  server.RaftServerConfigKeys (ConfUtils.java:logGet(43)) - raft.server.log.write.buffer.size = 33554432 (custom)
2019-10-10 21:30:24,712 [pool-413-thread-1] INFO  server.RaftServerConfigKeys (ConfUtils.java:logGet(43)) - raft.server.log.write.buffer.size = 33554432 (custom)
2019-10-10 21:30:24,712 [pool-433-thread-1] INFO  server.RaftServerConfigKeys (ConfUtils.java:logGet(43)) - raft.server.log.force.sync.num = 128 (default)
2019-10-10 21:30:24,712 [pool-413-thread-1] INFO  server.RaftServerConfigKeys (ConfUtils.java:logGet(43)) - raft.server.log.force.sync.num = 128 (default)
2019-10-10 21:30:24,712 [pool-433-thread-1] INFO  server.RaftServerConfigKeys (ConfUtils.java:logGet(43)) - raft.server.log.statemachine.data.sync = true (default)
2019-10-10 21:30:24,713 [pool-413-thread-1] INFO  server.RaftServerConfigKeys (ConfUtils.java:logGet(43)) - raft.server.log.statemachine.data.sync = true (default)
2019-10-10 21:30:24,713 [pool-433-thread-1] INFO  server.RaftServerConfigKeys (ConfUtils.java:logGet(43)) - raft.server.log.statemachine.data.sync.timeout = 10s (default)
2019-10-10 21:30:24,713 [IPC Server handler 2 on 43227] INFO  volume.OMVolumeCreateRequest (OMVolumeCreateRequest.java:validateAndUpdateCache(193)) - created volume:watchforcommithandlingtest for user:jenkins1000
2019-10-10 21:30:24,713 [pool-413-thread-1] INFO  server.RaftServerConfigKeys (ConfUtils.java:logGet(43)) - raft.server.log.statemachine.data.sync.timeout = 10s (default)
2019-10-10 21:30:24,713 [pool-423-thread-1] INFO  impl.RaftServerImpl (RaftServerImpl.java:start(181)) - 1142a9ab-ee46-4293-9093-2a1cd345c012@group-6BCE7901DEF2: start as a follower, conf=-1: [1142a9ab-ee46-4293-9093-2a1cd345c012:192.168.157.203:43803, e61aa4c9-9e36-4fbd-bed7-4f2c6afaf8f9:192.168.157.203:42373, 607904f6-5de8-4d83-b69c-765b1e74f43c:192.168.157.203:33426], old=null
2019-10-10 21:30:24,713 [pool-433-thread-1] INFO  server.RaftServerConfigKeys (ConfUtils.java:logGet(43)) - raft.server.log.statemachine.data.sync.timeout.retry = -1 (default)
2019-10-10 21:30:24,714 [pool-423-thread-1] INFO  impl.RaftServerImpl (RaftServerImpl.java:setRole(170)) - 1142a9ab-ee46-4293-9093-2a1cd345c012@group-6BCE7901DEF2: changes role from      null to FOLLOWER at term 0 for startAsFollower
2019-10-10 21:30:24,713 [pool-413-thread-1] INFO  server.RaftServerConfigKeys (ConfUtils.java:logGet(43)) - raft.server.log.statemachine.data.sync.timeout.retry = -1 (default)
2019-10-10 21:30:24,714 [pool-423-thread-1] INFO  impl.RoleInfo (RoleInfo.java:updateAndGet(143)) - 1142a9ab-ee46-4293-9093-2a1cd345c012: start FollowerState
2019-10-10 21:30:24,714 [pool-433-thread-1] INFO  server.RaftServerConfigKeys (ConfUtils.java:logGet(43)) - raft.server.log.statemachine.data.caching.enabled = true (custom)
2019-10-10 21:30:24,714 [pool-413-thread-1] INFO  server.RaftServerConfigKeys (ConfUtils.java:logGet(43)) - raft.server.log.statemachine.data.caching.enabled = true (custom)
2019-10-10 21:30:24,714 [pool-433-thread-1] INFO  segmented.SegmentedRaftLogWorker (SegmentedRaftLogWorker.java:lambda$new$0(128)) - e61aa4c9-9e36-4fbd-bed7-4f2c6afaf8f9@group-6BCE7901DEF2-SegmentedRaftLogWorker: flushIndex: setUnconditionally 0 -> -1
2019-10-10 21:30:24,714 [pool-423-thread-1] INFO  util.JmxRegister (JmxRegister.java:tryRegister(44)) - Successfully registered JMX Bean with object name Ratis:service=RaftServer,group=group-6BCE7901DEF2,id=1142a9ab-ee46-4293-9093-2a1cd345c012
2019-10-10 21:30:24,715 [pool-413-thread-1] INFO  segmented.SegmentedRaftLogWorker (SegmentedRaftLogWorker.java:lambda$new$0(128)) - 607904f6-5de8-4d83-b69c-765b1e74f43c@group-6BCE7901DEF2-SegmentedRaftLogWorker: flushIndex: setUnconditionally 0 -> -1
2019-10-10 21:30:24,715 [pool-433-thread-1] INFO  server.RaftServerConfigKeys (ConfUtils.java:logGet(43)) - raft.server.snapshot.auto.trigger.enabled = true (custom)
2019-10-10 21:30:24,715 [pool-433-thread-1] INFO  server.RaftServerConfigKeys (ConfUtils.java:logGet(43)) - raft.server.snapshot.auto.trigger.threshold = 10000 (custom)
2019-10-10 21:30:24,715 [pool-413-thread-1] INFO  server.RaftServerConfigKeys (ConfUtils.java:logGet(43)) - raft.server.snapshot.auto.trigger.enabled = true (custom)
2019-10-10 21:30:24,715 [pool-433-thread-1] INFO  server.RaftServerConfigKeys (ConfUtils.java:logGet(43)) - raft.server.snapshot.retention.file.num = 5 (custom)
2019-10-10 21:30:24,715 [pool-413-thread-1] INFO  server.RaftServerConfigKeys (ConfUtils.java:logGet(43)) - raft.server.snapshot.auto.trigger.threshold = 10000 (custom)
2019-10-10 21:30:24,715 [pool-433-thread-1] INFO  server.RaftServerConfigKeys (ConfUtils.java:logGet(43)) - raft.server.retrycache.expirytime = 600000ms (custom)
2019-10-10 21:30:24,715 [pool-413-thread-1] INFO  server.RaftServerConfigKeys (ConfUtils.java:logGet(43)) - raft.server.snapshot.retention.file.num = 5 (custom)
2019-10-10 21:30:24,719 [pool-413-thread-1] INFO  server.RaftServerConfigKeys (ConfUtils.java:logGet(43)) - raft.server.retrycache.expirytime = 600000ms (custom)
2019-10-10 21:30:24,732 [main] INFO  rpc.RpcClient (RpcClient.java:createBucket(411)) - Creating Bucket: watchforcommithandlingtest/watchforcommithandlingtest, with Versioning false and Storage Type set to DISK and Encryption set to false 
2019-10-10 21:30:24,732 [pool-433-thread-1] INFO  impl.RaftServerImpl (RaftServerImpl.java:start(181)) - e61aa4c9-9e36-4fbd-bed7-4f2c6afaf8f9@group-6BCE7901DEF2: start as a follower, conf=-1: [1142a9ab-ee46-4293-9093-2a1cd345c012:192.168.157.203:43803, e61aa4c9-9e36-4fbd-bed7-4f2c6afaf8f9:192.168.157.203:42373, 607904f6-5de8-4d83-b69c-765b1e74f43c:192.168.157.203:33426], old=null
2019-10-10 21:30:24,733 [pool-433-thread-1] INFO  impl.RaftServerImpl (RaftServerImpl.java:setRole(170)) - e61aa4c9-9e36-4fbd-bed7-4f2c6afaf8f9@group-6BCE7901DEF2: changes role from      null to FOLLOWER at term 0 for startAsFollower
2019-10-10 21:30:24,733 [pool-433-thread-1] INFO  impl.RoleInfo (RoleInfo.java:updateAndGet(143)) - e61aa4c9-9e36-4fbd-bed7-4f2c6afaf8f9: start FollowerState
2019-10-10 21:30:24,733 [pool-433-thread-1] INFO  util.JmxRegister (JmxRegister.java:tryRegister(44)) - Successfully registered JMX Bean with object name Ratis:service=RaftServer,group=group-6BCE7901DEF2,id=e61aa4c9-9e36-4fbd-bed7-4f2c6afaf8f9
2019-10-10 21:30:24,733 [pool-413-thread-1] INFO  impl.RaftServerImpl (RaftServerImpl.java:start(181)) - 607904f6-5de8-4d83-b69c-765b1e74f43c@group-6BCE7901DEF2: start as a follower, conf=-1: [1142a9ab-ee46-4293-9093-2a1cd345c012:192.168.157.203:43803, e61aa4c9-9e36-4fbd-bed7-4f2c6afaf8f9:192.168.157.203:42373, 607904f6-5de8-4d83-b69c-765b1e74f43c:192.168.157.203:33426], old=null
2019-10-10 21:30:24,733 [pool-413-thread-1] INFO  impl.RaftServerImpl (RaftServerImpl.java:setRole(170)) - 607904f6-5de8-4d83-b69c-765b1e74f43c@group-6BCE7901DEF2: changes role from      null to FOLLOWER at term 0 for startAsFollower
2019-10-10 21:30:24,733 [pool-413-thread-1] INFO  impl.RoleInfo (RoleInfo.java:updateAndGet(143)) - 607904f6-5de8-4d83-b69c-765b1e74f43c: start FollowerState
2019-10-10 21:30:24,737 [pool-413-thread-1] INFO  util.JmxRegister (JmxRegister.java:tryRegister(44)) - Successfully registered JMX Bean with object name Ratis:service=RaftServer,group=group-6BCE7901DEF2,id=607904f6-5de8-4d83-b69c-765b1e74f43c
2019-10-10 21:30:24,737 [main] INFO  ozone.MiniOzoneClusterImpl (MiniOzoneClusterImpl.java:getStorageContainerLocationClient(234)) - Creating StorageContainerLocationProtocol RPC client with address /0.0.0.0:46612
2019-10-10 21:30:24,740 [RatisPipelineUtilsThread] INFO  pipeline.PipelineStateManager (PipelineStateManager.java:addPipeline(56)) - Created pipeline Pipeline[ Id: 3db45b14-9e5e-441e-87e8-6bce7901def2, Nodes: e61aa4c9-9e36-4fbd-bed7-4f2c6afaf8f9{ip: 192.168.157.203, host: pr-hdds-1986-lk2hz-517324276, networkLocation: /default-rack, certSerialId: null}1142a9ab-ee46-4293-9093-2a1cd345c012{ip: 192.168.157.203, host: pr-hdds-1986-lk2hz-517324276, networkLocation: /default-rack, certSerialId: null}607904f6-5de8-4d83-b69c-765b1e74f43c{ip: 192.168.157.203, host: pr-hdds-1986-lk2hz-517324276, networkLocation: /default-rack, certSerialId: null}, Type:RATIS, Factor:THREE, State:OPEN]
2019-10-10 21:30:25,310 [grpc-default-executor-2] WARN  server.GrpcLogAppender (LogUtils.java:warn(134)) - a900087f-503e-4321-861c-2daca883c610@group-4429540AD53A->dfe184d8-5e71-4515-9f68-a36fd788b5f0-AppendLogResponseHandler: Failed appendEntries: org.apache.ratis.thirdparty.io.grpc.StatusRuntimeException: UNAVAILABLE: io exception
2019-10-10 21:30:25,310 [grpc-default-executor-6] WARN  server.GrpcLogAppender (LogUtils.java:warn(134)) - a900087f-503e-4321-861c-2daca883c610@group-4429540AD53A->b53b5c8e-5e67-456c-afc2-42f0810f9e11-AppendLogResponseHandler: Failed appendEntries: org.apache.ratis.thirdparty.io.grpc.StatusRuntimeException: UNAVAILABLE: io exception
2019-10-10 21:30:25,310 [grpc-default-executor-2] INFO  impl.FollowerInfo (FollowerInfo.java:lambda$new$0(51)) - a900087f-503e-4321-861c-2daca883c610@group-4429540AD53A->dfe184d8-5e71-4515-9f68-a36fd788b5f0: nextIndex: updateUnconditionally 0 -> 0
2019-10-10 21:30:25,311 [grpc-default-executor-6] INFO  impl.FollowerInfo (FollowerInfo.java:lambda$new$0(51)) - a900087f-503e-4321-861c-2daca883c610@group-4429540AD53A->b53b5c8e-5e67-456c-afc2-42f0810f9e11: nextIndex: updateUnconditionally 0 -> 0
2019-10-10 21:30:27,128 [Thread-2307] INFO  container.ReplicationManager (ReplicationManager.java:start(162)) - Starting Replication Monitor Thread.
2019-10-10 21:30:27,133 [ReplicationMonitor] INFO  container.ReplicationManager (ReplicationManager.java:run(225)) - Replication Monitor Thread took 1 milliseconds for processing 1 containers.
2019-10-10 21:30:27,811 [grpc-default-executor-0] WARN  server.GrpcLogAppender (LogUtils.java:warn(134)) - a900087f-503e-4321-861c-2daca883c610@group-4429540AD53A->b53b5c8e-5e67-456c-afc2-42f0810f9e11-AppendLogResponseHandler: Failed appendEntries: org.apache.ratis.thirdparty.io.grpc.StatusRuntimeException: UNAVAILABLE: io exception
2019-10-10 21:30:27,811 [grpc-default-executor-2] WARN  server.GrpcLogAppender (LogUtils.java:warn(134)) - a900087f-503e-4321-861c-2daca883c610@group-4429540AD53A->dfe184d8-5e71-4515-9f68-a36fd788b5f0-AppendLogResponseHandler: Failed appendEntries: org.apache.ratis.thirdparty.io.grpc.StatusRuntimeException: UNAVAILABLE: io exception
2019-10-10 21:30:27,811 [grpc-default-executor-0] INFO  impl.FollowerInfo (FollowerInfo.java:lambda$new$0(51)) - a900087f-503e-4321-861c-2daca883c610@group-4429540AD53A->b53b5c8e-5e67-456c-afc2-42f0810f9e11: nextIndex: updateUnconditionally 0 -> 0
2019-10-10 21:30:27,811 [grpc-default-executor-2] INFO  impl.FollowerInfo (FollowerInfo.java:lambda$new$0(51)) - a900087f-503e-4321-861c-2daca883c610@group-4429540AD53A->dfe184d8-5e71-4515-9f68-a36fd788b5f0: nextIndex: updateUnconditionally 0 -> 0
2019-10-10 21:30:29,211 [Thread-2309] INFO  impl.FollowerState (FollowerState.java:run(108)) - b4c5c9e1-3835-4852-a62b-9f142dfef2cb@group-9B469194C236-FollowerState: change to CANDIDATE, lastRpcTime:5037ms, electionTimeout:5037ms
2019-10-10 21:30:29,211 [Thread-2309] INFO  impl.RoleInfo (RoleInfo.java:shutdownFollowerState(121)) - b4c5c9e1-3835-4852-a62b-9f142dfef2cb: shutdown FollowerState
2019-10-10 21:30:29,211 [Thread-2309] INFO  impl.RaftServerImpl (RaftServerImpl.java:setRole(170)) - b4c5c9e1-3835-4852-a62b-9f142dfef2cb@group-9B469194C236: changes role from  FOLLOWER to CANDIDATE at term 0 for changeToCandidate
2019-10-10 21:30:29,212 [Thread-2309] INFO  impl.RoleInfo (RoleInfo.java:updateAndGet(143)) - b4c5c9e1-3835-4852-a62b-9f142dfef2cb: start LeaderElection
2019-10-10 21:30:29,237 [b4c5c9e1-3835-4852-a62b-9f142dfef2cb@group-9B469194C236-LeaderElection81] INFO  impl.LeaderElection (LeaderElection.java:askForVotes(178)) - b4c5c9e1-3835-4852-a62b-9f142dfef2cb@group-9B469194C236-LeaderElection81: begin an election at term 1 for -1: [b4c5c9e1-3835-4852-a62b-9f142dfef2cb:192.168.157.203:40038], old=null
2019-10-10 21:30:29,237 [b4c5c9e1-3835-4852-a62b-9f142dfef2cb@group-9B469194C236-LeaderElection81] INFO  impl.RoleInfo (RoleInfo.java:shutdownLeaderElection(134)) - b4c5c9e1-3835-4852-a62b-9f142dfef2cb: shutdown LeaderElection
2019-10-10 21:30:29,238 [b4c5c9e1-3835-4852-a62b-9f142dfef2cb@group-9B469194C236-LeaderElection81] INFO  impl.RaftServerImpl (RaftServerImpl.java:setRole(170)) - b4c5c9e1-3835-4852-a62b-9f142dfef2cb@group-9B469194C236: changes role from CANDIDATE to LEADER at term 1 for changeToLeader
2019-10-10 21:30:29,238 [b4c5c9e1-3835-4852-a62b-9f142dfef2cb@group-9B469194C236-LeaderElection81] INFO  impl.RaftServerImpl (ServerState.java:setLeader(255)) - b4c5c9e1-3835-4852-a62b-9f142dfef2cb@group-9B469194C236: change Leader from null to b4c5c9e1-3835-4852-a62b-9f142dfef2cb at term 1 for becomeLeader, leader elected after 5070ms
2019-10-10 21:30:29,238 [b4c5c9e1-3835-4852-a62b-9f142dfef2cb@group-9B469194C236-LeaderElection81] INFO  server.RaftServerConfigKeys (ConfUtils.java:logGet(43)) - raft.server.staging.catchup.gap = 1000 (default)
2019-10-10 21:30:29,238 [b4c5c9e1-3835-4852-a62b-9f142dfef2cb@group-9B469194C236-LeaderElection81] INFO  server.RaftServerConfigKeys (ConfUtils.java:logGet(43)) - raft.server.rpc.sleep.time = 25ms (default)
2019-10-10 21:30:29,239 [b4c5c9e1-3835-4852-a62b-9f142dfef2cb@group-9B469194C236-LeaderElection81] INFO  server.RaftServerConfigKeys (ConfUtils.java:logGet(43)) - raft.server.write.element-limit = 4096 (default)
2019-10-10 21:30:29,239 [b4c5c9e1-3835-4852-a62b-9f142dfef2cb@group-9B469194C236-LeaderElection81] INFO  server.RaftServerConfigKeys (ConfUtils.java:logGet(43)) - raft.server.watch.timeout = 10s (default)
2019-10-10 21:30:29,239 [b4c5c9e1-3835-4852-a62b-9f142dfef2cb@group-9B469194C236-LeaderElection81] INFO  server.RaftServerConfigKeys (ConfUtils.java:logGet(43)) - raft.server.watch.timeout.denomination = 1s (default)
2019-10-10 21:30:29,239 [b4c5c9e1-3835-4852-a62b-9f142dfef2cb@group-9B469194C236-LeaderElection81] INFO  server.RaftServerConfigKeys (ConfUtils.java:logGet(43)) - raft.server.watch.element-limit = 65536 (default)
2019-10-10 21:30:29,242 [b4c5c9e1-3835-4852-a62b-9f142dfef2cb@group-9B469194C236-LeaderElection81] INFO  impl.RoleInfo (RoleInfo.java:updateAndGet(143)) - b4c5c9e1-3835-4852-a62b-9f142dfef2cb: start LeaderState
2019-10-10 21:30:29,243 [b4c5c9e1-3835-4852-a62b-9f142dfef2cb@group-9B469194C236-LeaderElection81] INFO  segmented.SegmentedRaftLogWorker (SegmentedRaftLogWorker.java:startLogSegment(385)) - b4c5c9e1-3835-4852-a62b-9f142dfef2cb@group-9B469194C236-SegmentedRaftLogWorker: Starting segment from index:0
2019-10-10 21:30:29,244 [b4c5c9e1-3835-4852-a62b-9f142dfef2cb@group-9B469194C236-LeaderElection81] INFO  impl.RaftServerImpl (ServerState.java:setRaftConf(356)) - b4c5c9e1-3835-4852-a62b-9f142dfef2cb@group-9B469194C236: set configuration 0: [b4c5c9e1-3835-4852-a62b-9f142dfef2cb:192.168.157.203:40038], old=null at 0
2019-10-10 21:30:29,289 [b4c5c9e1-3835-4852-a62b-9f142dfef2cb@group-9B469194C236-SegmentedRaftLogWorker] INFO  segmented.SegmentedRaftLogWorker (SegmentedRaftLogWorker.java:execute(574)) - b4c5c9e1-3835-4852-a62b-9f142dfef2cb@group-9B469194C236-SegmentedRaftLogWorker: created new log segment /workdir/hadoop-ozone/integration-test/target/test-dir/MiniOzoneClusterImpl-a1e0fe39-4452-4cf9-86f1-0fc82528131c/datanode-0/data/ratis/daa25529-0b89-4055-915c-9b469194c236/current/log_inprogress_0
2019-10-10 21:30:29,344 [Thread-2315] INFO  impl.FollowerState (FollowerState.java:run(108)) - ca1409e4-20e3-45f1-b1dc-bf04268b53eb@group-2E88647AF736-FollowerState: change to CANDIDATE, lastRpcTime:5012ms, electionTimeout:5012ms
2019-10-10 21:30:29,344 [Thread-2315] INFO  impl.RoleInfo (RoleInfo.java:shutdownFollowerState(121)) - ca1409e4-20e3-45f1-b1dc-bf04268b53eb: shutdown FollowerState
2019-10-10 21:30:29,344 [Thread-2315] INFO  impl.RaftServerImpl (RaftServerImpl.java:setRole(170)) - ca1409e4-20e3-45f1-b1dc-bf04268b53eb@group-2E88647AF736: changes role from  FOLLOWER to CANDIDATE at term 0 for changeToCandidate
2019-10-10 21:30:29,344 [Thread-2315] INFO  impl.RoleInfo (RoleInfo.java:updateAndGet(143)) - ca1409e4-20e3-45f1-b1dc-bf04268b53eb: start LeaderElection
2019-10-10 21:30:29,366 [ca1409e4-20e3-45f1-b1dc-bf04268b53eb@group-2E88647AF736-LeaderElection82] INFO  impl.LeaderElection (LeaderElection.java:askForVotes(178)) - ca1409e4-20e3-45f1-b1dc-bf04268b53eb@group-2E88647AF736-LeaderElection82: begin an election at term 1 for -1: [ca1409e4-20e3-45f1-b1dc-bf04268b53eb:192.168.157.203:45955], old=null
2019-10-10 21:30:29,366 [ca1409e4-20e3-45f1-b1dc-bf04268b53eb@group-2E88647AF736-LeaderElection82] INFO  impl.RoleInfo (RoleInfo.java:shutdownLeaderElection(134)) - ca1409e4-20e3-45f1-b1dc-bf04268b53eb: shutdown LeaderElection
2019-10-10 21:30:29,366 [ca1409e4-20e3-45f1-b1dc-bf04268b53eb@group-2E88647AF736-LeaderElection82] INFO  impl.RaftServerImpl (RaftServerImpl.java:setRole(170)) - ca1409e4-20e3-45f1-b1dc-bf04268b53eb@group-2E88647AF736: changes role from CANDIDATE to LEADER at term 1 for changeToLeader
2019-10-10 21:30:29,366 [ca1409e4-20e3-45f1-b1dc-bf04268b53eb@group-2E88647AF736-LeaderElection82] INFO  impl.RaftServerImpl (ServerState.java:setLeader(255)) - ca1409e4-20e3-45f1-b1dc-bf04268b53eb@group-2E88647AF736: change Leader from null to ca1409e4-20e3-45f1-b1dc-bf04268b53eb at term 1 for becomeLeader, leader elected after 5042ms
2019-10-10 21:30:29,367 [ca1409e4-20e3-45f1-b1dc-bf04268b53eb@group-2E88647AF736-LeaderElection82] INFO  server.RaftServerConfigKeys (ConfUtils.java:logGet(43)) - raft.server.staging.catchup.gap = 1000 (default)
2019-10-10 21:30:29,367 [ca1409e4-20e3-45f1-b1dc-bf04268b53eb@group-2E88647AF736-LeaderElection82] INFO  server.RaftServerConfigKeys (ConfUtils.java:logGet(43)) - raft.server.rpc.sleep.time = 25ms (default)
2019-10-10 21:30:29,367 [ca1409e4-20e3-45f1-b1dc-bf04268b53eb@group-2E88647AF736-LeaderElection82] INFO  server.RaftServerConfigKeys (ConfUtils.java:logGet(43)) - raft.server.write.element-limit = 4096 (default)
2019-10-10 21:30:29,367 [ca1409e4-20e3-45f1-b1dc-bf04268b53eb@group-2E88647AF736-LeaderElection82] INFO  server.RaftServerConfigKeys (ConfUtils.java:logGet(43)) - raft.server.watch.timeout = 10s (default)
2019-10-10 21:30:29,367 [ca1409e4-20e3-45f1-b1dc-bf04268b53eb@group-2E88647AF736-LeaderElection82] INFO  server.RaftServerConfigKeys (ConfUtils.java:logGet(43)) - raft.server.watch.timeout.denomination = 1s (default)
2019-10-10 21:30:29,367 [ca1409e4-20e3-45f1-b1dc-bf04268b53eb@group-2E88647AF736-LeaderElection82] INFO  server.RaftServerConfigKeys (ConfUtils.java:logGet(43)) - raft.server.watch.element-limit = 65536 (default)
2019-10-10 21:30:29,369 [ca1409e4-20e3-45f1-b1dc-bf04268b53eb@group-2E88647AF736-LeaderElection82] INFO  impl.RoleInfo (RoleInfo.java:updateAndGet(143)) - ca1409e4-20e3-45f1-b1dc-bf04268b53eb: start LeaderState
2019-10-10 21:30:29,369 [ca1409e4-20e3-45f1-b1dc-bf04268b53eb@group-2E88647AF736-LeaderElection82] INFO  segmented.SegmentedRaftLogWorker (SegmentedRaftLogWorker.java:startLogSegment(385)) - ca1409e4-20e3-45f1-b1dc-bf04268b53eb@group-2E88647AF736-SegmentedRaftLogWorker: Starting segment from index:0
2019-10-10 21:30:29,370 [ca1409e4-20e3-45f1-b1dc-bf04268b53eb@group-2E88647AF736-LeaderElection82] INFO  impl.RaftServerImpl (ServerState.java:setRaftConf(356)) - ca1409e4-20e3-45f1-b1dc-bf04268b53eb@group-2E88647AF736: set configuration 0: [ca1409e4-20e3-45f1-b1dc-bf04268b53eb:192.168.157.203:45955], old=null at 0
2019-10-10 21:30:29,376 [Thread-2312] INFO  impl.FollowerState (FollowerState.java:run(108)) - 26fe6874-888a-4f12-b351-94cfb64f8ed1@group-46D64E5C0146-FollowerState: change to CANDIDATE, lastRpcTime:5132ms, electionTimeout:5132ms
2019-10-10 21:30:29,376 [Thread-2312] INFO  impl.RoleInfo (RoleInfo.java:shutdownFollowerState(121)) - 26fe6874-888a-4f12-b351-94cfb64f8ed1: shutdown FollowerState
2019-10-10 21:30:29,376 [Thread-2312] INFO  impl.RaftServerImpl (RaftServerImpl.java:setRole(170)) - 26fe6874-888a-4f12-b351-94cfb64f8ed1@group-46D64E5C0146: changes role from  FOLLOWER to CANDIDATE at term 0 for changeToCandidate
2019-10-10 21:30:29,376 [Thread-2312] INFO  impl.RoleInfo (RoleInfo.java:updateAndGet(143)) - 26fe6874-888a-4f12-b351-94cfb64f8ed1: start LeaderElection
2019-10-10 21:30:29,425 [ca1409e4-20e3-45f1-b1dc-bf04268b53eb@group-2E88647AF736-SegmentedRaftLogWorker] INFO  segmented.SegmentedRaftLogWorker (SegmentedRaftLogWorker.java:execute(574)) - ca1409e4-20e3-45f1-b1dc-bf04268b53eb@group-2E88647AF736-SegmentedRaftLogWorker: created new log segment /workdir/hadoop-ozone/integration-test/target/test-dir/MiniOzoneClusterImpl-a1e0fe39-4452-4cf9-86f1-0fc82528131c/datanode-2/data/ratis/d5e24f2d-8bde-4750-944f-2e88647af736/current/log_inprogress_0
2019-10-10 21:30:29,425 [26fe6874-888a-4f12-b351-94cfb64f8ed1@group-46D64E5C0146-LeaderElection83] INFO  impl.LeaderElection (LeaderElection.java:askForVotes(178)) - 26fe6874-888a-4f12-b351-94cfb64f8ed1@group-46D64E5C0146-LeaderElection83: begin an election at term 1 for -1: [26fe6874-888a-4f12-b351-94cfb64f8ed1:192.168.157.203:40941], old=null
2019-10-10 21:30:29,425 [26fe6874-888a-4f12-b351-94cfb64f8ed1@group-46D64E5C0146-LeaderElection83] INFO  impl.RoleInfo (RoleInfo.java:shutdownLeaderElection(134)) - 26fe6874-888a-4f12-b351-94cfb64f8ed1: shutdown LeaderElection
2019-10-10 21:30:29,425 [26fe6874-888a-4f12-b351-94cfb64f8ed1@group-46D64E5C0146-LeaderElection83] INFO  impl.RaftServerImpl (RaftServerImpl.java:setRole(170)) - 26fe6874-888a-4f12-b351-94cfb64f8ed1@group-46D64E5C0146: changes role from CANDIDATE to LEADER at term 1 for changeToLeader
2019-10-10 21:30:29,425 [26fe6874-888a-4f12-b351-94cfb64f8ed1@group-46D64E5C0146-LeaderElection83] INFO  impl.RaftServerImpl (ServerState.java:setLeader(255)) - 26fe6874-888a-4f12-b351-94cfb64f8ed1@group-46D64E5C0146: change Leader from null to 26fe6874-888a-4f12-b351-94cfb64f8ed1 at term 1 for becomeLeader, leader elected after 5188ms
2019-10-10 21:30:29,425 [26fe6874-888a-4f12-b351-94cfb64f8ed1@group-46D64E5C0146-LeaderElection83] INFO  server.RaftServerConfigKeys (ConfUtils.java:logGet(43)) - raft.server.staging.catchup.gap = 1000 (default)
2019-10-10 21:30:29,426 [26fe6874-888a-4f12-b351-94cfb64f8ed1@group-46D64E5C0146-LeaderElection83] INFO  server.RaftServerConfigKeys (ConfUtils.java:logGet(43)) - raft.server.rpc.sleep.time = 25ms (default)
2019-10-10 21:30:29,426 [26fe6874-888a-4f12-b351-94cfb64f8ed1@group-46D64E5C0146-LeaderElection83] INFO  server.RaftServerConfigKeys (ConfUtils.java:logGet(43)) - raft.server.write.element-limit = 4096 (default)
2019-10-10 21:30:29,426 [26fe6874-888a-4f12-b351-94cfb64f8ed1@group-46D64E5C0146-LeaderElection83] INFO  server.RaftServerConfigKeys (ConfUtils.java:logGet(43)) - raft.server.watch.timeout = 10s (default)
2019-10-10 21:30:29,426 [26fe6874-888a-4f12-b351-94cfb64f8ed1@group-46D64E5C0146-LeaderElection83] INFO  server.RaftServerConfigKeys (ConfUtils.java:logGet(43)) - raft.server.watch.timeout.denomination = 1s (default)
2019-10-10 21:30:29,426 [26fe6874-888a-4f12-b351-94cfb64f8ed1@group-46D64E5C0146-LeaderElection83] INFO  server.RaftServerConfigKeys (ConfUtils.java:logGet(43)) - raft.server.watch.element-limit = 65536 (default)
2019-10-10 21:30:29,428 [26fe6874-888a-4f12-b351-94cfb64f8ed1@group-46D64E5C0146-LeaderElection83] INFO  impl.RoleInfo (RoleInfo.java:updateAndGet(143)) - 26fe6874-888a-4f12-b351-94cfb64f8ed1: start LeaderState
2019-10-10 21:30:29,428 [26fe6874-888a-4f12-b351-94cfb64f8ed1@group-46D64E5C0146-LeaderElection83] INFO  segmented.SegmentedRaftLogWorker (SegmentedRaftLogWorker.java:startLogSegment(385)) - 26fe6874-888a-4f12-b351-94cfb64f8ed1@group-46D64E5C0146-SegmentedRaftLogWorker: Starting segment from index:0
2019-10-10 21:30:29,429 [26fe6874-888a-4f12-b351-94cfb64f8ed1@group-46D64E5C0146-LeaderElection83] INFO  impl.RaftServerImpl (ServerState.java:setRaftConf(356)) - 26fe6874-888a-4f12-b351-94cfb64f8ed1@group-46D64E5C0146: set configuration 0: [26fe6874-888a-4f12-b351-94cfb64f8ed1:192.168.157.203:40941], old=null at 0
2019-10-10 21:30:29,474 [26fe6874-888a-4f12-b351-94cfb64f8ed1@group-46D64E5C0146-SegmentedRaftLogWorker] INFO  segmented.SegmentedRaftLogWorker (SegmentedRaftLogWorker.java:execute(574)) - 26fe6874-888a-4f12-b351-94cfb64f8ed1@group-46D64E5C0146-SegmentedRaftLogWorker: created new log segment /workdir/hadoop-ozone/integration-test/target/test-dir/MiniOzoneClusterImpl-a1e0fe39-4452-4cf9-86f1-0fc82528131c/datanode-1/data/ratis/db8e3895-170e-409c-814d-46d64e5c0146/current/log_inprogress_0
2019-10-10 21:30:29,527 [Thread-2322] INFO  impl.FollowerState (FollowerState.java:run(108)) - ca1409e4-20e3-45f1-b1dc-bf04268b53eb@group-4F5F5673522D-FollowerState: change to CANDIDATE, lastRpcTime:5129ms, electionTimeout:5129ms
2019-10-10 21:30:29,527 [Thread-2322] INFO  impl.RoleInfo (RoleInfo.java:shutdownFollowerState(121)) - ca1409e4-20e3-45f1-b1dc-bf04268b53eb: shutdown FollowerState
2019-10-10 21:30:29,527 [Thread-2322] INFO  impl.RaftServerImpl (RaftServerImpl.java:setRole(170)) - ca1409e4-20e3-45f1-b1dc-bf04268b53eb@group-4F5F5673522D: changes role from  FOLLOWER to CANDIDATE at term 0 for changeToCandidate
2019-10-10 21:30:29,527 [Thread-2322] INFO  impl.RoleInfo (RoleInfo.java:updateAndGet(143)) - ca1409e4-20e3-45f1-b1dc-bf04268b53eb: start LeaderElection
2019-10-10 21:30:29,552 [ca1409e4-20e3-45f1-b1dc-bf04268b53eb@group-4F5F5673522D-LeaderElection84] INFO  impl.LeaderElection (LeaderElection.java:askForVotes(178)) - ca1409e4-20e3-45f1-b1dc-bf04268b53eb@group-4F5F5673522D-LeaderElection84: begin an election at term 1 for -1: [26fe6874-888a-4f12-b351-94cfb64f8ed1:192.168.157.203:40941, ca1409e4-20e3-45f1-b1dc-bf04268b53eb:192.168.157.203:45955, b4c5c9e1-3835-4852-a62b-9f142dfef2cb:192.168.157.203:40038], old=null
2019-10-10 21:30:29,557 [grpc-default-executor-0] INFO  impl.RaftServerImpl (RaftServerImpl.java:setRole(170)) - 26fe6874-888a-4f12-b351-94cfb64f8ed1@group-4F5F5673522D: changes role from  FOLLOWER to FOLLOWER at term 1 for recognizeCandidate:ca1409e4-20e3-45f1-b1dc-bf04268b53eb
2019-10-10 21:30:29,557 [grpc-default-executor-2] INFO  impl.RaftServerImpl (RaftServerImpl.java:setRole(170)) - b4c5c9e1-3835-4852-a62b-9f142dfef2cb@group-4F5F5673522D: changes role from  FOLLOWER to FOLLOWER at term 1 for recognizeCandidate:ca1409e4-20e3-45f1-b1dc-bf04268b53eb
2019-10-10 21:30:29,558 [grpc-default-executor-0] INFO  impl.RoleInfo (RoleInfo.java:shutdownFollowerState(121)) - 26fe6874-888a-4f12-b351-94cfb64f8ed1: shutdown FollowerState
2019-10-10 21:30:29,558 [Thread-2327] INFO  impl.FollowerState (FollowerState.java:run(108)) - 1142a9ab-ee46-4293-9093-2a1cd345c012@group-AF0E504E44DF-FollowerState: change to CANDIDATE, lastRpcTime:5023ms, electionTimeout:5023ms
2019-10-10 21:30:29,558 [grpc-default-executor-2] INFO  impl.RoleInfo (RoleInfo.java:shutdownFollowerState(121)) - b4c5c9e1-3835-4852-a62b-9f142dfef2cb: shutdown FollowerState
2019-10-10 21:30:29,558 [Thread-2327] INFO  impl.RoleInfo (RoleInfo.java:shutdownFollowerState(121)) - 1142a9ab-ee46-4293-9093-2a1cd345c012: shutdown FollowerState
2019-10-10 21:30:29,558 [Thread-2323] INFO  impl.FollowerState (FollowerState.java:run(117)) - 26fe6874-888a-4f12-b351-94cfb64f8ed1@group-4F5F5673522D-FollowerState was interrupted: java.lang.InterruptedException: sleep interrupted
2019-10-10 21:30:29,558 [grpc-default-executor-0] INFO  impl.RoleInfo (RoleInfo.java:updateAndGet(143)) - 26fe6874-888a-4f12-b351-94cfb64f8ed1: start FollowerState
2019-10-10 21:30:29,558 [Thread-2318] INFO  impl.FollowerState (FollowerState.java:run(117)) - b4c5c9e1-3835-4852-a62b-9f142dfef2cb@group-4F5F5673522D-FollowerState was interrupted: java.lang.InterruptedException: sleep interrupted
2019-10-10 21:30:29,558 [Thread-2327] INFO  impl.RaftServerImpl (RaftServerImpl.java:setRole(170)) - 1142a9ab-ee46-4293-9093-2a1cd345c012@group-AF0E504E44DF: changes role from  FOLLOWER to CANDIDATE at term 0 for changeToCandidate
2019-10-10 21:30:29,558 [grpc-default-executor-2] INFO  impl.RoleInfo (RoleInfo.java:updateAndGet(143)) - b4c5c9e1-3835-4852-a62b-9f142dfef2cb: start FollowerState
2019-10-10 21:30:29,568 [Thread-2327] INFO  impl.RoleInfo (RoleInfo.java:updateAndGet(143)) - 1142a9ab-ee46-4293-9093-2a1cd345c012: start LeaderElection
2019-10-10 21:30:29,584 [Thread-2379] INFO  client.GrpcClientProtocolService (GrpcClientProtocolService.java:lambda$processClientRequest$0(278)) - Failed RaftClientRequest:client-A891BEF82C16->a900087f-503e-4321-861c-2daca883c610@group-4429540AD53A, cid=67, seq=0, Watch-ALL_COMMITTED(88), Message:<EMPTY>, reply=RaftClientReply:client-A891BEF82C16->a900087f-503e-4321-861c-2daca883c610@group-4429540AD53A, cid=67, FAILED org.apache.ratis.protocol.NotReplicatedException: Request with call Id 67 and log index 88 is not yet replicated to ALL_COMMITTED, logIndex=88, commits[a900087f-503e-4321-861c-2daca883c610:c2, b53b5c8e-5e67-456c-afc2-42f0810f9e11:c2, dfe184d8-5e71-4515-9f68-a36fd788b5f0:c2]
2019-10-10 21:30:29,584 [Thread-2380] INFO  client.GrpcClientProtocolService (GrpcClientProtocolService.java:lambda$processClientRequest$0(278)) - Failed RaftClientRequest:client-A891BEF82C16->a900087f-503e-4321-861c-2daca883c610@group-4429540AD53A, cid=68, seq=0, Watch-MAJORITY_COMMITTED(88), Message:<EMPTY>, reply=RaftClientReply:client-A891BEF82C16->a900087f-503e-4321-861c-2daca883c610@group-4429540AD53A, cid=68, FAILED org.apache.ratis.protocol.NotReplicatedException: Request with call Id 68 and log index 88 is not yet replicated to MAJORITY_COMMITTED, logIndex=88, commits[a900087f-503e-4321-861c-2daca883c610:c2, b53b5c8e-5e67-456c-afc2-42f0810f9e11:c2, dfe184d8-5e71-4515-9f68-a36fd788b5f0:c2]
2019-10-10 21:30:29,591 [1142a9ab-ee46-4293-9093-2a1cd345c012@group-AF0E504E44DF-LeaderElection85] INFO  impl.LeaderElection (LeaderElection.java:askForVotes(178)) - 1142a9ab-ee46-4293-9093-2a1cd345c012@group-AF0E504E44DF-LeaderElection85: begin an election at term 1 for -1: [1142a9ab-ee46-4293-9093-2a1cd345c012:192.168.157.203:43803], old=null
2019-10-10 21:30:29,591 [1142a9ab-ee46-4293-9093-2a1cd345c012@group-AF0E504E44DF-LeaderElection85] INFO  impl.RoleInfo (RoleInfo.java:shutdownLeaderElection(134)) - 1142a9ab-ee46-4293-9093-2a1cd345c012: shutdown LeaderElection
2019-10-10 21:30:29,591 [1142a9ab-ee46-4293-9093-2a1cd345c012@group-AF0E504E44DF-LeaderElection85] INFO  impl.RaftServerImpl (RaftServerImpl.java:setRole(170)) - 1142a9ab-ee46-4293-9093-2a1cd345c012@group-AF0E504E44DF: changes role from CANDIDATE to LEADER at term 1 for changeToLeader
2019-10-10 21:30:29,591 [1142a9ab-ee46-4293-9093-2a1cd345c012@group-AF0E504E44DF-LeaderElection85] INFO  impl.RaftServerImpl (ServerState.java:setLeader(255)) - 1142a9ab-ee46-4293-9093-2a1cd345c012@group-AF0E504E44DF: change Leader from null to 1142a9ab-ee46-4293-9093-2a1cd345c012 at term 1 for becomeLeader, leader elected after 5062ms
2019-10-10 21:30:29,591 [1142a9ab-ee46-4293-9093-2a1cd345c012@group-AF0E504E44DF-LeaderElection85] INFO  server.RaftServerConfigKeys (ConfUtils.java:logGet(43)) - raft.server.staging.catchup.gap = 1000 (default)
2019-10-10 21:30:29,591 [1142a9ab-ee46-4293-9093-2a1cd345c012@group-AF0E504E44DF-LeaderElection85] INFO  server.RaftServerConfigKeys (ConfUtils.java:logGet(43)) - raft.server.rpc.sleep.time = 25ms (default)
2019-10-10 21:30:29,591 [ca1409e4-20e3-45f1-b1dc-bf04268b53eb@group-4F5F5673522D-LeaderElection84] INFO  impl.LeaderElection (LeaderElection.java:logAndReturn(56)) - ca1409e4-20e3-45f1-b1dc-bf04268b53eb@group-4F5F5673522D-LeaderElection84: Election PASSED; received 1 response(s) [ca1409e4-20e3-45f1-b1dc-bf04268b53eb<-b4c5c9e1-3835-4852-a62b-9f142dfef2cb#0:OK-t1] and 0 exception(s); ca1409e4-20e3-45f1-b1dc-bf04268b53eb@group-4F5F5673522D:t1, leader=null, voted=ca1409e4-20e3-45f1-b1dc-bf04268b53eb, raftlog=ca1409e4-20e3-45f1-b1dc-bf04268b53eb@group-4F5F5673522D-SegmentedRaftLog:OPENED:c-1,f-1,i0, conf=-1: [26fe6874-888a-4f12-b351-94cfb64f8ed1:192.168.157.203:40941, ca1409e4-20e3-45f1-b1dc-bf04268b53eb:192.168.157.203:45955, b4c5c9e1-3835-4852-a62b-9f142dfef2cb:192.168.157.203:40038], old=null
2019-10-10 21:30:29,592 [1142a9ab-ee46-4293-9093-2a1cd345c012@group-AF0E504E44DF-LeaderElection85] INFO  server.RaftServerConfigKeys (ConfUtils.java:logGet(43)) - raft.server.write.element-limit = 4096 (default)
2019-10-10 21:30:29,592 [ca1409e4-20e3-45f1-b1dc-bf04268b53eb@group-4F5F5673522D-LeaderElection84] INFO  impl.RoleInfo (RoleInfo.java:shutdownLeaderElection(134)) - ca1409e4-20e3-45f1-b1dc-bf04268b53eb: shutdown LeaderElection
2019-10-10 21:30:29,592 [1142a9ab-ee46-4293-9093-2a1cd345c012@group-AF0E504E44DF-LeaderElection85] INFO  server.RaftServerConfigKeys (ConfUtils.java:logGet(43)) - raft.server.watch.timeout = 10s (default)
2019-10-10 21:30:29,592 [ca1409e4-20e3-45f1-b1dc-bf04268b53eb@group-4F5F5673522D-LeaderElection84] INFO  impl.RaftServerImpl (RaftServerImpl.java:setRole(170)) - ca1409e4-20e3-45f1-b1dc-bf04268b53eb@group-4F5F5673522D: changes role from CANDIDATE to LEADER at term 1 for changeToLeader
2019-10-10 21:30:29,592 [1142a9ab-ee46-4293-9093-2a1cd345c012@group-AF0E504E44DF-LeaderElection85] INFO  server.RaftServerConfigKeys (ConfUtils.java:logGet(43)) - raft.server.watch.timeout.denomination = 1s (default)
2019-10-10 21:30:29,592 [ca1409e4-20e3-45f1-b1dc-bf04268b53eb@group-4F5F5673522D-LeaderElection84] INFO  impl.RaftServerImpl (ServerState.java:setLeader(255)) - ca1409e4-20e3-45f1-b1dc-bf04268b53eb@group-4F5F5673522D: change Leader from null to ca1409e4-20e3-45f1-b1dc-bf04268b53eb at term 1 for becomeLeader, leader elected after 5207ms
2019-10-10 21:30:29,592 [1142a9ab-ee46-4293-9093-2a1cd345c012@group-AF0E504E44DF-LeaderElection85] INFO  server.RaftServerConfigKeys (ConfUtils.java:logGet(43)) - raft.server.watch.element-limit = 65536 (default)
2019-10-10 21:30:29,593 [ca1409e4-20e3-45f1-b1dc-bf04268b53eb@group-4F5F5673522D-LeaderElection84] INFO  server.RaftServerConfigKeys (ConfUtils.java:logGet(43)) - raft.server.staging.catchup.gap = 1000 (default)
2019-10-10 21:30:29,593 [ca1409e4-20e3-45f1-b1dc-bf04268b53eb@group-4F5F5673522D-LeaderElection84] INFO  server.RaftServerConfigKeys (ConfUtils.java:logGet(43)) - raft.server.rpc.sleep.time = 25ms (default)
2019-10-10 21:30:29,593 [ca1409e4-20e3-45f1-b1dc-bf04268b53eb@group-4F5F5673522D-LeaderElection84] INFO  server.RaftServerConfigKeys (ConfUtils.java:logGet(43)) - raft.server.write.element-limit = 4096 (default)
2019-10-10 21:30:29,593 [ca1409e4-20e3-45f1-b1dc-bf04268b53eb@group-4F5F5673522D-LeaderElection84] INFO  server.RaftServerConfigKeys (ConfUtils.java:logGet(43)) - raft.server.watch.timeout = 10s (default)
2019-10-10 21:30:29,593 [ca1409e4-20e3-45f1-b1dc-bf04268b53eb@group-4F5F5673522D-LeaderElection84] INFO  server.RaftServerConfigKeys (ConfUtils.java:logGet(43)) - raft.server.watch.timeout.denomination = 1s (default)
2019-10-10 21:30:29,593 [ca1409e4-20e3-45f1-b1dc-bf04268b53eb@group-4F5F5673522D-LeaderElection84] INFO  server.RaftServerConfigKeys (ConfUtils.java:logGet(43)) - raft.server.watch.element-limit = 65536 (default)
2019-10-10 21:30:29,596 [1142a9ab-ee46-4293-9093-2a1cd345c012@group-AF0E504E44DF-LeaderElection85] INFO  impl.RoleInfo (RoleInfo.java:updateAndGet(143)) - 1142a9ab-ee46-4293-9093-2a1cd345c012: start LeaderState
2019-10-10 21:30:29,596 [1142a9ab-ee46-4293-9093-2a1cd345c012@group-AF0E504E44DF-LeaderElection85] INFO  segmented.SegmentedRaftLogWorker (SegmentedRaftLogWorker.java:startLogSegment(385)) - 1142a9ab-ee46-4293-9093-2a1cd345c012@group-AF0E504E44DF-SegmentedRaftLogWorker: Starting segment from index:0
2019-10-10 21:30:29,596 [ca1409e4-20e3-45f1-b1dc-bf04268b53eb@group-4F5F5673522D-LeaderElection84] INFO  server.RaftServerConfigKeys (ConfUtils.java:logGet(43)) - raft.server.log.appender.snapshot.chunk.size.max = 16MB (=16777216) (default)
2019-10-10 21:30:29,597 [ca1409e4-20e3-45f1-b1dc-bf04268b53eb@group-4F5F5673522D-LeaderElection84] INFO  server.RaftServerConfigKeys (ConfUtils.java:logGet(43)) - raft.server.log.appender.buffer.byte-limit = 33554432 (custom)
2019-10-10 21:30:29,597 [1142a9ab-ee46-4293-9093-2a1cd345c012@group-AF0E504E44DF-LeaderElection85] INFO  impl.RaftServerImpl (ServerState.java:setRaftConf(356)) - 1142a9ab-ee46-4293-9093-2a1cd345c012@group-AF0E504E44DF: set configuration 0: [1142a9ab-ee46-4293-9093-2a1cd345c012:192.168.157.203:43803], old=null at 0
2019-10-10 21:30:29,597 [ca1409e4-20e3-45f1-b1dc-bf04268b53eb@group-4F5F5673522D-LeaderElection84] INFO  server.RaftServerConfigKeys (ConfUtils.java:logGet(43)) - raft.server.log.appender.buffer.element-limit = 1 (custom)
2019-10-10 21:30:29,597 [ca1409e4-20e3-45f1-b1dc-bf04268b53eb@group-4F5F5673522D-LeaderElection84] INFO  grpc.GrpcConfigKeys$Server (ConfUtils.java:logGet(43)) - raft.grpc.server.leader.outstanding.appends.max = 128 (default)
2019-10-10 21:30:29,598 [ca1409e4-20e3-45f1-b1dc-bf04268b53eb@group-4F5F5673522D-LeaderElection84] INFO  server.RaftServerConfigKeys (ConfUtils.java:logGet(43)) - raft.server.rpc.request.timeout = 3000ms (default)
2019-10-10 21:30:29,598 [ca1409e4-20e3-45f1-b1dc-bf04268b53eb@group-4F5F5673522D-LeaderElection84] INFO  server.RaftServerConfigKeys (ConfUtils.java:logGet(43)) - raft.server.log.appender.install.snapshot.enabled = false (custom)
2019-10-10 21:30:29,598 [ca1409e4-20e3-45f1-b1dc-bf04268b53eb@group-4F5F5673522D-LeaderElection84] INFO  server.RaftServerConfigKeys (ConfUtils.java:logGet(43)) - raft.server.log.appender.snapshot.chunk.size.max = 16MB (=16777216) (default)
2019-10-10 21:30:29,598 [ca1409e4-20e3-45f1-b1dc-bf04268b53eb@group-4F5F5673522D-LeaderElection84] INFO  server.RaftServerConfigKeys (ConfUtils.java:logGet(43)) - raft.server.log.appender.buffer.byte-limit = 33554432 (custom)
2019-10-10 21:30:29,598 [ca1409e4-20e3-45f1-b1dc-bf04268b53eb@group-4F5F5673522D-LeaderElection84] INFO  server.RaftServerConfigKeys (ConfUtils.java:logGet(43)) - raft.server.log.appender.buffer.element-limit = 1 (custom)
2019-10-10 21:30:29,599 [ca1409e4-20e3-45f1-b1dc-bf04268b53eb@group-4F5F5673522D-LeaderElection84] INFO  grpc.GrpcConfigKeys$Server (ConfUtils.java:logGet(43)) - raft.grpc.server.leader.outstanding.appends.max = 128 (default)
2019-10-10 21:30:29,599 [ca1409e4-20e3-45f1-b1dc-bf04268b53eb@group-4F5F5673522D-LeaderElection84] INFO  server.RaftServerConfigKeys (ConfUtils.java:logGet(43)) - raft.server.rpc.request.timeout = 3000ms (default)
2019-10-10 21:30:29,599 [ca1409e4-20e3-45f1-b1dc-bf04268b53eb@group-4F5F5673522D-LeaderElection84] INFO  server.RaftServerConfigKeys (ConfUtils.java:logGet(43)) - raft.server.log.appender.install.snapshot.enabled = false (custom)
2019-10-10 21:30:29,599 [ca1409e4-20e3-45f1-b1dc-bf04268b53eb@group-4F5F5673522D-LeaderElection84] INFO  impl.RoleInfo (RoleInfo.java:updateAndGet(143)) - ca1409e4-20e3-45f1-b1dc-bf04268b53eb: start LeaderState
2019-10-10 21:30:29,600 [ca1409e4-20e3-45f1-b1dc-bf04268b53eb@group-4F5F5673522D-LeaderElection84] INFO  segmented.SegmentedRaftLogWorker (SegmentedRaftLogWorker.java:startLogSegment(385)) - ca1409e4-20e3-45f1-b1dc-bf04268b53eb@group-4F5F5673522D-SegmentedRaftLogWorker: Starting segment from index:0
2019-10-10 21:30:29,600 [ca1409e4-20e3-45f1-b1dc-bf04268b53eb@group-4F5F5673522D-LeaderElection84] INFO  impl.RaftServerImpl (ServerState.java:setRaftConf(356)) - ca1409e4-20e3-45f1-b1dc-bf04268b53eb@group-4F5F5673522D: set configuration 0: [26fe6874-888a-4f12-b351-94cfb64f8ed1:192.168.157.203:40941, ca1409e4-20e3-45f1-b1dc-bf04268b53eb:192.168.157.203:45955, b4c5c9e1-3835-4852-a62b-9f142dfef2cb:192.168.157.203:40038], old=null at 0
2019-10-10 21:30:29,636 [grpc-default-executor-0] INFO  impl.RaftServerImpl (ServerState.java:setLeader(255)) - b4c5c9e1-3835-4852-a62b-9f142dfef2cb@group-4F5F5673522D: change Leader from null to ca1409e4-20e3-45f1-b1dc-bf04268b53eb at term 1 for appendEntries, leader elected after 5251ms
2019-10-10 21:30:29,637 [Thread-2330] INFO  impl.FollowerState (FollowerState.java:run(108)) - 607904f6-5de8-4d83-b69c-765b1e74f43c@group-23B6044B0455-FollowerState: change to CANDIDATE, lastRpcTime:5053ms, electionTimeout:5024ms
2019-10-10 21:30:29,636 [grpc-default-executor-2] INFO  impl.RaftServerImpl (ServerState.java:setLeader(255)) - 26fe6874-888a-4f12-b351-94cfb64f8ed1@group-4F5F5673522D: change Leader from null to ca1409e4-20e3-45f1-b1dc-bf04268b53eb at term 1 for appendEntries, leader elected after 5251ms
2019-10-10 21:30:29,637 [Thread-2330] INFO  impl.RoleInfo (RoleInfo.java:shutdownFollowerState(121)) - 607904f6-5de8-4d83-b69c-765b1e74f43c: shutdown FollowerState
2019-10-10 21:30:29,637 [Thread-2330] INFO  impl.RaftServerImpl (RaftServerImpl.java:setRole(170)) - 607904f6-5de8-4d83-b69c-765b1e74f43c@group-23B6044B0455: changes role from  FOLLOWER to CANDIDATE at term 0 for changeToCandidate
2019-10-10 21:30:29,637 [Thread-2330] INFO  impl.RoleInfo (RoleInfo.java:updateAndGet(143)) - 607904f6-5de8-4d83-b69c-765b1e74f43c: start LeaderElection
2019-10-10 21:30:29,651 [ca1409e4-20e3-45f1-b1dc-bf04268b53eb@group-4F5F5673522D-SegmentedRaftLogWorker] INFO  segmented.SegmentedRaftLogWorker (SegmentedRaftLogWorker.java:execute(574)) - ca1409e4-20e3-45f1-b1dc-bf04268b53eb@group-4F5F5673522D-SegmentedRaftLogWorker: created new log segment /workdir/hadoop-ozone/integration-test/target/test-dir/MiniOzoneClusterImpl-a1e0fe39-4452-4cf9-86f1-0fc82528131c/datanode-2/data/ratis/9cba90a7-c465-474e-85a8-4f5f5673522d/current/log_inprogress_0
2019-10-10 21:30:29,651 [1142a9ab-ee46-4293-9093-2a1cd345c012@group-AF0E504E44DF-SegmentedRaftLogWorker] INFO  segmented.SegmentedRaftLogWorker (SegmentedRaftLogWorker.java:execute(574)) - 1142a9ab-ee46-4293-9093-2a1cd345c012@group-AF0E504E44DF-SegmentedRaftLogWorker: created new log segment /workdir/hadoop-ozone/integration-test/target/test-dir/MiniOzoneClusterImpl-a1e0fe39-4452-4cf9-86f1-0fc82528131c/datanode-4/data/ratis/932f9369-2939-4865-900e-af0e504e44df/current/log_inprogress_0
2019-10-10 21:30:29,653 [grpc-default-executor-2] INFO  impl.RaftServerImpl (ServerState.java:setRaftConf(356)) - b4c5c9e1-3835-4852-a62b-9f142dfef2cb@group-4F5F5673522D: set configuration 0: [26fe6874-888a-4f12-b351-94cfb64f8ed1:192.168.157.203:40941, ca1409e4-20e3-45f1-b1dc-bf04268b53eb:192.168.157.203:45955, b4c5c9e1-3835-4852-a62b-9f142dfef2cb:192.168.157.203:40038], old=null at 0
2019-10-10 21:30:29,653 [grpc-default-executor-0] INFO  impl.RaftServerImpl (ServerState.java:setRaftConf(356)) - 26fe6874-888a-4f12-b351-94cfb64f8ed1@group-4F5F5673522D: set configuration 0: [26fe6874-888a-4f12-b351-94cfb64f8ed1:192.168.157.203:40941, ca1409e4-20e3-45f1-b1dc-bf04268b53eb:192.168.157.203:45955, b4c5c9e1-3835-4852-a62b-9f142dfef2cb:192.168.157.203:40038], old=null at 0
2019-10-10 21:30:29,653 [grpc-default-executor-2] INFO  segmented.SegmentedRaftLogWorker (SegmentedRaftLogWorker.java:startLogSegment(385)) - b4c5c9e1-3835-4852-a62b-9f142dfef2cb@group-4F5F5673522D-SegmentedRaftLogWorker: Starting segment from index:0
2019-10-10 21:30:29,653 [grpc-default-executor-0] INFO  segmented.SegmentedRaftLogWorker (SegmentedRaftLogWorker.java:startLogSegment(385)) - 26fe6874-888a-4f12-b351-94cfb64f8ed1@group-4F5F5673522D-SegmentedRaftLogWorker: Starting segment from index:0
2019-10-10 21:30:29,664 [607904f6-5de8-4d83-b69c-765b1e74f43c@group-23B6044B0455-LeaderElection86] INFO  impl.LeaderElection (LeaderElection.java:askForVotes(178)) - 607904f6-5de8-4d83-b69c-765b1e74f43c@group-23B6044B0455-LeaderElection86: begin an election at term 1 for -1: [607904f6-5de8-4d83-b69c-765b1e74f43c:192.168.157.203:33426], old=null
2019-10-10 21:30:29,664 [607904f6-5de8-4d83-b69c-765b1e74f43c@group-23B6044B0455-LeaderElection86] INFO  impl.RoleInfo (RoleInfo.java:shutdownLeaderElection(134)) - 607904f6-5de8-4d83-b69c-765b1e74f43c: shutdown LeaderElection
2019-10-10 21:30:29,664 [607904f6-5de8-4d83-b69c-765b1e74f43c@group-23B6044B0455-LeaderElection86] INFO  impl.RaftServerImpl (RaftServerImpl.java:setRole(170)) - 607904f6-5de8-4d83-b69c-765b1e74f43c@group-23B6044B0455: changes role from CANDIDATE to LEADER at term 1 for changeToLeader
2019-10-10 21:30:29,664 [607904f6-5de8-4d83-b69c-765b1e74f43c@group-23B6044B0455-LeaderElection86] INFO  impl.RaftServerImpl (ServerState.java:setLeader(255)) - 607904f6-5de8-4d83-b69c-765b1e74f43c@group-23B6044B0455: change Leader from null to 607904f6-5de8-4d83-b69c-765b1e74f43c at term 1 for becomeLeader, leader elected after 5086ms
2019-10-10 21:30:29,665 [607904f6-5de8-4d83-b69c-765b1e74f43c@group-23B6044B0455-LeaderElection86] INFO  server.RaftServerConfigKeys (ConfUtils.java:logGet(43)) - raft.server.staging.catchup.gap = 1000 (default)
2019-10-10 21:30:29,665 [607904f6-5de8-4d83-b69c-765b1e74f43c@group-23B6044B0455-LeaderElection86] INFO  server.RaftServerConfigKeys (ConfUtils.java:logGet(43)) - raft.server.rpc.sleep.time = 25ms (default)
2019-10-10 21:30:29,665 [607904f6-5de8-4d83-b69c-765b1e74f43c@group-23B6044B0455-LeaderElection86] INFO  server.RaftServerConfigKeys (ConfUtils.java:logGet(43)) - raft.server.write.element-limit = 4096 (default)
2019-10-10 21:30:29,665 [607904f6-5de8-4d83-b69c-765b1e74f43c@group-23B6044B0455-LeaderElection86] INFO  server.RaftServerConfigKeys (ConfUtils.java:logGet(43)) - raft.server.watch.timeout = 10s (default)
2019-10-10 21:30:29,665 [607904f6-5de8-4d83-b69c-765b1e74f43c@group-23B6044B0455-LeaderElection86] INFO  server.RaftServerConfigKeys (ConfUtils.java:logGet(43)) - raft.server.watch.timeout.denomination = 1s (default)
2019-10-10 21:30:29,665 [607904f6-5de8-4d83-b69c-765b1e74f43c@group-23B6044B0455-LeaderElection86] INFO  server.RaftServerConfigKeys (ConfUtils.java:logGet(43)) - raft.server.watch.element-limit = 65536 (default)
2019-10-10 21:30:29,667 [607904f6-5de8-4d83-b69c-765b1e74f43c@group-23B6044B0455-LeaderElection86] INFO  impl.RoleInfo (RoleInfo.java:updateAndGet(143)) - 607904f6-5de8-4d83-b69c-765b1e74f43c: start LeaderState
2019-10-10 21:30:29,667 [607904f6-5de8-4d83-b69c-765b1e74f43c@group-23B6044B0455-LeaderElection86] INFO  segmented.SegmentedRaftLogWorker (SegmentedRaftLogWorker.java:startLogSegment(385)) - 607904f6-5de8-4d83-b69c-765b1e74f43c@group-23B6044B0455-SegmentedRaftLogWorker: Starting segment from index:0
2019-10-10 21:30:29,668 [607904f6-5de8-4d83-b69c-765b1e74f43c@group-23B6044B0455-LeaderElection86] INFO  impl.RaftServerImpl (ServerState.java:setRaftConf(356)) - 607904f6-5de8-4d83-b69c-765b1e74f43c@group-23B6044B0455: set configuration 0: [607904f6-5de8-4d83-b69c-765b1e74f43c:192.168.157.203:33426], old=null at 0
2019-10-10 21:30:29,693 [b4c5c9e1-3835-4852-a62b-9f142dfef2cb@group-4F5F5673522D-SegmentedRaftLogWorker] INFO  segmented.SegmentedRaftLogWorker (SegmentedRaftLogWorker.java:execute(574)) - b4c5c9e1-3835-4852-a62b-9f142dfef2cb@group-4F5F5673522D-SegmentedRaftLogWorker: created new log segment /workdir/hadoop-ozone/integration-test/target/test-dir/MiniOzoneClusterImpl-a1e0fe39-4452-4cf9-86f1-0fc82528131c/datanode-0/data/ratis/9cba90a7-c465-474e-85a8-4f5f5673522d/current/log_inprogress_0
2019-10-10 21:30:29,693 [26fe6874-888a-4f12-b351-94cfb64f8ed1@group-4F5F5673522D-SegmentedRaftLogWorker] INFO  segmented.SegmentedRaftLogWorker (SegmentedRaftLogWorker.java:execute(574)) - 26fe6874-888a-4f12-b351-94cfb64f8ed1@group-4F5F5673522D-SegmentedRaftLogWorker: created new log segment /workdir/hadoop-ozone/integration-test/target/test-dir/MiniOzoneClusterImpl-a1e0fe39-4452-4cf9-86f1-0fc82528131c/datanode-1/data/ratis/9cba90a7-c465-474e-85a8-4f5f5673522d/current/log_inprogress_0
2019-10-10 21:30:29,705 [607904f6-5de8-4d83-b69c-765b1e74f43c@group-23B6044B0455-SegmentedRaftLogWorker] INFO  segmented.SegmentedRaftLogWorker (SegmentedRaftLogWorker.java:execute(574)) - 607904f6-5de8-4d83-b69c-765b1e74f43c@group-23B6044B0455-SegmentedRaftLogWorker: created new log segment /workdir/hadoop-ozone/integration-test/target/test-dir/MiniOzoneClusterImpl-a1e0fe39-4452-4cf9-86f1-0fc82528131c/datanode-3/data/ratis/d2645fda-6841-4aa3-b94e-23b6044b0455/current/log_inprogress_0
2019-10-10 21:30:29,736 [Thread-2342] INFO  impl.FollowerState (FollowerState.java:run(108)) - e61aa4c9-9e36-4fbd-bed7-4f2c6afaf8f9@group-6BCE7901DEF2-FollowerState: change to CANDIDATE, lastRpcTime:5003ms, electionTimeout:5003ms
2019-10-10 21:30:29,736 [Thread-2342] INFO  impl.RoleInfo (RoleInfo.java:shutdownFollowerState(121)) - e61aa4c9-9e36-4fbd-bed7-4f2c6afaf8f9: shutdown FollowerState
2019-10-10 21:30:29,736 [Thread-2342] INFO  impl.RaftServerImpl (RaftServerImpl.java:setRole(170)) - e61aa4c9-9e36-4fbd-bed7-4f2c6afaf8f9@group-6BCE7901DEF2: changes role from  FOLLOWER to CANDIDATE at term 0 for changeToCandidate
2019-10-10 21:30:29,737 [Thread-2342] INFO  impl.RoleInfo (RoleInfo.java:updateAndGet(143)) - e61aa4c9-9e36-4fbd-bed7-4f2c6afaf8f9: start LeaderElection
2019-10-10 21:30:29,759 [e61aa4c9-9e36-4fbd-bed7-4f2c6afaf8f9@group-6BCE7901DEF2-LeaderElection87] INFO  impl.LeaderElection (LeaderElection.java:askForVotes(178)) - e61aa4c9-9e36-4fbd-bed7-4f2c6afaf8f9@group-6BCE7901DEF2-LeaderElection87: begin an election at term 1 for -1: [1142a9ab-ee46-4293-9093-2a1cd345c012:192.168.157.203:43803, e61aa4c9-9e36-4fbd-bed7-4f2c6afaf8f9:192.168.157.203:42373, 607904f6-5de8-4d83-b69c-765b1e74f43c:192.168.157.203:33426], old=null
2019-10-10 21:30:29,769 [grpc-default-executor-2] INFO  impl.RaftServerImpl (RaftServerImpl.java:setRole(170)) - 607904f6-5de8-4d83-b69c-765b1e74f43c@group-6BCE7901DEF2: changes role from  FOLLOWER to FOLLOWER at term 1 for recognizeCandidate:e61aa4c9-9e36-4fbd-bed7-4f2c6afaf8f9
2019-10-10 21:30:29,769 [grpc-default-executor-0] INFO  impl.RaftServerImpl (RaftServerImpl.java:setRole(170)) - 1142a9ab-ee46-4293-9093-2a1cd345c012@group-6BCE7901DEF2: changes role from  FOLLOWER to FOLLOWER at term 1 for recognizeCandidate:e61aa4c9-9e36-4fbd-bed7-4f2c6afaf8f9
2019-10-10 21:30:29,769 [grpc-default-executor-2] INFO  impl.RoleInfo (RoleInfo.java:shutdownFollowerState(121)) - 607904f6-5de8-4d83-b69c-765b1e74f43c: shutdown FollowerState
2019-10-10 21:30:29,769 [grpc-default-executor-0] INFO  impl.RoleInfo (RoleInfo.java:shutdownFollowerState(121)) - 1142a9ab-ee46-4293-9093-2a1cd345c012: shutdown FollowerState
2019-10-10 21:30:29,769 [grpc-default-executor-2] INFO  impl.RoleInfo (RoleInfo.java:updateAndGet(143)) - 607904f6-5de8-4d83-b69c-765b1e74f43c: start FollowerState
2019-10-10 21:30:29,770 [Thread-2343] INFO  impl.FollowerState (FollowerState.java:run(117)) - 607904f6-5de8-4d83-b69c-765b1e74f43c@group-6BCE7901DEF2-FollowerState was interrupted: java.lang.InterruptedException: sleep interrupted
2019-10-10 21:30:29,770 [Thread-2338] INFO  impl.FollowerState (FollowerState.java:run(117)) - 1142a9ab-ee46-4293-9093-2a1cd345c012@group-6BCE7901DEF2-FollowerState was interrupted: java.lang.InterruptedException: sleep interrupted
2019-10-10 21:30:29,770 [grpc-default-executor-0] INFO  impl.RoleInfo (RoleInfo.java:updateAndGet(143)) - 1142a9ab-ee46-4293-9093-2a1cd345c012: start FollowerState
2019-10-10 21:30:29,789 [e61aa4c9-9e36-4fbd-bed7-4f2c6afaf8f9@group-6BCE7901DEF2-LeaderElection87] INFO  impl.LeaderElection (LeaderElection.java:logAndReturn(56)) - e61aa4c9-9e36-4fbd-bed7-4f2c6afaf8f9@group-6BCE7901DEF2-LeaderElection87: Election PASSED; received 1 response(s) [e61aa4c9-9e36-4fbd-bed7-4f2c6afaf8f9<-607904f6-5de8-4d83-b69c-765b1e74f43c#0:OK-t1] and 0 exception(s); e61aa4c9-9e36-4fbd-bed7-4f2c6afaf8f9@group-6BCE7901DEF2:t1, leader=null, voted=e61aa4c9-9e36-4fbd-bed7-4f2c6afaf8f9, raftlog=e61aa4c9-9e36-4fbd-bed7-4f2c6afaf8f9@group-6BCE7901DEF2-SegmentedRaftLog:OPENED:c-1,f-1,i0, conf=-1: [1142a9ab-ee46-4293-9093-2a1cd345c012:192.168.157.203:43803, e61aa4c9-9e36-4fbd-bed7-4f2c6afaf8f9:192.168.157.203:42373, 607904f6-5de8-4d83-b69c-765b1e74f43c:192.168.157.203:33426], old=null
2019-10-10 21:30:29,789 [e61aa4c9-9e36-4fbd-bed7-4f2c6afaf8f9@group-6BCE7901DEF2-LeaderElection87] INFO  impl.RoleInfo (RoleInfo.java:shutdownLeaderElection(134)) - e61aa4c9-9e36-4fbd-bed7-4f2c6afaf8f9: shutdown LeaderElection
2019-10-10 21:30:29,789 [e61aa4c9-9e36-4fbd-bed7-4f2c6afaf8f9@group-6BCE7901DEF2-LeaderElection87] INFO  impl.RaftServerImpl (RaftServerImpl.java:setRole(170)) - e61aa4c9-9e36-4fbd-bed7-4f2c6afaf8f9@group-6BCE7901DEF2: changes role from CANDIDATE to LEADER at term 1 for changeToLeader
2019-10-10 21:30:29,789 [e61aa4c9-9e36-4fbd-bed7-4f2c6afaf8f9@group-6BCE7901DEF2-LeaderElection87] INFO  impl.RaftServerImpl (ServerState.java:setLeader(255)) - e61aa4c9-9e36-4fbd-bed7-4f2c6afaf8f9@group-6BCE7901DEF2: change Leader from null to e61aa4c9-9e36-4fbd-bed7-4f2c6afaf8f9 at term 1 for becomeLeader, leader elected after 5083ms
2019-10-10 21:30:29,789 [e61aa4c9-9e36-4fbd-bed7-4f2c6afaf8f9@group-6BCE7901DEF2-LeaderElection87] INFO  server.RaftServerConfigKeys (ConfUtils.java:logGet(43)) - raft.server.staging.catchup.gap = 1000 (default)
2019-10-10 21:30:29,790 [e61aa4c9-9e36-4fbd-bed7-4f2c6afaf8f9@group-6BCE7901DEF2-LeaderElection87] INFO  server.RaftServerConfigKeys (ConfUtils.java:logGet(43)) - raft.server.rpc.sleep.time = 25ms (default)
2019-10-10 21:30:29,790 [e61aa4c9-9e36-4fbd-bed7-4f2c6afaf8f9@group-6BCE7901DEF2-LeaderElection87] INFO  server.RaftServerConfigKeys (ConfUtils.java:logGet(43)) - raft.server.write.element-limit = 4096 (default)
2019-10-10 21:30:29,790 [e61aa4c9-9e36-4fbd-bed7-4f2c6afaf8f9@group-6BCE7901DEF2-LeaderElection87] INFO  server.RaftServerConfigKeys (ConfUtils.java:logGet(43)) - raft.server.watch.timeout = 10s (default)
2019-10-10 21:30:29,790 [e61aa4c9-9e36-4fbd-bed7-4f2c6afaf8f9@group-6BCE7901DEF2-LeaderElection87] INFO  server.RaftServerConfigKeys (ConfUtils.java:logGet(43)) - raft.server.watch.timeout.denomination = 1s (default)
2019-10-10 21:30:29,790 [e61aa4c9-9e36-4fbd-bed7-4f2c6afaf8f9@group-6BCE7901DEF2-LeaderElection87] INFO  server.RaftServerConfigKeys (ConfUtils.java:logGet(43)) - raft.server.watch.element-limit = 65536 (default)
2019-10-10 21:30:29,791 [e61aa4c9-9e36-4fbd-bed7-4f2c6afaf8f9@group-6BCE7901DEF2-LeaderElection87] INFO  server.RaftServerConfigKeys (ConfUtils.java:logGet(43)) - raft.server.log.appender.snapshot.chunk.size.max = 16MB (=16777216) (default)
2019-10-10 21:30:29,791 [e61aa4c9-9e36-4fbd-bed7-4f2c6afaf8f9@group-6BCE7901DEF2-LeaderElection87] INFO  server.RaftServerConfigKeys (ConfUtils.java:logGet(43)) - raft.server.log.appender.buffer.byte-limit = 33554432 (custom)
2019-10-10 21:30:29,792 [e61aa4c9-9e36-4fbd-bed7-4f2c6afaf8f9@group-6BCE7901DEF2-LeaderElection87] INFO  server.RaftServerConfigKeys (ConfUtils.java:logGet(43)) - raft.server.log.appender.buffer.element-limit = 1 (custom)
2019-10-10 21:30:29,792 [e61aa4c9-9e36-4fbd-bed7-4f2c6afaf8f9@group-6BCE7901DEF2-LeaderElection87] INFO  grpc.GrpcConfigKeys$Server (ConfUtils.java:logGet(43)) - raft.grpc.server.leader.outstanding.appends.max = 128 (default)
2019-10-10 21:30:29,792 [e61aa4c9-9e36-4fbd-bed7-4f2c6afaf8f9@group-6BCE7901DEF2-LeaderElection87] INFO  server.RaftServerConfigKeys (ConfUtils.java:logGet(43)) - raft.server.rpc.request.timeout = 3000ms (default)
2019-10-10 21:30:29,792 [e61aa4c9-9e36-4fbd-bed7-4f2c6afaf8f9@group-6BCE7901DEF2-LeaderElection87] INFO  server.RaftServerConfigKeys (ConfUtils.java:logGet(43)) - raft.server.log.appender.install.snapshot.enabled = false (custom)
2019-10-10 21:30:29,792 [e61aa4c9-9e36-4fbd-bed7-4f2c6afaf8f9@group-6BCE7901DEF2-LeaderElection87] INFO  server.RaftServerConfigKeys (ConfUtils.java:logGet(43)) - raft.server.log.appender.snapshot.chunk.size.max = 16MB (=16777216) (default)
2019-10-10 21:30:29,792 [e61aa4c9-9e36-4fbd-bed7-4f2c6afaf8f9@group-6BCE7901DEF2-LeaderElection87] INFO  server.RaftServerConfigKeys (ConfUtils.java:logGet(43)) - raft.server.log.appender.buffer.byte-limit = 33554432 (custom)
2019-10-10 21:30:29,792 [e61aa4c9-9e36-4fbd-bed7-4f2c6afaf8f9@group-6BCE7901DEF2-LeaderElection87] INFO  server.RaftServerConfigKeys (ConfUtils.java:logGet(43)) - raft.server.log.appender.buffer.element-limit = 1 (custom)
2019-10-10 21:30:29,792 [e61aa4c9-9e36-4fbd-bed7-4f2c6afaf8f9@group-6BCE7901DEF2-LeaderElection87] INFO  grpc.GrpcConfigKeys$Server (ConfUtils.java:logGet(43)) - raft.grpc.server.leader.outstanding.appends.max = 128 (default)
2019-10-10 21:30:29,792 [e61aa4c9-9e36-4fbd-bed7-4f2c6afaf8f9@group-6BCE7901DEF2-LeaderElection87] INFO  server.RaftServerConfigKeys (ConfUtils.java:logGet(43)) - raft.server.rpc.request.timeout = 3000ms (default)
2019-10-10 21:30:29,793 [e61aa4c9-9e36-4fbd-bed7-4f2c6afaf8f9@group-6BCE7901DEF2-LeaderElection87] INFO  server.RaftServerConfigKeys (ConfUtils.java:logGet(43)) - raft.server.log.appender.install.snapshot.enabled = false (custom)
2019-10-10 21:30:29,793 [e61aa4c9-9e36-4fbd-bed7-4f2c6afaf8f9@group-6BCE7901DEF2-LeaderElection87] INFO  impl.RoleInfo (RoleInfo.java:updateAndGet(143)) - e61aa4c9-9e36-4fbd-bed7-4f2c6afaf8f9: start LeaderState
2019-10-10 21:30:29,793 [e61aa4c9-9e36-4fbd-bed7-4f2c6afaf8f9@group-6BCE7901DEF2-LeaderElection87] INFO  segmented.SegmentedRaftLogWorker (SegmentedRaftLogWorker.java:startLogSegment(385)) - e61aa4c9-9e36-4fbd-bed7-4f2c6afaf8f9@group-6BCE7901DEF2-SegmentedRaftLogWorker: Starting segment from index:0
2019-10-10 21:30:29,794 [e61aa4c9-9e36-4fbd-bed7-4f2c6afaf8f9@group-6BCE7901DEF2-LeaderElection87] INFO  impl.RaftServerImpl (ServerState.java:setRaftConf(356)) - e61aa4c9-9e36-4fbd-bed7-4f2c6afaf8f9@group-6BCE7901DEF2: set configuration 0: [1142a9ab-ee46-4293-9093-2a1cd345c012:192.168.157.203:43803, e61aa4c9-9e36-4fbd-bed7-4f2c6afaf8f9:192.168.157.203:42373, 607904f6-5de8-4d83-b69c-765b1e74f43c:192.168.157.203:33426], old=null at 0
2019-10-10 21:30:29,795 [grpc-default-executor-0] INFO  impl.RaftServerImpl (ServerState.java:setLeader(255)) - 1142a9ab-ee46-4293-9093-2a1cd345c012@group-6BCE7901DEF2: change Leader from null to e61aa4c9-9e36-4fbd-bed7-4f2c6afaf8f9 at term 1 for appendEntries, leader elected after 5088ms
2019-10-10 21:30:29,795 [grpc-default-executor-2] INFO  impl.RaftServerImpl (ServerState.java:setLeader(255)) - 607904f6-5de8-4d83-b69c-765b1e74f43c@group-6BCE7901DEF2: change Leader from null to e61aa4c9-9e36-4fbd-bed7-4f2c6afaf8f9 at term 1 for appendEntries, leader elected after 5088ms
2019-10-10 21:30:29,823 [Thread-2333] INFO  impl.FollowerState (FollowerState.java:run(108)) - e61aa4c9-9e36-4fbd-bed7-4f2c6afaf8f9@group-120B99DD4878-FollowerState: change to CANDIDATE, lastRpcTime:5185ms, electionTimeout:5162ms
2019-10-10 21:30:29,827 [Thread-2333] INFO  impl.RoleInfo (RoleInfo.java:shutdownFollowerState(121)) - e61aa4c9-9e36-4fbd-bed7-4f2c6afaf8f9: shutdown FollowerState
2019-10-10 21:30:29,827 [Thread-2333] INFO  impl.RaftServerImpl (RaftServerImpl.java:setRole(170)) - e61aa4c9-9e36-4fbd-bed7-4f2c6afaf8f9@group-120B99DD4878: changes role from  FOLLOWER to CANDIDATE at term 0 for changeToCandidate
2019-10-10 21:30:29,827 [Thread-2333] INFO  impl.RoleInfo (RoleInfo.java:updateAndGet(143)) - e61aa4c9-9e36-4fbd-bed7-4f2c6afaf8f9: start LeaderElection
2019-10-10 21:30:29,835 [grpc-default-executor-0] INFO  impl.RaftServerImpl (ServerState.java:setRaftConf(356)) - 1142a9ab-ee46-4293-9093-2a1cd345c012@group-6BCE7901DEF2: set configuration 0: [1142a9ab-ee46-4293-9093-2a1cd345c012:192.168.157.203:43803, e61aa4c9-9e36-4fbd-bed7-4f2c6afaf8f9:192.168.157.203:42373, 607904f6-5de8-4d83-b69c-765b1e74f43c:192.168.157.203:33426], old=null at 0
2019-10-10 21:30:29,835 [grpc-default-executor-2] INFO  impl.RaftServerImpl (ServerState.java:setRaftConf(356)) - 607904f6-5de8-4d83-b69c-765b1e74f43c@group-6BCE7901DEF2: set configuration 0: [1142a9ab-ee46-4293-9093-2a1cd345c012:192.168.157.203:43803, e61aa4c9-9e36-4fbd-bed7-4f2c6afaf8f9:192.168.157.203:42373, 607904f6-5de8-4d83-b69c-765b1e74f43c:192.168.157.203:33426], old=null at 0
2019-10-10 21:30:29,836 [grpc-default-executor-0] INFO  segmented.SegmentedRaftLogWorker (SegmentedRaftLogWorker.java:startLogSegment(385)) - 1142a9ab-ee46-4293-9093-2a1cd345c012@group-6BCE7901DEF2-SegmentedRaftLogWorker: Starting segment from index:0
2019-10-10 21:30:29,836 [grpc-default-executor-2] INFO  segmented.SegmentedRaftLogWorker (SegmentedRaftLogWorker.java:startLogSegment(385)) - 607904f6-5de8-4d83-b69c-765b1e74f43c@group-6BCE7901DEF2-SegmentedRaftLogWorker: Starting segment from index:0
2019-10-10 21:30:29,836 [e61aa4c9-9e36-4fbd-bed7-4f2c6afaf8f9@group-6BCE7901DEF2-SegmentedRaftLogWorker] INFO  segmented.SegmentedRaftLogWorker (SegmentedRaftLogWorker.java:execute(574)) - e61aa4c9-9e36-4fbd-bed7-4f2c6afaf8f9@group-6BCE7901DEF2-SegmentedRaftLogWorker: created new log segment /workdir/hadoop-ozone/integration-test/target/test-dir/MiniOzoneClusterImpl-a1e0fe39-4452-4cf9-86f1-0fc82528131c/datanode-5/data/ratis/3db45b14-9e5e-441e-87e8-6bce7901def2/current/log_inprogress_0
2019-10-10 21:30:29,838 [e61aa4c9-9e36-4fbd-bed7-4f2c6afaf8f9@group-120B99DD4878-LeaderElection88] INFO  impl.LeaderElection (LeaderElection.java:askForVotes(178)) - e61aa4c9-9e36-4fbd-bed7-4f2c6afaf8f9@group-120B99DD4878-LeaderElection88: begin an election at term 1 for -1: [e61aa4c9-9e36-4fbd-bed7-4f2c6afaf8f9:192.168.157.203:42373], old=null
2019-10-10 21:30:29,838 [e61aa4c9-9e36-4fbd-bed7-4f2c6afaf8f9@group-120B99DD4878-LeaderElection88] INFO  impl.RoleInfo (RoleInfo.java:shutdownLeaderElection(134)) - e61aa4c9-9e36-4fbd-bed7-4f2c6afaf8f9: shutdown LeaderElection
2019-10-10 21:30:29,838 [e61aa4c9-9e36-4fbd-bed7-4f2c6afaf8f9@group-120B99DD4878-LeaderElection88] INFO  impl.RaftServerImpl (RaftServerImpl.java:setRole(170)) - e61aa4c9-9e36-4fbd-bed7-4f2c6afaf8f9@group-120B99DD4878: changes role from CANDIDATE to LEADER at term 1 for changeToLeader
2019-10-10 21:30:29,839 [e61aa4c9-9e36-4fbd-bed7-4f2c6afaf8f9@group-120B99DD4878-LeaderElection88] INFO  impl.RaftServerImpl (ServerState.java:setLeader(255)) - e61aa4c9-9e36-4fbd-bed7-4f2c6afaf8f9@group-120B99DD4878: change Leader from null to e61aa4c9-9e36-4fbd-bed7-4f2c6afaf8f9 at term 1 for becomeLeader, leader elected after 5205ms
2019-10-10 21:30:29,839 [e61aa4c9-9e36-4fbd-bed7-4f2c6afaf8f9@group-120B99DD4878-LeaderElection88] INFO  server.RaftServerConfigKeys (ConfUtils.java:logGet(43)) - raft.server.staging.catchup.gap = 1000 (default)
2019-10-10 21:30:29,839 [e61aa4c9-9e36-4fbd-bed7-4f2c6afaf8f9@group-120B99DD4878-LeaderElection88] INFO  server.RaftServerConfigKeys (ConfUtils.java:logGet(43)) - raft.server.rpc.sleep.time = 25ms (default)
2019-10-10 21:30:29,839 [e61aa4c9-9e36-4fbd-bed7-4f2c6afaf8f9@group-120B99DD4878-LeaderElection88] INFO  server.RaftServerConfigKeys (ConfUtils.java:logGet(43)) - raft.server.write.element-limit = 4096 (default)
2019-10-10 21:30:29,839 [e61aa4c9-9e36-4fbd-bed7-4f2c6afaf8f9@group-120B99DD4878-LeaderElection88] INFO  server.RaftServerConfigKeys (ConfUtils.java:logGet(43)) - raft.server.watch.timeout = 10s (default)
2019-10-10 21:30:29,839 [e61aa4c9-9e36-4fbd-bed7-4f2c6afaf8f9@group-120B99DD4878-LeaderElection88] INFO  server.RaftServerConfigKeys (ConfUtils.java:logGet(43)) - raft.server.watch.timeout.denomination = 1s (default)
2019-10-10 21:30:29,839 [e61aa4c9-9e36-4fbd-bed7-4f2c6afaf8f9@group-120B99DD4878-LeaderElection88] INFO  server.RaftServerConfigKeys (ConfUtils.java:logGet(43)) - raft.server.watch.element-limit = 65536 (default)
2019-10-10 21:30:29,841 [e61aa4c9-9e36-4fbd-bed7-4f2c6afaf8f9@group-120B99DD4878-LeaderElection88] INFO  impl.RoleInfo (RoleInfo.java:updateAndGet(143)) - e61aa4c9-9e36-4fbd-bed7-4f2c6afaf8f9: start LeaderState
2019-10-10 21:30:29,841 [e61aa4c9-9e36-4fbd-bed7-4f2c6afaf8f9@group-120B99DD4878-LeaderElection88] INFO  segmented.SegmentedRaftLogWorker (SegmentedRaftLogWorker.java:startLogSegment(385)) - e61aa4c9-9e36-4fbd-bed7-4f2c6afaf8f9@group-120B99DD4878-SegmentedRaftLogWorker: Starting segment from index:0
2019-10-10 21:30:29,842 [e61aa4c9-9e36-4fbd-bed7-4f2c6afaf8f9@group-120B99DD4878-LeaderElection88] INFO  impl.RaftServerImpl (ServerState.java:setRaftConf(356)) - e61aa4c9-9e36-4fbd-bed7-4f2c6afaf8f9@group-120B99DD4878: set configuration 0: [e61aa4c9-9e36-4fbd-bed7-4f2c6afaf8f9:192.168.157.203:42373], old=null at 0
2019-10-10 21:30:29,877 [607904f6-5de8-4d83-b69c-765b1e74f43c@group-6BCE7901DEF2-SegmentedRaftLogWorker] INFO  segmented.SegmentedRaftLogWorker (SegmentedRaftLogWorker.java:execute(574)) - 607904f6-5de8-4d83-b69c-765b1e74f43c@group-6BCE7901DEF2-SegmentedRaftLogWorker: created new log segment /workdir/hadoop-ozone/integration-test/target/test-dir/MiniOzoneClusterImpl-a1e0fe39-4452-4cf9-86f1-0fc82528131c/datanode-3/data/ratis/3db45b14-9e5e-441e-87e8-6bce7901def2/current/log_inprogress_0
2019-10-10 21:30:29,877 [1142a9ab-ee46-4293-9093-2a1cd345c012@group-6BCE7901DEF2-SegmentedRaftLogWorker] INFO  segmented.SegmentedRaftLogWorker (SegmentedRaftLogWorker.java:execute(574)) - 1142a9ab-ee46-4293-9093-2a1cd345c012@group-6BCE7901DEF2-SegmentedRaftLogWorker: created new log segment /workdir/hadoop-ozone/integration-test/target/test-dir/MiniOzoneClusterImpl-a1e0fe39-4452-4cf9-86f1-0fc82528131c/datanode-4/data/ratis/3db45b14-9e5e-441e-87e8-6bce7901def2/current/log_inprogress_0
2019-10-10 21:30:29,877 [e61aa4c9-9e36-4fbd-bed7-4f2c6afaf8f9@group-120B99DD4878-SegmentedRaftLogWorker] INFO  segmented.SegmentedRaftLogWorker (SegmentedRaftLogWorker.java:execute(574)) - e61aa4c9-9e36-4fbd-bed7-4f2c6afaf8f9@group-120B99DD4878-SegmentedRaftLogWorker: created new log segment /workdir/hadoop-ozone/integration-test/target/test-dir/MiniOzoneClusterImpl-a1e0fe39-4452-4cf9-86f1-0fc82528131c/datanode-5/data/ratis/fca28ab3-9ca6-4483-a293-120b99dd4878/current/log_inprogress_0
2019-10-10 21:30:30,037 [Datanode State Machine Thread - 0] INFO  statemachine.DatanodeStateMachine (DatanodeStateMachine.java:lambda$startDaemon$0(350)) - Ozone container server started.
2019-10-10 21:30:30,311 [grpc-default-executor-7] WARN  server.GrpcLogAppender (LogUtils.java:warn(134)) - a900087f-503e-4321-861c-2daca883c610@group-4429540AD53A->b53b5c8e-5e67-456c-afc2-42f0810f9e11-AppendLogResponseHandler: Failed appendEntries: org.apache.ratis.thirdparty.io.grpc.StatusRuntimeException: UNAVAILABLE: io exception
2019-10-10 21:30:30,311 [grpc-default-executor-7] INFO  impl.FollowerInfo (FollowerInfo.java:lambda$new$0(51)) - a900087f-503e-4321-861c-2daca883c610@group-4429540AD53A->b53b5c8e-5e67-456c-afc2-42f0810f9e11: nextIndex: updateUnconditionally 0 -> 0
2019-10-10 21:30:30,311 [grpc-default-executor-8] WARN  server.GrpcLogAppender (LogUtils.java:warn(134)) - a900087f-503e-4321-861c-2daca883c610@group-4429540AD53A->dfe184d8-5e71-4515-9f68-a36fd788b5f0-AppendLogResponseHandler: Failed appendEntries: org.apache.ratis.thirdparty.io.grpc.StatusRuntimeException: UNAVAILABLE: io exception
2019-10-10 21:30:30,312 [grpc-default-executor-8] INFO  impl.FollowerInfo (FollowerInfo.java:lambda$new$0(51)) - a900087f-503e-4321-861c-2daca883c610@group-4429540AD53A->dfe184d8-5e71-4515-9f68-a36fd788b5f0: nextIndex: updateUnconditionally 0 -> 0
2019-10-10 21:30:32,785 [EventQueue-StaleNodeForStaleNodeHandler] INFO  node.StaleNodeHandler (StaleNodeHandler.java:onMessage(58)) - Datanode b53b5c8e-5e67-456c-afc2-42f0810f9e11{ip: 192.168.157.203, host: pr-hdds-1986-lk2hz-517324276, networkLocation: /default-rack, certSerialId: null} moved to stale state. Finalizing its pipelines [PipelineID=0aae2c00-6e26-49fa-ab3f-87b60856736b, PipelineID=e2ca124d-acf6-404f-ad6f-4429540ad53a]
2019-10-10 21:30:32,786 [EventQueue-StaleNodeForStaleNodeHandler] INFO  pipeline.SCMPipelineManager (SCMPipelineManager.java:finalizeAndDestroyPipeline(315)) - destroying pipeline:Pipeline[ Id: 0aae2c00-6e26-49fa-ab3f-87b60856736b, Nodes: b53b5c8e-5e67-456c-afc2-42f0810f9e11{ip: 192.168.157.203, host: pr-hdds-1986-lk2hz-517324276, networkLocation: /default-rack, certSerialId: null}, Type:RATIS, Factor:ONE, State:OPEN]
2019-10-10 21:30:32,786 [EventQueue-StaleNodeForStaleNodeHandler] INFO  pipeline.PipelineStateManager (PipelineStateManager.java:finalizePipeline(123)) - Pipeline Pipeline[ Id: 0aae2c00-6e26-49fa-ab3f-87b60856736b, Nodes: b53b5c8e-5e67-456c-afc2-42f0810f9e11{ip: 192.168.157.203, host: pr-hdds-1986-lk2hz-517324276, networkLocation: /default-rack, certSerialId: null}, Type:RATIS, Factor:ONE, State:CLOSED] moved to CLOSED state
2019-10-10 21:30:32,786 [EventQueue-StaleNodeForStaleNodeHandler] INFO  pipeline.SCMPipelineManager (SCMPipelineManager.java:finalizeAndDestroyPipeline(315)) - destroying pipeline:Pipeline[ Id: e2ca124d-acf6-404f-ad6f-4429540ad53a, Nodes: b53b5c8e-5e67-456c-afc2-42f0810f9e11{ip: 192.168.157.203, host: pr-hdds-1986-lk2hz-517324276, networkLocation: /default-rack, certSerialId: null}dfe184d8-5e71-4515-9f68-a36fd788b5f0{ip: 192.168.157.203, host: pr-hdds-1986-lk2hz-517324276, networkLocation: /default-rack, certSerialId: null}a900087f-503e-4321-861c-2daca883c610{ip: 192.168.157.203, host: pr-hdds-1986-lk2hz-517324276, networkLocation: /default-rack, certSerialId: null}, Type:RATIS, Factor:THREE, State:OPEN]
2019-10-10 21:30:32,787 [EventQueue-StaleNodeForStaleNodeHandler] INFO  pipeline.PipelineStateManager (PipelineStateManager.java:finalizePipeline(123)) - Pipeline Pipeline[ Id: e2ca124d-acf6-404f-ad6f-4429540ad53a, Nodes: b53b5c8e-5e67-456c-afc2-42f0810f9e11{ip: 192.168.157.203, host: pr-hdds-1986-lk2hz-517324276, networkLocation: /default-rack, certSerialId: null}dfe184d8-5e71-4515-9f68-a36fd788b5f0{ip: 192.168.157.203, host: pr-hdds-1986-lk2hz-517324276, networkLocation: /default-rack, certSerialId: null}a900087f-503e-4321-861c-2daca883c610{ip: 192.168.157.203, host: pr-hdds-1986-lk2hz-517324276, networkLocation: /default-rack, certSerialId: null}, Type:RATIS, Factor:THREE, State:CLOSED] moved to CLOSED state
2019-10-10 21:30:32,787 [EventQueue-CloseContainerForCloseContainerEventHandler] INFO  container.CloseContainerEventHandler (CloseContainerEventHandler.java:onMessage(61)) - Close container Event triggered for container : #1
2019-10-10 21:30:32,813 [grpc-default-executor-2] WARN  server.GrpcLogAppender (LogUtils.java:warn(134)) - a900087f-503e-4321-861c-2daca883c610@group-4429540AD53A->dfe184d8-5e71-4515-9f68-a36fd788b5f0-AppendLogResponseHandler: Failed appendEntries: org.apache.ratis.thirdparty.io.grpc.StatusRuntimeException: UNAVAILABLE: io exception
2019-10-10 21:30:32,813 [grpc-default-executor-4] WARN  server.GrpcLogAppender (LogUtils.java:warn(134)) - a900087f-503e-4321-861c-2daca883c610@group-4429540AD53A->b53b5c8e-5e67-456c-afc2-42f0810f9e11-AppendLogResponseHandler: Failed appendEntries: org.apache.ratis.thirdparty.io.grpc.StatusRuntimeException: UNAVAILABLE: io exception
2019-10-10 21:30:32,814 [grpc-default-executor-2] INFO  impl.FollowerInfo (FollowerInfo.java:lambda$new$0(51)) - a900087f-503e-4321-861c-2daca883c610@group-4429540AD53A->dfe184d8-5e71-4515-9f68-a36fd788b5f0: nextIndex: updateUnconditionally 0 -> 0
2019-10-10 21:30:32,814 [grpc-default-executor-4] INFO  impl.FollowerInfo (FollowerInfo.java:lambda$new$0(51)) - a900087f-503e-4321-861c-2daca883c610@group-4429540AD53A->b53b5c8e-5e67-456c-afc2-42f0810f9e11: nextIndex: updateUnconditionally 0 -> 0
2019-10-10 21:30:34,805 [grpc-default-executor-8] WARN  server.GrpcLogAppender (LogUtils.java:warn(134)) - a900087f-503e-4321-861c-2daca883c610@group-4429540AD53A->b53b5c8e-5e67-456c-afc2-42f0810f9e11-AppendLogResponseHandler: Failed appendEntries: org.apache.ratis.thirdparty.io.grpc.StatusRuntimeException: UNAVAILABLE: io exception
2019-10-10 21:30:34,805 [grpc-default-executor-6] WARN  server.GrpcLogAppender (LogUtils.java:warn(134)) - a900087f-503e-4321-861c-2daca883c610@group-4429540AD53A->dfe184d8-5e71-4515-9f68-a36fd788b5f0-AppendLogResponseHandler: Failed appendEntries: org.apache.ratis.thirdparty.io.grpc.StatusRuntimeException: UNAVAILABLE: io exception
2019-10-10 21:30:34,806 [grpc-default-executor-8] INFO  impl.FollowerInfo (FollowerInfo.java:lambda$new$0(51)) - a900087f-503e-4321-861c-2daca883c610@group-4429540AD53A->b53b5c8e-5e67-456c-afc2-42f0810f9e11: nextIndex: updateUnconditionally 1 -> 0
2019-10-10 21:30:34,806 [grpc-default-executor-6] INFO  impl.FollowerInfo (FollowerInfo.java:lambda$new$0(51)) - a900087f-503e-4321-861c-2daca883c610@group-4429540AD53A->dfe184d8-5e71-4515-9f68-a36fd788b5f0: nextIndex: updateUnconditionally 1 -> 0
2019-10-10 21:30:35,020 [main] INFO  ozoneimpl.OzoneContainer (OzoneContainer.java:stop(227)) - Attempting to stop container services.
2019-10-10 21:30:35,023 [main] INFO  impl.RaftServerProxy (RaftServerProxy.java:lambda$close$4(314)) - 26fe6874-888a-4f12-b351-94cfb64f8ed1: close
2019-10-10 21:30:35,024 [main] INFO  impl.RaftServerImpl (RaftServerImpl.java:lambda$shutdown$3(247)) - 26fe6874-888a-4f12-b351-94cfb64f8ed1@group-46D64E5C0146: shutdown
2019-10-10 21:30:35,025 [main] INFO  util.JmxRegister (JmxRegister.java:unregister(73)) - Successfully un-registered JMX Bean with object name Ratis:service=RaftServer,group=group-46D64E5C0146,id=26fe6874-888a-4f12-b351-94cfb64f8ed1
2019-10-10 21:30:35,025 [main] INFO  impl.RoleInfo (RoleInfo.java:shutdownLeaderState(104)) - 26fe6874-888a-4f12-b351-94cfb64f8ed1: shutdown LeaderState
2019-10-10 21:30:35,025 [main] INFO  impl.PendingRequests (PendingRequests.java:sendNotLeaderResponses(202)) - 26fe6874-888a-4f12-b351-94cfb64f8ed1@group-46D64E5C0146-PendingRequests: sendNotLeaderResponses
2019-10-10 21:30:35,026 [main] INFO  impl.StateMachineUpdater (StateMachineUpdater.java:stopAndJoin(136)) - 26fe6874-888a-4f12-b351-94cfb64f8ed1@group-46D64E5C0146-StateMachineUpdater: set stopIndex = 0
2019-10-10 21:30:35,026 [main] INFO  impl.RaftServerImpl (ServerState.java:close(387)) - 26fe6874-888a-4f12-b351-94cfb64f8ed1@group-46D64E5C0146: closes. applyIndex: 0
2019-10-10 21:30:35,027 [26fe6874-888a-4f12-b351-94cfb64f8ed1@group-46D64E5C0146-SegmentedRaftLogWorker] INFO  segmented.SegmentedRaftLogWorker (SegmentedRaftLogWorker.java:run(316)) - 26fe6874-888a-4f12-b351-94cfb64f8ed1@group-46D64E5C0146-SegmentedRaftLogWorker was interrupted, exiting. There are 0 tasks remaining in the queue.
2019-10-10 21:30:35,033 [main] INFO  segmented.SegmentedRaftLogWorker (SegmentedRaftLogWorker.java:close(224)) - 26fe6874-888a-4f12-b351-94cfb64f8ed1@group-46D64E5C0146-SegmentedRaftLogWorker close()
2019-10-10 21:30:35,040 [main] INFO  impl.RaftServerImpl (RaftServerImpl.java:lambda$shutdown$3(247)) - 26fe6874-888a-4f12-b351-94cfb64f8ed1@group-4F5F5673522D: shutdown
2019-10-10 21:30:35,040 [main] INFO  util.JmxRegister (JmxRegister.java:unregister(73)) - Successfully un-registered JMX Bean with object name Ratis:service=RaftServer,group=group-4F5F5673522D,id=26fe6874-888a-4f12-b351-94cfb64f8ed1
2019-10-10 21:30:35,040 [main] INFO  impl.RoleInfo (RoleInfo.java:shutdownFollowerState(121)) - 26fe6874-888a-4f12-b351-94cfb64f8ed1: shutdown FollowerState
2019-10-10 21:30:35,041 [main] INFO  impl.StateMachineUpdater (StateMachineUpdater.java:stopAndJoin(136)) - 26fe6874-888a-4f12-b351-94cfb64f8ed1@group-4F5F5673522D-StateMachineUpdater: set stopIndex = 2
2019-10-10 21:30:35,041 [26fe6874-888a-4f12-b351-94cfb64f8ed1@group-4F5F5673522D-StateMachineUpdater] INFO  ratis.ContainerStateMachine (ContainerStateMachine.java:takeSnapshot(294)) - group-4F5F5673522D: Taking a snapshot at:(t:1, i:1) file /workdir/hadoop-ozone/integration-test/target/test-dir/MiniOzoneClusterImpl-a1e0fe39-4452-4cf9-86f1-0fc82528131c/datanode-1/data/ratis/9cba90a7-c465-474e-85a8-4f5f5673522d/sm/snapshot.1_1
2019-10-10 21:30:35,041 [Thread-2376] INFO  impl.FollowerState (FollowerState.java:run(117)) - 26fe6874-888a-4f12-b351-94cfb64f8ed1@group-4F5F5673522D-FollowerState was interrupted: java.lang.InterruptedException: sleep interrupted
2019-10-10 21:30:35,058 [26fe6874-888a-4f12-b351-94cfb64f8ed1@group-4F5F5673522D-StateMachineUpdater] INFO  ratis.ContainerStateMachine (ContainerStateMachine.java:takeSnapshot(305)) - group-4F5F5673522D: Finished taking a snapshot at:(t:1, i:1) file:/workdir/hadoop-ozone/integration-test/target/test-dir/MiniOzoneClusterImpl-a1e0fe39-4452-4cf9-86f1-0fc82528131c/datanode-1/data/ratis/9cba90a7-c465-474e-85a8-4f5f5673522d/sm/snapshot.1_1 time:17
2019-10-10 21:30:35,058 [26fe6874-888a-4f12-b351-94cfb64f8ed1@group-4F5F5673522D-StateMachineUpdater] INFO  impl.StateMachineUpdater (StateMachineUpdater.java:takeSnapshot(269)) - 26fe6874-888a-4f12-b351-94cfb64f8ed1@group-4F5F5673522D-StateMachineUpdater: Took a snapshot at index 1
2019-10-10 21:30:35,058 [26fe6874-888a-4f12-b351-94cfb64f8ed1@group-4F5F5673522D-StateMachineUpdater] INFO  impl.StateMachineUpdater (StateMachineUpdater.java:lambda$new$0(84)) - 26fe6874-888a-4f12-b351-94cfb64f8ed1@group-4F5F5673522D-StateMachineUpdater: snapshotIndex: updateIncreasingly -1 -> 1
2019-10-10 21:30:35,059 [26fe6874-888a-4f12-b351-94cfb64f8ed1@group-4F5F5673522D-StateMachineUpdater] INFO  ratis.ContainerStateMachine (ContainerStateMachine.java:takeSnapshot(294)) - group-4F5F5673522D: Taking a snapshot at:(t:1, i:1) file /workdir/hadoop-ozone/integration-test/target/test-dir/MiniOzoneClusterImpl-a1e0fe39-4452-4cf9-86f1-0fc82528131c/datanode-1/data/ratis/9cba90a7-c465-474e-85a8-4f5f5673522d/sm/snapshot.1_1
2019-10-10 21:30:35,075 [26fe6874-888a-4f12-b351-94cfb64f8ed1@group-4F5F5673522D-StateMachineUpdater] INFO  ratis.ContainerStateMachine (ContainerStateMachine.java:takeSnapshot(305)) - group-4F5F5673522D: Finished taking a snapshot at:(t:1, i:1) file:/workdir/hadoop-ozone/integration-test/target/test-dir/MiniOzoneClusterImpl-a1e0fe39-4452-4cf9-86f1-0fc82528131c/datanode-1/data/ratis/9cba90a7-c465-474e-85a8-4f5f5673522d/sm/snapshot.1_1 time:16
2019-10-10 21:30:35,076 [26fe6874-888a-4f12-b351-94cfb64f8ed1@group-4F5F5673522D-StateMachineUpdater] INFO  impl.StateMachineUpdater (StateMachineUpdater.java:takeSnapshot(269)) - 26fe6874-888a-4f12-b351-94cfb64f8ed1@group-4F5F5673522D-StateMachineUpdater: Took a snapshot at index 1
2019-10-10 21:30:35,076 [26fe6874-888a-4f12-b351-94cfb64f8ed1@group-4F5F5673522D-StateMachineUpdater] INFO  impl.StateMachineUpdater (StateMachineUpdater.java:lambda$new$0(84)) - 26fe6874-888a-4f12-b351-94cfb64f8ed1@group-4F5F5673522D-StateMachineUpdater: snapshotIndex: updateIncreasingly 1 -> 1
2019-10-10 21:30:35,076 [main] INFO  impl.RaftServerImpl (ServerState.java:close(387)) - 26fe6874-888a-4f12-b351-94cfb64f8ed1@group-4F5F5673522D: closes. applyIndex: 2
2019-10-10 21:30:35,077 [26fe6874-888a-4f12-b351-94cfb64f8ed1@group-4F5F5673522D-SegmentedRaftLogWorker] INFO  segmented.SegmentedRaftLogWorker (SegmentedRaftLogWorker.java:run(316)) - 26fe6874-888a-4f12-b351-94cfb64f8ed1@group-4F5F5673522D-SegmentedRaftLogWorker was interrupted, exiting. There are 0 tasks remaining in the queue.
2019-10-10 21:30:35,082 [main] INFO  segmented.SegmentedRaftLogWorker (SegmentedRaftLogWorker.java:close(224)) - 26fe6874-888a-4f12-b351-94cfb64f8ed1@group-4F5F5673522D-SegmentedRaftLogWorker close()
2019-10-10 21:30:35,090 [main] INFO  server.GrpcService (GrpcService.java:closeImpl(164)) - 26fe6874-888a-4f12-b351-94cfb64f8ed1: shutdown server with port 40941 now
2019-10-10 21:30:35,091 [grpc-default-executor-6] WARN  server.GrpcServerProtocolService (LogUtils.java:warn(134)) - 26fe6874-888a-4f12-b351-94cfb64f8ed1: installSnapshot onError, lastRequest: ca1409e4-20e3-45f1-b1dc-bf04268b53eb->26fe6874-888a-4f12-b351-94cfb64f8ed1#5-t1, previous=(t:1, i:2), leaderCommit=2, initializing? false, entries: <empty>: org.apache.ratis.thirdparty.io.grpc.StatusRuntimeException: CANCELLED: cancelled before receiving half close
2019-10-10 21:30:35,091 [main] INFO  server.GrpcService (GrpcService.java:closeImpl(172)) - 26fe6874-888a-4f12-b351-94cfb64f8ed1: shutdown server with port 40941 successfully
2019-10-10 21:30:35,091 [grpc-default-executor-4] WARN  server.GrpcLogAppender (LogUtils.java:warn(134)) - ca1409e4-20e3-45f1-b1dc-bf04268b53eb@group-4F5F5673522D->26fe6874-888a-4f12-b351-94cfb64f8ed1-AppendLogResponseHandler: Failed appendEntries: org.apache.ratis.thirdparty.io.grpc.StatusRuntimeException: CANCELLED: HTTP/2 error code: CANCEL
Received Rst Stream
2019-10-10 21:30:35,092 [grpc-default-executor-4] INFO  impl.FollowerInfo (FollowerInfo.java:lambda$new$0(51)) - ca1409e4-20e3-45f1-b1dc-bf04268b53eb@group-4F5F5673522D->26fe6874-888a-4f12-b351-94cfb64f8ed1: nextIndex: updateUnconditionally 3 -> 2
2019-10-10 21:30:35,093 [refreshUsed-/workdir/hadoop-ozone/integration-test/target/test-dir/MiniOzoneClusterImpl-a1e0fe39-4452-4cf9-86f1-0fc82528131c/datanode-1/data/containers] WARN  fs.CachingGetSpaceUsed (CachingGetSpaceUsed.java:run(183)) - Thread Interrupted waiting to refresh disk information: sleep interrupted
2019-10-10 21:30:35,117 [main] INFO  utils.BackgroundService (BackgroundService.java:shutdown(151)) - Shutting down service BlockDeletingService
2019-10-10 21:30:35,131 [main] INFO  statemachine.DatanodeStateMachine (DatanodeStateMachine.java:stopDaemon(395)) - Ozone container server stopped.
2019-10-10 21:30:35,133 [main] INFO  handler.ContextHandler (ContextHandler.java:doStop(910)) - Stopped o.e.j.w.WebAppContext@14b4340c{/,null,UNAVAILABLE}{/hddsDatanode}
2019-10-10 21:30:35,134 [main] INFO  server.AbstractConnector (AbstractConnector.java:doStop(318)) - Stopped ServerConnector@12abcd1e{HTTP/1.1,[http/1.1]}{0.0.0.0:0}
2019-10-10 21:30:35,134 [main] INFO  handler.ContextHandler (ContextHandler.java:doStop(910)) - Stopped o.e.j.s.ServletContextHandler@6a09484c{/static,jar:file:/home/user/.m2/repository/org/apache/hadoop/hadoop-hdds-container-service/0.5.0-SNAPSHOT/hadoop-hdds-container-service-0.5.0-SNAPSHOT.jar!/webapps/static,UNAVAILABLE}
2019-10-10 21:30:35,135 [main] INFO  handler.ContextHandler (ContextHandler.java:doStop(910)) - Stopped o.e.j.s.ServletContextHandler@6380e9e9{/logs,file:///workdir/hadoop-ozone/integration-test/target/log,UNAVAILABLE}
2019-10-10 21:30:35,151 [grpc-default-executor-8] WARN  server.GrpcLogAppender (LogUtils.java:warn(134)) - ca1409e4-20e3-45f1-b1dc-bf04268b53eb@group-4F5F5673522D->26fe6874-888a-4f12-b351-94cfb64f8ed1-AppendLogResponseHandler: Failed appendEntries: org.apache.ratis.thirdparty.io.grpc.StatusRuntimeException: UNAVAILABLE: io exception
2019-10-10 21:30:35,151 [grpc-default-executor-8] INFO  impl.FollowerInfo (FollowerInfo.java:lambda$new$0(51)) - ca1409e4-20e3-45f1-b1dc-bf04268b53eb@group-4F5F5673522D->26fe6874-888a-4f12-b351-94cfb64f8ed1: nextIndex: updateUnconditionally 3 -> 2
2019-10-10 21:30:35,163 [grpc-default-executor-4] WARN  server.GrpcLogAppender (LogUtils.java:warn(134)) - ca1409e4-20e3-45f1-b1dc-bf04268b53eb@group-4F5F5673522D->26fe6874-888a-4f12-b351-94cfb64f8ed1-AppendLogResponseHandler: Failed appendEntries: org.apache.ratis.thirdparty.io.grpc.StatusRuntimeException: UNAVAILABLE: io exception
2019-10-10 21:30:35,164 [grpc-default-executor-4] INFO  impl.FollowerInfo (FollowerInfo.java:lambda$new$0(51)) - ca1409e4-20e3-45f1-b1dc-bf04268b53eb@group-4F5F5673522D->26fe6874-888a-4f12-b351-94cfb64f8ed1: nextIndex: updateUnconditionally 3 -> 2
2019-10-10 21:30:35,180 [grpc-default-executor-8] WARN  server.GrpcLogAppender (LogUtils.java:warn(134)) - ca1409e4-20e3-45f1-b1dc-bf04268b53eb@group-4F5F5673522D->26fe6874-888a-4f12-b351-94cfb64f8ed1-AppendLogResponseHandler: Failed appendEntries: org.apache.ratis.thirdparty.io.grpc.StatusRuntimeException: UNAVAILABLE: io exception
2019-10-10 21:30:35,180 [EventQueue-IncrementalContainerReportForIncrementalContainerReportHandler] WARN  container.IncrementalContainerReportHandler (AbstractContainerReportHandler.java:updateContainerState(145)) - Container #1 is in OPEN state, but the datanode ca1409e4-20e3-45f1-b1dc-bf04268b53eb{ip: 192.168.157.203, host: pr-hdds-1986-lk2hz-517324276, networkLocation: /default-rack, certSerialId: null} reports an CLOSING replica.
2019-10-10 21:30:35,180 [grpc-default-executor-8] INFO  impl.FollowerInfo (FollowerInfo.java:lambda$new$0(51)) - ca1409e4-20e3-45f1-b1dc-bf04268b53eb@group-4F5F5673522D->26fe6874-888a-4f12-b351-94cfb64f8ed1: nextIndex: updateUnconditionally 3 -> 2
2019-10-10 21:30:35,194 [EventQueue-IncrementalContainerReportForIncrementalContainerReportHandler] WARN  container.IncrementalContainerReportHandler (AbstractContainerReportHandler.java:updateContainerState(145)) - Container #1 is in OPEN state, but the datanode b4c5c9e1-3835-4852-a62b-9f142dfef2cb{ip: 192.168.157.203, host: pr-hdds-1986-lk2hz-517324276, networkLocation: /default-rack, certSerialId: null} reports an CLOSING replica.
2019-10-10 21:30:35,237 [RatisApplyTransactionExecutor 1] INFO  interfaces.Container (KeyValueContainer.java:flushAndSyncDB(386)) - Container 1 is synced with bcsId 0.
2019-10-10 21:30:35,280 [RatisApplyTransactionExecutor 1] INFO  interfaces.Container (KeyValueContainer.java:flushAndSyncDB(386)) - Container 1 is synced with bcsId 0.
2019-10-10 21:30:35,292 [RatisApplyTransactionExecutor 1] INFO  interfaces.Container (KeyValueContainer.java:flushAndSyncDB(386)) - Container 1 is synced with bcsId 0.
2019-10-10 21:30:35,292 [RatisApplyTransactionExecutor 1] INFO  interfaces.Container (KeyValueContainer.java:flushAndSyncDB(386)) - Container 1 is synced with bcsId 0.
2019-10-10 21:30:35,293 [RatisApplyTransactionExecutor 1] INFO  interfaces.Container (KeyValueContainer.java:close(335)) - Container 1 is closed with bcsId 0.
2019-10-10 21:30:35,299 [EventQueue-IncrementalContainerReportForIncrementalContainerReportHandler] WARN  container.IncrementalContainerReportHandler (AbstractContainerReportHandler.java:updateContainerState(145)) - Container #1 is in OPEN state, but the datanode ca1409e4-20e3-45f1-b1dc-bf04268b53eb{ip: 192.168.157.203, host: pr-hdds-1986-lk2hz-517324276, networkLocation: /default-rack, certSerialId: null} reports an CLOSED replica.
2019-10-10 21:30:35,306 [RatisApplyTransactionExecutor 1] INFO  interfaces.Container (KeyValueContainer.java:close(335)) - Container 1 is closed with bcsId 0.
2019-10-10 21:30:35,307 [EventQueue-IncrementalContainerReportForIncrementalContainerReportHandler] WARN  container.IncrementalContainerReportHandler (AbstractContainerReportHandler.java:updateContainerState(145)) - Container #1 is in OPEN state, but the datanode b4c5c9e1-3835-4852-a62b-9f142dfef2cb{ip: 192.168.157.203, host: pr-hdds-1986-lk2hz-517324276, networkLocation: /default-rack, certSerialId: null} reports an CLOSED replica.
2019-10-10 21:30:37,312 [grpc-default-executor-7] WARN  server.GrpcLogAppender (LogUtils.java:warn(134)) - a900087f-503e-4321-861c-2daca883c610@group-4429540AD53A->dfe184d8-5e71-4515-9f68-a36fd788b5f0-AppendLogResponseHandler: Failed appendEntries: org.apache.ratis.thirdparty.io.grpc.StatusRuntimeException: UNAVAILABLE: io exception
2019-10-10 21:30:37,312 [grpc-default-executor-4] WARN  server.GrpcLogAppender (LogUtils.java:warn(134)) - a900087f-503e-4321-861c-2daca883c610@group-4429540AD53A->b53b5c8e-5e67-456c-afc2-42f0810f9e11-AppendLogResponseHandler: Failed appendEntries: org.apache.ratis.thirdparty.io.grpc.StatusRuntimeException: UNAVAILABLE: io exception
2019-10-10 21:30:37,312 [grpc-default-executor-7] INFO  impl.FollowerInfo (FollowerInfo.java:lambda$new$0(51)) - a900087f-503e-4321-861c-2daca883c610@group-4429540AD53A->dfe184d8-5e71-4515-9f68-a36fd788b5f0: nextIndex: updateUnconditionally 0 -> 0
2019-10-10 21:30:37,312 [grpc-default-executor-4] INFO  impl.FollowerInfo (FollowerInfo.java:lambda$new$0(51)) - a900087f-503e-4321-861c-2daca883c610@group-4429540AD53A->b53b5c8e-5e67-456c-afc2-42f0810f9e11: nextIndex: updateUnconditionally 0 -> 0
2019-10-10 21:30:37,682 [grpc-default-executor-7] WARN  server.GrpcLogAppender (LogUtils.java:warn(134)) - ca1409e4-20e3-45f1-b1dc-bf04268b53eb@group-4F5F5673522D->26fe6874-888a-4f12-b351-94cfb64f8ed1-AppendLogResponseHandler: Failed appendEntries: org.apache.ratis.thirdparty.io.grpc.StatusRuntimeException: UNAVAILABLE: io exception
2019-10-10 21:30:37,682 [grpc-default-executor-7] INFO  impl.FollowerInfo (FollowerInfo.java:lambda$new$0(51)) - ca1409e4-20e3-45f1-b1dc-bf04268b53eb@group-4F5F5673522D->26fe6874-888a-4f12-b351-94cfb64f8ed1: nextIndex: updateUnconditionally 2 -> 1
2019-10-10 21:30:37,810 [EventQueue-StaleNodeForStaleNodeHandler] INFO  node.StaleNodeHandler (StaleNodeHandler.java:onMessage(58)) - Datanode dfe184d8-5e71-4515-9f68-a36fd788b5f0{ip: 192.168.157.203, host: pr-hdds-1986-lk2hz-517324276, networkLocation: /default-rack, certSerialId: null} moved to stale state. Finalizing its pipelines [PipelineID=80b4f958-f27b-4714-a0f7-64462be3de81, PipelineID=e2ca124d-acf6-404f-ad6f-4429540ad53a]
2019-10-10 21:30:37,810 [EventQueue-StaleNodeForStaleNodeHandler] INFO  pipeline.SCMPipelineManager (SCMPipelineManager.java:finalizeAndDestroyPipeline(315)) - destroying pipeline:Pipeline[ Id: 80b4f958-f27b-4714-a0f7-64462be3de81, Nodes: dfe184d8-5e71-4515-9f68-a36fd788b5f0{ip: 192.168.157.203, host: pr-hdds-1986-lk2hz-517324276, networkLocation: /default-rack, certSerialId: null}, Type:RATIS, Factor:ONE, State:OPEN]
2019-10-10 21:30:37,810 [EventQueue-StaleNodeForStaleNodeHandler] INFO  pipeline.PipelineStateManager (PipelineStateManager.java:finalizePipeline(123)) - Pipeline Pipeline[ Id: 80b4f958-f27b-4714-a0f7-64462be3de81, Nodes: dfe184d8-5e71-4515-9f68-a36fd788b5f0{ip: 192.168.157.203, host: pr-hdds-1986-lk2hz-517324276, networkLocation: /default-rack, certSerialId: null}, Type:RATIS, Factor:ONE, State:CLOSED] moved to CLOSED state
2019-10-10 21:30:37,811 [EventQueue-StaleNodeForStaleNodeHandler] INFO  pipeline.SCMPipelineManager (SCMPipelineManager.java:finalizeAndDestroyPipeline(315)) - destroying pipeline:Pipeline[ Id: e2ca124d-acf6-404f-ad6f-4429540ad53a, Nodes: b53b5c8e-5e67-456c-afc2-42f0810f9e11{ip: 192.168.157.203, host: pr-hdds-1986-lk2hz-517324276, networkLocation: /default-rack, certSerialId: null}dfe184d8-5e71-4515-9f68-a36fd788b5f0{ip: 192.168.157.203, host: pr-hdds-1986-lk2hz-517324276, networkLocation: /default-rack, certSerialId: null}a900087f-503e-4321-861c-2daca883c610{ip: 192.168.157.203, host: pr-hdds-1986-lk2hz-517324276, networkLocation: /default-rack, certSerialId: null}, Type:RATIS, Factor:THREE, State:CLOSED]
2019-10-10 21:30:38,301 [main] WARN  scm.XceiverClientRatis (XceiverClientRatis.java:watchForCommit(277)) - 3 way commit failed on pipeline Pipeline[ Id: 9cba90a7-c465-474e-85a8-4f5f5673522d, Nodes: 26fe6874-888a-4f12-b351-94cfb64f8ed1{ip: 192.168.157.203, host: pr-hdds-1986-lk2hz-517324276, networkLocation: /default-rack, certSerialId: null}b4c5c9e1-3835-4852-a62b-9f142dfef2cb{ip: 192.168.157.203, host: pr-hdds-1986-lk2hz-517324276, networkLocation: /default-rack, certSerialId: null}ca1409e4-20e3-45f1-b1dc-bf04268b53eb{ip: 192.168.157.203, host: pr-hdds-1986-lk2hz-517324276, networkLocation: /default-rack, certSerialId: null}, Type:RATIS, Factor:THREE, State:OPEN]
java.util.concurrent.TimeoutException
	at java.util.concurrent.CompletableFuture.timedGet(CompletableFuture.java:1771)
	at java.util.concurrent.CompletableFuture.get(CompletableFuture.java:1915)
	at org.apache.hadoop.hdds.scm.XceiverClientRatis.watchForCommit(XceiverClientRatis.java:274)
	at org.apache.hadoop.ozone.client.rpc.TestWatchForCommit.test2WayCommitForTimeoutException(TestWatchForCommit.java:391)
	at sun.reflect.NativeMethodAccessorImpl.invoke0(Native Method)
	at sun.reflect.NativeMethodAccessorImpl.invoke(NativeMethodAccessorImpl.java:62)
	at sun.reflect.DelegatingMethodAccessorImpl.invoke(DelegatingMethodAccessorImpl.java:43)
	at java.lang.reflect.Method.invoke(Method.java:498)
	at org.junit.runners.model.FrameworkMethod$1.runReflectiveCall(FrameworkMethod.java:47)
	at org.junit.internal.runners.model.ReflectiveCallable.run(ReflectiveCallable.java:12)
	at org.junit.runners.model.FrameworkMethod.invokeExplosively(FrameworkMethod.java:44)
	at org.junit.internal.runners.statements.InvokeMethod.evaluate(InvokeMethod.java:17)
	at org.junit.runners.ParentRunner.runLeaf(ParentRunner.java:271)
	at org.junit.runners.BlockJUnit4ClassRunner.runChild(BlockJUnit4ClassRunner.java:70)
	at org.junit.runners.BlockJUnit4ClassRunner.runChild(BlockJUnit4ClassRunner.java:50)
	at org.junit.runners.ParentRunner$3.run(ParentRunner.java:238)
	at org.junit.runners.ParentRunner$1.schedule(ParentRunner.java:63)
	at org.junit.runners.ParentRunner.runChildren(ParentRunner.java:236)
	at org.junit.runners.ParentRunner.access$000(ParentRunner.java:53)
	at org.junit.runners.ParentRunner$2.evaluate(ParentRunner.java:229)
	at org.junit.runners.ParentRunner.run(ParentRunner.java:309)
	at org.apache.maven.surefire.junit4.JUnit4Provider.execute(JUnit4Provider.java:365)
	at org.apache.maven.surefire.junit4.JUnit4Provider.executeWithRerun(JUnit4Provider.java:273)
	at org.apache.maven.surefire.junit4.JUnit4Provider.executeTestSet(JUnit4Provider.java:238)
	at org.apache.maven.surefire.junit4.JUnit4Provider.invoke(JUnit4Provider.java:159)
	at org.apache.maven.surefire.booter.ForkedBooter.invokeProviderInSameClassLoader(ForkedBooter.java:384)
	at org.apache.maven.surefire.booter.ForkedBooter.runSuitesInProcess(ForkedBooter.java:345)
	at org.apache.maven.surefire.booter.ForkedBooter.execute(ForkedBooter.java:126)
	at org.apache.maven.surefire.booter.ForkedBooter.main(ForkedBooter.java:418)
2019-10-10 21:30:39,814 [grpc-default-executor-4] WARN  server.GrpcLogAppender (LogUtils.java:warn(134)) - a900087f-503e-4321-861c-2daca883c610@group-4429540AD53A->b53b5c8e-5e67-456c-afc2-42f0810f9e11-AppendLogResponseHandler: Failed appendEntries: org.apache.ratis.thirdparty.io.grpc.StatusRuntimeException: UNAVAILABLE: io exception
2019-10-10 21:30:39,814 [grpc-default-executor-6] WARN  server.GrpcLogAppender (LogUtils.java:warn(134)) - a900087f-503e-4321-861c-2daca883c610@group-4429540AD53A->dfe184d8-5e71-4515-9f68-a36fd788b5f0-AppendLogResponseHandler: Failed appendEntries: org.apache.ratis.thirdparty.io.grpc.StatusRuntimeException: UNAVAILABLE: io exception
2019-10-10 21:30:39,815 [grpc-default-executor-4] INFO  impl.FollowerInfo (FollowerInfo.java:lambda$new$0(51)) - a900087f-503e-4321-861c-2daca883c610@group-4429540AD53A->b53b5c8e-5e67-456c-afc2-42f0810f9e11: nextIndex: updateUnconditionally 0 -> 0
2019-10-10 21:30:39,815 [grpc-default-executor-6] INFO  impl.FollowerInfo (FollowerInfo.java:lambda$new$0(51)) - a900087f-503e-4321-861c-2daca883c610@group-4429540AD53A->dfe184d8-5e71-4515-9f68-a36fd788b5f0: nextIndex: updateUnconditionally 0 -> 0
2019-10-10 21:30:40,182 [grpc-default-executor-2] WARN  server.GrpcLogAppender (LogUtils.java:warn(134)) - ca1409e4-20e3-45f1-b1dc-bf04268b53eb@group-4F5F5673522D->26fe6874-888a-4f12-b351-94cfb64f8ed1-AppendLogResponseHandler: Failed appendEntries: org.apache.ratis.thirdparty.io.grpc.StatusRuntimeException: UNAVAILABLE: io exception
2019-10-10 21:30:40,183 [grpc-default-executor-2] INFO  impl.FollowerInfo (FollowerInfo.java:lambda$new$0(51)) - ca1409e4-20e3-45f1-b1dc-bf04268b53eb@group-4F5F5673522D->26fe6874-888a-4f12-b351-94cfb64f8ed1: nextIndex: updateUnconditionally 1 -> 0
]]></system-out>
    <system-err><![CDATA[Oct 10, 2019 9:30:35 PM org.apache.ratis.thirdparty.io.grpc.internal.SerializingExecutor run
SEVERE: Exception while executing runnable org.apache.ratis.thirdparty.io.grpc.internal.ServerImpl$JumpToApplicationThreadServerStreamListener$1Closed@288e5878
org.apache.ratis.thirdparty.io.grpc.StatusRuntimeException: CANCELLED: call already cancelled
	at org.apache.ratis.thirdparty.io.grpc.Status.asRuntimeException(Status.java:517)
	at org.apache.ratis.thirdparty.io.grpc.stub.ServerCalls$ServerCallStreamObserverImpl.onCompleted(ServerCalls.java:356)
	at org.apache.ratis.grpc.server.GrpcServerProtocolService$ServerRequestStreamObserver.onError(GrpcServerProtocolService.java:121)
	at org.apache.ratis.thirdparty.io.grpc.stub.ServerCalls$StreamingServerCallHandler$StreamingServerCallListener.onCancel(ServerCalls.java:269)
	at org.apache.ratis.thirdparty.io.grpc.internal.ServerCallImpl$ServerStreamListenerImpl.closed(ServerCallImpl.java:293)
	at org.apache.ratis.thirdparty.io.grpc.internal.ServerImpl$JumpToApplicationThreadServerStreamListener$1Closed.runInContext(ServerImpl.java:741)
	at org.apache.ratis.thirdparty.io.grpc.internal.ContextRunnable.run(ContextRunnable.java:37)
	at org.apache.ratis.thirdparty.io.grpc.internal.SerializingExecutor.run(SerializingExecutor.java:123)
	at java.util.concurrent.ThreadPoolExecutor.runWorker(ThreadPoolExecutor.java:1149)
	at java.util.concurrent.ThreadPoolExecutor$Worker.run(ThreadPoolExecutor.java:624)
	at java.lang.Thread.run(Thread.java:748)

]]></system-err>
  </testcase>
</testsuite>