<?xml version="1.0" encoding="UTF-8"?>
<testsuite xmlns:xsi="http://www.w3.org/2001/XMLSchema-instance" xsi:noNamespaceSchemaLocation="https://maven.apache.org/surefire/maven-surefire-plugin/xsd/surefire-test-report.xsd" name="org.apache.hadoop.ozone.client.rpc.TestWatchForCommit" time="249.044" tests="5" errors="1" skipped="0" failures="0">
  <properties>
    <property name="awt.toolkit" value="sun.awt.X11.XToolkit"/>
    <property name="file.encoding.pkg" value="sun.io"/>
    <property name="java.specification.version" value="1.8"/>
    <property name="sun.cpu.isalist" value=""/>
    <property name="sun.jnu.encoding" value="UTF-8"/>
    <property name="java.class.path" value="/workdir/hadoop-ozone/integration-test/target/test-classes:/workdir/hadoop-ozone/integration-test/target/classes:/home/user/.m2/repository/org/apache/hadoop/hadoop-ozone-common/0.5.0-SNAPSHOT/hadoop-ozone-common-0.5.0-SNAPSHOT.jar:/home/user/.m2/repository/org/apache/commons/commons-compress/1.4.1/commons-compress-1.4.1.jar:/home/user/.m2/repository/org/tukaani/xz/1.0/xz-1.0.jar:/home/user/.m2/repository/org/apache/hadoop/hadoop-common/3.2.0/hadoop-common-3.2.0.jar:/home/user/.m2/repository/org/apache/hadoop/hadoop-hdfs/3.2.0/hadoop-hdfs-3.2.0.jar:/home/user/.m2/repository/org/apache/hadoop/hadoop-hdfs-client/3.2.0/hadoop-hdfs-client-3.2.0.jar:/home/user/.m2/repository/com/fasterxml/jackson/core/jackson-annotations/2.9.9/jackson-annotations-2.9.9.jar:/home/user/.m2/repository/org/apache/hadoop/hadoop-hdds-common/0.5.0-SNAPSHOT/hadoop-hdds-common-0.5.0-SNAPSHOT.jar:/home/user/.m2/repository/javax/annotation/javax.annotation-api/1.2/javax.annotation-api-1.2.jar:/home/user/.m2/repository/org/apache/ratis/ratis-server/0.5.0-201fc85-SNAPSHOT/ratis-server-0.5.0-201fc85-SNAPSHOT.jar:/home/user/.m2/repository/org/apache/ratis/ratis-thirdparty-misc/0.2.0/ratis-thirdparty-misc-0.2.0.jar:/home/user/.m2/repository/org/apache/ratis/ratis-proto/0.5.0-201fc85-SNAPSHOT/ratis-proto-0.5.0-201fc85-SNAPSHOT.jar:/home/user/.m2/repository/org/apache/ratis/ratis-common/0.5.0-201fc85-SNAPSHOT/ratis-common-0.5.0-201fc85-SNAPSHOT.jar:/home/user/.m2/repository/org/apache/ratis/ratis-client/0.5.0-201fc85-SNAPSHOT/ratis-client-0.5.0-201fc85-SNAPSHOT.jar:/home/user/.m2/repository/org/apache/ratis/ratis-metrics/0.5.0-201fc85-SNAPSHOT/ratis-metrics-0.5.0-201fc85-SNAPSHOT.jar:/home/user/.m2/repository/com/github/joshelser/dropwizard-metrics-hadoop-metrics2-reporter/0.1.2/dropwizard-metrics-hadoop-metrics2-reporter-0.1.2.jar:/home/user/.m2/repository/io/dropwizard/metrics/metrics-jvm/3.2.5/metrics-jvm-3.2.5.jar:/home/user/.m2/repository/io/dropwizard/metrics/metrics-ganglia/3.2.5/metrics-ganglia-3.2.5.jar:/home/user/.m2/repository/info/ganglia/gmetric4j/gmetric4j/1.0.7/gmetric4j-1.0.7.jar:/home/user/.m2/repository/org/apache/ratis/ratis-netty/0.5.0-201fc85-SNAPSHOT/ratis-netty-0.5.0-201fc85-SNAPSHOT.jar:/home/user/.m2/repository/org/apache/ratis/ratis-grpc/0.5.0-201fc85-SNAPSHOT/ratis-grpc-0.5.0-201fc85-SNAPSHOT.jar:/home/user/.m2/repository/org/rocksdb/rocksdbjni/6.0.1/rocksdbjni-6.0.1.jar:/home/user/.m2/repository/org/apache/logging/log4j/log4j-api/2.11.0/log4j-api-2.11.0.jar:/home/user/.m2/repository/org/apache/logging/log4j/log4j-core/2.11.0/log4j-core-2.11.0.jar:/home/user/.m2/repository/com/lmax/disruptor/3.4.2/disruptor-3.4.2.jar:/home/user/.m2/repository/org/apache/commons/commons-pool2/2.6.0/commons-pool2-2.6.0.jar:/home/user/.m2/repository/org/bouncycastle/bcpkix-jdk15on/1.60/bcpkix-jdk15on-1.60.jar:/home/user/.m2/repository/commons-validator/commons-validator/1.6/commons-validator-1.6.jar:/home/user/.m2/repository/commons-digester/commons-digester/1.8.1/commons-digester-1.8.1.jar:/home/user/.m2/repository/io/jaegertracing/jaeger-client/0.34.0/jaeger-client-0.34.0.jar:/home/user/.m2/repository/io/jaegertracing/jaeger-thrift/0.34.0/jaeger-thrift-0.34.0.jar:/home/user/.m2/repository/org/apache/thrift/libthrift/0.12.0/libthrift-0.12.0.jar:/home/user/.m2/repository/com/squareup/okhttp3/okhttp/3.9.0/okhttp-3.9.0.jar:/home/user/.m2/repository/com/squareup/okio/okio/1.13.0/okio-1.13.0.jar:/home/user/.m2/repository/io/jaegertracing/jaeger-core/0.34.0/jaeger-core-0.34.0.jar:/home/user/.m2/repository/io/jaegertracing/jaeger-tracerresolver/0.34.0/jaeger-tracerresolver-0.34.0.jar:/home/user/.m2/repository/io/opentracing/contrib/opentracing-tracerresolver/0.1.5/opentracing-tracerresolver-0.1.5.jar:/home/user/.m2/repository/io/opentracing/opentracing-util/0.31.0/opentracing-util-0.31.0.jar:/home/user/.m2/repository/io/opentracing/opentracing-api/0.31.0/opentracing-api-0.31.0.jar:/home/user/.m2/repository/io/opentracing/opentracing-noop/0.31.0/opentracing-noop-0.31.0.jar:/home/user/.m2/repository/org/apache/hadoop/hadoop-hdds-server-framework/0.5.0-SNAPSHOT/hadoop-hdds-server-framework-0.5.0-SNAPSHOT.jar:/home/user/.m2/repository/org/apache/hadoop/hadoop-hdds-container-service/0.5.0-SNAPSHOT/hadoop-hdds-container-service-0.5.0-SNAPSHOT.jar:/home/user/.m2/repository/org/apache/hadoop/hadoop-hdds-client/0.5.0-SNAPSHOT/hadoop-hdds-client-0.5.0-SNAPSHOT.jar:/home/user/.m2/repository/org/apache/hadoop/hadoop-hdds-tools/0.5.0-SNAPSHOT/hadoop-hdds-tools-0.5.0-SNAPSHOT.jar:/home/user/.m2/repository/org/apache/hadoop/hadoop-hdds-server-scm/0.5.0-SNAPSHOT/hadoop-hdds-server-scm-0.5.0-SNAPSHOT.jar:/home/user/.m2/repository/org/apache/hadoop/hadoop-hdds-docs/0.5.0-SNAPSHOT/hadoop-hdds-docs-0.5.0-SNAPSHOT.jar:/home/user/.m2/repository/io/dropwizard/metrics/metrics-core/3.2.4/metrics-core-3.2.4.jar:/home/user/.m2/repository/org/hamcrest/hamcrest-all/1.3/hamcrest-all-1.3.jar:/home/user/.m2/repository/org/bouncycastle/bcprov-jdk15on/1.60/bcprov-jdk15on-1.60.jar:/home/user/.m2/repository/info/picocli/picocli/3.9.6/picocli-3.9.6.jar:/home/user/.m2/repository/com/google/protobuf/protobuf-java/2.5.0/protobuf-java-2.5.0.jar:/home/user/.m2/repository/com/google/guava/guava/11.0.2/guava-11.0.2.jar:/home/user/.m2/repository/org/apache/hadoop/hadoop-ozone-ozone-manager/0.5.0-SNAPSHOT/hadoop-ozone-ozone-manager-0.5.0-SNAPSHOT.jar:/home/user/.m2/repository/org/apache/hadoop/hadoop-minikdc/3.2.0/hadoop-minikdc-3.2.0.jar:/home/user/.m2/repository/commons-io/commons-io/2.5/commons-io-2.5.jar:/home/user/.m2/repository/org/apache/kerby/kerb-simplekdc/1.0.1/kerb-simplekdc-1.0.1.jar:/home/user/.m2/repository/org/apache/kerby/kerb-client/1.0.1/kerb-client-1.0.1.jar:/home/user/.m2/repository/org/apache/kerby/kerby-config/1.0.1/kerby-config-1.0.1.jar:/home/user/.m2/repository/org/apache/kerby/kerb-core/1.0.1/kerb-core-1.0.1.jar:/home/user/.m2/repository/org/apache/kerby/kerby-pkix/1.0.1/kerby-pkix-1.0.1.jar:/home/user/.m2/repository/org/apache/kerby/kerby-asn1/1.0.1/kerby-asn1-1.0.1.jar:/home/user/.m2/repository/org/apache/kerby/kerby-util/1.0.1/kerby-util-1.0.1.jar:/home/user/.m2/repository/org/apache/kerby/kerb-common/1.0.1/kerb-common-1.0.1.jar:/home/user/.m2/repository/org/apache/kerby/kerb-crypto/1.0.1/kerb-crypto-1.0.1.jar:/home/user/.m2/repository/org/apache/kerby/kerb-util/1.0.1/kerb-util-1.0.1.jar:/home/user/.m2/repository/org/apache/kerby/token-provider/1.0.1/token-provider-1.0.1.jar:/home/user/.m2/repository/org/apache/kerby/kerb-admin/1.0.1/kerb-admin-1.0.1.jar:/home/user/.m2/repository/org/apache/kerby/kerb-server/1.0.1/kerb-server-1.0.1.jar:/home/user/.m2/repository/org/apache/kerby/kerb-identity/1.0.1/kerb-identity-1.0.1.jar:/home/user/.m2/repository/org/apache/kerby/kerby-xdr/1.0.1/kerby-xdr-1.0.1.jar:/home/user/.m2/repository/org/slf4j/slf4j-log4j12/1.7.25/slf4j-log4j12-1.7.25.jar:/home/user/.m2/repository/org/apache/hadoop/hadoop-ozone-s3gateway/0.5.0-SNAPSHOT/hadoop-ozone-s3gateway-0.5.0-SNAPSHOT.jar:/home/user/.m2/repository/org/jboss/weld/servlet/weld-servlet/2.4.7.Final/weld-servlet-2.4.7.Final.jar:/home/user/.m2/repository/org/glassfish/jersey/containers/jersey-container-servlet-core/2.27/jersey-container-servlet-core-2.27.jar:/home/user/.m2/repository/org/glassfish/hk2/external/javax.inject/2.5.0-b42/javax.inject-2.5.0-b42.jar:/home/user/.m2/repository/org/glassfish/jersey/core/jersey-common/2.27/jersey-common-2.27.jar:/home/user/.m2/repository/org/glassfish/hk2/osgi-resource-locator/1.0.1/osgi-resource-locator-1.0.1.jar:/home/user/.m2/repository/javax/ws/rs/javax.ws.rs-api/2.1/javax.ws.rs-api-2.1.jar:/home/user/.m2/repository/org/glassfish/jersey/ext/cdi/jersey-cdi1x/2.27/jersey-cdi1x-2.27.jar:/home/user/.m2/repository/org/glassfish/jersey/inject/jersey-hk2/2.27/jersey-hk2-2.27.jar:/home/user/.m2/repository/org/glassfish/hk2/hk2-locator/2.5.0-b42/hk2-locator-2.5.0-b42.jar:/home/user/.m2/repository/org/javassist/javassist/3.22.0-CR2/javassist-3.22.0-CR2.jar:/home/user/.m2/repository/org/glassfish/hk2/hk2-api/2.5.0/hk2-api-2.5.0.jar:/home/user/.m2/repository/org/glassfish/hk2/external/jakarta.inject/2.5.0/jakarta.inject-2.5.0.jar:/home/user/.m2/repository/org/glassfish/hk2/hk2-utils/2.5.0/hk2-utils-2.5.0.jar:/home/user/.m2/repository/jakarta/annotation/jakarta.annotation-api/1.3.4/jakarta.annotation-api-1.3.4.jar:/home/user/.m2/repository/org/glassfish/hk2/external/aopalliance-repackaged/2.5.0/aopalliance-repackaged-2.5.0.jar:/home/user/.m2/repository/com/fasterxml/jackson/dataformat/jackson-dataformat-xml/2.9.0/jackson-dataformat-xml-2.9.0.jar:/home/user/.m2/repository/com/fasterxml/jackson/core/jackson-core/2.9.9/jackson-core-2.9.9.jar:/home/user/.m2/repository/com/fasterxml/jackson/module/jackson-module-jaxb-annotations/2.9.9/jackson-module-jaxb-annotations-2.9.9.jar:/home/user/.m2/repository/javax/enterprise/cdi-api/1.2/cdi-api-1.2.jar:/home/user/.m2/repository/javax/el/javax.el-api/3.0.0/javax.el-api-3.0.0.jar:/home/user/.m2/repository/javax/interceptor/javax.interceptor-api/1.2/javax.interceptor-api-1.2.jar:/home/user/.m2/repository/javax/inject/javax.inject/1/javax.inject-1.jar:/home/user/.m2/repository/com/sun/xml/bind/jaxb-impl/2.3.0.1/jaxb-impl-2.3.0.1.jar:/home/user/.m2/repository/com/sun/xml/bind/jaxb-core/2.3.0.1/jaxb-core-2.3.0.1.jar:/home/user/.m2/repository/javax/xml/bind/jaxb-api/2.3.0/jaxb-api-2.3.0.jar:/home/user/.m2/repository/javax/activation/activation/1.1.1/activation-1.1.1.jar:/home/user/.m2/repository/org/apache/hadoop/hadoop-ozone-csi/0.5.0-SNAPSHOT/hadoop-ozone-csi-0.5.0-SNAPSHOT.jar:/home/user/.m2/repository/com/google/protobuf/protobuf-java-util/3.5.1/protobuf-java-util-3.5.1.jar:/home/user/.m2/repository/org/apache/hadoop/hadoop-hdds-config/0.5.0-SNAPSHOT/hadoop-hdds-config-0.5.0-SNAPSHOT.jar:/home/user/.m2/repository/io/grpc/grpc-netty/1.17.1/grpc-netty-1.17.1.jar:/home/user/.m2/repository/io/grpc/grpc-core/1.17.1/grpc-core-1.17.1.jar:/home/user/.m2/repository/io/grpc/grpc-context/1.17.1/grpc-context-1.17.1.jar:/home/user/.m2/repository/com/google/errorprone/error_prone_annotations/2.2.0/error_prone_annotations-2.2.0.jar:/home/user/.m2/repository/org/codehaus/mojo/animal-sniffer-annotations/1.17/animal-sniffer-annotations-1.17.jar:/home/user/.m2/repository/io/opencensus/opencensus-api/0.17.0/opencensus-api-0.17.0.jar:/home/user/.m2/repository/io/opencensus/opencensus-contrib-grpc-metrics/0.17.0/opencensus-contrib-grpc-metrics-0.17.0.jar:/home/user/.m2/repository/io/netty/netty-codec-http2/4.1.30.Final/netty-codec-http2-4.1.30.Final.jar:/home/user/.m2/repository/io/netty/netty-codec-http/4.1.30.Final/netty-codec-http-4.1.30.Final.jar:/home/user/.m2/repository/io/netty/netty-codec/4.1.30.Final/netty-codec-4.1.30.Final.jar:/home/user/.m2/repository/io/netty/netty-handler/4.1.30.Final/netty-handler-4.1.30.Final.jar:/home/user/.m2/repository/io/netty/netty-handler-proxy/4.1.30.Final/netty-handler-proxy-4.1.30.Final.jar:/home/user/.m2/repository/io/netty/netty-codec-socks/4.1.30.Final/netty-codec-socks-4.1.30.Final.jar:/home/user/.m2/repository/io/netty/netty-transport-native-epoll/4.1.30.Final/netty-transport-native-epoll-4.1.30.Final.jar:/home/user/.m2/repository/io/netty/netty-common/4.1.30.Final/netty-common-4.1.30.Final.jar:/home/user/.m2/repository/io/netty/netty-buffer/4.1.30.Final/netty-buffer-4.1.30.Final.jar:/home/user/.m2/repository/io/netty/netty-transport/4.1.30.Final/netty-transport-4.1.30.Final.jar:/home/user/.m2/repository/io/netty/netty-resolver/4.1.30.Final/netty-resolver-4.1.30.Final.jar:/home/user/.m2/repository/io/netty/netty-transport-native-unix-common/4.1.30.Final/netty-transport-native-unix-common-4.1.30.Final.jar:/home/user/.m2/repository/io/grpc/grpc-protobuf/1.17.1/grpc-protobuf-1.17.1.jar:/home/user/.m2/repository/com/google/api/grpc/proto-google-common-protos/1.0.0/proto-google-common-protos-1.0.0.jar:/home/user/.m2/repository/io/grpc/grpc-protobuf-lite/1.17.1/grpc-protobuf-lite-1.17.1.jar:/home/user/.m2/repository/io/grpc/grpc-stub/1.17.1/grpc-stub-1.17.1.jar:/home/user/.m2/repository/org/apache/hadoop/hadoop-ozone-recon/0.5.0-SNAPSHOT/hadoop-ozone-recon-0.5.0-SNAPSHOT.jar:/home/user/.m2/repository/org/apache/hadoop/hadoop-ozone-reconcodegen/0.5.0-SNAPSHOT/hadoop-ozone-reconcodegen-0.5.0-SNAPSHOT.jar:/home/user/.m2/repository/com/google/inject/extensions/guice-multibindings/4.0/guice-multibindings-4.0.jar:/home/user/.m2/repository/com/google/inject/guice/4.0/guice-4.0.jar:/home/user/.m2/repository/aopalliance/aopalliance/1.0/aopalliance-1.0.jar:/home/user/.m2/repository/com/google/inject/extensions/guice-servlet/4.0/guice-servlet-4.0.jar:/home/user/.m2/repository/org/glassfish/jersey/containers/jersey-container-servlet/2.27/jersey-container-servlet-2.27.jar:/home/user/.m2/repository/org/glassfish/hk2/guice-bridge/2.5.0/guice-bridge-2.5.0.jar:/home/user/.m2/repository/org/glassfish/jersey/core/jersey-server/2.27/jersey-server-2.27.jar:/home/user/.m2/repository/org/glassfish/jersey/core/jersey-client/2.27/jersey-client-2.27.jar:/home/user/.m2/repository/org/glassfish/jersey/media/jersey-media-jaxb/2.27/jersey-media-jaxb-2.27.jar:/home/user/.m2/repository/javax/validation/validation-api/1.1.0.Final/validation-api-1.1.0.Final.jar:/home/user/.m2/repository/org/glassfish/jersey/media/jersey-media-json-jackson/2.27/jersey-media-json-jackson-2.27.jar:/home/user/.m2/repository/org/glassfish/jersey/ext/jersey-entity-filtering/2.27/jersey-entity-filtering-2.27.jar:/home/user/.m2/repository/com/google/inject/extensions/guice-assistedinject/4.0/guice-assistedinject-4.0.jar:/home/user/.m2/repository/org/jooq/jooq/3.11.10/jooq-3.11.10.jar:/home/user/.m2/repository/org/jooq/jooq-meta/3.11.10/jooq-meta-3.11.10.jar:/home/user/.m2/repository/org/jooq/jooq-codegen/3.11.10/jooq-codegen-3.11.10.jar:/home/user/.m2/repository/com/jolbox/bonecp/0.8.0.RELEASE/bonecp-0.8.0.RELEASE.jar:/home/user/.m2/repository/org/xerial/sqlite-jdbc/3.25.2/sqlite-jdbc-3.25.2.jar:/home/user/.m2/repository/org/springframework/spring-jdbc/5.1.3.RELEASE/spring-jdbc-5.1.3.RELEASE.jar:/home/user/.m2/repository/org/springframework/spring-beans/5.1.3.RELEASE/spring-beans-5.1.3.RELEASE.jar:/home/user/.m2/repository/org/springframework/spring-core/5.1.3.RELEASE/spring-core-5.1.3.RELEASE.jar:/home/user/.m2/repository/org/springframework/spring-jcl/5.1.3.RELEASE/spring-jcl-5.1.3.RELEASE.jar:/home/user/.m2/repository/org/springframework/spring-tx/5.1.3.RELEASE/spring-tx-5.1.3.RELEASE.jar:/home/user/.m2/repository/org/apache/hadoop/hadoop-ozone-client/0.5.0-SNAPSHOT/hadoop-ozone-client-0.5.0-SNAPSHOT.jar:/home/user/.m2/repository/commons-lang/commons-lang/2.6/commons-lang-2.6.jar:/home/user/.m2/repository/org/apache/hadoop/hadoop-ozone-ozone-manager/0.5.0-SNAPSHOT/hadoop-ozone-ozone-manager-0.5.0-SNAPSHOT-tests.jar:/home/user/.m2/repository/junit/junit/4.11/junit-4.11.jar:/home/user/.m2/repository/org/hamcrest/hamcrest-core/1.3/hamcrest-core-1.3.jar:/home/user/.m2/repository/org/openjdk/jmh/jmh-core/1.19/jmh-core-1.19.jar:/home/user/.m2/repository/net/sf/jopt-simple/jopt-simple/4.6/jopt-simple-4.6.jar:/home/user/.m2/repository/org/apache/commons/commons-math3/3.1.1/commons-math3-3.1.1.jar:/home/user/.m2/repository/org/openjdk/jmh/jmh-generator-annprocess/1.19/jmh-generator-annprocess-1.19.jar:/home/user/.m2/repository/org/mockito/mockito-all/1.8.5/mockito-all-1.8.5.jar:/home/user/.m2/repository/org/apache/hadoop/hadoop-kms/3.2.0/hadoop-kms-3.2.0.jar:/home/user/.m2/repository/org/apache/hadoop/hadoop-auth/3.2.0/hadoop-auth-3.2.0.jar:/home/user/.m2/repository/com/nimbusds/nimbus-jose-jwt/4.41.1/nimbus-jose-jwt-4.41.1.jar:/home/user/.m2/repository/com/github/stephenc/jcip/jcip-annotations/1.0-1/jcip-annotations-1.0-1.jar:/home/user/.m2/repository/net/minidev/json-smart/2.3/json-smart-2.3.jar:/home/user/.m2/repository/net/minidev/accessors-smart/1.2/accessors-smart-1.2.jar:/home/user/.m2/repository/org/ow2/asm/asm/5.0.4/asm-5.0.4.jar:/home/user/.m2/repository/org/apache/curator/curator-framework/2.12.0/curator-framework-2.12.0.jar:/home/user/.m2/repository/com/sun/jersey/jersey-core/1.19/jersey-core-1.19.jar:/home/user/.m2/repository/javax/ws/rs/jsr311-api/1.1.1/jsr311-api-1.1.1.jar:/home/user/.m2/repository/com/sun/jersey/jersey-server/1.19/jersey-server-1.19.jar:/home/user/.m2/repository/javax/servlet/javax.servlet-api/3.1.0/javax.servlet-api-3.1.0.jar:/home/user/.m2/repository/org/eclipse/jetty/jetty-server/9.3.25.v20180904/jetty-server-9.3.25.v20180904.jar:/home/user/.m2/repository/org/eclipse/jetty/jetty-http/9.3.25.v20180904/jetty-http-9.3.25.v20180904.jar:/home/user/.m2/repository/org/eclipse/jetty/jetty-io/9.3.25.v20180904/jetty-io-9.3.25.v20180904.jar:/home/user/.m2/repository/org/eclipse/jetty/jetty-webapp/9.3.25.v20180904/jetty-webapp-9.3.25.v20180904.jar:/home/user/.m2/repository/org/eclipse/jetty/jetty-xml/9.3.25.v20180904/jetty-xml-9.3.25.v20180904.jar:/home/user/.m2/repository/log4j/log4j/1.2.17/log4j-1.2.17.jar:/home/user/.m2/repository/org/slf4j/slf4j-api/1.7.25/slf4j-api-1.7.25.jar:/home/user/.m2/repository/org/slf4j/jul-to-slf4j/1.7.25/jul-to-slf4j-1.7.25.jar:/home/user/.m2/repository/org/eclipse/jetty/jetty-util/9.3.25.v20180904/jetty-util-9.3.25.v20180904.jar:/home/user/.m2/repository/com/fasterxml/jackson/core/jackson-databind/2.9.9/jackson-databind-2.9.9.jar:/home/user/.m2/repository/org/apache/hadoop/hadoop-kms/3.2.0/hadoop-kms-3.2.0-tests.jar:/home/user/.m2/repository/org/apache/hadoop/hadoop-hdds-server-scm/0.5.0-SNAPSHOT/hadoop-hdds-server-scm-0.5.0-SNAPSHOT-tests.jar:/home/user/.m2/repository/org/apache/hadoop/hadoop-hdds-container-service/0.5.0-SNAPSHOT/hadoop-hdds-container-service-0.5.0-SNAPSHOT-tests.jar:/home/user/.m2/repository/org/yaml/snakeyaml/1.16/snakeyaml-1.16.jar:/home/user/.m2/repository/org/apache/hadoop/hadoop-common/3.2.0/hadoop-common-3.2.0-tests.jar:/home/user/.m2/repository/org/apache/hadoop/hadoop-annotations/3.2.0/hadoop-annotations-3.2.0.jar:/usr/lib/jvm/java-1.8-openjdk/jre/../lib/tools.jar:/home/user/.m2/repository/commons-cli/commons-cli/1.2/commons-cli-1.2.jar:/home/user/.m2/repository/org/apache/httpcomponents/httpclient/4.5.2/httpclient-4.5.2.jar:/home/user/.m2/repository/org/apache/httpcomponents/httpcore/4.4.4/httpcore-4.4.4.jar:/home/user/.m2/repository/commons-codec/commons-codec/1.11/commons-codec-1.11.jar:/home/user/.m2/repository/commons-net/commons-net/3.6/commons-net-3.6.jar:/home/user/.m2/repository/commons-collections/commons-collections/3.2.2/commons-collections-3.2.2.jar:/home/user/.m2/repository/org/eclipse/jetty/jetty-servlet/9.3.25.v20180904/jetty-servlet-9.3.25.v20180904.jar:/home/user/.m2/repository/org/eclipse/jetty/jetty-security/9.3.25.v20180904/jetty-security-9.3.25.v20180904.jar:/home/user/.m2/repository/javax/servlet/jsp/jsp-api/2.1/jsp-api-2.1.jar:/home/user/.m2/repository/com/sun/jersey/jersey-servlet/1.19/jersey-servlet-1.19.jar:/home/user/.m2/repository/com/sun/jersey/jersey-json/1.19/jersey-json-1.19.jar:/home/user/.m2/repository/org/codehaus/jettison/jettison/1.1/jettison-1.1.jar:/home/user/.m2/repository/org/codehaus/jackson/jackson-core-asl/1.9.13/jackson-core-asl-1.9.13.jar:/home/user/.m2/repository/org/codehaus/jackson/jackson-mapper-asl/1.9.13/jackson-mapper-asl-1.9.13.jar:/home/user/.m2/repository/org/codehaus/jackson/jackson-jaxrs/1.9.13/jackson-jaxrs-1.9.13.jar:/home/user/.m2/repository/org/codehaus/jackson/jackson-xc/1.9.13/jackson-xc-1.9.13.jar:/home/user/.m2/repository/commons-logging/commons-logging/1.1.3/commons-logging-1.1.3.jar:/home/user/.m2/repository/commons-beanutils/commons-beanutils/1.9.4/commons-beanutils-1.9.4.jar:/home/user/.m2/repository/org/apache/commons/commons-configuration2/2.1.1/commons-configuration2-2.1.1.jar:/home/user/.m2/repository/org/apache/commons/commons-lang3/3.7/commons-lang3-3.7.jar:/home/user/.m2/repository/org/apache/commons/commons-text/1.4/commons-text-1.4.jar:/home/user/.m2/repository/org/apache/avro/avro/1.7.7/avro-1.7.7.jar:/home/user/.m2/repository/com/thoughtworks/paranamer/paranamer/2.3/paranamer-2.3.jar:/home/user/.m2/repository/org/xerial/snappy/snappy-java/1.0.5/snappy-java-1.0.5.jar:/home/user/.m2/repository/com/google/re2j/re2j/1.1/re2j-1.1.jar:/home/user/.m2/repository/com/google/code/gson/gson/2.2.4/gson-2.2.4.jar:/home/user/.m2/repository/com/jcraft/jsch/0.1.54/jsch-0.1.54.jar:/home/user/.m2/repository/org/apache/curator/curator-client/2.12.0/curator-client-2.12.0.jar:/home/user/.m2/repository/org/apache/curator/curator-recipes/2.12.0/curator-recipes-2.12.0.jar:/home/user/.m2/repository/com/google/code/findbugs/jsr305/3.0.0/jsr305-3.0.0.jar:/home/user/.m2/repository/org/apache/htrace/htrace-core4/4.1.0-incubating/htrace-core4-4.1.0-incubating.jar:/home/user/.m2/repository/org/apache/zookeeper/zookeeper/3.4.13/zookeeper-3.4.13.jar:/home/user/.m2/repository/jline/jline/0.9.94/jline-0.9.94.jar:/home/user/.m2/repository/org/apache/yetus/audience-annotations/0.5.0/audience-annotations-0.5.0.jar:/home/user/.m2/repository/org/codehaus/woodstox/stax2-api/3.1.4/stax2-api-3.1.4.jar:/home/user/.m2/repository/com/fasterxml/woodstox/woodstox-core/5.0.3/woodstox-core-5.0.3.jar:/home/user/.m2/repository/dnsjava/dnsjava/2.1.7/dnsjava-2.1.7.jar:/home/user/.m2/repository/org/apache/hadoop/hadoop-hdfs/3.2.0/hadoop-hdfs-3.2.0-tests.jar:/home/user/.m2/repository/org/eclipse/jetty/jetty-util-ajax/9.3.25.v20180904/jetty-util-ajax-9.3.25.v20180904.jar:/home/user/.m2/repository/commons-daemon/commons-daemon/1.0.13/commons-daemon-1.0.13.jar:/home/user/.m2/repository/io/netty/netty/3.10.5.Final/netty-3.10.5.Final.jar:/home/user/.m2/repository/io/netty/netty-all/4.0.52.Final/netty-all-4.0.52.Final.jar:/home/user/.m2/repository/org/fusesource/leveldbjni/leveldbjni-all/1.8/leveldbjni-all-1.8.jar:"/>
    <property name="java.vm.vendor" value="IcedTea"/>
    <property name="sun.arch.data.model" value="64"/>
    <property name="test.build.dir" value="/workdir/hadoop-ozone/integration-test/target/test-dir"/>
    <property name="test.cache.data" value=""/>
    <property name="java.vendor.url" value="https://icedtea.classpath.org"/>
    <property name="user.timezone" value=""/>
    <property name="java.vm.specification.version" value="1.8"/>
    <property name="os.name" value="Linux"/>
    <property name="test.build.data" value="/workdir/hadoop-ozone/integration-test/target/test-dir"/>
    <property name="user.country" value="US"/>
    <property name="sun.java.launcher" value="SUN_STANDARD"/>
    <property name="sun.boot.library.path" value="/usr/lib/jvm/java-1.8-openjdk/jre/lib/amd64"/>
    <property name="sun.java.command" value="/workdir/hadoop-ozone/integration-test/target/surefire/surefirebooter4567723511798161261.jar /workdir/hadoop-ozone/integration-test/target/surefire 2019-10-10T23-09-37_952-jvmRun1 surefire749688206285037298tmp surefire_765919041531447771163tmp"/>
    <property name="test" value="!TestMiniChaosOzoneCluster"/>
    <property name="surefire.test.class.path" value="/workdir/hadoop-ozone/integration-test/target/test-classes:/workdir/hadoop-ozone/integration-test/target/classes:/home/user/.m2/repository/org/apache/hadoop/hadoop-ozone-common/0.5.0-SNAPSHOT/hadoop-ozone-common-0.5.0-SNAPSHOT.jar:/home/user/.m2/repository/org/apache/commons/commons-compress/1.4.1/commons-compress-1.4.1.jar:/home/user/.m2/repository/org/tukaani/xz/1.0/xz-1.0.jar:/home/user/.m2/repository/org/apache/hadoop/hadoop-common/3.2.0/hadoop-common-3.2.0.jar:/home/user/.m2/repository/org/apache/hadoop/hadoop-hdfs/3.2.0/hadoop-hdfs-3.2.0.jar:/home/user/.m2/repository/org/apache/hadoop/hadoop-hdfs-client/3.2.0/hadoop-hdfs-client-3.2.0.jar:/home/user/.m2/repository/com/fasterxml/jackson/core/jackson-annotations/2.9.9/jackson-annotations-2.9.9.jar:/home/user/.m2/repository/org/apache/hadoop/hadoop-hdds-common/0.5.0-SNAPSHOT/hadoop-hdds-common-0.5.0-SNAPSHOT.jar:/home/user/.m2/repository/javax/annotation/javax.annotation-api/1.2/javax.annotation-api-1.2.jar:/home/user/.m2/repository/org/apache/ratis/ratis-server/0.5.0-201fc85-SNAPSHOT/ratis-server-0.5.0-201fc85-SNAPSHOT.jar:/home/user/.m2/repository/org/apache/ratis/ratis-thirdparty-misc/0.2.0/ratis-thirdparty-misc-0.2.0.jar:/home/user/.m2/repository/org/apache/ratis/ratis-proto/0.5.0-201fc85-SNAPSHOT/ratis-proto-0.5.0-201fc85-SNAPSHOT.jar:/home/user/.m2/repository/org/apache/ratis/ratis-common/0.5.0-201fc85-SNAPSHOT/ratis-common-0.5.0-201fc85-SNAPSHOT.jar:/home/user/.m2/repository/org/apache/ratis/ratis-client/0.5.0-201fc85-SNAPSHOT/ratis-client-0.5.0-201fc85-SNAPSHOT.jar:/home/user/.m2/repository/org/apache/ratis/ratis-metrics/0.5.0-201fc85-SNAPSHOT/ratis-metrics-0.5.0-201fc85-SNAPSHOT.jar:/home/user/.m2/repository/com/github/joshelser/dropwizard-metrics-hadoop-metrics2-reporter/0.1.2/dropwizard-metrics-hadoop-metrics2-reporter-0.1.2.jar:/home/user/.m2/repository/io/dropwizard/metrics/metrics-jvm/3.2.5/metrics-jvm-3.2.5.jar:/home/user/.m2/repository/io/dropwizard/metrics/metrics-ganglia/3.2.5/metrics-ganglia-3.2.5.jar:/home/user/.m2/repository/info/ganglia/gmetric4j/gmetric4j/1.0.7/gmetric4j-1.0.7.jar:/home/user/.m2/repository/org/apache/ratis/ratis-netty/0.5.0-201fc85-SNAPSHOT/ratis-netty-0.5.0-201fc85-SNAPSHOT.jar:/home/user/.m2/repository/org/apache/ratis/ratis-grpc/0.5.0-201fc85-SNAPSHOT/ratis-grpc-0.5.0-201fc85-SNAPSHOT.jar:/home/user/.m2/repository/org/rocksdb/rocksdbjni/6.0.1/rocksdbjni-6.0.1.jar:/home/user/.m2/repository/org/apache/logging/log4j/log4j-api/2.11.0/log4j-api-2.11.0.jar:/home/user/.m2/repository/org/apache/logging/log4j/log4j-core/2.11.0/log4j-core-2.11.0.jar:/home/user/.m2/repository/com/lmax/disruptor/3.4.2/disruptor-3.4.2.jar:/home/user/.m2/repository/org/apache/commons/commons-pool2/2.6.0/commons-pool2-2.6.0.jar:/home/user/.m2/repository/org/bouncycastle/bcpkix-jdk15on/1.60/bcpkix-jdk15on-1.60.jar:/home/user/.m2/repository/commons-validator/commons-validator/1.6/commons-validator-1.6.jar:/home/user/.m2/repository/commons-digester/commons-digester/1.8.1/commons-digester-1.8.1.jar:/home/user/.m2/repository/io/jaegertracing/jaeger-client/0.34.0/jaeger-client-0.34.0.jar:/home/user/.m2/repository/io/jaegertracing/jaeger-thrift/0.34.0/jaeger-thrift-0.34.0.jar:/home/user/.m2/repository/org/apache/thrift/libthrift/0.12.0/libthrift-0.12.0.jar:/home/user/.m2/repository/com/squareup/okhttp3/okhttp/3.9.0/okhttp-3.9.0.jar:/home/user/.m2/repository/com/squareup/okio/okio/1.13.0/okio-1.13.0.jar:/home/user/.m2/repository/io/jaegertracing/jaeger-core/0.34.0/jaeger-core-0.34.0.jar:/home/user/.m2/repository/io/jaegertracing/jaeger-tracerresolver/0.34.0/jaeger-tracerresolver-0.34.0.jar:/home/user/.m2/repository/io/opentracing/contrib/opentracing-tracerresolver/0.1.5/opentracing-tracerresolver-0.1.5.jar:/home/user/.m2/repository/io/opentracing/opentracing-util/0.31.0/opentracing-util-0.31.0.jar:/home/user/.m2/repository/io/opentracing/opentracing-api/0.31.0/opentracing-api-0.31.0.jar:/home/user/.m2/repository/io/opentracing/opentracing-noop/0.31.0/opentracing-noop-0.31.0.jar:/home/user/.m2/repository/org/apache/hadoop/hadoop-hdds-server-framework/0.5.0-SNAPSHOT/hadoop-hdds-server-framework-0.5.0-SNAPSHOT.jar:/home/user/.m2/repository/org/apache/hadoop/hadoop-hdds-container-service/0.5.0-SNAPSHOT/hadoop-hdds-container-service-0.5.0-SNAPSHOT.jar:/home/user/.m2/repository/org/apache/hadoop/hadoop-hdds-client/0.5.0-SNAPSHOT/hadoop-hdds-client-0.5.0-SNAPSHOT.jar:/home/user/.m2/repository/org/apache/hadoop/hadoop-hdds-tools/0.5.0-SNAPSHOT/hadoop-hdds-tools-0.5.0-SNAPSHOT.jar:/home/user/.m2/repository/org/apache/hadoop/hadoop-hdds-server-scm/0.5.0-SNAPSHOT/hadoop-hdds-server-scm-0.5.0-SNAPSHOT.jar:/home/user/.m2/repository/org/apache/hadoop/hadoop-hdds-docs/0.5.0-SNAPSHOT/hadoop-hdds-docs-0.5.0-SNAPSHOT.jar:/home/user/.m2/repository/io/dropwizard/metrics/metrics-core/3.2.4/metrics-core-3.2.4.jar:/home/user/.m2/repository/org/hamcrest/hamcrest-all/1.3/hamcrest-all-1.3.jar:/home/user/.m2/repository/org/bouncycastle/bcprov-jdk15on/1.60/bcprov-jdk15on-1.60.jar:/home/user/.m2/repository/info/picocli/picocli/3.9.6/picocli-3.9.6.jar:/home/user/.m2/repository/com/google/protobuf/protobuf-java/2.5.0/protobuf-java-2.5.0.jar:/home/user/.m2/repository/com/google/guava/guava/11.0.2/guava-11.0.2.jar:/home/user/.m2/repository/org/apache/hadoop/hadoop-ozone-ozone-manager/0.5.0-SNAPSHOT/hadoop-ozone-ozone-manager-0.5.0-SNAPSHOT.jar:/home/user/.m2/repository/org/apache/hadoop/hadoop-minikdc/3.2.0/hadoop-minikdc-3.2.0.jar:/home/user/.m2/repository/commons-io/commons-io/2.5/commons-io-2.5.jar:/home/user/.m2/repository/org/apache/kerby/kerb-simplekdc/1.0.1/kerb-simplekdc-1.0.1.jar:/home/user/.m2/repository/org/apache/kerby/kerb-client/1.0.1/kerb-client-1.0.1.jar:/home/user/.m2/repository/org/apache/kerby/kerby-config/1.0.1/kerby-config-1.0.1.jar:/home/user/.m2/repository/org/apache/kerby/kerb-core/1.0.1/kerb-core-1.0.1.jar:/home/user/.m2/repository/org/apache/kerby/kerby-pkix/1.0.1/kerby-pkix-1.0.1.jar:/home/user/.m2/repository/org/apache/kerby/kerby-asn1/1.0.1/kerby-asn1-1.0.1.jar:/home/user/.m2/repository/org/apache/kerby/kerby-util/1.0.1/kerby-util-1.0.1.jar:/home/user/.m2/repository/org/apache/kerby/kerb-common/1.0.1/kerb-common-1.0.1.jar:/home/user/.m2/repository/org/apache/kerby/kerb-crypto/1.0.1/kerb-crypto-1.0.1.jar:/home/user/.m2/repository/org/apache/kerby/kerb-util/1.0.1/kerb-util-1.0.1.jar:/home/user/.m2/repository/org/apache/kerby/token-provider/1.0.1/token-provider-1.0.1.jar:/home/user/.m2/repository/org/apache/kerby/kerb-admin/1.0.1/kerb-admin-1.0.1.jar:/home/user/.m2/repository/org/apache/kerby/kerb-server/1.0.1/kerb-server-1.0.1.jar:/home/user/.m2/repository/org/apache/kerby/kerb-identity/1.0.1/kerb-identity-1.0.1.jar:/home/user/.m2/repository/org/apache/kerby/kerby-xdr/1.0.1/kerby-xdr-1.0.1.jar:/home/user/.m2/repository/org/slf4j/slf4j-log4j12/1.7.25/slf4j-log4j12-1.7.25.jar:/home/user/.m2/repository/org/apache/hadoop/hadoop-ozone-s3gateway/0.5.0-SNAPSHOT/hadoop-ozone-s3gateway-0.5.0-SNAPSHOT.jar:/home/user/.m2/repository/org/jboss/weld/servlet/weld-servlet/2.4.7.Final/weld-servlet-2.4.7.Final.jar:/home/user/.m2/repository/org/glassfish/jersey/containers/jersey-container-servlet-core/2.27/jersey-container-servlet-core-2.27.jar:/home/user/.m2/repository/org/glassfish/hk2/external/javax.inject/2.5.0-b42/javax.inject-2.5.0-b42.jar:/home/user/.m2/repository/org/glassfish/jersey/core/jersey-common/2.27/jersey-common-2.27.jar:/home/user/.m2/repository/org/glassfish/hk2/osgi-resource-locator/1.0.1/osgi-resource-locator-1.0.1.jar:/home/user/.m2/repository/javax/ws/rs/javax.ws.rs-api/2.1/javax.ws.rs-api-2.1.jar:/home/user/.m2/repository/org/glassfish/jersey/ext/cdi/jersey-cdi1x/2.27/jersey-cdi1x-2.27.jar:/home/user/.m2/repository/org/glassfish/jersey/inject/jersey-hk2/2.27/jersey-hk2-2.27.jar:/home/user/.m2/repository/org/glassfish/hk2/hk2-locator/2.5.0-b42/hk2-locator-2.5.0-b42.jar:/home/user/.m2/repository/org/javassist/javassist/3.22.0-CR2/javassist-3.22.0-CR2.jar:/home/user/.m2/repository/org/glassfish/hk2/hk2-api/2.5.0/hk2-api-2.5.0.jar:/home/user/.m2/repository/org/glassfish/hk2/external/jakarta.inject/2.5.0/jakarta.inject-2.5.0.jar:/home/user/.m2/repository/org/glassfish/hk2/hk2-utils/2.5.0/hk2-utils-2.5.0.jar:/home/user/.m2/repository/jakarta/annotation/jakarta.annotation-api/1.3.4/jakarta.annotation-api-1.3.4.jar:/home/user/.m2/repository/org/glassfish/hk2/external/aopalliance-repackaged/2.5.0/aopalliance-repackaged-2.5.0.jar:/home/user/.m2/repository/com/fasterxml/jackson/dataformat/jackson-dataformat-xml/2.9.0/jackson-dataformat-xml-2.9.0.jar:/home/user/.m2/repository/com/fasterxml/jackson/core/jackson-core/2.9.9/jackson-core-2.9.9.jar:/home/user/.m2/repository/com/fasterxml/jackson/module/jackson-module-jaxb-annotations/2.9.9/jackson-module-jaxb-annotations-2.9.9.jar:/home/user/.m2/repository/javax/enterprise/cdi-api/1.2/cdi-api-1.2.jar:/home/user/.m2/repository/javax/el/javax.el-api/3.0.0/javax.el-api-3.0.0.jar:/home/user/.m2/repository/javax/interceptor/javax.interceptor-api/1.2/javax.interceptor-api-1.2.jar:/home/user/.m2/repository/javax/inject/javax.inject/1/javax.inject-1.jar:/home/user/.m2/repository/com/sun/xml/bind/jaxb-impl/2.3.0.1/jaxb-impl-2.3.0.1.jar:/home/user/.m2/repository/com/sun/xml/bind/jaxb-core/2.3.0.1/jaxb-core-2.3.0.1.jar:/home/user/.m2/repository/javax/xml/bind/jaxb-api/2.3.0/jaxb-api-2.3.0.jar:/home/user/.m2/repository/javax/activation/activation/1.1.1/activation-1.1.1.jar:/home/user/.m2/repository/org/apache/hadoop/hadoop-ozone-csi/0.5.0-SNAPSHOT/hadoop-ozone-csi-0.5.0-SNAPSHOT.jar:/home/user/.m2/repository/com/google/protobuf/protobuf-java-util/3.5.1/protobuf-java-util-3.5.1.jar:/home/user/.m2/repository/org/apache/hadoop/hadoop-hdds-config/0.5.0-SNAPSHOT/hadoop-hdds-config-0.5.0-SNAPSHOT.jar:/home/user/.m2/repository/io/grpc/grpc-netty/1.17.1/grpc-netty-1.17.1.jar:/home/user/.m2/repository/io/grpc/grpc-core/1.17.1/grpc-core-1.17.1.jar:/home/user/.m2/repository/io/grpc/grpc-context/1.17.1/grpc-context-1.17.1.jar:/home/user/.m2/repository/com/google/errorprone/error_prone_annotations/2.2.0/error_prone_annotations-2.2.0.jar:/home/user/.m2/repository/org/codehaus/mojo/animal-sniffer-annotations/1.17/animal-sniffer-annotations-1.17.jar:/home/user/.m2/repository/io/opencensus/opencensus-api/0.17.0/opencensus-api-0.17.0.jar:/home/user/.m2/repository/io/opencensus/opencensus-contrib-grpc-metrics/0.17.0/opencensus-contrib-grpc-metrics-0.17.0.jar:/home/user/.m2/repository/io/netty/netty-codec-http2/4.1.30.Final/netty-codec-http2-4.1.30.Final.jar:/home/user/.m2/repository/io/netty/netty-codec-http/4.1.30.Final/netty-codec-http-4.1.30.Final.jar:/home/user/.m2/repository/io/netty/netty-codec/4.1.30.Final/netty-codec-4.1.30.Final.jar:/home/user/.m2/repository/io/netty/netty-handler/4.1.30.Final/netty-handler-4.1.30.Final.jar:/home/user/.m2/repository/io/netty/netty-handler-proxy/4.1.30.Final/netty-handler-proxy-4.1.30.Final.jar:/home/user/.m2/repository/io/netty/netty-codec-socks/4.1.30.Final/netty-codec-socks-4.1.30.Final.jar:/home/user/.m2/repository/io/netty/netty-transport-native-epoll/4.1.30.Final/netty-transport-native-epoll-4.1.30.Final.jar:/home/user/.m2/repository/io/netty/netty-common/4.1.30.Final/netty-common-4.1.30.Final.jar:/home/user/.m2/repository/io/netty/netty-buffer/4.1.30.Final/netty-buffer-4.1.30.Final.jar:/home/user/.m2/repository/io/netty/netty-transport/4.1.30.Final/netty-transport-4.1.30.Final.jar:/home/user/.m2/repository/io/netty/netty-resolver/4.1.30.Final/netty-resolver-4.1.30.Final.jar:/home/user/.m2/repository/io/netty/netty-transport-native-unix-common/4.1.30.Final/netty-transport-native-unix-common-4.1.30.Final.jar:/home/user/.m2/repository/io/grpc/grpc-protobuf/1.17.1/grpc-protobuf-1.17.1.jar:/home/user/.m2/repository/com/google/api/grpc/proto-google-common-protos/1.0.0/proto-google-common-protos-1.0.0.jar:/home/user/.m2/repository/io/grpc/grpc-protobuf-lite/1.17.1/grpc-protobuf-lite-1.17.1.jar:/home/user/.m2/repository/io/grpc/grpc-stub/1.17.1/grpc-stub-1.17.1.jar:/home/user/.m2/repository/org/apache/hadoop/hadoop-ozone-recon/0.5.0-SNAPSHOT/hadoop-ozone-recon-0.5.0-SNAPSHOT.jar:/home/user/.m2/repository/org/apache/hadoop/hadoop-ozone-reconcodegen/0.5.0-SNAPSHOT/hadoop-ozone-reconcodegen-0.5.0-SNAPSHOT.jar:/home/user/.m2/repository/com/google/inject/extensions/guice-multibindings/4.0/guice-multibindings-4.0.jar:/home/user/.m2/repository/com/google/inject/guice/4.0/guice-4.0.jar:/home/user/.m2/repository/aopalliance/aopalliance/1.0/aopalliance-1.0.jar:/home/user/.m2/repository/com/google/inject/extensions/guice-servlet/4.0/guice-servlet-4.0.jar:/home/user/.m2/repository/org/glassfish/jersey/containers/jersey-container-servlet/2.27/jersey-container-servlet-2.27.jar:/home/user/.m2/repository/org/glassfish/hk2/guice-bridge/2.5.0/guice-bridge-2.5.0.jar:/home/user/.m2/repository/org/glassfish/jersey/core/jersey-server/2.27/jersey-server-2.27.jar:/home/user/.m2/repository/org/glassfish/jersey/core/jersey-client/2.27/jersey-client-2.27.jar:/home/user/.m2/repository/org/glassfish/jersey/media/jersey-media-jaxb/2.27/jersey-media-jaxb-2.27.jar:/home/user/.m2/repository/javax/validation/validation-api/1.1.0.Final/validation-api-1.1.0.Final.jar:/home/user/.m2/repository/org/glassfish/jersey/media/jersey-media-json-jackson/2.27/jersey-media-json-jackson-2.27.jar:/home/user/.m2/repository/org/glassfish/jersey/ext/jersey-entity-filtering/2.27/jersey-entity-filtering-2.27.jar:/home/user/.m2/repository/com/google/inject/extensions/guice-assistedinject/4.0/guice-assistedinject-4.0.jar:/home/user/.m2/repository/org/jooq/jooq/3.11.10/jooq-3.11.10.jar:/home/user/.m2/repository/org/jooq/jooq-meta/3.11.10/jooq-meta-3.11.10.jar:/home/user/.m2/repository/org/jooq/jooq-codegen/3.11.10/jooq-codegen-3.11.10.jar:/home/user/.m2/repository/com/jolbox/bonecp/0.8.0.RELEASE/bonecp-0.8.0.RELEASE.jar:/home/user/.m2/repository/org/xerial/sqlite-jdbc/3.25.2/sqlite-jdbc-3.25.2.jar:/home/user/.m2/repository/org/springframework/spring-jdbc/5.1.3.RELEASE/spring-jdbc-5.1.3.RELEASE.jar:/home/user/.m2/repository/org/springframework/spring-beans/5.1.3.RELEASE/spring-beans-5.1.3.RELEASE.jar:/home/user/.m2/repository/org/springframework/spring-core/5.1.3.RELEASE/spring-core-5.1.3.RELEASE.jar:/home/user/.m2/repository/org/springframework/spring-jcl/5.1.3.RELEASE/spring-jcl-5.1.3.RELEASE.jar:/home/user/.m2/repository/org/springframework/spring-tx/5.1.3.RELEASE/spring-tx-5.1.3.RELEASE.jar:/home/user/.m2/repository/org/apache/hadoop/hadoop-ozone-client/0.5.0-SNAPSHOT/hadoop-ozone-client-0.5.0-SNAPSHOT.jar:/home/user/.m2/repository/commons-lang/commons-lang/2.6/commons-lang-2.6.jar:/home/user/.m2/repository/org/apache/hadoop/hadoop-ozone-ozone-manager/0.5.0-SNAPSHOT/hadoop-ozone-ozone-manager-0.5.0-SNAPSHOT-tests.jar:/home/user/.m2/repository/junit/junit/4.11/junit-4.11.jar:/home/user/.m2/repository/org/hamcrest/hamcrest-core/1.3/hamcrest-core-1.3.jar:/home/user/.m2/repository/org/openjdk/jmh/jmh-core/1.19/jmh-core-1.19.jar:/home/user/.m2/repository/net/sf/jopt-simple/jopt-simple/4.6/jopt-simple-4.6.jar:/home/user/.m2/repository/org/apache/commons/commons-math3/3.1.1/commons-math3-3.1.1.jar:/home/user/.m2/repository/org/openjdk/jmh/jmh-generator-annprocess/1.19/jmh-generator-annprocess-1.19.jar:/home/user/.m2/repository/org/mockito/mockito-all/1.8.5/mockito-all-1.8.5.jar:/home/user/.m2/repository/org/apache/hadoop/hadoop-kms/3.2.0/hadoop-kms-3.2.0.jar:/home/user/.m2/repository/org/apache/hadoop/hadoop-auth/3.2.0/hadoop-auth-3.2.0.jar:/home/user/.m2/repository/com/nimbusds/nimbus-jose-jwt/4.41.1/nimbus-jose-jwt-4.41.1.jar:/home/user/.m2/repository/com/github/stephenc/jcip/jcip-annotations/1.0-1/jcip-annotations-1.0-1.jar:/home/user/.m2/repository/net/minidev/json-smart/2.3/json-smart-2.3.jar:/home/user/.m2/repository/net/minidev/accessors-smart/1.2/accessors-smart-1.2.jar:/home/user/.m2/repository/org/ow2/asm/asm/5.0.4/asm-5.0.4.jar:/home/user/.m2/repository/org/apache/curator/curator-framework/2.12.0/curator-framework-2.12.0.jar:/home/user/.m2/repository/com/sun/jersey/jersey-core/1.19/jersey-core-1.19.jar:/home/user/.m2/repository/javax/ws/rs/jsr311-api/1.1.1/jsr311-api-1.1.1.jar:/home/user/.m2/repository/com/sun/jersey/jersey-server/1.19/jersey-server-1.19.jar:/home/user/.m2/repository/javax/servlet/javax.servlet-api/3.1.0/javax.servlet-api-3.1.0.jar:/home/user/.m2/repository/org/eclipse/jetty/jetty-server/9.3.25.v20180904/jetty-server-9.3.25.v20180904.jar:/home/user/.m2/repository/org/eclipse/jetty/jetty-http/9.3.25.v20180904/jetty-http-9.3.25.v20180904.jar:/home/user/.m2/repository/org/eclipse/jetty/jetty-io/9.3.25.v20180904/jetty-io-9.3.25.v20180904.jar:/home/user/.m2/repository/org/eclipse/jetty/jetty-webapp/9.3.25.v20180904/jetty-webapp-9.3.25.v20180904.jar:/home/user/.m2/repository/org/eclipse/jetty/jetty-xml/9.3.25.v20180904/jetty-xml-9.3.25.v20180904.jar:/home/user/.m2/repository/log4j/log4j/1.2.17/log4j-1.2.17.jar:/home/user/.m2/repository/org/slf4j/slf4j-api/1.7.25/slf4j-api-1.7.25.jar:/home/user/.m2/repository/org/slf4j/jul-to-slf4j/1.7.25/jul-to-slf4j-1.7.25.jar:/home/user/.m2/repository/org/eclipse/jetty/jetty-util/9.3.25.v20180904/jetty-util-9.3.25.v20180904.jar:/home/user/.m2/repository/com/fasterxml/jackson/core/jackson-databind/2.9.9/jackson-databind-2.9.9.jar:/home/user/.m2/repository/org/apache/hadoop/hadoop-kms/3.2.0/hadoop-kms-3.2.0-tests.jar:/home/user/.m2/repository/org/apache/hadoop/hadoop-hdds-server-scm/0.5.0-SNAPSHOT/hadoop-hdds-server-scm-0.5.0-SNAPSHOT-tests.jar:/home/user/.m2/repository/org/apache/hadoop/hadoop-hdds-container-service/0.5.0-SNAPSHOT/hadoop-hdds-container-service-0.5.0-SNAPSHOT-tests.jar:/home/user/.m2/repository/org/yaml/snakeyaml/1.16/snakeyaml-1.16.jar:/home/user/.m2/repository/org/apache/hadoop/hadoop-common/3.2.0/hadoop-common-3.2.0-tests.jar:/home/user/.m2/repository/org/apache/hadoop/hadoop-annotations/3.2.0/hadoop-annotations-3.2.0.jar:/usr/lib/jvm/java-1.8-openjdk/jre/../lib/tools.jar:/home/user/.m2/repository/commons-cli/commons-cli/1.2/commons-cli-1.2.jar:/home/user/.m2/repository/org/apache/httpcomponents/httpclient/4.5.2/httpclient-4.5.2.jar:/home/user/.m2/repository/org/apache/httpcomponents/httpcore/4.4.4/httpcore-4.4.4.jar:/home/user/.m2/repository/commons-codec/commons-codec/1.11/commons-codec-1.11.jar:/home/user/.m2/repository/commons-net/commons-net/3.6/commons-net-3.6.jar:/home/user/.m2/repository/commons-collections/commons-collections/3.2.2/commons-collections-3.2.2.jar:/home/user/.m2/repository/org/eclipse/jetty/jetty-servlet/9.3.25.v20180904/jetty-servlet-9.3.25.v20180904.jar:/home/user/.m2/repository/org/eclipse/jetty/jetty-security/9.3.25.v20180904/jetty-security-9.3.25.v20180904.jar:/home/user/.m2/repository/javax/servlet/jsp/jsp-api/2.1/jsp-api-2.1.jar:/home/user/.m2/repository/com/sun/jersey/jersey-servlet/1.19/jersey-servlet-1.19.jar:/home/user/.m2/repository/com/sun/jersey/jersey-json/1.19/jersey-json-1.19.jar:/home/user/.m2/repository/org/codehaus/jettison/jettison/1.1/jettison-1.1.jar:/home/user/.m2/repository/org/codehaus/jackson/jackson-core-asl/1.9.13/jackson-core-asl-1.9.13.jar:/home/user/.m2/repository/org/codehaus/jackson/jackson-mapper-asl/1.9.13/jackson-mapper-asl-1.9.13.jar:/home/user/.m2/repository/org/codehaus/jackson/jackson-jaxrs/1.9.13/jackson-jaxrs-1.9.13.jar:/home/user/.m2/repository/org/codehaus/jackson/jackson-xc/1.9.13/jackson-xc-1.9.13.jar:/home/user/.m2/repository/commons-logging/commons-logging/1.1.3/commons-logging-1.1.3.jar:/home/user/.m2/repository/commons-beanutils/commons-beanutils/1.9.4/commons-beanutils-1.9.4.jar:/home/user/.m2/repository/org/apache/commons/commons-configuration2/2.1.1/commons-configuration2-2.1.1.jar:/home/user/.m2/repository/org/apache/commons/commons-lang3/3.7/commons-lang3-3.7.jar:/home/user/.m2/repository/org/apache/commons/commons-text/1.4/commons-text-1.4.jar:/home/user/.m2/repository/org/apache/avro/avro/1.7.7/avro-1.7.7.jar:/home/user/.m2/repository/com/thoughtworks/paranamer/paranamer/2.3/paranamer-2.3.jar:/home/user/.m2/repository/org/xerial/snappy/snappy-java/1.0.5/snappy-java-1.0.5.jar:/home/user/.m2/repository/com/google/re2j/re2j/1.1/re2j-1.1.jar:/home/user/.m2/repository/com/google/code/gson/gson/2.2.4/gson-2.2.4.jar:/home/user/.m2/repository/com/jcraft/jsch/0.1.54/jsch-0.1.54.jar:/home/user/.m2/repository/org/apache/curator/curator-client/2.12.0/curator-client-2.12.0.jar:/home/user/.m2/repository/org/apache/curator/curator-recipes/2.12.0/curator-recipes-2.12.0.jar:/home/user/.m2/repository/com/google/code/findbugs/jsr305/3.0.0/jsr305-3.0.0.jar:/home/user/.m2/repository/org/apache/htrace/htrace-core4/4.1.0-incubating/htrace-core4-4.1.0-incubating.jar:/home/user/.m2/repository/org/apache/zookeeper/zookeeper/3.4.13/zookeeper-3.4.13.jar:/home/user/.m2/repository/jline/jline/0.9.94/jline-0.9.94.jar:/home/user/.m2/repository/org/apache/yetus/audience-annotations/0.5.0/audience-annotations-0.5.0.jar:/home/user/.m2/repository/org/codehaus/woodstox/stax2-api/3.1.4/stax2-api-3.1.4.jar:/home/user/.m2/repository/com/fasterxml/woodstox/woodstox-core/5.0.3/woodstox-core-5.0.3.jar:/home/user/.m2/repository/dnsjava/dnsjava/2.1.7/dnsjava-2.1.7.jar:/home/user/.m2/repository/org/apache/hadoop/hadoop-hdfs/3.2.0/hadoop-hdfs-3.2.0-tests.jar:/home/user/.m2/repository/org/eclipse/jetty/jetty-util-ajax/9.3.25.v20180904/jetty-util-ajax-9.3.25.v20180904.jar:/home/user/.m2/repository/commons-daemon/commons-daemon/1.0.13/commons-daemon-1.0.13.jar:/home/user/.m2/repository/io/netty/netty/3.10.5.Final/netty-3.10.5.Final.jar:/home/user/.m2/repository/io/netty/netty-all/4.0.52.Final/netty-all-4.0.52.Final.jar:/home/user/.m2/repository/org/fusesource/leveldbjni/leveldbjni-all/1.8/leveldbjni-all-1.8.jar:"/>
    <property name="sun.cpu.endian" value="little"/>
    <property name="user.home" value="/home/user"/>
    <property name="user.language" value="en"/>
    <property name="java.specification.vendor" value="Oracle Corporation"/>
    <property name="java.home" value="/usr/lib/jvm/java-1.8-openjdk/jre"/>
    <property name="java.security.krb5.conf" value="/workdir/hadoop-ozone/integration-test/target/test-classes/krb5.conf"/>
    <property name="basedir" value="/workdir/hadoop-ozone/integration-test"/>
    <property name="file.separator" value="/"/>
    <property name="line.separator" value="&#10;"/>
    <property name="java.vm.specification.vendor" value="Oracle Corporation"/>
    <property name="java.specification.name" value="Java Platform API Specification"/>
    <property name="java.awt.graphicsenv" value="sun.awt.X11GraphicsEnvironment"/>
    <property name="surefire.real.class.path" value="/workdir/hadoop-ozone/integration-test/target/surefire/surefirebooter4567723511798161261.jar"/>
    <property name="hadoop.log.dir" value="/workdir/hadoop-ozone/integration-test/target/log"/>
    <property name="sun.boot.class.path" value="/usr/lib/jvm/java-1.8-openjdk/jre/lib/resources.jar:/usr/lib/jvm/java-1.8-openjdk/jre/lib/rt.jar:/usr/lib/jvm/java-1.8-openjdk/jre/lib/sunrsasign.jar:/usr/lib/jvm/java-1.8-openjdk/jre/lib/jsse.jar:/usr/lib/jvm/java-1.8-openjdk/jre/lib/jce.jar:/usr/lib/jvm/java-1.8-openjdk/jre/lib/charsets.jar:/usr/lib/jvm/java-1.8-openjdk/jre/lib/jfr.jar:/usr/lib/jvm/java-1.8-openjdk/jre/classes"/>
    <property name="sun.management.compiler" value="HotSpot 64-Bit Tiered Compilers"/>
    <property name="java.runtime.version" value="1.8.0_212-b04"/>
    <property name="java.net.preferIPv4Stack" value="true"/>
    <property name="user.name" value="jenkins1000"/>
    <property name="path.separator" value=":"/>
    <property name="java.security.egd" value="file:///dev/urandom"/>
    <property name="os.version" value="3.10.0-957.12.2.el7.x86_64"/>
    <property name="java.endorsed.dirs" value="/usr/lib/jvm/java-1.8-openjdk/jre/lib/endorsed"/>
    <property name="java.runtime.name" value="OpenJDK Runtime Environment"/>
    <property name="file.encoding" value="UTF-8"/>
    <property name="java.vm.name" value="OpenJDK 64-Bit Server VM"/>
    <property name="test.build.webapps" value=""/>
    <property name="localRepository" value="/home/user/.m2/repository"/>
    <property name="java.vendor.url.bug" value="https://icedtea.classpath.org/bugzilla"/>
    <property name="java.io.tmpdir" value="/tmp"/>
    <property name="require.test.libhadoop" value=""/>
    <property name="java.version" value="1.8.0_212"/>
    <property name="user.dir" value="/workdir/hadoop-ozone/integration-test"/>
    <property name="os.arch" value="amd64"/>
    <property name="java.vm.specification.name" value="Java Virtual Machine Specification"/>
    <property name="test.build.classes" value="/workdir/hadoop-ozone/integration-test/target/test-classes"/>
    <property name="java.awt.printerjob" value="sun.print.PSPrinterJob"/>
    <property name="sun.os.patch.level" value="unknown"/>
    <property name="hadoop.tmp.dir" value="/workdir/hadoop-ozone/integration-test/target/tmp"/>
    <property name="java.library.path" value="/usr/lib/jvm/java-1.8-openjdk/jre/lib/amd64/server:/usr/lib/jvm/java-1.8-openjdk/jre/lib/amd64:/usr/lib/jvm/java-1.8-openjdk/jre/../lib/amd64:/workdir/hadoop-ozone/integration-test/target/native/target/usr/local/lib:/workdir/hadoop-ozone/integration-test/../../hadoop-common-project/hadoop-common/target/native/target/usr/local/lib:/usr/java/packages/lib/amd64:/usr/lib64:/lib64:/lib:/usr/lib"/>
    <property name="java.vm.info" value="mixed mode"/>
    <property name="java.vendor" value="IcedTea"/>
    <property name="java.vm.version" value="25.212-b04"/>
    <property name="java.ext.dirs" value="/usr/lib/jvm/java-1.8-openjdk/jre/lib/ext:/usr/java/packages/lib/ext"/>
    <property name="sun.io.unicode.encoding" value="UnicodeLittle"/>
    <property name="java.class.version" value="52.0"/>
  </properties>
  <testcase name="testWatchForCommitWithKeyWrite" classname="org.apache.hadoop.ozone.client.rpc.TestWatchForCommit" time="79.665"/>
  <testcase name="testWatchForCommitWithSmallerTimeoutValue" classname="org.apache.hadoop.ozone.client.rpc.TestWatchForCommit" time="42.522"/>
  <testcase name="testWatchForCommitForRetryfailure" classname="org.apache.hadoop.ozone.client.rpc.TestWatchForCommit" time="72.11"/>
  <testcase name="testWatchForCommitForGroupMismatchException" classname="org.apache.hadoop.ozone.client.rpc.TestWatchForCommit" time="32.202"/>
  <testcase name="test2WayCommitForTimeoutException" classname="org.apache.hadoop.ozone.client.rpc.TestWatchForCommit" time="22.476">
    <error type="java.util.concurrent.TimeoutException">java.util.concurrent.TimeoutException
	at java.util.concurrent.CompletableFuture.timedGet(CompletableFuture.java:1771)
	at java.util.concurrent.CompletableFuture.get(CompletableFuture.java:1915)
	at org.apache.hadoop.hdds.scm.XceiverClientRatis.watchForCommit(XceiverClientRatis.java:283)
	at org.apache.hadoop.ozone.client.rpc.TestWatchForCommit.test2WayCommitForTimeoutException(TestWatchForCommit.java:391)
	at sun.reflect.NativeMethodAccessorImpl.invoke0(Native Method)
	at sun.reflect.NativeMethodAccessorImpl.invoke(NativeMethodAccessorImpl.java:62)
	at sun.reflect.DelegatingMethodAccessorImpl.invoke(DelegatingMethodAccessorImpl.java:43)
	at java.lang.reflect.Method.invoke(Method.java:498)
	at org.junit.runners.model.FrameworkMethod$1.runReflectiveCall(FrameworkMethod.java:47)
	at org.junit.internal.runners.model.ReflectiveCallable.run(ReflectiveCallable.java:12)
	at org.junit.runners.model.FrameworkMethod.invokeExplosively(FrameworkMethod.java:44)
	at org.junit.internal.runners.statements.InvokeMethod.evaluate(InvokeMethod.java:17)
	at org.junit.runners.ParentRunner.runLeaf(ParentRunner.java:271)
	at org.junit.runners.BlockJUnit4ClassRunner.runChild(BlockJUnit4ClassRunner.java:70)
	at org.junit.runners.BlockJUnit4ClassRunner.runChild(BlockJUnit4ClassRunner.java:50)
	at org.junit.runners.ParentRunner$3.run(ParentRunner.java:238)
	at org.junit.runners.ParentRunner$1.schedule(ParentRunner.java:63)
	at org.junit.runners.ParentRunner.runChildren(ParentRunner.java:236)
	at org.junit.runners.ParentRunner.access$000(ParentRunner.java:53)
	at org.junit.runners.ParentRunner$2.evaluate(ParentRunner.java:229)
	at org.junit.runners.ParentRunner.run(ParentRunner.java:309)
	at org.apache.maven.surefire.junit4.JUnit4Provider.execute(JUnit4Provider.java:365)
	at org.apache.maven.surefire.junit4.JUnit4Provider.executeWithRerun(JUnit4Provider.java:273)
	at org.apache.maven.surefire.junit4.JUnit4Provider.executeTestSet(JUnit4Provider.java:238)
	at org.apache.maven.surefire.junit4.JUnit4Provider.invoke(JUnit4Provider.java:159)
	at org.apache.maven.surefire.booter.ForkedBooter.invokeProviderInSameClassLoader(ForkedBooter.java:384)
	at org.apache.maven.surefire.booter.ForkedBooter.runSuitesInProcess(ForkedBooter.java:345)
	at org.apache.maven.surefire.booter.ForkedBooter.execute(ForkedBooter.java:126)
	at org.apache.maven.surefire.booter.ForkedBooter.main(ForkedBooter.java:418)
</error>
    <system-out><![CDATA[2019-10-11 00:22:13,597 [main] WARN  server.ServerUtils (ServerUtils.java:getScmDbDir(145)) - ozone.scm.db.dirs is not configured. We recommend adding this setting. Falling back to ozone.metadata.dirs instead.
2019-10-11 00:22:13,611 [main] WARN  server.ServerUtils (ServerUtils.java:getScmDbDir(145)) - ozone.scm.db.dirs is not configured. We recommend adding this setting. Falling back to ozone.metadata.dirs instead.
2019-10-11 00:22:13,611 [main] WARN  server.ServerUtils (ServerUtils.java:getScmDbDir(145)) - ozone.scm.db.dirs is not configured. We recommend adding this setting. Falling back to ozone.metadata.dirs instead.
2019-10-11 00:22:13,612 [main] INFO  db.DBStoreBuilder (DBStoreBuilder.java:addTable(117)) - using custom profile for table: deletedBlocks
2019-10-11 00:22:13,612 [main] INFO  db.DBStoreBuilder (DBStoreBuilder.java:processTables(168)) - Using default column profile:DBProfile.DISK for Table:deletedBlocks
2019-10-11 00:22:13,612 [main] INFO  db.DBStoreBuilder (DBStoreBuilder.java:addTable(117)) - using custom profile for table: validCerts
2019-10-11 00:22:13,612 [main] INFO  db.DBStoreBuilder (DBStoreBuilder.java:processTables(168)) - Using default column profile:DBProfile.DISK for Table:validCerts
2019-10-11 00:22:13,612 [main] INFO  db.DBStoreBuilder (DBStoreBuilder.java:addTable(117)) - using custom profile for table: revokedCerts
2019-10-11 00:22:13,612 [main] INFO  db.DBStoreBuilder (DBStoreBuilder.java:processTables(168)) - Using default column profile:DBProfile.DISK for Table:revokedCerts
2019-10-11 00:22:13,613 [main] INFO  db.DBStoreBuilder (DBStoreBuilder.java:addTable(117)) - using custom profile for table: default
2019-10-11 00:22:13,613 [main] INFO  db.DBStoreBuilder (DBStoreBuilder.java:processTables(174)) - Using default column profile:DBProfile.DISK for Table:default
2019-10-11 00:22:13,613 [main] INFO  db.DBStoreBuilder (DBStoreBuilder.java:getDbProfile(205)) - Using default options. DBProfile.DISK
2019-10-11 00:22:13,785 [main] INFO  net.NodeSchemaLoader (NodeSchemaLoader.java:loadSchemaFromFile(125)) - Loading file from sun.misc.CompoundEnumeration@474749b8
2019-10-11 00:22:13,785 [main] INFO  net.NodeSchemaLoader (NodeSchemaLoader.java:loadSchema(171)) - Loading network topology layer schema file
2019-10-11 00:22:13,790 [main] WARN  server.ServerUtils (ServerUtils.java:sanitizeUserArgs(70)) - ozone.scm.stale.node.interval value = 300000 is larger than max = 100000 based on the key value of ozone.scm.heartbeat.thread.interval, reset to the max value 100000.
2019-10-11 00:22:13,791 [main] WARN  server.ServerUtils (ServerUtils.java:sanitizeUserArgs(70)) - ozone.scm.stale.node.interval value = 300000 is larger than max = 100000 based on the key value of ozone.scm.heartbeat.thread.interval, reset to the max value 100000.
2019-10-11 00:22:13,791 [main] INFO  node.SCMNodeManager (SCMNodeManager.java:<init>(116)) - Entering startup safe mode.
2019-10-11 00:22:13,792 [main] INFO  algorithms.ContainerPlacementPolicyFactory (ContainerPlacementPolicyFactory.java:getPolicy(57)) - Create container placement policy of type org.apache.hadoop.hdds.scm.container.placement.algorithms.SCMContainerPlacementRandom
2019-10-11 00:22:13,792 [main] WARN  server.ServerUtils (ServerUtils.java:getScmDbDir(145)) - ozone.scm.db.dirs is not configured. We recommend adding this setting. Falling back to ozone.metadata.dirs instead.
2019-10-11 00:22:13,840 [main] INFO  pipeline.SCMPipelineManager (SCMPipelineManager.java:initializePipelineState(132)) - No pipeline exists in current db
2019-10-11 00:22:13,840 [main] WARN  server.ServerUtils (ServerUtils.java:getScmDbDir(145)) - ozone.scm.db.dirs is not configured. We recommend adding this setting. Falling back to ozone.metadata.dirs instead.
2019-10-11 00:22:13,872 [main] WARN  events.EventQueue (EventQueue.java:fireEvent(183)) - No event handler registered for event TypedEvent{payloadType=SafeModeStatus, name='SafeModeStatus'}
2019-10-11 00:22:13,874 [main] INFO  ipc.CallQueueManager (CallQueueManager.java:<init>(84)) - Using callQueue: class java.util.concurrent.LinkedBlockingQueue, queueCapacity: 2000, scheduler: class org.apache.hadoop.ipc.DefaultRpcScheduler, ipcBackoff: false.
2019-10-11 00:22:13,875 [Socket Reader #1 for port 39177] INFO  ipc.Server (Server.java:run(1074)) - Starting Socket Reader #1 for port 39177
2019-10-11 00:22:13,877 [main] INFO  ipc.CallQueueManager (CallQueueManager.java:<init>(84)) - Using callQueue: class java.util.concurrent.LinkedBlockingQueue, queueCapacity: 2000, scheduler: class org.apache.hadoop.ipc.DefaultRpcScheduler, ipcBackoff: false.
2019-10-11 00:22:13,878 [Socket Reader #1 for port 34792] INFO  ipc.Server (Server.java:run(1074)) - Starting Socket Reader #1 for port 34792
2019-10-11 00:22:13,879 [main] INFO  ipc.CallQueueManager (CallQueueManager.java:<init>(84)) - Using callQueue: class java.util.concurrent.LinkedBlockingQueue, queueCapacity: 2000, scheduler: class org.apache.hadoop.ipc.DefaultRpcScheduler, ipcBackoff: false.
2019-10-11 00:22:13,880 [Socket Reader #1 for port 46177] INFO  ipc.Server (Server.java:run(1074)) - Starting Socket Reader #1 for port 46177
2019-10-11 00:22:13,885 [main] INFO  hdfs.DFSUtil (DFSUtil.java:httpServerTemplateForNNAndJN(1641)) - Starting Web-server for scm at: http://0.0.0.0:0
2019-10-11 00:22:13,887 [main] INFO  server.AuthenticationFilter (AuthenticationFilter.java:constructSecretProvider(240)) - Unable to initialize FileSignerSecretProvider, falling back to use random secrets.
2019-10-11 00:22:13,888 [main] WARN  http.HttpRequestLog (HttpRequestLog.java:getRequestLog(97)) - Jetty request log can only be enabled using Log4j
2019-10-11 00:22:13,891 [main] INFO  http.HttpServer2 (HttpServer2.java:addGlobalFilter(975)) - Added global filter 'safety' (class=org.apache.hadoop.http.HttpServer2$QuotingInputFilter)
2019-10-11 00:22:13,892 [main] INFO  http.HttpServer2 (HttpServer2.java:addFilter(948)) - Added filter static_user_filter (class=org.apache.hadoop.http.lib.StaticUserWebFilter$StaticUserFilter) to context scm
2019-10-11 00:22:13,892 [main] INFO  http.HttpServer2 (HttpServer2.java:addFilter(958)) - Added filter static_user_filter (class=org.apache.hadoop.http.lib.StaticUserWebFilter$StaticUserFilter) to context static
2019-10-11 00:22:13,892 [main] INFO  http.HttpServer2 (HttpServer2.java:addFilter(958)) - Added filter static_user_filter (class=org.apache.hadoop.http.lib.StaticUserWebFilter$StaticUserFilter) to context logs
2019-10-11 00:22:13,895 [main] INFO  server.StorageContainerManager (StorageContainerManager.java:start(772)) - StorageContainerLocationProtocol RPC server is listening at /0.0.0.0:46177
2019-10-11 00:22:13,898 [main] WARN  impl.MetricsConfig (MetricsConfig.java:loadFirst(134)) - Cannot locate configuration: tried hadoop-metrics2-storagecontainermanager.properties,hadoop-metrics2.properties
2019-10-11 00:22:13,899 [main] INFO  impl.MetricsSystemImpl (MetricsSystemImpl.java:startTimer(374)) - Scheduled Metric snapshot period at 10 second(s).
2019-10-11 00:22:13,900 [main] INFO  impl.MetricsSystemImpl (MetricsSystemImpl.java:start(191)) - StorageContainerManager metrics system started
2019-10-11 00:22:13,989 [main] WARN  impl.MetricsSystemImpl (MetricsSystemImpl.java:register(276)) - Sink prometheus already exists!
2019-10-11 00:22:14,089 [main] INFO  server.SCMClientProtocolServer (SCMClientProtocolServer.java:start(159)) - RPC server for Client  is listening at /0.0.0.0:46177
2019-10-11 00:22:14,089 [IPC Server Responder] INFO  ipc.Server (Server.java:run(1314)) - IPC Server Responder: starting
2019-10-11 00:22:14,089 [IPC Server listener on 46177] INFO  ipc.Server (Server.java:run(1153)) - IPC Server listener on 46177: starting
2019-10-11 00:22:14,094 [main] INFO  server.StorageContainerManager (StorageContainerManager.java:start(782)) - ScmBlockLocationProtocol RPC server is listening at /0.0.0.0:34792
2019-10-11 00:22:14,094 [main] INFO  server.SCMBlockProtocolServer (SCMBlockProtocolServer.java:start(146)) - RPC server for Block Protocol is listening at /0.0.0.0:34792
2019-10-11 00:22:14,095 [IPC Server Responder] INFO  ipc.Server (Server.java:run(1314)) - IPC Server Responder: starting
2019-10-11 00:22:14,095 [IPC Server listener on 34792] INFO  ipc.Server (Server.java:run(1153)) - IPC Server listener on 34792: starting
2019-10-11 00:22:14,099 [main] INFO  server.StorageContainerManager (StorageContainerManager.java:start(786)) - ScmDatanodeProtocl RPC server is listening at /0.0.0.0:39177
2019-10-11 00:22:14,099 [main] INFO  server.SCMDatanodeProtocolServer (SCMDatanodeProtocolServer.java:start(169)) - RPC server for DataNodes is listening at /0.0.0.0:39177
2019-10-11 00:22:14,099 [IPC Server Responder] INFO  ipc.Server (Server.java:run(1314)) - IPC Server Responder: starting
2019-10-11 00:22:14,100 [IPC Server listener on 39177] INFO  ipc.Server (Server.java:run(1153)) - IPC Server listener on 39177: starting
2019-10-11 00:22:14,106 [main] INFO  http.HttpServer2 (HttpServer2.java:bindListener(1191)) - Jetty bound to port 40993
2019-10-11 00:22:14,107 [main] INFO  server.Server (Server.java:doStart(351)) - jetty-9.3.25.v20180904, build timestamp: 2018-09-04T21:11:46Z, git hash: 3ce520221d0240229c862b122d2b06c12a625732
2019-10-11 00:22:14,108 [main] INFO  handler.ContextHandler (ContextHandler.java:doStart(781)) - Started o.e.j.s.ServletContextHandler@7d2c345d{/logs,file:///workdir/hadoop-ozone/integration-test/target/log,AVAILABLE}
2019-10-11 00:22:14,109 [main] INFO  handler.ContextHandler (ContextHandler.java:doStart(781)) - Started o.e.j.s.ServletContextHandler@5db948c9{/static,file:///workdir/hadoop-ozone/integration-test/target/test-classes/webapps/static,AVAILABLE}
2019-10-11 00:22:14,113 [main] INFO  handler.ContextHandler (ContextHandler.java:doStart(781)) - Started o.e.j.w.WebAppContext@6dcab9d9{/,file:///workdir/hadoop-ozone/integration-test/target/test-classes/webapps/scm/,AVAILABLE}{/scm}
2019-10-11 00:22:14,113 [main] INFO  server.AbstractConnector (AbstractConnector.java:doStart(278)) - Started ServerConnector@5a14e60d{HTTP/1.1,[http/1.1]}{0.0.0.0:40993}
2019-10-11 00:22:14,114 [main] INFO  server.Server (Server.java:doStart(419)) - Started @227454ms
2019-10-11 00:22:14,114 [main] WARN  impl.MetricsSystemImpl (MetricsSystemImpl.java:register(276)) - Sink prometheus already exists!
2019-10-11 00:22:14,117 [main] INFO  server.BaseHttpServer (BaseHttpServer.java:updateConnectorAddress(215)) - HTTP server of SCM is listening at http://0.0.0.0:40993
2019-10-11 00:22:14,117 [main] WARN  server.ServerUtils (ServerUtils.java:getDBPath(222)) - ozone.om.db.dirs is not configured. We recommend adding this setting. Falling back to ozone.metadata.dirs instead.
2019-10-11 00:22:14,119 [org.apache.hadoop.util.JvmPauseMonitor$Monitor@72ecbcb3] INFO  util.JvmPauseMonitor (JvmPauseMonitor.java:run(188)) - Starting JVM pause monitor
2019-10-11 00:22:14,132 [main] INFO  ha.OMHANodeDetails (OMHANodeDetails.java:loadOMHAConfig(190)) - Configuration either no ozone.om.address set. Falling back to the default OM address /127.0.0.1:0
2019-10-11 00:22:14,132 [main] INFO  ha.OMHANodeDetails (OMHANodeDetails.java:getOMNodeDetails(220)) - OM Service ID is not set. Setting it to the default ID: omServiceIdDefault
2019-10-11 00:22:14,133 [main] WARN  server.ServerUtils (ServerUtils.java:getDBPath(222)) - ozone.om.db.dirs is not configured. We recommend adding this setting. Falling back to ozone.metadata.dirs instead.
2019-10-11 00:22:14,133 [main] WARN  server.ServerUtils (ServerUtils.java:getDBPath(222)) - ozone.om.db.dirs is not configured. We recommend adding this setting. Falling back to ozone.metadata.dirs instead.
2019-10-11 00:22:14,143 [main] WARN  server.ServerUtils (ServerUtils.java:getDBPath(222)) - ozone.om.db.dirs is not configured. We recommend adding this setting. Falling back to ozone.metadata.dirs instead.
2019-10-11 00:22:14,143 [main] INFO  db.DBStoreBuilder (DBStoreBuilder.java:addTable(117)) - using custom profile for table: userTable
2019-10-11 00:22:14,144 [main] INFO  db.DBStoreBuilder (DBStoreBuilder.java:processTables(168)) - Using default column profile:DBProfile.DISK for Table:userTable
2019-10-11 00:22:14,144 [main] INFO  db.DBStoreBuilder (DBStoreBuilder.java:addTable(117)) - using custom profile for table: volumeTable
2019-10-11 00:22:14,144 [main] INFO  db.DBStoreBuilder (DBStoreBuilder.java:processTables(168)) - Using default column profile:DBProfile.DISK for Table:volumeTable
2019-10-11 00:22:14,144 [main] INFO  db.DBStoreBuilder (DBStoreBuilder.java:addTable(117)) - using custom profile for table: bucketTable
2019-10-11 00:22:14,144 [main] INFO  db.DBStoreBuilder (DBStoreBuilder.java:processTables(168)) - Using default column profile:DBProfile.DISK for Table:bucketTable
2019-10-11 00:22:14,144 [main] INFO  db.DBStoreBuilder (DBStoreBuilder.java:addTable(117)) - using custom profile for table: keyTable
2019-10-11 00:22:14,145 [main] INFO  db.DBStoreBuilder (DBStoreBuilder.java:processTables(168)) - Using default column profile:DBProfile.DISK for Table:keyTable
2019-10-11 00:22:14,145 [main] INFO  db.DBStoreBuilder (DBStoreBuilder.java:addTable(117)) - using custom profile for table: deletedTable
2019-10-11 00:22:14,145 [main] INFO  db.DBStoreBuilder (DBStoreBuilder.java:processTables(168)) - Using default column profile:DBProfile.DISK for Table:deletedTable
2019-10-11 00:22:14,145 [main] INFO  db.DBStoreBuilder (DBStoreBuilder.java:addTable(117)) - using custom profile for table: openKeyTable
2019-10-11 00:22:14,145 [main] INFO  db.DBStoreBuilder (DBStoreBuilder.java:processTables(168)) - Using default column profile:DBProfile.DISK for Table:openKeyTable
2019-10-11 00:22:14,145 [main] INFO  db.DBStoreBuilder (DBStoreBuilder.java:addTable(117)) - using custom profile for table: s3Table
2019-10-11 00:22:14,145 [main] INFO  db.DBStoreBuilder (DBStoreBuilder.java:processTables(168)) - Using default column profile:DBProfile.DISK for Table:s3Table
2019-10-11 00:22:14,146 [main] INFO  db.DBStoreBuilder (DBStoreBuilder.java:addTable(117)) - using custom profile for table: multipartInfoTable
2019-10-11 00:22:14,146 [main] INFO  db.DBStoreBuilder (DBStoreBuilder.java:processTables(168)) - Using default column profile:DBProfile.DISK for Table:multipartInfoTable
2019-10-11 00:22:14,146 [main] INFO  db.DBStoreBuilder (DBStoreBuilder.java:addTable(117)) - using custom profile for table: dTokenTable
2019-10-11 00:22:14,146 [main] INFO  db.DBStoreBuilder (DBStoreBuilder.java:processTables(168)) - Using default column profile:DBProfile.DISK for Table:dTokenTable
2019-10-11 00:22:14,146 [main] INFO  db.DBStoreBuilder (DBStoreBuilder.java:addTable(117)) - using custom profile for table: s3SecretTable
2019-10-11 00:22:14,146 [main] INFO  db.DBStoreBuilder (DBStoreBuilder.java:processTables(168)) - Using default column profile:DBProfile.DISK for Table:s3SecretTable
2019-10-11 00:22:14,147 [main] INFO  db.DBStoreBuilder (DBStoreBuilder.java:addTable(117)) - using custom profile for table: prefixTable
2019-10-11 00:22:14,147 [main] INFO  db.DBStoreBuilder (DBStoreBuilder.java:processTables(168)) - Using default column profile:DBProfile.DISK for Table:prefixTable
2019-10-11 00:22:14,147 [main] INFO  db.DBStoreBuilder (DBStoreBuilder.java:addTable(117)) - using custom profile for table: default
2019-10-11 00:22:14,147 [main] INFO  db.DBStoreBuilder (DBStoreBuilder.java:processTables(174)) - Using default column profile:DBProfile.DISK for Table:default
2019-10-11 00:22:14,147 [main] INFO  db.DBStoreBuilder (DBStoreBuilder.java:getDbProfile(205)) - Using default options. DBProfile.DISK
2019-10-11 00:22:14,598 [main] INFO  ipc.CallQueueManager (CallQueueManager.java:<init>(84)) - Using callQueue: class java.util.concurrent.LinkedBlockingQueue, queueCapacity: 2000, scheduler: class org.apache.hadoop.ipc.DefaultRpcScheduler, ipcBackoff: false.
2019-10-11 00:22:14,599 [Socket Reader #1 for port 40320] INFO  ipc.Server (Server.java:run(1074)) - Starting Socket Reader #1 for port 40320
2019-10-11 00:22:14,612 [main] INFO  om.OzoneManager (OzoneManager.java:start(1069)) - OzoneManager RPC server is listening at localhost/127.0.0.1:40320
2019-10-11 00:22:14,612 [main] INFO  impl.MetricsSystemImpl (MetricsSystemImpl.java:init(158)) - OzoneManager metrics system started (again)
2019-10-11 00:22:14,613 [IPC Server Responder] INFO  ipc.Server (Server.java:run(1314)) - IPC Server Responder: starting
2019-10-11 00:22:14,613 [IPC Server listener on 40320] INFO  ipc.Server (Server.java:run(1153)) - IPC Server listener on 40320: starting
2019-10-11 00:22:14,621 [main] INFO  hdfs.DFSUtil (DFSUtil.java:httpServerTemplateForNNAndJN(1641)) - Starting Web-server for ozoneManager at: http://0.0.0.0:0
2019-10-11 00:22:14,623 [main] INFO  server.AuthenticationFilter (AuthenticationFilter.java:constructSecretProvider(240)) - Unable to initialize FileSignerSecretProvider, falling back to use random secrets.
2019-10-11 00:22:14,624 [main] WARN  http.HttpRequestLog (HttpRequestLog.java:getRequestLog(97)) - Jetty request log can only be enabled using Log4j
2019-10-11 00:22:14,626 [main] INFO  http.HttpServer2 (HttpServer2.java:addGlobalFilter(975)) - Added global filter 'safety' (class=org.apache.hadoop.http.HttpServer2$QuotingInputFilter)
2019-10-11 00:22:14,626 [main] INFO  http.HttpServer2 (HttpServer2.java:addFilter(948)) - Added filter static_user_filter (class=org.apache.hadoop.http.lib.StaticUserWebFilter$StaticUserFilter) to context ozoneManager
2019-10-11 00:22:14,627 [main] INFO  http.HttpServer2 (HttpServer2.java:addFilter(958)) - Added filter static_user_filter (class=org.apache.hadoop.http.lib.StaticUserWebFilter$StaticUserFilter) to context logs
2019-10-11 00:22:14,627 [main] INFO  http.HttpServer2 (HttpServer2.java:addFilter(958)) - Added filter static_user_filter (class=org.apache.hadoop.http.lib.StaticUserWebFilter$StaticUserFilter) to context static
2019-10-11 00:22:14,628 [main] INFO  http.HttpServer2 (HttpServer2.java:bindListener(1191)) - Jetty bound to port 33946
2019-10-11 00:22:14,628 [main] INFO  server.Server (Server.java:doStart(351)) - jetty-9.3.25.v20180904, build timestamp: 2018-09-04T21:11:46Z, git hash: 3ce520221d0240229c862b122d2b06c12a625732
2019-10-11 00:22:14,630 [main] INFO  handler.ContextHandler (ContextHandler.java:doStart(781)) - Started o.e.j.s.ServletContextHandler@b5aa65b{/logs,file:///workdir/hadoop-ozone/integration-test/target/log,AVAILABLE}
2019-10-11 00:22:14,631 [main] INFO  handler.ContextHandler (ContextHandler.java:doStart(781)) - Started o.e.j.s.ServletContextHandler@6b27b2d0{/static,file:///workdir/hadoop-ozone/integration-test/target/test-classes/webapps/static,AVAILABLE}
2019-10-11 00:22:14,635 [main] INFO  handler.ContextHandler (ContextHandler.java:doStart(781)) - Started o.e.j.w.WebAppContext@3e856100{/,file:///workdir/hadoop-ozone/integration-test/target/test-classes/webapps/ozoneManager/,AVAILABLE}{/ozoneManager}
2019-10-11 00:22:14,636 [main] INFO  server.AbstractConnector (AbstractConnector.java:doStart(278)) - Started ServerConnector@6e9a0bea{HTTP/1.1,[http/1.1]}{0.0.0.0:33946}
2019-10-11 00:22:14,637 [main] INFO  server.Server (Server.java:doStart(419)) - Started @227977ms
2019-10-11 00:22:14,637 [main] WARN  impl.MetricsSystemImpl (MetricsSystemImpl.java:register(276)) - Sink prometheus already exists!
2019-10-11 00:22:14,638 [main] INFO  server.BaseHttpServer (BaseHttpServer.java:updateConnectorAddress(215)) - HTTP server of OZONEMANAGER is listening at http://0.0.0.0:33946
2019-10-11 00:22:14,656 [main] INFO  impl.MetricsSystemImpl (MetricsSystemImpl.java:init(158)) - HddsDatanode metrics system started (again)
2019-10-11 00:22:14,660 [main] INFO  ozone.HddsDatanodeService (HddsDatanodeService.java:start(184)) - HddsDatanodeService host:pr-hdds-2282-bvc4c-4177210905 ip:192.168.151.127
2019-10-11 00:22:14,668 [main] INFO  volume.HddsVolume (HddsVolume.java:<init>(176)) - Creating Volume: /workdir/hadoop-ozone/integration-test/target/test-dir/MiniOzoneClusterImpl-87c1c27c-3391-4312-8e10-f972e80006e6/datanode-0/data/containers/hdds of  storage type : DISK and capacity : 1482555576320
2019-10-11 00:22:14,668 [main] INFO  volume.VolumeSet (VolumeSet.java:initializeVolumeSet(170)) - Added Volume : /workdir/hadoop-ozone/integration-test/target/test-dir/MiniOzoneClusterImpl-87c1c27c-3391-4312-8e10-f972e80006e6/datanode-0/data/containers/hdds to VolumeSet
2019-10-11 00:22:14,669 [main] INFO  volume.ThrottledAsyncChecker (ThrottledAsyncChecker.java:schedule(141)) - Scheduling a check for org.apache.hadoop.ozone.container.common.volume.HddsVolume@14efa279
2019-10-11 00:22:14,671 [main] INFO  volume.HddsVolumeChecker (HddsVolumeChecker.java:checkAllVolumes(204)) - Scheduled health check for volume org.apache.hadoop.ozone.container.common.volume.HddsVolume@14efa279
2019-10-11 00:22:14,688 [main] INFO  impl.RaftServerProxy (ConfUtils.java:logGet(43)) - raft.rpc.type = GRPC (default)
2019-10-11 00:22:14,689 [main] INFO  grpc.GrpcFactory (GrpcFactory.java:checkPooledByteBufAllocatorUseCacheForAllThreads(45)) - PERFORMANCE WARNING: useCacheForAllThreads is true that may cause Netty to create a lot garbage objects and, as a result, trigger GC.
	It is recommended to disable useCacheForAllThreads by setting -Dorg.apache.ratis.thirdparty.io.netty.allocator.useCacheForAllThreads=false in command line.
2019-10-11 00:22:14,689 [main] INFO  grpc.GrpcConfigKeys$Server (ConfUtils.java:logGet(43)) - raft.grpc.server.port = 0 (default)
2019-10-11 00:22:14,689 [main] INFO  server.GrpcService (ConfUtils.java:logGet(43)) - raft.grpc.message.size.max = 33570816 (custom)
2019-10-11 00:22:14,689 [main] INFO  server.RaftServerConfigKeys (ConfUtils.java:logGet(43)) - raft.server.log.appender.buffer.byte-limit = 33554432 (custom)
2019-10-11 00:22:14,690 [main] INFO  server.GrpcService (ConfUtils.java:logGet(43)) - raft.grpc.flow.control.window = 1MB (=1048576) (default)
2019-10-11 00:22:14,690 [main] INFO  server.RaftServerConfigKeys (ConfUtils.java:logGet(43)) - raft.server.rpc.request.timeout = 3000ms (default)
2019-10-11 00:22:14,691 [main] INFO  server.RaftServerConfigKeys (ConfUtils.java:logGet(43)) - raft.server.storage.dir = [/workdir/hadoop-ozone/integration-test/target/test-dir/MiniOzoneClusterImpl-87c1c27c-3391-4312-8e10-f972e80006e6/datanode-0/data/ratis] (custom)
2019-10-11 00:22:14,692 [main] INFO  hdfs.DFSUtil (DFSUtil.java:httpServerTemplateForNNAndJN(1641)) - Starting Web-server for hddsDatanode at: http://0.0.0.0:0
2019-10-11 00:22:14,694 [main] INFO  server.AuthenticationFilter (AuthenticationFilter.java:constructSecretProvider(240)) - Unable to initialize FileSignerSecretProvider, falling back to use random secrets.
2019-10-11 00:22:14,694 [main] WARN  http.HttpRequestLog (HttpRequestLog.java:getRequestLog(97)) - Jetty request log can only be enabled using Log4j
2019-10-11 00:22:14,696 [main] INFO  http.HttpServer2 (HttpServer2.java:addGlobalFilter(975)) - Added global filter 'safety' (class=org.apache.hadoop.http.HttpServer2$QuotingInputFilter)
2019-10-11 00:22:14,696 [main] INFO  http.HttpServer2 (HttpServer2.java:addFilter(948)) - Added filter static_user_filter (class=org.apache.hadoop.http.lib.StaticUserWebFilter$StaticUserFilter) to context hddsDatanode
2019-10-11 00:22:14,696 [main] INFO  http.HttpServer2 (HttpServer2.java:addFilter(958)) - Added filter static_user_filter (class=org.apache.hadoop.http.lib.StaticUserWebFilter$StaticUserFilter) to context logs
2019-10-11 00:22:14,697 [main] INFO  http.HttpServer2 (HttpServer2.java:addFilter(958)) - Added filter static_user_filter (class=org.apache.hadoop.http.lib.StaticUserWebFilter$StaticUserFilter) to context static
2019-10-11 00:22:14,697 [main] INFO  http.HttpServer2 (HttpServer2.java:bindListener(1191)) - Jetty bound to port 35023
2019-10-11 00:22:14,698 [main] INFO  server.Server (Server.java:doStart(351)) - jetty-9.3.25.v20180904, build timestamp: 2018-09-04T21:11:46Z, git hash: 3ce520221d0240229c862b122d2b06c12a625732
2019-10-11 00:22:14,699 [main] INFO  handler.ContextHandler (ContextHandler.java:doStart(781)) - Started o.e.j.s.ServletContextHandler@418f890f{/logs,file:///workdir/hadoop-ozone/integration-test/target/log,AVAILABLE}
2019-10-11 00:22:14,700 [main] INFO  handler.ContextHandler (ContextHandler.java:doStart(781)) - Started o.e.j.s.ServletContextHandler@7d66e544{/static,jar:file:/home/user/.m2/repository/org/apache/hadoop/hadoop-hdds-container-service/0.5.0-SNAPSHOT/hadoop-hdds-container-service-0.5.0-SNAPSHOT.jar!/webapps/static,AVAILABLE}
2019-10-11 00:22:14,735 [main] INFO  handler.ContextHandler (ContextHandler.java:doStart(781)) - Started o.e.j.w.WebAppContext@563ccd31{/,file:///tmp/jetty-0.0.0.0-35023-hddsDatanode-_-any-3003130770367277182.dir/webapp/,AVAILABLE}{/hddsDatanode}
2019-10-11 00:22:14,736 [main] INFO  server.AbstractConnector (AbstractConnector.java:doStart(278)) - Started ServerConnector@72465eb2{HTTP/1.1,[http/1.1]}{0.0.0.0:35023}
2019-10-11 00:22:14,738 [main] INFO  server.Server (Server.java:doStart(419)) - Started @228078ms
2019-10-11 00:22:14,738 [main] WARN  impl.MetricsSystemImpl (MetricsSystemImpl.java:register(276)) - Sink prometheus already exists!
2019-10-11 00:22:14,738 [main] INFO  server.BaseHttpServer (BaseHttpServer.java:updateConnectorAddress(215)) - HTTP server of HDDSDATANODE is listening at http://0.0.0.0:35023
2019-10-11 00:22:14,739 [main] INFO  impl.MetricsSystemImpl (MetricsSystemImpl.java:init(158)) - HddsDatanode metrics system started (again)
2019-10-11 00:22:14,743 [org.apache.hadoop.util.JvmPauseMonitor$Monitor@3c783815] INFO  util.JvmPauseMonitor (JvmPauseMonitor.java:run(188)) - Starting JVM pause monitor
2019-10-11 00:22:14,743 [main] INFO  ozone.HddsDatanodeService (HddsDatanodeService.java:start(184)) - HddsDatanodeService host:pr-hdds-2282-bvc4c-4177210905 ip:192.168.151.127
2019-10-11 00:22:14,744 [Datanode State Machine Thread - 0] INFO  datanode.InitDatanodeState (InitDatanodeState.java:persistContainerDatanodeDetails(140)) - DatanodeDetails is persisted to /workdir/hadoop-ozone/integration-test/target/test-dir/MiniOzoneClusterImpl-87c1c27c-3391-4312-8e10-f972e80006e6/datanode-0/meta/datanode.id
2019-10-11 00:22:14,750 [main] INFO  volume.HddsVolume (HddsVolume.java:<init>(176)) - Creating Volume: /workdir/hadoop-ozone/integration-test/target/test-dir/MiniOzoneClusterImpl-87c1c27c-3391-4312-8e10-f972e80006e6/datanode-1/data/containers/hdds of  storage type : DISK and capacity : 1482555576320
2019-10-11 00:22:14,750 [main] INFO  volume.VolumeSet (VolumeSet.java:initializeVolumeSet(170)) - Added Volume : /workdir/hadoop-ozone/integration-test/target/test-dir/MiniOzoneClusterImpl-87c1c27c-3391-4312-8e10-f972e80006e6/datanode-1/data/containers/hdds to VolumeSet
2019-10-11 00:22:14,751 [main] INFO  volume.ThrottledAsyncChecker (ThrottledAsyncChecker.java:schedule(141)) - Scheduling a check for org.apache.hadoop.ozone.container.common.volume.HddsVolume@1118d539
2019-10-11 00:22:14,751 [main] INFO  volume.HddsVolumeChecker (HddsVolumeChecker.java:checkAllVolumes(204)) - Scheduled health check for volume org.apache.hadoop.ozone.container.common.volume.HddsVolume@1118d539
2019-10-11 00:22:14,765 [main] INFO  impl.RaftServerProxy (ConfUtils.java:logGet(43)) - raft.rpc.type = GRPC (default)
2019-10-11 00:22:14,765 [main] INFO  grpc.GrpcFactory (GrpcFactory.java:checkPooledByteBufAllocatorUseCacheForAllThreads(45)) - PERFORMANCE WARNING: useCacheForAllThreads is true that may cause Netty to create a lot garbage objects and, as a result, trigger GC.
	It is recommended to disable useCacheForAllThreads by setting -Dorg.apache.ratis.thirdparty.io.netty.allocator.useCacheForAllThreads=false in command line.
2019-10-11 00:22:14,765 [main] INFO  grpc.GrpcConfigKeys$Server (ConfUtils.java:logGet(43)) - raft.grpc.server.port = 0 (default)
2019-10-11 00:22:14,766 [main] INFO  server.GrpcService (ConfUtils.java:logGet(43)) - raft.grpc.message.size.max = 33570816 (custom)
2019-10-11 00:22:14,766 [main] INFO  server.RaftServerConfigKeys (ConfUtils.java:logGet(43)) - raft.server.log.appender.buffer.byte-limit = 33554432 (custom)
2019-10-11 00:22:14,766 [main] INFO  server.GrpcService (ConfUtils.java:logGet(43)) - raft.grpc.flow.control.window = 1MB (=1048576) (default)
2019-10-11 00:22:14,766 [main] INFO  server.RaftServerConfigKeys (ConfUtils.java:logGet(43)) - raft.server.rpc.request.timeout = 3000ms (default)
2019-10-11 00:22:14,766 [main] INFO  server.RaftServerConfigKeys (ConfUtils.java:logGet(43)) - raft.server.storage.dir = [/workdir/hadoop-ozone/integration-test/target/test-dir/MiniOzoneClusterImpl-87c1c27c-3391-4312-8e10-f972e80006e6/datanode-1/data/ratis] (custom)
2019-10-11 00:22:14,768 [main] INFO  hdfs.DFSUtil (DFSUtil.java:httpServerTemplateForNNAndJN(1641)) - Starting Web-server for hddsDatanode at: http://0.0.0.0:0
2019-10-11 00:22:14,769 [main] INFO  server.AuthenticationFilter (AuthenticationFilter.java:constructSecretProvider(240)) - Unable to initialize FileSignerSecretProvider, falling back to use random secrets.
2019-10-11 00:22:14,770 [main] WARN  http.HttpRequestLog (HttpRequestLog.java:getRequestLog(97)) - Jetty request log can only be enabled using Log4j
2019-10-11 00:22:14,772 [main] INFO  http.HttpServer2 (HttpServer2.java:addGlobalFilter(975)) - Added global filter 'safety' (class=org.apache.hadoop.http.HttpServer2$QuotingInputFilter)
2019-10-11 00:22:14,773 [main] INFO  http.HttpServer2 (HttpServer2.java:addFilter(948)) - Added filter static_user_filter (class=org.apache.hadoop.http.lib.StaticUserWebFilter$StaticUserFilter) to context hddsDatanode
2019-10-11 00:22:14,773 [main] INFO  http.HttpServer2 (HttpServer2.java:addFilter(958)) - Added filter static_user_filter (class=org.apache.hadoop.http.lib.StaticUserWebFilter$StaticUserFilter) to context logs
2019-10-11 00:22:14,774 [main] INFO  http.HttpServer2 (HttpServer2.java:addFilter(958)) - Added filter static_user_filter (class=org.apache.hadoop.http.lib.StaticUserWebFilter$StaticUserFilter) to context static
2019-10-11 00:22:14,775 [main] INFO  http.HttpServer2 (HttpServer2.java:bindListener(1191)) - Jetty bound to port 41926
2019-10-11 00:22:14,775 [main] INFO  server.Server (Server.java:doStart(351)) - jetty-9.3.25.v20180904, build timestamp: 2018-09-04T21:11:46Z, git hash: 3ce520221d0240229c862b122d2b06c12a625732
2019-10-11 00:22:14,777 [main] INFO  handler.ContextHandler (ContextHandler.java:doStart(781)) - Started o.e.j.s.ServletContextHandler@611d0763{/logs,file:///workdir/hadoop-ozone/integration-test/target/log,AVAILABLE}
2019-10-11 00:22:14,778 [main] INFO  handler.ContextHandler (ContextHandler.java:doStart(781)) - Started o.e.j.s.ServletContextHandler@1e226bcd{/static,jar:file:/home/user/.m2/repository/org/apache/hadoop/hadoop-hdds-container-service/0.5.0-SNAPSHOT/hadoop-hdds-container-service-0.5.0-SNAPSHOT.jar!/webapps/static,AVAILABLE}
2019-10-11 00:22:14,823 [main] INFO  handler.ContextHandler (ContextHandler.java:doStart(781)) - Started o.e.j.w.WebAppContext@1bd8afc8{/,file:///tmp/jetty-0.0.0.0-41926-hddsDatanode-_-any-5641444259917004592.dir/webapp/,AVAILABLE}{/hddsDatanode}
2019-10-11 00:22:14,823 [main] INFO  server.AbstractConnector (AbstractConnector.java:doStart(278)) - Started ServerConnector@24134cbc{HTTP/1.1,[http/1.1]}{0.0.0.0:41926}
2019-10-11 00:22:14,825 [main] INFO  server.Server (Server.java:doStart(419)) - Started @228165ms
2019-10-11 00:22:14,825 [main] WARN  impl.MetricsSystemImpl (MetricsSystemImpl.java:register(276)) - Sink prometheus already exists!
2019-10-11 00:22:14,826 [main] INFO  server.BaseHttpServer (BaseHttpServer.java:updateConnectorAddress(215)) - HTTP server of HDDSDATANODE is listening at http://0.0.0.0:41926
2019-10-11 00:22:14,827 [main] INFO  impl.MetricsSystemImpl (MetricsSystemImpl.java:init(158)) - HddsDatanode metrics system started (again)
2019-10-11 00:22:14,831 [org.apache.hadoop.util.JvmPauseMonitor$Monitor@76c5cf4d] INFO  util.JvmPauseMonitor (JvmPauseMonitor.java:run(188)) - Starting JVM pause monitor
2019-10-11 00:22:14,832 [main] INFO  ozone.HddsDatanodeService (HddsDatanodeService.java:start(184)) - HddsDatanodeService host:pr-hdds-2282-bvc4c-4177210905 ip:192.168.151.127
2019-10-11 00:22:14,832 [Datanode State Machine Thread - 0] INFO  datanode.InitDatanodeState (InitDatanodeState.java:persistContainerDatanodeDetails(140)) - DatanodeDetails is persisted to /workdir/hadoop-ozone/integration-test/target/test-dir/MiniOzoneClusterImpl-87c1c27c-3391-4312-8e10-f972e80006e6/datanode-1/meta/datanode.id
2019-10-11 00:22:14,839 [main] INFO  volume.HddsVolume (HddsVolume.java:<init>(176)) - Creating Volume: /workdir/hadoop-ozone/integration-test/target/test-dir/MiniOzoneClusterImpl-87c1c27c-3391-4312-8e10-f972e80006e6/datanode-2/data/containers/hdds of  storage type : DISK and capacity : 1482555576320
2019-10-11 00:22:14,839 [main] INFO  volume.VolumeSet (VolumeSet.java:initializeVolumeSet(170)) - Added Volume : /workdir/hadoop-ozone/integration-test/target/test-dir/MiniOzoneClusterImpl-87c1c27c-3391-4312-8e10-f972e80006e6/datanode-2/data/containers/hdds to VolumeSet
2019-10-11 00:22:14,839 [main] INFO  volume.ThrottledAsyncChecker (ThrottledAsyncChecker.java:schedule(141)) - Scheduling a check for org.apache.hadoop.ozone.container.common.volume.HddsVolume@4dc52559
2019-10-11 00:22:14,840 [main] INFO  volume.HddsVolumeChecker (HddsVolumeChecker.java:checkAllVolumes(204)) - Scheduled health check for volume org.apache.hadoop.ozone.container.common.volume.HddsVolume@4dc52559
2019-10-11 00:22:14,861 [main] INFO  impl.RaftServerProxy (ConfUtils.java:logGet(43)) - raft.rpc.type = GRPC (default)
2019-10-11 00:22:14,862 [main] INFO  grpc.GrpcFactory (GrpcFactory.java:checkPooledByteBufAllocatorUseCacheForAllThreads(45)) - PERFORMANCE WARNING: useCacheForAllThreads is true that may cause Netty to create a lot garbage objects and, as a result, trigger GC.
	It is recommended to disable useCacheForAllThreads by setting -Dorg.apache.ratis.thirdparty.io.netty.allocator.useCacheForAllThreads=false in command line.
2019-10-11 00:22:14,862 [main] INFO  grpc.GrpcConfigKeys$Server (ConfUtils.java:logGet(43)) - raft.grpc.server.port = 0 (default)
2019-10-11 00:22:14,862 [main] INFO  server.GrpcService (ConfUtils.java:logGet(43)) - raft.grpc.message.size.max = 33570816 (custom)
2019-10-11 00:22:14,862 [main] INFO  server.RaftServerConfigKeys (ConfUtils.java:logGet(43)) - raft.server.log.appender.buffer.byte-limit = 33554432 (custom)
2019-10-11 00:22:14,863 [main] INFO  server.GrpcService (ConfUtils.java:logGet(43)) - raft.grpc.flow.control.window = 1MB (=1048576) (default)
2019-10-11 00:22:14,863 [main] INFO  server.RaftServerConfigKeys (ConfUtils.java:logGet(43)) - raft.server.rpc.request.timeout = 3000ms (default)
2019-10-11 00:22:14,863 [main] INFO  server.RaftServerConfigKeys (ConfUtils.java:logGet(43)) - raft.server.storage.dir = [/workdir/hadoop-ozone/integration-test/target/test-dir/MiniOzoneClusterImpl-87c1c27c-3391-4312-8e10-f972e80006e6/datanode-2/data/ratis] (custom)
2019-10-11 00:22:14,865 [main] INFO  hdfs.DFSUtil (DFSUtil.java:httpServerTemplateForNNAndJN(1641)) - Starting Web-server for hddsDatanode at: http://0.0.0.0:0
2019-10-11 00:22:14,866 [main] INFO  server.AuthenticationFilter (AuthenticationFilter.java:constructSecretProvider(240)) - Unable to initialize FileSignerSecretProvider, falling back to use random secrets.
2019-10-11 00:22:14,867 [main] WARN  http.HttpRequestLog (HttpRequestLog.java:getRequestLog(97)) - Jetty request log can only be enabled using Log4j
2019-10-11 00:22:14,868 [main] INFO  http.HttpServer2 (HttpServer2.java:addGlobalFilter(975)) - Added global filter 'safety' (class=org.apache.hadoop.http.HttpServer2$QuotingInputFilter)
2019-10-11 00:22:14,869 [main] INFO  http.HttpServer2 (HttpServer2.java:addFilter(948)) - Added filter static_user_filter (class=org.apache.hadoop.http.lib.StaticUserWebFilter$StaticUserFilter) to context hddsDatanode
2019-10-11 00:22:14,869 [main] INFO  http.HttpServer2 (HttpServer2.java:addFilter(958)) - Added filter static_user_filter (class=org.apache.hadoop.http.lib.StaticUserWebFilter$StaticUserFilter) to context static
2019-10-11 00:22:14,869 [main] INFO  http.HttpServer2 (HttpServer2.java:addFilter(958)) - Added filter static_user_filter (class=org.apache.hadoop.http.lib.StaticUserWebFilter$StaticUserFilter) to context logs
2019-10-11 00:22:14,870 [main] INFO  http.HttpServer2 (HttpServer2.java:bindListener(1191)) - Jetty bound to port 35626
2019-10-11 00:22:14,870 [main] INFO  server.Server (Server.java:doStart(351)) - jetty-9.3.25.v20180904, build timestamp: 2018-09-04T21:11:46Z, git hash: 3ce520221d0240229c862b122d2b06c12a625732
2019-10-11 00:22:14,872 [main] INFO  handler.ContextHandler (ContextHandler.java:doStart(781)) - Started o.e.j.s.ServletContextHandler@2ca54da9{/logs,file:///workdir/hadoop-ozone/integration-test/target/log,AVAILABLE}
2019-10-11 00:22:14,872 [main] INFO  handler.ContextHandler (ContextHandler.java:doStart(781)) - Started o.e.j.s.ServletContextHandler@496cc217{/static,jar:file:/home/user/.m2/repository/org/apache/hadoop/hadoop-hdds-container-service/0.5.0-SNAPSHOT/hadoop-hdds-container-service-0.5.0-SNAPSHOT.jar!/webapps/static,AVAILABLE}
2019-10-11 00:22:14,918 [main] INFO  handler.ContextHandler (ContextHandler.java:doStart(781)) - Started o.e.j.w.WebAppContext@2589d787{/,file:///tmp/jetty-0.0.0.0-35626-hddsDatanode-_-any-3433147543335461869.dir/webapp/,AVAILABLE}{/hddsDatanode}
2019-10-11 00:22:14,919 [main] INFO  server.AbstractConnector (AbstractConnector.java:doStart(278)) - Started ServerConnector@1788cb61{HTTP/1.1,[http/1.1]}{0.0.0.0:35626}
2019-10-11 00:22:14,921 [main] INFO  server.Server (Server.java:doStart(419)) - Started @228261ms
2019-10-11 00:22:14,921 [main] WARN  impl.MetricsSystemImpl (MetricsSystemImpl.java:register(276)) - Sink prometheus already exists!
2019-10-11 00:22:14,922 [main] INFO  server.BaseHttpServer (BaseHttpServer.java:updateConnectorAddress(215)) - HTTP server of HDDSDATANODE is listening at http://0.0.0.0:35626
2019-10-11 00:22:14,922 [main] INFO  impl.MetricsSystemImpl (MetricsSystemImpl.java:init(158)) - HddsDatanode metrics system started (again)
2019-10-11 00:22:14,927 [org.apache.hadoop.util.JvmPauseMonitor$Monitor@59747396] INFO  util.JvmPauseMonitor (JvmPauseMonitor.java:run(188)) - Starting JVM pause monitor
2019-10-11 00:22:14,928 [main] INFO  ozone.HddsDatanodeService (HddsDatanodeService.java:start(184)) - HddsDatanodeService host:pr-hdds-2282-bvc4c-4177210905 ip:192.168.151.127
2019-10-11 00:22:14,929 [Datanode State Machine Thread - 0] INFO  datanode.InitDatanodeState (InitDatanodeState.java:persistContainerDatanodeDetails(140)) - DatanodeDetails is persisted to /workdir/hadoop-ozone/integration-test/target/test-dir/MiniOzoneClusterImpl-87c1c27c-3391-4312-8e10-f972e80006e6/datanode-2/meta/datanode.id
2019-10-11 00:22:14,935 [main] INFO  volume.HddsVolume (HddsVolume.java:<init>(176)) - Creating Volume: /workdir/hadoop-ozone/integration-test/target/test-dir/MiniOzoneClusterImpl-87c1c27c-3391-4312-8e10-f972e80006e6/datanode-3/data/containers/hdds of  storage type : DISK and capacity : 1482555576320
2019-10-11 00:22:14,936 [main] INFO  volume.VolumeSet (VolumeSet.java:initializeVolumeSet(170)) - Added Volume : /workdir/hadoop-ozone/integration-test/target/test-dir/MiniOzoneClusterImpl-87c1c27c-3391-4312-8e10-f972e80006e6/datanode-3/data/containers/hdds to VolumeSet
2019-10-11 00:22:14,936 [main] INFO  volume.ThrottledAsyncChecker (ThrottledAsyncChecker.java:schedule(141)) - Scheduling a check for org.apache.hadoop.ozone.container.common.volume.HddsVolume@45037e16
2019-10-11 00:22:14,936 [main] INFO  volume.HddsVolumeChecker (HddsVolumeChecker.java:checkAllVolumes(204)) - Scheduled health check for volume org.apache.hadoop.ozone.container.common.volume.HddsVolume@45037e16
2019-10-11 00:22:14,954 [main] INFO  impl.RaftServerProxy (ConfUtils.java:logGet(43)) - raft.rpc.type = GRPC (default)
2019-10-11 00:22:14,954 [main] INFO  grpc.GrpcFactory (GrpcFactory.java:checkPooledByteBufAllocatorUseCacheForAllThreads(45)) - PERFORMANCE WARNING: useCacheForAllThreads is true that may cause Netty to create a lot garbage objects and, as a result, trigger GC.
	It is recommended to disable useCacheForAllThreads by setting -Dorg.apache.ratis.thirdparty.io.netty.allocator.useCacheForAllThreads=false in command line.
2019-10-11 00:22:14,954 [main] INFO  grpc.GrpcConfigKeys$Server (ConfUtils.java:logGet(43)) - raft.grpc.server.port = 0 (default)
2019-10-11 00:22:14,954 [main] INFO  server.GrpcService (ConfUtils.java:logGet(43)) - raft.grpc.message.size.max = 33570816 (custom)
2019-10-11 00:22:14,955 [main] INFO  server.RaftServerConfigKeys (ConfUtils.java:logGet(43)) - raft.server.log.appender.buffer.byte-limit = 33554432 (custom)
2019-10-11 00:22:14,955 [main] INFO  server.GrpcService (ConfUtils.java:logGet(43)) - raft.grpc.flow.control.window = 1MB (=1048576) (default)
2019-10-11 00:22:14,955 [main] INFO  server.RaftServerConfigKeys (ConfUtils.java:logGet(43)) - raft.server.rpc.request.timeout = 3000ms (default)
2019-10-11 00:22:14,956 [main] INFO  server.RaftServerConfigKeys (ConfUtils.java:logGet(43)) - raft.server.storage.dir = [/workdir/hadoop-ozone/integration-test/target/test-dir/MiniOzoneClusterImpl-87c1c27c-3391-4312-8e10-f972e80006e6/datanode-3/data/ratis] (custom)
2019-10-11 00:22:14,957 [main] INFO  hdfs.DFSUtil (DFSUtil.java:httpServerTemplateForNNAndJN(1641)) - Starting Web-server for hddsDatanode at: http://0.0.0.0:0
2019-10-11 00:22:14,958 [main] INFO  server.AuthenticationFilter (AuthenticationFilter.java:constructSecretProvider(240)) - Unable to initialize FileSignerSecretProvider, falling back to use random secrets.
2019-10-11 00:22:14,959 [main] WARN  http.HttpRequestLog (HttpRequestLog.java:getRequestLog(97)) - Jetty request log can only be enabled using Log4j
2019-10-11 00:22:14,960 [main] INFO  http.HttpServer2 (HttpServer2.java:addGlobalFilter(975)) - Added global filter 'safety' (class=org.apache.hadoop.http.HttpServer2$QuotingInputFilter)
2019-10-11 00:22:14,961 [main] INFO  http.HttpServer2 (HttpServer2.java:addFilter(948)) - Added filter static_user_filter (class=org.apache.hadoop.http.lib.StaticUserWebFilter$StaticUserFilter) to context hddsDatanode
2019-10-11 00:22:14,961 [main] INFO  http.HttpServer2 (HttpServer2.java:addFilter(958)) - Added filter static_user_filter (class=org.apache.hadoop.http.lib.StaticUserWebFilter$StaticUserFilter) to context static
2019-10-11 00:22:14,961 [main] INFO  http.HttpServer2 (HttpServer2.java:addFilter(958)) - Added filter static_user_filter (class=org.apache.hadoop.http.lib.StaticUserWebFilter$StaticUserFilter) to context logs
2019-10-11 00:22:14,962 [main] INFO  http.HttpServer2 (HttpServer2.java:bindListener(1191)) - Jetty bound to port 40205
2019-10-11 00:22:14,962 [main] INFO  server.Server (Server.java:doStart(351)) - jetty-9.3.25.v20180904, build timestamp: 2018-09-04T21:11:46Z, git hash: 3ce520221d0240229c862b122d2b06c12a625732
2019-10-11 00:22:14,964 [main] INFO  handler.ContextHandler (ContextHandler.java:doStart(781)) - Started o.e.j.s.ServletContextHandler@42c12b3e{/logs,file:///workdir/hadoop-ozone/integration-test/target/log,AVAILABLE}
2019-10-11 00:22:14,965 [main] INFO  handler.ContextHandler (ContextHandler.java:doStart(781)) - Started o.e.j.s.ServletContextHandler@46f73ffa{/static,jar:file:/home/user/.m2/repository/org/apache/hadoop/hadoop-hdds-container-service/0.5.0-SNAPSHOT/hadoop-hdds-container-service-0.5.0-SNAPSHOT.jar!/webapps/static,AVAILABLE}
2019-10-11 00:22:15,007 [main] INFO  handler.ContextHandler (ContextHandler.java:doStart(781)) - Started o.e.j.w.WebAppContext@6629643d{/,file:///tmp/jetty-0.0.0.0-40205-hddsDatanode-_-any-5221184383212493933.dir/webapp/,AVAILABLE}{/hddsDatanode}
2019-10-11 00:22:15,008 [main] INFO  server.AbstractConnector (AbstractConnector.java:doStart(278)) - Started ServerConnector@2dd178f3{HTTP/1.1,[http/1.1]}{0.0.0.0:40205}
2019-10-11 00:22:15,010 [main] INFO  server.Server (Server.java:doStart(419)) - Started @228350ms
2019-10-11 00:22:15,010 [main] WARN  impl.MetricsSystemImpl (MetricsSystemImpl.java:register(276)) - Sink prometheus already exists!
2019-10-11 00:22:15,011 [main] INFO  server.BaseHttpServer (BaseHttpServer.java:updateConnectorAddress(215)) - HTTP server of HDDSDATANODE is listening at http://0.0.0.0:40205
2019-10-11 00:22:15,011 [main] INFO  impl.MetricsSystemImpl (MetricsSystemImpl.java:init(158)) - HddsDatanode metrics system started (again)
2019-10-11 00:22:15,017 [org.apache.hadoop.util.JvmPauseMonitor$Monitor@5194a74e] INFO  util.JvmPauseMonitor (JvmPauseMonitor.java:run(188)) - Starting JVM pause monitor
2019-10-11 00:22:15,018 [Datanode State Machine Thread - 0] INFO  datanode.InitDatanodeState (InitDatanodeState.java:persistContainerDatanodeDetails(140)) - DatanodeDetails is persisted to /workdir/hadoop-ozone/integration-test/target/test-dir/MiniOzoneClusterImpl-87c1c27c-3391-4312-8e10-f972e80006e6/datanode-3/meta/datanode.id
2019-10-11 00:22:15,019 [main] INFO  ozone.HddsDatanodeService (HddsDatanodeService.java:start(184)) - HddsDatanodeService host:pr-hdds-2282-bvc4c-4177210905 ip:192.168.151.127
2019-10-11 00:22:15,025 [main] INFO  volume.HddsVolume (HddsVolume.java:<init>(176)) - Creating Volume: /workdir/hadoop-ozone/integration-test/target/test-dir/MiniOzoneClusterImpl-87c1c27c-3391-4312-8e10-f972e80006e6/datanode-4/data/containers/hdds of  storage type : DISK and capacity : 1482555576320
2019-10-11 00:22:15,026 [main] INFO  volume.VolumeSet (VolumeSet.java:initializeVolumeSet(170)) - Added Volume : /workdir/hadoop-ozone/integration-test/target/test-dir/MiniOzoneClusterImpl-87c1c27c-3391-4312-8e10-f972e80006e6/datanode-4/data/containers/hdds to VolumeSet
2019-10-11 00:22:15,026 [main] INFO  volume.ThrottledAsyncChecker (ThrottledAsyncChecker.java:schedule(141)) - Scheduling a check for org.apache.hadoop.ozone.container.common.volume.HddsVolume@64f4f12
2019-10-11 00:22:15,026 [main] INFO  volume.HddsVolumeChecker (HddsVolumeChecker.java:checkAllVolumes(204)) - Scheduled health check for volume org.apache.hadoop.ozone.container.common.volume.HddsVolume@64f4f12
2019-10-11 00:22:15,045 [main] INFO  impl.RaftServerProxy (ConfUtils.java:logGet(43)) - raft.rpc.type = GRPC (default)
2019-10-11 00:22:15,045 [main] INFO  grpc.GrpcFactory (GrpcFactory.java:checkPooledByteBufAllocatorUseCacheForAllThreads(45)) - PERFORMANCE WARNING: useCacheForAllThreads is true that may cause Netty to create a lot garbage objects and, as a result, trigger GC.
	It is recommended to disable useCacheForAllThreads by setting -Dorg.apache.ratis.thirdparty.io.netty.allocator.useCacheForAllThreads=false in command line.
2019-10-11 00:22:15,045 [main] INFO  grpc.GrpcConfigKeys$Server (ConfUtils.java:logGet(43)) - raft.grpc.server.port = 0 (default)
2019-10-11 00:22:15,045 [main] INFO  server.GrpcService (ConfUtils.java:logGet(43)) - raft.grpc.message.size.max = 33570816 (custom)
2019-10-11 00:22:15,046 [main] INFO  server.RaftServerConfigKeys (ConfUtils.java:logGet(43)) - raft.server.log.appender.buffer.byte-limit = 33554432 (custom)
2019-10-11 00:22:15,046 [main] INFO  server.GrpcService (ConfUtils.java:logGet(43)) - raft.grpc.flow.control.window = 1MB (=1048576) (default)
2019-10-11 00:22:15,046 [main] INFO  server.RaftServerConfigKeys (ConfUtils.java:logGet(43)) - raft.server.rpc.request.timeout = 3000ms (default)
2019-10-11 00:22:15,047 [main] INFO  server.RaftServerConfigKeys (ConfUtils.java:logGet(43)) - raft.server.storage.dir = [/workdir/hadoop-ozone/integration-test/target/test-dir/MiniOzoneClusterImpl-87c1c27c-3391-4312-8e10-f972e80006e6/datanode-4/data/ratis] (custom)
2019-10-11 00:22:15,048 [main] INFO  hdfs.DFSUtil (DFSUtil.java:httpServerTemplateForNNAndJN(1641)) - Starting Web-server for hddsDatanode at: http://0.0.0.0:0
2019-10-11 00:22:15,049 [main] INFO  server.AuthenticationFilter (AuthenticationFilter.java:constructSecretProvider(240)) - Unable to initialize FileSignerSecretProvider, falling back to use random secrets.
2019-10-11 00:22:15,050 [main] WARN  http.HttpRequestLog (HttpRequestLog.java:getRequestLog(97)) - Jetty request log can only be enabled using Log4j
2019-10-11 00:22:15,051 [main] INFO  http.HttpServer2 (HttpServer2.java:addGlobalFilter(975)) - Added global filter 'safety' (class=org.apache.hadoop.http.HttpServer2$QuotingInputFilter)
2019-10-11 00:22:15,052 [main] INFO  http.HttpServer2 (HttpServer2.java:addFilter(948)) - Added filter static_user_filter (class=org.apache.hadoop.http.lib.StaticUserWebFilter$StaticUserFilter) to context hddsDatanode
2019-10-11 00:22:15,052 [main] INFO  http.HttpServer2 (HttpServer2.java:addFilter(958)) - Added filter static_user_filter (class=org.apache.hadoop.http.lib.StaticUserWebFilter$StaticUserFilter) to context static
2019-10-11 00:22:15,052 [main] INFO  http.HttpServer2 (HttpServer2.java:addFilter(958)) - Added filter static_user_filter (class=org.apache.hadoop.http.lib.StaticUserWebFilter$StaticUserFilter) to context logs
2019-10-11 00:22:15,053 [main] INFO  http.HttpServer2 (HttpServer2.java:bindListener(1191)) - Jetty bound to port 37326
2019-10-11 00:22:15,053 [main] INFO  server.Server (Server.java:doStart(351)) - jetty-9.3.25.v20180904, build timestamp: 2018-09-04T21:11:46Z, git hash: 3ce520221d0240229c862b122d2b06c12a625732
2019-10-11 00:22:15,055 [main] INFO  handler.ContextHandler (ContextHandler.java:doStart(781)) - Started o.e.j.s.ServletContextHandler@5d7dd549{/logs,file:///workdir/hadoop-ozone/integration-test/target/log,AVAILABLE}
2019-10-11 00:22:15,056 [main] INFO  handler.ContextHandler (ContextHandler.java:doStart(781)) - Started o.e.j.s.ServletContextHandler@6459f4ea{/static,jar:file:/home/user/.m2/repository/org/apache/hadoop/hadoop-hdds-container-service/0.5.0-SNAPSHOT/hadoop-hdds-container-service-0.5.0-SNAPSHOT.jar!/webapps/static,AVAILABLE}
2019-10-11 00:22:15,092 [main] INFO  handler.ContextHandler (ContextHandler.java:doStart(781)) - Started o.e.j.w.WebAppContext@581c9bb7{/,file:///tmp/jetty-0.0.0.0-37326-hddsDatanode-_-any-1484802495590790379.dir/webapp/,AVAILABLE}{/hddsDatanode}
2019-10-11 00:22:15,092 [main] INFO  server.AbstractConnector (AbstractConnector.java:doStart(278)) - Started ServerConnector@138f0661{HTTP/1.1,[http/1.1]}{0.0.0.0:37326}
2019-10-11 00:22:15,094 [main] INFO  server.Server (Server.java:doStart(419)) - Started @228434ms
2019-10-11 00:22:15,094 [main] WARN  impl.MetricsSystemImpl (MetricsSystemImpl.java:register(276)) - Sink prometheus already exists!
2019-10-11 00:22:15,095 [main] INFO  server.BaseHttpServer (BaseHttpServer.java:updateConnectorAddress(215)) - HTTP server of HDDSDATANODE is listening at http://0.0.0.0:37326
2019-10-11 00:22:15,095 [main] INFO  impl.MetricsSystemImpl (MetricsSystemImpl.java:init(158)) - HddsDatanode metrics system started (again)
2019-10-11 00:22:15,101 [org.apache.hadoop.util.JvmPauseMonitor$Monitor@47732df5] INFO  util.JvmPauseMonitor (JvmPauseMonitor.java:run(188)) - Starting JVM pause monitor
2019-10-11 00:22:15,101 [main] INFO  ozone.HddsDatanodeService (HddsDatanodeService.java:start(184)) - HddsDatanodeService host:pr-hdds-2282-bvc4c-4177210905 ip:192.168.151.127
2019-10-11 00:22:15,102 [Datanode State Machine Thread - 0] INFO  datanode.InitDatanodeState (InitDatanodeState.java:persistContainerDatanodeDetails(140)) - DatanodeDetails is persisted to /workdir/hadoop-ozone/integration-test/target/test-dir/MiniOzoneClusterImpl-87c1c27c-3391-4312-8e10-f972e80006e6/datanode-4/meta/datanode.id
2019-10-11 00:22:15,108 [main] INFO  volume.HddsVolume (HddsVolume.java:<init>(176)) - Creating Volume: /workdir/hadoop-ozone/integration-test/target/test-dir/MiniOzoneClusterImpl-87c1c27c-3391-4312-8e10-f972e80006e6/datanode-5/data/containers/hdds of  storage type : DISK and capacity : 1482555576320
2019-10-11 00:22:15,108 [main] INFO  volume.VolumeSet (VolumeSet.java:initializeVolumeSet(170)) - Added Volume : /workdir/hadoop-ozone/integration-test/target/test-dir/MiniOzoneClusterImpl-87c1c27c-3391-4312-8e10-f972e80006e6/datanode-5/data/containers/hdds to VolumeSet
2019-10-11 00:22:15,108 [main] INFO  volume.ThrottledAsyncChecker (ThrottledAsyncChecker.java:schedule(141)) - Scheduling a check for org.apache.hadoop.ozone.container.common.volume.HddsVolume@6f50d55c
2019-10-11 00:22:15,109 [main] INFO  volume.HddsVolumeChecker (HddsVolumeChecker.java:checkAllVolumes(204)) - Scheduled health check for volume org.apache.hadoop.ozone.container.common.volume.HddsVolume@6f50d55c
2019-10-11 00:22:15,122 [main] INFO  impl.RaftServerProxy (ConfUtils.java:logGet(43)) - raft.rpc.type = GRPC (default)
2019-10-11 00:22:15,122 [main] INFO  grpc.GrpcFactory (GrpcFactory.java:checkPooledByteBufAllocatorUseCacheForAllThreads(45)) - PERFORMANCE WARNING: useCacheForAllThreads is true that may cause Netty to create a lot garbage objects and, as a result, trigger GC.
	It is recommended to disable useCacheForAllThreads by setting -Dorg.apache.ratis.thirdparty.io.netty.allocator.useCacheForAllThreads=false in command line.
2019-10-11 00:22:15,123 [main] INFO  grpc.GrpcConfigKeys$Server (ConfUtils.java:logGet(43)) - raft.grpc.server.port = 0 (default)
2019-10-11 00:22:15,123 [main] INFO  server.GrpcService (ConfUtils.java:logGet(43)) - raft.grpc.message.size.max = 33570816 (custom)
2019-10-11 00:22:15,123 [main] INFO  server.RaftServerConfigKeys (ConfUtils.java:logGet(43)) - raft.server.log.appender.buffer.byte-limit = 33554432 (custom)
2019-10-11 00:22:15,123 [main] INFO  server.GrpcService (ConfUtils.java:logGet(43)) - raft.grpc.flow.control.window = 1MB (=1048576) (default)
2019-10-11 00:22:15,123 [main] INFO  server.RaftServerConfigKeys (ConfUtils.java:logGet(43)) - raft.server.rpc.request.timeout = 3000ms (default)
2019-10-11 00:22:15,124 [main] INFO  server.RaftServerConfigKeys (ConfUtils.java:logGet(43)) - raft.server.storage.dir = [/workdir/hadoop-ozone/integration-test/target/test-dir/MiniOzoneClusterImpl-87c1c27c-3391-4312-8e10-f972e80006e6/datanode-5/data/ratis] (custom)
2019-10-11 00:22:15,125 [main] INFO  hdfs.DFSUtil (DFSUtil.java:httpServerTemplateForNNAndJN(1641)) - Starting Web-server for hddsDatanode at: http://0.0.0.0:0
2019-10-11 00:22:15,126 [main] INFO  server.AuthenticationFilter (AuthenticationFilter.java:constructSecretProvider(240)) - Unable to initialize FileSignerSecretProvider, falling back to use random secrets.
2019-10-11 00:22:15,126 [main] WARN  http.HttpRequestLog (HttpRequestLog.java:getRequestLog(97)) - Jetty request log can only be enabled using Log4j
2019-10-11 00:22:15,127 [main] INFO  http.HttpServer2 (HttpServer2.java:addGlobalFilter(975)) - Added global filter 'safety' (class=org.apache.hadoop.http.HttpServer2$QuotingInputFilter)
2019-10-11 00:22:15,127 [main] INFO  http.HttpServer2 (HttpServer2.java:addFilter(948)) - Added filter static_user_filter (class=org.apache.hadoop.http.lib.StaticUserWebFilter$StaticUserFilter) to context hddsDatanode
2019-10-11 00:22:15,128 [main] INFO  http.HttpServer2 (HttpServer2.java:addFilter(958)) - Added filter static_user_filter (class=org.apache.hadoop.http.lib.StaticUserWebFilter$StaticUserFilter) to context static
2019-10-11 00:22:15,128 [main] INFO  http.HttpServer2 (HttpServer2.java:addFilter(958)) - Added filter static_user_filter (class=org.apache.hadoop.http.lib.StaticUserWebFilter$StaticUserFilter) to context logs
2019-10-11 00:22:15,128 [main] INFO  http.HttpServer2 (HttpServer2.java:bindListener(1191)) - Jetty bound to port 45356
2019-10-11 00:22:15,128 [main] INFO  server.Server (Server.java:doStart(351)) - jetty-9.3.25.v20180904, build timestamp: 2018-09-04T21:11:46Z, git hash: 3ce520221d0240229c862b122d2b06c12a625732
2019-10-11 00:22:15,130 [main] INFO  handler.ContextHandler (ContextHandler.java:doStart(781)) - Started o.e.j.s.ServletContextHandler@7d37ee0c{/logs,file:///workdir/hadoop-ozone/integration-test/target/log,AVAILABLE}
2019-10-11 00:22:15,130 [main] INFO  handler.ContextHandler (ContextHandler.java:doStart(781)) - Started o.e.j.s.ServletContextHandler@4602f874{/static,jar:file:/home/user/.m2/repository/org/apache/hadoop/hadoop-hdds-container-service/0.5.0-SNAPSHOT/hadoop-hdds-container-service-0.5.0-SNAPSHOT.jar!/webapps/static,AVAILABLE}
2019-10-11 00:22:15,157 [main] INFO  handler.ContextHandler (ContextHandler.java:doStart(781)) - Started o.e.j.w.WebAppContext@5d1bdd4a{/,file:///tmp/jetty-0.0.0.0-45356-hddsDatanode-_-any-6341093696291963073.dir/webapp/,AVAILABLE}{/hddsDatanode}
2019-10-11 00:22:15,158 [main] INFO  server.AbstractConnector (AbstractConnector.java:doStart(278)) - Started ServerConnector@6812c8cc{HTTP/1.1,[http/1.1]}{0.0.0.0:45356}
2019-10-11 00:22:15,159 [main] INFO  server.Server (Server.java:doStart(419)) - Started @228499ms
2019-10-11 00:22:15,159 [main] WARN  impl.MetricsSystemImpl (MetricsSystemImpl.java:register(276)) - Sink prometheus already exists!
2019-10-11 00:22:15,160 [main] INFO  server.BaseHttpServer (BaseHttpServer.java:updateConnectorAddress(215)) - HTTP server of HDDSDATANODE is listening at http://0.0.0.0:45356
2019-10-11 00:22:15,160 [main] INFO  impl.MetricsSystemImpl (MetricsSystemImpl.java:init(158)) - HddsDatanode metrics system started (again)
2019-10-11 00:22:15,166 [org.apache.hadoop.util.JvmPauseMonitor$Monitor@5ecd6488] INFO  util.JvmPauseMonitor (JvmPauseMonitor.java:run(188)) - Starting JVM pause monitor
2019-10-11 00:22:15,166 [main] INFO  ozone.HddsDatanodeService (HddsDatanodeService.java:start(184)) - HddsDatanodeService host:pr-hdds-2282-bvc4c-4177210905 ip:192.168.151.127
2019-10-11 00:22:15,167 [Datanode State Machine Thread - 0] INFO  datanode.InitDatanodeState (InitDatanodeState.java:persistContainerDatanodeDetails(140)) - DatanodeDetails is persisted to /workdir/hadoop-ozone/integration-test/target/test-dir/MiniOzoneClusterImpl-87c1c27c-3391-4312-8e10-f972e80006e6/datanode-5/meta/datanode.id
2019-10-11 00:22:15,173 [main] INFO  volume.HddsVolume (HddsVolume.java:<init>(176)) - Creating Volume: /workdir/hadoop-ozone/integration-test/target/test-dir/MiniOzoneClusterImpl-87c1c27c-3391-4312-8e10-f972e80006e6/datanode-6/data/containers/hdds of  storage type : DISK and capacity : 1482555576320
2019-10-11 00:22:15,173 [main] INFO  volume.VolumeSet (VolumeSet.java:initializeVolumeSet(170)) - Added Volume : /workdir/hadoop-ozone/integration-test/target/test-dir/MiniOzoneClusterImpl-87c1c27c-3391-4312-8e10-f972e80006e6/datanode-6/data/containers/hdds to VolumeSet
2019-10-11 00:22:15,174 [main] INFO  volume.ThrottledAsyncChecker (ThrottledAsyncChecker.java:schedule(141)) - Scheduling a check for org.apache.hadoop.ozone.container.common.volume.HddsVolume@546ed2a0
2019-10-11 00:22:15,174 [main] INFO  volume.HddsVolumeChecker (HddsVolumeChecker.java:checkAllVolumes(204)) - Scheduled health check for volume org.apache.hadoop.ozone.container.common.volume.HddsVolume@546ed2a0
2019-10-11 00:22:15,187 [main] INFO  impl.RaftServerProxy (ConfUtils.java:logGet(43)) - raft.rpc.type = GRPC (default)
2019-10-11 00:22:15,187 [main] INFO  grpc.GrpcFactory (GrpcFactory.java:checkPooledByteBufAllocatorUseCacheForAllThreads(45)) - PERFORMANCE WARNING: useCacheForAllThreads is true that may cause Netty to create a lot garbage objects and, as a result, trigger GC.
	It is recommended to disable useCacheForAllThreads by setting -Dorg.apache.ratis.thirdparty.io.netty.allocator.useCacheForAllThreads=false in command line.
2019-10-11 00:22:15,187 [main] INFO  grpc.GrpcConfigKeys$Server (ConfUtils.java:logGet(43)) - raft.grpc.server.port = 0 (default)
2019-10-11 00:22:15,187 [main] INFO  server.GrpcService (ConfUtils.java:logGet(43)) - raft.grpc.message.size.max = 33570816 (custom)
2019-10-11 00:22:15,188 [main] INFO  server.RaftServerConfigKeys (ConfUtils.java:logGet(43)) - raft.server.log.appender.buffer.byte-limit = 33554432 (custom)
2019-10-11 00:22:15,188 [main] INFO  server.GrpcService (ConfUtils.java:logGet(43)) - raft.grpc.flow.control.window = 1MB (=1048576) (default)
2019-10-11 00:22:15,188 [main] INFO  server.RaftServerConfigKeys (ConfUtils.java:logGet(43)) - raft.server.rpc.request.timeout = 3000ms (default)
2019-10-11 00:22:15,188 [main] INFO  server.RaftServerConfigKeys (ConfUtils.java:logGet(43)) - raft.server.storage.dir = [/workdir/hadoop-ozone/integration-test/target/test-dir/MiniOzoneClusterImpl-87c1c27c-3391-4312-8e10-f972e80006e6/datanode-6/data/ratis] (custom)
2019-10-11 00:22:15,189 [main] INFO  hdfs.DFSUtil (DFSUtil.java:httpServerTemplateForNNAndJN(1641)) - Starting Web-server for hddsDatanode at: http://0.0.0.0:0
2019-10-11 00:22:15,190 [main] INFO  server.AuthenticationFilter (AuthenticationFilter.java:constructSecretProvider(240)) - Unable to initialize FileSignerSecretProvider, falling back to use random secrets.
2019-10-11 00:22:15,191 [main] WARN  http.HttpRequestLog (HttpRequestLog.java:getRequestLog(97)) - Jetty request log can only be enabled using Log4j
2019-10-11 00:22:15,192 [main] INFO  http.HttpServer2 (HttpServer2.java:addGlobalFilter(975)) - Added global filter 'safety' (class=org.apache.hadoop.http.HttpServer2$QuotingInputFilter)
2019-10-11 00:22:15,192 [main] INFO  http.HttpServer2 (HttpServer2.java:addFilter(948)) - Added filter static_user_filter (class=org.apache.hadoop.http.lib.StaticUserWebFilter$StaticUserFilter) to context hddsDatanode
2019-10-11 00:22:15,193 [main] INFO  http.HttpServer2 (HttpServer2.java:addFilter(958)) - Added filter static_user_filter (class=org.apache.hadoop.http.lib.StaticUserWebFilter$StaticUserFilter) to context logs
2019-10-11 00:22:15,193 [main] INFO  http.HttpServer2 (HttpServer2.java:addFilter(958)) - Added filter static_user_filter (class=org.apache.hadoop.http.lib.StaticUserWebFilter$StaticUserFilter) to context static
2019-10-11 00:22:15,193 [main] INFO  http.HttpServer2 (HttpServer2.java:bindListener(1191)) - Jetty bound to port 38861
2019-10-11 00:22:15,194 [main] INFO  server.Server (Server.java:doStart(351)) - jetty-9.3.25.v20180904, build timestamp: 2018-09-04T21:11:46Z, git hash: 3ce520221d0240229c862b122d2b06c12a625732
2019-10-11 00:22:15,195 [main] INFO  handler.ContextHandler (ContextHandler.java:doStart(781)) - Started o.e.j.s.ServletContextHandler@143fefaf{/logs,file:///workdir/hadoop-ozone/integration-test/target/log,AVAILABLE}
2019-10-11 00:22:15,195 [main] INFO  handler.ContextHandler (ContextHandler.java:doStart(781)) - Started o.e.j.s.ServletContextHandler@46468f0{/static,jar:file:/home/user/.m2/repository/org/apache/hadoop/hadoop-hdds-container-service/0.5.0-SNAPSHOT/hadoop-hdds-container-service-0.5.0-SNAPSHOT.jar!/webapps/static,AVAILABLE}
2019-10-11 00:22:15,223 [main] INFO  handler.ContextHandler (ContextHandler.java:doStart(781)) - Started o.e.j.w.WebAppContext@75793f17{/,file:///tmp/jetty-0.0.0.0-38861-hddsDatanode-_-any-7135165857454035328.dir/webapp/,AVAILABLE}{/hddsDatanode}
2019-10-11 00:22:15,223 [main] INFO  server.AbstractConnector (AbstractConnector.java:doStart(278)) - Started ServerConnector@4652c74d{HTTP/1.1,[http/1.1]}{0.0.0.0:38861}
2019-10-11 00:22:15,225 [main] INFO  server.Server (Server.java:doStart(419)) - Started @228565ms
2019-10-11 00:22:15,225 [main] WARN  impl.MetricsSystemImpl (MetricsSystemImpl.java:register(276)) - Sink prometheus already exists!
2019-10-11 00:22:15,226 [main] INFO  server.BaseHttpServer (BaseHttpServer.java:updateConnectorAddress(215)) - HTTP server of HDDSDATANODE is listening at http://0.0.0.0:38861
2019-10-11 00:22:15,226 [main] INFO  ozone.MiniOzoneClusterImpl (MiniOzoneClusterImpl.java:lambda$waitForClusterToBeReady$0(147)) - Waiting for cluster to be ready. Got 0 of 7 DN Heartbeats.
2019-10-11 00:22:15,227 [org.apache.hadoop.util.JvmPauseMonitor$Monitor@74abf0e2] INFO  util.JvmPauseMonitor (JvmPauseMonitor.java:run(188)) - Starting JVM pause monitor
2019-10-11 00:22:15,228 [Datanode State Machine Thread - 0] INFO  datanode.InitDatanodeState (InitDatanodeState.java:persistContainerDatanodeDetails(140)) - DatanodeDetails is persisted to /workdir/hadoop-ozone/integration-test/target/test-dir/MiniOzoneClusterImpl-87c1c27c-3391-4312-8e10-f972e80006e6/datanode-6/meta/datanode.id
2019-10-11 00:22:16,226 [main] INFO  ozone.MiniOzoneClusterImpl (MiniOzoneClusterImpl.java:lambda$waitForClusterToBeReady$0(147)) - Waiting for cluster to be ready. Got 0 of 7 DN Heartbeats.
2019-10-11 00:22:16,784 [Datanode State Machine Thread - 0] INFO  ozoneimpl.OzoneContainer (OzoneContainer.java:start(213)) - Attempting to start container services.
2019-10-11 00:22:16,785 [Datanode State Machine Thread - 0] INFO  ozoneimpl.OzoneContainer (OzoneContainer.java:startContainerScrub(177)) - Background container scanner has been disabled.
2019-10-11 00:22:16,785 [Datanode State Machine Thread - 0] INFO  ratis.XceiverServerRatis (XceiverServerRatis.java:start(418)) - Starting XceiverServerRatis 0793576e-28bd-4bcf-9513-0e06c686edc0 at port 0
2019-10-11 00:22:16,791 [Datanode State Machine Thread - 0] INFO  impl.RaftServerProxy (RaftServerProxy.java:lambda$start$3(299)) - 0793576e-28bd-4bcf-9513-0e06c686edc0: start RPC server
2019-10-11 00:22:16,792 [Datanode State Machine Thread - 0] INFO  server.GrpcService (GrpcService.java:startImpl(158)) - 0793576e-28bd-4bcf-9513-0e06c686edc0: GrpcService started, listening on 0.0.0.0/0.0.0.0:40641
2019-10-11 00:22:16,793 [Datanode State Machine Thread - 0] INFO  ratis.XceiverServerRatis (XceiverServerRatis.java:start(428)) - XceiverServerRatis 0793576e-28bd-4bcf-9513-0e06c686edc0 is started using port 40641
2019-10-11 00:22:16,793 [Datanode State Machine Thread - 0] INFO  server.XceiverServerGrpc (XceiverServerGrpc.java:start(149)) - XceiverServerGrpc 0793576e-28bd-4bcf-9513-0e06c686edc0 is started using port 34809
2019-10-11 00:22:16,849 [Datanode State Machine Thread - 0] INFO  ozoneimpl.OzoneContainer (OzoneContainer.java:start(213)) - Attempting to start container services.
2019-10-11 00:22:16,850 [Datanode State Machine Thread - 0] INFO  ozoneimpl.OzoneContainer (OzoneContainer.java:startContainerScrub(177)) - Background container scanner has been disabled.
2019-10-11 00:22:16,850 [Datanode State Machine Thread - 0] INFO  ratis.XceiverServerRatis (XceiverServerRatis.java:start(418)) - Starting XceiverServerRatis fd83777f-1961-4155-b1e4-71103963baeb at port 0
2019-10-11 00:22:16,858 [Datanode State Machine Thread - 0] INFO  impl.RaftServerProxy (RaftServerProxy.java:lambda$start$3(299)) - fd83777f-1961-4155-b1e4-71103963baeb: start RPC server
2019-10-11 00:22:16,859 [Datanode State Machine Thread - 0] INFO  server.GrpcService (GrpcService.java:startImpl(158)) - fd83777f-1961-4155-b1e4-71103963baeb: GrpcService started, listening on 0.0.0.0/0.0.0.0:35511
2019-10-11 00:22:16,859 [Datanode State Machine Thread - 0] INFO  ratis.XceiverServerRatis (XceiverServerRatis.java:start(428)) - XceiverServerRatis fd83777f-1961-4155-b1e4-71103963baeb is started using port 35511
2019-10-11 00:22:16,859 [Datanode State Machine Thread - 0] INFO  server.XceiverServerGrpc (XceiverServerGrpc.java:start(149)) - XceiverServerGrpc fd83777f-1961-4155-b1e4-71103963baeb is started using port 44179
2019-10-11 00:22:16,942 [Datanode State Machine Thread - 0] INFO  ozoneimpl.OzoneContainer (OzoneContainer.java:start(213)) - Attempting to start container services.
2019-10-11 00:22:16,942 [Datanode State Machine Thread - 0] INFO  ozoneimpl.OzoneContainer (OzoneContainer.java:startContainerScrub(177)) - Background container scanner has been disabled.
2019-10-11 00:22:16,943 [Datanode State Machine Thread - 0] INFO  ratis.XceiverServerRatis (XceiverServerRatis.java:start(418)) - Starting XceiverServerRatis 937a7575-d737-483e-9c00-f1494ea9e9e0 at port 0
2019-10-11 00:22:16,949 [Datanode State Machine Thread - 0] INFO  impl.RaftServerProxy (RaftServerProxy.java:lambda$start$3(299)) - 937a7575-d737-483e-9c00-f1494ea9e9e0: start RPC server
2019-10-11 00:22:16,950 [Datanode State Machine Thread - 0] INFO  server.GrpcService (GrpcService.java:startImpl(158)) - 937a7575-d737-483e-9c00-f1494ea9e9e0: GrpcService started, listening on 0.0.0.0/0.0.0.0:39281
2019-10-11 00:22:16,950 [Datanode State Machine Thread - 0] INFO  ratis.XceiverServerRatis (XceiverServerRatis.java:start(428)) - XceiverServerRatis 937a7575-d737-483e-9c00-f1494ea9e9e0 is started using port 39281
2019-10-11 00:22:16,951 [Datanode State Machine Thread - 0] INFO  server.XceiverServerGrpc (XceiverServerGrpc.java:start(149)) - XceiverServerGrpc 937a7575-d737-483e-9c00-f1494ea9e9e0 is started using port 35354
2019-10-11 00:22:17,031 [Datanode State Machine Thread - 0] INFO  ozoneimpl.OzoneContainer (OzoneContainer.java:start(213)) - Attempting to start container services.
2019-10-11 00:22:17,031 [Datanode State Machine Thread - 0] INFO  ozoneimpl.OzoneContainer (OzoneContainer.java:startContainerScrub(177)) - Background container scanner has been disabled.
2019-10-11 00:22:17,032 [Datanode State Machine Thread - 0] INFO  ratis.XceiverServerRatis (XceiverServerRatis.java:start(418)) - Starting XceiverServerRatis 2887dbf8-1d76-43bc-ba93-570f89f16d67 at port 0
2019-10-11 00:22:17,039 [Datanode State Machine Thread - 0] INFO  impl.RaftServerProxy (RaftServerProxy.java:lambda$start$3(299)) - 2887dbf8-1d76-43bc-ba93-570f89f16d67: start RPC server
2019-10-11 00:22:17,040 [Datanode State Machine Thread - 0] INFO  server.GrpcService (GrpcService.java:startImpl(158)) - 2887dbf8-1d76-43bc-ba93-570f89f16d67: GrpcService started, listening on 0.0.0.0/0.0.0.0:34310
2019-10-11 00:22:17,040 [Datanode State Machine Thread - 0] INFO  ratis.XceiverServerRatis (XceiverServerRatis.java:start(428)) - XceiverServerRatis 2887dbf8-1d76-43bc-ba93-570f89f16d67 is started using port 34310
2019-10-11 00:22:17,040 [Datanode State Machine Thread - 0] INFO  server.XceiverServerGrpc (XceiverServerGrpc.java:start(149)) - XceiverServerGrpc 2887dbf8-1d76-43bc-ba93-570f89f16d67 is started using port 44982
2019-10-11 00:22:17,119 [Datanode State Machine Thread - 0] INFO  ozoneimpl.OzoneContainer (OzoneContainer.java:start(213)) - Attempting to start container services.
2019-10-11 00:22:17,120 [Datanode State Machine Thread - 0] INFO  ozoneimpl.OzoneContainer (OzoneContainer.java:startContainerScrub(177)) - Background container scanner has been disabled.
2019-10-11 00:22:17,120 [Datanode State Machine Thread - 0] INFO  ratis.XceiverServerRatis (XceiverServerRatis.java:start(418)) - Starting XceiverServerRatis c1838209-360b-4841-8618-0c5f17178436 at port 0
2019-10-11 00:22:17,128 [Datanode State Machine Thread - 0] INFO  impl.RaftServerProxy (RaftServerProxy.java:lambda$start$3(299)) - c1838209-360b-4841-8618-0c5f17178436: start RPC server
2019-10-11 00:22:17,129 [Datanode State Machine Thread - 0] INFO  server.GrpcService (GrpcService.java:startImpl(158)) - c1838209-360b-4841-8618-0c5f17178436: GrpcService started, listening on 0.0.0.0/0.0.0.0:40228
2019-10-11 00:22:17,130 [Datanode State Machine Thread - 0] INFO  ratis.XceiverServerRatis (XceiverServerRatis.java:start(428)) - XceiverServerRatis c1838209-360b-4841-8618-0c5f17178436 is started using port 40228
2019-10-11 00:22:17,130 [Datanode State Machine Thread - 0] INFO  server.XceiverServerGrpc (XceiverServerGrpc.java:start(149)) - XceiverServerGrpc c1838209-360b-4841-8618-0c5f17178436 is started using port 35249
2019-10-11 00:22:17,179 [Datanode State Machine Thread - 0] INFO  ozoneimpl.OzoneContainer (OzoneContainer.java:start(213)) - Attempting to start container services.
2019-10-11 00:22:17,180 [Datanode State Machine Thread - 0] INFO  ozoneimpl.OzoneContainer (OzoneContainer.java:startContainerScrub(177)) - Background container scanner has been disabled.
2019-10-11 00:22:17,180 [Datanode State Machine Thread - 0] INFO  ratis.XceiverServerRatis (XceiverServerRatis.java:start(418)) - Starting XceiverServerRatis be43c5d1-212d-41ca-bfee-8d24915094ea at port 0
2019-10-11 00:22:17,187 [Datanode State Machine Thread - 0] INFO  impl.RaftServerProxy (RaftServerProxy.java:lambda$start$3(299)) - be43c5d1-212d-41ca-bfee-8d24915094ea: start RPC server
2019-10-11 00:22:17,188 [Datanode State Machine Thread - 0] INFO  server.GrpcService (GrpcService.java:startImpl(158)) - be43c5d1-212d-41ca-bfee-8d24915094ea: GrpcService started, listening on 0.0.0.0/0.0.0.0:46280
2019-10-11 00:22:17,188 [Datanode State Machine Thread - 0] INFO  ratis.XceiverServerRatis (XceiverServerRatis.java:start(428)) - XceiverServerRatis be43c5d1-212d-41ca-bfee-8d24915094ea is started using port 46280
2019-10-11 00:22:17,189 [Datanode State Machine Thread - 0] INFO  server.XceiverServerGrpc (XceiverServerGrpc.java:start(149)) - XceiverServerGrpc be43c5d1-212d-41ca-bfee-8d24915094ea is started using port 40435
2019-10-11 00:22:17,227 [main] INFO  ozone.MiniOzoneClusterImpl (MiniOzoneClusterImpl.java:lambda$waitForClusterToBeReady$0(147)) - Waiting for cluster to be ready. Got 0 of 7 DN Heartbeats.
2019-10-11 00:22:17,240 [Datanode State Machine Thread - 0] INFO  ozoneimpl.OzoneContainer (OzoneContainer.java:start(213)) - Attempting to start container services.
2019-10-11 00:22:17,240 [Datanode State Machine Thread - 0] INFO  ozoneimpl.OzoneContainer (OzoneContainer.java:startContainerScrub(177)) - Background container scanner has been disabled.
2019-10-11 00:22:17,240 [Datanode State Machine Thread - 0] INFO  ratis.XceiverServerRatis (XceiverServerRatis.java:start(418)) - Starting XceiverServerRatis ce8a7fbe-39cb-476e-badb-fba99f4eb6ca at port 0
2019-10-11 00:22:17,248 [Datanode State Machine Thread - 0] INFO  impl.RaftServerProxy (RaftServerProxy.java:lambda$start$3(299)) - ce8a7fbe-39cb-476e-badb-fba99f4eb6ca: start RPC server
2019-10-11 00:22:17,249 [Datanode State Machine Thread - 0] INFO  server.GrpcService (GrpcService.java:startImpl(158)) - ce8a7fbe-39cb-476e-badb-fba99f4eb6ca: GrpcService started, listening on 0.0.0.0/0.0.0.0:39771
2019-10-11 00:22:17,249 [Datanode State Machine Thread - 0] INFO  ratis.XceiverServerRatis (XceiverServerRatis.java:start(428)) - XceiverServerRatis ce8a7fbe-39cb-476e-badb-fba99f4eb6ca is started using port 39771
2019-10-11 00:22:17,249 [Datanode State Machine Thread - 0] INFO  server.XceiverServerGrpc (XceiverServerGrpc.java:start(149)) - XceiverServerGrpc ce8a7fbe-39cb-476e-badb-fba99f4eb6ca is started using port 34596
2019-10-11 00:22:18,228 [main] INFO  ozone.MiniOzoneClusterImpl (MiniOzoneClusterImpl.java:lambda$waitForClusterToBeReady$0(147)) - Waiting for cluster to be ready. Got 0 of 7 DN Heartbeats.
2019-10-11 00:22:18,749 [IPC Server handler 3 on 39177] INFO  net.NetworkTopology (NetworkTopologyImpl.java:add(111)) - Added a new node: /default-rack/0793576e-28bd-4bcf-9513-0e06c686edc0
2019-10-11 00:22:18,752 [IPC Server handler 3 on 39177] INFO  node.SCMNodeManager (SCMNodeManager.java:register(268)) - Registered Data node : 0793576e-28bd-4bcf-9513-0e06c686edc0{ip: 192.168.151.127, host: pr-hdds-2282-bvc4c-4177210905, networkLocation: /default-rack, certSerialId: null}
2019-10-11 00:22:18,753 [EventQueue-NodeRegistrationContainerReportForDataNodeSafeModeRule] INFO  safemode.SCMSafeModeManager (DataNodeSafeModeRule.java:process(71)) - SCM in safe mode. 1 DataNodes registered, 1 required.
2019-10-11 00:22:18,757 [EventQueue-NodeRegistrationContainerReportForDataNodeSafeModeRule] INFO  safemode.SCMSafeModeManager (SCMSafeModeManager.java:validateSafeModeExitRules(177)) - ScmSafeModeManager, all rules are successfully validated
2019-10-11 00:22:18,757 [EventQueue-NodeRegistrationContainerReportForDataNodeSafeModeRule] INFO  safemode.SCMSafeModeManager (SCMSafeModeManager.java:exitSafeMode(193)) - SCM exiting safe mode.
2019-10-11 00:22:18,770 [grpc-default-executor-4] INFO  impl.RaftServerProxy (RaftServerProxy.java:addNew(89)) - 0793576e-28bd-4bcf-9513-0e06c686edc0: addNew group-12410C2B1754:[0793576e-28bd-4bcf-9513-0e06c686edc0:192.168.151.127:40641] returns group-12410C2B1754:java.util.concurrent.CompletableFuture@83c3199[Not completed]
2019-10-11 00:22:18,775 [pool-383-thread-1] INFO  impl.RaftServerImpl (RaftServerImpl.java:<init>(95)) - 0793576e-28bd-4bcf-9513-0e06c686edc0: new RaftServerImpl for group-12410C2B1754:[0793576e-28bd-4bcf-9513-0e06c686edc0:192.168.151.127:40641] with ContainerStateMachine:uninitialized
2019-10-11 00:22:18,775 [pool-383-thread-1] INFO  server.RaftServerConfigKeys (ConfUtils.java:logGet(43)) - raft.server.rpc.timeout.min = 5s (custom)
2019-10-11 00:22:18,775 [pool-383-thread-1] INFO  server.RaftServerConfigKeys (ConfUtils.java:logGet(43)) - raft.server.rpc.timeout.max = 5200ms (custom)
2019-10-11 00:22:18,775 [pool-383-thread-1] INFO  server.RaftServerConfigKeys (ConfUtils.java:logGet(43)) - raft.server.rpcslowness.timeout = 120s (custom)
2019-10-11 00:22:18,775 [pool-383-thread-1] INFO  server.RaftServerConfigKeys (ConfUtils.java:logGet(43)) - raft.server.sleep.deviation.threshold = 300 (default)
2019-10-11 00:22:18,776 [pool-383-thread-1] INFO  server.RaftServerConfigKeys (ConfUtils.java:logGet(43)) - raft.server.log.appender.install.snapshot.enabled = false (custom)
2019-10-11 00:22:18,776 [pool-383-thread-1] INFO  impl.RaftServerImpl (ServerState.java:<init>(103)) - 0793576e-28bd-4bcf-9513-0e06c686edc0@group-12410C2B1754: ConfigurationManager, init=-1: [0793576e-28bd-4bcf-9513-0e06c686edc0:192.168.151.127:40641], old=null, confs=<EMPTY_MAP>
2019-10-11 00:22:18,776 [pool-383-thread-1] INFO  server.RaftServerConfigKeys (ConfUtils.java:logGet(43)) - raft.server.storage.dir = [/workdir/hadoop-ozone/integration-test/target/test-dir/MiniOzoneClusterImpl-87c1c27c-3391-4312-8e10-f972e80006e6/datanode-0/data/ratis] (custom)
2019-10-11 00:22:18,777 [pool-383-thread-1] INFO  server.RaftServerConfigKeys (ConfUtils.java:logGet(43)) - raft.server.log.corruption.policy = EXCEPTION (default)
2019-10-11 00:22:18,777 [pool-383-thread-1] INFO  storage.RaftStorageDirectory (RaftStorageDirectory.java:analyzeStorage(246)) - The storage directory /workdir/hadoop-ozone/integration-test/target/test-dir/MiniOzoneClusterImpl-87c1c27c-3391-4312-8e10-f972e80006e6/datanode-0/data/ratis/c9cfc6dc-8d44-477a-a260-12410c2b1754 does not exist. Creating ...
2019-10-11 00:22:18,790 [pool-383-thread-1] INFO  storage.RaftStorageDirectory (RaftStorageDirectory.java:tryLock(328)) - Lock on /workdir/hadoop-ozone/integration-test/target/test-dir/MiniOzoneClusterImpl-87c1c27c-3391-4312-8e10-f972e80006e6/datanode-0/data/ratis/c9cfc6dc-8d44-477a-a260-12410c2b1754/in_use.lock acquired by nodename 21940@pr-hdds-2282-bvc4c-4177210905
2019-10-11 00:22:18,803 [pool-383-thread-1] INFO  storage.RaftStorage (RaftStorage.java:format(84)) - Storage directory /workdir/hadoop-ozone/integration-test/target/test-dir/MiniOzoneClusterImpl-87c1c27c-3391-4312-8e10-f972e80006e6/datanode-0/data/ratis/c9cfc6dc-8d44-477a-a260-12410c2b1754 has been successfully formatted.
2019-10-11 00:22:18,803 [pool-383-thread-1] INFO  ratis.ContainerStateMachine (ContainerStateMachine.java:loadSnapshot(231)) - group-12410C2B1754: The snapshot info is null. Setting the last applied indexto:(t:0, i:~)
2019-10-11 00:22:18,804 [pool-383-thread-1] INFO  server.RaftServerConfigKeys (ConfUtils.java:logGet(43)) - raft.server.notification.no-leader.timeout = 120s (custom)
2019-10-11 00:22:18,804 [pool-383-thread-1] INFO  server.RaftServerConfigKeys (ConfUtils.java:logGet(43)) - raft.server.log.use.memory = false (default)
2019-10-11 00:22:18,804 [pool-383-thread-1] INFO  server.RaftServerConfigKeys (ConfUtils.java:logGet(43)) - raft.server.log.purge.gap = 1000000 (custom)
2019-10-11 00:22:18,804 [pool-383-thread-1] INFO  server.RaftServerConfigKeys (ConfUtils.java:logGet(43)) - raft.server.log.appender.buffer.byte-limit = 33554432 (custom)
2019-10-11 00:22:18,804 [pool-383-thread-1] INFO  server.RaftServerConfigKeys (ConfUtils.java:logGet(43)) - raft.server.log.segment.size.max = 1048576 (custom)
2019-10-11 00:22:18,810 [pool-383-thread-1] INFO  server.RaftServerConfigKeys (ConfUtils.java:logGet(43)) - raft.server.log.segment.cache.num.max = 2 (custom)
2019-10-11 00:22:18,810 [pool-383-thread-1] INFO  segmented.SegmentedRaftLogWorker (SegmentedRaftLogWorker.java:<init>(173)) - new 0793576e-28bd-4bcf-9513-0e06c686edc0@group-12410C2B1754-SegmentedRaftLogWorker for RaftStorage:Storage Directory /workdir/hadoop-ozone/integration-test/target/test-dir/MiniOzoneClusterImpl-87c1c27c-3391-4312-8e10-f972e80006e6/datanode-0/data/ratis/c9cfc6dc-8d44-477a-a260-12410c2b1754
2019-10-11 00:22:18,810 [pool-383-thread-1] INFO  server.RaftServerConfigKeys (ConfUtils.java:logGet(43)) - raft.server.log.queue.byte-limit = 2147483647 (custom)
2019-10-11 00:22:18,810 [pool-383-thread-1] INFO  server.RaftServerConfigKeys (ConfUtils.java:logGet(43)) - raft.server.log.queue.element-limit = 1024 (custom)
2019-10-11 00:22:18,810 [pool-383-thread-1] INFO  server.RaftServerConfigKeys (ConfUtils.java:logGet(43)) - raft.server.log.segment.size.max = 1048576 (custom)
2019-10-11 00:22:18,811 [pool-383-thread-1] INFO  server.RaftServerConfigKeys (ConfUtils.java:logGet(43)) - raft.server.log.preallocated.size = 16384 (custom)
2019-10-11 00:22:18,811 [pool-383-thread-1] INFO  server.RaftServerConfigKeys (ConfUtils.java:logGet(43)) - raft.server.log.write.buffer.size = 33554432 (custom)
2019-10-11 00:22:18,811 [pool-383-thread-1] INFO  server.RaftServerConfigKeys (ConfUtils.java:logGet(43)) - raft.server.log.force.sync.num = 128 (default)
2019-10-11 00:22:18,811 [pool-383-thread-1] INFO  server.RaftServerConfigKeys (ConfUtils.java:logGet(43)) - raft.server.log.statemachine.data.sync = true (default)
2019-10-11 00:22:18,811 [pool-383-thread-1] INFO  server.RaftServerConfigKeys (ConfUtils.java:logGet(43)) - raft.server.log.statemachine.data.sync.timeout = 10s (default)
2019-10-11 00:22:18,811 [pool-383-thread-1] INFO  server.RaftServerConfigKeys (ConfUtils.java:logGet(43)) - raft.server.log.statemachine.data.sync.timeout.retry = -1 (default)
2019-10-11 00:22:18,812 [pool-383-thread-1] INFO  server.RaftServerConfigKeys (ConfUtils.java:logGet(43)) - raft.server.log.statemachine.data.caching.enabled = true (custom)
2019-10-11 00:22:18,812 [pool-383-thread-1] INFO  segmented.SegmentedRaftLogWorker (SegmentedRaftLogWorker.java:lambda$new$0(128)) - 0793576e-28bd-4bcf-9513-0e06c686edc0@group-12410C2B1754-SegmentedRaftLogWorker: flushIndex: setUnconditionally 0 -> -1
2019-10-11 00:22:18,813 [pool-383-thread-1] INFO  server.RaftServerConfigKeys (ConfUtils.java:logGet(43)) - raft.server.snapshot.auto.trigger.enabled = true (custom)
2019-10-11 00:22:18,813 [pool-383-thread-1] INFO  server.RaftServerConfigKeys (ConfUtils.java:logGet(43)) - raft.server.snapshot.auto.trigger.threshold = 10000 (custom)
2019-10-11 00:22:18,813 [pool-383-thread-1] INFO  server.RaftServerConfigKeys (ConfUtils.java:logGet(43)) - raft.server.snapshot.retention.file.num = 5 (custom)
2019-10-11 00:22:18,813 [pool-383-thread-1] INFO  server.RaftServerConfigKeys (ConfUtils.java:logGet(43)) - raft.server.retrycache.expirytime = 600000ms (custom)
2019-10-11 00:22:18,815 [pool-383-thread-1] INFO  impl.RaftServerImpl (RaftServerImpl.java:start(181)) - 0793576e-28bd-4bcf-9513-0e06c686edc0@group-12410C2B1754: start as a follower, conf=-1: [0793576e-28bd-4bcf-9513-0e06c686edc0:192.168.151.127:40641], old=null
2019-10-11 00:22:18,815 [pool-383-thread-1] INFO  impl.RaftServerImpl (RaftServerImpl.java:setRole(170)) - 0793576e-28bd-4bcf-9513-0e06c686edc0@group-12410C2B1754: changes role from      null to FOLLOWER at term 0 for startAsFollower
2019-10-11 00:22:18,815 [pool-383-thread-1] INFO  impl.RoleInfo (RoleInfo.java:updateAndGet(143)) - 0793576e-28bd-4bcf-9513-0e06c686edc0: start FollowerState
2019-10-11 00:22:18,816 [pool-383-thread-1] INFO  util.JmxRegister (JmxRegister.java:tryRegister(44)) - Successfully registered JMX Bean with object name Ratis:service=RaftServer,group=group-12410C2B1754,id=0793576e-28bd-4bcf-9513-0e06c686edc0
2019-10-11 00:22:18,822 [RatisPipelineUtilsThread] INFO  pipeline.PipelineStateManager (PipelineStateManager.java:addPipeline(56)) - Created pipeline Pipeline[ Id: c9cfc6dc-8d44-477a-a260-12410c2b1754, Nodes: 0793576e-28bd-4bcf-9513-0e06c686edc0{ip: 192.168.151.127, host: pr-hdds-2282-bvc4c-4177210905, networkLocation: /default-rack, certSerialId: null}, Type:RATIS, Factor:ONE, State:OPEN]
2019-10-11 00:22:18,833 [IPC Server handler 4 on 39177] INFO  net.NetworkTopology (NetworkTopologyImpl.java:add(111)) - Added a new node: /default-rack/fd83777f-1961-4155-b1e4-71103963baeb
2019-10-11 00:22:18,833 [IPC Server handler 4 on 39177] INFO  node.SCMNodeManager (SCMNodeManager.java:register(268)) - Registered Data node : fd83777f-1961-4155-b1e4-71103963baeb{ip: 192.168.151.127, host: pr-hdds-2282-bvc4c-4177210905, networkLocation: /default-rack, certSerialId: null}
2019-10-11 00:22:18,841 [grpc-default-executor-4] INFO  impl.RaftServerProxy (RaftServerProxy.java:addNew(89)) - fd83777f-1961-4155-b1e4-71103963baeb: addNew group-6D0AD9E5F9D2:[fd83777f-1961-4155-b1e4-71103963baeb:192.168.151.127:35511] returns group-6D0AD9E5F9D2:java.util.concurrent.CompletableFuture@3355717a[Not completed]
2019-10-11 00:22:18,842 [pool-393-thread-1] INFO  impl.RaftServerImpl (RaftServerImpl.java:<init>(95)) - fd83777f-1961-4155-b1e4-71103963baeb: new RaftServerImpl for group-6D0AD9E5F9D2:[fd83777f-1961-4155-b1e4-71103963baeb:192.168.151.127:35511] with ContainerStateMachine:uninitialized
2019-10-11 00:22:18,843 [pool-393-thread-1] INFO  server.RaftServerConfigKeys (ConfUtils.java:logGet(43)) - raft.server.rpc.timeout.min = 5s (custom)
2019-10-11 00:22:18,843 [pool-393-thread-1] INFO  server.RaftServerConfigKeys (ConfUtils.java:logGet(43)) - raft.server.rpc.timeout.max = 5200ms (custom)
2019-10-11 00:22:18,843 [pool-393-thread-1] INFO  server.RaftServerConfigKeys (ConfUtils.java:logGet(43)) - raft.server.rpcslowness.timeout = 120s (custom)
2019-10-11 00:22:18,843 [pool-393-thread-1] INFO  server.RaftServerConfigKeys (ConfUtils.java:logGet(43)) - raft.server.sleep.deviation.threshold = 300 (default)
2019-10-11 00:22:18,843 [pool-393-thread-1] INFO  server.RaftServerConfigKeys (ConfUtils.java:logGet(43)) - raft.server.log.appender.install.snapshot.enabled = false (custom)
2019-10-11 00:22:18,843 [pool-393-thread-1] INFO  impl.RaftServerImpl (ServerState.java:<init>(103)) - fd83777f-1961-4155-b1e4-71103963baeb@group-6D0AD9E5F9D2: ConfigurationManager, init=-1: [fd83777f-1961-4155-b1e4-71103963baeb:192.168.151.127:35511], old=null, confs=<EMPTY_MAP>
2019-10-11 00:22:18,843 [pool-393-thread-1] INFO  server.RaftServerConfigKeys (ConfUtils.java:logGet(43)) - raft.server.storage.dir = [/workdir/hadoop-ozone/integration-test/target/test-dir/MiniOzoneClusterImpl-87c1c27c-3391-4312-8e10-f972e80006e6/datanode-1/data/ratis] (custom)
2019-10-11 00:22:18,844 [pool-393-thread-1] INFO  server.RaftServerConfigKeys (ConfUtils.java:logGet(43)) - raft.server.log.corruption.policy = EXCEPTION (default)
2019-10-11 00:22:18,844 [pool-393-thread-1] INFO  storage.RaftStorageDirectory (RaftStorageDirectory.java:analyzeStorage(246)) - The storage directory /workdir/hadoop-ozone/integration-test/target/test-dir/MiniOzoneClusterImpl-87c1c27c-3391-4312-8e10-f972e80006e6/datanode-1/data/ratis/420ed830-2a6d-4b8d-9ce7-6d0ad9e5f9d2 does not exist. Creating ...
2019-10-11 00:22:18,865 [pool-393-thread-1] INFO  storage.RaftStorageDirectory (RaftStorageDirectory.java:tryLock(328)) - Lock on /workdir/hadoop-ozone/integration-test/target/test-dir/MiniOzoneClusterImpl-87c1c27c-3391-4312-8e10-f972e80006e6/datanode-1/data/ratis/420ed830-2a6d-4b8d-9ce7-6d0ad9e5f9d2/in_use.lock acquired by nodename 21940@pr-hdds-2282-bvc4c-4177210905
2019-10-11 00:22:18,878 [pool-393-thread-1] INFO  storage.RaftStorage (RaftStorage.java:format(84)) - Storage directory /workdir/hadoop-ozone/integration-test/target/test-dir/MiniOzoneClusterImpl-87c1c27c-3391-4312-8e10-f972e80006e6/datanode-1/data/ratis/420ed830-2a6d-4b8d-9ce7-6d0ad9e5f9d2 has been successfully formatted.
2019-10-11 00:22:18,878 [pool-393-thread-1] INFO  ratis.ContainerStateMachine (ContainerStateMachine.java:loadSnapshot(231)) - group-6D0AD9E5F9D2: The snapshot info is null. Setting the last applied indexto:(t:0, i:~)
2019-10-11 00:22:18,878 [pool-393-thread-1] INFO  server.RaftServerConfigKeys (ConfUtils.java:logGet(43)) - raft.server.notification.no-leader.timeout = 120s (custom)
2019-10-11 00:22:18,878 [pool-393-thread-1] INFO  server.RaftServerConfigKeys (ConfUtils.java:logGet(43)) - raft.server.log.use.memory = false (default)
2019-10-11 00:22:18,878 [pool-393-thread-1] INFO  server.RaftServerConfigKeys (ConfUtils.java:logGet(43)) - raft.server.log.purge.gap = 1000000 (custom)
2019-10-11 00:22:18,878 [pool-393-thread-1] INFO  server.RaftServerConfigKeys (ConfUtils.java:logGet(43)) - raft.server.log.appender.buffer.byte-limit = 33554432 (custom)
2019-10-11 00:22:18,879 [pool-393-thread-1] INFO  server.RaftServerConfigKeys (ConfUtils.java:logGet(43)) - raft.server.log.segment.size.max = 1048576 (custom)
2019-10-11 00:22:18,880 [pool-393-thread-1] INFO  server.RaftServerConfigKeys (ConfUtils.java:logGet(43)) - raft.server.log.segment.cache.num.max = 2 (custom)
2019-10-11 00:22:18,880 [pool-393-thread-1] INFO  segmented.SegmentedRaftLogWorker (SegmentedRaftLogWorker.java:<init>(173)) - new fd83777f-1961-4155-b1e4-71103963baeb@group-6D0AD9E5F9D2-SegmentedRaftLogWorker for RaftStorage:Storage Directory /workdir/hadoop-ozone/integration-test/target/test-dir/MiniOzoneClusterImpl-87c1c27c-3391-4312-8e10-f972e80006e6/datanode-1/data/ratis/420ed830-2a6d-4b8d-9ce7-6d0ad9e5f9d2
2019-10-11 00:22:18,881 [pool-393-thread-1] INFO  server.RaftServerConfigKeys (ConfUtils.java:logGet(43)) - raft.server.log.queue.byte-limit = 2147483647 (custom)
2019-10-11 00:22:18,881 [pool-393-thread-1] INFO  server.RaftServerConfigKeys (ConfUtils.java:logGet(43)) - raft.server.log.queue.element-limit = 1024 (custom)
2019-10-11 00:22:18,881 [pool-393-thread-1] INFO  server.RaftServerConfigKeys (ConfUtils.java:logGet(43)) - raft.server.log.segment.size.max = 1048576 (custom)
2019-10-11 00:22:18,881 [pool-393-thread-1] INFO  server.RaftServerConfigKeys (ConfUtils.java:logGet(43)) - raft.server.log.preallocated.size = 16384 (custom)
2019-10-11 00:22:18,881 [pool-393-thread-1] INFO  server.RaftServerConfigKeys (ConfUtils.java:logGet(43)) - raft.server.log.write.buffer.size = 33554432 (custom)
2019-10-11 00:22:18,881 [pool-393-thread-1] INFO  server.RaftServerConfigKeys (ConfUtils.java:logGet(43)) - raft.server.log.force.sync.num = 128 (default)
2019-10-11 00:22:18,881 [pool-393-thread-1] INFO  server.RaftServerConfigKeys (ConfUtils.java:logGet(43)) - raft.server.log.statemachine.data.sync = true (default)
2019-10-11 00:22:18,881 [pool-393-thread-1] INFO  server.RaftServerConfigKeys (ConfUtils.java:logGet(43)) - raft.server.log.statemachine.data.sync.timeout = 10s (default)
2019-10-11 00:22:18,882 [pool-393-thread-1] INFO  server.RaftServerConfigKeys (ConfUtils.java:logGet(43)) - raft.server.log.statemachine.data.sync.timeout.retry = -1 (default)
2019-10-11 00:22:18,882 [pool-393-thread-1] INFO  server.RaftServerConfigKeys (ConfUtils.java:logGet(43)) - raft.server.log.statemachine.data.caching.enabled = true (custom)
2019-10-11 00:22:18,882 [pool-393-thread-1] INFO  segmented.SegmentedRaftLogWorker (SegmentedRaftLogWorker.java:lambda$new$0(128)) - fd83777f-1961-4155-b1e4-71103963baeb@group-6D0AD9E5F9D2-SegmentedRaftLogWorker: flushIndex: setUnconditionally 0 -> -1
2019-10-11 00:22:18,882 [pool-393-thread-1] INFO  server.RaftServerConfigKeys (ConfUtils.java:logGet(43)) - raft.server.snapshot.auto.trigger.enabled = true (custom)
2019-10-11 00:22:18,883 [pool-393-thread-1] INFO  server.RaftServerConfigKeys (ConfUtils.java:logGet(43)) - raft.server.snapshot.auto.trigger.threshold = 10000 (custom)
2019-10-11 00:22:18,883 [pool-393-thread-1] INFO  server.RaftServerConfigKeys (ConfUtils.java:logGet(43)) - raft.server.snapshot.retention.file.num = 5 (custom)
2019-10-11 00:22:18,883 [pool-393-thread-1] INFO  server.RaftServerConfigKeys (ConfUtils.java:logGet(43)) - raft.server.retrycache.expirytime = 600000ms (custom)
2019-10-11 00:22:18,884 [pool-393-thread-1] INFO  impl.RaftServerImpl (RaftServerImpl.java:start(181)) - fd83777f-1961-4155-b1e4-71103963baeb@group-6D0AD9E5F9D2: start as a follower, conf=-1: [fd83777f-1961-4155-b1e4-71103963baeb:192.168.151.127:35511], old=null
2019-10-11 00:22:18,884 [pool-393-thread-1] INFO  impl.RaftServerImpl (RaftServerImpl.java:setRole(170)) - fd83777f-1961-4155-b1e4-71103963baeb@group-6D0AD9E5F9D2: changes role from      null to FOLLOWER at term 0 for startAsFollower
2019-10-11 00:22:18,885 [pool-393-thread-1] INFO  impl.RoleInfo (RoleInfo.java:updateAndGet(143)) - fd83777f-1961-4155-b1e4-71103963baeb: start FollowerState
2019-10-11 00:22:18,885 [pool-393-thread-1] INFO  util.JmxRegister (JmxRegister.java:tryRegister(44)) - Successfully registered JMX Bean with object name Ratis:service=RaftServer,group=group-6D0AD9E5F9D2,id=fd83777f-1961-4155-b1e4-71103963baeb
2019-10-11 00:22:18,889 [RatisPipelineUtilsThread] INFO  pipeline.PipelineStateManager (PipelineStateManager.java:addPipeline(56)) - Created pipeline Pipeline[ Id: 420ed830-2a6d-4b8d-9ce7-6d0ad9e5f9d2, Nodes: fd83777f-1961-4155-b1e4-71103963baeb{ip: 192.168.151.127, host: pr-hdds-2282-bvc4c-4177210905, networkLocation: /default-rack, certSerialId: null}, Type:RATIS, Factor:ONE, State:OPEN]
2019-10-11 00:22:18,928 [IPC Server handler 1 on 39177] INFO  net.NetworkTopology (NetworkTopologyImpl.java:add(111)) - Added a new node: /default-rack/937a7575-d737-483e-9c00-f1494ea9e9e0
2019-10-11 00:22:18,929 [IPC Server handler 1 on 39177] INFO  node.SCMNodeManager (SCMNodeManager.java:register(268)) - Registered Data node : 937a7575-d737-483e-9c00-f1494ea9e9e0{ip: 192.168.151.127, host: pr-hdds-2282-bvc4c-4177210905, networkLocation: /default-rack, certSerialId: null}
2019-10-11 00:22:18,957 [grpc-default-executor-4] INFO  impl.RaftServerProxy (RaftServerProxy.java:addNew(89)) - 937a7575-d737-483e-9c00-f1494ea9e9e0: addNew group-4290FC9AB725:[937a7575-d737-483e-9c00-f1494ea9e9e0:192.168.151.127:39281] returns group-4290FC9AB725:java.util.concurrent.CompletableFuture@c9cd368[Not completed]
2019-10-11 00:22:18,958 [pool-403-thread-1] INFO  impl.RaftServerImpl (RaftServerImpl.java:<init>(95)) - 937a7575-d737-483e-9c00-f1494ea9e9e0: new RaftServerImpl for group-4290FC9AB725:[937a7575-d737-483e-9c00-f1494ea9e9e0:192.168.151.127:39281] with ContainerStateMachine:uninitialized
2019-10-11 00:22:18,958 [pool-403-thread-1] INFO  server.RaftServerConfigKeys (ConfUtils.java:logGet(43)) - raft.server.rpc.timeout.min = 5s (custom)
2019-10-11 00:22:18,958 [pool-403-thread-1] INFO  server.RaftServerConfigKeys (ConfUtils.java:logGet(43)) - raft.server.rpc.timeout.max = 5200ms (custom)
2019-10-11 00:22:18,958 [pool-403-thread-1] INFO  server.RaftServerConfigKeys (ConfUtils.java:logGet(43)) - raft.server.rpcslowness.timeout = 120s (custom)
2019-10-11 00:22:18,958 [pool-403-thread-1] INFO  server.RaftServerConfigKeys (ConfUtils.java:logGet(43)) - raft.server.sleep.deviation.threshold = 300 (default)
2019-10-11 00:22:18,959 [pool-403-thread-1] INFO  server.RaftServerConfigKeys (ConfUtils.java:logGet(43)) - raft.server.log.appender.install.snapshot.enabled = false (custom)
2019-10-11 00:22:18,959 [pool-403-thread-1] INFO  impl.RaftServerImpl (ServerState.java:<init>(103)) - 937a7575-d737-483e-9c00-f1494ea9e9e0@group-4290FC9AB725: ConfigurationManager, init=-1: [937a7575-d737-483e-9c00-f1494ea9e9e0:192.168.151.127:39281], old=null, confs=<EMPTY_MAP>
2019-10-11 00:22:18,959 [pool-403-thread-1] INFO  server.RaftServerConfigKeys (ConfUtils.java:logGet(43)) - raft.server.storage.dir = [/workdir/hadoop-ozone/integration-test/target/test-dir/MiniOzoneClusterImpl-87c1c27c-3391-4312-8e10-f972e80006e6/datanode-2/data/ratis] (custom)
2019-10-11 00:22:18,959 [pool-403-thread-1] INFO  server.RaftServerConfigKeys (ConfUtils.java:logGet(43)) - raft.server.log.corruption.policy = EXCEPTION (default)
2019-10-11 00:22:18,960 [pool-403-thread-1] INFO  storage.RaftStorageDirectory (RaftStorageDirectory.java:analyzeStorage(246)) - The storage directory /workdir/hadoop-ozone/integration-test/target/test-dir/MiniOzoneClusterImpl-87c1c27c-3391-4312-8e10-f972e80006e6/datanode-2/data/ratis/c3175ace-1fa4-4396-b825-4290fc9ab725 does not exist. Creating ...
2019-10-11 00:22:18,972 [pool-403-thread-1] INFO  storage.RaftStorageDirectory (RaftStorageDirectory.java:tryLock(328)) - Lock on /workdir/hadoop-ozone/integration-test/target/test-dir/MiniOzoneClusterImpl-87c1c27c-3391-4312-8e10-f972e80006e6/datanode-2/data/ratis/c3175ace-1fa4-4396-b825-4290fc9ab725/in_use.lock acquired by nodename 21940@pr-hdds-2282-bvc4c-4177210905
2019-10-11 00:22:18,985 [pool-403-thread-1] INFO  storage.RaftStorage (RaftStorage.java:format(84)) - Storage directory /workdir/hadoop-ozone/integration-test/target/test-dir/MiniOzoneClusterImpl-87c1c27c-3391-4312-8e10-f972e80006e6/datanode-2/data/ratis/c3175ace-1fa4-4396-b825-4290fc9ab725 has been successfully formatted.
2019-10-11 00:22:18,985 [pool-403-thread-1] INFO  ratis.ContainerStateMachine (ContainerStateMachine.java:loadSnapshot(231)) - group-4290FC9AB725: The snapshot info is null. Setting the last applied indexto:(t:0, i:~)
2019-10-11 00:22:18,985 [pool-403-thread-1] INFO  server.RaftServerConfigKeys (ConfUtils.java:logGet(43)) - raft.server.notification.no-leader.timeout = 120s (custom)
2019-10-11 00:22:18,986 [pool-403-thread-1] INFO  server.RaftServerConfigKeys (ConfUtils.java:logGet(43)) - raft.server.log.use.memory = false (default)
2019-10-11 00:22:18,986 [pool-403-thread-1] INFO  server.RaftServerConfigKeys (ConfUtils.java:logGet(43)) - raft.server.log.purge.gap = 1000000 (custom)
2019-10-11 00:22:18,986 [pool-403-thread-1] INFO  server.RaftServerConfigKeys (ConfUtils.java:logGet(43)) - raft.server.log.appender.buffer.byte-limit = 33554432 (custom)
2019-10-11 00:22:18,986 [pool-403-thread-1] INFO  server.RaftServerConfigKeys (ConfUtils.java:logGet(43)) - raft.server.log.segment.size.max = 1048576 (custom)
2019-10-11 00:22:18,988 [pool-403-thread-1] INFO  server.RaftServerConfigKeys (ConfUtils.java:logGet(43)) - raft.server.log.segment.cache.num.max = 2 (custom)
2019-10-11 00:22:18,988 [pool-403-thread-1] INFO  segmented.SegmentedRaftLogWorker (SegmentedRaftLogWorker.java:<init>(173)) - new 937a7575-d737-483e-9c00-f1494ea9e9e0@group-4290FC9AB725-SegmentedRaftLogWorker for RaftStorage:Storage Directory /workdir/hadoop-ozone/integration-test/target/test-dir/MiniOzoneClusterImpl-87c1c27c-3391-4312-8e10-f972e80006e6/datanode-2/data/ratis/c3175ace-1fa4-4396-b825-4290fc9ab725
2019-10-11 00:22:18,988 [pool-403-thread-1] INFO  server.RaftServerConfigKeys (ConfUtils.java:logGet(43)) - raft.server.log.queue.byte-limit = 2147483647 (custom)
2019-10-11 00:22:18,988 [pool-403-thread-1] INFO  server.RaftServerConfigKeys (ConfUtils.java:logGet(43)) - raft.server.log.queue.element-limit = 1024 (custom)
2019-10-11 00:22:18,988 [pool-403-thread-1] INFO  server.RaftServerConfigKeys (ConfUtils.java:logGet(43)) - raft.server.log.segment.size.max = 1048576 (custom)
2019-10-11 00:22:18,988 [pool-403-thread-1] INFO  server.RaftServerConfigKeys (ConfUtils.java:logGet(43)) - raft.server.log.preallocated.size = 16384 (custom)
2019-10-11 00:22:18,988 [pool-403-thread-1] INFO  server.RaftServerConfigKeys (ConfUtils.java:logGet(43)) - raft.server.log.write.buffer.size = 33554432 (custom)
2019-10-11 00:22:18,989 [pool-403-thread-1] INFO  server.RaftServerConfigKeys (ConfUtils.java:logGet(43)) - raft.server.log.force.sync.num = 128 (default)
2019-10-11 00:22:18,989 [pool-403-thread-1] INFO  server.RaftServerConfigKeys (ConfUtils.java:logGet(43)) - raft.server.log.statemachine.data.sync = true (default)
2019-10-11 00:22:18,989 [pool-403-thread-1] INFO  server.RaftServerConfigKeys (ConfUtils.java:logGet(43)) - raft.server.log.statemachine.data.sync.timeout = 10s (default)
2019-10-11 00:22:18,989 [pool-403-thread-1] INFO  server.RaftServerConfigKeys (ConfUtils.java:logGet(43)) - raft.server.log.statemachine.data.sync.timeout.retry = -1 (default)
2019-10-11 00:22:18,989 [pool-403-thread-1] INFO  server.RaftServerConfigKeys (ConfUtils.java:logGet(43)) - raft.server.log.statemachine.data.caching.enabled = true (custom)
2019-10-11 00:22:18,990 [pool-403-thread-1] INFO  segmented.SegmentedRaftLogWorker (SegmentedRaftLogWorker.java:lambda$new$0(128)) - 937a7575-d737-483e-9c00-f1494ea9e9e0@group-4290FC9AB725-SegmentedRaftLogWorker: flushIndex: setUnconditionally 0 -> -1
2019-10-11 00:22:18,990 [pool-403-thread-1] INFO  server.RaftServerConfigKeys (ConfUtils.java:logGet(43)) - raft.server.snapshot.auto.trigger.enabled = true (custom)
2019-10-11 00:22:18,990 [pool-403-thread-1] INFO  server.RaftServerConfigKeys (ConfUtils.java:logGet(43)) - raft.server.snapshot.auto.trigger.threshold = 10000 (custom)
2019-10-11 00:22:18,990 [pool-403-thread-1] INFO  server.RaftServerConfigKeys (ConfUtils.java:logGet(43)) - raft.server.snapshot.retention.file.num = 5 (custom)
2019-10-11 00:22:18,990 [pool-403-thread-1] INFO  server.RaftServerConfigKeys (ConfUtils.java:logGet(43)) - raft.server.retrycache.expirytime = 600000ms (custom)
2019-10-11 00:22:18,992 [pool-403-thread-1] INFO  impl.RaftServerImpl (RaftServerImpl.java:start(181)) - 937a7575-d737-483e-9c00-f1494ea9e9e0@group-4290FC9AB725: start as a follower, conf=-1: [937a7575-d737-483e-9c00-f1494ea9e9e0:192.168.151.127:39281], old=null
2019-10-11 00:22:18,992 [pool-403-thread-1] INFO  impl.RaftServerImpl (RaftServerImpl.java:setRole(170)) - 937a7575-d737-483e-9c00-f1494ea9e9e0@group-4290FC9AB725: changes role from      null to FOLLOWER at term 0 for startAsFollower
2019-10-11 00:22:18,992 [pool-403-thread-1] INFO  impl.RoleInfo (RoleInfo.java:updateAndGet(143)) - 937a7575-d737-483e-9c00-f1494ea9e9e0: start FollowerState
2019-10-11 00:22:18,993 [pool-403-thread-1] INFO  util.JmxRegister (JmxRegister.java:tryRegister(44)) - Successfully registered JMX Bean with object name Ratis:service=RaftServer,group=group-4290FC9AB725,id=937a7575-d737-483e-9c00-f1494ea9e9e0
2019-10-11 00:22:18,997 [RatisPipelineUtilsThread] INFO  pipeline.PipelineStateManager (PipelineStateManager.java:addPipeline(56)) - Created pipeline Pipeline[ Id: c3175ace-1fa4-4396-b825-4290fc9ab725, Nodes: 937a7575-d737-483e-9c00-f1494ea9e9e0{ip: 192.168.151.127, host: pr-hdds-2282-bvc4c-4177210905, networkLocation: /default-rack, certSerialId: null}, Type:RATIS, Factor:ONE, State:OPEN]
2019-10-11 00:22:19,006 [grpc-default-executor-1] INFO  impl.RaftServerProxy (RaftServerProxy.java:addNew(89)) - 0793576e-28bd-4bcf-9513-0e06c686edc0: addNew group-EF6DC9F62791:[0793576e-28bd-4bcf-9513-0e06c686edc0:192.168.151.127:40641, fd83777f-1961-4155-b1e4-71103963baeb:192.168.151.127:35511, 937a7575-d737-483e-9c00-f1494ea9e9e0:192.168.151.127:39281] returns group-EF6DC9F62791:java.util.concurrent.CompletableFuture@7da6d448[Not completed]
2019-10-11 00:22:19,006 [grpc-default-executor-4] INFO  impl.RaftServerProxy (RaftServerProxy.java:addNew(89)) - 937a7575-d737-483e-9c00-f1494ea9e9e0: addNew group-EF6DC9F62791:[0793576e-28bd-4bcf-9513-0e06c686edc0:192.168.151.127:40641, fd83777f-1961-4155-b1e4-71103963baeb:192.168.151.127:35511, 937a7575-d737-483e-9c00-f1494ea9e9e0:192.168.151.127:39281] returns group-EF6DC9F62791:java.util.concurrent.CompletableFuture@2f9e7e75[Not completed]
2019-10-11 00:22:19,006 [grpc-default-executor-3] INFO  impl.RaftServerProxy (RaftServerProxy.java:addNew(89)) - fd83777f-1961-4155-b1e4-71103963baeb: addNew group-EF6DC9F62791:[0793576e-28bd-4bcf-9513-0e06c686edc0:192.168.151.127:40641, fd83777f-1961-4155-b1e4-71103963baeb:192.168.151.127:35511, 937a7575-d737-483e-9c00-f1494ea9e9e0:192.168.151.127:39281] returns group-EF6DC9F62791:java.util.concurrent.CompletableFuture@47def686[Not completed]
2019-10-11 00:22:19,007 [pool-393-thread-1] INFO  impl.RaftServerImpl (RaftServerImpl.java:<init>(95)) - fd83777f-1961-4155-b1e4-71103963baeb: new RaftServerImpl for group-EF6DC9F62791:[0793576e-28bd-4bcf-9513-0e06c686edc0:192.168.151.127:40641, fd83777f-1961-4155-b1e4-71103963baeb:192.168.151.127:35511, 937a7575-d737-483e-9c00-f1494ea9e9e0:192.168.151.127:39281] with ContainerStateMachine:uninitialized
2019-10-11 00:22:19,008 [pool-393-thread-1] INFO  server.RaftServerConfigKeys (ConfUtils.java:logGet(43)) - raft.server.rpc.timeout.min = 5s (custom)
2019-10-11 00:22:19,008 [pool-393-thread-1] INFO  server.RaftServerConfigKeys (ConfUtils.java:logGet(43)) - raft.server.rpc.timeout.max = 5200ms (custom)
2019-10-11 00:22:19,008 [pool-393-thread-1] INFO  server.RaftServerConfigKeys (ConfUtils.java:logGet(43)) - raft.server.rpcslowness.timeout = 120s (custom)
2019-10-11 00:22:19,008 [pool-393-thread-1] INFO  server.RaftServerConfigKeys (ConfUtils.java:logGet(43)) - raft.server.sleep.deviation.threshold = 300 (default)
2019-10-11 00:22:19,008 [pool-383-thread-1] INFO  impl.RaftServerImpl (RaftServerImpl.java:<init>(95)) - 0793576e-28bd-4bcf-9513-0e06c686edc0: new RaftServerImpl for group-EF6DC9F62791:[0793576e-28bd-4bcf-9513-0e06c686edc0:192.168.151.127:40641, fd83777f-1961-4155-b1e4-71103963baeb:192.168.151.127:35511, 937a7575-d737-483e-9c00-f1494ea9e9e0:192.168.151.127:39281] with ContainerStateMachine:uninitialized
2019-10-11 00:22:19,008 [pool-393-thread-1] INFO  server.RaftServerConfigKeys (ConfUtils.java:logGet(43)) - raft.server.log.appender.install.snapshot.enabled = false (custom)
2019-10-11 00:22:19,008 [pool-383-thread-1] INFO  server.RaftServerConfigKeys (ConfUtils.java:logGet(43)) - raft.server.rpc.timeout.min = 5s (custom)
2019-10-11 00:22:19,008 [pool-403-thread-1] INFO  impl.RaftServerImpl (RaftServerImpl.java:<init>(95)) - 937a7575-d737-483e-9c00-f1494ea9e9e0: new RaftServerImpl for group-EF6DC9F62791:[0793576e-28bd-4bcf-9513-0e06c686edc0:192.168.151.127:40641, fd83777f-1961-4155-b1e4-71103963baeb:192.168.151.127:35511, 937a7575-d737-483e-9c00-f1494ea9e9e0:192.168.151.127:39281] with ContainerStateMachine:uninitialized
2019-10-11 00:22:19,008 [pool-393-thread-1] INFO  impl.RaftServerImpl (ServerState.java:<init>(103)) - fd83777f-1961-4155-b1e4-71103963baeb@group-EF6DC9F62791: ConfigurationManager, init=-1: [0793576e-28bd-4bcf-9513-0e06c686edc0:192.168.151.127:40641, fd83777f-1961-4155-b1e4-71103963baeb:192.168.151.127:35511, 937a7575-d737-483e-9c00-f1494ea9e9e0:192.168.151.127:39281], old=null, confs=<EMPTY_MAP>
2019-10-11 00:22:19,009 [pool-403-thread-1] INFO  server.RaftServerConfigKeys (ConfUtils.java:logGet(43)) - raft.server.rpc.timeout.min = 5s (custom)
2019-10-11 00:22:19,009 [pool-383-thread-1] INFO  server.RaftServerConfigKeys (ConfUtils.java:logGet(43)) - raft.server.rpc.timeout.max = 5200ms (custom)
2019-10-11 00:22:19,009 [pool-403-thread-1] INFO  server.RaftServerConfigKeys (ConfUtils.java:logGet(43)) - raft.server.rpc.timeout.max = 5200ms (custom)
2019-10-11 00:22:19,009 [pool-393-thread-1] INFO  server.RaftServerConfigKeys (ConfUtils.java:logGet(43)) - raft.server.storage.dir = [/workdir/hadoop-ozone/integration-test/target/test-dir/MiniOzoneClusterImpl-87c1c27c-3391-4312-8e10-f972e80006e6/datanode-1/data/ratis] (custom)
2019-10-11 00:22:19,009 [pool-403-thread-1] INFO  server.RaftServerConfigKeys (ConfUtils.java:logGet(43)) - raft.server.rpcslowness.timeout = 120s (custom)
2019-10-11 00:22:19,009 [pool-403-thread-1] INFO  server.RaftServerConfigKeys (ConfUtils.java:logGet(43)) - raft.server.sleep.deviation.threshold = 300 (default)
2019-10-11 00:22:19,009 [pool-383-thread-1] INFO  server.RaftServerConfigKeys (ConfUtils.java:logGet(43)) - raft.server.rpcslowness.timeout = 120s (custom)
2019-10-11 00:22:19,010 [pool-403-thread-1] INFO  server.RaftServerConfigKeys (ConfUtils.java:logGet(43)) - raft.server.log.appender.install.snapshot.enabled = false (custom)
2019-10-11 00:22:19,009 [pool-393-thread-1] INFO  server.RaftServerConfigKeys (ConfUtils.java:logGet(43)) - raft.server.log.corruption.policy = EXCEPTION (default)
2019-10-11 00:22:19,010 [pool-403-thread-1] INFO  impl.RaftServerImpl (ServerState.java:<init>(103)) - 937a7575-d737-483e-9c00-f1494ea9e9e0@group-EF6DC9F62791: ConfigurationManager, init=-1: [0793576e-28bd-4bcf-9513-0e06c686edc0:192.168.151.127:40641, fd83777f-1961-4155-b1e4-71103963baeb:192.168.151.127:35511, 937a7575-d737-483e-9c00-f1494ea9e9e0:192.168.151.127:39281], old=null, confs=<EMPTY_MAP>
2019-10-11 00:22:19,010 [pool-393-thread-1] INFO  storage.RaftStorageDirectory (RaftStorageDirectory.java:analyzeStorage(246)) - The storage directory /workdir/hadoop-ozone/integration-test/target/test-dir/MiniOzoneClusterImpl-87c1c27c-3391-4312-8e10-f972e80006e6/datanode-1/data/ratis/4d6ac590-2e94-48a9-a1dd-ef6dc9f62791 does not exist. Creating ...
2019-10-11 00:22:19,010 [pool-383-thread-1] INFO  server.RaftServerConfigKeys (ConfUtils.java:logGet(43)) - raft.server.sleep.deviation.threshold = 300 (default)
2019-10-11 00:22:19,010 [pool-403-thread-1] INFO  server.RaftServerConfigKeys (ConfUtils.java:logGet(43)) - raft.server.storage.dir = [/workdir/hadoop-ozone/integration-test/target/test-dir/MiniOzoneClusterImpl-87c1c27c-3391-4312-8e10-f972e80006e6/datanode-2/data/ratis] (custom)
2019-10-11 00:22:19,010 [pool-383-thread-1] INFO  server.RaftServerConfigKeys (ConfUtils.java:logGet(43)) - raft.server.log.appender.install.snapshot.enabled = false (custom)
2019-10-11 00:22:19,011 [pool-403-thread-1] INFO  server.RaftServerConfigKeys (ConfUtils.java:logGet(43)) - raft.server.log.corruption.policy = EXCEPTION (default)
2019-10-11 00:22:19,011 [pool-383-thread-1] INFO  impl.RaftServerImpl (ServerState.java:<init>(103)) - 0793576e-28bd-4bcf-9513-0e06c686edc0@group-EF6DC9F62791: ConfigurationManager, init=-1: [0793576e-28bd-4bcf-9513-0e06c686edc0:192.168.151.127:40641, fd83777f-1961-4155-b1e4-71103963baeb:192.168.151.127:35511, 937a7575-d737-483e-9c00-f1494ea9e9e0:192.168.151.127:39281], old=null, confs=<EMPTY_MAP>
2019-10-11 00:22:19,011 [pool-403-thread-1] INFO  storage.RaftStorageDirectory (RaftStorageDirectory.java:analyzeStorage(246)) - The storage directory /workdir/hadoop-ozone/integration-test/target/test-dir/MiniOzoneClusterImpl-87c1c27c-3391-4312-8e10-f972e80006e6/datanode-2/data/ratis/4d6ac590-2e94-48a9-a1dd-ef6dc9f62791 does not exist. Creating ...
2019-10-11 00:22:19,011 [pool-383-thread-1] INFO  server.RaftServerConfigKeys (ConfUtils.java:logGet(43)) - raft.server.storage.dir = [/workdir/hadoop-ozone/integration-test/target/test-dir/MiniOzoneClusterImpl-87c1c27c-3391-4312-8e10-f972e80006e6/datanode-0/data/ratis] (custom)
2019-10-11 00:22:19,011 [pool-383-thread-1] INFO  server.RaftServerConfigKeys (ConfUtils.java:logGet(43)) - raft.server.log.corruption.policy = EXCEPTION (default)
2019-10-11 00:22:19,011 [pool-383-thread-1] INFO  storage.RaftStorageDirectory (RaftStorageDirectory.java:analyzeStorage(246)) - The storage directory /workdir/hadoop-ozone/integration-test/target/test-dir/MiniOzoneClusterImpl-87c1c27c-3391-4312-8e10-f972e80006e6/datanode-0/data/ratis/4d6ac590-2e94-48a9-a1dd-ef6dc9f62791 does not exist. Creating ...
2019-10-11 00:22:19,019 [IPC Server handler 5 on 39177] INFO  net.NetworkTopology (NetworkTopologyImpl.java:add(111)) - Added a new node: /default-rack/2887dbf8-1d76-43bc-ba93-570f89f16d67
2019-10-11 00:22:19,019 [IPC Server handler 5 on 39177] INFO  node.SCMNodeManager (SCMNodeManager.java:register(268)) - Registered Data node : 2887dbf8-1d76-43bc-ba93-570f89f16d67{ip: 192.168.151.127, host: pr-hdds-2282-bvc4c-4177210905, networkLocation: /default-rack, certSerialId: null}
2019-10-11 00:22:19,024 [pool-393-thread-1] INFO  storage.RaftStorageDirectory (RaftStorageDirectory.java:tryLock(328)) - Lock on /workdir/hadoop-ozone/integration-test/target/test-dir/MiniOzoneClusterImpl-87c1c27c-3391-4312-8e10-f972e80006e6/datanode-1/data/ratis/4d6ac590-2e94-48a9-a1dd-ef6dc9f62791/in_use.lock acquired by nodename 21940@pr-hdds-2282-bvc4c-4177210905
2019-10-11 00:22:19,024 [pool-403-thread-1] INFO  storage.RaftStorageDirectory (RaftStorageDirectory.java:tryLock(328)) - Lock on /workdir/hadoop-ozone/integration-test/target/test-dir/MiniOzoneClusterImpl-87c1c27c-3391-4312-8e10-f972e80006e6/datanode-2/data/ratis/4d6ac590-2e94-48a9-a1dd-ef6dc9f62791/in_use.lock acquired by nodename 21940@pr-hdds-2282-bvc4c-4177210905
2019-10-11 00:22:19,024 [pool-383-thread-1] INFO  storage.RaftStorageDirectory (RaftStorageDirectory.java:tryLock(328)) - Lock on /workdir/hadoop-ozone/integration-test/target/test-dir/MiniOzoneClusterImpl-87c1c27c-3391-4312-8e10-f972e80006e6/datanode-0/data/ratis/4d6ac590-2e94-48a9-a1dd-ef6dc9f62791/in_use.lock acquired by nodename 21940@pr-hdds-2282-bvc4c-4177210905
2019-10-11 00:22:19,037 [pool-403-thread-1] INFO  storage.RaftStorage (RaftStorage.java:format(84)) - Storage directory /workdir/hadoop-ozone/integration-test/target/test-dir/MiniOzoneClusterImpl-87c1c27c-3391-4312-8e10-f972e80006e6/datanode-2/data/ratis/4d6ac590-2e94-48a9-a1dd-ef6dc9f62791 has been successfully formatted.
2019-10-11 00:22:19,037 [pool-393-thread-1] INFO  storage.RaftStorage (RaftStorage.java:format(84)) - Storage directory /workdir/hadoop-ozone/integration-test/target/test-dir/MiniOzoneClusterImpl-87c1c27c-3391-4312-8e10-f972e80006e6/datanode-1/data/ratis/4d6ac590-2e94-48a9-a1dd-ef6dc9f62791 has been successfully formatted.
2019-10-11 00:22:19,037 [pool-383-thread-1] INFO  storage.RaftStorage (RaftStorage.java:format(84)) - Storage directory /workdir/hadoop-ozone/integration-test/target/test-dir/MiniOzoneClusterImpl-87c1c27c-3391-4312-8e10-f972e80006e6/datanode-0/data/ratis/4d6ac590-2e94-48a9-a1dd-ef6dc9f62791 has been successfully formatted.
2019-10-11 00:22:19,037 [pool-393-thread-1] INFO  ratis.ContainerStateMachine (ContainerStateMachine.java:loadSnapshot(231)) - group-EF6DC9F62791: The snapshot info is null. Setting the last applied indexto:(t:0, i:~)
2019-10-11 00:22:19,037 [pool-403-thread-1] INFO  ratis.ContainerStateMachine (ContainerStateMachine.java:loadSnapshot(231)) - group-EF6DC9F62791: The snapshot info is null. Setting the last applied indexto:(t:0, i:~)
2019-10-11 00:22:19,038 [pool-393-thread-1] INFO  server.RaftServerConfigKeys (ConfUtils.java:logGet(43)) - raft.server.notification.no-leader.timeout = 120s (custom)
2019-10-11 00:22:19,038 [pool-383-thread-1] INFO  ratis.ContainerStateMachine (ContainerStateMachine.java:loadSnapshot(231)) - group-EF6DC9F62791: The snapshot info is null. Setting the last applied indexto:(t:0, i:~)
2019-10-11 00:22:19,038 [pool-393-thread-1] INFO  server.RaftServerConfigKeys (ConfUtils.java:logGet(43)) - raft.server.log.use.memory = false (default)
2019-10-11 00:22:19,038 [pool-403-thread-1] INFO  server.RaftServerConfigKeys (ConfUtils.java:logGet(43)) - raft.server.notification.no-leader.timeout = 120s (custom)
2019-10-11 00:22:19,038 [pool-393-thread-1] INFO  server.RaftServerConfigKeys (ConfUtils.java:logGet(43)) - raft.server.log.purge.gap = 1000000 (custom)
2019-10-11 00:22:19,038 [pool-383-thread-1] INFO  server.RaftServerConfigKeys (ConfUtils.java:logGet(43)) - raft.server.notification.no-leader.timeout = 120s (custom)
2019-10-11 00:22:19,038 [pool-393-thread-1] INFO  server.RaftServerConfigKeys (ConfUtils.java:logGet(43)) - raft.server.log.appender.buffer.byte-limit = 33554432 (custom)
2019-10-11 00:22:19,038 [pool-403-thread-1] INFO  server.RaftServerConfigKeys (ConfUtils.java:logGet(43)) - raft.server.log.use.memory = false (default)
2019-10-11 00:22:19,039 [pool-393-thread-1] INFO  server.RaftServerConfigKeys (ConfUtils.java:logGet(43)) - raft.server.log.segment.size.max = 1048576 (custom)
2019-10-11 00:22:19,039 [pool-383-thread-1] INFO  server.RaftServerConfigKeys (ConfUtils.java:logGet(43)) - raft.server.log.use.memory = false (default)
2019-10-11 00:22:19,039 [pool-393-thread-1] INFO  server.RaftServerConfigKeys (ConfUtils.java:logGet(43)) - raft.server.log.segment.cache.num.max = 2 (custom)
2019-10-11 00:22:19,039 [pool-403-thread-1] INFO  server.RaftServerConfigKeys (ConfUtils.java:logGet(43)) - raft.server.log.purge.gap = 1000000 (custom)
2019-10-11 00:22:19,039 [pool-393-thread-1] INFO  segmented.SegmentedRaftLogWorker (SegmentedRaftLogWorker.java:<init>(173)) - new fd83777f-1961-4155-b1e4-71103963baeb@group-EF6DC9F62791-SegmentedRaftLogWorker for RaftStorage:Storage Directory /workdir/hadoop-ozone/integration-test/target/test-dir/MiniOzoneClusterImpl-87c1c27c-3391-4312-8e10-f972e80006e6/datanode-1/data/ratis/4d6ac590-2e94-48a9-a1dd-ef6dc9f62791
2019-10-11 00:22:19,039 [pool-383-thread-1] INFO  server.RaftServerConfigKeys (ConfUtils.java:logGet(43)) - raft.server.log.purge.gap = 1000000 (custom)
2019-10-11 00:22:19,039 [pool-393-thread-1] INFO  server.RaftServerConfigKeys (ConfUtils.java:logGet(43)) - raft.server.log.queue.byte-limit = 2147483647 (custom)
2019-10-11 00:22:19,039 [pool-403-thread-1] INFO  server.RaftServerConfigKeys (ConfUtils.java:logGet(43)) - raft.server.log.appender.buffer.byte-limit = 33554432 (custom)
2019-10-11 00:22:19,040 [pool-393-thread-1] INFO  server.RaftServerConfigKeys (ConfUtils.java:logGet(43)) - raft.server.log.queue.element-limit = 1024 (custom)
2019-10-11 00:22:19,039 [pool-383-thread-1] INFO  server.RaftServerConfigKeys (ConfUtils.java:logGet(43)) - raft.server.log.appender.buffer.byte-limit = 33554432 (custom)
2019-10-11 00:22:19,040 [pool-393-thread-1] INFO  server.RaftServerConfigKeys (ConfUtils.java:logGet(43)) - raft.server.log.segment.size.max = 1048576 (custom)
2019-10-11 00:22:19,040 [pool-403-thread-1] INFO  server.RaftServerConfigKeys (ConfUtils.java:logGet(43)) - raft.server.log.segment.size.max = 1048576 (custom)
2019-10-11 00:22:19,040 [pool-393-thread-1] INFO  server.RaftServerConfigKeys (ConfUtils.java:logGet(43)) - raft.server.log.preallocated.size = 16384 (custom)
2019-10-11 00:22:19,040 [pool-383-thread-1] INFO  server.RaftServerConfigKeys (ConfUtils.java:logGet(43)) - raft.server.log.segment.size.max = 1048576 (custom)
2019-10-11 00:22:19,040 [pool-393-thread-1] INFO  server.RaftServerConfigKeys (ConfUtils.java:logGet(43)) - raft.server.log.write.buffer.size = 33554432 (custom)
2019-10-11 00:22:19,040 [pool-403-thread-1] INFO  server.RaftServerConfigKeys (ConfUtils.java:logGet(43)) - raft.server.log.segment.cache.num.max = 2 (custom)
2019-10-11 00:22:19,040 [pool-393-thread-1] INFO  server.RaftServerConfigKeys (ConfUtils.java:logGet(43)) - raft.server.log.force.sync.num = 128 (default)
2019-10-11 00:22:19,040 [pool-383-thread-1] INFO  server.RaftServerConfigKeys (ConfUtils.java:logGet(43)) - raft.server.log.segment.cache.num.max = 2 (custom)
2019-10-11 00:22:19,041 [pool-393-thread-1] INFO  server.RaftServerConfigKeys (ConfUtils.java:logGet(43)) - raft.server.log.statemachine.data.sync = true (default)
2019-10-11 00:22:19,041 [pool-403-thread-1] INFO  segmented.SegmentedRaftLogWorker (SegmentedRaftLogWorker.java:<init>(173)) - new 937a7575-d737-483e-9c00-f1494ea9e9e0@group-EF6DC9F62791-SegmentedRaftLogWorker for RaftStorage:Storage Directory /workdir/hadoop-ozone/integration-test/target/test-dir/MiniOzoneClusterImpl-87c1c27c-3391-4312-8e10-f972e80006e6/datanode-2/data/ratis/4d6ac590-2e94-48a9-a1dd-ef6dc9f62791
2019-10-11 00:22:19,041 [pool-393-thread-1] INFO  server.RaftServerConfigKeys (ConfUtils.java:logGet(43)) - raft.server.log.statemachine.data.sync.timeout = 10s (default)
2019-10-11 00:22:19,041 [pool-383-thread-1] INFO  segmented.SegmentedRaftLogWorker (SegmentedRaftLogWorker.java:<init>(173)) - new 0793576e-28bd-4bcf-9513-0e06c686edc0@group-EF6DC9F62791-SegmentedRaftLogWorker for RaftStorage:Storage Directory /workdir/hadoop-ozone/integration-test/target/test-dir/MiniOzoneClusterImpl-87c1c27c-3391-4312-8e10-f972e80006e6/datanode-0/data/ratis/4d6ac590-2e94-48a9-a1dd-ef6dc9f62791
2019-10-11 00:22:19,041 [pool-393-thread-1] INFO  server.RaftServerConfigKeys (ConfUtils.java:logGet(43)) - raft.server.log.statemachine.data.sync.timeout.retry = -1 (default)
2019-10-11 00:22:19,041 [pool-403-thread-1] INFO  server.RaftServerConfigKeys (ConfUtils.java:logGet(43)) - raft.server.log.queue.byte-limit = 2147483647 (custom)
2019-10-11 00:22:19,041 [pool-393-thread-1] INFO  server.RaftServerConfigKeys (ConfUtils.java:logGet(43)) - raft.server.log.statemachine.data.caching.enabled = true (custom)
2019-10-11 00:22:19,041 [pool-383-thread-1] INFO  server.RaftServerConfigKeys (ConfUtils.java:logGet(43)) - raft.server.log.queue.byte-limit = 2147483647 (custom)
2019-10-11 00:22:19,042 [pool-403-thread-1] INFO  server.RaftServerConfigKeys (ConfUtils.java:logGet(43)) - raft.server.log.queue.element-limit = 1024 (custom)
2019-10-11 00:22:19,042 [pool-393-thread-1] INFO  segmented.SegmentedRaftLogWorker (SegmentedRaftLogWorker.java:lambda$new$0(128)) - fd83777f-1961-4155-b1e4-71103963baeb@group-EF6DC9F62791-SegmentedRaftLogWorker: flushIndex: setUnconditionally 0 -> -1
2019-10-11 00:22:19,042 [pool-383-thread-1] INFO  server.RaftServerConfigKeys (ConfUtils.java:logGet(43)) - raft.server.log.queue.element-limit = 1024 (custom)
2019-10-11 00:22:19,042 [pool-393-thread-1] INFO  server.RaftServerConfigKeys (ConfUtils.java:logGet(43)) - raft.server.snapshot.auto.trigger.enabled = true (custom)
2019-10-11 00:22:19,042 [pool-403-thread-1] INFO  server.RaftServerConfigKeys (ConfUtils.java:logGet(43)) - raft.server.log.segment.size.max = 1048576 (custom)
2019-10-11 00:22:19,042 [pool-393-thread-1] INFO  server.RaftServerConfigKeys (ConfUtils.java:logGet(43)) - raft.server.snapshot.auto.trigger.threshold = 10000 (custom)
2019-10-11 00:22:19,042 [pool-383-thread-1] INFO  server.RaftServerConfigKeys (ConfUtils.java:logGet(43)) - raft.server.log.segment.size.max = 1048576 (custom)
2019-10-11 00:22:19,043 [pool-393-thread-1] INFO  server.RaftServerConfigKeys (ConfUtils.java:logGet(43)) - raft.server.snapshot.retention.file.num = 5 (custom)
2019-10-11 00:22:19,042 [pool-403-thread-1] INFO  server.RaftServerConfigKeys (ConfUtils.java:logGet(43)) - raft.server.log.preallocated.size = 16384 (custom)
2019-10-11 00:22:19,043 [pool-393-thread-1] INFO  server.RaftServerConfigKeys (ConfUtils.java:logGet(43)) - raft.server.retrycache.expirytime = 600000ms (custom)
2019-10-11 00:22:19,043 [pool-383-thread-1] INFO  server.RaftServerConfigKeys (ConfUtils.java:logGet(43)) - raft.server.log.preallocated.size = 16384 (custom)
2019-10-11 00:22:19,043 [pool-403-thread-1] INFO  server.RaftServerConfigKeys (ConfUtils.java:logGet(43)) - raft.server.log.write.buffer.size = 33554432 (custom)
2019-10-11 00:22:19,043 [pool-383-thread-1] INFO  server.RaftServerConfigKeys (ConfUtils.java:logGet(43)) - raft.server.log.write.buffer.size = 33554432 (custom)
2019-10-11 00:22:19,043 [pool-403-thread-1] INFO  server.RaftServerConfigKeys (ConfUtils.java:logGet(43)) - raft.server.log.force.sync.num = 128 (default)
2019-10-11 00:22:19,044 [pool-383-thread-1] INFO  server.RaftServerConfigKeys (ConfUtils.java:logGet(43)) - raft.server.log.force.sync.num = 128 (default)
2019-10-11 00:22:19,044 [pool-403-thread-1] INFO  server.RaftServerConfigKeys (ConfUtils.java:logGet(43)) - raft.server.log.statemachine.data.sync = true (default)
2019-10-11 00:22:19,044 [pool-383-thread-1] INFO  server.RaftServerConfigKeys (ConfUtils.java:logGet(43)) - raft.server.log.statemachine.data.sync = true (default)
2019-10-11 00:22:19,044 [pool-403-thread-1] INFO  server.RaftServerConfigKeys (ConfUtils.java:logGet(43)) - raft.server.log.statemachine.data.sync.timeout = 10s (default)
2019-10-11 00:22:19,044 [pool-383-thread-1] INFO  server.RaftServerConfigKeys (ConfUtils.java:logGet(43)) - raft.server.log.statemachine.data.sync.timeout = 10s (default)
2019-10-11 00:22:19,044 [pool-403-thread-1] INFO  server.RaftServerConfigKeys (ConfUtils.java:logGet(43)) - raft.server.log.statemachine.data.sync.timeout.retry = -1 (default)
2019-10-11 00:22:19,044 [pool-393-thread-1] INFO  impl.RaftServerImpl (RaftServerImpl.java:start(181)) - fd83777f-1961-4155-b1e4-71103963baeb@group-EF6DC9F62791: start as a follower, conf=-1: [0793576e-28bd-4bcf-9513-0e06c686edc0:192.168.151.127:40641, fd83777f-1961-4155-b1e4-71103963baeb:192.168.151.127:35511, 937a7575-d737-483e-9c00-f1494ea9e9e0:192.168.151.127:39281], old=null
2019-10-11 00:22:19,044 [pool-383-thread-1] INFO  server.RaftServerConfigKeys (ConfUtils.java:logGet(43)) - raft.server.log.statemachine.data.sync.timeout.retry = -1 (default)
2019-10-11 00:22:19,045 [pool-393-thread-1] INFO  impl.RaftServerImpl (RaftServerImpl.java:setRole(170)) - fd83777f-1961-4155-b1e4-71103963baeb@group-EF6DC9F62791: changes role from      null to FOLLOWER at term 0 for startAsFollower
2019-10-11 00:22:19,045 [pool-403-thread-1] INFO  server.RaftServerConfigKeys (ConfUtils.java:logGet(43)) - raft.server.log.statemachine.data.caching.enabled = true (custom)
2019-10-11 00:22:19,045 [pool-393-thread-1] INFO  impl.RoleInfo (RoleInfo.java:updateAndGet(143)) - fd83777f-1961-4155-b1e4-71103963baeb: start FollowerState
2019-10-11 00:22:19,045 [pool-383-thread-1] INFO  server.RaftServerConfigKeys (ConfUtils.java:logGet(43)) - raft.server.log.statemachine.data.caching.enabled = true (custom)
2019-10-11 00:22:19,045 [pool-403-thread-1] INFO  segmented.SegmentedRaftLogWorker (SegmentedRaftLogWorker.java:lambda$new$0(128)) - 937a7575-d737-483e-9c00-f1494ea9e9e0@group-EF6DC9F62791-SegmentedRaftLogWorker: flushIndex: setUnconditionally 0 -> -1
2019-10-11 00:22:19,045 [pool-393-thread-1] INFO  util.JmxRegister (JmxRegister.java:tryRegister(44)) - Successfully registered JMX Bean with object name Ratis:service=RaftServer,group=group-EF6DC9F62791,id=fd83777f-1961-4155-b1e4-71103963baeb
2019-10-11 00:22:19,046 [pool-383-thread-1] INFO  segmented.SegmentedRaftLogWorker (SegmentedRaftLogWorker.java:lambda$new$0(128)) - 0793576e-28bd-4bcf-9513-0e06c686edc0@group-EF6DC9F62791-SegmentedRaftLogWorker: flushIndex: setUnconditionally 0 -> -1
2019-10-11 00:22:19,046 [pool-403-thread-1] INFO  server.RaftServerConfigKeys (ConfUtils.java:logGet(43)) - raft.server.snapshot.auto.trigger.enabled = true (custom)
2019-10-11 00:22:19,046 [pool-403-thread-1] INFO  server.RaftServerConfigKeys (ConfUtils.java:logGet(43)) - raft.server.snapshot.auto.trigger.threshold = 10000 (custom)
2019-10-11 00:22:19,046 [pool-383-thread-1] INFO  server.RaftServerConfigKeys (ConfUtils.java:logGet(43)) - raft.server.snapshot.auto.trigger.enabled = true (custom)
2019-10-11 00:22:19,046 [pool-403-thread-1] INFO  server.RaftServerConfigKeys (ConfUtils.java:logGet(43)) - raft.server.snapshot.retention.file.num = 5 (custom)
2019-10-11 00:22:19,046 [pool-383-thread-1] INFO  server.RaftServerConfigKeys (ConfUtils.java:logGet(43)) - raft.server.snapshot.auto.trigger.threshold = 10000 (custom)
2019-10-11 00:22:19,046 [pool-403-thread-1] INFO  server.RaftServerConfigKeys (ConfUtils.java:logGet(43)) - raft.server.retrycache.expirytime = 600000ms (custom)
2019-10-11 00:22:19,046 [pool-383-thread-1] INFO  server.RaftServerConfigKeys (ConfUtils.java:logGet(43)) - raft.server.snapshot.retention.file.num = 5 (custom)
2019-10-11 00:22:19,047 [pool-383-thread-1] INFO  server.RaftServerConfigKeys (ConfUtils.java:logGet(43)) - raft.server.retrycache.expirytime = 600000ms (custom)
2019-10-11 00:22:19,049 [pool-403-thread-1] INFO  impl.RaftServerImpl (RaftServerImpl.java:start(181)) - 937a7575-d737-483e-9c00-f1494ea9e9e0@group-EF6DC9F62791: start as a follower, conf=-1: [0793576e-28bd-4bcf-9513-0e06c686edc0:192.168.151.127:40641, fd83777f-1961-4155-b1e4-71103963baeb:192.168.151.127:35511, 937a7575-d737-483e-9c00-f1494ea9e9e0:192.168.151.127:39281], old=null
2019-10-11 00:22:19,049 [pool-403-thread-1] INFO  impl.RaftServerImpl (RaftServerImpl.java:setRole(170)) - 937a7575-d737-483e-9c00-f1494ea9e9e0@group-EF6DC9F62791: changes role from      null to FOLLOWER at term 0 for startAsFollower
2019-10-11 00:22:19,049 [pool-383-thread-1] INFO  impl.RaftServerImpl (RaftServerImpl.java:start(181)) - 0793576e-28bd-4bcf-9513-0e06c686edc0@group-EF6DC9F62791: start as a follower, conf=-1: [0793576e-28bd-4bcf-9513-0e06c686edc0:192.168.151.127:40641, fd83777f-1961-4155-b1e4-71103963baeb:192.168.151.127:35511, 937a7575-d737-483e-9c00-f1494ea9e9e0:192.168.151.127:39281], old=null
2019-10-11 00:22:19,049 [pool-403-thread-1] INFO  impl.RoleInfo (RoleInfo.java:updateAndGet(143)) - 937a7575-d737-483e-9c00-f1494ea9e9e0: start FollowerState
2019-10-11 00:22:19,050 [pool-383-thread-1] INFO  impl.RaftServerImpl (RaftServerImpl.java:setRole(170)) - 0793576e-28bd-4bcf-9513-0e06c686edc0@group-EF6DC9F62791: changes role from      null to FOLLOWER at term 0 for startAsFollower
2019-10-11 00:22:19,050 [pool-383-thread-1] INFO  impl.RoleInfo (RoleInfo.java:updateAndGet(143)) - 0793576e-28bd-4bcf-9513-0e06c686edc0: start FollowerState
2019-10-11 00:22:19,050 [pool-403-thread-1] INFO  util.JmxRegister (JmxRegister.java:tryRegister(44)) - Successfully registered JMX Bean with object name Ratis:service=RaftServer,group=group-EF6DC9F62791,id=937a7575-d737-483e-9c00-f1494ea9e9e0
2019-10-11 00:22:19,050 [pool-383-thread-1] INFO  util.JmxRegister (JmxRegister.java:tryRegister(44)) - Successfully registered JMX Bean with object name Ratis:service=RaftServer,group=group-EF6DC9F62791,id=0793576e-28bd-4bcf-9513-0e06c686edc0
2019-10-11 00:22:19,055 [RatisPipelineUtilsThread] INFO  pipeline.PipelineStateManager (PipelineStateManager.java:addPipeline(56)) - Created pipeline Pipeline[ Id: 4d6ac590-2e94-48a9-a1dd-ef6dc9f62791, Nodes: fd83777f-1961-4155-b1e4-71103963baeb{ip: 192.168.151.127, host: pr-hdds-2282-bvc4c-4177210905, networkLocation: /default-rack, certSerialId: null}937a7575-d737-483e-9c00-f1494ea9e9e0{ip: 192.168.151.127, host: pr-hdds-2282-bvc4c-4177210905, networkLocation: /default-rack, certSerialId: null}0793576e-28bd-4bcf-9513-0e06c686edc0{ip: 192.168.151.127, host: pr-hdds-2282-bvc4c-4177210905, networkLocation: /default-rack, certSerialId: null}, Type:RATIS, Factor:THREE, State:OPEN]
2019-10-11 00:22:19,102 [IPC Server handler 15 on 39177] INFO  net.NetworkTopology (NetworkTopologyImpl.java:add(111)) - Added a new node: /default-rack/c1838209-360b-4841-8618-0c5f17178436
2019-10-11 00:22:19,102 [IPC Server handler 15 on 39177] INFO  node.SCMNodeManager (SCMNodeManager.java:register(268)) - Registered Data node : c1838209-360b-4841-8618-0c5f17178436{ip: 192.168.151.127, host: pr-hdds-2282-bvc4c-4177210905, networkLocation: /default-rack, certSerialId: null}
2019-10-11 00:22:19,110 [grpc-default-executor-4] INFO  impl.RaftServerProxy (RaftServerProxy.java:addNew(89)) - c1838209-360b-4841-8618-0c5f17178436: addNew group-E5132A874C6B:[c1838209-360b-4841-8618-0c5f17178436:192.168.151.127:40228] returns group-E5132A874C6B:java.util.concurrent.CompletableFuture@6c65f21f[Not completed]
2019-10-11 00:22:19,114 [pool-423-thread-1] INFO  impl.RaftServerImpl (RaftServerImpl.java:<init>(95)) - c1838209-360b-4841-8618-0c5f17178436: new RaftServerImpl for group-E5132A874C6B:[c1838209-360b-4841-8618-0c5f17178436:192.168.151.127:40228] with ContainerStateMachine:uninitialized
2019-10-11 00:22:19,114 [pool-423-thread-1] INFO  server.RaftServerConfigKeys (ConfUtils.java:logGet(43)) - raft.server.rpc.timeout.min = 5s (custom)
2019-10-11 00:22:19,114 [pool-423-thread-1] INFO  server.RaftServerConfigKeys (ConfUtils.java:logGet(43)) - raft.server.rpc.timeout.max = 5200ms (custom)
2019-10-11 00:22:19,114 [pool-423-thread-1] INFO  server.RaftServerConfigKeys (ConfUtils.java:logGet(43)) - raft.server.rpcslowness.timeout = 120s (custom)
2019-10-11 00:22:19,114 [pool-423-thread-1] INFO  server.RaftServerConfigKeys (ConfUtils.java:logGet(43)) - raft.server.sleep.deviation.threshold = 300 (default)
2019-10-11 00:22:19,114 [pool-423-thread-1] INFO  server.RaftServerConfigKeys (ConfUtils.java:logGet(43)) - raft.server.log.appender.install.snapshot.enabled = false (custom)
2019-10-11 00:22:19,115 [pool-423-thread-1] INFO  impl.RaftServerImpl (ServerState.java:<init>(103)) - c1838209-360b-4841-8618-0c5f17178436@group-E5132A874C6B: ConfigurationManager, init=-1: [c1838209-360b-4841-8618-0c5f17178436:192.168.151.127:40228], old=null, confs=<EMPTY_MAP>
2019-10-11 00:22:19,115 [pool-423-thread-1] INFO  server.RaftServerConfigKeys (ConfUtils.java:logGet(43)) - raft.server.storage.dir = [/workdir/hadoop-ozone/integration-test/target/test-dir/MiniOzoneClusterImpl-87c1c27c-3391-4312-8e10-f972e80006e6/datanode-4/data/ratis] (custom)
2019-10-11 00:22:19,115 [pool-423-thread-1] INFO  server.RaftServerConfigKeys (ConfUtils.java:logGet(43)) - raft.server.log.corruption.policy = EXCEPTION (default)
2019-10-11 00:22:19,115 [pool-423-thread-1] INFO  storage.RaftStorageDirectory (RaftStorageDirectory.java:analyzeStorage(246)) - The storage directory /workdir/hadoop-ozone/integration-test/target/test-dir/MiniOzoneClusterImpl-87c1c27c-3391-4312-8e10-f972e80006e6/datanode-4/data/ratis/af62e8ae-8870-4b85-9a2f-e5132a874c6b does not exist. Creating ...
2019-10-11 00:22:19,128 [pool-423-thread-1] INFO  storage.RaftStorageDirectory (RaftStorageDirectory.java:tryLock(328)) - Lock on /workdir/hadoop-ozone/integration-test/target/test-dir/MiniOzoneClusterImpl-87c1c27c-3391-4312-8e10-f972e80006e6/datanode-4/data/ratis/af62e8ae-8870-4b85-9a2f-e5132a874c6b/in_use.lock acquired by nodename 21940@pr-hdds-2282-bvc4c-4177210905
2019-10-11 00:22:19,142 [pool-423-thread-1] INFO  storage.RaftStorage (RaftStorage.java:format(84)) - Storage directory /workdir/hadoop-ozone/integration-test/target/test-dir/MiniOzoneClusterImpl-87c1c27c-3391-4312-8e10-f972e80006e6/datanode-4/data/ratis/af62e8ae-8870-4b85-9a2f-e5132a874c6b has been successfully formatted.
2019-10-11 00:22:19,143 [pool-423-thread-1] INFO  ratis.ContainerStateMachine (ContainerStateMachine.java:loadSnapshot(231)) - group-E5132A874C6B: The snapshot info is null. Setting the last applied indexto:(t:0, i:~)
2019-10-11 00:22:19,143 [pool-423-thread-1] INFO  server.RaftServerConfigKeys (ConfUtils.java:logGet(43)) - raft.server.notification.no-leader.timeout = 120s (custom)
2019-10-11 00:22:19,143 [pool-423-thread-1] INFO  server.RaftServerConfigKeys (ConfUtils.java:logGet(43)) - raft.server.log.use.memory = false (default)
2019-10-11 00:22:19,143 [pool-423-thread-1] INFO  server.RaftServerConfigKeys (ConfUtils.java:logGet(43)) - raft.server.log.purge.gap = 1000000 (custom)
2019-10-11 00:22:19,143 [pool-423-thread-1] INFO  server.RaftServerConfigKeys (ConfUtils.java:logGet(43)) - raft.server.log.appender.buffer.byte-limit = 33554432 (custom)
2019-10-11 00:22:19,144 [pool-423-thread-1] INFO  server.RaftServerConfigKeys (ConfUtils.java:logGet(43)) - raft.server.log.segment.size.max = 1048576 (custom)
2019-10-11 00:22:19,145 [pool-423-thread-1] INFO  server.RaftServerConfigKeys (ConfUtils.java:logGet(43)) - raft.server.log.segment.cache.num.max = 2 (custom)
2019-10-11 00:22:19,145 [pool-423-thread-1] INFO  segmented.SegmentedRaftLogWorker (SegmentedRaftLogWorker.java:<init>(173)) - new c1838209-360b-4841-8618-0c5f17178436@group-E5132A874C6B-SegmentedRaftLogWorker for RaftStorage:Storage Directory /workdir/hadoop-ozone/integration-test/target/test-dir/MiniOzoneClusterImpl-87c1c27c-3391-4312-8e10-f972e80006e6/datanode-4/data/ratis/af62e8ae-8870-4b85-9a2f-e5132a874c6b
2019-10-11 00:22:19,146 [pool-423-thread-1] INFO  server.RaftServerConfigKeys (ConfUtils.java:logGet(43)) - raft.server.log.queue.byte-limit = 2147483647 (custom)
2019-10-11 00:22:19,146 [pool-423-thread-1] INFO  server.RaftServerConfigKeys (ConfUtils.java:logGet(43)) - raft.server.log.queue.element-limit = 1024 (custom)
2019-10-11 00:22:19,146 [pool-423-thread-1] INFO  server.RaftServerConfigKeys (ConfUtils.java:logGet(43)) - raft.server.log.segment.size.max = 1048576 (custom)
2019-10-11 00:22:19,146 [pool-423-thread-1] INFO  server.RaftServerConfigKeys (ConfUtils.java:logGet(43)) - raft.server.log.preallocated.size = 16384 (custom)
2019-10-11 00:22:19,146 [pool-423-thread-1] INFO  server.RaftServerConfigKeys (ConfUtils.java:logGet(43)) - raft.server.log.write.buffer.size = 33554432 (custom)
2019-10-11 00:22:19,146 [pool-423-thread-1] INFO  server.RaftServerConfigKeys (ConfUtils.java:logGet(43)) - raft.server.log.force.sync.num = 128 (default)
2019-10-11 00:22:19,146 [pool-423-thread-1] INFO  server.RaftServerConfigKeys (ConfUtils.java:logGet(43)) - raft.server.log.statemachine.data.sync = true (default)
2019-10-11 00:22:19,146 [pool-423-thread-1] INFO  server.RaftServerConfigKeys (ConfUtils.java:logGet(43)) - raft.server.log.statemachine.data.sync.timeout = 10s (default)
2019-10-11 00:22:19,147 [pool-423-thread-1] INFO  server.RaftServerConfigKeys (ConfUtils.java:logGet(43)) - raft.server.log.statemachine.data.sync.timeout.retry = -1 (default)
2019-10-11 00:22:19,147 [pool-423-thread-1] INFO  server.RaftServerConfigKeys (ConfUtils.java:logGet(43)) - raft.server.log.statemachine.data.caching.enabled = true (custom)
2019-10-11 00:22:19,147 [pool-423-thread-1] INFO  segmented.SegmentedRaftLogWorker (SegmentedRaftLogWorker.java:lambda$new$0(128)) - c1838209-360b-4841-8618-0c5f17178436@group-E5132A874C6B-SegmentedRaftLogWorker: flushIndex: setUnconditionally 0 -> -1
2019-10-11 00:22:19,148 [pool-423-thread-1] INFO  server.RaftServerConfigKeys (ConfUtils.java:logGet(43)) - raft.server.snapshot.auto.trigger.enabled = true (custom)
2019-10-11 00:22:19,148 [pool-423-thread-1] INFO  server.RaftServerConfigKeys (ConfUtils.java:logGet(43)) - raft.server.snapshot.auto.trigger.threshold = 10000 (custom)
2019-10-11 00:22:19,148 [pool-423-thread-1] INFO  server.RaftServerConfigKeys (ConfUtils.java:logGet(43)) - raft.server.snapshot.retention.file.num = 5 (custom)
2019-10-11 00:22:19,148 [pool-423-thread-1] INFO  server.RaftServerConfigKeys (ConfUtils.java:logGet(43)) - raft.server.retrycache.expirytime = 600000ms (custom)
2019-10-11 00:22:19,149 [pool-423-thread-1] INFO  impl.RaftServerImpl (RaftServerImpl.java:start(181)) - c1838209-360b-4841-8618-0c5f17178436@group-E5132A874C6B: start as a follower, conf=-1: [c1838209-360b-4841-8618-0c5f17178436:192.168.151.127:40228], old=null
2019-10-11 00:22:19,150 [pool-423-thread-1] INFO  impl.RaftServerImpl (RaftServerImpl.java:setRole(170)) - c1838209-360b-4841-8618-0c5f17178436@group-E5132A874C6B: changes role from      null to FOLLOWER at term 0 for startAsFollower
2019-10-11 00:22:19,150 [pool-423-thread-1] INFO  impl.RoleInfo (RoleInfo.java:updateAndGet(143)) - c1838209-360b-4841-8618-0c5f17178436: start FollowerState
2019-10-11 00:22:19,150 [pool-423-thread-1] INFO  util.JmxRegister (JmxRegister.java:tryRegister(44)) - Successfully registered JMX Bean with object name Ratis:service=RaftServer,group=group-E5132A874C6B,id=c1838209-360b-4841-8618-0c5f17178436
2019-10-11 00:22:19,154 [RatisPipelineUtilsThread] INFO  pipeline.PipelineStateManager (PipelineStateManager.java:addPipeline(56)) - Created pipeline Pipeline[ Id: af62e8ae-8870-4b85-9a2f-e5132a874c6b, Nodes: c1838209-360b-4841-8618-0c5f17178436{ip: 192.168.151.127, host: pr-hdds-2282-bvc4c-4177210905, networkLocation: /default-rack, certSerialId: null}, Type:RATIS, Factor:ONE, State:OPEN]
2019-10-11 00:22:19,160 [grpc-default-executor-4] INFO  impl.RaftServerProxy (RaftServerProxy.java:addNew(89)) - 2887dbf8-1d76-43bc-ba93-570f89f16d67: addNew group-1638DB1E5B1C:[2887dbf8-1d76-43bc-ba93-570f89f16d67:192.168.151.127:34310] returns group-1638DB1E5B1C:java.util.concurrent.CompletableFuture@345a36c0[Not completed]
2019-10-11 00:22:19,161 [pool-413-thread-1] INFO  impl.RaftServerImpl (RaftServerImpl.java:<init>(95)) - 2887dbf8-1d76-43bc-ba93-570f89f16d67: new RaftServerImpl for group-1638DB1E5B1C:[2887dbf8-1d76-43bc-ba93-570f89f16d67:192.168.151.127:34310] with ContainerStateMachine:uninitialized
2019-10-11 00:22:19,161 [pool-413-thread-1] INFO  server.RaftServerConfigKeys (ConfUtils.java:logGet(43)) - raft.server.rpc.timeout.min = 5s (custom)
2019-10-11 00:22:19,161 [pool-413-thread-1] INFO  server.RaftServerConfigKeys (ConfUtils.java:logGet(43)) - raft.server.rpc.timeout.max = 5200ms (custom)
2019-10-11 00:22:19,161 [pool-413-thread-1] INFO  server.RaftServerConfigKeys (ConfUtils.java:logGet(43)) - raft.server.rpcslowness.timeout = 120s (custom)
2019-10-11 00:22:19,161 [pool-413-thread-1] INFO  server.RaftServerConfigKeys (ConfUtils.java:logGet(43)) - raft.server.sleep.deviation.threshold = 300 (default)
2019-10-11 00:22:19,162 [pool-413-thread-1] INFO  server.RaftServerConfigKeys (ConfUtils.java:logGet(43)) - raft.server.log.appender.install.snapshot.enabled = false (custom)
2019-10-11 00:22:19,162 [pool-413-thread-1] INFO  impl.RaftServerImpl (ServerState.java:<init>(103)) - 2887dbf8-1d76-43bc-ba93-570f89f16d67@group-1638DB1E5B1C: ConfigurationManager, init=-1: [2887dbf8-1d76-43bc-ba93-570f89f16d67:192.168.151.127:34310], old=null, confs=<EMPTY_MAP>
2019-10-11 00:22:19,162 [pool-413-thread-1] INFO  server.RaftServerConfigKeys (ConfUtils.java:logGet(43)) - raft.server.storage.dir = [/workdir/hadoop-ozone/integration-test/target/test-dir/MiniOzoneClusterImpl-87c1c27c-3391-4312-8e10-f972e80006e6/datanode-3/data/ratis] (custom)
2019-10-11 00:22:19,162 [pool-413-thread-1] INFO  server.RaftServerConfigKeys (ConfUtils.java:logGet(43)) - raft.server.log.corruption.policy = EXCEPTION (default)
2019-10-11 00:22:19,162 [pool-413-thread-1] INFO  storage.RaftStorageDirectory (RaftStorageDirectory.java:analyzeStorage(246)) - The storage directory /workdir/hadoop-ozone/integration-test/target/test-dir/MiniOzoneClusterImpl-87c1c27c-3391-4312-8e10-f972e80006e6/datanode-3/data/ratis/b9b12c25-dcb8-43ee-8169-1638db1e5b1c does not exist. Creating ...
2019-10-11 00:22:19,166 [IPC Server handler 0 on 39177] INFO  net.NetworkTopology (NetworkTopologyImpl.java:add(111)) - Added a new node: /default-rack/be43c5d1-212d-41ca-bfee-8d24915094ea
2019-10-11 00:22:19,166 [IPC Server handler 0 on 39177] INFO  node.SCMNodeManager (SCMNodeManager.java:register(268)) - Registered Data node : be43c5d1-212d-41ca-bfee-8d24915094ea{ip: 192.168.151.127, host: pr-hdds-2282-bvc4c-4177210905, networkLocation: /default-rack, certSerialId: null}
2019-10-11 00:22:19,175 [pool-413-thread-1] INFO  storage.RaftStorageDirectory (RaftStorageDirectory.java:tryLock(328)) - Lock on /workdir/hadoop-ozone/integration-test/target/test-dir/MiniOzoneClusterImpl-87c1c27c-3391-4312-8e10-f972e80006e6/datanode-3/data/ratis/b9b12c25-dcb8-43ee-8169-1638db1e5b1c/in_use.lock acquired by nodename 21940@pr-hdds-2282-bvc4c-4177210905
2019-10-11 00:22:19,188 [pool-413-thread-1] INFO  storage.RaftStorage (RaftStorage.java:format(84)) - Storage directory /workdir/hadoop-ozone/integration-test/target/test-dir/MiniOzoneClusterImpl-87c1c27c-3391-4312-8e10-f972e80006e6/datanode-3/data/ratis/b9b12c25-dcb8-43ee-8169-1638db1e5b1c has been successfully formatted.
2019-10-11 00:22:19,188 [pool-413-thread-1] INFO  ratis.ContainerStateMachine (ContainerStateMachine.java:loadSnapshot(231)) - group-1638DB1E5B1C: The snapshot info is null. Setting the last applied indexto:(t:0, i:~)
2019-10-11 00:22:19,188 [pool-413-thread-1] INFO  server.RaftServerConfigKeys (ConfUtils.java:logGet(43)) - raft.server.notification.no-leader.timeout = 120s (custom)
2019-10-11 00:22:19,188 [pool-413-thread-1] INFO  server.RaftServerConfigKeys (ConfUtils.java:logGet(43)) - raft.server.log.use.memory = false (default)
2019-10-11 00:22:19,188 [pool-413-thread-1] INFO  server.RaftServerConfigKeys (ConfUtils.java:logGet(43)) - raft.server.log.purge.gap = 1000000 (custom)
2019-10-11 00:22:19,188 [pool-413-thread-1] INFO  server.RaftServerConfigKeys (ConfUtils.java:logGet(43)) - raft.server.log.appender.buffer.byte-limit = 33554432 (custom)
2019-10-11 00:22:19,189 [pool-413-thread-1] INFO  server.RaftServerConfigKeys (ConfUtils.java:logGet(43)) - raft.server.log.segment.size.max = 1048576 (custom)
2019-10-11 00:22:19,190 [pool-413-thread-1] INFO  server.RaftServerConfigKeys (ConfUtils.java:logGet(43)) - raft.server.log.segment.cache.num.max = 2 (custom)
2019-10-11 00:22:19,190 [pool-413-thread-1] INFO  segmented.SegmentedRaftLogWorker (SegmentedRaftLogWorker.java:<init>(173)) - new 2887dbf8-1d76-43bc-ba93-570f89f16d67@group-1638DB1E5B1C-SegmentedRaftLogWorker for RaftStorage:Storage Directory /workdir/hadoop-ozone/integration-test/target/test-dir/MiniOzoneClusterImpl-87c1c27c-3391-4312-8e10-f972e80006e6/datanode-3/data/ratis/b9b12c25-dcb8-43ee-8169-1638db1e5b1c
2019-10-11 00:22:19,190 [pool-413-thread-1] INFO  server.RaftServerConfigKeys (ConfUtils.java:logGet(43)) - raft.server.log.queue.byte-limit = 2147483647 (custom)
2019-10-11 00:22:19,190 [pool-413-thread-1] INFO  server.RaftServerConfigKeys (ConfUtils.java:logGet(43)) - raft.server.log.queue.element-limit = 1024 (custom)
2019-10-11 00:22:19,190 [pool-413-thread-1] INFO  server.RaftServerConfigKeys (ConfUtils.java:logGet(43)) - raft.server.log.segment.size.max = 1048576 (custom)
2019-10-11 00:22:19,190 [pool-413-thread-1] INFO  server.RaftServerConfigKeys (ConfUtils.java:logGet(43)) - raft.server.log.preallocated.size = 16384 (custom)
2019-10-11 00:22:19,191 [pool-413-thread-1] INFO  server.RaftServerConfigKeys (ConfUtils.java:logGet(43)) - raft.server.log.write.buffer.size = 33554432 (custom)
2019-10-11 00:22:19,191 [pool-413-thread-1] INFO  server.RaftServerConfigKeys (ConfUtils.java:logGet(43)) - raft.server.log.force.sync.num = 128 (default)
2019-10-11 00:22:19,191 [pool-413-thread-1] INFO  server.RaftServerConfigKeys (ConfUtils.java:logGet(43)) - raft.server.log.statemachine.data.sync = true (default)
2019-10-11 00:22:19,191 [pool-413-thread-1] INFO  server.RaftServerConfigKeys (ConfUtils.java:logGet(43)) - raft.server.log.statemachine.data.sync.timeout = 10s (default)
2019-10-11 00:22:19,191 [pool-413-thread-1] INFO  server.RaftServerConfigKeys (ConfUtils.java:logGet(43)) - raft.server.log.statemachine.data.sync.timeout.retry = -1 (default)
2019-10-11 00:22:19,191 [pool-413-thread-1] INFO  server.RaftServerConfigKeys (ConfUtils.java:logGet(43)) - raft.server.log.statemachine.data.caching.enabled = true (custom)
2019-10-11 00:22:19,192 [pool-413-thread-1] INFO  segmented.SegmentedRaftLogWorker (SegmentedRaftLogWorker.java:lambda$new$0(128)) - 2887dbf8-1d76-43bc-ba93-570f89f16d67@group-1638DB1E5B1C-SegmentedRaftLogWorker: flushIndex: setUnconditionally 0 -> -1
2019-10-11 00:22:19,192 [pool-413-thread-1] INFO  server.RaftServerConfigKeys (ConfUtils.java:logGet(43)) - raft.server.snapshot.auto.trigger.enabled = true (custom)
2019-10-11 00:22:19,192 [pool-413-thread-1] INFO  server.RaftServerConfigKeys (ConfUtils.java:logGet(43)) - raft.server.snapshot.auto.trigger.threshold = 10000 (custom)
2019-10-11 00:22:19,192 [pool-413-thread-1] INFO  server.RaftServerConfigKeys (ConfUtils.java:logGet(43)) - raft.server.snapshot.retention.file.num = 5 (custom)
2019-10-11 00:22:19,192 [pool-413-thread-1] INFO  server.RaftServerConfigKeys (ConfUtils.java:logGet(43)) - raft.server.retrycache.expirytime = 600000ms (custom)
2019-10-11 00:22:19,193 [pool-413-thread-1] INFO  impl.RaftServerImpl (RaftServerImpl.java:start(181)) - 2887dbf8-1d76-43bc-ba93-570f89f16d67@group-1638DB1E5B1C: start as a follower, conf=-1: [2887dbf8-1d76-43bc-ba93-570f89f16d67:192.168.151.127:34310], old=null
2019-10-11 00:22:19,193 [pool-413-thread-1] INFO  impl.RaftServerImpl (RaftServerImpl.java:setRole(170)) - 2887dbf8-1d76-43bc-ba93-570f89f16d67@group-1638DB1E5B1C: changes role from      null to FOLLOWER at term 0 for startAsFollower
2019-10-11 00:22:19,194 [pool-413-thread-1] INFO  impl.RoleInfo (RoleInfo.java:updateAndGet(143)) - 2887dbf8-1d76-43bc-ba93-570f89f16d67: start FollowerState
2019-10-11 00:22:19,194 [pool-413-thread-1] INFO  util.JmxRegister (JmxRegister.java:tryRegister(44)) - Successfully registered JMX Bean with object name Ratis:service=RaftServer,group=group-1638DB1E5B1C,id=2887dbf8-1d76-43bc-ba93-570f89f16d67
2019-10-11 00:22:19,197 [RatisPipelineUtilsThread] INFO  pipeline.PipelineStateManager (PipelineStateManager.java:addPipeline(56)) - Created pipeline Pipeline[ Id: b9b12c25-dcb8-43ee-8169-1638db1e5b1c, Nodes: 2887dbf8-1d76-43bc-ba93-570f89f16d67{ip: 192.168.151.127, host: pr-hdds-2282-bvc4c-4177210905, networkLocation: /default-rack, certSerialId: null}, Type:RATIS, Factor:ONE, State:OPEN]
2019-10-11 00:22:19,206 [grpc-default-executor-4] INFO  impl.RaftServerProxy (RaftServerProxy.java:addNew(89)) - be43c5d1-212d-41ca-bfee-8d24915094ea: addNew group-34AAF9DF841E:[be43c5d1-212d-41ca-bfee-8d24915094ea:192.168.151.127:46280] returns group-34AAF9DF841E:java.util.concurrent.CompletableFuture@26fcba28[Not completed]
2019-10-11 00:22:19,207 [pool-433-thread-1] INFO  impl.RaftServerImpl (RaftServerImpl.java:<init>(95)) - be43c5d1-212d-41ca-bfee-8d24915094ea: new RaftServerImpl for group-34AAF9DF841E:[be43c5d1-212d-41ca-bfee-8d24915094ea:192.168.151.127:46280] with ContainerStateMachine:uninitialized
2019-10-11 00:22:19,207 [pool-433-thread-1] INFO  server.RaftServerConfigKeys (ConfUtils.java:logGet(43)) - raft.server.rpc.timeout.min = 5s (custom)
2019-10-11 00:22:19,207 [pool-433-thread-1] INFO  server.RaftServerConfigKeys (ConfUtils.java:logGet(43)) - raft.server.rpc.timeout.max = 5200ms (custom)
2019-10-11 00:22:19,207 [pool-433-thread-1] INFO  server.RaftServerConfigKeys (ConfUtils.java:logGet(43)) - raft.server.rpcslowness.timeout = 120s (custom)
2019-10-11 00:22:19,207 [pool-433-thread-1] INFO  server.RaftServerConfigKeys (ConfUtils.java:logGet(43)) - raft.server.sleep.deviation.threshold = 300 (default)
2019-10-11 00:22:19,207 [pool-433-thread-1] INFO  server.RaftServerConfigKeys (ConfUtils.java:logGet(43)) - raft.server.log.appender.install.snapshot.enabled = false (custom)
2019-10-11 00:22:19,208 [pool-433-thread-1] INFO  impl.RaftServerImpl (ServerState.java:<init>(103)) - be43c5d1-212d-41ca-bfee-8d24915094ea@group-34AAF9DF841E: ConfigurationManager, init=-1: [be43c5d1-212d-41ca-bfee-8d24915094ea:192.168.151.127:46280], old=null, confs=<EMPTY_MAP>
2019-10-11 00:22:19,208 [pool-433-thread-1] INFO  server.RaftServerConfigKeys (ConfUtils.java:logGet(43)) - raft.server.storage.dir = [/workdir/hadoop-ozone/integration-test/target/test-dir/MiniOzoneClusterImpl-87c1c27c-3391-4312-8e10-f972e80006e6/datanode-5/data/ratis] (custom)
2019-10-11 00:22:19,208 [pool-433-thread-1] INFO  server.RaftServerConfigKeys (ConfUtils.java:logGet(43)) - raft.server.log.corruption.policy = EXCEPTION (default)
2019-10-11 00:22:19,208 [pool-433-thread-1] INFO  storage.RaftStorageDirectory (RaftStorageDirectory.java:analyzeStorage(246)) - The storage directory /workdir/hadoop-ozone/integration-test/target/test-dir/MiniOzoneClusterImpl-87c1c27c-3391-4312-8e10-f972e80006e6/datanode-5/data/ratis/6d281798-d83e-454a-8162-34aaf9df841e does not exist. Creating ...
2019-10-11 00:22:19,222 [pool-433-thread-1] INFO  storage.RaftStorageDirectory (RaftStorageDirectory.java:tryLock(328)) - Lock on /workdir/hadoop-ozone/integration-test/target/test-dir/MiniOzoneClusterImpl-87c1c27c-3391-4312-8e10-f972e80006e6/datanode-5/data/ratis/6d281798-d83e-454a-8162-34aaf9df841e/in_use.lock acquired by nodename 21940@pr-hdds-2282-bvc4c-4177210905
2019-10-11 00:22:19,228 [IPC Server handler 3 on 39177] INFO  net.NetworkTopology (NetworkTopologyImpl.java:add(111)) - Added a new node: /default-rack/ce8a7fbe-39cb-476e-badb-fba99f4eb6ca
2019-10-11 00:22:19,228 [IPC Server handler 3 on 39177] INFO  node.SCMNodeManager (SCMNodeManager.java:register(268)) - Registered Data node : ce8a7fbe-39cb-476e-badb-fba99f4eb6ca{ip: 192.168.151.127, host: pr-hdds-2282-bvc4c-4177210905, networkLocation: /default-rack, certSerialId: null}
2019-10-11 00:22:19,228 [main] INFO  ozone.MiniOzoneClusterImpl (MiniOzoneClusterImpl.java:lambda$waitForClusterToBeReady$0(147)) - Cluster is ready. Got 7 of 7 DN Heartbeats.
2019-10-11 00:22:19,235 [pool-433-thread-1] INFO  storage.RaftStorage (RaftStorage.java:format(84)) - Storage directory /workdir/hadoop-ozone/integration-test/target/test-dir/MiniOzoneClusterImpl-87c1c27c-3391-4312-8e10-f972e80006e6/datanode-5/data/ratis/6d281798-d83e-454a-8162-34aaf9df841e has been successfully formatted.
2019-10-11 00:22:19,238 [pool-433-thread-1] INFO  ratis.ContainerStateMachine (ContainerStateMachine.java:loadSnapshot(231)) - group-34AAF9DF841E: The snapshot info is null. Setting the last applied indexto:(t:0, i:~)
2019-10-11 00:22:19,238 [pool-433-thread-1] INFO  server.RaftServerConfigKeys (ConfUtils.java:logGet(43)) - raft.server.notification.no-leader.timeout = 120s (custom)
2019-10-11 00:22:19,239 [pool-433-thread-1] INFO  server.RaftServerConfigKeys (ConfUtils.java:logGet(43)) - raft.server.log.use.memory = false (default)
2019-10-11 00:22:19,239 [pool-433-thread-1] INFO  server.RaftServerConfigKeys (ConfUtils.java:logGet(43)) - raft.server.log.purge.gap = 1000000 (custom)
2019-10-11 00:22:19,239 [pool-433-thread-1] INFO  server.RaftServerConfigKeys (ConfUtils.java:logGet(43)) - raft.server.log.appender.buffer.byte-limit = 33554432 (custom)
2019-10-11 00:22:19,239 [pool-433-thread-1] INFO  server.RaftServerConfigKeys (ConfUtils.java:logGet(43)) - raft.server.log.segment.size.max = 1048576 (custom)
2019-10-11 00:22:19,241 [pool-433-thread-1] INFO  server.RaftServerConfigKeys (ConfUtils.java:logGet(43)) - raft.server.log.segment.cache.num.max = 2 (custom)
2019-10-11 00:22:19,241 [pool-433-thread-1] INFO  segmented.SegmentedRaftLogWorker (SegmentedRaftLogWorker.java:<init>(173)) - new be43c5d1-212d-41ca-bfee-8d24915094ea@group-34AAF9DF841E-SegmentedRaftLogWorker for RaftStorage:Storage Directory /workdir/hadoop-ozone/integration-test/target/test-dir/MiniOzoneClusterImpl-87c1c27c-3391-4312-8e10-f972e80006e6/datanode-5/data/ratis/6d281798-d83e-454a-8162-34aaf9df841e
2019-10-11 00:22:19,241 [pool-433-thread-1] INFO  server.RaftServerConfigKeys (ConfUtils.java:logGet(43)) - raft.server.log.queue.byte-limit = 2147483647 (custom)
2019-10-11 00:22:19,244 [pool-433-thread-1] INFO  server.RaftServerConfigKeys (ConfUtils.java:logGet(43)) - raft.server.log.queue.element-limit = 1024 (custom)
2019-10-11 00:22:19,244 [pool-433-thread-1] INFO  server.RaftServerConfigKeys (ConfUtils.java:logGet(43)) - raft.server.log.segment.size.max = 1048576 (custom)
2019-10-11 00:22:19,244 [pool-433-thread-1] INFO  server.RaftServerConfigKeys (ConfUtils.java:logGet(43)) - raft.server.log.preallocated.size = 16384 (custom)
2019-10-11 00:22:19,244 [pool-433-thread-1] INFO  server.RaftServerConfigKeys (ConfUtils.java:logGet(43)) - raft.server.log.write.buffer.size = 33554432 (custom)
2019-10-11 00:22:19,244 [pool-433-thread-1] INFO  server.RaftServerConfigKeys (ConfUtils.java:logGet(43)) - raft.server.log.force.sync.num = 128 (default)
2019-10-11 00:22:19,244 [pool-433-thread-1] INFO  server.RaftServerConfigKeys (ConfUtils.java:logGet(43)) - raft.server.log.statemachine.data.sync = true (default)
2019-10-11 00:22:19,244 [pool-433-thread-1] INFO  server.RaftServerConfigKeys (ConfUtils.java:logGet(43)) - raft.server.log.statemachine.data.sync.timeout = 10s (default)
2019-10-11 00:22:19,250 [pool-433-thread-1] INFO  server.RaftServerConfigKeys (ConfUtils.java:logGet(43)) - raft.server.log.statemachine.data.sync.timeout.retry = -1 (default)
2019-10-11 00:22:19,260 [pool-433-thread-1] INFO  server.RaftServerConfigKeys (ConfUtils.java:logGet(43)) - raft.server.log.statemachine.data.caching.enabled = true (custom)
2019-10-11 00:22:19,260 [pool-433-thread-1] INFO  segmented.SegmentedRaftLogWorker (SegmentedRaftLogWorker.java:lambda$new$0(128)) - be43c5d1-212d-41ca-bfee-8d24915094ea@group-34AAF9DF841E-SegmentedRaftLogWorker: flushIndex: setUnconditionally 0 -> -1
2019-10-11 00:22:19,265 [pool-433-thread-1] INFO  server.RaftServerConfigKeys (ConfUtils.java:logGet(43)) - raft.server.snapshot.auto.trigger.enabled = true (custom)
2019-10-11 00:22:19,265 [pool-433-thread-1] INFO  server.RaftServerConfigKeys (ConfUtils.java:logGet(43)) - raft.server.snapshot.auto.trigger.threshold = 10000 (custom)
2019-10-11 00:22:19,265 [pool-433-thread-1] INFO  server.RaftServerConfigKeys (ConfUtils.java:logGet(43)) - raft.server.snapshot.retention.file.num = 5 (custom)
2019-10-11 00:22:19,265 [pool-433-thread-1] INFO  server.RaftServerConfigKeys (ConfUtils.java:logGet(43)) - raft.server.retrycache.expirytime = 600000ms (custom)
2019-10-11 00:22:19,269 [pool-433-thread-1] INFO  impl.RaftServerImpl (RaftServerImpl.java:start(181)) - be43c5d1-212d-41ca-bfee-8d24915094ea@group-34AAF9DF841E: start as a follower, conf=-1: [be43c5d1-212d-41ca-bfee-8d24915094ea:192.168.151.127:46280], old=null
2019-10-11 00:22:19,269 [pool-433-thread-1] INFO  impl.RaftServerImpl (RaftServerImpl.java:setRole(170)) - be43c5d1-212d-41ca-bfee-8d24915094ea@group-34AAF9DF841E: changes role from      null to FOLLOWER at term 0 for startAsFollower
2019-10-11 00:22:19,269 [pool-433-thread-1] INFO  impl.RoleInfo (RoleInfo.java:updateAndGet(143)) - be43c5d1-212d-41ca-bfee-8d24915094ea: start FollowerState
2019-10-11 00:22:19,274 [pool-433-thread-1] INFO  util.JmxRegister (JmxRegister.java:tryRegister(44)) - Successfully registered JMX Bean with object name Ratis:service=RaftServer,group=group-34AAF9DF841E,id=be43c5d1-212d-41ca-bfee-8d24915094ea
2019-10-11 00:22:19,276 [main] INFO  rpc.RpcClient (RpcClient.java:createVolume(277)) - Creating Volume: watchforcommithandlingtest, with jenkins1000 as owner.
2019-10-11 00:22:19,278 [RatisPipelineUtilsThread] INFO  pipeline.PipelineStateManager (PipelineStateManager.java:addPipeline(56)) - Created pipeline Pipeline[ Id: 6d281798-d83e-454a-8162-34aaf9df841e, Nodes: be43c5d1-212d-41ca-bfee-8d24915094ea{ip: 192.168.151.127, host: pr-hdds-2282-bvc4c-4177210905, networkLocation: /default-rack, certSerialId: null}, Type:RATIS, Factor:ONE, State:OPEN]
2019-10-11 00:22:19,280 [IPC Server handler 0 on 40320] INFO  volume.OMVolumeCreateRequest (OMVolumeCreateRequest.java:validateAndUpdateCache(193)) - created volume:watchforcommithandlingtest for user:jenkins1000
2019-10-11 00:22:19,285 [grpc-default-executor-4] INFO  impl.RaftServerProxy (RaftServerProxy.java:addNew(89)) - ce8a7fbe-39cb-476e-badb-fba99f4eb6ca: addNew group-AC2BC2EDBAB9:[ce8a7fbe-39cb-476e-badb-fba99f4eb6ca:192.168.151.127:39771] returns group-AC2BC2EDBAB9:java.util.concurrent.CompletableFuture@39857c43[Not completed]
2019-10-11 00:22:19,288 [pool-443-thread-1] INFO  impl.RaftServerImpl (RaftServerImpl.java:<init>(95)) - ce8a7fbe-39cb-476e-badb-fba99f4eb6ca: new RaftServerImpl for group-AC2BC2EDBAB9:[ce8a7fbe-39cb-476e-badb-fba99f4eb6ca:192.168.151.127:39771] with ContainerStateMachine:uninitialized
2019-10-11 00:22:19,288 [pool-443-thread-1] INFO  server.RaftServerConfigKeys (ConfUtils.java:logGet(43)) - raft.server.rpc.timeout.min = 5s (custom)
2019-10-11 00:22:19,288 [pool-443-thread-1] INFO  server.RaftServerConfigKeys (ConfUtils.java:logGet(43)) - raft.server.rpc.timeout.max = 5200ms (custom)
2019-10-11 00:22:19,288 [pool-443-thread-1] INFO  server.RaftServerConfigKeys (ConfUtils.java:logGet(43)) - raft.server.rpcslowness.timeout = 120s (custom)
2019-10-11 00:22:19,289 [pool-443-thread-1] INFO  server.RaftServerConfigKeys (ConfUtils.java:logGet(43)) - raft.server.sleep.deviation.threshold = 300 (default)
2019-10-11 00:22:19,296 [pool-443-thread-1] INFO  server.RaftServerConfigKeys (ConfUtils.java:logGet(43)) - raft.server.log.appender.install.snapshot.enabled = false (custom)
2019-10-11 00:22:19,296 [pool-443-thread-1] INFO  impl.RaftServerImpl (ServerState.java:<init>(103)) - ce8a7fbe-39cb-476e-badb-fba99f4eb6ca@group-AC2BC2EDBAB9: ConfigurationManager, init=-1: [ce8a7fbe-39cb-476e-badb-fba99f4eb6ca:192.168.151.127:39771], old=null, confs=<EMPTY_MAP>
2019-10-11 00:22:19,296 [pool-443-thread-1] INFO  server.RaftServerConfigKeys (ConfUtils.java:logGet(43)) - raft.server.storage.dir = [/workdir/hadoop-ozone/integration-test/target/test-dir/MiniOzoneClusterImpl-87c1c27c-3391-4312-8e10-f972e80006e6/datanode-6/data/ratis] (custom)
2019-10-11 00:22:19,296 [main] INFO  rpc.RpcClient (RpcClient.java:createBucket(416)) - Creating Bucket: watchforcommithandlingtest/watchforcommithandlingtest, with Versioning false and Storage Type set to DISK and Encryption set to false 
2019-10-11 00:22:19,296 [pool-443-thread-1] INFO  server.RaftServerConfigKeys (ConfUtils.java:logGet(43)) - raft.server.log.corruption.policy = EXCEPTION (default)
2019-10-11 00:22:19,297 [pool-443-thread-1] INFO  storage.RaftStorageDirectory (RaftStorageDirectory.java:analyzeStorage(246)) - The storage directory /workdir/hadoop-ozone/integration-test/target/test-dir/MiniOzoneClusterImpl-87c1c27c-3391-4312-8e10-f972e80006e6/datanode-6/data/ratis/c2b3e46b-8903-4461-b34e-ac2bc2edbab9 does not exist. Creating ...
2019-10-11 00:22:19,301 [main] INFO  ozone.MiniOzoneClusterImpl (MiniOzoneClusterImpl.java:getStorageContainerLocationClient(234)) - Creating StorageContainerLocationProtocol RPC client with address /0.0.0.0:46177
2019-10-11 00:22:19,309 [pool-443-thread-1] INFO  storage.RaftStorageDirectory (RaftStorageDirectory.java:tryLock(328)) - Lock on /workdir/hadoop-ozone/integration-test/target/test-dir/MiniOzoneClusterImpl-87c1c27c-3391-4312-8e10-f972e80006e6/datanode-6/data/ratis/c2b3e46b-8903-4461-b34e-ac2bc2edbab9/in_use.lock acquired by nodename 21940@pr-hdds-2282-bvc4c-4177210905
2019-10-11 00:22:19,322 [pool-443-thread-1] INFO  storage.RaftStorage (RaftStorage.java:format(84)) - Storage directory /workdir/hadoop-ozone/integration-test/target/test-dir/MiniOzoneClusterImpl-87c1c27c-3391-4312-8e10-f972e80006e6/datanode-6/data/ratis/c2b3e46b-8903-4461-b34e-ac2bc2edbab9 has been successfully formatted.
2019-10-11 00:22:19,322 [pool-443-thread-1] INFO  ratis.ContainerStateMachine (ContainerStateMachine.java:loadSnapshot(231)) - group-AC2BC2EDBAB9: The snapshot info is null. Setting the last applied indexto:(t:0, i:~)
2019-10-11 00:22:19,322 [pool-443-thread-1] INFO  server.RaftServerConfigKeys (ConfUtils.java:logGet(43)) - raft.server.notification.no-leader.timeout = 120s (custom)
2019-10-11 00:22:19,322 [pool-443-thread-1] INFO  server.RaftServerConfigKeys (ConfUtils.java:logGet(43)) - raft.server.log.use.memory = false (default)
2019-10-11 00:22:19,322 [pool-443-thread-1] INFO  server.RaftServerConfigKeys (ConfUtils.java:logGet(43)) - raft.server.log.purge.gap = 1000000 (custom)
2019-10-11 00:22:19,323 [pool-443-thread-1] INFO  server.RaftServerConfigKeys (ConfUtils.java:logGet(43)) - raft.server.log.appender.buffer.byte-limit = 33554432 (custom)
2019-10-11 00:22:19,323 [pool-443-thread-1] INFO  server.RaftServerConfigKeys (ConfUtils.java:logGet(43)) - raft.server.log.segment.size.max = 1048576 (custom)
2019-10-11 00:22:19,324 [pool-443-thread-1] INFO  server.RaftServerConfigKeys (ConfUtils.java:logGet(43)) - raft.server.log.segment.cache.num.max = 2 (custom)
2019-10-11 00:22:19,324 [pool-443-thread-1] INFO  segmented.SegmentedRaftLogWorker (SegmentedRaftLogWorker.java:<init>(173)) - new ce8a7fbe-39cb-476e-badb-fba99f4eb6ca@group-AC2BC2EDBAB9-SegmentedRaftLogWorker for RaftStorage:Storage Directory /workdir/hadoop-ozone/integration-test/target/test-dir/MiniOzoneClusterImpl-87c1c27c-3391-4312-8e10-f972e80006e6/datanode-6/data/ratis/c2b3e46b-8903-4461-b34e-ac2bc2edbab9
2019-10-11 00:22:19,324 [pool-443-thread-1] INFO  server.RaftServerConfigKeys (ConfUtils.java:logGet(43)) - raft.server.log.queue.byte-limit = 2147483647 (custom)
2019-10-11 00:22:19,324 [pool-443-thread-1] INFO  server.RaftServerConfigKeys (ConfUtils.java:logGet(43)) - raft.server.log.queue.element-limit = 1024 (custom)
2019-10-11 00:22:19,324 [pool-443-thread-1] INFO  server.RaftServerConfigKeys (ConfUtils.java:logGet(43)) - raft.server.log.segment.size.max = 1048576 (custom)
2019-10-11 00:22:19,325 [pool-443-thread-1] INFO  server.RaftServerConfigKeys (ConfUtils.java:logGet(43)) - raft.server.log.preallocated.size = 16384 (custom)
2019-10-11 00:22:19,325 [pool-443-thread-1] INFO  server.RaftServerConfigKeys (ConfUtils.java:logGet(43)) - raft.server.log.write.buffer.size = 33554432 (custom)
2019-10-11 00:22:19,325 [pool-443-thread-1] INFO  server.RaftServerConfigKeys (ConfUtils.java:logGet(43)) - raft.server.log.force.sync.num = 128 (default)
2019-10-11 00:22:19,325 [pool-443-thread-1] INFO  server.RaftServerConfigKeys (ConfUtils.java:logGet(43)) - raft.server.log.statemachine.data.sync = true (default)
2019-10-11 00:22:19,325 [pool-443-thread-1] INFO  server.RaftServerConfigKeys (ConfUtils.java:logGet(43)) - raft.server.log.statemachine.data.sync.timeout = 10s (default)
2019-10-11 00:22:19,325 [pool-443-thread-1] INFO  server.RaftServerConfigKeys (ConfUtils.java:logGet(43)) - raft.server.log.statemachine.data.sync.timeout.retry = -1 (default)
2019-10-11 00:22:19,325 [pool-443-thread-1] INFO  server.RaftServerConfigKeys (ConfUtils.java:logGet(43)) - raft.server.log.statemachine.data.caching.enabled = true (custom)
2019-10-11 00:22:19,326 [pool-443-thread-1] INFO  segmented.SegmentedRaftLogWorker (SegmentedRaftLogWorker.java:lambda$new$0(128)) - ce8a7fbe-39cb-476e-badb-fba99f4eb6ca@group-AC2BC2EDBAB9-SegmentedRaftLogWorker: flushIndex: setUnconditionally 0 -> -1
2019-10-11 00:22:19,326 [pool-443-thread-1] INFO  server.RaftServerConfigKeys (ConfUtils.java:logGet(43)) - raft.server.snapshot.auto.trigger.enabled = true (custom)
2019-10-11 00:22:19,326 [pool-443-thread-1] INFO  server.RaftServerConfigKeys (ConfUtils.java:logGet(43)) - raft.server.snapshot.auto.trigger.threshold = 10000 (custom)
2019-10-11 00:22:19,326 [pool-443-thread-1] INFO  server.RaftServerConfigKeys (ConfUtils.java:logGet(43)) - raft.server.snapshot.retention.file.num = 5 (custom)
2019-10-11 00:22:19,326 [pool-443-thread-1] INFO  server.RaftServerConfigKeys (ConfUtils.java:logGet(43)) - raft.server.retrycache.expirytime = 600000ms (custom)
2019-10-11 00:22:19,328 [pool-443-thread-1] INFO  impl.RaftServerImpl (RaftServerImpl.java:start(181)) - ce8a7fbe-39cb-476e-badb-fba99f4eb6ca@group-AC2BC2EDBAB9: start as a follower, conf=-1: [ce8a7fbe-39cb-476e-badb-fba99f4eb6ca:192.168.151.127:39771], old=null
2019-10-11 00:22:19,328 [pool-443-thread-1] INFO  impl.RaftServerImpl (RaftServerImpl.java:setRole(170)) - ce8a7fbe-39cb-476e-badb-fba99f4eb6ca@group-AC2BC2EDBAB9: changes role from      null to FOLLOWER at term 0 for startAsFollower
2019-10-11 00:22:19,328 [pool-443-thread-1] INFO  impl.RoleInfo (RoleInfo.java:updateAndGet(143)) - ce8a7fbe-39cb-476e-badb-fba99f4eb6ca: start FollowerState
2019-10-11 00:22:19,328 [pool-443-thread-1] INFO  util.JmxRegister (JmxRegister.java:tryRegister(44)) - Successfully registered JMX Bean with object name Ratis:service=RaftServer,group=group-AC2BC2EDBAB9,id=ce8a7fbe-39cb-476e-badb-fba99f4eb6ca
2019-10-11 00:22:19,331 [RatisPipelineUtilsThread] INFO  pipeline.PipelineStateManager (PipelineStateManager.java:addPipeline(56)) - Created pipeline Pipeline[ Id: c2b3e46b-8903-4461-b34e-ac2bc2edbab9, Nodes: ce8a7fbe-39cb-476e-badb-fba99f4eb6ca{ip: 192.168.151.127, host: pr-hdds-2282-bvc4c-4177210905, networkLocation: /default-rack, certSerialId: null}, Type:RATIS, Factor:ONE, State:OPEN]
2019-10-11 00:22:19,346 [grpc-default-executor-3] INFO  impl.RaftServerProxy (RaftServerProxy.java:addNew(89)) - c1838209-360b-4841-8618-0c5f17178436: addNew group-0FE1715A2167:[be43c5d1-212d-41ca-bfee-8d24915094ea:192.168.151.127:46280, c1838209-360b-4841-8618-0c5f17178436:192.168.151.127:40228, ce8a7fbe-39cb-476e-badb-fba99f4eb6ca:192.168.151.127:39771] returns group-0FE1715A2167:java.util.concurrent.CompletableFuture@7c3ac076[Not completed]
2019-10-11 00:22:19,346 [grpc-default-executor-1] INFO  impl.RaftServerProxy (RaftServerProxy.java:addNew(89)) - ce8a7fbe-39cb-476e-badb-fba99f4eb6ca: addNew group-0FE1715A2167:[be43c5d1-212d-41ca-bfee-8d24915094ea:192.168.151.127:46280, c1838209-360b-4841-8618-0c5f17178436:192.168.151.127:40228, ce8a7fbe-39cb-476e-badb-fba99f4eb6ca:192.168.151.127:39771] returns group-0FE1715A2167:java.util.concurrent.CompletableFuture@72ff61a4[Not completed]
2019-10-11 00:22:19,346 [grpc-default-executor-4] INFO  impl.RaftServerProxy (RaftServerProxy.java:addNew(89)) - be43c5d1-212d-41ca-bfee-8d24915094ea: addNew group-0FE1715A2167:[be43c5d1-212d-41ca-bfee-8d24915094ea:192.168.151.127:46280, c1838209-360b-4841-8618-0c5f17178436:192.168.151.127:40228, ce8a7fbe-39cb-476e-badb-fba99f4eb6ca:192.168.151.127:39771] returns group-0FE1715A2167:java.util.concurrent.CompletableFuture@12560a81[Not completed]
2019-10-11 00:22:19,347 [pool-433-thread-1] INFO  impl.RaftServerImpl (RaftServerImpl.java:<init>(95)) - be43c5d1-212d-41ca-bfee-8d24915094ea: new RaftServerImpl for group-0FE1715A2167:[be43c5d1-212d-41ca-bfee-8d24915094ea:192.168.151.127:46280, c1838209-360b-4841-8618-0c5f17178436:192.168.151.127:40228, ce8a7fbe-39cb-476e-badb-fba99f4eb6ca:192.168.151.127:39771] with ContainerStateMachine:uninitialized
2019-10-11 00:22:19,347 [pool-433-thread-1] INFO  server.RaftServerConfigKeys (ConfUtils.java:logGet(43)) - raft.server.rpc.timeout.min = 5s (custom)
2019-10-11 00:22:19,347 [pool-433-thread-1] INFO  server.RaftServerConfigKeys (ConfUtils.java:logGet(43)) - raft.server.rpc.timeout.max = 5200ms (custom)
2019-10-11 00:22:19,347 [pool-433-thread-1] INFO  server.RaftServerConfigKeys (ConfUtils.java:logGet(43)) - raft.server.rpcslowness.timeout = 120s (custom)
2019-10-11 00:22:19,347 [pool-433-thread-1] INFO  server.RaftServerConfigKeys (ConfUtils.java:logGet(43)) - raft.server.sleep.deviation.threshold = 300 (default)
2019-10-11 00:22:19,347 [pool-423-thread-1] INFO  impl.RaftServerImpl (RaftServerImpl.java:<init>(95)) - c1838209-360b-4841-8618-0c5f17178436: new RaftServerImpl for group-0FE1715A2167:[be43c5d1-212d-41ca-bfee-8d24915094ea:192.168.151.127:46280, c1838209-360b-4841-8618-0c5f17178436:192.168.151.127:40228, ce8a7fbe-39cb-476e-badb-fba99f4eb6ca:192.168.151.127:39771] with ContainerStateMachine:uninitialized
2019-10-11 00:22:19,347 [pool-433-thread-1] INFO  server.RaftServerConfigKeys (ConfUtils.java:logGet(43)) - raft.server.log.appender.install.snapshot.enabled = false (custom)
2019-10-11 00:22:19,347 [pool-423-thread-1] INFO  server.RaftServerConfigKeys (ConfUtils.java:logGet(43)) - raft.server.rpc.timeout.min = 5s (custom)
2019-10-11 00:22:19,347 [pool-433-thread-1] INFO  impl.RaftServerImpl (ServerState.java:<init>(103)) - be43c5d1-212d-41ca-bfee-8d24915094ea@group-0FE1715A2167: ConfigurationManager, init=-1: [be43c5d1-212d-41ca-bfee-8d24915094ea:192.168.151.127:46280, c1838209-360b-4841-8618-0c5f17178436:192.168.151.127:40228, ce8a7fbe-39cb-476e-badb-fba99f4eb6ca:192.168.151.127:39771], old=null, confs=<EMPTY_MAP>
2019-10-11 00:22:19,347 [pool-423-thread-1] INFO  server.RaftServerConfigKeys (ConfUtils.java:logGet(43)) - raft.server.rpc.timeout.max = 5200ms (custom)
2019-10-11 00:22:19,347 [pool-443-thread-1] INFO  impl.RaftServerImpl (RaftServerImpl.java:<init>(95)) - ce8a7fbe-39cb-476e-badb-fba99f4eb6ca: new RaftServerImpl for group-0FE1715A2167:[be43c5d1-212d-41ca-bfee-8d24915094ea:192.168.151.127:46280, c1838209-360b-4841-8618-0c5f17178436:192.168.151.127:40228, ce8a7fbe-39cb-476e-badb-fba99f4eb6ca:192.168.151.127:39771] with ContainerStateMachine:uninitialized
2019-10-11 00:22:19,347 [pool-423-thread-1] INFO  server.RaftServerConfigKeys (ConfUtils.java:logGet(43)) - raft.server.rpcslowness.timeout = 120s (custom)
2019-10-11 00:22:19,347 [pool-433-thread-1] INFO  server.RaftServerConfigKeys (ConfUtils.java:logGet(43)) - raft.server.storage.dir = [/workdir/hadoop-ozone/integration-test/target/test-dir/MiniOzoneClusterImpl-87c1c27c-3391-4312-8e10-f972e80006e6/datanode-5/data/ratis] (custom)
2019-10-11 00:22:19,348 [pool-423-thread-1] INFO  server.RaftServerConfigKeys (ConfUtils.java:logGet(43)) - raft.server.sleep.deviation.threshold = 300 (default)
2019-10-11 00:22:19,348 [pool-443-thread-1] INFO  server.RaftServerConfigKeys (ConfUtils.java:logGet(43)) - raft.server.rpc.timeout.min = 5s (custom)
2019-10-11 00:22:19,348 [pool-433-thread-1] INFO  server.RaftServerConfigKeys (ConfUtils.java:logGet(43)) - raft.server.log.corruption.policy = EXCEPTION (default)
2019-10-11 00:22:19,348 [pool-423-thread-1] INFO  server.RaftServerConfigKeys (ConfUtils.java:logGet(43)) - raft.server.log.appender.install.snapshot.enabled = false (custom)
2019-10-11 00:22:19,348 [pool-433-thread-1] INFO  storage.RaftStorageDirectory (RaftStorageDirectory.java:analyzeStorage(246)) - The storage directory /workdir/hadoop-ozone/integration-test/target/test-dir/MiniOzoneClusterImpl-87c1c27c-3391-4312-8e10-f972e80006e6/datanode-5/data/ratis/06300cc4-c20d-4962-b49b-0fe1715a2167 does not exist. Creating ...
2019-10-11 00:22:19,348 [pool-443-thread-1] INFO  server.RaftServerConfigKeys (ConfUtils.java:logGet(43)) - raft.server.rpc.timeout.max = 5200ms (custom)
2019-10-11 00:22:19,348 [pool-423-thread-1] INFO  impl.RaftServerImpl (ServerState.java:<init>(103)) - c1838209-360b-4841-8618-0c5f17178436@group-0FE1715A2167: ConfigurationManager, init=-1: [be43c5d1-212d-41ca-bfee-8d24915094ea:192.168.151.127:46280, c1838209-360b-4841-8618-0c5f17178436:192.168.151.127:40228, ce8a7fbe-39cb-476e-badb-fba99f4eb6ca:192.168.151.127:39771], old=null, confs=<EMPTY_MAP>
2019-10-11 00:22:19,348 [pool-443-thread-1] INFO  server.RaftServerConfigKeys (ConfUtils.java:logGet(43)) - raft.server.rpcslowness.timeout = 120s (custom)
2019-10-11 00:22:19,348 [pool-423-thread-1] INFO  server.RaftServerConfigKeys (ConfUtils.java:logGet(43)) - raft.server.storage.dir = [/workdir/hadoop-ozone/integration-test/target/test-dir/MiniOzoneClusterImpl-87c1c27c-3391-4312-8e10-f972e80006e6/datanode-4/data/ratis] (custom)
2019-10-11 00:22:19,348 [pool-443-thread-1] INFO  server.RaftServerConfigKeys (ConfUtils.java:logGet(43)) - raft.server.sleep.deviation.threshold = 300 (default)
2019-10-11 00:22:19,349 [pool-443-thread-1] INFO  server.RaftServerConfigKeys (ConfUtils.java:logGet(43)) - raft.server.log.appender.install.snapshot.enabled = false (custom)
2019-10-11 00:22:19,349 [pool-423-thread-1] INFO  server.RaftServerConfigKeys (ConfUtils.java:logGet(43)) - raft.server.log.corruption.policy = EXCEPTION (default)
2019-10-11 00:22:19,349 [pool-443-thread-1] INFO  impl.RaftServerImpl (ServerState.java:<init>(103)) - ce8a7fbe-39cb-476e-badb-fba99f4eb6ca@group-0FE1715A2167: ConfigurationManager, init=-1: [be43c5d1-212d-41ca-bfee-8d24915094ea:192.168.151.127:46280, c1838209-360b-4841-8618-0c5f17178436:192.168.151.127:40228, ce8a7fbe-39cb-476e-badb-fba99f4eb6ca:192.168.151.127:39771], old=null, confs=<EMPTY_MAP>
2019-10-11 00:22:19,349 [pool-423-thread-1] INFO  storage.RaftStorageDirectory (RaftStorageDirectory.java:analyzeStorage(246)) - The storage directory /workdir/hadoop-ozone/integration-test/target/test-dir/MiniOzoneClusterImpl-87c1c27c-3391-4312-8e10-f972e80006e6/datanode-4/data/ratis/06300cc4-c20d-4962-b49b-0fe1715a2167 does not exist. Creating ...
2019-10-11 00:22:19,349 [pool-443-thread-1] INFO  server.RaftServerConfigKeys (ConfUtils.java:logGet(43)) - raft.server.storage.dir = [/workdir/hadoop-ozone/integration-test/target/test-dir/MiniOzoneClusterImpl-87c1c27c-3391-4312-8e10-f972e80006e6/datanode-6/data/ratis] (custom)
2019-10-11 00:22:19,349 [pool-443-thread-1] INFO  server.RaftServerConfigKeys (ConfUtils.java:logGet(43)) - raft.server.log.corruption.policy = EXCEPTION (default)
2019-10-11 00:22:19,349 [pool-443-thread-1] INFO  storage.RaftStorageDirectory (RaftStorageDirectory.java:analyzeStorage(246)) - The storage directory /workdir/hadoop-ozone/integration-test/target/test-dir/MiniOzoneClusterImpl-87c1c27c-3391-4312-8e10-f972e80006e6/datanode-6/data/ratis/06300cc4-c20d-4962-b49b-0fe1715a2167 does not exist. Creating ...
2019-10-11 00:22:19,357 [pool-423-thread-1] INFO  storage.RaftStorageDirectory (RaftStorageDirectory.java:tryLock(328)) - Lock on /workdir/hadoop-ozone/integration-test/target/test-dir/MiniOzoneClusterImpl-87c1c27c-3391-4312-8e10-f972e80006e6/datanode-4/data/ratis/06300cc4-c20d-4962-b49b-0fe1715a2167/in_use.lock acquired by nodename 21940@pr-hdds-2282-bvc4c-4177210905
2019-10-11 00:22:19,357 [pool-433-thread-1] INFO  storage.RaftStorageDirectory (RaftStorageDirectory.java:tryLock(328)) - Lock on /workdir/hadoop-ozone/integration-test/target/test-dir/MiniOzoneClusterImpl-87c1c27c-3391-4312-8e10-f972e80006e6/datanode-5/data/ratis/06300cc4-c20d-4962-b49b-0fe1715a2167/in_use.lock acquired by nodename 21940@pr-hdds-2282-bvc4c-4177210905
2019-10-11 00:22:19,357 [pool-443-thread-1] INFO  storage.RaftStorageDirectory (RaftStorageDirectory.java:tryLock(328)) - Lock on /workdir/hadoop-ozone/integration-test/target/test-dir/MiniOzoneClusterImpl-87c1c27c-3391-4312-8e10-f972e80006e6/datanode-6/data/ratis/06300cc4-c20d-4962-b49b-0fe1715a2167/in_use.lock acquired by nodename 21940@pr-hdds-2282-bvc4c-4177210905
2019-10-11 00:22:19,370 [pool-423-thread-1] INFO  storage.RaftStorage (RaftStorage.java:format(84)) - Storage directory /workdir/hadoop-ozone/integration-test/target/test-dir/MiniOzoneClusterImpl-87c1c27c-3391-4312-8e10-f972e80006e6/datanode-4/data/ratis/06300cc4-c20d-4962-b49b-0fe1715a2167 has been successfully formatted.
2019-10-11 00:22:19,370 [pool-433-thread-1] INFO  storage.RaftStorage (RaftStorage.java:format(84)) - Storage directory /workdir/hadoop-ozone/integration-test/target/test-dir/MiniOzoneClusterImpl-87c1c27c-3391-4312-8e10-f972e80006e6/datanode-5/data/ratis/06300cc4-c20d-4962-b49b-0fe1715a2167 has been successfully formatted.
2019-10-11 00:22:19,370 [pool-443-thread-1] INFO  storage.RaftStorage (RaftStorage.java:format(84)) - Storage directory /workdir/hadoop-ozone/integration-test/target/test-dir/MiniOzoneClusterImpl-87c1c27c-3391-4312-8e10-f972e80006e6/datanode-6/data/ratis/06300cc4-c20d-4962-b49b-0fe1715a2167 has been successfully formatted.
2019-10-11 00:22:19,370 [pool-433-thread-1] INFO  ratis.ContainerStateMachine (ContainerStateMachine.java:loadSnapshot(231)) - group-0FE1715A2167: The snapshot info is null. Setting the last applied indexto:(t:0, i:~)
2019-10-11 00:22:19,370 [pool-423-thread-1] INFO  ratis.ContainerStateMachine (ContainerStateMachine.java:loadSnapshot(231)) - group-0FE1715A2167: The snapshot info is null. Setting the last applied indexto:(t:0, i:~)
2019-10-11 00:22:19,371 [pool-433-thread-1] INFO  server.RaftServerConfigKeys (ConfUtils.java:logGet(43)) - raft.server.notification.no-leader.timeout = 120s (custom)
2019-10-11 00:22:19,371 [pool-443-thread-1] INFO  ratis.ContainerStateMachine (ContainerStateMachine.java:loadSnapshot(231)) - group-0FE1715A2167: The snapshot info is null. Setting the last applied indexto:(t:0, i:~)
2019-10-11 00:22:19,371 [pool-433-thread-1] INFO  server.RaftServerConfigKeys (ConfUtils.java:logGet(43)) - raft.server.log.use.memory = false (default)
2019-10-11 00:22:19,371 [pool-423-thread-1] INFO  server.RaftServerConfigKeys (ConfUtils.java:logGet(43)) - raft.server.notification.no-leader.timeout = 120s (custom)
2019-10-11 00:22:19,371 [pool-433-thread-1] INFO  server.RaftServerConfigKeys (ConfUtils.java:logGet(43)) - raft.server.log.purge.gap = 1000000 (custom)
2019-10-11 00:22:19,371 [pool-443-thread-1] INFO  server.RaftServerConfigKeys (ConfUtils.java:logGet(43)) - raft.server.notification.no-leader.timeout = 120s (custom)
2019-10-11 00:22:19,371 [pool-433-thread-1] INFO  server.RaftServerConfigKeys (ConfUtils.java:logGet(43)) - raft.server.log.appender.buffer.byte-limit = 33554432 (custom)
2019-10-11 00:22:19,371 [pool-423-thread-1] INFO  server.RaftServerConfigKeys (ConfUtils.java:logGet(43)) - raft.server.log.use.memory = false (default)
2019-10-11 00:22:19,372 [pool-433-thread-1] INFO  server.RaftServerConfigKeys (ConfUtils.java:logGet(43)) - raft.server.log.segment.size.max = 1048576 (custom)
2019-10-11 00:22:19,372 [pool-443-thread-1] INFO  server.RaftServerConfigKeys (ConfUtils.java:logGet(43)) - raft.server.log.use.memory = false (default)
2019-10-11 00:22:19,372 [pool-433-thread-1] INFO  server.RaftServerConfigKeys (ConfUtils.java:logGet(43)) - raft.server.log.segment.cache.num.max = 2 (custom)
2019-10-11 00:22:19,372 [pool-423-thread-1] INFO  server.RaftServerConfigKeys (ConfUtils.java:logGet(43)) - raft.server.log.purge.gap = 1000000 (custom)
2019-10-11 00:22:19,372 [pool-433-thread-1] INFO  segmented.SegmentedRaftLogWorker (SegmentedRaftLogWorker.java:<init>(173)) - new be43c5d1-212d-41ca-bfee-8d24915094ea@group-0FE1715A2167-SegmentedRaftLogWorker for RaftStorage:Storage Directory /workdir/hadoop-ozone/integration-test/target/test-dir/MiniOzoneClusterImpl-87c1c27c-3391-4312-8e10-f972e80006e6/datanode-5/data/ratis/06300cc4-c20d-4962-b49b-0fe1715a2167
2019-10-11 00:22:19,372 [pool-443-thread-1] INFO  server.RaftServerConfigKeys (ConfUtils.java:logGet(43)) - raft.server.log.purge.gap = 1000000 (custom)
2019-10-11 00:22:19,372 [pool-433-thread-1] INFO  server.RaftServerConfigKeys (ConfUtils.java:logGet(43)) - raft.server.log.queue.byte-limit = 2147483647 (custom)
2019-10-11 00:22:19,372 [pool-423-thread-1] INFO  server.RaftServerConfigKeys (ConfUtils.java:logGet(43)) - raft.server.log.appender.buffer.byte-limit = 33554432 (custom)
2019-10-11 00:22:19,373 [pool-433-thread-1] INFO  server.RaftServerConfigKeys (ConfUtils.java:logGet(43)) - raft.server.log.queue.element-limit = 1024 (custom)
2019-10-11 00:22:19,373 [pool-443-thread-1] INFO  server.RaftServerConfigKeys (ConfUtils.java:logGet(43)) - raft.server.log.appender.buffer.byte-limit = 33554432 (custom)
2019-10-11 00:22:19,373 [pool-433-thread-1] INFO  server.RaftServerConfigKeys (ConfUtils.java:logGet(43)) - raft.server.log.segment.size.max = 1048576 (custom)
2019-10-11 00:22:19,373 [pool-423-thread-1] INFO  server.RaftServerConfigKeys (ConfUtils.java:logGet(43)) - raft.server.log.segment.size.max = 1048576 (custom)
2019-10-11 00:22:19,373 [pool-433-thread-1] INFO  server.RaftServerConfigKeys (ConfUtils.java:logGet(43)) - raft.server.log.preallocated.size = 16384 (custom)
2019-10-11 00:22:19,373 [pool-443-thread-1] INFO  server.RaftServerConfigKeys (ConfUtils.java:logGet(43)) - raft.server.log.segment.size.max = 1048576 (custom)
2019-10-11 00:22:19,373 [pool-433-thread-1] INFO  server.RaftServerConfigKeys (ConfUtils.java:logGet(43)) - raft.server.log.write.buffer.size = 33554432 (custom)
2019-10-11 00:22:19,373 [pool-423-thread-1] INFO  server.RaftServerConfigKeys (ConfUtils.java:logGet(43)) - raft.server.log.segment.cache.num.max = 2 (custom)
2019-10-11 00:22:19,374 [pool-433-thread-1] INFO  server.RaftServerConfigKeys (ConfUtils.java:logGet(43)) - raft.server.log.force.sync.num = 128 (default)
2019-10-11 00:22:19,373 [pool-443-thread-1] INFO  server.RaftServerConfigKeys (ConfUtils.java:logGet(43)) - raft.server.log.segment.cache.num.max = 2 (custom)
2019-10-11 00:22:19,374 [pool-433-thread-1] INFO  server.RaftServerConfigKeys (ConfUtils.java:logGet(43)) - raft.server.log.statemachine.data.sync = true (default)
2019-10-11 00:22:19,374 [pool-423-thread-1] INFO  segmented.SegmentedRaftLogWorker (SegmentedRaftLogWorker.java:<init>(173)) - new c1838209-360b-4841-8618-0c5f17178436@group-0FE1715A2167-SegmentedRaftLogWorker for RaftStorage:Storage Directory /workdir/hadoop-ozone/integration-test/target/test-dir/MiniOzoneClusterImpl-87c1c27c-3391-4312-8e10-f972e80006e6/datanode-4/data/ratis/06300cc4-c20d-4962-b49b-0fe1715a2167
2019-10-11 00:22:19,374 [pool-433-thread-1] INFO  server.RaftServerConfigKeys (ConfUtils.java:logGet(43)) - raft.server.log.statemachine.data.sync.timeout = 10s (default)
2019-10-11 00:22:19,374 [pool-443-thread-1] INFO  segmented.SegmentedRaftLogWorker (SegmentedRaftLogWorker.java:<init>(173)) - new ce8a7fbe-39cb-476e-badb-fba99f4eb6ca@group-0FE1715A2167-SegmentedRaftLogWorker for RaftStorage:Storage Directory /workdir/hadoop-ozone/integration-test/target/test-dir/MiniOzoneClusterImpl-87c1c27c-3391-4312-8e10-f972e80006e6/datanode-6/data/ratis/06300cc4-c20d-4962-b49b-0fe1715a2167
2019-10-11 00:22:19,374 [pool-433-thread-1] INFO  server.RaftServerConfigKeys (ConfUtils.java:logGet(43)) - raft.server.log.statemachine.data.sync.timeout.retry = -1 (default)
2019-10-11 00:22:19,374 [pool-423-thread-1] INFO  server.RaftServerConfigKeys (ConfUtils.java:logGet(43)) - raft.server.log.queue.byte-limit = 2147483647 (custom)
2019-10-11 00:22:19,375 [pool-433-thread-1] INFO  server.RaftServerConfigKeys (ConfUtils.java:logGet(43)) - raft.server.log.statemachine.data.caching.enabled = true (custom)
2019-10-11 00:22:19,374 [pool-443-thread-1] INFO  server.RaftServerConfigKeys (ConfUtils.java:logGet(43)) - raft.server.log.queue.byte-limit = 2147483647 (custom)
2019-10-11 00:22:19,375 [pool-433-thread-1] INFO  segmented.SegmentedRaftLogWorker (SegmentedRaftLogWorker.java:lambda$new$0(128)) - be43c5d1-212d-41ca-bfee-8d24915094ea@group-0FE1715A2167-SegmentedRaftLogWorker: flushIndex: setUnconditionally 0 -> -1
2019-10-11 00:22:19,375 [pool-423-thread-1] INFO  server.RaftServerConfigKeys (ConfUtils.java:logGet(43)) - raft.server.log.queue.element-limit = 1024 (custom)
2019-10-11 00:22:19,375 [pool-443-thread-1] INFO  server.RaftServerConfigKeys (ConfUtils.java:logGet(43)) - raft.server.log.queue.element-limit = 1024 (custom)
2019-10-11 00:22:19,375 [pool-433-thread-1] INFO  server.RaftServerConfigKeys (ConfUtils.java:logGet(43)) - raft.server.snapshot.auto.trigger.enabled = true (custom)
2019-10-11 00:22:19,375 [pool-423-thread-1] INFO  server.RaftServerConfigKeys (ConfUtils.java:logGet(43)) - raft.server.log.segment.size.max = 1048576 (custom)
2019-10-11 00:22:19,375 [pool-433-thread-1] INFO  server.RaftServerConfigKeys (ConfUtils.java:logGet(43)) - raft.server.snapshot.auto.trigger.threshold = 10000 (custom)
2019-10-11 00:22:19,375 [pool-443-thread-1] INFO  server.RaftServerConfigKeys (ConfUtils.java:logGet(43)) - raft.server.log.segment.size.max = 1048576 (custom)
2019-10-11 00:22:19,376 [pool-433-thread-1] INFO  server.RaftServerConfigKeys (ConfUtils.java:logGet(43)) - raft.server.snapshot.retention.file.num = 5 (custom)
2019-10-11 00:22:19,376 [pool-423-thread-1] INFO  server.RaftServerConfigKeys (ConfUtils.java:logGet(43)) - raft.server.log.preallocated.size = 16384 (custom)
2019-10-11 00:22:19,376 [pool-433-thread-1] INFO  server.RaftServerConfigKeys (ConfUtils.java:logGet(43)) - raft.server.retrycache.expirytime = 600000ms (custom)
2019-10-11 00:22:19,376 [pool-443-thread-1] INFO  server.RaftServerConfigKeys (ConfUtils.java:logGet(43)) - raft.server.log.preallocated.size = 16384 (custom)
2019-10-11 00:22:19,376 [pool-423-thread-1] INFO  server.RaftServerConfigKeys (ConfUtils.java:logGet(43)) - raft.server.log.write.buffer.size = 33554432 (custom)
2019-10-11 00:22:19,376 [pool-443-thread-1] INFO  server.RaftServerConfigKeys (ConfUtils.java:logGet(43)) - raft.server.log.write.buffer.size = 33554432 (custom)
2019-10-11 00:22:19,376 [pool-423-thread-1] INFO  server.RaftServerConfigKeys (ConfUtils.java:logGet(43)) - raft.server.log.force.sync.num = 128 (default)
2019-10-11 00:22:19,377 [pool-443-thread-1] INFO  server.RaftServerConfigKeys (ConfUtils.java:logGet(43)) - raft.server.log.force.sync.num = 128 (default)
2019-10-11 00:22:19,377 [pool-423-thread-1] INFO  server.RaftServerConfigKeys (ConfUtils.java:logGet(43)) - raft.server.log.statemachine.data.sync = true (default)
2019-10-11 00:22:19,377 [pool-443-thread-1] INFO  server.RaftServerConfigKeys (ConfUtils.java:logGet(43)) - raft.server.log.statemachine.data.sync = true (default)
2019-10-11 00:22:19,377 [pool-423-thread-1] INFO  server.RaftServerConfigKeys (ConfUtils.java:logGet(43)) - raft.server.log.statemachine.data.sync.timeout = 10s (default)
2019-10-11 00:22:19,377 [pool-443-thread-1] INFO  server.RaftServerConfigKeys (ConfUtils.java:logGet(43)) - raft.server.log.statemachine.data.sync.timeout = 10s (default)
2019-10-11 00:22:19,377 [pool-433-thread-1] INFO  impl.RaftServerImpl (RaftServerImpl.java:start(181)) - be43c5d1-212d-41ca-bfee-8d24915094ea@group-0FE1715A2167: start as a follower, conf=-1: [be43c5d1-212d-41ca-bfee-8d24915094ea:192.168.151.127:46280, c1838209-360b-4841-8618-0c5f17178436:192.168.151.127:40228, ce8a7fbe-39cb-476e-badb-fba99f4eb6ca:192.168.151.127:39771], old=null
2019-10-11 00:22:19,377 [pool-423-thread-1] INFO  server.RaftServerConfigKeys (ConfUtils.java:logGet(43)) - raft.server.log.statemachine.data.sync.timeout.retry = -1 (default)
2019-10-11 00:22:19,378 [pool-433-thread-1] INFO  impl.RaftServerImpl (RaftServerImpl.java:setRole(170)) - be43c5d1-212d-41ca-bfee-8d24915094ea@group-0FE1715A2167: changes role from      null to FOLLOWER at term 0 for startAsFollower
2019-10-11 00:22:19,378 [pool-423-thread-1] INFO  server.RaftServerConfigKeys (ConfUtils.java:logGet(43)) - raft.server.log.statemachine.data.caching.enabled = true (custom)
2019-10-11 00:22:19,378 [pool-443-thread-1] INFO  server.RaftServerConfigKeys (ConfUtils.java:logGet(43)) - raft.server.log.statemachine.data.sync.timeout.retry = -1 (default)
2019-10-11 00:22:19,378 [pool-433-thread-1] INFO  impl.RoleInfo (RoleInfo.java:updateAndGet(143)) - be43c5d1-212d-41ca-bfee-8d24915094ea: start FollowerState
2019-10-11 00:22:19,378 [pool-443-thread-1] INFO  server.RaftServerConfigKeys (ConfUtils.java:logGet(43)) - raft.server.log.statemachine.data.caching.enabled = true (custom)
2019-10-11 00:22:19,378 [pool-423-thread-1] INFO  segmented.SegmentedRaftLogWorker (SegmentedRaftLogWorker.java:lambda$new$0(128)) - c1838209-360b-4841-8618-0c5f17178436@group-0FE1715A2167-SegmentedRaftLogWorker: flushIndex: setUnconditionally 0 -> -1
2019-10-11 00:22:19,378 [pool-433-thread-1] INFO  util.JmxRegister (JmxRegister.java:tryRegister(44)) - Successfully registered JMX Bean with object name Ratis:service=RaftServer,group=group-0FE1715A2167,id=be43c5d1-212d-41ca-bfee-8d24915094ea
2019-10-11 00:22:19,379 [pool-443-thread-1] INFO  segmented.SegmentedRaftLogWorker (SegmentedRaftLogWorker.java:lambda$new$0(128)) - ce8a7fbe-39cb-476e-badb-fba99f4eb6ca@group-0FE1715A2167-SegmentedRaftLogWorker: flushIndex: setUnconditionally 0 -> -1
2019-10-11 00:22:19,379 [pool-423-thread-1] INFO  server.RaftServerConfigKeys (ConfUtils.java:logGet(43)) - raft.server.snapshot.auto.trigger.enabled = true (custom)
2019-10-11 00:22:19,379 [pool-423-thread-1] INFO  server.RaftServerConfigKeys (ConfUtils.java:logGet(43)) - raft.server.snapshot.auto.trigger.threshold = 10000 (custom)
2019-10-11 00:22:19,379 [pool-443-thread-1] INFO  server.RaftServerConfigKeys (ConfUtils.java:logGet(43)) - raft.server.snapshot.auto.trigger.enabled = true (custom)
2019-10-11 00:22:19,379 [pool-423-thread-1] INFO  server.RaftServerConfigKeys (ConfUtils.java:logGet(43)) - raft.server.snapshot.retention.file.num = 5 (custom)
2019-10-11 00:22:19,379 [pool-443-thread-1] INFO  server.RaftServerConfigKeys (ConfUtils.java:logGet(43)) - raft.server.snapshot.auto.trigger.threshold = 10000 (custom)
2019-10-11 00:22:19,379 [pool-423-thread-1] INFO  server.RaftServerConfigKeys (ConfUtils.java:logGet(43)) - raft.server.retrycache.expirytime = 600000ms (custom)
2019-10-11 00:22:19,379 [pool-443-thread-1] INFO  server.RaftServerConfigKeys (ConfUtils.java:logGet(43)) - raft.server.snapshot.retention.file.num = 5 (custom)
2019-10-11 00:22:19,380 [pool-443-thread-1] INFO  server.RaftServerConfigKeys (ConfUtils.java:logGet(43)) - raft.server.retrycache.expirytime = 600000ms (custom)
2019-10-11 00:22:19,382 [pool-423-thread-1] INFO  impl.RaftServerImpl (RaftServerImpl.java:start(181)) - c1838209-360b-4841-8618-0c5f17178436@group-0FE1715A2167: start as a follower, conf=-1: [be43c5d1-212d-41ca-bfee-8d24915094ea:192.168.151.127:46280, c1838209-360b-4841-8618-0c5f17178436:192.168.151.127:40228, ce8a7fbe-39cb-476e-badb-fba99f4eb6ca:192.168.151.127:39771], old=null
2019-10-11 00:22:19,382 [pool-423-thread-1] INFO  impl.RaftServerImpl (RaftServerImpl.java:setRole(170)) - c1838209-360b-4841-8618-0c5f17178436@group-0FE1715A2167: changes role from      null to FOLLOWER at term 0 for startAsFollower
2019-10-11 00:22:19,382 [pool-423-thread-1] INFO  impl.RoleInfo (RoleInfo.java:updateAndGet(143)) - c1838209-360b-4841-8618-0c5f17178436: start FollowerState
2019-10-11 00:22:19,382 [pool-423-thread-1] INFO  util.JmxRegister (JmxRegister.java:tryRegister(44)) - Successfully registered JMX Bean with object name Ratis:service=RaftServer,group=group-0FE1715A2167,id=c1838209-360b-4841-8618-0c5f17178436
2019-10-11 00:22:19,382 [pool-443-thread-1] INFO  impl.RaftServerImpl (RaftServerImpl.java:start(181)) - ce8a7fbe-39cb-476e-badb-fba99f4eb6ca@group-0FE1715A2167: start as a follower, conf=-1: [be43c5d1-212d-41ca-bfee-8d24915094ea:192.168.151.127:46280, c1838209-360b-4841-8618-0c5f17178436:192.168.151.127:40228, ce8a7fbe-39cb-476e-badb-fba99f4eb6ca:192.168.151.127:39771], old=null
2019-10-11 00:22:19,382 [pool-443-thread-1] INFO  impl.RaftServerImpl (RaftServerImpl.java:setRole(170)) - ce8a7fbe-39cb-476e-badb-fba99f4eb6ca@group-0FE1715A2167: changes role from      null to FOLLOWER at term 0 for startAsFollower
2019-10-11 00:22:19,383 [pool-443-thread-1] INFO  impl.RoleInfo (RoleInfo.java:updateAndGet(143)) - ce8a7fbe-39cb-476e-badb-fba99f4eb6ca: start FollowerState
2019-10-11 00:22:19,383 [pool-443-thread-1] INFO  util.JmxRegister (JmxRegister.java:tryRegister(44)) - Successfully registered JMX Bean with object name Ratis:service=RaftServer,group=group-0FE1715A2167,id=ce8a7fbe-39cb-476e-badb-fba99f4eb6ca
2019-10-11 00:22:19,388 [RatisPipelineUtilsThread] INFO  pipeline.PipelineStateManager (PipelineStateManager.java:addPipeline(56)) - Created pipeline Pipeline[ Id: 06300cc4-c20d-4962-b49b-0fe1715a2167, Nodes: be43c5d1-212d-41ca-bfee-8d24915094ea{ip: 192.168.151.127, host: pr-hdds-2282-bvc4c-4177210905, networkLocation: /default-rack, certSerialId: null}c1838209-360b-4841-8618-0c5f17178436{ip: 192.168.151.127, host: pr-hdds-2282-bvc4c-4177210905, networkLocation: /default-rack, certSerialId: null}ce8a7fbe-39cb-476e-badb-fba99f4eb6ca{ip: 192.168.151.127, host: pr-hdds-2282-bvc4c-4177210905, networkLocation: /default-rack, certSerialId: null}, Type:RATIS, Factor:THREE, State:OPEN]
2019-10-11 00:22:21,759 [Thread-2318] INFO  container.ReplicationManager (ReplicationManager.java:start(162)) - Starting Replication Monitor Thread.
2019-10-11 00:22:21,763 [ReplicationMonitor] INFO  container.ReplicationManager (ReplicationManager.java:run(225)) - Replication Monitor Thread took 0 milliseconds for processing 1 containers.
2019-10-11 00:22:23,831 [Thread-2320] INFO  impl.FollowerState (FollowerState.java:run(108)) - 0793576e-28bd-4bcf-9513-0e06c686edc0@group-12410C2B1754-FollowerState: change to CANDIDATE, lastRpcTime:5015ms, electionTimeout:5015ms
2019-10-11 00:22:23,834 [Thread-2320] INFO  impl.RoleInfo (RoleInfo.java:shutdownFollowerState(121)) - 0793576e-28bd-4bcf-9513-0e06c686edc0: shutdown FollowerState
2019-10-11 00:22:23,834 [Thread-2320] INFO  impl.RaftServerImpl (RaftServerImpl.java:setRole(170)) - 0793576e-28bd-4bcf-9513-0e06c686edc0@group-12410C2B1754: changes role from  FOLLOWER to CANDIDATE at term 0 for changeToCandidate
2019-10-11 00:22:23,834 [Thread-2320] INFO  impl.RoleInfo (RoleInfo.java:updateAndGet(143)) - 0793576e-28bd-4bcf-9513-0e06c686edc0: start LeaderElection
2019-10-11 00:22:23,859 [0793576e-28bd-4bcf-9513-0e06c686edc0@group-12410C2B1754-LeaderElection61] INFO  impl.LeaderElection (LeaderElection.java:askForVotes(178)) - 0793576e-28bd-4bcf-9513-0e06c686edc0@group-12410C2B1754-LeaderElection61: begin an election at term 1 for -1: [0793576e-28bd-4bcf-9513-0e06c686edc0:192.168.151.127:40641], old=null
2019-10-11 00:22:23,859 [0793576e-28bd-4bcf-9513-0e06c686edc0@group-12410C2B1754-LeaderElection61] INFO  impl.RoleInfo (RoleInfo.java:shutdownLeaderElection(134)) - 0793576e-28bd-4bcf-9513-0e06c686edc0: shutdown LeaderElection
2019-10-11 00:22:23,859 [0793576e-28bd-4bcf-9513-0e06c686edc0@group-12410C2B1754-LeaderElection61] INFO  impl.RaftServerImpl (RaftServerImpl.java:setRole(170)) - 0793576e-28bd-4bcf-9513-0e06c686edc0@group-12410C2B1754: changes role from CANDIDATE to LEADER at term 1 for changeToLeader
2019-10-11 00:22:23,859 [0793576e-28bd-4bcf-9513-0e06c686edc0@group-12410C2B1754-LeaderElection61] INFO  impl.RaftServerImpl (ServerState.java:setLeader(255)) - 0793576e-28bd-4bcf-9513-0e06c686edc0@group-12410C2B1754: change Leader from null to 0793576e-28bd-4bcf-9513-0e06c686edc0 at term 1 for becomeLeader, leader elected after 5055ms
2019-10-11 00:22:23,860 [0793576e-28bd-4bcf-9513-0e06c686edc0@group-12410C2B1754-LeaderElection61] INFO  server.RaftServerConfigKeys (ConfUtils.java:logGet(43)) - raft.server.staging.catchup.gap = 1000 (default)
2019-10-11 00:22:23,860 [0793576e-28bd-4bcf-9513-0e06c686edc0@group-12410C2B1754-LeaderElection61] INFO  server.RaftServerConfigKeys (ConfUtils.java:logGet(43)) - raft.server.rpc.sleep.time = 25ms (default)
2019-10-11 00:22:23,861 [0793576e-28bd-4bcf-9513-0e06c686edc0@group-12410C2B1754-LeaderElection61] INFO  server.RaftServerConfigKeys (ConfUtils.java:logGet(43)) - raft.server.write.element-limit = 4096 (default)
2019-10-11 00:22:23,861 [0793576e-28bd-4bcf-9513-0e06c686edc0@group-12410C2B1754-LeaderElection61] INFO  server.RaftServerConfigKeys (ConfUtils.java:logGet(43)) - raft.server.watch.timeout = 10s (default)
2019-10-11 00:22:23,861 [0793576e-28bd-4bcf-9513-0e06c686edc0@group-12410C2B1754-LeaderElection61] INFO  server.RaftServerConfigKeys (ConfUtils.java:logGet(43)) - raft.server.watch.timeout.denomination = 1s (default)
2019-10-11 00:22:23,862 [0793576e-28bd-4bcf-9513-0e06c686edc0@group-12410C2B1754-LeaderElection61] INFO  server.RaftServerConfigKeys (ConfUtils.java:logGet(43)) - raft.server.watch.element-limit = 65536 (default)
2019-10-11 00:22:23,867 [0793576e-28bd-4bcf-9513-0e06c686edc0@group-12410C2B1754-LeaderElection61] INFO  impl.RoleInfo (RoleInfo.java:updateAndGet(143)) - 0793576e-28bd-4bcf-9513-0e06c686edc0: start LeaderState
2019-10-11 00:22:23,868 [0793576e-28bd-4bcf-9513-0e06c686edc0@group-12410C2B1754-LeaderElection61] INFO  segmented.SegmentedRaftLogWorker (SegmentedRaftLogWorker.java:startLogSegment(385)) - 0793576e-28bd-4bcf-9513-0e06c686edc0@group-12410C2B1754-SegmentedRaftLogWorker: Starting segment from index:0
2019-10-11 00:22:23,869 [0793576e-28bd-4bcf-9513-0e06c686edc0@group-12410C2B1754-LeaderElection61] INFO  impl.RaftServerImpl (ServerState.java:setRaftConf(356)) - 0793576e-28bd-4bcf-9513-0e06c686edc0@group-12410C2B1754: set configuration 0: [0793576e-28bd-4bcf-9513-0e06c686edc0:192.168.151.127:40641], old=null at 0
2019-10-11 00:22:23,887 [Thread-2323] INFO  impl.FollowerState (FollowerState.java:run(108)) - fd83777f-1961-4155-b1e4-71103963baeb@group-6D0AD9E5F9D2-FollowerState: change to CANDIDATE, lastRpcTime:5002ms, electionTimeout:5002ms
2019-10-11 00:22:23,887 [Thread-2323] INFO  impl.RoleInfo (RoleInfo.java:shutdownFollowerState(121)) - fd83777f-1961-4155-b1e4-71103963baeb: shutdown FollowerState
2019-10-11 00:22:23,887 [Thread-2323] INFO  impl.RaftServerImpl (RaftServerImpl.java:setRole(170)) - fd83777f-1961-4155-b1e4-71103963baeb@group-6D0AD9E5F9D2: changes role from  FOLLOWER to CANDIDATE at term 0 for changeToCandidate
2019-10-11 00:22:23,888 [Thread-2323] INFO  impl.RoleInfo (RoleInfo.java:updateAndGet(143)) - fd83777f-1961-4155-b1e4-71103963baeb: start LeaderElection
2019-10-11 00:22:23,922 [0793576e-28bd-4bcf-9513-0e06c686edc0@group-12410C2B1754-SegmentedRaftLogWorker] INFO  segmented.SegmentedRaftLogWorker (SegmentedRaftLogWorker.java:execute(574)) - 0793576e-28bd-4bcf-9513-0e06c686edc0@group-12410C2B1754-SegmentedRaftLogWorker: created new log segment /workdir/hadoop-ozone/integration-test/target/test-dir/MiniOzoneClusterImpl-87c1c27c-3391-4312-8e10-f972e80006e6/datanode-0/data/ratis/c9cfc6dc-8d44-477a-a260-12410c2b1754/current/log_inprogress_0
2019-10-11 00:22:23,922 [fd83777f-1961-4155-b1e4-71103963baeb@group-6D0AD9E5F9D2-LeaderElection62] INFO  impl.LeaderElection (LeaderElection.java:askForVotes(178)) - fd83777f-1961-4155-b1e4-71103963baeb@group-6D0AD9E5F9D2-LeaderElection62: begin an election at term 1 for -1: [fd83777f-1961-4155-b1e4-71103963baeb:192.168.151.127:35511], old=null
2019-10-11 00:22:23,923 [fd83777f-1961-4155-b1e4-71103963baeb@group-6D0AD9E5F9D2-LeaderElection62] INFO  impl.RoleInfo (RoleInfo.java:shutdownLeaderElection(134)) - fd83777f-1961-4155-b1e4-71103963baeb: shutdown LeaderElection
2019-10-11 00:22:23,923 [fd83777f-1961-4155-b1e4-71103963baeb@group-6D0AD9E5F9D2-LeaderElection62] INFO  impl.RaftServerImpl (RaftServerImpl.java:setRole(170)) - fd83777f-1961-4155-b1e4-71103963baeb@group-6D0AD9E5F9D2: changes role from CANDIDATE to LEADER at term 1 for changeToLeader
2019-10-11 00:22:23,923 [fd83777f-1961-4155-b1e4-71103963baeb@group-6D0AD9E5F9D2-LeaderElection62] INFO  impl.RaftServerImpl (ServerState.java:setLeader(255)) - fd83777f-1961-4155-b1e4-71103963baeb@group-6D0AD9E5F9D2: change Leader from null to fd83777f-1961-4155-b1e4-71103963baeb at term 1 for becomeLeader, leader elected after 5044ms
2019-10-11 00:22:23,923 [fd83777f-1961-4155-b1e4-71103963baeb@group-6D0AD9E5F9D2-LeaderElection62] INFO  server.RaftServerConfigKeys (ConfUtils.java:logGet(43)) - raft.server.staging.catchup.gap = 1000 (default)
2019-10-11 00:22:23,924 [fd83777f-1961-4155-b1e4-71103963baeb@group-6D0AD9E5F9D2-LeaderElection62] INFO  server.RaftServerConfigKeys (ConfUtils.java:logGet(43)) - raft.server.rpc.sleep.time = 25ms (default)
2019-10-11 00:22:23,924 [fd83777f-1961-4155-b1e4-71103963baeb@group-6D0AD9E5F9D2-LeaderElection62] INFO  server.RaftServerConfigKeys (ConfUtils.java:logGet(43)) - raft.server.write.element-limit = 4096 (default)
2019-10-11 00:22:23,924 [fd83777f-1961-4155-b1e4-71103963baeb@group-6D0AD9E5F9D2-LeaderElection62] INFO  server.RaftServerConfigKeys (ConfUtils.java:logGet(43)) - raft.server.watch.timeout = 10s (default)
2019-10-11 00:22:23,924 [fd83777f-1961-4155-b1e4-71103963baeb@group-6D0AD9E5F9D2-LeaderElection62] INFO  server.RaftServerConfigKeys (ConfUtils.java:logGet(43)) - raft.server.watch.timeout.denomination = 1s (default)
2019-10-11 00:22:23,925 [fd83777f-1961-4155-b1e4-71103963baeb@group-6D0AD9E5F9D2-LeaderElection62] INFO  server.RaftServerConfigKeys (ConfUtils.java:logGet(43)) - raft.server.watch.element-limit = 65536 (default)
2019-10-11 00:22:23,928 [fd83777f-1961-4155-b1e4-71103963baeb@group-6D0AD9E5F9D2-LeaderElection62] INFO  impl.RoleInfo (RoleInfo.java:updateAndGet(143)) - fd83777f-1961-4155-b1e4-71103963baeb: start LeaderState
2019-10-11 00:22:23,928 [fd83777f-1961-4155-b1e4-71103963baeb@group-6D0AD9E5F9D2-LeaderElection62] INFO  segmented.SegmentedRaftLogWorker (SegmentedRaftLogWorker.java:startLogSegment(385)) - fd83777f-1961-4155-b1e4-71103963baeb@group-6D0AD9E5F9D2-SegmentedRaftLogWorker: Starting segment from index:0
2019-10-11 00:22:23,929 [fd83777f-1961-4155-b1e4-71103963baeb@group-6D0AD9E5F9D2-LeaderElection62] INFO  impl.RaftServerImpl (ServerState.java:setRaftConf(356)) - fd83777f-1961-4155-b1e4-71103963baeb@group-6D0AD9E5F9D2: set configuration 0: [fd83777f-1961-4155-b1e4-71103963baeb:192.168.151.127:35511], old=null at 0
2019-10-11 00:22:23,985 [fd83777f-1961-4155-b1e4-71103963baeb@group-6D0AD9E5F9D2-SegmentedRaftLogWorker] INFO  segmented.SegmentedRaftLogWorker (SegmentedRaftLogWorker.java:execute(574)) - fd83777f-1961-4155-b1e4-71103963baeb@group-6D0AD9E5F9D2-SegmentedRaftLogWorker: created new log segment /workdir/hadoop-ozone/integration-test/target/test-dir/MiniOzoneClusterImpl-87c1c27c-3391-4312-8e10-f972e80006e6/datanode-1/data/ratis/420ed830-2a6d-4b8d-9ce7-6d0ad9e5f9d2/current/log_inprogress_0
2019-10-11 00:22:24,040 [Thread-2326] INFO  impl.FollowerState (FollowerState.java:run(108)) - 937a7575-d737-483e-9c00-f1494ea9e9e0@group-4290FC9AB725-FollowerState: change to CANDIDATE, lastRpcTime:5047ms, electionTimeout:5047ms
2019-10-11 00:22:24,040 [Thread-2326] INFO  impl.RoleInfo (RoleInfo.java:shutdownFollowerState(121)) - 937a7575-d737-483e-9c00-f1494ea9e9e0: shutdown FollowerState
2019-10-11 00:22:24,040 [Thread-2326] INFO  impl.RaftServerImpl (RaftServerImpl.java:setRole(170)) - 937a7575-d737-483e-9c00-f1494ea9e9e0@group-4290FC9AB725: changes role from  FOLLOWER to CANDIDATE at term 0 for changeToCandidate
2019-10-11 00:22:24,041 [Thread-2326] INFO  impl.RoleInfo (RoleInfo.java:updateAndGet(143)) - 937a7575-d737-483e-9c00-f1494ea9e9e0: start LeaderElection
2019-10-11 00:22:24,060 [937a7575-d737-483e-9c00-f1494ea9e9e0@group-4290FC9AB725-LeaderElection63] INFO  impl.LeaderElection (LeaderElection.java:askForVotes(178)) - 937a7575-d737-483e-9c00-f1494ea9e9e0@group-4290FC9AB725-LeaderElection63: begin an election at term 1 for -1: [937a7575-d737-483e-9c00-f1494ea9e9e0:192.168.151.127:39281], old=null
2019-10-11 00:22:24,060 [937a7575-d737-483e-9c00-f1494ea9e9e0@group-4290FC9AB725-LeaderElection63] INFO  impl.RoleInfo (RoleInfo.java:shutdownLeaderElection(134)) - 937a7575-d737-483e-9c00-f1494ea9e9e0: shutdown LeaderElection
2019-10-11 00:22:24,060 [937a7575-d737-483e-9c00-f1494ea9e9e0@group-4290FC9AB725-LeaderElection63] INFO  impl.RaftServerImpl (RaftServerImpl.java:setRole(170)) - 937a7575-d737-483e-9c00-f1494ea9e9e0@group-4290FC9AB725: changes role from CANDIDATE to LEADER at term 1 for changeToLeader
2019-10-11 00:22:24,060 [937a7575-d737-483e-9c00-f1494ea9e9e0@group-4290FC9AB725-LeaderElection63] INFO  impl.RaftServerImpl (ServerState.java:setLeader(255)) - 937a7575-d737-483e-9c00-f1494ea9e9e0@group-4290FC9AB725: change Leader from null to 937a7575-d737-483e-9c00-f1494ea9e9e0 at term 1 for becomeLeader, leader elected after 5074ms
2019-10-11 00:22:24,060 [937a7575-d737-483e-9c00-f1494ea9e9e0@group-4290FC9AB725-LeaderElection63] INFO  server.RaftServerConfigKeys (ConfUtils.java:logGet(43)) - raft.server.staging.catchup.gap = 1000 (default)
2019-10-11 00:22:24,060 [937a7575-d737-483e-9c00-f1494ea9e9e0@group-4290FC9AB725-LeaderElection63] INFO  server.RaftServerConfigKeys (ConfUtils.java:logGet(43)) - raft.server.rpc.sleep.time = 25ms (default)
2019-10-11 00:22:24,061 [937a7575-d737-483e-9c00-f1494ea9e9e0@group-4290FC9AB725-LeaderElection63] INFO  server.RaftServerConfigKeys (ConfUtils.java:logGet(43)) - raft.server.write.element-limit = 4096 (default)
2019-10-11 00:22:24,061 [937a7575-d737-483e-9c00-f1494ea9e9e0@group-4290FC9AB725-LeaderElection63] INFO  server.RaftServerConfigKeys (ConfUtils.java:logGet(43)) - raft.server.watch.timeout = 10s (default)
2019-10-11 00:22:24,061 [937a7575-d737-483e-9c00-f1494ea9e9e0@group-4290FC9AB725-LeaderElection63] INFO  server.RaftServerConfigKeys (ConfUtils.java:logGet(43)) - raft.server.watch.timeout.denomination = 1s (default)
2019-10-11 00:22:24,061 [937a7575-d737-483e-9c00-f1494ea9e9e0@group-4290FC9AB725-LeaderElection63] INFO  server.RaftServerConfigKeys (ConfUtils.java:logGet(43)) - raft.server.watch.element-limit = 65536 (default)
2019-10-11 00:22:24,063 [937a7575-d737-483e-9c00-f1494ea9e9e0@group-4290FC9AB725-LeaderElection63] INFO  impl.RoleInfo (RoleInfo.java:updateAndGet(143)) - 937a7575-d737-483e-9c00-f1494ea9e9e0: start LeaderState
2019-10-11 00:22:24,063 [937a7575-d737-483e-9c00-f1494ea9e9e0@group-4290FC9AB725-LeaderElection63] INFO  segmented.SegmentedRaftLogWorker (SegmentedRaftLogWorker.java:startLogSegment(385)) - 937a7575-d737-483e-9c00-f1494ea9e9e0@group-4290FC9AB725-SegmentedRaftLogWorker: Starting segment from index:0
2019-10-11 00:22:24,064 [937a7575-d737-483e-9c00-f1494ea9e9e0@group-4290FC9AB725-LeaderElection63] INFO  impl.RaftServerImpl (ServerState.java:setRaftConf(356)) - 937a7575-d737-483e-9c00-f1494ea9e9e0@group-4290FC9AB725: set configuration 0: [937a7575-d737-483e-9c00-f1494ea9e9e0:192.168.151.127:39281], old=null at 0
2019-10-11 00:22:24,107 [937a7575-d737-483e-9c00-f1494ea9e9e0@group-4290FC9AB725-SegmentedRaftLogWorker] INFO  segmented.SegmentedRaftLogWorker (SegmentedRaftLogWorker.java:execute(574)) - 937a7575-d737-483e-9c00-f1494ea9e9e0@group-4290FC9AB725-SegmentedRaftLogWorker: created new log segment /workdir/hadoop-ozone/integration-test/target/test-dir/MiniOzoneClusterImpl-87c1c27c-3391-4312-8e10-f972e80006e6/datanode-2/data/ratis/c3175ace-1fa4-4396-b825-4290fc9ab725/current/log_inprogress_0
2019-10-11 00:22:24,114 [Thread-2333] INFO  impl.FollowerState (FollowerState.java:run(108)) - 937a7575-d737-483e-9c00-f1494ea9e9e0@group-EF6DC9F62791-FollowerState: change to CANDIDATE, lastRpcTime:5064ms, electionTimeout:5064ms
2019-10-11 00:22:24,114 [Thread-2333] INFO  impl.RoleInfo (RoleInfo.java:shutdownFollowerState(121)) - 937a7575-d737-483e-9c00-f1494ea9e9e0: shutdown FollowerState
2019-10-11 00:22:24,114 [Thread-2333] INFO  impl.RaftServerImpl (RaftServerImpl.java:setRole(170)) - 937a7575-d737-483e-9c00-f1494ea9e9e0@group-EF6DC9F62791: changes role from  FOLLOWER to CANDIDATE at term 0 for changeToCandidate
2019-10-11 00:22:24,115 [Thread-2333] INFO  impl.RoleInfo (RoleInfo.java:updateAndGet(143)) - 937a7575-d737-483e-9c00-f1494ea9e9e0: start LeaderElection
2019-10-11 00:22:24,147 [Thread-2329] INFO  impl.FollowerState (FollowerState.java:run(108)) - fd83777f-1961-4155-b1e4-71103963baeb@group-EF6DC9F62791-FollowerState: change to CANDIDATE, lastRpcTime:5101ms, electionTimeout:5101ms
2019-10-11 00:22:24,147 [Thread-2329] INFO  impl.RoleInfo (RoleInfo.java:shutdownFollowerState(121)) - fd83777f-1961-4155-b1e4-71103963baeb: shutdown FollowerState
2019-10-11 00:22:24,147 [Thread-2329] INFO  impl.RaftServerImpl (RaftServerImpl.java:setRole(170)) - fd83777f-1961-4155-b1e4-71103963baeb@group-EF6DC9F62791: changes role from  FOLLOWER to CANDIDATE at term 0 for changeToCandidate
2019-10-11 00:22:24,147 [Thread-2329] INFO  impl.RoleInfo (RoleInfo.java:updateAndGet(143)) - fd83777f-1961-4155-b1e4-71103963baeb: start LeaderElection
2019-10-11 00:22:24,154 [937a7575-d737-483e-9c00-f1494ea9e9e0@group-EF6DC9F62791-LeaderElection64] INFO  impl.LeaderElection (LeaderElection.java:askForVotes(178)) - 937a7575-d737-483e-9c00-f1494ea9e9e0@group-EF6DC9F62791-LeaderElection64: begin an election at term 1 for -1: [0793576e-28bd-4bcf-9513-0e06c686edc0:192.168.151.127:40641, fd83777f-1961-4155-b1e4-71103963baeb:192.168.151.127:35511, 937a7575-d737-483e-9c00-f1494ea9e9e0:192.168.151.127:39281], old=null
2019-10-11 00:22:24,159 [grpc-default-executor-4] INFO  impl.RaftServerImpl (RaftServerImpl.java:setRole(170)) - 0793576e-28bd-4bcf-9513-0e06c686edc0@group-EF6DC9F62791: changes role from  FOLLOWER to FOLLOWER at term 1 for recognizeCandidate:937a7575-d737-483e-9c00-f1494ea9e9e0
2019-10-11 00:22:24,160 [grpc-default-executor-4] INFO  impl.RoleInfo (RoleInfo.java:shutdownFollowerState(121)) - 0793576e-28bd-4bcf-9513-0e06c686edc0: shutdown FollowerState
2019-10-11 00:22:24,160 [fd83777f-1961-4155-b1e4-71103963baeb@group-EF6DC9F62791-LeaderElection65] INFO  impl.LeaderElection (LeaderElection.java:askForVotes(178)) - fd83777f-1961-4155-b1e4-71103963baeb@group-EF6DC9F62791-LeaderElection65: begin an election at term 1 for -1: [0793576e-28bd-4bcf-9513-0e06c686edc0:192.168.151.127:40641, fd83777f-1961-4155-b1e4-71103963baeb:192.168.151.127:35511, 937a7575-d737-483e-9c00-f1494ea9e9e0:192.168.151.127:39281], old=null
2019-10-11 00:22:24,160 [grpc-default-executor-4] INFO  impl.RoleInfo (RoleInfo.java:updateAndGet(143)) - 0793576e-28bd-4bcf-9513-0e06c686edc0: start FollowerState
2019-10-11 00:22:24,160 [Thread-2334] INFO  impl.FollowerState (FollowerState.java:run(117)) - 0793576e-28bd-4bcf-9513-0e06c686edc0@group-EF6DC9F62791-FollowerState was interrupted: java.lang.InterruptedException: sleep interrupted
2019-10-11 00:22:24,178 [fd83777f-1961-4155-b1e4-71103963baeb@group-EF6DC9F62791-LeaderElection65] INFO  impl.LeaderElection (LeaderElection.java:logAndReturn(56)) - fd83777f-1961-4155-b1e4-71103963baeb@group-EF6DC9F62791-LeaderElection65: Election REJECTED; received 2 response(s) [fd83777f-1961-4155-b1e4-71103963baeb<-0793576e-28bd-4bcf-9513-0e06c686edc0#0:FAIL-t1, fd83777f-1961-4155-b1e4-71103963baeb<-937a7575-d737-483e-9c00-f1494ea9e9e0#0:FAIL-t1] and 0 exception(s); fd83777f-1961-4155-b1e4-71103963baeb@group-EF6DC9F62791:t1, leader=null, voted=fd83777f-1961-4155-b1e4-71103963baeb, raftlog=fd83777f-1961-4155-b1e4-71103963baeb@group-EF6DC9F62791-SegmentedRaftLog:OPENED:c-1,f-1,i0, conf=-1: [0793576e-28bd-4bcf-9513-0e06c686edc0:192.168.151.127:40641, fd83777f-1961-4155-b1e4-71103963baeb:192.168.151.127:35511, 937a7575-d737-483e-9c00-f1494ea9e9e0:192.168.151.127:39281], old=null
2019-10-11 00:22:24,178 [937a7575-d737-483e-9c00-f1494ea9e9e0@group-EF6DC9F62791-LeaderElection64] INFO  impl.LeaderElection (LeaderElection.java:logAndReturn(56)) - 937a7575-d737-483e-9c00-f1494ea9e9e0@group-EF6DC9F62791-LeaderElection64: Election PASSED; received 2 response(s) [937a7575-d737-483e-9c00-f1494ea9e9e0<-0793576e-28bd-4bcf-9513-0e06c686edc0#0:OK-t1, 937a7575-d737-483e-9c00-f1494ea9e9e0<-fd83777f-1961-4155-b1e4-71103963baeb#0:FAIL-t1] and 0 exception(s); 937a7575-d737-483e-9c00-f1494ea9e9e0@group-EF6DC9F62791:t1, leader=null, voted=937a7575-d737-483e-9c00-f1494ea9e9e0, raftlog=937a7575-d737-483e-9c00-f1494ea9e9e0@group-EF6DC9F62791-SegmentedRaftLog:OPENED:c-1,f-1,i0, conf=-1: [0793576e-28bd-4bcf-9513-0e06c686edc0:192.168.151.127:40641, fd83777f-1961-4155-b1e4-71103963baeb:192.168.151.127:35511, 937a7575-d737-483e-9c00-f1494ea9e9e0:192.168.151.127:39281], old=null
2019-10-11 00:22:24,178 [fd83777f-1961-4155-b1e4-71103963baeb@group-EF6DC9F62791-LeaderElection65] INFO  impl.RaftServerImpl (RaftServerImpl.java:setRole(170)) - fd83777f-1961-4155-b1e4-71103963baeb@group-EF6DC9F62791: changes role from CANDIDATE to FOLLOWER at term 1 for DISCOVERED_A_NEW_TERM
2019-10-11 00:22:24,179 [937a7575-d737-483e-9c00-f1494ea9e9e0@group-EF6DC9F62791-LeaderElection64] INFO  impl.RoleInfo (RoleInfo.java:shutdownLeaderElection(134)) - 937a7575-d737-483e-9c00-f1494ea9e9e0: shutdown LeaderElection
2019-10-11 00:22:24,181 [fd83777f-1961-4155-b1e4-71103963baeb@group-EF6DC9F62791-LeaderElection65] INFO  impl.RoleInfo (RoleInfo.java:shutdownLeaderElection(134)) - fd83777f-1961-4155-b1e4-71103963baeb: shutdown LeaderElection
2019-10-11 00:22:24,183 [937a7575-d737-483e-9c00-f1494ea9e9e0@group-EF6DC9F62791-LeaderElection64] INFO  impl.RaftServerImpl (RaftServerImpl.java:setRole(170)) - 937a7575-d737-483e-9c00-f1494ea9e9e0@group-EF6DC9F62791: changes role from CANDIDATE to LEADER at term 1 for changeToLeader
2019-10-11 00:22:24,183 [fd83777f-1961-4155-b1e4-71103963baeb@group-EF6DC9F62791-LeaderElection65] INFO  impl.RoleInfo (RoleInfo.java:updateAndGet(143)) - fd83777f-1961-4155-b1e4-71103963baeb: start FollowerState
2019-10-11 00:22:24,183 [937a7575-d737-483e-9c00-f1494ea9e9e0@group-EF6DC9F62791-LeaderElection64] INFO  impl.RaftServerImpl (ServerState.java:setLeader(255)) - 937a7575-d737-483e-9c00-f1494ea9e9e0@group-EF6DC9F62791: change Leader from null to 937a7575-d737-483e-9c00-f1494ea9e9e0 at term 1 for becomeLeader, leader elected after 5145ms
2019-10-11 00:22:24,184 [937a7575-d737-483e-9c00-f1494ea9e9e0@group-EF6DC9F62791-LeaderElection64] INFO  server.RaftServerConfigKeys (ConfUtils.java:logGet(43)) - raft.server.staging.catchup.gap = 1000 (default)
2019-10-11 00:22:24,184 [937a7575-d737-483e-9c00-f1494ea9e9e0@group-EF6DC9F62791-LeaderElection64] INFO  server.RaftServerConfigKeys (ConfUtils.java:logGet(43)) - raft.server.rpc.sleep.time = 25ms (default)
2019-10-11 00:22:24,184 [937a7575-d737-483e-9c00-f1494ea9e9e0@group-EF6DC9F62791-LeaderElection64] INFO  server.RaftServerConfigKeys (ConfUtils.java:logGet(43)) - raft.server.write.element-limit = 4096 (default)
2019-10-11 00:22:24,184 [937a7575-d737-483e-9c00-f1494ea9e9e0@group-EF6DC9F62791-LeaderElection64] INFO  server.RaftServerConfigKeys (ConfUtils.java:logGet(43)) - raft.server.watch.timeout = 10s (default)
2019-10-11 00:22:24,184 [937a7575-d737-483e-9c00-f1494ea9e9e0@group-EF6DC9F62791-LeaderElection64] INFO  server.RaftServerConfigKeys (ConfUtils.java:logGet(43)) - raft.server.watch.timeout.denomination = 1s (default)
2019-10-11 00:22:24,184 [937a7575-d737-483e-9c00-f1494ea9e9e0@group-EF6DC9F62791-LeaderElection64] INFO  server.RaftServerConfigKeys (ConfUtils.java:logGet(43)) - raft.server.watch.element-limit = 65536 (default)
2019-10-11 00:22:24,185 [937a7575-d737-483e-9c00-f1494ea9e9e0@group-EF6DC9F62791-LeaderElection64] INFO  server.RaftServerConfigKeys (ConfUtils.java:logGet(43)) - raft.server.log.appender.snapshot.chunk.size.max = 16MB (=16777216) (default)
2019-10-11 00:22:24,186 [937a7575-d737-483e-9c00-f1494ea9e9e0@group-EF6DC9F62791-LeaderElection64] INFO  server.RaftServerConfigKeys (ConfUtils.java:logGet(43)) - raft.server.log.appender.buffer.byte-limit = 33554432 (custom)
2019-10-11 00:22:24,186 [937a7575-d737-483e-9c00-f1494ea9e9e0@group-EF6DC9F62791-LeaderElection64] INFO  server.RaftServerConfigKeys (ConfUtils.java:logGet(43)) - raft.server.log.appender.buffer.element-limit = 1 (custom)
2019-10-11 00:22:24,186 [937a7575-d737-483e-9c00-f1494ea9e9e0@group-EF6DC9F62791-LeaderElection64] INFO  grpc.GrpcConfigKeys$Server (ConfUtils.java:logGet(43)) - raft.grpc.server.leader.outstanding.appends.max = 128 (default)
2019-10-11 00:22:24,186 [937a7575-d737-483e-9c00-f1494ea9e9e0@group-EF6DC9F62791-LeaderElection64] INFO  server.RaftServerConfigKeys (ConfUtils.java:logGet(43)) - raft.server.rpc.request.timeout = 3000ms (default)
2019-10-11 00:22:24,186 [937a7575-d737-483e-9c00-f1494ea9e9e0@group-EF6DC9F62791-LeaderElection64] INFO  server.RaftServerConfigKeys (ConfUtils.java:logGet(43)) - raft.server.log.appender.install.snapshot.enabled = false (custom)
2019-10-11 00:22:24,187 [937a7575-d737-483e-9c00-f1494ea9e9e0@group-EF6DC9F62791-LeaderElection64] INFO  server.RaftServerConfigKeys (ConfUtils.java:logGet(43)) - raft.server.log.appender.snapshot.chunk.size.max = 16MB (=16777216) (default)
2019-10-11 00:22:24,187 [937a7575-d737-483e-9c00-f1494ea9e9e0@group-EF6DC9F62791-LeaderElection64] INFO  server.RaftServerConfigKeys (ConfUtils.java:logGet(43)) - raft.server.log.appender.buffer.byte-limit = 33554432 (custom)
2019-10-11 00:22:24,187 [937a7575-d737-483e-9c00-f1494ea9e9e0@group-EF6DC9F62791-LeaderElection64] INFO  server.RaftServerConfigKeys (ConfUtils.java:logGet(43)) - raft.server.log.appender.buffer.element-limit = 1 (custom)
2019-10-11 00:22:24,187 [937a7575-d737-483e-9c00-f1494ea9e9e0@group-EF6DC9F62791-LeaderElection64] INFO  grpc.GrpcConfigKeys$Server (ConfUtils.java:logGet(43)) - raft.grpc.server.leader.outstanding.appends.max = 128 (default)
2019-10-11 00:22:24,187 [937a7575-d737-483e-9c00-f1494ea9e9e0@group-EF6DC9F62791-LeaderElection64] INFO  server.RaftServerConfigKeys (ConfUtils.java:logGet(43)) - raft.server.rpc.request.timeout = 3000ms (default)
2019-10-11 00:22:24,187 [937a7575-d737-483e-9c00-f1494ea9e9e0@group-EF6DC9F62791-LeaderElection64] INFO  server.RaftServerConfigKeys (ConfUtils.java:logGet(43)) - raft.server.log.appender.install.snapshot.enabled = false (custom)
2019-10-11 00:22:24,187 [937a7575-d737-483e-9c00-f1494ea9e9e0@group-EF6DC9F62791-LeaderElection64] INFO  impl.RoleInfo (RoleInfo.java:updateAndGet(143)) - 937a7575-d737-483e-9c00-f1494ea9e9e0: start LeaderState
2019-10-11 00:22:24,187 [937a7575-d737-483e-9c00-f1494ea9e9e0@group-EF6DC9F62791-LeaderElection64] INFO  segmented.SegmentedRaftLogWorker (SegmentedRaftLogWorker.java:startLogSegment(385)) - 937a7575-d737-483e-9c00-f1494ea9e9e0@group-EF6DC9F62791-SegmentedRaftLogWorker: Starting segment from index:0
2019-10-11 00:22:24,188 [937a7575-d737-483e-9c00-f1494ea9e9e0@group-EF6DC9F62791-LeaderElection64] INFO  impl.RaftServerImpl (ServerState.java:setRaftConf(356)) - 937a7575-d737-483e-9c00-f1494ea9e9e0@group-EF6DC9F62791: set configuration 0: [0793576e-28bd-4bcf-9513-0e06c686edc0:192.168.151.127:40641, fd83777f-1961-4155-b1e4-71103963baeb:192.168.151.127:35511, 937a7575-d737-483e-9c00-f1494ea9e9e0:192.168.151.127:39281], old=null at 0
2019-10-11 00:22:24,226 [Thread-2338] INFO  impl.FollowerState (FollowerState.java:run(108)) - c1838209-360b-4841-8618-0c5f17178436@group-E5132A874C6B-FollowerState: change to CANDIDATE, lastRpcTime:5076ms, electionTimeout:5041ms
2019-10-11 00:22:24,226 [Thread-2338] INFO  impl.RoleInfo (RoleInfo.java:shutdownFollowerState(121)) - c1838209-360b-4841-8618-0c5f17178436: shutdown FollowerState
2019-10-11 00:22:24,226 [Thread-2338] INFO  impl.RaftServerImpl (RaftServerImpl.java:setRole(170)) - c1838209-360b-4841-8618-0c5f17178436@group-E5132A874C6B: changes role from  FOLLOWER to CANDIDATE at term 0 for changeToCandidate
2019-10-11 00:22:24,226 [Thread-2338] INFO  impl.RoleInfo (RoleInfo.java:updateAndGet(143)) - c1838209-360b-4841-8618-0c5f17178436: start LeaderElection
2019-10-11 00:22:24,227 [grpc-default-executor-1] INFO  impl.RaftServerImpl (ServerState.java:setLeader(255)) - fd83777f-1961-4155-b1e4-71103963baeb@group-EF6DC9F62791: change Leader from null to 937a7575-d737-483e-9c00-f1494ea9e9e0 at term 1 for appendEntries, leader elected after 5188ms
2019-10-11 00:22:24,230 [grpc-default-executor-4] INFO  impl.RaftServerImpl (ServerState.java:setLeader(255)) - 0793576e-28bd-4bcf-9513-0e06c686edc0@group-EF6DC9F62791: change Leader from null to 937a7575-d737-483e-9c00-f1494ea9e9e0 at term 1 for appendEntries, leader elected after 5191ms
2019-10-11 00:22:24,235 [grpc-default-executor-1] INFO  impl.RaftServerImpl (ServerState.java:setRaftConf(356)) - fd83777f-1961-4155-b1e4-71103963baeb@group-EF6DC9F62791: set configuration 0: [0793576e-28bd-4bcf-9513-0e06c686edc0:192.168.151.127:40641, fd83777f-1961-4155-b1e4-71103963baeb:192.168.151.127:35511, 937a7575-d737-483e-9c00-f1494ea9e9e0:192.168.151.127:39281], old=null at 0
2019-10-11 00:22:24,235 [grpc-default-executor-4] INFO  impl.RaftServerImpl (ServerState.java:setRaftConf(356)) - 0793576e-28bd-4bcf-9513-0e06c686edc0@group-EF6DC9F62791: set configuration 0: [0793576e-28bd-4bcf-9513-0e06c686edc0:192.168.151.127:40641, fd83777f-1961-4155-b1e4-71103963baeb:192.168.151.127:35511, 937a7575-d737-483e-9c00-f1494ea9e9e0:192.168.151.127:39281], old=null at 0
2019-10-11 00:22:24,236 [grpc-default-executor-1] INFO  segmented.SegmentedRaftLogWorker (SegmentedRaftLogWorker.java:startLogSegment(385)) - fd83777f-1961-4155-b1e4-71103963baeb@group-EF6DC9F62791-SegmentedRaftLogWorker: Starting segment from index:0
2019-10-11 00:22:24,236 [grpc-default-executor-4] INFO  segmented.SegmentedRaftLogWorker (SegmentedRaftLogWorker.java:startLogSegment(385)) - 0793576e-28bd-4bcf-9513-0e06c686edc0@group-EF6DC9F62791-SegmentedRaftLogWorker: Starting segment from index:0
2019-10-11 00:22:24,247 [Thread-2341] INFO  impl.FollowerState (FollowerState.java:run(108)) - 2887dbf8-1d76-43bc-ba93-570f89f16d67@group-1638DB1E5B1C-FollowerState: change to CANDIDATE, lastRpcTime:5053ms, electionTimeout:5053ms
2019-10-11 00:22:24,248 [Thread-2341] INFO  impl.RoleInfo (RoleInfo.java:shutdownFollowerState(121)) - 2887dbf8-1d76-43bc-ba93-570f89f16d67: shutdown FollowerState
2019-10-11 00:22:24,248 [Thread-2341] INFO  impl.RaftServerImpl (RaftServerImpl.java:setRole(170)) - 2887dbf8-1d76-43bc-ba93-570f89f16d67@group-1638DB1E5B1C: changes role from  FOLLOWER to CANDIDATE at term 0 for changeToCandidate
2019-10-11 00:22:24,248 [Thread-2341] INFO  impl.RoleInfo (RoleInfo.java:updateAndGet(143)) - 2887dbf8-1d76-43bc-ba93-570f89f16d67: start LeaderElection
2019-10-11 00:22:24,281 [937a7575-d737-483e-9c00-f1494ea9e9e0@group-EF6DC9F62791-SegmentedRaftLogWorker] INFO  segmented.SegmentedRaftLogWorker (SegmentedRaftLogWorker.java:execute(574)) - 937a7575-d737-483e-9c00-f1494ea9e9e0@group-EF6DC9F62791-SegmentedRaftLogWorker: created new log segment /workdir/hadoop-ozone/integration-test/target/test-dir/MiniOzoneClusterImpl-87c1c27c-3391-4312-8e10-f972e80006e6/datanode-2/data/ratis/4d6ac590-2e94-48a9-a1dd-ef6dc9f62791/current/log_inprogress_0
2019-10-11 00:22:24,285 [c1838209-360b-4841-8618-0c5f17178436@group-E5132A874C6B-LeaderElection66] INFO  impl.LeaderElection (LeaderElection.java:askForVotes(178)) - c1838209-360b-4841-8618-0c5f17178436@group-E5132A874C6B-LeaderElection66: begin an election at term 1 for -1: [c1838209-360b-4841-8618-0c5f17178436:192.168.151.127:40228], old=null
2019-10-11 00:22:24,286 [c1838209-360b-4841-8618-0c5f17178436@group-E5132A874C6B-LeaderElection66] INFO  impl.RoleInfo (RoleInfo.java:shutdownLeaderElection(134)) - c1838209-360b-4841-8618-0c5f17178436: shutdown LeaderElection
2019-10-11 00:22:24,286 [c1838209-360b-4841-8618-0c5f17178436@group-E5132A874C6B-LeaderElection66] INFO  impl.RaftServerImpl (RaftServerImpl.java:setRole(170)) - c1838209-360b-4841-8618-0c5f17178436@group-E5132A874C6B: changes role from CANDIDATE to LEADER at term 1 for changeToLeader
2019-10-11 00:22:24,286 [c1838209-360b-4841-8618-0c5f17178436@group-E5132A874C6B-LeaderElection66] INFO  impl.RaftServerImpl (ServerState.java:setLeader(255)) - c1838209-360b-4841-8618-0c5f17178436@group-E5132A874C6B: change Leader from null to c1838209-360b-4841-8618-0c5f17178436 at term 1 for becomeLeader, leader elected after 5143ms
2019-10-11 00:22:24,286 [c1838209-360b-4841-8618-0c5f17178436@group-E5132A874C6B-LeaderElection66] INFO  server.RaftServerConfigKeys (ConfUtils.java:logGet(43)) - raft.server.staging.catchup.gap = 1000 (default)
2019-10-11 00:22:24,286 [c1838209-360b-4841-8618-0c5f17178436@group-E5132A874C6B-LeaderElection66] INFO  server.RaftServerConfigKeys (ConfUtils.java:logGet(43)) - raft.server.rpc.sleep.time = 25ms (default)
2019-10-11 00:22:24,286 [c1838209-360b-4841-8618-0c5f17178436@group-E5132A874C6B-LeaderElection66] INFO  server.RaftServerConfigKeys (ConfUtils.java:logGet(43)) - raft.server.write.element-limit = 4096 (default)
2019-10-11 00:22:24,287 [c1838209-360b-4841-8618-0c5f17178436@group-E5132A874C6B-LeaderElection66] INFO  server.RaftServerConfigKeys (ConfUtils.java:logGet(43)) - raft.server.watch.timeout = 10s (default)
2019-10-11 00:22:24,287 [c1838209-360b-4841-8618-0c5f17178436@group-E5132A874C6B-LeaderElection66] INFO  server.RaftServerConfigKeys (ConfUtils.java:logGet(43)) - raft.server.watch.timeout.denomination = 1s (default)
2019-10-11 00:22:24,287 [c1838209-360b-4841-8618-0c5f17178436@group-E5132A874C6B-LeaderElection66] INFO  server.RaftServerConfigKeys (ConfUtils.java:logGet(43)) - raft.server.watch.element-limit = 65536 (default)
2019-10-11 00:22:24,289 [c1838209-360b-4841-8618-0c5f17178436@group-E5132A874C6B-LeaderElection66] INFO  impl.RoleInfo (RoleInfo.java:updateAndGet(143)) - c1838209-360b-4841-8618-0c5f17178436: start LeaderState
2019-10-11 00:22:24,289 [c1838209-360b-4841-8618-0c5f17178436@group-E5132A874C6B-LeaderElection66] INFO  segmented.SegmentedRaftLogWorker (SegmentedRaftLogWorker.java:startLogSegment(385)) - c1838209-360b-4841-8618-0c5f17178436@group-E5132A874C6B-SegmentedRaftLogWorker: Starting segment from index:0
2019-10-11 00:22:24,290 [c1838209-360b-4841-8618-0c5f17178436@group-E5132A874C6B-LeaderElection66] INFO  impl.RaftServerImpl (ServerState.java:setRaftConf(356)) - c1838209-360b-4841-8618-0c5f17178436@group-E5132A874C6B: set configuration 0: [c1838209-360b-4841-8618-0c5f17178436:192.168.151.127:40228], old=null at 0
2019-10-11 00:22:24,293 [fd83777f-1961-4155-b1e4-71103963baeb@group-EF6DC9F62791-SegmentedRaftLogWorker] INFO  segmented.SegmentedRaftLogWorker (SegmentedRaftLogWorker.java:execute(574)) - fd83777f-1961-4155-b1e4-71103963baeb@group-EF6DC9F62791-SegmentedRaftLogWorker: created new log segment /workdir/hadoop-ozone/integration-test/target/test-dir/MiniOzoneClusterImpl-87c1c27c-3391-4312-8e10-f972e80006e6/datanode-1/data/ratis/4d6ac590-2e94-48a9-a1dd-ef6dc9f62791/current/log_inprogress_0
2019-10-11 00:22:24,293 [0793576e-28bd-4bcf-9513-0e06c686edc0@group-EF6DC9F62791-SegmentedRaftLogWorker] INFO  segmented.SegmentedRaftLogWorker (SegmentedRaftLogWorker.java:execute(574)) - 0793576e-28bd-4bcf-9513-0e06c686edc0@group-EF6DC9F62791-SegmentedRaftLogWorker: created new log segment /workdir/hadoop-ozone/integration-test/target/test-dir/MiniOzoneClusterImpl-87c1c27c-3391-4312-8e10-f972e80006e6/datanode-0/data/ratis/4d6ac590-2e94-48a9-a1dd-ef6dc9f62791/current/log_inprogress_0
2019-10-11 00:22:24,294 [2887dbf8-1d76-43bc-ba93-570f89f16d67@group-1638DB1E5B1C-LeaderElection67] INFO  impl.LeaderElection (LeaderElection.java:askForVotes(178)) - 2887dbf8-1d76-43bc-ba93-570f89f16d67@group-1638DB1E5B1C-LeaderElection67: begin an election at term 1 for -1: [2887dbf8-1d76-43bc-ba93-570f89f16d67:192.168.151.127:34310], old=null
2019-10-11 00:22:24,294 [2887dbf8-1d76-43bc-ba93-570f89f16d67@group-1638DB1E5B1C-LeaderElection67] INFO  impl.RoleInfo (RoleInfo.java:shutdownLeaderElection(134)) - 2887dbf8-1d76-43bc-ba93-570f89f16d67: shutdown LeaderElection
2019-10-11 00:22:24,294 [2887dbf8-1d76-43bc-ba93-570f89f16d67@group-1638DB1E5B1C-LeaderElection67] INFO  impl.RaftServerImpl (RaftServerImpl.java:setRole(170)) - 2887dbf8-1d76-43bc-ba93-570f89f16d67@group-1638DB1E5B1C: changes role from CANDIDATE to LEADER at term 1 for changeToLeader
2019-10-11 00:22:24,294 [2887dbf8-1d76-43bc-ba93-570f89f16d67@group-1638DB1E5B1C-LeaderElection67] INFO  impl.RaftServerImpl (ServerState.java:setLeader(255)) - 2887dbf8-1d76-43bc-ba93-570f89f16d67@group-1638DB1E5B1C: change Leader from null to 2887dbf8-1d76-43bc-ba93-570f89f16d67 at term 1 for becomeLeader, leader elected after 5106ms
2019-10-11 00:22:24,294 [2887dbf8-1d76-43bc-ba93-570f89f16d67@group-1638DB1E5B1C-LeaderElection67] INFO  server.RaftServerConfigKeys (ConfUtils.java:logGet(43)) - raft.server.staging.catchup.gap = 1000 (default)
2019-10-11 00:22:24,295 [2887dbf8-1d76-43bc-ba93-570f89f16d67@group-1638DB1E5B1C-LeaderElection67] INFO  server.RaftServerConfigKeys (ConfUtils.java:logGet(43)) - raft.server.rpc.sleep.time = 25ms (default)
2019-10-11 00:22:24,295 [2887dbf8-1d76-43bc-ba93-570f89f16d67@group-1638DB1E5B1C-LeaderElection67] INFO  server.RaftServerConfigKeys (ConfUtils.java:logGet(43)) - raft.server.write.element-limit = 4096 (default)
2019-10-11 00:22:24,295 [2887dbf8-1d76-43bc-ba93-570f89f16d67@group-1638DB1E5B1C-LeaderElection67] INFO  server.RaftServerConfigKeys (ConfUtils.java:logGet(43)) - raft.server.watch.timeout = 10s (default)
2019-10-11 00:22:24,295 [2887dbf8-1d76-43bc-ba93-570f89f16d67@group-1638DB1E5B1C-LeaderElection67] INFO  server.RaftServerConfigKeys (ConfUtils.java:logGet(43)) - raft.server.watch.timeout.denomination = 1s (default)
2019-10-11 00:22:24,295 [2887dbf8-1d76-43bc-ba93-570f89f16d67@group-1638DB1E5B1C-LeaderElection67] INFO  server.RaftServerConfigKeys (ConfUtils.java:logGet(43)) - raft.server.watch.element-limit = 65536 (default)
2019-10-11 00:22:24,297 [2887dbf8-1d76-43bc-ba93-570f89f16d67@group-1638DB1E5B1C-LeaderElection67] INFO  impl.RoleInfo (RoleInfo.java:updateAndGet(143)) - 2887dbf8-1d76-43bc-ba93-570f89f16d67: start LeaderState
2019-10-11 00:22:24,298 [2887dbf8-1d76-43bc-ba93-570f89f16d67@group-1638DB1E5B1C-LeaderElection67] INFO  segmented.SegmentedRaftLogWorker (SegmentedRaftLogWorker.java:startLogSegment(385)) - 2887dbf8-1d76-43bc-ba93-570f89f16d67@group-1638DB1E5B1C-SegmentedRaftLogWorker: Starting segment from index:0
2019-10-11 00:22:24,298 [2887dbf8-1d76-43bc-ba93-570f89f16d67@group-1638DB1E5B1C-LeaderElection67] INFO  impl.RaftServerImpl (ServerState.java:setRaftConf(356)) - 2887dbf8-1d76-43bc-ba93-570f89f16d67@group-1638DB1E5B1C: set configuration 0: [2887dbf8-1d76-43bc-ba93-570f89f16d67:192.168.151.127:34310], old=null at 0
2019-10-11 00:22:24,347 [c1838209-360b-4841-8618-0c5f17178436@group-E5132A874C6B-SegmentedRaftLogWorker] INFO  segmented.SegmentedRaftLogWorker (SegmentedRaftLogWorker.java:execute(574)) - c1838209-360b-4841-8618-0c5f17178436@group-E5132A874C6B-SegmentedRaftLogWorker: created new log segment /workdir/hadoop-ozone/integration-test/target/test-dir/MiniOzoneClusterImpl-87c1c27c-3391-4312-8e10-f972e80006e6/datanode-4/data/ratis/af62e8ae-8870-4b85-9a2f-e5132a874c6b/current/log_inprogress_0
2019-10-11 00:22:24,351 [2887dbf8-1d76-43bc-ba93-570f89f16d67@group-1638DB1E5B1C-SegmentedRaftLogWorker] INFO  segmented.SegmentedRaftLogWorker (SegmentedRaftLogWorker.java:execute(574)) - 2887dbf8-1d76-43bc-ba93-570f89f16d67@group-1638DB1E5B1C-SegmentedRaftLogWorker: created new log segment /workdir/hadoop-ozone/integration-test/target/test-dir/MiniOzoneClusterImpl-87c1c27c-3391-4312-8e10-f972e80006e6/datanode-3/data/ratis/b9b12c25-dcb8-43ee-8169-1638db1e5b1c/current/log_inprogress_0
2019-10-11 00:22:24,441 [Thread-2352] INFO  impl.FollowerState (FollowerState.java:run(108)) - be43c5d1-212d-41ca-bfee-8d24915094ea@group-0FE1715A2167-FollowerState: change to CANDIDATE, lastRpcTime:5062ms, electionTimeout:5062ms
2019-10-11 00:22:24,441 [Thread-2352] INFO  impl.RoleInfo (RoleInfo.java:shutdownFollowerState(121)) - be43c5d1-212d-41ca-bfee-8d24915094ea: shutdown FollowerState
2019-10-11 00:22:24,441 [Thread-2352] INFO  impl.RaftServerImpl (RaftServerImpl.java:setRole(170)) - be43c5d1-212d-41ca-bfee-8d24915094ea@group-0FE1715A2167: changes role from  FOLLOWER to CANDIDATE at term 0 for changeToCandidate
2019-10-11 00:22:24,441 [Thread-2352] INFO  impl.RoleInfo (RoleInfo.java:updateAndGet(143)) - be43c5d1-212d-41ca-bfee-8d24915094ea: start LeaderElection
2019-10-11 00:22:24,446 [Thread-2346] INFO  impl.FollowerState (FollowerState.java:run(108)) - be43c5d1-212d-41ca-bfee-8d24915094ea@group-34AAF9DF841E-FollowerState: change to CANDIDATE, lastRpcTime:5176ms, electionTimeout:5168ms
2019-10-11 00:22:24,446 [Thread-2346] INFO  impl.RoleInfo (RoleInfo.java:shutdownFollowerState(121)) - be43c5d1-212d-41ca-bfee-8d24915094ea: shutdown FollowerState
2019-10-11 00:22:24,452 [Thread-2346] INFO  impl.RaftServerImpl (RaftServerImpl.java:setRole(170)) - be43c5d1-212d-41ca-bfee-8d24915094ea@group-34AAF9DF841E: changes role from  FOLLOWER to CANDIDATE at term 0 for changeToCandidate
2019-10-11 00:22:24,452 [Thread-2346] INFO  impl.RoleInfo (RoleInfo.java:updateAndGet(143)) - be43c5d1-212d-41ca-bfee-8d24915094ea: start LeaderElection
2019-10-11 00:22:24,475 [be43c5d1-212d-41ca-bfee-8d24915094ea@group-34AAF9DF841E-LeaderElection69] INFO  impl.LeaderElection (LeaderElection.java:askForVotes(178)) - be43c5d1-212d-41ca-bfee-8d24915094ea@group-34AAF9DF841E-LeaderElection69: begin an election at term 1 for -1: [be43c5d1-212d-41ca-bfee-8d24915094ea:192.168.151.127:46280], old=null
2019-10-11 00:22:24,475 [be43c5d1-212d-41ca-bfee-8d24915094ea@group-0FE1715A2167-LeaderElection68] INFO  impl.LeaderElection (LeaderElection.java:askForVotes(178)) - be43c5d1-212d-41ca-bfee-8d24915094ea@group-0FE1715A2167-LeaderElection68: begin an election at term 1 for -1: [be43c5d1-212d-41ca-bfee-8d24915094ea:192.168.151.127:46280, c1838209-360b-4841-8618-0c5f17178436:192.168.151.127:40228, ce8a7fbe-39cb-476e-badb-fba99f4eb6ca:192.168.151.127:39771], old=null
2019-10-11 00:22:24,475 [be43c5d1-212d-41ca-bfee-8d24915094ea@group-34AAF9DF841E-LeaderElection69] INFO  impl.RoleInfo (RoleInfo.java:shutdownLeaderElection(134)) - be43c5d1-212d-41ca-bfee-8d24915094ea: shutdown LeaderElection
2019-10-11 00:22:24,475 [be43c5d1-212d-41ca-bfee-8d24915094ea@group-34AAF9DF841E-LeaderElection69] INFO  impl.RaftServerImpl (RaftServerImpl.java:setRole(170)) - be43c5d1-212d-41ca-bfee-8d24915094ea@group-34AAF9DF841E: changes role from CANDIDATE to LEADER at term 1 for changeToLeader
2019-10-11 00:22:24,476 [be43c5d1-212d-41ca-bfee-8d24915094ea@group-34AAF9DF841E-LeaderElection69] INFO  impl.RaftServerImpl (ServerState.java:setLeader(255)) - be43c5d1-212d-41ca-bfee-8d24915094ea@group-34AAF9DF841E: change Leader from null to be43c5d1-212d-41ca-bfee-8d24915094ea at term 1 for becomeLeader, leader elected after 5237ms
2019-10-11 00:22:24,476 [be43c5d1-212d-41ca-bfee-8d24915094ea@group-34AAF9DF841E-LeaderElection69] INFO  server.RaftServerConfigKeys (ConfUtils.java:logGet(43)) - raft.server.staging.catchup.gap = 1000 (default)
2019-10-11 00:22:24,476 [be43c5d1-212d-41ca-bfee-8d24915094ea@group-34AAF9DF841E-LeaderElection69] INFO  server.RaftServerConfigKeys (ConfUtils.java:logGet(43)) - raft.server.rpc.sleep.time = 25ms (default)
2019-10-11 00:22:24,476 [be43c5d1-212d-41ca-bfee-8d24915094ea@group-34AAF9DF841E-LeaderElection69] INFO  server.RaftServerConfigKeys (ConfUtils.java:logGet(43)) - raft.server.write.element-limit = 4096 (default)
2019-10-11 00:22:24,476 [be43c5d1-212d-41ca-bfee-8d24915094ea@group-34AAF9DF841E-LeaderElection69] INFO  server.RaftServerConfigKeys (ConfUtils.java:logGet(43)) - raft.server.watch.timeout = 10s (default)
2019-10-11 00:22:24,477 [be43c5d1-212d-41ca-bfee-8d24915094ea@group-34AAF9DF841E-LeaderElection69] INFO  server.RaftServerConfigKeys (ConfUtils.java:logGet(43)) - raft.server.watch.timeout.denomination = 1s (default)
2019-10-11 00:22:24,477 [be43c5d1-212d-41ca-bfee-8d24915094ea@group-34AAF9DF841E-LeaderElection69] INFO  server.RaftServerConfigKeys (ConfUtils.java:logGet(43)) - raft.server.watch.element-limit = 65536 (default)
2019-10-11 00:22:24,481 [Thread-2356] INFO  impl.FollowerState (FollowerState.java:run(108)) - c1838209-360b-4841-8618-0c5f17178436@group-0FE1715A2167-FollowerState: change to CANDIDATE, lastRpcTime:5098ms, electionTimeout:5098ms
2019-10-11 00:22:24,481 [Thread-2356] INFO  impl.RoleInfo (RoleInfo.java:shutdownFollowerState(121)) - c1838209-360b-4841-8618-0c5f17178436: shutdown FollowerState
2019-10-11 00:22:24,481 [Thread-2356] INFO  impl.RaftServerImpl (RaftServerImpl.java:setRole(170)) - c1838209-360b-4841-8618-0c5f17178436@group-0FE1715A2167: changes role from  FOLLOWER to CANDIDATE at term 0 for changeToCandidate
2019-10-11 00:22:24,481 [Thread-2356] INFO  impl.RoleInfo (RoleInfo.java:updateAndGet(143)) - c1838209-360b-4841-8618-0c5f17178436: start LeaderElection
2019-10-11 00:22:24,491 [be43c5d1-212d-41ca-bfee-8d24915094ea@group-34AAF9DF841E-LeaderElection69] INFO  impl.RoleInfo (RoleInfo.java:updateAndGet(143)) - be43c5d1-212d-41ca-bfee-8d24915094ea: start LeaderState
2019-10-11 00:22:24,491 [be43c5d1-212d-41ca-bfee-8d24915094ea@group-34AAF9DF841E-LeaderElection69] INFO  segmented.SegmentedRaftLogWorker (SegmentedRaftLogWorker.java:startLogSegment(385)) - be43c5d1-212d-41ca-bfee-8d24915094ea@group-34AAF9DF841E-SegmentedRaftLogWorker: Starting segment from index:0
2019-10-11 00:22:24,494 [grpc-default-executor-4] INFO  impl.RaftServerImpl (RaftServerImpl.java:setRole(170)) - ce8a7fbe-39cb-476e-badb-fba99f4eb6ca@group-0FE1715A2167: changes role from  FOLLOWER to FOLLOWER at term 1 for recognizeCandidate:be43c5d1-212d-41ca-bfee-8d24915094ea
2019-10-11 00:22:24,495 [be43c5d1-212d-41ca-bfee-8d24915094ea@group-34AAF9DF841E-LeaderElection69] INFO  impl.RaftServerImpl (ServerState.java:setRaftConf(356)) - be43c5d1-212d-41ca-bfee-8d24915094ea@group-34AAF9DF841E: set configuration 0: [be43c5d1-212d-41ca-bfee-8d24915094ea:192.168.151.127:46280], old=null at 0
2019-10-11 00:22:24,495 [grpc-default-executor-4] INFO  impl.RoleInfo (RoleInfo.java:shutdownFollowerState(121)) - ce8a7fbe-39cb-476e-badb-fba99f4eb6ca: shutdown FollowerState
2019-10-11 00:22:24,495 [grpc-default-executor-4] INFO  impl.RoleInfo (RoleInfo.java:updateAndGet(143)) - ce8a7fbe-39cb-476e-badb-fba99f4eb6ca: start FollowerState
2019-10-11 00:22:24,495 [Thread-2357] INFO  impl.FollowerState (FollowerState.java:run(117)) - ce8a7fbe-39cb-476e-badb-fba99f4eb6ca@group-0FE1715A2167-FollowerState was interrupted: java.lang.InterruptedException: sleep interrupted
2019-10-11 00:22:24,528 [Thread-2349] INFO  impl.FollowerState (FollowerState.java:run(108)) - ce8a7fbe-39cb-476e-badb-fba99f4eb6ca@group-AC2BC2EDBAB9-FollowerState: change to CANDIDATE, lastRpcTime:5200ms, electionTimeout:5196ms
2019-10-11 00:22:24,528 [c1838209-360b-4841-8618-0c5f17178436@group-0FE1715A2167-LeaderElection70] INFO  impl.LeaderElection (LeaderElection.java:askForVotes(178)) - c1838209-360b-4841-8618-0c5f17178436@group-0FE1715A2167-LeaderElection70: begin an election at term 1 for -1: [be43c5d1-212d-41ca-bfee-8d24915094ea:192.168.151.127:46280, c1838209-360b-4841-8618-0c5f17178436:192.168.151.127:40228, ce8a7fbe-39cb-476e-badb-fba99f4eb6ca:192.168.151.127:39771], old=null
2019-10-11 00:22:24,528 [Thread-2349] INFO  impl.RoleInfo (RoleInfo.java:shutdownFollowerState(121)) - ce8a7fbe-39cb-476e-badb-fba99f4eb6ca: shutdown FollowerState
2019-10-11 00:22:24,528 [Thread-2349] INFO  impl.RaftServerImpl (RaftServerImpl.java:setRole(170)) - ce8a7fbe-39cb-476e-badb-fba99f4eb6ca@group-AC2BC2EDBAB9: changes role from  FOLLOWER to CANDIDATE at term 0 for changeToCandidate
2019-10-11 00:22:24,529 [Thread-2349] INFO  impl.RoleInfo (RoleInfo.java:updateAndGet(143)) - ce8a7fbe-39cb-476e-badb-fba99f4eb6ca: start LeaderElection
2019-10-11 00:22:24,543 [be43c5d1-212d-41ca-bfee-8d24915094ea@group-34AAF9DF841E-SegmentedRaftLogWorker] INFO  segmented.SegmentedRaftLogWorker (SegmentedRaftLogWorker.java:execute(574)) - be43c5d1-212d-41ca-bfee-8d24915094ea@group-34AAF9DF841E-SegmentedRaftLogWorker: created new log segment /workdir/hadoop-ozone/integration-test/target/test-dir/MiniOzoneClusterImpl-87c1c27c-3391-4312-8e10-f972e80006e6/datanode-5/data/ratis/6d281798-d83e-454a-8162-34aaf9df841e/current/log_inprogress_0
2019-10-11 00:22:24,544 [be43c5d1-212d-41ca-bfee-8d24915094ea@group-0FE1715A2167-LeaderElection68] INFO  impl.LeaderElection (LeaderElection.java:logAndReturn(56)) - be43c5d1-212d-41ca-bfee-8d24915094ea@group-0FE1715A2167-LeaderElection68: Election PASSED; received 2 response(s) [be43c5d1-212d-41ca-bfee-8d24915094ea<-c1838209-360b-4841-8618-0c5f17178436#0:FAIL-t1, be43c5d1-212d-41ca-bfee-8d24915094ea<-ce8a7fbe-39cb-476e-badb-fba99f4eb6ca#0:OK-t1] and 0 exception(s); be43c5d1-212d-41ca-bfee-8d24915094ea@group-0FE1715A2167:t1, leader=null, voted=be43c5d1-212d-41ca-bfee-8d24915094ea, raftlog=be43c5d1-212d-41ca-bfee-8d24915094ea@group-0FE1715A2167-SegmentedRaftLog:OPENED:c-1,f-1,i0, conf=-1: [be43c5d1-212d-41ca-bfee-8d24915094ea:192.168.151.127:46280, c1838209-360b-4841-8618-0c5f17178436:192.168.151.127:40228, ce8a7fbe-39cb-476e-badb-fba99f4eb6ca:192.168.151.127:39771], old=null
2019-10-11 00:22:24,544 [be43c5d1-212d-41ca-bfee-8d24915094ea@group-0FE1715A2167-LeaderElection68] INFO  impl.RoleInfo (RoleInfo.java:shutdownLeaderElection(134)) - be43c5d1-212d-41ca-bfee-8d24915094ea: shutdown LeaderElection
2019-10-11 00:22:24,545 [be43c5d1-212d-41ca-bfee-8d24915094ea@group-0FE1715A2167-LeaderElection68] INFO  impl.RaftServerImpl (RaftServerImpl.java:setRole(170)) - be43c5d1-212d-41ca-bfee-8d24915094ea@group-0FE1715A2167: changes role from CANDIDATE to LEADER at term 1 for changeToLeader
2019-10-11 00:22:24,545 [be43c5d1-212d-41ca-bfee-8d24915094ea@group-0FE1715A2167-LeaderElection68] INFO  impl.RaftServerImpl (ServerState.java:setLeader(255)) - be43c5d1-212d-41ca-bfee-8d24915094ea@group-0FE1715A2167: change Leader from null to be43c5d1-212d-41ca-bfee-8d24915094ea at term 1 for becomeLeader, leader elected after 5174ms
2019-10-11 00:22:24,545 [be43c5d1-212d-41ca-bfee-8d24915094ea@group-0FE1715A2167-LeaderElection68] INFO  server.RaftServerConfigKeys (ConfUtils.java:logGet(43)) - raft.server.staging.catchup.gap = 1000 (default)
2019-10-11 00:22:24,549 [be43c5d1-212d-41ca-bfee-8d24915094ea@group-0FE1715A2167-LeaderElection68] INFO  server.RaftServerConfigKeys (ConfUtils.java:logGet(43)) - raft.server.rpc.sleep.time = 25ms (default)
2019-10-11 00:22:24,549 [be43c5d1-212d-41ca-bfee-8d24915094ea@group-0FE1715A2167-LeaderElection68] INFO  server.RaftServerConfigKeys (ConfUtils.java:logGet(43)) - raft.server.write.element-limit = 4096 (default)
2019-10-11 00:22:24,552 [be43c5d1-212d-41ca-bfee-8d24915094ea@group-0FE1715A2167-LeaderElection68] INFO  server.RaftServerConfigKeys (ConfUtils.java:logGet(43)) - raft.server.watch.timeout = 10s (default)
2019-10-11 00:22:24,552 [be43c5d1-212d-41ca-bfee-8d24915094ea@group-0FE1715A2167-LeaderElection68] INFO  server.RaftServerConfigKeys (ConfUtils.java:logGet(43)) - raft.server.watch.timeout.denomination = 1s (default)
2019-10-11 00:22:24,552 [be43c5d1-212d-41ca-bfee-8d24915094ea@group-0FE1715A2167-LeaderElection68] INFO  server.RaftServerConfigKeys (ConfUtils.java:logGet(43)) - raft.server.watch.element-limit = 65536 (default)
2019-10-11 00:22:24,554 [be43c5d1-212d-41ca-bfee-8d24915094ea@group-0FE1715A2167-LeaderElection68] INFO  server.RaftServerConfigKeys (ConfUtils.java:logGet(43)) - raft.server.log.appender.snapshot.chunk.size.max = 16MB (=16777216) (default)
2019-10-11 00:22:24,554 [be43c5d1-212d-41ca-bfee-8d24915094ea@group-0FE1715A2167-LeaderElection68] INFO  server.RaftServerConfigKeys (ConfUtils.java:logGet(43)) - raft.server.log.appender.buffer.byte-limit = 33554432 (custom)
2019-10-11 00:22:24,555 [be43c5d1-212d-41ca-bfee-8d24915094ea@group-0FE1715A2167-LeaderElection68] INFO  server.RaftServerConfigKeys (ConfUtils.java:logGet(43)) - raft.server.log.appender.buffer.element-limit = 1 (custom)
2019-10-11 00:22:24,555 [be43c5d1-212d-41ca-bfee-8d24915094ea@group-0FE1715A2167-LeaderElection68] INFO  grpc.GrpcConfigKeys$Server (ConfUtils.java:logGet(43)) - raft.grpc.server.leader.outstanding.appends.max = 128 (default)
2019-10-11 00:22:24,555 [be43c5d1-212d-41ca-bfee-8d24915094ea@group-0FE1715A2167-LeaderElection68] INFO  server.RaftServerConfigKeys (ConfUtils.java:logGet(43)) - raft.server.rpc.request.timeout = 3000ms (default)
2019-10-11 00:22:24,555 [be43c5d1-212d-41ca-bfee-8d24915094ea@group-0FE1715A2167-LeaderElection68] INFO  server.RaftServerConfigKeys (ConfUtils.java:logGet(43)) - raft.server.log.appender.install.snapshot.enabled = false (custom)
2019-10-11 00:22:24,556 [be43c5d1-212d-41ca-bfee-8d24915094ea@group-0FE1715A2167-LeaderElection68] INFO  server.RaftServerConfigKeys (ConfUtils.java:logGet(43)) - raft.server.log.appender.snapshot.chunk.size.max = 16MB (=16777216) (default)
2019-10-11 00:22:24,556 [be43c5d1-212d-41ca-bfee-8d24915094ea@group-0FE1715A2167-LeaderElection68] INFO  server.RaftServerConfigKeys (ConfUtils.java:logGet(43)) - raft.server.log.appender.buffer.byte-limit = 33554432 (custom)
2019-10-11 00:22:24,556 [be43c5d1-212d-41ca-bfee-8d24915094ea@group-0FE1715A2167-LeaderElection68] INFO  server.RaftServerConfigKeys (ConfUtils.java:logGet(43)) - raft.server.log.appender.buffer.element-limit = 1 (custom)
2019-10-11 00:22:24,556 [be43c5d1-212d-41ca-bfee-8d24915094ea@group-0FE1715A2167-LeaderElection68] INFO  grpc.GrpcConfigKeys$Server (ConfUtils.java:logGet(43)) - raft.grpc.server.leader.outstanding.appends.max = 128 (default)
2019-10-11 00:22:24,556 [be43c5d1-212d-41ca-bfee-8d24915094ea@group-0FE1715A2167-LeaderElection68] INFO  server.RaftServerConfigKeys (ConfUtils.java:logGet(43)) - raft.server.rpc.request.timeout = 3000ms (default)
2019-10-11 00:22:24,556 [be43c5d1-212d-41ca-bfee-8d24915094ea@group-0FE1715A2167-LeaderElection68] INFO  server.RaftServerConfigKeys (ConfUtils.java:logGet(43)) - raft.server.log.appender.install.snapshot.enabled = false (custom)
2019-10-11 00:22:24,557 [be43c5d1-212d-41ca-bfee-8d24915094ea@group-0FE1715A2167-LeaderElection68] INFO  impl.RoleInfo (RoleInfo.java:updateAndGet(143)) - be43c5d1-212d-41ca-bfee-8d24915094ea: start LeaderState
2019-10-11 00:22:24,557 [be43c5d1-212d-41ca-bfee-8d24915094ea@group-0FE1715A2167-LeaderElection68] INFO  segmented.SegmentedRaftLogWorker (SegmentedRaftLogWorker.java:startLogSegment(385)) - be43c5d1-212d-41ca-bfee-8d24915094ea@group-0FE1715A2167-SegmentedRaftLogWorker: Starting segment from index:0
2019-10-11 00:22:24,558 [ce8a7fbe-39cb-476e-badb-fba99f4eb6ca@group-AC2BC2EDBAB9-LeaderElection71] INFO  impl.LeaderElection (LeaderElection.java:askForVotes(178)) - ce8a7fbe-39cb-476e-badb-fba99f4eb6ca@group-AC2BC2EDBAB9-LeaderElection71: begin an election at term 1 for -1: [ce8a7fbe-39cb-476e-badb-fba99f4eb6ca:192.168.151.127:39771], old=null
2019-10-11 00:22:24,595 [ce8a7fbe-39cb-476e-badb-fba99f4eb6ca@group-AC2BC2EDBAB9-LeaderElection71] INFO  impl.RoleInfo (RoleInfo.java:shutdownLeaderElection(134)) - ce8a7fbe-39cb-476e-badb-fba99f4eb6ca: shutdown LeaderElection
2019-10-11 00:22:24,595 [ce8a7fbe-39cb-476e-badb-fba99f4eb6ca@group-AC2BC2EDBAB9-LeaderElection71] INFO  impl.RaftServerImpl (RaftServerImpl.java:setRole(170)) - ce8a7fbe-39cb-476e-badb-fba99f4eb6ca@group-AC2BC2EDBAB9: changes role from CANDIDATE to LEADER at term 1 for changeToLeader
2019-10-11 00:22:24,558 [be43c5d1-212d-41ca-bfee-8d24915094ea@group-0FE1715A2167-LeaderElection68] INFO  impl.RaftServerImpl (ServerState.java:setRaftConf(356)) - be43c5d1-212d-41ca-bfee-8d24915094ea@group-0FE1715A2167: set configuration 0: [be43c5d1-212d-41ca-bfee-8d24915094ea:192.168.151.127:46280, c1838209-360b-4841-8618-0c5f17178436:192.168.151.127:40228, ce8a7fbe-39cb-476e-badb-fba99f4eb6ca:192.168.151.127:39771], old=null at 0
2019-10-11 00:22:24,595 [ce8a7fbe-39cb-476e-badb-fba99f4eb6ca@group-AC2BC2EDBAB9-LeaderElection71] INFO  impl.RaftServerImpl (ServerState.java:setLeader(255)) - ce8a7fbe-39cb-476e-badb-fba99f4eb6ca@group-AC2BC2EDBAB9: change Leader from null to ce8a7fbe-39cb-476e-badb-fba99f4eb6ca at term 1 for becomeLeader, leader elected after 5273ms
2019-10-11 00:22:24,596 [grpc-default-executor-6] INFO  impl.RaftServerImpl (RaftServerImpl.java:requestVote(754)) - be43c5d1-212d-41ca-bfee-8d24915094ea@group-0FE1715A2167-   LEADER: Withhold vote from candidate c1838209-360b-4841-8618-0c5f17178436 with term 1. State: leader=be43c5d1-212d-41ca-bfee-8d24915094ea, term=1, lastRpcElapsed=null
2019-10-11 00:22:24,596 [ce8a7fbe-39cb-476e-badb-fba99f4eb6ca@group-AC2BC2EDBAB9-LeaderElection71] INFO  server.RaftServerConfigKeys (ConfUtils.java:logGet(43)) - raft.server.staging.catchup.gap = 1000 (default)
2019-10-11 00:22:24,596 [ce8a7fbe-39cb-476e-badb-fba99f4eb6ca@group-AC2BC2EDBAB9-LeaderElection71] INFO  server.RaftServerConfigKeys (ConfUtils.java:logGet(43)) - raft.server.rpc.sleep.time = 25ms (default)
2019-10-11 00:22:24,596 [ce8a7fbe-39cb-476e-badb-fba99f4eb6ca@group-AC2BC2EDBAB9-LeaderElection71] INFO  server.RaftServerConfigKeys (ConfUtils.java:logGet(43)) - raft.server.write.element-limit = 4096 (default)
2019-10-11 00:22:24,596 [ce8a7fbe-39cb-476e-badb-fba99f4eb6ca@group-AC2BC2EDBAB9-LeaderElection71] INFO  server.RaftServerConfigKeys (ConfUtils.java:logGet(43)) - raft.server.watch.timeout = 10s (default)
2019-10-11 00:22:24,597 [ce8a7fbe-39cb-476e-badb-fba99f4eb6ca@group-AC2BC2EDBAB9-LeaderElection71] INFO  server.RaftServerConfigKeys (ConfUtils.java:logGet(43)) - raft.server.watch.timeout.denomination = 1s (default)
2019-10-11 00:22:24,597 [ce8a7fbe-39cb-476e-badb-fba99f4eb6ca@group-AC2BC2EDBAB9-LeaderElection71] INFO  server.RaftServerConfigKeys (ConfUtils.java:logGet(43)) - raft.server.watch.element-limit = 65536 (default)
2019-10-11 00:22:24,597 [grpc-default-executor-7] INFO  impl.RaftServerImpl (RaftServerImpl.java:setRole(170)) - c1838209-360b-4841-8618-0c5f17178436@group-0FE1715A2167: changes role from CANDIDATE to FOLLOWER at term 1 for appendEntries
2019-10-11 00:22:24,597 [grpc-default-executor-7] INFO  impl.RoleInfo (RoleInfo.java:shutdownLeaderElection(134)) - c1838209-360b-4841-8618-0c5f17178436: shutdown LeaderElection
2019-10-11 00:22:24,597 [c1838209-360b-4841-8618-0c5f17178436@group-0FE1715A2167-LeaderElection70] INFO  impl.LeaderElection (LeaderElection.java:logAndReturn(56)) - c1838209-360b-4841-8618-0c5f17178436@group-0FE1715A2167-LeaderElection70: Election REJECTED; received 2 response(s) [c1838209-360b-4841-8618-0c5f17178436<-be43c5d1-212d-41ca-bfee-8d24915094ea#0:FAIL-t1, c1838209-360b-4841-8618-0c5f17178436<-ce8a7fbe-39cb-476e-badb-fba99f4eb6ca#0:FAIL-t1] and 0 exception(s); c1838209-360b-4841-8618-0c5f17178436@group-0FE1715A2167:t1, leader=null, voted=c1838209-360b-4841-8618-0c5f17178436, raftlog=c1838209-360b-4841-8618-0c5f17178436@group-0FE1715A2167-SegmentedRaftLog:OPENED:c-1,f-1,i0, conf=-1: [be43c5d1-212d-41ca-bfee-8d24915094ea:192.168.151.127:46280, c1838209-360b-4841-8618-0c5f17178436:192.168.151.127:40228, ce8a7fbe-39cb-476e-badb-fba99f4eb6ca:192.168.151.127:39771], old=null
2019-10-11 00:22:24,597 [grpc-default-executor-7] INFO  impl.RoleInfo (RoleInfo.java:updateAndGet(143)) - c1838209-360b-4841-8618-0c5f17178436: start FollowerState
2019-10-11 00:22:24,598 [grpc-default-executor-4] INFO  impl.RaftServerImpl (ServerState.java:setLeader(255)) - ce8a7fbe-39cb-476e-badb-fba99f4eb6ca@group-0FE1715A2167: change Leader from null to be43c5d1-212d-41ca-bfee-8d24915094ea at term 1 for appendEntries, leader elected after 5226ms
2019-10-11 00:22:24,598 [grpc-default-executor-7] INFO  impl.RaftServerImpl (ServerState.java:setLeader(255)) - c1838209-360b-4841-8618-0c5f17178436@group-0FE1715A2167: change Leader from null to be43c5d1-212d-41ca-bfee-8d24915094ea at term 1 for appendEntries, leader elected after 5227ms
2019-10-11 00:22:24,601 [ce8a7fbe-39cb-476e-badb-fba99f4eb6ca@group-AC2BC2EDBAB9-LeaderElection71] INFO  impl.RoleInfo (RoleInfo.java:updateAndGet(143)) - ce8a7fbe-39cb-476e-badb-fba99f4eb6ca: start LeaderState
2019-10-11 00:22:24,601 [ce8a7fbe-39cb-476e-badb-fba99f4eb6ca@group-AC2BC2EDBAB9-LeaderElection71] INFO  segmented.SegmentedRaftLogWorker (SegmentedRaftLogWorker.java:startLogSegment(385)) - ce8a7fbe-39cb-476e-badb-fba99f4eb6ca@group-AC2BC2EDBAB9-SegmentedRaftLogWorker: Starting segment from index:0
2019-10-11 00:22:24,602 [ce8a7fbe-39cb-476e-badb-fba99f4eb6ca@group-AC2BC2EDBAB9-LeaderElection71] INFO  impl.RaftServerImpl (ServerState.java:setRaftConf(356)) - ce8a7fbe-39cb-476e-badb-fba99f4eb6ca@group-AC2BC2EDBAB9: set configuration 0: [ce8a7fbe-39cb-476e-badb-fba99f4eb6ca:192.168.151.127:39771], old=null at 0
2019-10-11 00:22:24,603 [grpc-default-executor-7] INFO  impl.RaftServerImpl (ServerState.java:setRaftConf(356)) - ce8a7fbe-39cb-476e-badb-fba99f4eb6ca@group-0FE1715A2167: set configuration 0: [be43c5d1-212d-41ca-bfee-8d24915094ea:192.168.151.127:46280, c1838209-360b-4841-8618-0c5f17178436:192.168.151.127:40228, ce8a7fbe-39cb-476e-badb-fba99f4eb6ca:192.168.151.127:39771], old=null at 0
2019-10-11 00:22:24,604 [grpc-default-executor-4] INFO  impl.RaftServerImpl (ServerState.java:setRaftConf(356)) - c1838209-360b-4841-8618-0c5f17178436@group-0FE1715A2167: set configuration 0: [be43c5d1-212d-41ca-bfee-8d24915094ea:192.168.151.127:46280, c1838209-360b-4841-8618-0c5f17178436:192.168.151.127:40228, ce8a7fbe-39cb-476e-badb-fba99f4eb6ca:192.168.151.127:39771], old=null at 0
2019-10-11 00:22:24,604 [grpc-default-executor-7] INFO  segmented.SegmentedRaftLogWorker (SegmentedRaftLogWorker.java:startLogSegment(385)) - ce8a7fbe-39cb-476e-badb-fba99f4eb6ca@group-0FE1715A2167-SegmentedRaftLogWorker: Starting segment from index:0
2019-10-11 00:22:24,604 [grpc-default-executor-4] INFO  segmented.SegmentedRaftLogWorker (SegmentedRaftLogWorker.java:startLogSegment(385)) - c1838209-360b-4841-8618-0c5f17178436@group-0FE1715A2167-SegmentedRaftLogWorker: Starting segment from index:0
2019-10-11 00:22:24,609 [be43c5d1-212d-41ca-bfee-8d24915094ea@group-0FE1715A2167-SegmentedRaftLogWorker] INFO  segmented.SegmentedRaftLogWorker (SegmentedRaftLogWorker.java:execute(574)) - be43c5d1-212d-41ca-bfee-8d24915094ea@group-0FE1715A2167-SegmentedRaftLogWorker: created new log segment /workdir/hadoop-ozone/integration-test/target/test-dir/MiniOzoneClusterImpl-87c1c27c-3391-4312-8e10-f972e80006e6/datanode-5/data/ratis/06300cc4-c20d-4962-b49b-0fe1715a2167/current/log_inprogress_0
2019-10-11 00:22:24,653 [ce8a7fbe-39cb-476e-badb-fba99f4eb6ca@group-0FE1715A2167-SegmentedRaftLogWorker] INFO  segmented.SegmentedRaftLogWorker (SegmentedRaftLogWorker.java:execute(574)) - ce8a7fbe-39cb-476e-badb-fba99f4eb6ca@group-0FE1715A2167-SegmentedRaftLogWorker: created new log segment /workdir/hadoop-ozone/integration-test/target/test-dir/MiniOzoneClusterImpl-87c1c27c-3391-4312-8e10-f972e80006e6/datanode-6/data/ratis/06300cc4-c20d-4962-b49b-0fe1715a2167/current/log_inprogress_0
2019-10-11 00:22:24,666 [ce8a7fbe-39cb-476e-badb-fba99f4eb6ca@group-AC2BC2EDBAB9-SegmentedRaftLogWorker] INFO  segmented.SegmentedRaftLogWorker (SegmentedRaftLogWorker.java:execute(574)) - ce8a7fbe-39cb-476e-badb-fba99f4eb6ca@group-AC2BC2EDBAB9-SegmentedRaftLogWorker: created new log segment /workdir/hadoop-ozone/integration-test/target/test-dir/MiniOzoneClusterImpl-87c1c27c-3391-4312-8e10-f972e80006e6/datanode-6/data/ratis/c2b3e46b-8903-4461-b34e-ac2bc2edbab9/current/log_inprogress_0
2019-10-11 00:22:24,666 [c1838209-360b-4841-8618-0c5f17178436@group-0FE1715A2167-SegmentedRaftLogWorker] INFO  segmented.SegmentedRaftLogWorker (SegmentedRaftLogWorker.java:execute(574)) - c1838209-360b-4841-8618-0c5f17178436@group-0FE1715A2167-SegmentedRaftLogWorker: created new log segment /workdir/hadoop-ozone/integration-test/target/test-dir/MiniOzoneClusterImpl-87c1c27c-3391-4312-8e10-f972e80006e6/datanode-4/data/ratis/06300cc4-c20d-4962-b49b-0fe1715a2167/current/log_inprogress_0
2019-10-11 00:22:24,773 [Datanode State Machine Thread - 0] INFO  statemachine.DatanodeStateMachine (DatanodeStateMachine.java:lambda$startDaemon$0(350)) - Ozone container server started.
2019-10-11 00:22:29,752 [main] INFO  ozoneimpl.OzoneContainer (OzoneContainer.java:stop(227)) - Attempting to stop container services.
2019-10-11 00:22:29,754 [main] INFO  impl.RaftServerProxy (RaftServerProxy.java:lambda$close$4(314)) - fd83777f-1961-4155-b1e4-71103963baeb: close
2019-10-11 00:22:29,755 [main] INFO  impl.RaftServerImpl (RaftServerImpl.java:lambda$shutdown$3(247)) - fd83777f-1961-4155-b1e4-71103963baeb@group-EF6DC9F62791: shutdown
2019-10-11 00:22:29,755 [main] INFO  util.JmxRegister (JmxRegister.java:unregister(73)) - Successfully un-registered JMX Bean with object name Ratis:service=RaftServer,group=group-EF6DC9F62791,id=fd83777f-1961-4155-b1e4-71103963baeb
2019-10-11 00:22:29,756 [main] INFO  impl.RoleInfo (RoleInfo.java:shutdownFollowerState(121)) - fd83777f-1961-4155-b1e4-71103963baeb: shutdown FollowerState
2019-10-11 00:22:29,756 [main] INFO  impl.StateMachineUpdater (StateMachineUpdater.java:stopAndJoin(136)) - fd83777f-1961-4155-b1e4-71103963baeb@group-EF6DC9F62791-StateMachineUpdater: set stopIndex = 2
2019-10-11 00:22:29,757 [fd83777f-1961-4155-b1e4-71103963baeb@group-EF6DC9F62791-StateMachineUpdater] INFO  ratis.ContainerStateMachine (ContainerStateMachine.java:takeSnapshot(294)) - group-EF6DC9F62791: Taking a snapshot at:(t:1, i:1) file /workdir/hadoop-ozone/integration-test/target/test-dir/MiniOzoneClusterImpl-87c1c27c-3391-4312-8e10-f972e80006e6/datanode-1/data/ratis/4d6ac590-2e94-48a9-a1dd-ef6dc9f62791/sm/snapshot.1_1
2019-10-11 00:22:29,756 [Thread-2385] INFO  impl.FollowerState (FollowerState.java:run(117)) - fd83777f-1961-4155-b1e4-71103963baeb@group-EF6DC9F62791-FollowerState was interrupted: java.lang.InterruptedException: sleep interrupted
2019-10-11 00:22:29,789 [fd83777f-1961-4155-b1e4-71103963baeb@group-EF6DC9F62791-StateMachineUpdater] INFO  ratis.ContainerStateMachine (ContainerStateMachine.java:takeSnapshot(305)) - group-EF6DC9F62791: Finished taking a snapshot at:(t:1, i:1) file:/workdir/hadoop-ozone/integration-test/target/test-dir/MiniOzoneClusterImpl-87c1c27c-3391-4312-8e10-f972e80006e6/datanode-1/data/ratis/4d6ac590-2e94-48a9-a1dd-ef6dc9f62791/sm/snapshot.1_1 time:32
2019-10-11 00:22:29,789 [fd83777f-1961-4155-b1e4-71103963baeb@group-EF6DC9F62791-StateMachineUpdater] INFO  impl.StateMachineUpdater (StateMachineUpdater.java:takeSnapshot(269)) - fd83777f-1961-4155-b1e4-71103963baeb@group-EF6DC9F62791-StateMachineUpdater: Took a snapshot at index 1
2019-10-11 00:22:29,790 [fd83777f-1961-4155-b1e4-71103963baeb@group-EF6DC9F62791-StateMachineUpdater] INFO  impl.StateMachineUpdater (StateMachineUpdater.java:lambda$new$0(84)) - fd83777f-1961-4155-b1e4-71103963baeb@group-EF6DC9F62791-StateMachineUpdater: snapshotIndex: updateIncreasingly -1 -> 1
2019-10-11 00:22:29,790 [fd83777f-1961-4155-b1e4-71103963baeb@group-EF6DC9F62791-StateMachineUpdater] INFO  ratis.ContainerStateMachine (ContainerStateMachine.java:takeSnapshot(294)) - group-EF6DC9F62791: Taking a snapshot at:(t:1, i:1) file /workdir/hadoop-ozone/integration-test/target/test-dir/MiniOzoneClusterImpl-87c1c27c-3391-4312-8e10-f972e80006e6/datanode-1/data/ratis/4d6ac590-2e94-48a9-a1dd-ef6dc9f62791/sm/snapshot.1_1
2019-10-11 00:22:29,803 [fd83777f-1961-4155-b1e4-71103963baeb@group-EF6DC9F62791-StateMachineUpdater] INFO  ratis.ContainerStateMachine (ContainerStateMachine.java:takeSnapshot(305)) - group-EF6DC9F62791: Finished taking a snapshot at:(t:1, i:1) file:/workdir/hadoop-ozone/integration-test/target/test-dir/MiniOzoneClusterImpl-87c1c27c-3391-4312-8e10-f972e80006e6/datanode-1/data/ratis/4d6ac590-2e94-48a9-a1dd-ef6dc9f62791/sm/snapshot.1_1 time:12
2019-10-11 00:22:29,803 [fd83777f-1961-4155-b1e4-71103963baeb@group-EF6DC9F62791-StateMachineUpdater] INFO  impl.StateMachineUpdater (StateMachineUpdater.java:takeSnapshot(269)) - fd83777f-1961-4155-b1e4-71103963baeb@group-EF6DC9F62791-StateMachineUpdater: Took a snapshot at index 1
2019-10-11 00:22:29,803 [fd83777f-1961-4155-b1e4-71103963baeb@group-EF6DC9F62791-StateMachineUpdater] INFO  impl.StateMachineUpdater (StateMachineUpdater.java:lambda$new$0(84)) - fd83777f-1961-4155-b1e4-71103963baeb@group-EF6DC9F62791-StateMachineUpdater: snapshotIndex: updateIncreasingly 1 -> 1
2019-10-11 00:22:29,804 [main] INFO  impl.RaftServerImpl (ServerState.java:close(387)) - fd83777f-1961-4155-b1e4-71103963baeb@group-EF6DC9F62791: closes. applyIndex: 2
2019-10-11 00:22:29,805 [fd83777f-1961-4155-b1e4-71103963baeb@group-EF6DC9F62791-SegmentedRaftLogWorker] INFO  segmented.SegmentedRaftLogWorker (SegmentedRaftLogWorker.java:run(316)) - fd83777f-1961-4155-b1e4-71103963baeb@group-EF6DC9F62791-SegmentedRaftLogWorker was interrupted, exiting. There are 0 tasks remaining in the queue.
2019-10-11 00:22:29,808 [main] INFO  segmented.SegmentedRaftLogWorker (SegmentedRaftLogWorker.java:close(224)) - fd83777f-1961-4155-b1e4-71103963baeb@group-EF6DC9F62791-SegmentedRaftLogWorker close()
2019-10-11 00:22:29,814 [main] INFO  impl.RaftServerImpl (RaftServerImpl.java:lambda$shutdown$3(247)) - fd83777f-1961-4155-b1e4-71103963baeb@group-6D0AD9E5F9D2: shutdown
2019-10-11 00:22:29,815 [main] INFO  util.JmxRegister (JmxRegister.java:unregister(73)) - Successfully un-registered JMX Bean with object name Ratis:service=RaftServer,group=group-6D0AD9E5F9D2,id=fd83777f-1961-4155-b1e4-71103963baeb
2019-10-11 00:22:29,815 [main] INFO  impl.RoleInfo (RoleInfo.java:shutdownLeaderState(104)) - fd83777f-1961-4155-b1e4-71103963baeb: shutdown LeaderState
2019-10-11 00:22:29,816 [main] INFO  impl.PendingRequests (PendingRequests.java:sendNotLeaderResponses(202)) - fd83777f-1961-4155-b1e4-71103963baeb@group-6D0AD9E5F9D2-PendingRequests: sendNotLeaderResponses
2019-10-11 00:22:29,816 [main] INFO  impl.StateMachineUpdater (StateMachineUpdater.java:stopAndJoin(136)) - fd83777f-1961-4155-b1e4-71103963baeb@group-6D0AD9E5F9D2-StateMachineUpdater: set stopIndex = 0
2019-10-11 00:22:29,817 [main] INFO  impl.RaftServerImpl (ServerState.java:close(387)) - fd83777f-1961-4155-b1e4-71103963baeb@group-6D0AD9E5F9D2: closes. applyIndex: 0
2019-10-11 00:22:29,817 [fd83777f-1961-4155-b1e4-71103963baeb@group-6D0AD9E5F9D2-SegmentedRaftLogWorker] INFO  segmented.SegmentedRaftLogWorker (SegmentedRaftLogWorker.java:run(316)) - fd83777f-1961-4155-b1e4-71103963baeb@group-6D0AD9E5F9D2-SegmentedRaftLogWorker was interrupted, exiting. There are 0 tasks remaining in the queue.
2019-10-11 00:22:29,820 [main] INFO  segmented.SegmentedRaftLogWorker (SegmentedRaftLogWorker.java:close(224)) - fd83777f-1961-4155-b1e4-71103963baeb@group-6D0AD9E5F9D2-SegmentedRaftLogWorker close()
2019-10-11 00:22:29,826 [main] INFO  server.GrpcService (GrpcService.java:closeImpl(164)) - fd83777f-1961-4155-b1e4-71103963baeb: shutdown server with port 35511 now
2019-10-11 00:22:29,828 [grpc-default-executor-4] WARN  server.GrpcServerProtocolService (LogUtils.java:warn(134)) - fd83777f-1961-4155-b1e4-71103963baeb: installSnapshot onError, lastRequest: 937a7575-d737-483e-9c00-f1494ea9e9e0->fd83777f-1961-4155-b1e4-71103963baeb#5-t1, previous=(t:1, i:2), leaderCommit=2, initializing? false, entries: <empty>: org.apache.ratis.thirdparty.io.grpc.StatusRuntimeException: CANCELLED: cancelled before receiving half close
2019-10-11 00:22:29,828 [main] INFO  server.GrpcService (GrpcService.java:closeImpl(172)) - fd83777f-1961-4155-b1e4-71103963baeb: shutdown server with port 35511 successfully
2019-10-11 00:22:29,828 [grpc-default-executor-7] WARN  server.GrpcLogAppender (LogUtils.java:warn(134)) - 937a7575-d737-483e-9c00-f1494ea9e9e0@group-EF6DC9F62791->fd83777f-1961-4155-b1e4-71103963baeb-AppendLogResponseHandler: Failed appendEntries: org.apache.ratis.thirdparty.io.grpc.StatusRuntimeException: CANCELLED: HTTP/2 error code: CANCEL
Received Rst Stream
2019-10-11 00:22:29,829 [grpc-default-executor-7] INFO  impl.FollowerInfo (FollowerInfo.java:lambda$new$0(51)) - 937a7575-d737-483e-9c00-f1494ea9e9e0@group-EF6DC9F62791->fd83777f-1961-4155-b1e4-71103963baeb: nextIndex: updateUnconditionally 3 -> 2
2019-10-11 00:22:29,837 [refreshUsed-/workdir/hadoop-ozone/integration-test/target/test-dir/MiniOzoneClusterImpl-87c1c27c-3391-4312-8e10-f972e80006e6/datanode-1/data/containers] WARN  fs.CachingGetSpaceUsed (CachingGetSpaceUsed.java:run(183)) - Thread Interrupted waiting to refresh disk information: sleep interrupted
2019-10-11 00:22:29,861 [main] INFO  utils.BackgroundService (BackgroundService.java:shutdown(151)) - Shutting down service BlockDeletingService
2019-10-11 00:22:29,871 [main] INFO  statemachine.DatanodeStateMachine (DatanodeStateMachine.java:stopDaemon(395)) - Ozone container server stopped.
2019-10-11 00:22:29,873 [main] INFO  handler.ContextHandler (ContextHandler.java:doStop(910)) - Stopped o.e.j.w.WebAppContext@1bd8afc8{/,null,UNAVAILABLE}{/hddsDatanode}
2019-10-11 00:22:29,874 [main] INFO  server.AbstractConnector (AbstractConnector.java:doStop(318)) - Stopped ServerConnector@24134cbc{HTTP/1.1,[http/1.1]}{0.0.0.0:0}
2019-10-11 00:22:29,874 [main] INFO  handler.ContextHandler (ContextHandler.java:doStop(910)) - Stopped o.e.j.s.ServletContextHandler@1e226bcd{/static,jar:file:/home/user/.m2/repository/org/apache/hadoop/hadoop-hdds-container-service/0.5.0-SNAPSHOT/hadoop-hdds-container-service-0.5.0-SNAPSHOT.jar!/webapps/static,UNAVAILABLE}
2019-10-11 00:22:29,875 [main] INFO  handler.ContextHandler (ContextHandler.java:doStop(910)) - Stopped o.e.j.s.ServletContextHandler@611d0763{/logs,file:///workdir/hadoop-ozone/integration-test/target/log,UNAVAILABLE}
2019-10-11 00:22:29,889 [grpc-default-executor-4] WARN  server.GrpcLogAppender (LogUtils.java:warn(134)) - 937a7575-d737-483e-9c00-f1494ea9e9e0@group-EF6DC9F62791->fd83777f-1961-4155-b1e4-71103963baeb-AppendLogResponseHandler: Failed appendEntries: org.apache.ratis.thirdparty.io.grpc.StatusRuntimeException: UNAVAILABLE: io exception
2019-10-11 00:22:29,889 [grpc-default-executor-4] INFO  impl.FollowerInfo (FollowerInfo.java:lambda$new$0(51)) - 937a7575-d737-483e-9c00-f1494ea9e9e0@group-EF6DC9F62791->fd83777f-1961-4155-b1e4-71103963baeb: nextIndex: updateUnconditionally 3 -> 2
2019-10-11 00:22:29,900 [grpc-default-executor-1] WARN  server.GrpcLogAppender (LogUtils.java:warn(134)) - 937a7575-d737-483e-9c00-f1494ea9e9e0@group-EF6DC9F62791->fd83777f-1961-4155-b1e4-71103963baeb-AppendLogResponseHandler: Failed appendEntries: org.apache.ratis.thirdparty.io.grpc.StatusRuntimeException: UNAVAILABLE: io exception
2019-10-11 00:22:29,900 [grpc-default-executor-1] INFO  impl.FollowerInfo (FollowerInfo.java:lambda$new$0(51)) - 937a7575-d737-483e-9c00-f1494ea9e9e0@group-EF6DC9F62791->fd83777f-1961-4155-b1e4-71103963baeb: nextIndex: updateUnconditionally 3 -> 2
2019-10-11 00:22:29,912 [grpc-default-executor-4] WARN  server.GrpcLogAppender (LogUtils.java:warn(134)) - 937a7575-d737-483e-9c00-f1494ea9e9e0@group-EF6DC9F62791->fd83777f-1961-4155-b1e4-71103963baeb-AppendLogResponseHandler: Failed appendEntries: org.apache.ratis.thirdparty.io.grpc.StatusRuntimeException: UNAVAILABLE: io exception
2019-10-11 00:22:29,912 [grpc-default-executor-4] INFO  impl.FollowerInfo (FollowerInfo.java:lambda$new$0(51)) - 937a7575-d737-483e-9c00-f1494ea9e9e0@group-EF6DC9F62791->fd83777f-1961-4155-b1e4-71103963baeb: nextIndex: updateUnconditionally 3 -> 2
2019-10-11 00:22:29,915 [EventQueue-IncrementalContainerReportForIncrementalContainerReportHandler] WARN  container.IncrementalContainerReportHandler (AbstractContainerReportHandler.java:updateContainerState(145)) - Container #1 is in OPEN state, but the datanode 937a7575-d737-483e-9c00-f1494ea9e9e0{ip: 192.168.151.127, host: pr-hdds-2282-bvc4c-4177210905, networkLocation: /default-rack, certSerialId: null} reports an CLOSING replica.
2019-10-11 00:22:29,928 [EventQueue-IncrementalContainerReportForIncrementalContainerReportHandler] WARN  container.IncrementalContainerReportHandler (AbstractContainerReportHandler.java:updateContainerState(145)) - Container #1 is in OPEN state, but the datanode 0793576e-28bd-4bcf-9513-0e06c686edc0{ip: 192.168.151.127, host: pr-hdds-2282-bvc4c-4177210905, networkLocation: /default-rack, certSerialId: null} reports an CLOSING replica.
2019-10-11 00:22:29,983 [RatisApplyTransactionExecutor 1] INFO  interfaces.Container (KeyValueContainer.java:flushAndSyncDB(386)) - Container 1 is synced with bcsId 0.
2019-10-11 00:22:30,000 [RatisApplyTransactionExecutor 1] INFO  interfaces.Container (KeyValueContainer.java:flushAndSyncDB(386)) - Container 1 is synced with bcsId 0.
2019-10-11 00:22:30,002 [RatisApplyTransactionExecutor 1] INFO  interfaces.Container (KeyValueContainer.java:flushAndSyncDB(386)) - Container 1 is synced with bcsId 0.
2019-10-11 00:22:30,002 [RatisApplyTransactionExecutor 1] INFO  interfaces.Container (KeyValueContainer.java:flushAndSyncDB(386)) - Container 1 is synced with bcsId 0.
2019-10-11 00:22:30,008 [RatisApplyTransactionExecutor 1] INFO  interfaces.Container (KeyValueContainer.java:close(335)) - Container 1 is closed with bcsId 0.
2019-10-11 00:22:30,014 [RatisApplyTransactionExecutor 1] INFO  interfaces.Container (KeyValueContainer.java:close(335)) - Container 1 is closed with bcsId 0.
2019-10-11 00:22:30,017 [EventQueue-IncrementalContainerReportForIncrementalContainerReportHandler] WARN  container.IncrementalContainerReportHandler (AbstractContainerReportHandler.java:updateContainerState(145)) - Container #1 is in OPEN state, but the datanode 937a7575-d737-483e-9c00-f1494ea9e9e0{ip: 192.168.151.127, host: pr-hdds-2282-bvc4c-4177210905, networkLocation: /default-rack, certSerialId: null} reports an CLOSED replica.
2019-10-11 00:22:30,018 [EventQueue-IncrementalContainerReportForIncrementalContainerReportHandler] WARN  container.IncrementalContainerReportHandler (AbstractContainerReportHandler.java:updateContainerState(145)) - Container #1 is in OPEN state, but the datanode 0793576e-28bd-4bcf-9513-0e06c686edc0{ip: 192.168.151.127, host: pr-hdds-2282-bvc4c-4177210905, networkLocation: /default-rack, certSerialId: null} reports an CLOSED replica.
2019-10-11 00:22:32,414 [grpc-default-executor-1] WARN  server.GrpcLogAppender (LogUtils.java:warn(134)) - 937a7575-d737-483e-9c00-f1494ea9e9e0@group-EF6DC9F62791->fd83777f-1961-4155-b1e4-71103963baeb-AppendLogResponseHandler: Failed appendEntries: org.apache.ratis.thirdparty.io.grpc.StatusRuntimeException: UNAVAILABLE: io exception
2019-10-11 00:22:32,415 [grpc-default-executor-1] INFO  impl.FollowerInfo (FollowerInfo.java:lambda$new$0(51)) - 937a7575-d737-483e-9c00-f1494ea9e9e0@group-EF6DC9F62791->fd83777f-1961-4155-b1e4-71103963baeb: nextIndex: updateUnconditionally 2 -> 1
2019-10-11 00:22:33,040 [main] WARN  scm.XceiverClientRatis (XceiverClientRatis.java:watchForCommit(277)) - 3 way commit failed on pipeline Pipeline[ Id: 4d6ac590-2e94-48a9-a1dd-ef6dc9f62791, Nodes: fd83777f-1961-4155-b1e4-71103963baeb{ip: 192.168.151.127, host: pr-hdds-2282-bvc4c-4177210905, networkLocation: /default-rack, certSerialId: null}937a7575-d737-483e-9c00-f1494ea9e9e0{ip: 192.168.151.127, host: pr-hdds-2282-bvc4c-4177210905, networkLocation: /default-rack, certSerialId: null}0793576e-28bd-4bcf-9513-0e06c686edc0{ip: 192.168.151.127, host: pr-hdds-2282-bvc4c-4177210905, networkLocation: /default-rack, certSerialId: null}, Type:RATIS, Factor:THREE, State:OPEN]
java.util.concurrent.TimeoutException
	at java.util.concurrent.CompletableFuture.timedGet(CompletableFuture.java:1771)
	at java.util.concurrent.CompletableFuture.get(CompletableFuture.java:1915)
	at org.apache.hadoop.hdds.scm.XceiverClientRatis.watchForCommit(XceiverClientRatis.java:274)
	at org.apache.hadoop.ozone.client.rpc.TestWatchForCommit.test2WayCommitForTimeoutException(TestWatchForCommit.java:391)
	at sun.reflect.NativeMethodAccessorImpl.invoke0(Native Method)
	at sun.reflect.NativeMethodAccessorImpl.invoke(NativeMethodAccessorImpl.java:62)
	at sun.reflect.DelegatingMethodAccessorImpl.invoke(DelegatingMethodAccessorImpl.java:43)
	at java.lang.reflect.Method.invoke(Method.java:498)
	at org.junit.runners.model.FrameworkMethod$1.runReflectiveCall(FrameworkMethod.java:47)
	at org.junit.internal.runners.model.ReflectiveCallable.run(ReflectiveCallable.java:12)
	at org.junit.runners.model.FrameworkMethod.invokeExplosively(FrameworkMethod.java:44)
	at org.junit.internal.runners.statements.InvokeMethod.evaluate(InvokeMethod.java:17)
	at org.junit.runners.ParentRunner.runLeaf(ParentRunner.java:271)
	at org.junit.runners.BlockJUnit4ClassRunner.runChild(BlockJUnit4ClassRunner.java:70)
	at org.junit.runners.BlockJUnit4ClassRunner.runChild(BlockJUnit4ClassRunner.java:50)
	at org.junit.runners.ParentRunner$3.run(ParentRunner.java:238)
	at org.junit.runners.ParentRunner$1.schedule(ParentRunner.java:63)
	at org.junit.runners.ParentRunner.runChildren(ParentRunner.java:236)
	at org.junit.runners.ParentRunner.access$000(ParentRunner.java:53)
	at org.junit.runners.ParentRunner$2.evaluate(ParentRunner.java:229)
	at org.junit.runners.ParentRunner.run(ParentRunner.java:309)
	at org.apache.maven.surefire.junit4.JUnit4Provider.execute(JUnit4Provider.java:365)
	at org.apache.maven.surefire.junit4.JUnit4Provider.executeWithRerun(JUnit4Provider.java:273)
	at org.apache.maven.surefire.junit4.JUnit4Provider.executeTestSet(JUnit4Provider.java:238)
	at org.apache.maven.surefire.junit4.JUnit4Provider.invoke(JUnit4Provider.java:159)
	at org.apache.maven.surefire.booter.ForkedBooter.invokeProviderInSameClassLoader(ForkedBooter.java:384)
	at org.apache.maven.surefire.booter.ForkedBooter.runSuitesInProcess(ForkedBooter.java:345)
	at org.apache.maven.surefire.booter.ForkedBooter.execute(ForkedBooter.java:126)
	at org.apache.maven.surefire.booter.ForkedBooter.main(ForkedBooter.java:418)
2019-10-11 00:22:33,057 [Thread-2449] INFO  client.GrpcClientProtocolService (GrpcClientProtocolService.java:lambda$processClientRequest$0(278)) - Failed RaftClientRequest:client-FD71B16078D2->0793576e-28bd-4bcf-9513-0e06c686edc0@group-EF6DC9F62791, cid=106, seq=0, Watch-MAJORITY_COMMITTED(3), Message:<EMPTY>, reply=RaftClientReply:client-FD71B16078D2->0793576e-28bd-4bcf-9513-0e06c686edc0@group-EF6DC9F62791, cid=106, FAILED org.apache.ratis.protocol.NotLeaderException: Server 0793576e-28bd-4bcf-9513-0e06c686edc0@group-EF6DC9F62791 is not the leader 937a7575-d737-483e-9c00-f1494ea9e9e0:192.168.151.127:39281, logIndex=0, commits[0793576e-28bd-4bcf-9513-0e06c686edc0:c4, fd83777f-1961-4155-b1e4-71103963baeb:c2, 937a7575-d737-483e-9c00-f1494ea9e9e0:c4]
2019-10-11 00:22:34,916 [grpc-default-executor-4] WARN  server.GrpcLogAppender (LogUtils.java:warn(134)) - 937a7575-d737-483e-9c00-f1494ea9e9e0@group-EF6DC9F62791->fd83777f-1961-4155-b1e4-71103963baeb-AppendLogResponseHandler: Failed appendEntries: org.apache.ratis.thirdparty.io.grpc.StatusRuntimeException: UNAVAILABLE: io exception
2019-10-11 00:22:34,922 [grpc-default-executor-4] INFO  impl.FollowerInfo (FollowerInfo.java:lambda$new$0(51)) - 937a7575-d737-483e-9c00-f1494ea9e9e0@group-EF6DC9F62791->fd83777f-1961-4155-b1e4-71103963baeb: nextIndex: updateUnconditionally 1 -> 0
]]></system-out>
    <system-err><![CDATA[Oct 11, 2019 12:22:29 AM org.apache.ratis.thirdparty.io.grpc.internal.SerializingExecutor run
SEVERE: Exception while executing runnable org.apache.ratis.thirdparty.io.grpc.internal.ServerImpl$JumpToApplicationThreadServerStreamListener$1Closed@335d769
org.apache.ratis.thirdparty.io.grpc.StatusRuntimeException: CANCELLED: call already cancelled
	at org.apache.ratis.thirdparty.io.grpc.Status.asRuntimeException(Status.java:517)
	at org.apache.ratis.thirdparty.io.grpc.stub.ServerCalls$ServerCallStreamObserverImpl.onCompleted(ServerCalls.java:356)
	at org.apache.ratis.grpc.server.GrpcServerProtocolService$ServerRequestStreamObserver.onError(GrpcServerProtocolService.java:121)
	at org.apache.ratis.thirdparty.io.grpc.stub.ServerCalls$StreamingServerCallHandler$StreamingServerCallListener.onCancel(ServerCalls.java:269)
	at org.apache.ratis.thirdparty.io.grpc.internal.ServerCallImpl$ServerStreamListenerImpl.closed(ServerCallImpl.java:293)
	at org.apache.ratis.thirdparty.io.grpc.internal.ServerImpl$JumpToApplicationThreadServerStreamListener$1Closed.runInContext(ServerImpl.java:741)
	at org.apache.ratis.thirdparty.io.grpc.internal.ContextRunnable.run(ContextRunnable.java:37)
	at org.apache.ratis.thirdparty.io.grpc.internal.SerializingExecutor.run(SerializingExecutor.java:123)
	at java.util.concurrent.ThreadPoolExecutor.runWorker(ThreadPoolExecutor.java:1149)
	at java.util.concurrent.ThreadPoolExecutor$Worker.run(ThreadPoolExecutor.java:624)
	at java.lang.Thread.run(Thread.java:748)

]]></system-err>
  </testcase>
</testsuite>