<?xml version="1.0" encoding="UTF-8"?>
<testsuite xmlns:xsi="http://www.w3.org/2001/XMLSchema-instance" xsi:noNamespaceSchemaLocation="https://maven.apache.org/surefire/maven-surefire-plugin/xsd/surefire-test-report.xsd" name="org.apache.hadoop.ozone.client.rpc.TestDeleteWithSlowFollower" time="134.625" tests="1" errors="0" skipped="0" failures="1">
  <properties>
    <property name="awt.toolkit" value="sun.awt.X11.XToolkit"/>
    <property name="file.encoding.pkg" value="sun.io"/>
    <property name="java.specification.version" value="1.8"/>
    <property name="sun.cpu.isalist" value=""/>
    <property name="sun.jnu.encoding" value="ANSI_X3.4-1968"/>
    <property name="java.class.path" value="/workdir/hadoop-ozone/integration-test/target/test-classes:/workdir/hadoop-ozone/integration-test/target/classes:/home/user/.m2/repository/org/apache/hadoop/hadoop-ozone-common/0.5.0-SNAPSHOT/hadoop-ozone-common-0.5.0-SNAPSHOT.jar:/home/user/.m2/repository/org/apache/commons/commons-compress/1.4.1/commons-compress-1.4.1.jar:/home/user/.m2/repository/org/tukaani/xz/1.0/xz-1.0.jar:/home/user/.m2/repository/org/apache/hadoop/hadoop-common/3.2.0/hadoop-common-3.2.0.jar:/home/user/.m2/repository/org/apache/hadoop/hadoop-hdfs/3.2.0/hadoop-hdfs-3.2.0.jar:/home/user/.m2/repository/org/apache/hadoop/hadoop-hdfs-client/3.2.0/hadoop-hdfs-client-3.2.0.jar:/home/user/.m2/repository/com/fasterxml/jackson/core/jackson-annotations/2.9.9/jackson-annotations-2.9.9.jar:/home/user/.m2/repository/org/apache/hadoop/hadoop-hdds-common/0.5.0-SNAPSHOT/hadoop-hdds-common-0.5.0-SNAPSHOT.jar:/home/user/.m2/repository/javax/annotation/javax.annotation-api/1.2/javax.annotation-api-1.2.jar:/home/user/.m2/repository/org/apache/ratis/ratis-server/0.5.0-3f446aa-SNAPSHOT/ratis-server-0.5.0-3f446aa-SNAPSHOT.jar:/home/user/.m2/repository/org/apache/ratis/ratis-thirdparty-misc/0.2.0/ratis-thirdparty-misc-0.2.0.jar:/home/user/.m2/repository/org/apache/ratis/ratis-proto/0.5.0-3f446aa-SNAPSHOT/ratis-proto-0.5.0-3f446aa-SNAPSHOT.jar:/home/user/.m2/repository/org/apache/ratis/ratis-common/0.5.0-3f446aa-SNAPSHOT/ratis-common-0.5.0-3f446aa-SNAPSHOT.jar:/home/user/.m2/repository/org/apache/ratis/ratis-client/0.5.0-3f446aa-SNAPSHOT/ratis-client-0.5.0-3f446aa-SNAPSHOT.jar:/home/user/.m2/repository/org/apache/ratis/ratis-metrics/0.5.0-3f446aa-SNAPSHOT/ratis-metrics-0.5.0-3f446aa-SNAPSHOT.jar:/home/user/.m2/repository/com/github/joshelser/dropwizard-metrics-hadoop-metrics2-reporter/0.1.2/dropwizard-metrics-hadoop-metrics2-reporter-0.1.2.jar:/home/user/.m2/repository/io/dropwizard/metrics/metrics-jvm/3.2.5/metrics-jvm-3.2.5.jar:/home/user/.m2/repository/io/dropwizard/metrics/metrics-ganglia/3.2.5/metrics-ganglia-3.2.5.jar:/home/user/.m2/repository/info/ganglia/gmetric4j/gmetric4j/1.0.7/gmetric4j-1.0.7.jar:/home/user/.m2/repository/org/apache/ratis/ratis-netty/0.5.0-3f446aa-SNAPSHOT/ratis-netty-0.5.0-3f446aa-SNAPSHOT.jar:/home/user/.m2/repository/org/apache/ratis/ratis-grpc/0.5.0-3f446aa-SNAPSHOT/ratis-grpc-0.5.0-3f446aa-SNAPSHOT.jar:/home/user/.m2/repository/org/rocksdb/rocksdbjni/6.0.1/rocksdbjni-6.0.1.jar:/home/user/.m2/repository/org/apache/logging/log4j/log4j-api/2.11.0/log4j-api-2.11.0.jar:/home/user/.m2/repository/org/apache/logging/log4j/log4j-core/2.11.0/log4j-core-2.11.0.jar:/home/user/.m2/repository/com/lmax/disruptor/3.4.2/disruptor-3.4.2.jar:/home/user/.m2/repository/org/apache/commons/commons-pool2/2.6.0/commons-pool2-2.6.0.jar:/home/user/.m2/repository/org/bouncycastle/bcpkix-jdk15on/1.60/bcpkix-jdk15on-1.60.jar:/home/user/.m2/repository/commons-validator/commons-validator/1.6/commons-validator-1.6.jar:/home/user/.m2/repository/commons-digester/commons-digester/1.8.1/commons-digester-1.8.1.jar:/home/user/.m2/repository/io/jaegertracing/jaeger-client/0.34.0/jaeger-client-0.34.0.jar:/home/user/.m2/repository/io/jaegertracing/jaeger-thrift/0.34.0/jaeger-thrift-0.34.0.jar:/home/user/.m2/repository/org/apache/thrift/libthrift/0.12.0/libthrift-0.12.0.jar:/home/user/.m2/repository/com/squareup/okhttp3/okhttp/3.9.0/okhttp-3.9.0.jar:/home/user/.m2/repository/com/squareup/okio/okio/1.13.0/okio-1.13.0.jar:/home/user/.m2/repository/io/jaegertracing/jaeger-core/0.34.0/jaeger-core-0.34.0.jar:/home/user/.m2/repository/io/jaegertracing/jaeger-tracerresolver/0.34.0/jaeger-tracerresolver-0.34.0.jar:/home/user/.m2/repository/io/opentracing/contrib/opentracing-tracerresolver/0.1.5/opentracing-tracerresolver-0.1.5.jar:/home/user/.m2/repository/io/opentracing/opentracing-util/0.31.0/opentracing-util-0.31.0.jar:/home/user/.m2/repository/io/opentracing/opentracing-api/0.31.0/opentracing-api-0.31.0.jar:/home/user/.m2/repository/io/opentracing/opentracing-noop/0.31.0/opentracing-noop-0.31.0.jar:/home/user/.m2/repository/org/apache/hadoop/hadoop-hdds-server-framework/0.5.0-SNAPSHOT/hadoop-hdds-server-framework-0.5.0-SNAPSHOT.jar:/home/user/.m2/repository/org/apache/hadoop/hadoop-hdds-container-service/0.5.0-SNAPSHOT/hadoop-hdds-container-service-0.5.0-SNAPSHOT.jar:/home/user/.m2/repository/org/apache/hadoop/hadoop-hdds-client/0.5.0-SNAPSHOT/hadoop-hdds-client-0.5.0-SNAPSHOT.jar:/home/user/.m2/repository/org/apache/hadoop/hadoop-hdds-tools/0.5.0-SNAPSHOT/hadoop-hdds-tools-0.5.0-SNAPSHOT.jar:/home/user/.m2/repository/org/apache/hadoop/hadoop-hdds-server-scm/0.5.0-SNAPSHOT/hadoop-hdds-server-scm-0.5.0-SNAPSHOT.jar:/home/user/.m2/repository/org/apache/hadoop/hadoop-hdds-docs/0.5.0-SNAPSHOT/hadoop-hdds-docs-0.5.0-SNAPSHOT.jar:/home/user/.m2/repository/io/dropwizard/metrics/metrics-core/3.2.4/metrics-core-3.2.4.jar:/home/user/.m2/repository/org/hamcrest/hamcrest-all/1.3/hamcrest-all-1.3.jar:/home/user/.m2/repository/org/bouncycastle/bcprov-jdk15on/1.60/bcprov-jdk15on-1.60.jar:/home/user/.m2/repository/info/picocli/picocli/3.9.6/picocli-3.9.6.jar:/home/user/.m2/repository/com/google/protobuf/protobuf-java/2.5.0/protobuf-java-2.5.0.jar:/home/user/.m2/repository/com/google/guava/guava/11.0.2/guava-11.0.2.jar:/home/user/.m2/repository/org/apache/hadoop/hadoop-ozone-ozone-manager/0.5.0-SNAPSHOT/hadoop-ozone-ozone-manager-0.5.0-SNAPSHOT.jar:/home/user/.m2/repository/org/apache/hadoop/hadoop-minikdc/3.2.0/hadoop-minikdc-3.2.0.jar:/home/user/.m2/repository/commons-io/commons-io/2.5/commons-io-2.5.jar:/home/user/.m2/repository/org/apache/kerby/kerb-simplekdc/1.0.1/kerb-simplekdc-1.0.1.jar:/home/user/.m2/repository/org/apache/kerby/kerb-client/1.0.1/kerb-client-1.0.1.jar:/home/user/.m2/repository/org/apache/kerby/kerby-config/1.0.1/kerby-config-1.0.1.jar:/home/user/.m2/repository/org/apache/kerby/kerb-core/1.0.1/kerb-core-1.0.1.jar:/home/user/.m2/repository/org/apache/kerby/kerby-pkix/1.0.1/kerby-pkix-1.0.1.jar:/home/user/.m2/repository/org/apache/kerby/kerby-asn1/1.0.1/kerby-asn1-1.0.1.jar:/home/user/.m2/repository/org/apache/kerby/kerby-util/1.0.1/kerby-util-1.0.1.jar:/home/user/.m2/repository/org/apache/kerby/kerb-common/1.0.1/kerb-common-1.0.1.jar:/home/user/.m2/repository/org/apache/kerby/kerb-crypto/1.0.1/kerb-crypto-1.0.1.jar:/home/user/.m2/repository/org/apache/kerby/kerb-util/1.0.1/kerb-util-1.0.1.jar:/home/user/.m2/repository/org/apache/kerby/token-provider/1.0.1/token-provider-1.0.1.jar:/home/user/.m2/repository/org/apache/kerby/kerb-admin/1.0.1/kerb-admin-1.0.1.jar:/home/user/.m2/repository/org/apache/kerby/kerb-server/1.0.1/kerb-server-1.0.1.jar:/home/user/.m2/repository/org/apache/kerby/kerb-identity/1.0.1/kerb-identity-1.0.1.jar:/home/user/.m2/repository/org/apache/kerby/kerby-xdr/1.0.1/kerby-xdr-1.0.1.jar:/home/user/.m2/repository/org/slf4j/slf4j-log4j12/1.7.25/slf4j-log4j12-1.7.25.jar:/home/user/.m2/repository/org/apache/hadoop/hadoop-ozone-s3gateway/0.5.0-SNAPSHOT/hadoop-ozone-s3gateway-0.5.0-SNAPSHOT.jar:/home/user/.m2/repository/org/jboss/weld/servlet/weld-servlet/2.4.7.Final/weld-servlet-2.4.7.Final.jar:/home/user/.m2/repository/org/glassfish/jersey/containers/jersey-container-servlet-core/2.27/jersey-container-servlet-core-2.27.jar:/home/user/.m2/repository/org/glassfish/hk2/external/javax.inject/2.5.0-b42/javax.inject-2.5.0-b42.jar:/home/user/.m2/repository/org/glassfish/jersey/core/jersey-common/2.27/jersey-common-2.27.jar:/home/user/.m2/repository/org/glassfish/hk2/osgi-resource-locator/1.0.1/osgi-resource-locator-1.0.1.jar:/home/user/.m2/repository/javax/ws/rs/javax.ws.rs-api/2.1/javax.ws.rs-api-2.1.jar:/home/user/.m2/repository/org/glassfish/jersey/ext/cdi/jersey-cdi1x/2.27/jersey-cdi1x-2.27.jar:/home/user/.m2/repository/org/glassfish/jersey/inject/jersey-hk2/2.27/jersey-hk2-2.27.jar:/home/user/.m2/repository/org/glassfish/hk2/hk2-locator/2.5.0-b42/hk2-locator-2.5.0-b42.jar:/home/user/.m2/repository/org/javassist/javassist/3.22.0-CR2/javassist-3.22.0-CR2.jar:/home/user/.m2/repository/org/glassfish/hk2/hk2-api/2.5.0/hk2-api-2.5.0.jar:/home/user/.m2/repository/org/glassfish/hk2/external/jakarta.inject/2.5.0/jakarta.inject-2.5.0.jar:/home/user/.m2/repository/org/glassfish/hk2/hk2-utils/2.5.0/hk2-utils-2.5.0.jar:/home/user/.m2/repository/jakarta/annotation/jakarta.annotation-api/1.3.4/jakarta.annotation-api-1.3.4.jar:/home/user/.m2/repository/org/glassfish/hk2/external/aopalliance-repackaged/2.5.0/aopalliance-repackaged-2.5.0.jar:/home/user/.m2/repository/com/fasterxml/jackson/dataformat/jackson-dataformat-xml/2.9.0/jackson-dataformat-xml-2.9.0.jar:/home/user/.m2/repository/com/fasterxml/jackson/core/jackson-core/2.9.9/jackson-core-2.9.9.jar:/home/user/.m2/repository/com/fasterxml/jackson/module/jackson-module-jaxb-annotations/2.9.9/jackson-module-jaxb-annotations-2.9.9.jar:/home/user/.m2/repository/javax/enterprise/cdi-api/1.2/cdi-api-1.2.jar:/home/user/.m2/repository/javax/el/javax.el-api/3.0.0/javax.el-api-3.0.0.jar:/home/user/.m2/repository/javax/interceptor/javax.interceptor-api/1.2/javax.interceptor-api-1.2.jar:/home/user/.m2/repository/javax/inject/javax.inject/1/javax.inject-1.jar:/home/user/.m2/repository/com/sun/xml/bind/jaxb-impl/2.3.0.1/jaxb-impl-2.3.0.1.jar:/home/user/.m2/repository/com/sun/xml/bind/jaxb-core/2.3.0.1/jaxb-core-2.3.0.1.jar:/home/user/.m2/repository/javax/xml/bind/jaxb-api/2.3.0/jaxb-api-2.3.0.jar:/home/user/.m2/repository/javax/activation/activation/1.1.1/activation-1.1.1.jar:/home/user/.m2/repository/org/apache/hadoop/hadoop-ozone-csi/0.5.0-SNAPSHOT/hadoop-ozone-csi-0.5.0-SNAPSHOT.jar:/home/user/.m2/repository/com/google/protobuf/protobuf-java-util/3.5.1/protobuf-java-util-3.5.1.jar:/home/user/.m2/repository/org/apache/hadoop/hadoop-hdds-config/0.5.0-SNAPSHOT/hadoop-hdds-config-0.5.0-SNAPSHOT.jar:/home/user/.m2/repository/io/grpc/grpc-netty/1.17.1/grpc-netty-1.17.1.jar:/home/user/.m2/repository/io/grpc/grpc-core/1.17.1/grpc-core-1.17.1.jar:/home/user/.m2/repository/io/grpc/grpc-context/1.17.1/grpc-context-1.17.1.jar:/home/user/.m2/repository/com/google/errorprone/error_prone_annotations/2.2.0/error_prone_annotations-2.2.0.jar:/home/user/.m2/repository/org/codehaus/mojo/animal-sniffer-annotations/1.17/animal-sniffer-annotations-1.17.jar:/home/user/.m2/repository/io/opencensus/opencensus-api/0.17.0/opencensus-api-0.17.0.jar:/home/user/.m2/repository/io/opencensus/opencensus-contrib-grpc-metrics/0.17.0/opencensus-contrib-grpc-metrics-0.17.0.jar:/home/user/.m2/repository/io/netty/netty-codec-http2/4.1.30.Final/netty-codec-http2-4.1.30.Final.jar:/home/user/.m2/repository/io/netty/netty-codec-http/4.1.30.Final/netty-codec-http-4.1.30.Final.jar:/home/user/.m2/repository/io/netty/netty-codec/4.1.30.Final/netty-codec-4.1.30.Final.jar:/home/user/.m2/repository/io/netty/netty-handler/4.1.30.Final/netty-handler-4.1.30.Final.jar:/home/user/.m2/repository/io/netty/netty-handler-proxy/4.1.30.Final/netty-handler-proxy-4.1.30.Final.jar:/home/user/.m2/repository/io/netty/netty-codec-socks/4.1.30.Final/netty-codec-socks-4.1.30.Final.jar:/home/user/.m2/repository/io/netty/netty-transport-native-epoll/4.1.30.Final/netty-transport-native-epoll-4.1.30.Final.jar:/home/user/.m2/repository/io/netty/netty-common/4.1.30.Final/netty-common-4.1.30.Final.jar:/home/user/.m2/repository/io/netty/netty-buffer/4.1.30.Final/netty-buffer-4.1.30.Final.jar:/home/user/.m2/repository/io/netty/netty-transport/4.1.30.Final/netty-transport-4.1.30.Final.jar:/home/user/.m2/repository/io/netty/netty-resolver/4.1.30.Final/netty-resolver-4.1.30.Final.jar:/home/user/.m2/repository/io/netty/netty-transport-native-unix-common/4.1.30.Final/netty-transport-native-unix-common-4.1.30.Final.jar:/home/user/.m2/repository/io/grpc/grpc-protobuf/1.17.1/grpc-protobuf-1.17.1.jar:/home/user/.m2/repository/com/google/api/grpc/proto-google-common-protos/1.0.0/proto-google-common-protos-1.0.0.jar:/home/user/.m2/repository/io/grpc/grpc-protobuf-lite/1.17.1/grpc-protobuf-lite-1.17.1.jar:/home/user/.m2/repository/io/grpc/grpc-stub/1.17.1/grpc-stub-1.17.1.jar:/home/user/.m2/repository/org/apache/hadoop/hadoop-ozone-recon/0.5.0-SNAPSHOT/hadoop-ozone-recon-0.5.0-SNAPSHOT.jar:/home/user/.m2/repository/org/apache/hadoop/hadoop-ozone-reconcodegen/0.5.0-SNAPSHOT/hadoop-ozone-reconcodegen-0.5.0-SNAPSHOT.jar:/home/user/.m2/repository/com/google/inject/extensions/guice-multibindings/4.0/guice-multibindings-4.0.jar:/home/user/.m2/repository/com/google/inject/guice/4.0/guice-4.0.jar:/home/user/.m2/repository/aopalliance/aopalliance/1.0/aopalliance-1.0.jar:/home/user/.m2/repository/com/google/inject/extensions/guice-servlet/4.0/guice-servlet-4.0.jar:/home/user/.m2/repository/org/glassfish/jersey/containers/jersey-container-servlet/2.27/jersey-container-servlet-2.27.jar:/home/user/.m2/repository/org/glassfish/hk2/guice-bridge/2.5.0/guice-bridge-2.5.0.jar:/home/user/.m2/repository/org/glassfish/jersey/core/jersey-server/2.27/jersey-server-2.27.jar:/home/user/.m2/repository/org/glassfish/jersey/core/jersey-client/2.27/jersey-client-2.27.jar:/home/user/.m2/repository/org/glassfish/jersey/media/jersey-media-jaxb/2.27/jersey-media-jaxb-2.27.jar:/home/user/.m2/repository/javax/validation/validation-api/1.1.0.Final/validation-api-1.1.0.Final.jar:/home/user/.m2/repository/org/glassfish/jersey/media/jersey-media-json-jackson/2.27/jersey-media-json-jackson-2.27.jar:/home/user/.m2/repository/org/glassfish/jersey/ext/jersey-entity-filtering/2.27/jersey-entity-filtering-2.27.jar:/home/user/.m2/repository/com/google/inject/extensions/guice-assistedinject/4.0/guice-assistedinject-4.0.jar:/home/user/.m2/repository/org/jooq/jooq/3.11.10/jooq-3.11.10.jar:/home/user/.m2/repository/org/jooq/jooq-meta/3.11.10/jooq-meta-3.11.10.jar:/home/user/.m2/repository/org/jooq/jooq-codegen/3.11.10/jooq-codegen-3.11.10.jar:/home/user/.m2/repository/com/jolbox/bonecp/0.8.0.RELEASE/bonecp-0.8.0.RELEASE.jar:/home/user/.m2/repository/org/xerial/sqlite-jdbc/3.25.2/sqlite-jdbc-3.25.2.jar:/home/user/.m2/repository/org/springframework/spring-jdbc/5.1.3.RELEASE/spring-jdbc-5.1.3.RELEASE.jar:/home/user/.m2/repository/org/springframework/spring-beans/5.1.3.RELEASE/spring-beans-5.1.3.RELEASE.jar:/home/user/.m2/repository/org/springframework/spring-core/5.1.3.RELEASE/spring-core-5.1.3.RELEASE.jar:/home/user/.m2/repository/org/springframework/spring-jcl/5.1.3.RELEASE/spring-jcl-5.1.3.RELEASE.jar:/home/user/.m2/repository/org/springframework/spring-tx/5.1.3.RELEASE/spring-tx-5.1.3.RELEASE.jar:/home/user/.m2/repository/org/apache/hadoop/hadoop-ozone-client/0.5.0-SNAPSHOT/hadoop-ozone-client-0.5.0-SNAPSHOT.jar:/home/user/.m2/repository/commons-lang/commons-lang/2.6/commons-lang-2.6.jar:/home/user/.m2/repository/org/apache/hadoop/hadoop-ozone-ozone-manager/0.5.0-SNAPSHOT/hadoop-ozone-ozone-manager-0.5.0-SNAPSHOT-tests.jar:/home/user/.m2/repository/junit/junit/4.11/junit-4.11.jar:/home/user/.m2/repository/org/hamcrest/hamcrest-core/1.3/hamcrest-core-1.3.jar:/home/user/.m2/repository/org/openjdk/jmh/jmh-core/1.19/jmh-core-1.19.jar:/home/user/.m2/repository/net/sf/jopt-simple/jopt-simple/4.6/jopt-simple-4.6.jar:/home/user/.m2/repository/org/apache/commons/commons-math3/3.1.1/commons-math3-3.1.1.jar:/home/user/.m2/repository/org/openjdk/jmh/jmh-generator-annprocess/1.19/jmh-generator-annprocess-1.19.jar:/home/user/.m2/repository/org/mockito/mockito-all/1.8.5/mockito-all-1.8.5.jar:/home/user/.m2/repository/org/apache/hadoop/hadoop-kms/3.2.0/hadoop-kms-3.2.0.jar:/home/user/.m2/repository/org/apache/hadoop/hadoop-auth/3.2.0/hadoop-auth-3.2.0.jar:/home/user/.m2/repository/com/nimbusds/nimbus-jose-jwt/4.41.1/nimbus-jose-jwt-4.41.1.jar:/home/user/.m2/repository/com/github/stephenc/jcip/jcip-annotations/1.0-1/jcip-annotations-1.0-1.jar:/home/user/.m2/repository/net/minidev/json-smart/2.3/json-smart-2.3.jar:/home/user/.m2/repository/net/minidev/accessors-smart/1.2/accessors-smart-1.2.jar:/home/user/.m2/repository/org/ow2/asm/asm/5.0.4/asm-5.0.4.jar:/home/user/.m2/repository/org/apache/curator/curator-framework/2.12.0/curator-framework-2.12.0.jar:/home/user/.m2/repository/com/sun/jersey/jersey-core/1.19/jersey-core-1.19.jar:/home/user/.m2/repository/javax/ws/rs/jsr311-api/1.1.1/jsr311-api-1.1.1.jar:/home/user/.m2/repository/com/sun/jersey/jersey-server/1.19/jersey-server-1.19.jar:/home/user/.m2/repository/javax/servlet/javax.servlet-api/3.1.0/javax.servlet-api-3.1.0.jar:/home/user/.m2/repository/org/eclipse/jetty/jetty-server/9.3.25.v20180904/jetty-server-9.3.25.v20180904.jar:/home/user/.m2/repository/org/eclipse/jetty/jetty-http/9.3.25.v20180904/jetty-http-9.3.25.v20180904.jar:/home/user/.m2/repository/org/eclipse/jetty/jetty-io/9.3.25.v20180904/jetty-io-9.3.25.v20180904.jar:/home/user/.m2/repository/org/eclipse/jetty/jetty-webapp/9.3.25.v20180904/jetty-webapp-9.3.25.v20180904.jar:/home/user/.m2/repository/org/eclipse/jetty/jetty-xml/9.3.25.v20180904/jetty-xml-9.3.25.v20180904.jar:/home/user/.m2/repository/log4j/log4j/1.2.17/log4j-1.2.17.jar:/home/user/.m2/repository/org/slf4j/slf4j-api/1.7.25/slf4j-api-1.7.25.jar:/home/user/.m2/repository/org/slf4j/jul-to-slf4j/1.7.25/jul-to-slf4j-1.7.25.jar:/home/user/.m2/repository/org/eclipse/jetty/jetty-util/9.3.25.v20180904/jetty-util-9.3.25.v20180904.jar:/home/user/.m2/repository/com/fasterxml/jackson/core/jackson-databind/2.9.9/jackson-databind-2.9.9.jar:/home/user/.m2/repository/org/apache/hadoop/hadoop-kms/3.2.0/hadoop-kms-3.2.0-tests.jar:/home/user/.m2/repository/org/apache/hadoop/hadoop-hdds-server-scm/0.5.0-SNAPSHOT/hadoop-hdds-server-scm-0.5.0-SNAPSHOT-tests.jar:/home/user/.m2/repository/org/apache/hadoop/hadoop-hdds-container-service/0.5.0-SNAPSHOT/hadoop-hdds-container-service-0.5.0-SNAPSHOT-tests.jar:/home/user/.m2/repository/org/yaml/snakeyaml/1.16/snakeyaml-1.16.jar:/home/user/.m2/repository/org/apache/hadoop/hadoop-common/3.2.0/hadoop-common-3.2.0-tests.jar:/home/user/.m2/repository/org/apache/hadoop/hadoop-annotations/3.2.0/hadoop-annotations-3.2.0.jar:/usr/lib/jvm/java-1.8.0-openjdk-1.8.0.222.b10-1.el7_7.x86_64/jre/../lib/tools.jar:/home/user/.m2/repository/commons-cli/commons-cli/1.2/commons-cli-1.2.jar:/home/user/.m2/repository/org/apache/httpcomponents/httpclient/4.5.2/httpclient-4.5.2.jar:/home/user/.m2/repository/org/apache/httpcomponents/httpcore/4.4.4/httpcore-4.4.4.jar:/home/user/.m2/repository/commons-codec/commons-codec/1.11/commons-codec-1.11.jar:/home/user/.m2/repository/commons-net/commons-net/3.6/commons-net-3.6.jar:/home/user/.m2/repository/commons-collections/commons-collections/3.2.2/commons-collections-3.2.2.jar:/home/user/.m2/repository/org/eclipse/jetty/jetty-servlet/9.3.25.v20180904/jetty-servlet-9.3.25.v20180904.jar:/home/user/.m2/repository/org/eclipse/jetty/jetty-security/9.3.25.v20180904/jetty-security-9.3.25.v20180904.jar:/home/user/.m2/repository/javax/servlet/jsp/jsp-api/2.1/jsp-api-2.1.jar:/home/user/.m2/repository/com/sun/jersey/jersey-servlet/1.19/jersey-servlet-1.19.jar:/home/user/.m2/repository/com/sun/jersey/jersey-json/1.19/jersey-json-1.19.jar:/home/user/.m2/repository/org/codehaus/jettison/jettison/1.1/jettison-1.1.jar:/home/user/.m2/repository/org/codehaus/jackson/jackson-core-asl/1.9.13/jackson-core-asl-1.9.13.jar:/home/user/.m2/repository/org/codehaus/jackson/jackson-mapper-asl/1.9.13/jackson-mapper-asl-1.9.13.jar:/home/user/.m2/repository/org/codehaus/jackson/jackson-jaxrs/1.9.13/jackson-jaxrs-1.9.13.jar:/home/user/.m2/repository/org/codehaus/jackson/jackson-xc/1.9.13/jackson-xc-1.9.13.jar:/home/user/.m2/repository/commons-logging/commons-logging/1.1.3/commons-logging-1.1.3.jar:/home/user/.m2/repository/commons-beanutils/commons-beanutils/1.9.4/commons-beanutils-1.9.4.jar:/home/user/.m2/repository/org/apache/commons/commons-configuration2/2.1.1/commons-configuration2-2.1.1.jar:/home/user/.m2/repository/org/apache/commons/commons-lang3/3.7/commons-lang3-3.7.jar:/home/user/.m2/repository/org/apache/commons/commons-text/1.4/commons-text-1.4.jar:/home/user/.m2/repository/org/apache/avro/avro/1.7.7/avro-1.7.7.jar:/home/user/.m2/repository/com/thoughtworks/paranamer/paranamer/2.3/paranamer-2.3.jar:/home/user/.m2/repository/org/xerial/snappy/snappy-java/1.0.5/snappy-java-1.0.5.jar:/home/user/.m2/repository/com/google/re2j/re2j/1.1/re2j-1.1.jar:/home/user/.m2/repository/com/google/code/gson/gson/2.2.4/gson-2.2.4.jar:/home/user/.m2/repository/com/jcraft/jsch/0.1.54/jsch-0.1.54.jar:/home/user/.m2/repository/org/apache/curator/curator-client/2.12.0/curator-client-2.12.0.jar:/home/user/.m2/repository/org/apache/curator/curator-recipes/2.12.0/curator-recipes-2.12.0.jar:/home/user/.m2/repository/com/google/code/findbugs/jsr305/3.0.0/jsr305-3.0.0.jar:/home/user/.m2/repository/org/apache/htrace/htrace-core4/4.1.0-incubating/htrace-core4-4.1.0-incubating.jar:/home/user/.m2/repository/org/apache/zookeeper/zookeeper/3.4.13/zookeeper-3.4.13.jar:/home/user/.m2/repository/jline/jline/0.9.94/jline-0.9.94.jar:/home/user/.m2/repository/org/apache/yetus/audience-annotations/0.5.0/audience-annotations-0.5.0.jar:/home/user/.m2/repository/org/codehaus/woodstox/stax2-api/3.1.4/stax2-api-3.1.4.jar:/home/user/.m2/repository/com/fasterxml/woodstox/woodstox-core/5.0.3/woodstox-core-5.0.3.jar:/home/user/.m2/repository/dnsjava/dnsjava/2.1.7/dnsjava-2.1.7.jar:/home/user/.m2/repository/org/apache/hadoop/hadoop-hdfs/3.2.0/hadoop-hdfs-3.2.0-tests.jar:/home/user/.m2/repository/org/eclipse/jetty/jetty-util-ajax/9.3.25.v20180904/jetty-util-ajax-9.3.25.v20180904.jar:/home/user/.m2/repository/commons-daemon/commons-daemon/1.0.13/commons-daemon-1.0.13.jar:/home/user/.m2/repository/io/netty/netty/3.10.5.Final/netty-3.10.5.Final.jar:/home/user/.m2/repository/io/netty/netty-all/4.0.52.Final/netty-all-4.0.52.Final.jar:/home/user/.m2/repository/org/fusesource/leveldbjni/leveldbjni-all/1.8/leveldbjni-all-1.8.jar:"/>
    <property name="java.vm.vendor" value="Oracle Corporation"/>
    <property name="sun.arch.data.model" value="64"/>
    <property name="test.build.dir" value="/workdir/hadoop-ozone/integration-test/target/test-dir"/>
    <property name="test.cache.data" value=""/>
    <property name="java.vendor.url" value="http://java.oracle.com/"/>
    <property name="user.timezone" value=""/>
    <property name="java.vm.specification.version" value="1.8"/>
    <property name="os.name" value="Linux"/>
    <property name="test.build.data" value="/workdir/hadoop-ozone/integration-test/target/test-dir"/>
    <property name="user.country" value="US"/>
    <property name="sun.java.launcher" value="SUN_STANDARD"/>
    <property name="sun.boot.library.path" value="/usr/lib/jvm/java-1.8.0-openjdk-1.8.0.222.b10-1.el7_7.x86_64/jre/lib/amd64"/>
    <property name="sun.java.command" value="/workdir/hadoop-ozone/integration-test/target/surefire/surefirebooter5478155378337543006.jar /workdir/hadoop-ozone/integration-test/target/surefire 2019-10-17T23-32-54_691-jvmRun1 surefire1584829039071608466tmp surefire_48881134666010034183tmp"/>
    <property name="surefire.test.class.path" value="/workdir/hadoop-ozone/integration-test/target/test-classes:/workdir/hadoop-ozone/integration-test/target/classes:/home/user/.m2/repository/org/apache/hadoop/hadoop-ozone-common/0.5.0-SNAPSHOT/hadoop-ozone-common-0.5.0-SNAPSHOT.jar:/home/user/.m2/repository/org/apache/commons/commons-compress/1.4.1/commons-compress-1.4.1.jar:/home/user/.m2/repository/org/tukaani/xz/1.0/xz-1.0.jar:/home/user/.m2/repository/org/apache/hadoop/hadoop-common/3.2.0/hadoop-common-3.2.0.jar:/home/user/.m2/repository/org/apache/hadoop/hadoop-hdfs/3.2.0/hadoop-hdfs-3.2.0.jar:/home/user/.m2/repository/org/apache/hadoop/hadoop-hdfs-client/3.2.0/hadoop-hdfs-client-3.2.0.jar:/home/user/.m2/repository/com/fasterxml/jackson/core/jackson-annotations/2.9.9/jackson-annotations-2.9.9.jar:/home/user/.m2/repository/org/apache/hadoop/hadoop-hdds-common/0.5.0-SNAPSHOT/hadoop-hdds-common-0.5.0-SNAPSHOT.jar:/home/user/.m2/repository/javax/annotation/javax.annotation-api/1.2/javax.annotation-api-1.2.jar:/home/user/.m2/repository/org/apache/ratis/ratis-server/0.5.0-3f446aa-SNAPSHOT/ratis-server-0.5.0-3f446aa-SNAPSHOT.jar:/home/user/.m2/repository/org/apache/ratis/ratis-thirdparty-misc/0.2.0/ratis-thirdparty-misc-0.2.0.jar:/home/user/.m2/repository/org/apache/ratis/ratis-proto/0.5.0-3f446aa-SNAPSHOT/ratis-proto-0.5.0-3f446aa-SNAPSHOT.jar:/home/user/.m2/repository/org/apache/ratis/ratis-common/0.5.0-3f446aa-SNAPSHOT/ratis-common-0.5.0-3f446aa-SNAPSHOT.jar:/home/user/.m2/repository/org/apache/ratis/ratis-client/0.5.0-3f446aa-SNAPSHOT/ratis-client-0.5.0-3f446aa-SNAPSHOT.jar:/home/user/.m2/repository/org/apache/ratis/ratis-metrics/0.5.0-3f446aa-SNAPSHOT/ratis-metrics-0.5.0-3f446aa-SNAPSHOT.jar:/home/user/.m2/repository/com/github/joshelser/dropwizard-metrics-hadoop-metrics2-reporter/0.1.2/dropwizard-metrics-hadoop-metrics2-reporter-0.1.2.jar:/home/user/.m2/repository/io/dropwizard/metrics/metrics-jvm/3.2.5/metrics-jvm-3.2.5.jar:/home/user/.m2/repository/io/dropwizard/metrics/metrics-ganglia/3.2.5/metrics-ganglia-3.2.5.jar:/home/user/.m2/repository/info/ganglia/gmetric4j/gmetric4j/1.0.7/gmetric4j-1.0.7.jar:/home/user/.m2/repository/org/apache/ratis/ratis-netty/0.5.0-3f446aa-SNAPSHOT/ratis-netty-0.5.0-3f446aa-SNAPSHOT.jar:/home/user/.m2/repository/org/apache/ratis/ratis-grpc/0.5.0-3f446aa-SNAPSHOT/ratis-grpc-0.5.0-3f446aa-SNAPSHOT.jar:/home/user/.m2/repository/org/rocksdb/rocksdbjni/6.0.1/rocksdbjni-6.0.1.jar:/home/user/.m2/repository/org/apache/logging/log4j/log4j-api/2.11.0/log4j-api-2.11.0.jar:/home/user/.m2/repository/org/apache/logging/log4j/log4j-core/2.11.0/log4j-core-2.11.0.jar:/home/user/.m2/repository/com/lmax/disruptor/3.4.2/disruptor-3.4.2.jar:/home/user/.m2/repository/org/apache/commons/commons-pool2/2.6.0/commons-pool2-2.6.0.jar:/home/user/.m2/repository/org/bouncycastle/bcpkix-jdk15on/1.60/bcpkix-jdk15on-1.60.jar:/home/user/.m2/repository/commons-validator/commons-validator/1.6/commons-validator-1.6.jar:/home/user/.m2/repository/commons-digester/commons-digester/1.8.1/commons-digester-1.8.1.jar:/home/user/.m2/repository/io/jaegertracing/jaeger-client/0.34.0/jaeger-client-0.34.0.jar:/home/user/.m2/repository/io/jaegertracing/jaeger-thrift/0.34.0/jaeger-thrift-0.34.0.jar:/home/user/.m2/repository/org/apache/thrift/libthrift/0.12.0/libthrift-0.12.0.jar:/home/user/.m2/repository/com/squareup/okhttp3/okhttp/3.9.0/okhttp-3.9.0.jar:/home/user/.m2/repository/com/squareup/okio/okio/1.13.0/okio-1.13.0.jar:/home/user/.m2/repository/io/jaegertracing/jaeger-core/0.34.0/jaeger-core-0.34.0.jar:/home/user/.m2/repository/io/jaegertracing/jaeger-tracerresolver/0.34.0/jaeger-tracerresolver-0.34.0.jar:/home/user/.m2/repository/io/opentracing/contrib/opentracing-tracerresolver/0.1.5/opentracing-tracerresolver-0.1.5.jar:/home/user/.m2/repository/io/opentracing/opentracing-util/0.31.0/opentracing-util-0.31.0.jar:/home/user/.m2/repository/io/opentracing/opentracing-api/0.31.0/opentracing-api-0.31.0.jar:/home/user/.m2/repository/io/opentracing/opentracing-noop/0.31.0/opentracing-noop-0.31.0.jar:/home/user/.m2/repository/org/apache/hadoop/hadoop-hdds-server-framework/0.5.0-SNAPSHOT/hadoop-hdds-server-framework-0.5.0-SNAPSHOT.jar:/home/user/.m2/repository/org/apache/hadoop/hadoop-hdds-container-service/0.5.0-SNAPSHOT/hadoop-hdds-container-service-0.5.0-SNAPSHOT.jar:/home/user/.m2/repository/org/apache/hadoop/hadoop-hdds-client/0.5.0-SNAPSHOT/hadoop-hdds-client-0.5.0-SNAPSHOT.jar:/home/user/.m2/repository/org/apache/hadoop/hadoop-hdds-tools/0.5.0-SNAPSHOT/hadoop-hdds-tools-0.5.0-SNAPSHOT.jar:/home/user/.m2/repository/org/apache/hadoop/hadoop-hdds-server-scm/0.5.0-SNAPSHOT/hadoop-hdds-server-scm-0.5.0-SNAPSHOT.jar:/home/user/.m2/repository/org/apache/hadoop/hadoop-hdds-docs/0.5.0-SNAPSHOT/hadoop-hdds-docs-0.5.0-SNAPSHOT.jar:/home/user/.m2/repository/io/dropwizard/metrics/metrics-core/3.2.4/metrics-core-3.2.4.jar:/home/user/.m2/repository/org/hamcrest/hamcrest-all/1.3/hamcrest-all-1.3.jar:/home/user/.m2/repository/org/bouncycastle/bcprov-jdk15on/1.60/bcprov-jdk15on-1.60.jar:/home/user/.m2/repository/info/picocli/picocli/3.9.6/picocli-3.9.6.jar:/home/user/.m2/repository/com/google/protobuf/protobuf-java/2.5.0/protobuf-java-2.5.0.jar:/home/user/.m2/repository/com/google/guava/guava/11.0.2/guava-11.0.2.jar:/home/user/.m2/repository/org/apache/hadoop/hadoop-ozone-ozone-manager/0.5.0-SNAPSHOT/hadoop-ozone-ozone-manager-0.5.0-SNAPSHOT.jar:/home/user/.m2/repository/org/apache/hadoop/hadoop-minikdc/3.2.0/hadoop-minikdc-3.2.0.jar:/home/user/.m2/repository/commons-io/commons-io/2.5/commons-io-2.5.jar:/home/user/.m2/repository/org/apache/kerby/kerb-simplekdc/1.0.1/kerb-simplekdc-1.0.1.jar:/home/user/.m2/repository/org/apache/kerby/kerb-client/1.0.1/kerb-client-1.0.1.jar:/home/user/.m2/repository/org/apache/kerby/kerby-config/1.0.1/kerby-config-1.0.1.jar:/home/user/.m2/repository/org/apache/kerby/kerb-core/1.0.1/kerb-core-1.0.1.jar:/home/user/.m2/repository/org/apache/kerby/kerby-pkix/1.0.1/kerby-pkix-1.0.1.jar:/home/user/.m2/repository/org/apache/kerby/kerby-asn1/1.0.1/kerby-asn1-1.0.1.jar:/home/user/.m2/repository/org/apache/kerby/kerby-util/1.0.1/kerby-util-1.0.1.jar:/home/user/.m2/repository/org/apache/kerby/kerb-common/1.0.1/kerb-common-1.0.1.jar:/home/user/.m2/repository/org/apache/kerby/kerb-crypto/1.0.1/kerb-crypto-1.0.1.jar:/home/user/.m2/repository/org/apache/kerby/kerb-util/1.0.1/kerb-util-1.0.1.jar:/home/user/.m2/repository/org/apache/kerby/token-provider/1.0.1/token-provider-1.0.1.jar:/home/user/.m2/repository/org/apache/kerby/kerb-admin/1.0.1/kerb-admin-1.0.1.jar:/home/user/.m2/repository/org/apache/kerby/kerb-server/1.0.1/kerb-server-1.0.1.jar:/home/user/.m2/repository/org/apache/kerby/kerb-identity/1.0.1/kerb-identity-1.0.1.jar:/home/user/.m2/repository/org/apache/kerby/kerby-xdr/1.0.1/kerby-xdr-1.0.1.jar:/home/user/.m2/repository/org/slf4j/slf4j-log4j12/1.7.25/slf4j-log4j12-1.7.25.jar:/home/user/.m2/repository/org/apache/hadoop/hadoop-ozone-s3gateway/0.5.0-SNAPSHOT/hadoop-ozone-s3gateway-0.5.0-SNAPSHOT.jar:/home/user/.m2/repository/org/jboss/weld/servlet/weld-servlet/2.4.7.Final/weld-servlet-2.4.7.Final.jar:/home/user/.m2/repository/org/glassfish/jersey/containers/jersey-container-servlet-core/2.27/jersey-container-servlet-core-2.27.jar:/home/user/.m2/repository/org/glassfish/hk2/external/javax.inject/2.5.0-b42/javax.inject-2.5.0-b42.jar:/home/user/.m2/repository/org/glassfish/jersey/core/jersey-common/2.27/jersey-common-2.27.jar:/home/user/.m2/repository/org/glassfish/hk2/osgi-resource-locator/1.0.1/osgi-resource-locator-1.0.1.jar:/home/user/.m2/repository/javax/ws/rs/javax.ws.rs-api/2.1/javax.ws.rs-api-2.1.jar:/home/user/.m2/repository/org/glassfish/jersey/ext/cdi/jersey-cdi1x/2.27/jersey-cdi1x-2.27.jar:/home/user/.m2/repository/org/glassfish/jersey/inject/jersey-hk2/2.27/jersey-hk2-2.27.jar:/home/user/.m2/repository/org/glassfish/hk2/hk2-locator/2.5.0-b42/hk2-locator-2.5.0-b42.jar:/home/user/.m2/repository/org/javassist/javassist/3.22.0-CR2/javassist-3.22.0-CR2.jar:/home/user/.m2/repository/org/glassfish/hk2/hk2-api/2.5.0/hk2-api-2.5.0.jar:/home/user/.m2/repository/org/glassfish/hk2/external/jakarta.inject/2.5.0/jakarta.inject-2.5.0.jar:/home/user/.m2/repository/org/glassfish/hk2/hk2-utils/2.5.0/hk2-utils-2.5.0.jar:/home/user/.m2/repository/jakarta/annotation/jakarta.annotation-api/1.3.4/jakarta.annotation-api-1.3.4.jar:/home/user/.m2/repository/org/glassfish/hk2/external/aopalliance-repackaged/2.5.0/aopalliance-repackaged-2.5.0.jar:/home/user/.m2/repository/com/fasterxml/jackson/dataformat/jackson-dataformat-xml/2.9.0/jackson-dataformat-xml-2.9.0.jar:/home/user/.m2/repository/com/fasterxml/jackson/core/jackson-core/2.9.9/jackson-core-2.9.9.jar:/home/user/.m2/repository/com/fasterxml/jackson/module/jackson-module-jaxb-annotations/2.9.9/jackson-module-jaxb-annotations-2.9.9.jar:/home/user/.m2/repository/javax/enterprise/cdi-api/1.2/cdi-api-1.2.jar:/home/user/.m2/repository/javax/el/javax.el-api/3.0.0/javax.el-api-3.0.0.jar:/home/user/.m2/repository/javax/interceptor/javax.interceptor-api/1.2/javax.interceptor-api-1.2.jar:/home/user/.m2/repository/javax/inject/javax.inject/1/javax.inject-1.jar:/home/user/.m2/repository/com/sun/xml/bind/jaxb-impl/2.3.0.1/jaxb-impl-2.3.0.1.jar:/home/user/.m2/repository/com/sun/xml/bind/jaxb-core/2.3.0.1/jaxb-core-2.3.0.1.jar:/home/user/.m2/repository/javax/xml/bind/jaxb-api/2.3.0/jaxb-api-2.3.0.jar:/home/user/.m2/repository/javax/activation/activation/1.1.1/activation-1.1.1.jar:/home/user/.m2/repository/org/apache/hadoop/hadoop-ozone-csi/0.5.0-SNAPSHOT/hadoop-ozone-csi-0.5.0-SNAPSHOT.jar:/home/user/.m2/repository/com/google/protobuf/protobuf-java-util/3.5.1/protobuf-java-util-3.5.1.jar:/home/user/.m2/repository/org/apache/hadoop/hadoop-hdds-config/0.5.0-SNAPSHOT/hadoop-hdds-config-0.5.0-SNAPSHOT.jar:/home/user/.m2/repository/io/grpc/grpc-netty/1.17.1/grpc-netty-1.17.1.jar:/home/user/.m2/repository/io/grpc/grpc-core/1.17.1/grpc-core-1.17.1.jar:/home/user/.m2/repository/io/grpc/grpc-context/1.17.1/grpc-context-1.17.1.jar:/home/user/.m2/repository/com/google/errorprone/error_prone_annotations/2.2.0/error_prone_annotations-2.2.0.jar:/home/user/.m2/repository/org/codehaus/mojo/animal-sniffer-annotations/1.17/animal-sniffer-annotations-1.17.jar:/home/user/.m2/repository/io/opencensus/opencensus-api/0.17.0/opencensus-api-0.17.0.jar:/home/user/.m2/repository/io/opencensus/opencensus-contrib-grpc-metrics/0.17.0/opencensus-contrib-grpc-metrics-0.17.0.jar:/home/user/.m2/repository/io/netty/netty-codec-http2/4.1.30.Final/netty-codec-http2-4.1.30.Final.jar:/home/user/.m2/repository/io/netty/netty-codec-http/4.1.30.Final/netty-codec-http-4.1.30.Final.jar:/home/user/.m2/repository/io/netty/netty-codec/4.1.30.Final/netty-codec-4.1.30.Final.jar:/home/user/.m2/repository/io/netty/netty-handler/4.1.30.Final/netty-handler-4.1.30.Final.jar:/home/user/.m2/repository/io/netty/netty-handler-proxy/4.1.30.Final/netty-handler-proxy-4.1.30.Final.jar:/home/user/.m2/repository/io/netty/netty-codec-socks/4.1.30.Final/netty-codec-socks-4.1.30.Final.jar:/home/user/.m2/repository/io/netty/netty-transport-native-epoll/4.1.30.Final/netty-transport-native-epoll-4.1.30.Final.jar:/home/user/.m2/repository/io/netty/netty-common/4.1.30.Final/netty-common-4.1.30.Final.jar:/home/user/.m2/repository/io/netty/netty-buffer/4.1.30.Final/netty-buffer-4.1.30.Final.jar:/home/user/.m2/repository/io/netty/netty-transport/4.1.30.Final/netty-transport-4.1.30.Final.jar:/home/user/.m2/repository/io/netty/netty-resolver/4.1.30.Final/netty-resolver-4.1.30.Final.jar:/home/user/.m2/repository/io/netty/netty-transport-native-unix-common/4.1.30.Final/netty-transport-native-unix-common-4.1.30.Final.jar:/home/user/.m2/repository/io/grpc/grpc-protobuf/1.17.1/grpc-protobuf-1.17.1.jar:/home/user/.m2/repository/com/google/api/grpc/proto-google-common-protos/1.0.0/proto-google-common-protos-1.0.0.jar:/home/user/.m2/repository/io/grpc/grpc-protobuf-lite/1.17.1/grpc-protobuf-lite-1.17.1.jar:/home/user/.m2/repository/io/grpc/grpc-stub/1.17.1/grpc-stub-1.17.1.jar:/home/user/.m2/repository/org/apache/hadoop/hadoop-ozone-recon/0.5.0-SNAPSHOT/hadoop-ozone-recon-0.5.0-SNAPSHOT.jar:/home/user/.m2/repository/org/apache/hadoop/hadoop-ozone-reconcodegen/0.5.0-SNAPSHOT/hadoop-ozone-reconcodegen-0.5.0-SNAPSHOT.jar:/home/user/.m2/repository/com/google/inject/extensions/guice-multibindings/4.0/guice-multibindings-4.0.jar:/home/user/.m2/repository/com/google/inject/guice/4.0/guice-4.0.jar:/home/user/.m2/repository/aopalliance/aopalliance/1.0/aopalliance-1.0.jar:/home/user/.m2/repository/com/google/inject/extensions/guice-servlet/4.0/guice-servlet-4.0.jar:/home/user/.m2/repository/org/glassfish/jersey/containers/jersey-container-servlet/2.27/jersey-container-servlet-2.27.jar:/home/user/.m2/repository/org/glassfish/hk2/guice-bridge/2.5.0/guice-bridge-2.5.0.jar:/home/user/.m2/repository/org/glassfish/jersey/core/jersey-server/2.27/jersey-server-2.27.jar:/home/user/.m2/repository/org/glassfish/jersey/core/jersey-client/2.27/jersey-client-2.27.jar:/home/user/.m2/repository/org/glassfish/jersey/media/jersey-media-jaxb/2.27/jersey-media-jaxb-2.27.jar:/home/user/.m2/repository/javax/validation/validation-api/1.1.0.Final/validation-api-1.1.0.Final.jar:/home/user/.m2/repository/org/glassfish/jersey/media/jersey-media-json-jackson/2.27/jersey-media-json-jackson-2.27.jar:/home/user/.m2/repository/org/glassfish/jersey/ext/jersey-entity-filtering/2.27/jersey-entity-filtering-2.27.jar:/home/user/.m2/repository/com/google/inject/extensions/guice-assistedinject/4.0/guice-assistedinject-4.0.jar:/home/user/.m2/repository/org/jooq/jooq/3.11.10/jooq-3.11.10.jar:/home/user/.m2/repository/org/jooq/jooq-meta/3.11.10/jooq-meta-3.11.10.jar:/home/user/.m2/repository/org/jooq/jooq-codegen/3.11.10/jooq-codegen-3.11.10.jar:/home/user/.m2/repository/com/jolbox/bonecp/0.8.0.RELEASE/bonecp-0.8.0.RELEASE.jar:/home/user/.m2/repository/org/xerial/sqlite-jdbc/3.25.2/sqlite-jdbc-3.25.2.jar:/home/user/.m2/repository/org/springframework/spring-jdbc/5.1.3.RELEASE/spring-jdbc-5.1.3.RELEASE.jar:/home/user/.m2/repository/org/springframework/spring-beans/5.1.3.RELEASE/spring-beans-5.1.3.RELEASE.jar:/home/user/.m2/repository/org/springframework/spring-core/5.1.3.RELEASE/spring-core-5.1.3.RELEASE.jar:/home/user/.m2/repository/org/springframework/spring-jcl/5.1.3.RELEASE/spring-jcl-5.1.3.RELEASE.jar:/home/user/.m2/repository/org/springframework/spring-tx/5.1.3.RELEASE/spring-tx-5.1.3.RELEASE.jar:/home/user/.m2/repository/org/apache/hadoop/hadoop-ozone-client/0.5.0-SNAPSHOT/hadoop-ozone-client-0.5.0-SNAPSHOT.jar:/home/user/.m2/repository/commons-lang/commons-lang/2.6/commons-lang-2.6.jar:/home/user/.m2/repository/org/apache/hadoop/hadoop-ozone-ozone-manager/0.5.0-SNAPSHOT/hadoop-ozone-ozone-manager-0.5.0-SNAPSHOT-tests.jar:/home/user/.m2/repository/junit/junit/4.11/junit-4.11.jar:/home/user/.m2/repository/org/hamcrest/hamcrest-core/1.3/hamcrest-core-1.3.jar:/home/user/.m2/repository/org/openjdk/jmh/jmh-core/1.19/jmh-core-1.19.jar:/home/user/.m2/repository/net/sf/jopt-simple/jopt-simple/4.6/jopt-simple-4.6.jar:/home/user/.m2/repository/org/apache/commons/commons-math3/3.1.1/commons-math3-3.1.1.jar:/home/user/.m2/repository/org/openjdk/jmh/jmh-generator-annprocess/1.19/jmh-generator-annprocess-1.19.jar:/home/user/.m2/repository/org/mockito/mockito-all/1.8.5/mockito-all-1.8.5.jar:/home/user/.m2/repository/org/apache/hadoop/hadoop-kms/3.2.0/hadoop-kms-3.2.0.jar:/home/user/.m2/repository/org/apache/hadoop/hadoop-auth/3.2.0/hadoop-auth-3.2.0.jar:/home/user/.m2/repository/com/nimbusds/nimbus-jose-jwt/4.41.1/nimbus-jose-jwt-4.41.1.jar:/home/user/.m2/repository/com/github/stephenc/jcip/jcip-annotations/1.0-1/jcip-annotations-1.0-1.jar:/home/user/.m2/repository/net/minidev/json-smart/2.3/json-smart-2.3.jar:/home/user/.m2/repository/net/minidev/accessors-smart/1.2/accessors-smart-1.2.jar:/home/user/.m2/repository/org/ow2/asm/asm/5.0.4/asm-5.0.4.jar:/home/user/.m2/repository/org/apache/curator/curator-framework/2.12.0/curator-framework-2.12.0.jar:/home/user/.m2/repository/com/sun/jersey/jersey-core/1.19/jersey-core-1.19.jar:/home/user/.m2/repository/javax/ws/rs/jsr311-api/1.1.1/jsr311-api-1.1.1.jar:/home/user/.m2/repository/com/sun/jersey/jersey-server/1.19/jersey-server-1.19.jar:/home/user/.m2/repository/javax/servlet/javax.servlet-api/3.1.0/javax.servlet-api-3.1.0.jar:/home/user/.m2/repository/org/eclipse/jetty/jetty-server/9.3.25.v20180904/jetty-server-9.3.25.v20180904.jar:/home/user/.m2/repository/org/eclipse/jetty/jetty-http/9.3.25.v20180904/jetty-http-9.3.25.v20180904.jar:/home/user/.m2/repository/org/eclipse/jetty/jetty-io/9.3.25.v20180904/jetty-io-9.3.25.v20180904.jar:/home/user/.m2/repository/org/eclipse/jetty/jetty-webapp/9.3.25.v20180904/jetty-webapp-9.3.25.v20180904.jar:/home/user/.m2/repository/org/eclipse/jetty/jetty-xml/9.3.25.v20180904/jetty-xml-9.3.25.v20180904.jar:/home/user/.m2/repository/log4j/log4j/1.2.17/log4j-1.2.17.jar:/home/user/.m2/repository/org/slf4j/slf4j-api/1.7.25/slf4j-api-1.7.25.jar:/home/user/.m2/repository/org/slf4j/jul-to-slf4j/1.7.25/jul-to-slf4j-1.7.25.jar:/home/user/.m2/repository/org/eclipse/jetty/jetty-util/9.3.25.v20180904/jetty-util-9.3.25.v20180904.jar:/home/user/.m2/repository/com/fasterxml/jackson/core/jackson-databind/2.9.9/jackson-databind-2.9.9.jar:/home/user/.m2/repository/org/apache/hadoop/hadoop-kms/3.2.0/hadoop-kms-3.2.0-tests.jar:/home/user/.m2/repository/org/apache/hadoop/hadoop-hdds-server-scm/0.5.0-SNAPSHOT/hadoop-hdds-server-scm-0.5.0-SNAPSHOT-tests.jar:/home/user/.m2/repository/org/apache/hadoop/hadoop-hdds-container-service/0.5.0-SNAPSHOT/hadoop-hdds-container-service-0.5.0-SNAPSHOT-tests.jar:/home/user/.m2/repository/org/yaml/snakeyaml/1.16/snakeyaml-1.16.jar:/home/user/.m2/repository/org/apache/hadoop/hadoop-common/3.2.0/hadoop-common-3.2.0-tests.jar:/home/user/.m2/repository/org/apache/hadoop/hadoop-annotations/3.2.0/hadoop-annotations-3.2.0.jar:/usr/lib/jvm/java-1.8.0-openjdk-1.8.0.222.b10-1.el7_7.x86_64/jre/../lib/tools.jar:/home/user/.m2/repository/commons-cli/commons-cli/1.2/commons-cli-1.2.jar:/home/user/.m2/repository/org/apache/httpcomponents/httpclient/4.5.2/httpclient-4.5.2.jar:/home/user/.m2/repository/org/apache/httpcomponents/httpcore/4.4.4/httpcore-4.4.4.jar:/home/user/.m2/repository/commons-codec/commons-codec/1.11/commons-codec-1.11.jar:/home/user/.m2/repository/commons-net/commons-net/3.6/commons-net-3.6.jar:/home/user/.m2/repository/commons-collections/commons-collections/3.2.2/commons-collections-3.2.2.jar:/home/user/.m2/repository/org/eclipse/jetty/jetty-servlet/9.3.25.v20180904/jetty-servlet-9.3.25.v20180904.jar:/home/user/.m2/repository/org/eclipse/jetty/jetty-security/9.3.25.v20180904/jetty-security-9.3.25.v20180904.jar:/home/user/.m2/repository/javax/servlet/jsp/jsp-api/2.1/jsp-api-2.1.jar:/home/user/.m2/repository/com/sun/jersey/jersey-servlet/1.19/jersey-servlet-1.19.jar:/home/user/.m2/repository/com/sun/jersey/jersey-json/1.19/jersey-json-1.19.jar:/home/user/.m2/repository/org/codehaus/jettison/jettison/1.1/jettison-1.1.jar:/home/user/.m2/repository/org/codehaus/jackson/jackson-core-asl/1.9.13/jackson-core-asl-1.9.13.jar:/home/user/.m2/repository/org/codehaus/jackson/jackson-mapper-asl/1.9.13/jackson-mapper-asl-1.9.13.jar:/home/user/.m2/repository/org/codehaus/jackson/jackson-jaxrs/1.9.13/jackson-jaxrs-1.9.13.jar:/home/user/.m2/repository/org/codehaus/jackson/jackson-xc/1.9.13/jackson-xc-1.9.13.jar:/home/user/.m2/repository/commons-logging/commons-logging/1.1.3/commons-logging-1.1.3.jar:/home/user/.m2/repository/commons-beanutils/commons-beanutils/1.9.4/commons-beanutils-1.9.4.jar:/home/user/.m2/repository/org/apache/commons/commons-configuration2/2.1.1/commons-configuration2-2.1.1.jar:/home/user/.m2/repository/org/apache/commons/commons-lang3/3.7/commons-lang3-3.7.jar:/home/user/.m2/repository/org/apache/commons/commons-text/1.4/commons-text-1.4.jar:/home/user/.m2/repository/org/apache/avro/avro/1.7.7/avro-1.7.7.jar:/home/user/.m2/repository/com/thoughtworks/paranamer/paranamer/2.3/paranamer-2.3.jar:/home/user/.m2/repository/org/xerial/snappy/snappy-java/1.0.5/snappy-java-1.0.5.jar:/home/user/.m2/repository/com/google/re2j/re2j/1.1/re2j-1.1.jar:/home/user/.m2/repository/com/google/code/gson/gson/2.2.4/gson-2.2.4.jar:/home/user/.m2/repository/com/jcraft/jsch/0.1.54/jsch-0.1.54.jar:/home/user/.m2/repository/org/apache/curator/curator-client/2.12.0/curator-client-2.12.0.jar:/home/user/.m2/repository/org/apache/curator/curator-recipes/2.12.0/curator-recipes-2.12.0.jar:/home/user/.m2/repository/com/google/code/findbugs/jsr305/3.0.0/jsr305-3.0.0.jar:/home/user/.m2/repository/org/apache/htrace/htrace-core4/4.1.0-incubating/htrace-core4-4.1.0-incubating.jar:/home/user/.m2/repository/org/apache/zookeeper/zookeeper/3.4.13/zookeeper-3.4.13.jar:/home/user/.m2/repository/jline/jline/0.9.94/jline-0.9.94.jar:/home/user/.m2/repository/org/apache/yetus/audience-annotations/0.5.0/audience-annotations-0.5.0.jar:/home/user/.m2/repository/org/codehaus/woodstox/stax2-api/3.1.4/stax2-api-3.1.4.jar:/home/user/.m2/repository/com/fasterxml/woodstox/woodstox-core/5.0.3/woodstox-core-5.0.3.jar:/home/user/.m2/repository/dnsjava/dnsjava/2.1.7/dnsjava-2.1.7.jar:/home/user/.m2/repository/org/apache/hadoop/hadoop-hdfs/3.2.0/hadoop-hdfs-3.2.0-tests.jar:/home/user/.m2/repository/org/eclipse/jetty/jetty-util-ajax/9.3.25.v20180904/jetty-util-ajax-9.3.25.v20180904.jar:/home/user/.m2/repository/commons-daemon/commons-daemon/1.0.13/commons-daemon-1.0.13.jar:/home/user/.m2/repository/io/netty/netty/3.10.5.Final/netty-3.10.5.Final.jar:/home/user/.m2/repository/io/netty/netty-all/4.0.52.Final/netty-all-4.0.52.Final.jar:/home/user/.m2/repository/org/fusesource/leveldbjni/leveldbjni-all/1.8/leveldbjni-all-1.8.jar:"/>
    <property name="sun.cpu.endian" value="little"/>
    <property name="user.home" value="/home/user"/>
    <property name="user.language" value="en"/>
    <property name="java.specification.vendor" value="Oracle Corporation"/>
    <property name="java.home" value="/usr/lib/jvm/java-1.8.0-openjdk-1.8.0.222.b10-1.el7_7.x86_64/jre"/>
    <property name="surefire.excludesFile" value="/tools/ozone-bad-unit-tests"/>
    <property name="java.security.krb5.conf" value="/workdir/hadoop-ozone/integration-test/target/test-classes/krb5.conf"/>
    <property name="basedir" value="/workdir/hadoop-ozone/integration-test"/>
    <property name="file.separator" value="/"/>
    <property name="line.separator" value="&#10;"/>
    <property name="java.vm.specification.vendor" value="Oracle Corporation"/>
    <property name="java.specification.name" value="Java Platform API Specification"/>
    <property name="java.awt.graphicsenv" value="sun.awt.X11GraphicsEnvironment"/>
    <property name="surefire.real.class.path" value="/workdir/hadoop-ozone/integration-test/target/surefire/surefirebooter5478155378337543006.jar"/>
    <property name="hadoop.log.dir" value="/workdir/hadoop-ozone/integration-test/target/log"/>
    <property name="sun.boot.class.path" value="/usr/lib/jvm/java-1.8.0-openjdk-1.8.0.222.b10-1.el7_7.x86_64/jre/lib/resources.jar:/usr/lib/jvm/java-1.8.0-openjdk-1.8.0.222.b10-1.el7_7.x86_64/jre/lib/rt.jar:/usr/lib/jvm/java-1.8.0-openjdk-1.8.0.222.b10-1.el7_7.x86_64/jre/lib/sunrsasign.jar:/usr/lib/jvm/java-1.8.0-openjdk-1.8.0.222.b10-1.el7_7.x86_64/jre/lib/jsse.jar:/usr/lib/jvm/java-1.8.0-openjdk-1.8.0.222.b10-1.el7_7.x86_64/jre/lib/jce.jar:/usr/lib/jvm/java-1.8.0-openjdk-1.8.0.222.b10-1.el7_7.x86_64/jre/lib/charsets.jar:/usr/lib/jvm/java-1.8.0-openjdk-1.8.0.222.b10-1.el7_7.x86_64/jre/lib/jfr.jar:/usr/lib/jvm/java-1.8.0-openjdk-1.8.0.222.b10-1.el7_7.x86_64/jre/classes"/>
    <property name="sun.management.compiler" value="HotSpot 64-Bit Tiered Compilers"/>
    <property name="java.runtime.version" value="1.8.0_222-b10"/>
    <property name="java.net.preferIPv4Stack" value="true"/>
    <property name="user.name" value="jenkins1000"/>
    <property name="path.separator" value=":"/>
    <property name="java.security.egd" value="file:///dev/urandom"/>
    <property name="os.version" value="3.10.0-957.12.2.el7.x86_64"/>
    <property name="java.endorsed.dirs" value="/usr/lib/jvm/java-1.8.0-openjdk-1.8.0.222.b10-1.el7_7.x86_64/jre/lib/endorsed"/>
    <property name="java.runtime.name" value="OpenJDK Runtime Environment"/>
    <property name="file.encoding" value="ANSI_X3.4-1968"/>
    <property name="java.vm.name" value="OpenJDK 64-Bit Server VM"/>
    <property name="test.build.webapps" value=""/>
    <property name="localRepository" value="/home/user/.m2/repository"/>
    <property name="java.vendor.url.bug" value="http://bugreport.sun.com/bugreport/"/>
    <property name="java.io.tmpdir" value="/tmp"/>
    <property name="require.test.libhadoop" value=""/>
    <property name="java.version" value="1.8.0_222"/>
    <property name="user.dir" value="/workdir/hadoop-ozone/integration-test"/>
    <property name="os.arch" value="amd64"/>
    <property name="java.vm.specification.name" value="Java Virtual Machine Specification"/>
    <property name="test.build.classes" value="/workdir/hadoop-ozone/integration-test/target/test-classes"/>
    <property name="java.awt.printerjob" value="sun.print.PSPrinterJob"/>
    <property name="sun.os.patch.level" value="unknown"/>
    <property name="hadoop.tmp.dir" value="/workdir/hadoop-ozone/integration-test/target/tmp"/>
    <property name="java.library.path" value="/usr/lib:/workdir/hadoop-ozone/integration-test/target/native/target/usr/local/lib:/workdir/hadoop-ozone/integration-test/../../hadoop-common-project/hadoop-common/target/native/target/usr/local/lib:/usr/java/packages/lib/amd64:/usr/lib64:/lib64:/lib:/usr/lib"/>
    <property name="java.vm.info" value="mixed mode"/>
    <property name="java.vendor" value="Oracle Corporation"/>
    <property name="java.vm.version" value="25.222-b10"/>
    <property name="java.ext.dirs" value="/usr/lib/jvm/java-1.8.0-openjdk-1.8.0.222.b10-1.el7_7.x86_64/jre/lib/ext:/usr/java/packages/lib/ext"/>
    <property name="sun.io.unicode.encoding" value="UnicodeLittle"/>
    <property name="java.class.version" value="52.0"/>
  </properties>
  <testcase name="testDeleteKeyWithSlowFollower" classname="org.apache.hadoop.ozone.client.rpc.TestDeleteWithSlowFollower" time="112.927">
    <failure type="java.lang.AssertionError">java.lang.AssertionError
	at org.junit.Assert.fail(Assert.java:86)
	at org.junit.Assert.assertTrue(Assert.java:41)
	at org.junit.Assert.assertTrue(Assert.java:52)
	at org.apache.hadoop.ozone.client.rpc.TestDeleteWithSlowFollower.testDeleteKeyWithSlowFollower(TestDeleteWithSlowFollower.java:265)
	at sun.reflect.NativeMethodAccessorImpl.invoke0(Native Method)
	at sun.reflect.NativeMethodAccessorImpl.invoke(NativeMethodAccessorImpl.java:62)
	at sun.reflect.DelegatingMethodAccessorImpl.invoke(DelegatingMethodAccessorImpl.java:43)
	at java.lang.reflect.Method.invoke(Method.java:498)
	at org.junit.runners.model.FrameworkMethod$1.runReflectiveCall(FrameworkMethod.java:47)
	at org.junit.internal.runners.model.ReflectiveCallable.run(ReflectiveCallable.java:12)
	at org.junit.runners.model.FrameworkMethod.invokeExplosively(FrameworkMethod.java:44)
	at org.junit.internal.runners.statements.InvokeMethod.evaluate(InvokeMethod.java:17)
	at org.junit.runners.ParentRunner.runLeaf(ParentRunner.java:271)
	at org.junit.runners.BlockJUnit4ClassRunner.runChild(BlockJUnit4ClassRunner.java:70)
	at org.junit.runners.BlockJUnit4ClassRunner.runChild(BlockJUnit4ClassRunner.java:50)
	at org.junit.runners.ParentRunner$3.run(ParentRunner.java:238)
	at org.junit.runners.ParentRunner$1.schedule(ParentRunner.java:63)
	at org.junit.runners.ParentRunner.runChildren(ParentRunner.java:236)
	at org.junit.runners.ParentRunner.access$000(ParentRunner.java:53)
	at org.junit.runners.ParentRunner$2.evaluate(ParentRunner.java:229)
	at org.junit.internal.runners.statements.RunBefores.evaluate(RunBefores.java:26)
	at org.junit.internal.runners.statements.RunAfters.evaluate(RunAfters.java:27)
	at org.junit.runners.ParentRunner.run(ParentRunner.java:309)
	at org.apache.maven.surefire.junit4.JUnit4Provider.execute(JUnit4Provider.java:365)
	at org.apache.maven.surefire.junit4.JUnit4Provider.executeWithRerun(JUnit4Provider.java:273)
	at org.apache.maven.surefire.junit4.JUnit4Provider.executeTestSet(JUnit4Provider.java:238)
	at org.apache.maven.surefire.junit4.JUnit4Provider.invoke(JUnit4Provider.java:159)
	at org.apache.maven.surefire.booter.ForkedBooter.invokeProviderInSameClassLoader(ForkedBooter.java:384)
	at org.apache.maven.surefire.booter.ForkedBooter.runSuitesInProcess(ForkedBooter.java:345)
	at org.apache.maven.surefire.booter.ForkedBooter.execute(ForkedBooter.java:126)
	at org.apache.maven.surefire.booter.ForkedBooter.main(ForkedBooter.java:418)
</failure>
    <system-out><![CDATA[2019-10-18 00:26:13,893 [main] WARN  server.ServerUtils (ServerUtils.java:getScmDbDir(145)) - ozone.scm.db.dirs is not configured. We recommend adding this setting. Falling back to ozone.metadata.dirs instead.
2019-10-18 00:26:14,030 [main] WARN  server.ServerUtils (ServerUtils.java:getScmDbDir(145)) - ozone.scm.db.dirs is not configured. We recommend adding this setting. Falling back to ozone.metadata.dirs instead.
2019-10-18 00:26:14,033 [main] WARN  server.ServerUtils (ServerUtils.java:getScmDbDir(145)) - ozone.scm.db.dirs is not configured. We recommend adding this setting. Falling back to ozone.metadata.dirs instead.
2019-10-18 00:26:14,060 [main] INFO  util.log (Log.java:initialized(192)) - Logging initialized @895ms
2019-10-18 00:26:14,159 [main] INFO  db.DBStoreBuilder (DBStoreBuilder.java:addTable(117)) - using custom profile for table: deletedBlocks
2019-10-18 00:26:14,159 [main] INFO  db.DBStoreBuilder (DBStoreBuilder.java:processTables(168)) - Using default column profile:DBProfile.DISK for Table:deletedBlocks
2019-10-18 00:26:14,160 [main] INFO  db.DBStoreBuilder (DBStoreBuilder.java:addTable(117)) - using custom profile for table: validCerts
2019-10-18 00:26:14,160 [main] INFO  db.DBStoreBuilder (DBStoreBuilder.java:processTables(168)) - Using default column profile:DBProfile.DISK for Table:validCerts
2019-10-18 00:26:14,160 [main] INFO  db.DBStoreBuilder (DBStoreBuilder.java:addTable(117)) - using custom profile for table: revokedCerts
2019-10-18 00:26:14,161 [main] INFO  db.DBStoreBuilder (DBStoreBuilder.java:processTables(168)) - Using default column profile:DBProfile.DISK for Table:revokedCerts
2019-10-18 00:26:14,172 [main] INFO  db.DBStoreBuilder (DBStoreBuilder.java:addTable(117)) - using custom profile for table: default
2019-10-18 00:26:14,172 [main] INFO  db.DBStoreBuilder (DBStoreBuilder.java:processTables(174)) - Using default column profile:DBProfile.DISK for Table:default
2019-10-18 00:26:14,174 [main] INFO  db.DBStoreBuilder (DBStoreBuilder.java:getDbProfile(205)) - Using default options. DBProfile.DISK
2019-10-18 00:26:14,519 [main] INFO  net.NodeSchemaLoader (NodeSchemaLoader.java:loadSchemaFromFile(125)) - Loading file from sun.misc.CompoundEnumeration@765d7657
2019-10-18 00:26:14,522 [main] INFO  net.NodeSchemaLoader (NodeSchemaLoader.java:loadSchema(171)) - Loading network topology layer schema file
2019-10-18 00:26:14,589 [main] WARN  server.ServerUtils (ServerUtils.java:sanitizeUserArgs(70)) - ozone.scm.stale.node.interval value = 1000000 is larger than max = 100000 based on the key value of ozone.scm.heartbeat.thread.interval, reset to the max value 100000.
2019-10-18 00:26:14,591 [main] WARN  server.ServerUtils (ServerUtils.java:sanitizeUserArgs(70)) - ozone.scm.stale.node.interval value = 1000000 is larger than max = 100000 based on the key value of ozone.scm.heartbeat.thread.interval, reset to the max value 100000.
2019-10-18 00:26:14,593 [main] INFO  node.SCMNodeManager (SCMNodeManager.java:<init>(116)) - Entering startup safe mode.
2019-10-18 00:26:14,655 [main] INFO  algorithms.ContainerPlacementPolicyFactory (ContainerPlacementPolicyFactory.java:getPolicy(57)) - Create container placement policy of type org.apache.hadoop.hdds.scm.container.placement.algorithms.SCMContainerPlacementRandom
2019-10-18 00:26:14,668 [main] WARN  server.ServerUtils (ServerUtils.java:getScmDbDir(145)) - ozone.scm.db.dirs is not configured. We recommend adding this setting. Falling back to ozone.metadata.dirs instead.
2019-10-18 00:26:14,794 [main] INFO  pipeline.SCMPipelineManager (SCMPipelineManager.java:initializePipelineState(132)) - No pipeline exists in current db
2019-10-18 00:26:14,798 [main] WARN  server.ServerUtils (ServerUtils.java:getScmDbDir(145)) - ozone.scm.db.dirs is not configured. We recommend adding this setting. Falling back to ozone.metadata.dirs instead.
2019-10-18 00:26:14,982 [main] WARN  events.EventQueue (EventQueue.java:fireEvent(183)) - No event handler registered for event TypedEvent{payloadType=SafeModeStatus, name='SafeModeStatus'}
2019-10-18 00:26:15,328 [main] INFO  ipc.CallQueueManager (CallQueueManager.java:<init>(84)) - Using callQueue: class java.util.concurrent.LinkedBlockingQueue, queueCapacity: 2000, scheduler: class org.apache.hadoop.ipc.DefaultRpcScheduler, ipcBackoff: false.
2019-10-18 00:26:15,445 [Socket Reader #1 for port 41338] INFO  ipc.Server (Server.java:run(1074)) - Starting Socket Reader #1 for port 41338
2019-10-18 00:26:15,481 [main] INFO  ipc.CallQueueManager (CallQueueManager.java:<init>(84)) - Using callQueue: class java.util.concurrent.LinkedBlockingQueue, queueCapacity: 2000, scheduler: class org.apache.hadoop.ipc.DefaultRpcScheduler, ipcBackoff: false.
2019-10-18 00:26:15,482 [Socket Reader #1 for port 46780] INFO  ipc.Server (Server.java:run(1074)) - Starting Socket Reader #1 for port 46780
2019-10-18 00:26:15,492 [main] INFO  ipc.CallQueueManager (CallQueueManager.java:<init>(84)) - Using callQueue: class java.util.concurrent.LinkedBlockingQueue, queueCapacity: 2000, scheduler: class org.apache.hadoop.ipc.DefaultRpcScheduler, ipcBackoff: false.
2019-10-18 00:26:15,493 [Socket Reader #1 for port 43675] INFO  ipc.Server (Server.java:run(1074)) - Starting Socket Reader #1 for port 43675
2019-10-18 00:26:15,520 [main] INFO  hdfs.DFSUtil (DFSUtil.java:httpServerTemplateForNNAndJN(1641)) - Starting Web-server for scm at: http://0.0.0.0:0
2019-10-18 00:26:15,690 [main] INFO  server.AuthenticationFilter (AuthenticationFilter.java:constructSecretProvider(240)) - Unable to initialize FileSignerSecretProvider, falling back to use random secrets.
2019-10-18 00:26:15,699 [main] WARN  http.HttpRequestLog (HttpRequestLog.java:getRequestLog(97)) - Jetty request log can only be enabled using Log4j
2019-10-18 00:26:15,707 [main] INFO  http.HttpServer2 (HttpServer2.java:addGlobalFilter(975)) - Added global filter 'safety' (class=org.apache.hadoop.http.HttpServer2$QuotingInputFilter)
2019-10-18 00:26:15,710 [main] INFO  http.HttpServer2 (HttpServer2.java:addFilter(948)) - Added filter static_user_filter (class=org.apache.hadoop.http.lib.StaticUserWebFilter$StaticUserFilter) to context scm
2019-10-18 00:26:15,710 [main] INFO  http.HttpServer2 (HttpServer2.java:addFilter(958)) - Added filter static_user_filter (class=org.apache.hadoop.http.lib.StaticUserWebFilter$StaticUserFilter) to context static
2019-10-18 00:26:15,710 [main] INFO  http.HttpServer2 (HttpServer2.java:addFilter(958)) - Added filter static_user_filter (class=org.apache.hadoop.http.lib.StaticUserWebFilter$StaticUserFilter) to context logs
2019-10-18 00:26:15,739 [main] INFO  server.StorageContainerManager (StorageContainerManager.java:start(772)) - StorageContainerLocationProtocol RPC server is listening at /0.0.0.0:43675
2019-10-18 00:26:15,808 [main] WARN  impl.MetricsConfig (MetricsConfig.java:loadFirst(134)) - Cannot locate configuration: tried hadoop-metrics2-storagecontainermanager.properties,hadoop-metrics2.properties
2019-10-18 00:26:15,824 [main] INFO  impl.MetricsSystemImpl (MetricsSystemImpl.java:startTimer(374)) - Scheduled Metric snapshot period at 10 second(s).
2019-10-18 00:26:15,824 [main] INFO  impl.MetricsSystemImpl (MetricsSystemImpl.java:start(191)) - StorageContainerManager metrics system started
2019-10-18 00:26:16,066 [main] INFO  server.SCMClientProtocolServer (SCMClientProtocolServer.java:start(159)) - RPC server for Client  is listening at /0.0.0.0:43675
2019-10-18 00:26:16,067 [IPC Server Responder] INFO  ipc.Server (Server.java:run(1314)) - IPC Server Responder: starting
2019-10-18 00:26:16,067 [IPC Server listener on 43675] INFO  ipc.Server (Server.java:run(1153)) - IPC Server listener on 43675: starting
2019-10-18 00:26:16,071 [main] INFO  server.StorageContainerManager (StorageContainerManager.java:start(782)) - ScmBlockLocationProtocol RPC server is listening at /0.0.0.0:46780
2019-10-18 00:26:16,073 [main] INFO  server.SCMBlockProtocolServer (SCMBlockProtocolServer.java:start(146)) - RPC server for Block Protocol is listening at /0.0.0.0:46780
2019-10-18 00:26:16,073 [IPC Server Responder] INFO  ipc.Server (Server.java:run(1314)) - IPC Server Responder: starting
2019-10-18 00:26:16,073 [IPC Server listener on 46780] INFO  ipc.Server (Server.java:run(1153)) - IPC Server listener on 46780: starting
2019-10-18 00:26:16,076 [main] INFO  server.StorageContainerManager (StorageContainerManager.java:start(786)) - ScmDatanodeProtocl RPC server is listening at /0.0.0.0:41338
2019-10-18 00:26:16,076 [main] INFO  server.SCMDatanodeProtocolServer (SCMDatanodeProtocolServer.java:start(169)) - RPC server for DataNodes is listening at /0.0.0.0:41338
2019-10-18 00:26:16,077 [IPC Server Responder] INFO  ipc.Server (Server.java:run(1314)) - IPC Server Responder: starting
2019-10-18 00:26:16,077 [IPC Server listener on 41338] INFO  ipc.Server (Server.java:run(1153)) - IPC Server listener on 41338: starting
2019-10-18 00:26:16,081 [main] INFO  http.HttpServer2 (HttpServer2.java:bindListener(1191)) - Jetty bound to port 32922
2019-10-18 00:26:16,083 [main] INFO  server.Server (Server.java:doStart(351)) - jetty-9.3.25.v20180904, build timestamp: 2018-09-04T21:11:46Z, git hash: 3ce520221d0240229c862b122d2b06c12a625732
2019-10-18 00:26:16,125 [main] INFO  handler.ContextHandler (ContextHandler.java:doStart(781)) - Started o.e.j.s.ServletContextHandler@18bc345{/logs,file:///workdir/hadoop-ozone/integration-test/target/log,AVAILABLE}
2019-10-18 00:26:16,126 [main] INFO  handler.ContextHandler (ContextHandler.java:doStart(781)) - Started o.e.j.s.ServletContextHandler@26bab2f1{/static,file:///workdir/hadoop-ozone/integration-test/target/test-classes/webapps/static,AVAILABLE}
2019-10-18 00:26:16,160 [main] INFO  handler.ContextHandler (ContextHandler.java:doStart(781)) - Started o.e.j.w.WebAppContext@1b822fcc{/,file:///workdir/hadoop-ozone/integration-test/target/test-classes/webapps/scm/,AVAILABLE}{/scm}
2019-10-18 00:26:16,165 [main] INFO  server.AbstractConnector (AbstractConnector.java:doStart(278)) - Started ServerConnector@245a26e1{HTTP/1.1,[http/1.1]}{0.0.0.0:32922}
2019-10-18 00:26:16,166 [main] INFO  server.Server (Server.java:doStart(419)) - Started @3001ms
2019-10-18 00:26:16,168 [main] INFO  impl.MetricsSinkAdapter (MetricsSinkAdapter.java:start(204)) - Sink prometheus started
2019-10-18 00:26:16,169 [main] INFO  impl.MetricsSystemImpl (MetricsSystemImpl.java:registerSink(301)) - Registered sink prometheus
2019-10-18 00:26:16,171 [main] INFO  server.BaseHttpServer (BaseHttpServer.java:updateConnectorAddress(215)) - HTTP server of SCM is listening at http://0.0.0.0:32922
2019-10-18 00:26:16,178 [org.apache.hadoop.util.JvmPauseMonitor$Monitor@733c423e] INFO  util.JvmPauseMonitor (JvmPauseMonitor.java:run(188)) - Starting JVM pause monitor
2019-10-18 00:26:16,182 [main] WARN  server.ServerUtils (ServerUtils.java:getDBPath(222)) - ozone.om.db.dirs is not configured. We recommend adding this setting. Falling back to ozone.metadata.dirs instead.
2019-10-18 00:26:16,301 [main] INFO  ha.OMHANodeDetails (OMHANodeDetails.java:loadOMHAConfig(190)) - Configuration either no ozone.om.address set. Falling back to the default OM address /127.0.0.1:0
2019-10-18 00:26:16,301 [main] INFO  ha.OMHANodeDetails (OMHANodeDetails.java:getOMNodeDetails(220)) - OM Service ID is not set. Setting it to the default ID: omServiceIdDefault
2019-10-18 00:26:16,303 [main] WARN  server.ServerUtils (ServerUtils.java:getDBPath(222)) - ozone.om.db.dirs is not configured. We recommend adding this setting. Falling back to ozone.metadata.dirs instead.
2019-10-18 00:26:16,304 [main] WARN  server.ServerUtils (ServerUtils.java:getDBPath(222)) - ozone.om.db.dirs is not configured. We recommend adding this setting. Falling back to ozone.metadata.dirs instead.
2019-10-18 00:26:16,980 [main] WARN  server.ServerUtils (ServerUtils.java:getDBPath(222)) - ozone.om.db.dirs is not configured. We recommend adding this setting. Falling back to ozone.metadata.dirs instead.
2019-10-18 00:26:16,988 [main] INFO  db.DBStoreBuilder (DBStoreBuilder.java:addTable(117)) - using custom profile for table: userTable
2019-10-18 00:26:16,988 [main] INFO  db.DBStoreBuilder (DBStoreBuilder.java:processTables(168)) - Using default column profile:DBProfile.DISK for Table:userTable
2019-10-18 00:26:16,988 [main] INFO  db.DBStoreBuilder (DBStoreBuilder.java:addTable(117)) - using custom profile for table: volumeTable
2019-10-18 00:26:16,988 [main] INFO  db.DBStoreBuilder (DBStoreBuilder.java:processTables(168)) - Using default column profile:DBProfile.DISK for Table:volumeTable
2019-10-18 00:26:16,988 [main] INFO  db.DBStoreBuilder (DBStoreBuilder.java:addTable(117)) - using custom profile for table: bucketTable
2019-10-18 00:26:16,989 [main] INFO  db.DBStoreBuilder (DBStoreBuilder.java:processTables(168)) - Using default column profile:DBProfile.DISK for Table:bucketTable
2019-10-18 00:26:16,989 [main] INFO  db.DBStoreBuilder (DBStoreBuilder.java:addTable(117)) - using custom profile for table: keyTable
2019-10-18 00:26:16,989 [main] INFO  db.DBStoreBuilder (DBStoreBuilder.java:processTables(168)) - Using default column profile:DBProfile.DISK for Table:keyTable
2019-10-18 00:26:16,989 [main] INFO  db.DBStoreBuilder (DBStoreBuilder.java:addTable(117)) - using custom profile for table: deletedTable
2019-10-18 00:26:16,990 [main] INFO  db.DBStoreBuilder (DBStoreBuilder.java:processTables(168)) - Using default column profile:DBProfile.DISK for Table:deletedTable
2019-10-18 00:26:16,990 [main] INFO  db.DBStoreBuilder (DBStoreBuilder.java:addTable(117)) - using custom profile for table: openKeyTable
2019-10-18 00:26:16,990 [main] INFO  db.DBStoreBuilder (DBStoreBuilder.java:processTables(168)) - Using default column profile:DBProfile.DISK for Table:openKeyTable
2019-10-18 00:26:16,990 [main] INFO  db.DBStoreBuilder (DBStoreBuilder.java:addTable(117)) - using custom profile for table: s3Table
2019-10-18 00:26:16,990 [main] INFO  db.DBStoreBuilder (DBStoreBuilder.java:processTables(168)) - Using default column profile:DBProfile.DISK for Table:s3Table
2019-10-18 00:26:16,991 [main] INFO  db.DBStoreBuilder (DBStoreBuilder.java:addTable(117)) - using custom profile for table: multipartInfoTable
2019-10-18 00:26:16,991 [main] INFO  db.DBStoreBuilder (DBStoreBuilder.java:processTables(168)) - Using default column profile:DBProfile.DISK for Table:multipartInfoTable
2019-10-18 00:26:16,991 [main] INFO  db.DBStoreBuilder (DBStoreBuilder.java:addTable(117)) - using custom profile for table: dTokenTable
2019-10-18 00:26:16,991 [main] INFO  db.DBStoreBuilder (DBStoreBuilder.java:processTables(168)) - Using default column profile:DBProfile.DISK for Table:dTokenTable
2019-10-18 00:26:16,992 [main] INFO  db.DBStoreBuilder (DBStoreBuilder.java:addTable(117)) - using custom profile for table: s3SecretTable
2019-10-18 00:26:16,992 [main] INFO  db.DBStoreBuilder (DBStoreBuilder.java:processTables(168)) - Using default column profile:DBProfile.DISK for Table:s3SecretTable
2019-10-18 00:26:16,992 [main] INFO  db.DBStoreBuilder (DBStoreBuilder.java:addTable(117)) - using custom profile for table: prefixTable
2019-10-18 00:26:16,992 [main] INFO  db.DBStoreBuilder (DBStoreBuilder.java:processTables(168)) - Using default column profile:DBProfile.DISK for Table:prefixTable
2019-10-18 00:26:16,993 [main] INFO  db.DBStoreBuilder (DBStoreBuilder.java:addTable(117)) - using custom profile for table: default
2019-10-18 00:26:16,993 [main] INFO  db.DBStoreBuilder (DBStoreBuilder.java:processTables(174)) - Using default column profile:DBProfile.DISK for Table:default
2019-10-18 00:26:16,993 [main] INFO  db.DBStoreBuilder (DBStoreBuilder.java:getDbProfile(205)) - Using default options. DBProfile.DISK
2019-10-18 00:26:17,683 [main] INFO  ipc.CallQueueManager (CallQueueManager.java:<init>(84)) - Using callQueue: class java.util.concurrent.LinkedBlockingQueue, queueCapacity: 2000, scheduler: class org.apache.hadoop.ipc.DefaultRpcScheduler, ipcBackoff: false.
2019-10-18 00:26:17,684 [Socket Reader #1 for port 36558] INFO  ipc.Server (Server.java:run(1074)) - Starting Socket Reader #1 for port 36558
2019-10-18 00:26:17,706 [main] INFO  om.OzoneManager (OzoneManager.java:start(1074)) - OzoneManager RPC server is listening at localhost/127.0.0.1:36558
2019-10-18 00:26:17,706 [main] INFO  impl.MetricsSystemImpl (MetricsSystemImpl.java:init(158)) - OzoneManager metrics system started (again)
2019-10-18 00:26:17,714 [IPC Server Responder] INFO  ipc.Server (Server.java:run(1314)) - IPC Server Responder: starting
2019-10-18 00:26:17,715 [IPC Server listener on 36558] INFO  ipc.Server (Server.java:run(1153)) - IPC Server listener on 36558: starting
2019-10-18 00:26:17,721 [main] INFO  hdfs.DFSUtil (DFSUtil.java:httpServerTemplateForNNAndJN(1641)) - Starting Web-server for ozoneManager at: http://0.0.0.0:0
2019-10-18 00:26:17,722 [main] INFO  server.AuthenticationFilter (AuthenticationFilter.java:constructSecretProvider(240)) - Unable to initialize FileSignerSecretProvider, falling back to use random secrets.
2019-10-18 00:26:17,723 [main] WARN  http.HttpRequestLog (HttpRequestLog.java:getRequestLog(97)) - Jetty request log can only be enabled using Log4j
2019-10-18 00:26:17,725 [main] INFO  http.HttpServer2 (HttpServer2.java:addGlobalFilter(975)) - Added global filter 'safety' (class=org.apache.hadoop.http.HttpServer2$QuotingInputFilter)
2019-10-18 00:26:17,726 [main] INFO  http.HttpServer2 (HttpServer2.java:addFilter(948)) - Added filter static_user_filter (class=org.apache.hadoop.http.lib.StaticUserWebFilter$StaticUserFilter) to context ozoneManager
2019-10-18 00:26:17,726 [main] INFO  http.HttpServer2 (HttpServer2.java:addFilter(958)) - Added filter static_user_filter (class=org.apache.hadoop.http.lib.StaticUserWebFilter$StaticUserFilter) to context logs
2019-10-18 00:26:17,726 [main] INFO  http.HttpServer2 (HttpServer2.java:addFilter(958)) - Added filter static_user_filter (class=org.apache.hadoop.http.lib.StaticUserWebFilter$StaticUserFilter) to context static
2019-10-18 00:26:17,728 [main] INFO  http.HttpServer2 (HttpServer2.java:bindListener(1191)) - Jetty bound to port 35755
2019-10-18 00:26:17,729 [main] INFO  server.Server (Server.java:doStart(351)) - jetty-9.3.25.v20180904, build timestamp: 2018-09-04T21:11:46Z, git hash: 3ce520221d0240229c862b122d2b06c12a625732
2019-10-18 00:26:17,731 [main] INFO  handler.ContextHandler (ContextHandler.java:doStart(781)) - Started o.e.j.s.ServletContextHandler@12a160c2{/logs,file:///workdir/hadoop-ozone/integration-test/target/log,AVAILABLE}
2019-10-18 00:26:17,731 [main] INFO  handler.ContextHandler (ContextHandler.java:doStart(781)) - Started o.e.j.s.ServletContextHandler@6b3871d6{/static,file:///workdir/hadoop-ozone/integration-test/target/test-classes/webapps/static,AVAILABLE}
2019-10-18 00:26:17,736 [main] INFO  handler.ContextHandler (ContextHandler.java:doStart(781)) - Started o.e.j.w.WebAppContext@303a5119{/,file:///workdir/hadoop-ozone/integration-test/target/test-classes/webapps/ozoneManager/,AVAILABLE}{/ozoneManager}
2019-10-18 00:26:17,737 [main] INFO  server.AbstractConnector (AbstractConnector.java:doStart(278)) - Started ServerConnector@75b3673{HTTP/1.1,[http/1.1]}{0.0.0.0:35755}
2019-10-18 00:26:17,737 [main] INFO  server.Server (Server.java:doStart(419)) - Started @4573ms
2019-10-18 00:26:17,738 [main] WARN  impl.MetricsSystemImpl (MetricsSystemImpl.java:register(276)) - Sink prometheus already exists!
2019-10-18 00:26:17,739 [main] INFO  server.BaseHttpServer (BaseHttpServer.java:updateConnectorAddress(215)) - HTTP server of OZONEMANAGER is listening at http://0.0.0.0:35755
2019-10-18 00:26:18,045 [main] INFO  impl.MetricsSystemImpl (MetricsSystemImpl.java:init(158)) - HddsDatanode metrics system started (again)
2019-10-18 00:26:18,104 [main] INFO  ozone.HddsDatanodeService (HddsDatanodeService.java:start(184)) - HddsDatanodeService host:pr-hdds-2131-4cx76-1129263384 ip:192.168.164.253
2019-10-18 00:26:18,137 [main] INFO  volume.HddsVolume (HddsVolume.java:<init>(176)) - Creating Volume: /workdir/hadoop-ozone/integration-test/target/test-dir/MiniOzoneClusterImpl-125cb84d-b14c-45f7-a2c3-14b819b44f73/datanode-0/data/containers/hdds of  storage type : DISK and capacity : 1482555576320
2019-10-18 00:26:18,139 [main] INFO  volume.VolumeSet (VolumeSet.java:initializeVolumeSet(170)) - Added Volume : /workdir/hadoop-ozone/integration-test/target/test-dir/MiniOzoneClusterImpl-125cb84d-b14c-45f7-a2c3-14b819b44f73/datanode-0/data/containers/hdds to VolumeSet
2019-10-18 00:26:18,142 [main] INFO  volume.ThrottledAsyncChecker (ThrottledAsyncChecker.java:schedule(141)) - Scheduling a check for /workdir/hadoop-ozone/integration-test/target/test-dir/MiniOzoneClusterImpl-125cb84d-b14c-45f7-a2c3-14b819b44f73/datanode-0/data/containers/hdds
2019-10-18 00:26:18,159 [main] INFO  volume.HddsVolumeChecker (HddsVolumeChecker.java:checkAllVolumes(204)) - Scheduled health check for volume /workdir/hadoop-ozone/integration-test/target/test-dir/MiniOzoneClusterImpl-125cb84d-b14c-45f7-a2c3-14b819b44f73/datanode-0/data/containers/hdds
2019-10-18 00:26:18,277 [main] INFO  impl.RaftServerProxy (ConfUtils.java:logGet(43)) - raft.rpc.type = GRPC (default)
2019-10-18 00:26:18,339 [main] INFO  grpc.GrpcFactory (GrpcFactory.java:checkPooledByteBufAllocatorUseCacheForAllThreads(45)) - PERFORMANCE WARNING: useCacheForAllThreads is true that may cause Netty to create a lot garbage objects and, as a result, trigger GC.
	It is recommended to disable useCacheForAllThreads by setting -Dorg.apache.ratis.thirdparty.io.netty.allocator.useCacheForAllThreads=false in command line.
2019-10-18 00:26:18,344 [main] INFO  grpc.GrpcConfigKeys$Server (ConfUtils.java:logGet(43)) - raft.grpc.server.port = 0 (default)
2019-10-18 00:26:18,345 [main] INFO  server.GrpcService (ConfUtils.java:logGet(43)) - raft.grpc.message.size.max = 33570816 (custom)
2019-10-18 00:26:18,347 [main] INFO  server.RaftServerConfigKeys (ConfUtils.java:logGet(43)) - raft.server.log.appender.buffer.byte-limit = 33554432 (custom)
2019-10-18 00:26:18,348 [main] INFO  server.GrpcService (ConfUtils.java:logGet(43)) - raft.grpc.flow.control.window = 1MB (=1048576) (default)
2019-10-18 00:26:18,348 [main] INFO  server.RaftServerConfigKeys (ConfUtils.java:logGet(43)) - raft.server.rpc.request.timeout = 3000ms (default)
2019-10-18 00:26:18,505 [main] INFO  server.RaftServerConfigKeys (ConfUtils.java:logGet(43)) - raft.server.storage.dir = [/workdir/hadoop-ozone/integration-test/target/test-dir/MiniOzoneClusterImpl-125cb84d-b14c-45f7-a2c3-14b819b44f73/datanode-0/data/ratis] (custom)
2019-10-18 00:26:18,557 [main] INFO  hdfs.DFSUtil (DFSUtil.java:httpServerTemplateForNNAndJN(1641)) - Starting Web-server for hddsDatanode at: http://0.0.0.0:0
2019-10-18 00:26:18,560 [main] INFO  server.AuthenticationFilter (AuthenticationFilter.java:constructSecretProvider(240)) - Unable to initialize FileSignerSecretProvider, falling back to use random secrets.
2019-10-18 00:26:18,560 [main] WARN  http.HttpRequestLog (HttpRequestLog.java:getRequestLog(97)) - Jetty request log can only be enabled using Log4j
2019-10-18 00:26:18,564 [main] INFO  http.HttpServer2 (HttpServer2.java:addGlobalFilter(975)) - Added global filter 'safety' (class=org.apache.hadoop.http.HttpServer2$QuotingInputFilter)
2019-10-18 00:26:18,565 [main] INFO  http.HttpServer2 (HttpServer2.java:addFilter(948)) - Added filter static_user_filter (class=org.apache.hadoop.http.lib.StaticUserWebFilter$StaticUserFilter) to context hddsDatanode
2019-10-18 00:26:18,565 [main] INFO  http.HttpServer2 (HttpServer2.java:addFilter(958)) - Added filter static_user_filter (class=org.apache.hadoop.http.lib.StaticUserWebFilter$StaticUserFilter) to context static
2019-10-18 00:26:18,566 [main] INFO  http.HttpServer2 (HttpServer2.java:addFilter(958)) - Added filter static_user_filter (class=org.apache.hadoop.http.lib.StaticUserWebFilter$StaticUserFilter) to context logs
2019-10-18 00:26:18,568 [main] INFO  http.HttpServer2 (HttpServer2.java:bindListener(1191)) - Jetty bound to port 37898
2019-10-18 00:26:18,568 [main] INFO  server.Server (Server.java:doStart(351)) - jetty-9.3.25.v20180904, build timestamp: 2018-09-04T21:11:46Z, git hash: 3ce520221d0240229c862b122d2b06c12a625732
2019-10-18 00:26:18,572 [main] INFO  handler.ContextHandler (ContextHandler.java:doStart(781)) - Started o.e.j.s.ServletContextHandler@51288417{/logs,file:///workdir/hadoop-ozone/integration-test/target/log,AVAILABLE}
2019-10-18 00:26:18,573 [main] INFO  handler.ContextHandler (ContextHandler.java:doStart(781)) - Started o.e.j.s.ServletContextHandler@1e0895f5{/static,jar:file:/home/user/.m2/repository/org/apache/hadoop/hadoop-hdds-container-service/0.5.0-SNAPSHOT/hadoop-hdds-container-service-0.5.0-SNAPSHOT.jar!/webapps/static,AVAILABLE}
2019-10-18 00:26:18,626 [main] INFO  handler.ContextHandler (ContextHandler.java:doStart(781)) - Started o.e.j.w.WebAppContext@73c9e8e8{/,file:///tmp/jetty-0.0.0.0-37898-hddsDatanode-_-any-1078293776355208800.dir/webapp/,AVAILABLE}{/hddsDatanode}
2019-10-18 00:26:18,627 [main] INFO  server.AbstractConnector (AbstractConnector.java:doStart(278)) - Started ServerConnector@de8039f{HTTP/1.1,[http/1.1]}{0.0.0.0:37898}
2019-10-18 00:26:18,627 [main] INFO  server.Server (Server.java:doStart(419)) - Started @5463ms
2019-10-18 00:26:18,627 [main] WARN  impl.MetricsSystemImpl (MetricsSystemImpl.java:register(276)) - Sink prometheus already exists!
2019-10-18 00:26:18,628 [main] INFO  server.BaseHttpServer (BaseHttpServer.java:updateConnectorAddress(215)) - HTTP server of HDDSDATANODE is listening at http://0.0.0.0:37898
2019-10-18 00:26:18,629 [main] INFO  impl.MetricsSystemImpl (MetricsSystemImpl.java:init(158)) - HddsDatanode metrics system started (again)
2019-10-18 00:26:18,632 [main] INFO  ozone.HddsDatanodeService (HddsDatanodeService.java:start(184)) - HddsDatanodeService host:pr-hdds-2131-4cx76-1129263384 ip:192.168.164.253
2019-10-18 00:26:18,635 [org.apache.hadoop.util.JvmPauseMonitor$Monitor@c4d9060] INFO  util.JvmPauseMonitor (JvmPauseMonitor.java:run(188)) - Starting JVM pause monitor
2019-10-18 00:26:18,641 [main] INFO  volume.HddsVolume (HddsVolume.java:<init>(176)) - Creating Volume: /workdir/hadoop-ozone/integration-test/target/test-dir/MiniOzoneClusterImpl-125cb84d-b14c-45f7-a2c3-14b819b44f73/datanode-1/data/containers/hdds of  storage type : DISK and capacity : 1482555576320
2019-10-18 00:26:18,642 [main] INFO  volume.VolumeSet (VolumeSet.java:initializeVolumeSet(170)) - Added Volume : /workdir/hadoop-ozone/integration-test/target/test-dir/MiniOzoneClusterImpl-125cb84d-b14c-45f7-a2c3-14b819b44f73/datanode-1/data/containers/hdds to VolumeSet
2019-10-18 00:26:18,642 [main] INFO  volume.ThrottledAsyncChecker (ThrottledAsyncChecker.java:schedule(141)) - Scheduling a check for /workdir/hadoop-ozone/integration-test/target/test-dir/MiniOzoneClusterImpl-125cb84d-b14c-45f7-a2c3-14b819b44f73/datanode-1/data/containers/hdds
2019-10-18 00:26:18,643 [main] INFO  volume.HddsVolumeChecker (HddsVolumeChecker.java:checkAllVolumes(204)) - Scheduled health check for volume /workdir/hadoop-ozone/integration-test/target/test-dir/MiniOzoneClusterImpl-125cb84d-b14c-45f7-a2c3-14b819b44f73/datanode-1/data/containers/hdds
2019-10-18 00:26:18,659 [main] INFO  impl.RaftServerProxy (ConfUtils.java:logGet(43)) - raft.rpc.type = GRPC (default)
2019-10-18 00:26:18,659 [main] INFO  grpc.GrpcFactory (GrpcFactory.java:checkPooledByteBufAllocatorUseCacheForAllThreads(45)) - PERFORMANCE WARNING: useCacheForAllThreads is true that may cause Netty to create a lot garbage objects and, as a result, trigger GC.
	It is recommended to disable useCacheForAllThreads by setting -Dorg.apache.ratis.thirdparty.io.netty.allocator.useCacheForAllThreads=false in command line.
2019-10-18 00:26:18,662 [main] INFO  grpc.GrpcConfigKeys$Server (ConfUtils.java:logGet(43)) - raft.grpc.server.port = 0 (default)
2019-10-18 00:26:18,664 [main] INFO  server.GrpcService (ConfUtils.java:logGet(43)) - raft.grpc.message.size.max = 33570816 (custom)
2019-10-18 00:26:18,664 [main] INFO  server.RaftServerConfigKeys (ConfUtils.java:logGet(43)) - raft.server.log.appender.buffer.byte-limit = 33554432 (custom)
2019-10-18 00:26:18,665 [main] INFO  server.GrpcService (ConfUtils.java:logGet(43)) - raft.grpc.flow.control.window = 1MB (=1048576) (default)
2019-10-18 00:26:18,665 [main] INFO  server.RaftServerConfigKeys (ConfUtils.java:logGet(43)) - raft.server.rpc.request.timeout = 3000ms (default)
2019-10-18 00:26:18,667 [main] INFO  server.RaftServerConfigKeys (ConfUtils.java:logGet(43)) - raft.server.storage.dir = [/workdir/hadoop-ozone/integration-test/target/test-dir/MiniOzoneClusterImpl-125cb84d-b14c-45f7-a2c3-14b819b44f73/datanode-1/data/ratis] (custom)
2019-10-18 00:26:18,670 [main] INFO  hdfs.DFSUtil (DFSUtil.java:httpServerTemplateForNNAndJN(1641)) - Starting Web-server for hddsDatanode at: http://0.0.0.0:0
2019-10-18 00:26:18,673 [main] INFO  server.AuthenticationFilter (AuthenticationFilter.java:constructSecretProvider(240)) - Unable to initialize FileSignerSecretProvider, falling back to use random secrets.
2019-10-18 00:26:18,674 [main] WARN  http.HttpRequestLog (HttpRequestLog.java:getRequestLog(97)) - Jetty request log can only be enabled using Log4j
2019-10-18 00:26:18,676 [main] INFO  http.HttpServer2 (HttpServer2.java:addGlobalFilter(975)) - Added global filter 'safety' (class=org.apache.hadoop.http.HttpServer2$QuotingInputFilter)
2019-10-18 00:26:18,677 [main] INFO  http.HttpServer2 (HttpServer2.java:addFilter(948)) - Added filter static_user_filter (class=org.apache.hadoop.http.lib.StaticUserWebFilter$StaticUserFilter) to context hddsDatanode
2019-10-18 00:26:18,677 [main] INFO  http.HttpServer2 (HttpServer2.java:addFilter(958)) - Added filter static_user_filter (class=org.apache.hadoop.http.lib.StaticUserWebFilter$StaticUserFilter) to context logs
2019-10-18 00:26:18,677 [main] INFO  http.HttpServer2 (HttpServer2.java:addFilter(958)) - Added filter static_user_filter (class=org.apache.hadoop.http.lib.StaticUserWebFilter$StaticUserFilter) to context static
2019-10-18 00:26:18,678 [main] INFO  http.HttpServer2 (HttpServer2.java:bindListener(1191)) - Jetty bound to port 36741
2019-10-18 00:26:18,679 [main] INFO  server.Server (Server.java:doStart(351)) - jetty-9.3.25.v20180904, build timestamp: 2018-09-04T21:11:46Z, git hash: 3ce520221d0240229c862b122d2b06c12a625732
2019-10-18 00:26:18,683 [main] INFO  handler.ContextHandler (ContextHandler.java:doStart(781)) - Started o.e.j.s.ServletContextHandler@6a472566{/logs,file:///workdir/hadoop-ozone/integration-test/target/log,AVAILABLE}
2019-10-18 00:26:18,683 [main] INFO  handler.ContextHandler (ContextHandler.java:doStart(781)) - Started o.e.j.s.ServletContextHandler@5e65afb6{/static,jar:file:/home/user/.m2/repository/org/apache/hadoop/hadoop-hdds-container-service/0.5.0-SNAPSHOT/hadoop-hdds-container-service-0.5.0-SNAPSHOT.jar!/webapps/static,AVAILABLE}
2019-10-18 00:26:18,715 [main] INFO  handler.ContextHandler (ContextHandler.java:doStart(781)) - Started o.e.j.w.WebAppContext@5c77ba8f{/,file:///tmp/jetty-0.0.0.0-36741-hddsDatanode-_-any-8510644049432554796.dir/webapp/,AVAILABLE}{/hddsDatanode}
2019-10-18 00:26:18,715 [main] INFO  server.AbstractConnector (AbstractConnector.java:doStart(278)) - Started ServerConnector@660f0c{HTTP/1.1,[http/1.1]}{0.0.0.0:36741}
2019-10-18 00:26:18,716 [main] INFO  server.Server (Server.java:doStart(419)) - Started @5552ms
2019-10-18 00:26:18,716 [main] WARN  impl.MetricsSystemImpl (MetricsSystemImpl.java:register(276)) - Sink prometheus already exists!
2019-10-18 00:26:18,718 [main] INFO  server.BaseHttpServer (BaseHttpServer.java:updateConnectorAddress(215)) - HTTP server of HDDSDATANODE is listening at http://0.0.0.0:36741
2019-10-18 00:26:18,718 [main] INFO  impl.MetricsSystemImpl (MetricsSystemImpl.java:init(158)) - HddsDatanode metrics system started (again)
2019-10-18 00:26:18,722 [org.apache.hadoop.util.JvmPauseMonitor$Monitor@3d5a0802] INFO  util.JvmPauseMonitor (JvmPauseMonitor.java:run(188)) - Starting JVM pause monitor
2019-10-18 00:26:18,723 [main] INFO  ozone.HddsDatanodeService (HddsDatanodeService.java:start(184)) - HddsDatanodeService host:pr-hdds-2131-4cx76-1129263384 ip:192.168.164.253
2019-10-18 00:26:18,732 [main] INFO  volume.HddsVolume (HddsVolume.java:<init>(176)) - Creating Volume: /workdir/hadoop-ozone/integration-test/target/test-dir/MiniOzoneClusterImpl-125cb84d-b14c-45f7-a2c3-14b819b44f73/datanode-2/data/containers/hdds of  storage type : DISK and capacity : 1482555576320
2019-10-18 00:26:18,733 [main] INFO  volume.VolumeSet (VolumeSet.java:initializeVolumeSet(170)) - Added Volume : /workdir/hadoop-ozone/integration-test/target/test-dir/MiniOzoneClusterImpl-125cb84d-b14c-45f7-a2c3-14b819b44f73/datanode-2/data/containers/hdds to VolumeSet
2019-10-18 00:26:18,733 [main] INFO  volume.ThrottledAsyncChecker (ThrottledAsyncChecker.java:schedule(141)) - Scheduling a check for /workdir/hadoop-ozone/integration-test/target/test-dir/MiniOzoneClusterImpl-125cb84d-b14c-45f7-a2c3-14b819b44f73/datanode-2/data/containers/hdds
2019-10-18 00:26:18,734 [main] INFO  volume.HddsVolumeChecker (HddsVolumeChecker.java:checkAllVolumes(204)) - Scheduled health check for volume /workdir/hadoop-ozone/integration-test/target/test-dir/MiniOzoneClusterImpl-125cb84d-b14c-45f7-a2c3-14b819b44f73/datanode-2/data/containers/hdds
2019-10-18 00:26:18,748 [main] INFO  impl.RaftServerProxy (ConfUtils.java:logGet(43)) - raft.rpc.type = GRPC (default)
2019-10-18 00:26:18,748 [main] INFO  grpc.GrpcFactory (GrpcFactory.java:checkPooledByteBufAllocatorUseCacheForAllThreads(45)) - PERFORMANCE WARNING: useCacheForAllThreads is true that may cause Netty to create a lot garbage objects and, as a result, trigger GC.
	It is recommended to disable useCacheForAllThreads by setting -Dorg.apache.ratis.thirdparty.io.netty.allocator.useCacheForAllThreads=false in command line.
2019-10-18 00:26:18,748 [main] INFO  grpc.GrpcConfigKeys$Server (ConfUtils.java:logGet(43)) - raft.grpc.server.port = 0 (default)
2019-10-18 00:26:18,748 [main] INFO  server.GrpcService (ConfUtils.java:logGet(43)) - raft.grpc.message.size.max = 33570816 (custom)
2019-10-18 00:26:18,749 [main] INFO  server.RaftServerConfigKeys (ConfUtils.java:logGet(43)) - raft.server.log.appender.buffer.byte-limit = 33554432 (custom)
2019-10-18 00:26:18,749 [main] INFO  server.GrpcService (ConfUtils.java:logGet(43)) - raft.grpc.flow.control.window = 1MB (=1048576) (default)
2019-10-18 00:26:18,749 [main] INFO  server.RaftServerConfigKeys (ConfUtils.java:logGet(43)) - raft.server.rpc.request.timeout = 3000ms (default)
2019-10-18 00:26:18,750 [main] INFO  server.RaftServerConfigKeys (ConfUtils.java:logGet(43)) - raft.server.storage.dir = [/workdir/hadoop-ozone/integration-test/target/test-dir/MiniOzoneClusterImpl-125cb84d-b14c-45f7-a2c3-14b819b44f73/datanode-2/data/ratis] (custom)
2019-10-18 00:26:18,752 [main] INFO  hdfs.DFSUtil (DFSUtil.java:httpServerTemplateForNNAndJN(1641)) - Starting Web-server for hddsDatanode at: http://0.0.0.0:0
2019-10-18 00:26:18,753 [main] INFO  server.AuthenticationFilter (AuthenticationFilter.java:constructSecretProvider(240)) - Unable to initialize FileSignerSecretProvider, falling back to use random secrets.
2019-10-18 00:26:18,753 [main] WARN  http.HttpRequestLog (HttpRequestLog.java:getRequestLog(97)) - Jetty request log can only be enabled using Log4j
2019-10-18 00:26:18,755 [main] INFO  http.HttpServer2 (HttpServer2.java:addGlobalFilter(975)) - Added global filter 'safety' (class=org.apache.hadoop.http.HttpServer2$QuotingInputFilter)
2019-10-18 00:26:18,756 [main] INFO  http.HttpServer2 (HttpServer2.java:addFilter(948)) - Added filter static_user_filter (class=org.apache.hadoop.http.lib.StaticUserWebFilter$StaticUserFilter) to context hddsDatanode
2019-10-18 00:26:18,756 [main] INFO  http.HttpServer2 (HttpServer2.java:addFilter(958)) - Added filter static_user_filter (class=org.apache.hadoop.http.lib.StaticUserWebFilter$StaticUserFilter) to context logs
2019-10-18 00:26:18,756 [main] INFO  http.HttpServer2 (HttpServer2.java:addFilter(958)) - Added filter static_user_filter (class=org.apache.hadoop.http.lib.StaticUserWebFilter$StaticUserFilter) to context static
2019-10-18 00:26:18,757 [main] INFO  http.HttpServer2 (HttpServer2.java:bindListener(1191)) - Jetty bound to port 44717
2019-10-18 00:26:18,757 [main] INFO  server.Server (Server.java:doStart(351)) - jetty-9.3.25.v20180904, build timestamp: 2018-09-04T21:11:46Z, git hash: 3ce520221d0240229c862b122d2b06c12a625732
2019-10-18 00:26:18,759 [main] INFO  handler.ContextHandler (ContextHandler.java:doStart(781)) - Started o.e.j.s.ServletContextHandler@6069dd38{/logs,file:///workdir/hadoop-ozone/integration-test/target/log,AVAILABLE}
2019-10-18 00:26:18,759 [main] INFO  handler.ContextHandler (ContextHandler.java:doStart(781)) - Started o.e.j.s.ServletContextHandler@558756be{/static,jar:file:/home/user/.m2/repository/org/apache/hadoop/hadoop-hdds-container-service/0.5.0-SNAPSHOT/hadoop-hdds-container-service-0.5.0-SNAPSHOT.jar!/webapps/static,AVAILABLE}
2019-10-18 00:26:18,769 [Datanode State Machine Thread - 0] INFO  datanode.InitDatanodeState (InitDatanodeState.java:persistContainerDatanodeDetails(140)) - DatanodeDetails is persisted to /workdir/hadoop-ozone/integration-test/target/test-dir/MiniOzoneClusterImpl-125cb84d-b14c-45f7-a2c3-14b819b44f73/datanode-0/meta/datanode.id
2019-10-18 00:26:18,772 [Datanode State Machine Thread - 0] INFO  datanode.InitDatanodeState (InitDatanodeState.java:persistContainerDatanodeDetails(140)) - DatanodeDetails is persisted to /workdir/hadoop-ozone/integration-test/target/test-dir/MiniOzoneClusterImpl-125cb84d-b14c-45f7-a2c3-14b819b44f73/datanode-1/meta/datanode.id
2019-10-18 00:26:18,791 [main] INFO  handler.ContextHandler (ContextHandler.java:doStart(781)) - Started o.e.j.w.WebAppContext@54e3658c{/,file:///tmp/jetty-0.0.0.0-44717-hddsDatanode-_-any-2445768292772838860.dir/webapp/,AVAILABLE}{/hddsDatanode}
2019-10-18 00:26:18,792 [main] INFO  server.AbstractConnector (AbstractConnector.java:doStart(278)) - Started ServerConnector@43e9089{HTTP/1.1,[http/1.1]}{0.0.0.0:44717}
2019-10-18 00:26:18,792 [main] INFO  server.Server (Server.java:doStart(419)) - Started @5628ms
2019-10-18 00:26:18,793 [main] WARN  impl.MetricsSystemImpl (MetricsSystemImpl.java:register(276)) - Sink prometheus already exists!
2019-10-18 00:26:18,794 [main] INFO  server.BaseHttpServer (BaseHttpServer.java:updateConnectorAddress(215)) - HTTP server of HDDSDATANODE is listening at http://0.0.0.0:44717
2019-10-18 00:26:18,796 [main] INFO  ozone.MiniOzoneClusterImpl (MiniOzoneClusterImpl.java:lambda$waitForClusterToBeReady$0(147)) - Waiting for cluster to be ready. Got 0 of 3 DN Heartbeats.
2019-10-18 00:26:18,796 [org.apache.hadoop.util.JvmPauseMonitor$Monitor@40fa2e4a] INFO  util.JvmPauseMonitor (JvmPauseMonitor.java:run(188)) - Starting JVM pause monitor
2019-10-18 00:26:18,799 [Datanode State Machine Thread - 0] INFO  datanode.InitDatanodeState (InitDatanodeState.java:persistContainerDatanodeDetails(140)) - DatanodeDetails is persisted to /workdir/hadoop-ozone/integration-test/target/test-dir/MiniOzoneClusterImpl-125cb84d-b14c-45f7-a2c3-14b819b44f73/datanode-2/meta/datanode.id
2019-10-18 00:26:19,796 [main] INFO  ozone.MiniOzoneClusterImpl (MiniOzoneClusterImpl.java:lambda$waitForClusterToBeReady$0(147)) - Waiting for cluster to be ready. Got 0 of 3 DN Heartbeats.
2019-10-18 00:26:20,741 [Datanode State Machine Thread - 0] INFO  ozoneimpl.OzoneContainer (OzoneContainer.java:start(213)) - Attempting to start container services.
2019-10-18 00:26:20,744 [Datanode State Machine Thread - 0] INFO  ozoneimpl.OzoneContainer (OzoneContainer.java:startContainerScrub(177)) - Background container scanner has been disabled.
2019-10-18 00:26:20,744 [Datanode State Machine Thread - 0] INFO  ratis.XceiverServerRatis (XceiverServerRatis.java:start(418)) - Starting XceiverServerRatis efdea5f7-0978-4608-8df8-907f93177c26 at port 0
2019-10-18 00:26:20,756 [Datanode State Machine Thread - 0] INFO  ozoneimpl.OzoneContainer (OzoneContainer.java:start(213)) - Attempting to start container services.
2019-10-18 00:26:20,763 [Datanode State Machine Thread - 0] INFO  ozoneimpl.OzoneContainer (OzoneContainer.java:startContainerScrub(177)) - Background container scanner has been disabled.
2019-10-18 00:26:20,763 [Datanode State Machine Thread - 0] INFO  ratis.XceiverServerRatis (XceiverServerRatis.java:start(418)) - Starting XceiverServerRatis 1c196293-af28-4849-9284-4cc1dd56b0a0 at port 0
2019-10-18 00:26:20,772 [Datanode State Machine Thread - 0] INFO  impl.RaftServerProxy (RaftServerProxy.java:lambda$start$3(299)) - efdea5f7-0978-4608-8df8-907f93177c26: start RPC server
2019-10-18 00:26:20,778 [Datanode State Machine Thread - 0] INFO  impl.RaftServerProxy (RaftServerProxy.java:lambda$start$3(299)) - 1c196293-af28-4849-9284-4cc1dd56b0a0: start RPC server
2019-10-18 00:26:20,797 [main] INFO  ozone.MiniOzoneClusterImpl (MiniOzoneClusterImpl.java:lambda$waitForClusterToBeReady$0(147)) - Waiting for cluster to be ready. Got 0 of 3 DN Heartbeats.
2019-10-18 00:26:20,821 [Datanode State Machine Thread - 0] INFO  ozoneimpl.OzoneContainer (OzoneContainer.java:start(213)) - Attempting to start container services.
2019-10-18 00:26:20,823 [Datanode State Machine Thread - 0] INFO  ozoneimpl.OzoneContainer (OzoneContainer.java:startContainerScrub(177)) - Background container scanner has been disabled.
2019-10-18 00:26:20,823 [Datanode State Machine Thread - 0] INFO  ratis.XceiverServerRatis (XceiverServerRatis.java:start(418)) - Starting XceiverServerRatis 27e27663-33d5-44e8-9c0f-eb0e3c2aee11 at port 0
2019-10-18 00:26:20,833 [Datanode State Machine Thread - 0] INFO  impl.RaftServerProxy (RaftServerProxy.java:lambda$start$3(299)) - 27e27663-33d5-44e8-9c0f-eb0e3c2aee11: start RPC server
2019-10-18 00:26:20,898 [Datanode State Machine Thread - 0] INFO  server.GrpcService (GrpcService.java:startImpl(158)) - efdea5f7-0978-4608-8df8-907f93177c26: GrpcService started, listening on 0.0.0.0/0.0.0.0:40628
2019-10-18 00:26:20,898 [Datanode State Machine Thread - 0] INFO  server.GrpcService (GrpcService.java:startImpl(158)) - 27e27663-33d5-44e8-9c0f-eb0e3c2aee11: GrpcService started, listening on 0.0.0.0/0.0.0.0:35650
2019-10-18 00:26:20,898 [Datanode State Machine Thread - 0] INFO  server.GrpcService (GrpcService.java:startImpl(158)) - 1c196293-af28-4849-9284-4cc1dd56b0a0: GrpcService started, listening on 0.0.0.0/0.0.0.0:43223
2019-10-18 00:26:20,899 [Datanode State Machine Thread - 0] INFO  ratis.XceiverServerRatis (XceiverServerRatis.java:start(428)) - XceiverServerRatis 27e27663-33d5-44e8-9c0f-eb0e3c2aee11 is started using port 35650
2019-10-18 00:26:20,899 [Datanode State Machine Thread - 0] INFO  ratis.XceiverServerRatis (XceiverServerRatis.java:start(428)) - XceiverServerRatis efdea5f7-0978-4608-8df8-907f93177c26 is started using port 40628
2019-10-18 00:26:20,899 [Datanode State Machine Thread - 0] INFO  ratis.XceiverServerRatis (XceiverServerRatis.java:start(428)) - XceiverServerRatis 1c196293-af28-4849-9284-4cc1dd56b0a0 is started using port 43223
2019-10-18 00:26:20,905 [Datanode State Machine Thread - 0] INFO  server.XceiverServerGrpc (XceiverServerGrpc.java:start(149)) - XceiverServerGrpc efdea5f7-0978-4608-8df8-907f93177c26 is started using port 46865
2019-10-18 00:26:20,905 [Datanode State Machine Thread - 0] INFO  server.XceiverServerGrpc (XceiverServerGrpc.java:start(149)) - XceiverServerGrpc 1c196293-af28-4849-9284-4cc1dd56b0a0 is started using port 35894
2019-10-18 00:26:20,905 [Datanode State Machine Thread - 0] INFO  server.XceiverServerGrpc (XceiverServerGrpc.java:start(149)) - XceiverServerGrpc 27e27663-33d5-44e8-9c0f-eb0e3c2aee11 is started using port 35277
2019-10-18 00:26:21,797 [main] INFO  ozone.MiniOzoneClusterImpl (MiniOzoneClusterImpl.java:lambda$waitForClusterToBeReady$0(147)) - Waiting for cluster to be ready. Got 0 of 3 DN Heartbeats.
2019-10-18 00:26:22,678 [IPC Server handler 0 on 41338] INFO  net.NetworkTopology (NetworkTopologyImpl.java:add(111)) - Added a new node: /default-rack/efdea5f7-0978-4608-8df8-907f93177c26
2019-10-18 00:26:22,680 [IPC Server handler 0 on 41338] INFO  node.SCMNodeManager (SCMNodeManager.java:register(268)) - Registered Data node : efdea5f7-0978-4608-8df8-907f93177c26{ip: 192.168.164.253, host: pr-hdds-2131-4cx76-1129263384, networkLocation: /default-rack, certSerialId: null}
2019-10-18 00:26:22,684 [EventQueue-NodeRegistrationContainerReportForDataNodeSafeModeRule] INFO  safemode.SCMSafeModeManager (DataNodeSafeModeRule.java:process(71)) - SCM in safe mode. 1 DataNodes registered, 1 required.
2019-10-18 00:26:22,684 [EventQueue-NodeRegistrationContainerReportForDataNodeSafeModeRule] INFO  safemode.SCMSafeModeManager (SCMSafeModeManager.java:validateSafeModeExitRules(177)) - ScmSafeModeManager, all rules are successfully validated
2019-10-18 00:26:22,684 [EventQueue-NodeRegistrationContainerReportForDataNodeSafeModeRule] INFO  safemode.SCMSafeModeManager (SCMSafeModeManager.java:exitSafeMode(193)) - SCM exiting safe mode.
2019-10-18 00:26:22,726 [IPC Server handler 1 on 41338] INFO  net.NetworkTopology (NetworkTopologyImpl.java:add(111)) - Added a new node: /default-rack/1c196293-af28-4849-9284-4cc1dd56b0a0
2019-10-18 00:26:22,726 [IPC Server handler 1 on 41338] INFO  node.SCMNodeManager (SCMNodeManager.java:register(268)) - Registered Data node : 1c196293-af28-4849-9284-4cc1dd56b0a0{ip: 192.168.164.253, host: pr-hdds-2131-4cx76-1129263384, networkLocation: /default-rack, certSerialId: null}
2019-10-18 00:26:22,798 [main] INFO  ozone.MiniOzoneClusterImpl (MiniOzoneClusterImpl.java:lambda$waitForClusterToBeReady$0(147)) - Waiting for cluster to be ready. Got 2 of 3 DN Heartbeats.
2019-10-18 00:26:22,799 [IPC Server handler 2 on 41338] INFO  net.NetworkTopology (NetworkTopologyImpl.java:add(111)) - Added a new node: /default-rack/27e27663-33d5-44e8-9c0f-eb0e3c2aee11
2019-10-18 00:26:22,799 [IPC Server handler 2 on 41338] INFO  node.SCMNodeManager (SCMNodeManager.java:register(268)) - Registered Data node : 27e27663-33d5-44e8-9c0f-eb0e3c2aee11{ip: 192.168.164.253, host: pr-hdds-2131-4cx76-1129263384, networkLocation: /default-rack, certSerialId: null}
2019-10-18 00:26:23,242 [grpc-default-executor-0] INFO  impl.RaftServerProxy (RaftServerProxy.java:addNew(89)) - efdea5f7-0978-4608-8df8-907f93177c26: addNew group-0D19A8E2626B:[efdea5f7-0978-4608-8df8-907f93177c26:192.168.164.253:40628] returns group-0D19A8E2626B:java.util.concurrent.CompletableFuture@24252dcc[Not completed]
2019-10-18 00:26:23,255 [pool-27-thread-1] INFO  impl.RaftServerImpl (RaftServerImpl.java:<init>(104)) - efdea5f7-0978-4608-8df8-907f93177c26: new RaftServerImpl for group-0D19A8E2626B:[efdea5f7-0978-4608-8df8-907f93177c26:192.168.164.253:40628] with ContainerStateMachine:uninitialized
2019-10-18 00:26:23,258 [pool-27-thread-1] INFO  server.RaftServerConfigKeys (ConfUtils.java:logGet(43)) - raft.server.rpc.timeout.min = 5s (custom)
2019-10-18 00:26:23,259 [pool-27-thread-1] INFO  server.RaftServerConfigKeys (ConfUtils.java:logGet(43)) - raft.server.rpc.timeout.max = 5200ms (custom)
2019-10-18 00:26:23,259 [pool-27-thread-1] INFO  server.RaftServerConfigKeys (ConfUtils.java:logGet(43)) - raft.server.rpcslowness.timeout = 1000s (custom)
2019-10-18 00:26:23,259 [pool-27-thread-1] INFO  server.RaftServerConfigKeys (ConfUtils.java:logGet(43)) - raft.server.sleep.deviation.threshold = 300 (default)
2019-10-18 00:26:23,260 [pool-27-thread-1] INFO  server.RaftServerConfigKeys (ConfUtils.java:logGet(43)) - raft.server.log.appender.install.snapshot.enabled = false (custom)
2019-10-18 00:26:23,269 [pool-27-thread-1] INFO  impl.RaftServerImpl (ServerState.java:<init>(103)) - efdea5f7-0978-4608-8df8-907f93177c26@group-0D19A8E2626B: ConfigurationManager, init=-1: [efdea5f7-0978-4608-8df8-907f93177c26:192.168.164.253:40628], old=null, confs=<EMPTY_MAP>
2019-10-18 00:26:23,269 [pool-27-thread-1] INFO  server.RaftServerConfigKeys (ConfUtils.java:logGet(43)) - raft.server.storage.dir = [/workdir/hadoop-ozone/integration-test/target/test-dir/MiniOzoneClusterImpl-125cb84d-b14c-45f7-a2c3-14b819b44f73/datanode-0/data/ratis] (custom)
2019-10-18 00:26:23,277 [pool-27-thread-1] INFO  server.RaftServerConfigKeys (ConfUtils.java:logGet(43)) - raft.server.log.corruption.policy = EXCEPTION (default)
2019-10-18 00:26:23,279 [pool-27-thread-1] INFO  storage.RaftStorageDirectory (RaftStorageDirectory.java:analyzeStorage(246)) - The storage directory /workdir/hadoop-ozone/integration-test/target/test-dir/MiniOzoneClusterImpl-125cb84d-b14c-45f7-a2c3-14b819b44f73/datanode-0/data/ratis/08e8e975-e69f-4c31-b75d-0d19a8e2626b does not exist. Creating ...
2019-10-18 00:26:23,306 [pool-27-thread-1] INFO  storage.RaftStorageDirectory (RaftStorageDirectory.java:tryLock(328)) - Lock on /workdir/hadoop-ozone/integration-test/target/test-dir/MiniOzoneClusterImpl-125cb84d-b14c-45f7-a2c3-14b819b44f73/datanode-0/data/ratis/08e8e975-e69f-4c31-b75d-0d19a8e2626b/in_use.lock acquired by nodename 28467@pr-hdds-2131-4cx76-1129263384
2019-10-18 00:26:23,333 [pool-27-thread-1] INFO  storage.RaftStorage (RaftStorage.java:format(84)) - Storage directory /workdir/hadoop-ozone/integration-test/target/test-dir/MiniOzoneClusterImpl-125cb84d-b14c-45f7-a2c3-14b819b44f73/datanode-0/data/ratis/08e8e975-e69f-4c31-b75d-0d19a8e2626b has been successfully formatted.
2019-10-18 00:26:23,335 [pool-27-thread-1] INFO  ratis.ContainerStateMachine (ContainerStateMachine.java:loadSnapshot(231)) - group-0D19A8E2626B: The snapshot info is null. Setting the last applied indexto:(t:0, i:~)
2019-10-18 00:26:23,335 [pool-27-thread-1] INFO  server.RaftServerConfigKeys (ConfUtils.java:logGet(43)) - raft.server.notification.no-leader.timeout = 1000s (custom)
2019-10-18 00:26:23,337 [pool-27-thread-1] INFO  server.RaftServerConfigKeys (ConfUtils.java:logGet(43)) - raft.server.log.use.memory = false (default)
2019-10-18 00:26:23,341 [pool-27-thread-1] INFO  server.RaftServerConfigKeys (ConfUtils.java:logGet(43)) - raft.server.log.purge.gap = 1000000 (custom)
2019-10-18 00:26:23,341 [pool-27-thread-1] INFO  server.RaftServerConfigKeys (ConfUtils.java:logGet(43)) - raft.server.log.appender.buffer.byte-limit = 33554432 (custom)
2019-10-18 00:26:23,343 [pool-27-thread-1] INFO  server.RaftServerConfigKeys (ConfUtils.java:logGet(43)) - raft.server.log.segment.size.max = 1048576 (custom)
2019-10-18 00:26:23,345 [pool-27-thread-1] INFO  impl.MetricsSystemImpl (MetricsSystemImpl.java:init(158)) - ratis metrics system started (again)
2019-10-18 00:26:23,348 [pool-27-thread-1] INFO  metrics.MetricRegistries (MetricRegistriesLoader.java:load(64)) - Loaded MetricRegistries class org.apache.ratis.metrics.impl.MetricRegistriesImpl
2019-10-18 00:26:23,379 [pool-27-thread-1] INFO  server.RaftServerConfigKeys (ConfUtils.java:logGet(43)) - raft.server.log.segment.cache.num.max = 2 (custom)
2019-10-18 00:26:23,384 [pool-27-thread-1] INFO  segmented.SegmentedRaftLogWorker (SegmentedRaftLogWorker.java:<init>(173)) - new efdea5f7-0978-4608-8df8-907f93177c26@group-0D19A8E2626B-SegmentedRaftLogWorker for RaftStorage:Storage Directory /workdir/hadoop-ozone/integration-test/target/test-dir/MiniOzoneClusterImpl-125cb84d-b14c-45f7-a2c3-14b819b44f73/datanode-0/data/ratis/08e8e975-e69f-4c31-b75d-0d19a8e2626b
2019-10-18 00:26:23,385 [pool-27-thread-1] INFO  server.RaftServerConfigKeys (ConfUtils.java:logGet(43)) - raft.server.log.queue.byte-limit = 2147483647 (custom)
2019-10-18 00:26:23,385 [pool-27-thread-1] INFO  server.RaftServerConfigKeys (ConfUtils.java:logGet(43)) - raft.server.log.queue.element-limit = 1024 (custom)
2019-10-18 00:26:23,386 [pool-27-thread-1] INFO  server.RaftServerConfigKeys (ConfUtils.java:logGet(43)) - raft.server.log.segment.size.max = 1048576 (custom)
2019-10-18 00:26:23,387 [pool-27-thread-1] INFO  server.RaftServerConfigKeys (ConfUtils.java:logGet(43)) - raft.server.log.preallocated.size = 16384 (custom)
2019-10-18 00:26:23,387 [pool-27-thread-1] INFO  server.RaftServerConfigKeys (ConfUtils.java:logGet(43)) - raft.server.log.write.buffer.size = 33554432 (custom)
2019-10-18 00:26:23,387 [pool-27-thread-1] INFO  server.RaftServerConfigKeys (ConfUtils.java:logGet(43)) - raft.server.log.force.sync.num = 128 (default)
2019-10-18 00:26:23,388 [pool-27-thread-1] INFO  server.RaftServerConfigKeys (ConfUtils.java:logGet(43)) - raft.server.log.statemachine.data.sync = true (default)
2019-10-18 00:26:23,388 [pool-27-thread-1] INFO  server.RaftServerConfigKeys (ConfUtils.java:logGet(43)) - raft.server.log.statemachine.data.sync.timeout = 10s (default)
2019-10-18 00:26:23,389 [pool-27-thread-1] INFO  server.RaftServerConfigKeys (ConfUtils.java:logGet(43)) - raft.server.log.statemachine.data.sync.timeout.retry = -1 (default)
2019-10-18 00:26:23,399 [pool-27-thread-1] INFO  server.RaftServerConfigKeys (ConfUtils.java:logGet(43)) - raft.server.log.statemachine.data.caching.enabled = true (custom)
2019-10-18 00:26:23,403 [pool-27-thread-1] INFO  segmented.SegmentedRaftLogWorker (SegmentedRaftLogWorker.java:lambda$new$0(128)) - efdea5f7-0978-4608-8df8-907f93177c26@group-0D19A8E2626B-SegmentedRaftLogWorker: flushIndex: setUnconditionally 0 -> -1
2019-10-18 00:26:23,407 [pool-27-thread-1] INFO  server.RaftServerConfigKeys (ConfUtils.java:logGet(43)) - raft.server.snapshot.auto.trigger.enabled = true (custom)
2019-10-18 00:26:23,408 [pool-27-thread-1] INFO  server.RaftServerConfigKeys (ConfUtils.java:logGet(43)) - raft.server.snapshot.auto.trigger.threshold = 10000 (custom)
2019-10-18 00:26:23,409 [pool-27-thread-1] INFO  server.RaftServerConfigKeys (ConfUtils.java:logGet(43)) - raft.server.snapshot.retention.file.num = 5 (custom)
2019-10-18 00:26:23,409 [pool-27-thread-1] INFO  server.RaftServerConfigKeys (ConfUtils.java:logGet(43)) - raft.server.retrycache.expirytime = 600000ms (custom)
2019-10-18 00:26:23,437 [pool-27-thread-1] INFO  impl.RaftServerImpl (RaftServerImpl.java:start(195)) - efdea5f7-0978-4608-8df8-907f93177c26@group-0D19A8E2626B: start as a follower, conf=-1: [efdea5f7-0978-4608-8df8-907f93177c26:192.168.164.253:40628], old=null
2019-10-18 00:26:23,438 [pool-27-thread-1] INFO  impl.RaftServerImpl (RaftServerImpl.java:setRole(184)) - efdea5f7-0978-4608-8df8-907f93177c26@group-0D19A8E2626B: changes role from      null to FOLLOWER at term 0 for startAsFollower
2019-10-18 00:26:23,439 [pool-27-thread-1] INFO  impl.RoleInfo (RoleInfo.java:updateAndGet(143)) - efdea5f7-0978-4608-8df8-907f93177c26: start FollowerState
2019-10-18 00:26:23,441 [pool-27-thread-1] INFO  util.JmxRegister (JmxRegister.java:tryRegister(44)) - Successfully registered JMX Bean with object name Ratis:service=RaftServer,group=group-0D19A8E2626B,id=efdea5f7-0978-4608-8df8-907f93177c26
2019-10-18 00:26:23,507 [Thread-186] INFO  impl.FollowerState (FollowerState.java:run(108)) - efdea5f7-0978-4608-8df8-907f93177c26@group-0D19A8E2626B-FollowerState: change to CANDIDATE, lastRpcTime:68ms, electionTimeout:67ms
2019-10-18 00:26:23,511 [Thread-186] INFO  impl.RoleInfo (RoleInfo.java:shutdownFollowerState(121)) - efdea5f7-0978-4608-8df8-907f93177c26: shutdown FollowerState
2019-10-18 00:26:23,512 [Thread-186] INFO  impl.RaftServerImpl (RaftServerImpl.java:setRole(184)) - efdea5f7-0978-4608-8df8-907f93177c26@group-0D19A8E2626B: changes role from  FOLLOWER to CANDIDATE at term 0 for changeToCandidate
2019-10-18 00:26:23,516 [RatisPipelineUtilsThread] INFO  pipeline.PipelineStateManager (PipelineStateManager.java:addPipeline(56)) - Created pipeline Pipeline[ Id: 08e8e975-e69f-4c31-b75d-0d19a8e2626b, Nodes: efdea5f7-0978-4608-8df8-907f93177c26{ip: 192.168.164.253, host: pr-hdds-2131-4cx76-1129263384, networkLocation: /default-rack, certSerialId: null}, Type:RATIS, Factor:ONE, State:OPEN]
2019-10-18 00:26:23,518 [Thread-186] INFO  impl.RoleInfo (RoleInfo.java:updateAndGet(143)) - efdea5f7-0978-4608-8df8-907f93177c26: start LeaderElection
2019-10-18 00:26:23,538 [grpc-default-executor-0] INFO  impl.RaftServerProxy (RaftServerProxy.java:addNew(89)) - 27e27663-33d5-44e8-9c0f-eb0e3c2aee11: addNew group-08322AB1D71F:[27e27663-33d5-44e8-9c0f-eb0e3c2aee11:192.168.164.253:35650] returns group-08322AB1D71F:java.util.concurrent.CompletableFuture@58265342[Not completed]
2019-10-18 00:26:23,544 [efdea5f7-0978-4608-8df8-907f93177c26@group-0D19A8E2626B-LeaderElection1] INFO  impl.LeaderElection (LeaderElection.java:askForVotes(178)) - efdea5f7-0978-4608-8df8-907f93177c26@group-0D19A8E2626B-LeaderElection1: begin an election at term 1 for -1: [efdea5f7-0978-4608-8df8-907f93177c26:192.168.164.253:40628], old=null
2019-10-18 00:26:23,546 [efdea5f7-0978-4608-8df8-907f93177c26@group-0D19A8E2626B-LeaderElection1] INFO  impl.RoleInfo (RoleInfo.java:shutdownLeaderElection(134)) - efdea5f7-0978-4608-8df8-907f93177c26: shutdown LeaderElection
2019-10-18 00:26:23,560 [efdea5f7-0978-4608-8df8-907f93177c26@group-0D19A8E2626B-LeaderElection1] INFO  impl.RaftServerImpl (RaftServerImpl.java:setRole(184)) - efdea5f7-0978-4608-8df8-907f93177c26@group-0D19A8E2626B: changes role from CANDIDATE to LEADER at term 1 for changeToLeader
2019-10-18 00:26:23,560 [efdea5f7-0978-4608-8df8-907f93177c26@group-0D19A8E2626B-LeaderElection1] INFO  impl.RaftServerImpl (ServerState.java:setLeader(256)) - efdea5f7-0978-4608-8df8-907f93177c26@group-0D19A8E2626B: change Leader from null to efdea5f7-0978-4608-8df8-907f93177c26 at term 1 for becomeLeader, leader elected after 225ms
2019-10-18 00:26:23,561 [pool-47-thread-1] INFO  impl.RaftServerImpl (RaftServerImpl.java:<init>(104)) - 27e27663-33d5-44e8-9c0f-eb0e3c2aee11: new RaftServerImpl for group-08322AB1D71F:[27e27663-33d5-44e8-9c0f-eb0e3c2aee11:192.168.164.253:35650] with ContainerStateMachine:uninitialized
2019-10-18 00:26:23,563 [pool-47-thread-1] INFO  server.RaftServerConfigKeys (ConfUtils.java:logGet(43)) - raft.server.rpc.timeout.min = 5s (custom)
2019-10-18 00:26:23,563 [pool-47-thread-1] INFO  server.RaftServerConfigKeys (ConfUtils.java:logGet(43)) - raft.server.rpc.timeout.max = 5200ms (custom)
2019-10-18 00:26:23,564 [pool-47-thread-1] INFO  server.RaftServerConfigKeys (ConfUtils.java:logGet(43)) - raft.server.rpcslowness.timeout = 1000s (custom)
2019-10-18 00:26:23,564 [pool-47-thread-1] INFO  server.RaftServerConfigKeys (ConfUtils.java:logGet(43)) - raft.server.sleep.deviation.threshold = 300 (default)
2019-10-18 00:26:23,564 [pool-47-thread-1] INFO  server.RaftServerConfigKeys (ConfUtils.java:logGet(43)) - raft.server.log.appender.install.snapshot.enabled = false (custom)
2019-10-18 00:26:23,564 [pool-47-thread-1] INFO  impl.RaftServerImpl (ServerState.java:<init>(103)) - 27e27663-33d5-44e8-9c0f-eb0e3c2aee11@group-08322AB1D71F: ConfigurationManager, init=-1: [27e27663-33d5-44e8-9c0f-eb0e3c2aee11:192.168.164.253:35650], old=null, confs=<EMPTY_MAP>
2019-10-18 00:26:23,565 [pool-47-thread-1] INFO  server.RaftServerConfigKeys (ConfUtils.java:logGet(43)) - raft.server.storage.dir = [/workdir/hadoop-ozone/integration-test/target/test-dir/MiniOzoneClusterImpl-125cb84d-b14c-45f7-a2c3-14b819b44f73/datanode-2/data/ratis] (custom)
2019-10-18 00:26:23,565 [pool-47-thread-1] INFO  server.RaftServerConfigKeys (ConfUtils.java:logGet(43)) - raft.server.log.corruption.policy = EXCEPTION (default)
2019-10-18 00:26:23,565 [pool-47-thread-1] INFO  storage.RaftStorageDirectory (RaftStorageDirectory.java:analyzeStorage(246)) - The storage directory /workdir/hadoop-ozone/integration-test/target/test-dir/MiniOzoneClusterImpl-125cb84d-b14c-45f7-a2c3-14b819b44f73/datanode-2/data/ratis/38438ec1-2c71-4c13-a603-08322ab1d71f does not exist. Creating ...
2019-10-18 00:26:23,567 [efdea5f7-0978-4608-8df8-907f93177c26@group-0D19A8E2626B-LeaderElection1] INFO  server.RaftServerConfigKeys (ConfUtils.java:logGet(43)) - raft.server.staging.catchup.gap = 1000 (default)
2019-10-18 00:26:23,567 [efdea5f7-0978-4608-8df8-907f93177c26@group-0D19A8E2626B-LeaderElection1] INFO  server.RaftServerConfigKeys (ConfUtils.java:logGet(43)) - raft.server.rpc.sleep.time = 25ms (default)
2019-10-18 00:26:23,571 [efdea5f7-0978-4608-8df8-907f93177c26@group-0D19A8E2626B-LeaderElection1] INFO  server.RaftServerConfigKeys (ConfUtils.java:logGet(43)) - raft.server.write.element-limit = 4096 (default)
2019-10-18 00:26:23,573 [efdea5f7-0978-4608-8df8-907f93177c26@group-0D19A8E2626B-LeaderElection1] INFO  server.RaftServerConfigKeys (ConfUtils.java:logGet(43)) - raft.server.watch.timeout = 10s (default)
2019-10-18 00:26:23,573 [efdea5f7-0978-4608-8df8-907f93177c26@group-0D19A8E2626B-LeaderElection1] INFO  server.RaftServerConfigKeys (ConfUtils.java:logGet(43)) - raft.server.watch.timeout.denomination = 1s (default)
2019-10-18 00:26:23,574 [efdea5f7-0978-4608-8df8-907f93177c26@group-0D19A8E2626B-LeaderElection1] INFO  server.RaftServerConfigKeys (ConfUtils.java:logGet(43)) - raft.server.watch.element-limit = 65536 (default)
2019-10-18 00:26:23,585 [pool-47-thread-1] INFO  storage.RaftStorageDirectory (RaftStorageDirectory.java:tryLock(328)) - Lock on /workdir/hadoop-ozone/integration-test/target/test-dir/MiniOzoneClusterImpl-125cb84d-b14c-45f7-a2c3-14b819b44f73/datanode-2/data/ratis/38438ec1-2c71-4c13-a603-08322ab1d71f/in_use.lock acquired by nodename 28467@pr-hdds-2131-4cx76-1129263384
2019-10-18 00:26:23,587 [efdea5f7-0978-4608-8df8-907f93177c26@group-0D19A8E2626B-LeaderElection1] INFO  impl.RoleInfo (RoleInfo.java:updateAndGet(143)) - efdea5f7-0978-4608-8df8-907f93177c26: start LeaderState
2019-10-18 00:26:23,604 [efdea5f7-0978-4608-8df8-907f93177c26@group-0D19A8E2626B-LeaderElection1] INFO  segmented.SegmentedRaftLogWorker (SegmentedRaftLogWorker.java:startLogSegment(385)) - efdea5f7-0978-4608-8df8-907f93177c26@group-0D19A8E2626B-SegmentedRaftLogWorker: Starting segment from index:0
2019-10-18 00:26:23,610 [pool-47-thread-1] INFO  storage.RaftStorage (RaftStorage.java:format(84)) - Storage directory /workdir/hadoop-ozone/integration-test/target/test-dir/MiniOzoneClusterImpl-125cb84d-b14c-45f7-a2c3-14b819b44f73/datanode-2/data/ratis/38438ec1-2c71-4c13-a603-08322ab1d71f has been successfully formatted.
2019-10-18 00:26:23,611 [pool-47-thread-1] INFO  ratis.ContainerStateMachine (ContainerStateMachine.java:loadSnapshot(231)) - group-08322AB1D71F: The snapshot info is null. Setting the last applied indexto:(t:0, i:~)
2019-10-18 00:26:23,612 [pool-47-thread-1] INFO  server.RaftServerConfigKeys (ConfUtils.java:logGet(43)) - raft.server.notification.no-leader.timeout = 1000s (custom)
2019-10-18 00:26:23,612 [pool-47-thread-1] INFO  server.RaftServerConfigKeys (ConfUtils.java:logGet(43)) - raft.server.log.use.memory = false (default)
2019-10-18 00:26:23,612 [pool-47-thread-1] INFO  server.RaftServerConfigKeys (ConfUtils.java:logGet(43)) - raft.server.log.purge.gap = 1000000 (custom)
2019-10-18 00:26:23,613 [pool-47-thread-1] INFO  server.RaftServerConfigKeys (ConfUtils.java:logGet(43)) - raft.server.log.appender.buffer.byte-limit = 33554432 (custom)
2019-10-18 00:26:23,613 [pool-47-thread-1] INFO  server.RaftServerConfigKeys (ConfUtils.java:logGet(43)) - raft.server.log.segment.size.max = 1048576 (custom)
2019-10-18 00:26:23,643 [efdea5f7-0978-4608-8df8-907f93177c26@group-0D19A8E2626B-LeaderElection1] INFO  impl.RaftServerImpl (ServerState.java:setRaftConf(357)) - efdea5f7-0978-4608-8df8-907f93177c26@group-0D19A8E2626B: set configuration 0: [efdea5f7-0978-4608-8df8-907f93177c26:192.168.164.253:40628], old=null at 0
2019-10-18 00:26:23,646 [pool-47-thread-1] INFO  server.RaftServerConfigKeys (ConfUtils.java:logGet(43)) - raft.server.log.segment.cache.num.max = 2 (custom)
2019-10-18 00:26:23,646 [pool-47-thread-1] INFO  segmented.SegmentedRaftLogWorker (SegmentedRaftLogWorker.java:<init>(173)) - new 27e27663-33d5-44e8-9c0f-eb0e3c2aee11@group-08322AB1D71F-SegmentedRaftLogWorker for RaftStorage:Storage Directory /workdir/hadoop-ozone/integration-test/target/test-dir/MiniOzoneClusterImpl-125cb84d-b14c-45f7-a2c3-14b819b44f73/datanode-2/data/ratis/38438ec1-2c71-4c13-a603-08322ab1d71f
2019-10-18 00:26:23,646 [pool-47-thread-1] INFO  server.RaftServerConfigKeys (ConfUtils.java:logGet(43)) - raft.server.log.queue.byte-limit = 2147483647 (custom)
2019-10-18 00:26:23,646 [pool-47-thread-1] INFO  server.RaftServerConfigKeys (ConfUtils.java:logGet(43)) - raft.server.log.queue.element-limit = 1024 (custom)
2019-10-18 00:26:23,647 [pool-47-thread-1] INFO  server.RaftServerConfigKeys (ConfUtils.java:logGet(43)) - raft.server.log.segment.size.max = 1048576 (custom)
2019-10-18 00:26:23,647 [pool-47-thread-1] INFO  server.RaftServerConfigKeys (ConfUtils.java:logGet(43)) - raft.server.log.preallocated.size = 16384 (custom)
2019-10-18 00:26:23,647 [pool-47-thread-1] INFO  server.RaftServerConfigKeys (ConfUtils.java:logGet(43)) - raft.server.log.write.buffer.size = 33554432 (custom)
2019-10-18 00:26:23,647 [pool-47-thread-1] INFO  server.RaftServerConfigKeys (ConfUtils.java:logGet(43)) - raft.server.log.force.sync.num = 128 (default)
2019-10-18 00:26:23,647 [pool-47-thread-1] INFO  server.RaftServerConfigKeys (ConfUtils.java:logGet(43)) - raft.server.log.statemachine.data.sync = true (default)
2019-10-18 00:26:23,647 [pool-47-thread-1] INFO  server.RaftServerConfigKeys (ConfUtils.java:logGet(43)) - raft.server.log.statemachine.data.sync.timeout = 10s (default)
2019-10-18 00:26:23,647 [pool-47-thread-1] INFO  server.RaftServerConfigKeys (ConfUtils.java:logGet(43)) - raft.server.log.statemachine.data.sync.timeout.retry = -1 (default)
2019-10-18 00:26:23,648 [pool-47-thread-1] INFO  server.RaftServerConfigKeys (ConfUtils.java:logGet(43)) - raft.server.log.statemachine.data.caching.enabled = true (custom)
2019-10-18 00:26:23,649 [pool-47-thread-1] INFO  segmented.SegmentedRaftLogWorker (SegmentedRaftLogWorker.java:lambda$new$0(128)) - 27e27663-33d5-44e8-9c0f-eb0e3c2aee11@group-08322AB1D71F-SegmentedRaftLogWorker: flushIndex: setUnconditionally 0 -> -1
2019-10-18 00:26:23,649 [pool-47-thread-1] INFO  server.RaftServerConfigKeys (ConfUtils.java:logGet(43)) - raft.server.snapshot.auto.trigger.enabled = true (custom)
2019-10-18 00:26:23,649 [pool-47-thread-1] INFO  server.RaftServerConfigKeys (ConfUtils.java:logGet(43)) - raft.server.snapshot.auto.trigger.threshold = 10000 (custom)
2019-10-18 00:26:23,649 [pool-47-thread-1] INFO  server.RaftServerConfigKeys (ConfUtils.java:logGet(43)) - raft.server.snapshot.retention.file.num = 5 (custom)
2019-10-18 00:26:23,649 [pool-47-thread-1] INFO  server.RaftServerConfigKeys (ConfUtils.java:logGet(43)) - raft.server.retrycache.expirytime = 600000ms (custom)
2019-10-18 00:26:23,657 [pool-47-thread-1] INFO  impl.RaftServerImpl (RaftServerImpl.java:start(195)) - 27e27663-33d5-44e8-9c0f-eb0e3c2aee11@group-08322AB1D71F: start as a follower, conf=-1: [27e27663-33d5-44e8-9c0f-eb0e3c2aee11:192.168.164.253:35650], old=null
2019-10-18 00:26:23,657 [pool-47-thread-1] INFO  impl.RaftServerImpl (RaftServerImpl.java:setRole(184)) - 27e27663-33d5-44e8-9c0f-eb0e3c2aee11@group-08322AB1D71F: changes role from      null to FOLLOWER at term 0 for startAsFollower
2019-10-18 00:26:23,657 [pool-47-thread-1] INFO  impl.RoleInfo (RoleInfo.java:updateAndGet(143)) - 27e27663-33d5-44e8-9c0f-eb0e3c2aee11: start FollowerState
2019-10-18 00:26:23,658 [pool-47-thread-1] INFO  util.JmxRegister (JmxRegister.java:tryRegister(44)) - Successfully registered JMX Bean with object name Ratis:service=RaftServer,group=group-08322AB1D71F,id=27e27663-33d5-44e8-9c0f-eb0e3c2aee11
2019-10-18 00:26:23,673 [RatisPipelineUtilsThread] INFO  pipeline.PipelineStateManager (PipelineStateManager.java:addPipeline(56)) - Created pipeline Pipeline[ Id: 38438ec1-2c71-4c13-a603-08322ab1d71f, Nodes: 27e27663-33d5-44e8-9c0f-eb0e3c2aee11{ip: 192.168.164.253, host: pr-hdds-2131-4cx76-1129263384, networkLocation: /default-rack, certSerialId: null}, Type:RATIS, Factor:ONE, State:OPEN]
2019-10-18 00:26:23,691 [grpc-default-executor-0] INFO  impl.RaftServerProxy (RaftServerProxy.java:addNew(89)) - 1c196293-af28-4849-9284-4cc1dd56b0a0: addNew group-B20382C00D4C:[1c196293-af28-4849-9284-4cc1dd56b0a0:192.168.164.253:43223] returns group-B20382C00D4C:java.util.concurrent.CompletableFuture@485efedb[Not completed]
2019-10-18 00:26:23,693 [pool-37-thread-1] INFO  impl.RaftServerImpl (RaftServerImpl.java:<init>(104)) - 1c196293-af28-4849-9284-4cc1dd56b0a0: new RaftServerImpl for group-B20382C00D4C:[1c196293-af28-4849-9284-4cc1dd56b0a0:192.168.164.253:43223] with ContainerStateMachine:uninitialized
2019-10-18 00:26:23,693 [pool-37-thread-1] INFO  server.RaftServerConfigKeys (ConfUtils.java:logGet(43)) - raft.server.rpc.timeout.min = 5s (custom)
2019-10-18 00:26:23,694 [pool-37-thread-1] INFO  server.RaftServerConfigKeys (ConfUtils.java:logGet(43)) - raft.server.rpc.timeout.max = 5200ms (custom)
2019-10-18 00:26:23,694 [pool-37-thread-1] INFO  server.RaftServerConfigKeys (ConfUtils.java:logGet(43)) - raft.server.rpcslowness.timeout = 1000s (custom)
2019-10-18 00:26:23,694 [pool-37-thread-1] INFO  server.RaftServerConfigKeys (ConfUtils.java:logGet(43)) - raft.server.sleep.deviation.threshold = 300 (default)
2019-10-18 00:26:23,694 [pool-37-thread-1] INFO  server.RaftServerConfigKeys (ConfUtils.java:logGet(43)) - raft.server.log.appender.install.snapshot.enabled = false (custom)
2019-10-18 00:26:23,694 [pool-37-thread-1] INFO  impl.RaftServerImpl (ServerState.java:<init>(103)) - 1c196293-af28-4849-9284-4cc1dd56b0a0@group-B20382C00D4C: ConfigurationManager, init=-1: [1c196293-af28-4849-9284-4cc1dd56b0a0:192.168.164.253:43223], old=null, confs=<EMPTY_MAP>
2019-10-18 00:26:23,694 [pool-37-thread-1] INFO  server.RaftServerConfigKeys (ConfUtils.java:logGet(43)) - raft.server.storage.dir = [/workdir/hadoop-ozone/integration-test/target/test-dir/MiniOzoneClusterImpl-125cb84d-b14c-45f7-a2c3-14b819b44f73/datanode-1/data/ratis] (custom)
2019-10-18 00:26:23,694 [pool-37-thread-1] INFO  server.RaftServerConfigKeys (ConfUtils.java:logGet(43)) - raft.server.log.corruption.policy = EXCEPTION (default)
2019-10-18 00:26:23,695 [pool-37-thread-1] INFO  storage.RaftStorageDirectory (RaftStorageDirectory.java:analyzeStorage(246)) - The storage directory /workdir/hadoop-ozone/integration-test/target/test-dir/MiniOzoneClusterImpl-125cb84d-b14c-45f7-a2c3-14b819b44f73/datanode-1/data/ratis/db003974-f16b-4143-9fc3-b20382c00d4c does not exist. Creating ...
2019-10-18 00:26:23,718 [pool-37-thread-1] INFO  storage.RaftStorageDirectory (RaftStorageDirectory.java:tryLock(328)) - Lock on /workdir/hadoop-ozone/integration-test/target/test-dir/MiniOzoneClusterImpl-125cb84d-b14c-45f7-a2c3-14b819b44f73/datanode-1/data/ratis/db003974-f16b-4143-9fc3-b20382c00d4c/in_use.lock acquired by nodename 28467@pr-hdds-2131-4cx76-1129263384
2019-10-18 00:26:23,741 [pool-37-thread-1] INFO  storage.RaftStorage (RaftStorage.java:format(84)) - Storage directory /workdir/hadoop-ozone/integration-test/target/test-dir/MiniOzoneClusterImpl-125cb84d-b14c-45f7-a2c3-14b819b44f73/datanode-1/data/ratis/db003974-f16b-4143-9fc3-b20382c00d4c has been successfully formatted.
2019-10-18 00:26:23,742 [pool-37-thread-1] INFO  ratis.ContainerStateMachine (ContainerStateMachine.java:loadSnapshot(231)) - group-B20382C00D4C: The snapshot info is null. Setting the last applied indexto:(t:0, i:~)
2019-10-18 00:26:23,742 [pool-37-thread-1] INFO  server.RaftServerConfigKeys (ConfUtils.java:logGet(43)) - raft.server.notification.no-leader.timeout = 1000s (custom)
2019-10-18 00:26:23,742 [pool-37-thread-1] INFO  server.RaftServerConfigKeys (ConfUtils.java:logGet(43)) - raft.server.log.use.memory = false (default)
2019-10-18 00:26:23,742 [pool-37-thread-1] INFO  server.RaftServerConfigKeys (ConfUtils.java:logGet(43)) - raft.server.log.purge.gap = 1000000 (custom)
2019-10-18 00:26:23,742 [pool-37-thread-1] INFO  server.RaftServerConfigKeys (ConfUtils.java:logGet(43)) - raft.server.log.appender.buffer.byte-limit = 33554432 (custom)
2019-10-18 00:26:23,742 [pool-37-thread-1] INFO  server.RaftServerConfigKeys (ConfUtils.java:logGet(43)) - raft.server.log.segment.size.max = 1048576 (custom)
2019-10-18 00:26:23,746 [pool-37-thread-1] INFO  server.RaftServerConfigKeys (ConfUtils.java:logGet(43)) - raft.server.log.segment.cache.num.max = 2 (custom)
2019-10-18 00:26:23,746 [pool-37-thread-1] INFO  segmented.SegmentedRaftLogWorker (SegmentedRaftLogWorker.java:<init>(173)) - new 1c196293-af28-4849-9284-4cc1dd56b0a0@group-B20382C00D4C-SegmentedRaftLogWorker for RaftStorage:Storage Directory /workdir/hadoop-ozone/integration-test/target/test-dir/MiniOzoneClusterImpl-125cb84d-b14c-45f7-a2c3-14b819b44f73/datanode-1/data/ratis/db003974-f16b-4143-9fc3-b20382c00d4c
2019-10-18 00:26:23,746 [pool-37-thread-1] INFO  server.RaftServerConfigKeys (ConfUtils.java:logGet(43)) - raft.server.log.queue.byte-limit = 2147483647 (custom)
2019-10-18 00:26:23,746 [pool-37-thread-1] INFO  server.RaftServerConfigKeys (ConfUtils.java:logGet(43)) - raft.server.log.queue.element-limit = 1024 (custom)
2019-10-18 00:26:23,746 [pool-37-thread-1] INFO  server.RaftServerConfigKeys (ConfUtils.java:logGet(43)) - raft.server.log.segment.size.max = 1048576 (custom)
2019-10-18 00:26:23,746 [pool-37-thread-1] INFO  server.RaftServerConfigKeys (ConfUtils.java:logGet(43)) - raft.server.log.preallocated.size = 16384 (custom)
2019-10-18 00:26:23,747 [pool-37-thread-1] INFO  server.RaftServerConfigKeys (ConfUtils.java:logGet(43)) - raft.server.log.write.buffer.size = 33554432 (custom)
2019-10-18 00:26:23,747 [pool-37-thread-1] INFO  server.RaftServerConfigKeys (ConfUtils.java:logGet(43)) - raft.server.log.force.sync.num = 128 (default)
2019-10-18 00:26:23,747 [pool-37-thread-1] INFO  server.RaftServerConfigKeys (ConfUtils.java:logGet(43)) - raft.server.log.statemachine.data.sync = true (default)
2019-10-18 00:26:23,747 [pool-37-thread-1] INFO  server.RaftServerConfigKeys (ConfUtils.java:logGet(43)) - raft.server.log.statemachine.data.sync.timeout = 10s (default)
2019-10-18 00:26:23,747 [pool-37-thread-1] INFO  server.RaftServerConfigKeys (ConfUtils.java:logGet(43)) - raft.server.log.statemachine.data.sync.timeout.retry = -1 (default)
2019-10-18 00:26:23,748 [pool-37-thread-1] INFO  server.RaftServerConfigKeys (ConfUtils.java:logGet(43)) - raft.server.log.statemachine.data.caching.enabled = true (custom)
2019-10-18 00:26:23,748 [pool-37-thread-1] INFO  segmented.SegmentedRaftLogWorker (SegmentedRaftLogWorker.java:lambda$new$0(128)) - 1c196293-af28-4849-9284-4cc1dd56b0a0@group-B20382C00D4C-SegmentedRaftLogWorker: flushIndex: setUnconditionally 0 -> -1
2019-10-18 00:26:23,748 [pool-37-thread-1] INFO  server.RaftServerConfigKeys (ConfUtils.java:logGet(43)) - raft.server.snapshot.auto.trigger.enabled = true (custom)
2019-10-18 00:26:23,749 [pool-37-thread-1] INFO  server.RaftServerConfigKeys (ConfUtils.java:logGet(43)) - raft.server.snapshot.auto.trigger.threshold = 10000 (custom)
2019-10-18 00:26:23,749 [pool-37-thread-1] INFO  server.RaftServerConfigKeys (ConfUtils.java:logGet(43)) - raft.server.snapshot.retention.file.num = 5 (custom)
2019-10-18 00:26:23,749 [pool-37-thread-1] INFO  server.RaftServerConfigKeys (ConfUtils.java:logGet(43)) - raft.server.retrycache.expirytime = 600000ms (custom)
2019-10-18 00:26:23,754 [pool-37-thread-1] INFO  impl.RaftServerImpl (RaftServerImpl.java:start(195)) - 1c196293-af28-4849-9284-4cc1dd56b0a0@group-B20382C00D4C: start as a follower, conf=-1: [1c196293-af28-4849-9284-4cc1dd56b0a0:192.168.164.253:43223], old=null
2019-10-18 00:26:23,755 [pool-37-thread-1] INFO  impl.RaftServerImpl (RaftServerImpl.java:setRole(184)) - 1c196293-af28-4849-9284-4cc1dd56b0a0@group-B20382C00D4C: changes role from      null to FOLLOWER at term 0 for startAsFollower
2019-10-18 00:26:23,755 [pool-37-thread-1] INFO  impl.RoleInfo (RoleInfo.java:updateAndGet(143)) - 1c196293-af28-4849-9284-4cc1dd56b0a0: start FollowerState
2019-10-18 00:26:23,755 [pool-37-thread-1] INFO  util.JmxRegister (JmxRegister.java:tryRegister(44)) - Successfully registered JMX Bean with object name Ratis:service=RaftServer,group=group-B20382C00D4C,id=1c196293-af28-4849-9284-4cc1dd56b0a0
2019-10-18 00:26:23,757 [Thread-191] INFO  impl.FollowerState (FollowerState.java:run(108)) - 27e27663-33d5-44e8-9c0f-eb0e3c2aee11@group-08322AB1D71F-FollowerState: change to CANDIDATE, lastRpcTime:99ms, electionTimeout:99ms
2019-10-18 00:26:23,758 [Thread-191] INFO  impl.RoleInfo (RoleInfo.java:shutdownFollowerState(121)) - 27e27663-33d5-44e8-9c0f-eb0e3c2aee11: shutdown FollowerState
2019-10-18 00:26:23,758 [Thread-191] INFO  impl.RaftServerImpl (RaftServerImpl.java:setRole(184)) - 27e27663-33d5-44e8-9c0f-eb0e3c2aee11@group-08322AB1D71F: changes role from  FOLLOWER to CANDIDATE at term 0 for changeToCandidate
2019-10-18 00:26:23,758 [Thread-191] INFO  impl.RoleInfo (RoleInfo.java:updateAndGet(143)) - 27e27663-33d5-44e8-9c0f-eb0e3c2aee11: start LeaderElection
2019-10-18 00:26:23,770 [RatisPipelineUtilsThread] INFO  pipeline.PipelineStateManager (PipelineStateManager.java:addPipeline(56)) - Created pipeline Pipeline[ Id: db003974-f16b-4143-9fc3-b20382c00d4c, Nodes: 1c196293-af28-4849-9284-4cc1dd56b0a0{ip: 192.168.164.253, host: pr-hdds-2131-4cx76-1129263384, networkLocation: /default-rack, certSerialId: null}, Type:RATIS, Factor:ONE, State:OPEN]
2019-10-18 00:26:23,793 [27e27663-33d5-44e8-9c0f-eb0e3c2aee11@group-08322AB1D71F-LeaderElection2] INFO  impl.LeaderElection (LeaderElection.java:askForVotes(178)) - 27e27663-33d5-44e8-9c0f-eb0e3c2aee11@group-08322AB1D71F-LeaderElection2: begin an election at term 1 for -1: [27e27663-33d5-44e8-9c0f-eb0e3c2aee11:192.168.164.253:35650], old=null
2019-10-18 00:26:23,794 [27e27663-33d5-44e8-9c0f-eb0e3c2aee11@group-08322AB1D71F-LeaderElection2] INFO  impl.RoleInfo (RoleInfo.java:shutdownLeaderElection(134)) - 27e27663-33d5-44e8-9c0f-eb0e3c2aee11: shutdown LeaderElection
2019-10-18 00:26:23,794 [27e27663-33d5-44e8-9c0f-eb0e3c2aee11@group-08322AB1D71F-LeaderElection2] INFO  impl.RaftServerImpl (RaftServerImpl.java:setRole(184)) - 27e27663-33d5-44e8-9c0f-eb0e3c2aee11@group-08322AB1D71F: changes role from CANDIDATE to LEADER at term 1 for changeToLeader
2019-10-18 00:26:23,795 [27e27663-33d5-44e8-9c0f-eb0e3c2aee11@group-08322AB1D71F-LeaderElection2] INFO  impl.RaftServerImpl (ServerState.java:setLeader(256)) - 27e27663-33d5-44e8-9c0f-eb0e3c2aee11@group-08322AB1D71F: change Leader from null to 27e27663-33d5-44e8-9c0f-eb0e3c2aee11 at term 1 for becomeLeader, leader elected after 183ms
2019-10-18 00:26:23,796 [27e27663-33d5-44e8-9c0f-eb0e3c2aee11@group-08322AB1D71F-LeaderElection2] INFO  server.RaftServerConfigKeys (ConfUtils.java:logGet(43)) - raft.server.staging.catchup.gap = 1000 (default)
2019-10-18 00:26:23,796 [27e27663-33d5-44e8-9c0f-eb0e3c2aee11@group-08322AB1D71F-LeaderElection2] INFO  server.RaftServerConfigKeys (ConfUtils.java:logGet(43)) - raft.server.rpc.sleep.time = 25ms (default)
2019-10-18 00:26:23,796 [27e27663-33d5-44e8-9c0f-eb0e3c2aee11@group-08322AB1D71F-LeaderElection2] INFO  server.RaftServerConfigKeys (ConfUtils.java:logGet(43)) - raft.server.write.element-limit = 4096 (default)
2019-10-18 00:26:23,797 [27e27663-33d5-44e8-9c0f-eb0e3c2aee11@group-08322AB1D71F-LeaderElection2] INFO  server.RaftServerConfigKeys (ConfUtils.java:logGet(43)) - raft.server.watch.timeout = 10s (default)
2019-10-18 00:26:23,798 [27e27663-33d5-44e8-9c0f-eb0e3c2aee11@group-08322AB1D71F-LeaderElection2] INFO  server.RaftServerConfigKeys (ConfUtils.java:logGet(43)) - raft.server.watch.timeout.denomination = 1s (default)
2019-10-18 00:26:23,799 [27e27663-33d5-44e8-9c0f-eb0e3c2aee11@group-08322AB1D71F-LeaderElection2] INFO  server.RaftServerConfigKeys (ConfUtils.java:logGet(43)) - raft.server.watch.element-limit = 65536 (default)
2019-10-18 00:26:23,799 [main] INFO  ozone.MiniOzoneClusterImpl (MiniOzoneClusterImpl.java:lambda$waitForClusterToBeReady$0(147)) - Cluster is ready. Got 3 of 3 DN Heartbeats.
2019-10-18 00:26:23,806 [grpc-default-executor-2] INFO  impl.RaftServerProxy (RaftServerProxy.java:addNew(89)) - 1c196293-af28-4849-9284-4cc1dd56b0a0: addNew group-0E05BCBC6A81:[efdea5f7-0978-4608-8df8-907f93177c26:192.168.164.253:40628, 27e27663-33d5-44e8-9c0f-eb0e3c2aee11:192.168.164.253:35650, 1c196293-af28-4849-9284-4cc1dd56b0a0:192.168.164.253:43223] returns group-0E05BCBC6A81:java.util.concurrent.CompletableFuture@7a030115[Not completed]
2019-10-18 00:26:23,807 [grpc-default-executor-0] INFO  impl.RaftServerProxy (RaftServerProxy.java:addNew(89)) - 27e27663-33d5-44e8-9c0f-eb0e3c2aee11: addNew group-0E05BCBC6A81:[efdea5f7-0978-4608-8df8-907f93177c26:192.168.164.253:40628, 27e27663-33d5-44e8-9c0f-eb0e3c2aee11:192.168.164.253:35650, 1c196293-af28-4849-9284-4cc1dd56b0a0:192.168.164.253:43223] returns group-0E05BCBC6A81:java.util.concurrent.CompletableFuture@2f25cbe8[Not completed]
2019-10-18 00:26:23,807 [grpc-default-executor-1] INFO  impl.RaftServerProxy (RaftServerProxy.java:addNew(89)) - efdea5f7-0978-4608-8df8-907f93177c26: addNew group-0E05BCBC6A81:[efdea5f7-0978-4608-8df8-907f93177c26:192.168.164.253:40628, 27e27663-33d5-44e8-9c0f-eb0e3c2aee11:192.168.164.253:35650, 1c196293-af28-4849-9284-4cc1dd56b0a0:192.168.164.253:43223] returns group-0E05BCBC6A81:java.util.concurrent.CompletableFuture@6589c7ad[Not completed]
2019-10-18 00:26:23,808 [27e27663-33d5-44e8-9c0f-eb0e3c2aee11@group-08322AB1D71F-LeaderElection2] INFO  impl.RoleInfo (RoleInfo.java:updateAndGet(143)) - 27e27663-33d5-44e8-9c0f-eb0e3c2aee11: start LeaderState
2019-10-18 00:26:23,808 [pool-37-thread-1] INFO  impl.RaftServerImpl (RaftServerImpl.java:<init>(104)) - 1c196293-af28-4849-9284-4cc1dd56b0a0: new RaftServerImpl for group-0E05BCBC6A81:[efdea5f7-0978-4608-8df8-907f93177c26:192.168.164.253:40628, 27e27663-33d5-44e8-9c0f-eb0e3c2aee11:192.168.164.253:35650, 1c196293-af28-4849-9284-4cc1dd56b0a0:192.168.164.253:43223] with ContainerStateMachine:uninitialized
2019-10-18 00:26:23,808 [27e27663-33d5-44e8-9c0f-eb0e3c2aee11@group-08322AB1D71F-LeaderElection2] INFO  segmented.SegmentedRaftLogWorker (SegmentedRaftLogWorker.java:startLogSegment(385)) - 27e27663-33d5-44e8-9c0f-eb0e3c2aee11@group-08322AB1D71F-SegmentedRaftLogWorker: Starting segment from index:0
2019-10-18 00:26:23,808 [pool-37-thread-1] INFO  server.RaftServerConfigKeys (ConfUtils.java:logGet(43)) - raft.server.rpc.timeout.min = 5s (custom)
2019-10-18 00:26:23,809 [pool-37-thread-1] INFO  server.RaftServerConfigKeys (ConfUtils.java:logGet(43)) - raft.server.rpc.timeout.max = 5200ms (custom)
2019-10-18 00:26:23,809 [pool-37-thread-1] INFO  server.RaftServerConfigKeys (ConfUtils.java:logGet(43)) - raft.server.rpcslowness.timeout = 1000s (custom)
2019-10-18 00:26:23,809 [pool-37-thread-1] INFO  server.RaftServerConfigKeys (ConfUtils.java:logGet(43)) - raft.server.sleep.deviation.threshold = 300 (default)
2019-10-18 00:26:23,809 [27e27663-33d5-44e8-9c0f-eb0e3c2aee11@group-08322AB1D71F-LeaderElection2] INFO  impl.RaftServerImpl (ServerState.java:setRaftConf(357)) - 27e27663-33d5-44e8-9c0f-eb0e3c2aee11@group-08322AB1D71F: set configuration 0: [27e27663-33d5-44e8-9c0f-eb0e3c2aee11:192.168.164.253:35650], old=null at 0
2019-10-18 00:26:23,809 [pool-37-thread-1] INFO  server.RaftServerConfigKeys (ConfUtils.java:logGet(43)) - raft.server.log.appender.install.snapshot.enabled = false (custom)
2019-10-18 00:26:23,809 [pool-27-thread-1] INFO  impl.RaftServerImpl (RaftServerImpl.java:<init>(104)) - efdea5f7-0978-4608-8df8-907f93177c26: new RaftServerImpl for group-0E05BCBC6A81:[efdea5f7-0978-4608-8df8-907f93177c26:192.168.164.253:40628, 27e27663-33d5-44e8-9c0f-eb0e3c2aee11:192.168.164.253:35650, 1c196293-af28-4849-9284-4cc1dd56b0a0:192.168.164.253:43223] with ContainerStateMachine:uninitialized
2019-10-18 00:26:23,811 [pool-37-thread-1] INFO  impl.RaftServerImpl (ServerState.java:<init>(103)) - 1c196293-af28-4849-9284-4cc1dd56b0a0@group-0E05BCBC6A81: ConfigurationManager, init=-1: [efdea5f7-0978-4608-8df8-907f93177c26:192.168.164.253:40628, 27e27663-33d5-44e8-9c0f-eb0e3c2aee11:192.168.164.253:35650, 1c196293-af28-4849-9284-4cc1dd56b0a0:192.168.164.253:43223], old=null, confs=<EMPTY_MAP>
2019-10-18 00:26:23,812 [pool-27-thread-1] INFO  server.RaftServerConfigKeys (ConfUtils.java:logGet(43)) - raft.server.rpc.timeout.min = 5s (custom)
2019-10-18 00:26:23,812 [pool-37-thread-1] INFO  server.RaftServerConfigKeys (ConfUtils.java:logGet(43)) - raft.server.storage.dir = [/workdir/hadoop-ozone/integration-test/target/test-dir/MiniOzoneClusterImpl-125cb84d-b14c-45f7-a2c3-14b819b44f73/datanode-1/data/ratis] (custom)
2019-10-18 00:26:23,812 [pool-27-thread-1] INFO  server.RaftServerConfigKeys (ConfUtils.java:logGet(43)) - raft.server.rpc.timeout.max = 5200ms (custom)
2019-10-18 00:26:23,812 [pool-27-thread-1] INFO  server.RaftServerConfigKeys (ConfUtils.java:logGet(43)) - raft.server.rpcslowness.timeout = 1000s (custom)
2019-10-18 00:26:23,812 [pool-37-thread-1] INFO  server.RaftServerConfigKeys (ConfUtils.java:logGet(43)) - raft.server.log.corruption.policy = EXCEPTION (default)
2019-10-18 00:26:23,812 [pool-27-thread-1] INFO  server.RaftServerConfigKeys (ConfUtils.java:logGet(43)) - raft.server.sleep.deviation.threshold = 300 (default)
2019-10-18 00:26:23,813 [pool-47-thread-1] INFO  impl.RaftServerImpl (RaftServerImpl.java:<init>(104)) - 27e27663-33d5-44e8-9c0f-eb0e3c2aee11: new RaftServerImpl for group-0E05BCBC6A81:[efdea5f7-0978-4608-8df8-907f93177c26:192.168.164.253:40628, 27e27663-33d5-44e8-9c0f-eb0e3c2aee11:192.168.164.253:35650, 1c196293-af28-4849-9284-4cc1dd56b0a0:192.168.164.253:43223] with ContainerStateMachine:uninitialized
2019-10-18 00:26:23,813 [pool-27-thread-1] INFO  server.RaftServerConfigKeys (ConfUtils.java:logGet(43)) - raft.server.log.appender.install.snapshot.enabled = false (custom)
2019-10-18 00:26:23,813 [pool-37-thread-1] INFO  storage.RaftStorageDirectory (RaftStorageDirectory.java:analyzeStorage(246)) - The storage directory /workdir/hadoop-ozone/integration-test/target/test-dir/MiniOzoneClusterImpl-125cb84d-b14c-45f7-a2c3-14b819b44f73/datanode-1/data/ratis/75404b60-6d3b-4b77-b495-0e05bcbc6a81 does not exist. Creating ...
2019-10-18 00:26:23,813 [pool-27-thread-1] INFO  impl.RaftServerImpl (ServerState.java:<init>(103)) - efdea5f7-0978-4608-8df8-907f93177c26@group-0E05BCBC6A81: ConfigurationManager, init=-1: [efdea5f7-0978-4608-8df8-907f93177c26:192.168.164.253:40628, 27e27663-33d5-44e8-9c0f-eb0e3c2aee11:192.168.164.253:35650, 1c196293-af28-4849-9284-4cc1dd56b0a0:192.168.164.253:43223], old=null, confs=<EMPTY_MAP>
2019-10-18 00:26:23,813 [pool-47-thread-1] INFO  server.RaftServerConfigKeys (ConfUtils.java:logGet(43)) - raft.server.rpc.timeout.min = 5s (custom)
2019-10-18 00:26:23,813 [pool-27-thread-1] INFO  server.RaftServerConfigKeys (ConfUtils.java:logGet(43)) - raft.server.storage.dir = [/workdir/hadoop-ozone/integration-test/target/test-dir/MiniOzoneClusterImpl-125cb84d-b14c-45f7-a2c3-14b819b44f73/datanode-0/data/ratis] (custom)
2019-10-18 00:26:23,814 [pool-47-thread-1] INFO  server.RaftServerConfigKeys (ConfUtils.java:logGet(43)) - raft.server.rpc.timeout.max = 5200ms (custom)
2019-10-18 00:26:23,814 [pool-47-thread-1] INFO  server.RaftServerConfigKeys (ConfUtils.java:logGet(43)) - raft.server.rpcslowness.timeout = 1000s (custom)
2019-10-18 00:26:23,814 [pool-27-thread-1] INFO  server.RaftServerConfigKeys (ConfUtils.java:logGet(43)) - raft.server.log.corruption.policy = EXCEPTION (default)
2019-10-18 00:26:23,814 [pool-47-thread-1] INFO  server.RaftServerConfigKeys (ConfUtils.java:logGet(43)) - raft.server.sleep.deviation.threshold = 300 (default)
2019-10-18 00:26:23,814 [pool-27-thread-1] INFO  storage.RaftStorageDirectory (RaftStorageDirectory.java:analyzeStorage(246)) - The storage directory /workdir/hadoop-ozone/integration-test/target/test-dir/MiniOzoneClusterImpl-125cb84d-b14c-45f7-a2c3-14b819b44f73/datanode-0/data/ratis/75404b60-6d3b-4b77-b495-0e05bcbc6a81 does not exist. Creating ...
2019-10-18 00:26:23,814 [pool-47-thread-1] INFO  server.RaftServerConfigKeys (ConfUtils.java:logGet(43)) - raft.server.log.appender.install.snapshot.enabled = false (custom)
2019-10-18 00:26:23,815 [pool-47-thread-1] INFO  impl.RaftServerImpl (ServerState.java:<init>(103)) - 27e27663-33d5-44e8-9c0f-eb0e3c2aee11@group-0E05BCBC6A81: ConfigurationManager, init=-1: [efdea5f7-0978-4608-8df8-907f93177c26:192.168.164.253:40628, 27e27663-33d5-44e8-9c0f-eb0e3c2aee11:192.168.164.253:35650, 1c196293-af28-4849-9284-4cc1dd56b0a0:192.168.164.253:43223], old=null, confs=<EMPTY_MAP>
2019-10-18 00:26:23,815 [pool-47-thread-1] INFO  server.RaftServerConfigKeys (ConfUtils.java:logGet(43)) - raft.server.storage.dir = [/workdir/hadoop-ozone/integration-test/target/test-dir/MiniOzoneClusterImpl-125cb84d-b14c-45f7-a2c3-14b819b44f73/datanode-2/data/ratis] (custom)
2019-10-18 00:26:23,815 [pool-47-thread-1] INFO  server.RaftServerConfigKeys (ConfUtils.java:logGet(43)) - raft.server.log.corruption.policy = EXCEPTION (default)
2019-10-18 00:26:23,816 [pool-47-thread-1] INFO  storage.RaftStorageDirectory (RaftStorageDirectory.java:analyzeStorage(246)) - The storage directory /workdir/hadoop-ozone/integration-test/target/test-dir/MiniOzoneClusterImpl-125cb84d-b14c-45f7-a2c3-14b819b44f73/datanode-2/data/ratis/75404b60-6d3b-4b77-b495-0e05bcbc6a81 does not exist. Creating ...
2019-10-18 00:26:23,843 [pool-37-thread-1] INFO  storage.RaftStorageDirectory (RaftStorageDirectory.java:tryLock(328)) - Lock on /workdir/hadoop-ozone/integration-test/target/test-dir/MiniOzoneClusterImpl-125cb84d-b14c-45f7-a2c3-14b819b44f73/datanode-1/data/ratis/75404b60-6d3b-4b77-b495-0e05bcbc6a81/in_use.lock acquired by nodename 28467@pr-hdds-2131-4cx76-1129263384
2019-10-18 00:26:23,843 [pool-47-thread-1] INFO  storage.RaftStorageDirectory (RaftStorageDirectory.java:tryLock(328)) - Lock on /workdir/hadoop-ozone/integration-test/target/test-dir/MiniOzoneClusterImpl-125cb84d-b14c-45f7-a2c3-14b819b44f73/datanode-2/data/ratis/75404b60-6d3b-4b77-b495-0e05bcbc6a81/in_use.lock acquired by nodename 28467@pr-hdds-2131-4cx76-1129263384
2019-10-18 00:26:23,843 [pool-27-thread-1] INFO  storage.RaftStorageDirectory (RaftStorageDirectory.java:tryLock(328)) - Lock on /workdir/hadoop-ozone/integration-test/target/test-dir/MiniOzoneClusterImpl-125cb84d-b14c-45f7-a2c3-14b819b44f73/datanode-0/data/ratis/75404b60-6d3b-4b77-b495-0e05bcbc6a81/in_use.lock acquired by nodename 28467@pr-hdds-2131-4cx76-1129263384
2019-10-18 00:26:23,868 [pool-37-thread-1] INFO  storage.RaftStorage (RaftStorage.java:format(84)) - Storage directory /workdir/hadoop-ozone/integration-test/target/test-dir/MiniOzoneClusterImpl-125cb84d-b14c-45f7-a2c3-14b819b44f73/datanode-1/data/ratis/75404b60-6d3b-4b77-b495-0e05bcbc6a81 has been successfully formatted.
2019-10-18 00:26:23,868 [27e27663-33d5-44e8-9c0f-eb0e3c2aee11@group-08322AB1D71F-SegmentedRaftLogWorker] INFO  segmented.SegmentedRaftLogWorker (SegmentedRaftLogWorker.java:execute(576)) - 27e27663-33d5-44e8-9c0f-eb0e3c2aee11@group-08322AB1D71F-SegmentedRaftLogWorker: created new log segment /workdir/hadoop-ozone/integration-test/target/test-dir/MiniOzoneClusterImpl-125cb84d-b14c-45f7-a2c3-14b819b44f73/datanode-2/data/ratis/38438ec1-2c71-4c13-a603-08322ab1d71f/current/log_inprogress_0
2019-10-18 00:26:23,869 [pool-37-thread-1] INFO  ratis.ContainerStateMachine (ContainerStateMachine.java:loadSnapshot(231)) - group-0E05BCBC6A81: The snapshot info is null. Setting the last applied indexto:(t:0, i:~)
2019-10-18 00:26:23,868 [pool-47-thread-1] INFO  storage.RaftStorage (RaftStorage.java:format(84)) - Storage directory /workdir/hadoop-ozone/integration-test/target/test-dir/MiniOzoneClusterImpl-125cb84d-b14c-45f7-a2c3-14b819b44f73/datanode-2/data/ratis/75404b60-6d3b-4b77-b495-0e05bcbc6a81 has been successfully formatted.
2019-10-18 00:26:23,869 [pool-37-thread-1] INFO  server.RaftServerConfigKeys (ConfUtils.java:logGet(43)) - raft.server.notification.no-leader.timeout = 1000s (custom)
2019-10-18 00:26:23,868 [efdea5f7-0978-4608-8df8-907f93177c26@group-0D19A8E2626B-SegmentedRaftLogWorker] INFO  segmented.SegmentedRaftLogWorker (SegmentedRaftLogWorker.java:execute(576)) - efdea5f7-0978-4608-8df8-907f93177c26@group-0D19A8E2626B-SegmentedRaftLogWorker: created new log segment /workdir/hadoop-ozone/integration-test/target/test-dir/MiniOzoneClusterImpl-125cb84d-b14c-45f7-a2c3-14b819b44f73/datanode-0/data/ratis/08e8e975-e69f-4c31-b75d-0d19a8e2626b/current/log_inprogress_0
2019-10-18 00:26:23,868 [pool-27-thread-1] INFO  storage.RaftStorage (RaftStorage.java:format(84)) - Storage directory /workdir/hadoop-ozone/integration-test/target/test-dir/MiniOzoneClusterImpl-125cb84d-b14c-45f7-a2c3-14b819b44f73/datanode-0/data/ratis/75404b60-6d3b-4b77-b495-0e05bcbc6a81 has been successfully formatted.
2019-10-18 00:26:23,869 [pool-47-thread-1] INFO  ratis.ContainerStateMachine (ContainerStateMachine.java:loadSnapshot(231)) - group-0E05BCBC6A81: The snapshot info is null. Setting the last applied indexto:(t:0, i:~)
2019-10-18 00:26:23,869 [pool-27-thread-1] INFO  ratis.ContainerStateMachine (ContainerStateMachine.java:loadSnapshot(231)) - group-0E05BCBC6A81: The snapshot info is null. Setting the last applied indexto:(t:0, i:~)
2019-10-18 00:26:23,869 [pool-37-thread-1] INFO  server.RaftServerConfigKeys (ConfUtils.java:logGet(43)) - raft.server.log.use.memory = false (default)
2019-10-18 00:26:23,870 [pool-27-thread-1] INFO  server.RaftServerConfigKeys (ConfUtils.java:logGet(43)) - raft.server.notification.no-leader.timeout = 1000s (custom)
2019-10-18 00:26:23,870 [pool-27-thread-1] INFO  server.RaftServerConfigKeys (ConfUtils.java:logGet(43)) - raft.server.log.use.memory = false (default)
2019-10-18 00:26:23,869 [pool-47-thread-1] INFO  server.RaftServerConfigKeys (ConfUtils.java:logGet(43)) - raft.server.notification.no-leader.timeout = 1000s (custom)
2019-10-18 00:26:23,870 [pool-27-thread-1] INFO  server.RaftServerConfigKeys (ConfUtils.java:logGet(43)) - raft.server.log.purge.gap = 1000000 (custom)
2019-10-18 00:26:23,870 [pool-37-thread-1] INFO  server.RaftServerConfigKeys (ConfUtils.java:logGet(43)) - raft.server.log.purge.gap = 1000000 (custom)
2019-10-18 00:26:23,870 [pool-27-thread-1] INFO  server.RaftServerConfigKeys (ConfUtils.java:logGet(43)) - raft.server.log.appender.buffer.byte-limit = 33554432 (custom)
2019-10-18 00:26:23,870 [pool-47-thread-1] INFO  server.RaftServerConfigKeys (ConfUtils.java:logGet(43)) - raft.server.log.use.memory = false (default)
2019-10-18 00:26:23,871 [pool-27-thread-1] INFO  server.RaftServerConfigKeys (ConfUtils.java:logGet(43)) - raft.server.log.segment.size.max = 1048576 (custom)
2019-10-18 00:26:23,870 [pool-37-thread-1] INFO  server.RaftServerConfigKeys (ConfUtils.java:logGet(43)) - raft.server.log.appender.buffer.byte-limit = 33554432 (custom)
2019-10-18 00:26:23,871 [pool-27-thread-1] INFO  server.RaftServerConfigKeys (ConfUtils.java:logGet(43)) - raft.server.log.segment.cache.num.max = 2 (custom)
2019-10-18 00:26:23,871 [pool-37-thread-1] INFO  server.RaftServerConfigKeys (ConfUtils.java:logGet(43)) - raft.server.log.segment.size.max = 1048576 (custom)
2019-10-18 00:26:23,871 [pool-47-thread-1] INFO  server.RaftServerConfigKeys (ConfUtils.java:logGet(43)) - raft.server.log.purge.gap = 1000000 (custom)
2019-10-18 00:26:23,871 [pool-37-thread-1] INFO  server.RaftServerConfigKeys (ConfUtils.java:logGet(43)) - raft.server.log.segment.cache.num.max = 2 (custom)
2019-10-18 00:26:23,871 [pool-27-thread-1] INFO  segmented.SegmentedRaftLogWorker (SegmentedRaftLogWorker.java:<init>(173)) - new efdea5f7-0978-4608-8df8-907f93177c26@group-0E05BCBC6A81-SegmentedRaftLogWorker for RaftStorage:Storage Directory /workdir/hadoop-ozone/integration-test/target/test-dir/MiniOzoneClusterImpl-125cb84d-b14c-45f7-a2c3-14b819b44f73/datanode-0/data/ratis/75404b60-6d3b-4b77-b495-0e05bcbc6a81
2019-10-18 00:26:23,871 [pool-37-thread-1] INFO  segmented.SegmentedRaftLogWorker (SegmentedRaftLogWorker.java:<init>(173)) - new 1c196293-af28-4849-9284-4cc1dd56b0a0@group-0E05BCBC6A81-SegmentedRaftLogWorker for RaftStorage:Storage Directory /workdir/hadoop-ozone/integration-test/target/test-dir/MiniOzoneClusterImpl-125cb84d-b14c-45f7-a2c3-14b819b44f73/datanode-1/data/ratis/75404b60-6d3b-4b77-b495-0e05bcbc6a81
2019-10-18 00:26:23,871 [pool-47-thread-1] INFO  server.RaftServerConfigKeys (ConfUtils.java:logGet(43)) - raft.server.log.appender.buffer.byte-limit = 33554432 (custom)
2019-10-18 00:26:23,872 [pool-37-thread-1] INFO  server.RaftServerConfigKeys (ConfUtils.java:logGet(43)) - raft.server.log.queue.byte-limit = 2147483647 (custom)
2019-10-18 00:26:23,871 [pool-27-thread-1] INFO  server.RaftServerConfigKeys (ConfUtils.java:logGet(43)) - raft.server.log.queue.byte-limit = 2147483647 (custom)
2019-10-18 00:26:23,872 [pool-37-thread-1] INFO  server.RaftServerConfigKeys (ConfUtils.java:logGet(43)) - raft.server.log.queue.element-limit = 1024 (custom)
2019-10-18 00:26:23,872 [pool-47-thread-1] INFO  server.RaftServerConfigKeys (ConfUtils.java:logGet(43)) - raft.server.log.segment.size.max = 1048576 (custom)
2019-10-18 00:26:23,872 [pool-37-thread-1] INFO  server.RaftServerConfigKeys (ConfUtils.java:logGet(43)) - raft.server.log.segment.size.max = 1048576 (custom)
2019-10-18 00:26:23,872 [pool-27-thread-1] INFO  server.RaftServerConfigKeys (ConfUtils.java:logGet(43)) - raft.server.log.queue.element-limit = 1024 (custom)
2019-10-18 00:26:23,872 [pool-37-thread-1] INFO  server.RaftServerConfigKeys (ConfUtils.java:logGet(43)) - raft.server.log.preallocated.size = 16384 (custom)
2019-10-18 00:26:23,872 [pool-47-thread-1] INFO  server.RaftServerConfigKeys (ConfUtils.java:logGet(43)) - raft.server.log.segment.cache.num.max = 2 (custom)
2019-10-18 00:26:23,872 [pool-37-thread-1] INFO  server.RaftServerConfigKeys (ConfUtils.java:logGet(43)) - raft.server.log.write.buffer.size = 33554432 (custom)
2019-10-18 00:26:23,872 [pool-27-thread-1] INFO  server.RaftServerConfigKeys (ConfUtils.java:logGet(43)) - raft.server.log.segment.size.max = 1048576 (custom)
2019-10-18 00:26:23,873 [pool-37-thread-1] INFO  server.RaftServerConfigKeys (ConfUtils.java:logGet(43)) - raft.server.log.force.sync.num = 128 (default)
2019-10-18 00:26:23,873 [pool-47-thread-1] INFO  segmented.SegmentedRaftLogWorker (SegmentedRaftLogWorker.java:<init>(173)) - new 27e27663-33d5-44e8-9c0f-eb0e3c2aee11@group-0E05BCBC6A81-SegmentedRaftLogWorker for RaftStorage:Storage Directory /workdir/hadoop-ozone/integration-test/target/test-dir/MiniOzoneClusterImpl-125cb84d-b14c-45f7-a2c3-14b819b44f73/datanode-2/data/ratis/75404b60-6d3b-4b77-b495-0e05bcbc6a81
2019-10-18 00:26:23,873 [pool-37-thread-1] INFO  server.RaftServerConfigKeys (ConfUtils.java:logGet(43)) - raft.server.log.statemachine.data.sync = true (default)
2019-10-18 00:26:23,873 [pool-27-thread-1] INFO  server.RaftServerConfigKeys (ConfUtils.java:logGet(43)) - raft.server.log.preallocated.size = 16384 (custom)
2019-10-18 00:26:23,873 [pool-37-thread-1] INFO  server.RaftServerConfigKeys (ConfUtils.java:logGet(43)) - raft.server.log.statemachine.data.sync.timeout = 10s (default)
2019-10-18 00:26:23,873 [pool-47-thread-1] INFO  server.RaftServerConfigKeys (ConfUtils.java:logGet(43)) - raft.server.log.queue.byte-limit = 2147483647 (custom)
2019-10-18 00:26:23,873 [pool-37-thread-1] INFO  server.RaftServerConfigKeys (ConfUtils.java:logGet(43)) - raft.server.log.statemachine.data.sync.timeout.retry = -1 (default)
2019-10-18 00:26:23,873 [pool-27-thread-1] INFO  server.RaftServerConfigKeys (ConfUtils.java:logGet(43)) - raft.server.log.write.buffer.size = 33554432 (custom)
2019-10-18 00:26:23,874 [pool-47-thread-1] INFO  server.RaftServerConfigKeys (ConfUtils.java:logGet(43)) - raft.server.log.queue.element-limit = 1024 (custom)
2019-10-18 00:26:23,874 [pool-27-thread-1] INFO  server.RaftServerConfigKeys (ConfUtils.java:logGet(43)) - raft.server.log.force.sync.num = 128 (default)
2019-10-18 00:26:23,874 [pool-37-thread-1] INFO  server.RaftServerConfigKeys (ConfUtils.java:logGet(43)) - raft.server.log.statemachine.data.caching.enabled = true (custom)
2019-10-18 00:26:23,874 [pool-27-thread-1] INFO  server.RaftServerConfigKeys (ConfUtils.java:logGet(43)) - raft.server.log.statemachine.data.sync = true (default)
2019-10-18 00:26:23,874 [pool-47-thread-1] INFO  server.RaftServerConfigKeys (ConfUtils.java:logGet(43)) - raft.server.log.segment.size.max = 1048576 (custom)
2019-10-18 00:26:23,874 [pool-37-thread-1] INFO  segmented.SegmentedRaftLogWorker (SegmentedRaftLogWorker.java:lambda$new$0(128)) - 1c196293-af28-4849-9284-4cc1dd56b0a0@group-0E05BCBC6A81-SegmentedRaftLogWorker: flushIndex: setUnconditionally 0 -> -1
2019-10-18 00:26:23,874 [pool-27-thread-1] INFO  server.RaftServerConfigKeys (ConfUtils.java:logGet(43)) - raft.server.log.statemachine.data.sync.timeout = 10s (default)
2019-10-18 00:26:23,874 [pool-47-thread-1] INFO  server.RaftServerConfigKeys (ConfUtils.java:logGet(43)) - raft.server.log.preallocated.size = 16384 (custom)
2019-10-18 00:26:23,875 [pool-37-thread-1] INFO  server.RaftServerConfigKeys (ConfUtils.java:logGet(43)) - raft.server.snapshot.auto.trigger.enabled = true (custom)
2019-10-18 00:26:23,875 [pool-27-thread-1] INFO  server.RaftServerConfigKeys (ConfUtils.java:logGet(43)) - raft.server.log.statemachine.data.sync.timeout.retry = -1 (default)
2019-10-18 00:26:23,875 [pool-37-thread-1] INFO  server.RaftServerConfigKeys (ConfUtils.java:logGet(43)) - raft.server.snapshot.auto.trigger.threshold = 10000 (custom)
2019-10-18 00:26:23,875 [pool-47-thread-1] INFO  server.RaftServerConfigKeys (ConfUtils.java:logGet(43)) - raft.server.log.write.buffer.size = 33554432 (custom)
2019-10-18 00:26:23,875 [pool-27-thread-1] INFO  server.RaftServerConfigKeys (ConfUtils.java:logGet(43)) - raft.server.log.statemachine.data.caching.enabled = true (custom)
2019-10-18 00:26:23,875 [pool-37-thread-1] INFO  server.RaftServerConfigKeys (ConfUtils.java:logGet(43)) - raft.server.snapshot.retention.file.num = 5 (custom)
2019-10-18 00:26:23,875 [Thread-194] INFO  impl.FollowerState (FollowerState.java:run(108)) - 1c196293-af28-4849-9284-4cc1dd56b0a0@group-B20382C00D4C-FollowerState: change to CANDIDATE, lastRpcTime:120ms, electionTimeout:120ms
2019-10-18 00:26:23,875 [pool-47-thread-1] INFO  server.RaftServerConfigKeys (ConfUtils.java:logGet(43)) - raft.server.log.force.sync.num = 128 (default)
2019-10-18 00:26:23,875 [Thread-194] INFO  impl.RoleInfo (RoleInfo.java:shutdownFollowerState(121)) - 1c196293-af28-4849-9284-4cc1dd56b0a0: shutdown FollowerState
2019-10-18 00:26:23,875 [pool-27-thread-1] INFO  segmented.SegmentedRaftLogWorker (SegmentedRaftLogWorker.java:lambda$new$0(128)) - efdea5f7-0978-4608-8df8-907f93177c26@group-0E05BCBC6A81-SegmentedRaftLogWorker: flushIndex: setUnconditionally 0 -> -1
2019-10-18 00:26:23,875 [pool-37-thread-1] INFO  server.RaftServerConfigKeys (ConfUtils.java:logGet(43)) - raft.server.retrycache.expirytime = 600000ms (custom)
2019-10-18 00:26:23,876 [Thread-194] INFO  impl.RaftServerImpl (RaftServerImpl.java:setRole(184)) - 1c196293-af28-4849-9284-4cc1dd56b0a0@group-B20382C00D4C: changes role from  FOLLOWER to CANDIDATE at term 0 for changeToCandidate
2019-10-18 00:26:23,876 [pool-47-thread-1] INFO  server.RaftServerConfigKeys (ConfUtils.java:logGet(43)) - raft.server.log.statemachine.data.sync = true (default)
2019-10-18 00:26:23,876 [pool-27-thread-1] INFO  server.RaftServerConfigKeys (ConfUtils.java:logGet(43)) - raft.server.snapshot.auto.trigger.enabled = true (custom)
2019-10-18 00:26:23,876 [pool-47-thread-1] INFO  server.RaftServerConfigKeys (ConfUtils.java:logGet(43)) - raft.server.log.statemachine.data.sync.timeout = 10s (default)
2019-10-18 00:26:23,876 [Thread-194] INFO  impl.RoleInfo (RoleInfo.java:updateAndGet(143)) - 1c196293-af28-4849-9284-4cc1dd56b0a0: start LeaderElection
2019-10-18 00:26:23,876 [pool-47-thread-1] INFO  server.RaftServerConfigKeys (ConfUtils.java:logGet(43)) - raft.server.log.statemachine.data.sync.timeout.retry = -1 (default)
2019-10-18 00:26:23,876 [pool-27-thread-1] INFO  server.RaftServerConfigKeys (ConfUtils.java:logGet(43)) - raft.server.snapshot.auto.trigger.threshold = 10000 (custom)
2019-10-18 00:26:23,877 [pool-47-thread-1] INFO  server.RaftServerConfigKeys (ConfUtils.java:logGet(43)) - raft.server.log.statemachine.data.caching.enabled = true (custom)
2019-10-18 00:26:23,879 [pool-27-thread-1] INFO  server.RaftServerConfigKeys (ConfUtils.java:logGet(43)) - raft.server.snapshot.retention.file.num = 5 (custom)
2019-10-18 00:26:23,879 [pool-47-thread-1] INFO  segmented.SegmentedRaftLogWorker (SegmentedRaftLogWorker.java:lambda$new$0(128)) - 27e27663-33d5-44e8-9c0f-eb0e3c2aee11@group-0E05BCBC6A81-SegmentedRaftLogWorker: flushIndex: setUnconditionally 0 -> -1
2019-10-18 00:26:23,879 [pool-27-thread-1] INFO  server.RaftServerConfigKeys (ConfUtils.java:logGet(43)) - raft.server.retrycache.expirytime = 600000ms (custom)
2019-10-18 00:26:23,880 [pool-47-thread-1] INFO  server.RaftServerConfigKeys (ConfUtils.java:logGet(43)) - raft.server.snapshot.auto.trigger.enabled = true (custom)
2019-10-18 00:26:23,880 [pool-47-thread-1] INFO  server.RaftServerConfigKeys (ConfUtils.java:logGet(43)) - raft.server.snapshot.auto.trigger.threshold = 10000 (custom)
2019-10-18 00:26:23,880 [pool-47-thread-1] INFO  server.RaftServerConfigKeys (ConfUtils.java:logGet(43)) - raft.server.snapshot.retention.file.num = 5 (custom)
2019-10-18 00:26:23,880 [pool-37-thread-1] INFO  impl.RaftServerImpl (RaftServerImpl.java:start(195)) - 1c196293-af28-4849-9284-4cc1dd56b0a0@group-0E05BCBC6A81: start as a follower, conf=-1: [efdea5f7-0978-4608-8df8-907f93177c26:192.168.164.253:40628, 27e27663-33d5-44e8-9c0f-eb0e3c2aee11:192.168.164.253:35650, 1c196293-af28-4849-9284-4cc1dd56b0a0:192.168.164.253:43223], old=null
2019-10-18 00:26:23,880 [pool-47-thread-1] INFO  server.RaftServerConfigKeys (ConfUtils.java:logGet(43)) - raft.server.retrycache.expirytime = 600000ms (custom)
2019-10-18 00:26:23,880 [pool-37-thread-1] INFO  impl.RaftServerImpl (RaftServerImpl.java:setRole(184)) - 1c196293-af28-4849-9284-4cc1dd56b0a0@group-0E05BCBC6A81: changes role from      null to FOLLOWER at term 0 for startAsFollower
2019-10-18 00:26:23,880 [pool-37-thread-1] INFO  impl.RoleInfo (RoleInfo.java:updateAndGet(143)) - 1c196293-af28-4849-9284-4cc1dd56b0a0: start FollowerState
2019-10-18 00:26:23,881 [pool-37-thread-1] INFO  util.JmxRegister (JmxRegister.java:tryRegister(44)) - Successfully registered JMX Bean with object name Ratis:service=RaftServer,group=group-0E05BCBC6A81,id=1c196293-af28-4849-9284-4cc1dd56b0a0
2019-10-18 00:26:23,883 [pool-27-thread-1] INFO  impl.RaftServerImpl (RaftServerImpl.java:start(195)) - efdea5f7-0978-4608-8df8-907f93177c26@group-0E05BCBC6A81: start as a follower, conf=-1: [efdea5f7-0978-4608-8df8-907f93177c26:192.168.164.253:40628, 27e27663-33d5-44e8-9c0f-eb0e3c2aee11:192.168.164.253:35650, 1c196293-af28-4849-9284-4cc1dd56b0a0:192.168.164.253:43223], old=null
2019-10-18 00:26:23,884 [pool-27-thread-1] INFO  impl.RaftServerImpl (RaftServerImpl.java:setRole(184)) - efdea5f7-0978-4608-8df8-907f93177c26@group-0E05BCBC6A81: changes role from      null to FOLLOWER at term 0 for startAsFollower
2019-10-18 00:26:23,884 [pool-27-thread-1] INFO  impl.RoleInfo (RoleInfo.java:updateAndGet(143)) - efdea5f7-0978-4608-8df8-907f93177c26: start FollowerState
2019-10-18 00:26:23,884 [pool-47-thread-1] INFO  impl.RaftServerImpl (RaftServerImpl.java:start(195)) - 27e27663-33d5-44e8-9c0f-eb0e3c2aee11@group-0E05BCBC6A81: start as a follower, conf=-1: [efdea5f7-0978-4608-8df8-907f93177c26:192.168.164.253:40628, 27e27663-33d5-44e8-9c0f-eb0e3c2aee11:192.168.164.253:35650, 1c196293-af28-4849-9284-4cc1dd56b0a0:192.168.164.253:43223], old=null
2019-10-18 00:26:23,884 [pool-47-thread-1] INFO  impl.RaftServerImpl (RaftServerImpl.java:setRole(184)) - 27e27663-33d5-44e8-9c0f-eb0e3c2aee11@group-0E05BCBC6A81: changes role from      null to FOLLOWER at term 0 for startAsFollower
2019-10-18 00:26:23,884 [pool-27-thread-1] INFO  util.JmxRegister (JmxRegister.java:tryRegister(44)) - Successfully registered JMX Bean with object name Ratis:service=RaftServer,group=group-0E05BCBC6A81,id=efdea5f7-0978-4608-8df8-907f93177c26
2019-10-18 00:26:23,884 [pool-47-thread-1] INFO  impl.RoleInfo (RoleInfo.java:updateAndGet(143)) - 27e27663-33d5-44e8-9c0f-eb0e3c2aee11: start FollowerState
2019-10-18 00:26:23,885 [pool-47-thread-1] INFO  util.JmxRegister (JmxRegister.java:tryRegister(44)) - Successfully registered JMX Bean with object name Ratis:service=RaftServer,group=group-0E05BCBC6A81,id=27e27663-33d5-44e8-9c0f-eb0e3c2aee11
2019-10-18 00:26:23,902 [RatisPipelineUtilsThread] INFO  pipeline.PipelineStateManager (PipelineStateManager.java:addPipeline(56)) - Created pipeline Pipeline[ Id: 75404b60-6d3b-4b77-b495-0e05bcbc6a81, Nodes: 27e27663-33d5-44e8-9c0f-eb0e3c2aee11{ip: 192.168.164.253, host: pr-hdds-2131-4cx76-1129263384, networkLocation: /default-rack, certSerialId: null}1c196293-af28-4849-9284-4cc1dd56b0a0{ip: 192.168.164.253, host: pr-hdds-2131-4cx76-1129263384, networkLocation: /default-rack, certSerialId: null}efdea5f7-0978-4608-8df8-907f93177c26{ip: 192.168.164.253, host: pr-hdds-2131-4cx76-1129263384, networkLocation: /default-rack, certSerialId: null}, Type:RATIS, Factor:THREE, State:OPEN]
2019-10-18 00:26:23,902 [1c196293-af28-4849-9284-4cc1dd56b0a0@group-B20382C00D4C-LeaderElection3] INFO  impl.LeaderElection (LeaderElection.java:askForVotes(178)) - 1c196293-af28-4849-9284-4cc1dd56b0a0@group-B20382C00D4C-LeaderElection3: begin an election at term 1 for -1: [1c196293-af28-4849-9284-4cc1dd56b0a0:192.168.164.253:43223], old=null
2019-10-18 00:26:23,903 [1c196293-af28-4849-9284-4cc1dd56b0a0@group-B20382C00D4C-LeaderElection3] INFO  impl.RoleInfo (RoleInfo.java:shutdownLeaderElection(134)) - 1c196293-af28-4849-9284-4cc1dd56b0a0: shutdown LeaderElection
2019-10-18 00:26:23,903 [1c196293-af28-4849-9284-4cc1dd56b0a0@group-B20382C00D4C-LeaderElection3] INFO  impl.RaftServerImpl (RaftServerImpl.java:setRole(184)) - 1c196293-af28-4849-9284-4cc1dd56b0a0@group-B20382C00D4C: changes role from CANDIDATE to LEADER at term 1 for changeToLeader
2019-10-18 00:26:23,903 [1c196293-af28-4849-9284-4cc1dd56b0a0@group-B20382C00D4C-LeaderElection3] INFO  impl.RaftServerImpl (ServerState.java:setLeader(256)) - 1c196293-af28-4849-9284-4cc1dd56b0a0@group-B20382C00D4C: change Leader from null to 1c196293-af28-4849-9284-4cc1dd56b0a0 at term 1 for becomeLeader, leader elected after 160ms
2019-10-18 00:26:23,903 [1c196293-af28-4849-9284-4cc1dd56b0a0@group-B20382C00D4C-LeaderElection3] INFO  server.RaftServerConfigKeys (ConfUtils.java:logGet(43)) - raft.server.staging.catchup.gap = 1000 (default)
2019-10-18 00:26:23,903 [1c196293-af28-4849-9284-4cc1dd56b0a0@group-B20382C00D4C-LeaderElection3] INFO  server.RaftServerConfigKeys (ConfUtils.java:logGet(43)) - raft.server.rpc.sleep.time = 25ms (default)
2019-10-18 00:26:23,904 [1c196293-af28-4849-9284-4cc1dd56b0a0@group-B20382C00D4C-LeaderElection3] INFO  server.RaftServerConfigKeys (ConfUtils.java:logGet(43)) - raft.server.write.element-limit = 4096 (default)
2019-10-18 00:26:23,905 [1c196293-af28-4849-9284-4cc1dd56b0a0@group-B20382C00D4C-LeaderElection3] INFO  server.RaftServerConfigKeys (ConfUtils.java:logGet(43)) - raft.server.watch.timeout = 10s (default)
2019-10-18 00:26:23,906 [1c196293-af28-4849-9284-4cc1dd56b0a0@group-B20382C00D4C-LeaderElection3] INFO  server.RaftServerConfigKeys (ConfUtils.java:logGet(43)) - raft.server.watch.timeout.denomination = 1s (default)
2019-10-18 00:26:23,906 [1c196293-af28-4849-9284-4cc1dd56b0a0@group-B20382C00D4C-LeaderElection3] INFO  server.RaftServerConfigKeys (ConfUtils.java:logGet(43)) - raft.server.watch.element-limit = 65536 (default)
2019-10-18 00:26:23,908 [1c196293-af28-4849-9284-4cc1dd56b0a0@group-B20382C00D4C-LeaderElection3] INFO  impl.RoleInfo (RoleInfo.java:updateAndGet(143)) - 1c196293-af28-4849-9284-4cc1dd56b0a0: start LeaderState
2019-10-18 00:26:23,908 [1c196293-af28-4849-9284-4cc1dd56b0a0@group-B20382C00D4C-LeaderElection3] INFO  segmented.SegmentedRaftLogWorker (SegmentedRaftLogWorker.java:startLogSegment(385)) - 1c196293-af28-4849-9284-4cc1dd56b0a0@group-B20382C00D4C-SegmentedRaftLogWorker: Starting segment from index:0
2019-10-18 00:26:23,909 [1c196293-af28-4849-9284-4cc1dd56b0a0@group-B20382C00D4C-LeaderElection3] INFO  impl.RaftServerImpl (ServerState.java:setRaftConf(357)) - 1c196293-af28-4849-9284-4cc1dd56b0a0@group-B20382C00D4C: set configuration 0: [1c196293-af28-4849-9284-4cc1dd56b0a0:192.168.164.253:43223], old=null at 0
2019-10-18 00:26:23,961 [1c196293-af28-4849-9284-4cc1dd56b0a0@group-B20382C00D4C-SegmentedRaftLogWorker] INFO  segmented.SegmentedRaftLogWorker (SegmentedRaftLogWorker.java:execute(576)) - 1c196293-af28-4849-9284-4cc1dd56b0a0@group-B20382C00D4C-SegmentedRaftLogWorker: created new log segment /workdir/hadoop-ozone/integration-test/target/test-dir/MiniOzoneClusterImpl-125cb84d-b14c-45f7-a2c3-14b819b44f73/datanode-1/data/ratis/db003974-f16b-4143-9fc3-b20382c00d4c/current/log_inprogress_0
2019-10-18 00:26:23,968 [Thread-202] INFO  impl.FollowerState (FollowerState.java:run(108)) - 1c196293-af28-4849-9284-4cc1dd56b0a0@group-0E05BCBC6A81-FollowerState: change to CANDIDATE, lastRpcTime:87ms, electionTimeout:87ms
2019-10-18 00:26:23,968 [Thread-202] INFO  impl.RoleInfo (RoleInfo.java:shutdownFollowerState(121)) - 1c196293-af28-4849-9284-4cc1dd56b0a0: shutdown FollowerState
2019-10-18 00:26:23,968 [Thread-202] INFO  impl.RaftServerImpl (RaftServerImpl.java:setRole(184)) - 1c196293-af28-4849-9284-4cc1dd56b0a0@group-0E05BCBC6A81: changes role from  FOLLOWER to CANDIDATE at term 0 for changeToCandidate
2019-10-18 00:26:23,969 [Thread-202] INFO  impl.RoleInfo (RoleInfo.java:updateAndGet(143)) - 1c196293-af28-4849-9284-4cc1dd56b0a0: start LeaderElection
2019-10-18 00:26:23,986 [1c196293-af28-4849-9284-4cc1dd56b0a0@group-0E05BCBC6A81-LeaderElection4] INFO  impl.LeaderElection (LeaderElection.java:askForVotes(178)) - 1c196293-af28-4849-9284-4cc1dd56b0a0@group-0E05BCBC6A81-LeaderElection4: begin an election at term 1 for -1: [efdea5f7-0978-4608-8df8-907f93177c26:192.168.164.253:40628, 27e27663-33d5-44e8-9c0f-eb0e3c2aee11:192.168.164.253:35650, 1c196293-af28-4849-9284-4cc1dd56b0a0:192.168.164.253:43223], old=null
2019-10-18 00:26:23,988 [Thread-203] INFO  impl.FollowerState (FollowerState.java:run(108)) - efdea5f7-0978-4608-8df8-907f93177c26@group-0E05BCBC6A81-FollowerState: change to CANDIDATE, lastRpcTime:104ms, electionTimeout:104ms
2019-10-18 00:26:23,989 [Thread-203] INFO  impl.RoleInfo (RoleInfo.java:shutdownFollowerState(121)) - efdea5f7-0978-4608-8df8-907f93177c26: shutdown FollowerState
2019-10-18 00:26:23,989 [Thread-203] INFO  impl.RaftServerImpl (RaftServerImpl.java:setRole(184)) - efdea5f7-0978-4608-8df8-907f93177c26@group-0E05BCBC6A81: changes role from  FOLLOWER to CANDIDATE at term 0 for changeToCandidate
2019-10-18 00:26:23,989 [Thread-203] INFO  impl.RoleInfo (RoleInfo.java:updateAndGet(143)) - efdea5f7-0978-4608-8df8-907f93177c26: start LeaderElection
2019-10-18 00:26:24,020 [efdea5f7-0978-4608-8df8-907f93177c26@group-0E05BCBC6A81-LeaderElection5] INFO  impl.LeaderElection (LeaderElection.java:askForVotes(178)) - efdea5f7-0978-4608-8df8-907f93177c26@group-0E05BCBC6A81-LeaderElection5: begin an election at term 1 for -1: [efdea5f7-0978-4608-8df8-907f93177c26:192.168.164.253:40628, 27e27663-33d5-44e8-9c0f-eb0e3c2aee11:192.168.164.253:35650, 1c196293-af28-4849-9284-4cc1dd56b0a0:192.168.164.253:43223], old=null
2019-10-18 00:26:24,029 [grpc-default-executor-0] INFO  impl.RaftServerImpl (RaftServerImpl.java:setRole(184)) - 27e27663-33d5-44e8-9c0f-eb0e3c2aee11@group-0E05BCBC6A81: changes role from  FOLLOWER to FOLLOWER at term 1 for recognizeCandidate:1c196293-af28-4849-9284-4cc1dd56b0a0
2019-10-18 00:26:24,029 [grpc-default-executor-0] INFO  impl.RoleInfo (RoleInfo.java:shutdownFollowerState(121)) - 27e27663-33d5-44e8-9c0f-eb0e3c2aee11: shutdown FollowerState
2019-10-18 00:26:24,029 [grpc-default-executor-0] INFO  impl.RoleInfo (RoleInfo.java:updateAndGet(143)) - 27e27663-33d5-44e8-9c0f-eb0e3c2aee11: start FollowerState
2019-10-18 00:26:24,029 [Thread-204] INFO  impl.FollowerState (FollowerState.java:run(117)) - 27e27663-33d5-44e8-9c0f-eb0e3c2aee11@group-0E05BCBC6A81-FollowerState was interrupted: java.lang.InterruptedException: sleep interrupted
2019-10-18 00:26:24,070 [efdea5f7-0978-4608-8df8-907f93177c26@group-0E05BCBC6A81-LeaderElection5] INFO  impl.LeaderElection (LeaderElection.java:logAndReturn(56)) - efdea5f7-0978-4608-8df8-907f93177c26@group-0E05BCBC6A81-LeaderElection5: Election REJECTED; received 2 response(s) [efdea5f7-0978-4608-8df8-907f93177c26<-27e27663-33d5-44e8-9c0f-eb0e3c2aee11#0:FAIL-t1, efdea5f7-0978-4608-8df8-907f93177c26<-1c196293-af28-4849-9284-4cc1dd56b0a0#0:FAIL-t1] and 0 exception(s); efdea5f7-0978-4608-8df8-907f93177c26@group-0E05BCBC6A81:t1, leader=null, voted=efdea5f7-0978-4608-8df8-907f93177c26, raftlog=efdea5f7-0978-4608-8df8-907f93177c26@group-0E05BCBC6A81-SegmentedRaftLog:OPENED:c-1,f-1,i0, conf=-1: [efdea5f7-0978-4608-8df8-907f93177c26:192.168.164.253:40628, 27e27663-33d5-44e8-9c0f-eb0e3c2aee11:192.168.164.253:35650, 1c196293-af28-4849-9284-4cc1dd56b0a0:192.168.164.253:43223], old=null
2019-10-18 00:26:24,070 [1c196293-af28-4849-9284-4cc1dd56b0a0@group-0E05BCBC6A81-LeaderElection4] INFO  impl.LeaderElection (LeaderElection.java:logAndReturn(56)) - 1c196293-af28-4849-9284-4cc1dd56b0a0@group-0E05BCBC6A81-LeaderElection4: Election PASSED; received 2 response(s) [1c196293-af28-4849-9284-4cc1dd56b0a0<-efdea5f7-0978-4608-8df8-907f93177c26#0:FAIL-t1, 1c196293-af28-4849-9284-4cc1dd56b0a0<-27e27663-33d5-44e8-9c0f-eb0e3c2aee11#0:OK-t1] and 0 exception(s); 1c196293-af28-4849-9284-4cc1dd56b0a0@group-0E05BCBC6A81:t1, leader=null, voted=1c196293-af28-4849-9284-4cc1dd56b0a0, raftlog=1c196293-af28-4849-9284-4cc1dd56b0a0@group-0E05BCBC6A81-SegmentedRaftLog:OPENED:c-1,f-1,i0, conf=-1: [efdea5f7-0978-4608-8df8-907f93177c26:192.168.164.253:40628, 27e27663-33d5-44e8-9c0f-eb0e3c2aee11:192.168.164.253:35650, 1c196293-af28-4849-9284-4cc1dd56b0a0:192.168.164.253:43223], old=null
2019-10-18 00:26:24,071 [1c196293-af28-4849-9284-4cc1dd56b0a0@group-0E05BCBC6A81-LeaderElection4] INFO  impl.RoleInfo (RoleInfo.java:shutdownLeaderElection(134)) - 1c196293-af28-4849-9284-4cc1dd56b0a0: shutdown LeaderElection
2019-10-18 00:26:24,071 [efdea5f7-0978-4608-8df8-907f93177c26@group-0E05BCBC6A81-LeaderElection5] INFO  impl.RaftServerImpl (RaftServerImpl.java:setRole(184)) - efdea5f7-0978-4608-8df8-907f93177c26@group-0E05BCBC6A81: changes role from CANDIDATE to FOLLOWER at term 1 for DISCOVERED_A_NEW_TERM
2019-10-18 00:26:24,073 [1c196293-af28-4849-9284-4cc1dd56b0a0@group-0E05BCBC6A81-LeaderElection4] INFO  impl.RaftServerImpl (RaftServerImpl.java:setRole(184)) - 1c196293-af28-4849-9284-4cc1dd56b0a0@group-0E05BCBC6A81: changes role from CANDIDATE to LEADER at term 1 for changeToLeader
2019-10-18 00:26:24,074 [efdea5f7-0978-4608-8df8-907f93177c26@group-0E05BCBC6A81-LeaderElection5] INFO  impl.RoleInfo (RoleInfo.java:shutdownLeaderElection(134)) - efdea5f7-0978-4608-8df8-907f93177c26: shutdown LeaderElection
2019-10-18 00:26:24,074 [1c196293-af28-4849-9284-4cc1dd56b0a0@group-0E05BCBC6A81-LeaderElection4] INFO  impl.RaftServerImpl (ServerState.java:setLeader(256)) - 1c196293-af28-4849-9284-4cc1dd56b0a0@group-0E05BCBC6A81: change Leader from null to 1c196293-af28-4849-9284-4cc1dd56b0a0 at term 1 for becomeLeader, leader elected after 204ms
2019-10-18 00:26:24,074 [efdea5f7-0978-4608-8df8-907f93177c26@group-0E05BCBC6A81-LeaderElection5] INFO  impl.RoleInfo (RoleInfo.java:updateAndGet(143)) - efdea5f7-0978-4608-8df8-907f93177c26: start FollowerState
2019-10-18 00:26:24,074 [1c196293-af28-4849-9284-4cc1dd56b0a0@group-0E05BCBC6A81-LeaderElection4] INFO  server.RaftServerConfigKeys (ConfUtils.java:logGet(43)) - raft.server.staging.catchup.gap = 1000 (default)
2019-10-18 00:26:24,074 [1c196293-af28-4849-9284-4cc1dd56b0a0@group-0E05BCBC6A81-LeaderElection4] INFO  server.RaftServerConfigKeys (ConfUtils.java:logGet(43)) - raft.server.rpc.sleep.time = 25ms (default)
2019-10-18 00:26:24,075 [1c196293-af28-4849-9284-4cc1dd56b0a0@group-0E05BCBC6A81-LeaderElection4] INFO  server.RaftServerConfigKeys (ConfUtils.java:logGet(43)) - raft.server.write.element-limit = 4096 (default)
2019-10-18 00:26:24,075 [1c196293-af28-4849-9284-4cc1dd56b0a0@group-0E05BCBC6A81-LeaderElection4] INFO  server.RaftServerConfigKeys (ConfUtils.java:logGet(43)) - raft.server.watch.timeout = 10s (default)
2019-10-18 00:26:24,075 [1c196293-af28-4849-9284-4cc1dd56b0a0@group-0E05BCBC6A81-LeaderElection4] INFO  server.RaftServerConfigKeys (ConfUtils.java:logGet(43)) - raft.server.watch.timeout.denomination = 1s (default)
2019-10-18 00:26:24,076 [1c196293-af28-4849-9284-4cc1dd56b0a0@group-0E05BCBC6A81-LeaderElection4] INFO  server.RaftServerConfigKeys (ConfUtils.java:logGet(43)) - raft.server.watch.element-limit = 65536 (default)
2019-10-18 00:26:24,089 [Thread-218] INFO  impl.FollowerState (FollowerState.java:run(108)) - 27e27663-33d5-44e8-9c0f-eb0e3c2aee11@group-0E05BCBC6A81-FollowerState: change to CANDIDATE, lastRpcTime:59ms, electionTimeout:52ms
2019-10-18 00:26:24,089 [Thread-218] INFO  impl.RoleInfo (RoleInfo.java:shutdownFollowerState(121)) - 27e27663-33d5-44e8-9c0f-eb0e3c2aee11: shutdown FollowerState
2019-10-18 00:26:24,089 [Thread-218] INFO  impl.RaftServerImpl (RaftServerImpl.java:setRole(184)) - 27e27663-33d5-44e8-9c0f-eb0e3c2aee11@group-0E05BCBC6A81: changes role from  FOLLOWER to CANDIDATE at term 1 for changeToCandidate
2019-10-18 00:26:24,089 [Thread-218] INFO  impl.RoleInfo (RoleInfo.java:updateAndGet(143)) - 27e27663-33d5-44e8-9c0f-eb0e3c2aee11: start LeaderElection
2019-10-18 00:26:24,093 [1c196293-af28-4849-9284-4cc1dd56b0a0@group-0E05BCBC6A81-LeaderElection4] INFO  server.RaftServerConfigKeys (ConfUtils.java:logGet(43)) - raft.server.log.appender.snapshot.chunk.size.max = 16MB (=16777216) (default)
2019-10-18 00:26:24,094 [1c196293-af28-4849-9284-4cc1dd56b0a0@group-0E05BCBC6A81-LeaderElection4] INFO  server.RaftServerConfigKeys (ConfUtils.java:logGet(43)) - raft.server.log.appender.buffer.byte-limit = 33554432 (custom)
2019-10-18 00:26:24,096 [1c196293-af28-4849-9284-4cc1dd56b0a0@group-0E05BCBC6A81-LeaderElection4] INFO  server.RaftServerConfigKeys (ConfUtils.java:logGet(43)) - raft.server.log.appender.buffer.element-limit = 1 (custom)
2019-10-18 00:26:24,100 [1c196293-af28-4849-9284-4cc1dd56b0a0@group-0E05BCBC6A81-LeaderElection4] INFO  grpc.GrpcConfigKeys$Server (ConfUtils.java:logGet(43)) - raft.grpc.server.leader.outstanding.appends.max = 128 (default)
2019-10-18 00:26:24,102 [1c196293-af28-4849-9284-4cc1dd56b0a0@group-0E05BCBC6A81-LeaderElection4] INFO  server.RaftServerConfigKeys (ConfUtils.java:logGet(43)) - raft.server.rpc.request.timeout = 3000ms (default)
2019-10-18 00:26:24,103 [1c196293-af28-4849-9284-4cc1dd56b0a0@group-0E05BCBC6A81-LeaderElection4] INFO  server.RaftServerConfigKeys (ConfUtils.java:logGet(43)) - raft.server.log.appender.install.snapshot.enabled = false (custom)
2019-10-18 00:26:24,108 [1c196293-af28-4849-9284-4cc1dd56b0a0@group-0E05BCBC6A81-LeaderElection4] INFO  server.RaftServerConfigKeys (ConfUtils.java:logGet(43)) - raft.server.log.appender.snapshot.chunk.size.max = 16MB (=16777216) (default)
2019-10-18 00:26:24,108 [1c196293-af28-4849-9284-4cc1dd56b0a0@group-0E05BCBC6A81-LeaderElection4] INFO  server.RaftServerConfigKeys (ConfUtils.java:logGet(43)) - raft.server.log.appender.buffer.byte-limit = 33554432 (custom)
2019-10-18 00:26:24,109 [1c196293-af28-4849-9284-4cc1dd56b0a0@group-0E05BCBC6A81-LeaderElection4] INFO  server.RaftServerConfigKeys (ConfUtils.java:logGet(43)) - raft.server.log.appender.buffer.element-limit = 1 (custom)
2019-10-18 00:26:24,109 [1c196293-af28-4849-9284-4cc1dd56b0a0@group-0E05BCBC6A81-LeaderElection4] INFO  grpc.GrpcConfigKeys$Server (ConfUtils.java:logGet(43)) - raft.grpc.server.leader.outstanding.appends.max = 128 (default)
2019-10-18 00:26:24,109 [1c196293-af28-4849-9284-4cc1dd56b0a0@group-0E05BCBC6A81-LeaderElection4] INFO  server.RaftServerConfigKeys (ConfUtils.java:logGet(43)) - raft.server.rpc.request.timeout = 3000ms (default)
2019-10-18 00:26:24,109 [1c196293-af28-4849-9284-4cc1dd56b0a0@group-0E05BCBC6A81-LeaderElection4] INFO  server.RaftServerConfigKeys (ConfUtils.java:logGet(43)) - raft.server.log.appender.install.snapshot.enabled = false (custom)
2019-10-18 00:26:24,116 [1c196293-af28-4849-9284-4cc1dd56b0a0@group-0E05BCBC6A81-LeaderElection4] INFO  impl.RoleInfo (RoleInfo.java:updateAndGet(143)) - 1c196293-af28-4849-9284-4cc1dd56b0a0: start LeaderState
2019-10-18 00:26:24,116 [1c196293-af28-4849-9284-4cc1dd56b0a0@group-0E05BCBC6A81-LeaderElection4] INFO  segmented.SegmentedRaftLogWorker (SegmentedRaftLogWorker.java:startLogSegment(385)) - 1c196293-af28-4849-9284-4cc1dd56b0a0@group-0E05BCBC6A81-SegmentedRaftLogWorker: Starting segment from index:0
2019-10-18 00:26:24,117 [1c196293-af28-4849-9284-4cc1dd56b0a0@group-0E05BCBC6A81-LeaderElection4] INFO  impl.RaftServerImpl (ServerState.java:setRaftConf(357)) - 1c196293-af28-4849-9284-4cc1dd56b0a0@group-0E05BCBC6A81: set configuration 0: [efdea5f7-0978-4608-8df8-907f93177c26:192.168.164.253:40628, 27e27663-33d5-44e8-9c0f-eb0e3c2aee11:192.168.164.253:35650, 1c196293-af28-4849-9284-4cc1dd56b0a0:192.168.164.253:43223], old=null at 0
2019-10-18 00:26:24,144 [27e27663-33d5-44e8-9c0f-eb0e3c2aee11@group-0E05BCBC6A81-LeaderElection6] INFO  impl.LeaderElection (LeaderElection.java:askForVotes(178)) - 27e27663-33d5-44e8-9c0f-eb0e3c2aee11@group-0E05BCBC6A81-LeaderElection6: begin an election at term 2 for -1: [efdea5f7-0978-4608-8df8-907f93177c26:192.168.164.253:40628, 27e27663-33d5-44e8-9c0f-eb0e3c2aee11:192.168.164.253:35650, 1c196293-af28-4849-9284-4cc1dd56b0a0:192.168.164.253:43223], old=null
2019-10-18 00:26:24,159 [27e27663-33d5-44e8-9c0f-eb0e3c2aee11@group-0E05BCBC6A81-LeaderElection6] INFO  impl.LeaderElection (LeaderElection.java:logAndReturn(56)) - 27e27663-33d5-44e8-9c0f-eb0e3c2aee11@group-0E05BCBC6A81-LeaderElection6: Election TIMEOUT; received 0 response(s) [] and 0 exception(s); 27e27663-33d5-44e8-9c0f-eb0e3c2aee11@group-0E05BCBC6A81:t2, leader=null, voted=27e27663-33d5-44e8-9c0f-eb0e3c2aee11, raftlog=27e27663-33d5-44e8-9c0f-eb0e3c2aee11@group-0E05BCBC6A81-SegmentedRaftLog:OPENED:c-1,f-1,i0, conf=-1: [efdea5f7-0978-4608-8df8-907f93177c26:192.168.164.253:40628, 27e27663-33d5-44e8-9c0f-eb0e3c2aee11:192.168.164.253:35650, 1c196293-af28-4849-9284-4cc1dd56b0a0:192.168.164.253:43223], old=null
2019-10-18 00:26:24,161 [grpc-default-executor-0] INFO  impl.RaftServerImpl (RaftServerImpl.java:setRole(184)) - efdea5f7-0978-4608-8df8-907f93177c26@group-0E05BCBC6A81: changes role from  FOLLOWER to FOLLOWER at term 2 for recognizeCandidate:27e27663-33d5-44e8-9c0f-eb0e3c2aee11
2019-10-18 00:26:24,161 [grpc-default-executor-3] INFO  impl.RaftServerImpl (ServerState.java:setLeader(256)) - 1c196293-af28-4849-9284-4cc1dd56b0a0@group-0E05BCBC6A81: change Leader from 1c196293-af28-4849-9284-4cc1dd56b0a0 to null at term 2 for updateCurrentTerm
2019-10-18 00:26:24,161 [grpc-default-executor-0] INFO  impl.RoleInfo (RoleInfo.java:shutdownFollowerState(121)) - efdea5f7-0978-4608-8df8-907f93177c26: shutdown FollowerState
2019-10-18 00:26:24,162 [grpc-default-executor-3] INFO  impl.RaftServerImpl (RaftServerImpl.java:setRole(184)) - 1c196293-af28-4849-9284-4cc1dd56b0a0@group-0E05BCBC6A81: changes role from    LEADER to FOLLOWER at term 2 for recognizeCandidate:27e27663-33d5-44e8-9c0f-eb0e3c2aee11
2019-10-18 00:26:24,162 [grpc-default-executor-0] INFO  impl.RoleInfo (RoleInfo.java:updateAndGet(143)) - efdea5f7-0978-4608-8df8-907f93177c26: start FollowerState
2019-10-18 00:26:24,163 [grpc-default-executor-3] INFO  impl.RoleInfo (RoleInfo.java:shutdownLeaderState(104)) - 1c196293-af28-4849-9284-4cc1dd56b0a0: shutdown LeaderState
2019-10-18 00:26:24,162 [Thread-219] INFO  impl.FollowerState (FollowerState.java:run(117)) - efdea5f7-0978-4608-8df8-907f93177c26@group-0E05BCBC6A81-FollowerState was interrupted: java.lang.InterruptedException: sleep interrupted
2019-10-18 00:26:24,166 [grpc-default-executor-3] INFO  impl.PendingRequests (PendingRequests.java:sendNotLeaderResponses(202)) - 1c196293-af28-4849-9284-4cc1dd56b0a0@group-0E05BCBC6A81-PendingRequests: sendNotLeaderResponses
2019-10-18 00:26:24,167 [org.apache.ratis.server.impl.LogAppender$AppenderDaemon$$Lambda$415/1681212609@78198055] WARN  server.GrpcLogAppender (GrpcLogAppender.java:mayWait(149)) - 1c196293-af28-4849-9284-4cc1dd56b0a0@group-0E05BCBC6A81->efdea5f7-0978-4608-8df8-907f93177c26-GrpcLogAppender: Wait interrupted by java.lang.InterruptedException
2019-10-18 00:26:24,167 [org.apache.ratis.server.impl.LogAppender$AppenderDaemon$$Lambda$415/1681212609@542b2314] WARN  server.GrpcLogAppender (GrpcLogAppender.java:mayWait(149)) - 1c196293-af28-4849-9284-4cc1dd56b0a0@group-0E05BCBC6A81->27e27663-33d5-44e8-9c0f-eb0e3c2aee11-GrpcLogAppender: Wait interrupted by java.lang.InterruptedException
2019-10-18 00:26:24,170 [grpc-default-executor-3] INFO  impl.RoleInfo (RoleInfo.java:updateAndGet(143)) - 1c196293-af28-4849-9284-4cc1dd56b0a0: start FollowerState
2019-10-18 00:26:24,171 [1c196293-af28-4849-9284-4cc1dd56b0a0@group-0E05BCBC6A81-SegmentedRaftLogWorker] INFO  segmented.SegmentedRaftLogWorker (SegmentedRaftLogWorker.java:execute(576)) - 1c196293-af28-4849-9284-4cc1dd56b0a0@group-0E05BCBC6A81-SegmentedRaftLogWorker: created new log segment /workdir/hadoop-ozone/integration-test/target/test-dir/MiniOzoneClusterImpl-125cb84d-b14c-45f7-a2c3-14b819b44f73/datanode-1/data/ratis/75404b60-6d3b-4b77-b495-0e05bcbc6a81/current/log_inprogress_0
2019-10-18 00:26:24,188 [27e27663-33d5-44e8-9c0f-eb0e3c2aee11@group-0E05BCBC6A81-LeaderElection6] INFO  impl.LeaderElection (LeaderElection.java:askForVotes(178)) - 27e27663-33d5-44e8-9c0f-eb0e3c2aee11@group-0E05BCBC6A81-LeaderElection6: begin an election at term 3 for -1: [efdea5f7-0978-4608-8df8-907f93177c26:192.168.164.253:40628, 27e27663-33d5-44e8-9c0f-eb0e3c2aee11:192.168.164.253:35650, 1c196293-af28-4849-9284-4cc1dd56b0a0:192.168.164.253:43223], old=null
2019-10-18 00:26:24,197 [grpc-default-executor-1] INFO  server.GrpcServerProtocolService (GrpcServerProtocolService.java:onCompleted(113)) - efdea5f7-0978-4608-8df8-907f93177c26: Completed APPEND_ENTRIES, lastRequest: 1c196293-af28-4849-9284-4cc1dd56b0a0->efdea5f7-0978-4608-8df8-907f93177c26#0-t1, previous=(t:0, i:0), leaderCommit=-1, initializing? false, entries: <empty>
2019-10-18 00:26:24,197 [grpc-default-executor-2] INFO  server.GrpcServerProtocolService (GrpcServerProtocolService.java:onCompleted(113)) - 27e27663-33d5-44e8-9c0f-eb0e3c2aee11: Completed APPEND_ENTRIES, lastRequest: 1c196293-af28-4849-9284-4cc1dd56b0a0->27e27663-33d5-44e8-9c0f-eb0e3c2aee11#0-t1, previous=(t:0, i:0), leaderCommit=-1, initializing? false, entries: <empty>
2019-10-18 00:26:24,202 [grpc-default-executor-3] INFO  impl.RaftServerImpl (RaftServerImpl.java:setRole(184)) - 1c196293-af28-4849-9284-4cc1dd56b0a0@group-0E05BCBC6A81: changes role from  FOLLOWER to FOLLOWER at term 3 for recognizeCandidate:27e27663-33d5-44e8-9c0f-eb0e3c2aee11
2019-10-18 00:26:24,202 [grpc-default-executor-4] INFO  impl.RaftServerImpl (RaftServerImpl.java:setRole(184)) - efdea5f7-0978-4608-8df8-907f93177c26@group-0E05BCBC6A81: changes role from  FOLLOWER to FOLLOWER at term 3 for recognizeCandidate:27e27663-33d5-44e8-9c0f-eb0e3c2aee11
2019-10-18 00:26:24,202 [grpc-default-executor-3] INFO  impl.RoleInfo (RoleInfo.java:shutdownFollowerState(121)) - 1c196293-af28-4849-9284-4cc1dd56b0a0: shutdown FollowerState
2019-10-18 00:26:24,202 [grpc-default-executor-4] INFO  impl.RoleInfo (RoleInfo.java:shutdownFollowerState(121)) - efdea5f7-0978-4608-8df8-907f93177c26: shutdown FollowerState
2019-10-18 00:26:24,202 [grpc-default-executor-3] INFO  impl.RoleInfo (RoleInfo.java:updateAndGet(143)) - 1c196293-af28-4849-9284-4cc1dd56b0a0: start FollowerState
2019-10-18 00:26:24,202 [Thread-230] INFO  impl.FollowerState (FollowerState.java:run(117)) - 1c196293-af28-4849-9284-4cc1dd56b0a0@group-0E05BCBC6A81-FollowerState was interrupted: java.lang.InterruptedException: sleep interrupted
2019-10-18 00:26:24,202 [Thread-227] INFO  impl.FollowerState (FollowerState.java:run(117)) - efdea5f7-0978-4608-8df8-907f93177c26@group-0E05BCBC6A81-FollowerState was interrupted: java.lang.InterruptedException: sleep interrupted
2019-10-18 00:26:24,202 [grpc-default-executor-4] INFO  impl.RoleInfo (RoleInfo.java:updateAndGet(143)) - efdea5f7-0978-4608-8df8-907f93177c26: start FollowerState
2019-10-18 00:26:24,219 [27e27663-33d5-44e8-9c0f-eb0e3c2aee11@group-0E05BCBC6A81-LeaderElection6] INFO  impl.LeaderElection (LeaderElection.java:logAndReturn(56)) - 27e27663-33d5-44e8-9c0f-eb0e3c2aee11@group-0E05BCBC6A81-LeaderElection6: Election TIMEOUT; received 0 response(s) [] and 0 exception(s); 27e27663-33d5-44e8-9c0f-eb0e3c2aee11@group-0E05BCBC6A81:t3, leader=null, voted=27e27663-33d5-44e8-9c0f-eb0e3c2aee11, raftlog=27e27663-33d5-44e8-9c0f-eb0e3c2aee11@group-0E05BCBC6A81-SegmentedRaftLog:OPENED:c-1,f-1,i0, conf=-1: [efdea5f7-0978-4608-8df8-907f93177c26:192.168.164.253:40628, 27e27663-33d5-44e8-9c0f-eb0e3c2aee11:192.168.164.253:35650, 1c196293-af28-4849-9284-4cc1dd56b0a0:192.168.164.253:43223], old=null
2019-10-18 00:26:24,230 [Thread-234] INFO  impl.FollowerState (FollowerState.java:run(108)) - efdea5f7-0978-4608-8df8-907f93177c26@group-0E05BCBC6A81-FollowerState: change to CANDIDATE, lastRpcTime:27ms, electionTimeout:17ms
2019-10-18 00:26:24,230 [Thread-234] INFO  impl.RoleInfo (RoleInfo.java:shutdownFollowerState(121)) - efdea5f7-0978-4608-8df8-907f93177c26: shutdown FollowerState
2019-10-18 00:26:24,230 [grpc-default-executor-1] INFO  server.GrpcLogAppender (GrpcLogAppender.java:onCompleted(308)) - 1c196293-af28-4849-9284-4cc1dd56b0a0@group-0E05BCBC6A81->27e27663-33d5-44e8-9c0f-eb0e3c2aee11-AppendLogResponseHandler: follower responses appendEntries COMPLETED
2019-10-18 00:26:24,231 [grpc-default-executor-0] INFO  server.GrpcLogAppender (GrpcLogAppender.java:onCompleted(308)) - 1c196293-af28-4849-9284-4cc1dd56b0a0@group-0E05BCBC6A81->efdea5f7-0978-4608-8df8-907f93177c26-AppendLogResponseHandler: follower responses appendEntries COMPLETED
2019-10-18 00:26:24,232 [Thread-234] INFO  impl.RaftServerImpl (RaftServerImpl.java:setRole(184)) - efdea5f7-0978-4608-8df8-907f93177c26@group-0E05BCBC6A81: changes role from  FOLLOWER to CANDIDATE at term 3 for changeToCandidate
2019-10-18 00:26:24,232 [Thread-234] INFO  impl.RoleInfo (RoleInfo.java:updateAndGet(143)) - efdea5f7-0978-4608-8df8-907f93177c26: start LeaderElection
2019-10-18 00:26:24,236 [grpc-default-executor-1] INFO  impl.FollowerInfo (FollowerInfo.java:lambda$new$0(51)) - 1c196293-af28-4849-9284-4cc1dd56b0a0@group-0E05BCBC6A81->27e27663-33d5-44e8-9c0f-eb0e3c2aee11: nextIndex: updateUnconditionally 0 -> 0
2019-10-18 00:26:24,241 [grpc-default-executor-0] INFO  impl.FollowerInfo (FollowerInfo.java:lambda$new$0(51)) - 1c196293-af28-4849-9284-4cc1dd56b0a0@group-0E05BCBC6A81->efdea5f7-0978-4608-8df8-907f93177c26: nextIndex: updateUnconditionally 0 -> 0
2019-10-18 00:26:24,247 [27e27663-33d5-44e8-9c0f-eb0e3c2aee11@group-0E05BCBC6A81-LeaderElection6] INFO  impl.LeaderElection (LeaderElection.java:askForVotes(178)) - 27e27663-33d5-44e8-9c0f-eb0e3c2aee11@group-0E05BCBC6A81-LeaderElection6: begin an election at term 4 for -1: [efdea5f7-0978-4608-8df8-907f93177c26:192.168.164.253:40628, 27e27663-33d5-44e8-9c0f-eb0e3c2aee11:192.168.164.253:35650, 1c196293-af28-4849-9284-4cc1dd56b0a0:192.168.164.253:43223], old=null
2019-10-18 00:26:24,251 [grpc-default-executor-0] INFO  impl.RaftServerImpl (RaftServerImpl.java:setRole(184)) - 1c196293-af28-4849-9284-4cc1dd56b0a0@group-0E05BCBC6A81: changes role from  FOLLOWER to FOLLOWER at term 4 for recognizeCandidate:27e27663-33d5-44e8-9c0f-eb0e3c2aee11
2019-10-18 00:26:24,251 [grpc-default-executor-0] INFO  impl.RoleInfo (RoleInfo.java:shutdownFollowerState(121)) - 1c196293-af28-4849-9284-4cc1dd56b0a0: shutdown FollowerState
2019-10-18 00:26:24,251 [Thread-233] INFO  impl.FollowerState (FollowerState.java:run(117)) - 1c196293-af28-4849-9284-4cc1dd56b0a0@group-0E05BCBC6A81-FollowerState was interrupted: java.lang.InterruptedException: sleep interrupted
2019-10-18 00:26:24,251 [grpc-default-executor-0] INFO  impl.RoleInfo (RoleInfo.java:updateAndGet(143)) - 1c196293-af28-4849-9284-4cc1dd56b0a0: start FollowerState
2019-10-18 00:26:24,263 [efdea5f7-0978-4608-8df8-907f93177c26@group-0E05BCBC6A81-LeaderElection7] INFO  impl.LeaderElection (LeaderElection.java:askForVotes(178)) - efdea5f7-0978-4608-8df8-907f93177c26@group-0E05BCBC6A81-LeaderElection7: begin an election at term 4 for -1: [efdea5f7-0978-4608-8df8-907f93177c26:192.168.164.253:40628, 27e27663-33d5-44e8-9c0f-eb0e3c2aee11:192.168.164.253:35650, 1c196293-af28-4849-9284-4cc1dd56b0a0:192.168.164.253:43223], old=null
2019-10-18 00:26:24,281 [grpc-default-executor-1] INFO  impl.RaftServerImpl (RaftServerImpl.java:setRole(184)) - 1c196293-af28-4849-9284-4cc1dd56b0a0@group-0E05BCBC6A81: changes role from  FOLLOWER to FOLLOWER at term 4 for recognizeCandidate:efdea5f7-0978-4608-8df8-907f93177c26
2019-10-18 00:26:24,281 [grpc-default-executor-1] INFO  impl.RoleInfo (RoleInfo.java:shutdownFollowerState(121)) - 1c196293-af28-4849-9284-4cc1dd56b0a0: shutdown FollowerState
2019-10-18 00:26:24,281 [Thread-238] INFO  impl.FollowerState (FollowerState.java:run(117)) - 1c196293-af28-4849-9284-4cc1dd56b0a0@group-0E05BCBC6A81-FollowerState was interrupted: java.lang.InterruptedException: sleep interrupted
2019-10-18 00:26:24,281 [grpc-default-executor-1] INFO  impl.RoleInfo (RoleInfo.java:updateAndGet(143)) - 1c196293-af28-4849-9284-4cc1dd56b0a0: start FollowerState
2019-10-18 00:26:24,282 [27e27663-33d5-44e8-9c0f-eb0e3c2aee11@group-0E05BCBC6A81-LeaderElection6] INFO  impl.LeaderElection (LeaderElection.java:logAndReturn(56)) - 27e27663-33d5-44e8-9c0f-eb0e3c2aee11@group-0E05BCBC6A81-LeaderElection6: Election REJECTED; received 2 response(s) [27e27663-33d5-44e8-9c0f-eb0e3c2aee11<-efdea5f7-0978-4608-8df8-907f93177c26#0:FAIL-t4, 27e27663-33d5-44e8-9c0f-eb0e3c2aee11<-1c196293-af28-4849-9284-4cc1dd56b0a0#0:FAIL-t4] and 0 exception(s); 27e27663-33d5-44e8-9c0f-eb0e3c2aee11@group-0E05BCBC6A81:t4, leader=null, voted=27e27663-33d5-44e8-9c0f-eb0e3c2aee11, raftlog=27e27663-33d5-44e8-9c0f-eb0e3c2aee11@group-0E05BCBC6A81-SegmentedRaftLog:OPENED:c-1,f-1,i0, conf=-1: [efdea5f7-0978-4608-8df8-907f93177c26:192.168.164.253:40628, 27e27663-33d5-44e8-9c0f-eb0e3c2aee11:192.168.164.253:35650, 1c196293-af28-4849-9284-4cc1dd56b0a0:192.168.164.253:43223], old=null
2019-10-18 00:26:24,283 [27e27663-33d5-44e8-9c0f-eb0e3c2aee11@group-0E05BCBC6A81-LeaderElection6] INFO  impl.RaftServerImpl (RaftServerImpl.java:setRole(184)) - 27e27663-33d5-44e8-9c0f-eb0e3c2aee11@group-0E05BCBC6A81: changes role from CANDIDATE to FOLLOWER at term 4 for DISCOVERED_A_NEW_TERM
2019-10-18 00:26:24,283 [27e27663-33d5-44e8-9c0f-eb0e3c2aee11@group-0E05BCBC6A81-LeaderElection6] INFO  impl.RoleInfo (RoleInfo.java:shutdownLeaderElection(134)) - 27e27663-33d5-44e8-9c0f-eb0e3c2aee11: shutdown LeaderElection
2019-10-18 00:26:24,283 [27e27663-33d5-44e8-9c0f-eb0e3c2aee11@group-0E05BCBC6A81-LeaderElection6] INFO  impl.RoleInfo (RoleInfo.java:updateAndGet(143)) - 27e27663-33d5-44e8-9c0f-eb0e3c2aee11: start FollowerState
2019-10-18 00:26:24,284 [efdea5f7-0978-4608-8df8-907f93177c26@group-0E05BCBC6A81-LeaderElection7] INFO  impl.LeaderElection (LeaderElection.java:logAndReturn(56)) - efdea5f7-0978-4608-8df8-907f93177c26@group-0E05BCBC6A81-LeaderElection7: Election REJECTED; received 2 response(s) [efdea5f7-0978-4608-8df8-907f93177c26<-27e27663-33d5-44e8-9c0f-eb0e3c2aee11#0:FAIL-t4, efdea5f7-0978-4608-8df8-907f93177c26<-1c196293-af28-4849-9284-4cc1dd56b0a0#0:FAIL-t4] and 0 exception(s); efdea5f7-0978-4608-8df8-907f93177c26@group-0E05BCBC6A81:t4, leader=null, voted=efdea5f7-0978-4608-8df8-907f93177c26, raftlog=efdea5f7-0978-4608-8df8-907f93177c26@group-0E05BCBC6A81-SegmentedRaftLog:OPENED:c-1,f-1,i0, conf=-1: [efdea5f7-0978-4608-8df8-907f93177c26:192.168.164.253:40628, 27e27663-33d5-44e8-9c0f-eb0e3c2aee11:192.168.164.253:35650, 1c196293-af28-4849-9284-4cc1dd56b0a0:192.168.164.253:43223], old=null
2019-10-18 00:26:24,285 [efdea5f7-0978-4608-8df8-907f93177c26@group-0E05BCBC6A81-LeaderElection7] INFO  impl.RaftServerImpl (RaftServerImpl.java:setRole(184)) - efdea5f7-0978-4608-8df8-907f93177c26@group-0E05BCBC6A81: changes role from CANDIDATE to FOLLOWER at term 4 for DISCOVERED_A_NEW_TERM
2019-10-18 00:26:24,288 [efdea5f7-0978-4608-8df8-907f93177c26@group-0E05BCBC6A81-LeaderElection7] INFO  impl.RoleInfo (RoleInfo.java:shutdownLeaderElection(134)) - efdea5f7-0978-4608-8df8-907f93177c26: shutdown LeaderElection
2019-10-18 00:26:24,288 [efdea5f7-0978-4608-8df8-907f93177c26@group-0E05BCBC6A81-LeaderElection7] INFO  impl.RoleInfo (RoleInfo.java:updateAndGet(143)) - efdea5f7-0978-4608-8df8-907f93177c26: start FollowerState
2019-10-18 00:26:24,389 [Thread-242] INFO  impl.FollowerState (FollowerState.java:run(108)) - 27e27663-33d5-44e8-9c0f-eb0e3c2aee11@group-0E05BCBC6A81-FollowerState: change to CANDIDATE, lastRpcTime:105ms, electionTimeout:105ms
2019-10-18 00:26:24,390 [Thread-242] INFO  impl.RoleInfo (RoleInfo.java:shutdownFollowerState(121)) - 27e27663-33d5-44e8-9c0f-eb0e3c2aee11: shutdown FollowerState
2019-10-18 00:26:24,390 [Thread-242] INFO  impl.RaftServerImpl (RaftServerImpl.java:setRole(184)) - 27e27663-33d5-44e8-9c0f-eb0e3c2aee11@group-0E05BCBC6A81: changes role from  FOLLOWER to CANDIDATE at term 4 for changeToCandidate
2019-10-18 00:26:24,390 [Thread-242] INFO  impl.RoleInfo (RoleInfo.java:updateAndGet(143)) - 27e27663-33d5-44e8-9c0f-eb0e3c2aee11: start LeaderElection
2019-10-18 00:26:24,402 [Thread-243] INFO  impl.FollowerState (FollowerState.java:run(108)) - efdea5f7-0978-4608-8df8-907f93177c26@group-0E05BCBC6A81-FollowerState: change to CANDIDATE, lastRpcTime:113ms, electionTimeout:113ms
2019-10-18 00:26:24,402 [Thread-243] INFO  impl.RoleInfo (RoleInfo.java:shutdownFollowerState(121)) - efdea5f7-0978-4608-8df8-907f93177c26: shutdown FollowerState
2019-10-18 00:26:24,402 [Thread-243] INFO  impl.RaftServerImpl (RaftServerImpl.java:setRole(184)) - efdea5f7-0978-4608-8df8-907f93177c26@group-0E05BCBC6A81: changes role from  FOLLOWER to CANDIDATE at term 4 for changeToCandidate
2019-10-18 00:26:24,402 [Thread-243] INFO  impl.RoleInfo (RoleInfo.java:updateAndGet(143)) - efdea5f7-0978-4608-8df8-907f93177c26: start LeaderElection
2019-10-18 00:26:24,414 [27e27663-33d5-44e8-9c0f-eb0e3c2aee11@group-0E05BCBC6A81-LeaderElection8] INFO  impl.LeaderElection (LeaderElection.java:askForVotes(178)) - 27e27663-33d5-44e8-9c0f-eb0e3c2aee11@group-0E05BCBC6A81-LeaderElection8: begin an election at term 5 for -1: [efdea5f7-0978-4608-8df8-907f93177c26:192.168.164.253:40628, 27e27663-33d5-44e8-9c0f-eb0e3c2aee11:192.168.164.253:35650, 1c196293-af28-4849-9284-4cc1dd56b0a0:192.168.164.253:43223], old=null
2019-10-18 00:26:24,419 [grpc-default-executor-1] INFO  impl.RaftServerImpl (RaftServerImpl.java:setRole(184)) - 1c196293-af28-4849-9284-4cc1dd56b0a0@group-0E05BCBC6A81: changes role from  FOLLOWER to FOLLOWER at term 5 for recognizeCandidate:27e27663-33d5-44e8-9c0f-eb0e3c2aee11
2019-10-18 00:26:24,419 [grpc-default-executor-1] INFO  impl.RoleInfo (RoleInfo.java:shutdownFollowerState(121)) - 1c196293-af28-4849-9284-4cc1dd56b0a0: shutdown FollowerState
2019-10-18 00:26:24,419 [grpc-default-executor-1] INFO  impl.RoleInfo (RoleInfo.java:updateAndGet(143)) - 1c196293-af28-4849-9284-4cc1dd56b0a0: start FollowerState
2019-10-18 00:26:24,419 [Thread-241] INFO  impl.FollowerState (FollowerState.java:run(117)) - 1c196293-af28-4849-9284-4cc1dd56b0a0@group-0E05BCBC6A81-FollowerState was interrupted: java.lang.InterruptedException: sleep interrupted
2019-10-18 00:26:24,439 [efdea5f7-0978-4608-8df8-907f93177c26@group-0E05BCBC6A81-LeaderElection9] INFO  impl.LeaderElection (LeaderElection.java:askForVotes(178)) - efdea5f7-0978-4608-8df8-907f93177c26@group-0E05BCBC6A81-LeaderElection9: begin an election at term 5 for -1: [efdea5f7-0978-4608-8df8-907f93177c26:192.168.164.253:40628, 27e27663-33d5-44e8-9c0f-eb0e3c2aee11:192.168.164.253:35650, 1c196293-af28-4849-9284-4cc1dd56b0a0:192.168.164.253:43223], old=null
2019-10-18 00:26:24,448 [grpc-default-executor-0] INFO  impl.RaftServerImpl (RaftServerImpl.java:setRole(184)) - 1c196293-af28-4849-9284-4cc1dd56b0a0@group-0E05BCBC6A81: changes role from  FOLLOWER to FOLLOWER at term 5 for recognizeCandidate:efdea5f7-0978-4608-8df8-907f93177c26
2019-10-18 00:26:24,448 [grpc-default-executor-0] INFO  impl.RoleInfo (RoleInfo.java:shutdownFollowerState(121)) - 1c196293-af28-4849-9284-4cc1dd56b0a0: shutdown FollowerState
2019-10-18 00:26:24,448 [Thread-249] INFO  impl.FollowerState (FollowerState.java:run(117)) - 1c196293-af28-4849-9284-4cc1dd56b0a0@group-0E05BCBC6A81-FollowerState was interrupted: java.lang.InterruptedException: sleep interrupted
2019-10-18 00:26:24,448 [grpc-default-executor-0] INFO  impl.RoleInfo (RoleInfo.java:updateAndGet(143)) - 1c196293-af28-4849-9284-4cc1dd56b0a0: start FollowerState
2019-10-18 00:26:24,450 [27e27663-33d5-44e8-9c0f-eb0e3c2aee11@group-0E05BCBC6A81-LeaderElection8] INFO  impl.LeaderElection (LeaderElection.java:logAndReturn(56)) - 27e27663-33d5-44e8-9c0f-eb0e3c2aee11@group-0E05BCBC6A81-LeaderElection8: Election REJECTED; received 2 response(s) [27e27663-33d5-44e8-9c0f-eb0e3c2aee11<-efdea5f7-0978-4608-8df8-907f93177c26#0:FAIL-t5, 27e27663-33d5-44e8-9c0f-eb0e3c2aee11<-1c196293-af28-4849-9284-4cc1dd56b0a0#0:FAIL-t5] and 0 exception(s); 27e27663-33d5-44e8-9c0f-eb0e3c2aee11@group-0E05BCBC6A81:t5, leader=null, voted=27e27663-33d5-44e8-9c0f-eb0e3c2aee11, raftlog=27e27663-33d5-44e8-9c0f-eb0e3c2aee11@group-0E05BCBC6A81-SegmentedRaftLog:OPENED:c-1,f-1,i0, conf=-1: [efdea5f7-0978-4608-8df8-907f93177c26:192.168.164.253:40628, 27e27663-33d5-44e8-9c0f-eb0e3c2aee11:192.168.164.253:35650, 1c196293-af28-4849-9284-4cc1dd56b0a0:192.168.164.253:43223], old=null
2019-10-18 00:26:24,450 [27e27663-33d5-44e8-9c0f-eb0e3c2aee11@group-0E05BCBC6A81-LeaderElection8] INFO  impl.RaftServerImpl (RaftServerImpl.java:setRole(184)) - 27e27663-33d5-44e8-9c0f-eb0e3c2aee11@group-0E05BCBC6A81: changes role from CANDIDATE to FOLLOWER at term 5 for DISCOVERED_A_NEW_TERM
2019-10-18 00:26:24,451 [27e27663-33d5-44e8-9c0f-eb0e3c2aee11@group-0E05BCBC6A81-LeaderElection8] INFO  impl.RoleInfo (RoleInfo.java:shutdownLeaderElection(134)) - 27e27663-33d5-44e8-9c0f-eb0e3c2aee11: shutdown LeaderElection
2019-10-18 00:26:24,451 [27e27663-33d5-44e8-9c0f-eb0e3c2aee11@group-0E05BCBC6A81-LeaderElection8] INFO  impl.RoleInfo (RoleInfo.java:updateAndGet(143)) - 27e27663-33d5-44e8-9c0f-eb0e3c2aee11: start FollowerState
2019-10-18 00:26:24,451 [efdea5f7-0978-4608-8df8-907f93177c26@group-0E05BCBC6A81-LeaderElection9] INFO  impl.LeaderElection (LeaderElection.java:logAndReturn(56)) - efdea5f7-0978-4608-8df8-907f93177c26@group-0E05BCBC6A81-LeaderElection9: Election REJECTED; received 2 response(s) [efdea5f7-0978-4608-8df8-907f93177c26<-27e27663-33d5-44e8-9c0f-eb0e3c2aee11#0:FAIL-t5, efdea5f7-0978-4608-8df8-907f93177c26<-1c196293-af28-4849-9284-4cc1dd56b0a0#0:FAIL-t5] and 0 exception(s); efdea5f7-0978-4608-8df8-907f93177c26@group-0E05BCBC6A81:t5, leader=null, voted=efdea5f7-0978-4608-8df8-907f93177c26, raftlog=efdea5f7-0978-4608-8df8-907f93177c26@group-0E05BCBC6A81-SegmentedRaftLog:OPENED:c-1,f-1,i0, conf=-1: [efdea5f7-0978-4608-8df8-907f93177c26:192.168.164.253:40628, 27e27663-33d5-44e8-9c0f-eb0e3c2aee11:192.168.164.253:35650, 1c196293-af28-4849-9284-4cc1dd56b0a0:192.168.164.253:43223], old=null
2019-10-18 00:26:24,453 [efdea5f7-0978-4608-8df8-907f93177c26@group-0E05BCBC6A81-LeaderElection9] INFO  impl.RaftServerImpl (RaftServerImpl.java:setRole(184)) - efdea5f7-0978-4608-8df8-907f93177c26@group-0E05BCBC6A81: changes role from CANDIDATE to FOLLOWER at term 5 for DISCOVERED_A_NEW_TERM
2019-10-18 00:26:24,453 [efdea5f7-0978-4608-8df8-907f93177c26@group-0E05BCBC6A81-LeaderElection9] INFO  impl.RoleInfo (RoleInfo.java:shutdownLeaderElection(134)) - efdea5f7-0978-4608-8df8-907f93177c26: shutdown LeaderElection
2019-10-18 00:26:24,453 [efdea5f7-0978-4608-8df8-907f93177c26@group-0E05BCBC6A81-LeaderElection9] INFO  impl.RoleInfo (RoleInfo.java:updateAndGet(143)) - efdea5f7-0978-4608-8df8-907f93177c26: start FollowerState
2019-10-18 00:26:24,667 [Thread-253] INFO  impl.FollowerState (FollowerState.java:run(108)) - 27e27663-33d5-44e8-9c0f-eb0e3c2aee11@group-0E05BCBC6A81-FollowerState: change to CANDIDATE, lastRpcTime:216ms, electionTimeout:46ms
2019-10-18 00:26:24,668 [Thread-255] INFO  impl.FollowerState (FollowerState.java:run(108)) - efdea5f7-0978-4608-8df8-907f93177c26@group-0E05BCBC6A81-FollowerState: change to CANDIDATE, lastRpcTime:209ms, electionTimeout:191ms
2019-10-18 00:26:24,669 [Thread-253] INFO  impl.RoleInfo (RoleInfo.java:shutdownFollowerState(121)) - 27e27663-33d5-44e8-9c0f-eb0e3c2aee11: shutdown FollowerState
2019-10-18 00:26:24,669 [Thread-255] INFO  impl.RoleInfo (RoleInfo.java:shutdownFollowerState(121)) - efdea5f7-0978-4608-8df8-907f93177c26: shutdown FollowerState
2019-10-18 00:26:24,671 [Thread-253] INFO  impl.RaftServerImpl (RaftServerImpl.java:setRole(184)) - 27e27663-33d5-44e8-9c0f-eb0e3c2aee11@group-0E05BCBC6A81: changes role from  FOLLOWER to CANDIDATE at term 5 for changeToCandidate
2019-10-18 00:26:24,671 [Thread-255] INFO  impl.RaftServerImpl (RaftServerImpl.java:setRole(184)) - efdea5f7-0978-4608-8df8-907f93177c26@group-0E05BCBC6A81: changes role from  FOLLOWER to CANDIDATE at term 5 for changeToCandidate
2019-10-18 00:26:24,672 [Thread-253] INFO  impl.RoleInfo (RoleInfo.java:updateAndGet(143)) - 27e27663-33d5-44e8-9c0f-eb0e3c2aee11: start LeaderElection
2019-10-18 00:26:24,672 [Thread-255] INFO  impl.RoleInfo (RoleInfo.java:updateAndGet(143)) - efdea5f7-0978-4608-8df8-907f93177c26: start LeaderElection
2019-10-18 00:26:24,679 [main] INFO  rpc.RpcClient (RpcClient.java:createVolume(272)) - Creating Volume: testcontainerstatemachinefailures, with jenkins1000 as owner.
2019-10-18 00:26:24,707 [27e27663-33d5-44e8-9c0f-eb0e3c2aee11@group-0E05BCBC6A81-LeaderElection10] INFO  impl.LeaderElection (LeaderElection.java:askForVotes(178)) - 27e27663-33d5-44e8-9c0f-eb0e3c2aee11@group-0E05BCBC6A81-LeaderElection10: begin an election at term 6 for -1: [efdea5f7-0978-4608-8df8-907f93177c26:192.168.164.253:40628, 27e27663-33d5-44e8-9c0f-eb0e3c2aee11:192.168.164.253:35650, 1c196293-af28-4849-9284-4cc1dd56b0a0:192.168.164.253:43223], old=null
2019-10-18 00:26:24,707 [efdea5f7-0978-4608-8df8-907f93177c26@group-0E05BCBC6A81-LeaderElection11] INFO  impl.LeaderElection (LeaderElection.java:askForVotes(178)) - efdea5f7-0978-4608-8df8-907f93177c26@group-0E05BCBC6A81-LeaderElection11: begin an election at term 6 for -1: [efdea5f7-0978-4608-8df8-907f93177c26:192.168.164.253:40628, 27e27663-33d5-44e8-9c0f-eb0e3c2aee11:192.168.164.253:35650, 1c196293-af28-4849-9284-4cc1dd56b0a0:192.168.164.253:43223], old=null
2019-10-18 00:26:24,713 [grpc-default-executor-0] INFO  impl.RaftServerImpl (RaftServerImpl.java:setRole(184)) - 1c196293-af28-4849-9284-4cc1dd56b0a0@group-0E05BCBC6A81: changes role from  FOLLOWER to FOLLOWER at term 6 for recognizeCandidate:27e27663-33d5-44e8-9c0f-eb0e3c2aee11
2019-10-18 00:26:24,713 [grpc-default-executor-0] INFO  impl.RoleInfo (RoleInfo.java:shutdownFollowerState(121)) - 1c196293-af28-4849-9284-4cc1dd56b0a0: shutdown FollowerState
2019-10-18 00:26:24,714 [Thread-252] INFO  impl.FollowerState (FollowerState.java:run(117)) - 1c196293-af28-4849-9284-4cc1dd56b0a0@group-0E05BCBC6A81-FollowerState was interrupted: java.lang.InterruptedException: sleep interrupted
2019-10-18 00:26:24,714 [grpc-default-executor-0] INFO  impl.RoleInfo (RoleInfo.java:updateAndGet(143)) - 1c196293-af28-4849-9284-4cc1dd56b0a0: start FollowerState
2019-10-18 00:26:24,742 [grpc-default-executor-1] INFO  impl.RaftServerImpl (RaftServerImpl.java:setRole(184)) - 1c196293-af28-4849-9284-4cc1dd56b0a0@group-0E05BCBC6A81: changes role from  FOLLOWER to FOLLOWER at term 6 for recognizeCandidate:efdea5f7-0978-4608-8df8-907f93177c26
2019-10-18 00:26:24,742 [grpc-default-executor-1] INFO  impl.RoleInfo (RoleInfo.java:shutdownFollowerState(121)) - 1c196293-af28-4849-9284-4cc1dd56b0a0: shutdown FollowerState
2019-10-18 00:26:24,742 [Thread-262] INFO  impl.FollowerState (FollowerState.java:run(117)) - 1c196293-af28-4849-9284-4cc1dd56b0a0@group-0E05BCBC6A81-FollowerState was interrupted: java.lang.InterruptedException: sleep interrupted
2019-10-18 00:26:24,742 [grpc-default-executor-1] INFO  impl.RoleInfo (RoleInfo.java:updateAndGet(143)) - 1c196293-af28-4849-9284-4cc1dd56b0a0: start FollowerState
2019-10-18 00:26:24,745 [27e27663-33d5-44e8-9c0f-eb0e3c2aee11@group-0E05BCBC6A81-LeaderElection10] INFO  impl.LeaderElection (LeaderElection.java:logAndReturn(56)) - 27e27663-33d5-44e8-9c0f-eb0e3c2aee11@group-0E05BCBC6A81-LeaderElection10: Election REJECTED; received 2 response(s) [27e27663-33d5-44e8-9c0f-eb0e3c2aee11<-efdea5f7-0978-4608-8df8-907f93177c26#0:FAIL-t6, 27e27663-33d5-44e8-9c0f-eb0e3c2aee11<-1c196293-af28-4849-9284-4cc1dd56b0a0#0:FAIL-t6] and 0 exception(s); 27e27663-33d5-44e8-9c0f-eb0e3c2aee11@group-0E05BCBC6A81:t6, leader=null, voted=27e27663-33d5-44e8-9c0f-eb0e3c2aee11, raftlog=27e27663-33d5-44e8-9c0f-eb0e3c2aee11@group-0E05BCBC6A81-SegmentedRaftLog:OPENED:c-1,f-1,i0, conf=-1: [efdea5f7-0978-4608-8df8-907f93177c26:192.168.164.253:40628, 27e27663-33d5-44e8-9c0f-eb0e3c2aee11:192.168.164.253:35650, 1c196293-af28-4849-9284-4cc1dd56b0a0:192.168.164.253:43223], old=null
2019-10-18 00:26:24,745 [27e27663-33d5-44e8-9c0f-eb0e3c2aee11@group-0E05BCBC6A81-LeaderElection10] INFO  impl.RaftServerImpl (RaftServerImpl.java:setRole(184)) - 27e27663-33d5-44e8-9c0f-eb0e3c2aee11@group-0E05BCBC6A81: changes role from CANDIDATE to FOLLOWER at term 6 for DISCOVERED_A_NEW_TERM
2019-10-18 00:26:24,746 [27e27663-33d5-44e8-9c0f-eb0e3c2aee11@group-0E05BCBC6A81-LeaderElection10] INFO  impl.RoleInfo (RoleInfo.java:shutdownLeaderElection(134)) - 27e27663-33d5-44e8-9c0f-eb0e3c2aee11: shutdown LeaderElection
2019-10-18 00:26:24,746 [27e27663-33d5-44e8-9c0f-eb0e3c2aee11@group-0E05BCBC6A81-LeaderElection10] INFO  impl.RoleInfo (RoleInfo.java:updateAndGet(143)) - 27e27663-33d5-44e8-9c0f-eb0e3c2aee11: start FollowerState
2019-10-18 00:26:24,747 [efdea5f7-0978-4608-8df8-907f93177c26@group-0E05BCBC6A81-LeaderElection11] INFO  impl.LeaderElection (LeaderElection.java:logAndReturn(56)) - efdea5f7-0978-4608-8df8-907f93177c26@group-0E05BCBC6A81-LeaderElection11: Election REJECTED; received 2 response(s) [efdea5f7-0978-4608-8df8-907f93177c26<-27e27663-33d5-44e8-9c0f-eb0e3c2aee11#0:FAIL-t6, efdea5f7-0978-4608-8df8-907f93177c26<-1c196293-af28-4849-9284-4cc1dd56b0a0#0:FAIL-t6] and 0 exception(s); efdea5f7-0978-4608-8df8-907f93177c26@group-0E05BCBC6A81:t6, leader=null, voted=efdea5f7-0978-4608-8df8-907f93177c26, raftlog=efdea5f7-0978-4608-8df8-907f93177c26@group-0E05BCBC6A81-SegmentedRaftLog:OPENED:c-1,f-1,i0, conf=-1: [efdea5f7-0978-4608-8df8-907f93177c26:192.168.164.253:40628, 27e27663-33d5-44e8-9c0f-eb0e3c2aee11:192.168.164.253:35650, 1c196293-af28-4849-9284-4cc1dd56b0a0:192.168.164.253:43223], old=null
2019-10-18 00:26:24,748 [efdea5f7-0978-4608-8df8-907f93177c26@group-0E05BCBC6A81-LeaderElection11] INFO  impl.RaftServerImpl (RaftServerImpl.java:setRole(184)) - efdea5f7-0978-4608-8df8-907f93177c26@group-0E05BCBC6A81: changes role from CANDIDATE to FOLLOWER at term 6 for DISCOVERED_A_NEW_TERM
2019-10-18 00:26:24,750 [efdea5f7-0978-4608-8df8-907f93177c26@group-0E05BCBC6A81-LeaderElection11] INFO  impl.RoleInfo (RoleInfo.java:shutdownLeaderElection(134)) - efdea5f7-0978-4608-8df8-907f93177c26: shutdown LeaderElection
2019-10-18 00:26:24,750 [efdea5f7-0978-4608-8df8-907f93177c26@group-0E05BCBC6A81-LeaderElection11] INFO  impl.RoleInfo (RoleInfo.java:updateAndGet(143)) - efdea5f7-0978-4608-8df8-907f93177c26: start FollowerState
2019-10-18 00:26:24,761 [Thread-265] INFO  impl.FollowerState (FollowerState.java:run(108)) - efdea5f7-0978-4608-8df8-907f93177c26@group-0E05BCBC6A81-FollowerState: change to CANDIDATE, lastRpcTime:10ms, electionTimeout:10ms
2019-10-18 00:26:24,762 [Thread-265] INFO  impl.RoleInfo (RoleInfo.java:shutdownFollowerState(121)) - efdea5f7-0978-4608-8df8-907f93177c26: shutdown FollowerState
2019-10-18 00:26:24,762 [Thread-265] INFO  impl.RaftServerImpl (RaftServerImpl.java:setRole(184)) - efdea5f7-0978-4608-8df8-907f93177c26@group-0E05BCBC6A81: changes role from  FOLLOWER to CANDIDATE at term 6 for changeToCandidate
2019-10-18 00:26:24,762 [Thread-265] INFO  impl.RoleInfo (RoleInfo.java:updateAndGet(143)) - efdea5f7-0978-4608-8df8-907f93177c26: start LeaderElection
2019-10-18 00:26:24,787 [IPC Server handler 7 on 36558] INFO  volume.OMVolumeCreateRequest (OMVolumeCreateRequest.java:validateAndUpdateCache(193)) - created volume:testcontainerstatemachinefailures for user:jenkins1000
2019-10-18 00:26:24,792 [efdea5f7-0978-4608-8df8-907f93177c26@group-0E05BCBC6A81-LeaderElection12] INFO  impl.LeaderElection (LeaderElection.java:askForVotes(178)) - efdea5f7-0978-4608-8df8-907f93177c26@group-0E05BCBC6A81-LeaderElection12: begin an election at term 7 for -1: [efdea5f7-0978-4608-8df8-907f93177c26:192.168.164.253:40628, 27e27663-33d5-44e8-9c0f-eb0e3c2aee11:192.168.164.253:35650, 1c196293-af28-4849-9284-4cc1dd56b0a0:192.168.164.253:43223], old=null
2019-10-18 00:26:24,801 [grpc-default-executor-1] INFO  impl.RaftServerImpl (RaftServerImpl.java:setRole(184)) - 27e27663-33d5-44e8-9c0f-eb0e3c2aee11@group-0E05BCBC6A81: changes role from  FOLLOWER to FOLLOWER at term 7 for recognizeCandidate:efdea5f7-0978-4608-8df8-907f93177c26
2019-10-18 00:26:24,801 [grpc-default-executor-1] INFO  impl.RoleInfo (RoleInfo.java:shutdownFollowerState(121)) - 27e27663-33d5-44e8-9c0f-eb0e3c2aee11: shutdown FollowerState
2019-10-18 00:26:24,801 [Thread-264] INFO  impl.FollowerState (FollowerState.java:run(117)) - 27e27663-33d5-44e8-9c0f-eb0e3c2aee11@group-0E05BCBC6A81-FollowerState was interrupted: java.lang.InterruptedException: sleep interrupted
2019-10-18 00:26:24,801 [grpc-default-executor-0] INFO  impl.RaftServerImpl (RaftServerImpl.java:setRole(184)) - 1c196293-af28-4849-9284-4cc1dd56b0a0@group-0E05BCBC6A81: changes role from  FOLLOWER to FOLLOWER at term 7 for recognizeCandidate:efdea5f7-0978-4608-8df8-907f93177c26
2019-10-18 00:26:24,801 [grpc-default-executor-1] INFO  impl.RoleInfo (RoleInfo.java:updateAndGet(143)) - 27e27663-33d5-44e8-9c0f-eb0e3c2aee11: start FollowerState
2019-10-18 00:26:24,803 [grpc-default-executor-0] INFO  impl.RoleInfo (RoleInfo.java:shutdownFollowerState(121)) - 1c196293-af28-4849-9284-4cc1dd56b0a0: shutdown FollowerState
2019-10-18 00:26:24,803 [Thread-263] INFO  impl.FollowerState (FollowerState.java:run(117)) - 1c196293-af28-4849-9284-4cc1dd56b0a0@group-0E05BCBC6A81-FollowerState was interrupted: java.lang.InterruptedException: sleep interrupted
2019-10-18 00:26:24,803 [grpc-default-executor-0] INFO  impl.RoleInfo (RoleInfo.java:updateAndGet(143)) - 1c196293-af28-4849-9284-4cc1dd56b0a0: start FollowerState
2019-10-18 00:26:24,810 [main] INFO  rpc.RpcClient (RpcClient.java:createBucket(411)) - Creating Bucket: testcontainerstatemachinefailures/testcontainerstatemachinefailures, with Versioning false and Storage Type set to DISK and Encryption set to false 
2019-10-18 00:26:24,829 [efdea5f7-0978-4608-8df8-907f93177c26@group-0E05BCBC6A81-LeaderElection12] INFO  impl.LeaderElection (LeaderElection.java:logAndReturn(56)) - efdea5f7-0978-4608-8df8-907f93177c26@group-0E05BCBC6A81-LeaderElection12: Election PASSED; received 2 response(s) [efdea5f7-0978-4608-8df8-907f93177c26<-27e27663-33d5-44e8-9c0f-eb0e3c2aee11#0:OK-t7, efdea5f7-0978-4608-8df8-907f93177c26<-1c196293-af28-4849-9284-4cc1dd56b0a0#0:FAIL-t7] and 0 exception(s); efdea5f7-0978-4608-8df8-907f93177c26@group-0E05BCBC6A81:t7, leader=null, voted=efdea5f7-0978-4608-8df8-907f93177c26, raftlog=efdea5f7-0978-4608-8df8-907f93177c26@group-0E05BCBC6A81-SegmentedRaftLog:OPENED:c-1,f-1,i0, conf=-1: [efdea5f7-0978-4608-8df8-907f93177c26:192.168.164.253:40628, 27e27663-33d5-44e8-9c0f-eb0e3c2aee11:192.168.164.253:35650, 1c196293-af28-4849-9284-4cc1dd56b0a0:192.168.164.253:43223], old=null
2019-10-18 00:26:24,830 [efdea5f7-0978-4608-8df8-907f93177c26@group-0E05BCBC6A81-LeaderElection12] INFO  impl.RoleInfo (RoleInfo.java:shutdownLeaderElection(134)) - efdea5f7-0978-4608-8df8-907f93177c26: shutdown LeaderElection
2019-10-18 00:26:24,830 [efdea5f7-0978-4608-8df8-907f93177c26@group-0E05BCBC6A81-LeaderElection12] INFO  impl.RaftServerImpl (RaftServerImpl.java:setRole(184)) - efdea5f7-0978-4608-8df8-907f93177c26@group-0E05BCBC6A81: changes role from CANDIDATE to LEADER at term 7 for changeToLeader
2019-10-18 00:26:24,830 [efdea5f7-0978-4608-8df8-907f93177c26@group-0E05BCBC6A81-LeaderElection12] INFO  impl.RaftServerImpl (ServerState.java:setLeader(256)) - efdea5f7-0978-4608-8df8-907f93177c26@group-0E05BCBC6A81: change Leader from null to efdea5f7-0978-4608-8df8-907f93177c26 at term 7 for becomeLeader, leader elected after 960ms
2019-10-18 00:26:24,831 [efdea5f7-0978-4608-8df8-907f93177c26@group-0E05BCBC6A81-LeaderElection12] INFO  server.RaftServerConfigKeys (ConfUtils.java:logGet(43)) - raft.server.staging.catchup.gap = 1000 (default)
2019-10-18 00:26:24,831 [efdea5f7-0978-4608-8df8-907f93177c26@group-0E05BCBC6A81-LeaderElection12] INFO  server.RaftServerConfigKeys (ConfUtils.java:logGet(43)) - raft.server.rpc.sleep.time = 25ms (default)
2019-10-18 00:26:24,831 [efdea5f7-0978-4608-8df8-907f93177c26@group-0E05BCBC6A81-LeaderElection12] INFO  server.RaftServerConfigKeys (ConfUtils.java:logGet(43)) - raft.server.write.element-limit = 4096 (default)
2019-10-18 00:26:24,831 [efdea5f7-0978-4608-8df8-907f93177c26@group-0E05BCBC6A81-LeaderElection12] INFO  server.RaftServerConfigKeys (ConfUtils.java:logGet(43)) - raft.server.watch.timeout = 10s (default)
2019-10-18 00:26:24,831 [efdea5f7-0978-4608-8df8-907f93177c26@group-0E05BCBC6A81-LeaderElection12] INFO  server.RaftServerConfigKeys (ConfUtils.java:logGet(43)) - raft.server.watch.timeout.denomination = 1s (default)
2019-10-18 00:26:24,831 [efdea5f7-0978-4608-8df8-907f93177c26@group-0E05BCBC6A81-LeaderElection12] INFO  server.RaftServerConfigKeys (ConfUtils.java:logGet(43)) - raft.server.watch.element-limit = 65536 (default)
2019-10-18 00:26:24,834 [efdea5f7-0978-4608-8df8-907f93177c26@group-0E05BCBC6A81-LeaderElection12] INFO  server.RaftServerConfigKeys (ConfUtils.java:logGet(43)) - raft.server.log.appender.snapshot.chunk.size.max = 16MB (=16777216) (default)
2019-10-18 00:26:24,834 [efdea5f7-0978-4608-8df8-907f93177c26@group-0E05BCBC6A81-LeaderElection12] INFO  server.RaftServerConfigKeys (ConfUtils.java:logGet(43)) - raft.server.log.appender.buffer.byte-limit = 33554432 (custom)
2019-10-18 00:26:24,834 [efdea5f7-0978-4608-8df8-907f93177c26@group-0E05BCBC6A81-LeaderElection12] INFO  server.RaftServerConfigKeys (ConfUtils.java:logGet(43)) - raft.server.log.appender.buffer.element-limit = 1 (custom)
2019-10-18 00:26:24,835 [efdea5f7-0978-4608-8df8-907f93177c26@group-0E05BCBC6A81-LeaderElection12] INFO  grpc.GrpcConfigKeys$Server (ConfUtils.java:logGet(43)) - raft.grpc.server.leader.outstanding.appends.max = 128 (default)
2019-10-18 00:26:24,835 [efdea5f7-0978-4608-8df8-907f93177c26@group-0E05BCBC6A81-LeaderElection12] INFO  server.RaftServerConfigKeys (ConfUtils.java:logGet(43)) - raft.server.rpc.request.timeout = 3000ms (default)
2019-10-18 00:26:24,835 [efdea5f7-0978-4608-8df8-907f93177c26@group-0E05BCBC6A81-LeaderElection12] INFO  server.RaftServerConfigKeys (ConfUtils.java:logGet(43)) - raft.server.log.appender.install.snapshot.enabled = false (custom)
2019-10-18 00:26:24,837 [efdea5f7-0978-4608-8df8-907f93177c26@group-0E05BCBC6A81-LeaderElection12] INFO  server.RaftServerConfigKeys (ConfUtils.java:logGet(43)) - raft.server.log.appender.snapshot.chunk.size.max = 16MB (=16777216) (default)
2019-10-18 00:26:24,837 [efdea5f7-0978-4608-8df8-907f93177c26@group-0E05BCBC6A81-LeaderElection12] INFO  server.RaftServerConfigKeys (ConfUtils.java:logGet(43)) - raft.server.log.appender.buffer.byte-limit = 33554432 (custom)
2019-10-18 00:26:24,837 [efdea5f7-0978-4608-8df8-907f93177c26@group-0E05BCBC6A81-LeaderElection12] INFO  server.RaftServerConfigKeys (ConfUtils.java:logGet(43)) - raft.server.log.appender.buffer.element-limit = 1 (custom)
2019-10-18 00:26:24,838 [efdea5f7-0978-4608-8df8-907f93177c26@group-0E05BCBC6A81-LeaderElection12] INFO  grpc.GrpcConfigKeys$Server (ConfUtils.java:logGet(43)) - raft.grpc.server.leader.outstanding.appends.max = 128 (default)
2019-10-18 00:26:24,838 [efdea5f7-0978-4608-8df8-907f93177c26@group-0E05BCBC6A81-LeaderElection12] INFO  server.RaftServerConfigKeys (ConfUtils.java:logGet(43)) - raft.server.rpc.request.timeout = 3000ms (default)
2019-10-18 00:26:24,838 [efdea5f7-0978-4608-8df8-907f93177c26@group-0E05BCBC6A81-LeaderElection12] INFO  server.RaftServerConfigKeys (ConfUtils.java:logGet(43)) - raft.server.log.appender.install.snapshot.enabled = false (custom)
2019-10-18 00:26:24,840 [efdea5f7-0978-4608-8df8-907f93177c26@group-0E05BCBC6A81-LeaderElection12] INFO  impl.RoleInfo (RoleInfo.java:updateAndGet(143)) - efdea5f7-0978-4608-8df8-907f93177c26: start LeaderState
2019-10-18 00:26:24,840 [efdea5f7-0978-4608-8df8-907f93177c26@group-0E05BCBC6A81-LeaderElection12] INFO  segmented.SegmentedRaftLogWorker (SegmentedRaftLogWorker.java:startLogSegment(385)) - efdea5f7-0978-4608-8df8-907f93177c26@group-0E05BCBC6A81-SegmentedRaftLogWorker: Starting segment from index:0
2019-10-18 00:26:24,841 [efdea5f7-0978-4608-8df8-907f93177c26@group-0E05BCBC6A81-LeaderElection12] INFO  impl.RaftServerImpl (ServerState.java:setRaftConf(357)) - efdea5f7-0978-4608-8df8-907f93177c26@group-0E05BCBC6A81: set configuration 0: [efdea5f7-0978-4608-8df8-907f93177c26:192.168.164.253:40628, 27e27663-33d5-44e8-9c0f-eb0e3c2aee11:192.168.164.253:35650, 1c196293-af28-4849-9284-4cc1dd56b0a0:192.168.164.253:43223], old=null at 0
2019-10-18 00:26:24,889 [grpc-default-executor-1] INFO  impl.RaftServerImpl (ServerState.java:setLeader(256)) - 27e27663-33d5-44e8-9c0f-eb0e3c2aee11@group-0E05BCBC6A81: change Leader from null to efdea5f7-0978-4608-8df8-907f93177c26 at term 7 for appendEntries, leader elected after 1019ms
2019-10-18 00:26:24,890 [grpc-default-executor-0] INFO  impl.RaftServerImpl (ServerState.java:setLeader(256)) - 1c196293-af28-4849-9284-4cc1dd56b0a0@group-0E05BCBC6A81: change Leader from null to efdea5f7-0978-4608-8df8-907f93177c26 at term 7 for appendEntries, leader elected after 729ms
2019-10-18 00:26:24,902 [efdea5f7-0978-4608-8df8-907f93177c26@group-0E05BCBC6A81-SegmentedRaftLogWorker] INFO  segmented.SegmentedRaftLogWorker (SegmentedRaftLogWorker.java:execute(576)) - efdea5f7-0978-4608-8df8-907f93177c26@group-0E05BCBC6A81-SegmentedRaftLogWorker: created new log segment /workdir/hadoop-ozone/integration-test/target/test-dir/MiniOzoneClusterImpl-125cb84d-b14c-45f7-a2c3-14b819b44f73/datanode-0/data/ratis/75404b60-6d3b-4b77-b495-0e05bcbc6a81/current/log_inprogress_0
2019-10-18 00:26:24,921 [grpc-default-executor-1] INFO  impl.RaftServerImpl (ServerState.java:setRaftConf(357)) - 27e27663-33d5-44e8-9c0f-eb0e3c2aee11@group-0E05BCBC6A81: set configuration 0: [efdea5f7-0978-4608-8df8-907f93177c26:192.168.164.253:40628, 27e27663-33d5-44e8-9c0f-eb0e3c2aee11:192.168.164.253:35650, 1c196293-af28-4849-9284-4cc1dd56b0a0:192.168.164.253:43223], old=null at 0
2019-10-18 00:26:24,921 [grpc-default-executor-0] INFO  impl.RaftServerImpl (ServerState.java:setRaftConf(357)) - 1c196293-af28-4849-9284-4cc1dd56b0a0@group-0E05BCBC6A81: set configuration 0: [efdea5f7-0978-4608-8df8-907f93177c26:192.168.164.253:40628, 27e27663-33d5-44e8-9c0f-eb0e3c2aee11:192.168.164.253:35650, 1c196293-af28-4849-9284-4cc1dd56b0a0:192.168.164.253:43223], old=null at 0
2019-10-18 00:26:24,921 [grpc-default-executor-1] INFO  segmented.SegmentedRaftLogWorker (SegmentedRaftLogWorker.java:startLogSegment(385)) - 27e27663-33d5-44e8-9c0f-eb0e3c2aee11@group-0E05BCBC6A81-SegmentedRaftLogWorker: Starting segment from index:0
2019-10-18 00:26:24,954 [grpc-default-executor-0] INFO  segmented.SegmentedRaftLogWorker (SegmentedRaftLogWorker.java:truncate(401)) - 1c196293-af28-4849-9284-4cc1dd56b0a0@group-0E05BCBC6A81-SegmentedRaftLogWorker: Truncating segments toTruncate: null
  toDelete: [(0, 0) isOpen? true, length=0, newEndIndex=-1], start index 0
2019-10-18 00:26:24,955 [grpc-default-executor-0] INFO  segmented.SegmentedRaftLogWorker (SegmentedRaftLogWorker.java:startLogSegment(385)) - 1c196293-af28-4849-9284-4cc1dd56b0a0@group-0E05BCBC6A81-SegmentedRaftLogWorker: Starting segment from index:0
2019-10-18 00:26:24,956 [1c196293-af28-4849-9284-4cc1dd56b0a0@group-0E05BCBC6A81-SegmentedRaftLogWorker] INFO  segmented.SegmentedRaftLogWorker (SegmentedRaftLogWorker.java:execute(640)) - 1c196293-af28-4849-9284-4cc1dd56b0a0@group-0E05BCBC6A81-SegmentedRaftLogWorker: Deleted log file /workdir/hadoop-ozone/integration-test/target/test-dir/MiniOzoneClusterImpl-125cb84d-b14c-45f7-a2c3-14b819b44f73/datanode-1/data/ratis/75404b60-6d3b-4b77-b495-0e05bcbc6a81/current/log_inprogress_0
2019-10-18 00:26:24,956 [1c196293-af28-4849-9284-4cc1dd56b0a0@group-0E05BCBC6A81-SegmentedRaftLogWorker] INFO  segmented.SegmentedRaftLogWorker (SegmentedRaftLogWorker.java:lambda$new$0(128)) - 1c196293-af28-4849-9284-4cc1dd56b0a0@group-0E05BCBC6A81-SegmentedRaftLogWorker: flushIndex: setUnconditionally 0 -> -1
2019-10-18 00:26:24,976 [27e27663-33d5-44e8-9c0f-eb0e3c2aee11@group-0E05BCBC6A81-SegmentedRaftLogWorker] INFO  segmented.SegmentedRaftLogWorker (SegmentedRaftLogWorker.java:execute(576)) - 27e27663-33d5-44e8-9c0f-eb0e3c2aee11@group-0E05BCBC6A81-SegmentedRaftLogWorker: created new log segment /workdir/hadoop-ozone/integration-test/target/test-dir/MiniOzoneClusterImpl-125cb84d-b14c-45f7-a2c3-14b819b44f73/datanode-2/data/ratis/75404b60-6d3b-4b77-b495-0e05bcbc6a81/current/log_inprogress_0
2019-10-18 00:26:25,001 [1c196293-af28-4849-9284-4cc1dd56b0a0@group-0E05BCBC6A81-SegmentedRaftLogWorker] INFO  segmented.SegmentedRaftLogWorker (SegmentedRaftLogWorker.java:execute(576)) - 1c196293-af28-4849-9284-4cc1dd56b0a0@group-0E05BCBC6A81-SegmentedRaftLogWorker: created new log segment /workdir/hadoop-ozone/integration-test/target/test-dir/MiniOzoneClusterImpl-125cb84d-b14c-45f7-a2c3-14b819b44f73/datanode-1/data/ratis/75404b60-6d3b-4b77-b495-0e05bcbc6a81/current/log_inprogress_0
2019-10-18 00:26:25,057 [main] INFO  impl.MetricsSystemImpl (MetricsSystemImpl.java:init(158)) - XceiverClientMetrics metrics system started (again)
2019-10-18 00:26:25,603 [Datanode State Machine Thread - 0] INFO  statemachine.DatanodeStateMachine (DatanodeStateMachine.java:lambda$startDaemon$0(350)) - Ozone container server started.
2019-10-18 00:26:25,690 [Thread-181] INFO  container.ReplicationManager (ReplicationManager.java:start(162)) - Starting Replication Monitor Thread.
2019-10-18 00:26:25,693 [ReplicationMonitor] INFO  container.ReplicationManager (ReplicationManager.java:run(225)) - Replication Monitor Thread took 2 milliseconds for processing 1 containers.
2019-10-18 00:26:30,597 [main] INFO  ozoneimpl.OzoneContainer (OzoneContainer.java:stop(227)) - Attempting to stop container services.
2019-10-18 00:26:30,598 [main] INFO  impl.RaftServerProxy (RaftServerProxy.java:lambda$close$4(314)) - 27e27663-33d5-44e8-9c0f-eb0e3c2aee11: close
2019-10-18 00:26:30,599 [main] INFO  impl.RaftServerImpl (RaftServerImpl.java:lambda$shutdown$3(261)) - 27e27663-33d5-44e8-9c0f-eb0e3c2aee11@group-0E05BCBC6A81: shutdown
2019-10-18 00:26:30,600 [ForkJoinPool.commonPool-worker-0] INFO  impl.RaftServerImpl (RaftServerImpl.java:lambda$shutdown$3(261)) - 27e27663-33d5-44e8-9c0f-eb0e3c2aee11@group-08322AB1D71F: shutdown
2019-10-18 00:26:30,600 [main] INFO  util.JmxRegister (JmxRegister.java:unregister(73)) - Successfully un-registered JMX Bean with object name Ratis:service=RaftServer,group=group-0E05BCBC6A81,id=27e27663-33d5-44e8-9c0f-eb0e3c2aee11
2019-10-18 00:26:30,600 [ForkJoinPool.commonPool-worker-0] INFO  util.JmxRegister (JmxRegister.java:unregister(73)) - Successfully un-registered JMX Bean with object name Ratis:service=RaftServer,group=group-08322AB1D71F,id=27e27663-33d5-44e8-9c0f-eb0e3c2aee11
2019-10-18 00:26:30,600 [main] INFO  impl.RoleInfo (RoleInfo.java:shutdownFollowerState(121)) - 27e27663-33d5-44e8-9c0f-eb0e3c2aee11: shutdown FollowerState
2019-10-18 00:26:30,600 [ForkJoinPool.commonPool-worker-0] INFO  impl.RoleInfo (RoleInfo.java:shutdownLeaderState(104)) - 27e27663-33d5-44e8-9c0f-eb0e3c2aee11: shutdown LeaderState
2019-10-18 00:26:30,601 [Thread-269] INFO  impl.FollowerState (FollowerState.java:run(117)) - 27e27663-33d5-44e8-9c0f-eb0e3c2aee11@group-0E05BCBC6A81-FollowerState was interrupted: java.lang.InterruptedException: sleep interrupted
2019-10-18 00:26:30,601 [ForkJoinPool.commonPool-worker-0] INFO  impl.PendingRequests (PendingRequests.java:sendNotLeaderResponses(202)) - 27e27663-33d5-44e8-9c0f-eb0e3c2aee11@group-08322AB1D71F-PendingRequests: sendNotLeaderResponses
2019-10-18 00:26:30,601 [main] INFO  impl.StateMachineUpdater (StateMachineUpdater.java:stopAndJoin(136)) - 27e27663-33d5-44e8-9c0f-eb0e3c2aee11@group-0E05BCBC6A81-StateMachineUpdater: set stopIndex = 4
2019-10-18 00:26:30,603 [ForkJoinPool.commonPool-worker-0] INFO  impl.StateMachineUpdater (StateMachineUpdater.java:stopAndJoin(136)) - 27e27663-33d5-44e8-9c0f-eb0e3c2aee11@group-08322AB1D71F-StateMachineUpdater: set stopIndex = 0
2019-10-18 00:26:30,601 [27e27663-33d5-44e8-9c0f-eb0e3c2aee11@group-0E05BCBC6A81-StateMachineUpdater] INFO  ratis.ContainerStateMachine (ContainerStateMachine.java:takeSnapshot(294)) - group-0E05BCBC6A81: Taking a snapshot at:(t:7, i:3) file /workdir/hadoop-ozone/integration-test/target/test-dir/MiniOzoneClusterImpl-125cb84d-b14c-45f7-a2c3-14b819b44f73/datanode-2/data/ratis/75404b60-6d3b-4b77-b495-0e05bcbc6a81/sm/snapshot.7_3
2019-10-18 00:26:30,604 [ForkJoinPool.commonPool-worker-0] INFO  impl.RaftServerImpl (ServerState.java:close(388)) - 27e27663-33d5-44e8-9c0f-eb0e3c2aee11@group-08322AB1D71F: closes. applyIndex: 0
2019-10-18 00:26:30,606 [27e27663-33d5-44e8-9c0f-eb0e3c2aee11@group-08322AB1D71F-SegmentedRaftLogWorker] INFO  segmented.SegmentedRaftLogWorker (SegmentedRaftLogWorker.java:run(316)) - 27e27663-33d5-44e8-9c0f-eb0e3c2aee11@group-08322AB1D71F-SegmentedRaftLogWorker was interrupted, exiting. There are 0 tasks remaining in the queue.
2019-10-18 00:26:30,607 [ForkJoinPool.commonPool-worker-0] INFO  segmented.SegmentedRaftLogWorker (SegmentedRaftLogWorker.java:close(224)) - 27e27663-33d5-44e8-9c0f-eb0e3c2aee11@group-08322AB1D71F-SegmentedRaftLogWorker close()
2019-10-18 00:26:30,721 [27e27663-33d5-44e8-9c0f-eb0e3c2aee11@group-0E05BCBC6A81-StateMachineUpdater] INFO  ratis.ContainerStateMachine (ContainerStateMachine.java:takeSnapshot(305)) - group-0E05BCBC6A81: Finished taking a snapshot at:(t:7, i:3) file:/workdir/hadoop-ozone/integration-test/target/test-dir/MiniOzoneClusterImpl-125cb84d-b14c-45f7-a2c3-14b819b44f73/datanode-2/data/ratis/75404b60-6d3b-4b77-b495-0e05bcbc6a81/sm/snapshot.7_3 time:120
2019-10-18 00:26:30,722 [27e27663-33d5-44e8-9c0f-eb0e3c2aee11@group-0E05BCBC6A81-StateMachineUpdater] INFO  impl.StateMachineUpdater (StateMachineUpdater.java:takeSnapshot(269)) - 27e27663-33d5-44e8-9c0f-eb0e3c2aee11@group-0E05BCBC6A81-StateMachineUpdater: Took a snapshot at index 3
2019-10-18 00:26:30,722 [27e27663-33d5-44e8-9c0f-eb0e3c2aee11@group-0E05BCBC6A81-StateMachineUpdater] INFO  impl.StateMachineUpdater (StateMachineUpdater.java:lambda$new$0(84)) - 27e27663-33d5-44e8-9c0f-eb0e3c2aee11@group-0E05BCBC6A81-StateMachineUpdater: snapshotIndex: updateIncreasingly -1 -> 3
2019-10-18 00:26:30,727 [27e27663-33d5-44e8-9c0f-eb0e3c2aee11@group-0E05BCBC6A81-StateMachineUpdater] INFO  ratis.ContainerStateMachine (ContainerStateMachine.java:takeSnapshot(294)) - group-0E05BCBC6A81: Taking a snapshot at:(t:7, i:3) file /workdir/hadoop-ozone/integration-test/target/test-dir/MiniOzoneClusterImpl-125cb84d-b14c-45f7-a2c3-14b819b44f73/datanode-2/data/ratis/75404b60-6d3b-4b77-b495-0e05bcbc6a81/sm/snapshot.7_3
2019-10-18 00:26:30,748 [27e27663-33d5-44e8-9c0f-eb0e3c2aee11@group-0E05BCBC6A81-StateMachineUpdater] INFO  ratis.ContainerStateMachine (ContainerStateMachine.java:takeSnapshot(305)) - group-0E05BCBC6A81: Finished taking a snapshot at:(t:7, i:3) file:/workdir/hadoop-ozone/integration-test/target/test-dir/MiniOzoneClusterImpl-125cb84d-b14c-45f7-a2c3-14b819b44f73/datanode-2/data/ratis/75404b60-6d3b-4b77-b495-0e05bcbc6a81/sm/snapshot.7_3 time:22
2019-10-18 00:26:30,749 [27e27663-33d5-44e8-9c0f-eb0e3c2aee11@group-0E05BCBC6A81-StateMachineUpdater] INFO  impl.StateMachineUpdater (StateMachineUpdater.java:takeSnapshot(269)) - 27e27663-33d5-44e8-9c0f-eb0e3c2aee11@group-0E05BCBC6A81-StateMachineUpdater: Took a snapshot at index 3
2019-10-18 00:26:30,749 [27e27663-33d5-44e8-9c0f-eb0e3c2aee11@group-0E05BCBC6A81-StateMachineUpdater] INFO  impl.StateMachineUpdater (StateMachineUpdater.java:lambda$new$0(84)) - 27e27663-33d5-44e8-9c0f-eb0e3c2aee11@group-0E05BCBC6A81-StateMachineUpdater: snapshotIndex: updateIncreasingly 3 -> 3
2019-10-18 00:26:30,749 [main] INFO  impl.RaftServerImpl (ServerState.java:close(388)) - 27e27663-33d5-44e8-9c0f-eb0e3c2aee11@group-0E05BCBC6A81: closes. applyIndex: 4
2019-10-18 00:26:30,750 [27e27663-33d5-44e8-9c0f-eb0e3c2aee11@group-0E05BCBC6A81-SegmentedRaftLogWorker] INFO  segmented.SegmentedRaftLogWorker (SegmentedRaftLogWorker.java:run(316)) - 27e27663-33d5-44e8-9c0f-eb0e3c2aee11@group-0E05BCBC6A81-SegmentedRaftLogWorker was interrupted, exiting. There are 0 tasks remaining in the queue.
2019-10-18 00:26:30,752 [main] INFO  segmented.SegmentedRaftLogWorker (SegmentedRaftLogWorker.java:close(224)) - 27e27663-33d5-44e8-9c0f-eb0e3c2aee11@group-0E05BCBC6A81-SegmentedRaftLogWorker close()
2019-10-18 00:26:30,754 [main] INFO  server.GrpcService (GrpcService.java:closeImpl(164)) - 27e27663-33d5-44e8-9c0f-eb0e3c2aee11: shutdown server with port 35650 now
2019-10-18 00:26:30,762 [grpc-default-executor-1] WARN  server.GrpcServerProtocolService (LogUtils.java:warn(134)) - 27e27663-33d5-44e8-9c0f-eb0e3c2aee11: installSnapshot onError, lastRequest: efdea5f7-0978-4608-8df8-907f93177c26->27e27663-33d5-44e8-9c0f-eb0e3c2aee11#7-t7, previous=(t:7, i:4), leaderCommit=4, initializing? false, entries: <empty>: org.apache.ratis.thirdparty.io.grpc.StatusRuntimeException: CANCELLED: cancelled before receiving half close
2019-10-18 00:26:30,762 [main] INFO  server.GrpcService (GrpcService.java:closeImpl(172)) - 27e27663-33d5-44e8-9c0f-eb0e3c2aee11: shutdown server with port 35650 successfully
2019-10-18 00:26:30,765 [grpc-default-executor-4] WARN  server.GrpcLogAppender (LogUtils.java:warn(134)) - efdea5f7-0978-4608-8df8-907f93177c26@group-0E05BCBC6A81->27e27663-33d5-44e8-9c0f-eb0e3c2aee11-AppendLogResponseHandler: Failed appendEntries: org.apache.ratis.thirdparty.io.grpc.StatusRuntimeException: CANCELLED: HTTP/2 error code: CANCEL
Received Rst Stream
2019-10-18 00:26:30,771 [refreshUsed-/workdir/hadoop-ozone/integration-test/target/test-dir/MiniOzoneClusterImpl-125cb84d-b14c-45f7-a2c3-14b819b44f73/datanode-2/data/containers] WARN  fs.CachingGetSpaceUsed (CachingGetSpaceUsed.java:run(183)) - Thread Interrupted waiting to refresh disk information: sleep interrupted
2019-10-18 00:26:30,792 [main] INFO  utils.BackgroundService (BackgroundService.java:shutdown(151)) - Shutting down service BlockDeletingService
2019-10-18 00:26:30,796 [main] INFO  statemachine.DatanodeStateMachine (DatanodeStateMachine.java:stopDaemon(395)) - Ozone container server stopped.
2019-10-18 00:26:30,799 [main] INFO  handler.ContextHandler (ContextHandler.java:doStop(910)) - Stopped o.e.j.w.WebAppContext@54e3658c{/,null,UNAVAILABLE}{/hddsDatanode}
2019-10-18 00:26:30,804 [main] INFO  server.AbstractConnector (AbstractConnector.java:doStop(318)) - Stopped ServerConnector@43e9089{HTTP/1.1,[http/1.1]}{0.0.0.0:0}
2019-10-18 00:26:30,804 [main] INFO  handler.ContextHandler (ContextHandler.java:doStop(910)) - Stopped o.e.j.s.ServletContextHandler@558756be{/static,jar:file:/home/user/.m2/repository/org/apache/hadoop/hadoop-hdds-container-service/0.5.0-SNAPSHOT/hadoop-hdds-container-service-0.5.0-SNAPSHOT.jar!/webapps/static,UNAVAILABLE}
2019-10-18 00:26:30,804 [main] INFO  handler.ContextHandler (ContextHandler.java:doStop(910)) - Stopped o.e.j.s.ServletContextHandler@6069dd38{/logs,file:///workdir/hadoop-ozone/integration-test/target/log,UNAVAILABLE}
2019-10-18 00:26:33,810 [java.util.concurrent.ThreadPoolExecutor$Worker@18e403b4[State = -1, empty queue]] WARN  server.GrpcLogAppender (GrpcLogAppender.java:timeoutAppendRequest(209)) - efdea5f7-0978-4608-8df8-907f93177c26@group-0E05BCBC6A81->27e27663-33d5-44e8-9c0f-eb0e3c2aee11-GrpcLogAppender: appendEntries Timeout, request=efdea5f7-0978-4608-8df8-907f93177c26->27e27663-33d5-44e8-9c0f-eb0e3c2aee11#8-t7, previous=(t:7, i:4), leaderCommit=4, initializing? false, entries: size=1, first=(t:7, i:5), STATEMACHINELOGENTRY, client-4C7A307276C4, cid=8
2019-10-18 00:26:33,811 [java.util.concurrent.ThreadPoolExecutor$Worker@18e403b4[State = -1, empty queue]] WARN  server.GrpcLogAppender (GrpcLogAppender.java:timeoutAppendRequest(209)) - efdea5f7-0978-4608-8df8-907f93177c26@group-0E05BCBC6A81->27e27663-33d5-44e8-9c0f-eb0e3c2aee11-GrpcLogAppender: appendEntries Timeout, request=efdea5f7-0978-4608-8df8-907f93177c26->27e27663-33d5-44e8-9c0f-eb0e3c2aee11#9-t7, previous=(t:7, i:5), leaderCommit=4, initializing? false, entries: size=1, first=(t:7, i:6), STATEMACHINELOGENTRY, client-4C7A307276C4, cid=9
2019-10-18 00:26:33,824 [java.util.concurrent.ThreadPoolExecutor$Worker@18e403b4[State = -1, empty queue]] WARN  server.GrpcLogAppender (GrpcLogAppender.java:timeoutAppendRequest(209)) - efdea5f7-0978-4608-8df8-907f93177c26@group-0E05BCBC6A81->27e27663-33d5-44e8-9c0f-eb0e3c2aee11-GrpcLogAppender: appendEntries Timeout, request=efdea5f7-0978-4608-8df8-907f93177c26->27e27663-33d5-44e8-9c0f-eb0e3c2aee11#10-t7, previous=(t:7, i:6), leaderCommit=5, initializing? false, entries: size=1, first=(t:7, i:7), METADATAENTRY(c5)
2019-10-18 00:26:33,825 [java.util.concurrent.ThreadPoolExecutor$Worker@18e403b4[State = -1, empty queue]] WARN  server.GrpcLogAppender (GrpcLogAppender.java:timeoutAppendRequest(209)) - efdea5f7-0978-4608-8df8-907f93177c26@group-0E05BCBC6A81->27e27663-33d5-44e8-9c0f-eb0e3c2aee11-GrpcLogAppender: appendEntries Timeout, request=efdea5f7-0978-4608-8df8-907f93177c26->27e27663-33d5-44e8-9c0f-eb0e3c2aee11#11-t7, previous=(t:7, i:7), leaderCommit=6, initializing? false, entries: size=1, first=(t:7, i:8), METADATAENTRY(c6)
2019-10-18 00:26:36,327 [java.util.concurrent.ThreadPoolExecutor$Worker@18e403b4[State = -1, empty queue]] WARN  server.GrpcLogAppender (GrpcLogAppender.java:timeoutAppendRequest(209)) - efdea5f7-0978-4608-8df8-907f93177c26@group-0E05BCBC6A81->27e27663-33d5-44e8-9c0f-eb0e3c2aee11-GrpcLogAppender: appendEntries Timeout, request=efdea5f7-0978-4608-8df8-907f93177c26->27e27663-33d5-44e8-9c0f-eb0e3c2aee11#12-t7, previous=(t:7, i:8), leaderCommit=8, initializing? false, entries: <empty>
2019-10-18 00:26:38,828 [java.util.concurrent.ThreadPoolExecutor$Worker@18e403b4[State = -1, empty queue]] WARN  server.GrpcLogAppender (GrpcLogAppender.java:timeoutAppendRequest(209)) - efdea5f7-0978-4608-8df8-907f93177c26@group-0E05BCBC6A81->27e27663-33d5-44e8-9c0f-eb0e3c2aee11-GrpcLogAppender: appendEntries Timeout, request=efdea5f7-0978-4608-8df8-907f93177c26->27e27663-33d5-44e8-9c0f-eb0e3c2aee11#13-t7, previous=(t:7, i:8), leaderCommit=8, initializing? false, entries: <empty>
2019-10-18 00:26:40,877 [Thread-333] INFO  client.GrpcClientProtocolService (GrpcClientProtocolService.java:lambda$processClientRequest$0(278)) - Failed RaftClientRequest:client-4C7A307276C4->1c196293-af28-4849-9284-4cc1dd56b0a0@group-0E05BCBC6A81, cid=10, seq=0, Watch-ALL_COMMITTED(6), Message:<EMPTY>, reply=RaftClientReply:client-4C7A307276C4->1c196293-af28-4849-9284-4cc1dd56b0a0@group-0E05BCBC6A81, cid=10, FAILED org.apache.ratis.protocol.NotLeaderException: Server 1c196293-af28-4849-9284-4cc1dd56b0a0@group-0E05BCBC6A81 is not the leader efdea5f7-0978-4608-8df8-907f93177c26:192.168.164.253:40628, logIndex=0, commits[1c196293-af28-4849-9284-4cc1dd56b0a0:c8, efdea5f7-0978-4608-8df8-907f93177c26:c8, 27e27663-33d5-44e8-9c0f-eb0e3c2aee11:c4]
2019-10-18 00:26:41,329 [java.util.concurrent.ThreadPoolExecutor$Worker@18e403b4[State = -1, empty queue]] WARN  server.GrpcLogAppender (GrpcLogAppender.java:timeoutAppendRequest(209)) - efdea5f7-0978-4608-8df8-907f93177c26@group-0E05BCBC6A81->27e27663-33d5-44e8-9c0f-eb0e3c2aee11-GrpcLogAppender: appendEntries Timeout, request=efdea5f7-0978-4608-8df8-907f93177c26->27e27663-33d5-44e8-9c0f-eb0e3c2aee11#14-t7, previous=(t:7, i:8), leaderCommit=8, initializing? false, entries: <empty>
2019-10-18 00:26:41,687 [Thread-336] INFO  client.GrpcClientProtocolService (GrpcClientProtocolService.java:lambda$processClientRequest$0(278)) - Failed RaftClientRequest:client-4C7A307276C4->efdea5f7-0978-4608-8df8-907f93177c26@group-0E05BCBC6A81, cid=10, seq=0, Watch-ALL_COMMITTED(6), Message:<EMPTY>, reply=RaftClientReply:client-4C7A307276C4->efdea5f7-0978-4608-8df8-907f93177c26@group-0E05BCBC6A81, cid=10, FAILED org.apache.ratis.protocol.NotReplicatedException: Request with call Id 10 and log index 6 is not yet replicated to ALL_COMMITTED, logIndex=6, commits[efdea5f7-0978-4608-8df8-907f93177c26:c8, 27e27663-33d5-44e8-9c0f-eb0e3c2aee11:c4, 1c196293-af28-4849-9284-4cc1dd56b0a0:c8]
2019-10-18 00:26:43,830 [java.util.concurrent.ThreadPoolExecutor$Worker@18e403b4[State = -1, empty queue]] WARN  server.GrpcLogAppender (GrpcLogAppender.java:timeoutAppendRequest(209)) - efdea5f7-0978-4608-8df8-907f93177c26@group-0E05BCBC6A81->27e27663-33d5-44e8-9c0f-eb0e3c2aee11-GrpcLogAppender: appendEntries Timeout, request=efdea5f7-0978-4608-8df8-907f93177c26->27e27663-33d5-44e8-9c0f-eb0e3c2aee11#15-t7, previous=(t:7, i:8), leaderCommit=8, initializing? false, entries: <empty>
2019-10-18 00:26:46,331 [java.util.concurrent.ThreadPoolExecutor$Worker@18e403b4[State = -1, empty queue]] WARN  server.GrpcLogAppender (GrpcLogAppender.java:timeoutAppendRequest(209)) - efdea5f7-0978-4608-8df8-907f93177c26@group-0E05BCBC6A81->27e27663-33d5-44e8-9c0f-eb0e3c2aee11-GrpcLogAppender: appendEntries Timeout, request=efdea5f7-0978-4608-8df8-907f93177c26->27e27663-33d5-44e8-9c0f-eb0e3c2aee11#16-t7, previous=(t:7, i:8), leaderCommit=8, initializing? false, entries: <empty>
2019-10-18 00:26:48,833 [java.util.concurrent.ThreadPoolExecutor$Worker@18e403b4[State = -1, empty queue]] WARN  server.GrpcLogAppender (GrpcLogAppender.java:timeoutAppendRequest(209)) - efdea5f7-0978-4608-8df8-907f93177c26@group-0E05BCBC6A81->27e27663-33d5-44e8-9c0f-eb0e3c2aee11-GrpcLogAppender: appendEntries Timeout, request=efdea5f7-0978-4608-8df8-907f93177c26->27e27663-33d5-44e8-9c0f-eb0e3c2aee11#17-t7, previous=(t:7, i:8), leaderCommit=8, initializing? false, entries: <empty>
2019-10-18 00:26:50,918 [Thread-345] INFO  client.GrpcClientProtocolService (GrpcClientProtocolService.java:lambda$processClientRequest$0(278)) - Failed RaftClientRequest:client-4C7A307276C4->1c196293-af28-4849-9284-4cc1dd56b0a0@group-0E05BCBC6A81, cid=10, seq=0, Watch-ALL_COMMITTED(6), Message:<EMPTY>, reply=RaftClientReply:client-4C7A307276C4->1c196293-af28-4849-9284-4cc1dd56b0a0@group-0E05BCBC6A81, cid=10, FAILED org.apache.ratis.protocol.NotLeaderException: Server 1c196293-af28-4849-9284-4cc1dd56b0a0@group-0E05BCBC6A81 is not the leader efdea5f7-0978-4608-8df8-907f93177c26:192.168.164.253:40628, logIndex=0, commits[1c196293-af28-4849-9284-4cc1dd56b0a0:c8, efdea5f7-0978-4608-8df8-907f93177c26:c8, 27e27663-33d5-44e8-9c0f-eb0e3c2aee11:c4]
2019-10-18 00:26:51,333 [java.util.concurrent.ThreadPoolExecutor$Worker@18e403b4[State = -1, empty queue]] WARN  server.GrpcLogAppender (GrpcLogAppender.java:timeoutAppendRequest(209)) - efdea5f7-0978-4608-8df8-907f93177c26@group-0E05BCBC6A81->27e27663-33d5-44e8-9c0f-eb0e3c2aee11-GrpcLogAppender: appendEntries Timeout, request=efdea5f7-0978-4608-8df8-907f93177c26->27e27663-33d5-44e8-9c0f-eb0e3c2aee11#18-t7, previous=(t:7, i:8), leaderCommit=8, initializing? false, entries: <empty>
2019-10-18 00:26:51,683 [Thread-348] INFO  client.GrpcClientProtocolService (GrpcClientProtocolService.java:lambda$processClientRequest$0(278)) - Failed RaftClientRequest:client-4C7A307276C4->efdea5f7-0978-4608-8df8-907f93177c26@group-0E05BCBC6A81, cid=10, seq=0, Watch-ALL_COMMITTED(6), Message:<EMPTY>, reply=RaftClientReply:client-4C7A307276C4->efdea5f7-0978-4608-8df8-907f93177c26@group-0E05BCBC6A81, cid=10, FAILED org.apache.ratis.protocol.NotReplicatedException: Request with call Id 10 and log index 6 is not yet replicated to ALL_COMMITTED, logIndex=6, commits[efdea5f7-0978-4608-8df8-907f93177c26:c8, 27e27663-33d5-44e8-9c0f-eb0e3c2aee11:c4, 1c196293-af28-4849-9284-4cc1dd56b0a0:c8]
2019-10-18 00:26:53,834 [java.util.concurrent.ThreadPoolExecutor$Worker@18e403b4[State = -1, empty queue]] WARN  server.GrpcLogAppender (GrpcLogAppender.java:timeoutAppendRequest(209)) - efdea5f7-0978-4608-8df8-907f93177c26@group-0E05BCBC6A81->27e27663-33d5-44e8-9c0f-eb0e3c2aee11-GrpcLogAppender: appendEntries Timeout, request=efdea5f7-0978-4608-8df8-907f93177c26->27e27663-33d5-44e8-9c0f-eb0e3c2aee11#19-t7, previous=(t:7, i:8), leaderCommit=8, initializing? false, entries: <empty>
2019-10-18 00:26:56,335 [java.util.concurrent.ThreadPoolExecutor$Worker@18e403b4[State = -1, empty queue]] WARN  server.GrpcLogAppender (GrpcLogAppender.java:timeoutAppendRequest(209)) - efdea5f7-0978-4608-8df8-907f93177c26@group-0E05BCBC6A81->27e27663-33d5-44e8-9c0f-eb0e3c2aee11-GrpcLogAppender: appendEntries Timeout, request=efdea5f7-0978-4608-8df8-907f93177c26->27e27663-33d5-44e8-9c0f-eb0e3c2aee11#20-t7, previous=(t:7, i:8), leaderCommit=8, initializing? false, entries: <empty>
2019-10-18 00:26:58,837 [java.util.concurrent.ThreadPoolExecutor$Worker@18e403b4[State = -1, empty queue]] WARN  server.GrpcLogAppender (GrpcLogAppender.java:timeoutAppendRequest(209)) - efdea5f7-0978-4608-8df8-907f93177c26@group-0E05BCBC6A81->27e27663-33d5-44e8-9c0f-eb0e3c2aee11-GrpcLogAppender: appendEntries Timeout, request=efdea5f7-0978-4608-8df8-907f93177c26->27e27663-33d5-44e8-9c0f-eb0e3c2aee11#21-t7, previous=(t:7, i:8), leaderCommit=8, initializing? false, entries: <empty>
2019-10-18 00:27:00,840 [main] WARN  scm.XceiverClientRatis (XceiverClientRatis.java:watchForCommit(277)) - 3 way commit failed on pipeline Pipeline[ Id: 75404b60-6d3b-4b77-b495-0e05bcbc6a81, Nodes: 27e27663-33d5-44e8-9c0f-eb0e3c2aee11{ip: 192.168.164.253, host: pr-hdds-2131-4cx76-1129263384, networkLocation: /default-rack, certSerialId: null}1c196293-af28-4849-9284-4cc1dd56b0a0{ip: 192.168.164.253, host: pr-hdds-2131-4cx76-1129263384, networkLocation: /default-rack, certSerialId: null}efdea5f7-0978-4608-8df8-907f93177c26{ip: 192.168.164.253, host: pr-hdds-2131-4cx76-1129263384, networkLocation: /default-rack, certSerialId: null}, Type:RATIS, Factor:THREE, State:OPEN]
java.util.concurrent.TimeoutException
	at java.util.concurrent.CompletableFuture.timedGet(CompletableFuture.java:1771)
	at java.util.concurrent.CompletableFuture.get(CompletableFuture.java:1915)
	at org.apache.hadoop.hdds.scm.XceiverClientRatis.watchForCommit(XceiverClientRatis.java:274)
	at org.apache.hadoop.hdds.scm.storage.CommitWatcher.watchForCommit(CommitWatcher.java:198)
	at org.apache.hadoop.hdds.scm.storage.CommitWatcher.watchOnLastIndex(CommitWatcher.java:161)
	at org.apache.hadoop.hdds.scm.storage.BlockOutputStream.watchForCommit(BlockOutputStream.java:346)
	at org.apache.hadoop.hdds.scm.storage.BlockOutputStream.handleFlush(BlockOutputStream.java:482)
	at org.apache.hadoop.hdds.scm.storage.BlockOutputStream.close(BlockOutputStream.java:496)
	at org.apache.hadoop.ozone.client.io.BlockOutputStreamEntry.close(BlockOutputStreamEntry.java:143)
	at org.apache.hadoop.ozone.client.io.KeyOutputStream.handleFlushOrClose(KeyOutputStream.java:435)
	at org.apache.hadoop.ozone.client.io.KeyOutputStream.close(KeyOutputStream.java:473)
	at org.apache.hadoop.ozone.client.io.OzoneOutputStream.close(OzoneOutputStream.java:60)
	at org.apache.hadoop.ozone.client.rpc.TestDeleteWithSlowFollower.testDeleteKeyWithSlowFollower(TestDeleteWithSlowFollower.java:193)
	at sun.reflect.NativeMethodAccessorImpl.invoke0(Native Method)
	at sun.reflect.NativeMethodAccessorImpl.invoke(NativeMethodAccessorImpl.java:62)
	at sun.reflect.DelegatingMethodAccessorImpl.invoke(DelegatingMethodAccessorImpl.java:43)
	at java.lang.reflect.Method.invoke(Method.java:498)
	at org.junit.runners.model.FrameworkMethod$1.runReflectiveCall(FrameworkMethod.java:47)
	at org.junit.internal.runners.model.ReflectiveCallable.run(ReflectiveCallable.java:12)
	at org.junit.runners.model.FrameworkMethod.invokeExplosively(FrameworkMethod.java:44)
	at org.junit.internal.runners.statements.InvokeMethod.evaluate(InvokeMethod.java:17)
	at org.junit.runners.ParentRunner.runLeaf(ParentRunner.java:271)
	at org.junit.runners.BlockJUnit4ClassRunner.runChild(BlockJUnit4ClassRunner.java:70)
	at org.junit.runners.BlockJUnit4ClassRunner.runChild(BlockJUnit4ClassRunner.java:50)
	at org.junit.runners.ParentRunner$3.run(ParentRunner.java:238)
	at org.junit.runners.ParentRunner$1.schedule(ParentRunner.java:63)
	at org.junit.runners.ParentRunner.runChildren(ParentRunner.java:236)
	at org.junit.runners.ParentRunner.access$000(ParentRunner.java:53)
	at org.junit.runners.ParentRunner$2.evaluate(ParentRunner.java:229)
	at org.junit.internal.runners.statements.RunBefores.evaluate(RunBefores.java:26)
	at org.junit.internal.runners.statements.RunAfters.evaluate(RunAfters.java:27)
	at org.junit.runners.ParentRunner.run(ParentRunner.java:309)
	at org.apache.maven.surefire.junit4.JUnit4Provider.execute(JUnit4Provider.java:365)
	at org.apache.maven.surefire.junit4.JUnit4Provider.executeWithRerun(JUnit4Provider.java:273)
	at org.apache.maven.surefire.junit4.JUnit4Provider.executeTestSet(JUnit4Provider.java:238)
	at org.apache.maven.surefire.junit4.JUnit4Provider.invoke(JUnit4Provider.java:159)
	at org.apache.maven.surefire.booter.ForkedBooter.invokeProviderInSameClassLoader(ForkedBooter.java:384)
	at org.apache.maven.surefire.booter.ForkedBooter.runSuitesInProcess(ForkedBooter.java:345)
	at org.apache.maven.surefire.booter.ForkedBooter.execute(ForkedBooter.java:126)
	at org.apache.maven.surefire.booter.ForkedBooter.main(ForkedBooter.java:418)
2019-10-18 00:27:00,854 [Thread-356] INFO  client.GrpcClientProtocolService (GrpcClientProtocolService.java:lambda$processClientRequest$0(278)) - Failed RaftClientRequest:client-4C7A307276C4->1c196293-af28-4849-9284-4cc1dd56b0a0@group-0E05BCBC6A81, cid=11, seq=0, Watch-MAJORITY_COMMITTED(6), Message:<EMPTY>, reply=RaftClientReply:client-4C7A307276C4->1c196293-af28-4849-9284-4cc1dd56b0a0@group-0E05BCBC6A81, cid=11, FAILED org.apache.ratis.protocol.NotLeaderException: Server 1c196293-af28-4849-9284-4cc1dd56b0a0@group-0E05BCBC6A81 is not the leader efdea5f7-0978-4608-8df8-907f93177c26:192.168.164.253:40628, logIndex=0, commits[1c196293-af28-4849-9284-4cc1dd56b0a0:c8, efdea5f7-0978-4608-8df8-907f93177c26:c8, 27e27663-33d5-44e8-9c0f-eb0e3c2aee11:c4]
2019-10-18 00:27:00,875 [main] INFO  scm.XceiverClientRatis (XceiverClientRatis.java:lambda$watchForCommit$5(295)) - Could not commit index 6 on pipeline Pipeline[ Id: 75404b60-6d3b-4b77-b495-0e05bcbc6a81, Nodes: 27e27663-33d5-44e8-9c0f-eb0e3c2aee11{ip: 192.168.164.253, host: pr-hdds-2131-4cx76-1129263384, networkLocation: /default-rack, certSerialId: null}1c196293-af28-4849-9284-4cc1dd56b0a0{ip: 192.168.164.253, host: pr-hdds-2131-4cx76-1129263384, networkLocation: /default-rack, certSerialId: null}efdea5f7-0978-4608-8df8-907f93177c26{ip: 192.168.164.253, host: pr-hdds-2131-4cx76-1129263384, networkLocation: /default-rack, certSerialId: null}, Type:RATIS, Factor:THREE, State:OPEN] to all the nodes. Server 27e27663-33d5-44e8-9c0f-eb0e3c2aee11 has failed. Committed by majority.
2019-10-18 00:27:00,877 [main] WARN  storage.BlockOutputStream (BlockOutputStream.java:watchForCommit(352)) - Failed to commit BlockId conID: 1 locID: 102980543117131776 bcsId: 6 on Pipeline[ Id: 75404b60-6d3b-4b77-b495-0e05bcbc6a81, Nodes: 27e27663-33d5-44e8-9c0f-eb0e3c2aee11{ip: 192.168.164.253, host: pr-hdds-2131-4cx76-1129263384, networkLocation: /default-rack, certSerialId: null}1c196293-af28-4849-9284-4cc1dd56b0a0{ip: 192.168.164.253, host: pr-hdds-2131-4cx76-1129263384, networkLocation: /default-rack, certSerialId: null}efdea5f7-0978-4608-8df8-907f93177c26{ip: 192.168.164.253, host: pr-hdds-2131-4cx76-1129263384, networkLocation: /default-rack, certSerialId: null}, Type:RATIS, Factor:THREE, State:OPEN]. Failed nodes: [27e27663-33d5-44e8-9c0f-eb0e3c2aee11{ip: null, host: null, networkLocation: /default-rack, certSerialId: null}]
2019-10-18 00:27:01,338 [java.util.concurrent.ThreadPoolExecutor$Worker@18e403b4[State = -1, empty queue]] WARN  server.GrpcLogAppender (GrpcLogAppender.java:timeoutAppendRequest(209)) - efdea5f7-0978-4608-8df8-907f93177c26@group-0E05BCBC6A81->27e27663-33d5-44e8-9c0f-eb0e3c2aee11-GrpcLogAppender: appendEntries Timeout, request=efdea5f7-0978-4608-8df8-907f93177c26->27e27663-33d5-44e8-9c0f-eb0e3c2aee11#22-t7, previous=(t:7, i:8), leaderCommit=8, initializing? false, entries: <empty>
2019-10-18 00:27:01,682 [Thread-365] INFO  client.GrpcClientProtocolService (GrpcClientProtocolService.java:lambda$processClientRequest$0(278)) - Failed RaftClientRequest:client-4C7A307276C4->efdea5f7-0978-4608-8df8-907f93177c26@group-0E05BCBC6A81, cid=10, seq=0, Watch-ALL_COMMITTED(6), Message:<EMPTY>, reply=RaftClientReply:client-4C7A307276C4->efdea5f7-0978-4608-8df8-907f93177c26@group-0E05BCBC6A81, cid=10, FAILED org.apache.ratis.protocol.NotReplicatedException: Request with call Id 10 and log index 6 is not yet replicated to ALL_COMMITTED, logIndex=6, commits[efdea5f7-0978-4608-8df8-907f93177c26:c8, 27e27663-33d5-44e8-9c0f-eb0e3c2aee11:c4, 1c196293-af28-4849-9284-4cc1dd56b0a0:c8]
2019-10-18 00:27:01,962 [EventQueue-IncrementalContainerReportForIncrementalContainerReportHandler] WARN  container.IncrementalContainerReportHandler (AbstractContainerReportHandler.java:updateContainerState(145)) - Container #1 is in OPEN state, but the datanode efdea5f7-0978-4608-8df8-907f93177c26{ip: 192.168.164.253, host: pr-hdds-2131-4cx76-1129263384, networkLocation: /default-rack, certSerialId: null} reports an CLOSING replica.
2019-10-18 00:27:01,974 [RatisApplyTransactionExecutor 1] INFO  interfaces.Container (KeyValueContainer.java:flushAndSyncDB(386)) - Container 1 is synced with bcsId 6.
2019-10-18 00:27:01,978 [RatisApplyTransactionExecutor 1] INFO  interfaces.Container (KeyValueContainer.java:flushAndSyncDB(386)) - Container 1 is synced with bcsId 6.
2019-10-18 00:27:01,999 [RatisApplyTransactionExecutor 1] INFO  interfaces.Container (KeyValueContainer.java:close(335)) - Container 1 is closed with bcsId 6.
2019-10-18 00:27:02,005 [EventQueue-IncrementalContainerReportForIncrementalContainerReportHandler] WARN  container.IncrementalContainerReportHandler (AbstractContainerReportHandler.java:updateContainerState(145)) - Container #1 is in OPEN state, but the datanode efdea5f7-0978-4608-8df8-907f93177c26{ip: 192.168.164.253, host: pr-hdds-2131-4cx76-1129263384, networkLocation: /default-rack, certSerialId: null} reports an CLOSED replica.
2019-10-18 00:27:02,006 [EventQueue-ContainerReportForContainerReportHandler] WARN  container.ContainerReportHandler (AbstractContainerReportHandler.java:updateContainerState(145)) - Container #1 is in OPEN state, but the datanode 1c196293-af28-4849-9284-4cc1dd56b0a0{ip: 192.168.164.253, host: pr-hdds-2131-4cx76-1129263384, networkLocation: /default-rack, certSerialId: null} reports an CLOSING replica.
2019-10-18 00:27:02,007 [EventQueue-IncrementalContainerReportForIncrementalContainerReportHandler] WARN  container.IncrementalContainerReportHandler (AbstractContainerReportHandler.java:updateContainerState(145)) - Container #1 is in OPEN state, but the datanode 1c196293-af28-4849-9284-4cc1dd56b0a0{ip: 192.168.164.253, host: pr-hdds-2131-4cx76-1129263384, networkLocation: /default-rack, certSerialId: null} reports an CLOSING replica.
2019-10-18 00:27:02,010 [RatisApplyTransactionExecutor 1] INFO  interfaces.Container (KeyValueContainer.java:flushAndSyncDB(386)) - Container 1 is synced with bcsId 6.
2019-10-18 00:27:02,011 [RatisApplyTransactionExecutor 1] INFO  interfaces.Container (KeyValueContainer.java:flushAndSyncDB(386)) - Container 1 is synced with bcsId 6.
2019-10-18 00:27:02,036 [RatisApplyTransactionExecutor 1] INFO  interfaces.Container (KeyValueContainer.java:close(335)) - Container 1 is closed with bcsId 6.
2019-10-18 00:27:02,038 [EventQueue-IncrementalContainerReportForIncrementalContainerReportHandler] WARN  container.IncrementalContainerReportHandler (AbstractContainerReportHandler.java:updateContainerState(145)) - Container #1 is in OPEN state, but the datanode 1c196293-af28-4849-9284-4cc1dd56b0a0{ip: 192.168.164.253, host: pr-hdds-2131-4cx76-1129263384, networkLocation: /default-rack, certSerialId: null} reports an CLOSED replica.
2019-10-18 00:27:02,100 [EventQueue-ContainerReportForContainerReportHandler] WARN  container.ContainerReportHandler (AbstractContainerReportHandler.java:updateContainerState(145)) - Container #1 is in OPEN state, but the datanode efdea5f7-0978-4608-8df8-907f93177c26{ip: 192.168.164.253, host: pr-hdds-2131-4cx76-1129263384, networkLocation: /default-rack, certSerialId: null} reports an CLOSED replica.
2019-10-18 00:27:02,300 [EventQueue-ContainerReportForContainerReportHandler] WARN  container.ContainerReportHandler (AbstractContainerReportHandler.java:updateContainerState(145)) - Container #1 is in OPEN state, but the datanode efdea5f7-0978-4608-8df8-907f93177c26{ip: 192.168.164.253, host: pr-hdds-2131-4cx76-1129263384, networkLocation: /default-rack, certSerialId: null} reports an CLOSED replica.
2019-10-18 00:27:02,338 [EventQueue-ContainerReportForContainerReportHandler] WARN  container.ContainerReportHandler (AbstractContainerReportHandler.java:updateContainerState(145)) - Container #1 is in OPEN state, but the datanode 1c196293-af28-4849-9284-4cc1dd56b0a0{ip: 192.168.164.253, host: pr-hdds-2131-4cx76-1129263384, networkLocation: /default-rack, certSerialId: null} reports an CLOSED replica.
2019-10-18 00:27:02,600 [EventQueue-ContainerReportForContainerReportHandler] WARN  container.ContainerReportHandler (AbstractContainerReportHandler.java:updateContainerState(145)) - Container #1 is in OPEN state, but the datanode efdea5f7-0978-4608-8df8-907f93177c26{ip: 192.168.164.253, host: pr-hdds-2131-4cx76-1129263384, networkLocation: /default-rack, certSerialId: null} reports an CLOSED replica.
2019-10-18 00:27:02,640 [EventQueue-ContainerReportForContainerReportHandler] WARN  container.ContainerReportHandler (AbstractContainerReportHandler.java:updateContainerState(145)) - Container #1 is in OPEN state, but the datanode 1c196293-af28-4849-9284-4cc1dd56b0a0{ip: 192.168.164.253, host: pr-hdds-2131-4cx76-1129263384, networkLocation: /default-rack, certSerialId: null} reports an CLOSED replica.
2019-10-18 00:27:02,759 [IPC Server handler 19 on 46780] INFO  server.SCMBlockProtocolServer (SCMBlockProtocolServer.java:deleteKeyBlocks(212)) - SCM is informed by OM to delete 1 blocks
2019-10-18 00:27:02,759 [IPC Server handler 19 on 46780] INFO  block.BlockManagerImpl (BlockManagerImpl.java:deleteBlocks(285)) - Deleting blocks conID: 1 locID: 102980543117131776 bcsId: 0
2019-10-18 00:27:02,901 [EventQueue-ContainerReportForContainerReportHandler] WARN  container.ContainerReportHandler (AbstractContainerReportHandler.java:updateContainerState(145)) - Container #1 is in OPEN state, but the datanode efdea5f7-0978-4608-8df8-907f93177c26{ip: 192.168.164.253, host: pr-hdds-2131-4cx76-1129263384, networkLocation: /default-rack, certSerialId: null} reports an CLOSED replica.
2019-10-18 00:27:02,973 [BlockDeletingService#2] WARN  background.BlockDeletingService (BlockDeletingService.java:isDeletionAllowed(187)) - Close Container log Index 6 is not replicated across allthe servers in the pipeline 75404b60-6d3b-4b77-b495-0e05bcbc6a81 as the min replicated index is 4. Deletion is not allowed in this container yet.
2019-10-18 00:27:02,973 [BlockDeletingService#2] WARN  background.BlockDeletingService (BlockDeletingService.java:isDeletionAllowed(187)) - Close Container log Index 6 is not replicated across allthe servers in the pipeline 75404b60-6d3b-4b77-b495-0e05bcbc6a81 as the min replicated index is 4. Deletion is not allowed in this container yet.
2019-10-18 00:27:03,039 [EventQueue-ContainerReportForContainerReportHandler] WARN  container.ContainerReportHandler (AbstractContainerReportHandler.java:updateContainerState(145)) - Container #1 is in OPEN state, but the datanode 1c196293-af28-4849-9284-4cc1dd56b0a0{ip: 192.168.164.253, host: pr-hdds-2131-4cx76-1129263384, networkLocation: /default-rack, certSerialId: null} reports an CLOSED replica.
2019-10-18 00:27:03,101 [EventQueue-ContainerReportForContainerReportHandler] WARN  container.ContainerReportHandler (AbstractContainerReportHandler.java:updateContainerState(145)) - Container #1 is in OPEN state, but the datanode efdea5f7-0978-4608-8df8-907f93177c26{ip: 192.168.164.253, host: pr-hdds-2131-4cx76-1129263384, networkLocation: /default-rack, certSerialId: null} reports an CLOSED replica.
2019-10-18 00:27:03,240 [EventQueue-ContainerReportForContainerReportHandler] WARN  container.ContainerReportHandler (AbstractContainerReportHandler.java:updateContainerState(145)) - Container #1 is in OPEN state, but the datanode 1c196293-af28-4849-9284-4cc1dd56b0a0{ip: 192.168.164.253, host: pr-hdds-2131-4cx76-1129263384, networkLocation: /default-rack, certSerialId: null} reports an CLOSED replica.
2019-10-18 00:27:03,401 [EventQueue-ContainerReportForContainerReportHandler] WARN  container.ContainerReportHandler (AbstractContainerReportHandler.java:updateContainerState(145)) - Container #1 is in OPEN state, but the datanode efdea5f7-0978-4608-8df8-907f93177c26{ip: 192.168.164.253, host: pr-hdds-2131-4cx76-1129263384, networkLocation: /default-rack, certSerialId: null} reports an CLOSED replica.
2019-10-18 00:27:03,542 [EventQueue-ContainerReportForContainerReportHandler] WARN  container.ContainerReportHandler (AbstractContainerReportHandler.java:updateContainerState(145)) - Container #1 is in OPEN state, but the datanode 1c196293-af28-4849-9284-4cc1dd56b0a0{ip: 192.168.164.253, host: pr-hdds-2131-4cx76-1129263384, networkLocation: /default-rack, certSerialId: null} reports an CLOSED replica.
2019-10-18 00:27:03,701 [EventQueue-ContainerReportForContainerReportHandler] WARN  container.ContainerReportHandler (AbstractContainerReportHandler.java:updateContainerState(145)) - Container #1 is in OPEN state, but the datanode efdea5f7-0978-4608-8df8-907f93177c26{ip: 192.168.164.253, host: pr-hdds-2131-4cx76-1129263384, networkLocation: /default-rack, certSerialId: null} reports an CLOSED replica.
2019-10-18 00:27:03,839 [java.util.concurrent.ThreadPoolExecutor$Worker@18e403b4[State = -1, empty queue]] WARN  server.GrpcLogAppender (GrpcLogAppender.java:timeoutAppendRequest(209)) - efdea5f7-0978-4608-8df8-907f93177c26@group-0E05BCBC6A81->27e27663-33d5-44e8-9c0f-eb0e3c2aee11-GrpcLogAppender: appendEntries Timeout, request=efdea5f7-0978-4608-8df8-907f93177c26->27e27663-33d5-44e8-9c0f-eb0e3c2aee11#23-t7, previous=(t:7, i:8), leaderCommit=8, initializing? false, entries: <empty>
2019-10-18 00:27:03,843 [EventQueue-ContainerReportForContainerReportHandler] WARN  container.ContainerReportHandler (AbstractContainerReportHandler.java:updateContainerState(145)) - Container #1 is in OPEN state, but the datanode 1c196293-af28-4849-9284-4cc1dd56b0a0{ip: 192.168.164.253, host: pr-hdds-2131-4cx76-1129263384, networkLocation: /default-rack, certSerialId: null} reports an CLOSED replica.
2019-10-18 00:27:03,902 [EventQueue-ContainerReportForContainerReportHandler] WARN  container.ContainerReportHandler (AbstractContainerReportHandler.java:updateContainerState(145)) - Container #1 is in OPEN state, but the datanode efdea5f7-0978-4608-8df8-907f93177c26{ip: 192.168.164.253, host: pr-hdds-2131-4cx76-1129263384, networkLocation: /default-rack, certSerialId: null} reports an CLOSED replica.
2019-10-18 00:27:03,976 [BlockDeletingService#2] WARN  background.BlockDeletingService (BlockDeletingService.java:isDeletionAllowed(187)) - Close Container log Index 6 is not replicated across allthe servers in the pipeline 75404b60-6d3b-4b77-b495-0e05bcbc6a81 as the min replicated index is 4. Deletion is not allowed in this container yet.
2019-10-18 00:27:03,976 [BlockDeletingService#2] WARN  background.BlockDeletingService (BlockDeletingService.java:isDeletionAllowed(187)) - Close Container log Index 6 is not replicated across allthe servers in the pipeline 75404b60-6d3b-4b77-b495-0e05bcbc6a81 as the min replicated index is 4. Deletion is not allowed in this container yet.
2019-10-18 00:27:04,202 [EventQueue-ContainerReportForContainerReportHandler] WARN  container.ContainerReportHandler (AbstractContainerReportHandler.java:updateContainerState(145)) - Container #1 is in OPEN state, but the datanode efdea5f7-0978-4608-8df8-907f93177c26{ip: 192.168.164.253, host: pr-hdds-2131-4cx76-1129263384, networkLocation: /default-rack, certSerialId: null} reports an CLOSED replica.
2019-10-18 00:27:04,245 [EventQueue-ContainerReportForContainerReportHandler] WARN  container.ContainerReportHandler (AbstractContainerReportHandler.java:updateContainerState(145)) - Container #1 is in OPEN state, but the datanode 1c196293-af28-4849-9284-4cc1dd56b0a0{ip: 192.168.164.253, host: pr-hdds-2131-4cx76-1129263384, networkLocation: /default-rack, certSerialId: null} reports an CLOSED replica.
2019-10-18 00:27:04,402 [EventQueue-ContainerReportForContainerReportHandler] WARN  container.ContainerReportHandler (AbstractContainerReportHandler.java:updateContainerState(145)) - Container #1 is in OPEN state, but the datanode efdea5f7-0978-4608-8df8-907f93177c26{ip: 192.168.164.253, host: pr-hdds-2131-4cx76-1129263384, networkLocation: /default-rack, certSerialId: null} reports an CLOSED replica.
2019-10-18 00:27:04,545 [EventQueue-ContainerReportForContainerReportHandler] WARN  container.ContainerReportHandler (AbstractContainerReportHandler.java:updateContainerState(145)) - Container #1 is in OPEN state, but the datanode 1c196293-af28-4849-9284-4cc1dd56b0a0{ip: 192.168.164.253, host: pr-hdds-2131-4cx76-1129263384, networkLocation: /default-rack, certSerialId: null} reports an CLOSED replica.
2019-10-18 00:27:04,701 [EventQueue-ContainerReportForContainerReportHandler] WARN  container.ContainerReportHandler (AbstractContainerReportHandler.java:updateContainerState(145)) - Container #1 is in OPEN state, but the datanode efdea5f7-0978-4608-8df8-907f93177c26{ip: 192.168.164.253, host: pr-hdds-2131-4cx76-1129263384, networkLocation: /default-rack, certSerialId: null} reports an CLOSED replica.
2019-10-18 00:27:04,924 [java.util.concurrent.ThreadPoolExecutor$Worker@18e403b4[State = -1, empty queue]] WARN  server.GrpcLogAppender (GrpcLogAppender.java:timeoutAppendRequest(209)) - efdea5f7-0978-4608-8df8-907f93177c26@group-0E05BCBC6A81->27e27663-33d5-44e8-9c0f-eb0e3c2aee11-GrpcLogAppender: appendEntries Timeout, request=efdea5f7-0978-4608-8df8-907f93177c26->27e27663-33d5-44e8-9c0f-eb0e3c2aee11#24-t7, previous=(t:7, i:8), leaderCommit=8, initializing? false, entries: size=1, first=(t:7, i:9), STATEMACHINELOGENTRY, client-70C492899EEB, cid=12
2019-10-18 00:27:04,937 [java.util.concurrent.ThreadPoolExecutor$Worker@18e403b4[State = -1, empty queue]] WARN  server.GrpcLogAppender (GrpcLogAppender.java:timeoutAppendRequest(209)) - efdea5f7-0978-4608-8df8-907f93177c26@group-0E05BCBC6A81->27e27663-33d5-44e8-9c0f-eb0e3c2aee11-GrpcLogAppender: appendEntries Timeout, request=efdea5f7-0978-4608-8df8-907f93177c26->27e27663-33d5-44e8-9c0f-eb0e3c2aee11#25-t7, previous=(t:7, i:9), leaderCommit=9, initializing? false, entries: size=1, first=(t:7, i:10), METADATAENTRY(c9)
2019-10-18 00:27:04,945 [EventQueue-ContainerReportForContainerReportHandler] WARN  container.ContainerReportHandler (AbstractContainerReportHandler.java:updateContainerState(145)) - Container #1 is in OPEN state, but the datanode 1c196293-af28-4849-9284-4cc1dd56b0a0{ip: 192.168.164.253, host: pr-hdds-2131-4cx76-1129263384, networkLocation: /default-rack, certSerialId: null} reports an CLOSED replica.
2019-10-18 00:27:04,978 [BlockDeletingService#2] WARN  background.BlockDeletingService (BlockDeletingService.java:isDeletionAllowed(187)) - Close Container log Index 6 is not replicated across allthe servers in the pipeline 75404b60-6d3b-4b77-b495-0e05bcbc6a81 as the min replicated index is 4. Deletion is not allowed in this container yet.
2019-10-18 00:27:04,978 [BlockDeletingService#2] WARN  background.BlockDeletingService (BlockDeletingService.java:isDeletionAllowed(187)) - Close Container log Index 6 is not replicated across allthe servers in the pipeline 75404b60-6d3b-4b77-b495-0e05bcbc6a81 as the min replicated index is 4. Deletion is not allowed in this container yet.
2019-10-18 00:27:05,002 [EventQueue-ContainerReportForContainerReportHandler] WARN  container.ContainerReportHandler (AbstractContainerReportHandler.java:updateContainerState(145)) - Container #1 is in OPEN state, but the datanode efdea5f7-0978-4608-8df8-907f93177c26{ip: 192.168.164.253, host: pr-hdds-2131-4cx76-1129263384, networkLocation: /default-rack, certSerialId: null} reports an CLOSED replica.
2019-10-18 00:27:05,146 [EventQueue-ContainerReportForContainerReportHandler] WARN  container.ContainerReportHandler (AbstractContainerReportHandler.java:updateContainerState(145)) - Container #1 is in OPEN state, but the datanode 1c196293-af28-4849-9284-4cc1dd56b0a0{ip: 192.168.164.253, host: pr-hdds-2131-4cx76-1129263384, networkLocation: /default-rack, certSerialId: null} reports an CLOSED replica.
2019-10-18 00:27:05,405 [EventQueue-ContainerReportForContainerReportHandler] WARN  container.ContainerReportHandler (AbstractContainerReportHandler.java:updateContainerState(145)) - Container #1 is in OPEN state, but the datanode efdea5f7-0978-4608-8df8-907f93177c26{ip: 192.168.164.253, host: pr-hdds-2131-4cx76-1129263384, networkLocation: /default-rack, certSerialId: null} reports an CLOSED replica.
2019-10-18 00:27:05,548 [EventQueue-ContainerReportForContainerReportHandler] WARN  container.ContainerReportHandler (AbstractContainerReportHandler.java:updateContainerState(145)) - Container #1 is in OPEN state, but the datanode 1c196293-af28-4849-9284-4cc1dd56b0a0{ip: 192.168.164.253, host: pr-hdds-2131-4cx76-1129263384, networkLocation: /default-rack, certSerialId: null} reports an CLOSED replica.
2019-10-18 00:27:05,606 [EventQueue-ContainerReportForContainerReportHandler] WARN  container.ContainerReportHandler (AbstractContainerReportHandler.java:updateContainerState(145)) - Container #1 is in OPEN state, but the datanode efdea5f7-0978-4608-8df8-907f93177c26{ip: 192.168.164.253, host: pr-hdds-2131-4cx76-1129263384, networkLocation: /default-rack, certSerialId: null} reports an CLOSED replica.
2019-10-18 00:27:05,848 [EventQueue-ContainerReportForContainerReportHandler] WARN  container.ContainerReportHandler (AbstractContainerReportHandler.java:updateContainerState(145)) - Container #1 is in OPEN state, but the datanode 1c196293-af28-4849-9284-4cc1dd56b0a0{ip: 192.168.164.253, host: pr-hdds-2131-4cx76-1129263384, networkLocation: /default-rack, certSerialId: null} reports an CLOSED replica.
2019-10-18 00:27:05,983 [BlockDeletingService#2] WARN  background.BlockDeletingService (BlockDeletingService.java:isDeletionAllowed(187)) - Close Container log Index 6 is not replicated across allthe servers in the pipeline 75404b60-6d3b-4b77-b495-0e05bcbc6a81 as the min replicated index is 4. Deletion is not allowed in this container yet.
2019-10-18 00:27:05,983 [BlockDeletingService#2] WARN  background.BlockDeletingService (BlockDeletingService.java:isDeletionAllowed(187)) - Close Container log Index 6 is not replicated across allthe servers in the pipeline 75404b60-6d3b-4b77-b495-0e05bcbc6a81 as the min replicated index is 4. Deletion is not allowed in this container yet.
2019-10-18 00:27:06,008 [EventQueue-ContainerReportForContainerReportHandler] WARN  container.ContainerReportHandler (AbstractContainerReportHandler.java:updateContainerState(145)) - Container #1 is in OPEN state, but the datanode efdea5f7-0978-4608-8df8-907f93177c26{ip: 192.168.164.253, host: pr-hdds-2131-4cx76-1129263384, networkLocation: /default-rack, certSerialId: null} reports an CLOSED replica.
2019-10-18 00:27:06,048 [EventQueue-ContainerReportForContainerReportHandler] WARN  container.ContainerReportHandler (AbstractContainerReportHandler.java:updateContainerState(145)) - Container #1 is in OPEN state, but the datanode 1c196293-af28-4849-9284-4cc1dd56b0a0{ip: 192.168.164.253, host: pr-hdds-2131-4cx76-1129263384, networkLocation: /default-rack, certSerialId: null} reports an CLOSED replica.
2019-10-18 00:27:06,408 [EventQueue-ContainerReportForContainerReportHandler] WARN  container.ContainerReportHandler (AbstractContainerReportHandler.java:updateContainerState(145)) - Container #1 is in OPEN state, but the datanode efdea5f7-0978-4608-8df8-907f93177c26{ip: 192.168.164.253, host: pr-hdds-2131-4cx76-1129263384, networkLocation: /default-rack, certSerialId: null} reports an CLOSED replica.
2019-10-18 00:27:06,448 [EventQueue-ContainerReportForContainerReportHandler] WARN  container.ContainerReportHandler (AbstractContainerReportHandler.java:updateContainerState(145)) - Container #1 is in OPEN state, but the datanode 1c196293-af28-4849-9284-4cc1dd56b0a0{ip: 192.168.164.253, host: pr-hdds-2131-4cx76-1129263384, networkLocation: /default-rack, certSerialId: null} reports an CLOSED replica.
2019-10-18 00:27:06,708 [EventQueue-ContainerReportForContainerReportHandler] WARN  container.ContainerReportHandler (AbstractContainerReportHandler.java:updateContainerState(145)) - Container #1 is in OPEN state, but the datanode efdea5f7-0978-4608-8df8-907f93177c26{ip: 192.168.164.253, host: pr-hdds-2131-4cx76-1129263384, networkLocation: /default-rack, certSerialId: null} reports an CLOSED replica.
2019-10-18 00:27:06,748 [EventQueue-ContainerReportForContainerReportHandler] WARN  container.ContainerReportHandler (AbstractContainerReportHandler.java:updateContainerState(145)) - Container #1 is in OPEN state, but the datanode 1c196293-af28-4849-9284-4cc1dd56b0a0{ip: 192.168.164.253, host: pr-hdds-2131-4cx76-1129263384, networkLocation: /default-rack, certSerialId: null} reports an CLOSED replica.
2019-10-18 00:27:06,948 [EventQueue-ContainerReportForContainerReportHandler] WARN  container.ContainerReportHandler (AbstractContainerReportHandler.java:updateContainerState(145)) - Container #1 is in OPEN state, but the datanode 1c196293-af28-4849-9284-4cc1dd56b0a0{ip: 192.168.164.253, host: pr-hdds-2131-4cx76-1129263384, networkLocation: /default-rack, certSerialId: null} reports an CLOSED replica.
2019-10-18 00:27:06,985 [BlockDeletingService#2] WARN  background.BlockDeletingService (BlockDeletingService.java:isDeletionAllowed(187)) - Close Container log Index 6 is not replicated across allthe servers in the pipeline 75404b60-6d3b-4b77-b495-0e05bcbc6a81 as the min replicated index is 4. Deletion is not allowed in this container yet.
2019-10-18 00:27:06,985 [BlockDeletingService#2] WARN  background.BlockDeletingService (BlockDeletingService.java:isDeletionAllowed(187)) - Close Container log Index 6 is not replicated across allthe servers in the pipeline 75404b60-6d3b-4b77-b495-0e05bcbc6a81 as the min replicated index is 4. Deletion is not allowed in this container yet.
2019-10-18 00:27:07,007 [EventQueue-ContainerReportForContainerReportHandler] WARN  container.ContainerReportHandler (AbstractContainerReportHandler.java:updateContainerState(145)) - Container #1 is in OPEN state, but the datanode efdea5f7-0978-4608-8df8-907f93177c26{ip: 192.168.164.253, host: pr-hdds-2131-4cx76-1129263384, networkLocation: /default-rack, certSerialId: null} reports an CLOSED replica.
2019-10-18 00:27:07,208 [EventQueue-ContainerReportForContainerReportHandler] WARN  container.ContainerReportHandler (AbstractContainerReportHandler.java:updateContainerState(145)) - Container #1 is in OPEN state, but the datanode efdea5f7-0978-4608-8df8-907f93177c26{ip: 192.168.164.253, host: pr-hdds-2131-4cx76-1129263384, networkLocation: /default-rack, certSerialId: null} reports an CLOSED replica.
2019-10-18 00:27:07,249 [EventQueue-ContainerReportForContainerReportHandler] WARN  container.ContainerReportHandler (AbstractContainerReportHandler.java:updateContainerState(145)) - Container #1 is in OPEN state, but the datanode 1c196293-af28-4849-9284-4cc1dd56b0a0{ip: 192.168.164.253, host: pr-hdds-2131-4cx76-1129263384, networkLocation: /default-rack, certSerialId: null} reports an CLOSED replica.
2019-10-18 00:27:07,438 [java.util.concurrent.ThreadPoolExecutor$Worker@18e403b4[State = -1, empty queue]] WARN  server.GrpcLogAppender (GrpcLogAppender.java:timeoutAppendRequest(209)) - efdea5f7-0978-4608-8df8-907f93177c26@group-0E05BCBC6A81->27e27663-33d5-44e8-9c0f-eb0e3c2aee11-GrpcLogAppender: appendEntries Timeout, request=efdea5f7-0978-4608-8df8-907f93177c26->27e27663-33d5-44e8-9c0f-eb0e3c2aee11#26-t7, previous=(t:7, i:10), leaderCommit=10, initializing? false, entries: <empty>
2019-10-18 00:27:07,549 [EventQueue-ContainerReportForContainerReportHandler] WARN  container.ContainerReportHandler (AbstractContainerReportHandler.java:updateContainerState(145)) - Container #1 is in OPEN state, but the datanode 1c196293-af28-4849-9284-4cc1dd56b0a0{ip: 192.168.164.253, host: pr-hdds-2131-4cx76-1129263384, networkLocation: /default-rack, certSerialId: null} reports an CLOSED replica.
2019-10-18 00:27:07,609 [EventQueue-ContainerReportForContainerReportHandler] WARN  container.ContainerReportHandler (AbstractContainerReportHandler.java:updateContainerState(145)) - Container #1 is in OPEN state, but the datanode efdea5f7-0978-4608-8df8-907f93177c26{ip: 192.168.164.253, host: pr-hdds-2131-4cx76-1129263384, networkLocation: /default-rack, certSerialId: null} reports an CLOSED replica.
2019-10-18 00:27:07,811 [EventQueue-ContainerReportForContainerReportHandler] WARN  container.ContainerReportHandler (AbstractContainerReportHandler.java:updateContainerState(145)) - Container #1 is in OPEN state, but the datanode efdea5f7-0978-4608-8df8-907f93177c26{ip: 192.168.164.253, host: pr-hdds-2131-4cx76-1129263384, networkLocation: /default-rack, certSerialId: null} reports an CLOSED replica.
2019-10-18 00:27:07,848 [EventQueue-ContainerReportForContainerReportHandler] WARN  container.ContainerReportHandler (AbstractContainerReportHandler.java:updateContainerState(145)) - Container #1 is in OPEN state, but the datanode 1c196293-af28-4849-9284-4cc1dd56b0a0{ip: 192.168.164.253, host: pr-hdds-2131-4cx76-1129263384, networkLocation: /default-rack, certSerialId: null} reports an CLOSED replica.
2019-10-18 00:27:07,987 [BlockDeletingService#2] WARN  background.BlockDeletingService (BlockDeletingService.java:isDeletionAllowed(187)) - Close Container log Index 6 is not replicated across allthe servers in the pipeline 75404b60-6d3b-4b77-b495-0e05bcbc6a81 as the min replicated index is 4. Deletion is not allowed in this container yet.
2019-10-18 00:27:07,987 [BlockDeletingService#2] WARN  background.BlockDeletingService (BlockDeletingService.java:isDeletionAllowed(187)) - Close Container log Index 6 is not replicated across allthe servers in the pipeline 75404b60-6d3b-4b77-b495-0e05bcbc6a81 as the min replicated index is 4. Deletion is not allowed in this container yet.
2019-10-18 00:27:08,049 [EventQueue-ContainerReportForContainerReportHandler] WARN  container.ContainerReportHandler (AbstractContainerReportHandler.java:updateContainerState(145)) - Container #1 is in OPEN state, but the datanode 1c196293-af28-4849-9284-4cc1dd56b0a0{ip: 192.168.164.253, host: pr-hdds-2131-4cx76-1129263384, networkLocation: /default-rack, certSerialId: null} reports an CLOSED replica.
2019-10-18 00:27:08,211 [EventQueue-ContainerReportForContainerReportHandler] WARN  container.ContainerReportHandler (AbstractContainerReportHandler.java:updateContainerState(145)) - Container #1 is in OPEN state, but the datanode efdea5f7-0978-4608-8df8-907f93177c26{ip: 192.168.164.253, host: pr-hdds-2131-4cx76-1129263384, networkLocation: /default-rack, certSerialId: null} reports an CLOSED replica.
2019-10-18 00:27:08,349 [EventQueue-ContainerReportForContainerReportHandler] WARN  container.ContainerReportHandler (AbstractContainerReportHandler.java:updateContainerState(145)) - Container #1 is in OPEN state, but the datanode 1c196293-af28-4849-9284-4cc1dd56b0a0{ip: 192.168.164.253, host: pr-hdds-2131-4cx76-1129263384, networkLocation: /default-rack, certSerialId: null} reports an CLOSED replica.
2019-10-18 00:27:08,513 [EventQueue-ContainerReportForContainerReportHandler] WARN  container.ContainerReportHandler (AbstractContainerReportHandler.java:updateContainerState(145)) - Container #1 is in OPEN state, but the datanode efdea5f7-0978-4608-8df8-907f93177c26{ip: 192.168.164.253, host: pr-hdds-2131-4cx76-1129263384, networkLocation: /default-rack, certSerialId: null} reports an CLOSED replica.
2019-10-18 00:27:08,649 [EventQueue-ContainerReportForContainerReportHandler] WARN  container.ContainerReportHandler (AbstractContainerReportHandler.java:updateContainerState(145)) - Container #1 is in OPEN state, but the datanode 1c196293-af28-4849-9284-4cc1dd56b0a0{ip: 192.168.164.253, host: pr-hdds-2131-4cx76-1129263384, networkLocation: /default-rack, certSerialId: null} reports an CLOSED replica.
2019-10-18 00:27:08,713 [EventQueue-ContainerReportForContainerReportHandler] WARN  container.ContainerReportHandler (AbstractContainerReportHandler.java:updateContainerState(145)) - Container #1 is in OPEN state, but the datanode efdea5f7-0978-4608-8df8-907f93177c26{ip: 192.168.164.253, host: pr-hdds-2131-4cx76-1129263384, networkLocation: /default-rack, certSerialId: null} reports an CLOSED replica.
2019-10-18 00:27:08,948 [EventQueue-ContainerReportForContainerReportHandler] WARN  container.ContainerReportHandler (AbstractContainerReportHandler.java:updateContainerState(145)) - Container #1 is in OPEN state, but the datanode 1c196293-af28-4849-9284-4cc1dd56b0a0{ip: 192.168.164.253, host: pr-hdds-2131-4cx76-1129263384, networkLocation: /default-rack, certSerialId: null} reports an CLOSED replica.
2019-10-18 00:27:08,990 [BlockDeletingService#2] WARN  background.BlockDeletingService (BlockDeletingService.java:isDeletionAllowed(187)) - Close Container log Index 6 is not replicated across allthe servers in the pipeline 75404b60-6d3b-4b77-b495-0e05bcbc6a81 as the min replicated index is 4. Deletion is not allowed in this container yet.
2019-10-18 00:27:08,990 [BlockDeletingService#2] WARN  background.BlockDeletingService (BlockDeletingService.java:isDeletionAllowed(187)) - Close Container log Index 6 is not replicated across allthe servers in the pipeline 75404b60-6d3b-4b77-b495-0e05bcbc6a81 as the min replicated index is 4. Deletion is not allowed in this container yet.
2019-10-18 00:27:09,015 [EventQueue-ContainerReportForContainerReportHandler] WARN  container.ContainerReportHandler (AbstractContainerReportHandler.java:updateContainerState(145)) - Container #1 is in OPEN state, but the datanode efdea5f7-0978-4608-8df8-907f93177c26{ip: 192.168.164.253, host: pr-hdds-2131-4cx76-1129263384, networkLocation: /default-rack, certSerialId: null} reports an CLOSED replica.
2019-10-18 00:27:09,314 [EventQueue-ContainerReportForContainerReportHandler] WARN  container.ContainerReportHandler (AbstractContainerReportHandler.java:updateContainerState(145)) - Container #1 is in OPEN state, but the datanode efdea5f7-0978-4608-8df8-907f93177c26{ip: 192.168.164.253, host: pr-hdds-2131-4cx76-1129263384, networkLocation: /default-rack, certSerialId: null} reports an CLOSED replica.
2019-10-18 00:27:09,348 [EventQueue-ContainerReportForContainerReportHandler] WARN  container.ContainerReportHandler (AbstractContainerReportHandler.java:updateContainerState(145)) - Container #1 is in OPEN state, but the datanode 1c196293-af28-4849-9284-4cc1dd56b0a0{ip: 192.168.164.253, host: pr-hdds-2131-4cx76-1129263384, networkLocation: /default-rack, certSerialId: null} reports an CLOSED replica.
2019-10-18 00:27:09,614 [EventQueue-ContainerReportForContainerReportHandler] WARN  container.ContainerReportHandler (AbstractContainerReportHandler.java:updateContainerState(145)) - Container #1 is in OPEN state, but the datanode efdea5f7-0978-4608-8df8-907f93177c26{ip: 192.168.164.253, host: pr-hdds-2131-4cx76-1129263384, networkLocation: /default-rack, certSerialId: null} reports an CLOSED replica.
2019-10-18 00:27:09,650 [EventQueue-ContainerReportForContainerReportHandler] WARN  container.ContainerReportHandler (AbstractContainerReportHandler.java:updateContainerState(145)) - Container #1 is in OPEN state, but the datanode 1c196293-af28-4849-9284-4cc1dd56b0a0{ip: 192.168.164.253, host: pr-hdds-2131-4cx76-1129263384, networkLocation: /default-rack, certSerialId: null} reports an CLOSED replica.
2019-10-18 00:27:09,941 [java.util.concurrent.ThreadPoolExecutor$Worker@18e403b4[State = -1, empty queue]] WARN  server.GrpcLogAppender (GrpcLogAppender.java:timeoutAppendRequest(209)) - efdea5f7-0978-4608-8df8-907f93177c26@group-0E05BCBC6A81->27e27663-33d5-44e8-9c0f-eb0e3c2aee11-GrpcLogAppender: appendEntries Timeout, request=efdea5f7-0978-4608-8df8-907f93177c26->27e27663-33d5-44e8-9c0f-eb0e3c2aee11#27-t7, previous=(t:7, i:10), leaderCommit=10, initializing? false, entries: <empty>
2019-10-18 00:27:09,951 [EventQueue-ContainerReportForContainerReportHandler] WARN  container.ContainerReportHandler (AbstractContainerReportHandler.java:updateContainerState(145)) - Container #1 is in OPEN state, but the datanode 1c196293-af28-4849-9284-4cc1dd56b0a0{ip: 192.168.164.253, host: pr-hdds-2131-4cx76-1129263384, networkLocation: /default-rack, certSerialId: null} reports an CLOSED replica.
2019-10-18 00:27:09,992 [BlockDeletingService#2] WARN  background.BlockDeletingService (BlockDeletingService.java:isDeletionAllowed(187)) - Close Container log Index 6 is not replicated across allthe servers in the pipeline 75404b60-6d3b-4b77-b495-0e05bcbc6a81 as the min replicated index is 4. Deletion is not allowed in this container yet.
2019-10-18 00:27:09,992 [BlockDeletingService#2] WARN  background.BlockDeletingService (BlockDeletingService.java:isDeletionAllowed(187)) - Close Container log Index 6 is not replicated across allthe servers in the pipeline 75404b60-6d3b-4b77-b495-0e05bcbc6a81 as the min replicated index is 4. Deletion is not allowed in this container yet.
2019-10-18 00:27:10,016 [EventQueue-ContainerReportForContainerReportHandler] WARN  container.ContainerReportHandler (AbstractContainerReportHandler.java:updateContainerState(145)) - Container #1 is in OPEN state, but the datanode efdea5f7-0978-4608-8df8-907f93177c26{ip: 192.168.164.253, host: pr-hdds-2131-4cx76-1129263384, networkLocation: /default-rack, certSerialId: null} reports an CLOSED replica.
2019-10-18 00:27:10,250 [EventQueue-ContainerReportForContainerReportHandler] WARN  container.ContainerReportHandler (AbstractContainerReportHandler.java:updateContainerState(145)) - Container #1 is in OPEN state, but the datanode 1c196293-af28-4849-9284-4cc1dd56b0a0{ip: 192.168.164.253, host: pr-hdds-2131-4cx76-1129263384, networkLocation: /default-rack, certSerialId: null} reports an CLOSED replica.
2019-10-18 00:27:10,317 [EventQueue-ContainerReportForContainerReportHandler] WARN  container.ContainerReportHandler (AbstractContainerReportHandler.java:updateContainerState(145)) - Container #1 is in OPEN state, but the datanode efdea5f7-0978-4608-8df8-907f93177c26{ip: 192.168.164.253, host: pr-hdds-2131-4cx76-1129263384, networkLocation: /default-rack, certSerialId: null} reports an CLOSED replica.
2019-10-18 00:27:10,518 [EventQueue-ContainerReportForContainerReportHandler] WARN  container.ContainerReportHandler (AbstractContainerReportHandler.java:updateContainerState(145)) - Container #1 is in OPEN state, but the datanode efdea5f7-0978-4608-8df8-907f93177c26{ip: 192.168.164.253, host: pr-hdds-2131-4cx76-1129263384, networkLocation: /default-rack, certSerialId: null} reports an CLOSED replica.
2019-10-18 00:27:10,551 [EventQueue-ContainerReportForContainerReportHandler] WARN  container.ContainerReportHandler (AbstractContainerReportHandler.java:updateContainerState(145)) - Container #1 is in OPEN state, but the datanode 1c196293-af28-4849-9284-4cc1dd56b0a0{ip: 192.168.164.253, host: pr-hdds-2131-4cx76-1129263384, networkLocation: /default-rack, certSerialId: null} reports an CLOSED replica.
2019-10-18 00:27:10,850 [EventQueue-ContainerReportForContainerReportHandler] WARN  container.ContainerReportHandler (AbstractContainerReportHandler.java:updateContainerState(145)) - Container #1 is in OPEN state, but the datanode 1c196293-af28-4849-9284-4cc1dd56b0a0{ip: 192.168.164.253, host: pr-hdds-2131-4cx76-1129263384, networkLocation: /default-rack, certSerialId: null} reports an CLOSED replica.
2019-10-18 00:27:10,920 [EventQueue-ContainerReportForContainerReportHandler] WARN  container.ContainerReportHandler (AbstractContainerReportHandler.java:updateContainerState(145)) - Container #1 is in OPEN state, but the datanode efdea5f7-0978-4608-8df8-907f93177c26{ip: 192.168.164.253, host: pr-hdds-2131-4cx76-1129263384, networkLocation: /default-rack, certSerialId: null} reports an CLOSED replica.
2019-10-18 00:27:10,994 [BlockDeletingService#2] WARN  background.BlockDeletingService (BlockDeletingService.java:isDeletionAllowed(187)) - Close Container log Index 6 is not replicated across allthe servers in the pipeline 75404b60-6d3b-4b77-b495-0e05bcbc6a81 as the min replicated index is 4. Deletion is not allowed in this container yet.
2019-10-18 00:27:10,994 [BlockDeletingService#2] WARN  background.BlockDeletingService (BlockDeletingService.java:isDeletionAllowed(187)) - Close Container log Index 6 is not replicated across allthe servers in the pipeline 75404b60-6d3b-4b77-b495-0e05bcbc6a81 as the min replicated index is 4. Deletion is not allowed in this container yet.
2019-10-18 00:27:11,150 [EventQueue-ContainerReportForContainerReportHandler] WARN  container.ContainerReportHandler (AbstractContainerReportHandler.java:updateContainerState(145)) - Container #1 is in OPEN state, but the datanode 1c196293-af28-4849-9284-4cc1dd56b0a0{ip: 192.168.164.253, host: pr-hdds-2131-4cx76-1129263384, networkLocation: /default-rack, certSerialId: null} reports an CLOSED replica.
2019-10-18 00:27:11,221 [EventQueue-ContainerReportForContainerReportHandler] WARN  container.ContainerReportHandler (AbstractContainerReportHandler.java:updateContainerState(145)) - Container #1 is in OPEN state, but the datanode efdea5f7-0978-4608-8df8-907f93177c26{ip: 192.168.164.253, host: pr-hdds-2131-4cx76-1129263384, networkLocation: /default-rack, certSerialId: null} reports an CLOSED replica.
2019-10-18 00:27:11,351 [EventQueue-ContainerReportForContainerReportHandler] WARN  container.ContainerReportHandler (AbstractContainerReportHandler.java:updateContainerState(145)) - Container #1 is in OPEN state, but the datanode 1c196293-af28-4849-9284-4cc1dd56b0a0{ip: 192.168.164.253, host: pr-hdds-2131-4cx76-1129263384, networkLocation: /default-rack, certSerialId: null} reports an CLOSED replica.
2019-10-18 00:27:11,621 [EventQueue-ContainerReportForContainerReportHandler] WARN  container.ContainerReportHandler (AbstractContainerReportHandler.java:updateContainerState(145)) - Container #1 is in OPEN state, but the datanode efdea5f7-0978-4608-8df8-907f93177c26{ip: 192.168.164.253, host: pr-hdds-2131-4cx76-1129263384, networkLocation: /default-rack, certSerialId: null} reports an CLOSED replica.
2019-10-18 00:27:11,682 [Thread-396] INFO  client.GrpcClientProtocolService (GrpcClientProtocolService.java:lambda$processClientRequest$0(278)) - Failed RaftClientRequest:client-4C7A307276C4->efdea5f7-0978-4608-8df8-907f93177c26@group-0E05BCBC6A81, cid=10, seq=0, Watch-ALL_COMMITTED(6), Message:<EMPTY>, reply=RaftClientReply:client-4C7A307276C4->efdea5f7-0978-4608-8df8-907f93177c26@group-0E05BCBC6A81, cid=10, FAILED org.apache.ratis.protocol.NotReplicatedException: Request with call Id 10 and log index 6 is not yet replicated to ALL_COMMITTED, logIndex=6, commits[efdea5f7-0978-4608-8df8-907f93177c26:c10, 27e27663-33d5-44e8-9c0f-eb0e3c2aee11:c4, 1c196293-af28-4849-9284-4cc1dd56b0a0:c10]
2019-10-18 00:27:11,750 [EventQueue-ContainerReportForContainerReportHandler] WARN  container.ContainerReportHandler (AbstractContainerReportHandler.java:updateContainerState(145)) - Container #1 is in OPEN state, but the datanode 1c196293-af28-4849-9284-4cc1dd56b0a0{ip: 192.168.164.253, host: pr-hdds-2131-4cx76-1129263384, networkLocation: /default-rack, certSerialId: null} reports an CLOSED replica.
2019-10-18 00:27:11,821 [EventQueue-ContainerReportForContainerReportHandler] WARN  container.ContainerReportHandler (AbstractContainerReportHandler.java:updateContainerState(145)) - Container #1 is in OPEN state, but the datanode efdea5f7-0978-4608-8df8-907f93177c26{ip: 192.168.164.253, host: pr-hdds-2131-4cx76-1129263384, networkLocation: /default-rack, certSerialId: null} reports an CLOSED replica.
2019-10-18 00:27:11,952 [EventQueue-ContainerReportForContainerReportHandler] WARN  container.ContainerReportHandler (AbstractContainerReportHandler.java:updateContainerState(145)) - Container #1 is in OPEN state, but the datanode 1c196293-af28-4849-9284-4cc1dd56b0a0{ip: 192.168.164.253, host: pr-hdds-2131-4cx76-1129263384, networkLocation: /default-rack, certSerialId: null} reports an CLOSED replica.
2019-10-18 00:27:11,996 [BlockDeletingService#2] WARN  background.BlockDeletingService (BlockDeletingService.java:isDeletionAllowed(187)) - Close Container log Index 6 is not replicated across allthe servers in the pipeline 75404b60-6d3b-4b77-b495-0e05bcbc6a81 as the min replicated index is 4. Deletion is not allowed in this container yet.
2019-10-18 00:27:11,996 [BlockDeletingService#2] WARN  background.BlockDeletingService (BlockDeletingService.java:isDeletionAllowed(187)) - Close Container log Index 6 is not replicated across allthe servers in the pipeline 75404b60-6d3b-4b77-b495-0e05bcbc6a81 as the min replicated index is 4. Deletion is not allowed in this container yet.
2019-10-18 00:27:12,120 [EventQueue-ContainerReportForContainerReportHandler] WARN  container.ContainerReportHandler (AbstractContainerReportHandler.java:updateContainerState(145)) - Container #1 is in OPEN state, but the datanode efdea5f7-0978-4608-8df8-907f93177c26{ip: 192.168.164.253, host: pr-hdds-2131-4cx76-1129263384, networkLocation: /default-rack, certSerialId: null} reports an CLOSED replica.
2019-10-18 00:27:12,320 [EventQueue-ContainerReportForContainerReportHandler] WARN  container.ContainerReportHandler (AbstractContainerReportHandler.java:updateContainerState(145)) - Container #1 is in OPEN state, but the datanode efdea5f7-0978-4608-8df8-907f93177c26{ip: 192.168.164.253, host: pr-hdds-2131-4cx76-1129263384, networkLocation: /default-rack, certSerialId: null} reports an CLOSED replica.
2019-10-18 00:27:12,353 [EventQueue-ContainerReportForContainerReportHandler] WARN  container.ContainerReportHandler (AbstractContainerReportHandler.java:updateContainerState(145)) - Container #1 is in OPEN state, but the datanode 1c196293-af28-4849-9284-4cc1dd56b0a0{ip: 192.168.164.253, host: pr-hdds-2131-4cx76-1129263384, networkLocation: /default-rack, certSerialId: null} reports an CLOSED replica.
2019-10-18 00:27:12,443 [java.util.concurrent.ThreadPoolExecutor$Worker@18e403b4[State = -1, empty queue]] WARN  server.GrpcLogAppender (GrpcLogAppender.java:timeoutAppendRequest(209)) - efdea5f7-0978-4608-8df8-907f93177c26@group-0E05BCBC6A81->27e27663-33d5-44e8-9c0f-eb0e3c2aee11-GrpcLogAppender: appendEntries Timeout, request=efdea5f7-0978-4608-8df8-907f93177c26->27e27663-33d5-44e8-9c0f-eb0e3c2aee11#28-t7, previous=(t:7, i:10), leaderCommit=10, initializing? false, entries: <empty>
2019-10-18 00:27:12,521 [EventQueue-ContainerReportForContainerReportHandler] WARN  container.ContainerReportHandler (AbstractContainerReportHandler.java:updateContainerState(145)) - Container #1 is in OPEN state, but the datanode efdea5f7-0978-4608-8df8-907f93177c26{ip: 192.168.164.253, host: pr-hdds-2131-4cx76-1129263384, networkLocation: /default-rack, certSerialId: null} reports an CLOSED replica.
2019-10-18 00:27:12,653 [EventQueue-ContainerReportForContainerReportHandler] WARN  container.ContainerReportHandler (AbstractContainerReportHandler.java:updateContainerState(145)) - Container #1 is in OPEN state, but the datanode 1c196293-af28-4849-9284-4cc1dd56b0a0{ip: 192.168.164.253, host: pr-hdds-2131-4cx76-1129263384, networkLocation: /default-rack, certSerialId: null} reports an CLOSED replica.
2019-10-18 00:27:12,721 [EventQueue-ContainerReportForContainerReportHandler] WARN  container.ContainerReportHandler (AbstractContainerReportHandler.java:updateContainerState(145)) - Container #1 is in OPEN state, but the datanode efdea5f7-0978-4608-8df8-907f93177c26{ip: 192.168.164.253, host: pr-hdds-2131-4cx76-1129263384, networkLocation: /default-rack, certSerialId: null} reports an CLOSED replica.
2019-10-18 00:27:12,954 [EventQueue-ContainerReportForContainerReportHandler] WARN  container.ContainerReportHandler (AbstractContainerReportHandler.java:updateContainerState(145)) - Container #1 is in OPEN state, but the datanode 1c196293-af28-4849-9284-4cc1dd56b0a0{ip: 192.168.164.253, host: pr-hdds-2131-4cx76-1129263384, networkLocation: /default-rack, certSerialId: null} reports an CLOSED replica.
2019-10-18 00:27:12,998 [BlockDeletingService#2] WARN  background.BlockDeletingService (BlockDeletingService.java:isDeletionAllowed(187)) - Close Container log Index 6 is not replicated across allthe servers in the pipeline 75404b60-6d3b-4b77-b495-0e05bcbc6a81 as the min replicated index is 4. Deletion is not allowed in this container yet.
2019-10-18 00:27:12,998 [BlockDeletingService#2] WARN  background.BlockDeletingService (BlockDeletingService.java:isDeletionAllowed(187)) - Close Container log Index 6 is not replicated across allthe servers in the pipeline 75404b60-6d3b-4b77-b495-0e05bcbc6a81 as the min replicated index is 4. Deletion is not allowed in this container yet.
2019-10-18 00:27:13,021 [EventQueue-ContainerReportForContainerReportHandler] WARN  container.ContainerReportHandler (AbstractContainerReportHandler.java:updateContainerState(145)) - Container #1 is in OPEN state, but the datanode efdea5f7-0978-4608-8df8-907f93177c26{ip: 192.168.164.253, host: pr-hdds-2131-4cx76-1129263384, networkLocation: /default-rack, certSerialId: null} reports an CLOSED replica.
2019-10-18 00:27:13,255 [EventQueue-ContainerReportForContainerReportHandler] WARN  container.ContainerReportHandler (AbstractContainerReportHandler.java:updateContainerState(145)) - Container #1 is in OPEN state, but the datanode 1c196293-af28-4849-9284-4cc1dd56b0a0{ip: 192.168.164.253, host: pr-hdds-2131-4cx76-1129263384, networkLocation: /default-rack, certSerialId: null} reports an CLOSED replica.
2019-10-18 00:27:13,321 [EventQueue-ContainerReportForContainerReportHandler] WARN  container.ContainerReportHandler (AbstractContainerReportHandler.java:updateContainerState(145)) - Container #1 is in OPEN state, but the datanode efdea5f7-0978-4608-8df8-907f93177c26{ip: 192.168.164.253, host: pr-hdds-2131-4cx76-1129263384, networkLocation: /default-rack, certSerialId: null} reports an CLOSED replica.
2019-10-18 00:27:13,521 [EventQueue-ContainerReportForContainerReportHandler] WARN  container.ContainerReportHandler (AbstractContainerReportHandler.java:updateContainerState(145)) - Container #1 is in OPEN state, but the datanode efdea5f7-0978-4608-8df8-907f93177c26{ip: 192.168.164.253, host: pr-hdds-2131-4cx76-1129263384, networkLocation: /default-rack, certSerialId: null} reports an CLOSED replica.
2019-10-18 00:27:13,554 [EventQueue-ContainerReportForContainerReportHandler] WARN  container.ContainerReportHandler (AbstractContainerReportHandler.java:updateContainerState(145)) - Container #1 is in OPEN state, but the datanode 1c196293-af28-4849-9284-4cc1dd56b0a0{ip: 192.168.164.253, host: pr-hdds-2131-4cx76-1129263384, networkLocation: /default-rack, certSerialId: null} reports an CLOSED replica.
2019-10-18 00:27:13,821 [EventQueue-ContainerReportForContainerReportHandler] WARN  container.ContainerReportHandler (AbstractContainerReportHandler.java:updateContainerState(145)) - Container #1 is in OPEN state, but the datanode efdea5f7-0978-4608-8df8-907f93177c26{ip: 192.168.164.253, host: pr-hdds-2131-4cx76-1129263384, networkLocation: /default-rack, certSerialId: null} reports an CLOSED replica.
2019-10-18 00:27:13,855 [EventQueue-ContainerReportForContainerReportHandler] WARN  container.ContainerReportHandler (AbstractContainerReportHandler.java:updateContainerState(145)) - Container #1 is in OPEN state, but the datanode 1c196293-af28-4849-9284-4cc1dd56b0a0{ip: 192.168.164.253, host: pr-hdds-2131-4cx76-1129263384, networkLocation: /default-rack, certSerialId: null} reports an CLOSED replica.
2019-10-18 00:27:14,001 [BlockDeletingService#2] WARN  background.BlockDeletingService (BlockDeletingService.java:isDeletionAllowed(187)) - Close Container log Index 6 is not replicated across allthe servers in the pipeline 75404b60-6d3b-4b77-b495-0e05bcbc6a81 as the min replicated index is 4. Deletion is not allowed in this container yet.
2019-10-18 00:27:14,001 [BlockDeletingService#2] WARN  background.BlockDeletingService (BlockDeletingService.java:isDeletionAllowed(187)) - Close Container log Index 6 is not replicated across allthe servers in the pipeline 75404b60-6d3b-4b77-b495-0e05bcbc6a81 as the min replicated index is 4. Deletion is not allowed in this container yet.
2019-10-18 00:27:14,122 [EventQueue-ContainerReportForContainerReportHandler] WARN  container.ContainerReportHandler (AbstractContainerReportHandler.java:updateContainerState(145)) - Container #1 is in OPEN state, but the datanode efdea5f7-0978-4608-8df8-907f93177c26{ip: 192.168.164.253, host: pr-hdds-2131-4cx76-1129263384, networkLocation: /default-rack, certSerialId: null} reports an CLOSED replica.
2019-10-18 00:27:14,155 [EventQueue-ContainerReportForContainerReportHandler] WARN  container.ContainerReportHandler (AbstractContainerReportHandler.java:updateContainerState(145)) - Container #1 is in OPEN state, but the datanode 1c196293-af28-4849-9284-4cc1dd56b0a0{ip: 192.168.164.253, host: pr-hdds-2131-4cx76-1129263384, networkLocation: /default-rack, certSerialId: null} reports an CLOSED replica.
2019-10-18 00:27:14,454 [EventQueue-ContainerReportForContainerReportHandler] WARN  container.ContainerReportHandler (AbstractContainerReportHandler.java:updateContainerState(145)) - Container #1 is in OPEN state, but the datanode 1c196293-af28-4849-9284-4cc1dd56b0a0{ip: 192.168.164.253, host: pr-hdds-2131-4cx76-1129263384, networkLocation: /default-rack, certSerialId: null} reports an CLOSED replica.
2019-10-18 00:27:14,522 [EventQueue-ContainerReportForContainerReportHandler] WARN  container.ContainerReportHandler (AbstractContainerReportHandler.java:updateContainerState(145)) - Container #1 is in OPEN state, but the datanode efdea5f7-0978-4608-8df8-907f93177c26{ip: 192.168.164.253, host: pr-hdds-2131-4cx76-1129263384, networkLocation: /default-rack, certSerialId: null} reports an CLOSED replica.
2019-10-18 00:27:14,755 [EventQueue-ContainerReportForContainerReportHandler] WARN  container.ContainerReportHandler (AbstractContainerReportHandler.java:updateContainerState(145)) - Container #1 is in OPEN state, but the datanode 1c196293-af28-4849-9284-4cc1dd56b0a0{ip: 192.168.164.253, host: pr-hdds-2131-4cx76-1129263384, networkLocation: /default-rack, certSerialId: null} reports an CLOSED replica.
2019-10-18 00:27:14,822 [EventQueue-ContainerReportForContainerReportHandler] WARN  container.ContainerReportHandler (AbstractContainerReportHandler.java:updateContainerState(145)) - Container #1 is in OPEN state, but the datanode efdea5f7-0978-4608-8df8-907f93177c26{ip: 192.168.164.253, host: pr-hdds-2131-4cx76-1129263384, networkLocation: /default-rack, certSerialId: null} reports an CLOSED replica.
2019-10-18 00:27:14,944 [java.util.concurrent.ThreadPoolExecutor$Worker@18e403b4[State = -1, empty queue]] WARN  server.GrpcLogAppender (GrpcLogAppender.java:timeoutAppendRequest(209)) - efdea5f7-0978-4608-8df8-907f93177c26@group-0E05BCBC6A81->27e27663-33d5-44e8-9c0f-eb0e3c2aee11-GrpcLogAppender: appendEntries Timeout, request=efdea5f7-0978-4608-8df8-907f93177c26->27e27663-33d5-44e8-9c0f-eb0e3c2aee11#29-t7, previous=(t:7, i:10), leaderCommit=10, initializing? false, entries: <empty>
2019-10-18 00:27:15,003 [BlockDeletingService#2] WARN  background.BlockDeletingService (BlockDeletingService.java:isDeletionAllowed(187)) - Close Container log Index 6 is not replicated across allthe servers in the pipeline 75404b60-6d3b-4b77-b495-0e05bcbc6a81 as the min replicated index is 4. Deletion is not allowed in this container yet.
2019-10-18 00:27:15,003 [BlockDeletingService#2] WARN  background.BlockDeletingService (BlockDeletingService.java:isDeletionAllowed(187)) - Close Container log Index 6 is not replicated across allthe servers in the pipeline 75404b60-6d3b-4b77-b495-0e05bcbc6a81 as the min replicated index is 4. Deletion is not allowed in this container yet.
2019-10-18 00:27:15,054 [EventQueue-ContainerReportForContainerReportHandler] WARN  container.ContainerReportHandler (AbstractContainerReportHandler.java:updateContainerState(145)) - Container #1 is in OPEN state, but the datanode 1c196293-af28-4849-9284-4cc1dd56b0a0{ip: 192.168.164.253, host: pr-hdds-2131-4cx76-1129263384, networkLocation: /default-rack, certSerialId: null} reports an CLOSED replica.
2019-10-18 00:27:15,122 [EventQueue-ContainerReportForContainerReportHandler] WARN  container.ContainerReportHandler (AbstractContainerReportHandler.java:updateContainerState(145)) - Container #1 is in OPEN state, but the datanode efdea5f7-0978-4608-8df8-907f93177c26{ip: 192.168.164.253, host: pr-hdds-2131-4cx76-1129263384, networkLocation: /default-rack, certSerialId: null} reports an CLOSED replica.
2019-10-18 00:27:15,255 [EventQueue-ContainerReportForContainerReportHandler] WARN  container.ContainerReportHandler (AbstractContainerReportHandler.java:updateContainerState(145)) - Container #1 is in OPEN state, but the datanode 1c196293-af28-4849-9284-4cc1dd56b0a0{ip: 192.168.164.253, host: pr-hdds-2131-4cx76-1129263384, networkLocation: /default-rack, certSerialId: null} reports an CLOSED replica.
2019-10-18 00:27:15,424 [EventQueue-ContainerReportForContainerReportHandler] WARN  container.ContainerReportHandler (AbstractContainerReportHandler.java:updateContainerState(145)) - Container #1 is in OPEN state, but the datanode efdea5f7-0978-4608-8df8-907f93177c26{ip: 192.168.164.253, host: pr-hdds-2131-4cx76-1129263384, networkLocation: /default-rack, certSerialId: null} reports an CLOSED replica.
2019-10-18 00:27:15,555 [EventQueue-ContainerReportForContainerReportHandler] WARN  container.ContainerReportHandler (AbstractContainerReportHandler.java:updateContainerState(145)) - Container #1 is in OPEN state, but the datanode 1c196293-af28-4849-9284-4cc1dd56b0a0{ip: 192.168.164.253, host: pr-hdds-2131-4cx76-1129263384, networkLocation: /default-rack, certSerialId: null} reports an CLOSED replica.
2019-10-18 00:27:15,624 [EventQueue-ContainerReportForContainerReportHandler] WARN  container.ContainerReportHandler (AbstractContainerReportHandler.java:updateContainerState(145)) - Container #1 is in OPEN state, but the datanode efdea5f7-0978-4608-8df8-907f93177c26{ip: 192.168.164.253, host: pr-hdds-2131-4cx76-1129263384, networkLocation: /default-rack, certSerialId: null} reports an CLOSED replica.
2019-10-18 00:27:15,955 [EventQueue-ContainerReportForContainerReportHandler] WARN  container.ContainerReportHandler (AbstractContainerReportHandler.java:updateContainerState(145)) - Container #1 is in OPEN state, but the datanode 1c196293-af28-4849-9284-4cc1dd56b0a0{ip: 192.168.164.253, host: pr-hdds-2131-4cx76-1129263384, networkLocation: /default-rack, certSerialId: null} reports an CLOSED replica.
2019-10-18 00:27:16,005 [BlockDeletingService#2] WARN  background.BlockDeletingService (BlockDeletingService.java:isDeletionAllowed(187)) - Close Container log Index 6 is not replicated across allthe servers in the pipeline 75404b60-6d3b-4b77-b495-0e05bcbc6a81 as the min replicated index is 4. Deletion is not allowed in this container yet.
2019-10-18 00:27:16,005 [BlockDeletingService#2] WARN  background.BlockDeletingService (BlockDeletingService.java:isDeletionAllowed(187)) - Close Container log Index 6 is not replicated across allthe servers in the pipeline 75404b60-6d3b-4b77-b495-0e05bcbc6a81 as the min replicated index is 4. Deletion is not allowed in this container yet.
2019-10-18 00:27:16,024 [EventQueue-ContainerReportForContainerReportHandler] WARN  container.ContainerReportHandler (AbstractContainerReportHandler.java:updateContainerState(145)) - Container #1 is in OPEN state, but the datanode efdea5f7-0978-4608-8df8-907f93177c26{ip: 192.168.164.253, host: pr-hdds-2131-4cx76-1129263384, networkLocation: /default-rack, certSerialId: null} reports an CLOSED replica.
2019-10-18 00:27:16,155 [EventQueue-ContainerReportForContainerReportHandler] WARN  container.ContainerReportHandler (AbstractContainerReportHandler.java:updateContainerState(145)) - Container #1 is in OPEN state, but the datanode 1c196293-af28-4849-9284-4cc1dd56b0a0{ip: 192.168.164.253, host: pr-hdds-2131-4cx76-1129263384, networkLocation: /default-rack, certSerialId: null} reports an CLOSED replica.
2019-10-18 00:27:16,323 [EventQueue-ContainerReportForContainerReportHandler] WARN  container.ContainerReportHandler (AbstractContainerReportHandler.java:updateContainerState(145)) - Container #1 is in OPEN state, but the datanode efdea5f7-0978-4608-8df8-907f93177c26{ip: 192.168.164.253, host: pr-hdds-2131-4cx76-1129263384, networkLocation: /default-rack, certSerialId: null} reports an CLOSED replica.
2019-10-18 00:27:16,524 [EventQueue-ContainerReportForContainerReportHandler] WARN  container.ContainerReportHandler (AbstractContainerReportHandler.java:updateContainerState(145)) - Container #1 is in OPEN state, but the datanode efdea5f7-0978-4608-8df8-907f93177c26{ip: 192.168.164.253, host: pr-hdds-2131-4cx76-1129263384, networkLocation: /default-rack, certSerialId: null} reports an CLOSED replica.
2019-10-18 00:27:16,555 [EventQueue-ContainerReportForContainerReportHandler] WARN  container.ContainerReportHandler (AbstractContainerReportHandler.java:updateContainerState(145)) - Container #1 is in OPEN state, but the datanode 1c196293-af28-4849-9284-4cc1dd56b0a0{ip: 192.168.164.253, host: pr-hdds-2131-4cx76-1129263384, networkLocation: /default-rack, certSerialId: null} reports an CLOSED replica.
2019-10-18 00:27:16,756 [EventQueue-ContainerReportForContainerReportHandler] WARN  container.ContainerReportHandler (AbstractContainerReportHandler.java:updateContainerState(145)) - Container #1 is in OPEN state, but the datanode 1c196293-af28-4849-9284-4cc1dd56b0a0{ip: 192.168.164.253, host: pr-hdds-2131-4cx76-1129263384, networkLocation: /default-rack, certSerialId: null} reports an CLOSED replica.
2019-10-18 00:27:16,825 [EventQueue-ContainerReportForContainerReportHandler] WARN  container.ContainerReportHandler (AbstractContainerReportHandler.java:updateContainerState(145)) - Container #1 is in OPEN state, but the datanode efdea5f7-0978-4608-8df8-907f93177c26{ip: 192.168.164.253, host: pr-hdds-2131-4cx76-1129263384, networkLocation: /default-rack, certSerialId: null} reports an CLOSED replica.
2019-10-18 00:27:17,006 [BlockDeletingService#2] WARN  background.BlockDeletingService (BlockDeletingService.java:isDeletionAllowed(187)) - Close Container log Index 6 is not replicated across allthe servers in the pipeline 75404b60-6d3b-4b77-b495-0e05bcbc6a81 as the min replicated index is 4. Deletion is not allowed in this container yet.
2019-10-18 00:27:17,006 [BlockDeletingService#2] WARN  background.BlockDeletingService (BlockDeletingService.java:isDeletionAllowed(187)) - Close Container log Index 6 is not replicated across allthe servers in the pipeline 75404b60-6d3b-4b77-b495-0e05bcbc6a81 as the min replicated index is 4. Deletion is not allowed in this container yet.
2019-10-18 00:27:17,056 [EventQueue-ContainerReportForContainerReportHandler] WARN  container.ContainerReportHandler (AbstractContainerReportHandler.java:updateContainerState(145)) - Container #1 is in OPEN state, but the datanode 1c196293-af28-4849-9284-4cc1dd56b0a0{ip: 192.168.164.253, host: pr-hdds-2131-4cx76-1129263384, networkLocation: /default-rack, certSerialId: null} reports an CLOSED replica.
2019-10-18 00:27:17,124 [EventQueue-ContainerReportForContainerReportHandler] WARN  container.ContainerReportHandler (AbstractContainerReportHandler.java:updateContainerState(145)) - Container #1 is in OPEN state, but the datanode efdea5f7-0978-4608-8df8-907f93177c26{ip: 192.168.164.253, host: pr-hdds-2131-4cx76-1129263384, networkLocation: /default-rack, certSerialId: null} reports an CLOSED replica.
2019-10-18 00:27:17,356 [EventQueue-ContainerReportForContainerReportHandler] WARN  container.ContainerReportHandler (AbstractContainerReportHandler.java:updateContainerState(145)) - Container #1 is in OPEN state, but the datanode 1c196293-af28-4849-9284-4cc1dd56b0a0{ip: 192.168.164.253, host: pr-hdds-2131-4cx76-1129263384, networkLocation: /default-rack, certSerialId: null} reports an CLOSED replica.
2019-10-18 00:27:17,425 [EventQueue-ContainerReportForContainerReportHandler] WARN  container.ContainerReportHandler (AbstractContainerReportHandler.java:updateContainerState(145)) - Container #1 is in OPEN state, but the datanode efdea5f7-0978-4608-8df8-907f93177c26{ip: 192.168.164.253, host: pr-hdds-2131-4cx76-1129263384, networkLocation: /default-rack, certSerialId: null} reports an CLOSED replica.
2019-10-18 00:27:17,445 [java.util.concurrent.ThreadPoolExecutor$Worker@18e403b4[State = -1, empty queue]] WARN  server.GrpcLogAppender (GrpcLogAppender.java:timeoutAppendRequest(209)) - efdea5f7-0978-4608-8df8-907f93177c26@group-0E05BCBC6A81->27e27663-33d5-44e8-9c0f-eb0e3c2aee11-GrpcLogAppender: appendEntries Timeout, request=efdea5f7-0978-4608-8df8-907f93177c26->27e27663-33d5-44e8-9c0f-eb0e3c2aee11#30-t7, previous=(t:7, i:10), leaderCommit=10, initializing? false, entries: <empty>
2019-10-18 00:27:17,725 [EventQueue-ContainerReportForContainerReportHandler] WARN  container.ContainerReportHandler (AbstractContainerReportHandler.java:updateContainerState(145)) - Container #1 is in OPEN state, but the datanode efdea5f7-0978-4608-8df8-907f93177c26{ip: 192.168.164.253, host: pr-hdds-2131-4cx76-1129263384, networkLocation: /default-rack, certSerialId: null} reports an CLOSED replica.
2019-10-18 00:27:17,756 [EventQueue-ContainerReportForContainerReportHandler] WARN  container.ContainerReportHandler (AbstractContainerReportHandler.java:updateContainerState(145)) - Container #1 is in OPEN state, but the datanode 1c196293-af28-4849-9284-4cc1dd56b0a0{ip: 192.168.164.253, host: pr-hdds-2131-4cx76-1129263384, networkLocation: /default-rack, certSerialId: null} reports an CLOSED replica.
2019-10-18 00:27:17,925 [EventQueue-ContainerReportForContainerReportHandler] WARN  container.ContainerReportHandler (AbstractContainerReportHandler.java:updateContainerState(145)) - Container #1 is in OPEN state, but the datanode efdea5f7-0978-4608-8df8-907f93177c26{ip: 192.168.164.253, host: pr-hdds-2131-4cx76-1129263384, networkLocation: /default-rack, certSerialId: null} reports an CLOSED replica.
2019-10-18 00:27:18,008 [BlockDeletingService#2] WARN  background.BlockDeletingService (BlockDeletingService.java:isDeletionAllowed(187)) - Close Container log Index 6 is not replicated across allthe servers in the pipeline 75404b60-6d3b-4b77-b495-0e05bcbc6a81 as the min replicated index is 4. Deletion is not allowed in this container yet.
2019-10-18 00:27:18,008 [BlockDeletingService#2] WARN  background.BlockDeletingService (BlockDeletingService.java:isDeletionAllowed(187)) - Close Container log Index 6 is not replicated across allthe servers in the pipeline 75404b60-6d3b-4b77-b495-0e05bcbc6a81 as the min replicated index is 4. Deletion is not allowed in this container yet.
2019-10-18 00:27:18,057 [EventQueue-ContainerReportForContainerReportHandler] WARN  container.ContainerReportHandler (AbstractContainerReportHandler.java:updateContainerState(145)) - Container #1 is in OPEN state, but the datanode 1c196293-af28-4849-9284-4cc1dd56b0a0{ip: 192.168.164.253, host: pr-hdds-2131-4cx76-1129263384, networkLocation: /default-rack, certSerialId: null} reports an CLOSED replica.
2019-10-18 00:27:18,325 [EventQueue-ContainerReportForContainerReportHandler] WARN  container.ContainerReportHandler (AbstractContainerReportHandler.java:updateContainerState(145)) - Container #1 is in OPEN state, but the datanode efdea5f7-0978-4608-8df8-907f93177c26{ip: 192.168.164.253, host: pr-hdds-2131-4cx76-1129263384, networkLocation: /default-rack, certSerialId: null} reports an CLOSED replica.
2019-10-18 00:27:18,456 [EventQueue-ContainerReportForContainerReportHandler] WARN  container.ContainerReportHandler (AbstractContainerReportHandler.java:updateContainerState(145)) - Container #1 is in OPEN state, but the datanode 1c196293-af28-4849-9284-4cc1dd56b0a0{ip: 192.168.164.253, host: pr-hdds-2131-4cx76-1129263384, networkLocation: /default-rack, certSerialId: null} reports an CLOSED replica.
2019-10-18 00:27:18,626 [EventQueue-ContainerReportForContainerReportHandler] WARN  container.ContainerReportHandler (AbstractContainerReportHandler.java:updateContainerState(145)) - Container #1 is in OPEN state, but the datanode efdea5f7-0978-4608-8df8-907f93177c26{ip: 192.168.164.253, host: pr-hdds-2131-4cx76-1129263384, networkLocation: /default-rack, certSerialId: null} reports an CLOSED replica.
2019-10-18 00:27:18,656 [EventQueue-ContainerReportForContainerReportHandler] WARN  container.ContainerReportHandler (AbstractContainerReportHandler.java:updateContainerState(145)) - Container #1 is in OPEN state, but the datanode 1c196293-af28-4849-9284-4cc1dd56b0a0{ip: 192.168.164.253, host: pr-hdds-2131-4cx76-1129263384, networkLocation: /default-rack, certSerialId: null} reports an CLOSED replica.
2019-10-18 00:27:18,958 [EventQueue-ContainerReportForContainerReportHandler] WARN  container.ContainerReportHandler (AbstractContainerReportHandler.java:updateContainerState(145)) - Container #1 is in OPEN state, but the datanode 1c196293-af28-4849-9284-4cc1dd56b0a0{ip: 192.168.164.253, host: pr-hdds-2131-4cx76-1129263384, networkLocation: /default-rack, certSerialId: null} reports an CLOSED replica.
2019-10-18 00:27:19,009 [BlockDeletingService#2] WARN  background.BlockDeletingService (BlockDeletingService.java:isDeletionAllowed(187)) - Close Container log Index 6 is not replicated across allthe servers in the pipeline 75404b60-6d3b-4b77-b495-0e05bcbc6a81 as the min replicated index is 4. Deletion is not allowed in this container yet.
2019-10-18 00:27:19,009 [BlockDeletingService#2] WARN  background.BlockDeletingService (BlockDeletingService.java:isDeletionAllowed(187)) - Close Container log Index 6 is not replicated across allthe servers in the pipeline 75404b60-6d3b-4b77-b495-0e05bcbc6a81 as the min replicated index is 4. Deletion is not allowed in this container yet.
2019-10-18 00:27:19,026 [EventQueue-ContainerReportForContainerReportHandler] WARN  container.ContainerReportHandler (AbstractContainerReportHandler.java:updateContainerState(145)) - Container #1 is in OPEN state, but the datanode efdea5f7-0978-4608-8df8-907f93177c26{ip: 192.168.164.253, host: pr-hdds-2131-4cx76-1129263384, networkLocation: /default-rack, certSerialId: null} reports an CLOSED replica.
2019-10-18 00:27:19,325 [EventQueue-ContainerReportForContainerReportHandler] WARN  container.ContainerReportHandler (AbstractContainerReportHandler.java:updateContainerState(145)) - Container #1 is in OPEN state, but the datanode efdea5f7-0978-4608-8df8-907f93177c26{ip: 192.168.164.253, host: pr-hdds-2131-4cx76-1129263384, networkLocation: /default-rack, certSerialId: null} reports an CLOSED replica.
2019-10-18 00:27:19,359 [EventQueue-ContainerReportForContainerReportHandler] WARN  container.ContainerReportHandler (AbstractContainerReportHandler.java:updateContainerState(145)) - Container #1 is in OPEN state, but the datanode 1c196293-af28-4849-9284-4cc1dd56b0a0{ip: 192.168.164.253, host: pr-hdds-2131-4cx76-1129263384, networkLocation: /default-rack, certSerialId: null} reports an CLOSED replica.
2019-10-18 00:27:19,560 [EventQueue-ContainerReportForContainerReportHandler] WARN  container.ContainerReportHandler (AbstractContainerReportHandler.java:updateContainerState(145)) - Container #1 is in OPEN state, but the datanode 1c196293-af28-4849-9284-4cc1dd56b0a0{ip: 192.168.164.253, host: pr-hdds-2131-4cx76-1129263384, networkLocation: /default-rack, certSerialId: null} reports an CLOSED replica.
2019-10-18 00:27:19,727 [EventQueue-ContainerReportForContainerReportHandler] WARN  container.ContainerReportHandler (AbstractContainerReportHandler.java:updateContainerState(145)) - Container #1 is in OPEN state, but the datanode efdea5f7-0978-4608-8df8-907f93177c26{ip: 192.168.164.253, host: pr-hdds-2131-4cx76-1129263384, networkLocation: /default-rack, certSerialId: null} reports an CLOSED replica.
2019-10-18 00:27:19,862 [EventQueue-ContainerReportForContainerReportHandler] WARN  container.ContainerReportHandler (AbstractContainerReportHandler.java:updateContainerState(145)) - Container #1 is in OPEN state, but the datanode 1c196293-af28-4849-9284-4cc1dd56b0a0{ip: 192.168.164.253, host: pr-hdds-2131-4cx76-1129263384, networkLocation: /default-rack, certSerialId: null} reports an CLOSED replica.
2019-10-18 00:27:19,946 [java.util.concurrent.ThreadPoolExecutor$Worker@18e403b4[State = -1, empty queue]] WARN  server.GrpcLogAppender (GrpcLogAppender.java:timeoutAppendRequest(209)) - efdea5f7-0978-4608-8df8-907f93177c26@group-0E05BCBC6A81->27e27663-33d5-44e8-9c0f-eb0e3c2aee11-GrpcLogAppender: appendEntries Timeout, request=efdea5f7-0978-4608-8df8-907f93177c26->27e27663-33d5-44e8-9c0f-eb0e3c2aee11#31-t7, previous=(t:7, i:10), leaderCommit=10, initializing? false, entries: <empty>
2019-10-18 00:27:20,011 [BlockDeletingService#2] WARN  background.BlockDeletingService (BlockDeletingService.java:isDeletionAllowed(187)) - Close Container log Index 6 is not replicated across allthe servers in the pipeline 75404b60-6d3b-4b77-b495-0e05bcbc6a81 as the min replicated index is 4. Deletion is not allowed in this container yet.
2019-10-18 00:27:20,011 [BlockDeletingService#2] WARN  background.BlockDeletingService (BlockDeletingService.java:isDeletionAllowed(187)) - Close Container log Index 6 is not replicated across allthe servers in the pipeline 75404b60-6d3b-4b77-b495-0e05bcbc6a81 as the min replicated index is 4. Deletion is not allowed in this container yet.
2019-10-18 00:27:20,027 [EventQueue-ContainerReportForContainerReportHandler] WARN  container.ContainerReportHandler (AbstractContainerReportHandler.java:updateContainerState(145)) - Container #1 is in OPEN state, but the datanode efdea5f7-0978-4608-8df8-907f93177c26{ip: 192.168.164.253, host: pr-hdds-2131-4cx76-1129263384, networkLocation: /default-rack, certSerialId: null} reports an CLOSED replica.
2019-10-18 00:27:20,062 [EventQueue-ContainerReportForContainerReportHandler] WARN  container.ContainerReportHandler (AbstractContainerReportHandler.java:updateContainerState(145)) - Container #1 is in OPEN state, but the datanode 1c196293-af28-4849-9284-4cc1dd56b0a0{ip: 192.168.164.253, host: pr-hdds-2131-4cx76-1129263384, networkLocation: /default-rack, certSerialId: null} reports an CLOSED replica.
2019-10-18 00:27:20,361 [EventQueue-ContainerReportForContainerReportHandler] WARN  container.ContainerReportHandler (AbstractContainerReportHandler.java:updateContainerState(145)) - Container #1 is in OPEN state, but the datanode 1c196293-af28-4849-9284-4cc1dd56b0a0{ip: 192.168.164.253, host: pr-hdds-2131-4cx76-1129263384, networkLocation: /default-rack, certSerialId: null} reports an CLOSED replica.
2019-10-18 00:27:20,426 [EventQueue-ContainerReportForContainerReportHandler] WARN  container.ContainerReportHandler (AbstractContainerReportHandler.java:updateContainerState(145)) - Container #1 is in OPEN state, but the datanode efdea5f7-0978-4608-8df8-907f93177c26{ip: 192.168.164.253, host: pr-hdds-2131-4cx76-1129263384, networkLocation: /default-rack, certSerialId: null} reports an CLOSED replica.
2019-10-18 00:27:20,662 [EventQueue-ContainerReportForContainerReportHandler] WARN  container.ContainerReportHandler (AbstractContainerReportHandler.java:updateContainerState(145)) - Container #1 is in OPEN state, but the datanode 1c196293-af28-4849-9284-4cc1dd56b0a0{ip: 192.168.164.253, host: pr-hdds-2131-4cx76-1129263384, networkLocation: /default-rack, certSerialId: null} reports an CLOSED replica.
2019-10-18 00:27:20,727 [EventQueue-ContainerReportForContainerReportHandler] WARN  container.ContainerReportHandler (AbstractContainerReportHandler.java:updateContainerState(145)) - Container #1 is in OPEN state, but the datanode efdea5f7-0978-4608-8df8-907f93177c26{ip: 192.168.164.253, host: pr-hdds-2131-4cx76-1129263384, networkLocation: /default-rack, certSerialId: null} reports an CLOSED replica.
2019-10-18 00:27:20,962 [EventQueue-ContainerReportForContainerReportHandler] WARN  container.ContainerReportHandler (AbstractContainerReportHandler.java:updateContainerState(145)) - Container #1 is in OPEN state, but the datanode 1c196293-af28-4849-9284-4cc1dd56b0a0{ip: 192.168.164.253, host: pr-hdds-2131-4cx76-1129263384, networkLocation: /default-rack, certSerialId: null} reports an CLOSED replica.
2019-10-18 00:27:20,992 [Thread-424] INFO  client.GrpcClientProtocolService (GrpcClientProtocolService.java:lambda$processClientRequest$0(278)) - Failed RaftClientRequest:client-4C7A307276C4->1c196293-af28-4849-9284-4cc1dd56b0a0@group-0E05BCBC6A81, cid=10, seq=0, Watch-ALL_COMMITTED(6), Message:<EMPTY>, reply=RaftClientReply:client-4C7A307276C4->1c196293-af28-4849-9284-4cc1dd56b0a0@group-0E05BCBC6A81, cid=10, FAILED org.apache.ratis.protocol.NotLeaderException: Server 1c196293-af28-4849-9284-4cc1dd56b0a0@group-0E05BCBC6A81 is not the leader efdea5f7-0978-4608-8df8-907f93177c26:192.168.164.253:40628, logIndex=0, commits[1c196293-af28-4849-9284-4cc1dd56b0a0:c10, efdea5f7-0978-4608-8df8-907f93177c26:c10, 27e27663-33d5-44e8-9c0f-eb0e3c2aee11:c4]
2019-10-18 00:27:21,012 [BlockDeletingService#2] WARN  background.BlockDeletingService (BlockDeletingService.java:isDeletionAllowed(187)) - Close Container log Index 6 is not replicated across allthe servers in the pipeline 75404b60-6d3b-4b77-b495-0e05bcbc6a81 as the min replicated index is 4. Deletion is not allowed in this container yet.
2019-10-18 00:27:21,012 [BlockDeletingService#2] WARN  background.BlockDeletingService (BlockDeletingService.java:isDeletionAllowed(187)) - Close Container log Index 6 is not replicated across allthe servers in the pipeline 75404b60-6d3b-4b77-b495-0e05bcbc6a81 as the min replicated index is 4. Deletion is not allowed in this container yet.
2019-10-18 00:27:21,129 [EventQueue-ContainerReportForContainerReportHandler] WARN  container.ContainerReportHandler (AbstractContainerReportHandler.java:updateContainerState(145)) - Container #1 is in OPEN state, but the datanode efdea5f7-0978-4608-8df8-907f93177c26{ip: 192.168.164.253, host: pr-hdds-2131-4cx76-1129263384, networkLocation: /default-rack, certSerialId: null} reports an CLOSED replica.
2019-10-18 00:27:21,161 [EventQueue-ContainerReportForContainerReportHandler] WARN  container.ContainerReportHandler (AbstractContainerReportHandler.java:updateContainerState(145)) - Container #1 is in OPEN state, but the datanode 1c196293-af28-4849-9284-4cc1dd56b0a0{ip: 192.168.164.253, host: pr-hdds-2131-4cx76-1129263384, networkLocation: /default-rack, certSerialId: null} reports an CLOSED replica.
2019-10-18 00:27:21,328 [EventQueue-ContainerReportForContainerReportHandler] WARN  container.ContainerReportHandler (AbstractContainerReportHandler.java:updateContainerState(145)) - Container #1 is in OPEN state, but the datanode efdea5f7-0978-4608-8df8-907f93177c26{ip: 192.168.164.253, host: pr-hdds-2131-4cx76-1129263384, networkLocation: /default-rack, certSerialId: null} reports an CLOSED replica.
2019-10-18 00:27:21,362 [EventQueue-ContainerReportForContainerReportHandler] WARN  container.ContainerReportHandler (AbstractContainerReportHandler.java:updateContainerState(145)) - Container #1 is in OPEN state, but the datanode 1c196293-af28-4849-9284-4cc1dd56b0a0{ip: 192.168.164.253, host: pr-hdds-2131-4cx76-1129263384, networkLocation: /default-rack, certSerialId: null} reports an CLOSED replica.
2019-10-18 00:27:21,665 [EventQueue-ContainerReportForContainerReportHandler] WARN  container.ContainerReportHandler (AbstractContainerReportHandler.java:updateContainerState(145)) - Container #1 is in OPEN state, but the datanode 1c196293-af28-4849-9284-4cc1dd56b0a0{ip: 192.168.164.253, host: pr-hdds-2131-4cx76-1129263384, networkLocation: /default-rack, certSerialId: null} reports an CLOSED replica.
2019-10-18 00:27:21,683 [Thread-429] INFO  client.GrpcClientProtocolService (GrpcClientProtocolService.java:lambda$processClientRequest$0(278)) - Failed RaftClientRequest:client-4C7A307276C4->efdea5f7-0978-4608-8df8-907f93177c26@group-0E05BCBC6A81, cid=10, seq=0, Watch-ALL_COMMITTED(6), Message:<EMPTY>, reply=RaftClientReply:client-4C7A307276C4->efdea5f7-0978-4608-8df8-907f93177c26@group-0E05BCBC6A81, cid=10, FAILED org.apache.ratis.protocol.NotReplicatedException: Request with call Id 10 and log index 6 is not yet replicated to ALL_COMMITTED, logIndex=6, commits[efdea5f7-0978-4608-8df8-907f93177c26:c10, 27e27663-33d5-44e8-9c0f-eb0e3c2aee11:c4, 1c196293-af28-4849-9284-4cc1dd56b0a0:c10]
2019-10-18 00:27:21,729 [EventQueue-ContainerReportForContainerReportHandler] WARN  container.ContainerReportHandler (AbstractContainerReportHandler.java:updateContainerState(145)) - Container #1 is in OPEN state, but the datanode efdea5f7-0978-4608-8df8-907f93177c26{ip: 192.168.164.253, host: pr-hdds-2131-4cx76-1129263384, networkLocation: /default-rack, certSerialId: null} reports an CLOSED replica.
2019-10-18 00:27:21,967 [EventQueue-ContainerReportForContainerReportHandler] WARN  container.ContainerReportHandler (AbstractContainerReportHandler.java:updateContainerState(145)) - Container #1 is in OPEN state, but the datanode 1c196293-af28-4849-9284-4cc1dd56b0a0{ip: 192.168.164.253, host: pr-hdds-2131-4cx76-1129263384, networkLocation: /default-rack, certSerialId: null} reports an CLOSED replica.
2019-10-18 00:27:22,014 [BlockDeletingService#2] WARN  background.BlockDeletingService (BlockDeletingService.java:isDeletionAllowed(187)) - Close Container log Index 6 is not replicated across allthe servers in the pipeline 75404b60-6d3b-4b77-b495-0e05bcbc6a81 as the min replicated index is 4. Deletion is not allowed in this container yet.
2019-10-18 00:27:22,016 [BlockDeletingService#2] WARN  background.BlockDeletingService (BlockDeletingService.java:isDeletionAllowed(187)) - Close Container log Index 6 is not replicated across allthe servers in the pipeline 75404b60-6d3b-4b77-b495-0e05bcbc6a81 as the min replicated index is 4. Deletion is not allowed in this container yet.
2019-10-18 00:27:22,028 [EventQueue-ContainerReportForContainerReportHandler] WARN  container.ContainerReportHandler (AbstractContainerReportHandler.java:updateContainerState(145)) - Container #1 is in OPEN state, but the datanode efdea5f7-0978-4608-8df8-907f93177c26{ip: 192.168.164.253, host: pr-hdds-2131-4cx76-1129263384, networkLocation: /default-rack, certSerialId: null} reports an CLOSED replica.
2019-10-18 00:27:22,366 [EventQueue-ContainerReportForContainerReportHandler] WARN  container.ContainerReportHandler (AbstractContainerReportHandler.java:updateContainerState(145)) - Container #1 is in OPEN state, but the datanode 1c196293-af28-4849-9284-4cc1dd56b0a0{ip: 192.168.164.253, host: pr-hdds-2131-4cx76-1129263384, networkLocation: /default-rack, certSerialId: null} reports an CLOSED replica.
2019-10-18 00:27:22,428 [EventQueue-ContainerReportForContainerReportHandler] WARN  container.ContainerReportHandler (AbstractContainerReportHandler.java:updateContainerState(145)) - Container #1 is in OPEN state, but the datanode efdea5f7-0978-4608-8df8-907f93177c26{ip: 192.168.164.253, host: pr-hdds-2131-4cx76-1129263384, networkLocation: /default-rack, certSerialId: null} reports an CLOSED replica.
2019-10-18 00:27:22,447 [java.util.concurrent.ThreadPoolExecutor$Worker@18e403b4[State = -1, empty queue]] WARN  server.GrpcLogAppender (GrpcLogAppender.java:timeoutAppendRequest(209)) - efdea5f7-0978-4608-8df8-907f93177c26@group-0E05BCBC6A81->27e27663-33d5-44e8-9c0f-eb0e3c2aee11-GrpcLogAppender: appendEntries Timeout, request=efdea5f7-0978-4608-8df8-907f93177c26->27e27663-33d5-44e8-9c0f-eb0e3c2aee11#32-t7, previous=(t:7, i:10), leaderCommit=10, initializing? false, entries: <empty>
2019-10-18 00:27:22,667 [EventQueue-ContainerReportForContainerReportHandler] WARN  container.ContainerReportHandler (AbstractContainerReportHandler.java:updateContainerState(145)) - Container #1 is in OPEN state, but the datanode 1c196293-af28-4849-9284-4cc1dd56b0a0{ip: 192.168.164.253, host: pr-hdds-2131-4cx76-1129263384, networkLocation: /default-rack, certSerialId: null} reports an CLOSED replica.
2019-10-18 00:27:22,728 [EventQueue-ContainerReportForContainerReportHandler] WARN  container.ContainerReportHandler (AbstractContainerReportHandler.java:updateContainerState(145)) - Container #1 is in OPEN state, but the datanode efdea5f7-0978-4608-8df8-907f93177c26{ip: 192.168.164.253, host: pr-hdds-2131-4cx76-1129263384, networkLocation: /default-rack, certSerialId: null} reports an CLOSED replica.
2019-10-18 00:27:23,021 [BlockDeletingService#2] WARN  background.BlockDeletingService (BlockDeletingService.java:isDeletionAllowed(187)) - Close Container log Index 6 is not replicated across allthe servers in the pipeline 75404b60-6d3b-4b77-b495-0e05bcbc6a81 as the min replicated index is 4. Deletion is not allowed in this container yet.
2019-10-18 00:27:23,021 [BlockDeletingService#2] WARN  background.BlockDeletingService (BlockDeletingService.java:isDeletionAllowed(187)) - Close Container log Index 6 is not replicated across allthe servers in the pipeline 75404b60-6d3b-4b77-b495-0e05bcbc6a81 as the min replicated index is 4. Deletion is not allowed in this container yet.
2019-10-18 00:27:23,028 [EventQueue-ContainerReportForContainerReportHandler] WARN  container.ContainerReportHandler (AbstractContainerReportHandler.java:updateContainerState(145)) - Container #1 is in OPEN state, but the datanode efdea5f7-0978-4608-8df8-907f93177c26{ip: 192.168.164.253, host: pr-hdds-2131-4cx76-1129263384, networkLocation: /default-rack, certSerialId: null} reports an CLOSED replica.
2019-10-18 00:27:23,069 [EventQueue-ContainerReportForContainerReportHandler] WARN  container.ContainerReportHandler (AbstractContainerReportHandler.java:updateContainerState(145)) - Container #1 is in OPEN state, but the datanode 1c196293-af28-4849-9284-4cc1dd56b0a0{ip: 192.168.164.253, host: pr-hdds-2131-4cx76-1129263384, networkLocation: /default-rack, certSerialId: null} reports an CLOSED replica.
2019-10-18 00:27:23,368 [EventQueue-ContainerReportForContainerReportHandler] WARN  container.ContainerReportHandler (AbstractContainerReportHandler.java:updateContainerState(145)) - Container #1 is in OPEN state, but the datanode 1c196293-af28-4849-9284-4cc1dd56b0a0{ip: 192.168.164.253, host: pr-hdds-2131-4cx76-1129263384, networkLocation: /default-rack, certSerialId: null} reports an CLOSED replica.
2019-10-18 00:27:23,428 [EventQueue-ContainerReportForContainerReportHandler] WARN  container.ContainerReportHandler (AbstractContainerReportHandler.java:updateContainerState(145)) - Container #1 is in OPEN state, but the datanode efdea5f7-0978-4608-8df8-907f93177c26{ip: 192.168.164.253, host: pr-hdds-2131-4cx76-1129263384, networkLocation: /default-rack, certSerialId: null} reports an CLOSED replica.
2019-10-18 00:27:23,671 [EventQueue-ContainerReportForContainerReportHandler] WARN  container.ContainerReportHandler (AbstractContainerReportHandler.java:updateContainerState(145)) - Container #1 is in OPEN state, but the datanode 1c196293-af28-4849-9284-4cc1dd56b0a0{ip: 192.168.164.253, host: pr-hdds-2131-4cx76-1129263384, networkLocation: /default-rack, certSerialId: null} reports an CLOSED replica.
2019-10-18 00:27:23,728 [EventQueue-ContainerReportForContainerReportHandler] WARN  container.ContainerReportHandler (AbstractContainerReportHandler.java:updateContainerState(145)) - Container #1 is in OPEN state, but the datanode efdea5f7-0978-4608-8df8-907f93177c26{ip: 192.168.164.253, host: pr-hdds-2131-4cx76-1129263384, networkLocation: /default-rack, certSerialId: null} reports an CLOSED replica.
2019-10-18 00:27:23,873 [EventQueue-ContainerReportForContainerReportHandler] WARN  container.ContainerReportHandler (AbstractContainerReportHandler.java:updateContainerState(145)) - Container #1 is in OPEN state, but the datanode 1c196293-af28-4849-9284-4cc1dd56b0a0{ip: 192.168.164.253, host: pr-hdds-2131-4cx76-1129263384, networkLocation: /default-rack, certSerialId: null} reports an CLOSED replica.
2019-10-18 00:27:24,023 [BlockDeletingService#2] WARN  background.BlockDeletingService (BlockDeletingService.java:isDeletionAllowed(187)) - Close Container log Index 6 is not replicated across allthe servers in the pipeline 75404b60-6d3b-4b77-b495-0e05bcbc6a81 as the min replicated index is 4. Deletion is not allowed in this container yet.
2019-10-18 00:27:24,023 [BlockDeletingService#2] WARN  background.BlockDeletingService (BlockDeletingService.java:isDeletionAllowed(187)) - Close Container log Index 6 is not replicated across allthe servers in the pipeline 75404b60-6d3b-4b77-b495-0e05bcbc6a81 as the min replicated index is 4. Deletion is not allowed in this container yet.
2019-10-18 00:27:24,028 [EventQueue-ContainerReportForContainerReportHandler] WARN  container.ContainerReportHandler (AbstractContainerReportHandler.java:updateContainerState(145)) - Container #1 is in OPEN state, but the datanode efdea5f7-0978-4608-8df8-907f93177c26{ip: 192.168.164.253, host: pr-hdds-2131-4cx76-1129263384, networkLocation: /default-rack, certSerialId: null} reports an CLOSED replica.
2019-10-18 00:27:24,173 [EventQueue-ContainerReportForContainerReportHandler] WARN  container.ContainerReportHandler (AbstractContainerReportHandler.java:updateContainerState(145)) - Container #1 is in OPEN state, but the datanode 1c196293-af28-4849-9284-4cc1dd56b0a0{ip: 192.168.164.253, host: pr-hdds-2131-4cx76-1129263384, networkLocation: /default-rack, certSerialId: null} reports an CLOSED replica.
2019-10-18 00:27:24,228 [EventQueue-ContainerReportForContainerReportHandler] WARN  container.ContainerReportHandler (AbstractContainerReportHandler.java:updateContainerState(145)) - Container #1 is in OPEN state, but the datanode efdea5f7-0978-4608-8df8-907f93177c26{ip: 192.168.164.253, host: pr-hdds-2131-4cx76-1129263384, networkLocation: /default-rack, certSerialId: null} reports an CLOSED replica.
2019-10-18 00:27:24,529 [EventQueue-ContainerReportForContainerReportHandler] WARN  container.ContainerReportHandler (AbstractContainerReportHandler.java:updateContainerState(145)) - Container #1 is in OPEN state, but the datanode efdea5f7-0978-4608-8df8-907f93177c26{ip: 192.168.164.253, host: pr-hdds-2131-4cx76-1129263384, networkLocation: /default-rack, certSerialId: null} reports an CLOSED replica.
2019-10-18 00:27:24,574 [EventQueue-ContainerReportForContainerReportHandler] WARN  container.ContainerReportHandler (AbstractContainerReportHandler.java:updateContainerState(145)) - Container #1 is in OPEN state, but the datanode 1c196293-af28-4849-9284-4cc1dd56b0a0{ip: 192.168.164.253, host: pr-hdds-2131-4cx76-1129263384, networkLocation: /default-rack, certSerialId: null} reports an CLOSED replica.
2019-10-18 00:27:24,828 [EventQueue-ContainerReportForContainerReportHandler] WARN  container.ContainerReportHandler (AbstractContainerReportHandler.java:updateContainerState(145)) - Container #1 is in OPEN state, but the datanode efdea5f7-0978-4608-8df8-907f93177c26{ip: 192.168.164.253, host: pr-hdds-2131-4cx76-1129263384, networkLocation: /default-rack, certSerialId: null} reports an CLOSED replica.
2019-10-18 00:27:24,948 [java.util.concurrent.ThreadPoolExecutor$Worker@18e403b4[State = -1, empty queue]] WARN  server.GrpcLogAppender (GrpcLogAppender.java:timeoutAppendRequest(209)) - efdea5f7-0978-4608-8df8-907f93177c26@group-0E05BCBC6A81->27e27663-33d5-44e8-9c0f-eb0e3c2aee11-GrpcLogAppender: appendEntries Timeout, request=efdea5f7-0978-4608-8df8-907f93177c26->27e27663-33d5-44e8-9c0f-eb0e3c2aee11#33-t7, previous=(t:7, i:10), leaderCommit=10, initializing? false, entries: <empty>
2019-10-18 00:27:24,974 [EventQueue-ContainerReportForContainerReportHandler] WARN  container.ContainerReportHandler (AbstractContainerReportHandler.java:updateContainerState(145)) - Container #1 is in OPEN state, but the datanode 1c196293-af28-4849-9284-4cc1dd56b0a0{ip: 192.168.164.253, host: pr-hdds-2131-4cx76-1129263384, networkLocation: /default-rack, certSerialId: null} reports an CLOSED replica.
2019-10-18 00:27:25,025 [BlockDeletingService#2] WARN  background.BlockDeletingService (BlockDeletingService.java:isDeletionAllowed(187)) - Close Container log Index 6 is not replicated across allthe servers in the pipeline 75404b60-6d3b-4b77-b495-0e05bcbc6a81 as the min replicated index is 4. Deletion is not allowed in this container yet.
2019-10-18 00:27:25,025 [BlockDeletingService#2] WARN  background.BlockDeletingService (BlockDeletingService.java:isDeletionAllowed(187)) - Close Container log Index 6 is not replicated across allthe servers in the pipeline 75404b60-6d3b-4b77-b495-0e05bcbc6a81 as the min replicated index is 4. Deletion is not allowed in this container yet.
2019-10-18 00:27:25,175 [EventQueue-ContainerReportForContainerReportHandler] WARN  container.ContainerReportHandler (AbstractContainerReportHandler.java:updateContainerState(145)) - Container #1 is in OPEN state, but the datanode 1c196293-af28-4849-9284-4cc1dd56b0a0{ip: 192.168.164.253, host: pr-hdds-2131-4cx76-1129263384, networkLocation: /default-rack, certSerialId: null} reports an CLOSED replica.
2019-10-18 00:27:25,230 [EventQueue-ContainerReportForContainerReportHandler] WARN  container.ContainerReportHandler (AbstractContainerReportHandler.java:updateContainerState(145)) - Container #1 is in OPEN state, but the datanode efdea5f7-0978-4608-8df8-907f93177c26{ip: 192.168.164.253, host: pr-hdds-2131-4cx76-1129263384, networkLocation: /default-rack, certSerialId: null} reports an CLOSED replica.
2019-10-18 00:27:25,474 [EventQueue-ContainerReportForContainerReportHandler] WARN  container.ContainerReportHandler (AbstractContainerReportHandler.java:updateContainerState(145)) - Container #1 is in OPEN state, but the datanode 1c196293-af28-4849-9284-4cc1dd56b0a0{ip: 192.168.164.253, host: pr-hdds-2131-4cx76-1129263384, networkLocation: /default-rack, certSerialId: null} reports an CLOSED replica.
2019-10-18 00:27:25,529 [EventQueue-ContainerReportForContainerReportHandler] WARN  container.ContainerReportHandler (AbstractContainerReportHandler.java:updateContainerState(145)) - Container #1 is in OPEN state, but the datanode efdea5f7-0978-4608-8df8-907f93177c26{ip: 192.168.164.253, host: pr-hdds-2131-4cx76-1129263384, networkLocation: /default-rack, certSerialId: null} reports an CLOSED replica.
2019-10-18 00:27:25,729 [EventQueue-ContainerReportForContainerReportHandler] WARN  container.ContainerReportHandler (AbstractContainerReportHandler.java:updateContainerState(145)) - Container #1 is in OPEN state, but the datanode efdea5f7-0978-4608-8df8-907f93177c26{ip: 192.168.164.253, host: pr-hdds-2131-4cx76-1129263384, networkLocation: /default-rack, certSerialId: null} reports an CLOSED replica.
2019-10-18 00:27:25,877 [EventQueue-ContainerReportForContainerReportHandler] WARN  container.ContainerReportHandler (AbstractContainerReportHandler.java:updateContainerState(145)) - Container #1 is in OPEN state, but the datanode 1c196293-af28-4849-9284-4cc1dd56b0a0{ip: 192.168.164.253, host: pr-hdds-2131-4cx76-1129263384, networkLocation: /default-rack, certSerialId: null} reports an CLOSED replica.
2019-10-18 00:27:26,027 [BlockDeletingService#2] WARN  background.BlockDeletingService (BlockDeletingService.java:isDeletionAllowed(187)) - Close Container log Index 6 is not replicated across allthe servers in the pipeline 75404b60-6d3b-4b77-b495-0e05bcbc6a81 as the min replicated index is 4. Deletion is not allowed in this container yet.
2019-10-18 00:27:26,027 [BlockDeletingService#2] WARN  background.BlockDeletingService (BlockDeletingService.java:isDeletionAllowed(187)) - Close Container log Index 6 is not replicated across allthe servers in the pipeline 75404b60-6d3b-4b77-b495-0e05bcbc6a81 as the min replicated index is 4. Deletion is not allowed in this container yet.
2019-10-18 00:27:26,029 [EventQueue-ContainerReportForContainerReportHandler] WARN  container.ContainerReportHandler (AbstractContainerReportHandler.java:updateContainerState(145)) - Container #1 is in OPEN state, but the datanode efdea5f7-0978-4608-8df8-907f93177c26{ip: 192.168.164.253, host: pr-hdds-2131-4cx76-1129263384, networkLocation: /default-rack, certSerialId: null} reports an CLOSED replica.
2019-10-18 00:27:26,176 [EventQueue-ContainerReportForContainerReportHandler] WARN  container.ContainerReportHandler (AbstractContainerReportHandler.java:updateContainerState(145)) - Container #1 is in OPEN state, but the datanode 1c196293-af28-4849-9284-4cc1dd56b0a0{ip: 192.168.164.253, host: pr-hdds-2131-4cx76-1129263384, networkLocation: /default-rack, certSerialId: null} reports an CLOSED replica.
2019-10-18 00:27:26,329 [EventQueue-ContainerReportForContainerReportHandler] WARN  container.ContainerReportHandler (AbstractContainerReportHandler.java:updateContainerState(145)) - Container #1 is in OPEN state, but the datanode efdea5f7-0978-4608-8df8-907f93177c26{ip: 192.168.164.253, host: pr-hdds-2131-4cx76-1129263384, networkLocation: /default-rack, certSerialId: null} reports an CLOSED replica.
2019-10-18 00:27:26,376 [EventQueue-ContainerReportForContainerReportHandler] WARN  container.ContainerReportHandler (AbstractContainerReportHandler.java:updateContainerState(145)) - Container #1 is in OPEN state, but the datanode 1c196293-af28-4849-9284-4cc1dd56b0a0{ip: 192.168.164.253, host: pr-hdds-2131-4cx76-1129263384, networkLocation: /default-rack, certSerialId: null} reports an CLOSED replica.
2019-10-18 00:27:26,630 [EventQueue-ContainerReportForContainerReportHandler] WARN  container.ContainerReportHandler (AbstractContainerReportHandler.java:updateContainerState(145)) - Container #1 is in OPEN state, but the datanode efdea5f7-0978-4608-8df8-907f93177c26{ip: 192.168.164.253, host: pr-hdds-2131-4cx76-1129263384, networkLocation: /default-rack, certSerialId: null} reports an CLOSED replica.
2019-10-18 00:27:26,776 [EventQueue-ContainerReportForContainerReportHandler] WARN  container.ContainerReportHandler (AbstractContainerReportHandler.java:updateContainerState(145)) - Container #1 is in OPEN state, but the datanode 1c196293-af28-4849-9284-4cc1dd56b0a0{ip: 192.168.164.253, host: pr-hdds-2131-4cx76-1129263384, networkLocation: /default-rack, certSerialId: null} reports an CLOSED replica.
2019-10-18 00:27:26,930 [EventQueue-ContainerReportForContainerReportHandler] WARN  container.ContainerReportHandler (AbstractContainerReportHandler.java:updateContainerState(145)) - Container #1 is in OPEN state, but the datanode efdea5f7-0978-4608-8df8-907f93177c26{ip: 192.168.164.253, host: pr-hdds-2131-4cx76-1129263384, networkLocation: /default-rack, certSerialId: null} reports an CLOSED replica.
2019-10-18 00:27:27,029 [BlockDeletingService#2] WARN  background.BlockDeletingService (BlockDeletingService.java:isDeletionAllowed(187)) - Close Container log Index 6 is not replicated across allthe servers in the pipeline 75404b60-6d3b-4b77-b495-0e05bcbc6a81 as the min replicated index is 4. Deletion is not allowed in this container yet.
2019-10-18 00:27:27,029 [BlockDeletingService#2] WARN  background.BlockDeletingService (BlockDeletingService.java:isDeletionAllowed(187)) - Close Container log Index 6 is not replicated across allthe servers in the pipeline 75404b60-6d3b-4b77-b495-0e05bcbc6a81 as the min replicated index is 4. Deletion is not allowed in this container yet.
2019-10-18 00:27:27,077 [EventQueue-ContainerReportForContainerReportHandler] WARN  container.ContainerReportHandler (AbstractContainerReportHandler.java:updateContainerState(145)) - Container #1 is in OPEN state, but the datanode 1c196293-af28-4849-9284-4cc1dd56b0a0{ip: 192.168.164.253, host: pr-hdds-2131-4cx76-1129263384, networkLocation: /default-rack, certSerialId: null} reports an CLOSED replica.
2019-10-18 00:27:27,229 [EventQueue-ContainerReportForContainerReportHandler] WARN  container.ContainerReportHandler (AbstractContainerReportHandler.java:updateContainerState(145)) - Container #1 is in OPEN state, but the datanode efdea5f7-0978-4608-8df8-907f93177c26{ip: 192.168.164.253, host: pr-hdds-2131-4cx76-1129263384, networkLocation: /default-rack, certSerialId: null} reports an CLOSED replica.
2019-10-18 00:27:27,450 [java.util.concurrent.ThreadPoolExecutor$Worker@18e403b4[State = -1, empty queue]] WARN  server.GrpcLogAppender (GrpcLogAppender.java:timeoutAppendRequest(209)) - efdea5f7-0978-4608-8df8-907f93177c26@group-0E05BCBC6A81->27e27663-33d5-44e8-9c0f-eb0e3c2aee11-GrpcLogAppender: appendEntries Timeout, request=efdea5f7-0978-4608-8df8-907f93177c26->27e27663-33d5-44e8-9c0f-eb0e3c2aee11#34-t7, previous=(t:7, i:10), leaderCommit=10, initializing? false, entries: <empty>
2019-10-18 00:27:27,477 [EventQueue-ContainerReportForContainerReportHandler] WARN  container.ContainerReportHandler (AbstractContainerReportHandler.java:updateContainerState(145)) - Container #1 is in OPEN state, but the datanode 1c196293-af28-4849-9284-4cc1dd56b0a0{ip: 192.168.164.253, host: pr-hdds-2131-4cx76-1129263384, networkLocation: /default-rack, certSerialId: null} reports an CLOSED replica.
2019-10-18 00:27:27,530 [EventQueue-ContainerReportForContainerReportHandler] WARN  container.ContainerReportHandler (AbstractContainerReportHandler.java:updateContainerState(145)) - Container #1 is in OPEN state, but the datanode efdea5f7-0978-4608-8df8-907f93177c26{ip: 192.168.164.253, host: pr-hdds-2131-4cx76-1129263384, networkLocation: /default-rack, certSerialId: null} reports an CLOSED replica.
2019-10-18 00:27:27,678 [EventQueue-ContainerReportForContainerReportHandler] WARN  container.ContainerReportHandler (AbstractContainerReportHandler.java:updateContainerState(145)) - Container #1 is in OPEN state, but the datanode 1c196293-af28-4849-9284-4cc1dd56b0a0{ip: 192.168.164.253, host: pr-hdds-2131-4cx76-1129263384, networkLocation: /default-rack, certSerialId: null} reports an CLOSED replica.
2019-10-18 00:27:27,931 [EventQueue-ContainerReportForContainerReportHandler] WARN  container.ContainerReportHandler (AbstractContainerReportHandler.java:updateContainerState(145)) - Container #1 is in OPEN state, but the datanode efdea5f7-0978-4608-8df8-907f93177c26{ip: 192.168.164.253, host: pr-hdds-2131-4cx76-1129263384, networkLocation: /default-rack, certSerialId: null} reports an CLOSED replica.
2019-10-18 00:27:28,030 [BlockDeletingService#2] WARN  background.BlockDeletingService (BlockDeletingService.java:isDeletionAllowed(187)) - Close Container log Index 6 is not replicated across allthe servers in the pipeline 75404b60-6d3b-4b77-b495-0e05bcbc6a81 as the min replicated index is 4. Deletion is not allowed in this container yet.
2019-10-18 00:27:28,030 [BlockDeletingService#2] WARN  background.BlockDeletingService (BlockDeletingService.java:isDeletionAllowed(187)) - Close Container log Index 6 is not replicated across allthe servers in the pipeline 75404b60-6d3b-4b77-b495-0e05bcbc6a81 as the min replicated index is 4. Deletion is not allowed in this container yet.
2019-10-18 00:27:28,077 [EventQueue-ContainerReportForContainerReportHandler] WARN  container.ContainerReportHandler (AbstractContainerReportHandler.java:updateContainerState(145)) - Container #1 is in OPEN state, but the datanode 1c196293-af28-4849-9284-4cc1dd56b0a0{ip: 192.168.164.253, host: pr-hdds-2131-4cx76-1129263384, networkLocation: /default-rack, certSerialId: null} reports an CLOSED replica.
2019-10-18 00:27:28,232 [EventQueue-ContainerReportForContainerReportHandler] WARN  container.ContainerReportHandler (AbstractContainerReportHandler.java:updateContainerState(145)) - Container #1 is in OPEN state, but the datanode efdea5f7-0978-4608-8df8-907f93177c26{ip: 192.168.164.253, host: pr-hdds-2131-4cx76-1129263384, networkLocation: /default-rack, certSerialId: null} reports an CLOSED replica.
2019-10-18 00:27:28,378 [EventQueue-ContainerReportForContainerReportHandler] WARN  container.ContainerReportHandler (AbstractContainerReportHandler.java:updateContainerState(145)) - Container #1 is in OPEN state, but the datanode 1c196293-af28-4849-9284-4cc1dd56b0a0{ip: 192.168.164.253, host: pr-hdds-2131-4cx76-1129263384, networkLocation: /default-rack, certSerialId: null} reports an CLOSED replica.
2019-10-18 00:27:28,531 [EventQueue-ContainerReportForContainerReportHandler] WARN  container.ContainerReportHandler (AbstractContainerReportHandler.java:updateContainerState(145)) - Container #1 is in OPEN state, but the datanode efdea5f7-0978-4608-8df8-907f93177c26{ip: 192.168.164.253, host: pr-hdds-2131-4cx76-1129263384, networkLocation: /default-rack, certSerialId: null} reports an CLOSED replica.
2019-10-18 00:27:28,678 [EventQueue-ContainerReportForContainerReportHandler] WARN  container.ContainerReportHandler (AbstractContainerReportHandler.java:updateContainerState(145)) - Container #1 is in OPEN state, but the datanode 1c196293-af28-4849-9284-4cc1dd56b0a0{ip: 192.168.164.253, host: pr-hdds-2131-4cx76-1129263384, networkLocation: /default-rack, certSerialId: null} reports an CLOSED replica.
2019-10-18 00:27:28,931 [EventQueue-ContainerReportForContainerReportHandler] WARN  container.ContainerReportHandler (AbstractContainerReportHandler.java:updateContainerState(145)) - Container #1 is in OPEN state, but the datanode efdea5f7-0978-4608-8df8-907f93177c26{ip: 192.168.164.253, host: pr-hdds-2131-4cx76-1129263384, networkLocation: /default-rack, certSerialId: null} reports an CLOSED replica.
2019-10-18 00:27:28,978 [EventQueue-ContainerReportForContainerReportHandler] WARN  container.ContainerReportHandler (AbstractContainerReportHandler.java:updateContainerState(145)) - Container #1 is in OPEN state, but the datanode 1c196293-af28-4849-9284-4cc1dd56b0a0{ip: 192.168.164.253, host: pr-hdds-2131-4cx76-1129263384, networkLocation: /default-rack, certSerialId: null} reports an CLOSED replica.
2019-10-18 00:27:29,032 [BlockDeletingService#2] WARN  background.BlockDeletingService (BlockDeletingService.java:isDeletionAllowed(187)) - Close Container log Index 6 is not replicated across allthe servers in the pipeline 75404b60-6d3b-4b77-b495-0e05bcbc6a81 as the min replicated index is 4. Deletion is not allowed in this container yet.
2019-10-18 00:27:29,032 [BlockDeletingService#2] WARN  background.BlockDeletingService (BlockDeletingService.java:isDeletionAllowed(187)) - Close Container log Index 6 is not replicated across allthe servers in the pipeline 75404b60-6d3b-4b77-b495-0e05bcbc6a81 as the min replicated index is 4. Deletion is not allowed in this container yet.
2019-10-18 00:27:29,231 [EventQueue-ContainerReportForContainerReportHandler] WARN  container.ContainerReportHandler (AbstractContainerReportHandler.java:updateContainerState(145)) - Container #1 is in OPEN state, but the datanode efdea5f7-0978-4608-8df8-907f93177c26{ip: 192.168.164.253, host: pr-hdds-2131-4cx76-1129263384, networkLocation: /default-rack, certSerialId: null} reports an CLOSED replica.
2019-10-18 00:27:29,278 [EventQueue-ContainerReportForContainerReportHandler] WARN  container.ContainerReportHandler (AbstractContainerReportHandler.java:updateContainerState(145)) - Container #1 is in OPEN state, but the datanode 1c196293-af28-4849-9284-4cc1dd56b0a0{ip: 192.168.164.253, host: pr-hdds-2131-4cx76-1129263384, networkLocation: /default-rack, certSerialId: null} reports an CLOSED replica.
2019-10-18 00:27:29,581 [EventQueue-ContainerReportForContainerReportHandler] WARN  container.ContainerReportHandler (AbstractContainerReportHandler.java:updateContainerState(145)) - Container #1 is in OPEN state, but the datanode 1c196293-af28-4849-9284-4cc1dd56b0a0{ip: 192.168.164.253, host: pr-hdds-2131-4cx76-1129263384, networkLocation: /default-rack, certSerialId: null} reports an CLOSED replica.
2019-10-18 00:27:29,631 [EventQueue-ContainerReportForContainerReportHandler] WARN  container.ContainerReportHandler (AbstractContainerReportHandler.java:updateContainerState(145)) - Container #1 is in OPEN state, but the datanode efdea5f7-0978-4608-8df8-907f93177c26{ip: 192.168.164.253, host: pr-hdds-2131-4cx76-1129263384, networkLocation: /default-rack, certSerialId: null} reports an CLOSED replica.
2019-10-18 00:27:29,881 [EventQueue-ContainerReportForContainerReportHandler] WARN  container.ContainerReportHandler (AbstractContainerReportHandler.java:updateContainerState(145)) - Container #1 is in OPEN state, but the datanode 1c196293-af28-4849-9284-4cc1dd56b0a0{ip: 192.168.164.253, host: pr-hdds-2131-4cx76-1129263384, networkLocation: /default-rack, certSerialId: null} reports an CLOSED replica.
2019-10-18 00:27:29,932 [EventQueue-ContainerReportForContainerReportHandler] WARN  container.ContainerReportHandler (AbstractContainerReportHandler.java:updateContainerState(145)) - Container #1 is in OPEN state, but the datanode efdea5f7-0978-4608-8df8-907f93177c26{ip: 192.168.164.253, host: pr-hdds-2131-4cx76-1129263384, networkLocation: /default-rack, certSerialId: null} reports an CLOSED replica.
2019-10-18 00:27:29,951 [java.util.concurrent.ThreadPoolExecutor$Worker@18e403b4[State = -1, empty queue]] WARN  server.GrpcLogAppender (GrpcLogAppender.java:timeoutAppendRequest(209)) - efdea5f7-0978-4608-8df8-907f93177c26@group-0E05BCBC6A81->27e27663-33d5-44e8-9c0f-eb0e3c2aee11-GrpcLogAppender: appendEntries Timeout, request=efdea5f7-0978-4608-8df8-907f93177c26->27e27663-33d5-44e8-9c0f-eb0e3c2aee11#35-t7, previous=(t:7, i:10), leaderCommit=10, initializing? false, entries: <empty>
2019-10-18 00:27:30,023 [Thread-452] INFO  client.GrpcClientProtocolService (GrpcClientProtocolService.java:lambda$processClientRequest$0(278)) - Failed RaftClientRequest:client-4C7A307276C4->1c196293-af28-4849-9284-4cc1dd56b0a0@group-0E05BCBC6A81, cid=10, seq=0, Watch-ALL_COMMITTED(6), Message:<EMPTY>, reply=RaftClientReply:client-4C7A307276C4->1c196293-af28-4849-9284-4cc1dd56b0a0@group-0E05BCBC6A81, cid=10, FAILED org.apache.ratis.protocol.NotLeaderException: Server 1c196293-af28-4849-9284-4cc1dd56b0a0@group-0E05BCBC6A81 is not the leader efdea5f7-0978-4608-8df8-907f93177c26:192.168.164.253:40628, logIndex=0, commits[1c196293-af28-4849-9284-4cc1dd56b0a0:c10, efdea5f7-0978-4608-8df8-907f93177c26:c10, 27e27663-33d5-44e8-9c0f-eb0e3c2aee11:c4]
2019-10-18 00:27:30,034 [BlockDeletingService#2] WARN  background.BlockDeletingService (BlockDeletingService.java:isDeletionAllowed(187)) - Close Container log Index 6 is not replicated across allthe servers in the pipeline 75404b60-6d3b-4b77-b495-0e05bcbc6a81 as the min replicated index is 4. Deletion is not allowed in this container yet.
2019-10-18 00:27:30,034 [BlockDeletingService#2] WARN  background.BlockDeletingService (BlockDeletingService.java:isDeletionAllowed(187)) - Close Container log Index 6 is not replicated across allthe servers in the pipeline 75404b60-6d3b-4b77-b495-0e05bcbc6a81 as the min replicated index is 4. Deletion is not allowed in this container yet.
2019-10-18 00:27:30,181 [EventQueue-ContainerReportForContainerReportHandler] WARN  container.ContainerReportHandler (AbstractContainerReportHandler.java:updateContainerState(145)) - Container #1 is in OPEN state, but the datanode 1c196293-af28-4849-9284-4cc1dd56b0a0{ip: 192.168.164.253, host: pr-hdds-2131-4cx76-1129263384, networkLocation: /default-rack, certSerialId: null} reports an CLOSED replica.
2019-10-18 00:27:30,231 [EventQueue-ContainerReportForContainerReportHandler] WARN  container.ContainerReportHandler (AbstractContainerReportHandler.java:updateContainerState(145)) - Container #1 is in OPEN state, but the datanode efdea5f7-0978-4608-8df8-907f93177c26{ip: 192.168.164.253, host: pr-hdds-2131-4cx76-1129263384, networkLocation: /default-rack, certSerialId: null} reports an CLOSED replica.
2019-10-18 00:27:30,381 [EventQueue-ContainerReportForContainerReportHandler] WARN  container.ContainerReportHandler (AbstractContainerReportHandler.java:updateContainerState(145)) - Container #1 is in OPEN state, but the datanode 1c196293-af28-4849-9284-4cc1dd56b0a0{ip: 192.168.164.253, host: pr-hdds-2131-4cx76-1129263384, networkLocation: /default-rack, certSerialId: null} reports an CLOSED replica.
2019-10-18 00:27:30,632 [EventQueue-ContainerReportForContainerReportHandler] WARN  container.ContainerReportHandler (AbstractContainerReportHandler.java:updateContainerState(145)) - Container #1 is in OPEN state, but the datanode efdea5f7-0978-4608-8df8-907f93177c26{ip: 192.168.164.253, host: pr-hdds-2131-4cx76-1129263384, networkLocation: /default-rack, certSerialId: null} reports an CLOSED replica.
2019-10-18 00:27:30,681 [EventQueue-ContainerReportForContainerReportHandler] WARN  container.ContainerReportHandler (AbstractContainerReportHandler.java:updateContainerState(145)) - Container #1 is in OPEN state, but the datanode 1c196293-af28-4849-9284-4cc1dd56b0a0{ip: 192.168.164.253, host: pr-hdds-2131-4cx76-1129263384, networkLocation: /default-rack, certSerialId: null} reports an CLOSED replica.
2019-10-18 00:27:30,933 [EventQueue-ContainerReportForContainerReportHandler] WARN  container.ContainerReportHandler (AbstractContainerReportHandler.java:updateContainerState(145)) - Container #1 is in OPEN state, but the datanode efdea5f7-0978-4608-8df8-907f93177c26{ip: 192.168.164.253, host: pr-hdds-2131-4cx76-1129263384, networkLocation: /default-rack, certSerialId: null} reports an CLOSED replica.
2019-10-18 00:27:31,037 [BlockDeletingService#2] WARN  background.BlockDeletingService (BlockDeletingService.java:isDeletionAllowed(187)) - Close Container log Index 6 is not replicated across allthe servers in the pipeline 75404b60-6d3b-4b77-b495-0e05bcbc6a81 as the min replicated index is 4. Deletion is not allowed in this container yet.
2019-10-18 00:27:31,037 [BlockDeletingService#2] WARN  background.BlockDeletingService (BlockDeletingService.java:isDeletionAllowed(187)) - Close Container log Index 6 is not replicated across allthe servers in the pipeline 75404b60-6d3b-4b77-b495-0e05bcbc6a81 as the min replicated index is 4. Deletion is not allowed in this container yet.
2019-10-18 00:27:31,082 [EventQueue-ContainerReportForContainerReportHandler] WARN  container.ContainerReportHandler (AbstractContainerReportHandler.java:updateContainerState(145)) - Container #1 is in OPEN state, but the datanode 1c196293-af28-4849-9284-4cc1dd56b0a0{ip: 192.168.164.253, host: pr-hdds-2131-4cx76-1129263384, networkLocation: /default-rack, certSerialId: null} reports an CLOSED replica.
2019-10-18 00:27:31,232 [EventQueue-ContainerReportForContainerReportHandler] WARN  container.ContainerReportHandler (AbstractContainerReportHandler.java:updateContainerState(145)) - Container #1 is in OPEN state, but the datanode efdea5f7-0978-4608-8df8-907f93177c26{ip: 192.168.164.253, host: pr-hdds-2131-4cx76-1129263384, networkLocation: /default-rack, certSerialId: null} reports an CLOSED replica.
2019-10-18 00:27:31,282 [EventQueue-ContainerReportForContainerReportHandler] WARN  container.ContainerReportHandler (AbstractContainerReportHandler.java:updateContainerState(145)) - Container #1 is in OPEN state, but the datanode 1c196293-af28-4849-9284-4cc1dd56b0a0{ip: 192.168.164.253, host: pr-hdds-2131-4cx76-1129263384, networkLocation: /default-rack, certSerialId: null} reports an CLOSED replica.
2019-10-18 00:27:31,532 [EventQueue-ContainerReportForContainerReportHandler] WARN  container.ContainerReportHandler (AbstractContainerReportHandler.java:updateContainerState(145)) - Container #1 is in OPEN state, but the datanode efdea5f7-0978-4608-8df8-907f93177c26{ip: 192.168.164.253, host: pr-hdds-2131-4cx76-1129263384, networkLocation: /default-rack, certSerialId: null} reports an CLOSED replica.
2019-10-18 00:27:31,582 [EventQueue-ContainerReportForContainerReportHandler] WARN  container.ContainerReportHandler (AbstractContainerReportHandler.java:updateContainerState(145)) - Container #1 is in OPEN state, but the datanode 1c196293-af28-4849-9284-4cc1dd56b0a0{ip: 192.168.164.253, host: pr-hdds-2131-4cx76-1129263384, networkLocation: /default-rack, certSerialId: null} reports an CLOSED replica.
2019-10-18 00:27:31,683 [Thread-459] INFO  client.GrpcClientProtocolService (GrpcClientProtocolService.java:lambda$processClientRequest$0(278)) - Failed RaftClientRequest:client-4C7A307276C4->efdea5f7-0978-4608-8df8-907f93177c26@group-0E05BCBC6A81, cid=10, seq=0, Watch-ALL_COMMITTED(6), Message:<EMPTY>, reply=RaftClientReply:client-4C7A307276C4->efdea5f7-0978-4608-8df8-907f93177c26@group-0E05BCBC6A81, cid=10, FAILED org.apache.ratis.protocol.NotReplicatedException: Request with call Id 10 and log index 6 is not yet replicated to ALL_COMMITTED, logIndex=6, commits[efdea5f7-0978-4608-8df8-907f93177c26:c10, 27e27663-33d5-44e8-9c0f-eb0e3c2aee11:c4, 1c196293-af28-4849-9284-4cc1dd56b0a0:c10]
2019-10-18 00:27:31,932 [EventQueue-ContainerReportForContainerReportHandler] WARN  container.ContainerReportHandler (AbstractContainerReportHandler.java:updateContainerState(145)) - Container #1 is in OPEN state, but the datanode efdea5f7-0978-4608-8df8-907f93177c26{ip: 192.168.164.253, host: pr-hdds-2131-4cx76-1129263384, networkLocation: /default-rack, certSerialId: null} reports an CLOSED replica.
2019-10-18 00:27:31,981 [EventQueue-ContainerReportForContainerReportHandler] WARN  container.ContainerReportHandler (AbstractContainerReportHandler.java:updateContainerState(145)) - Container #1 is in OPEN state, but the datanode 1c196293-af28-4849-9284-4cc1dd56b0a0{ip: 192.168.164.253, host: pr-hdds-2131-4cx76-1129263384, networkLocation: /default-rack, certSerialId: null} reports an CLOSED replica.
2019-10-18 00:27:32,043 [BlockDeletingService#2] WARN  background.BlockDeletingService (BlockDeletingService.java:isDeletionAllowed(187)) - Close Container log Index 6 is not replicated across allthe servers in the pipeline 75404b60-6d3b-4b77-b495-0e05bcbc6a81 as the min replicated index is 4. Deletion is not allowed in this container yet.
2019-10-18 00:27:32,043 [BlockDeletingService#2] WARN  background.BlockDeletingService (BlockDeletingService.java:isDeletionAllowed(187)) - Close Container log Index 6 is not replicated across allthe servers in the pipeline 75404b60-6d3b-4b77-b495-0e05bcbc6a81 as the min replicated index is 4. Deletion is not allowed in this container yet.
2019-10-18 00:27:32,132 [EventQueue-ContainerReportForContainerReportHandler] WARN  container.ContainerReportHandler (AbstractContainerReportHandler.java:updateContainerState(145)) - Container #1 is in OPEN state, but the datanode efdea5f7-0978-4608-8df8-907f93177c26{ip: 192.168.164.253, host: pr-hdds-2131-4cx76-1129263384, networkLocation: /default-rack, certSerialId: null} reports an CLOSED replica.
2019-10-18 00:27:32,182 [EventQueue-ContainerReportForContainerReportHandler] WARN  container.ContainerReportHandler (AbstractContainerReportHandler.java:updateContainerState(145)) - Container #1 is in OPEN state, but the datanode 1c196293-af28-4849-9284-4cc1dd56b0a0{ip: 192.168.164.253, host: pr-hdds-2131-4cx76-1129263384, networkLocation: /default-rack, certSerialId: null} reports an CLOSED replica.
2019-10-18 00:27:32,384 [EventQueue-ContainerReportForContainerReportHandler] WARN  container.ContainerReportHandler (AbstractContainerReportHandler.java:updateContainerState(145)) - Container #1 is in OPEN state, but the datanode 1c196293-af28-4849-9284-4cc1dd56b0a0{ip: 192.168.164.253, host: pr-hdds-2131-4cx76-1129263384, networkLocation: /default-rack, certSerialId: null} reports an CLOSED replica.
2019-10-18 00:27:32,434 [EventQueue-ContainerReportForContainerReportHandler] WARN  container.ContainerReportHandler (AbstractContainerReportHandler.java:updateContainerState(145)) - Container #1 is in OPEN state, but the datanode efdea5f7-0978-4608-8df8-907f93177c26{ip: 192.168.164.253, host: pr-hdds-2131-4cx76-1129263384, networkLocation: /default-rack, certSerialId: null} reports an CLOSED replica.
2019-10-18 00:27:32,452 [java.util.concurrent.ThreadPoolExecutor$Worker@18e403b4[State = -1, empty queue]] WARN  server.GrpcLogAppender (GrpcLogAppender.java:timeoutAppendRequest(209)) - efdea5f7-0978-4608-8df8-907f93177c26@group-0E05BCBC6A81->27e27663-33d5-44e8-9c0f-eb0e3c2aee11-GrpcLogAppender: appendEntries Timeout, request=efdea5f7-0978-4608-8df8-907f93177c26->27e27663-33d5-44e8-9c0f-eb0e3c2aee11#36-t7, previous=(t:7, i:10), leaderCommit=10, initializing? false, entries: <empty>
2019-10-18 00:27:32,734 [EventQueue-ContainerReportForContainerReportHandler] WARN  container.ContainerReportHandler (AbstractContainerReportHandler.java:updateContainerState(145)) - Container #1 is in OPEN state, but the datanode efdea5f7-0978-4608-8df8-907f93177c26{ip: 192.168.164.253, host: pr-hdds-2131-4cx76-1129263384, networkLocation: /default-rack, certSerialId: null} reports an CLOSED replica.
2019-10-18 00:27:32,784 [EventQueue-ContainerReportForContainerReportHandler] WARN  container.ContainerReportHandler (AbstractContainerReportHandler.java:updateContainerState(145)) - Container #1 is in OPEN state, but the datanode 1c196293-af28-4849-9284-4cc1dd56b0a0{ip: 192.168.164.253, host: pr-hdds-2131-4cx76-1129263384, networkLocation: /default-rack, certSerialId: null} reports an CLOSED replica.
2019-10-18 00:27:33,052 [BlockDeletingService#2] WARN  background.BlockDeletingService (BlockDeletingService.java:isDeletionAllowed(187)) - Close Container log Index 6 is not replicated across allthe servers in the pipeline 75404b60-6d3b-4b77-b495-0e05bcbc6a81 as the min replicated index is 4. Deletion is not allowed in this container yet.
2019-10-18 00:27:33,052 [BlockDeletingService#2] WARN  background.BlockDeletingService (BlockDeletingService.java:isDeletionAllowed(187)) - Close Container log Index 6 is not replicated across allthe servers in the pipeline 75404b60-6d3b-4b77-b495-0e05bcbc6a81 as the min replicated index is 4. Deletion is not allowed in this container yet.
2019-10-18 00:27:33,084 [EventQueue-ContainerReportForContainerReportHandler] WARN  container.ContainerReportHandler (AbstractContainerReportHandler.java:updateContainerState(145)) - Container #1 is in OPEN state, but the datanode 1c196293-af28-4849-9284-4cc1dd56b0a0{ip: 192.168.164.253, host: pr-hdds-2131-4cx76-1129263384, networkLocation: /default-rack, certSerialId: null} reports an CLOSED replica.
2019-10-18 00:27:33,134 [EventQueue-ContainerReportForContainerReportHandler] WARN  container.ContainerReportHandler (AbstractContainerReportHandler.java:updateContainerState(145)) - Container #1 is in OPEN state, but the datanode efdea5f7-0978-4608-8df8-907f93177c26{ip: 192.168.164.253, host: pr-hdds-2131-4cx76-1129263384, networkLocation: /default-rack, certSerialId: null} reports an CLOSED replica.
2019-10-18 00:27:33,384 [EventQueue-ContainerReportForContainerReportHandler] WARN  container.ContainerReportHandler (AbstractContainerReportHandler.java:updateContainerState(145)) - Container #1 is in OPEN state, but the datanode 1c196293-af28-4849-9284-4cc1dd56b0a0{ip: 192.168.164.253, host: pr-hdds-2131-4cx76-1129263384, networkLocation: /default-rack, certSerialId: null} reports an CLOSED replica.
2019-10-18 00:27:33,533 [EventQueue-ContainerReportForContainerReportHandler] WARN  container.ContainerReportHandler (AbstractContainerReportHandler.java:updateContainerState(145)) - Container #1 is in OPEN state, but the datanode efdea5f7-0978-4608-8df8-907f93177c26{ip: 192.168.164.253, host: pr-hdds-2131-4cx76-1129263384, networkLocation: /default-rack, certSerialId: null} reports an CLOSED replica.
2019-10-18 00:27:33,686 [EventQueue-ContainerReportForContainerReportHandler] WARN  container.ContainerReportHandler (AbstractContainerReportHandler.java:updateContainerState(145)) - Container #1 is in OPEN state, but the datanode 1c196293-af28-4849-9284-4cc1dd56b0a0{ip: 192.168.164.253, host: pr-hdds-2131-4cx76-1129263384, networkLocation: /default-rack, certSerialId: null} reports an CLOSED replica.
2019-10-18 00:27:33,733 [EventQueue-ContainerReportForContainerReportHandler] WARN  container.ContainerReportHandler (AbstractContainerReportHandler.java:updateContainerState(145)) - Container #1 is in OPEN state, but the datanode efdea5f7-0978-4608-8df8-907f93177c26{ip: 192.168.164.253, host: pr-hdds-2131-4cx76-1129263384, networkLocation: /default-rack, certSerialId: null} reports an CLOSED replica.
2019-10-18 00:27:34,034 [EventQueue-ContainerReportForContainerReportHandler] WARN  container.ContainerReportHandler (AbstractContainerReportHandler.java:updateContainerState(145)) - Container #1 is in OPEN state, but the datanode efdea5f7-0978-4608-8df8-907f93177c26{ip: 192.168.164.253, host: pr-hdds-2131-4cx76-1129263384, networkLocation: /default-rack, certSerialId: null} reports an CLOSED replica.
2019-10-18 00:27:34,054 [BlockDeletingService#2] WARN  background.BlockDeletingService (BlockDeletingService.java:isDeletionAllowed(187)) - Close Container log Index 6 is not replicated across allthe servers in the pipeline 75404b60-6d3b-4b77-b495-0e05bcbc6a81 as the min replicated index is 4. Deletion is not allowed in this container yet.
2019-10-18 00:27:34,054 [BlockDeletingService#2] WARN  background.BlockDeletingService (BlockDeletingService.java:isDeletionAllowed(187)) - Close Container log Index 6 is not replicated across allthe servers in the pipeline 75404b60-6d3b-4b77-b495-0e05bcbc6a81 as the min replicated index is 4. Deletion is not allowed in this container yet.
2019-10-18 00:27:34,088 [EventQueue-ContainerReportForContainerReportHandler] WARN  container.ContainerReportHandler (AbstractContainerReportHandler.java:updateContainerState(145)) - Container #1 is in OPEN state, but the datanode 1c196293-af28-4849-9284-4cc1dd56b0a0{ip: 192.168.164.253, host: pr-hdds-2131-4cx76-1129263384, networkLocation: /default-rack, certSerialId: null} reports an CLOSED replica.
2019-10-18 00:27:34,288 [EventQueue-ContainerReportForContainerReportHandler] WARN  container.ContainerReportHandler (AbstractContainerReportHandler.java:updateContainerState(145)) - Container #1 is in OPEN state, but the datanode 1c196293-af28-4849-9284-4cc1dd56b0a0{ip: 192.168.164.253, host: pr-hdds-2131-4cx76-1129263384, networkLocation: /default-rack, certSerialId: null} reports an CLOSED replica.
2019-10-18 00:27:34,336 [EventQueue-ContainerReportForContainerReportHandler] WARN  container.ContainerReportHandler (AbstractContainerReportHandler.java:updateContainerState(145)) - Container #1 is in OPEN state, but the datanode efdea5f7-0978-4608-8df8-907f93177c26{ip: 192.168.164.253, host: pr-hdds-2131-4cx76-1129263384, networkLocation: /default-rack, certSerialId: null} reports an CLOSED replica.
2019-10-18 00:27:34,588 [EventQueue-ContainerReportForContainerReportHandler] WARN  container.ContainerReportHandler (AbstractContainerReportHandler.java:updateContainerState(145)) - Container #1 is in OPEN state, but the datanode 1c196293-af28-4849-9284-4cc1dd56b0a0{ip: 192.168.164.253, host: pr-hdds-2131-4cx76-1129263384, networkLocation: /default-rack, certSerialId: null} reports an CLOSED replica.
2019-10-18 00:27:34,635 [EventQueue-ContainerReportForContainerReportHandler] WARN  container.ContainerReportHandler (AbstractContainerReportHandler.java:updateContainerState(145)) - Container #1 is in OPEN state, but the datanode efdea5f7-0978-4608-8df8-907f93177c26{ip: 192.168.164.253, host: pr-hdds-2131-4cx76-1129263384, networkLocation: /default-rack, certSerialId: null} reports an CLOSED replica.
2019-10-18 00:27:34,836 [EventQueue-ContainerReportForContainerReportHandler] WARN  container.ContainerReportHandler (AbstractContainerReportHandler.java:updateContainerState(145)) - Container #1 is in OPEN state, but the datanode efdea5f7-0978-4608-8df8-907f93177c26{ip: 192.168.164.253, host: pr-hdds-2131-4cx76-1129263384, networkLocation: /default-rack, certSerialId: null} reports an CLOSED replica.
2019-10-18 00:27:34,954 [java.util.concurrent.ThreadPoolExecutor$Worker@18e403b4[State = -1, empty queue]] WARN  server.GrpcLogAppender (GrpcLogAppender.java:timeoutAppendRequest(209)) - efdea5f7-0978-4608-8df8-907f93177c26@group-0E05BCBC6A81->27e27663-33d5-44e8-9c0f-eb0e3c2aee11-GrpcLogAppender: appendEntries Timeout, request=efdea5f7-0978-4608-8df8-907f93177c26->27e27663-33d5-44e8-9c0f-eb0e3c2aee11#37-t7, previous=(t:7, i:10), leaderCommit=10, initializing? false, entries: <empty>
2019-10-18 00:27:34,988 [EventQueue-ContainerReportForContainerReportHandler] WARN  container.ContainerReportHandler (AbstractContainerReportHandler.java:updateContainerState(145)) - Container #1 is in OPEN state, but the datanode 1c196293-af28-4849-9284-4cc1dd56b0a0{ip: 192.168.164.253, host: pr-hdds-2131-4cx76-1129263384, networkLocation: /default-rack, certSerialId: null} reports an CLOSED replica.
2019-10-18 00:27:35,035 [EventQueue-ContainerReportForContainerReportHandler] WARN  container.ContainerReportHandler (AbstractContainerReportHandler.java:updateContainerState(145)) - Container #1 is in OPEN state, but the datanode efdea5f7-0978-4608-8df8-907f93177c26{ip: 192.168.164.253, host: pr-hdds-2131-4cx76-1129263384, networkLocation: /default-rack, certSerialId: null} reports an CLOSED replica.
2019-10-18 00:27:35,057 [BlockDeletingService#2] WARN  background.BlockDeletingService (BlockDeletingService.java:isDeletionAllowed(187)) - Close Container log Index 6 is not replicated across allthe servers in the pipeline 75404b60-6d3b-4b77-b495-0e05bcbc6a81 as the min replicated index is 4. Deletion is not allowed in this container yet.
2019-10-18 00:27:35,057 [BlockDeletingService#2] WARN  background.BlockDeletingService (BlockDeletingService.java:isDeletionAllowed(187)) - Close Container log Index 6 is not replicated across allthe servers in the pipeline 75404b60-6d3b-4b77-b495-0e05bcbc6a81 as the min replicated index is 4. Deletion is not allowed in this container yet.
2019-10-18 00:27:35,188 [EventQueue-ContainerReportForContainerReportHandler] WARN  container.ContainerReportHandler (AbstractContainerReportHandler.java:updateContainerState(145)) - Container #1 is in OPEN state, but the datanode 1c196293-af28-4849-9284-4cc1dd56b0a0{ip: 192.168.164.253, host: pr-hdds-2131-4cx76-1129263384, networkLocation: /default-rack, certSerialId: null} reports an CLOSED replica.
2019-10-18 00:27:35,235 [EventQueue-ContainerReportForContainerReportHandler] WARN  container.ContainerReportHandler (AbstractContainerReportHandler.java:updateContainerState(145)) - Container #1 is in OPEN state, but the datanode efdea5f7-0978-4608-8df8-907f93177c26{ip: 192.168.164.253, host: pr-hdds-2131-4cx76-1129263384, networkLocation: /default-rack, certSerialId: null} reports an CLOSED replica.
2019-10-18 00:27:35,489 [EventQueue-ContainerReportForContainerReportHandler] WARN  container.ContainerReportHandler (AbstractContainerReportHandler.java:updateContainerState(145)) - Container #1 is in OPEN state, but the datanode 1c196293-af28-4849-9284-4cc1dd56b0a0{ip: 192.168.164.253, host: pr-hdds-2131-4cx76-1129263384, networkLocation: /default-rack, certSerialId: null} reports an CLOSED replica.
2019-10-18 00:27:35,637 [EventQueue-ContainerReportForContainerReportHandler] WARN  container.ContainerReportHandler (AbstractContainerReportHandler.java:updateContainerState(145)) - Container #1 is in OPEN state, but the datanode efdea5f7-0978-4608-8df8-907f93177c26{ip: 192.168.164.253, host: pr-hdds-2131-4cx76-1129263384, networkLocation: /default-rack, certSerialId: null} reports an CLOSED replica.
2019-10-18 00:27:35,690 [EventQueue-ContainerReportForContainerReportHandler] WARN  container.ContainerReportHandler (AbstractContainerReportHandler.java:updateContainerState(145)) - Container #1 is in OPEN state, but the datanode 1c196293-af28-4849-9284-4cc1dd56b0a0{ip: 192.168.164.253, host: pr-hdds-2131-4cx76-1129263384, networkLocation: /default-rack, certSerialId: null} reports an CLOSED replica.
2019-10-18 00:27:35,991 [EventQueue-ContainerReportForContainerReportHandler] WARN  container.ContainerReportHandler (AbstractContainerReportHandler.java:updateContainerState(145)) - Container #1 is in OPEN state, but the datanode 1c196293-af28-4849-9284-4cc1dd56b0a0{ip: 192.168.164.253, host: pr-hdds-2131-4cx76-1129263384, networkLocation: /default-rack, certSerialId: null} reports an CLOSED replica.
2019-10-18 00:27:36,036 [EventQueue-ContainerReportForContainerReportHandler] WARN  container.ContainerReportHandler (AbstractContainerReportHandler.java:updateContainerState(145)) - Container #1 is in OPEN state, but the datanode efdea5f7-0978-4608-8df8-907f93177c26{ip: 192.168.164.253, host: pr-hdds-2131-4cx76-1129263384, networkLocation: /default-rack, certSerialId: null} reports an CLOSED replica.
2019-10-18 00:27:36,059 [BlockDeletingService#2] WARN  background.BlockDeletingService (BlockDeletingService.java:isDeletionAllowed(187)) - Close Container log Index 6 is not replicated across allthe servers in the pipeline 75404b60-6d3b-4b77-b495-0e05bcbc6a81 as the min replicated index is 4. Deletion is not allowed in this container yet.
2019-10-18 00:27:36,059 [BlockDeletingService#2] WARN  background.BlockDeletingService (BlockDeletingService.java:isDeletionAllowed(187)) - Close Container log Index 6 is not replicated across allthe servers in the pipeline 75404b60-6d3b-4b77-b495-0e05bcbc6a81 as the min replicated index is 4. Deletion is not allowed in this container yet.
2019-10-18 00:27:36,293 [EventQueue-ContainerReportForContainerReportHandler] WARN  container.ContainerReportHandler (AbstractContainerReportHandler.java:updateContainerState(145)) - Container #1 is in OPEN state, but the datanode 1c196293-af28-4849-9284-4cc1dd56b0a0{ip: 192.168.164.253, host: pr-hdds-2131-4cx76-1129263384, networkLocation: /default-rack, certSerialId: null} reports an CLOSED replica.
2019-10-18 00:27:36,437 [EventQueue-ContainerReportForContainerReportHandler] WARN  container.ContainerReportHandler (AbstractContainerReportHandler.java:updateContainerState(145)) - Container #1 is in OPEN state, but the datanode efdea5f7-0978-4608-8df8-907f93177c26{ip: 192.168.164.253, host: pr-hdds-2131-4cx76-1129263384, networkLocation: /default-rack, certSerialId: null} reports an CLOSED replica.
2019-10-18 00:27:36,492 [EventQueue-ContainerReportForContainerReportHandler] WARN  container.ContainerReportHandler (AbstractContainerReportHandler.java:updateContainerState(145)) - Container #1 is in OPEN state, but the datanode 1c196293-af28-4849-9284-4cc1dd56b0a0{ip: 192.168.164.253, host: pr-hdds-2131-4cx76-1129263384, networkLocation: /default-rack, certSerialId: null} reports an CLOSED replica.
2019-10-18 00:27:36,792 [EventQueue-ContainerReportForContainerReportHandler] WARN  container.ContainerReportHandler (AbstractContainerReportHandler.java:updateContainerState(145)) - Container #1 is in OPEN state, but the datanode 1c196293-af28-4849-9284-4cc1dd56b0a0{ip: 192.168.164.253, host: pr-hdds-2131-4cx76-1129263384, networkLocation: /default-rack, certSerialId: null} reports an CLOSED replica.
2019-10-18 00:27:36,837 [EventQueue-ContainerReportForContainerReportHandler] WARN  container.ContainerReportHandler (AbstractContainerReportHandler.java:updateContainerState(145)) - Container #1 is in OPEN state, but the datanode efdea5f7-0978-4608-8df8-907f93177c26{ip: 192.168.164.253, host: pr-hdds-2131-4cx76-1129263384, networkLocation: /default-rack, certSerialId: null} reports an CLOSED replica.
2019-10-18 00:27:37,061 [BlockDeletingService#2] WARN  background.BlockDeletingService (BlockDeletingService.java:isDeletionAllowed(187)) - Close Container log Index 6 is not replicated across allthe servers in the pipeline 75404b60-6d3b-4b77-b495-0e05bcbc6a81 as the min replicated index is 4. Deletion is not allowed in this container yet.
2019-10-18 00:27:37,061 [BlockDeletingService#2] WARN  background.BlockDeletingService (BlockDeletingService.java:isDeletionAllowed(187)) - Close Container log Index 6 is not replicated across allthe servers in the pipeline 75404b60-6d3b-4b77-b495-0e05bcbc6a81 as the min replicated index is 4. Deletion is not allowed in this container yet.
2019-10-18 00:27:37,094 [EventQueue-ContainerReportForContainerReportHandler] WARN  container.ContainerReportHandler (AbstractContainerReportHandler.java:updateContainerState(145)) - Container #1 is in OPEN state, but the datanode 1c196293-af28-4849-9284-4cc1dd56b0a0{ip: 192.168.164.253, host: pr-hdds-2131-4cx76-1129263384, networkLocation: /default-rack, certSerialId: null} reports an CLOSED replica.
2019-10-18 00:27:37,136 [EventQueue-ContainerReportForContainerReportHandler] WARN  container.ContainerReportHandler (AbstractContainerReportHandler.java:updateContainerState(145)) - Container #1 is in OPEN state, but the datanode efdea5f7-0978-4608-8df8-907f93177c26{ip: 192.168.164.253, host: pr-hdds-2131-4cx76-1129263384, networkLocation: /default-rack, certSerialId: null} reports an CLOSED replica.
2019-10-18 00:27:37,394 [EventQueue-ContainerReportForContainerReportHandler] WARN  container.ContainerReportHandler (AbstractContainerReportHandler.java:updateContainerState(145)) - Container #1 is in OPEN state, but the datanode 1c196293-af28-4849-9284-4cc1dd56b0a0{ip: 192.168.164.253, host: pr-hdds-2131-4cx76-1129263384, networkLocation: /default-rack, certSerialId: null} reports an CLOSED replica.
2019-10-18 00:27:37,437 [EventQueue-ContainerReportForContainerReportHandler] WARN  container.ContainerReportHandler (AbstractContainerReportHandler.java:updateContainerState(145)) - Container #1 is in OPEN state, but the datanode efdea5f7-0978-4608-8df8-907f93177c26{ip: 192.168.164.253, host: pr-hdds-2131-4cx76-1129263384, networkLocation: /default-rack, certSerialId: null} reports an CLOSED replica.
2019-10-18 00:27:37,455 [java.util.concurrent.ThreadPoolExecutor$Worker@18e403b4[State = -1, empty queue]] WARN  server.GrpcLogAppender (GrpcLogAppender.java:timeoutAppendRequest(209)) - efdea5f7-0978-4608-8df8-907f93177c26@group-0E05BCBC6A81->27e27663-33d5-44e8-9c0f-eb0e3c2aee11-GrpcLogAppender: appendEntries Timeout, request=efdea5f7-0978-4608-8df8-907f93177c26->27e27663-33d5-44e8-9c0f-eb0e3c2aee11#38-t7, previous=(t:7, i:10), leaderCommit=10, initializing? false, entries: <empty>
2019-10-18 00:27:37,637 [EventQueue-ContainerReportForContainerReportHandler] WARN  container.ContainerReportHandler (AbstractContainerReportHandler.java:updateContainerState(145)) - Container #1 is in OPEN state, but the datanode efdea5f7-0978-4608-8df8-907f93177c26{ip: 192.168.164.253, host: pr-hdds-2131-4cx76-1129263384, networkLocation: /default-rack, certSerialId: null} reports an CLOSED replica.
2019-10-18 00:27:37,794 [EventQueue-ContainerReportForContainerReportHandler] WARN  container.ContainerReportHandler (AbstractContainerReportHandler.java:updateContainerState(145)) - Container #1 is in OPEN state, but the datanode 1c196293-af28-4849-9284-4cc1dd56b0a0{ip: 192.168.164.253, host: pr-hdds-2131-4cx76-1129263384, networkLocation: /default-rack, certSerialId: null} reports an CLOSED replica.
2019-10-18 00:27:37,837 [EventQueue-ContainerReportForContainerReportHandler] WARN  container.ContainerReportHandler (AbstractContainerReportHandler.java:updateContainerState(145)) - Container #1 is in OPEN state, but the datanode efdea5f7-0978-4608-8df8-907f93177c26{ip: 192.168.164.253, host: pr-hdds-2131-4cx76-1129263384, networkLocation: /default-rack, certSerialId: null} reports an CLOSED replica.
2019-10-18 00:27:37,993 [EventQueue-ContainerReportForContainerReportHandler] WARN  container.ContainerReportHandler (AbstractContainerReportHandler.java:updateContainerState(145)) - Container #1 is in OPEN state, but the datanode 1c196293-af28-4849-9284-4cc1dd56b0a0{ip: 192.168.164.253, host: pr-hdds-2131-4cx76-1129263384, networkLocation: /default-rack, certSerialId: null} reports an CLOSED replica.
2019-10-18 00:27:38,063 [BlockDeletingService#2] WARN  background.BlockDeletingService (BlockDeletingService.java:isDeletionAllowed(187)) - Close Container log Index 6 is not replicated across allthe servers in the pipeline 75404b60-6d3b-4b77-b495-0e05bcbc6a81 as the min replicated index is 4. Deletion is not allowed in this container yet.
2019-10-18 00:27:38,063 [BlockDeletingService#2] WARN  background.BlockDeletingService (BlockDeletingService.java:isDeletionAllowed(187)) - Close Container log Index 6 is not replicated across allthe servers in the pipeline 75404b60-6d3b-4b77-b495-0e05bcbc6a81 as the min replicated index is 4. Deletion is not allowed in this container yet.
2019-10-18 00:27:38,138 [EventQueue-ContainerReportForContainerReportHandler] WARN  container.ContainerReportHandler (AbstractContainerReportHandler.java:updateContainerState(145)) - Container #1 is in OPEN state, but the datanode efdea5f7-0978-4608-8df8-907f93177c26{ip: 192.168.164.253, host: pr-hdds-2131-4cx76-1129263384, networkLocation: /default-rack, certSerialId: null} reports an CLOSED replica.
2019-10-18 00:27:38,293 [EventQueue-ContainerReportForContainerReportHandler] WARN  container.ContainerReportHandler (AbstractContainerReportHandler.java:updateContainerState(145)) - Container #1 is in OPEN state, but the datanode 1c196293-af28-4849-9284-4cc1dd56b0a0{ip: 192.168.164.253, host: pr-hdds-2131-4cx76-1129263384, networkLocation: /default-rack, certSerialId: null} reports an CLOSED replica.
2019-10-18 00:27:38,537 [EventQueue-ContainerReportForContainerReportHandler] WARN  container.ContainerReportHandler (AbstractContainerReportHandler.java:updateContainerState(145)) - Container #1 is in OPEN state, but the datanode efdea5f7-0978-4608-8df8-907f93177c26{ip: 192.168.164.253, host: pr-hdds-2131-4cx76-1129263384, networkLocation: /default-rack, certSerialId: null} reports an CLOSED replica.
2019-10-18 00:27:38,694 [EventQueue-ContainerReportForContainerReportHandler] WARN  container.ContainerReportHandler (AbstractContainerReportHandler.java:updateContainerState(145)) - Container #1 is in OPEN state, but the datanode 1c196293-af28-4849-9284-4cc1dd56b0a0{ip: 192.168.164.253, host: pr-hdds-2131-4cx76-1129263384, networkLocation: /default-rack, certSerialId: null} reports an CLOSED replica.
2019-10-18 00:27:38,838 [EventQueue-ContainerReportForContainerReportHandler] WARN  container.ContainerReportHandler (AbstractContainerReportHandler.java:updateContainerState(145)) - Container #1 is in OPEN state, but the datanode efdea5f7-0978-4608-8df8-907f93177c26{ip: 192.168.164.253, host: pr-hdds-2131-4cx76-1129263384, networkLocation: /default-rack, certSerialId: null} reports an CLOSED replica.
2019-10-18 00:27:38,994 [EventQueue-ContainerReportForContainerReportHandler] WARN  container.ContainerReportHandler (AbstractContainerReportHandler.java:updateContainerState(145)) - Container #1 is in OPEN state, but the datanode 1c196293-af28-4849-9284-4cc1dd56b0a0{ip: 192.168.164.253, host: pr-hdds-2131-4cx76-1129263384, networkLocation: /default-rack, certSerialId: null} reports an CLOSED replica.
2019-10-18 00:27:39,065 [BlockDeletingService#2] WARN  background.BlockDeletingService (BlockDeletingService.java:isDeletionAllowed(187)) - Close Container log Index 6 is not replicated across allthe servers in the pipeline 75404b60-6d3b-4b77-b495-0e05bcbc6a81 as the min replicated index is 4. Deletion is not allowed in this container yet.
2019-10-18 00:27:39,065 [BlockDeletingService#2] WARN  background.BlockDeletingService (BlockDeletingService.java:isDeletionAllowed(187)) - Close Container log Index 6 is not replicated across allthe servers in the pipeline 75404b60-6d3b-4b77-b495-0e05bcbc6a81 as the min replicated index is 4. Deletion is not allowed in this container yet.
2019-10-18 00:27:39,241 [EventQueue-ContainerReportForContainerReportHandler] WARN  container.ContainerReportHandler (AbstractContainerReportHandler.java:updateContainerState(145)) - Container #1 is in OPEN state, but the datanode efdea5f7-0978-4608-8df8-907f93177c26{ip: 192.168.164.253, host: pr-hdds-2131-4cx76-1129263384, networkLocation: /default-rack, certSerialId: null} reports an CLOSED replica.
2019-10-18 00:27:39,395 [EventQueue-ContainerReportForContainerReportHandler] WARN  container.ContainerReportHandler (AbstractContainerReportHandler.java:updateContainerState(145)) - Container #1 is in OPEN state, but the datanode 1c196293-af28-4849-9284-4cc1dd56b0a0{ip: 192.168.164.253, host: pr-hdds-2131-4cx76-1129263384, networkLocation: /default-rack, certSerialId: null} reports an CLOSED replica.
2019-10-18 00:27:39,441 [EventQueue-ContainerReportForContainerReportHandler] WARN  container.ContainerReportHandler (AbstractContainerReportHandler.java:updateContainerState(145)) - Container #1 is in OPEN state, but the datanode efdea5f7-0978-4608-8df8-907f93177c26{ip: 192.168.164.253, host: pr-hdds-2131-4cx76-1129263384, networkLocation: /default-rack, certSerialId: null} reports an CLOSED replica.
2019-10-18 00:27:39,696 [EventQueue-ContainerReportForContainerReportHandler] WARN  container.ContainerReportHandler (AbstractContainerReportHandler.java:updateContainerState(145)) - Container #1 is in OPEN state, but the datanode 1c196293-af28-4849-9284-4cc1dd56b0a0{ip: 192.168.164.253, host: pr-hdds-2131-4cx76-1129263384, networkLocation: /default-rack, certSerialId: null} reports an CLOSED replica.
2019-10-18 00:27:39,842 [EventQueue-ContainerReportForContainerReportHandler] WARN  container.ContainerReportHandler (AbstractContainerReportHandler.java:updateContainerState(145)) - Container #1 is in OPEN state, but the datanode efdea5f7-0978-4608-8df8-907f93177c26{ip: 192.168.164.253, host: pr-hdds-2131-4cx76-1129263384, networkLocation: /default-rack, certSerialId: null} reports an CLOSED replica.
2019-10-18 00:27:39,957 [java.util.concurrent.ThreadPoolExecutor$Worker@18e403b4[State = -1, empty queue]] WARN  server.GrpcLogAppender (GrpcLogAppender.java:timeoutAppendRequest(209)) - efdea5f7-0978-4608-8df8-907f93177c26@group-0E05BCBC6A81->27e27663-33d5-44e8-9c0f-eb0e3c2aee11-GrpcLogAppender: appendEntries Timeout, request=efdea5f7-0978-4608-8df8-907f93177c26->27e27663-33d5-44e8-9c0f-eb0e3c2aee11#39-t7, previous=(t:7, i:10), leaderCommit=10, initializing? false, entries: <empty>
2019-10-18 00:27:39,997 [EventQueue-ContainerReportForContainerReportHandler] WARN  container.ContainerReportHandler (AbstractContainerReportHandler.java:updateContainerState(145)) - Container #1 is in OPEN state, but the datanode 1c196293-af28-4849-9284-4cc1dd56b0a0{ip: 192.168.164.253, host: pr-hdds-2131-4cx76-1129263384, networkLocation: /default-rack, certSerialId: null} reports an CLOSED replica.
2019-10-18 00:27:40,068 [BlockDeletingService#2] WARN  background.BlockDeletingService (BlockDeletingService.java:isDeletionAllowed(187)) - Close Container log Index 6 is not replicated across allthe servers in the pipeline 75404b60-6d3b-4b77-b495-0e05bcbc6a81 as the min replicated index is 4. Deletion is not allowed in this container yet.
2019-10-18 00:27:40,068 [BlockDeletingService#2] WARN  background.BlockDeletingService (BlockDeletingService.java:isDeletionAllowed(187)) - Close Container log Index 6 is not replicated across allthe servers in the pipeline 75404b60-6d3b-4b77-b495-0e05bcbc6a81 as the min replicated index is 4. Deletion is not allowed in this container yet.
2019-10-18 00:27:40,076 [Thread-486] INFO  client.GrpcClientProtocolService (GrpcClientProtocolService.java:lambda$processClientRequest$0(278)) - Failed RaftClientRequest:client-4C7A307276C4->1c196293-af28-4849-9284-4cc1dd56b0a0@group-0E05BCBC6A81, cid=10, seq=0, Watch-ALL_COMMITTED(6), Message:<EMPTY>, reply=RaftClientReply:client-4C7A307276C4->1c196293-af28-4849-9284-4cc1dd56b0a0@group-0E05BCBC6A81, cid=10, FAILED org.apache.ratis.protocol.NotLeaderException: Server 1c196293-af28-4849-9284-4cc1dd56b0a0@group-0E05BCBC6A81 is not the leader efdea5f7-0978-4608-8df8-907f93177c26:192.168.164.253:40628, logIndex=0, commits[1c196293-af28-4849-9284-4cc1dd56b0a0:c10, efdea5f7-0978-4608-8df8-907f93177c26:c10, 27e27663-33d5-44e8-9c0f-eb0e3c2aee11:c4]
2019-10-18 00:27:40,197 [EventQueue-ContainerReportForContainerReportHandler] WARN  container.ContainerReportHandler (AbstractContainerReportHandler.java:updateContainerState(145)) - Container #1 is in OPEN state, but the datanode 1c196293-af28-4849-9284-4cc1dd56b0a0{ip: 192.168.164.253, host: pr-hdds-2131-4cx76-1129263384, networkLocation: /default-rack, certSerialId: null} reports an CLOSED replica.
2019-10-18 00:27:40,241 [EventQueue-ContainerReportForContainerReportHandler] WARN  container.ContainerReportHandler (AbstractContainerReportHandler.java:updateContainerState(145)) - Container #1 is in OPEN state, but the datanode efdea5f7-0978-4608-8df8-907f93177c26{ip: 192.168.164.253, host: pr-hdds-2131-4cx76-1129263384, networkLocation: /default-rack, certSerialId: null} reports an CLOSED replica.
2019-10-18 00:27:40,541 [EventQueue-ContainerReportForContainerReportHandler] WARN  container.ContainerReportHandler (AbstractContainerReportHandler.java:updateContainerState(145)) - Container #1 is in OPEN state, but the datanode efdea5f7-0978-4608-8df8-907f93177c26{ip: 192.168.164.253, host: pr-hdds-2131-4cx76-1129263384, networkLocation: /default-rack, certSerialId: null} reports an CLOSED replica.
2019-10-18 00:27:40,596 [EventQueue-ContainerReportForContainerReportHandler] WARN  container.ContainerReportHandler (AbstractContainerReportHandler.java:updateContainerState(145)) - Container #1 is in OPEN state, but the datanode 1c196293-af28-4849-9284-4cc1dd56b0a0{ip: 192.168.164.253, host: pr-hdds-2131-4cx76-1129263384, networkLocation: /default-rack, certSerialId: null} reports an CLOSED replica.
2019-10-18 00:27:40,682 [Thread-489] INFO  client.GrpcClientProtocolService (GrpcClientProtocolService.java:lambda$processClientRequest$0(278)) - Failed RaftClientRequest:client-4C7A307276C4->efdea5f7-0978-4608-8df8-907f93177c26@group-0E05BCBC6A81, cid=10, seq=0, Watch-ALL_COMMITTED(6), Message:<EMPTY>, reply=RaftClientReply:client-4C7A307276C4->efdea5f7-0978-4608-8df8-907f93177c26@group-0E05BCBC6A81, cid=10, FAILED org.apache.ratis.protocol.NotReplicatedException: Request with call Id 10 and log index 6 is not yet replicated to ALL_COMMITTED, logIndex=6, commits[efdea5f7-0978-4608-8df8-907f93177c26:c10, 27e27663-33d5-44e8-9c0f-eb0e3c2aee11:c4, 1c196293-af28-4849-9284-4cc1dd56b0a0:c10]
2019-10-18 00:27:40,741 [EventQueue-ContainerReportForContainerReportHandler] WARN  container.ContainerReportHandler (AbstractContainerReportHandler.java:updateContainerState(145)) - Container #1 is in OPEN state, but the datanode efdea5f7-0978-4608-8df8-907f93177c26{ip: 192.168.164.253, host: pr-hdds-2131-4cx76-1129263384, networkLocation: /default-rack, certSerialId: null} reports an CLOSED replica.
2019-10-18 00:27:40,941 [EventQueue-ContainerReportForContainerReportHandler] WARN  container.ContainerReportHandler (AbstractContainerReportHandler.java:updateContainerState(145)) - Container #1 is in OPEN state, but the datanode efdea5f7-0978-4608-8df8-907f93177c26{ip: 192.168.164.253, host: pr-hdds-2131-4cx76-1129263384, networkLocation: /default-rack, certSerialId: null} reports an CLOSED replica.
2019-10-18 00:27:40,996 [EventQueue-ContainerReportForContainerReportHandler] WARN  container.ContainerReportHandler (AbstractContainerReportHandler.java:updateContainerState(145)) - Container #1 is in OPEN state, but the datanode 1c196293-af28-4849-9284-4cc1dd56b0a0{ip: 192.168.164.253, host: pr-hdds-2131-4cx76-1129263384, networkLocation: /default-rack, certSerialId: null} reports an CLOSED replica.
2019-10-18 00:27:41,070 [BlockDeletingService#2] WARN  background.BlockDeletingService (BlockDeletingService.java:isDeletionAllowed(187)) - Close Container log Index 6 is not replicated across allthe servers in the pipeline 75404b60-6d3b-4b77-b495-0e05bcbc6a81 as the min replicated index is 4. Deletion is not allowed in this container yet.
2019-10-18 00:27:41,072 [BlockDeletingService#2] WARN  background.BlockDeletingService (BlockDeletingService.java:isDeletionAllowed(187)) - Close Container log Index 6 is not replicated across allthe servers in the pipeline 75404b60-6d3b-4b77-b495-0e05bcbc6a81 as the min replicated index is 4. Deletion is not allowed in this container yet.
2019-10-18 00:27:41,141 [EventQueue-ContainerReportForContainerReportHandler] WARN  container.ContainerReportHandler (AbstractContainerReportHandler.java:updateContainerState(145)) - Container #1 is in OPEN state, but the datanode efdea5f7-0978-4608-8df8-907f93177c26{ip: 192.168.164.253, host: pr-hdds-2131-4cx76-1129263384, networkLocation: /default-rack, certSerialId: null} reports an CLOSED replica.
2019-10-18 00:27:41,297 [EventQueue-ContainerReportForContainerReportHandler] WARN  container.ContainerReportHandler (AbstractContainerReportHandler.java:updateContainerState(145)) - Container #1 is in OPEN state, but the datanode 1c196293-af28-4849-9284-4cc1dd56b0a0{ip: 192.168.164.253, host: pr-hdds-2131-4cx76-1129263384, networkLocation: /default-rack, certSerialId: null} reports an CLOSED replica.
2019-10-18 00:27:41,442 [EventQueue-ContainerReportForContainerReportHandler] WARN  container.ContainerReportHandler (AbstractContainerReportHandler.java:updateContainerState(145)) - Container #1 is in OPEN state, but the datanode efdea5f7-0978-4608-8df8-907f93177c26{ip: 192.168.164.253, host: pr-hdds-2131-4cx76-1129263384, networkLocation: /default-rack, certSerialId: null} reports an CLOSED replica.
2019-10-18 00:27:41,598 [EventQueue-ContainerReportForContainerReportHandler] WARN  container.ContainerReportHandler (AbstractContainerReportHandler.java:updateContainerState(145)) - Container #1 is in OPEN state, but the datanode 1c196293-af28-4849-9284-4cc1dd56b0a0{ip: 192.168.164.253, host: pr-hdds-2131-4cx76-1129263384, networkLocation: /default-rack, certSerialId: null} reports an CLOSED replica.
2019-10-18 00:27:41,741 [EventQueue-ContainerReportForContainerReportHandler] WARN  container.ContainerReportHandler (AbstractContainerReportHandler.java:updateContainerState(145)) - Container #1 is in OPEN state, but the datanode efdea5f7-0978-4608-8df8-907f93177c26{ip: 192.168.164.253, host: pr-hdds-2131-4cx76-1129263384, networkLocation: /default-rack, certSerialId: null} reports an CLOSED replica.
2019-10-18 00:27:41,999 [EventQueue-ContainerReportForContainerReportHandler] WARN  container.ContainerReportHandler (AbstractContainerReportHandler.java:updateContainerState(145)) - Container #1 is in OPEN state, but the datanode 1c196293-af28-4849-9284-4cc1dd56b0a0{ip: 192.168.164.253, host: pr-hdds-2131-4cx76-1129263384, networkLocation: /default-rack, certSerialId: null} reports an CLOSED replica.
2019-10-18 00:27:42,042 [EventQueue-ContainerReportForContainerReportHandler] WARN  container.ContainerReportHandler (AbstractContainerReportHandler.java:updateContainerState(145)) - Container #1 is in OPEN state, but the datanode efdea5f7-0978-4608-8df8-907f93177c26{ip: 192.168.164.253, host: pr-hdds-2131-4cx76-1129263384, networkLocation: /default-rack, certSerialId: null} reports an CLOSED replica.
2019-10-18 00:27:42,073 [BlockDeletingService#2] WARN  background.BlockDeletingService (BlockDeletingService.java:isDeletionAllowed(187)) - Close Container log Index 6 is not replicated across allthe servers in the pipeline 75404b60-6d3b-4b77-b495-0e05bcbc6a81 as the min replicated index is 4. Deletion is not allowed in this container yet.
2019-10-18 00:27:42,073 [BlockDeletingService#2] WARN  background.BlockDeletingService (BlockDeletingService.java:isDeletionAllowed(187)) - Close Container log Index 6 is not replicated across allthe servers in the pipeline 75404b60-6d3b-4b77-b495-0e05bcbc6a81 as the min replicated index is 4. Deletion is not allowed in this container yet.
2019-10-18 00:27:42,242 [EventQueue-ContainerReportForContainerReportHandler] WARN  container.ContainerReportHandler (AbstractContainerReportHandler.java:updateContainerState(145)) - Container #1 is in OPEN state, but the datanode efdea5f7-0978-4608-8df8-907f93177c26{ip: 192.168.164.253, host: pr-hdds-2131-4cx76-1129263384, networkLocation: /default-rack, certSerialId: null} reports an CLOSED replica.
2019-10-18 00:27:42,299 [EventQueue-ContainerReportForContainerReportHandler] WARN  container.ContainerReportHandler (AbstractContainerReportHandler.java:updateContainerState(145)) - Container #1 is in OPEN state, but the datanode 1c196293-af28-4849-9284-4cc1dd56b0a0{ip: 192.168.164.253, host: pr-hdds-2131-4cx76-1129263384, networkLocation: /default-rack, certSerialId: null} reports an CLOSED replica.
2019-10-18 00:27:42,443 [EventQueue-ContainerReportForContainerReportHandler] WARN  container.ContainerReportHandler (AbstractContainerReportHandler.java:updateContainerState(145)) - Container #1 is in OPEN state, but the datanode efdea5f7-0978-4608-8df8-907f93177c26{ip: 192.168.164.253, host: pr-hdds-2131-4cx76-1129263384, networkLocation: /default-rack, certSerialId: null} reports an CLOSED replica.
2019-10-18 00:27:42,459 [java.util.concurrent.ThreadPoolExecutor$Worker@18e403b4[State = -1, empty queue]] WARN  server.GrpcLogAppender (GrpcLogAppender.java:timeoutAppendRequest(209)) - efdea5f7-0978-4608-8df8-907f93177c26@group-0E05BCBC6A81->27e27663-33d5-44e8-9c0f-eb0e3c2aee11-GrpcLogAppender: appendEntries Timeout, request=efdea5f7-0978-4608-8df8-907f93177c26->27e27663-33d5-44e8-9c0f-eb0e3c2aee11#40-t7, previous=(t:7, i:10), leaderCommit=10, initializing? false, entries: <empty>
2019-10-18 00:27:42,599 [EventQueue-ContainerReportForContainerReportHandler] WARN  container.ContainerReportHandler (AbstractContainerReportHandler.java:updateContainerState(145)) - Container #1 is in OPEN state, but the datanode 1c196293-af28-4849-9284-4cc1dd56b0a0{ip: 192.168.164.253, host: pr-hdds-2131-4cx76-1129263384, networkLocation: /default-rack, certSerialId: null} reports an CLOSED replica.
2019-10-18 00:27:42,846 [EventQueue-ContainerReportForContainerReportHandler] WARN  container.ContainerReportHandler (AbstractContainerReportHandler.java:updateContainerState(145)) - Container #1 is in OPEN state, but the datanode efdea5f7-0978-4608-8df8-907f93177c26{ip: 192.168.164.253, host: pr-hdds-2131-4cx76-1129263384, networkLocation: /default-rack, certSerialId: null} reports an CLOSED replica.
2019-10-18 00:27:42,898 [EventQueue-ContainerReportForContainerReportHandler] WARN  container.ContainerReportHandler (AbstractContainerReportHandler.java:updateContainerState(145)) - Container #1 is in OPEN state, but the datanode 1c196293-af28-4849-9284-4cc1dd56b0a0{ip: 192.168.164.253, host: pr-hdds-2131-4cx76-1129263384, networkLocation: /default-rack, certSerialId: null} reports an CLOSED replica.
2019-10-18 00:27:43,077 [BlockDeletingService#2] WARN  background.BlockDeletingService (BlockDeletingService.java:isDeletionAllowed(187)) - Close Container log Index 6 is not replicated across allthe servers in the pipeline 75404b60-6d3b-4b77-b495-0e05bcbc6a81 as the min replicated index is 4. Deletion is not allowed in this container yet.
2019-10-18 00:27:43,077 [BlockDeletingService#2] WARN  background.BlockDeletingService (BlockDeletingService.java:isDeletionAllowed(187)) - Close Container log Index 6 is not replicated across allthe servers in the pipeline 75404b60-6d3b-4b77-b495-0e05bcbc6a81 as the min replicated index is 4. Deletion is not allowed in this container yet.
2019-10-18 00:27:43,148 [EventQueue-ContainerReportForContainerReportHandler] WARN  container.ContainerReportHandler (AbstractContainerReportHandler.java:updateContainerState(145)) - Container #1 is in OPEN state, but the datanode efdea5f7-0978-4608-8df8-907f93177c26{ip: 192.168.164.253, host: pr-hdds-2131-4cx76-1129263384, networkLocation: /default-rack, certSerialId: null} reports an CLOSED replica.
2019-10-18 00:27:43,199 [EventQueue-ContainerReportForContainerReportHandler] WARN  container.ContainerReportHandler (AbstractContainerReportHandler.java:updateContainerState(145)) - Container #1 is in OPEN state, but the datanode 1c196293-af28-4849-9284-4cc1dd56b0a0{ip: 192.168.164.253, host: pr-hdds-2131-4cx76-1129263384, networkLocation: /default-rack, certSerialId: null} reports an CLOSED replica.
2019-10-18 00:27:43,450 [EventQueue-ContainerReportForContainerReportHandler] WARN  container.ContainerReportHandler (AbstractContainerReportHandler.java:updateContainerState(145)) - Container #1 is in OPEN state, but the datanode efdea5f7-0978-4608-8df8-907f93177c26{ip: 192.168.164.253, host: pr-hdds-2131-4cx76-1129263384, networkLocation: /default-rack, certSerialId: null} reports an CLOSED replica.
2019-10-18 00:27:43,599 [EventQueue-ContainerReportForContainerReportHandler] WARN  container.ContainerReportHandler (AbstractContainerReportHandler.java:updateContainerState(145)) - Container #1 is in OPEN state, but the datanode 1c196293-af28-4849-9284-4cc1dd56b0a0{ip: 192.168.164.253, host: pr-hdds-2131-4cx76-1129263384, networkLocation: /default-rack, certSerialId: null} reports an CLOSED replica.
2019-10-18 00:27:43,749 [EventQueue-ContainerReportForContainerReportHandler] WARN  container.ContainerReportHandler (AbstractContainerReportHandler.java:updateContainerState(145)) - Container #1 is in OPEN state, but the datanode efdea5f7-0978-4608-8df8-907f93177c26{ip: 192.168.164.253, host: pr-hdds-2131-4cx76-1129263384, networkLocation: /default-rack, certSerialId: null} reports an CLOSED replica.
2019-10-18 00:27:43,899 [EventQueue-ContainerReportForContainerReportHandler] WARN  container.ContainerReportHandler (AbstractContainerReportHandler.java:updateContainerState(145)) - Container #1 is in OPEN state, but the datanode 1c196293-af28-4849-9284-4cc1dd56b0a0{ip: 192.168.164.253, host: pr-hdds-2131-4cx76-1129263384, networkLocation: /default-rack, certSerialId: null} reports an CLOSED replica.
2019-10-18 00:27:43,950 [EventQueue-ContainerReportForContainerReportHandler] WARN  container.ContainerReportHandler (AbstractContainerReportHandler.java:updateContainerState(145)) - Container #1 is in OPEN state, but the datanode efdea5f7-0978-4608-8df8-907f93177c26{ip: 192.168.164.253, host: pr-hdds-2131-4cx76-1129263384, networkLocation: /default-rack, certSerialId: null} reports an CLOSED replica.
2019-10-18 00:27:44,079 [BlockDeletingService#2] WARN  background.BlockDeletingService (BlockDeletingService.java:isDeletionAllowed(187)) - Close Container log Index 6 is not replicated across allthe servers in the pipeline 75404b60-6d3b-4b77-b495-0e05bcbc6a81 as the min replicated index is 4. Deletion is not allowed in this container yet.
2019-10-18 00:27:44,079 [BlockDeletingService#2] WARN  background.BlockDeletingService (BlockDeletingService.java:isDeletionAllowed(187)) - Close Container log Index 6 is not replicated across allthe servers in the pipeline 75404b60-6d3b-4b77-b495-0e05bcbc6a81 as the min replicated index is 4. Deletion is not allowed in this container yet.
2019-10-18 00:27:44,150 [EventQueue-ContainerReportForContainerReportHandler] WARN  container.ContainerReportHandler (AbstractContainerReportHandler.java:updateContainerState(145)) - Container #1 is in OPEN state, but the datanode efdea5f7-0978-4608-8df8-907f93177c26{ip: 192.168.164.253, host: pr-hdds-2131-4cx76-1129263384, networkLocation: /default-rack, certSerialId: null} reports an CLOSED replica.
2019-10-18 00:27:44,299 [EventQueue-ContainerReportForContainerReportHandler] WARN  container.ContainerReportHandler (AbstractContainerReportHandler.java:updateContainerState(145)) - Container #1 is in OPEN state, but the datanode 1c196293-af28-4849-9284-4cc1dd56b0a0{ip: 192.168.164.253, host: pr-hdds-2131-4cx76-1129263384, networkLocation: /default-rack, certSerialId: null} reports an CLOSED replica.
2019-10-18 00:27:44,452 [EventQueue-ContainerReportForContainerReportHandler] WARN  container.ContainerReportHandler (AbstractContainerReportHandler.java:updateContainerState(145)) - Container #1 is in OPEN state, but the datanode efdea5f7-0978-4608-8df8-907f93177c26{ip: 192.168.164.253, host: pr-hdds-2131-4cx76-1129263384, networkLocation: /default-rack, certSerialId: null} reports an CLOSED replica.
2019-10-18 00:27:44,698 [EventQueue-ContainerReportForContainerReportHandler] WARN  container.ContainerReportHandler (AbstractContainerReportHandler.java:updateContainerState(145)) - Container #1 is in OPEN state, but the datanode 1c196293-af28-4849-9284-4cc1dd56b0a0{ip: 192.168.164.253, host: pr-hdds-2131-4cx76-1129263384, networkLocation: /default-rack, certSerialId: null} reports an CLOSED replica.
2019-10-18 00:27:44,751 [EventQueue-ContainerReportForContainerReportHandler] WARN  container.ContainerReportHandler (AbstractContainerReportHandler.java:updateContainerState(145)) - Container #1 is in OPEN state, but the datanode efdea5f7-0978-4608-8df8-907f93177c26{ip: 192.168.164.253, host: pr-hdds-2131-4cx76-1129263384, networkLocation: /default-rack, certSerialId: null} reports an CLOSED replica.
2019-10-18 00:27:44,961 [java.util.concurrent.ThreadPoolExecutor$Worker@18e403b4[State = -1, empty queue]] WARN  server.GrpcLogAppender (GrpcLogAppender.java:timeoutAppendRequest(209)) - efdea5f7-0978-4608-8df8-907f93177c26@group-0E05BCBC6A81->27e27663-33d5-44e8-9c0f-eb0e3c2aee11-GrpcLogAppender: appendEntries Timeout, request=efdea5f7-0978-4608-8df8-907f93177c26->27e27663-33d5-44e8-9c0f-eb0e3c2aee11#41-t7, previous=(t:7, i:10), leaderCommit=10, initializing? false, entries: <empty>
2019-10-18 00:27:44,999 [EventQueue-ContainerReportForContainerReportHandler] WARN  container.ContainerReportHandler (AbstractContainerReportHandler.java:updateContainerState(145)) - Container #1 is in OPEN state, but the datanode 1c196293-af28-4849-9284-4cc1dd56b0a0{ip: 192.168.164.253, host: pr-hdds-2131-4cx76-1129263384, networkLocation: /default-rack, certSerialId: null} reports an CLOSED replica.
2019-10-18 00:27:45,054 [EventQueue-ContainerReportForContainerReportHandler] WARN  container.ContainerReportHandler (AbstractContainerReportHandler.java:updateContainerState(145)) - Container #1 is in OPEN state, but the datanode efdea5f7-0978-4608-8df8-907f93177c26{ip: 192.168.164.253, host: pr-hdds-2131-4cx76-1129263384, networkLocation: /default-rack, certSerialId: null} reports an CLOSED replica.
2019-10-18 00:27:45,082 [BlockDeletingService#2] WARN  background.BlockDeletingService (BlockDeletingService.java:isDeletionAllowed(187)) - Close Container log Index 6 is not replicated across allthe servers in the pipeline 75404b60-6d3b-4b77-b495-0e05bcbc6a81 as the min replicated index is 4. Deletion is not allowed in this container yet.
2019-10-18 00:27:45,082 [BlockDeletingService#2] WARN  background.BlockDeletingService (BlockDeletingService.java:isDeletionAllowed(187)) - Close Container log Index 6 is not replicated across allthe servers in the pipeline 75404b60-6d3b-4b77-b495-0e05bcbc6a81 as the min replicated index is 4. Deletion is not allowed in this container yet.
2019-10-18 00:27:45,400 [EventQueue-ContainerReportForContainerReportHandler] WARN  container.ContainerReportHandler (AbstractContainerReportHandler.java:updateContainerState(145)) - Container #1 is in OPEN state, but the datanode 1c196293-af28-4849-9284-4cc1dd56b0a0{ip: 192.168.164.253, host: pr-hdds-2131-4cx76-1129263384, networkLocation: /default-rack, certSerialId: null} reports an CLOSED replica.
2019-10-18 00:27:45,456 [EventQueue-ContainerReportForContainerReportHandler] WARN  container.ContainerReportHandler (AbstractContainerReportHandler.java:updateContainerState(145)) - Container #1 is in OPEN state, but the datanode efdea5f7-0978-4608-8df8-907f93177c26{ip: 192.168.164.253, host: pr-hdds-2131-4cx76-1129263384, networkLocation: /default-rack, certSerialId: null} reports an CLOSED replica.
2019-10-18 00:27:45,699 [EventQueue-ContainerReportForContainerReportHandler] WARN  container.ContainerReportHandler (AbstractContainerReportHandler.java:updateContainerState(145)) - Container #1 is in OPEN state, but the datanode 1c196293-af28-4849-9284-4cc1dd56b0a0{ip: 192.168.164.253, host: pr-hdds-2131-4cx76-1129263384, networkLocation: /default-rack, certSerialId: null} reports an CLOSED replica.
2019-10-18 00:27:45,756 [EventQueue-ContainerReportForContainerReportHandler] WARN  container.ContainerReportHandler (AbstractContainerReportHandler.java:updateContainerState(145)) - Container #1 is in OPEN state, but the datanode efdea5f7-0978-4608-8df8-907f93177c26{ip: 192.168.164.253, host: pr-hdds-2131-4cx76-1129263384, networkLocation: /default-rack, certSerialId: null} reports an CLOSED replica.
2019-10-18 00:27:45,956 [EventQueue-ContainerReportForContainerReportHandler] WARN  container.ContainerReportHandler (AbstractContainerReportHandler.java:updateContainerState(145)) - Container #1 is in OPEN state, but the datanode efdea5f7-0978-4608-8df8-907f93177c26{ip: 192.168.164.253, host: pr-hdds-2131-4cx76-1129263384, networkLocation: /default-rack, certSerialId: null} reports an CLOSED replica.
2019-10-18 00:27:45,999 [EventQueue-ContainerReportForContainerReportHandler] WARN  container.ContainerReportHandler (AbstractContainerReportHandler.java:updateContainerState(145)) - Container #1 is in OPEN state, but the datanode 1c196293-af28-4849-9284-4cc1dd56b0a0{ip: 192.168.164.253, host: pr-hdds-2131-4cx76-1129263384, networkLocation: /default-rack, certSerialId: null} reports an CLOSED replica.
2019-10-18 00:27:46,084 [BlockDeletingService#2] WARN  background.BlockDeletingService (BlockDeletingService.java:isDeletionAllowed(187)) - Close Container log Index 6 is not replicated across allthe servers in the pipeline 75404b60-6d3b-4b77-b495-0e05bcbc6a81 as the min replicated index is 4. Deletion is not allowed in this container yet.
2019-10-18 00:27:46,084 [BlockDeletingService#2] WARN  background.BlockDeletingService (BlockDeletingService.java:isDeletionAllowed(187)) - Close Container log Index 6 is not replicated across allthe servers in the pipeline 75404b60-6d3b-4b77-b495-0e05bcbc6a81 as the min replicated index is 4. Deletion is not allowed in this container yet.
2019-10-18 00:27:46,299 [EventQueue-ContainerReportForContainerReportHandler] WARN  container.ContainerReportHandler (AbstractContainerReportHandler.java:updateContainerState(145)) - Container #1 is in OPEN state, but the datanode 1c196293-af28-4849-9284-4cc1dd56b0a0{ip: 192.168.164.253, host: pr-hdds-2131-4cx76-1129263384, networkLocation: /default-rack, certSerialId: null} reports an CLOSED replica.
2019-10-18 00:27:46,355 [EventQueue-ContainerReportForContainerReportHandler] WARN  container.ContainerReportHandler (AbstractContainerReportHandler.java:updateContainerState(145)) - Container #1 is in OPEN state, but the datanode efdea5f7-0978-4608-8df8-907f93177c26{ip: 192.168.164.253, host: pr-hdds-2131-4cx76-1129263384, networkLocation: /default-rack, certSerialId: null} reports an CLOSED replica.
2019-10-18 00:27:46,599 [EventQueue-ContainerReportForContainerReportHandler] WARN  container.ContainerReportHandler (AbstractContainerReportHandler.java:updateContainerState(145)) - Container #1 is in OPEN state, but the datanode 1c196293-af28-4849-9284-4cc1dd56b0a0{ip: 192.168.164.253, host: pr-hdds-2131-4cx76-1129263384, networkLocation: /default-rack, certSerialId: null} reports an CLOSED replica.
2019-10-18 00:27:46,656 [EventQueue-ContainerReportForContainerReportHandler] WARN  container.ContainerReportHandler (AbstractContainerReportHandler.java:updateContainerState(145)) - Container #1 is in OPEN state, but the datanode efdea5f7-0978-4608-8df8-907f93177c26{ip: 192.168.164.253, host: pr-hdds-2131-4cx76-1129263384, networkLocation: /default-rack, certSerialId: null} reports an CLOSED replica.
2019-10-18 00:27:46,955 [EventQueue-ContainerReportForContainerReportHandler] WARN  container.ContainerReportHandler (AbstractContainerReportHandler.java:updateContainerState(145)) - Container #1 is in OPEN state, but the datanode efdea5f7-0978-4608-8df8-907f93177c26{ip: 192.168.164.253, host: pr-hdds-2131-4cx76-1129263384, networkLocation: /default-rack, certSerialId: null} reports an CLOSED replica.
2019-10-18 00:27:46,999 [EventQueue-ContainerReportForContainerReportHandler] WARN  container.ContainerReportHandler (AbstractContainerReportHandler.java:updateContainerState(145)) - Container #1 is in OPEN state, but the datanode 1c196293-af28-4849-9284-4cc1dd56b0a0{ip: 192.168.164.253, host: pr-hdds-2131-4cx76-1129263384, networkLocation: /default-rack, certSerialId: null} reports an CLOSED replica.
2019-10-18 00:27:47,086 [BlockDeletingService#2] WARN  background.BlockDeletingService (BlockDeletingService.java:isDeletionAllowed(187)) - Close Container log Index 6 is not replicated across allthe servers in the pipeline 75404b60-6d3b-4b77-b495-0e05bcbc6a81 as the min replicated index is 4. Deletion is not allowed in this container yet.
2019-10-18 00:27:47,086 [BlockDeletingService#2] WARN  background.BlockDeletingService (BlockDeletingService.java:isDeletionAllowed(187)) - Close Container log Index 6 is not replicated across allthe servers in the pipeline 75404b60-6d3b-4b77-b495-0e05bcbc6a81 as the min replicated index is 4. Deletion is not allowed in this container yet.
2019-10-18 00:27:47,256 [EventQueue-ContainerReportForContainerReportHandler] WARN  container.ContainerReportHandler (AbstractContainerReportHandler.java:updateContainerState(145)) - Container #1 is in OPEN state, but the datanode efdea5f7-0978-4608-8df8-907f93177c26{ip: 192.168.164.253, host: pr-hdds-2131-4cx76-1129263384, networkLocation: /default-rack, certSerialId: null} reports an CLOSED replica.
2019-10-18 00:27:47,400 [EventQueue-ContainerReportForContainerReportHandler] WARN  container.ContainerReportHandler (AbstractContainerReportHandler.java:updateContainerState(145)) - Container #1 is in OPEN state, but the datanode 1c196293-af28-4849-9284-4cc1dd56b0a0{ip: 192.168.164.253, host: pr-hdds-2131-4cx76-1129263384, networkLocation: /default-rack, certSerialId: null} reports an CLOSED replica.
2019-10-18 00:27:47,462 [java.util.concurrent.ThreadPoolExecutor$Worker@18e403b4[State = -1, empty queue]] WARN  server.GrpcLogAppender (GrpcLogAppender.java:timeoutAppendRequest(209)) - efdea5f7-0978-4608-8df8-907f93177c26@group-0E05BCBC6A81->27e27663-33d5-44e8-9c0f-eb0e3c2aee11-GrpcLogAppender: appendEntries Timeout, request=efdea5f7-0978-4608-8df8-907f93177c26->27e27663-33d5-44e8-9c0f-eb0e3c2aee11#42-t7, previous=(t:7, i:10), leaderCommit=10, initializing? false, entries: <empty>
2019-10-18 00:27:47,556 [EventQueue-ContainerReportForContainerReportHandler] WARN  container.ContainerReportHandler (AbstractContainerReportHandler.java:updateContainerState(145)) - Container #1 is in OPEN state, but the datanode efdea5f7-0978-4608-8df8-907f93177c26{ip: 192.168.164.253, host: pr-hdds-2131-4cx76-1129263384, networkLocation: /default-rack, certSerialId: null} reports an CLOSED replica.
2019-10-18 00:27:47,701 [EventQueue-ContainerReportForContainerReportHandler] WARN  container.ContainerReportHandler (AbstractContainerReportHandler.java:updateContainerState(145)) - Container #1 is in OPEN state, but the datanode 1c196293-af28-4849-9284-4cc1dd56b0a0{ip: 192.168.164.253, host: pr-hdds-2131-4cx76-1129263384, networkLocation: /default-rack, certSerialId: null} reports an CLOSED replica.
2019-10-18 00:27:47,856 [EventQueue-ContainerReportForContainerReportHandler] WARN  container.ContainerReportHandler (AbstractContainerReportHandler.java:updateContainerState(145)) - Container #1 is in OPEN state, but the datanode efdea5f7-0978-4608-8df8-907f93177c26{ip: 192.168.164.253, host: pr-hdds-2131-4cx76-1129263384, networkLocation: /default-rack, certSerialId: null} reports an CLOSED replica.
2019-10-18 00:27:48,088 [BlockDeletingService#2] WARN  background.BlockDeletingService (BlockDeletingService.java:isDeletionAllowed(187)) - Close Container log Index 6 is not replicated across allthe servers in the pipeline 75404b60-6d3b-4b77-b495-0e05bcbc6a81 as the min replicated index is 4. Deletion is not allowed in this container yet.
2019-10-18 00:27:48,088 [BlockDeletingService#2] WARN  background.BlockDeletingService (BlockDeletingService.java:isDeletionAllowed(187)) - Close Container log Index 6 is not replicated across allthe servers in the pipeline 75404b60-6d3b-4b77-b495-0e05bcbc6a81 as the min replicated index is 4. Deletion is not allowed in this container yet.
2019-10-18 00:27:48,102 [EventQueue-ContainerReportForContainerReportHandler] WARN  container.ContainerReportHandler (AbstractContainerReportHandler.java:updateContainerState(145)) - Container #1 is in OPEN state, but the datanode 1c196293-af28-4849-9284-4cc1dd56b0a0{ip: 192.168.164.253, host: pr-hdds-2131-4cx76-1129263384, networkLocation: /default-rack, certSerialId: null} reports an CLOSED replica.
2019-10-18 00:27:48,156 [EventQueue-ContainerReportForContainerReportHandler] WARN  container.ContainerReportHandler (AbstractContainerReportHandler.java:updateContainerState(145)) - Container #1 is in OPEN state, but the datanode efdea5f7-0978-4608-8df8-907f93177c26{ip: 192.168.164.253, host: pr-hdds-2131-4cx76-1129263384, networkLocation: /default-rack, certSerialId: null} reports an CLOSED replica.
2019-10-18 00:27:48,302 [EventQueue-ContainerReportForContainerReportHandler] WARN  container.ContainerReportHandler (AbstractContainerReportHandler.java:updateContainerState(145)) - Container #1 is in OPEN state, but the datanode 1c196293-af28-4849-9284-4cc1dd56b0a0{ip: 192.168.164.253, host: pr-hdds-2131-4cx76-1129263384, networkLocation: /default-rack, certSerialId: null} reports an CLOSED replica.
2019-10-18 00:27:48,355 [EventQueue-ContainerReportForContainerReportHandler] WARN  container.ContainerReportHandler (AbstractContainerReportHandler.java:updateContainerState(145)) - Container #1 is in OPEN state, but the datanode efdea5f7-0978-4608-8df8-907f93177c26{ip: 192.168.164.253, host: pr-hdds-2131-4cx76-1129263384, networkLocation: /default-rack, certSerialId: null} reports an CLOSED replica.
2019-10-18 00:27:48,602 [EventQueue-ContainerReportForContainerReportHandler] WARN  container.ContainerReportHandler (AbstractContainerReportHandler.java:updateContainerState(145)) - Container #1 is in OPEN state, but the datanode 1c196293-af28-4849-9284-4cc1dd56b0a0{ip: 192.168.164.253, host: pr-hdds-2131-4cx76-1129263384, networkLocation: /default-rack, certSerialId: null} reports an CLOSED replica.
2019-10-18 00:27:48,655 [EventQueue-ContainerReportForContainerReportHandler] WARN  container.ContainerReportHandler (AbstractContainerReportHandler.java:updateContainerState(145)) - Container #1 is in OPEN state, but the datanode efdea5f7-0978-4608-8df8-907f93177c26{ip: 192.168.164.253, host: pr-hdds-2131-4cx76-1129263384, networkLocation: /default-rack, certSerialId: null} reports an CLOSED replica.
2019-10-18 00:27:48,856 [EventQueue-ContainerReportForContainerReportHandler] WARN  container.ContainerReportHandler (AbstractContainerReportHandler.java:updateContainerState(145)) - Container #1 is in OPEN state, but the datanode efdea5f7-0978-4608-8df8-907f93177c26{ip: 192.168.164.253, host: pr-hdds-2131-4cx76-1129263384, networkLocation: /default-rack, certSerialId: null} reports an CLOSED replica.
2019-10-18 00:27:48,903 [EventQueue-ContainerReportForContainerReportHandler] WARN  container.ContainerReportHandler (AbstractContainerReportHandler.java:updateContainerState(145)) - Container #1 is in OPEN state, but the datanode 1c196293-af28-4849-9284-4cc1dd56b0a0{ip: 192.168.164.253, host: pr-hdds-2131-4cx76-1129263384, networkLocation: /default-rack, certSerialId: null} reports an CLOSED replica.
2019-10-18 00:27:49,089 [BlockDeletingService#2] WARN  background.BlockDeletingService (BlockDeletingService.java:isDeletionAllowed(187)) - Close Container log Index 6 is not replicated across allthe servers in the pipeline 75404b60-6d3b-4b77-b495-0e05bcbc6a81 as the min replicated index is 4. Deletion is not allowed in this container yet.
2019-10-18 00:27:49,090 [BlockDeletingService#2] WARN  background.BlockDeletingService (BlockDeletingService.java:isDeletionAllowed(187)) - Close Container log Index 6 is not replicated across allthe servers in the pipeline 75404b60-6d3b-4b77-b495-0e05bcbc6a81 as the min replicated index is 4. Deletion is not allowed in this container yet.
2019-10-18 00:27:49,157 [EventQueue-ContainerReportForContainerReportHandler] WARN  container.ContainerReportHandler (AbstractContainerReportHandler.java:updateContainerState(145)) - Container #1 is in OPEN state, but the datanode efdea5f7-0978-4608-8df8-907f93177c26{ip: 192.168.164.253, host: pr-hdds-2131-4cx76-1129263384, networkLocation: /default-rack, certSerialId: null} reports an CLOSED replica.
2019-10-18 00:27:49,204 [EventQueue-ContainerReportForContainerReportHandler] WARN  container.ContainerReportHandler (AbstractContainerReportHandler.java:updateContainerState(145)) - Container #1 is in OPEN state, but the datanode 1c196293-af28-4849-9284-4cc1dd56b0a0{ip: 192.168.164.253, host: pr-hdds-2131-4cx76-1129263384, networkLocation: /default-rack, certSerialId: null} reports an CLOSED replica.
2019-10-18 00:27:49,357 [EventQueue-ContainerReportForContainerReportHandler] WARN  container.ContainerReportHandler (AbstractContainerReportHandler.java:updateContainerState(145)) - Container #1 is in OPEN state, but the datanode efdea5f7-0978-4608-8df8-907f93177c26{ip: 192.168.164.253, host: pr-hdds-2131-4cx76-1129263384, networkLocation: /default-rack, certSerialId: null} reports an CLOSED replica.
2019-10-18 00:27:49,405 [EventQueue-ContainerReportForContainerReportHandler] WARN  container.ContainerReportHandler (AbstractContainerReportHandler.java:updateContainerState(145)) - Container #1 is in OPEN state, but the datanode 1c196293-af28-4849-9284-4cc1dd56b0a0{ip: 192.168.164.253, host: pr-hdds-2131-4cx76-1129263384, networkLocation: /default-rack, certSerialId: null} reports an CLOSED replica.
2019-10-18 00:27:49,657 [EventQueue-ContainerReportForContainerReportHandler] WARN  container.ContainerReportHandler (AbstractContainerReportHandler.java:updateContainerState(145)) - Container #1 is in OPEN state, but the datanode efdea5f7-0978-4608-8df8-907f93177c26{ip: 192.168.164.253, host: pr-hdds-2131-4cx76-1129263384, networkLocation: /default-rack, certSerialId: null} reports an CLOSED replica.
2019-10-18 00:27:49,705 [EventQueue-ContainerReportForContainerReportHandler] WARN  container.ContainerReportHandler (AbstractContainerReportHandler.java:updateContainerState(145)) - Container #1 is in OPEN state, but the datanode 1c196293-af28-4849-9284-4cc1dd56b0a0{ip: 192.168.164.253, host: pr-hdds-2131-4cx76-1129263384, networkLocation: /default-rack, certSerialId: null} reports an CLOSED replica.
2019-10-18 00:27:49,957 [EventQueue-ContainerReportForContainerReportHandler] WARN  container.ContainerReportHandler (AbstractContainerReportHandler.java:updateContainerState(145)) - Container #1 is in OPEN state, but the datanode efdea5f7-0978-4608-8df8-907f93177c26{ip: 192.168.164.253, host: pr-hdds-2131-4cx76-1129263384, networkLocation: /default-rack, certSerialId: null} reports an CLOSED replica.
2019-10-18 00:27:49,964 [java.util.concurrent.ThreadPoolExecutor$Worker@18e403b4[State = -1, empty queue]] WARN  server.GrpcLogAppender (GrpcLogAppender.java:timeoutAppendRequest(209)) - efdea5f7-0978-4608-8df8-907f93177c26@group-0E05BCBC6A81->27e27663-33d5-44e8-9c0f-eb0e3c2aee11-GrpcLogAppender: appendEntries Timeout, request=efdea5f7-0978-4608-8df8-907f93177c26->27e27663-33d5-44e8-9c0f-eb0e3c2aee11#43-t7, previous=(t:7, i:10), leaderCommit=10, initializing? false, entries: <empty>
2019-10-18 00:27:50,004 [EventQueue-ContainerReportForContainerReportHandler] WARN  container.ContainerReportHandler (AbstractContainerReportHandler.java:updateContainerState(145)) - Container #1 is in OPEN state, but the datanode 1c196293-af28-4849-9284-4cc1dd56b0a0{ip: 192.168.164.253, host: pr-hdds-2131-4cx76-1129263384, networkLocation: /default-rack, certSerialId: null} reports an CLOSED replica.
2019-10-18 00:27:50,091 [BlockDeletingService#2] WARN  background.BlockDeletingService (BlockDeletingService.java:isDeletionAllowed(187)) - Close Container log Index 6 is not replicated across allthe servers in the pipeline 75404b60-6d3b-4b77-b495-0e05bcbc6a81 as the min replicated index is 4. Deletion is not allowed in this container yet.
2019-10-18 00:27:50,091 [BlockDeletingService#2] WARN  background.BlockDeletingService (BlockDeletingService.java:isDeletionAllowed(187)) - Close Container log Index 6 is not replicated across allthe servers in the pipeline 75404b60-6d3b-4b77-b495-0e05bcbc6a81 as the min replicated index is 4. Deletion is not allowed in this container yet.
2019-10-18 00:27:50,304 [EventQueue-ContainerReportForContainerReportHandler] WARN  container.ContainerReportHandler (AbstractContainerReportHandler.java:updateContainerState(145)) - Container #1 is in OPEN state, but the datanode 1c196293-af28-4849-9284-4cc1dd56b0a0{ip: 192.168.164.253, host: pr-hdds-2131-4cx76-1129263384, networkLocation: /default-rack, certSerialId: null} reports an CLOSED replica.
2019-10-18 00:27:50,357 [EventQueue-ContainerReportForContainerReportHandler] WARN  container.ContainerReportHandler (AbstractContainerReportHandler.java:updateContainerState(145)) - Container #1 is in OPEN state, but the datanode efdea5f7-0978-4608-8df8-907f93177c26{ip: 192.168.164.253, host: pr-hdds-2131-4cx76-1129263384, networkLocation: /default-rack, certSerialId: null} reports an CLOSED replica.
2019-10-18 00:27:50,505 [EventQueue-ContainerReportForContainerReportHandler] WARN  container.ContainerReportHandler (AbstractContainerReportHandler.java:updateContainerState(145)) - Container #1 is in OPEN state, but the datanode 1c196293-af28-4849-9284-4cc1dd56b0a0{ip: 192.168.164.253, host: pr-hdds-2131-4cx76-1129263384, networkLocation: /default-rack, certSerialId: null} reports an CLOSED replica.
2019-10-18 00:27:50,657 [EventQueue-ContainerReportForContainerReportHandler] WARN  container.ContainerReportHandler (AbstractContainerReportHandler.java:updateContainerState(145)) - Container #1 is in OPEN state, but the datanode efdea5f7-0978-4608-8df8-907f93177c26{ip: 192.168.164.253, host: pr-hdds-2131-4cx76-1129263384, networkLocation: /default-rack, certSerialId: null} reports an CLOSED replica.
2019-10-18 00:27:50,682 [Thread-518] INFO  client.GrpcClientProtocolService (GrpcClientProtocolService.java:lambda$processClientRequest$0(278)) - Failed RaftClientRequest:client-4C7A307276C4->efdea5f7-0978-4608-8df8-907f93177c26@group-0E05BCBC6A81, cid=10, seq=0, Watch-ALL_COMMITTED(6), Message:<EMPTY>, reply=RaftClientReply:client-4C7A307276C4->efdea5f7-0978-4608-8df8-907f93177c26@group-0E05BCBC6A81, cid=10, FAILED org.apache.ratis.protocol.NotReplicatedException: Request with call Id 10 and log index 6 is not yet replicated to ALL_COMMITTED, logIndex=6, commits[efdea5f7-0978-4608-8df8-907f93177c26:c10, 27e27663-33d5-44e8-9c0f-eb0e3c2aee11:c4, 1c196293-af28-4849-9284-4cc1dd56b0a0:c10]
2019-10-18 00:27:50,905 [EventQueue-ContainerReportForContainerReportHandler] WARN  container.ContainerReportHandler (AbstractContainerReportHandler.java:updateContainerState(145)) - Container #1 is in OPEN state, but the datanode 1c196293-af28-4849-9284-4cc1dd56b0a0{ip: 192.168.164.253, host: pr-hdds-2131-4cx76-1129263384, networkLocation: /default-rack, certSerialId: null} reports an CLOSED replica.
2019-10-18 00:27:51,057 [EventQueue-ContainerReportForContainerReportHandler] WARN  container.ContainerReportHandler (AbstractContainerReportHandler.java:updateContainerState(145)) - Container #1 is in OPEN state, but the datanode efdea5f7-0978-4608-8df8-907f93177c26{ip: 192.168.164.253, host: pr-hdds-2131-4cx76-1129263384, networkLocation: /default-rack, certSerialId: null} reports an CLOSED replica.
2019-10-18 00:27:51,093 [BlockDeletingService#2] WARN  background.BlockDeletingService (BlockDeletingService.java:isDeletionAllowed(187)) - Close Container log Index 6 is not replicated across allthe servers in the pipeline 75404b60-6d3b-4b77-b495-0e05bcbc6a81 as the min replicated index is 4. Deletion is not allowed in this container yet.
2019-10-18 00:27:51,093 [BlockDeletingService#2] WARN  background.BlockDeletingService (BlockDeletingService.java:isDeletionAllowed(187)) - Close Container log Index 6 is not replicated across allthe servers in the pipeline 75404b60-6d3b-4b77-b495-0e05bcbc6a81 as the min replicated index is 4. Deletion is not allowed in this container yet.
2019-10-18 00:27:51,104 [EventQueue-ContainerReportForContainerReportHandler] WARN  container.ContainerReportHandler (AbstractContainerReportHandler.java:updateContainerState(145)) - Container #1 is in OPEN state, but the datanode 1c196293-af28-4849-9284-4cc1dd56b0a0{ip: 192.168.164.253, host: pr-hdds-2131-4cx76-1129263384, networkLocation: /default-rack, certSerialId: null} reports an CLOSED replica.
2019-10-18 00:27:51,304 [EventQueue-ContainerReportForContainerReportHandler] WARN  container.ContainerReportHandler (AbstractContainerReportHandler.java:updateContainerState(145)) - Container #1 is in OPEN state, but the datanode 1c196293-af28-4849-9284-4cc1dd56b0a0{ip: 192.168.164.253, host: pr-hdds-2131-4cx76-1129263384, networkLocation: /default-rack, certSerialId: null} reports an CLOSED replica.
2019-10-18 00:27:51,359 [EventQueue-ContainerReportForContainerReportHandler] WARN  container.ContainerReportHandler (AbstractContainerReportHandler.java:updateContainerState(145)) - Container #1 is in OPEN state, but the datanode efdea5f7-0978-4608-8df8-907f93177c26{ip: 192.168.164.253, host: pr-hdds-2131-4cx76-1129263384, networkLocation: /default-rack, certSerialId: null} reports an CLOSED replica.
2019-10-18 00:27:51,606 [EventQueue-ContainerReportForContainerReportHandler] WARN  container.ContainerReportHandler (AbstractContainerReportHandler.java:updateContainerState(145)) - Container #1 is in OPEN state, but the datanode 1c196293-af28-4849-9284-4cc1dd56b0a0{ip: 192.168.164.253, host: pr-hdds-2131-4cx76-1129263384, networkLocation: /default-rack, certSerialId: null} reports an CLOSED replica.
2019-10-18 00:27:51,759 [EventQueue-ContainerReportForContainerReportHandler] WARN  container.ContainerReportHandler (AbstractContainerReportHandler.java:updateContainerState(145)) - Container #1 is in OPEN state, but the datanode efdea5f7-0978-4608-8df8-907f93177c26{ip: 192.168.164.253, host: pr-hdds-2131-4cx76-1129263384, networkLocation: /default-rack, certSerialId: null} reports an CLOSED replica.
2019-10-18 00:27:51,959 [EventQueue-ContainerReportForContainerReportHandler] WARN  container.ContainerReportHandler (AbstractContainerReportHandler.java:updateContainerState(145)) - Container #1 is in OPEN state, but the datanode efdea5f7-0978-4608-8df8-907f93177c26{ip: 192.168.164.253, host: pr-hdds-2131-4cx76-1129263384, networkLocation: /default-rack, certSerialId: null} reports an CLOSED replica.
2019-10-18 00:27:52,006 [EventQueue-ContainerReportForContainerReportHandler] WARN  container.ContainerReportHandler (AbstractContainerReportHandler.java:updateContainerState(145)) - Container #1 is in OPEN state, but the datanode 1c196293-af28-4849-9284-4cc1dd56b0a0{ip: 192.168.164.253, host: pr-hdds-2131-4cx76-1129263384, networkLocation: /default-rack, certSerialId: null} reports an CLOSED replica.
2019-10-18 00:27:52,096 [BlockDeletingService#2] WARN  background.BlockDeletingService (BlockDeletingService.java:isDeletionAllowed(187)) - Close Container log Index 6 is not replicated across allthe servers in the pipeline 75404b60-6d3b-4b77-b495-0e05bcbc6a81 as the min replicated index is 4. Deletion is not allowed in this container yet.
2019-10-18 00:27:52,096 [BlockDeletingService#2] WARN  background.BlockDeletingService (BlockDeletingService.java:isDeletionAllowed(187)) - Close Container log Index 6 is not replicated across allthe servers in the pipeline 75404b60-6d3b-4b77-b495-0e05bcbc6a81 as the min replicated index is 4. Deletion is not allowed in this container yet.
2019-10-18 00:27:52,258 [EventQueue-ContainerReportForContainerReportHandler] WARN  container.ContainerReportHandler (AbstractContainerReportHandler.java:updateContainerState(145)) - Container #1 is in OPEN state, but the datanode efdea5f7-0978-4608-8df8-907f93177c26{ip: 192.168.164.253, host: pr-hdds-2131-4cx76-1129263384, networkLocation: /default-rack, certSerialId: null} reports an CLOSED replica.
2019-10-18 00:27:52,408 [EventQueue-ContainerReportForContainerReportHandler] WARN  container.ContainerReportHandler (AbstractContainerReportHandler.java:updateContainerState(145)) - Container #1 is in OPEN state, but the datanode 1c196293-af28-4849-9284-4cc1dd56b0a0{ip: 192.168.164.253, host: pr-hdds-2131-4cx76-1129263384, networkLocation: /default-rack, certSerialId: null} reports an CLOSED replica.
2019-10-18 00:27:52,465 [java.util.concurrent.ThreadPoolExecutor$Worker@18e403b4[State = -1, empty queue]] WARN  server.GrpcLogAppender (GrpcLogAppender.java:timeoutAppendRequest(209)) - efdea5f7-0978-4608-8df8-907f93177c26@group-0E05BCBC6A81->27e27663-33d5-44e8-9c0f-eb0e3c2aee11-GrpcLogAppender: appendEntries Timeout, request=efdea5f7-0978-4608-8df8-907f93177c26->27e27663-33d5-44e8-9c0f-eb0e3c2aee11#44-t7, previous=(t:7, i:10), leaderCommit=10, initializing? false, entries: <empty>
2019-10-18 00:27:52,560 [EventQueue-ContainerReportForContainerReportHandler] WARN  container.ContainerReportHandler (AbstractContainerReportHandler.java:updateContainerState(145)) - Container #1 is in OPEN state, but the datanode efdea5f7-0978-4608-8df8-907f93177c26{ip: 192.168.164.253, host: pr-hdds-2131-4cx76-1129263384, networkLocation: /default-rack, certSerialId: null} reports an CLOSED replica.
2019-10-18 00:27:52,707 [EventQueue-ContainerReportForContainerReportHandler] WARN  container.ContainerReportHandler (AbstractContainerReportHandler.java:updateContainerState(145)) - Container #1 is in OPEN state, but the datanode 1c196293-af28-4849-9284-4cc1dd56b0a0{ip: 192.168.164.253, host: pr-hdds-2131-4cx76-1129263384, networkLocation: /default-rack, certSerialId: null} reports an CLOSED replica.
2019-10-18 00:27:52,760 [EventQueue-ContainerReportForContainerReportHandler] WARN  container.ContainerReportHandler (AbstractContainerReportHandler.java:updateContainerState(145)) - Container #1 is in OPEN state, but the datanode efdea5f7-0978-4608-8df8-907f93177c26{ip: 192.168.164.253, host: pr-hdds-2131-4cx76-1129263384, networkLocation: /default-rack, certSerialId: null} reports an CLOSED replica.
2019-10-18 00:27:53,007 [EventQueue-ContainerReportForContainerReportHandler] WARN  container.ContainerReportHandler (AbstractContainerReportHandler.java:updateContainerState(145)) - Container #1 is in OPEN state, but the datanode 1c196293-af28-4849-9284-4cc1dd56b0a0{ip: 192.168.164.253, host: pr-hdds-2131-4cx76-1129263384, networkLocation: /default-rack, certSerialId: null} reports an CLOSED replica.
2019-10-18 00:27:53,062 [EventQueue-ContainerReportForContainerReportHandler] WARN  container.ContainerReportHandler (AbstractContainerReportHandler.java:updateContainerState(145)) - Container #1 is in OPEN state, but the datanode efdea5f7-0978-4608-8df8-907f93177c26{ip: 192.168.164.253, host: pr-hdds-2131-4cx76-1129263384, networkLocation: /default-rack, certSerialId: null} reports an CLOSED replica.
2019-10-18 00:27:53,097 [BlockDeletingService#2] WARN  background.BlockDeletingService (BlockDeletingService.java:isDeletionAllowed(187)) - Close Container log Index 6 is not replicated across allthe servers in the pipeline 75404b60-6d3b-4b77-b495-0e05bcbc6a81 as the min replicated index is 4. Deletion is not allowed in this container yet.
2019-10-18 00:27:53,098 [BlockDeletingService#2] WARN  background.BlockDeletingService (BlockDeletingService.java:isDeletionAllowed(187)) - Close Container log Index 6 is not replicated across allthe servers in the pipeline 75404b60-6d3b-4b77-b495-0e05bcbc6a81 as the min replicated index is 4. Deletion is not allowed in this container yet.
2019-10-18 00:27:53,309 [EventQueue-ContainerReportForContainerReportHandler] WARN  container.ContainerReportHandler (AbstractContainerReportHandler.java:updateContainerState(145)) - Container #1 is in OPEN state, but the datanode 1c196293-af28-4849-9284-4cc1dd56b0a0{ip: 192.168.164.253, host: pr-hdds-2131-4cx76-1129263384, networkLocation: /default-rack, certSerialId: null} reports an CLOSED replica.
2019-10-18 00:27:53,464 [EventQueue-ContainerReportForContainerReportHandler] WARN  container.ContainerReportHandler (AbstractContainerReportHandler.java:updateContainerState(145)) - Container #1 is in OPEN state, but the datanode efdea5f7-0978-4608-8df8-907f93177c26{ip: 192.168.164.253, host: pr-hdds-2131-4cx76-1129263384, networkLocation: /default-rack, certSerialId: null} reports an CLOSED replica.
2019-10-18 00:27:53,709 [EventQueue-ContainerReportForContainerReportHandler] WARN  container.ContainerReportHandler (AbstractContainerReportHandler.java:updateContainerState(145)) - Container #1 is in OPEN state, but the datanode 1c196293-af28-4849-9284-4cc1dd56b0a0{ip: 192.168.164.253, host: pr-hdds-2131-4cx76-1129263384, networkLocation: /default-rack, certSerialId: null} reports an CLOSED replica.
2019-10-18 00:27:53,864 [EventQueue-ContainerReportForContainerReportHandler] WARN  container.ContainerReportHandler (AbstractContainerReportHandler.java:updateContainerState(145)) - Container #1 is in OPEN state, but the datanode efdea5f7-0978-4608-8df8-907f93177c26{ip: 192.168.164.253, host: pr-hdds-2131-4cx76-1129263384, networkLocation: /default-rack, certSerialId: null} reports an CLOSED replica.
2019-10-18 00:27:54,008 [EventQueue-ContainerReportForContainerReportHandler] WARN  container.ContainerReportHandler (AbstractContainerReportHandler.java:updateContainerState(145)) - Container #1 is in OPEN state, but the datanode 1c196293-af28-4849-9284-4cc1dd56b0a0{ip: 192.168.164.253, host: pr-hdds-2131-4cx76-1129263384, networkLocation: /default-rack, certSerialId: null} reports an CLOSED replica.
2019-10-18 00:27:54,100 [BlockDeletingService#2] WARN  background.BlockDeletingService (BlockDeletingService.java:isDeletionAllowed(187)) - Close Container log Index 6 is not replicated across allthe servers in the pipeline 75404b60-6d3b-4b77-b495-0e05bcbc6a81 as the min replicated index is 4. Deletion is not allowed in this container yet.
2019-10-18 00:27:54,100 [BlockDeletingService#2] WARN  background.BlockDeletingService (BlockDeletingService.java:isDeletionAllowed(187)) - Close Container log Index 6 is not replicated across allthe servers in the pipeline 75404b60-6d3b-4b77-b495-0e05bcbc6a81 as the min replicated index is 4. Deletion is not allowed in this container yet.
2019-10-18 00:27:54,163 [EventQueue-ContainerReportForContainerReportHandler] WARN  container.ContainerReportHandler (AbstractContainerReportHandler.java:updateContainerState(145)) - Container #1 is in OPEN state, but the datanode efdea5f7-0978-4608-8df8-907f93177c26{ip: 192.168.164.253, host: pr-hdds-2131-4cx76-1129263384, networkLocation: /default-rack, certSerialId: null} reports an CLOSED replica.
2019-10-18 00:27:54,308 [EventQueue-ContainerReportForContainerReportHandler] WARN  container.ContainerReportHandler (AbstractContainerReportHandler.java:updateContainerState(145)) - Container #1 is in OPEN state, but the datanode 1c196293-af28-4849-9284-4cc1dd56b0a0{ip: 192.168.164.253, host: pr-hdds-2131-4cx76-1129263384, networkLocation: /default-rack, certSerialId: null} reports an CLOSED replica.
2019-10-18 00:27:54,465 [EventQueue-ContainerReportForContainerReportHandler] WARN  container.ContainerReportHandler (AbstractContainerReportHandler.java:updateContainerState(145)) - Container #1 is in OPEN state, but the datanode efdea5f7-0978-4608-8df8-907f93177c26{ip: 192.168.164.253, host: pr-hdds-2131-4cx76-1129263384, networkLocation: /default-rack, certSerialId: null} reports an CLOSED replica.
2019-10-18 00:27:54,608 [EventQueue-ContainerReportForContainerReportHandler] WARN  container.ContainerReportHandler (AbstractContainerReportHandler.java:updateContainerState(145)) - Container #1 is in OPEN state, but the datanode 1c196293-af28-4849-9284-4cc1dd56b0a0{ip: 192.168.164.253, host: pr-hdds-2131-4cx76-1129263384, networkLocation: /default-rack, certSerialId: null} reports an CLOSED replica.
2019-10-18 00:27:54,664 [EventQueue-ContainerReportForContainerReportHandler] WARN  container.ContainerReportHandler (AbstractContainerReportHandler.java:updateContainerState(145)) - Container #1 is in OPEN state, but the datanode efdea5f7-0978-4608-8df8-907f93177c26{ip: 192.168.164.253, host: pr-hdds-2131-4cx76-1129263384, networkLocation: /default-rack, certSerialId: null} reports an CLOSED replica.
2019-10-18 00:27:54,864 [EventQueue-ContainerReportForContainerReportHandler] WARN  container.ContainerReportHandler (AbstractContainerReportHandler.java:updateContainerState(145)) - Container #1 is in OPEN state, but the datanode efdea5f7-0978-4608-8df8-907f93177c26{ip: 192.168.164.253, host: pr-hdds-2131-4cx76-1129263384, networkLocation: /default-rack, certSerialId: null} reports an CLOSED replica.
2019-10-18 00:27:54,909 [EventQueue-ContainerReportForContainerReportHandler] WARN  container.ContainerReportHandler (AbstractContainerReportHandler.java:updateContainerState(145)) - Container #1 is in OPEN state, but the datanode 1c196293-af28-4849-9284-4cc1dd56b0a0{ip: 192.168.164.253, host: pr-hdds-2131-4cx76-1129263384, networkLocation: /default-rack, certSerialId: null} reports an CLOSED replica.
2019-10-18 00:27:54,966 [java.util.concurrent.ThreadPoolExecutor$Worker@18e403b4[State = -1, empty queue]] WARN  server.GrpcLogAppender (GrpcLogAppender.java:timeoutAppendRequest(209)) - efdea5f7-0978-4608-8df8-907f93177c26@group-0E05BCBC6A81->27e27663-33d5-44e8-9c0f-eb0e3c2aee11-GrpcLogAppender: appendEntries Timeout, request=efdea5f7-0978-4608-8df8-907f93177c26->27e27663-33d5-44e8-9c0f-eb0e3c2aee11#45-t7, previous=(t:7, i:10), leaderCommit=10, initializing? false, entries: <empty>
2019-10-18 00:27:55,102 [BlockDeletingService#2] WARN  background.BlockDeletingService (BlockDeletingService.java:isDeletionAllowed(187)) - Close Container log Index 6 is not replicated across allthe servers in the pipeline 75404b60-6d3b-4b77-b495-0e05bcbc6a81 as the min replicated index is 4. Deletion is not allowed in this container yet.
2019-10-18 00:27:55,102 [BlockDeletingService#2] WARN  background.BlockDeletingService (BlockDeletingService.java:isDeletionAllowed(187)) - Close Container log Index 6 is not replicated across allthe servers in the pipeline 75404b60-6d3b-4b77-b495-0e05bcbc6a81 as the min replicated index is 4. Deletion is not allowed in this container yet.
2019-10-18 00:27:55,165 [EventQueue-ContainerReportForContainerReportHandler] WARN  container.ContainerReportHandler (AbstractContainerReportHandler.java:updateContainerState(145)) - Container #1 is in OPEN state, but the datanode efdea5f7-0978-4608-8df8-907f93177c26{ip: 192.168.164.253, host: pr-hdds-2131-4cx76-1129263384, networkLocation: /default-rack, certSerialId: null} reports an CLOSED replica.
2019-10-18 00:27:55,210 [EventQueue-ContainerReportForContainerReportHandler] WARN  container.ContainerReportHandler (AbstractContainerReportHandler.java:updateContainerState(145)) - Container #1 is in OPEN state, but the datanode 1c196293-af28-4849-9284-4cc1dd56b0a0{ip: 192.168.164.253, host: pr-hdds-2131-4cx76-1129263384, networkLocation: /default-rack, certSerialId: null} reports an CLOSED replica.
2019-10-18 00:27:55,364 [EventQueue-ContainerReportForContainerReportHandler] WARN  container.ContainerReportHandler (AbstractContainerReportHandler.java:updateContainerState(145)) - Container #1 is in OPEN state, but the datanode efdea5f7-0978-4608-8df8-907f93177c26{ip: 192.168.164.253, host: pr-hdds-2131-4cx76-1129263384, networkLocation: /default-rack, certSerialId: null} reports an CLOSED replica.
2019-10-18 00:27:55,512 [EventQueue-ContainerReportForContainerReportHandler] WARN  container.ContainerReportHandler (AbstractContainerReportHandler.java:updateContainerState(145)) - Container #1 is in OPEN state, but the datanode 1c196293-af28-4849-9284-4cc1dd56b0a0{ip: 192.168.164.253, host: pr-hdds-2131-4cx76-1129263384, networkLocation: /default-rack, certSerialId: null} reports an CLOSED replica.
2019-10-18 00:27:55,765 [EventQueue-ContainerReportForContainerReportHandler] WARN  container.ContainerReportHandler (AbstractContainerReportHandler.java:updateContainerState(145)) - Container #1 is in OPEN state, but the datanode efdea5f7-0978-4608-8df8-907f93177c26{ip: 192.168.164.253, host: pr-hdds-2131-4cx76-1129263384, networkLocation: /default-rack, certSerialId: null} reports an CLOSED replica.
2019-10-18 00:27:55,811 [EventQueue-ContainerReportForContainerReportHandler] WARN  container.ContainerReportHandler (AbstractContainerReportHandler.java:updateContainerState(145)) - Container #1 is in OPEN state, but the datanode 1c196293-af28-4849-9284-4cc1dd56b0a0{ip: 192.168.164.253, host: pr-hdds-2131-4cx76-1129263384, networkLocation: /default-rack, certSerialId: null} reports an CLOSED replica.
2019-10-18 00:27:56,066 [EventQueue-ContainerReportForContainerReportHandler] WARN  container.ContainerReportHandler (AbstractContainerReportHandler.java:updateContainerState(145)) - Container #1 is in OPEN state, but the datanode efdea5f7-0978-4608-8df8-907f93177c26{ip: 192.168.164.253, host: pr-hdds-2131-4cx76-1129263384, networkLocation: /default-rack, certSerialId: null} reports an CLOSED replica.
2019-10-18 00:27:56,104 [BlockDeletingService#2] WARN  background.BlockDeletingService (BlockDeletingService.java:isDeletionAllowed(187)) - Close Container log Index 6 is not replicated across allthe servers in the pipeline 75404b60-6d3b-4b77-b495-0e05bcbc6a81 as the min replicated index is 4. Deletion is not allowed in this container yet.
2019-10-18 00:27:56,104 [BlockDeletingService#2] WARN  background.BlockDeletingService (BlockDeletingService.java:isDeletionAllowed(187)) - Close Container log Index 6 is not replicated across allthe servers in the pipeline 75404b60-6d3b-4b77-b495-0e05bcbc6a81 as the min replicated index is 4. Deletion is not allowed in this container yet.
2019-10-18 00:27:56,112 [EventQueue-ContainerReportForContainerReportHandler] WARN  container.ContainerReportHandler (AbstractContainerReportHandler.java:updateContainerState(145)) - Container #1 is in OPEN state, but the datanode 1c196293-af28-4849-9284-4cc1dd56b0a0{ip: 192.168.164.253, host: pr-hdds-2131-4cx76-1129263384, networkLocation: /default-rack, certSerialId: null} reports an CLOSED replica.
2019-10-18 00:27:56,411 [EventQueue-ContainerReportForContainerReportHandler] WARN  container.ContainerReportHandler (AbstractContainerReportHandler.java:updateContainerState(145)) - Container #1 is in OPEN state, but the datanode 1c196293-af28-4849-9284-4cc1dd56b0a0{ip: 192.168.164.253, host: pr-hdds-2131-4cx76-1129263384, networkLocation: /default-rack, certSerialId: null} reports an CLOSED replica.
2019-10-18 00:27:56,466 [EventQueue-ContainerReportForContainerReportHandler] WARN  container.ContainerReportHandler (AbstractContainerReportHandler.java:updateContainerState(145)) - Container #1 is in OPEN state, but the datanode efdea5f7-0978-4608-8df8-907f93177c26{ip: 192.168.164.253, host: pr-hdds-2131-4cx76-1129263384, networkLocation: /default-rack, certSerialId: null} reports an CLOSED replica.
2019-10-18 00:27:56,666 [EventQueue-ContainerReportForContainerReportHandler] WARN  container.ContainerReportHandler (AbstractContainerReportHandler.java:updateContainerState(145)) - Container #1 is in OPEN state, but the datanode efdea5f7-0978-4608-8df8-907f93177c26{ip: 192.168.164.253, host: pr-hdds-2131-4cx76-1129263384, networkLocation: /default-rack, certSerialId: null} reports an CLOSED replica.
2019-10-18 00:27:56,712 [EventQueue-ContainerReportForContainerReportHandler] WARN  container.ContainerReportHandler (AbstractContainerReportHandler.java:updateContainerState(145)) - Container #1 is in OPEN state, but the datanode 1c196293-af28-4849-9284-4cc1dd56b0a0{ip: 192.168.164.253, host: pr-hdds-2131-4cx76-1129263384, networkLocation: /default-rack, certSerialId: null} reports an CLOSED replica.
2019-10-18 00:27:57,065 [EventQueue-ContainerReportForContainerReportHandler] WARN  container.ContainerReportHandler (AbstractContainerReportHandler.java:updateContainerState(145)) - Container #1 is in OPEN state, but the datanode efdea5f7-0978-4608-8df8-907f93177c26{ip: 192.168.164.253, host: pr-hdds-2131-4cx76-1129263384, networkLocation: /default-rack, certSerialId: null} reports an CLOSED replica.
2019-10-18 00:27:57,105 [BlockDeletingService#2] WARN  background.BlockDeletingService (BlockDeletingService.java:isDeletionAllowed(187)) - Close Container log Index 6 is not replicated across allthe servers in the pipeline 75404b60-6d3b-4b77-b495-0e05bcbc6a81 as the min replicated index is 4. Deletion is not allowed in this container yet.
2019-10-18 00:27:57,105 [BlockDeletingService#2] WARN  background.BlockDeletingService (BlockDeletingService.java:isDeletionAllowed(187)) - Close Container log Index 6 is not replicated across allthe servers in the pipeline 75404b60-6d3b-4b77-b495-0e05bcbc6a81 as the min replicated index is 4. Deletion is not allowed in this container yet.
2019-10-18 00:27:57,111 [EventQueue-ContainerReportForContainerReportHandler] WARN  container.ContainerReportHandler (AbstractContainerReportHandler.java:updateContainerState(145)) - Container #1 is in OPEN state, but the datanode 1c196293-af28-4849-9284-4cc1dd56b0a0{ip: 192.168.164.253, host: pr-hdds-2131-4cx76-1129263384, networkLocation: /default-rack, certSerialId: null} reports an CLOSED replica.
2019-10-18 00:27:57,367 [EventQueue-ContainerReportForContainerReportHandler] WARN  container.ContainerReportHandler (AbstractContainerReportHandler.java:updateContainerState(145)) - Container #1 is in OPEN state, but the datanode efdea5f7-0978-4608-8df8-907f93177c26{ip: 192.168.164.253, host: pr-hdds-2131-4cx76-1129263384, networkLocation: /default-rack, certSerialId: null} reports an CLOSED replica.
2019-10-18 00:27:57,411 [EventQueue-ContainerReportForContainerReportHandler] WARN  container.ContainerReportHandler (AbstractContainerReportHandler.java:updateContainerState(145)) - Container #1 is in OPEN state, but the datanode 1c196293-af28-4849-9284-4cc1dd56b0a0{ip: 192.168.164.253, host: pr-hdds-2131-4cx76-1129263384, networkLocation: /default-rack, certSerialId: null} reports an CLOSED replica.
2019-10-18 00:27:57,469 [java.util.concurrent.ThreadPoolExecutor$Worker@18e403b4[State = -1, empty queue]] WARN  server.GrpcLogAppender (GrpcLogAppender.java:timeoutAppendRequest(209)) - efdea5f7-0978-4608-8df8-907f93177c26@group-0E05BCBC6A81->27e27663-33d5-44e8-9c0f-eb0e3c2aee11-GrpcLogAppender: appendEntries Timeout, request=efdea5f7-0978-4608-8df8-907f93177c26->27e27663-33d5-44e8-9c0f-eb0e3c2aee11#46-t7, previous=(t:7, i:10), leaderCommit=10, initializing? false, entries: <empty>
2019-10-18 00:27:57,567 [EventQueue-ContainerReportForContainerReportHandler] WARN  container.ContainerReportHandler (AbstractContainerReportHandler.java:updateContainerState(145)) - Container #1 is in OPEN state, but the datanode efdea5f7-0978-4608-8df8-907f93177c26{ip: 192.168.164.253, host: pr-hdds-2131-4cx76-1129263384, networkLocation: /default-rack, certSerialId: null} reports an CLOSED replica.
2019-10-18 00:27:57,711 [EventQueue-ContainerReportForContainerReportHandler] WARN  container.ContainerReportHandler (AbstractContainerReportHandler.java:updateContainerState(145)) - Container #1 is in OPEN state, but the datanode 1c196293-af28-4849-9284-4cc1dd56b0a0{ip: 192.168.164.253, host: pr-hdds-2131-4cx76-1129263384, networkLocation: /default-rack, certSerialId: null} reports an CLOSED replica.
2019-10-18 00:27:57,967 [EventQueue-ContainerReportForContainerReportHandler] WARN  container.ContainerReportHandler (AbstractContainerReportHandler.java:updateContainerState(145)) - Container #1 is in OPEN state, but the datanode efdea5f7-0978-4608-8df8-907f93177c26{ip: 192.168.164.253, host: pr-hdds-2131-4cx76-1129263384, networkLocation: /default-rack, certSerialId: null} reports an CLOSED replica.
2019-10-18 00:27:58,012 [EventQueue-ContainerReportForContainerReportHandler] WARN  container.ContainerReportHandler (AbstractContainerReportHandler.java:updateContainerState(145)) - Container #1 is in OPEN state, but the datanode 1c196293-af28-4849-9284-4cc1dd56b0a0{ip: 192.168.164.253, host: pr-hdds-2131-4cx76-1129263384, networkLocation: /default-rack, certSerialId: null} reports an CLOSED replica.
2019-10-18 00:27:58,108 [BlockDeletingService#2] WARN  background.BlockDeletingService (BlockDeletingService.java:isDeletionAllowed(187)) - Close Container log Index 6 is not replicated across allthe servers in the pipeline 75404b60-6d3b-4b77-b495-0e05bcbc6a81 as the min replicated index is 4. Deletion is not allowed in this container yet.
2019-10-18 00:27:58,108 [BlockDeletingService#2] WARN  background.BlockDeletingService (BlockDeletingService.java:isDeletionAllowed(187)) - Close Container log Index 6 is not replicated across allthe servers in the pipeline 75404b60-6d3b-4b77-b495-0e05bcbc6a81 as the min replicated index is 4. Deletion is not allowed in this container yet.
2019-10-18 00:27:58,166 [EventQueue-ContainerReportForContainerReportHandler] WARN  container.ContainerReportHandler (AbstractContainerReportHandler.java:updateContainerState(145)) - Container #1 is in OPEN state, but the datanode efdea5f7-0978-4608-8df8-907f93177c26{ip: 192.168.164.253, host: pr-hdds-2131-4cx76-1129263384, networkLocation: /default-rack, certSerialId: null} reports an CLOSED replica.
2019-10-18 00:27:58,314 [EventQueue-ContainerReportForContainerReportHandler] WARN  container.ContainerReportHandler (AbstractContainerReportHandler.java:updateContainerState(145)) - Container #1 is in OPEN state, but the datanode 1c196293-af28-4849-9284-4cc1dd56b0a0{ip: 192.168.164.253, host: pr-hdds-2131-4cx76-1129263384, networkLocation: /default-rack, certSerialId: null} reports an CLOSED replica.
2019-10-18 00:27:58,566 [EventQueue-ContainerReportForContainerReportHandler] WARN  container.ContainerReportHandler (AbstractContainerReportHandler.java:updateContainerState(145)) - Container #1 is in OPEN state, but the datanode efdea5f7-0978-4608-8df8-907f93177c26{ip: 192.168.164.253, host: pr-hdds-2131-4cx76-1129263384, networkLocation: /default-rack, certSerialId: null} reports an CLOSED replica.
2019-10-18 00:27:58,615 [EventQueue-ContainerReportForContainerReportHandler] WARN  container.ContainerReportHandler (AbstractContainerReportHandler.java:updateContainerState(145)) - Container #1 is in OPEN state, but the datanode 1c196293-af28-4849-9284-4cc1dd56b0a0{ip: 192.168.164.253, host: pr-hdds-2131-4cx76-1129263384, networkLocation: /default-rack, certSerialId: null} reports an CLOSED replica.
2019-10-18 00:27:58,816 [EventQueue-ContainerReportForContainerReportHandler] WARN  container.ContainerReportHandler (AbstractContainerReportHandler.java:updateContainerState(145)) - Container #1 is in OPEN state, but the datanode 1c196293-af28-4849-9284-4cc1dd56b0a0{ip: 192.168.164.253, host: pr-hdds-2131-4cx76-1129263384, networkLocation: /default-rack, certSerialId: null} reports an CLOSED replica.
2019-10-18 00:27:58,867 [EventQueue-ContainerReportForContainerReportHandler] WARN  container.ContainerReportHandler (AbstractContainerReportHandler.java:updateContainerState(145)) - Container #1 is in OPEN state, but the datanode efdea5f7-0978-4608-8df8-907f93177c26{ip: 192.168.164.253, host: pr-hdds-2131-4cx76-1129263384, networkLocation: /default-rack, certSerialId: null} reports an CLOSED replica.
2019-10-18 00:27:59,015 [EventQueue-ContainerReportForContainerReportHandler] WARN  container.ContainerReportHandler (AbstractContainerReportHandler.java:updateContainerState(145)) - Container #1 is in OPEN state, but the datanode 1c196293-af28-4849-9284-4cc1dd56b0a0{ip: 192.168.164.253, host: pr-hdds-2131-4cx76-1129263384, networkLocation: /default-rack, certSerialId: null} reports an CLOSED replica.
2019-10-18 00:27:59,110 [BlockDeletingService#2] WARN  background.BlockDeletingService (BlockDeletingService.java:isDeletionAllowed(187)) - Close Container log Index 6 is not replicated across allthe servers in the pipeline 75404b60-6d3b-4b77-b495-0e05bcbc6a81 as the min replicated index is 4. Deletion is not allowed in this container yet.
2019-10-18 00:27:59,110 [BlockDeletingService#2] WARN  background.BlockDeletingService (BlockDeletingService.java:isDeletionAllowed(187)) - Close Container log Index 6 is not replicated across allthe servers in the pipeline 75404b60-6d3b-4b77-b495-0e05bcbc6a81 as the min replicated index is 4. Deletion is not allowed in this container yet.
2019-10-18 00:27:59,167 [EventQueue-ContainerReportForContainerReportHandler] WARN  container.ContainerReportHandler (AbstractContainerReportHandler.java:updateContainerState(145)) - Container #1 is in OPEN state, but the datanode efdea5f7-0978-4608-8df8-907f93177c26{ip: 192.168.164.253, host: pr-hdds-2131-4cx76-1129263384, networkLocation: /default-rack, certSerialId: null} reports an CLOSED replica.
2019-10-18 00:27:59,216 [EventQueue-ContainerReportForContainerReportHandler] WARN  container.ContainerReportHandler (AbstractContainerReportHandler.java:updateContainerState(145)) - Container #1 is in OPEN state, but the datanode 1c196293-af28-4849-9284-4cc1dd56b0a0{ip: 192.168.164.253, host: pr-hdds-2131-4cx76-1129263384, networkLocation: /default-rack, certSerialId: null} reports an CLOSED replica.
2019-10-18 00:27:59,466 [EventQueue-ContainerReportForContainerReportHandler] WARN  container.ContainerReportHandler (AbstractContainerReportHandler.java:updateContainerState(145)) - Container #1 is in OPEN state, but the datanode efdea5f7-0978-4608-8df8-907f93177c26{ip: 192.168.164.253, host: pr-hdds-2131-4cx76-1129263384, networkLocation: /default-rack, certSerialId: null} reports an CLOSED replica.
2019-10-18 00:27:59,517 [EventQueue-ContainerReportForContainerReportHandler] WARN  container.ContainerReportHandler (AbstractContainerReportHandler.java:updateContainerState(145)) - Container #1 is in OPEN state, but the datanode 1c196293-af28-4849-9284-4cc1dd56b0a0{ip: 192.168.164.253, host: pr-hdds-2131-4cx76-1129263384, networkLocation: /default-rack, certSerialId: null} reports an CLOSED replica.
2019-10-18 00:27:59,767 [EventQueue-ContainerReportForContainerReportHandler] WARN  container.ContainerReportHandler (AbstractContainerReportHandler.java:updateContainerState(145)) - Container #1 is in OPEN state, but the datanode efdea5f7-0978-4608-8df8-907f93177c26{ip: 192.168.164.253, host: pr-hdds-2131-4cx76-1129263384, networkLocation: /default-rack, certSerialId: null} reports an CLOSED replica.
2019-10-18 00:27:59,918 [EventQueue-ContainerReportForContainerReportHandler] WARN  container.ContainerReportHandler (AbstractContainerReportHandler.java:updateContainerState(145)) - Container #1 is in OPEN state, but the datanode 1c196293-af28-4849-9284-4cc1dd56b0a0{ip: 192.168.164.253, host: pr-hdds-2131-4cx76-1129263384, networkLocation: /default-rack, certSerialId: null} reports an CLOSED replica.
2019-10-18 00:27:59,968 [EventQueue-ContainerReportForContainerReportHandler] WARN  container.ContainerReportHandler (AbstractContainerReportHandler.java:updateContainerState(145)) - Container #1 is in OPEN state, but the datanode efdea5f7-0978-4608-8df8-907f93177c26{ip: 192.168.164.253, host: pr-hdds-2131-4cx76-1129263384, networkLocation: /default-rack, certSerialId: null} reports an CLOSED replica.
2019-10-18 00:27:59,971 [java.util.concurrent.ThreadPoolExecutor$Worker@18e403b4[State = -1, empty queue]] WARN  server.GrpcLogAppender (GrpcLogAppender.java:timeoutAppendRequest(209)) - efdea5f7-0978-4608-8df8-907f93177c26@group-0E05BCBC6A81->27e27663-33d5-44e8-9c0f-eb0e3c2aee11-GrpcLogAppender: appendEntries Timeout, request=efdea5f7-0978-4608-8df8-907f93177c26->27e27663-33d5-44e8-9c0f-eb0e3c2aee11#47-t7, previous=(t:7, i:10), leaderCommit=10, initializing? false, entries: <empty>
2019-10-18 00:28:00,115 [BlockDeletingService#2] WARN  background.BlockDeletingService (BlockDeletingService.java:isDeletionAllowed(187)) - Close Container log Index 6 is not replicated across allthe servers in the pipeline 75404b60-6d3b-4b77-b495-0e05bcbc6a81 as the min replicated index is 4. Deletion is not allowed in this container yet.
2019-10-18 00:28:00,115 [BlockDeletingService#2] WARN  background.BlockDeletingService (BlockDeletingService.java:isDeletionAllowed(187)) - Close Container log Index 6 is not replicated across allthe servers in the pipeline 75404b60-6d3b-4b77-b495-0e05bcbc6a81 as the min replicated index is 4. Deletion is not allowed in this container yet.
2019-10-18 00:28:00,135 [Thread-547] INFO  client.GrpcClientProtocolService (GrpcClientProtocolService.java:lambda$processClientRequest$0(278)) - Failed RaftClientRequest:client-4C7A307276C4->1c196293-af28-4849-9284-4cc1dd56b0a0@group-0E05BCBC6A81, cid=10, seq=0, Watch-ALL_COMMITTED(6), Message:<EMPTY>, reply=RaftClientReply:client-4C7A307276C4->1c196293-af28-4849-9284-4cc1dd56b0a0@group-0E05BCBC6A81, cid=10, FAILED org.apache.ratis.protocol.NotLeaderException: Server 1c196293-af28-4849-9284-4cc1dd56b0a0@group-0E05BCBC6A81 is not the leader efdea5f7-0978-4608-8df8-907f93177c26:192.168.164.253:40628, logIndex=0, commits[1c196293-af28-4849-9284-4cc1dd56b0a0:c10, efdea5f7-0978-4608-8df8-907f93177c26:c10, 27e27663-33d5-44e8-9c0f-eb0e3c2aee11:c4]
2019-10-18 00:28:00,218 [EventQueue-ContainerReportForContainerReportHandler] WARN  container.ContainerReportHandler (AbstractContainerReportHandler.java:updateContainerState(145)) - Container #1 is in OPEN state, but the datanode 1c196293-af28-4849-9284-4cc1dd56b0a0{ip: 192.168.164.253, host: pr-hdds-2131-4cx76-1129263384, networkLocation: /default-rack, certSerialId: null} reports an CLOSED replica.
2019-10-18 00:28:00,368 [EventQueue-ContainerReportForContainerReportHandler] WARN  container.ContainerReportHandler (AbstractContainerReportHandler.java:updateContainerState(145)) - Container #1 is in OPEN state, but the datanode efdea5f7-0978-4608-8df8-907f93177c26{ip: 192.168.164.253, host: pr-hdds-2131-4cx76-1129263384, networkLocation: /default-rack, certSerialId: null} reports an CLOSED replica.
2019-10-18 00:28:00,519 [EventQueue-ContainerReportForContainerReportHandler] WARN  container.ContainerReportHandler (AbstractContainerReportHandler.java:updateContainerState(145)) - Container #1 is in OPEN state, but the datanode 1c196293-af28-4849-9284-4cc1dd56b0a0{ip: 192.168.164.253, host: pr-hdds-2131-4cx76-1129263384, networkLocation: /default-rack, certSerialId: null} reports an CLOSED replica.
2019-10-18 00:28:00,569 [EventQueue-ContainerReportForContainerReportHandler] WARN  container.ContainerReportHandler (AbstractContainerReportHandler.java:updateContainerState(145)) - Container #1 is in OPEN state, but the datanode efdea5f7-0978-4608-8df8-907f93177c26{ip: 192.168.164.253, host: pr-hdds-2131-4cx76-1129263384, networkLocation: /default-rack, certSerialId: null} reports an CLOSED replica.
2019-10-18 00:28:00,683 [Thread-550] INFO  client.GrpcClientProtocolService (GrpcClientProtocolService.java:lambda$processClientRequest$0(278)) - Failed RaftClientRequest:client-4C7A307276C4->efdea5f7-0978-4608-8df8-907f93177c26@group-0E05BCBC6A81, cid=10, seq=0, Watch-ALL_COMMITTED(6), Message:<EMPTY>, reply=RaftClientReply:client-4C7A307276C4->efdea5f7-0978-4608-8df8-907f93177c26@group-0E05BCBC6A81, cid=10, FAILED org.apache.ratis.protocol.NotReplicatedException: Request with call Id 10 and log index 6 is not yet replicated to ALL_COMMITTED, logIndex=6, commits[efdea5f7-0978-4608-8df8-907f93177c26:c10, 27e27663-33d5-44e8-9c0f-eb0e3c2aee11:c4, 1c196293-af28-4849-9284-4cc1dd56b0a0:c10]
2019-10-18 00:28:00,718 [EventQueue-ContainerReportForContainerReportHandler] WARN  container.ContainerReportHandler (AbstractContainerReportHandler.java:updateContainerState(145)) - Container #1 is in OPEN state, but the datanode 1c196293-af28-4849-9284-4cc1dd56b0a0{ip: 192.168.164.253, host: pr-hdds-2131-4cx76-1129263384, networkLocation: /default-rack, certSerialId: null} reports an CLOSED replica.
2019-10-18 00:28:00,769 [EventQueue-ContainerReportForContainerReportHandler] WARN  container.ContainerReportHandler (AbstractContainerReportHandler.java:updateContainerState(145)) - Container #1 is in OPEN state, but the datanode efdea5f7-0978-4608-8df8-907f93177c26{ip: 192.168.164.253, host: pr-hdds-2131-4cx76-1129263384, networkLocation: /default-rack, certSerialId: null} reports an CLOSED replica.
2019-10-18 00:28:00,969 [EventQueue-ContainerReportForContainerReportHandler] WARN  container.ContainerReportHandler (AbstractContainerReportHandler.java:updateContainerState(145)) - Container #1 is in OPEN state, but the datanode efdea5f7-0978-4608-8df8-907f93177c26{ip: 192.168.164.253, host: pr-hdds-2131-4cx76-1129263384, networkLocation: /default-rack, certSerialId: null} reports an CLOSED replica.
2019-10-18 00:28:01,019 [EventQueue-ContainerReportForContainerReportHandler] WARN  container.ContainerReportHandler (AbstractContainerReportHandler.java:updateContainerState(145)) - Container #1 is in OPEN state, but the datanode 1c196293-af28-4849-9284-4cc1dd56b0a0{ip: 192.168.164.253, host: pr-hdds-2131-4cx76-1129263384, networkLocation: /default-rack, certSerialId: null} reports an CLOSED replica.
2019-10-18 00:28:01,118 [BlockDeletingService#2] WARN  background.BlockDeletingService (BlockDeletingService.java:isDeletionAllowed(187)) - Close Container log Index 6 is not replicated across allthe servers in the pipeline 75404b60-6d3b-4b77-b495-0e05bcbc6a81 as the min replicated index is 4. Deletion is not allowed in this container yet.
2019-10-18 00:28:01,118 [BlockDeletingService#2] WARN  background.BlockDeletingService (BlockDeletingService.java:isDeletionAllowed(187)) - Close Container log Index 6 is not replicated across allthe servers in the pipeline 75404b60-6d3b-4b77-b495-0e05bcbc6a81 as the min replicated index is 4. Deletion is not allowed in this container yet.
2019-10-18 00:28:01,369 [EventQueue-ContainerReportForContainerReportHandler] WARN  container.ContainerReportHandler (AbstractContainerReportHandler.java:updateContainerState(145)) - Container #1 is in OPEN state, but the datanode efdea5f7-0978-4608-8df8-907f93177c26{ip: 192.168.164.253, host: pr-hdds-2131-4cx76-1129263384, networkLocation: /default-rack, certSerialId: null} reports an CLOSED replica.
2019-10-18 00:28:01,421 [EventQueue-ContainerReportForContainerReportHandler] WARN  container.ContainerReportHandler (AbstractContainerReportHandler.java:updateContainerState(145)) - Container #1 is in OPEN state, but the datanode 1c196293-af28-4849-9284-4cc1dd56b0a0{ip: 192.168.164.253, host: pr-hdds-2131-4cx76-1129263384, networkLocation: /default-rack, certSerialId: null} reports an CLOSED replica.
2019-10-18 00:28:01,569 [EventQueue-ContainerReportForContainerReportHandler] WARN  container.ContainerReportHandler (AbstractContainerReportHandler.java:updateContainerState(145)) - Container #1 is in OPEN state, but the datanode efdea5f7-0978-4608-8df8-907f93177c26{ip: 192.168.164.253, host: pr-hdds-2131-4cx76-1129263384, networkLocation: /default-rack, certSerialId: null} reports an CLOSED replica.
2019-10-18 00:28:01,722 [EventQueue-ContainerReportForContainerReportHandler] WARN  container.ContainerReportHandler (AbstractContainerReportHandler.java:updateContainerState(145)) - Container #1 is in OPEN state, but the datanode 1c196293-af28-4849-9284-4cc1dd56b0a0{ip: 192.168.164.253, host: pr-hdds-2131-4cx76-1129263384, networkLocation: /default-rack, certSerialId: null} reports an CLOSED replica.
2019-10-18 00:28:01,969 [EventQueue-ContainerReportForContainerReportHandler] WARN  container.ContainerReportHandler (AbstractContainerReportHandler.java:updateContainerState(145)) - Container #1 is in OPEN state, but the datanode efdea5f7-0978-4608-8df8-907f93177c26{ip: 192.168.164.253, host: pr-hdds-2131-4cx76-1129263384, networkLocation: /default-rack, certSerialId: null} reports an CLOSED replica.
2019-10-18 00:28:02,021 [EventQueue-ContainerReportForContainerReportHandler] WARN  container.ContainerReportHandler (AbstractContainerReportHandler.java:updateContainerState(145)) - Container #1 is in OPEN state, but the datanode 1c196293-af28-4849-9284-4cc1dd56b0a0{ip: 192.168.164.253, host: pr-hdds-2131-4cx76-1129263384, networkLocation: /default-rack, certSerialId: null} reports an CLOSED replica.
2019-10-18 00:28:02,121 [BlockDeletingService#2] WARN  background.BlockDeletingService (BlockDeletingService.java:isDeletionAllowed(187)) - Close Container log Index 6 is not replicated across allthe servers in the pipeline 75404b60-6d3b-4b77-b495-0e05bcbc6a81 as the min replicated index is 4. Deletion is not allowed in this container yet.
2019-10-18 00:28:02,121 [BlockDeletingService#2] WARN  background.BlockDeletingService (BlockDeletingService.java:isDeletionAllowed(187)) - Close Container log Index 6 is not replicated across allthe servers in the pipeline 75404b60-6d3b-4b77-b495-0e05bcbc6a81 as the min replicated index is 4. Deletion is not allowed in this container yet.
2019-10-18 00:28:02,171 [EventQueue-ContainerReportForContainerReportHandler] WARN  container.ContainerReportHandler (AbstractContainerReportHandler.java:updateContainerState(145)) - Container #1 is in OPEN state, but the datanode efdea5f7-0978-4608-8df8-907f93177c26{ip: 192.168.164.253, host: pr-hdds-2131-4cx76-1129263384, networkLocation: /default-rack, certSerialId: null} reports an CLOSED replica.
2019-10-18 00:28:02,221 [EventQueue-ContainerReportForContainerReportHandler] WARN  container.ContainerReportHandler (AbstractContainerReportHandler.java:updateContainerState(145)) - Container #1 is in OPEN state, but the datanode 1c196293-af28-4849-9284-4cc1dd56b0a0{ip: 192.168.164.253, host: pr-hdds-2131-4cx76-1129263384, networkLocation: /default-rack, certSerialId: null} reports an CLOSED replica.
2019-10-18 00:28:02,470 [EventQueue-ContainerReportForContainerReportHandler] WARN  container.ContainerReportHandler (AbstractContainerReportHandler.java:updateContainerState(145)) - Container #1 is in OPEN state, but the datanode efdea5f7-0978-4608-8df8-907f93177c26{ip: 192.168.164.253, host: pr-hdds-2131-4cx76-1129263384, networkLocation: /default-rack, certSerialId: null} reports an CLOSED replica.
2019-10-18 00:28:02,473 [java.util.concurrent.ThreadPoolExecutor$Worker@18e403b4[State = -1, empty queue]] WARN  server.GrpcLogAppender (GrpcLogAppender.java:timeoutAppendRequest(209)) - efdea5f7-0978-4608-8df8-907f93177c26@group-0E05BCBC6A81->27e27663-33d5-44e8-9c0f-eb0e3c2aee11-GrpcLogAppender: appendEntries Timeout, request=efdea5f7-0978-4608-8df8-907f93177c26->27e27663-33d5-44e8-9c0f-eb0e3c2aee11#48-t7, previous=(t:7, i:10), leaderCommit=10, initializing? false, entries: <empty>
2019-10-18 00:28:02,621 [EventQueue-ContainerReportForContainerReportHandler] WARN  container.ContainerReportHandler (AbstractContainerReportHandler.java:updateContainerState(145)) - Container #1 is in OPEN state, but the datanode 1c196293-af28-4849-9284-4cc1dd56b0a0{ip: 192.168.164.253, host: pr-hdds-2131-4cx76-1129263384, networkLocation: /default-rack, certSerialId: null} reports an CLOSED replica.
2019-10-18 00:28:02,772 [EventQueue-ContainerReportForContainerReportHandler] WARN  container.ContainerReportHandler (AbstractContainerReportHandler.java:updateContainerState(145)) - Container #1 is in OPEN state, but the datanode efdea5f7-0978-4608-8df8-907f93177c26{ip: 192.168.164.253, host: pr-hdds-2131-4cx76-1129263384, networkLocation: /default-rack, certSerialId: null} reports an CLOSED replica.
2019-10-18 00:28:02,821 [EventQueue-ContainerReportForContainerReportHandler] WARN  container.ContainerReportHandler (AbstractContainerReportHandler.java:updateContainerState(145)) - Container #1 is in OPEN state, but the datanode 1c196293-af28-4849-9284-4cc1dd56b0a0{ip: 192.168.164.253, host: pr-hdds-2131-4cx76-1129263384, networkLocation: /default-rack, certSerialId: null} reports an CLOSED replica.
2019-10-18 00:28:03,073 [EventQueue-ContainerReportForContainerReportHandler] WARN  container.ContainerReportHandler (AbstractContainerReportHandler.java:updateContainerState(145)) - Container #1 is in OPEN state, but the datanode efdea5f7-0978-4608-8df8-907f93177c26{ip: 192.168.164.253, host: pr-hdds-2131-4cx76-1129263384, networkLocation: /default-rack, certSerialId: null} reports an CLOSED replica.
2019-10-18 00:28:03,121 [EventQueue-ContainerReportForContainerReportHandler] WARN  container.ContainerReportHandler (AbstractContainerReportHandler.java:updateContainerState(145)) - Container #1 is in OPEN state, but the datanode 1c196293-af28-4849-9284-4cc1dd56b0a0{ip: 192.168.164.253, host: pr-hdds-2131-4cx76-1129263384, networkLocation: /default-rack, certSerialId: null} reports an CLOSED replica.
2019-10-18 00:28:03,123 [BlockDeletingService#2] WARN  background.BlockDeletingService (BlockDeletingService.java:isDeletionAllowed(187)) - Close Container log Index 6 is not replicated across allthe servers in the pipeline 75404b60-6d3b-4b77-b495-0e05bcbc6a81 as the min replicated index is 4. Deletion is not allowed in this container yet.
2019-10-18 00:28:03,123 [BlockDeletingService#2] WARN  background.BlockDeletingService (BlockDeletingService.java:isDeletionAllowed(187)) - Close Container log Index 6 is not replicated across allthe servers in the pipeline 75404b60-6d3b-4b77-b495-0e05bcbc6a81 as the min replicated index is 4. Deletion is not allowed in this container yet.
2019-10-18 00:28:03,373 [EventQueue-ContainerReportForContainerReportHandler] WARN  container.ContainerReportHandler (AbstractContainerReportHandler.java:updateContainerState(145)) - Container #1 is in OPEN state, but the datanode efdea5f7-0978-4608-8df8-907f93177c26{ip: 192.168.164.253, host: pr-hdds-2131-4cx76-1129263384, networkLocation: /default-rack, certSerialId: null} reports an CLOSED replica.
2019-10-18 00:28:03,421 [EventQueue-ContainerReportForContainerReportHandler] WARN  container.ContainerReportHandler (AbstractContainerReportHandler.java:updateContainerState(145)) - Container #1 is in OPEN state, but the datanode 1c196293-af28-4849-9284-4cc1dd56b0a0{ip: 192.168.164.253, host: pr-hdds-2131-4cx76-1129263384, networkLocation: /default-rack, certSerialId: null} reports an CLOSED replica.
2019-10-18 00:28:03,772 [EventQueue-ContainerReportForContainerReportHandler] WARN  container.ContainerReportHandler (AbstractContainerReportHandler.java:updateContainerState(145)) - Container #1 is in OPEN state, but the datanode efdea5f7-0978-4608-8df8-907f93177c26{ip: 192.168.164.253, host: pr-hdds-2131-4cx76-1129263384, networkLocation: /default-rack, certSerialId: null} reports an CLOSED replica.
2019-10-18 00:28:03,821 [EventQueue-ContainerReportForContainerReportHandler] WARN  container.ContainerReportHandler (AbstractContainerReportHandler.java:updateContainerState(145)) - Container #1 is in OPEN state, but the datanode 1c196293-af28-4849-9284-4cc1dd56b0a0{ip: 192.168.164.253, host: pr-hdds-2131-4cx76-1129263384, networkLocation: /default-rack, certSerialId: null} reports an CLOSED replica.
2019-10-18 00:28:04,121 [EventQueue-ContainerReportForContainerReportHandler] WARN  container.ContainerReportHandler (AbstractContainerReportHandler.java:updateContainerState(145)) - Container #1 is in OPEN state, but the datanode 1c196293-af28-4849-9284-4cc1dd56b0a0{ip: 192.168.164.253, host: pr-hdds-2131-4cx76-1129263384, networkLocation: /default-rack, certSerialId: null} reports an CLOSED replica.
2019-10-18 00:28:04,126 [BlockDeletingService#2] WARN  background.BlockDeletingService (BlockDeletingService.java:isDeletionAllowed(187)) - Close Container log Index 6 is not replicated across allthe servers in the pipeline 75404b60-6d3b-4b77-b495-0e05bcbc6a81 as the min replicated index is 4. Deletion is not allowed in this container yet.
2019-10-18 00:28:04,126 [BlockDeletingService#2] WARN  background.BlockDeletingService (BlockDeletingService.java:isDeletionAllowed(187)) - Close Container log Index 6 is not replicated across allthe servers in the pipeline 75404b60-6d3b-4b77-b495-0e05bcbc6a81 as the min replicated index is 4. Deletion is not allowed in this container yet.
2019-10-18 00:28:04,173 [EventQueue-ContainerReportForContainerReportHandler] WARN  container.ContainerReportHandler (AbstractContainerReportHandler.java:updateContainerState(145)) - Container #1 is in OPEN state, but the datanode efdea5f7-0978-4608-8df8-907f93177c26{ip: 192.168.164.253, host: pr-hdds-2131-4cx76-1129263384, networkLocation: /default-rack, certSerialId: null} reports an CLOSED replica.
2019-10-18 00:28:04,320 [EventQueue-ContainerReportForContainerReportHandler] WARN  container.ContainerReportHandler (AbstractContainerReportHandler.java:updateContainerState(145)) - Container #1 is in OPEN state, but the datanode 1c196293-af28-4849-9284-4cc1dd56b0a0{ip: 192.168.164.253, host: pr-hdds-2131-4cx76-1129263384, networkLocation: /default-rack, certSerialId: null} reports an CLOSED replica.
2019-10-18 00:28:04,474 [EventQueue-ContainerReportForContainerReportHandler] WARN  container.ContainerReportHandler (AbstractContainerReportHandler.java:updateContainerState(145)) - Container #1 is in OPEN state, but the datanode efdea5f7-0978-4608-8df8-907f93177c26{ip: 192.168.164.253, host: pr-hdds-2131-4cx76-1129263384, networkLocation: /default-rack, certSerialId: null} reports an CLOSED replica.
2019-10-18 00:28:04,622 [EventQueue-ContainerReportForContainerReportHandler] WARN  container.ContainerReportHandler (AbstractContainerReportHandler.java:updateContainerState(145)) - Container #1 is in OPEN state, but the datanode 1c196293-af28-4849-9284-4cc1dd56b0a0{ip: 192.168.164.253, host: pr-hdds-2131-4cx76-1129263384, networkLocation: /default-rack, certSerialId: null} reports an CLOSED replica.
2019-10-18 00:28:04,773 [EventQueue-ContainerReportForContainerReportHandler] WARN  container.ContainerReportHandler (AbstractContainerReportHandler.java:updateContainerState(145)) - Container #1 is in OPEN state, but the datanode efdea5f7-0978-4608-8df8-907f93177c26{ip: 192.168.164.253, host: pr-hdds-2131-4cx76-1129263384, networkLocation: /default-rack, certSerialId: null} reports an CLOSED replica.
2019-10-18 00:28:04,974 [java.util.concurrent.ThreadPoolExecutor$Worker@18e403b4[State = -1, empty queue]] WARN  server.GrpcLogAppender (GrpcLogAppender.java:timeoutAppendRequest(209)) - efdea5f7-0978-4608-8df8-907f93177c26@group-0E05BCBC6A81->27e27663-33d5-44e8-9c0f-eb0e3c2aee11-GrpcLogAppender: appendEntries Timeout, request=efdea5f7-0978-4608-8df8-907f93177c26->27e27663-33d5-44e8-9c0f-eb0e3c2aee11#49-t7, previous=(t:7, i:10), leaderCommit=10, initializing? false, entries: <empty>
2019-10-18 00:28:05,021 [EventQueue-ContainerReportForContainerReportHandler] WARN  container.ContainerReportHandler (AbstractContainerReportHandler.java:updateContainerState(145)) - Container #1 is in OPEN state, but the datanode 1c196293-af28-4849-9284-4cc1dd56b0a0{ip: 192.168.164.253, host: pr-hdds-2131-4cx76-1129263384, networkLocation: /default-rack, certSerialId: null} reports an CLOSED replica.
2019-10-18 00:28:05,073 [EventQueue-ContainerReportForContainerReportHandler] WARN  container.ContainerReportHandler (AbstractContainerReportHandler.java:updateContainerState(145)) - Container #1 is in OPEN state, but the datanode efdea5f7-0978-4608-8df8-907f93177c26{ip: 192.168.164.253, host: pr-hdds-2131-4cx76-1129263384, networkLocation: /default-rack, certSerialId: null} reports an CLOSED replica.
2019-10-18 00:28:05,128 [BlockDeletingService#2] WARN  background.BlockDeletingService (BlockDeletingService.java:isDeletionAllowed(187)) - Close Container log Index 6 is not replicated across allthe servers in the pipeline 75404b60-6d3b-4b77-b495-0e05bcbc6a81 as the min replicated index is 4. Deletion is not allowed in this container yet.
2019-10-18 00:28:05,128 [BlockDeletingService#2] WARN  background.BlockDeletingService (BlockDeletingService.java:isDeletionAllowed(187)) - Close Container log Index 6 is not replicated across allthe servers in the pipeline 75404b60-6d3b-4b77-b495-0e05bcbc6a81 as the min replicated index is 4. Deletion is not allowed in this container yet.
2019-10-18 00:28:05,322 [EventQueue-ContainerReportForContainerReportHandler] WARN  container.ContainerReportHandler (AbstractContainerReportHandler.java:updateContainerState(145)) - Container #1 is in OPEN state, but the datanode 1c196293-af28-4849-9284-4cc1dd56b0a0{ip: 192.168.164.253, host: pr-hdds-2131-4cx76-1129263384, networkLocation: /default-rack, certSerialId: null} reports an CLOSED replica.
2019-10-18 00:28:05,373 [EventQueue-ContainerReportForContainerReportHandler] WARN  container.ContainerReportHandler (AbstractContainerReportHandler.java:updateContainerState(145)) - Container #1 is in OPEN state, but the datanode efdea5f7-0978-4608-8df8-907f93177c26{ip: 192.168.164.253, host: pr-hdds-2131-4cx76-1129263384, networkLocation: /default-rack, certSerialId: null} reports an CLOSED replica.
2019-10-18 00:28:05,530 [EventQueue-StaleNodeForStaleNodeHandler] INFO  node.StaleNodeHandler (StaleNodeHandler.java:onMessage(58)) - Datanode 27e27663-33d5-44e8-9c0f-eb0e3c2aee11{ip: 192.168.164.253, host: pr-hdds-2131-4cx76-1129263384, networkLocation: /default-rack, certSerialId: null} moved to stale state. Finalizing its pipelines [PipelineID=75404b60-6d3b-4b77-b495-0e05bcbc6a81, PipelineID=38438ec1-2c71-4c13-a603-08322ab1d71f]
2019-10-18 00:28:05,530 [EventQueue-StaleNodeForStaleNodeHandler] INFO  pipeline.SCMPipelineManager (SCMPipelineManager.java:finalizeAndDestroyPipeline(315)) - destroying pipeline:Pipeline[ Id: 75404b60-6d3b-4b77-b495-0e05bcbc6a81, Nodes: 27e27663-33d5-44e8-9c0f-eb0e3c2aee11{ip: 192.168.164.253, host: pr-hdds-2131-4cx76-1129263384, networkLocation: /default-rack, certSerialId: null}1c196293-af28-4849-9284-4cc1dd56b0a0{ip: 192.168.164.253, host: pr-hdds-2131-4cx76-1129263384, networkLocation: /default-rack, certSerialId: null}efdea5f7-0978-4608-8df8-907f93177c26{ip: 192.168.164.253, host: pr-hdds-2131-4cx76-1129263384, networkLocation: /default-rack, certSerialId: null}, Type:RATIS, Factor:THREE, State:OPEN]
2019-10-18 00:28:05,534 [EventQueue-StaleNodeForStaleNodeHandler] INFO  pipeline.PipelineStateManager (PipelineStateManager.java:finalizePipeline(123)) - Pipeline Pipeline[ Id: 75404b60-6d3b-4b77-b495-0e05bcbc6a81, Nodes: 27e27663-33d5-44e8-9c0f-eb0e3c2aee11{ip: 192.168.164.253, host: pr-hdds-2131-4cx76-1129263384, networkLocation: /default-rack, certSerialId: null}1c196293-af28-4849-9284-4cc1dd56b0a0{ip: 192.168.164.253, host: pr-hdds-2131-4cx76-1129263384, networkLocation: /default-rack, certSerialId: null}efdea5f7-0978-4608-8df8-907f93177c26{ip: 192.168.164.253, host: pr-hdds-2131-4cx76-1129263384, networkLocation: /default-rack, certSerialId: null}, Type:RATIS, Factor:THREE, State:CLOSED] moved to CLOSED state
2019-10-18 00:28:05,535 [EventQueue-CloseContainerForCloseContainerEventHandler] INFO  container.CloseContainerEventHandler (CloseContainerEventHandler.java:onMessage(61)) - Close container Event triggered for container : #1
2019-10-18 00:28:05,539 [EventQueue-StaleNodeForStaleNodeHandler] INFO  pipeline.SCMPipelineManager (SCMPipelineManager.java:finalizeAndDestroyPipeline(315)) - destroying pipeline:Pipeline[ Id: 38438ec1-2c71-4c13-a603-08322ab1d71f, Nodes: 27e27663-33d5-44e8-9c0f-eb0e3c2aee11{ip: 192.168.164.253, host: pr-hdds-2131-4cx76-1129263384, networkLocation: /default-rack, certSerialId: null}, Type:RATIS, Factor:ONE, State:OPEN]
2019-10-18 00:28:05,541 [EventQueue-StaleNodeForStaleNodeHandler] INFO  pipeline.PipelineStateManager (PipelineStateManager.java:finalizePipeline(123)) - Pipeline Pipeline[ Id: 38438ec1-2c71-4c13-a603-08322ab1d71f, Nodes: 27e27663-33d5-44e8-9c0f-eb0e3c2aee11{ip: 192.168.164.253, host: pr-hdds-2131-4cx76-1129263384, networkLocation: /default-rack, certSerialId: null}, Type:RATIS, Factor:ONE, State:CLOSED] moved to CLOSED state
2019-10-18 00:28:05,574 [EventQueue-ContainerReportForContainerReportHandler] INFO  container.ContainerReportHandler (AbstractContainerReportHandler.java:updateContainerState(178)) - Moving container #1 to CLOSED state, datanode efdea5f7-0978-4608-8df8-907f93177c26{ip: 192.168.164.253, host: pr-hdds-2131-4cx76-1129263384, networkLocation: /default-rack, certSerialId: null} reported CLOSED replica.
2019-10-18 00:28:06,130 [BlockDeletingService#2] WARN  background.BlockDeletingService (BlockDeletingService.java:isDeletionAllowed(187)) - Close Container log Index 6 is not replicated across allthe servers in the pipeline 75404b60-6d3b-4b77-b495-0e05bcbc6a81 as the min replicated index is 4. Deletion is not allowed in this container yet.
2019-10-18 00:28:06,130 [BlockDeletingService#2] WARN  background.BlockDeletingService (BlockDeletingService.java:isDeletionAllowed(187)) - Close Container log Index 6 is not replicated across allthe servers in the pipeline 75404b60-6d3b-4b77-b495-0e05bcbc6a81 as the min replicated index is 4. Deletion is not allowed in this container yet.
2019-10-18 00:28:06,250 [SCMBlockDeletingService#1] INFO  block.SCMBlockDeletingService (SCMBlockDeletingService.java:call(184)) - Totally added 3 delete blocks command for 3 datanodes, task elapsed time: 5ms
2019-10-18 00:28:06,375 [EventQueue-PendingDeleteStatusForPendingDeleteHandler] INFO  block.SCMBlockDeletingService (SCMBlockDeletingService.java:handlePendingDeletes(115)) - Block deletion txnID mismatch in datanode efdea5f7-0978-4608-8df8-907f93177c26 for containerID 1. Datanode delete txnID: 0, SCM txnID: 1
2019-10-18 00:28:06,524 [EventQueue-PendingDeleteStatusForPendingDeleteHandler] INFO  block.SCMBlockDeletingService (SCMBlockDeletingService.java:handlePendingDeletes(115)) - Block deletion txnID mismatch in datanode 1c196293-af28-4849-9284-4cc1dd56b0a0 for containerID 1. Datanode delete txnID: 0, SCM txnID: 1
2019-10-18 00:28:06,674 [EventQueue-PendingDeleteStatusForPendingDeleteHandler] INFO  block.SCMBlockDeletingService (SCMBlockDeletingService.java:handlePendingDeletes(115)) - Block deletion txnID mismatch in datanode efdea5f7-0978-4608-8df8-907f93177c26 for containerID 1. Datanode delete txnID: 0, SCM txnID: 1
2019-10-18 00:28:06,824 [EventQueue-PendingDeleteStatusForPendingDeleteHandler] INFO  block.SCMBlockDeletingService (SCMBlockDeletingService.java:handlePendingDeletes(115)) - Block deletion txnID mismatch in datanode 1c196293-af28-4849-9284-4cc1dd56b0a0 for containerID 1. Datanode delete txnID: 0, SCM txnID: 1
2019-10-18 00:28:06,874 [EventQueue-PendingDeleteStatusForPendingDeleteHandler] INFO  block.SCMBlockDeletingService (SCMBlockDeletingService.java:handlePendingDeletes(115)) - Block deletion txnID mismatch in datanode efdea5f7-0978-4608-8df8-907f93177c26 for containerID 1. Datanode delete txnID: 0, SCM txnID: 1
2019-10-18 00:28:07,124 [EventQueue-PendingDeleteStatusForPendingDeleteHandler] INFO  block.SCMBlockDeletingService (SCMBlockDeletingService.java:handlePendingDeletes(115)) - Block deletion txnID mismatch in datanode 1c196293-af28-4849-9284-4cc1dd56b0a0 for containerID 1. Datanode delete txnID: 0, SCM txnID: 1
2019-10-18 00:28:07,131 [BlockDeletingService#2] WARN  background.BlockDeletingService (BlockDeletingService.java:isDeletionAllowed(187)) - Close Container log Index 6 is not replicated across allthe servers in the pipeline 75404b60-6d3b-4b77-b495-0e05bcbc6a81 as the min replicated index is 4. Deletion is not allowed in this container yet.
2019-10-18 00:28:07,131 [BlockDeletingService#2] WARN  background.BlockDeletingService (BlockDeletingService.java:isDeletionAllowed(187)) - Close Container log Index 6 is not replicated across allthe servers in the pipeline 75404b60-6d3b-4b77-b495-0e05bcbc6a81 as the min replicated index is 4. Deletion is not allowed in this container yet.
2019-10-18 00:28:07,174 [EventQueue-PendingDeleteStatusForPendingDeleteHandler] INFO  block.SCMBlockDeletingService (SCMBlockDeletingService.java:handlePendingDeletes(115)) - Block deletion txnID mismatch in datanode efdea5f7-0978-4608-8df8-907f93177c26 for containerID 1. Datanode delete txnID: 0, SCM txnID: 1
2019-10-18 00:28:07,251 [SCMBlockDeletingService#1] INFO  block.SCMBlockDeletingService (SCMBlockDeletingService.java:call(184)) - Totally added 3 delete blocks command for 3 datanodes, task elapsed time: 1ms
2019-10-18 00:28:07,252 [pool-7-thread-1] INFO  commands.RetriableDatanodeEventWatcher (RetriableDatanodeEventWatcher.java:onTimeout(47)) - RetriableDatanodeCommand type=deleteBlocksCommand with id=1571358486250 timed out. Retrying.
2019-10-18 00:28:07,252 [pool-7-thread-3] INFO  commands.RetriableDatanodeEventWatcher (RetriableDatanodeEventWatcher.java:onTimeout(47)) - RetriableDatanodeCommand type=deleteBlocksCommand with id=1571358486252 timed out. Retrying.
2019-10-18 00:28:07,253 [pool-7-thread-2] INFO  commands.RetriableDatanodeEventWatcher (RetriableDatanodeEventWatcher.java:onTimeout(47)) - RetriableDatanodeCommand type=deleteBlocksCommand with id=1571358486251 timed out. Retrying.
2019-10-18 00:28:07,323 [EventQueue-PendingDeleteStatusForPendingDeleteHandler] INFO  block.SCMBlockDeletingService (SCMBlockDeletingService.java:handlePendingDeletes(115)) - Block deletion txnID mismatch in datanode 1c196293-af28-4849-9284-4cc1dd56b0a0 for containerID 1. Datanode delete txnID: 0, SCM txnID: 1
2019-10-18 00:28:07,376 [Command processor thread] INFO  commandhandler.DeleteBlocksCommandHandler (DeleteBlocksCommandHandler.java:handle(106)) - Start to delete container blocks, TXIDs=[1(0)], numOfContainers=1, numOfBlocks=1
2019-10-18 00:28:07,388 [Command processor thread] INFO  commandhandler.DeleteBlocksCommandHandler (DeleteBlocksCommandHandler.java:handle(106)) - Start to delete container blocks, TXIDs=[1(2)], numOfContainers=1, numOfBlocks=1
2019-10-18 00:28:07,388 [Command processor thread] INFO  commandhandler.DeleteBlocksCommandHandler (DeleteBlocksCommandHandler.java:handle(106)) - Start to delete container blocks, TXIDs=[1(0)], numOfContainers=1, numOfBlocks=1
2019-10-18 00:28:07,422 [Command processor thread] INFO  commandhandler.DeleteBlocksCommandHandler (DeleteBlocksCommandHandler.java:handle(106)) - Start to delete container blocks, TXIDs=[1(0)], numOfContainers=1, numOfBlocks=1
2019-10-18 00:28:07,424 [Command processor thread] INFO  commandhandler.DeleteBlocksCommandHandler (DeleteBlocksCommandHandler.java:handle(106)) - Start to delete container blocks, TXIDs=[1(2)], numOfContainers=1, numOfBlocks=1
2019-10-18 00:28:07,424 [Command processor thread] INFO  commandhandler.DeleteBlocksCommandHandler (DeleteBlocksCommandHandler.java:handle(106)) - Start to delete container blocks, TXIDs=[1(0)], numOfContainers=1, numOfBlocks=1
2019-10-18 00:28:07,476 [java.util.concurrent.ThreadPoolExecutor$Worker@18e403b4[State = -1, empty queue]] WARN  server.GrpcLogAppender (GrpcLogAppender.java:timeoutAppendRequest(209)) - efdea5f7-0978-4608-8df8-907f93177c26@group-0E05BCBC6A81->27e27663-33d5-44e8-9c0f-eb0e3c2aee11-GrpcLogAppender: appendEntries Timeout, request=efdea5f7-0978-4608-8df8-907f93177c26->27e27663-33d5-44e8-9c0f-eb0e3c2aee11#50-t7, previous=(t:7, i:10), leaderCommit=10, initializing? false, entries: <empty>
2019-10-18 00:28:07,545 [main] INFO  impl.MetricsSystemImpl (MetricsSystemImpl.java:init(158)) - HddsDatanode metrics system started (again)
2019-10-18 00:28:07,597 [main] INFO  ozone.HddsDatanodeService (HddsDatanodeService.java:start(184)) - HddsDatanodeService host:pr-hdds-2131-4cx76-1129263384 ip:192.168.164.253
2019-10-18 00:28:07,600 [main] INFO  volume.VolumeUsage (VolumeUsage.java:loadScmUsed(144)) - Cached ScmUsed found for /workdir/hadoop-ozone/integration-test/target/test-dir/MiniOzoneClusterImpl-125cb84d-b14c-45f7-a2c3-14b819b44f73/datanode-2/data/containers : 4096 
2019-10-18 00:28:07,601 [main] INFO  volume.HddsVolume (HddsVolume.java:<init>(176)) - Creating Volume: /workdir/hadoop-ozone/integration-test/target/test-dir/MiniOzoneClusterImpl-125cb84d-b14c-45f7-a2c3-14b819b44f73/datanode-2/data/containers/hdds of  storage type : DISK and capacity : 1482555576320
2019-10-18 00:28:07,602 [main] INFO  volume.VolumeSet (VolumeSet.java:initializeVolumeSet(170)) - Added Volume : /workdir/hadoop-ozone/integration-test/target/test-dir/MiniOzoneClusterImpl-125cb84d-b14c-45f7-a2c3-14b819b44f73/datanode-2/data/containers/hdds to VolumeSet
2019-10-18 00:28:07,602 [main] INFO  volume.ThrottledAsyncChecker (ThrottledAsyncChecker.java:schedule(141)) - Scheduling a check for /workdir/hadoop-ozone/integration-test/target/test-dir/MiniOzoneClusterImpl-125cb84d-b14c-45f7-a2c3-14b819b44f73/datanode-2/data/containers/hdds
2019-10-18 00:28:07,603 [main] INFO  volume.HddsVolumeChecker (HddsVolumeChecker.java:checkAllVolumes(204)) - Scheduled health check for volume /workdir/hadoop-ozone/integration-test/target/test-dir/MiniOzoneClusterImpl-125cb84d-b14c-45f7-a2c3-14b819b44f73/datanode-2/data/containers/hdds
2019-10-18 00:28:07,655 [main] INFO  impl.RaftServerProxy (ConfUtils.java:logGet(43)) - raft.rpc.type = GRPC (default)
2019-10-18 00:28:07,655 [main] INFO  grpc.GrpcFactory (GrpcFactory.java:checkPooledByteBufAllocatorUseCacheForAllThreads(45)) - PERFORMANCE WARNING: useCacheForAllThreads is true that may cause Netty to create a lot garbage objects and, as a result, trigger GC.
	It is recommended to disable useCacheForAllThreads by setting -Dorg.apache.ratis.thirdparty.io.netty.allocator.useCacheForAllThreads=false in command line.
2019-10-18 00:28:07,655 [main] INFO  grpc.GrpcConfigKeys$Server (ConfUtils.java:logGet(43)) - raft.grpc.server.port = 35650 (custom)
2019-10-18 00:28:07,656 [main] INFO  server.GrpcService (ConfUtils.java:logGet(43)) - raft.grpc.message.size.max = 33570816 (custom)
2019-10-18 00:28:07,656 [main] INFO  server.RaftServerConfigKeys (ConfUtils.java:logGet(43)) - raft.server.log.appender.buffer.byte-limit = 33554432 (custom)
2019-10-18 00:28:07,656 [main] INFO  server.GrpcService (ConfUtils.java:logGet(43)) - raft.grpc.flow.control.window = 1MB (=1048576) (default)
2019-10-18 00:28:07,657 [main] INFO  server.RaftServerConfigKeys (ConfUtils.java:logGet(43)) - raft.server.rpc.request.timeout = 3000ms (default)
2019-10-18 00:28:07,658 [main] INFO  server.RaftServerConfigKeys (ConfUtils.java:logGet(43)) - raft.server.storage.dir = [/workdir/hadoop-ozone/integration-test/target/test-dir/MiniOzoneClusterImpl-125cb84d-b14c-45f7-a2c3-14b819b44f73/datanode-2/data/ratis] (custom)
2019-10-18 00:28:07,658 [main] INFO  impl.RaftServerProxy (RaftServerProxy.java:lambda$null$0(191)) - 27e27663-33d5-44e8-9c0f-eb0e3c2aee11: found a subdirectory /workdir/hadoop-ozone/integration-test/target/test-dir/MiniOzoneClusterImpl-125cb84d-b14c-45f7-a2c3-14b819b44f73/datanode-2/data/ratis/38438ec1-2c71-4c13-a603-08322ab1d71f
2019-10-18 00:28:07,660 [main] INFO  impl.RaftServerProxy (RaftServerProxy.java:addNew(89)) - 27e27663-33d5-44e8-9c0f-eb0e3c2aee11: addNew group-08322AB1D71F:[] returns group-08322AB1D71F:java.util.concurrent.CompletableFuture@2b5c4f17[Not completed]
2019-10-18 00:28:07,660 [main] INFO  impl.RaftServerProxy (RaftServerProxy.java:lambda$null$0(191)) - 27e27663-33d5-44e8-9c0f-eb0e3c2aee11: found a subdirectory /workdir/hadoop-ozone/integration-test/target/test-dir/MiniOzoneClusterImpl-125cb84d-b14c-45f7-a2c3-14b819b44f73/datanode-2/data/ratis/75404b60-6d3b-4b77-b495-0e05bcbc6a81
2019-10-18 00:28:07,660 [main] INFO  impl.RaftServerProxy (RaftServerProxy.java:addNew(89)) - 27e27663-33d5-44e8-9c0f-eb0e3c2aee11: addNew group-0E05BCBC6A81:[] returns group-0E05BCBC6A81:java.util.concurrent.CompletableFuture@6ca8fcf3[Not completed]
2019-10-18 00:28:07,665 [pool-59-thread-1] INFO  impl.RaftServerImpl (RaftServerImpl.java:<init>(104)) - 27e27663-33d5-44e8-9c0f-eb0e3c2aee11: new RaftServerImpl for group-08322AB1D71F:[] with ContainerStateMachine:uninitialized
2019-10-18 00:28:07,665 [pool-59-thread-1] INFO  server.RaftServerConfigKeys (ConfUtils.java:logGet(43)) - raft.server.rpc.timeout.min = 5s (custom)
2019-10-18 00:28:07,665 [pool-59-thread-1] INFO  server.RaftServerConfigKeys (ConfUtils.java:logGet(43)) - raft.server.rpc.timeout.max = 5200ms (custom)
2019-10-18 00:28:07,666 [pool-59-thread-1] INFO  server.RaftServerConfigKeys (ConfUtils.java:logGet(43)) - raft.server.rpcslowness.timeout = 1000s (custom)
2019-10-18 00:28:07,666 [pool-59-thread-1] INFO  server.RaftServerConfigKeys (ConfUtils.java:logGet(43)) - raft.server.sleep.deviation.threshold = 300 (default)
2019-10-18 00:28:07,666 [pool-59-thread-1] INFO  server.RaftServerConfigKeys (ConfUtils.java:logGet(43)) - raft.server.log.appender.install.snapshot.enabled = false (custom)
2019-10-18 00:28:07,666 [pool-59-thread-1] INFO  impl.RaftServerImpl (ServerState.java:<init>(103)) - 27e27663-33d5-44e8-9c0f-eb0e3c2aee11@group-08322AB1D71F: ConfigurationManager, init=-1: [], old=null, confs=<EMPTY_MAP>
2019-10-18 00:28:07,666 [pool-59-thread-1] INFO  server.RaftServerConfigKeys (ConfUtils.java:logGet(43)) - raft.server.storage.dir = [/workdir/hadoop-ozone/integration-test/target/test-dir/MiniOzoneClusterImpl-125cb84d-b14c-45f7-a2c3-14b819b44f73/datanode-2/data/ratis] (custom)
2019-10-18 00:28:07,667 [pool-59-thread-1] INFO  server.RaftServerConfigKeys (ConfUtils.java:logGet(43)) - raft.server.log.corruption.policy = EXCEPTION (default)
2019-10-18 00:28:07,667 [main] INFO  hdfs.DFSUtil (DFSUtil.java:httpServerTemplateForNNAndJN(1641)) - Starting Web-server for hddsDatanode at: http://0.0.0.0:44717
2019-10-18 00:28:07,670 [main] INFO  server.AuthenticationFilter (AuthenticationFilter.java:constructSecretProvider(240)) - Unable to initialize FileSignerSecretProvider, falling back to use random secrets.
2019-10-18 00:28:07,670 [main] WARN  http.HttpRequestLog (HttpRequestLog.java:getRequestLog(97)) - Jetty request log can only be enabled using Log4j
2019-10-18 00:28:07,672 [main] INFO  http.HttpServer2 (HttpServer2.java:addGlobalFilter(975)) - Added global filter 'safety' (class=org.apache.hadoop.http.HttpServer2$QuotingInputFilter)
2019-10-18 00:28:07,673 [main] INFO  http.HttpServer2 (HttpServer2.java:addFilter(948)) - Added filter static_user_filter (class=org.apache.hadoop.http.lib.StaticUserWebFilter$StaticUserFilter) to context hddsDatanode
2019-10-18 00:28:07,673 [main] INFO  http.HttpServer2 (HttpServer2.java:addFilter(958)) - Added filter static_user_filter (class=org.apache.hadoop.http.lib.StaticUserWebFilter$StaticUserFilter) to context static
2019-10-18 00:28:07,673 [main] INFO  http.HttpServer2 (HttpServer2.java:addFilter(958)) - Added filter static_user_filter (class=org.apache.hadoop.http.lib.StaticUserWebFilter$StaticUserFilter) to context logs
2019-10-18 00:28:07,675 [main] INFO  http.HttpServer2 (HttpServer2.java:bindListener(1191)) - Jetty bound to port 44717
2019-10-18 00:28:07,675 [main] INFO  server.Server (Server.java:doStart(351)) - jetty-9.3.25.v20180904, build timestamp: 2018-09-04T21:11:46Z, git hash: 3ce520221d0240229c862b122d2b06c12a625732
2019-10-18 00:28:07,677 [main] INFO  handler.ContextHandler (ContextHandler.java:doStart(781)) - Started o.e.j.s.ServletContextHandler@177c41d7{/logs,file:///workdir/hadoop-ozone/integration-test/target/log,AVAILABLE}
2019-10-18 00:28:07,678 [main] INFO  handler.ContextHandler (ContextHandler.java:doStart(781)) - Started o.e.j.s.ServletContextHandler@1d61a348{/static,jar:file:/home/user/.m2/repository/org/apache/hadoop/hadoop-hdds-container-service/0.5.0-SNAPSHOT/hadoop-hdds-container-service-0.5.0-SNAPSHOT.jar!/webapps/static,AVAILABLE}
2019-10-18 00:28:07,690 [pool-59-thread-1] INFO  storage.RaftStorageDirectory (RaftStorageDirectory.java:tryLock(328)) - Lock on /workdir/hadoop-ozone/integration-test/target/test-dir/MiniOzoneClusterImpl-125cb84d-b14c-45f7-a2c3-14b819b44f73/datanode-2/data/ratis/38438ec1-2c71-4c13-a603-08322ab1d71f/in_use.lock acquired by nodename 28467@pr-hdds-2131-4cx76-1129263384
2019-10-18 00:28:07,691 [pool-59-thread-1] INFO  ratis.ContainerStateMachine (ContainerStateMachine.java:loadSnapshot(231)) - group-08322AB1D71F: The snapshot info is null. Setting the last applied indexto:(t:0, i:~)
2019-10-18 00:28:07,691 [pool-59-thread-1] INFO  server.RaftServerConfigKeys (ConfUtils.java:logGet(43)) - raft.server.notification.no-leader.timeout = 1000s (custom)
2019-10-18 00:28:07,691 [pool-59-thread-1] INFO  server.RaftServerConfigKeys (ConfUtils.java:logGet(43)) - raft.server.log.use.memory = false (default)
2019-10-18 00:28:07,692 [pool-59-thread-1] INFO  server.RaftServerConfigKeys (ConfUtils.java:logGet(43)) - raft.server.log.purge.gap = 1000000 (custom)
2019-10-18 00:28:07,692 [pool-59-thread-1] INFO  server.RaftServerConfigKeys (ConfUtils.java:logGet(43)) - raft.server.log.appender.buffer.byte-limit = 33554432 (custom)
2019-10-18 00:28:07,692 [pool-59-thread-1] INFO  server.RaftServerConfigKeys (ConfUtils.java:logGet(43)) - raft.server.log.segment.size.max = 1048576 (custom)
2019-10-18 00:28:07,692 [pool-59-thread-1] INFO  server.RaftServerConfigKeys (ConfUtils.java:logGet(43)) - raft.server.log.segment.cache.num.max = 2 (custom)
2019-10-18 00:28:07,692 [pool-59-thread-1] INFO  segmented.SegmentedRaftLogWorker (SegmentedRaftLogWorker.java:<init>(173)) - new 27e27663-33d5-44e8-9c0f-eb0e3c2aee11@group-08322AB1D71F-SegmentedRaftLogWorker for RaftStorage:Storage Directory /workdir/hadoop-ozone/integration-test/target/test-dir/MiniOzoneClusterImpl-125cb84d-b14c-45f7-a2c3-14b819b44f73/datanode-2/data/ratis/38438ec1-2c71-4c13-a603-08322ab1d71f
2019-10-18 00:28:07,692 [pool-59-thread-1] INFO  server.RaftServerConfigKeys (ConfUtils.java:logGet(43)) - raft.server.log.queue.byte-limit = 2147483647 (custom)
2019-10-18 00:28:07,693 [pool-59-thread-1] INFO  server.RaftServerConfigKeys (ConfUtils.java:logGet(43)) - raft.server.log.queue.element-limit = 1024 (custom)
2019-10-18 00:28:07,693 [pool-59-thread-1] INFO  server.RaftServerConfigKeys (ConfUtils.java:logGet(43)) - raft.server.log.segment.size.max = 1048576 (custom)
2019-10-18 00:28:07,693 [pool-59-thread-1] INFO  server.RaftServerConfigKeys (ConfUtils.java:logGet(43)) - raft.server.log.preallocated.size = 16384 (custom)
2019-10-18 00:28:07,693 [pool-59-thread-1] INFO  server.RaftServerConfigKeys (ConfUtils.java:logGet(43)) - raft.server.log.write.buffer.size = 33554432 (custom)
2019-10-18 00:28:07,693 [pool-59-thread-1] INFO  server.RaftServerConfigKeys (ConfUtils.java:logGet(43)) - raft.server.log.force.sync.num = 128 (default)
2019-10-18 00:28:07,693 [pool-59-thread-1] INFO  server.RaftServerConfigKeys (ConfUtils.java:logGet(43)) - raft.server.log.statemachine.data.sync = true (default)
2019-10-18 00:28:07,693 [pool-59-thread-1] INFO  server.RaftServerConfigKeys (ConfUtils.java:logGet(43)) - raft.server.log.statemachine.data.sync.timeout = 10s (default)
2019-10-18 00:28:07,694 [pool-59-thread-1] INFO  server.RaftServerConfigKeys (ConfUtils.java:logGet(43)) - raft.server.log.statemachine.data.sync.timeout.retry = -1 (default)
2019-10-18 00:28:07,694 [pool-59-thread-1] INFO  server.RaftServerConfigKeys (ConfUtils.java:logGet(43)) - raft.server.log.statemachine.data.caching.enabled = true (custom)
2019-10-18 00:28:07,702 [pool-59-thread-1] INFO  impl.RaftServerImpl (ServerState.java:setRaftConf(357)) - 27e27663-33d5-44e8-9c0f-eb0e3c2aee11@group-08322AB1D71F: set configuration 0: [27e27663-33d5-44e8-9c0f-eb0e3c2aee11:192.168.164.253:35650], old=null at 0
2019-10-18 00:28:07,704 [pool-59-thread-1] INFO  segmented.LogSegment (LogSegment.java:loadSegment(140)) - Successfully read 1 entries from segment file /workdir/hadoop-ozone/integration-test/target/test-dir/MiniOzoneClusterImpl-125cb84d-b14c-45f7-a2c3-14b819b44f73/datanode-2/data/ratis/38438ec1-2c71-4c13-a603-08322ab1d71f/current/log_inprogress_0
2019-10-18 00:28:07,704 [pool-59-thread-1] INFO  segmented.SegmentedRaftLogWorker (SegmentedRaftLogWorker.java:lambda$new$0(128)) - 27e27663-33d5-44e8-9c0f-eb0e3c2aee11@group-08322AB1D71F-SegmentedRaftLogWorker: flushIndex: setUnconditionally 0 -> 0
2019-10-18 00:28:07,716 [main] INFO  handler.ContextHandler (ContextHandler.java:doStart(781)) - Started o.e.j.w.WebAppContext@79518e00{/,file:///tmp/jetty-0.0.0.0-44717-hddsDatanode-_-any-7480436119646347218.dir/webapp/,AVAILABLE}{/hddsDatanode}
2019-10-18 00:28:07,716 [main] INFO  server.AbstractConnector (AbstractConnector.java:doStart(278)) - Started ServerConnector@3c91530d{HTTP/1.1,[http/1.1]}{0.0.0.0:44717}
2019-10-18 00:28:07,739 [main] INFO  server.Server (Server.java:doStart(419)) - Started @114574ms
2019-10-18 00:28:07,739 [pool-59-thread-1] INFO  server.RaftServerConfigKeys (ConfUtils.java:logGet(43)) - raft.server.snapshot.auto.trigger.enabled = true (custom)
2019-10-18 00:28:07,739 [main] WARN  impl.MetricsSystemImpl (MetricsSystemImpl.java:register(276)) - Sink prometheus already exists!
2019-10-18 00:28:07,739 [pool-59-thread-1] INFO  server.RaftServerConfigKeys (ConfUtils.java:logGet(43)) - raft.server.snapshot.auto.trigger.threshold = 10000 (custom)
2019-10-18 00:28:07,739 [pool-59-thread-1] INFO  server.RaftServerConfigKeys (ConfUtils.java:logGet(43)) - raft.server.snapshot.retention.file.num = 5 (custom)
2019-10-18 00:28:07,739 [pool-59-thread-1] INFO  server.RaftServerConfigKeys (ConfUtils.java:logGet(43)) - raft.server.retrycache.expirytime = 600000ms (custom)
2019-10-18 00:28:07,741 [main] INFO  server.BaseHttpServer (BaseHttpServer.java:updateConnectorAddress(215)) - HTTP server of HDDSDATANODE is listening at http://0.0.0.0:44717
2019-10-18 00:28:07,742 [pool-59-thread-1] INFO  impl.RaftServerImpl (RaftServerImpl.java:<init>(104)) - 27e27663-33d5-44e8-9c0f-eb0e3c2aee11: new RaftServerImpl for group-0E05BCBC6A81:[] with ContainerStateMachine:uninitialized
2019-10-18 00:28:07,742 [pool-59-thread-1] INFO  server.RaftServerConfigKeys (ConfUtils.java:logGet(43)) - raft.server.rpc.timeout.min = 5s (custom)
2019-10-18 00:28:07,742 [pool-59-thread-1] INFO  server.RaftServerConfigKeys (ConfUtils.java:logGet(43)) - raft.server.rpc.timeout.max = 5200ms (custom)
2019-10-18 00:28:07,742 [pool-59-thread-1] INFO  server.RaftServerConfigKeys (ConfUtils.java:logGet(43)) - raft.server.rpcslowness.timeout = 1000s (custom)
2019-10-18 00:28:07,742 [pool-59-thread-1] INFO  server.RaftServerConfigKeys (ConfUtils.java:logGet(43)) - raft.server.sleep.deviation.threshold = 300 (default)
2019-10-18 00:28:07,742 [pool-59-thread-1] INFO  server.RaftServerConfigKeys (ConfUtils.java:logGet(43)) - raft.server.log.appender.install.snapshot.enabled = false (custom)
2019-10-18 00:28:07,742 [pool-59-thread-1] INFO  impl.RaftServerImpl (ServerState.java:<init>(103)) - 27e27663-33d5-44e8-9c0f-eb0e3c2aee11@group-0E05BCBC6A81: ConfigurationManager, init=-1: [], old=null, confs=<EMPTY_MAP>
2019-10-18 00:28:07,743 [pool-59-thread-1] INFO  server.RaftServerConfigKeys (ConfUtils.java:logGet(43)) - raft.server.storage.dir = [/workdir/hadoop-ozone/integration-test/target/test-dir/MiniOzoneClusterImpl-125cb84d-b14c-45f7-a2c3-14b819b44f73/datanode-2/data/ratis] (custom)
2019-10-18 00:28:07,743 [pool-59-thread-1] INFO  server.RaftServerConfigKeys (ConfUtils.java:logGet(43)) - raft.server.log.corruption.policy = EXCEPTION (default)
2019-10-18 00:28:07,743 [org.apache.hadoop.util.JvmPauseMonitor$Monitor@54e61fe6] INFO  util.JvmPauseMonitor (JvmPauseMonitor.java:run(188)) - Starting JVM pause monitor
2019-10-18 00:28:07,765 [pool-59-thread-1] INFO  storage.RaftStorageDirectory (RaftStorageDirectory.java:tryLock(328)) - Lock on /workdir/hadoop-ozone/integration-test/target/test-dir/MiniOzoneClusterImpl-125cb84d-b14c-45f7-a2c3-14b819b44f73/datanode-2/data/ratis/75404b60-6d3b-4b77-b495-0e05bcbc6a81/in_use.lock acquired by nodename 28467@pr-hdds-2131-4cx76-1129263384
2019-10-18 00:28:07,767 [pool-59-thread-1] INFO  ratis.ContainerStateMachine (ContainerStateMachine.java:loadSnapshot(240)) - group-0E05BCBC6A81: Setting the last applied index to (t:7, i:3)
2019-10-18 00:28:07,773 [pool-59-thread-1] INFO  impl.RaftServerImpl (ServerState.java:setRaftConf(357)) - 27e27663-33d5-44e8-9c0f-eb0e3c2aee11@group-0E05BCBC6A81: set configuration 0: [efdea5f7-0978-4608-8df8-907f93177c26:192.168.164.253:40628, 27e27663-33d5-44e8-9c0f-eb0e3c2aee11:192.168.164.253:35650, 1c196293-af28-4849-9284-4cc1dd56b0a0:192.168.164.253:43223], old=null at 0
2019-10-18 00:28:07,773 [pool-59-thread-1] INFO  server.RaftServerConfigKeys (ConfUtils.java:logGet(43)) - raft.server.notification.no-leader.timeout = 1000s (custom)
2019-10-18 00:28:07,773 [pool-59-thread-1] INFO  server.RaftServerConfigKeys (ConfUtils.java:logGet(43)) - raft.server.log.use.memory = false (default)
2019-10-18 00:28:07,774 [pool-59-thread-1] INFO  server.RaftServerConfigKeys (ConfUtils.java:logGet(43)) - raft.server.log.purge.gap = 1000000 (custom)
2019-10-18 00:28:07,774 [pool-59-thread-1] INFO  server.RaftServerConfigKeys (ConfUtils.java:logGet(43)) - raft.server.log.appender.buffer.byte-limit = 33554432 (custom)
2019-10-18 00:28:07,774 [pool-59-thread-1] INFO  server.RaftServerConfigKeys (ConfUtils.java:logGet(43)) - raft.server.log.segment.size.max = 1048576 (custom)
2019-10-18 00:28:07,774 [pool-59-thread-1] INFO  server.RaftServerConfigKeys (ConfUtils.java:logGet(43)) - raft.server.log.segment.cache.num.max = 2 (custom)
2019-10-18 00:28:07,774 [pool-59-thread-1] INFO  segmented.SegmentedRaftLogWorker (SegmentedRaftLogWorker.java:<init>(173)) - new 27e27663-33d5-44e8-9c0f-eb0e3c2aee11@group-0E05BCBC6A81-SegmentedRaftLogWorker for RaftStorage:Storage Directory /workdir/hadoop-ozone/integration-test/target/test-dir/MiniOzoneClusterImpl-125cb84d-b14c-45f7-a2c3-14b819b44f73/datanode-2/data/ratis/75404b60-6d3b-4b77-b495-0e05bcbc6a81
2019-10-18 00:28:07,774 [pool-59-thread-1] INFO  server.RaftServerConfigKeys (ConfUtils.java:logGet(43)) - raft.server.log.queue.byte-limit = 2147483647 (custom)
2019-10-18 00:28:07,774 [pool-59-thread-1] INFO  server.RaftServerConfigKeys (ConfUtils.java:logGet(43)) - raft.server.log.queue.element-limit = 1024 (custom)
2019-10-18 00:28:07,774 [pool-59-thread-1] INFO  server.RaftServerConfigKeys (ConfUtils.java:logGet(43)) - raft.server.log.segment.size.max = 1048576 (custom)
2019-10-18 00:28:07,774 [pool-59-thread-1] INFO  server.RaftServerConfigKeys (ConfUtils.java:logGet(43)) - raft.server.log.preallocated.size = 16384 (custom)
2019-10-18 00:28:07,775 [pool-59-thread-1] INFO  server.RaftServerConfigKeys (ConfUtils.java:logGet(43)) - raft.server.log.write.buffer.size = 33554432 (custom)
2019-10-18 00:28:07,775 [pool-59-thread-1] INFO  server.RaftServerConfigKeys (ConfUtils.java:logGet(43)) - raft.server.log.force.sync.num = 128 (default)
2019-10-18 00:28:07,775 [pool-59-thread-1] INFO  server.RaftServerConfigKeys (ConfUtils.java:logGet(43)) - raft.server.log.statemachine.data.sync = true (default)
2019-10-18 00:28:07,775 [pool-59-thread-1] INFO  server.RaftServerConfigKeys (ConfUtils.java:logGet(43)) - raft.server.log.statemachine.data.sync.timeout = 10s (default)
2019-10-18 00:28:07,775 [pool-59-thread-1] INFO  server.RaftServerConfigKeys (ConfUtils.java:logGet(43)) - raft.server.log.statemachine.data.sync.timeout.retry = -1 (default)
2019-10-18 00:28:07,775 [pool-59-thread-1] INFO  server.RaftServerConfigKeys (ConfUtils.java:logGet(43)) - raft.server.log.statemachine.data.caching.enabled = true (custom)
2019-10-18 00:28:07,776 [pool-59-thread-1] INFO  impl.RaftServerImpl (ServerState.java:setRaftConf(357)) - 27e27663-33d5-44e8-9c0f-eb0e3c2aee11@group-0E05BCBC6A81: set configuration 0: [efdea5f7-0978-4608-8df8-907f93177c26:192.168.164.253:40628, 27e27663-33d5-44e8-9c0f-eb0e3c2aee11:192.168.164.253:35650, 1c196293-af28-4849-9284-4cc1dd56b0a0:192.168.164.253:43223], old=null at 0
2019-10-18 00:28:07,778 [pool-59-thread-1] INFO  segmented.LogSegment (LogSegment.java:loadSegment(140)) - Successfully read 5 entries from segment file /workdir/hadoop-ozone/integration-test/target/test-dir/MiniOzoneClusterImpl-125cb84d-b14c-45f7-a2c3-14b819b44f73/datanode-2/data/ratis/75404b60-6d3b-4b77-b495-0e05bcbc6a81/current/log_inprogress_0
2019-10-18 00:28:07,778 [pool-59-thread-1] INFO  segmented.SegmentedRaftLogWorker (SegmentedRaftLogWorker.java:lambda$new$0(128)) - 27e27663-33d5-44e8-9c0f-eb0e3c2aee11@group-0E05BCBC6A81-SegmentedRaftLogWorker: flushIndex: setUnconditionally 0 -> 4
2019-10-18 00:28:07,806 [pool-59-thread-1] INFO  raftlog.RaftLog (RaftLog.java:lambda$new$0(61)) - 27e27663-33d5-44e8-9c0f-eb0e3c2aee11@group-0E05BCBC6A81-SegmentedRaftLog: commitIndex: updateToMax old=3, new=3, updated? false
2019-10-18 00:28:07,807 [pool-59-thread-1] INFO  server.RaftServerConfigKeys (ConfUtils.java:logGet(43)) - raft.server.snapshot.auto.trigger.enabled = true (custom)
2019-10-18 00:28:07,807 [pool-59-thread-1] INFO  server.RaftServerConfigKeys (ConfUtils.java:logGet(43)) - raft.server.snapshot.auto.trigger.threshold = 10000 (custom)
2019-10-18 00:28:07,807 [pool-59-thread-1] INFO  server.RaftServerConfigKeys (ConfUtils.java:logGet(43)) - raft.server.snapshot.retention.file.num = 5 (custom)
2019-10-18 00:28:07,807 [pool-59-thread-1] INFO  server.RaftServerConfigKeys (ConfUtils.java:logGet(43)) - raft.server.retrycache.expirytime = 600000ms (custom)
2019-10-18 00:28:08,132 [BlockDeletingService#2] WARN  background.BlockDeletingService (BlockDeletingService.java:isDeletionAllowed(187)) - Close Container log Index 6 is not replicated across allthe servers in the pipeline 75404b60-6d3b-4b77-b495-0e05bcbc6a81 as the min replicated index is 4. Deletion is not allowed in this container yet.
2019-10-18 00:28:08,132 [BlockDeletingService#2] WARN  background.BlockDeletingService (BlockDeletingService.java:isDeletionAllowed(187)) - Close Container log Index 6 is not replicated across allthe servers in the pipeline 75404b60-6d3b-4b77-b495-0e05bcbc6a81 as the min replicated index is 4. Deletion is not allowed in this container yet.
2019-10-18 00:28:08,251 [pool-7-thread-2] INFO  commands.RetriableDatanodeEventWatcher (RetriableDatanodeEventWatcher.java:onTimeout(47)) - RetriableDatanodeCommand type=deleteBlocksCommand with id=1571358486253 timed out. Retrying.
2019-10-18 00:28:08,252 [SCMBlockDeletingService#1] INFO  block.SCMBlockDeletingService (SCMBlockDeletingService.java:call(184)) - Totally added 1 delete blocks command for 1 datanodes, task elapsed time: 0ms
2019-10-18 00:28:08,253 [pool-7-thread-2] INFO  commands.RetriableDatanodeEventWatcher (RetriableDatanodeEventWatcher.java:onTimeout(47)) - RetriableDatanodeCommand type=deleteBlocksCommand with id=1571358486250 timed out. Retrying.
2019-10-18 00:28:09,135 [BlockDeletingService#2] WARN  background.BlockDeletingService (BlockDeletingService.java:isDeletionAllowed(187)) - Close Container log Index 6 is not replicated across allthe servers in the pipeline 75404b60-6d3b-4b77-b495-0e05bcbc6a81 as the min replicated index is 4. Deletion is not allowed in this container yet.
2019-10-18 00:28:09,135 [BlockDeletingService#2] WARN  background.BlockDeletingService (BlockDeletingService.java:isDeletionAllowed(187)) - Close Container log Index 6 is not replicated across allthe servers in the pipeline 75404b60-6d3b-4b77-b495-0e05bcbc6a81 as the min replicated index is 4. Deletion is not allowed in this container yet.
2019-10-18 00:28:09,165 [Thread-597] INFO  client.GrpcClientProtocolService (GrpcClientProtocolService.java:lambda$processClientRequest$0(278)) - Failed RaftClientRequest:client-4C7A307276C4->1c196293-af28-4849-9284-4cc1dd56b0a0@group-0E05BCBC6A81, cid=10, seq=0, Watch-ALL_COMMITTED(6), Message:<EMPTY>, reply=RaftClientReply:client-4C7A307276C4->1c196293-af28-4849-9284-4cc1dd56b0a0@group-0E05BCBC6A81, cid=10, FAILED org.apache.ratis.protocol.NotLeaderException: Server 1c196293-af28-4849-9284-4cc1dd56b0a0@group-0E05BCBC6A81 is not the leader efdea5f7-0978-4608-8df8-907f93177c26:192.168.164.253:40628, logIndex=0, commits[1c196293-af28-4849-9284-4cc1dd56b0a0:c10, efdea5f7-0978-4608-8df8-907f93177c26:c10, 27e27663-33d5-44e8-9c0f-eb0e3c2aee11:c4]
2019-10-18 00:28:09,252 [pool-7-thread-2] INFO  commands.RetriableDatanodeEventWatcher (RetriableDatanodeEventWatcher.java:onTimeout(47)) - RetriableDatanodeCommand type=deleteBlocksCommand with id=1571358486253 timed out. Retrying.
2019-10-18 00:28:09,252 [pool-7-thread-3] INFO  commands.RetriableDatanodeEventWatcher (RetriableDatanodeEventWatcher.java:onTimeout(47)) - RetriableDatanodeCommand type=deleteBlocksCommand with id=1571358486256 timed out. Retrying.
2019-10-18 00:28:09,254 [pool-7-thread-3] INFO  commands.RetriableDatanodeEventWatcher (RetriableDatanodeEventWatcher.java:onTimeout(47)) - RetriableDatanodeCommand type=deleteBlocksCommand with id=1571358486250 timed out. Retrying.
2019-10-18 00:28:09,254 [SCMBlockDeletingService#1] INFO  block.SCMBlockDeletingService (SCMBlockDeletingService.java:call(184)) - Totally added 1 delete blocks command for 1 datanodes, task elapsed time: 0ms
2019-10-18 00:28:09,746 [Datanode State Machine Thread - 0] INFO  ozoneimpl.OzoneContainer (OzoneContainer.java:start(213)) - Attempting to start container services.
2019-10-18 00:28:09,748 [Datanode State Machine Thread - 0] INFO  ozoneimpl.OzoneContainer (OzoneContainer.java:startContainerScrub(177)) - Background container scanner has been disabled.
2019-10-18 00:28:09,748 [Datanode State Machine Thread - 0] INFO  ratis.XceiverServerRatis (XceiverServerRatis.java:start(418)) - Starting XceiverServerRatis 27e27663-33d5-44e8-9c0f-eb0e3c2aee11 at port 35650
2019-10-18 00:28:09,760 [Datanode State Machine Thread - 0] INFO  impl.RaftServerImpl (RaftServerImpl.java:start(195)) - 27e27663-33d5-44e8-9c0f-eb0e3c2aee11@group-08322AB1D71F: start as a follower, conf=0: [27e27663-33d5-44e8-9c0f-eb0e3c2aee11:192.168.164.253:35650], old=null
2019-10-18 00:28:09,761 [ForkJoinPool.commonPool-worker-0] INFO  impl.RaftServerImpl (RaftServerImpl.java:start(195)) - 27e27663-33d5-44e8-9c0f-eb0e3c2aee11@group-0E05BCBC6A81: start as a follower, conf=0: [efdea5f7-0978-4608-8df8-907f93177c26:192.168.164.253:40628, 27e27663-33d5-44e8-9c0f-eb0e3c2aee11:192.168.164.253:35650, 1c196293-af28-4849-9284-4cc1dd56b0a0:192.168.164.253:43223], old=null
2019-10-18 00:28:09,761 [Datanode State Machine Thread - 0] INFO  impl.RaftServerImpl (RaftServerImpl.java:setRole(184)) - 27e27663-33d5-44e8-9c0f-eb0e3c2aee11@group-08322AB1D71F: changes role from      null to FOLLOWER at term 1 for startAsFollower
2019-10-18 00:28:09,761 [ForkJoinPool.commonPool-worker-0] INFO  impl.RaftServerImpl (RaftServerImpl.java:setRole(184)) - 27e27663-33d5-44e8-9c0f-eb0e3c2aee11@group-0E05BCBC6A81: changes role from      null to FOLLOWER at term 7 for startAsFollower
2019-10-18 00:28:09,761 [Datanode State Machine Thread - 0] INFO  impl.RoleInfo (RoleInfo.java:updateAndGet(143)) - 27e27663-33d5-44e8-9c0f-eb0e3c2aee11: start FollowerState
2019-10-18 00:28:09,761 [ForkJoinPool.commonPool-worker-0] INFO  impl.RoleInfo (RoleInfo.java:updateAndGet(143)) - 27e27663-33d5-44e8-9c0f-eb0e3c2aee11: start FollowerState
2019-10-18 00:28:09,762 [ForkJoinPool.commonPool-worker-0] INFO  util.JmxRegister (JmxRegister.java:tryRegister(44)) - Successfully registered JMX Bean with object name Ratis:service=RaftServer,group=group-0E05BCBC6A81,id=27e27663-33d5-44e8-9c0f-eb0e3c2aee11
2019-10-18 00:28:09,762 [Datanode State Machine Thread - 0] INFO  util.JmxRegister (JmxRegister.java:tryRegister(44)) - Successfully registered JMX Bean with object name Ratis:service=RaftServer,group=group-08322AB1D71F,id=27e27663-33d5-44e8-9c0f-eb0e3c2aee11
2019-10-18 00:28:09,763 [Datanode State Machine Thread - 0] INFO  impl.RaftServerProxy (RaftServerProxy.java:lambda$start$3(299)) - 27e27663-33d5-44e8-9c0f-eb0e3c2aee11: start RPC server
2019-10-18 00:28:09,834 [Thread-601] INFO  impl.FollowerState (FollowerState.java:run(108)) - 27e27663-33d5-44e8-9c0f-eb0e3c2aee11@group-08322AB1D71F-FollowerState: change to CANDIDATE, lastRpcTime:72ms, electionTimeout:67ms
2019-10-18 00:28:09,834 [Thread-601] INFO  impl.RoleInfo (RoleInfo.java:shutdownFollowerState(121)) - 27e27663-33d5-44e8-9c0f-eb0e3c2aee11: shutdown FollowerState
2019-10-18 00:28:09,834 [Thread-601] INFO  impl.RaftServerImpl (RaftServerImpl.java:setRole(184)) - 27e27663-33d5-44e8-9c0f-eb0e3c2aee11@group-08322AB1D71F: changes role from  FOLLOWER to CANDIDATE at term 1 for changeToCandidate
2019-10-18 00:28:09,835 [Thread-601] INFO  impl.RoleInfo (RoleInfo.java:updateAndGet(143)) - 27e27663-33d5-44e8-9c0f-eb0e3c2aee11: start LeaderElection
2019-10-18 00:28:09,837 [Datanode State Machine Thread - 0] INFO  server.GrpcService (GrpcService.java:startImpl(158)) - 27e27663-33d5-44e8-9c0f-eb0e3c2aee11: GrpcService started, listening on 0.0.0.0/0.0.0.0:35650
2019-10-18 00:28:09,838 [Thread-602] INFO  impl.FollowerState (FollowerState.java:run(108)) - 27e27663-33d5-44e8-9c0f-eb0e3c2aee11@group-0E05BCBC6A81-FollowerState: change to CANDIDATE, lastRpcTime:77ms, electionTimeout:76ms
2019-10-18 00:28:09,839 [Thread-602] INFO  impl.RoleInfo (RoleInfo.java:shutdownFollowerState(121)) - 27e27663-33d5-44e8-9c0f-eb0e3c2aee11: shutdown FollowerState
2019-10-18 00:28:09,843 [Thread-602] INFO  impl.RaftServerImpl (RaftServerImpl.java:setRole(184)) - 27e27663-33d5-44e8-9c0f-eb0e3c2aee11@group-0E05BCBC6A81: changes role from  FOLLOWER to CANDIDATE at term 7 for changeToCandidate
2019-10-18 00:28:09,843 [Thread-602] INFO  impl.RoleInfo (RoleInfo.java:updateAndGet(143)) - 27e27663-33d5-44e8-9c0f-eb0e3c2aee11: start LeaderElection
2019-10-18 00:28:09,876 [27e27663-33d5-44e8-9c0f-eb0e3c2aee11@group-0E05BCBC6A81-LeaderElection14] INFO  impl.LeaderElection (LeaderElection.java:askForVotes(178)) - 27e27663-33d5-44e8-9c0f-eb0e3c2aee11@group-0E05BCBC6A81-LeaderElection14: begin an election at term 8 for 0: [efdea5f7-0978-4608-8df8-907f93177c26:192.168.164.253:40628, 27e27663-33d5-44e8-9c0f-eb0e3c2aee11:192.168.164.253:35650, 1c196293-af28-4849-9284-4cc1dd56b0a0:192.168.164.253:43223], old=null
2019-10-18 00:28:09,876 [27e27663-33d5-44e8-9c0f-eb0e3c2aee11@group-08322AB1D71F-LeaderElection13] INFO  impl.LeaderElection (LeaderElection.java:askForVotes(178)) - 27e27663-33d5-44e8-9c0f-eb0e3c2aee11@group-08322AB1D71F-LeaderElection13: begin an election at term 2 for 0: [27e27663-33d5-44e8-9c0f-eb0e3c2aee11:192.168.164.253:35650], old=null
2019-10-18 00:28:09,876 [27e27663-33d5-44e8-9c0f-eb0e3c2aee11@group-08322AB1D71F-LeaderElection13] INFO  impl.RoleInfo (RoleInfo.java:shutdownLeaderElection(134)) - 27e27663-33d5-44e8-9c0f-eb0e3c2aee11: shutdown LeaderElection
2019-10-18 00:28:09,876 [27e27663-33d5-44e8-9c0f-eb0e3c2aee11@group-08322AB1D71F-LeaderElection13] INFO  impl.RaftServerImpl (RaftServerImpl.java:setRole(184)) - 27e27663-33d5-44e8-9c0f-eb0e3c2aee11@group-08322AB1D71F: changes role from CANDIDATE to LEADER at term 2 for changeToLeader
2019-10-18 00:28:09,876 [27e27663-33d5-44e8-9c0f-eb0e3c2aee11@group-08322AB1D71F-LeaderElection13] INFO  impl.RaftServerImpl (ServerState.java:setLeader(256)) - 27e27663-33d5-44e8-9c0f-eb0e3c2aee11@group-08322AB1D71F: change Leader from null to 27e27663-33d5-44e8-9c0f-eb0e3c2aee11 at term 2 for becomeLeader, leader elected after 2185ms
2019-10-18 00:28:09,878 [27e27663-33d5-44e8-9c0f-eb0e3c2aee11@group-08322AB1D71F-LeaderElection13] INFO  server.RaftServerConfigKeys (ConfUtils.java:logGet(43)) - raft.server.staging.catchup.gap = 1000 (default)
2019-10-18 00:28:09,878 [27e27663-33d5-44e8-9c0f-eb0e3c2aee11@group-08322AB1D71F-LeaderElection13] INFO  server.RaftServerConfigKeys (ConfUtils.java:logGet(43)) - raft.server.rpc.sleep.time = 25ms (default)
2019-10-18 00:28:09,878 [27e27663-33d5-44e8-9c0f-eb0e3c2aee11@group-08322AB1D71F-LeaderElection13] INFO  server.RaftServerConfigKeys (ConfUtils.java:logGet(43)) - raft.server.write.element-limit = 4096 (default)
2019-10-18 00:28:09,880 [27e27663-33d5-44e8-9c0f-eb0e3c2aee11@group-08322AB1D71F-LeaderElection13] INFO  server.RaftServerConfigKeys (ConfUtils.java:logGet(43)) - raft.server.watch.timeout = 10s (default)
2019-10-18 00:28:09,881 [27e27663-33d5-44e8-9c0f-eb0e3c2aee11@group-08322AB1D71F-LeaderElection13] INFO  server.RaftServerConfigKeys (ConfUtils.java:logGet(43)) - raft.server.watch.timeout.denomination = 1s (default)
2019-10-18 00:28:09,881 [27e27663-33d5-44e8-9c0f-eb0e3c2aee11@group-08322AB1D71F-LeaderElection13] INFO  server.RaftServerConfigKeys (ConfUtils.java:logGet(43)) - raft.server.watch.element-limit = 65536 (default)
2019-10-18 00:28:09,883 [27e27663-33d5-44e8-9c0f-eb0e3c2aee11@group-08322AB1D71F-LeaderElection13] INFO  impl.RoleInfo (RoleInfo.java:updateAndGet(143)) - 27e27663-33d5-44e8-9c0f-eb0e3c2aee11: start LeaderState
2019-10-18 00:28:09,887 [27e27663-33d5-44e8-9c0f-eb0e3c2aee11@group-0E05BCBC6A81-LeaderElection14] INFO  impl.LeaderElection (LeaderElection.java:logAndReturn(56)) - 27e27663-33d5-44e8-9c0f-eb0e3c2aee11@group-0E05BCBC6A81-LeaderElection14: Election TIMEOUT; received 0 response(s) [] and 0 exception(s); 27e27663-33d5-44e8-9c0f-eb0e3c2aee11@group-0E05BCBC6A81:t8, leader=null, voted=27e27663-33d5-44e8-9c0f-eb0e3c2aee11, raftlog=27e27663-33d5-44e8-9c0f-eb0e3c2aee11@group-0E05BCBC6A81-SegmentedRaftLog:OPENED:c3,f4,i4, conf=0: [efdea5f7-0978-4608-8df8-907f93177c26:192.168.164.253:40628, 27e27663-33d5-44e8-9c0f-eb0e3c2aee11:192.168.164.253:35650, 1c196293-af28-4849-9284-4cc1dd56b0a0:192.168.164.253:43223], old=null
2019-10-18 00:28:09,887 [27e27663-33d5-44e8-9c0f-eb0e3c2aee11@group-08322AB1D71F-LeaderElection13] INFO  segmented.SegmentedRaftLogWorker (SegmentedRaftLogWorker.java:rollLogSegment(390)) - 27e27663-33d5-44e8-9c0f-eb0e3c2aee11@group-08322AB1D71F-SegmentedRaftLogWorker: Rolling segment log-0_0 to index:0
2019-10-18 00:28:09,893 [27e27663-33d5-44e8-9c0f-eb0e3c2aee11@group-08322AB1D71F-LeaderElection13] INFO  impl.RaftServerImpl (ServerState.java:setRaftConf(357)) - 27e27663-33d5-44e8-9c0f-eb0e3c2aee11@group-08322AB1D71F: set configuration 1: [27e27663-33d5-44e8-9c0f-eb0e3c2aee11:192.168.164.253:35650], old=null at 1
2019-10-18 00:28:09,893 [grpc-default-executor-4] INFO  impl.RaftServerImpl (ServerState.java:setLeader(256)) - efdea5f7-0978-4608-8df8-907f93177c26@group-0E05BCBC6A81: change Leader from efdea5f7-0978-4608-8df8-907f93177c26 to null at term 8 for updateCurrentTerm
2019-10-18 00:28:09,893 [grpc-default-executor-1] INFO  impl.RaftServerImpl (ServerState.java:setLeader(256)) - 1c196293-af28-4849-9284-4cc1dd56b0a0@group-0E05BCBC6A81: change Leader from efdea5f7-0978-4608-8df8-907f93177c26 to null at term 8 for updateCurrentTerm
2019-10-18 00:28:09,894 [grpc-default-executor-4] INFO  impl.RaftServerImpl (RaftServerImpl.java:setRole(184)) - efdea5f7-0978-4608-8df8-907f93177c26@group-0E05BCBC6A81: changes role from    LEADER to FOLLOWER at term 8 for recognizeCandidate:27e27663-33d5-44e8-9c0f-eb0e3c2aee11
2019-10-18 00:28:09,895 [27e27663-33d5-44e8-9c0f-eb0e3c2aee11@group-08322AB1D71F-SegmentedRaftLogWorker] INFO  segmented.SegmentedRaftLogWorker (SegmentedRaftLogWorker.java:execute(533)) - 27e27663-33d5-44e8-9c0f-eb0e3c2aee11@group-08322AB1D71F-SegmentedRaftLogWorker: Rolled log segment from /workdir/hadoop-ozone/integration-test/target/test-dir/MiniOzoneClusterImpl-125cb84d-b14c-45f7-a2c3-14b819b44f73/datanode-2/data/ratis/38438ec1-2c71-4c13-a603-08322ab1d71f/current/log_inprogress_0 to /workdir/hadoop-ozone/integration-test/target/test-dir/MiniOzoneClusterImpl-125cb84d-b14c-45f7-a2c3-14b819b44f73/datanode-2/data/ratis/38438ec1-2c71-4c13-a603-08322ab1d71f/current/log_0-0
2019-10-18 00:28:09,895 [grpc-default-executor-1] INFO  impl.RaftServerImpl (RaftServerImpl.java:setRole(184)) - 1c196293-af28-4849-9284-4cc1dd56b0a0@group-0E05BCBC6A81: changes role from  FOLLOWER to FOLLOWER at term 8 for recognizeCandidate:27e27663-33d5-44e8-9c0f-eb0e3c2aee11
2019-10-18 00:28:09,895 [grpc-default-executor-4] INFO  impl.RoleInfo (RoleInfo.java:shutdownLeaderState(104)) - efdea5f7-0978-4608-8df8-907f93177c26: shutdown LeaderState
2019-10-18 00:28:09,895 [grpc-default-executor-1] INFO  impl.RoleInfo (RoleInfo.java:shutdownFollowerState(121)) - 1c196293-af28-4849-9284-4cc1dd56b0a0: shutdown FollowerState
2019-10-18 00:28:09,898 [grpc-default-executor-4] INFO  impl.PendingRequests (PendingRequests.java:sendNotLeaderResponses(202)) - efdea5f7-0978-4608-8df8-907f93177c26@group-0E05BCBC6A81-PendingRequests: sendNotLeaderResponses
2019-10-18 00:28:09,898 [org.apache.ratis.server.impl.LogAppender$AppenderDaemon$$Lambda$415/1681212609@2600cbd1] WARN  server.GrpcLogAppender (GrpcLogAppender.java:mayWait(149)) - efdea5f7-0978-4608-8df8-907f93177c26@group-0E05BCBC6A81->1c196293-af28-4849-9284-4cc1dd56b0a0-GrpcLogAppender: Wait interrupted by java.lang.InterruptedException
2019-10-18 00:28:09,932 [org.apache.ratis.server.impl.LogAppender$AppenderDaemon$$Lambda$415/1681212609@175dfe69] WARN  server.GrpcLogAppender (GrpcLogAppender.java:mayWait(149)) - efdea5f7-0978-4608-8df8-907f93177c26@group-0E05BCBC6A81->27e27663-33d5-44e8-9c0f-eb0e3c2aee11-GrpcLogAppender: Wait interrupted by java.lang.InterruptedException
2019-10-18 00:28:09,932 [grpc-default-executor-1] INFO  impl.RoleInfo (RoleInfo.java:updateAndGet(143)) - 1c196293-af28-4849-9284-4cc1dd56b0a0: start FollowerState
2019-10-18 00:28:09,932 [Thread-270] INFO  impl.FollowerState (FollowerState.java:run(117)) - 1c196293-af28-4849-9284-4cc1dd56b0a0@group-0E05BCBC6A81-FollowerState was interrupted: java.lang.InterruptedException: sleep interrupted
2019-10-18 00:28:09,932 [27e27663-33d5-44e8-9c0f-eb0e3c2aee11@group-0E05BCBC6A81-LeaderElection14] INFO  impl.LeaderElection (LeaderElection.java:askForVotes(178)) - 27e27663-33d5-44e8-9c0f-eb0e3c2aee11@group-0E05BCBC6A81-LeaderElection14: begin an election at term 9 for 0: [efdea5f7-0978-4608-8df8-907f93177c26:192.168.164.253:40628, 27e27663-33d5-44e8-9c0f-eb0e3c2aee11:192.168.164.253:35650, 1c196293-af28-4849-9284-4cc1dd56b0a0:192.168.164.253:43223], old=null
2019-10-18 00:28:09,937 [Thread-611] INFO  client.GrpcClientProtocolService (GrpcClientProtocolService.java:lambda$processClientRequest$0(278)) - Failed RaftClientRequest:client-4C7A307276C4->efdea5f7-0978-4608-8df8-907f93177c26@group-0E05BCBC6A81, cid=10, seq=0, Watch-ALL_COMMITTED(6), Message:<EMPTY>, reply=RaftClientReply:client-4C7A307276C4->efdea5f7-0978-4608-8df8-907f93177c26@group-0E05BCBC6A81, cid=10, FAILED org.apache.ratis.protocol.NotLeaderException: Server efdea5f7-0978-4608-8df8-907f93177c26@group-0E05BCBC6A81 is not the leader, logIndex=0, commits[efdea5f7-0978-4608-8df8-907f93177c26:c10, 27e27663-33d5-44e8-9c0f-eb0e3c2aee11:c4, 1c196293-af28-4849-9284-4cc1dd56b0a0:c10]
2019-10-18 00:28:09,938 [grpc-default-executor-4] INFO  impl.RoleInfo (RoleInfo.java:updateAndGet(143)) - efdea5f7-0978-4608-8df8-907f93177c26: start FollowerState
2019-10-18 00:28:09,938 [grpc-default-executor-0] INFO  server.GrpcServerProtocolService (GrpcServerProtocolService.java:onCompleted(113)) - 1c196293-af28-4849-9284-4cc1dd56b0a0: Completed APPEND_ENTRIES, lastRequest: efdea5f7-0978-4608-8df8-907f93177c26->1c196293-af28-4849-9284-4cc1dd56b0a0#52-t7, previous=(t:7, i:10), leaderCommit=10, initializing? false, entries: <empty>
2019-10-18 00:28:09,938 [Thread-612] INFO  client.GrpcClientProtocolService (GrpcClientProtocolService.java:lambda$processClientRequest$0(278)) - Failed RaftClientRequest:client-4C7A307276C4->efdea5f7-0978-4608-8df8-907f93177c26@group-0E05BCBC6A81, cid=10, seq=0, Watch-ALL_COMMITTED(6), Message:<EMPTY>, reply=RaftClientReply:client-4C7A307276C4->efdea5f7-0978-4608-8df8-907f93177c26@group-0E05BCBC6A81, cid=10, FAILED org.apache.ratis.protocol.NotLeaderException: Server efdea5f7-0978-4608-8df8-907f93177c26@group-0E05BCBC6A81 is not the leader, logIndex=0, commits[efdea5f7-0978-4608-8df8-907f93177c26:c10, 27e27663-33d5-44e8-9c0f-eb0e3c2aee11:c4, 1c196293-af28-4849-9284-4cc1dd56b0a0:c10]
2019-10-18 00:28:09,946 [grpc-default-executor-5] INFO  server.GrpcLogAppender (GrpcLogAppender.java:onCompleted(308)) - efdea5f7-0978-4608-8df8-907f93177c26@group-0E05BCBC6A81->1c196293-af28-4849-9284-4cc1dd56b0a0-AppendLogResponseHandler: follower responses appendEntries COMPLETED
2019-10-18 00:28:09,950 [grpc-default-executor-5] INFO  impl.FollowerInfo (FollowerInfo.java:lambda$new$0(51)) - efdea5f7-0978-4608-8df8-907f93177c26@group-0E05BCBC6A81->1c196293-af28-4849-9284-4cc1dd56b0a0: nextIndex: updateUnconditionally 11 -> 10
2019-10-18 00:28:09,955 [27e27663-33d5-44e8-9c0f-eb0e3c2aee11@group-08322AB1D71F-SegmentedRaftLogWorker] INFO  segmented.SegmentedRaftLogWorker (SegmentedRaftLogWorker.java:execute(576)) - 27e27663-33d5-44e8-9c0f-eb0e3c2aee11@group-08322AB1D71F-SegmentedRaftLogWorker: created new log segment /workdir/hadoop-ozone/integration-test/target/test-dir/MiniOzoneClusterImpl-125cb84d-b14c-45f7-a2c3-14b819b44f73/datanode-2/data/ratis/38438ec1-2c71-4c13-a603-08322ab1d71f/current/log_inprogress_1
2019-10-18 00:28:09,959 [grpc-default-executor-6] INFO  impl.RaftServerImpl (RaftServerImpl.java:setRole(184)) - efdea5f7-0978-4608-8df8-907f93177c26@group-0E05BCBC6A81: changes role from  FOLLOWER to FOLLOWER at term 9 for recognizeCandidate:27e27663-33d5-44e8-9c0f-eb0e3c2aee11
2019-10-18 00:28:09,959 [grpc-default-executor-7] INFO  impl.RaftServerImpl (RaftServerImpl.java:setRole(184)) - 1c196293-af28-4849-9284-4cc1dd56b0a0@group-0E05BCBC6A81: changes role from  FOLLOWER to FOLLOWER at term 9 for recognizeCandidate:27e27663-33d5-44e8-9c0f-eb0e3c2aee11
2019-10-18 00:28:09,960 [grpc-default-executor-6] INFO  impl.RoleInfo (RoleInfo.java:shutdownFollowerState(121)) - efdea5f7-0978-4608-8df8-907f93177c26: shutdown FollowerState
2019-10-18 00:28:09,960 [grpc-default-executor-7] INFO  impl.RoleInfo (RoleInfo.java:shutdownFollowerState(121)) - 1c196293-af28-4849-9284-4cc1dd56b0a0: shutdown FollowerState
2019-10-18 00:28:09,960 [Thread-615] INFO  impl.FollowerState (FollowerState.java:run(117)) - efdea5f7-0978-4608-8df8-907f93177c26@group-0E05BCBC6A81-FollowerState was interrupted: java.lang.InterruptedException: sleep interrupted
2019-10-18 00:28:09,960 [grpc-default-executor-6] INFO  impl.RoleInfo (RoleInfo.java:updateAndGet(143)) - efdea5f7-0978-4608-8df8-907f93177c26: start FollowerState
2019-10-18 00:28:09,964 [grpc-default-executor-7] INFO  impl.RoleInfo (RoleInfo.java:updateAndGet(143)) - 1c196293-af28-4849-9284-4cc1dd56b0a0: start FollowerState
2019-10-18 00:28:09,964 [Thread-610] INFO  impl.FollowerState (FollowerState.java:run(117)) - 1c196293-af28-4849-9284-4cc1dd56b0a0@group-0E05BCBC6A81-FollowerState was interrupted: java.lang.InterruptedException: sleep interrupted
2019-10-18 00:28:09,977 [java.util.concurrent.ThreadPoolExecutor$Worker@18e403b4[State = -1, empty queue]] WARN  server.GrpcLogAppender (GrpcLogAppender.java:timeoutAppendRequest(209)) - efdea5f7-0978-4608-8df8-907f93177c26@group-0E05BCBC6A81->27e27663-33d5-44e8-9c0f-eb0e3c2aee11-GrpcLogAppender: appendEntries Timeout, request=efdea5f7-0978-4608-8df8-907f93177c26->27e27663-33d5-44e8-9c0f-eb0e3c2aee11#51-t7, previous=(t:7, i:10), leaderCommit=10, initializing? false, entries: <empty>
2019-10-18 00:28:09,982 [27e27663-33d5-44e8-9c0f-eb0e3c2aee11@group-0E05BCBC6A81-LeaderElection14] INFO  impl.LeaderElection (LeaderElection.java:logAndReturn(56)) - 27e27663-33d5-44e8-9c0f-eb0e3c2aee11@group-0E05BCBC6A81-LeaderElection14: Election REJECTED; received 2 response(s) [27e27663-33d5-44e8-9c0f-eb0e3c2aee11<-efdea5f7-0978-4608-8df8-907f93177c26#0:FAIL-t9, 27e27663-33d5-44e8-9c0f-eb0e3c2aee11<-1c196293-af28-4849-9284-4cc1dd56b0a0#0:FAIL-t9] and 0 exception(s); 27e27663-33d5-44e8-9c0f-eb0e3c2aee11@group-0E05BCBC6A81:t9, leader=null, voted=27e27663-33d5-44e8-9c0f-eb0e3c2aee11, raftlog=27e27663-33d5-44e8-9c0f-eb0e3c2aee11@group-0E05BCBC6A81-SegmentedRaftLog:OPENED:c3,f4,i4, conf=0: [efdea5f7-0978-4608-8df8-907f93177c26:192.168.164.253:40628, 27e27663-33d5-44e8-9c0f-eb0e3c2aee11:192.168.164.253:35650, 1c196293-af28-4849-9284-4cc1dd56b0a0:192.168.164.253:43223], old=null
2019-10-18 00:28:09,982 [27e27663-33d5-44e8-9c0f-eb0e3c2aee11@group-0E05BCBC6A81-LeaderElection14] INFO  impl.RaftServerImpl (RaftServerImpl.java:setRole(184)) - 27e27663-33d5-44e8-9c0f-eb0e3c2aee11@group-0E05BCBC6A81: changes role from CANDIDATE to FOLLOWER at term 9 for DISCOVERED_A_NEW_TERM
2019-10-18 00:28:09,982 [27e27663-33d5-44e8-9c0f-eb0e3c2aee11@group-0E05BCBC6A81-LeaderElection14] INFO  impl.RoleInfo (RoleInfo.java:shutdownLeaderElection(134)) - 27e27663-33d5-44e8-9c0f-eb0e3c2aee11: shutdown LeaderElection
2019-10-18 00:28:09,982 [27e27663-33d5-44e8-9c0f-eb0e3c2aee11@group-0E05BCBC6A81-LeaderElection14] INFO  impl.RoleInfo (RoleInfo.java:updateAndGet(143)) - 27e27663-33d5-44e8-9c0f-eb0e3c2aee11: start FollowerState
2019-10-18 00:28:10,097 [Thread-619] INFO  impl.FollowerState (FollowerState.java:run(108)) - 27e27663-33d5-44e8-9c0f-eb0e3c2aee11@group-0E05BCBC6A81-FollowerState: change to CANDIDATE, lastRpcTime:114ms, electionTimeout:114ms
2019-10-18 00:28:10,099 [Thread-619] INFO  impl.RoleInfo (RoleInfo.java:shutdownFollowerState(121)) - 27e27663-33d5-44e8-9c0f-eb0e3c2aee11: shutdown FollowerState
2019-10-18 00:28:10,099 [Thread-619] INFO  impl.RaftServerImpl (RaftServerImpl.java:setRole(184)) - 27e27663-33d5-44e8-9c0f-eb0e3c2aee11@group-0E05BCBC6A81: changes role from  FOLLOWER to CANDIDATE at term 9 for changeToCandidate
2019-10-18 00:28:10,099 [Thread-619] INFO  impl.RoleInfo (RoleInfo.java:updateAndGet(143)) - 27e27663-33d5-44e8-9c0f-eb0e3c2aee11: start LeaderElection
2019-10-18 00:28:10,136 [27e27663-33d5-44e8-9c0f-eb0e3c2aee11@group-0E05BCBC6A81-LeaderElection15] INFO  impl.LeaderElection (LeaderElection.java:askForVotes(178)) - 27e27663-33d5-44e8-9c0f-eb0e3c2aee11@group-0E05BCBC6A81-LeaderElection15: begin an election at term 10 for 0: [efdea5f7-0978-4608-8df8-907f93177c26:192.168.164.253:40628, 27e27663-33d5-44e8-9c0f-eb0e3c2aee11:192.168.164.253:35650, 1c196293-af28-4849-9284-4cc1dd56b0a0:192.168.164.253:43223], old=null
2019-10-18 00:28:10,137 [BlockDeletingService#2] WARN  background.BlockDeletingService (BlockDeletingService.java:isDeletionAllowed(187)) - Close Container log Index 6 is not replicated across allthe servers in the pipeline 75404b60-6d3b-4b77-b495-0e05bcbc6a81 as the min replicated index is 4. Deletion is not allowed in this container yet.
2019-10-18 00:28:10,137 [BlockDeletingService#2] WARN  background.BlockDeletingService (BlockDeletingService.java:isDeletionAllowed(187)) - Close Container log Index 6 is not replicated across allthe servers in the pipeline 75404b60-6d3b-4b77-b495-0e05bcbc6a81 as the min replicated index is 4. Deletion is not allowed in this container yet.
2019-10-18 00:28:10,141 [grpc-default-executor-7] INFO  impl.RaftServerImpl (RaftServerImpl.java:setRole(184)) - efdea5f7-0978-4608-8df8-907f93177c26@group-0E05BCBC6A81: changes role from  FOLLOWER to FOLLOWER at term 10 for recognizeCandidate:27e27663-33d5-44e8-9c0f-eb0e3c2aee11
2019-10-18 00:28:10,141 [grpc-default-executor-6] INFO  impl.RaftServerImpl (RaftServerImpl.java:setRole(184)) - 1c196293-af28-4849-9284-4cc1dd56b0a0@group-0E05BCBC6A81: changes role from  FOLLOWER to FOLLOWER at term 10 for recognizeCandidate:27e27663-33d5-44e8-9c0f-eb0e3c2aee11
2019-10-18 00:28:10,141 [grpc-default-executor-7] INFO  impl.RoleInfo (RoleInfo.java:shutdownFollowerState(121)) - efdea5f7-0978-4608-8df8-907f93177c26: shutdown FollowerState
2019-10-18 00:28:10,142 [grpc-default-executor-6] INFO  impl.RoleInfo (RoleInfo.java:shutdownFollowerState(121)) - 1c196293-af28-4849-9284-4cc1dd56b0a0: shutdown FollowerState
2019-10-18 00:28:10,142 [Thread-617] INFO  impl.FollowerState (FollowerState.java:run(117)) - efdea5f7-0978-4608-8df8-907f93177c26@group-0E05BCBC6A81-FollowerState was interrupted: java.lang.InterruptedException: sleep interrupted
2019-10-18 00:28:10,142 [Thread-618] INFO  impl.FollowerState (FollowerState.java:run(117)) - 1c196293-af28-4849-9284-4cc1dd56b0a0@group-0E05BCBC6A81-FollowerState was interrupted: java.lang.InterruptedException: sleep interrupted
2019-10-18 00:28:10,142 [grpc-default-executor-7] INFO  impl.RoleInfo (RoleInfo.java:updateAndGet(143)) - efdea5f7-0978-4608-8df8-907f93177c26: start FollowerState
2019-10-18 00:28:10,142 [grpc-default-executor-6] INFO  impl.RoleInfo (RoleInfo.java:updateAndGet(143)) - 1c196293-af28-4849-9284-4cc1dd56b0a0: start FollowerState
2019-10-18 00:28:10,188 [27e27663-33d5-44e8-9c0f-eb0e3c2aee11@group-0E05BCBC6A81-LeaderElection15] INFO  impl.LeaderElection (LeaderElection.java:logAndReturn(56)) - 27e27663-33d5-44e8-9c0f-eb0e3c2aee11@group-0E05BCBC6A81-LeaderElection15: Election REJECTED; received 2 response(s) [27e27663-33d5-44e8-9c0f-eb0e3c2aee11<-efdea5f7-0978-4608-8df8-907f93177c26#0:FAIL-t10, 27e27663-33d5-44e8-9c0f-eb0e3c2aee11<-1c196293-af28-4849-9284-4cc1dd56b0a0#0:FAIL-t10] and 0 exception(s); 27e27663-33d5-44e8-9c0f-eb0e3c2aee11@group-0E05BCBC6A81:t10, leader=null, voted=27e27663-33d5-44e8-9c0f-eb0e3c2aee11, raftlog=27e27663-33d5-44e8-9c0f-eb0e3c2aee11@group-0E05BCBC6A81-SegmentedRaftLog:OPENED:c3,f4,i4, conf=0: [efdea5f7-0978-4608-8df8-907f93177c26:192.168.164.253:40628, 27e27663-33d5-44e8-9c0f-eb0e3c2aee11:192.168.164.253:35650, 1c196293-af28-4849-9284-4cc1dd56b0a0:192.168.164.253:43223], old=null
2019-10-18 00:28:10,188 [27e27663-33d5-44e8-9c0f-eb0e3c2aee11@group-0E05BCBC6A81-LeaderElection15] INFO  impl.RaftServerImpl (RaftServerImpl.java:setRole(184)) - 27e27663-33d5-44e8-9c0f-eb0e3c2aee11@group-0E05BCBC6A81: changes role from CANDIDATE to FOLLOWER at term 10 for DISCOVERED_A_NEW_TERM
2019-10-18 00:28:10,188 [27e27663-33d5-44e8-9c0f-eb0e3c2aee11@group-0E05BCBC6A81-LeaderElection15] INFO  impl.RoleInfo (RoleInfo.java:shutdownLeaderElection(134)) - 27e27663-33d5-44e8-9c0f-eb0e3c2aee11: shutdown LeaderElection
2019-10-18 00:28:10,188 [27e27663-33d5-44e8-9c0f-eb0e3c2aee11@group-0E05BCBC6A81-LeaderElection15] INFO  impl.RoleInfo (RoleInfo.java:updateAndGet(143)) - 27e27663-33d5-44e8-9c0f-eb0e3c2aee11: start FollowerState
2019-10-18 00:28:10,254 [pool-7-thread-3] INFO  commands.RetriableDatanodeEventWatcher (RetriableDatanodeEventWatcher.java:onTimeout(47)) - RetriableDatanodeCommand type=deleteBlocksCommand with id=1571358486253 timed out. Retrying.
2019-10-18 00:28:10,256 [pool-7-thread-4] INFO  commands.RetriableDatanodeEventWatcher (RetriableDatanodeEventWatcher.java:onTimeout(47)) - RetriableDatanodeCommand type=deleteBlocksCommand with id=1571358486257 timed out. Retrying.
2019-10-18 00:28:10,256 [pool-7-thread-1] INFO  commands.RetriableDatanodeEventWatcher (RetriableDatanodeEventWatcher.java:onTimeout(47)) - RetriableDatanodeCommand type=deleteBlocksCommand with id=1571358486256 timed out. Retrying.
2019-10-18 00:28:10,256 [SCMBlockDeletingService#1] INFO  block.SCMBlockDeletingService (SCMBlockDeletingService.java:call(184)) - Totally added 1 delete blocks command for 1 datanodes, task elapsed time: 0ms
2019-10-18 00:28:10,256 [pool-7-thread-2] INFO  commands.RetriableDatanodeEventWatcher (RetriableDatanodeEventWatcher.java:onTimeout(47)) - RetriableDatanodeCommand type=deleteBlocksCommand with id=1571358486250 timed out. Retrying.
2019-10-18 00:28:10,274 [Thread-627] INFO  impl.FollowerState (FollowerState.java:run(108)) - 27e27663-33d5-44e8-9c0f-eb0e3c2aee11@group-0E05BCBC6A81-FollowerState: change to CANDIDATE, lastRpcTime:85ms, electionTimeout:85ms
2019-10-18 00:28:10,274 [Thread-627] INFO  impl.RoleInfo (RoleInfo.java:shutdownFollowerState(121)) - 27e27663-33d5-44e8-9c0f-eb0e3c2aee11: shutdown FollowerState
2019-10-18 00:28:10,274 [Thread-627] INFO  impl.RaftServerImpl (RaftServerImpl.java:setRole(184)) - 27e27663-33d5-44e8-9c0f-eb0e3c2aee11@group-0E05BCBC6A81: changes role from  FOLLOWER to CANDIDATE at term 10 for changeToCandidate
2019-10-18 00:28:10,274 [Thread-627] INFO  impl.RoleInfo (RoleInfo.java:updateAndGet(143)) - 27e27663-33d5-44e8-9c0f-eb0e3c2aee11: start LeaderElection
2019-10-18 00:28:10,303 [27e27663-33d5-44e8-9c0f-eb0e3c2aee11@group-0E05BCBC6A81-LeaderElection16] INFO  impl.LeaderElection (LeaderElection.java:askForVotes(178)) - 27e27663-33d5-44e8-9c0f-eb0e3c2aee11@group-0E05BCBC6A81-LeaderElection16: begin an election at term 11 for 0: [efdea5f7-0978-4608-8df8-907f93177c26:192.168.164.253:40628, 27e27663-33d5-44e8-9c0f-eb0e3c2aee11:192.168.164.253:35650, 1c196293-af28-4849-9284-4cc1dd56b0a0:192.168.164.253:43223], old=null
2019-10-18 00:28:10,308 [grpc-default-executor-6] INFO  impl.RaftServerImpl (RaftServerImpl.java:setRole(184)) - efdea5f7-0978-4608-8df8-907f93177c26@group-0E05BCBC6A81: changes role from  FOLLOWER to FOLLOWER at term 11 for recognizeCandidate:27e27663-33d5-44e8-9c0f-eb0e3c2aee11
2019-10-18 00:28:10,308 [grpc-default-executor-1] INFO  impl.RaftServerImpl (RaftServerImpl.java:setRole(184)) - 1c196293-af28-4849-9284-4cc1dd56b0a0@group-0E05BCBC6A81: changes role from  FOLLOWER to FOLLOWER at term 11 for recognizeCandidate:27e27663-33d5-44e8-9c0f-eb0e3c2aee11
2019-10-18 00:28:10,308 [grpc-default-executor-6] INFO  impl.RoleInfo (RoleInfo.java:shutdownFollowerState(121)) - efdea5f7-0978-4608-8df8-907f93177c26: shutdown FollowerState
2019-10-18 00:28:10,308 [grpc-default-executor-1] INFO  impl.RoleInfo (RoleInfo.java:shutdownFollowerState(121)) - 1c196293-af28-4849-9284-4cc1dd56b0a0: shutdown FollowerState
2019-10-18 00:28:10,309 [Thread-625] INFO  impl.FollowerState (FollowerState.java:run(117)) - efdea5f7-0978-4608-8df8-907f93177c26@group-0E05BCBC6A81-FollowerState was interrupted: java.lang.InterruptedException: sleep interrupted
2019-10-18 00:28:10,309 [grpc-default-executor-1] INFO  impl.RoleInfo (RoleInfo.java:updateAndGet(143)) - 1c196293-af28-4849-9284-4cc1dd56b0a0: start FollowerState
2019-10-18 00:28:10,308 [grpc-default-executor-6] INFO  impl.RoleInfo (RoleInfo.java:updateAndGet(143)) - efdea5f7-0978-4608-8df8-907f93177c26: start FollowerState
2019-10-18 00:28:10,309 [Thread-626] INFO  impl.FollowerState (FollowerState.java:run(117)) - 1c196293-af28-4849-9284-4cc1dd56b0a0@group-0E05BCBC6A81-FollowerState was interrupted: java.lang.InterruptedException: sleep interrupted
2019-10-18 00:28:10,338 [27e27663-33d5-44e8-9c0f-eb0e3c2aee11@group-0E05BCBC6A81-LeaderElection16] INFO  impl.LeaderElection (LeaderElection.java:logAndReturn(56)) - 27e27663-33d5-44e8-9c0f-eb0e3c2aee11@group-0E05BCBC6A81-LeaderElection16: Election REJECTED; received 2 response(s) [27e27663-33d5-44e8-9c0f-eb0e3c2aee11<-efdea5f7-0978-4608-8df8-907f93177c26#0:FAIL-t11, 27e27663-33d5-44e8-9c0f-eb0e3c2aee11<-1c196293-af28-4849-9284-4cc1dd56b0a0#0:FAIL-t11] and 0 exception(s); 27e27663-33d5-44e8-9c0f-eb0e3c2aee11@group-0E05BCBC6A81:t11, leader=null, voted=27e27663-33d5-44e8-9c0f-eb0e3c2aee11, raftlog=27e27663-33d5-44e8-9c0f-eb0e3c2aee11@group-0E05BCBC6A81-SegmentedRaftLog:OPENED:c3,f4,i4, conf=0: [efdea5f7-0978-4608-8df8-907f93177c26:192.168.164.253:40628, 27e27663-33d5-44e8-9c0f-eb0e3c2aee11:192.168.164.253:35650, 1c196293-af28-4849-9284-4cc1dd56b0a0:192.168.164.253:43223], old=null
2019-10-18 00:28:10,339 [27e27663-33d5-44e8-9c0f-eb0e3c2aee11@group-0E05BCBC6A81-LeaderElection16] INFO  impl.RaftServerImpl (RaftServerImpl.java:setRole(184)) - 27e27663-33d5-44e8-9c0f-eb0e3c2aee11@group-0E05BCBC6A81: changes role from CANDIDATE to FOLLOWER at term 11 for DISCOVERED_A_NEW_TERM
2019-10-18 00:28:10,339 [27e27663-33d5-44e8-9c0f-eb0e3c2aee11@group-0E05BCBC6A81-LeaderElection16] INFO  impl.RoleInfo (RoleInfo.java:shutdownLeaderElection(134)) - 27e27663-33d5-44e8-9c0f-eb0e3c2aee11: shutdown LeaderElection
2019-10-18 00:28:10,339 [27e27663-33d5-44e8-9c0f-eb0e3c2aee11@group-0E05BCBC6A81-LeaderElection16] INFO  impl.RoleInfo (RoleInfo.java:updateAndGet(143)) - 27e27663-33d5-44e8-9c0f-eb0e3c2aee11: start FollowerState
2019-10-18 00:28:10,346 [Thread-633] INFO  impl.FollowerState (FollowerState.java:run(108)) - 27e27663-33d5-44e8-9c0f-eb0e3c2aee11@group-0E05BCBC6A81-FollowerState: change to CANDIDATE, lastRpcTime:7ms, electionTimeout:7ms
2019-10-18 00:28:10,347 [Thread-633] INFO  impl.RoleInfo (RoleInfo.java:shutdownFollowerState(121)) - 27e27663-33d5-44e8-9c0f-eb0e3c2aee11: shutdown FollowerState
2019-10-18 00:28:10,347 [Thread-633] INFO  impl.RaftServerImpl (RaftServerImpl.java:setRole(184)) - 27e27663-33d5-44e8-9c0f-eb0e3c2aee11@group-0E05BCBC6A81: changes role from  FOLLOWER to CANDIDATE at term 11 for changeToCandidate
2019-10-18 00:28:10,347 [Thread-633] INFO  impl.RoleInfo (RoleInfo.java:updateAndGet(143)) - 27e27663-33d5-44e8-9c0f-eb0e3c2aee11: start LeaderElection
2019-10-18 00:28:10,371 [27e27663-33d5-44e8-9c0f-eb0e3c2aee11@group-0E05BCBC6A81-LeaderElection17] INFO  impl.LeaderElection (LeaderElection.java:askForVotes(178)) - 27e27663-33d5-44e8-9c0f-eb0e3c2aee11@group-0E05BCBC6A81-LeaderElection17: begin an election at term 12 for 0: [efdea5f7-0978-4608-8df8-907f93177c26:192.168.164.253:40628, 27e27663-33d5-44e8-9c0f-eb0e3c2aee11:192.168.164.253:35650, 1c196293-af28-4849-9284-4cc1dd56b0a0:192.168.164.253:43223], old=null
2019-10-18 00:28:10,374 [grpc-default-executor-1] INFO  impl.RaftServerImpl (RaftServerImpl.java:setRole(184)) - efdea5f7-0978-4608-8df8-907f93177c26@group-0E05BCBC6A81: changes role from  FOLLOWER to FOLLOWER at term 12 for recognizeCandidate:27e27663-33d5-44e8-9c0f-eb0e3c2aee11
2019-10-18 00:28:10,375 [grpc-default-executor-1] INFO  impl.RoleInfo (RoleInfo.java:shutdownFollowerState(121)) - efdea5f7-0978-4608-8df8-907f93177c26: shutdown FollowerState
2019-10-18 00:28:10,375 [grpc-default-executor-1] INFO  impl.RoleInfo (RoleInfo.java:updateAndGet(143)) - efdea5f7-0978-4608-8df8-907f93177c26: start FollowerState
2019-10-18 00:28:10,375 [Thread-631] INFO  impl.FollowerState (FollowerState.java:run(117)) - efdea5f7-0978-4608-8df8-907f93177c26@group-0E05BCBC6A81-FollowerState was interrupted: java.lang.InterruptedException: sleep interrupted
2019-10-18 00:28:10,376 [grpc-default-executor-6] INFO  impl.RaftServerImpl (RaftServerImpl.java:setRole(184)) - 1c196293-af28-4849-9284-4cc1dd56b0a0@group-0E05BCBC6A81: changes role from  FOLLOWER to FOLLOWER at term 12 for recognizeCandidate:27e27663-33d5-44e8-9c0f-eb0e3c2aee11
2019-10-18 00:28:10,378 [grpc-default-executor-6] INFO  impl.RoleInfo (RoleInfo.java:shutdownFollowerState(121)) - 1c196293-af28-4849-9284-4cc1dd56b0a0: shutdown FollowerState
2019-10-18 00:28:10,378 [grpc-default-executor-6] INFO  impl.RoleInfo (RoleInfo.java:updateAndGet(143)) - 1c196293-af28-4849-9284-4cc1dd56b0a0: start FollowerState
2019-10-18 00:28:10,378 [Thread-632] INFO  impl.FollowerState (FollowerState.java:run(117)) - 1c196293-af28-4849-9284-4cc1dd56b0a0@group-0E05BCBC6A81-FollowerState was interrupted: java.lang.InterruptedException: sleep interrupted
2019-10-18 00:28:10,406 [27e27663-33d5-44e8-9c0f-eb0e3c2aee11@group-0E05BCBC6A81-LeaderElection17] INFO  impl.LeaderElection (LeaderElection.java:logAndReturn(56)) - 27e27663-33d5-44e8-9c0f-eb0e3c2aee11@group-0E05BCBC6A81-LeaderElection17: Election REJECTED; received 2 response(s) [27e27663-33d5-44e8-9c0f-eb0e3c2aee11<-efdea5f7-0978-4608-8df8-907f93177c26#0:FAIL-t12, 27e27663-33d5-44e8-9c0f-eb0e3c2aee11<-1c196293-af28-4849-9284-4cc1dd56b0a0#0:FAIL-t12] and 0 exception(s); 27e27663-33d5-44e8-9c0f-eb0e3c2aee11@group-0E05BCBC6A81:t12, leader=null, voted=27e27663-33d5-44e8-9c0f-eb0e3c2aee11, raftlog=27e27663-33d5-44e8-9c0f-eb0e3c2aee11@group-0E05BCBC6A81-SegmentedRaftLog:OPENED:c3,f4,i4, conf=0: [efdea5f7-0978-4608-8df8-907f93177c26:192.168.164.253:40628, 27e27663-33d5-44e8-9c0f-eb0e3c2aee11:192.168.164.253:35650, 1c196293-af28-4849-9284-4cc1dd56b0a0:192.168.164.253:43223], old=null
2019-10-18 00:28:10,406 [27e27663-33d5-44e8-9c0f-eb0e3c2aee11@group-0E05BCBC6A81-LeaderElection17] INFO  impl.RaftServerImpl (RaftServerImpl.java:setRole(184)) - 27e27663-33d5-44e8-9c0f-eb0e3c2aee11@group-0E05BCBC6A81: changes role from CANDIDATE to FOLLOWER at term 12 for DISCOVERED_A_NEW_TERM
2019-10-18 00:28:10,406 [27e27663-33d5-44e8-9c0f-eb0e3c2aee11@group-0E05BCBC6A81-LeaderElection17] INFO  impl.RoleInfo (RoleInfo.java:shutdownLeaderElection(134)) - 27e27663-33d5-44e8-9c0f-eb0e3c2aee11: shutdown LeaderElection
2019-10-18 00:28:10,406 [27e27663-33d5-44e8-9c0f-eb0e3c2aee11@group-0E05BCBC6A81-LeaderElection17] INFO  impl.RoleInfo (RoleInfo.java:updateAndGet(143)) - 27e27663-33d5-44e8-9c0f-eb0e3c2aee11: start FollowerState
2019-10-18 00:28:10,588 [Thread-639] INFO  impl.FollowerState (FollowerState.java:run(108)) - 27e27663-33d5-44e8-9c0f-eb0e3c2aee11@group-0E05BCBC6A81-FollowerState: change to CANDIDATE, lastRpcTime:181ms, electionTimeout:181ms
2019-10-18 00:28:10,590 [Thread-639] INFO  impl.RoleInfo (RoleInfo.java:shutdownFollowerState(121)) - 27e27663-33d5-44e8-9c0f-eb0e3c2aee11: shutdown FollowerState
2019-10-18 00:28:10,590 [Thread-639] INFO  impl.RaftServerImpl (RaftServerImpl.java:setRole(184)) - 27e27663-33d5-44e8-9c0f-eb0e3c2aee11@group-0E05BCBC6A81: changes role from  FOLLOWER to CANDIDATE at term 12 for changeToCandidate
2019-10-18 00:28:10,590 [Thread-639] INFO  impl.RoleInfo (RoleInfo.java:updateAndGet(143)) - 27e27663-33d5-44e8-9c0f-eb0e3c2aee11: start LeaderElection
2019-10-18 00:28:10,622 [27e27663-33d5-44e8-9c0f-eb0e3c2aee11@group-0E05BCBC6A81-LeaderElection18] INFO  impl.LeaderElection (LeaderElection.java:askForVotes(178)) - 27e27663-33d5-44e8-9c0f-eb0e3c2aee11@group-0E05BCBC6A81-LeaderElection18: begin an election at term 13 for 0: [efdea5f7-0978-4608-8df8-907f93177c26:192.168.164.253:40628, 27e27663-33d5-44e8-9c0f-eb0e3c2aee11:192.168.164.253:35650, 1c196293-af28-4849-9284-4cc1dd56b0a0:192.168.164.253:43223], old=null
2019-10-18 00:28:10,627 [grpc-default-executor-1] INFO  impl.RaftServerImpl (RaftServerImpl.java:setRole(184)) - 1c196293-af28-4849-9284-4cc1dd56b0a0@group-0E05BCBC6A81: changes role from  FOLLOWER to FOLLOWER at term 13 for recognizeCandidate:27e27663-33d5-44e8-9c0f-eb0e3c2aee11
2019-10-18 00:28:10,627 [grpc-default-executor-1] INFO  impl.RoleInfo (RoleInfo.java:shutdownFollowerState(121)) - 1c196293-af28-4849-9284-4cc1dd56b0a0: shutdown FollowerState
2019-10-18 00:28:10,627 [grpc-default-executor-6] INFO  impl.RaftServerImpl (RaftServerImpl.java:setRole(184)) - efdea5f7-0978-4608-8df8-907f93177c26@group-0E05BCBC6A81: changes role from  FOLLOWER to FOLLOWER at term 13 for recognizeCandidate:27e27663-33d5-44e8-9c0f-eb0e3c2aee11
2019-10-18 00:28:10,627 [grpc-default-executor-1] INFO  impl.RoleInfo (RoleInfo.java:updateAndGet(143)) - 1c196293-af28-4849-9284-4cc1dd56b0a0: start FollowerState
2019-10-18 00:28:10,627 [Thread-638] INFO  impl.FollowerState (FollowerState.java:run(117)) - 1c196293-af28-4849-9284-4cc1dd56b0a0@group-0E05BCBC6A81-FollowerState was interrupted: java.lang.InterruptedException: sleep interrupted
2019-10-18 00:28:10,627 [grpc-default-executor-6] INFO  impl.RoleInfo (RoleInfo.java:shutdownFollowerState(121)) - efdea5f7-0978-4608-8df8-907f93177c26: shutdown FollowerState
2019-10-18 00:28:10,629 [grpc-default-executor-6] INFO  impl.RoleInfo (RoleInfo.java:updateAndGet(143)) - efdea5f7-0978-4608-8df8-907f93177c26: start FollowerState
2019-10-18 00:28:10,629 [Thread-637] INFO  impl.FollowerState (FollowerState.java:run(117)) - efdea5f7-0978-4608-8df8-907f93177c26@group-0E05BCBC6A81-FollowerState was interrupted: java.lang.InterruptedException: sleep interrupted
2019-10-18 00:28:10,657 [27e27663-33d5-44e8-9c0f-eb0e3c2aee11@group-0E05BCBC6A81-LeaderElection18] INFO  impl.LeaderElection (LeaderElection.java:logAndReturn(56)) - 27e27663-33d5-44e8-9c0f-eb0e3c2aee11@group-0E05BCBC6A81-LeaderElection18: Election REJECTED; received 2 response(s) [27e27663-33d5-44e8-9c0f-eb0e3c2aee11<-efdea5f7-0978-4608-8df8-907f93177c26#0:FAIL-t13, 27e27663-33d5-44e8-9c0f-eb0e3c2aee11<-1c196293-af28-4849-9284-4cc1dd56b0a0#0:FAIL-t13] and 0 exception(s); 27e27663-33d5-44e8-9c0f-eb0e3c2aee11@group-0E05BCBC6A81:t13, leader=null, voted=27e27663-33d5-44e8-9c0f-eb0e3c2aee11, raftlog=27e27663-33d5-44e8-9c0f-eb0e3c2aee11@group-0E05BCBC6A81-SegmentedRaftLog:OPENED:c3,f4,i4, conf=0: [efdea5f7-0978-4608-8df8-907f93177c26:192.168.164.253:40628, 27e27663-33d5-44e8-9c0f-eb0e3c2aee11:192.168.164.253:35650, 1c196293-af28-4849-9284-4cc1dd56b0a0:192.168.164.253:43223], old=null
2019-10-18 00:28:10,657 [27e27663-33d5-44e8-9c0f-eb0e3c2aee11@group-0E05BCBC6A81-LeaderElection18] INFO  impl.RaftServerImpl (RaftServerImpl.java:setRole(184)) - 27e27663-33d5-44e8-9c0f-eb0e3c2aee11@group-0E05BCBC6A81: changes role from CANDIDATE to FOLLOWER at term 13 for DISCOVERED_A_NEW_TERM
2019-10-18 00:28:10,657 [27e27663-33d5-44e8-9c0f-eb0e3c2aee11@group-0E05BCBC6A81-LeaderElection18] INFO  impl.RoleInfo (RoleInfo.java:shutdownLeaderElection(134)) - 27e27663-33d5-44e8-9c0f-eb0e3c2aee11: shutdown LeaderElection
2019-10-18 00:28:10,657 [27e27663-33d5-44e8-9c0f-eb0e3c2aee11@group-0E05BCBC6A81-LeaderElection18] INFO  impl.RoleInfo (RoleInfo.java:updateAndGet(143)) - 27e27663-33d5-44e8-9c0f-eb0e3c2aee11: start FollowerState
2019-10-18 00:28:10,658 [Thread-645] INFO  impl.FollowerState (FollowerState.java:run(108)) - 27e27663-33d5-44e8-9c0f-eb0e3c2aee11@group-0E05BCBC6A81-FollowerState: change to CANDIDATE, lastRpcTime:0ms, electionTimeout:0ms
2019-10-18 00:28:10,659 [Thread-645] INFO  impl.RoleInfo (RoleInfo.java:shutdownFollowerState(121)) - 27e27663-33d5-44e8-9c0f-eb0e3c2aee11: shutdown FollowerState
2019-10-18 00:28:10,659 [Thread-645] INFO  impl.RaftServerImpl (RaftServerImpl.java:setRole(184)) - 27e27663-33d5-44e8-9c0f-eb0e3c2aee11@group-0E05BCBC6A81: changes role from  FOLLOWER to CANDIDATE at term 13 for changeToCandidate
2019-10-18 00:28:10,659 [Thread-645] INFO  impl.RoleInfo (RoleInfo.java:updateAndGet(143)) - 27e27663-33d5-44e8-9c0f-eb0e3c2aee11: start LeaderElection
2019-10-18 00:28:10,689 [27e27663-33d5-44e8-9c0f-eb0e3c2aee11@group-0E05BCBC6A81-LeaderElection19] INFO  impl.LeaderElection (LeaderElection.java:askForVotes(178)) - 27e27663-33d5-44e8-9c0f-eb0e3c2aee11@group-0E05BCBC6A81-LeaderElection19: begin an election at term 14 for 0: [efdea5f7-0978-4608-8df8-907f93177c26:192.168.164.253:40628, 27e27663-33d5-44e8-9c0f-eb0e3c2aee11:192.168.164.253:35650, 1c196293-af28-4849-9284-4cc1dd56b0a0:192.168.164.253:43223], old=null
2019-10-18 00:28:10,696 [grpc-default-executor-1] INFO  impl.RaftServerImpl (RaftServerImpl.java:setRole(184)) - efdea5f7-0978-4608-8df8-907f93177c26@group-0E05BCBC6A81: changes role from  FOLLOWER to FOLLOWER at term 14 for recognizeCandidate:27e27663-33d5-44e8-9c0f-eb0e3c2aee11
2019-10-18 00:28:10,697 [grpc-default-executor-1] INFO  impl.RoleInfo (RoleInfo.java:shutdownFollowerState(121)) - efdea5f7-0978-4608-8df8-907f93177c26: shutdown FollowerState
2019-10-18 00:28:10,697 [grpc-default-executor-6] INFO  impl.RaftServerImpl (RaftServerImpl.java:setRole(184)) - 1c196293-af28-4849-9284-4cc1dd56b0a0@group-0E05BCBC6A81: changes role from  FOLLOWER to FOLLOWER at term 14 for recognizeCandidate:27e27663-33d5-44e8-9c0f-eb0e3c2aee11
2019-10-18 00:28:10,697 [Thread-644] INFO  impl.FollowerState (FollowerState.java:run(117)) - efdea5f7-0978-4608-8df8-907f93177c26@group-0E05BCBC6A81-FollowerState was interrupted: java.lang.InterruptedException: sleep interrupted
2019-10-18 00:28:10,698 [grpc-default-executor-6] INFO  impl.RoleInfo (RoleInfo.java:shutdownFollowerState(121)) - 1c196293-af28-4849-9284-4cc1dd56b0a0: shutdown FollowerState
2019-10-18 00:28:10,697 [grpc-default-executor-1] INFO  impl.RoleInfo (RoleInfo.java:updateAndGet(143)) - efdea5f7-0978-4608-8df8-907f93177c26: start FollowerState
2019-10-18 00:28:10,699 [Thread-643] INFO  impl.FollowerState (FollowerState.java:run(117)) - 1c196293-af28-4849-9284-4cc1dd56b0a0@group-0E05BCBC6A81-FollowerState was interrupted: java.lang.InterruptedException: sleep interrupted
2019-10-18 00:28:10,699 [grpc-default-executor-6] INFO  impl.RoleInfo (RoleInfo.java:updateAndGet(143)) - 1c196293-af28-4849-9284-4cc1dd56b0a0: start FollowerState
2019-10-18 00:28:10,719 [27e27663-33d5-44e8-9c0f-eb0e3c2aee11@group-0E05BCBC6A81-LeaderElection19] INFO  impl.LeaderElection (LeaderElection.java:logAndReturn(56)) - 27e27663-33d5-44e8-9c0f-eb0e3c2aee11@group-0E05BCBC6A81-LeaderElection19: Election TIMEOUT; received 0 response(s) [] and 0 exception(s); 27e27663-33d5-44e8-9c0f-eb0e3c2aee11@group-0E05BCBC6A81:t14, leader=null, voted=27e27663-33d5-44e8-9c0f-eb0e3c2aee11, raftlog=27e27663-33d5-44e8-9c0f-eb0e3c2aee11@group-0E05BCBC6A81-SegmentedRaftLog:OPENED:c3,f4,i4, conf=0: [efdea5f7-0978-4608-8df8-907f93177c26:192.168.164.253:40628, 27e27663-33d5-44e8-9c0f-eb0e3c2aee11:192.168.164.253:35650, 1c196293-af28-4849-9284-4cc1dd56b0a0:192.168.164.253:43223], old=null
2019-10-18 00:28:10,748 [27e27663-33d5-44e8-9c0f-eb0e3c2aee11@group-0E05BCBC6A81-LeaderElection19] INFO  impl.LeaderElection (LeaderElection.java:askForVotes(178)) - 27e27663-33d5-44e8-9c0f-eb0e3c2aee11@group-0E05BCBC6A81-LeaderElection19: begin an election at term 15 for 0: [efdea5f7-0978-4608-8df8-907f93177c26:192.168.164.253:40628, 27e27663-33d5-44e8-9c0f-eb0e3c2aee11:192.168.164.253:35650, 1c196293-af28-4849-9284-4cc1dd56b0a0:192.168.164.253:43223], old=null
2019-10-18 00:28:10,752 [grpc-default-executor-6] INFO  impl.RaftServerImpl (RaftServerImpl.java:setRole(184)) - efdea5f7-0978-4608-8df8-907f93177c26@group-0E05BCBC6A81: changes role from  FOLLOWER to FOLLOWER at term 15 for recognizeCandidate:27e27663-33d5-44e8-9c0f-eb0e3c2aee11
2019-10-18 00:28:10,756 [grpc-default-executor-1] INFO  impl.RaftServerImpl (RaftServerImpl.java:setRole(184)) - 1c196293-af28-4849-9284-4cc1dd56b0a0@group-0E05BCBC6A81: changes role from  FOLLOWER to FOLLOWER at term 15 for recognizeCandidate:27e27663-33d5-44e8-9c0f-eb0e3c2aee11
2019-10-18 00:28:10,757 [grpc-default-executor-1] INFO  impl.RoleInfo (RoleInfo.java:shutdownFollowerState(121)) - 1c196293-af28-4849-9284-4cc1dd56b0a0: shutdown FollowerState
2019-10-18 00:28:10,756 [grpc-default-executor-6] INFO  impl.RoleInfo (RoleInfo.java:shutdownFollowerState(121)) - efdea5f7-0978-4608-8df8-907f93177c26: shutdown FollowerState
2019-10-18 00:28:10,757 [Thread-650] INFO  impl.FollowerState (FollowerState.java:run(117)) - 1c196293-af28-4849-9284-4cc1dd56b0a0@group-0E05BCBC6A81-FollowerState was interrupted: java.lang.InterruptedException: sleep interrupted
2019-10-18 00:28:10,757 [grpc-default-executor-1] INFO  impl.RoleInfo (RoleInfo.java:updateAndGet(143)) - 1c196293-af28-4849-9284-4cc1dd56b0a0: start FollowerState
2019-10-18 00:28:10,757 [Thread-649] INFO  impl.FollowerState (FollowerState.java:run(117)) - efdea5f7-0978-4608-8df8-907f93177c26@group-0E05BCBC6A81-FollowerState was interrupted: java.lang.InterruptedException: sleep interrupted
2019-10-18 00:28:10,757 [grpc-default-executor-6] INFO  impl.RoleInfo (RoleInfo.java:updateAndGet(143)) - efdea5f7-0978-4608-8df8-907f93177c26: start FollowerState
2019-10-18 00:28:10,783 [27e27663-33d5-44e8-9c0f-eb0e3c2aee11@group-0E05BCBC6A81-LeaderElection19] INFO  impl.LeaderElection (LeaderElection.java:logAndReturn(56)) - 27e27663-33d5-44e8-9c0f-eb0e3c2aee11@group-0E05BCBC6A81-LeaderElection19: Election REJECTED; received 2 response(s) [27e27663-33d5-44e8-9c0f-eb0e3c2aee11<-efdea5f7-0978-4608-8df8-907f93177c26#0:FAIL-t15, 27e27663-33d5-44e8-9c0f-eb0e3c2aee11<-1c196293-af28-4849-9284-4cc1dd56b0a0#0:FAIL-t15] and 0 exception(s); 27e27663-33d5-44e8-9c0f-eb0e3c2aee11@group-0E05BCBC6A81:t15, leader=null, voted=27e27663-33d5-44e8-9c0f-eb0e3c2aee11, raftlog=27e27663-33d5-44e8-9c0f-eb0e3c2aee11@group-0E05BCBC6A81-SegmentedRaftLog:OPENED:c3,f4,i4, conf=0: [efdea5f7-0978-4608-8df8-907f93177c26:192.168.164.253:40628, 27e27663-33d5-44e8-9c0f-eb0e3c2aee11:192.168.164.253:35650, 1c196293-af28-4849-9284-4cc1dd56b0a0:192.168.164.253:43223], old=null
2019-10-18 00:28:10,783 [27e27663-33d5-44e8-9c0f-eb0e3c2aee11@group-0E05BCBC6A81-LeaderElection19] INFO  impl.RaftServerImpl (RaftServerImpl.java:setRole(184)) - 27e27663-33d5-44e8-9c0f-eb0e3c2aee11@group-0E05BCBC6A81: changes role from CANDIDATE to FOLLOWER at term 15 for DISCOVERED_A_NEW_TERM
2019-10-18 00:28:10,783 [27e27663-33d5-44e8-9c0f-eb0e3c2aee11@group-0E05BCBC6A81-LeaderElection19] INFO  impl.RoleInfo (RoleInfo.java:shutdownLeaderElection(134)) - 27e27663-33d5-44e8-9c0f-eb0e3c2aee11: shutdown LeaderElection
2019-10-18 00:28:10,784 [27e27663-33d5-44e8-9c0f-eb0e3c2aee11@group-0E05BCBC6A81-LeaderElection19] INFO  impl.RoleInfo (RoleInfo.java:updateAndGet(143)) - 27e27663-33d5-44e8-9c0f-eb0e3c2aee11: start FollowerState
2019-10-18 00:28:10,808 [Thread-655] INFO  impl.FollowerState (FollowerState.java:run(108)) - 27e27663-33d5-44e8-9c0f-eb0e3c2aee11@group-0E05BCBC6A81-FollowerState: change to CANDIDATE, lastRpcTime:24ms, electionTimeout:24ms
2019-10-18 00:28:10,809 [Thread-655] INFO  impl.RoleInfo (RoleInfo.java:shutdownFollowerState(121)) - 27e27663-33d5-44e8-9c0f-eb0e3c2aee11: shutdown FollowerState
2019-10-18 00:28:10,809 [Thread-655] INFO  impl.RaftServerImpl (RaftServerImpl.java:setRole(184)) - 27e27663-33d5-44e8-9c0f-eb0e3c2aee11@group-0E05BCBC6A81: changes role from  FOLLOWER to CANDIDATE at term 15 for changeToCandidate
2019-10-18 00:28:10,809 [Thread-655] INFO  impl.RoleInfo (RoleInfo.java:updateAndGet(143)) - 27e27663-33d5-44e8-9c0f-eb0e3c2aee11: start LeaderElection
2019-10-18 00:28:10,840 [27e27663-33d5-44e8-9c0f-eb0e3c2aee11@group-0E05BCBC6A81-LeaderElection20] INFO  impl.LeaderElection (LeaderElection.java:askForVotes(178)) - 27e27663-33d5-44e8-9c0f-eb0e3c2aee11@group-0E05BCBC6A81-LeaderElection20: begin an election at term 16 for 0: [efdea5f7-0978-4608-8df8-907f93177c26:192.168.164.253:40628, 27e27663-33d5-44e8-9c0f-eb0e3c2aee11:192.168.164.253:35650, 1c196293-af28-4849-9284-4cc1dd56b0a0:192.168.164.253:43223], old=null
2019-10-18 00:28:10,844 [grpc-default-executor-6] INFO  impl.RaftServerImpl (RaftServerImpl.java:setRole(184)) - efdea5f7-0978-4608-8df8-907f93177c26@group-0E05BCBC6A81: changes role from  FOLLOWER to FOLLOWER at term 16 for recognizeCandidate:27e27663-33d5-44e8-9c0f-eb0e3c2aee11
2019-10-18 00:28:10,846 [grpc-default-executor-6] INFO  impl.RoleInfo (RoleInfo.java:shutdownFollowerState(121)) - efdea5f7-0978-4608-8df8-907f93177c26: shutdown FollowerState
2019-10-18 00:28:10,846 [grpc-default-executor-1] INFO  impl.RaftServerImpl (RaftServerImpl.java:setRole(184)) - 1c196293-af28-4849-9284-4cc1dd56b0a0@group-0E05BCBC6A81: changes role from  FOLLOWER to FOLLOWER at term 16 for recognizeCandidate:27e27663-33d5-44e8-9c0f-eb0e3c2aee11
2019-10-18 00:28:10,846 [grpc-default-executor-6] INFO  impl.RoleInfo (RoleInfo.java:updateAndGet(143)) - efdea5f7-0978-4608-8df8-907f93177c26: start FollowerState
2019-10-18 00:28:10,846 [Thread-654] INFO  impl.FollowerState (FollowerState.java:run(117)) - efdea5f7-0978-4608-8df8-907f93177c26@group-0E05BCBC6A81-FollowerState was interrupted: java.lang.InterruptedException: sleep interrupted
2019-10-18 00:28:10,846 [grpc-default-executor-1] INFO  impl.RoleInfo (RoleInfo.java:shutdownFollowerState(121)) - 1c196293-af28-4849-9284-4cc1dd56b0a0: shutdown FollowerState
2019-10-18 00:28:10,848 [Thread-653] INFO  impl.FollowerState (FollowerState.java:run(117)) - 1c196293-af28-4849-9284-4cc1dd56b0a0@group-0E05BCBC6A81-FollowerState was interrupted: java.lang.InterruptedException: sleep interrupted
2019-10-18 00:28:10,848 [grpc-default-executor-1] INFO  impl.RoleInfo (RoleInfo.java:updateAndGet(143)) - 1c196293-af28-4849-9284-4cc1dd56b0a0: start FollowerState
2019-10-18 00:28:10,875 [27e27663-33d5-44e8-9c0f-eb0e3c2aee11@group-0E05BCBC6A81-LeaderElection20] INFO  impl.LeaderElection (LeaderElection.java:logAndReturn(56)) - 27e27663-33d5-44e8-9c0f-eb0e3c2aee11@group-0E05BCBC6A81-LeaderElection20: Election REJECTED; received 2 response(s) [27e27663-33d5-44e8-9c0f-eb0e3c2aee11<-efdea5f7-0978-4608-8df8-907f93177c26#0:FAIL-t16, 27e27663-33d5-44e8-9c0f-eb0e3c2aee11<-1c196293-af28-4849-9284-4cc1dd56b0a0#0:FAIL-t16] and 0 exception(s); 27e27663-33d5-44e8-9c0f-eb0e3c2aee11@group-0E05BCBC6A81:t16, leader=null, voted=27e27663-33d5-44e8-9c0f-eb0e3c2aee11, raftlog=27e27663-33d5-44e8-9c0f-eb0e3c2aee11@group-0E05BCBC6A81-SegmentedRaftLog:OPENED:c3,f4,i4, conf=0: [efdea5f7-0978-4608-8df8-907f93177c26:192.168.164.253:40628, 27e27663-33d5-44e8-9c0f-eb0e3c2aee11:192.168.164.253:35650, 1c196293-af28-4849-9284-4cc1dd56b0a0:192.168.164.253:43223], old=null
2019-10-18 00:28:10,876 [27e27663-33d5-44e8-9c0f-eb0e3c2aee11@group-0E05BCBC6A81-LeaderElection20] INFO  impl.RaftServerImpl (RaftServerImpl.java:setRole(184)) - 27e27663-33d5-44e8-9c0f-eb0e3c2aee11@group-0E05BCBC6A81: changes role from CANDIDATE to FOLLOWER at term 16 for DISCOVERED_A_NEW_TERM
2019-10-18 00:28:10,876 [27e27663-33d5-44e8-9c0f-eb0e3c2aee11@group-0E05BCBC6A81-LeaderElection20] INFO  impl.RoleInfo (RoleInfo.java:shutdownLeaderElection(134)) - 27e27663-33d5-44e8-9c0f-eb0e3c2aee11: shutdown LeaderElection
2019-10-18 00:28:10,876 [27e27663-33d5-44e8-9c0f-eb0e3c2aee11@group-0E05BCBC6A81-LeaderElection20] INFO  impl.RoleInfo (RoleInfo.java:updateAndGet(143)) - 27e27663-33d5-44e8-9c0f-eb0e3c2aee11: start FollowerState
2019-10-18 00:28:10,893 [Thread-662] INFO  impl.FollowerState (FollowerState.java:run(108)) - 27e27663-33d5-44e8-9c0f-eb0e3c2aee11@group-0E05BCBC6A81-FollowerState: change to CANDIDATE, lastRpcTime:17ms, electionTimeout:17ms
2019-10-18 00:28:10,894 [Thread-662] INFO  impl.RoleInfo (RoleInfo.java:shutdownFollowerState(121)) - 27e27663-33d5-44e8-9c0f-eb0e3c2aee11: shutdown FollowerState
2019-10-18 00:28:10,895 [Thread-662] INFO  impl.RaftServerImpl (RaftServerImpl.java:setRole(184)) - 27e27663-33d5-44e8-9c0f-eb0e3c2aee11@group-0E05BCBC6A81: changes role from  FOLLOWER to CANDIDATE at term 16 for changeToCandidate
2019-10-18 00:28:10,895 [Thread-662] INFO  impl.RoleInfo (RoleInfo.java:updateAndGet(143)) - 27e27663-33d5-44e8-9c0f-eb0e3c2aee11: start LeaderElection
2019-10-18 00:28:10,924 [27e27663-33d5-44e8-9c0f-eb0e3c2aee11@group-0E05BCBC6A81-LeaderElection21] INFO  impl.LeaderElection (LeaderElection.java:askForVotes(178)) - 27e27663-33d5-44e8-9c0f-eb0e3c2aee11@group-0E05BCBC6A81-LeaderElection21: begin an election at term 17 for 0: [efdea5f7-0978-4608-8df8-907f93177c26:192.168.164.253:40628, 27e27663-33d5-44e8-9c0f-eb0e3c2aee11:192.168.164.253:35650, 1c196293-af28-4849-9284-4cc1dd56b0a0:192.168.164.253:43223], old=null
2019-10-18 00:28:10,928 [grpc-default-executor-1] INFO  impl.RaftServerImpl (RaftServerImpl.java:setRole(184)) - efdea5f7-0978-4608-8df8-907f93177c26@group-0E05BCBC6A81: changes role from  FOLLOWER to FOLLOWER at term 17 for recognizeCandidate:27e27663-33d5-44e8-9c0f-eb0e3c2aee11
2019-10-18 00:28:10,928 [grpc-default-executor-6] INFO  impl.RaftServerImpl (RaftServerImpl.java:setRole(184)) - 1c196293-af28-4849-9284-4cc1dd56b0a0@group-0E05BCBC6A81: changes role from  FOLLOWER to FOLLOWER at term 17 for recognizeCandidate:27e27663-33d5-44e8-9c0f-eb0e3c2aee11
2019-10-18 00:28:10,928 [grpc-default-executor-1] INFO  impl.RoleInfo (RoleInfo.java:shutdownFollowerState(121)) - efdea5f7-0978-4608-8df8-907f93177c26: shutdown FollowerState
2019-10-18 00:28:10,928 [grpc-default-executor-6] INFO  impl.RoleInfo (RoleInfo.java:shutdownFollowerState(121)) - 1c196293-af28-4849-9284-4cc1dd56b0a0: shutdown FollowerState
2019-10-18 00:28:10,928 [Thread-660] INFO  impl.FollowerState (FollowerState.java:run(117)) - efdea5f7-0978-4608-8df8-907f93177c26@group-0E05BCBC6A81-FollowerState was interrupted: java.lang.InterruptedException: sleep interrupted
2019-10-18 00:28:10,928 [grpc-default-executor-1] INFO  impl.RoleInfo (RoleInfo.java:updateAndGet(143)) - efdea5f7-0978-4608-8df8-907f93177c26: start FollowerState
2019-10-18 00:28:10,928 [Thread-661] INFO  impl.FollowerState (FollowerState.java:run(117)) - 1c196293-af28-4849-9284-4cc1dd56b0a0@group-0E05BCBC6A81-FollowerState was interrupted: java.lang.InterruptedException: sleep interrupted
2019-10-18 00:28:10,928 [grpc-default-executor-6] INFO  impl.RoleInfo (RoleInfo.java:updateAndGet(143)) - 1c196293-af28-4849-9284-4cc1dd56b0a0: start FollowerState
2019-10-18 00:28:10,964 [27e27663-33d5-44e8-9c0f-eb0e3c2aee11@group-0E05BCBC6A81-LeaderElection21] INFO  impl.LeaderElection (LeaderElection.java:logAndReturn(56)) - 27e27663-33d5-44e8-9c0f-eb0e3c2aee11@group-0E05BCBC6A81-LeaderElection21: Election REJECTED; received 2 response(s) [27e27663-33d5-44e8-9c0f-eb0e3c2aee11<-efdea5f7-0978-4608-8df8-907f93177c26#0:FAIL-t17, 27e27663-33d5-44e8-9c0f-eb0e3c2aee11<-1c196293-af28-4849-9284-4cc1dd56b0a0#0:FAIL-t17] and 0 exception(s); 27e27663-33d5-44e8-9c0f-eb0e3c2aee11@group-0E05BCBC6A81:t17, leader=null, voted=27e27663-33d5-44e8-9c0f-eb0e3c2aee11, raftlog=27e27663-33d5-44e8-9c0f-eb0e3c2aee11@group-0E05BCBC6A81-SegmentedRaftLog:OPENED:c3,f4,i4, conf=0: [efdea5f7-0978-4608-8df8-907f93177c26:192.168.164.253:40628, 27e27663-33d5-44e8-9c0f-eb0e3c2aee11:192.168.164.253:35650, 1c196293-af28-4849-9284-4cc1dd56b0a0:192.168.164.253:43223], old=null
2019-10-18 00:28:10,964 [27e27663-33d5-44e8-9c0f-eb0e3c2aee11@group-0E05BCBC6A81-LeaderElection21] INFO  impl.RaftServerImpl (RaftServerImpl.java:setRole(184)) - 27e27663-33d5-44e8-9c0f-eb0e3c2aee11@group-0E05BCBC6A81: changes role from CANDIDATE to FOLLOWER at term 17 for DISCOVERED_A_NEW_TERM
2019-10-18 00:28:10,964 [27e27663-33d5-44e8-9c0f-eb0e3c2aee11@group-0E05BCBC6A81-LeaderElection21] INFO  impl.RoleInfo (RoleInfo.java:shutdownLeaderElection(134)) - 27e27663-33d5-44e8-9c0f-eb0e3c2aee11: shutdown LeaderElection
2019-10-18 00:28:10,964 [27e27663-33d5-44e8-9c0f-eb0e3c2aee11@group-0E05BCBC6A81-LeaderElection21] INFO  impl.RoleInfo (RoleInfo.java:updateAndGet(143)) - 27e27663-33d5-44e8-9c0f-eb0e3c2aee11: start FollowerState
2019-10-18 00:28:10,966 [Thread-670] INFO  client.GrpcClientProtocolService (GrpcClientProtocolService.java:lambda$processClientRequest$0(278)) - Failed RaftClientRequest:client-4C7A307276C4->27e27663-33d5-44e8-9c0f-eb0e3c2aee11@group-0E05BCBC6A81, cid=10, seq=0, Watch-ALL_COMMITTED(6), Message:<EMPTY>, reply=RaftClientReply:client-4C7A307276C4->27e27663-33d5-44e8-9c0f-eb0e3c2aee11@group-0E05BCBC6A81, cid=10, FAILED org.apache.ratis.protocol.NotLeaderException: Server 27e27663-33d5-44e8-9c0f-eb0e3c2aee11@group-0E05BCBC6A81 is not the leader, logIndex=0, commits[27e27663-33d5-44e8-9c0f-eb0e3c2aee11:c3]
2019-10-18 00:28:11,139 [BlockDeletingService#2] WARN  background.BlockDeletingService (BlockDeletingService.java:isDeletionAllowed(187)) - Close Container log Index 6 is not replicated across allthe servers in the pipeline 75404b60-6d3b-4b77-b495-0e05bcbc6a81 as the min replicated index is 4. Deletion is not allowed in this container yet.
2019-10-18 00:28:11,139 [BlockDeletingService#2] WARN  background.BlockDeletingService (BlockDeletingService.java:isDeletionAllowed(187)) - Close Container log Index 6 is not replicated across allthe servers in the pipeline 75404b60-6d3b-4b77-b495-0e05bcbc6a81 as the min replicated index is 4. Deletion is not allowed in this container yet.
2019-10-18 00:28:11,142 [Thread-669] INFO  impl.FollowerState (FollowerState.java:run(108)) - 27e27663-33d5-44e8-9c0f-eb0e3c2aee11@group-0E05BCBC6A81-FollowerState: change to CANDIDATE, lastRpcTime:177ms, electionTimeout:177ms
2019-10-18 00:28:11,142 [Thread-669] INFO  impl.RoleInfo (RoleInfo.java:shutdownFollowerState(121)) - 27e27663-33d5-44e8-9c0f-eb0e3c2aee11: shutdown FollowerState
2019-10-18 00:28:11,142 [Thread-669] INFO  impl.RaftServerImpl (RaftServerImpl.java:setRole(184)) - 27e27663-33d5-44e8-9c0f-eb0e3c2aee11@group-0E05BCBC6A81: changes role from  FOLLOWER to CANDIDATE at term 17 for changeToCandidate
2019-10-18 00:28:11,142 [Thread-669] INFO  impl.RoleInfo (RoleInfo.java:updateAndGet(143)) - 27e27663-33d5-44e8-9c0f-eb0e3c2aee11: start LeaderElection
2019-10-18 00:28:11,167 [27e27663-33d5-44e8-9c0f-eb0e3c2aee11@group-0E05BCBC6A81-LeaderElection22] INFO  impl.LeaderElection (LeaderElection.java:askForVotes(178)) - 27e27663-33d5-44e8-9c0f-eb0e3c2aee11@group-0E05BCBC6A81-LeaderElection22: begin an election at term 18 for 0: [efdea5f7-0978-4608-8df8-907f93177c26:192.168.164.253:40628, 27e27663-33d5-44e8-9c0f-eb0e3c2aee11:192.168.164.253:35650, 1c196293-af28-4849-9284-4cc1dd56b0a0:192.168.164.253:43223], old=null
2019-10-18 00:28:11,170 [grpc-default-executor-1] INFO  impl.RaftServerImpl (RaftServerImpl.java:setRole(184)) - 1c196293-af28-4849-9284-4cc1dd56b0a0@group-0E05BCBC6A81: changes role from  FOLLOWER to FOLLOWER at term 18 for recognizeCandidate:27e27663-33d5-44e8-9c0f-eb0e3c2aee11
2019-10-18 00:28:11,171 [grpc-default-executor-1] INFO  impl.RoleInfo (RoleInfo.java:shutdownFollowerState(121)) - 1c196293-af28-4849-9284-4cc1dd56b0a0: shutdown FollowerState
2019-10-18 00:28:11,172 [Thread-667] INFO  impl.FollowerState (FollowerState.java:run(117)) - 1c196293-af28-4849-9284-4cc1dd56b0a0@group-0E05BCBC6A81-FollowerState was interrupted: java.lang.InterruptedException: sleep interrupted
2019-10-18 00:28:11,172 [grpc-default-executor-1] INFO  impl.RoleInfo (RoleInfo.java:updateAndGet(143)) - 1c196293-af28-4849-9284-4cc1dd56b0a0: start FollowerState
2019-10-18 00:28:11,172 [grpc-default-executor-6] INFO  impl.RaftServerImpl (RaftServerImpl.java:setRole(184)) - efdea5f7-0978-4608-8df8-907f93177c26@group-0E05BCBC6A81: changes role from  FOLLOWER to FOLLOWER at term 18 for recognizeCandidate:27e27663-33d5-44e8-9c0f-eb0e3c2aee11
2019-10-18 00:28:11,173 [grpc-default-executor-6] INFO  impl.RoleInfo (RoleInfo.java:shutdownFollowerState(121)) - efdea5f7-0978-4608-8df8-907f93177c26: shutdown FollowerState
2019-10-18 00:28:11,173 [grpc-default-executor-6] INFO  impl.RoleInfo (RoleInfo.java:updateAndGet(143)) - efdea5f7-0978-4608-8df8-907f93177c26: start FollowerState
2019-10-18 00:28:11,173 [Thread-666] INFO  impl.FollowerState (FollowerState.java:run(117)) - efdea5f7-0978-4608-8df8-907f93177c26@group-0E05BCBC6A81-FollowerState was interrupted: java.lang.InterruptedException: sleep interrupted
2019-10-18 00:28:11,187 [27e27663-33d5-44e8-9c0f-eb0e3c2aee11@group-0E05BCBC6A81-LeaderElection22] INFO  impl.LeaderElection (LeaderElection.java:logAndReturn(56)) - 27e27663-33d5-44e8-9c0f-eb0e3c2aee11@group-0E05BCBC6A81-LeaderElection22: Election TIMEOUT; received 0 response(s) [] and 0 exception(s); 27e27663-33d5-44e8-9c0f-eb0e3c2aee11@group-0E05BCBC6A81:t18, leader=null, voted=27e27663-33d5-44e8-9c0f-eb0e3c2aee11, raftlog=27e27663-33d5-44e8-9c0f-eb0e3c2aee11@group-0E05BCBC6A81-SegmentedRaftLog:OPENED:c3,f4,i4, conf=0: [efdea5f7-0978-4608-8df8-907f93177c26:192.168.164.253:40628, 27e27663-33d5-44e8-9c0f-eb0e3c2aee11:192.168.164.253:35650, 1c196293-af28-4849-9284-4cc1dd56b0a0:192.168.164.253:43223], old=null
2019-10-18 00:28:11,218 [27e27663-33d5-44e8-9c0f-eb0e3c2aee11@group-0E05BCBC6A81-LeaderElection22] INFO  impl.LeaderElection (LeaderElection.java:askForVotes(178)) - 27e27663-33d5-44e8-9c0f-eb0e3c2aee11@group-0E05BCBC6A81-LeaderElection22: begin an election at term 19 for 0: [efdea5f7-0978-4608-8df8-907f93177c26:192.168.164.253:40628, 27e27663-33d5-44e8-9c0f-eb0e3c2aee11:192.168.164.253:35650, 1c196293-af28-4849-9284-4cc1dd56b0a0:192.168.164.253:43223], old=null
2019-10-18 00:28:11,221 [grpc-default-executor-1] INFO  impl.RaftServerImpl (RaftServerImpl.java:setRole(184)) - efdea5f7-0978-4608-8df8-907f93177c26@group-0E05BCBC6A81: changes role from  FOLLOWER to FOLLOWER at term 19 for recognizeCandidate:27e27663-33d5-44e8-9c0f-eb0e3c2aee11
2019-10-18 00:28:11,222 [grpc-default-executor-6] INFO  impl.RaftServerImpl (RaftServerImpl.java:setRole(184)) - 1c196293-af28-4849-9284-4cc1dd56b0a0@group-0E05BCBC6A81: changes role from  FOLLOWER to FOLLOWER at term 19 for recognizeCandidate:27e27663-33d5-44e8-9c0f-eb0e3c2aee11
2019-10-18 00:28:11,222 [grpc-default-executor-1] INFO  impl.RoleInfo (RoleInfo.java:shutdownFollowerState(121)) - efdea5f7-0978-4608-8df8-907f93177c26: shutdown FollowerState
2019-10-18 00:28:11,222 [grpc-default-executor-6] INFO  impl.RoleInfo (RoleInfo.java:shutdownFollowerState(121)) - 1c196293-af28-4849-9284-4cc1dd56b0a0: shutdown FollowerState
2019-10-18 00:28:11,223 [Thread-678] INFO  impl.FollowerState (FollowerState.java:run(117)) - efdea5f7-0978-4608-8df8-907f93177c26@group-0E05BCBC6A81-FollowerState was interrupted: java.lang.InterruptedException: sleep interrupted
2019-10-18 00:28:11,223 [Thread-677] INFO  impl.FollowerState (FollowerState.java:run(117)) - 1c196293-af28-4849-9284-4cc1dd56b0a0@group-0E05BCBC6A81-FollowerState was interrupted: java.lang.InterruptedException: sleep interrupted
2019-10-18 00:28:11,223 [grpc-default-executor-1] INFO  impl.RoleInfo (RoleInfo.java:updateAndGet(143)) - efdea5f7-0978-4608-8df8-907f93177c26: start FollowerState
2019-10-18 00:28:11,223 [grpc-default-executor-6] INFO  impl.RoleInfo (RoleInfo.java:updateAndGet(143)) - 1c196293-af28-4849-9284-4cc1dd56b0a0: start FollowerState
2019-10-18 00:28:11,252 [27e27663-33d5-44e8-9c0f-eb0e3c2aee11@group-0E05BCBC6A81-LeaderElection22] INFO  impl.LeaderElection (LeaderElection.java:logAndReturn(56)) - 27e27663-33d5-44e8-9c0f-eb0e3c2aee11@group-0E05BCBC6A81-LeaderElection22: Election REJECTED; received 2 response(s) [27e27663-33d5-44e8-9c0f-eb0e3c2aee11<-efdea5f7-0978-4608-8df8-907f93177c26#0:FAIL-t19, 27e27663-33d5-44e8-9c0f-eb0e3c2aee11<-1c196293-af28-4849-9284-4cc1dd56b0a0#0:FAIL-t19] and 0 exception(s); 27e27663-33d5-44e8-9c0f-eb0e3c2aee11@group-0E05BCBC6A81:t19, leader=null, voted=27e27663-33d5-44e8-9c0f-eb0e3c2aee11, raftlog=27e27663-33d5-44e8-9c0f-eb0e3c2aee11@group-0E05BCBC6A81-SegmentedRaftLog:OPENED:c3,f4,i4, conf=0: [efdea5f7-0978-4608-8df8-907f93177c26:192.168.164.253:40628, 27e27663-33d5-44e8-9c0f-eb0e3c2aee11:192.168.164.253:35650, 1c196293-af28-4849-9284-4cc1dd56b0a0:192.168.164.253:43223], old=null
2019-10-18 00:28:11,253 [27e27663-33d5-44e8-9c0f-eb0e3c2aee11@group-0E05BCBC6A81-LeaderElection22] INFO  impl.RaftServerImpl (RaftServerImpl.java:setRole(184)) - 27e27663-33d5-44e8-9c0f-eb0e3c2aee11@group-0E05BCBC6A81: changes role from CANDIDATE to FOLLOWER at term 19 for DISCOVERED_A_NEW_TERM
2019-10-18 00:28:11,253 [27e27663-33d5-44e8-9c0f-eb0e3c2aee11@group-0E05BCBC6A81-LeaderElection22] INFO  impl.RoleInfo (RoleInfo.java:shutdownLeaderElection(134)) - 27e27663-33d5-44e8-9c0f-eb0e3c2aee11: shutdown LeaderElection
2019-10-18 00:28:11,253 [27e27663-33d5-44e8-9c0f-eb0e3c2aee11@group-0E05BCBC6A81-LeaderElection22] INFO  impl.RoleInfo (RoleInfo.java:updateAndGet(143)) - 27e27663-33d5-44e8-9c0f-eb0e3c2aee11: start FollowerState
2019-10-18 00:28:11,256 [pool-7-thread-4] INFO  commands.RetriableDatanodeEventWatcher (RetriableDatanodeEventWatcher.java:onTimeout(47)) - RetriableDatanodeCommand type=deleteBlocksCommand with id=1571358486256 timed out. Retrying.
2019-10-18 00:28:11,257 [Thread-683] INFO  impl.FollowerState (FollowerState.java:run(108)) - 27e27663-33d5-44e8-9c0f-eb0e3c2aee11@group-0E05BCBC6A81-FollowerState: change to CANDIDATE, lastRpcTime:3ms, electionTimeout:3ms
2019-10-18 00:28:11,257 [pool-7-thread-3] INFO  commands.RetriableDatanodeEventWatcher (RetriableDatanodeEventWatcher.java:onTimeout(47)) - RetriableDatanodeCommand type=deleteBlocksCommand with id=1571358486257 timed out. Retrying.
2019-10-18 00:28:11,257 [Thread-683] INFO  impl.RoleInfo (RoleInfo.java:shutdownFollowerState(121)) - 27e27663-33d5-44e8-9c0f-eb0e3c2aee11: shutdown FollowerState
2019-10-18 00:28:11,257 [SCMBlockDeletingService#1] INFO  block.SCMBlockDeletingService (SCMBlockDeletingService.java:call(184)) - Totally added 1 delete blocks command for 1 datanodes, task elapsed time: 0ms
2019-10-18 00:28:11,257 [pool-7-thread-2] INFO  commands.RetriableDatanodeEventWatcher (RetriableDatanodeEventWatcher.java:onTimeout(47)) - RetriableDatanodeCommand type=deleteBlocksCommand with id=1571358486253 timed out. Retrying.
2019-10-18 00:28:11,257 [Thread-683] INFO  impl.RaftServerImpl (RaftServerImpl.java:setRole(184)) - 27e27663-33d5-44e8-9c0f-eb0e3c2aee11@group-0E05BCBC6A81: changes role from  FOLLOWER to CANDIDATE at term 19 for changeToCandidate
2019-10-18 00:28:11,258 [pool-7-thread-1] INFO  commands.RetriableDatanodeEventWatcher (RetriableDatanodeEventWatcher.java:onTimeout(47)) - RetriableDatanodeCommand type=deleteBlocksCommand with id=1571358486258 timed out. Retrying.
2019-10-18 00:28:11,258 [Thread-683] INFO  impl.RoleInfo (RoleInfo.java:updateAndGet(143)) - 27e27663-33d5-44e8-9c0f-eb0e3c2aee11: start LeaderElection
2019-10-18 00:28:11,258 [pool-7-thread-4] INFO  commands.RetriableDatanodeEventWatcher (RetriableDatanodeEventWatcher.java:onTimeout(47)) - RetriableDatanodeCommand type=deleteBlocksCommand with id=1571358486250 timed out. Retrying.
2019-10-18 00:28:11,285 [27e27663-33d5-44e8-9c0f-eb0e3c2aee11@group-0E05BCBC6A81-LeaderElection23] INFO  impl.LeaderElection (LeaderElection.java:askForVotes(178)) - 27e27663-33d5-44e8-9c0f-eb0e3c2aee11@group-0E05BCBC6A81-LeaderElection23: begin an election at term 20 for 0: [efdea5f7-0978-4608-8df8-907f93177c26:192.168.164.253:40628, 27e27663-33d5-44e8-9c0f-eb0e3c2aee11:192.168.164.253:35650, 1c196293-af28-4849-9284-4cc1dd56b0a0:192.168.164.253:43223], old=null
2019-10-18 00:28:11,288 [grpc-default-executor-1] INFO  impl.RaftServerImpl (RaftServerImpl.java:setRole(184)) - efdea5f7-0978-4608-8df8-907f93177c26@group-0E05BCBC6A81: changes role from  FOLLOWER to FOLLOWER at term 20 for recognizeCandidate:27e27663-33d5-44e8-9c0f-eb0e3c2aee11
2019-10-18 00:28:11,288 [grpc-default-executor-1] INFO  impl.RoleInfo (RoleInfo.java:shutdownFollowerState(121)) - efdea5f7-0978-4608-8df8-907f93177c26: shutdown FollowerState
2019-10-18 00:28:11,289 [grpc-default-executor-6] INFO  impl.RaftServerImpl (RaftServerImpl.java:setRole(184)) - 1c196293-af28-4849-9284-4cc1dd56b0a0@group-0E05BCBC6A81: changes role from  FOLLOWER to FOLLOWER at term 20 for recognizeCandidate:27e27663-33d5-44e8-9c0f-eb0e3c2aee11
2019-10-18 00:28:11,289 [Thread-681] INFO  impl.FollowerState (FollowerState.java:run(117)) - efdea5f7-0978-4608-8df8-907f93177c26@group-0E05BCBC6A81-FollowerState was interrupted: java.lang.InterruptedException: sleep interrupted
2019-10-18 00:28:11,289 [grpc-default-executor-6] INFO  impl.RoleInfo (RoleInfo.java:shutdownFollowerState(121)) - 1c196293-af28-4849-9284-4cc1dd56b0a0: shutdown FollowerState
2019-10-18 00:28:11,289 [grpc-default-executor-1] INFO  impl.RoleInfo (RoleInfo.java:updateAndGet(143)) - efdea5f7-0978-4608-8df8-907f93177c26: start FollowerState
2019-10-18 00:28:11,291 [Thread-682] INFO  impl.FollowerState (FollowerState.java:run(117)) - 1c196293-af28-4849-9284-4cc1dd56b0a0@group-0E05BCBC6A81-FollowerState was interrupted: java.lang.InterruptedException: sleep interrupted
2019-10-18 00:28:11,291 [grpc-default-executor-6] INFO  impl.RoleInfo (RoleInfo.java:updateAndGet(143)) - 1c196293-af28-4849-9284-4cc1dd56b0a0: start FollowerState
2019-10-18 00:28:11,320 [27e27663-33d5-44e8-9c0f-eb0e3c2aee11@group-0E05BCBC6A81-LeaderElection23] INFO  impl.LeaderElection (LeaderElection.java:logAndReturn(56)) - 27e27663-33d5-44e8-9c0f-eb0e3c2aee11@group-0E05BCBC6A81-LeaderElection23: Election REJECTED; received 2 response(s) [27e27663-33d5-44e8-9c0f-eb0e3c2aee11<-efdea5f7-0978-4608-8df8-907f93177c26#0:FAIL-t20, 27e27663-33d5-44e8-9c0f-eb0e3c2aee11<-1c196293-af28-4849-9284-4cc1dd56b0a0#0:FAIL-t20] and 0 exception(s); 27e27663-33d5-44e8-9c0f-eb0e3c2aee11@group-0E05BCBC6A81:t20, leader=null, voted=27e27663-33d5-44e8-9c0f-eb0e3c2aee11, raftlog=27e27663-33d5-44e8-9c0f-eb0e3c2aee11@group-0E05BCBC6A81-SegmentedRaftLog:OPENED:c3,f4,i4, conf=0: [efdea5f7-0978-4608-8df8-907f93177c26:192.168.164.253:40628, 27e27663-33d5-44e8-9c0f-eb0e3c2aee11:192.168.164.253:35650, 1c196293-af28-4849-9284-4cc1dd56b0a0:192.168.164.253:43223], old=null
2019-10-18 00:28:11,321 [27e27663-33d5-44e8-9c0f-eb0e3c2aee11@group-0E05BCBC6A81-LeaderElection23] INFO  impl.RaftServerImpl (RaftServerImpl.java:setRole(184)) - 27e27663-33d5-44e8-9c0f-eb0e3c2aee11@group-0E05BCBC6A81: changes role from CANDIDATE to FOLLOWER at term 20 for DISCOVERED_A_NEW_TERM
2019-10-18 00:28:11,321 [27e27663-33d5-44e8-9c0f-eb0e3c2aee11@group-0E05BCBC6A81-LeaderElection23] INFO  impl.RoleInfo (RoleInfo.java:shutdownLeaderElection(134)) - 27e27663-33d5-44e8-9c0f-eb0e3c2aee11: shutdown LeaderElection
2019-10-18 00:28:11,321 [27e27663-33d5-44e8-9c0f-eb0e3c2aee11@group-0E05BCBC6A81-LeaderElection23] INFO  impl.RoleInfo (RoleInfo.java:updateAndGet(143)) - 27e27663-33d5-44e8-9c0f-eb0e3c2aee11: start FollowerState
2019-10-18 00:28:11,347 [Thread-689] INFO  impl.FollowerState (FollowerState.java:run(108)) - 27e27663-33d5-44e8-9c0f-eb0e3c2aee11@group-0E05BCBC6A81-FollowerState: change to CANDIDATE, lastRpcTime:25ms, electionTimeout:25ms
2019-10-18 00:28:11,349 [Thread-689] INFO  impl.RoleInfo (RoleInfo.java:shutdownFollowerState(121)) - 27e27663-33d5-44e8-9c0f-eb0e3c2aee11: shutdown FollowerState
2019-10-18 00:28:11,349 [Thread-689] INFO  impl.RaftServerImpl (RaftServerImpl.java:setRole(184)) - 27e27663-33d5-44e8-9c0f-eb0e3c2aee11@group-0E05BCBC6A81: changes role from  FOLLOWER to CANDIDATE at term 20 for changeToCandidate
2019-10-18 00:28:11,349 [Thread-689] INFO  impl.RoleInfo (RoleInfo.java:updateAndGet(143)) - 27e27663-33d5-44e8-9c0f-eb0e3c2aee11: start LeaderElection
2019-10-18 00:28:11,379 [27e27663-33d5-44e8-9c0f-eb0e3c2aee11@group-0E05BCBC6A81-LeaderElection24] INFO  impl.LeaderElection (LeaderElection.java:askForVotes(178)) - 27e27663-33d5-44e8-9c0f-eb0e3c2aee11@group-0E05BCBC6A81-LeaderElection24: begin an election at term 21 for 0: [efdea5f7-0978-4608-8df8-907f93177c26:192.168.164.253:40628, 27e27663-33d5-44e8-9c0f-eb0e3c2aee11:192.168.164.253:35650, 1c196293-af28-4849-9284-4cc1dd56b0a0:192.168.164.253:43223], old=null
2019-10-18 00:28:11,384 [grpc-default-executor-1] INFO  impl.RaftServerImpl (RaftServerImpl.java:setRole(184)) - 1c196293-af28-4849-9284-4cc1dd56b0a0@group-0E05BCBC6A81: changes role from  FOLLOWER to FOLLOWER at term 21 for recognizeCandidate:27e27663-33d5-44e8-9c0f-eb0e3c2aee11
2019-10-18 00:28:11,384 [grpc-default-executor-6] INFO  impl.RaftServerImpl (RaftServerImpl.java:setRole(184)) - efdea5f7-0978-4608-8df8-907f93177c26@group-0E05BCBC6A81: changes role from  FOLLOWER to FOLLOWER at term 21 for recognizeCandidate:27e27663-33d5-44e8-9c0f-eb0e3c2aee11
2019-10-18 00:28:11,385 [grpc-default-executor-1] INFO  impl.RoleInfo (RoleInfo.java:shutdownFollowerState(121)) - 1c196293-af28-4849-9284-4cc1dd56b0a0: shutdown FollowerState
2019-10-18 00:28:11,385 [grpc-default-executor-6] INFO  impl.RoleInfo (RoleInfo.java:shutdownFollowerState(121)) - efdea5f7-0978-4608-8df8-907f93177c26: shutdown FollowerState
2019-10-18 00:28:11,385 [grpc-default-executor-1] INFO  impl.RoleInfo (RoleInfo.java:updateAndGet(143)) - 1c196293-af28-4849-9284-4cc1dd56b0a0: start FollowerState
2019-10-18 00:28:11,385 [Thread-687] INFO  impl.FollowerState (FollowerState.java:run(117)) - efdea5f7-0978-4608-8df8-907f93177c26@group-0E05BCBC6A81-FollowerState was interrupted: java.lang.InterruptedException: sleep interrupted
2019-10-18 00:28:11,385 [Thread-688] INFO  impl.FollowerState (FollowerState.java:run(117)) - 1c196293-af28-4849-9284-4cc1dd56b0a0@group-0E05BCBC6A81-FollowerState was interrupted: java.lang.InterruptedException: sleep interrupted
2019-10-18 00:28:11,385 [grpc-default-executor-6] INFO  impl.RoleInfo (RoleInfo.java:updateAndGet(143)) - efdea5f7-0978-4608-8df8-907f93177c26: start FollowerState
2019-10-18 00:28:11,414 [27e27663-33d5-44e8-9c0f-eb0e3c2aee11@group-0E05BCBC6A81-LeaderElection24] INFO  impl.LeaderElection (LeaderElection.java:logAndReturn(56)) - 27e27663-33d5-44e8-9c0f-eb0e3c2aee11@group-0E05BCBC6A81-LeaderElection24: Election REJECTED; received 2 response(s) [27e27663-33d5-44e8-9c0f-eb0e3c2aee11<-efdea5f7-0978-4608-8df8-907f93177c26#0:FAIL-t21, 27e27663-33d5-44e8-9c0f-eb0e3c2aee11<-1c196293-af28-4849-9284-4cc1dd56b0a0#0:FAIL-t21] and 0 exception(s); 27e27663-33d5-44e8-9c0f-eb0e3c2aee11@group-0E05BCBC6A81:t21, leader=null, voted=27e27663-33d5-44e8-9c0f-eb0e3c2aee11, raftlog=27e27663-33d5-44e8-9c0f-eb0e3c2aee11@group-0E05BCBC6A81-SegmentedRaftLog:OPENED:c3,f4,i4, conf=0: [efdea5f7-0978-4608-8df8-907f93177c26:192.168.164.253:40628, 27e27663-33d5-44e8-9c0f-eb0e3c2aee11:192.168.164.253:35650, 1c196293-af28-4849-9284-4cc1dd56b0a0:192.168.164.253:43223], old=null
2019-10-18 00:28:11,414 [27e27663-33d5-44e8-9c0f-eb0e3c2aee11@group-0E05BCBC6A81-LeaderElection24] INFO  impl.RaftServerImpl (RaftServerImpl.java:setRole(184)) - 27e27663-33d5-44e8-9c0f-eb0e3c2aee11@group-0E05BCBC6A81: changes role from CANDIDATE to FOLLOWER at term 21 for DISCOVERED_A_NEW_TERM
2019-10-18 00:28:11,414 [27e27663-33d5-44e8-9c0f-eb0e3c2aee11@group-0E05BCBC6A81-LeaderElection24] INFO  impl.RoleInfo (RoleInfo.java:shutdownLeaderElection(134)) - 27e27663-33d5-44e8-9c0f-eb0e3c2aee11: shutdown LeaderElection
2019-10-18 00:28:11,414 [27e27663-33d5-44e8-9c0f-eb0e3c2aee11@group-0E05BCBC6A81-LeaderElection24] INFO  impl.RoleInfo (RoleInfo.java:updateAndGet(143)) - 27e27663-33d5-44e8-9c0f-eb0e3c2aee11: start FollowerState
2019-10-18 00:28:11,513 [Thread-695] INFO  impl.FollowerState (FollowerState.java:run(108)) - 27e27663-33d5-44e8-9c0f-eb0e3c2aee11@group-0E05BCBC6A81-FollowerState: change to CANDIDATE, lastRpcTime:98ms, electionTimeout:98ms
2019-10-18 00:28:11,514 [Thread-695] INFO  impl.RoleInfo (RoleInfo.java:shutdownFollowerState(121)) - 27e27663-33d5-44e8-9c0f-eb0e3c2aee11: shutdown FollowerState
2019-10-18 00:28:11,515 [Thread-695] INFO  impl.RaftServerImpl (RaftServerImpl.java:setRole(184)) - 27e27663-33d5-44e8-9c0f-eb0e3c2aee11@group-0E05BCBC6A81: changes role from  FOLLOWER to CANDIDATE at term 21 for changeToCandidate
2019-10-18 00:28:11,515 [Thread-695] INFO  impl.RoleInfo (RoleInfo.java:updateAndGet(143)) - 27e27663-33d5-44e8-9c0f-eb0e3c2aee11: start LeaderElection
2019-10-18 00:28:11,546 [27e27663-33d5-44e8-9c0f-eb0e3c2aee11@group-0E05BCBC6A81-LeaderElection25] INFO  impl.LeaderElection (LeaderElection.java:askForVotes(178)) - 27e27663-33d5-44e8-9c0f-eb0e3c2aee11@group-0E05BCBC6A81-LeaderElection25: begin an election at term 22 for 0: [efdea5f7-0978-4608-8df8-907f93177c26:192.168.164.253:40628, 27e27663-33d5-44e8-9c0f-eb0e3c2aee11:192.168.164.253:35650, 1c196293-af28-4849-9284-4cc1dd56b0a0:192.168.164.253:43223], old=null
2019-10-18 00:28:11,551 [grpc-default-executor-1] INFO  impl.RaftServerImpl (RaftServerImpl.java:setRole(184)) - 1c196293-af28-4849-9284-4cc1dd56b0a0@group-0E05BCBC6A81: changes role from  FOLLOWER to FOLLOWER at term 22 for recognizeCandidate:27e27663-33d5-44e8-9c0f-eb0e3c2aee11
2019-10-18 00:28:11,551 [grpc-default-executor-6] INFO  impl.RaftServerImpl (RaftServerImpl.java:setRole(184)) - efdea5f7-0978-4608-8df8-907f93177c26@group-0E05BCBC6A81: changes role from  FOLLOWER to FOLLOWER at term 22 for recognizeCandidate:27e27663-33d5-44e8-9c0f-eb0e3c2aee11
2019-10-18 00:28:11,551 [grpc-default-executor-1] INFO  impl.RoleInfo (RoleInfo.java:shutdownFollowerState(121)) - 1c196293-af28-4849-9284-4cc1dd56b0a0: shutdown FollowerState
2019-10-18 00:28:11,551 [grpc-default-executor-6] INFO  impl.RoleInfo (RoleInfo.java:shutdownFollowerState(121)) - efdea5f7-0978-4608-8df8-907f93177c26: shutdown FollowerState
2019-10-18 00:28:11,551 [Thread-693] INFO  impl.FollowerState (FollowerState.java:run(117)) - 1c196293-af28-4849-9284-4cc1dd56b0a0@group-0E05BCBC6A81-FollowerState was interrupted: java.lang.InterruptedException: sleep interrupted
2019-10-18 00:28:11,551 [grpc-default-executor-1] INFO  impl.RoleInfo (RoleInfo.java:updateAndGet(143)) - 1c196293-af28-4849-9284-4cc1dd56b0a0: start FollowerState
2019-10-18 00:28:11,551 [Thread-694] INFO  impl.FollowerState (FollowerState.java:run(117)) - efdea5f7-0978-4608-8df8-907f93177c26@group-0E05BCBC6A81-FollowerState was interrupted: java.lang.InterruptedException: sleep interrupted
2019-10-18 00:28:11,551 [grpc-default-executor-6] INFO  impl.RoleInfo (RoleInfo.java:updateAndGet(143)) - efdea5f7-0978-4608-8df8-907f93177c26: start FollowerState
2019-10-18 00:28:11,581 [27e27663-33d5-44e8-9c0f-eb0e3c2aee11@group-0E05BCBC6A81-LeaderElection25] INFO  impl.LeaderElection (LeaderElection.java:logAndReturn(56)) - 27e27663-33d5-44e8-9c0f-eb0e3c2aee11@group-0E05BCBC6A81-LeaderElection25: Election REJECTED; received 2 response(s) [27e27663-33d5-44e8-9c0f-eb0e3c2aee11<-efdea5f7-0978-4608-8df8-907f93177c26#0:FAIL-t22, 27e27663-33d5-44e8-9c0f-eb0e3c2aee11<-1c196293-af28-4849-9284-4cc1dd56b0a0#0:FAIL-t22] and 0 exception(s); 27e27663-33d5-44e8-9c0f-eb0e3c2aee11@group-0E05BCBC6A81:t22, leader=null, voted=27e27663-33d5-44e8-9c0f-eb0e3c2aee11, raftlog=27e27663-33d5-44e8-9c0f-eb0e3c2aee11@group-0E05BCBC6A81-SegmentedRaftLog:OPENED:c3,f4,i4, conf=0: [efdea5f7-0978-4608-8df8-907f93177c26:192.168.164.253:40628, 27e27663-33d5-44e8-9c0f-eb0e3c2aee11:192.168.164.253:35650, 1c196293-af28-4849-9284-4cc1dd56b0a0:192.168.164.253:43223], old=null
2019-10-18 00:28:11,582 [27e27663-33d5-44e8-9c0f-eb0e3c2aee11@group-0E05BCBC6A81-LeaderElection25] INFO  impl.RaftServerImpl (RaftServerImpl.java:setRole(184)) - 27e27663-33d5-44e8-9c0f-eb0e3c2aee11@group-0E05BCBC6A81: changes role from CANDIDATE to FOLLOWER at term 22 for DISCOVERED_A_NEW_TERM
2019-10-18 00:28:11,582 [27e27663-33d5-44e8-9c0f-eb0e3c2aee11@group-0E05BCBC6A81-LeaderElection25] INFO  impl.RoleInfo (RoleInfo.java:shutdownLeaderElection(134)) - 27e27663-33d5-44e8-9c0f-eb0e3c2aee11: shutdown LeaderElection
2019-10-18 00:28:11,582 [27e27663-33d5-44e8-9c0f-eb0e3c2aee11@group-0E05BCBC6A81-LeaderElection25] INFO  impl.RoleInfo (RoleInfo.java:updateAndGet(143)) - 27e27663-33d5-44e8-9c0f-eb0e3c2aee11: start FollowerState
2019-10-18 00:28:11,671 [Thread-701] INFO  impl.FollowerState (FollowerState.java:run(108)) - 27e27663-33d5-44e8-9c0f-eb0e3c2aee11@group-0E05BCBC6A81-FollowerState: change to CANDIDATE, lastRpcTime:89ms, electionTimeout:89ms
2019-10-18 00:28:11,673 [Thread-701] INFO  impl.RoleInfo (RoleInfo.java:shutdownFollowerState(121)) - 27e27663-33d5-44e8-9c0f-eb0e3c2aee11: shutdown FollowerState
2019-10-18 00:28:11,673 [Thread-701] INFO  impl.RaftServerImpl (RaftServerImpl.java:setRole(184)) - 27e27663-33d5-44e8-9c0f-eb0e3c2aee11@group-0E05BCBC6A81: changes role from  FOLLOWER to CANDIDATE at term 22 for changeToCandidate
2019-10-18 00:28:11,673 [Thread-701] INFO  impl.RoleInfo (RoleInfo.java:updateAndGet(143)) - 27e27663-33d5-44e8-9c0f-eb0e3c2aee11: start LeaderElection
2019-10-18 00:28:11,697 [27e27663-33d5-44e8-9c0f-eb0e3c2aee11@group-0E05BCBC6A81-LeaderElection26] INFO  impl.LeaderElection (LeaderElection.java:askForVotes(178)) - 27e27663-33d5-44e8-9c0f-eb0e3c2aee11@group-0E05BCBC6A81-LeaderElection26: begin an election at term 23 for 0: [efdea5f7-0978-4608-8df8-907f93177c26:192.168.164.253:40628, 27e27663-33d5-44e8-9c0f-eb0e3c2aee11:192.168.164.253:35650, 1c196293-af28-4849-9284-4cc1dd56b0a0:192.168.164.253:43223], old=null
2019-10-18 00:28:11,705 [grpc-default-executor-1] INFO  impl.RaftServerImpl (RaftServerImpl.java:setRole(184)) - 1c196293-af28-4849-9284-4cc1dd56b0a0@group-0E05BCBC6A81: changes role from  FOLLOWER to FOLLOWER at term 23 for recognizeCandidate:27e27663-33d5-44e8-9c0f-eb0e3c2aee11
2019-10-18 00:28:11,705 [grpc-default-executor-6] INFO  impl.RaftServerImpl (RaftServerImpl.java:setRole(184)) - efdea5f7-0978-4608-8df8-907f93177c26@group-0E05BCBC6A81: changes role from  FOLLOWER to FOLLOWER at term 23 for recognizeCandidate:27e27663-33d5-44e8-9c0f-eb0e3c2aee11
2019-10-18 00:28:11,705 [grpc-default-executor-1] INFO  impl.RoleInfo (RoleInfo.java:shutdownFollowerState(121)) - 1c196293-af28-4849-9284-4cc1dd56b0a0: shutdown FollowerState
2019-10-18 00:28:11,706 [grpc-default-executor-6] INFO  impl.RoleInfo (RoleInfo.java:shutdownFollowerState(121)) - efdea5f7-0978-4608-8df8-907f93177c26: shutdown FollowerState
2019-10-18 00:28:11,706 [Thread-699] INFO  impl.FollowerState (FollowerState.java:run(117)) - 1c196293-af28-4849-9284-4cc1dd56b0a0@group-0E05BCBC6A81-FollowerState was interrupted: java.lang.InterruptedException: sleep interrupted
2019-10-18 00:28:11,706 [grpc-default-executor-1] INFO  impl.RoleInfo (RoleInfo.java:updateAndGet(143)) - 1c196293-af28-4849-9284-4cc1dd56b0a0: start FollowerState
2019-10-18 00:28:11,706 [Thread-700] INFO  impl.FollowerState (FollowerState.java:run(117)) - efdea5f7-0978-4608-8df8-907f93177c26@group-0E05BCBC6A81-FollowerState was interrupted: java.lang.InterruptedException: sleep interrupted
2019-10-18 00:28:11,706 [grpc-default-executor-6] INFO  impl.RoleInfo (RoleInfo.java:updateAndGet(143)) - efdea5f7-0978-4608-8df8-907f93177c26: start FollowerState
2019-10-18 00:28:11,732 [27e27663-33d5-44e8-9c0f-eb0e3c2aee11@group-0E05BCBC6A81-LeaderElection26] INFO  impl.LeaderElection (LeaderElection.java:logAndReturn(56)) - 27e27663-33d5-44e8-9c0f-eb0e3c2aee11@group-0E05BCBC6A81-LeaderElection26: Election REJECTED; received 2 response(s) [27e27663-33d5-44e8-9c0f-eb0e3c2aee11<-efdea5f7-0978-4608-8df8-907f93177c26#0:FAIL-t23, 27e27663-33d5-44e8-9c0f-eb0e3c2aee11<-1c196293-af28-4849-9284-4cc1dd56b0a0#0:FAIL-t23] and 0 exception(s); 27e27663-33d5-44e8-9c0f-eb0e3c2aee11@group-0E05BCBC6A81:t23, leader=null, voted=27e27663-33d5-44e8-9c0f-eb0e3c2aee11, raftlog=27e27663-33d5-44e8-9c0f-eb0e3c2aee11@group-0E05BCBC6A81-SegmentedRaftLog:OPENED:c3,f4,i4, conf=0: [efdea5f7-0978-4608-8df8-907f93177c26:192.168.164.253:40628, 27e27663-33d5-44e8-9c0f-eb0e3c2aee11:192.168.164.253:35650, 1c196293-af28-4849-9284-4cc1dd56b0a0:192.168.164.253:43223], old=null
2019-10-18 00:28:11,732 [27e27663-33d5-44e8-9c0f-eb0e3c2aee11@group-0E05BCBC6A81-LeaderElection26] INFO  impl.RaftServerImpl (RaftServerImpl.java:setRole(184)) - 27e27663-33d5-44e8-9c0f-eb0e3c2aee11@group-0E05BCBC6A81: changes role from CANDIDATE to FOLLOWER at term 23 for DISCOVERED_A_NEW_TERM
2019-10-18 00:28:11,733 [27e27663-33d5-44e8-9c0f-eb0e3c2aee11@group-0E05BCBC6A81-LeaderElection26] INFO  impl.RoleInfo (RoleInfo.java:shutdownLeaderElection(134)) - 27e27663-33d5-44e8-9c0f-eb0e3c2aee11: shutdown LeaderElection
2019-10-18 00:28:11,733 [27e27663-33d5-44e8-9c0f-eb0e3c2aee11@group-0E05BCBC6A81-LeaderElection26] INFO  impl.RoleInfo (RoleInfo.java:updateAndGet(143)) - 27e27663-33d5-44e8-9c0f-eb0e3c2aee11: start FollowerState
2019-10-18 00:28:11,737 [Thread-707] INFO  impl.FollowerState (FollowerState.java:run(108)) - 27e27663-33d5-44e8-9c0f-eb0e3c2aee11@group-0E05BCBC6A81-FollowerState: change to CANDIDATE, lastRpcTime:4ms, electionTimeout:4ms
2019-10-18 00:28:11,738 [Thread-707] INFO  impl.RoleInfo (RoleInfo.java:shutdownFollowerState(121)) - 27e27663-33d5-44e8-9c0f-eb0e3c2aee11: shutdown FollowerState
2019-10-18 00:28:11,738 [Thread-707] INFO  impl.RaftServerImpl (RaftServerImpl.java:setRole(184)) - 27e27663-33d5-44e8-9c0f-eb0e3c2aee11@group-0E05BCBC6A81: changes role from  FOLLOWER to CANDIDATE at term 23 for changeToCandidate
2019-10-18 00:28:11,739 [Thread-707] INFO  impl.RoleInfo (RoleInfo.java:updateAndGet(143)) - 27e27663-33d5-44e8-9c0f-eb0e3c2aee11: start LeaderElection
2019-10-18 00:28:11,745 [EventQueue-PendingDeleteStatusForPendingDeleteHandler] INFO  block.SCMBlockDeletingService (SCMBlockDeletingService.java:handlePendingDeletes(115)) - Block deletion txnID mismatch in datanode 27e27663-33d5-44e8-9c0f-eb0e3c2aee11 for containerID 1. Datanode delete txnID: 0, SCM txnID: 1
2019-10-18 00:28:11,764 [27e27663-33d5-44e8-9c0f-eb0e3c2aee11@group-0E05BCBC6A81-LeaderElection27] INFO  impl.LeaderElection (LeaderElection.java:askForVotes(178)) - 27e27663-33d5-44e8-9c0f-eb0e3c2aee11@group-0E05BCBC6A81-LeaderElection27: begin an election at term 24 for 0: [efdea5f7-0978-4608-8df8-907f93177c26:192.168.164.253:40628, 27e27663-33d5-44e8-9c0f-eb0e3c2aee11:192.168.164.253:35650, 1c196293-af28-4849-9284-4cc1dd56b0a0:192.168.164.253:43223], old=null
2019-10-18 00:28:11,767 [grpc-default-executor-1] INFO  impl.RaftServerImpl (RaftServerImpl.java:setRole(184)) - 1c196293-af28-4849-9284-4cc1dd56b0a0@group-0E05BCBC6A81: changes role from  FOLLOWER to FOLLOWER at term 24 for recognizeCandidate:27e27663-33d5-44e8-9c0f-eb0e3c2aee11
2019-10-18 00:28:11,767 [grpc-default-executor-1] INFO  impl.RoleInfo (RoleInfo.java:shutdownFollowerState(121)) - 1c196293-af28-4849-9284-4cc1dd56b0a0: shutdown FollowerState
2019-10-18 00:28:11,767 [grpc-default-executor-6] INFO  impl.RaftServerImpl (RaftServerImpl.java:setRole(184)) - efdea5f7-0978-4608-8df8-907f93177c26@group-0E05BCBC6A81: changes role from  FOLLOWER to FOLLOWER at term 24 for recognizeCandidate:27e27663-33d5-44e8-9c0f-eb0e3c2aee11
2019-10-18 00:28:11,767 [Thread-705] INFO  impl.FollowerState (FollowerState.java:run(117)) - 1c196293-af28-4849-9284-4cc1dd56b0a0@group-0E05BCBC6A81-FollowerState was interrupted: java.lang.InterruptedException: sleep interrupted
2019-10-18 00:28:11,767 [grpc-default-executor-1] INFO  impl.RoleInfo (RoleInfo.java:updateAndGet(143)) - 1c196293-af28-4849-9284-4cc1dd56b0a0: start FollowerState
2019-10-18 00:28:11,767 [grpc-default-executor-6] INFO  impl.RoleInfo (RoleInfo.java:shutdownFollowerState(121)) - efdea5f7-0978-4608-8df8-907f93177c26: shutdown FollowerState
2019-10-18 00:28:11,768 [grpc-default-executor-6] INFO  impl.RoleInfo (RoleInfo.java:updateAndGet(143)) - efdea5f7-0978-4608-8df8-907f93177c26: start FollowerState
2019-10-18 00:28:11,768 [Thread-706] INFO  impl.FollowerState (FollowerState.java:run(117)) - efdea5f7-0978-4608-8df8-907f93177c26@group-0E05BCBC6A81-FollowerState was interrupted: java.lang.InterruptedException: sleep interrupted
2019-10-18 00:28:11,791 [27e27663-33d5-44e8-9c0f-eb0e3c2aee11@group-0E05BCBC6A81-LeaderElection27] INFO  impl.LeaderElection (LeaderElection.java:logAndReturn(56)) - 27e27663-33d5-44e8-9c0f-eb0e3c2aee11@group-0E05BCBC6A81-LeaderElection27: Election REJECTED; received 2 response(s) [27e27663-33d5-44e8-9c0f-eb0e3c2aee11<-efdea5f7-0978-4608-8df8-907f93177c26#0:FAIL-t24, 27e27663-33d5-44e8-9c0f-eb0e3c2aee11<-1c196293-af28-4849-9284-4cc1dd56b0a0#0:FAIL-t24] and 0 exception(s); 27e27663-33d5-44e8-9c0f-eb0e3c2aee11@group-0E05BCBC6A81:t24, leader=null, voted=27e27663-33d5-44e8-9c0f-eb0e3c2aee11, raftlog=27e27663-33d5-44e8-9c0f-eb0e3c2aee11@group-0E05BCBC6A81-SegmentedRaftLog:OPENED:c3,f4,i4, conf=0: [efdea5f7-0978-4608-8df8-907f93177c26:192.168.164.253:40628, 27e27663-33d5-44e8-9c0f-eb0e3c2aee11:192.168.164.253:35650, 1c196293-af28-4849-9284-4cc1dd56b0a0:192.168.164.253:43223], old=null
2019-10-18 00:28:11,791 [27e27663-33d5-44e8-9c0f-eb0e3c2aee11@group-0E05BCBC6A81-LeaderElection27] INFO  impl.RaftServerImpl (RaftServerImpl.java:setRole(184)) - 27e27663-33d5-44e8-9c0f-eb0e3c2aee11@group-0E05BCBC6A81: changes role from CANDIDATE to FOLLOWER at term 24 for DISCOVERED_A_NEW_TERM
2019-10-18 00:28:11,792 [27e27663-33d5-44e8-9c0f-eb0e3c2aee11@group-0E05BCBC6A81-LeaderElection27] INFO  impl.RoleInfo (RoleInfo.java:shutdownLeaderElection(134)) - 27e27663-33d5-44e8-9c0f-eb0e3c2aee11: shutdown LeaderElection
2019-10-18 00:28:11,792 [27e27663-33d5-44e8-9c0f-eb0e3c2aee11@group-0E05BCBC6A81-LeaderElection27] INFO  impl.RoleInfo (RoleInfo.java:updateAndGet(143)) - 27e27663-33d5-44e8-9c0f-eb0e3c2aee11: start FollowerState
2019-10-18 00:28:11,974 [Thread-713] INFO  impl.FollowerState (FollowerState.java:run(108)) - 27e27663-33d5-44e8-9c0f-eb0e3c2aee11@group-0E05BCBC6A81-FollowerState: change to CANDIDATE, lastRpcTime:182ms, electionTimeout:182ms
2019-10-18 00:28:11,976 [Thread-713] INFO  impl.RoleInfo (RoleInfo.java:shutdownFollowerState(121)) - 27e27663-33d5-44e8-9c0f-eb0e3c2aee11: shutdown FollowerState
2019-10-18 00:28:11,976 [Thread-713] INFO  impl.RaftServerImpl (RaftServerImpl.java:setRole(184)) - 27e27663-33d5-44e8-9c0f-eb0e3c2aee11@group-0E05BCBC6A81: changes role from  FOLLOWER to CANDIDATE at term 24 for changeToCandidate
2019-10-18 00:28:11,976 [Thread-713] INFO  impl.RoleInfo (RoleInfo.java:updateAndGet(143)) - 27e27663-33d5-44e8-9c0f-eb0e3c2aee11: start LeaderElection
2019-10-18 00:28:11,986 [Thread-717] INFO  client.GrpcClientProtocolService (GrpcClientProtocolService.java:lambda$processClientRequest$0(278)) - Failed RaftClientRequest:client-4C7A307276C4->1c196293-af28-4849-9284-4cc1dd56b0a0@group-0E05BCBC6A81, cid=10, seq=0, Watch-ALL_COMMITTED(6), Message:<EMPTY>, reply=RaftClientReply:client-4C7A307276C4->1c196293-af28-4849-9284-4cc1dd56b0a0@group-0E05BCBC6A81, cid=10, FAILED org.apache.ratis.protocol.NotLeaderException: Server 1c196293-af28-4849-9284-4cc1dd56b0a0@group-0E05BCBC6A81 is not the leader, logIndex=0, commits[1c196293-af28-4849-9284-4cc1dd56b0a0:c10, efdea5f7-0978-4608-8df8-907f93177c26:c10, 27e27663-33d5-44e8-9c0f-eb0e3c2aee11:c4]
2019-10-18 00:28:12,007 [27e27663-33d5-44e8-9c0f-eb0e3c2aee11@group-0E05BCBC6A81-LeaderElection28] INFO  impl.LeaderElection (LeaderElection.java:askForVotes(178)) - 27e27663-33d5-44e8-9c0f-eb0e3c2aee11@group-0E05BCBC6A81-LeaderElection28: begin an election at term 25 for 0: [efdea5f7-0978-4608-8df8-907f93177c26:192.168.164.253:40628, 27e27663-33d5-44e8-9c0f-eb0e3c2aee11:192.168.164.253:35650, 1c196293-af28-4849-9284-4cc1dd56b0a0:192.168.164.253:43223], old=null
2019-10-18 00:28:12,011 [grpc-default-executor-6] INFO  impl.RaftServerImpl (RaftServerImpl.java:setRole(184)) - 1c196293-af28-4849-9284-4cc1dd56b0a0@group-0E05BCBC6A81: changes role from  FOLLOWER to FOLLOWER at term 25 for recognizeCandidate:27e27663-33d5-44e8-9c0f-eb0e3c2aee11
2019-10-18 00:28:12,015 [grpc-default-executor-1] INFO  impl.RaftServerImpl (RaftServerImpl.java:setRole(184)) - efdea5f7-0978-4608-8df8-907f93177c26@group-0E05BCBC6A81: changes role from  FOLLOWER to FOLLOWER at term 25 for recognizeCandidate:27e27663-33d5-44e8-9c0f-eb0e3c2aee11
2019-10-18 00:28:12,015 [grpc-default-executor-1] INFO  impl.RoleInfo (RoleInfo.java:shutdownFollowerState(121)) - efdea5f7-0978-4608-8df8-907f93177c26: shutdown FollowerState
2019-10-18 00:28:12,015 [grpc-default-executor-6] INFO  impl.RoleInfo (RoleInfo.java:shutdownFollowerState(121)) - 1c196293-af28-4849-9284-4cc1dd56b0a0: shutdown FollowerState
2019-10-18 00:28:12,016 [grpc-default-executor-1] INFO  impl.RoleInfo (RoleInfo.java:updateAndGet(143)) - efdea5f7-0978-4608-8df8-907f93177c26: start FollowerState
2019-10-18 00:28:12,016 [Thread-712] INFO  impl.FollowerState (FollowerState.java:run(117)) - efdea5f7-0978-4608-8df8-907f93177c26@group-0E05BCBC6A81-FollowerState was interrupted: java.lang.InterruptedException: sleep interrupted
2019-10-18 00:28:12,016 [Thread-711] INFO  impl.FollowerState (FollowerState.java:run(117)) - 1c196293-af28-4849-9284-4cc1dd56b0a0@group-0E05BCBC6A81-FollowerState was interrupted: java.lang.InterruptedException: sleep interrupted
2019-10-18 00:28:12,016 [grpc-default-executor-6] INFO  impl.RoleInfo (RoleInfo.java:updateAndGet(143)) - 1c196293-af28-4849-9284-4cc1dd56b0a0: start FollowerState
2019-10-18 00:28:12,042 [27e27663-33d5-44e8-9c0f-eb0e3c2aee11@group-0E05BCBC6A81-LeaderElection28] INFO  impl.LeaderElection (LeaderElection.java:logAndReturn(56)) - 27e27663-33d5-44e8-9c0f-eb0e3c2aee11@group-0E05BCBC6A81-LeaderElection28: Election REJECTED; received 2 response(s) [27e27663-33d5-44e8-9c0f-eb0e3c2aee11<-efdea5f7-0978-4608-8df8-907f93177c26#0:FAIL-t25, 27e27663-33d5-44e8-9c0f-eb0e3c2aee11<-1c196293-af28-4849-9284-4cc1dd56b0a0#0:FAIL-t25] and 0 exception(s); 27e27663-33d5-44e8-9c0f-eb0e3c2aee11@group-0E05BCBC6A81:t25, leader=null, voted=27e27663-33d5-44e8-9c0f-eb0e3c2aee11, raftlog=27e27663-33d5-44e8-9c0f-eb0e3c2aee11@group-0E05BCBC6A81-SegmentedRaftLog:OPENED:c3,f4,i4, conf=0: [efdea5f7-0978-4608-8df8-907f93177c26:192.168.164.253:40628, 27e27663-33d5-44e8-9c0f-eb0e3c2aee11:192.168.164.253:35650, 1c196293-af28-4849-9284-4cc1dd56b0a0:192.168.164.253:43223], old=null
2019-10-18 00:28:12,043 [27e27663-33d5-44e8-9c0f-eb0e3c2aee11@group-0E05BCBC6A81-LeaderElection28] INFO  impl.RaftServerImpl (RaftServerImpl.java:setRole(184)) - 27e27663-33d5-44e8-9c0f-eb0e3c2aee11@group-0E05BCBC6A81: changes role from CANDIDATE to FOLLOWER at term 25 for DISCOVERED_A_NEW_TERM
2019-10-18 00:28:12,043 [27e27663-33d5-44e8-9c0f-eb0e3c2aee11@group-0E05BCBC6A81-LeaderElection28] INFO  impl.RoleInfo (RoleInfo.java:shutdownLeaderElection(134)) - 27e27663-33d5-44e8-9c0f-eb0e3c2aee11: shutdown LeaderElection
2019-10-18 00:28:12,043 [27e27663-33d5-44e8-9c0f-eb0e3c2aee11@group-0E05BCBC6A81-LeaderElection28] INFO  impl.RoleInfo (RoleInfo.java:updateAndGet(143)) - 27e27663-33d5-44e8-9c0f-eb0e3c2aee11: start FollowerState
2019-10-18 00:28:12,140 [BlockDeletingService#2] WARN  background.BlockDeletingService (BlockDeletingService.java:isDeletionAllowed(187)) - Close Container log Index 6 is not replicated across allthe servers in the pipeline 75404b60-6d3b-4b77-b495-0e05bcbc6a81 as the min replicated index is 4. Deletion is not allowed in this container yet.
2019-10-18 00:28:12,142 [BlockDeletingService#2] WARN  background.BlockDeletingService (BlockDeletingService.java:isDeletionAllowed(187)) - Close Container log Index 6 is not replicated across allthe servers in the pipeline 75404b60-6d3b-4b77-b495-0e05bcbc6a81 as the min replicated index is 4. Deletion is not allowed in this container yet.
2019-10-18 00:28:12,195 [Thread-723] INFO  impl.FollowerState (FollowerState.java:run(108)) - 27e27663-33d5-44e8-9c0f-eb0e3c2aee11@group-0E05BCBC6A81-FollowerState: change to CANDIDATE, lastRpcTime:151ms, electionTimeout:151ms
2019-10-18 00:28:12,195 [Thread-723] INFO  impl.RoleInfo (RoleInfo.java:shutdownFollowerState(121)) - 27e27663-33d5-44e8-9c0f-eb0e3c2aee11: shutdown FollowerState
2019-10-18 00:28:12,195 [Thread-723] INFO  impl.RaftServerImpl (RaftServerImpl.java:setRole(184)) - 27e27663-33d5-44e8-9c0f-eb0e3c2aee11@group-0E05BCBC6A81: changes role from  FOLLOWER to CANDIDATE at term 25 for changeToCandidate
2019-10-18 00:28:12,195 [Thread-723] INFO  impl.RoleInfo (RoleInfo.java:updateAndGet(143)) - 27e27663-33d5-44e8-9c0f-eb0e3c2aee11: start LeaderElection
2019-10-18 00:28:12,224 [27e27663-33d5-44e8-9c0f-eb0e3c2aee11@group-0E05BCBC6A81-LeaderElection29] INFO  impl.LeaderElection (LeaderElection.java:askForVotes(178)) - 27e27663-33d5-44e8-9c0f-eb0e3c2aee11@group-0E05BCBC6A81-LeaderElection29: begin an election at term 26 for 0: [efdea5f7-0978-4608-8df8-907f93177c26:192.168.164.253:40628, 27e27663-33d5-44e8-9c0f-eb0e3c2aee11:192.168.164.253:35650, 1c196293-af28-4849-9284-4cc1dd56b0a0:192.168.164.253:43223], old=null
2019-10-18 00:28:12,228 [grpc-default-executor-6] INFO  impl.RaftServerImpl (RaftServerImpl.java:setRole(184)) - efdea5f7-0978-4608-8df8-907f93177c26@group-0E05BCBC6A81: changes role from  FOLLOWER to FOLLOWER at term 26 for recognizeCandidate:27e27663-33d5-44e8-9c0f-eb0e3c2aee11
2019-10-18 00:28:12,228 [grpc-default-executor-1] INFO  impl.RaftServerImpl (RaftServerImpl.java:setRole(184)) - 1c196293-af28-4849-9284-4cc1dd56b0a0@group-0E05BCBC6A81: changes role from  FOLLOWER to FOLLOWER at term 26 for recognizeCandidate:27e27663-33d5-44e8-9c0f-eb0e3c2aee11
2019-10-18 00:28:12,228 [grpc-default-executor-6] INFO  impl.RoleInfo (RoleInfo.java:shutdownFollowerState(121)) - efdea5f7-0978-4608-8df8-907f93177c26: shutdown FollowerState
2019-10-18 00:28:12,228 [grpc-default-executor-1] INFO  impl.RoleInfo (RoleInfo.java:shutdownFollowerState(121)) - 1c196293-af28-4849-9284-4cc1dd56b0a0: shutdown FollowerState
2019-10-18 00:28:12,228 [grpc-default-executor-6] INFO  impl.RoleInfo (RoleInfo.java:updateAndGet(143)) - efdea5f7-0978-4608-8df8-907f93177c26: start FollowerState
2019-10-18 00:28:12,228 [Thread-721] INFO  impl.FollowerState (FollowerState.java:run(117)) - efdea5f7-0978-4608-8df8-907f93177c26@group-0E05BCBC6A81-FollowerState was interrupted: java.lang.InterruptedException: sleep interrupted
2019-10-18 00:28:12,229 [grpc-default-executor-1] INFO  impl.RoleInfo (RoleInfo.java:updateAndGet(143)) - 1c196293-af28-4849-9284-4cc1dd56b0a0: start FollowerState
2019-10-18 00:28:12,229 [Thread-722] INFO  impl.FollowerState (FollowerState.java:run(117)) - 1c196293-af28-4849-9284-4cc1dd56b0a0@group-0E05BCBC6A81-FollowerState was interrupted: java.lang.InterruptedException: sleep interrupted
2019-10-18 00:28:12,251 [27e27663-33d5-44e8-9c0f-eb0e3c2aee11@group-0E05BCBC6A81-LeaderElection29] INFO  impl.LeaderElection (LeaderElection.java:logAndReturn(56)) - 27e27663-33d5-44e8-9c0f-eb0e3c2aee11@group-0E05BCBC6A81-LeaderElection29: Election REJECTED; received 2 response(s) [27e27663-33d5-44e8-9c0f-eb0e3c2aee11<-efdea5f7-0978-4608-8df8-907f93177c26#0:FAIL-t26, 27e27663-33d5-44e8-9c0f-eb0e3c2aee11<-1c196293-af28-4849-9284-4cc1dd56b0a0#0:FAIL-t26] and 0 exception(s); 27e27663-33d5-44e8-9c0f-eb0e3c2aee11@group-0E05BCBC6A81:t26, leader=null, voted=27e27663-33d5-44e8-9c0f-eb0e3c2aee11, raftlog=27e27663-33d5-44e8-9c0f-eb0e3c2aee11@group-0E05BCBC6A81-SegmentedRaftLog:OPENED:c3,f4,i4, conf=0: [efdea5f7-0978-4608-8df8-907f93177c26:192.168.164.253:40628, 27e27663-33d5-44e8-9c0f-eb0e3c2aee11:192.168.164.253:35650, 1c196293-af28-4849-9284-4cc1dd56b0a0:192.168.164.253:43223], old=null
2019-10-18 00:28:12,251 [27e27663-33d5-44e8-9c0f-eb0e3c2aee11@group-0E05BCBC6A81-LeaderElection29] INFO  impl.RaftServerImpl (RaftServerImpl.java:setRole(184)) - 27e27663-33d5-44e8-9c0f-eb0e3c2aee11@group-0E05BCBC6A81: changes role from CANDIDATE to FOLLOWER at term 26 for DISCOVERED_A_NEW_TERM
2019-10-18 00:28:12,251 [27e27663-33d5-44e8-9c0f-eb0e3c2aee11@group-0E05BCBC6A81-LeaderElection29] INFO  impl.RoleInfo (RoleInfo.java:shutdownLeaderElection(134)) - 27e27663-33d5-44e8-9c0f-eb0e3c2aee11: shutdown LeaderElection
2019-10-18 00:28:12,252 [27e27663-33d5-44e8-9c0f-eb0e3c2aee11@group-0E05BCBC6A81-LeaderElection29] INFO  impl.RoleInfo (RoleInfo.java:updateAndGet(143)) - 27e27663-33d5-44e8-9c0f-eb0e3c2aee11: start FollowerState
2019-10-18 00:28:12,258 [SCMBlockDeletingService#1] INFO  block.SCMBlockDeletingService (SCMBlockDeletingService.java:call(184)) - Totally added 1 delete blocks command for 1 datanodes, task elapsed time: 0ms
2019-10-18 00:28:12,259 [pool-7-thread-4] INFO  commands.RetriableDatanodeEventWatcher (RetriableDatanodeEventWatcher.java:onTimeout(47)) - RetriableDatanodeCommand type=deleteBlocksCommand with id=1571358486253 timed out. Retrying.
2019-10-18 00:28:12,260 [pool-7-thread-5] INFO  commands.RetriableDatanodeEventWatcher (RetriableDatanodeEventWatcher.java:onTimeout(47)) - RetriableDatanodeCommand type=deleteBlocksCommand with id=1571358486256 timed out. Retrying.
2019-10-18 00:28:12,260 [pool-7-thread-6] INFO  commands.RetriableDatanodeEventWatcher (RetriableDatanodeEventWatcher.java:onTimeout(47)) - RetriableDatanodeCommand type=deleteBlocksCommand with id=1571358486257 timed out. Retrying.
2019-10-18 00:28:12,260 [pool-7-thread-1] INFO  commands.RetriableDatanodeEventWatcher (RetriableDatanodeEventWatcher.java:onTimeout(47)) - RetriableDatanodeCommand type=deleteBlocksCommand with id=1571358486250 timed out. Retrying.
2019-10-18 00:28:12,260 [pool-7-thread-3] INFO  commands.RetriableDatanodeEventWatcher (RetriableDatanodeEventWatcher.java:onTimeout(47)) - RetriableDatanodeCommand type=deleteBlocksCommand with id=1571358486259 timed out. Retrying.
2019-10-18 00:28:12,261 [pool-7-thread-2] INFO  commands.RetriableDatanodeEventWatcher (RetriableDatanodeEventWatcher.java:onTimeout(47)) - RetriableDatanodeCommand type=deleteBlocksCommand with id=1571358486258 timed out. Retrying.
2019-10-18 00:28:12,380 [Thread-731] INFO  impl.FollowerState (FollowerState.java:run(108)) - 27e27663-33d5-44e8-9c0f-eb0e3c2aee11@group-0E05BCBC6A81-FollowerState: change to CANDIDATE, lastRpcTime:128ms, electionTimeout:128ms
2019-10-18 00:28:12,380 [Thread-731] INFO  impl.RoleInfo (RoleInfo.java:shutdownFollowerState(121)) - 27e27663-33d5-44e8-9c0f-eb0e3c2aee11: shutdown FollowerState
2019-10-18 00:28:12,380 [Thread-731] INFO  impl.RaftServerImpl (RaftServerImpl.java:setRole(184)) - 27e27663-33d5-44e8-9c0f-eb0e3c2aee11@group-0E05BCBC6A81: changes role from  FOLLOWER to CANDIDATE at term 26 for changeToCandidate
2019-10-18 00:28:12,381 [Thread-731] INFO  impl.RoleInfo (RoleInfo.java:updateAndGet(143)) - 27e27663-33d5-44e8-9c0f-eb0e3c2aee11: start LeaderElection
2019-10-18 00:28:12,409 [27e27663-33d5-44e8-9c0f-eb0e3c2aee11@group-0E05BCBC6A81-LeaderElection30] INFO  impl.LeaderElection (LeaderElection.java:askForVotes(178)) - 27e27663-33d5-44e8-9c0f-eb0e3c2aee11@group-0E05BCBC6A81-LeaderElection30: begin an election at term 27 for 0: [efdea5f7-0978-4608-8df8-907f93177c26:192.168.164.253:40628, 27e27663-33d5-44e8-9c0f-eb0e3c2aee11:192.168.164.253:35650, 1c196293-af28-4849-9284-4cc1dd56b0a0:192.168.164.253:43223], old=null
2019-10-18 00:28:12,412 [grpc-default-executor-1] INFO  impl.RaftServerImpl (RaftServerImpl.java:setRole(184)) - efdea5f7-0978-4608-8df8-907f93177c26@group-0E05BCBC6A81: changes role from  FOLLOWER to FOLLOWER at term 27 for recognizeCandidate:27e27663-33d5-44e8-9c0f-eb0e3c2aee11
2019-10-18 00:28:12,412 [grpc-default-executor-6] INFO  impl.RaftServerImpl (RaftServerImpl.java:setRole(184)) - 1c196293-af28-4849-9284-4cc1dd56b0a0@group-0E05BCBC6A81: changes role from  FOLLOWER to FOLLOWER at term 27 for recognizeCandidate:27e27663-33d5-44e8-9c0f-eb0e3c2aee11
2019-10-18 00:28:12,412 [grpc-default-executor-1] INFO  impl.RoleInfo (RoleInfo.java:shutdownFollowerState(121)) - efdea5f7-0978-4608-8df8-907f93177c26: shutdown FollowerState
2019-10-18 00:28:12,412 [grpc-default-executor-6] INFO  impl.RoleInfo (RoleInfo.java:shutdownFollowerState(121)) - 1c196293-af28-4849-9284-4cc1dd56b0a0: shutdown FollowerState
2019-10-18 00:28:12,412 [grpc-default-executor-1] INFO  impl.RoleInfo (RoleInfo.java:updateAndGet(143)) - efdea5f7-0978-4608-8df8-907f93177c26: start FollowerState
2019-10-18 00:28:12,412 [Thread-729] INFO  impl.FollowerState (FollowerState.java:run(117)) - efdea5f7-0978-4608-8df8-907f93177c26@group-0E05BCBC6A81-FollowerState was interrupted: java.lang.InterruptedException: sleep interrupted
2019-10-18 00:28:12,413 [Thread-730] INFO  impl.FollowerState (FollowerState.java:run(117)) - 1c196293-af28-4849-9284-4cc1dd56b0a0@group-0E05BCBC6A81-FollowerState was interrupted: java.lang.InterruptedException: sleep interrupted
2019-10-18 00:28:12,413 [grpc-default-executor-6] INFO  impl.RoleInfo (RoleInfo.java:updateAndGet(143)) - 1c196293-af28-4849-9284-4cc1dd56b0a0: start FollowerState
2019-10-18 00:28:12,444 [27e27663-33d5-44e8-9c0f-eb0e3c2aee11@group-0E05BCBC6A81-LeaderElection30] INFO  impl.LeaderElection (LeaderElection.java:logAndReturn(56)) - 27e27663-33d5-44e8-9c0f-eb0e3c2aee11@group-0E05BCBC6A81-LeaderElection30: Election REJECTED; received 2 response(s) [27e27663-33d5-44e8-9c0f-eb0e3c2aee11<-efdea5f7-0978-4608-8df8-907f93177c26#0:FAIL-t27, 27e27663-33d5-44e8-9c0f-eb0e3c2aee11<-1c196293-af28-4849-9284-4cc1dd56b0a0#0:FAIL-t27] and 0 exception(s); 27e27663-33d5-44e8-9c0f-eb0e3c2aee11@group-0E05BCBC6A81:t27, leader=null, voted=27e27663-33d5-44e8-9c0f-eb0e3c2aee11, raftlog=27e27663-33d5-44e8-9c0f-eb0e3c2aee11@group-0E05BCBC6A81-SegmentedRaftLog:OPENED:c3,f4,i4, conf=0: [efdea5f7-0978-4608-8df8-907f93177c26:192.168.164.253:40628, 27e27663-33d5-44e8-9c0f-eb0e3c2aee11:192.168.164.253:35650, 1c196293-af28-4849-9284-4cc1dd56b0a0:192.168.164.253:43223], old=null
2019-10-18 00:28:12,444 [27e27663-33d5-44e8-9c0f-eb0e3c2aee11@group-0E05BCBC6A81-LeaderElection30] INFO  impl.RaftServerImpl (RaftServerImpl.java:setRole(184)) - 27e27663-33d5-44e8-9c0f-eb0e3c2aee11@group-0E05BCBC6A81: changes role from CANDIDATE to FOLLOWER at term 27 for DISCOVERED_A_NEW_TERM
2019-10-18 00:28:12,444 [27e27663-33d5-44e8-9c0f-eb0e3c2aee11@group-0E05BCBC6A81-LeaderElection30] INFO  impl.RoleInfo (RoleInfo.java:shutdownLeaderElection(134)) - 27e27663-33d5-44e8-9c0f-eb0e3c2aee11: shutdown LeaderElection
2019-10-18 00:28:12,444 [27e27663-33d5-44e8-9c0f-eb0e3c2aee11@group-0E05BCBC6A81-LeaderElection30] INFO  impl.RoleInfo (RoleInfo.java:updateAndGet(143)) - 27e27663-33d5-44e8-9c0f-eb0e3c2aee11: start FollowerState
2019-10-18 00:28:12,478 [java.util.concurrent.ThreadPoolExecutor$Worker@18e403b4[State = -1, empty queue]] WARN  server.GrpcLogAppender (GrpcLogAppender.java:timeoutAppendRequest(209)) - efdea5f7-0978-4608-8df8-907f93177c26@group-0E05BCBC6A81->27e27663-33d5-44e8-9c0f-eb0e3c2aee11-GrpcLogAppender: appendEntries Timeout, request=efdea5f7-0978-4608-8df8-907f93177c26->27e27663-33d5-44e8-9c0f-eb0e3c2aee11#52-t7, previous=(t:7, i:10), leaderCommit=10, initializing? false, entries: <empty>
2019-10-18 00:28:12,566 [Thread-737] INFO  impl.FollowerState (FollowerState.java:run(108)) - 27e27663-33d5-44e8-9c0f-eb0e3c2aee11@group-0E05BCBC6A81-FollowerState: change to CANDIDATE, lastRpcTime:121ms, electionTimeout:121ms
2019-10-18 00:28:12,566 [Thread-737] INFO  impl.RoleInfo (RoleInfo.java:shutdownFollowerState(121)) - 27e27663-33d5-44e8-9c0f-eb0e3c2aee11: shutdown FollowerState
2019-10-18 00:28:12,566 [Thread-737] INFO  impl.RaftServerImpl (RaftServerImpl.java:setRole(184)) - 27e27663-33d5-44e8-9c0f-eb0e3c2aee11@group-0E05BCBC6A81: changes role from  FOLLOWER to CANDIDATE at term 27 for changeToCandidate
2019-10-18 00:28:12,566 [Thread-737] INFO  impl.RoleInfo (RoleInfo.java:updateAndGet(143)) - 27e27663-33d5-44e8-9c0f-eb0e3c2aee11: start LeaderElection
2019-10-18 00:28:12,601 [27e27663-33d5-44e8-9c0f-eb0e3c2aee11@group-0E05BCBC6A81-LeaderElection31] INFO  impl.LeaderElection (LeaderElection.java:askForVotes(178)) - 27e27663-33d5-44e8-9c0f-eb0e3c2aee11@group-0E05BCBC6A81-LeaderElection31: begin an election at term 28 for 0: [efdea5f7-0978-4608-8df8-907f93177c26:192.168.164.253:40628, 27e27663-33d5-44e8-9c0f-eb0e3c2aee11:192.168.164.253:35650, 1c196293-af28-4849-9284-4cc1dd56b0a0:192.168.164.253:43223], old=null
2019-10-18 00:28:12,604 [grpc-default-executor-6] INFO  impl.RaftServerImpl (RaftServerImpl.java:setRole(184)) - efdea5f7-0978-4608-8df8-907f93177c26@group-0E05BCBC6A81: changes role from  FOLLOWER to FOLLOWER at term 28 for recognizeCandidate:27e27663-33d5-44e8-9c0f-eb0e3c2aee11
2019-10-18 00:28:12,604 [grpc-default-executor-6] INFO  impl.RoleInfo (RoleInfo.java:shutdownFollowerState(121)) - efdea5f7-0978-4608-8df8-907f93177c26: shutdown FollowerState
2019-10-18 00:28:12,604 [grpc-default-executor-1] INFO  impl.RaftServerImpl (RaftServerImpl.java:setRole(184)) - 1c196293-af28-4849-9284-4cc1dd56b0a0@group-0E05BCBC6A81: changes role from  FOLLOWER to FOLLOWER at term 28 for recognizeCandidate:27e27663-33d5-44e8-9c0f-eb0e3c2aee11
2019-10-18 00:28:12,604 [Thread-735] INFO  impl.FollowerState (FollowerState.java:run(117)) - efdea5f7-0978-4608-8df8-907f93177c26@group-0E05BCBC6A81-FollowerState was interrupted: java.lang.InterruptedException: sleep interrupted
2019-10-18 00:28:12,604 [grpc-default-executor-6] INFO  impl.RoleInfo (RoleInfo.java:updateAndGet(143)) - efdea5f7-0978-4608-8df8-907f93177c26: start FollowerState
2019-10-18 00:28:12,604 [grpc-default-executor-1] INFO  impl.RoleInfo (RoleInfo.java:shutdownFollowerState(121)) - 1c196293-af28-4849-9284-4cc1dd56b0a0: shutdown FollowerState
2019-10-18 00:28:12,605 [Thread-736] INFO  impl.FollowerState (FollowerState.java:run(117)) - 1c196293-af28-4849-9284-4cc1dd56b0a0@group-0E05BCBC6A81-FollowerState was interrupted: java.lang.InterruptedException: sleep interrupted
2019-10-18 00:28:12,605 [grpc-default-executor-1] INFO  impl.RoleInfo (RoleInfo.java:updateAndGet(143)) - 1c196293-af28-4849-9284-4cc1dd56b0a0: start FollowerState
2019-10-18 00:28:12,628 [27e27663-33d5-44e8-9c0f-eb0e3c2aee11@group-0E05BCBC6A81-LeaderElection31] INFO  impl.LeaderElection (LeaderElection.java:logAndReturn(56)) - 27e27663-33d5-44e8-9c0f-eb0e3c2aee11@group-0E05BCBC6A81-LeaderElection31: Election REJECTED; received 2 response(s) [27e27663-33d5-44e8-9c0f-eb0e3c2aee11<-efdea5f7-0978-4608-8df8-907f93177c26#0:FAIL-t28, 27e27663-33d5-44e8-9c0f-eb0e3c2aee11<-1c196293-af28-4849-9284-4cc1dd56b0a0#0:FAIL-t28] and 0 exception(s); 27e27663-33d5-44e8-9c0f-eb0e3c2aee11@group-0E05BCBC6A81:t28, leader=null, voted=27e27663-33d5-44e8-9c0f-eb0e3c2aee11, raftlog=27e27663-33d5-44e8-9c0f-eb0e3c2aee11@group-0E05BCBC6A81-SegmentedRaftLog:OPENED:c3,f4,i4, conf=0: [efdea5f7-0978-4608-8df8-907f93177c26:192.168.164.253:40628, 27e27663-33d5-44e8-9c0f-eb0e3c2aee11:192.168.164.253:35650, 1c196293-af28-4849-9284-4cc1dd56b0a0:192.168.164.253:43223], old=null
2019-10-18 00:28:12,628 [27e27663-33d5-44e8-9c0f-eb0e3c2aee11@group-0E05BCBC6A81-LeaderElection31] INFO  impl.RaftServerImpl (RaftServerImpl.java:setRole(184)) - 27e27663-33d5-44e8-9c0f-eb0e3c2aee11@group-0E05BCBC6A81: changes role from CANDIDATE to FOLLOWER at term 28 for DISCOVERED_A_NEW_TERM
2019-10-18 00:28:12,628 [27e27663-33d5-44e8-9c0f-eb0e3c2aee11@group-0E05BCBC6A81-LeaderElection31] INFO  impl.RoleInfo (RoleInfo.java:shutdownLeaderElection(134)) - 27e27663-33d5-44e8-9c0f-eb0e3c2aee11: shutdown LeaderElection
2019-10-18 00:28:12,628 [27e27663-33d5-44e8-9c0f-eb0e3c2aee11@group-0E05BCBC6A81-LeaderElection31] INFO  impl.RoleInfo (RoleInfo.java:updateAndGet(143)) - 27e27663-33d5-44e8-9c0f-eb0e3c2aee11: start FollowerState
2019-10-18 00:28:12,767 [Thread-743] INFO  impl.FollowerState (FollowerState.java:run(108)) - 27e27663-33d5-44e8-9c0f-eb0e3c2aee11@group-0E05BCBC6A81-FollowerState: change to CANDIDATE, lastRpcTime:138ms, electionTimeout:138ms
2019-10-18 00:28:12,768 [Thread-743] INFO  impl.RoleInfo (RoleInfo.java:shutdownFollowerState(121)) - 27e27663-33d5-44e8-9c0f-eb0e3c2aee11: shutdown FollowerState
2019-10-18 00:28:12,768 [Thread-743] INFO  impl.RaftServerImpl (RaftServerImpl.java:setRole(184)) - 27e27663-33d5-44e8-9c0f-eb0e3c2aee11@group-0E05BCBC6A81: changes role from  FOLLOWER to CANDIDATE at term 28 for changeToCandidate
2019-10-18 00:28:12,768 [Thread-743] INFO  impl.RoleInfo (RoleInfo.java:updateAndGet(143)) - 27e27663-33d5-44e8-9c0f-eb0e3c2aee11: start LeaderElection
2019-10-18 00:28:12,793 [27e27663-33d5-44e8-9c0f-eb0e3c2aee11@group-0E05BCBC6A81-LeaderElection32] INFO  impl.LeaderElection (LeaderElection.java:askForVotes(178)) - 27e27663-33d5-44e8-9c0f-eb0e3c2aee11@group-0E05BCBC6A81-LeaderElection32: begin an election at term 29 for 0: [efdea5f7-0978-4608-8df8-907f93177c26:192.168.164.253:40628, 27e27663-33d5-44e8-9c0f-eb0e3c2aee11:192.168.164.253:35650, 1c196293-af28-4849-9284-4cc1dd56b0a0:192.168.164.253:43223], old=null
2019-10-18 00:28:12,796 [grpc-default-executor-1] INFO  impl.RaftServerImpl (RaftServerImpl.java:setRole(184)) - efdea5f7-0978-4608-8df8-907f93177c26@group-0E05BCBC6A81: changes role from  FOLLOWER to FOLLOWER at term 29 for recognizeCandidate:27e27663-33d5-44e8-9c0f-eb0e3c2aee11
2019-10-18 00:28:12,796 [grpc-default-executor-6] INFO  impl.RaftServerImpl (RaftServerImpl.java:setRole(184)) - 1c196293-af28-4849-9284-4cc1dd56b0a0@group-0E05BCBC6A81: changes role from  FOLLOWER to FOLLOWER at term 29 for recognizeCandidate:27e27663-33d5-44e8-9c0f-eb0e3c2aee11
2019-10-18 00:28:12,796 [grpc-default-executor-1] INFO  impl.RoleInfo (RoleInfo.java:shutdownFollowerState(121)) - efdea5f7-0978-4608-8df8-907f93177c26: shutdown FollowerState
2019-10-18 00:28:12,796 [grpc-default-executor-6] INFO  impl.RoleInfo (RoleInfo.java:shutdownFollowerState(121)) - 1c196293-af28-4849-9284-4cc1dd56b0a0: shutdown FollowerState
2019-10-18 00:28:12,797 [Thread-741] INFO  impl.FollowerState (FollowerState.java:run(117)) - efdea5f7-0978-4608-8df8-907f93177c26@group-0E05BCBC6A81-FollowerState was interrupted: java.lang.InterruptedException: sleep interrupted
2019-10-18 00:28:12,797 [grpc-default-executor-1] INFO  impl.RoleInfo (RoleInfo.java:updateAndGet(143)) - efdea5f7-0978-4608-8df8-907f93177c26: start FollowerState
2019-10-18 00:28:12,797 [Thread-742] INFO  impl.FollowerState (FollowerState.java:run(117)) - 1c196293-af28-4849-9284-4cc1dd56b0a0@group-0E05BCBC6A81-FollowerState was interrupted: java.lang.InterruptedException: sleep interrupted
2019-10-18 00:28:12,797 [grpc-default-executor-6] INFO  impl.RoleInfo (RoleInfo.java:updateAndGet(143)) - 1c196293-af28-4849-9284-4cc1dd56b0a0: start FollowerState
2019-10-18 00:28:12,820 [27e27663-33d5-44e8-9c0f-eb0e3c2aee11@group-0E05BCBC6A81-LeaderElection32] INFO  impl.LeaderElection (LeaderElection.java:logAndReturn(56)) - 27e27663-33d5-44e8-9c0f-eb0e3c2aee11@group-0E05BCBC6A81-LeaderElection32: Election REJECTED; received 2 response(s) [27e27663-33d5-44e8-9c0f-eb0e3c2aee11<-efdea5f7-0978-4608-8df8-907f93177c26#0:FAIL-t29, 27e27663-33d5-44e8-9c0f-eb0e3c2aee11<-1c196293-af28-4849-9284-4cc1dd56b0a0#0:FAIL-t29] and 0 exception(s); 27e27663-33d5-44e8-9c0f-eb0e3c2aee11@group-0E05BCBC6A81:t29, leader=null, voted=27e27663-33d5-44e8-9c0f-eb0e3c2aee11, raftlog=27e27663-33d5-44e8-9c0f-eb0e3c2aee11@group-0E05BCBC6A81-SegmentedRaftLog:OPENED:c3,f4,i4, conf=0: [efdea5f7-0978-4608-8df8-907f93177c26:192.168.164.253:40628, 27e27663-33d5-44e8-9c0f-eb0e3c2aee11:192.168.164.253:35650, 1c196293-af28-4849-9284-4cc1dd56b0a0:192.168.164.253:43223], old=null
2019-10-18 00:28:12,821 [27e27663-33d5-44e8-9c0f-eb0e3c2aee11@group-0E05BCBC6A81-LeaderElection32] INFO  impl.RaftServerImpl (RaftServerImpl.java:setRole(184)) - 27e27663-33d5-44e8-9c0f-eb0e3c2aee11@group-0E05BCBC6A81: changes role from CANDIDATE to FOLLOWER at term 29 for DISCOVERED_A_NEW_TERM
2019-10-18 00:28:12,821 [27e27663-33d5-44e8-9c0f-eb0e3c2aee11@group-0E05BCBC6A81-LeaderElection32] INFO  impl.RoleInfo (RoleInfo.java:shutdownLeaderElection(134)) - 27e27663-33d5-44e8-9c0f-eb0e3c2aee11: shutdown LeaderElection
2019-10-18 00:28:12,821 [27e27663-33d5-44e8-9c0f-eb0e3c2aee11@group-0E05BCBC6A81-LeaderElection32] INFO  impl.RoleInfo (RoleInfo.java:updateAndGet(143)) - 27e27663-33d5-44e8-9c0f-eb0e3c2aee11: start FollowerState
2019-10-18 00:28:13,009 [Thread-752] INFO  client.GrpcClientProtocolService (GrpcClientProtocolService.java:lambda$processClientRequest$0(278)) - Failed RaftClientRequest:client-4C7A307276C4->27e27663-33d5-44e8-9c0f-eb0e3c2aee11@group-0E05BCBC6A81, cid=10, seq=0, Watch-ALL_COMMITTED(6), Message:<EMPTY>, reply=RaftClientReply:client-4C7A307276C4->27e27663-33d5-44e8-9c0f-eb0e3c2aee11@group-0E05BCBC6A81, cid=10, FAILED org.apache.ratis.protocol.NotLeaderException: Server 27e27663-33d5-44e8-9c0f-eb0e3c2aee11@group-0E05BCBC6A81 is not the leader, logIndex=0, commits[27e27663-33d5-44e8-9c0f-eb0e3c2aee11:c3]
2019-10-18 00:28:13,010 [Thread-749] INFO  impl.FollowerState (FollowerState.java:run(108)) - 27e27663-33d5-44e8-9c0f-eb0e3c2aee11@group-0E05BCBC6A81-FollowerState: change to CANDIDATE, lastRpcTime:188ms, electionTimeout:188ms
2019-10-18 00:28:13,012 [Thread-749] INFO  impl.RoleInfo (RoleInfo.java:shutdownFollowerState(121)) - 27e27663-33d5-44e8-9c0f-eb0e3c2aee11: shutdown FollowerState
2019-10-18 00:28:13,013 [Thread-749] INFO  impl.RaftServerImpl (RaftServerImpl.java:setRole(184)) - 27e27663-33d5-44e8-9c0f-eb0e3c2aee11@group-0E05BCBC6A81: changes role from  FOLLOWER to CANDIDATE at term 29 for changeToCandidate
2019-10-18 00:28:13,013 [Thread-749] INFO  impl.RoleInfo (RoleInfo.java:updateAndGet(143)) - 27e27663-33d5-44e8-9c0f-eb0e3c2aee11: start LeaderElection
2019-10-18 00:28:13,044 [27e27663-33d5-44e8-9c0f-eb0e3c2aee11@group-0E05BCBC6A81-LeaderElection33] INFO  impl.LeaderElection (LeaderElection.java:askForVotes(178)) - 27e27663-33d5-44e8-9c0f-eb0e3c2aee11@group-0E05BCBC6A81-LeaderElection33: begin an election at term 30 for 0: [efdea5f7-0978-4608-8df8-907f93177c26:192.168.164.253:40628, 27e27663-33d5-44e8-9c0f-eb0e3c2aee11:192.168.164.253:35650, 1c196293-af28-4849-9284-4cc1dd56b0a0:192.168.164.253:43223], old=null
2019-10-18 00:28:13,048 [grpc-default-executor-6] INFO  impl.RaftServerImpl (RaftServerImpl.java:setRole(184)) - efdea5f7-0978-4608-8df8-907f93177c26@group-0E05BCBC6A81: changes role from  FOLLOWER to FOLLOWER at term 30 for recognizeCandidate:27e27663-33d5-44e8-9c0f-eb0e3c2aee11
2019-10-18 00:28:13,048 [grpc-default-executor-1] INFO  impl.RaftServerImpl (RaftServerImpl.java:setRole(184)) - 1c196293-af28-4849-9284-4cc1dd56b0a0@group-0E05BCBC6A81: changes role from  FOLLOWER to FOLLOWER at term 30 for recognizeCandidate:27e27663-33d5-44e8-9c0f-eb0e3c2aee11
2019-10-18 00:28:13,048 [grpc-default-executor-6] INFO  impl.RoleInfo (RoleInfo.java:shutdownFollowerState(121)) - efdea5f7-0978-4608-8df8-907f93177c26: shutdown FollowerState
2019-10-18 00:28:13,048 [grpc-default-executor-1] INFO  impl.RoleInfo (RoleInfo.java:shutdownFollowerState(121)) - 1c196293-af28-4849-9284-4cc1dd56b0a0: shutdown FollowerState
2019-10-18 00:28:13,048 [Thread-747] INFO  impl.FollowerState (FollowerState.java:run(117)) - efdea5f7-0978-4608-8df8-907f93177c26@group-0E05BCBC6A81-FollowerState was interrupted: java.lang.InterruptedException: sleep interrupted
2019-10-18 00:28:13,048 [grpc-default-executor-6] INFO  impl.RoleInfo (RoleInfo.java:updateAndGet(143)) - efdea5f7-0978-4608-8df8-907f93177c26: start FollowerState
2019-10-18 00:28:13,049 [Thread-748] INFO  impl.FollowerState (FollowerState.java:run(117)) - 1c196293-af28-4849-9284-4cc1dd56b0a0@group-0E05BCBC6A81-FollowerState was interrupted: java.lang.InterruptedException: sleep interrupted
2019-10-18 00:28:13,049 [grpc-default-executor-1] INFO  impl.RoleInfo (RoleInfo.java:updateAndGet(143)) - 1c196293-af28-4849-9284-4cc1dd56b0a0: start FollowerState
2019-10-18 00:28:13,079 [27e27663-33d5-44e8-9c0f-eb0e3c2aee11@group-0E05BCBC6A81-LeaderElection33] INFO  impl.LeaderElection (LeaderElection.java:logAndReturn(56)) - 27e27663-33d5-44e8-9c0f-eb0e3c2aee11@group-0E05BCBC6A81-LeaderElection33: Election REJECTED; received 2 response(s) [27e27663-33d5-44e8-9c0f-eb0e3c2aee11<-efdea5f7-0978-4608-8df8-907f93177c26#0:FAIL-t30, 27e27663-33d5-44e8-9c0f-eb0e3c2aee11<-1c196293-af28-4849-9284-4cc1dd56b0a0#0:FAIL-t30] and 0 exception(s); 27e27663-33d5-44e8-9c0f-eb0e3c2aee11@group-0E05BCBC6A81:t30, leader=null, voted=27e27663-33d5-44e8-9c0f-eb0e3c2aee11, raftlog=27e27663-33d5-44e8-9c0f-eb0e3c2aee11@group-0E05BCBC6A81-SegmentedRaftLog:OPENED:c3,f4,i4, conf=0: [efdea5f7-0978-4608-8df8-907f93177c26:192.168.164.253:40628, 27e27663-33d5-44e8-9c0f-eb0e3c2aee11:192.168.164.253:35650, 1c196293-af28-4849-9284-4cc1dd56b0a0:192.168.164.253:43223], old=null
2019-10-18 00:28:13,079 [27e27663-33d5-44e8-9c0f-eb0e3c2aee11@group-0E05BCBC6A81-LeaderElection33] INFO  impl.RaftServerImpl (RaftServerImpl.java:setRole(184)) - 27e27663-33d5-44e8-9c0f-eb0e3c2aee11@group-0E05BCBC6A81: changes role from CANDIDATE to FOLLOWER at term 30 for DISCOVERED_A_NEW_TERM
2019-10-18 00:28:13,080 [27e27663-33d5-44e8-9c0f-eb0e3c2aee11@group-0E05BCBC6A81-LeaderElection33] INFO  impl.RoleInfo (RoleInfo.java:shutdownLeaderElection(134)) - 27e27663-33d5-44e8-9c0f-eb0e3c2aee11: shutdown LeaderElection
2019-10-18 00:28:13,080 [27e27663-33d5-44e8-9c0f-eb0e3c2aee11@group-0E05BCBC6A81-LeaderElection33] INFO  impl.RoleInfo (RoleInfo.java:updateAndGet(143)) - 27e27663-33d5-44e8-9c0f-eb0e3c2aee11: start FollowerState
2019-10-18 00:28:13,132 [Thread-759] INFO  impl.FollowerState (FollowerState.java:run(108)) - 27e27663-33d5-44e8-9c0f-eb0e3c2aee11@group-0E05BCBC6A81-FollowerState: change to CANDIDATE, lastRpcTime:52ms, electionTimeout:52ms
2019-10-18 00:28:13,137 [Thread-759] INFO  impl.RoleInfo (RoleInfo.java:shutdownFollowerState(121)) - 27e27663-33d5-44e8-9c0f-eb0e3c2aee11: shutdown FollowerState
2019-10-18 00:28:13,137 [Thread-759] INFO  impl.RaftServerImpl (RaftServerImpl.java:setRole(184)) - 27e27663-33d5-44e8-9c0f-eb0e3c2aee11@group-0E05BCBC6A81: changes role from  FOLLOWER to CANDIDATE at term 30 for changeToCandidate
2019-10-18 00:28:13,137 [Thread-759] INFO  impl.RoleInfo (RoleInfo.java:updateAndGet(143)) - 27e27663-33d5-44e8-9c0f-eb0e3c2aee11: start LeaderElection
2019-10-18 00:28:13,143 [BlockDeletingService#2] WARN  background.BlockDeletingService (BlockDeletingService.java:isDeletionAllowed(187)) - Close Container log Index 6 is not replicated across allthe servers in the pipeline 75404b60-6d3b-4b77-b495-0e05bcbc6a81 as the min replicated index is 4. Deletion is not allowed in this container yet.
2019-10-18 00:28:13,143 [BlockDeletingService#2] WARN  background.BlockDeletingService (BlockDeletingService.java:isDeletionAllowed(187)) - Close Container log Index 6 is not replicated across allthe servers in the pipeline 75404b60-6d3b-4b77-b495-0e05bcbc6a81 as the min replicated index is 4. Deletion is not allowed in this container yet.
2019-10-18 00:28:13,162 [27e27663-33d5-44e8-9c0f-eb0e3c2aee11@group-0E05BCBC6A81-LeaderElection34] INFO  impl.LeaderElection (LeaderElection.java:askForVotes(178)) - 27e27663-33d5-44e8-9c0f-eb0e3c2aee11@group-0E05BCBC6A81-LeaderElection34: begin an election at term 31 for 0: [efdea5f7-0978-4608-8df8-907f93177c26:192.168.164.253:40628, 27e27663-33d5-44e8-9c0f-eb0e3c2aee11:192.168.164.253:35650, 1c196293-af28-4849-9284-4cc1dd56b0a0:192.168.164.253:43223], old=null
2019-10-18 00:28:13,164 [grpc-default-executor-1] INFO  impl.RaftServerImpl (RaftServerImpl.java:setRole(184)) - 1c196293-af28-4849-9284-4cc1dd56b0a0@group-0E05BCBC6A81: changes role from  FOLLOWER to FOLLOWER at term 31 for recognizeCandidate:27e27663-33d5-44e8-9c0f-eb0e3c2aee11
2019-10-18 00:28:13,164 [grpc-default-executor-6] INFO  impl.RaftServerImpl (RaftServerImpl.java:setRole(184)) - efdea5f7-0978-4608-8df8-907f93177c26@group-0E05BCBC6A81: changes role from  FOLLOWER to FOLLOWER at term 31 for recognizeCandidate:27e27663-33d5-44e8-9c0f-eb0e3c2aee11
2019-10-18 00:28:13,165 [grpc-default-executor-1] INFO  impl.RoleInfo (RoleInfo.java:shutdownFollowerState(121)) - 1c196293-af28-4849-9284-4cc1dd56b0a0: shutdown FollowerState
2019-10-18 00:28:13,165 [grpc-default-executor-6] INFO  impl.RoleInfo (RoleInfo.java:shutdownFollowerState(121)) - efdea5f7-0978-4608-8df8-907f93177c26: shutdown FollowerState
2019-10-18 00:28:13,165 [grpc-default-executor-1] INFO  impl.RoleInfo (RoleInfo.java:updateAndGet(143)) - 1c196293-af28-4849-9284-4cc1dd56b0a0: start FollowerState
2019-10-18 00:28:13,165 [Thread-758] INFO  impl.FollowerState (FollowerState.java:run(117)) - 1c196293-af28-4849-9284-4cc1dd56b0a0@group-0E05BCBC6A81-FollowerState was interrupted: java.lang.InterruptedException: sleep interrupted
2019-10-18 00:28:13,165 [Thread-757] INFO  impl.FollowerState (FollowerState.java:run(117)) - efdea5f7-0978-4608-8df8-907f93177c26@group-0E05BCBC6A81-FollowerState was interrupted: java.lang.InterruptedException: sleep interrupted
2019-10-18 00:28:13,165 [grpc-default-executor-6] INFO  impl.RoleInfo (RoleInfo.java:updateAndGet(143)) - efdea5f7-0978-4608-8df8-907f93177c26: start FollowerState
2019-10-18 00:28:13,189 [27e27663-33d5-44e8-9c0f-eb0e3c2aee11@group-0E05BCBC6A81-LeaderElection34] INFO  impl.LeaderElection (LeaderElection.java:logAndReturn(56)) - 27e27663-33d5-44e8-9c0f-eb0e3c2aee11@group-0E05BCBC6A81-LeaderElection34: Election REJECTED; received 2 response(s) [27e27663-33d5-44e8-9c0f-eb0e3c2aee11<-efdea5f7-0978-4608-8df8-907f93177c26#0:FAIL-t31, 27e27663-33d5-44e8-9c0f-eb0e3c2aee11<-1c196293-af28-4849-9284-4cc1dd56b0a0#0:FAIL-t31] and 0 exception(s); 27e27663-33d5-44e8-9c0f-eb0e3c2aee11@group-0E05BCBC6A81:t31, leader=null, voted=27e27663-33d5-44e8-9c0f-eb0e3c2aee11, raftlog=27e27663-33d5-44e8-9c0f-eb0e3c2aee11@group-0E05BCBC6A81-SegmentedRaftLog:OPENED:c3,f4,i4, conf=0: [efdea5f7-0978-4608-8df8-907f93177c26:192.168.164.253:40628, 27e27663-33d5-44e8-9c0f-eb0e3c2aee11:192.168.164.253:35650, 1c196293-af28-4849-9284-4cc1dd56b0a0:192.168.164.253:43223], old=null
2019-10-18 00:28:13,189 [27e27663-33d5-44e8-9c0f-eb0e3c2aee11@group-0E05BCBC6A81-LeaderElection34] INFO  impl.RaftServerImpl (RaftServerImpl.java:setRole(184)) - 27e27663-33d5-44e8-9c0f-eb0e3c2aee11@group-0E05BCBC6A81: changes role from CANDIDATE to FOLLOWER at term 31 for DISCOVERED_A_NEW_TERM
2019-10-18 00:28:13,190 [27e27663-33d5-44e8-9c0f-eb0e3c2aee11@group-0E05BCBC6A81-LeaderElection34] INFO  impl.RoleInfo (RoleInfo.java:shutdownLeaderElection(134)) - 27e27663-33d5-44e8-9c0f-eb0e3c2aee11: shutdown LeaderElection
2019-10-18 00:28:13,190 [27e27663-33d5-44e8-9c0f-eb0e3c2aee11@group-0E05BCBC6A81-LeaderElection34] INFO  impl.RoleInfo (RoleInfo.java:updateAndGet(143)) - 27e27663-33d5-44e8-9c0f-eb0e3c2aee11: start FollowerState
2019-10-18 00:28:13,229 [Thread-767] INFO  impl.FollowerState (FollowerState.java:run(108)) - 27e27663-33d5-44e8-9c0f-eb0e3c2aee11@group-0E05BCBC6A81-FollowerState: change to CANDIDATE, lastRpcTime:39ms, electionTimeout:39ms
2019-10-18 00:28:13,229 [Thread-767] INFO  impl.RoleInfo (RoleInfo.java:shutdownFollowerState(121)) - 27e27663-33d5-44e8-9c0f-eb0e3c2aee11: shutdown FollowerState
2019-10-18 00:28:13,230 [Thread-767] INFO  impl.RaftServerImpl (RaftServerImpl.java:setRole(184)) - 27e27663-33d5-44e8-9c0f-eb0e3c2aee11@group-0E05BCBC6A81: changes role from  FOLLOWER to CANDIDATE at term 31 for changeToCandidate
2019-10-18 00:28:13,230 [Thread-767] INFO  impl.RoleInfo (RoleInfo.java:updateAndGet(143)) - 27e27663-33d5-44e8-9c0f-eb0e3c2aee11: start LeaderElection
2019-10-18 00:28:13,255 [27e27663-33d5-44e8-9c0f-eb0e3c2aee11@group-0E05BCBC6A81-LeaderElection35] INFO  impl.LeaderElection (LeaderElection.java:askForVotes(178)) - 27e27663-33d5-44e8-9c0f-eb0e3c2aee11@group-0E05BCBC6A81-LeaderElection35: begin an election at term 32 for 0: [efdea5f7-0978-4608-8df8-907f93177c26:192.168.164.253:40628, 27e27663-33d5-44e8-9c0f-eb0e3c2aee11:192.168.164.253:35650, 1c196293-af28-4849-9284-4cc1dd56b0a0:192.168.164.253:43223], old=null
2019-10-18 00:28:13,258 [grpc-default-executor-6] INFO  impl.RaftServerImpl (RaftServerImpl.java:setRole(184)) - 1c196293-af28-4849-9284-4cc1dd56b0a0@group-0E05BCBC6A81: changes role from  FOLLOWER to FOLLOWER at term 32 for recognizeCandidate:27e27663-33d5-44e8-9c0f-eb0e3c2aee11
2019-10-18 00:28:13,258 [grpc-default-executor-1] INFO  impl.RaftServerImpl (RaftServerImpl.java:setRole(184)) - efdea5f7-0978-4608-8df8-907f93177c26@group-0E05BCBC6A81: changes role from  FOLLOWER to FOLLOWER at term 32 for recognizeCandidate:27e27663-33d5-44e8-9c0f-eb0e3c2aee11
2019-10-18 00:28:13,258 [pool-7-thread-2] INFO  commands.RetriableDatanodeEventWatcher (RetriableDatanodeEventWatcher.java:onTimeout(47)) - RetriableDatanodeCommand type=deleteBlocksCommand with id=1571358486260 timed out. Retrying.
2019-10-18 00:28:13,258 [grpc-default-executor-6] INFO  impl.RoleInfo (RoleInfo.java:shutdownFollowerState(121)) - 1c196293-af28-4849-9284-4cc1dd56b0a0: shutdown FollowerState
2019-10-18 00:28:13,258 [grpc-default-executor-1] INFO  impl.RoleInfo (RoleInfo.java:shutdownFollowerState(121)) - efdea5f7-0978-4608-8df8-907f93177c26: shutdown FollowerState
2019-10-18 00:28:13,259 [Thread-765] INFO  impl.FollowerState (FollowerState.java:run(117)) - 1c196293-af28-4849-9284-4cc1dd56b0a0@group-0E05BCBC6A81-FollowerState was interrupted: java.lang.InterruptedException: sleep interrupted
2019-10-18 00:28:13,258 [grpc-default-executor-6] INFO  impl.RoleInfo (RoleInfo.java:updateAndGet(143)) - 1c196293-af28-4849-9284-4cc1dd56b0a0: start FollowerState
2019-10-18 00:28:13,259 [grpc-default-executor-1] INFO  impl.RoleInfo (RoleInfo.java:updateAndGet(143)) - efdea5f7-0978-4608-8df8-907f93177c26: start FollowerState
2019-10-18 00:28:13,259 [Thread-766] INFO  impl.FollowerState (FollowerState.java:run(117)) - efdea5f7-0978-4608-8df8-907f93177c26@group-0E05BCBC6A81-FollowerState was interrupted: java.lang.InterruptedException: sleep interrupted
2019-10-18 00:28:13,260 [pool-7-thread-2] INFO  commands.RetriableDatanodeEventWatcher (RetriableDatanodeEventWatcher.java:onTimeout(47)) - RetriableDatanodeCommand type=deleteBlocksCommand with id=1571358486253 timed out. Retrying.
2019-10-18 00:28:13,260 [pool-7-thread-1] INFO  commands.RetriableDatanodeEventWatcher (RetriableDatanodeEventWatcher.java:onTimeout(47)) - RetriableDatanodeCommand type=deleteBlocksCommand with id=1571358486257 timed out. Retrying.
2019-10-18 00:28:13,260 [pool-7-thread-3] INFO  commands.RetriableDatanodeEventWatcher (RetriableDatanodeEventWatcher.java:onTimeout(47)) - RetriableDatanodeCommand type=deleteBlocksCommand with id=1571358486256 timed out. Retrying.
2019-10-18 00:28:13,260 [SCMBlockDeletingService#1] INFO  block.SCMBlockDeletingService (SCMBlockDeletingService.java:call(184)) - Totally added 1 delete blocks command for 1 datanodes, task elapsed time: 0ms
2019-10-18 00:28:13,261 [pool-7-thread-3] INFO  commands.RetriableDatanodeEventWatcher (RetriableDatanodeEventWatcher.java:onTimeout(47)) - RetriableDatanodeCommand type=deleteBlocksCommand with id=1571358486250 timed out. Retrying.
2019-10-18 00:28:13,261 [pool-7-thread-1] INFO  commands.RetriableDatanodeEventWatcher (RetriableDatanodeEventWatcher.java:onTimeout(47)) - RetriableDatanodeCommand type=deleteBlocksCommand with id=1571358486258 timed out. Retrying.
2019-10-18 00:28:13,261 [pool-7-thread-2] INFO  commands.RetriableDatanodeEventWatcher (RetriableDatanodeEventWatcher.java:onTimeout(47)) - RetriableDatanodeCommand type=deleteBlocksCommand with id=1571358486259 timed out. Retrying.
2019-10-18 00:28:13,282 [27e27663-33d5-44e8-9c0f-eb0e3c2aee11@group-0E05BCBC6A81-LeaderElection35] INFO  impl.LeaderElection (LeaderElection.java:logAndReturn(56)) - 27e27663-33d5-44e8-9c0f-eb0e3c2aee11@group-0E05BCBC6A81-LeaderElection35: Election REJECTED; received 2 response(s) [27e27663-33d5-44e8-9c0f-eb0e3c2aee11<-efdea5f7-0978-4608-8df8-907f93177c26#0:FAIL-t32, 27e27663-33d5-44e8-9c0f-eb0e3c2aee11<-1c196293-af28-4849-9284-4cc1dd56b0a0#0:FAIL-t32] and 0 exception(s); 27e27663-33d5-44e8-9c0f-eb0e3c2aee11@group-0E05BCBC6A81:t32, leader=null, voted=27e27663-33d5-44e8-9c0f-eb0e3c2aee11, raftlog=27e27663-33d5-44e8-9c0f-eb0e3c2aee11@group-0E05BCBC6A81-SegmentedRaftLog:OPENED:c3,f4,i4, conf=0: [efdea5f7-0978-4608-8df8-907f93177c26:192.168.164.253:40628, 27e27663-33d5-44e8-9c0f-eb0e3c2aee11:192.168.164.253:35650, 1c196293-af28-4849-9284-4cc1dd56b0a0:192.168.164.253:43223], old=null
2019-10-18 00:28:13,282 [27e27663-33d5-44e8-9c0f-eb0e3c2aee11@group-0E05BCBC6A81-LeaderElection35] INFO  impl.RaftServerImpl (RaftServerImpl.java:setRole(184)) - 27e27663-33d5-44e8-9c0f-eb0e3c2aee11@group-0E05BCBC6A81: changes role from CANDIDATE to FOLLOWER at term 32 for DISCOVERED_A_NEW_TERM
2019-10-18 00:28:13,282 [27e27663-33d5-44e8-9c0f-eb0e3c2aee11@group-0E05BCBC6A81-LeaderElection35] INFO  impl.RoleInfo (RoleInfo.java:shutdownLeaderElection(134)) - 27e27663-33d5-44e8-9c0f-eb0e3c2aee11: shutdown LeaderElection
2019-10-18 00:28:13,282 [27e27663-33d5-44e8-9c0f-eb0e3c2aee11@group-0E05BCBC6A81-LeaderElection35] INFO  impl.RoleInfo (RoleInfo.java:updateAndGet(143)) - 27e27663-33d5-44e8-9c0f-eb0e3c2aee11: start FollowerState
2019-10-18 00:28:13,291 [Thread-773] INFO  impl.FollowerState (FollowerState.java:run(108)) - 27e27663-33d5-44e8-9c0f-eb0e3c2aee11@group-0E05BCBC6A81-FollowerState: change to CANDIDATE, lastRpcTime:8ms, electionTimeout:8ms
2019-10-18 00:28:13,291 [Thread-773] INFO  impl.RoleInfo (RoleInfo.java:shutdownFollowerState(121)) - 27e27663-33d5-44e8-9c0f-eb0e3c2aee11: shutdown FollowerState
2019-10-18 00:28:13,291 [Thread-773] INFO  impl.RaftServerImpl (RaftServerImpl.java:setRole(184)) - 27e27663-33d5-44e8-9c0f-eb0e3c2aee11@group-0E05BCBC6A81: changes role from  FOLLOWER to CANDIDATE at term 32 for changeToCandidate
2019-10-18 00:28:13,291 [Thread-773] INFO  impl.RoleInfo (RoleInfo.java:updateAndGet(143)) - 27e27663-33d5-44e8-9c0f-eb0e3c2aee11: start LeaderElection
2019-10-18 00:28:13,314 [27e27663-33d5-44e8-9c0f-eb0e3c2aee11@group-0E05BCBC6A81-LeaderElection36] INFO  impl.LeaderElection (LeaderElection.java:askForVotes(178)) - 27e27663-33d5-44e8-9c0f-eb0e3c2aee11@group-0E05BCBC6A81-LeaderElection36: begin an election at term 33 for 0: [efdea5f7-0978-4608-8df8-907f93177c26:192.168.164.253:40628, 27e27663-33d5-44e8-9c0f-eb0e3c2aee11:192.168.164.253:35650, 1c196293-af28-4849-9284-4cc1dd56b0a0:192.168.164.253:43223], old=null
2019-10-18 00:28:13,317 [grpc-default-executor-1] INFO  impl.RaftServerImpl (RaftServerImpl.java:setRole(184)) - efdea5f7-0978-4608-8df8-907f93177c26@group-0E05BCBC6A81: changes role from  FOLLOWER to FOLLOWER at term 33 for recognizeCandidate:27e27663-33d5-44e8-9c0f-eb0e3c2aee11
2019-10-18 00:28:13,317 [grpc-default-executor-6] INFO  impl.RaftServerImpl (RaftServerImpl.java:setRole(184)) - 1c196293-af28-4849-9284-4cc1dd56b0a0@group-0E05BCBC6A81: changes role from  FOLLOWER to FOLLOWER at term 33 for recognizeCandidate:27e27663-33d5-44e8-9c0f-eb0e3c2aee11
2019-10-18 00:28:13,317 [grpc-default-executor-6] INFO  impl.RoleInfo (RoleInfo.java:shutdownFollowerState(121)) - 1c196293-af28-4849-9284-4cc1dd56b0a0: shutdown FollowerState
2019-10-18 00:28:13,317 [grpc-default-executor-1] INFO  impl.RoleInfo (RoleInfo.java:shutdownFollowerState(121)) - efdea5f7-0978-4608-8df8-907f93177c26: shutdown FollowerState
2019-10-18 00:28:13,317 [Thread-771] INFO  impl.FollowerState (FollowerState.java:run(117)) - 1c196293-af28-4849-9284-4cc1dd56b0a0@group-0E05BCBC6A81-FollowerState was interrupted: java.lang.InterruptedException: sleep interrupted
2019-10-18 00:28:13,317 [grpc-default-executor-6] INFO  impl.RoleInfo (RoleInfo.java:updateAndGet(143)) - 1c196293-af28-4849-9284-4cc1dd56b0a0: start FollowerState
2019-10-18 00:28:13,317 [grpc-default-executor-1] INFO  impl.RoleInfo (RoleInfo.java:updateAndGet(143)) - efdea5f7-0978-4608-8df8-907f93177c26: start FollowerState
2019-10-18 00:28:13,317 [Thread-772] INFO  impl.FollowerState (FollowerState.java:run(117)) - efdea5f7-0978-4608-8df8-907f93177c26@group-0E05BCBC6A81-FollowerState was interrupted: java.lang.InterruptedException: sleep interrupted
2019-10-18 00:28:13,323 [27e27663-33d5-44e8-9c0f-eb0e3c2aee11@group-0E05BCBC6A81-LeaderElection36] INFO  impl.LeaderElection (LeaderElection.java:logAndReturn(56)) - 27e27663-33d5-44e8-9c0f-eb0e3c2aee11@group-0E05BCBC6A81-LeaderElection36: Election TIMEOUT; received 0 response(s) [] and 0 exception(s); 27e27663-33d5-44e8-9c0f-eb0e3c2aee11@group-0E05BCBC6A81:t33, leader=null, voted=27e27663-33d5-44e8-9c0f-eb0e3c2aee11, raftlog=27e27663-33d5-44e8-9c0f-eb0e3c2aee11@group-0E05BCBC6A81-SegmentedRaftLog:OPENED:c3,f4,i4, conf=0: [efdea5f7-0978-4608-8df8-907f93177c26:192.168.164.253:40628, 27e27663-33d5-44e8-9c0f-eb0e3c2aee11:192.168.164.253:35650, 1c196293-af28-4849-9284-4cc1dd56b0a0:192.168.164.253:43223], old=null
2019-10-18 00:28:13,340 [27e27663-33d5-44e8-9c0f-eb0e3c2aee11@group-0E05BCBC6A81-LeaderElection36] INFO  impl.LeaderElection (LeaderElection.java:askForVotes(178)) - 27e27663-33d5-44e8-9c0f-eb0e3c2aee11@group-0E05BCBC6A81-LeaderElection36: begin an election at term 34 for 0: [efdea5f7-0978-4608-8df8-907f93177c26:192.168.164.253:40628, 27e27663-33d5-44e8-9c0f-eb0e3c2aee11:192.168.164.253:35650, 1c196293-af28-4849-9284-4cc1dd56b0a0:192.168.164.253:43223], old=null
2019-10-18 00:28:13,342 [grpc-default-executor-1] INFO  impl.RaftServerImpl (RaftServerImpl.java:setRole(184)) - efdea5f7-0978-4608-8df8-907f93177c26@group-0E05BCBC6A81: changes role from  FOLLOWER to FOLLOWER at term 34 for recognizeCandidate:27e27663-33d5-44e8-9c0f-eb0e3c2aee11
2019-10-18 00:28:13,342 [grpc-default-executor-1] INFO  impl.RoleInfo (RoleInfo.java:shutdownFollowerState(121)) - efdea5f7-0978-4608-8df8-907f93177c26: shutdown FollowerState
2019-10-18 00:28:13,342 [grpc-default-executor-6] INFO  impl.RaftServerImpl (RaftServerImpl.java:setRole(184)) - 1c196293-af28-4849-9284-4cc1dd56b0a0@group-0E05BCBC6A81: changes role from  FOLLOWER to FOLLOWER at term 34 for recognizeCandidate:27e27663-33d5-44e8-9c0f-eb0e3c2aee11
2019-10-18 00:28:13,342 [grpc-default-executor-1] INFO  impl.RoleInfo (RoleInfo.java:updateAndGet(143)) - efdea5f7-0978-4608-8df8-907f93177c26: start FollowerState
2019-10-18 00:28:13,342 [Thread-778] INFO  impl.FollowerState (FollowerState.java:run(117)) - efdea5f7-0978-4608-8df8-907f93177c26@group-0E05BCBC6A81-FollowerState was interrupted: java.lang.InterruptedException: sleep interrupted
2019-10-18 00:28:13,342 [grpc-default-executor-6] INFO  impl.RoleInfo (RoleInfo.java:shutdownFollowerState(121)) - 1c196293-af28-4849-9284-4cc1dd56b0a0: shutdown FollowerState
2019-10-18 00:28:13,342 [grpc-default-executor-6] INFO  impl.RoleInfo (RoleInfo.java:updateAndGet(143)) - 1c196293-af28-4849-9284-4cc1dd56b0a0: start FollowerState
2019-10-18 00:28:13,342 [Thread-777] INFO  impl.FollowerState (FollowerState.java:run(117)) - 1c196293-af28-4849-9284-4cc1dd56b0a0@group-0E05BCBC6A81-FollowerState was interrupted: java.lang.InterruptedException: sleep interrupted
2019-10-18 00:28:13,366 [27e27663-33d5-44e8-9c0f-eb0e3c2aee11@group-0E05BCBC6A81-LeaderElection36] INFO  impl.LeaderElection (LeaderElection.java:logAndReturn(56)) - 27e27663-33d5-44e8-9c0f-eb0e3c2aee11@group-0E05BCBC6A81-LeaderElection36: Election REJECTED; received 2 response(s) [27e27663-33d5-44e8-9c0f-eb0e3c2aee11<-efdea5f7-0978-4608-8df8-907f93177c26#0:FAIL-t34, 27e27663-33d5-44e8-9c0f-eb0e3c2aee11<-1c196293-af28-4849-9284-4cc1dd56b0a0#0:FAIL-t34] and 0 exception(s); 27e27663-33d5-44e8-9c0f-eb0e3c2aee11@group-0E05BCBC6A81:t34, leader=null, voted=27e27663-33d5-44e8-9c0f-eb0e3c2aee11, raftlog=27e27663-33d5-44e8-9c0f-eb0e3c2aee11@group-0E05BCBC6A81-SegmentedRaftLog:OPENED:c3,f4,i4, conf=0: [efdea5f7-0978-4608-8df8-907f93177c26:192.168.164.253:40628, 27e27663-33d5-44e8-9c0f-eb0e3c2aee11:192.168.164.253:35650, 1c196293-af28-4849-9284-4cc1dd56b0a0:192.168.164.253:43223], old=null
2019-10-18 00:28:13,367 [27e27663-33d5-44e8-9c0f-eb0e3c2aee11@group-0E05BCBC6A81-LeaderElection36] INFO  impl.RaftServerImpl (RaftServerImpl.java:setRole(184)) - 27e27663-33d5-44e8-9c0f-eb0e3c2aee11@group-0E05BCBC6A81: changes role from CANDIDATE to FOLLOWER at term 34 for DISCOVERED_A_NEW_TERM
2019-10-18 00:28:13,367 [27e27663-33d5-44e8-9c0f-eb0e3c2aee11@group-0E05BCBC6A81-LeaderElection36] INFO  impl.RoleInfo (RoleInfo.java:shutdownLeaderElection(134)) - 27e27663-33d5-44e8-9c0f-eb0e3c2aee11: shutdown LeaderElection
2019-10-18 00:28:13,367 [27e27663-33d5-44e8-9c0f-eb0e3c2aee11@group-0E05BCBC6A81-LeaderElection36] INFO  impl.RoleInfo (RoleInfo.java:updateAndGet(143)) - 27e27663-33d5-44e8-9c0f-eb0e3c2aee11: start FollowerState
2019-10-18 00:28:13,492 [Thread-783] INFO  impl.FollowerState (FollowerState.java:run(108)) - 27e27663-33d5-44e8-9c0f-eb0e3c2aee11@group-0E05BCBC6A81-FollowerState: change to CANDIDATE, lastRpcTime:125ms, electionTimeout:125ms
2019-10-18 00:28:13,493 [Thread-783] INFO  impl.RoleInfo (RoleInfo.java:shutdownFollowerState(121)) - 27e27663-33d5-44e8-9c0f-eb0e3c2aee11: shutdown FollowerState
2019-10-18 00:28:13,493 [Thread-783] INFO  impl.RaftServerImpl (RaftServerImpl.java:setRole(184)) - 27e27663-33d5-44e8-9c0f-eb0e3c2aee11@group-0E05BCBC6A81: changes role from  FOLLOWER to CANDIDATE at term 34 for changeToCandidate
2019-10-18 00:28:13,493 [Thread-783] INFO  impl.RoleInfo (RoleInfo.java:updateAndGet(143)) - 27e27663-33d5-44e8-9c0f-eb0e3c2aee11: start LeaderElection
2019-10-18 00:28:13,524 [27e27663-33d5-44e8-9c0f-eb0e3c2aee11@group-0E05BCBC6A81-LeaderElection37] INFO  impl.LeaderElection (LeaderElection.java:askForVotes(178)) - 27e27663-33d5-44e8-9c0f-eb0e3c2aee11@group-0E05BCBC6A81-LeaderElection37: begin an election at term 35 for 0: [efdea5f7-0978-4608-8df8-907f93177c26:192.168.164.253:40628, 27e27663-33d5-44e8-9c0f-eb0e3c2aee11:192.168.164.253:35650, 1c196293-af28-4849-9284-4cc1dd56b0a0:192.168.164.253:43223], old=null
2019-10-18 00:28:13,527 [grpc-default-executor-1] INFO  impl.RaftServerImpl (RaftServerImpl.java:setRole(184)) - 1c196293-af28-4849-9284-4cc1dd56b0a0@group-0E05BCBC6A81: changes role from  FOLLOWER to FOLLOWER at term 35 for recognizeCandidate:27e27663-33d5-44e8-9c0f-eb0e3c2aee11
2019-10-18 00:28:13,527 [grpc-default-executor-6] INFO  impl.RaftServerImpl (RaftServerImpl.java:setRole(184)) - efdea5f7-0978-4608-8df8-907f93177c26@group-0E05BCBC6A81: changes role from  FOLLOWER to FOLLOWER at term 35 for recognizeCandidate:27e27663-33d5-44e8-9c0f-eb0e3c2aee11
2019-10-18 00:28:13,527 [grpc-default-executor-1] INFO  impl.RoleInfo (RoleInfo.java:shutdownFollowerState(121)) - 1c196293-af28-4849-9284-4cc1dd56b0a0: shutdown FollowerState
2019-10-18 00:28:13,527 [grpc-default-executor-6] INFO  impl.RoleInfo (RoleInfo.java:shutdownFollowerState(121)) - efdea5f7-0978-4608-8df8-907f93177c26: shutdown FollowerState
2019-10-18 00:28:13,527 [Thread-782] INFO  impl.FollowerState (FollowerState.java:run(117)) - 1c196293-af28-4849-9284-4cc1dd56b0a0@group-0E05BCBC6A81-FollowerState was interrupted: java.lang.InterruptedException: sleep interrupted
2019-10-18 00:28:13,527 [grpc-default-executor-1] INFO  impl.RoleInfo (RoleInfo.java:updateAndGet(143)) - 1c196293-af28-4849-9284-4cc1dd56b0a0: start FollowerState
2019-10-18 00:28:13,528 [Thread-781] INFO  impl.FollowerState (FollowerState.java:run(117)) - efdea5f7-0978-4608-8df8-907f93177c26@group-0E05BCBC6A81-FollowerState was interrupted: java.lang.InterruptedException: sleep interrupted
2019-10-18 00:28:13,528 [grpc-default-executor-6] INFO  impl.RoleInfo (RoleInfo.java:updateAndGet(143)) - efdea5f7-0978-4608-8df8-907f93177c26: start FollowerState
2019-10-18 00:28:13,550 [27e27663-33d5-44e8-9c0f-eb0e3c2aee11@group-0E05BCBC6A81-LeaderElection37] INFO  impl.LeaderElection (LeaderElection.java:logAndReturn(56)) - 27e27663-33d5-44e8-9c0f-eb0e3c2aee11@group-0E05BCBC6A81-LeaderElection37: Election REJECTED; received 2 response(s) [27e27663-33d5-44e8-9c0f-eb0e3c2aee11<-efdea5f7-0978-4608-8df8-907f93177c26#0:FAIL-t35, 27e27663-33d5-44e8-9c0f-eb0e3c2aee11<-1c196293-af28-4849-9284-4cc1dd56b0a0#0:FAIL-t35] and 0 exception(s); 27e27663-33d5-44e8-9c0f-eb0e3c2aee11@group-0E05BCBC6A81:t35, leader=null, voted=27e27663-33d5-44e8-9c0f-eb0e3c2aee11, raftlog=27e27663-33d5-44e8-9c0f-eb0e3c2aee11@group-0E05BCBC6A81-SegmentedRaftLog:OPENED:c3,f4,i4, conf=0: [efdea5f7-0978-4608-8df8-907f93177c26:192.168.164.253:40628, 27e27663-33d5-44e8-9c0f-eb0e3c2aee11:192.168.164.253:35650, 1c196293-af28-4849-9284-4cc1dd56b0a0:192.168.164.253:43223], old=null
2019-10-18 00:28:13,551 [27e27663-33d5-44e8-9c0f-eb0e3c2aee11@group-0E05BCBC6A81-LeaderElection37] INFO  impl.RaftServerImpl (RaftServerImpl.java:setRole(184)) - 27e27663-33d5-44e8-9c0f-eb0e3c2aee11@group-0E05BCBC6A81: changes role from CANDIDATE to FOLLOWER at term 35 for DISCOVERED_A_NEW_TERM
2019-10-18 00:28:13,551 [27e27663-33d5-44e8-9c0f-eb0e3c2aee11@group-0E05BCBC6A81-LeaderElection37] INFO  impl.RoleInfo (RoleInfo.java:shutdownLeaderElection(134)) - 27e27663-33d5-44e8-9c0f-eb0e3c2aee11: shutdown LeaderElection
2019-10-18 00:28:13,551 [27e27663-33d5-44e8-9c0f-eb0e3c2aee11@group-0E05BCBC6A81-LeaderElection37] INFO  impl.RoleInfo (RoleInfo.java:updateAndGet(143)) - 27e27663-33d5-44e8-9c0f-eb0e3c2aee11: start FollowerState
2019-10-18 00:28:13,641 [Thread-789] INFO  impl.FollowerState (FollowerState.java:run(108)) - 27e27663-33d5-44e8-9c0f-eb0e3c2aee11@group-0E05BCBC6A81-FollowerState: change to CANDIDATE, lastRpcTime:90ms, electionTimeout:90ms
2019-10-18 00:28:13,641 [Thread-789] INFO  impl.RoleInfo (RoleInfo.java:shutdownFollowerState(121)) - 27e27663-33d5-44e8-9c0f-eb0e3c2aee11: shutdown FollowerState
2019-10-18 00:28:13,642 [Thread-789] INFO  impl.RaftServerImpl (RaftServerImpl.java:setRole(184)) - 27e27663-33d5-44e8-9c0f-eb0e3c2aee11@group-0E05BCBC6A81: changes role from  FOLLOWER to CANDIDATE at term 35 for changeToCandidate
2019-10-18 00:28:13,642 [Thread-789] INFO  impl.RoleInfo (RoleInfo.java:updateAndGet(143)) - 27e27663-33d5-44e8-9c0f-eb0e3c2aee11: start LeaderElection
2019-10-18 00:28:13,666 [27e27663-33d5-44e8-9c0f-eb0e3c2aee11@group-0E05BCBC6A81-LeaderElection38] INFO  impl.LeaderElection (LeaderElection.java:askForVotes(178)) - 27e27663-33d5-44e8-9c0f-eb0e3c2aee11@group-0E05BCBC6A81-LeaderElection38: begin an election at term 36 for 0: [efdea5f7-0978-4608-8df8-907f93177c26:192.168.164.253:40628, 27e27663-33d5-44e8-9c0f-eb0e3c2aee11:192.168.164.253:35650, 1c196293-af28-4849-9284-4cc1dd56b0a0:192.168.164.253:43223], old=null
2019-10-18 00:28:13,669 [grpc-default-executor-1] INFO  impl.RaftServerImpl (RaftServerImpl.java:setRole(184)) - 1c196293-af28-4849-9284-4cc1dd56b0a0@group-0E05BCBC6A81: changes role from  FOLLOWER to FOLLOWER at term 36 for recognizeCandidate:27e27663-33d5-44e8-9c0f-eb0e3c2aee11
2019-10-18 00:28:13,669 [grpc-default-executor-6] INFO  impl.RaftServerImpl (RaftServerImpl.java:setRole(184)) - efdea5f7-0978-4608-8df8-907f93177c26@group-0E05BCBC6A81: changes role from  FOLLOWER to FOLLOWER at term 36 for recognizeCandidate:27e27663-33d5-44e8-9c0f-eb0e3c2aee11
2019-10-18 00:28:13,669 [grpc-default-executor-1] INFO  impl.RoleInfo (RoleInfo.java:shutdownFollowerState(121)) - 1c196293-af28-4849-9284-4cc1dd56b0a0: shutdown FollowerState
2019-10-18 00:28:13,669 [grpc-default-executor-6] INFO  impl.RoleInfo (RoleInfo.java:shutdownFollowerState(121)) - efdea5f7-0978-4608-8df8-907f93177c26: shutdown FollowerState
2019-10-18 00:28:13,670 [Thread-787] INFO  impl.FollowerState (FollowerState.java:run(117)) - 1c196293-af28-4849-9284-4cc1dd56b0a0@group-0E05BCBC6A81-FollowerState was interrupted: java.lang.InterruptedException: sleep interrupted
2019-10-18 00:28:13,670 [grpc-default-executor-1] INFO  impl.RoleInfo (RoleInfo.java:updateAndGet(143)) - 1c196293-af28-4849-9284-4cc1dd56b0a0: start FollowerState
2019-10-18 00:28:13,670 [Thread-788] INFO  impl.FollowerState (FollowerState.java:run(117)) - efdea5f7-0978-4608-8df8-907f93177c26@group-0E05BCBC6A81-FollowerState was interrupted: java.lang.InterruptedException: sleep interrupted
2019-10-18 00:28:13,670 [grpc-default-executor-6] INFO  impl.RoleInfo (RoleInfo.java:updateAndGet(143)) - efdea5f7-0978-4608-8df8-907f93177c26: start FollowerState
2019-10-18 00:28:13,693 [27e27663-33d5-44e8-9c0f-eb0e3c2aee11@group-0E05BCBC6A81-LeaderElection38] INFO  impl.LeaderElection (LeaderElection.java:logAndReturn(56)) - 27e27663-33d5-44e8-9c0f-eb0e3c2aee11@group-0E05BCBC6A81-LeaderElection38: Election REJECTED; received 2 response(s) [27e27663-33d5-44e8-9c0f-eb0e3c2aee11<-efdea5f7-0978-4608-8df8-907f93177c26#0:FAIL-t36, 27e27663-33d5-44e8-9c0f-eb0e3c2aee11<-1c196293-af28-4849-9284-4cc1dd56b0a0#0:FAIL-t36] and 0 exception(s); 27e27663-33d5-44e8-9c0f-eb0e3c2aee11@group-0E05BCBC6A81:t36, leader=null, voted=27e27663-33d5-44e8-9c0f-eb0e3c2aee11, raftlog=27e27663-33d5-44e8-9c0f-eb0e3c2aee11@group-0E05BCBC6A81-SegmentedRaftLog:OPENED:c3,f4,i4, conf=0: [efdea5f7-0978-4608-8df8-907f93177c26:192.168.164.253:40628, 27e27663-33d5-44e8-9c0f-eb0e3c2aee11:192.168.164.253:35650, 1c196293-af28-4849-9284-4cc1dd56b0a0:192.168.164.253:43223], old=null
2019-10-18 00:28:13,693 [27e27663-33d5-44e8-9c0f-eb0e3c2aee11@group-0E05BCBC6A81-LeaderElection38] INFO  impl.RaftServerImpl (RaftServerImpl.java:setRole(184)) - 27e27663-33d5-44e8-9c0f-eb0e3c2aee11@group-0E05BCBC6A81: changes role from CANDIDATE to FOLLOWER at term 36 for DISCOVERED_A_NEW_TERM
2019-10-18 00:28:13,693 [27e27663-33d5-44e8-9c0f-eb0e3c2aee11@group-0E05BCBC6A81-LeaderElection38] INFO  impl.RoleInfo (RoleInfo.java:shutdownLeaderElection(134)) - 27e27663-33d5-44e8-9c0f-eb0e3c2aee11: shutdown LeaderElection
2019-10-18 00:28:13,693 [27e27663-33d5-44e8-9c0f-eb0e3c2aee11@group-0E05BCBC6A81-LeaderElection38] INFO  impl.RoleInfo (RoleInfo.java:updateAndGet(143)) - 27e27663-33d5-44e8-9c0f-eb0e3c2aee11: start FollowerState
2019-10-18 00:28:13,744 [EventQueue-PendingDeleteStatusForPendingDeleteHandler] INFO  block.SCMBlockDeletingService (SCMBlockDeletingService.java:handlePendingDeletes(115)) - Block deletion txnID mismatch in datanode 27e27663-33d5-44e8-9c0f-eb0e3c2aee11 for containerID 1. Datanode delete txnID: 0, SCM txnID: 1
2019-10-18 00:28:13,760 [grpc-default-executor-1] INFO  impl.RaftServerProxy (RaftServerProxy.java:addNew(89)) - 27e27663-33d5-44e8-9c0f-eb0e3c2aee11: addNew group-E610CA5BA845:[27e27663-33d5-44e8-9c0f-eb0e3c2aee11:192.168.164.253:35650] returns group-E610CA5BA845:java.util.concurrent.CompletableFuture@131f4a00[Not completed]
2019-10-18 00:28:13,762 [pool-59-thread-1] INFO  impl.RaftServerImpl (RaftServerImpl.java:<init>(104)) - 27e27663-33d5-44e8-9c0f-eb0e3c2aee11: new RaftServerImpl for group-E610CA5BA845:[27e27663-33d5-44e8-9c0f-eb0e3c2aee11:192.168.164.253:35650] with ContainerStateMachine:uninitialized
2019-10-18 00:28:13,762 [pool-59-thread-1] INFO  server.RaftServerConfigKeys (ConfUtils.java:logGet(43)) - raft.server.rpc.timeout.min = 5s (custom)
2019-10-18 00:28:13,763 [pool-59-thread-1] INFO  server.RaftServerConfigKeys (ConfUtils.java:logGet(43)) - raft.server.rpc.timeout.max = 5200ms (custom)
2019-10-18 00:28:13,763 [pool-59-thread-1] INFO  server.RaftServerConfigKeys (ConfUtils.java:logGet(43)) - raft.server.rpcslowness.timeout = 1000s (custom)
2019-10-18 00:28:13,763 [pool-59-thread-1] INFO  server.RaftServerConfigKeys (ConfUtils.java:logGet(43)) - raft.server.sleep.deviation.threshold = 300 (default)
2019-10-18 00:28:13,763 [pool-59-thread-1] INFO  server.RaftServerConfigKeys (ConfUtils.java:logGet(43)) - raft.server.log.appender.install.snapshot.enabled = false (custom)
2019-10-18 00:28:13,763 [pool-59-thread-1] INFO  impl.RaftServerImpl (ServerState.java:<init>(103)) - 27e27663-33d5-44e8-9c0f-eb0e3c2aee11@group-E610CA5BA845: ConfigurationManager, init=-1: [27e27663-33d5-44e8-9c0f-eb0e3c2aee11:192.168.164.253:35650], old=null, confs=<EMPTY_MAP>
2019-10-18 00:28:13,763 [pool-59-thread-1] INFO  server.RaftServerConfigKeys (ConfUtils.java:logGet(43)) - raft.server.storage.dir = [/workdir/hadoop-ozone/integration-test/target/test-dir/MiniOzoneClusterImpl-125cb84d-b14c-45f7-a2c3-14b819b44f73/datanode-2/data/ratis] (custom)
2019-10-18 00:28:13,764 [pool-59-thread-1] INFO  server.RaftServerConfigKeys (ConfUtils.java:logGet(43)) - raft.server.log.corruption.policy = EXCEPTION (default)
2019-10-18 00:28:13,764 [pool-59-thread-1] INFO  storage.RaftStorageDirectory (RaftStorageDirectory.java:analyzeStorage(246)) - The storage directory /workdir/hadoop-ozone/integration-test/target/test-dir/MiniOzoneClusterImpl-125cb84d-b14c-45f7-a2c3-14b819b44f73/datanode-2/data/ratis/99a89f1c-df0e-43bf-aaa7-e610ca5ba845 does not exist. Creating ...
2019-10-18 00:28:13,792 [pool-59-thread-1] INFO  storage.RaftStorageDirectory (RaftStorageDirectory.java:tryLock(328)) - Lock on /workdir/hadoop-ozone/integration-test/target/test-dir/MiniOzoneClusterImpl-125cb84d-b14c-45f7-a2c3-14b819b44f73/datanode-2/data/ratis/99a89f1c-df0e-43bf-aaa7-e610ca5ba845/in_use.lock acquired by nodename 28467@pr-hdds-2131-4cx76-1129263384
2019-10-18 00:28:13,817 [pool-59-thread-1] INFO  storage.RaftStorage (RaftStorage.java:format(84)) - Storage directory /workdir/hadoop-ozone/integration-test/target/test-dir/MiniOzoneClusterImpl-125cb84d-b14c-45f7-a2c3-14b819b44f73/datanode-2/data/ratis/99a89f1c-df0e-43bf-aaa7-e610ca5ba845 has been successfully formatted.
2019-10-18 00:28:13,818 [pool-59-thread-1] INFO  ratis.ContainerStateMachine (ContainerStateMachine.java:loadSnapshot(231)) - group-E610CA5BA845: The snapshot info is null. Setting the last applied indexto:(t:0, i:~)
2019-10-18 00:28:13,818 [pool-59-thread-1] INFO  server.RaftServerConfigKeys (ConfUtils.java:logGet(43)) - raft.server.notification.no-leader.timeout = 1000s (custom)
2019-10-18 00:28:13,818 [pool-59-thread-1] INFO  server.RaftServerConfigKeys (ConfUtils.java:logGet(43)) - raft.server.log.use.memory = false (default)
2019-10-18 00:28:13,818 [pool-59-thread-1] INFO  server.RaftServerConfigKeys (ConfUtils.java:logGet(43)) - raft.server.log.purge.gap = 1000000 (custom)
2019-10-18 00:28:13,819 [pool-59-thread-1] INFO  server.RaftServerConfigKeys (ConfUtils.java:logGet(43)) - raft.server.log.appender.buffer.byte-limit = 33554432 (custom)
2019-10-18 00:28:13,819 [pool-59-thread-1] INFO  server.RaftServerConfigKeys (ConfUtils.java:logGet(43)) - raft.server.log.segment.size.max = 1048576 (custom)
2019-10-18 00:28:13,819 [pool-59-thread-1] INFO  server.RaftServerConfigKeys (ConfUtils.java:logGet(43)) - raft.server.log.segment.cache.num.max = 2 (custom)
2019-10-18 00:28:13,819 [pool-59-thread-1] INFO  segmented.SegmentedRaftLogWorker (SegmentedRaftLogWorker.java:<init>(173)) - new 27e27663-33d5-44e8-9c0f-eb0e3c2aee11@group-E610CA5BA845-SegmentedRaftLogWorker for RaftStorage:Storage Directory /workdir/hadoop-ozone/integration-test/target/test-dir/MiniOzoneClusterImpl-125cb84d-b14c-45f7-a2c3-14b819b44f73/datanode-2/data/ratis/99a89f1c-df0e-43bf-aaa7-e610ca5ba845
2019-10-18 00:28:13,819 [pool-59-thread-1] INFO  server.RaftServerConfigKeys (ConfUtils.java:logGet(43)) - raft.server.log.queue.byte-limit = 2147483647 (custom)
2019-10-18 00:28:13,820 [pool-59-thread-1] INFO  server.RaftServerConfigKeys (ConfUtils.java:logGet(43)) - raft.server.log.queue.element-limit = 1024 (custom)
2019-10-18 00:28:13,820 [pool-59-thread-1] INFO  server.RaftServerConfigKeys (ConfUtils.java:logGet(43)) - raft.server.log.segment.size.max = 1048576 (custom)
2019-10-18 00:28:13,820 [pool-59-thread-1] INFO  server.RaftServerConfigKeys (ConfUtils.java:logGet(43)) - raft.server.log.preallocated.size = 16384 (custom)
2019-10-18 00:28:13,820 [pool-59-thread-1] INFO  server.RaftServerConfigKeys (ConfUtils.java:logGet(43)) - raft.server.log.write.buffer.size = 33554432 (custom)
2019-10-18 00:28:13,820 [pool-59-thread-1] INFO  server.RaftServerConfigKeys (ConfUtils.java:logGet(43)) - raft.server.log.force.sync.num = 128 (default)
2019-10-18 00:28:13,820 [pool-59-thread-1] INFO  server.RaftServerConfigKeys (ConfUtils.java:logGet(43)) - raft.server.log.statemachine.data.sync = true (default)
2019-10-18 00:28:13,820 [pool-59-thread-1] INFO  server.RaftServerConfigKeys (ConfUtils.java:logGet(43)) - raft.server.log.statemachine.data.sync.timeout = 10s (default)
2019-10-18 00:28:13,821 [pool-59-thread-1] INFO  server.RaftServerConfigKeys (ConfUtils.java:logGet(43)) - raft.server.log.statemachine.data.sync.timeout.retry = -1 (default)
2019-10-18 00:28:13,821 [pool-59-thread-1] INFO  server.RaftServerConfigKeys (ConfUtils.java:logGet(43)) - raft.server.log.statemachine.data.caching.enabled = true (custom)
2019-10-18 00:28:13,821 [pool-59-thread-1] INFO  segmented.SegmentedRaftLogWorker (SegmentedRaftLogWorker.java:lambda$new$0(128)) - 27e27663-33d5-44e8-9c0f-eb0e3c2aee11@group-E610CA5BA845-SegmentedRaftLogWorker: flushIndex: setUnconditionally 0 -> -1
2019-10-18 00:28:13,822 [Thread-795] INFO  impl.FollowerState (FollowerState.java:run(108)) - 27e27663-33d5-44e8-9c0f-eb0e3c2aee11@group-0E05BCBC6A81-FollowerState: change to CANDIDATE, lastRpcTime:128ms, electionTimeout:128ms
2019-10-18 00:28:13,822 [pool-59-thread-1] INFO  server.RaftServerConfigKeys (ConfUtils.java:logGet(43)) - raft.server.snapshot.auto.trigger.enabled = true (custom)
2019-10-18 00:28:13,822 [Thread-795] INFO  impl.RoleInfo (RoleInfo.java:shutdownFollowerState(121)) - 27e27663-33d5-44e8-9c0f-eb0e3c2aee11: shutdown FollowerState
2019-10-18 00:28:13,822 [pool-59-thread-1] INFO  server.RaftServerConfigKeys (ConfUtils.java:logGet(43)) - raft.server.snapshot.auto.trigger.threshold = 10000 (custom)
2019-10-18 00:28:13,822 [Thread-795] INFO  impl.RaftServerImpl (RaftServerImpl.java:setRole(184)) - 27e27663-33d5-44e8-9c0f-eb0e3c2aee11@group-0E05BCBC6A81: changes role from  FOLLOWER to CANDIDATE at term 36 for changeToCandidate
2019-10-18 00:28:13,822 [pool-59-thread-1] INFO  server.RaftServerConfigKeys (ConfUtils.java:logGet(43)) - raft.server.snapshot.retention.file.num = 5 (custom)
2019-10-18 00:28:13,823 [Thread-795] INFO  impl.RoleInfo (RoleInfo.java:updateAndGet(143)) - 27e27663-33d5-44e8-9c0f-eb0e3c2aee11: start LeaderElection
2019-10-18 00:28:13,823 [pool-59-thread-1] INFO  server.RaftServerConfigKeys (ConfUtils.java:logGet(43)) - raft.server.retrycache.expirytime = 600000ms (custom)
2019-10-18 00:28:13,826 [pool-59-thread-1] INFO  impl.RaftServerImpl (RaftServerImpl.java:start(195)) - 27e27663-33d5-44e8-9c0f-eb0e3c2aee11@group-E610CA5BA845: start as a follower, conf=-1: [27e27663-33d5-44e8-9c0f-eb0e3c2aee11:192.168.164.253:35650], old=null
2019-10-18 00:28:13,827 [pool-59-thread-1] INFO  impl.RaftServerImpl (RaftServerImpl.java:setRole(184)) - 27e27663-33d5-44e8-9c0f-eb0e3c2aee11@group-E610CA5BA845: changes role from      null to FOLLOWER at term 0 for startAsFollower
2019-10-18 00:28:13,827 [pool-59-thread-1] INFO  impl.RoleInfo (RoleInfo.java:updateAndGet(143)) - 27e27663-33d5-44e8-9c0f-eb0e3c2aee11: start FollowerState
2019-10-18 00:28:13,827 [pool-59-thread-1] INFO  util.JmxRegister (JmxRegister.java:tryRegister(44)) - Successfully registered JMX Bean with object name Ratis:service=RaftServer,group=group-E610CA5BA845,id=27e27663-33d5-44e8-9c0f-eb0e3c2aee11
2019-10-18 00:28:13,836 [RatisPipelineUtilsThread] INFO  pipeline.PipelineStateManager (PipelineStateManager.java:addPipeline(56)) - Created pipeline Pipeline[ Id: 99a89f1c-df0e-43bf-aaa7-e610ca5ba845, Nodes: 27e27663-33d5-44e8-9c0f-eb0e3c2aee11{ip: 192.168.164.253, host: pr-hdds-2131-4cx76-1129263384, networkLocation: /default-rack, certSerialId: null}, Type:RATIS, Factor:ONE, State:OPEN]
2019-10-18 00:28:13,851 [27e27663-33d5-44e8-9c0f-eb0e3c2aee11@group-0E05BCBC6A81-LeaderElection39] INFO  impl.LeaderElection (LeaderElection.java:askForVotes(178)) - 27e27663-33d5-44e8-9c0f-eb0e3c2aee11@group-0E05BCBC6A81-LeaderElection39: begin an election at term 37 for 0: [efdea5f7-0978-4608-8df8-907f93177c26:192.168.164.253:40628, 27e27663-33d5-44e8-9c0f-eb0e3c2aee11:192.168.164.253:35650, 1c196293-af28-4849-9284-4cc1dd56b0a0:192.168.164.253:43223], old=null
2019-10-18 00:28:13,853 [grpc-default-executor-7] INFO  impl.RaftServerProxy (RaftServerProxy.java:addNew(89)) - 27e27663-33d5-44e8-9c0f-eb0e3c2aee11: addNew group-D617FFE7CF0E:[efdea5f7-0978-4608-8df8-907f93177c26:192.168.164.253:40628, 27e27663-33d5-44e8-9c0f-eb0e3c2aee11:192.168.164.253:35650, 1c196293-af28-4849-9284-4cc1dd56b0a0:192.168.164.253:43223] returns group-D617FFE7CF0E:java.util.concurrent.CompletableFuture@75d12a62[Not completed]
2019-10-18 00:28:13,854 [grpc-default-executor-6] INFO  impl.RaftServerProxy (RaftServerProxy.java:addNew(89)) - efdea5f7-0978-4608-8df8-907f93177c26: addNew group-D617FFE7CF0E:[efdea5f7-0978-4608-8df8-907f93177c26:192.168.164.253:40628, 27e27663-33d5-44e8-9c0f-eb0e3c2aee11:192.168.164.253:35650, 1c196293-af28-4849-9284-4cc1dd56b0a0:192.168.164.253:43223] returns group-D617FFE7CF0E:java.util.concurrent.CompletableFuture@6247eb5e[Not completed]
2019-10-18 00:28:13,854 [grpc-default-executor-1] INFO  impl.RaftServerProxy (RaftServerProxy.java:addNew(89)) - 1c196293-af28-4849-9284-4cc1dd56b0a0: addNew group-D617FFE7CF0E:[efdea5f7-0978-4608-8df8-907f93177c26:192.168.164.253:40628, 27e27663-33d5-44e8-9c0f-eb0e3c2aee11:192.168.164.253:35650, 1c196293-af28-4849-9284-4cc1dd56b0a0:192.168.164.253:43223] returns group-D617FFE7CF0E:java.util.concurrent.CompletableFuture@7df88166[Not completed]
2019-10-18 00:28:13,854 [grpc-default-executor-4] INFO  impl.RaftServerImpl (RaftServerImpl.java:setRole(184)) - efdea5f7-0978-4608-8df8-907f93177c26@group-0E05BCBC6A81: changes role from  FOLLOWER to FOLLOWER at term 37 for recognizeCandidate:27e27663-33d5-44e8-9c0f-eb0e3c2aee11
2019-10-18 00:28:13,854 [grpc-default-executor-7] INFO  impl.RaftServerImpl (RaftServerImpl.java:setRole(184)) - 1c196293-af28-4849-9284-4cc1dd56b0a0@group-0E05BCBC6A81: changes role from  FOLLOWER to FOLLOWER at term 37 for recognizeCandidate:27e27663-33d5-44e8-9c0f-eb0e3c2aee11
2019-10-18 00:28:13,854 [grpc-default-executor-4] INFO  impl.RoleInfo (RoleInfo.java:shutdownFollowerState(121)) - efdea5f7-0978-4608-8df8-907f93177c26: shutdown FollowerState
2019-10-18 00:28:13,854 [grpc-default-executor-7] INFO  impl.RoleInfo (RoleInfo.java:shutdownFollowerState(121)) - 1c196293-af28-4849-9284-4cc1dd56b0a0: shutdown FollowerState
2019-10-18 00:28:13,855 [Thread-794] INFO  impl.FollowerState (FollowerState.java:run(117)) - efdea5f7-0978-4608-8df8-907f93177c26@group-0E05BCBC6A81-FollowerState was interrupted: java.lang.InterruptedException: sleep interrupted
2019-10-18 00:28:13,855 [grpc-default-executor-7] INFO  impl.RoleInfo (RoleInfo.java:updateAndGet(143)) - 1c196293-af28-4849-9284-4cc1dd56b0a0: start FollowerState
2019-10-18 00:28:13,855 [grpc-default-executor-4] INFO  impl.RoleInfo (RoleInfo.java:updateAndGet(143)) - efdea5f7-0978-4608-8df8-907f93177c26: start FollowerState
2019-10-18 00:28:13,855 [Thread-793] INFO  impl.FollowerState (FollowerState.java:run(117)) - 1c196293-af28-4849-9284-4cc1dd56b0a0@group-0E05BCBC6A81-FollowerState was interrupted: java.lang.InterruptedException: sleep interrupted
2019-10-18 00:28:13,855 [pool-59-thread-1] INFO  impl.RaftServerImpl (RaftServerImpl.java:<init>(104)) - 27e27663-33d5-44e8-9c0f-eb0e3c2aee11: new RaftServerImpl for group-D617FFE7CF0E:[efdea5f7-0978-4608-8df8-907f93177c26:192.168.164.253:40628, 27e27663-33d5-44e8-9c0f-eb0e3c2aee11:192.168.164.253:35650, 1c196293-af28-4849-9284-4cc1dd56b0a0:192.168.164.253:43223] with ContainerStateMachine:uninitialized
2019-10-18 00:28:13,856 [pool-59-thread-1] INFO  server.RaftServerConfigKeys (ConfUtils.java:logGet(43)) - raft.server.rpc.timeout.min = 5s (custom)
2019-10-18 00:28:13,856 [pool-59-thread-1] INFO  server.RaftServerConfigKeys (ConfUtils.java:logGet(43)) - raft.server.rpc.timeout.max = 5200ms (custom)
2019-10-18 00:28:13,856 [pool-59-thread-1] INFO  server.RaftServerConfigKeys (ConfUtils.java:logGet(43)) - raft.server.rpcslowness.timeout = 1000s (custom)
2019-10-18 00:28:13,856 [pool-59-thread-1] INFO  server.RaftServerConfigKeys (ConfUtils.java:logGet(43)) - raft.server.sleep.deviation.threshold = 300 (default)
2019-10-18 00:28:13,856 [pool-27-thread-1] INFO  impl.RaftServerImpl (RaftServerImpl.java:<init>(104)) - efdea5f7-0978-4608-8df8-907f93177c26: new RaftServerImpl for group-D617FFE7CF0E:[efdea5f7-0978-4608-8df8-907f93177c26:192.168.164.253:40628, 27e27663-33d5-44e8-9c0f-eb0e3c2aee11:192.168.164.253:35650, 1c196293-af28-4849-9284-4cc1dd56b0a0:192.168.164.253:43223] with ContainerStateMachine:uninitialized
2019-10-18 00:28:13,856 [pool-59-thread-1] INFO  server.RaftServerConfigKeys (ConfUtils.java:logGet(43)) - raft.server.log.appender.install.snapshot.enabled = false (custom)
2019-10-18 00:28:13,856 [pool-27-thread-1] INFO  server.RaftServerConfigKeys (ConfUtils.java:logGet(43)) - raft.server.rpc.timeout.min = 5s (custom)
2019-10-18 00:28:13,856 [pool-59-thread-1] INFO  impl.RaftServerImpl (ServerState.java:<init>(103)) - 27e27663-33d5-44e8-9c0f-eb0e3c2aee11@group-D617FFE7CF0E: ConfigurationManager, init=-1: [efdea5f7-0978-4608-8df8-907f93177c26:192.168.164.253:40628, 27e27663-33d5-44e8-9c0f-eb0e3c2aee11:192.168.164.253:35650, 1c196293-af28-4849-9284-4cc1dd56b0a0:192.168.164.253:43223], old=null, confs=<EMPTY_MAP>
2019-10-18 00:28:13,857 [pool-27-thread-1] INFO  server.RaftServerConfigKeys (ConfUtils.java:logGet(43)) - raft.server.rpc.timeout.max = 5200ms (custom)
2019-10-18 00:28:13,857 [pool-59-thread-1] INFO  server.RaftServerConfigKeys (ConfUtils.java:logGet(43)) - raft.server.storage.dir = [/workdir/hadoop-ozone/integration-test/target/test-dir/MiniOzoneClusterImpl-125cb84d-b14c-45f7-a2c3-14b819b44f73/datanode-2/data/ratis] (custom)
2019-10-18 00:28:13,857 [pool-27-thread-1] INFO  server.RaftServerConfigKeys (ConfUtils.java:logGet(43)) - raft.server.rpcslowness.timeout = 1000s (custom)
2019-10-18 00:28:13,857 [pool-27-thread-1] INFO  server.RaftServerConfigKeys (ConfUtils.java:logGet(43)) - raft.server.sleep.deviation.threshold = 300 (default)
2019-10-18 00:28:13,857 [pool-27-thread-1] INFO  server.RaftServerConfigKeys (ConfUtils.java:logGet(43)) - raft.server.log.appender.install.snapshot.enabled = false (custom)
2019-10-18 00:28:13,857 [pool-59-thread-1] INFO  server.RaftServerConfigKeys (ConfUtils.java:logGet(43)) - raft.server.log.corruption.policy = EXCEPTION (default)
2019-10-18 00:28:13,857 [pool-27-thread-1] INFO  impl.RaftServerImpl (ServerState.java:<init>(103)) - efdea5f7-0978-4608-8df8-907f93177c26@group-D617FFE7CF0E: ConfigurationManager, init=-1: [efdea5f7-0978-4608-8df8-907f93177c26:192.168.164.253:40628, 27e27663-33d5-44e8-9c0f-eb0e3c2aee11:192.168.164.253:35650, 1c196293-af28-4849-9284-4cc1dd56b0a0:192.168.164.253:43223], old=null, confs=<EMPTY_MAP>
2019-10-18 00:28:13,857 [pool-37-thread-1] INFO  impl.RaftServerImpl (RaftServerImpl.java:<init>(104)) - 1c196293-af28-4849-9284-4cc1dd56b0a0: new RaftServerImpl for group-D617FFE7CF0E:[efdea5f7-0978-4608-8df8-907f93177c26:192.168.164.253:40628, 27e27663-33d5-44e8-9c0f-eb0e3c2aee11:192.168.164.253:35650, 1c196293-af28-4849-9284-4cc1dd56b0a0:192.168.164.253:43223] with ContainerStateMachine:uninitialized
2019-10-18 00:28:13,857 [pool-59-thread-1] INFO  storage.RaftStorageDirectory (RaftStorageDirectory.java:analyzeStorage(246)) - The storage directory /workdir/hadoop-ozone/integration-test/target/test-dir/MiniOzoneClusterImpl-125cb84d-b14c-45f7-a2c3-14b819b44f73/datanode-2/data/ratis/ae5a6b0a-cb49-4052-81e5-d617ffe7cf0e does not exist. Creating ...
2019-10-18 00:28:13,857 [pool-27-thread-1] INFO  server.RaftServerConfigKeys (ConfUtils.java:logGet(43)) - raft.server.storage.dir = [/workdir/hadoop-ozone/integration-test/target/test-dir/MiniOzoneClusterImpl-125cb84d-b14c-45f7-a2c3-14b819b44f73/datanode-0/data/ratis] (custom)
2019-10-18 00:28:13,858 [pool-37-thread-1] INFO  server.RaftServerConfigKeys (ConfUtils.java:logGet(43)) - raft.server.rpc.timeout.min = 5s (custom)
2019-10-18 00:28:13,858 [pool-27-thread-1] INFO  server.RaftServerConfigKeys (ConfUtils.java:logGet(43)) - raft.server.log.corruption.policy = EXCEPTION (default)
2019-10-18 00:28:13,858 [pool-37-thread-1] INFO  server.RaftServerConfigKeys (ConfUtils.java:logGet(43)) - raft.server.rpc.timeout.max = 5200ms (custom)
2019-10-18 00:28:13,858 [pool-27-thread-1] INFO  storage.RaftStorageDirectory (RaftStorageDirectory.java:analyzeStorage(246)) - The storage directory /workdir/hadoop-ozone/integration-test/target/test-dir/MiniOzoneClusterImpl-125cb84d-b14c-45f7-a2c3-14b819b44f73/datanode-0/data/ratis/ae5a6b0a-cb49-4052-81e5-d617ffe7cf0e does not exist. Creating ...
2019-10-18 00:28:13,858 [pool-37-thread-1] INFO  server.RaftServerConfigKeys (ConfUtils.java:logGet(43)) - raft.server.rpcslowness.timeout = 1000s (custom)
2019-10-18 00:28:13,858 [pool-37-thread-1] INFO  server.RaftServerConfigKeys (ConfUtils.java:logGet(43)) - raft.server.sleep.deviation.threshold = 300 (default)
2019-10-18 00:28:13,858 [pool-37-thread-1] INFO  server.RaftServerConfigKeys (ConfUtils.java:logGet(43)) - raft.server.log.appender.install.snapshot.enabled = false (custom)
2019-10-18 00:28:13,859 [pool-37-thread-1] INFO  impl.RaftServerImpl (ServerState.java:<init>(103)) - 1c196293-af28-4849-9284-4cc1dd56b0a0@group-D617FFE7CF0E: ConfigurationManager, init=-1: [efdea5f7-0978-4608-8df8-907f93177c26:192.168.164.253:40628, 27e27663-33d5-44e8-9c0f-eb0e3c2aee11:192.168.164.253:35650, 1c196293-af28-4849-9284-4cc1dd56b0a0:192.168.164.253:43223], old=null, confs=<EMPTY_MAP>
2019-10-18 00:28:13,859 [pool-37-thread-1] INFO  server.RaftServerConfigKeys (ConfUtils.java:logGet(43)) - raft.server.storage.dir = [/workdir/hadoop-ozone/integration-test/target/test-dir/MiniOzoneClusterImpl-125cb84d-b14c-45f7-a2c3-14b819b44f73/datanode-1/data/ratis] (custom)
2019-10-18 00:28:13,859 [pool-37-thread-1] INFO  server.RaftServerConfigKeys (ConfUtils.java:logGet(43)) - raft.server.log.corruption.policy = EXCEPTION (default)
2019-10-18 00:28:13,859 [pool-37-thread-1] INFO  storage.RaftStorageDirectory (RaftStorageDirectory.java:analyzeStorage(246)) - The storage directory /workdir/hadoop-ozone/integration-test/target/test-dir/MiniOzoneClusterImpl-125cb84d-b14c-45f7-a2c3-14b819b44f73/datanode-1/data/ratis/ae5a6b0a-cb49-4052-81e5-d617ffe7cf0e does not exist. Creating ...
2019-10-18 00:28:13,885 [pool-59-thread-1] INFO  storage.RaftStorageDirectory (RaftStorageDirectory.java:tryLock(328)) - Lock on /workdir/hadoop-ozone/integration-test/target/test-dir/MiniOzoneClusterImpl-125cb84d-b14c-45f7-a2c3-14b819b44f73/datanode-2/data/ratis/ae5a6b0a-cb49-4052-81e5-d617ffe7cf0e/in_use.lock acquired by nodename 28467@pr-hdds-2131-4cx76-1129263384
2019-10-18 00:28:13,885 [pool-37-thread-1] INFO  storage.RaftStorageDirectory (RaftStorageDirectory.java:tryLock(328)) - Lock on /workdir/hadoop-ozone/integration-test/target/test-dir/MiniOzoneClusterImpl-125cb84d-b14c-45f7-a2c3-14b819b44f73/datanode-1/data/ratis/ae5a6b0a-cb49-4052-81e5-d617ffe7cf0e/in_use.lock acquired by nodename 28467@pr-hdds-2131-4cx76-1129263384
2019-10-18 00:28:13,885 [pool-27-thread-1] INFO  storage.RaftStorageDirectory (RaftStorageDirectory.java:tryLock(328)) - Lock on /workdir/hadoop-ozone/integration-test/target/test-dir/MiniOzoneClusterImpl-125cb84d-b14c-45f7-a2c3-14b819b44f73/datanode-0/data/ratis/ae5a6b0a-cb49-4052-81e5-d617ffe7cf0e/in_use.lock acquired by nodename 28467@pr-hdds-2131-4cx76-1129263384
2019-10-18 00:28:13,887 [27e27663-33d5-44e8-9c0f-eb0e3c2aee11@group-0E05BCBC6A81-LeaderElection39] INFO  impl.LeaderElection (LeaderElection.java:logAndReturn(56)) - 27e27663-33d5-44e8-9c0f-eb0e3c2aee11@group-0E05BCBC6A81-LeaderElection39: Election REJECTED; received 2 response(s) [27e27663-33d5-44e8-9c0f-eb0e3c2aee11<-efdea5f7-0978-4608-8df8-907f93177c26#0:FAIL-t37, 27e27663-33d5-44e8-9c0f-eb0e3c2aee11<-1c196293-af28-4849-9284-4cc1dd56b0a0#0:FAIL-t37] and 0 exception(s); 27e27663-33d5-44e8-9c0f-eb0e3c2aee11@group-0E05BCBC6A81:t37, leader=null, voted=27e27663-33d5-44e8-9c0f-eb0e3c2aee11, raftlog=27e27663-33d5-44e8-9c0f-eb0e3c2aee11@group-0E05BCBC6A81-SegmentedRaftLog:OPENED:c3,f4,i4, conf=0: [efdea5f7-0978-4608-8df8-907f93177c26:192.168.164.253:40628, 27e27663-33d5-44e8-9c0f-eb0e3c2aee11:192.168.164.253:35650, 1c196293-af28-4849-9284-4cc1dd56b0a0:192.168.164.253:43223], old=null
2019-10-18 00:28:13,887 [27e27663-33d5-44e8-9c0f-eb0e3c2aee11@group-0E05BCBC6A81-LeaderElection39] INFO  impl.RaftServerImpl (RaftServerImpl.java:setRole(184)) - 27e27663-33d5-44e8-9c0f-eb0e3c2aee11@group-0E05BCBC6A81: changes role from CANDIDATE to FOLLOWER at term 37 for DISCOVERED_A_NEW_TERM
2019-10-18 00:28:13,887 [27e27663-33d5-44e8-9c0f-eb0e3c2aee11@group-0E05BCBC6A81-LeaderElection39] INFO  impl.RoleInfo (RoleInfo.java:shutdownLeaderElection(134)) - 27e27663-33d5-44e8-9c0f-eb0e3c2aee11: shutdown LeaderElection
2019-10-18 00:28:13,887 [27e27663-33d5-44e8-9c0f-eb0e3c2aee11@group-0E05BCBC6A81-LeaderElection39] INFO  impl.RoleInfo (RoleInfo.java:updateAndGet(143)) - 27e27663-33d5-44e8-9c0f-eb0e3c2aee11: start FollowerState
2019-10-18 00:28:13,894 [Thread-806] INFO  impl.FollowerState (FollowerState.java:run(108)) - 27e27663-33d5-44e8-9c0f-eb0e3c2aee11@group-0E05BCBC6A81-FollowerState: change to CANDIDATE, lastRpcTime:6ms, electionTimeout:6ms
2019-10-18 00:28:13,894 [Thread-806] INFO  impl.RoleInfo (RoleInfo.java:shutdownFollowerState(121)) - 27e27663-33d5-44e8-9c0f-eb0e3c2aee11: shutdown FollowerState
2019-10-18 00:28:13,894 [Thread-806] INFO  impl.RaftServerImpl (RaftServerImpl.java:setRole(184)) - 27e27663-33d5-44e8-9c0f-eb0e3c2aee11@group-0E05BCBC6A81: changes role from  FOLLOWER to CANDIDATE at term 37 for changeToCandidate
2019-10-18 00:28:13,894 [Thread-806] INFO  impl.RoleInfo (RoleInfo.java:updateAndGet(143)) - 27e27663-33d5-44e8-9c0f-eb0e3c2aee11: start LeaderElection
2019-10-18 00:28:13,911 [pool-59-thread-1] INFO  storage.RaftStorage (RaftStorage.java:format(84)) - Storage directory /workdir/hadoop-ozone/integration-test/target/test-dir/MiniOzoneClusterImpl-125cb84d-b14c-45f7-a2c3-14b819b44f73/datanode-2/data/ratis/ae5a6b0a-cb49-4052-81e5-d617ffe7cf0e has been successfully formatted.
2019-10-18 00:28:13,911 [27e27663-33d5-44e8-9c0f-eb0e3c2aee11@group-0E05BCBC6A81-LeaderElection40] INFO  impl.LeaderElection (LeaderElection.java:askForVotes(178)) - 27e27663-33d5-44e8-9c0f-eb0e3c2aee11@group-0E05BCBC6A81-LeaderElection40: begin an election at term 38 for 0: [efdea5f7-0978-4608-8df8-907f93177c26:192.168.164.253:40628, 27e27663-33d5-44e8-9c0f-eb0e3c2aee11:192.168.164.253:35650, 1c196293-af28-4849-9284-4cc1dd56b0a0:192.168.164.253:43223], old=null
2019-10-18 00:28:13,911 [pool-37-thread-1] INFO  storage.RaftStorage (RaftStorage.java:format(84)) - Storage directory /workdir/hadoop-ozone/integration-test/target/test-dir/MiniOzoneClusterImpl-125cb84d-b14c-45f7-a2c3-14b819b44f73/datanode-1/data/ratis/ae5a6b0a-cb49-4052-81e5-d617ffe7cf0e has been successfully formatted.
2019-10-18 00:28:13,911 [pool-27-thread-1] INFO  storage.RaftStorage (RaftStorage.java:format(84)) - Storage directory /workdir/hadoop-ozone/integration-test/target/test-dir/MiniOzoneClusterImpl-125cb84d-b14c-45f7-a2c3-14b819b44f73/datanode-0/data/ratis/ae5a6b0a-cb49-4052-81e5-d617ffe7cf0e has been successfully formatted.
2019-10-18 00:28:13,911 [pool-59-thread-1] INFO  ratis.ContainerStateMachine (ContainerStateMachine.java:loadSnapshot(231)) - group-D617FFE7CF0E: The snapshot info is null. Setting the last applied indexto:(t:0, i:~)
2019-10-18 00:28:13,911 [pool-37-thread-1] INFO  ratis.ContainerStateMachine (ContainerStateMachine.java:loadSnapshot(231)) - group-D617FFE7CF0E: The snapshot info is null. Setting the last applied indexto:(t:0, i:~)
2019-10-18 00:28:13,911 [pool-27-thread-1] INFO  ratis.ContainerStateMachine (ContainerStateMachine.java:loadSnapshot(231)) - group-D617FFE7CF0E: The snapshot info is null. Setting the last applied indexto:(t:0, i:~)
2019-10-18 00:28:13,911 [pool-59-thread-1] INFO  server.RaftServerConfigKeys (ConfUtils.java:logGet(43)) - raft.server.notification.no-leader.timeout = 1000s (custom)
2019-10-18 00:28:13,912 [pool-27-thread-1] INFO  server.RaftServerConfigKeys (ConfUtils.java:logGet(43)) - raft.server.notification.no-leader.timeout = 1000s (custom)
2019-10-18 00:28:13,911 [pool-37-thread-1] INFO  server.RaftServerConfigKeys (ConfUtils.java:logGet(43)) - raft.server.notification.no-leader.timeout = 1000s (custom)
2019-10-18 00:28:13,912 [pool-27-thread-1] INFO  server.RaftServerConfigKeys (ConfUtils.java:logGet(43)) - raft.server.log.use.memory = false (default)
2019-10-18 00:28:13,912 [pool-59-thread-1] INFO  server.RaftServerConfigKeys (ConfUtils.java:logGet(43)) - raft.server.log.use.memory = false (default)
2019-10-18 00:28:13,912 [pool-27-thread-1] INFO  server.RaftServerConfigKeys (ConfUtils.java:logGet(43)) - raft.server.log.purge.gap = 1000000 (custom)
2019-10-18 00:28:13,912 [pool-37-thread-1] INFO  server.RaftServerConfigKeys (ConfUtils.java:logGet(43)) - raft.server.log.use.memory = false (default)
2019-10-18 00:28:13,912 [pool-27-thread-1] INFO  server.RaftServerConfigKeys (ConfUtils.java:logGet(43)) - raft.server.log.appender.buffer.byte-limit = 33554432 (custom)
2019-10-18 00:28:13,912 [pool-59-thread-1] INFO  server.RaftServerConfigKeys (ConfUtils.java:logGet(43)) - raft.server.log.purge.gap = 1000000 (custom)
2019-10-18 00:28:13,913 [pool-27-thread-1] INFO  server.RaftServerConfigKeys (ConfUtils.java:logGet(43)) - raft.server.log.segment.size.max = 1048576 (custom)
2019-10-18 00:28:13,912 [pool-37-thread-1] INFO  server.RaftServerConfigKeys (ConfUtils.java:logGet(43)) - raft.server.log.purge.gap = 1000000 (custom)
2019-10-18 00:28:13,913 [pool-27-thread-1] INFO  server.RaftServerConfigKeys (ConfUtils.java:logGet(43)) - raft.server.log.segment.cache.num.max = 2 (custom)
2019-10-18 00:28:13,913 [pool-59-thread-1] INFO  server.RaftServerConfigKeys (ConfUtils.java:logGet(43)) - raft.server.log.appender.buffer.byte-limit = 33554432 (custom)
2019-10-18 00:28:13,913 [pool-27-thread-1] INFO  segmented.SegmentedRaftLogWorker (SegmentedRaftLogWorker.java:<init>(173)) - new efdea5f7-0978-4608-8df8-907f93177c26@group-D617FFE7CF0E-SegmentedRaftLogWorker for RaftStorage:Storage Directory /workdir/hadoop-ozone/integration-test/target/test-dir/MiniOzoneClusterImpl-125cb84d-b14c-45f7-a2c3-14b819b44f73/datanode-0/data/ratis/ae5a6b0a-cb49-4052-81e5-d617ffe7cf0e
2019-10-18 00:28:13,913 [pool-37-thread-1] INFO  server.RaftServerConfigKeys (ConfUtils.java:logGet(43)) - raft.server.log.appender.buffer.byte-limit = 33554432 (custom)
2019-10-18 00:28:13,913 [pool-27-thread-1] INFO  server.RaftServerConfigKeys (ConfUtils.java:logGet(43)) - raft.server.log.queue.byte-limit = 2147483647 (custom)
2019-10-18 00:28:13,913 [grpc-default-executor-4] INFO  impl.RaftServerImpl (RaftServerImpl.java:setRole(184)) - efdea5f7-0978-4608-8df8-907f93177c26@group-0E05BCBC6A81: changes role from  FOLLOWER to FOLLOWER at term 38 for recognizeCandidate:27e27663-33d5-44e8-9c0f-eb0e3c2aee11
2019-10-18 00:28:13,913 [grpc-default-executor-7] INFO  impl.RaftServerImpl (RaftServerImpl.java:setRole(184)) - 1c196293-af28-4849-9284-4cc1dd56b0a0@group-0E05BCBC6A81: changes role from  FOLLOWER to FOLLOWER at term 38 for recognizeCandidate:27e27663-33d5-44e8-9c0f-eb0e3c2aee11
2019-10-18 00:28:13,914 [grpc-default-executor-7] INFO  impl.RoleInfo (RoleInfo.java:shutdownFollowerState(121)) - 1c196293-af28-4849-9284-4cc1dd56b0a0: shutdown FollowerState
2019-10-18 00:28:13,913 [pool-59-thread-1] INFO  server.RaftServerConfigKeys (ConfUtils.java:logGet(43)) - raft.server.log.segment.size.max = 1048576 (custom)
2019-10-18 00:28:13,914 [grpc-default-executor-4] INFO  impl.RoleInfo (RoleInfo.java:shutdownFollowerState(121)) - efdea5f7-0978-4608-8df8-907f93177c26: shutdown FollowerState
2019-10-18 00:28:13,914 [pool-27-thread-1] INFO  server.RaftServerConfigKeys (ConfUtils.java:logGet(43)) - raft.server.log.queue.element-limit = 1024 (custom)
2019-10-18 00:28:13,913 [pool-37-thread-1] INFO  server.RaftServerConfigKeys (ConfUtils.java:logGet(43)) - raft.server.log.segment.size.max = 1048576 (custom)
2019-10-18 00:28:13,914 [pool-27-thread-1] INFO  server.RaftServerConfigKeys (ConfUtils.java:logGet(43)) - raft.server.log.segment.size.max = 1048576 (custom)
2019-10-18 00:28:13,914 [Thread-804] INFO  impl.FollowerState (FollowerState.java:run(117)) - efdea5f7-0978-4608-8df8-907f93177c26@group-0E05BCBC6A81-FollowerState was interrupted: java.lang.InterruptedException: sleep interrupted
2019-10-18 00:28:13,914 [grpc-default-executor-4] INFO  impl.RoleInfo (RoleInfo.java:updateAndGet(143)) - efdea5f7-0978-4608-8df8-907f93177c26: start FollowerState
2019-10-18 00:28:13,914 [pool-59-thread-1] INFO  server.RaftServerConfigKeys (ConfUtils.java:logGet(43)) - raft.server.log.segment.cache.num.max = 2 (custom)
2019-10-18 00:28:13,914 [grpc-default-executor-7] INFO  impl.RoleInfo (RoleInfo.java:updateAndGet(143)) - 1c196293-af28-4849-9284-4cc1dd56b0a0: start FollowerState
2019-10-18 00:28:13,914 [Thread-805] INFO  impl.FollowerState (FollowerState.java:run(117)) - 1c196293-af28-4849-9284-4cc1dd56b0a0@group-0E05BCBC6A81-FollowerState was interrupted: java.lang.InterruptedException: sleep interrupted
2019-10-18 00:28:13,915 [pool-59-thread-1] INFO  segmented.SegmentedRaftLogWorker (SegmentedRaftLogWorker.java:<init>(173)) - new 27e27663-33d5-44e8-9c0f-eb0e3c2aee11@group-D617FFE7CF0E-SegmentedRaftLogWorker for RaftStorage:Storage Directory /workdir/hadoop-ozone/integration-test/target/test-dir/MiniOzoneClusterImpl-125cb84d-b14c-45f7-a2c3-14b819b44f73/datanode-2/data/ratis/ae5a6b0a-cb49-4052-81e5-d617ffe7cf0e
2019-10-18 00:28:13,915 [pool-27-thread-1] INFO  server.RaftServerConfigKeys (ConfUtils.java:logGet(43)) - raft.server.log.preallocated.size = 16384 (custom)
2019-10-18 00:28:13,915 [pool-37-thread-1] INFO  server.RaftServerConfigKeys (ConfUtils.java:logGet(43)) - raft.server.log.segment.cache.num.max = 2 (custom)
2019-10-18 00:28:13,916 [pool-27-thread-1] INFO  server.RaftServerConfigKeys (ConfUtils.java:logGet(43)) - raft.server.log.write.buffer.size = 33554432 (custom)
2019-10-18 00:28:13,915 [pool-59-thread-1] INFO  server.RaftServerConfigKeys (ConfUtils.java:logGet(43)) - raft.server.log.queue.byte-limit = 2147483647 (custom)
2019-10-18 00:28:13,916 [pool-27-thread-1] INFO  server.RaftServerConfigKeys (ConfUtils.java:logGet(43)) - raft.server.log.force.sync.num = 128 (default)
2019-10-18 00:28:13,916 [pool-37-thread-1] INFO  segmented.SegmentedRaftLogWorker (SegmentedRaftLogWorker.java:<init>(173)) - new 1c196293-af28-4849-9284-4cc1dd56b0a0@group-D617FFE7CF0E-SegmentedRaftLogWorker for RaftStorage:Storage Directory /workdir/hadoop-ozone/integration-test/target/test-dir/MiniOzoneClusterImpl-125cb84d-b14c-45f7-a2c3-14b819b44f73/datanode-1/data/ratis/ae5a6b0a-cb49-4052-81e5-d617ffe7cf0e
2019-10-18 00:28:13,916 [pool-27-thread-1] INFO  server.RaftServerConfigKeys (ConfUtils.java:logGet(43)) - raft.server.log.statemachine.data.sync = true (default)
2019-10-18 00:28:13,916 [pool-59-thread-1] INFO  server.RaftServerConfigKeys (ConfUtils.java:logGet(43)) - raft.server.log.queue.element-limit = 1024 (custom)
2019-10-18 00:28:13,916 [pool-27-thread-1] INFO  server.RaftServerConfigKeys (ConfUtils.java:logGet(43)) - raft.server.log.statemachine.data.sync.timeout = 10s (default)
2019-10-18 00:28:13,916 [Thread-799] INFO  impl.FollowerState (FollowerState.java:run(108)) - 27e27663-33d5-44e8-9c0f-eb0e3c2aee11@group-E610CA5BA845-FollowerState: change to CANDIDATE, lastRpcTime:89ms, electionTimeout:89ms
2019-10-18 00:28:13,916 [pool-37-thread-1] INFO  server.RaftServerConfigKeys (ConfUtils.java:logGet(43)) - raft.server.log.queue.byte-limit = 2147483647 (custom)
2019-10-18 00:28:13,917 [Thread-799] INFO  impl.RoleInfo (RoleInfo.java:shutdownFollowerState(121)) - 27e27663-33d5-44e8-9c0f-eb0e3c2aee11: shutdown FollowerState
2019-10-18 00:28:13,916 [pool-27-thread-1] INFO  server.RaftServerConfigKeys (ConfUtils.java:logGet(43)) - raft.server.log.statemachine.data.sync.timeout.retry = -1 (default)
2019-10-18 00:28:13,916 [pool-59-thread-1] INFO  server.RaftServerConfigKeys (ConfUtils.java:logGet(43)) - raft.server.log.segment.size.max = 1048576 (custom)
2019-10-18 00:28:13,917 [Thread-799] INFO  impl.RaftServerImpl (RaftServerImpl.java:setRole(184)) - 27e27663-33d5-44e8-9c0f-eb0e3c2aee11@group-E610CA5BA845: changes role from  FOLLOWER to CANDIDATE at term 0 for changeToCandidate
2019-10-18 00:28:13,917 [pool-37-thread-1] INFO  server.RaftServerConfigKeys (ConfUtils.java:logGet(43)) - raft.server.log.queue.element-limit = 1024 (custom)
2019-10-18 00:28:13,917 [Thread-799] INFO  impl.RoleInfo (RoleInfo.java:updateAndGet(143)) - 27e27663-33d5-44e8-9c0f-eb0e3c2aee11: start LeaderElection
2019-10-18 00:28:13,917 [pool-27-thread-1] INFO  server.RaftServerConfigKeys (ConfUtils.java:logGet(43)) - raft.server.log.statemachine.data.caching.enabled = true (custom)
2019-10-18 00:28:13,917 [pool-59-thread-1] INFO  server.RaftServerConfigKeys (ConfUtils.java:logGet(43)) - raft.server.log.preallocated.size = 16384 (custom)
2019-10-18 00:28:13,917 [pool-37-thread-1] INFO  server.RaftServerConfigKeys (ConfUtils.java:logGet(43)) - raft.server.log.segment.size.max = 1048576 (custom)
2019-10-18 00:28:13,920 [pool-27-thread-1] INFO  segmented.SegmentedRaftLogWorker (SegmentedRaftLogWorker.java:lambda$new$0(128)) - efdea5f7-0978-4608-8df8-907f93177c26@group-D617FFE7CF0E-SegmentedRaftLogWorker: flushIndex: setUnconditionally 0 -> -1
2019-10-18 00:28:13,918 [pool-59-thread-1] INFO  server.RaftServerConfigKeys (ConfUtils.java:logGet(43)) - raft.server.log.write.buffer.size = 33554432 (custom)
2019-10-18 00:28:13,921 [pool-27-thread-1] INFO  server.RaftServerConfigKeys (ConfUtils.java:logGet(43)) - raft.server.snapshot.auto.trigger.enabled = true (custom)
2019-10-18 00:28:13,920 [pool-37-thread-1] INFO  server.RaftServerConfigKeys (ConfUtils.java:logGet(43)) - raft.server.log.preallocated.size = 16384 (custom)
2019-10-18 00:28:13,921 [pool-27-thread-1] INFO  server.RaftServerConfigKeys (ConfUtils.java:logGet(43)) - raft.server.snapshot.auto.trigger.threshold = 10000 (custom)
2019-10-18 00:28:13,921 [pool-59-thread-1] INFO  server.RaftServerConfigKeys (ConfUtils.java:logGet(43)) - raft.server.log.force.sync.num = 128 (default)
2019-10-18 00:28:13,921 [pool-27-thread-1] INFO  server.RaftServerConfigKeys (ConfUtils.java:logGet(43)) - raft.server.snapshot.retention.file.num = 5 (custom)
2019-10-18 00:28:13,921 [pool-37-thread-1] INFO  server.RaftServerConfigKeys (ConfUtils.java:logGet(43)) - raft.server.log.write.buffer.size = 33554432 (custom)
2019-10-18 00:28:13,921 [pool-27-thread-1] INFO  server.RaftServerConfigKeys (ConfUtils.java:logGet(43)) - raft.server.retrycache.expirytime = 600000ms (custom)
2019-10-18 00:28:13,921 [pool-59-thread-1] INFO  server.RaftServerConfigKeys (ConfUtils.java:logGet(43)) - raft.server.log.statemachine.data.sync = true (default)
2019-10-18 00:28:13,921 [pool-37-thread-1] INFO  server.RaftServerConfigKeys (ConfUtils.java:logGet(43)) - raft.server.log.force.sync.num = 128 (default)
2019-10-18 00:28:13,922 [pool-59-thread-1] INFO  server.RaftServerConfigKeys (ConfUtils.java:logGet(43)) - raft.server.log.statemachine.data.sync.timeout = 10s (default)
2019-10-18 00:28:13,922 [pool-37-thread-1] INFO  server.RaftServerConfigKeys (ConfUtils.java:logGet(43)) - raft.server.log.statemachine.data.sync = true (default)
2019-10-18 00:28:13,922 [pool-59-thread-1] INFO  server.RaftServerConfigKeys (ConfUtils.java:logGet(43)) - raft.server.log.statemachine.data.sync.timeout.retry = -1 (default)
2019-10-18 00:28:13,922 [pool-37-thread-1] INFO  server.RaftServerConfigKeys (ConfUtils.java:logGet(43)) - raft.server.log.statemachine.data.sync.timeout = 10s (default)
2019-10-18 00:28:13,922 [pool-59-thread-1] INFO  server.RaftServerConfigKeys (ConfUtils.java:logGet(43)) - raft.server.log.statemachine.data.caching.enabled = true (custom)
2019-10-18 00:28:13,922 [pool-37-thread-1] INFO  server.RaftServerConfigKeys (ConfUtils.java:logGet(43)) - raft.server.log.statemachine.data.sync.timeout.retry = -1 (default)
2019-10-18 00:28:13,922 [pool-59-thread-1] INFO  segmented.SegmentedRaftLogWorker (SegmentedRaftLogWorker.java:lambda$new$0(128)) - 27e27663-33d5-44e8-9c0f-eb0e3c2aee11@group-D617FFE7CF0E-SegmentedRaftLogWorker: flushIndex: setUnconditionally 0 -> -1
2019-10-18 00:28:13,923 [pool-37-thread-1] INFO  server.RaftServerConfigKeys (ConfUtils.java:logGet(43)) - raft.server.log.statemachine.data.caching.enabled = true (custom)
2019-10-18 00:28:13,923 [pool-59-thread-1] INFO  server.RaftServerConfigKeys (ConfUtils.java:logGet(43)) - raft.server.snapshot.auto.trigger.enabled = true (custom)
2019-10-18 00:28:13,923 [pool-59-thread-1] INFO  server.RaftServerConfigKeys (ConfUtils.java:logGet(43)) - raft.server.snapshot.auto.trigger.threshold = 10000 (custom)
2019-10-18 00:28:13,923 [pool-59-thread-1] INFO  server.RaftServerConfigKeys (ConfUtils.java:logGet(43)) - raft.server.snapshot.retention.file.num = 5 (custom)
2019-10-18 00:28:13,923 [pool-37-thread-1] INFO  segmented.SegmentedRaftLogWorker (SegmentedRaftLogWorker.java:lambda$new$0(128)) - 1c196293-af28-4849-9284-4cc1dd56b0a0@group-D617FFE7CF0E-SegmentedRaftLogWorker: flushIndex: setUnconditionally 0 -> -1
2019-10-18 00:28:13,923 [pool-59-thread-1] INFO  server.RaftServerConfigKeys (ConfUtils.java:logGet(43)) - raft.server.retrycache.expirytime = 600000ms (custom)
2019-10-18 00:28:13,923 [pool-37-thread-1] INFO  server.RaftServerConfigKeys (ConfUtils.java:logGet(43)) - raft.server.snapshot.auto.trigger.enabled = true (custom)
2019-10-18 00:28:13,924 [pool-37-thread-1] INFO  server.RaftServerConfigKeys (ConfUtils.java:logGet(43)) - raft.server.snapshot.auto.trigger.threshold = 10000 (custom)
2019-10-18 00:28:13,924 [pool-37-thread-1] INFO  server.RaftServerConfigKeys (ConfUtils.java:logGet(43)) - raft.server.snapshot.retention.file.num = 5 (custom)
2019-10-18 00:28:13,924 [pool-37-thread-1] INFO  server.RaftServerConfigKeys (ConfUtils.java:logGet(43)) - raft.server.retrycache.expirytime = 600000ms (custom)
2019-10-18 00:28:13,924 [pool-27-thread-1] INFO  impl.RaftServerImpl (RaftServerImpl.java:start(195)) - efdea5f7-0978-4608-8df8-907f93177c26@group-D617FFE7CF0E: start as a follower, conf=-1: [efdea5f7-0978-4608-8df8-907f93177c26:192.168.164.253:40628, 27e27663-33d5-44e8-9c0f-eb0e3c2aee11:192.168.164.253:35650, 1c196293-af28-4849-9284-4cc1dd56b0a0:192.168.164.253:43223], old=null
2019-10-18 00:28:13,924 [pool-27-thread-1] INFO  impl.RaftServerImpl (RaftServerImpl.java:setRole(184)) - efdea5f7-0978-4608-8df8-907f93177c26@group-D617FFE7CF0E: changes role from      null to FOLLOWER at term 0 for startAsFollower
2019-10-18 00:28:13,924 [pool-27-thread-1] INFO  impl.RoleInfo (RoleInfo.java:updateAndGet(143)) - efdea5f7-0978-4608-8df8-907f93177c26: start FollowerState
2019-10-18 00:28:13,925 [pool-27-thread-1] INFO  util.JmxRegister (JmxRegister.java:tryRegister(44)) - Successfully registered JMX Bean with object name Ratis:service=RaftServer,group=group-D617FFE7CF0E,id=efdea5f7-0978-4608-8df8-907f93177c26
2019-10-18 00:28:13,925 [pool-59-thread-1] INFO  impl.RaftServerImpl (RaftServerImpl.java:start(195)) - 27e27663-33d5-44e8-9c0f-eb0e3c2aee11@group-D617FFE7CF0E: start as a follower, conf=-1: [efdea5f7-0978-4608-8df8-907f93177c26:192.168.164.253:40628, 27e27663-33d5-44e8-9c0f-eb0e3c2aee11:192.168.164.253:35650, 1c196293-af28-4849-9284-4cc1dd56b0a0:192.168.164.253:43223], old=null
2019-10-18 00:28:13,925 [pool-59-thread-1] INFO  impl.RaftServerImpl (RaftServerImpl.java:setRole(184)) - 27e27663-33d5-44e8-9c0f-eb0e3c2aee11@group-D617FFE7CF0E: changes role from      null to FOLLOWER at term 0 for startAsFollower
2019-10-18 00:28:13,925 [pool-59-thread-1] INFO  impl.RoleInfo (RoleInfo.java:updateAndGet(143)) - 27e27663-33d5-44e8-9c0f-eb0e3c2aee11: start FollowerState
2019-10-18 00:28:13,925 [pool-59-thread-1] INFO  util.JmxRegister (JmxRegister.java:tryRegister(44)) - Successfully registered JMX Bean with object name Ratis:service=RaftServer,group=group-D617FFE7CF0E,id=27e27663-33d5-44e8-9c0f-eb0e3c2aee11
2019-10-18 00:28:13,929 [pool-37-thread-1] INFO  impl.RaftServerImpl (RaftServerImpl.java:start(195)) - 1c196293-af28-4849-9284-4cc1dd56b0a0@group-D617FFE7CF0E: start as a follower, conf=-1: [efdea5f7-0978-4608-8df8-907f93177c26:192.168.164.253:40628, 27e27663-33d5-44e8-9c0f-eb0e3c2aee11:192.168.164.253:35650, 1c196293-af28-4849-9284-4cc1dd56b0a0:192.168.164.253:43223], old=null
2019-10-18 00:28:13,929 [pool-37-thread-1] INFO  impl.RaftServerImpl (RaftServerImpl.java:setRole(184)) - 1c196293-af28-4849-9284-4cc1dd56b0a0@group-D617FFE7CF0E: changes role from      null to FOLLOWER at term 0 for startAsFollower
2019-10-18 00:28:13,929 [pool-37-thread-1] INFO  impl.RoleInfo (RoleInfo.java:updateAndGet(143)) - 1c196293-af28-4849-9284-4cc1dd56b0a0: start FollowerState
2019-10-18 00:28:13,930 [pool-37-thread-1] INFO  util.JmxRegister (JmxRegister.java:tryRegister(44)) - Successfully registered JMX Bean with object name Ratis:service=RaftServer,group=group-D617FFE7CF0E,id=1c196293-af28-4849-9284-4cc1dd56b0a0
2019-10-18 00:28:13,937 [27e27663-33d5-44e8-9c0f-eb0e3c2aee11@group-0E05BCBC6A81-LeaderElection40] INFO  impl.LeaderElection (LeaderElection.java:logAndReturn(56)) - 27e27663-33d5-44e8-9c0f-eb0e3c2aee11@group-0E05BCBC6A81-LeaderElection40: Election REJECTED; received 2 response(s) [27e27663-33d5-44e8-9c0f-eb0e3c2aee11<-efdea5f7-0978-4608-8df8-907f93177c26#0:FAIL-t38, 27e27663-33d5-44e8-9c0f-eb0e3c2aee11<-1c196293-af28-4849-9284-4cc1dd56b0a0#0:FAIL-t38] and 0 exception(s); 27e27663-33d5-44e8-9c0f-eb0e3c2aee11@group-0E05BCBC6A81:t38, leader=null, voted=27e27663-33d5-44e8-9c0f-eb0e3c2aee11, raftlog=27e27663-33d5-44e8-9c0f-eb0e3c2aee11@group-0E05BCBC6A81-SegmentedRaftLog:OPENED:c3,f4,i4, conf=0: [efdea5f7-0978-4608-8df8-907f93177c26:192.168.164.253:40628, 27e27663-33d5-44e8-9c0f-eb0e3c2aee11:192.168.164.253:35650, 1c196293-af28-4849-9284-4cc1dd56b0a0:192.168.164.253:43223], old=null
2019-10-18 00:28:13,938 [27e27663-33d5-44e8-9c0f-eb0e3c2aee11@group-0E05BCBC6A81-LeaderElection40] INFO  impl.RaftServerImpl (RaftServerImpl.java:setRole(184)) - 27e27663-33d5-44e8-9c0f-eb0e3c2aee11@group-0E05BCBC6A81: changes role from CANDIDATE to FOLLOWER at term 38 for DISCOVERED_A_NEW_TERM
2019-10-18 00:28:13,938 [RatisPipelineUtilsThread] INFO  pipeline.PipelineStateManager (PipelineStateManager.java:addPipeline(56)) - Created pipeline Pipeline[ Id: ae5a6b0a-cb49-4052-81e5-d617ffe7cf0e, Nodes: 27e27663-33d5-44e8-9c0f-eb0e3c2aee11{ip: 192.168.164.253, host: pr-hdds-2131-4cx76-1129263384, networkLocation: /default-rack, certSerialId: null}1c196293-af28-4849-9284-4cc1dd56b0a0{ip: 192.168.164.253, host: pr-hdds-2131-4cx76-1129263384, networkLocation: /default-rack, certSerialId: null}efdea5f7-0978-4608-8df8-907f93177c26{ip: 192.168.164.253, host: pr-hdds-2131-4cx76-1129263384, networkLocation: /default-rack, certSerialId: null}, Type:RATIS, Factor:THREE, State:OPEN]
2019-10-18 00:28:13,938 [27e27663-33d5-44e8-9c0f-eb0e3c2aee11@group-0E05BCBC6A81-LeaderElection40] INFO  impl.RoleInfo (RoleInfo.java:shutdownLeaderElection(134)) - 27e27663-33d5-44e8-9c0f-eb0e3c2aee11: shutdown LeaderElection
2019-10-18 00:28:13,938 [27e27663-33d5-44e8-9c0f-eb0e3c2aee11@group-0E05BCBC6A81-LeaderElection40] INFO  impl.RoleInfo (RoleInfo.java:updateAndGet(143)) - 27e27663-33d5-44e8-9c0f-eb0e3c2aee11: start FollowerState
2019-10-18 00:28:13,945 [27e27663-33d5-44e8-9c0f-eb0e3c2aee11@group-E610CA5BA845-LeaderElection41] INFO  impl.LeaderElection (LeaderElection.java:askForVotes(178)) - 27e27663-33d5-44e8-9c0f-eb0e3c2aee11@group-E610CA5BA845-LeaderElection41: begin an election at term 1 for -1: [27e27663-33d5-44e8-9c0f-eb0e3c2aee11:192.168.164.253:35650], old=null
2019-10-18 00:28:13,945 [27e27663-33d5-44e8-9c0f-eb0e3c2aee11@group-E610CA5BA845-LeaderElection41] INFO  impl.RoleInfo (RoleInfo.java:shutdownLeaderElection(134)) - 27e27663-33d5-44e8-9c0f-eb0e3c2aee11: shutdown LeaderElection
2019-10-18 00:28:13,945 [27e27663-33d5-44e8-9c0f-eb0e3c2aee11@group-E610CA5BA845-LeaderElection41] INFO  impl.RaftServerImpl (RaftServerImpl.java:setRole(184)) - 27e27663-33d5-44e8-9c0f-eb0e3c2aee11@group-E610CA5BA845: changes role from CANDIDATE to LEADER at term 1 for changeToLeader
2019-10-18 00:28:13,945 [27e27663-33d5-44e8-9c0f-eb0e3c2aee11@group-E610CA5BA845-LeaderElection41] INFO  impl.RaftServerImpl (ServerState.java:setLeader(256)) - 27e27663-33d5-44e8-9c0f-eb0e3c2aee11@group-E610CA5BA845: change Leader from null to 27e27663-33d5-44e8-9c0f-eb0e3c2aee11 at term 1 for becomeLeader, leader elected after 127ms
2019-10-18 00:28:13,945 [27e27663-33d5-44e8-9c0f-eb0e3c2aee11@group-E610CA5BA845-LeaderElection41] INFO  server.RaftServerConfigKeys (ConfUtils.java:logGet(43)) - raft.server.staging.catchup.gap = 1000 (default)
2019-10-18 00:28:13,945 [27e27663-33d5-44e8-9c0f-eb0e3c2aee11@group-E610CA5BA845-LeaderElection41] INFO  server.RaftServerConfigKeys (ConfUtils.java:logGet(43)) - raft.server.rpc.sleep.time = 25ms (default)
2019-10-18 00:28:13,946 [27e27663-33d5-44e8-9c0f-eb0e3c2aee11@group-E610CA5BA845-LeaderElection41] INFO  server.RaftServerConfigKeys (ConfUtils.java:logGet(43)) - raft.server.write.element-limit = 4096 (default)
2019-10-18 00:28:13,946 [27e27663-33d5-44e8-9c0f-eb0e3c2aee11@group-E610CA5BA845-LeaderElection41] INFO  server.RaftServerConfigKeys (ConfUtils.java:logGet(43)) - raft.server.watch.timeout = 10s (default)
2019-10-18 00:28:13,946 [27e27663-33d5-44e8-9c0f-eb0e3c2aee11@group-E610CA5BA845-LeaderElection41] INFO  server.RaftServerConfigKeys (ConfUtils.java:logGet(43)) - raft.server.watch.timeout.denomination = 1s (default)
2019-10-18 00:28:13,946 [27e27663-33d5-44e8-9c0f-eb0e3c2aee11@group-E610CA5BA845-LeaderElection41] INFO  server.RaftServerConfigKeys (ConfUtils.java:logGet(43)) - raft.server.watch.element-limit = 65536 (default)
2019-10-18 00:28:13,948 [27e27663-33d5-44e8-9c0f-eb0e3c2aee11@group-E610CA5BA845-LeaderElection41] INFO  impl.RoleInfo (RoleInfo.java:updateAndGet(143)) - 27e27663-33d5-44e8-9c0f-eb0e3c2aee11: start LeaderState
2019-10-18 00:28:13,948 [27e27663-33d5-44e8-9c0f-eb0e3c2aee11@group-E610CA5BA845-LeaderElection41] INFO  segmented.SegmentedRaftLogWorker (SegmentedRaftLogWorker.java:startLogSegment(385)) - 27e27663-33d5-44e8-9c0f-eb0e3c2aee11@group-E610CA5BA845-SegmentedRaftLogWorker: Starting segment from index:0
2019-10-18 00:28:13,949 [27e27663-33d5-44e8-9c0f-eb0e3c2aee11@group-E610CA5BA845-LeaderElection41] INFO  impl.RaftServerImpl (ServerState.java:setRaftConf(357)) - 27e27663-33d5-44e8-9c0f-eb0e3c2aee11@group-E610CA5BA845: set configuration 0: [27e27663-33d5-44e8-9c0f-eb0e3c2aee11:192.168.164.253:35650], old=null at 0
2019-10-18 00:28:13,949 [Thread-818] INFO  impl.FollowerState (FollowerState.java:run(108)) - 1c196293-af28-4849-9284-4cc1dd56b0a0@group-D617FFE7CF0E-FollowerState: change to CANDIDATE, lastRpcTime:19ms, electionTimeout:19ms
2019-10-18 00:28:13,949 [Thread-818] INFO  impl.RoleInfo (RoleInfo.java:shutdownFollowerState(121)) - 1c196293-af28-4849-9284-4cc1dd56b0a0: shutdown FollowerState
2019-10-18 00:28:13,949 [Thread-818] INFO  impl.RaftServerImpl (RaftServerImpl.java:setRole(184)) - 1c196293-af28-4849-9284-4cc1dd56b0a0@group-D617FFE7CF0E: changes role from  FOLLOWER to CANDIDATE at term 0 for changeToCandidate
2019-10-18 00:28:13,949 [Thread-818] INFO  impl.RoleInfo (RoleInfo.java:updateAndGet(143)) - 1c196293-af28-4849-9284-4cc1dd56b0a0: start LeaderElection
2019-10-18 00:28:13,977 [Thread-817] INFO  impl.FollowerState (FollowerState.java:run(108)) - 27e27663-33d5-44e8-9c0f-eb0e3c2aee11@group-D617FFE7CF0E-FollowerState: change to CANDIDATE, lastRpcTime:51ms, electionTimeout:32ms
2019-10-18 00:28:13,978 [Thread-817] INFO  impl.RoleInfo (RoleInfo.java:shutdownFollowerState(121)) - 27e27663-33d5-44e8-9c0f-eb0e3c2aee11: shutdown FollowerState
2019-10-18 00:28:13,978 [Thread-817] INFO  impl.RaftServerImpl (RaftServerImpl.java:setRole(184)) - 27e27663-33d5-44e8-9c0f-eb0e3c2aee11@group-D617FFE7CF0E: changes role from  FOLLOWER to CANDIDATE at term 0 for changeToCandidate
2019-10-18 00:28:13,978 [Thread-817] INFO  impl.RoleInfo (RoleInfo.java:updateAndGet(143)) - 27e27663-33d5-44e8-9c0f-eb0e3c2aee11: start LeaderElection
2019-10-18 00:28:14,004 [27e27663-33d5-44e8-9c0f-eb0e3c2aee11@group-E610CA5BA845-SegmentedRaftLogWorker] INFO  segmented.SegmentedRaftLogWorker (SegmentedRaftLogWorker.java:execute(576)) - 27e27663-33d5-44e8-9c0f-eb0e3c2aee11@group-E610CA5BA845-SegmentedRaftLogWorker: created new log segment /workdir/hadoop-ozone/integration-test/target/test-dir/MiniOzoneClusterImpl-125cb84d-b14c-45f7-a2c3-14b819b44f73/datanode-2/data/ratis/99a89f1c-df0e-43bf-aaa7-e610ca5ba845/current/log_inprogress_0
2019-10-18 00:28:14,004 [27e27663-33d5-44e8-9c0f-eb0e3c2aee11@group-D617FFE7CF0E-LeaderElection43] INFO  impl.LeaderElection (LeaderElection.java:askForVotes(178)) - 27e27663-33d5-44e8-9c0f-eb0e3c2aee11@group-D617FFE7CF0E-LeaderElection43: begin an election at term 1 for -1: [efdea5f7-0978-4608-8df8-907f93177c26:192.168.164.253:40628, 27e27663-33d5-44e8-9c0f-eb0e3c2aee11:192.168.164.253:35650, 1c196293-af28-4849-9284-4cc1dd56b0a0:192.168.164.253:43223], old=null
2019-10-18 00:28:14,004 [1c196293-af28-4849-9284-4cc1dd56b0a0@group-D617FFE7CF0E-LeaderElection42] INFO  impl.LeaderElection (LeaderElection.java:askForVotes(178)) - 1c196293-af28-4849-9284-4cc1dd56b0a0@group-D617FFE7CF0E-LeaderElection42: begin an election at term 1 for -1: [efdea5f7-0978-4608-8df8-907f93177c26:192.168.164.253:40628, 27e27663-33d5-44e8-9c0f-eb0e3c2aee11:192.168.164.253:35650, 1c196293-af28-4849-9284-4cc1dd56b0a0:192.168.164.253:43223], old=null
2019-10-18 00:28:14,012 [grpc-default-executor-7] INFO  impl.RaftServerImpl (RaftServerImpl.java:setRole(184)) - efdea5f7-0978-4608-8df8-907f93177c26@group-D617FFE7CF0E: changes role from  FOLLOWER to FOLLOWER at term 1 for recognizeCandidate:27e27663-33d5-44e8-9c0f-eb0e3c2aee11
2019-10-18 00:28:14,013 [grpc-default-executor-7] INFO  impl.RoleInfo (RoleInfo.java:shutdownFollowerState(121)) - efdea5f7-0978-4608-8df8-907f93177c26: shutdown FollowerState
2019-10-18 00:28:14,014 [grpc-default-executor-7] INFO  impl.RoleInfo (RoleInfo.java:updateAndGet(143)) - efdea5f7-0978-4608-8df8-907f93177c26: start FollowerState
2019-10-18 00:28:14,024 [27e27663-33d5-44e8-9c0f-eb0e3c2aee11@group-D617FFE7CF0E-LeaderElection43] INFO  impl.LeaderElection (LeaderElection.java:logAndReturn(56)) - 27e27663-33d5-44e8-9c0f-eb0e3c2aee11@group-D617FFE7CF0E-LeaderElection43: Election TIMEOUT; received 1 response(s) [27e27663-33d5-44e8-9c0f-eb0e3c2aee11<-1c196293-af28-4849-9284-4cc1dd56b0a0#0:FAIL-t1] and 0 exception(s); 27e27663-33d5-44e8-9c0f-eb0e3c2aee11@group-D617FFE7CF0E:t1, leader=null, voted=27e27663-33d5-44e8-9c0f-eb0e3c2aee11, raftlog=27e27663-33d5-44e8-9c0f-eb0e3c2aee11@group-D617FFE7CF0E-SegmentedRaftLog:OPENED:c-1,f-1,i0, conf=-1: [efdea5f7-0978-4608-8df8-907f93177c26:192.168.164.253:40628, 27e27663-33d5-44e8-9c0f-eb0e3c2aee11:192.168.164.253:35650, 1c196293-af28-4849-9284-4cc1dd56b0a0:192.168.164.253:43223], old=null
2019-10-18 00:28:14,031 [1c196293-af28-4849-9284-4cc1dd56b0a0@group-D617FFE7CF0E-LeaderElection42] INFO  impl.LeaderElection (LeaderElection.java:logAndReturn(56)) - 1c196293-af28-4849-9284-4cc1dd56b0a0@group-D617FFE7CF0E-LeaderElection42: Election REJECTED; received 2 response(s) [1c196293-af28-4849-9284-4cc1dd56b0a0<-efdea5f7-0978-4608-8df8-907f93177c26#0:FAIL-t1, 1c196293-af28-4849-9284-4cc1dd56b0a0<-27e27663-33d5-44e8-9c0f-eb0e3c2aee11#0:FAIL-t1] and 0 exception(s); 1c196293-af28-4849-9284-4cc1dd56b0a0@group-D617FFE7CF0E:t1, leader=null, voted=1c196293-af28-4849-9284-4cc1dd56b0a0, raftlog=1c196293-af28-4849-9284-4cc1dd56b0a0@group-D617FFE7CF0E-SegmentedRaftLog:OPENED:c-1,f-1,i0, conf=-1: [efdea5f7-0978-4608-8df8-907f93177c26:192.168.164.253:40628, 27e27663-33d5-44e8-9c0f-eb0e3c2aee11:192.168.164.253:35650, 1c196293-af28-4849-9284-4cc1dd56b0a0:192.168.164.253:43223], old=null
2019-10-18 00:28:14,031 [1c196293-af28-4849-9284-4cc1dd56b0a0@group-D617FFE7CF0E-LeaderElection42] INFO  impl.RaftServerImpl (RaftServerImpl.java:setRole(184)) - 1c196293-af28-4849-9284-4cc1dd56b0a0@group-D617FFE7CF0E: changes role from CANDIDATE to FOLLOWER at term 1 for DISCOVERED_A_NEW_TERM
2019-10-18 00:28:14,032 [1c196293-af28-4849-9284-4cc1dd56b0a0@group-D617FFE7CF0E-LeaderElection42] INFO  impl.RoleInfo (RoleInfo.java:shutdownLeaderElection(134)) - 1c196293-af28-4849-9284-4cc1dd56b0a0: shutdown LeaderElection
2019-10-18 00:28:14,032 [1c196293-af28-4849-9284-4cc1dd56b0a0@group-D617FFE7CF0E-LeaderElection42] INFO  impl.RoleInfo (RoleInfo.java:updateAndGet(143)) - 1c196293-af28-4849-9284-4cc1dd56b0a0: start FollowerState
2019-10-18 00:28:14,032 [Thread-832] INFO  client.GrpcClientProtocolService (GrpcClientProtocolService.java:lambda$processClientRequest$0(278)) - Failed RaftClientRequest:client-4C7A307276C4->1c196293-af28-4849-9284-4cc1dd56b0a0@group-0E05BCBC6A81, cid=10, seq=0, Watch-ALL_COMMITTED(6), Message:<EMPTY>, reply=RaftClientReply:client-4C7A307276C4->1c196293-af28-4849-9284-4cc1dd56b0a0@group-0E05BCBC6A81, cid=10, FAILED org.apache.ratis.protocol.NotLeaderException: Server 1c196293-af28-4849-9284-4cc1dd56b0a0@group-0E05BCBC6A81 is not the leader, logIndex=0, commits[1c196293-af28-4849-9284-4cc1dd56b0a0:c10, efdea5f7-0978-4608-8df8-907f93177c26:c10, 27e27663-33d5-44e8-9c0f-eb0e3c2aee11:c4]
2019-10-18 00:28:14,056 [27e27663-33d5-44e8-9c0f-eb0e3c2aee11@group-D617FFE7CF0E-LeaderElection43] INFO  impl.LeaderElection (LeaderElection.java:askForVotes(178)) - 27e27663-33d5-44e8-9c0f-eb0e3c2aee11@group-D617FFE7CF0E-LeaderElection43: begin an election at term 2 for -1: [efdea5f7-0978-4608-8df8-907f93177c26:192.168.164.253:40628, 27e27663-33d5-44e8-9c0f-eb0e3c2aee11:192.168.164.253:35650, 1c196293-af28-4849-9284-4cc1dd56b0a0:192.168.164.253:43223], old=null
2019-10-18 00:28:14,059 [grpc-default-executor-4] INFO  impl.RaftServerImpl (RaftServerImpl.java:setRole(184)) - 1c196293-af28-4849-9284-4cc1dd56b0a0@group-D617FFE7CF0E: changes role from  FOLLOWER to FOLLOWER at term 2 for recognizeCandidate:27e27663-33d5-44e8-9c0f-eb0e3c2aee11
2019-10-18 00:28:14,059 [grpc-default-executor-7] INFO  impl.RaftServerImpl (RaftServerImpl.java:setRole(184)) - efdea5f7-0978-4608-8df8-907f93177c26@group-D617FFE7CF0E: changes role from  FOLLOWER to FOLLOWER at term 2 for recognizeCandidate:27e27663-33d5-44e8-9c0f-eb0e3c2aee11
2019-10-18 00:28:14,059 [grpc-default-executor-4] INFO  impl.RoleInfo (RoleInfo.java:shutdownFollowerState(121)) - 1c196293-af28-4849-9284-4cc1dd56b0a0: shutdown FollowerState
2019-10-18 00:28:14,059 [grpc-default-executor-7] INFO  impl.RoleInfo (RoleInfo.java:shutdownFollowerState(121)) - efdea5f7-0978-4608-8df8-907f93177c26: shutdown FollowerState
2019-10-18 00:28:14,059 [Thread-833] INFO  impl.FollowerState (FollowerState.java:run(117)) - 1c196293-af28-4849-9284-4cc1dd56b0a0@group-D617FFE7CF0E-FollowerState was interrupted: java.lang.InterruptedException: sleep interrupted
2019-10-18 00:28:14,059 [grpc-default-executor-4] INFO  impl.RoleInfo (RoleInfo.java:updateAndGet(143)) - 1c196293-af28-4849-9284-4cc1dd56b0a0: start FollowerState
2019-10-18 00:28:14,060 [grpc-default-executor-7] INFO  impl.RoleInfo (RoleInfo.java:updateAndGet(143)) - efdea5f7-0978-4608-8df8-907f93177c26: start FollowerState
2019-10-18 00:28:14,060 [Thread-830] INFO  impl.FollowerState (FollowerState.java:run(117)) - efdea5f7-0978-4608-8df8-907f93177c26@group-D617FFE7CF0E-FollowerState was interrupted: java.lang.InterruptedException: sleep interrupted
2019-10-18 00:28:14,081 [Thread-837] INFO  impl.FollowerState (FollowerState.java:run(108)) - 1c196293-af28-4849-9284-4cc1dd56b0a0@group-D617FFE7CF0E-FollowerState: change to CANDIDATE, lastRpcTime:22ms, electionTimeout:7ms
2019-10-18 00:28:14,082 [Thread-837] INFO  impl.RoleInfo (RoleInfo.java:shutdownFollowerState(121)) - 1c196293-af28-4849-9284-4cc1dd56b0a0: shutdown FollowerState
2019-10-18 00:28:14,082 [Thread-837] INFO  impl.RaftServerImpl (RaftServerImpl.java:setRole(184)) - 1c196293-af28-4849-9284-4cc1dd56b0a0@group-D617FFE7CF0E: changes role from  FOLLOWER to CANDIDATE at term 2 for changeToCandidate
2019-10-18 00:28:14,082 [Thread-837] INFO  impl.RoleInfo (RoleInfo.java:updateAndGet(143)) - 1c196293-af28-4849-9284-4cc1dd56b0a0: start LeaderElection
2019-10-18 00:28:14,083 [27e27663-33d5-44e8-9c0f-eb0e3c2aee11@group-D617FFE7CF0E-LeaderElection43] INFO  impl.LeaderElection (LeaderElection.java:logAndReturn(56)) - 27e27663-33d5-44e8-9c0f-eb0e3c2aee11@group-D617FFE7CF0E-LeaderElection43: Election PASSED; received 1 response(s) [27e27663-33d5-44e8-9c0f-eb0e3c2aee11<-efdea5f7-0978-4608-8df8-907f93177c26#0:OK-t2] and 0 exception(s); 27e27663-33d5-44e8-9c0f-eb0e3c2aee11@group-D617FFE7CF0E:t2, leader=null, voted=27e27663-33d5-44e8-9c0f-eb0e3c2aee11, raftlog=27e27663-33d5-44e8-9c0f-eb0e3c2aee11@group-D617FFE7CF0E-SegmentedRaftLog:OPENED:c-1,f-1,i0, conf=-1: [efdea5f7-0978-4608-8df8-907f93177c26:192.168.164.253:40628, 27e27663-33d5-44e8-9c0f-eb0e3c2aee11:192.168.164.253:35650, 1c196293-af28-4849-9284-4cc1dd56b0a0:192.168.164.253:43223], old=null
2019-10-18 00:28:14,083 [27e27663-33d5-44e8-9c0f-eb0e3c2aee11@group-D617FFE7CF0E-LeaderElection43] INFO  impl.RoleInfo (RoleInfo.java:shutdownLeaderElection(134)) - 27e27663-33d5-44e8-9c0f-eb0e3c2aee11: shutdown LeaderElection
2019-10-18 00:28:14,083 [27e27663-33d5-44e8-9c0f-eb0e3c2aee11@group-D617FFE7CF0E-LeaderElection43] INFO  impl.RaftServerImpl (RaftServerImpl.java:setRole(184)) - 27e27663-33d5-44e8-9c0f-eb0e3c2aee11@group-D617FFE7CF0E: changes role from CANDIDATE to LEADER at term 2 for changeToLeader
2019-10-18 00:28:14,083 [27e27663-33d5-44e8-9c0f-eb0e3c2aee11@group-D617FFE7CF0E-LeaderElection43] INFO  impl.RaftServerImpl (ServerState.java:setLeader(256)) - 27e27663-33d5-44e8-9c0f-eb0e3c2aee11@group-D617FFE7CF0E: change Leader from null to 27e27663-33d5-44e8-9c0f-eb0e3c2aee11 at term 2 for becomeLeader, leader elected after 171ms
2019-10-18 00:28:14,083 [27e27663-33d5-44e8-9c0f-eb0e3c2aee11@group-D617FFE7CF0E-LeaderElection43] INFO  server.RaftServerConfigKeys (ConfUtils.java:logGet(43)) - raft.server.staging.catchup.gap = 1000 (default)
2019-10-18 00:28:14,083 [27e27663-33d5-44e8-9c0f-eb0e3c2aee11@group-D617FFE7CF0E-LeaderElection43] INFO  server.RaftServerConfigKeys (ConfUtils.java:logGet(43)) - raft.server.rpc.sleep.time = 25ms (default)
2019-10-18 00:28:14,084 [27e27663-33d5-44e8-9c0f-eb0e3c2aee11@group-D617FFE7CF0E-LeaderElection43] INFO  server.RaftServerConfigKeys (ConfUtils.java:logGet(43)) - raft.server.write.element-limit = 4096 (default)
2019-10-18 00:28:14,084 [27e27663-33d5-44e8-9c0f-eb0e3c2aee11@group-D617FFE7CF0E-LeaderElection43] INFO  server.RaftServerConfigKeys (ConfUtils.java:logGet(43)) - raft.server.watch.timeout = 10s (default)
2019-10-18 00:28:14,084 [27e27663-33d5-44e8-9c0f-eb0e3c2aee11@group-D617FFE7CF0E-LeaderElection43] INFO  server.RaftServerConfigKeys (ConfUtils.java:logGet(43)) - raft.server.watch.timeout.denomination = 1s (default)
2019-10-18 00:28:14,084 [27e27663-33d5-44e8-9c0f-eb0e3c2aee11@group-D617FFE7CF0E-LeaderElection43] INFO  server.RaftServerConfigKeys (ConfUtils.java:logGet(43)) - raft.server.watch.element-limit = 65536 (default)
2019-10-18 00:28:14,084 [Thread-822] INFO  impl.FollowerState (FollowerState.java:run(108)) - 27e27663-33d5-44e8-9c0f-eb0e3c2aee11@group-0E05BCBC6A81-FollowerState: change to CANDIDATE, lastRpcTime:146ms, electionTimeout:146ms
2019-10-18 00:28:14,084 [Thread-822] INFO  impl.RoleInfo (RoleInfo.java:shutdownFollowerState(121)) - 27e27663-33d5-44e8-9c0f-eb0e3c2aee11: shutdown FollowerState
2019-10-18 00:28:14,085 [Thread-822] INFO  impl.RaftServerImpl (RaftServerImpl.java:setRole(184)) - 27e27663-33d5-44e8-9c0f-eb0e3c2aee11@group-0E05BCBC6A81: changes role from  FOLLOWER to CANDIDATE at term 38 for changeToCandidate
2019-10-18 00:28:14,085 [Thread-822] INFO  impl.RoleInfo (RoleInfo.java:updateAndGet(143)) - 27e27663-33d5-44e8-9c0f-eb0e3c2aee11: start LeaderElection
2019-10-18 00:28:14,086 [27e27663-33d5-44e8-9c0f-eb0e3c2aee11@group-D617FFE7CF0E-LeaderElection43] INFO  server.RaftServerConfigKeys (ConfUtils.java:logGet(43)) - raft.server.log.appender.snapshot.chunk.size.max = 16MB (=16777216) (default)
2019-10-18 00:28:14,087 [27e27663-33d5-44e8-9c0f-eb0e3c2aee11@group-D617FFE7CF0E-LeaderElection43] INFO  server.RaftServerConfigKeys (ConfUtils.java:logGet(43)) - raft.server.log.appender.buffer.byte-limit = 33554432 (custom)
2019-10-18 00:28:14,087 [27e27663-33d5-44e8-9c0f-eb0e3c2aee11@group-D617FFE7CF0E-LeaderElection43] INFO  server.RaftServerConfigKeys (ConfUtils.java:logGet(43)) - raft.server.log.appender.buffer.element-limit = 1 (custom)
2019-10-18 00:28:14,087 [27e27663-33d5-44e8-9c0f-eb0e3c2aee11@group-D617FFE7CF0E-LeaderElection43] INFO  grpc.GrpcConfigKeys$Server (ConfUtils.java:logGet(43)) - raft.grpc.server.leader.outstanding.appends.max = 128 (default)
2019-10-18 00:28:14,087 [27e27663-33d5-44e8-9c0f-eb0e3c2aee11@group-D617FFE7CF0E-LeaderElection43] INFO  server.RaftServerConfigKeys (ConfUtils.java:logGet(43)) - raft.server.rpc.request.timeout = 3000ms (default)
2019-10-18 00:28:14,087 [27e27663-33d5-44e8-9c0f-eb0e3c2aee11@group-D617FFE7CF0E-LeaderElection43] INFO  server.RaftServerConfigKeys (ConfUtils.java:logGet(43)) - raft.server.log.appender.install.snapshot.enabled = false (custom)
2019-10-18 00:28:14,089 [27e27663-33d5-44e8-9c0f-eb0e3c2aee11@group-D617FFE7CF0E-LeaderElection43] INFO  server.RaftServerConfigKeys (ConfUtils.java:logGet(43)) - raft.server.log.appender.snapshot.chunk.size.max = 16MB (=16777216) (default)
2019-10-18 00:28:14,089 [27e27663-33d5-44e8-9c0f-eb0e3c2aee11@group-D617FFE7CF0E-LeaderElection43] INFO  server.RaftServerConfigKeys (ConfUtils.java:logGet(43)) - raft.server.log.appender.buffer.byte-limit = 33554432 (custom)
2019-10-18 00:28:14,089 [27e27663-33d5-44e8-9c0f-eb0e3c2aee11@group-D617FFE7CF0E-LeaderElection43] INFO  server.RaftServerConfigKeys (ConfUtils.java:logGet(43)) - raft.server.log.appender.buffer.element-limit = 1 (custom)
2019-10-18 00:28:14,089 [27e27663-33d5-44e8-9c0f-eb0e3c2aee11@group-D617FFE7CF0E-LeaderElection43] INFO  grpc.GrpcConfigKeys$Server (ConfUtils.java:logGet(43)) - raft.grpc.server.leader.outstanding.appends.max = 128 (default)
2019-10-18 00:28:14,090 [27e27663-33d5-44e8-9c0f-eb0e3c2aee11@group-D617FFE7CF0E-LeaderElection43] INFO  server.RaftServerConfigKeys (ConfUtils.java:logGet(43)) - raft.server.rpc.request.timeout = 3000ms (default)
2019-10-18 00:28:14,090 [27e27663-33d5-44e8-9c0f-eb0e3c2aee11@group-D617FFE7CF0E-LeaderElection43] INFO  server.RaftServerConfigKeys (ConfUtils.java:logGet(43)) - raft.server.log.appender.install.snapshot.enabled = false (custom)
2019-10-18 00:28:14,092 [27e27663-33d5-44e8-9c0f-eb0e3c2aee11@group-D617FFE7CF0E-LeaderElection43] INFO  impl.RoleInfo (RoleInfo.java:updateAndGet(143)) - 27e27663-33d5-44e8-9c0f-eb0e3c2aee11: start LeaderState
2019-10-18 00:28:14,092 [27e27663-33d5-44e8-9c0f-eb0e3c2aee11@group-D617FFE7CF0E-LeaderElection43] INFO  segmented.SegmentedRaftLogWorker (SegmentedRaftLogWorker.java:startLogSegment(385)) - 27e27663-33d5-44e8-9c0f-eb0e3c2aee11@group-D617FFE7CF0E-SegmentedRaftLogWorker: Starting segment from index:0
2019-10-18 00:28:14,093 [27e27663-33d5-44e8-9c0f-eb0e3c2aee11@group-D617FFE7CF0E-LeaderElection43] INFO  impl.RaftServerImpl (ServerState.java:setRaftConf(357)) - 27e27663-33d5-44e8-9c0f-eb0e3c2aee11@group-D617FFE7CF0E: set configuration 0: [efdea5f7-0978-4608-8df8-907f93177c26:192.168.164.253:40628, 27e27663-33d5-44e8-9c0f-eb0e3c2aee11:192.168.164.253:35650, 1c196293-af28-4849-9284-4cc1dd56b0a0:192.168.164.253:43223], old=null at 0
2019-10-18 00:28:14,095 [grpc-default-executor-4] INFO  impl.RaftServerImpl (ServerState.java:setLeader(256)) - efdea5f7-0978-4608-8df8-907f93177c26@group-D617FFE7CF0E: change Leader from null to 27e27663-33d5-44e8-9c0f-eb0e3c2aee11 at term 2 for appendEntries, leader elected after 183ms
2019-10-18 00:28:14,098 [grpc-default-executor-4] INFO  impl.RaftServerImpl (ServerState.java:setRaftConf(357)) - efdea5f7-0978-4608-8df8-907f93177c26@group-D617FFE7CF0E: set configuration 0: [efdea5f7-0978-4608-8df8-907f93177c26:192.168.164.253:40628, 27e27663-33d5-44e8-9c0f-eb0e3c2aee11:192.168.164.253:35650, 1c196293-af28-4849-9284-4cc1dd56b0a0:192.168.164.253:43223], old=null at 0
2019-10-18 00:28:14,098 [grpc-default-executor-4] INFO  segmented.SegmentedRaftLogWorker (SegmentedRaftLogWorker.java:startLogSegment(385)) - efdea5f7-0978-4608-8df8-907f93177c26@group-D617FFE7CF0E-SegmentedRaftLogWorker: Starting segment from index:0
2019-10-18 00:28:14,107 [1c196293-af28-4849-9284-4cc1dd56b0a0@group-D617FFE7CF0E-LeaderElection44] INFO  impl.LeaderElection (LeaderElection.java:askForVotes(178)) - 1c196293-af28-4849-9284-4cc1dd56b0a0@group-D617FFE7CF0E-LeaderElection44: begin an election at term 3 for -1: [efdea5f7-0978-4608-8df8-907f93177c26:192.168.164.253:40628, 27e27663-33d5-44e8-9c0f-eb0e3c2aee11:192.168.164.253:35650, 1c196293-af28-4849-9284-4cc1dd56b0a0:192.168.164.253:43223], old=null
2019-10-18 00:28:14,107 [27e27663-33d5-44e8-9c0f-eb0e3c2aee11@group-0E05BCBC6A81-LeaderElection45] INFO  impl.LeaderElection (LeaderElection.java:askForVotes(178)) - 27e27663-33d5-44e8-9c0f-eb0e3c2aee11@group-0E05BCBC6A81-LeaderElection45: begin an election at term 39 for 0: [efdea5f7-0978-4608-8df8-907f93177c26:192.168.164.253:40628, 27e27663-33d5-44e8-9c0f-eb0e3c2aee11:192.168.164.253:35650, 1c196293-af28-4849-9284-4cc1dd56b0a0:192.168.164.253:43223], old=null
2019-10-18 00:28:14,110 [grpc-default-executor-4] INFO  impl.RaftServerImpl (ServerState.java:setLeader(256)) - efdea5f7-0978-4608-8df8-907f93177c26@group-D617FFE7CF0E: change Leader from 27e27663-33d5-44e8-9c0f-eb0e3c2aee11 to null at term 3 for updateCurrentTerm
2019-10-18 00:28:14,110 [grpc-default-executor-4] INFO  impl.RaftServerImpl (RaftServerImpl.java:setRole(184)) - efdea5f7-0978-4608-8df8-907f93177c26@group-D617FFE7CF0E: changes role from  FOLLOWER to FOLLOWER at term 3 for recognizeCandidate:1c196293-af28-4849-9284-4cc1dd56b0a0
2019-10-18 00:28:14,111 [grpc-default-executor-4] INFO  impl.RoleInfo (RoleInfo.java:shutdownFollowerState(121)) - efdea5f7-0978-4608-8df8-907f93177c26: shutdown FollowerState
2019-10-18 00:28:14,111 [grpc-default-executor-4] INFO  impl.RoleInfo (RoleInfo.java:updateAndGet(143)) - efdea5f7-0978-4608-8df8-907f93177c26: start FollowerState
2019-10-18 00:28:14,111 [Thread-838] INFO  impl.FollowerState (FollowerState.java:run(117)) - efdea5f7-0978-4608-8df8-907f93177c26@group-D617FFE7CF0E-FollowerState was interrupted: java.lang.InterruptedException: sleep interrupted
2019-10-18 00:28:14,111 [Thread-840] INFO  impl.RaftServerImpl (ServerState.java:setLeader(256)) - 27e27663-33d5-44e8-9c0f-eb0e3c2aee11@group-D617FFE7CF0E: change Leader from 27e27663-33d5-44e8-9c0f-eb0e3c2aee11 to null at term 3 for updateCurrentTerm
2019-10-18 00:28:14,112 [Thread-840] INFO  impl.RaftServerImpl (RaftServerImpl.java:setRole(184)) - 27e27663-33d5-44e8-9c0f-eb0e3c2aee11@group-D617FFE7CF0E: changes role from    LEADER to FOLLOWER at term 3 for stepDown
2019-10-18 00:28:14,112 [Thread-840] INFO  impl.RoleInfo (RoleInfo.java:shutdownLeaderState(104)) - 27e27663-33d5-44e8-9c0f-eb0e3c2aee11: shutdown LeaderState
2019-10-18 00:28:14,112 [grpc-default-executor-1] INFO  impl.RaftServerImpl (RaftServerImpl.java:setRole(184)) - efdea5f7-0978-4608-8df8-907f93177c26@group-0E05BCBC6A81: changes role from  FOLLOWER to FOLLOWER at term 39 for recognizeCandidate:27e27663-33d5-44e8-9c0f-eb0e3c2aee11
2019-10-18 00:28:14,141 [Thread-840] INFO  impl.PendingRequests (PendingRequests.java:sendNotLeaderResponses(202)) - 27e27663-33d5-44e8-9c0f-eb0e3c2aee11@group-D617FFE7CF0E-PendingRequests: sendNotLeaderResponses
2019-10-18 00:28:14,141 [org.apache.ratis.server.impl.LogAppender$AppenderDaemon$$Lambda$415/1681212609@159cddd8] WARN  server.GrpcLogAppender (GrpcLogAppender.java:mayWait(149)) - 27e27663-33d5-44e8-9c0f-eb0e3c2aee11@group-D617FFE7CF0E->1c196293-af28-4849-9284-4cc1dd56b0a0-GrpcLogAppender: Wait interrupted by java.lang.InterruptedException
2019-10-18 00:28:14,141 [grpc-default-executor-1] INFO  impl.RoleInfo (RoleInfo.java:shutdownFollowerState(121)) - efdea5f7-0978-4608-8df8-907f93177c26: shutdown FollowerState
2019-10-18 00:28:14,141 [org.apache.ratis.server.impl.LogAppender$AppenderDaemon$$Lambda$415/1681212609@448c9319] WARN  server.GrpcLogAppender (GrpcLogAppender.java:mayWait(149)) - 27e27663-33d5-44e8-9c0f-eb0e3c2aee11@group-D617FFE7CF0E->efdea5f7-0978-4608-8df8-907f93177c26-GrpcLogAppender: Wait interrupted by java.lang.InterruptedException
2019-10-18 00:28:14,142 [grpc-default-executor-7] INFO  impl.RaftServerImpl (RaftServerImpl.java:setRole(184)) - 1c196293-af28-4849-9284-4cc1dd56b0a0@group-0E05BCBC6A81: changes role from  FOLLOWER to FOLLOWER at term 39 for recognizeCandidate:27e27663-33d5-44e8-9c0f-eb0e3c2aee11
2019-10-18 00:28:14,142 [grpc-default-executor-7] INFO  impl.RoleInfo (RoleInfo.java:shutdownFollowerState(121)) - 1c196293-af28-4849-9284-4cc1dd56b0a0: shutdown FollowerState
2019-10-18 00:28:14,142 [grpc-default-executor-1] INFO  impl.RoleInfo (RoleInfo.java:updateAndGet(143)) - efdea5f7-0978-4608-8df8-907f93177c26: start FollowerState
2019-10-18 00:28:14,142 [Thread-811] INFO  impl.FollowerState (FollowerState.java:run(117)) - efdea5f7-0978-4608-8df8-907f93177c26@group-0E05BCBC6A81-FollowerState was interrupted: java.lang.InterruptedException: sleep interrupted
2019-10-18 00:28:14,142 [Thread-840] INFO  impl.RoleInfo (RoleInfo.java:updateAndGet(143)) - 27e27663-33d5-44e8-9c0f-eb0e3c2aee11: start FollowerState
2019-10-18 00:28:14,143 [grpc-default-executor-0] INFO  server.GrpcServerProtocolService (GrpcServerProtocolService.java:onCompleted(113)) - efdea5f7-0978-4608-8df8-907f93177c26: Completed APPEND_ENTRIES, lastRequest: 27e27663-33d5-44e8-9c0f-eb0e3c2aee11->efdea5f7-0978-4608-8df8-907f93177c26#1-t2, previous=(t:0, i:0), leaderCommit=-1, initializing? false, entries: size=1, first=(t:2, i:0), CONFIGURATIONENTRY
2019-10-18 00:28:14,142 [Thread-810] INFO  impl.FollowerState (FollowerState.java:run(117)) - 1c196293-af28-4849-9284-4cc1dd56b0a0@group-0E05BCBC6A81-FollowerState was interrupted: java.lang.InterruptedException: sleep interrupted
2019-10-18 00:28:14,142 [grpc-default-executor-7] INFO  impl.RoleInfo (RoleInfo.java:updateAndGet(143)) - 1c196293-af28-4849-9284-4cc1dd56b0a0: start FollowerState
2019-10-18 00:28:14,142 [grpc-default-executor-5] INFO  server.GrpcServerProtocolService (GrpcServerProtocolService.java:onCompleted(113)) - 1c196293-af28-4849-9284-4cc1dd56b0a0: Completed APPEND_ENTRIES, lastRequest: 27e27663-33d5-44e8-9c0f-eb0e3c2aee11->1c196293-af28-4849-9284-4cc1dd56b0a0#0-t2, previous=(t:0, i:0), leaderCommit=-1, initializing? false, entries: <empty>
2019-10-18 00:28:14,143 [EventQueue-PendingDeleteStatusForPendingDeleteHandler] INFO  block.SCMBlockDeletingService (SCMBlockDeletingService.java:handlePendingDeletes(115)) - Block deletion txnID mismatch in datanode 27e27663-33d5-44e8-9c0f-eb0e3c2aee11 for containerID 1. Datanode delete txnID: 0, SCM txnID: 1
2019-10-18 00:28:14,143 [grpc-default-executor-5] INFO  server.GrpcLogAppender (GrpcLogAppender.java:onCompleted(308)) - 27e27663-33d5-44e8-9c0f-eb0e3c2aee11@group-D617FFE7CF0E->efdea5f7-0978-4608-8df8-907f93177c26-AppendLogResponseHandler: follower responses appendEntries COMPLETED
2019-10-18 00:28:14,144 [grpc-default-executor-0] INFO  server.GrpcLogAppender (GrpcLogAppender.java:onCompleted(308)) - 27e27663-33d5-44e8-9c0f-eb0e3c2aee11@group-D617FFE7CF0E->1c196293-af28-4849-9284-4cc1dd56b0a0-AppendLogResponseHandler: follower responses appendEntries COMPLETED
2019-10-18 00:28:14,145 [BlockDeletingService#2] WARN  background.BlockDeletingService (BlockDeletingService.java:isDeletionAllowed(187)) - Close Container log Index 6 is not replicated across allthe servers in the pipeline 75404b60-6d3b-4b77-b495-0e05bcbc6a81 as the min replicated index is 4. Deletion is not allowed in this container yet.
2019-10-18 00:28:14,145 [BlockDeletingService#2] WARN  background.BlockDeletingService (BlockDeletingService.java:isDeletionAllowed(187)) - Close Container log Index 6 is not replicated across allthe servers in the pipeline 75404b60-6d3b-4b77-b495-0e05bcbc6a81 as the min replicated index is 4. Deletion is not allowed in this container yet.
2019-10-18 00:28:14,165 [efdea5f7-0978-4608-8df8-907f93177c26@group-D617FFE7CF0E-SegmentedRaftLogWorker] INFO  segmented.SegmentedRaftLogWorker (SegmentedRaftLogWorker.java:execute(576)) - efdea5f7-0978-4608-8df8-907f93177c26@group-D617FFE7CF0E-SegmentedRaftLogWorker: created new log segment /workdir/hadoop-ozone/integration-test/target/test-dir/MiniOzoneClusterImpl-125cb84d-b14c-45f7-a2c3-14b819b44f73/datanode-0/data/ratis/ae5a6b0a-cb49-4052-81e5-d617ffe7cf0e/current/log_inprogress_0
2019-10-18 00:28:14,166 [27e27663-33d5-44e8-9c0f-eb0e3c2aee11@group-D617FFE7CF0E-SegmentedRaftLogWorker] INFO  segmented.SegmentedRaftLogWorker (SegmentedRaftLogWorker.java:execute(576)) - 27e27663-33d5-44e8-9c0f-eb0e3c2aee11@group-D617FFE7CF0E-SegmentedRaftLogWorker: created new log segment /workdir/hadoop-ozone/integration-test/target/test-dir/MiniOzoneClusterImpl-125cb84d-b14c-45f7-a2c3-14b819b44f73/datanode-2/data/ratis/ae5a6b0a-cb49-4052-81e5-d617ffe7cf0e/current/log_inprogress_0
2019-10-18 00:28:14,167 [grpc-default-executor-6] INFO  impl.RaftServerImpl (RaftServerImpl.java:setRole(184)) - 27e27663-33d5-44e8-9c0f-eb0e3c2aee11@group-D617FFE7CF0E: changes role from  FOLLOWER to FOLLOWER at term 3 for recognizeCandidate:1c196293-af28-4849-9284-4cc1dd56b0a0
2019-10-18 00:28:14,168 [grpc-default-executor-6] INFO  impl.RoleInfo (RoleInfo.java:shutdownFollowerState(121)) - 27e27663-33d5-44e8-9c0f-eb0e3c2aee11: shutdown FollowerState
2019-10-18 00:28:14,168 [Thread-852] INFO  impl.FollowerState (FollowerState.java:run(117)) - 27e27663-33d5-44e8-9c0f-eb0e3c2aee11@group-D617FFE7CF0E-FollowerState was interrupted: java.lang.InterruptedException: sleep interrupted
2019-10-18 00:28:14,168 [grpc-default-executor-6] INFO  impl.RoleInfo (RoleInfo.java:updateAndGet(143)) - 27e27663-33d5-44e8-9c0f-eb0e3c2aee11: start FollowerState
2019-10-18 00:28:14,169 [27e27663-33d5-44e8-9c0f-eb0e3c2aee11@group-0E05BCBC6A81-LeaderElection45] INFO  impl.LeaderElection (LeaderElection.java:logAndReturn(56)) - 27e27663-33d5-44e8-9c0f-eb0e3c2aee11@group-0E05BCBC6A81-LeaderElection45: Election REJECTED; received 2 response(s) [27e27663-33d5-44e8-9c0f-eb0e3c2aee11<-efdea5f7-0978-4608-8df8-907f93177c26#0:FAIL-t39, 27e27663-33d5-44e8-9c0f-eb0e3c2aee11<-1c196293-af28-4849-9284-4cc1dd56b0a0#0:FAIL-t39] and 0 exception(s); 27e27663-33d5-44e8-9c0f-eb0e3c2aee11@group-0E05BCBC6A81:t39, leader=null, voted=27e27663-33d5-44e8-9c0f-eb0e3c2aee11, raftlog=27e27663-33d5-44e8-9c0f-eb0e3c2aee11@group-0E05BCBC6A81-SegmentedRaftLog:OPENED:c3,f4,i4, conf=0: [efdea5f7-0978-4608-8df8-907f93177c26:192.168.164.253:40628, 27e27663-33d5-44e8-9c0f-eb0e3c2aee11:192.168.164.253:35650, 1c196293-af28-4849-9284-4cc1dd56b0a0:192.168.164.253:43223], old=null
2019-10-18 00:28:14,169 [27e27663-33d5-44e8-9c0f-eb0e3c2aee11@group-0E05BCBC6A81-LeaderElection45] INFO  impl.RaftServerImpl (RaftServerImpl.java:setRole(184)) - 27e27663-33d5-44e8-9c0f-eb0e3c2aee11@group-0E05BCBC6A81: changes role from CANDIDATE to FOLLOWER at term 39 for DISCOVERED_A_NEW_TERM
2019-10-18 00:28:14,169 [grpc-default-executor-5] INFO  impl.FollowerInfo (FollowerInfo.java:lambda$new$0(51)) - 27e27663-33d5-44e8-9c0f-eb0e3c2aee11@group-D617FFE7CF0E->efdea5f7-0978-4608-8df8-907f93177c26: nextIndex: updateUnconditionally 1 -> 0
2019-10-18 00:28:14,170 [27e27663-33d5-44e8-9c0f-eb0e3c2aee11@group-0E05BCBC6A81-LeaderElection45] INFO  impl.RoleInfo (RoleInfo.java:shutdownLeaderElection(134)) - 27e27663-33d5-44e8-9c0f-eb0e3c2aee11: shutdown LeaderElection
2019-10-18 00:28:14,171 [27e27663-33d5-44e8-9c0f-eb0e3c2aee11@group-0E05BCBC6A81-LeaderElection45] INFO  impl.RoleInfo (RoleInfo.java:updateAndGet(143)) - 27e27663-33d5-44e8-9c0f-eb0e3c2aee11: start FollowerState
2019-10-18 00:28:14,171 [1c196293-af28-4849-9284-4cc1dd56b0a0@group-D617FFE7CF0E-LeaderElection44] INFO  impl.LeaderElection (LeaderElection.java:logAndReturn(56)) - 1c196293-af28-4849-9284-4cc1dd56b0a0@group-D617FFE7CF0E-LeaderElection44: Election REJECTED; received 2 response(s) [1c196293-af28-4849-9284-4cc1dd56b0a0<-efdea5f7-0978-4608-8df8-907f93177c26#0:FAIL-t3, 1c196293-af28-4849-9284-4cc1dd56b0a0<-27e27663-33d5-44e8-9c0f-eb0e3c2aee11#0:FAIL-t3] and 0 exception(s); 1c196293-af28-4849-9284-4cc1dd56b0a0@group-D617FFE7CF0E:t3, leader=null, voted=1c196293-af28-4849-9284-4cc1dd56b0a0, raftlog=1c196293-af28-4849-9284-4cc1dd56b0a0@group-D617FFE7CF0E-SegmentedRaftLog:OPENED:c-1,f-1,i0, conf=-1: [efdea5f7-0978-4608-8df8-907f93177c26:192.168.164.253:40628, 27e27663-33d5-44e8-9c0f-eb0e3c2aee11:192.168.164.253:35650, 1c196293-af28-4849-9284-4cc1dd56b0a0:192.168.164.253:43223], old=null
2019-10-18 00:28:14,171 [grpc-default-executor-0] INFO  impl.FollowerInfo (FollowerInfo.java:lambda$new$0(51)) - 27e27663-33d5-44e8-9c0f-eb0e3c2aee11@group-D617FFE7CF0E->1c196293-af28-4849-9284-4cc1dd56b0a0: nextIndex: updateUnconditionally 0 -> 0
2019-10-18 00:28:14,171 [1c196293-af28-4849-9284-4cc1dd56b0a0@group-D617FFE7CF0E-LeaderElection44] INFO  impl.RaftServerImpl (RaftServerImpl.java:setRole(184)) - 1c196293-af28-4849-9284-4cc1dd56b0a0@group-D617FFE7CF0E: changes role from CANDIDATE to FOLLOWER at term 3 for DISCOVERED_A_NEW_TERM
2019-10-18 00:28:14,171 [1c196293-af28-4849-9284-4cc1dd56b0a0@group-D617FFE7CF0E-LeaderElection44] INFO  impl.RoleInfo (RoleInfo.java:shutdownLeaderElection(134)) - 1c196293-af28-4849-9284-4cc1dd56b0a0: shutdown LeaderElection
2019-10-18 00:28:14,171 [1c196293-af28-4849-9284-4cc1dd56b0a0@group-D617FFE7CF0E-LeaderElection44] INFO  impl.RoleInfo (RoleInfo.java:updateAndGet(143)) - 1c196293-af28-4849-9284-4cc1dd56b0a0: start FollowerState
2019-10-18 00:28:14,187 [Thread-859] INFO  impl.FollowerState (FollowerState.java:run(108)) - 1c196293-af28-4849-9284-4cc1dd56b0a0@group-D617FFE7CF0E-FollowerState: change to CANDIDATE, lastRpcTime:15ms, electionTimeout:15ms
2019-10-18 00:28:14,187 [Thread-859] INFO  impl.RoleInfo (RoleInfo.java:shutdownFollowerState(121)) - 1c196293-af28-4849-9284-4cc1dd56b0a0: shutdown FollowerState
2019-10-18 00:28:14,187 [Thread-859] INFO  impl.RaftServerImpl (RaftServerImpl.java:setRole(184)) - 1c196293-af28-4849-9284-4cc1dd56b0a0@group-D617FFE7CF0E: changes role from  FOLLOWER to CANDIDATE at term 3 for changeToCandidate
2019-10-18 00:28:14,187 [Thread-859] INFO  impl.RoleInfo (RoleInfo.java:updateAndGet(143)) - 1c196293-af28-4849-9284-4cc1dd56b0a0: start LeaderElection
2019-10-18 00:28:14,216 [1c196293-af28-4849-9284-4cc1dd56b0a0@group-D617FFE7CF0E-LeaderElection46] INFO  impl.LeaderElection (LeaderElection.java:askForVotes(178)) - 1c196293-af28-4849-9284-4cc1dd56b0a0@group-D617FFE7CF0E-LeaderElection46: begin an election at term 4 for -1: [efdea5f7-0978-4608-8df8-907f93177c26:192.168.164.253:40628, 27e27663-33d5-44e8-9c0f-eb0e3c2aee11:192.168.164.253:35650, 1c196293-af28-4849-9284-4cc1dd56b0a0:192.168.164.253:43223], old=null
2019-10-18 00:28:14,219 [grpc-default-executor-0] INFO  impl.RaftServerImpl (RaftServerImpl.java:setRole(184)) - efdea5f7-0978-4608-8df8-907f93177c26@group-D617FFE7CF0E: changes role from  FOLLOWER to FOLLOWER at term 4 for recognizeCandidate:1c196293-af28-4849-9284-4cc1dd56b0a0
2019-10-18 00:28:14,219 [grpc-default-executor-5] INFO  impl.RaftServerImpl (RaftServerImpl.java:setRole(184)) - 27e27663-33d5-44e8-9c0f-eb0e3c2aee11@group-D617FFE7CF0E: changes role from  FOLLOWER to FOLLOWER at term 4 for recognizeCandidate:1c196293-af28-4849-9284-4cc1dd56b0a0
2019-10-18 00:28:14,219 [grpc-default-executor-0] INFO  impl.RoleInfo (RoleInfo.java:shutdownFollowerState(121)) - efdea5f7-0978-4608-8df8-907f93177c26: shutdown FollowerState
2019-10-18 00:28:14,220 [grpc-default-executor-5] INFO  impl.RoleInfo (RoleInfo.java:shutdownFollowerState(121)) - 27e27663-33d5-44e8-9c0f-eb0e3c2aee11: shutdown FollowerState
2019-10-18 00:28:14,220 [grpc-default-executor-0] INFO  impl.RoleInfo (RoleInfo.java:updateAndGet(143)) - efdea5f7-0978-4608-8df8-907f93177c26: start FollowerState
2019-10-18 00:28:14,220 [Thread-851] INFO  impl.FollowerState (FollowerState.java:run(117)) - efdea5f7-0978-4608-8df8-907f93177c26@group-D617FFE7CF0E-FollowerState was interrupted: java.lang.InterruptedException: sleep interrupted
2019-10-18 00:28:14,220 [grpc-default-executor-5] INFO  impl.RoleInfo (RoleInfo.java:updateAndGet(143)) - 27e27663-33d5-44e8-9c0f-eb0e3c2aee11: start FollowerState
2019-10-18 00:28:14,220 [Thread-857] INFO  impl.FollowerState (FollowerState.java:run(117)) - 27e27663-33d5-44e8-9c0f-eb0e3c2aee11@group-D617FFE7CF0E-FollowerState was interrupted: java.lang.InterruptedException: sleep interrupted
2019-10-18 00:28:14,243 [1c196293-af28-4849-9284-4cc1dd56b0a0@group-D617FFE7CF0E-LeaderElection46] INFO  impl.LeaderElection (LeaderElection.java:logAndReturn(56)) - 1c196293-af28-4849-9284-4cc1dd56b0a0@group-D617FFE7CF0E-LeaderElection46: Election REJECTED; received 2 response(s) [1c196293-af28-4849-9284-4cc1dd56b0a0<-efdea5f7-0978-4608-8df8-907f93177c26#0:FAIL-t4, 1c196293-af28-4849-9284-4cc1dd56b0a0<-27e27663-33d5-44e8-9c0f-eb0e3c2aee11#0:FAIL-t4] and 0 exception(s); 1c196293-af28-4849-9284-4cc1dd56b0a0@group-D617FFE7CF0E:t4, leader=null, voted=1c196293-af28-4849-9284-4cc1dd56b0a0, raftlog=1c196293-af28-4849-9284-4cc1dd56b0a0@group-D617FFE7CF0E-SegmentedRaftLog:OPENED:c-1,f-1,i0, conf=-1: [efdea5f7-0978-4608-8df8-907f93177c26:192.168.164.253:40628, 27e27663-33d5-44e8-9c0f-eb0e3c2aee11:192.168.164.253:35650, 1c196293-af28-4849-9284-4cc1dd56b0a0:192.168.164.253:43223], old=null
2019-10-18 00:28:14,243 [1c196293-af28-4849-9284-4cc1dd56b0a0@group-D617FFE7CF0E-LeaderElection46] INFO  impl.RaftServerImpl (RaftServerImpl.java:setRole(184)) - 1c196293-af28-4849-9284-4cc1dd56b0a0@group-D617FFE7CF0E: changes role from CANDIDATE to FOLLOWER at term 4 for DISCOVERED_A_NEW_TERM
2019-10-18 00:28:14,243 [1c196293-af28-4849-9284-4cc1dd56b0a0@group-D617FFE7CF0E-LeaderElection46] INFO  impl.RoleInfo (RoleInfo.java:shutdownLeaderElection(134)) - 1c196293-af28-4849-9284-4cc1dd56b0a0: shutdown LeaderElection
2019-10-18 00:28:14,243 [1c196293-af28-4849-9284-4cc1dd56b0a0@group-D617FFE7CF0E-LeaderElection46] INFO  impl.RoleInfo (RoleInfo.java:updateAndGet(143)) - 1c196293-af28-4849-9284-4cc1dd56b0a0: start FollowerState
2019-10-18 00:28:14,259 [pool-7-thread-1] INFO  commands.RetriableDatanodeEventWatcher (RetriableDatanodeEventWatcher.java:onTimeout(47)) - RetriableDatanodeCommand type=deleteBlocksCommand with id=1571358486260 timed out. Retrying.
2019-10-18 00:28:14,260 [pool-7-thread-6] INFO  commands.RetriableDatanodeEventWatcher (RetriableDatanodeEventWatcher.java:onTimeout(47)) - RetriableDatanodeCommand type=deleteBlocksCommand with id=1571358486257 timed out. Retrying.
2019-10-18 00:28:14,260 [pool-7-thread-2] INFO  commands.RetriableDatanodeEventWatcher (RetriableDatanodeEventWatcher.java:onTimeout(47)) - RetriableDatanodeCommand type=deleteBlocksCommand with id=1571358486253 timed out. Retrying.
2019-10-18 00:28:14,260 [pool-7-thread-3] INFO  commands.RetriableDatanodeEventWatcher (RetriableDatanodeEventWatcher.java:onTimeout(47)) - RetriableDatanodeCommand type=deleteBlocksCommand with id=1571358486261 timed out. Retrying.
2019-10-18 00:28:14,260 [pool-7-thread-3] INFO  commands.RetriableDatanodeEventWatcher (RetriableDatanodeEventWatcher.java:onTimeout(47)) - RetriableDatanodeCommand type=deleteBlocksCommand with id=1571358486250 timed out. Retrying.
2019-10-18 00:28:14,260 [pool-7-thread-6] INFO  commands.RetriableDatanodeEventWatcher (RetriableDatanodeEventWatcher.java:onTimeout(47)) - RetriableDatanodeCommand type=deleteBlocksCommand with id=1571358486259 timed out. Retrying.
2019-10-18 00:28:14,261 [pool-7-thread-1] INFO  commands.RetriableDatanodeEventWatcher (RetriableDatanodeEventWatcher.java:onTimeout(47)) - RetriableDatanodeCommand type=deleteBlocksCommand with id=1571358486256 timed out. Retrying.
2019-10-18 00:28:14,261 [pool-7-thread-2] INFO  commands.RetriableDatanodeEventWatcher (RetriableDatanodeEventWatcher.java:onTimeout(47)) - RetriableDatanodeCommand type=deleteBlocksCommand with id=1571358486258 timed out. Retrying.
2019-10-18 00:28:14,261 [SCMBlockDeletingService#1] INFO  block.SCMBlockDeletingService (SCMBlockDeletingService.java:call(184)) - Totally added 1 delete blocks command for 1 datanodes, task elapsed time: 1ms
2019-10-18 00:28:14,364 [Thread-858] INFO  impl.FollowerState (FollowerState.java:run(108)) - 27e27663-33d5-44e8-9c0f-eb0e3c2aee11@group-0E05BCBC6A81-FollowerState: change to CANDIDATE, lastRpcTime:193ms, electionTimeout:193ms
2019-10-18 00:28:14,364 [Thread-858] INFO  impl.RoleInfo (RoleInfo.java:shutdownFollowerState(121)) - 27e27663-33d5-44e8-9c0f-eb0e3c2aee11: shutdown FollowerState
2019-10-18 00:28:14,365 [Thread-858] INFO  impl.RaftServerImpl (RaftServerImpl.java:setRole(184)) - 27e27663-33d5-44e8-9c0f-eb0e3c2aee11@group-0E05BCBC6A81: changes role from  FOLLOWER to CANDIDATE at term 39 for changeToCandidate
2019-10-18 00:28:14,365 [Thread-858] INFO  impl.RoleInfo (RoleInfo.java:updateAndGet(143)) - 27e27663-33d5-44e8-9c0f-eb0e3c2aee11: start LeaderElection
2019-10-18 00:28:14,388 [Thread-866] INFO  impl.FollowerState (FollowerState.java:run(108)) - 1c196293-af28-4849-9284-4cc1dd56b0a0@group-D617FFE7CF0E-FollowerState: change to CANDIDATE, lastRpcTime:144ms, electionTimeout:144ms
2019-10-18 00:28:14,388 [Thread-866] INFO  impl.RoleInfo (RoleInfo.java:shutdownFollowerState(121)) - 1c196293-af28-4849-9284-4cc1dd56b0a0: shutdown FollowerState
2019-10-18 00:28:14,388 [Thread-866] INFO  impl.RaftServerImpl (RaftServerImpl.java:setRole(184)) - 1c196293-af28-4849-9284-4cc1dd56b0a0@group-D617FFE7CF0E: changes role from  FOLLOWER to CANDIDATE at term 4 for changeToCandidate
2019-10-18 00:28:14,388 [Thread-866] INFO  impl.RoleInfo (RoleInfo.java:updateAndGet(143)) - 1c196293-af28-4849-9284-4cc1dd56b0a0: start LeaderElection
2019-10-18 00:28:14,392 [27e27663-33d5-44e8-9c0f-eb0e3c2aee11@group-0E05BCBC6A81-LeaderElection47] INFO  impl.LeaderElection (LeaderElection.java:askForVotes(178)) - 27e27663-33d5-44e8-9c0f-eb0e3c2aee11@group-0E05BCBC6A81-LeaderElection47: begin an election at term 40 for 0: [efdea5f7-0978-4608-8df8-907f93177c26:192.168.164.253:40628, 27e27663-33d5-44e8-9c0f-eb0e3c2aee11:192.168.164.253:35650, 1c196293-af28-4849-9284-4cc1dd56b0a0:192.168.164.253:43223], old=null
2019-10-18 00:28:14,402 [grpc-default-executor-0] INFO  impl.RaftServerImpl (RaftServerImpl.java:setRole(184)) - 1c196293-af28-4849-9284-4cc1dd56b0a0@group-0E05BCBC6A81: changes role from  FOLLOWER to FOLLOWER at term 40 for recognizeCandidate:27e27663-33d5-44e8-9c0f-eb0e3c2aee11
2019-10-18 00:28:14,402 [grpc-default-executor-0] INFO  impl.RoleInfo (RoleInfo.java:shutdownFollowerState(121)) - 1c196293-af28-4849-9284-4cc1dd56b0a0: shutdown FollowerState
2019-10-18 00:28:14,402 [grpc-default-executor-5] INFO  impl.RaftServerImpl (RaftServerImpl.java:setRole(184)) - efdea5f7-0978-4608-8df8-907f93177c26@group-0E05BCBC6A81: changes role from  FOLLOWER to FOLLOWER at term 40 for recognizeCandidate:27e27663-33d5-44e8-9c0f-eb0e3c2aee11
2019-10-18 00:28:14,402 [Thread-854] INFO  impl.FollowerState (FollowerState.java:run(117)) - 1c196293-af28-4849-9284-4cc1dd56b0a0@group-0E05BCBC6A81-FollowerState was interrupted: java.lang.InterruptedException: sleep interrupted
2019-10-18 00:28:14,402 [grpc-default-executor-0] INFO  impl.RoleInfo (RoleInfo.java:updateAndGet(143)) - 1c196293-af28-4849-9284-4cc1dd56b0a0: start FollowerState
2019-10-18 00:28:14,402 [grpc-default-executor-5] INFO  impl.RoleInfo (RoleInfo.java:shutdownFollowerState(121)) - efdea5f7-0978-4608-8df8-907f93177c26: shutdown FollowerState
2019-10-18 00:28:14,403 [Thread-853] INFO  impl.FollowerState (FollowerState.java:run(117)) - efdea5f7-0978-4608-8df8-907f93177c26@group-0E05BCBC6A81-FollowerState was interrupted: java.lang.InterruptedException: sleep interrupted
2019-10-18 00:28:14,403 [grpc-default-executor-5] INFO  impl.RoleInfo (RoleInfo.java:updateAndGet(143)) - efdea5f7-0978-4608-8df8-907f93177c26: start FollowerState
2019-10-18 00:28:14,417 [1c196293-af28-4849-9284-4cc1dd56b0a0@group-D617FFE7CF0E-LeaderElection48] INFO  impl.LeaderElection (LeaderElection.java:askForVotes(178)) - 1c196293-af28-4849-9284-4cc1dd56b0a0@group-D617FFE7CF0E-LeaderElection48: begin an election at term 5 for -1: [efdea5f7-0978-4608-8df8-907f93177c26:192.168.164.253:40628, 27e27663-33d5-44e8-9c0f-eb0e3c2aee11:192.168.164.253:35650, 1c196293-af28-4849-9284-4cc1dd56b0a0:192.168.164.253:43223], old=null
2019-10-18 00:28:14,420 [grpc-default-executor-4] INFO  impl.RaftServerImpl (RaftServerImpl.java:setRole(184)) - 27e27663-33d5-44e8-9c0f-eb0e3c2aee11@group-D617FFE7CF0E: changes role from  FOLLOWER to FOLLOWER at term 5 for recognizeCandidate:1c196293-af28-4849-9284-4cc1dd56b0a0
2019-10-18 00:28:14,420 [grpc-default-executor-6] INFO  impl.RaftServerImpl (RaftServerImpl.java:setRole(184)) - efdea5f7-0978-4608-8df8-907f93177c26@group-D617FFE7CF0E: changes role from  FOLLOWER to FOLLOWER at term 5 for recognizeCandidate:1c196293-af28-4849-9284-4cc1dd56b0a0
2019-10-18 00:28:14,420 [grpc-default-executor-4] INFO  impl.RoleInfo (RoleInfo.java:shutdownFollowerState(121)) - 27e27663-33d5-44e8-9c0f-eb0e3c2aee11: shutdown FollowerState
2019-10-18 00:28:14,420 [grpc-default-executor-6] INFO  impl.RoleInfo (RoleInfo.java:shutdownFollowerState(121)) - efdea5f7-0978-4608-8df8-907f93177c26: shutdown FollowerState
2019-10-18 00:28:14,420 [Thread-865] INFO  impl.FollowerState (FollowerState.java:run(117)) - 27e27663-33d5-44e8-9c0f-eb0e3c2aee11@group-D617FFE7CF0E-FollowerState was interrupted: java.lang.InterruptedException: sleep interrupted
2019-10-18 00:28:14,420 [Thread-864] INFO  impl.FollowerState (FollowerState.java:run(117)) - efdea5f7-0978-4608-8df8-907f93177c26@group-D617FFE7CF0E-FollowerState was interrupted: java.lang.InterruptedException: sleep interrupted
2019-10-18 00:28:14,420 [grpc-default-executor-4] INFO  impl.RoleInfo (RoleInfo.java:updateAndGet(143)) - 27e27663-33d5-44e8-9c0f-eb0e3c2aee11: start FollowerState
2019-10-18 00:28:14,420 [grpc-default-executor-6] INFO  impl.RoleInfo (RoleInfo.java:updateAndGet(143)) - efdea5f7-0978-4608-8df8-907f93177c26: start FollowerState
2019-10-18 00:28:14,436 [27e27663-33d5-44e8-9c0f-eb0e3c2aee11@group-0E05BCBC6A81-LeaderElection47] INFO  impl.LeaderElection (LeaderElection.java:logAndReturn(56)) - 27e27663-33d5-44e8-9c0f-eb0e3c2aee11@group-0E05BCBC6A81-LeaderElection47: Election REJECTED; received 2 response(s) [27e27663-33d5-44e8-9c0f-eb0e3c2aee11<-efdea5f7-0978-4608-8df8-907f93177c26#0:FAIL-t40, 27e27663-33d5-44e8-9c0f-eb0e3c2aee11<-1c196293-af28-4849-9284-4cc1dd56b0a0#0:FAIL-t40] and 0 exception(s); 27e27663-33d5-44e8-9c0f-eb0e3c2aee11@group-0E05BCBC6A81:t40, leader=null, voted=27e27663-33d5-44e8-9c0f-eb0e3c2aee11, raftlog=27e27663-33d5-44e8-9c0f-eb0e3c2aee11@group-0E05BCBC6A81-SegmentedRaftLog:OPENED:c3,f4,i4, conf=0: [efdea5f7-0978-4608-8df8-907f93177c26:192.168.164.253:40628, 27e27663-33d5-44e8-9c0f-eb0e3c2aee11:192.168.164.253:35650, 1c196293-af28-4849-9284-4cc1dd56b0a0:192.168.164.253:43223], old=null
2019-10-18 00:28:14,436 [27e27663-33d5-44e8-9c0f-eb0e3c2aee11@group-0E05BCBC6A81-LeaderElection47] INFO  impl.RaftServerImpl (RaftServerImpl.java:setRole(184)) - 27e27663-33d5-44e8-9c0f-eb0e3c2aee11@group-0E05BCBC6A81: changes role from CANDIDATE to FOLLOWER at term 40 for DISCOVERED_A_NEW_TERM
2019-10-18 00:28:14,436 [27e27663-33d5-44e8-9c0f-eb0e3c2aee11@group-0E05BCBC6A81-LeaderElection47] INFO  impl.RoleInfo (RoleInfo.java:shutdownLeaderElection(134)) - 27e27663-33d5-44e8-9c0f-eb0e3c2aee11: shutdown LeaderElection
2019-10-18 00:28:14,436 [27e27663-33d5-44e8-9c0f-eb0e3c2aee11@group-0E05BCBC6A81-LeaderElection47] INFO  impl.RoleInfo (RoleInfo.java:updateAndGet(143)) - 27e27663-33d5-44e8-9c0f-eb0e3c2aee11: start FollowerState
2019-10-18 00:28:14,444 [EventQueue-PendingDeleteStatusForPendingDeleteHandler] INFO  block.SCMBlockDeletingService (SCMBlockDeletingService.java:handlePendingDeletes(115)) - Block deletion txnID mismatch in datanode 27e27663-33d5-44e8-9c0f-eb0e3c2aee11 for containerID 1. Datanode delete txnID: 0, SCM txnID: 1
2019-10-18 00:28:14,452 [1c196293-af28-4849-9284-4cc1dd56b0a0@group-D617FFE7CF0E-LeaderElection48] INFO  impl.LeaderElection (LeaderElection.java:logAndReturn(56)) - 1c196293-af28-4849-9284-4cc1dd56b0a0@group-D617FFE7CF0E-LeaderElection48: Election REJECTED; received 2 response(s) [1c196293-af28-4849-9284-4cc1dd56b0a0<-efdea5f7-0978-4608-8df8-907f93177c26#0:FAIL-t5, 1c196293-af28-4849-9284-4cc1dd56b0a0<-27e27663-33d5-44e8-9c0f-eb0e3c2aee11#0:FAIL-t5] and 0 exception(s); 1c196293-af28-4849-9284-4cc1dd56b0a0@group-D617FFE7CF0E:t5, leader=null, voted=1c196293-af28-4849-9284-4cc1dd56b0a0, raftlog=1c196293-af28-4849-9284-4cc1dd56b0a0@group-D617FFE7CF0E-SegmentedRaftLog:OPENED:c-1,f-1,i0, conf=-1: [efdea5f7-0978-4608-8df8-907f93177c26:192.168.164.253:40628, 27e27663-33d5-44e8-9c0f-eb0e3c2aee11:192.168.164.253:35650, 1c196293-af28-4849-9284-4cc1dd56b0a0:192.168.164.253:43223], old=null
2019-10-18 00:28:14,453 [1c196293-af28-4849-9284-4cc1dd56b0a0@group-D617FFE7CF0E-LeaderElection48] INFO  impl.RaftServerImpl (RaftServerImpl.java:setRole(184)) - 1c196293-af28-4849-9284-4cc1dd56b0a0@group-D617FFE7CF0E: changes role from CANDIDATE to FOLLOWER at term 5 for DISCOVERED_A_NEW_TERM
2019-10-18 00:28:14,453 [1c196293-af28-4849-9284-4cc1dd56b0a0@group-D617FFE7CF0E-LeaderElection48] INFO  impl.RoleInfo (RoleInfo.java:shutdownLeaderElection(134)) - 1c196293-af28-4849-9284-4cc1dd56b0a0: shutdown LeaderElection
2019-10-18 00:28:14,453 [1c196293-af28-4849-9284-4cc1dd56b0a0@group-D617FFE7CF0E-LeaderElection48] INFO  impl.RoleInfo (RoleInfo.java:updateAndGet(143)) - 1c196293-af28-4849-9284-4cc1dd56b0a0: start FollowerState
2019-10-18 00:28:14,604 [Thread-877] INFO  impl.FollowerState (FollowerState.java:run(108)) - 27e27663-33d5-44e8-9c0f-eb0e3c2aee11@group-0E05BCBC6A81-FollowerState: change to CANDIDATE, lastRpcTime:167ms, electionTimeout:167ms
2019-10-18 00:28:14,604 [Thread-877] INFO  impl.RoleInfo (RoleInfo.java:shutdownFollowerState(121)) - 27e27663-33d5-44e8-9c0f-eb0e3c2aee11: shutdown FollowerState
2019-10-18 00:28:14,604 [Thread-877] INFO  impl.RaftServerImpl (RaftServerImpl.java:setRole(184)) - 27e27663-33d5-44e8-9c0f-eb0e3c2aee11@group-0E05BCBC6A81: changes role from  FOLLOWER to CANDIDATE at term 40 for changeToCandidate
2019-10-18 00:28:14,604 [Thread-877] INFO  impl.RoleInfo (RoleInfo.java:updateAndGet(143)) - 27e27663-33d5-44e8-9c0f-eb0e3c2aee11: start LeaderElection
2019-10-18 00:28:14,635 [27e27663-33d5-44e8-9c0f-eb0e3c2aee11@group-0E05BCBC6A81-LeaderElection49] INFO  impl.LeaderElection (LeaderElection.java:askForVotes(178)) - 27e27663-33d5-44e8-9c0f-eb0e3c2aee11@group-0E05BCBC6A81-LeaderElection49: begin an election at term 41 for 0: [efdea5f7-0978-4608-8df8-907f93177c26:192.168.164.253:40628, 27e27663-33d5-44e8-9c0f-eb0e3c2aee11:192.168.164.253:35650, 1c196293-af28-4849-9284-4cc1dd56b0a0:192.168.164.253:43223], old=null
2019-10-18 00:28:14,638 [grpc-default-executor-6] INFO  impl.RaftServerImpl (RaftServerImpl.java:setRole(184)) - 1c196293-af28-4849-9284-4cc1dd56b0a0@group-0E05BCBC6A81: changes role from  FOLLOWER to FOLLOWER at term 41 for recognizeCandidate:27e27663-33d5-44e8-9c0f-eb0e3c2aee11
2019-10-18 00:28:14,638 [grpc-default-executor-4] INFO  impl.RaftServerImpl (RaftServerImpl.java:setRole(184)) - efdea5f7-0978-4608-8df8-907f93177c26@group-0E05BCBC6A81: changes role from  FOLLOWER to FOLLOWER at term 41 for recognizeCandidate:27e27663-33d5-44e8-9c0f-eb0e3c2aee11
2019-10-18 00:28:14,638 [grpc-default-executor-6] INFO  impl.RoleInfo (RoleInfo.java:shutdownFollowerState(121)) - 1c196293-af28-4849-9284-4cc1dd56b0a0: shutdown FollowerState
2019-10-18 00:28:14,638 [grpc-default-executor-4] INFO  impl.RoleInfo (RoleInfo.java:shutdownFollowerState(121)) - efdea5f7-0978-4608-8df8-907f93177c26: shutdown FollowerState
2019-10-18 00:28:14,639 [Thread-871] INFO  impl.FollowerState (FollowerState.java:run(117)) - 1c196293-af28-4849-9284-4cc1dd56b0a0@group-0E05BCBC6A81-FollowerState was interrupted: java.lang.InterruptedException: sleep interrupted
2019-10-18 00:28:14,638 [grpc-default-executor-6] INFO  impl.RoleInfo (RoleInfo.java:updateAndGet(143)) - 1c196293-af28-4849-9284-4cc1dd56b0a0: start FollowerState
2019-10-18 00:28:14,639 [Thread-872] INFO  impl.FollowerState (FollowerState.java:run(117)) - efdea5f7-0978-4608-8df8-907f93177c26@group-0E05BCBC6A81-FollowerState was interrupted: java.lang.InterruptedException: sleep interrupted
2019-10-18 00:28:14,639 [grpc-default-executor-4] INFO  impl.RoleInfo (RoleInfo.java:updateAndGet(143)) - efdea5f7-0978-4608-8df8-907f93177c26: start FollowerState
2019-10-18 00:28:14,651 [Thread-878] INFO  impl.FollowerState (FollowerState.java:run(108)) - 1c196293-af28-4849-9284-4cc1dd56b0a0@group-D617FFE7CF0E-FollowerState: change to CANDIDATE, lastRpcTime:198ms, electionTimeout:198ms
2019-10-18 00:28:14,652 [Thread-878] INFO  impl.RoleInfo (RoleInfo.java:shutdownFollowerState(121)) - 1c196293-af28-4849-9284-4cc1dd56b0a0: shutdown FollowerState
2019-10-18 00:28:14,652 [Thread-878] INFO  impl.RaftServerImpl (RaftServerImpl.java:setRole(184)) - 1c196293-af28-4849-9284-4cc1dd56b0a0@group-D617FFE7CF0E: changes role from  FOLLOWER to CANDIDATE at term 5 for changeToCandidate
2019-10-18 00:28:14,652 [Thread-878] INFO  impl.RoleInfo (RoleInfo.java:updateAndGet(143)) - 1c196293-af28-4849-9284-4cc1dd56b0a0: start LeaderElection
2019-10-18 00:28:14,662 [27e27663-33d5-44e8-9c0f-eb0e3c2aee11@group-0E05BCBC6A81-LeaderElection49] INFO  impl.LeaderElection (LeaderElection.java:logAndReturn(56)) - 27e27663-33d5-44e8-9c0f-eb0e3c2aee11@group-0E05BCBC6A81-LeaderElection49: Election REJECTED; received 2 response(s) [27e27663-33d5-44e8-9c0f-eb0e3c2aee11<-efdea5f7-0978-4608-8df8-907f93177c26#0:FAIL-t41, 27e27663-33d5-44e8-9c0f-eb0e3c2aee11<-1c196293-af28-4849-9284-4cc1dd56b0a0#0:FAIL-t41] and 0 exception(s); 27e27663-33d5-44e8-9c0f-eb0e3c2aee11@group-0E05BCBC6A81:t41, leader=null, voted=27e27663-33d5-44e8-9c0f-eb0e3c2aee11, raftlog=27e27663-33d5-44e8-9c0f-eb0e3c2aee11@group-0E05BCBC6A81-SegmentedRaftLog:OPENED:c3,f4,i4, conf=0: [efdea5f7-0978-4608-8df8-907f93177c26:192.168.164.253:40628, 27e27663-33d5-44e8-9c0f-eb0e3c2aee11:192.168.164.253:35650, 1c196293-af28-4849-9284-4cc1dd56b0a0:192.168.164.253:43223], old=null
2019-10-18 00:28:14,662 [27e27663-33d5-44e8-9c0f-eb0e3c2aee11@group-0E05BCBC6A81-LeaderElection49] INFO  impl.RaftServerImpl (RaftServerImpl.java:setRole(184)) - 27e27663-33d5-44e8-9c0f-eb0e3c2aee11@group-0E05BCBC6A81: changes role from CANDIDATE to FOLLOWER at term 41 for DISCOVERED_A_NEW_TERM
2019-10-18 00:28:14,662 [27e27663-33d5-44e8-9c0f-eb0e3c2aee11@group-0E05BCBC6A81-LeaderElection49] INFO  impl.RoleInfo (RoleInfo.java:shutdownLeaderElection(134)) - 27e27663-33d5-44e8-9c0f-eb0e3c2aee11: shutdown LeaderElection
2019-10-18 00:28:14,662 [27e27663-33d5-44e8-9c0f-eb0e3c2aee11@group-0E05BCBC6A81-LeaderElection49] INFO  impl.RoleInfo (RoleInfo.java:updateAndGet(143)) - 27e27663-33d5-44e8-9c0f-eb0e3c2aee11: start FollowerState
2019-10-18 00:28:14,678 [1c196293-af28-4849-9284-4cc1dd56b0a0@group-D617FFE7CF0E-LeaderElection50] INFO  impl.LeaderElection (LeaderElection.java:askForVotes(178)) - 1c196293-af28-4849-9284-4cc1dd56b0a0@group-D617FFE7CF0E-LeaderElection50: begin an election at term 6 for -1: [efdea5f7-0978-4608-8df8-907f93177c26:192.168.164.253:40628, 27e27663-33d5-44e8-9c0f-eb0e3c2aee11:192.168.164.253:35650, 1c196293-af28-4849-9284-4cc1dd56b0a0:192.168.164.253:43223], old=null
2019-10-18 00:28:14,680 [grpc-default-executor-4] INFO  impl.RaftServerImpl (RaftServerImpl.java:setRole(184)) - efdea5f7-0978-4608-8df8-907f93177c26@group-D617FFE7CF0E: changes role from  FOLLOWER to FOLLOWER at term 6 for recognizeCandidate:1c196293-af28-4849-9284-4cc1dd56b0a0
2019-10-18 00:28:14,680 [grpc-default-executor-4] INFO  impl.RoleInfo (RoleInfo.java:shutdownFollowerState(121)) - efdea5f7-0978-4608-8df8-907f93177c26: shutdown FollowerState
2019-10-18 00:28:14,680 [grpc-default-executor-6] INFO  impl.RaftServerImpl (RaftServerImpl.java:setRole(184)) - 27e27663-33d5-44e8-9c0f-eb0e3c2aee11@group-D617FFE7CF0E: changes role from  FOLLOWER to FOLLOWER at term 6 for recognizeCandidate:1c196293-af28-4849-9284-4cc1dd56b0a0
2019-10-18 00:28:14,680 [Thread-876] INFO  impl.FollowerState (FollowerState.java:run(117)) - efdea5f7-0978-4608-8df8-907f93177c26@group-D617FFE7CF0E-FollowerState was interrupted: java.lang.InterruptedException: sleep interrupted
2019-10-18 00:28:14,680 [grpc-default-executor-4] INFO  impl.RoleInfo (RoleInfo.java:updateAndGet(143)) - efdea5f7-0978-4608-8df8-907f93177c26: start FollowerState
2019-10-18 00:28:14,680 [grpc-default-executor-6] INFO  impl.RoleInfo (RoleInfo.java:shutdownFollowerState(121)) - 27e27663-33d5-44e8-9c0f-eb0e3c2aee11: shutdown FollowerState
2019-10-18 00:28:14,681 [grpc-default-executor-6] INFO  impl.RoleInfo (RoleInfo.java:updateAndGet(143)) - 27e27663-33d5-44e8-9c0f-eb0e3c2aee11: start FollowerState
2019-10-18 00:28:14,681 [Thread-875] INFO  impl.FollowerState (FollowerState.java:run(117)) - 27e27663-33d5-44e8-9c0f-eb0e3c2aee11@group-D617FFE7CF0E-FollowerState was interrupted: java.lang.InterruptedException: sleep interrupted
2019-10-18 00:28:14,704 [1c196293-af28-4849-9284-4cc1dd56b0a0@group-D617FFE7CF0E-LeaderElection50] INFO  impl.LeaderElection (LeaderElection.java:logAndReturn(56)) - 1c196293-af28-4849-9284-4cc1dd56b0a0@group-D617FFE7CF0E-LeaderElection50: Election REJECTED; received 2 response(s) [1c196293-af28-4849-9284-4cc1dd56b0a0<-efdea5f7-0978-4608-8df8-907f93177c26#0:FAIL-t6, 1c196293-af28-4849-9284-4cc1dd56b0a0<-27e27663-33d5-44e8-9c0f-eb0e3c2aee11#0:FAIL-t6] and 0 exception(s); 1c196293-af28-4849-9284-4cc1dd56b0a0@group-D617FFE7CF0E:t6, leader=null, voted=1c196293-af28-4849-9284-4cc1dd56b0a0, raftlog=1c196293-af28-4849-9284-4cc1dd56b0a0@group-D617FFE7CF0E-SegmentedRaftLog:OPENED:c-1,f-1,i0, conf=-1: [efdea5f7-0978-4608-8df8-907f93177c26:192.168.164.253:40628, 27e27663-33d5-44e8-9c0f-eb0e3c2aee11:192.168.164.253:35650, 1c196293-af28-4849-9284-4cc1dd56b0a0:192.168.164.253:43223], old=null
2019-10-18 00:28:14,705 [1c196293-af28-4849-9284-4cc1dd56b0a0@group-D617FFE7CF0E-LeaderElection50] INFO  impl.RaftServerImpl (RaftServerImpl.java:setRole(184)) - 1c196293-af28-4849-9284-4cc1dd56b0a0@group-D617FFE7CF0E: changes role from CANDIDATE to FOLLOWER at term 6 for DISCOVERED_A_NEW_TERM
2019-10-18 00:28:14,705 [1c196293-af28-4849-9284-4cc1dd56b0a0@group-D617FFE7CF0E-LeaderElection50] INFO  impl.RoleInfo (RoleInfo.java:shutdownLeaderElection(134)) - 1c196293-af28-4849-9284-4cc1dd56b0a0: shutdown LeaderElection
2019-10-18 00:28:14,705 [1c196293-af28-4849-9284-4cc1dd56b0a0@group-D617FFE7CF0E-LeaderElection50] INFO  impl.RoleInfo (RoleInfo.java:updateAndGet(143)) - 1c196293-af28-4849-9284-4cc1dd56b0a0: start FollowerState
2019-10-18 00:28:14,726 [Thread-890] INFO  impl.FollowerState (FollowerState.java:run(108)) - 1c196293-af28-4849-9284-4cc1dd56b0a0@group-D617FFE7CF0E-FollowerState: change to CANDIDATE, lastRpcTime:21ms, electionTimeout:21ms
2019-10-18 00:28:14,726 [Thread-890] INFO  impl.RoleInfo (RoleInfo.java:shutdownFollowerState(121)) - 1c196293-af28-4849-9284-4cc1dd56b0a0: shutdown FollowerState
2019-10-18 00:28:14,727 [Thread-890] INFO  impl.RaftServerImpl (RaftServerImpl.java:setRole(184)) - 1c196293-af28-4849-9284-4cc1dd56b0a0@group-D617FFE7CF0E: changes role from  FOLLOWER to CANDIDATE at term 6 for changeToCandidate
2019-10-18 00:28:14,727 [Thread-890] INFO  impl.RoleInfo (RoleInfo.java:updateAndGet(143)) - 1c196293-af28-4849-9284-4cc1dd56b0a0: start LeaderElection
2019-10-18 00:28:14,746 [EventQueue-PendingDeleteStatusForPendingDeleteHandler] INFO  block.SCMBlockDeletingService (SCMBlockDeletingService.java:handlePendingDeletes(115)) - Block deletion txnID mismatch in datanode 27e27663-33d5-44e8-9c0f-eb0e3c2aee11 for containerID 1. Datanode delete txnID: 0, SCM txnID: 1
2019-10-18 00:28:14,754 [1c196293-af28-4849-9284-4cc1dd56b0a0@group-D617FFE7CF0E-LeaderElection51] INFO  impl.LeaderElection (LeaderElection.java:askForVotes(178)) - 1c196293-af28-4849-9284-4cc1dd56b0a0@group-D617FFE7CF0E-LeaderElection51: begin an election at term 7 for -1: [efdea5f7-0978-4608-8df8-907f93177c26:192.168.164.253:40628, 27e27663-33d5-44e8-9c0f-eb0e3c2aee11:192.168.164.253:35650, 1c196293-af28-4849-9284-4cc1dd56b0a0:192.168.164.253:43223], old=null
2019-10-18 00:28:14,756 [grpc-default-executor-6] INFO  impl.RaftServerImpl (RaftServerImpl.java:setRole(184)) - efdea5f7-0978-4608-8df8-907f93177c26@group-D617FFE7CF0E: changes role from  FOLLOWER to FOLLOWER at term 7 for recognizeCandidate:1c196293-af28-4849-9284-4cc1dd56b0a0
2019-10-18 00:28:14,756 [grpc-default-executor-4] INFO  impl.RaftServerImpl (RaftServerImpl.java:setRole(184)) - 27e27663-33d5-44e8-9c0f-eb0e3c2aee11@group-D617FFE7CF0E: changes role from  FOLLOWER to FOLLOWER at term 7 for recognizeCandidate:1c196293-af28-4849-9284-4cc1dd56b0a0
2019-10-18 00:28:14,756 [grpc-default-executor-6] INFO  impl.RoleInfo (RoleInfo.java:shutdownFollowerState(121)) - efdea5f7-0978-4608-8df8-907f93177c26: shutdown FollowerState
2019-10-18 00:28:14,757 [grpc-default-executor-4] INFO  impl.RoleInfo (RoleInfo.java:shutdownFollowerState(121)) - 27e27663-33d5-44e8-9c0f-eb0e3c2aee11: shutdown FollowerState
2019-10-18 00:28:14,757 [Thread-888] INFO  impl.FollowerState (FollowerState.java:run(117)) - efdea5f7-0978-4608-8df8-907f93177c26@group-D617FFE7CF0E-FollowerState was interrupted: java.lang.InterruptedException: sleep interrupted
2019-10-18 00:28:14,757 [Thread-889] INFO  impl.FollowerState (FollowerState.java:run(117)) - 27e27663-33d5-44e8-9c0f-eb0e3c2aee11@group-D617FFE7CF0E-FollowerState was interrupted: java.lang.InterruptedException: sleep interrupted
2019-10-18 00:28:14,757 [grpc-default-executor-6] INFO  impl.RoleInfo (RoleInfo.java:updateAndGet(143)) - efdea5f7-0978-4608-8df8-907f93177c26: start FollowerState
2019-10-18 00:28:14,757 [grpc-default-executor-4] INFO  impl.RoleInfo (RoleInfo.java:updateAndGet(143)) - 27e27663-33d5-44e8-9c0f-eb0e3c2aee11: start FollowerState
2019-10-18 00:28:14,772 [Command processor thread] INFO  commandhandler.DeleteBlocksCommandHandler (DeleteBlocksCommandHandler.java:handle(106)) - Start to delete container blocks, TXIDs=[1(0)], numOfContainers=1, numOfBlocks=1
2019-10-18 00:28:14,772 [1c196293-af28-4849-9284-4cc1dd56b0a0@group-D617FFE7CF0E-LeaderElection51] INFO  impl.LeaderElection (LeaderElection.java:logAndReturn(56)) - 1c196293-af28-4849-9284-4cc1dd56b0a0@group-D617FFE7CF0E-LeaderElection51: Election REJECTED; received 2 response(s) [1c196293-af28-4849-9284-4cc1dd56b0a0<-efdea5f7-0978-4608-8df8-907f93177c26#0:FAIL-t7, 1c196293-af28-4849-9284-4cc1dd56b0a0<-27e27663-33d5-44e8-9c0f-eb0e3c2aee11#0:FAIL-t7] and 0 exception(s); 1c196293-af28-4849-9284-4cc1dd56b0a0@group-D617FFE7CF0E:t7, leader=null, voted=1c196293-af28-4849-9284-4cc1dd56b0a0, raftlog=1c196293-af28-4849-9284-4cc1dd56b0a0@group-D617FFE7CF0E-SegmentedRaftLog:OPENED:c-1,f-1,i0, conf=-1: [efdea5f7-0978-4608-8df8-907f93177c26:192.168.164.253:40628, 27e27663-33d5-44e8-9c0f-eb0e3c2aee11:192.168.164.253:35650, 1c196293-af28-4849-9284-4cc1dd56b0a0:192.168.164.253:43223], old=null
2019-10-18 00:28:14,772 [1c196293-af28-4849-9284-4cc1dd56b0a0@group-D617FFE7CF0E-LeaderElection51] INFO  impl.RaftServerImpl (RaftServerImpl.java:setRole(184)) - 1c196293-af28-4849-9284-4cc1dd56b0a0@group-D617FFE7CF0E: changes role from CANDIDATE to FOLLOWER at term 7 for DISCOVERED_A_NEW_TERM
2019-10-18 00:28:14,772 [1c196293-af28-4849-9284-4cc1dd56b0a0@group-D617FFE7CF0E-LeaderElection51] INFO  impl.RoleInfo (RoleInfo.java:shutdownLeaderElection(134)) - 1c196293-af28-4849-9284-4cc1dd56b0a0: shutdown LeaderElection
2019-10-18 00:28:14,772 [Command processor thread] INFO  commandhandler.DeleteBlocksCommandHandler (DeleteBlocksCommandHandler.java:handle(106)) - Start to delete container blocks, TXIDs=[1(2)], numOfContainers=1, numOfBlocks=1
2019-10-18 00:28:14,772 [1c196293-af28-4849-9284-4cc1dd56b0a0@group-D617FFE7CF0E-LeaderElection51] INFO  impl.RoleInfo (RoleInfo.java:updateAndGet(143)) - 1c196293-af28-4849-9284-4cc1dd56b0a0: start FollowerState
2019-10-18 00:28:14,773 [Command processor thread] INFO  commandhandler.DeleteBlocksCommandHandler (DeleteBlocksCommandHandler.java:handle(106)) - Start to delete container blocks, TXIDs=[1(0)], numOfContainers=1, numOfBlocks=1
2019-10-18 00:28:14,773 [Command processor thread] INFO  commandhandler.DeleteBlocksCommandHandler (DeleteBlocksCommandHandler.java:handle(106)) - Start to delete container blocks, TXIDs=[1(2)], numOfContainers=1, numOfBlocks=1
2019-10-18 00:28:14,773 [Command processor thread] INFO  commandhandler.DeleteBlocksCommandHandler (DeleteBlocksCommandHandler.java:handle(106)) - Start to delete container blocks, TXIDs=[1(6)], numOfContainers=1, numOfBlocks=1
2019-10-18 00:28:14,773 [Command processor thread] INFO  commandhandler.DeleteBlocksCommandHandler (DeleteBlocksCommandHandler.java:handle(106)) - Start to delete container blocks, TXIDs=[1(0)], numOfContainers=1, numOfBlocks=1
2019-10-18 00:28:14,774 [Command processor thread] INFO  commandhandler.DeleteBlocksCommandHandler (DeleteBlocksCommandHandler.java:handle(106)) - Start to delete container blocks, TXIDs=[1(2)], numOfContainers=1, numOfBlocks=1
2019-10-18 00:28:14,774 [Command processor thread] INFO  commandhandler.DeleteBlocksCommandHandler (DeleteBlocksCommandHandler.java:handle(106)) - Start to delete container blocks, TXIDs=[1(6)], numOfContainers=1, numOfBlocks=1
2019-10-18 00:28:14,774 [Command processor thread] INFO  commandhandler.DeleteBlocksCommandHandler (DeleteBlocksCommandHandler.java:handle(106)) - Start to delete container blocks, TXIDs=[1(0)], numOfContainers=1, numOfBlocks=1
2019-10-18 00:28:14,774 [Command processor thread] INFO  commandhandler.DeleteBlocksCommandHandler (DeleteBlocksCommandHandler.java:handle(106)) - Start to delete container blocks, TXIDs=[1(6)], numOfContainers=1, numOfBlocks=1
2019-10-18 00:28:14,775 [Command processor thread] INFO  commandhandler.DeleteBlocksCommandHandler (DeleteBlocksCommandHandler.java:handle(106)) - Start to delete container blocks, TXIDs=[1(2)], numOfContainers=1, numOfBlocks=1
2019-10-18 00:28:14,775 [Command processor thread] INFO  commandhandler.DeleteBlocksCommandHandler (DeleteBlocksCommandHandler.java:handle(106)) - Start to delete container blocks, TXIDs=[1(6)], numOfContainers=1, numOfBlocks=1
2019-10-18 00:28:14,775 [Command processor thread] INFO  commandhandler.DeleteBlocksCommandHandler (DeleteBlocksCommandHandler.java:handle(106)) - Start to delete container blocks, TXIDs=[1(6)], numOfContainers=1, numOfBlocks=1
2019-10-18 00:28:14,776 [Command processor thread] INFO  commandhandler.DeleteBlocksCommandHandler (DeleteBlocksCommandHandler.java:handle(106)) - Start to delete container blocks, TXIDs=[1(6)], numOfContainers=1, numOfBlocks=1
2019-10-18 00:28:14,776 [Command processor thread] INFO  commandhandler.DeleteBlocksCommandHandler (DeleteBlocksCommandHandler.java:handle(106)) - Start to delete container blocks, TXIDs=[1(0)], numOfContainers=1, numOfBlocks=1
2019-10-18 00:28:14,776 [Command processor thread] INFO  commandhandler.DeleteBlocksCommandHandler (DeleteBlocksCommandHandler.java:handle(106)) - Start to delete container blocks, TXIDs=[1(6)], numOfContainers=1, numOfBlocks=1
2019-10-18 00:28:14,776 [Command processor thread] INFO  commandhandler.DeleteBlocksCommandHandler (DeleteBlocksCommandHandler.java:handle(106)) - Start to delete container blocks, TXIDs=[1(6)], numOfContainers=1, numOfBlocks=1
2019-10-18 00:28:14,776 [Command processor thread] INFO  commandhandler.DeleteBlocksCommandHandler (DeleteBlocksCommandHandler.java:handle(106)) - Start to delete container blocks, TXIDs=[1(6)], numOfContainers=1, numOfBlocks=1
2019-10-18 00:28:14,777 [Command processor thread] INFO  commandhandler.DeleteBlocksCommandHandler (DeleteBlocksCommandHandler.java:handle(106)) - Start to delete container blocks, TXIDs=[1(2)], numOfContainers=1, numOfBlocks=1
2019-10-18 00:28:14,777 [Command processor thread] INFO  commandhandler.DeleteBlocksCommandHandler (DeleteBlocksCommandHandler.java:handle(106)) - Start to delete container blocks, TXIDs=[1(6)], numOfContainers=1, numOfBlocks=1
2019-10-18 00:28:14,777 [Command processor thread] INFO  commandhandler.DeleteBlocksCommandHandler (DeleteBlocksCommandHandler.java:handle(106)) - Start to delete container blocks, TXIDs=[1(0)], numOfContainers=1, numOfBlocks=1
2019-10-18 00:28:14,777 [Command processor thread] INFO  commandhandler.DeleteBlocksCommandHandler (DeleteBlocksCommandHandler.java:handle(106)) - Start to delete container blocks, TXIDs=[1(6)], numOfContainers=1, numOfBlocks=1
2019-10-18 00:28:14,777 [Command processor thread] INFO  commandhandler.DeleteBlocksCommandHandler (DeleteBlocksCommandHandler.java:handle(106)) - Start to delete container blocks, TXIDs=[1(2)], numOfContainers=1, numOfBlocks=1
2019-10-18 00:28:14,778 [Command processor thread] INFO  commandhandler.DeleteBlocksCommandHandler (DeleteBlocksCommandHandler.java:handle(106)) - Start to delete container blocks, TXIDs=[1(6)], numOfContainers=1, numOfBlocks=1
2019-10-18 00:28:14,778 [Command processor thread] INFO  commandhandler.DeleteBlocksCommandHandler (DeleteBlocksCommandHandler.java:handle(106)) - Start to delete container blocks, TXIDs=[1(6)], numOfContainers=1, numOfBlocks=1
2019-10-18 00:28:14,778 [Command processor thread] INFO  commandhandler.DeleteBlocksCommandHandler (DeleteBlocksCommandHandler.java:handle(106)) - Start to delete container blocks, TXIDs=[1(0)], numOfContainers=1, numOfBlocks=1
2019-10-18 00:28:14,778 [Command processor thread] INFO  commandhandler.DeleteBlocksCommandHandler (DeleteBlocksCommandHandler.java:handle(106)) - Start to delete container blocks, TXIDs=[1(6)], numOfContainers=1, numOfBlocks=1
2019-10-18 00:28:14,778 [Command processor thread] INFO  commandhandler.DeleteBlocksCommandHandler (DeleteBlocksCommandHandler.java:handle(106)) - Start to delete container blocks, TXIDs=[1(6)], numOfContainers=1, numOfBlocks=1
2019-10-18 00:28:14,778 [Command processor thread] INFO  commandhandler.DeleteBlocksCommandHandler (DeleteBlocksCommandHandler.java:handle(106)) - Start to delete container blocks, TXIDs=[1(6)], numOfContainers=1, numOfBlocks=1
2019-10-18 00:28:14,779 [Command processor thread] INFO  commandhandler.DeleteBlocksCommandHandler (DeleteBlocksCommandHandler.java:handle(106)) - Start to delete container blocks, TXIDs=[1(2)], numOfContainers=1, numOfBlocks=1
2019-10-18 00:28:14,779 [Command processor thread] INFO  commandhandler.DeleteBlocksCommandHandler (DeleteBlocksCommandHandler.java:handle(106)) - Start to delete container blocks, TXIDs=[1(6)], numOfContainers=1, numOfBlocks=1
2019-10-18 00:28:14,779 [Command processor thread] INFO  commandhandler.DeleteBlocksCommandHandler (DeleteBlocksCommandHandler.java:handle(106)) - Start to delete container blocks, TXIDs=[1(6)], numOfContainers=1, numOfBlocks=1
2019-10-18 00:28:14,779 [Command processor thread] INFO  commandhandler.DeleteBlocksCommandHandler (DeleteBlocksCommandHandler.java:handle(106)) - Start to delete container blocks, TXIDs=[1(6)], numOfContainers=1, numOfBlocks=1
2019-10-18 00:28:14,779 [Command processor thread] INFO  commandhandler.DeleteBlocksCommandHandler (DeleteBlocksCommandHandler.java:handle(106)) - Start to delete container blocks, TXIDs=[1(0)], numOfContainers=1, numOfBlocks=1
2019-10-18 00:28:14,780 [Command processor thread] INFO  commandhandler.DeleteBlocksCommandHandler (DeleteBlocksCommandHandler.java:handle(106)) - Start to delete container blocks, TXIDs=[1(6)], numOfContainers=1, numOfBlocks=1
2019-10-18 00:28:14,780 [Command processor thread] INFO  commandhandler.DeleteBlocksCommandHandler (DeleteBlocksCommandHandler.java:handle(106)) - Start to delete container blocks, TXIDs=[1(6)], numOfContainers=1, numOfBlocks=1
2019-10-18 00:28:14,780 [Command processor thread] INFO  commandhandler.DeleteBlocksCommandHandler (DeleteBlocksCommandHandler.java:handle(106)) - Start to delete container blocks, TXIDs=[1(6)], numOfContainers=1, numOfBlocks=1
2019-10-18 00:28:14,780 [Command processor thread] INFO  commandhandler.DeleteBlocksCommandHandler (DeleteBlocksCommandHandler.java:handle(106)) - Start to delete container blocks, TXIDs=[1(6)], numOfContainers=1, numOfBlocks=1
2019-10-18 00:28:14,780 [Command processor thread] INFO  commandhandler.DeleteBlocksCommandHandler (DeleteBlocksCommandHandler.java:handle(106)) - Start to delete container blocks, TXIDs=[1(2)], numOfContainers=1, numOfBlocks=1
2019-10-18 00:28:14,780 [Command processor thread] INFO  commandhandler.DeleteBlocksCommandHandler (DeleteBlocksCommandHandler.java:handle(106)) - Start to delete container blocks, TXIDs=[1(6)], numOfContainers=1, numOfBlocks=1
2019-10-18 00:28:14,781 [Command processor thread] INFO  commandhandler.DeleteBlocksCommandHandler (DeleteBlocksCommandHandler.java:handle(106)) - Start to delete container blocks, TXIDs=[1(0)], numOfContainers=1, numOfBlocks=1
2019-10-18 00:28:14,781 [Command processor thread] INFO  commandhandler.DeleteBlocksCommandHandler (DeleteBlocksCommandHandler.java:handle(106)) - Start to delete container blocks, TXIDs=[1(6)], numOfContainers=1, numOfBlocks=1
2019-10-18 00:28:14,781 [Command processor thread] INFO  commandhandler.DeleteBlocksCommandHandler (DeleteBlocksCommandHandler.java:handle(106)) - Start to delete container blocks, TXIDs=[1(6)], numOfContainers=1, numOfBlocks=1
2019-10-18 00:28:14,781 [Command processor thread] INFO  commandhandler.DeleteBlocksCommandHandler (DeleteBlocksCommandHandler.java:handle(106)) - Start to delete container blocks, TXIDs=[1(6)], numOfContainers=1, numOfBlocks=1
2019-10-18 00:28:14,782 [Command processor thread] INFO  commandhandler.DeleteBlocksCommandHandler (DeleteBlocksCommandHandler.java:handle(106)) - Start to delete container blocks, TXIDs=[1(42)], numOfContainers=1, numOfBlocks=1
2019-10-18 00:28:14,806 [Thread-896] INFO  impl.FollowerState (FollowerState.java:run(108)) - 1c196293-af28-4849-9284-4cc1dd56b0a0@group-D617FFE7CF0E-FollowerState: change to CANDIDATE, lastRpcTime:33ms, electionTimeout:33ms
2019-10-18 00:28:14,806 [Thread-896] INFO  impl.RoleInfo (RoleInfo.java:shutdownFollowerState(121)) - 1c196293-af28-4849-9284-4cc1dd56b0a0: shutdown FollowerState
2019-10-18 00:28:14,806 [Thread-896] INFO  impl.RaftServerImpl (RaftServerImpl.java:setRole(184)) - 1c196293-af28-4849-9284-4cc1dd56b0a0@group-D617FFE7CF0E: changes role from  FOLLOWER to CANDIDATE at term 7 for changeToCandidate
2019-10-18 00:28:14,807 [Thread-896] INFO  impl.RoleInfo (RoleInfo.java:updateAndGet(143)) - 1c196293-af28-4849-9284-4cc1dd56b0a0: start LeaderElection
2019-10-18 00:28:14,826 [Thread-885] INFO  impl.FollowerState (FollowerState.java:run(108)) - 27e27663-33d5-44e8-9c0f-eb0e3c2aee11@group-0E05BCBC6A81-FollowerState: change to CANDIDATE, lastRpcTime:163ms, electionTimeout:163ms
2019-10-18 00:28:14,826 [Thread-885] INFO  impl.RoleInfo (RoleInfo.java:shutdownFollowerState(121)) - 27e27663-33d5-44e8-9c0f-eb0e3c2aee11: shutdown FollowerState
2019-10-18 00:28:14,826 [Thread-885] INFO  impl.RaftServerImpl (RaftServerImpl.java:setRole(184)) - 27e27663-33d5-44e8-9c0f-eb0e3c2aee11@group-0E05BCBC6A81: changes role from  FOLLOWER to CANDIDATE at term 41 for changeToCandidate
2019-10-18 00:28:14,826 [Thread-885] INFO  impl.RoleInfo (RoleInfo.java:updateAndGet(143)) - 27e27663-33d5-44e8-9c0f-eb0e3c2aee11: start LeaderElection
2019-10-18 00:28:14,830 [1c196293-af28-4849-9284-4cc1dd56b0a0@group-D617FFE7CF0E-LeaderElection52] INFO  impl.LeaderElection (LeaderElection.java:askForVotes(178)) - 1c196293-af28-4849-9284-4cc1dd56b0a0@group-D617FFE7CF0E-LeaderElection52: begin an election at term 8 for -1: [efdea5f7-0978-4608-8df8-907f93177c26:192.168.164.253:40628, 27e27663-33d5-44e8-9c0f-eb0e3c2aee11:192.168.164.253:35650, 1c196293-af28-4849-9284-4cc1dd56b0a0:192.168.164.253:43223], old=null
2019-10-18 00:28:14,833 [grpc-default-executor-4] INFO  impl.RaftServerImpl (RaftServerImpl.java:setRole(184)) - 27e27663-33d5-44e8-9c0f-eb0e3c2aee11@group-D617FFE7CF0E: changes role from  FOLLOWER to FOLLOWER at term 8 for recognizeCandidate:1c196293-af28-4849-9284-4cc1dd56b0a0
2019-10-18 00:28:14,833 [grpc-default-executor-6] INFO  impl.RaftServerImpl (RaftServerImpl.java:setRole(184)) - efdea5f7-0978-4608-8df8-907f93177c26@group-D617FFE7CF0E: changes role from  FOLLOWER to FOLLOWER at term 8 for recognizeCandidate:1c196293-af28-4849-9284-4cc1dd56b0a0
2019-10-18 00:28:14,833 [grpc-default-executor-4] INFO  impl.RoleInfo (RoleInfo.java:shutdownFollowerState(121)) - 27e27663-33d5-44e8-9c0f-eb0e3c2aee11: shutdown FollowerState
2019-10-18 00:28:14,833 [1c196293-af28-4849-9284-4cc1dd56b0a0@group-D617FFE7CF0E-LeaderElection52] INFO  impl.LeaderElection (LeaderElection.java:logAndReturn(56)) - 1c196293-af28-4849-9284-4cc1dd56b0a0@group-D617FFE7CF0E-LeaderElection52: Election TIMEOUT; received 0 response(s) [] and 0 exception(s); 1c196293-af28-4849-9284-4cc1dd56b0a0@group-D617FFE7CF0E:t8, leader=null, voted=1c196293-af28-4849-9284-4cc1dd56b0a0, raftlog=1c196293-af28-4849-9284-4cc1dd56b0a0@group-D617FFE7CF0E-SegmentedRaftLog:OPENED:c-1,f-1,i0, conf=-1: [efdea5f7-0978-4608-8df8-907f93177c26:192.168.164.253:40628, 27e27663-33d5-44e8-9c0f-eb0e3c2aee11:192.168.164.253:35650, 1c196293-af28-4849-9284-4cc1dd56b0a0:192.168.164.253:43223], old=null
2019-10-18 00:28:14,833 [grpc-default-executor-6] INFO  impl.RoleInfo (RoleInfo.java:shutdownFollowerState(121)) - efdea5f7-0978-4608-8df8-907f93177c26: shutdown FollowerState
2019-10-18 00:28:14,834 [Thread-895] INFO  impl.FollowerState (FollowerState.java:run(117)) - 27e27663-33d5-44e8-9c0f-eb0e3c2aee11@group-D617FFE7CF0E-FollowerState was interrupted: java.lang.InterruptedException: sleep interrupted
2019-10-18 00:28:14,834 [Thread-894] INFO  impl.FollowerState (FollowerState.java:run(117)) - efdea5f7-0978-4608-8df8-907f93177c26@group-D617FFE7CF0E-FollowerState was interrupted: java.lang.InterruptedException: sleep interrupted
2019-10-18 00:28:14,834 [grpc-default-executor-4] INFO  impl.RoleInfo (RoleInfo.java:updateAndGet(143)) - 27e27663-33d5-44e8-9c0f-eb0e3c2aee11: start FollowerState
2019-10-18 00:28:14,834 [grpc-default-executor-6] INFO  impl.RoleInfo (RoleInfo.java:updateAndGet(143)) - efdea5f7-0978-4608-8df8-907f93177c26: start FollowerState
2019-10-18 00:28:14,855 [27e27663-33d5-44e8-9c0f-eb0e3c2aee11@group-0E05BCBC6A81-LeaderElection53] INFO  impl.LeaderElection (LeaderElection.java:askForVotes(178)) - 27e27663-33d5-44e8-9c0f-eb0e3c2aee11@group-0E05BCBC6A81-LeaderElection53: begin an election at term 42 for 0: [efdea5f7-0978-4608-8df8-907f93177c26:192.168.164.253:40628, 27e27663-33d5-44e8-9c0f-eb0e3c2aee11:192.168.164.253:35650, 1c196293-af28-4849-9284-4cc1dd56b0a0:192.168.164.253:43223], old=null
2019-10-18 00:28:14,855 [1c196293-af28-4849-9284-4cc1dd56b0a0@group-D617FFE7CF0E-LeaderElection52] INFO  impl.LeaderElection (LeaderElection.java:askForVotes(178)) - 1c196293-af28-4849-9284-4cc1dd56b0a0@group-D617FFE7CF0E-LeaderElection52: begin an election at term 9 for -1: [efdea5f7-0978-4608-8df8-907f93177c26:192.168.164.253:40628, 27e27663-33d5-44e8-9c0f-eb0e3c2aee11:192.168.164.253:35650, 1c196293-af28-4849-9284-4cc1dd56b0a0:192.168.164.253:43223], old=null
2019-10-18 00:28:14,858 [grpc-default-executor-4] INFO  impl.RaftServerImpl (RaftServerImpl.java:setRole(184)) - efdea5f7-0978-4608-8df8-907f93177c26@group-0E05BCBC6A81: changes role from  FOLLOWER to FOLLOWER at term 42 for recognizeCandidate:27e27663-33d5-44e8-9c0f-eb0e3c2aee11
2019-10-18 00:28:14,858 [grpc-default-executor-5] INFO  impl.RaftServerImpl (RaftServerImpl.java:setRole(184)) - 27e27663-33d5-44e8-9c0f-eb0e3c2aee11@group-D617FFE7CF0E: changes role from  FOLLOWER to FOLLOWER at term 9 for recognizeCandidate:1c196293-af28-4849-9284-4cc1dd56b0a0
2019-10-18 00:28:14,858 [grpc-default-executor-0] INFO  impl.RaftServerImpl (RaftServerImpl.java:setRole(184)) - 1c196293-af28-4849-9284-4cc1dd56b0a0@group-0E05BCBC6A81: changes role from  FOLLOWER to FOLLOWER at term 42 for recognizeCandidate:27e27663-33d5-44e8-9c0f-eb0e3c2aee11
2019-10-18 00:28:14,858 [grpc-default-executor-0] INFO  impl.RoleInfo (RoleInfo.java:shutdownFollowerState(121)) - 1c196293-af28-4849-9284-4cc1dd56b0a0: shutdown FollowerState
2019-10-18 00:28:14,858 [grpc-default-executor-4] INFO  impl.RoleInfo (RoleInfo.java:shutdownFollowerState(121)) - efdea5f7-0978-4608-8df8-907f93177c26: shutdown FollowerState
2019-10-18 00:28:14,858 [grpc-default-executor-6] INFO  impl.RaftServerImpl (RaftServerImpl.java:setRole(184)) - efdea5f7-0978-4608-8df8-907f93177c26@group-D617FFE7CF0E: changes role from  FOLLOWER to FOLLOWER at term 9 for recognizeCandidate:1c196293-af28-4849-9284-4cc1dd56b0a0
2019-10-18 00:28:14,859 [Thread-883] INFO  impl.FollowerState (FollowerState.java:run(117)) - efdea5f7-0978-4608-8df8-907f93177c26@group-0E05BCBC6A81-FollowerState was interrupted: java.lang.InterruptedException: sleep interrupted
2019-10-18 00:28:14,859 [grpc-default-executor-4] INFO  impl.RoleInfo (RoleInfo.java:updateAndGet(143)) - efdea5f7-0978-4608-8df8-907f93177c26: start FollowerState
2019-10-18 00:28:14,859 [Thread-882] INFO  impl.FollowerState (FollowerState.java:run(117)) - 1c196293-af28-4849-9284-4cc1dd56b0a0@group-0E05BCBC6A81-FollowerState was interrupted: java.lang.InterruptedException: sleep interrupted
2019-10-18 00:28:14,859 [grpc-default-executor-0] INFO  impl.RoleInfo (RoleInfo.java:updateAndGet(143)) - 1c196293-af28-4849-9284-4cc1dd56b0a0: start FollowerState
2019-10-18 00:28:14,858 [grpc-default-executor-5] INFO  impl.RoleInfo (RoleInfo.java:shutdownFollowerState(121)) - 27e27663-33d5-44e8-9c0f-eb0e3c2aee11: shutdown FollowerState
2019-10-18 00:28:14,859 [grpc-default-executor-6] INFO  impl.RoleInfo (RoleInfo.java:shutdownFollowerState(121)) - efdea5f7-0978-4608-8df8-907f93177c26: shutdown FollowerState
2019-10-18 00:28:14,860 [Thread-901] INFO  impl.FollowerState (FollowerState.java:run(117)) - 27e27663-33d5-44e8-9c0f-eb0e3c2aee11@group-D617FFE7CF0E-FollowerState was interrupted: java.lang.InterruptedException: sleep interrupted
2019-10-18 00:28:14,860 [grpc-default-executor-5] INFO  impl.RoleInfo (RoleInfo.java:updateAndGet(143)) - 27e27663-33d5-44e8-9c0f-eb0e3c2aee11: start FollowerState
2019-10-18 00:28:14,860 [grpc-default-executor-6] INFO  impl.RoleInfo (RoleInfo.java:updateAndGet(143)) - efdea5f7-0978-4608-8df8-907f93177c26: start FollowerState
2019-10-18 00:28:14,860 [Thread-902] INFO  impl.FollowerState (FollowerState.java:run(117)) - efdea5f7-0978-4608-8df8-907f93177c26@group-D617FFE7CF0E-FollowerState was interrupted: java.lang.InterruptedException: sleep interrupted
2019-10-18 00:28:14,874 [EventQueue-DeleteBlockStatusForDeletedBlockLogImpl] WARN  block.DeletedBlockLogImpl (DeletedBlockLogImpl.java:commitTransactions(205)) - Transaction txId=1 commit by dnId=27e27663-33d5-44e8-9c0f-eb0e3c2aee11 for containerID=#1 failed. Corresponding entry not found.
2019-10-18 00:28:14,874 [EventQueue-DeleteBlockStatusForDeletedBlockLogImpl] WARN  block.DeletedBlockLogImpl (DeletedBlockLogImpl.java:commitTransactions(205)) - Transaction txId=1 commit by dnId=27e27663-33d5-44e8-9c0f-eb0e3c2aee11 for containerID=#1 failed. Corresponding entry not found.
2019-10-18 00:28:14,874 [EventQueue-DeleteBlockStatusForDeletedBlockLogImpl] WARN  block.DeletedBlockLogImpl (DeletedBlockLogImpl.java:commitTransactions(205)) - Transaction txId=1 commit by dnId=27e27663-33d5-44e8-9c0f-eb0e3c2aee11 for containerID=#1 failed. Corresponding entry not found.
2019-10-18 00:28:14,875 [EventQueue-DeleteBlockStatusForDeletedBlockLogImpl] WARN  block.DeletedBlockLogImpl (DeletedBlockLogImpl.java:commitTransactions(205)) - Transaction txId=1 commit by dnId=27e27663-33d5-44e8-9c0f-eb0e3c2aee11 for containerID=#1 failed. Corresponding entry not found.
2019-10-18 00:28:14,875 [EventQueue-DeleteBlockStatusForDeletedBlockLogImpl] WARN  block.DeletedBlockLogImpl (DeletedBlockLogImpl.java:commitTransactions(205)) - Transaction txId=1 commit by dnId=27e27663-33d5-44e8-9c0f-eb0e3c2aee11 for containerID=#1 failed. Corresponding entry not found.
2019-10-18 00:28:14,875 [EventQueue-DeleteBlockStatusForDeletedBlockLogImpl] WARN  block.DeletedBlockLogImpl (DeletedBlockLogImpl.java:commitTransactions(205)) - Transaction txId=1 commit by dnId=27e27663-33d5-44e8-9c0f-eb0e3c2aee11 for containerID=#1 failed. Corresponding entry not found.
2019-10-18 00:28:14,883 [27e27663-33d5-44e8-9c0f-eb0e3c2aee11@group-0E05BCBC6A81-LeaderElection53] INFO  impl.LeaderElection (LeaderElection.java:logAndReturn(56)) - 27e27663-33d5-44e8-9c0f-eb0e3c2aee11@group-0E05BCBC6A81-LeaderElection53: Election REJECTED; received 2 response(s) [27e27663-33d5-44e8-9c0f-eb0e3c2aee11<-efdea5f7-0978-4608-8df8-907f93177c26#0:FAIL-t42, 27e27663-33d5-44e8-9c0f-eb0e3c2aee11<-1c196293-af28-4849-9284-4cc1dd56b0a0#0:FAIL-t42] and 0 exception(s); 27e27663-33d5-44e8-9c0f-eb0e3c2aee11@group-0E05BCBC6A81:t42, leader=null, voted=27e27663-33d5-44e8-9c0f-eb0e3c2aee11, raftlog=27e27663-33d5-44e8-9c0f-eb0e3c2aee11@group-0E05BCBC6A81-SegmentedRaftLog:OPENED:c3,f4,i4, conf=0: [efdea5f7-0978-4608-8df8-907f93177c26:192.168.164.253:40628, 27e27663-33d5-44e8-9c0f-eb0e3c2aee11:192.168.164.253:35650, 1c196293-af28-4849-9284-4cc1dd56b0a0:192.168.164.253:43223], old=null
2019-10-18 00:28:14,883 [1c196293-af28-4849-9284-4cc1dd56b0a0@group-D617FFE7CF0E-LeaderElection52] INFO  impl.LeaderElection (LeaderElection.java:logAndReturn(56)) - 1c196293-af28-4849-9284-4cc1dd56b0a0@group-D617FFE7CF0E-LeaderElection52: Election REJECTED; received 2 response(s) [1c196293-af28-4849-9284-4cc1dd56b0a0<-efdea5f7-0978-4608-8df8-907f93177c26#0:FAIL-t9, 1c196293-af28-4849-9284-4cc1dd56b0a0<-27e27663-33d5-44e8-9c0f-eb0e3c2aee11#0:FAIL-t9] and 0 exception(s); 1c196293-af28-4849-9284-4cc1dd56b0a0@group-D617FFE7CF0E:t9, leader=null, voted=1c196293-af28-4849-9284-4cc1dd56b0a0, raftlog=1c196293-af28-4849-9284-4cc1dd56b0a0@group-D617FFE7CF0E-SegmentedRaftLog:OPENED:c-1,f-1,i0, conf=-1: [efdea5f7-0978-4608-8df8-907f93177c26:192.168.164.253:40628, 27e27663-33d5-44e8-9c0f-eb0e3c2aee11:192.168.164.253:35650, 1c196293-af28-4849-9284-4cc1dd56b0a0:192.168.164.253:43223], old=null
2019-10-18 00:28:14,883 [27e27663-33d5-44e8-9c0f-eb0e3c2aee11@group-0E05BCBC6A81-LeaderElection53] INFO  impl.RaftServerImpl (RaftServerImpl.java:setRole(184)) - 27e27663-33d5-44e8-9c0f-eb0e3c2aee11@group-0E05BCBC6A81: changes role from CANDIDATE to FOLLOWER at term 42 for DISCOVERED_A_NEW_TERM
2019-10-18 00:28:14,884 [1c196293-af28-4849-9284-4cc1dd56b0a0@group-D617FFE7CF0E-LeaderElection52] INFO  impl.RaftServerImpl (RaftServerImpl.java:setRole(184)) - 1c196293-af28-4849-9284-4cc1dd56b0a0@group-D617FFE7CF0E: changes role from CANDIDATE to FOLLOWER at term 9 for DISCOVERED_A_NEW_TERM
2019-10-18 00:28:14,884 [27e27663-33d5-44e8-9c0f-eb0e3c2aee11@group-0E05BCBC6A81-LeaderElection53] INFO  impl.RoleInfo (RoleInfo.java:shutdownLeaderElection(134)) - 27e27663-33d5-44e8-9c0f-eb0e3c2aee11: shutdown LeaderElection
2019-10-18 00:28:14,884 [1c196293-af28-4849-9284-4cc1dd56b0a0@group-D617FFE7CF0E-LeaderElection52] INFO  impl.RoleInfo (RoleInfo.java:shutdownLeaderElection(134)) - 1c196293-af28-4849-9284-4cc1dd56b0a0: shutdown LeaderElection
2019-10-18 00:28:14,884 [27e27663-33d5-44e8-9c0f-eb0e3c2aee11@group-0E05BCBC6A81-LeaderElection53] INFO  impl.RoleInfo (RoleInfo.java:updateAndGet(143)) - 27e27663-33d5-44e8-9c0f-eb0e3c2aee11: start FollowerState
2019-10-18 00:28:14,884 [1c196293-af28-4849-9284-4cc1dd56b0a0@group-D617FFE7CF0E-LeaderElection52] INFO  impl.RoleInfo (RoleInfo.java:updateAndGet(143)) - 1c196293-af28-4849-9284-4cc1dd56b0a0: start FollowerState
2019-10-18 00:28:14,983 [Thread-912] INFO  impl.FollowerState (FollowerState.java:run(108)) - 27e27663-33d5-44e8-9c0f-eb0e3c2aee11@group-0E05BCBC6A81-FollowerState: change to CANDIDATE, lastRpcTime:99ms, electionTimeout:99ms
2019-10-18 00:28:14,984 [Thread-912] INFO  impl.RoleInfo (RoleInfo.java:shutdownFollowerState(121)) - 27e27663-33d5-44e8-9c0f-eb0e3c2aee11: shutdown FollowerState
2019-10-18 00:28:14,984 [Thread-912] INFO  impl.RaftServerImpl (RaftServerImpl.java:setRole(184)) - 27e27663-33d5-44e8-9c0f-eb0e3c2aee11@group-0E05BCBC6A81: changes role from  FOLLOWER to CANDIDATE at term 42 for changeToCandidate
2019-10-18 00:28:14,984 [Thread-912] INFO  impl.RoleInfo (RoleInfo.java:updateAndGet(143)) - 27e27663-33d5-44e8-9c0f-eb0e3c2aee11: start LeaderElection
2019-10-18 00:28:15,002 [Thread-913] INFO  impl.FollowerState (FollowerState.java:run(108)) - 1c196293-af28-4849-9284-4cc1dd56b0a0@group-D617FFE7CF0E-FollowerState: change to CANDIDATE, lastRpcTime:117ms, electionTimeout:117ms
2019-10-18 00:28:15,002 [Thread-913] INFO  impl.RoleInfo (RoleInfo.java:shutdownFollowerState(121)) - 1c196293-af28-4849-9284-4cc1dd56b0a0: shutdown FollowerState
2019-10-18 00:28:15,002 [Thread-913] INFO  impl.RaftServerImpl (RaftServerImpl.java:setRole(184)) - 1c196293-af28-4849-9284-4cc1dd56b0a0@group-D617FFE7CF0E: changes role from  FOLLOWER to CANDIDATE at term 9 for changeToCandidate
2019-10-18 00:28:15,002 [Thread-913] INFO  impl.RoleInfo (RoleInfo.java:updateAndGet(143)) - 1c196293-af28-4849-9284-4cc1dd56b0a0: start LeaderElection
2019-10-18 00:28:15,008 [27e27663-33d5-44e8-9c0f-eb0e3c2aee11@group-0E05BCBC6A81-LeaderElection54] INFO  impl.LeaderElection (LeaderElection.java:askForVotes(178)) - 27e27663-33d5-44e8-9c0f-eb0e3c2aee11@group-0E05BCBC6A81-LeaderElection54: begin an election at term 43 for 0: [efdea5f7-0978-4608-8df8-907f93177c26:192.168.164.253:40628, 27e27663-33d5-44e8-9c0f-eb0e3c2aee11:192.168.164.253:35650, 1c196293-af28-4849-9284-4cc1dd56b0a0:192.168.164.253:43223], old=null
2019-10-18 00:28:15,010 [grpc-default-executor-0] INFO  impl.RaftServerImpl (RaftServerImpl.java:setRole(184)) - 1c196293-af28-4849-9284-4cc1dd56b0a0@group-0E05BCBC6A81: changes role from  FOLLOWER to FOLLOWER at term 43 for recognizeCandidate:27e27663-33d5-44e8-9c0f-eb0e3c2aee11
2019-10-18 00:28:15,011 [grpc-default-executor-0] INFO  impl.RoleInfo (RoleInfo.java:shutdownFollowerState(121)) - 1c196293-af28-4849-9284-4cc1dd56b0a0: shutdown FollowerState
2019-10-18 00:28:15,011 [grpc-default-executor-6] INFO  impl.RaftServerImpl (RaftServerImpl.java:setRole(184)) - efdea5f7-0978-4608-8df8-907f93177c26@group-0E05BCBC6A81: changes role from  FOLLOWER to FOLLOWER at term 43 for recognizeCandidate:27e27663-33d5-44e8-9c0f-eb0e3c2aee11
2019-10-18 00:28:15,011 [grpc-default-executor-0] INFO  impl.RoleInfo (RoleInfo.java:updateAndGet(143)) - 1c196293-af28-4849-9284-4cc1dd56b0a0: start FollowerState
2019-10-18 00:28:15,011 [Thread-908] INFO  impl.FollowerState (FollowerState.java:run(117)) - 1c196293-af28-4849-9284-4cc1dd56b0a0@group-0E05BCBC6A81-FollowerState was interrupted: java.lang.InterruptedException: sleep interrupted
2019-10-18 00:28:15,011 [grpc-default-executor-6] INFO  impl.RoleInfo (RoleInfo.java:shutdownFollowerState(121)) - efdea5f7-0978-4608-8df8-907f93177c26: shutdown FollowerState
2019-10-18 00:28:15,012 [grpc-default-executor-6] INFO  impl.RoleInfo (RoleInfo.java:updateAndGet(143)) - efdea5f7-0978-4608-8df8-907f93177c26: start FollowerState
2019-10-18 00:28:15,012 [Thread-909] INFO  impl.FollowerState (FollowerState.java:run(117)) - efdea5f7-0978-4608-8df8-907f93177c26@group-0E05BCBC6A81-FollowerState was interrupted: java.lang.InterruptedException: sleep interrupted
2019-10-18 00:28:15,025 [1c196293-af28-4849-9284-4cc1dd56b0a0@group-D617FFE7CF0E-LeaderElection55] INFO  impl.LeaderElection (LeaderElection.java:askForVotes(178)) - 1c196293-af28-4849-9284-4cc1dd56b0a0@group-D617FFE7CF0E-LeaderElection55: begin an election at term 10 for -1: [efdea5f7-0978-4608-8df8-907f93177c26:192.168.164.253:40628, 27e27663-33d5-44e8-9c0f-eb0e3c2aee11:192.168.164.253:35650, 1c196293-af28-4849-9284-4cc1dd56b0a0:192.168.164.253:43223], old=null
2019-10-18 00:28:15,026 [27e27663-33d5-44e8-9c0f-eb0e3c2aee11@group-0E05BCBC6A81-LeaderElection54] INFO  impl.LeaderElection (LeaderElection.java:logAndReturn(56)) - 27e27663-33d5-44e8-9c0f-eb0e3c2aee11@group-0E05BCBC6A81-LeaderElection54: Election REJECTED; received 2 response(s) [27e27663-33d5-44e8-9c0f-eb0e3c2aee11<-efdea5f7-0978-4608-8df8-907f93177c26#0:FAIL-t43, 27e27663-33d5-44e8-9c0f-eb0e3c2aee11<-1c196293-af28-4849-9284-4cc1dd56b0a0#0:FAIL-t43] and 0 exception(s); 27e27663-33d5-44e8-9c0f-eb0e3c2aee11@group-0E05BCBC6A81:t43, leader=null, voted=27e27663-33d5-44e8-9c0f-eb0e3c2aee11, raftlog=27e27663-33d5-44e8-9c0f-eb0e3c2aee11@group-0E05BCBC6A81-SegmentedRaftLog:OPENED:c3,f4,i4, conf=0: [efdea5f7-0978-4608-8df8-907f93177c26:192.168.164.253:40628, 27e27663-33d5-44e8-9c0f-eb0e3c2aee11:192.168.164.253:35650, 1c196293-af28-4849-9284-4cc1dd56b0a0:192.168.164.253:43223], old=null
2019-10-18 00:28:15,026 [27e27663-33d5-44e8-9c0f-eb0e3c2aee11@group-0E05BCBC6A81-LeaderElection54] INFO  impl.RaftServerImpl (RaftServerImpl.java:setRole(184)) - 27e27663-33d5-44e8-9c0f-eb0e3c2aee11@group-0E05BCBC6A81: changes role from CANDIDATE to FOLLOWER at term 43 for DISCOVERED_A_NEW_TERM
2019-10-18 00:28:15,026 [27e27663-33d5-44e8-9c0f-eb0e3c2aee11@group-0E05BCBC6A81-LeaderElection54] INFO  impl.RoleInfo (RoleInfo.java:shutdownLeaderElection(134)) - 27e27663-33d5-44e8-9c0f-eb0e3c2aee11: shutdown LeaderElection
2019-10-18 00:28:15,026 [27e27663-33d5-44e8-9c0f-eb0e3c2aee11@group-0E05BCBC6A81-LeaderElection54] INFO  impl.RoleInfo (RoleInfo.java:updateAndGet(143)) - 27e27663-33d5-44e8-9c0f-eb0e3c2aee11: start FollowerState
2019-10-18 00:28:15,027 [grpc-default-executor-0] INFO  impl.RaftServerImpl (RaftServerImpl.java:setRole(184)) - efdea5f7-0978-4608-8df8-907f93177c26@group-D617FFE7CF0E: changes role from  FOLLOWER to FOLLOWER at term 10 for recognizeCandidate:1c196293-af28-4849-9284-4cc1dd56b0a0
2019-10-18 00:28:15,027 [grpc-default-executor-0] INFO  impl.RoleInfo (RoleInfo.java:shutdownFollowerState(121)) - efdea5f7-0978-4608-8df8-907f93177c26: shutdown FollowerState
2019-10-18 00:28:15,027 [grpc-default-executor-6] INFO  impl.RaftServerImpl (RaftServerImpl.java:setRole(184)) - 27e27663-33d5-44e8-9c0f-eb0e3c2aee11@group-D617FFE7CF0E: changes role from  FOLLOWER to FOLLOWER at term 10 for recognizeCandidate:1c196293-af28-4849-9284-4cc1dd56b0a0
2019-10-18 00:28:15,027 [grpc-default-executor-0] INFO  impl.RoleInfo (RoleInfo.java:updateAndGet(143)) - efdea5f7-0978-4608-8df8-907f93177c26: start FollowerState
2019-10-18 00:28:15,027 [Thread-911] INFO  impl.FollowerState (FollowerState.java:run(117)) - efdea5f7-0978-4608-8df8-907f93177c26@group-D617FFE7CF0E-FollowerState was interrupted: java.lang.InterruptedException: sleep interrupted
2019-10-18 00:28:15,027 [grpc-default-executor-6] INFO  impl.RoleInfo (RoleInfo.java:shutdownFollowerState(121)) - 27e27663-33d5-44e8-9c0f-eb0e3c2aee11: shutdown FollowerState
2019-10-18 00:28:15,028 [grpc-default-executor-6] INFO  impl.RoleInfo (RoleInfo.java:updateAndGet(143)) - 27e27663-33d5-44e8-9c0f-eb0e3c2aee11: start FollowerState
2019-10-18 00:28:15,028 [Thread-910] INFO  impl.FollowerState (FollowerState.java:run(117)) - 27e27663-33d5-44e8-9c0f-eb0e3c2aee11@group-D617FFE7CF0E-FollowerState was interrupted: java.lang.InterruptedException: sleep interrupted
2019-10-18 00:28:15,046 [Thread-926] INFO  client.GrpcClientProtocolService (GrpcClientProtocolService.java:lambda$processClientRequest$0(278)) - Failed RaftClientRequest:client-4C7A307276C4->efdea5f7-0978-4608-8df8-907f93177c26@group-0E05BCBC6A81, cid=10, seq=0, Watch-ALL_COMMITTED(6), Message:<EMPTY>, reply=RaftClientReply:client-4C7A307276C4->efdea5f7-0978-4608-8df8-907f93177c26@group-0E05BCBC6A81, cid=10, FAILED org.apache.ratis.protocol.NotLeaderException: Server efdea5f7-0978-4608-8df8-907f93177c26@group-0E05BCBC6A81 is not the leader, logIndex=0, commits[efdea5f7-0978-4608-8df8-907f93177c26:c10, 27e27663-33d5-44e8-9c0f-eb0e3c2aee11:c4, 1c196293-af28-4849-9284-4cc1dd56b0a0:c10]
2019-10-18 00:28:15,054 [1c196293-af28-4849-9284-4cc1dd56b0a0@group-D617FFE7CF0E-LeaderElection55] INFO  impl.LeaderElection (LeaderElection.java:logAndReturn(56)) - 1c196293-af28-4849-9284-4cc1dd56b0a0@group-D617FFE7CF0E-LeaderElection55: Election REJECTED; received 2 response(s) [1c196293-af28-4849-9284-4cc1dd56b0a0<-efdea5f7-0978-4608-8df8-907f93177c26#0:FAIL-t10, 1c196293-af28-4849-9284-4cc1dd56b0a0<-27e27663-33d5-44e8-9c0f-eb0e3c2aee11#0:FAIL-t10] and 0 exception(s); 1c196293-af28-4849-9284-4cc1dd56b0a0@group-D617FFE7CF0E:t10, leader=null, voted=1c196293-af28-4849-9284-4cc1dd56b0a0, raftlog=1c196293-af28-4849-9284-4cc1dd56b0a0@group-D617FFE7CF0E-SegmentedRaftLog:OPENED:c-1,f-1,i0, conf=-1: [efdea5f7-0978-4608-8df8-907f93177c26:192.168.164.253:40628, 27e27663-33d5-44e8-9c0f-eb0e3c2aee11:192.168.164.253:35650, 1c196293-af28-4849-9284-4cc1dd56b0a0:192.168.164.253:43223], old=null
2019-10-18 00:28:15,054 [1c196293-af28-4849-9284-4cc1dd56b0a0@group-D617FFE7CF0E-LeaderElection55] INFO  impl.RaftServerImpl (RaftServerImpl.java:setRole(184)) - 1c196293-af28-4849-9284-4cc1dd56b0a0@group-D617FFE7CF0E: changes role from CANDIDATE to FOLLOWER at term 10 for DISCOVERED_A_NEW_TERM
2019-10-18 00:28:15,055 [1c196293-af28-4849-9284-4cc1dd56b0a0@group-D617FFE7CF0E-LeaderElection55] INFO  impl.RoleInfo (RoleInfo.java:shutdownLeaderElection(134)) - 1c196293-af28-4849-9284-4cc1dd56b0a0: shutdown LeaderElection
2019-10-18 00:28:15,056 [1c196293-af28-4849-9284-4cc1dd56b0a0@group-D617FFE7CF0E-LeaderElection55] INFO  impl.RoleInfo (RoleInfo.java:updateAndGet(143)) - 1c196293-af28-4849-9284-4cc1dd56b0a0: start FollowerState
2019-10-18 00:28:15,072 [EventQueue-DeleteBlockStatusForDeletedBlockLogImpl] WARN  block.DeletedBlockLogImpl (DeletedBlockLogImpl.java:commitTransactions(205)) - Transaction txId=1 commit by dnId=27e27663-33d5-44e8-9c0f-eb0e3c2aee11 for containerID=#1 failed. Corresponding entry not found.
2019-10-18 00:28:15,073 [EventQueue-DeleteBlockStatusForDeletedBlockLogImpl] WARN  block.DeletedBlockLogImpl (DeletedBlockLogImpl.java:commitTransactions(205)) - Transaction txId=1 commit by dnId=27e27663-33d5-44e8-9c0f-eb0e3c2aee11 for containerID=#1 failed. Corresponding entry not found.
2019-10-18 00:28:15,139 [Thread-928] INFO  impl.FollowerState (FollowerState.java:run(108)) - 1c196293-af28-4849-9284-4cc1dd56b0a0@group-D617FFE7CF0E-FollowerState: change to CANDIDATE, lastRpcTime:83ms, electionTimeout:83ms
2019-10-18 00:28:15,139 [Thread-928] INFO  impl.RoleInfo (RoleInfo.java:shutdownFollowerState(121)) - 1c196293-af28-4849-9284-4cc1dd56b0a0: shutdown FollowerState
2019-10-18 00:28:15,140 [Thread-928] INFO  impl.RaftServerImpl (RaftServerImpl.java:setRole(184)) - 1c196293-af28-4849-9284-4cc1dd56b0a0@group-D617FFE7CF0E: changes role from  FOLLOWER to CANDIDATE at term 10 for changeToCandidate
2019-10-18 00:28:15,140 [Thread-928] INFO  impl.RoleInfo (RoleInfo.java:updateAndGet(143)) - 1c196293-af28-4849-9284-4cc1dd56b0a0: start LeaderElection
2019-10-18 00:28:15,146 [BlockDeletingService#2] WARN  background.BlockDeletingService (BlockDeletingService.java:isDeletionAllowed(187)) - Close Container log Index 6 is not replicated across allthe servers in the pipeline 75404b60-6d3b-4b77-b495-0e05bcbc6a81 as the min replicated index is 4. Deletion is not allowed in this container yet.
2019-10-18 00:28:15,146 [BlockDeletingService#2] WARN  background.BlockDeletingService (BlockDeletingService.java:isDeletionAllowed(187)) - Close Container log Index 6 is not replicated across allthe servers in the pipeline 75404b60-6d3b-4b77-b495-0e05bcbc6a81 as the min replicated index is 4. Deletion is not allowed in this container yet.
2019-10-18 00:28:15,167 [1c196293-af28-4849-9284-4cc1dd56b0a0@group-D617FFE7CF0E-LeaderElection56] INFO  impl.LeaderElection (LeaderElection.java:askForVotes(178)) - 1c196293-af28-4849-9284-4cc1dd56b0a0@group-D617FFE7CF0E-LeaderElection56: begin an election at term 11 for -1: [efdea5f7-0978-4608-8df8-907f93177c26:192.168.164.253:40628, 27e27663-33d5-44e8-9c0f-eb0e3c2aee11:192.168.164.253:35650, 1c196293-af28-4849-9284-4cc1dd56b0a0:192.168.164.253:43223], old=null
2019-10-18 00:28:15,171 [grpc-default-executor-6] INFO  impl.RaftServerImpl (RaftServerImpl.java:setRole(184)) - efdea5f7-0978-4608-8df8-907f93177c26@group-D617FFE7CF0E: changes role from  FOLLOWER to FOLLOWER at term 11 for recognizeCandidate:1c196293-af28-4849-9284-4cc1dd56b0a0
2019-10-18 00:28:15,172 [grpc-default-executor-0] INFO  impl.RaftServerImpl (RaftServerImpl.java:setRole(184)) - 27e27663-33d5-44e8-9c0f-eb0e3c2aee11@group-D617FFE7CF0E: changes role from  FOLLOWER to FOLLOWER at term 11 for recognizeCandidate:1c196293-af28-4849-9284-4cc1dd56b0a0
2019-10-18 00:28:15,172 [grpc-default-executor-6] INFO  impl.RoleInfo (RoleInfo.java:shutdownFollowerState(121)) - efdea5f7-0978-4608-8df8-907f93177c26: shutdown FollowerState
2019-10-18 00:28:15,172 [grpc-default-executor-0] INFO  impl.RoleInfo (RoleInfo.java:shutdownFollowerState(121)) - 27e27663-33d5-44e8-9c0f-eb0e3c2aee11: shutdown FollowerState
2019-10-18 00:28:15,172 [Thread-923] INFO  impl.FollowerState (FollowerState.java:run(117)) - efdea5f7-0978-4608-8df8-907f93177c26@group-D617FFE7CF0E-FollowerState was interrupted: java.lang.InterruptedException: sleep interrupted
2019-10-18 00:28:15,172 [Thread-924] INFO  impl.FollowerState (FollowerState.java:run(117)) - 27e27663-33d5-44e8-9c0f-eb0e3c2aee11@group-D617FFE7CF0E-FollowerState was interrupted: java.lang.InterruptedException: sleep interrupted
2019-10-18 00:28:15,172 [grpc-default-executor-6] INFO  impl.RoleInfo (RoleInfo.java:updateAndGet(143)) - efdea5f7-0978-4608-8df8-907f93177c26: start FollowerState
2019-10-18 00:28:15,172 [grpc-default-executor-0] INFO  impl.RoleInfo (RoleInfo.java:updateAndGet(143)) - 27e27663-33d5-44e8-9c0f-eb0e3c2aee11: start FollowerState
2019-10-18 00:28:15,183 [Thread-922] INFO  impl.FollowerState (FollowerState.java:run(108)) - 27e27663-33d5-44e8-9c0f-eb0e3c2aee11@group-0E05BCBC6A81-FollowerState: change to CANDIDATE, lastRpcTime:156ms, electionTimeout:156ms
2019-10-18 00:28:15,183 [Thread-922] INFO  impl.RoleInfo (RoleInfo.java:shutdownFollowerState(121)) - 27e27663-33d5-44e8-9c0f-eb0e3c2aee11: shutdown FollowerState
2019-10-18 00:28:15,183 [Thread-922] INFO  impl.RaftServerImpl (RaftServerImpl.java:setRole(184)) - 27e27663-33d5-44e8-9c0f-eb0e3c2aee11@group-0E05BCBC6A81: changes role from  FOLLOWER to CANDIDATE at term 43 for changeToCandidate
2019-10-18 00:28:15,183 [Thread-922] INFO  impl.RoleInfo (RoleInfo.java:updateAndGet(143)) - 27e27663-33d5-44e8-9c0f-eb0e3c2aee11: start LeaderElection
2019-10-18 00:28:15,202 [1c196293-af28-4849-9284-4cc1dd56b0a0@group-D617FFE7CF0E-LeaderElection56] INFO  impl.LeaderElection (LeaderElection.java:logAndReturn(56)) - 1c196293-af28-4849-9284-4cc1dd56b0a0@group-D617FFE7CF0E-LeaderElection56: Election REJECTED; received 2 response(s) [1c196293-af28-4849-9284-4cc1dd56b0a0<-efdea5f7-0978-4608-8df8-907f93177c26#0:FAIL-t11, 1c196293-af28-4849-9284-4cc1dd56b0a0<-27e27663-33d5-44e8-9c0f-eb0e3c2aee11#0:FAIL-t11] and 0 exception(s); 1c196293-af28-4849-9284-4cc1dd56b0a0@group-D617FFE7CF0E:t11, leader=null, voted=1c196293-af28-4849-9284-4cc1dd56b0a0, raftlog=1c196293-af28-4849-9284-4cc1dd56b0a0@group-D617FFE7CF0E-SegmentedRaftLog:OPENED:c-1,f-1,i0, conf=-1: [efdea5f7-0978-4608-8df8-907f93177c26:192.168.164.253:40628, 27e27663-33d5-44e8-9c0f-eb0e3c2aee11:192.168.164.253:35650, 1c196293-af28-4849-9284-4cc1dd56b0a0:192.168.164.253:43223], old=null
2019-10-18 00:28:15,203 [1c196293-af28-4849-9284-4cc1dd56b0a0@group-D617FFE7CF0E-LeaderElection56] INFO  impl.RaftServerImpl (RaftServerImpl.java:setRole(184)) - 1c196293-af28-4849-9284-4cc1dd56b0a0@group-D617FFE7CF0E: changes role from CANDIDATE to FOLLOWER at term 11 for DISCOVERED_A_NEW_TERM
2019-10-18 00:28:15,203 [1c196293-af28-4849-9284-4cc1dd56b0a0@group-D617FFE7CF0E-LeaderElection56] INFO  impl.RoleInfo (RoleInfo.java:shutdownLeaderElection(134)) - 1c196293-af28-4849-9284-4cc1dd56b0a0: shutdown LeaderElection
2019-10-18 00:28:15,203 [1c196293-af28-4849-9284-4cc1dd56b0a0@group-D617FFE7CF0E-LeaderElection56] INFO  impl.RoleInfo (RoleInfo.java:updateAndGet(143)) - 1c196293-af28-4849-9284-4cc1dd56b0a0: start FollowerState
2019-10-18 00:28:15,206 [Thread-937] INFO  impl.FollowerState (FollowerState.java:run(108)) - 1c196293-af28-4849-9284-4cc1dd56b0a0@group-D617FFE7CF0E-FollowerState: change to CANDIDATE, lastRpcTime:2ms, electionTimeout:2ms
2019-10-18 00:28:15,206 [Thread-937] INFO  impl.RoleInfo (RoleInfo.java:shutdownFollowerState(121)) - 1c196293-af28-4849-9284-4cc1dd56b0a0: shutdown FollowerState
2019-10-18 00:28:15,206 [Thread-937] INFO  impl.RaftServerImpl (RaftServerImpl.java:setRole(184)) - 1c196293-af28-4849-9284-4cc1dd56b0a0@group-D617FFE7CF0E: changes role from  FOLLOWER to CANDIDATE at term 11 for changeToCandidate
2019-10-18 00:28:15,206 [Thread-937] INFO  impl.RoleInfo (RoleInfo.java:updateAndGet(143)) - 1c196293-af28-4849-9284-4cc1dd56b0a0: start LeaderElection
2019-10-18 00:28:15,218 [27e27663-33d5-44e8-9c0f-eb0e3c2aee11@group-0E05BCBC6A81-LeaderElection57] INFO  impl.LeaderElection (LeaderElection.java:askForVotes(178)) - 27e27663-33d5-44e8-9c0f-eb0e3c2aee11@group-0E05BCBC6A81-LeaderElection57: begin an election at term 44 for 0: [efdea5f7-0978-4608-8df8-907f93177c26:192.168.164.253:40628, 27e27663-33d5-44e8-9c0f-eb0e3c2aee11:192.168.164.253:35650, 1c196293-af28-4849-9284-4cc1dd56b0a0:192.168.164.253:43223], old=null
2019-10-18 00:28:15,221 [grpc-default-executor-6] INFO  impl.RaftServerImpl (RaftServerImpl.java:setRole(184)) - efdea5f7-0978-4608-8df8-907f93177c26@group-0E05BCBC6A81: changes role from  FOLLOWER to FOLLOWER at term 44 for recognizeCandidate:27e27663-33d5-44e8-9c0f-eb0e3c2aee11
2019-10-18 00:28:15,222 [grpc-default-executor-6] INFO  impl.RoleInfo (RoleInfo.java:shutdownFollowerState(121)) - efdea5f7-0978-4608-8df8-907f93177c26: shutdown FollowerState
2019-10-18 00:28:15,222 [grpc-default-executor-6] INFO  impl.RoleInfo (RoleInfo.java:updateAndGet(143)) - efdea5f7-0978-4608-8df8-907f93177c26: start FollowerState
2019-10-18 00:28:15,222 [Thread-919] INFO  impl.FollowerState (FollowerState.java:run(117)) - efdea5f7-0978-4608-8df8-907f93177c26@group-0E05BCBC6A81-FollowerState was interrupted: java.lang.InterruptedException: sleep interrupted
2019-10-18 00:28:15,222 [grpc-default-executor-0] INFO  impl.RaftServerImpl (RaftServerImpl.java:setRole(184)) - 1c196293-af28-4849-9284-4cc1dd56b0a0@group-0E05BCBC6A81: changes role from  FOLLOWER to FOLLOWER at term 44 for recognizeCandidate:27e27663-33d5-44e8-9c0f-eb0e3c2aee11
2019-10-18 00:28:15,222 [grpc-default-executor-0] INFO  impl.RoleInfo (RoleInfo.java:shutdownFollowerState(121)) - 1c196293-af28-4849-9284-4cc1dd56b0a0: shutdown FollowerState
2019-10-18 00:28:15,222 [grpc-default-executor-0] INFO  impl.RoleInfo (RoleInfo.java:updateAndGet(143)) - 1c196293-af28-4849-9284-4cc1dd56b0a0: start FollowerState
2019-10-18 00:28:15,222 [Thread-918] INFO  impl.FollowerState (FollowerState.java:run(117)) - 1c196293-af28-4849-9284-4cc1dd56b0a0@group-0E05BCBC6A81-FollowerState was interrupted: java.lang.InterruptedException: sleep interrupted
2019-10-18 00:28:15,236 [1c196293-af28-4849-9284-4cc1dd56b0a0@group-D617FFE7CF0E-LeaderElection58] INFO  impl.LeaderElection (LeaderElection.java:askForVotes(178)) - 1c196293-af28-4849-9284-4cc1dd56b0a0@group-D617FFE7CF0E-LeaderElection58: begin an election at term 12 for -1: [efdea5f7-0978-4608-8df8-907f93177c26:192.168.164.253:40628, 27e27663-33d5-44e8-9c0f-eb0e3c2aee11:192.168.164.253:35650, 1c196293-af28-4849-9284-4cc1dd56b0a0:192.168.164.253:43223], old=null
2019-10-18 00:28:15,237 [27e27663-33d5-44e8-9c0f-eb0e3c2aee11@group-0E05BCBC6A81-LeaderElection57] INFO  impl.LeaderElection (LeaderElection.java:logAndReturn(56)) - 27e27663-33d5-44e8-9c0f-eb0e3c2aee11@group-0E05BCBC6A81-LeaderElection57: Election REJECTED; received 2 response(s) [27e27663-33d5-44e8-9c0f-eb0e3c2aee11<-efdea5f7-0978-4608-8df8-907f93177c26#0:FAIL-t44, 27e27663-33d5-44e8-9c0f-eb0e3c2aee11<-1c196293-af28-4849-9284-4cc1dd56b0a0#0:FAIL-t44] and 0 exception(s); 27e27663-33d5-44e8-9c0f-eb0e3c2aee11@group-0E05BCBC6A81:t44, leader=null, voted=27e27663-33d5-44e8-9c0f-eb0e3c2aee11, raftlog=27e27663-33d5-44e8-9c0f-eb0e3c2aee11@group-0E05BCBC6A81-SegmentedRaftLog:OPENED:c3,f4,i4, conf=0: [efdea5f7-0978-4608-8df8-907f93177c26:192.168.164.253:40628, 27e27663-33d5-44e8-9c0f-eb0e3c2aee11:192.168.164.253:35650, 1c196293-af28-4849-9284-4cc1dd56b0a0:192.168.164.253:43223], old=null
2019-10-18 00:28:15,237 [27e27663-33d5-44e8-9c0f-eb0e3c2aee11@group-0E05BCBC6A81-LeaderElection57] INFO  impl.RaftServerImpl (RaftServerImpl.java:setRole(184)) - 27e27663-33d5-44e8-9c0f-eb0e3c2aee11@group-0E05BCBC6A81: changes role from CANDIDATE to FOLLOWER at term 44 for DISCOVERED_A_NEW_TERM
2019-10-18 00:28:15,237 [27e27663-33d5-44e8-9c0f-eb0e3c2aee11@group-0E05BCBC6A81-LeaderElection57] INFO  impl.RoleInfo (RoleInfo.java:shutdownLeaderElection(134)) - 27e27663-33d5-44e8-9c0f-eb0e3c2aee11: shutdown LeaderElection
2019-10-18 00:28:15,238 [27e27663-33d5-44e8-9c0f-eb0e3c2aee11@group-0E05BCBC6A81-LeaderElection57] INFO  impl.RoleInfo (RoleInfo.java:updateAndGet(143)) - 27e27663-33d5-44e8-9c0f-eb0e3c2aee11: start FollowerState
2019-10-18 00:28:15,238 [grpc-default-executor-0] INFO  impl.RaftServerImpl (RaftServerImpl.java:setRole(184)) - efdea5f7-0978-4608-8df8-907f93177c26@group-D617FFE7CF0E: changes role from  FOLLOWER to FOLLOWER at term 12 for recognizeCandidate:1c196293-af28-4849-9284-4cc1dd56b0a0
2019-10-18 00:28:15,238 [grpc-default-executor-0] INFO  impl.RoleInfo (RoleInfo.java:shutdownFollowerState(121)) - efdea5f7-0978-4608-8df8-907f93177c26: shutdown FollowerState
2019-10-18 00:28:15,238 [grpc-default-executor-6] INFO  impl.RaftServerImpl (RaftServerImpl.java:setRole(184)) - 27e27663-33d5-44e8-9c0f-eb0e3c2aee11@group-D617FFE7CF0E: changes role from  FOLLOWER to FOLLOWER at term 12 for recognizeCandidate:1c196293-af28-4849-9284-4cc1dd56b0a0
2019-10-18 00:28:15,239 [Thread-934] INFO  impl.FollowerState (FollowerState.java:run(117)) - efdea5f7-0978-4608-8df8-907f93177c26@group-D617FFE7CF0E-FollowerState was interrupted: java.lang.InterruptedException: sleep interrupted
2019-10-18 00:28:15,238 [grpc-default-executor-0] INFO  impl.RoleInfo (RoleInfo.java:updateAndGet(143)) - efdea5f7-0978-4608-8df8-907f93177c26: start FollowerState
2019-10-18 00:28:15,239 [grpc-default-executor-6] INFO  impl.RoleInfo (RoleInfo.java:shutdownFollowerState(121)) - 27e27663-33d5-44e8-9c0f-eb0e3c2aee11: shutdown FollowerState
2019-10-18 00:28:15,239 [grpc-default-executor-6] INFO  impl.RoleInfo (RoleInfo.java:updateAndGet(143)) - 27e27663-33d5-44e8-9c0f-eb0e3c2aee11: start FollowerState
2019-10-18 00:28:15,239 [Thread-935] INFO  impl.FollowerState (FollowerState.java:run(117)) - 27e27663-33d5-44e8-9c0f-eb0e3c2aee11@group-D617FFE7CF0E-FollowerState was interrupted: java.lang.InterruptedException: sleep interrupted
2019-10-18 00:28:15,254 [1c196293-af28-4849-9284-4cc1dd56b0a0@group-D617FFE7CF0E-LeaderElection58] INFO  impl.LeaderElection (LeaderElection.java:logAndReturn(56)) - 1c196293-af28-4849-9284-4cc1dd56b0a0@group-D617FFE7CF0E-LeaderElection58: Election TIMEOUT; received 0 response(s) [] and 0 exception(s); 1c196293-af28-4849-9284-4cc1dd56b0a0@group-D617FFE7CF0E:t12, leader=null, voted=1c196293-af28-4849-9284-4cc1dd56b0a0, raftlog=1c196293-af28-4849-9284-4cc1dd56b0a0@group-D617FFE7CF0E-SegmentedRaftLog:OPENED:c-1,f-1,i0, conf=-1: [efdea5f7-0978-4608-8df8-907f93177c26:192.168.164.253:40628, 27e27663-33d5-44e8-9c0f-eb0e3c2aee11:192.168.164.253:35650, 1c196293-af28-4849-9284-4cc1dd56b0a0:192.168.164.253:43223], old=null
2019-10-18 00:28:15,278 [1c196293-af28-4849-9284-4cc1dd56b0a0@group-D617FFE7CF0E-LeaderElection58] INFO  impl.LeaderElection (LeaderElection.java:askForVotes(178)) - 1c196293-af28-4849-9284-4cc1dd56b0a0@group-D617FFE7CF0E-LeaderElection58: begin an election at term 13 for -1: [efdea5f7-0978-4608-8df8-907f93177c26:192.168.164.253:40628, 27e27663-33d5-44e8-9c0f-eb0e3c2aee11:192.168.164.253:35650, 1c196293-af28-4849-9284-4cc1dd56b0a0:192.168.164.253:43223], old=null
2019-10-18 00:28:15,281 [grpc-default-executor-0] INFO  impl.RaftServerImpl (RaftServerImpl.java:setRole(184)) - efdea5f7-0978-4608-8df8-907f93177c26@group-D617FFE7CF0E: changes role from  FOLLOWER to FOLLOWER at term 13 for recognizeCandidate:1c196293-af28-4849-9284-4cc1dd56b0a0
2019-10-18 00:28:15,281 [grpc-default-executor-0] INFO  impl.RoleInfo (RoleInfo.java:shutdownFollowerState(121)) - efdea5f7-0978-4608-8df8-907f93177c26: shutdown FollowerState
2019-10-18 00:28:15,281 [grpc-default-executor-0] INFO  impl.RoleInfo (RoleInfo.java:updateAndGet(143)) - efdea5f7-0978-4608-8df8-907f93177c26: start FollowerState
2019-10-18 00:28:15,281 [grpc-default-executor-6] INFO  impl.RaftServerImpl (RaftServerImpl.java:setRole(184)) - 27e27663-33d5-44e8-9c0f-eb0e3c2aee11@group-D617FFE7CF0E: changes role from  FOLLOWER to FOLLOWER at term 13 for recognizeCandidate:1c196293-af28-4849-9284-4cc1dd56b0a0
2019-10-18 00:28:15,281 [Thread-946] INFO  impl.FollowerState (FollowerState.java:run(117)) - efdea5f7-0978-4608-8df8-907f93177c26@group-D617FFE7CF0E-FollowerState was interrupted: java.lang.InterruptedException: sleep interrupted
2019-10-18 00:28:15,281 [grpc-default-executor-6] INFO  impl.RoleInfo (RoleInfo.java:shutdownFollowerState(121)) - 27e27663-33d5-44e8-9c0f-eb0e3c2aee11: shutdown FollowerState
2019-10-18 00:28:15,282 [grpc-default-executor-6] INFO  impl.RoleInfo (RoleInfo.java:updateAndGet(143)) - 27e27663-33d5-44e8-9c0f-eb0e3c2aee11: start FollowerState
2019-10-18 00:28:15,282 [Thread-947] INFO  impl.FollowerState (FollowerState.java:run(117)) - 27e27663-33d5-44e8-9c0f-eb0e3c2aee11@group-D617FFE7CF0E-FollowerState was interrupted: java.lang.InterruptedException: sleep interrupted
2019-10-18 00:28:15,287 [Thread-945] INFO  impl.FollowerState (FollowerState.java:run(108)) - 27e27663-33d5-44e8-9c0f-eb0e3c2aee11@group-0E05BCBC6A81-FollowerState: change to CANDIDATE, lastRpcTime:49ms, electionTimeout:49ms
2019-10-18 00:28:15,287 [Thread-945] INFO  impl.RoleInfo (RoleInfo.java:shutdownFollowerState(121)) - 27e27663-33d5-44e8-9c0f-eb0e3c2aee11: shutdown FollowerState
2019-10-18 00:28:15,287 [Thread-945] INFO  impl.RaftServerImpl (RaftServerImpl.java:setRole(184)) - 27e27663-33d5-44e8-9c0f-eb0e3c2aee11@group-0E05BCBC6A81: changes role from  FOLLOWER to CANDIDATE at term 44 for changeToCandidate
2019-10-18 00:28:15,288 [Thread-945] INFO  impl.RoleInfo (RoleInfo.java:updateAndGet(143)) - 27e27663-33d5-44e8-9c0f-eb0e3c2aee11: start LeaderElection
2019-10-18 00:28:15,304 [27e27663-33d5-44e8-9c0f-eb0e3c2aee11@group-0E05BCBC6A81-LeaderElection59] INFO  impl.LeaderElection (LeaderElection.java:askForVotes(178)) - 27e27663-33d5-44e8-9c0f-eb0e3c2aee11@group-0E05BCBC6A81-LeaderElection59: begin an election at term 45 for 0: [efdea5f7-0978-4608-8df8-907f93177c26:192.168.164.253:40628, 27e27663-33d5-44e8-9c0f-eb0e3c2aee11:192.168.164.253:35650, 1c196293-af28-4849-9284-4cc1dd56b0a0:192.168.164.253:43223], old=null
2019-10-18 00:28:15,305 [1c196293-af28-4849-9284-4cc1dd56b0a0@group-D617FFE7CF0E-LeaderElection58] INFO  impl.LeaderElection (LeaderElection.java:logAndReturn(56)) - 1c196293-af28-4849-9284-4cc1dd56b0a0@group-D617FFE7CF0E-LeaderElection58: Election REJECTED; received 2 response(s) [1c196293-af28-4849-9284-4cc1dd56b0a0<-efdea5f7-0978-4608-8df8-907f93177c26#0:FAIL-t13, 1c196293-af28-4849-9284-4cc1dd56b0a0<-27e27663-33d5-44e8-9c0f-eb0e3c2aee11#0:FAIL-t13] and 0 exception(s); 1c196293-af28-4849-9284-4cc1dd56b0a0@group-D617FFE7CF0E:t13, leader=null, voted=1c196293-af28-4849-9284-4cc1dd56b0a0, raftlog=1c196293-af28-4849-9284-4cc1dd56b0a0@group-D617FFE7CF0E-SegmentedRaftLog:OPENED:c-1,f-1,i0, conf=-1: [efdea5f7-0978-4608-8df8-907f93177c26:192.168.164.253:40628, 27e27663-33d5-44e8-9c0f-eb0e3c2aee11:192.168.164.253:35650, 1c196293-af28-4849-9284-4cc1dd56b0a0:192.168.164.253:43223], old=null
2019-10-18 00:28:15,305 [1c196293-af28-4849-9284-4cc1dd56b0a0@group-D617FFE7CF0E-LeaderElection58] INFO  impl.RaftServerImpl (RaftServerImpl.java:setRole(184)) - 1c196293-af28-4849-9284-4cc1dd56b0a0@group-D617FFE7CF0E: changes role from CANDIDATE to FOLLOWER at term 13 for DISCOVERED_A_NEW_TERM
2019-10-18 00:28:15,305 [1c196293-af28-4849-9284-4cc1dd56b0a0@group-D617FFE7CF0E-LeaderElection58] INFO  impl.RoleInfo (RoleInfo.java:shutdownLeaderElection(134)) - 1c196293-af28-4849-9284-4cc1dd56b0a0: shutdown LeaderElection
2019-10-18 00:28:15,305 [1c196293-af28-4849-9284-4cc1dd56b0a0@group-D617FFE7CF0E-LeaderElection58] INFO  impl.RoleInfo (RoleInfo.java:updateAndGet(143)) - 1c196293-af28-4849-9284-4cc1dd56b0a0: start FollowerState
2019-10-18 00:28:15,306 [grpc-default-executor-0] INFO  impl.RaftServerImpl (RaftServerImpl.java:setRole(184)) - efdea5f7-0978-4608-8df8-907f93177c26@group-0E05BCBC6A81: changes role from  FOLLOWER to FOLLOWER at term 45 for recognizeCandidate:27e27663-33d5-44e8-9c0f-eb0e3c2aee11
2019-10-18 00:28:15,306 [grpc-default-executor-0] INFO  impl.RoleInfo (RoleInfo.java:shutdownFollowerState(121)) - efdea5f7-0978-4608-8df8-907f93177c26: shutdown FollowerState
2019-10-18 00:28:15,306 [grpc-default-executor-6] INFO  impl.RaftServerImpl (RaftServerImpl.java:setRole(184)) - 1c196293-af28-4849-9284-4cc1dd56b0a0@group-0E05BCBC6A81: changes role from  FOLLOWER to FOLLOWER at term 45 for recognizeCandidate:27e27663-33d5-44e8-9c0f-eb0e3c2aee11
2019-10-18 00:28:15,306 [Thread-941] INFO  impl.FollowerState (FollowerState.java:run(117)) - efdea5f7-0978-4608-8df8-907f93177c26@group-0E05BCBC6A81-FollowerState was interrupted: java.lang.InterruptedException: sleep interrupted
2019-10-18 00:28:15,306 [grpc-default-executor-0] INFO  impl.RoleInfo (RoleInfo.java:updateAndGet(143)) - efdea5f7-0978-4608-8df8-907f93177c26: start FollowerState
2019-10-18 00:28:15,306 [grpc-default-executor-6] INFO  impl.RoleInfo (RoleInfo.java:shutdownFollowerState(121)) - 1c196293-af28-4849-9284-4cc1dd56b0a0: shutdown FollowerState
2019-10-18 00:28:15,306 [grpc-default-executor-6] INFO  impl.RoleInfo (RoleInfo.java:updateAndGet(143)) - 1c196293-af28-4849-9284-4cc1dd56b0a0: start FollowerState
2019-10-18 00:28:15,306 [Thread-942] INFO  impl.FollowerState (FollowerState.java:run(117)) - 1c196293-af28-4849-9284-4cc1dd56b0a0@group-0E05BCBC6A81-FollowerState was interrupted: java.lang.InterruptedException: sleep interrupted
2019-10-18 00:28:15,330 [27e27663-33d5-44e8-9c0f-eb0e3c2aee11@group-0E05BCBC6A81-LeaderElection59] INFO  impl.LeaderElection (LeaderElection.java:logAndReturn(56)) - 27e27663-33d5-44e8-9c0f-eb0e3c2aee11@group-0E05BCBC6A81-LeaderElection59: Election REJECTED; received 2 response(s) [27e27663-33d5-44e8-9c0f-eb0e3c2aee11<-efdea5f7-0978-4608-8df8-907f93177c26#0:FAIL-t45, 27e27663-33d5-44e8-9c0f-eb0e3c2aee11<-1c196293-af28-4849-9284-4cc1dd56b0a0#0:FAIL-t45] and 0 exception(s); 27e27663-33d5-44e8-9c0f-eb0e3c2aee11@group-0E05BCBC6A81:t45, leader=null, voted=27e27663-33d5-44e8-9c0f-eb0e3c2aee11, raftlog=27e27663-33d5-44e8-9c0f-eb0e3c2aee11@group-0E05BCBC6A81-SegmentedRaftLog:OPENED:c3,f4,i4, conf=0: [efdea5f7-0978-4608-8df8-907f93177c26:192.168.164.253:40628, 27e27663-33d5-44e8-9c0f-eb0e3c2aee11:192.168.164.253:35650, 1c196293-af28-4849-9284-4cc1dd56b0a0:192.168.164.253:43223], old=null
2019-10-18 00:28:15,330 [27e27663-33d5-44e8-9c0f-eb0e3c2aee11@group-0E05BCBC6A81-LeaderElection59] INFO  impl.RaftServerImpl (RaftServerImpl.java:setRole(184)) - 27e27663-33d5-44e8-9c0f-eb0e3c2aee11@group-0E05BCBC6A81: changes role from CANDIDATE to FOLLOWER at term 45 for DISCOVERED_A_NEW_TERM
2019-10-18 00:28:15,330 [27e27663-33d5-44e8-9c0f-eb0e3c2aee11@group-0E05BCBC6A81-LeaderElection59] INFO  impl.RoleInfo (RoleInfo.java:shutdownLeaderElection(134)) - 27e27663-33d5-44e8-9c0f-eb0e3c2aee11: shutdown LeaderElection
2019-10-18 00:28:15,330 [27e27663-33d5-44e8-9c0f-eb0e3c2aee11@group-0E05BCBC6A81-LeaderElection59] INFO  impl.RoleInfo (RoleInfo.java:updateAndGet(143)) - 27e27663-33d5-44e8-9c0f-eb0e3c2aee11: start FollowerState
2019-10-18 00:28:15,505 [Thread-955] INFO  impl.FollowerState (FollowerState.java:run(108)) - 1c196293-af28-4849-9284-4cc1dd56b0a0@group-D617FFE7CF0E-FollowerState: change to CANDIDATE, lastRpcTime:199ms, electionTimeout:199ms
2019-10-18 00:28:15,505 [Thread-955] INFO  impl.RoleInfo (RoleInfo.java:shutdownFollowerState(121)) - 1c196293-af28-4849-9284-4cc1dd56b0a0: shutdown FollowerState
2019-10-18 00:28:15,505 [Thread-955] INFO  impl.RaftServerImpl (RaftServerImpl.java:setRole(184)) - 1c196293-af28-4849-9284-4cc1dd56b0a0@group-D617FFE7CF0E: changes role from  FOLLOWER to CANDIDATE at term 13 for changeToCandidate
2019-10-18 00:28:15,505 [Thread-955] INFO  impl.RoleInfo (RoleInfo.java:updateAndGet(143)) - 1c196293-af28-4849-9284-4cc1dd56b0a0: start LeaderElection
2019-10-18 00:28:15,509 [Thread-958] INFO  impl.FollowerState (FollowerState.java:run(108)) - 27e27663-33d5-44e8-9c0f-eb0e3c2aee11@group-0E05BCBC6A81-FollowerState: change to CANDIDATE, lastRpcTime:178ms, electionTimeout:178ms
2019-10-18 00:28:15,509 [Thread-958] INFO  impl.RoleInfo (RoleInfo.java:shutdownFollowerState(121)) - 27e27663-33d5-44e8-9c0f-eb0e3c2aee11: shutdown FollowerState
2019-10-18 00:28:15,509 [Thread-958] INFO  impl.RaftServerImpl (RaftServerImpl.java:setRole(184)) - 27e27663-33d5-44e8-9c0f-eb0e3c2aee11@group-0E05BCBC6A81: changes role from  FOLLOWER to CANDIDATE at term 45 for changeToCandidate
2019-10-18 00:28:15,509 [Thread-958] INFO  impl.RoleInfo (RoleInfo.java:updateAndGet(143)) - 27e27663-33d5-44e8-9c0f-eb0e3c2aee11: start LeaderElection
2019-10-18 00:28:15,530 [1c196293-af28-4849-9284-4cc1dd56b0a0@group-D617FFE7CF0E-LeaderElection60] INFO  impl.LeaderElection (LeaderElection.java:askForVotes(178)) - 1c196293-af28-4849-9284-4cc1dd56b0a0@group-D617FFE7CF0E-LeaderElection60: begin an election at term 14 for -1: [efdea5f7-0978-4608-8df8-907f93177c26:192.168.164.253:40628, 27e27663-33d5-44e8-9c0f-eb0e3c2aee11:192.168.164.253:35650, 1c196293-af28-4849-9284-4cc1dd56b0a0:192.168.164.253:43223], old=null
2019-10-18 00:28:15,530 [27e27663-33d5-44e8-9c0f-eb0e3c2aee11@group-0E05BCBC6A81-LeaderElection61] INFO  impl.LeaderElection (LeaderElection.java:askForVotes(178)) - 27e27663-33d5-44e8-9c0f-eb0e3c2aee11@group-0E05BCBC6A81-LeaderElection61: begin an election at term 46 for 0: [efdea5f7-0978-4608-8df8-907f93177c26:192.168.164.253:40628, 27e27663-33d5-44e8-9c0f-eb0e3c2aee11:192.168.164.253:35650, 1c196293-af28-4849-9284-4cc1dd56b0a0:192.168.164.253:43223], old=null
2019-10-18 00:28:15,534 [grpc-default-executor-4] INFO  impl.RaftServerImpl (RaftServerImpl.java:setRole(184)) - 27e27663-33d5-44e8-9c0f-eb0e3c2aee11@group-D617FFE7CF0E: changes role from  FOLLOWER to FOLLOWER at term 14 for recognizeCandidate:1c196293-af28-4849-9284-4cc1dd56b0a0
2019-10-18 00:28:15,534 [grpc-default-executor-0] INFO  impl.RaftServerImpl (RaftServerImpl.java:setRole(184)) - efdea5f7-0978-4608-8df8-907f93177c26@group-D617FFE7CF0E: changes role from  FOLLOWER to FOLLOWER at term 14 for recognizeCandidate:1c196293-af28-4849-9284-4cc1dd56b0a0
2019-10-18 00:28:15,534 [grpc-default-executor-6] INFO  impl.RaftServerImpl (RaftServerImpl.java:setRole(184)) - 1c196293-af28-4849-9284-4cc1dd56b0a0@group-0E05BCBC6A81: changes role from  FOLLOWER to FOLLOWER at term 46 for recognizeCandidate:27e27663-33d5-44e8-9c0f-eb0e3c2aee11
2019-10-18 00:28:15,535 [grpc-default-executor-0] INFO  impl.RoleInfo (RoleInfo.java:shutdownFollowerState(121)) - efdea5f7-0978-4608-8df8-907f93177c26: shutdown FollowerState
2019-10-18 00:28:15,535 [grpc-default-executor-5] INFO  impl.RaftServerImpl (RaftServerImpl.java:setRole(184)) - efdea5f7-0978-4608-8df8-907f93177c26@group-0E05BCBC6A81: changes role from  FOLLOWER to FOLLOWER at term 46 for recognizeCandidate:27e27663-33d5-44e8-9c0f-eb0e3c2aee11
2019-10-18 00:28:15,535 [grpc-default-executor-4] INFO  impl.RoleInfo (RoleInfo.java:shutdownFollowerState(121)) - 27e27663-33d5-44e8-9c0f-eb0e3c2aee11: shutdown FollowerState
2019-10-18 00:28:15,535 [grpc-default-executor-5] INFO  impl.RoleInfo (RoleInfo.java:shutdownFollowerState(121)) - efdea5f7-0978-4608-8df8-907f93177c26: shutdown FollowerState
2019-10-18 00:28:15,535 [grpc-default-executor-0] INFO  impl.RoleInfo (RoleInfo.java:updateAndGet(143)) - efdea5f7-0978-4608-8df8-907f93177c26: start FollowerState
2019-10-18 00:28:15,535 [Thread-950] INFO  impl.FollowerState (FollowerState.java:run(117)) - efdea5f7-0978-4608-8df8-907f93177c26@group-D617FFE7CF0E-FollowerState was interrupted: java.lang.InterruptedException: sleep interrupted
2019-10-18 00:28:15,535 [grpc-default-executor-6] INFO  impl.RoleInfo (RoleInfo.java:shutdownFollowerState(121)) - 1c196293-af28-4849-9284-4cc1dd56b0a0: shutdown FollowerState
2019-10-18 00:28:15,536 [grpc-default-executor-5] INFO  impl.RoleInfo (RoleInfo.java:updateAndGet(143)) - efdea5f7-0978-4608-8df8-907f93177c26: start FollowerState
2019-10-18 00:28:15,536 [Thread-956] INFO  impl.FollowerState (FollowerState.java:run(117)) - efdea5f7-0978-4608-8df8-907f93177c26@group-0E05BCBC6A81-FollowerState was interrupted: java.lang.InterruptedException: sleep interrupted
2019-10-18 00:28:15,536 [Thread-951] INFO  impl.FollowerState (FollowerState.java:run(117)) - 27e27663-33d5-44e8-9c0f-eb0e3c2aee11@group-D617FFE7CF0E-FollowerState was interrupted: java.lang.InterruptedException: sleep interrupted
2019-10-18 00:28:15,536 [grpc-default-executor-4] INFO  impl.RoleInfo (RoleInfo.java:updateAndGet(143)) - 27e27663-33d5-44e8-9c0f-eb0e3c2aee11: start FollowerState
2019-10-18 00:28:15,536 [Thread-957] INFO  impl.FollowerState (FollowerState.java:run(117)) - 1c196293-af28-4849-9284-4cc1dd56b0a0@group-0E05BCBC6A81-FollowerState was interrupted: java.lang.InterruptedException: sleep interrupted
2019-10-18 00:28:15,536 [grpc-default-executor-6] INFO  impl.RoleInfo (RoleInfo.java:updateAndGet(143)) - 1c196293-af28-4849-9284-4cc1dd56b0a0: start FollowerState
2019-10-18 00:28:15,557 [27e27663-33d5-44e8-9c0f-eb0e3c2aee11@group-0E05BCBC6A81-LeaderElection61] INFO  impl.LeaderElection (LeaderElection.java:logAndReturn(56)) - 27e27663-33d5-44e8-9c0f-eb0e3c2aee11@group-0E05BCBC6A81-LeaderElection61: Election REJECTED; received 2 response(s) [27e27663-33d5-44e8-9c0f-eb0e3c2aee11<-efdea5f7-0978-4608-8df8-907f93177c26#0:FAIL-t46, 27e27663-33d5-44e8-9c0f-eb0e3c2aee11<-1c196293-af28-4849-9284-4cc1dd56b0a0#0:FAIL-t46] and 0 exception(s); 27e27663-33d5-44e8-9c0f-eb0e3c2aee11@group-0E05BCBC6A81:t46, leader=null, voted=27e27663-33d5-44e8-9c0f-eb0e3c2aee11, raftlog=27e27663-33d5-44e8-9c0f-eb0e3c2aee11@group-0E05BCBC6A81-SegmentedRaftLog:OPENED:c3,f4,i4, conf=0: [efdea5f7-0978-4608-8df8-907f93177c26:192.168.164.253:40628, 27e27663-33d5-44e8-9c0f-eb0e3c2aee11:192.168.164.253:35650, 1c196293-af28-4849-9284-4cc1dd56b0a0:192.168.164.253:43223], old=null
2019-10-18 00:28:15,557 [1c196293-af28-4849-9284-4cc1dd56b0a0@group-D617FFE7CF0E-LeaderElection60] INFO  impl.LeaderElection (LeaderElection.java:logAndReturn(56)) - 1c196293-af28-4849-9284-4cc1dd56b0a0@group-D617FFE7CF0E-LeaderElection60: Election REJECTED; received 2 response(s) [1c196293-af28-4849-9284-4cc1dd56b0a0<-efdea5f7-0978-4608-8df8-907f93177c26#0:FAIL-t14, 1c196293-af28-4849-9284-4cc1dd56b0a0<-27e27663-33d5-44e8-9c0f-eb0e3c2aee11#0:FAIL-t14] and 0 exception(s); 1c196293-af28-4849-9284-4cc1dd56b0a0@group-D617FFE7CF0E:t14, leader=null, voted=1c196293-af28-4849-9284-4cc1dd56b0a0, raftlog=1c196293-af28-4849-9284-4cc1dd56b0a0@group-D617FFE7CF0E-SegmentedRaftLog:OPENED:c-1,f-1,i0, conf=-1: [efdea5f7-0978-4608-8df8-907f93177c26:192.168.164.253:40628, 27e27663-33d5-44e8-9c0f-eb0e3c2aee11:192.168.164.253:35650, 1c196293-af28-4849-9284-4cc1dd56b0a0:192.168.164.253:43223], old=null
2019-10-18 00:28:15,558 [27e27663-33d5-44e8-9c0f-eb0e3c2aee11@group-0E05BCBC6A81-LeaderElection61] INFO  impl.RaftServerImpl (RaftServerImpl.java:setRole(184)) - 27e27663-33d5-44e8-9c0f-eb0e3c2aee11@group-0E05BCBC6A81: changes role from CANDIDATE to FOLLOWER at term 46 for DISCOVERED_A_NEW_TERM
2019-10-18 00:28:15,558 [1c196293-af28-4849-9284-4cc1dd56b0a0@group-D617FFE7CF0E-LeaderElection60] INFO  impl.RaftServerImpl (RaftServerImpl.java:setRole(184)) - 1c196293-af28-4849-9284-4cc1dd56b0a0@group-D617FFE7CF0E: changes role from CANDIDATE to FOLLOWER at term 14 for DISCOVERED_A_NEW_TERM
2019-10-18 00:28:15,558 [27e27663-33d5-44e8-9c0f-eb0e3c2aee11@group-0E05BCBC6A81-LeaderElection61] INFO  impl.RoleInfo (RoleInfo.java:shutdownLeaderElection(134)) - 27e27663-33d5-44e8-9c0f-eb0e3c2aee11: shutdown LeaderElection
2019-10-18 00:28:15,558 [1c196293-af28-4849-9284-4cc1dd56b0a0@group-D617FFE7CF0E-LeaderElection60] INFO  impl.RoleInfo (RoleInfo.java:shutdownLeaderElection(134)) - 1c196293-af28-4849-9284-4cc1dd56b0a0: shutdown LeaderElection
2019-10-18 00:28:15,558 [27e27663-33d5-44e8-9c0f-eb0e3c2aee11@group-0E05BCBC6A81-LeaderElection61] INFO  impl.RoleInfo (RoleInfo.java:updateAndGet(143)) - 27e27663-33d5-44e8-9c0f-eb0e3c2aee11: start FollowerState
2019-10-18 00:28:15,558 [1c196293-af28-4849-9284-4cc1dd56b0a0@group-D617FFE7CF0E-LeaderElection60] INFO  impl.RoleInfo (RoleInfo.java:updateAndGet(143)) - 1c196293-af28-4849-9284-4cc1dd56b0a0: start FollowerState
2019-10-18 00:28:15,589 [Thread-969] INFO  impl.FollowerState (FollowerState.java:run(108)) - 27e27663-33d5-44e8-9c0f-eb0e3c2aee11@group-0E05BCBC6A81-FollowerState: change to CANDIDATE, lastRpcTime:30ms, electionTimeout:30ms
2019-10-18 00:28:15,589 [Thread-970] INFO  impl.FollowerState (FollowerState.java:run(108)) - 1c196293-af28-4849-9284-4cc1dd56b0a0@group-D617FFE7CF0E-FollowerState: change to CANDIDATE, lastRpcTime:30ms, electionTimeout:30ms
2019-10-18 00:28:15,589 [Thread-969] INFO  impl.RoleInfo (RoleInfo.java:shutdownFollowerState(121)) - 27e27663-33d5-44e8-9c0f-eb0e3c2aee11: shutdown FollowerState
2019-10-18 00:28:15,589 [Thread-970] INFO  impl.RoleInfo (RoleInfo.java:shutdownFollowerState(121)) - 1c196293-af28-4849-9284-4cc1dd56b0a0: shutdown FollowerState
2019-10-18 00:28:15,589 [Thread-969] INFO  impl.RaftServerImpl (RaftServerImpl.java:setRole(184)) - 27e27663-33d5-44e8-9c0f-eb0e3c2aee11@group-0E05BCBC6A81: changes role from  FOLLOWER to CANDIDATE at term 46 for changeToCandidate
2019-10-18 00:28:15,589 [Thread-970] INFO  impl.RaftServerImpl (RaftServerImpl.java:setRole(184)) - 1c196293-af28-4849-9284-4cc1dd56b0a0@group-D617FFE7CF0E: changes role from  FOLLOWER to CANDIDATE at term 14 for changeToCandidate
2019-10-18 00:28:15,589 [Thread-969] INFO  impl.RoleInfo (RoleInfo.java:updateAndGet(143)) - 27e27663-33d5-44e8-9c0f-eb0e3c2aee11: start LeaderElection
2019-10-18 00:28:15,589 [Thread-970] INFO  impl.RoleInfo (RoleInfo.java:updateAndGet(143)) - 1c196293-af28-4849-9284-4cc1dd56b0a0: start LeaderElection
2019-10-18 00:28:15,614 [27e27663-33d5-44e8-9c0f-eb0e3c2aee11@group-0E05BCBC6A81-LeaderElection62] INFO  impl.LeaderElection (LeaderElection.java:askForVotes(178)) - 27e27663-33d5-44e8-9c0f-eb0e3c2aee11@group-0E05BCBC6A81-LeaderElection62: begin an election at term 47 for 0: [efdea5f7-0978-4608-8df8-907f93177c26:192.168.164.253:40628, 27e27663-33d5-44e8-9c0f-eb0e3c2aee11:192.168.164.253:35650, 1c196293-af28-4849-9284-4cc1dd56b0a0:192.168.164.253:43223], old=null
2019-10-18 00:28:15,614 [1c196293-af28-4849-9284-4cc1dd56b0a0@group-D617FFE7CF0E-LeaderElection63] INFO  impl.LeaderElection (LeaderElection.java:askForVotes(178)) - 1c196293-af28-4849-9284-4cc1dd56b0a0@group-D617FFE7CF0E-LeaderElection63: begin an election at term 15 for -1: [efdea5f7-0978-4608-8df8-907f93177c26:192.168.164.253:40628, 27e27663-33d5-44e8-9c0f-eb0e3c2aee11:192.168.164.253:35650, 1c196293-af28-4849-9284-4cc1dd56b0a0:192.168.164.253:43223], old=null
2019-10-18 00:28:15,619 [grpc-default-executor-0] INFO  impl.RaftServerImpl (RaftServerImpl.java:setRole(184)) - efdea5f7-0978-4608-8df8-907f93177c26@group-0E05BCBC6A81: changes role from  FOLLOWER to FOLLOWER at term 47 for recognizeCandidate:27e27663-33d5-44e8-9c0f-eb0e3c2aee11
2019-10-18 00:28:15,619 [grpc-default-executor-5] INFO  impl.RaftServerImpl (RaftServerImpl.java:setRole(184)) - 27e27663-33d5-44e8-9c0f-eb0e3c2aee11@group-D617FFE7CF0E: changes role from  FOLLOWER to FOLLOWER at term 15 for recognizeCandidate:1c196293-af28-4849-9284-4cc1dd56b0a0
2019-10-18 00:28:15,619 [grpc-default-executor-5] INFO  impl.RoleInfo (RoleInfo.java:shutdownFollowerState(121)) - 27e27663-33d5-44e8-9c0f-eb0e3c2aee11: shutdown FollowerState
2019-10-18 00:28:15,619 [grpc-default-executor-4] INFO  impl.RaftServerImpl (RaftServerImpl.java:setRole(184)) - 1c196293-af28-4849-9284-4cc1dd56b0a0@group-0E05BCBC6A81: changes role from  FOLLOWER to FOLLOWER at term 47 for recognizeCandidate:27e27663-33d5-44e8-9c0f-eb0e3c2aee11
2019-10-18 00:28:15,619 [grpc-default-executor-6] INFO  impl.RaftServerImpl (RaftServerImpl.java:setRole(184)) - efdea5f7-0978-4608-8df8-907f93177c26@group-D617FFE7CF0E: changes role from  FOLLOWER to FOLLOWER at term 15 for recognizeCandidate:1c196293-af28-4849-9284-4cc1dd56b0a0
2019-10-18 00:28:15,620 [grpc-default-executor-4] INFO  impl.RoleInfo (RoleInfo.java:shutdownFollowerState(121)) - 1c196293-af28-4849-9284-4cc1dd56b0a0: shutdown FollowerState
2019-10-18 00:28:15,620 [grpc-default-executor-5] INFO  impl.RoleInfo (RoleInfo.java:updateAndGet(143)) - 27e27663-33d5-44e8-9c0f-eb0e3c2aee11: start FollowerState
2019-10-18 00:28:15,620 [Thread-966] INFO  impl.FollowerState (FollowerState.java:run(117)) - 27e27663-33d5-44e8-9c0f-eb0e3c2aee11@group-D617FFE7CF0E-FollowerState was interrupted: java.lang.InterruptedException: sleep interrupted
2019-10-18 00:28:15,619 [grpc-default-executor-0] INFO  impl.RoleInfo (RoleInfo.java:shutdownFollowerState(121)) - efdea5f7-0978-4608-8df8-907f93177c26: shutdown FollowerState
2019-10-18 00:28:15,620 [Thread-968] INFO  impl.FollowerState (FollowerState.java:run(117)) - 1c196293-af28-4849-9284-4cc1dd56b0a0@group-0E05BCBC6A81-FollowerState was interrupted: java.lang.InterruptedException: sleep interrupted
2019-10-18 00:28:15,620 [grpc-default-executor-4] INFO  impl.RoleInfo (RoleInfo.java:updateAndGet(143)) - 1c196293-af28-4849-9284-4cc1dd56b0a0: start FollowerState
2019-10-18 00:28:15,620 [grpc-default-executor-6] INFO  impl.RoleInfo (RoleInfo.java:shutdownFollowerState(121)) - efdea5f7-0978-4608-8df8-907f93177c26: shutdown FollowerState
2019-10-18 00:28:15,621 [grpc-default-executor-0] INFO  impl.RoleInfo (RoleInfo.java:updateAndGet(143)) - efdea5f7-0978-4608-8df8-907f93177c26: start FollowerState
2019-10-18 00:28:15,621 [Thread-967] INFO  impl.FollowerState (FollowerState.java:run(117)) - efdea5f7-0978-4608-8df8-907f93177c26@group-0E05BCBC6A81-FollowerState was interrupted: java.lang.InterruptedException: sleep interrupted
2019-10-18 00:28:15,621 [Thread-965] INFO  impl.FollowerState (FollowerState.java:run(117)) - efdea5f7-0978-4608-8df8-907f93177c26@group-D617FFE7CF0E-FollowerState was interrupted: java.lang.InterruptedException: sleep interrupted
2019-10-18 00:28:15,621 [grpc-default-executor-6] INFO  impl.RoleInfo (RoleInfo.java:updateAndGet(143)) - efdea5f7-0978-4608-8df8-907f93177c26: start FollowerState
2019-10-18 00:28:15,649 [27e27663-33d5-44e8-9c0f-eb0e3c2aee11@group-0E05BCBC6A81-LeaderElection62] INFO  impl.LeaderElection (LeaderElection.java:logAndReturn(56)) - 27e27663-33d5-44e8-9c0f-eb0e3c2aee11@group-0E05BCBC6A81-LeaderElection62: Election REJECTED; received 2 response(s) [27e27663-33d5-44e8-9c0f-eb0e3c2aee11<-efdea5f7-0978-4608-8df8-907f93177c26#0:FAIL-t47, 27e27663-33d5-44e8-9c0f-eb0e3c2aee11<-1c196293-af28-4849-9284-4cc1dd56b0a0#0:FAIL-t47] and 0 exception(s); 27e27663-33d5-44e8-9c0f-eb0e3c2aee11@group-0E05BCBC6A81:t47, leader=null, voted=27e27663-33d5-44e8-9c0f-eb0e3c2aee11, raftlog=27e27663-33d5-44e8-9c0f-eb0e3c2aee11@group-0E05BCBC6A81-SegmentedRaftLog:OPENED:c3,f4,i4, conf=0: [efdea5f7-0978-4608-8df8-907f93177c26:192.168.164.253:40628, 27e27663-33d5-44e8-9c0f-eb0e3c2aee11:192.168.164.253:35650, 1c196293-af28-4849-9284-4cc1dd56b0a0:192.168.164.253:43223], old=null
2019-10-18 00:28:15,650 [27e27663-33d5-44e8-9c0f-eb0e3c2aee11@group-0E05BCBC6A81-LeaderElection62] INFO  impl.RaftServerImpl (RaftServerImpl.java:setRole(184)) - 27e27663-33d5-44e8-9c0f-eb0e3c2aee11@group-0E05BCBC6A81: changes role from CANDIDATE to FOLLOWER at term 47 for DISCOVERED_A_NEW_TERM
2019-10-18 00:28:15,650 [27e27663-33d5-44e8-9c0f-eb0e3c2aee11@group-0E05BCBC6A81-LeaderElection62] INFO  impl.RoleInfo (RoleInfo.java:shutdownLeaderElection(134)) - 27e27663-33d5-44e8-9c0f-eb0e3c2aee11: shutdown LeaderElection
2019-10-18 00:28:15,650 [27e27663-33d5-44e8-9c0f-eb0e3c2aee11@group-0E05BCBC6A81-LeaderElection62] INFO  impl.RoleInfo (RoleInfo.java:updateAndGet(143)) - 27e27663-33d5-44e8-9c0f-eb0e3c2aee11: start FollowerState
2019-10-18 00:28:15,650 [1c196293-af28-4849-9284-4cc1dd56b0a0@group-D617FFE7CF0E-LeaderElection63] INFO  impl.LeaderElection (LeaderElection.java:logAndReturn(56)) - 1c196293-af28-4849-9284-4cc1dd56b0a0@group-D617FFE7CF0E-LeaderElection63: Election REJECTED; received 2 response(s) [1c196293-af28-4849-9284-4cc1dd56b0a0<-efdea5f7-0978-4608-8df8-907f93177c26#0:FAIL-t15, 1c196293-af28-4849-9284-4cc1dd56b0a0<-27e27663-33d5-44e8-9c0f-eb0e3c2aee11#0:FAIL-t15] and 0 exception(s); 1c196293-af28-4849-9284-4cc1dd56b0a0@group-D617FFE7CF0E:t15, leader=null, voted=1c196293-af28-4849-9284-4cc1dd56b0a0, raftlog=1c196293-af28-4849-9284-4cc1dd56b0a0@group-D617FFE7CF0E-SegmentedRaftLog:OPENED:c-1,f-1,i0, conf=-1: [efdea5f7-0978-4608-8df8-907f93177c26:192.168.164.253:40628, 27e27663-33d5-44e8-9c0f-eb0e3c2aee11:192.168.164.253:35650, 1c196293-af28-4849-9284-4cc1dd56b0a0:192.168.164.253:43223], old=null
2019-10-18 00:28:15,650 [1c196293-af28-4849-9284-4cc1dd56b0a0@group-D617FFE7CF0E-LeaderElection63] INFO  impl.RaftServerImpl (RaftServerImpl.java:setRole(184)) - 1c196293-af28-4849-9284-4cc1dd56b0a0@group-D617FFE7CF0E: changes role from CANDIDATE to FOLLOWER at term 15 for DISCOVERED_A_NEW_TERM
2019-10-18 00:28:15,650 [1c196293-af28-4849-9284-4cc1dd56b0a0@group-D617FFE7CF0E-LeaderElection63] INFO  impl.RoleInfo (RoleInfo.java:shutdownLeaderElection(134)) - 1c196293-af28-4849-9284-4cc1dd56b0a0: shutdown LeaderElection
2019-10-18 00:28:15,651 [1c196293-af28-4849-9284-4cc1dd56b0a0@group-D617FFE7CF0E-LeaderElection63] INFO  impl.RoleInfo (RoleInfo.java:updateAndGet(143)) - 1c196293-af28-4849-9284-4cc1dd56b0a0: start FollowerState
2019-10-18 00:28:15,689 [Thread-981] INFO  impl.FollowerState (FollowerState.java:run(108)) - 27e27663-33d5-44e8-9c0f-eb0e3c2aee11@group-0E05BCBC6A81-FollowerState: change to CANDIDATE, lastRpcTime:39ms, electionTimeout:39ms
2019-10-18 00:28:15,690 [Thread-981] INFO  impl.RoleInfo (RoleInfo.java:shutdownFollowerState(121)) - 27e27663-33d5-44e8-9c0f-eb0e3c2aee11: shutdown FollowerState
2019-10-18 00:28:15,690 [Thread-981] INFO  impl.RaftServerImpl (RaftServerImpl.java:setRole(184)) - 27e27663-33d5-44e8-9c0f-eb0e3c2aee11@group-0E05BCBC6A81: changes role from  FOLLOWER to CANDIDATE at term 47 for changeToCandidate
2019-10-18 00:28:15,690 [Thread-981] INFO  impl.RoleInfo (RoleInfo.java:updateAndGet(143)) - 27e27663-33d5-44e8-9c0f-eb0e3c2aee11: start LeaderElection
2019-10-18 00:28:15,716 [27e27663-33d5-44e8-9c0f-eb0e3c2aee11@group-0E05BCBC6A81-LeaderElection64] INFO  impl.LeaderElection (LeaderElection.java:askForVotes(178)) - 27e27663-33d5-44e8-9c0f-eb0e3c2aee11@group-0E05BCBC6A81-LeaderElection64: begin an election at term 48 for 0: [efdea5f7-0978-4608-8df8-907f93177c26:192.168.164.253:40628, 27e27663-33d5-44e8-9c0f-eb0e3c2aee11:192.168.164.253:35650, 1c196293-af28-4849-9284-4cc1dd56b0a0:192.168.164.253:43223], old=null
2019-10-18 00:28:15,719 [grpc-default-executor-5] INFO  impl.RaftServerImpl (RaftServerImpl.java:setRole(184)) - efdea5f7-0978-4608-8df8-907f93177c26@group-0E05BCBC6A81: changes role from  FOLLOWER to FOLLOWER at term 48 for recognizeCandidate:27e27663-33d5-44e8-9c0f-eb0e3c2aee11
2019-10-18 00:28:15,719 [grpc-default-executor-0] INFO  impl.RaftServerImpl (RaftServerImpl.java:setRole(184)) - 1c196293-af28-4849-9284-4cc1dd56b0a0@group-0E05BCBC6A81: changes role from  FOLLOWER to FOLLOWER at term 48 for recognizeCandidate:27e27663-33d5-44e8-9c0f-eb0e3c2aee11
2019-10-18 00:28:15,720 [grpc-default-executor-5] INFO  impl.RoleInfo (RoleInfo.java:shutdownFollowerState(121)) - efdea5f7-0978-4608-8df8-907f93177c26: shutdown FollowerState
2019-10-18 00:28:15,720 [grpc-default-executor-0] INFO  impl.RoleInfo (RoleInfo.java:shutdownFollowerState(121)) - 1c196293-af28-4849-9284-4cc1dd56b0a0: shutdown FollowerState
2019-10-18 00:28:15,720 [Thread-979] INFO  impl.FollowerState (FollowerState.java:run(117)) - efdea5f7-0978-4608-8df8-907f93177c26@group-0E05BCBC6A81-FollowerState was interrupted: java.lang.InterruptedException: sleep interrupted
2019-10-18 00:28:15,720 [Thread-978] INFO  impl.FollowerState (FollowerState.java:run(117)) - 1c196293-af28-4849-9284-4cc1dd56b0a0@group-0E05BCBC6A81-FollowerState was interrupted: java.lang.InterruptedException: sleep interrupted
2019-10-18 00:28:15,720 [grpc-default-executor-5] INFO  impl.RoleInfo (RoleInfo.java:updateAndGet(143)) - efdea5f7-0978-4608-8df8-907f93177c26: start FollowerState
2019-10-18 00:28:15,720 [grpc-default-executor-0] INFO  impl.RoleInfo (RoleInfo.java:updateAndGet(143)) - 1c196293-af28-4849-9284-4cc1dd56b0a0: start FollowerState
2019-10-18 00:28:15,752 [27e27663-33d5-44e8-9c0f-eb0e3c2aee11@group-0E05BCBC6A81-LeaderElection64] INFO  impl.LeaderElection (LeaderElection.java:logAndReturn(56)) - 27e27663-33d5-44e8-9c0f-eb0e3c2aee11@group-0E05BCBC6A81-LeaderElection64: Election REJECTED; received 2 response(s) [27e27663-33d5-44e8-9c0f-eb0e3c2aee11<-efdea5f7-0978-4608-8df8-907f93177c26#0:FAIL-t48, 27e27663-33d5-44e8-9c0f-eb0e3c2aee11<-1c196293-af28-4849-9284-4cc1dd56b0a0#0:FAIL-t48] and 0 exception(s); 27e27663-33d5-44e8-9c0f-eb0e3c2aee11@group-0E05BCBC6A81:t48, leader=null, voted=27e27663-33d5-44e8-9c0f-eb0e3c2aee11, raftlog=27e27663-33d5-44e8-9c0f-eb0e3c2aee11@group-0E05BCBC6A81-SegmentedRaftLog:OPENED:c3,f4,i4, conf=0: [efdea5f7-0978-4608-8df8-907f93177c26:192.168.164.253:40628, 27e27663-33d5-44e8-9c0f-eb0e3c2aee11:192.168.164.253:35650, 1c196293-af28-4849-9284-4cc1dd56b0a0:192.168.164.253:43223], old=null
2019-10-18 00:28:15,752 [27e27663-33d5-44e8-9c0f-eb0e3c2aee11@group-0E05BCBC6A81-LeaderElection64] INFO  impl.RaftServerImpl (RaftServerImpl.java:setRole(184)) - 27e27663-33d5-44e8-9c0f-eb0e3c2aee11@group-0E05BCBC6A81: changes role from CANDIDATE to FOLLOWER at term 48 for DISCOVERED_A_NEW_TERM
2019-10-18 00:28:15,752 [27e27663-33d5-44e8-9c0f-eb0e3c2aee11@group-0E05BCBC6A81-LeaderElection64] INFO  impl.RoleInfo (RoleInfo.java:shutdownLeaderElection(134)) - 27e27663-33d5-44e8-9c0f-eb0e3c2aee11: shutdown LeaderElection
2019-10-18 00:28:15,752 [27e27663-33d5-44e8-9c0f-eb0e3c2aee11@group-0E05BCBC6A81-LeaderElection64] INFO  impl.RoleInfo (RoleInfo.java:updateAndGet(143)) - 27e27663-33d5-44e8-9c0f-eb0e3c2aee11: start FollowerState
2019-10-18 00:28:15,762 [Thread-982] INFO  impl.FollowerState (FollowerState.java:run(108)) - 1c196293-af28-4849-9284-4cc1dd56b0a0@group-D617FFE7CF0E-FollowerState: change to CANDIDATE, lastRpcTime:111ms, electionTimeout:111ms
2019-10-18 00:28:15,762 [Thread-982] INFO  impl.RoleInfo (RoleInfo.java:shutdownFollowerState(121)) - 1c196293-af28-4849-9284-4cc1dd56b0a0: shutdown FollowerState
2019-10-18 00:28:15,762 [Thread-982] INFO  impl.RaftServerImpl (RaftServerImpl.java:setRole(184)) - 1c196293-af28-4849-9284-4cc1dd56b0a0@group-D617FFE7CF0E: changes role from  FOLLOWER to CANDIDATE at term 15 for changeToCandidate
2019-10-18 00:28:15,762 [Thread-982] INFO  impl.RoleInfo (RoleInfo.java:updateAndGet(143)) - 1c196293-af28-4849-9284-4cc1dd56b0a0: start LeaderElection
2019-10-18 00:28:15,792 [1c196293-af28-4849-9284-4cc1dd56b0a0@group-D617FFE7CF0E-LeaderElection65] INFO  impl.LeaderElection (LeaderElection.java:askForVotes(178)) - 1c196293-af28-4849-9284-4cc1dd56b0a0@group-D617FFE7CF0E-LeaderElection65: begin an election at term 16 for -1: [efdea5f7-0978-4608-8df8-907f93177c26:192.168.164.253:40628, 27e27663-33d5-44e8-9c0f-eb0e3c2aee11:192.168.164.253:35650, 1c196293-af28-4849-9284-4cc1dd56b0a0:192.168.164.253:43223], old=null
2019-10-18 00:28:15,795 [grpc-default-executor-5] INFO  impl.RaftServerImpl (RaftServerImpl.java:setRole(184)) - 27e27663-33d5-44e8-9c0f-eb0e3c2aee11@group-D617FFE7CF0E: changes role from  FOLLOWER to FOLLOWER at term 16 for recognizeCandidate:1c196293-af28-4849-9284-4cc1dd56b0a0
2019-10-18 00:28:15,795 [grpc-default-executor-5] INFO  impl.RoleInfo (RoleInfo.java:shutdownFollowerState(121)) - 27e27663-33d5-44e8-9c0f-eb0e3c2aee11: shutdown FollowerState
2019-10-18 00:28:15,795 [grpc-default-executor-0] INFO  impl.RaftServerImpl (RaftServerImpl.java:setRole(184)) - efdea5f7-0978-4608-8df8-907f93177c26@group-D617FFE7CF0E: changes role from  FOLLOWER to FOLLOWER at term 16 for recognizeCandidate:1c196293-af28-4849-9284-4cc1dd56b0a0
2019-10-18 00:28:15,795 [grpc-default-executor-5] INFO  impl.RoleInfo (RoleInfo.java:updateAndGet(143)) - 27e27663-33d5-44e8-9c0f-eb0e3c2aee11: start FollowerState
2019-10-18 00:28:15,795 [Thread-977] INFO  impl.FollowerState (FollowerState.java:run(117)) - 27e27663-33d5-44e8-9c0f-eb0e3c2aee11@group-D617FFE7CF0E-FollowerState was interrupted: java.lang.InterruptedException: sleep interrupted
2019-10-18 00:28:15,795 [grpc-default-executor-0] INFO  impl.RoleInfo (RoleInfo.java:shutdownFollowerState(121)) - efdea5f7-0978-4608-8df8-907f93177c26: shutdown FollowerState
2019-10-18 00:28:15,796 [grpc-default-executor-0] INFO  impl.RoleInfo (RoleInfo.java:updateAndGet(143)) - efdea5f7-0978-4608-8df8-907f93177c26: start FollowerState
2019-10-18 00:28:15,796 [Thread-980] INFO  impl.FollowerState (FollowerState.java:run(117)) - efdea5f7-0978-4608-8df8-907f93177c26@group-D617FFE7CF0E-FollowerState was interrupted: java.lang.InterruptedException: sleep interrupted
2019-10-18 00:28:15,819 [1c196293-af28-4849-9284-4cc1dd56b0a0@group-D617FFE7CF0E-LeaderElection65] INFO  impl.LeaderElection (LeaderElection.java:logAndReturn(56)) - 1c196293-af28-4849-9284-4cc1dd56b0a0@group-D617FFE7CF0E-LeaderElection65: Election REJECTED; received 2 response(s) [1c196293-af28-4849-9284-4cc1dd56b0a0<-efdea5f7-0978-4608-8df8-907f93177c26#0:FAIL-t16, 1c196293-af28-4849-9284-4cc1dd56b0a0<-27e27663-33d5-44e8-9c0f-eb0e3c2aee11#0:FAIL-t16] and 0 exception(s); 1c196293-af28-4849-9284-4cc1dd56b0a0@group-D617FFE7CF0E:t16, leader=null, voted=1c196293-af28-4849-9284-4cc1dd56b0a0, raftlog=1c196293-af28-4849-9284-4cc1dd56b0a0@group-D617FFE7CF0E-SegmentedRaftLog:OPENED:c-1,f-1,i0, conf=-1: [efdea5f7-0978-4608-8df8-907f93177c26:192.168.164.253:40628, 27e27663-33d5-44e8-9c0f-eb0e3c2aee11:192.168.164.253:35650, 1c196293-af28-4849-9284-4cc1dd56b0a0:192.168.164.253:43223], old=null
2019-10-18 00:28:15,819 [1c196293-af28-4849-9284-4cc1dd56b0a0@group-D617FFE7CF0E-LeaderElection65] INFO  impl.RaftServerImpl (RaftServerImpl.java:setRole(184)) - 1c196293-af28-4849-9284-4cc1dd56b0a0@group-D617FFE7CF0E: changes role from CANDIDATE to FOLLOWER at term 16 for DISCOVERED_A_NEW_TERM
2019-10-18 00:28:15,819 [1c196293-af28-4849-9284-4cc1dd56b0a0@group-D617FFE7CF0E-LeaderElection65] INFO  impl.RoleInfo (RoleInfo.java:shutdownLeaderElection(134)) - 1c196293-af28-4849-9284-4cc1dd56b0a0: shutdown LeaderElection
2019-10-18 00:28:15,819 [1c196293-af28-4849-9284-4cc1dd56b0a0@group-D617FFE7CF0E-LeaderElection65] INFO  impl.RoleInfo (RoleInfo.java:updateAndGet(143)) - 1c196293-af28-4849-9284-4cc1dd56b0a0: start FollowerState
2019-10-18 00:28:15,909 [Thread-994] INFO  impl.FollowerState (FollowerState.java:run(108)) - 1c196293-af28-4849-9284-4cc1dd56b0a0@group-D617FFE7CF0E-FollowerState: change to CANDIDATE, lastRpcTime:89ms, electionTimeout:89ms
2019-10-18 00:28:15,909 [Thread-994] INFO  impl.RoleInfo (RoleInfo.java:shutdownFollowerState(121)) - 1c196293-af28-4849-9284-4cc1dd56b0a0: shutdown FollowerState
2019-10-18 00:28:15,910 [Thread-994] INFO  impl.RaftServerImpl (RaftServerImpl.java:setRole(184)) - 1c196293-af28-4849-9284-4cc1dd56b0a0@group-D617FFE7CF0E: changes role from  FOLLOWER to CANDIDATE at term 16 for changeToCandidate
2019-10-18 00:28:15,910 [Thread-994] INFO  impl.RoleInfo (RoleInfo.java:updateAndGet(143)) - 1c196293-af28-4849-9284-4cc1dd56b0a0: start LeaderElection
2019-10-18 00:28:15,935 [1c196293-af28-4849-9284-4cc1dd56b0a0@group-D617FFE7CF0E-LeaderElection66] INFO  impl.LeaderElection (LeaderElection.java:askForVotes(178)) - 1c196293-af28-4849-9284-4cc1dd56b0a0@group-D617FFE7CF0E-LeaderElection66: begin an election at term 17 for -1: [efdea5f7-0978-4608-8df8-907f93177c26:192.168.164.253:40628, 27e27663-33d5-44e8-9c0f-eb0e3c2aee11:192.168.164.253:35650, 1c196293-af28-4849-9284-4cc1dd56b0a0:192.168.164.253:43223], old=null
2019-10-18 00:28:15,940 [grpc-default-executor-5] INFO  impl.RaftServerImpl (RaftServerImpl.java:setRole(184)) - 27e27663-33d5-44e8-9c0f-eb0e3c2aee11@group-D617FFE7CF0E: changes role from  FOLLOWER to FOLLOWER at term 17 for recognizeCandidate:1c196293-af28-4849-9284-4cc1dd56b0a0
2019-10-18 00:28:15,940 [grpc-default-executor-0] INFO  impl.RaftServerImpl (RaftServerImpl.java:setRole(184)) - efdea5f7-0978-4608-8df8-907f93177c26@group-D617FFE7CF0E: changes role from  FOLLOWER to FOLLOWER at term 17 for recognizeCandidate:1c196293-af28-4849-9284-4cc1dd56b0a0
2019-10-18 00:28:15,941 [grpc-default-executor-5] INFO  impl.RoleInfo (RoleInfo.java:shutdownFollowerState(121)) - 27e27663-33d5-44e8-9c0f-eb0e3c2aee11: shutdown FollowerState
2019-10-18 00:28:15,941 [grpc-default-executor-0] INFO  impl.RoleInfo (RoleInfo.java:shutdownFollowerState(121)) - efdea5f7-0978-4608-8df8-907f93177c26: shutdown FollowerState
2019-10-18 00:28:15,941 [Thread-992] INFO  impl.FollowerState (FollowerState.java:run(117)) - 27e27663-33d5-44e8-9c0f-eb0e3c2aee11@group-D617FFE7CF0E-FollowerState was interrupted: java.lang.InterruptedException: sleep interrupted
2019-10-18 00:28:15,941 [grpc-default-executor-0] INFO  impl.RoleInfo (RoleInfo.java:updateAndGet(143)) - efdea5f7-0978-4608-8df8-907f93177c26: start FollowerState
2019-10-18 00:28:15,941 [Thread-993] INFO  impl.FollowerState (FollowerState.java:run(117)) - efdea5f7-0978-4608-8df8-907f93177c26@group-D617FFE7CF0E-FollowerState was interrupted: java.lang.InterruptedException: sleep interrupted
2019-10-18 00:28:15,941 [grpc-default-executor-5] INFO  impl.RoleInfo (RoleInfo.java:updateAndGet(143)) - 27e27663-33d5-44e8-9c0f-eb0e3c2aee11: start FollowerState
2019-10-18 00:28:15,952 [Thread-988] INFO  impl.FollowerState (FollowerState.java:run(108)) - 27e27663-33d5-44e8-9c0f-eb0e3c2aee11@group-0E05BCBC6A81-FollowerState: change to CANDIDATE, lastRpcTime:200ms, electionTimeout:200ms
2019-10-18 00:28:15,953 [Thread-988] INFO  impl.RoleInfo (RoleInfo.java:shutdownFollowerState(121)) - 27e27663-33d5-44e8-9c0f-eb0e3c2aee11: shutdown FollowerState
2019-10-18 00:28:15,953 [Thread-988] INFO  impl.RaftServerImpl (RaftServerImpl.java:setRole(184)) - 27e27663-33d5-44e8-9c0f-eb0e3c2aee11@group-0E05BCBC6A81: changes role from  FOLLOWER to CANDIDATE at term 48 for changeToCandidate
2019-10-18 00:28:15,953 [Thread-988] INFO  impl.RoleInfo (RoleInfo.java:updateAndGet(143)) - 27e27663-33d5-44e8-9c0f-eb0e3c2aee11: start LeaderElection
2019-10-18 00:28:15,961 [1c196293-af28-4849-9284-4cc1dd56b0a0@group-D617FFE7CF0E-LeaderElection66] INFO  impl.LeaderElection (LeaderElection.java:logAndReturn(56)) - 1c196293-af28-4849-9284-4cc1dd56b0a0@group-D617FFE7CF0E-LeaderElection66: Election TIMEOUT; received 0 response(s) [] and 0 exception(s); 1c196293-af28-4849-9284-4cc1dd56b0a0@group-D617FFE7CF0E:t17, leader=null, voted=1c196293-af28-4849-9284-4cc1dd56b0a0, raftlog=1c196293-af28-4849-9284-4cc1dd56b0a0@group-D617FFE7CF0E-SegmentedRaftLog:OPENED:c-1,f-1,i0, conf=-1: [efdea5f7-0978-4608-8df8-907f93177c26:192.168.164.253:40628, 27e27663-33d5-44e8-9c0f-eb0e3c2aee11:192.168.164.253:35650, 1c196293-af28-4849-9284-4cc1dd56b0a0:192.168.164.253:43223], old=null
2019-10-18 00:28:15,989 [27e27663-33d5-44e8-9c0f-eb0e3c2aee11@group-0E05BCBC6A81-LeaderElection67] INFO  impl.LeaderElection (LeaderElection.java:askForVotes(178)) - 27e27663-33d5-44e8-9c0f-eb0e3c2aee11@group-0E05BCBC6A81-LeaderElection67: begin an election at term 49 for 0: [efdea5f7-0978-4608-8df8-907f93177c26:192.168.164.253:40628, 27e27663-33d5-44e8-9c0f-eb0e3c2aee11:192.168.164.253:35650, 1c196293-af28-4849-9284-4cc1dd56b0a0:192.168.164.253:43223], old=null
2019-10-18 00:28:15,989 [1c196293-af28-4849-9284-4cc1dd56b0a0@group-D617FFE7CF0E-LeaderElection66] INFO  impl.LeaderElection (LeaderElection.java:askForVotes(178)) - 1c196293-af28-4849-9284-4cc1dd56b0a0@group-D617FFE7CF0E-LeaderElection66: begin an election at term 18 for -1: [efdea5f7-0978-4608-8df8-907f93177c26:192.168.164.253:40628, 27e27663-33d5-44e8-9c0f-eb0e3c2aee11:192.168.164.253:35650, 1c196293-af28-4849-9284-4cc1dd56b0a0:192.168.164.253:43223], old=null
2019-10-18 00:28:15,991 [grpc-default-executor-0] INFO  impl.RaftServerImpl (RaftServerImpl.java:setRole(184)) - 1c196293-af28-4849-9284-4cc1dd56b0a0@group-0E05BCBC6A81: changes role from  FOLLOWER to FOLLOWER at term 49 for recognizeCandidate:27e27663-33d5-44e8-9c0f-eb0e3c2aee11
2019-10-18 00:28:15,991 [grpc-default-executor-0] INFO  impl.RoleInfo (RoleInfo.java:shutdownFollowerState(121)) - 1c196293-af28-4849-9284-4cc1dd56b0a0: shutdown FollowerState
2019-10-18 00:28:15,991 [grpc-default-executor-5] INFO  impl.RaftServerImpl (RaftServerImpl.java:setRole(184)) - 27e27663-33d5-44e8-9c0f-eb0e3c2aee11@group-D617FFE7CF0E: changes role from  FOLLOWER to FOLLOWER at term 18 for recognizeCandidate:1c196293-af28-4849-9284-4cc1dd56b0a0
2019-10-18 00:28:15,992 [grpc-default-executor-0] INFO  impl.RoleInfo (RoleInfo.java:updateAndGet(143)) - 1c196293-af28-4849-9284-4cc1dd56b0a0: start FollowerState
2019-10-18 00:28:15,992 [Thread-987] INFO  impl.FollowerState (FollowerState.java:run(117)) - 1c196293-af28-4849-9284-4cc1dd56b0a0@group-0E05BCBC6A81-FollowerState was interrupted: java.lang.InterruptedException: sleep interrupted
2019-10-18 00:28:15,992 [grpc-default-executor-5] INFO  impl.RoleInfo (RoleInfo.java:shutdownFollowerState(121)) - 27e27663-33d5-44e8-9c0f-eb0e3c2aee11: shutdown FollowerState
2019-10-18 00:28:15,992 [grpc-default-executor-4] INFO  impl.RaftServerImpl (RaftServerImpl.java:setRole(184)) - efdea5f7-0978-4608-8df8-907f93177c26@group-D617FFE7CF0E: changes role from  FOLLOWER to FOLLOWER at term 18 for recognizeCandidate:1c196293-af28-4849-9284-4cc1dd56b0a0
2019-10-18 00:28:15,992 [grpc-default-executor-4] INFO  impl.RoleInfo (RoleInfo.java:shutdownFollowerState(121)) - efdea5f7-0978-4608-8df8-907f93177c26: shutdown FollowerState
2019-10-18 00:28:15,992 [grpc-default-executor-6] INFO  impl.RaftServerImpl (RaftServerImpl.java:setRole(184)) - efdea5f7-0978-4608-8df8-907f93177c26@group-0E05BCBC6A81: changes role from  FOLLOWER to FOLLOWER at term 49 for recognizeCandidate:27e27663-33d5-44e8-9c0f-eb0e3c2aee11
2019-10-18 00:28:15,993 [Thread-1000] INFO  impl.FollowerState (FollowerState.java:run(117)) - efdea5f7-0978-4608-8df8-907f93177c26@group-D617FFE7CF0E-FollowerState was interrupted: java.lang.InterruptedException: sleep interrupted
2019-10-18 00:28:15,992 [grpc-default-executor-4] INFO  impl.RoleInfo (RoleInfo.java:updateAndGet(143)) - efdea5f7-0978-4608-8df8-907f93177c26: start FollowerState
2019-10-18 00:28:15,992 [grpc-default-executor-5] INFO  impl.RoleInfo (RoleInfo.java:updateAndGet(143)) - 27e27663-33d5-44e8-9c0f-eb0e3c2aee11: start FollowerState
2019-10-18 00:28:15,992 [Thread-999] INFO  impl.FollowerState (FollowerState.java:run(117)) - 27e27663-33d5-44e8-9c0f-eb0e3c2aee11@group-D617FFE7CF0E-FollowerState was interrupted: java.lang.InterruptedException: sleep interrupted
2019-10-18 00:28:15,993 [grpc-default-executor-6] INFO  impl.RoleInfo (RoleInfo.java:shutdownFollowerState(121)) - efdea5f7-0978-4608-8df8-907f93177c26: shutdown FollowerState
2019-10-18 00:28:15,994 [grpc-default-executor-6] INFO  impl.RoleInfo (RoleInfo.java:updateAndGet(143)) - efdea5f7-0978-4608-8df8-907f93177c26: start FollowerState
2019-10-18 00:28:15,994 [Thread-986] INFO  impl.FollowerState (FollowerState.java:run(117)) - efdea5f7-0978-4608-8df8-907f93177c26@group-0E05BCBC6A81-FollowerState was interrupted: java.lang.InterruptedException: sleep interrupted
2019-10-18 00:28:16,017 [27e27663-33d5-44e8-9c0f-eb0e3c2aee11@group-0E05BCBC6A81-LeaderElection67] INFO  impl.LeaderElection (LeaderElection.java:logAndReturn(56)) - 27e27663-33d5-44e8-9c0f-eb0e3c2aee11@group-0E05BCBC6A81-LeaderElection67: Election REJECTED; received 2 response(s) [27e27663-33d5-44e8-9c0f-eb0e3c2aee11<-efdea5f7-0978-4608-8df8-907f93177c26#0:FAIL-t49, 27e27663-33d5-44e8-9c0f-eb0e3c2aee11<-1c196293-af28-4849-9284-4cc1dd56b0a0#0:FAIL-t49] and 0 exception(s); 27e27663-33d5-44e8-9c0f-eb0e3c2aee11@group-0E05BCBC6A81:t49, leader=null, voted=27e27663-33d5-44e8-9c0f-eb0e3c2aee11, raftlog=27e27663-33d5-44e8-9c0f-eb0e3c2aee11@group-0E05BCBC6A81-SegmentedRaftLog:OPENED:c3,f4,i4, conf=0: [efdea5f7-0978-4608-8df8-907f93177c26:192.168.164.253:40628, 27e27663-33d5-44e8-9c0f-eb0e3c2aee11:192.168.164.253:35650, 1c196293-af28-4849-9284-4cc1dd56b0a0:192.168.164.253:43223], old=null
2019-10-18 00:28:16,017 [27e27663-33d5-44e8-9c0f-eb0e3c2aee11@group-0E05BCBC6A81-LeaderElection67] INFO  impl.RaftServerImpl (RaftServerImpl.java:setRole(184)) - 27e27663-33d5-44e8-9c0f-eb0e3c2aee11@group-0E05BCBC6A81: changes role from CANDIDATE to FOLLOWER at term 49 for DISCOVERED_A_NEW_TERM
2019-10-18 00:28:16,018 [27e27663-33d5-44e8-9c0f-eb0e3c2aee11@group-0E05BCBC6A81-LeaderElection67] INFO  impl.RoleInfo (RoleInfo.java:shutdownLeaderElection(134)) - 27e27663-33d5-44e8-9c0f-eb0e3c2aee11: shutdown LeaderElection
2019-10-18 00:28:16,018 [27e27663-33d5-44e8-9c0f-eb0e3c2aee11@group-0E05BCBC6A81-LeaderElection67] INFO  impl.RoleInfo (RoleInfo.java:updateAndGet(143)) - 27e27663-33d5-44e8-9c0f-eb0e3c2aee11: start FollowerState
2019-10-18 00:28:16,018 [1c196293-af28-4849-9284-4cc1dd56b0a0@group-D617FFE7CF0E-LeaderElection66] INFO  impl.LeaderElection (LeaderElection.java:logAndReturn(56)) - 1c196293-af28-4849-9284-4cc1dd56b0a0@group-D617FFE7CF0E-LeaderElection66: Election REJECTED; received 2 response(s) [1c196293-af28-4849-9284-4cc1dd56b0a0<-efdea5f7-0978-4608-8df8-907f93177c26#0:FAIL-t18, 1c196293-af28-4849-9284-4cc1dd56b0a0<-27e27663-33d5-44e8-9c0f-eb0e3c2aee11#0:FAIL-t18] and 0 exception(s); 1c196293-af28-4849-9284-4cc1dd56b0a0@group-D617FFE7CF0E:t18, leader=null, voted=1c196293-af28-4849-9284-4cc1dd56b0a0, raftlog=1c196293-af28-4849-9284-4cc1dd56b0a0@group-D617FFE7CF0E-SegmentedRaftLog:OPENED:c-1,f-1,i0, conf=-1: [efdea5f7-0978-4608-8df8-907f93177c26:192.168.164.253:40628, 27e27663-33d5-44e8-9c0f-eb0e3c2aee11:192.168.164.253:35650, 1c196293-af28-4849-9284-4cc1dd56b0a0:192.168.164.253:43223], old=null
2019-10-18 00:28:16,018 [1c196293-af28-4849-9284-4cc1dd56b0a0@group-D617FFE7CF0E-LeaderElection66] INFO  impl.RaftServerImpl (RaftServerImpl.java:setRole(184)) - 1c196293-af28-4849-9284-4cc1dd56b0a0@group-D617FFE7CF0E: changes role from CANDIDATE to FOLLOWER at term 18 for DISCOVERED_A_NEW_TERM
2019-10-18 00:28:16,019 [1c196293-af28-4849-9284-4cc1dd56b0a0@group-D617FFE7CF0E-LeaderElection66] INFO  impl.RoleInfo (RoleInfo.java:shutdownLeaderElection(134)) - 1c196293-af28-4849-9284-4cc1dd56b0a0: shutdown LeaderElection
2019-10-18 00:28:16,019 [1c196293-af28-4849-9284-4cc1dd56b0a0@group-D617FFE7CF0E-LeaderElection66] INFO  impl.RoleInfo (RoleInfo.java:updateAndGet(143)) - 1c196293-af28-4849-9284-4cc1dd56b0a0: start FollowerState
2019-10-18 00:28:16,062 [Thread-1013] INFO  client.GrpcClientProtocolService (GrpcClientProtocolService.java:lambda$processClientRequest$0(278)) - Failed RaftClientRequest:client-4C7A307276C4->27e27663-33d5-44e8-9c0f-eb0e3c2aee11@group-0E05BCBC6A81, cid=10, seq=0, Watch-ALL_COMMITTED(6), Message:<EMPTY>, reply=RaftClientReply:client-4C7A307276C4->27e27663-33d5-44e8-9c0f-eb0e3c2aee11@group-0E05BCBC6A81, cid=10, FAILED org.apache.ratis.protocol.NotLeaderException: Server 27e27663-33d5-44e8-9c0f-eb0e3c2aee11@group-0E05BCBC6A81 is not the leader, logIndex=0, commits[27e27663-33d5-44e8-9c0f-eb0e3c2aee11:c3]
2019-10-18 00:28:16,128 [Thread-1011] INFO  impl.FollowerState (FollowerState.java:run(108)) - 1c196293-af28-4849-9284-4cc1dd56b0a0@group-D617FFE7CF0E-FollowerState: change to CANDIDATE, lastRpcTime:109ms, electionTimeout:109ms
2019-10-18 00:28:16,129 [Thread-1011] INFO  impl.RoleInfo (RoleInfo.java:shutdownFollowerState(121)) - 1c196293-af28-4849-9284-4cc1dd56b0a0: shutdown FollowerState
2019-10-18 00:28:16,129 [Thread-1011] INFO  impl.RaftServerImpl (RaftServerImpl.java:setRole(184)) - 1c196293-af28-4849-9284-4cc1dd56b0a0@group-D617FFE7CF0E: changes role from  FOLLOWER to CANDIDATE at term 18 for changeToCandidate
2019-10-18 00:28:16,129 [Thread-1011] INFO  impl.RoleInfo (RoleInfo.java:updateAndGet(143)) - 1c196293-af28-4849-9284-4cc1dd56b0a0: start LeaderElection
2019-10-18 00:28:16,138 [Thread-1010] INFO  impl.FollowerState (FollowerState.java:run(108)) - 27e27663-33d5-44e8-9c0f-eb0e3c2aee11@group-0E05BCBC6A81-FollowerState: change to CANDIDATE, lastRpcTime:120ms, electionTimeout:120ms
2019-10-18 00:28:16,139 [Thread-1010] INFO  impl.RoleInfo (RoleInfo.java:shutdownFollowerState(121)) - 27e27663-33d5-44e8-9c0f-eb0e3c2aee11: shutdown FollowerState
2019-10-18 00:28:16,139 [Thread-1010] INFO  impl.RaftServerImpl (RaftServerImpl.java:setRole(184)) - 27e27663-33d5-44e8-9c0f-eb0e3c2aee11@group-0E05BCBC6A81: changes role from  FOLLOWER to CANDIDATE at term 49 for changeToCandidate
2019-10-18 00:28:16,139 [Thread-1010] INFO  impl.RoleInfo (RoleInfo.java:updateAndGet(143)) - 27e27663-33d5-44e8-9c0f-eb0e3c2aee11: start LeaderElection
2019-10-18 00:28:16,148 [BlockDeletingService#2] WARN  background.BlockDeletingService (BlockDeletingService.java:isDeletionAllowed(187)) - Close Container log Index 6 is not replicated across allthe servers in the pipeline 75404b60-6d3b-4b77-b495-0e05bcbc6a81 as the min replicated index is 4. Deletion is not allowed in this container yet.
2019-10-18 00:28:16,148 [BlockDeletingService#2] WARN  background.BlockDeletingService (BlockDeletingService.java:isDeletionAllowed(187)) - Close Container log Index 6 is not replicated across allthe servers in the pipeline 75404b60-6d3b-4b77-b495-0e05bcbc6a81 as the min replicated index is 4. Deletion is not allowed in this container yet.
2019-10-18 00:28:16,153 [27e27663-33d5-44e8-9c0f-eb0e3c2aee11@group-0E05BCBC6A81-LeaderElection69] INFO  impl.LeaderElection (LeaderElection.java:askForVotes(178)) - 27e27663-33d5-44e8-9c0f-eb0e3c2aee11@group-0E05BCBC6A81-LeaderElection69: begin an election at term 50 for 0: [efdea5f7-0978-4608-8df8-907f93177c26:192.168.164.253:40628, 27e27663-33d5-44e8-9c0f-eb0e3c2aee11:192.168.164.253:35650, 1c196293-af28-4849-9284-4cc1dd56b0a0:192.168.164.253:43223], old=null
2019-10-18 00:28:16,153 [1c196293-af28-4849-9284-4cc1dd56b0a0@group-D617FFE7CF0E-LeaderElection68] INFO  impl.LeaderElection (LeaderElection.java:askForVotes(178)) - 1c196293-af28-4849-9284-4cc1dd56b0a0@group-D617FFE7CF0E-LeaderElection68: begin an election at term 19 for -1: [efdea5f7-0978-4608-8df8-907f93177c26:192.168.164.253:40628, 27e27663-33d5-44e8-9c0f-eb0e3c2aee11:192.168.164.253:35650, 1c196293-af28-4849-9284-4cc1dd56b0a0:192.168.164.253:43223], old=null
2019-10-18 00:28:16,155 [grpc-default-executor-6] INFO  impl.RaftServerImpl (RaftServerImpl.java:setRole(184)) - efdea5f7-0978-4608-8df8-907f93177c26@group-0E05BCBC6A81: changes role from  FOLLOWER to FOLLOWER at term 50 for recognizeCandidate:27e27663-33d5-44e8-9c0f-eb0e3c2aee11
2019-10-18 00:28:16,155 [grpc-default-executor-6] INFO  impl.RoleInfo (RoleInfo.java:shutdownFollowerState(121)) - efdea5f7-0978-4608-8df8-907f93177c26: shutdown FollowerState
2019-10-18 00:28:16,156 [grpc-default-executor-0] INFO  impl.RaftServerImpl (RaftServerImpl.java:setRole(184)) - efdea5f7-0978-4608-8df8-907f93177c26@group-D617FFE7CF0E: changes role from  FOLLOWER to FOLLOWER at term 19 for recognizeCandidate:1c196293-af28-4849-9284-4cc1dd56b0a0
2019-10-18 00:28:16,156 [Thread-1009] INFO  impl.FollowerState (FollowerState.java:run(117)) - efdea5f7-0978-4608-8df8-907f93177c26@group-0E05BCBC6A81-FollowerState was interrupted: java.lang.InterruptedException: sleep interrupted
2019-10-18 00:28:16,156 [grpc-default-executor-4] INFO  impl.RaftServerImpl (RaftServerImpl.java:setRole(184)) - 27e27663-33d5-44e8-9c0f-eb0e3c2aee11@group-D617FFE7CF0E: changes role from  FOLLOWER to FOLLOWER at term 19 for recognizeCandidate:1c196293-af28-4849-9284-4cc1dd56b0a0
2019-10-18 00:28:16,156 [grpc-default-executor-4] INFO  impl.RoleInfo (RoleInfo.java:shutdownFollowerState(121)) - 27e27663-33d5-44e8-9c0f-eb0e3c2aee11: shutdown FollowerState
2019-10-18 00:28:16,156 [grpc-default-executor-6] INFO  impl.RoleInfo (RoleInfo.java:updateAndGet(143)) - efdea5f7-0978-4608-8df8-907f93177c26: start FollowerState
2019-10-18 00:28:16,156 [Thread-1007] INFO  impl.FollowerState (FollowerState.java:run(117)) - 27e27663-33d5-44e8-9c0f-eb0e3c2aee11@group-D617FFE7CF0E-FollowerState was interrupted: java.lang.InterruptedException: sleep interrupted
2019-10-18 00:28:16,156 [grpc-default-executor-4] INFO  impl.RoleInfo (RoleInfo.java:updateAndGet(143)) - 27e27663-33d5-44e8-9c0f-eb0e3c2aee11: start FollowerState
2019-10-18 00:28:16,156 [grpc-default-executor-5] INFO  impl.RaftServerImpl (RaftServerImpl.java:setRole(184)) - 1c196293-af28-4849-9284-4cc1dd56b0a0@group-0E05BCBC6A81: changes role from  FOLLOWER to FOLLOWER at term 50 for recognizeCandidate:27e27663-33d5-44e8-9c0f-eb0e3c2aee11
2019-10-18 00:28:16,156 [grpc-default-executor-0] INFO  impl.RoleInfo (RoleInfo.java:shutdownFollowerState(121)) - efdea5f7-0978-4608-8df8-907f93177c26: shutdown FollowerState
2019-10-18 00:28:16,157 [grpc-default-executor-5] INFO  impl.RoleInfo (RoleInfo.java:shutdownFollowerState(121)) - 1c196293-af28-4849-9284-4cc1dd56b0a0: shutdown FollowerState
2019-10-18 00:28:16,157 [grpc-default-executor-0] INFO  impl.RoleInfo (RoleInfo.java:updateAndGet(143)) - efdea5f7-0978-4608-8df8-907f93177c26: start FollowerState
2019-10-18 00:28:16,157 [Thread-1008] INFO  impl.FollowerState (FollowerState.java:run(117)) - efdea5f7-0978-4608-8df8-907f93177c26@group-D617FFE7CF0E-FollowerState was interrupted: java.lang.InterruptedException: sleep interrupted
2019-10-18 00:28:16,157 [grpc-default-executor-5] INFO  impl.RoleInfo (RoleInfo.java:updateAndGet(143)) - 1c196293-af28-4849-9284-4cc1dd56b0a0: start FollowerState
2019-10-18 00:28:16,157 [Thread-1006] INFO  impl.FollowerState (FollowerState.java:run(117)) - 1c196293-af28-4849-9284-4cc1dd56b0a0@group-0E05BCBC6A81-FollowerState was interrupted: java.lang.InterruptedException: sleep interrupted
2019-10-18 00:28:16,182 [27e27663-33d5-44e8-9c0f-eb0e3c2aee11@group-0E05BCBC6A81-LeaderElection69] INFO  impl.LeaderElection (LeaderElection.java:logAndReturn(56)) - 27e27663-33d5-44e8-9c0f-eb0e3c2aee11@group-0E05BCBC6A81-LeaderElection69: Election REJECTED; received 2 response(s) [27e27663-33d5-44e8-9c0f-eb0e3c2aee11<-efdea5f7-0978-4608-8df8-907f93177c26#0:FAIL-t50, 27e27663-33d5-44e8-9c0f-eb0e3c2aee11<-1c196293-af28-4849-9284-4cc1dd56b0a0#0:FAIL-t50] and 0 exception(s); 27e27663-33d5-44e8-9c0f-eb0e3c2aee11@group-0E05BCBC6A81:t50, leader=null, voted=27e27663-33d5-44e8-9c0f-eb0e3c2aee11, raftlog=27e27663-33d5-44e8-9c0f-eb0e3c2aee11@group-0E05BCBC6A81-SegmentedRaftLog:OPENED:c3,f4,i4, conf=0: [efdea5f7-0978-4608-8df8-907f93177c26:192.168.164.253:40628, 27e27663-33d5-44e8-9c0f-eb0e3c2aee11:192.168.164.253:35650, 1c196293-af28-4849-9284-4cc1dd56b0a0:192.168.164.253:43223], old=null
2019-10-18 00:28:16,182 [1c196293-af28-4849-9284-4cc1dd56b0a0@group-D617FFE7CF0E-LeaderElection68] INFO  impl.LeaderElection (LeaderElection.java:logAndReturn(56)) - 1c196293-af28-4849-9284-4cc1dd56b0a0@group-D617FFE7CF0E-LeaderElection68: Election REJECTED; received 2 response(s) [1c196293-af28-4849-9284-4cc1dd56b0a0<-efdea5f7-0978-4608-8df8-907f93177c26#0:FAIL-t19, 1c196293-af28-4849-9284-4cc1dd56b0a0<-27e27663-33d5-44e8-9c0f-eb0e3c2aee11#0:FAIL-t19] and 0 exception(s); 1c196293-af28-4849-9284-4cc1dd56b0a0@group-D617FFE7CF0E:t19, leader=null, voted=1c196293-af28-4849-9284-4cc1dd56b0a0, raftlog=1c196293-af28-4849-9284-4cc1dd56b0a0@group-D617FFE7CF0E-SegmentedRaftLog:OPENED:c-1,f-1,i0, conf=-1: [efdea5f7-0978-4608-8df8-907f93177c26:192.168.164.253:40628, 27e27663-33d5-44e8-9c0f-eb0e3c2aee11:192.168.164.253:35650, 1c196293-af28-4849-9284-4cc1dd56b0a0:192.168.164.253:43223], old=null
2019-10-18 00:28:16,182 [27e27663-33d5-44e8-9c0f-eb0e3c2aee11@group-0E05BCBC6A81-LeaderElection69] INFO  impl.RaftServerImpl (RaftServerImpl.java:setRole(184)) - 27e27663-33d5-44e8-9c0f-eb0e3c2aee11@group-0E05BCBC6A81: changes role from CANDIDATE to FOLLOWER at term 50 for DISCOVERED_A_NEW_TERM
2019-10-18 00:28:16,182 [1c196293-af28-4849-9284-4cc1dd56b0a0@group-D617FFE7CF0E-LeaderElection68] INFO  impl.RaftServerImpl (RaftServerImpl.java:setRole(184)) - 1c196293-af28-4849-9284-4cc1dd56b0a0@group-D617FFE7CF0E: changes role from CANDIDATE to FOLLOWER at term 19 for DISCOVERED_A_NEW_TERM
2019-10-18 00:28:16,182 [27e27663-33d5-44e8-9c0f-eb0e3c2aee11@group-0E05BCBC6A81-LeaderElection69] INFO  impl.RoleInfo (RoleInfo.java:shutdownLeaderElection(134)) - 27e27663-33d5-44e8-9c0f-eb0e3c2aee11: shutdown LeaderElection
2019-10-18 00:28:16,183 [1c196293-af28-4849-9284-4cc1dd56b0a0@group-D617FFE7CF0E-LeaderElection68] INFO  impl.RoleInfo (RoleInfo.java:shutdownLeaderElection(134)) - 1c196293-af28-4849-9284-4cc1dd56b0a0: shutdown LeaderElection
2019-10-18 00:28:16,183 [27e27663-33d5-44e8-9c0f-eb0e3c2aee11@group-0E05BCBC6A81-LeaderElection69] INFO  impl.RoleInfo (RoleInfo.java:updateAndGet(143)) - 27e27663-33d5-44e8-9c0f-eb0e3c2aee11: start FollowerState
2019-10-18 00:28:16,183 [1c196293-af28-4849-9284-4cc1dd56b0a0@group-D617FFE7CF0E-LeaderElection68] INFO  impl.RoleInfo (RoleInfo.java:updateAndGet(143)) - 1c196293-af28-4849-9284-4cc1dd56b0a0: start FollowerState
2019-10-18 00:28:16,223 [Thread-1028] INFO  impl.FollowerState (FollowerState.java:run(108)) - 1c196293-af28-4849-9284-4cc1dd56b0a0@group-D617FFE7CF0E-FollowerState: change to CANDIDATE, lastRpcTime:40ms, electionTimeout:40ms
2019-10-18 00:28:16,224 [Thread-1028] INFO  impl.RoleInfo (RoleInfo.java:shutdownFollowerState(121)) - 1c196293-af28-4849-9284-4cc1dd56b0a0: shutdown FollowerState
2019-10-18 00:28:16,224 [Thread-1028] INFO  impl.RaftServerImpl (RaftServerImpl.java:setRole(184)) - 1c196293-af28-4849-9284-4cc1dd56b0a0@group-D617FFE7CF0E: changes role from  FOLLOWER to CANDIDATE at term 19 for changeToCandidate
2019-10-18 00:28:16,224 [Thread-1028] INFO  impl.RoleInfo (RoleInfo.java:updateAndGet(143)) - 1c196293-af28-4849-9284-4cc1dd56b0a0: start LeaderElection
2019-10-18 00:28:16,235 [Thread-1027] INFO  impl.FollowerState (FollowerState.java:run(108)) - 27e27663-33d5-44e8-9c0f-eb0e3c2aee11@group-0E05BCBC6A81-FollowerState: change to CANDIDATE, lastRpcTime:52ms, electionTimeout:52ms
2019-10-18 00:28:16,235 [Thread-1027] INFO  impl.RoleInfo (RoleInfo.java:shutdownFollowerState(121)) - 27e27663-33d5-44e8-9c0f-eb0e3c2aee11: shutdown FollowerState
2019-10-18 00:28:16,235 [Thread-1027] INFO  impl.RaftServerImpl (RaftServerImpl.java:setRole(184)) - 27e27663-33d5-44e8-9c0f-eb0e3c2aee11@group-0E05BCBC6A81: changes role from  FOLLOWER to CANDIDATE at term 50 for changeToCandidate
2019-10-18 00:28:16,236 [Thread-1027] INFO  impl.RoleInfo (RoleInfo.java:updateAndGet(143)) - 27e27663-33d5-44e8-9c0f-eb0e3c2aee11: start LeaderElection
2019-10-18 00:28:16,247 [1c196293-af28-4849-9284-4cc1dd56b0a0@group-D617FFE7CF0E-LeaderElection70] INFO  impl.LeaderElection (LeaderElection.java:askForVotes(178)) - 1c196293-af28-4849-9284-4cc1dd56b0a0@group-D617FFE7CF0E-LeaderElection70: begin an election at term 20 for -1: [efdea5f7-0978-4608-8df8-907f93177c26:192.168.164.253:40628, 27e27663-33d5-44e8-9c0f-eb0e3c2aee11:192.168.164.253:35650, 1c196293-af28-4849-9284-4cc1dd56b0a0:192.168.164.253:43223], old=null
2019-10-18 00:28:16,250 [grpc-default-executor-5] INFO  impl.RaftServerImpl (RaftServerImpl.java:setRole(184)) - efdea5f7-0978-4608-8df8-907f93177c26@group-D617FFE7CF0E: changes role from  FOLLOWER to FOLLOWER at term 20 for recognizeCandidate:1c196293-af28-4849-9284-4cc1dd56b0a0
2019-10-18 00:28:16,250 [grpc-default-executor-5] INFO  impl.RoleInfo (RoleInfo.java:shutdownFollowerState(121)) - efdea5f7-0978-4608-8df8-907f93177c26: shutdown FollowerState
2019-10-18 00:28:16,250 [grpc-default-executor-6] INFO  impl.RaftServerImpl (RaftServerImpl.java:setRole(184)) - 27e27663-33d5-44e8-9c0f-eb0e3c2aee11@group-D617FFE7CF0E: changes role from  FOLLOWER to FOLLOWER at term 20 for recognizeCandidate:1c196293-af28-4849-9284-4cc1dd56b0a0
2019-10-18 00:28:16,250 [Thread-1025] INFO  impl.FollowerState (FollowerState.java:run(117)) - efdea5f7-0978-4608-8df8-907f93177c26@group-D617FFE7CF0E-FollowerState was interrupted: java.lang.InterruptedException: sleep interrupted
2019-10-18 00:28:16,250 [grpc-default-executor-5] INFO  impl.RoleInfo (RoleInfo.java:updateAndGet(143)) - efdea5f7-0978-4608-8df8-907f93177c26: start FollowerState
2019-10-18 00:28:16,250 [grpc-default-executor-6] INFO  impl.RoleInfo (RoleInfo.java:shutdownFollowerState(121)) - 27e27663-33d5-44e8-9c0f-eb0e3c2aee11: shutdown FollowerState
2019-10-18 00:28:16,250 [grpc-default-executor-6] INFO  impl.RoleInfo (RoleInfo.java:updateAndGet(143)) - 27e27663-33d5-44e8-9c0f-eb0e3c2aee11: start FollowerState
2019-10-18 00:28:16,250 [Thread-1024] INFO  impl.FollowerState (FollowerState.java:run(117)) - 27e27663-33d5-44e8-9c0f-eb0e3c2aee11@group-D617FFE7CF0E-FollowerState was interrupted: java.lang.InterruptedException: sleep interrupted
2019-10-18 00:28:16,280 [27e27663-33d5-44e8-9c0f-eb0e3c2aee11@group-0E05BCBC6A81-LeaderElection71] INFO  impl.LeaderElection (LeaderElection.java:askForVotes(178)) - 27e27663-33d5-44e8-9c0f-eb0e3c2aee11@group-0E05BCBC6A81-LeaderElection71: begin an election at term 51 for 0: [efdea5f7-0978-4608-8df8-907f93177c26:192.168.164.253:40628, 27e27663-33d5-44e8-9c0f-eb0e3c2aee11:192.168.164.253:35650, 1c196293-af28-4849-9284-4cc1dd56b0a0:192.168.164.253:43223], old=null
2019-10-18 00:28:16,281 [1c196293-af28-4849-9284-4cc1dd56b0a0@group-D617FFE7CF0E-LeaderElection70] INFO  impl.LeaderElection (LeaderElection.java:logAndReturn(56)) - 1c196293-af28-4849-9284-4cc1dd56b0a0@group-D617FFE7CF0E-LeaderElection70: Election REJECTED; received 2 response(s) [1c196293-af28-4849-9284-4cc1dd56b0a0<-efdea5f7-0978-4608-8df8-907f93177c26#0:FAIL-t20, 1c196293-af28-4849-9284-4cc1dd56b0a0<-27e27663-33d5-44e8-9c0f-eb0e3c2aee11#0:FAIL-t20] and 0 exception(s); 1c196293-af28-4849-9284-4cc1dd56b0a0@group-D617FFE7CF0E:t20, leader=null, voted=1c196293-af28-4849-9284-4cc1dd56b0a0, raftlog=1c196293-af28-4849-9284-4cc1dd56b0a0@group-D617FFE7CF0E-SegmentedRaftLog:OPENED:c-1,f-1,i0, conf=-1: [efdea5f7-0978-4608-8df8-907f93177c26:192.168.164.253:40628, 27e27663-33d5-44e8-9c0f-eb0e3c2aee11:192.168.164.253:35650, 1c196293-af28-4849-9284-4cc1dd56b0a0:192.168.164.253:43223], old=null
2019-10-18 00:28:16,281 [1c196293-af28-4849-9284-4cc1dd56b0a0@group-D617FFE7CF0E-LeaderElection70] INFO  impl.RaftServerImpl (RaftServerImpl.java:setRole(184)) - 1c196293-af28-4849-9284-4cc1dd56b0a0@group-D617FFE7CF0E: changes role from CANDIDATE to FOLLOWER at term 20 for DISCOVERED_A_NEW_TERM
2019-10-18 00:28:16,281 [1c196293-af28-4849-9284-4cc1dd56b0a0@group-D617FFE7CF0E-LeaderElection70] INFO  impl.RoleInfo (RoleInfo.java:shutdownLeaderElection(134)) - 1c196293-af28-4849-9284-4cc1dd56b0a0: shutdown LeaderElection
2019-10-18 00:28:16,281 [1c196293-af28-4849-9284-4cc1dd56b0a0@group-D617FFE7CF0E-LeaderElection70] INFO  impl.RoleInfo (RoleInfo.java:updateAndGet(143)) - 1c196293-af28-4849-9284-4cc1dd56b0a0: start FollowerState
2019-10-18 00:28:16,282 [grpc-default-executor-6] INFO  impl.RaftServerImpl (RaftServerImpl.java:setRole(184)) - efdea5f7-0978-4608-8df8-907f93177c26@group-0E05BCBC6A81: changes role from  FOLLOWER to FOLLOWER at term 51 for recognizeCandidate:27e27663-33d5-44e8-9c0f-eb0e3c2aee11
2019-10-18 00:28:16,282 [grpc-default-executor-5] INFO  impl.RaftServerImpl (RaftServerImpl.java:setRole(184)) - 1c196293-af28-4849-9284-4cc1dd56b0a0@group-0E05BCBC6A81: changes role from  FOLLOWER to FOLLOWER at term 51 for recognizeCandidate:27e27663-33d5-44e8-9c0f-eb0e3c2aee11
2019-10-18 00:28:16,283 [grpc-default-executor-5] INFO  impl.RoleInfo (RoleInfo.java:shutdownFollowerState(121)) - 1c196293-af28-4849-9284-4cc1dd56b0a0: shutdown FollowerState
2019-10-18 00:28:16,283 [grpc-default-executor-6] INFO  impl.RoleInfo (RoleInfo.java:shutdownFollowerState(121)) - efdea5f7-0978-4608-8df8-907f93177c26: shutdown FollowerState
2019-10-18 00:28:16,283 [Thread-1026] INFO  impl.FollowerState (FollowerState.java:run(117)) - 1c196293-af28-4849-9284-4cc1dd56b0a0@group-0E05BCBC6A81-FollowerState was interrupted: java.lang.InterruptedException: sleep interrupted
2019-10-18 00:28:16,283 [grpc-default-executor-5] INFO  impl.RoleInfo (RoleInfo.java:updateAndGet(143)) - 1c196293-af28-4849-9284-4cc1dd56b0a0: start FollowerState
2019-10-18 00:28:16,283 [grpc-default-executor-6] INFO  impl.RoleInfo (RoleInfo.java:updateAndGet(143)) - efdea5f7-0978-4608-8df8-907f93177c26: start FollowerState
2019-10-18 00:28:16,283 [Thread-1023] INFO  impl.FollowerState (FollowerState.java:run(117)) - efdea5f7-0978-4608-8df8-907f93177c26@group-0E05BCBC6A81-FollowerState was interrupted: java.lang.InterruptedException: sleep interrupted
2019-10-18 00:28:16,307 [27e27663-33d5-44e8-9c0f-eb0e3c2aee11@group-0E05BCBC6A81-LeaderElection71] INFO  impl.LeaderElection (LeaderElection.java:logAndReturn(56)) - 27e27663-33d5-44e8-9c0f-eb0e3c2aee11@group-0E05BCBC6A81-LeaderElection71: Election REJECTED; received 2 response(s) [27e27663-33d5-44e8-9c0f-eb0e3c2aee11<-efdea5f7-0978-4608-8df8-907f93177c26#0:FAIL-t51, 27e27663-33d5-44e8-9c0f-eb0e3c2aee11<-1c196293-af28-4849-9284-4cc1dd56b0a0#0:FAIL-t51] and 0 exception(s); 27e27663-33d5-44e8-9c0f-eb0e3c2aee11@group-0E05BCBC6A81:t51, leader=null, voted=27e27663-33d5-44e8-9c0f-eb0e3c2aee11, raftlog=27e27663-33d5-44e8-9c0f-eb0e3c2aee11@group-0E05BCBC6A81-SegmentedRaftLog:OPENED:c3,f4,i4, conf=0: [efdea5f7-0978-4608-8df8-907f93177c26:192.168.164.253:40628, 27e27663-33d5-44e8-9c0f-eb0e3c2aee11:192.168.164.253:35650, 1c196293-af28-4849-9284-4cc1dd56b0a0:192.168.164.253:43223], old=null
2019-10-18 00:28:16,307 [27e27663-33d5-44e8-9c0f-eb0e3c2aee11@group-0E05BCBC6A81-LeaderElection71] INFO  impl.RaftServerImpl (RaftServerImpl.java:setRole(184)) - 27e27663-33d5-44e8-9c0f-eb0e3c2aee11@group-0E05BCBC6A81: changes role from CANDIDATE to FOLLOWER at term 51 for DISCOVERED_A_NEW_TERM
2019-10-18 00:28:16,307 [27e27663-33d5-44e8-9c0f-eb0e3c2aee11@group-0E05BCBC6A81-LeaderElection71] INFO  impl.RoleInfo (RoleInfo.java:shutdownLeaderElection(134)) - 27e27663-33d5-44e8-9c0f-eb0e3c2aee11: shutdown LeaderElection
2019-10-18 00:28:16,307 [27e27663-33d5-44e8-9c0f-eb0e3c2aee11@group-0E05BCBC6A81-LeaderElection71] INFO  impl.RoleInfo (RoleInfo.java:updateAndGet(143)) - 27e27663-33d5-44e8-9c0f-eb0e3c2aee11: start FollowerState
2019-10-18 00:28:16,461 [Thread-1037] INFO  impl.FollowerState (FollowerState.java:run(108)) - 1c196293-af28-4849-9284-4cc1dd56b0a0@group-D617FFE7CF0E-FollowerState: change to CANDIDATE, lastRpcTime:179ms, electionTimeout:179ms
2019-10-18 00:28:16,461 [Thread-1037] INFO  impl.RoleInfo (RoleInfo.java:shutdownFollowerState(121)) - 1c196293-af28-4849-9284-4cc1dd56b0a0: shutdown FollowerState
2019-10-18 00:28:16,461 [Thread-1037] INFO  impl.RaftServerImpl (RaftServerImpl.java:setRole(184)) - 1c196293-af28-4849-9284-4cc1dd56b0a0@group-D617FFE7CF0E: changes role from  FOLLOWER to CANDIDATE at term 20 for changeToCandidate
2019-10-18 00:28:16,462 [Thread-1037] INFO  impl.RoleInfo (RoleInfo.java:updateAndGet(143)) - 1c196293-af28-4849-9284-4cc1dd56b0a0: start LeaderElection
2019-10-18 00:28:16,484 [Thread-1040] INFO  impl.FollowerState (FollowerState.java:run(108)) - 27e27663-33d5-44e8-9c0f-eb0e3c2aee11@group-0E05BCBC6A81-FollowerState: change to CANDIDATE, lastRpcTime:176ms, electionTimeout:176ms
2019-10-18 00:28:16,484 [Thread-1040] INFO  impl.RoleInfo (RoleInfo.java:shutdownFollowerState(121)) - 27e27663-33d5-44e8-9c0f-eb0e3c2aee11: shutdown FollowerState
2019-10-18 00:28:16,484 [Thread-1040] INFO  impl.RaftServerImpl (RaftServerImpl.java:setRole(184)) - 27e27663-33d5-44e8-9c0f-eb0e3c2aee11@group-0E05BCBC6A81: changes role from  FOLLOWER to CANDIDATE at term 51 for changeToCandidate
2019-10-18 00:28:16,485 [Thread-1040] INFO  impl.RoleInfo (RoleInfo.java:updateAndGet(143)) - 27e27663-33d5-44e8-9c0f-eb0e3c2aee11: start LeaderElection
2019-10-18 00:28:16,489 [1c196293-af28-4849-9284-4cc1dd56b0a0@group-D617FFE7CF0E-LeaderElection72] INFO  impl.LeaderElection (LeaderElection.java:askForVotes(178)) - 1c196293-af28-4849-9284-4cc1dd56b0a0@group-D617FFE7CF0E-LeaderElection72: begin an election at term 21 for -1: [efdea5f7-0978-4608-8df8-907f93177c26:192.168.164.253:40628, 27e27663-33d5-44e8-9c0f-eb0e3c2aee11:192.168.164.253:35650, 1c196293-af28-4849-9284-4cc1dd56b0a0:192.168.164.253:43223], old=null
2019-10-18 00:28:16,492 [grpc-default-executor-5] INFO  impl.RaftServerImpl (RaftServerImpl.java:setRole(184)) - efdea5f7-0978-4608-8df8-907f93177c26@group-D617FFE7CF0E: changes role from  FOLLOWER to FOLLOWER at term 21 for recognizeCandidate:1c196293-af28-4849-9284-4cc1dd56b0a0
2019-10-18 00:28:16,492 [grpc-default-executor-5] INFO  impl.RoleInfo (RoleInfo.java:shutdownFollowerState(121)) - efdea5f7-0978-4608-8df8-907f93177c26: shutdown FollowerState
2019-10-18 00:28:16,492 [grpc-default-executor-6] INFO  impl.RaftServerImpl (RaftServerImpl.java:setRole(184)) - 27e27663-33d5-44e8-9c0f-eb0e3c2aee11@group-D617FFE7CF0E: changes role from  FOLLOWER to FOLLOWER at term 21 for recognizeCandidate:1c196293-af28-4849-9284-4cc1dd56b0a0
2019-10-18 00:28:16,492 [grpc-default-executor-5] INFO  impl.RoleInfo (RoleInfo.java:updateAndGet(143)) - efdea5f7-0978-4608-8df8-907f93177c26: start FollowerState
2019-10-18 00:28:16,492 [Thread-1033] INFO  impl.FollowerState (FollowerState.java:run(117)) - efdea5f7-0978-4608-8df8-907f93177c26@group-D617FFE7CF0E-FollowerState was interrupted: java.lang.InterruptedException: sleep interrupted
2019-10-18 00:28:16,492 [grpc-default-executor-6] INFO  impl.RoleInfo (RoleInfo.java:shutdownFollowerState(121)) - 27e27663-33d5-44e8-9c0f-eb0e3c2aee11: shutdown FollowerState
2019-10-18 00:28:16,493 [grpc-default-executor-6] INFO  impl.RoleInfo (RoleInfo.java:updateAndGet(143)) - 27e27663-33d5-44e8-9c0f-eb0e3c2aee11: start FollowerState
2019-10-18 00:28:16,493 [Thread-1034] INFO  impl.FollowerState (FollowerState.java:run(117)) - 27e27663-33d5-44e8-9c0f-eb0e3c2aee11@group-D617FFE7CF0E-FollowerState was interrupted: java.lang.InterruptedException: sleep interrupted
2019-10-18 00:28:16,506 [27e27663-33d5-44e8-9c0f-eb0e3c2aee11@group-0E05BCBC6A81-LeaderElection73] INFO  impl.LeaderElection (LeaderElection.java:askForVotes(178)) - 27e27663-33d5-44e8-9c0f-eb0e3c2aee11@group-0E05BCBC6A81-LeaderElection73: begin an election at term 52 for 0: [efdea5f7-0978-4608-8df8-907f93177c26:192.168.164.253:40628, 27e27663-33d5-44e8-9c0f-eb0e3c2aee11:192.168.164.253:35650, 1c196293-af28-4849-9284-4cc1dd56b0a0:192.168.164.253:43223], old=null
2019-10-18 00:28:16,508 [1c196293-af28-4849-9284-4cc1dd56b0a0@group-D617FFE7CF0E-LeaderElection72] INFO  impl.LeaderElection (LeaderElection.java:logAndReturn(56)) - 1c196293-af28-4849-9284-4cc1dd56b0a0@group-D617FFE7CF0E-LeaderElection72: Election REJECTED; received 2 response(s) [1c196293-af28-4849-9284-4cc1dd56b0a0<-efdea5f7-0978-4608-8df8-907f93177c26#0:FAIL-t21, 1c196293-af28-4849-9284-4cc1dd56b0a0<-27e27663-33d5-44e8-9c0f-eb0e3c2aee11#0:FAIL-t21] and 0 exception(s); 1c196293-af28-4849-9284-4cc1dd56b0a0@group-D617FFE7CF0E:t21, leader=null, voted=1c196293-af28-4849-9284-4cc1dd56b0a0, raftlog=1c196293-af28-4849-9284-4cc1dd56b0a0@group-D617FFE7CF0E-SegmentedRaftLog:OPENED:c-1,f-1,i0, conf=-1: [efdea5f7-0978-4608-8df8-907f93177c26:192.168.164.253:40628, 27e27663-33d5-44e8-9c0f-eb0e3c2aee11:192.168.164.253:35650, 1c196293-af28-4849-9284-4cc1dd56b0a0:192.168.164.253:43223], old=null
2019-10-18 00:28:16,508 [1c196293-af28-4849-9284-4cc1dd56b0a0@group-D617FFE7CF0E-LeaderElection72] INFO  impl.RaftServerImpl (RaftServerImpl.java:setRole(184)) - 1c196293-af28-4849-9284-4cc1dd56b0a0@group-D617FFE7CF0E: changes role from CANDIDATE to FOLLOWER at term 21 for DISCOVERED_A_NEW_TERM
2019-10-18 00:28:16,508 [1c196293-af28-4849-9284-4cc1dd56b0a0@group-D617FFE7CF0E-LeaderElection72] INFO  impl.RoleInfo (RoleInfo.java:shutdownLeaderElection(134)) - 1c196293-af28-4849-9284-4cc1dd56b0a0: shutdown LeaderElection
2019-10-18 00:28:16,508 [1c196293-af28-4849-9284-4cc1dd56b0a0@group-D617FFE7CF0E-LeaderElection72] INFO  impl.RoleInfo (RoleInfo.java:updateAndGet(143)) - 1c196293-af28-4849-9284-4cc1dd56b0a0: start FollowerState
2019-10-18 00:28:16,508 [grpc-default-executor-5] INFO  impl.RaftServerImpl (RaftServerImpl.java:setRole(184)) - efdea5f7-0978-4608-8df8-907f93177c26@group-0E05BCBC6A81: changes role from  FOLLOWER to FOLLOWER at term 52 for recognizeCandidate:27e27663-33d5-44e8-9c0f-eb0e3c2aee11
2019-10-18 00:28:16,508 [grpc-default-executor-6] INFO  impl.RaftServerImpl (RaftServerImpl.java:setRole(184)) - 1c196293-af28-4849-9284-4cc1dd56b0a0@group-0E05BCBC6A81: changes role from  FOLLOWER to FOLLOWER at term 52 for recognizeCandidate:27e27663-33d5-44e8-9c0f-eb0e3c2aee11
2019-10-18 00:28:16,508 [grpc-default-executor-5] INFO  impl.RoleInfo (RoleInfo.java:shutdownFollowerState(121)) - efdea5f7-0978-4608-8df8-907f93177c26: shutdown FollowerState
2019-10-18 00:28:16,509 [grpc-default-executor-6] INFO  impl.RoleInfo (RoleInfo.java:shutdownFollowerState(121)) - 1c196293-af28-4849-9284-4cc1dd56b0a0: shutdown FollowerState
2019-10-18 00:28:16,509 [grpc-default-executor-5] INFO  impl.RoleInfo (RoleInfo.java:updateAndGet(143)) - efdea5f7-0978-4608-8df8-907f93177c26: start FollowerState
2019-10-18 00:28:16,509 [Thread-1039] INFO  impl.FollowerState (FollowerState.java:run(117)) - efdea5f7-0978-4608-8df8-907f93177c26@group-0E05BCBC6A81-FollowerState was interrupted: java.lang.InterruptedException: sleep interrupted
2019-10-18 00:28:16,509 [Thread-1038] INFO  impl.FollowerState (FollowerState.java:run(117)) - 1c196293-af28-4849-9284-4cc1dd56b0a0@group-0E05BCBC6A81-FollowerState was interrupted: java.lang.InterruptedException: sleep interrupted
2019-10-18 00:28:16,509 [grpc-default-executor-6] INFO  impl.RoleInfo (RoleInfo.java:updateAndGet(143)) - 1c196293-af28-4849-9284-4cc1dd56b0a0: start FollowerState
2019-10-18 00:28:16,533 [27e27663-33d5-44e8-9c0f-eb0e3c2aee11@group-0E05BCBC6A81-LeaderElection73] INFO  impl.LeaderElection (LeaderElection.java:logAndReturn(56)) - 27e27663-33d5-44e8-9c0f-eb0e3c2aee11@group-0E05BCBC6A81-LeaderElection73: Election REJECTED; received 2 response(s) [27e27663-33d5-44e8-9c0f-eb0e3c2aee11<-efdea5f7-0978-4608-8df8-907f93177c26#0:FAIL-t52, 27e27663-33d5-44e8-9c0f-eb0e3c2aee11<-1c196293-af28-4849-9284-4cc1dd56b0a0#0:FAIL-t52] and 0 exception(s); 27e27663-33d5-44e8-9c0f-eb0e3c2aee11@group-0E05BCBC6A81:t52, leader=null, voted=27e27663-33d5-44e8-9c0f-eb0e3c2aee11, raftlog=27e27663-33d5-44e8-9c0f-eb0e3c2aee11@group-0E05BCBC6A81-SegmentedRaftLog:OPENED:c3,f4,i4, conf=0: [efdea5f7-0978-4608-8df8-907f93177c26:192.168.164.253:40628, 27e27663-33d5-44e8-9c0f-eb0e3c2aee11:192.168.164.253:35650, 1c196293-af28-4849-9284-4cc1dd56b0a0:192.168.164.253:43223], old=null
2019-10-18 00:28:16,533 [27e27663-33d5-44e8-9c0f-eb0e3c2aee11@group-0E05BCBC6A81-LeaderElection73] INFO  impl.RaftServerImpl (RaftServerImpl.java:setRole(184)) - 27e27663-33d5-44e8-9c0f-eb0e3c2aee11@group-0E05BCBC6A81: changes role from CANDIDATE to FOLLOWER at term 52 for DISCOVERED_A_NEW_TERM
2019-10-18 00:28:16,533 [27e27663-33d5-44e8-9c0f-eb0e3c2aee11@group-0E05BCBC6A81-LeaderElection73] INFO  impl.RoleInfo (RoleInfo.java:shutdownLeaderElection(134)) - 27e27663-33d5-44e8-9c0f-eb0e3c2aee11: shutdown LeaderElection
2019-10-18 00:28:16,533 [27e27663-33d5-44e8-9c0f-eb0e3c2aee11@group-0E05BCBC6A81-LeaderElection73] INFO  impl.RoleInfo (RoleInfo.java:updateAndGet(143)) - 27e27663-33d5-44e8-9c0f-eb0e3c2aee11: start FollowerState
2019-10-18 00:28:16,536 [Thread-1049] INFO  impl.FollowerState (FollowerState.java:run(108)) - 1c196293-af28-4849-9284-4cc1dd56b0a0@group-D617FFE7CF0E-FollowerState: change to CANDIDATE, lastRpcTime:28ms, electionTimeout:28ms
2019-10-18 00:28:16,537 [Thread-1049] INFO  impl.RoleInfo (RoleInfo.java:shutdownFollowerState(121)) - 1c196293-af28-4849-9284-4cc1dd56b0a0: shutdown FollowerState
2019-10-18 00:28:16,537 [Thread-1049] INFO  impl.RaftServerImpl (RaftServerImpl.java:setRole(184)) - 1c196293-af28-4849-9284-4cc1dd56b0a0@group-D617FFE7CF0E: changes role from  FOLLOWER to CANDIDATE at term 21 for changeToCandidate
2019-10-18 00:28:16,537 [Thread-1049] INFO  impl.RoleInfo (RoleInfo.java:updateAndGet(143)) - 1c196293-af28-4849-9284-4cc1dd56b0a0: start LeaderElection
2019-10-18 00:28:16,566 [1c196293-af28-4849-9284-4cc1dd56b0a0@group-D617FFE7CF0E-LeaderElection74] INFO  impl.LeaderElection (LeaderElection.java:askForVotes(178)) - 1c196293-af28-4849-9284-4cc1dd56b0a0@group-D617FFE7CF0E-LeaderElection74: begin an election at term 22 for -1: [efdea5f7-0978-4608-8df8-907f93177c26:192.168.164.253:40628, 27e27663-33d5-44e8-9c0f-eb0e3c2aee11:192.168.164.253:35650, 1c196293-af28-4849-9284-4cc1dd56b0a0:192.168.164.253:43223], old=null
2019-10-18 00:28:16,568 [grpc-default-executor-5] INFO  impl.RaftServerImpl (RaftServerImpl.java:setRole(184)) - 27e27663-33d5-44e8-9c0f-eb0e3c2aee11@group-D617FFE7CF0E: changes role from  FOLLOWER to FOLLOWER at term 22 for recognizeCandidate:1c196293-af28-4849-9284-4cc1dd56b0a0
2019-10-18 00:28:16,568 [grpc-default-executor-6] INFO  impl.RaftServerImpl (RaftServerImpl.java:setRole(184)) - efdea5f7-0978-4608-8df8-907f93177c26@group-D617FFE7CF0E: changes role from  FOLLOWER to FOLLOWER at term 22 for recognizeCandidate:1c196293-af28-4849-9284-4cc1dd56b0a0
2019-10-18 00:28:16,568 [grpc-default-executor-5] INFO  impl.RoleInfo (RoleInfo.java:shutdownFollowerState(121)) - 27e27663-33d5-44e8-9c0f-eb0e3c2aee11: shutdown FollowerState
2019-10-18 00:28:16,569 [grpc-default-executor-6] INFO  impl.RoleInfo (RoleInfo.java:shutdownFollowerState(121)) - efdea5f7-0978-4608-8df8-907f93177c26: shutdown FollowerState
2019-10-18 00:28:16,569 [grpc-default-executor-5] INFO  impl.RoleInfo (RoleInfo.java:updateAndGet(143)) - 27e27663-33d5-44e8-9c0f-eb0e3c2aee11: start FollowerState
2019-10-18 00:28:16,569 [Thread-1046] INFO  impl.FollowerState (FollowerState.java:run(117)) - 27e27663-33d5-44e8-9c0f-eb0e3c2aee11@group-D617FFE7CF0E-FollowerState was interrupted: java.lang.InterruptedException: sleep interrupted
2019-10-18 00:28:16,569 [Thread-1045] INFO  impl.FollowerState (FollowerState.java:run(117)) - efdea5f7-0978-4608-8df8-907f93177c26@group-D617FFE7CF0E-FollowerState was interrupted: java.lang.InterruptedException: sleep interrupted
2019-10-18 00:28:16,569 [grpc-default-executor-6] INFO  impl.RoleInfo (RoleInfo.java:updateAndGet(143)) - efdea5f7-0978-4608-8df8-907f93177c26: start FollowerState
2019-10-18 00:28:16,573 [1c196293-af28-4849-9284-4cc1dd56b0a0@group-D617FFE7CF0E-LeaderElection74] INFO  impl.LeaderElection (LeaderElection.java:logAndReturn(56)) - 1c196293-af28-4849-9284-4cc1dd56b0a0@group-D617FFE7CF0E-LeaderElection74: Election TIMEOUT; received 0 response(s) [] and 0 exception(s); 1c196293-af28-4849-9284-4cc1dd56b0a0@group-D617FFE7CF0E:t22, leader=null, voted=1c196293-af28-4849-9284-4cc1dd56b0a0, raftlog=1c196293-af28-4849-9284-4cc1dd56b0a0@group-D617FFE7CF0E-SegmentedRaftLog:OPENED:c-1,f-1,i0, conf=-1: [efdea5f7-0978-4608-8df8-907f93177c26:192.168.164.253:40628, 27e27663-33d5-44e8-9c0f-eb0e3c2aee11:192.168.164.253:35650, 1c196293-af28-4849-9284-4cc1dd56b0a0:192.168.164.253:43223], old=null
2019-10-18 00:28:16,592 [1c196293-af28-4849-9284-4cc1dd56b0a0@group-D617FFE7CF0E-LeaderElection74] INFO  impl.LeaderElection (LeaderElection.java:askForVotes(178)) - 1c196293-af28-4849-9284-4cc1dd56b0a0@group-D617FFE7CF0E-LeaderElection74: begin an election at term 23 for -1: [efdea5f7-0978-4608-8df8-907f93177c26:192.168.164.253:40628, 27e27663-33d5-44e8-9c0f-eb0e3c2aee11:192.168.164.253:35650, 1c196293-af28-4849-9284-4cc1dd56b0a0:192.168.164.253:43223], old=null
2019-10-18 00:28:16,593 [Thread-1052] INFO  impl.FollowerState (FollowerState.java:run(108)) - 27e27663-33d5-44e8-9c0f-eb0e3c2aee11@group-0E05BCBC6A81-FollowerState: change to CANDIDATE, lastRpcTime:59ms, electionTimeout:59ms
2019-10-18 00:28:16,593 [Thread-1052] INFO  impl.RoleInfo (RoleInfo.java:shutdownFollowerState(121)) - 27e27663-33d5-44e8-9c0f-eb0e3c2aee11: shutdown FollowerState
2019-10-18 00:28:16,593 [Thread-1052] INFO  impl.RaftServerImpl (RaftServerImpl.java:setRole(184)) - 27e27663-33d5-44e8-9c0f-eb0e3c2aee11@group-0E05BCBC6A81: changes role from  FOLLOWER to CANDIDATE at term 52 for changeToCandidate
2019-10-18 00:28:16,594 [Thread-1052] INFO  impl.RoleInfo (RoleInfo.java:updateAndGet(143)) - 27e27663-33d5-44e8-9c0f-eb0e3c2aee11: start LeaderElection
2019-10-18 00:28:16,594 [grpc-default-executor-6] INFO  impl.RaftServerImpl (RaftServerImpl.java:setRole(184)) - efdea5f7-0978-4608-8df8-907f93177c26@group-D617FFE7CF0E: changes role from  FOLLOWER to FOLLOWER at term 23 for recognizeCandidate:1c196293-af28-4849-9284-4cc1dd56b0a0
2019-10-18 00:28:16,595 [grpc-default-executor-6] INFO  impl.RoleInfo (RoleInfo.java:shutdownFollowerState(121)) - efdea5f7-0978-4608-8df8-907f93177c26: shutdown FollowerState
2019-10-18 00:28:16,595 [grpc-default-executor-6] INFO  impl.RoleInfo (RoleInfo.java:updateAndGet(143)) - efdea5f7-0978-4608-8df8-907f93177c26: start FollowerState
2019-10-18 00:28:16,595 [Thread-1057] INFO  impl.FollowerState (FollowerState.java:run(117)) - efdea5f7-0978-4608-8df8-907f93177c26@group-D617FFE7CF0E-FollowerState was interrupted: java.lang.InterruptedException: sleep interrupted
2019-10-18 00:28:16,595 [grpc-default-executor-5] INFO  impl.RaftServerImpl (RaftServerImpl.java:setRole(184)) - 27e27663-33d5-44e8-9c0f-eb0e3c2aee11@group-D617FFE7CF0E: changes role from  FOLLOWER to FOLLOWER at term 23 for recognizeCandidate:1c196293-af28-4849-9284-4cc1dd56b0a0
2019-10-18 00:28:16,595 [grpc-default-executor-5] INFO  impl.RoleInfo (RoleInfo.java:shutdownFollowerState(121)) - 27e27663-33d5-44e8-9c0f-eb0e3c2aee11: shutdown FollowerState
2019-10-18 00:28:16,596 [Thread-1056] INFO  impl.FollowerState (FollowerState.java:run(117)) - 27e27663-33d5-44e8-9c0f-eb0e3c2aee11@group-D617FFE7CF0E-FollowerState was interrupted: java.lang.InterruptedException: sleep interrupted
2019-10-18 00:28:16,596 [grpc-default-executor-5] INFO  impl.RoleInfo (RoleInfo.java:updateAndGet(143)) - 27e27663-33d5-44e8-9c0f-eb0e3c2aee11: start FollowerState
2019-10-18 00:28:16,610 [1c196293-af28-4849-9284-4cc1dd56b0a0@group-D617FFE7CF0E-LeaderElection74] INFO  impl.LeaderElection (LeaderElection.java:logAndReturn(56)) - 1c196293-af28-4849-9284-4cc1dd56b0a0@group-D617FFE7CF0E-LeaderElection74: Election TIMEOUT; received 0 response(s) [] and 0 exception(s); 1c196293-af28-4849-9284-4cc1dd56b0a0@group-D617FFE7CF0E:t23, leader=null, voted=1c196293-af28-4849-9284-4cc1dd56b0a0, raftlog=1c196293-af28-4849-9284-4cc1dd56b0a0@group-D617FFE7CF0E-SegmentedRaftLog:OPENED:c-1,f-1,i0, conf=-1: [efdea5f7-0978-4608-8df8-907f93177c26:192.168.164.253:40628, 27e27663-33d5-44e8-9c0f-eb0e3c2aee11:192.168.164.253:35650, 1c196293-af28-4849-9284-4cc1dd56b0a0:192.168.164.253:43223], old=null
2019-10-18 00:28:16,618 [27e27663-33d5-44e8-9c0f-eb0e3c2aee11@group-0E05BCBC6A81-LeaderElection75] INFO  impl.LeaderElection (LeaderElection.java:askForVotes(178)) - 27e27663-33d5-44e8-9c0f-eb0e3c2aee11@group-0E05BCBC6A81-LeaderElection75: begin an election at term 53 for 0: [efdea5f7-0978-4608-8df8-907f93177c26:192.168.164.253:40628, 27e27663-33d5-44e8-9c0f-eb0e3c2aee11:192.168.164.253:35650, 1c196293-af28-4849-9284-4cc1dd56b0a0:192.168.164.253:43223], old=null
2019-10-18 00:28:16,620 [grpc-default-executor-5] INFO  impl.RaftServerImpl (RaftServerImpl.java:setRole(184)) - efdea5f7-0978-4608-8df8-907f93177c26@group-0E05BCBC6A81: changes role from  FOLLOWER to FOLLOWER at term 53 for recognizeCandidate:27e27663-33d5-44e8-9c0f-eb0e3c2aee11
2019-10-18 00:28:16,620 [grpc-default-executor-6] INFO  impl.RaftServerImpl (RaftServerImpl.java:setRole(184)) - 1c196293-af28-4849-9284-4cc1dd56b0a0@group-0E05BCBC6A81: changes role from  FOLLOWER to FOLLOWER at term 53 for recognizeCandidate:27e27663-33d5-44e8-9c0f-eb0e3c2aee11
2019-10-18 00:28:16,620 [grpc-default-executor-5] INFO  impl.RoleInfo (RoleInfo.java:shutdownFollowerState(121)) - efdea5f7-0978-4608-8df8-907f93177c26: shutdown FollowerState
2019-10-18 00:28:16,620 [grpc-default-executor-6] INFO  impl.RoleInfo (RoleInfo.java:shutdownFollowerState(121)) - 1c196293-af28-4849-9284-4cc1dd56b0a0: shutdown FollowerState
2019-10-18 00:28:16,621 [grpc-default-executor-5] INFO  impl.RoleInfo (RoleInfo.java:updateAndGet(143)) - efdea5f7-0978-4608-8df8-907f93177c26: start FollowerState
2019-10-18 00:28:16,621 [Thread-1051] INFO  impl.FollowerState (FollowerState.java:run(117)) - 1c196293-af28-4849-9284-4cc1dd56b0a0@group-0E05BCBC6A81-FollowerState was interrupted: java.lang.InterruptedException: sleep interrupted
2019-10-18 00:28:16,621 [grpc-default-executor-6] INFO  impl.RoleInfo (RoleInfo.java:updateAndGet(143)) - 1c196293-af28-4849-9284-4cc1dd56b0a0: start FollowerState
2019-10-18 00:28:16,621 [Thread-1050] INFO  impl.FollowerState (FollowerState.java:run(117)) - efdea5f7-0978-4608-8df8-907f93177c26@group-0E05BCBC6A81-FollowerState was interrupted: java.lang.InterruptedException: sleep interrupted
2019-10-18 00:28:16,627 [27e27663-33d5-44e8-9c0f-eb0e3c2aee11@group-0E05BCBC6A81-LeaderElection75] INFO  impl.LeaderElection (LeaderElection.java:logAndReturn(56)) - 27e27663-33d5-44e8-9c0f-eb0e3c2aee11@group-0E05BCBC6A81-LeaderElection75: Election TIMEOUT; received 0 response(s) [] and 0 exception(s); 27e27663-33d5-44e8-9c0f-eb0e3c2aee11@group-0E05BCBC6A81:t53, leader=null, voted=27e27663-33d5-44e8-9c0f-eb0e3c2aee11, raftlog=27e27663-33d5-44e8-9c0f-eb0e3c2aee11@group-0E05BCBC6A81-SegmentedRaftLog:OPENED:c3,f4,i4, conf=0: [efdea5f7-0978-4608-8df8-907f93177c26:192.168.164.253:40628, 27e27663-33d5-44e8-9c0f-eb0e3c2aee11:192.168.164.253:35650, 1c196293-af28-4849-9284-4cc1dd56b0a0:192.168.164.253:43223], old=null
2019-10-18 00:28:16,635 [1c196293-af28-4849-9284-4cc1dd56b0a0@group-D617FFE7CF0E-LeaderElection74] INFO  impl.LeaderElection (LeaderElection.java:askForVotes(178)) - 1c196293-af28-4849-9284-4cc1dd56b0a0@group-D617FFE7CF0E-LeaderElection74: begin an election at term 24 for -1: [efdea5f7-0978-4608-8df8-907f93177c26:192.168.164.253:40628, 27e27663-33d5-44e8-9c0f-eb0e3c2aee11:192.168.164.253:35650, 1c196293-af28-4849-9284-4cc1dd56b0a0:192.168.164.253:43223], old=null
2019-10-18 00:28:16,637 [grpc-default-executor-6] INFO  impl.RaftServerImpl (RaftServerImpl.java:setRole(184)) - efdea5f7-0978-4608-8df8-907f93177c26@group-D617FFE7CF0E: changes role from  FOLLOWER to FOLLOWER at term 24 for recognizeCandidate:1c196293-af28-4849-9284-4cc1dd56b0a0
2019-10-18 00:28:16,637 [grpc-default-executor-6] INFO  impl.RoleInfo (RoleInfo.java:shutdownFollowerState(121)) - efdea5f7-0978-4608-8df8-907f93177c26: shutdown FollowerState
2019-10-18 00:28:16,637 [grpc-default-executor-5] INFO  impl.RaftServerImpl (RaftServerImpl.java:setRole(184)) - 27e27663-33d5-44e8-9c0f-eb0e3c2aee11@group-D617FFE7CF0E: changes role from  FOLLOWER to FOLLOWER at term 24 for recognizeCandidate:1c196293-af28-4849-9284-4cc1dd56b0a0
2019-10-18 00:28:16,637 [grpc-default-executor-5] INFO  impl.RoleInfo (RoleInfo.java:shutdownFollowerState(121)) - 27e27663-33d5-44e8-9c0f-eb0e3c2aee11: shutdown FollowerState
2019-10-18 00:28:16,637 [Thread-1061] INFO  impl.FollowerState (FollowerState.java:run(117)) - efdea5f7-0978-4608-8df8-907f93177c26@group-D617FFE7CF0E-FollowerState was interrupted: java.lang.InterruptedException: sleep interrupted
2019-10-18 00:28:16,637 [grpc-default-executor-6] INFO  impl.RoleInfo (RoleInfo.java:updateAndGet(143)) - efdea5f7-0978-4608-8df8-907f93177c26: start FollowerState
2019-10-18 00:28:16,638 [Thread-1062] INFO  impl.FollowerState (FollowerState.java:run(117)) - 27e27663-33d5-44e8-9c0f-eb0e3c2aee11@group-D617FFE7CF0E-FollowerState was interrupted: java.lang.InterruptedException: sleep interrupted
2019-10-18 00:28:16,638 [grpc-default-executor-5] INFO  impl.RoleInfo (RoleInfo.java:updateAndGet(143)) - 27e27663-33d5-44e8-9c0f-eb0e3c2aee11: start FollowerState
2019-10-18 00:28:16,652 [27e27663-33d5-44e8-9c0f-eb0e3c2aee11@group-0E05BCBC6A81-LeaderElection75] INFO  impl.LeaderElection (LeaderElection.java:askForVotes(178)) - 27e27663-33d5-44e8-9c0f-eb0e3c2aee11@group-0E05BCBC6A81-LeaderElection75: begin an election at term 54 for 0: [efdea5f7-0978-4608-8df8-907f93177c26:192.168.164.253:40628, 27e27663-33d5-44e8-9c0f-eb0e3c2aee11:192.168.164.253:35650, 1c196293-af28-4849-9284-4cc1dd56b0a0:192.168.164.253:43223], old=null
2019-10-18 00:28:16,654 [grpc-default-executor-4] INFO  impl.RaftServerImpl (RaftServerImpl.java:setRole(184)) - 1c196293-af28-4849-9284-4cc1dd56b0a0@group-0E05BCBC6A81: changes role from  FOLLOWER to FOLLOWER at term 54 for recognizeCandidate:27e27663-33d5-44e8-9c0f-eb0e3c2aee11
2019-10-18 00:28:16,654 [grpc-default-executor-4] INFO  impl.RoleInfo (RoleInfo.java:shutdownFollowerState(121)) - 1c196293-af28-4849-9284-4cc1dd56b0a0: shutdown FollowerState
2019-10-18 00:28:16,655 [grpc-default-executor-0] INFO  impl.RaftServerImpl (RaftServerImpl.java:setRole(184)) - efdea5f7-0978-4608-8df8-907f93177c26@group-0E05BCBC6A81: changes role from  FOLLOWER to FOLLOWER at term 54 for recognizeCandidate:27e27663-33d5-44e8-9c0f-eb0e3c2aee11
2019-10-18 00:28:16,655 [Thread-1066] INFO  impl.FollowerState (FollowerState.java:run(117)) - 1c196293-af28-4849-9284-4cc1dd56b0a0@group-0E05BCBC6A81-FollowerState was interrupted: java.lang.InterruptedException: sleep interrupted
2019-10-18 00:28:16,655 [grpc-default-executor-4] INFO  impl.RoleInfo (RoleInfo.java:updateAndGet(143)) - 1c196293-af28-4849-9284-4cc1dd56b0a0: start FollowerState
2019-10-18 00:28:16,655 [grpc-default-executor-0] INFO  impl.RoleInfo (RoleInfo.java:shutdownFollowerState(121)) - efdea5f7-0978-4608-8df8-907f93177c26: shutdown FollowerState
2019-10-18 00:28:16,655 [Thread-1065] INFO  impl.FollowerState (FollowerState.java:run(117)) - efdea5f7-0978-4608-8df8-907f93177c26@group-0E05BCBC6A81-FollowerState was interrupted: java.lang.InterruptedException: sleep interrupted
2019-10-18 00:28:16,655 [grpc-default-executor-0] INFO  impl.RoleInfo (RoleInfo.java:updateAndGet(143)) - efdea5f7-0978-4608-8df8-907f93177c26: start FollowerState
2019-10-18 00:28:16,671 [1c196293-af28-4849-9284-4cc1dd56b0a0@group-D617FFE7CF0E-LeaderElection74] INFO  impl.LeaderElection (LeaderElection.java:logAndReturn(56)) - 1c196293-af28-4849-9284-4cc1dd56b0a0@group-D617FFE7CF0E-LeaderElection74: Election REJECTED; received 2 response(s) [1c196293-af28-4849-9284-4cc1dd56b0a0<-efdea5f7-0978-4608-8df8-907f93177c26#0:FAIL-t24, 1c196293-af28-4849-9284-4cc1dd56b0a0<-27e27663-33d5-44e8-9c0f-eb0e3c2aee11#0:FAIL-t24] and 0 exception(s); 1c196293-af28-4849-9284-4cc1dd56b0a0@group-D617FFE7CF0E:t24, leader=null, voted=1c196293-af28-4849-9284-4cc1dd56b0a0, raftlog=1c196293-af28-4849-9284-4cc1dd56b0a0@group-D617FFE7CF0E-SegmentedRaftLog:OPENED:c-1,f-1,i0, conf=-1: [efdea5f7-0978-4608-8df8-907f93177c26:192.168.164.253:40628, 27e27663-33d5-44e8-9c0f-eb0e3c2aee11:192.168.164.253:35650, 1c196293-af28-4849-9284-4cc1dd56b0a0:192.168.164.253:43223], old=null
2019-10-18 00:28:16,671 [1c196293-af28-4849-9284-4cc1dd56b0a0@group-D617FFE7CF0E-LeaderElection74] INFO  impl.RaftServerImpl (RaftServerImpl.java:setRole(184)) - 1c196293-af28-4849-9284-4cc1dd56b0a0@group-D617FFE7CF0E: changes role from CANDIDATE to FOLLOWER at term 24 for DISCOVERED_A_NEW_TERM
2019-10-18 00:28:16,671 [1c196293-af28-4849-9284-4cc1dd56b0a0@group-D617FFE7CF0E-LeaderElection74] INFO  impl.RoleInfo (RoleInfo.java:shutdownLeaderElection(134)) - 1c196293-af28-4849-9284-4cc1dd56b0a0: shutdown LeaderElection
2019-10-18 00:28:16,671 [1c196293-af28-4849-9284-4cc1dd56b0a0@group-D617FFE7CF0E-LeaderElection74] INFO  impl.RoleInfo (RoleInfo.java:updateAndGet(143)) - 1c196293-af28-4849-9284-4cc1dd56b0a0: start FollowerState
2019-10-18 00:28:16,688 [27e27663-33d5-44e8-9c0f-eb0e3c2aee11@group-0E05BCBC6A81-LeaderElection75] INFO  impl.LeaderElection (LeaderElection.java:logAndReturn(56)) - 27e27663-33d5-44e8-9c0f-eb0e3c2aee11@group-0E05BCBC6A81-LeaderElection75: Election REJECTED; received 2 response(s) [27e27663-33d5-44e8-9c0f-eb0e3c2aee11<-efdea5f7-0978-4608-8df8-907f93177c26#0:FAIL-t54, 27e27663-33d5-44e8-9c0f-eb0e3c2aee11<-1c196293-af28-4849-9284-4cc1dd56b0a0#0:FAIL-t54] and 0 exception(s); 27e27663-33d5-44e8-9c0f-eb0e3c2aee11@group-0E05BCBC6A81:t54, leader=null, voted=27e27663-33d5-44e8-9c0f-eb0e3c2aee11, raftlog=27e27663-33d5-44e8-9c0f-eb0e3c2aee11@group-0E05BCBC6A81-SegmentedRaftLog:OPENED:c3,f4,i4, conf=0: [efdea5f7-0978-4608-8df8-907f93177c26:192.168.164.253:40628, 27e27663-33d5-44e8-9c0f-eb0e3c2aee11:192.168.164.253:35650, 1c196293-af28-4849-9284-4cc1dd56b0a0:192.168.164.253:43223], old=null
2019-10-18 00:28:16,688 [27e27663-33d5-44e8-9c0f-eb0e3c2aee11@group-0E05BCBC6A81-LeaderElection75] INFO  impl.RaftServerImpl (RaftServerImpl.java:setRole(184)) - 27e27663-33d5-44e8-9c0f-eb0e3c2aee11@group-0E05BCBC6A81: changes role from CANDIDATE to FOLLOWER at term 54 for DISCOVERED_A_NEW_TERM
2019-10-18 00:28:16,688 [27e27663-33d5-44e8-9c0f-eb0e3c2aee11@group-0E05BCBC6A81-LeaderElection75] INFO  impl.RoleInfo (RoleInfo.java:shutdownLeaderElection(134)) - 27e27663-33d5-44e8-9c0f-eb0e3c2aee11: shutdown LeaderElection
2019-10-18 00:28:16,688 [27e27663-33d5-44e8-9c0f-eb0e3c2aee11@group-0E05BCBC6A81-LeaderElection75] INFO  impl.RoleInfo (RoleInfo.java:updateAndGet(143)) - 27e27663-33d5-44e8-9c0f-eb0e3c2aee11: start FollowerState
2019-10-18 00:28:16,804 [Thread-1076] INFO  impl.FollowerState (FollowerState.java:run(108)) - 27e27663-33d5-44e8-9c0f-eb0e3c2aee11@group-0E05BCBC6A81-FollowerState: change to CANDIDATE, lastRpcTime:116ms, electionTimeout:116ms
2019-10-18 00:28:16,805 [Thread-1076] INFO  impl.RoleInfo (RoleInfo.java:shutdownFollowerState(121)) - 27e27663-33d5-44e8-9c0f-eb0e3c2aee11: shutdown FollowerState
2019-10-18 00:28:16,805 [Thread-1076] INFO  impl.RaftServerImpl (RaftServerImpl.java:setRole(184)) - 27e27663-33d5-44e8-9c0f-eb0e3c2aee11@group-0E05BCBC6A81: changes role from  FOLLOWER to CANDIDATE at term 54 for changeToCandidate
2019-10-18 00:28:16,805 [Thread-1076] INFO  impl.RoleInfo (RoleInfo.java:updateAndGet(143)) - 27e27663-33d5-44e8-9c0f-eb0e3c2aee11: start LeaderElection
2019-10-18 00:28:16,805 [Thread-1075] INFO  impl.FollowerState (FollowerState.java:run(108)) - 1c196293-af28-4849-9284-4cc1dd56b0a0@group-D617FFE7CF0E-FollowerState: change to CANDIDATE, lastRpcTime:134ms, electionTimeout:134ms
2019-10-18 00:28:16,806 [Thread-1075] INFO  impl.RoleInfo (RoleInfo.java:shutdownFollowerState(121)) - 1c196293-af28-4849-9284-4cc1dd56b0a0: shutdown FollowerState
2019-10-18 00:28:16,806 [Thread-1075] INFO  impl.RaftServerImpl (RaftServerImpl.java:setRole(184)) - 1c196293-af28-4849-9284-4cc1dd56b0a0@group-D617FFE7CF0E: changes role from  FOLLOWER to CANDIDATE at term 24 for changeToCandidate
2019-10-18 00:28:16,806 [Thread-1075] INFO  impl.RoleInfo (RoleInfo.java:updateAndGet(143)) - 1c196293-af28-4849-9284-4cc1dd56b0a0: start LeaderElection
2019-10-18 00:28:16,829 [1c196293-af28-4849-9284-4cc1dd56b0a0@group-D617FFE7CF0E-LeaderElection77] INFO  impl.LeaderElection (LeaderElection.java:askForVotes(178)) - 1c196293-af28-4849-9284-4cc1dd56b0a0@group-D617FFE7CF0E-LeaderElection77: begin an election at term 25 for -1: [efdea5f7-0978-4608-8df8-907f93177c26:192.168.164.253:40628, 27e27663-33d5-44e8-9c0f-eb0e3c2aee11:192.168.164.253:35650, 1c196293-af28-4849-9284-4cc1dd56b0a0:192.168.164.253:43223], old=null
2019-10-18 00:28:16,829 [27e27663-33d5-44e8-9c0f-eb0e3c2aee11@group-0E05BCBC6A81-LeaderElection76] INFO  impl.LeaderElection (LeaderElection.java:askForVotes(178)) - 27e27663-33d5-44e8-9c0f-eb0e3c2aee11@group-0E05BCBC6A81-LeaderElection76: begin an election at term 55 for 0: [efdea5f7-0978-4608-8df8-907f93177c26:192.168.164.253:40628, 27e27663-33d5-44e8-9c0f-eb0e3c2aee11:192.168.164.253:35650, 1c196293-af28-4849-9284-4cc1dd56b0a0:192.168.164.253:43223], old=null
2019-10-18 00:28:16,832 [grpc-default-executor-4] INFO  impl.RaftServerImpl (RaftServerImpl.java:setRole(184)) - 1c196293-af28-4849-9284-4cc1dd56b0a0@group-0E05BCBC6A81: changes role from  FOLLOWER to FOLLOWER at term 55 for recognizeCandidate:27e27663-33d5-44e8-9c0f-eb0e3c2aee11
2019-10-18 00:28:16,832 [grpc-default-executor-4] INFO  impl.RoleInfo (RoleInfo.java:shutdownFollowerState(121)) - 1c196293-af28-4849-9284-4cc1dd56b0a0: shutdown FollowerState
2019-10-18 00:28:16,832 [grpc-default-executor-0] INFO  impl.RaftServerImpl (RaftServerImpl.java:setRole(184)) - efdea5f7-0978-4608-8df8-907f93177c26@group-0E05BCBC6A81: changes role from  FOLLOWER to FOLLOWER at term 55 for recognizeCandidate:27e27663-33d5-44e8-9c0f-eb0e3c2aee11
2019-10-18 00:28:16,832 [Thread-1073] INFO  impl.FollowerState (FollowerState.java:run(117)) - 1c196293-af28-4849-9284-4cc1dd56b0a0@group-0E05BCBC6A81-FollowerState was interrupted: java.lang.InterruptedException: sleep interrupted
2019-10-18 00:28:16,832 [grpc-default-executor-4] INFO  impl.RoleInfo (RoleInfo.java:updateAndGet(143)) - 1c196293-af28-4849-9284-4cc1dd56b0a0: start FollowerState
2019-10-18 00:28:16,832 [grpc-default-executor-5] INFO  impl.RaftServerImpl (RaftServerImpl.java:setRole(184)) - efdea5f7-0978-4608-8df8-907f93177c26@group-D617FFE7CF0E: changes role from  FOLLOWER to FOLLOWER at term 25 for recognizeCandidate:1c196293-af28-4849-9284-4cc1dd56b0a0
2019-10-18 00:28:16,832 [grpc-default-executor-6] INFO  impl.RaftServerImpl (RaftServerImpl.java:setRole(184)) - 27e27663-33d5-44e8-9c0f-eb0e3c2aee11@group-D617FFE7CF0E: changes role from  FOLLOWER to FOLLOWER at term 25 for recognizeCandidate:1c196293-af28-4849-9284-4cc1dd56b0a0
2019-10-18 00:28:16,833 [grpc-default-executor-5] INFO  impl.RoleInfo (RoleInfo.java:shutdownFollowerState(121)) - efdea5f7-0978-4608-8df8-907f93177c26: shutdown FollowerState
2019-10-18 00:28:16,832 [grpc-default-executor-0] INFO  impl.RoleInfo (RoleInfo.java:shutdownFollowerState(121)) - efdea5f7-0978-4608-8df8-907f93177c26: shutdown FollowerState
2019-10-18 00:28:16,833 [grpc-default-executor-5] INFO  impl.RoleInfo (RoleInfo.java:updateAndGet(143)) - efdea5f7-0978-4608-8df8-907f93177c26: start FollowerState
2019-10-18 00:28:16,833 [Thread-1069] INFO  impl.FollowerState (FollowerState.java:run(117)) - efdea5f7-0978-4608-8df8-907f93177c26@group-D617FFE7CF0E-FollowerState was interrupted: java.lang.InterruptedException: sleep interrupted
2019-10-18 00:28:16,833 [grpc-default-executor-6] INFO  impl.RoleInfo (RoleInfo.java:shutdownFollowerState(121)) - 27e27663-33d5-44e8-9c0f-eb0e3c2aee11: shutdown FollowerState
2019-10-18 00:28:16,833 [Thread-1074] INFO  impl.FollowerState (FollowerState.java:run(117)) - efdea5f7-0978-4608-8df8-907f93177c26@group-0E05BCBC6A81-FollowerState was interrupted: java.lang.InterruptedException: sleep interrupted
2019-10-18 00:28:16,833 [grpc-default-executor-0] INFO  impl.RoleInfo (RoleInfo.java:updateAndGet(143)) - efdea5f7-0978-4608-8df8-907f93177c26: start FollowerState
2019-10-18 00:28:16,834 [Thread-1070] INFO  impl.FollowerState (FollowerState.java:run(117)) - 27e27663-33d5-44e8-9c0f-eb0e3c2aee11@group-D617FFE7CF0E-FollowerState was interrupted: java.lang.InterruptedException: sleep interrupted
2019-10-18 00:28:16,834 [grpc-default-executor-6] INFO  impl.RoleInfo (RoleInfo.java:updateAndGet(143)) - 27e27663-33d5-44e8-9c0f-eb0e3c2aee11: start FollowerState
2019-10-18 00:28:16,855 [27e27663-33d5-44e8-9c0f-eb0e3c2aee11@group-0E05BCBC6A81-LeaderElection76] INFO  impl.LeaderElection (LeaderElection.java:logAndReturn(56)) - 27e27663-33d5-44e8-9c0f-eb0e3c2aee11@group-0E05BCBC6A81-LeaderElection76: Election REJECTED; received 2 response(s) [27e27663-33d5-44e8-9c0f-eb0e3c2aee11<-efdea5f7-0978-4608-8df8-907f93177c26#0:FAIL-t55, 27e27663-33d5-44e8-9c0f-eb0e3c2aee11<-1c196293-af28-4849-9284-4cc1dd56b0a0#0:FAIL-t55] and 0 exception(s); 27e27663-33d5-44e8-9c0f-eb0e3c2aee11@group-0E05BCBC6A81:t55, leader=null, voted=27e27663-33d5-44e8-9c0f-eb0e3c2aee11, raftlog=27e27663-33d5-44e8-9c0f-eb0e3c2aee11@group-0E05BCBC6A81-SegmentedRaftLog:OPENED:c3,f4,i4, conf=0: [efdea5f7-0978-4608-8df8-907f93177c26:192.168.164.253:40628, 27e27663-33d5-44e8-9c0f-eb0e3c2aee11:192.168.164.253:35650, 1c196293-af28-4849-9284-4cc1dd56b0a0:192.168.164.253:43223], old=null
2019-10-18 00:28:16,856 [27e27663-33d5-44e8-9c0f-eb0e3c2aee11@group-0E05BCBC6A81-LeaderElection76] INFO  impl.RaftServerImpl (RaftServerImpl.java:setRole(184)) - 27e27663-33d5-44e8-9c0f-eb0e3c2aee11@group-0E05BCBC6A81: changes role from CANDIDATE to FOLLOWER at term 55 for DISCOVERED_A_NEW_TERM
2019-10-18 00:28:16,856 [27e27663-33d5-44e8-9c0f-eb0e3c2aee11@group-0E05BCBC6A81-LeaderElection76] INFO  impl.RoleInfo (RoleInfo.java:shutdownLeaderElection(134)) - 27e27663-33d5-44e8-9c0f-eb0e3c2aee11: shutdown LeaderElection
2019-10-18 00:28:16,856 [27e27663-33d5-44e8-9c0f-eb0e3c2aee11@group-0E05BCBC6A81-LeaderElection76] INFO  impl.RoleInfo (RoleInfo.java:updateAndGet(143)) - 27e27663-33d5-44e8-9c0f-eb0e3c2aee11: start FollowerState
2019-10-18 00:28:16,856 [1c196293-af28-4849-9284-4cc1dd56b0a0@group-D617FFE7CF0E-LeaderElection77] INFO  impl.LeaderElection (LeaderElection.java:logAndReturn(56)) - 1c196293-af28-4849-9284-4cc1dd56b0a0@group-D617FFE7CF0E-LeaderElection77: Election REJECTED; received 2 response(s) [1c196293-af28-4849-9284-4cc1dd56b0a0<-efdea5f7-0978-4608-8df8-907f93177c26#0:FAIL-t25, 1c196293-af28-4849-9284-4cc1dd56b0a0<-27e27663-33d5-44e8-9c0f-eb0e3c2aee11#0:FAIL-t25] and 0 exception(s); 1c196293-af28-4849-9284-4cc1dd56b0a0@group-D617FFE7CF0E:t25, leader=null, voted=1c196293-af28-4849-9284-4cc1dd56b0a0, raftlog=1c196293-af28-4849-9284-4cc1dd56b0a0@group-D617FFE7CF0E-SegmentedRaftLog:OPENED:c-1,f-1,i0, conf=-1: [efdea5f7-0978-4608-8df8-907f93177c26:192.168.164.253:40628, 27e27663-33d5-44e8-9c0f-eb0e3c2aee11:192.168.164.253:35650, 1c196293-af28-4849-9284-4cc1dd56b0a0:192.168.164.253:43223], old=null
2019-10-18 00:28:16,856 [1c196293-af28-4849-9284-4cc1dd56b0a0@group-D617FFE7CF0E-LeaderElection77] INFO  impl.RaftServerImpl (RaftServerImpl.java:setRole(184)) - 1c196293-af28-4849-9284-4cc1dd56b0a0@group-D617FFE7CF0E: changes role from CANDIDATE to FOLLOWER at term 25 for DISCOVERED_A_NEW_TERM
2019-10-18 00:28:16,856 [1c196293-af28-4849-9284-4cc1dd56b0a0@group-D617FFE7CF0E-LeaderElection77] INFO  impl.RoleInfo (RoleInfo.java:shutdownLeaderElection(134)) - 1c196293-af28-4849-9284-4cc1dd56b0a0: shutdown LeaderElection
2019-10-18 00:28:16,857 [1c196293-af28-4849-9284-4cc1dd56b0a0@group-D617FFE7CF0E-LeaderElection77] INFO  impl.RoleInfo (RoleInfo.java:updateAndGet(143)) - 1c196293-af28-4849-9284-4cc1dd56b0a0: start FollowerState
2019-10-18 00:28:17,009 [Thread-1088] INFO  impl.FollowerState (FollowerState.java:run(108)) - 27e27663-33d5-44e8-9c0f-eb0e3c2aee11@group-0E05BCBC6A81-FollowerState: change to CANDIDATE, lastRpcTime:153ms, electionTimeout:153ms
2019-10-18 00:28:17,009 [Thread-1088] INFO  impl.RoleInfo (RoleInfo.java:shutdownFollowerState(121)) - 27e27663-33d5-44e8-9c0f-eb0e3c2aee11: shutdown FollowerState
2019-10-18 00:28:17,010 [Thread-1088] INFO  impl.RaftServerImpl (RaftServerImpl.java:setRole(184)) - 27e27663-33d5-44e8-9c0f-eb0e3c2aee11@group-0E05BCBC6A81: changes role from  FOLLOWER to CANDIDATE at term 55 for changeToCandidate
2019-10-18 00:28:17,010 [Thread-1088] INFO  impl.RoleInfo (RoleInfo.java:updateAndGet(143)) - 27e27663-33d5-44e8-9c0f-eb0e3c2aee11: start LeaderElection
2019-10-18 00:28:17,012 [Thread-1089] INFO  impl.FollowerState (FollowerState.java:run(108)) - 1c196293-af28-4849-9284-4cc1dd56b0a0@group-D617FFE7CF0E-FollowerState: change to CANDIDATE, lastRpcTime:155ms, electionTimeout:155ms
2019-10-18 00:28:17,012 [Thread-1089] INFO  impl.RoleInfo (RoleInfo.java:shutdownFollowerState(121)) - 1c196293-af28-4849-9284-4cc1dd56b0a0: shutdown FollowerState
2019-10-18 00:28:17,012 [Thread-1089] INFO  impl.RaftServerImpl (RaftServerImpl.java:setRole(184)) - 1c196293-af28-4849-9284-4cc1dd56b0a0@group-D617FFE7CF0E: changes role from  FOLLOWER to CANDIDATE at term 25 for changeToCandidate
2019-10-18 00:28:17,012 [Thread-1089] INFO  impl.RoleInfo (RoleInfo.java:updateAndGet(143)) - 1c196293-af28-4849-9284-4cc1dd56b0a0: start LeaderElection
2019-10-18 00:28:17,038 [27e27663-33d5-44e8-9c0f-eb0e3c2aee11@group-0E05BCBC6A81-LeaderElection78] INFO  impl.LeaderElection (LeaderElection.java:askForVotes(178)) - 27e27663-33d5-44e8-9c0f-eb0e3c2aee11@group-0E05BCBC6A81-LeaderElection78: begin an election at term 56 for 0: [efdea5f7-0978-4608-8df8-907f93177c26:192.168.164.253:40628, 27e27663-33d5-44e8-9c0f-eb0e3c2aee11:192.168.164.253:35650, 1c196293-af28-4849-9284-4cc1dd56b0a0:192.168.164.253:43223], old=null
2019-10-18 00:28:17,038 [1c196293-af28-4849-9284-4cc1dd56b0a0@group-D617FFE7CF0E-LeaderElection79] INFO  impl.LeaderElection (LeaderElection.java:askForVotes(178)) - 1c196293-af28-4849-9284-4cc1dd56b0a0@group-D617FFE7CF0E-LeaderElection79: begin an election at term 26 for -1: [efdea5f7-0978-4608-8df8-907f93177c26:192.168.164.253:40628, 27e27663-33d5-44e8-9c0f-eb0e3c2aee11:192.168.164.253:35650, 1c196293-af28-4849-9284-4cc1dd56b0a0:192.168.164.253:43223], old=null
2019-10-18 00:28:17,042 [grpc-default-executor-6] INFO  impl.RaftServerImpl (RaftServerImpl.java:setRole(184)) - 27e27663-33d5-44e8-9c0f-eb0e3c2aee11@group-D617FFE7CF0E: changes role from  FOLLOWER to FOLLOWER at term 26 for recognizeCandidate:1c196293-af28-4849-9284-4cc1dd56b0a0
2019-10-18 00:28:17,042 [grpc-default-executor-4] INFO  impl.RaftServerImpl (RaftServerImpl.java:setRole(184)) - efdea5f7-0978-4608-8df8-907f93177c26@group-D617FFE7CF0E: changes role from  FOLLOWER to FOLLOWER at term 26 for recognizeCandidate:1c196293-af28-4849-9284-4cc1dd56b0a0
2019-10-18 00:28:17,042 [grpc-default-executor-5] INFO  impl.RaftServerImpl (RaftServerImpl.java:setRole(184)) - efdea5f7-0978-4608-8df8-907f93177c26@group-0E05BCBC6A81: changes role from  FOLLOWER to FOLLOWER at term 56 for recognizeCandidate:27e27663-33d5-44e8-9c0f-eb0e3c2aee11
2019-10-18 00:28:17,042 [grpc-default-executor-4] INFO  impl.RoleInfo (RoleInfo.java:shutdownFollowerState(121)) - efdea5f7-0978-4608-8df8-907f93177c26: shutdown FollowerState
2019-10-18 00:28:17,042 [grpc-default-executor-0] INFO  impl.RaftServerImpl (RaftServerImpl.java:setRole(184)) - 1c196293-af28-4849-9284-4cc1dd56b0a0@group-0E05BCBC6A81: changes role from  FOLLOWER to FOLLOWER at term 56 for recognizeCandidate:27e27663-33d5-44e8-9c0f-eb0e3c2aee11
2019-10-18 00:28:17,042 [grpc-default-executor-6] INFO  impl.RoleInfo (RoleInfo.java:shutdownFollowerState(121)) - 27e27663-33d5-44e8-9c0f-eb0e3c2aee11: shutdown FollowerState
2019-10-18 00:28:17,043 [grpc-default-executor-0] INFO  impl.RoleInfo (RoleInfo.java:shutdownFollowerState(121)) - 1c196293-af28-4849-9284-4cc1dd56b0a0: shutdown FollowerState
2019-10-18 00:28:17,043 [Thread-1084] INFO  impl.FollowerState (FollowerState.java:run(117)) - efdea5f7-0978-4608-8df8-907f93177c26@group-D617FFE7CF0E-FollowerState was interrupted: java.lang.InterruptedException: sleep interrupted
2019-10-18 00:28:17,043 [grpc-default-executor-0] INFO  impl.RoleInfo (RoleInfo.java:updateAndGet(143)) - 1c196293-af28-4849-9284-4cc1dd56b0a0: start FollowerState
2019-10-18 00:28:17,043 [grpc-default-executor-4] INFO  impl.RoleInfo (RoleInfo.java:updateAndGet(143)) - efdea5f7-0978-4608-8df8-907f93177c26: start FollowerState
2019-10-18 00:28:17,042 [grpc-default-executor-5] INFO  impl.RoleInfo (RoleInfo.java:shutdownFollowerState(121)) - efdea5f7-0978-4608-8df8-907f93177c26: shutdown FollowerState
2019-10-18 00:28:17,043 [Thread-1083] INFO  impl.FollowerState (FollowerState.java:run(117)) - 1c196293-af28-4849-9284-4cc1dd56b0a0@group-0E05BCBC6A81-FollowerState was interrupted: java.lang.InterruptedException: sleep interrupted
2019-10-18 00:28:17,043 [Thread-1086] INFO  impl.FollowerState (FollowerState.java:run(117)) - 27e27663-33d5-44e8-9c0f-eb0e3c2aee11@group-D617FFE7CF0E-FollowerState was interrupted: java.lang.InterruptedException: sleep interrupted
2019-10-18 00:28:17,043 [grpc-default-executor-6] INFO  impl.RoleInfo (RoleInfo.java:updateAndGet(143)) - 27e27663-33d5-44e8-9c0f-eb0e3c2aee11: start FollowerState
2019-10-18 00:28:17,044 [grpc-default-executor-5] INFO  impl.RoleInfo (RoleInfo.java:updateAndGet(143)) - efdea5f7-0978-4608-8df8-907f93177c26: start FollowerState
2019-10-18 00:28:17,044 [Thread-1085] INFO  impl.FollowerState (FollowerState.java:run(117)) - efdea5f7-0978-4608-8df8-907f93177c26@group-0E05BCBC6A81-FollowerState was interrupted: java.lang.InterruptedException: sleep interrupted
2019-10-18 00:28:17,076 [27e27663-33d5-44e8-9c0f-eb0e3c2aee11@group-0E05BCBC6A81-LeaderElection78] INFO  impl.LeaderElection (LeaderElection.java:logAndReturn(56)) - 27e27663-33d5-44e8-9c0f-eb0e3c2aee11@group-0E05BCBC6A81-LeaderElection78: Election REJECTED; received 2 response(s) [27e27663-33d5-44e8-9c0f-eb0e3c2aee11<-efdea5f7-0978-4608-8df8-907f93177c26#0:FAIL-t56, 27e27663-33d5-44e8-9c0f-eb0e3c2aee11<-1c196293-af28-4849-9284-4cc1dd56b0a0#0:FAIL-t56] and 0 exception(s); 27e27663-33d5-44e8-9c0f-eb0e3c2aee11@group-0E05BCBC6A81:t56, leader=null, voted=27e27663-33d5-44e8-9c0f-eb0e3c2aee11, raftlog=27e27663-33d5-44e8-9c0f-eb0e3c2aee11@group-0E05BCBC6A81-SegmentedRaftLog:OPENED:c3,f4,i4, conf=0: [efdea5f7-0978-4608-8df8-907f93177c26:192.168.164.253:40628, 27e27663-33d5-44e8-9c0f-eb0e3c2aee11:192.168.164.253:35650, 1c196293-af28-4849-9284-4cc1dd56b0a0:192.168.164.253:43223], old=null
2019-10-18 00:28:17,076 [27e27663-33d5-44e8-9c0f-eb0e3c2aee11@group-0E05BCBC6A81-LeaderElection78] INFO  impl.RaftServerImpl (RaftServerImpl.java:setRole(184)) - 27e27663-33d5-44e8-9c0f-eb0e3c2aee11@group-0E05BCBC6A81: changes role from CANDIDATE to FOLLOWER at term 56 for DISCOVERED_A_NEW_TERM
2019-10-18 00:28:17,076 [27e27663-33d5-44e8-9c0f-eb0e3c2aee11@group-0E05BCBC6A81-LeaderElection78] INFO  impl.RoleInfo (RoleInfo.java:shutdownLeaderElection(134)) - 27e27663-33d5-44e8-9c0f-eb0e3c2aee11: shutdown LeaderElection
2019-10-18 00:28:17,076 [1c196293-af28-4849-9284-4cc1dd56b0a0@group-D617FFE7CF0E-LeaderElection79] INFO  impl.LeaderElection (LeaderElection.java:logAndReturn(56)) - 1c196293-af28-4849-9284-4cc1dd56b0a0@group-D617FFE7CF0E-LeaderElection79: Election REJECTED; received 2 response(s) [1c196293-af28-4849-9284-4cc1dd56b0a0<-efdea5f7-0978-4608-8df8-907f93177c26#0:FAIL-t26, 1c196293-af28-4849-9284-4cc1dd56b0a0<-27e27663-33d5-44e8-9c0f-eb0e3c2aee11#0:FAIL-t26] and 0 exception(s); 1c196293-af28-4849-9284-4cc1dd56b0a0@group-D617FFE7CF0E:t26, leader=null, voted=1c196293-af28-4849-9284-4cc1dd56b0a0, raftlog=1c196293-af28-4849-9284-4cc1dd56b0a0@group-D617FFE7CF0E-SegmentedRaftLog:OPENED:c-1,f-1,i0, conf=-1: [efdea5f7-0978-4608-8df8-907f93177c26:192.168.164.253:40628, 27e27663-33d5-44e8-9c0f-eb0e3c2aee11:192.168.164.253:35650, 1c196293-af28-4849-9284-4cc1dd56b0a0:192.168.164.253:43223], old=null
2019-10-18 00:28:17,077 [27e27663-33d5-44e8-9c0f-eb0e3c2aee11@group-0E05BCBC6A81-LeaderElection78] INFO  impl.RoleInfo (RoleInfo.java:updateAndGet(143)) - 27e27663-33d5-44e8-9c0f-eb0e3c2aee11: start FollowerState
2019-10-18 00:28:17,077 [1c196293-af28-4849-9284-4cc1dd56b0a0@group-D617FFE7CF0E-LeaderElection79] INFO  impl.RaftServerImpl (RaftServerImpl.java:setRole(184)) - 1c196293-af28-4849-9284-4cc1dd56b0a0@group-D617FFE7CF0E: changes role from CANDIDATE to FOLLOWER at term 26 for DISCOVERED_A_NEW_TERM
2019-10-18 00:28:17,077 [1c196293-af28-4849-9284-4cc1dd56b0a0@group-D617FFE7CF0E-LeaderElection79] INFO  impl.RoleInfo (RoleInfo.java:shutdownLeaderElection(134)) - 1c196293-af28-4849-9284-4cc1dd56b0a0: shutdown LeaderElection
2019-10-18 00:28:17,077 [1c196293-af28-4849-9284-4cc1dd56b0a0@group-D617FFE7CF0E-LeaderElection79] INFO  impl.RoleInfo (RoleInfo.java:updateAndGet(143)) - 1c196293-af28-4849-9284-4cc1dd56b0a0: start FollowerState
2019-10-18 00:28:17,079 [Thread-1103] INFO  client.GrpcClientProtocolService (GrpcClientProtocolService.java:lambda$processClientRequest$0(278)) - Failed RaftClientRequest:client-4C7A307276C4->1c196293-af28-4849-9284-4cc1dd56b0a0@group-0E05BCBC6A81, cid=10, seq=0, Watch-ALL_COMMITTED(6), Message:<EMPTY>, reply=RaftClientReply:client-4C7A307276C4->1c196293-af28-4849-9284-4cc1dd56b0a0@group-0E05BCBC6A81, cid=10, FAILED org.apache.ratis.protocol.NotLeaderException: Server 1c196293-af28-4849-9284-4cc1dd56b0a0@group-0E05BCBC6A81 is not the leader, logIndex=0, commits[1c196293-af28-4849-9284-4cc1dd56b0a0:c10, efdea5f7-0978-4608-8df8-907f93177c26:c10, 27e27663-33d5-44e8-9c0f-eb0e3c2aee11:c4]
2019-10-18 00:28:17,102 [Thread-1101] INFO  impl.FollowerState (FollowerState.java:run(108)) - 27e27663-33d5-44e8-9c0f-eb0e3c2aee11@group-0E05BCBC6A81-FollowerState: change to CANDIDATE, lastRpcTime:25ms, electionTimeout:25ms
2019-10-18 00:28:17,102 [Thread-1101] INFO  impl.RoleInfo (RoleInfo.java:shutdownFollowerState(121)) - 27e27663-33d5-44e8-9c0f-eb0e3c2aee11: shutdown FollowerState
2019-10-18 00:28:17,103 [Thread-1101] INFO  impl.RaftServerImpl (RaftServerImpl.java:setRole(184)) - 27e27663-33d5-44e8-9c0f-eb0e3c2aee11@group-0E05BCBC6A81: changes role from  FOLLOWER to CANDIDATE at term 56 for changeToCandidate
2019-10-18 00:28:17,103 [Thread-1101] INFO  impl.RoleInfo (RoleInfo.java:updateAndGet(143)) - 27e27663-33d5-44e8-9c0f-eb0e3c2aee11: start LeaderElection
2019-10-18 00:28:17,131 [27e27663-33d5-44e8-9c0f-eb0e3c2aee11@group-0E05BCBC6A81-LeaderElection80] INFO  impl.LeaderElection (LeaderElection.java:askForVotes(178)) - 27e27663-33d5-44e8-9c0f-eb0e3c2aee11@group-0E05BCBC6A81-LeaderElection80: begin an election at term 57 for 0: [efdea5f7-0978-4608-8df8-907f93177c26:192.168.164.253:40628, 27e27663-33d5-44e8-9c0f-eb0e3c2aee11:192.168.164.253:35650, 1c196293-af28-4849-9284-4cc1dd56b0a0:192.168.164.253:43223], old=null
2019-10-18 00:28:17,133 [grpc-default-executor-4] INFO  impl.RaftServerImpl (RaftServerImpl.java:setRole(184)) - 1c196293-af28-4849-9284-4cc1dd56b0a0@group-0E05BCBC6A81: changes role from  FOLLOWER to FOLLOWER at term 57 for recognizeCandidate:27e27663-33d5-44e8-9c0f-eb0e3c2aee11
2019-10-18 00:28:17,133 [grpc-default-executor-0] INFO  impl.RaftServerImpl (RaftServerImpl.java:setRole(184)) - efdea5f7-0978-4608-8df8-907f93177c26@group-0E05BCBC6A81: changes role from  FOLLOWER to FOLLOWER at term 57 for recognizeCandidate:27e27663-33d5-44e8-9c0f-eb0e3c2aee11
2019-10-18 00:28:17,133 [grpc-default-executor-4] INFO  impl.RoleInfo (RoleInfo.java:shutdownFollowerState(121)) - 1c196293-af28-4849-9284-4cc1dd56b0a0: shutdown FollowerState
2019-10-18 00:28:17,134 [grpc-default-executor-0] INFO  impl.RoleInfo (RoleInfo.java:shutdownFollowerState(121)) - efdea5f7-0978-4608-8df8-907f93177c26: shutdown FollowerState
2019-10-18 00:28:17,134 [Thread-1098] INFO  impl.FollowerState (FollowerState.java:run(117)) - 1c196293-af28-4849-9284-4cc1dd56b0a0@group-0E05BCBC6A81-FollowerState was interrupted: java.lang.InterruptedException: sleep interrupted
2019-10-18 00:28:17,134 [grpc-default-executor-0] INFO  impl.RoleInfo (RoleInfo.java:updateAndGet(143)) - efdea5f7-0978-4608-8df8-907f93177c26: start FollowerState
2019-10-18 00:28:17,134 [grpc-default-executor-4] INFO  impl.RoleInfo (RoleInfo.java:updateAndGet(143)) - 1c196293-af28-4849-9284-4cc1dd56b0a0: start FollowerState
2019-10-18 00:28:17,134 [Thread-1099] INFO  impl.FollowerState (FollowerState.java:run(117)) - efdea5f7-0978-4608-8df8-907f93177c26@group-0E05BCBC6A81-FollowerState was interrupted: java.lang.InterruptedException: sleep interrupted
2019-10-18 00:28:17,149 [BlockDeletingService#2] WARN  background.BlockDeletingService (BlockDeletingService.java:isDeletionAllowed(187)) - Close Container log Index 6 is not replicated across allthe servers in the pipeline 75404b60-6d3b-4b77-b495-0e05bcbc6a81 as the min replicated index is 4. Deletion is not allowed in this container yet.
2019-10-18 00:28:17,149 [BlockDeletingService#2] WARN  background.BlockDeletingService (BlockDeletingService.java:isDeletionAllowed(187)) - Close Container log Index 6 is not replicated across allthe servers in the pipeline 75404b60-6d3b-4b77-b495-0e05bcbc6a81 as the min replicated index is 4. Deletion is not allowed in this container yet.
2019-10-18 00:28:17,157 [27e27663-33d5-44e8-9c0f-eb0e3c2aee11@group-0E05BCBC6A81-LeaderElection80] INFO  impl.LeaderElection (LeaderElection.java:logAndReturn(56)) - 27e27663-33d5-44e8-9c0f-eb0e3c2aee11@group-0E05BCBC6A81-LeaderElection80: Election REJECTED; received 2 response(s) [27e27663-33d5-44e8-9c0f-eb0e3c2aee11<-efdea5f7-0978-4608-8df8-907f93177c26#0:FAIL-t57, 27e27663-33d5-44e8-9c0f-eb0e3c2aee11<-1c196293-af28-4849-9284-4cc1dd56b0a0#0:FAIL-t57] and 0 exception(s); 27e27663-33d5-44e8-9c0f-eb0e3c2aee11@group-0E05BCBC6A81:t57, leader=null, voted=27e27663-33d5-44e8-9c0f-eb0e3c2aee11, raftlog=27e27663-33d5-44e8-9c0f-eb0e3c2aee11@group-0E05BCBC6A81-SegmentedRaftLog:OPENED:c3,f4,i4, conf=0: [efdea5f7-0978-4608-8df8-907f93177c26:192.168.164.253:40628, 27e27663-33d5-44e8-9c0f-eb0e3c2aee11:192.168.164.253:35650, 1c196293-af28-4849-9284-4cc1dd56b0a0:192.168.164.253:43223], old=null
2019-10-18 00:28:17,158 [27e27663-33d5-44e8-9c0f-eb0e3c2aee11@group-0E05BCBC6A81-LeaderElection80] INFO  impl.RaftServerImpl (RaftServerImpl.java:setRole(184)) - 27e27663-33d5-44e8-9c0f-eb0e3c2aee11@group-0E05BCBC6A81: changes role from CANDIDATE to FOLLOWER at term 57 for DISCOVERED_A_NEW_TERM
2019-10-18 00:28:17,158 [27e27663-33d5-44e8-9c0f-eb0e3c2aee11@group-0E05BCBC6A81-LeaderElection80] INFO  impl.RoleInfo (RoleInfo.java:shutdownLeaderElection(134)) - 27e27663-33d5-44e8-9c0f-eb0e3c2aee11: shutdown LeaderElection
2019-10-18 00:28:17,158 [27e27663-33d5-44e8-9c0f-eb0e3c2aee11@group-0E05BCBC6A81-LeaderElection80] INFO  impl.RoleInfo (RoleInfo.java:updateAndGet(143)) - 27e27663-33d5-44e8-9c0f-eb0e3c2aee11: start FollowerState
2019-10-18 00:28:17,203 [Thread-1102] INFO  impl.FollowerState (FollowerState.java:run(108)) - 1c196293-af28-4849-9284-4cc1dd56b0a0@group-D617FFE7CF0E-FollowerState: change to CANDIDATE, lastRpcTime:125ms, electionTimeout:125ms
2019-10-18 00:28:17,203 [Thread-1102] INFO  impl.RoleInfo (RoleInfo.java:shutdownFollowerState(121)) - 1c196293-af28-4849-9284-4cc1dd56b0a0: shutdown FollowerState
2019-10-18 00:28:17,203 [Thread-1102] INFO  impl.RaftServerImpl (RaftServerImpl.java:setRole(184)) - 1c196293-af28-4849-9284-4cc1dd56b0a0@group-D617FFE7CF0E: changes role from  FOLLOWER to CANDIDATE at term 26 for changeToCandidate
2019-10-18 00:28:17,203 [Thread-1102] INFO  impl.RoleInfo (RoleInfo.java:updateAndGet(143)) - 1c196293-af28-4849-9284-4cc1dd56b0a0: start LeaderElection
2019-10-18 00:28:17,217 [Thread-1112] INFO  impl.FollowerState (FollowerState.java:run(108)) - 27e27663-33d5-44e8-9c0f-eb0e3c2aee11@group-0E05BCBC6A81-FollowerState: change to CANDIDATE, lastRpcTime:59ms, electionTimeout:59ms
2019-10-18 00:28:17,217 [Thread-1112] INFO  impl.RoleInfo (RoleInfo.java:shutdownFollowerState(121)) - 27e27663-33d5-44e8-9c0f-eb0e3c2aee11: shutdown FollowerState
2019-10-18 00:28:17,217 [Thread-1112] INFO  impl.RaftServerImpl (RaftServerImpl.java:setRole(184)) - 27e27663-33d5-44e8-9c0f-eb0e3c2aee11@group-0E05BCBC6A81: changes role from  FOLLOWER to CANDIDATE at term 57 for changeToCandidate
2019-10-18 00:28:17,218 [Thread-1112] INFO  impl.RoleInfo (RoleInfo.java:updateAndGet(143)) - 27e27663-33d5-44e8-9c0f-eb0e3c2aee11: start LeaderElection
2019-10-18 00:28:17,232 [1c196293-af28-4849-9284-4cc1dd56b0a0@group-D617FFE7CF0E-LeaderElection81] INFO  impl.LeaderElection (LeaderElection.java:askForVotes(178)) - 1c196293-af28-4849-9284-4cc1dd56b0a0@group-D617FFE7CF0E-LeaderElection81: begin an election at term 27 for -1: [efdea5f7-0978-4608-8df8-907f93177c26:192.168.164.253:40628, 27e27663-33d5-44e8-9c0f-eb0e3c2aee11:192.168.164.253:35650, 1c196293-af28-4849-9284-4cc1dd56b0a0:192.168.164.253:43223], old=null
2019-10-18 00:28:17,234 [grpc-default-executor-0] INFO  impl.RaftServerImpl (RaftServerImpl.java:setRole(184)) - 27e27663-33d5-44e8-9c0f-eb0e3c2aee11@group-D617FFE7CF0E: changes role from  FOLLOWER to FOLLOWER at term 27 for recognizeCandidate:1c196293-af28-4849-9284-4cc1dd56b0a0
2019-10-18 00:28:17,234 [grpc-default-executor-4] INFO  impl.RaftServerImpl (RaftServerImpl.java:setRole(184)) - efdea5f7-0978-4608-8df8-907f93177c26@group-D617FFE7CF0E: changes role from  FOLLOWER to FOLLOWER at term 27 for recognizeCandidate:1c196293-af28-4849-9284-4cc1dd56b0a0
2019-10-18 00:28:17,234 [grpc-default-executor-0] INFO  impl.RoleInfo (RoleInfo.java:shutdownFollowerState(121)) - 27e27663-33d5-44e8-9c0f-eb0e3c2aee11: shutdown FollowerState
2019-10-18 00:28:17,235 [grpc-default-executor-4] INFO  impl.RoleInfo (RoleInfo.java:shutdownFollowerState(121)) - efdea5f7-0978-4608-8df8-907f93177c26: shutdown FollowerState
2019-10-18 00:28:17,235 [Thread-1097] INFO  impl.FollowerState (FollowerState.java:run(117)) - 27e27663-33d5-44e8-9c0f-eb0e3c2aee11@group-D617FFE7CF0E-FollowerState was interrupted: java.lang.InterruptedException: sleep interrupted
2019-10-18 00:28:17,235 [grpc-default-executor-0] INFO  impl.RoleInfo (RoleInfo.java:updateAndGet(143)) - 27e27663-33d5-44e8-9c0f-eb0e3c2aee11: start FollowerState
2019-10-18 00:28:17,235 [grpc-default-executor-4] INFO  impl.RoleInfo (RoleInfo.java:updateAndGet(143)) - efdea5f7-0978-4608-8df8-907f93177c26: start FollowerState
2019-10-18 00:28:17,235 [Thread-1096] INFO  impl.FollowerState (FollowerState.java:run(117)) - efdea5f7-0978-4608-8df8-907f93177c26@group-D617FFE7CF0E-FollowerState was interrupted: java.lang.InterruptedException: sleep interrupted
2019-10-18 00:28:17,249 [27e27663-33d5-44e8-9c0f-eb0e3c2aee11@group-0E05BCBC6A81-LeaderElection82] INFO  impl.LeaderElection (LeaderElection.java:askForVotes(178)) - 27e27663-33d5-44e8-9c0f-eb0e3c2aee11@group-0E05BCBC6A81-LeaderElection82: begin an election at term 58 for 0: [efdea5f7-0978-4608-8df8-907f93177c26:192.168.164.253:40628, 27e27663-33d5-44e8-9c0f-eb0e3c2aee11:192.168.164.253:35650, 1c196293-af28-4849-9284-4cc1dd56b0a0:192.168.164.253:43223], old=null
2019-10-18 00:28:17,251 [grpc-default-executor-5] INFO  impl.RaftServerImpl (RaftServerImpl.java:setRole(184)) - efdea5f7-0978-4608-8df8-907f93177c26@group-0E05BCBC6A81: changes role from  FOLLOWER to FOLLOWER at term 58 for recognizeCandidate:27e27663-33d5-44e8-9c0f-eb0e3c2aee11
2019-10-18 00:28:17,251 [grpc-default-executor-5] INFO  impl.RoleInfo (RoleInfo.java:shutdownFollowerState(121)) - efdea5f7-0978-4608-8df8-907f93177c26: shutdown FollowerState
2019-10-18 00:28:17,251 [grpc-default-executor-6] INFO  impl.RaftServerImpl (RaftServerImpl.java:setRole(184)) - 1c196293-af28-4849-9284-4cc1dd56b0a0@group-0E05BCBC6A81: changes role from  FOLLOWER to FOLLOWER at term 58 for recognizeCandidate:27e27663-33d5-44e8-9c0f-eb0e3c2aee11
2019-10-18 00:28:17,251 [Thread-1109] INFO  impl.FollowerState (FollowerState.java:run(117)) - efdea5f7-0978-4608-8df8-907f93177c26@group-0E05BCBC6A81-FollowerState was interrupted: java.lang.InterruptedException: sleep interrupted
2019-10-18 00:28:17,251 [grpc-default-executor-5] INFO  impl.RoleInfo (RoleInfo.java:updateAndGet(143)) - efdea5f7-0978-4608-8df8-907f93177c26: start FollowerState
2019-10-18 00:28:17,251 [grpc-default-executor-6] INFO  impl.RoleInfo (RoleInfo.java:shutdownFollowerState(121)) - 1c196293-af28-4849-9284-4cc1dd56b0a0: shutdown FollowerState
2019-10-18 00:28:17,252 [grpc-default-executor-6] INFO  impl.RoleInfo (RoleInfo.java:updateAndGet(143)) - 1c196293-af28-4849-9284-4cc1dd56b0a0: start FollowerState
2019-10-18 00:28:17,252 [Thread-1108] INFO  impl.FollowerState (FollowerState.java:run(117)) - 1c196293-af28-4849-9284-4cc1dd56b0a0@group-0E05BCBC6A81-FollowerState was interrupted: java.lang.InterruptedException: sleep interrupted
2019-10-18 00:28:17,267 [1c196293-af28-4849-9284-4cc1dd56b0a0@group-D617FFE7CF0E-LeaderElection81] INFO  impl.LeaderElection (LeaderElection.java:logAndReturn(56)) - 1c196293-af28-4849-9284-4cc1dd56b0a0@group-D617FFE7CF0E-LeaderElection81: Election REJECTED; received 2 response(s) [1c196293-af28-4849-9284-4cc1dd56b0a0<-efdea5f7-0978-4608-8df8-907f93177c26#0:FAIL-t27, 1c196293-af28-4849-9284-4cc1dd56b0a0<-27e27663-33d5-44e8-9c0f-eb0e3c2aee11#0:FAIL-t27] and 0 exception(s); 1c196293-af28-4849-9284-4cc1dd56b0a0@group-D617FFE7CF0E:t27, leader=null, voted=1c196293-af28-4849-9284-4cc1dd56b0a0, raftlog=1c196293-af28-4849-9284-4cc1dd56b0a0@group-D617FFE7CF0E-SegmentedRaftLog:OPENED:c-1,f-1,i0, conf=-1: [efdea5f7-0978-4608-8df8-907f93177c26:192.168.164.253:40628, 27e27663-33d5-44e8-9c0f-eb0e3c2aee11:192.168.164.253:35650, 1c196293-af28-4849-9284-4cc1dd56b0a0:192.168.164.253:43223], old=null
2019-10-18 00:28:17,267 [1c196293-af28-4849-9284-4cc1dd56b0a0@group-D617FFE7CF0E-LeaderElection81] INFO  impl.RaftServerImpl (RaftServerImpl.java:setRole(184)) - 1c196293-af28-4849-9284-4cc1dd56b0a0@group-D617FFE7CF0E: changes role from CANDIDATE to FOLLOWER at term 27 for DISCOVERED_A_NEW_TERM
2019-10-18 00:28:17,267 [1c196293-af28-4849-9284-4cc1dd56b0a0@group-D617FFE7CF0E-LeaderElection81] INFO  impl.RoleInfo (RoleInfo.java:shutdownLeaderElection(134)) - 1c196293-af28-4849-9284-4cc1dd56b0a0: shutdown LeaderElection
2019-10-18 00:28:17,268 [1c196293-af28-4849-9284-4cc1dd56b0a0@group-D617FFE7CF0E-LeaderElection81] INFO  impl.RoleInfo (RoleInfo.java:updateAndGet(143)) - 1c196293-af28-4849-9284-4cc1dd56b0a0: start FollowerState
2019-10-18 00:28:17,284 [27e27663-33d5-44e8-9c0f-eb0e3c2aee11@group-0E05BCBC6A81-LeaderElection82] INFO  impl.LeaderElection (LeaderElection.java:logAndReturn(56)) - 27e27663-33d5-44e8-9c0f-eb0e3c2aee11@group-0E05BCBC6A81-LeaderElection82: Election REJECTED; received 2 response(s) [27e27663-33d5-44e8-9c0f-eb0e3c2aee11<-efdea5f7-0978-4608-8df8-907f93177c26#0:FAIL-t58, 27e27663-33d5-44e8-9c0f-eb0e3c2aee11<-1c196293-af28-4849-9284-4cc1dd56b0a0#0:FAIL-t58] and 0 exception(s); 27e27663-33d5-44e8-9c0f-eb0e3c2aee11@group-0E05BCBC6A81:t58, leader=null, voted=27e27663-33d5-44e8-9c0f-eb0e3c2aee11, raftlog=27e27663-33d5-44e8-9c0f-eb0e3c2aee11@group-0E05BCBC6A81-SegmentedRaftLog:OPENED:c3,f4,i4, conf=0: [efdea5f7-0978-4608-8df8-907f93177c26:192.168.164.253:40628, 27e27663-33d5-44e8-9c0f-eb0e3c2aee11:192.168.164.253:35650, 1c196293-af28-4849-9284-4cc1dd56b0a0:192.168.164.253:43223], old=null
2019-10-18 00:28:17,284 [27e27663-33d5-44e8-9c0f-eb0e3c2aee11@group-0E05BCBC6A81-LeaderElection82] INFO  impl.RaftServerImpl (RaftServerImpl.java:setRole(184)) - 27e27663-33d5-44e8-9c0f-eb0e3c2aee11@group-0E05BCBC6A81: changes role from CANDIDATE to FOLLOWER at term 58 for DISCOVERED_A_NEW_TERM
2019-10-18 00:28:17,284 [27e27663-33d5-44e8-9c0f-eb0e3c2aee11@group-0E05BCBC6A81-LeaderElection82] INFO  impl.RoleInfo (RoleInfo.java:shutdownLeaderElection(134)) - 27e27663-33d5-44e8-9c0f-eb0e3c2aee11: shutdown LeaderElection
2019-10-18 00:28:17,285 [27e27663-33d5-44e8-9c0f-eb0e3c2aee11@group-0E05BCBC6A81-LeaderElection82] INFO  impl.RoleInfo (RoleInfo.java:updateAndGet(143)) - 27e27663-33d5-44e8-9c0f-eb0e3c2aee11: start FollowerState
2019-10-18 00:28:17,315 [Thread-1123] INFO  impl.FollowerState (FollowerState.java:run(108)) - 1c196293-af28-4849-9284-4cc1dd56b0a0@group-D617FFE7CF0E-FollowerState: change to CANDIDATE, lastRpcTime:47ms, electionTimeout:47ms
2019-10-18 00:28:17,315 [Thread-1123] INFO  impl.RoleInfo (RoleInfo.java:shutdownFollowerState(121)) - 1c196293-af28-4849-9284-4cc1dd56b0a0: shutdown FollowerState
2019-10-18 00:28:17,315 [Thread-1123] INFO  impl.RaftServerImpl (RaftServerImpl.java:setRole(184)) - 1c196293-af28-4849-9284-4cc1dd56b0a0@group-D617FFE7CF0E: changes role from  FOLLOWER to CANDIDATE at term 27 for changeToCandidate
2019-10-18 00:28:17,315 [Thread-1123] INFO  impl.RoleInfo (RoleInfo.java:updateAndGet(143)) - 1c196293-af28-4849-9284-4cc1dd56b0a0: start LeaderElection
2019-10-18 00:28:17,342 [1c196293-af28-4849-9284-4cc1dd56b0a0@group-D617FFE7CF0E-LeaderElection83] INFO  impl.LeaderElection (LeaderElection.java:askForVotes(178)) - 1c196293-af28-4849-9284-4cc1dd56b0a0@group-D617FFE7CF0E-LeaderElection83: begin an election at term 28 for -1: [efdea5f7-0978-4608-8df8-907f93177c26:192.168.164.253:40628, 27e27663-33d5-44e8-9c0f-eb0e3c2aee11:192.168.164.253:35650, 1c196293-af28-4849-9284-4cc1dd56b0a0:192.168.164.253:43223], old=null
2019-10-18 00:28:17,344 [grpc-default-executor-5] INFO  impl.RaftServerImpl (RaftServerImpl.java:setRole(184)) - 27e27663-33d5-44e8-9c0f-eb0e3c2aee11@group-D617FFE7CF0E: changes role from  FOLLOWER to FOLLOWER at term 28 for recognizeCandidate:1c196293-af28-4849-9284-4cc1dd56b0a0
2019-10-18 00:28:17,344 [grpc-default-executor-6] INFO  impl.RaftServerImpl (RaftServerImpl.java:setRole(184)) - efdea5f7-0978-4608-8df8-907f93177c26@group-D617FFE7CF0E: changes role from  FOLLOWER to FOLLOWER at term 28 for recognizeCandidate:1c196293-af28-4849-9284-4cc1dd56b0a0
2019-10-18 00:28:17,344 [grpc-default-executor-5] INFO  impl.RoleInfo (RoleInfo.java:shutdownFollowerState(121)) - 27e27663-33d5-44e8-9c0f-eb0e3c2aee11: shutdown FollowerState
2019-10-18 00:28:17,344 [grpc-default-executor-6] INFO  impl.RoleInfo (RoleInfo.java:shutdownFollowerState(121)) - efdea5f7-0978-4608-8df8-907f93177c26: shutdown FollowerState
2019-10-18 00:28:17,345 [grpc-default-executor-5] INFO  impl.RoleInfo (RoleInfo.java:updateAndGet(143)) - 27e27663-33d5-44e8-9c0f-eb0e3c2aee11: start FollowerState
2019-10-18 00:28:17,345 [Thread-1118] INFO  impl.FollowerState (FollowerState.java:run(117)) - efdea5f7-0978-4608-8df8-907f93177c26@group-D617FFE7CF0E-FollowerState was interrupted: java.lang.InterruptedException: sleep interrupted
2019-10-18 00:28:17,345 [grpc-default-executor-6] INFO  impl.RoleInfo (RoleInfo.java:updateAndGet(143)) - efdea5f7-0978-4608-8df8-907f93177c26: start FollowerState
2019-10-18 00:28:17,345 [Thread-1117] INFO  impl.FollowerState (FollowerState.java:run(117)) - 27e27663-33d5-44e8-9c0f-eb0e3c2aee11@group-D617FFE7CF0E-FollowerState was interrupted: java.lang.InterruptedException: sleep interrupted
2019-10-18 00:28:17,368 [1c196293-af28-4849-9284-4cc1dd56b0a0@group-D617FFE7CF0E-LeaderElection83] INFO  impl.LeaderElection (LeaderElection.java:logAndReturn(56)) - 1c196293-af28-4849-9284-4cc1dd56b0a0@group-D617FFE7CF0E-LeaderElection83: Election REJECTED; received 2 response(s) [1c196293-af28-4849-9284-4cc1dd56b0a0<-efdea5f7-0978-4608-8df8-907f93177c26#0:FAIL-t28, 1c196293-af28-4849-9284-4cc1dd56b0a0<-27e27663-33d5-44e8-9c0f-eb0e3c2aee11#0:FAIL-t28] and 0 exception(s); 1c196293-af28-4849-9284-4cc1dd56b0a0@group-D617FFE7CF0E:t28, leader=null, voted=1c196293-af28-4849-9284-4cc1dd56b0a0, raftlog=1c196293-af28-4849-9284-4cc1dd56b0a0@group-D617FFE7CF0E-SegmentedRaftLog:OPENED:c-1,f-1,i0, conf=-1: [efdea5f7-0978-4608-8df8-907f93177c26:192.168.164.253:40628, 27e27663-33d5-44e8-9c0f-eb0e3c2aee11:192.168.164.253:35650, 1c196293-af28-4849-9284-4cc1dd56b0a0:192.168.164.253:43223], old=null
2019-10-18 00:28:17,368 [1c196293-af28-4849-9284-4cc1dd56b0a0@group-D617FFE7CF0E-LeaderElection83] INFO  impl.RaftServerImpl (RaftServerImpl.java:setRole(184)) - 1c196293-af28-4849-9284-4cc1dd56b0a0@group-D617FFE7CF0E: changes role from CANDIDATE to FOLLOWER at term 28 for DISCOVERED_A_NEW_TERM
2019-10-18 00:28:17,368 [1c196293-af28-4849-9284-4cc1dd56b0a0@group-D617FFE7CF0E-LeaderElection83] INFO  impl.RoleInfo (RoleInfo.java:shutdownLeaderElection(134)) - 1c196293-af28-4849-9284-4cc1dd56b0a0: shutdown LeaderElection
2019-10-18 00:28:17,369 [1c196293-af28-4849-9284-4cc1dd56b0a0@group-D617FFE7CF0E-LeaderElection83] INFO  impl.RoleInfo (RoleInfo.java:updateAndGet(143)) - 1c196293-af28-4849-9284-4cc1dd56b0a0: start FollowerState
2019-10-18 00:28:17,460 [Thread-1124] INFO  impl.FollowerState (FollowerState.java:run(108)) - 27e27663-33d5-44e8-9c0f-eb0e3c2aee11@group-0E05BCBC6A81-FollowerState: change to CANDIDATE, lastRpcTime:175ms, electionTimeout:175ms
2019-10-18 00:28:17,460 [Thread-1124] INFO  impl.RoleInfo (RoleInfo.java:shutdownFollowerState(121)) - 27e27663-33d5-44e8-9c0f-eb0e3c2aee11: shutdown FollowerState
2019-10-18 00:28:17,460 [Thread-1124] INFO  impl.RaftServerImpl (RaftServerImpl.java:setRole(184)) - 27e27663-33d5-44e8-9c0f-eb0e3c2aee11@group-0E05BCBC6A81: changes role from  FOLLOWER to CANDIDATE at term 58 for changeToCandidate
2019-10-18 00:28:17,460 [Thread-1124] INFO  impl.RoleInfo (RoleInfo.java:updateAndGet(143)) - 27e27663-33d5-44e8-9c0f-eb0e3c2aee11: start LeaderElection
2019-10-18 00:28:17,502 [27e27663-33d5-44e8-9c0f-eb0e3c2aee11@group-0E05BCBC6A81-LeaderElection84] INFO  impl.LeaderElection (LeaderElection.java:askForVotes(178)) - 27e27663-33d5-44e8-9c0f-eb0e3c2aee11@group-0E05BCBC6A81-LeaderElection84: begin an election at term 59 for 0: [efdea5f7-0978-4608-8df8-907f93177c26:192.168.164.253:40628, 27e27663-33d5-44e8-9c0f-eb0e3c2aee11:192.168.164.253:35650, 1c196293-af28-4849-9284-4cc1dd56b0a0:192.168.164.253:43223], old=null
2019-10-18 00:28:17,505 [grpc-default-executor-6] INFO  impl.RaftServerImpl (RaftServerImpl.java:setRole(184)) - efdea5f7-0978-4608-8df8-907f93177c26@group-0E05BCBC6A81: changes role from  FOLLOWER to FOLLOWER at term 59 for recognizeCandidate:27e27663-33d5-44e8-9c0f-eb0e3c2aee11
2019-10-18 00:28:17,505 [grpc-default-executor-6] INFO  impl.RoleInfo (RoleInfo.java:shutdownFollowerState(121)) - efdea5f7-0978-4608-8df8-907f93177c26: shutdown FollowerState
2019-10-18 00:28:17,505 [grpc-default-executor-5] INFO  impl.RaftServerImpl (RaftServerImpl.java:setRole(184)) - 1c196293-af28-4849-9284-4cc1dd56b0a0@group-0E05BCBC6A81: changes role from  FOLLOWER to FOLLOWER at term 59 for recognizeCandidate:27e27663-33d5-44e8-9c0f-eb0e3c2aee11
2019-10-18 00:28:17,505 [Thread-1121] INFO  impl.FollowerState (FollowerState.java:run(117)) - efdea5f7-0978-4608-8df8-907f93177c26@group-0E05BCBC6A81-FollowerState was interrupted: java.lang.InterruptedException: sleep interrupted
2019-10-18 00:28:17,505 [grpc-default-executor-6] INFO  impl.RoleInfo (RoleInfo.java:updateAndGet(143)) - efdea5f7-0978-4608-8df8-907f93177c26: start FollowerState
2019-10-18 00:28:17,506 [grpc-default-executor-5] INFO  impl.RoleInfo (RoleInfo.java:shutdownFollowerState(121)) - 1c196293-af28-4849-9284-4cc1dd56b0a0: shutdown FollowerState
2019-10-18 00:28:17,506 [grpc-default-executor-5] INFO  impl.RoleInfo (RoleInfo.java:updateAndGet(143)) - 1c196293-af28-4849-9284-4cc1dd56b0a0: start FollowerState
2019-10-18 00:28:17,506 [Thread-1122] INFO  impl.FollowerState (FollowerState.java:run(117)) - 1c196293-af28-4849-9284-4cc1dd56b0a0@group-0E05BCBC6A81-FollowerState was interrupted: java.lang.InterruptedException: sleep interrupted
2019-10-18 00:28:17,518 [Thread-1130] INFO  impl.FollowerState (FollowerState.java:run(108)) - 1c196293-af28-4849-9284-4cc1dd56b0a0@group-D617FFE7CF0E-FollowerState: change to CANDIDATE, lastRpcTime:149ms, electionTimeout:149ms
2019-10-18 00:28:17,518 [Thread-1130] INFO  impl.RoleInfo (RoleInfo.java:shutdownFollowerState(121)) - 1c196293-af28-4849-9284-4cc1dd56b0a0: shutdown FollowerState
2019-10-18 00:28:17,518 [Thread-1130] INFO  impl.RaftServerImpl (RaftServerImpl.java:setRole(184)) - 1c196293-af28-4849-9284-4cc1dd56b0a0@group-D617FFE7CF0E: changes role from  FOLLOWER to CANDIDATE at term 28 for changeToCandidate
2019-10-18 00:28:17,519 [Thread-1130] INFO  impl.RoleInfo (RoleInfo.java:updateAndGet(143)) - 1c196293-af28-4849-9284-4cc1dd56b0a0: start LeaderElection
2019-10-18 00:28:17,529 [27e27663-33d5-44e8-9c0f-eb0e3c2aee11@group-0E05BCBC6A81-LeaderElection84] INFO  impl.LeaderElection (LeaderElection.java:logAndReturn(56)) - 27e27663-33d5-44e8-9c0f-eb0e3c2aee11@group-0E05BCBC6A81-LeaderElection84: Election REJECTED; received 2 response(s) [27e27663-33d5-44e8-9c0f-eb0e3c2aee11<-efdea5f7-0978-4608-8df8-907f93177c26#0:FAIL-t59, 27e27663-33d5-44e8-9c0f-eb0e3c2aee11<-1c196293-af28-4849-9284-4cc1dd56b0a0#0:FAIL-t59] and 0 exception(s); 27e27663-33d5-44e8-9c0f-eb0e3c2aee11@group-0E05BCBC6A81:t59, leader=null, voted=27e27663-33d5-44e8-9c0f-eb0e3c2aee11, raftlog=27e27663-33d5-44e8-9c0f-eb0e3c2aee11@group-0E05BCBC6A81-SegmentedRaftLog:OPENED:c3,f4,i4, conf=0: [efdea5f7-0978-4608-8df8-907f93177c26:192.168.164.253:40628, 27e27663-33d5-44e8-9c0f-eb0e3c2aee11:192.168.164.253:35650, 1c196293-af28-4849-9284-4cc1dd56b0a0:192.168.164.253:43223], old=null
2019-10-18 00:28:17,529 [27e27663-33d5-44e8-9c0f-eb0e3c2aee11@group-0E05BCBC6A81-LeaderElection84] INFO  impl.RaftServerImpl (RaftServerImpl.java:setRole(184)) - 27e27663-33d5-44e8-9c0f-eb0e3c2aee11@group-0E05BCBC6A81: changes role from CANDIDATE to FOLLOWER at term 59 for DISCOVERED_A_NEW_TERM
2019-10-18 00:28:17,529 [27e27663-33d5-44e8-9c0f-eb0e3c2aee11@group-0E05BCBC6A81-LeaderElection84] INFO  impl.RoleInfo (RoleInfo.java:shutdownLeaderElection(134)) - 27e27663-33d5-44e8-9c0f-eb0e3c2aee11: shutdown LeaderElection
2019-10-18 00:28:17,529 [27e27663-33d5-44e8-9c0f-eb0e3c2aee11@group-0E05BCBC6A81-LeaderElection84] INFO  impl.RoleInfo (RoleInfo.java:updateAndGet(143)) - 27e27663-33d5-44e8-9c0f-eb0e3c2aee11: start FollowerState
2019-10-18 00:28:17,545 [1c196293-af28-4849-9284-4cc1dd56b0a0@group-D617FFE7CF0E-LeaderElection85] INFO  impl.LeaderElection (LeaderElection.java:askForVotes(178)) - 1c196293-af28-4849-9284-4cc1dd56b0a0@group-D617FFE7CF0E-LeaderElection85: begin an election at term 29 for -1: [efdea5f7-0978-4608-8df8-907f93177c26:192.168.164.253:40628, 27e27663-33d5-44e8-9c0f-eb0e3c2aee11:192.168.164.253:35650, 1c196293-af28-4849-9284-4cc1dd56b0a0:192.168.164.253:43223], old=null
2019-10-18 00:28:17,547 [grpc-default-executor-6] INFO  impl.RaftServerImpl (RaftServerImpl.java:setRole(184)) - efdea5f7-0978-4608-8df8-907f93177c26@group-D617FFE7CF0E: changes role from  FOLLOWER to FOLLOWER at term 29 for recognizeCandidate:1c196293-af28-4849-9284-4cc1dd56b0a0
2019-10-18 00:28:17,547 [grpc-default-executor-6] INFO  impl.RoleInfo (RoleInfo.java:shutdownFollowerState(121)) - efdea5f7-0978-4608-8df8-907f93177c26: shutdown FollowerState
2019-10-18 00:28:17,547 [grpc-default-executor-6] INFO  impl.RoleInfo (RoleInfo.java:updateAndGet(143)) - efdea5f7-0978-4608-8df8-907f93177c26: start FollowerState
2019-10-18 00:28:17,547 [Thread-1129] INFO  impl.FollowerState (FollowerState.java:run(117)) - efdea5f7-0978-4608-8df8-907f93177c26@group-D617FFE7CF0E-FollowerState was interrupted: java.lang.InterruptedException: sleep interrupted
2019-10-18 00:28:17,547 [grpc-default-executor-5] INFO  impl.RaftServerImpl (RaftServerImpl.java:setRole(184)) - 27e27663-33d5-44e8-9c0f-eb0e3c2aee11@group-D617FFE7CF0E: changes role from  FOLLOWER to FOLLOWER at term 29 for recognizeCandidate:1c196293-af28-4849-9284-4cc1dd56b0a0
2019-10-18 00:28:17,548 [grpc-default-executor-5] INFO  impl.RoleInfo (RoleInfo.java:shutdownFollowerState(121)) - 27e27663-33d5-44e8-9c0f-eb0e3c2aee11: shutdown FollowerState
2019-10-18 00:28:17,548 [grpc-default-executor-5] INFO  impl.RoleInfo (RoleInfo.java:updateAndGet(143)) - 27e27663-33d5-44e8-9c0f-eb0e3c2aee11: start FollowerState
2019-10-18 00:28:17,548 [Thread-1128] INFO  impl.FollowerState (FollowerState.java:run(117)) - 27e27663-33d5-44e8-9c0f-eb0e3c2aee11@group-D617FFE7CF0E-FollowerState was interrupted: java.lang.InterruptedException: sleep interrupted
2019-10-18 00:28:17,571 [1c196293-af28-4849-9284-4cc1dd56b0a0@group-D617FFE7CF0E-LeaderElection85] INFO  impl.LeaderElection (LeaderElection.java:logAndReturn(56)) - 1c196293-af28-4849-9284-4cc1dd56b0a0@group-D617FFE7CF0E-LeaderElection85: Election REJECTED; received 2 response(s) [1c196293-af28-4849-9284-4cc1dd56b0a0<-efdea5f7-0978-4608-8df8-907f93177c26#0:FAIL-t29, 1c196293-af28-4849-9284-4cc1dd56b0a0<-27e27663-33d5-44e8-9c0f-eb0e3c2aee11#0:FAIL-t29] and 0 exception(s); 1c196293-af28-4849-9284-4cc1dd56b0a0@group-D617FFE7CF0E:t29, leader=null, voted=1c196293-af28-4849-9284-4cc1dd56b0a0, raftlog=1c196293-af28-4849-9284-4cc1dd56b0a0@group-D617FFE7CF0E-SegmentedRaftLog:OPENED:c-1,f-1,i0, conf=-1: [efdea5f7-0978-4608-8df8-907f93177c26:192.168.164.253:40628, 27e27663-33d5-44e8-9c0f-eb0e3c2aee11:192.168.164.253:35650, 1c196293-af28-4849-9284-4cc1dd56b0a0:192.168.164.253:43223], old=null
2019-10-18 00:28:17,571 [1c196293-af28-4849-9284-4cc1dd56b0a0@group-D617FFE7CF0E-LeaderElection85] INFO  impl.RaftServerImpl (RaftServerImpl.java:setRole(184)) - 1c196293-af28-4849-9284-4cc1dd56b0a0@group-D617FFE7CF0E: changes role from CANDIDATE to FOLLOWER at term 29 for DISCOVERED_A_NEW_TERM
2019-10-18 00:28:17,571 [1c196293-af28-4849-9284-4cc1dd56b0a0@group-D617FFE7CF0E-LeaderElection85] INFO  impl.RoleInfo (RoleInfo.java:shutdownLeaderElection(134)) - 1c196293-af28-4849-9284-4cc1dd56b0a0: shutdown LeaderElection
2019-10-18 00:28:17,572 [1c196293-af28-4849-9284-4cc1dd56b0a0@group-D617FFE7CF0E-LeaderElection85] INFO  impl.RoleInfo (RoleInfo.java:updateAndGet(143)) - 1c196293-af28-4849-9284-4cc1dd56b0a0: start FollowerState
2019-10-18 00:28:17,690 [Thread-1137] INFO  impl.FollowerState (FollowerState.java:run(108)) - 27e27663-33d5-44e8-9c0f-eb0e3c2aee11@group-0E05BCBC6A81-FollowerState: change to CANDIDATE, lastRpcTime:160ms, electionTimeout:160ms
2019-10-18 00:28:17,690 [Thread-1137] INFO  impl.RoleInfo (RoleInfo.java:shutdownFollowerState(121)) - 27e27663-33d5-44e8-9c0f-eb0e3c2aee11: shutdown FollowerState
2019-10-18 00:28:17,690 [Thread-1137] INFO  impl.RaftServerImpl (RaftServerImpl.java:setRole(184)) - 27e27663-33d5-44e8-9c0f-eb0e3c2aee11@group-0E05BCBC6A81: changes role from  FOLLOWER to CANDIDATE at term 59 for changeToCandidate
2019-10-18 00:28:17,690 [Thread-1137] INFO  impl.RoleInfo (RoleInfo.java:updateAndGet(143)) - 27e27663-33d5-44e8-9c0f-eb0e3c2aee11: start LeaderElection
2019-10-18 00:28:17,718 [Thread-1142] INFO  impl.FollowerState (FollowerState.java:run(108)) - 1c196293-af28-4849-9284-4cc1dd56b0a0@group-D617FFE7CF0E-FollowerState: change to CANDIDATE, lastRpcTime:146ms, electionTimeout:146ms
2019-10-18 00:28:17,718 [Thread-1142] INFO  impl.RoleInfo (RoleInfo.java:shutdownFollowerState(121)) - 1c196293-af28-4849-9284-4cc1dd56b0a0: shutdown FollowerState
2019-10-18 00:28:17,718 [Thread-1142] INFO  impl.RaftServerImpl (RaftServerImpl.java:setRole(184)) - 1c196293-af28-4849-9284-4cc1dd56b0a0@group-D617FFE7CF0E: changes role from  FOLLOWER to CANDIDATE at term 29 for changeToCandidate
2019-10-18 00:28:17,718 [Thread-1142] INFO  impl.RoleInfo (RoleInfo.java:updateAndGet(143)) - 1c196293-af28-4849-9284-4cc1dd56b0a0: start LeaderElection
2019-10-18 00:28:17,721 [27e27663-33d5-44e8-9c0f-eb0e3c2aee11@group-0E05BCBC6A81-LeaderElection86] INFO  impl.LeaderElection (LeaderElection.java:askForVotes(178)) - 27e27663-33d5-44e8-9c0f-eb0e3c2aee11@group-0E05BCBC6A81-LeaderElection86: begin an election at term 60 for 0: [efdea5f7-0978-4608-8df8-907f93177c26:192.168.164.253:40628, 27e27663-33d5-44e8-9c0f-eb0e3c2aee11:192.168.164.253:35650, 1c196293-af28-4849-9284-4cc1dd56b0a0:192.168.164.253:43223], old=null
2019-10-18 00:28:17,723 [grpc-default-executor-6] INFO  impl.RaftServerImpl (RaftServerImpl.java:setRole(184)) - efdea5f7-0978-4608-8df8-907f93177c26@group-0E05BCBC6A81: changes role from  FOLLOWER to FOLLOWER at term 60 for recognizeCandidate:27e27663-33d5-44e8-9c0f-eb0e3c2aee11
2019-10-18 00:28:17,723 [grpc-default-executor-6] INFO  impl.RoleInfo (RoleInfo.java:shutdownFollowerState(121)) - efdea5f7-0978-4608-8df8-907f93177c26: shutdown FollowerState
2019-10-18 00:28:17,723 [grpc-default-executor-5] INFO  impl.RaftServerImpl (RaftServerImpl.java:setRole(184)) - 1c196293-af28-4849-9284-4cc1dd56b0a0@group-0E05BCBC6A81: changes role from  FOLLOWER to FOLLOWER at term 60 for recognizeCandidate:27e27663-33d5-44e8-9c0f-eb0e3c2aee11
2019-10-18 00:28:17,723 [Thread-1134] INFO  impl.FollowerState (FollowerState.java:run(117)) - efdea5f7-0978-4608-8df8-907f93177c26@group-0E05BCBC6A81-FollowerState was interrupted: java.lang.InterruptedException: sleep interrupted
2019-10-18 00:28:17,723 [grpc-default-executor-6] INFO  impl.RoleInfo (RoleInfo.java:updateAndGet(143)) - efdea5f7-0978-4608-8df8-907f93177c26: start FollowerState
2019-10-18 00:28:17,723 [grpc-default-executor-5] INFO  impl.RoleInfo (RoleInfo.java:shutdownFollowerState(121)) - 1c196293-af28-4849-9284-4cc1dd56b0a0: shutdown FollowerState
2019-10-18 00:28:17,724 [Thread-1135] INFO  impl.FollowerState (FollowerState.java:run(117)) - 1c196293-af28-4849-9284-4cc1dd56b0a0@group-0E05BCBC6A81-FollowerState was interrupted: java.lang.InterruptedException: sleep interrupted
2019-10-18 00:28:17,724 [grpc-default-executor-5] INFO  impl.RoleInfo (RoleInfo.java:updateAndGet(143)) - 1c196293-af28-4849-9284-4cc1dd56b0a0: start FollowerState
2019-10-18 00:28:17,746 [1c196293-af28-4849-9284-4cc1dd56b0a0@group-D617FFE7CF0E-LeaderElection87] INFO  impl.LeaderElection (LeaderElection.java:askForVotes(178)) - 1c196293-af28-4849-9284-4cc1dd56b0a0@group-D617FFE7CF0E-LeaderElection87: begin an election at term 30 for -1: [efdea5f7-0978-4608-8df8-907f93177c26:192.168.164.253:40628, 27e27663-33d5-44e8-9c0f-eb0e3c2aee11:192.168.164.253:35650, 1c196293-af28-4849-9284-4cc1dd56b0a0:192.168.164.253:43223], old=null
2019-10-18 00:28:17,747 [27e27663-33d5-44e8-9c0f-eb0e3c2aee11@group-0E05BCBC6A81-LeaderElection86] INFO  impl.LeaderElection (LeaderElection.java:logAndReturn(56)) - 27e27663-33d5-44e8-9c0f-eb0e3c2aee11@group-0E05BCBC6A81-LeaderElection86: Election REJECTED; received 2 response(s) [27e27663-33d5-44e8-9c0f-eb0e3c2aee11<-efdea5f7-0978-4608-8df8-907f93177c26#0:FAIL-t60, 27e27663-33d5-44e8-9c0f-eb0e3c2aee11<-1c196293-af28-4849-9284-4cc1dd56b0a0#0:FAIL-t60] and 0 exception(s); 27e27663-33d5-44e8-9c0f-eb0e3c2aee11@group-0E05BCBC6A81:t60, leader=null, voted=27e27663-33d5-44e8-9c0f-eb0e3c2aee11, raftlog=27e27663-33d5-44e8-9c0f-eb0e3c2aee11@group-0E05BCBC6A81-SegmentedRaftLog:OPENED:c3,f4,i4, conf=0: [efdea5f7-0978-4608-8df8-907f93177c26:192.168.164.253:40628, 27e27663-33d5-44e8-9c0f-eb0e3c2aee11:192.168.164.253:35650, 1c196293-af28-4849-9284-4cc1dd56b0a0:192.168.164.253:43223], old=null
2019-10-18 00:28:17,747 [27e27663-33d5-44e8-9c0f-eb0e3c2aee11@group-0E05BCBC6A81-LeaderElection86] INFO  impl.RaftServerImpl (RaftServerImpl.java:setRole(184)) - 27e27663-33d5-44e8-9c0f-eb0e3c2aee11@group-0E05BCBC6A81: changes role from CANDIDATE to FOLLOWER at term 60 for DISCOVERED_A_NEW_TERM
2019-10-18 00:28:17,748 [27e27663-33d5-44e8-9c0f-eb0e3c2aee11@group-0E05BCBC6A81-LeaderElection86] INFO  impl.RoleInfo (RoleInfo.java:shutdownLeaderElection(134)) - 27e27663-33d5-44e8-9c0f-eb0e3c2aee11: shutdown LeaderElection
2019-10-18 00:28:17,748 [27e27663-33d5-44e8-9c0f-eb0e3c2aee11@group-0E05BCBC6A81-LeaderElection86] INFO  impl.RoleInfo (RoleInfo.java:updateAndGet(143)) - 27e27663-33d5-44e8-9c0f-eb0e3c2aee11: start FollowerState
2019-10-18 00:28:17,749 [grpc-default-executor-5] INFO  impl.RaftServerImpl (RaftServerImpl.java:setRole(184)) - efdea5f7-0978-4608-8df8-907f93177c26@group-D617FFE7CF0E: changes role from  FOLLOWER to FOLLOWER at term 30 for recognizeCandidate:1c196293-af28-4849-9284-4cc1dd56b0a0
2019-10-18 00:28:17,749 [grpc-default-executor-5] INFO  impl.RoleInfo (RoleInfo.java:shutdownFollowerState(121)) - efdea5f7-0978-4608-8df8-907f93177c26: shutdown FollowerState
2019-10-18 00:28:17,749 [grpc-default-executor-6] INFO  impl.RaftServerImpl (RaftServerImpl.java:setRole(184)) - 27e27663-33d5-44e8-9c0f-eb0e3c2aee11@group-D617FFE7CF0E: changes role from  FOLLOWER to FOLLOWER at term 30 for recognizeCandidate:1c196293-af28-4849-9284-4cc1dd56b0a0
2019-10-18 00:28:17,749 [Thread-1140] INFO  impl.FollowerState (FollowerState.java:run(117)) - efdea5f7-0978-4608-8df8-907f93177c26@group-D617FFE7CF0E-FollowerState was interrupted: java.lang.InterruptedException: sleep interrupted
2019-10-18 00:28:17,749 [grpc-default-executor-5] INFO  impl.RoleInfo (RoleInfo.java:updateAndGet(143)) - efdea5f7-0978-4608-8df8-907f93177c26: start FollowerState
2019-10-18 00:28:17,749 [grpc-default-executor-6] INFO  impl.RoleInfo (RoleInfo.java:shutdownFollowerState(121)) - 27e27663-33d5-44e8-9c0f-eb0e3c2aee11: shutdown FollowerState
2019-10-18 00:28:17,750 [grpc-default-executor-6] INFO  impl.RoleInfo (RoleInfo.java:updateAndGet(143)) - 27e27663-33d5-44e8-9c0f-eb0e3c2aee11: start FollowerState
2019-10-18 00:28:17,750 [Thread-1141] INFO  impl.FollowerState (FollowerState.java:run(117)) - 27e27663-33d5-44e8-9c0f-eb0e3c2aee11@group-D617FFE7CF0E-FollowerState was interrupted: java.lang.InterruptedException: sleep interrupted
]]></system-out>
    <system-err><![CDATA[ERROR StatusLogger No Log4j 2 configuration file found. Using default configuration (logging only errors to the console), or user programmatically provided configurations. Set system property 'log4j2.debug' to show Log4j 2 internal initialization logging. See https://logging.apache.org/log4j/2.x/manual/configuration.html for instructions on how to configure Log4j 2
Oct 18, 2019 12:26:30 AM org.apache.ratis.thirdparty.io.grpc.internal.SerializingExecutor run
SEVERE: Exception while executing runnable org.apache.ratis.thirdparty.io.grpc.internal.ServerImpl$JumpToApplicationThreadServerStreamListener$1Closed@76968890
org.apache.ratis.thirdparty.io.grpc.StatusRuntimeException: CANCELLED: call already cancelled
	at org.apache.ratis.thirdparty.io.grpc.Status.asRuntimeException(Status.java:517)
	at org.apache.ratis.thirdparty.io.grpc.stub.ServerCalls$ServerCallStreamObserverImpl.onCompleted(ServerCalls.java:356)
	at org.apache.ratis.grpc.server.GrpcServerProtocolService$ServerRequestStreamObserver.onError(GrpcServerProtocolService.java:121)
	at org.apache.ratis.thirdparty.io.grpc.stub.ServerCalls$StreamingServerCallHandler$StreamingServerCallListener.onCancel(ServerCalls.java:269)
	at org.apache.ratis.thirdparty.io.grpc.internal.ServerCallImpl$ServerStreamListenerImpl.closed(ServerCallImpl.java:293)
	at org.apache.ratis.thirdparty.io.grpc.internal.ServerImpl$JumpToApplicationThreadServerStreamListener$1Closed.runInContext(ServerImpl.java:741)
	at org.apache.ratis.thirdparty.io.grpc.internal.ContextRunnable.run(ContextRunnable.java:37)
	at org.apache.ratis.thirdparty.io.grpc.internal.SerializingExecutor.run(SerializingExecutor.java:123)
	at java.util.concurrent.ThreadPoolExecutor.runWorker(ThreadPoolExecutor.java:1149)
	at java.util.concurrent.ThreadPoolExecutor$Worker.run(ThreadPoolExecutor.java:624)
	at java.lang.Thread.run(Thread.java:748)

Oct 18, 2019 12:26:30 AM org.apache.ratis.thirdparty.io.grpc.internal.SerializingExecutor run
SEVERE: Exception while executing runnable org.apache.ratis.thirdparty.io.grpc.internal.ClientCallImpl$ClientStreamListenerImpl$1StreamClosed@78caa059
java.lang.NullPointerException
	at org.apache.ratis.grpc.server.GrpcLogAppender$AppendLogResponseHandler.onError(GrpcLogAppender.java:303)
	at org.apache.ratis.thirdparty.io.grpc.stub.ClientCalls$StreamObserverToCallListenerAdapter.onClose(ClientCalls.java:434)
	at org.apache.ratis.thirdparty.io.grpc.PartialForwardingClientCallListener.onClose(PartialForwardingClientCallListener.java:39)
	at org.apache.ratis.thirdparty.io.grpc.ForwardingClientCallListener.onClose(ForwardingClientCallListener.java:23)
	at org.apache.ratis.thirdparty.io.grpc.ForwardingClientCallListener$SimpleForwardingClientCallListener.onClose(ForwardingClientCallListener.java:40)
	at org.apache.ratis.thirdparty.io.grpc.internal.CensusStatsModule$StatsClientInterceptor$1$1.onClose(CensusStatsModule.java:678)
	at org.apache.ratis.thirdparty.io.grpc.PartialForwardingClientCallListener.onClose(PartialForwardingClientCallListener.java:39)
	at org.apache.ratis.thirdparty.io.grpc.ForwardingClientCallListener.onClose(ForwardingClientCallListener.java:23)
	at org.apache.ratis.thirdparty.io.grpc.ForwardingClientCallListener$SimpleForwardingClientCallListener.onClose(ForwardingClientCallListener.java:40)
	at org.apache.ratis.thirdparty.io.grpc.internal.CensusTracingModule$TracingClientInterceptor$1$1.onClose(CensusTracingModule.java:397)
	at org.apache.ratis.thirdparty.io.grpc.internal.ClientCallImpl.closeObserver(ClientCallImpl.java:459)
	at org.apache.ratis.thirdparty.io.grpc.internal.ClientCallImpl.access$300(ClientCallImpl.java:63)
	at org.apache.ratis.thirdparty.io.grpc.internal.ClientCallImpl$ClientStreamListenerImpl.close(ClientCallImpl.java:546)
	at org.apache.ratis.thirdparty.io.grpc.internal.ClientCallImpl$ClientStreamListenerImpl.access$600(ClientCallImpl.java:467)
	at org.apache.ratis.thirdparty.io.grpc.internal.ClientCallImpl$ClientStreamListenerImpl$1StreamClosed.runInContext(ClientCallImpl.java:584)
	at org.apache.ratis.thirdparty.io.grpc.internal.ContextRunnable.run(ContextRunnable.java:37)
	at org.apache.ratis.thirdparty.io.grpc.internal.SerializingExecutor.run(SerializingExecutor.java:123)
	at java.util.concurrent.ThreadPoolExecutor.runWorker(ThreadPoolExecutor.java:1149)
	at java.util.concurrent.ThreadPoolExecutor$Worker.run(ThreadPoolExecutor.java:624)
	at java.lang.Thread.run(Thread.java:748)

]]></system-err>
  </testcase>
</testsuite>